Started by user Gordon
Notifying endpoint with url 'https://leeroy.dockerproject.org/notification/jenkins'
[EnvInject] - Loading node environment variables.
Building remotely on azure-windows-rs5-2 (windows-rs5) in workspace /gopath/src/github.com/docker/docker
Wiping out workspace first.
Cloning the remote Git repository
Cloning repository https://github.com/moby/moby.git
 > git init C:\gopath\src\github.com\docker\docker # timeout=10
Fetching upstream changes from https://github.com/moby/moby.git
 > git --version # timeout=10
 > git fetch --tags --progress https://github.com/moby/moby.git +refs/heads/*:refs/remotes/origin/*
 > git config remote.origin.url https://github.com/moby/moby.git # timeout=10
 > git config --add remote.origin.fetch +refs/heads/*:refs/remotes/origin/* # timeout=10
 > git config remote.origin.url https://github.com/moby/moby.git # timeout=10
Fetching upstream changes from https://github.com/moby/moby.git
 > git fetch --tags --progress https://github.com/moby/moby.git +refs/heads/*:refs/remotes/origin/*
 > git rev-parse "origin/master^{commit}" # timeout=10
Checking out Revision e0e9942dc5466884e7b2ef5c509a9dab33c4a01a (origin/master)
 > git config core.sparsecheckout # timeout=10
 > git checkout -f e0e9942dc5466884e7b2ef5c509a9dab33c4a01a
Commit message: "Merge pull request #38419 from thaJeztah/fix_nuke_everything"
 > git rev-list --no-walk e0e9942dc5466884e7b2ef5c509a9dab33c4a01a # timeout=10
Set build name.
New build name is '#38467'
[docker] $ sh -xe C:\Users\jenkins\jenkins7356806123238801568.sh
+ git fetch origin +refs/pull/38467/head:refs/remotes/origin/pr/38467
From https://github.com/moby/moby
 * [new ref]               refs/pull/38467/head -> origin/pr/38467
+ git merge origin/pr/38467
Merge made by the 'recursive' strategy.
 api/server/httputils/errors.go      | 101 +++++++++++++++++++++++++++++++
 api/server/httputils/errors_test.go | 115 ++++++++++++++++++++++++++++++++++++
 client/checkpoint_create_test.go    |   4 ++
 client/checkpoint_delete_test.go    |   4 ++
 client/checkpoint_list_test.go      |   4 ++
 client/config_create_test.go        |   4 ++
 client/config_inspect_test.go       |   4 ++
 client/config_list_test.go          |   4 ++
 client/config_remove_test.go        |   4 ++
 client/config_update_test.go        |   4 ++
 client/container_commit_test.go     |   4 ++
 client/container_copy_test.go       |  10 ++++
 client/container_create.go          |   4 --
 client/container_create_test.go     |   9 ++-
 client/container_diff_test.go       |   5 +-
 client/container_exec_test.go       |  10 ++++
 client/container_export_test.go     |   5 ++
 client/container_inspect_test.go    |   4 ++
 client/container_kill_test.go       |   5 ++
 client/container_list_test.go       |   4 ++
 client/container_pause_test.go      |   5 ++
 client/container_rename_test.go     |   5 ++
 client/container_resize_test.go     |   7 +++
 client/container_restart_test.go    |   5 ++
 client/container_start_test.go      |   4 ++
 client/container_stats_test.go      |   5 ++
 client/container_stop_test.go       |   5 ++
 client/container_top_test.go        |   4 ++
 client/container_unpause_test.go    |   5 ++
 client/container_update_test.go     |   4 ++
 client/container_wait_test.go       |   4 ++
 client/disk_usage_test.go           |   4 ++
 client/errors.go                    |  27 +++++----
 client/events_test.go               |   4 ++
 client/image_build_test.go          |   4 ++
 client/image_create_test.go         |   4 ++
 client/image_history_test.go        |   4 ++
 client/image_import_test.go         |   4 ++
 client/image_inspect_test.go        |   4 ++
 client/image_list_test.go           |   4 ++
 client/image_load_test.go           |   5 ++
 client/image_pull_test.go           |   4 ++
 client/image_push_test.go           |   4 ++
 client/image_save_test.go           |   5 ++
 client/image_search_test.go         |   4 ++
 client/image_tag_test.go            |   5 ++
 client/info_test.go                 |   8 ++-
 client/network_connect_test.go      |   4 ++
 client/network_create_test.go       |   4 ++
 client/network_disconnect_test.go   |   4 ++
 client/network_list_test.go         |   4 ++
 client/network_prune_test.go        |   4 ++
 client/network_remove_test.go       |   5 ++
 client/node_inspect_test.go         |   4 ++
 client/node_list_test.go            |   4 ++
 client/node_remove_test.go          |   4 ++
 client/node_update_test.go          |   4 ++
 client/ping.go                      |   6 +-
 client/plugin_disable_test.go       |   4 ++
 client/plugin_enable_test.go        |   4 ++
 client/plugin_inspect_test.go       |   4 ++
 client/plugin_list_test.go          |   4 ++
 client/plugin_push_test.go          |   5 ++
 client/plugin_remove_test.go        |   4 ++
 client/plugin_set_test.go           |   5 ++
 client/request.go                   |  18 +++---
 client/request_test.go              |   4 ++
 client/secret_create_test.go        |   4 ++
 client/secret_inspect_test.go       |   4 ++
 client/secret_list_test.go          |   4 ++
 client/secret_remove_test.go        |   4 ++
 client/secret_update_test.go        |   4 ++
 client/service_create_test.go       |   4 ++
 client/service_inspect_test.go      |   4 ++
 client/service_list_test.go         |   4 ++
 client/service_update_test.go       |   4 ++
 client/swarm_init_test.go           |   4 ++
 client/swarm_inspect_test.go        |   4 ++
 client/swarm_join_test.go           |   4 ++
 client/swarm_leave_test.go          |   5 ++
 client/swarm_unlock_test.go         |   4 ++
 client/swarm_update_test.go         |   4 ++
 client/task_inspect_test.go         |   4 ++
 client/task_list_test.go            |   4 ++
 client/volume_create_test.go        |   4 ++
 client/volume_list_test.go          |   4 ++
 client/volume_remove_test.go        |   5 ++
 errdefs/helpers.go                  |  55 +++++++++--------
 88 files changed, 637 insertions(+), 54 deletions(-)
 create mode 100644 api/server/httputils/errors_test.go
[docker] $ powershell.exe -NonInteractive -ExecutionPolicy ByPass "& 'C:\Users\jenkins\jenkins8138208274666062257.ps1'"

INFO: executeCI.ps1 starting at Tue Jan  1 15:21:18 CUT 2019

INFO: Script version 28-Aug-2018 09:33 PDT
INFO: Running git version 2.18.0.windows.1
INFO: Branch:rs5_release Build:17763.1.180914-1434
INFO: Environment variables:

Name                           Value                                                                                   
----                           -----                                                                                   
_                              /cygdrive/c/ProgramData/Oracle/Java/javapath/java                                       
ALLUSERSPROFILE                C:\ProgramData                                                                          
APPDATA                        C:\Users\jenkins\AppData\Roaming                                                        
BASE_BRANCH                    master                                                                                  
BUILD_CAUSE                    MANUALTRIGGER                                                                           
BUILD_CAUSE_MANUALTRIGGER      true                                                                                    
BUILD_DISPLAY_NAME             #38467                                                                                  
BUILD_ID                       934                                                                                     
BUILD_NUMBER                   934                                                                                     
BUILD_TAG                      jenkins-Docker-PRs-WoW-RS5-Process-934                                                  
BUILD_URL                      https://jenkins.dockerproject.org/job/Docker-PRs-WoW-RS5-Process/934/                   
CommonProgramFiles             C:\Program Files\Common Files                                                           
CommonProgramFiles(x86)        C:\Program Files (x86)\Common Files                                                     
CommonProgramW6432             C:\Program Files\Common Files                                                           
COMPUTERNAME                   jenkins-rs5-2                                                                           
COMSPEC                        C:\Windows\system32\cmd.exe                                                             
ConfigSet                      rs                                                                                      
CYGWIN                         binmode ntsec                                                                           
DriverData                     C:\Windows\System32\Drivers\DriverData                                                  
EXECUTOR_NUMBER                0                                                                                       
GIT_AUTHOR_EMAIL               janky@dockerproject.org                                                                 
GIT_AUTHOR_NAME                Docker Jenkins                                                                          
GIT_BASE_REPO                  moby/moby                                                                               
GIT_BRANCH                     origin/master                                                                           
GIT_COMMIT                     e0e9942dc5466884e7b2ef5c509a9dab33c4a01a                                                
GIT_COMMITTER_EMAIL            janky@dockerproject.org                                                                 
GIT_COMMITTER_NAME             Docker Jenkins                                                                          
GIT_HEAD_REPO                  thaJeztah/docker                                                                        
GIT_PREVIOUS_COMMIT            e0e9942dc5466884e7b2ef5c509a9dab33c4a01a                                                
GIT_PREVIOUS_SUCCESSFUL_COMMIT e0e9942dc5466884e7b2ef5c509a9dab33c4a01a                                                
GIT_SHA1                       fc418e6ba0f449de8ae4c652d48194fcffd81ee4                                                
GIT_URL                        https://github.com/moby/moby.git                                                        
GITHUB_URL                     https://github.com/moby/moby/pull/38467                                                 
HOME                           C:\cygwin\home\jenkins                                                                  
HOMEDRIVE                      C:                                                                                      
HOMEPATH                       \cygwin\home\jenkins                                                                    
HUDSON_COOKIE                  fdaeb208-283a-4461-ad91-f23b5f56e1ac                                                    
HUDSON_HOME                    /var/jenkins_home                                                                       
HUDSON_SERVER_COOKIE           5654907fc74b1465                                                                        
HUDSON_URL                     https://jenkins.dockerproject.org/                                                      
JENKINS_HOME                   /var/jenkins_home                                                                       
JENKINS_SERVER_COOKIE          5654907fc74b1465                                                                        
JENKINS_URL                    https://jenkins.dockerproject.org/                                                      
JOB_BASE_NAME                  Docker-PRs-WoW-RS5-Process                                                              
JOB_DISPLAY_URL                https://jenkins.dockerproject.org/job/Docker-PRs-WoW-RS5-Process/display/redirect       
JOB_NAME                       Docker-PRs-WoW-RS5-Process                                                              
JOB_URL                        https://jenkins.dockerproject.org/job/Docker-PRs-WoW-RS5-Process/                       
LOCALAPPDATA                   C:\Users\jenkins\AppData\Local                                                          
LOGNAME                        jenkins                                                                                 
LOGONSERVER                    \\jenkins-rs5-2                                                                         
MAIL                           /var/spool/mail//jenkins                                                                
NODE_LABELS                    azure-windows-rs5-2 windows-rs5                                                         
NODE_NAME                      azure-windows-rs5-2                                                                     
NUMBER_OF_PROCESSORS           4                                                                                       
OLDPWD                         /home/jenkins                                                                           
OS                             Windows_NT                                                                              
PATH                           C:\cygwin\bin;C:\ProgramData\Oracle\Java\javapath;C:\pstools;C:\Program Files\Notepad...
PATHEXT                        .COM;.EXE;.BAT;.CMD;.VBS;.VBE;.JS;.JSE;.WSF;.WSH;.MSC;.CPL                              
PR                             38467                                                                                   
PROCESSOR_ARCHITECTURE         AMD64                                                                                   
PROCESSOR_IDENTIFIER           Intel64 Family 6 Model 79 Stepping 1, GenuineIntel                                      
PROCESSOR_LEVEL                6                                                                                       
PROCESSOR_REVISION             4f01                                                                                    
ProgramData                    C:\ProgramData                                                                          
PROGRAMFILES                   C:\Program Files                                                                        
ProgramFiles(x86)              C:\Program Files (x86)                                                                  
ProgramW6432                   C:\Program Files                                                                        
PSExecutionPolicyPreference    Bypass                                                                                  
PSModulePath                   C:\Users\jenkins\Documents\WindowsPowerShell\Modules;C:\Program Files\WindowsPowerShe...
PUBLIC                         C:\Users\Public                                                                         
PWD                            /cygdrive/c/workspace                                                                   
ROOT_BUILD_CAUSE               MANUALTRIGGER                                                                           
ROOT_BUILD_CAUSE_MANUALTRIGGER true                                                                                    
RUN_CHANGES_DISPLAY_URL        https://jenkins.dockerproject.org/job/Docker-PRs-WoW-RS5-Process/934/display/redirect...
RUN_DISPLAY_URL                https://jenkins.dockerproject.org/job/Docker-PRs-WoW-RS5-Process/934/display/redirect   
SHELL                          /bin/bash                                                                               
SHLVL                          1                                                                                       
SOURCES_DRIVE                  c                                                                                       
SOURCES_SUBDIR                 gopath                                                                                  
SSH_CLIENT                     52.88.204.51 46979 22                                                                   
SSH_CONNECTION                 52.88.204.51 46979 10.0.0.21 22                                                         
SYSTEMDRIVE                    C:                                                                                      
SYSTEMROOT                     C:\Windows                                                                              
TEMP                           d:\temp                                                                                 
TESTRUN_DRIVE                  d                                                                                       
TESTRUN_SUBDIR                 CI                                                                                      
USER                           jenkins                                                                                 
USERDOMAIN                     jenkins-rs5-2                                                                           
USERNAME                       jenkins                                                                                 
USERPROFILE                    C:\Users\jenkins                                                                        
WINDIR                         C:\Windows                                                                              
WORKSPACE                      /gopath/src/github.com/docker/docker                                                    



INFO: PR#38467 (https://github.com/docker/docker/pull/38467)
INFO: Sources under c:\gopath\...
INFO: Test run under d:\CI\...
INFO: Running in C:\gopath\src\github.com\docker\docker
INFO: docker/docker repository was found
INFO: Image microsoft/windowsservercore:latest is already loaded in the control daemon
INFO: Version of microsoft/windowsservercore:latest is '10.0.17763.1'
INFO: Docker version of control daemon

Client:
 Version:           master-dockerproject-2018-09-18
 API version:       1.39
 Go version:        go1.10.4
 Git commit:        b4180e87
 Built:             Tue Sep 18 23:49:29 2018
 OS/Arch:           windows/amd64
 Experimental:      false

Server:
 Engine:
  Version:          master-dockerproject-2018-09-18
  API version:      1.39 (minimum version 1.24)
  Go version:       go1.11
  Git commit:       d6a7c22
  Built:            Tue Sep 18 23:58:14 2018
  OS/Arch:          windows/amd64
  Experimental:     false

INFO: Docker info of control daemon

Containers: 0
 Running: 0
 Paused: 0
 Stopped: 0
Images: 7
Server Version: master-dockerproject-2018-09-18
Storage Driver: windowsfilter
 Windows: 
Logging Driver: json-file
Plugins:
 Volume: local
 Network: ics l2bridge l2tunnel nat null overlay transparent
 Log: awslogs etwlogs fluentd gcplogs gelf json-file local logentries splunk syslog
Swarm: inactive
Default Isolation: process
Kernel Version: 10.0 17763 (17763.1.amd64fre.rs5_release.180914-1434)
Operating System: Windows Server 2019 Datacenter Version 1809 (OS Build 17763.1)
OSType: windows
Architecture: x86_64
CPUs: 4
Total Memory: 16GiB
Name: jenkins-rs5-2
ID: MVRJ:ZJZM:J33H:P3FY:TDVA:MMIJ:GADO:SKKO:I2UB:KHSQ:Z642:ST2M
Docker Root Dir: D:\control
Debug Mode (client): false
Debug Mode (server): false
Registry: https://index.docker.io/v1/
Labels:
Experimental: false
Insecure Registries:
 127.0.0.0/8
Live Restore Enabled: false


INFO: Commit hash is 4973b4201f
INFO: Nuke-Everything...
INFO: Container count on control daemon to delete is 0
INFO: Nuking d:\CI
ERROR:  hcsshim::DestroyLayer - Win32 API call returned error r1=0x80070020 err=The process cannot access the file because it is being used by another process.id=CI flavour=0
INFO: Location for testing is d:\CI\CI-4973b4201f
INFO: Validating GOLang consistency in Dockerfile.windows...


INFO: Building the image from Dockerfile.windows at 01/01/2019 15:21:22...

Sending build context to Docker daemon   46.4MB

Step 1/7 : FROM microsoft/windowsservercore
 ---> e523d49b4b94
Step 2/7 : SHELL ["powershell", "-Command", "$ErrorActionPreference = 'Stop'; $ProgressPreference = 'SilentlyContinue';"]
 ---> Using cache
 ---> 527e359caaa1
Step 3/7 : ENV GO_VERSION=1.11.4     GIT_VERSION=2.11.1     GOPATH=C:\go     FROM_DOCKERFILE=1
 ---> Using cache
 ---> 9fda0fa6832c
Step 4/7 : RUN   Function Test-Nano() {     $EditionId = (Get-ItemProperty -Path 'HKLM:\SOFTWARE\Microsoft\Windows NT\CurrentVersion' -Name 'EditionID').EditionId;     return (($EditionId -eq 'ServerStandardNano') -or ($EditionId -eq 'ServerDataCenterNano') -or ($EditionId -eq 'NanoServer'));   }    Function Download-File([string] $source, [string] $target) {     if (Test-Nano) {       $handler = New-Object System.Net.Http.HttpClientHandler;       $client = New-Object System.Net.Http.HttpClient($handler);       $client.Timeout = New-Object System.TimeSpan(0, 30, 0);       $cancelTokenSource = [System.Threading.CancellationTokenSource]::new();       $responseMsg = $client.GetAsync([System.Uri]::new($source), $cancelTokenSource.Token);       $responseMsg.Wait();       if (!$responseMsg.IsCanceled) {         $response = $responseMsg.Result;         if ($response.IsSuccessStatusCode) {           $downloadedFileStream = [System.IO.FileStream]::new($target, [System.IO.FileMode]::Create, [System.IO.FileAccess]::Write);           $copyStreamOp = $response.Content.CopyToAsync($downloadedFileStream);           $copyStreamOp.Wait();           $downloadedFileStream.Close();           if ($copyStreamOp.Exception -ne $null) { throw $copyStreamOp.Exception }         }       } else {       Throw ("Failed to download " + $source)       }    } else {       $webClient = New-Object System.Net.WebClient;       $webClient.DownloadFile($source, $target);     }   }     setx /M PATH $('C:\git\cmd;C:\git\usr\bin;'+$Env:PATH+';C:\gcc\bin;C:\go\bin');     Write-Host INFO: Downloading git...;   $location='https://www.nuget.org/api/v2/package/GitForWindows/'+$Env:GIT_VERSION;   Download-File $location C:\gitsetup.zip;     Write-Host INFO: Downloading go...;   Download-File $('https://golang.org/dl/go'+$Env:GO_VERSION+'.windows-amd64.zip') C:\go.zip;     Write-Host INFO: Downloading compiler 1 of 3...;   Download-File https://raw.githubusercontent.com/jhowardmsft/docker-tdmgcc/master/gcc.zip C:\gcc.zip;     Write-Host INFO: Downloading compiler 2 of 3...;   Download-File https://raw.githubusercontent.com/jhowardmsft/docker-tdmgcc/master/runtime.zip C:\runtime.zip;     Write-Host INFO: Downloading compiler 3 of 3...;   Download-File https://raw.githubusercontent.com/jhowardmsft/docker-tdmgcc/master/binutils.zip C:\binutils.zip;     Write-Host INFO: Extracting git...;   Expand-Archive C:\gitsetup.zip C:\git-tmp;   New-Item -Type Directory C:\git | Out-Null;   Move-Item C:\git-tmp\tools\* C:\git\.;   Remove-Item -Recurse -Force C:\git-tmp;     Write-Host INFO: Expanding go...;   Expand-Archive C:\go.zip -DestinationPath C:\;     Write-Host INFO: Expanding compiler 1 of 3...;   Expand-Archive C:\gcc.zip -DestinationPath C:\gcc -Force;   Write-Host INFO: Expanding compiler 2 of 3...;   Expand-Archive C:\runtime.zip -DestinationPath C:\gcc -Force;   Write-Host INFO: Expanding compiler 3 of 3...;   Expand-Archive C:\binutils.zip -DestinationPath C:\gcc -Force;     Write-Host INFO: Removing downloaded files...;   Remove-Item C:\gcc.zip;   Remove-Item C:\runtime.zip;   Remove-Item C:\binutils.zip;   Remove-Item C:\gitsetup.zip;     Write-Host INFO: Creating source directory...;   New-Item -ItemType Directory -Path C:\go\src\github.com\docker\docker | Out-Null;     Write-Host INFO: Configuring git core.autocrlf...;   C:\git\cmd\git config --global core.autocrlf true;     Write-Host INFO: Completed
 ---> Using cache
 ---> 9294127bb133
Step 5/7 : ENTRYPOINT ["powershell.exe"]
 ---> Using cache
 ---> 50e5881bd088
Step 6/7 : WORKDIR C:\go\src\github.com\docker\docker
 ---> Using cache
 ---> 4fca7a7a3797
Step 7/7 : COPY . .
 ---> 5a578f5e5615
Successfully built 5a578f5e5615
Successfully tagged docker:latest
INFO: Image build ended at 01/01/2019 15:21:56. Duration:00:00:33.4791171


INFO: Building the test binaries at 01/01/2019 15:21:56...
INFO: make.ps1 starting at 01/01/2019 15:21:58
INFO: Git commit (4973b4201f) assumed from DOCKER_GITCOMMIT environment variable
INFO: Invoking autogen...
INFO: Building daemon...
INFO: Downloading docker/cli version 17.06.0-ce from edge...

 ________   ____  __.
 \_____  \ |    |/ _|
 /   |   \|      <
 /    |    \    |  \
 \_______  /____|__ \
         \/        \/

INFO: make.ps1 ended at 01/01/2019 15:23:04
INFO: Binaries build ended at 01/01/2019 15:23:06. Duration:00:01:09.7773638
INFO: Copying the built daemon binary to d:\CI\CI-4973b4201f\binary\dockerd-4973b4201f.exe...
INFO: Copying the built client binary to d:\CI\CI-4973b4201f\binary\docker-4973b4201f.exe...
INFO: Copying dockerversion from the container...
INFO: Copying the golang package from the container to d:\CI\CI-4973b4201f\installer\go.zip...
INFO: Extracting go.zip to d:\CI\CI-4973b4201f\go
INFO: Extraction ended at 01/01/2019 15:23:32. Duration:00:00:23.2012555
INFO: Updating the golang and path environment variables
INFO: GOPATH=c:\gopath
INFO: go version go1.11.4 windows/amd64
INFO: Starting a daemon under test...
INFO: Args: -H tcp://0.0.0.0:2357 --data-root d:\CI\CI-4973b4201f\daemon --pidfile d:\CI\CI-4973b4201f\docker.pid
INFO: Process started successfully.
INFO: Waiting for the daemon under test to start...
INFO: Daemon under test started and replied!
INFO: Docker version of the daemon under test

Client:
 Version:      17.06.0-ce
 API version:  1.30
 Go version:   go1.8.3
 Git commit:   02c1d87
 Built:        Fri Jun 23 21:30:30 2017
 OS/Arch:      windows/amd64

Server:
 Version:      0.0.0-dev
 API version:  1.40 (minimum version 1.24)
 Go version:   go1.11.4
 Git commit:   4973b4201f
 Built:        01/01/2019 15:21:58
 OS/Arch:      windows/amd64
 Experimental: false

INFO: Docker info of the daemon under test

Containers: 0
 Running: 0
 Paused: 0
 Stopped: 0
Images: 0
Server Version: 0.0.0-dev
Storage Driver: windowsfilter
 Windows: 
Logging Driver: json-file
Plugins: 
 Volume: local
 Network: ics l2bridge l2tunnel nat null overlay transparent
 Log: awslogs etwlogs fluentd gcplogs gelf json-file local logentries splunk syslog
Swarm: inactive
Default Isolation: process
Kernel Version: 10.0 17763 (17763.1.amd64fre.rs5_release.180914-1434)
Operating System: Windows Server 2019 Datacenter Version 1809 (OS Build 17763.1)
OSType: windows
Architecture: x86_64
CPUs: 4
Total Memory: 16GiB
Name: jenkins-rs5-2
ID: OOVU:XJ6X:SYEA:7SAJ:AHSO:JLMU:3RKW:YASX:MGLH:AIRE:CGTX:GTMF
Docker Root Dir: D:\CI\CI-4973b4201f\daemon
Debug Mode (client): false
Debug Mode (server): false
Registry: https://index.docker.io/v1/
Labels:
Experimental: false
Insecure Registries:
 127.0.0.0/8
Live Restore Enabled: false


INFO: Docker images of the daemon under test

REPOSITORY          TAG                 IMAGE ID            CREATED             SIZE

INFO: Base image for tests is microsoft/windowsservercore
INFO: Loading windowsservercore .tar from disk into the daemon under test. This may take some time...
Loaded image: microsoft/windowsservercore:10.0.17763.1
Loaded image: microsoft/windowsservercore:latest
INFO: docker load of windowsservercore  into daemon under test completed successfully
INFO: Version of microsoft/windowsservercore:latest is '10.0.17763.1'
INFO: Running validation tests at 01/01/2019 15:26:04...
INFO: make.ps1 starting at 01/01/2019 15:26:04
INFO: Validating Developer Certificate of Origin...
Congratulations!  All commits are properly signed with the DCO!
INFO: Validating go formatting on changed files...
Checking api\server\httputils\errors.go
Checking api\server\httputils\errors_test.go
Checking client\checkpoint_create_test.go
Checking client\checkpoint_delete_test.go
Checking client\checkpoint_list_test.go
Checking client\config_create_test.go
Checking client\config_inspect_test.go
Checking client\config_list_test.go
Checking client\config_remove_test.go
Checking client\config_update_test.go
Checking client\container_commit_test.go
Checking client\container_copy_test.go
Checking client\container_create.go
Checking client\container_create_test.go
Checking client\container_diff_test.go
Checking client\container_exec_test.go
Checking client\container_export_test.go
Checking client\container_inspect_test.go
Checking client\container_kill_test.go
Checking client\container_list_test.go
Checking client\container_pause_test.go
Checking client\container_rename_test.go
Checking client\container_resize_test.go
Checking client\container_restart_test.go
Checking client\container_start_test.go
Checking client\container_stats_test.go
Checking client\container_stop_test.go
Checking client\container_top_test.go
Checking client\container_unpause_test.go
Checking client\container_update_test.go
Checking client\container_wait_test.go
Checking client\disk_usage_test.go
Checking client\errors.go
Checking client\events_test.go
Checking client\image_build_test.go
Checking client\image_create_test.go
Checking client\image_history_test.go
Checking client\image_import_test.go
Checking client\image_inspect_test.go
Checking client\image_list_test.go
Checking client\image_load_test.go
Checking client\image_pull_test.go
Checking client\image_push_test.go
Checking client\image_save_test.go
Checking client\image_search_test.go
Checking client\image_tag_test.go
Checking client\info_test.go
Checking client\network_connect_test.go
Checking client\network_create_test.go
Checking client\network_disconnect_test.go
Checking client\network_list_test.go
Checking client\network_prune_test.go
Checking client\network_remove_test.go
Checking client\node_inspect_test.go
Checking client\node_list_test.go
Checking client\node_remove_test.go
Checking client\node_update_test.go
Checking client\ping.go
Checking client\plugin_disable_test.go
Checking client\plugin_enable_test.go
Checking client\plugin_inspect_test.go
Checking client\plugin_list_test.go
Checking client\plugin_push_test.go
Checking client\plugin_remove_test.go
Checking client\plugin_set_test.go
Checking client\request.go
Checking client\request_test.go
Checking client\secret_create_test.go
Checking client\secret_inspect_test.go
Checking client\secret_list_test.go
Checking client\secret_remove_test.go
Checking client\secret_update_test.go
Checking client\service_create_test.go
Checking client\service_inspect_test.go
Checking client\service_list_test.go
Checking client\service_update_test.go
Checking client\swarm_init_test.go
Checking client\swarm_inspect_test.go
Checking client\swarm_join_test.go
Checking client\swarm_leave_test.go
Checking client\swarm_unlock_test.go
Checking client\swarm_update_test.go
Checking client\task_inspect_test.go
Checking client\task_list_test.go
Checking client\volume_create_test.go
Checking client\volume_list_test.go
Checking client\volume_remove_test.go
Checking errdefs\helpers.go
Congratulations!  All Go source files are properly formatted.
INFO: Validating pkg import isolation...
Congratulations!  ".\pkg\*.go" is safely isolated from internal code.
INFO: make.ps1 ended at 01/01/2019 15:26:11
INFO: Validation tests ended at 01/01/2019 15:26:11. Duration:00:00:06.7156451
INFO: Running unit tests at 01/01/2019 15:26:11...
INFO: make.ps1 starting at 01/01/2019 15:26:13
INFO: Git commit (4973b4201f) assumed from DOCKER_GITCOMMIT environment variable
INFO: Invoking autogen...
INFO: Running unit tests...
?   	github.com/docker/docker/api	[no test files]
ok  	github.com/docker/docker/api/server	0.080s	coverage: 7.9% of statements
?   	github.com/docker/docker/api/server/backend/build	[no test files]
ok  	github.com/docker/docker/api/server/httputils	0.064s	coverage: 22.3% of statements
ok  	github.com/docker/docker/api/server/middleware	0.067s	coverage: 43.4% of statements
?   	github.com/docker/docker/api/server/router	[no test files]
?   	github.com/docker/docker/api/server/router/build	[no test files]
?   	github.com/docker/docker/api/server/router/checkpoint	[no test files]
?   	github.com/docker/docker/api/server/router/container	[no test files]
?   	github.com/docker/docker/api/server/router/debug	[no test files]
?   	github.com/docker/docker/api/server/router/distribution	[no test files]
?   	github.com/docker/docker/api/server/router/image	[no test files]
?   	github.com/docker/docker/api/server/router/network	[no test files]
?   	github.com/docker/docker/api/server/router/plugin	[no test files]
?   	github.com/docker/docker/api/server/router/session	[no test files]
?   	github.com/docker/docker/api/server/router/swarm	[no test files]
?   	github.com/docker/docker/api/server/router/system	[no test files]
?   	github.com/docker/docker/api/server/router/volume	[no test files]
?   	github.com/docker/docker/api/types	[no test files]
?   	github.com/docker/docker/api/types/backend	[no test files]
?   	github.com/docker/docker/api/types/blkiodev	[no test files]
?   	github.com/docker/docker/api/types/container	[no test files]
?   	github.com/docker/docker/api/types/events	[no test files]
ok  	github.com/docker/docker/api/types/filters	0.058s	coverage: 94.2% of statements
?   	github.com/docker/docker/api/types/image	[no test files]
?   	github.com/docker/docker/api/types/mount	[no test files]
?   	github.com/docker/docker/api/types/network	[no test files]
?   	github.com/docker/docker/api/types/plugins/logdriver	[no test files]
?   	github.com/docker/docker/api/types/registry	[no test files]
ok  	github.com/docker/docker/api/types/strslice	0.070s	coverage: 90.0% of statements
?   	github.com/docker/docker/api/types/swarm	[no test files]
?   	github.com/docker/docker/api/types/swarm/runtime	[no test files]
ok  	github.com/docker/docker/api/types/time	0.360s	coverage: 100.0% of statements
ok  	github.com/docker/docker/api/types/versions	0.045s	coverage: 75.0% of statements
?   	github.com/docker/docker/api/types/versions/v1p19	[no test files]
?   	github.com/docker/docker/api/types/versions/v1p20	[no test files]
?   	github.com/docker/docker/api/types/volume	[no test files]
?   	github.com/docker/docker/autogen/winresources/docker	[no test files]
?   	github.com/docker/docker/autogen/winresources/dockerd	[no test files]
?   	github.com/docker/docker/builder	[no test files]
?   	github.com/docker/docker/builder/builder-next	[no test files]
?   	github.com/docker/docker/builder/builder-next/adapters/containerimage	[no test files]
?   	github.com/docker/docker/builder/builder-next/adapters/snapshot	[no test files]
?   	github.com/docker/docker/builder/builder-next/exporter	[no test files]
?   	github.com/docker/docker/builder/builder-next/imagerefchecker	[no test files]
?   	github.com/docker/docker/builder/builder-next/worker	[no test files]
ok  	github.com/docker/docker/builder/dockerfile	0.188s	coverage: 43.2% of statements
ok  	github.com/docker/docker/builder/dockerignore	0.060s	coverage: 96.8% of statements
ok  	github.com/docker/docker/builder/fscache	0.564s	coverage: 69.5% of statements
ok  	github.com/docker/docker/builder/remotecontext	0.274s	coverage: 9.3% of statements
ok  	github.com/docker/docker/builder/remotecontext/git	32.252s	coverage: 78.8% of statements
?   	github.com/docker/docker/cli	[no test files]
?   	github.com/docker/docker/cli/config	[no test files]
ok  	github.com/docker/docker/cli/debug	0.075s	coverage: 100.0% of statements
--- FAIL: TestInfoInvalidResponseJSONError (0.00s)
    info_test.go:41: expected a 'invalid character' error, got Error reading remote info: invalid character 'i' looking for beginning of value *errors.errorString
2019/01/01 15:27:53 RoundTripper returned a response & error; ignoring response
FAIL
coverage: 75.0% of statements
FAIL	github.com/docker/docker/client	0.376s
ok  	github.com/docker/docker/cmd/dockerd	0.248s	coverage: 18.0% of statements
ok  	github.com/docker/docker/container	0.258s	coverage: 42.8% of statements
?   	github.com/docker/docker/container/stream	[no test files]
?   	github.com/docker/docker/contrib/apparmor	[no test files]
?   	github.com/docker/docker/contrib/docker-device-tool	[no test files]
?   	github.com/docker/docker/contrib/httpserver	[no test files]
ok  	github.com/docker/docker/daemon	3.282s	coverage: 8.3% of statements
ok  	github.com/docker/docker/daemon/cluster	1.474s	coverage: 0.5% of statements
ok  	github.com/docker/docker/daemon/cluster/controllers/plugin	0.134s	coverage: 65.3% of statements
ok  	github.com/docker/docker/daemon/cluster/convert	0.322s	coverage: 28.0% of statements
?   	github.com/docker/docker/daemon/cluster/executor	[no test files]
ok  	github.com/docker/docker/daemon/cluster/executor/container	0.735s	coverage: 9.9% of statements
?   	github.com/docker/docker/daemon/cluster/provider	[no test files]
ok  	github.com/docker/docker/daemon/config	0.494s	coverage: 81.8% of statements
ok  	github.com/docker/docker/daemon/discovery	0.252s	coverage: 30.4% of statements
ok  	github.com/docker/docker/daemon/events	0.309s	coverage: 50.0% of statements
?   	github.com/docker/docker/daemon/events/testutils	[no test files]
?   	github.com/docker/docker/daemon/exec	[no test files]
ok  	github.com/docker/docker/daemon/graphdriver	0.093s	coverage: 2.3% of statements
?   	github.com/docker/docker/daemon/graphdriver/btrfs	[no test files]
?   	github.com/docker/docker/daemon/graphdriver/devmapper	[no test files]
?   	github.com/docker/docker/daemon/graphdriver/graphtest	[no test files]
?   	github.com/docker/docker/daemon/graphdriver/lcow	[no test files]
?   	github.com/docker/docker/daemon/graphdriver/overlay	[no test files]
?   	github.com/docker/docker/daemon/graphdriver/overlay2	[no test files]
?   	github.com/docker/docker/daemon/graphdriver/quota	[no test files]
?   	github.com/docker/docker/daemon/graphdriver/register	[no test files]
?   	github.com/docker/docker/daemon/graphdriver/vfs	[no test files]
?   	github.com/docker/docker/daemon/graphdriver/windows	[no test files]
?   	github.com/docker/docker/daemon/graphdriver/zfs	[no test files]
ok  	github.com/docker/docker/daemon/images	0.540s	coverage: 4.9% of statements
?   	github.com/docker/docker/daemon/initlayer	[no test files]
ok  	github.com/docker/docker/daemon/links	0.655s	coverage: 93.0% of statements
?   	github.com/docker/docker/daemon/listeners	[no test files]
ok  	github.com/docker/docker/daemon/logger	0.330s	coverage: 44.0% of statements
ok  	github.com/docker/docker/daemon/logger/awslogs	0.655s	coverage: 71.7% of statements
?   	github.com/docker/docker/daemon/logger/etwlogs	[no test files]
?   	github.com/docker/docker/daemon/logger/fluentd	[no test files]
?   	github.com/docker/docker/daemon/logger/gcplogs	[no test files]
?   	github.com/docker/docker/daemon/logger/gelf	[no test files]
?   	github.com/docker/docker/daemon/logger/journald	[no test files]
ok  	github.com/docker/docker/daemon/logger/jsonfilelog	0.485s	coverage: 62.1% of statements
ok  	github.com/docker/docker/daemon/logger/jsonfilelog/jsonlog	0.300s	coverage: 88.3% of statements
ok  	github.com/docker/docker/daemon/logger/local	0.250s	coverage: 74.7% of statements
?   	github.com/docker/docker/daemon/logger/logentries	[no test files]
ok  	github.com/docker/docker/daemon/logger/loggerutils	0.102s	coverage: 18.1% of statements
ok  	github.com/docker/docker/daemon/logger/splunk	2.444s	coverage: 84.5% of statements
ok  	github.com/docker/docker/daemon/logger/syslog	0.266s	coverage: 47.8% of statements
ok  	github.com/docker/docker/daemon/logger/templates	0.187s	coverage: 8.3% of statements
?   	github.com/docker/docker/daemon/names	[no test files]
?   	github.com/docker/docker/daemon/network	[no test files]
?   	github.com/docker/docker/daemon/stats	[no test files]
ok  	github.com/docker/docker/distribution	1.282s	coverage: 15.6% of statements
ok  	github.com/docker/docker/distribution/metadata	1.000s	coverage: 48.2% of statements
?   	github.com/docker/docker/distribution/utils	[no test files]
ok  	github.com/docker/docker/distribution/xfer	1.652s	coverage: 61.7% of statements
?   	github.com/docker/docker/dockerversion	[no test files]
ok  	github.com/docker/docker/errdefs	0.036s	coverage: 76.0% of statements
ok  	github.com/docker/docker/hack/integration-cli-on-swarm/agent/master	0.113s	coverage: 11.3% of statements
?   	github.com/docker/docker/hack/integration-cli-on-swarm/agent/types	[no test files]
?   	github.com/docker/docker/hack/integration-cli-on-swarm/agent/worker	[no test files]
ok  	github.com/docker/docker/hack/integration-cli-on-swarm/host	0.093s	coverage: 3.6% of statements
ok  	github.com/docker/docker/image	0.878s	coverage: 86.3% of statements
ok  	github.com/docker/docker/image/cache	0.230s	coverage: 19.2% of statements
?   	github.com/docker/docker/image/tarexport	[no test files]
ok  	github.com/docker/docker/image/v1	0.113s	coverage: 25.0% of statements
?   	github.com/docker/docker/internal/test	[no test files]
?   	github.com/docker/docker/internal/test/daemon	[no test files]
?   	github.com/docker/docker/internal/test/environment	[no test files]
?   	github.com/docker/docker/internal/test/fakecontext	[no test files]
?   	github.com/docker/docker/internal/test/fakegit	[no test files]
?   	github.com/docker/docker/internal/test/fakestorage	[no test files]
?   	github.com/docker/docker/internal/test/fixtures/load	[no test files]
?   	github.com/docker/docker/internal/test/fixtures/plugin	[no test files]
?   	github.com/docker/docker/internal/test/fixtures/plugin/basic	[no test files]
?   	github.com/docker/docker/internal/test/registry	[no test files]
?   	github.com/docker/docker/internal/test/request	[no test files]
ok  	github.com/docker/docker/internal/testutil	0.177s	coverage: 62.5% of statements
ok  	github.com/docker/docker/layer	0.329s	coverage: 28.2% of statements
ok  	github.com/docker/docker/libcontainerd	0.119s	coverage: 3.7% of statements
?   	github.com/docker/docker/libcontainerd/supervisor	[no test files]
?   	github.com/docker/docker/oci	[no test files]
?   	github.com/docker/docker/oci/caps	[no test files]
ok  	github.com/docker/docker/opts	0.091s	coverage: 68.7% of statements
ok  	github.com/docker/docker/pkg/aaparser	0.038s	coverage: 50.0% of statements
ok  	github.com/docker/docker/pkg/archive	10.199s	coverage: 62.2% of statements
ok  	github.com/docker/docker/pkg/authorization	0.707s	coverage: 26.2% of statements
ok  	github.com/docker/docker/pkg/broadcaster	0.039s	coverage: 100.0% of statements
ok  	github.com/docker/docker/pkg/chrootarchive	0.100s	coverage: 13.3% of statements
?   	github.com/docker/docker/pkg/containerfs	[no test files]
?   	github.com/docker/docker/pkg/devicemapper	[no test files]
ok  	github.com/docker/docker/pkg/directory	0.052s	coverage: 80.0% of statements
ok  	github.com/docker/docker/pkg/discovery	0.093s	coverage: 58.3% of statements
ok  	github.com/docker/docker/pkg/discovery/file	0.060s	coverage: 92.9% of statements
ok  	github.com/docker/docker/pkg/discovery/kv	3.241s	coverage: 84.1% of statements
ok  	github.com/docker/docker/pkg/discovery/memory	0.116s	coverage: 92.3% of statements
ok  	github.com/docker/docker/pkg/discovery/nodes	0.046s	coverage: 93.8% of statements
ok  	github.com/docker/docker/pkg/filenotify	0.100s	coverage: 38.2% of statements
ok  	github.com/docker/docker/pkg/fileutils	0.084s	coverage: 87.7% of statements
ok  	github.com/docker/docker/pkg/homedir	0.043s	coverage: 75.0% of statements
?   	github.com/docker/docker/pkg/idtools	[no test files]
ok  	github.com/docker/docker/pkg/ioutils	0.610s	coverage: 69.1% of statements
ok  	github.com/docker/docker/pkg/jsonmessage	0.214s	coverage: 88.3% of statements
ok  	github.com/docker/docker/pkg/locker	0.055s	coverage: 88.9% of statements
ok  	github.com/docker/docker/pkg/longpath	0.041s	coverage: 100.0% of statements
?   	github.com/docker/docker/pkg/mount	[no test files]
ok  	github.com/docker/docker/pkg/namesgenerator	0.056s	coverage: 85.7% of statements
?   	github.com/docker/docker/pkg/namesgenerator/cmd/names-generator	[no test files]
ok  	github.com/docker/docker/pkg/parsers	0.109s	coverage: 97.0% of statements
?   	github.com/docker/docker/pkg/parsers/kernel	[no test files]
?   	github.com/docker/docker/pkg/parsers/operatingsystem	[no test files]
ok  	github.com/docker/docker/pkg/pidfile	0.045s	coverage: 82.6% of statements
?   	github.com/docker/docker/pkg/platform	[no test files]
?   	github.com/docker/docker/pkg/plugingetter	[no test files]
2019/01/01 15:29:06 http: panic serving 127.0.0.1:49219: Plugin not ready
goroutine 23 [running]:
net/http.(*conn).serve.func1(0xc000050a00)
	c:/go/src/net/http/server.go:1746 +0xd7
panic(0x7eb7c0, 0x8f3fc0)
	c:/go/src/runtime/panic.go:513 +0x1c7
github.com/docker/docker/pkg/plugins.TestFailOnce.func1(0x8fbf20, 0xc000140000, 0xc0000fa300)
	c:/go/src/github.com/docker/docker/pkg/plugins/client_test.go:55 +0x56
net/http.HandlerFunc.ServeHTTP(0xc00003c030, 0x8fbf20, 0xc000140000, 0xc0000fa300)
	c:/go/src/net/http/server.go:1964 +0x4b
net/http.(*ServeMux).ServeHTTP(0xc000106060, 0x8fbf20, 0xc000140000, 0xc0000fa300)
	c:/go/src/net/http/server.go:2361 +0x12e
net/http.serverHandler.ServeHTTP(0xc000116000, 0x8fbf20, 0xc000140000, 0xc0000fa300)
	c:/go/src/net/http/server.go:2741 +0xb2
net/http.(*conn).serve(0xc000050a00, 0x8fc2a0, 0xc000054a00)
	c:/go/src/net/http/server.go:1847 +0x64d
created by net/http.(*Server).Serve
	c:/go/src/net/http/server.go:2851 +0x2fc
time="2019-01-01T15:29:06Z" level=warning msg="Unable to connect to plugin: 127.0.0.1:49218/Test.FailOnce: Post http://127.0.0.1:49218/Test.FailOnce: EOF, retrying in 1s"
time="2019-01-01T15:29:08Z" level=warning msg="Unable to connect to plugin: 127.0.0.1:49223/Test.Echo: Post http://127.0.0.1:49223/Test.Echo: net/http: request canceled (Client.Timeout exceeded while awaiting headers), retrying in 1s"
time="2019-01-01T15:29:09Z" level=warning msg="Unable to connect to plugin: 127.0.0.1:49223/Test.Echo: Post http://127.0.0.1:49223/Test.Echo: net/http: request canceled (Client.Timeout exceeded while awaiting headers), retrying in 2s"
time="2019-01-01T15:29:12Z" level=warning msg="Unable to connect to plugin: 127.0.0.1:49223/Test.Echo: Post http://127.0.0.1:49223/Test.Echo: net/http: request canceled (Client.Timeout exceeded while awaiting headers), retrying in 4s"
time="2019-01-01T15:29:16Z" level=warning msg="Unable to connect to plugin: 127.0.0.1:49223/Test.Echo: Post http://127.0.0.1:49223/Test.Echo: net/http: request canceled (Client.Timeout exceeded while awaiting headers), retrying in 8s"
--- FAIL: TestClientWithRequestTimeout (0.00s)
    client_test.go:259: assertion failed: 
        --- context.DeadlineExceeded
        +++ err
        :
        	-: context.deadlineExceededError{}
        	+: &net.OpError{Op: "dial", Net: "tcp", Addr: s"127.0.0.1:49296", Err: &poll.TimeoutError{}}
        
time="2019-01-01T15:29:25Z" level=warning msg="Unable to locate plugin: vegetable, retrying in 1s"
time="2019-01-01T15:29:26Z" level=warning msg="Unable to locate plugin: vegetable, retrying in 2s"
time="2019-01-01T15:29:28Z" level=warning msg="Unable to locate plugin: vegetable, retrying in 4s"
time="2019-01-01T15:29:32Z" level=warning msg="Unable to locate plugin: vegetable, retrying in 8s"
FAIL
coverage: 73.6% of statements
FAIL	github.com/docker/docker/pkg/plugins	34.967s
ok  	github.com/docker/docker/pkg/plugins/pluginrpc-gen	0.064s	coverage: 56.8% of statements
?   	github.com/docker/docker/pkg/plugins/pluginrpc-gen/fixtures	[no test files]
?   	github.com/docker/docker/pkg/plugins/pluginrpc-gen/fixtures/otherfixture	[no test files]
ok  	github.com/docker/docker/pkg/plugins/transport	0.088s	coverage: 85.7% of statements
ok  	github.com/docker/docker/pkg/pools	0.041s	coverage: 87.9% of statements
ok  	github.com/docker/docker/pkg/progress	0.044s	coverage: 75.9% of statements
ok  	github.com/docker/docker/pkg/pubsub	1.121s	coverage: 72.7% of statements
ok  	github.com/docker/docker/pkg/reexec	0.099s	coverage: 82.4% of statements
ok  	github.com/docker/docker/pkg/signal	0.035s	coverage: 20.3% of statements
?   	github.com/docker/docker/pkg/signal/testfiles	[no test files]
ok  	github.com/docker/docker/pkg/stdcopy	0.052s	coverage: 100.0% of statements
ok  	github.com/docker/docker/pkg/streamformatter	0.046s	coverage: 66.2% of statements
ok  	github.com/docker/docker/pkg/stringid	0.039s	coverage: 76.0% of statements
?   	github.com/docker/docker/pkg/symlink	[no test files]
ok  	github.com/docker/docker/pkg/sysinfo	0.049s	coverage: 38.2% of statements
ok  	github.com/docker/docker/pkg/system	0.059s	coverage: 12.7% of statements
ok  	github.com/docker/docker/pkg/tailfile	0.098s	coverage: 88.6% of statements
ok  	github.com/docker/docker/pkg/tarsum	0.164s	coverage: 89.3% of statements
ok  	github.com/docker/docker/pkg/term	0.045s	coverage: 30.8% of statements
ok  	github.com/docker/docker/pkg/term/windows	0.038s	coverage: 0.0% of statements [no tests to run]
ok  	github.com/docker/docker/pkg/truncindex	0.156s	coverage: 91.5% of statements
ok  	github.com/docker/docker/pkg/urlutil	0.041s	coverage: 100.0% of statements
ok  	github.com/docker/docker/pkg/useragent	0.043s	coverage: 88.9% of statements
ok  	github.com/docker/docker/plugin	0.105s	coverage: 12.0% of statements
ok  	github.com/docker/docker/plugin/executor/containerd	0.130s	coverage: 33.3% of statements
ok  	github.com/docker/docker/plugin/v2	0.057s	coverage: 20.1% of statements
ok  	github.com/docker/docker/reference	0.180s	coverage: 83.7% of statements
ok  	github.com/docker/docker/registry	0.353s	coverage: 51.3% of statements
ok  	github.com/docker/docker/registry/resumable	0.287s	coverage: 100.0% of statements
ok  	github.com/docker/docker/restartmanager	0.044s	coverage: 47.1% of statements
ok  	github.com/docker/docker/runconfig	0.574s	coverage: 54.5% of statements
?   	github.com/docker/docker/runconfig/opts	[no test files]
?   	github.com/docker/docker/volume	[no test files]
ok  	github.com/docker/docker/volume/drivers	0.343s	coverage: 36.1% of statements
ok  	github.com/docker/docker/volume/local	0.281s	coverage: 37.7% of statements
ok  	github.com/docker/docker/volume/mounts	0.084s	coverage: 66.3% of statements
ok  	github.com/docker/docker/volume/service	0.286s	coverage: 70.3% of statements
?   	github.com/docker/docker/volume/service/opts	[no test files]
?   	github.com/docker/docker/volume/testutils	[no test files]

ERROR: make.ps1 failed:
Unit tests failed
At C:\go\src\github.com\docker\docker\hack\make.ps1:320 char:32
+     if ($LASTEXITCODE -ne 0) { Throw "Unit tests failed" }
+                                ~~~~~~~~~~~~~~~~~~~~~~~~~

___________      .__.__             .___
\_   _____/____  |__|  |   ____   __| _/
 |    __) \__  \ |  |  | _/ __ \ / __ | 
 |     \   / __ \|  |  |_\  ___// /_/ | 
 \___  /  (____  /__|____/\___  >____ | 
     \/        \/             \/     \/ 

INFO: make.ps1 ended at 01/01/2019 15:29:42


ERROR: Failed 'ERROR: Unit tests failed' at 01/01/2019 15:29:44
At C:\gopath\src\github.com\docker\docker\hack\ci\windows.ps1:750 char:17
+                 Throw "ERROR: Unit tests failed"
+                 ~~~~~~~~~~~~~~~~~~~~~~~~~~~~~~~~



INFO: Tidying up at end of run
INFO: Saving daemon under test log (d:\CI\CI-4973b4201f\dut.err) to d:\temp\CIDUT.log
INFO: Nuke-Everything...
INFO: Container count on control daemon to delete is 2
6a4b942738df
7de71d136a71
INFO: Non-base image count on control daemon to delete is 1
Deleted: sha256:89353cd5c38bc7925b75ca2a6d30432dd85c1925fe826e224085239a28027ffc
Deleted: sha256:6ec7d380f81680dd00942b72604c57a89f4d3eebe62b1898638662d8ca929da1
INFO: Killing daemon with PID 14472
INFO: Tidying pidfile d:\CI\CI-4973b4201f\docker.pid
INFO: Stopping possible daemon pid 14472
INFO: Nuking d:\CI
ERROR:  hcsshim::DestroyLayer - Win32 API call returned error r1=0x80070020 err=The process cannot access the file because it is being used by another process.id=CI flavour=0

INFO: executeCI.ps1 exiting at Tue Jan  1 15:29:48 CUT 2019. Duration 00:08:30.3276100

Build step 'Windows PowerShell' marked build as failure
Set build name.
New build name is '#38467'
[PostBuildScript] - Executing post build scripts.
Notifying endpoint with url 'https://leeroy.dockerproject.org/notification/jenkins'
Finished: FAILURE
