Started by user Gordon
Notifying endpoint with url 'https://leeroy.dockerproject.org/notification/jenkins'
[EnvInject] - Loading node environment variables.
Building remotely on azure-windows-rs1-4 (windows-rs1) in workspace /gopath/src/github.com/docker/docker
Wiping out workspace first.
Cloning the remote Git repository
Cloning repository https://github.com/docker/engine.git
 > git init C:\gopath\src\github.com\docker\docker # timeout=10
Fetching upstream changes from https://github.com/docker/engine.git
 > git --version # timeout=10
 > git fetch --tags --progress https://github.com/docker/engine.git +refs/heads/*:refs/remotes/origin/*
 > git config remote.origin.url https://github.com/docker/engine.git # timeout=10
 > git config --add remote.origin.fetch +refs/heads/*:refs/remotes/origin/* # timeout=10
 > git config remote.origin.url https://github.com/docker/engine.git # timeout=10
Fetching upstream changes from https://github.com/docker/engine.git
 > git fetch --tags --progress https://github.com/docker/engine.git +refs/heads/*:refs/remotes/origin/*
 > git rev-parse "origin/18.09^{commit}" # timeout=10
Checking out Revision ce8b8f1cf33bb33811077be3b0b972dd2dbc4c79 (origin/18.09)
 > git config core.sparsecheckout # timeout=10
 > git checkout -f ce8b8f1cf33bb33811077be3b0b972dd2dbc4c79
Commit message: "Merge pull request #142 from docker/revert-130-18.09_backport_fix_api_return_code"
 > git rev-list --no-walk 484a3c3ad0fdb59ab9bb83ef2ff79184e216313f # timeout=10
Set build name.
New build name is '#143'
[docker] $ sh -xe C:\Users\jenkins\jenkins839348381642419122.sh
+ git fetch origin +refs/pull/143/head:refs/remotes/origin/pr/143
From https://github.com/docker/engine
 * [new ref]               refs/pull/143/head -> origin/pr/143
+ git merge origin/pr/143
Updating ce8b8f1cf3..e042692db1
Fast-forward
 integration-cli/docker_cli_run_unix_test.go |  4 ++--
 integration-cli/requirements_unix_test.go   | 11 +++++++++++
 pkg/parsers/kernel/kernel_unix_test.go      |  1 +
 3 files changed, 14 insertions(+), 2 deletions(-)
[docker] $ powershell.exe -NonInteractive -ExecutionPolicy ByPass "& 'C:\Users\jenkins\jenkins7480045754625660036.ps1'"
NEW entrypoint

INFO: executeCI.ps1 starting at Sat Jan  5 09:10:34 CUT 2019

INFO: Script version 28-Aug-2018 09:33 PDT
INFO: Running git version 2.18.0.windows.1
INFO: Branch:rs1_release Build:14393.2312.180607-1919
INFO: Environment variables:

Name                           Value                                                                                   
----                           -----                                                                                   
_                              /cygdrive/c/ProgramData/Oracle/Java/javapath/java                                       
ALLUSERSPROFILE                C:\ProgramData                                                                          
APPDATA                        C:\Users\jenkins\AppData\Roaming                                                        
BASE_BRANCH                    18.09                                                                                   
BUILD_CAUSE                    MANUALTRIGGER                                                                           
BUILD_CAUSE_MANUALTRIGGER      true                                                                                    
BUILD_DISPLAY_NAME             #143                                                                                    
BUILD_ID                       23558                                                                                   
BUILD_NUMBER                   23558                                                                                   
BUILD_TAG                      jenkins-Docker-PRs-WoW-RS1-23558                                                        
BUILD_URL                      https://jenkins.dockerproject.org/job/Docker-PRs-WoW-RS1/23558/                         
CommonProgramFiles             C:\Program Files\Common Files                                                           
CommonProgramFiles(x86)        C:\Program Files (x86)\Common Files                                                     
CommonProgramW6432             C:\Program Files\Common Files                                                           
COMPUTERNAME                   jenkins-rs1-4                                                                           
COMSPEC                        C:\Windows\system32\cmd.exe                                                             
ConfigSet                      rs                                                                                      
CYGWIN                         binmode ntsec                                                                           
EXECUTOR_NUMBER                0                                                                                       
GIT_AUTHOR_EMAIL               janky@dockerproject.org                                                                 
GIT_AUTHOR_NAME                Docker Jenkins                                                                          
GIT_BASE_REPO                  docker/engine                                                                           
GIT_BRANCH                     origin/18.09                                                                            
GIT_COMMIT                     ce8b8f1cf33bb33811077be3b0b972dd2dbc4c79                                                
GIT_COMMITTER_EMAIL            janky@dockerproject.org                                                                 
GIT_COMMITTER_NAME             Docker Jenkins                                                                          
GIT_HEAD_REPO                  thaJeztah/docker                                                                        
GIT_PREVIOUS_COMMIT            484a3c3ad0fdb59ab9bb83ef2ff79184e216313f                                                
GIT_PREVIOUS_SUCCESSFUL_COMMIT 484a3c3ad0fdb59ab9bb83ef2ff79184e216313f                                                
GIT_SHA1                       e042692db1316a60be35bfdca10d7e08d20f50ad                                                
GIT_URL                        https://github.com/docker/engine.git                                                    
GITHUB_URL                     https://github.com/docker/engine/pull/143                                               
HOME                           C:\cygwin\home\jenkins                                                                  
HOMEDRIVE                      C:                                                                                      
HOMEPATH                       \cygwin\home\jenkins                                                                    
HUDSON_COOKIE                  f0ac6430-1485-4ad1-841a-b3aaf96fc1b4                                                    
HUDSON_HOME                    /var/jenkins_home                                                                       
HUDSON_SERVER_COOKIE           5654907fc74b1465                                                                        
HUDSON_URL                     https://jenkins.dockerproject.org/                                                      
JENKINS_HOME                   /var/jenkins_home                                                                       
JENKINS_SERVER_COOKIE          5654907fc74b1465                                                                        
JENKINS_URL                    https://jenkins.dockerproject.org/                                                      
JOB_BASE_NAME                  Docker-PRs-WoW-RS1                                                                      
JOB_DISPLAY_URL                https://jenkins.dockerproject.org/job/Docker-PRs-WoW-RS1/display/redirect               
JOB_NAME                       Docker-PRs-WoW-RS1                                                                      
JOB_URL                        https://jenkins.dockerproject.org/job/Docker-PRs-WoW-RS1/                               
LOCALAPPDATA                   C:\Users\jenkins\AppData\Local                                                          
LOGNAME                        jenkins                                                                                 
LOGONSERVER                    \\jenkins-rs1-4                                                                         
MAIL                           /var/spool/mail//jenkins                                                                
NODE_LABELS                    azure-windows-rs1-4 windows-rs1                                                         
NODE_NAME                      azure-windows-rs1-4                                                                     
NUMBER_OF_PROCESSORS           4                                                                                       
OLDPWD                         /home/jenkins                                                                           
OS                             Windows_NT                                                                              
PATH                           C:\cygwin\bin;C:\ProgramData\Oracle\Java\javapath;C:\pstools;C:\Program Files\Notepad...
PATHEXT                        .COM;.EXE;.BAT;.CMD;.VBS;.VBE;.JS;.JSE;.WSF;.WSH;.MSC;.CPL                              
PR                             143                                                                                     
PROCESSOR_ARCHITECTURE         AMD64                                                                                   
PROCESSOR_IDENTIFIER           Intel64 Family 6 Model 79 Stepping 1, GenuineIntel                                      
PROCESSOR_LEVEL                6                                                                                       
PROCESSOR_REVISION             4f01                                                                                    
ProgramData                    C:\ProgramData                                                                          
PROGRAMFILES                   C:\Program Files                                                                        
ProgramFiles(x86)              C:\Program Files (x86)                                                                  
ProgramW6432                   C:\Program Files                                                                        
PSExecutionPolicyPreference    Bypass                                                                                  
PSModulePath                   C:\Users\jenkins\Documents\WindowsPowerShell\Modules;C:\Program Files\WindowsPowerShe...
PUBLIC                         C:\Users\Public                                                                         
PWD                            /cygdrive/c/workspace                                                                   
ROOT_BUILD_CAUSE               MANUALTRIGGER                                                                           
ROOT_BUILD_CAUSE_MANUALTRIGGER true                                                                                    
RUN_CHANGES_DISPLAY_URL        https://jenkins.dockerproject.org/job/Docker-PRs-WoW-RS1/23558/display/redirect?page=...
RUN_DISPLAY_URL                https://jenkins.dockerproject.org/job/Docker-PRs-WoW-RS1/23558/display/redirect         
SHELL                          /bin/bash                                                                               
SHLVL                          1                                                                                       
SOURCES_DRIVE                  c                                                                                       
SOURCES_SUBDIR                 gopath                                                                                  
SSH_CLIENT                     52.88.204.51 30775 22                                                                   
SSH_CONNECTION                 52.88.204.51 30775 10.0.0.17 22                                                         
SYSTEMDRIVE                    C:                                                                                      
SYSTEMROOT                     C:\Windows                                                                              
TEMP                           d:\temp                                                                                 
TESTRUN_DRIVE                  d                                                                                       
TESTRUN_SUBDIR                 CI                                                                                      
USER                           jenkins                                                                                 
USERDOMAIN                     jenkins-rs1-4                                                                           
USERNAME                       jenkins                                                                                 
USERPROFILE                    C:\Users\jenkins                                                                        
WINDIR                         C:\Windows                                                                              
WORKSPACE                      /gopath/src/github.com/docker/docker                                                    



INFO: PR#143 (https://github.com/docker/docker/pull/143)
INFO: Sources under c:\gopath\...
INFO: Test run under d:\CI\...
INFO: Running in C:\gopath\src\github.com\docker\docker
INFO: docker/docker repository was found
INFO: Image microsoft/windowsservercore:latest is already loaded in the control daemon
INFO: Version of microsoft/windowsservercore:latest is '10.0.14393.2312'
INFO: Docker version of control daemon

Client:
 Version:           master-dockerproject-2018-10-09
 API version:       1.39
 Go version:        go1.10.4
 Git commit:        ab50c2f2
 Built:             Tue Oct  9 23:49:39 2018
 OS/Arch:           windows/amd64
 Experimental:      false

Server:
 Engine:
  Version:          master-dockerproject-2018-10-09
  API version:      1.39 (minimum version 1.24)
  Go version:       go1.11.1
  Git commit:       82a4797
  Built:            Tue Oct  9 23:58:23 2018
  OS/Arch:          windows/amd64
  Experimental:     false

INFO: Docker info of control daemon

Containers: 0
 Running: 0
 Paused: 0
 Stopped: 0
Images: 7
Server Version: master-dockerproject-2018-10-09
Storage Driver: windowsfilter
 Windows: 
Logging Driver: json-file
Plugins:
 Volume: local
 Network: ics l2bridge l2tunnel nat null overlay transparent
 Log: awslogs etwlogs fluentd gcplogs gelf json-file local logentries splunk syslog
Swarm: inactive
Default Isolation: process
Kernel Version: 10.0 14393 (14393.2312.amd64fre.rs1_release.180607-1919)
Operating System: Windows Server 2016 Datacenter Version 1607 (OS Build 14393.2312)
OSType: windows
Architecture: x86_64
CPUs: 4
Total Memory: 14GiB
Name: jenkins-rs1-4
ID: 56ZQ:DQZ3:X6HM:X2E7:BT7N:GY7M:OKR2:3VQT:OKK5:HBEA:WI2X:5IDD
Docker Root Dir: D:\control
Debug Mode (client): false
Debug Mode (server): false
Registry: https://index.docker.io/v1/
Labels:
Experimental: false
Insecure Registries:
 127.0.0.0/8
Live Restore Enabled: false


INFO: Commit hash is e042692db1
INFO: Nuke-Everything...
INFO: Container count on control daemon to delete is 0
INFO: Nuking d:\CI
INFO: Zapped successfully
INFO: Location for testing is d:\CI\CI-e042692db1
INFO: Validating GOLang consistency in Dockerfile.windows...


INFO: Building the image from Dockerfile.windows at 01/05/2019 09:10:35...

Sending build context to Docker daemon  45.52MB

Step 1/7 : FROM microsoft/windowsservercore
 ---> eb1805404161
Step 2/7 : SHELL ["powershell", "-Command", "$ErrorActionPreference = 'Stop'; $ProgressPreference = 'SilentlyContinue';"]
 ---> Using cache
 ---> a44e87aa9629
Step 3/7 : ENV GO_VERSION=1.10.6     GIT_VERSION=2.11.1     GOPATH=C:\go     FROM_DOCKERFILE=1
 ---> Running in 83c9d2a30e4f
Removing intermediate container 83c9d2a30e4f
 ---> 43fadcee1ef8
Step 4/7 : RUN   Function Test-Nano() {     $EditionId = (Get-ItemProperty -Path 'HKLM:\SOFTWARE\Microsoft\Windows NT\CurrentVersion' -Name 'EditionID').EditionId;     return (($EditionId -eq 'ServerStandardNano') -or ($EditionId -eq 'ServerDataCenterNano') -or ($EditionId -eq 'NanoServer'));   }    Function Download-File([string] $source, [string] $target) {     if (Test-Nano) {       $handler = New-Object System.Net.Http.HttpClientHandler;       $client = New-Object System.Net.Http.HttpClient($handler);       $client.Timeout = New-Object System.TimeSpan(0, 30, 0);       $cancelTokenSource = [System.Threading.CancellationTokenSource]::new();       $responseMsg = $client.GetAsync([System.Uri]::new($source), $cancelTokenSource.Token);       $responseMsg.Wait();       if (!$responseMsg.IsCanceled) {         $response = $responseMsg.Result;         if ($response.IsSuccessStatusCode) {           $downloadedFileStream = [System.IO.FileStream]::new($target, [System.IO.FileMode]::Create, [System.IO.FileAccess]::Write);           $copyStreamOp = $response.Content.CopyToAsync($downloadedFileStream);           $copyStreamOp.Wait();           $downloadedFileStream.Close();           if ($copyStreamOp.Exception -ne $null) { throw $copyStreamOp.Exception }         }       } else {       Throw ("Failed to download " + $source)       }    } else {       $webClient = New-Object System.Net.WebClient;       $webClient.DownloadFile($source, $target);     }   }     setx /M PATH $('C:\git\cmd;C:\git\usr\bin;'+$Env:PATH+';C:\gcc\bin;C:\go\bin');     Write-Host INFO: Downloading git...;   $location='https://www.nuget.org/api/v2/package/GitForWindows/'+$Env:GIT_VERSION;   Download-File $location C:\gitsetup.zip;     Write-Host INFO: Downloading go...;   Download-File $('https://golang.org/dl/go'+$Env:GO_VERSION+'.windows-amd64.zip') C:\go.zip;     Write-Host INFO: Downloading compiler 1 of 3...;   Download-File https://raw.githubusercontent.com/jhowardmsft/docker-tdmgcc/master/gcc.zip C:\gcc.zip;     Write-Host INFO: Downloading compiler 2 of 3...;   Download-File https://raw.githubusercontent.com/jhowardmsft/docker-tdmgcc/master/runtime.zip C:\runtime.zip;     Write-Host INFO: Downloading compiler 3 of 3...;   Download-File https://raw.githubusercontent.com/jhowardmsft/docker-tdmgcc/master/binutils.zip C:\binutils.zip;     Write-Host INFO: Extracting git...;   Expand-Archive C:\gitsetup.zip C:\git-tmp;   New-Item -Type Directory C:\git | Out-Null;   Move-Item C:\git-tmp\tools\* C:\git\.;   Remove-Item -Recurse -Force C:\git-tmp;     Write-Host INFO: Expanding go...;   Expand-Archive C:\go.zip -DestinationPath C:\;     Write-Host INFO: Expanding compiler 1 of 3...;   Expand-Archive C:\gcc.zip -DestinationPath C:\gcc -Force;   Write-Host INFO: Expanding compiler 2 of 3...;   Expand-Archive C:\runtime.zip -DestinationPath C:\gcc -Force;   Write-Host INFO: Expanding compiler 3 of 3...;   Expand-Archive C:\binutils.zip -DestinationPath C:\gcc -Force;     Write-Host INFO: Removing downloaded files...;   Remove-Item C:\gcc.zip;   Remove-Item C:\runtime.zip;   Remove-Item C:\binutils.zip;   Remove-Item C:\gitsetup.zip;     Write-Host INFO: Creating source directory...;   New-Item -ItemType Directory -Path C:\go\src\github.com\docker\docker | Out-Null;     Write-Host INFO: Configuring git core.autocrlf...;   C:\git\cmd\git config --global core.autocrlf true;     Write-Host INFO: Completed
 ---> Running in dab3c4ca61c9

SUCCESS: Specified value was saved.
INFO: Downloading git...
INFO: Downloading go...
INFO: Downloading compiler 1 of 3...
INFO: Downloading compiler 2 of 3...
INFO: Downloading compiler 3 of 3...
INFO: Extracting git...
INFO: Expanding go...
INFO: Expanding compiler 1 of 3...
INFO: Expanding compiler 2 of 3...
INFO: Expanding compiler 3 of 3...
INFO: Removing downloaded files...
INFO: Creating source directory...
INFO: Configuring git core.autocrlf...
INFO: Completed
Removing intermediate container dab3c4ca61c9
 ---> 0eced216c2d6
Step 5/7 : ENTRYPOINT ["powershell.exe"]
 ---> Running in 337c46284b83
Removing intermediate container 337c46284b83
 ---> 1987b9e92abd
Step 6/7 : WORKDIR C:\go\src\github.com\docker\docker
 ---> Running in 54ac13fdc982
Removing intermediate container 54ac13fdc982
 ---> 7364ba9ea0bb
Step 7/7 : COPY . .
 ---> 05311b95f69f
Successfully built 05311b95f69f
Successfully tagged docker:latest
INFO: Image build ended at 01/05/2019 09:13:13. Duration:00:02:37.4883243


INFO: Building the test binaries at 01/05/2019 09:13:13...
INFO: make.ps1 starting at 01/05/2019 09:13:29
INFO: Git commit (e042692db1) assumed from DOCKER_GITCOMMIT environment variable
INFO: Invoking autogen...
INFO: Building daemon...
INFO: Downloading docker/cli version 17.06.0-ce from edge...

 ________   ____  __.
 \_____  \ |    |/ _|
 /   |   \|      <
 /    |    \    |  \
 \_______  /____|__ \
         \/        \/

INFO: make.ps1 ended at 01/05/2019 09:14:18
INFO: Binaries build ended at 01/05/2019 09:14:20. Duration:00:01:07.0200483
INFO: Copying the built daemon binary to d:\CI\CI-e042692db1\binary\dockerd-e042692db1.exe...
INFO: Copying the built client binary to d:\CI\CI-e042692db1\binary\docker-e042692db1.exe...
INFO: Copying dockerversion from the container...
INFO: Copying the golang package from the container to d:\CI\CI-e042692db1\installer\go.zip...
INFO: Extracting go.zip to d:\CI\CI-e042692db1\go
INFO: Extraction ended at 01/05/2019 09:14:41. Duration:00:00:19.4558234
INFO: Updating the golang and path environment variables
INFO: GOPATH=c:\gopath
INFO: go version go1.10.6 windows/amd64
INFO: Starting a daemon under test...
INFO: Args: -H tcp://0.0.0.0:2357 --data-root d:\CI\CI-e042692db1\daemon --pidfile d:\CI\CI-e042692db1\docker.pid
INFO: Process started successfully.
INFO: Waiting for the daemon under test to start...
INFO: Daemon under test started and replied!
INFO: Docker version of the daemon under test

Client:
 Version:      17.06.0-ce
 API version:  1.30
 Go version:   go1.8.3
 Git commit:   02c1d87
 Built:        Fri Jun 23 21:30:30 2017
 OS/Arch:      windows/amd64

Server:
 Version:      0.0.0-dev
 API version:  1.39 (minimum version 1.24)
 Go version:   go1.10.6
 Git commit:   e042692db1
 Built:        01/05/2019 09:13:30
 OS/Arch:      windows/amd64
 Experimental: false

INFO: Docker info of the daemon under test

Containers: 0
 Running: 0
 Paused: 0
 Stopped: 0
Images: 0
Server Version: 0.0.0-dev
Storage Driver: windowsfilter
 Windows: 
Logging Driver: json-file
Plugins: 
 Volume: local
 Network: ics l2bridge l2tunnel nat null overlay transparent
 Log: awslogs etwlogs fluentd gelf json-file local logentries splunk syslog
Swarm: inactive
Default Isolation: process
Kernel Version: 10.0 14393 (14393.2312.amd64fre.rs1_release.180607-1919)
Operating System: Windows Server 2016 Datacenter Version 1607 (OS Build 14393.2312)
OSType: windows
Architecture: x86_64
CPUs: 4
Total Memory: 14GiB
Name: jenkins-rs1-4
ID: YPEQ:HB73:H63A:VVRQ:6ESW:4SFB:R47T:43SV:GXYI:DDWE:LJUJ:7COY
Docker Root Dir: D:\CI\CI-e042692db1\daemon
Debug Mode (client): false
Debug Mode (server): false
Registry: https://index.docker.io/v1/
Labels:
Experimental: false
Insecure Registries:
 127.0.0.0/8
Live Restore Enabled: false


INFO: Docker images of the daemon under test

REPOSITORY          TAG                 IMAGE ID            CREATED             SIZE

INFO: Base image for tests is microsoft/windowsservercore
INFO: Loading windowsservercore .tar from disk into the daemon under test. This may take some time...
Loaded image: microsoft/windowsservercore:10.0.14393.2312
Loaded image: microsoft/windowsservercore:latest
INFO: docker load of windowsservercore  into daemon under test completed successfully
INFO: Version of microsoft/windowsservercore:latest is '10.0.14393.2312'
INFO: Running validation tests at 01/05/2019 09:17:54...
INFO: make.ps1 starting at 01/05/2019 09:17:54
INFO: Validating Developer Certificate of Origin...
Congratulations!  All commits are properly signed with the DCO!
INFO: Validating go formatting on changed files...
Checking api\server\backend\build\backend.go
Checking api\server\router\build\backend.go
Checking api\server\router\build\build.go
Checking api\server\router\build\build_routes.go
Checking api\server\router\container\copy.go
Checking api\server\router\container\exec.go
Checking api\server\router\network\network_routes.go
Checking api\server\router\plugin\plugin_routes.go
Checking api\server\router\swarm\cluster_routes.go
Checking api\server\router\system\system.go
Checking api\server\router\system\system_routes.go
Checking api\server\router\volume\volume_routes.go
Checking api\types\types.go
Checking builder\builder-next\adapters\containerimage\pull.go
Checking builder\builder-next\adapters\snapshot\layer.go
Checking builder\builder-next\adapters\snapshot\snapshot.go
Checking builder\builder-next\builder.go
Checking builder\builder-next\controller.go
Checking builder\builder-next\executor_unix.go
Checking builder\builder-next\executor_windows.go
Checking builder\builder-next\imagerefchecker\checker.go
Checking builder\builder-next\worker\gc.go
Checking builder\builder-next\worker\gc_unix.go
Checking builder\builder-next\worker\gc_windows.go
Checking builder\builder-next\worker\worker.go
Checking builder\fscache\fscache.go
Checking client\build_prune.go
Checking client\client.go
Checking client\interface.go
Checking client\request.go
Checking client\request_test.go
Checking cmd\dockerd\daemon.go
Checking cmd\dockerd\daemon_unix.go
Checking cmd\dockerd\daemon_windows.go
Checking daemon\attach.go
Checking daemon\cluster\cluster.go
Checking daemon\cluster\listen_addr.go
Checking daemon\cluster\noderunner.go
Checking daemon\cluster\services.go
Checking daemon\cluster\swarm.go
Checking daemon\cluster\tasks.go
Checking daemon\config\builder.go
Checking daemon\config\config.go
Checking daemon\daemon.go
Checking daemon\daemon_unix.go
Checking daemon\daemon_windows.go
Checking daemon\graphdriver\btrfs\btrfs.go
Checking daemon\graphdriver\devmapper\device_setup.go
Checking daemon\graphdriver\driver.go
Checking daemon\graphdriver\lcow\lcow.go
Checking daemon\graphdriver\overlay2\check.go
Checking daemon\graphdriver\overlay2\overlay.go
Checking daemon\graphdriver\overlay2\randomid.go
Checking daemon\graphdriver\windows\windows.go
Checking daemon\images\service.go
Checking daemon\info.go
Checking daemon\info_test.go
Checking daemon\info_unix.go
Checking daemon\list.go
Checking daemon\list_test.go
Checking daemon\logger\adapter.go
Checking daemon\logger\adapter_test.go
Checking daemon\logger\awslogs\cloudwatchlogs.go
Checking daemon\logger\awslogs\cloudwatchlogs_test.go
Checking daemon\logger\journald\read.go
Checking daemon\logger\jsonfilelog\jsonfilelog.go
Checking daemon\logger\jsonfilelog\read_test.go
Checking daemon\logger\local\local.go
Checking daemon\logger\logger.go
Checking daemon\logger\loggerutils\logfile.go
Checking daemon\logger\loggerutils\logfile_test.go
Checking daemon\logs.go
Checking daemon\reload.go
Checking daemon\trustkey.go
Checking daemon\volumes.go
Checking dockerversion\version_lib.go
Checking integration-cli\check_test.go
Checking integration-cli\docker_api_containers_test.go
Checking integration-cli\docker_cli_daemon_test.go
Checking integration-cli\docker_cli_run_unix_test.go
Checking integration-cli\requirements_unix_test.go
Checking integration\build\build_session_test.go
Checking integration\build\build_squash_test.go
Checking integration\build\build_test.go
Checking integration\config\config_test.go
Checking integration\container\container_test.go
Checking integration\container\copy_test.go
Checking integration\container\create_test.go
Checking integration\container\daemon_linux_test.go
Checking integration\container\diff_test.go
Checking integration\container\exec_test.go
Checking integration\container\export_test.go
Checking integration\container\health_test.go
Checking integration\container\inspect_test.go
Checking integration\container\kill_test.go
Checking integration\container\links_linux_test.go
Checking integration\container\mounts_linux_test.go
Checking integration\container\nat_test.go
Checking integration\container\pause_test.go
Checking integration\container\rename_test.go
Checking integration\container\resize_test.go
Checking integration\container\restart_test.go
Checking integration\container\stop_linux_test.go
Checking integration\container\stop_test.go
Checking integration\container\stop_windows_test.go
Checking integration\container\update_linux_test.go
Checking integration\image\commit_test.go
Checking integration\image\import_test.go
Checking integration\image\remove_test.go
Checking integration\image\tag_test.go
Checking integration\internal\requirement\requirement.go
Checking integration\internal\requirement\requirement_linux.go
Checking integration\internal\requirement\requirement_windows.go
Checking integration\internal\swarm\service.go
Checking integration\network\delete_test.go
Checking integration\network\helpers.go
Checking integration\network\helpers_windows.go
Checking integration\network\inspect_test.go
Checking integration\network\ipvlan\ipvlan_test.go
Checking integration\network\macvlan\macvlan_test.go
Checking integration\network\network_test.go
Checking integration\network\service_test.go
Checking integration\plugin\authz\authz_plugin_test.go
Checking integration\plugin\authz\authz_plugin_v2_test.go
Checking integration\plugin\authz\main_test.go
Checking integration\plugin\authz\main_windows_test.go
Checking integration\plugin\common\main_test.go
Checking integration\plugin\common\plugin_test.go
Checking integration\plugin\logging\logging_linux_test.go
Checking integration\plugin\logging\validation_test.go
Checking integration\plugin\volumes\mounts_test.go
Checking integration\secret\secret_test.go
Checking integration\service\create_test.go
Checking integration\service\inspect_test.go
Checking integration\service\network_test.go
Checking integration\session\session_test.go
Checking integration\system\cgroupdriver_systemd_test.go
Checking integration\system\event_test.go
Checking integration\system\info_test.go
Checking integration\volume\volume_test.go
Checking internal\test\daemon\daemon.go
Checking libcontainerd\client_daemon.go
Checking libcontainerd\supervisor\remote_daemon.go
Checking libcontainerd\supervisor\remote_daemon_linux.go
Checking libcontainerd\supervisor\remote_daemon_windows.go
Checking oci\defaults.go
Checking pkg\filenotify\poller.go
Checking pkg\mount\sharedsubtree_linux.go
Checking pkg\parsers\kernel\kernel_unix_test.go
Checking pkg\parsers\parsers.go
Checking pkg\parsers\parsers_test.go
Checking pkg\progress\progress.go
Checking pkg\sysinfo\sysinfo.go
Checking pkg\sysinfo\sysinfo_linux.go
Checking pkg\truncindex\truncindex.go
Checking profiles\apparmor\apparmor.go
Checking profiles\apparmor\template.go
Checking profiles\seccomp\seccomp_default.go
Checking registry\registry.go
Checking volume\mounts\parser_test.go
Checking volume\mounts\validate.go
Checking volume\service\db.go
Checking volume\service\db_test.go
Checking volume\service\restore.go
Checking volume\service\store.go
Congratulations!  All Go source files are properly formatted.
INFO: Validating pkg import isolation...
Congratulations!  ".\pkg\*.go" is safely isolated from internal code.
INFO: make.ps1 ended at 01/05/2019 09:18:20
INFO: Validation tests ended at 01/05/2019 09:18:20. Duration:00:00:26.0048733
INFO: Running unit tests at 01/05/2019 09:18:20...
INFO: make.ps1 starting at 01/05/2019 09:18:37
INFO: Git commit (e042692db1) assumed from DOCKER_GITCOMMIT environment variable
INFO: Invoking autogen...
INFO: Running unit tests...
?   	github.com/docker/docker/api	[no test files]
ok  	github.com/docker/docker/api/server	0.117s	coverage: 8.0% of statements
?   	github.com/docker/docker/api/server/backend/build	[no test files]
ok  	github.com/docker/docker/api/server/httputils	0.071s	coverage: 11.1% of statements
ok  	github.com/docker/docker/api/server/middleware	0.071s	coverage: 43.4% of statements
?   	github.com/docker/docker/api/server/router	[no test files]
?   	github.com/docker/docker/api/server/router/build	[no test files]
?   	github.com/docker/docker/api/server/router/checkpoint	[no test files]
?   	github.com/docker/docker/api/server/router/container	[no test files]
?   	github.com/docker/docker/api/server/router/debug	[no test files]
?   	github.com/docker/docker/api/server/router/distribution	[no test files]
?   	github.com/docker/docker/api/server/router/image	[no test files]
?   	github.com/docker/docker/api/server/router/network	[no test files]
?   	github.com/docker/docker/api/server/router/plugin	[no test files]
?   	github.com/docker/docker/api/server/router/session	[no test files]
?   	github.com/docker/docker/api/server/router/swarm	[no test files]
?   	github.com/docker/docker/api/server/router/system	[no test files]
?   	github.com/docker/docker/api/server/router/volume	[no test files]
?   	github.com/docker/docker/api/types	[no test files]
?   	github.com/docker/docker/api/types/backend	[no test files]
?   	github.com/docker/docker/api/types/blkiodev	[no test files]
?   	github.com/docker/docker/api/types/container	[no test files]
?   	github.com/docker/docker/api/types/events	[no test files]
ok  	github.com/docker/docker/api/types/filters	0.087s	coverage: 93.1% of statements
?   	github.com/docker/docker/api/types/image	[no test files]
?   	github.com/docker/docker/api/types/mount	[no test files]
?   	github.com/docker/docker/api/types/network	[no test files]
?   	github.com/docker/docker/api/types/plugins/logdriver	[no test files]
?   	github.com/docker/docker/api/types/registry	[no test files]
ok  	github.com/docker/docker/api/types/strslice	0.051s	coverage: 90.0% of statements
?   	github.com/docker/docker/api/types/swarm	[no test files]
?   	github.com/docker/docker/api/types/swarm/runtime	[no test files]
ok  	github.com/docker/docker/api/types/time	0.197s	coverage: 100.0% of statements
ok  	github.com/docker/docker/api/types/versions	0.085s	coverage: 75.0% of statements
?   	github.com/docker/docker/api/types/versions/v1p19	[no test files]
?   	github.com/docker/docker/api/types/versions/v1p20	[no test files]
?   	github.com/docker/docker/api/types/volume	[no test files]
?   	github.com/docker/docker/autogen/winresources/docker	[no test files]
?   	github.com/docker/docker/autogen/winresources/dockerd	[no test files]
?   	github.com/docker/docker/builder	[no test files]
?   	github.com/docker/docker/builder/builder-next	[no test files]
?   	github.com/docker/docker/builder/builder-next/adapters/containerimage	[no test files]
?   	github.com/docker/docker/builder/builder-next/adapters/snapshot	[no test files]
?   	github.com/docker/docker/builder/builder-next/exporter	[no test files]
?   	github.com/docker/docker/builder/builder-next/imagerefchecker	[no test files]
?   	github.com/docker/docker/builder/builder-next/worker	[no test files]
ok  	github.com/docker/docker/builder/dockerfile	0.137s	coverage: 35.0% of statements
ok  	github.com/docker/docker/builder/dockerignore	0.128s	coverage: 96.8% of statements
ok  	github.com/docker/docker/builder/fscache	0.450s	coverage: 69.2% of statements
ok  	github.com/docker/docker/builder/remotecontext	0.353s	coverage: 9.3% of statements
ok  	github.com/docker/docker/builder/remotecontext/git	62.559s	coverage: 78.8% of statements
?   	github.com/docker/docker/cli	[no test files]
?   	github.com/docker/docker/cli/config	[no test files]
ok  	github.com/docker/docker/cli/debug	0.076s	coverage: 100.0% of statements
ok  	github.com/docker/docker/client	0.275s	coverage: 75.2% of statements
ok  	github.com/docker/docker/cmd/dockerd	0.310s	coverage: 17.5% of statements
ok  	github.com/docker/docker/container	0.267s	coverage: 42.8% of statements
?   	github.com/docker/docker/container/stream	[no test files]
?   	github.com/docker/docker/contrib/apparmor	[no test files]
?   	github.com/docker/docker/contrib/docker-device-tool	[no test files]
?   	github.com/docker/docker/contrib/httpserver	[no test files]
ok  	github.com/docker/docker/daemon	2.326s	coverage: 8.1% of statements
?   	github.com/docker/docker/daemon/caps	[no test files]
ok  	github.com/docker/docker/daemon/cluster	0.144s	coverage: 0.5% of statements
ok  	github.com/docker/docker/daemon/cluster/controllers/plugin	0.154s	coverage: 65.3% of statements
ok  	github.com/docker/docker/daemon/cluster/convert	0.171s	coverage: 28.1% of statements
?   	github.com/docker/docker/daemon/cluster/executor	[no test files]
ok  	github.com/docker/docker/daemon/cluster/executor/container	0.521s	coverage: 9.7% of statements
?   	github.com/docker/docker/daemon/cluster/provider	[no test files]
ok  	github.com/docker/docker/daemon/config	0.239s	coverage: 81.8% of statements
ok  	github.com/docker/docker/daemon/discovery	0.083s	coverage: 30.4% of statements
ok  	github.com/docker/docker/daemon/events	0.280s	coverage: 50.0% of statements
?   	github.com/docker/docker/daemon/events/testutils	[no test files]
?   	github.com/docker/docker/daemon/exec	[no test files]
ok  	github.com/docker/docker/daemon/graphdriver	0.105s	coverage: 2.3% of statements
?   	github.com/docker/docker/daemon/graphdriver/aufs	[no test files]
?   	github.com/docker/docker/daemon/graphdriver/btrfs	[no test files]
?   	github.com/docker/docker/daemon/graphdriver/devmapper	[no test files]
?   	github.com/docker/docker/daemon/graphdriver/graphtest	[no test files]
?   	github.com/docker/docker/daemon/graphdriver/lcow	[no test files]
?   	github.com/docker/docker/daemon/graphdriver/overlay	[no test files]
?   	github.com/docker/docker/daemon/graphdriver/overlay2	[no test files]
?   	github.com/docker/docker/daemon/graphdriver/quota	[no test files]
?   	github.com/docker/docker/daemon/graphdriver/register	[no test files]
?   	github.com/docker/docker/daemon/graphdriver/vfs	[no test files]
?   	github.com/docker/docker/daemon/graphdriver/windows	[no test files]
?   	github.com/docker/docker/daemon/graphdriver/zfs	[no test files]
ok  	github.com/docker/docker/daemon/images	0.130s	coverage: 5.0% of statements
?   	github.com/docker/docker/daemon/initlayer	[no test files]
ok  	github.com/docker/docker/daemon/links	0.129s	coverage: 93.0% of statements
?   	github.com/docker/docker/daemon/listeners	[no test files]
ok  	github.com/docker/docker/daemon/logger	0.273s	coverage: 44.0% of statements
ok  	github.com/docker/docker/daemon/logger/awslogs	0.254s	coverage: 72.2% of statements
?   	github.com/docker/docker/daemon/logger/etwlogs	[no test files]
?   	github.com/docker/docker/daemon/logger/fluentd	[no test files]
?   	github.com/docker/docker/daemon/logger/gcplogs	[no test files]
?   	github.com/docker/docker/daemon/logger/gelf	[no test files]
?   	github.com/docker/docker/daemon/logger/journald	[no test files]
ok  	github.com/docker/docker/daemon/logger/jsonfilelog	0.160s	coverage: 62.1% of statements
ok  	github.com/docker/docker/daemon/logger/jsonfilelog/jsonlog	0.175s	coverage: 88.3% of statements
ok  	github.com/docker/docker/daemon/logger/local	0.223s	coverage: 74.7% of statements
?   	github.com/docker/docker/daemon/logger/logentries	[no test files]
ok  	github.com/docker/docker/daemon/logger/loggerutils	0.090s	coverage: 18.1% of statements
ok  	github.com/docker/docker/daemon/logger/splunk	1.882s	coverage: 84.5% of statements
ok  	github.com/docker/docker/daemon/logger/syslog	0.112s	coverage: 22.8% of statements
ok  	github.com/docker/docker/daemon/logger/templates	0.069s	coverage: 8.3% of statements
?   	github.com/docker/docker/daemon/names	[no test files]
?   	github.com/docker/docker/daemon/network	[no test files]
?   	github.com/docker/docker/daemon/stats	[no test files]
ok  	github.com/docker/docker/distribution	4.215s	coverage: 15.6% of statements
ok  	github.com/docker/docker/distribution/metadata	1.299s	coverage: 48.2% of statements
?   	github.com/docker/docker/distribution/utils	[no test files]
ok  	github.com/docker/docker/distribution/xfer	2.225s	coverage: 62.2% of statements
?   	github.com/docker/docker/dockerversion	[no test files]
ok  	github.com/docker/docker/errdefs	0.117s	coverage: 76.6% of statements
ok  	github.com/docker/docker/hack/integration-cli-on-swarm/agent/master	0.076s	coverage: 11.3% of statements
?   	github.com/docker/docker/hack/integration-cli-on-swarm/agent/types	[no test files]
?   	github.com/docker/docker/hack/integration-cli-on-swarm/agent/worker	[no test files]
ok  	github.com/docker/docker/hack/integration-cli-on-swarm/host	0.113s	coverage: 3.6% of statements
ok  	github.com/docker/docker/image	0.428s	coverage: 86.3% of statements
ok  	github.com/docker/docker/image/cache	0.093s	coverage: 19.2% of statements
?   	github.com/docker/docker/image/tarexport	[no test files]
ok  	github.com/docker/docker/image/v1	0.132s	coverage: 25.0% of statements
?   	github.com/docker/docker/internal/test	[no test files]
?   	github.com/docker/docker/internal/test/daemon	[no test files]
?   	github.com/docker/docker/internal/test/environment	[no test files]
?   	github.com/docker/docker/internal/test/fakecontext	[no test files]
?   	github.com/docker/docker/internal/test/fakegit	[no test files]
?   	github.com/docker/docker/internal/test/fakestorage	[no test files]
?   	github.com/docker/docker/internal/test/fixtures/load	[no test files]
?   	github.com/docker/docker/internal/test/fixtures/plugin	[no test files]
?   	github.com/docker/docker/internal/test/fixtures/plugin/basic	[no test files]
?   	github.com/docker/docker/internal/test/registry	[no test files]
?   	github.com/docker/docker/internal/test/request	[no test files]
ok  	github.com/docker/docker/internal/testutil	0.106s	coverage: 62.5% of statements
ok  	github.com/docker/docker/layer	0.569s	coverage: 28.2% of statements
ok  	github.com/docker/docker/libcontainerd	0.188s	coverage: 3.7% of statements
?   	github.com/docker/docker/libcontainerd/supervisor	[no test files]
ok  	github.com/docker/docker/migrate/v1	0.201s	coverage: 15.6% of statements
?   	github.com/docker/docker/oci	[no test files]
ok  	github.com/docker/docker/opts	0.305s	coverage: 68.7% of statements
ok  	github.com/docker/docker/pkg/aaparser	0.088s	coverage: 50.0% of statements
ok  	github.com/docker/docker/pkg/archive	2.893s	coverage: 44.0% of statements
ok  	github.com/docker/docker/pkg/authorization	0.658s	coverage: 26.2% of statements
ok  	github.com/docker/docker/pkg/broadcaster	0.070s	coverage: 100.0% of statements
ok  	github.com/docker/docker/pkg/chrootarchive	0.124s	coverage: 13.3% of statements
?   	github.com/docker/docker/pkg/containerfs	[no test files]
?   	github.com/docker/docker/pkg/devicemapper	[no test files]
ok  	github.com/docker/docker/pkg/directory	0.075s	coverage: 80.0% of statements
ok  	github.com/docker/docker/pkg/discovery	0.120s	coverage: 58.3% of statements
ok  	github.com/docker/docker/pkg/discovery/file	0.072s	coverage: 92.9% of statements
ok  	github.com/docker/docker/pkg/discovery/kv	3.174s	coverage: 84.1% of statements
ok  	github.com/docker/docker/pkg/discovery/memory	0.125s	coverage: 92.3% of statements
ok  	github.com/docker/docker/pkg/discovery/nodes	0.061s	coverage: 93.8% of statements
ok  	github.com/docker/docker/pkg/filenotify	0.046s	coverage: 38.2% of statements
ok  	github.com/docker/docker/pkg/fileutils	0.068s	coverage: 87.7% of statements
ok  	github.com/docker/docker/pkg/homedir	0.066s	coverage: 75.0% of statements
?   	github.com/docker/docker/pkg/idtools	[no test files]
ok  	github.com/docker/docker/pkg/ioutils	0.436s	coverage: 69.5% of statements
ok  	github.com/docker/docker/pkg/jsonmessage	0.122s	coverage: 88.3% of statements
ok  	github.com/docker/docker/pkg/locker	0.069s	coverage: 88.9% of statements
ok  	github.com/docker/docker/pkg/longpath	0.048s	coverage: 100.0% of statements
?   	github.com/docker/docker/pkg/mount	[no test files]
ok  	github.com/docker/docker/pkg/namesgenerator	0.071s	coverage: 85.7% of statements
?   	github.com/docker/docker/pkg/namesgenerator/cmd/names-generator	[no test files]
ok  	github.com/docker/docker/pkg/parsers	0.071s	coverage: 97.0% of statements
?   	github.com/docker/docker/pkg/parsers/kernel	[no test files]
?   	github.com/docker/docker/pkg/parsers/operatingsystem	[no test files]
ok  	github.com/docker/docker/pkg/pidfile	0.073s	coverage: 82.6% of statements
?   	github.com/docker/docker/pkg/platform	[no test files]
?   	github.com/docker/docker/pkg/plugingetter	[no test files]
ok  	github.com/docker/docker/pkg/plugins	34.932s	coverage: 73.6% of statements
ok  	github.com/docker/docker/pkg/plugins/pluginrpc-gen	0.054s	coverage: 56.8% of statements
?   	github.com/docker/docker/pkg/plugins/pluginrpc-gen/fixtures	[no test files]
?   	github.com/docker/docker/pkg/plugins/pluginrpc-gen/fixtures/otherfixture	[no test files]
ok  	github.com/docker/docker/pkg/plugins/transport	0.069s	coverage: 85.7% of statements
ok  	github.com/docker/docker/pkg/pools	0.074s	coverage: 87.9% of statements
ok  	github.com/docker/docker/pkg/progress	0.049s	coverage: 75.9% of statements
ok  	github.com/docker/docker/pkg/pubsub	1.095s	coverage: 72.7% of statements
ok  	github.com/docker/docker/pkg/reexec	0.128s	coverage: 82.4% of statements
ok  	github.com/docker/docker/pkg/signal	0.051s	coverage: 20.3% of statements
?   	github.com/docker/docker/pkg/signal/testfiles	[no test files]
ok  	github.com/docker/docker/pkg/stdcopy	0.058s	coverage: 100.0% of statements
ok  	github.com/docker/docker/pkg/streamformatter	0.052s	coverage: 66.2% of statements
ok  	github.com/docker/docker/pkg/stringid	0.066s	coverage: 76.0% of statements
?   	github.com/docker/docker/pkg/symlink	[no test files]
ok  	github.com/docker/docker/pkg/sysinfo	0.046s	coverage: 38.2% of statements
ok  	github.com/docker/docker/pkg/system	0.082s	coverage: 13.2% of statements
ok  	github.com/docker/docker/pkg/tailfile	0.050s	coverage: 88.6% of statements
ok  	github.com/docker/docker/pkg/tarsum	0.152s	coverage: 89.3% of statements
ok  	github.com/docker/docker/pkg/term	0.055s	coverage: 30.8% of statements
ok  	github.com/docker/docker/pkg/term/windows	0.046s	coverage: 0.0% of statements [no tests to run]
ok  	github.com/docker/docker/pkg/truncindex	0.160s	coverage: 91.5% of statements
ok  	github.com/docker/docker/pkg/urlutil	0.060s	coverage: 100.0% of statements
ok  	github.com/docker/docker/pkg/useragent	0.049s	coverage: 88.9% of statements
ok  	github.com/docker/docker/plugin	0.077s	coverage: 12.0% of statements
ok  	github.com/docker/docker/plugin/executor/containerd	0.143s	coverage: 33.3% of statements
ok  	github.com/docker/docker/plugin/v2	0.072s	coverage: 20.1% of statements
ok  	github.com/docker/docker/reference	0.106s	coverage: 84.2% of statements
ok  	github.com/docker/docker/registry	0.199s	coverage: 51.3% of statements
ok  	github.com/docker/docker/registry/resumable	0.150s	coverage: 100.0% of statements
ok  	github.com/docker/docker/restartmanager	0.057s	coverage: 49.0% of statements
ok  	github.com/docker/docker/runconfig	0.045s	coverage: 54.5% of statements
?   	github.com/docker/docker/runconfig/opts	[no test files]
?   	github.com/docker/docker/volume	[no test files]
ok  	github.com/docker/docker/volume/drivers	0.081s	coverage: 36.1% of statements
ok  	github.com/docker/docker/volume/local	0.059s	coverage: 36.4% of statements
ok  	github.com/docker/docker/volume/mounts	0.095s	coverage: 66.6% of statements
ok  	github.com/docker/docker/volume/service	0.192s	coverage: 70.3% of statements
?   	github.com/docker/docker/volume/service/opts	[no test files]
?   	github.com/docker/docker/volume/testutils	[no test files]
INFO: make.ps1 ended at 01/05/2019 09:21:16
INFO: Unit tests ended at 01/05/2019 09:21:18. Duration:00:02:58.5819073
INFO: Building busybox
Downloading build context from remote url: https://raw.githubusercontent.com/jhowardmsft/busybox/v1.0/Dockerfile     745B
Downloading build context from remote url: https://raw.githubusercontent.com/jhowardmsft/busybox/v1.0/Dockerfile     745B

Sending build context to Docker daemon   2.56kB

Step 1/6 : FROM microsoft/windowsservercore
 ---> eb1805404161
Step 2/6 : RUN mkdir C:\tmp && mkdir C:\busybox
 ---> Running in c80b9c8aafa5
Removing intermediate container c80b9c8aafa5
 ---> 028d354103eb
Step 3/6 : ADD http://frippery.org/files/busybox/busybox.exe /busybox/

 ---> 5bf7bfe4391d
Step 4/6 : RUN setx /M PATH "C:\busybox;%PATH%"
 ---> Running in 37eb350c3c18

SUCCESS: Specified value was saved.
Removing intermediate container 37eb350c3c18
 ---> 8549dfaea56a
Step 5/6 : RUN powershell busybox.exe --list ^|%{$nul = cmd /c mklink C:\busybox\$_.exe busybox.exe}
 ---> Running in 894e1ec9f0eb
Cannot create a file when that file already exists.
Removing intermediate container 894e1ec9f0eb
 ---> 9e9f869367fa
Step 6/6 : ENTRYPOINT ["C:/busybox/busybox.exe"]
 ---> Running in 32f6b8398671
Removing intermediate container 32f6b8398671
 ---> d5803d9ca57e
Successfully built d5803d9ca57e
Successfully tagged busybox:latest
INFO: Docker images of the daemon under test

REPOSITORY                    TAG                 IMAGE ID            CREATED                  SIZE
busybox                       latest              d5803d9ca57e        Less than a second ago   7.19GB
microsoft/windowsservercore   10.0.14393.2312     eb1805404161        6 months ago             7.15GB
microsoft/windowsservercore   latest              eb1805404161        6 months ago             7.15GB

INFO: Running integration tests at 01/05/2019 09:22:28...
INFO: Integration tests being run from the host:
INFO: go test "-check.v" "-tags" "autogen" "-check.timeout" "10m" "-test.timeout" "200m" 
INFO: DOCKER_HOST at tcp://127.0.0.1:2357
INFO: Windows Base image is  microsoft/windowsservercore
INFO: Testing against a local daemon
PASS: docker_api_test.go:36: DockerSuite.TestAPIClientVersionOldNotSupported	0.001s
SKIP: docker_api_network_test.go:239: DockerSuite.TestAPICreateDeletePredefinedNetworks (unmatched requirement DaemonIsLinux)
PASS: docker_api_create_test.go:15: DockerSuite.TestAPICreateWithInvalidHealthcheckParams	0.010s
PASS: docker_api_test.go:60: DockerSuite.TestAPIErrorJSON	0.002s
PASS: docker_api_test.go:91: DockerSuite.TestAPIErrorNotFoundJSON	0.001s
PASS: docker_api_test.go:102: DockerSuite.TestAPIErrorNotFoundPlainText	0.000s
SKIP: docker_api_test.go:74: DockerSuite.TestAPIErrorPlainText (unmatched requirement DaemonIsLinux)
PASS: docker_api_test.go:24: DockerSuite.TestAPIGetEnabledCORS	0.001s
PASS: docker_api_images_test.go:90: DockerSuite.TestAPIImagesDelete	1.211s
PASS: docker_api_images_test.go:22: DockerSuite.TestAPIImagesFilter	0.242s
PASS: docker_api_images_test.go:114: DockerSuite.TestAPIImagesHistory	0.922s
PASS: docker_api_images_test.go:140: DockerSuite.TestAPIImagesImportBadSrc	0.351s
PASS: docker_api_images_test.go:60: DockerSuite.TestAPIImagesSaveAndLoad	203.230s
PASS: docker_api_images_test.go:175: DockerSuite.TestAPIImagesSearchJSONContentType	0.701s
PASS: docker_api_images_test.go:187: DockerSuite.TestAPIImagesSizeCompatibility	0.012s
SKIP: docker_api_ipcmode_test.go:51: DockerSuite.TestAPIIpcModeHost (unmatched requirement DaemonIsLinux)
SKIP: docker_api_network_test.go:129: DockerSuite.TestAPINetworkConnectDisconnect (unmatched requirement DaemonIsLinux)
SKIP: docker_api_network_test.go:29: DockerSuite.TestAPINetworkCreateCheckDuplicate (unmatched requirement DaemonIsLinux)
SKIP: docker_api_network_test.go:67: DockerSuite.TestAPINetworkFilter (unmatched requirement DaemonIsLinux)
SKIP: docker_api_network_test.go:20: DockerSuite.TestAPINetworkGetDefaults (unmatched requirement DaemonIsLinux)
SKIP: docker_api_network_test.go:170: DockerSuite.TestAPINetworkIPAMMultipleBridgeNetworks (unmatched requirement DaemonIsLinux)
SKIP: docker_api_network_test.go:73: DockerSuite.TestAPINetworkInspectBridge (unmatched requirement DaemonIsLinux)
SKIP: docker_api_network_test.go:98: DockerSuite.TestAPINetworkInspectUserDefinedNetwork (unmatched requirement DaemonIsLinux)
PASS: docker_api_test.go:18: DockerSuite.TestAPIOptionsRoute	0.000s
SKIP: docker_api_stats_test.go:263: DockerSuite.TestAPIStatsContainerNotFound (unmatched requirement DaemonIsLinux)
PASS: docker_api_stats_test.go:99: DockerSuite.TestAPIStatsNetworkStats	17.188s
SKIP: docker_api_stats_test.go:166: DockerSuite.TestAPIStatsNetworkStatsVersioning (unmatched requirement DaemonIsLinux)
SKIP: docker_api_stats_test.go:277: DockerSuite.TestAPIStatsNoStreamConnectedContainers (unmatched requirement DaemonIsLinux)
PASS: docker_api_stats_test.go:25: DockerSuite.TestAPIStatsNoStreamGetCpu	14.116s
PASS: docker_api_stats_test.go:64: DockerSuite.TestAPIStatsStoppedContainerInGoroutines	12.173s
SKIP: docker_cli_run_test.go:3181: DockerSuite.TestAppArmorDeniesChmodProc (unmatched requirement Apparmor)
SKIP: docker_cli_run_test.go:3159: DockerSuite.TestAppArmorDeniesPtrace (unmatched requirement Apparmor)
SKIP: docker_cli_run_test.go:3171: DockerSuite.TestAppArmorTraceSelf (unmatched requirement DaemonIsLinux)
SKIP: docker_cli_attach_test.go:135: DockerSuite.TestAttachDisconnect (unmatched requirement DaemonIsLinux)
PASS: docker_cli_attach_test.go:20: DockerSuite.TestAttachMultipleAndRestart	14.886s
SKIP: docker_cli_attach_test.go:168: DockerSuite.TestAttachPausedContainer (unmatched requirement IsPausable)
SKIP: docker_cli_attach_test.go:90: DockerSuite.TestAttachTTYWithoutStdin (unmatched requirement DaemonIsLinux)
PASS: docker_api_build_test.go:160: DockerSuite.TestBuildAPIBuildGitWithF	20.186s
PASS: docker_api_build_test.go:26: DockerSuite.TestBuildAPIDockerFileRemote	115.966s
SKIP: docker_api_build_test.go:181: DockerSuite.TestBuildAPIDoubleDockerfile (unmatched requirement UnixCli)
PASS: docker_api_build_test.go:142: DockerSuite.TestBuildAPILowerDockerfile	19.885s
PASS: docker_api_build_test.go:57: DockerSuite.TestBuildAPIRemoteTarballContext	0.006s
PASS: docker_api_build_test.go:88: DockerSuite.TestBuildAPIRemoteTarballContextWithCustomDockerfile	17.237s
PASS: docker_api_build_test.go:203: DockerSuite.TestBuildAPIUnnormalizedTarPaths	1.443s
SKIP: docker_cli_build_test.go:572: DockerSuite.TestBuildAddAndCopyFileWithWhitespace (unmatched requirement DaemonIsLinux)
SKIP: docker_cli_build_test.go:925: DockerSuite.TestBuildAddBadLinks (unmatched requirement DaemonIsLinux)
SKIP: docker_cli_build_test.go:1005: DockerSuite.TestBuildAddBadLinksVolume (unmatched requirement DaemonIsLinux)
PASS: docker_cli_build_test.go:2884: DockerSuite.TestBuildAddBrokenTar	0.213s
PASS: docker_api_build_test.go:477: DockerSuite.TestBuildAddCacheOnFileChange	1.459s
PASS: docker_cli_build_test.go:1862: DockerSuite.TestBuildAddCurrentDirWithCache	4.613s
PASS: docker_cli_build_test.go:1909: DockerSuite.TestBuildAddCurrentDirWithoutCache	2.550s
SKIP: docker_cli_build_test.go:750: DockerSuite.TestBuildAddDirContentToExistingDir (unmatched requirement DaemonIsLinux)
SKIP: docker_cli_build_test.go:736: DockerSuite.TestBuildAddDirContentToRoot (unmatched requirement DaemonIsLinux)
PASS: docker_cli_build_test.go:2188: DockerSuite.TestBuildAddFileNotFound	0.086s
PASS: docker_cli_build_test.go:1996: DockerSuite.TestBuildAddLocalAndRemoteFilesWithAndWithoutCache	4.889s
PASS: docker_cli_build_test.go:1806: DockerSuite.TestBuildAddMultipleLocalFileWithAndWithoutCache	43.103s
PASS: docker_cli_build_test.go:2935: DockerSuite.TestBuildAddNonTar	18.997s
PASS: docker_cli_build_test.go:784: DockerSuite.TestBuildAddOrCopyEtcToRootShouldNotConflict	1.653s
SKIP: docker_cli_build_test.go:796: DockerSuite.TestBuildAddPreservesFilesSpecialBits (unmatched requirement DaemonIsLinux)
PASS: docker_cli_build_test.go:1953: DockerSuite.TestBuildAddRemoteFileMTime	4.043s
PASS: docker_cli_build_test.go:1928: DockerSuite.TestBuildAddRemoteFileWithAndWithoutCache	2.648s
PASS: docker_api_build_test.go:364: DockerSuite.TestBuildAddRemoteNoDecompress	19.273s
SKIP: docker_cli_build_test.go:2814: DockerSuite.TestBuildAddScript (unmatched requirement DaemonIsLinux)
SKIP: docker_cli_build_test.go:504: DockerSuite.TestBuildAddSingleFileToExistDir (unmatched requirement DaemonIsLinux)
SKIP: docker_cli_build_test.go:721: DockerSuite.TestBuildAddSingleFileToNonExistingDir (unmatched requirement DaemonIsLinux)
SKIP: docker_cli_build_test.go:465: DockerSuite.TestBuildAddSingleFileToRoot (unmatched requirement DaemonIsLinux)
PASS: docker_cli_build_test.go:481: DockerSuite.TestBuildAddSingleFileToWorkdir	0.807s
PASS: docker_cli_build_test.go:2830: DockerSuite.TestBuildAddTar	136.619s
SKIP: docker_cli_build_test.go:2948: DockerSuite.TestBuildAddTarXz (unmatched requirement DaemonIsLinux)
SKIP: docker_cli_build_test.go:2997: DockerSuite.TestBuildAddTarXzGz (unmatched requirement DaemonIsLinux)
PASS: docker_cli_build_test.go:2244: DockerSuite.TestBuildAddToSymlinkDest	73.725s
SKIP: docker_cli_build_test.go:766: DockerSuite.TestBuildAddWholeDirToRoot (unmatched requirement DaemonIsLinux)
PASS: docker_cli_build_test.go:1439: DockerSuite.TestBuildBlankName	0.244s
PASS: docker_cli_build_test.go:4086: DockerSuite.TestBuildBuildTimeArg	33.936s
SKIP: docker_cli_build_test.go:4458: DockerSuite.TestBuildBuildTimeArgBuiltinArg (unmatched requirement DaemonIsLinux)
PASS: docker_cli_build_test.go:4180: DockerSuite.TestBuildBuildTimeArgCacheHit	18.984s
PASS: docker_cli_build_test.go:4204: DockerSuite.TestBuildBuildTimeArgCacheMissExtraArg	35.682s
PASS: docker_cli_build_test.go:4235: DockerSuite.TestBuildBuildTimeArgCacheMissSameArgDiffVal	36.428s
SKIP: docker_cli_build_test.go:4481: DockerSuite.TestBuildBuildTimeArgDefaultOverride (unmatched requirement DaemonIsLinux)
PASS: docker_cli_build_test.go:4620: DockerSuite.TestBuildBuildTimeArgDefinitionWithNoEnvInjection	19.801s
SKIP: docker_cli_build_test.go:4604: DockerSuite.TestBuildBuildTimeArgEmptyValVariants (unmatched requirement DaemonIsLinux)
SKIP: docker_cli_build_test.go:4523: DockerSuite.TestBuildBuildTimeArgEnv (unmatched requirement DaemonIsLinux)
PASS: docker_cli_build_test.go:4316: DockerSuite.TestBuildBuildTimeArgExpansion	10.985s
SKIP: docker_cli_build_test.go:4406: DockerSuite.TestBuildBuildTimeArgExpansionOverride (unmatched requirement DaemonIsLinux)
PASS: docker_cli_build_test.go:4119: DockerSuite.TestBuildBuildTimeArgHistory	0.900s
SKIP: docker_cli_build_test.go:4260: DockerSuite.TestBuildBuildTimeArgOverrideArgDefinedBeforeEnv (unmatched requirement DaemonIsLinux)
SKIP: docker_cli_build_test.go:4289: DockerSuite.TestBuildBuildTimeArgOverrideEnvDefinedBeforeArg (unmatched requirement DaemonIsLinux)
PASS: docker_cli_build_test.go:4583: DockerSuite.TestBuildBuildTimeArgQuotedValVariants	96.579s
PASS: docker_cli_build_test.go:4507: DockerSuite.TestBuildBuildTimeArgUnconsumedArg	17.459s
SKIP: docker_cli_build_test.go:4434: DockerSuite.TestBuildBuildTimeArgUntrustedDefinedAfterUse (unmatched requirement DaemonIsLinux)
SKIP: docker_cli_build_test.go:370: DockerSuite.TestBuildCacheAdd (unmatched requirement DaemonIsLinux)
PASS: docker_cli_build_test.go:4757: DockerSuite.TestBuildCacheBrokenSymlink	1.682s
SKIP: docker_cli_build_test.go:5408: DockerSuite.TestBuildCacheFrom (unmatched requirement DaemonIsLinux)
PASS: docker_cli_build_test.go:5386: DockerSuite.TestBuildCacheFromEqualDiffIDsLength	18.945s
PASS: docker_cli_build_test.go:4869: DockerSuite.TestBuildCacheRootSource	1.627s
SKIP: docker_api_build_test.go:408: DockerSuite.TestBuildChownOnCopy (unmatched requirement DaemonIsLinux)
SKIP: docker_cli_build_test.go:3576: DockerSuite.TestBuildChownSingleFile (unmatched requirement UnixCli)
PASS: docker_cli_build_test.go:3136: DockerSuite.TestBuildCleanupCmdOnEntrypoint	2.535s
PASS: docker_cli_build_test.go:3155: DockerSuite.TestBuildClearCmd	1.622s
PASS: docker_cli_build_test.go:1576: DockerSuite.TestBuildCmd	0.915s
PASS: docker_cli_build_test.go:3239: DockerSuite.TestBuildCmdJSONNoShDashC	0.897s
PASS: docker_cli_build_test.go:3198: DockerSuite.TestBuildCmdShDashC	0.903s
PASS: docker_cli_build_test.go:5336: DockerSuite.TestBuildCmdShellArgsEscaped	16.298s
PASS: docker_cli_build_test.go:3213: DockerSuite.TestBuildCmdSpaces	3.612s
SKIP: docker_cli_build_test.go:2644: DockerSuite.TestBuildCommentsShebangs (unmatched requirement DaemonIsLinux)
PASS: docker_cli_build_test.go:1772: DockerSuite.TestBuildConditionalCache	1.962s
PASS: docker_cli_build_test.go:5597: DockerSuite.TestBuildContChar	54.042s
SKIP: docker_cli_build_test.go:3970: DockerSuite.TestBuildContainerWithCgroupParent (unmatched requirement DaemonIsLinux)
PASS: docker_cli_build_test.go:1511: DockerSuite.TestBuildContextCleanup	0.877s
PASS: docker_cli_build_test.go:1533: DockerSuite.TestBuildContextCleanupFailedBuild	14.376s
PASS: docker_cli_build_test.go:2044: DockerSuite.TestBuildContextTarGzip	1.552s
PASS: docker_cli_build_test.go:2048: DockerSuite.TestBuildContextTarNoCompression	0.810s
SKIP: docker_cli_build_test.go:520: DockerSuite.TestBuildCopyAddMultipleFiles (unmatched requirement DaemonIsLinux)
PASS: docker_api_build_test.go:438: DockerSuite.TestBuildCopyCacheOnFileChange	1.473s
PASS: docker_cli_build_test.go:1838: DockerSuite.TestBuildCopyDirButNotFile	1.110s
SKIP: docker_cli_build_test.go:892: DockerSuite.TestBuildCopyDirContentToExistDir (unmatched requirement DaemonIsLinux)
SKIP: docker_cli_build_test.go:878: DockerSuite.TestBuildCopyDirContentToRoot (unmatched requirement DaemonIsLinux)
PASS: docker_cli_build_test.go:6021: DockerSuite.TestBuildCopyFileDotWithWorkdir	20.412s
PASS: docker_cli_build_test.go:605: DockerSuite.TestBuildCopyFileWithWhitespaceOnWindows	144.503s
PASS: docker_cli_build_test.go:5894: DockerSuite.TestBuildCopyFromForbidWindowsRelativePaths	0.943s
PASS: docker_cli_build_test.go:5877: DockerSuite.TestBuildCopyFromForbidWindowsSystemPaths	0.705s
PASS: docker_cli_build_test.go:5912: DockerSuite.TestBuildCopyFromWindowsIsCaseInsensitive	20.478s
SKIP: docker_cli_build_test.go:847: DockerSuite.TestBuildCopySingleFileToExistDir (unmatched requirement DaemonIsLinux)
SKIP: docker_cli_build_test.go:863: DockerSuite.TestBuildCopySingleFileToNonExistDir (unmatched requirement DaemonIsLinux)
SKIP: docker_cli_build_test.go:809: DockerSuite.TestBuildCopySingleFileToRoot (unmatched requirement DaemonIsLinux)
PASS: docker_cli_build_test.go:825: DockerSuite.TestBuildCopySingleFileToWorkdir	0.817s
SKIP: docker_cli_build_test.go:908: DockerSuite.TestBuildCopyWholeDirToRoot (unmatched requirement DaemonIsLinux)
PASS: docker_cli_build_test.go:635: DockerSuite.TestBuildCopyWildcard	94.596s
PASS: docker_cli_build_test.go:695: DockerSuite.TestBuildCopyWildcardCache	1.029s
SKIP: docker_cli_build_test.go:675: DockerSuite.TestBuildCopyWildcardInName (unmatched requirement DaemonIsLinux)
PASS: docker_cli_build_test.go:5137: DockerSuite.TestBuildDeleteCommittedFile	74.106s
PASS: docker_cli_build_test.go:2067: DockerSuite.TestBuildDockerfileStdin	1.647s
PASS: docker_cli_build_test.go:2087: DockerSuite.TestBuildDockerfileStdinConflict	0.074s
PASS: docker_cli_build_test.go:2101: DockerSuite.TestBuildDockerfileStdinDockerignore	16.471s
PASS: docker_cli_build_test.go:2105: DockerSuite.TestBuildDockerfileStdinDockerignoreIgnored	16.248s
PASS: docker_cli_build_test.go:2097: DockerSuite.TestBuildDockerfileStdinNoExtraFiles	15.715s
PASS: docker_cli_build_test.go:2295: DockerSuite.TestBuildDockerignore	206.579s
PASS: docker_cli_build_test.go:2333: DockerSuite.TestBuildDockerignoreCleanPaths	20.479s
SKIP: docker_cli_build_test.go:5147: DockerSuite.TestBuildDockerignoreComment (unmatched requirement DaemonIsLinux)
PASS: docker_cli_build_test.go:2347: DockerSuite.TestBuildDockerignoreExceptions	224.571s
PASS: docker_cli_build_test.go:2444: DockerSuite.TestBuildDockerignoreTouchDockerfile	1.359s
PASS: docker_cli_build_test.go:2520: DockerSuite.TestBuildDockerignoringBadExclusion	0.080s
PASS: docker_cli_build_test.go:2392: DockerSuite.TestBuildDockerignoringDockerfile	77.410s
PASS: docker_cli_build_test.go:2431: DockerSuite.TestBuildDockerignoringDockerignore	38.207s
PASS: docker_cli_build_test.go:2503: DockerSuite.TestBuildDockerignoringOnlyDotfiles	38.962s
PASS: docker_cli_build_test.go:2410: DockerSuite.TestBuildDockerignoringRenamedDockerfile	114.071s
PASS: docker_cli_build_test.go:2486: DockerSuite.TestBuildDockerignoringWholeDir	38.238s
PASS: docker_cli_build_test.go:2559: DockerSuite.TestBuildDockerignoringWildDirs	38.108s
PASS: docker_cli_build_test.go:2537: DockerSuite.TestBuildDockerignoringWildTopDir	309.557s
PASS: docker_cli_build_test.go:3941: DockerSuite.TestBuildDotDotFile	0.093s
SKIP: docker_cli_build_test.go:2633: DockerSuite.TestBuildEOLInLine (unmatched requirement DaemonIsLinux)
SKIP: docker_cli_build_test.go:3167: DockerSuite.TestBuildEmptyCmd (unmatched requirement DaemonIsLinux)
PASS: docker_cli_build_test.go:1703: DockerSuite.TestBuildEmptyEntrypoint	0.911s
PASS: docker_cli_build_test.go:1680: DockerSuite.TestBuildEmptyEntrypointInheritance	1.802s
SKIP: docker_cli_build_test.go:3933: DockerSuite.TestBuildEmptyScratch (unmatched requirement DaemonIsLinux)
PASS: docker_cli_build_test.go:3958: DockerSuite.TestBuildEmptyStringVolume	0.875s
PASS: docker_cli_build_test.go:1717: DockerSuite.TestBuildEntrypoint	0.909s
PASS: docker_cli_build_test.go:3250: DockerSuite.TestBuildEntrypointCanBeOverriddenByChild	32.729s
PASS: docker_cli_build_test.go:3270: DockerSuite.TestBuildEntrypointCanBeOverriddenByChildInspect	16.949s
PASS: docker_cli_build_test.go:2169: DockerSuite.TestBuildEntrypointRunCleanup	18.594s
SKIP: docker_cli_build_test.go:1468: DockerSuite.TestBuildEnv (unmatched requirement DaemonIsLinux)
SKIP: docker_cli_build_test.go:301: DockerSuite.TestBuildEnvEscapes (unmatched requirement DaemonIsLinux)
SKIP: docker_cli_build_test.go:318: DockerSuite.TestBuildEnvOverwrite (unmatched requirement DaemonIsLinux)
SKIP: docker_cli_build_test.go:2714: DockerSuite.TestBuildEnvUsage (unmatched requirement DaemonIsLinux)
SKIP: docker_cli_build_test.go:2745: DockerSuite.TestBuildEnvUsage2 (unmatched requirement DaemonIsLinux)
PASS: docker_cli_build_test.go:146: DockerSuite.TestBuildEnvironmentReplacementAddCopy	6.681s
SKIP: docker_cli_build_test.go:170: DockerSuite.TestBuildEnvironmentReplacementEnv (unmatched requirement DaemonIsLinux)
SKIP: docker_cli_build_test.go:101: DockerSuite.TestBuildEnvironmentReplacementExpose (unmatched requirement DaemonIsLinux)
SKIP: docker_cli_build_test.go:59: DockerSuite.TestBuildEnvironmentReplacementUser (unmatched requirement DaemonIsLinux)
PASS: docker_cli_build_test.go:76: DockerSuite.TestBuildEnvironmentReplacementVolume	1.648s
PASS: docker_cli_build_test.go:126: DockerSuite.TestBuildEnvironmentReplacementWorkdir	19.880s
PASS: docker_cli_build_test.go:5314: DockerSuite.TestBuildEscapeNotBackslashWordTest	43.694s
PASS: docker_cli_build_test.go:2262: DockerSuite.TestBuildEscapeWhitespace	0.895s
SKIP: docker_cli_build_test.go:3301: DockerSuite.TestBuildExoticShellInterpolation (unmatched requirement DaemonIsLinux)
SKIP: docker_cli_build_test.go:1589: DockerSuite.TestBuildExpose (unmatched requirement DaemonIsLinux)
SKIP: docker_cli_build_test.go:1603: DockerSuite.TestBuildExposeMorePorts (unmatched requirement DaemonIsLinux)
SKIP: docker_cli_build_test.go:1652: DockerSuite.TestBuildExposeOrder (unmatched requirement DaemonIsLinux)
SKIP: docker_cli_build_test.go:1668: DockerSuite.TestBuildExposeUpperCaseProto (unmatched requirement DaemonIsLinux)
PASS: docker_cli_build_test.go:2226: DockerSuite.TestBuildFails	15.717s
PASS: docker_cli_build_test.go:4894: DockerSuite.TestBuildFailsGitNotCallable	0.101s
PASS: docker_cli_build_test.go:4814: DockerSuite.TestBuildFollowSymlinkToDir	32.776s
PASS: docker_cli_build_test.go:4784: DockerSuite.TestBuildFollowSymlinkToFile	32.619s
PASS: docker_cli_build_test.go:1169: DockerSuite.TestBuildForceRm	34.028s
PASS: docker_cli_build_test.go:3050: DockerSuite.TestBuildFromGit	21.000s
PASS: docker_cli_build_test.go:3069: DockerSuite.TestBuildFromGitWithContext	1.915s
PASS: docker_cli_build_test.go:3088: DockerSuite.TestBuildFromGitWithF	19.718s
SKIP: docker_cli_build_test.go:3698: DockerSuite.TestBuildFromMixedcaseDockerfile (unmatched requirement UnixCli)
PASS: docker_cli_build_test.go:3774: DockerSuite.TestBuildFromOfficialNames	0.936s
PASS: docker_cli_build_test.go:3101: DockerSuite.TestBuildFromRemoteTarball	0.950s
SKIP: docker_cli_build_test.go:3749: DockerSuite.TestBuildFromStdinWithF (unmatched requirement DaemonIsLinux)
PASS: docker_cli_build_test.go:3722: DockerSuite.TestBuildFromURLWithF	36.681s
SKIP: docker_cli_build_test.go:233: DockerSuite.TestBuildHandleEscapesInVolume (unmatched requirement DaemonIsLinux)
PASS: docker_cli_history_test.go:16: DockerSuite.TestBuildHistory	19.523s
PASS: docker_cli_build_test.go:6160: DockerSuite.TestBuildIidFile	1.695s
PASS: docker_cli_build_test.go:6185: DockerSuite.TestBuildIidFileCleanupOnFail	16.239s
SKIP: docker_cli_build_test.go:2205: DockerSuite.TestBuildInheritance (unmatched requirement DaemonIsLinux)
PASS: docker_cli_build_test.go:5951: DockerSuite.TestBuildIntermediateTarget	1.237s
PASS: docker_cli_build_test.go:3190: DockerSuite.TestBuildInvalidTag	0.071s
PASS: docker_cli_build_test.go:33: DockerSuite.TestBuildJSONEmptyRun	18.068s
PASS: docker_cli_build_test.go:4920: DockerSuite.TestBuildLabel	1.653s
PASS: docker_cli_build_test.go:4951: DockerSuite.TestBuildLabelCacheCommit	0.965s
PASS: docker_cli_build_test.go:4972: DockerSuite.TestBuildLabelMultiple	1.627s
PASS: docker_cli_build_test.go:4937: DockerSuite.TestBuildLabelOneNode	0.931s
PASS: docker_cli_build_test.go:3375: DockerSuite.TestBuildLabels	1.608s
PASS: docker_cli_build_test.go:3387: DockerSuite.TestBuildLabelsCache	2.296s
PASS: docker_cli_build_test.go:5058: DockerSuite.TestBuildLabelsOverride	9.955s
SKIP: docker_cli_build_test.go:390: DockerSuite.TestBuildLastModified (unmatched requirement DaemonIsLinux)
SKIP: docker_cli_build_test.go:2622: DockerSuite.TestBuildLineBreak (unmatched requirement DaemonIsLinux)
PASS: docker_cli_build_test.go:6089: DockerSuite.TestBuildLineErrorOnBuild	0.077s
PASS: docker_cli_build_test.go:6100: DockerSuite.TestBuildLineErrorUnknownInstruction	0.076s
PASS: docker_cli_build_test.go:6131: DockerSuite.TestBuildLineErrorWithComments	0.078s
PASS: docker_cli_build_test.go:6114: DockerSuite.TestBuildLineErrorWithEmptyLines	0.079s
PASS: docker_cli_build_test.go:1266: DockerSuite.TestBuildMaintainer	0.915s
PASS: docker_cli_build_test.go:3888: DockerSuite.TestBuildMissingArgs	0.813s
PASS: docker_cli_build_test.go:443: DockerSuite.TestBuildModifyFileInFolder	20.702s
SKIP: docker_cli_build_test.go:5931: DockerSuite.TestBuildMulitStageResetScratch (unmatched requirement DaemonIsLinux)
PASS: docker_cli_build_test.go:4634: DockerSuite.TestBuildMultiStageArg	69.701s
SKIP: docker_cli_build_test.go:5502: DockerSuite.TestBuildMultiStageCache (unmatched requirement DaemonIsLinux)
PASS: docker_cli_build_test.go:5681: DockerSuite.TestBuildMultiStageCopyFromErrors	2.180s
PASS: docker_cli_build_test.go:5623: DockerSuite.TestBuildMultiStageCopyFromSyntax	152.546s
PASS: docker_cli_build_test.go:4658: DockerSuite.TestBuildMultiStageGlobalArg	68.432s
PASS: docker_cli_build_test.go:5761: DockerSuite.TestBuildMultiStageImplicitFrom	31.496s
PASS: docker_cli_build_test.go:5728: DockerSuite.TestBuildMultiStageMultipleBuilds	33.367s
PASS: docker_cli_build_test.go:5843: DockerSuite.TestBuildMultiStageMultipleBuildsWindows	31.848s
PASS: docker_cli_build_test.go:5818: DockerSuite.TestBuildMultiStageNameVariants	86.289s
PASS: docker_cli_build_test.go:4683: DockerSuite.TestBuildMultiStageUnusedArg	35.664s
PASS: docker_cli_build_test.go:4744: DockerSuite.TestBuildMultipleTags	1.016s
SKIP: docker_cli_build_test.go:5538: DockerSuite.TestBuildNetContainer (unmatched requirement DaemonIsLinux)
SKIP: docker_cli_build_test.go:5526: DockerSuite.TestBuildNetNone (unmatched requirement DaemonIsLinux)
PASS: docker_cli_build_test.go:2052: DockerSuite.TestBuildNoContext	15.978s
PASS: docker_cli_build_test.go:3998: DockerSuite.TestBuildNoDupOutput	18.900s
PASS: docker_cli_build_test.go:4703: DockerSuite.TestBuildNoNamedVolume	15.874s
PASS: docker_cli_build_test.go:3500: DockerSuite.TestBuildNotVerboseFailure	0.306s
PASS: docker_cli_build_test.go:3528: DockerSuite.TestBuildNotVerboseFailureRemote	0.174s
PASS: docker_cli_build_test.go:3479: DockerSuite.TestBuildNotVerboseFailureWithNonExistImage	2.234s
PASS: docker_cli_build_test.go:3428: DockerSuite.TestBuildNotVerboseSuccess	1.373s
PASS: docker_cli_build_test.go:4048: DockerSuite.TestBuildNullStringInAddCopyVolume	2.256s
PASS: docker_cli_build_test.go:2235: DockerSuite.TestBuildOnBuild	38.952s
PASS: docker_api_build_test.go:285: DockerSuite.TestBuildOnBuildCache	2.258s
PASS: docker_cli_build_test.go:336: DockerSuite.TestBuildOnBuildCmdEntrypointJSON	37.625s
PASS: docker_cli_build_test.go:353: DockerSuite.TestBuildOnBuildEntrypointJSON	17.027s
PASS: docker_cli_build_test.go:1732: DockerSuite.TestBuildOnBuildLimitedInheritance	36.928s
PASS: docker_cli_build_test.go:277: DockerSuite.TestBuildOnBuildLowercase	18.872s
PASS: docker_cli_build_test.go:3180: DockerSuite.TestBuildOnBuildOutput	19.532s
PASS: docker_api_build_test.go:260: DockerSuite.TestBuildOnBuildWithCopy	1.430s
SKIP: docker_cli_build_test.go:5989: DockerSuite.TestBuildOpaqueDirectory (unmatched requirement DaemonIsLinux)
SKIP: docker_cli_build_test.go:1482: DockerSuite.TestBuildPATH (unmatched requirement DaemonIsLinux)
PASS: docker_cli_build_test.go:4026: DockerSuite.TestBuildRUNErrMsg	15.196s
SKIP: docker_cli_build_test.go:3948: DockerSuite.TestBuildRUNoneJSON (unmatched requirement DaemonIsLinux)
PASS: docker_cli_build_test.go:1400: DockerSuite.TestBuildRelativeCopy	163.808s
PASS: docker_cli_build_test.go:1293: DockerSuite.TestBuildRelativeWorkdir	79.124s
PASS: docker_cli_build_test.go:1188: DockerSuite.TestBuildRm	54.150s
PASS: docker_cli_build_test.go:3294: DockerSuite.TestBuildRunShEntrypoint	15.810s
SKIP: docker_cli_build_test.go:1750: DockerSuite.TestBuildSameDockerfileWithAndWithoutCache (unmatched requirement DaemonIsLinux)
SKIP: docker_api_build_test.go:516: DockerSuite.TestBuildScratchCopy (unmatched requirement DaemonIsLinux)
PASS: docker_cli_build_test.go:6145: DockerSuite.TestBuildSetCommandWithDefinedShell	1.717s
PASS: docker_cli_build_test.go:40: DockerSuite.TestBuildShCmdJSONEntrypoint	16.893s
PASS: docker_cli_build_test.go:5261: DockerSuite.TestBuildShellEntrypoint	17.530s
PASS: docker_cli_build_test.go:5276: DockerSuite.TestBuildShellInherited	19.095s
PASS: docker_cli_build_test.go:5225: DockerSuite.TestBuildShellMultiple	71.775s
PASS: docker_cli_build_test.go:5289: DockerSuite.TestBuildShellNotJSON	0.090s
PASS: docker_cli_build_test.go:5208: DockerSuite.TestBuildShellUpdatesConfig	0.984s
PASS: docker_cli_build_test.go:5302: DockerSuite.TestBuildShellWindowsPowershell	24.472s
PASS: docker_cli_build_test.go:3792: DockerSuite.TestBuildSpaces	0.320s
PASS: docker_cli_build_test.go:3855: DockerSuite.TestBuildSpacesWithQuotes	18.179s
PASS: docker_cli_build_test.go:4015: DockerSuite.TestBuildStartsFromOne	0.087s
PASS: docker_cli_build_test.go:3558: DockerSuite.TestBuildStderr	18.826s
PASS: docker_cli_build_test.go:5357: DockerSuite.TestBuildStepsWithProgress	91.567s
SKIP: docker_cli_build_test.go:4068: DockerSuite.TestBuildStopSignal (unmatched requirement DaemonIsLinux)
PASS: docker_cli_build_test.go:4848: DockerSuite.TestBuildSymlinkBasename	16.173s
PASS: docker_cli_build_test.go:3600: DockerSuite.TestBuildSymlinkBreakout	1.617s
PASS: docker_cli_build_test.go:4720: DockerSuite.TestBuildTagEvent	18.121s
PASS: docker_cli_build_test.go:4140: DockerSuite.TestBuildTimeArgHistoryExclusions	20.614s
SKIP: docker_cli_build_test.go:1279: DockerSuite.TestBuildUser (unmatched requirement DaemonIsLinux)
SKIP: docker_cli_build_test.go:553: DockerSuite.TestBuildUsernamespaceValidateRemappedRoot (unmatched requirement DaemonIsLinux)
SKIP: docker_cli_build_test.go:2658: DockerSuite.TestBuildUsersAndGroups (unmatched requirement DaemonIsLinux)
PASS: docker_cli_build_test.go:3346: DockerSuite.TestBuildVerboseOut	18.035s
PASS: docker_cli_build_test.go:2280: DockerSuite.TestBuildVerifyIntString	0.898s
PASS: docker_cli_build_test.go:3326: DockerSuite.TestBuildVerifySingleQuoteFails	16.785s
SKIP: docker_cli_build_test.go:3875: DockerSuite.TestBuildVolumeFileExistsinContainer (unmatched requirement DaemonIsLinux)
SKIP: docker_cli_build_test.go:3668: DockerSuite.TestBuildVolumesRetainContents (unmatched requirement DaemonIsLinux)
PASS: docker_cli_build_test.go:1346: DockerSuite.TestBuildWindowsAddCopyPathProcessing	83.405s
PASS: docker_cli_build_test.go:6034: DockerSuite.TestBuildWindowsEnvCaseInsensitive	0.900s
PASS: docker_cli_build_test.go:6004: DockerSuite.TestBuildWindowsUser	39.417s
PASS: docker_cli_build_test.go:1335: DockerSuite.TestBuildWindowsWorkdirProcessing	20.914s
SKIP: docker_cli_build_test.go:5554: DockerSuite.TestBuildWithExtraHost (unmatched requirement DaemonIsLinux)
SKIP: docker_cli_build_test.go:5570: DockerSuite.TestBuildWithExtraHostInvalidFormat (unmatched requirement DaemonIsLinux)
PASS: docker_cli_build_test.go:5368: DockerSuite.TestBuildWithFailure	15.347s
SKIP: docker_cli_build_test.go:1048: DockerSuite.TestBuildWithInaccessibleFilesInContext (unmatched requirement DaemonIsLinux)
PASS: docker_api_build_windows_test.go:16: DockerSuite.TestBuildWithRecycleBin	51.771s
PASS: docker_cli_build_test.go:3360: DockerSuite.TestBuildWithTabs	18.573s
PASS: docker_cli_build_test.go:5181: DockerSuite.TestBuildWithUTF8BOM	0.096s
PASS: docker_cli_build_test.go:5191: DockerSuite.TestBuildWithUTF8BOMDockerignore	57.724s
SKIP: docker_cli_build_test.go:2149: DockerSuite.TestBuildWithVolumeOwnership (unmatched requirement DaemonIsLinux)
SKIP: docker_cli_build_test.go:1231: DockerSuite.TestBuildWithVolumes (unmatched requirement DaemonIsLinux)
SKIP: docker_cli_build_test.go:6075: DockerSuite.TestBuildWorkdirCmd (unmatched requirement DaemonIsLinux)
PASS: docker_cli_build_test.go:6048: DockerSuite.TestBuildWorkdirImageCmd	1.904s
PASS: docker_cli_build_test.go:4909: DockerSuite.TestBuildWorkdirWindowsPath	35.013s
PASS: docker_cli_build_test.go:1379: DockerSuite.TestBuildWorkdirWithEnvVariables	3.228s
SKIP: docker_cli_build_test.go:3650: DockerSuite.TestBuildXZHost (unmatched requirement DaemonIsLinux)
SKIP: docker_cli_proxy_test.go:12: DockerSuite.TestCLIProxyDisableProxyUnixSock (unmatched requirement DaemonIsLinux)
SKIP: docker_cli_sni_test.go:16: DockerSuite.TestClientSetsTLSServerName (Flakey test)
PASS: docker_cli_run_test.go:3683: DockerSuite.TestCmdCannotBeInvoked	14.518s
PASS: docker_cli_commit_test.go:12: DockerSuite.TestCommitAfterContainerIsDone	19.045s
PASS: docker_cli_commit_test.go:106: DockerSuite.TestCommitChange	19.144s
PASS: docker_cli_commit_test.go:156: DockerSuite.TestCommitChangeLabels	18.998s
SKIP: docker_cli_commit_test.go:67: DockerSuite.TestCommitHardlink (unmatched requirement DaemonIsLinux)
PASS: docker_cli_commit_test.go:56: DockerSuite.TestCommitNewFile	34.334s
SKIP: docker_cli_commit_test.go:42: DockerSuite.TestCommitPausedContainer (unmatched requirement DaemonIsLinux)
PASS: docker_cli_commit_test.go:87: DockerSuite.TestCommitTTY	34.195s
PASS: docker_cli_images_test.go:103: DockerSuite.TestCommitWithFilterLabel	18.205s
SKIP: docker_cli_commit_test.go:96: DockerSuite.TestCommitWithHostBindMount (unmatched requirement DaemonIsLinux)
SKIP: docker_cli_commit_test.go:26: DockerSuite.TestCommitWithoutPause (unmatched requirement DaemonIsLinux)
SKIP: docker_cli_netmode_test.go:55: DockerSuite.TestConflictContainerNetworkAndLinks (unmatched requirement DaemonIsLinux)
SKIP: docker_cli_netmode_test.go:62: DockerSuite.TestConflictContainerNetworkHostAndLinks (unmatched requirement DaemonIsLinux)
SKIP: docker_cli_netmode_test.go:76: DockerSuite.TestConflictNetworkModeAndOptions (unmatched requirement DaemonIsLinux)
SKIP: docker_cli_netmode_test.go:69: DockerSuite.TestConflictNetworkModeNetHostAndOptions (unmatched requirement DaemonIsLinux)
SKIP: docker_api_containers_test.go:543: DockerSuite.TestContainerAPIBadPort (unmatched requirement DaemonIsLinux)
PASS: docker_api_containers_test.go:1289: DockerSuite.TestContainerAPIChunkedEncoding	0.021s
PASS: docker_api_containers_test.go:489: DockerSuite.TestContainerAPICommit	33.589s
PASS: docker_api_containers_test.go:511: DockerSuite.TestContainerAPICommitWithLabelInConfig	34.190s
SKIP: docker_api_containers_test.go:1155: DockerSuite.TestContainerAPICopyContainerNotFoundPr124 (unmatched requirement DaemonIsLinux)
PASS: docker_api_containers_test.go:1070: DockerSuite.TestContainerAPICopyNotExistsAnyMore	15.500s
SKIP: docker_api_containers_test.go:1083: DockerSuite.TestContainerAPICopyPre124 (unmatched requirement DaemonIsLinux)
SKIP: docker_api_containers_test.go:1113: DockerSuite.TestContainerAPICopyResourcePathEmptyPre124 (unmatched requirement DaemonIsLinux)
SKIP: docker_api_containers_test.go:1134: DockerSuite.TestContainerAPICopyResourcePathNotFoundPre124 (unmatched requirement DaemonIsLinux)
PASS: docker_api_containers_test.go:570: DockerSuite.TestContainerAPICreate	15.420s
SKIP: docker_api_containers_test.go:649: DockerSuite.TestContainerAPICreateBridgeNetworkMode (unmatched requirement DaemonIsLinux)
PASS: docker_api_containers_test.go:587: DockerSuite.TestContainerAPICreateEmptyConfig	0.001s
PASS: docker_api_containers_test.go:1902: DockerSuite.TestContainerAPICreateMountsBindRead	15.953s
PASS: docker_api_containers_test.go:599: DockerSuite.TestContainerAPICreateMultipleNetworksConfig	0.002s
SKIP: docker_api_containers_test.go:1409: DockerSuite.TestContainerAPICreateNoHostConfig118 (unmatched requirement DaemonIsLinux)
SKIP: docker_api_containers_test.go:655: DockerSuite.TestContainerAPICreateOtherNetworkModes (unmatched requirement DaemonIsLinux)
SKIP: docker_api_containers_test.go:684: DockerSuite.TestContainerAPICreateWithCpuSharesCpuset (unmatched requirement DaemonIsLinux)
PASS: docker_api_containers_test.go:626: DockerSuite.TestContainerAPICreateWithHostName	0.022s
PASS: docker_api_containers_test.go:1166: DockerSuite.TestContainerAPIDelete	15.813s
PASS: docker_api_containers_test.go:1239: DockerSuite.TestContainerAPIDeleteConflict	12.890s
PASS: docker_api_containers_test.go:1191: DockerSuite.TestContainerAPIDeleteForce	13.430s
PASS: docker_api_containers_test.go:1182: DockerSuite.TestContainerAPIDeleteNotExist	0.001s
SKIP: docker_api_containers_test.go:1208: DockerSuite.TestContainerAPIDeleteRemoveLinks (unmatched requirement DaemonIsLinux)
PASS: docker_api_containers_test.go:1254: DockerSuite.TestContainerAPIDeleteRemoveVolume	13.967s
PASS: docker_api_containers_test.go:1648: DockerSuite.TestContainerAPIDeleteWithEmptyName	0.002s
PASS: docker_api_containers_test.go:41: DockerSuite.TestContainerAPIGetAll	14.132s
SKIP: docker_api_containers_test.go:167: DockerSuite.TestContainerAPIGetChanges (unmatched requirement DaemonIsLinux)
SKIP: docker_api_containers_test.go:140: DockerSuite.TestContainerAPIGetExport (unmatched requirement DaemonIsLinux)
PASS: docker_api_containers_test.go:61: DockerSuite.TestContainerAPIGetJSONNoFieldsOmitted	15.435s
PASS: docker_api_containers_test.go:756: DockerSuite.TestContainerAPIInvalidPortSyntax	0.003s
PASS: docker_api_containers_test.go:957: DockerSuite.TestContainerAPIKill	12.691s
SKIP: docker_api_containers_test.go:404: DockerSuite.TestContainerAPIPause (unmatched requirement DaemonIsLinux)
PASS: docker_api_containers_test.go:1309: DockerSuite.TestContainerAPIPostContainerStop	16.059s
PASS: docker_api_containers_test.go:872: DockerSuite.TestContainerAPIPostCreateNull	0.245s
SKIP: docker_api_containers_test.go:107: DockerSuite.TestContainerAPIPsOmitFields (unmatched requirement DaemonIsLinux)
PASS: docker_api_containers_test.go:940: DockerSuite.TestContainerAPIRename	13.689s
PASS: docker_api_containers_test.go:972: DockerSuite.TestContainerAPIRestart	26.895s
PASS: docker_api_containers_test.go:986: DockerSuite.TestContainerAPIRestartNotimeoutParam	27.448s
PASS: docker_api_containers_test.go:854: DockerSuite.TestContainerAPIRestartPolicyDefaultRetryCount	0.023s
PASS: docker_api_containers_test.go:782: DockerSuite.TestContainerAPIRestartPolicyInvalidPolicyName	0.002s
PASS: docker_api_containers_test.go:830: DockerSuite.TestContainerAPIRestartPolicyNegativeRetryCount	0.003s
PASS: docker_api_containers_test.go:806: DockerSuite.TestContainerAPIRestartPolicyRetryMismatch	0.002s
PASS: docker_api_containers_test.go:1002: DockerSuite.TestContainerAPIStart	10.902s
SKIP: docker_api_containers_test.go:1657: DockerSuite.TestContainerAPIStatsWithNetworkDisabled (unmatched requirement DaemonIsLinux)
PASS: docker_api_containers_test.go:1028: DockerSuite.TestContainerAPIStop	15.681s
SKIP: docker_api_containers_test.go:435: DockerSuite.TestContainerAPITop (unmatched requirement DaemonIsLinux)
PASS: docker_api_containers_test.go:458: DockerSuite.TestContainerAPITopWindows	12.996s
PASS: docker_api_containers_test.go:715: DockerSuite.TestContainerAPIVerifyHeader	0.023s
PASS: docker_api_containers_test.go:1047: DockerSuite.TestContainerAPIWait	15.839s
PASS: docker_api_containers_test.go:2198: DockerSuite.TestContainerKillCustomStopSignal	13.524s
SKIP: docker_cli_run_test.go:2410: DockerSuite.TestContainerNetworkMode (unmatched requirement DaemonIsLinux)
SKIP: docker_cli_run_test.go:3531: DockerSuite.TestContainerRestartInMultipleNetworks (unmatched requirement DaemonIsLinux)
SKIP: docker_cli_run_test.go:3563: DockerSuite.TestContainerWithConflictingHostNetworks (unmatched requirement DaemonIsLinux)
SKIP: docker_cli_run_test.go:3594: DockerSuite.TestContainerWithConflictingNoneNetwork (unmatched requirement DaemonIsLinux)
SKIP: docker_cli_run_test.go:3577: DockerSuite.TestContainerWithConflictingSharedNetwork (unmatched requirement DaemonIsLinux)
SKIP: docker_api_containers_windows_test.go:21: DockerSuite.TestContainersAPICreateMountsBindNamedPipe (unmatched requirement DaemonIsWindowsAtLeastBuild.func1)
PASS: docker_api_containers_test.go:1933: DockerSuite.TestContainersAPICreateMountsCreate	113.181s
SKIP: docker_api_containers_test.go:2148: DockerSuite.TestContainersAPICreateMountsTmpfs (unmatched requirement DaemonIsLinux)
PASS: docker_api_containers_test.go:1706: DockerSuite.TestContainersAPICreateMountsValidation	0.075s
SKIP: docker_cli_run_test.go:3467: DockerSuite.TestContainersInMultipleNetworks (unmatched requirement DaemonIsLinux)
SKIP: docker_cli_run_test.go:3459: DockerSuite.TestContainersInUserDefinedNetwork (unmatched requirement DaemonIsLinux)
SKIP: docker_cli_run_test.go:3486: DockerSuite.TestContainersNetworkIsolation (unmatched requirement DaemonIsLinux)
SKIP: docker_cli_cp_test.go:582: DockerSuite.TestCopyAndRestart (unmatched requirement DaemonIsLinux)
SKIP: docker_cli_cp_test.go:603: DockerSuite.TestCopyCreatedContainer (unmatched requirement DaemonIsLinux)
PASS: docker_cli_cp_test.go:128: DockerSuite.TestCpAbsolutePath	15.249s
SKIP: docker_cli_cp_test.go:171: DockerSuite.TestCpAbsoluteSymlink (unmatched requirement DaemonIsLinux)
SKIP: docker_cli_cp_from_container_test.go:119: DockerSuite.TestCpFromCaseA (unmatched requirement DaemonIsLinux)
SKIP: docker_cli_cp_from_container_test.go:139: DockerSuite.TestCpFromCaseB (unmatched requirement DaemonIsLinux)
SKIP: docker_cli_cp_from_container_test.go:157: DockerSuite.TestCpFromCaseC (unmatched requirement DaemonIsLinux)
SKIP: docker_cli_cp_from_container_test.go:182: DockerSuite.TestCpFromCaseD (unmatched requirement DaemonIsLinux)
SKIP: docker_cli_cp_from_container_test.go:222: DockerSuite.TestCpFromCaseE (unmatched requirement DaemonIsLinux)
SKIP: docker_cli_cp_from_container_test.go:251: DockerSuite.TestCpFromCaseF (unmatched requirement DaemonIsLinux)
SKIP: docker_cli_cp_from_container_test.go:274: DockerSuite.TestCpFromCaseG (unmatched requirement DaemonIsLinux)
SKIP: docker_cli_cp_from_container_test.go:313: DockerSuite.TestCpFromCaseH (unmatched requirement DaemonIsLinux)
SKIP: docker_cli_cp_from_container_test.go:343: DockerSuite.TestCpFromCaseI (unmatched requirement DaemonIsLinux)
SKIP: docker_cli_cp_from_container_test.go:367: DockerSuite.TestCpFromCaseJ (unmatched requirement DaemonIsLinux)
SKIP: docker_cli_cp_from_container_test.go:24: DockerSuite.TestCpFromSymlinkDestination (unmatched requirement DaemonIsLinux)
SKIP: docker_cli_cp_test.go:209: DockerSuite.TestCpFromSymlinkToDirectory (unmatched requirement DaemonIsLinux)
PASS: docker_cli_cp_test.go:38: DockerSuite.TestCpGarbagePath	15.896s
PASS: docker_cli_cp_test.go:29: DockerSuite.TestCpLocalOnly	0.074s
SKIP: docker_cli_cp_test.go:562: DockerSuite.TestCpNameHasColon (unmatched requirement DaemonIsLinux)
PASS: docker_cli_cp_test.go:80: DockerSuite.TestCpRelativePath	16.163s
SKIP: docker_cli_cp_test.go:405: DockerSuite.TestCpSpecialFiles (unmatched requirement DaemonIsLinux)
SKIP: docker_cli_cp_test.go:337: DockerSuite.TestCpSymlinkComponent (unmatched requirement DaemonIsLinux)
SKIP: docker_cli_cp_test.go:616: DockerSuite.TestCpSymlinkFromConToHostFollowSymlink (unmatched requirement DaemonIsLinux)
PASS: docker_cli_cp_to_container_test.go:123: DockerSuite.TestCpToCaseA	31.865s
PASS: docker_cli_cp_to_container_test.go:144: DockerSuite.TestCpToCaseB	16.380s
SKIP: docker_cli_cp_to_container_test.go:165: DockerSuite.TestCpToCaseC (unmatched requirement DaemonIsLinux)
SKIP: docker_cli_cp_to_container_test.go:192: DockerSuite.TestCpToCaseD (unmatched requirement DaemonIsLinux)
PASS: docker_cli_cp_to_container_test.go:238: DockerSuite.TestCpToCaseE	60.293s
SKIP: docker_cli_cp_to_container_test.go:273: DockerSuite.TestCpToCaseF (unmatched requirement DaemonIsLinux)
SKIP: docker_cli_cp_to_container_test.go:296: DockerSuite.TestCpToCaseG (unmatched requirement DaemonIsLinux)
PASS: docker_cli_cp_to_container_test.go:342: DockerSuite.TestCpToCaseH	62.057s
SKIP: docker_cli_cp_to_container_test.go:378: DockerSuite.TestCpToCaseI (unmatched requirement DaemonIsLinux)
SKIP: docker_cli_cp_to_container_test.go:402: DockerSuite.TestCpToCaseJ (unmatched requirement DaemonIsLinux)
PASS: docker_cli_cp_test.go:521: DockerSuite.TestCpToDot	16.190s
SKIP: docker_cli_cp_to_container_test.go:445: DockerSuite.TestCpToErrReadOnlyRootfs (unmatched requirement DaemonIsLinux)
SKIP: docker_cli_cp_to_container_test.go:472: DockerSuite.TestCpToErrReadOnlyVolume (unmatched requirement DaemonIsLinux)
PASS: docker_cli_cp_test.go:543: DockerSuite.TestCpToStdout	16.131s
SKIP: docker_cli_cp_to_container_test.go:22: DockerSuite.TestCpToSymlinkDestination (unmatched requirement DaemonIsLinux)
SKIP: docker_cli_cp_test.go:257: DockerSuite.TestCpToSymlinkToDirectory (unmatched requirement DaemonIsLinux)
SKIP: docker_cli_cp_test.go:381: DockerSuite.TestCpUnprivilegedUser (unmatched requirement DaemonIsLinux)
SKIP: docker_cli_cp_test.go:452: DockerSuite.TestCpVolumePath (unmatched requirement DaemonIsLinux)
PASS: docker_cli_create_test.go:327: DockerSuite.TestCreate64ByteHexID	0.165s
PASS: docker_cli_create_test.go:21: DockerSuite.TestCreateArgs	0.168s
PASS: docker_cli_create_test.go:260: DockerSuite.TestCreateByImageID	2.224s
PASS: docker_cli_create_test.go:163: DockerSuite.TestCreateEchoStdout	15.638s
PASS: docker_cli_create_test.go:59: DockerSuite.TestCreateGrowRootfs	0.201s
PASS: docker_cli_create_test.go:83: DockerSuite.TestCreateHostConfig	0.163s
PASS: docker_cli_create_test.go:222: DockerSuite.TestCreateHostnameWithNumber	15.420s
PASS: docker_cli_create_test.go:205: DockerSuite.TestCreateLabelFromImage	0.997s
PASS: docker_cli_create_test.go:192: DockerSuite.TestCreateLabels	0.167s
SKIP: docker_cli_create_test.go:250: DockerSuite.TestCreateModeIpcContainer (unmatched requirement DaemonIsLinux)
PASS: docker_cli_create_test.go:233: DockerSuite.TestCreateRM	0.342s
SKIP: docker_cli_create_test.go:73: DockerSuite.TestCreateShrinkRootfs (unmatched requirement Devicemapper)
PASS: docker_cli_create_test.go:293: DockerSuite.TestCreateStopSignal	0.167s
PASS: docker_cli_create_test.go:362: DockerSuite.TestCreateStopTimeout	0.336s
PASS: docker_cli_create_test.go:335: DockerSuite.TestCreateUnsetEntrypoint	36.329s
PASS: docker_cli_create_test.go:173: DockerSuite.TestCreateVolumesCreated	0.190s
PASS: docker_cli_create_test.go:316: DockerSuite.TestCreateWithInvalidLogOpts	0.137s
PASS: docker_cli_create_test.go:134: DockerSuite.TestCreateWithLargePortRange	2.568s
PASS: docker_cli_create_test.go:105: DockerSuite.TestCreateWithPortRange	0.171s
SKIP: docker_api_containers_test.go:916: DockerSuite.TestCreateWithTooLowMemoryLimit (unmatched requirement DaemonIsLinux)
PASS: docker_cli_create_test.go:302: DockerSuite.TestCreateWithWorkdir	12.770s
SKIP: docker_deprecated_api_v124_test.go:70: DockerSuite.TestDeprecatedContainerAPIStartDupVolumeBinds (unmatched requirement DaemonIsLinux)
PASS: docker_deprecated_api_v124_test.go:20: DockerSuite.TestDeprecatedContainerAPIStartHostConfig	0.098s
SKIP: docker_deprecated_api_v124_test.go:39: DockerSuite.TestDeprecatedContainerAPIStartVolumeBinds (unmatched requirement DaemonIsLinux)
SKIP: docker_deprecated_api_v124_test.go:103: DockerSuite.TestDeprecatedContainerAPIStartVolumesFrom (unmatched requirement DaemonIsLinux)
SKIP: docker_deprecated_api_v124_test.go:136: DockerSuite.TestDeprecatedPostContainerBindNormalVolume (unmatched requirement DaemonIsLinux)
SKIP: docker_deprecated_api_v124_test.go:198: DockerSuite.TestDeprecatedPostContainersStartWithLinksInHostConfig (unmatched requirement DaemonIsLinux)
SKIP: docker_deprecated_api_v124_test.go:216: DockerSuite.TestDeprecatedPostContainersStartWithLinksInHostConfigIdLinked (unmatched requirement DaemonIsLinux)
SKIP: docker_deprecated_api_v124_test.go:181: DockerSuite.TestDeprecatedPostContainersStartWithoutLinksInHostConfig (unmatched requirement DaemonIsLinux)
SKIP: docker_deprecated_api_v124_test.go:235: DockerSuite.TestDeprecatedStartWithNilDNS (unmatched requirement DaemonIsLinux)
SKIP: docker_deprecated_api_v124_test.go:156: DockerSuite.TestDeprecatedStartWithTooLowMemoryLimit (unmatched requirement DaemonIsLinux)
SKIP: docker_cli_run_test.go:2995: DockerSuite.TestDevicePermissions (unmatched requirement DaemonIsLinux)
PASS: docker_cli_run_test.go:3706: DockerSuite.TestDockerFails	0.072s
SKIP: docker_cli_volume_test.go:490: DockerSuite.TestDuplicateMountpointsForVolumesFrom (unmatched requirement DaemonIsLinux)
SKIP: docker_cli_volume_test.go:532: DockerSuite.TestDuplicateMountpointsForVolumesFromAndBind (unmatched requirement DaemonIsLinux)
SKIP: docker_cli_volume_test.go:576: DockerSuite.TestDuplicateMountpointsForVolumesFromAndMounts (unmatched requirement DaemonIsLinux)
SKIP: docker_cli_events_test.go:479: DockerSuite.TestEventsAttach (unmatched requirement DaemonIsLinux)
SKIP: docker_cli_events_test.go:410: DockerSuite.TestEventsCommit (unmatched requirement DaemonIsLinux)
PASS: docker_cli_events_test.go:84: DockerSuite.TestEventsContainerEvents	15.403s
PASS: docker_cli_events_test.go:103: DockerSuite.TestEventsContainerEventsAttrSort	15.412s
PASS: docker_cli_events_test.go:126: DockerSuite.TestEventsContainerEventsSinceUnixEpoch	15.842s
PASS: docker_cli_events_test.go:659: DockerSuite.TestEventsContainerRestart	60.140s
PASS: docker_cli_events_test.go:427: DockerSuite.TestEventsCopy	17.846s
PASS: docker_cli_events_test.go:372: DockerSuite.TestEventsFilterContainer	31.448s
PASS: docker_cli_events_test.go:649: DockerSuite.TestEventsFilterImageInContainerAction	14.491s
PASS: docker_cli_events_test.go:342: DockerSuite.TestEventsFilterImageLabels	1.226s
PASS: docker_cli_events_test.go:287: DockerSuite.TestEventsFilterImageName	29.058s
PASS: docker_cli_events_test.go:316: DockerSuite.TestEventsFilterLabels	27.238s
PASS: docker_cli_events_test.go:565: DockerSuite.TestEventsFilterType	1.573s
PASS: docker_cli_events_test.go:271: DockerSuite.TestEventsFilters	31.351s
PASS: docker_cli_events_test.go:728: DockerSuite.TestEventsFormat	31.019s
PASS: docker_cli_events_test.go:761: DockerSuite.TestEventsFormatBadField	0.071s
PASS: docker_cli_events_test.go:751: DockerSuite.TestEventsFormatBadFunc	0.072s
SKIP: docker_cli_events_test.go:183: DockerSuite.TestEventsImageImport (unmatched requirement DaemonIsLinux)
SKIP: docker_cli_events_test.go:207: DockerSuite.TestEventsImageLoad (unmatched requirement DaemonIsLinux)
SKIP: docker_cli_events_test.go:164: DockerSuite.TestEventsImagePull (unmatched requirement DaemonIsLinux)
PASS: docker_cli_events_test.go:146: DockerSuite.TestEventsImageTag	1.251s
SKIP: docker_cli_events_test.go:246: DockerSuite.TestEventsPluginOps (unmatched requirement DaemonIsLinux)
PASS: docker_cli_events_test.go:517: DockerSuite.TestEventsRename	15.961s
PASS: docker_cli_events_test.go:456: DockerSuite.TestEventsResize	15.615s
PASS: docker_cli_events_test.go:699: DockerSuite.TestEventsSinceInTheFuture	14.392s
PASS: docker_cli_events_test.go:619: DockerSuite.TestEventsSpecialFiltersWithExecCreate	14.527s
PASS: docker_cli_events_test.go:26: DockerSuite.TestEventsTimestampFormats	18.295s
SKIP: docker_cli_events_test.go:528: DockerSuite.TestEventsTop (unmatched requirement DaemonIsLinux)
PASS: docker_cli_events_test.go:61: DockerSuite.TestEventsUntag	2.813s
PASS: docker_cli_events_test.go:711: DockerSuite.TestEventsUntilInThePast	29.470s
SKIP: docker_cli_exec_test.go:28: DockerSuite.TestExec (unmatched requirement DaemonIsLinux)
SKIP: docker_api_exec_test.go:66: DockerSuite.TestExecAPICreateContainerPaused (unmatched requirement DaemonIsLinux)
PASS: docker_api_exec_test.go:25: DockerSuite.TestExecAPICreateNoCmd	13.555s
PASS: docker_api_exec_test.go:43: DockerSuite.TestExecAPICreateNoValidContentType	11.830s
SKIP: docker_api_exec_test.go:87: DockerSuite.TestExecAPIStart (unmatched requirement DaemonIsLinux)
SKIP: docker_api_exec_test.go:124: DockerSuite.TestExecAPIStartBackwardsCompatible (unmatched requirement DaemonIsLinux)
SKIP: docker_api_exec_test.go:114: DockerSuite.TestExecAPIStartEnsureHeaders (unmatched requirement DaemonIsLinux)
PASS: docker_api_exec_test.go:196: DockerSuite.TestExecAPIStartInvalidCommand	14.143s
PASS: docker_api_exec_test.go:139: DockerSuite.TestExecAPIStartMultipleTimesError	13.245s
PASS: docker_api_exec_test.go:180: DockerSuite.TestExecAPIStartValidCommand	13.953s
PASS: docker_api_exec_test.go:149: DockerSuite.TestExecAPIStartWithDetach	14.441s
PASS: docker_cli_exec_test.go:75: DockerSuite.TestExecAfterContainerRestart	28.610s
SKIP: docker_cli_exec_test.go:256: DockerSuite.TestExecCgroup (unmatched requirement DaemonIsLinux)
SKIP: docker_cli_exec_test.go:108: DockerSuite.TestExecEnv (unmatched requirement DaemonIsLinux)
SKIP: docker_cli_exec_test.go:537: DockerSuite.TestExecEnvLinksHost (unmatched requirement DaemonIsLinux)
PASS: docker_cli_exec_test.go:134: DockerSuite.TestExecExitStatus	14.814s
PASS: docker_cli_exec_test.go:309: DockerSuite.TestExecInspectID	15.911s
SKIP: docker_cli_exec_test.go:39: DockerSuite.TestExecInteractive (unmatched requirement DaemonIsLinux)
SKIP: docker_cli_exec_test.go:493: DockerSuite.TestExecOnReadonlyContainer (unmatched requirement DaemonIsLinux)
SKIP: docker_cli_exec_test.go:214: DockerSuite.TestExecParseError (unmatched requirement DaemonIsLinux)
SKIP: docker_cli_exec_test.go:141: DockerSuite.TestExecPausedContainer (unmatched requirement IsPausable)
SKIP: docker_api_exec_resize_test.go:18: DockerSuite.TestExecResizeAPIHeightWidthNoInt (unmatched requirement DaemonIsLinux)
PASS: docker_api_exec_resize_test.go:34: DockerSuite.TestExecResizeImmediatelyAfterExecStart	19.028s
SKIP: docker_cli_exec_test.go:123: DockerSuite.TestExecSetEnv (unmatched requirement DaemonIsLinux)
SKIP: docker_cli_exec_test.go:513: DockerSuite.TestExecStartFails (unmatched requirement DaemonIsLinux)
SKIP: docker_api_exec_test.go:214: DockerSuite.TestExecStateCleanup (unmatched requirement DaemonIsLinux)
SKIP: docker_cli_exec_test.go:228: DockerSuite.TestExecStopNotHanging (unmatched requirement DaemonIsLinux)
SKIP: docker_cli_exec_test.go:156: DockerSuite.TestExecTTYCloseStdin (unmatched requirement DaemonIsLinux)
PASS: docker_cli_exec_test.go:177: DockerSuite.TestExecTTYWithoutStdin	14.279s
SKIP: docker_cli_exec_test.go:501: DockerSuite.TestExecUlimits (unmatched requirement DaemonIsLinux)
PASS: docker_cli_exec_test.go:546: DockerSuite.TestExecWindowsOpenHandles	24.728s
PASS: docker_cli_exec_test.go:527: DockerSuite.TestExecWindowsPathNotWiped	21.437s
SKIP: docker_cli_exec_test.go:480: DockerSuite.TestExecWithImageUser (unmatched requirement DaemonIsLinux)
SKIP: docker_cli_exec_test.go:449: DockerSuite.TestExecWithPrivileged (unmatched requirement DaemonIsLinux)
SKIP: docker_cli_exec_test.go:436: DockerSuite.TestExecWithUser (unmatched requirement DaemonIsLinux)
SKIP: docker_cli_export_import_test.go:15: DockerSuite.TestExportContainerWithOutputAndImportImage (unmatched requirement DaemonIsLinux)
PASS: docker_api_containers_test.go:190: DockerSuite.TestGetContainerStats	16.686s
PASS: docker_api_containers_test.go:338: DockerSuite.TestGetContainerStatsNoStream	16.215s
PASS: docker_api_containers_test.go:230: DockerSuite.TestGetContainerStatsRmRunning	14.743s
PASS: docker_api_containers_test.go:297: DockerSuite.TestGetContainerStatsStream	16.510s
SKIP: docker_api_attach_test.go:25: DockerSuite.TestGetContainersAttachWebsocket (unmatched requirement DaemonIsLinux)
PASS: docker_api_attach_test.go:89: DockerSuite.TestGetContainersWsAttachContainerNotFound	0.002s
PASS: docker_api_containers_test.go:378: DockerSuite.TestGetStoppedContainerStats	0.096s
SKIP: docker_cli_health_test.go:39: DockerSuite.TestHealth (unmatched requirement DaemonIsLinux)
PASS: docker_cli_history_test.go:58: DockerSuite.TestHistoryExistentImage	0.073s
PASS: docker_cli_history_test.go:86: DockerSuite.TestHistoryHumanOptionFalse	0.072s
PASS: docker_cli_history_test.go:104: DockerSuite.TestHistoryHumanOptionTrue	0.072s
PASS: docker_cli_history_test.go:67: DockerSuite.TestHistoryImageWithComment	18.529s
PASS: docker_cli_history_test.go:62: DockerSuite.TestHistoryNonExistentImage	0.077s
SKIP: docker_cli_images_test.go:225: DockerSuite.TestImagesEnsureDanglingImageOnlyListedOnce (unmatched requirement DaemonIsLinux)
PASS: docker_cli_images_test.go:20: DockerSuite.TestImagesEnsureImageIsListed	0.072s
PASS: docker_cli_images_test.go:44: DockerSuite.TestImagesEnsureImageWithBadTagIsNotListed	0.077s
PASS: docker_cli_images_test.go:25: DockerSuite.TestImagesEnsureImageWithTagIsListed	0.369s
PASS: docker_cli_images_test.go:299: DockerSuite.TestImagesEnsureImagesFromBusyboxShown	0.962s
SKIP: docker_cli_images_test.go:282: DockerSuite.TestImagesEnsureImagesFromScratchShown (unmatched requirement DaemonIsLinux)
PASS: docker_cli_images_test.go:259: DockerSuite.TestImagesEnsureOnlyHeadsImagesShown	1.717s
PASS: docker_cli_images_test.go:69: DockerSuite.TestImagesErrorWithInvalidFilterNameTest	0.070s
PASS: docker_cli_images_test.go:75: DockerSuite.TestImagesFilterLabelMatch	2.874s
PASS: docker_cli_images_test.go:314: DockerSuite.TestImagesFilterNameWithPort	0.314s
PASS: docker_cli_images_test.go:115: DockerSuite.TestImagesFilterSinceAndBefore	3.381s
PASS: docker_cli_images_test.go:185: DockerSuite.TestImagesFilterSpaceTrimCase	16.467s
PASS: docker_cli_images_test.go:327: DockerSuite.TestImagesFormat	0.231s
SKIP: docker_cli_images_test.go:343: DockerSuite.TestImagesFormatDefaultFormat (unmatched requirement DaemonIsLinux)
PASS: docker_cli_images_test.go:49: DockerSuite.TestImagesOrderedByCreationDate	4.789s
PASS: docker_cli_images_test.go:253: DockerSuite.TestImagesWithIncorrectFilter	0.075s
PASS: docker_cli_import_test.go:36: DockerSuite.TestImportBadURL	2.373s
SKIP: docker_cli_import_test.go:18: DockerSuite.TestImportDisplay (unmatched requirement DaemonIsLinux)
SKIP: docker_cli_import_test.go:47: DockerSuite.TestImportFile (unmatched requirement DaemonIsLinux)
PASS: docker_cli_import_test.go:122: DockerSuite.TestImportFileNonExistentFile	0.075s
SKIP: docker_cli_import_test.go:91: DockerSuite.TestImportFileWithMessage (unmatched requirement DaemonIsLinux)
SKIP: docker_cli_import_test.go:68: DockerSuite.TestImportGzipped (unmatched requirement DaemonIsLinux)
SKIP: docker_cli_import_test.go:127: DockerSuite.TestImportWithQuotedChanges (unmatched requirement DaemonIsLinux)
SKIP: docker_cli_info_test.go:177: DockerSuite.TestInfoDebug (unmatched requirement DaemonIsLinux)
SKIP: docker_cli_info_test.go:106: DockerSuite.TestInfoDiscoveryAdvertiseInterfaceName (unmatched requirement DaemonIsLinux)
SKIP: docker_cli_info_test.go:72: DockerSuite.TestInfoDiscoveryBackend (unmatched requirement DaemonIsLinux)
SKIP: docker_cli_info_test.go:89: DockerSuite.TestInfoDiscoveryInvalidAdvertise (unmatched requirement DaemonIsLinux)
SKIP: docker_cli_info_test.go:143: DockerSuite.TestInfoDisplaysPausedContainers (unmatched requirement IsPausable)
SKIP: docker_cli_info_test.go:130: DockerSuite.TestInfoDisplaysRunningContainers (unmatched requirement DaemonIsLinux)
SKIP: docker_cli_info_test.go:160: DockerSuite.TestInfoDisplaysStoppedContainers (unmatched requirement DaemonIsLinux)
PASS: docker_cli_info_test.go:16: DockerSuite.TestInfoEnsureSucceeds	0.073s
PASS: docker_cli_info_test.go:60: DockerSuite.TestInfoFormat	0.149s
SKIP: docker_cli_info_test.go:195: DockerSuite.TestInsecureRegistries (unmatched requirement DaemonIsLinux)
SKIP: docker_api_inspect_test.go:147: DockerSuite.TestInspectAPIBridgeNetworkSettings120 (unmatched requirement DaemonIsLinux)
SKIP: docker_api_inspect_test.go:164: DockerSuite.TestInspectAPIBridgeNetworkSettings121 (unmatched requirement DaemonIsLinux)
PASS: docker_api_inspect_test.go:17: DockerSuite.TestInspectAPIContainerResponse	13.077s
PASS: docker_api_inspect_test.go:84: DockerSuite.TestInspectAPIContainerVolumeDriver	12.556s
SKIP: docker_api_inspect_test.go:61: DockerSuite.TestInspectAPIContainerVolumeDriverLegacy (unmatched requirement DaemonIsLinux)
SKIP: docker_api_inspect_test.go:123: DockerSuite.TestInspectAPIEmptyFieldsInConfigPre121 (unmatched requirement DaemonIsLinux)
PASS: docker_api_inspect_test.go:108: DockerSuite.TestInspectAPIImageResponse	0.096s
SKIP: docker_cli_inspect_test.go:413: DockerSuite.TestInspectAmpersand (unmatched requirement DaemonIsLinux)
PASS: docker_cli_inspect_test.go:206: DockerSuite.TestInspectBindMountPoint	12.069s
PASS: docker_cli_inspect_test.go:341: DockerSuite.TestInspectByPrefix	0.226s
PASS: docker_cli_inspect_test.go:141: DockerSuite.TestInspectContainerFilterInt	12.746s
SKIP: docker_cli_inspect_test.go:181: DockerSuite.TestInspectContainerGraphDriver (unmatched requirement DaemonIsLinux)
SKIP: docker_cli_inspect_test.go:391: DockerSuite.TestInspectContainerNetworkCustom (unmatched requirement DaemonIsLinux)
SKIP: docker_cli_inspect_test.go:379: DockerSuite.TestInspectContainerNetworkDefault (unmatched requirement DaemonIsLinux)
PASS: docker_cli_inspect_test.go:44: DockerSuite.TestInspectDefault	12.518s
PASS: docker_cli_inspect_test.go:371: DockerSuite.TestInspectHistory	18.558s
SKIP: docker_cli_inspect_test.go:24: DockerSuite.TestInspectImage (unmatched requirement DaemonIsLinux)
SKIP: docker_cli_inspect_test.go:125: DockerSuite.TestInspectImageFilterInt (unmatched requirement DaemonIsLinux)
SKIP: docker_cli_inspect_test.go:163: DockerSuite.TestInspectImageGraphDriver (unmatched requirement DaemonIsLinux)
PASS: docker_cli_inspect_test.go:38: DockerSuite.TestInspectInt64	12.832s
PASS: docker_cli_inspect_test.go:333: DockerSuite.TestInspectJSONFields	13.601s
PASS: docker_cli_inspect_test.go:283: DockerSuite.TestInspectLogConfigNoType	0.161s
PASS: docker_cli_inspect_test.go:238: DockerSuite.TestInspectNamedMountPoint	13.425s
PASS: docker_cli_inspect_test.go:296: DockerSuite.TestInspectNoSizeFlagContainer	12.807s
SKIP: docker_cli_inspect_test.go:423: DockerSuite.TestInspectPlugin (unmatched requirement DaemonIsLinux)
PASS: docker_cli_inspect_test.go:402: DockerSuite.TestInspectRootFS	0.073s
PASS: docker_cli_inspect_test.go:308: DockerSuite.TestInspectSizeFlagContainer	11.985s
PASS: docker_cli_inspect_test.go:55: DockerSuite.TestInspectStatus	15.875s
PASS: docker_cli_inspect_test.go:352: DockerSuite.TestInspectStopWhenNotFound	28.823s
PASS: docker_cli_inspect_test.go:319: DockerSuite.TestInspectTemplateError	13.624s
PASS: docker_cli_inspect_test.go:262: DockerSuite.TestInspectTimesAsRFC3339Nano	14.064s
PASS: docker_cli_inspect_test.go:80: DockerSuite.TestInspectTypeFlagContainer	12.233s
PASS: docker_cli_inspect_test.go:102: DockerSuite.TestInspectTypeFlagWithImage	13.108s
PASS: docker_cli_inspect_test.go:113: DockerSuite.TestInspectTypeFlagWithInvalidValue	13.467s
PASS: docker_cli_inspect_test.go:90: DockerSuite.TestInspectTypeFlagWithNoContainer	13.020s
PASS: docker_cli_inspect_test.go:454: DockerSuite.TestInspectUnknownObject	0.081s
SKIP: docker_cli_links_test.go:200: DockerSuite.TestLinkShortDefinition (unmatched requirement DaemonIsLinux)
SKIP: docker_cli_links_test.go:191: DockerSuite.TestLinksEnvs (unmatched requirement DaemonIsLinux)
SKIP: docker_cli_links_test.go:227: DockerSuite.TestLinksEtcHostsRegularFile (unmatched requirement DaemonIsLinux)
SKIP: docker_cli_links_test.go:140: DockerSuite.TestLinksHostsFilesInject (unmatched requirement DaemonIsLinux)
SKIP: docker_cli_links_test.go:93: DockerSuite.TestLinksInspectLinksStarted (unmatched requirement DaemonIsLinux)
SKIP: docker_cli_links_test.go:112: DockerSuite.TestLinksInspectLinksStopped (unmatched requirement DaemonIsLinux)
SKIP: docker_cli_links_test.go:24: DockerSuite.TestLinksInvalidContainerTarget (unmatched requirement DaemonIsLinux)
SKIP: docker_cli_links_test.go:234: DockerSuite.TestLinksMultipleWithSameName (unmatched requirement DaemonIsLinux)
SKIP: docker_cli_links_test.go:216: DockerSuite.TestLinksNetworkHostContainer (unmatched requirement DaemonIsLinux)
SKIP: docker_cli_links_test.go:132: DockerSuite.TestLinksNotStartedParentNotFail (unmatched requirement DaemonIsLinux)
SKIP: docker_cli_links_test.go:36: DockerSuite.TestLinksPingLinkedContainers (unmatched requirement DaemonIsLinux)
SKIP: docker_cli_links_test.go:80: DockerSuite.TestLinksPingLinkedContainersAfterRename (unmatched requirement DaemonIsLinux)
SKIP: docker_cli_exec_test.go:379: DockerSuite.TestLinksPingLinkedContainersOnRename (unmatched requirement DaemonIsLinux)
SKIP: docker_cli_links_test.go:15: DockerSuite.TestLinksPingUnlinkedContainers (unmatched requirement DaemonIsLinux)
SKIP: docker_cli_links_test.go:158: DockerSuite.TestLinksUpdateOnRestart (unmatched requirement DaemonIsLinux)
SKIP: docker_cli_save_load_test.go:332: DockerSuite.TestLoadZeroSizeLayer (unmatched requirement DaemonIsLinux)
PASS: docker_cli_login_test.go:11: DockerSuite.TestLoginWithoutTTY	0.075s
PASS: docker_api_logs_test.go:87: DockerSuite.TestLogsAPIContainerNotFound	0.001s
PASS: docker_api_logs_test.go:72: DockerSuite.TestLogsAPIFollowEmptyOutput	12.996s
PASS: docker_api_logs_test.go:59: DockerSuite.TestLogsAPINoStdoutNorStderr	12.308s
PASS: docker_api_logs_test.go:151: DockerSuite.TestLogsAPIUntil	17.519s
PASS: docker_api_logs_test.go:189: DockerSuite.TestLogsAPIUntilDefaultValue	15.912s
SKIP: docker_api_logs_test.go:94: DockerSuite.TestLogsAPIUntilFutureFollow (unmatched requirement DaemonIsLinux)
PASS: docker_api_logs_test.go:23: DockerSuite.TestLogsAPIWithStdout	13.275s
PASS: docker_cli_logs_test.go:318: DockerSuite.TestLogsCLIContainerNotFound	0.087s
PASS: docker_cli_logs_test.go:24: DockerSuite.TestLogsContainerBiggerThanPage	17.704s
PASS: docker_cli_logs_test.go:29: DockerSuite.TestLogsContainerMuchBiggerThanPage	17.368s
PASS: docker_cli_logs_test.go:19: DockerSuite.TestLogsContainerSmallerThanPage	17.191s
PASS: docker_cli_logs_test.go:300: DockerSuite.TestLogsFollowGoroutinesNoOutput	13.322s
PASS: docker_cli_logs_test.go:272: DockerSuite.TestLogsFollowGoroutinesWithStdout	13.276s
SKIP: docker_cli_logs_test.go:214: DockerSuite.TestLogsFollowSlowStdoutConsumer (unmatched requirement DaemonIsLinux)
PASS: docker_cli_logs_test.go:124: DockerSuite.TestLogsFollowStopped	16.001s
PASS: docker_cli_logs_test.go:66: DockerSuite.TestLogsSeparateStderr	15.770s
PASS: docker_cli_logs_test.go:145: DockerSuite.TestLogsSince	22.299s
SKIP: docker_cli_logs_test.go:180: DockerSuite.TestLogsSinceFutureFollow (unmatched requirement DaemonIsLinux)
SKIP: docker_cli_logs_test.go:77: DockerSuite.TestLogsStderrInStdout (unmatched requirement DaemonIsLinux)
PASS: docker_cli_logs_test.go:92: DockerSuite.TestLogsTail	16.129s
PASS: docker_cli_logs_test.go:41: DockerSuite.TestLogsTimestamps	15.621s
PASS: docker_cli_logs_test.go:325: DockerSuite.TestLogsWithDetails	15.597s
SKIP: docker_cli_run_test.go:2909: DockerSuite.TestMountIntoProc (unmatched requirement DaemonIsLinux)
SKIP: docker_cli_run_test.go:2918: DockerSuite.TestMountIntoSys (unmatched requirement DaemonIsLinux)
SKIP: docker_cli_netmode_test.go:33: DockerSuite.TestNetHostname (unmatched requirement DaemonIsLinux)
SKIP: docker_cli_netmode_test.go:26: DockerSuite.TestNetHostnameWithNetHost (unmatched requirement DaemonIsLinux)
SKIP: docker_cli_run_test.go:3513: DockerSuite.TestNetworkRmWithActiveContainers (unmatched requirement DaemonIsLinux)
SKIP: docker_cli_run_test.go:2695: DockerSuite.TestPermissionsPtsReadonlyRootfs (unmatched requirement DaemonIsLinux)
SKIP: docker_cli_plugins_test.go:76: DockerSuite.TestPluginActive (unmatched requirement DaemonIsLinux)
SKIP: docker_cli_plugins_test.go:99: DockerSuite.TestPluginActiveNetwork (unmatched requirement DaemonIsLinux)
PASS: docker_cli_plugins_test.go:344: DockerSuite.TestPluginInspectOnWindows	0.102s
SKIP: docker_cli_plugins_test.go:150: DockerSuite.TestPluginInstallDisableVolumeLs (unmatched requirement DaemonIsLinux)
SKIP: docker_cli_plugins_logdriver_test.go:12: DockerSuite.TestPluginLogDriver (unmatched requirement IsAmd64)
SKIP: docker_cli_plugins_logdriver_test.go:32: DockerSuite.TestPluginLogDriverInfoList (unmatched requirement IsAmd64)
SKIP: docker_cli_plugins_test.go:474: DockerSuite.TestPluginMetricsCollector (unmatched requirement DaemonIsLinux)
SKIP: docker_cli_plugins_test.go:442: DockerSuite.TestPluginUpgrade (unmatched requirement DaemonIsLinux)
SKIP: docker_cli_port_test.go:329: DockerSuite.TestPortBindingOnSandbox (unmatched requirement DaemonIsLinux)
SKIP: docker_cli_port_test.go:307: DockerSuite.TestPortExposeHostBinding (unmatched requirement DaemonIsLinux)
SKIP: docker_cli_port_test.go:285: DockerSuite.TestPortHostBinding (unmatched requirement DaemonIsLinux)
SKIP: docker_cli_port_test.go:15: DockerSuite.TestPortList (unmatched requirement DaemonIsLinux)
PASS: docker_api_containers_test.go:1325: DockerSuite.TestPostContainerAPICreateWithStringOrSliceEntrypoint	30.632s
SKIP: docker_api_attach_test.go:99: DockerSuite.TestPostContainersAttach (unmatched requirement DaemonIsLinux)
PASS: docker_api_attach_test.go:78: DockerSuite.TestPostContainersAttachContainerNotFound	0.002s
SKIP: docker_api_containers_test.go:1589: DockerSuite.TestPostContainersCreateMemorySwappinessHostConfigOmitted (unmatched requirement DaemonIsLinux)
SKIP: docker_api_containers_test.go:1503: DockerSuite.TestPostContainersCreateShmSizeHostConfigOmitted (unmatched requirement DaemonIsLinux)
SKIP: docker_api_containers_test.go:1485: DockerSuite.TestPostContainersCreateShmSizeNegative (unmatched requirement DaemonIsLinux)
SKIP: docker_api_containers_test.go:1531: DockerSuite.TestPostContainersCreateShmSizeOmitted (unmatched requirement DaemonIsLinux)
SKIP: docker_api_containers_test.go:1614: DockerSuite.TestPostContainersCreateWithOomScoreAdjInvalidRange (unmatched requirement DaemonIsLinux)
SKIP: docker_api_containers_test.go:1558: DockerSuite.TestPostContainersCreateWithShmSize (unmatched requirement DaemonIsLinux)
SKIP: docker_api_containers_test.go:1380: DockerSuite.TestPostContainersCreateWithStringOrSliceCapAddDrop (unmatched requirement DaemonIsLinux)
PASS: docker_api_containers_test.go:1353: DockerSuite.TestPostContainersCreateWithStringOrSliceCmd	30.800s
SKIP: docker_api_containers_test.go:1452: DockerSuite.TestPostContainersCreateWithWrongCpusetValues (unmatched requirement DaemonIsLinux)
PASS: docker_cli_ps_test.go:794: DockerSuite.TestPsByOrder	61.996s
SKIP: docker_cli_ps_test.go:547: DockerSuite.TestPsImageIDAfterUpdate (unmatched requirement DaemonIsLinux)
PASS: docker_cli_ps_test.go:19: DockerSuite.TestPsListContainersBase	63.782s
PASS: docker_cli_ps_test.go:306: DockerSuite.TestPsListContainersFilterAncestorImage	81.208s
PASS: docker_cli_ps_test.go:516: DockerSuite.TestPsListContainersFilterCreated	0.313s
PASS: docker_cli_ps_test.go:437: DockerSuite.TestPsListContainersFilterExited	81.417s
PASS: docker_cli_ps_test.go:227: DockerSuite.TestPsListContainersFilterHealth	69.699s
PASS: docker_cli_ps_test.go:270: DockerSuite.TestPsListContainersFilterID	27.819s
PASS: docker_cli_ps_test.go:401: DockerSuite.TestPsListContainersFilterLabel	47.396s
PASS: docker_cli_ps_test.go:284: DockerSuite.TestPsListContainersFilterName	28.190s
SKIP: docker_cli_ps_test.go:714: DockerSuite.TestPsListContainersFilterNetwork (unmatched requirement DaemonIsLinux)
SKIP: docker_cli_ps_test.go:813: DockerSuite.TestPsListContainersFilterPorts (unmatched requirement DaemonIsLinux)
PASS: docker_cli_ps_test.go:180: DockerSuite.TestPsListContainersFilterStatus	28.601s
SKIP: docker_cli_ps_test.go:140: DockerSuite.TestPsListContainersSize (unmatched requirement DaemonIsLinux)
SKIP: docker_cli_ps_test.go:849: DockerSuite.TestPsNotShowLinknamesOfDeletedContainer (unmatched requirement DaemonIsLinux)
SKIP: docker_cli_ps_test.go:596: DockerSuite.TestPsNotShowPortsOfStoppedContainer (unmatched requirement DaemonIsLinux)
SKIP: docker_cli_ps_test.go:470: DockerSuite.TestPsRightTagName (unmatched requirement DaemonIsLinux)
PASS: docker_cli_ps_test.go:614: DockerSuite.TestPsShowMounts	47.275s
SKIP: docker_cli_run_test.go:3144: DockerSuite.TestPtraceContainerProcsFromHost (unmatched requirement DaemonIsLinux)
PASS: docker_cli_pull_test.go:263: DockerSuite.TestPullLinuxImageFailsOnWindows	1.306s
SKIP: docker_cli_pull_test.go:270: DockerSuite.TestPullWindowsImageFailsOnLinux (unmatched requirement DaemonIsLinux)
PASS: docker_cli_push_test.go:291: DockerSuite.TestPushToCentralRegistryUnauthorized	1.430s
PASS: docker_cli_push_test.go:38: DockerSuite.TestPushUnprefixedRepo	1.004s
SKIP: docker_api_containers_test.go:1425: DockerSuite.TestPutContainerArchiveErrSymlinkInVolumeToReadOnlyRootfs (unmatched requirement DaemonIsLinux)
PASS: docker_cli_restart_test.go:297: DockerSuite.TestRestartAutoRemoveContainer	28.479s
PASS: docker_cli_restart_test.go:166: DockerSuite.TestRestartContainerSuccess	28.251s
PASS: docker_cli_restart_test.go:151: DockerSuite.TestRestartContainerwithGoodContainer	14.504s
PASS: docker_cli_restart_test.go:266: DockerSuite.TestRestartContainerwithRestartPolicy	193.529s
SKIP: docker_cli_restart_test.go:78: DockerSuite.TestRestartDisconnectedContainer (unmatched requirement DaemonIsLinux)
PASS: docker_cli_restart_test.go:236: DockerSuite.TestRestartPolicyAfterRestart	43.273s
PASS: docker_cli_restart_test.go:103: DockerSuite.TestRestartPolicyAlways	0.231s
PASS: docker_cli_restart_test.go:95: DockerSuite.TestRestartPolicyNO	0.165s
PASS: docker_cli_restart_test.go:116: DockerSuite.TestRestartPolicyOnFailure	0.785s
PASS: docker_cli_restart_test.go:30: DockerSuite.TestRestartRunningContainer	28.427s
PASS: docker_cli_restart_test.go:13: DockerSuite.TestRestartStoppedContainer	31.314s
SKIP: docker_cli_restart_test.go:192: DockerSuite.TestRestartWithPolicyUserDefinedNetwork (unmatched requirement DaemonIsLinux)
PASS: docker_cli_restart_test.go:53: DockerSuite.TestRestartWithVolumes	28.062s
PASS: docker_cli_rmi_test.go:217: DockerSuite.TestRmiBlank	0.074s
PASS: docker_cli_rmi_test.go:327: DockerSuite.TestRmiByIDHardConflict	0.320s
PASS: docker_cli_rmi_test.go:227: DockerSuite.TestRmiContainerImageNotFound	70.299s
PASS: docker_cli_rmi_test.go:171: DockerSuite.TestRmiForceWithExistingContainers	16.467s
PASS: docker_cli_rmi_test.go:199: DockerSuite.TestRmiForceWithMultipleRepositories	1.051s
PASS: docker_cli_rmi_test.go:144: DockerSuite.TestRmiImageIDForceWithRunningContainersAndMultipleTags	31.089s
PASS: docker_cli_rmi_test.go:106: DockerSuite.TestRmiImgIDForce	19.795s
PASS: docker_cli_rmi_test.go:65: DockerSuite.TestRmiImgIDMultipleTag	34.617s
PASS: docker_cli_rmi_test.go:297: DockerSuite.TestRmiParentImageFail	18.427s
PASS: docker_cli_rmi_test.go:37: DockerSuite.TestRmiTag	0.801s
PASS: docker_cli_rmi_test.go:159: DockerSuite.TestRmiTagWithExistingContainers	15.982s
PASS: docker_cli_rmi_test.go:253: DockerSuite.TestRmiUntagHistoryLayer	82.225s
PASS: docker_cli_rmi_test.go:16: DockerSuite.TestRmiWithContainerFails	14.184s
PASS: docker_cli_rmi_test.go:185: DockerSuite.TestRmiWithMultipleRepositories	19.258s
PASS: docker_cli_rmi_test.go:310: DockerSuite.TestRmiWithParentInUse	1.828s
SKIP: docker_cli_run_test.go:4522: DockerSuite.TestRunAddDeviceCgroupRule (unmatched requirement DaemonIsLinux)
SKIP: docker_cli_run_test.go:1580: DockerSuite.TestRunAddHost (unmatched requirement DaemonIsLinux)
SKIP: docker_cli_run_test.go:4039: DockerSuite.TestRunAddHostInHostMode (unmatched requirement DaemonIsLinux)
SKIP: docker_cli_run_test.go:1172: DockerSuite.TestRunAddingOptionalDevices (unmatched requirement DaemonIsLinux)
SKIP: docker_cli_run_test.go:1190: DockerSuite.TestRunAddingOptionalDevicesInvalidMode (unmatched requirement DaemonIsLinux)
SKIP: docker_cli_run_test.go:1181: DockerSuite.TestRunAddingOptionalDevicesNoSrc (unmatched requirement DaemonIsLinux)
SKIP: docker_cli_run_test.go:2061: DockerSuite.TestRunAllocatePortInReservedRange (unmatched requirement DaemonIsLinux)
PASS: docker_cli_run_test.go:1231: DockerSuite.TestRunAllowBindMountingRoot	14.451s
SKIP: docker_cli_run_test.go:2266: DockerSuite.TestRunAllowPortRangeThroughExpose (unmatched requirement DaemonIsLinux)
SKIP: docker_cli_run_test.go:2624: DockerSuite.TestRunAllowPortRangeThroughPublish (unmatched requirement DaemonIsLinux)
PASS: docker_cli_run_test.go:573: DockerSuite.TestRunApplyVolumesFromBeforeVolumes	29.771s
PASS: docker_cli_run_test.go:3920: DockerSuite.TestRunAttachFailedNoLeak	16.306s
PASS: docker_cli_run_test.go:1592: DockerSuite.TestRunAttachStdErrOnlyTTYMode	15.542s
PASS: docker_cli_run_test.go:1608: DockerSuite.TestRunAttachStdOutAndErrTTYMode	15.085s
PASS: docker_cli_run_test.go:1600: DockerSuite.TestRunAttachStdOutOnlyTTYMode	15.874s
PASS: docker_cli_run_test.go:1617: DockerSuite.TestRunAttachWithDetach	0.085s
PASS: docker_cli_run_test.go:1882: DockerSuite.TestRunBindMounts	31.495s
SKIP: docker_cli_run_test.go:1053: DockerSuite.TestRunCapAddALLCanDownInterface (unmatched requirement DaemonIsLinux)
SKIP: docker_cli_run_test.go:1063: DockerSuite.TestRunCapAddALLDropNetAdminCanDownInterface (unmatched requirement DaemonIsLinux)
SKIP: docker_cli_run_test.go:3008: DockerSuite.TestRunCapAddCHOWN (unmatched requirement DaemonIsLinux)
SKIP: docker_cli_run_test.go:1043: DockerSuite.TestRunCapAddCanDownInterface (unmatched requirement DaemonIsLinux)
SKIP: docker_cli_run_test.go:1034: DockerSuite.TestRunCapAddInvalid (unmatched requirement DaemonIsLinux)
SKIP: docker_cli_run_test.go:3194: DockerSuite.TestRunCapAddSYSTIME (unmatched requirement DaemonIsLinux)
SKIP: docker_cli_run_test.go:1024: DockerSuite.TestRunCapDropALLAddMknodCanMknod (unmatched requirement DaemonIsLinux)
SKIP: docker_cli_run_test.go:1012: DockerSuite.TestRunCapDropALLCannotMknod (unmatched requirement DaemonIsLinux)
SKIP: docker_cli_run_test.go:986: DockerSuite.TestRunCapDropCannotMknod (unmatched requirement DaemonIsLinux)
SKIP: docker_cli_run_test.go:999: DockerSuite.TestRunCapDropCannotMknodLowerCase (unmatched requirement DaemonIsLinux)
SKIP: docker_cli_run_test.go:977: DockerSuite.TestRunCapDropInvalid (unmatched requirement DaemonIsLinux)
PASS: docker_cli_run_test.go:1964: DockerSuite.TestRunCidFileCheckIDLength	11.447s
SKIP: docker_cli_run_test.go:1933: DockerSuite.TestRunCidFileCleanupIfEmpty (unmatched requirement DaemonIsLinux)
PASS: docker_cli_run_test.go:1695: DockerSuite.TestRunCleanupCmdOnEntrypoint	16.261s
SKIP: docker_cli_run_test.go:3336: DockerSuite.TestRunContainerNetModeWithDNSMacHosts (unmatched requirement DaemonIsLinux)
SKIP: docker_cli_run_test.go:3360: DockerSuite.TestRunContainerNetModeWithExposePort (unmatched requirement DaemonIsLinux)
PASS: docker_cli_run_test.go:922: DockerSuite.TestRunContainerNetwork	15.790s
SKIP: docker_cli_run_test.go:3327: DockerSuite.TestRunContainerNetworkModeToSelf (unmatched requirement DaemonIsLinux)
SKIP: docker_cli_run_test.go:3311: DockerSuite.TestRunContainerWithCgroupMountRO (unmatched requirement DaemonIsLinux)
SKIP: docker_cli_run_test.go:3237: DockerSuite.TestRunContainerWithCgroupParent (unmatched requirement DaemonIsLinux)
SKIP: docker_cli_run_test.go:2734: DockerSuite.TestRunContainerWithReadonlyEtcHostsAndLinkedContainer (unmatched requirement DaemonIsLinux)
SKIP: docker_cli_run_test.go:2683: DockerSuite.TestRunContainerWithReadonlyRootfs (unmatched requirement DaemonIsLinux)
SKIP: docker_cli_run_test.go:2756: DockerSuite.TestRunContainerWithReadonlyRootfsWithAddHostFlag (unmatched requirement DaemonIsLinux)
SKIP: docker_cli_run_test.go:2746: DockerSuite.TestRunContainerWithReadonlyRootfsWithDNSFlag (unmatched requirement DaemonIsLinux)
PASS: docker_cli_run_test.go:2793: DockerSuite.TestRunContainerWithRmFlagCannotStartContainer	16.021s
PASS: docker_cli_run_test.go:2779: DockerSuite.TestRunContainerWithRmFlagExitCodeNotEqualToZero	15.572s
PASS: docker_cli_run_test.go:2679: DockerSuite.TestRunContainerWithWritableRootfs	15.266s
SKIP: docker_cli_run_test.go:1680: DockerSuite.TestRunCopyVolumeContent (unmatched requirement DaemonIsLinux)
SKIP: docker_cli_run_test.go:1662: DockerSuite.TestRunCopyVolumeUIDGID (unmatched requirement DaemonIsLinux)
SKIP: docker_cli_run_test.go:3202: DockerSuite.TestRunCreateContainerFailedCleanUp (unmatched requirement DaemonIsLinux)
PASS: docker_cli_run_test.go:612: DockerSuite.TestRunCreateVolume	15.573s
SKIP: docker_cli_run_test.go:2153: DockerSuite.TestRunCreateVolumeEtc (unmatched requirement DaemonIsLinux)
SKIP: docker_cli_run_test.go:622: DockerSuite.TestRunCreateVolumeWithSymlink (unmatched requirement DaemonIsLinux)
SKIP: docker_cli_run_test.go:378: DockerSuite.TestRunCreateVolumesInSymlinkDir (unmatched requirement DaemonIsLinux)
SKIP: docker_cli_run_test.go:422: DockerSuite.TestRunCreateVolumesInSymlinkDir2 (unmatched requirement DaemonIsLinux)
PASS: docker_cli_run_test.go:4146: DockerSuite.TestRunCredentialSpecFailures	1.471s
PASS: docker_cli_run_test.go:4166: DockerSuite.TestRunCredentialSpecWellFormed	15.515s
SKIP: docker_cli_run_test.go:1254: DockerSuite.TestRunDNSDefaultOptions (unmatched requirement DaemonIsLinux)
SKIP: docker_cli_run_test.go:4004: DockerSuite.TestRunDNSInHostMode (unmatched requirement DaemonIsLinux)
SKIP: docker_cli_run_test.go:1288: DockerSuite.TestRunDNSOptions (unmatched requirement DaemonIsLinux)
SKIP: docker_cli_run_test.go:1322: DockerSuite.TestRunDNSOptionsBasedOnHostResolvConf (unmatched requirement DaemonIsLinux)
SKIP: docker_cli_run_test.go:1312: DockerSuite.TestRunDNSRepeatOptions (unmatched requirement DaemonIsLinux)
SKIP: docker_cli_run_test.go:2026: DockerSuite.TestRunDeallocatePortOnMissingIptablesRule (unmatched requirement DaemonIsLinux)
PASS: docker_cli_run_test.go:121: DockerSuite.TestRunDetachedContainerIDPrinting	16.024s
SKIP: docker_cli_run_test.go:1141: DockerSuite.TestRunDeviceNumbers (unmatched requirement DaemonIsLinux)
PASS: docker_cli_run_test.go:1240: DockerSuite.TestRunDisallowBindMountingRootToRoot	0.100s
SKIP: docker_cli_run_test.go:4173: DockerSuite.TestRunDuplicateMount (unmatched requirement DaemonIsLinux)
PASS: docker_cli_run_test.go:51: DockerSuite.TestRunEchoNamedContainer	15.577s
PASS: docker_cli_run_test.go:43: DockerSuite.TestRunEchoStdout	15.769s
SKIP: docker_cli_run_test.go:4259: DockerSuite.TestRunEmptyEnv (unmatched requirement DaemonIsLinux)
PASS: docker_cli_run_test.go:1871: DockerSuite.TestRunEntrypoint	15.627s
SKIP: docker_cli_run_test.go:817: DockerSuite.TestRunEnvironment (unmatched requirement DaemonIsLinux)
SKIP: docker_cli_run_test.go:856: DockerSuite.TestRunEnvironmentErase (unmatched requirement DaemonIsLinux)
SKIP: docker_cli_run_test.go:889: DockerSuite.TestRunEnvironmentOverride (unmatched requirement DaemonIsLinux)
PASS: docker_cli_run_test.go:699: DockerSuite.TestRunExitCode	16.273s
PASS: docker_cli_run_test.go:90: DockerSuite.TestRunExitCodeOne	15.846s
PASS: docker_cli_run_test.go:85: DockerSuite.TestRunExitCodeZero	15.464s
PASS: docker_cli_run_test.go:1734: DockerSuite.TestRunExitOnStdinClose	15.695s
PASS: docker_cli_run_test.go:2289: DockerSuite.TestRunExposePort	0.071s
SKIP: docker_cli_run_test.go:948: DockerSuite.TestRunFullHostnameSet (unmatched requirement DaemonIsLinux)
SKIP: docker_cli_run_test.go:1075: DockerSuite.TestRunGroupAdd (unmatched requirement DaemonIsLinux)
SKIP: docker_cli_run_test.go:4501: DockerSuite.TestRunHostnameFQDN (unmatched requirement DaemonIsLinux)
SKIP: docker_cli_run_test.go:4514: DockerSuite.TestRunHostnameInHostMode (unmatched requirement DaemonIsLinux)
SKIP: docker_cli_run_test.go:4242: DockerSuite.TestRunHypervIsolationWithCPUCountCPUSharesAndCPUPercent (unmatched requirement IsolationIsHyperv)
SKIP: docker_cli_run_test.go:3726: DockerSuite.TestRunInitLayerPathOwnership (unmatched requirement DaemonIsLinux)
SKIP: docker_cli_run_test.go:2004: DockerSuite.TestRunInspectMacAddress (unmatched requirement DaemonIsLinux)
PASS: docker_cli_run_test.go:1791: DockerSuite.TestRunInteractiveWithRestartPolicy	30.073s
SKIP: docker_cli_run_test.go:3272: DockerSuite.TestRunInvalidCgroupParent (unmatched requirement DaemonIsLinux)
PASS: docker_cli_run_test.go:3714: DockerSuite.TestRunInvalidReference	0.090s
SKIP: docker_cli_run_test.go:60: DockerSuite.TestRunLeakyFileDescriptors (unmatched requirement DaemonIsLinux)
SKIP: docker_cli_run_test.go:3381: DockerSuite.TestRunLinkToContainerNetMode (unmatched requirement DaemonIsLinux)
SKIP: docker_cli_run_test.go:193: DockerSuite.TestRunLinksContainerWithContainerID (unmatched requirement DaemonIsLinux)
SKIP: docker_cli_run_test.go:178: DockerSuite.TestRunLinksContainerWithContainerName (unmatched requirement DaemonIsLinux)
PASS: docker_cli_run_test.go:72: DockerSuite.TestRunLookupGoogleDNS	23.145s
SKIP: docker_cli_run_test.go:3391: DockerSuite.TestRunLoopbackOnlyExistsWhenNetworkingDisabled (unmatched requirement DaemonIsLinux)
PASS: docker_cli_run_test.go:3417: DockerSuite.TestRunLoopbackWhenNetworkDisabled	14.504s
SKIP: docker_cli_run_test.go:1199: DockerSuite.TestRunModeHostname (unmatched requirement DaemonIsLinux)
SKIP: docker_cli_run_test.go:2317: DockerSuite.TestRunModeIpcContainerNotExists (unmatched requirement DaemonIsLinux)
SKIP: docker_cli_run_test.go:2326: DockerSuite.TestRunModeIpcContainerNotRunning (unmatched requirement DaemonIsLinux)
SKIP: docker_cli_run_test.go:2295: DockerSuite.TestRunModeIpcHost (unmatched requirement DaemonIsLinux)
SKIP: docker_cli_run_test.go:3425: DockerSuite.TestRunModeNetContainerHostname (unmatched requirement DaemonIsLinux)
SKIP: docker_cli_run_test.go:2339: DockerSuite.TestRunModePIDContainer (unmatched requirement DaemonIsLinux)
SKIP: docker_cli_run_test.go:2364: DockerSuite.TestRunModePIDContainerNotExists (unmatched requirement DaemonIsLinux)
SKIP: docker_cli_run_test.go:2373: DockerSuite.TestRunModePIDContainerNotRunning (unmatched requirement DaemonIsLinux)
SKIP: docker_cli_run_test.go:2431: DockerSuite.TestRunModePIDHost (unmatched requirement DaemonIsLinux)
SKIP: docker_cli_run_test.go:2453: DockerSuite.TestRunModeUTSHost (unmatched requirement DaemonIsLinux)
SKIP: docker_cli_run_test.go:4321: DockerSuite.TestRunMount (unmatched requirement DaemonIsLinux)
SKIP: docker_cli_run_test.go:2082: DockerSuite.TestRunMountOrdering (unmatched requirement DaemonIsLinux)
SKIP: docker_cli_run_test.go:4309: DockerSuite.TestRunMountReadOnlyDevShm (unmatched requirement DaemonIsLinux)
SKIP: docker_cli_run_test.go:2386: DockerSuite.TestRunMountShmMqueueFromHost (unmatched requirement DaemonIsLinux)
PASS: docker_cli_run_test.go:582: DockerSuite.TestRunMultipleVolumesFrom	47.116s
SKIP: docker_cli_exec_test.go:395: DockerSuite.TestRunMutableNetworkFiles (unmatched requirement DaemonIsLinux)
SKIP: docker_cli_run_test.go:3214: DockerSuite.TestRunNamedVolume (unmatched requirement DaemonIsLinux)
SKIP: docker_cli_run_test.go:3858: DockerSuite.TestRunNamedVolumeCopyImageData (unmatched requirement DaemonIsLinux)
PASS: docker_cli_run_test.go:3872: DockerSuite.TestRunNamedVolumeNotRemoved	30.872s
PASS: docker_cli_run_test.go:3889: DockerSuite.TestRunNamedVolumesFromNotRemoved	31.625s
SKIP: docker_cli_run_test.go:3851: DockerSuite.TestRunNamedVolumesMountedAsShared (unmatched requirement DaemonIsLinux)
SKIP: docker_cli_run_test.go:2606: DockerSuite.TestRunNetContainerWhichHost (unmatched requirement DaemonIsLinux)
SKIP: docker_cli_run_test.go:2575: DockerSuite.TestRunNetHost (unmatched requirement DaemonIsLinux)
SKIP: docker_cli_run_test.go:931: DockerSuite.TestRunNetHostNotAllowedWithLinks (unmatched requirement DaemonIsLinux)
SKIP: docker_cli_run_test.go:2597: DockerSuite.TestRunNetHostTwiceSameName (unmatched requirement DaemonIsLinux)
SKIP: docker_cli_run_test.go:3069: DockerSuite.TestRunNetworkFilesBindMount (unmatched requirement DaemonIsLinux)
SKIP: docker_cli_run_test.go:3093: DockerSuite.TestRunNetworkFilesBindMountRO (unmatched requirement DaemonIsLinux)
SKIP: docker_cli_run_test.go:3115: DockerSuite.TestRunNetworkFilesBindMountROFilesystem (unmatched requirement DaemonIsLinux)
SKIP: docker_cli_run_test.go:3438: DockerSuite.TestRunNetworkNotInitializedNoneMode (unmatched requirement DaemonIsLinux)
PASS: docker_cli_run_test.go:521: DockerSuite.TestRunNoDupVolumes	0.400s
PASS: docker_cli_run_test.go:2194: DockerSuite.TestRunNoOutputFromPullInStdout	0.935s
PASS: docker_cli_run_test.go:3663: DockerSuite.TestRunNonExecutableCmd	15.426s
PASS: docker_cli_run_test.go:3672: DockerSuite.TestRunNonExistingCmd	15.489s
PASS: docker_cli_run_test.go:3697: DockerSuite.TestRunNonExistingImage	0.952s
PASS: docker_cli_run_test.go:2558: DockerSuite.TestRunNonLocalMacAddress	16.305s
SKIP: docker_cli_run_test.go:1404: DockerSuite.TestRunNonRootUserResolvName (unmatched requirement DaemonIsLinux)
SKIP: docker_cli_run_test.go:2806: DockerSuite.TestRunPIDHostWithChildIsKillable (unmatched requirement DaemonIsLinux)
SKIP: docker_cli_run_test.go:2494: DockerSuite.TestRunPortFromDockerRangeInUse (unmatched requirement DaemonIsLinux)
SKIP: docker_cli_run_test.go:2042: DockerSuite.TestRunPortInUse (unmatched requirement DaemonIsLinux)
SKIP: docker_cli_run_test.go:957: DockerSuite.TestRunPrivilegedCanMknod (unmatched requirement DaemonIsLinux)
SKIP: docker_cli_run_test.go:1086: DockerSuite.TestRunPrivilegedCanMount (unmatched requirement DaemonIsLinux)
SKIP: docker_cli_run_test.go:1125: DockerSuite.TestRunProcNotWritableInNonPrivilegedContainers (unmatched requirement DaemonIsLinux)
SKIP: docker_cli_run_test.go:1133: DockerSuite.TestRunProcWritableInPrivilegedContainers (unmatched requirement DaemonIsLinux)
PASS: docker_cli_run_test.go:4224: DockerSuite.TestRunProcessIsolationWithCPUCountCPUSharesAndCPUPercent	51.197s
SKIP: docker_cli_run_test.go:2983: DockerSuite.TestRunPublishPort (unmatched requirement DaemonIsLinux)
SKIP: docker_cli_run_test.go:2886: DockerSuite.TestRunReadFilteredProc (unmatched requirement Apparmor)
SKIP: docker_cli_run_test.go:2865: DockerSuite.TestRunReadProcLatency (unmatched requirement DaemonIsLinux)
SKIP: docker_cli_run_test.go:2850: DockerSuite.TestRunReadProcTimer (unmatched requirement DaemonIsLinux)
SKIP: docker_cli_run_test.go:1426: DockerSuite.TestRunResolvconfUpdate (unmatched requirement DaemonIsLinux)
PASS: docker_cli_run_test.go:2656: DockerSuite.TestRunRestartMaxRetries	59.001s
SKIP: docker_cli_run_test.go:2127: DockerSuite.TestRunReuseBindVolumeThatIsSymlink (unmatched requirement DaemonIsLinux)
PASS: docker_cli_run_test.go:4057: DockerSuite.TestRunRm	15.841s
PASS: docker_cli_run_test.go:4047: DockerSuite.TestRunRmAndWait	18.087s
PASS: docker_cli_run_test.go:4068: DockerSuite.TestRunRmPre125Api	15.588s
PASS: docker_cli_run_test.go:1220: DockerSuite.TestRunRootWorkdir	14.863s
PASS: docker_cli_run_test.go:2648: DockerSuite.TestRunSetDefaultRestartPolicy	12.873s
PASS: docker_cli_run_test.go:1988: DockerSuite.TestRunSetMacAddress	16.535s
SKIP: docker_cli_run_test.go:2238: DockerSuite.TestRunSlowStdoutConsumer (unmatched requirement DaemonIsLinux)
SKIP: docker_cli_run_test.go:1625: DockerSuite.TestRunState (unmatched requirement DaemonIsLinux)
PASS: docker_cli_run_test.go:3617: DockerSuite.TestRunStdinBlockedAfterContainerExit	14.435s
SKIP: docker_cli_run_test.go:97: DockerSuite.TestRunStdinPipe (unmatched requirement DaemonIsLinux)
PASS: docker_cli_run_test.go:4132: DockerSuite.TestRunStoppedLoggingDriverNoLeak	15.529s
SKIP: docker_cli_run_test.go:1109: DockerSuite.TestRunSysNotWritableInNonPrivilegedContainers (unmatched requirement DaemonIsLinux)
SKIP: docker_cli_run_test.go:1117: DockerSuite.TestRunSysWritableInPrivilegedContainers (unmatched requirement DaemonIsLinux)
PASS: docker_cli_run_test.go:2478: DockerSuite.TestRunTLSVerify	0.223s
PASS: docker_cli_run_test.go:2526: DockerSuite.TestRunTTYWithPipe	0.070s
SKIP: docker_cli_run_test.go:1157: DockerSuite.TestRunThatCharacterDevicesActLikeCharacterDevices (unmatched requirement DaemonIsLinux)
PASS: docker_cli_run_test.go:795: DockerSuite.TestRunTwoConcurrentContainers	30.989s
SKIP: docker_cli_run_test.go:967: DockerSuite.TestRunUnprivilegedCanMknod (unmatched requirement DaemonIsLinux)
SKIP: docker_cli_run_test.go:1096: DockerSuite.TestRunUnprivilegedCannotMount (unmatched requirement DaemonIsLinux)
SKIP: docker_cli_run_test.go:1166: DockerSuite.TestRunUnprivilegedWithChroot (unmatched requirement DaemonIsLinux)
SKIP: docker_cli_run_test.go:4080: DockerSuite.TestRunUnsetEntrypoint (unmatched requirement DaemonIsLinux)
SKIP: docker_cli_run_test.go:2925: DockerSuite.TestRunUnshareProc (unmatched requirement Apparmor)
SKIP: docker_cli_run_test.go:736: DockerSuite.TestRunUserByID (unmatched requirement DaemonIsLinux)
SKIP: docker_cli_run_test.go:746: DockerSuite.TestRunUserByIDBig (unmatched requirement DaemonIsLinux)
SKIP: docker_cli_run_test.go:759: DockerSuite.TestRunUserByIDNegative (unmatched requirement DaemonIsLinux)
SKIP: docker_cli_run_test.go:772: DockerSuite.TestRunUserByIDZero (unmatched requirement DaemonIsLinux)
SKIP: docker_cli_run_test.go:726: DockerSuite.TestRunUserByName (unmatched requirement DaemonIsLinux)
PASS: docker_cli_run_test.go:715: DockerSuite.TestRunUserDefaults	14.703s
SKIP: docker_cli_run_test.go:785: DockerSuite.TestRunUserNotFound (unmatched requirement DaemonIsLinux)
PASS: docker_cli_run_test.go:593: DockerSuite.TestRunVerifyContainerID	11.998s
SKIP: docker_cli_run_test.go:3969: DockerSuite.TestRunVolumeCopyFlag (unmatched requirement DaemonIsLinux)
SKIP: docker_cli_run_test.go:3962: DockerSuite.TestRunVolumeWithOneCharacter (unmatched requirement DaemonIsLinux)
PASS: docker_cli_run_test.go:2207: DockerSuite.TestRunVolumesCleanPaths	17.753s
PASS: docker_cli_run_test.go:473: DockerSuite.TestRunVolumesFromInReadWriteMode	44.876s
PASS: docker_cli_run_test.go:452: DockerSuite.TestRunVolumesFromInReadonlyModeFails	30.861s
PASS: docker_cli_run_test.go:2766: DockerSuite.TestRunVolumesFromRestartAfterRemoved	43.137s
SKIP: docker_cli_run_test.go:658: DockerSuite.TestRunVolumesFromSymlinkPath (unmatched requirement DaemonIsLinux)
PASS: docker_cli_run_test.go:446: DockerSuite.TestRunVolumesMountedAsReadonly	0.111s
SKIP: docker_cli_run_test.go:3771: DockerSuite.TestRunVolumesMountedAsShared (unmatched requirement DaemonIsLinux)
SKIP: docker_cli_run_test.go:3802: DockerSuite.TestRunVolumesMountedAsSlave (unmatched requirement DaemonIsLinux)
PASS: docker_cli_run_test.go:4194: DockerSuite.TestRunWindowsWithCPUCount	50.207s
PASS: docker_cli_run_test.go:4214: DockerSuite.TestRunWindowsWithCPUPercent	17.967s
PASS: docker_cli_run_test.go:4204: DockerSuite.TestRunWindowsWithCPUShares	15.817s
SKIP: docker_cli_run_test.go:1856: DockerSuite.TestRunWithBadDevice (unmatched requirement DaemonIsLinux)
PASS: docker_cli_run_test.go:341: DockerSuite.TestRunWithDaemonFlags	0.043s
PASS: docker_cli_run_test.go:2018: DockerSuite.TestRunWithInvalidMacAddress	0.069s
SKIP: docker_cli_run_test.go:282: DockerSuite.TestRunWithNetAliasOnDefaultNetworks (unmatched requirement DaemonIsLinux)
SKIP: docker_cli_run_test.go:3743: DockerSuite.TestRunWithOomScoreAdj (unmatched requirement DaemonIsLinux)
SKIP: docker_cli_run_test.go:3754: DockerSuite.TestRunWithOomScoreAdjInvalidRange (unmatched requirement DaemonIsLinux)
SKIP: docker_cli_run_test.go:2829: DockerSuite.TestRunWithTooSmallMemoryLimit (unmatched requirement DaemonIsLinux)
SKIP: docker_cli_run_test.go:3226: DockerSuite.TestRunWithUlimits (unmatched requirement DaemonIsLinux)
PASS: docker_cli_run_test.go:348: DockerSuite.TestRunWithVolumesFromExited	27.549s
PASS: docker_cli_run_test.go:159: DockerSuite.TestRunWithoutNetworking	14.895s
PASS: docker_cli_run_test.go:1720: DockerSuite.TestRunWorkdirExistsAndIsFile	15.545s
PASS: docker_cli_run_test.go:136: DockerSuite.TestRunWorkingDirectory	31.344s
SKIP: docker_cli_run_test.go:3042: DockerSuite.TestRunWriteFilteredProc (unmatched requirement Apparmor)
SKIP: docker_cli_run_test.go:1808: DockerSuite.TestRunWriteSpecialFilesAndNotCommit (unmatched requirement DaemonIsLinux)
SKIP: docker_cli_run_test.go:2841: DockerSuite.TestRunWriteToProcAsound (unmatched requirement DaemonIsLinux)
SKIP: docker_cli_run_test.go:3640: DockerSuite.TestRunWrongCpusetCpusFlagValue (unmatched requirement DaemonIsLinux)
SKIP: docker_cli_run_test.go:3651: DockerSuite.TestRunWrongCpusetMemsFlagValue (unmatched requirement DaemonIsLinux)
SKIP: docker_cli_save_load_test.go:157: DockerSuite.TestSaveAndLoadRepoFlags (unmatched requirement DaemonIsLinux)
SKIP: docker_cli_save_load_test.go:99: DockerSuite.TestSaveCheckTimes (unmatched requirement DaemonIsLinux)
SKIP: docker_cli_save_load_test.go:258: DockerSuite.TestSaveDirectoryPermissions (unmatched requirement DaemonIsLinux)
SKIP: docker_cli_save_load_test.go:118: DockerSuite.TestSaveImageId (unmatched requirement DaemonIsLinux)
SKIP: docker_cli_save_load_test.go:379: DockerSuite.TestSaveLoadNoTag (unmatched requirement DaemonIsLinux)
SKIP: docker_cli_save_load_test.go:340: DockerSuite.TestSaveLoadParents (unmatched requirement DaemonIsLinux)
SKIP: docker_cli_save_load_test.go:188: DockerSuite.TestSaveMultipleNames (unmatched requirement DaemonIsLinux)
SKIP: docker_cli_save_load_test.go:206: DockerSuite.TestSaveRepoWithMultipleImages (unmatched requirement DaemonIsLinux)
SKIP: docker_cli_save_load_test.go:84: DockerSuite.TestSaveSingleTag (unmatched requirement DaemonIsLinux)
SKIP: docker_cli_save_load_test.go:178: DockerSuite.TestSaveWithNoExistImage (unmatched requirement DaemonIsLinux)
SKIP: docker_cli_save_load_test.go:26: DockerSuite.TestSaveXzAndLoadRepoStdout (unmatched requirement DaemonIsLinux)
SKIP: docker_cli_save_load_test.go:55: DockerSuite.TestSaveXzGzAndLoadRepoStdout (unmatched requirement DaemonIsLinux)
SKIP: docker_cli_search_test.go:47: DockerSuite.TestSearchCmdOptions (unmatched requirement DaemonIsLinux)
SKIP: docker_cli_search_test.go:12: DockerSuite.TestSearchOnCentralRegistry (unmatched requirement DaemonIsLinux)
SKIP: docker_cli_search_test.go:96: DockerSuite.TestSearchOnCentralRegistryWithDash (unmatched requirement DaemonIsLinux)
PASS: docker_cli_search_test.go:19: DockerSuite.TestSearchStarsOptionWithWrongParameter	0.440s
SKIP: docker_cli_search_test.go:103: DockerSuite.TestSearchWithLimit (unmatched requirement DaemonIsLinux)
PASS: docker_cli_run_test.go:4278: DockerSuite.TestSlowStdinClosing	46.857s
SKIP: docker_cli_start_test.go:44: DockerSuite.TestStartAttachCorrectExitCode (unmatched requirement DaemonIsLinux)
PASS: docker_cli_start_test.go:145: DockerSuite.TestStartAttachMultipleContainers	53.120s
SKIP: docker_cli_start_test.go:15: DockerSuite.TestStartAttachReturnsOnError (unmatched requirement DaemonIsLinux)
PASS: docker_cli_start_test.go:57: DockerSuite.TestStartAttachSilent	29.198s
SKIP: docker_cli_start_test.go:174: DockerSuite.TestStartAttachWithRename (unmatched requirement DaemonIsLinux)
SKIP: docker_cli_start_test.go:109: DockerSuite.TestStartMultipleContainers (unmatched requirement DaemonIsLinux)
SKIP: docker_cli_start_test.go:94: DockerSuite.TestStartPausedContainer (unmatched requirement IsPausable)
SKIP: docker_cli_start_test.go:69: DockerSuite.TestStartRecordError (unmatched requirement DaemonIsLinux)

----------------------------------------------------------------------
FAIL: docker_cli_start_test.go:189: DockerSuite.TestStartReturnCorrectExitCode

docker_cli_start_test.go:198:
    c.Assert(exitCode, checker.Equals, 12)
... obtained int = 125
... expected int = 12


----------------------------------------------------------------------
SKIP: docker_cli_stats_test.go:122: DockerSuite.TestStatsAllNewContainersAdded (unmatched requirement DaemonIsLinux)
SKIP: docker_cli_stats_test.go:93: DockerSuite.TestStatsAllNoStream (unmatched requirement DaemonIsLinux)
SKIP: docker_cli_stats_test.go:57: DockerSuite.TestStatsAllRunningNoStream (unmatched requirement DaemonIsLinux)
SKIP: docker_cli_stats_test.go:44: DockerSuite.TestStatsContainerNotFound (unmatched requirement DaemonIsLinux)
SKIP: docker_cli_stats_test.go:163: DockerSuite.TestStatsFormatAll (unmatched requirement DaemonIsLinux)
SKIP: docker_cli_stats_test.go:15: DockerSuite.TestStatsNoStream (unmatched requirement DaemonIsLinux)
PASS: docker_cli_top_test.go:11: DockerSuite.TestTopMultipleArgs	12.256s
PASS: docker_cli_top_test.go:26: DockerSuite.TestTopNonPrivileged	14.601s
SKIP: docker_cli_top_test.go:61: DockerSuite.TestTopPrivileged (unmatched requirement DaemonIsLinux)
PASS: docker_cli_top_test.go:50: DockerSuite.TestTopWindowsCoreProcesses	12.252s
SKIP: docker_cli_run_test.go:3450: DockerSuite.TestTwoContainersInNetHost (unmatched requirement DaemonIsLinux)
SKIP: docker_cli_port_test.go:212: DockerSuite.TestUnpublishedPortsInPsOutput (unmatched requirement DaemonIsLinux)
SKIP: docker_cli_health_test.go:147: DockerSuite.TestUnsetEnvVarHealthCheck (unmatched requirement DaemonIsLinux)
SKIP: docker_cli_run_test.go:293: DockerSuite.TestUserDefinedNetworkAlias (unmatched requirement DaemonIsLinux)
SKIP: docker_cli_run_test.go:208: DockerSuite.TestUserDefinedNetworkLinks (unmatched requirement DaemonIsLinux)
SKIP: docker_cli_run_test.go:244: DockerSuite.TestUserDefinedNetworkLinksWithRestart (unmatched requirement DaemonIsLinux)
PASS: docker_cli_volume_test.go:22: DockerSuite.TestVolumeCLICreate	15.424s
PASS: docker_cli_volume_test.go:298: DockerSuite.TestVolumeCLICreateLabel	0.203s
PASS: docker_cli_volume_test.go:310: DockerSuite.TestVolumeCLICreateLabelMultiple	0.297s
SKIP: docker_cli_volume_test.go:274: DockerSuite.TestVolumeCLICreateWithOpts (unmatched requirement DaemonIsLinux)
PASS: docker_cli_volume_test.go:38: DockerSuite.TestVolumeCLIInspect	0.493s
PASS: docker_cli_volume_test.go:55: DockerSuite.TestVolumeCLIInspectMulti	0.389s
PASS: docker_cli_volume_test.go:264: DockerSuite.TestVolumeCLIInspectTmplError	0.189s
PASS: docker_cli_volume_test.go:72: DockerSuite.TestVolumeCLILs	15.049s
PASS: docker_cli_volume_test.go:193: DockerSuite.TestVolumeCLILsErrorWithInvalidFilterName	0.097s
PASS: docker_cli_volume_test.go:143: DockerSuite.TestVolumeCLILsFilterDangling	16.764s
PASS: docker_cli_volume_test.go:367: DockerSuite.TestVolumeCLILsFilterDrivers	0.580s
PASS: docker_cli_volume_test.go:337: DockerSuite.TestVolumeCLILsFilterLabels	0.596s
PASS: docker_cli_volume_test.go:199: DockerSuite.TestVolumeCLILsWithIncorrectFilterValue	0.098s
PASS: docker_cli_volume_test.go:241: DockerSuite.TestVolumeCLINoArgs	0.237s
PASS: docker_cli_volume_test.go:205: DockerSuite.TestVolumeCLIRm	48.780s
SKIP: docker_cli_volume_test.go:406: DockerSuite.TestVolumeCLIRmForce (unmatched requirement DaemonIsLinux)
PASS: docker_cli_volume_test.go:430: DockerSuite.TestVolumeCLIRmForceInUse	0.868s
PASS: docker_cli_volume_test.go:398: DockerSuite.TestVolumeCLIRmForceUsage	0.308s
SKIP: docker_cli_volume_test.go:468: DockerSuite.TestVolumeCliInspectWithVolumeOpts (unmatched requirement DaemonIsLinux)
PASS: docker_cli_run_test.go:3019: DockerSuite.TestVolumeFromMixedRWOptions	45.414s
PASS: docker_cli_volume_test.go:85: DockerSuite.TestVolumeLsFormat	0.395s
PASS: docker_cli_volume_test.go:94: DockerSuite.TestVolumeLsFormatDefaultFormat	0.384s
PASS: docker_cli_run_test.go:496: DockerSuite.TestVolumesFromGetsProperMode	58.954s
SKIP: docker_cli_run_test.go:2174: DockerSuite.TestVolumesNoCopyData (unmatched requirement DaemonIsLinux)
SKIP: docker_cli_wait_test.go:70: DockerSuite.TestWaitBlockedExitRandom (unmatched requirement DaemonIsLinux)
SKIP: docker_cli_wait_test.go:28: DockerSuite.TestWaitBlockedExitZero (unmatched requirement DaemonIsLinux)
PASS: docker_cli_wait_test.go:58: DockerSuite.TestWaitNonBlockedExitRandom	14.822s
PASS: docker_cli_wait_test.go:15: DockerSuite.TestWaitNonBlockedExitZero	14.645s
SKIP: docker_cli_run_test.go:4537: DockerSuite.TestWindowsRunAsSystem (unmatched requirement DaemonIsWindowsAtLeastBuild.func1)
SKIP: docker_cli_by_digest_test.go:184: DockerRegistrySuite.TestBuildByDigest
SKIP: docker_api_build_test.go:327: DockerRegistrySuite.TestBuildCopyFromForcePull
SKIP: docker_cli_build_test.go:5788: DockerRegistrySuite.TestBuildMultiStageImplicitPull
SKIP: docker_cli_pull_local_test.go:197: DockerRegistrySuite.TestConcurrentPullMultipleTags
SKIP: docker_cli_push_test.go:199: DockerRegistrySuite.TestConcurrentPush
SKIP: docker_cli_by_digest_test.go:130: DockerRegistrySuite.TestCreateByDigest
SKIP: docker_cli_push_test.go:207: DockerRegistrySuite.TestCrossRepositoryLayerPush
SKIP: docker_cli_by_digest_test.go:447: DockerRegistrySuite.TestDeleteImageByIDOnlyPulledByDigest
SKIP: docker_cli_by_digest_test.go:493: DockerRegistrySuite.TestDeleteImageWithDigestAndMultiRepoTag
SKIP: docker_cli_by_digest_test.go:466: DockerRegistrySuite.TestDeleteImageWithDigestAndTag
SKIP: docker_cli_events_test.go:545: DockerRegistrySuite.TestEventsImageFilterPush
SKIP: docker_cli_by_digest_test.go:391: DockerRegistrySuite.TestInspectImageWithDigests
SKIP: docker_cli_by_digest_test.go:318: DockerRegistrySuite.TestListDanglingImagesWithDigests
SKIP: docker_cli_by_digest_test.go:241: DockerRegistrySuite.TestListImagesWithDigests
SKIP: docker_cli_by_digest_test.go:228: DockerRegistrySuite.TestListImagesWithoutDigests
SKIP: docker_cli_by_digest_test.go:410: DockerRegistrySuite.TestPsListContainersFilterAncestorImageByDigest
SKIP: docker_cli_by_digest_test.go:105: DockerRegistrySuite.TestPullByDigest
SKIP: docker_cli_by_digest_test.go:122: DockerRegistrySuite.TestPullByDigestNoFallback
SKIP: docker_cli_by_digest_test.go:79: DockerRegistrySuite.TestPullByTagDisplaysDigest
SKIP: docker_cli_by_digest_test.go:612: DockerRegistrySuite.TestPullFailsWithAlteredLayer
SKIP: docker_cli_by_digest_test.go:530: DockerRegistrySuite.TestPullFailsWithAlteredManifest
SKIP: docker_cli_pull_local_test.go:258: DockerRegistrySuite.TestPullIDStability
SKIP: docker_cli_pull_local_test.go:54: DockerRegistrySuite.TestPullImageWithAliases
SKIP: docker_cli_pull_local_test.go:286: DockerRegistrySuite.TestPullManifestList
SKIP: docker_cli_pull_local_test.go:278: DockerRegistrySuite.TestPullNoLayers
SKIP: docker_cli_push_test.go:69: DockerRegistrySuite.TestPushBadTag
SKIP: docker_cli_push_test.go:29: DockerRegistrySuite.TestPushBusyboxImage
SKIP: docker_cli_push_test.go:145: DockerRegistrySuite.TestPushEmptyLayer
SKIP: docker_cli_push_test.go:114: DockerRegistrySuite.TestPushMultipleTags
SKIP: docker_cli_push_test.go:52: DockerRegistrySuite.TestPushUntagged
SKIP: docker_cli_by_digest_test.go:161: DockerRegistrySuite.TestRemoveImageByDigest
SKIP: docker_cli_by_digest_test.go:143: DockerRegistrySuite.TestRunByDigest
SKIP: docker_cli_pull_local_test.go:451: DockerRegistrySuite.TestRunImplicitPullWithNoTag
SKIP: docker_cli_by_digest_test.go:209: DockerRegistrySuite.TestTagByDigest
SKIP: docker_cli_registry_user_agent_test.go:73: DockerRegistrySuite.TestUserAgentPassThrough
SKIP: docker_cli_v2_only_test.go:27: DockerRegistrySuite.TestV2Only
SKIP: docker_cli_pull_local_test.go:201: DockerSchema1RegistrySuite.TestConcurrentPullMultipleTags
SKIP: docker_cli_push_test.go:203: DockerSchema1RegistrySuite.TestConcurrentPush
SKIP: docker_cli_push_test.go:248: DockerSchema1RegistrySuite.TestCrossRepositoryLayerPushNotSupported
SKIP: docker_cli_by_digest_test.go:109: DockerSchema1RegistrySuite.TestPullByDigest
SKIP: docker_cli_by_digest_test.go:126: DockerSchema1RegistrySuite.TestPullByDigestNoFallback
SKIP: docker_cli_by_digest_test.go:83: DockerSchema1RegistrySuite.TestPullByTagDisplaysDigest
SKIP: docker_cli_by_digest_test.go:655: DockerSchema1RegistrySuite.TestPullFailsWithAlteredLayer
SKIP: docker_cli_by_digest_test.go:570: DockerSchema1RegistrySuite.TestPullFailsWithAlteredManifest
SKIP: docker_cli_pull_local_test.go:262: DockerSchema1RegistrySuite.TestPullIDStability
SKIP: docker_cli_pull_local_test.go:58: DockerSchema1RegistrySuite.TestPullImageWithAliases
SKIP: docker_cli_pull_local_test.go:282: DockerSchema1RegistrySuite.TestPullNoLayers
SKIP: docker_cli_push_test.go:73: DockerSchema1RegistrySuite.TestPushBadTag
SKIP: docker_cli_push_test.go:33: DockerSchema1RegistrySuite.TestPushBusyboxImage
SKIP: docker_cli_push_test.go:149: DockerSchema1RegistrySuite.TestPushEmptyLayer
SKIP: docker_cli_push_test.go:118: DockerSchema1RegistrySuite.TestPushMultipleTags
SKIP: docker_cli_push_test.go:56: DockerSchema1RegistrySuite.TestPushUntagged
SKIP: docker_cli_build_test.go:4998: DockerRegistryAuthHtpasswdSuite.TestBuildFromAuthenticatedRegistry
SKIP: docker_cli_build_test.go:5016: DockerRegistryAuthHtpasswdSuite.TestBuildWithExternalAuth
SKIP: docker_cli_login_test.go:22: DockerRegistryAuthHtpasswdSuite.TestLoginToPrivateRegistry
SKIP: docker_cli_logout_test.go:15: DockerRegistryAuthHtpasswdSuite.TestLogoutWithExternalAuth
SKIP: docker_cli_logout_test.go:67: DockerRegistryAuthHtpasswdSuite.TestLogoutWithWrongHostnamesStored
SKIP: docker_cli_pull_local_test.go:415: DockerRegistryAuthHtpasswdSuite.TestPullWithExternalAuth
SKIP: docker_cli_pull_local_test.go:370: DockerRegistryAuthHtpasswdSuite.TestPullWithExternalAuthLoginWithScheme
SKIP: docker_cli_push_test.go:281: DockerRegistryAuthHtpasswdSuite.TestPushNoCredentialsNoRetry
SKIP: docker_cli_push_test.go:343: DockerRegistryAuthTokenSuite.TestPushMisconfiguredTokenServiceResponseError
SKIP: docker_cli_push_test.go:371: DockerRegistryAuthTokenSuite.TestPushMisconfiguredTokenServiceResponseNoToken
SKIP: docker_cli_push_test.go:330: DockerRegistryAuthTokenSuite.TestPushMisconfiguredTokenServiceResponseUnauthorized
SKIP: docker_cli_push_test.go:358: DockerRegistryAuthTokenSuite.TestPushMisconfiguredTokenServiceResponseUnparsable
SKIP: docker_cli_push_test.go:318: DockerRegistryAuthTokenSuite.TestPushTokenServiceUnauthResponse
SKIP: docker_cli_proxy_test.go:23: DockerDaemonSuite.TestCLIProxyProxyTCPSock
SKIP: docker_cli_exec_test.go:87: DockerDaemonSuite.TestExecAfterDaemonRestart
SKIP: docker_cli_info_test.go:212: DockerDaemonSuite.TestRegistryMirrors
SKIP: docker_cli_run_test.go:4110: DockerDaemonSuite.TestRunWithUlimitAndDaemonDefault
SKIP: docker_cli_plugins_test.go:31: DockerPluginSuite.TestPluginBasicOps
SKIP: docker_cli_plugins_test.go:262: DockerPluginSuite.TestPluginCreate
SKIP: docker_cli_plugins_test.go:240: DockerPluginSuite.TestPluginEnableDisableNegative
SKIP: docker_cli_plugins_test.go:62: DockerPluginSuite.TestPluginForceRemove
SKIP: docker_cli_plugins_test.go:354: DockerPluginSuite.TestPluginIDPrefix
SKIP: docker_cli_plugins_test.go:294: DockerPluginSuite.TestPluginInspect
SKIP: docker_cli_plugins_test.go:210: DockerPluginSuite.TestPluginInstallArgs
SKIP: docker_cli_plugins_test.go:126: DockerPluginSuite.TestPluginInstallDisable
SKIP: docker_cli_plugins_test.go:226: DockerPluginSuite.TestPluginInstallImage
SKIP: docker_cli_plugins_test.go:411: DockerPluginSuite.TestPluginListDefaultFormat
SKIP: docker_cli_plugins_test.go:159: DockerPluginSuite.TestPluginSet
OOPS: 522 passed, 558 skipped, 1 FAILED
--- FAIL: Test (10319.89s)
FAIL
exit status 1
FAIL	github.com/docker/docker/integration-cli	10320.011s


ERROR: Failed 'ERROR: Integration tests failed at 01/05/2019 12:14:40. Duration:02:52:11.9976637' at 01/05/2019 12:14:40
At C:\gopath\src\github.com\docker\docker\hack\ci\windows.ps1:850 char:17
+ ...             Throw "ERROR: Integration tests failed at $(Get-Date). Du ...
+                 ~~~~~~~~~~~~~~~~~~~~~~~~~~~~~~~~~~~~~~~~~~~~~~~~~~~~~~~~~



INFO: Tidying up at end of run
INFO: Saving daemon under test log (d:\CI\CI-e042692db1\dut.err) to d:\temp\CIDUT.log
INFO: Nuke-Everything...
INFO: Container count on control daemon to delete is 2
b4cf6f86215d
315ef560b098
INFO: Non-base image count on control daemon to delete is 1
Deleted: sha256:f40d9ff17d0f8ef6de098f29635683fb3462f0ad9f9457fd19c32ec87a6149d5
Deleted: sha256:fbe520bdcd45c076a2f5b60039b0e59941e72918dee0715b8a765f16fcab4a13
Deleted: sha256:58bb2c766d78b9b0dfdebc7090914dc9004bd99c9a84d5d51a6f933d579665d3
Deleted: sha256:9e1ffa48b18f8ba2ad3f46fef7e0d5c369a5b0821920551de82bb21843ca0f86
Deleted: sha256:271a746b87b5dd03b5e4b80b6cf8010a2d617f2ededabeaf2cb64191f2605cfd
Deleted: sha256:a1717c713a6c7fae3ab8a254c22f2a38face8945e83aace951789c81a6e155a8
Deleted: sha256:9d9bd9ef08c71068466bbb29ae25417be2c2559aec958405dd33bc18f2e58227
Deleted: sha256:bd856e362f1d3be98e1de889ac7cf8779c2b09c6d1d60171ac2c84ef11b412f9
Deleted: sha256:33c612317485cb198cebcb6fb2deb22539dfc2e282ef376c53d76275a8c9313c
Deleted: sha256:476f029defa7fa50e96ed74c9383131cf8e438909597e6221e0dbacb4529f597
INFO: Killing daemon with PID 6528
INFO: Tidying pidfile d:\CI\CI-e042692db1\docker.pid
INFO: Stopping possible daemon pid 6528
ERROR: The process "6528" not found.
INFO: Nuking d:\CI
INFO: Zapped successfully

INFO: executeCI.ps1 exiting at Sat Jan  5 12:15:13 CUT 2019. Duration 03:04:39.6045832

Build step 'Windows PowerShell' marked build as failure
Set build name.
New build name is '#143'
[PostBuildScript] - Executing post build scripts.
Notifying endpoint with url 'https://leeroy.dockerproject.org/notification/jenkins'
Finished: FAILURE
