Started by user Gordon
Notifying endpoint with url 'https://leeroy.dockerproject.org/notification/jenkins'
[EnvInject] - Loading node environment variables.
Building remotely on ubuntu-1604-overlay2-stable (i-0b0cf49a7ff86b73d) (x86_64 ec2 ubuntu overlay2 linux ubuntu-1604 ubuntu-1604-overlay2-stable amd64 docker us-west-2) in workspace /home/ubuntu/workspace/Docker-PRs
Wiping out workspace first.
Cloning the remote Git repository
Cloning repository https://github.com/moby/moby.git
 > git init /home/ubuntu/workspace/Docker-PRs # timeout=10
Fetching upstream changes from https://github.com/moby/moby.git
 > git --version # timeout=10
 > git fetch --tags --progress https://github.com/moby/moby.git +refs/heads/*:refs/remotes/origin/*
 > git config remote.origin.url https://github.com/moby/moby.git # timeout=10
 > git config --add remote.origin.fetch +refs/heads/*:refs/remotes/origin/* # timeout=10
 > git config remote.origin.url https://github.com/moby/moby.git # timeout=10
Fetching upstream changes from https://github.com/moby/moby.git
 > git fetch --tags --progress https://github.com/moby/moby.git +refs/heads/*:refs/remotes/origin/*
 > git rev-parse origin/master^{commit} # timeout=10
Checking out Revision b4842cfe88b39af42416429396aee10d1fe7c3d6 (origin/master)
 > git config core.sparsecheckout # timeout=10
 > git checkout -f b4842cfe88b39af42416429396aee10d1fe7c3d6
Commit message: "Merge pull request #38354 from thaJeztah/fix_ipam_swagger"
 > git rev-list --no-walk b4842cfe88b39af42416429396aee10d1fe7c3d6 # timeout=10
Set build name.
New build name is '#38050'
[Docker-PRs] $ /bin/bash /tmp/jenkins3576925675040286546.sh
From https://github.com/moby/moby
 * [new ref]         refs/pull/38050/head -> origin/pr/38050
Updating b4842cf..1bb1d16
Fast-forward
 Dockerfile                                    | 14 +++++
 cli/config/configdir.go                       |  2 +
 cmd/dockerd/config.go                         | 15 ++++-
 cmd/dockerd/config_common_unix.go             | 41 ++++++++++--
 cmd/dockerd/config_unix.go                    | 11 +++-
 cmd/dockerd/config_unix_test.go               |  3 +-
 cmd/dockerd/config_windows.go                 | 23 ++++---
 cmd/dockerd/daemon.go                         | 54 +++++++++++++---
 cmd/dockerd/daemon_test.go                    | 32 +++++-----
 cmd/dockerd/daemon_unix.go                    | 28 ++++++++-
 cmd/dockerd/daemon_unix_test.go               | 10 +--
 cmd/dockerd/daemon_windows.go                 |  8 ++-
 cmd/dockerd/docker.go                         | 25 ++++++--
 cmd/dockerd/options.go                        |  2 +
 contrib/dockerd-rootless.sh                   | 69 ++++++++++++++++++++
 daemon/config/config_unix.go                  |  6 ++
 daemon/config/config_windows.go               |  5 ++
 daemon/daemon.go                              |  1 +
 daemon/daemon_unix.go                         |  3 -
 daemon/info.go                                |  3 +
 daemon/info_unix.go                           |  4 ++
 daemon/info_windows.go                        |  4 ++
 daemon/listeners/listeners_linux.go           |  5 ++
 daemon/oci_linux.go                           |  9 ++-
 docs/rootless.md                              | 90 +++++++++++++++++++++++++++
 hack/dockerfile/install/rootlesskit.installer | 34 ++++++++++
 hack/dockerfile/install/slirp4netns.installer | 28 +++++++++
 hack/make/.binary-setup                       |  3 +
 hack/make/binary-daemon                       |  3 +-
 hack/make/install-binary                      |  3 +
 opts/hosts.go                                 | 15 ++++-
 opts/hosts_test.go                            |  4 +-
 pkg/homedir/homedir_linux.go                  | 88 ++++++++++++++++++++++++++
 pkg/homedir/homedir_others.go                 | 20 ++++++
 pkg/sysinfo/sysinfo_linux.go                  |  4 +-
 rootless/rootless.go                          | 26 ++++++++
 rootless/specconv/specconv_linux.go           | 38 +++++++++++
 37 files changed, 666 insertions(+), 67 deletions(-)
 create mode 100755 contrib/dockerd-rootless.sh
 create mode 100644 docs/rootless.md
 create mode 100755 hack/dockerfile/install/rootlesskit.installer
 create mode 100755 hack/dockerfile/install/slirp4netns.installer
 create mode 100644 rootless/rootless.go
 create mode 100644 rootless/specconv/specconv_linux.go
Sending build context to Docker daemon  45.13MB
Step 1/108 : FROM golang:1.11.4 AS base
 ---> 343df9d12b7b
Step 2/108 : ARG APT_MIRROR=deb.debian.org
 ---> Using cache
 ---> b99c55bfa4e1
Step 3/108 : RUN sed -ri "s/(httpredir|deb).debian.org/$APT_MIRROR/g" /etc/apt/sources.list
 ---> Using cache
 ---> 156ef9cd0216
Step 4/108 : FROM base AS criu
 ---> 156ef9cd0216
Step 5/108 : ENV CRIU_VERSION 3.6
 ---> Using cache
 ---> 21e1857bdb7b
Step 6/108 : RUN apt-get update && apt-get install -y 	libnet-dev 	libprotobuf-c0-dev 	libprotobuf-dev 	libnl-3-dev 	libcap-dev 	protobuf-compiler 	protobuf-c-compiler 	python-protobuf 	&& mkdir -p /usr/src/criu 	&& curl -sSL https://github.com/checkpoint-restore/criu/archive/v${CRIU_VERSION}.tar.gz | tar -C /usr/src/criu/ -xz --strip-components=1 	&& cd /usr/src/criu 	&& make 	&& make PREFIX=/build/ install-criu
 ---> Using cache
 ---> f8e3a89952c4
Step 7/108 : FROM base AS registry
 ---> 156ef9cd0216
Step 8/108 : ENV REGISTRY_COMMIT_SCHEMA1 ec87e9b6971d831f0eff752ddb54fb64693e51cd
 ---> Using cache
 ---> 3fdf3376b142
Step 9/108 : ENV REGISTRY_COMMIT 47a064d4195a9b56133891bbb13620c3ac83a827
 ---> Using cache
 ---> 19ca3dbc79d8
Step 10/108 : RUN set -x 	&& export GOPATH="$(mktemp -d)" 	&& git clone https://github.com/docker/distribution.git "$GOPATH/src/github.com/docker/distribution" 	&& (cd "$GOPATH/src/github.com/docker/distribution" && git checkout -q "$REGISTRY_COMMIT") 	&& GOPATH="$GOPATH/src/github.com/docker/distribution/Godeps/_workspace:$GOPATH" 		go build -buildmode=pie -o /build/registry-v2 github.com/docker/distribution/cmd/registry 	&& case $(dpkg --print-architecture) in 		amd64|ppc64*|s390x) 		(cd "$GOPATH/src/github.com/docker/distribution" && git checkout -q "$REGISTRY_COMMIT_SCHEMA1"); 		GOPATH="$GOPATH/src/github.com/docker/distribution/Godeps/_workspace:$GOPATH"; 			go build -buildmode=pie -o /build/registry-v2-schema1 github.com/docker/distribution/cmd/registry; 		;; 	   esac 	&& rm -rf "$GOPATH"
 ---> Using cache
 ---> 6059c127788d
Step 11/108 : FROM base AS docker-py
 ---> 156ef9cd0216
Step 12/108 : ENV DOCKER_PY_COMMIT 8b246db271a85d6541dc458838627e89c683e42f
 ---> Using cache
 ---> 550c531a4bd5
Step 13/108 : RUN git clone https://github.com/docker/docker-py.git /build 	&& cd /build 	&& git checkout -q $DOCKER_PY_COMMIT
 ---> Using cache
 ---> 16a092551f14
Step 14/108 : FROM base AS swagger
 ---> 156ef9cd0216
Step 15/108 : ENV GO_SWAGGER_COMMIT c28258affb0b6251755d92489ef685af8d4ff3eb
 ---> Using cache
 ---> d281823782d0
Step 16/108 : RUN set -x 	&& export GOPATH="$(mktemp -d)" 	&& git clone https://github.com/go-swagger/go-swagger.git "$GOPATH/src/github.com/go-swagger/go-swagger" 	&& (cd "$GOPATH/src/github.com/go-swagger/go-swagger" && git checkout -q "$GO_SWAGGER_COMMIT") 	&& go build -o /build/swagger github.com/go-swagger/go-swagger/cmd/swagger 	&& rm -rf "$GOPATH"
 ---> Using cache
 ---> 31e8fa3438c4
Step 17/108 : FROM base AS frozen-images
 ---> 156ef9cd0216
Step 18/108 : RUN apt-get update && apt-get install -y jq ca-certificates --no-install-recommends
 ---> Using cache
 ---> f936332efbe5
Step 19/108 : COPY contrib/download-frozen-image-v2.sh /
 ---> Using cache
 ---> 1409b22d81fa
Step 20/108 : RUN /download-frozen-image-v2.sh /build 	buildpack-deps:jessie@sha256:dd86dced7c9cd2a724e779730f0a53f93b7ef42228d4344b25ce9a42a1486251 	busybox:latest@sha256:bbc3a03235220b170ba48a157dd097dd1379299370e1ed99ce976df0355d24f0 	busybox:glibc@sha256:0b55a30394294ab23b9afd58fab94e61a923f5834fba7ddbae7f8e0c11ba85e6 	debian:jessie@sha256:287a20c5f73087ab406e6b364833e3fb7b3ae63ca0eb3486555dc27ed32c6e60 	hello-world:latest@sha256:be0cd392e45be79ffeffa6b05338b98ebb16c87b255f48e297ec7f98e123905c
 ---> Using cache
 ---> 32b9975801f9
Step 21/108 : FROM base AS runtime-dev
 ---> 156ef9cd0216
Step 22/108 : RUN apt-get update && apt-get install -y 	libapparmor-dev 	libseccomp-dev
 ---> Using cache
 ---> cfa7ae0f6b96
Step 23/108 : FROM base AS tomlv
 ---> 156ef9cd0216
Step 24/108 : ENV INSTALL_BINARY_NAME=tomlv
 ---> Using cache
 ---> 2fe57948cb92
Step 25/108 : COPY hack/dockerfile/install/install.sh ./install.sh
 ---> Using cache
 ---> 1369db8d5e61
Step 26/108 : COPY hack/dockerfile/install/$INSTALL_BINARY_NAME.installer ./
 ---> Using cache
 ---> be18548b735a
Step 27/108 : RUN PREFIX=/build ./install.sh $INSTALL_BINARY_NAME
 ---> Using cache
 ---> 1e1e0a3c73ba
Step 28/108 : FROM base AS vndr
 ---> 156ef9cd0216
Step 29/108 : ENV INSTALL_BINARY_NAME=vndr
 ---> Using cache
 ---> 2e03aa4f3831
Step 30/108 : COPY hack/dockerfile/install/install.sh ./install.sh
 ---> Using cache
 ---> 0bfdcd81c67c
Step 31/108 : COPY hack/dockerfile/install/$INSTALL_BINARY_NAME.installer ./
 ---> Using cache
 ---> 747e7f767a68
Step 32/108 : RUN PREFIX=/build ./install.sh $INSTALL_BINARY_NAME
 ---> Using cache
 ---> 59915d501030
Step 33/108 : FROM base AS containerd
 ---> 156ef9cd0216
Step 34/108 : RUN apt-get update && apt-get install -y btrfs-tools
 ---> Using cache
 ---> b688117e9089
Step 35/108 : ENV INSTALL_BINARY_NAME=containerd
 ---> Using cache
 ---> c0fd63f2ad88
Step 36/108 : COPY hack/dockerfile/install/install.sh ./install.sh
 ---> Using cache
 ---> 8313855cf6c6
Step 37/108 : COPY hack/dockerfile/install/$INSTALL_BINARY_NAME.installer ./
 ---> Using cache
 ---> 2b41f085fbab
Step 38/108 : RUN PREFIX=/build ./install.sh $INSTALL_BINARY_NAME
 ---> Using cache
 ---> 29f04ac38fe5
Step 39/108 : FROM base AS proxy
 ---> 156ef9cd0216
Step 40/108 : ENV INSTALL_BINARY_NAME=proxy
 ---> Using cache
 ---> e8a7aad16f5e
Step 41/108 : COPY hack/dockerfile/install/install.sh ./install.sh
 ---> Using cache
 ---> c4c816271eed
Step 42/108 : COPY hack/dockerfile/install/$INSTALL_BINARY_NAME.installer ./
 ---> Using cache
 ---> c41c6301dc7c
Step 43/108 : RUN PREFIX=/build ./install.sh $INSTALL_BINARY_NAME
 ---> Using cache
 ---> 8171c8634e4c
Step 44/108 : FROM base AS gometalinter
 ---> 156ef9cd0216
Step 45/108 : ENV INSTALL_BINARY_NAME=gometalinter
 ---> Using cache
 ---> f63810cc3995
Step 46/108 : COPY hack/dockerfile/install/install.sh ./install.sh
 ---> Using cache
 ---> 7c0005dc75b2
Step 47/108 : COPY hack/dockerfile/install/$INSTALL_BINARY_NAME.installer ./
 ---> Using cache
 ---> 7b8d182378ea
Step 48/108 : RUN PREFIX=/build ./install.sh $INSTALL_BINARY_NAME
 ---> Using cache
 ---> b5bf9e9e57bf
Step 49/108 : FROM base AS dockercli
 ---> 156ef9cd0216
Step 50/108 : ENV INSTALL_BINARY_NAME=dockercli
 ---> Using cache
 ---> 1a8f9ee567a0
Step 51/108 : COPY hack/dockerfile/install/install.sh ./install.sh
 ---> Using cache
 ---> 99ba69a63b18
Step 52/108 : COPY hack/dockerfile/install/$INSTALL_BINARY_NAME.installer ./
 ---> Using cache
 ---> 2e9f857c2349
Step 53/108 : RUN PREFIX=/build ./install.sh $INSTALL_BINARY_NAME
 ---> Using cache
 ---> 663feaf981e9
Step 54/108 : FROM runtime-dev AS runc
 ---> cfa7ae0f6b96
Step 55/108 : ENV INSTALL_BINARY_NAME=runc
 ---> Using cache
 ---> b61df4ee420e
Step 56/108 : COPY hack/dockerfile/install/install.sh ./install.sh
 ---> Using cache
 ---> 0e9671d04bed
Step 57/108 : COPY hack/dockerfile/install/$INSTALL_BINARY_NAME.installer ./
 ---> Using cache
 ---> 0334fde27040
Step 58/108 : RUN PREFIX=/build ./install.sh $INSTALL_BINARY_NAME
 ---> Using cache
 ---> 67fff74a1565
Step 59/108 : FROM base AS tini
 ---> 156ef9cd0216
Step 60/108 : RUN apt-get update && apt-get install -y cmake vim-common
 ---> Using cache
 ---> 9d6342fcd2e1
Step 61/108 : COPY hack/dockerfile/install/install.sh ./install.sh
 ---> Using cache
 ---> d9d3022e03ed
Step 62/108 : ENV INSTALL_BINARY_NAME=tini
 ---> Using cache
 ---> 5ecb4e9e22c3
Step 63/108 : COPY hack/dockerfile/install/$INSTALL_BINARY_NAME.installer ./
 ---> Using cache
 ---> 6584eab5e971
Step 64/108 : RUN PREFIX=/build ./install.sh $INSTALL_BINARY_NAME
 ---> Using cache
 ---> 88730f339a5b
Step 65/108 : FROM base AS rootlesskit
 ---> 156ef9cd0216
Step 66/108 : ENV INSTALL_BINARY_NAME=rootlesskit
 ---> Using cache
 ---> c78e9227832a
Step 67/108 : COPY hack/dockerfile/install/install.sh ./install.sh
 ---> Using cache
 ---> 9b97b6fa3ab5
Step 68/108 : COPY hack/dockerfile/install/$INSTALL_BINARY_NAME.installer ./
 ---> Using cache
 ---> c0fa6d2d5e31
Step 69/108 : RUN PREFIX=/build/ ./install.sh $INSTALL_BINARY_NAME
 ---> Using cache
 ---> ec37ef607347
Step 70/108 : COPY ./contrib/dockerd-rootless.sh /build
 ---> Using cache
 ---> 25a3462a9869
Step 71/108 : FROM base AS slirp4netns
 ---> 156ef9cd0216
Step 72/108 : RUN apt-get update && apt-get install -y automake autotools-dev libtool
 ---> Using cache
 ---> 084de40f7ef8
Step 73/108 : ENV INSTALL_BINARY_NAME=slirp4netns
 ---> Using cache
 ---> f660f1508fb4
Step 74/108 : COPY hack/dockerfile/install/install.sh ./install.sh
 ---> Using cache
 ---> 3dfd07d24b49
Step 75/108 : COPY hack/dockerfile/install/$INSTALL_BINARY_NAME.installer ./
 ---> Using cache
 ---> 7cb9a7af129c
Step 76/108 : RUN PREFIX=/build/ ./install.sh $INSTALL_BINARY_NAME
 ---> Using cache
 ---> 2cd4214bcfbf
Step 77/108 : FROM runtime-dev AS dev
 ---> cfa7ae0f6b96
Step 78/108 : RUN groupadd -r docker
 ---> Using cache
 ---> 57ba4beea50e
Step 79/108 : RUN useradd --create-home --gid docker unprivilegeduser
 ---> Using cache
 ---> ec14a1163409
Step 80/108 : RUN ln -sfv /go/src/github.com/docker/docker/.bashrc ~/.bashrc
 ---> Using cache
 ---> 0915bf503921
Step 81/108 : RUN echo "source /usr/share/bash-completion/bash_completion" >> /etc/bash.bashrc
 ---> Using cache
 ---> 04bee82d7eaa
Step 82/108 : RUN ln -s /usr/local/completion/bash/docker /etc/bash_completion.d/docker
 ---> Using cache
 ---> c42c1366a4fd
Step 83/108 : RUN ldconfig
 ---> Using cache
 ---> 0342e4d50293
Step 84/108 : RUN apt-get update && apt-get install -y 	apparmor 	aufs-tools 	bash-completion 	btrfs-tools 	iptables 	jq 	libcap2-bin 	libdevmapper-dev 	libudev-dev 	libsystemd-dev 	binutils-mingw-w64 	g++-mingw-w64-x86-64 	net-tools 	pigz 	python-backports.ssl-match-hostname 	python-dev 	python-mock 	python-pip 	python-requests 	python-setuptools 	python-websocket 	python-wheel 	thin-provisioning-tools 	vim 	vim-common 	xfsprogs 	zip 	bzip2 	xz-utils 	--no-install-recommends
 ---> Using cache
 ---> a88aedea18a9
Step 85/108 : COPY --from=swagger /build/swagger* /usr/local/bin/
 ---> Using cache
 ---> 43a7e412feea
Step 86/108 : COPY --from=frozen-images /build/ /docker-frozen-images
 ---> Using cache
 ---> b147ab222c16
Step 87/108 : COPY --from=gometalinter /build/ /usr/local/bin/
 ---> Using cache
 ---> b4a796c2db30
Step 88/108 : COPY --from=tomlv /build/ /usr/local/bin/
 ---> Using cache
 ---> b21614428dc9
Step 89/108 : COPY --from=vndr /build/ /usr/local/bin/
 ---> Using cache
 ---> 4c864bced05d
Step 90/108 : COPY --from=tini /build/ /usr/local/bin/
 ---> Using cache
 ---> 07fee8dcf9a0
Step 91/108 : COPY --from=runc /build/ /usr/local/bin/
 ---> Using cache
 ---> 3bc52ffa0ffe
Step 92/108 : COPY --from=containerd /build/ /usr/local/bin/
 ---> Using cache
 ---> d430dfae6bed
Step 93/108 : COPY --from=proxy /build/ /usr/local/bin/
 ---> Using cache
 ---> 38be38d15f8e
Step 94/108 : COPY --from=dockercli /build/ /usr/local/cli
 ---> Using cache
 ---> 1b1a8c73d8ce
Step 95/108 : COPY --from=registry /build/registry* /usr/local/bin/
 ---> Using cache
 ---> 6eaae302460f
Step 96/108 : COPY --from=criu /build/ /usr/local/
 ---> Using cache
 ---> 9f0720cd6699
Step 97/108 : COPY --from=docker-py /build/ /docker-py
 ---> Using cache
 ---> e9c30a548202
Step 98/108 : RUN cd /docker-py 	&& pip install docker-pycreds==0.2.1 	&& pip install yamllint==1.5.0 	&& pip install -r test-requirements.txt
 ---> Using cache
 ---> df9c3149cb8c
Step 99/108 : COPY --from=rootlesskit /build/ /usr/local/bin/
 ---> Using cache
 ---> cd80c456a7d9
Step 100/108 : COPY --from=slirp4netns /build/ /usr/local/bin/
 ---> Using cache
 ---> 3b436ee0aedb
Step 101/108 : ENV PATH=/usr/local/cli:$PATH
 ---> Using cache
 ---> d223183c4061
Step 102/108 : ENV DOCKER_BUILDTAGS apparmor seccomp selinux
 ---> Using cache
 ---> 068ff85058cd
Step 103/108 : ENV GOMETALINTER_OPTS="--deadline=2m"
 ---> Using cache
 ---> cb2cedaf3e61
Step 104/108 : WORKDIR /go/src/github.com/docker/docker
 ---> Using cache
 ---> 9ab01cc37126
Step 105/108 : VOLUME /var/lib/docker
 ---> Using cache
 ---> bd6c4e2c4ce5
Step 106/108 : ENTRYPOINT ["hack/dind"]
 ---> Using cache
 ---> d7e2647c5e52
Step 107/108 : FROM dev AS final
 ---> d7e2647c5e52
Step 108/108 : COPY . /go/src/github.com/docker/docker
 ---> 7482fa8ae491
Successfully built 7482fa8ae491
Successfully tagged docker:1bb1d16
Congratulations!  All commits are properly signed with the DCO!
Congratulations!  "./pkg/..." is safely isolated from internal code.
No api/types/ or api/swagger.yaml changes in diff.
Congratulations!  No testing.T found.
Congratulations!  All toml source files changed here have valid syntax.
Congratulations!  Changelog CHANGELOG.md is well-formed.
Congratulations!  Changelog CHANGELOG.md dates are in descending order.
Congratulations!  No new tests added to integration-cli.
?   	github.com/docker/docker/api	[no test files]
ok  	github.com/docker/docker/api/server	0.004s	coverage: 7.9% of statements
?   	github.com/docker/docker/api/server/backend/build	[no test files]
ok  	github.com/docker/docker/api/server/httputils	0.003s	coverage: 11.1% of statements
ok  	github.com/docker/docker/api/server/middleware	0.004s	coverage: 43.4% of statements
?   	github.com/docker/docker/api/server/router	[no test files]
?   	github.com/docker/docker/api/server/router/build	[no test files]
?   	github.com/docker/docker/api/server/router/checkpoint	[no test files]
?   	github.com/docker/docker/api/server/router/container	[no test files]
?   	github.com/docker/docker/api/server/router/debug	[no test files]
?   	github.com/docker/docker/api/server/router/distribution	[no test files]
?   	github.com/docker/docker/api/server/router/image	[no test files]
?   	github.com/docker/docker/api/server/router/network	[no test files]
?   	github.com/docker/docker/api/server/router/plugin	[no test files]
?   	github.com/docker/docker/api/server/router/session	[no test files]
?   	github.com/docker/docker/api/server/router/swarm	[no test files]
?   	github.com/docker/docker/api/server/router/system	[no test files]
?   	github.com/docker/docker/api/server/router/volume	[no test files]
?   	github.com/docker/docker/api/types	[no test files]
?   	github.com/docker/docker/api/types/backend	[no test files]
?   	github.com/docker/docker/api/types/blkiodev	[no test files]
?   	github.com/docker/docker/api/types/container	[no test files]
?   	github.com/docker/docker/api/types/events	[no test files]
ok  	github.com/docker/docker/api/types/filters	0.003s	coverage: 94.2% of statements
?   	github.com/docker/docker/api/types/image	[no test files]
?   	github.com/docker/docker/api/types/mount	[no test files]
?   	github.com/docker/docker/api/types/network	[no test files]
?   	github.com/docker/docker/api/types/plugins/logdriver	[no test files]
?   	github.com/docker/docker/api/types/registry	[no test files]
ok  	github.com/docker/docker/api/types/strslice	0.002s	coverage: 90.0% of statements
?   	github.com/docker/docker/api/types/swarm	[no test files]
?   	github.com/docker/docker/api/types/swarm/runtime	[no test files]
ok  	github.com/docker/docker/api/types/time	0.002s	coverage: 100.0% of statements
ok  	github.com/docker/docker/api/types/versions	0.002s	coverage: 75.0% of statements
?   	github.com/docker/docker/api/types/versions/v1p19	[no test files]
?   	github.com/docker/docker/api/types/versions/v1p20	[no test files]
?   	github.com/docker/docker/api/types/volume	[no test files]
?   	github.com/docker/docker/builder	[no test files]
?   	github.com/docker/docker/builder/builder-next	[no test files]
?   	github.com/docker/docker/builder/builder-next/adapters/containerimage	[no test files]
?   	github.com/docker/docker/builder/builder-next/adapters/snapshot	[no test files]
?   	github.com/docker/docker/builder/builder-next/exporter	[no test files]
?   	github.com/docker/docker/builder/builder-next/imagerefchecker	[no test files]
?   	github.com/docker/docker/builder/builder-next/worker	[no test files]
ok  	github.com/docker/docker/builder/dockerfile	0.424s	coverage: 45.4% of statements
ok  	github.com/docker/docker/builder/dockerignore	0.003s	coverage: 96.8% of statements
ok  	github.com/docker/docker/builder/fscache	0.112s	coverage: 69.5% of statements
ok  	github.com/docker/docker/builder/remotecontext	0.145s	coverage: 13.7% of statements
ok  	github.com/docker/docker/builder/remotecontext/git	0.642s	coverage: 78.8% of statements
?   	github.com/docker/docker/cli	[no test files]
?   	github.com/docker/docker/cli/config	[no test files]
ok  	github.com/docker/docker/cli/debug	0.002s	coverage: 100.0% of statements
ok  	github.com/docker/docker/client	0.095s	coverage: 75.6% of statements
ok  	github.com/docker/docker/cmd/dockerd	0.047s	coverage: 31.3% of statements
ok  	github.com/docker/docker/cmd/dockerd/hack	0.002s	coverage: 72.9% of statements
ok  	github.com/docker/docker/container	0.115s	coverage: 35.6% of statements
?   	github.com/docker/docker/container/stream	[no test files]
?   	github.com/docker/docker/contrib/apparmor	[no test files]
?   	github.com/docker/docker/contrib/docker-device-tool	[no test files]
?   	github.com/docker/docker/contrib/httpserver	[no test files]
ok  	github.com/docker/docker/daemon	12.130s	coverage: 17.1% of statements
ok  	github.com/docker/docker/daemon/cluster	0.032s	coverage: 0.5% of statements
ok  	github.com/docker/docker/daemon/cluster/controllers/plugin	0.009s	coverage: 65.3% of statements
ok  	github.com/docker/docker/daemon/cluster/convert	0.007s	coverage: 28.0% of statements
?   	github.com/docker/docker/daemon/cluster/executor	[no test files]
ok  	github.com/docker/docker/daemon/cluster/executor/container	3.432s	coverage: 12.7% of statements
?   	github.com/docker/docker/daemon/cluster/provider	[no test files]
ok  	github.com/docker/docker/daemon/config	0.030s	coverage: 84.4% of statements
ok  	github.com/docker/docker/daemon/discovery	0.005s	coverage: 30.4% of statements
ok  	github.com/docker/docker/daemon/events	0.057s	coverage: 50.0% of statements
?   	github.com/docker/docker/daemon/events/testutils	[no test files]
?   	github.com/docker/docker/daemon/exec	[no test files]
ok  	github.com/docker/docker/daemon/graphdriver	0.004s	coverage: 2.2% of statements
ok  	github.com/docker/docker/daemon/graphdriver/aufs	5.210s	coverage: 73.6% of statements
ok  	github.com/docker/docker/daemon/graphdriver/btrfs	0.005s	coverage: 2.9% of statements
ok  	github.com/docker/docker/daemon/graphdriver/copy	0.180s	coverage: 57.0% of statements
ok  	github.com/docker/docker/daemon/graphdriver/devmapper	2.262s	coverage: 45.9% of statements
?   	github.com/docker/docker/daemon/graphdriver/graphtest	[no test files]
ok  	github.com/docker/docker/daemon/graphdriver/overlay	0.734s	coverage: 50.8% of statements
ok  	github.com/docker/docker/daemon/graphdriver/overlay2	2.120s	coverage: 56.8% of statements
?   	github.com/docker/docker/daemon/graphdriver/overlayutils	[no test files]
ok  	github.com/docker/docker/daemon/graphdriver/quota	0.292s	coverage: 75.2% of statements
?   	github.com/docker/docker/daemon/graphdriver/register	[no test files]
ok  	github.com/docker/docker/daemon/graphdriver/vfs	0.006s	coverage: 70.5% of statements
ok  	github.com/docker/docker/daemon/graphdriver/zfs	0.005s	coverage: 3.0% of statements
ok  	github.com/docker/docker/daemon/images	0.011s	coverage: 4.9% of statements
?   	github.com/docker/docker/daemon/initlayer	[no test files]
ok  	github.com/docker/docker/daemon/links	0.002s	coverage: 93.0% of statements
?   	github.com/docker/docker/daemon/listeners	[no test files]
ok  	github.com/docker/docker/daemon/logger	0.215s	coverage: 43.7% of statements
ok  	github.com/docker/docker/daemon/logger/awslogs	0.116s	coverage: 78.6% of statements
?   	github.com/docker/docker/daemon/logger/fluentd	[no test files]
?   	github.com/docker/docker/daemon/logger/gcplogs	[no test files]
ok  	github.com/docker/docker/daemon/logger/gelf	0.005s	coverage: 68.2% of statements
ok  	github.com/docker/docker/daemon/logger/journald	0.004s	coverage: 26.2% of statements
ok  	github.com/docker/docker/daemon/logger/jsonfilelog	0.006s	coverage: 62.1% of statements
ok  	github.com/docker/docker/daemon/logger/jsonfilelog/jsonlog	0.004s	coverage: 88.3% of statements
ok  	github.com/docker/docker/daemon/logger/local	0.011s	coverage: 74.7% of statements
?   	github.com/docker/docker/daemon/logger/logentries	[no test files]
ok  	github.com/docker/docker/daemon/logger/loggerutils	0.008s	coverage: 18.6% of statements
ok  	github.com/docker/docker/daemon/logger/splunk	1.496s	coverage: 84.5% of statements
ok  	github.com/docker/docker/daemon/logger/syslog	0.004s	coverage: 47.8% of statements
ok  	github.com/docker/docker/daemon/logger/templates	0.002s	coverage: 8.3% of statements
?   	github.com/docker/docker/daemon/names	[no test files]
ok  	github.com/docker/docker/daemon/network	0.003s	coverage: 57.1% of statements
?   	github.com/docker/docker/daemon/stats	[no test files]
ok  	github.com/docker/docker/distribution	1.103s	coverage: 16.8% of statements
ok  	github.com/docker/docker/distribution/metadata	0.027s	coverage: 48.2% of statements
?   	github.com/docker/docker/distribution/utils	[no test files]
ok  	github.com/docker/docker/distribution/xfer	1.432s	coverage: 83.9% of statements
?   	github.com/docker/docker/dockerversion	[no test files]
ok  	github.com/docker/docker/errdefs	0.003s	coverage: 76.0% of statements
ok  	github.com/docker/docker/image	0.017s	coverage: 86.3% of statements
ok  	github.com/docker/docker/image/cache	0.006s	coverage: 19.2% of statements
?   	github.com/docker/docker/image/tarexport	[no test files]
ok  	github.com/docker/docker/image/v1	0.006s	coverage: 25.0% of statements
ok  	github.com/docker/docker/internal/procfs	0.003s	coverage: 78.4% of statements
?   	github.com/docker/docker/internal/test	[no test files]
?   	github.com/docker/docker/internal/test/daemon	[no test files]
?   	github.com/docker/docker/internal/test/environment	[no test files]
?   	github.com/docker/docker/internal/test/fakecontext	[no test files]
?   	github.com/docker/docker/internal/test/fakegit	[no test files]
?   	github.com/docker/docker/internal/test/fakestorage	[no test files]
?   	github.com/docker/docker/internal/test/fixtures/load	[no test files]
?   	github.com/docker/docker/internal/test/fixtures/plugin	[no test files]
?   	github.com/docker/docker/internal/test/fixtures/plugin/basic	[no test files]
?   	github.com/docker/docker/internal/test/registry	[no test files]
?   	github.com/docker/docker/internal/test/request	[no test files]
ok  	github.com/docker/docker/internal/testutil	0.003s	coverage: 62.5% of statements
ok  	github.com/docker/docker/layer	7.903s	coverage: 71.4% of statements
ok  	github.com/docker/docker/libcontainerd	0.028s	coverage: 3.4% of statements
?   	github.com/docker/docker/libcontainerd/supervisor	[no test files]
?   	github.com/docker/docker/oci	[no test files]
?   	github.com/docker/docker/oci/caps	[no test files]
ok  	github.com/docker/docker/opts	0.021s	coverage: 67.3% of statements
ok  	github.com/docker/docker/pkg/aaparser	0.002s	coverage: 50.0% of statements
ok  	github.com/docker/docker/pkg/archive	0.407s	coverage: 77.1% of statements
ok  	github.com/docker/docker/pkg/authorization	0.489s	coverage: 66.7% of statements
ok  	github.com/docker/docker/pkg/broadcaster	0.002s	coverage: 100.0% of statements
ok  	github.com/docker/docker/pkg/chrootarchive	2.835s	coverage: 37.0% of statements
?   	github.com/docker/docker/pkg/containerfs	[no test files]
?   	github.com/docker/docker/pkg/devicemapper	[no test files]
ok  	github.com/docker/docker/pkg/directory	0.003s	coverage: 80.0% of statements
ok  	github.com/docker/docker/pkg/discovery	0.004s	coverage: 58.3% of statements
ok  	github.com/docker/docker/pkg/discovery/file	0.004s	coverage: 97.6% of statements
ok  	github.com/docker/docker/pkg/discovery/kv	3.063s	coverage: 84.1% of statements
ok  	github.com/docker/docker/pkg/discovery/memory	0.003s	coverage: 92.3% of statements
ok  	github.com/docker/docker/pkg/discovery/nodes	0.003s	coverage: 93.8% of statements
ok  	github.com/docker/docker/pkg/dmesg	0.003s	coverage: 83.3% of statements
ok  	github.com/docker/docker/pkg/filenotify	0.603s	coverage: 66.3% of statements
ok  	github.com/docker/docker/pkg/fileutils	0.006s	coverage: 89.5% of statements
ok  	github.com/docker/docker/pkg/fsutils	0.167s	coverage: 85.1% of statements
ok  	github.com/docker/docker/pkg/homedir	0.003s	coverage: 10.2% of statements
ok  	github.com/docker/docker/pkg/idtools	0.320s	coverage: 70.2% of statements
ok  	github.com/docker/docker/pkg/ioutils	0.385s	coverage: 69.1% of statements
ok  	github.com/docker/docker/pkg/jsonmessage	0.003s	coverage: 88.3% of statements
ok  	github.com/docker/docker/pkg/locker	0.011s	coverage: 88.9% of statements
ok  	github.com/docker/docker/pkg/longpath	0.002s	coverage: 100.0% of statements
?   	github.com/docker/docker/pkg/loopback	[no test files]
ok  	github.com/docker/docker/pkg/mount	0.469s	coverage: 68.6% of statements
ok  	github.com/docker/docker/pkg/namesgenerator	0.002s	coverage: 85.7% of statements
?   	github.com/docker/docker/pkg/namesgenerator/cmd/names-generator	[no test files]
ok  	github.com/docker/docker/pkg/parsers	0.002s	coverage: 97.0% of statements
ok  	github.com/docker/docker/pkg/parsers/kernel	0.002s	coverage: 60.0% of statements
ok  	github.com/docker/docker/pkg/parsers/operatingsystem	0.003s	coverage: 90.0% of statements
ok  	github.com/docker/docker/pkg/pidfile	0.002s	coverage: 82.4% of statements
?   	github.com/docker/docker/pkg/platform	[no test files]
?   	github.com/docker/docker/pkg/plugingetter	[no test files]
ok  	github.com/docker/docker/pkg/plugins	33.617s	coverage: 76.8% of statements
ok  	github.com/docker/docker/pkg/plugins/pluginrpc-gen	0.009s	coverage: 56.8% of statements
?   	github.com/docker/docker/pkg/plugins/pluginrpc-gen/fixtures	[no test files]
?   	github.com/docker/docker/pkg/plugins/pluginrpc-gen/fixtures/otherfixture	[no test files]
ok  	github.com/docker/docker/pkg/plugins/transport	0.003s	coverage: 85.7% of statements
ok  	github.com/docker/docker/pkg/pools	0.005s	coverage: 87.9% of statements
ok  	github.com/docker/docker/pkg/progress	0.002s	coverage: 75.9% of statements
ok  	github.com/docker/docker/pkg/pubsub	1.038s	coverage: 72.7% of statements
ok  	github.com/docker/docker/pkg/reexec	0.008s	coverage: 82.4% of statements
ok  	github.com/docker/docker/pkg/signal	2.406s	coverage: 61.0% of statements
?   	github.com/docker/docker/pkg/signal/testfiles	[no test files]
ok  	github.com/docker/docker/pkg/stdcopy	0.003s	coverage: 100.0% of statements
ok  	github.com/docker/docker/pkg/streamformatter	0.003s	coverage: 66.2% of statements
ok  	github.com/docker/docker/pkg/stringid	0.002s	coverage: 76.0% of statements
ok  	github.com/docker/docker/pkg/symlink	0.006s	coverage: 87.7% of statements
ok  	github.com/docker/docker/pkg/sysinfo	0.004s	coverage: 75.9% of statements
ok  	github.com/docker/docker/pkg/system	0.020s	coverage: 36.1% of statements
ok  	github.com/docker/docker/pkg/tailfile	0.018s	coverage: 88.6% of statements
ok  	github.com/docker/docker/pkg/tarsum	0.047s	coverage: 89.3% of statements
ok  	github.com/docker/docker/pkg/term	0.003s	coverage: 85.9% of statements
ok  	github.com/docker/docker/pkg/term/windows	0.002s	coverage: 0.0% of statements [no tests to run]
ok  	github.com/docker/docker/pkg/truncindex	0.103s	coverage: 91.5% of statements
ok  	github.com/docker/docker/pkg/urlutil	0.002s	coverage: 100.0% of statements
ok  	github.com/docker/docker/pkg/useragent	0.002s	coverage: 88.9% of statements
ok  	github.com/docker/docker/plugin	0.538s	coverage: 27.3% of statements
ok  	github.com/docker/docker/plugin/executor/containerd	0.007s	coverage: 33.3% of statements
ok  	github.com/docker/docker/plugin/v2	0.003s	coverage: 14.5% of statements
?   	github.com/docker/docker/profiles/apparmor	[no test files]
ok  	github.com/docker/docker/profiles/seccomp	0.004s	coverage: 79.4% of statements
ok  	github.com/docker/docker/reference	0.006s	coverage: 83.7% of statements
ok  	github.com/docker/docker/registry	0.109s	coverage: 57.0% of statements
ok  	github.com/docker/docker/registry/resumable	0.016s	coverage: 100.0% of statements
ok  	github.com/docker/docker/restartmanager	0.002s	coverage: 49.0% of statements
?   	github.com/docker/docker/rootless	[no test files]
?   	github.com/docker/docker/rootless/specconv	[no test files]
ok  	github.com/docker/docker/runconfig	0.007s	coverage: 68.2% of statements
?   	github.com/docker/docker/runconfig/opts	[no test files]
?   	github.com/docker/docker/volume	[no test files]
ok  	github.com/docker/docker/volume/drivers	0.005s	coverage: 36.1% of statements
ok  	github.com/docker/docker/volume/local	0.016s	coverage: 73.0% of statements
ok  	github.com/docker/docker/volume/mounts	0.026s	coverage: 66.8% of statements
ok  	github.com/docker/docker/volume/service	0.014s	coverage: 73.0% of statements
?   	github.com/docker/docker/volume/service/opts	[no test files]
?   	github.com/docker/docker/volume/testutils	[no test files]

  _____          _
 / ____|        | |
| |     ___   __| | ___  ___ _____   __
| |    / _ \ / _` |/ _ \/ __/ _ \ \ / /
| |___| (_) | (_| |  __/ (_| (_) \ V /
 \_____\___/ \__,_|\___|\___\___/ \_/
                              Bash-8a28df4


x> No CI provider detected.
    Testing inside Docker? http://docs.codecov.io/docs/testing-with-docker
    Testing with Tox? https://docs.codecov.io/docs/python#section-testing-with-tox
    project root: .
--> token set from env
    Yaml found at: codecov.yml
    -> Found 1 reports
==> Detecting git/mercurial file structure
==> Reading reports
    + coverage.txt bytes=1675088
==> Appending adjustments
    http://docs.codecov.io/docs/fixing-reports
    + Found adjustments
==> Gzipping contents
==> Uploading reports
    url: https://codecov.io
    query: branch=&commit=1bb1d169aa07d5d8e9a2580b54282708225b3021&build=&build_url=&name=&tag=&slug=moby%2Fmoby&service=&flags=&pr=&job=
    -> Pinging Codecov
https://codecov.io/upload/v4?package=bash-8a28df4&token=e6d53b86-8efe-4b59-adb0-c205a735b39e&branch=&commit=1bb1d169aa07d5d8e9a2580b54282708225b3021&build=&build_url=&name=&tag=&slug=moby%2Fmoby&service=&flags=&pr=&job=
    -> Uploading
    -> View reports at https://codecov.io/github/moby/moby/commit/1bb1d169aa07d5d8e9a2580b54282708225b3021

Removing bundles/

---> Making bundle: binary-daemon (in bundles/binary-daemon)
Building: bundles/binary-daemon/dockerd-dev
Created binary: bundles/binary-daemon/dockerd-dev
Copying nested executables into bundles/binary-daemon

---> Making bundle: dynbinary (in bundles/dynbinary)
Building: bundles/dynbinary-daemon/dockerd-dev
Created binary: bundles/dynbinary-daemon/dockerd-dev

---> Making bundle: test-docker-py (in bundles/test-docker-py)
---> Making bundle: .integration-daemon-start (in bundles/test-docker-py)
Using test binary docker
/etc/init.d/apparmor: 130: /etc/init.d/apparmor: systemd-detect-virt: not found
Starting AppArmor profiles:Warning from stdin (line 1): /sbin/apparmor_parser: cannot use or update cache, disable, or force-complain via stdin
Warning failed to create cache: (null)
.
INFO: Waiting for daemon to start...
Starting dockerd
.
============================= test session starts ==============================
platform linux2 -- Python 2.7.13, pytest-2.9.1, py-1.7.0, pluggy-0.3.1
rootdir: /docker-py, inifile: pytest.ini
plugins: cov-2.1.0
collected 338 items

../../../../../docker-py/tests/integration/api_build_test.py ....s..s........
../../../../../docker-py/tests/integration/api_client_test.py .......
../../../../../docker-py/tests/integration/api_config_test.py .....
../../../../../docker-py/tests/integration/api_container_test.py ....x....x.......x............................................................
../../../../../docker-py/tests/integration/api_exec_test.py .............
../../../../../docker-py/tests/integration/api_healthcheck_test.py ....
../../../../../docker-py/tests/integration/api_image_test.py ...s........s....
../../../../../docker-py/tests/integration/api_network_test.py ...........................
../../../../../docker-py/tests/integration/api_plugin_test.py ...........
../../../../../docker-py/tests/integration/api_secret_test.py .....
../../../../../docker-py/tests/integration/api_service_test.py ......................................................
../../../../../docker-py/tests/integration/api_swarm_test.py ..s...x......
../../../../../docker-py/tests/integration/api_volume_test.py .........
../../../../../docker-py/tests/integration/client_test.py ....
../../../../../docker-py/tests/integration/errors_test.py .
../../../../../docker-py/tests/integration/models_containers_test.py ..............................
../../../../../docker-py/tests/integration/models_images_test.py .............
../../../../../docker-py/tests/integration/models_networks_test.py ....
../../../../../docker-py/tests/integration/models_nodes_test.py .
../../../../../docker-py/tests/integration/models_resources_test.py .
../../../../../docker-py/tests/integration/models_services_test.py ..............X.
../../../../../docker-py/tests/integration/models_swarm_test.py .
../../../../../docker-py/tests/integration/models_volumes_test.py ..
../../../../../docker-py/tests/integration/regression_test.py ......

 generated xml file: /go/src/github.com/docker/docker/bundles/test-docker-py/results.xml 
=========================== short test summary info ============================
XFAIL ../../../../../docker-py/tests/integration/api_container_test.py::CreateContainerTest::test_create_with_cpu_rt_options
  CONFIG_RT_GROUP_SCHED isn't enabled
XFAIL ../../../../../docker-py/tests/integration/api_container_test.py::CreateContainerTest::test_create_with_init_path
  init-path removed in 17.05.0
XFAIL ../../../../../docker-py/tests/integration/api_container_test.py::CreateContainerTest::test_create_with_storage_opt
  Not supported on most drivers
XFAIL ../../../../../docker-py/tests/integration/api_swarm_test.py::SwarmTest::test_init_swarm_with_log_driver
  This doesn't seem to be taken into account by the engine
SKIP [1] tests/integration/api_image_test.py:289: Doesn't work inside a container - FIXME
SKIP [1] /docker-py/tests/integration/api_swarm_test.py:31: Test stalls the engine on 1.12.0
SKIP [3] /docker-py/tests/helpers.py:69: Feature requires Docker Engine experimental mode
======== 328 passed, 5 skipped, 4 xfailed, 1 xpassed in 354.61 seconds =========
---> Making bundle: .integration-daemon-stop (in bundles/test-docker-py)
Clearing AppArmor profiles cache:.
All profile caches have been cleared, but no profiles have been unloaded.
Unloading profiles will leave already running processes permanently
unconfined, which can lead to unexpected situations.

To set a process to complain mode, use the command line tool
'aa-complain'. To really tear down all profiles, run the init script
with the 'teardown' option."

---> Making bundle: test-integration (in bundles/test-integration)
Building test suite binary ./integration-cli/test.main
Building test suite binary ./integration/plugin/test.main
Building test suite binary ./integration/plugin/authz/test.main
Building test suite binary ./integration/plugin/logging/test.main
Building test suite binary ./integration/plugin/logging/cmd/test.main
Building test suite binary ./integration/plugin/logging/cmd/close_on_start/test.main
Building test suite binary ./integration/plugin/logging/cmd/dummy/test.main
Building test suite binary ./integration/plugin/common/test.main
Building test suite binary ./integration/plugin/volumes/test.main
Building test suite binary ./integration/plugin/volumes/cmd/test.main
Building test suite binary ./integration/plugin/volumes/cmd/dummy/test.main
Building test suite binary ./integration/plugin/graphdriver/test.main
Building test suite binary ./integration/config/test.main
Building test suite binary ./integration/service/test.main
Building test suite binary ./integration/network/test.main
Building test suite binary ./integration/network/ipvlan/test.main
Building test suite binary ./integration/network/macvlan/test.main
Building test suite binary ./integration/secret/test.main
Building test suite binary ./integration/session/test.main
Building test suite binary ./integration/container/test.main
Building test suite binary ./integration/build/test.main
Building test suite binary ./integration/volume/test.main
Building test suite binary ./integration/system/test.main
Building test suite binary ./integration/image/test.main
---> Making bundle: .integration-daemon-start (in bundles/test-integration)
Using test binary docker
/etc/init.d/apparmor: 130: /etc/init.d/apparmor: systemd-detect-virt: not found
Starting AppArmor profiles:Warning from stdin (line 1): /sbin/apparmor_parser: cannot use or update cache, disable, or force-complain via stdin
Warning failed to create cache: (null)
.
INFO: Waiting for daemon to start...
Starting dockerd
.
---> Making bundle: .integration-daemon-setup (in bundles/test-integration)
---> Making bundle: .ensure-emptyfs (in bundles/test-integration)
Error: No such image: emptyfs
Running integration-test (iteration 1)
Running /go/src/github.com/docker/docker/integration/plugin
testing: warning: no tests to run
PASS
Running /go/src/github.com/docker/docker/integration/plugin/authz
Loaded image: buildpack-deps:jessie
The image busybox:latest already exists, renaming the old one with ID sha256:3a093384ac306cbac30b67f1585e12b30ab1a899374dabc3170b9bca246f1444 to empty string
Loaded image: busybox:latest
Loaded image: busybox:glibc
Loaded image: debian:jessie
The image hello-world:latest already exists, renaming the old one with ID sha256:fce289e99eb9bca977dae136fbe2a82b6b7d4c372474c9235adc1741675f587e to empty string
Loaded image: hello-world:latest
INFO: Testing against a local daemon
=== RUN   TestAuthZPluginAllowRequest
--- PASS: TestAuthZPluginAllowRequest (7.97s)
    daemon.go:296: [d63315cb81208] waiting for daemon to start
    daemon.go:328: [d63315cb81208] daemon started
    daemon.go:283: [d63315cb81208] exiting daemon
=== RUN   TestAuthZPluginTLS
--- PASS: TestAuthZPluginTLS (2.99s)
    daemon.go:296: [d86ab3fd9ea08] waiting for daemon to start
    daemon.go:328: [d86ab3fd9ea08] daemon started
    daemon.go:283: [d86ab3fd9ea08] exiting daemon
=== RUN   TestAuthZPluginDenyRequest
--- PASS: TestAuthZPluginDenyRequest (3.26s)
    daemon.go:296: [d1914eebf4d60] waiting for daemon to start
    daemon.go:328: [d1914eebf4d60] daemon started
    daemon.go:283: [d1914eebf4d60] exiting daemon
=== RUN   TestAuthZPluginAPIDenyResponse
--- PASS: TestAuthZPluginAPIDenyResponse (1.36s)
    daemon.go:296: [dd68a8a8d3005] waiting for daemon to start
    daemon.go:328: [dd68a8a8d3005] daemon started
    daemon.go:283: [dd68a8a8d3005] exiting daemon
=== RUN   TestAuthZPluginDenyResponse
--- PASS: TestAuthZPluginDenyResponse (0.53s)
    daemon.go:296: [d04f8e3c8c7ad] waiting for daemon to start
    daemon.go:328: [d04f8e3c8c7ad] daemon started
    daemon.go:283: [d04f8e3c8c7ad] exiting daemon
=== RUN   TestAuthZPluginAllowEventStream
--- PASS: TestAuthZPluginAllowEventStream (1.26s)
    daemon.go:296: [d8f68c88b2cf0] waiting for daemon to start
    daemon.go:328: [d8f68c88b2cf0] daemon started
    daemon.go:283: [d8f68c88b2cf0] exiting daemon
=== RUN   TestAuthZPluginErrorResponse
--- PASS: TestAuthZPluginErrorResponse (0.53s)
    daemon.go:296: [d51917a873da8] waiting for daemon to start
    daemon.go:328: [d51917a873da8] daemon started
    daemon.go:283: [d51917a873da8] exiting daemon
=== RUN   TestAuthZPluginErrorRequest
--- PASS: TestAuthZPluginErrorRequest (0.54s)
    daemon.go:296: [d8b74ed591140] waiting for daemon to start
    daemon.go:328: [d8b74ed591140] daemon started
    daemon.go:283: [d8b74ed591140] exiting daemon
=== RUN   TestAuthZPluginEnsureNoDuplicatePluginRegistration
--- PASS: TestAuthZPluginEnsureNoDuplicatePluginRegistration (0.53s)
    daemon.go:296: [d2df73ee1ee8c] waiting for daemon to start
    daemon.go:328: [d2df73ee1ee8c] daemon started
    daemon.go:283: [d2df73ee1ee8c] exiting daemon
=== RUN   TestAuthZPluginEnsureLoadImportWorking
--- PASS: TestAuthZPluginEnsureLoadImportWorking (1.44s)
    daemon.go:296: [dfd34a0bd54dd] waiting for daemon to start
    daemon.go:328: [dfd34a0bd54dd] daemon started
    daemon.go:283: [dfd34a0bd54dd] exiting daemon
=== RUN   TestAuthzPluginEnsureContainerCopyToFrom
--- PASS: TestAuthzPluginEnsureContainerCopyToFrom (1.52s)
    daemon.go:296: [d943702e22e50] waiting for daemon to start
    daemon.go:328: [d943702e22e50] daemon started
    daemon.go:283: [d943702e22e50] exiting daemon
=== RUN   TestAuthZPluginHeader
--- PASS: TestAuthZPluginHeader (0.72s)
    daemon.go:296: [d61e312d26043] waiting for daemon to start
    daemon.go:328: [d61e312d26043] daemon started
    daemon.go:283: [d61e312d26043] exiting daemon
=== RUN   TestAuthZPluginV2AllowNonVolumeRequest
--- PASS: TestAuthZPluginV2AllowNonVolumeRequest (6.54s)
    daemon.go:296: [d8b2fed3fe611] waiting for daemon to start
    daemon.go:328: [d8b2fed3fe611] daemon started
    daemon.go:283: [d8b2fed3fe611] exiting daemon
    daemon.go:296: [d8b2fed3fe611] waiting for daemon to start
    daemon.go:328: [d8b2fed3fe611] daemon started
    daemon.go:283: [d8b2fed3fe611] exiting daemon
=== RUN   TestAuthZPluginV2Disable
--- PASS: TestAuthZPluginV2Disable (5.88s)
    daemon.go:296: [d34a2308283ee] waiting for daemon to start
    daemon.go:328: [d34a2308283ee] daemon started
    daemon.go:283: [d34a2308283ee] exiting daemon
    daemon.go:296: [d34a2308283ee] waiting for daemon to start
    daemon.go:328: [d34a2308283ee] daemon started
    daemon.go:283: [d34a2308283ee] exiting daemon
=== RUN   TestAuthZPluginV2RejectVolumeRequests
--- PASS: TestAuthZPluginV2RejectVolumeRequests (5.62s)
    daemon.go:296: [d036bff19c091] waiting for daemon to start
    daemon.go:328: [d036bff19c091] daemon started
    daemon.go:283: [d036bff19c091] exiting daemon
    daemon.go:296: [d036bff19c091] waiting for daemon to start
    daemon.go:328: [d036bff19c091] daemon started
    daemon.go:283: [d036bff19c091] exiting daemon
=== RUN   TestAuthZPluginV2BadManifestFailsDaemonStart
--- PASS: TestAuthZPluginV2BadManifestFailsDaemonStart (13.86s)
    daemon.go:296: [da9d3717c5b67] waiting for daemon to start
    daemon.go:328: [da9d3717c5b67] daemon started
    daemon.go:283: [da9d3717c5b67] exiting daemon
    daemon.go:296: [da9d3717c5b67] waiting for daemon to start
    daemon.go:296: [da9d3717c5b67] waiting for daemon to start
    daemon.go:283: [da9d3717c5b67] exiting daemon
    daemon.go:296: [da9d3717c5b67] waiting for daemon to start
    daemon.go:328: [da9d3717c5b67] daemon started
    daemon.go:283: [da9d3717c5b67] exiting daemon
=== RUN   TestAuthZPluginV2NonexistentFailsDaemonStart
--- PASS: TestAuthZPluginV2NonexistentFailsDaemonStart (16.53s)
    daemon.go:296: [d895f7c2320a4] waiting for daemon to start
    daemon.go:328: [d895f7c2320a4] daemon started
    daemon.go:283: [d895f7c2320a4] exiting daemon
    daemon.go:296: [d895f7c2320a4] waiting for daemon to start
    daemon.go:296: [d895f7c2320a4] waiting for daemon to start
    daemon.go:296: [d895f7c2320a4] waiting for daemon to start
    daemon.go:328: [d895f7c2320a4] daemon started
    daemon.go:283: [d895f7c2320a4] exiting daemon
PASS
Running /go/src/github.com/docker/docker/integration/plugin/logging
INFO: Testing against a local daemon
=== RUN   TestContinueAfterPluginCrash
=== PAUSE TestContinueAfterPluginCrash
=== RUN   TestDaemonStartWithLogOpt
=== PAUSE TestDaemonStartWithLogOpt
=== CONT  TestContinueAfterPluginCrash
=== CONT  TestDaemonStartWithLogOpt
--- PASS: TestDaemonStartWithLogOpt (15.22s)
    daemon.go:296: [d10e5f5ebe02e] waiting for daemon to start
    daemon.go:328: [d10e5f5ebe02e] daemon started
    daemon.go:283: [d10e5f5ebe02e] exiting daemon
    daemon.go:296: [d10e5f5ebe02e] waiting for daemon to start
    daemon.go:328: [d10e5f5ebe02e] daemon started
    daemon.go:283: [d10e5f5ebe02e] exiting daemon
--- PASS: TestContinueAfterPluginCrash (19.62s)
    daemon.go:296: [df36077f1237b] waiting for daemon to start
    daemon.go:328: [df36077f1237b] daemon started
    daemon.go:283: [df36077f1237b] exiting daemon
PASS
Running /go/src/github.com/docker/docker/integration/plugin/logging/cmd
testing: warning: no tests to run
PASS
Running /go/src/github.com/docker/docker/integration/plugin/logging/cmd/close_on_start
testing: warning: no tests to run
PASS
Running /go/src/github.com/docker/docker/integration/plugin/logging/cmd/dummy
testing: warning: no tests to run
PASS
Running /go/src/github.com/docker/docker/integration/plugin/common
INFO: Testing against a local daemon
=== RUN   TestPluginInvalidJSON
=== RUN   TestPluginInvalidJSON//plugins/foobar/set
=== PAUSE TestPluginInvalidJSON//plugins/foobar/set
=== CONT  TestPluginInvalidJSON//plugins/foobar/set
--- PASS: TestPluginInvalidJSON (0.02s)
    --- PASS: TestPluginInvalidJSON//plugins/foobar/set (0.00s)
PASS
Running /go/src/github.com/docker/docker/integration/plugin/volumes
INFO: Testing against a local daemon
=== RUN   TestPluginWithDevMounts
=== PAUSE TestPluginWithDevMounts
=== CONT  TestPluginWithDevMounts
--- PASS: TestPluginWithDevMounts (1.76s)
    daemon.go:296: [d688f6927534c] waiting for daemon to start
    daemon.go:328: [d688f6927534c] daemon started
    daemon.go:283: [d688f6927534c] exiting daemon
PASS
Running /go/src/github.com/docker/docker/integration/plugin/volumes/cmd
testing: warning: no tests to run
PASS
Running /go/src/github.com/docker/docker/integration/plugin/volumes/cmd/dummy
testing: warning: no tests to run
PASS
Running /go/src/github.com/docker/docker/integration/plugin/graphdriver
INFO: Testing against a local daemon
=== RUN   TestExternalGraphDriver
=== RUN   TestExternalGraphDriver/json
=== RUN   TestExternalGraphDriver/spec
=== RUN   TestExternalGraphDriver/pull
--- PASS: TestExternalGraphDriver (6.89s)
    daemon.go:296: [dc82901d03225] waiting for daemon to start
    daemon.go:328: [dc82901d03225] daemon started
    daemon.go:283: [dc82901d03225] exiting daemon
    daemon.go:296: [dc82901d03225] waiting for daemon to start
    daemon.go:328: [dc82901d03225] daemon started
    daemon.go:283: [dc82901d03225] exiting daemon
    --- PASS: TestExternalGraphDriver/json (1.71s)
    daemon.go:296: [dc82901d03225] waiting for daemon to start
    daemon.go:328: [dc82901d03225] daemon started
    daemon.go:283: [dc82901d03225] exiting daemon
    daemon.go:296: [dc82901d03225] waiting for daemon to start
    daemon.go:328: [dc82901d03225] daemon started
    daemon.go:283: [dc82901d03225] exiting daemon
    --- PASS: TestExternalGraphDriver/spec (1.70s)
    daemon.go:296: [dc82901d03225] waiting for daemon to start
    daemon.go:328: [dc82901d03225] daemon started
    daemon.go:283: [dc82901d03225] exiting daemon
    --- PASS: TestExternalGraphDriver/pull (3.01s)
=== RUN   TestGraphdriverPluginV2
--- PASS: TestGraphdriverPluginV2 (6.53s)
    daemon.go:296: [dcccebeeea4b2] waiting for daemon to start
    daemon.go:328: [dcccebeeea4b2] daemon started
    daemon.go:283: [dcccebeeea4b2] exiting daemon
    daemon.go:296: [dcccebeeea4b2] waiting for daemon to start
    daemon.go:328: [dcccebeeea4b2] daemon started
    daemon.go:283: [dcccebeeea4b2] exiting daemon
PASS
Running /go/src/github.com/docker/docker/integration/config
INFO: Testing against a local daemon
=== RUN   TestConfigList
--- PASS: TestConfigList (2.18s)
    daemon.go:296: [dd52c7d9b49c2] waiting for daemon to start
    daemon.go:328: [dd52c7d9b49c2] daemon started
    daemon.go:283: [dd52c7d9b49c2] exiting daemon
=== RUN   TestConfigsCreateAndDelete
--- PASS: TestConfigsCreateAndDelete (2.19s)
    daemon.go:296: [d152e9fb1d76f] waiting for daemon to start
    daemon.go:328: [d152e9fb1d76f] daemon started
    daemon.go:283: [d152e9fb1d76f] exiting daemon
=== RUN   TestConfigsUpdate
--- PASS: TestConfigsUpdate (2.18s)
    daemon.go:296: [de3b2fcc0f2aa] waiting for daemon to start
    daemon.go:328: [de3b2fcc0f2aa] daemon started
    daemon.go:283: [de3b2fcc0f2aa] exiting daemon
=== RUN   TestTemplatedConfig
--- PASS: TestTemplatedConfig (2.69s)
    daemon.go:296: [dd5d6c7c98900] waiting for daemon to start
    daemon.go:328: [dd5d6c7c98900] daemon started
    daemon.go:283: [dd5d6c7c98900] exiting daemon
=== RUN   TestConfigInspect
--- PASS: TestConfigInspect (2.14s)
    daemon.go:296: [dd7b884e767cb] waiting for daemon to start
    daemon.go:328: [dd7b884e767cb] daemon started
    daemon.go:283: [dd7b884e767cb] exiting daemon
=== RUN   TestConfigCreateWithLabels
--- PASS: TestConfigCreateWithLabels (2.16s)
    daemon.go:296: [d776bab9a6b5f] waiting for daemon to start
    daemon.go:328: [d776bab9a6b5f] daemon started
    daemon.go:283: [d776bab9a6b5f] exiting daemon
=== RUN   TestConfigCreateResolve
--- PASS: TestConfigCreateResolve (2.05s)
    daemon.go:296: [d936d27b712bc] waiting for daemon to start
    daemon.go:328: [d936d27b712bc] daemon started
    daemon.go:283: [d936d27b712bc] exiting daemon
PASS
Running /go/src/github.com/docker/docker/integration/service
INFO: Testing against a local daemon
=== RUN   TestServiceCreateInit
=== RUN   TestServiceCreateInit/daemonInitDisabled
=== RUN   TestServiceCreateInit/daemonInitEnabled
--- PASS: TestServiceCreateInit (7.90s)
    --- PASS: TestServiceCreateInit/daemonInitDisabled (3.94s)
        daemon.go:296: [da4eb4cab3727] waiting for daemon to start
        daemon.go:328: [da4eb4cab3727] daemon started
        daemon.go:283: [da4eb4cab3727] exiting daemon
    --- PASS: TestServiceCreateInit/daemonInitEnabled (3.94s)
        daemon.go:296: [d92ffcea182de] waiting for daemon to start
        daemon.go:328: [d92ffcea182de] daemon started
        daemon.go:283: [d92ffcea182de] exiting daemon
=== RUN   TestCreateServiceMultipleTimes
--- PASS: TestCreateServiceMultipleTimes (23.32s)
    daemon.go:296: [d6557f7036cc6] waiting for daemon to start
    daemon.go:328: [d6557f7036cc6] daemon started
    daemon.go:283: [d6557f7036cc6] exiting daemon
=== RUN   TestCreateServiceConflict
--- PASS: TestCreateServiceConflict (2.02s)
    daemon.go:296: [da972a9e8dfad] waiting for daemon to start
    daemon.go:328: [da972a9e8dfad] daemon started
    daemon.go:283: [da972a9e8dfad] exiting daemon
=== RUN   TestCreateServiceMaxReplicas
--- PASS: TestCreateServiceMaxReplicas (2.81s)
    daemon.go:296: [d4c3c8d47d7b5] waiting for daemon to start
    daemon.go:328: [d4c3c8d47d7b5] daemon started
    daemon.go:283: [d4c3c8d47d7b5] exiting daemon
=== RUN   TestCreateWithDuplicateNetworkNames
--- PASS: TestCreateWithDuplicateNetworkNames (13.04s)
    daemon.go:296: [d5f3a983644dc] waiting for daemon to start
    daemon.go:328: [d5f3a983644dc] daemon started
    daemon.go:283: [d5f3a983644dc] exiting daemon
=== RUN   TestCreateServiceSecretFileMode
--- FAIL: TestCreateServiceSecretFileMode (32.54s)
    daemon.go:296: [da06e855a3a81] waiting for daemon to start
    daemon.go:328: [da06e855a3a81] daemon started
    create_test.go:296: timeout hit after 30s: task count at 1 waiting for 0
    daemon.go:283: [da06e855a3a81] exiting daemon
=== RUN   TestCreateServiceConfigFileMode
--- PASS: TestCreateServiceConfigFileMode (2.69s)
    daemon.go:296: [d0c9285616dad] waiting for daemon to start
    daemon.go:328: [d0c9285616dad] daemon started
    daemon.go:283: [d0c9285616dad] exiting daemon
=== RUN   TestCreateServiceSysctls
--- PASS: TestCreateServiceSysctls (3.25s)
    daemon.go:296: [d234aa64d0fc8] waiting for daemon to start
    daemon.go:328: [d234aa64d0fc8] daemon started
    daemon.go:283: [d234aa64d0fc8] exiting daemon
=== RUN   TestInspect
--- PASS: TestInspect (2.15s)
    daemon.go:296: [d1bb6d40bbc13] waiting for daemon to start
    daemon.go:328: [d1bb6d40bbc13] daemon started
    daemon.go:283: [d1bb6d40bbc13] exiting daemon
=== RUN   TestDockerNetworkConnectAlias
--- PASS: TestDockerNetworkConnectAlias (4.02s)
    daemon.go:296: [d823c1439fa3b] waiting for daemon to start
    daemon.go:328: [d823c1439fa3b] daemon started
    daemon.go:283: [d823c1439fa3b] exiting daemon
=== RUN   TestServicePlugin
--- PASS: TestServicePlugin (35.28s)
    daemon.go:296: [d5f0009647054] waiting for daemon to start
    daemon.go:328: [d5f0009647054] daemon started
    daemon.go:283: [d5f0009647054] exiting daemon
    daemon.go:296: [d78f2a2162b21] waiting for daemon to start
    daemon.go:328: [d78f2a2162b21] daemon started
    daemon.go:296: [d1fb2b2c2e3b5] waiting for daemon to start
    daemon.go:328: [d1fb2b2c2e3b5] daemon started
    daemon.go:296: [de0d161641dec] waiting for daemon to start
    daemon.go:328: [de0d161641dec] daemon started
    daemon.go:283: [de0d161641dec] exiting daemon
    daemon.go:283: [d1fb2b2c2e3b5] exiting daemon
    daemon.go:283: [d78f2a2162b21] exiting daemon
=== RUN   TestServiceUpdateLabel
--- PASS: TestServiceUpdateLabel (2.13s)
    daemon.go:296: [d509350c0388a] waiting for daemon to start
    daemon.go:328: [d509350c0388a] daemon started
    daemon.go:283: [d509350c0388a] exiting daemon
=== RUN   TestServiceUpdateSecrets
--- PASS: TestServiceUpdateSecrets (14.49s)
    daemon.go:296: [df95183133cbd] waiting for daemon to start
    daemon.go:328: [df95183133cbd] daemon started
    daemon.go:283: [df95183133cbd] exiting daemon
=== RUN   TestServiceUpdateConfigs
--- PASS: TestServiceUpdateConfigs (14.51s)
    daemon.go:296: [deaaa2adeb7f4] waiting for daemon to start
    daemon.go:328: [deaaa2adeb7f4] daemon started
    daemon.go:283: [deaaa2adeb7f4] exiting daemon
FAIL
---> Making bundle: .integration-daemon-stop (in bundles/test-integration)
Clearing AppArmor profiles cache:.
All profile caches have been cleared, but no profiles have been unloaded.
Unloading profiles will leave already running processes permanently
unconfined, which can lead to unexpected situations.

To set a process to complain mode, use the command line tool
'aa-complain'. To really tear down all profiles, run the init script
with the 'teardown' option."
Removing test suite binaries
Build step 'Execute shell' marked build as failure
Set build name.
New build name is '#38050'
[PostBuildScript] - Executing post build scripts.
[Docker-PRs] $ /bin/sh -xe /tmp/jenkins5015930893498352592.sh
+ echo Ensuring container killed.
Ensuring container killed.
+ docker rm -vf docker-pr52498
Error: No such container: docker-pr52498
+ true
+ echo Chowning /workspace to jenkins user
Chowning /workspace to jenkins user
+ id -u
+ id -g
+ docker run --rm -v /home/ubuntu/workspace/Docker-PRs:/workspace busybox chown -R 1000:1000 /workspace
[Docker-PRs] $ /bin/sh -xe /tmp/jenkins425675949858220282.sh
+ echo Creating bundles.tar.gz
Creating bundles.tar.gz
+ xargs tar -czf bundles.tar.gz
+ find bundles -name *.log -o -name *.prof -o -name integration.test
Archiving artifacts
Notifying endpoint with url 'https://leeroy.dockerproject.org/notification/jenkins'
[WS-CLEANUP] Deleting project workspace...[WS-CLEANUP] done
Finished: FAILURE
