Started by user Gordon
Notifying endpoint with url 'https://leeroy.dockerproject.org/notification/jenkins'
[EnvInject] - Loading node environment variables.
Building remotely on ubuntu-1604-overlay2-stable (i-04b0ef8d298b04b94) (x86_64 ec2 ubuntu overlay2 linux ubuntu-1604 ubuntu-1604-overlay2-stable amd64 docker us-west-2) in workspace /home/ubuntu/workspace/Docker-PRs
Wiping out workspace first.
Cloning the remote Git repository
Cloning repository https://github.com/moby/moby.git
 > git init /home/ubuntu/workspace/Docker-PRs # timeout=10
Fetching upstream changes from https://github.com/moby/moby.git
 > git --version # timeout=10
 > git fetch --tags --progress https://github.com/moby/moby.git +refs/heads/*:refs/remotes/origin/*
 > git config remote.origin.url https://github.com/moby/moby.git # timeout=10
 > git config --add remote.origin.fetch +refs/heads/*:refs/remotes/origin/* # timeout=10
 > git config remote.origin.url https://github.com/moby/moby.git # timeout=10
Fetching upstream changes from https://github.com/moby/moby.git
 > git fetch --tags --progress https://github.com/moby/moby.git +refs/heads/*:refs/remotes/origin/*
 > git rev-parse origin/master^{commit} # timeout=10
Checking out Revision b4842cfe88b39af42416429396aee10d1fe7c3d6 (origin/master)
 > git config core.sparsecheckout # timeout=10
 > git checkout -f b4842cfe88b39af42416429396aee10d1fe7c3d6
Commit message: "Merge pull request #38354 from thaJeztah/fix_ipam_swagger"
 > git rev-list --no-walk b4842cfe88b39af42416429396aee10d1fe7c3d6 # timeout=10
Set build name.
New build name is '#38524'
[Docker-PRs] $ /bin/bash /tmp/jenkins2695038954720134198.sh
From https://github.com/moby/moby
 * [new ref]         refs/pull/38524/head -> origin/pr/38524
Merge made by the 'recursive' strategy.
 Dockerfile | 27 ++++++++++++---------------
 1 file changed, 12 insertions(+), 15 deletions(-)
Sending build context to Docker daemon  45.11MB
Step 1/95 : FROM golang:1.11.4 AS base
 ---> 343df9d12b7b
Step 2/95 : ARG APT_MIRROR=deb.debian.org
 ---> Using cache
 ---> d747c2b9d080
Step 3/95 : RUN sed -ri "s/(httpredir|deb).debian.org/$APT_MIRROR/g" /etc/apt/sources.list
 ---> Using cache
 ---> 474ff8245d78
Step 4/95 : FROM base AS criu
 ---> 474ff8245d78
Step 5/95 : ENV CRIU_VERSION 3.6
 ---> Using cache
 ---> cfd1757993d8
Step 6/95 : RUN apt-get update && apt-get install -y 	libnet-dev 	libprotobuf-c0-dev 	libprotobuf-dev 	libnl-3-dev 	libcap-dev 	protobuf-compiler 	protobuf-c-compiler 	python-protobuf 	&& mkdir -p /usr/src/criu 	&& curl -sSL https://github.com/checkpoint-restore/criu/archive/v${CRIU_VERSION}.tar.gz | tar -C /usr/src/criu/ -xz --strip-components=1 	&& cd /usr/src/criu 	&& make 	&& make PREFIX=/build/ install-criu
 ---> Using cache
 ---> f38364a6a12b
Step 7/95 : FROM base AS registry
 ---> 474ff8245d78
Step 8/95 : ENV REGISTRY_COMMIT_SCHEMA1 ec87e9b6971d831f0eff752ddb54fb64693e51cd
 ---> Using cache
 ---> 15bc67a6e09e
Step 9/95 : ENV REGISTRY_COMMIT 47a064d4195a9b56133891bbb13620c3ac83a827
 ---> Using cache
 ---> af040f1507bb
Step 10/95 : RUN set -x 	&& export GOPATH="$(mktemp -d)" 	&& git clone https://github.com/docker/distribution.git "$GOPATH/src/github.com/docker/distribution" 	&& (cd "$GOPATH/src/github.com/docker/distribution" && git checkout -q "$REGISTRY_COMMIT") 	&& GOPATH="$GOPATH/src/github.com/docker/distribution/Godeps/_workspace:$GOPATH" 		go build -buildmode=pie -o /build/registry-v2 github.com/docker/distribution/cmd/registry 	&& case $(dpkg --print-architecture) in 		amd64|ppc64*|s390x) 		(cd "$GOPATH/src/github.com/docker/distribution" && git checkout -q "$REGISTRY_COMMIT_SCHEMA1"); 		GOPATH="$GOPATH/src/github.com/docker/distribution/Godeps/_workspace:$GOPATH"; 			go build -buildmode=pie -o /build/registry-v2-schema1 github.com/docker/distribution/cmd/registry; 		;; 	   esac 	&& rm -rf "$GOPATH"
 ---> Using cache
 ---> bca2c678840b
Step 11/95 : FROM base AS docker-py
 ---> 474ff8245d78
Step 12/95 : ENV DOCKER_PY_COMMIT 1073b7364846709ad005e7991045d38365d911c9
 ---> Using cache
 ---> 4a7fc71b8e3d
Step 13/95 : RUN git clone https://github.com/docker/docker-py.git /build 	&& cd /build 	&& git checkout -q $DOCKER_PY_COMMIT
 ---> Using cache
 ---> 817694792951
Step 14/95 : FROM base AS swagger
 ---> 474ff8245d78
Step 15/95 : ENV GO_SWAGGER_COMMIT c28258affb0b6251755d92489ef685af8d4ff3eb
 ---> Using cache
 ---> 70e369864910
Step 16/95 : RUN set -x 	&& export GOPATH="$(mktemp -d)" 	&& git clone https://github.com/go-swagger/go-swagger.git "$GOPATH/src/github.com/go-swagger/go-swagger" 	&& (cd "$GOPATH/src/github.com/go-swagger/go-swagger" && git checkout -q "$GO_SWAGGER_COMMIT") 	&& go build -o /build/swagger github.com/go-swagger/go-swagger/cmd/swagger 	&& rm -rf "$GOPATH"
 ---> Using cache
 ---> b23cdf613da3
Step 17/95 : FROM base AS frozen-images
 ---> 474ff8245d78
Step 18/95 : RUN apt-get update && apt-get install -y jq ca-certificates --no-install-recommends
 ---> Using cache
 ---> 52daf06fdbc4
Step 19/95 : COPY contrib/download-frozen-image-v2.sh /
 ---> Using cache
 ---> 73c7011861b9
Step 20/95 : RUN /download-frozen-image-v2.sh /build 	buildpack-deps:jessie@sha256:dd86dced7c9cd2a724e779730f0a53f93b7ef42228d4344b25ce9a42a1486251 	busybox:latest@sha256:bbc3a03235220b170ba48a157dd097dd1379299370e1ed99ce976df0355d24f0 	busybox:glibc@sha256:0b55a30394294ab23b9afd58fab94e61a923f5834fba7ddbae7f8e0c11ba85e6 	debian:jessie@sha256:287a20c5f73087ab406e6b364833e3fb7b3ae63ca0eb3486555dc27ed32c6e60 	hello-world:latest@sha256:be0cd392e45be79ffeffa6b05338b98ebb16c87b255f48e297ec7f98e123905c
 ---> Using cache
 ---> f4e9c4c13534
Step 21/95 : FROM base AS runtime-dev
 ---> 474ff8245d78
Step 22/95 : RUN apt-get update && apt-get install -y 	libapparmor-dev 	libseccomp-dev
 ---> Using cache
 ---> 2fe568dd6048
Step 23/95 : FROM base AS tomlv
 ---> 474ff8245d78
Step 24/95 : ENV INSTALL_BINARY_NAME=tomlv
 ---> Using cache
 ---> 4c6d5d6d8fb6
Step 25/95 : COPY hack/dockerfile/install/install.sh ./install.sh
 ---> Using cache
 ---> 0aba2aa765e7
Step 26/95 : COPY hack/dockerfile/install/$INSTALL_BINARY_NAME.installer ./
 ---> Using cache
 ---> 4451f54969a4
Step 27/95 : RUN PREFIX=/build ./install.sh $INSTALL_BINARY_NAME
 ---> Using cache
 ---> d509aa3a3589
Step 28/95 : FROM base AS vndr
 ---> 474ff8245d78
Step 29/95 : ENV INSTALL_BINARY_NAME=vndr
 ---> Using cache
 ---> 0959899e5557
Step 30/95 : COPY hack/dockerfile/install/install.sh ./install.sh
 ---> Using cache
 ---> b82be766bf7e
Step 31/95 : COPY hack/dockerfile/install/$INSTALL_BINARY_NAME.installer ./
 ---> Using cache
 ---> 9d987f819e75
Step 32/95 : RUN PREFIX=/build ./install.sh $INSTALL_BINARY_NAME
 ---> Using cache
 ---> 29351ff2f4a2
Step 33/95 : FROM base AS containerd
 ---> 474ff8245d78
Step 34/95 : RUN apt-get update && apt-get install -y btrfs-tools
 ---> Using cache
 ---> 0e334b056d3e
Step 35/95 : ENV INSTALL_BINARY_NAME=containerd
 ---> Using cache
 ---> 1e70345e5889
Step 36/95 : COPY hack/dockerfile/install/install.sh ./install.sh
 ---> Using cache
 ---> 7aa9db4ef016
Step 37/95 : COPY hack/dockerfile/install/$INSTALL_BINARY_NAME.installer ./
 ---> Using cache
 ---> 40c161e8c3e7
Step 38/95 : RUN PREFIX=/build ./install.sh $INSTALL_BINARY_NAME
 ---> Using cache
 ---> 94ca3a33e795
Step 39/95 : FROM base AS proxy
 ---> 474ff8245d78
Step 40/95 : ENV INSTALL_BINARY_NAME=proxy
 ---> Using cache
 ---> 8988e20b1319
Step 41/95 : COPY hack/dockerfile/install/install.sh ./install.sh
 ---> Using cache
 ---> bc34ea968e0d
Step 42/95 : COPY hack/dockerfile/install/$INSTALL_BINARY_NAME.installer ./
 ---> Using cache
 ---> a4c56b8b5c35
Step 43/95 : RUN PREFIX=/build ./install.sh $INSTALL_BINARY_NAME
 ---> Using cache
 ---> ce5e79e5d6c4
Step 44/95 : FROM base AS gometalinter
 ---> 474ff8245d78
Step 45/95 : ENV INSTALL_BINARY_NAME=gometalinter
 ---> Using cache
 ---> 4711f89ab93f
Step 46/95 : COPY hack/dockerfile/install/install.sh ./install.sh
 ---> Using cache
 ---> db57441d2fc9
Step 47/95 : COPY hack/dockerfile/install/$INSTALL_BINARY_NAME.installer ./
 ---> Using cache
 ---> 2759d8f0bb46
Step 48/95 : RUN PREFIX=/build ./install.sh $INSTALL_BINARY_NAME
 ---> Using cache
 ---> fe6f67054d2b
Step 49/95 : FROM base AS dockercli
 ---> 474ff8245d78
Step 50/95 : ENV INSTALL_BINARY_NAME=dockercli
 ---> Using cache
 ---> 5254aae65835
Step 51/95 : COPY hack/dockerfile/install/install.sh ./install.sh
 ---> Using cache
 ---> 15129b5d32bf
Step 52/95 : COPY hack/dockerfile/install/$INSTALL_BINARY_NAME.installer ./
 ---> Using cache
 ---> 913a45f5c88c
Step 53/95 : RUN PREFIX=/build ./install.sh $INSTALL_BINARY_NAME
 ---> Using cache
 ---> 0f134fdabd01
Step 54/95 : FROM runtime-dev AS runc
 ---> 2fe568dd6048
Step 55/95 : ENV INSTALL_BINARY_NAME=runc
 ---> Using cache
 ---> 41c39a85af17
Step 56/95 : COPY hack/dockerfile/install/install.sh ./install.sh
 ---> Using cache
 ---> 4bb299c064a0
Step 57/95 : COPY hack/dockerfile/install/$INSTALL_BINARY_NAME.installer ./
 ---> Using cache
 ---> 57c37c567332
Step 58/95 : RUN PREFIX=/build ./install.sh $INSTALL_BINARY_NAME
 ---> Using cache
 ---> daaf390061c0
Step 59/95 : FROM base AS tini
 ---> 474ff8245d78
Step 60/95 : RUN apt-get update && apt-get install -y cmake vim-common
 ---> Using cache
 ---> fe179f6517fc
Step 61/95 : COPY hack/dockerfile/install/install.sh ./install.sh
 ---> Using cache
 ---> 2bc96cd42bd2
Step 62/95 : ENV INSTALL_BINARY_NAME=tini
 ---> Using cache
 ---> 0bf85f1cb962
Step 63/95 : COPY hack/dockerfile/install/$INSTALL_BINARY_NAME.installer ./
 ---> Using cache
 ---> e82862f6d92f
Step 64/95 : RUN PREFIX=/build ./install.sh $INSTALL_BINARY_NAME
 ---> Using cache
 ---> c7c536910436
Step 65/95 : FROM runtime-dev AS dev
 ---> 2fe568dd6048
Step 66/95 : RUN groupadd -r docker
 ---> Using cache
 ---> 591ba1836258
Step 67/95 : RUN useradd --create-home --gid docker unprivilegeduser
 ---> Using cache
 ---> b72b1565dc7a
Step 68/95 : RUN ln -sfv /go/src/github.com/docker/docker/.bashrc ~/.bashrc
 ---> Using cache
 ---> be7c735caedd
Step 69/95 : RUN echo "source /usr/share/bash-completion/bash_completion" >> /etc/bash.bashrc
 ---> Using cache
 ---> 6b56a1cfc935
Step 70/95 : RUN ln -s /usr/local/completion/bash/docker /etc/bash_completion.d/docker
 ---> Using cache
 ---> e0bf3f179f3b
Step 71/95 : RUN ldconfig
 ---> Using cache
 ---> 783f2cac8f64
Step 72/95 : RUN apt-get update && apt-get install -y 	apparmor 	aufs-tools 	bash-completion 	btrfs-tools 	iptables 	jq 	libcap2-bin 	libdevmapper-dev 	libudev-dev 	libsystemd-dev 	binutils-mingw-w64 	g++-mingw-w64-x86-64 	net-tools 	pigz 	python-dev 	python-pip 	python-setuptools 	thin-provisioning-tools 	vim 	vim-common 	xfsprogs 	zip 	bzip2 	xz-utils 	--no-install-recommends
 ---> Running in c9228a30ea44
Get:1 http://security.debian.org/debian-security stretch/updates InRelease [94.3 kB]
Ign:2 http://cdn-fastly.deb.debian.org/debian stretch InRelease
Hit:3 http://cdn-fastly.deb.debian.org/debian stretch-updates InRelease
Hit:4 http://cdn-fastly.deb.debian.org/debian stretch Release
Fetched 94.3 kB in 1s (60.4 kB/s)
Reading package lists...
Reading package lists...
Building dependency tree...
Reading state information...
The following additional packages will be installed:
  binutils-mingw-w64-i686 binutils-mingw-w64-x86-64 btrfs-progs dh-python
  dmsetup gcc-mingw-w64-base gcc-mingw-w64-x86-64 libaio1 libapparmor-perl
  libdevmapper-event1.02.1 libdevmapper1.02.1 libexpat1-dev libgpm2 libip4tc0
  libip6tc0 libiptc0 libjq1 liblzo2-2 libmpdec2 libnetfilter-conntrack3
  libnfnetlink0 libonig4 libpcre16-3 libpcre3-dev libpcre32-3 libpcrecpp0v5
  libpython-dev libpython2.7 libpython2.7-dev libpython3-stdlib
  libpython3.5-minimal libpython3.5-stdlib libreadline5 libselinux1-dev
  libsepol1-dev libxtables12 mingw-w64-common mingw-w64-x86-64-dev
  python-pip-whl python-pkg-resources python2.7-dev python3 python3-minimal
  python3.5 python3.5-minimal vim-runtime xxd
Suggested packages:
  apparmor-profiles apparmor-profiles-extra apparmor-utils bzip2-doc
  gcc-6-locales kmod gpm wine64 python-setuptools-doc python3-doc python3-tk
  python3-venv python3.5-venv python3.5-doc binfmt-support ctags vim-doc
  vim-scripts xfsdump acl attr quota
Recommended packages:
  aufs-dkms libpam-cap build-essential python-all-dev python-wheel unzip
The following NEW packages will be installed:
  apparmor aufs-tools bash-completion binutils-mingw-w64
  binutils-mingw-w64-i686 binutils-mingw-w64-x86-64 btrfs-progs btrfs-tools
  bzip2 dh-python dmsetup g++-mingw-w64-x86-64 gcc-mingw-w64-base
  gcc-mingw-w64-x86-64 iptables jq libaio1 libapparmor-perl libcap2-bin
  libdevmapper-dev libdevmapper-event1.02.1 libdevmapper1.02.1 libexpat1-dev
  libgpm2 libip4tc0 libip6tc0 libiptc0 libjq1 liblzo2-2 libmpdec2
  libnetfilter-conntrack3 libnfnetlink0 libonig4 libpcre16-3 libpcre3-dev
  libpcre32-3 libpcrecpp0v5 libpython-dev libpython2.7 libpython2.7-dev
  libpython3-stdlib libpython3.5-minimal libpython3.5-stdlib libreadline5
  libselinux1-dev libsepol1-dev libsystemd-dev libudev-dev libxtables12
  mingw-w64-common mingw-w64-x86-64-dev net-tools pigz python-dev python-pip
  python-pip-whl python-pkg-resources python-setuptools python2.7-dev python3
  python3-minimal python3.5 python3.5-minimal thin-provisioning-tools vim
  vim-common vim-runtime xfsprogs xxd xz-utils zip
0 upgraded, 71 newly installed, 0 to remove and 1 not upgraded.
Need to get 121 MB of archives.
After this operation, 588 MB of additional disk space will be used.
Get:1 http://cdn-fastly.deb.debian.org/debian stretch/main amd64 bash-completion all 1:2.1-4.3 [178 kB]
Get:2 http://cdn-fastly.deb.debian.org/debian stretch/main amd64 libnfnetlink0 amd64 1.0.1-3 [13.5 kB]
Get:3 http://cdn-fastly.deb.debian.org/debian stretch/main amd64 libpcrecpp0v5 amd64 2:8.39-3 [151 kB]
Get:4 http://cdn-fastly.deb.debian.org/debian stretch/main amd64 libudev-dev amd64 232-25+deb9u6 [91.3 kB]
Get:5 http://cdn-fastly.deb.debian.org/debian stretch/main amd64 libpython3.5-minimal amd64 3.5.3-1+deb9u1 [573 kB]
Get:6 http://cdn-fastly.deb.debian.org/debian stretch/main amd64 python3.5-minimal amd64 3.5.3-1+deb9u1 [1691 kB]
Get:7 http://cdn-fastly.deb.debian.org/debian stretch/main amd64 python3-minimal amd64 3.5.3-1 [35.3 kB]
Get:8 http://cdn-fastly.deb.debian.org/debian stretch/main amd64 libmpdec2 amd64 2.4.2-1 [85.2 kB]
Get:9 http://cdn-fastly.deb.debian.org/debian stretch/main amd64 libpython3.5-stdlib amd64 3.5.3-1+deb9u1 [2167 kB]
Get:10 http://cdn-fastly.deb.debian.org/debian stretch/main amd64 python3.5 amd64 3.5.3-1+deb9u1 [229 kB]
Get:11 http://cdn-fastly.deb.debian.org/debian stretch/main amd64 libpython3-stdlib amd64 3.5.3-1 [18.6 kB]
Get:12 http://cdn-fastly.deb.debian.org/debian stretch/main amd64 dh-python all 2.20170125 [86.8 kB]
Get:13 http://cdn-fastly.deb.debian.org/debian stretch/main amd64 python3 amd64 3.5.3-1 [21.6 kB]
Get:14 http://cdn-fastly.deb.debian.org/debian stretch/main amd64 pigz amd64 2.3.4-1 [55.4 kB]
Get:15 http://cdn-fastly.deb.debian.org/debian stretch/main amd64 libip4tc0 amd64 1.6.0+snapshot20161117-6 [67.8 kB]
Get:16 http://cdn-fastly.deb.debian.org/debian stretch/main amd64 libip6tc0 amd64 1.6.0+snapshot20161117-6 [68.1 kB]
Get:17 http://cdn-fastly.deb.debian.org/debian stretch/main amd64 libiptc0 amd64 1.6.0+snapshot20161117-6 [57.5 kB]
Get:18 http://cdn-fastly.deb.debian.org/debian stretch/main amd64 libxtables12 amd64 1.6.0+snapshot20161117-6 [75.9 kB]
Get:19 http://cdn-fastly.deb.debian.org/debian stretch/main amd64 libnetfilter-conntrack3 amd64 1.0.6-2 [38.7 kB]
Get:20 http://cdn-fastly.deb.debian.org/debian stretch/main amd64 iptables amd64 1.6.0+snapshot20161117-6 [288 kB]
Get:21 http://cdn-fastly.deb.debian.org/debian stretch/main amd64 xxd amd64 2:8.0.0197-4+deb9u1 [132 kB]
Get:22 http://cdn-fastly.deb.debian.org/debian stretch/main amd64 vim-common all 2:8.0.0197-4+deb9u1 [159 kB]
Get:23 http://cdn-fastly.deb.debian.org/debian stretch/main amd64 bzip2 amd64 1.0.6-8.1 [47.5 kB]
Get:24 http://cdn-fastly.deb.debian.org/debian stretch/main amd64 libgpm2 amd64 1.20.4-6.2+b1 [34.2 kB]
Get:25 http://cdn-fastly.deb.debian.org/debian stretch/main amd64 xz-utils amd64 5.2.2-1.2+b1 [266 kB]
Get:26 http://cdn-fastly.deb.debian.org/debian stretch/main amd64 aufs-tools amd64 1:4.1+20161219-1 [102 kB]
Get:27 http://cdn-fastly.deb.debian.org/debian stretch/main amd64 liblzo2-2 amd64 2.08-1.2+b2 [55.0 kB]
Get:28 http://cdn-fastly.deb.debian.org/debian stretch/main amd64 btrfs-progs amd64 4.7.3-1 [577 kB]
Get:29 http://cdn-fastly.deb.debian.org/debian stretch/main amd64 btrfs-tools amd64 4.7.3-1 [16.9 kB]
Get:30 http://cdn-fastly.deb.debian.org/debian stretch/main amd64 libdevmapper1.02.1 amd64 2:1.02.137-2 [170 kB]
Get:31 http://cdn-fastly.deb.debian.org/debian stretch/main amd64 dmsetup amd64 2:1.02.137-2 [107 kB]
Get:32 http://cdn-fastly.deb.debian.org/debian stretch/main amd64 libonig4 amd64 6.1.3-2 [146 kB]
Get:33 http://cdn-fastly.deb.debian.org/debian stretch/main amd64 libjq1 amd64 1.5+dfsg-1.3 [123 kB]
Get:34 http://cdn-fastly.deb.debian.org/debian stretch/main amd64 jq amd64 1.5+dfsg-1.3 [58.6 kB]
Get:35 http://cdn-fastly.deb.debian.org/debian stretch/main amd64 libaio1 amd64 0.3.110-3 [9412 B]
Get:36 http://cdn-fastly.deb.debian.org/debian stretch/main amd64 libcap2-bin amd64 1:2.25-1 [26.5 kB]
Get:37 http://cdn-fastly.deb.debian.org/debian stretch/main amd64 libdevmapper-event1.02.1 amd64 2:1.02.137-2 [41.6 kB]
Get:38 http://cdn-fastly.deb.debian.org/debian stretch/main amd64 libsepol1-dev amd64 2.6-2 [309 kB]
Get:39 http://cdn-fastly.deb.debian.org/debian stretch/main amd64 libpcre16-3 amd64 2:8.39-3 [258 kB]
Get:40 http://cdn-fastly.deb.debian.org/debian stretch/main amd64 libpcre32-3 amd64 2:8.39-3 [248 kB]
Get:41 http://cdn-fastly.deb.debian.org/debian stretch/main amd64 libpcre3-dev amd64 2:8.39-3 [647 kB]
Get:42 http://cdn-fastly.deb.debian.org/debian stretch/main amd64 libselinux1-dev amd64 2.6-3+b3 [184 kB]
Get:43 http://cdn-fastly.deb.debian.org/debian stretch/main amd64 libdevmapper-dev amd64 2:1.02.137-2 [68.6 kB]
Get:44 http://cdn-fastly.deb.debian.org/debian stretch/main amd64 libexpat1-dev amd64 2.2.0-2+deb9u1 [134 kB]
Get:45 http://cdn-fastly.deb.debian.org/debian stretch/main amd64 libpython2.7 amd64 2.7.13-2+deb9u3 [1071 kB]
Get:46 http://cdn-fastly.deb.debian.org/debian stretch/main amd64 libpython2.7-dev amd64 2.7.13-2+deb9u3 [28.2 MB]
Get:47 http://cdn-fastly.deb.debian.org/debian stretch/main amd64 libpython-dev amd64 2.7.13-2 [20.1 kB]
Get:48 http://cdn-fastly.deb.debian.org/debian stretch/main amd64 libreadline5 amd64 5.2+dfsg-3+b1 [119 kB]
Get:49 http://cdn-fastly.deb.debian.org/debian stretch/main amd64 libsystemd-dev amd64 232-25+deb9u6 [1972 kB]
Get:50 http://cdn-fastly.deb.debian.org/debian stretch/main amd64 net-tools amd64 1.60+git20161116.90da8a0-1 [248 kB]
Get:51 http://cdn-fastly.deb.debian.org/debian stretch/main amd64 python2.7-dev amd64 2.7.13-2+deb9u3 [290 kB]
Get:52 http://cdn-fastly.deb.debian.org/debian stretch/main amd64 python-dev amd64 2.7.13-2 [1126 B]
Get:53 http://cdn-fastly.deb.debian.org/debian stretch/main amd64 python-pip-whl all 9.0.1-2 [1406 kB]
Get:54 http://cdn-fastly.deb.debian.org/debian stretch/main amd64 python-pip all 9.0.1-2 [179 kB]
Get:55 http://cdn-fastly.deb.debian.org/debian stretch/main amd64 python-pkg-resources all 33.1.1-1 [166 kB]
Get:56 http://cdn-fastly.deb.debian.org/debian stretch/main amd64 python-setuptools all 33.1.1-1 [297 kB]
Get:57 http://cdn-fastly.deb.debian.org/debian stretch/main amd64 thin-provisioning-tools amd64 0.6.1-4+b1 [363 kB]
Get:58 http://cdn-fastly.deb.debian.org/debian stretch/main amd64 vim-runtime all 2:8.0.0197-4+deb9u1 [5407 kB]
Get:59 http://cdn-fastly.deb.debian.org/debian stretch/main amd64 vim amd64 2:8.0.0197-4+deb9u1 [1034 kB]
Get:60 http://cdn-fastly.deb.debian.org/debian stretch/main amd64 xfsprogs amd64 4.9.0+nmu1 [811 kB]
Get:61 http://cdn-fastly.deb.debian.org/debian stretch/main amd64 zip amd64 3.0-11+b1 [234 kB]
Get:62 http://cdn-fastly.deb.debian.org/debian stretch/main amd64 libapparmor-perl amd64 2.11.0-3+deb9u2 [82.2 kB]
Get:63 http://cdn-fastly.deb.debian.org/debian stretch/main amd64 apparmor amd64 2.11.0-3+deb9u2 [525 kB]
Get:64 http://cdn-fastly.deb.debian.org/debian stretch/main amd64 binutils-mingw-w64-i686 amd64 2.28-5+7.4+b4 [2242 kB]
Get:65 http://cdn-fastly.deb.debian.org/debian stretch/main amd64 binutils-mingw-w64-x86-64 amd64 2.28-5+7.4+b4 [2467 kB]
Get:66 http://cdn-fastly.deb.debian.org/debian stretch/main amd64 binutils-mingw-w64 all 2.27.90.20161231-1+7.4 [136 kB]
Get:67 http://cdn-fastly.deb.debian.org/debian stretch/main amd64 mingw-w64-common all 5.0.1-1 [4764 kB]
Get:68 http://cdn-fastly.deb.debian.org/debian stretch/main amd64 mingw-w64-x86-64-dev all 5.0.1-1 [3342 kB]
Get:69 http://cdn-fastly.deb.debian.org/debian stretch/main amd64 gcc-mingw-w64-base amd64 6.3.0-18+19.3+b3 [170 kB]
Get:70 http://cdn-fastly.deb.debian.org/debian stretch/main amd64 gcc-mingw-w64-x86-64 amd64 6.3.0-18+19.3+b3 [32.7 MB]
Get:71 http://cdn-fastly.deb.debian.org/debian stretch/main amd64 g++-mingw-w64-x86-64 amd64 6.3.0-18+19.3+b3 [22.4 MB]
debconf: delaying package configuration, since apt-utils is not installed
Fetched 121 MB in 3s (36.1 MB/s)
Selecting previously unselected package bash-completion.
(Reading database ... (Reading database ... 5%(Reading database ... 10%(Reading database ... 15%(Reading database ... 20%(Reading database ... 25%(Reading database ... 30%(Reading database ... 35%(Reading database ... 40%(Reading database ... 45%(Reading database ... 50%(Reading database ... 55%(Reading database ... 60%(Reading database ... 65%(Reading database ... 70%(Reading database ... 75%(Reading database ... 80%(Reading database ... 85%(Reading database ... 90%(Reading database ... 95%(Reading database ... 100%(Reading database ... 15159 files and directories currently installed.)
Preparing to unpack .../00-bash-completion_1%3a2.1-4.3_all.deb ...
Unpacking bash-completion (1:2.1-4.3) ...
Selecting previously unselected package libnfnetlink0:amd64.
Preparing to unpack .../01-libnfnetlink0_1.0.1-3_amd64.deb ...
Unpacking libnfnetlink0:amd64 (1.0.1-3) ...
Selecting previously unselected package libpcrecpp0v5:amd64.
Preparing to unpack .../02-libpcrecpp0v5_2%3a8.39-3_amd64.deb ...
Unpacking libpcrecpp0v5:amd64 (2:8.39-3) ...
Selecting previously unselected package libudev-dev:amd64.
Preparing to unpack .../03-libudev-dev_232-25+deb9u6_amd64.deb ...
Unpacking libudev-dev:amd64 (232-25+deb9u6) ...
Selecting previously unselected package libpython3.5-minimal:amd64.
Preparing to unpack .../04-libpython3.5-minimal_3.5.3-1+deb9u1_amd64.deb ...
Unpacking libpython3.5-minimal:amd64 (3.5.3-1+deb9u1) ...
Selecting previously unselected package python3.5-minimal.
Preparing to unpack .../05-python3.5-minimal_3.5.3-1+deb9u1_amd64.deb ...
Unpacking python3.5-minimal (3.5.3-1+deb9u1) ...
Selecting previously unselected package python3-minimal.
Preparing to unpack .../06-python3-minimal_3.5.3-1_amd64.deb ...
Unpacking python3-minimal (3.5.3-1) ...
Selecting previously unselected package libmpdec2:amd64.
Preparing to unpack .../07-libmpdec2_2.4.2-1_amd64.deb ...
Unpacking libmpdec2:amd64 (2.4.2-1) ...
Selecting previously unselected package libpython3.5-stdlib:amd64.
Preparing to unpack .../08-libpython3.5-stdlib_3.5.3-1+deb9u1_amd64.deb ...
Unpacking libpython3.5-stdlib:amd64 (3.5.3-1+deb9u1) ...
Selecting previously unselected package python3.5.
Preparing to unpack .../09-python3.5_3.5.3-1+deb9u1_amd64.deb ...
Unpacking python3.5 (3.5.3-1+deb9u1) ...
Selecting previously unselected package libpython3-stdlib:amd64.
Preparing to unpack .../10-libpython3-stdlib_3.5.3-1_amd64.deb ...
Unpacking libpython3-stdlib:amd64 (3.5.3-1) ...
Selecting previously unselected package dh-python.
Preparing to unpack .../11-dh-python_2.20170125_all.deb ...
Unpacking dh-python (2.20170125) ...
Setting up libpython3.5-minimal:amd64 (3.5.3-1+deb9u1) ...
Setting up python3.5-minimal (3.5.3-1+deb9u1) ...
Setting up python3-minimal (3.5.3-1) ...
Selecting previously unselected package python3.
(Reading database ... (Reading database ... 5%(Reading database ... 10%(Reading database ... 15%(Reading database ... 20%(Reading database ... 25%(Reading database ... 30%(Reading database ... 35%(Reading database ... 40%(Reading database ... 45%(Reading database ... 50%(Reading database ... 55%(Reading database ... 60%(Reading database ... 65%(Reading database ... 70%(Reading database ... 75%(Reading database ... 80%(Reading database ... 85%(Reading database ... 90%(Reading database ... 95%(Reading database ... 100%(Reading database ... 16736 files and directories currently installed.)
Preparing to unpack .../00-python3_3.5.3-1_amd64.deb ...
Unpacking python3 (3.5.3-1) ...
Selecting previously unselected package pigz.
Preparing to unpack .../01-pigz_2.3.4-1_amd64.deb ...
Unpacking pigz (2.3.4-1) ...
Selecting previously unselected package libip4tc0:amd64.
Preparing to unpack .../02-libip4tc0_1.6.0+snapshot20161117-6_amd64.deb ...
Unpacking libip4tc0:amd64 (1.6.0+snapshot20161117-6) ...
Selecting previously unselected package libip6tc0:amd64.
Preparing to unpack .../03-libip6tc0_1.6.0+snapshot20161117-6_amd64.deb ...
Unpacking libip6tc0:amd64 (1.6.0+snapshot20161117-6) ...
Selecting previously unselected package libiptc0:amd64.
Preparing to unpack .../04-libiptc0_1.6.0+snapshot20161117-6_amd64.deb ...
Unpacking libiptc0:amd64 (1.6.0+snapshot20161117-6) ...
Selecting previously unselected package libxtables12:amd64.
Preparing to unpack .../05-libxtables12_1.6.0+snapshot20161117-6_amd64.deb ...
Unpacking libxtables12:amd64 (1.6.0+snapshot20161117-6) ...
Selecting previously unselected package libnetfilter-conntrack3:amd64.
Preparing to unpack .../06-libnetfilter-conntrack3_1.0.6-2_amd64.deb ...
Unpacking libnetfilter-conntrack3:amd64 (1.0.6-2) ...
Selecting previously unselected package iptables.
Preparing to unpack .../07-iptables_1.6.0+snapshot20161117-6_amd64.deb ...
Unpacking iptables (1.6.0+snapshot20161117-6) ...
Selecting previously unselected package xxd.
Preparing to unpack .../08-xxd_2%3a8.0.0197-4+deb9u1_amd64.deb ...
Unpacking xxd (2:8.0.0197-4+deb9u1) ...
Selecting previously unselected package vim-common.
Preparing to unpack .../09-vim-common_2%3a8.0.0197-4+deb9u1_all.deb ...
Unpacking vim-common (2:8.0.0197-4+deb9u1) ...
Selecting previously unselected package bzip2.
Preparing to unpack .../10-bzip2_1.0.6-8.1_amd64.deb ...
Unpacking bzip2 (1.0.6-8.1) ...
Selecting previously unselected package libgpm2:amd64.
Preparing to unpack .../11-libgpm2_1.20.4-6.2+b1_amd64.deb ...
Unpacking libgpm2:amd64 (1.20.4-6.2+b1) ...
Selecting previously unselected package xz-utils.
Preparing to unpack .../12-xz-utils_5.2.2-1.2+b1_amd64.deb ...
Unpacking xz-utils (5.2.2-1.2+b1) ...
Selecting previously unselected package aufs-tools.
Preparing to unpack .../13-aufs-tools_1%3a4.1+20161219-1_amd64.deb ...
Unpacking aufs-tools (1:4.1+20161219-1) ...
Selecting previously unselected package liblzo2-2:amd64.
Preparing to unpack .../14-liblzo2-2_2.08-1.2+b2_amd64.deb ...
Unpacking liblzo2-2:amd64 (2.08-1.2+b2) ...
Selecting previously unselected package btrfs-progs.
Preparing to unpack .../15-btrfs-progs_4.7.3-1_amd64.deb ...
Unpacking btrfs-progs (4.7.3-1) ...
Selecting previously unselected package btrfs-tools.
Preparing to unpack .../16-btrfs-tools_4.7.3-1_amd64.deb ...
Unpacking btrfs-tools (4.7.3-1) ...
Selecting previously unselected package libdevmapper1.02.1:amd64.
Preparing to unpack .../17-libdevmapper1.02.1_2%3a1.02.137-2_amd64.deb ...
Unpacking libdevmapper1.02.1:amd64 (2:1.02.137-2) ...
Selecting previously unselected package dmsetup.
Preparing to unpack .../18-dmsetup_2%3a1.02.137-2_amd64.deb ...
Unpacking dmsetup (2:1.02.137-2) ...
Selecting previously unselected package libonig4:amd64.
Preparing to unpack .../19-libonig4_6.1.3-2_amd64.deb ...
Unpacking libonig4:amd64 (6.1.3-2) ...
Selecting previously unselected package libjq1:amd64.
Preparing to unpack .../20-libjq1_1.5+dfsg-1.3_amd64.deb ...
Unpacking libjq1:amd64 (1.5+dfsg-1.3) ...
Selecting previously unselected package jq.
Preparing to unpack .../21-jq_1.5+dfsg-1.3_amd64.deb ...
Unpacking jq (1.5+dfsg-1.3) ...
Selecting previously unselected package libaio1:amd64.
Preparing to unpack .../22-libaio1_0.3.110-3_amd64.deb ...
Unpacking libaio1:amd64 (0.3.110-3) ...
Selecting previously unselected package libcap2-bin.
Preparing to unpack .../23-libcap2-bin_1%3a2.25-1_amd64.deb ...
Unpacking libcap2-bin (1:2.25-1) ...
Selecting previously unselected package libdevmapper-event1.02.1:amd64.
Preparing to unpack .../24-libdevmapper-event1.02.1_2%3a1.02.137-2_amd64.deb ...
Unpacking libdevmapper-event1.02.1:amd64 (2:1.02.137-2) ...
Selecting previously unselected package libsepol1-dev:amd64.
Preparing to unpack .../25-libsepol1-dev_2.6-2_amd64.deb ...
Unpacking libsepol1-dev:amd64 (2.6-2) ...
Selecting previously unselected package libpcre16-3:amd64.
Preparing to unpack .../26-libpcre16-3_2%3a8.39-3_amd64.deb ...
Unpacking libpcre16-3:amd64 (2:8.39-3) ...
Selecting previously unselected package libpcre32-3:amd64.
Preparing to unpack .../27-libpcre32-3_2%3a8.39-3_amd64.deb ...
Unpacking libpcre32-3:amd64 (2:8.39-3) ...
Selecting previously unselected package libpcre3-dev:amd64.
Preparing to unpack .../28-libpcre3-dev_2%3a8.39-3_amd64.deb ...
Unpacking libpcre3-dev:amd64 (2:8.39-3) ...
Selecting previously unselected package libselinux1-dev:amd64.
Preparing to unpack .../29-libselinux1-dev_2.6-3+b3_amd64.deb ...
Unpacking libselinux1-dev:amd64 (2.6-3+b3) ...
Selecting previously unselected package libdevmapper-dev:amd64.
Preparing to unpack .../30-libdevmapper-dev_2%3a1.02.137-2_amd64.deb ...
Unpacking libdevmapper-dev:amd64 (2:1.02.137-2) ...
Selecting previously unselected package libexpat1-dev:amd64.
Preparing to unpack .../31-libexpat1-dev_2.2.0-2+deb9u1_amd64.deb ...
Unpacking libexpat1-dev:amd64 (2.2.0-2+deb9u1) ...
Selecting previously unselected package libpython2.7:amd64.
Preparing to unpack .../32-libpython2.7_2.7.13-2+deb9u3_amd64.deb ...
Unpacking libpython2.7:amd64 (2.7.13-2+deb9u3) ...
Selecting previously unselected package libpython2.7-dev:amd64.
Preparing to unpack .../33-libpython2.7-dev_2.7.13-2+deb9u3_amd64.deb ...
Unpacking libpython2.7-dev:amd64 (2.7.13-2+deb9u3) ...
Selecting previously unselected package libpython-dev:amd64.
Preparing to unpack .../34-libpython-dev_2.7.13-2_amd64.deb ...
Unpacking libpython-dev:amd64 (2.7.13-2) ...
Selecting previously unselected package libreadline5:amd64.
Preparing to unpack .../35-libreadline5_5.2+dfsg-3+b1_amd64.deb ...
Unpacking libreadline5:amd64 (5.2+dfsg-3+b1) ...
Selecting previously unselected package libsystemd-dev:amd64.
Preparing to unpack .../36-libsystemd-dev_232-25+deb9u6_amd64.deb ...
Unpacking libsystemd-dev:amd64 (232-25+deb9u6) ...
Selecting previously unselected package net-tools.
Preparing to unpack .../37-net-tools_1.60+git20161116.90da8a0-1_amd64.deb ...
Unpacking net-tools (1.60+git20161116.90da8a0-1) ...
Selecting previously unselected package python2.7-dev.
Preparing to unpack .../38-python2.7-dev_2.7.13-2+deb9u3_amd64.deb ...
Unpacking python2.7-dev (2.7.13-2+deb9u3) ...
Selecting previously unselected package python-dev.
Preparing to unpack .../39-python-dev_2.7.13-2_amd64.deb ...
Unpacking python-dev (2.7.13-2) ...
Selecting previously unselected package python-pip-whl.
Preparing to unpack .../40-python-pip-whl_9.0.1-2_all.deb ...
Unpacking python-pip-whl (9.0.1-2) ...
Selecting previously unselected package python-pip.
Preparing to unpack .../41-python-pip_9.0.1-2_all.deb ...
Unpacking python-pip (9.0.1-2) ...
Selecting previously unselected package python-pkg-resources.
Preparing to unpack .../42-python-pkg-resources_33.1.1-1_all.deb ...
Unpacking python-pkg-resources (33.1.1-1) ...
Selecting previously unselected package python-setuptools.
Preparing to unpack .../43-python-setuptools_33.1.1-1_all.deb ...
Unpacking python-setuptools (33.1.1-1) ...
Selecting previously unselected package thin-provisioning-tools.
Preparing to unpack .../44-thin-provisioning-tools_0.6.1-4+b1_amd64.deb ...
Unpacking thin-provisioning-tools (0.6.1-4+b1) ...
Selecting previously unselected package vim-runtime.
Preparing to unpack .../45-vim-runtime_2%3a8.0.0197-4+deb9u1_all.deb ...
Adding 'diversion of /usr/share/vim/vim80/doc/help.txt to /usr/share/vim/vim80/doc/help.txt.vim-tiny by vim-runtime'
Adding 'diversion of /usr/share/vim/vim80/doc/tags to /usr/share/vim/vim80/doc/tags.vim-tiny by vim-runtime'
Unpacking vim-runtime (2:8.0.0197-4+deb9u1) ...
Selecting previously unselected package vim.
Preparing to unpack .../46-vim_2%3a8.0.0197-4+deb9u1_amd64.deb ...
Unpacking vim (2:8.0.0197-4+deb9u1) ...
Selecting previously unselected package xfsprogs.
Preparing to unpack .../47-xfsprogs_4.9.0+nmu1_amd64.deb ...
Unpacking xfsprogs (4.9.0+nmu1) ...
Selecting previously unselected package zip.
Preparing to unpack .../48-zip_3.0-11+b1_amd64.deb ...
Unpacking zip (3.0-11+b1) ...
Selecting previously unselected package libapparmor-perl.
Preparing to unpack .../49-libapparmor-perl_2.11.0-3+deb9u2_amd64.deb ...
Unpacking libapparmor-perl (2.11.0-3+deb9u2) ...
Selecting previously unselected package apparmor.
Preparing to unpack .../50-apparmor_2.11.0-3+deb9u2_amd64.deb ...
Unpacking apparmor (2.11.0-3+deb9u2) ...
Selecting previously unselected package binutils-mingw-w64-i686.
Preparing to unpack .../51-binutils-mingw-w64-i686_2.28-5+7.4+b4_amd64.deb ...
Unpacking binutils-mingw-w64-i686 (2.28-5+7.4+b4) ...
Selecting previously unselected package binutils-mingw-w64-x86-64.
Preparing to unpack .../52-binutils-mingw-w64-x86-64_2.28-5+7.4+b4_amd64.deb ...
Unpacking binutils-mingw-w64-x86-64 (2.28-5+7.4+b4) ...
Selecting previously unselected package binutils-mingw-w64.
Preparing to unpack .../53-binutils-mingw-w64_2.27.90.20161231-1+7.4_all.deb ...
Unpacking binutils-mingw-w64 (2.27.90.20161231-1+7.4) ...
Selecting previously unselected package mingw-w64-common.
Preparing to unpack .../54-mingw-w64-common_5.0.1-1_all.deb ...
Unpacking mingw-w64-common (5.0.1-1) ...
Selecting previously unselected package mingw-w64-x86-64-dev.
Preparing to unpack .../55-mingw-w64-x86-64-dev_5.0.1-1_all.deb ...
Unpacking mingw-w64-x86-64-dev (5.0.1-1) ...
Selecting previously unselected package gcc-mingw-w64-base.
Preparing to unpack .../56-gcc-mingw-w64-base_6.3.0-18+19.3+b3_amd64.deb ...
Unpacking gcc-mingw-w64-base (6.3.0-18+19.3+b3) ...
Selecting previously unselected package gcc-mingw-w64-x86-64.
Preparing to unpack .../57-gcc-mingw-w64-x86-64_6.3.0-18+19.3+b3_amd64.deb ...
Unpacking gcc-mingw-w64-x86-64 (6.3.0-18+19.3+b3) ...
Selecting previously unselected package g++-mingw-w64-x86-64.
Preparing to unpack .../58-g++-mingw-w64-x86-64_6.3.0-18+19.3+b3_amd64.deb ...
Unpacking g++-mingw-w64-x86-64 (6.3.0-18+19.3+b3) ...
Setting up aufs-tools (1:4.1+20161219-1) ...
Setting up binutils-mingw-w64-x86-64 (2.28-5+7.4+b4) ...
Setting up libsepol1-dev:amd64 (2.6-2) ...
Setting up python-pip-whl (9.0.1-2) ...
Setting up libip4tc0:amd64 (1.6.0+snapshot20161117-6) ...
Processing triggers for mime-support (3.60) ...
Setting up xxd (2:8.0.0197-4+deb9u1) ...
Setting up libgpm2:amd64 (1.20.4-6.2+b1) ...
Setting up libcap2-bin (1:2.25-1) ...
Setting up binutils-mingw-w64-i686 (2.28-5+7.4+b4) ...
Setting up binutils-mingw-w64 (2.27.90.20161231-1+7.4) ...
Setting up bash-completion (1:2.1-4.3) ...
Setting up libonig4:amd64 (6.1.3-2) ...
Setting up python-pkg-resources (33.1.1-1) ...
Setting up zip (3.0-11+b1) ...
Setting up bzip2 (1.0.6-8.1) ...
Setting up gcc-mingw-w64-base (6.3.0-18+19.3+b3) ...
Setting up libjq1:amd64 (1.5+dfsg-1.3) ...
Processing triggers for libc-bin (2.24-11+deb9u3) ...
Setting up libaio1:amd64 (0.3.110-3) ...
Setting up libxtables12:amd64 (1.6.0+snapshot20161117-6) ...
Setting up xz-utils (5.2.2-1.2+b1) ...
update-alternatives: using /usr/bin/xz to provide /usr/bin/lzma (lzma) in auto mode
Setting up thin-provisioning-tools (0.6.1-4+b1) ...
Setting up libpython2.7:amd64 (2.7.13-2+deb9u3) ...
Setting up vim-common (2:8.0.0197-4+deb9u1) ...
Setting up libexpat1-dev:amd64 (2.2.0-2+deb9u1) ...
Setting up libpcrecpp0v5:amd64 (2:8.39-3) ...
Setting up libpcre32-3:amd64 (2:8.39-3) ...
Setting up libnfnetlink0:amd64 (1.0.1-3) ...
Setting up vim-runtime (2:8.0.0197-4+deb9u1) ...
Setting up libsystemd-dev:amd64 (232-25+deb9u6) ...
Setting up libpython2.7-dev:amd64 (2.7.13-2+deb9u3) ...
Setting up libpcre16-3:amd64 (2:8.39-3) ...
Setting up libreadline5:amd64 (5.2+dfsg-3+b1) ...
Setting up net-tools (1.60+git20161116.90da8a0-1) ...
Setting up python-pip (9.0.1-2) ...
Setting up libudev-dev:amd64 (232-25+deb9u6) ...
Setting up python2.7-dev (2.7.13-2+deb9u3) ...
Setting up pigz (2.3.4-1) ...
Setting up libapparmor-perl (2.11.0-3+deb9u2) ...
Setting up libmpdec2:amd64 (2.4.2-1) ...
Setting up libip6tc0:amd64 (1.6.0+snapshot20161117-6) ...
Setting up mingw-w64-common (5.0.1-1) ...
Setting up liblzo2-2:amd64 (2.08-1.2+b2) ...
Setting up libpython-dev:amd64 (2.7.13-2) ...
Setting up python-setuptools (33.1.1-1) ...
Setting up jq (1.5+dfsg-1.3) ...
Setting up libpcre3-dev:amd64 (2:8.39-3) ...
Setting up libnetfilter-conntrack3:amd64 (1.0.6-2) ...
Setting up xfsprogs (4.9.0+nmu1) ...
Setting up vim (2:8.0.0197-4+deb9u1) ...
update-alternatives: using /usr/bin/vim.basic to provide /usr/bin/vim (vim) in auto mode
update-alternatives: using /usr/bin/vim.basic to provide /usr/bin/vimdiff (vimdiff) in auto mode
update-alternatives: using /usr/bin/vim.basic to provide /usr/bin/rvim (rvim) in auto mode
update-alternatives: using /usr/bin/vim.basic to provide /usr/bin/rview (rview) in auto mode
update-alternatives: using /usr/bin/vim.basic to provide /usr/bin/vi (vi) in auto mode
update-alternatives: using /usr/bin/vim.basic to provide /usr/bin/view (view) in auto mode
update-alternatives: using /usr/bin/vim.basic to provide /usr/bin/ex (ex) in auto mode
update-alternatives: using /usr/bin/vim.basic to provide /usr/bin/editor (editor) in auto mode
Setting up python-dev (2.7.13-2) ...
Setting up libpython3.5-stdlib:amd64 (3.5.3-1+deb9u1) ...
Setting up libiptc0:amd64 (1.6.0+snapshot20161117-6) ...
Setting up mingw-w64-x86-64-dev (5.0.1-1) ...
Setting up iptables (1.6.0+snapshot20161117-6) ...
Setting up btrfs-progs (4.7.3-1) ...
Setting up libselinux1-dev:amd64 (2.6-3+b3) ...
Setting up python3.5 (3.5.3-1+deb9u1) ...
Setting up libpython3-stdlib:amd64 (3.5.3-1) ...
Setting up gcc-mingw-w64-x86-64 (6.3.0-18+19.3+b3) ...
update-alternatives: using /usr/bin/x86_64-w64-mingw32-gcc-posix to provide /usr/bin/x86_64-w64-mingw32-gcc (x86_64-w64-mingw32-gcc) in auto mode
update-alternatives: warning: skip creation of /usr/bin/x86_64-w64-mingw32-gcc-6 because associated file /usr/bin/x86_64-w64-mingw32-gcc-6-posix (of link group x86_64-w64-mingw32-gcc) doesn't exist
update-alternatives: using /usr/bin/x86_64-w64-mingw32-gcc-win32 to provide /usr/bin/x86_64-w64-mingw32-gcc (x86_64-w64-mingw32-gcc) in auto mode
update-alternatives: warning: skip creation of /usr/bin/x86_64-w64-mingw32-gcc-6 because associated file /usr/bin/x86_64-w64-mingw32-gcc-6-win32 (of link group x86_64-w64-mingw32-gcc) doesn't exist
Setting up btrfs-tools (4.7.3-1) ...
Setting up g++-mingw-w64-x86-64 (6.3.0-18+19.3+b3) ...
update-alternatives: using /usr/bin/x86_64-w64-mingw32-g++-posix to provide /usr/bin/x86_64-w64-mingw32-g++ (x86_64-w64-mingw32-g++) in auto mode
update-alternatives: using /usr/bin/x86_64-w64-mingw32-g++-win32 to provide /usr/bin/x86_64-w64-mingw32-g++ (x86_64-w64-mingw32-g++) in auto mode
Setting up python3 (3.5.3-1) ...
running python rtupdate hooks for python3.5...
running python post-rtupdate hooks for python3.5...
Setting up apparmor (2.11.0-3+deb9u2) ...
debconf: unable to initialize frontend: Dialog
debconf: (TERM is not set, so the dialog frontend is not usable.)
debconf: falling back to frontend: Readline
update-rc.d: warning: start and stop actions are no longer supported; falling back to defaults
diff: /var/lib/apparmor/profiles/.apparmor.md5sums: No such file or directory
Setting up libdevmapper1.02.1:amd64 (2:1.02.137-2) ...
Setting up libdevmapper-event1.02.1:amd64 (2:1.02.137-2) ...
Setting up dmsetup (2:1.02.137-2) ...
Setting up dh-python (2.20170125) ...
Setting up libdevmapper-dev:amd64 (2:1.02.137-2) ...
Processing triggers for libc-bin (2.24-11+deb9u3) ...
Removing intermediate container c9228a30ea44
 ---> b3b5896876a3
Step 73/95 : RUN	pip install yamllint==1.5.0
 ---> Running in f979c6b58411
Collecting yamllint==1.5.0
  Downloading https://files.pythonhosted.org/packages/64/93/2a2e99b04f4a2f2adb26f4f543770310bf6303b3af492345c4a700d14f4e/yamllint-1.5.0-py2.py3-none-any.whl
Collecting pyyaml (from yamllint==1.5.0)
  Downloading https://files.pythonhosted.org/packages/9e/a3/1d13970c3f36777c583f136c136f804d70f500168edc1edea6daa7200769/PyYAML-3.13.tar.gz (270kB)
Building wheels for collected packages: pyyaml
  Running setup.py bdist_wheel for pyyaml: started
  Running setup.py bdist_wheel for pyyaml: finished with status 'error'
  Complete output from command /usr/bin/python -u -c "import setuptools, tokenize;__file__='/tmp/pip-build-WiYF3n/pyyaml/setup.py';f=getattr(tokenize, 'open', open)(__file__);code=f.read().replace('\r\n', '\n');f.close();exec(compile(code, __file__, 'exec'))" bdist_wheel -d /tmp/tmpPViqhJpip-wheel- --python-tag cp27:
  usage: -c [global_opts] cmd1 [cmd1_opts] [cmd2 [cmd2_opts] ...]
     or: -c --help [cmd1 cmd2 ...]
     or: -c --help-commands
     or: -c cmd --help
  
  error: invalid command 'bdist_wheel'
  
  ----------------------------------------
  Failed building wheel for pyyaml
  Running setup.py clean for pyyaml
Failed to build pyyaml
Installing collected packages: pyyaml, yamllint
  Running setup.py install for pyyaml: started
    Running setup.py install for pyyaml: finished with status 'done'
Successfully installed pyyaml-3.13 yamllint-1.5.0
Removing intermediate container f979c6b58411
 ---> e5241cf3f378
Step 74/95 : COPY --from=docker-py /build/ /docker-py
 ---> 2ad3d9b50d33
Step 75/95 : RUN cd /docker-py && pip install -r requirements.txt -r test-requirements.txt
 ---> Running in e3d6b0bca778
Ignoring cryptography: markers 'python_version == "3.3"' don't match your environment
Ignoring cryptography: markers 'python_version > "3.3"' don't match your environment
Ignoring pypiwin32: markers 'sys_platform == "win32" and python_version < "3.6"' don't match your environment
Ignoring pypiwin32: markers 'sys_platform == "win32" and python_version >= "3.6"' don't match your environment
Ignoring urllib3: markers 'python_version == "3.3"' don't match your environment
Ignoring flake8: markers 'python_version == "3.3"' don't match your environment
Ignoring pytest: markers 'python_version == "3.3"' don't match your environment
Ignoring pytest-cov: markers 'python_version == "3.3"' don't match your environment
Collecting appdirs==1.4.3 (from -r requirements.txt (line 1))
  Downloading https://files.pythonhosted.org/packages/56/eb/810e700ed1349edde4cbdc1b2a21e28cdf115f9faf263f6bbf8447c1abf3/appdirs-1.4.3-py2.py3-none-any.whl
Collecting asn1crypto==0.22.0 (from -r requirements.txt (line 2))
  Downloading https://files.pythonhosted.org/packages/97/ba/7e8117d8efcee589f4d96dd2b2eb1d997f96d27d214cf2b7134ad8acf6ab/asn1crypto-0.22.0-py2.py3-none-any.whl (97kB)
Collecting backports.ssl-match-hostname==3.5.0.1 (from -r requirements.txt (line 3))
  Downloading https://files.pythonhosted.org/packages/76/21/2dc61178a2038a5cb35d14b61467c6ac632791ed05131dda72c20e7b9e23/backports.ssl_match_hostname-3.5.0.1.tar.gz
Collecting cffi==1.10.0 (from -r requirements.txt (line 4))
  Downloading https://files.pythonhosted.org/packages/50/85/d74d06ac09fc2deb3d9bd6d6aca4ca13d82b8118c04494cd0e84fcd81624/cffi-1.10.0-cp27-cp27mu-manylinux1_x86_64.whl (392kB)
Collecting docker-pycreds==0.4.0 (from -r requirements.txt (line 7))
  Downloading https://files.pythonhosted.org/packages/f5/e8/f6bd1eee09314e7e6dee49cbe2c5e22314ccdb38db16c9fc72d2fa80d054/docker_pycreds-0.4.0-py2.py3-none-any.whl
Collecting enum34==1.1.6 (from -r requirements.txt (line 8))
  Downloading https://files.pythonhosted.org/packages/c5/db/e56e6b4bbac7c4a06de1c50de6fe1ef3810018ae11732a50f15f62c7d050/enum34-1.1.6-py2-none-any.whl
Collecting idna==2.5 (from -r requirements.txt (line 9))
  Downloading https://files.pythonhosted.org/packages/11/7d/9bbbd7bb35f34b0169542487d2a8859e44306bb2e6a4455d491800a5621f/idna-2.5-py2.py3-none-any.whl (55kB)
Collecting ipaddress==1.0.18 (from -r requirements.txt (line 10))
  Downloading https://files.pythonhosted.org/packages/17/93/28f4dd560780dd70fe75ce7e2662869770dfac181f6bbb472179ea8da516/ipaddress-1.0.18-py2-none-any.whl
Collecting packaging==16.8 (from -r requirements.txt (line 11))
  Downloading https://files.pythonhosted.org/packages/87/1b/c39b7c65b5612812b83d6cab7ef2885eac9f6beb0b7b8a7071a186aea3b1/packaging-16.8-py2.py3-none-any.whl
Collecting paramiko==2.4.2 (from -r requirements.txt (line 12))
  Downloading https://files.pythonhosted.org/packages/cf/ae/94e70d49044ccc234bfdba20114fa947d7ba6eb68a2e452d89b920e62227/paramiko-2.4.2-py2.py3-none-any.whl (193kB)
Collecting pycparser==2.17 (from -r requirements.txt (line 13))
  Downloading https://files.pythonhosted.org/packages/be/64/1bb257ffb17d01f4a38d7ce686809a736837ad4371bcc5c42ba7a715c3ac/pycparser-2.17.tar.gz (231kB)
Collecting pyOpenSSL==18.0.0 (from -r requirements.txt (line 14))
  Downloading https://files.pythonhosted.org/packages/96/af/9d29e6bd40823061aea2e0574ccb2fcf72bfd6130ce53d32773ec375458c/pyOpenSSL-18.0.0-py2.py3-none-any.whl (53kB)
Collecting pyparsing==2.2.0 (from -r requirements.txt (line 15))
  Downloading https://files.pythonhosted.org/packages/6a/8a/718fd7d3458f9fab8e67186b00abdd345b639976bc7fb3ae722e1b026a50/pyparsing-2.2.0-py2.py3-none-any.whl (56kB)
Collecting requests==2.20.0 (from -r requirements.txt (line 18))
  Downloading https://files.pythonhosted.org/packages/f1/ca/10332a30cb25b627192b4ea272c351bce3ca1091e541245cccbace6051d8/requests-2.20.0-py2.py3-none-any.whl (60kB)
Requirement already satisfied: six==1.10.0 in /usr/lib/python2.7/dist-packages (from -r requirements.txt (line 19))
Collecting websocket-client==0.40.0 (from -r requirements.txt (line 20))
  Downloading https://files.pythonhosted.org/packages/a7/2b/0039154583cb0489c8e18313aa91ccd140ada103289c5c5d31d80fd6d186/websocket_client-0.40.0.tar.gz (196kB)
Collecting coverage==4.5.2 (from -r test-requirements.txt (line 1))
  Downloading https://files.pythonhosted.org/packages/af/cf/e240715a50d64b0538a08a2be1ae4060fb25791e911cbe8fd2367b5deeaa/coverage-4.5.2-cp27-cp27mu-manylinux1_x86_64.whl (201kB)
Collecting flake8==3.6.0 (from -r test-requirements.txt (line 2))
  Downloading https://files.pythonhosted.org/packages/34/a6/49e2849a0e5464e1b5d621f63bc8453066f0f367bb3b744a33fca0bc1ddd/flake8-3.6.0-py2.py3-none-any.whl (68kB)
Collecting mock==1.0.1 (from -r test-requirements.txt (line 4))
  Downloading https://files.pythonhosted.org/packages/a2/52/7edcd94f0afb721a2d559a5b9aae8af4f8f2c79bc63fdbe8a8a6c9b23bbe/mock-1.0.1.tar.gz (818kB)
Collecting pytest==4.1.0 (from -r test-requirements.txt (line 6))
  Downloading https://files.pythonhosted.org/packages/95/6a/4122affe57eb3857874ef959a73f362e51b23812b96c92e073b16e1effd0/pytest-4.1.0-py2.py3-none-any.whl (215kB)
Collecting pytest-cov==2.6.1 (from -r test-requirements.txt (line 7))
  Downloading https://files.pythonhosted.org/packages/7d/b5/92f32674ab954f80499ac73347bfeb815545ea295439c12b0ef3ac8f0975/pytest_cov-2.6.1-py2.py3-none-any.whl
Collecting pytest-timeout==1.3.3 (from -r test-requirements.txt (line 9))
  Downloading https://files.pythonhosted.org/packages/58/92/f60ea2e27074d6f97c8aaf21e34d1f838eb623e4b8070680846c65318a10/pytest_timeout-1.3.3-py2.py3-none-any.whl
Collecting pynacl>=1.0.1 (from paramiko==2.4.2->-r requirements.txt (line 12))
  Downloading https://files.pythonhosted.org/packages/b3/25/e605574f24948a8a53b497744e93f061eb1dbe7c44b6465fc1c172d591aa/PyNaCl-1.3.0-cp27-cp27mu-manylinux1_x86_64.whl (762kB)
Collecting cryptography>=1.5 (from paramiko==2.4.2->-r requirements.txt (line 12))
  Downloading https://files.pythonhosted.org/packages/7f/ba/383b51cc26e3141c689ce988814385c7659f5ba01c4b5f2de38233010b5f/cryptography-2.4.2-cp27-cp27mu-manylinux1_x86_64.whl (2.1MB)
Collecting bcrypt>=3.1.3 (from paramiko==2.4.2->-r requirements.txt (line 12))
  Downloading https://files.pythonhosted.org/packages/94/1d/e0caa84ed34524ecf85a86f33ae7588da6b5877ee9e7c279113e29e29b1d/bcrypt-3.1.5-cp27-cp27mu-manylinux1_x86_64.whl (59kB)
Collecting pyasn1>=0.1.7 (from paramiko==2.4.2->-r requirements.txt (line 12))
  Downloading https://files.pythonhosted.org/packages/7b/7c/c9386b82a25115cccf1903441bba3cbadcfae7b678a20167347fa8ded34c/pyasn1-0.4.5-py2.py3-none-any.whl (73kB)
Collecting urllib3<1.25,>=1.21.1 (from requests==2.20.0->-r requirements.txt (line 18))
  Downloading https://files.pythonhosted.org/packages/62/00/ee1d7de624db8ba7090d1226aebefab96a2c71cd5cfa7629d6ad3f61b79e/urllib3-1.24.1-py2.py3-none-any.whl (118kB)
Collecting chardet<3.1.0,>=3.0.2 (from requests==2.20.0->-r requirements.txt (line 18))
  Downloading https://files.pythonhosted.org/packages/bc/a9/01ffebfb562e4274b6487b4bb1ddec7ca55ec7510b22e4c51f14098443b8/chardet-3.0.4-py2.py3-none-any.whl (133kB)
Collecting certifi>=2017.4.17 (from requests==2.20.0->-r requirements.txt (line 18))
  Downloading https://files.pythonhosted.org/packages/9f/e0/accfc1b56b57e9750eba272e24c4dddeac86852c2bebd1236674d7887e8a/certifi-2018.11.29-py2.py3-none-any.whl (154kB)
Collecting configparser; python_version < "3.2" (from flake8==3.6.0->-r test-requirements.txt (line 2))
  Downloading https://files.pythonhosted.org/packages/7c/69/c2ce7e91c89dc073eb1aa74c0621c3eefbffe8216b3f9af9d3885265c01c/configparser-3.5.0.tar.gz
Collecting pycodestyle<2.5.0,>=2.4.0 (from flake8==3.6.0->-r test-requirements.txt (line 2))
  Downloading https://files.pythonhosted.org/packages/e5/c6/ce130213489969aa58610042dff1d908c25c731c9575af6935c2dfad03aa/pycodestyle-2.4.0-py2.py3-none-any.whl (62kB)
Collecting mccabe<0.7.0,>=0.6.0 (from flake8==3.6.0->-r test-requirements.txt (line 2))
  Downloading https://files.pythonhosted.org/packages/87/89/479dc97e18549e21354893e4ee4ef36db1d237534982482c3681ee6e7b57/mccabe-0.6.1-py2.py3-none-any.whl
Collecting pyflakes<2.1.0,>=2.0.0 (from flake8==3.6.0->-r test-requirements.txt (line 2))
  Downloading https://files.pythonhosted.org/packages/44/98/af7a72c9a543b1487d92813c648cb9b9adfbc96faef5455d60f4439aa99b/pyflakes-2.0.0-py2.py3-none-any.whl (53kB)
Requirement already satisfied: setuptools>=30 in /usr/lib/python2.7/dist-packages (from flake8==3.6.0->-r test-requirements.txt (line 2))
Collecting attrs>=17.4.0 (from pytest==4.1.0->-r test-requirements.txt (line 6))
  Downloading https://files.pythonhosted.org/packages/3a/e1/5f9023cc983f1a628a8c2fd051ad19e76ff7b142a0faf329336f9a62a514/attrs-18.2.0-py2.py3-none-any.whl
Collecting more-itertools>=4.0.0 (from pytest==4.1.0->-r test-requirements.txt (line 6))
  Downloading https://files.pythonhosted.org/packages/2f/9d/dcfe59e213093695f108508af1214cf9cd95cc5489e46877ec5cb56369e5/more_itertools-5.0.0-py2-none-any.whl (52kB)
Collecting pathlib2>=2.2.0; python_version < "3.6" (from pytest==4.1.0->-r test-requirements.txt (line 6))
  Downloading https://files.pythonhosted.org/packages/2a/46/c696dcf1c7aad917b39b875acdc5451975e3a9b4890dca8329983201c97a/pathlib2-2.3.3-py2.py3-none-any.whl
Collecting pluggy>=0.7 (from pytest==4.1.0->-r test-requirements.txt (line 6))
  Downloading https://files.pythonhosted.org/packages/2d/60/f58d9e8197f911f9405bf7e02227b43a2acc2c2f1a8cbb1be5ecf6bfd0b8/pluggy-0.8.1-py2.py3-none-any.whl
Collecting py>=1.5.0 (from pytest==4.1.0->-r test-requirements.txt (line 6))
  Downloading https://files.pythonhosted.org/packages/3e/c7/3da685ef117d42ac8d71af525208759742dd235f8094221fdaafcd3dba8f/py-1.7.0-py2.py3-none-any.whl (83kB)
Collecting funcsigs; python_version < "3.0" (from pytest==4.1.0->-r test-requirements.txt (line 6))
  Downloading https://files.pythonhosted.org/packages/69/cb/f5be453359271714c01b9bd06126eaf2e368f1fddfff30818754b5ac2328/funcsigs-1.0.2-py2.py3-none-any.whl
Collecting atomicwrites>=1.0 (from pytest==4.1.0->-r test-requirements.txt (line 6))
  Downloading https://files.pythonhosted.org/packages/3a/9a/9d878f8d885706e2530402de6417141129a943802c084238914fa6798d97/atomicwrites-1.2.1-py2.py3-none-any.whl
Collecting scandir; python_version < "3.5" (from pathlib2>=2.2.0; python_version < "3.6"->pytest==4.1.0->-r test-requirements.txt (line 6))
  Downloading https://files.pythonhosted.org/packages/16/2a/557af1181e6b4e30254d5a6163b18f5053791ca66e251e77ab08887e8fe3/scandir-1.9.0.tar.gz
Building wheels for collected packages: backports.ssl-match-hostname, pycparser, websocket-client, mock, configparser, scandir
  Running setup.py bdist_wheel for backports.ssl-match-hostname: started
  Running setup.py bdist_wheel for backports.ssl-match-hostname: finished with status 'error'
  Complete output from command /usr/bin/python -u -c "import setuptools, tokenize;__file__='/tmp/pip-build-8_SHCe/backports.ssl-match-hostname/setup.py';f=getattr(tokenize, 'open', open)(__file__);code=f.read().replace('\r\n', '\n');f.close();exec(compile(code, __file__, 'exec'))" bdist_wheel -d /tmp/tmpNYMWLSpip-wheel- --python-tag cp27:
  usage: -c [global_opts] cmd1 [cmd1_opts] [cmd2 [cmd2_opts] ...]
     or: -c --help [cmd1 cmd2 ...]
     or: -c --help-commands
     or: -c cmd --help
  
  error: invalid command 'bdist_wheel'
  
  ----------------------------------------
  Failed building wheel for backports.ssl-match-hostname
  Running setup.py clean for backports.ssl-match-hostname
  Running setup.py bdist_wheel for pycparser: started
  Running setup.py bdist_wheel for pycparser: finished with status 'error'
  Complete output from command /usr/bin/python -u -c "import setuptools, tokenize;__file__='/tmp/pip-build-8_SHCe/pycparser/setup.py';f=getattr(tokenize, 'open', open)(__file__);code=f.read().replace('\r\n', '\n');f.close();exec(compile(code, __file__, 'exec'))" bdist_wheel -d /tmp/tmpZxde7Rpip-wheel- --python-tag cp27:
  usage: -c [global_opts] cmd1 [cmd1_opts] [cmd2 [cmd2_opts] ...]
     or: -c --help [cmd1 cmd2 ...]
     or: -c --help-commands
     or: -c cmd --help
  
  error: invalid command 'bdist_wheel'
  
  ----------------------------------------
  Failed building wheel for pycparser
  Running setup.py clean for pycparser
  Running setup.py bdist_wheel for websocket-client: started
  Running setup.py bdist_wheel for websocket-client: finished with status 'error'
  Complete output from command /usr/bin/python -u -c "import setuptools, tokenize;__file__='/tmp/pip-build-8_SHCe/websocket-client/setup.py';f=getattr(tokenize, 'open', open)(__file__);code=f.read().replace('\r\n', '\n');f.close();exec(compile(code, __file__, 'exec'))" bdist_wheel -d /tmp/tmpw95Qmgpip-wheel- --python-tag cp27:
  Failed building wheel for websocket-client
  usage: -c [global_opts] cmd1 [cmd1_opts] [cmd2 [cmd2_opts] ...]
     or: -c --help [cmd1 cmd2 ...]
     or: -c --help-commands
     or: -c cmd --help
  
  error: invalid command 'bdist_wheel'
  
  ----------------------------------------
  Running setup.py clean for websocket-client
  Running setup.py bdist_wheel for mock: started
  Running setup.py bdist_wheel for mock: finished with status 'error'
  Complete output from command /usr/bin/python -u -c "import setuptools, tokenize;__file__='/tmp/pip-build-8_SHCe/mock/setup.py';f=getattr(tokenize, 'open', open)(__file__);code=f.read().replace('\r\n', '\n');f.close();exec(compile(code, __file__, 'exec'))" bdist_wheel -d /tmp/tmpenhXvipip-wheel- --python-tag cp27:
  usage: -c [global_opts] cmd1 [cmd1_opts] [cmd2 [cmd2_opts] ...]
     or: -c --help [cmd1 cmd2 ...]
     or: -c --help-commands
     or: -c cmd --help
  
  error: invalid command 'bdist_wheel'
  
  ----------------------------------------
  Failed building wheel for mock
  Running setup.py clean for mock
  Running setup.py bdist_wheel for configparser: started
  Running setup.py bdist_wheel for configparser: finished with status 'error'
  Complete output from command /usr/bin/python -u -c "import setuptools, tokenize;__file__='/tmp/pip-build-8_SHCe/configparser/setup.py';f=getattr(tokenize, 'open', open)(__file__);code=f.read().replace('\r\n', '\n');f.close();exec(compile(code, __file__, 'exec'))" bdist_wheel -d /tmp/tmpIKB7B3pip-wheel- --python-tag cp27:
  usage: -c [global_opts] cmd1 [cmd1_opts] [cmd2 [cmd2_opts] ...]
     or: -c --help [cmd1 cmd2 ...]
     or: -c --help-commands
     or: -c cmd --help
  
  error: invalid command 'bdist_wheel'
  
  ----------------------------------------
  Failed building wheel for configparser
  Running setup.py clean for configparser
  Running setup.py bdist_wheel for scandir: started
  Running setup.py bdist_wheel for scandir: finished with status 'error'
  Complete output from command /usr/bin/python -u -c "import setuptools, tokenize;__file__='/tmp/pip-build-8_SHCe/scandir/setup.py';f=getattr(tokenize, 'open', open)(__file__);code=f.read().replace('\r\n', '\n');f.close();exec(compile(code, __file__, 'exec'))" bdist_wheel -d /tmp/tmpxKp49vpip-wheel- --python-tag cp27:
  /usr/lib/python2.7/distutils/extension.py:133: UserWarning: Unknown Extension options: 'optional'
    warnings.warn(msg)
  usage: -c [global_opts] cmd1 [cmd1_opts] [cmd2 [cmd2_opts] ...]
     or: -c --help [cmd1 cmd2 ...]
     or: -c --help-commands
     or: -c cmd --help
  
  error: invalid command 'bdist_wheel'
  
  ----------------------------------------
  Failed building wheel for scandir
  Running setup.py clean for scandir
Failed to build backports.ssl-match-hostname pycparser websocket-client mock configparser scandir
Installing collected packages: appdirs, asn1crypto, backports.ssl-match-hostname, pycparser, cffi, docker-pycreds, enum34, idna, ipaddress, pyparsing, packaging, pynacl, cryptography, bcrypt, pyasn1, paramiko, pyOpenSSL, urllib3, chardet, certifi, requests, websocket-client, coverage, configparser, pycodestyle, mccabe, pyflakes, flake8, mock, attrs, more-itertools, scandir, pathlib2, pluggy, py, funcsigs, atomicwrites, pytest, pytest-cov, pytest-timeout
  Running setup.py install for backports.ssl-match-hostname: started
    Running setup.py install for backports.ssl-match-hostname: finished with status 'done'
  Running setup.py install for pycparser: started
    Running setup.py install for pycparser: finished with status 'done'
  Running setup.py install for websocket-client: started
    Running setup.py install for websocket-client: finished with status 'done'
  Running setup.py install for configparser: started
    Running setup.py install for configparser: finished with status 'done'
  Running setup.py install for mock: started
    Running setup.py install for mock: finished with status 'done'
  Running setup.py install for scandir: started
    Running setup.py install for scandir: finished with status 'done'
Successfully installed appdirs-1.4.3 asn1crypto-0.22.0 atomicwrites-1.2.1 attrs-18.2.0 backports.ssl-match-hostname-3.5.0.1 bcrypt-3.1.5 certifi-2018.11.29 cffi-1.10.0 chardet-3.0.4 configparser-3.5.0 coverage-4.5.2 cryptography-2.4.2 docker-pycreds-0.4.0 enum34-1.1.6 flake8-3.6.0 funcsigs-1.0.2 idna-2.5 ipaddress-1.0.18 mccabe-0.6.1 mock-1.0.1 more-itertools-5.0.0 packaging-16.8 paramiko-2.4.2 pathlib2-2.3.3 pluggy-0.8.1 py-1.7.0 pyOpenSSL-18.0.0 pyasn1-0.4.5 pycodestyle-2.4.0 pycparser-2.17 pyflakes-2.0.0 pynacl-1.3.0 pyparsing-2.2.0 pytest-4.1.0 pytest-cov-2.6.1 pytest-timeout-1.3.3 requests-2.20.0 scandir-1.9.0 urllib3-1.24.1 websocket-client-0.40.0
Removing intermediate container e3d6b0bca778
 ---> 3ba23e45ba55
Step 76/95 : COPY --from=swagger /build/swagger* /usr/local/bin/
 ---> fd5239be0bef
Step 77/95 : COPY --from=frozen-images /build/ /docker-frozen-images
 ---> d86efcc577d4
Step 78/95 : COPY --from=gometalinter /build/ /usr/local/bin/
 ---> fe1510197c34
Step 79/95 : COPY --from=tomlv /build/ /usr/local/bin/
 ---> 5f925b1f4e1e
Step 80/95 : COPY --from=vndr /build/ /usr/local/bin/
 ---> 1f28bbb7e3fe
Step 81/95 : COPY --from=tini /build/ /usr/local/bin/
 ---> 43fe57558f24
Step 82/95 : COPY --from=runc /build/ /usr/local/bin/
 ---> 5ec20c856ff6
Step 83/95 : COPY --from=containerd /build/ /usr/local/bin/
 ---> 5da29640c544
Step 84/95 : COPY --from=proxy /build/ /usr/local/bin/
 ---> b64f5d457439
Step 85/95 : COPY --from=dockercli /build/ /usr/local/cli
 ---> 44a8fb723d28
Step 86/95 : COPY --from=registry /build/registry* /usr/local/bin/
 ---> 207fb30be5b2
Step 87/95 : COPY --from=criu /build/ /usr/local/
 ---> ef779876c86d
Step 88/95 : ENV PATH=/usr/local/cli:$PATH
 ---> Running in ea115efb8b36
Removing intermediate container ea115efb8b36
 ---> f28d0cb41c5f
Step 89/95 : ENV DOCKER_BUILDTAGS apparmor seccomp selinux
 ---> Running in 877d49e844c7
Removing intermediate container 877d49e844c7
 ---> fcc081ace7d0
Step 90/95 : ENV GOMETALINTER_OPTS="--deadline=2m"
 ---> Running in 8a9a7837ddac
Removing intermediate container 8a9a7837ddac
 ---> 9426c2989fff
Step 91/95 : WORKDIR /go/src/github.com/docker/docker
 ---> Running in c0fa954d2807
Removing intermediate container c0fa954d2807
 ---> cdc74d37df03
Step 92/95 : VOLUME /var/lib/docker
 ---> Running in 3fa89a092c7f
Removing intermediate container 3fa89a092c7f
 ---> 7a2e484e3eff
Step 93/95 : ENTRYPOINT ["hack/dind"]
 ---> Running in 6837fc4dd996
Removing intermediate container 6837fc4dd996
 ---> b4af3ccbe5cf
Step 94/95 : FROM dev AS final
 ---> b4af3ccbe5cf
Step 95/95 : COPY . /go/src/github.com/docker/docker
 ---> 3afd75377ace
Successfully built 3afd75377ace
Successfully tagged docker:91c8591
Congratulations!  All commits are properly signed with the DCO!
Congratulations!  "./pkg/..." is safely isolated from internal code.
No api/types/ or api/swagger.yaml changes in diff.
Congratulations!  No testing.T found.
Congratulations!  All toml source files changed here have valid syntax.
Congratulations!  Changelog CHANGELOG.md is well-formed.
Congratulations!  Changelog CHANGELOG.md dates are in descending order.
Congratulations!  No new tests added to integration-cli.
?   	github.com/docker/docker/api	[no test files]
ok  	github.com/docker/docker/api/server	0.004s	coverage: 7.9% of statements
?   	github.com/docker/docker/api/server/backend/build	[no test files]
ok  	github.com/docker/docker/api/server/httputils	0.003s	coverage: 11.1% of statements
ok  	github.com/docker/docker/api/server/middleware	0.003s	coverage: 43.4% of statements
?   	github.com/docker/docker/api/server/router	[no test files]
?   	github.com/docker/docker/api/server/router/build	[no test files]
?   	github.com/docker/docker/api/server/router/checkpoint	[no test files]
?   	github.com/docker/docker/api/server/router/container	[no test files]
?   	github.com/docker/docker/api/server/router/debug	[no test files]
?   	github.com/docker/docker/api/server/router/distribution	[no test files]
?   	github.com/docker/docker/api/server/router/image	[no test files]
?   	github.com/docker/docker/api/server/router/network	[no test files]
?   	github.com/docker/docker/api/server/router/plugin	[no test files]
?   	github.com/docker/docker/api/server/router/session	[no test files]
?   	github.com/docker/docker/api/server/router/swarm	[no test files]
?   	github.com/docker/docker/api/server/router/system	[no test files]
?   	github.com/docker/docker/api/server/router/volume	[no test files]
?   	github.com/docker/docker/api/types	[no test files]
?   	github.com/docker/docker/api/types/backend	[no test files]
?   	github.com/docker/docker/api/types/blkiodev	[no test files]
?   	github.com/docker/docker/api/types/container	[no test files]
?   	github.com/docker/docker/api/types/events	[no test files]
ok  	github.com/docker/docker/api/types/filters	0.003s	coverage: 94.2% of statements
?   	github.com/docker/docker/api/types/image	[no test files]
?   	github.com/docker/docker/api/types/mount	[no test files]
?   	github.com/docker/docker/api/types/network	[no test files]
?   	github.com/docker/docker/api/types/plugins/logdriver	[no test files]
?   	github.com/docker/docker/api/types/registry	[no test files]
ok  	github.com/docker/docker/api/types/strslice	0.002s	coverage: 90.0% of statements
?   	github.com/docker/docker/api/types/swarm	[no test files]
?   	github.com/docker/docker/api/types/swarm/runtime	[no test files]
ok  	github.com/docker/docker/api/types/time	0.002s	coverage: 100.0% of statements
ok  	github.com/docker/docker/api/types/versions	0.002s	coverage: 75.0% of statements
?   	github.com/docker/docker/api/types/versions/v1p19	[no test files]
?   	github.com/docker/docker/api/types/versions/v1p20	[no test files]
?   	github.com/docker/docker/api/types/volume	[no test files]
?   	github.com/docker/docker/builder	[no test files]
?   	github.com/docker/docker/builder/builder-next	[no test files]
?   	github.com/docker/docker/builder/builder-next/adapters/containerimage	[no test files]
?   	github.com/docker/docker/builder/builder-next/adapters/snapshot	[no test files]
?   	github.com/docker/docker/builder/builder-next/exporter	[no test files]
?   	github.com/docker/docker/builder/builder-next/imagerefchecker	[no test files]
?   	github.com/docker/docker/builder/builder-next/worker	[no test files]
ok  	github.com/docker/docker/builder/dockerfile	0.376s	coverage: 45.4% of statements
ok  	github.com/docker/docker/builder/dockerignore	0.002s	coverage: 96.8% of statements
ok  	github.com/docker/docker/builder/fscache	0.112s	coverage: 69.5% of statements
ok  	github.com/docker/docker/builder/remotecontext	0.151s	coverage: 13.7% of statements
ok  	github.com/docker/docker/builder/remotecontext/git	0.616s	coverage: 78.8% of statements
?   	github.com/docker/docker/cli	[no test files]
?   	github.com/docker/docker/cli/config	[no test files]
ok  	github.com/docker/docker/cli/debug	0.002s	coverage: 100.0% of statements
ok  	github.com/docker/docker/client	0.097s	coverage: 75.6% of statements
ok  	github.com/docker/docker/cmd/dockerd	0.043s	coverage: 31.4% of statements
ok  	github.com/docker/docker/cmd/dockerd/hack	0.002s	coverage: 72.9% of statements
ok  	github.com/docker/docker/container	0.113s	coverage: 35.6% of statements
?   	github.com/docker/docker/container/stream	[no test files]
?   	github.com/docker/docker/contrib/apparmor	[no test files]
?   	github.com/docker/docker/contrib/docker-device-tool	[no test files]
?   	github.com/docker/docker/contrib/httpserver	[no test files]
ok  	github.com/docker/docker/daemon	12.130s	coverage: 17.1% of statements
ok  	github.com/docker/docker/daemon/cluster	0.030s	coverage: 0.5% of statements
ok  	github.com/docker/docker/daemon/cluster/controllers/plugin	0.009s	coverage: 65.3% of statements
ok  	github.com/docker/docker/daemon/cluster/convert	0.006s	coverage: 28.0% of statements
?   	github.com/docker/docker/daemon/cluster/executor	[no test files]
ok  	github.com/docker/docker/daemon/cluster/executor/container	3.433s	coverage: 12.7% of statements
?   	github.com/docker/docker/daemon/cluster/provider	[no test files]
ok  	github.com/docker/docker/daemon/config	0.033s	coverage: 84.8% of statements
ok  	github.com/docker/docker/daemon/discovery	0.004s	coverage: 30.4% of statements
ok  	github.com/docker/docker/daemon/events	0.058s	coverage: 50.0% of statements
?   	github.com/docker/docker/daemon/events/testutils	[no test files]
?   	github.com/docker/docker/daemon/exec	[no test files]
ok  	github.com/docker/docker/daemon/graphdriver	0.004s	coverage: 2.2% of statements
ok  	github.com/docker/docker/daemon/graphdriver/aufs	5.358s	coverage: 73.6% of statements
ok  	github.com/docker/docker/daemon/graphdriver/btrfs	0.005s	coverage: 2.9% of statements
ok  	github.com/docker/docker/daemon/graphdriver/copy	0.178s	coverage: 57.0% of statements
ok  	github.com/docker/docker/daemon/graphdriver/devmapper	2.080s	coverage: 45.9% of statements
?   	github.com/docker/docker/daemon/graphdriver/graphtest	[no test files]
ok  	github.com/docker/docker/daemon/graphdriver/overlay	0.753s	coverage: 50.8% of statements
ok  	github.com/docker/docker/daemon/graphdriver/overlay2	2.030s	coverage: 56.8% of statements
?   	github.com/docker/docker/daemon/graphdriver/overlayutils	[no test files]
ok  	github.com/docker/docker/daemon/graphdriver/quota	0.270s	coverage: 75.2% of statements
?   	github.com/docker/docker/daemon/graphdriver/register	[no test files]
ok  	github.com/docker/docker/daemon/graphdriver/vfs	0.006s	coverage: 70.5% of statements
ok  	github.com/docker/docker/daemon/graphdriver/zfs	0.004s	coverage: 3.0% of statements
ok  	github.com/docker/docker/daemon/images	0.010s	coverage: 4.9% of statements
?   	github.com/docker/docker/daemon/initlayer	[no test files]
ok  	github.com/docker/docker/daemon/links	0.002s	coverage: 93.0% of statements
?   	github.com/docker/docker/daemon/listeners	[no test files]
ok  	github.com/docker/docker/daemon/logger	0.215s	coverage: 43.7% of statements
ok  	github.com/docker/docker/daemon/logger/awslogs	0.118s	coverage: 78.6% of statements
?   	github.com/docker/docker/daemon/logger/fluentd	[no test files]
?   	github.com/docker/docker/daemon/logger/gcplogs	[no test files]
ok  	github.com/docker/docker/daemon/logger/gelf	0.005s	coverage: 68.2% of statements
ok  	github.com/docker/docker/daemon/logger/journald	0.004s	coverage: 26.2% of statements
ok  	github.com/docker/docker/daemon/logger/jsonfilelog	0.006s	coverage: 62.1% of statements
ok  	github.com/docker/docker/daemon/logger/jsonfilelog/jsonlog	0.003s	coverage: 88.3% of statements
ok  	github.com/docker/docker/daemon/logger/local	0.011s	coverage: 74.7% of statements
?   	github.com/docker/docker/daemon/logger/logentries	[no test files]
ok  	github.com/docker/docker/daemon/logger/loggerutils	0.008s	coverage: 18.6% of statements
ok  	github.com/docker/docker/daemon/logger/splunk	1.499s	coverage: 84.5% of statements
ok  	github.com/docker/docker/daemon/logger/syslog	0.004s	coverage: 47.8% of statements
ok  	github.com/docker/docker/daemon/logger/templates	0.002s	coverage: 8.3% of statements
?   	github.com/docker/docker/daemon/names	[no test files]
ok  	github.com/docker/docker/daemon/network	0.002s	coverage: 57.1% of statements
?   	github.com/docker/docker/daemon/stats	[no test files]
ok  	github.com/docker/docker/distribution	1.126s	coverage: 16.8% of statements
ok  	github.com/docker/docker/distribution/metadata	0.026s	coverage: 48.2% of statements
?   	github.com/docker/docker/distribution/utils	[no test files]
ok  	github.com/docker/docker/distribution/xfer	1.432s	coverage: 83.9% of statements
?   	github.com/docker/docker/dockerversion	[no test files]
ok  	github.com/docker/docker/errdefs	0.002s	coverage: 76.0% of statements
ok  	github.com/docker/docker/image	0.016s	coverage: 86.3% of statements
ok  	github.com/docker/docker/image/cache	0.006s	coverage: 19.2% of statements
?   	github.com/docker/docker/image/tarexport	[no test files]
ok  	github.com/docker/docker/image/v1	0.006s	coverage: 25.0% of statements
ok  	github.com/docker/docker/internal/procfs	0.002s	coverage: 78.4% of statements
?   	github.com/docker/docker/internal/test	[no test files]
?   	github.com/docker/docker/internal/test/daemon	[no test files]
?   	github.com/docker/docker/internal/test/environment	[no test files]
?   	github.com/docker/docker/internal/test/fakecontext	[no test files]
?   	github.com/docker/docker/internal/test/fakegit	[no test files]
?   	github.com/docker/docker/internal/test/fakestorage	[no test files]
?   	github.com/docker/docker/internal/test/fixtures/load	[no test files]
?   	github.com/docker/docker/internal/test/fixtures/plugin	[no test files]
?   	github.com/docker/docker/internal/test/fixtures/plugin/basic	[no test files]
?   	github.com/docker/docker/internal/test/registry	[no test files]
?   	github.com/docker/docker/internal/test/request	[no test files]
ok  	github.com/docker/docker/internal/testutil	0.002s	coverage: 62.5% of statements
ok  	github.com/docker/docker/layer	7.580s	coverage: 71.4% of statements
ok  	github.com/docker/docker/libcontainerd	0.028s	coverage: 3.4% of statements
?   	github.com/docker/docker/libcontainerd/supervisor	[no test files]
?   	github.com/docker/docker/oci	[no test files]
?   	github.com/docker/docker/oci/caps	[no test files]
ok  	github.com/docker/docker/opts	0.017s	coverage: 68.4% of statements
ok  	github.com/docker/docker/pkg/aaparser	0.003s	coverage: 50.0% of statements
ok  	github.com/docker/docker/pkg/archive	0.401s	coverage: 76.8% of statements
ok  	github.com/docker/docker/pkg/authorization	0.165s	coverage: 66.7% of statements
ok  	github.com/docker/docker/pkg/broadcaster	0.002s	coverage: 100.0% of statements
ok  	github.com/docker/docker/pkg/chrootarchive	2.792s	coverage: 37.0% of statements
?   	github.com/docker/docker/pkg/containerfs	[no test files]
?   	github.com/docker/docker/pkg/devicemapper	[no test files]
ok  	github.com/docker/docker/pkg/directory	0.003s	coverage: 80.0% of statements
ok  	github.com/docker/docker/pkg/discovery	0.005s	coverage: 58.3% of statements
ok  	github.com/docker/docker/pkg/discovery/file	0.005s	coverage: 97.6% of statements
ok  	github.com/docker/docker/pkg/discovery/kv	3.067s	coverage: 84.1% of statements
ok  	github.com/docker/docker/pkg/discovery/memory	0.003s	coverage: 92.3% of statements
ok  	github.com/docker/docker/pkg/discovery/nodes	0.003s	coverage: 93.8% of statements
ok  	github.com/docker/docker/pkg/dmesg	0.003s	coverage: 83.3% of statements
ok  	github.com/docker/docker/pkg/filenotify	0.603s	coverage: 66.3% of statements
ok  	github.com/docker/docker/pkg/fileutils	0.005s	coverage: 89.5% of statements
ok  	github.com/docker/docker/pkg/fsutils	0.164s	coverage: 85.1% of statements
ok  	github.com/docker/docker/pkg/homedir	0.003s	coverage: 41.7% of statements
ok  	github.com/docker/docker/pkg/idtools	0.321s	coverage: 70.2% of statements
ok  	github.com/docker/docker/pkg/ioutils	0.383s	coverage: 69.1% of statements
ok  	github.com/docker/docker/pkg/jsonmessage	0.003s	coverage: 88.3% of statements
ok  	github.com/docker/docker/pkg/locker	0.012s	coverage: 88.9% of statements
ok  	github.com/docker/docker/pkg/longpath	0.002s	coverage: 100.0% of statements
?   	github.com/docker/docker/pkg/loopback	[no test files]
ok  	github.com/docker/docker/pkg/mount	0.486s	coverage: 68.6% of statements
ok  	github.com/docker/docker/pkg/namesgenerator	0.002s	coverage: 85.7% of statements
?   	github.com/docker/docker/pkg/namesgenerator/cmd/names-generator	[no test files]
ok  	github.com/docker/docker/pkg/parsers	0.002s	coverage: 97.0% of statements
ok  	github.com/docker/docker/pkg/parsers/kernel	0.002s	coverage: 60.0% of statements
ok  	github.com/docker/docker/pkg/parsers/operatingsystem	0.002s	coverage: 90.0% of statements
ok  	github.com/docker/docker/pkg/pidfile	0.002s	coverage: 82.4% of statements
?   	github.com/docker/docker/pkg/platform	[no test files]
?   	github.com/docker/docker/pkg/plugingetter	[no test files]
ok  	github.com/docker/docker/pkg/plugins	33.617s	coverage: 76.8% of statements
ok  	github.com/docker/docker/pkg/plugins/pluginrpc-gen	0.009s	coverage: 56.8% of statements
?   	github.com/docker/docker/pkg/plugins/pluginrpc-gen/fixtures	[no test files]
?   	github.com/docker/docker/pkg/plugins/pluginrpc-gen/fixtures/otherfixture	[no test files]
ok  	github.com/docker/docker/pkg/plugins/transport	0.003s	coverage: 85.7% of statements
ok  	github.com/docker/docker/pkg/pools	0.002s	coverage: 87.9% of statements
ok  	github.com/docker/docker/pkg/progress	0.002s	coverage: 75.9% of statements
ok  	github.com/docker/docker/pkg/pubsub	1.037s	coverage: 72.7% of statements
ok  	github.com/docker/docker/pkg/reexec	0.008s	coverage: 82.4% of statements
ok  	github.com/docker/docker/pkg/signal	2.384s	coverage: 61.0% of statements
?   	github.com/docker/docker/pkg/signal/testfiles	[no test files]
ok  	github.com/docker/docker/pkg/stdcopy	0.003s	coverage: 100.0% of statements
ok  	github.com/docker/docker/pkg/streamformatter	0.003s	coverage: 66.2% of statements
ok  	github.com/docker/docker/pkg/stringid	0.002s	coverage: 76.0% of statements
ok  	github.com/docker/docker/pkg/symlink	0.006s	coverage: 87.7% of statements
ok  	github.com/docker/docker/pkg/sysinfo	0.004s	coverage: 75.8% of statements
ok  	github.com/docker/docker/pkg/system	0.021s	coverage: 36.1% of statements
ok  	github.com/docker/docker/pkg/tailfile	0.016s	coverage: 88.6% of statements
ok  	github.com/docker/docker/pkg/tarsum	0.051s	coverage: 89.3% of statements
ok  	github.com/docker/docker/pkg/term	0.003s	coverage: 84.8% of statements
ok  	github.com/docker/docker/pkg/term/windows	0.002s	coverage: 0.0% of statements [no tests to run]
ok  	github.com/docker/docker/pkg/truncindex	0.102s	coverage: 91.5% of statements
ok  	github.com/docker/docker/pkg/urlutil	0.002s	coverage: 100.0% of statements
ok  	github.com/docker/docker/pkg/useragent	0.002s	coverage: 88.9% of statements
ok  	github.com/docker/docker/plugin	0.533s	coverage: 27.3% of statements
ok  	github.com/docker/docker/plugin/executor/containerd	0.007s	coverage: 33.3% of statements
ok  	github.com/docker/docker/plugin/v2	0.003s	coverage: 14.5% of statements
?   	github.com/docker/docker/profiles/apparmor	[no test files]
ok  	github.com/docker/docker/profiles/seccomp	0.005s	coverage: 79.4% of statements
ok  	github.com/docker/docker/reference	0.006s	coverage: 84.4% of statements
ok  	github.com/docker/docker/registry	0.105s	coverage: 57.0% of statements
ok  	github.com/docker/docker/registry/resumable	0.016s	coverage: 100.0% of statements
ok  	github.com/docker/docker/restartmanager	0.002s	coverage: 49.0% of statements
ok  	github.com/docker/docker/runconfig	0.007s	coverage: 68.2% of statements
?   	github.com/docker/docker/runconfig/opts	[no test files]
?   	github.com/docker/docker/volume	[no test files]
ok  	github.com/docker/docker/volume/drivers	0.005s	coverage: 36.1% of statements
ok  	github.com/docker/docker/volume/local	0.021s	coverage: 73.0% of statements
ok  	github.com/docker/docker/volume/mounts	0.025s	coverage: 66.8% of statements
ok  	github.com/docker/docker/volume/service	0.013s	coverage: 73.0% of statements
?   	github.com/docker/docker/volume/service/opts	[no test files]
?   	github.com/docker/docker/volume/testutils	[no test files]

  _____          _
 / ____|        | |
| |     ___   __| | ___  ___ _____   __
| |    / _ \ / _` |/ _ \/ __/ _ \ \ / /
| |___| (_) | (_| |  __/ (_| (_) \ V /
 \_____\___/ \__,_|\___|\___\___/ \_/
                              Bash-8a28df4


x> No CI provider detected.
    Testing inside Docker? http://docs.codecov.io/docs/testing-with-docker
    Testing with Tox? https://docs.codecov.io/docs/python#section-testing-with-tox
    project root: .
--> token set from env
    Yaml found at: codecov.yml
    -> Found 1 reports
==> Detecting git/mercurial file structure
==> Reading reports
    + coverage.txt bytes=1668854
==> Appending adjustments
    http://docs.codecov.io/docs/fixing-reports
    + Found adjustments
==> Gzipping contents
==> Uploading reports
    url: https://codecov.io
    query: branch=&commit=96fe57235f9421d6ccc29cc8de50eaa9581541ec&build=&build_url=&name=&tag=&slug=moby%2Fmoby&service=&flags=&pr=&job=
    -> Pinging Codecov
https://codecov.io/upload/v4?package=bash-8a28df4&token=e6d53b86-8efe-4b59-adb0-c205a735b39e&branch=&commit=96fe57235f9421d6ccc29cc8de50eaa9581541ec&build=&build_url=&name=&tag=&slug=moby%2Fmoby&service=&flags=&pr=&job=
    -> Uploading
    -> View reports at https://codecov.io/github/moby/moby/commit/96fe57235f9421d6ccc29cc8de50eaa9581541ec

Removing bundles/

---> Making bundle: binary-daemon (in bundles/binary-daemon)
Building: bundles/binary-daemon/dockerd-dev
Created binary: bundles/binary-daemon/dockerd-dev
Copying nested executables into bundles/binary-daemon

---> Making bundle: dynbinary (in bundles/dynbinary)
Building: bundles/dynbinary-daemon/dockerd-dev
Created binary: bundles/dynbinary-daemon/dockerd-dev

---> Making bundle: test-docker-py (in bundles/test-docker-py)
---> Making bundle: .integration-daemon-start (in bundles/test-docker-py)
Using test binary docker
/etc/init.d/apparmor: 130: /etc/init.d/apparmor: systemd-detect-virt: not found
Starting AppArmor profiles:Warning from stdin (line 1): /sbin/apparmor_parser: cannot use or update cache, disable, or force-complain via stdin
Warning failed to create cache: (null)
.
INFO: Waiting for daemon to start...
Starting dockerd
.
============================= test session starts ==============================
platform linux2 -- Python 2.7.13, pytest-4.1.0, py-1.7.0, pluggy-0.8.1
rootdir: /docker-py, inifile: pytest.ini
plugins: timeout-1.3.3, cov-2.6.1
collected 358 items

../../../../../docker-py/tests/integration/api_build_test.py .......s... [  3%]
.s..........X                                                            [  6%]
../../../../../docker-py/tests/integration/api_client_test.py .....      [  8%]
../../../../../docker-py/tests/integration/api_config_test.py .....      [  9%]
../../../../../docker-py/tests/integration/api_container_test.py ....x.. [ 11%]
..x.......x............................................................. [ 31%]
...                                                                      [ 32%]
../../../../../docker-py/tests/integration/api_exec_test.py ............ [ 35%]
...                                                                      [ 36%]
../../../../../docker-py/tests/integration/api_healthcheck_test.py ....  [ 37%]
../../../../../docker-py/tests/integration/api_image_test.py ...s....... [ 40%]
.s.....                                                                  [ 42%]
../../../../../docker-py/tests/integration/api_network_test.py ......... [ 45%]
..................                                                       [ 50%]
../../../../../docker-py/tests/integration/api_plugin_test.py .......... [ 53%]
.                                                                        [ 53%]
../../../../../docker-py/tests/integration/api_secret_test.py .....      [ 54%]
../../../../../docker-py/tests/integration/api_service_test.py ......... [ 57%]
...............................................                          [ 70%]
../../../../../docker-py/tests/integration/api_swarm_test.py ..s...x.... [ 73%]
..                                                                       [ 74%]
../../../../../docker-py/tests/integration/api_volume_test.py .........  [ 76%]
../../../../../docker-py/tests/integration/client_test.py .....          [ 77%]
../../../../../docker-py/tests/integration/errors_test.py .              [ 78%]
../../../../../docker-py/tests/integration/models_containers_test.py ... [ 79%]
.............................                                            [ 87%]
../../../../../docker-py/tests/integration/models_images_test.py ....... [ 89%]
........                                                                 [ 91%]
../../../../../docker-py/tests/integration/models_networks_test.py ....  [ 92%]
../../../../../docker-py/tests/integration/models_nodes_test.py .        [ 92%]
../../../../../docker-py/tests/integration/models_resources_test.py .    [ 93%]
../../../../../docker-py/tests/integration/models_services_test.py ..... [ 94%]
.........X.                                                              [ 97%]
../../../../../docker-py/tests/integration/models_swarm_test.py .        [ 97%]
../../../../../docker-py/tests/integration/models_volumes_test.py ..     [ 98%]
../../../../../docker-py/tests/integration/regression_test.py ......     [100%]

 generated xml file: /go/src/github.com/docker/docker/bundles/test-docker-py/results.xml 
=========================== short test summary info ============================
XFAIL ../../../../../docker-py/tests/integration/api_container_test.py::CreateContainerTest::test_create_with_cpu_rt_options
  CONFIG_RT_GROUP_SCHED isn't enabled
XFAIL ../../../../../docker-py/tests/integration/api_container_test.py::CreateContainerTest::test_create_with_init_path
  init-path removed in 17.05.0
XFAIL ../../../../../docker-py/tests/integration/api_container_test.py::CreateContainerTest::test_create_with_storage_opt
  Not supported on most drivers
XFAIL ../../../../../docker-py/tests/integration/api_swarm_test.py::SwarmTest::test_init_swarm_with_log_driver
  This doesn't seem to be taken into account by the engine
SKIP [3] /docker-py/tests/helpers.py:71: Feature requires Docker Engine experimental mode
SKIP [1] tests/integration/api_image_test.py:290: Doesn't work inside a container - FIXME
SKIP [1] /docker-py/tests/integration/api_swarm_test.py:31: Test stalls the engine on 1.12.0
======== 347 passed, 5 skipped, 4 xfailed, 2 xpassed in 382.48 seconds =========
---> Making bundle: .integration-daemon-stop (in bundles/test-docker-py)
Clearing AppArmor profiles cache:.
All profile caches have been cleared, but no profiles have been unloaded.
Unloading profiles will leave already running processes permanently
unconfined, which can lead to unexpected situations.

To set a process to complain mode, use the command line tool
'aa-complain'. To really tear down all profiles, run the init script
with the 'teardown' option."

---> Making bundle: test-integration (in bundles/test-integration)
Building test suite binary ./integration-cli/test.main
Building test suite binary ./integration/plugin/test.main
Building test suite binary ./integration/plugin/authz/test.main
Building test suite binary ./integration/plugin/logging/test.main
Building test suite binary ./integration/plugin/logging/cmd/test.main
Building test suite binary ./integration/plugin/logging/cmd/close_on_start/test.main
Building test suite binary ./integration/plugin/logging/cmd/dummy/test.main
Building test suite binary ./integration/plugin/common/test.main
Building test suite binary ./integration/plugin/volumes/test.main
Building test suite binary ./integration/plugin/volumes/cmd/test.main
Building test suite binary ./integration/plugin/volumes/cmd/dummy/test.main
Building test suite binary ./integration/plugin/graphdriver/test.main
Building test suite binary ./integration/config/test.main
Building test suite binary ./integration/service/test.main
Building test suite binary ./integration/network/test.main
Building test suite binary ./integration/network/ipvlan/test.main
Building test suite binary ./integration/network/macvlan/test.main
Building test suite binary ./integration/secret/test.main
Building test suite binary ./integration/session/test.main
Building test suite binary ./integration/container/test.main
Building test suite binary ./integration/build/test.main
Building test suite binary ./integration/volume/test.main
Building test suite binary ./integration/system/test.main
Building test suite binary ./integration/image/test.main
---> Making bundle: .integration-daemon-start (in bundles/test-integration)
Using test binary docker
/etc/init.d/apparmor: 130: /etc/init.d/apparmor: systemd-detect-virt: not found
Starting AppArmor profiles:Warning from stdin (line 1): /sbin/apparmor_parser: cannot use or update cache, disable, or force-complain via stdin
Warning failed to create cache: (null)
.
INFO: Waiting for daemon to start...
Starting dockerd
.
---> Making bundle: .integration-daemon-setup (in bundles/test-integration)
---> Making bundle: .ensure-emptyfs (in bundles/test-integration)
Error: No such image: emptyfs
Running integration-test (iteration 1)
Running /go/src/github.com/docker/docker/integration/plugin
testing: warning: no tests to run
PASS
Running /go/src/github.com/docker/docker/integration/plugin/authz
Loaded image: buildpack-deps:jessie
The image busybox:latest already exists, renaming the old one with ID sha256:3a093384ac306cbac30b67f1585e12b30ab1a899374dabc3170b9bca246f1444 to empty string
Loaded image: busybox:latest
Loaded image: busybox:glibc
Loaded image: debian:jessie
The image hello-world:latest already exists, renaming the old one with ID sha256:fce289e99eb9bca977dae136fbe2a82b6b7d4c372474c9235adc1741675f587e to empty string
Loaded image: hello-world:latest
INFO: Testing against a local daemon
=== RUN   TestAuthZPluginAllowRequest
--- PASS: TestAuthZPluginAllowRequest (2.95s)
    daemon.go:296: [d22430159a4e9] waiting for daemon to start
    daemon.go:328: [d22430159a4e9] daemon started
    daemon.go:283: [d22430159a4e9] exiting daemon
=== RUN   TestAuthZPluginTLS
--- PASS: TestAuthZPluginTLS (0.55s)
    daemon.go:296: [d6b108810f836] waiting for daemon to start
    daemon.go:328: [d6b108810f836] daemon started
    daemon.go:283: [d6b108810f836] exiting daemon
=== RUN   TestAuthZPluginDenyRequest
--- PASS: TestAuthZPluginDenyRequest (0.53s)
    daemon.go:296: [dbe622a9befc1] waiting for daemon to start
    daemon.go:328: [dbe622a9befc1] daemon started
    daemon.go:283: [dbe622a9befc1] exiting daemon
=== RUN   TestAuthZPluginAPIDenyResponse
--- PASS: TestAuthZPluginAPIDenyResponse (0.53s)
    daemon.go:296: [d9e668ac5dc8c] waiting for daemon to start
    daemon.go:328: [d9e668ac5dc8c] daemon started
    daemon.go:283: [d9e668ac5dc8c] exiting daemon
=== RUN   TestAuthZPluginDenyResponse
--- PASS: TestAuthZPluginDenyResponse (0.53s)
    daemon.go:296: [d8329bdd0bf96] waiting for daemon to start
    daemon.go:328: [d8329bdd0bf96] daemon started
    daemon.go:283: [d8329bdd0bf96] exiting daemon
=== RUN   TestAuthZPluginAllowEventStream
--- PASS: TestAuthZPluginAllowEventStream (5.77s)
    daemon.go:296: [dbba99303def7] waiting for daemon to start
    daemon.go:328: [dbba99303def7] daemon started
    daemon.go:283: [dbba99303def7] exiting daemon
=== RUN   TestAuthZPluginErrorResponse
--- PASS: TestAuthZPluginErrorResponse (3.76s)
    daemon.go:296: [da7b83a090961] waiting for daemon to start
    daemon.go:328: [da7b83a090961] daemon started
    daemon.go:283: [da7b83a090961] exiting daemon
=== RUN   TestAuthZPluginErrorRequest
--- PASS: TestAuthZPluginErrorRequest (0.99s)
    daemon.go:296: [d7e8f456b5b9b] waiting for daemon to start
    daemon.go:328: [d7e8f456b5b9b] daemon started
    daemon.go:283: [d7e8f456b5b9b] exiting daemon
=== RUN   TestAuthZPluginEnsureNoDuplicatePluginRegistration
--- PASS: TestAuthZPluginEnsureNoDuplicatePluginRegistration (0.53s)
    daemon.go:296: [d14a4d60170be] waiting for daemon to start
    daemon.go:328: [d14a4d60170be] daemon started
    daemon.go:283: [d14a4d60170be] exiting daemon
=== RUN   TestAuthZPluginEnsureLoadImportWorking
--- PASS: TestAuthZPluginEnsureLoadImportWorking (1.45s)
    daemon.go:296: [dbcbc9f4513a7] waiting for daemon to start
    daemon.go:328: [dbcbc9f4513a7] daemon started
    daemon.go:283: [dbcbc9f4513a7] exiting daemon
=== RUN   TestAuthzPluginEnsureContainerCopyToFrom
--- PASS: TestAuthzPluginEnsureContainerCopyToFrom (1.45s)
    daemon.go:296: [de620b6b1e80c] waiting for daemon to start
    daemon.go:328: [de620b6b1e80c] daemon started
    daemon.go:283: [de620b6b1e80c] exiting daemon
=== RUN   TestAuthZPluginHeader
--- PASS: TestAuthZPluginHeader (0.73s)
    daemon.go:296: [d844886db8be1] waiting for daemon to start
    daemon.go:328: [d844886db8be1] daemon started
    daemon.go:283: [d844886db8be1] exiting daemon
=== RUN   TestAuthZPluginV2AllowNonVolumeRequest
--- PASS: TestAuthZPluginV2AllowNonVolumeRequest (6.70s)
    daemon.go:296: [d62e9a6b9e1dc] waiting for daemon to start
    daemon.go:328: [d62e9a6b9e1dc] daemon started
    daemon.go:283: [d62e9a6b9e1dc] exiting daemon
    daemon.go:296: [d62e9a6b9e1dc] waiting for daemon to start
    daemon.go:328: [d62e9a6b9e1dc] daemon started
    daemon.go:283: [d62e9a6b9e1dc] exiting daemon
=== RUN   TestAuthZPluginV2Disable
--- PASS: TestAuthZPluginV2Disable (5.91s)
    daemon.go:296: [d1428ecc0b05e] waiting for daemon to start
    daemon.go:328: [d1428ecc0b05e] daemon started
    daemon.go:283: [d1428ecc0b05e] exiting daemon
    daemon.go:296: [d1428ecc0b05e] waiting for daemon to start
    daemon.go:328: [d1428ecc0b05e] daemon started
    daemon.go:283: [d1428ecc0b05e] exiting daemon
=== RUN   TestAuthZPluginV2RejectVolumeRequests
--- PASS: TestAuthZPluginV2RejectVolumeRequests (5.64s)
    daemon.go:296: [dffda38d049a2] waiting for daemon to start
    daemon.go:328: [dffda38d049a2] daemon started
    daemon.go:283: [dffda38d049a2] exiting daemon
    daemon.go:296: [dffda38d049a2] waiting for daemon to start
    daemon.go:328: [dffda38d049a2] daemon started
    daemon.go:283: [dffda38d049a2] exiting daemon
=== RUN   TestAuthZPluginV2BadManifestFailsDaemonStart
--- PASS: TestAuthZPluginV2BadManifestFailsDaemonStart (13.61s)
    daemon.go:296: [d73d63447af4d] waiting for daemon to start
    daemon.go:328: [d73d63447af4d] daemon started
    daemon.go:283: [d73d63447af4d] exiting daemon
    daemon.go:296: [d73d63447af4d] waiting for daemon to start
    daemon.go:296: [d73d63447af4d] waiting for daemon to start
    daemon.go:283: [d73d63447af4d] exiting daemon
    daemon.go:296: [d73d63447af4d] waiting for daemon to start
    daemon.go:328: [d73d63447af4d] daemon started
    daemon.go:283: [d73d63447af4d] exiting daemon
=== RUN   TestAuthZPluginV2NonexistentFailsDaemonStart
--- PASS: TestAuthZPluginV2NonexistentFailsDaemonStart (16.51s)
    daemon.go:296: [d2b4364e43040] waiting for daemon to start
    daemon.go:328: [d2b4364e43040] daemon started
    daemon.go:283: [d2b4364e43040] exiting daemon
    daemon.go:296: [d2b4364e43040] waiting for daemon to start
    daemon.go:296: [d2b4364e43040] waiting for daemon to start
    daemon.go:296: [d2b4364e43040] waiting for daemon to start
    daemon.go:328: [d2b4364e43040] daemon started
    daemon.go:283: [d2b4364e43040] exiting daemon
PASS
Running /go/src/github.com/docker/docker/integration/plugin/logging
INFO: Testing against a local daemon
=== RUN   TestContinueAfterPluginCrash
=== PAUSE TestContinueAfterPluginCrash
=== RUN   TestDaemonStartWithLogOpt
=== PAUSE TestDaemonStartWithLogOpt
=== CONT  TestContinueAfterPluginCrash
=== CONT  TestDaemonStartWithLogOpt
--- PASS: TestDaemonStartWithLogOpt (13.87s)
    daemon.go:296: [d88ce3c10ef0e] waiting for daemon to start
    daemon.go:328: [d88ce3c10ef0e] daemon started
    daemon.go:283: [d88ce3c10ef0e] exiting daemon
    daemon.go:296: [d88ce3c10ef0e] waiting for daemon to start
    daemon.go:328: [d88ce3c10ef0e] daemon started
    daemon.go:283: [d88ce3c10ef0e] exiting daemon
--- PASS: TestContinueAfterPluginCrash (19.26s)
    daemon.go:296: [d0581f0db9c36] waiting for daemon to start
    daemon.go:328: [d0581f0db9c36] daemon started
    daemon.go:283: [d0581f0db9c36] exiting daemon
PASS
Running /go/src/github.com/docker/docker/integration/plugin/logging/cmd
testing: warning: no tests to run
PASS
Running /go/src/github.com/docker/docker/integration/plugin/logging/cmd/close_on_start
testing: warning: no tests to run
PASS
Running /go/src/github.com/docker/docker/integration/plugin/logging/cmd/dummy
testing: warning: no tests to run
PASS
Running /go/src/github.com/docker/docker/integration/plugin/common
INFO: Testing against a local daemon
=== RUN   TestPluginInvalidJSON
=== RUN   TestPluginInvalidJSON//plugins/foobar/set
=== PAUSE TestPluginInvalidJSON//plugins/foobar/set
=== CONT  TestPluginInvalidJSON//plugins/foobar/set
--- PASS: TestPluginInvalidJSON (0.02s)
    --- PASS: TestPluginInvalidJSON//plugins/foobar/set (0.00s)
PASS
Running /go/src/github.com/docker/docker/integration/plugin/volumes
INFO: Testing against a local daemon
=== RUN   TestPluginWithDevMounts
=== PAUSE TestPluginWithDevMounts
=== CONT  TestPluginWithDevMounts
--- PASS: TestPluginWithDevMounts (1.75s)
    daemon.go:296: [d674858cadce1] waiting for daemon to start
    daemon.go:328: [d674858cadce1] daemon started
    daemon.go:283: [d674858cadce1] exiting daemon
PASS
Running /go/src/github.com/docker/docker/integration/plugin/volumes/cmd
testing: warning: no tests to run
PASS
Running /go/src/github.com/docker/docker/integration/plugin/volumes/cmd/dummy
testing: warning: no tests to run
PASS
Running /go/src/github.com/docker/docker/integration/plugin/graphdriver
INFO: Testing against a local daemon
=== RUN   TestExternalGraphDriver
=== RUN   TestExternalGraphDriver/json
=== RUN   TestExternalGraphDriver/spec
=== RUN   TestExternalGraphDriver/pull
--- PASS: TestExternalGraphDriver (6.95s)
    daemon.go:296: [d39f94297587a] waiting for daemon to start
    daemon.go:328: [d39f94297587a] daemon started
    daemon.go:283: [d39f94297587a] exiting daemon
    daemon.go:296: [d39f94297587a] waiting for daemon to start
    daemon.go:328: [d39f94297587a] daemon started
    daemon.go:283: [d39f94297587a] exiting daemon
    --- PASS: TestExternalGraphDriver/json (1.75s)
    daemon.go:296: [d39f94297587a] waiting for daemon to start
    daemon.go:328: [d39f94297587a] daemon started
    daemon.go:283: [d39f94297587a] exiting daemon
    daemon.go:296: [d39f94297587a] waiting for daemon to start
    daemon.go:328: [d39f94297587a] daemon started
    daemon.go:283: [d39f94297587a] exiting daemon
    --- PASS: TestExternalGraphDriver/spec (1.69s)
    daemon.go:296: [d39f94297587a] waiting for daemon to start
    daemon.go:328: [d39f94297587a] daemon started
    daemon.go:283: [d39f94297587a] exiting daemon
    --- PASS: TestExternalGraphDriver/pull (3.03s)
=== RUN   TestGraphdriverPluginV2
--- PASS: TestGraphdriverPluginV2 (6.42s)
    daemon.go:296: [db2d0e4834495] waiting for daemon to start
    daemon.go:328: [db2d0e4834495] daemon started
    daemon.go:283: [db2d0e4834495] exiting daemon
    daemon.go:296: [db2d0e4834495] waiting for daemon to start
    daemon.go:328: [db2d0e4834495] daemon started
    daemon.go:283: [db2d0e4834495] exiting daemon
PASS
Running /go/src/github.com/docker/docker/integration/config
INFO: Testing against a local daemon
=== RUN   TestConfigList
--- PASS: TestConfigList (2.09s)
    daemon.go:296: [d0e36ea7e3c60] waiting for daemon to start
    daemon.go:328: [d0e36ea7e3c60] daemon started
    daemon.go:283: [d0e36ea7e3c60] exiting daemon
=== RUN   TestConfigsCreateAndDelete
--- PASS: TestConfigsCreateAndDelete (2.10s)
    daemon.go:296: [d8348101c6196] waiting for daemon to start
    daemon.go:328: [d8348101c6196] daemon started
    daemon.go:283: [d8348101c6196] exiting daemon
=== RUN   TestConfigsUpdate
--- PASS: TestConfigsUpdate (2.17s)
    daemon.go:296: [d54e35a604e4d] waiting for daemon to start
    daemon.go:328: [d54e35a604e4d] daemon started
    daemon.go:283: [d54e35a604e4d] exiting daemon
=== RUN   TestTemplatedConfig
--- PASS: TestTemplatedConfig (2.52s)
    daemon.go:296: [d240167b43b72] waiting for daemon to start
    daemon.go:328: [d240167b43b72] daemon started
    daemon.go:283: [d240167b43b72] exiting daemon
=== RUN   TestConfigInspect
--- PASS: TestConfigInspect (2.08s)
    daemon.go:296: [de7b5a0fafb6c] waiting for daemon to start
    daemon.go:328: [de7b5a0fafb6c] daemon started
    daemon.go:283: [de7b5a0fafb6c] exiting daemon
=== RUN   TestConfigCreateWithLabels
--- PASS: TestConfigCreateWithLabels (2.11s)
    daemon.go:296: [d80a6283f1819] waiting for daemon to start
    daemon.go:328: [d80a6283f1819] daemon started
    daemon.go:283: [d80a6283f1819] exiting daemon
=== RUN   TestConfigCreateResolve
--- PASS: TestConfigCreateResolve (2.09s)
    daemon.go:296: [d6fccd1582eb9] waiting for daemon to start
    daemon.go:328: [d6fccd1582eb9] daemon started
    daemon.go:283: [d6fccd1582eb9] exiting daemon
PASS
Running /go/src/github.com/docker/docker/integration/service
INFO: Testing against a local daemon
=== RUN   TestServiceCreateInit
=== RUN   TestServiceCreateInit/daemonInitDisabled
=== RUN   TestServiceCreateInit/daemonInitEnabled
--- PASS: TestServiceCreateInit (7.86s)
    --- PASS: TestServiceCreateInit/daemonInitDisabled (3.93s)
        daemon.go:296: [deda3c002f2f6] waiting for daemon to start
        daemon.go:328: [deda3c002f2f6] daemon started
        daemon.go:283: [deda3c002f2f6] exiting daemon
    --- PASS: TestServiceCreateInit/daemonInitEnabled (3.91s)
        daemon.go:296: [dffd0f79d1a66] waiting for daemon to start
        daemon.go:328: [dffd0f79d1a66] daemon started
        daemon.go:283: [dffd0f79d1a66] exiting daemon
=== RUN   TestCreateServiceMultipleTimes
--- PASS: TestCreateServiceMultipleTimes (24.00s)
    daemon.go:296: [d3ac9ad22200a] waiting for daemon to start
    daemon.go:328: [d3ac9ad22200a] daemon started
    daemon.go:283: [d3ac9ad22200a] exiting daemon
=== RUN   TestCreateServiceConflict
--- PASS: TestCreateServiceConflict (2.08s)
    daemon.go:296: [d9f3d795d7aef] waiting for daemon to start
    daemon.go:328: [d9f3d795d7aef] daemon started
    daemon.go:283: [d9f3d795d7aef] exiting daemon
=== RUN   TestCreateServiceMaxReplicas
--- PASS: TestCreateServiceMaxReplicas (2.72s)
    daemon.go:296: [d16af98fd0819] waiting for daemon to start
    daemon.go:328: [d16af98fd0819] daemon started
    daemon.go:283: [d16af98fd0819] exiting daemon
=== RUN   TestCreateWithDuplicateNetworkNames
--- PASS: TestCreateWithDuplicateNetworkNames (13.04s)
    daemon.go:296: [d62d2dbd94b6d] waiting for daemon to start
    daemon.go:328: [d62d2dbd94b6d] daemon started
    daemon.go:283: [d62d2dbd94b6d] exiting daemon
=== RUN   TestCreateServiceSecretFileMode
--- PASS: TestCreateServiceSecretFileMode (2.58s)
    daemon.go:296: [d459c36a625ec] waiting for daemon to start
    daemon.go:328: [d459c36a625ec] daemon started
    daemon.go:283: [d459c36a625ec] exiting daemon
=== RUN   TestCreateServiceConfigFileMode
--- PASS: TestCreateServiceConfigFileMode (2.59s)
    daemon.go:296: [d086914a9aeca] waiting for daemon to start
    daemon.go:328: [d086914a9aeca] daemon started
    daemon.go:283: [d086914a9aeca] exiting daemon
=== RUN   TestCreateServiceSysctls
--- PASS: TestCreateServiceSysctls (3.26s)
    daemon.go:296: [dcd8ab52cd308] waiting for daemon to start
    daemon.go:328: [dcd8ab52cd308] daemon started
    daemon.go:283: [dcd8ab52cd308] exiting daemon
=== RUN   TestInspect
--- PASS: TestInspect (2.11s)
    daemon.go:296: [d6a4b13f950ad] waiting for daemon to start
    daemon.go:328: [d6a4b13f950ad] daemon started
    daemon.go:283: [d6a4b13f950ad] exiting daemon
=== RUN   TestDockerNetworkConnectAlias
--- PASS: TestDockerNetworkConnectAlias (3.96s)
    daemon.go:296: [d0f0ad095fffb] waiting for daemon to start
    daemon.go:328: [d0f0ad095fffb] daemon started
    daemon.go:283: [d0f0ad095fffb] exiting daemon
=== RUN   TestServicePlugin
--- PASS: TestServicePlugin (35.22s)
    daemon.go:296: [d563e2f4e9672] waiting for daemon to start
    daemon.go:328: [d563e2f4e9672] daemon started
    daemon.go:283: [d563e2f4e9672] exiting daemon
    daemon.go:296: [d120922abb7ad] waiting for daemon to start
    daemon.go:328: [d120922abb7ad] daemon started
    daemon.go:296: [dfa4cfcbaa5f8] waiting for daemon to start
    daemon.go:328: [dfa4cfcbaa5f8] daemon started
    daemon.go:296: [d8dd96926743d] waiting for daemon to start
    daemon.go:328: [d8dd96926743d] daemon started
    daemon.go:283: [d8dd96926743d] exiting daemon
    daemon.go:283: [dfa4cfcbaa5f8] exiting daemon
    daemon.go:283: [d120922abb7ad] exiting daemon
=== RUN   TestServiceUpdateLabel
--- PASS: TestServiceUpdateLabel (2.05s)
    daemon.go:296: [d515e4beba9d6] waiting for daemon to start
    daemon.go:328: [d515e4beba9d6] daemon started
    daemon.go:283: [d515e4beba9d6] exiting daemon
=== RUN   TestServiceUpdateSecrets
--- PASS: TestServiceUpdateSecrets (14.50s)
    daemon.go:296: [dacb8b4a29be5] waiting for daemon to start
    daemon.go:328: [dacb8b4a29be5] daemon started
    daemon.go:283: [dacb8b4a29be5] exiting daemon
=== RUN   TestServiceUpdateConfigs
--- PASS: TestServiceUpdateConfigs (14.49s)
    daemon.go:296: [d2a3fd91a3ea6] waiting for daemon to start
    daemon.go:328: [d2a3fd91a3ea6] daemon started
    daemon.go:283: [d2a3fd91a3ea6] exiting daemon
PASS
Running /go/src/github.com/docker/docker/integration/network
INFO: Testing against a local daemon
=== RUN   TestNetworkCreateDelete
--- PASS: TestNetworkCreateDelete (0.11s)
=== RUN   TestDockerNetworkDeletePreferID
--- PASS: TestDockerNetworkDeletePreferID (0.28s)
=== RUN   TestInspectNetwork
--- PASS: TestInspectNetwork (24.25s)
    daemon.go:296: [dcd17fd902abd] waiting for daemon to start
    daemon.go:328: [dcd17fd902abd] daemon started
    daemon.go:283: [dcd17fd902abd] exiting daemon
=== RUN   TestRunContainerWithBridgeNone
--- PASS: TestRunContainerWithBridgeNone (2.04s)
    daemon.go:296: [de7633115e137] waiting for daemon to start
    daemon.go:328: [de7633115e137] daemon started
    daemon.go:283: [de7633115e137] exiting daemon
=== RUN   TestNetworkInvalidJSON
=== RUN   TestNetworkInvalidJSON//networks/create
=== PAUSE TestNetworkInvalidJSON//networks/create
=== RUN   TestNetworkInvalidJSON//networks/bridge/connect
=== PAUSE TestNetworkInvalidJSON//networks/bridge/connect
=== RUN   TestNetworkInvalidJSON//networks/bridge/disconnect
=== PAUSE TestNetworkInvalidJSON//networks/bridge/disconnect
=== CONT  TestNetworkInvalidJSON//networks/create
=== CONT  TestNetworkInvalidJSON//networks/bridge/disconnect
=== CONT  TestNetworkInvalidJSON//networks/bridge/connect
--- PASS: TestNetworkInvalidJSON (0.02s)
    --- PASS: TestNetworkInvalidJSON//networks/bridge/disconnect (0.00s)
    --- PASS: TestNetworkInvalidJSON//networks/create (0.00s)
    --- PASS: TestNetworkInvalidJSON//networks/bridge/connect (0.00s)
=== RUN   TestDaemonRestartWithLiveRestore
--- PASS: TestDaemonRestartWithLiveRestore (1.03s)
    daemon.go:296: [d3a3ed27034e8] waiting for daemon to start
    daemon.go:328: [d3a3ed27034e8] daemon started
    daemon.go:283: [d3a3ed27034e8] exiting daemon
    daemon.go:296: [d3a3ed27034e8] waiting for daemon to start
    daemon.go:328: [d3a3ed27034e8] daemon started
    daemon.go:283: [d3a3ed27034e8] exiting daemon
=== RUN   TestDaemonDefaultNetworkPools
--- PASS: TestDaemonDefaultNetworkPools (0.65s)
    daemon.go:296: [dd81e3c14a75b] waiting for daemon to start
    daemon.go:328: [dd81e3c14a75b] daemon started
    daemon.go:283: [dd81e3c14a75b] exiting daemon
=== RUN   TestDaemonRestartWithExistingNetwork
--- PASS: TestDaemonRestartWithExistingNetwork (1.10s)
    daemon.go:296: [d79f3f3e7209e] waiting for daemon to start
    daemon.go:328: [d79f3f3e7209e] daemon started
    daemon.go:283: [d79f3f3e7209e] exiting daemon
    daemon.go:296: [d79f3f3e7209e] waiting for daemon to start
    daemon.go:328: [d79f3f3e7209e] daemon started
    daemon.go:283: [d79f3f3e7209e] exiting daemon
=== RUN   TestDaemonRestartWithExistingNetworkWithDefaultPoolRange
--- PASS: TestDaemonRestartWithExistingNetworkWithDefaultPoolRange (1.17s)
    daemon.go:296: [d55f6342a9958] waiting for daemon to start
    daemon.go:328: [d55f6342a9958] daemon started
    daemon.go:283: [d55f6342a9958] exiting daemon
    daemon.go:296: [d55f6342a9958] waiting for daemon to start
    daemon.go:328: [d55f6342a9958] daemon started
    daemon.go:283: [d55f6342a9958] exiting daemon
=== RUN   TestDaemonWithBipAndDefaultNetworkPool
--- PASS: TestDaemonWithBipAndDefaultNetworkPool (0.55s)
    daemon.go:296: [dcd4f9ca28a65] waiting for daemon to start
    daemon.go:328: [dcd4f9ca28a65] daemon started
    daemon.go:283: [dcd4f9ca28a65] exiting daemon
=== RUN   TestServiceWithPredefinedNetwork
--- PASS: TestServiceWithPredefinedNetwork (2.13s)
    daemon.go:296: [d98fdfd82bd3e] waiting for daemon to start
    daemon.go:328: [d98fdfd82bd3e] daemon started
    daemon.go:283: [d98fdfd82bd3e] exiting daemon
=== RUN   TestServiceRemoveKeepsIngressNetwork
--- PASS: TestServiceRemoveKeepsIngressNetwork (12.13s)
    daemon.go:296: [d639af4602868] waiting for daemon to start
    daemon.go:328: [d639af4602868] daemon started
    daemon.go:283: [d639af4602868] exiting daemon
=== RUN   TestServiceWithDataPathPortInit
--- PASS: TestServiceWithDataPathPortInit (4.12s)
    daemon.go:296: [d7d16f1d75803] waiting for daemon to start
    daemon.go:328: [d7d16f1d75803] daemon started
    daemon.go:283: [d7d16f1d75803] exiting daemon
    daemon.go:296: [d919b5a385700] waiting for daemon to start
    daemon.go:328: [d919b5a385700] daemon started
    daemon.go:283: [d919b5a385700] exiting daemon
=== RUN   TestServiceWithDefaultAddressPoolInit
--- FAIL: TestServiceWithDefaultAddressPoolInit (1.39s)
    daemon.go:296: [d904e84ea4acf] waiting for daemon to start
    daemon.go:328: [d904e84ea4acf] daemon started
    service_test.go:420: TestServiceWithDefaultAddressPoolInit: NetworkInspect: {Name:saanvisthiraTestServiceWithDefaultAddressPoolInit ID:z7r6qfez3bmgurxj1a14eit3e Created:2019-01-09 23:24:11.6205878 +0000 UTC Scope:swarm Driver: EnableIPv6:false IPAM:{Driver: Options:map[] Config:[]} Internal:false Attachable:false Ingress:false ConfigFrom:{Network:} ConfigOnly:false Containers:map[] Options:map[] Labels:map[] Peers:[] Services:map[]}
    service_test.go:421: assertion failed: expression is false: len(out.IPAM.Config) > 0
FAIL
---> Making bundle: .integration-daemon-stop (in bundles/test-integration)
/go/src/github.com/docker/docker/hack/make/.integration-daemon-stop: line 10: wait: pid 13198 is not a child of this shell
warning: PID 13198 from bundles/test-integration/d904e84ea4acf/docker.pid had a nonzero exit code
Clearing AppArmor profiles cache:.
All profile caches have been cleared, but no profiles have been unloaded.
Unloading profiles will leave already running processes permanently
unconfined, which can lead to unexpected situations.

To set a process to complain mode, use the command line tool
'aa-complain'. To really tear down all profiles, run the init script
with the 'teardown' option."
Removing test suite binaries
Build step 'Execute shell' marked build as failure
Set build name.
New build name is '#38524'
[PostBuildScript] - Executing post build scripts.
[Docker-PRs] $ /bin/sh -xe /tmp/jenkins2292160117713147239.sh
+ echo Ensuring container killed.
Ensuring container killed.
+ docker rm -vf docker-pr52483
Error: No such container: docker-pr52483
+ true
+ echo Chowning /workspace to jenkins user
Chowning /workspace to jenkins user
+ id -u
+ id -g
+ docker run --rm -v /home/ubuntu/workspace/Docker-PRs:/workspace busybox chown -R 1000:1000 /workspace
[Docker-PRs] $ /bin/sh -xe /tmp/jenkins5803643116782430626.sh
+ echo Creating bundles.tar.gz
Creating bundles.tar.gz
+ find bundles -name *.log -o -name *.prof -o -name integration.test
+ xargs tar -czf bundles.tar.gz
Archiving artifacts
Notifying endpoint with url 'https://leeroy.dockerproject.org/notification/jenkins'
[WS-CLEANUP] Deleting project workspace...[WS-CLEANUP] done
Finished: FAILURE
