Started by user Gordon
Notifying endpoint with url 'https://leeroy.dockerproject.org/notification/jenkins'
[EnvInject] - Loading node environment variables.
Building remotely on ubuntu-1604-aufs-stable (i-00f0d67bd85b448a2) (docker-edge ubuntu aufs docker-stable docker ubuntu-1604-aufs-edge x86_64 ec2 linux ubuntu-1604-aufs ubuntu-1604 amd64 ubuntu-1604-aufs-stable us-west-2) in workspace /home/ubuntu/workspace/Docker-PRs-experimental
Wiping out workspace first.
Cloning the remote Git repository
Cloning repository https://github.com/moby/moby.git
 > git init /home/ubuntu/workspace/Docker-PRs-experimental # timeout=10
Fetching upstream changes from https://github.com/moby/moby.git
 > git --version # timeout=10
 > git fetch --tags --progress https://github.com/moby/moby.git +refs/heads/*:refs/remotes/origin/*
 > git config remote.origin.url https://github.com/moby/moby.git # timeout=10
 > git config --add remote.origin.fetch +refs/heads/*:refs/remotes/origin/* # timeout=10
 > git config remote.origin.url https://github.com/moby/moby.git # timeout=10
Fetching upstream changes from https://github.com/moby/moby.git
 > git fetch --tags --progress https://github.com/moby/moby.git +refs/heads/*:refs/remotes/origin/*
 > git rev-parse origin/master^{commit} # timeout=10
Checking out Revision e0e9942dc5466884e7b2ef5c509a9dab33c4a01a (origin/master)
 > git config core.sparsecheckout # timeout=10
 > git checkout -f e0e9942dc5466884e7b2ef5c509a9dab33c4a01a
Commit message: "Merge pull request #38419 from thaJeztah/fix_nuke_everything"
 > git rev-list --no-walk e0e9942dc5466884e7b2ef5c509a9dab33c4a01a # timeout=10
Set build name.
New build name is '#38452'
[Docker-PRs-experimental] $ /bin/bash /tmp/jenkins752907944467647095.sh
From https://github.com/moby/moby
 * [new ref]         refs/pull/38452/head -> origin/pr/38452
Updating e0e9942..8611c9b
Fast-forward
 Dockerfile                               |   5 +-
 daemon/checkpoint.go                     |  11 +-
 integration/container/checkpoint_test.go | 182 +++++++++++++++++++++++++++++++
 3 files changed, 187 insertions(+), 11 deletions(-)
 create mode 100644 integration/container/checkpoint_test.go
Sending build context to Docker daemon   45.1MB
Step 1/94 : FROM golang:1.11.4 AS base
 ---> 343df9d12b7b
Step 2/94 : ARG APT_MIRROR=deb.debian.org
 ---> Using cache
 ---> b3c27ea27d57
Step 3/94 : RUN sed -ri "s/(httpredir|deb).debian.org/$APT_MIRROR/g" /etc/apt/sources.list
 ---> Using cache
 ---> 9392bd224a0c
Step 4/94 : FROM base AS criu
 ---> 9392bd224a0c
Step 5/94 : ENV CRIU_VERSION 3.11
 ---> Using cache
 ---> cc1070f0e86c
Step 6/94 : RUN apt-get update && apt-get install -y 	libnet-dev 	libprotobuf-c0-dev 	libprotobuf-dev 	libnl-3-dev 	libcap-dev 	protobuf-compiler 	protobuf-c-compiler 	python-protobuf 	&& mkdir -p /usr/src/criu 	&& curl -sSL https://github.com/checkpoint-restore/criu/archive/v${CRIU_VERSION}.tar.gz | tar -C /usr/src/criu/ -xz --strip-components=1 	&& cd /usr/src/criu 	&& make 	&& make PREFIX=/build/ install-criu
 ---> Using cache
 ---> 4b95e90a2616
Step 7/94 : FROM base AS registry
 ---> 9392bd224a0c
Step 8/94 : ENV REGISTRY_COMMIT_SCHEMA1 ec87e9b6971d831f0eff752ddb54fb64693e51cd
 ---> Using cache
 ---> b64642c4f414
Step 9/94 : ENV REGISTRY_COMMIT 47a064d4195a9b56133891bbb13620c3ac83a827
 ---> Using cache
 ---> 3dbb12c18c41
Step 10/94 : RUN set -x 	&& export GOPATH="$(mktemp -d)" 	&& git clone https://github.com/docker/distribution.git "$GOPATH/src/github.com/docker/distribution" 	&& (cd "$GOPATH/src/github.com/docker/distribution" && git checkout -q "$REGISTRY_COMMIT") 	&& GOPATH="$GOPATH/src/github.com/docker/distribution/Godeps/_workspace:$GOPATH" 		go build -buildmode=pie -o /build/registry-v2 github.com/docker/distribution/cmd/registry 	&& case $(dpkg --print-architecture) in 		amd64|ppc64*|s390x) 		(cd "$GOPATH/src/github.com/docker/distribution" && git checkout -q "$REGISTRY_COMMIT_SCHEMA1"); 		GOPATH="$GOPATH/src/github.com/docker/distribution/Godeps/_workspace:$GOPATH"; 			go build -buildmode=pie -o /build/registry-v2-schema1 github.com/docker/distribution/cmd/registry; 		;; 	   esac 	&& rm -rf "$GOPATH"
 ---> Using cache
 ---> 4bd3ef16f6a5
Step 11/94 : FROM base AS docker-py
 ---> 9392bd224a0c
Step 12/94 : ENV DOCKER_PY_COMMIT 8b246db271a85d6541dc458838627e89c683e42f
 ---> Using cache
 ---> 506cd00d8469
Step 13/94 : RUN git clone https://github.com/docker/docker-py.git /build 	&& cd /build 	&& git checkout -q $DOCKER_PY_COMMIT
 ---> Using cache
 ---> dd2963ca0daa
Step 14/94 : FROM base AS swagger
 ---> 9392bd224a0c
Step 15/94 : ENV GO_SWAGGER_COMMIT c28258affb0b6251755d92489ef685af8d4ff3eb
 ---> Using cache
 ---> 545514ea7b70
Step 16/94 : RUN set -x 	&& export GOPATH="$(mktemp -d)" 	&& git clone https://github.com/go-swagger/go-swagger.git "$GOPATH/src/github.com/go-swagger/go-swagger" 	&& (cd "$GOPATH/src/github.com/go-swagger/go-swagger" && git checkout -q "$GO_SWAGGER_COMMIT") 	&& go build -o /build/swagger github.com/go-swagger/go-swagger/cmd/swagger 	&& rm -rf "$GOPATH"
 ---> Using cache
 ---> 9fe67fd5d139
Step 17/94 : FROM base AS frozen-images
 ---> 9392bd224a0c
Step 18/94 : RUN apt-get update && apt-get install -y jq ca-certificates --no-install-recommends
 ---> Using cache
 ---> b60d098af986
Step 19/94 : COPY contrib/download-frozen-image-v2.sh /
 ---> Using cache
 ---> 017e2f55bc05
Step 20/94 : RUN /download-frozen-image-v2.sh /build 	buildpack-deps:jessie@sha256:dd86dced7c9cd2a724e779730f0a53f93b7ef42228d4344b25ce9a42a1486251 	busybox:latest@sha256:bbc3a03235220b170ba48a157dd097dd1379299370e1ed99ce976df0355d24f0 	busybox:glibc@sha256:0b55a30394294ab23b9afd58fab94e61a923f5834fba7ddbae7f8e0c11ba85e6 	debian:jessie@sha256:287a20c5f73087ab406e6b364833e3fb7b3ae63ca0eb3486555dc27ed32c6e60 	hello-world:latest@sha256:be0cd392e45be79ffeffa6b05338b98ebb16c87b255f48e297ec7f98e123905c
 ---> Using cache
 ---> 994dc9e5eeee
Step 21/94 : FROM base AS runtime-dev
 ---> 9392bd224a0c
Step 22/94 : RUN apt-get update && apt-get install -y 	libapparmor-dev 	libseccomp-dev
 ---> Using cache
 ---> 1a2487717a77
Step 23/94 : FROM base AS tomlv
 ---> 9392bd224a0c
Step 24/94 : ENV INSTALL_BINARY_NAME=tomlv
 ---> Using cache
 ---> f03ad42dea2f
Step 25/94 : COPY hack/dockerfile/install/install.sh ./install.sh
 ---> Using cache
 ---> 374cccbb1616
Step 26/94 : COPY hack/dockerfile/install/$INSTALL_BINARY_NAME.installer ./
 ---> Using cache
 ---> 9987f7854746
Step 27/94 : RUN PREFIX=/build ./install.sh $INSTALL_BINARY_NAME
 ---> Using cache
 ---> 0ef5e1a334d3
Step 28/94 : FROM base AS vndr
 ---> 9392bd224a0c
Step 29/94 : ENV INSTALL_BINARY_NAME=vndr
 ---> Using cache
 ---> fce65856226c
Step 30/94 : COPY hack/dockerfile/install/install.sh ./install.sh
 ---> Using cache
 ---> 884baf2e7ce8
Step 31/94 : COPY hack/dockerfile/install/$INSTALL_BINARY_NAME.installer ./
 ---> Using cache
 ---> 5c4af818ba03
Step 32/94 : RUN PREFIX=/build ./install.sh $INSTALL_BINARY_NAME
 ---> Using cache
 ---> 935cf8ebef4c
Step 33/94 : FROM base AS containerd
 ---> 9392bd224a0c
Step 34/94 : RUN apt-get update && apt-get install -y btrfs-tools
 ---> Using cache
 ---> 93411a686077
Step 35/94 : ENV INSTALL_BINARY_NAME=containerd
 ---> Using cache
 ---> f07d5e540018
Step 36/94 : COPY hack/dockerfile/install/install.sh ./install.sh
 ---> Using cache
 ---> fe21990f2731
Step 37/94 : COPY hack/dockerfile/install/$INSTALL_BINARY_NAME.installer ./
 ---> Using cache
 ---> 8c28415734fd
Step 38/94 : RUN PREFIX=/build ./install.sh $INSTALL_BINARY_NAME
 ---> Using cache
 ---> 9f40f36912a7
Step 39/94 : FROM base AS proxy
 ---> 9392bd224a0c
Step 40/94 : ENV INSTALL_BINARY_NAME=proxy
 ---> Using cache
 ---> 0cdbc5886a4c
Step 41/94 : COPY hack/dockerfile/install/install.sh ./install.sh
 ---> Using cache
 ---> 5faa11125f45
Step 42/94 : COPY hack/dockerfile/install/$INSTALL_BINARY_NAME.installer ./
 ---> Using cache
 ---> 2b8845119243
Step 43/94 : RUN PREFIX=/build ./install.sh $INSTALL_BINARY_NAME
 ---> Using cache
 ---> eeccc51b7310
Step 44/94 : FROM base AS gometalinter
 ---> 9392bd224a0c
Step 45/94 : ENV INSTALL_BINARY_NAME=gometalinter
 ---> Using cache
 ---> 712f46fd4ed2
Step 46/94 : COPY hack/dockerfile/install/install.sh ./install.sh
 ---> Using cache
 ---> bf53398f3e47
Step 47/94 : COPY hack/dockerfile/install/$INSTALL_BINARY_NAME.installer ./
 ---> Using cache
 ---> bf980302e75d
Step 48/94 : RUN PREFIX=/build ./install.sh $INSTALL_BINARY_NAME
 ---> Using cache
 ---> b9962dc5b2d1
Step 49/94 : FROM base AS dockercli
 ---> 9392bd224a0c
Step 50/94 : ENV INSTALL_BINARY_NAME=dockercli
 ---> Using cache
 ---> 00bbf6beeb97
Step 51/94 : COPY hack/dockerfile/install/install.sh ./install.sh
 ---> Using cache
 ---> 7c2282118d15
Step 52/94 : COPY hack/dockerfile/install/$INSTALL_BINARY_NAME.installer ./
 ---> Using cache
 ---> c2473ec16422
Step 53/94 : RUN PREFIX=/build ./install.sh $INSTALL_BINARY_NAME
 ---> Using cache
 ---> 6dfabb2da092
Step 54/94 : FROM runtime-dev AS runc
 ---> 1a2487717a77
Step 55/94 : ENV INSTALL_BINARY_NAME=runc
 ---> Using cache
 ---> 421b3cfdda15
Step 56/94 : COPY hack/dockerfile/install/install.sh ./install.sh
 ---> Using cache
 ---> 2841710bb35a
Step 57/94 : COPY hack/dockerfile/install/$INSTALL_BINARY_NAME.installer ./
 ---> Using cache
 ---> eebe08ea3292
Step 58/94 : RUN PREFIX=/build ./install.sh $INSTALL_BINARY_NAME
 ---> Using cache
 ---> 276e45b3c71f
Step 59/94 : FROM base AS tini
 ---> 9392bd224a0c
Step 60/94 : RUN apt-get update && apt-get install -y cmake vim-common
 ---> Using cache
 ---> fff219bcc338
Step 61/94 : COPY hack/dockerfile/install/install.sh ./install.sh
 ---> Using cache
 ---> 3f245fb982cb
Step 62/94 : ENV INSTALL_BINARY_NAME=tini
 ---> Using cache
 ---> 1b24a9cdd951
Step 63/94 : COPY hack/dockerfile/install/$INSTALL_BINARY_NAME.installer ./
 ---> Using cache
 ---> 48e7f8c2ede1
Step 64/94 : RUN PREFIX=/build ./install.sh $INSTALL_BINARY_NAME
 ---> Using cache
 ---> 4a81f9a21d2f
Step 65/94 : FROM runtime-dev AS dev
 ---> 1a2487717a77
Step 66/94 : RUN groupadd -r docker
 ---> Using cache
 ---> 919193086d89
Step 67/94 : RUN useradd --create-home --gid docker unprivilegeduser
 ---> Using cache
 ---> fdff543ada41
Step 68/94 : RUN ln -sfv /go/src/github.com/docker/docker/.bashrc ~/.bashrc
 ---> Using cache
 ---> b7ac35f033d9
Step 69/94 : RUN echo "source /usr/share/bash-completion/bash_completion" >> /etc/bash.bashrc
 ---> Using cache
 ---> 6459c5fa197e
Step 70/94 : RUN ln -s /usr/local/completion/bash/docker /etc/bash_completion.d/docker
 ---> Using cache
 ---> 98fe38b20a87
Step 71/94 : RUN ldconfig
 ---> Using cache
 ---> f35ca24683e7
Step 72/94 : RUN apt-get update && apt-get install -y 	apparmor 	aufs-tools 	bash-completion 	btrfs-tools 	iptables 	jq 	libcap2-bin 	libdevmapper-dev 	libudev-dev 	libsystemd-dev 	binutils-mingw-w64 	g++-mingw-w64-x86-64 	net-tools 	pigz 	python-backports.ssl-match-hostname 	python-dev 	python-mock 	python-pip 	python-requests 	python-setuptools 	python-websocket 	python-wheel 	thin-provisioning-tools 	vim 	vim-common 	xfsprogs 	zip 	bzip2 	xz-utils 	libprotobuf-c1 	libnet1 	libnl-3-200 	--no-install-recommends
 ---> Using cache
 ---> 0e3ac25525da
Step 73/94 : COPY --from=swagger /build/swagger* /usr/local/bin/
 ---> Using cache
 ---> d6fdaea827f3
Step 74/94 : COPY --from=frozen-images /build/ /docker-frozen-images
 ---> Using cache
 ---> 8c34e4c7c753
Step 75/94 : COPY --from=gometalinter /build/ /usr/local/bin/
 ---> Using cache
 ---> de011367090b
Step 76/94 : COPY --from=tomlv /build/ /usr/local/bin/
 ---> Using cache
 ---> 7a07b2f8d383
Step 77/94 : COPY --from=vndr /build/ /usr/local/bin/
 ---> Using cache
 ---> 2cceb54cd332
Step 78/94 : COPY --from=tini /build/ /usr/local/bin/
 ---> Using cache
 ---> 30551fdcb481
Step 79/94 : COPY --from=runc /build/ /usr/local/bin/
 ---> Using cache
 ---> d32946572b5e
Step 80/94 : COPY --from=containerd /build/ /usr/local/bin/
 ---> Using cache
 ---> 0508aeb269db
Step 81/94 : COPY --from=proxy /build/ /usr/local/bin/
 ---> Using cache
 ---> e7f739b3a17b
Step 82/94 : COPY --from=dockercli /build/ /usr/local/cli
 ---> Using cache
 ---> cebcb31085f3
Step 83/94 : COPY --from=registry /build/registry* /usr/local/bin/
 ---> Using cache
 ---> 5164ff7ee419
Step 84/94 : COPY --from=criu /build/ /usr/local/
 ---> Using cache
 ---> 0620ca5ace4e
Step 85/94 : COPY --from=docker-py /build/ /docker-py
 ---> Using cache
 ---> c6a2047fb9b5
Step 86/94 : RUN cd /docker-py 	&& pip install docker-pycreds==0.2.1 	&& pip install yamllint==1.5.0 	&& pip install -r test-requirements.txt
 ---> Using cache
 ---> ff89f363fd11
Step 87/94 : ENV PATH=/usr/local/cli:$PATH
 ---> Using cache
 ---> faadff6dcd34
Step 88/94 : ENV DOCKER_BUILDTAGS apparmor seccomp selinux
 ---> Using cache
 ---> 251f70b82dbb
Step 89/94 : ENV GOMETALINTER_OPTS="--deadline=2m"
 ---> Using cache
 ---> 320ec2e3d3c5
Step 90/94 : WORKDIR /go/src/github.com/docker/docker
 ---> Using cache
 ---> 8ffebb9b9c7a
Step 91/94 : VOLUME /var/lib/docker
 ---> Using cache
 ---> d9c856cfeb39
Step 92/94 : ENTRYPOINT ["hack/dind"]
 ---> Using cache
 ---> 41e23ff1ba67
Step 93/94 : FROM dev AS final
 ---> 41e23ff1ba67
Step 94/94 : COPY . /go/src/github.com/docker/docker
 ---> Using cache
 ---> ac3427d403e0
Successfully built ac3427d403e0
Successfully tagged docker:8611c9b-exp

Removing bundles/

---> Making bundle: binary-daemon (in bundles/binary-daemon)
Building: bundles/binary-daemon/dockerd-dev
Created binary: bundles/binary-daemon/dockerd-dev
Copying nested executables into bundles/binary-daemon

---> Making bundle: test-integration (in bundles/test-integration)
Building test suite binary ./integration-cli/test.main
Building test suite binary ./integration/plugin/test.main
Building test suite binary ./integration/plugin/authz/test.main
Building test suite binary ./integration/plugin/logging/test.main
Building test suite binary ./integration/plugin/logging/cmd/test.main
Building test suite binary ./integration/plugin/logging/cmd/close_on_start/test.main
Building test suite binary ./integration/plugin/logging/cmd/dummy/test.main
Building test suite binary ./integration/plugin/common/test.main
Building test suite binary ./integration/plugin/volumes/test.main
Building test suite binary ./integration/plugin/volumes/cmd/test.main
Building test suite binary ./integration/plugin/volumes/cmd/dummy/test.main
Building test suite binary ./integration/plugin/graphdriver/test.main
Building test suite binary ./integration/config/test.main
Building test suite binary ./integration/service/test.main
Building test suite binary ./integration/network/test.main
Building test suite binary ./integration/network/ipvlan/test.main
Building test suite binary ./integration/network/macvlan/test.main
Building test suite binary ./integration/secret/test.main
Building test suite binary ./integration/session/test.main
Building test suite binary ./integration/container/test.main
Building test suite binary ./integration/build/test.main
Building test suite binary ./integration/volume/test.main
Building test suite binary ./integration/system/test.main
Building test suite binary ./integration/image/test.main
---> Making bundle: .integration-daemon-start (in bundles/test-integration)
Using test binary docker
# DOCKER_EXPERIMENTAL is set: starting daemon with experimental features enabled! 
/etc/init.d/apparmor: 130: /etc/init.d/apparmor: systemd-detect-virt: not found
Starting AppArmor profiles:Warning from stdin (line 1): /sbin/apparmor_parser: cannot use or update cache, disable, or force-complain via stdin
Warning failed to create cache: (null)
.
Starting dockerd
INFO: Waiting for daemon to start...
.
---> Making bundle: .integration-daemon-setup (in bundles/test-integration)
---> Making bundle: .ensure-emptyfs (in bundles/test-integration)
Error: No such image: emptyfs
Running integration-test (iteration 1)
Running /go/src/github.com/docker/docker/integration/plugin
testing: warning: no tests to run
PASS
Running /go/src/github.com/docker/docker/integration/plugin/authz
Loaded image: buildpack-deps:jessie
Loaded image: busybox:latest
Loaded image: busybox:glibc
Loaded image: debian:jessie
Loaded image: hello-world:latest
INFO: Testing against a local daemon
=== RUN   TestAuthZPluginAllowRequest
--- PASS: TestAuthZPluginAllowRequest (2.89s)
    daemon.go:296: [d5f3c3585a3c3] waiting for daemon to start
    daemon.go:328: [d5f3c3585a3c3] daemon started
    daemon.go:283: [d5f3c3585a3c3] exiting daemon
=== RUN   TestAuthZPluginTLS
--- PASS: TestAuthZPluginTLS (0.53s)
    daemon.go:296: [d911c50ada84e] waiting for daemon to start
    daemon.go:328: [d911c50ada84e] daemon started
    daemon.go:283: [d911c50ada84e] exiting daemon
=== RUN   TestAuthZPluginDenyRequest
--- PASS: TestAuthZPluginDenyRequest (0.52s)
    daemon.go:296: [d0cbce7a2adfd] waiting for daemon to start
    daemon.go:328: [d0cbce7a2adfd] daemon started
    daemon.go:283: [d0cbce7a2adfd] exiting daemon
=== RUN   TestAuthZPluginAPIDenyResponse
--- PASS: TestAuthZPluginAPIDenyResponse (0.52s)
    daemon.go:296: [d3c3e6c7a59fc] waiting for daemon to start
    daemon.go:328: [d3c3e6c7a59fc] daemon started
    daemon.go:283: [d3c3e6c7a59fc] exiting daemon
=== RUN   TestAuthZPluginDenyResponse
--- PASS: TestAuthZPluginDenyResponse (0.54s)
    daemon.go:296: [d3d0ef27c1db9] waiting for daemon to start
    daemon.go:328: [d3d0ef27c1db9] daemon started
    daemon.go:283: [d3d0ef27c1db9] exiting daemon
=== RUN   TestAuthZPluginAllowEventStream
--- PASS: TestAuthZPluginAllowEventStream (1.24s)
    daemon.go:296: [d3eedba4ce737] waiting for daemon to start
    daemon.go:328: [d3eedba4ce737] daemon started
    daemon.go:283: [d3eedba4ce737] exiting daemon
=== RUN   TestAuthZPluginErrorResponse
--- PASS: TestAuthZPluginErrorResponse (0.52s)
    daemon.go:296: [d000398776b65] waiting for daemon to start
    daemon.go:328: [d000398776b65] daemon started
    daemon.go:283: [d000398776b65] exiting daemon
=== RUN   TestAuthZPluginErrorRequest
--- PASS: TestAuthZPluginErrorRequest (0.52s)
    daemon.go:296: [d9012021ce2ed] waiting for daemon to start
    daemon.go:328: [d9012021ce2ed] daemon started
    daemon.go:283: [d9012021ce2ed] exiting daemon
=== RUN   TestAuthZPluginEnsureNoDuplicatePluginRegistration
--- PASS: TestAuthZPluginEnsureNoDuplicatePluginRegistration (3.02s)
    daemon.go:296: [d869823c46ba1] waiting for daemon to start
    daemon.go:328: [d869823c46ba1] daemon started
    daemon.go:283: [d869823c46ba1] exiting daemon
=== RUN   TestAuthZPluginEnsureLoadImportWorking
--- PASS: TestAuthZPluginEnsureLoadImportWorking (6.32s)
    daemon.go:296: [dc5f18d2b2656] waiting for daemon to start
    daemon.go:328: [dc5f18d2b2656] daemon started
    daemon.go:283: [dc5f18d2b2656] exiting daemon
=== RUN   TestAuthzPluginEnsureContainerCopyToFrom
--- PASS: TestAuthzPluginEnsureContainerCopyToFrom (1.51s)
    daemon.go:296: [de281c86b37bc] waiting for daemon to start
    daemon.go:328: [de281c86b37bc] daemon started
    daemon.go:283: [de281c86b37bc] exiting daemon
=== RUN   TestAuthZPluginHeader
--- PASS: TestAuthZPluginHeader (0.73s)
    daemon.go:296: [dee3e8967761e] waiting for daemon to start
    daemon.go:328: [dee3e8967761e] daemon started
    daemon.go:283: [dee3e8967761e] exiting daemon
=== RUN   TestAuthZPluginV2AllowNonVolumeRequest
--- PASS: TestAuthZPluginV2AllowNonVolumeRequest (6.65s)
    daemon.go:296: [da72e8e9f1fd8] waiting for daemon to start
    daemon.go:328: [da72e8e9f1fd8] daemon started
    daemon.go:283: [da72e8e9f1fd8] exiting daemon
    daemon.go:296: [da72e8e9f1fd8] waiting for daemon to start
    daemon.go:328: [da72e8e9f1fd8] daemon started
    daemon.go:283: [da72e8e9f1fd8] exiting daemon
=== RUN   TestAuthZPluginV2Disable
--- PASS: TestAuthZPluginV2Disable (6.03s)
    daemon.go:296: [d4dbac1e7c964] waiting for daemon to start
    daemon.go:328: [d4dbac1e7c964] daemon started
    daemon.go:283: [d4dbac1e7c964] exiting daemon
    daemon.go:296: [d4dbac1e7c964] waiting for daemon to start
    daemon.go:328: [d4dbac1e7c964] daemon started
    daemon.go:283: [d4dbac1e7c964] exiting daemon
=== RUN   TestAuthZPluginV2RejectVolumeRequests
--- PASS: TestAuthZPluginV2RejectVolumeRequests (5.68s)
    daemon.go:296: [d7f48b52049c8] waiting for daemon to start
    daemon.go:328: [d7f48b52049c8] daemon started
    daemon.go:283: [d7f48b52049c8] exiting daemon
    daemon.go:296: [d7f48b52049c8] waiting for daemon to start
    daemon.go:328: [d7f48b52049c8] daemon started
    daemon.go:283: [d7f48b52049c8] exiting daemon
=== RUN   TestAuthZPluginV2BadManifestFailsDaemonStart
--- PASS: TestAuthZPluginV2BadManifestFailsDaemonStart (13.72s)
    daemon.go:296: [d9d5dd7d68297] waiting for daemon to start
    daemon.go:328: [d9d5dd7d68297] daemon started
    daemon.go:283: [d9d5dd7d68297] exiting daemon
    daemon.go:296: [d9d5dd7d68297] waiting for daemon to start
    daemon.go:296: [d9d5dd7d68297] waiting for daemon to start
    daemon.go:283: [d9d5dd7d68297] exiting daemon
    daemon.go:296: [d9d5dd7d68297] waiting for daemon to start
    daemon.go:328: [d9d5dd7d68297] daemon started
    daemon.go:283: [d9d5dd7d68297] exiting daemon
=== RUN   TestAuthZPluginV2NonexistentFailsDaemonStart
--- PASS: TestAuthZPluginV2NonexistentFailsDaemonStart (16.50s)
    daemon.go:296: [d8edff568604f] waiting for daemon to start
    daemon.go:328: [d8edff568604f] daemon started
    daemon.go:283: [d8edff568604f] exiting daemon
    daemon.go:296: [d8edff568604f] waiting for daemon to start
    daemon.go:296: [d8edff568604f] waiting for daemon to start
    daemon.go:296: [d8edff568604f] waiting for daemon to start
    daemon.go:328: [d8edff568604f] daemon started
    daemon.go:283: [d8edff568604f] exiting daemon
PASS
Running /go/src/github.com/docker/docker/integration/plugin/logging
INFO: Testing against a local daemon
=== RUN   TestContinueAfterPluginCrash
=== PAUSE TestContinueAfterPluginCrash
=== RUN   TestDaemonStartWithLogOpt
=== PAUSE TestDaemonStartWithLogOpt
=== CONT  TestContinueAfterPluginCrash
=== CONT  TestDaemonStartWithLogOpt
--- PASS: TestDaemonStartWithLogOpt (14.06s)
    daemon.go:296: [decfb03fa5036] waiting for daemon to start
    daemon.go:328: [decfb03fa5036] daemon started
    daemon.go:283: [decfb03fa5036] exiting daemon
    daemon.go:296: [decfb03fa5036] waiting for daemon to start
    daemon.go:328: [decfb03fa5036] daemon started
    daemon.go:283: [decfb03fa5036] exiting daemon
--- PASS: TestContinueAfterPluginCrash (19.29s)
    daemon.go:296: [dee6e0069aa95] waiting for daemon to start
    daemon.go:328: [dee6e0069aa95] daemon started
    daemon.go:283: [dee6e0069aa95] exiting daemon
PASS
Running /go/src/github.com/docker/docker/integration/plugin/logging/cmd
testing: warning: no tests to run
PASS
Running /go/src/github.com/docker/docker/integration/plugin/logging/cmd/close_on_start
testing: warning: no tests to run
PASS
Running /go/src/github.com/docker/docker/integration/plugin/logging/cmd/dummy
testing: warning: no tests to run
PASS
Running /go/src/github.com/docker/docker/integration/plugin/common
INFO: Testing against a local daemon
=== RUN   TestPluginInvalidJSON
=== RUN   TestPluginInvalidJSON//plugins/foobar/set
=== PAUSE TestPluginInvalidJSON//plugins/foobar/set
=== CONT  TestPluginInvalidJSON//plugins/foobar/set
--- PASS: TestPluginInvalidJSON (0.02s)
    --- PASS: TestPluginInvalidJSON//plugins/foobar/set (0.00s)
PASS
Running /go/src/github.com/docker/docker/integration/plugin/volumes
INFO: Testing against a local daemon
=== RUN   TestPluginWithDevMounts
=== PAUSE TestPluginWithDevMounts
=== CONT  TestPluginWithDevMounts
--- PASS: TestPluginWithDevMounts (1.76s)
    daemon.go:296: [dee345069e209] waiting for daemon to start
    daemon.go:328: [dee345069e209] daemon started
    daemon.go:283: [dee345069e209] exiting daemon
PASS
Running /go/src/github.com/docker/docker/integration/plugin/volumes/cmd
testing: warning: no tests to run
PASS
Running /go/src/github.com/docker/docker/integration/plugin/volumes/cmd/dummy
testing: warning: no tests to run
PASS
Running /go/src/github.com/docker/docker/integration/plugin/graphdriver
INFO: Testing against a local daemon
=== RUN   TestExternalGraphDriver
=== RUN   TestExternalGraphDriver/json
=== RUN   TestExternalGraphDriver/spec
=== RUN   TestExternalGraphDriver/pull
--- PASS: TestExternalGraphDriver (7.03s)
    daemon.go:296: [d348c85573b69] waiting for daemon to start
    daemon.go:328: [d348c85573b69] daemon started
    daemon.go:283: [d348c85573b69] exiting daemon
    daemon.go:296: [d348c85573b69] waiting for daemon to start
    daemon.go:328: [d348c85573b69] daemon started
    daemon.go:283: [d348c85573b69] exiting daemon
    --- PASS: TestExternalGraphDriver/json (1.71s)
    daemon.go:296: [d348c85573b69] waiting for daemon to start
    daemon.go:328: [d348c85573b69] daemon started
    daemon.go:283: [d348c85573b69] exiting daemon
    daemon.go:296: [d348c85573b69] waiting for daemon to start
    daemon.go:328: [d348c85573b69] daemon started
    daemon.go:283: [d348c85573b69] exiting daemon
    --- PASS: TestExternalGraphDriver/spec (1.74s)
    daemon.go:296: [d348c85573b69] waiting for daemon to start
    daemon.go:328: [d348c85573b69] daemon started
    daemon.go:283: [d348c85573b69] exiting daemon
    --- PASS: TestExternalGraphDriver/pull (3.12s)
=== RUN   TestGraphdriverPluginV2
--- PASS: TestGraphdriverPluginV2 (6.58s)
    daemon.go:296: [d53092f4bf890] waiting for daemon to start
    daemon.go:328: [d53092f4bf890] daemon started
    daemon.go:283: [d53092f4bf890] exiting daemon
    daemon.go:296: [d53092f4bf890] waiting for daemon to start
    daemon.go:328: [d53092f4bf890] daemon started
    daemon.go:283: [d53092f4bf890] exiting daemon
PASS
Running /go/src/github.com/docker/docker/integration/config
INFO: Testing against a local daemon
=== RUN   TestConfigList
--- PASS: TestConfigList (2.03s)
    daemon.go:296: [d2b23dad0227c] waiting for daemon to start
    daemon.go:328: [d2b23dad0227c] daemon started
    daemon.go:283: [d2b23dad0227c] exiting daemon
=== RUN   TestConfigsCreateAndDelete
--- PASS: TestConfigsCreateAndDelete (2.07s)
    daemon.go:296: [df481d0dfde85] waiting for daemon to start
    daemon.go:328: [df481d0dfde85] daemon started
    daemon.go:283: [df481d0dfde85] exiting daemon
=== RUN   TestConfigsUpdate
--- PASS: TestConfigsUpdate (2.04s)
    daemon.go:296: [db9ad5d1adc26] waiting for daemon to start
    daemon.go:328: [db9ad5d1adc26] daemon started
    daemon.go:283: [db9ad5d1adc26] exiting daemon
=== RUN   TestTemplatedConfig
--- PASS: TestTemplatedConfig (2.55s)
    daemon.go:296: [d392059af441b] waiting for daemon to start
    daemon.go:328: [d392059af441b] daemon started
    daemon.go:283: [d392059af441b] exiting daemon
=== RUN   TestConfigInspect
--- PASS: TestConfigInspect (2.15s)
    daemon.go:296: [d2d3a42ffaa1d] waiting for daemon to start
    daemon.go:328: [d2d3a42ffaa1d] daemon started
    daemon.go:283: [d2d3a42ffaa1d] exiting daemon
=== RUN   TestConfigCreateWithLabels
--- PASS: TestConfigCreateWithLabels (2.14s)
    daemon.go:296: [d3b2b28d939f9] waiting for daemon to start
    daemon.go:328: [d3b2b28d939f9] daemon started
    daemon.go:283: [d3b2b28d939f9] exiting daemon
=== RUN   TestConfigCreateResolve
--- PASS: TestConfigCreateResolve (2.06s)
    daemon.go:296: [d9cfa12e75b26] waiting for daemon to start
    daemon.go:328: [d9cfa12e75b26] daemon started
    daemon.go:283: [d9cfa12e75b26] exiting daemon
PASS
Running /go/src/github.com/docker/docker/integration/service
INFO: Testing against a local daemon
=== RUN   TestServiceCreateInit
=== RUN   TestServiceCreateInit/daemonInitDisabled
=== RUN   TestServiceCreateInit/daemonInitEnabled
--- PASS: TestServiceCreateInit (8.04s)
    --- PASS: TestServiceCreateInit/daemonInitDisabled (4.09s)
        daemon.go:296: [d684d39bfa06a] waiting for daemon to start
        daemon.go:328: [d684d39bfa06a] daemon started
        daemon.go:283: [d684d39bfa06a] exiting daemon
    --- PASS: TestServiceCreateInit/daemonInitEnabled (3.94s)
        daemon.go:296: [d34bec60836a3] waiting for daemon to start
        daemon.go:328: [d34bec60836a3] daemon started
        daemon.go:283: [d34bec60836a3] exiting daemon
=== RUN   TestCreateServiceMultipleTimes
--- PASS: TestCreateServiceMultipleTimes (24.06s)
    daemon.go:296: [d8a6169ee965f] waiting for daemon to start
    daemon.go:328: [d8a6169ee965f] daemon started
    daemon.go:283: [d8a6169ee965f] exiting daemon
=== RUN   TestCreateServiceConflict
--- PASS: TestCreateServiceConflict (2.06s)
    daemon.go:296: [d95328c4ac6dd] waiting for daemon to start
    daemon.go:328: [d95328c4ac6dd] daemon started
    daemon.go:283: [d95328c4ac6dd] exiting daemon
=== RUN   TestCreateServiceMaxReplicas
--- PASS: TestCreateServiceMaxReplicas (2.80s)
    daemon.go:296: [de025d6bd065d] waiting for daemon to start
    daemon.go:328: [de025d6bd065d] daemon started
    daemon.go:283: [de025d6bd065d] exiting daemon
=== RUN   TestCreateWithDuplicateNetworkNames
--- PASS: TestCreateWithDuplicateNetworkNames (13.00s)
    daemon.go:296: [de2286fb7b3b1] waiting for daemon to start
    daemon.go:328: [de2286fb7b3b1] daemon started
    daemon.go:283: [de2286fb7b3b1] exiting daemon
=== RUN   TestCreateServiceSecretFileMode
--- PASS: TestCreateServiceSecretFileMode (2.67s)
    daemon.go:296: [db5f84781313c] waiting for daemon to start
    daemon.go:328: [db5f84781313c] daemon started
    daemon.go:283: [db5f84781313c] exiting daemon
=== RUN   TestCreateServiceConfigFileMode
--- PASS: TestCreateServiceConfigFileMode (2.70s)
    daemon.go:296: [d93243a1a9bc2] waiting for daemon to start
    daemon.go:328: [d93243a1a9bc2] daemon started
    daemon.go:283: [d93243a1a9bc2] exiting daemon
=== RUN   TestCreateServiceSysctls
--- PASS: TestCreateServiceSysctls (3.34s)
    daemon.go:296: [dd0d8c180410b] waiting for daemon to start
    daemon.go:328: [dd0d8c180410b] daemon started
    daemon.go:283: [dd0d8c180410b] exiting daemon
=== RUN   TestInspect
--- PASS: TestInspect (2.14s)
    daemon.go:296: [d988fbbc7fbde] waiting for daemon to start
    daemon.go:328: [d988fbbc7fbde] daemon started
    daemon.go:283: [d988fbbc7fbde] exiting daemon
=== RUN   TestDockerNetworkConnectAlias
--- PASS: TestDockerNetworkConnectAlias (4.97s)
    daemon.go:296: [da1e065914edb] waiting for daemon to start
    daemon.go:328: [da1e065914edb] daemon started
    daemon.go:283: [da1e065914edb] exiting daemon
=== RUN   TestServicePlugin
--- PASS: TestServicePlugin (34.90s)
    daemon.go:296: [d8c1c1bcddd51] waiting for daemon to start
    daemon.go:328: [d8c1c1bcddd51] daemon started
    daemon.go:283: [d8c1c1bcddd51] exiting daemon
    daemon.go:296: [d4848d9b45190] waiting for daemon to start
    daemon.go:328: [d4848d9b45190] daemon started
    daemon.go:296: [df6626f154b83] waiting for daemon to start
    daemon.go:328: [df6626f154b83] daemon started
    daemon.go:296: [d45651d3048d0] waiting for daemon to start
    daemon.go:328: [d45651d3048d0] daemon started
    daemon.go:283: [d45651d3048d0] exiting daemon
    daemon.go:283: [df6626f154b83] exiting daemon
    daemon.go:283: [d4848d9b45190] exiting daemon
=== RUN   TestServiceUpdateLabel
--- PASS: TestServiceUpdateLabel (2.15s)
    daemon.go:296: [da7c4d2ff0de7] waiting for daemon to start
    daemon.go:328: [da7c4d2ff0de7] daemon started
    daemon.go:283: [da7c4d2ff0de7] exiting daemon
=== RUN   TestServiceUpdateSecrets
--- PASS: TestServiceUpdateSecrets (7.59s)
    daemon.go:296: [d332b8b1aa024] waiting for daemon to start
    daemon.go:328: [d332b8b1aa024] daemon started
    daemon.go:283: [d332b8b1aa024] exiting daemon
=== RUN   TestServiceUpdateConfigs
--- PASS: TestServiceUpdateConfigs (7.72s)
    daemon.go:296: [dded1e16291e6] waiting for daemon to start
    daemon.go:328: [dded1e16291e6] daemon started
    daemon.go:283: [dded1e16291e6] exiting daemon
PASS
Running /go/src/github.com/docker/docker/integration/network
INFO: Testing against a local daemon
=== RUN   TestNetworkCreateDelete
--- PASS: TestNetworkCreateDelete (0.11s)
=== RUN   TestDockerNetworkDeletePreferID
--- PASS: TestDockerNetworkDeletePreferID (0.27s)
=== RUN   TestInspectNetwork
--- PASS: TestInspectNetwork (24.43s)
    daemon.go:296: [d453358c7ce4e] waiting for daemon to start
    daemon.go:328: [d453358c7ce4e] daemon started
    daemon.go:283: [d453358c7ce4e] exiting daemon
=== RUN   TestRunContainerWithBridgeNone
--- PASS: TestRunContainerWithBridgeNone (2.08s)
    daemon.go:296: [d24e2a61c025d] waiting for daemon to start
    daemon.go:328: [d24e2a61c025d] daemon started
    daemon.go:283: [d24e2a61c025d] exiting daemon
=== RUN   TestNetworkInvalidJSON
=== RUN   TestNetworkInvalidJSON//networks/create
=== PAUSE TestNetworkInvalidJSON//networks/create
=== RUN   TestNetworkInvalidJSON//networks/bridge/connect
=== PAUSE TestNetworkInvalidJSON//networks/bridge/connect
=== RUN   TestNetworkInvalidJSON//networks/bridge/disconnect
=== PAUSE TestNetworkInvalidJSON//networks/bridge/disconnect
=== CONT  TestNetworkInvalidJSON//networks/create
=== CONT  TestNetworkInvalidJSON//networks/bridge/disconnect
=== CONT  TestNetworkInvalidJSON//networks/bridge/connect
--- PASS: TestNetworkInvalidJSON (0.02s)
    --- PASS: TestNetworkInvalidJSON//networks/create (0.00s)
    --- PASS: TestNetworkInvalidJSON//networks/bridge/disconnect (0.00s)
    --- PASS: TestNetworkInvalidJSON//networks/bridge/connect (0.00s)
=== RUN   TestDaemonRestartWithLiveRestore
--- PASS: TestDaemonRestartWithLiveRestore (1.03s)
    daemon.go:296: [d06c12c81db66] waiting for daemon to start
    daemon.go:328: [d06c12c81db66] daemon started
    daemon.go:283: [d06c12c81db66] exiting daemon
    daemon.go:296: [d06c12c81db66] waiting for daemon to start
    daemon.go:328: [d06c12c81db66] daemon started
    daemon.go:283: [d06c12c81db66] exiting daemon
=== RUN   TestDaemonDefaultNetworkPools
--- PASS: TestDaemonDefaultNetworkPools (0.66s)
    daemon.go:296: [de0a357ca6154] waiting for daemon to start
    daemon.go:328: [de0a357ca6154] daemon started
    daemon.go:283: [de0a357ca6154] exiting daemon
=== RUN   TestDaemonRestartWithExistingNetwork
--- PASS: TestDaemonRestartWithExistingNetwork (1.10s)
    daemon.go:296: [d2a13e6df022a] waiting for daemon to start
    daemon.go:328: [d2a13e6df022a] daemon started
    daemon.go:283: [d2a13e6df022a] exiting daemon
    daemon.go:296: [d2a13e6df022a] waiting for daemon to start
    daemon.go:328: [d2a13e6df022a] daemon started
    daemon.go:283: [d2a13e6df022a] exiting daemon
=== RUN   TestDaemonRestartWithExistingNetworkWithDefaultPoolRange
--- PASS: TestDaemonRestartWithExistingNetworkWithDefaultPoolRange (1.17s)
    daemon.go:296: [d1f2eb7a66f37] waiting for daemon to start
    daemon.go:328: [d1f2eb7a66f37] daemon started
    daemon.go:283: [d1f2eb7a66f37] exiting daemon
    daemon.go:296: [d1f2eb7a66f37] waiting for daemon to start
    daemon.go:328: [d1f2eb7a66f37] daemon started
    daemon.go:283: [d1f2eb7a66f37] exiting daemon
=== RUN   TestDaemonWithBipAndDefaultNetworkPool
--- PASS: TestDaemonWithBipAndDefaultNetworkPool (0.55s)
    daemon.go:296: [db612fd667fa9] waiting for daemon to start
    daemon.go:328: [db612fd667fa9] daemon started
    daemon.go:283: [db612fd667fa9] exiting daemon
=== RUN   TestServiceWithPredefinedNetwork
--- PASS: TestServiceWithPredefinedNetwork (2.16s)
    daemon.go:296: [d07d85cf9d8b1] waiting for daemon to start
    daemon.go:328: [d07d85cf9d8b1] daemon started
    daemon.go:283: [d07d85cf9d8b1] exiting daemon
=== RUN   TestServiceRemoveKeepsIngressNetwork
--- PASS: TestServiceRemoveKeepsIngressNetwork (12.11s)
    daemon.go:296: [da25ed78eee56] waiting for daemon to start
    daemon.go:328: [da25ed78eee56] daemon started
    daemon.go:283: [da25ed78eee56] exiting daemon
=== RUN   TestServiceWithDataPathPortInit
--- PASS: TestServiceWithDataPathPortInit (4.31s)
    daemon.go:296: [d203bee58dd37] waiting for daemon to start
    daemon.go:328: [d203bee58dd37] daemon started
    daemon.go:283: [d203bee58dd37] exiting daemon
    daemon.go:296: [dc5b17e6d5cf7] waiting for daemon to start
    daemon.go:328: [dc5b17e6d5cf7] daemon started
    daemon.go:283: [dc5b17e6d5cf7] exiting daemon
=== RUN   TestServiceWithDefaultAddressPoolInit
--- PASS: TestServiceWithDefaultAddressPoolInit (4.17s)
    daemon.go:296: [db30c8b39e19a] waiting for daemon to start
    daemon.go:328: [db30c8b39e19a] daemon started
    service_test.go:415: TestServiceWithDefaultAddressPoolInit: NetworkInspect: {Name:saanvisthiraTestServiceWithDefaultAddressPoolInit ID:7l157fljlq58lgr0kxi0capyt Created:2019-01-02 16:18:22.593499049 +0000 UTC Scope:swarm Driver:overlay EnableIPv6:false IPAM:{Driver:default Options:map[] Config:[{Subnet:20.20.0.0/24 IPRange: Gateway:20.20.0.1 AuxAddress:map[]}]} Internal:false Attachable:false Ingress:false ConfigFrom:{Network:} ConfigOnly:false Containers:map[] Options:map[com.docker.network.driver.overlay.vxlanid_list:4097] Labels:map[] Peers:[] Services:map[]}
    daemon.go:283: [db30c8b39e19a] exiting daemon
    daemon.go:296: [dc265d4dbfdcc] waiting for daemon to start
    daemon.go:328: [dc265d4dbfdcc] daemon started
    daemon.go:283: [dc265d4dbfdcc] exiting daemon
PASS
Running /go/src/github.com/docker/docker/integration/network/ipvlan
INFO: Testing against a local daemon
=== RUN   TestDockerNetworkIpvlanPersistance
--- PASS: TestDockerNetworkIpvlanPersistance (1.28s)
    daemon.go:296: [d5ed44e82691b] waiting for daemon to start
    daemon.go:328: [d5ed44e82691b] daemon started
    daemon.go:283: [d5ed44e82691b] exiting daemon
    daemon.go:296: [d5ed44e82691b] waiting for daemon to start
    daemon.go:328: [d5ed44e82691b] daemon started
    daemon.go:283: [d5ed44e82691b] exiting daemon
=== RUN   TestDockerNetworkIpvlan
=== RUN   TestDockerNetworkIpvlan/Subinterface
=== RUN   TestDockerNetworkIpvlan/OverlapParent
=== RUN   TestDockerNetworkIpvlan/L2NilParent
=== RUN   TestDockerNetworkIpvlan/L2InternalMode
=== RUN   TestDockerNetworkIpvlan/L3NilParent
=== RUN   TestDockerNetworkIpvlan/L3InternalMode
=== RUN   TestDockerNetworkIpvlan/L2MultiSubnet
=== RUN   TestDockerNetworkIpvlan/L3MultiSubnet
=== RUN   TestDockerNetworkIpvlan/Addressing
--- PASS: TestDockerNetworkIpvlan (109.98s)
    daemon.go:296: [d43626a3e05a3] waiting for daemon to start
    daemon.go:328: [d43626a3e05a3] daemon started
    --- PASS: TestDockerNetworkIpvlan/Subinterface (0.07s)
    daemon.go:283: [d43626a3e05a3] exiting daemon
    daemon.go:296: [df47179b8f720] waiting for daemon to start
    daemon.go:328: [df47179b8f720] daemon started
    --- PASS: TestDockerNetworkIpvlan/OverlapParent (0.04s)
    daemon.go:283: [df47179b8f720] exiting daemon
    daemon.go:296: [d47a484099c9a] waiting for daemon to start
    daemon.go:328: [d47a484099c9a] daemon started
    --- PASS: TestDockerNetworkIpvlan/L2NilParent (0.86s)
    daemon.go:283: [d47a484099c9a] exiting daemon
    daemon.go:296: [d278a5f53eaa5] waiting for daemon to start
    daemon.go:328: [d278a5f53eaa5] daemon started
    --- PASS: TestDockerNetworkIpvlan/L2InternalMode (1.87s)
    daemon.go:283: [d278a5f53eaa5] exiting daemon
    daemon.go:296: [d10e3b1ce3033] waiting for daemon to start
    daemon.go:328: [d10e3b1ce3033] daemon started
    --- PASS: TestDockerNetworkIpvlan/L3NilParent (15.88s)
    daemon.go:283: [d10e3b1ce3033] exiting daemon
    daemon.go:296: [ddffd05679a6a] waiting for daemon to start
    daemon.go:328: [ddffd05679a6a] daemon started
    --- PASS: TestDockerNetworkIpvlan/L3InternalMode (16.84s)
    daemon.go:283: [ddffd05679a6a] exiting daemon
    daemon.go:296: [d4b53dbcc68f8] waiting for daemon to start
    daemon.go:328: [d4b53dbcc68f8] daemon started
    --- PASS: TestDockerNetworkIpvlan/L2MultiSubnet (17.19s)
    daemon.go:283: [d4b53dbcc68f8] exiting daemon
    daemon.go:296: [d4bca8c42df1e] waiting for daemon to start
    daemon.go:328: [d4bca8c42df1e] daemon started
    --- PASS: TestDockerNetworkIpvlan/L3MultiSubnet (17.13s)
    daemon.go:283: [d4bca8c42df1e] exiting daemon
    daemon.go:296: [d3b745ca02cf3] waiting for daemon to start
    daemon.go:328: [d3b745ca02cf3] daemon started
    --- PASS: TestDockerNetworkIpvlan/Addressing (31.29s)
    daemon.go:283: [d3b745ca02cf3] exiting daemon
PASS
Running /go/src/github.com/docker/docker/integration/network/macvlan
INFO: Testing against a local daemon
=== RUN   TestDockerNetworkMacvlanPersistance
--- PASS: TestDockerNetworkMacvlanPersistance (1.27s)
    daemon.go:296: [dc8a9b7b15ae8] waiting for daemon to start
    daemon.go:328: [dc8a9b7b15ae8] daemon started
    daemon.go:283: [dc8a9b7b15ae8] exiting daemon
    daemon.go:296: [dc8a9b7b15ae8] waiting for daemon to start
    daemon.go:328: [dc8a9b7b15ae8] daemon started
    daemon.go:283: [dc8a9b7b15ae8] exiting daemon
=== RUN   TestDockerNetworkMacvlan
=== RUN   TestDockerNetworkMacvlan/Subinterface
=== RUN   TestDockerNetworkMacvlan/OverlapParent
=== RUN   TestDockerNetworkMacvlan/NilParent
=== RUN   TestDockerNetworkMacvlan/InternalMode
=== RUN   TestDockerNetworkMacvlan/Addressing
--- PASS: TestDockerNetworkMacvlan (22.84s)
    daemon.go:296: [dd9f11211408e] waiting for daemon to start
    daemon.go:328: [dd9f11211408e] daemon started
    --- PASS: TestDockerNetworkMacvlan/Subinterface (0.08s)
    daemon.go:283: [dd9f11211408e] exiting daemon
    daemon.go:296: [db2516bc9ecb3] waiting for daemon to start
    daemon.go:328: [db2516bc9ecb3] daemon started
    --- PASS: TestDockerNetworkMacvlan/OverlapParent (0.07s)
    daemon.go:283: [db2516bc9ecb3] exiting daemon
    daemon.go:296: [d27cb3c1161c1] waiting for daemon to start
    daemon.go:328: [d27cb3c1161c1] daemon started
    --- PASS: TestDockerNetworkMacvlan/NilParent (0.85s)
    daemon.go:283: [d27cb3c1161c1] exiting daemon
    daemon.go:296: [d8a1e2c84d60a] waiting for daemon to start
    daemon.go:328: [d8a1e2c84d60a] daemon started
    --- PASS: TestDockerNetworkMacvlan/InternalMode (1.86s)
    daemon.go:283: [d8a1e2c84d60a] exiting daemon
    daemon.go:296: [d3d9f8ebebe52] waiting for daemon to start
    daemon.go:328: [d3d9f8ebebe52] daemon started
    --- PASS: TestDockerNetworkMacvlan/Addressing (15.62s)
    daemon.go:283: [d3d9f8ebebe52] exiting daemon
PASS
Running /go/src/github.com/docker/docker/integration/secret
INFO: Testing against a local daemon
=== RUN   TestSecretInspect
--- PASS: TestSecretInspect (2.03s)
    daemon.go:296: [dca3741b26faa] waiting for daemon to start
    daemon.go:328: [dca3741b26faa] daemon started
    daemon.go:283: [dca3741b26faa] exiting daemon
=== RUN   TestSecretList
--- PASS: TestSecretList (2.17s)
    daemon.go:296: [d56ecb8d52077] waiting for daemon to start
    daemon.go:328: [d56ecb8d52077] daemon started
    daemon.go:283: [d56ecb8d52077] exiting daemon
=== RUN   TestSecretsCreateAndDelete
--- PASS: TestSecretsCreateAndDelete (2.16s)
    daemon.go:296: [d14beef7b89c6] waiting for daemon to start
    daemon.go:328: [d14beef7b89c6] daemon started
    daemon.go:283: [d14beef7b89c6] exiting daemon
=== RUN   TestSecretsUpdate
--- PASS: TestSecretsUpdate (2.15s)
    daemon.go:296: [d39df45be748d] waiting for daemon to start
    daemon.go:328: [d39df45be748d] daemon started
    daemon.go:283: [d39df45be748d] exiting daemon
=== RUN   TestTemplatedSecret
--- PASS: TestTemplatedSecret (2.67s)
    daemon.go:296: [dfb64f4e8c0f7] waiting for daemon to start
    daemon.go:328: [dfb64f4e8c0f7] daemon started
    daemon.go:283: [dfb64f4e8c0f7] exiting daemon
=== RUN   TestSecretCreateResolve
--- PASS: TestSecretCreateResolve (2.13s)
    daemon.go:296: [d6cb95602150e] waiting for daemon to start
    daemon.go:328: [d6cb95602150e] daemon started
    daemon.go:283: [d6cb95602150e] exiting daemon
PASS
Running /go/src/github.com/docker/docker/integration/session
INFO: Testing against a local daemon
=== RUN   TestSessionCreate
--- PASS: TestSessionCreate (0.01s)
=== RUN   TestSessionCreateWithBadUpgrade
--- PASS: TestSessionCreateWithBadUpgrade (0.00s)
PASS
Running /go/src/github.com/docker/docker/integration/container
INFO: Testing against a local daemon
=== RUN   TestCheckpoint
--- PASS: TestCheckpoint (2.04s)
    checkpoint_test.go:56: Error (criu/util.c:816): exited, status=3
        Warn  (criu/net.c:2840): Unable to get socket network namespace
        Warn  (criu/net.c:2840): Unable to get tun network namespace
        Warn  (criu/sk-unix.c:229): unix: Unable to open a socket file: Bad address
        Warn  (criu/net.c:2840): Unable to get socket network namespace
        Warn  (criu/kerndat.c:881): Can't keep kdat cache on non-tempfs
        Looks good.
    checkpoint_test.go:100: ++ type -P true
        ++ type -P ip6tables-restore
        + mount --bind /bin/true /sbin/ip6tables-restore
        ++ type -P true
        ++ type -P ip6tables-save
        + mount --bind /bin/true /sbin/ip6tables-save
=== RUN   TestContainerInvalidJSON
=== RUN   TestContainerInvalidJSON//containers/foobar/copy
=== PAUSE TestContainerInvalidJSON//containers/foobar/copy
=== RUN   TestContainerInvalidJSON//containers/foobar/exec
=== PAUSE TestContainerInvalidJSON//containers/foobar/exec
=== RUN   TestContainerInvalidJSON//exec/foobar/start
=== PAUSE TestContainerInvalidJSON//exec/foobar/start
=== CONT  TestContainerInvalidJSON//containers/foobar/copy
=== CONT  TestContainerInvalidJSON//exec/foobar/start
=== CONT  TestContainerInvalidJSON//containers/foobar/exec
--- PASS: TestContainerInvalidJSON (0.01s)
    --- PASS: TestContainerInvalidJSON//containers/foobar/copy (0.00s)
    --- PASS: TestContainerInvalidJSON//exec/foobar/start (0.00s)
    --- PASS: TestContainerInvalidJSON//containers/foobar/exec (0.00s)
=== RUN   TestCopyFromContainerPathDoesNotExist
--- PASS: TestCopyFromContainerPathDoesNotExist (0.06s)
=== RUN   TestCopyFromContainerPathIsNotDir
--- PASS: TestCopyFromContainerPathIsNotDir (0.06s)
=== RUN   TestCopyToContainerPathDoesNotExist
--- PASS: TestCopyToContainerPathDoesNotExist (0.06s)
=== RUN   TestCopyToContainerPathIsNotDir
--- PASS: TestCopyToContainerPathIsNotDir (0.07s)
=== RUN   TestCreateFailsWhenIdentifierDoesNotExist
=== RUN   TestCreateFailsWhenIdentifierDoesNotExist/image_and_tag
=== PAUSE TestCreateFailsWhenIdentifierDoesNotExist/image_and_tag
=== RUN   TestCreateFailsWhenIdentifierDoesNotExist/image_no_tag
=== PAUSE TestCreateFailsWhenIdentifierDoesNotExist/image_no_tag
=== RUN   TestCreateFailsWhenIdentifierDoesNotExist/digest
=== PAUSE TestCreateFailsWhenIdentifierDoesNotExist/digest
=== CONT  TestCreateFailsWhenIdentifierDoesNotExist/image_and_tag
=== CONT  TestCreateFailsWhenIdentifierDoesNotExist/digest
=== CONT  TestCreateFailsWhenIdentifierDoesNotExist/image_no_tag
--- PASS: TestCreateFailsWhenIdentifierDoesNotExist (0.01s)
    --- PASS: TestCreateFailsWhenIdentifierDoesNotExist/digest (0.00s)
    --- PASS: TestCreateFailsWhenIdentifierDoesNotExist/image_and_tag (0.00s)
    --- PASS: TestCreateFailsWhenIdentifierDoesNotExist/image_no_tag (0.00s)
=== RUN   TestCreateWithInvalidEnv
=== RUN   TestCreateWithInvalidEnv/0
=== PAUSE TestCreateWithInvalidEnv/0
=== RUN   TestCreateWithInvalidEnv/1
=== PAUSE TestCreateWithInvalidEnv/1
=== RUN   TestCreateWithInvalidEnv/2
=== PAUSE TestCreateWithInvalidEnv/2
=== CONT  TestCreateWithInvalidEnv/0
=== CONT  TestCreateWithInvalidEnv/2
=== CONT  TestCreateWithInvalidEnv/1
--- PASS: TestCreateWithInvalidEnv (0.01s)
    --- PASS: TestCreateWithInvalidEnv/0 (0.00s)
    --- PASS: TestCreateWithInvalidEnv/2 (0.00s)
    --- PASS: TestCreateWithInvalidEnv/1 (0.00s)
=== RUN   TestCreateTmpfsMountsTarget
--- PASS: TestCreateTmpfsMountsTarget (0.01s)
=== RUN   TestCreateWithCustomMaskedPaths
--- PASS: TestCreateWithCustomMaskedPaths (1.49s)
=== RUN   TestCreateWithCustomReadonlyPaths
--- PASS: TestCreateWithCustomReadonlyPaths (1.52s)
=== RUN   TestCreateWithInvalidHealthcheckParams
=== RUN   TestCreateWithInvalidHealthcheckParams/test_invalid_Interval_in_Healthcheck:_less_than_0s
=== PAUSE TestCreateWithInvalidHealthcheckParams/test_invalid_Interval_in_Healthcheck:_less_than_0s
=== RUN   TestCreateWithInvalidHealthcheckParams/test_invalid_Interval_in_Healthcheck:_larger_than_0s_but_less_than_1ms
=== PAUSE TestCreateWithInvalidHealthcheckParams/test_invalid_Interval_in_Healthcheck:_larger_than_0s_but_less_than_1ms
=== RUN   TestCreateWithInvalidHealthcheckParams/test_invalid_Timeout_in_Healthcheck:_less_than_1ms
=== PAUSE TestCreateWithInvalidHealthcheckParams/test_invalid_Timeout_in_Healthcheck:_less_than_1ms
=== RUN   TestCreateWithInvalidHealthcheckParams/test_invalid_Retries_in_Healthcheck:_less_than_0
=== PAUSE TestCreateWithInvalidHealthcheckParams/test_invalid_Retries_in_Healthcheck:_less_than_0
=== RUN   TestCreateWithInvalidHealthcheckParams/test_invalid_StartPeriod_in_Healthcheck:_not_0_and_less_than_1ms
=== PAUSE TestCreateWithInvalidHealthcheckParams/test_invalid_StartPeriod_in_Healthcheck:_not_0_and_less_than_1ms
=== CONT  TestCreateWithInvalidHealthcheckParams/test_invalid_Interval_in_Healthcheck:_less_than_0s
=== CONT  TestCreateWithInvalidHealthcheckParams/test_invalid_Timeout_in_Healthcheck:_less_than_1ms
=== CONT  TestCreateWithInvalidHealthcheckParams/test_invalid_StartPeriod_in_Healthcheck:_not_0_and_less_than_1ms
=== CONT  TestCreateWithInvalidHealthcheckParams/test_invalid_Interval_in_Healthcheck:_larger_than_0s_but_less_than_1ms
=== CONT  TestCreateWithInvalidHealthcheckParams/test_invalid_Retries_in_Healthcheck:_less_than_0
--- PASS: TestCreateWithInvalidHealthcheckParams (0.01s)
    --- PASS: TestCreateWithInvalidHealthcheckParams/test_invalid_Interval_in_Healthcheck:_less_than_0s (0.00s)
    --- PASS: TestCreateWithInvalidHealthcheckParams/test_invalid_Timeout_in_Healthcheck:_less_than_1ms (0.00s)
    --- PASS: TestCreateWithInvalidHealthcheckParams/test_invalid_StartPeriod_in_Healthcheck:_not_0_and_less_than_1ms (0.00s)
    --- PASS: TestCreateWithInvalidHealthcheckParams/test_invalid_Interval_in_Healthcheck:_larger_than_0s_but_less_than_1ms (0.00s)
    --- PASS: TestCreateWithInvalidHealthcheckParams/test_invalid_Retries_in_Healthcheck:_less_than_0 (0.00s)
=== RUN   TestContainerStartOnDaemonRestart
=== PAUSE TestContainerStartOnDaemonRestart
=== RUN   TestDiff
--- PASS: TestDiff (0.51s)
=== RUN   TestExecWithCloseStdin
--- PASS: TestExecWithCloseStdin (0.64s)
=== RUN   TestExec
--- PASS: TestExec (0.64s)
=== RUN   TestExportContainerAndImportImage
--- PASS: TestExportContainerAndImportImage (0.66s)
=== RUN   TestExportContainerAfterDaemonRestart
--- PASS: TestExportContainerAfterDaemonRestart (1.28s)
    daemon.go:296: [d5a2be969bee0] waiting for daemon to start
    daemon.go:328: [d5a2be969bee0] daemon started
    daemon.go:283: [d5a2be969bee0] exiting daemon
    daemon.go:296: [d5a2be969bee0] waiting for daemon to start
    daemon.go:328: [d5a2be969bee0] daemon started
    daemon.go:283: [d5a2be969bee0] exiting daemon
=== RUN   TestHealthCheckWorkdir
--- PASS: TestHealthCheckWorkdir (0.81s)
=== RUN   TestInspectCpusetInConfigPre120
--- PASS: TestInspectCpusetInConfigPre120 (0.53s)
=== RUN   TestIpcModeNone
--- PASS: TestIpcModeNone (0.64s)
=== RUN   TestIpcModePrivate
--- PASS: TestIpcModePrivate (0.60s)
    ipcmode_test.go:88: [testIpcPrivateShareable] ipcmode: private, ipcdev: 0:56, shared: false, mustBeShared: false
=== RUN   TestIpcModeShareable
--- PASS: TestIpcModeShareable (0.60s)
    ipcmode_test.go:88: [testIpcPrivateShareable] ipcmode: shareable, ipcdev: 0:50, shared: true, mustBeShared: true
=== RUN   TestAPIIpcModeShareableAndContainer
--- PASS: TestAPIIpcModeShareableAndContainer (1.87s)
=== RUN   TestAPIIpcModeHost
--- PASS: TestAPIIpcModeHost (0.54s)
=== RUN   TestDaemonIpcModeShareable
--- PASS: TestDaemonIpcModeShareable (1.32s)
    daemon.go:296: [d49cddf39d587] waiting for daemon to start
    daemon.go:328: [d49cddf39d587] daemon started
    ipcmode_test.go:256: [testDaemonIpcPrivateShareable] ipcdev: 0:58, shared: true, mustBeShared: true
    daemon.go:283: [d49cddf39d587] exiting daemon
=== RUN   TestDaemonIpcModePrivate
--- PASS: TestDaemonIpcModePrivate (1.35s)
    daemon.go:296: [d1968c9d8bb6b] waiting for daemon to start
    daemon.go:328: [d1968c9d8bb6b] daemon started
    ipcmode_test.go:256: [testDaemonIpcPrivateShareable] ipcdev: 0:64, shared: false, mustBeShared: false
    daemon.go:283: [d1968c9d8bb6b] exiting daemon
=== RUN   TestDaemonIpcModePrivateFromConfig
--- PASS: TestDaemonIpcModePrivateFromConfig (1.32s)
    daemon.go:296: [d964f773d2598] waiting for daemon to start
    daemon.go:328: [d964f773d2598] daemon started
    ipcmode_test.go:256: [testDaemonIpcPrivateShareable] ipcdev: 0:64, shared: false, mustBeShared: false
    daemon.go:283: [d964f773d2598] exiting daemon
=== RUN   TestDaemonIpcModeShareableFromConfig
--- PASS: TestDaemonIpcModeShareableFromConfig (1.46s)
    daemon.go:296: [dc37d8eff5fd4] waiting for daemon to start
    daemon.go:328: [dc37d8eff5fd4] daemon started
    ipcmode_test.go:256: [testDaemonIpcPrivateShareable] ipcdev: 0:58, shared: true, mustBeShared: true
    daemon.go:283: [dc37d8eff5fd4] exiting daemon
=== RUN   TestKillContainerInvalidSignal
--- PASS: TestKillContainerInvalidSignal (0.53s)
=== RUN   TestKillContainer
=== RUN   TestKillContainer/no_signal
=== RUN   TestKillContainer/non_killing_signal
=== RUN   TestKillContainer/killing_signal
--- PASS: TestKillContainer (1.64s)
    --- PASS: TestKillContainer/no_signal (0.51s)
    --- PASS: TestKillContainer/non_killing_signal (0.36s)
    --- PASS: TestKillContainer/killing_signal (0.53s)
=== RUN   TestKillWithStopSignalAndRestartPolicies
=== RUN   TestKillWithStopSignalAndRestartPolicies/same-signal-disables-restart-policy
=== RUN   TestKillWithStopSignalAndRestartPolicies/different-signal-keep-restart-policy
--- PASS: TestKillWithStopSignalAndRestartPolicies (1.08s)
    --- PASS: TestKillWithStopSignalAndRestartPolicies/same-signal-disables-restart-policy (0.51s)
    --- PASS: TestKillWithStopSignalAndRestartPolicies/different-signal-keep-restart-policy (0.36s)
=== RUN   TestKillStoppedContainer
--- PASS: TestKillStoppedContainer (0.07s)
=== RUN   TestKillStoppedContainerAPIPre120
--- PASS: TestKillStoppedContainerAPIPre120 (0.07s)
=== RUN   TestKillDifferentUserContainer
--- PASS: TestKillDifferentUserContainer (0.55s)
=== RUN   TestInspectOomKilledTrue
--- SKIP: TestInspectOomKilledTrue (0.00s)
    kill_test.go:153: testEnv.DaemonInfo.OSType == "windows" || !testEnv.DaemonInfo.MemoryLimit || !testEnv.DaemonInfo.SwapLimit
=== RUN   TestInspectOomKilledFalse
--- SKIP: TestInspectOomKilledFalse (0.00s)
    kill_test.go:171: testEnv.DaemonInfo.OSType == "windows" || !testEnv.DaemonInfo.MemoryLimit || !testEnv.DaemonInfo.SwapLimit
=== RUN   TestLinksEtcHostsContentMatch
--- PASS: TestLinksEtcHostsContentMatch (0.47s)
=== RUN   TestLinksContainerNames
--- PASS: TestLinksContainerNames (1.08s)
=== RUN   TestLogsFollowTailEmpty
--- PASS: TestLogsFollowTailEmpty (0.53s)
=== RUN   TestContainerNetworkMountsNoChown
--- PASS: TestContainerNetworkMountsNoChown (0.52s)
=== RUN   TestMountDaemonRoot
=== PAUSE TestMountDaemonRoot
=== RUN   TestContainerBindMountNonRecursive
--- PASS: TestContainerBindMountNonRecursive (1.28s)
=== RUN   TestNetworkNat
--- PASS: TestNetworkNat (0.54s)
=== RUN   TestNetworkLocalhostTCPNat
--- PASS: TestNetworkLocalhostTCPNat (0.55s)
=== RUN   TestNetworkLoopbackNat
--- PASS: TestNetworkLoopbackNat (0.77s)
=== RUN   TestPause
--- PASS: TestPause (0.55s)
=== RUN   TestPauseFailsOnWindowsServerContainers
--- SKIP: TestPauseFailsOnWindowsServerContainers (0.00s)
    pause_test.go:54: testEnv.DaemonInfo.OSType != "windows" || testEnv.DaemonInfo.Isolation != "process"
=== RUN   TestPauseStopPausedContainer
--- PASS: TestPauseStopPausedContainer (0.57s)
=== RUN   TestPsFilter
--- PASS: TestPsFilter (0.18s)
=== RUN   TestRemoveContainerWithRemovedVolume
--- PASS: TestRemoveContainerWithRemovedVolume (0.50s)
=== RUN   TestRemoveContainerWithVolume
--- PASS: TestRemoveContainerWithVolume (0.50s)
=== RUN   TestRemoveContainerRunning
--- PASS: TestRemoveContainerRunning (0.55s)
=== RUN   TestRemoveContainerForceRemoveRunning
--- PASS: TestRemoveContainerForceRemoveRunning (0.52s)
=== RUN   TestRemoveInvalidContainer
--- PASS: TestRemoveInvalidContainer (0.01s)
=== RUN   TestRenameLinkedContainer
--- PASS: TestRenameLinkedContainer (2.15s)
=== RUN   TestRenameStoppedContainer
--- PASS: TestRenameStoppedContainer (0.51s)
=== RUN   TestRenameRunningContainerAndReuse
--- PASS: TestRenameRunningContainerAndReuse (1.06s)
=== RUN   TestRenameInvalidName
--- PASS: TestRenameInvalidName (0.52s)
=== RUN   TestRenameAnonymousContainer
--- FAIL: TestRenameAnonymousContainer (1.74s)
    rename_test.go:169: assertion failed: 0 (int) != 1 (inspect.State.ExitCode int): container 5fe32de3d046b710d664c28119cd552c062ee5f1fa8875fe82c1d9b06808f006 exited with the wrong exitcode: {ContainerJSONBase:0xc000698b00 Mounts:[] Config:0xc0008b2780 NetworkSettings:0xc0007afe00}
=== RUN   TestRenameContainerWithSameName
--- PASS: TestRenameContainerWithSameName (0.54s)
=== RUN   TestRenameContainerWithLinkedContainer
--- PASS: TestRenameContainerWithLinkedContainer (1.07s)
=== RUN   TestResize
--- PASS: TestResize (0.54s)
=== RUN   TestResizeWithInvalidSize
--- PASS: TestResizeWithInvalidSize (0.53s)
=== RUN   TestResizeWhenContainerNotStarted
--- PASS: TestResizeWhenContainerNotStarted (0.52s)
=== RUN   TestDaemonRestartKillContainers
=== RUN   TestDaemonRestartKillContainers/live-restore=false/container_without_restart_policy/kill-daemon
=== PAUSE TestDaemonRestartKillContainers/live-restore=false/container_without_restart_policy/kill-daemon
=== RUN   TestDaemonRestartKillContainers/live-restore=false/container_without_restart_policy/stop-daemon
=== PAUSE TestDaemonRestartKillContainers/live-restore=false/container_without_restart_policy/stop-daemon
=== RUN   TestDaemonRestartKillContainers/live-restore=true/container_without_restart_policy/kill-daemon
=== PAUSE TestDaemonRestartKillContainers/live-restore=true/container_without_restart_policy/kill-daemon
=== RUN   TestDaemonRestartKillContainers/live-restore=true/container_without_restart_policy/stop-daemon
=== PAUSE TestDaemonRestartKillContainers/live-restore=true/container_without_restart_policy/stop-daemon
=== RUN   TestDaemonRestartKillContainers/live-restore=false/container_with_restart=always/stop-daemon
=== PAUSE TestDaemonRestartKillContainers/live-restore=false/container_with_restart=always/stop-daemon
=== RUN   TestDaemonRestartKillContainers/live-restore=false/container_with_restart=always/kill-daemon
=== PAUSE TestDaemonRestartKillContainers/live-restore=false/container_with_restart=always/kill-daemon
=== RUN   TestDaemonRestartKillContainers/live-restore=true/container_with_restart=always/kill-daemon
=== PAUSE TestDaemonRestartKillContainers/live-restore=true/container_with_restart=always/kill-daemon
=== RUN   TestDaemonRestartKillContainers/live-restore=true/container_with_restart=always/stop-daemon
=== PAUSE TestDaemonRestartKillContainers/live-restore=true/container_with_restart=always/stop-daemon
=== RUN   TestDaemonRestartKillContainers/live-restore=false/container_created_should_not_be_restarted/kill-daemon
=== PAUSE TestDaemonRestartKillContainers/live-restore=false/container_created_should_not_be_restarted/kill-daemon
=== RUN   TestDaemonRestartKillContainers/live-restore=false/container_created_should_not_be_restarted/stop-daemon
=== PAUSE TestDaemonRestartKillContainers/live-restore=false/container_created_should_not_be_restarted/stop-daemon
=== RUN   TestDaemonRestartKillContainers/live-restore=true/container_created_should_not_be_restarted/kill-daemon
=== PAUSE TestDaemonRestartKillContainers/live-restore=true/container_created_should_not_be_restarted/kill-daemon
=== RUN   TestDaemonRestartKillContainers/live-restore=true/container_created_should_not_be_restarted/stop-daemon
=== PAUSE TestDaemonRestartKillContainers/live-restore=true/container_created_should_not_be_restarted/stop-daemon
=== CONT  TestDaemonRestartKillContainers/live-restore=false/container_without_restart_policy/kill-daemon
=== CONT  TestDaemonRestartKillContainers/live-restore=true/container_with_restart=always/kill-daemon
=== CONT  TestDaemonRestartKillContainers/live-restore=false/container_with_restart=always/kill-daemon
=== CONT  TestDaemonRestartKillContainers/live-restore=false/container_with_restart=always/stop-daemon
=== CONT  TestDaemonRestartKillContainers/live-restore=true/container_without_restart_policy/stop-daemon
=== CONT  TestDaemonRestartKillContainers/live-restore=true/container_without_restart_policy/kill-daemon
=== CONT  TestDaemonRestartKillContainers/live-restore=false/container_without_restart_policy/stop-daemon
=== CONT  TestDaemonRestartKillContainers/live-restore=false/container_created_should_not_be_restarted/stop-daemon
=== CONT  TestDaemonRestartKillContainers/live-restore=true/container_created_should_not_be_restarted/stop-daemon
=== CONT  TestDaemonRestartKillContainers/live-restore=true/container_created_should_not_be_restarted/kill-daemon
=== CONT  TestDaemonRestartKillContainers/live-restore=false/container_created_should_not_be_restarted/kill-daemon
=== CONT  TestDaemonRestartKillContainers/live-restore=true/container_with_restart=always/stop-daemon
--- PASS: TestDaemonRestartKillContainers (0.00s)
    --- PASS: TestDaemonRestartKillContainers/live-restore=false/container_without_restart_policy/kill-daemon (1.84s)
        daemon.go:296: [dbedeadf2db72] waiting for daemon to start
        daemon.go:328: [dbedeadf2db72] daemon started
        daemon.go:296: [dbedeadf2db72] waiting for daemon to start
        daemon.go:328: [dbedeadf2db72] daemon started
        daemon.go:283: [dbedeadf2db72] exiting daemon
    --- PASS: TestDaemonRestartKillContainers/live-restore=true/container_with_restart=always/kill-daemon (2.07s)
        daemon.go:296: [d04ec87477a93] waiting for daemon to start
        daemon.go:328: [d04ec87477a93] daemon started
        daemon.go:296: [d04ec87477a93] waiting for daemon to start
        daemon.go:328: [d04ec87477a93] daemon started
        daemon.go:283: [d04ec87477a93] exiting daemon
    --- PASS: TestDaemonRestartKillContainers/live-restore=false/container_with_restart=always/kill-daemon (2.20s)
        daemon.go:296: [dfdbe2c44d777] waiting for daemon to start
        daemon.go:328: [dfdbe2c44d777] daemon started
        daemon.go:296: [dfdbe2c44d777] waiting for daemon to start
        daemon.go:328: [dfdbe2c44d777] daemon started
        daemon.go:283: [dfdbe2c44d777] exiting daemon
    --- PASS: TestDaemonRestartKillContainers/live-restore=false/container_with_restart=always/stop-daemon (2.26s)
        daemon.go:296: [d577dc3d11e88] waiting for daemon to start
        daemon.go:328: [d577dc3d11e88] daemon started
        daemon.go:283: [d577dc3d11e88] exiting daemon
        daemon.go:296: [d577dc3d11e88] waiting for daemon to start
        daemon.go:328: [d577dc3d11e88] daemon started
        daemon.go:283: [d577dc3d11e88] exiting daemon
    --- PASS: TestDaemonRestartKillContainers/live-restore=true/container_without_restart_policy/stop-daemon (1.85s)
        daemon.go:296: [d58f786696554] waiting for daemon to start
        daemon.go:328: [d58f786696554] daemon started
        daemon.go:283: [d58f786696554] exiting daemon
        daemon.go:296: [d58f786696554] waiting for daemon to start
        daemon.go:328: [d58f786696554] daemon started
        daemon.go:283: [d58f786696554] exiting daemon
    --- PASS: TestDaemonRestartKillContainers/live-restore=true/container_without_restart_policy/kill-daemon (1.89s)
        daemon.go:296: [d1b058b8fb021] waiting for daemon to start
        daemon.go:328: [d1b058b8fb021] daemon started
        daemon.go:296: [d1b058b8fb021] waiting for daemon to start
        daemon.go:328: [d1b058b8fb021] daemon started
        daemon.go:283: [d1b058b8fb021] exiting daemon
    --- PASS: TestDaemonRestartKillContainers/live-restore=false/container_created_should_not_be_restarted/stop-daemon (1.37s)
        daemon.go:296: [ddd27d05fe69c] waiting for daemon to start
        daemon.go:328: [ddd27d05fe69c] daemon started
        daemon.go:283: [ddd27d05fe69c] exiting daemon
        daemon.go:296: [ddd27d05fe69c] waiting for daemon to start
        daemon.go:328: [ddd27d05fe69c] daemon started
        daemon.go:283: [ddd27d05fe69c] exiting daemon
    --- PASS: TestDaemonRestartKillContainers/live-restore=false/container_without_restart_policy/stop-daemon (1.91s)
        daemon.go:296: [dba4a50be6b59] waiting for daemon to start
        daemon.go:328: [dba4a50be6b59] daemon started
        daemon.go:283: [dba4a50be6b59] exiting daemon
        daemon.go:296: [dba4a50be6b59] waiting for daemon to start
        daemon.go:328: [dba4a50be6b59] daemon started
        daemon.go:283: [dba4a50be6b59] exiting daemon
    --- PASS: TestDaemonRestartKillContainers/live-restore=true/container_created_should_not_be_restarted/stop-daemon (1.36s)
        daemon.go:296: [d33c6637d9e14] waiting for daemon to start
        daemon.go:328: [d33c6637d9e14] daemon started
        daemon.go:283: [d33c6637d9e14] exiting daemon
        daemon.go:296: [d33c6637d9e14] waiting for daemon to start
        daemon.go:328: [d33c6637d9e14] daemon started
        daemon.go:283: [d33c6637d9e14] exiting daemon
    --- PASS: TestDaemonRestartKillContainers/live-restore=true/container_created_should_not_be_restarted/kill-daemon (1.36s)
        daemon.go:296: [d4e70ae3d20f7] waiting for daemon to start
        daemon.go:328: [d4e70ae3d20f7] daemon started
        daemon.go:296: [d4e70ae3d20f7] waiting for daemon to start
        daemon.go:328: [d4e70ae3d20f7] daemon started
        daemon.go:283: [d4e70ae3d20f7] exiting daemon
    --- PASS: TestDaemonRestartKillContainers/live-restore=false/container_created_should_not_be_restarted/kill-daemon (1.34s)
        daemon.go:296: [d1771df3a22b6] waiting for daemon to start
        daemon.go:328: [d1771df3a22b6] daemon started
        daemon.go:296: [d1771df3a22b6] waiting for daemon to start
        daemon.go:328: [d1771df3a22b6] daemon started
        daemon.go:283: [d1771df3a22b6] exiting daemon
    --- PASS: TestDaemonRestartKillContainers/live-restore=true/container_with_restart=always/stop-daemon (1.82s)
        daemon.go:296: [d55a2ec2aae58] waiting for daemon to start
        daemon.go:328: [d55a2ec2aae58] daemon started
        daemon.go:283: [d55a2ec2aae58] exiting daemon
        daemon.go:296: [d55a2ec2aae58] waiting for daemon to start
        daemon.go:328: [d55a2ec2aae58] daemon started
        daemon.go:283: [d55a2ec2aae58] exiting daemon
=== RUN   TestKernelTCPMemory
--- PASS: TestKernelTCPMemory (0.66s)
=== RUN   TestNISDomainname
--- PASS: TestNISDomainname (0.76s)
=== RUN   TestStats
--- PASS: TestStats (1.84s)
=== RUN   TestStopContainerWithTimeout
=== RUN   TestStopContainerWithTimeout/0
=== PAUSE TestStopContainerWithTimeout/0
=== RUN   TestStopContainerWithTimeout/1
=== PAUSE TestStopContainerWithTimeout/1
=== RUN   TestStopContainerWithTimeout/3
=== PAUSE TestStopContainerWithTimeout/3
=== RUN   TestStopContainerWithTimeout/-1
=== PAUSE TestStopContainerWithTimeout/-1
=== CONT  TestStopContainerWithTimeout/0
=== CONT  TestStopContainerWithTimeout/3
=== CONT  TestStopContainerWithTimeout/-1
=== CONT  TestStopContainerWithTimeout/1
--- PASS: TestStopContainerWithTimeout (0.01s)
    --- PASS: TestStopContainerWithTimeout/0 (0.69s)
    --- PASS: TestStopContainerWithTimeout/3 (2.63s)
    --- PASS: TestStopContainerWithTimeout/-1 (2.51s)
    --- PASS: TestStopContainerWithTimeout/1 (1.51s)
=== RUN   TestDeleteDevicemapper
--- SKIP: TestDeleteDevicemapper (0.00s)
    stop_linux_test.go:75: testEnv.DaemonInfo.Driver != "devicemapper"
=== RUN   TestStopContainerWithRestartPolicyAlways
--- PASS: TestStopContainerWithRestartPolicyAlways (2.14s)
=== RUN   TestUpdateMemory
--- SKIP: TestUpdateMemory (0.00s)
    update_linux_test.go:22: !testEnv.DaemonInfo.SwapLimit
=== RUN   TestUpdateCPUQuota
=== PAUSE TestUpdateCPUQuota
=== RUN   TestUpdateRestartPolicy
--- PASS: TestUpdateRestartPolicy (11.31s)
=== RUN   TestUpdateRestartWithAutoRemove
--- PASS: TestUpdateRestartWithAutoRemove (0.55s)
=== RUN   TestWaitNonBlocked
=== RUN   TestWaitNonBlocked/wait-nonblocking-exit-0
=== PAUSE TestWaitNonBlocked/wait-nonblocking-exit-0
=== RUN   TestWaitNonBlocked/wait-nonblocking-exit-random
=== PAUSE TestWaitNonBlocked/wait-nonblocking-exit-random
=== CONT  TestWaitNonBlocked/wait-nonblocking-exit-0
=== CONT  TestWaitNonBlocked/wait-nonblocking-exit-random
--- PASS: TestWaitNonBlocked (0.01s)
    --- PASS: TestWaitNonBlocked/wait-nonblocking-exit-random (0.67s)
    --- PASS: TestWaitNonBlocked/wait-nonblocking-exit-0 (0.70s)
=== RUN   TestWaitBlocked
=== RUN   TestWaitBlocked/test-wait-blocked-exit-zero
=== PAUSE TestWaitBlocked/test-wait-blocked-exit-zero
=== RUN   TestWaitBlocked/test-wait-blocked-exit-random
=== PAUSE TestWaitBlocked/test-wait-blocked-exit-random
=== CONT  TestWaitBlocked/test-wait-blocked-exit-zero
=== CONT  TestWaitBlocked/test-wait-blocked-exit-random
--- PASS: TestWaitBlocked (0.01s)
    --- PASS: TestWaitBlocked/test-wait-blocked-exit-zero (0.84s)
    --- PASS: TestWaitBlocked/test-wait-blocked-exit-random (0.87s)
=== CONT  TestContainerStartOnDaemonRestart
=== CONT  TestUpdateCPUQuota
--- PASS: TestUpdateCPUQuota (1.47s)
=== CONT  TestMountDaemonRoot
=== RUN   TestMountDaemonRoot/default
=== PAUSE TestMountDaemonRoot/default
=== RUN   TestMountDaemonRoot/private
=== PAUSE TestMountDaemonRoot/private
=== RUN   TestMountDaemonRoot/rprivate
=== PAUSE TestMountDaemonRoot/rprivate
=== RUN   TestMountDaemonRoot/slave
=== PAUSE TestMountDaemonRoot/slave
=== RUN   TestMountDaemonRoot/rslave
=== PAUSE TestMountDaemonRoot/rslave
=== RUN   TestMountDaemonRoot/shared
=== PAUSE TestMountDaemonRoot/shared
=== RUN   TestMountDaemonRoot/rshared
=== PAUSE TestMountDaemonRoot/rshared
=== CONT  TestMountDaemonRoot/default
=== RUN   TestMountDaemonRoot/default/bind_root
=== PAUSE TestMountDaemonRoot/default/bind_root
=== RUN   TestMountDaemonRoot/default/bind_subpath
=== PAUSE TestMountDaemonRoot/default/bind_subpath
=== RUN   TestMountDaemonRoot/default/mount_root
=== PAUSE TestMountDaemonRoot/default/mount_root
=== RUN   TestMountDaemonRoot/default/mount_subpath
=== PAUSE TestMountDaemonRoot/default/mount_subpath
=== CONT  TestMountDaemonRoot/default/bind_root
=== CONT  TestMountDaemonRoot/rprivate
=== RUN   TestMountDaemonRoot/rprivate/bind_root
=== PAUSE TestMountDaemonRoot/rprivate/bind_root
=== RUN   TestMountDaemonRoot/rprivate/bind_subpath
=== PAUSE TestMountDaemonRoot/rprivate/bind_subpath
=== RUN   TestMountDaemonRoot/rprivate/mount_root
=== PAUSE TestMountDaemonRoot/rprivate/mount_root
=== RUN   TestMountDaemonRoot/rprivate/mount_subpath
=== PAUSE TestMountDaemonRoot/rprivate/mount_subpath
=== CONT  TestMountDaemonRoot/rshared
=== RUN   TestMountDaemonRoot/rshared/bind_subpath
=== PAUSE TestMountDaemonRoot/rshared/bind_subpath
=== RUN   TestMountDaemonRoot/rshared/mount_root
=== PAUSE TestMountDaemonRoot/rshared/mount_root
=== RUN   TestMountDaemonRoot/rshared/mount_subpath
=== PAUSE TestMountDaemonRoot/rshared/mount_subpath
=== RUN   TestMountDaemonRoot/rshared/bind_root
=== PAUSE TestMountDaemonRoot/rshared/bind_root
=== CONT  TestMountDaemonRoot/shared
=== RUN   TestMountDaemonRoot/shared/bind_root
=== PAUSE TestMountDaemonRoot/shared/bind_root
=== RUN   TestMountDaemonRoot/shared/bind_subpath
=== PAUSE TestMountDaemonRoot/shared/bind_subpath
=== RUN   TestMountDaemonRoot/shared/mount_root
=== PAUSE TestMountDaemonRoot/shared/mount_root
=== RUN   TestMountDaemonRoot/shared/mount_subpath
=== PAUSE TestMountDaemonRoot/shared/mount_subpath
=== CONT  TestMountDaemonRoot/rslave
=== RUN   TestMountDaemonRoot/rslave/mount_root
=== PAUSE TestMountDaemonRoot/rslave/mount_root
=== RUN   TestMountDaemonRoot/rslave/mount_subpath
=== PAUSE TestMountDaemonRoot/rslave/mount_subpath
=== RUN   TestMountDaemonRoot/rslave/bind_root
=== PAUSE TestMountDaemonRoot/rslave/bind_root
=== RUN   TestMountDaemonRoot/rslave/bind_subpath
=== PAUSE TestMountDaemonRoot/rslave/bind_subpath
=== CONT  TestMountDaemonRoot/slave
=== RUN   TestMountDaemonRoot/slave/bind_root
=== PAUSE TestMountDaemonRoot/slave/bind_root
=== RUN   TestMountDaemonRoot/slave/bind_subpath
=== PAUSE TestMountDaemonRoot/slave/bind_subpath
=== RUN   TestMountDaemonRoot/slave/mount_root
=== PAUSE TestMountDaemonRoot/slave/mount_root
=== RUN   TestMountDaemonRoot/slave/mount_subpath
=== PAUSE TestMountDaemonRoot/slave/mount_subpath
=== CONT  TestMountDaemonRoot/default/mount_subpath
=== CONT  TestMountDaemonRoot/private
=== RUN   TestMountDaemonRoot/private/bind_root
=== PAUSE TestMountDaemonRoot/private/bind_root
=== RUN   TestMountDaemonRoot/private/bind_subpath
=== PAUSE TestMountDaemonRoot/private/bind_subpath
=== RUN   TestMountDaemonRoot/private/mount_root
=== PAUSE TestMountDaemonRoot/private/mount_root
=== RUN   TestMountDaemonRoot/private/mount_subpath
=== PAUSE TestMountDaemonRoot/private/mount_subpath
=== CONT  TestMountDaemonRoot/default/mount_root
=== CONT  TestMountDaemonRoot/default/bind_subpath
=== CONT  TestMountDaemonRoot/rprivate/bind_root
=== CONT  TestMountDaemonRoot/rshared/bind_subpath
=== CONT  TestMountDaemonRoot/rprivate/bind_subpath
=== CONT  TestMountDaemonRoot/rprivate/mount_subpath
=== CONT  TestMountDaemonRoot/rprivate/mount_root
=== CONT  TestMountDaemonRoot/rshared/mount_subpath
=== CONT  TestMountDaemonRoot/rshared/bind_root
=== CONT  TestMountDaemonRoot/rshared/mount_root
=== CONT  TestMountDaemonRoot/shared/bind_root
--- PASS: TestContainerStartOnDaemonRestart (2.44s)
    daemon.go:296: [d50f827cff9cb] waiting for daemon to start
    daemon.go:328: [d50f827cff9cb] daemon started
    daemon.go:296: [d50f827cff9cb] waiting for daemon to start
    daemon.go:328: [d50f827cff9cb] daemon started
    daemon.go:283: [d50f827cff9cb] exiting daemon
=== CONT  TestMountDaemonRoot/shared/mount_root
=== CONT  TestMountDaemonRoot/shared/mount_subpath
=== CONT  TestMountDaemonRoot/shared/bind_subpath
=== CONT  TestMountDaemonRoot/rslave/mount_root
=== CONT  TestMountDaemonRoot/slave/bind_root
=== CONT  TestMountDaemonRoot/rslave/bind_subpath
=== CONT  TestMountDaemonRoot/rslave/bind_root
=== CONT  TestMountDaemonRoot/rslave/mount_subpath
=== CONT  TestMountDaemonRoot/slave/mount_root
=== CONT  TestMountDaemonRoot/slave/mount_subpath
=== CONT  TestMountDaemonRoot/slave/bind_subpath
=== CONT  TestMountDaemonRoot/private/bind_root
=== CONT  TestMountDaemonRoot/private/mount_subpath
=== CONT  TestMountDaemonRoot/private/mount_root
=== CONT  TestMountDaemonRoot/private/bind_subpath
--- PASS: TestMountDaemonRoot (0.02s)
    --- PASS: TestMountDaemonRoot/default (0.00s)
        --- PASS: TestMountDaemonRoot/default/bind_root (0.10s)
        --- PASS: TestMountDaemonRoot/default/mount_subpath (0.08s)
        --- PASS: TestMountDaemonRoot/default/mount_root (0.09s)
        --- PASS: TestMountDaemonRoot/default/bind_subpath (0.10s)
    --- PASS: TestMountDaemonRoot/rprivate (0.00s)
        --- PASS: TestMountDaemonRoot/rprivate/bind_root (0.07s)
        --- PASS: TestMountDaemonRoot/rprivate/bind_subpath (0.04s)
        --- PASS: TestMountDaemonRoot/rprivate/mount_subpath (0.05s)
        --- PASS: TestMountDaemonRoot/rprivate/mount_root (0.08s)
    --- PASS: TestMountDaemonRoot/rshared (0.00s)
        --- PASS: TestMountDaemonRoot/rshared/bind_subpath (0.08s)
        --- PASS: TestMountDaemonRoot/rshared/mount_subpath (0.09s)
        --- PASS: TestMountDaemonRoot/rshared/bind_root (0.07s)
        --- PASS: TestMountDaemonRoot/rshared/mount_root (0.06s)
    --- PASS: TestMountDaemonRoot/shared (0.00s)
        --- PASS: TestMountDaemonRoot/shared/bind_root (0.07s)
        --- PASS: TestMountDaemonRoot/shared/mount_root (0.09s)
        --- PASS: TestMountDaemonRoot/shared/mount_subpath (0.10s)
        --- PASS: TestMountDaemonRoot/shared/bind_subpath (0.10s)
    --- PASS: TestMountDaemonRoot/rslave (0.00s)
        --- PASS: TestMountDaemonRoot/rslave/mount_root (0.12s)
        --- PASS: TestMountDaemonRoot/rslave/bind_subpath (0.09s)
        --- PASS: TestMountDaemonRoot/rslave/bind_root (0.13s)
        --- PASS: TestMountDaemonRoot/rslave/mount_subpath (0.10s)
    --- PASS: TestMountDaemonRoot/slave (0.00s)
        --- PASS: TestMountDaemonRoot/slave/bind_root (0.06s)
        --- PASS: TestMountDaemonRoot/slave/mount_root (0.06s)
        --- PASS: TestMountDaemonRoot/slave/mount_subpath (0.08s)
        --- PASS: TestMountDaemonRoot/slave/bind_subpath (0.08s)
    --- PASS: TestMountDaemonRoot/private (0.00s)
        --- PASS: TestMountDaemonRoot/private/bind_root (0.08s)
        --- PASS: TestMountDaemonRoot/private/mount_subpath (0.08s)
        --- PASS: TestMountDaemonRoot/private/mount_root (0.09s)
        --- PASS: TestMountDaemonRoot/private/bind_subpath (0.09s)
FAIL
---> Making bundle: .integration-daemon-stop (in bundles/test-integration)
Clearing AppArmor profiles cache:.
All profile caches have been cleared, but no profiles have been unloaded.
Unloading profiles will leave already running processes permanently
unconfined, which can lead to unexpected situations.

To set a process to complain mode, use the command line tool
'aa-complain'. To really tear down all profiles, run the init script
with the 'teardown' option."
Removing test suite binaries
Build step 'Execute shell' marked build as failure
Set build name.
New build name is '#38452'
[PostBuildScript] - Executing post build scripts.
[Docker-PRs-experimental] $ /bin/sh -xe /tmp/jenkins7166089956163097928.sh
+ echo Ensuring container killed.
Ensuring container killed.
+ docker rm -vf docker-pr-exp43520
Error: No such container: docker-pr-exp43520
+ true
+ echo Chowning /workspace to jenkins user
Chowning /workspace to jenkins user
+ id -u
+ id -g
+ docker run --rm -v /home/ubuntu/workspace/Docker-PRs-experimental:/workspace busybox chown -R 1000:1000 /workspace
[Docker-PRs-experimental] $ /bin/sh -xe /tmp/jenkins1192704421527322792.sh
+ echo Creating bundles.tar.gz
Creating bundles.tar.gz
+ xargs tar -czf bundles.tar.gz
+ find bundles -name *.log
Archiving artifacts
Notifying endpoint with url 'https://leeroy.dockerproject.org/notification/jenkins'
[WS-CLEANUP] Deleting project workspace...[WS-CLEANUP] done
Finished: FAILURE
