Started by user Gordon
Notifying endpoint with url 'https://leeroy.dockerproject.org/notification/jenkins'
[EnvInject] - Loading node environment variables.
Building remotely on ubuntu-1604-aufs-stable (i-00f0d67bd85b448a2) (docker-edge ubuntu aufs docker-stable docker ubuntu-1604-aufs-edge x86_64 ec2 linux ubuntu-1604-aufs ubuntu-1604 amd64 ubuntu-1604-aufs-stable us-west-2) in workspace /home/ubuntu/workspace/Docker-PRs-experimental
Wiping out workspace first.
Cloning the remote Git repository
Cloning repository https://github.com/moby/moby.git
 > git init /home/ubuntu/workspace/Docker-PRs-experimental # timeout=10
Fetching upstream changes from https://github.com/moby/moby.git
 > git --version # timeout=10
 > git fetch --tags --progress https://github.com/moby/moby.git +refs/heads/*:refs/remotes/origin/*
 > git config remote.origin.url https://github.com/moby/moby.git # timeout=10
 > git config --add remote.origin.fetch +refs/heads/*:refs/remotes/origin/* # timeout=10
 > git config remote.origin.url https://github.com/moby/moby.git # timeout=10
Fetching upstream changes from https://github.com/moby/moby.git
 > git fetch --tags --progress https://github.com/moby/moby.git +refs/heads/*:refs/remotes/origin/*
 > git rev-parse origin/master^{commit} # timeout=10
Checking out Revision e0e9942dc5466884e7b2ef5c509a9dab33c4a01a (origin/master)
 > git config core.sparsecheckout # timeout=10
 > git checkout -f e0e9942dc5466884e7b2ef5c509a9dab33c4a01a
Commit message: "Merge pull request #38419 from thaJeztah/fix_nuke_everything"
 > git rev-list --no-walk e0e9942dc5466884e7b2ef5c509a9dab33c4a01a # timeout=10
Set build name.
New build name is '#38449'
[Docker-PRs-experimental] $ /bin/bash /tmp/jenkins6429669430092566323.sh
From https://github.com/moby/moby
 * [new ref]         refs/pull/38449/head -> origin/pr/38449
Updating e0e9942..7997a7e
Fast-forward
 daemon/container.go                  | 32 +++++++++++++++++++++++---------
 integration/container/create_test.go | 29 +++++++++++++++++++----------
 opts/env.go                          |  4 ++--
 opts/env_test.go                     | 23 +++++++++++++++--------
 4 files changed, 59 insertions(+), 29 deletions(-)
Sending build context to Docker daemon   45.1MB
Step 1/94 : FROM golang:1.11.4 AS base
 ---> 343df9d12b7b
Step 2/94 : ARG APT_MIRROR=deb.debian.org
 ---> Using cache
 ---> b3c27ea27d57
Step 3/94 : RUN sed -ri "s/(httpredir|deb).debian.org/$APT_MIRROR/g" /etc/apt/sources.list
 ---> Using cache
 ---> 9392bd224a0c
Step 4/94 : FROM base AS criu
 ---> 9392bd224a0c
Step 5/94 : ENV CRIU_VERSION 3.6
 ---> Running in f94a7c27024a
Removing intermediate container f94a7c27024a
 ---> 7fcd8068e3d1
Step 6/94 : RUN apt-get update && apt-get install -y 	libnet-dev 	libprotobuf-c0-dev 	libprotobuf-dev 	libnl-3-dev 	libcap-dev 	protobuf-compiler 	protobuf-c-compiler 	python-protobuf 	&& mkdir -p /usr/src/criu 	&& curl -sSL https://github.com/checkpoint-restore/criu/archive/v${CRIU_VERSION}.tar.gz | tar -C /usr/src/criu/ -xz --strip-components=1 	&& cd /usr/src/criu 	&& make 	&& make PREFIX=/build/ install-criu
 ---> Running in fa18dd186208
Get:1 http://security.debian.org/debian-security stretch/updates InRelease [94.3 kB]
Get:2 http://security.debian.org/debian-security stretch/updates/main amd64 Packages [464 kB]
Ign:3 http://cdn-fastly.deb.debian.org/debian stretch InRelease
Get:4 http://cdn-fastly.deb.debian.org/debian stretch-updates InRelease [91.0 kB]
Get:5 http://cdn-fastly.deb.debian.org/debian stretch Release [118 kB]
Get:6 http://cdn-fastly.deb.debian.org/debian stretch Release.gpg [2434 B]
Get:7 http://cdn-fastly.deb.debian.org/debian stretch-updates/main amd64 Packages [5152 B]
Get:8 http://cdn-fastly.deb.debian.org/debian stretch/main amd64 Packages [7089 kB]
Fetched 7864 kB in 2s (3016 kB/s)
Reading package lists...
Reading package lists...
Building dependency tree...
Reading state information...
The following additional packages will be installed:
  libnet1 libnl-3-200 libprotobuf-c1 libprotobuf-lite10 libprotobuf10
  libprotoc10 python-pkg-resources zlib1g-dev
Suggested packages:
  manpages-dev python-setuptools
The following NEW packages will be installed:
  libcap-dev libnet1 libnet1-dev libnl-3-200 libnl-3-dev libprotobuf-c-dev
  libprotobuf-c1 libprotobuf-dev libprotobuf-lite10 libprotobuf10 libprotoc10
  protobuf-c-compiler protobuf-compiler python-pkg-resources python-protobuf
  zlib1g-dev
0 upgraded, 16 newly installed, 0 to remove and 0 not upgraded.
Need to get 3602 kB of archives.
After this operation, 18.9 MB of additional disk space will be used.
Get:1 http://cdn-fastly.deb.debian.org/debian stretch/main amd64 libnet1 amd64 1.1.6+dfsg-3 [60.4 kB]
Get:2 http://cdn-fastly.deb.debian.org/debian stretch/main amd64 libcap-dev amd64 1:2.25-1 [29.4 kB]
Get:3 http://cdn-fastly.deb.debian.org/debian stretch/main amd64 libnet1-dev amd64 1.1.6+dfsg-3 [118 kB]
Get:4 http://cdn-fastly.deb.debian.org/debian stretch/main amd64 libnl-3-200 amd64 3.2.27-2 [61.5 kB]
Get:5 http://cdn-fastly.deb.debian.org/debian stretch/main amd64 libnl-3-dev amd64 3.2.27-2 [96.2 kB]
Get:6 http://cdn-fastly.deb.debian.org/debian stretch/main amd64 libprotobuf-c1 amd64 1.2.1-2 [25.0 kB]
Get:7 http://cdn-fastly.deb.debian.org/debian stretch/main amd64 libprotobuf-c-dev amd64 1.2.1-2 [32.5 kB]
Get:8 http://cdn-fastly.deb.debian.org/debian stretch/main amd64 zlib1g-dev amd64 1:1.2.8.dfsg-5 [205 kB]
Get:9 http://cdn-fastly.deb.debian.org/debian stretch/main amd64 libprotobuf10 amd64 3.0.0-9 [681 kB]
Get:10 http://cdn-fastly.deb.debian.org/debian stretch/main amd64 libprotobuf-lite10 amd64 3.0.0-9 [125 kB]
Get:11 http://cdn-fastly.deb.debian.org/debian stretch/main amd64 libprotobuf-dev amd64 3.0.0-9 [954 kB]
Get:12 http://cdn-fastly.deb.debian.org/debian stretch/main amd64 libprotoc10 amd64 3.0.0-9 [626 kB]
Get:13 http://cdn-fastly.deb.debian.org/debian stretch/main amd64 protobuf-c-compiler amd64 1.2.1-2 [78.4 kB]
Get:14 http://cdn-fastly.deb.debian.org/debian stretch/main amd64 protobuf-compiler amd64 3.0.0-9 [52.8 kB]
Get:15 http://cdn-fastly.deb.debian.org/debian stretch/main amd64 python-pkg-resources all 33.1.1-1 [166 kB]
Get:16 http://cdn-fastly.deb.debian.org/debian stretch/main amd64 python-protobuf amd64 3.0.0-9 [292 kB]
debconf: delaying package configuration, since apt-utils is not installed
Fetched 3602 kB in 1s (3264 kB/s)
Selecting previously unselected package libnet1:amd64.
(Reading database ... (Reading database ... 5%(Reading database ... 10%(Reading database ... 15%(Reading database ... 20%(Reading database ... 25%(Reading database ... 30%(Reading database ... 35%(Reading database ... 40%(Reading database ... 45%(Reading database ... 50%(Reading database ... 55%(Reading database ... 60%(Reading database ... 65%(Reading database ... 70%(Reading database ... 75%(Reading database ... 80%(Reading database ... 85%(Reading database ... 90%(Reading database ... 95%(Reading database ... 100%(Reading database ... 15089 files and directories currently installed.)
Preparing to unpack .../00-libnet1_1.1.6+dfsg-3_amd64.deb ...
Unpacking libnet1:amd64 (1.1.6+dfsg-3) ...
Selecting previously unselected package libcap-dev:amd64.
Preparing to unpack .../01-libcap-dev_1%3a2.25-1_amd64.deb ...
Unpacking libcap-dev:amd64 (1:2.25-1) ...
Selecting previously unselected package libnet1-dev.
Preparing to unpack .../02-libnet1-dev_1.1.6+dfsg-3_amd64.deb ...
Unpacking libnet1-dev (1.1.6+dfsg-3) ...
Selecting previously unselected package libnl-3-200:amd64.
Preparing to unpack .../03-libnl-3-200_3.2.27-2_amd64.deb ...
Unpacking libnl-3-200:amd64 (3.2.27-2) ...
Selecting previously unselected package libnl-3-dev:amd64.
Preparing to unpack .../04-libnl-3-dev_3.2.27-2_amd64.deb ...
Unpacking libnl-3-dev:amd64 (3.2.27-2) ...
Selecting previously unselected package libprotobuf-c1:amd64.
Preparing to unpack .../05-libprotobuf-c1_1.2.1-2_amd64.deb ...
Unpacking libprotobuf-c1:amd64 (1.2.1-2) ...
Selecting previously unselected package libprotobuf-c-dev:amd64.
Preparing to unpack .../06-libprotobuf-c-dev_1.2.1-2_amd64.deb ...
Unpacking libprotobuf-c-dev:amd64 (1.2.1-2) ...
Selecting previously unselected package zlib1g-dev:amd64.
Preparing to unpack .../07-zlib1g-dev_1%3a1.2.8.dfsg-5_amd64.deb ...
Unpacking zlib1g-dev:amd64 (1:1.2.8.dfsg-5) ...
Selecting previously unselected package libprotobuf10:amd64.
Preparing to unpack .../08-libprotobuf10_3.0.0-9_amd64.deb ...
Unpacking libprotobuf10:amd64 (3.0.0-9) ...
Selecting previously unselected package libprotobuf-lite10:amd64.
Preparing to unpack .../09-libprotobuf-lite10_3.0.0-9_amd64.deb ...
Unpacking libprotobuf-lite10:amd64 (3.0.0-9) ...
Selecting previously unselected package libprotobuf-dev:amd64.
Preparing to unpack .../10-libprotobuf-dev_3.0.0-9_amd64.deb ...
Unpacking libprotobuf-dev:amd64 (3.0.0-9) ...
Selecting previously unselected package libprotoc10:amd64.
Preparing to unpack .../11-libprotoc10_3.0.0-9_amd64.deb ...
Unpacking libprotoc10:amd64 (3.0.0-9) ...
Selecting previously unselected package protobuf-c-compiler.
Preparing to unpack .../12-protobuf-c-compiler_1.2.1-2_amd64.deb ...
Unpacking protobuf-c-compiler (1.2.1-2) ...
Selecting previously unselected package protobuf-compiler.
Preparing to unpack .../13-protobuf-compiler_3.0.0-9_amd64.deb ...
Unpacking protobuf-compiler (3.0.0-9) ...
Selecting previously unselected package python-pkg-resources.
Preparing to unpack .../14-python-pkg-resources_33.1.1-1_all.deb ...
Unpacking python-pkg-resources (33.1.1-1) ...
Selecting previously unselected package python-protobuf.
Preparing to unpack .../15-python-protobuf_3.0.0-9_amd64.deb ...
Unpacking python-protobuf (3.0.0-9) ...
Setting up libnet1:amd64 (1.1.6+dfsg-3) ...
Setting up libprotobuf-c1:amd64 (1.2.1-2) ...
Setting up python-pkg-resources (33.1.1-1) ...
Setting up libnet1-dev (1.1.6+dfsg-3) ...
Setting up libprotobuf10:amd64 (3.0.0-9) ...
Processing triggers for libc-bin (2.24-11+deb9u3) ...
Setting up python-protobuf (3.0.0-9) ...
Setting up libcap-dev:amd64 (1:2.25-1) ...
Setting up libprotobuf-c-dev:amd64 (1.2.1-2) ...
Setting up libnl-3-200:amd64 (3.2.27-2) ...
Setting up libprotobuf-lite10:amd64 (3.0.0-9) ...
Setting up libprotoc10:amd64 (3.0.0-9) ...
Setting up protobuf-c-compiler (1.2.1-2) ...
Setting up zlib1g-dev:amd64 (1:1.2.8.dfsg-5) ...
Setting up protobuf-compiler (3.0.0-9) ...
Setting up libprotobuf-dev:amd64 (3.0.0-9) ...
Setting up libnl-3-dev:amd64 (3.2.27-2) ...
Processing triggers for libc-bin (2.24-11+deb9u3) ...
Note: Building without ia32 C/R, missed ia32 support in gcc
      That may be related to missing gcc-multilib in your
      distribution or you may have Debian with buggy toolchain
      (issue https://github.com/xemul/criu/issues/315)
fatal: Not a git repository (or any of the parent directories): .git
  GEN      .gitid
  GEN      criu/include/version.h
  GEN      include/common/asm
  PBCC     images/google/protobuf/descriptor.pb-c.c
  PBCC     images/opts.pb-c.c
  PBCC     images/sit.pb-c.c
  DEP      images/google/protobuf/descriptor.pb-c.d
  DEP      images/opts.pb-c.d
  DEP      images/sit.pb-c.d
  PBCC     images/macvlan.pb-c.c
  DEP      images/macvlan.pb-c.d
  PBCC     images/autofs.pb-c.c
  DEP      images/autofs.pb-c.d
  PBCC     images/sysctl.pb-c.c
  DEP      images/sysctl.pb-c.d
  PBCC     images/time.pb-c.c
  DEP      images/time.pb-c.d
  PBCC     images/binfmt-misc.pb-c.c
  DEP      images/binfmt-misc.pb-c.d
  PBCC     images/seccomp.pb-c.c
  DEP      images/seccomp.pb-c.d
  PBCC     images/userns.pb-c.c
  DEP      images/userns.pb-c.d
  PBCC     images/cgroup.pb-c.c
  DEP      images/cgroup.pb-c.d
  PBCC     images/fown.pb-c.c
  PBCC     images/ext-file.pb-c.c
  DEP      images/fown.pb-c.d
  DEP      images/ext-file.pb-c.d
  PBCC     images/rpc.pb-c.c
  DEP      images/rpc.pb-c.d
  PBCC     images/siginfo.pb-c.c
  DEP      images/siginfo.pb-c.d
  PBCC     images/pagemap.pb-c.c
  DEP      images/pagemap.pb-c.d
  PBCC     images/rlimit.pb-c.c
  DEP      images/rlimit.pb-c.d
  PBCC     images/file-lock.pb-c.c
  DEP      images/file-lock.pb-c.d
  PBCC     images/tty.pb-c.c
  DEP      images/tty.pb-c.d
  PBCC     images/tun.pb-c.c
  PBCC     images/netdev.pb-c.c
  DEP      images/tun.pb-c.d
  DEP      images/netdev.pb-c.d
  PBCC     images/vma.pb-c.c
  DEP      images/vma.pb-c.d
  PBCC     images/creds.pb-c.c
  DEP      images/creds.pb-c.d
  PBCC     images/utsns.pb-c.c
  DEP      images/utsns.pb-c.d
  PBCC     images/ipc-desc.pb-c.c
  PBCC     images/ipc-sem.pb-c.c
  DEP      images/ipc-desc.pb-c.d
  DEP      images/ipc-sem.pb-c.d
  PBCC     images/ipc-msg.pb-c.c
  DEP      images/ipc-msg.pb-c.d
  PBCC     images/ipc-shm.pb-c.c
  DEP      images/ipc-shm.pb-c.d
  PBCC     images/ipc-var.pb-c.c
  DEP      images/ipc-var.pb-c.d
  PBCC     images/sk-opts.pb-c.c
  PBCC     images/packet-sock.pb-c.c
  DEP      images/sk-opts.pb-c.d
  DEP      images/packet-sock.pb-c.d
  PBCC     images/sk-netlink.pb-c.c
  DEP      images/sk-netlink.pb-c.d
  PBCC     images/sk-inet.pb-c.c
  DEP      images/sk-inet.pb-c.d
  PBCC     images/sk-unix.pb-c.c
  DEP      images/sk-unix.pb-c.d
  PBCC     images/mm.pb-c.c
  DEP      images/mm.pb-c.d
  PBCC     images/timerfd.pb-c.c
  DEP      images/timerfd.pb-c.d
  PBCC     images/timer.pb-c.c
  DEP      images/timer.pb-c.d
  PBCC     images/sa.pb-c.c
  DEP      images/sa.pb-c.d
  PBCC     images/pipe-data.pb-c.c
  DEP      images/pipe-data.pb-c.d
  PBCC     images/mnt.pb-c.c
  DEP      images/mnt.pb-c.d
  PBCC     images/sk-packet.pb-c.c
  DEP      images/sk-packet.pb-c.d
  PBCC     images/tcp-stream.pb-c.c
  DEP      images/tcp-stream.pb-c.d
  PBCC     images/pipe.pb-c.c
  DEP      images/pipe.pb-c.d
  PBCC     images/pstree.pb-c.c
  DEP      images/pstree.pb-c.d
  PBCC     images/fs.pb-c.c
  DEP      images/fs.pb-c.d
  PBCC     images/signalfd.pb-c.c
  DEP      images/signalfd.pb-c.d
  PBCC     images/fh.pb-c.c
  PBCC     images/fsnotify.pb-c.c
  DEP      images/fh.pb-c.d
  DEP      images/fsnotify.pb-c.d
  PBCC     images/eventpoll.pb-c.c
  DEP      images/eventpoll.pb-c.d
  PBCC     images/eventfd.pb-c.c
  DEP      images/eventfd.pb-c.d
  PBCC     images/remap-file-path.pb-c.c
  DEP      images/remap-file-path.pb-c.d
  PBCC     images/fifo.pb-c.c
  DEP      images/fifo.pb-c.d
  PBCC     images/ghost-file.pb-c.c
  DEP      images/ghost-file.pb-c.d
  PBCC     images/regfile.pb-c.c
  DEP      images/regfile.pb-c.d
  PBCC     images/ns.pb-c.c
  DEP      images/ns.pb-c.d
  PBCC     images/fdinfo.pb-c.c
  DEP      images/fdinfo.pb-c.d
  PBCC     images/core-aarch64.pb-c.c
  PBCC     images/core-arm.pb-c.c
  PBCC     images/core-ppc64.pb-c.c
  PBCC     images/core-s390.pb-c.c
  PBCC     images/core-x86.pb-c.c
  PBCC     images/core.pb-c.c
  PBCC     images/inventory.pb-c.c
  DEP      images/core-aarch64.pb-c.d
  DEP      images/core-arm.pb-c.d
  DEP      images/core-ppc64.pb-c.d
  DEP      images/core-s390.pb-c.d
  DEP      images/core-x86.pb-c.d
  DEP      images/core.pb-c.d
  DEP      images/inventory.pb-c.d
  PBCC     images/cpuinfo.pb-c.c
  DEP      images/cpuinfo.pb-c.d
  PBCC     images/stats.pb-c.c
  DEP      images/stats.pb-c.d
make[1]: Nothing to be done for 'all'.
  CC       images/stats.o
  CC       images/core.o
  CC       images/core-x86.o
  CC       images/core-arm.o
  CC       images/core-aarch64.o
  CC       images/core-ppc64.o
  CC       images/core-s390.o
  CC       images/cpuinfo.o
  CC       images/inventory.o
  CC       images/fdinfo.o
  CC       images/fown.o
  CC       images/ns.o
  CC       images/regfile.o
  CC       images/ghost-file.o
  CC       images/fifo.o
  CC       images/remap-file-path.o
  CC       images/eventfd.o
  CC       images/eventpoll.o
  CC       images/fh.o
  CC       images/fsnotify.o
  CC       images/signalfd.o
  CC       images/fs.o
  CC       images/pstree.o
  CC       images/pipe.o
  CC       images/tcp-stream.o
  CC       images/sk-packet.o
  CC       images/mnt.o
  CC       images/pipe-data.o
  CC       images/sa.o
  CC       images/timer.o
  CC       images/timerfd.o
  CC       images/mm.o
  CC       images/sk-opts.o
  CC       images/sk-unix.o
  CC       images/sk-inet.o
  CC       images/tun.o
  CC       images/sk-netlink.o
  CC       images/packet-sock.o
  CC       images/ipc-var.o
  CC       images/ipc-desc.o
  CC       images/ipc-shm.o
  CC       images/ipc-msg.o
  CC       images/ipc-sem.o
  CC       images/utsns.o
  CC       images/creds.o
  CC       images/vma.o
  CC       images/netdev.o
  CC       images/tty.o
  CC       images/file-lock.o
  CC       images/rlimit.o
  CC       images/pagemap.o
  CC       images/siginfo.o
  CC       images/rpc.o
  CC       images/ext-file.o
  CC       images/cgroup.o
  CC       images/userns.o
  CC       images/google/protobuf/descriptor.o
  CC       images/opts.o
  CC       images/seccomp.o
  CC       images/binfmt-misc.o
  CC       images/time.o
  CC       images/sysctl.o
  CC       images/autofs.o
  CC       images/macvlan.o
  CC       images/sit.o
  LINK     images/built-in.o
  GEN      compel/include/asm
  GEN      compel/include/version.h
touch .config
  GEN      criu/include/config.h
  GEN      compel/plugins/include/uapi/std/syscall-codes-64.h
  GEN      compel/plugins/include/uapi/std/syscall-64.h
  GEN      compel/arch/x86/plugins/std/syscalls-64.S
  DEP      compel/arch/x86/plugins/std/syscalls-64.d
  DEP      compel/arch/x86/plugins/std/memcpy.d
  DEP      compel/arch/x86/plugins/std/parasite-head.d
  GEN      compel/plugins/include/uapi/std/syscall.h
  GEN      compel/arch/x86/plugins/std/sys-exec-tbl-64.c
  GEN      compel/plugins/include/uapi/std/syscall-codes.h
  GEN      compel/plugins/include/uapi/std/asm/syscall-types.h
  DEP      compel/plugins/std/infect.d
  DEP      compel/plugins/std/string.d
  DEP      compel/plugins/std/log.d
  DEP      compel/plugins/std/fds.d
  DEP      compel/plugins/std/std.d
  DEP      compel/plugins/shmem/shmem.d
  DEP      compel/plugins/fds/fds.d
  CC       compel/plugins/std/std.o
  CC       compel/plugins/std/fds.o
  CC       compel/plugins/std/log.o
  CC       compel/plugins/std/string.o
  CC       compel/plugins/std/infect.o
  CC       compel/arch/x86/plugins/std/parasite-head.o
  CC       compel/arch/x86/plugins/std/memcpy.o
  CC       compel/arch/x86/plugins/std/syscalls-64.o
  AR       compel/plugins/std.lib.a
  CC       compel/plugins/fds/fds.o
  AR       compel/plugins/fds.lib.a
  HOSTDEP  compel/src/lib/log-host.d
  HOSTDEP  compel/src/lib/handle-elf-host.d
  HOSTDEP  compel/arch/x86/src/lib/handle-elf-host.d
  HOSTDEP  compel/src/main-host.d
  DEP      compel/src/main.d
  DEP      compel/src/lib/handle-elf.d
  DEP      compel/arch/x86/src/lib/handle-elf.d
  DEP      compel/src/lib/ptrace.d
  DEP      compel/src/lib/infect.d
  DEP      compel/src/lib/infect-util.d
  DEP      compel/src/lib/infect-rpc.d
  DEP      compel/arch/x86/src/lib/infect.d
  DEP      compel/arch/x86/src/lib/cpu.d
  DEP      compel/src/lib/log.d
  CC       compel/src/lib/log.o
  CC       compel/arch/x86/src/lib/cpu.o
  CC       compel/arch/x86/src/lib/infect.o
  CC       compel/src/lib/infect-rpc.o
  CC       compel/src/lib/infect-util.o
  CC       compel/src/lib/infect.o
  CC       compel/src/lib/ptrace.o
  AR       compel/libcompel.a
  HOSTCC   compel/src/main-host.o
  HOSTCC   compel/arch/x86/src/lib/handle-elf-host.o
  HOSTCC   compel/src/lib/handle-elf-host.o
  HOSTCC   compel/src/lib/log-host.o
  HOSTLINK compel/compel-host-bin
  DEP      soccr/soccr.d
  CC       soccr/soccr.o
  AR       soccr/libsoccr.a
make[1]: 'soccr/libsoccr.a' is up to date.
  DEP      criu/arch/x86/sigframe.d
  DEP      criu/arch/x86/crtools.d
  DEP      criu/arch/x86/cpu.d
  CC       criu/arch/x86/cpu.o
  CC       criu/arch/x86/crtools.o
  CC       criu/arch/x86/sigframe.o
  LINK     criu/arch/x86/crtools.built-in.o
  DEP      criu/arch/x86/vdso-pie.d
  DEP      criu/pie/parasite-vdso.d
  DEP      criu/pie/util-vdso.d
  DEP      criu/pie/util.d
  CC       criu/pie/util.o
  CC       criu/pie/util-vdso.o
  CC       criu/pie/parasite-vdso.o
  CC       criu/arch/x86/vdso-pie.o
  AR       criu/pie/pie.lib.a
  DEP      criu/pie/restorer.d
  DEP      criu/arch/x86/restorer.d
  DEP      criu/pie/parasite.d
  CC       criu/pie/parasite.o
  LINK     criu/pie/parasite.built-in.o
  GEN      criu/pie/parasite-blob.h
  CC       criu/arch/x86/restorer.o
  CC       criu/pie/restorer.o
  LINK     criu/pie/restorer.built-in.o
  GEN      criu/pie/restorer-blob.h
  DEP      criu/vdso.d
  DEP      criu/uts_ns.d
  DEP      criu/util.d
  DEP      criu/uffd.d
  DEP      criu/tun.d
  DEP      criu/tty.d
  DEP      criu/timerfd.d
  DEP      criu/sysfs_parse.d
  DEP      criu/sysctl.d
  DEP      criu/string.d
  DEP      criu/stats.d
  DEP      criu/sockets.d
  DEP      criu/sk-unix.d
  DEP      criu/sk-tcp.d
  DEP      criu/sk-queue.d
  DEP      criu/sk-packet.d
  DEP      criu/sk-netlink.d
  DEP      criu/sk-inet.d
  DEP      criu/signalfd.d
  DEP      criu/sigframe.d
  DEP      criu/shmem.d
  DEP      criu/seize.d
  DEP      criu/seccomp.d
  DEP      criu/rst-malloc.d
  DEP      criu/rbtree.d
  DEP      criu/pstree.d
  DEP      criu/protobuf.d
  GEN      criu/protobuf-desc-gen.h
  DEP      criu/protobuf-desc.d
  DEP      criu/proc_parse.d
  DEP      criu/plugin.d
  DEP      criu/pipes.d
  DEP      criu/pie-util.d
  DEP      criu/pie-util-vdso.d
  DEP      criu/pie-util-vdso-elf32.d
  DEP      criu/path.d
  DEP      criu/parasite-syscall.d
  DEP      criu/pagemap.d
  DEP      criu/pagemap-cache.d
  DEP      criu/page-xfer.d
  DEP      criu/page-pipe.d
  DEP      criu/netfilter.d
  DEP      criu/net.d
  DEP      criu/namespaces.d
  DEP      criu/mount.d
  DEP      criu/mem.d
  DEP      criu/lsm.d
  DEP      criu/log.d
  DEP      criu/libnetlink.d
  DEP      criu/kerndat.d
  DEP      criu/kcmp-ids.d
  DEP      criu/irmap.d
  DEP      criu/ipc_ns.d
  DEP      criu/image.d
  DEP      criu/image-desc.d
  DEP      criu/fsnotify.d
  DEP      criu/filesystems.d
  DEP      criu/files.d
  DEP      criu/files-reg.d
  DEP      criu/files-ext.d
  DEP      criu/file-lock.d
  DEP      criu/file-ids.d
  DEP      criu/fifo.d
  DEP      criu/fdstore.d
  DEP      criu/fault-injection.d
  DEP      criu/external.d
  DEP      criu/eventpoll.d
  DEP      criu/eventfd.d
  DEP      criu/crtools.d
  DEP      criu/cr-service.d
  DEP      criu/cr-restore.d
  DEP      criu/cr-errno.d
  DEP      criu/cr-dump.d
  DEP      criu/cr-dedup.d
  DEP      criu/cr-check.d
  DEP      criu/clone-noasan.d
  DEP      criu/cgroup.d
  DEP      criu/cgroup-props.d
  DEP      criu/bitmap.d
  DEP      criu/bfd.d
  DEP      criu/autofs.d
  DEP      criu/aio.d
  DEP      criu/action-scripts.d
  CC       criu/action-scripts.o
  CC       criu/aio.o
  CC       criu/autofs.o
  CC       criu/bfd.o
  CC       criu/bitmap.o
  CC       criu/cgroup-props.o
  CC       criu/cgroup.o
  CC       criu/clone-noasan.o
  CC       criu/cr-check.o
  CC       criu/cr-dedup.o
  CC       criu/cr-dump.o
  CC       criu/cr-errno.o
  CC       criu/cr-restore.o
  CC       criu/cr-service.o
  CC       criu/crtools.o
  CC       criu/eventfd.o
  CC       criu/eventpoll.o
  CC       criu/external.o
  CC       criu/fault-injection.o
  CC       criu/fdstore.o
  CC       criu/fifo.o
  CC       criu/file-ids.o
  CC       criu/file-lock.o
  CC       criu/files-ext.o
  CC       criu/files-reg.o
  CC       criu/files.o
  CC       criu/filesystems.o
  CC       criu/fsnotify.o
  CC       criu/image-desc.o
  CC       criu/image.o
  CC       criu/ipc_ns.o
  CC       criu/irmap.o
  CC       criu/kcmp-ids.o
  CC       criu/kerndat.o
  CC       criu/libnetlink.o
  CC       criu/log.o
  CC       criu/lsm.o
  CC       criu/mem.o
  CC       criu/mount.o
  CC       criu/namespaces.o
  CC       criu/net.o
  CC       criu/netfilter.o
  CC       criu/page-pipe.o
  CC       criu/page-xfer.o
  CC       criu/pagemap-cache.o
  CC       criu/pagemap.o
  CC       criu/parasite-syscall.o
  CC       criu/path.o
  CC       criu/pie-util-vdso-elf32.o
  CC       criu/pie-util-vdso.o
  CC       criu/pie-util.o
  CC       criu/pipes.o
  CC       criu/plugin.o
  CC       criu/proc_parse.o
  CC       criu/protobuf-desc.o
  CC       criu/protobuf.o
  CC       criu/pstree.o
  CC       criu/rbtree.o
  CC       criu/rst-malloc.o
  CC       criu/seccomp.o
  CC       criu/seize.o
  CC       criu/shmem.o
  CC       criu/sigframe.o
  CC       criu/signalfd.o
  CC       criu/sk-inet.o
  CC       criu/sk-netlink.o
  CC       criu/sk-packet.o
  CC       criu/sk-queue.o
  CC       criu/sk-tcp.o
  CC       criu/sk-unix.o
  CC       criu/sockets.o
  CC       criu/stats.o
  CC       criu/string.o
  CC       criu/sysctl.o
  CC       criu/sysfs_parse.o
  CC       criu/timerfd.o
  CC       criu/tty.o
  CC       criu/tun.o
  CC       criu/uffd.o
  CC       criu/util.o
  CC       criu/uts_ns.o
  CC       criu/vdso.o
  LINK     criu/built-in.o
  LINK     criu/criu
  DEP      lib/c/criu.d
  CC       images/rpc.pb-c.o
  CC       lib/c/criu.o
  LINK     lib/c/built-in.o
  LINK     lib/c/libcriu.so
  GEN      magic.py
Note: Building without ia32 C/R, missed ia32 support in gcc
      That may be related to missing gcc-multilib in your
      distribution or you may have Debian with buggy toolchain
      (issue https://github.com/xemul/criu/issues/315)
fatal: Not a git repository (or any of the parent directories): .git
make[1]: Nothing to be done for 'all'.
make[1]: 'images/built-in.o' is up to date.
make[1]: 'compel/plugins/std.lib.a' is up to date.
make[1]: 'compel/plugins/fds.lib.a' is up to date.
make[1]: 'compel/libcompel.a' is up to date.
make[1]: 'compel/compel-host-bin' is up to date.
make[1]: Nothing to be done for 'all'.
make[1]: 'soccr/libsoccr.a' is up to date.
make[2]: Nothing to be done for 'all'.
make[2]: Nothing to be done for 'all'.
make[2]: Nothing to be done for 'all'.
make[2]: Nothing to be done for 'all'.
make[2]: Nothing to be done for 'all'.
make[2]: Nothing to be done for 'all'.
make[2]: Nothing to be done for 'all'.
make[2]: Nothing to be done for 'all'.
  INSTALL  criu/criu
Removing intermediate container fa18dd186208
 ---> a5a9b0614964
Step 7/94 : FROM base AS registry
 ---> 9392bd224a0c
Step 8/94 : ENV REGISTRY_COMMIT_SCHEMA1 ec87e9b6971d831f0eff752ddb54fb64693e51cd
 ---> Using cache
 ---> b64642c4f414
Step 9/94 : ENV REGISTRY_COMMIT 47a064d4195a9b56133891bbb13620c3ac83a827
 ---> Using cache
 ---> 3dbb12c18c41
Step 10/94 : RUN set -x 	&& export GOPATH="$(mktemp -d)" 	&& git clone https://github.com/docker/distribution.git "$GOPATH/src/github.com/docker/distribution" 	&& (cd "$GOPATH/src/github.com/docker/distribution" && git checkout -q "$REGISTRY_COMMIT") 	&& GOPATH="$GOPATH/src/github.com/docker/distribution/Godeps/_workspace:$GOPATH" 		go build -buildmode=pie -o /build/registry-v2 github.com/docker/distribution/cmd/registry 	&& case $(dpkg --print-architecture) in 		amd64|ppc64*|s390x) 		(cd "$GOPATH/src/github.com/docker/distribution" && git checkout -q "$REGISTRY_COMMIT_SCHEMA1"); 		GOPATH="$GOPATH/src/github.com/docker/distribution/Godeps/_workspace:$GOPATH"; 			go build -buildmode=pie -o /build/registry-v2-schema1 github.com/docker/distribution/cmd/registry; 		;; 	   esac 	&& rm -rf "$GOPATH"
 ---> Using cache
 ---> 4bd3ef16f6a5
Step 11/94 : FROM base AS docker-py
 ---> 9392bd224a0c
Step 12/94 : ENV DOCKER_PY_COMMIT 8b246db271a85d6541dc458838627e89c683e42f
 ---> Using cache
 ---> 506cd00d8469
Step 13/94 : RUN git clone https://github.com/docker/docker-py.git /build 	&& cd /build 	&& git checkout -q $DOCKER_PY_COMMIT
 ---> Using cache
 ---> dd2963ca0daa
Step 14/94 : FROM base AS swagger
 ---> 9392bd224a0c
Step 15/94 : ENV GO_SWAGGER_COMMIT c28258affb0b6251755d92489ef685af8d4ff3eb
 ---> Using cache
 ---> 545514ea7b70
Step 16/94 : RUN set -x 	&& export GOPATH="$(mktemp -d)" 	&& git clone https://github.com/go-swagger/go-swagger.git "$GOPATH/src/github.com/go-swagger/go-swagger" 	&& (cd "$GOPATH/src/github.com/go-swagger/go-swagger" && git checkout -q "$GO_SWAGGER_COMMIT") 	&& go build -o /build/swagger github.com/go-swagger/go-swagger/cmd/swagger 	&& rm -rf "$GOPATH"
 ---> Using cache
 ---> 9fe67fd5d139
Step 17/94 : FROM base AS frozen-images
 ---> 9392bd224a0c
Step 18/94 : RUN apt-get update && apt-get install -y jq ca-certificates --no-install-recommends
 ---> Using cache
 ---> b60d098af986
Step 19/94 : COPY contrib/download-frozen-image-v2.sh /
 ---> Using cache
 ---> 017e2f55bc05
Step 20/94 : RUN /download-frozen-image-v2.sh /build 	buildpack-deps:jessie@sha256:dd86dced7c9cd2a724e779730f0a53f93b7ef42228d4344b25ce9a42a1486251 	busybox:latest@sha256:bbc3a03235220b170ba48a157dd097dd1379299370e1ed99ce976df0355d24f0 	busybox:glibc@sha256:0b55a30394294ab23b9afd58fab94e61a923f5834fba7ddbae7f8e0c11ba85e6 	debian:jessie@sha256:287a20c5f73087ab406e6b364833e3fb7b3ae63ca0eb3486555dc27ed32c6e60 	hello-world:latest@sha256:be0cd392e45be79ffeffa6b05338b98ebb16c87b255f48e297ec7f98e123905c
 ---> Using cache
 ---> 994dc9e5eeee
Step 21/94 : FROM base AS runtime-dev
 ---> 9392bd224a0c
Step 22/94 : RUN apt-get update && apt-get install -y 	libapparmor-dev 	libseccomp-dev
 ---> Using cache
 ---> 1a2487717a77
Step 23/94 : FROM base AS tomlv
 ---> 9392bd224a0c
Step 24/94 : ENV INSTALL_BINARY_NAME=tomlv
 ---> Using cache
 ---> f03ad42dea2f
Step 25/94 : COPY hack/dockerfile/install/install.sh ./install.sh
 ---> Using cache
 ---> 374cccbb1616
Step 26/94 : COPY hack/dockerfile/install/$INSTALL_BINARY_NAME.installer ./
 ---> Using cache
 ---> 9987f7854746
Step 27/94 : RUN PREFIX=/build ./install.sh $INSTALL_BINARY_NAME
 ---> Using cache
 ---> 0ef5e1a334d3
Step 28/94 : FROM base AS vndr
 ---> 9392bd224a0c
Step 29/94 : ENV INSTALL_BINARY_NAME=vndr
 ---> Using cache
 ---> fce65856226c
Step 30/94 : COPY hack/dockerfile/install/install.sh ./install.sh
 ---> Using cache
 ---> 884baf2e7ce8
Step 31/94 : COPY hack/dockerfile/install/$INSTALL_BINARY_NAME.installer ./
 ---> Using cache
 ---> 5c4af818ba03
Step 32/94 : RUN PREFIX=/build ./install.sh $INSTALL_BINARY_NAME
 ---> Using cache
 ---> 935cf8ebef4c
Step 33/94 : FROM base AS containerd
 ---> 9392bd224a0c
Step 34/94 : RUN apt-get update && apt-get install -y btrfs-tools
 ---> Using cache
 ---> 93411a686077
Step 35/94 : ENV INSTALL_BINARY_NAME=containerd
 ---> Using cache
 ---> f07d5e540018
Step 36/94 : COPY hack/dockerfile/install/install.sh ./install.sh
 ---> Using cache
 ---> fe21990f2731
Step 37/94 : COPY hack/dockerfile/install/$INSTALL_BINARY_NAME.installer ./
 ---> Using cache
 ---> 8c28415734fd
Step 38/94 : RUN PREFIX=/build ./install.sh $INSTALL_BINARY_NAME
 ---> Using cache
 ---> 9f40f36912a7
Step 39/94 : FROM base AS proxy
 ---> 9392bd224a0c
Step 40/94 : ENV INSTALL_BINARY_NAME=proxy
 ---> Using cache
 ---> 0cdbc5886a4c
Step 41/94 : COPY hack/dockerfile/install/install.sh ./install.sh
 ---> Using cache
 ---> 5faa11125f45
Step 42/94 : COPY hack/dockerfile/install/$INSTALL_BINARY_NAME.installer ./
 ---> Using cache
 ---> 2b8845119243
Step 43/94 : RUN PREFIX=/build ./install.sh $INSTALL_BINARY_NAME
 ---> Using cache
 ---> eeccc51b7310
Step 44/94 : FROM base AS gometalinter
 ---> 9392bd224a0c
Step 45/94 : ENV INSTALL_BINARY_NAME=gometalinter
 ---> Using cache
 ---> 712f46fd4ed2
Step 46/94 : COPY hack/dockerfile/install/install.sh ./install.sh
 ---> Using cache
 ---> bf53398f3e47
Step 47/94 : COPY hack/dockerfile/install/$INSTALL_BINARY_NAME.installer ./
 ---> Using cache
 ---> bf980302e75d
Step 48/94 : RUN PREFIX=/build ./install.sh $INSTALL_BINARY_NAME
 ---> Using cache
 ---> b9962dc5b2d1
Step 49/94 : FROM base AS dockercli
 ---> 9392bd224a0c
Step 50/94 : ENV INSTALL_BINARY_NAME=dockercli
 ---> Using cache
 ---> 00bbf6beeb97
Step 51/94 : COPY hack/dockerfile/install/install.sh ./install.sh
 ---> Using cache
 ---> 7c2282118d15
Step 52/94 : COPY hack/dockerfile/install/$INSTALL_BINARY_NAME.installer ./
 ---> Using cache
 ---> c2473ec16422
Step 53/94 : RUN PREFIX=/build ./install.sh $INSTALL_BINARY_NAME
 ---> Using cache
 ---> 6dfabb2da092
Step 54/94 : FROM runtime-dev AS runc
 ---> 1a2487717a77
Step 55/94 : ENV INSTALL_BINARY_NAME=runc
 ---> Using cache
 ---> 421b3cfdda15
Step 56/94 : COPY hack/dockerfile/install/install.sh ./install.sh
 ---> Using cache
 ---> 2841710bb35a
Step 57/94 : COPY hack/dockerfile/install/$INSTALL_BINARY_NAME.installer ./
 ---> Using cache
 ---> eebe08ea3292
Step 58/94 : RUN PREFIX=/build ./install.sh $INSTALL_BINARY_NAME
 ---> Using cache
 ---> 276e45b3c71f
Step 59/94 : FROM base AS tini
 ---> 9392bd224a0c
Step 60/94 : RUN apt-get update && apt-get install -y cmake vim-common
 ---> Using cache
 ---> fff219bcc338
Step 61/94 : COPY hack/dockerfile/install/install.sh ./install.sh
 ---> Using cache
 ---> 3f245fb982cb
Step 62/94 : ENV INSTALL_BINARY_NAME=tini
 ---> Using cache
 ---> 1b24a9cdd951
Step 63/94 : COPY hack/dockerfile/install/$INSTALL_BINARY_NAME.installer ./
 ---> Using cache
 ---> 48e7f8c2ede1
Step 64/94 : RUN PREFIX=/build ./install.sh $INSTALL_BINARY_NAME
 ---> Using cache
 ---> 4a81f9a21d2f
Step 65/94 : FROM runtime-dev AS dev
 ---> 1a2487717a77
Step 66/94 : RUN groupadd -r docker
 ---> Using cache
 ---> 919193086d89
Step 67/94 : RUN useradd --create-home --gid docker unprivilegeduser
 ---> Using cache
 ---> fdff543ada41
Step 68/94 : RUN ln -sfv /go/src/github.com/docker/docker/.bashrc ~/.bashrc
 ---> Using cache
 ---> b7ac35f033d9
Step 69/94 : RUN echo "source /usr/share/bash-completion/bash_completion" >> /etc/bash.bashrc
 ---> Using cache
 ---> 6459c5fa197e
Step 70/94 : RUN ln -s /usr/local/completion/bash/docker /etc/bash_completion.d/docker
 ---> Using cache
 ---> 98fe38b20a87
Step 71/94 : RUN ldconfig
 ---> Using cache
 ---> f35ca24683e7
Step 72/94 : RUN apt-get update && apt-get install -y 	apparmor 	aufs-tools 	bash-completion 	btrfs-tools 	iptables 	jq 	libcap2-bin 	libdevmapper-dev 	libudev-dev 	libsystemd-dev 	binutils-mingw-w64 	g++-mingw-w64-x86-64 	net-tools 	pigz 	python-backports.ssl-match-hostname 	python-dev 	python-mock 	python-pip 	python-requests 	python-setuptools 	python-websocket 	python-wheel 	thin-provisioning-tools 	vim 	vim-common 	xfsprogs 	zip 	bzip2 	xz-utils 	--no-install-recommends
 ---> Running in 43e36de02a04
Ign:1 http://cdn-fastly.deb.debian.org/debian stretch InRelease
Hit:2 http://cdn-fastly.deb.debian.org/debian stretch-updates InRelease
Hit:3 http://cdn-fastly.deb.debian.org/debian stretch Release
Hit:5 http://security.debian.org/debian-security stretch/updates InRelease
Reading package lists...
Reading package lists...
Building dependency tree...
Reading state information...
The following additional packages will be installed:
  binutils-mingw-w64-i686 binutils-mingw-w64-x86-64 btrfs-progs dh-python
  dmsetup gcc-mingw-w64-base gcc-mingw-w64-x86-64 libaio1 libapparmor-perl
  libdevmapper-event1.02.1 libdevmapper1.02.1 libexpat1-dev libgpm2 libip4tc0
  libip6tc0 libiptc0 libjq1 liblzo2-2 libmpdec2 libnetfilter-conntrack3
  libnfnetlink0 libonig4 libpcre16-3 libpcre3-dev libpcre32-3 libpcrecpp0v5
  libpython-dev libpython2.7 libpython2.7-dev libpython3-stdlib
  libpython3.5-minimal libpython3.5-stdlib libreadline5 libselinux1-dev
  libsepol1-dev libxtables12 mingw-w64-common mingw-w64-x86-64-dev
  python-chardet python-funcsigs python-pbr python-pip-whl
  python-pkg-resources python-urllib3 python2.7-dev python3 python3-minimal
  python3.5 python3.5-minimal vim-runtime xxd
Suggested packages:
  apparmor-profiles apparmor-profiles-extra apparmor-utils bzip2-doc
  gcc-6-locales kmod gpm wine64 python-funcsigs-doc python-mock-doc
  python-cryptography python-idna python-openssl python-socks
  python-setuptools-doc python-ntlm python3-doc python3-tk python3-venv
  python3.5-venv python3.5-doc binfmt-support ctags vim-doc vim-scripts
  xfsdump acl attr quota
Recommended packages:
  aufs-dkms libpam-cap build-essential python-all-dev python-cryptography
  python-idna python-ipaddress python-openssl python-keyring
  python-keyrings.alt python-xdg unzip
The following NEW packages will be installed:
  apparmor aufs-tools bash-completion binutils-mingw-w64
  binutils-mingw-w64-i686 binutils-mingw-w64-x86-64 btrfs-progs btrfs-tools
  bzip2 dh-python dmsetup g++-mingw-w64-x86-64 gcc-mingw-w64-base
  gcc-mingw-w64-x86-64 iptables jq libaio1 libapparmor-perl libcap2-bin
  libdevmapper-dev libdevmapper-event1.02.1 libdevmapper1.02.1 libexpat1-dev
  libgpm2 libip4tc0 libip6tc0 libiptc0 libjq1 liblzo2-2 libmpdec2
  libnetfilter-conntrack3 libnfnetlink0 libonig4 libpcre16-3 libpcre3-dev
  libpcre32-3 libpcrecpp0v5 libpython-dev libpython2.7 libpython2.7-dev
  libpython3-stdlib libpython3.5-minimal libpython3.5-stdlib libreadline5
  libselinux1-dev libsepol1-dev libsystemd-dev libudev-dev libxtables12
  mingw-w64-common mingw-w64-x86-64-dev net-tools pigz
  python-backports.ssl-match-hostname python-chardet python-dev
  python-funcsigs python-mock python-pbr python-pip python-pip-whl
  python-pkg-resources python-requests python-setuptools python-urllib3
  python-websocket python-wheel python2.7-dev python3 python3-minimal
  python3.5 python3.5-minimal thin-provisioning-tools vim vim-common
  vim-runtime xfsprogs xxd xz-utils zip
0 upgraded, 80 newly installed, 0 to remove and 0 not upgraded.
Need to get 121 MB of archives.
After this operation, 590 MB of additional disk space will be used.
Get:1 http://cdn-fastly.deb.debian.org/debian stretch/main amd64 bash-completion all 1:2.1-4.3 [178 kB]
Get:2 http://cdn-fastly.deb.debian.org/debian stretch/main amd64 libnfnetlink0 amd64 1.0.1-3 [13.5 kB]
Get:3 http://cdn-fastly.deb.debian.org/debian stretch/main amd64 libpcrecpp0v5 amd64 2:8.39-3 [151 kB]
Get:4 http://cdn-fastly.deb.debian.org/debian stretch/main amd64 libudev-dev amd64 232-25+deb9u6 [91.3 kB]
Get:5 http://cdn-fastly.deb.debian.org/debian stretch/main amd64 libpython3.5-minimal amd64 3.5.3-1+deb9u1 [573 kB]
Get:6 http://cdn-fastly.deb.debian.org/debian stretch/main amd64 python3.5-minimal amd64 3.5.3-1+deb9u1 [1691 kB]
Get:7 http://cdn-fastly.deb.debian.org/debian stretch/main amd64 python3-minimal amd64 3.5.3-1 [35.3 kB]
Get:8 http://cdn-fastly.deb.debian.org/debian stretch/main amd64 libmpdec2 amd64 2.4.2-1 [85.2 kB]
Get:9 http://cdn-fastly.deb.debian.org/debian stretch/main amd64 libpython3.5-stdlib amd64 3.5.3-1+deb9u1 [2167 kB]
Get:10 http://cdn-fastly.deb.debian.org/debian stretch/main amd64 python3.5 amd64 3.5.3-1+deb9u1 [229 kB]
Get:11 http://cdn-fastly.deb.debian.org/debian stretch/main amd64 libpython3-stdlib amd64 3.5.3-1 [18.6 kB]
Get:12 http://cdn-fastly.deb.debian.org/debian stretch/main amd64 dh-python all 2.20170125 [86.8 kB]
Get:13 http://cdn-fastly.deb.debian.org/debian stretch/main amd64 python3 amd64 3.5.3-1 [21.6 kB]
Get:14 http://cdn-fastly.deb.debian.org/debian stretch/main amd64 pigz amd64 2.3.4-1 [55.4 kB]
Get:15 http://cdn-fastly.deb.debian.org/debian stretch/main amd64 libip4tc0 amd64 1.6.0+snapshot20161117-6 [67.8 kB]
Get:16 http://cdn-fastly.deb.debian.org/debian stretch/main amd64 libip6tc0 amd64 1.6.0+snapshot20161117-6 [68.1 kB]
Get:17 http://cdn-fastly.deb.debian.org/debian stretch/main amd64 libiptc0 amd64 1.6.0+snapshot20161117-6 [57.5 kB]
Get:18 http://cdn-fastly.deb.debian.org/debian stretch/main amd64 libxtables12 amd64 1.6.0+snapshot20161117-6 [75.9 kB]
Get:19 http://cdn-fastly.deb.debian.org/debian stretch/main amd64 libnetfilter-conntrack3 amd64 1.0.6-2 [38.7 kB]
Get:20 http://cdn-fastly.deb.debian.org/debian stretch/main amd64 iptables amd64 1.6.0+snapshot20161117-6 [288 kB]
Get:21 http://cdn-fastly.deb.debian.org/debian stretch/main amd64 xxd amd64 2:8.0.0197-4+deb9u1 [132 kB]
Get:22 http://cdn-fastly.deb.debian.org/debian stretch/main amd64 vim-common all 2:8.0.0197-4+deb9u1 [159 kB]
Get:23 http://cdn-fastly.deb.debian.org/debian stretch/main amd64 bzip2 amd64 1.0.6-8.1 [47.5 kB]
Get:24 http://cdn-fastly.deb.debian.org/debian stretch/main amd64 libgpm2 amd64 1.20.4-6.2+b1 [34.2 kB]
Get:25 http://cdn-fastly.deb.debian.org/debian stretch/main amd64 xz-utils amd64 5.2.2-1.2+b1 [266 kB]
Get:26 http://cdn-fastly.deb.debian.org/debian stretch/main amd64 aufs-tools amd64 1:4.1+20161219-1 [102 kB]
Get:27 http://cdn-fastly.deb.debian.org/debian stretch/main amd64 liblzo2-2 amd64 2.08-1.2+b2 [55.0 kB]
Get:28 http://cdn-fastly.deb.debian.org/debian stretch/main amd64 btrfs-progs amd64 4.7.3-1 [577 kB]
Get:29 http://cdn-fastly.deb.debian.org/debian stretch/main amd64 btrfs-tools amd64 4.7.3-1 [16.9 kB]
Get:30 http://cdn-fastly.deb.debian.org/debian stretch/main amd64 libdevmapper1.02.1 amd64 2:1.02.137-2 [170 kB]
Get:31 http://cdn-fastly.deb.debian.org/debian stretch/main amd64 dmsetup amd64 2:1.02.137-2 [107 kB]
Get:32 http://cdn-fastly.deb.debian.org/debian stretch/main amd64 libonig4 amd64 6.1.3-2 [146 kB]
Get:33 http://cdn-fastly.deb.debian.org/debian stretch/main amd64 libjq1 amd64 1.5+dfsg-1.3 [123 kB]
Get:34 http://cdn-fastly.deb.debian.org/debian stretch/main amd64 jq amd64 1.5+dfsg-1.3 [58.6 kB]
Get:35 http://cdn-fastly.deb.debian.org/debian stretch/main amd64 libaio1 amd64 0.3.110-3 [9412 B]
Get:36 http://cdn-fastly.deb.debian.org/debian stretch/main amd64 libcap2-bin amd64 1:2.25-1 [26.5 kB]
Get:37 http://cdn-fastly.deb.debian.org/debian stretch/main amd64 libdevmapper-event1.02.1 amd64 2:1.02.137-2 [41.6 kB]
Get:38 http://cdn-fastly.deb.debian.org/debian stretch/main amd64 libsepol1-dev amd64 2.6-2 [309 kB]
Get:39 http://cdn-fastly.deb.debian.org/debian stretch/main amd64 libpcre16-3 amd64 2:8.39-3 [258 kB]
Get:40 http://cdn-fastly.deb.debian.org/debian stretch/main amd64 libpcre32-3 amd64 2:8.39-3 [248 kB]
Get:41 http://cdn-fastly.deb.debian.org/debian stretch/main amd64 libpcre3-dev amd64 2:8.39-3 [647 kB]
Get:42 http://cdn-fastly.deb.debian.org/debian stretch/main amd64 libselinux1-dev amd64 2.6-3+b3 [184 kB]
Get:43 http://cdn-fastly.deb.debian.org/debian stretch/main amd64 libdevmapper-dev amd64 2:1.02.137-2 [68.6 kB]
Get:44 http://cdn-fastly.deb.debian.org/debian stretch/main amd64 libexpat1-dev amd64 2.2.0-2+deb9u1 [134 kB]
Get:45 http://cdn-fastly.deb.debian.org/debian stretch/main amd64 libpython2.7 amd64 2.7.13-2+deb9u3 [1071 kB]
Get:46 http://cdn-fastly.deb.debian.org/debian stretch/main amd64 libpython2.7-dev amd64 2.7.13-2+deb9u3 [28.2 MB]
Get:47 http://cdn-fastly.deb.debian.org/debian stretch/main amd64 libpython-dev amd64 2.7.13-2 [20.1 kB]
Get:48 http://cdn-fastly.deb.debian.org/debian stretch/main amd64 libreadline5 amd64 5.2+dfsg-3+b1 [119 kB]
Get:49 http://cdn-fastly.deb.debian.org/debian stretch/main amd64 libsystemd-dev amd64 232-25+deb9u6 [1972 kB]
Get:50 http://cdn-fastly.deb.debian.org/debian stretch/main amd64 net-tools amd64 1.60+git20161116.90da8a0-1 [248 kB]
Get:51 http://cdn-fastly.deb.debian.org/debian stretch/main amd64 python-backports.ssl-match-hostname all 3.5.0.1-1 [6980 B]
Get:52 http://cdn-fastly.deb.debian.org/debian stretch/main amd64 python-pkg-resources all 33.1.1-1 [166 kB]
Get:53 http://cdn-fastly.deb.debian.org/debian stretch/main amd64 python-chardet all 2.3.0-2 [96.0 kB]
Get:54 http://cdn-fastly.deb.debian.org/debian stretch/main amd64 python2.7-dev amd64 2.7.13-2+deb9u3 [290 kB]
Get:55 http://cdn-fastly.deb.debian.org/debian stretch/main amd64 python-dev amd64 2.7.13-2 [1126 B]
Get:56 http://cdn-fastly.deb.debian.org/debian stretch/main amd64 python-funcsigs all 1.0.2-3 [13.3 kB]
Get:57 http://cdn-fastly.deb.debian.org/debian stretch/main amd64 python-pbr all 1.10.0-1 [52.4 kB]
Get:58 http://cdn-fastly.deb.debian.org/debian stretch/main amd64 python-pip-whl all 9.0.1-2 [1406 kB]
Get:59 http://cdn-fastly.deb.debian.org/debian stretch/main amd64 python-pip all 9.0.1-2 [179 kB]
Get:60 http://cdn-fastly.deb.debian.org/debian stretch/main amd64 python-urllib3 all 1.19.1-1 [77.5 kB]
Get:61 http://cdn-fastly.deb.debian.org/debian stretch/main amd64 python-requests all 2.12.4-1 [101 kB]
Get:62 http://cdn-fastly.deb.debian.org/debian stretch/main amd64 python-setuptools all 33.1.1-1 [297 kB]
Get:63 http://cdn-fastly.deb.debian.org/debian stretch/main amd64 python-websocket all 0.37.0-2 [31.5 kB]
Get:64 http://cdn-fastly.deb.debian.org/debian stretch/main amd64 python-wheel all 0.29.0-2 [51.7 kB]
Get:65 http://cdn-fastly.deb.debian.org/debian stretch/main amd64 thin-provisioning-tools amd64 0.6.1-4+b1 [363 kB]
Get:66 http://cdn-fastly.deb.debian.org/debian stretch/main amd64 vim-runtime all 2:8.0.0197-4+deb9u1 [5407 kB]
Get:67 http://cdn-fastly.deb.debian.org/debian stretch/main amd64 vim amd64 2:8.0.0197-4+deb9u1 [1034 kB]
Get:68 http://cdn-fastly.deb.debian.org/debian stretch/main amd64 xfsprogs amd64 4.9.0+nmu1 [811 kB]
Get:69 http://cdn-fastly.deb.debian.org/debian stretch/main amd64 zip amd64 3.0-11+b1 [234 kB]
Get:70 http://cdn-fastly.deb.debian.org/debian stretch/main amd64 libapparmor-perl amd64 2.11.0-3+deb9u2 [82.2 kB]
Get:71 http://cdn-fastly.deb.debian.org/debian stretch/main amd64 apparmor amd64 2.11.0-3+deb9u2 [525 kB]
Get:72 http://cdn-fastly.deb.debian.org/debian stretch/main amd64 binutils-mingw-w64-i686 amd64 2.28-5+7.4+b4 [2242 kB]
Get:73 http://cdn-fastly.deb.debian.org/debian stretch/main amd64 binutils-mingw-w64-x86-64 amd64 2.28-5+7.4+b4 [2467 kB]
Get:74 http://cdn-fastly.deb.debian.org/debian stretch/main amd64 binutils-mingw-w64 all 2.27.90.20161231-1+7.4 [136 kB]
Get:75 http://cdn-fastly.deb.debian.org/debian stretch/main amd64 mingw-w64-common all 5.0.1-1 [4764 kB]
Get:76 http://cdn-fastly.deb.debian.org/debian stretch/main amd64 mingw-w64-x86-64-dev all 5.0.1-1 [3342 kB]
Get:77 http://cdn-fastly.deb.debian.org/debian stretch/main amd64 gcc-mingw-w64-base amd64 6.3.0-18+19.3+b3 [170 kB]
Get:78 http://cdn-fastly.deb.debian.org/debian stretch/main amd64 gcc-mingw-w64-x86-64 amd64 6.3.0-18+19.3+b3 [32.7 MB]
Get:79 http://cdn-fastly.deb.debian.org/debian stretch/main amd64 g++-mingw-w64-x86-64 amd64 6.3.0-18+19.3+b3 [22.4 MB]
Get:80 http://cdn-fastly.deb.debian.org/debian stretch/main amd64 python-mock all 2.0.0-3 [59.8 kB]
debconf: delaying package configuration, since apt-utils is not installed
Fetched 121 MB in 2s (41.6 MB/s)
Selecting previously unselected package bash-completion.
(Reading database ... (Reading database ... 5%(Reading database ... 10%(Reading database ... 15%(Reading database ... 20%(Reading database ... 25%(Reading database ... 30%(Reading database ... 35%(Reading database ... 40%(Reading database ... 45%(Reading database ... 50%(Reading database ... 55%(Reading database ... 60%(Reading database ... 65%(Reading database ... 70%(Reading database ... 75%(Reading database ... 80%(Reading database ... 85%(Reading database ... 90%(Reading database ... 95%(Reading database ... 100%(Reading database ... 15159 files and directories currently installed.)
Preparing to unpack .../00-bash-completion_1%3a2.1-4.3_all.deb ...
Unpacking bash-completion (1:2.1-4.3) ...
Selecting previously unselected package libnfnetlink0:amd64.
Preparing to unpack .../01-libnfnetlink0_1.0.1-3_amd64.deb ...
Unpacking libnfnetlink0:amd64 (1.0.1-3) ...
Selecting previously unselected package libpcrecpp0v5:amd64.
Preparing to unpack .../02-libpcrecpp0v5_2%3a8.39-3_amd64.deb ...
Unpacking libpcrecpp0v5:amd64 (2:8.39-3) ...
Selecting previously unselected package libudev-dev:amd64.
Preparing to unpack .../03-libudev-dev_232-25+deb9u6_amd64.deb ...
Unpacking libudev-dev:amd64 (232-25+deb9u6) ...
Selecting previously unselected package libpython3.5-minimal:amd64.
Preparing to unpack .../04-libpython3.5-minimal_3.5.3-1+deb9u1_amd64.deb ...
Unpacking libpython3.5-minimal:amd64 (3.5.3-1+deb9u1) ...
Selecting previously unselected package python3.5-minimal.
Preparing to unpack .../05-python3.5-minimal_3.5.3-1+deb9u1_amd64.deb ...
Unpacking python3.5-minimal (3.5.3-1+deb9u1) ...
Selecting previously unselected package python3-minimal.
Preparing to unpack .../06-python3-minimal_3.5.3-1_amd64.deb ...
Unpacking python3-minimal (3.5.3-1) ...
Selecting previously unselected package libmpdec2:amd64.
Preparing to unpack .../07-libmpdec2_2.4.2-1_amd64.deb ...
Unpacking libmpdec2:amd64 (2.4.2-1) ...
Selecting previously unselected package libpython3.5-stdlib:amd64.
Preparing to unpack .../08-libpython3.5-stdlib_3.5.3-1+deb9u1_amd64.deb ...
Unpacking libpython3.5-stdlib:amd64 (3.5.3-1+deb9u1) ...
Selecting previously unselected package python3.5.
Preparing to unpack .../09-python3.5_3.5.3-1+deb9u1_amd64.deb ...
Unpacking python3.5 (3.5.3-1+deb9u1) ...
Selecting previously unselected package libpython3-stdlib:amd64.
Preparing to unpack .../10-libpython3-stdlib_3.5.3-1_amd64.deb ...
Unpacking libpython3-stdlib:amd64 (3.5.3-1) ...
Selecting previously unselected package dh-python.
Preparing to unpack .../11-dh-python_2.20170125_all.deb ...
Unpacking dh-python (2.20170125) ...
Setting up libpython3.5-minimal:amd64 (3.5.3-1+deb9u1) ...
Setting up python3.5-minimal (3.5.3-1+deb9u1) ...
Setting up python3-minimal (3.5.3-1) ...
Selecting previously unselected package python3.
(Reading database ... (Reading database ... 5%(Reading database ... 10%(Reading database ... 15%(Reading database ... 20%(Reading database ... 25%(Reading database ... 30%(Reading database ... 35%(Reading database ... 40%(Reading database ... 45%(Reading database ... 50%(Reading database ... 55%(Reading database ... 60%(Reading database ... 65%(Reading database ... 70%(Reading database ... 75%(Reading database ... 80%(Reading database ... 85%(Reading database ... 90%(Reading database ... 95%(Reading database ... 100%(Reading database ... 16736 files and directories currently installed.)
Preparing to unpack .../00-python3_3.5.3-1_amd64.deb ...
Unpacking python3 (3.5.3-1) ...
Selecting previously unselected package pigz.
Preparing to unpack .../01-pigz_2.3.4-1_amd64.deb ...
Unpacking pigz (2.3.4-1) ...
Selecting previously unselected package libip4tc0:amd64.
Preparing to unpack .../02-libip4tc0_1.6.0+snapshot20161117-6_amd64.deb ...
Unpacking libip4tc0:amd64 (1.6.0+snapshot20161117-6) ...
Selecting previously unselected package libip6tc0:amd64.
Preparing to unpack .../03-libip6tc0_1.6.0+snapshot20161117-6_amd64.deb ...
Unpacking libip6tc0:amd64 (1.6.0+snapshot20161117-6) ...
Selecting previously unselected package libiptc0:amd64.
Preparing to unpack .../04-libiptc0_1.6.0+snapshot20161117-6_amd64.deb ...
Unpacking libiptc0:amd64 (1.6.0+snapshot20161117-6) ...
Selecting previously unselected package libxtables12:amd64.
Preparing to unpack .../05-libxtables12_1.6.0+snapshot20161117-6_amd64.deb ...
Unpacking libxtables12:amd64 (1.6.0+snapshot20161117-6) ...
Selecting previously unselected package libnetfilter-conntrack3:amd64.
Preparing to unpack .../06-libnetfilter-conntrack3_1.0.6-2_amd64.deb ...
Unpacking libnetfilter-conntrack3:amd64 (1.0.6-2) ...
Selecting previously unselected package iptables.
Preparing to unpack .../07-iptables_1.6.0+snapshot20161117-6_amd64.deb ...
Unpacking iptables (1.6.0+snapshot20161117-6) ...
Selecting previously unselected package xxd.
Preparing to unpack .../08-xxd_2%3a8.0.0197-4+deb9u1_amd64.deb ...
Unpacking xxd (2:8.0.0197-4+deb9u1) ...
Selecting previously unselected package vim-common.
Preparing to unpack .../09-vim-common_2%3a8.0.0197-4+deb9u1_all.deb ...
Unpacking vim-common (2:8.0.0197-4+deb9u1) ...
Selecting previously unselected package bzip2.
Preparing to unpack .../10-bzip2_1.0.6-8.1_amd64.deb ...
Unpacking bzip2 (1.0.6-8.1) ...
Selecting previously unselected package libgpm2:amd64.
Preparing to unpack .../11-libgpm2_1.20.4-6.2+b1_amd64.deb ...
Unpacking libgpm2:amd64 (1.20.4-6.2+b1) ...
Selecting previously unselected package xz-utils.
Preparing to unpack .../12-xz-utils_5.2.2-1.2+b1_amd64.deb ...
Unpacking xz-utils (5.2.2-1.2+b1) ...
Selecting previously unselected package aufs-tools.
Preparing to unpack .../13-aufs-tools_1%3a4.1+20161219-1_amd64.deb ...
Unpacking aufs-tools (1:4.1+20161219-1) ...
Selecting previously unselected package liblzo2-2:amd64.
Preparing to unpack .../14-liblzo2-2_2.08-1.2+b2_amd64.deb ...
Unpacking liblzo2-2:amd64 (2.08-1.2+b2) ...
Selecting previously unselected package btrfs-progs.
Preparing to unpack .../15-btrfs-progs_4.7.3-1_amd64.deb ...
Unpacking btrfs-progs (4.7.3-1) ...
Selecting previously unselected package btrfs-tools.
Preparing to unpack .../16-btrfs-tools_4.7.3-1_amd64.deb ...
Unpacking btrfs-tools (4.7.3-1) ...
Selecting previously unselected package libdevmapper1.02.1:amd64.
Preparing to unpack .../17-libdevmapper1.02.1_2%3a1.02.137-2_amd64.deb ...
Unpacking libdevmapper1.02.1:amd64 (2:1.02.137-2) ...
Selecting previously unselected package dmsetup.
Preparing to unpack .../18-dmsetup_2%3a1.02.137-2_amd64.deb ...
Unpacking dmsetup (2:1.02.137-2) ...
Selecting previously unselected package libonig4:amd64.
Preparing to unpack .../19-libonig4_6.1.3-2_amd64.deb ...
Unpacking libonig4:amd64 (6.1.3-2) ...
Selecting previously unselected package libjq1:amd64.
Preparing to unpack .../20-libjq1_1.5+dfsg-1.3_amd64.deb ...
Unpacking libjq1:amd64 (1.5+dfsg-1.3) ...
Selecting previously unselected package jq.
Preparing to unpack .../21-jq_1.5+dfsg-1.3_amd64.deb ...
Unpacking jq (1.5+dfsg-1.3) ...
Selecting previously unselected package libaio1:amd64.
Preparing to unpack .../22-libaio1_0.3.110-3_amd64.deb ...
Unpacking libaio1:amd64 (0.3.110-3) ...
Selecting previously unselected package libcap2-bin.
Preparing to unpack .../23-libcap2-bin_1%3a2.25-1_amd64.deb ...
Unpacking libcap2-bin (1:2.25-1) ...
Selecting previously unselected package libdevmapper-event1.02.1:amd64.
Preparing to unpack .../24-libdevmapper-event1.02.1_2%3a1.02.137-2_amd64.deb ...
Unpacking libdevmapper-event1.02.1:amd64 (2:1.02.137-2) ...
Selecting previously unselected package libsepol1-dev:amd64.
Preparing to unpack .../25-libsepol1-dev_2.6-2_amd64.deb ...
Unpacking libsepol1-dev:amd64 (2.6-2) ...
Selecting previously unselected package libpcre16-3:amd64.
Preparing to unpack .../26-libpcre16-3_2%3a8.39-3_amd64.deb ...
Unpacking libpcre16-3:amd64 (2:8.39-3) ...
Selecting previously unselected package libpcre32-3:amd64.
Preparing to unpack .../27-libpcre32-3_2%3a8.39-3_amd64.deb ...
Unpacking libpcre32-3:amd64 (2:8.39-3) ...
Selecting previously unselected package libpcre3-dev:amd64.
Preparing to unpack .../28-libpcre3-dev_2%3a8.39-3_amd64.deb ...
Unpacking libpcre3-dev:amd64 (2:8.39-3) ...
Selecting previously unselected package libselinux1-dev:amd64.
Preparing to unpack .../29-libselinux1-dev_2.6-3+b3_amd64.deb ...
Unpacking libselinux1-dev:amd64 (2.6-3+b3) ...
Selecting previously unselected package libdevmapper-dev:amd64.
Preparing to unpack .../30-libdevmapper-dev_2%3a1.02.137-2_amd64.deb ...
Unpacking libdevmapper-dev:amd64 (2:1.02.137-2) ...
Selecting previously unselected package libexpat1-dev:amd64.
Preparing to unpack .../31-libexpat1-dev_2.2.0-2+deb9u1_amd64.deb ...
Unpacking libexpat1-dev:amd64 (2.2.0-2+deb9u1) ...
Selecting previously unselected package libpython2.7:amd64.
Preparing to unpack .../32-libpython2.7_2.7.13-2+deb9u3_amd64.deb ...
Unpacking libpython2.7:amd64 (2.7.13-2+deb9u3) ...
Selecting previously unselected package libpython2.7-dev:amd64.
Preparing to unpack .../33-libpython2.7-dev_2.7.13-2+deb9u3_amd64.deb ...
Unpacking libpython2.7-dev:amd64 (2.7.13-2+deb9u3) ...
Selecting previously unselected package libpython-dev:amd64.
Preparing to unpack .../34-libpython-dev_2.7.13-2_amd64.deb ...
Unpacking libpython-dev:amd64 (2.7.13-2) ...
Selecting previously unselected package libreadline5:amd64.
Preparing to unpack .../35-libreadline5_5.2+dfsg-3+b1_amd64.deb ...
Unpacking libreadline5:amd64 (5.2+dfsg-3+b1) ...
Selecting previously unselected package libsystemd-dev:amd64.
Preparing to unpack .../36-libsystemd-dev_232-25+deb9u6_amd64.deb ...
Unpacking libsystemd-dev:amd64 (232-25+deb9u6) ...
Selecting previously unselected package net-tools.
Preparing to unpack .../37-net-tools_1.60+git20161116.90da8a0-1_amd64.deb ...
Unpacking net-tools (1.60+git20161116.90da8a0-1) ...
Selecting previously unselected package python-backports.ssl-match-hostname.
Preparing to unpack .../38-python-backports.ssl-match-hostname_3.5.0.1-1_all.deb ...
Unpacking python-backports.ssl-match-hostname (3.5.0.1-1) ...
Selecting previously unselected package python-pkg-resources.
Preparing to unpack .../39-python-pkg-resources_33.1.1-1_all.deb ...
Unpacking python-pkg-resources (33.1.1-1) ...
Selecting previously unselected package python-chardet.
Preparing to unpack .../40-python-chardet_2.3.0-2_all.deb ...
Unpacking python-chardet (2.3.0-2) ...
Selecting previously unselected package python2.7-dev.
Preparing to unpack .../41-python2.7-dev_2.7.13-2+deb9u3_amd64.deb ...
Unpacking python2.7-dev (2.7.13-2+deb9u3) ...
Selecting previously unselected package python-dev.
Preparing to unpack .../42-python-dev_2.7.13-2_amd64.deb ...
Unpacking python-dev (2.7.13-2) ...
Selecting previously unselected package python-funcsigs.
Preparing to unpack .../43-python-funcsigs_1.0.2-3_all.deb ...
Unpacking python-funcsigs (1.0.2-3) ...
Selecting previously unselected package python-pbr.
Preparing to unpack .../44-python-pbr_1.10.0-1_all.deb ...
Unpacking python-pbr (1.10.0-1) ...
Selecting previously unselected package python-pip-whl.
Preparing to unpack .../45-python-pip-whl_9.0.1-2_all.deb ...
Unpacking python-pip-whl (9.0.1-2) ...
Selecting previously unselected package python-pip.
Preparing to unpack .../46-python-pip_9.0.1-2_all.deb ...
Unpacking python-pip (9.0.1-2) ...
Selecting previously unselected package python-urllib3.
Preparing to unpack .../47-python-urllib3_1.19.1-1_all.deb ...
Unpacking python-urllib3 (1.19.1-1) ...
Selecting previously unselected package python-requests.
Preparing to unpack .../48-python-requests_2.12.4-1_all.deb ...
Unpacking python-requests (2.12.4-1) ...
Selecting previously unselected package python-setuptools.
Preparing to unpack .../49-python-setuptools_33.1.1-1_all.deb ...
Unpacking python-setuptools (33.1.1-1) ...
Selecting previously unselected package python-websocket.
Preparing to unpack .../50-python-websocket_0.37.0-2_all.deb ...
Unpacking python-websocket (0.37.0-2) ...
Selecting previously unselected package python-wheel.
Preparing to unpack .../51-python-wheel_0.29.0-2_all.deb ...
Unpacking python-wheel (0.29.0-2) ...
Selecting previously unselected package thin-provisioning-tools.
Preparing to unpack .../52-thin-provisioning-tools_0.6.1-4+b1_amd64.deb ...
Unpacking thin-provisioning-tools (0.6.1-4+b1) ...
Selecting previously unselected package vim-runtime.
Preparing to unpack .../53-vim-runtime_2%3a8.0.0197-4+deb9u1_all.deb ...
Adding 'diversion of /usr/share/vim/vim80/doc/help.txt to /usr/share/vim/vim80/doc/help.txt.vim-tiny by vim-runtime'
Adding 'diversion of /usr/share/vim/vim80/doc/tags to /usr/share/vim/vim80/doc/tags.vim-tiny by vim-runtime'
Unpacking vim-runtime (2:8.0.0197-4+deb9u1) ...
Selecting previously unselected package vim.
Preparing to unpack .../54-vim_2%3a8.0.0197-4+deb9u1_amd64.deb ...
Unpacking vim (2:8.0.0197-4+deb9u1) ...
Selecting previously unselected package xfsprogs.
Preparing to unpack .../55-xfsprogs_4.9.0+nmu1_amd64.deb ...
Unpacking xfsprogs (4.9.0+nmu1) ...
Selecting previously unselected package zip.
Preparing to unpack .../56-zip_3.0-11+b1_amd64.deb ...
Unpacking zip (3.0-11+b1) ...
Selecting previously unselected package libapparmor-perl.
Preparing to unpack .../57-libapparmor-perl_2.11.0-3+deb9u2_amd64.deb ...
Unpacking libapparmor-perl (2.11.0-3+deb9u2) ...
Selecting previously unselected package apparmor.
Preparing to unpack .../58-apparmor_2.11.0-3+deb9u2_amd64.deb ...
Unpacking apparmor (2.11.0-3+deb9u2) ...
Selecting previously unselected package binutils-mingw-w64-i686.
Preparing to unpack .../59-binutils-mingw-w64-i686_2.28-5+7.4+b4_amd64.deb ...
Unpacking binutils-mingw-w64-i686 (2.28-5+7.4+b4) ...
Selecting previously unselected package binutils-mingw-w64-x86-64.
Preparing to unpack .../60-binutils-mingw-w64-x86-64_2.28-5+7.4+b4_amd64.deb ...
Unpacking binutils-mingw-w64-x86-64 (2.28-5+7.4+b4) ...
Selecting previously unselected package binutils-mingw-w64.
Preparing to unpack .../61-binutils-mingw-w64_2.27.90.20161231-1+7.4_all.deb ...
Unpacking binutils-mingw-w64 (2.27.90.20161231-1+7.4) ...
Selecting previously unselected package mingw-w64-common.
Preparing to unpack .../62-mingw-w64-common_5.0.1-1_all.deb ...
Unpacking mingw-w64-common (5.0.1-1) ...
Selecting previously unselected package mingw-w64-x86-64-dev.
Preparing to unpack .../63-mingw-w64-x86-64-dev_5.0.1-1_all.deb ...
Unpacking mingw-w64-x86-64-dev (5.0.1-1) ...
Selecting previously unselected package gcc-mingw-w64-base.
Preparing to unpack .../64-gcc-mingw-w64-base_6.3.0-18+19.3+b3_amd64.deb ...
Unpacking gcc-mingw-w64-base (6.3.0-18+19.3+b3) ...
Selecting previously unselected package gcc-mingw-w64-x86-64.
Preparing to unpack .../65-gcc-mingw-w64-x86-64_6.3.0-18+19.3+b3_amd64.deb ...
Unpacking gcc-mingw-w64-x86-64 (6.3.0-18+19.3+b3) ...
Selecting previously unselected package g++-mingw-w64-x86-64.
Preparing to unpack .../66-g++-mingw-w64-x86-64_6.3.0-18+19.3+b3_amd64.deb ...
Unpacking g++-mingw-w64-x86-64 (6.3.0-18+19.3+b3) ...
Selecting previously unselected package python-mock.
Preparing to unpack .../67-python-mock_2.0.0-3_all.deb ...
Unpacking python-mock (2.0.0-3) ...
Setting up aufs-tools (1:4.1+20161219-1) ...
Setting up binutils-mingw-w64-x86-64 (2.28-5+7.4+b4) ...
Setting up libsepol1-dev:amd64 (2.6-2) ...
Setting up python-pip-whl (9.0.1-2) ...
Setting up python-urllib3 (1.19.1-1) ...
Setting up libip4tc0:amd64 (1.6.0+snapshot20161117-6) ...
Processing triggers for mime-support (3.60) ...
Setting up xxd (2:8.0.0197-4+deb9u1) ...
Setting up libgpm2:amd64 (1.20.4-6.2+b1) ...
Setting up libcap2-bin (1:2.25-1) ...
Setting up binutils-mingw-w64-i686 (2.28-5+7.4+b4) ...
Setting up binutils-mingw-w64 (2.27.90.20161231-1+7.4) ...
Setting up bash-completion (1:2.1-4.3) ...
Setting up libonig4:amd64 (6.1.3-2) ...
Setting up python-wheel (0.29.0-2) ...
Setting up python-pkg-resources (33.1.1-1) ...
Setting up zip (3.0-11+b1) ...
Setting up python-backports.ssl-match-hostname (3.5.0.1-1) ...
Setting up bzip2 (1.0.6-8.1) ...
Setting up python-websocket (0.37.0-2) ...
update-alternatives: using /usr/bin/python2-wsdump to provide /usr/bin/wsdump (wsdump) in auto mode
Setting up gcc-mingw-w64-base (6.3.0-18+19.3+b3) ...
Setting up libjq1:amd64 (1.5+dfsg-1.3) ...
Processing triggers for libc-bin (2.24-11+deb9u3) ...
Setting up libaio1:amd64 (0.3.110-3) ...
Setting up libxtables12:amd64 (1.6.0+snapshot20161117-6) ...
Setting up xz-utils (5.2.2-1.2+b1) ...
update-alternatives: using /usr/bin/xz to provide /usr/bin/lzma (lzma) in auto mode
Setting up python-pbr (1.10.0-1) ...
update-alternatives: using /usr/bin/python2-pbr to provide /usr/bin/pbr (pbr) in auto mode
Setting up thin-provisioning-tools (0.6.1-4+b1) ...
Setting up libpython2.7:amd64 (2.7.13-2+deb9u3) ...
Setting up vim-common (2:8.0.0197-4+deb9u1) ...
Setting up python-funcsigs (1.0.2-3) ...
Setting up libexpat1-dev:amd64 (2.2.0-2+deb9u1) ...
Setting up libpcrecpp0v5:amd64 (2:8.39-3) ...
Setting up libpcre32-3:amd64 (2:8.39-3) ...
Setting up libnfnetlink0:amd64 (1.0.1-3) ...
Setting up vim-runtime (2:8.0.0197-4+deb9u1) ...
Setting up libsystemd-dev:amd64 (232-25+deb9u6) ...
Setting up libpython2.7-dev:amd64 (2.7.13-2+deb9u3) ...
Setting up libpcre16-3:amd64 (2:8.39-3) ...
Setting up libreadline5:amd64 (5.2+dfsg-3+b1) ...
Setting up net-tools (1.60+git20161116.90da8a0-1) ...
Setting up python-pip (9.0.1-2) ...
Setting up libudev-dev:amd64 (232-25+deb9u6) ...
Setting up python2.7-dev (2.7.13-2+deb9u3) ...
Setting up pigz (2.3.4-1) ...
Setting up libapparmor-perl (2.11.0-3+deb9u2) ...
Setting up libmpdec2:amd64 (2.4.2-1) ...
Setting up libip6tc0:amd64 (1.6.0+snapshot20161117-6) ...
Setting up mingw-w64-common (5.0.1-1) ...
Setting up liblzo2-2:amd64 (2.08-1.2+b2) ...
Setting up libpython-dev:amd64 (2.7.13-2) ...
Setting up python-setuptools (33.1.1-1) ...
Setting up jq (1.5+dfsg-1.3) ...
Setting up libpcre3-dev:amd64 (2:8.39-3) ...
Setting up libnetfilter-conntrack3:amd64 (1.0.6-2) ...
Setting up python-chardet (2.3.0-2) ...
Setting up xfsprogs (4.9.0+nmu1) ...
Setting up vim (2:8.0.0197-4+deb9u1) ...
update-alternatives: using /usr/bin/vim.basic to provide /usr/bin/vim (vim) in auto mode
update-alternatives: using /usr/bin/vim.basic to provide /usr/bin/vimdiff (vimdiff) in auto mode
update-alternatives: using /usr/bin/vim.basic to provide /usr/bin/rvim (rvim) in auto mode
update-alternatives: using /usr/bin/vim.basic to provide /usr/bin/rview (rview) in auto mode
update-alternatives: using /usr/bin/vim.basic to provide /usr/bin/vi (vi) in auto mode
update-alternatives: using /usr/bin/vim.basic to provide /usr/bin/view (view) in auto mode
update-alternatives: using /usr/bin/vim.basic to provide /usr/bin/ex (ex) in auto mode
update-alternatives: using /usr/bin/vim.basic to provide /usr/bin/editor (editor) in auto mode
Setting up python-dev (2.7.13-2) ...
Setting up libpython3.5-stdlib:amd64 (3.5.3-1+deb9u1) ...
Setting up python-mock (2.0.0-3) ...
Setting up libiptc0:amd64 (1.6.0+snapshot20161117-6) ...
Setting up mingw-w64-x86-64-dev (5.0.1-1) ...
Setting up iptables (1.6.0+snapshot20161117-6) ...
Setting up btrfs-progs (4.7.3-1) ...
Setting up python-requests (2.12.4-1) ...
Setting up libselinux1-dev:amd64 (2.6-3+b3) ...
Setting up python3.5 (3.5.3-1+deb9u1) ...
Setting up libpython3-stdlib:amd64 (3.5.3-1) ...
Setting up gcc-mingw-w64-x86-64 (6.3.0-18+19.3+b3) ...
update-alternatives: using /usr/bin/x86_64-w64-mingw32-gcc-posix to provide /usr/bin/x86_64-w64-mingw32-gcc (x86_64-w64-mingw32-gcc) in auto mode
update-alternatives: warning: skip creation of /usr/bin/x86_64-w64-mingw32-gcc-6 because associated file /usr/bin/x86_64-w64-mingw32-gcc-6-posix (of link group x86_64-w64-mingw32-gcc) doesn't exist
update-alternatives: using /usr/bin/x86_64-w64-mingw32-gcc-win32 to provide /usr/bin/x86_64-w64-mingw32-gcc (x86_64-w64-mingw32-gcc) in auto mode
update-alternatives: warning: skip creation of /usr/bin/x86_64-w64-mingw32-gcc-6 because associated file /usr/bin/x86_64-w64-mingw32-gcc-6-win32 (of link group x86_64-w64-mingw32-gcc) doesn't exist
Setting up btrfs-tools (4.7.3-1) ...
Setting up g++-mingw-w64-x86-64 (6.3.0-18+19.3+b3) ...
update-alternatives: using /usr/bin/x86_64-w64-mingw32-g++-posix to provide /usr/bin/x86_64-w64-mingw32-g++ (x86_64-w64-mingw32-g++) in auto mode
update-alternatives: using /usr/bin/x86_64-w64-mingw32-g++-win32 to provide /usr/bin/x86_64-w64-mingw32-g++ (x86_64-w64-mingw32-g++) in auto mode
Setting up python3 (3.5.3-1) ...
running python rtupdate hooks for python3.5...
running python post-rtupdate hooks for python3.5...
Setting up apparmor (2.11.0-3+deb9u2) ...
debconf: unable to initialize frontend: Dialog
debconf: (TERM is not set, so the dialog frontend is not usable.)
debconf: falling back to frontend: Readline
update-rc.d: warning: start and stop actions are no longer supported; falling back to defaults
diff: /var/lib/apparmor/profiles/.apparmor.md5sums: No such file or directory
Setting up libdevmapper1.02.1:amd64 (2:1.02.137-2) ...
Setting up libdevmapper-event1.02.1:amd64 (2:1.02.137-2) ...
Setting up dmsetup (2:1.02.137-2) ...
Setting up dh-python (2.20170125) ...
Setting up libdevmapper-dev:amd64 (2:1.02.137-2) ...
Processing triggers for libc-bin (2.24-11+deb9u3) ...
Removing intermediate container 43e36de02a04
 ---> 0913ba75c52b
Step 73/94 : COPY --from=swagger /build/swagger* /usr/local/bin/
 ---> b44d4f2ed446
Step 74/94 : COPY --from=frozen-images /build/ /docker-frozen-images
 ---> ccba42019e61
Step 75/94 : COPY --from=gometalinter /build/ /usr/local/bin/
 ---> 63fe8b94e354
Step 76/94 : COPY --from=tomlv /build/ /usr/local/bin/
 ---> e36296426fc6
Step 77/94 : COPY --from=vndr /build/ /usr/local/bin/
 ---> 12a553b861ae
Step 78/94 : COPY --from=tini /build/ /usr/local/bin/
 ---> a8259a95c2a0
Step 79/94 : COPY --from=runc /build/ /usr/local/bin/
 ---> 70fe740e7e96
Step 80/94 : COPY --from=containerd /build/ /usr/local/bin/
 ---> bc64266071fc
Step 81/94 : COPY --from=proxy /build/ /usr/local/bin/
 ---> da53b0b3c10c
Step 82/94 : COPY --from=dockercli /build/ /usr/local/cli
 ---> 7ee997c63bfc
Step 83/94 : COPY --from=registry /build/registry* /usr/local/bin/
 ---> cb7db3e2cfc4
Step 84/94 : COPY --from=criu /build/ /usr/local/
 ---> 1bdd5ba04a2b
Step 85/94 : COPY --from=docker-py /build/ /docker-py
 ---> 723f5fd06528
Step 86/94 : RUN cd /docker-py 	&& pip install docker-pycreds==0.2.1 	&& pip install yamllint==1.5.0 	&& pip install -r test-requirements.txt
 ---> Running in 4e698c7daa47
Collecting docker-pycreds==0.2.1
  Downloading https://files.pythonhosted.org/packages/ff/ec/14e976222468249cc50df4a031e5922581747b52dc96a0b1d5d73fee8f0e/docker_pycreds-0.2.1-py2.py3-none-any.whl
Requirement already satisfied: six>=1.4.0 in /usr/lib/python2.7/dist-packages (from docker-pycreds==0.2.1)
Installing collected packages: docker-pycreds
Successfully installed docker-pycreds-0.2.1
Collecting yamllint==1.5.0
  Downloading https://files.pythonhosted.org/packages/64/93/2a2e99b04f4a2f2adb26f4f543770310bf6303b3af492345c4a700d14f4e/yamllint-1.5.0-py2.py3-none-any.whl
Collecting pyyaml (from yamllint==1.5.0)
  Downloading https://files.pythonhosted.org/packages/9e/a3/1d13970c3f36777c583f136c136f804d70f500168edc1edea6daa7200769/PyYAML-3.13.tar.gz (270kB)
Building wheels for collected packages: pyyaml
  Running setup.py bdist_wheel for pyyaml: started
  Running setup.py bdist_wheel for pyyaml: finished with status 'done'
  Stored in directory: /root/.cache/pip/wheels/ad/da/0c/74eb680767247273e2cf2723482cb9c924fe70af57c334513f
Successfully built pyyaml
Installing collected packages: pyyaml, yamllint
Successfully installed pyyaml-3.13 yamllint-1.5.0
Collecting mock==1.0.1 (from -r test-requirements.txt (line 1))
  Downloading https://files.pythonhosted.org/packages/a2/52/7edcd94f0afb721a2d559a5b9aae8af4f8f2c79bc63fdbe8a8a6c9b23bbe/mock-1.0.1.tar.gz (818kB)
Collecting pytest==2.9.1 (from -r test-requirements.txt (line 2))
  Downloading https://files.pythonhosted.org/packages/61/49/c299eeaea69ed31338a58762b5185c56044fc2e09434694742ca2306a514/pytest-2.9.1-py2.py3-none-any.whl (161kB)
Collecting coverage==3.7.1 (from -r test-requirements.txt (line 3))
  Downloading https://files.pythonhosted.org/packages/09/4f/89b06c7fdc09687bca507dc411c342556ef9c5a3b26756137a4878ff19bf/coverage-3.7.1.tar.gz (284kB)
Collecting pytest-cov==2.1.0 (from -r test-requirements.txt (line 4))
  Downloading https://files.pythonhosted.org/packages/f2/9b/03b7d51c74d8f7088e37043dcf4f59faed359c56e7d016e2627108072679/pytest_cov-2.1.0-py2.py3-none-any.whl
Collecting flake8==3.4.1 (from -r test-requirements.txt (line 5))
  Downloading https://files.pythonhosted.org/packages/b2/d3/e80ea2616e3871ae22459c415c63d64b9bd744c92267482670fcdbcea72d/flake8-3.4.1-py2.py3-none-any.whl (68kB)
Collecting py>=1.4.29 (from pytest==2.9.1->-r test-requirements.txt (line 2))
  Downloading https://files.pythonhosted.org/packages/3e/c7/3da685ef117d42ac8d71af525208759742dd235f8094221fdaafcd3dba8f/py-1.7.0-py2.py3-none-any.whl (83kB)
Collecting pyflakes<1.6.0,>=1.5.0 (from flake8==3.4.1->-r test-requirements.txt (line 5))
  Downloading https://files.pythonhosted.org/packages/27/49/924098b3b85c286696f37e014475d79471ffc44509613af420645a3c12cb/pyflakes-1.5.0-py2.py3-none-any.whl (225kB)
Collecting enum34; python_version < "3.4" (from flake8==3.4.1->-r test-requirements.txt (line 5))
  Downloading https://files.pythonhosted.org/packages/c5/db/e56e6b4bbac7c4a06de1c50de6fe1ef3810018ae11732a50f15f62c7d050/enum34-1.1.6-py2-none-any.whl
Collecting configparser; python_version < "3.2" (from flake8==3.4.1->-r test-requirements.txt (line 5))
  Downloading https://files.pythonhosted.org/packages/7c/69/c2ce7e91c89dc073eb1aa74c0621c3eefbffe8216b3f9af9d3885265c01c/configparser-3.5.0.tar.gz
Collecting pycodestyle<2.4.0,>=2.0.0 (from flake8==3.4.1->-r test-requirements.txt (line 5))
  Downloading https://files.pythonhosted.org/packages/e4/81/78fe51eb4038d1388b7217dd63770b0f428370207125047312886c923b26/pycodestyle-2.3.1-py2.py3-none-any.whl (45kB)
Collecting mccabe<0.7.0,>=0.6.0 (from flake8==3.4.1->-r test-requirements.txt (line 5))
  Downloading https://files.pythonhosted.org/packages/87/89/479dc97e18549e21354893e4ee4ef36db1d237534982482c3681ee6e7b57/mccabe-0.6.1-py2.py3-none-any.whl
Building wheels for collected packages: mock, coverage, configparser
  Running setup.py bdist_wheel for mock: started
  Running setup.py bdist_wheel for mock: finished with status 'done'
  Stored in directory: /root/.cache/pip/wheels/7e/72/92/744b532c779242b57aab4bcba80c312b30c069bbd60025e7e6
  Running setup.py bdist_wheel for coverage: started
  Running setup.py bdist_wheel for coverage: finished with status 'done'
  Stored in directory: /root/.cache/pip/wheels/68/58/66/f1fc9afad272df0df0fa38cdef34ee2d5d8d6a85f4eb5acab5
  Running setup.py bdist_wheel for configparser: started
  Running setup.py bdist_wheel for configparser: finished with status 'done'
  Stored in directory: /root/.cache/pip/wheels/a3/61/79/424ef897a2f3b14684a7de5d89e8600b460b89663e6ce9d17c
Successfully built mock coverage configparser
Installing collected packages: mock, py, pytest, coverage, pytest-cov, pyflakes, enum34, configparser, pycodestyle, mccabe, flake8
  Found existing installation: mock 2.0.0
    Not uninstalling mock at /usr/lib/python2.7/dist-packages, outside environment /usr
Successfully installed configparser-3.5.0 coverage-3.7.1 enum34-1.1.6 flake8-3.4.1 mccabe-0.6.1 mock-1.0.1 py-1.7.0 pycodestyle-2.3.1 pyflakes-1.5.0 pytest-2.9.1 pytest-cov-2.1.0
Removing intermediate container 4e698c7daa47
 ---> a38cd394a335
Step 87/94 : ENV PATH=/usr/local/cli:$PATH
 ---> Running in 7fe63fa67e92
Removing intermediate container 7fe63fa67e92
 ---> 55c88fa7ad4d
Step 88/94 : ENV DOCKER_BUILDTAGS apparmor seccomp selinux
 ---> Running in 6c76888dfe93
Removing intermediate container 6c76888dfe93
 ---> a8f53b2cc4dd
Step 89/94 : ENV GOMETALINTER_OPTS="--deadline=2m"
 ---> Running in 645c5aa182fa
Removing intermediate container 645c5aa182fa
 ---> 98aa99cd51dd
Step 90/94 : WORKDIR /go/src/github.com/docker/docker
 ---> Running in 3c33022d4142
Removing intermediate container 3c33022d4142
 ---> 0771d9866296
Step 91/94 : VOLUME /var/lib/docker
 ---> Running in 8948bdbd1dc7
Removing intermediate container 8948bdbd1dc7
 ---> f7af7a0be689
Step 92/94 : ENTRYPOINT ["hack/dind"]
 ---> Running in f93094b08380
Removing intermediate container f93094b08380
 ---> 0cd24d6ac89d
Step 93/94 : FROM dev AS final
 ---> 0cd24d6ac89d
Step 94/94 : COPY . /go/src/github.com/docker/docker
 ---> 8c31149dae0f
Successfully built 8c31149dae0f
Successfully tagged docker:7997a7e-exp

Removing bundles/

---> Making bundle: binary-daemon (in bundles/binary-daemon)
Building: bundles/binary-daemon/dockerd-dev
Created binary: bundles/binary-daemon/dockerd-dev
Copying nested executables into bundles/binary-daemon

---> Making bundle: test-integration (in bundles/test-integration)
Building test suite binary ./integration-cli/test.main
Building test suite binary ./integration/plugin/test.main
Building test suite binary ./integration/plugin/authz/test.main
Building test suite binary ./integration/plugin/logging/test.main
Building test suite binary ./integration/plugin/logging/cmd/test.main
Building test suite binary ./integration/plugin/logging/cmd/close_on_start/test.main
Building test suite binary ./integration/plugin/logging/cmd/dummy/test.main
Building test suite binary ./integration/plugin/common/test.main
Building test suite binary ./integration/plugin/volumes/test.main
Building test suite binary ./integration/plugin/volumes/cmd/test.main
Building test suite binary ./integration/plugin/volumes/cmd/dummy/test.main
Building test suite binary ./integration/plugin/graphdriver/test.main
Building test suite binary ./integration/config/test.main
Building test suite binary ./integration/service/test.main
Building test suite binary ./integration/network/test.main
Building test suite binary ./integration/network/ipvlan/test.main
Building test suite binary ./integration/network/macvlan/test.main
Building test suite binary ./integration/secret/test.main
Building test suite binary ./integration/session/test.main
Building test suite binary ./integration/container/test.main
Building test suite binary ./integration/build/test.main
Building test suite binary ./integration/volume/test.main
Building test suite binary ./integration/system/test.main
Building test suite binary ./integration/image/test.main
---> Making bundle: .integration-daemon-start (in bundles/test-integration)
Using test binary docker
# DOCKER_EXPERIMENTAL is set: starting daemon with experimental features enabled! 
/etc/init.d/apparmor: 130: /etc/init.d/apparmor: systemd-detect-virt: not found
Starting AppArmor profiles:Warning from stdin (line 1): /sbin/apparmor_parser: cannot use or update cache, disable, or force-complain via stdin
Warning failed to create cache: (null)
.
INFO: Waiting for daemon to start...
Starting dockerd
.
---> Making bundle: .integration-daemon-setup (in bundles/test-integration)
---> Making bundle: .ensure-emptyfs (in bundles/test-integration)
Error: No such image: emptyfs
Running integration-test (iteration 1)
Running /go/src/github.com/docker/docker/integration/plugin
testing: warning: no tests to run
PASS
Running /go/src/github.com/docker/docker/integration/plugin/authz
Loaded image: buildpack-deps:jessie
Loaded image: busybox:latest
Loaded image: busybox:glibc
Loaded image: debian:jessie
Loaded image: hello-world:latest
INFO: Testing against a local daemon
=== RUN   TestAuthZPluginAllowRequest
--- PASS: TestAuthZPluginAllowRequest (3.17s)
    daemon.go:296: [d2fb1371b9463] waiting for daemon to start
    daemon.go:328: [d2fb1371b9463] daemon started
    daemon.go:283: [d2fb1371b9463] exiting daemon
=== RUN   TestAuthZPluginTLS
--- PASS: TestAuthZPluginTLS (0.52s)
    daemon.go:296: [d4ee93bf898cc] waiting for daemon to start
    daemon.go:328: [d4ee93bf898cc] daemon started
    daemon.go:283: [d4ee93bf898cc] exiting daemon
=== RUN   TestAuthZPluginDenyRequest
--- PASS: TestAuthZPluginDenyRequest (0.52s)
    daemon.go:296: [dadcebc6a85e9] waiting for daemon to start
    daemon.go:328: [dadcebc6a85e9] daemon started
    daemon.go:283: [dadcebc6a85e9] exiting daemon
=== RUN   TestAuthZPluginAPIDenyResponse
--- PASS: TestAuthZPluginAPIDenyResponse (0.53s)
    daemon.go:296: [dbaa910760744] waiting for daemon to start
    daemon.go:328: [dbaa910760744] daemon started
    daemon.go:283: [dbaa910760744] exiting daemon
=== RUN   TestAuthZPluginDenyResponse
--- PASS: TestAuthZPluginDenyResponse (0.52s)
    daemon.go:296: [dbb18f3264ae1] waiting for daemon to start
    daemon.go:328: [dbb18f3264ae1] daemon started
    daemon.go:283: [dbb18f3264ae1] exiting daemon
=== RUN   TestAuthZPluginAllowEventStream
--- PASS: TestAuthZPluginAllowEventStream (1.22s)
    daemon.go:296: [d10528acb745e] waiting for daemon to start
    daemon.go:328: [d10528acb745e] daemon started
    daemon.go:283: [d10528acb745e] exiting daemon
=== RUN   TestAuthZPluginErrorResponse
--- PASS: TestAuthZPluginErrorResponse (0.52s)
    daemon.go:296: [de707530ee026] waiting for daemon to start
    daemon.go:328: [de707530ee026] daemon started
    daemon.go:283: [de707530ee026] exiting daemon
=== RUN   TestAuthZPluginErrorRequest
--- PASS: TestAuthZPluginErrorRequest (0.52s)
    daemon.go:296: [d7a952b46416d] waiting for daemon to start
    daemon.go:328: [d7a952b46416d] daemon started
    daemon.go:283: [d7a952b46416d] exiting daemon
=== RUN   TestAuthZPluginEnsureNoDuplicatePluginRegistration
--- PASS: TestAuthZPluginEnsureNoDuplicatePluginRegistration (3.13s)
    daemon.go:296: [d6e16aade7ef2] waiting for daemon to start
    daemon.go:328: [d6e16aade7ef2] daemon started
    daemon.go:283: [d6e16aade7ef2] exiting daemon
=== RUN   TestAuthZPluginEnsureLoadImportWorking
--- PASS: TestAuthZPluginEnsureLoadImportWorking (3.88s)
    daemon.go:296: [dba225f625039] waiting for daemon to start
    daemon.go:328: [dba225f625039] daemon started
    daemon.go:283: [dba225f625039] exiting daemon
=== RUN   TestAuthzPluginEnsureContainerCopyToFrom
--- PASS: TestAuthzPluginEnsureContainerCopyToFrom (1.51s)
    daemon.go:296: [d9eea71c1c889] waiting for daemon to start
    daemon.go:328: [d9eea71c1c889] daemon started
    daemon.go:283: [d9eea71c1c889] exiting daemon
=== RUN   TestAuthZPluginHeader
--- PASS: TestAuthZPluginHeader (0.71s)
    daemon.go:296: [de54b89077f01] waiting for daemon to start
    daemon.go:328: [de54b89077f01] daemon started
    daemon.go:283: [de54b89077f01] exiting daemon
=== RUN   TestAuthZPluginV2AllowNonVolumeRequest
--- PASS: TestAuthZPluginV2AllowNonVolumeRequest (6.79s)
    daemon.go:296: [d60771a646b6d] waiting for daemon to start
    daemon.go:328: [d60771a646b6d] daemon started
    daemon.go:283: [d60771a646b6d] exiting daemon
    daemon.go:296: [d60771a646b6d] waiting for daemon to start
    daemon.go:328: [d60771a646b6d] daemon started
    daemon.go:283: [d60771a646b6d] exiting daemon
=== RUN   TestAuthZPluginV2Disable
--- PASS: TestAuthZPluginV2Disable (7.90s)
    daemon.go:296: [de955ef100068] waiting for daemon to start
    daemon.go:328: [de955ef100068] daemon started
    daemon.go:283: [de955ef100068] exiting daemon
    daemon.go:296: [de955ef100068] waiting for daemon to start
    daemon.go:328: [de955ef100068] daemon started
    daemon.go:283: [de955ef100068] exiting daemon
=== RUN   TestAuthZPluginV2RejectVolumeRequests
--- PASS: TestAuthZPluginV2RejectVolumeRequests (5.53s)
    daemon.go:296: [d43cb33af931c] waiting for daemon to start
    daemon.go:328: [d43cb33af931c] daemon started
    daemon.go:283: [d43cb33af931c] exiting daemon
    daemon.go:296: [d43cb33af931c] waiting for daemon to start
    daemon.go:328: [d43cb33af931c] daemon started
    daemon.go:283: [d43cb33af931c] exiting daemon
=== RUN   TestAuthZPluginV2BadManifestFailsDaemonStart
--- PASS: TestAuthZPluginV2BadManifestFailsDaemonStart (13.75s)
    daemon.go:296: [de4e2834d995c] waiting for daemon to start
    daemon.go:328: [de4e2834d995c] daemon started
    daemon.go:283: [de4e2834d995c] exiting daemon
    daemon.go:296: [de4e2834d995c] waiting for daemon to start
    daemon.go:296: [de4e2834d995c] waiting for daemon to start
    daemon.go:283: [de4e2834d995c] exiting daemon
    daemon.go:296: [de4e2834d995c] waiting for daemon to start
    daemon.go:328: [de4e2834d995c] daemon started
    daemon.go:283: [de4e2834d995c] exiting daemon
=== RUN   TestAuthZPluginV2NonexistentFailsDaemonStart
--- PASS: TestAuthZPluginV2NonexistentFailsDaemonStart (16.50s)
    daemon.go:296: [dcf13930861e6] waiting for daemon to start
    daemon.go:328: [dcf13930861e6] daemon started
    daemon.go:283: [dcf13930861e6] exiting daemon
    daemon.go:296: [dcf13930861e6] waiting for daemon to start
    daemon.go:296: [dcf13930861e6] waiting for daemon to start
    daemon.go:296: [dcf13930861e6] waiting for daemon to start
    daemon.go:328: [dcf13930861e6] daemon started
    daemon.go:283: [dcf13930861e6] exiting daemon
PASS
Running /go/src/github.com/docker/docker/integration/plugin/logging
INFO: Testing against a local daemon
=== RUN   TestContinueAfterPluginCrash
=== PAUSE TestContinueAfterPluginCrash
=== RUN   TestDaemonStartWithLogOpt
=== PAUSE TestDaemonStartWithLogOpt
=== CONT  TestContinueAfterPluginCrash
=== CONT  TestDaemonStartWithLogOpt
--- PASS: TestDaemonStartWithLogOpt (12.92s)
    daemon.go:296: [d07743acf7495] waiting for daemon to start
    daemon.go:328: [d07743acf7495] daemon started
    daemon.go:283: [d07743acf7495] exiting daemon
    daemon.go:296: [d07743acf7495] waiting for daemon to start
    daemon.go:328: [d07743acf7495] daemon started
    daemon.go:283: [d07743acf7495] exiting daemon
--- PASS: TestContinueAfterPluginCrash (17.67s)
    daemon.go:296: [dc2db96fbb3ff] waiting for daemon to start
    daemon.go:328: [dc2db96fbb3ff] daemon started
    daemon.go:283: [dc2db96fbb3ff] exiting daemon
PASS
Running /go/src/github.com/docker/docker/integration/plugin/logging/cmd
testing: warning: no tests to run
PASS
Running /go/src/github.com/docker/docker/integration/plugin/logging/cmd/close_on_start
testing: warning: no tests to run
PASS
Running /go/src/github.com/docker/docker/integration/plugin/logging/cmd/dummy
testing: warning: no tests to run
PASS
Running /go/src/github.com/docker/docker/integration/plugin/common
INFO: Testing against a local daemon
=== RUN   TestPluginInvalidJSON
=== RUN   TestPluginInvalidJSON//plugins/foobar/set
=== PAUSE TestPluginInvalidJSON//plugins/foobar/set
=== CONT  TestPluginInvalidJSON//plugins/foobar/set
--- PASS: TestPluginInvalidJSON (0.01s)
    --- PASS: TestPluginInvalidJSON//plugins/foobar/set (0.00s)
PASS
Running /go/src/github.com/docker/docker/integration/plugin/volumes
INFO: Testing against a local daemon
=== RUN   TestPluginWithDevMounts
=== PAUSE TestPluginWithDevMounts
=== CONT  TestPluginWithDevMounts
--- PASS: TestPluginWithDevMounts (1.75s)
    daemon.go:296: [d776068703b3e] waiting for daemon to start
    daemon.go:328: [d776068703b3e] daemon started
    daemon.go:283: [d776068703b3e] exiting daemon
PASS
Running /go/src/github.com/docker/docker/integration/plugin/volumes/cmd
testing: warning: no tests to run
PASS
Running /go/src/github.com/docker/docker/integration/plugin/volumes/cmd/dummy
testing: warning: no tests to run
PASS
Running /go/src/github.com/docker/docker/integration/plugin/graphdriver
INFO: Testing against a local daemon
=== RUN   TestExternalGraphDriver
=== RUN   TestExternalGraphDriver/json
=== RUN   TestExternalGraphDriver/spec
=== RUN   TestExternalGraphDriver/pull
--- PASS: TestExternalGraphDriver (6.92s)
    daemon.go:296: [d47c54415624f] waiting for daemon to start
    daemon.go:328: [d47c54415624f] daemon started
    daemon.go:283: [d47c54415624f] exiting daemon
    daemon.go:296: [d47c54415624f] waiting for daemon to start
    daemon.go:328: [d47c54415624f] daemon started
    daemon.go:283: [d47c54415624f] exiting daemon
    --- PASS: TestExternalGraphDriver/json (1.73s)
    daemon.go:296: [d47c54415624f] waiting for daemon to start
    daemon.go:328: [d47c54415624f] daemon started
    daemon.go:283: [d47c54415624f] exiting daemon
    daemon.go:296: [d47c54415624f] waiting for daemon to start
    daemon.go:328: [d47c54415624f] daemon started
    daemon.go:283: [d47c54415624f] exiting daemon
    --- PASS: TestExternalGraphDriver/spec (1.71s)
    daemon.go:296: [d47c54415624f] waiting for daemon to start
    daemon.go:328: [d47c54415624f] daemon started
    daemon.go:283: [d47c54415624f] exiting daemon
    --- PASS: TestExternalGraphDriver/pull (3.03s)
=== RUN   TestGraphdriverPluginV2
--- PASS: TestGraphdriverPluginV2 (6.51s)
    daemon.go:296: [dbcee93c69f1e] waiting for daemon to start
    daemon.go:328: [dbcee93c69f1e] daemon started
    daemon.go:283: [dbcee93c69f1e] exiting daemon
    daemon.go:296: [dbcee93c69f1e] waiting for daemon to start
    daemon.go:328: [dbcee93c69f1e] daemon started
    daemon.go:283: [dbcee93c69f1e] exiting daemon
PASS
Running /go/src/github.com/docker/docker/integration/config
INFO: Testing against a local daemon
=== RUN   TestConfigList
--- PASS: TestConfigList (2.01s)
    daemon.go:296: [d39ecfcb0bc1f] waiting for daemon to start
    daemon.go:328: [d39ecfcb0bc1f] daemon started
    daemon.go:283: [d39ecfcb0bc1f] exiting daemon
=== RUN   TestConfigsCreateAndDelete
--- PASS: TestConfigsCreateAndDelete (2.03s)
    daemon.go:296: [df9e7baf6e918] waiting for daemon to start
    daemon.go:328: [df9e7baf6e918] daemon started
    daemon.go:283: [df9e7baf6e918] exiting daemon
=== RUN   TestConfigsUpdate
--- PASS: TestConfigsUpdate (2.02s)
    daemon.go:296: [d08975ff2669f] waiting for daemon to start
    daemon.go:328: [d08975ff2669f] daemon started
    daemon.go:283: [d08975ff2669f] exiting daemon
=== RUN   TestTemplatedConfig
--- PASS: TestTemplatedConfig (2.60s)
    daemon.go:296: [d95a0532e336f] waiting for daemon to start
    daemon.go:328: [d95a0532e336f] daemon started
    daemon.go:283: [d95a0532e336f] exiting daemon
=== RUN   TestConfigInspect
--- PASS: TestConfigInspect (2.06s)
    daemon.go:296: [d0e99863d4ca5] waiting for daemon to start
    daemon.go:328: [d0e99863d4ca5] daemon started
    daemon.go:283: [d0e99863d4ca5] exiting daemon
=== RUN   TestConfigCreateWithLabels
--- PASS: TestConfigCreateWithLabels (2.16s)
    daemon.go:296: [d194d21595a62] waiting for daemon to start
    daemon.go:328: [d194d21595a62] daemon started
    daemon.go:283: [d194d21595a62] exiting daemon
=== RUN   TestConfigCreateResolve
--- PASS: TestConfigCreateResolve (2.10s)
    daemon.go:296: [da515db2bdeca] waiting for daemon to start
    daemon.go:328: [da515db2bdeca] daemon started
    daemon.go:283: [da515db2bdeca] exiting daemon
PASS
Running /go/src/github.com/docker/docker/integration/service
INFO: Testing against a local daemon
=== RUN   TestServiceCreateInit
=== RUN   TestServiceCreateInit/daemonInitDisabled
=== RUN   TestServiceCreateInit/daemonInitEnabled
--- PASS: TestServiceCreateInit (7.95s)
    --- PASS: TestServiceCreateInit/daemonInitDisabled (4.01s)
        daemon.go:296: [d70074ecf92b6] waiting for daemon to start
        daemon.go:328: [d70074ecf92b6] daemon started
        daemon.go:283: [d70074ecf92b6] exiting daemon
    --- PASS: TestServiceCreateInit/daemonInitEnabled (3.93s)
        daemon.go:296: [d66e7582a22f4] waiting for daemon to start
        daemon.go:328: [d66e7582a22f4] daemon started
        daemon.go:283: [d66e7582a22f4] exiting daemon
=== RUN   TestCreateServiceMultipleTimes
--- PASS: TestCreateServiceMultipleTimes (23.80s)
    daemon.go:296: [ddb6fc81d5c17] waiting for daemon to start
    daemon.go:328: [ddb6fc81d5c17] daemon started
    daemon.go:283: [ddb6fc81d5c17] exiting daemon
=== RUN   TestCreateServiceConflict
--- PASS: TestCreateServiceConflict (2.06s)
    daemon.go:296: [d352acf22f929] waiting for daemon to start
    daemon.go:328: [d352acf22f929] daemon started
    daemon.go:283: [d352acf22f929] exiting daemon
=== RUN   TestCreateServiceMaxReplicas
--- PASS: TestCreateServiceMaxReplicas (2.70s)
    daemon.go:296: [d0ba0ef54487e] waiting for daemon to start
    daemon.go:328: [d0ba0ef54487e] daemon started
    daemon.go:283: [d0ba0ef54487e] exiting daemon
=== RUN   TestCreateWithDuplicateNetworkNames
--- PASS: TestCreateWithDuplicateNetworkNames (12.84s)
    daemon.go:296: [da24705ec1771] waiting for daemon to start
    daemon.go:328: [da24705ec1771] daemon started
    daemon.go:283: [da24705ec1771] exiting daemon
=== RUN   TestCreateServiceSecretFileMode
--- PASS: TestCreateServiceSecretFileMode (2.61s)
    daemon.go:296: [d5b2d01ddc5cc] waiting for daemon to start
    daemon.go:328: [d5b2d01ddc5cc] daemon started
    daemon.go:283: [d5b2d01ddc5cc] exiting daemon
=== RUN   TestCreateServiceConfigFileMode
--- PASS: TestCreateServiceConfigFileMode (2.60s)
    daemon.go:296: [d40fd7fa9dd5b] waiting for daemon to start
    daemon.go:328: [d40fd7fa9dd5b] daemon started
    daemon.go:283: [d40fd7fa9dd5b] exiting daemon
=== RUN   TestCreateServiceSysctls
--- PASS: TestCreateServiceSysctls (3.20s)
    daemon.go:296: [d97ec0ffdc53d] waiting for daemon to start
    daemon.go:328: [d97ec0ffdc53d] daemon started
    daemon.go:283: [d97ec0ffdc53d] exiting daemon
=== RUN   TestInspect
--- PASS: TestInspect (2.11s)
    daemon.go:296: [d53fbc1201bfa] waiting for daemon to start
    daemon.go:328: [d53fbc1201bfa] daemon started
    daemon.go:283: [d53fbc1201bfa] exiting daemon
=== RUN   TestDockerNetworkConnectAlias
--- PASS: TestDockerNetworkConnectAlias (3.92s)
    daemon.go:296: [d6b061fc9b131] waiting for daemon to start
    daemon.go:328: [d6b061fc9b131] daemon started
    daemon.go:283: [d6b061fc9b131] exiting daemon
=== RUN   TestServicePlugin
--- PASS: TestServicePlugin (35.09s)
    daemon.go:296: [dff3cf283c5d0] waiting for daemon to start
    daemon.go:328: [dff3cf283c5d0] daemon started
    daemon.go:283: [dff3cf283c5d0] exiting daemon
    daemon.go:296: [d51285376a489] waiting for daemon to start
    daemon.go:328: [d51285376a489] daemon started
    daemon.go:296: [d0474412a62f3] waiting for daemon to start
    daemon.go:328: [d0474412a62f3] daemon started
    daemon.go:296: [d1cb4a6a783d0] waiting for daemon to start
    daemon.go:328: [d1cb4a6a783d0] daemon started
    daemon.go:283: [d1cb4a6a783d0] exiting daemon
    daemon.go:283: [d0474412a62f3] exiting daemon
    daemon.go:283: [d51285376a489] exiting daemon
=== RUN   TestServiceUpdateLabel
--- PASS: TestServiceUpdateLabel (2.12s)
    daemon.go:296: [d04526e1a421f] waiting for daemon to start
    daemon.go:328: [d04526e1a421f] daemon started
    daemon.go:283: [d04526e1a421f] exiting daemon
=== RUN   TestServiceUpdateSecrets
--- PASS: TestServiceUpdateSecrets (7.64s)
    daemon.go:296: [d470d498240cf] waiting for daemon to start
    daemon.go:328: [d470d498240cf] daemon started
    daemon.go:283: [d470d498240cf] exiting daemon
=== RUN   TestServiceUpdateConfigs
--- FAIL: TestServiceUpdateConfigs (2.11s)
    daemon.go:296: [d2ae064c07531] waiting for daemon to start
    daemon.go:328: [d2ae064c07531] daemon started
    update_test.go:188: assertion failed: error is not nil: Error response from daemon: rpc error: code = Unknown desc = update out of sequence
    daemon.go:283: [d2ae064c07531] exiting daemon
FAIL
---> Making bundle: .integration-daemon-stop (in bundles/test-integration)
Clearing AppArmor profiles cache:.
All profile caches have been cleared, but no profiles have been unloaded.
Unloading profiles will leave already running processes permanently
unconfined, which can lead to unexpected situations.

To set a process to complain mode, use the command line tool
'aa-complain'. To really tear down all profiles, run the init script
with the 'teardown' option."
Removing test suite binaries
Build step 'Execute shell' marked build as failure
Set build name.
New build name is '#38449'
[PostBuildScript] - Executing post build scripts.
[Docker-PRs-experimental] $ /bin/sh -xe /tmp/jenkins6146099249857266762.sh
+ echo Ensuring container killed.
Ensuring container killed.
+ docker rm -vf docker-pr-exp43508
Error: No such container: docker-pr-exp43508
+ true
+ echo Chowning /workspace to jenkins user
Chowning /workspace to jenkins user
+ id -u
+ id -g
+ docker run --rm -v /home/ubuntu/workspace/Docker-PRs-experimental:/workspace busybox chown -R 1000:1000 /workspace
[Docker-PRs-experimental] $ /bin/sh -xe /tmp/jenkins8194369424409272351.sh
+ echo Creating bundles.tar.gz
Creating bundles.tar.gz
+ find bundles -name *.log
+ xargs tar -czf bundles.tar.gz
Archiving artifacts
Notifying endpoint with url 'https://leeroy.dockerproject.org/notification/jenkins'
[WS-CLEANUP] Deleting project workspace...[WS-CLEANUP] done
Finished: FAILURE
