Started by user Gordon
Notifying endpoint with url 'https://leeroy.dockerproject.org/notification/jenkins'
[EnvInject] - Loading node environment variables.
Building remotely on ubuntu-1604-aufs-stable (i-095b7f0eacbdb3a4d) (docker-edge ubuntu aufs docker-stable docker ubuntu-1604-aufs-edge x86_64 ec2 linux ubuntu-1604-aufs ubuntu-1604 amd64 ubuntu-1604-aufs-stable us-west-2) in workspace /home/ubuntu/workspace/Docker-PRs-experimental
Wiping out workspace first.
Cloning the remote Git repository
Cloning repository https://github.com/moby/moby.git
 > git init /home/ubuntu/workspace/Docker-PRs-experimental # timeout=10
Fetching upstream changes from https://github.com/moby/moby.git
 > git --version # timeout=10
 > git fetch --tags --progress https://github.com/moby/moby.git +refs/heads/*:refs/remotes/origin/*
 > git config remote.origin.url https://github.com/moby/moby.git # timeout=10
 > git config --add remote.origin.fetch +refs/heads/*:refs/remotes/origin/* # timeout=10
 > git config remote.origin.url https://github.com/moby/moby.git # timeout=10
Fetching upstream changes from https://github.com/moby/moby.git
 > git fetch --tags --progress https://github.com/moby/moby.git +refs/heads/*:refs/remotes/origin/*
 > git rev-parse origin/master^{commit} # timeout=10
Checking out Revision e0e9942dc5466884e7b2ef5c509a9dab33c4a01a (origin/master)
 > git config core.sparsecheckout # timeout=10
 > git checkout -f e0e9942dc5466884e7b2ef5c509a9dab33c4a01a
Commit message: "Merge pull request #38419 from thaJeztah/fix_nuke_everything"
 > git rev-list --no-walk e0e9942dc5466884e7b2ef5c509a9dab33c4a01a # timeout=10
Set build name.
New build name is '#38472'
[Docker-PRs-experimental] $ /bin/bash /tmp/jenkins4655765912360386826.sh
From https://github.com/moby/moby
 * [new ref]         refs/pull/38472/head -> origin/pr/38472
Merge made by the 'recursive' strategy.
 integration/build/build_test.go | 7 -------
 1 file changed, 7 deletions(-)
Sending build context to Docker daemon   45.1MB
Step 1/94 : FROM golang:1.11.4 AS base
 ---> 343df9d12b7b
Step 2/94 : ARG APT_MIRROR=deb.debian.org
 ---> Using cache
 ---> 4b65bd29707a
Step 3/94 : RUN sed -ri "s/(httpredir|deb).debian.org/$APT_MIRROR/g" /etc/apt/sources.list
 ---> Using cache
 ---> d14321542c1b
Step 4/94 : FROM base AS criu
 ---> d14321542c1b
Step 5/94 : ENV CRIU_VERSION 3.6
 ---> Using cache
 ---> 54a948a60488
Step 6/94 : RUN apt-get update && apt-get install -y 	libnet-dev 	libprotobuf-c0-dev 	libprotobuf-dev 	libnl-3-dev 	libcap-dev 	protobuf-compiler 	protobuf-c-compiler 	python-protobuf 	&& mkdir -p /usr/src/criu 	&& curl -sSL https://github.com/checkpoint-restore/criu/archive/v${CRIU_VERSION}.tar.gz | tar -C /usr/src/criu/ -xz --strip-components=1 	&& cd /usr/src/criu 	&& make 	&& make PREFIX=/build/ install-criu
 ---> Using cache
 ---> 4030630e8a6c
Step 7/94 : FROM base AS registry
 ---> d14321542c1b
Step 8/94 : ENV REGISTRY_COMMIT_SCHEMA1 ec87e9b6971d831f0eff752ddb54fb64693e51cd
 ---> Using cache
 ---> 3fd66e80cfa3
Step 9/94 : ENV REGISTRY_COMMIT 47a064d4195a9b56133891bbb13620c3ac83a827
 ---> Using cache
 ---> 88576562572e
Step 10/94 : RUN set -x 	&& export GOPATH="$(mktemp -d)" 	&& git clone https://github.com/docker/distribution.git "$GOPATH/src/github.com/docker/distribution" 	&& (cd "$GOPATH/src/github.com/docker/distribution" && git checkout -q "$REGISTRY_COMMIT") 	&& GOPATH="$GOPATH/src/github.com/docker/distribution/Godeps/_workspace:$GOPATH" 		go build -buildmode=pie -o /build/registry-v2 github.com/docker/distribution/cmd/registry 	&& case $(dpkg --print-architecture) in 		amd64|ppc64*|s390x) 		(cd "$GOPATH/src/github.com/docker/distribution" && git checkout -q "$REGISTRY_COMMIT_SCHEMA1"); 		GOPATH="$GOPATH/src/github.com/docker/distribution/Godeps/_workspace:$GOPATH"; 			go build -buildmode=pie -o /build/registry-v2-schema1 github.com/docker/distribution/cmd/registry; 		;; 	   esac 	&& rm -rf "$GOPATH"
 ---> Using cache
 ---> 77cbfc4e3ed9
Step 11/94 : FROM base AS docker-py
 ---> d14321542c1b
Step 12/94 : ENV DOCKER_PY_COMMIT 8b246db271a85d6541dc458838627e89c683e42f
 ---> Using cache
 ---> 47a4cddc854a
Step 13/94 : RUN git clone https://github.com/docker/docker-py.git /build 	&& cd /build 	&& git checkout -q $DOCKER_PY_COMMIT
 ---> Using cache
 ---> e76c339886cd
Step 14/94 : FROM base AS swagger
 ---> d14321542c1b
Step 15/94 : ENV GO_SWAGGER_COMMIT c28258affb0b6251755d92489ef685af8d4ff3eb
 ---> Using cache
 ---> 0017589c8199
Step 16/94 : RUN set -x 	&& export GOPATH="$(mktemp -d)" 	&& git clone https://github.com/go-swagger/go-swagger.git "$GOPATH/src/github.com/go-swagger/go-swagger" 	&& (cd "$GOPATH/src/github.com/go-swagger/go-swagger" && git checkout -q "$GO_SWAGGER_COMMIT") 	&& go build -o /build/swagger github.com/go-swagger/go-swagger/cmd/swagger 	&& rm -rf "$GOPATH"
 ---> Using cache
 ---> f9920769fa8d
Step 17/94 : FROM base AS frozen-images
 ---> d14321542c1b
Step 18/94 : RUN apt-get update && apt-get install -y jq ca-certificates --no-install-recommends
 ---> Using cache
 ---> 0b99682a8412
Step 19/94 : COPY contrib/download-frozen-image-v2.sh /
 ---> Using cache
 ---> e18b4da0824a
Step 20/94 : RUN /download-frozen-image-v2.sh /build 	buildpack-deps:jessie@sha256:dd86dced7c9cd2a724e779730f0a53f93b7ef42228d4344b25ce9a42a1486251 	busybox:latest@sha256:bbc3a03235220b170ba48a157dd097dd1379299370e1ed99ce976df0355d24f0 	busybox:glibc@sha256:0b55a30394294ab23b9afd58fab94e61a923f5834fba7ddbae7f8e0c11ba85e6 	debian:jessie@sha256:287a20c5f73087ab406e6b364833e3fb7b3ae63ca0eb3486555dc27ed32c6e60 	hello-world:latest@sha256:be0cd392e45be79ffeffa6b05338b98ebb16c87b255f48e297ec7f98e123905c
 ---> Using cache
 ---> dc85b4771159
Step 21/94 : FROM base AS runtime-dev
 ---> d14321542c1b
Step 22/94 : RUN apt-get update && apt-get install -y 	libapparmor-dev 	libseccomp-dev
 ---> Using cache
 ---> 634c1380adf1
Step 23/94 : FROM base AS tomlv
 ---> d14321542c1b
Step 24/94 : ENV INSTALL_BINARY_NAME=tomlv
 ---> Using cache
 ---> 2c913c37a529
Step 25/94 : COPY hack/dockerfile/install/install.sh ./install.sh
 ---> Using cache
 ---> 84bceb4dadcd
Step 26/94 : COPY hack/dockerfile/install/$INSTALL_BINARY_NAME.installer ./
 ---> Using cache
 ---> 25dab4c60cc1
Step 27/94 : RUN PREFIX=/build ./install.sh $INSTALL_BINARY_NAME
 ---> Using cache
 ---> bac4bd8dc8ad
Step 28/94 : FROM base AS vndr
 ---> d14321542c1b
Step 29/94 : ENV INSTALL_BINARY_NAME=vndr
 ---> Using cache
 ---> 33c25e22700d
Step 30/94 : COPY hack/dockerfile/install/install.sh ./install.sh
 ---> Using cache
 ---> 321c7dbe0713
Step 31/94 : COPY hack/dockerfile/install/$INSTALL_BINARY_NAME.installer ./
 ---> Using cache
 ---> 04559c4095ed
Step 32/94 : RUN PREFIX=/build ./install.sh $INSTALL_BINARY_NAME
 ---> Using cache
 ---> 55cefa805991
Step 33/94 : FROM base AS containerd
 ---> d14321542c1b
Step 34/94 : RUN apt-get update && apt-get install -y btrfs-tools
 ---> Using cache
 ---> 1586146b0bf3
Step 35/94 : ENV INSTALL_BINARY_NAME=containerd
 ---> Using cache
 ---> 56656a334523
Step 36/94 : COPY hack/dockerfile/install/install.sh ./install.sh
 ---> Using cache
 ---> 46160c436189
Step 37/94 : COPY hack/dockerfile/install/$INSTALL_BINARY_NAME.installer ./
 ---> Using cache
 ---> acf172adb774
Step 38/94 : RUN PREFIX=/build ./install.sh $INSTALL_BINARY_NAME
 ---> Using cache
 ---> 29f7bd11a8e9
Step 39/94 : FROM base AS proxy
 ---> d14321542c1b
Step 40/94 : ENV INSTALL_BINARY_NAME=proxy
 ---> Using cache
 ---> 8594ee109971
Step 41/94 : COPY hack/dockerfile/install/install.sh ./install.sh
 ---> Using cache
 ---> 08df555b978a
Step 42/94 : COPY hack/dockerfile/install/$INSTALL_BINARY_NAME.installer ./
 ---> Using cache
 ---> a65ed8684e08
Step 43/94 : RUN PREFIX=/build ./install.sh $INSTALL_BINARY_NAME
 ---> Using cache
 ---> 6c44ff6516f2
Step 44/94 : FROM base AS gometalinter
 ---> d14321542c1b
Step 45/94 : ENV INSTALL_BINARY_NAME=gometalinter
 ---> Using cache
 ---> a594f7a87aa1
Step 46/94 : COPY hack/dockerfile/install/install.sh ./install.sh
 ---> Using cache
 ---> 60e065e5583a
Step 47/94 : COPY hack/dockerfile/install/$INSTALL_BINARY_NAME.installer ./
 ---> Using cache
 ---> f878316b09aa
Step 48/94 : RUN PREFIX=/build ./install.sh $INSTALL_BINARY_NAME
 ---> Using cache
 ---> 8f82c77008ff
Step 49/94 : FROM base AS dockercli
 ---> d14321542c1b
Step 50/94 : ENV INSTALL_BINARY_NAME=dockercli
 ---> Using cache
 ---> 7232bdea13b5
Step 51/94 : COPY hack/dockerfile/install/install.sh ./install.sh
 ---> Using cache
 ---> a747191b9caa
Step 52/94 : COPY hack/dockerfile/install/$INSTALL_BINARY_NAME.installer ./
 ---> Using cache
 ---> 427aecee0bc6
Step 53/94 : RUN PREFIX=/build ./install.sh $INSTALL_BINARY_NAME
 ---> Using cache
 ---> 5d89d974fc1a
Step 54/94 : FROM runtime-dev AS runc
 ---> 634c1380adf1
Step 55/94 : ENV INSTALL_BINARY_NAME=runc
 ---> Using cache
 ---> bbf7ca13cfa0
Step 56/94 : COPY hack/dockerfile/install/install.sh ./install.sh
 ---> Using cache
 ---> 391b7245f5ae
Step 57/94 : COPY hack/dockerfile/install/$INSTALL_BINARY_NAME.installer ./
 ---> Using cache
 ---> de7f33235f75
Step 58/94 : RUN PREFIX=/build ./install.sh $INSTALL_BINARY_NAME
 ---> Using cache
 ---> 0bff5c5aaf32
Step 59/94 : FROM base AS tini
 ---> d14321542c1b
Step 60/94 : RUN apt-get update && apt-get install -y cmake vim-common
 ---> Using cache
 ---> aac0c706449a
Step 61/94 : COPY hack/dockerfile/install/install.sh ./install.sh
 ---> Using cache
 ---> 2a78adc5f6ee
Step 62/94 : ENV INSTALL_BINARY_NAME=tini
 ---> Using cache
 ---> 84e4137026a5
Step 63/94 : COPY hack/dockerfile/install/$INSTALL_BINARY_NAME.installer ./
 ---> Using cache
 ---> f2e0dc9b7dbe
Step 64/94 : RUN PREFIX=/build ./install.sh $INSTALL_BINARY_NAME
 ---> Using cache
 ---> ac509e46e9fe
Step 65/94 : FROM runtime-dev AS dev
 ---> 634c1380adf1
Step 66/94 : RUN groupadd -r docker
 ---> Using cache
 ---> 38de9edeb828
Step 67/94 : RUN useradd --create-home --gid docker unprivilegeduser
 ---> Using cache
 ---> 03655d13b0a0
Step 68/94 : RUN ln -sfv /go/src/github.com/docker/docker/.bashrc ~/.bashrc
 ---> Using cache
 ---> 4b01060e96fe
Step 69/94 : RUN echo "source /usr/share/bash-completion/bash_completion" >> /etc/bash.bashrc
 ---> Using cache
 ---> 28996eb36ce2
Step 70/94 : RUN ln -s /usr/local/completion/bash/docker /etc/bash_completion.d/docker
 ---> Using cache
 ---> 280054cc53d7
Step 71/94 : RUN ldconfig
 ---> Using cache
 ---> 0a285752169f
Step 72/94 : RUN apt-get update && apt-get install -y 	apparmor 	aufs-tools 	bash-completion 	btrfs-tools 	iptables 	jq 	libcap2-bin 	libdevmapper-dev 	libudev-dev 	libsystemd-dev 	binutils-mingw-w64 	g++-mingw-w64-x86-64 	net-tools 	pigz 	python-backports.ssl-match-hostname 	python-dev 	python-mock 	python-pip 	python-requests 	python-setuptools 	python-websocket 	python-wheel 	thin-provisioning-tools 	vim 	vim-common 	xfsprogs 	zip 	bzip2 	xz-utils 	--no-install-recommends
 ---> Using cache
 ---> 7ff82a782d31
Step 73/94 : COPY --from=swagger /build/swagger* /usr/local/bin/
 ---> Using cache
 ---> 5c96be287bf2
Step 74/94 : COPY --from=frozen-images /build/ /docker-frozen-images
 ---> Using cache
 ---> 7a1d44f4752e
Step 75/94 : COPY --from=gometalinter /build/ /usr/local/bin/
 ---> Using cache
 ---> 384849b56d7f
Step 76/94 : COPY --from=tomlv /build/ /usr/local/bin/
 ---> Using cache
 ---> 08a9b52ebb3d
Step 77/94 : COPY --from=vndr /build/ /usr/local/bin/
 ---> Using cache
 ---> 6c27b9a00f14
Step 78/94 : COPY --from=tini /build/ /usr/local/bin/
 ---> Using cache
 ---> 5e8a01f3bb1e
Step 79/94 : COPY --from=runc /build/ /usr/local/bin/
 ---> Using cache
 ---> d9a831fc5ee2
Step 80/94 : COPY --from=containerd /build/ /usr/local/bin/
 ---> Using cache
 ---> 30f4cc194cda
Step 81/94 : COPY --from=proxy /build/ /usr/local/bin/
 ---> Using cache
 ---> 066e9d7607b8
Step 82/94 : COPY --from=dockercli /build/ /usr/local/cli
 ---> Using cache
 ---> 2758bb125d51
Step 83/94 : COPY --from=registry /build/registry* /usr/local/bin/
 ---> Using cache
 ---> 86f59d3be310
Step 84/94 : COPY --from=criu /build/ /usr/local/
 ---> Using cache
 ---> 69ba82000ec0
Step 85/94 : COPY --from=docker-py /build/ /docker-py
 ---> Using cache
 ---> a79d83df7907
Step 86/94 : RUN cd /docker-py 	&& pip install docker-pycreds==0.2.1 	&& pip install yamllint==1.5.0 	&& pip install -r test-requirements.txt
 ---> Using cache
 ---> 17075a53367e
Step 87/94 : ENV PATH=/usr/local/cli:$PATH
 ---> Using cache
 ---> 34116ab007c8
Step 88/94 : ENV DOCKER_BUILDTAGS apparmor seccomp selinux
 ---> Using cache
 ---> f5fcbd394c18
Step 89/94 : ENV GOMETALINTER_OPTS="--deadline=2m"
 ---> Using cache
 ---> 6738423abfec
Step 90/94 : WORKDIR /go/src/github.com/docker/docker
 ---> Using cache
 ---> eaa42f46f6a3
Step 91/94 : VOLUME /var/lib/docker
 ---> Using cache
 ---> 1b26f2319500
Step 92/94 : ENTRYPOINT ["hack/dind"]
 ---> Using cache
 ---> 54a85860318f
Step 93/94 : FROM dev AS final
 ---> 54a85860318f
Step 94/94 : COPY . /go/src/github.com/docker/docker
 ---> ba443b4e5de0
Successfully built ba443b4e5de0
Successfully tagged docker:6d73dcb-exp

Removing bundles/

---> Making bundle: binary-daemon (in bundles/binary-daemon)
Building: bundles/binary-daemon/dockerd-dev
Created binary: bundles/binary-daemon/dockerd-dev
Copying nested executables into bundles/binary-daemon

---> Making bundle: test-integration (in bundles/test-integration)
Building test suite binary ./integration-cli/test.main
Building test suite binary ./integration/plugin/test.main
Building test suite binary ./integration/plugin/authz/test.main
Building test suite binary ./integration/plugin/logging/test.main
Building test suite binary ./integration/plugin/logging/cmd/test.main
Building test suite binary ./integration/plugin/logging/cmd/close_on_start/test.main
Building test suite binary ./integration/plugin/logging/cmd/dummy/test.main
Building test suite binary ./integration/plugin/common/test.main
Building test suite binary ./integration/plugin/volumes/test.main
Building test suite binary ./integration/plugin/volumes/cmd/test.main
Building test suite binary ./integration/plugin/volumes/cmd/dummy/test.main
Building test suite binary ./integration/plugin/graphdriver/test.main
Building test suite binary ./integration/config/test.main
Building test suite binary ./integration/service/test.main
Building test suite binary ./integration/network/test.main
Building test suite binary ./integration/network/ipvlan/test.main
Building test suite binary ./integration/network/macvlan/test.main
Building test suite binary ./integration/secret/test.main
Building test suite binary ./integration/session/test.main
Building test suite binary ./integration/container/test.main
Building test suite binary ./integration/build/test.main
Building test suite binary ./integration/volume/test.main
Building test suite binary ./integration/system/test.main
Building test suite binary ./integration/image/test.main
---> Making bundle: .integration-daemon-start (in bundles/test-integration)
Using test binary docker
# DOCKER_EXPERIMENTAL is set: starting daemon with experimental features enabled! 
/etc/init.d/apparmor: 130: /etc/init.d/apparmor: systemd-detect-virt: not found
Starting AppArmor profiles:Warning from stdin (line 1): /sbin/apparmor_parser: cannot use or update cache, disable, or force-complain via stdin
Warning failed to create cache: (null)
.
INFO: Waiting for daemon to start...
Starting dockerd
.
---> Making bundle: .integration-daemon-setup (in bundles/test-integration)
---> Making bundle: .ensure-emptyfs (in bundles/test-integration)
Error: No such image: emptyfs
Running integration-test (iteration 1)
Running /go/src/github.com/docker/docker/integration/plugin
testing: warning: no tests to run
PASS
Running /go/src/github.com/docker/docker/integration/plugin/authz
Loaded image: buildpack-deps:jessie
Loaded image: busybox:latest
Loaded image: busybox:glibc
Loaded image: debian:jessie
Loaded image: hello-world:latest
INFO: Testing against a local daemon
=== RUN   TestAuthZPluginAllowRequest
--- PASS: TestAuthZPluginAllowRequest (4.30s)
    daemon.go:296: [d3cd2a2590b9d] waiting for daemon to start
    daemon.go:328: [d3cd2a2590b9d] daemon started
    daemon.go:283: [d3cd2a2590b9d] exiting daemon
=== RUN   TestAuthZPluginTLS
--- PASS: TestAuthZPluginTLS (0.53s)
    daemon.go:296: [dd8d6f210e14b] waiting for daemon to start
    daemon.go:328: [dd8d6f210e14b] daemon started
    daemon.go:283: [dd8d6f210e14b] exiting daemon
=== RUN   TestAuthZPluginDenyRequest
--- PASS: TestAuthZPluginDenyRequest (0.52s)
    daemon.go:296: [dbd82afae403e] waiting for daemon to start
    daemon.go:328: [dbd82afae403e] daemon started
    daemon.go:283: [dbd82afae403e] exiting daemon
=== RUN   TestAuthZPluginAPIDenyResponse
--- PASS: TestAuthZPluginAPIDenyResponse (0.52s)
    daemon.go:296: [d6eb4878f220c] waiting for daemon to start
    daemon.go:328: [d6eb4878f220c] daemon started
    daemon.go:283: [d6eb4878f220c] exiting daemon
=== RUN   TestAuthZPluginDenyResponse
--- PASS: TestAuthZPluginDenyResponse (0.53s)
    daemon.go:296: [dd2b11a55a1cc] waiting for daemon to start
    daemon.go:328: [dd2b11a55a1cc] daemon started
    daemon.go:283: [dd2b11a55a1cc] exiting daemon
=== RUN   TestAuthZPluginAllowEventStream
--- PASS: TestAuthZPluginAllowEventStream (5.72s)
    daemon.go:296: [df4dc8fc05bde] waiting for daemon to start
    daemon.go:328: [df4dc8fc05bde] daemon started
    daemon.go:283: [df4dc8fc05bde] exiting daemon
=== RUN   TestAuthZPluginErrorResponse
--- PASS: TestAuthZPluginErrorResponse (3.92s)
    daemon.go:296: [dd198fc29c0cf] waiting for daemon to start
    daemon.go:328: [dd198fc29c0cf] daemon started
    daemon.go:283: [dd198fc29c0cf] exiting daemon
=== RUN   TestAuthZPluginErrorRequest
--- PASS: TestAuthZPluginErrorRequest (0.85s)
    daemon.go:296: [dde4ebd0e7d9b] waiting for daemon to start
    daemon.go:328: [dde4ebd0e7d9b] daemon started
    daemon.go:283: [dde4ebd0e7d9b] exiting daemon
=== RUN   TestAuthZPluginEnsureNoDuplicatePluginRegistration
--- PASS: TestAuthZPluginEnsureNoDuplicatePluginRegistration (0.53s)
    daemon.go:296: [dcceb98b929e6] waiting for daemon to start
    daemon.go:328: [dcceb98b929e6] daemon started
    daemon.go:283: [dcceb98b929e6] exiting daemon
=== RUN   TestAuthZPluginEnsureLoadImportWorking
--- PASS: TestAuthZPluginEnsureLoadImportWorking (1.43s)
    daemon.go:296: [de54138681f16] waiting for daemon to start
    daemon.go:328: [de54138681f16] daemon started
    daemon.go:283: [de54138681f16] exiting daemon
=== RUN   TestAuthzPluginEnsureContainerCopyToFrom
--- PASS: TestAuthzPluginEnsureContainerCopyToFrom (1.52s)
    daemon.go:296: [d5151073c11fd] waiting for daemon to start
    daemon.go:328: [d5151073c11fd] daemon started
    daemon.go:283: [d5151073c11fd] exiting daemon
=== RUN   TestAuthZPluginHeader
--- PASS: TestAuthZPluginHeader (0.72s)
    daemon.go:296: [d1c8616a88a4d] waiting for daemon to start
    daemon.go:328: [d1c8616a88a4d] daemon started
    daemon.go:283: [d1c8616a88a4d] exiting daemon
=== RUN   TestAuthZPluginV2AllowNonVolumeRequest
--- PASS: TestAuthZPluginV2AllowNonVolumeRequest (6.59s)
    daemon.go:296: [d9a06d872b960] waiting for daemon to start
    daemon.go:328: [d9a06d872b960] daemon started
    daemon.go:283: [d9a06d872b960] exiting daemon
    daemon.go:296: [d9a06d872b960] waiting for daemon to start
    daemon.go:328: [d9a06d872b960] daemon started
    daemon.go:283: [d9a06d872b960] exiting daemon
=== RUN   TestAuthZPluginV2Disable
--- PASS: TestAuthZPluginV2Disable (5.89s)
    daemon.go:296: [d5366117331ab] waiting for daemon to start
    daemon.go:328: [d5366117331ab] daemon started
    daemon.go:283: [d5366117331ab] exiting daemon
    daemon.go:296: [d5366117331ab] waiting for daemon to start
    daemon.go:328: [d5366117331ab] daemon started
    daemon.go:283: [d5366117331ab] exiting daemon
=== RUN   TestAuthZPluginV2RejectVolumeRequests
--- PASS: TestAuthZPluginV2RejectVolumeRequests (5.70s)
    daemon.go:296: [dad69f1c56c0a] waiting for daemon to start
    daemon.go:328: [dad69f1c56c0a] daemon started
    daemon.go:283: [dad69f1c56c0a] exiting daemon
    daemon.go:296: [dad69f1c56c0a] waiting for daemon to start
    daemon.go:328: [dad69f1c56c0a] daemon started
    daemon.go:283: [dad69f1c56c0a] exiting daemon
=== RUN   TestAuthZPluginV2BadManifestFailsDaemonStart
--- PASS: TestAuthZPluginV2BadManifestFailsDaemonStart (13.65s)
    daemon.go:296: [ddf954d7661fb] waiting for daemon to start
    daemon.go:328: [ddf954d7661fb] daemon started
    daemon.go:283: [ddf954d7661fb] exiting daemon
    daemon.go:296: [ddf954d7661fb] waiting for daemon to start
    daemon.go:296: [ddf954d7661fb] waiting for daemon to start
    daemon.go:283: [ddf954d7661fb] exiting daemon
    daemon.go:296: [ddf954d7661fb] waiting for daemon to start
    daemon.go:328: [ddf954d7661fb] daemon started
    daemon.go:283: [ddf954d7661fb] exiting daemon
=== RUN   TestAuthZPluginV2NonexistentFailsDaemonStart
--- PASS: TestAuthZPluginV2NonexistentFailsDaemonStart (16.52s)
    daemon.go:296: [df6e05ab39fbc] waiting for daemon to start
    daemon.go:328: [df6e05ab39fbc] daemon started
    daemon.go:283: [df6e05ab39fbc] exiting daemon
    daemon.go:296: [df6e05ab39fbc] waiting for daemon to start
    daemon.go:296: [df6e05ab39fbc] waiting for daemon to start
    daemon.go:296: [df6e05ab39fbc] waiting for daemon to start
    daemon.go:328: [df6e05ab39fbc] daemon started
    daemon.go:283: [df6e05ab39fbc] exiting daemon
PASS
Running /go/src/github.com/docker/docker/integration/plugin/logging
INFO: Testing against a local daemon
=== RUN   TestContinueAfterPluginCrash
=== PAUSE TestContinueAfterPluginCrash
=== RUN   TestDaemonStartWithLogOpt
=== PAUSE TestDaemonStartWithLogOpt
=== CONT  TestContinueAfterPluginCrash
=== CONT  TestDaemonStartWithLogOpt
--- PASS: TestDaemonStartWithLogOpt (13.68s)
    daemon.go:296: [df737eb1edf73] waiting for daemon to start
    daemon.go:328: [df737eb1edf73] daemon started
    daemon.go:283: [df737eb1edf73] exiting daemon
    daemon.go:296: [df737eb1edf73] waiting for daemon to start
    daemon.go:328: [df737eb1edf73] daemon started
    daemon.go:283: [df737eb1edf73] exiting daemon
--- PASS: TestContinueAfterPluginCrash (19.07s)
    daemon.go:296: [d70977c6e2e1e] waiting for daemon to start
    daemon.go:328: [d70977c6e2e1e] daemon started
    daemon.go:283: [d70977c6e2e1e] exiting daemon
PASS
Running /go/src/github.com/docker/docker/integration/plugin/logging/cmd
testing: warning: no tests to run
PASS
Running /go/src/github.com/docker/docker/integration/plugin/logging/cmd/close_on_start
testing: warning: no tests to run
PASS
Running /go/src/github.com/docker/docker/integration/plugin/logging/cmd/dummy
testing: warning: no tests to run
PASS
Running /go/src/github.com/docker/docker/integration/plugin/common
INFO: Testing against a local daemon
=== RUN   TestPluginInvalidJSON
=== RUN   TestPluginInvalidJSON//plugins/foobar/set
=== PAUSE TestPluginInvalidJSON//plugins/foobar/set
=== CONT  TestPluginInvalidJSON//plugins/foobar/set
--- PASS: TestPluginInvalidJSON (0.01s)
    --- PASS: TestPluginInvalidJSON//plugins/foobar/set (0.00s)
PASS
Running /go/src/github.com/docker/docker/integration/plugin/volumes
INFO: Testing against a local daemon
=== RUN   TestPluginWithDevMounts
=== PAUSE TestPluginWithDevMounts
=== CONT  TestPluginWithDevMounts
--- PASS: TestPluginWithDevMounts (1.73s)
    daemon.go:296: [dd341f4f9e88a] waiting for daemon to start
    daemon.go:328: [dd341f4f9e88a] daemon started
    daemon.go:283: [dd341f4f9e88a] exiting daemon
PASS
Running /go/src/github.com/docker/docker/integration/plugin/volumes/cmd
testing: warning: no tests to run
PASS
Running /go/src/github.com/docker/docker/integration/plugin/volumes/cmd/dummy
testing: warning: no tests to run
PASS
Running /go/src/github.com/docker/docker/integration/plugin/graphdriver
INFO: Testing against a local daemon
=== RUN   TestExternalGraphDriver
=== RUN   TestExternalGraphDriver/json
=== RUN   TestExternalGraphDriver/spec
=== RUN   TestExternalGraphDriver/pull
--- PASS: TestExternalGraphDriver (6.94s)
    daemon.go:296: [dd13635cd48a4] waiting for daemon to start
    daemon.go:328: [dd13635cd48a4] daemon started
    daemon.go:283: [dd13635cd48a4] exiting daemon
    daemon.go:296: [dd13635cd48a4] waiting for daemon to start
    daemon.go:328: [dd13635cd48a4] daemon started
    daemon.go:283: [dd13635cd48a4] exiting daemon
    --- PASS: TestExternalGraphDriver/json (1.72s)
    daemon.go:296: [dd13635cd48a4] waiting for daemon to start
    daemon.go:328: [dd13635cd48a4] daemon started
    daemon.go:283: [dd13635cd48a4] exiting daemon
    daemon.go:296: [dd13635cd48a4] waiting for daemon to start
    daemon.go:328: [dd13635cd48a4] daemon started
    daemon.go:283: [dd13635cd48a4] exiting daemon
    --- PASS: TestExternalGraphDriver/spec (1.71s)
    daemon.go:296: [dd13635cd48a4] waiting for daemon to start
    daemon.go:328: [dd13635cd48a4] daemon started
    daemon.go:283: [dd13635cd48a4] exiting daemon
    --- PASS: TestExternalGraphDriver/pull (3.05s)
=== RUN   TestGraphdriverPluginV2
--- SKIP: TestGraphdriverPluginV2 (0.31s)
    external_test.go:411: !requirement.Overlay2Supported(testEnv.DaemonInfo.KernelVersion)
PASS
Running /go/src/github.com/docker/docker/integration/config
INFO: Testing against a local daemon
=== RUN   TestConfigList
--- PASS: TestConfigList (2.12s)
    daemon.go:296: [da6ca3f5a4ed9] waiting for daemon to start
    daemon.go:328: [da6ca3f5a4ed9] daemon started
    daemon.go:283: [da6ca3f5a4ed9] exiting daemon
=== RUN   TestConfigsCreateAndDelete
--- PASS: TestConfigsCreateAndDelete (2.06s)
    daemon.go:296: [d77cf10d0c3d9] waiting for daemon to start
    daemon.go:328: [d77cf10d0c3d9] daemon started
    daemon.go:283: [d77cf10d0c3d9] exiting daemon
=== RUN   TestConfigsUpdate
--- PASS: TestConfigsUpdate (2.01s)
    daemon.go:296: [d639e61fd5f1d] waiting for daemon to start
    daemon.go:328: [d639e61fd5f1d] daemon started
    daemon.go:283: [d639e61fd5f1d] exiting daemon
=== RUN   TestTemplatedConfig
--- PASS: TestTemplatedConfig (2.53s)
    daemon.go:296: [d72e8229bef94] waiting for daemon to start
    daemon.go:328: [d72e8229bef94] daemon started
    daemon.go:283: [d72e8229bef94] exiting daemon
=== RUN   TestConfigInspect
--- PASS: TestConfigInspect (2.04s)
    daemon.go:296: [d1963b5409fb4] waiting for daemon to start
    daemon.go:328: [d1963b5409fb4] daemon started
    daemon.go:283: [d1963b5409fb4] exiting daemon
=== RUN   TestConfigCreateWithLabels
--- PASS: TestConfigCreateWithLabels (2.04s)
    daemon.go:296: [d9a49fae8c3f2] waiting for daemon to start
    daemon.go:328: [d9a49fae8c3f2] daemon started
    daemon.go:283: [d9a49fae8c3f2] exiting daemon
=== RUN   TestConfigCreateResolve
--- PASS: TestConfigCreateResolve (2.14s)
    daemon.go:296: [d132e9141160b] waiting for daemon to start
    daemon.go:328: [d132e9141160b] daemon started
    daemon.go:283: [d132e9141160b] exiting daemon
PASS
Running /go/src/github.com/docker/docker/integration/service
INFO: Testing against a local daemon
=== RUN   TestServiceCreateInit
=== RUN   TestServiceCreateInit/daemonInitDisabled
=== RUN   TestServiceCreateInit/daemonInitEnabled
--- PASS: TestServiceCreateInit (7.94s)
    --- PASS: TestServiceCreateInit/daemonInitDisabled (4.00s)
        daemon.go:296: [dd37b6249dc10] waiting for daemon to start
        daemon.go:328: [dd37b6249dc10] daemon started
        daemon.go:283: [dd37b6249dc10] exiting daemon
    --- PASS: TestServiceCreateInit/daemonInitEnabled (3.94s)
        daemon.go:296: [d021688cf09e8] waiting for daemon to start
        daemon.go:328: [d021688cf09e8] daemon started
        daemon.go:283: [d021688cf09e8] exiting daemon
=== RUN   TestCreateServiceMultipleTimes
--- PASS: TestCreateServiceMultipleTimes (23.26s)
    daemon.go:296: [d60e84587cbfb] waiting for daemon to start
    daemon.go:328: [d60e84587cbfb] daemon started
    daemon.go:283: [d60e84587cbfb] exiting daemon
=== RUN   TestCreateServiceConflict
--- PASS: TestCreateServiceConflict (2.16s)
    daemon.go:296: [d8d3b508b7085] waiting for daemon to start
    daemon.go:328: [d8d3b508b7085] daemon started
    daemon.go:283: [d8d3b508b7085] exiting daemon
=== RUN   TestCreateServiceMaxReplicas
--- PASS: TestCreateServiceMaxReplicas (2.84s)
    daemon.go:296: [def379d27d8fd] waiting for daemon to start
    daemon.go:328: [def379d27d8fd] daemon started
    daemon.go:283: [def379d27d8fd] exiting daemon
=== RUN   TestCreateWithDuplicateNetworkNames
--- PASS: TestCreateWithDuplicateNetworkNames (12.86s)
    daemon.go:296: [d6a0c371b281c] waiting for daemon to start
    daemon.go:328: [d6a0c371b281c] daemon started
    daemon.go:283: [d6a0c371b281c] exiting daemon
=== RUN   TestCreateServiceSecretFileMode
--- PASS: TestCreateServiceSecretFileMode (2.42s)
    daemon.go:296: [d2ea495e420e5] waiting for daemon to start
    daemon.go:328: [d2ea495e420e5] daemon started
    daemon.go:283: [d2ea495e420e5] exiting daemon
=== RUN   TestCreateServiceConfigFileMode
--- FAIL: TestCreateServiceConfigFileMode (12.37s)
    daemon.go:296: [d606cf1168017] waiting for daemon to start
    daemon.go:328: [d606cf1168017] daemon started
    create_test.go:362: timeout hit after 10s: task count at 1 waiting for 0
    daemon.go:283: [d606cf1168017] exiting daemon
=== RUN   TestCreateServiceSysctls
--- PASS: TestCreateServiceSysctls (3.34s)
    daemon.go:296: [ddb5001a95861] waiting for daemon to start
    daemon.go:328: [ddb5001a95861] daemon started
    daemon.go:283: [ddb5001a95861] exiting daemon
=== RUN   TestInspect
--- PASS: TestInspect (2.02s)
    daemon.go:296: [daf5c2b100e51] waiting for daemon to start
    daemon.go:328: [daf5c2b100e51] daemon started
    daemon.go:283: [daf5c2b100e51] exiting daemon
=== RUN   TestDockerNetworkConnectAlias
--- PASS: TestDockerNetworkConnectAlias (3.96s)
    daemon.go:296: [df889bdab69aa] waiting for daemon to start
    daemon.go:328: [df889bdab69aa] daemon started
    daemon.go:283: [df889bdab69aa] exiting daemon
=== RUN   TestServicePlugin
--- PASS: TestServicePlugin (34.79s)
    daemon.go:296: [d6e876cbc174e] waiting for daemon to start
    daemon.go:328: [d6e876cbc174e] daemon started
    daemon.go:283: [d6e876cbc174e] exiting daemon
    daemon.go:296: [d2e7d90e74594] waiting for daemon to start
    daemon.go:328: [d2e7d90e74594] daemon started
    daemon.go:296: [dc116b113e8c8] waiting for daemon to start
    daemon.go:328: [dc116b113e8c8] daemon started
    daemon.go:296: [db0720aeda171] waiting for daemon to start
    daemon.go:328: [db0720aeda171] daemon started
    daemon.go:283: [db0720aeda171] exiting daemon
    daemon.go:283: [dc116b113e8c8] exiting daemon
    daemon.go:283: [d2e7d90e74594] exiting daemon
=== RUN   TestServiceUpdateLabel
--- PASS: TestServiceUpdateLabel (2.08s)
    daemon.go:296: [d68ff98cb9a12] waiting for daemon to start
    daemon.go:328: [d68ff98cb9a12] daemon started
    daemon.go:283: [d68ff98cb9a12] exiting daemon
=== RUN   TestServiceUpdateSecrets
--- PASS: TestServiceUpdateSecrets (2.04s)
    daemon.go:296: [df4f8e2572a5a] waiting for daemon to start
    daemon.go:328: [df4f8e2572a5a] daemon started
    daemon.go:283: [df4f8e2572a5a] exiting daemon
=== RUN   TestServiceUpdateConfigs
--- PASS: TestServiceUpdateConfigs (7.72s)
    daemon.go:296: [da31a8122266a] waiting for daemon to start
    daemon.go:328: [da31a8122266a] daemon started
    daemon.go:283: [da31a8122266a] exiting daemon
FAIL
---> Making bundle: .integration-daemon-stop (in bundles/test-integration)
Clearing AppArmor profiles cache:.
All profile caches have been cleared, but no profiles have been unloaded.
Unloading profiles will leave already running processes permanently
unconfined, which can lead to unexpected situations.

To set a process to complain mode, use the command line tool
'aa-complain'. To really tear down all profiles, run the init script
with the 'teardown' option."
Removing test suite binaries
Build step 'Execute shell' marked build as failure
Set build name.
New build name is '#38472'
[PostBuildScript] - Executing post build scripts.
[Docker-PRs-experimental] $ /bin/sh -xe /tmp/jenkins798012632052084436.sh
+ echo Ensuring container killed.
Ensuring container killed.
+ docker rm -vf docker-pr-exp43517
Error: No such container: docker-pr-exp43517
+ true
+ echo Chowning /workspace to jenkins user
Chowning /workspace to jenkins user
+ id -u
+ id -g
+ docker run --rm -v /home/ubuntu/workspace/Docker-PRs-experimental:/workspace busybox chown -R 1000:1000 /workspace
[Docker-PRs-experimental] $ /bin/sh -xe /tmp/jenkins5411639097559330285.sh
+ echo Creating bundles.tar.gz
Creating bundles.tar.gz
+ find bundles -name *.log
+ xargs tar -czf bundles.tar.gz
Archiving artifacts
Notifying endpoint with url 'https://leeroy.dockerproject.org/notification/jenkins'
[WS-CLEANUP] Deleting project workspace...[WS-CLEANUP] done
Finished: FAILURE
