Started by user Sebastiaan van Stijn
Notifying endpoint with url 'https://leeroy.dockerproject.org/notification/jenkins'
[EnvInject] - Loading node environment variables.
Building remotely on ubuntu-1604-aufs-stable (i-071e64c82a7cc67f6) (docker-edge ubuntu aufs docker-stable docker ubuntu-1604-aufs-edge x86_64 ec2 linux ubuntu-1604-aufs ubuntu-1604 amd64 ubuntu-1604-aufs-stable us-west-2) in workspace /home/ubuntu/workspace/Docker-PRs-experimental
Wiping out workspace first.
Cloning the remote Git repository
Cloning repository https://github.com/moby/moby.git
 > git init /home/ubuntu/workspace/Docker-PRs-experimental # timeout=10
Fetching upstream changes from https://github.com/moby/moby.git
 > git --version # timeout=10
 > git fetch --tags --progress https://github.com/moby/moby.git +refs/heads/*:refs/remotes/origin/*
 > git config remote.origin.url https://github.com/moby/moby.git # timeout=10
 > git config --add remote.origin.fetch +refs/heads/*:refs/remotes/origin/* # timeout=10
 > git config remote.origin.url https://github.com/moby/moby.git # timeout=10
Fetching upstream changes from https://github.com/moby/moby.git
 > git fetch --tags --progress https://github.com/moby/moby.git +refs/heads/*:refs/remotes/origin/*
 > git rev-parse origin/master^{commit} # timeout=10
Checking out Revision e0e9942dc5466884e7b2ef5c509a9dab33c4a01a (origin/master)
 > git config core.sparsecheckout # timeout=10
 > git checkout -f e0e9942dc5466884e7b2ef5c509a9dab33c4a01a
Commit message: "Merge pull request #38419 from thaJeztah/fix_nuke_everything"
 > git rev-list --no-walk e0e9942dc5466884e7b2ef5c509a9dab33c4a01a # timeout=10
Set build name.
New build name is '#38449'
[Docker-PRs-experimental] $ /bin/bash /tmp/jenkins8400955020856647575.sh
From https://github.com/moby/moby
 * [new ref]         refs/pull/38449/head -> origin/pr/38449
Updating e0e9942..7997a7e
Fast-forward
 daemon/container.go                  | 32 +++++++++++++++++++++++---------
 integration/container/create_test.go | 29 +++++++++++++++++++----------
 opts/env.go                          |  4 ++--
 opts/env_test.go                     | 23 +++++++++++++++--------
 4 files changed, 59 insertions(+), 29 deletions(-)
Sending build context to Docker daemon   45.1MB
Step 1/94 : FROM golang:1.11.4 AS base
 ---> 343df9d12b7b
Step 2/94 : ARG APT_MIRROR=deb.debian.org
 ---> Using cache
 ---> 9c57efd44da8
Step 3/94 : RUN sed -ri "s/(httpredir|deb).debian.org/$APT_MIRROR/g" /etc/apt/sources.list
 ---> Using cache
 ---> c093b13afa23
Step 4/94 : FROM base AS criu
 ---> c093b13afa23
Step 5/94 : ENV CRIU_VERSION 3.6
 ---> Using cache
 ---> ee17fdb4f050
Step 6/94 : RUN apt-get update && apt-get install -y 	libnet-dev 	libprotobuf-c0-dev 	libprotobuf-dev 	libnl-3-dev 	libcap-dev 	protobuf-compiler 	protobuf-c-compiler 	python-protobuf 	&& mkdir -p /usr/src/criu 	&& curl -sSL https://github.com/checkpoint-restore/criu/archive/v${CRIU_VERSION}.tar.gz | tar -C /usr/src/criu/ -xz --strip-components=1 	&& cd /usr/src/criu 	&& make 	&& make PREFIX=/build/ install-criu
 ---> Using cache
 ---> 59136540a87f
Step 7/94 : FROM base AS registry
 ---> c093b13afa23
Step 8/94 : ENV REGISTRY_COMMIT_SCHEMA1 ec87e9b6971d831f0eff752ddb54fb64693e51cd
 ---> Using cache
 ---> 166a1e5a8b67
Step 9/94 : ENV REGISTRY_COMMIT 47a064d4195a9b56133891bbb13620c3ac83a827
 ---> Using cache
 ---> 2b7d0a662a05
Step 10/94 : RUN set -x 	&& export GOPATH="$(mktemp -d)" 	&& git clone https://github.com/docker/distribution.git "$GOPATH/src/github.com/docker/distribution" 	&& (cd "$GOPATH/src/github.com/docker/distribution" && git checkout -q "$REGISTRY_COMMIT") 	&& GOPATH="$GOPATH/src/github.com/docker/distribution/Godeps/_workspace:$GOPATH" 		go build -buildmode=pie -o /build/registry-v2 github.com/docker/distribution/cmd/registry 	&& case $(dpkg --print-architecture) in 		amd64|ppc64*|s390x) 		(cd "$GOPATH/src/github.com/docker/distribution" && git checkout -q "$REGISTRY_COMMIT_SCHEMA1"); 		GOPATH="$GOPATH/src/github.com/docker/distribution/Godeps/_workspace:$GOPATH"; 			go build -buildmode=pie -o /build/registry-v2-schema1 github.com/docker/distribution/cmd/registry; 		;; 	   esac 	&& rm -rf "$GOPATH"
 ---> Using cache
 ---> ea0206238153
Step 11/94 : FROM base AS docker-py
 ---> c093b13afa23
Step 12/94 : ENV DOCKER_PY_COMMIT 8b246db271a85d6541dc458838627e89c683e42f
 ---> Using cache
 ---> 3d3be6609ecf
Step 13/94 : RUN git clone https://github.com/docker/docker-py.git /build 	&& cd /build 	&& git checkout -q $DOCKER_PY_COMMIT
 ---> Using cache
 ---> 9e98c5ef12c3
Step 14/94 : FROM base AS swagger
 ---> c093b13afa23
Step 15/94 : ENV GO_SWAGGER_COMMIT c28258affb0b6251755d92489ef685af8d4ff3eb
 ---> Using cache
 ---> 8eebd38bf5c6
Step 16/94 : RUN set -x 	&& export GOPATH="$(mktemp -d)" 	&& git clone https://github.com/go-swagger/go-swagger.git "$GOPATH/src/github.com/go-swagger/go-swagger" 	&& (cd "$GOPATH/src/github.com/go-swagger/go-swagger" && git checkout -q "$GO_SWAGGER_COMMIT") 	&& go build -o /build/swagger github.com/go-swagger/go-swagger/cmd/swagger 	&& rm -rf "$GOPATH"
 ---> Using cache
 ---> 8dfde0bc7300
Step 17/94 : FROM base AS frozen-images
 ---> c093b13afa23
Step 18/94 : RUN apt-get update && apt-get install -y jq ca-certificates --no-install-recommends
 ---> Using cache
 ---> af3f524a9827
Step 19/94 : COPY contrib/download-frozen-image-v2.sh /
 ---> Using cache
 ---> a6721882e81b
Step 20/94 : RUN /download-frozen-image-v2.sh /build 	buildpack-deps:jessie@sha256:dd86dced7c9cd2a724e779730f0a53f93b7ef42228d4344b25ce9a42a1486251 	busybox:latest@sha256:bbc3a03235220b170ba48a157dd097dd1379299370e1ed99ce976df0355d24f0 	busybox:glibc@sha256:0b55a30394294ab23b9afd58fab94e61a923f5834fba7ddbae7f8e0c11ba85e6 	debian:jessie@sha256:287a20c5f73087ab406e6b364833e3fb7b3ae63ca0eb3486555dc27ed32c6e60 	hello-world:latest@sha256:be0cd392e45be79ffeffa6b05338b98ebb16c87b255f48e297ec7f98e123905c
 ---> Using cache
 ---> 2b2518020fd2
Step 21/94 : FROM base AS runtime-dev
 ---> c093b13afa23
Step 22/94 : RUN apt-get update && apt-get install -y 	libapparmor-dev 	libseccomp-dev
 ---> Using cache
 ---> 19098c0e0bbe
Step 23/94 : FROM base AS tomlv
 ---> c093b13afa23
Step 24/94 : ENV INSTALL_BINARY_NAME=tomlv
 ---> Using cache
 ---> c0fb393b25c7
Step 25/94 : COPY hack/dockerfile/install/install.sh ./install.sh
 ---> Using cache
 ---> 4145311a73b6
Step 26/94 : COPY hack/dockerfile/install/$INSTALL_BINARY_NAME.installer ./
 ---> Using cache
 ---> 292195f64484
Step 27/94 : RUN PREFIX=/build ./install.sh $INSTALL_BINARY_NAME
 ---> Using cache
 ---> 9dc68ce65ba7
Step 28/94 : FROM base AS vndr
 ---> c093b13afa23
Step 29/94 : ENV INSTALL_BINARY_NAME=vndr
 ---> Using cache
 ---> 79ef4d871567
Step 30/94 : COPY hack/dockerfile/install/install.sh ./install.sh
 ---> Using cache
 ---> 475feb4259d0
Step 31/94 : COPY hack/dockerfile/install/$INSTALL_BINARY_NAME.installer ./
 ---> Using cache
 ---> 49bc8dce681d
Step 32/94 : RUN PREFIX=/build ./install.sh $INSTALL_BINARY_NAME
 ---> Using cache
 ---> cd9cb897a12d
Step 33/94 : FROM base AS containerd
 ---> c093b13afa23
Step 34/94 : RUN apt-get update && apt-get install -y btrfs-tools
 ---> Using cache
 ---> 5c06349e60a7
Step 35/94 : ENV INSTALL_BINARY_NAME=containerd
 ---> Using cache
 ---> 5779c3c90661
Step 36/94 : COPY hack/dockerfile/install/install.sh ./install.sh
 ---> Using cache
 ---> 0d34e3695ffe
Step 37/94 : COPY hack/dockerfile/install/$INSTALL_BINARY_NAME.installer ./
 ---> Using cache
 ---> 744979bb61b5
Step 38/94 : RUN PREFIX=/build ./install.sh $INSTALL_BINARY_NAME
 ---> Using cache
 ---> aa32a0b9b5fd
Step 39/94 : FROM base AS proxy
 ---> c093b13afa23
Step 40/94 : ENV INSTALL_BINARY_NAME=proxy
 ---> Using cache
 ---> 3a6672dc4251
Step 41/94 : COPY hack/dockerfile/install/install.sh ./install.sh
 ---> Using cache
 ---> 8372061d2ff9
Step 42/94 : COPY hack/dockerfile/install/$INSTALL_BINARY_NAME.installer ./
 ---> Using cache
 ---> d05ce81aa40c
Step 43/94 : RUN PREFIX=/build ./install.sh $INSTALL_BINARY_NAME
 ---> Using cache
 ---> d5c3f8001600
Step 44/94 : FROM base AS gometalinter
 ---> c093b13afa23
Step 45/94 : ENV INSTALL_BINARY_NAME=gometalinter
 ---> Using cache
 ---> 7213541a0e00
Step 46/94 : COPY hack/dockerfile/install/install.sh ./install.sh
 ---> Using cache
 ---> 2758e6084b85
Step 47/94 : COPY hack/dockerfile/install/$INSTALL_BINARY_NAME.installer ./
 ---> Using cache
 ---> b9ed9ecf3cd9
Step 48/94 : RUN PREFIX=/build ./install.sh $INSTALL_BINARY_NAME
 ---> Using cache
 ---> 6a2a4b91605e
Step 49/94 : FROM base AS dockercli
 ---> c093b13afa23
Step 50/94 : ENV INSTALL_BINARY_NAME=dockercli
 ---> Using cache
 ---> 069f23223023
Step 51/94 : COPY hack/dockerfile/install/install.sh ./install.sh
 ---> Using cache
 ---> 40602bfc777f
Step 52/94 : COPY hack/dockerfile/install/$INSTALL_BINARY_NAME.installer ./
 ---> Using cache
 ---> cb508da088ed
Step 53/94 : RUN PREFIX=/build ./install.sh $INSTALL_BINARY_NAME
 ---> Using cache
 ---> b13b6b718c6f
Step 54/94 : FROM runtime-dev AS runc
 ---> 19098c0e0bbe
Step 55/94 : ENV INSTALL_BINARY_NAME=runc
 ---> Using cache
 ---> 7ab7bfcc13ec
Step 56/94 : COPY hack/dockerfile/install/install.sh ./install.sh
 ---> Using cache
 ---> 9e463e73d6b1
Step 57/94 : COPY hack/dockerfile/install/$INSTALL_BINARY_NAME.installer ./
 ---> Using cache
 ---> 77cc1aa1c551
Step 58/94 : RUN PREFIX=/build ./install.sh $INSTALL_BINARY_NAME
 ---> Using cache
 ---> c7ec6c28f3fe
Step 59/94 : FROM base AS tini
 ---> c093b13afa23
Step 60/94 : RUN apt-get update && apt-get install -y cmake vim-common
 ---> Using cache
 ---> 7007f6935236
Step 61/94 : COPY hack/dockerfile/install/install.sh ./install.sh
 ---> Using cache
 ---> 243945b3d7ee
Step 62/94 : ENV INSTALL_BINARY_NAME=tini
 ---> Using cache
 ---> 1ba21ed1e13b
Step 63/94 : COPY hack/dockerfile/install/$INSTALL_BINARY_NAME.installer ./
 ---> Using cache
 ---> cea54435b850
Step 64/94 : RUN PREFIX=/build ./install.sh $INSTALL_BINARY_NAME
 ---> Using cache
 ---> 1013ed5fd833
Step 65/94 : FROM runtime-dev AS dev
 ---> 19098c0e0bbe
Step 66/94 : RUN groupadd -r docker
 ---> Using cache
 ---> 2d3f012578f3
Step 67/94 : RUN useradd --create-home --gid docker unprivilegeduser
 ---> Using cache
 ---> 58ed650e186a
Step 68/94 : RUN ln -sfv /go/src/github.com/docker/docker/.bashrc ~/.bashrc
 ---> Using cache
 ---> f9c380807a3a
Step 69/94 : RUN echo "source /usr/share/bash-completion/bash_completion" >> /etc/bash.bashrc
 ---> Using cache
 ---> 126f306e59e2
Step 70/94 : RUN ln -s /usr/local/completion/bash/docker /etc/bash_completion.d/docker
 ---> Using cache
 ---> ee5f74daa876
Step 71/94 : RUN ldconfig
 ---> Using cache
 ---> 4b8784e1b522
Step 72/94 : RUN apt-get update && apt-get install -y 	apparmor 	aufs-tools 	bash-completion 	btrfs-tools 	iptables 	jq 	libcap2-bin 	libdevmapper-dev 	libudev-dev 	libsystemd-dev 	binutils-mingw-w64 	g++-mingw-w64-x86-64 	net-tools 	pigz 	python-backports.ssl-match-hostname 	python-dev 	python-mock 	python-pip 	python-requests 	python-setuptools 	python-websocket 	python-wheel 	thin-provisioning-tools 	vim 	vim-common 	xfsprogs 	zip 	bzip2 	xz-utils 	--no-install-recommends
 ---> Using cache
 ---> 99735e4f3366
Step 73/94 : COPY --from=swagger /build/swagger* /usr/local/bin/
 ---> Using cache
 ---> 17589ae4b04f
Step 74/94 : COPY --from=frozen-images /build/ /docker-frozen-images
 ---> Using cache
 ---> 18452ba8ec38
Step 75/94 : COPY --from=gometalinter /build/ /usr/local/bin/
 ---> Using cache
 ---> 81a148fc78e5
Step 76/94 : COPY --from=tomlv /build/ /usr/local/bin/
 ---> Using cache
 ---> 90b3e354d2e5
Step 77/94 : COPY --from=vndr /build/ /usr/local/bin/
 ---> Using cache
 ---> 7ef9a27e7b78
Step 78/94 : COPY --from=tini /build/ /usr/local/bin/
 ---> Using cache
 ---> a6305bb1e5b4
Step 79/94 : COPY --from=runc /build/ /usr/local/bin/
 ---> Using cache
 ---> d10aeaed1daf
Step 80/94 : COPY --from=containerd /build/ /usr/local/bin/
 ---> Using cache
 ---> 23d78bddb5e4
Step 81/94 : COPY --from=proxy /build/ /usr/local/bin/
 ---> Using cache
 ---> 9a7633bfed4d
Step 82/94 : COPY --from=dockercli /build/ /usr/local/cli
 ---> Using cache
 ---> df106cf704cd
Step 83/94 : COPY --from=registry /build/registry* /usr/local/bin/
 ---> Using cache
 ---> 42fa549ebf26
Step 84/94 : COPY --from=criu /build/ /usr/local/
 ---> Using cache
 ---> 022fa6e8a60d
Step 85/94 : COPY --from=docker-py /build/ /docker-py
 ---> Using cache
 ---> 7295a3d86cc9
Step 86/94 : RUN cd /docker-py 	&& pip install docker-pycreds==0.2.1 	&& pip install yamllint==1.5.0 	&& pip install -r test-requirements.txt
 ---> Using cache
 ---> 1c69da6ecfed
Step 87/94 : ENV PATH=/usr/local/cli:$PATH
 ---> Using cache
 ---> 6497407afc52
Step 88/94 : ENV DOCKER_BUILDTAGS apparmor seccomp selinux
 ---> Using cache
 ---> 4bbe249b5b85
Step 89/94 : ENV GOMETALINTER_OPTS="--deadline=2m"
 ---> Using cache
 ---> f72b657bb78d
Step 90/94 : WORKDIR /go/src/github.com/docker/docker
 ---> Using cache
 ---> bbbfb6eba626
Step 91/94 : VOLUME /var/lib/docker
 ---> Using cache
 ---> 5b7c84f5b9af
Step 92/94 : ENTRYPOINT ["hack/dind"]
 ---> Using cache
 ---> a296fc1d4a9e
Step 93/94 : FROM dev AS final
 ---> a296fc1d4a9e
Step 94/94 : COPY . /go/src/github.com/docker/docker
 ---> 86624d83627c
Successfully built 86624d83627c
Successfully tagged docker:7997a7e-exp

Removing bundles/

---> Making bundle: binary-daemon (in bundles/binary-daemon)
Building: bundles/binary-daemon/dockerd-dev
Created binary: bundles/binary-daemon/dockerd-dev
Copying nested executables into bundles/binary-daemon

---> Making bundle: test-integration (in bundles/test-integration)
Building test suite binary ./integration-cli/test.main
Building test suite binary ./integration/plugin/test.main
Building test suite binary ./integration/plugin/authz/test.main
Building test suite binary ./integration/plugin/logging/test.main
Building test suite binary ./integration/plugin/logging/cmd/test.main
Building test suite binary ./integration/plugin/logging/cmd/close_on_start/test.main
Building test suite binary ./integration/plugin/logging/cmd/dummy/test.main
Building test suite binary ./integration/plugin/common/test.main
Building test suite binary ./integration/plugin/volumes/test.main
Building test suite binary ./integration/plugin/volumes/cmd/test.main
Building test suite binary ./integration/plugin/volumes/cmd/dummy/test.main
Building test suite binary ./integration/plugin/graphdriver/test.main
Building test suite binary ./integration/config/test.main
Building test suite binary ./integration/service/test.main
Building test suite binary ./integration/network/test.main
Building test suite binary ./integration/network/ipvlan/test.main
Building test suite binary ./integration/network/macvlan/test.main
Building test suite binary ./integration/secret/test.main
Building test suite binary ./integration/session/test.main
Building test suite binary ./integration/container/test.main
Building test suite binary ./integration/build/test.main
Building test suite binary ./integration/volume/test.main
Building test suite binary ./integration/system/test.main
Building test suite binary ./integration/image/test.main
---> Making bundle: .integration-daemon-start (in bundles/test-integration)
Using test binary docker
# DOCKER_EXPERIMENTAL is set: starting daemon with experimental features enabled! 
/etc/init.d/apparmor: 130: /etc/init.d/apparmor: systemd-detect-virt: not found
Starting AppArmor profiles:Warning from stdin (line 1): /sbin/apparmor_parser: cannot use or update cache, disable, or force-complain via stdin
Warning failed to create cache: (null)
.
Starting dockerd
INFO: Waiting for daemon to start...
.
---> Making bundle: .integration-daemon-setup (in bundles/test-integration)
---> Making bundle: .ensure-emptyfs (in bundles/test-integration)
Error: No such image: emptyfs
Running integration-test (iteration 1)
Running /go/src/github.com/docker/docker/integration/plugin
testing: warning: no tests to run
PASS
Running /go/src/github.com/docker/docker/integration/plugin/authz
Loaded image: buildpack-deps:jessie
Loaded image: busybox:latest
Loaded image: busybox:glibc
Loaded image: debian:jessie
Loaded image: hello-world:latest
INFO: Testing against a local daemon
=== RUN   TestAuthZPluginAllowRequest
--- PASS: TestAuthZPluginAllowRequest (7.10s)
    daemon.go:296: [d03070bb932bf] waiting for daemon to start
    daemon.go:328: [d03070bb932bf] daemon started
    daemon.go:283: [d03070bb932bf] exiting daemon
=== RUN   TestAuthZPluginTLS
--- PASS: TestAuthZPluginTLS (2.65s)
    daemon.go:296: [d95507ae5ca31] waiting for daemon to start
    daemon.go:328: [d95507ae5ca31] daemon started
    daemon.go:283: [d95507ae5ca31] exiting daemon
=== RUN   TestAuthZPluginDenyRequest
--- PASS: TestAuthZPluginDenyRequest (3.97s)
    daemon.go:296: [dd6e87d99f6e7] waiting for daemon to start
    daemon.go:328: [dd6e87d99f6e7] daemon started
    daemon.go:283: [dd6e87d99f6e7] exiting daemon
=== RUN   TestAuthZPluginAPIDenyResponse
--- PASS: TestAuthZPluginAPIDenyResponse (1.04s)
    daemon.go:296: [d438327e0a248] waiting for daemon to start
    daemon.go:328: [d438327e0a248] daemon started
    daemon.go:283: [d438327e0a248] exiting daemon
=== RUN   TestAuthZPluginDenyResponse
--- PASS: TestAuthZPluginDenyResponse (0.52s)
    daemon.go:296: [d9b2445243507] waiting for daemon to start
    daemon.go:328: [d9b2445243507] daemon started
    daemon.go:283: [d9b2445243507] exiting daemon
=== RUN   TestAuthZPluginAllowEventStream
--- PASS: TestAuthZPluginAllowEventStream (1.30s)
    daemon.go:296: [d9d71015b82bf] waiting for daemon to start
    daemon.go:328: [d9d71015b82bf] daemon started
    daemon.go:283: [d9d71015b82bf] exiting daemon
=== RUN   TestAuthZPluginErrorResponse
--- PASS: TestAuthZPluginErrorResponse (0.55s)
    daemon.go:296: [d7a2c900dc113] waiting for daemon to start
    daemon.go:328: [d7a2c900dc113] daemon started
    daemon.go:283: [d7a2c900dc113] exiting daemon
=== RUN   TestAuthZPluginErrorRequest
--- PASS: TestAuthZPluginErrorRequest (0.53s)
    daemon.go:296: [db7d52dea5345] waiting for daemon to start
    daemon.go:328: [db7d52dea5345] daemon started
    daemon.go:283: [db7d52dea5345] exiting daemon
=== RUN   TestAuthZPluginEnsureNoDuplicatePluginRegistration
--- PASS: TestAuthZPluginEnsureNoDuplicatePluginRegistration (0.52s)
    daemon.go:296: [de1c0f46b71c4] waiting for daemon to start
    daemon.go:328: [de1c0f46b71c4] daemon started
    daemon.go:283: [de1c0f46b71c4] exiting daemon
=== RUN   TestAuthZPluginEnsureLoadImportWorking
--- PASS: TestAuthZPluginEnsureLoadImportWorking (1.50s)
    daemon.go:296: [d956fef58040b] waiting for daemon to start
    daemon.go:328: [d956fef58040b] daemon started
    daemon.go:283: [d956fef58040b] exiting daemon
=== RUN   TestAuthzPluginEnsureContainerCopyToFrom
--- PASS: TestAuthzPluginEnsureContainerCopyToFrom (1.51s)
    daemon.go:296: [dec43c757cded] waiting for daemon to start
    daemon.go:328: [dec43c757cded] daemon started
    daemon.go:283: [dec43c757cded] exiting daemon
=== RUN   TestAuthZPluginHeader
--- PASS: TestAuthZPluginHeader (0.72s)
    daemon.go:296: [d162405fa2e17] waiting for daemon to start
    daemon.go:328: [d162405fa2e17] daemon started
    daemon.go:283: [d162405fa2e17] exiting daemon
=== RUN   TestAuthZPluginV2AllowNonVolumeRequest
--- PASS: TestAuthZPluginV2AllowNonVolumeRequest (6.53s)
    daemon.go:296: [d0e965a4d2861] waiting for daemon to start
    daemon.go:328: [d0e965a4d2861] daemon started
    daemon.go:283: [d0e965a4d2861] exiting daemon
    daemon.go:296: [d0e965a4d2861] waiting for daemon to start
    daemon.go:328: [d0e965a4d2861] daemon started
    daemon.go:283: [d0e965a4d2861] exiting daemon
=== RUN   TestAuthZPluginV2Disable
--- PASS: TestAuthZPluginV2Disable (5.88s)
    daemon.go:296: [d98429ee98fab] waiting for daemon to start
    daemon.go:328: [d98429ee98fab] daemon started
    daemon.go:283: [d98429ee98fab] exiting daemon
    daemon.go:296: [d98429ee98fab] waiting for daemon to start
    daemon.go:328: [d98429ee98fab] daemon started
    daemon.go:283: [d98429ee98fab] exiting daemon
=== RUN   TestAuthZPluginV2RejectVolumeRequests
--- PASS: TestAuthZPluginV2RejectVolumeRequests (5.62s)
    daemon.go:296: [d49998de1d14e] waiting for daemon to start
    daemon.go:328: [d49998de1d14e] daemon started
    daemon.go:283: [d49998de1d14e] exiting daemon
    daemon.go:296: [d49998de1d14e] waiting for daemon to start
    daemon.go:328: [d49998de1d14e] daemon started
    daemon.go:283: [d49998de1d14e] exiting daemon
=== RUN   TestAuthZPluginV2BadManifestFailsDaemonStart
--- PASS: TestAuthZPluginV2BadManifestFailsDaemonStart (13.74s)
    daemon.go:296: [da9e246ddd7ba] waiting for daemon to start
    daemon.go:328: [da9e246ddd7ba] daemon started
    daemon.go:283: [da9e246ddd7ba] exiting daemon
    daemon.go:296: [da9e246ddd7ba] waiting for daemon to start
    daemon.go:296: [da9e246ddd7ba] waiting for daemon to start
    daemon.go:283: [da9e246ddd7ba] exiting daemon
    daemon.go:296: [da9e246ddd7ba] waiting for daemon to start
    daemon.go:328: [da9e246ddd7ba] daemon started
    daemon.go:283: [da9e246ddd7ba] exiting daemon
=== RUN   TestAuthZPluginV2NonexistentFailsDaemonStart
--- PASS: TestAuthZPluginV2NonexistentFailsDaemonStart (16.52s)
    daemon.go:296: [d632a01121e4d] waiting for daemon to start
    daemon.go:328: [d632a01121e4d] daemon started
    daemon.go:283: [d632a01121e4d] exiting daemon
    daemon.go:296: [d632a01121e4d] waiting for daemon to start
    daemon.go:296: [d632a01121e4d] waiting for daemon to start
    daemon.go:296: [d632a01121e4d] waiting for daemon to start
    daemon.go:328: [d632a01121e4d] daemon started
    daemon.go:283: [d632a01121e4d] exiting daemon
PASS
Running /go/src/github.com/docker/docker/integration/plugin/logging
INFO: Testing against a local daemon
=== RUN   TestContinueAfterPluginCrash
=== PAUSE TestContinueAfterPluginCrash
=== RUN   TestDaemonStartWithLogOpt
=== PAUSE TestDaemonStartWithLogOpt
=== CONT  TestContinueAfterPluginCrash
=== CONT  TestDaemonStartWithLogOpt
--- PASS: TestDaemonStartWithLogOpt (14.58s)
    daemon.go:296: [d06b56d565fb0] waiting for daemon to start
    daemon.go:328: [d06b56d565fb0] daemon started
    daemon.go:283: [d06b56d565fb0] exiting daemon
    daemon.go:296: [d06b56d565fb0] waiting for daemon to start
    daemon.go:328: [d06b56d565fb0] daemon started
    daemon.go:283: [d06b56d565fb0] exiting daemon
--- PASS: TestContinueAfterPluginCrash (20.87s)
    daemon.go:296: [ddf7c3481e942] waiting for daemon to start
    daemon.go:328: [ddf7c3481e942] daemon started
    daemon.go:283: [ddf7c3481e942] exiting daemon
PASS
Running /go/src/github.com/docker/docker/integration/plugin/logging/cmd
testing: warning: no tests to run
PASS
Running /go/src/github.com/docker/docker/integration/plugin/logging/cmd/close_on_start
testing: warning: no tests to run
PASS
Running /go/src/github.com/docker/docker/integration/plugin/logging/cmd/dummy
testing: warning: no tests to run
PASS
Running /go/src/github.com/docker/docker/integration/plugin/common
INFO: Testing against a local daemon
=== RUN   TestPluginInvalidJSON
=== RUN   TestPluginInvalidJSON//plugins/foobar/set
=== PAUSE TestPluginInvalidJSON//plugins/foobar/set
=== CONT  TestPluginInvalidJSON//plugins/foobar/set
--- PASS: TestPluginInvalidJSON (0.01s)
    --- PASS: TestPluginInvalidJSON//plugins/foobar/set (0.00s)
PASS
Running /go/src/github.com/docker/docker/integration/plugin/volumes
INFO: Testing against a local daemon
=== RUN   TestPluginWithDevMounts
=== PAUSE TestPluginWithDevMounts
=== CONT  TestPluginWithDevMounts
--- PASS: TestPluginWithDevMounts (1.78s)
    daemon.go:296: [d0ff0a70227ca] waiting for daemon to start
    daemon.go:328: [d0ff0a70227ca] daemon started
    daemon.go:283: [d0ff0a70227ca] exiting daemon
PASS
Running /go/src/github.com/docker/docker/integration/plugin/volumes/cmd
testing: warning: no tests to run
PASS
Running /go/src/github.com/docker/docker/integration/plugin/volumes/cmd/dummy
testing: warning: no tests to run
PASS
Running /go/src/github.com/docker/docker/integration/plugin/graphdriver
INFO: Testing against a local daemon
=== RUN   TestExternalGraphDriver
=== RUN   TestExternalGraphDriver/json
=== RUN   TestExternalGraphDriver/spec
=== RUN   TestExternalGraphDriver/pull
--- PASS: TestExternalGraphDriver (7.05s)
    daemon.go:296: [d219cdf58d1e5] waiting for daemon to start
    daemon.go:328: [d219cdf58d1e5] daemon started
    daemon.go:283: [d219cdf58d1e5] exiting daemon
    daemon.go:296: [d219cdf58d1e5] waiting for daemon to start
    daemon.go:328: [d219cdf58d1e5] daemon started
    daemon.go:283: [d219cdf58d1e5] exiting daemon
    --- PASS: TestExternalGraphDriver/json (1.73s)
    daemon.go:296: [d219cdf58d1e5] waiting for daemon to start
    daemon.go:328: [d219cdf58d1e5] daemon started
    daemon.go:283: [d219cdf58d1e5] exiting daemon
    daemon.go:296: [d219cdf58d1e5] waiting for daemon to start
    daemon.go:328: [d219cdf58d1e5] daemon started
    daemon.go:283: [d219cdf58d1e5] exiting daemon
    --- PASS: TestExternalGraphDriver/spec (1.70s)
    daemon.go:296: [d219cdf58d1e5] waiting for daemon to start
    daemon.go:328: [d219cdf58d1e5] daemon started
    daemon.go:283: [d219cdf58d1e5] exiting daemon
    --- PASS: TestExternalGraphDriver/pull (3.15s)
=== RUN   TestGraphdriverPluginV2
--- SKIP: TestGraphdriverPluginV2 (0.32s)
    external_test.go:411: !requirement.Overlay2Supported(testEnv.DaemonInfo.KernelVersion)
PASS
Running /go/src/github.com/docker/docker/integration/config
INFO: Testing against a local daemon
=== RUN   TestConfigList
--- PASS: TestConfigList (2.07s)
    daemon.go:296: [dd89d275bae8f] waiting for daemon to start
    daemon.go:328: [dd89d275bae8f] daemon started
    daemon.go:283: [dd89d275bae8f] exiting daemon
=== RUN   TestConfigsCreateAndDelete
--- PASS: TestConfigsCreateAndDelete (2.03s)
    daemon.go:296: [dd613b80edfe1] waiting for daemon to start
    daemon.go:328: [dd613b80edfe1] daemon started
    daemon.go:283: [dd613b80edfe1] exiting daemon
=== RUN   TestConfigsUpdate
--- PASS: TestConfigsUpdate (2.07s)
    daemon.go:296: [da57e3920ee39] waiting for daemon to start
    daemon.go:328: [da57e3920ee39] daemon started
    daemon.go:283: [da57e3920ee39] exiting daemon
=== RUN   TestTemplatedConfig
--- PASS: TestTemplatedConfig (2.62s)
    daemon.go:296: [d1343bd1d4865] waiting for daemon to start
    daemon.go:328: [d1343bd1d4865] daemon started
    daemon.go:283: [d1343bd1d4865] exiting daemon
=== RUN   TestConfigInspect
--- PASS: TestConfigInspect (2.07s)
    daemon.go:296: [dff22ad442da7] waiting for daemon to start
    daemon.go:328: [dff22ad442da7] daemon started
    daemon.go:283: [dff22ad442da7] exiting daemon
=== RUN   TestConfigCreateWithLabels
--- PASS: TestConfigCreateWithLabels (2.02s)
    daemon.go:296: [da5f61aa52355] waiting for daemon to start
    daemon.go:328: [da5f61aa52355] daemon started
    daemon.go:283: [da5f61aa52355] exiting daemon
=== RUN   TestConfigCreateResolve
--- PASS: TestConfigCreateResolve (2.09s)
    daemon.go:296: [d3025795cc032] waiting for daemon to start
    daemon.go:328: [d3025795cc032] daemon started
    daemon.go:283: [d3025795cc032] exiting daemon
PASS
Running /go/src/github.com/docker/docker/integration/service
INFO: Testing against a local daemon
=== RUN   TestServiceCreateInit
=== RUN   TestServiceCreateInit/daemonInitDisabled
=== RUN   TestServiceCreateInit/daemonInitEnabled
--- PASS: TestServiceCreateInit (8.08s)
    --- PASS: TestServiceCreateInit/daemonInitDisabled (4.04s)
        daemon.go:296: [dff8865d5eaa9] waiting for daemon to start
        daemon.go:328: [dff8865d5eaa9] daemon started
        daemon.go:283: [dff8865d5eaa9] exiting daemon
    --- PASS: TestServiceCreateInit/daemonInitEnabled (4.03s)
        daemon.go:296: [d6271edf84668] waiting for daemon to start
        daemon.go:328: [d6271edf84668] daemon started
        daemon.go:283: [d6271edf84668] exiting daemon
=== RUN   TestCreateServiceMultipleTimes
--- PASS: TestCreateServiceMultipleTimes (23.38s)
    daemon.go:296: [dc2ba5d11e014] waiting for daemon to start
    daemon.go:328: [dc2ba5d11e014] daemon started
    daemon.go:283: [dc2ba5d11e014] exiting daemon
=== RUN   TestCreateServiceConflict
--- PASS: TestCreateServiceConflict (2.10s)
    daemon.go:296: [df5251c0288ea] waiting for daemon to start
    daemon.go:328: [df5251c0288ea] daemon started
    daemon.go:283: [df5251c0288ea] exiting daemon
=== RUN   TestCreateServiceMaxReplicas
--- PASS: TestCreateServiceMaxReplicas (2.81s)
    daemon.go:296: [df8a82fd8296a] waiting for daemon to start
    daemon.go:328: [df8a82fd8296a] daemon started
    daemon.go:283: [df8a82fd8296a] exiting daemon
=== RUN   TestCreateWithDuplicateNetworkNames
--- PASS: TestCreateWithDuplicateNetworkNames (12.95s)
    daemon.go:296: [dbebb406dfc41] waiting for daemon to start
    daemon.go:328: [dbebb406dfc41] daemon started
    daemon.go:283: [dbebb406dfc41] exiting daemon
=== RUN   TestCreateServiceSecretFileMode
--- PASS: TestCreateServiceSecretFileMode (2.67s)
    daemon.go:296: [d3948b16c95e4] waiting for daemon to start
    daemon.go:328: [d3948b16c95e4] daemon started
    daemon.go:283: [d3948b16c95e4] exiting daemon
=== RUN   TestCreateServiceConfigFileMode
--- PASS: TestCreateServiceConfigFileMode (2.51s)
    daemon.go:296: [d64dbb437061b] waiting for daemon to start
    daemon.go:328: [d64dbb437061b] daemon started
    daemon.go:283: [d64dbb437061b] exiting daemon
=== RUN   TestCreateServiceSysctls
--- PASS: TestCreateServiceSysctls (3.25s)
    daemon.go:296: [d78917e74a4b2] waiting for daemon to start
    daemon.go:328: [d78917e74a4b2] daemon started
    daemon.go:283: [d78917e74a4b2] exiting daemon
=== RUN   TestInspect
--- PASS: TestInspect (2.06s)
    daemon.go:296: [da6712ae57def] waiting for daemon to start
    daemon.go:328: [da6712ae57def] daemon started
    daemon.go:283: [da6712ae57def] exiting daemon
=== RUN   TestDockerNetworkConnectAlias
--- PASS: TestDockerNetworkConnectAlias (3.96s)
    daemon.go:296: [d2d21d57cd70e] waiting for daemon to start
    daemon.go:328: [d2d21d57cd70e] daemon started
    daemon.go:283: [d2d21d57cd70e] exiting daemon
=== RUN   TestServicePlugin
--- PASS: TestServicePlugin (35.38s)
    daemon.go:296: [deb6f425ff92d] waiting for daemon to start
    daemon.go:328: [deb6f425ff92d] daemon started
    daemon.go:283: [deb6f425ff92d] exiting daemon
    daemon.go:296: [df734849a2c32] waiting for daemon to start
    daemon.go:328: [df734849a2c32] daemon started
    daemon.go:296: [d87dcad248d26] waiting for daemon to start
    daemon.go:328: [d87dcad248d26] daemon started
    daemon.go:296: [d21205efcf421] waiting for daemon to start
    daemon.go:328: [d21205efcf421] daemon started
    daemon.go:283: [d21205efcf421] exiting daemon
    daemon.go:283: [d87dcad248d26] exiting daemon
    daemon.go:283: [df734849a2c32] exiting daemon
=== RUN   TestServiceUpdateLabel
--- PASS: TestServiceUpdateLabel (2.10s)
    daemon.go:296: [d514c00f8aed4] waiting for daemon to start
    daemon.go:328: [d514c00f8aed4] daemon started
    daemon.go:283: [d514c00f8aed4] exiting daemon
=== RUN   TestServiceUpdateSecrets
--- PASS: TestServiceUpdateSecrets (2.04s)
    daemon.go:296: [d7542f1cced02] waiting for daemon to start
    daemon.go:328: [d7542f1cced02] daemon started
    daemon.go:283: [d7542f1cced02] exiting daemon
=== RUN   TestServiceUpdateConfigs
--- FAIL: TestServiceUpdateConfigs (2.07s)
    daemon.go:296: [ddf48b69495c0] waiting for daemon to start
    daemon.go:328: [ddf48b69495c0] daemon started
    update_test.go:188: assertion failed: error is not nil: Error response from daemon: rpc error: code = Unknown desc = update out of sequence
    daemon.go:283: [ddf48b69495c0] exiting daemon
FAIL
---> Making bundle: .integration-daemon-stop (in bundles/test-integration)
Clearing AppArmor profiles cache:.
All profile caches have been cleared, but no profiles have been unloaded.
Unloading profiles will leave already running processes permanently
unconfined, which can lead to unexpected situations.

To set a process to complain mode, use the command line tool
'aa-complain'. To really tear down all profiles, run the init script
with the 'teardown' option."
Removing test suite binaries
Build step 'Execute shell' marked build as failure
Set build name.
New build name is '#38449'
[PostBuildScript] - Executing post build scripts.
[Docker-PRs-experimental] $ /bin/sh -xe /tmp/jenkins6885714462288747088.sh
+ echo Ensuring container killed.
Ensuring container killed.
+ docker rm -vf docker-pr-exp43523
Error: No such container: docker-pr-exp43523
+ true
+ echo Chowning /workspace to jenkins user
Chowning /workspace to jenkins user
+ id -u
+ id -g
+ docker run --rm -v /home/ubuntu/workspace/Docker-PRs-experimental:/workspace busybox chown -R 1000:1000 /workspace
[Docker-PRs-experimental] $ /bin/sh -xe /tmp/jenkins2814863737056622439.sh
+ echo Creating bundles.tar.gz
Creating bundles.tar.gz
+ find bundles -name *.log
+ xargs tar -czf bundles.tar.gz
Archiving artifacts
Notifying endpoint with url 'https://leeroy.dockerproject.org/notification/jenkins'
[WS-CLEANUP] Deleting project workspace...[WS-CLEANUP] done
Finished: FAILURE
