Started by user Gordon
Notifying endpoint with url 'https://leeroy.dockerproject.org/notification/jenkins'
[EnvInject] - Loading node environment variables.
Building remotely on ubuntu-1604-aufs-stable (i-00f0d67bd85b448a2) (docker-edge ubuntu aufs docker-stable docker ubuntu-1604-aufs-edge x86_64 ec2 linux ubuntu-1604-aufs ubuntu-1604 amd64 ubuntu-1604-aufs-stable us-west-2) in workspace /home/ubuntu/workspace/Docker-PRs-experimental
Wiping out workspace first.
Cloning the remote Git repository
Cloning repository https://github.com/moby/moby.git
 > git init /home/ubuntu/workspace/Docker-PRs-experimental # timeout=10
Fetching upstream changes from https://github.com/moby/moby.git
 > git --version # timeout=10
 > git fetch --tags --progress https://github.com/moby/moby.git +refs/heads/*:refs/remotes/origin/*
 > git config remote.origin.url https://github.com/moby/moby.git # timeout=10
 > git config --add remote.origin.fetch +refs/heads/*:refs/remotes/origin/* # timeout=10
 > git config remote.origin.url https://github.com/moby/moby.git # timeout=10
Fetching upstream changes from https://github.com/moby/moby.git
 > git fetch --tags --progress https://github.com/moby/moby.git +refs/heads/*:refs/remotes/origin/*
 > git rev-parse origin/master^{commit} # timeout=10
Checking out Revision e0e9942dc5466884e7b2ef5c509a9dab33c4a01a (origin/master)
 > git config core.sparsecheckout # timeout=10
 > git checkout -f e0e9942dc5466884e7b2ef5c509a9dab33c4a01a
Commit message: "Merge pull request #38419 from thaJeztah/fix_nuke_everything"
 > git rev-list --no-walk e0e9942dc5466884e7b2ef5c509a9dab33c4a01a # timeout=10
Set build name.
New build name is '#38472'
[Docker-PRs-experimental] $ /bin/bash /tmp/jenkins888968442716697857.sh
From https://github.com/moby/moby
 * [new ref]         refs/pull/38472/head -> origin/pr/38472
Merge made by the 'recursive' strategy.
 integration/build/build_test.go | 7 -------
 1 file changed, 7 deletions(-)
Sending build context to Docker daemon   45.1MB
Step 1/94 : FROM golang:1.11.4 AS base
 ---> 343df9d12b7b
Step 2/94 : ARG APT_MIRROR=deb.debian.org
 ---> Using cache
 ---> b3c27ea27d57
Step 3/94 : RUN sed -ri "s/(httpredir|deb).debian.org/$APT_MIRROR/g" /etc/apt/sources.list
 ---> Using cache
 ---> 9392bd224a0c
Step 4/94 : FROM base AS criu
 ---> 9392bd224a0c
Step 5/94 : ENV CRIU_VERSION 3.6
 ---> Using cache
 ---> 7fcd8068e3d1
Step 6/94 : RUN apt-get update && apt-get install -y 	libnet-dev 	libprotobuf-c0-dev 	libprotobuf-dev 	libnl-3-dev 	libcap-dev 	protobuf-compiler 	protobuf-c-compiler 	python-protobuf 	&& mkdir -p /usr/src/criu 	&& curl -sSL https://github.com/checkpoint-restore/criu/archive/v${CRIU_VERSION}.tar.gz | tar -C /usr/src/criu/ -xz --strip-components=1 	&& cd /usr/src/criu 	&& make 	&& make PREFIX=/build/ install-criu
 ---> Using cache
 ---> a5a9b0614964
Step 7/94 : FROM base AS registry
 ---> 9392bd224a0c
Step 8/94 : ENV REGISTRY_COMMIT_SCHEMA1 ec87e9b6971d831f0eff752ddb54fb64693e51cd
 ---> Using cache
 ---> b64642c4f414
Step 9/94 : ENV REGISTRY_COMMIT 47a064d4195a9b56133891bbb13620c3ac83a827
 ---> Using cache
 ---> 3dbb12c18c41
Step 10/94 : RUN set -x 	&& export GOPATH="$(mktemp -d)" 	&& git clone https://github.com/docker/distribution.git "$GOPATH/src/github.com/docker/distribution" 	&& (cd "$GOPATH/src/github.com/docker/distribution" && git checkout -q "$REGISTRY_COMMIT") 	&& GOPATH="$GOPATH/src/github.com/docker/distribution/Godeps/_workspace:$GOPATH" 		go build -buildmode=pie -o /build/registry-v2 github.com/docker/distribution/cmd/registry 	&& case $(dpkg --print-architecture) in 		amd64|ppc64*|s390x) 		(cd "$GOPATH/src/github.com/docker/distribution" && git checkout -q "$REGISTRY_COMMIT_SCHEMA1"); 		GOPATH="$GOPATH/src/github.com/docker/distribution/Godeps/_workspace:$GOPATH"; 			go build -buildmode=pie -o /build/registry-v2-schema1 github.com/docker/distribution/cmd/registry; 		;; 	   esac 	&& rm -rf "$GOPATH"
 ---> Using cache
 ---> 4bd3ef16f6a5
Step 11/94 : FROM base AS docker-py
 ---> 9392bd224a0c
Step 12/94 : ENV DOCKER_PY_COMMIT 8b246db271a85d6541dc458838627e89c683e42f
 ---> Using cache
 ---> 506cd00d8469
Step 13/94 : RUN git clone https://github.com/docker/docker-py.git /build 	&& cd /build 	&& git checkout -q $DOCKER_PY_COMMIT
 ---> Using cache
 ---> dd2963ca0daa
Step 14/94 : FROM base AS swagger
 ---> 9392bd224a0c
Step 15/94 : ENV GO_SWAGGER_COMMIT c28258affb0b6251755d92489ef685af8d4ff3eb
 ---> Using cache
 ---> 545514ea7b70
Step 16/94 : RUN set -x 	&& export GOPATH="$(mktemp -d)" 	&& git clone https://github.com/go-swagger/go-swagger.git "$GOPATH/src/github.com/go-swagger/go-swagger" 	&& (cd "$GOPATH/src/github.com/go-swagger/go-swagger" && git checkout -q "$GO_SWAGGER_COMMIT") 	&& go build -o /build/swagger github.com/go-swagger/go-swagger/cmd/swagger 	&& rm -rf "$GOPATH"
 ---> Using cache
 ---> 9fe67fd5d139
Step 17/94 : FROM base AS frozen-images
 ---> 9392bd224a0c
Step 18/94 : RUN apt-get update && apt-get install -y jq ca-certificates --no-install-recommends
 ---> Using cache
 ---> b60d098af986
Step 19/94 : COPY contrib/download-frozen-image-v2.sh /
 ---> Using cache
 ---> 017e2f55bc05
Step 20/94 : RUN /download-frozen-image-v2.sh /build 	buildpack-deps:jessie@sha256:dd86dced7c9cd2a724e779730f0a53f93b7ef42228d4344b25ce9a42a1486251 	busybox:latest@sha256:bbc3a03235220b170ba48a157dd097dd1379299370e1ed99ce976df0355d24f0 	busybox:glibc@sha256:0b55a30394294ab23b9afd58fab94e61a923f5834fba7ddbae7f8e0c11ba85e6 	debian:jessie@sha256:287a20c5f73087ab406e6b364833e3fb7b3ae63ca0eb3486555dc27ed32c6e60 	hello-world:latest@sha256:be0cd392e45be79ffeffa6b05338b98ebb16c87b255f48e297ec7f98e123905c
 ---> Using cache
 ---> 994dc9e5eeee
Step 21/94 : FROM base AS runtime-dev
 ---> 9392bd224a0c
Step 22/94 : RUN apt-get update && apt-get install -y 	libapparmor-dev 	libseccomp-dev
 ---> Using cache
 ---> 1a2487717a77
Step 23/94 : FROM base AS tomlv
 ---> 9392bd224a0c
Step 24/94 : ENV INSTALL_BINARY_NAME=tomlv
 ---> Using cache
 ---> f03ad42dea2f
Step 25/94 : COPY hack/dockerfile/install/install.sh ./install.sh
 ---> Using cache
 ---> 374cccbb1616
Step 26/94 : COPY hack/dockerfile/install/$INSTALL_BINARY_NAME.installer ./
 ---> Using cache
 ---> 9987f7854746
Step 27/94 : RUN PREFIX=/build ./install.sh $INSTALL_BINARY_NAME
 ---> Using cache
 ---> 0ef5e1a334d3
Step 28/94 : FROM base AS vndr
 ---> 9392bd224a0c
Step 29/94 : ENV INSTALL_BINARY_NAME=vndr
 ---> Using cache
 ---> fce65856226c
Step 30/94 : COPY hack/dockerfile/install/install.sh ./install.sh
 ---> Using cache
 ---> 884baf2e7ce8
Step 31/94 : COPY hack/dockerfile/install/$INSTALL_BINARY_NAME.installer ./
 ---> Using cache
 ---> 5c4af818ba03
Step 32/94 : RUN PREFIX=/build ./install.sh $INSTALL_BINARY_NAME
 ---> Using cache
 ---> 935cf8ebef4c
Step 33/94 : FROM base AS containerd
 ---> 9392bd224a0c
Step 34/94 : RUN apt-get update && apt-get install -y btrfs-tools
 ---> Using cache
 ---> 93411a686077
Step 35/94 : ENV INSTALL_BINARY_NAME=containerd
 ---> Using cache
 ---> f07d5e540018
Step 36/94 : COPY hack/dockerfile/install/install.sh ./install.sh
 ---> Using cache
 ---> fe21990f2731
Step 37/94 : COPY hack/dockerfile/install/$INSTALL_BINARY_NAME.installer ./
 ---> Using cache
 ---> 8c28415734fd
Step 38/94 : RUN PREFIX=/build ./install.sh $INSTALL_BINARY_NAME
 ---> Using cache
 ---> 9f40f36912a7
Step 39/94 : FROM base AS proxy
 ---> 9392bd224a0c
Step 40/94 : ENV INSTALL_BINARY_NAME=proxy
 ---> Using cache
 ---> 0cdbc5886a4c
Step 41/94 : COPY hack/dockerfile/install/install.sh ./install.sh
 ---> Using cache
 ---> 5faa11125f45
Step 42/94 : COPY hack/dockerfile/install/$INSTALL_BINARY_NAME.installer ./
 ---> Using cache
 ---> 2b8845119243
Step 43/94 : RUN PREFIX=/build ./install.sh $INSTALL_BINARY_NAME
 ---> Using cache
 ---> eeccc51b7310
Step 44/94 : FROM base AS gometalinter
 ---> 9392bd224a0c
Step 45/94 : ENV INSTALL_BINARY_NAME=gometalinter
 ---> Using cache
 ---> 712f46fd4ed2
Step 46/94 : COPY hack/dockerfile/install/install.sh ./install.sh
 ---> Using cache
 ---> bf53398f3e47
Step 47/94 : COPY hack/dockerfile/install/$INSTALL_BINARY_NAME.installer ./
 ---> Using cache
 ---> bf980302e75d
Step 48/94 : RUN PREFIX=/build ./install.sh $INSTALL_BINARY_NAME
 ---> Using cache
 ---> b9962dc5b2d1
Step 49/94 : FROM base AS dockercli
 ---> 9392bd224a0c
Step 50/94 : ENV INSTALL_BINARY_NAME=dockercli
 ---> Using cache
 ---> 00bbf6beeb97
Step 51/94 : COPY hack/dockerfile/install/install.sh ./install.sh
 ---> Using cache
 ---> 7c2282118d15
Step 52/94 : COPY hack/dockerfile/install/$INSTALL_BINARY_NAME.installer ./
 ---> Using cache
 ---> c2473ec16422
Step 53/94 : RUN PREFIX=/build ./install.sh $INSTALL_BINARY_NAME
 ---> Using cache
 ---> 6dfabb2da092
Step 54/94 : FROM runtime-dev AS runc
 ---> 1a2487717a77
Step 55/94 : ENV INSTALL_BINARY_NAME=runc
 ---> Using cache
 ---> 421b3cfdda15
Step 56/94 : COPY hack/dockerfile/install/install.sh ./install.sh
 ---> Using cache
 ---> 2841710bb35a
Step 57/94 : COPY hack/dockerfile/install/$INSTALL_BINARY_NAME.installer ./
 ---> Using cache
 ---> eebe08ea3292
Step 58/94 : RUN PREFIX=/build ./install.sh $INSTALL_BINARY_NAME
 ---> Using cache
 ---> 276e45b3c71f
Step 59/94 : FROM base AS tini
 ---> 9392bd224a0c
Step 60/94 : RUN apt-get update && apt-get install -y cmake vim-common
 ---> Using cache
 ---> fff219bcc338
Step 61/94 : COPY hack/dockerfile/install/install.sh ./install.sh
 ---> Using cache
 ---> 3f245fb982cb
Step 62/94 : ENV INSTALL_BINARY_NAME=tini
 ---> Using cache
 ---> 1b24a9cdd951
Step 63/94 : COPY hack/dockerfile/install/$INSTALL_BINARY_NAME.installer ./
 ---> Using cache
 ---> 48e7f8c2ede1
Step 64/94 : RUN PREFIX=/build ./install.sh $INSTALL_BINARY_NAME
 ---> Using cache
 ---> 4a81f9a21d2f
Step 65/94 : FROM runtime-dev AS dev
 ---> 1a2487717a77
Step 66/94 : RUN groupadd -r docker
 ---> Using cache
 ---> 919193086d89
Step 67/94 : RUN useradd --create-home --gid docker unprivilegeduser
 ---> Using cache
 ---> fdff543ada41
Step 68/94 : RUN ln -sfv /go/src/github.com/docker/docker/.bashrc ~/.bashrc
 ---> Using cache
 ---> b7ac35f033d9
Step 69/94 : RUN echo "source /usr/share/bash-completion/bash_completion" >> /etc/bash.bashrc
 ---> Using cache
 ---> 6459c5fa197e
Step 70/94 : RUN ln -s /usr/local/completion/bash/docker /etc/bash_completion.d/docker
 ---> Using cache
 ---> 98fe38b20a87
Step 71/94 : RUN ldconfig
 ---> Using cache
 ---> f35ca24683e7
Step 72/94 : RUN apt-get update && apt-get install -y 	apparmor 	aufs-tools 	bash-completion 	btrfs-tools 	iptables 	jq 	libcap2-bin 	libdevmapper-dev 	libudev-dev 	libsystemd-dev 	binutils-mingw-w64 	g++-mingw-w64-x86-64 	net-tools 	pigz 	python-backports.ssl-match-hostname 	python-dev 	python-mock 	python-pip 	python-requests 	python-setuptools 	python-websocket 	python-wheel 	thin-provisioning-tools 	vim 	vim-common 	xfsprogs 	zip 	bzip2 	xz-utils 	--no-install-recommends
 ---> Using cache
 ---> 0913ba75c52b
Step 73/94 : COPY --from=swagger /build/swagger* /usr/local/bin/
 ---> Using cache
 ---> b44d4f2ed446
Step 74/94 : COPY --from=frozen-images /build/ /docker-frozen-images
 ---> Using cache
 ---> ccba42019e61
Step 75/94 : COPY --from=gometalinter /build/ /usr/local/bin/
 ---> Using cache
 ---> 63fe8b94e354
Step 76/94 : COPY --from=tomlv /build/ /usr/local/bin/
 ---> Using cache
 ---> e36296426fc6
Step 77/94 : COPY --from=vndr /build/ /usr/local/bin/
 ---> Using cache
 ---> 12a553b861ae
Step 78/94 : COPY --from=tini /build/ /usr/local/bin/
 ---> Using cache
 ---> a8259a95c2a0
Step 79/94 : COPY --from=runc /build/ /usr/local/bin/
 ---> Using cache
 ---> 70fe740e7e96
Step 80/94 : COPY --from=containerd /build/ /usr/local/bin/
 ---> Using cache
 ---> bc64266071fc
Step 81/94 : COPY --from=proxy /build/ /usr/local/bin/
 ---> Using cache
 ---> da53b0b3c10c
Step 82/94 : COPY --from=dockercli /build/ /usr/local/cli
 ---> Using cache
 ---> 7ee997c63bfc
Step 83/94 : COPY --from=registry /build/registry* /usr/local/bin/
 ---> Using cache
 ---> cb7db3e2cfc4
Step 84/94 : COPY --from=criu /build/ /usr/local/
 ---> Using cache
 ---> 1bdd5ba04a2b
Step 85/94 : COPY --from=docker-py /build/ /docker-py
 ---> Using cache
 ---> 723f5fd06528
Step 86/94 : RUN cd /docker-py 	&& pip install docker-pycreds==0.2.1 	&& pip install yamllint==1.5.0 	&& pip install -r test-requirements.txt
 ---> Using cache
 ---> a38cd394a335
Step 87/94 : ENV PATH=/usr/local/cli:$PATH
 ---> Using cache
 ---> 55c88fa7ad4d
Step 88/94 : ENV DOCKER_BUILDTAGS apparmor seccomp selinux
 ---> Using cache
 ---> a8f53b2cc4dd
Step 89/94 : ENV GOMETALINTER_OPTS="--deadline=2m"
 ---> Using cache
 ---> 98aa99cd51dd
Step 90/94 : WORKDIR /go/src/github.com/docker/docker
 ---> Using cache
 ---> 0771d9866296
Step 91/94 : VOLUME /var/lib/docker
 ---> Using cache
 ---> f7af7a0be689
Step 92/94 : ENTRYPOINT ["hack/dind"]
 ---> Using cache
 ---> 0cd24d6ac89d
Step 93/94 : FROM dev AS final
 ---> 0cd24d6ac89d
Step 94/94 : COPY . /go/src/github.com/docker/docker
 ---> Using cache
 ---> ba6c0b7ab95c
Successfully built ba6c0b7ab95c
Successfully tagged docker:ebc3acb-exp

Removing bundles/

---> Making bundle: binary-daemon (in bundles/binary-daemon)
Building: bundles/binary-daemon/dockerd-dev
Created binary: bundles/binary-daemon/dockerd-dev
Copying nested executables into bundles/binary-daemon

---> Making bundle: test-integration (in bundles/test-integration)
Building test suite binary ./integration-cli/test.main
Building test suite binary ./integration/plugin/test.main
Building test suite binary ./integration/plugin/authz/test.main
Building test suite binary ./integration/plugin/logging/test.main
Building test suite binary ./integration/plugin/logging/cmd/test.main
Building test suite binary ./integration/plugin/logging/cmd/close_on_start/test.main
Building test suite binary ./integration/plugin/logging/cmd/dummy/test.main
Building test suite binary ./integration/plugin/common/test.main
Building test suite binary ./integration/plugin/volumes/test.main
Building test suite binary ./integration/plugin/volumes/cmd/test.main
Building test suite binary ./integration/plugin/volumes/cmd/dummy/test.main
Building test suite binary ./integration/plugin/graphdriver/test.main
Building test suite binary ./integration/config/test.main
Building test suite binary ./integration/service/test.main
Building test suite binary ./integration/network/test.main
Building test suite binary ./integration/network/ipvlan/test.main
Building test suite binary ./integration/network/macvlan/test.main
Building test suite binary ./integration/secret/test.main
Building test suite binary ./integration/session/test.main
Building test suite binary ./integration/container/test.main
Building test suite binary ./integration/build/test.main
Building test suite binary ./integration/volume/test.main
Building test suite binary ./integration/system/test.main
Building test suite binary ./integration/image/test.main
---> Making bundle: .integration-daemon-start (in bundles/test-integration)
Using test binary docker
# DOCKER_EXPERIMENTAL is set: starting daemon with experimental features enabled! 
/etc/init.d/apparmor: 130: /etc/init.d/apparmor: systemd-detect-virt: not found
Starting AppArmor profiles:Warning from stdin (line 1): /sbin/apparmor_parser: cannot use or update cache, disable, or force-complain via stdin
Warning failed to create cache: (null)
.
INFO: Waiting for daemon to start...
Starting dockerd
.
---> Making bundle: .integration-daemon-setup (in bundles/test-integration)
---> Making bundle: .ensure-emptyfs (in bundles/test-integration)
Error: No such image: emptyfs
Running integration-test (iteration 1)
Running /go/src/github.com/docker/docker/integration/plugin
testing: warning: no tests to run
PASS
Running /go/src/github.com/docker/docker/integration/plugin/authz
Loaded image: buildpack-deps:jessie
Loaded image: busybox:latest
Loaded image: busybox:glibc
Loaded image: debian:jessie
Loaded image: hello-world:latest
INFO: Testing against a local daemon
=== RUN   TestAuthZPluginAllowRequest
--- PASS: TestAuthZPluginAllowRequest (6.76s)
    daemon.go:296: [dd91fc7711710] waiting for daemon to start
    daemon.go:328: [dd91fc7711710] daemon started
    daemon.go:283: [dd91fc7711710] exiting daemon
=== RUN   TestAuthZPluginTLS
--- PASS: TestAuthZPluginTLS (2.93s)
    daemon.go:296: [dcff4ee6baa4d] waiting for daemon to start
    daemon.go:328: [dcff4ee6baa4d] daemon started
    daemon.go:283: [dcff4ee6baa4d] exiting daemon
=== RUN   TestAuthZPluginDenyRequest
--- PASS: TestAuthZPluginDenyRequest (1.28s)
    daemon.go:296: [de9569e2f810d] waiting for daemon to start
    daemon.go:328: [de9569e2f810d] daemon started
    daemon.go:283: [de9569e2f810d] exiting daemon
=== RUN   TestAuthZPluginAPIDenyResponse
--- PASS: TestAuthZPluginAPIDenyResponse (0.52s)
    daemon.go:296: [d3d2c0ca9d000] waiting for daemon to start
    daemon.go:328: [d3d2c0ca9d000] daemon started
    daemon.go:283: [d3d2c0ca9d000] exiting daemon
=== RUN   TestAuthZPluginDenyResponse
--- PASS: TestAuthZPluginDenyResponse (0.52s)
    daemon.go:296: [d2b0298d59d4b] waiting for daemon to start
    daemon.go:328: [d2b0298d59d4b] daemon started
    daemon.go:283: [d2b0298d59d4b] exiting daemon
=== RUN   TestAuthZPluginAllowEventStream
--- PASS: TestAuthZPluginAllowEventStream (1.23s)
    daemon.go:296: [dab73b4760fcd] waiting for daemon to start
    daemon.go:328: [dab73b4760fcd] daemon started
    daemon.go:283: [dab73b4760fcd] exiting daemon
=== RUN   TestAuthZPluginErrorResponse
--- PASS: TestAuthZPluginErrorResponse (0.52s)
    daemon.go:296: [def9eeee4317f] waiting for daemon to start
    daemon.go:328: [def9eeee4317f] daemon started
    daemon.go:283: [def9eeee4317f] exiting daemon
=== RUN   TestAuthZPluginErrorRequest
--- PASS: TestAuthZPluginErrorRequest (0.53s)
    daemon.go:296: [dcc2db57a0d1d] waiting for daemon to start
    daemon.go:328: [dcc2db57a0d1d] daemon started
    daemon.go:283: [dcc2db57a0d1d] exiting daemon
=== RUN   TestAuthZPluginEnsureNoDuplicatePluginRegistration
--- PASS: TestAuthZPluginEnsureNoDuplicatePluginRegistration (0.53s)
    daemon.go:296: [d4ad189a9207c] waiting for daemon to start
    daemon.go:328: [d4ad189a9207c] daemon started
    daemon.go:283: [d4ad189a9207c] exiting daemon
=== RUN   TestAuthZPluginEnsureLoadImportWorking
--- PASS: TestAuthZPluginEnsureLoadImportWorking (1.44s)
    daemon.go:296: [ddf42d4c1c1a4] waiting for daemon to start
    daemon.go:328: [ddf42d4c1c1a4] daemon started
    daemon.go:283: [ddf42d4c1c1a4] exiting daemon
=== RUN   TestAuthzPluginEnsureContainerCopyToFrom
--- PASS: TestAuthzPluginEnsureContainerCopyToFrom (1.49s)
    daemon.go:296: [dbf2854e7fd47] waiting for daemon to start
    daemon.go:328: [dbf2854e7fd47] daemon started
    daemon.go:283: [dbf2854e7fd47] exiting daemon
=== RUN   TestAuthZPluginHeader
--- PASS: TestAuthZPluginHeader (0.71s)
    daemon.go:296: [dfce45fa6882e] waiting for daemon to start
    daemon.go:328: [dfce45fa6882e] daemon started
    daemon.go:283: [dfce45fa6882e] exiting daemon
=== RUN   TestAuthZPluginV2AllowNonVolumeRequest
--- PASS: TestAuthZPluginV2AllowNonVolumeRequest (6.59s)
    daemon.go:296: [dc7e4c2f89740] waiting for daemon to start
    daemon.go:328: [dc7e4c2f89740] daemon started
    daemon.go:283: [dc7e4c2f89740] exiting daemon
    daemon.go:296: [dc7e4c2f89740] waiting for daemon to start
    daemon.go:328: [dc7e4c2f89740] daemon started
    daemon.go:283: [dc7e4c2f89740] exiting daemon
=== RUN   TestAuthZPluginV2Disable
--- PASS: TestAuthZPluginV2Disable (6.00s)
    daemon.go:296: [d6e5d5c3fcca5] waiting for daemon to start
    daemon.go:328: [d6e5d5c3fcca5] daemon started
    daemon.go:283: [d6e5d5c3fcca5] exiting daemon
    daemon.go:296: [d6e5d5c3fcca5] waiting for daemon to start
    daemon.go:328: [d6e5d5c3fcca5] daemon started
    daemon.go:283: [d6e5d5c3fcca5] exiting daemon
=== RUN   TestAuthZPluginV2RejectVolumeRequests
--- PASS: TestAuthZPluginV2RejectVolumeRequests (5.78s)
    daemon.go:296: [d9c78663403a3] waiting for daemon to start
    daemon.go:328: [d9c78663403a3] daemon started
    daemon.go:283: [d9c78663403a3] exiting daemon
    daemon.go:296: [d9c78663403a3] waiting for daemon to start
    daemon.go:328: [d9c78663403a3] daemon started
    daemon.go:283: [d9c78663403a3] exiting daemon
=== RUN   TestAuthZPluginV2BadManifestFailsDaemonStart
--- PASS: TestAuthZPluginV2BadManifestFailsDaemonStart (13.83s)
    daemon.go:296: [d3c9ce7ad923d] waiting for daemon to start
    daemon.go:328: [d3c9ce7ad923d] daemon started
    daemon.go:283: [d3c9ce7ad923d] exiting daemon
    daemon.go:296: [d3c9ce7ad923d] waiting for daemon to start
    daemon.go:296: [d3c9ce7ad923d] waiting for daemon to start
    daemon.go:283: [d3c9ce7ad923d] exiting daemon
    daemon.go:296: [d3c9ce7ad923d] waiting for daemon to start
    daemon.go:328: [d3c9ce7ad923d] daemon started
    daemon.go:283: [d3c9ce7ad923d] exiting daemon
=== RUN   TestAuthZPluginV2NonexistentFailsDaemonStart
--- PASS: TestAuthZPluginV2NonexistentFailsDaemonStart (16.50s)
    daemon.go:296: [de98dd9f42293] waiting for daemon to start
    daemon.go:328: [de98dd9f42293] daemon started
    daemon.go:283: [de98dd9f42293] exiting daemon
    daemon.go:296: [de98dd9f42293] waiting for daemon to start
    daemon.go:296: [de98dd9f42293] waiting for daemon to start
    daemon.go:296: [de98dd9f42293] waiting for daemon to start
    daemon.go:328: [de98dd9f42293] daemon started
    daemon.go:283: [de98dd9f42293] exiting daemon
PASS
Running /go/src/github.com/docker/docker/integration/plugin/logging
INFO: Testing against a local daemon
=== RUN   TestContinueAfterPluginCrash
=== PAUSE TestContinueAfterPluginCrash
=== RUN   TestDaemonStartWithLogOpt
=== PAUSE TestDaemonStartWithLogOpt
=== CONT  TestContinueAfterPluginCrash
=== CONT  TestDaemonStartWithLogOpt
--- PASS: TestDaemonStartWithLogOpt (12.48s)
    daemon.go:296: [df3cad1890d34] waiting for daemon to start
    daemon.go:328: [df3cad1890d34] daemon started
    daemon.go:283: [df3cad1890d34] exiting daemon
    daemon.go:296: [df3cad1890d34] waiting for daemon to start
    daemon.go:328: [df3cad1890d34] daemon started
    daemon.go:283: [df3cad1890d34] exiting daemon
--- PASS: TestContinueAfterPluginCrash (17.51s)
    daemon.go:296: [d77a87281b118] waiting for daemon to start
    daemon.go:328: [d77a87281b118] daemon started
    daemon.go:283: [d77a87281b118] exiting daemon
PASS
Running /go/src/github.com/docker/docker/integration/plugin/logging/cmd
testing: warning: no tests to run
PASS
Running /go/src/github.com/docker/docker/integration/plugin/logging/cmd/close_on_start
testing: warning: no tests to run
PASS
Running /go/src/github.com/docker/docker/integration/plugin/logging/cmd/dummy
testing: warning: no tests to run
PASS
Running /go/src/github.com/docker/docker/integration/plugin/common
INFO: Testing against a local daemon
=== RUN   TestPluginInvalidJSON
=== RUN   TestPluginInvalidJSON//plugins/foobar/set
=== PAUSE TestPluginInvalidJSON//plugins/foobar/set
=== CONT  TestPluginInvalidJSON//plugins/foobar/set
--- PASS: TestPluginInvalidJSON (0.01s)
    --- PASS: TestPluginInvalidJSON//plugins/foobar/set (0.00s)
PASS
Running /go/src/github.com/docker/docker/integration/plugin/volumes
INFO: Testing against a local daemon
=== RUN   TestPluginWithDevMounts
=== PAUSE TestPluginWithDevMounts
=== CONT  TestPluginWithDevMounts
--- PASS: TestPluginWithDevMounts (1.74s)
    daemon.go:296: [d9a97bb810685] waiting for daemon to start
    daemon.go:328: [d9a97bb810685] daemon started
    daemon.go:283: [d9a97bb810685] exiting daemon
PASS
Running /go/src/github.com/docker/docker/integration/plugin/volumes/cmd
testing: warning: no tests to run
PASS
Running /go/src/github.com/docker/docker/integration/plugin/volumes/cmd/dummy
testing: warning: no tests to run
PASS
Running /go/src/github.com/docker/docker/integration/plugin/graphdriver
INFO: Testing against a local daemon
=== RUN   TestExternalGraphDriver
=== RUN   TestExternalGraphDriver/json
=== RUN   TestExternalGraphDriver/spec
=== RUN   TestExternalGraphDriver/pull
--- PASS: TestExternalGraphDriver (6.92s)
    daemon.go:296: [d28cc94afde68] waiting for daemon to start
    daemon.go:328: [d28cc94afde68] daemon started
    daemon.go:283: [d28cc94afde68] exiting daemon
    daemon.go:296: [d28cc94afde68] waiting for daemon to start
    daemon.go:328: [d28cc94afde68] daemon started
    daemon.go:283: [d28cc94afde68] exiting daemon
    --- PASS: TestExternalGraphDriver/json (1.71s)
    daemon.go:296: [d28cc94afde68] waiting for daemon to start
    daemon.go:328: [d28cc94afde68] daemon started
    daemon.go:283: [d28cc94afde68] exiting daemon
    daemon.go:296: [d28cc94afde68] waiting for daemon to start
    daemon.go:328: [d28cc94afde68] daemon started
    daemon.go:283: [d28cc94afde68] exiting daemon
    --- PASS: TestExternalGraphDriver/spec (1.72s)
    daemon.go:296: [d28cc94afde68] waiting for daemon to start
    daemon.go:328: [d28cc94afde68] daemon started
    daemon.go:283: [d28cc94afde68] exiting daemon
    --- PASS: TestExternalGraphDriver/pull (3.07s)
=== RUN   TestGraphdriverPluginV2
--- PASS: TestGraphdriverPluginV2 (6.39s)
    daemon.go:296: [d60d7063aab46] waiting for daemon to start
    daemon.go:328: [d60d7063aab46] daemon started
    daemon.go:283: [d60d7063aab46] exiting daemon
    daemon.go:296: [d60d7063aab46] waiting for daemon to start
    daemon.go:328: [d60d7063aab46] daemon started
    daemon.go:283: [d60d7063aab46] exiting daemon
PASS
Running /go/src/github.com/docker/docker/integration/config
INFO: Testing against a local daemon
=== RUN   TestConfigList
--- PASS: TestConfigList (2.11s)
    daemon.go:296: [d1631d070f4f4] waiting for daemon to start
    daemon.go:328: [d1631d070f4f4] daemon started
    daemon.go:283: [d1631d070f4f4] exiting daemon
=== RUN   TestConfigsCreateAndDelete
--- PASS: TestConfigsCreateAndDelete (2.14s)
    daemon.go:296: [d63b70c65b47f] waiting for daemon to start
    daemon.go:328: [d63b70c65b47f] daemon started
    daemon.go:283: [d63b70c65b47f] exiting daemon
=== RUN   TestConfigsUpdate
--- PASS: TestConfigsUpdate (2.03s)
    daemon.go:296: [d6c4c3d04072e] waiting for daemon to start
    daemon.go:328: [d6c4c3d04072e] daemon started
    daemon.go:283: [d6c4c3d04072e] exiting daemon
=== RUN   TestTemplatedConfig
--- PASS: TestTemplatedConfig (2.58s)
    daemon.go:296: [d9bfea9762a04] waiting for daemon to start
    daemon.go:328: [d9bfea9762a04] daemon started
    daemon.go:283: [d9bfea9762a04] exiting daemon
=== RUN   TestConfigInspect
--- PASS: TestConfigInspect (2.15s)
    daemon.go:296: [dc1a640651d44] waiting for daemon to start
    daemon.go:328: [dc1a640651d44] daemon started
    daemon.go:283: [dc1a640651d44] exiting daemon
=== RUN   TestConfigCreateWithLabels
--- PASS: TestConfigCreateWithLabels (2.02s)
    daemon.go:296: [dbcba8a940f6a] waiting for daemon to start
    daemon.go:328: [dbcba8a940f6a] daemon started
    daemon.go:283: [dbcba8a940f6a] exiting daemon
=== RUN   TestConfigCreateResolve
--- PASS: TestConfigCreateResolve (2.02s)
    daemon.go:296: [de59568a3edb0] waiting for daemon to start
    daemon.go:328: [de59568a3edb0] daemon started
    daemon.go:283: [de59568a3edb0] exiting daemon
PASS
Running /go/src/github.com/docker/docker/integration/service
INFO: Testing against a local daemon
=== RUN   TestServiceCreateInit
=== RUN   TestServiceCreateInit/daemonInitDisabled
=== RUN   TestServiceCreateInit/daemonInitEnabled
--- PASS: TestServiceCreateInit (8.08s)
    --- PASS: TestServiceCreateInit/daemonInitDisabled (4.10s)
        daemon.go:296: [d9b4b7906c029] waiting for daemon to start
        daemon.go:328: [d9b4b7906c029] daemon started
        daemon.go:283: [d9b4b7906c029] exiting daemon
    --- PASS: TestServiceCreateInit/daemonInitEnabled (3.98s)
        daemon.go:296: [dae1f3189069f] waiting for daemon to start
        daemon.go:328: [dae1f3189069f] daemon started
        daemon.go:283: [dae1f3189069f] exiting daemon
=== RUN   TestCreateServiceMultipleTimes
--- PASS: TestCreateServiceMultipleTimes (24.08s)
    daemon.go:296: [d0e23468f5839] waiting for daemon to start
    daemon.go:328: [d0e23468f5839] daemon started
    daemon.go:283: [d0e23468f5839] exiting daemon
=== RUN   TestCreateServiceConflict
--- PASS: TestCreateServiceConflict (2.15s)
    daemon.go:296: [d31a080611ae6] waiting for daemon to start
    daemon.go:328: [d31a080611ae6] daemon started
    daemon.go:283: [d31a080611ae6] exiting daemon
=== RUN   TestCreateServiceMaxReplicas
--- PASS: TestCreateServiceMaxReplicas (2.81s)
    daemon.go:296: [d48ab16f271a6] waiting for daemon to start
    daemon.go:328: [d48ab16f271a6] daemon started
    daemon.go:283: [d48ab16f271a6] exiting daemon
=== RUN   TestCreateWithDuplicateNetworkNames
--- PASS: TestCreateWithDuplicateNetworkNames (12.96s)
    daemon.go:296: [dc4a6770d36f3] waiting for daemon to start
    daemon.go:328: [dc4a6770d36f3] daemon started
    daemon.go:283: [dc4a6770d36f3] exiting daemon
=== RUN   TestCreateServiceSecretFileMode
--- PASS: TestCreateServiceSecretFileMode (2.71s)
    daemon.go:296: [dfd8ae2649b93] waiting for daemon to start
    daemon.go:328: [dfd8ae2649b93] daemon started
    daemon.go:283: [dfd8ae2649b93] exiting daemon
=== RUN   TestCreateServiceConfigFileMode
--- PASS: TestCreateServiceConfigFileMode (2.59s)
    daemon.go:296: [d55e09c7432bd] waiting for daemon to start
    daemon.go:328: [d55e09c7432bd] daemon started
    daemon.go:283: [d55e09c7432bd] exiting daemon
=== RUN   TestCreateServiceSysctls
--- PASS: TestCreateServiceSysctls (3.25s)
    daemon.go:296: [d709247348d5c] waiting for daemon to start
    daemon.go:328: [d709247348d5c] daemon started
    daemon.go:283: [d709247348d5c] exiting daemon
=== RUN   TestInspect
--- PASS: TestInspect (2.05s)
    daemon.go:296: [d4a9e89993ca0] waiting for daemon to start
    daemon.go:328: [d4a9e89993ca0] daemon started
    daemon.go:283: [d4a9e89993ca0] exiting daemon
=== RUN   TestDockerNetworkConnectAlias
--- PASS: TestDockerNetworkConnectAlias (4.02s)
    daemon.go:296: [d579c8e66ebcb] waiting for daemon to start
    daemon.go:328: [d579c8e66ebcb] daemon started
    daemon.go:283: [d579c8e66ebcb] exiting daemon
=== RUN   TestServicePlugin
--- PASS: TestServicePlugin (35.25s)
    daemon.go:296: [d8baa95120dcc] waiting for daemon to start
    daemon.go:328: [d8baa95120dcc] daemon started
    daemon.go:283: [d8baa95120dcc] exiting daemon
    daemon.go:296: [d2f70e056a5bb] waiting for daemon to start
    daemon.go:328: [d2f70e056a5bb] daemon started
    daemon.go:296: [dc137efacade9] waiting for daemon to start
    daemon.go:328: [dc137efacade9] daemon started
    daemon.go:296: [dbfedc68ffad5] waiting for daemon to start
    daemon.go:328: [dbfedc68ffad5] daemon started
    daemon.go:283: [dbfedc68ffad5] exiting daemon
    daemon.go:283: [dc137efacade9] exiting daemon
    daemon.go:283: [d2f70e056a5bb] exiting daemon
=== RUN   TestServiceUpdateLabel
--- PASS: TestServiceUpdateLabel (2.05s)
    daemon.go:296: [d0f7e74d64849] waiting for daemon to start
    daemon.go:328: [d0f7e74d64849] daemon started
    daemon.go:283: [d0f7e74d64849] exiting daemon
=== RUN   TestServiceUpdateSecrets
--- PASS: TestServiceUpdateSecrets (2.20s)
    daemon.go:296: [d29221f2c6178] waiting for daemon to start
    daemon.go:328: [d29221f2c6178] daemon started
    daemon.go:283: [d29221f2c6178] exiting daemon
=== RUN   TestServiceUpdateConfigs
--- PASS: TestServiceUpdateConfigs (7.58s)
    daemon.go:296: [d3ec408d5a874] waiting for daemon to start
    daemon.go:328: [d3ec408d5a874] daemon started
    daemon.go:283: [d3ec408d5a874] exiting daemon
PASS
Running /go/src/github.com/docker/docker/integration/network
INFO: Testing against a local daemon
=== RUN   TestNetworkCreateDelete
--- PASS: TestNetworkCreateDelete (0.13s)
=== RUN   TestDockerNetworkDeletePreferID
--- PASS: TestDockerNetworkDeletePreferID (0.28s)
=== RUN   TestInspectNetwork
--- PASS: TestInspectNetwork (25.66s)
    daemon.go:296: [dc9dca8f7494a] waiting for daemon to start
    daemon.go:328: [dc9dca8f7494a] daemon started
    daemon.go:283: [dc9dca8f7494a] exiting daemon
=== RUN   TestRunContainerWithBridgeNone
--- PASS: TestRunContainerWithBridgeNone (2.03s)
    daemon.go:296: [d52fc23dd34e9] waiting for daemon to start
    daemon.go:328: [d52fc23dd34e9] daemon started
    daemon.go:283: [d52fc23dd34e9] exiting daemon
=== RUN   TestNetworkInvalidJSON
=== RUN   TestNetworkInvalidJSON//networks/create
=== PAUSE TestNetworkInvalidJSON//networks/create
=== RUN   TestNetworkInvalidJSON//networks/bridge/connect
=== PAUSE TestNetworkInvalidJSON//networks/bridge/connect
=== RUN   TestNetworkInvalidJSON//networks/bridge/disconnect
=== PAUSE TestNetworkInvalidJSON//networks/bridge/disconnect
=== CONT  TestNetworkInvalidJSON//networks/create
=== CONT  TestNetworkInvalidJSON//networks/bridge/disconnect
=== CONT  TestNetworkInvalidJSON//networks/bridge/connect
--- PASS: TestNetworkInvalidJSON (0.01s)
    --- PASS: TestNetworkInvalidJSON//networks/create (0.00s)
    --- PASS: TestNetworkInvalidJSON//networks/bridge/disconnect (0.00s)
    --- PASS: TestNetworkInvalidJSON//networks/bridge/connect (0.01s)
=== RUN   TestDaemonRestartWithLiveRestore
--- PASS: TestDaemonRestartWithLiveRestore (1.03s)
    daemon.go:296: [de42a53543bde] waiting for daemon to start
    daemon.go:328: [de42a53543bde] daemon started
    daemon.go:283: [de42a53543bde] exiting daemon
    daemon.go:296: [de42a53543bde] waiting for daemon to start
    daemon.go:328: [de42a53543bde] daemon started
    daemon.go:283: [de42a53543bde] exiting daemon
=== RUN   TestDaemonDefaultNetworkPools
--- PASS: TestDaemonDefaultNetworkPools (0.67s)
    daemon.go:296: [d863975c88168] waiting for daemon to start
    daemon.go:328: [d863975c88168] daemon started
    daemon.go:283: [d863975c88168] exiting daemon
=== RUN   TestDaemonRestartWithExistingNetwork
--- PASS: TestDaemonRestartWithExistingNetwork (1.11s)
    daemon.go:296: [de34df28d8b83] waiting for daemon to start
    daemon.go:328: [de34df28d8b83] daemon started
    daemon.go:283: [de34df28d8b83] exiting daemon
    daemon.go:296: [de34df28d8b83] waiting for daemon to start
    daemon.go:328: [de34df28d8b83] daemon started
    daemon.go:283: [de34df28d8b83] exiting daemon
=== RUN   TestDaemonRestartWithExistingNetworkWithDefaultPoolRange
--- PASS: TestDaemonRestartWithExistingNetworkWithDefaultPoolRange (1.18s)
    daemon.go:296: [d0d339dde5195] waiting for daemon to start
    daemon.go:328: [d0d339dde5195] daemon started
    daemon.go:283: [d0d339dde5195] exiting daemon
    daemon.go:296: [d0d339dde5195] waiting for daemon to start
    daemon.go:328: [d0d339dde5195] daemon started
    daemon.go:283: [d0d339dde5195] exiting daemon
=== RUN   TestDaemonWithBipAndDefaultNetworkPool
--- PASS: TestDaemonWithBipAndDefaultNetworkPool (0.54s)
    daemon.go:296: [d9c2a89981706] waiting for daemon to start
    daemon.go:328: [d9c2a89981706] daemon started
    daemon.go:283: [d9c2a89981706] exiting daemon
=== RUN   TestServiceWithPredefinedNetwork
--- PASS: TestServiceWithPredefinedNetwork (2.03s)
    daemon.go:296: [da0ac3e4ec329] waiting for daemon to start
    daemon.go:328: [da0ac3e4ec329] daemon started
    daemon.go:283: [da0ac3e4ec329] exiting daemon
=== RUN   TestServiceRemoveKeepsIngressNetwork
--- PASS: TestServiceRemoveKeepsIngressNetwork (12.04s)
    daemon.go:296: [d8794ace54ba4] waiting for daemon to start
    daemon.go:328: [d8794ace54ba4] daemon started
    daemon.go:283: [d8794ace54ba4] exiting daemon
=== RUN   TestServiceWithDataPathPortInit
--- PASS: TestServiceWithDataPathPortInit (4.14s)
    daemon.go:296: [d2ed69c38afef] waiting for daemon to start
    daemon.go:328: [d2ed69c38afef] daemon started
    daemon.go:283: [d2ed69c38afef] exiting daemon
    daemon.go:296: [deda70482f735] waiting for daemon to start
    daemon.go:328: [deda70482f735] daemon started
    daemon.go:283: [deda70482f735] exiting daemon
=== RUN   TestServiceWithDefaultAddressPoolInit
--- PASS: TestServiceWithDefaultAddressPoolInit (4.17s)
    daemon.go:296: [d5d843b5e80ae] waiting for daemon to start
    daemon.go:328: [d5d843b5e80ae] daemon started
    service_test.go:415: TestServiceWithDefaultAddressPoolInit: NetworkInspect: {Name:saanvisthiraTestServiceWithDefaultAddressPoolInit ID:je4hhk2b92wggsdgyotlo39tl Created:2019-01-02 13:27:15.68077827 +0000 UTC Scope:swarm Driver:overlay EnableIPv6:false IPAM:{Driver:default Options:map[] Config:[{Subnet:20.20.0.0/24 IPRange: Gateway:20.20.0.1 AuxAddress:map[]}]} Internal:false Attachable:false Ingress:false ConfigFrom:{Network:} ConfigOnly:false Containers:map[] Options:map[com.docker.network.driver.overlay.vxlanid_list:4097] Labels:map[] Peers:[] Services:map[]}
    daemon.go:283: [d5d843b5e80ae] exiting daemon
    daemon.go:296: [d0c942bafa313] waiting for daemon to start
    daemon.go:328: [d0c942bafa313] daemon started
    daemon.go:283: [d0c942bafa313] exiting daemon
PASS
Running /go/src/github.com/docker/docker/integration/network/ipvlan
INFO: Testing against a local daemon
=== RUN   TestDockerNetworkIpvlanPersistance
--- PASS: TestDockerNetworkIpvlanPersistance (1.29s)
    daemon.go:296: [d4ecbf4f54a93] waiting for daemon to start
    daemon.go:328: [d4ecbf4f54a93] daemon started
    daemon.go:283: [d4ecbf4f54a93] exiting daemon
    daemon.go:296: [d4ecbf4f54a93] waiting for daemon to start
    daemon.go:328: [d4ecbf4f54a93] daemon started
    daemon.go:283: [d4ecbf4f54a93] exiting daemon
=== RUN   TestDockerNetworkIpvlan
=== RUN   TestDockerNetworkIpvlan/Subinterface
=== RUN   TestDockerNetworkIpvlan/OverlapParent
=== RUN   TestDockerNetworkIpvlan/L2NilParent
=== RUN   TestDockerNetworkIpvlan/L2InternalMode
=== RUN   TestDockerNetworkIpvlan/L3NilParent
=== RUN   TestDockerNetworkIpvlan/L3InternalMode
=== RUN   TestDockerNetworkIpvlan/L2MultiSubnet
=== RUN   TestDockerNetworkIpvlan/L3MultiSubnet
=== RUN   TestDockerNetworkIpvlan/Addressing
--- PASS: TestDockerNetworkIpvlan (109.93s)
    daemon.go:296: [df8f50e2e8c51] waiting for daemon to start
    daemon.go:328: [df8f50e2e8c51] daemon started
    --- PASS: TestDockerNetworkIpvlan/Subinterface (0.08s)
    daemon.go:283: [df8f50e2e8c51] exiting daemon
    daemon.go:296: [d64de2259145c] waiting for daemon to start
    daemon.go:328: [d64de2259145c] daemon started
    --- PASS: TestDockerNetworkIpvlan/OverlapParent (0.04s)
    daemon.go:283: [d64de2259145c] exiting daemon
    daemon.go:296: [dd98ae633f83f] waiting for daemon to start
    daemon.go:328: [dd98ae633f83f] daemon started
    --- PASS: TestDockerNetworkIpvlan/L2NilParent (0.87s)
    daemon.go:283: [dd98ae633f83f] exiting daemon
    daemon.go:296: [dd4a4492695f8] waiting for daemon to start
    daemon.go:328: [dd4a4492695f8] daemon started
    --- PASS: TestDockerNetworkIpvlan/L2InternalMode (1.86s)
    daemon.go:283: [dd4a4492695f8] exiting daemon
    daemon.go:296: [db8cdbf0697d7] waiting for daemon to start
    daemon.go:328: [db8cdbf0697d7] daemon started
    --- PASS: TestDockerNetworkIpvlan/L3NilParent (15.82s)
    daemon.go:283: [db8cdbf0697d7] exiting daemon
    daemon.go:296: [dfdc623a5fe76] waiting for daemon to start
    daemon.go:328: [dfdc623a5fe76] daemon started
    --- PASS: TestDockerNetworkIpvlan/L3InternalMode (16.90s)
    daemon.go:283: [dfdc623a5fe76] exiting daemon
    daemon.go:296: [d1b8f3b4902eb] waiting for daemon to start
    daemon.go:328: [d1b8f3b4902eb] daemon started
    --- PASS: TestDockerNetworkIpvlan/L2MultiSubnet (17.14s)
    daemon.go:283: [d1b8f3b4902eb] exiting daemon
    daemon.go:296: [d7f710beeb40b] waiting for daemon to start
    daemon.go:328: [d7f710beeb40b] daemon started
    --- PASS: TestDockerNetworkIpvlan/L3MultiSubnet (17.18s)
    daemon.go:283: [d7f710beeb40b] exiting daemon
    daemon.go:296: [d82ff9cd1758d] waiting for daemon to start
    daemon.go:328: [d82ff9cd1758d] daemon started
    --- PASS: TestDockerNetworkIpvlan/Addressing (31.30s)
    daemon.go:283: [d82ff9cd1758d] exiting daemon
PASS
Running /go/src/github.com/docker/docker/integration/network/macvlan
INFO: Testing against a local daemon
=== RUN   TestDockerNetworkMacvlanPersistance
--- PASS: TestDockerNetworkMacvlanPersistance (1.26s)
    daemon.go:296: [dbad1ccaee78c] waiting for daemon to start
    daemon.go:328: [dbad1ccaee78c] daemon started
    daemon.go:283: [dbad1ccaee78c] exiting daemon
    daemon.go:296: [dbad1ccaee78c] waiting for daemon to start
    daemon.go:328: [dbad1ccaee78c] daemon started
    daemon.go:283: [dbad1ccaee78c] exiting daemon
=== RUN   TestDockerNetworkMacvlan
=== RUN   TestDockerNetworkMacvlan/Subinterface
=== RUN   TestDockerNetworkMacvlan/OverlapParent
=== RUN   TestDockerNetworkMacvlan/NilParent
=== RUN   TestDockerNetworkMacvlan/InternalMode
=== RUN   TestDockerNetworkMacvlan/Addressing
--- PASS: TestDockerNetworkMacvlan (22.87s)
    daemon.go:296: [d0127c969d7a0] waiting for daemon to start
    daemon.go:328: [d0127c969d7a0] daemon started
    --- PASS: TestDockerNetworkMacvlan/Subinterface (0.06s)
    daemon.go:283: [d0127c969d7a0] exiting daemon
    daemon.go:296: [dd89cba24a44f] waiting for daemon to start
    daemon.go:328: [dd89cba24a44f] daemon started
    --- PASS: TestDockerNetworkMacvlan/OverlapParent (0.07s)
    daemon.go:283: [dd89cba24a44f] exiting daemon
    daemon.go:296: [d8bcfaf5362df] waiting for daemon to start
    daemon.go:328: [d8bcfaf5362df] daemon started
    --- PASS: TestDockerNetworkMacvlan/NilParent (0.87s)
    daemon.go:283: [d8bcfaf5362df] exiting daemon
    daemon.go:296: [d513885f28451] waiting for daemon to start
    daemon.go:328: [d513885f28451] daemon started
    --- PASS: TestDockerNetworkMacvlan/InternalMode (1.82s)
    daemon.go:283: [d513885f28451] exiting daemon
    daemon.go:296: [d63f7612901d4] waiting for daemon to start
    daemon.go:328: [d63f7612901d4] daemon started
    --- PASS: TestDockerNetworkMacvlan/Addressing (15.67s)
    daemon.go:283: [d63f7612901d4] exiting daemon
PASS
Running /go/src/github.com/docker/docker/integration/secret
INFO: Testing against a local daemon
=== RUN   TestSecretInspect
--- PASS: TestSecretInspect (2.15s)
    daemon.go:296: [d02c71099712c] waiting for daemon to start
    daemon.go:328: [d02c71099712c] daemon started
    daemon.go:283: [d02c71099712c] exiting daemon
=== RUN   TestSecretList
--- PASS: TestSecretList (2.04s)
    daemon.go:296: [de2a19b1d7719] waiting for daemon to start
    daemon.go:328: [de2a19b1d7719] daemon started
    daemon.go:283: [de2a19b1d7719] exiting daemon
=== RUN   TestSecretsCreateAndDelete
--- PASS: TestSecretsCreateAndDelete (2.06s)
    daemon.go:296: [d01c456d1df35] waiting for daemon to start
    daemon.go:328: [d01c456d1df35] daemon started
    daemon.go:283: [d01c456d1df35] exiting daemon
=== RUN   TestSecretsUpdate
--- PASS: TestSecretsUpdate (2.02s)
    daemon.go:296: [dd72e6ae43592] waiting for daemon to start
    daemon.go:328: [dd72e6ae43592] daemon started
    daemon.go:283: [dd72e6ae43592] exiting daemon
=== RUN   TestTemplatedSecret
--- PASS: TestTemplatedSecret (2.53s)
    daemon.go:296: [df7293992ce41] waiting for daemon to start
    daemon.go:328: [df7293992ce41] daemon started
    daemon.go:283: [df7293992ce41] exiting daemon
=== RUN   TestSecretCreateResolve
--- PASS: TestSecretCreateResolve (2.04s)
    daemon.go:296: [d8975a21272eb] waiting for daemon to start
    daemon.go:328: [d8975a21272eb] daemon started
    daemon.go:283: [d8975a21272eb] exiting daemon
PASS
Running /go/src/github.com/docker/docker/integration/session
INFO: Testing against a local daemon
=== RUN   TestSessionCreate
--- PASS: TestSessionCreate (0.01s)
=== RUN   TestSessionCreateWithBadUpgrade
--- PASS: TestSessionCreateWithBadUpgrade (0.00s)
PASS
Running /go/src/github.com/docker/docker/integration/container
INFO: Testing against a local daemon
=== RUN   TestContainerInvalidJSON
=== RUN   TestContainerInvalidJSON//containers/foobar/copy
=== PAUSE TestContainerInvalidJSON//containers/foobar/copy
=== RUN   TestContainerInvalidJSON//containers/foobar/exec
=== PAUSE TestContainerInvalidJSON//containers/foobar/exec
=== RUN   TestContainerInvalidJSON//exec/foobar/start
=== PAUSE TestContainerInvalidJSON//exec/foobar/start
=== CONT  TestContainerInvalidJSON//containers/foobar/copy
=== CONT  TestContainerInvalidJSON//exec/foobar/start
=== CONT  TestContainerInvalidJSON//containers/foobar/exec
--- PASS: TestContainerInvalidJSON (0.01s)
    --- PASS: TestContainerInvalidJSON//containers/foobar/copy (0.00s)
    --- PASS: TestContainerInvalidJSON//exec/foobar/start (0.00s)
    --- PASS: TestContainerInvalidJSON//containers/foobar/exec (0.00s)
=== RUN   TestCopyFromContainerPathDoesNotExist
--- PASS: TestCopyFromContainerPathDoesNotExist (0.07s)
=== RUN   TestCopyFromContainerPathIsNotDir
--- PASS: TestCopyFromContainerPathIsNotDir (0.07s)
=== RUN   TestCopyToContainerPathDoesNotExist
--- PASS: TestCopyToContainerPathDoesNotExist (0.07s)
=== RUN   TestCopyToContainerPathIsNotDir
--- PASS: TestCopyToContainerPathIsNotDir (0.06s)
=== RUN   TestCreateFailsWhenIdentifierDoesNotExist
=== RUN   TestCreateFailsWhenIdentifierDoesNotExist/image_and_tag
=== PAUSE TestCreateFailsWhenIdentifierDoesNotExist/image_and_tag
=== RUN   TestCreateFailsWhenIdentifierDoesNotExist/image_no_tag
=== PAUSE TestCreateFailsWhenIdentifierDoesNotExist/image_no_tag
=== RUN   TestCreateFailsWhenIdentifierDoesNotExist/digest
=== PAUSE TestCreateFailsWhenIdentifierDoesNotExist/digest
=== CONT  TestCreateFailsWhenIdentifierDoesNotExist/image_and_tag
=== CONT  TestCreateFailsWhenIdentifierDoesNotExist/digest
=== CONT  TestCreateFailsWhenIdentifierDoesNotExist/image_no_tag
--- PASS: TestCreateFailsWhenIdentifierDoesNotExist (0.01s)
    --- PASS: TestCreateFailsWhenIdentifierDoesNotExist/digest (0.00s)
    --- PASS: TestCreateFailsWhenIdentifierDoesNotExist/image_and_tag (0.00s)
    --- PASS: TestCreateFailsWhenIdentifierDoesNotExist/image_no_tag (0.00s)
=== RUN   TestCreateWithInvalidEnv
=== RUN   TestCreateWithInvalidEnv/0
=== PAUSE TestCreateWithInvalidEnv/0
=== RUN   TestCreateWithInvalidEnv/1
=== PAUSE TestCreateWithInvalidEnv/1
=== RUN   TestCreateWithInvalidEnv/2
=== PAUSE TestCreateWithInvalidEnv/2
=== CONT  TestCreateWithInvalidEnv/0
=== CONT  TestCreateWithInvalidEnv/2
=== CONT  TestCreateWithInvalidEnv/1
--- PASS: TestCreateWithInvalidEnv (0.01s)
    --- PASS: TestCreateWithInvalidEnv/2 (0.00s)
    --- PASS: TestCreateWithInvalidEnv/0 (0.00s)
    --- PASS: TestCreateWithInvalidEnv/1 (0.00s)
=== RUN   TestCreateTmpfsMountsTarget
--- PASS: TestCreateTmpfsMountsTarget (0.01s)
=== RUN   TestCreateWithCustomMaskedPaths
--- PASS: TestCreateWithCustomMaskedPaths (1.50s)
=== RUN   TestCreateWithCustomReadonlyPaths
--- PASS: TestCreateWithCustomReadonlyPaths (1.53s)
=== RUN   TestCreateWithInvalidHealthcheckParams
=== RUN   TestCreateWithInvalidHealthcheckParams/test_invalid_Interval_in_Healthcheck:_less_than_0s
=== PAUSE TestCreateWithInvalidHealthcheckParams/test_invalid_Interval_in_Healthcheck:_less_than_0s
=== RUN   TestCreateWithInvalidHealthcheckParams/test_invalid_Interval_in_Healthcheck:_larger_than_0s_but_less_than_1ms
=== PAUSE TestCreateWithInvalidHealthcheckParams/test_invalid_Interval_in_Healthcheck:_larger_than_0s_but_less_than_1ms
=== RUN   TestCreateWithInvalidHealthcheckParams/test_invalid_Timeout_in_Healthcheck:_less_than_1ms
=== PAUSE TestCreateWithInvalidHealthcheckParams/test_invalid_Timeout_in_Healthcheck:_less_than_1ms
=== RUN   TestCreateWithInvalidHealthcheckParams/test_invalid_Retries_in_Healthcheck:_less_than_0
=== PAUSE TestCreateWithInvalidHealthcheckParams/test_invalid_Retries_in_Healthcheck:_less_than_0
=== RUN   TestCreateWithInvalidHealthcheckParams/test_invalid_StartPeriod_in_Healthcheck:_not_0_and_less_than_1ms
=== PAUSE TestCreateWithInvalidHealthcheckParams/test_invalid_StartPeriod_in_Healthcheck:_not_0_and_less_than_1ms
=== CONT  TestCreateWithInvalidHealthcheckParams/test_invalid_Interval_in_Healthcheck:_less_than_0s
=== CONT  TestCreateWithInvalidHealthcheckParams/test_invalid_Retries_in_Healthcheck:_less_than_0
=== CONT  TestCreateWithInvalidHealthcheckParams/test_invalid_StartPeriod_in_Healthcheck:_not_0_and_less_than_1ms
=== CONT  TestCreateWithInvalidHealthcheckParams/test_invalid_Timeout_in_Healthcheck:_less_than_1ms
=== CONT  TestCreateWithInvalidHealthcheckParams/test_invalid_Interval_in_Healthcheck:_larger_than_0s_but_less_than_1ms
--- PASS: TestCreateWithInvalidHealthcheckParams (0.01s)
    --- PASS: TestCreateWithInvalidHealthcheckParams/test_invalid_Retries_in_Healthcheck:_less_than_0 (0.00s)
    --- PASS: TestCreateWithInvalidHealthcheckParams/test_invalid_Interval_in_Healthcheck:_less_than_0s (0.00s)
    --- PASS: TestCreateWithInvalidHealthcheckParams/test_invalid_Timeout_in_Healthcheck:_less_than_1ms (0.00s)
    --- PASS: TestCreateWithInvalidHealthcheckParams/test_invalid_StartPeriod_in_Healthcheck:_not_0_and_less_than_1ms (0.01s)
    --- PASS: TestCreateWithInvalidHealthcheckParams/test_invalid_Interval_in_Healthcheck:_larger_than_0s_but_less_than_1ms (0.01s)
=== RUN   TestContainerStartOnDaemonRestart
=== PAUSE TestContainerStartOnDaemonRestart
=== RUN   TestDiff
--- PASS: TestDiff (0.53s)
=== RUN   TestExecWithCloseStdin
--- PASS: TestExecWithCloseStdin (0.63s)
=== RUN   TestExec
--- PASS: TestExec (0.62s)
=== RUN   TestExportContainerAndImportImage
--- PASS: TestExportContainerAndImportImage (0.66s)
=== RUN   TestExportContainerAfterDaemonRestart
--- PASS: TestExportContainerAfterDaemonRestart (1.28s)
    daemon.go:296: [d2021ce477785] waiting for daemon to start
    daemon.go:328: [d2021ce477785] daemon started
    daemon.go:283: [d2021ce477785] exiting daemon
    daemon.go:296: [d2021ce477785] waiting for daemon to start
    daemon.go:328: [d2021ce477785] daemon started
    daemon.go:283: [d2021ce477785] exiting daemon
=== RUN   TestHealthCheckWorkdir
--- PASS: TestHealthCheckWorkdir (0.75s)
=== RUN   TestInspectCpusetInConfigPre120
--- PASS: TestInspectCpusetInConfigPre120 (0.54s)
=== RUN   TestIpcModeNone
--- PASS: TestIpcModeNone (0.60s)
=== RUN   TestIpcModePrivate
--- PASS: TestIpcModePrivate (0.61s)
    ipcmode_test.go:88: [testIpcPrivateShareable] ipcmode: private, ipcdev: 0:56, shared: false, mustBeShared: false
=== RUN   TestIpcModeShareable
--- PASS: TestIpcModeShareable (0.64s)
    ipcmode_test.go:88: [testIpcPrivateShareable] ipcmode: shareable, ipcdev: 0:50, shared: true, mustBeShared: true
=== RUN   TestAPIIpcModeShareableAndContainer
--- PASS: TestAPIIpcModeShareableAndContainer (1.84s)
=== RUN   TestAPIIpcModeHost
--- PASS: TestAPIIpcModeHost (0.52s)
=== RUN   TestDaemonIpcModeShareable
--- PASS: TestDaemonIpcModeShareable (1.37s)
    daemon.go:296: [df30e17674248] waiting for daemon to start
    daemon.go:328: [df30e17674248] daemon started
    ipcmode_test.go:256: [testDaemonIpcPrivateShareable] ipcdev: 0:58, shared: true, mustBeShared: true
    daemon.go:283: [df30e17674248] exiting daemon
=== RUN   TestDaemonIpcModePrivate
--- PASS: TestDaemonIpcModePrivate (1.32s)
    daemon.go:296: [d9862ba482937] waiting for daemon to start
    daemon.go:328: [d9862ba482937] daemon started
    ipcmode_test.go:256: [testDaemonIpcPrivateShareable] ipcdev: 0:64, shared: false, mustBeShared: false
    daemon.go:283: [d9862ba482937] exiting daemon
=== RUN   TestDaemonIpcModePrivateFromConfig
--- PASS: TestDaemonIpcModePrivateFromConfig (1.32s)
    daemon.go:296: [d4f6ce3bf6237] waiting for daemon to start
    daemon.go:328: [d4f6ce3bf6237] daemon started
    ipcmode_test.go:256: [testDaemonIpcPrivateShareable] ipcdev: 0:64, shared: false, mustBeShared: false
    daemon.go:283: [d4f6ce3bf6237] exiting daemon
=== RUN   TestDaemonIpcModeShareableFromConfig
--- PASS: TestDaemonIpcModeShareableFromConfig (1.30s)
    daemon.go:296: [dfa9ead6a0ab6] waiting for daemon to start
    daemon.go:328: [dfa9ead6a0ab6] daemon started
    ipcmode_test.go:256: [testDaemonIpcPrivateShareable] ipcdev: 0:58, shared: true, mustBeShared: true
    daemon.go:283: [dfa9ead6a0ab6] exiting daemon
=== RUN   TestKillContainerInvalidSignal
--- PASS: TestKillContainerInvalidSignal (0.57s)
=== RUN   TestKillContainer
=== RUN   TestKillContainer/no_signal
=== RUN   TestKillContainer/non_killing_signal
=== RUN   TestKillContainer/killing_signal
--- PASS: TestKillContainer (1.60s)
    --- PASS: TestKillContainer/no_signal (0.48s)
    --- PASS: TestKillContainer/non_killing_signal (0.36s)
    --- PASS: TestKillContainer/killing_signal (0.53s)
=== RUN   TestKillWithStopSignalAndRestartPolicies
=== RUN   TestKillWithStopSignalAndRestartPolicies/same-signal-disables-restart-policy
=== RUN   TestKillWithStopSignalAndRestartPolicies/different-signal-keep-restart-policy
--- PASS: TestKillWithStopSignalAndRestartPolicies (1.05s)
    --- PASS: TestKillWithStopSignalAndRestartPolicies/same-signal-disables-restart-policy (0.52s)
    --- PASS: TestKillWithStopSignalAndRestartPolicies/different-signal-keep-restart-policy (0.33s)
=== RUN   TestKillStoppedContainer
--- PASS: TestKillStoppedContainer (0.07s)
=== RUN   TestKillStoppedContainerAPIPre120
--- PASS: TestKillStoppedContainerAPIPre120 (0.07s)
=== RUN   TestKillDifferentUserContainer
--- PASS: TestKillDifferentUserContainer (0.53s)
=== RUN   TestInspectOomKilledTrue
--- SKIP: TestInspectOomKilledTrue (0.00s)
    kill_test.go:153: testEnv.DaemonInfo.OSType == "windows" || !testEnv.DaemonInfo.MemoryLimit || !testEnv.DaemonInfo.SwapLimit
=== RUN   TestInspectOomKilledFalse
--- SKIP: TestInspectOomKilledFalse (0.00s)
    kill_test.go:171: testEnv.DaemonInfo.OSType == "windows" || !testEnv.DaemonInfo.MemoryLimit || !testEnv.DaemonInfo.SwapLimit
=== RUN   TestLinksEtcHostsContentMatch
--- PASS: TestLinksEtcHostsContentMatch (0.51s)
=== RUN   TestLinksContainerNames
--- PASS: TestLinksContainerNames (1.09s)
=== RUN   TestLogsFollowTailEmpty
--- PASS: TestLogsFollowTailEmpty (0.53s)
=== RUN   TestContainerNetworkMountsNoChown
--- PASS: TestContainerNetworkMountsNoChown (0.56s)
=== RUN   TestMountDaemonRoot
=== PAUSE TestMountDaemonRoot
=== RUN   TestContainerBindMountNonRecursive
--- PASS: TestContainerBindMountNonRecursive (1.61s)
=== RUN   TestNetworkNat
--- PASS: TestNetworkNat (0.55s)
=== RUN   TestNetworkLocalhostTCPNat
--- PASS: TestNetworkLocalhostTCPNat (0.54s)
=== RUN   TestNetworkLoopbackNat
--- PASS: TestNetworkLoopbackNat (0.77s)
=== RUN   TestPause
--- PASS: TestPause (0.56s)
=== RUN   TestPauseFailsOnWindowsServerContainers
--- SKIP: TestPauseFailsOnWindowsServerContainers (0.00s)
    pause_test.go:54: testEnv.DaemonInfo.OSType != "windows" || testEnv.DaemonInfo.Isolation != "process"
=== RUN   TestPauseStopPausedContainer
--- PASS: TestPauseStopPausedContainer (0.57s)
=== RUN   TestPsFilter
--- PASS: TestPsFilter (0.19s)
=== RUN   TestRemoveContainerWithRemovedVolume
--- PASS: TestRemoveContainerWithRemovedVolume (0.52s)
=== RUN   TestRemoveContainerWithVolume
--- PASS: TestRemoveContainerWithVolume (0.53s)
=== RUN   TestRemoveContainerRunning
--- PASS: TestRemoveContainerRunning (0.55s)
=== RUN   TestRemoveContainerForceRemoveRunning
--- PASS: TestRemoveContainerForceRemoveRunning (0.52s)
=== RUN   TestRemoveInvalidContainer
--- PASS: TestRemoveInvalidContainer (0.01s)
=== RUN   TestRenameLinkedContainer
--- PASS: TestRenameLinkedContainer (2.12s)
=== RUN   TestRenameStoppedContainer
--- PASS: TestRenameStoppedContainer (0.54s)
=== RUN   TestRenameRunningContainerAndReuse
--- PASS: TestRenameRunningContainerAndReuse (1.04s)
=== RUN   TestRenameInvalidName
--- PASS: TestRenameInvalidName (0.53s)
=== RUN   TestRenameAnonymousContainer
--- PASS: TestRenameAnonymousContainer (1.79s)
=== RUN   TestRenameContainerWithSameName
--- PASS: TestRenameContainerWithSameName (0.51s)
=== RUN   TestRenameContainerWithLinkedContainer
--- PASS: TestRenameContainerWithLinkedContainer (1.04s)
=== RUN   TestResize
--- PASS: TestResize (0.53s)
=== RUN   TestResizeWithInvalidSize
--- PASS: TestResizeWithInvalidSize (0.54s)
=== RUN   TestResizeWhenContainerNotStarted
--- PASS: TestResizeWhenContainerNotStarted (0.49s)
=== RUN   TestDaemonRestartKillContainers
=== RUN   TestDaemonRestartKillContainers/live-restore=false/container_without_restart_policy/kill-daemon
=== PAUSE TestDaemonRestartKillContainers/live-restore=false/container_without_restart_policy/kill-daemon
=== RUN   TestDaemonRestartKillContainers/live-restore=false/container_without_restart_policy/stop-daemon
=== PAUSE TestDaemonRestartKillContainers/live-restore=false/container_without_restart_policy/stop-daemon
=== RUN   TestDaemonRestartKillContainers/live-restore=true/container_without_restart_policy/kill-daemon
=== PAUSE TestDaemonRestartKillContainers/live-restore=true/container_without_restart_policy/kill-daemon
=== RUN   TestDaemonRestartKillContainers/live-restore=true/container_without_restart_policy/stop-daemon
=== PAUSE TestDaemonRestartKillContainers/live-restore=true/container_without_restart_policy/stop-daemon
=== RUN   TestDaemonRestartKillContainers/live-restore=false/container_with_restart=always/kill-daemon
=== PAUSE TestDaemonRestartKillContainers/live-restore=false/container_with_restart=always/kill-daemon
=== RUN   TestDaemonRestartKillContainers/live-restore=false/container_with_restart=always/stop-daemon
=== PAUSE TestDaemonRestartKillContainers/live-restore=false/container_with_restart=always/stop-daemon
=== RUN   TestDaemonRestartKillContainers/live-restore=true/container_with_restart=always/kill-daemon
=== PAUSE TestDaemonRestartKillContainers/live-restore=true/container_with_restart=always/kill-daemon
=== RUN   TestDaemonRestartKillContainers/live-restore=true/container_with_restart=always/stop-daemon
=== PAUSE TestDaemonRestartKillContainers/live-restore=true/container_with_restart=always/stop-daemon
=== RUN   TestDaemonRestartKillContainers/live-restore=false/container_created_should_not_be_restarted/kill-daemon
=== PAUSE TestDaemonRestartKillContainers/live-restore=false/container_created_should_not_be_restarted/kill-daemon
=== RUN   TestDaemonRestartKillContainers/live-restore=false/container_created_should_not_be_restarted/stop-daemon
=== PAUSE TestDaemonRestartKillContainers/live-restore=false/container_created_should_not_be_restarted/stop-daemon
=== RUN   TestDaemonRestartKillContainers/live-restore=true/container_created_should_not_be_restarted/kill-daemon
=== PAUSE TestDaemonRestartKillContainers/live-restore=true/container_created_should_not_be_restarted/kill-daemon
=== RUN   TestDaemonRestartKillContainers/live-restore=true/container_created_should_not_be_restarted/stop-daemon
=== PAUSE TestDaemonRestartKillContainers/live-restore=true/container_created_should_not_be_restarted/stop-daemon
=== CONT  TestDaemonRestartKillContainers/live-restore=false/container_without_restart_policy/kill-daemon
=== CONT  TestDaemonRestartKillContainers/live-restore=true/container_with_restart=always/kill-daemon
=== CONT  TestDaemonRestartKillContainers/live-restore=true/container_created_should_not_be_restarted/stop-daemon
=== CONT  TestDaemonRestartKillContainers/live-restore=true/container_created_should_not_be_restarted/kill-daemon
=== CONT  TestDaemonRestartKillContainers/live-restore=false/container_created_should_not_be_restarted/stop-daemon
=== CONT  TestDaemonRestartKillContainers/live-restore=false/container_created_should_not_be_restarted/kill-daemon
=== CONT  TestDaemonRestartKillContainers/live-restore=true/container_with_restart=always/stop-daemon
=== CONT  TestDaemonRestartKillContainers/live-restore=true/container_without_restart_policy/stop-daemon
=== CONT  TestDaemonRestartKillContainers/live-restore=false/container_with_restart=always/stop-daemon
=== CONT  TestDaemonRestartKillContainers/live-restore=false/container_with_restart=always/kill-daemon
=== CONT  TestDaemonRestartKillContainers/live-restore=true/container_without_restart_policy/kill-daemon
=== CONT  TestDaemonRestartKillContainers/live-restore=false/container_without_restart_policy/stop-daemon
--- PASS: TestDaemonRestartKillContainers (0.00s)
    --- PASS: TestDaemonRestartKillContainers/live-restore=true/container_with_restart=always/kill-daemon (1.81s)
        daemon.go:296: [d334c1176297a] waiting for daemon to start
        daemon.go:328: [d334c1176297a] daemon started
        daemon.go:296: [d334c1176297a] waiting for daemon to start
        daemon.go:328: [d334c1176297a] daemon started
        daemon.go:283: [d334c1176297a] exiting daemon
    --- PASS: TestDaemonRestartKillContainers/live-restore=false/container_without_restart_policy/kill-daemon (2.27s)
        daemon.go:296: [d9b05ea4a3d32] waiting for daemon to start
        daemon.go:328: [d9b05ea4a3d32] daemon started
        daemon.go:296: [d9b05ea4a3d32] waiting for daemon to start
        daemon.go:328: [d9b05ea4a3d32] daemon started
        daemon.go:283: [d9b05ea4a3d32] exiting daemon
    --- PASS: TestDaemonRestartKillContainers/live-restore=true/container_created_should_not_be_restarted/stop-daemon (1.34s)
        daemon.go:296: [d711be9282957] waiting for daemon to start
        daemon.go:328: [d711be9282957] daemon started
        daemon.go:283: [d711be9282957] exiting daemon
        daemon.go:296: [d711be9282957] waiting for daemon to start
        daemon.go:328: [d711be9282957] daemon started
        daemon.go:283: [d711be9282957] exiting daemon
    --- PASS: TestDaemonRestartKillContainers/live-restore=true/container_created_should_not_be_restarted/kill-daemon (1.28s)
        daemon.go:296: [d14a8cf049bc3] waiting for daemon to start
        daemon.go:328: [d14a8cf049bc3] daemon started
        daemon.go:296: [d14a8cf049bc3] waiting for daemon to start
        daemon.go:328: [d14a8cf049bc3] daemon started
        daemon.go:283: [d14a8cf049bc3] exiting daemon
    --- PASS: TestDaemonRestartKillContainers/live-restore=false/container_created_should_not_be_restarted/stop-daemon (1.32s)
        daemon.go:296: [d31f77f261260] waiting for daemon to start
        daemon.go:328: [d31f77f261260] daemon started
        daemon.go:283: [d31f77f261260] exiting daemon
        daemon.go:296: [d31f77f261260] waiting for daemon to start
        daemon.go:328: [d31f77f261260] daemon started
        daemon.go:283: [d31f77f261260] exiting daemon
    --- PASS: TestDaemonRestartKillContainers/live-restore=false/container_created_should_not_be_restarted/kill-daemon (1.30s)
        daemon.go:296: [d6b8307c6a50c] waiting for daemon to start
        daemon.go:328: [d6b8307c6a50c] daemon started
        daemon.go:296: [d6b8307c6a50c] waiting for daemon to start
        daemon.go:328: [d6b8307c6a50c] daemon started
        daemon.go:283: [d6b8307c6a50c] exiting daemon
    --- PASS: TestDaemonRestartKillContainers/live-restore=true/container_with_restart=always/stop-daemon (1.81s)
        daemon.go:296: [d3dc35ee4bd64] waiting for daemon to start
        daemon.go:328: [d3dc35ee4bd64] daemon started
        daemon.go:283: [d3dc35ee4bd64] exiting daemon
        daemon.go:296: [d3dc35ee4bd64] waiting for daemon to start
        daemon.go:328: [d3dc35ee4bd64] daemon started
        daemon.go:283: [d3dc35ee4bd64] exiting daemon
    --- PASS: TestDaemonRestartKillContainers/live-restore=true/container_without_restart_policy/stop-daemon (1.82s)
        daemon.go:296: [d4b76ac452940] waiting for daemon to start
        daemon.go:328: [d4b76ac452940] daemon started
        daemon.go:283: [d4b76ac452940] exiting daemon
        daemon.go:296: [d4b76ac452940] waiting for daemon to start
        daemon.go:328: [d4b76ac452940] daemon started
        daemon.go:283: [d4b76ac452940] exiting daemon
    --- PASS: TestDaemonRestartKillContainers/live-restore=false/container_with_restart=always/stop-daemon (2.14s)
        daemon.go:296: [d557a0313d8ea] waiting for daemon to start
        daemon.go:328: [d557a0313d8ea] daemon started
        daemon.go:283: [d557a0313d8ea] exiting daemon
        daemon.go:296: [d557a0313d8ea] waiting for daemon to start
        daemon.go:328: [d557a0313d8ea] daemon started
        daemon.go:283: [d557a0313d8ea] exiting daemon
    --- PASS: TestDaemonRestartKillContainers/live-restore=false/container_with_restart=always/kill-daemon (2.38s)
        daemon.go:296: [df6f05d4aad90] waiting for daemon to start
        daemon.go:328: [df6f05d4aad90] daemon started
        daemon.go:296: [df6f05d4aad90] waiting for daemon to start
        daemon.go:328: [df6f05d4aad90] daemon started
        daemon.go:283: [df6f05d4aad90] exiting daemon
    --- PASS: TestDaemonRestartKillContainers/live-restore=true/container_without_restart_policy/kill-daemon (1.86s)
        daemon.go:296: [de800a0e44aa1] waiting for daemon to start
        daemon.go:328: [de800a0e44aa1] daemon started
        daemon.go:296: [de800a0e44aa1] waiting for daemon to start
        daemon.go:328: [de800a0e44aa1] daemon started
        daemon.go:283: [de800a0e44aa1] exiting daemon
    --- PASS: TestDaemonRestartKillContainers/live-restore=false/container_without_restart_policy/stop-daemon (1.85s)
        daemon.go:296: [d85022faa30e2] waiting for daemon to start
        daemon.go:328: [d85022faa30e2] daemon started
        daemon.go:283: [d85022faa30e2] exiting daemon
        daemon.go:296: [d85022faa30e2] waiting for daemon to start
        daemon.go:328: [d85022faa30e2] daemon started
        daemon.go:283: [d85022faa30e2] exiting daemon
=== RUN   TestKernelTCPMemory
--- PASS: TestKernelTCPMemory (0.64s)
=== RUN   TestNISDomainname
--- PASS: TestNISDomainname (0.76s)
=== RUN   TestStats
--- PASS: TestStats (1.57s)
=== RUN   TestStopContainerWithTimeout
=== RUN   TestStopContainerWithTimeout/0
=== PAUSE TestStopContainerWithTimeout/0
=== RUN   TestStopContainerWithTimeout/1
=== PAUSE TestStopContainerWithTimeout/1
=== RUN   TestStopContainerWithTimeout/3
=== PAUSE TestStopContainerWithTimeout/3
=== RUN   TestStopContainerWithTimeout/-1
=== PAUSE TestStopContainerWithTimeout/-1
=== CONT  TestStopContainerWithTimeout/0
=== CONT  TestStopContainerWithTimeout/3
=== CONT  TestStopContainerWithTimeout/1
=== CONT  TestStopContainerWithTimeout/-1
--- PASS: TestStopContainerWithTimeout (0.01s)
    --- PASS: TestStopContainerWithTimeout/0 (0.64s)
    --- PASS: TestStopContainerWithTimeout/1 (1.53s)
    --- PASS: TestStopContainerWithTimeout/3 (2.60s)
    --- PASS: TestStopContainerWithTimeout/-1 (2.51s)
=== RUN   TestDeleteDevicemapper
--- SKIP: TestDeleteDevicemapper (0.00s)
    stop_linux_test.go:75: testEnv.DaemonInfo.Driver != "devicemapper"
=== RUN   TestStopContainerWithRestartPolicyAlways
--- PASS: TestStopContainerWithRestartPolicyAlways (1.49s)
=== RUN   TestUpdateMemory
--- SKIP: TestUpdateMemory (0.00s)
    update_linux_test.go:22: !testEnv.DaemonInfo.SwapLimit
=== RUN   TestUpdateCPUQuota
=== PAUSE TestUpdateCPUQuota
=== RUN   TestUpdateRestartPolicy
--- PASS: TestUpdateRestartPolicy (11.38s)
=== RUN   TestUpdateRestartWithAutoRemove
--- PASS: TestUpdateRestartWithAutoRemove (0.54s)
=== RUN   TestWaitNonBlocked
=== RUN   TestWaitNonBlocked/wait-nonblocking-exit-0
=== PAUSE TestWaitNonBlocked/wait-nonblocking-exit-0
=== RUN   TestWaitNonBlocked/wait-nonblocking-exit-random
=== PAUSE TestWaitNonBlocked/wait-nonblocking-exit-random
=== CONT  TestWaitNonBlocked/wait-nonblocking-exit-0
=== CONT  TestWaitNonBlocked/wait-nonblocking-exit-random
--- PASS: TestWaitNonBlocked (0.01s)
    --- PASS: TestWaitNonBlocked/wait-nonblocking-exit-random (0.68s)
    --- PASS: TestWaitNonBlocked/wait-nonblocking-exit-0 (0.71s)
=== RUN   TestWaitBlocked
=== RUN   TestWaitBlocked/test-wait-blocked-exit-zero
=== PAUSE TestWaitBlocked/test-wait-blocked-exit-zero
=== RUN   TestWaitBlocked/test-wait-blocked-exit-random
=== PAUSE TestWaitBlocked/test-wait-blocked-exit-random
=== CONT  TestWaitBlocked/test-wait-blocked-exit-zero
=== CONT  TestWaitBlocked/test-wait-blocked-exit-random
--- PASS: TestWaitBlocked (0.01s)
    --- PASS: TestWaitBlocked/test-wait-blocked-exit-zero (0.82s)
    --- PASS: TestWaitBlocked/test-wait-blocked-exit-random (0.86s)
=== CONT  TestContainerStartOnDaemonRestart
=== CONT  TestUpdateCPUQuota
--- PASS: TestUpdateCPUQuota (1.47s)
=== CONT  TestMountDaemonRoot
=== RUN   TestMountDaemonRoot/default
=== PAUSE TestMountDaemonRoot/default
=== RUN   TestMountDaemonRoot/private
=== PAUSE TestMountDaemonRoot/private
=== RUN   TestMountDaemonRoot/rprivate
=== PAUSE TestMountDaemonRoot/rprivate
=== RUN   TestMountDaemonRoot/slave
=== PAUSE TestMountDaemonRoot/slave
=== RUN   TestMountDaemonRoot/rslave
=== PAUSE TestMountDaemonRoot/rslave
=== RUN   TestMountDaemonRoot/shared
=== PAUSE TestMountDaemonRoot/shared
=== RUN   TestMountDaemonRoot/rshared
=== PAUSE TestMountDaemonRoot/rshared
=== CONT  TestMountDaemonRoot/default
=== RUN   TestMountDaemonRoot/default/bind_root
=== PAUSE TestMountDaemonRoot/default/bind_root
=== RUN   TestMountDaemonRoot/default/bind_subpath
=== PAUSE TestMountDaemonRoot/default/bind_subpath
=== RUN   TestMountDaemonRoot/default/mount_root
=== PAUSE TestMountDaemonRoot/default/mount_root
=== RUN   TestMountDaemonRoot/default/mount_subpath
=== PAUSE TestMountDaemonRoot/default/mount_subpath
=== CONT  TestMountDaemonRoot/default/bind_root
=== CONT  TestMountDaemonRoot/rshared
=== RUN   TestMountDaemonRoot/rshared/bind_root
=== PAUSE TestMountDaemonRoot/rshared/bind_root
=== RUN   TestMountDaemonRoot/rshared/bind_subpath
=== PAUSE TestMountDaemonRoot/rshared/bind_subpath
=== RUN   TestMountDaemonRoot/rshared/mount_root
=== PAUSE TestMountDaemonRoot/rshared/mount_root
=== RUN   TestMountDaemonRoot/rshared/mount_subpath
=== PAUSE TestMountDaemonRoot/rshared/mount_subpath
=== CONT  TestMountDaemonRoot/shared
=== RUN   TestMountDaemonRoot/shared/bind_root
=== PAUSE TestMountDaemonRoot/shared/bind_root
=== RUN   TestMountDaemonRoot/shared/bind_subpath
=== PAUSE TestMountDaemonRoot/shared/bind_subpath
=== RUN   TestMountDaemonRoot/shared/mount_root
=== PAUSE TestMountDaemonRoot/shared/mount_root
=== RUN   TestMountDaemonRoot/shared/mount_subpath
=== PAUSE TestMountDaemonRoot/shared/mount_subpath
=== CONT  TestMountDaemonRoot/rslave
=== RUN   TestMountDaemonRoot/rslave/bind_root
=== PAUSE TestMountDaemonRoot/rslave/bind_root
=== RUN   TestMountDaemonRoot/rslave/bind_subpath
=== PAUSE TestMountDaemonRoot/rslave/bind_subpath
=== RUN   TestMountDaemonRoot/rslave/mount_root
=== PAUSE TestMountDaemonRoot/rslave/mount_root
=== RUN   TestMountDaemonRoot/rslave/mount_subpath
=== PAUSE TestMountDaemonRoot/rslave/mount_subpath
=== CONT  TestMountDaemonRoot/slave
=== RUN   TestMountDaemonRoot/slave/bind_subpath
=== PAUSE TestMountDaemonRoot/slave/bind_subpath
=== RUN   TestMountDaemonRoot/slave/mount_root
=== PAUSE TestMountDaemonRoot/slave/mount_root
=== RUN   TestMountDaemonRoot/slave/mount_subpath
=== PAUSE TestMountDaemonRoot/slave/mount_subpath
=== RUN   TestMountDaemonRoot/slave/bind_root
=== PAUSE TestMountDaemonRoot/slave/bind_root
=== CONT  TestMountDaemonRoot/rprivate
=== RUN   TestMountDaemonRoot/rprivate/bind_root
=== PAUSE TestMountDaemonRoot/rprivate/bind_root
=== RUN   TestMountDaemonRoot/rprivate/bind_subpath
=== PAUSE TestMountDaemonRoot/rprivate/bind_subpath
=== RUN   TestMountDaemonRoot/rprivate/mount_root
=== PAUSE TestMountDaemonRoot/rprivate/mount_root
=== RUN   TestMountDaemonRoot/rprivate/mount_subpath
=== PAUSE TestMountDaemonRoot/rprivate/mount_subpath
=== CONT  TestMountDaemonRoot/private
=== RUN   TestMountDaemonRoot/private/mount_subpath
=== PAUSE TestMountDaemonRoot/private/mount_subpath
=== RUN   TestMountDaemonRoot/private/bind_root
=== PAUSE TestMountDaemonRoot/private/bind_root
=== RUN   TestMountDaemonRoot/private/bind_subpath
=== PAUSE TestMountDaemonRoot/private/bind_subpath
=== RUN   TestMountDaemonRoot/private/mount_root
=== PAUSE TestMountDaemonRoot/private/mount_root
=== CONT  TestMountDaemonRoot/default/mount_subpath
=== CONT  TestMountDaemonRoot/default/mount_root
=== CONT  TestMountDaemonRoot/default/bind_subpath
=== CONT  TestMountDaemonRoot/rshared/bind_root
=== CONT  TestMountDaemonRoot/shared/bind_root
=== CONT  TestMountDaemonRoot/rshared/mount_subpath
=== CONT  TestMountDaemonRoot/rshared/mount_root
=== CONT  TestMountDaemonRoot/rshared/bind_subpath
=== CONT  TestMountDaemonRoot/shared/mount_root
=== CONT  TestMountDaemonRoot/shared/mount_subpath
=== CONT  TestMountDaemonRoot/shared/bind_subpath
=== CONT  TestMountDaemonRoot/rslave/bind_root
=== CONT  TestMountDaemonRoot/slave/bind_subpath
=== CONT  TestMountDaemonRoot/rslave/mount_subpath
--- PASS: TestContainerStartOnDaemonRestart (2.53s)
    daemon.go:296: [dda93dc0ed877] waiting for daemon to start
    daemon.go:328: [dda93dc0ed877] daemon started
    daemon.go:296: [dda93dc0ed877] waiting for daemon to start
    daemon.go:328: [dda93dc0ed877] daemon started
    daemon.go:283: [dda93dc0ed877] exiting daemon
=== CONT  TestMountDaemonRoot/rslave/mount_root
=== CONT  TestMountDaemonRoot/rslave/bind_subpath
=== CONT  TestMountDaemonRoot/slave/mount_subpath
=== CONT  TestMountDaemonRoot/slave/bind_root
=== CONT  TestMountDaemonRoot/slave/mount_root
=== CONT  TestMountDaemonRoot/rprivate/bind_root
=== CONT  TestMountDaemonRoot/rprivate/mount_root
=== CONT  TestMountDaemonRoot/rprivate/mount_subpath
=== CONT  TestMountDaemonRoot/rprivate/bind_subpath
=== CONT  TestMountDaemonRoot/private/mount_subpath
=== CONT  TestMountDaemonRoot/private/bind_subpath
=== CONT  TestMountDaemonRoot/private/mount_root
=== CONT  TestMountDaemonRoot/private/bind_root
--- PASS: TestMountDaemonRoot (0.01s)
    --- PASS: TestMountDaemonRoot/default (0.00s)
        --- PASS: TestMountDaemonRoot/default/bind_root (0.06s)
        --- PASS: TestMountDaemonRoot/default/mount_subpath (0.08s)
        --- PASS: TestMountDaemonRoot/default/mount_root (0.08s)
        --- PASS: TestMountDaemonRoot/default/bind_subpath (0.09s)
    --- PASS: TestMountDaemonRoot/rshared (0.00s)
        --- PASS: TestMountDaemonRoot/rshared/bind_root (0.08s)
        --- PASS: TestMountDaemonRoot/rshared/mount_subpath (0.09s)
        --- PASS: TestMountDaemonRoot/rshared/mount_root (0.06s)
        --- PASS: TestMountDaemonRoot/rshared/bind_subpath (0.08s)
    --- PASS: TestMountDaemonRoot/shared (0.00s)
        --- PASS: TestMountDaemonRoot/shared/bind_root (0.07s)
        --- PASS: TestMountDaemonRoot/shared/mount_root (0.07s)
        --- PASS: TestMountDaemonRoot/shared/mount_subpath (0.06s)
        --- PASS: TestMountDaemonRoot/shared/bind_subpath (0.06s)
    --- PASS: TestMountDaemonRoot/rslave (0.00s)
        --- PASS: TestMountDaemonRoot/rslave/bind_root (0.06s)
        --- PASS: TestMountDaemonRoot/rslave/mount_subpath (0.10s)
        --- PASS: TestMountDaemonRoot/rslave/mount_root (0.11s)
        --- PASS: TestMountDaemonRoot/rslave/bind_subpath (0.09s)
    --- PASS: TestMountDaemonRoot/slave (0.00s)
        --- PASS: TestMountDaemonRoot/slave/bind_subpath (0.06s)
        --- PASS: TestMountDaemonRoot/slave/mount_subpath (0.06s)
        --- PASS: TestMountDaemonRoot/slave/bind_root (0.09s)
        --- PASS: TestMountDaemonRoot/slave/mount_root (0.09s)
    --- PASS: TestMountDaemonRoot/rprivate (0.00s)
        --- PASS: TestMountDaemonRoot/rprivate/bind_root (0.08s)
        --- PASS: TestMountDaemonRoot/rprivate/mount_root (0.08s)
        --- PASS: TestMountDaemonRoot/rprivate/mount_subpath (0.08s)
        --- PASS: TestMountDaemonRoot/rprivate/bind_subpath (0.09s)
    --- PASS: TestMountDaemonRoot/private (0.00s)
        --- PASS: TestMountDaemonRoot/private/mount_subpath (0.09s)
        --- PASS: TestMountDaemonRoot/private/bind_subpath (0.09s)
        --- PASS: TestMountDaemonRoot/private/mount_root (0.08s)
        --- PASS: TestMountDaemonRoot/private/bind_root (0.08s)
PASS
Running /go/src/github.com/docker/docker/integration/build
INFO: Testing against a local daemon
=== RUN   TestBuildWithSession
--- PASS: TestBuildWithSession (4.18s)
    daemon.go:296: [d3a015cd740a7] waiting for daemon to start
    daemon.go:328: [d3a015cd740a7] daemon started
    daemon.go:283: [d3a015cd740a7] exiting daemon
=== RUN   TestBuildSquashParent
--- PASS: TestBuildSquashParent (7.73s)
    daemon.go:296: [d1d6536ec9060] waiting for daemon to start
    daemon.go:328: [d1d6536ec9060] daemon started
    daemon.go:283: [d1d6536ec9060] exiting daemon
=== RUN   TestBuildWithRemoveAndForceRemove
=== PAUSE TestBuildWithRemoveAndForceRemove
=== RUN   TestBuildMultiStageParentConfig
--- PASS: TestBuildMultiStageParentConfig (4.91s)
=== RUN   TestBuildLabelWithTargets
--- PASS: TestBuildLabelWithTargets (8.01s)
=== RUN   TestBuildWithEmptyLayers
--- PASS: TestBuildWithEmptyLayers (2.99s)
=== RUN   TestBuildMultiStageOnBuild
--- PASS: TestBuildMultiStageOnBuild (5.04s)
=== RUN   TestBuildUncleanTarFilenames
--- PASS: TestBuildUncleanTarFilenames (0.71s)
=== RUN   TestBuildMultiStageLayerLeak
--- PASS: TestBuildMultiStageLayerLeak (4.27s)
=== RUN   TestBuildWithHugeFile
--- PASS: TestBuildWithHugeFile (144.94s)
=== CONT  TestBuildWithRemoveAndForceRemove
=== RUN   TestBuildWithRemoveAndForceRemove/successful_build_with_no_removal
=== PAUSE TestBuildWithRemoveAndForceRemove/successful_build_with_no_removal
=== RUN   TestBuildWithRemoveAndForceRemove/successful_build_with_remove
=== PAUSE TestBuildWithRemoveAndForceRemove/successful_build_with_remove
=== RUN   TestBuildWithRemoveAndForceRemove/successful_build_with_remove_and_force_remove
=== PAUSE TestBuildWithRemoveAndForceRemove/successful_build_with_remove_and_force_remove
=== RUN   TestBuildWithRemoveAndForceRemove/failed_build_with_no_removal
=== PAUSE TestBuildWithRemoveAndForceRemove/failed_build_with_no_removal
=== RUN   TestBuildWithRemoveAndForceRemove/failed_build_with_remove
=== PAUSE TestBuildWithRemoveAndForceRemove/failed_build_with_remove
=== RUN   TestBuildWithRemoveAndForceRemove/failed_build_with_remove_and_force_remove
=== PAUSE TestBuildWithRemoveAndForceRemove/failed_build_with_remove_and_force_remove
=== CONT  TestBuildWithRemoveAndForceRemove/successful_build_with_no_removal
=== CONT  TestBuildWithRemoveAndForceRemove/failed_build_with_no_removal
=== CONT  TestBuildWithRemoveAndForceRemove/successful_build_with_remove_and_force_remove
=== CONT  TestBuildWithRemoveAndForceRemove/successful_build_with_remove
=== CONT  TestBuildWithRemoveAndForceRemove/failed_build_with_remove_and_force_remove
=== CONT  TestBuildWithRemoveAndForceRemove/failed_build_with_remove
--- PASS: TestBuildWithRemoveAndForceRemove (0.04s)
    --- PASS: TestBuildWithRemoveAndForceRemove/successful_build_with_no_removal (1.70s)
    --- PASS: TestBuildWithRemoveAndForceRemove/failed_build_with_no_removal (1.81s)
    --- PASS: TestBuildWithRemoveAndForceRemove/successful_build_with_remove (1.82s)
    --- PASS: TestBuildWithRemoveAndForceRemove/successful_build_with_remove_and_force_remove (1.97s)
    --- PASS: TestBuildWithRemoveAndForceRemove/failed_build_with_remove_and_force_remove (2.03s)
    --- PASS: TestBuildWithRemoveAndForceRemove/failed_build_with_remove (2.03s)
PASS
Running /go/src/github.com/docker/docker/integration/volume
INFO: Testing against a local daemon
=== RUN   TestVolumesCreateAndList
--- PASS: TestVolumesCreateAndList (0.04s)
=== RUN   TestVolumesRemove
--- PASS: TestVolumesRemove (0.09s)
=== RUN   TestVolumesInspect
--- PASS: TestVolumesInspect (0.02s)
=== RUN   TestVolumesInvalidJSON
=== RUN   TestVolumesInvalidJSON//volumes/create
=== PAUSE TestVolumesInvalidJSON//volumes/create
=== CONT  TestVolumesInvalidJSON//volumes/create
--- PASS: TestVolumesInvalidJSON (0.01s)
    --- PASS: TestVolumesInvalidJSON//volumes/create (0.00s)
PASS
Running /go/src/github.com/docker/docker/integration/system
INFO: Testing against a local daemon
=== RUN   TestCgroupDriverSystemdMemoryLimit
=== PAUSE TestCgroupDriverSystemdMemoryLimit
=== RUN   TestEventsExecDie
--- PASS: TestEventsExecDie (0.65s)
=== RUN   TestEventsBackwardsCompatible
--- PASS: TestEventsBackwardsCompatible (0.08s)
=== RUN   TestInfoBinaryCommits
--- PASS: TestInfoBinaryCommits (0.01s)
=== RUN   TestInfoAPIVersioned
--- PASS: TestInfoAPIVersioned (0.01s)
=== RUN   TestInfoAPI
--- PASS: TestInfoAPI (0.01s)
=== RUN   TestInfoAPIWarnings
--- PASS: TestInfoAPIWarnings (0.72s)
    daemon.go:296: [d3d211ae343d9] waiting for daemon to start
    daemon.go:328: [d3d211ae343d9] daemon started
    daemon.go:283: [d3d211ae343d9] exiting daemon
=== RUN   TestLoginFailsWithBadCredentials
--- PASS: TestLoginFailsWithBadCredentials (1.34s)
=== RUN   TestVersion
--- PASS: TestVersion (0.00s)
=== CONT  TestCgroupDriverSystemdMemoryLimit
--- SKIP: TestCgroupDriverSystemdMemoryLimit (0.00s)
    cgroupdriver_systemd_test.go:35: systemd not available
PASS
Running /go/src/github.com/docker/docker/integration/image
INFO: Testing against a local daemon
=== RUN   TestCommitInheritsEnv
--- PASS: TestCommitInheritsEnv (1.90s)
=== RUN   TestImportExtremelyLargeImageWorks
--- PASS: TestImportExtremelyLargeImageWorks (123.31s)
=== RUN   TestImagesFilterMultiReference
--- PASS: TestImagesFilterMultiReference (0.07s)
=== RUN   TestRemoveImageOrphaning
--- PASS: TestRemoveImageOrphaning (1.62s)
=== RUN   TestTagUnprefixedRepoByNameOrName
--- PASS: TestTagUnprefixedRepoByNameOrName (0.03s)
=== RUN   TestTagInvalidReference
--- PASS: TestTagInvalidReference (0.02s)
=== RUN   TestTagValidPrefixedRepo
--- PASS: TestTagValidPrefixedRepo (0.05s)
=== RUN   TestTagExistedNameWithoutForce
--- PASS: TestTagExistedNameWithoutForce (0.02s)
=== RUN   TestTagOfficialNames
--- PASS: TestTagOfficialNames (0.05s)
=== RUN   TestTagMatchesDigest
--- PASS: TestTagMatchesDigest (0.03s)
PASS
Running /go/src/github.com/docker/docker/integration-cli
INFO: Testing against a local daemon
PASS: docker_api_test.go:36: DockerSuite.TestAPIClientVersionOldNotSupported	0.004s
PASS: docker_api_network_test.go:239: DockerSuite.TestAPICreateDeletePredefinedNetworks	0.008s
PASS: docker_api_test.go:60: DockerSuite.TestAPIErrorJSON	0.002s
PASS: docker_api_test.go:91: DockerSuite.TestAPIErrorNotFoundJSON	0.001s
PASS: docker_api_test.go:102: DockerSuite.TestAPIErrorNotFoundPlainText	0.001s
PASS: docker_api_test.go:74: DockerSuite.TestAPIErrorPlainText	0.002s
PASS: docker_api_test.go:24: DockerSuite.TestAPIGetEnabledCORS	0.001s
PASS: docker_api_images_test.go:90: DockerSuite.TestAPIImagesDelete	1.380s
PASS: docker_api_images_test.go:22: DockerSuite.TestAPIImagesFilter	0.071s
PASS: docker_api_images_test.go:114: DockerSuite.TestAPIImagesHistory	0.867s
PASS: docker_api_images_test.go:140: DockerSuite.TestAPIImagesImportBadSrc	0.311s
PASS: docker_api_images_test.go:60: DockerSuite.TestAPIImagesSaveAndLoad	0.790s
PASS: docker_api_images_test.go:175: DockerSuite.TestAPIImagesSearchJSONContentType	0.738s
PASS: docker_api_images_test.go:187: DockerSuite.TestAPIImagesSizeCompatibility	0.014s
PASS: docker_api_network_test.go:129: DockerSuite.TestAPINetworkConnectDisconnect	0.613s
PASS: docker_api_network_test.go:29: DockerSuite.TestAPINetworkCreateCheckDuplicate	0.083s
PASS: docker_api_network_test.go:67: DockerSuite.TestAPINetworkFilter	0.003s
PASS: docker_api_network_test.go:20: DockerSuite.TestAPINetworkGetDefaults	0.003s
PASS: docker_api_network_test.go:170: DockerSuite.TestAPINetworkIPAMMultipleBridgeNetworks	0.555s
PASS: docker_api_network_test.go:73: DockerSuite.TestAPINetworkInspectBridge	0.365s
PASS: docker_api_network_test.go:98: DockerSuite.TestAPINetworkInspectUserDefinedNetwork	0.109s
PASS: docker_api_test.go:18: DockerSuite.TestAPIOptionsRoute	0.001s
PASS: docker_api_stats_test.go:263: DockerSuite.TestAPIStatsContainerNotFound	0.001s
PASS: docker_api_stats_test.go:99: DockerSuite.TestAPIStatsNetworkStats	3.993s
PASS: docker_api_stats_test.go:166: DockerSuite.TestAPIStatsNetworkStatsVersioning	1.807s
PASS: docker_api_stats_test.go:277: DockerSuite.TestAPIStatsNoStreamConnectedContainers	1.802s
PASS: docker_api_stats_test.go:25: DockerSuite.TestAPIStatsNoStreamGetCpu	1.689s
PASS: docker_api_stats_test.go:64: DockerSuite.TestAPIStatsStoppedContainerInGoroutines	0.347s
PASS: docker_cli_run_test.go:3181: DockerSuite.TestAppArmorDeniesChmodProc	0.510s
PASS: docker_cli_run_test.go:3159: DockerSuite.TestAppArmorDeniesPtrace	0.526s
PASS: docker_cli_run_test.go:3171: DockerSuite.TestAppArmorTraceSelf	0.518s
PASS: docker_cli_attach_unix_test.go:61: DockerSuite.TestAttachAfterDetach	1.470s
PASS: docker_cli_attach_unix_test.go:18: DockerSuite.TestAttachClosedOnContainerStop	1.512s
PASS: docker_cli_attach_unix_test.go:126: DockerSuite.TestAttachDetach	0.493s
PASS: docker_cli_attach_test.go:135: DockerSuite.TestAttachDisconnect	0.377s
PASS: docker_cli_attach_test.go:20: DockerSuite.TestAttachMultipleAndRestart	1.567s
PASS: docker_cli_attach_test.go:168: DockerSuite.TestAttachPausedContainer	0.402s
PASS: docker_cli_attach_test.go:90: DockerSuite.TestAttachTTYWithoutStdin	0.375s
PASS: docker_api_build_test.go:160: DockerSuite.TestBuildAPIBuildGitWithF	1.060s
PASS: docker_api_build_test.go:26: DockerSuite.TestBuildAPIDockerFileRemote	1.986s
PASS: docker_api_build_test.go:181: DockerSuite.TestBuildAPIDoubleDockerfile	0.993s
PASS: docker_api_build_test.go:142: DockerSuite.TestBuildAPILowerDockerfile	0.990s
PASS: docker_api_build_test.go:57: DockerSuite.TestBuildAPIRemoteTarballContext	0.003s
PASS: docker_api_build_test.go:88: DockerSuite.TestBuildAPIRemoteTarballContextWithCustomDockerfile	0.974s
PASS: docker_api_build_test.go:203: DockerSuite.TestBuildAPIUnnormalizedTarPaths	1.977s
PASS: docker_cli_build_test.go:573: DockerSuite.TestBuildAddAndCopyFileWithWhitespace	28.048s
PASS: docker_cli_build_test.go:926: DockerSuite.TestBuildAddBadLinks	0.922s
PASS: docker_cli_build_test.go:1006: DockerSuite.TestBuildAddBadLinksVolume	2.988s
PASS: docker_cli_build_test.go:2885: DockerSuite.TestBuildAddBrokenTar	0.158s
PASS: docker_api_build_test.go:479: DockerSuite.TestBuildAddCacheOnFileChange	1.807s
PASS: docker_cli_build_unix_test.go:87: DockerSuite.TestBuildAddChangeOwnership	2.990s
PASS: docker_cli_build_test.go:1863: DockerSuite.TestBuildAddCurrentDirWithCache	2.689s
PASS: docker_cli_build_test.go:1910: DockerSuite.TestBuildAddCurrentDirWithoutCache	1.407s
PASS: docker_cli_build_test.go:751: DockerSuite.TestBuildAddDirContentToExistingDir	8.836s
PASS: docker_cli_build_test.go:737: DockerSuite.TestBuildAddDirContentToRoot	4.978s
PASS: docker_cli_build_test.go:2189: DockerSuite.TestBuildAddFileNotFound	0.077s
PASS: docker_cli_build_test.go:1997: DockerSuite.TestBuildAddLocalAndRemoteFilesWithAndWithoutCache	3.904s
PASS: docker_cli_build_test.go:1807: DockerSuite.TestBuildAddMultipleLocalFileWithAndWithoutCache	6.978s
PASS: docker_cli_build_test.go:2936: DockerSuite.TestBuildAddNonTar	1.955s
PASS: docker_cli_build_test.go:785: DockerSuite.TestBuildAddOrCopyEtcToRootShouldNotConflict	0.447s
PASS: docker_cli_build_test.go:797: DockerSuite.TestBuildAddPreservesFilesSpecialBits	4.481s
PASS: docker_cli_build_test.go:1954: DockerSuite.TestBuildAddRemoteFileMTime	3.331s
PASS: docker_cli_build_test.go:1929: DockerSuite.TestBuildAddRemoteFileWithAndWithoutCache	0.761s
PASS: docker_api_build_test.go:364: DockerSuite.TestBuildAddRemoteNoDecompress	1.821s
PASS: docker_cli_build_test.go:2815: DockerSuite.TestBuildAddScript	3.998s
PASS: docker_cli_build_test.go:505: DockerSuite.TestBuildAddSingleFileToExistDir	8.968s
PASS: docker_cli_build_test.go:722: DockerSuite.TestBuildAddSingleFileToNonExistingDir	5.981s
PASS: docker_cli_build_test.go:466: DockerSuite.TestBuildAddSingleFileToRoot	3.971s
PASS: docker_cli_build_test.go:482: DockerSuite.TestBuildAddSingleFileToWorkdir	0.984s
PASS: docker_cli_build_test.go:2831: DockerSuite.TestBuildAddTar	12.962s
PASS: docker_cli_build_test.go:2949: DockerSuite.TestBuildAddTarXz	1.967s
PASS: docker_cli_build_test.go:2998: DockerSuite.TestBuildAddTarXzGz	1.971s
PASS: docker_cli_build_test.go:2245: DockerSuite.TestBuildAddToSymlinkDest	4.961s
PASS: docker_cli_build_test.go:767: DockerSuite.TestBuildAddWholeDirToRoot	7.973s
PASS: docker_cli_build_test.go:1440: DockerSuite.TestBuildBlankName	0.219s
PASS: docker_cli_build_test.go:4089: DockerSuite.TestBuildBuildTimeArg	3.247s
PASS: docker_cli_build_test.go:4461: DockerSuite.TestBuildBuildTimeArgBuiltinArg	2.962s
PASS: docker_cli_build_test.go:4183: DockerSuite.TestBuildBuildTimeArgCacheHit	1.562s
PASS: docker_cli_build_test.go:4207: DockerSuite.TestBuildBuildTimeArgCacheMissExtraArg	2.872s
PASS: docker_cli_build_test.go:4238: DockerSuite.TestBuildBuildTimeArgCacheMissSameArgDiffVal	1.976s
PASS: docker_cli_build_test.go:4484: DockerSuite.TestBuildBuildTimeArgDefaultOverride	4.463s
PASS: docker_cli_build_test.go:4623: DockerSuite.TestBuildBuildTimeArgDefinitionWithNoEnvInjection	1.455s
PASS: docker_cli_build_test.go:4607: DockerSuite.TestBuildBuildTimeArgEmptyValVariants	5.977s
PASS: docker_cli_build_test.go:4526: DockerSuite.TestBuildBuildTimeArgEnv	17.980s
PASS: docker_cli_build_test.go:4319: DockerSuite.TestBuildBuildTimeArgExpansion	14.046s
PASS: docker_cli_build_test.go:4409: DockerSuite.TestBuildBuildTimeArgExpansionOverride	5.419s
PASS: docker_cli_build_test.go:4122: DockerSuite.TestBuildBuildTimeArgHistory	0.471s
PASS: docker_cli_build_test.go:4263: DockerSuite.TestBuildBuildTimeArgOverrideArgDefinedBeforeEnv	2.476s
PASS: docker_cli_build_test.go:4292: DockerSuite.TestBuildBuildTimeArgOverrideEnvDefinedBeforeArg	3.977s
PASS: docker_cli_build_test.go:4586: DockerSuite.TestBuildBuildTimeArgQuotedValVariants	8.445s
PASS: docker_cli_build_test.go:4510: DockerSuite.TestBuildBuildTimeArgUnconsumedArg	1.981s
PASS: docker_cli_build_test.go:4437: DockerSuite.TestBuildBuildTimeArgUntrustedDefinedAfterUse	2.482s
PASS: docker_cli_build_test.go:371: DockerSuite.TestBuildCacheAdd	0.483s
PASS: docker_cli_build_test.go:4760: DockerSuite.TestBuildCacheBrokenSymlink	1.947s
PASS: docker_cli_build_test.go:5411: DockerSuite.TestBuildCacheFrom	8.016s
PASS: docker_cli_build_test.go:5389: DockerSuite.TestBuildCacheFromEqualDiffIDsLength	2.045s
PASS: docker_cli_build_test.go:4872: DockerSuite.TestBuildCacheRootSource	1.850s
PASS: docker_cli_build_unix_test.go:133: DockerSuite.TestBuildCancellationKillsSleep	0.481s
PASS: docker_api_build_test.go:408: DockerSuite.TestBuildChownOnCopy	7.378s
PASS: docker_cli_build_test.go:3574: DockerSuite.TestBuildChownSingleFile	2.990s
PASS: docker_cli_build_test.go:3137: DockerSuite.TestBuildCleanupCmdOnEntrypoint	2.999s
PASS: docker_cli_build_test.go:3156: DockerSuite.TestBuildClearCmd	1.970s
PASS: docker_cli_build_test.go:1577: DockerSuite.TestBuildCmd	0.985s
PASS: docker_cli_build_test.go:3240: DockerSuite.TestBuildCmdJSONNoShDashC	0.979s
PASS: docker_cli_build_test.go:3199: DockerSuite.TestBuildCmdShDashC	0.985s
SKIP: docker_cli_build_test.go:5339: DockerSuite.TestBuildCmdShellArgsEscaped (unmatched requirement DaemonIsWindows)
PASS: docker_cli_build_test.go:3214: DockerSuite.TestBuildCmdSpaces	4.016s
PASS: docker_cli_build_test.go:2645: DockerSuite.TestBuildCommentsShebangs	5.942s
PASS: docker_cli_build_test.go:1773: DockerSuite.TestBuildConditionalCache	2.076s
PASS: docker_cli_build_test.go:5600: DockerSuite.TestBuildContChar	2.847s
PASS: docker_cli_build_test.go:3973: DockerSuite.TestBuildContainerWithCgroupParent	0.986s
PASS: docker_cli_build_test.go:1512: DockerSuite.TestBuildContextCleanup	0.976s
PASS: docker_cli_build_test.go:1534: DockerSuite.TestBuildContextCleanupFailedBuild	0.503s
PASS: docker_cli_build_test.go:2045: DockerSuite.TestBuildContextTarGzip	1.470s
PASS: docker_cli_build_test.go:2049: DockerSuite.TestBuildContextTarNoCompression	1.000s
PASS: docker_cli_build_test.go:521: DockerSuite.TestBuildCopyAddMultipleFiles	13.994s
PASS: docker_api_build_test.go:438: DockerSuite.TestBuildCopyCacheOnFileChange	1.950s
PASS: docker_cli_build_test.go:1839: DockerSuite.TestBuildCopyDirButNotFile	0.342s
PASS: docker_cli_build_test.go:893: DockerSuite.TestBuildCopyDirContentToExistDir	3.643s
PASS: docker_cli_build_test.go:879: DockerSuite.TestBuildCopyDirContentToRoot	4.965s
PASS: docker_cli_build_test.go:6024: DockerSuite.TestBuildCopyFileDotWithWorkdir	2.999s
SKIP: docker_cli_build_test.go:606: DockerSuite.TestBuildCopyFileWithWhitespaceOnWindows (unmatched requirement DaemonIsWindows)
SKIP: docker_cli_build_test.go:5897: DockerSuite.TestBuildCopyFromForbidWindowsRelativePaths (unmatched requirement DaemonIsWindows)
SKIP: docker_cli_build_test.go:5880: DockerSuite.TestBuildCopyFromForbidWindowsSystemPaths (unmatched requirement DaemonIsWindows)
SKIP: docker_cli_build_test.go:5915: DockerSuite.TestBuildCopyFromWindowsIsCaseInsensitive (unmatched requirement DaemonIsWindows)
PASS: docker_cli_build_test.go:848: DockerSuite.TestBuildCopySingleFileToExistDir	4.876s
PASS: docker_cli_build_test.go:864: DockerSuite.TestBuildCopySingleFileToNonExistDir	5.987s
PASS: docker_cli_build_test.go:810: DockerSuite.TestBuildCopySingleFileToRoot	3.986s
PASS: docker_cli_build_test.go:826: DockerSuite.TestBuildCopySingleFileToWorkdir	0.961s
PASS: docker_cli_build_test.go:909: DockerSuite.TestBuildCopyWholeDirToRoot	6.980s
PASS: docker_cli_build_test.go:636: DockerSuite.TestBuildCopyWildcard	8.094s
PASS: docker_cli_build_test.go:696: DockerSuite.TestBuildCopyWildcardCache	0.973s
PASS: docker_cli_build_test.go:676: DockerSuite.TestBuildCopyWildcardInName	1.849s
PASS: docker_cli_build_test.go:5140: DockerSuite.TestBuildDeleteCommittedFile	3.960s
PASS: docker_cli_build_test.go:2068: DockerSuite.TestBuildDockerfileStdin	1.983s
PASS: docker_cli_build_test.go:2088: DockerSuite.TestBuildDockerfileStdinConflict	0.013s
PASS: docker_cli_build_test.go:2102: DockerSuite.TestBuildDockerfileStdinDockerignore	1.420s
PASS: docker_cli_build_test.go:2106: DockerSuite.TestBuildDockerfileStdinDockerignoreIgnored	0.978s
PASS: docker_cli_build_test.go:2098: DockerSuite.TestBuildDockerfileStdinNoExtraFiles	0.980s
PASS: docker_cli_build_test.go:2296: DockerSuite.TestBuildDockerignore	11.451s
PASS: docker_cli_build_test.go:2334: DockerSuite.TestBuildDockerignoreCleanPaths	1.976s
PASS: docker_cli_build_test.go:5150: DockerSuite.TestBuildDockerignoreComment	3.987s
PASS: docker_cli_build_test.go:2348: DockerSuite.TestBuildDockerignoreExceptions	12.981s
PASS: docker_cli_build_test.go:2445: DockerSuite.TestBuildDockerignoreTouchDockerfile	1.270s
PASS: docker_cli_build_test.go:2521: DockerSuite.TestBuildDockerignoringBadExclusion	0.013s
PASS: docker_cli_build_test.go:2393: DockerSuite.TestBuildDockerignoringDockerfile	5.646s
PASS: docker_cli_build_test.go:2432: DockerSuite.TestBuildDockerignoringDockerignore	2.983s
PASS: docker_cli_build_test.go:2504: DockerSuite.TestBuildDockerignoringOnlyDotfiles	2.983s
PASS: docker_cli_build_test.go:2411: DockerSuite.TestBuildDockerignoringRenamedDockerfile	7.975s
PASS: docker_cli_build_test.go:2487: DockerSuite.TestBuildDockerignoringWholeDir	2.980s
PASS: docker_cli_build_test.go:2560: DockerSuite.TestBuildDockerignoringWildDirs	2.965s
PASS: docker_cli_build_test.go:2538: DockerSuite.TestBuildDockerignoringWildTopDir	18.989s
PASS: docker_cli_build_test.go:3944: DockerSuite.TestBuildDotDotFile	0.079s
PASS: docker_cli_build_test.go:2634: DockerSuite.TestBuildEOLInLine	4.847s
PASS: docker_cli_build_test.go:3168: DockerSuite.TestBuildEmptyCmd	0.993s
PASS: docker_cli_build_test.go:1704: DockerSuite.TestBuildEmptyEntrypoint	0.990s
PASS: docker_cli_build_test.go:1681: DockerSuite.TestBuildEmptyEntrypointInheritance	1.979s
PASS: docker_cli_build_test.go:3936: DockerSuite.TestBuildEmptyScratch	0.073s
PASS: docker_cli_build_test.go:3961: DockerSuite.TestBuildEmptyStringVolume	0.877s
PASS: docker_cli_build_test.go:1718: DockerSuite.TestBuildEntrypoint	1.003s
PASS: docker_cli_build_test.go:3251: DockerSuite.TestBuildEntrypointCanBeOverriddenByChild	2.480s
PASS: docker_cli_build_test.go:3271: DockerSuite.TestBuildEntrypointCanBeOverriddenByChildInspect	1.963s
PASS: docker_cli_build_test.go:2170: DockerSuite.TestBuildEntrypointRunCleanup	3.472s
PASS: docker_cli_build_test.go:1469: DockerSuite.TestBuildEnv	2.988s
PASS: docker_cli_build_test.go:302: DockerSuite.TestBuildEnvEscapes	2.501s
PASS: docker_cli_build_test.go:319: DockerSuite.TestBuildEnvOverwrite	0.905s
PASS: docker_cli_build_test.go:2715: DockerSuite.TestBuildEnvUsage	16.488s
PASS: docker_cli_build_test.go:2746: DockerSuite.TestBuildEnvUsage2	46.960s
PASS: docker_cli_build_test.go:147: DockerSuite.TestBuildEnvironmentReplacementAddCopy	7.963s
PASS: docker_cli_build_test.go:171: DockerSuite.TestBuildEnvironmentReplacementEnv	18.993s
PASS: docker_cli_build_test.go:102: DockerSuite.TestBuildEnvironmentReplacementExpose	3.937s
PASS: docker_cli_build_test.go:60: DockerSuite.TestBuildEnvironmentReplacementUser	1.961s
PASS: docker_cli_build_test.go:77: DockerSuite.TestBuildEnvironmentReplacementVolume	1.969s
PASS: docker_cli_build_test.go:127: DockerSuite.TestBuildEnvironmentReplacementWorkdir	2.972s
SKIP: docker_cli_build_test.go:5317: DockerSuite.TestBuildEscapeNotBackslashWordTest (unmatched requirement DaemonIsWindows)
PASS: docker_cli_build_test.go:2263: DockerSuite.TestBuildEscapeWhitespace	0.937s
PASS: docker_cli_build_test.go:3302: DockerSuite.TestBuildExoticShellInterpolation	12.933s
PASS: docker_cli_build_test.go:1590: DockerSuite.TestBuildExpose	0.980s
PASS: docker_cli_build_test.go:1604: DockerSuite.TestBuildExposeMorePorts	1.025s
PASS: docker_cli_build_test.go:1653: DockerSuite.TestBuildExposeOrder	0.961s
PASS: docker_cli_build_test.go:1669: DockerSuite.TestBuildExposeUpperCaseProto	0.865s
PASS: docker_cli_build_test.go:2227: DockerSuite.TestBuildFails	0.552s
PASS: docker_cli_build_test.go:4897: DockerSuite.TestBuildFailsGitNotCallable	0.024s
PASS: docker_cli_build_test.go:4817: DockerSuite.TestBuildFollowSymlinkToDir	1.830s
PASS: docker_cli_build_test.go:4787: DockerSuite.TestBuildFollowSymlinkToFile	1.931s
PASS: docker_cli_build_test.go:1170: DockerSuite.TestBuildForceRm	1.983s
PASS: docker_cli_build_test.go:3051: DockerSuite.TestBuildFromGit	2.478s
PASS: docker_cli_build_test.go:3070: DockerSuite.TestBuildFromGitWithContext	0.976s
PASS: docker_cli_build_test.go:3089: DockerSuite.TestBuildFromGitWithF	0.969s
PASS: docker_cli_build_test.go:3701: DockerSuite.TestBuildFromMixedcaseDockerfile	1.978s
PASS: docker_cli_build_test.go:3777: DockerSuite.TestBuildFromOfficialNames	0.585s
PASS: docker_cli_build_test.go:3102: DockerSuite.TestBuildFromRemoteTarball	0.378s
PASS: docker_cli_build_test.go:3752: DockerSuite.TestBuildFromStdinWithF	2.969s
PASS: docker_cli_build_test.go:3725: DockerSuite.TestBuildFromURLWithF	2.985s
PASS: docker_cli_build_test.go:234: DockerSuite.TestBuildHandleEscapesInVolume	5.999s
PASS: docker_cli_history_test.go:16: DockerSuite.TestBuildHistory	25.969s
PASS: docker_cli_build_test.go:6157: DockerSuite.TestBuildIidFile	1.972s
PASS: docker_cli_build_test.go:6182: DockerSuite.TestBuildIidFileCleanupOnFail	0.478s
PASS: docker_cli_build_test.go:2206: DockerSuite.TestBuildInheritance	1.475s
PASS: docker_cli_build_test.go:5954: DockerSuite.TestBuildIntermediateTarget	0.261s
PASS: docker_cli_build_test.go:3191: DockerSuite.TestBuildInvalidTag	0.013s
PASS: docker_cli_build_test.go:34: DockerSuite.TestBuildJSONEmptyRun	0.729s
PASS: docker_cli_build_test.go:4923: DockerSuite.TestBuildLabel	1.907s
PASS: docker_cli_build_test.go:4954: DockerSuite.TestBuildLabelCacheCommit	0.982s
PASS: docker_cli_build_test.go:4975: DockerSuite.TestBuildLabelMultiple	1.981s
PASS: docker_cli_build_test.go:4940: DockerSuite.TestBuildLabelOneNode	0.990s
PASS: docker_cli_build_test.go:3373: DockerSuite.TestBuildLabels	1.982s
PASS: docker_cli_build_test.go:3385: DockerSuite.TestBuildLabelsCache	2.058s
PASS: docker_cli_build_test.go:5061: DockerSuite.TestBuildLabelsOverride	11.893s
PASS: docker_cli_build_test.go:391: DockerSuite.TestBuildLastModified	5.464s
PASS: docker_cli_build_test.go:2623: DockerSuite.TestBuildLineBreak	4.402s
PASS: docker_cli_build_test.go:6086: DockerSuite.TestBuildLineErrorOnBuild	0.082s
PASS: docker_cli_build_test.go:6097: DockerSuite.TestBuildLineErrorUnknownInstruction	0.077s
PASS: docker_cli_build_test.go:6128: DockerSuite.TestBuildLineErrorWithComments	0.075s
PASS: docker_cli_build_test.go:6111: DockerSuite.TestBuildLineErrorWithEmptyLines	0.071s
PASS: docker_cli_build_test.go:1267: DockerSuite.TestBuildMaintainer	0.619s
PASS: docker_cli_build_test.go:3891: DockerSuite.TestBuildMissingArgs	1.105s
PASS: docker_cli_build_test.go:444: DockerSuite.TestBuildModifyFileInFolder	2.876s
PASS: docker_cli_build_test.go:5934: DockerSuite.TestBuildMulitStageResetScratch	1.974s
PASS: docker_cli_build_test.go:4637: DockerSuite.TestBuildMultiStageArg	6.122s
PASS: docker_cli_build_test.go:5505: DockerSuite.TestBuildMultiStageCache	0.912s
PASS: docker_cli_build_test.go:5684: DockerSuite.TestBuildMultiStageCopyFromErrors	2.276s
PASS: docker_cli_build_test.go:5626: DockerSuite.TestBuildMultiStageCopyFromSyntax	15.609s
PASS: docker_cli_build_test.go:4661: DockerSuite.TestBuildMultiStageGlobalArg	4.896s
PASS: docker_cli_build_test.go:5764: DockerSuite.TestBuildMultiStageImplicitFrom	1.857s
PASS: docker_cli_build_test.go:5731: DockerSuite.TestBuildMultiStageMultipleBuilds	3.992s
SKIP: docker_cli_build_test.go:5846: DockerSuite.TestBuildMultiStageMultipleBuildsWindows (unmatched requirement DaemonIsWindows)
PASS: docker_cli_build_test.go:5821: DockerSuite.TestBuildMultiStageNameVariants	6.418s
PASS: docker_cli_build_test.go:4686: DockerSuite.TestBuildMultiStageUnusedArg	2.941s
PASS: docker_cli_build_test.go:4747: DockerSuite.TestBuildMultipleTags	0.457s
PASS: docker_cli_build_test.go:5541: DockerSuite.TestBuildNetContainer	1.468s
PASS: docker_cli_build_test.go:5529: DockerSuite.TestBuildNetNone	0.473s
PASS: docker_cli_build_test.go:2053: DockerSuite.TestBuildNoContext	1.232s
PASS: docker_cli_build_test.go:4001: DockerSuite.TestBuildNoDupOutput	1.478s
PASS: docker_cli_build_test.go:4706: DockerSuite.TestBuildNoNamedVolume	1.447s
PASS: docker_cli_build_test.go:3498: DockerSuite.TestBuildNotVerboseFailure	0.307s
PASS: docker_cli_build_test.go:3526: DockerSuite.TestBuildNotVerboseFailureRemote	0.059s
PASS: docker_cli_build_test.go:3477: DockerSuite.TestBuildNotVerboseFailureWithNonExistImage	2.442s
PASS: docker_cli_build_test.go:3426: DockerSuite.TestBuildNotVerboseSuccess	0.286s
PASS: docker_cli_build_test.go:4051: DockerSuite.TestBuildNullStringInAddCopyVolume	2.361s
PASS: docker_cli_build_test.go:2236: DockerSuite.TestBuildOnBuild	2.987s
PASS: docker_api_build_test.go:285: DockerSuite.TestBuildOnBuildCache	2.970s
PASS: docker_cli_build_test.go:337: DockerSuite.TestBuildOnBuildCmdEntrypointJSON	6.479s
PASS: docker_cli_build_test.go:354: DockerSuite.TestBuildOnBuildEntrypointJSON	2.975s
PASS: docker_cli_build_test.go:1733: DockerSuite.TestBuildOnBuildLimitedInheritance	3.545s
PASS: docker_cli_build_test.go:278: DockerSuite.TestBuildOnBuildLowercase	1.895s
PASS: docker_cli_build_test.go:3181: DockerSuite.TestBuildOnBuildOutput	2.982s
PASS: docker_api_build_test.go:260: DockerSuite.TestBuildOnBuildWithCopy	1.109s
PASS: docker_cli_build_test.go:5992: DockerSuite.TestBuildOpaqueDirectory	3.867s
PASS: docker_cli_build_test.go:1483: DockerSuite.TestBuildPATH	7.998s
PASS: docker_cli_build_test.go:4029: DockerSuite.TestBuildRUNErrMsg	0.556s
PASS: docker_cli_build_test.go:3951: DockerSuite.TestBuildRUNoneJSON	1.354s
PASS: docker_cli_build_test.go:1401: DockerSuite.TestBuildRelativeCopy	19.991s
PASS: docker_cli_build_test.go:1294: DockerSuite.TestBuildRelativeWorkdir	6.997s
PASS: docker_cli_build_unix_test.go:27: DockerSuite.TestBuildResourceConstraintsAreUsed	2.471s
PASS: docker_cli_build_test.go:1189: DockerSuite.TestBuildRm	3.456s
PASS: docker_cli_build_test.go:3295: DockerSuite.TestBuildRunShEntrypoint	1.467s
PASS: docker_cli_build_test.go:1751: DockerSuite.TestBuildSameDockerfileWithAndWithoutCache	5.445s
PASS: docker_api_build_test.go:520: DockerSuite.TestBuildScratchCopy	0.951s
PASS: docker_cli_build_test.go:6142: DockerSuite.TestBuildSetCommandWithDefinedShell	2.006s
PASS: docker_cli_build_test.go:41: DockerSuite.TestBuildShCmdJSONEntrypoint	2.480s
PASS: docker_cli_build_test.go:5264: DockerSuite.TestBuildShellEntrypoint	1.963s
PASS: docker_cli_build_test.go:5279: DockerSuite.TestBuildShellInherited	1.455s
PASS: docker_cli_build_test.go:5228: DockerSuite.TestBuildShellMultiple	6.509s
PASS: docker_cli_build_test.go:5292: DockerSuite.TestBuildShellNotJSON	0.084s
PASS: docker_cli_build_test.go:5211: DockerSuite.TestBuildShellUpdatesConfig	0.366s
SKIP: docker_cli_build_test.go:5305: DockerSuite.TestBuildShellWindowsPowershell (unmatched requirement DaemonIsWindows)
PASS: docker_cli_build_test.go:3795: DockerSuite.TestBuildSpaces	0.294s
PASS: docker_cli_build_test.go:3858: DockerSuite.TestBuildSpacesWithQuotes	0.710s
PASS: docker_cli_build_test.go:4018: DockerSuite.TestBuildStartsFromOne	0.080s
PASS: docker_cli_build_test.go:3556: DockerSuite.TestBuildStderr	0.826s
PASS: docker_cli_build_test.go:5360: DockerSuite.TestBuildStepsWithProgress	4.984s
PASS: docker_cli_build_test.go:4071: DockerSuite.TestBuildStopSignal	1.353s
PASS: docker_cli_build_test.go:4851: DockerSuite.TestBuildSymlinkBasename	0.945s
PASS: docker_cli_build_test.go:3598: DockerSuite.TestBuildSymlinkBreakout	1.434s
PASS: docker_cli_build_test.go:4723: DockerSuite.TestBuildTagEvent	1.001s
PASS: docker_cli_build_test.go:4143: DockerSuite.TestBuildTimeArgHistoryExclusions	3.086s
PASS: docker_cli_build_test.go:1280: DockerSuite.TestBuildUser	2.883s
PASS: docker_cli_build_test.go:554: DockerSuite.TestBuildUsernamespaceValidateRemappedRoot	6.005s
PASS: docker_cli_build_test.go:2659: DockerSuite.TestBuildUsersAndGroups	29.960s
PASS: docker_cli_build_test.go:3344: DockerSuite.TestBuildVerboseOut	0.978s
PASS: docker_cli_build_test.go:2281: DockerSuite.TestBuildVerifyIntString	1.001s
PASS: docker_cli_build_test.go:3327: DockerSuite.TestBuildVerifySingleQuoteFails	1.472s
PASS: docker_cli_build_test.go:3878: DockerSuite.TestBuildVolumeFileExistsinContainer	1.505s
PASS: docker_cli_build_test.go:3671: DockerSuite.TestBuildVolumesRetainContents	3.443s
SKIP: docker_cli_build_test.go:1347: DockerSuite.TestBuildWindowsAddCopyPathProcessing (unmatched requirement DaemonIsWindows)
SKIP: docker_cli_build_test.go:6037: DockerSuite.TestBuildWindowsEnvCaseInsensitive (unmatched requirement DaemonIsWindows)
SKIP: docker_cli_build_test.go:6007: DockerSuite.TestBuildWindowsUser (unmatched requirement DaemonIsWindows)
SKIP: docker_cli_build_test.go:1336: DockerSuite.TestBuildWindowsWorkdirProcessing (unmatched requirement DaemonIsWindows)
PASS: docker_cli_build_test.go:5557: DockerSuite.TestBuildWithExtraHost	2.383s
PASS: docker_cli_build_test.go:5573: DockerSuite.TestBuildWithExtraHostInvalidFormat	0.056s
PASS: docker_cli_build_test.go:5371: DockerSuite.TestBuildWithFailure	0.630s
PASS: docker_cli_build_test.go:1049: DockerSuite.TestBuildWithInaccessibleFilesInContext	0.523s
PASS: docker_cli_build_test.go:3358: DockerSuite.TestBuildWithTabs	0.724s
PASS: docker_cli_build_test.go:5184: DockerSuite.TestBuildWithUTF8BOM	0.081s
PASS: docker_cli_build_test.go:5194: DockerSuite.TestBuildWithUTF8BOMDockerignore	3.872s
PASS: docker_cli_build_test.go:2150: DockerSuite.TestBuildWithVolumeOwnership	2.499s
PASS: docker_cli_build_test.go:1232: DockerSuite.TestBuildWithVolumes	4.481s
PASS: docker_cli_build_test.go:6072: DockerSuite.TestBuildWorkdirCmd	1.058s
PASS: docker_cli_build_test.go:6051: DockerSuite.TestBuildWorkdirImageCmd	1.898s
SKIP: docker_cli_build_test.go:4912: DockerSuite.TestBuildWorkdirWindowsPath (unmatched requirement DaemonIsWindows)
PASS: docker_cli_build_test.go:1380: DockerSuite.TestBuildWorkdirWithEnvVariables	3.962s
PASS: docker_cli_build_test.go:3653: DockerSuite.TestBuildXZHost	3.964s
PASS: docker_cli_proxy_test.go:12: DockerSuite.TestCLIProxyDisableProxyUnixSock	0.023s
SKIP: docker_cli_sni_test.go:16: DockerSuite.TestClientSetsTLSServerName (Flakey test)
PASS: docker_cli_run_test.go:3683: DockerSuite.TestCmdCannotBeInvoked	0.445s
PASS: docker_cli_commit_test.go:12: DockerSuite.TestCommitAfterContainerIsDone	1.416s
PASS: docker_cli_commit_test.go:106: DockerSuite.TestCommitChange	1.093s
PASS: docker_cli_commit_test.go:156: DockerSuite.TestCommitChangeLabels	0.873s
PASS: docker_cli_commit_test.go:67: DockerSuite.TestCommitHardlink	1.440s
PASS: docker_cli_commit_test.go:56: DockerSuite.TestCommitNewFile	1.972s
PASS: docker_cli_commit_test.go:42: DockerSuite.TestCommitPausedContainer	0.493s
PASS: docker_cli_commit_test.go:87: DockerSuite.TestCommitTTY	1.216s
PASS: docker_cli_images_test.go:103: DockerSuite.TestCommitWithFilterLabel	1.436s
PASS: docker_cli_commit_test.go:96: DockerSuite.TestCommitWithHostBindMount	1.452s
PASS: docker_cli_commit_test.go:26: DockerSuite.TestCommitWithoutPause	1.449s
PASS: docker_cli_netmode_test.go:55: DockerSuite.TestConflictContainerNetworkAndLinks	0.013s
PASS: docker_cli_netmode_test.go:62: DockerSuite.TestConflictContainerNetworkHostAndLinks	0.020s
PASS: docker_cli_netmode_test.go:76: DockerSuite.TestConflictNetworkModeAndOptions	0.092s
PASS: docker_cli_netmode_test.go:69: DockerSuite.TestConflictNetworkModeNetHostAndOptions	0.013s
PASS: docker_api_containers_test.go:543: DockerSuite.TestContainerAPIBadPort	0.003s
PASS: docker_api_containers_test.go:1289: DockerSuite.TestContainerAPIChunkedEncoding	0.039s
PASS: docker_api_containers_test.go:489: DockerSuite.TestContainerAPICommit	1.253s
PASS: docker_api_containers_test.go:511: DockerSuite.TestContainerAPICommitWithLabelInConfig	1.965s
PASS: docker_api_containers_test.go:1155: DockerSuite.TestContainerAPICopyContainerNotFoundPr124	0.001s
PASS: docker_api_containers_test.go:1070: DockerSuite.TestContainerAPICopyNotExistsAnyMore	0.500s
PASS: docker_api_containers_test.go:1083: DockerSuite.TestContainerAPICopyPre124	0.549s
PASS: docker_api_containers_test.go:1113: DockerSuite.TestContainerAPICopyResourcePathEmptyPre124	0.524s
PASS: docker_api_containers_test.go:1134: DockerSuite.TestContainerAPICopyResourcePathNotFoundPre124	0.557s
PASS: docker_api_containers_test.go:570: DockerSuite.TestContainerAPICreate	0.500s
PASS: docker_api_containers_test.go:649: DockerSuite.TestContainerAPICreateBridgeNetworkMode	0.059s
PASS: docker_api_containers_test.go:587: DockerSuite.TestContainerAPICreateEmptyConfig	0.002s
PASS: docker_api_containers_test.go:1997: DockerSuite.TestContainerAPICreateMountsBindRead	0.503s
PASS: docker_api_containers_test.go:599: DockerSuite.TestContainerAPICreateMultipleNetworksConfig	0.003s
PASS: docker_api_containers_test.go:1409: DockerSuite.TestContainerAPICreateNoHostConfig118	0.045s
PASS: docker_api_containers_test.go:655: DockerSuite.TestContainerAPICreateOtherNetworkModes	0.089s
PASS: docker_api_containers_test.go:684: DockerSuite.TestContainerAPICreateWithCpuSharesCpuset	0.074s
PASS: docker_api_containers_test.go:626: DockerSuite.TestContainerAPICreateWithHostName	0.046s
PASS: docker_api_containers_test.go:1166: DockerSuite.TestContainerAPIDelete	0.554s
PASS: docker_api_containers_test.go:1239: DockerSuite.TestContainerAPIDeleteConflict	0.332s
PASS: docker_api_containers_test.go:1191: DockerSuite.TestContainerAPIDeleteForce	0.532s
PASS: docker_api_containers_test.go:1182: DockerSuite.TestContainerAPIDeleteNotExist	0.001s
PASS: docker_api_containers_test.go:1208: DockerSuite.TestContainerAPIDeleteRemoveLinks	0.825s
PASS: docker_api_containers_test.go:1254: DockerSuite.TestContainerAPIDeleteRemoveVolume	0.544s
PASS: docker_api_containers_test.go:1648: DockerSuite.TestContainerAPIDeleteWithEmptyName	0.001s
PASS: docker_api_containers_test.go:41: DockerSuite.TestContainerAPIGetAll	0.516s
PASS: docker_api_containers_test.go:167: DockerSuite.TestContainerAPIGetChanges	0.538s
PASS: docker_api_containers_test.go:140: DockerSuite.TestContainerAPIGetExport	0.527s
PASS: docker_api_containers_test.go:61: DockerSuite.TestContainerAPIGetJSONNoFieldsOmitted	0.523s
PASS: docker_api_containers_test.go:756: DockerSuite.TestContainerAPIInvalidPortSyntax	0.003s
PASS: docker_api_containers_test.go:957: DockerSuite.TestContainerAPIKill	0.553s
PASS: docker_api_containers_test.go:404: DockerSuite.TestContainerAPIPause	0.386s
PASS: docker_api_containers_test.go:1309: DockerSuite.TestContainerAPIPostContainerStop	0.550s
PASS: docker_api_containers_test.go:872: DockerSuite.TestContainerAPIPostCreateNull	0.095s
PASS: docker_api_containers_test.go:107: DockerSuite.TestContainerAPIPsOmitFields	0.351s
PASS: docker_api_containers_test.go:940: DockerSuite.TestContainerAPIRename	0.351s
PASS: docker_api_containers_test.go:972: DockerSuite.TestContainerAPIRestart	0.855s
PASS: docker_api_containers_test.go:986: DockerSuite.TestContainerAPIRestartNotimeoutParam	0.919s
PASS: docker_api_containers_test.go:854: DockerSuite.TestContainerAPIRestartPolicyDefaultRetryCount	0.044s
PASS: docker_api_containers_test.go:782: DockerSuite.TestContainerAPIRestartPolicyInvalidPolicyName	0.002s
PASS: docker_api_containers_test.go:830: DockerSuite.TestContainerAPIRestartPolicyNegativeRetryCount	0.004s
PASS: docker_api_containers_test.go:806: DockerSuite.TestContainerAPIRestartPolicyRetryMismatch	0.002s
PASS: docker_api_containers_test.go:1002: DockerSuite.TestContainerAPIStart	0.327s
PASS: docker_api_containers_test.go:1657: DockerSuite.TestContainerAPIStatsWithNetworkDisabled	4.365s
PASS: docker_api_containers_test.go:1028: DockerSuite.TestContainerAPIStop	0.563s
PASS: docker_api_containers_test.go:435: DockerSuite.TestContainerAPITop	0.397s
SKIP: docker_api_containers_test.go:458: DockerSuite.TestContainerAPITopWindows (unmatched requirement DaemonIsWindows)
PASS: docker_api_containers_test.go:715: DockerSuite.TestContainerAPIVerifyHeader	0.044s
PASS: docker_api_containers_test.go:1047: DockerSuite.TestContainerAPIWait	2.510s
PASS: docker_api_containers_test.go:2293: DockerSuite.TestContainerKillCustomStopSignal	0.525s
PASS: docker_cli_run_test.go:2410: DockerSuite.TestContainerNetworkMode	0.653s
PASS: docker_cli_run_test.go:3531: DockerSuite.TestContainerRestartInMultipleNetworks	2.307s
PASS: docker_cli_run_test.go:3563: DockerSuite.TestContainerWithConflictingHostNetworks	0.308s
PASS: docker_cli_run_test.go:3594: DockerSuite.TestContainerWithConflictingNoneNetwork	0.775s
PASS: docker_cli_run_test.go:3577: DockerSuite.TestContainerWithConflictingSharedNetwork	0.629s
PASS: docker_api_containers_test.go:2028: DockerSuite.TestContainersAPICreateMountsCreate	20.845s
PASS: docker_api_containers_test.go:2243: DockerSuite.TestContainersAPICreateMountsTmpfs	1.012s
PASS: docker_api_containers_test.go:1706: DockerSuite.TestContainersAPICreateMountsValidation	0.401s
PASS: docker_cli_run_test.go:3467: DockerSuite.TestContainersInMultipleNetworks	1.155s
PASS: docker_cli_run_test.go:3459: DockerSuite.TestContainersInUserDefinedNetwork	1.002s
PASS: docker_cli_run_test.go:3486: DockerSuite.TestContainersNetworkIsolation	1.306s
PASS: docker_cli_cp_test.go:582: DockerSuite.TestCopyAndRestart	1.026s
PASS: docker_cli_cp_test.go:603: DockerSuite.TestCopyCreatedContainer	0.111s
PASS: docker_cli_cp_test.go:128: DockerSuite.TestCpAbsolutePath	0.588s
PASS: docker_cli_cp_test.go:171: DockerSuite.TestCpAbsoluteSymlink	0.572s
PASS: docker_cli_cp_to_container_unix_test.go:41: DockerSuite.TestCpCheckDestOwnership	0.717s
PASS: docker_cli_cp_from_container_test.go:119: DockerSuite.TestCpFromCaseA	0.569s
PASS: docker_cli_cp_from_container_test.go:139: DockerSuite.TestCpFromCaseB	0.571s
PASS: docker_cli_cp_from_container_test.go:157: DockerSuite.TestCpFromCaseC	0.565s
PASS: docker_cli_cp_from_container_test.go:182: DockerSuite.TestCpFromCaseD	0.610s
PASS: docker_cli_cp_from_container_test.go:222: DockerSuite.TestCpFromCaseE	0.644s
PASS: docker_cli_cp_from_container_test.go:251: DockerSuite.TestCpFromCaseF	0.557s
PASS: docker_cli_cp_from_container_test.go:274: DockerSuite.TestCpFromCaseG	0.632s
PASS: docker_cli_cp_from_container_test.go:313: DockerSuite.TestCpFromCaseH	0.656s
PASS: docker_cli_cp_from_container_test.go:343: DockerSuite.TestCpFromCaseI	0.565s
PASS: docker_cli_cp_from_container_test.go:367: DockerSuite.TestCpFromCaseJ	0.614s
PASS: docker_cli_cp_from_container_test.go:24: DockerSuite.TestCpFromSymlinkDestination	0.805s
PASS: docker_cli_cp_test.go:209: DockerSuite.TestCpFromSymlinkToDirectory	0.617s
PASS: docker_cli_cp_test.go:38: DockerSuite.TestCpGarbagePath	0.594s
PASS: docker_cli_cp_test.go:29: DockerSuite.TestCpLocalOnly	0.013s
PASS: docker_cli_cp_test.go:562: DockerSuite.TestCpNameHasColon	0.570s
PASS: docker_cli_cp_test.go:80: DockerSuite.TestCpRelativePath	0.563s
PASS: docker_cli_cp_test.go:405: DockerSuite.TestCpSpecialFiles	0.638s
PASS: docker_cli_cp_test.go:337: DockerSuite.TestCpSymlinkComponent	0.589s
PASS: docker_cli_cp_test.go:616: DockerSuite.TestCpSymlinkFromConToHostFollowSymlink	0.706s
PASS: docker_cli_cp_to_container_test.go:123: DockerSuite.TestCpToCaseA	1.164s
PASS: docker_cli_cp_to_container_test.go:144: DockerSuite.TestCpToCaseB	0.580s
PASS: docker_cli_cp_to_container_test.go:165: DockerSuite.TestCpToCaseC	1.661s
PASS: docker_cli_cp_to_container_test.go:192: DockerSuite.TestCpToCaseD	3.261s
PASS: docker_cli_cp_to_container_test.go:238: DockerSuite.TestCpToCaseE	2.324s
PASS: docker_cli_cp_to_container_test.go:273: DockerSuite.TestCpToCaseF	0.567s
PASS: docker_cli_cp_to_container_test.go:296: DockerSuite.TestCpToCaseG	3.268s
PASS: docker_cli_cp_to_container_test.go:342: DockerSuite.TestCpToCaseH	2.298s
PASS: docker_cli_cp_to_container_test.go:378: DockerSuite.TestCpToCaseI	0.559s
PASS: docker_cli_cp_to_container_test.go:402: DockerSuite.TestCpToCaseJ	3.277s
PASS: docker_cli_cp_to_container_unix_test.go:17: DockerSuite.TestCpToContainerWithPermissions	5.861s
PASS: docker_cli_cp_test.go:521: DockerSuite.TestCpToDot	0.575s
PASS: docker_cli_cp_to_container_test.go:445: DockerSuite.TestCpToErrReadOnlyRootfs	1.064s
PASS: docker_cli_cp_to_container_test.go:472: DockerSuite.TestCpToErrReadOnlyVolume	1.193s
PASS: docker_cli_cp_test.go:543: DockerSuite.TestCpToStdout	0.570s
PASS: docker_cli_cp_to_container_test.go:22: DockerSuite.TestCpToSymlinkDestination	2.655s
PASS: docker_cli_cp_test.go:257: DockerSuite.TestCpToSymlinkToDirectory	0.280s
PASS: docker_cli_cp_test.go:381: DockerSuite.TestCpUnprivilegedUser	0.565s
PASS: docker_cli_cp_test.go:452: DockerSuite.TestCpVolumePath	1.060s
PASS: docker_cli_create_test.go:327: DockerSuite.TestCreate64ByteHexID	0.074s
PASS: docker_cli_create_test.go:21: DockerSuite.TestCreateArgs	0.070s
PASS: docker_cli_create_test.go:260: DockerSuite.TestCreateByImageID	1.398s
PASS: docker_cli_create_test.go:163: DockerSuite.TestCreateEchoStdout	0.538s
SKIP: docker_cli_create_test.go:59: DockerSuite.TestCreateGrowRootfs (unmatched requirement Devicemapper)
PASS: docker_cli_create_test.go:83: DockerSuite.TestCreateHostConfig	0.071s
PASS: docker_cli_create_test.go:222: DockerSuite.TestCreateHostnameWithNumber	0.505s
PASS: docker_cli_create_test.go:205: DockerSuite.TestCreateLabelFromImage	0.640s
PASS: docker_cli_create_test.go:192: DockerSuite.TestCreateLabels	0.071s
PASS: docker_cli_create_test.go:250: DockerSuite.TestCreateModeIpcContainer	0.110s
PASS: docker_cli_create_test.go:233: DockerSuite.TestCreateRM	0.171s
SKIP: docker_cli_create_test.go:73: DockerSuite.TestCreateShrinkRootfs (unmatched requirement Devicemapper)
PASS: docker_cli_create_test.go:293: DockerSuite.TestCreateStopSignal	0.069s
PASS: docker_cli_create_test.go:362: DockerSuite.TestCreateStopTimeout	0.139s
PASS: docker_cli_create_test.go:335: DockerSuite.TestCreateUnsetEntrypoint	3.718s
PASS: docker_cli_create_test.go:173: DockerSuite.TestCreateVolumesCreated	0.077s
PASS: docker_cli_create_test.go:316: DockerSuite.TestCreateWithInvalidLogOpts	0.030s
PASS: docker_cli_create_test.go:134: DockerSuite.TestCreateWithLargePortRange	2.671s
PASS: docker_cli_create_test.go:105: DockerSuite.TestCreateWithPortRange	0.069s
PASS: docker_api_containers_test.go:916: DockerSuite.TestCreateWithTooLowMemoryLimit	0.003s
PASS: docker_cli_create_test.go:302: DockerSuite.TestCreateWithWorkdir	0.066s
PASS: docker_deprecated_api_v124_test.go:70: DockerSuite.TestDeprecatedContainerAPIStartDupVolumeBinds	0.044s
PASS: docker_deprecated_api_v124_test.go:20: DockerSuite.TestDeprecatedContainerAPIStartHostConfig	0.060s
PASS: docker_deprecated_api_v124_test.go:39: DockerSuite.TestDeprecatedContainerAPIStartVolumeBinds	0.346s
PASS: docker_deprecated_api_v124_test.go:103: DockerSuite.TestDeprecatedContainerAPIStartVolumesFrom	0.902s
PASS: docker_deprecated_api_v124_test.go:136: DockerSuite.TestDeprecatedPostContainerBindNormalVolume	0.454s
PASS: docker_deprecated_api_v124_test.go:198: DockerSuite.TestDeprecatedPostContainersStartWithLinksInHostConfig	0.687s
PASS: docker_deprecated_api_v124_test.go:216: DockerSuite.TestDeprecatedPostContainersStartWithLinksInHostConfigIdLinked	1.151s
PASS: docker_deprecated_api_v124_test.go:181: DockerSuite.TestDeprecatedPostContainersStartWithoutLinksInHostConfig	0.368s
PASS: docker_deprecated_api_v124_test.go:235: DockerSuite.TestDeprecatedStartWithNilDNS	0.354s
PASS: docker_deprecated_api_v124_test.go:156: DockerSuite.TestDeprecatedStartWithTooLowMemoryLimit	0.072s
PASS: docker_cli_run_test.go:2995: DockerSuite.TestDevicePermissions	0.499s
PASS: docker_cli_run_test.go:3706: DockerSuite.TestDockerFails	0.013s
PASS: docker_cli_network_unix_test.go:449: DockerSuite.TestDockerInspectMultipleNetwork	0.013s
PASS: docker_cli_network_unix_test.go:459: DockerSuite.TestDockerInspectMultipleNetworksIncludingNonexistent	0.038s
PASS: docker_cli_network_unix_test.go:498: DockerSuite.TestDockerInspectNetworkWithContainerName	0.859s
PASS: docker_cli_network_unix_test.go:1622: DockerSuite.TestDockerNetworkConnectFailsNoInspectChange	0.596s
PASS: docker_cli_network_unix_test.go:403: DockerSuite.TestDockerNetworkDeleteMultiple	0.754s
PASS: docker_cli_network_unix_test.go:398: DockerSuite.TestDockerNetworkDeleteNotExists	0.015s
PASS: docker_cli_network_unix_test.go:427: DockerSuite.TestDockerNetworkInspect	0.023s
PASS: docker_cli_network_unix_test.go:438: DockerSuite.TestDockerNetworkInspectWithID	0.083s
PASS: docker_cli_network_unix_test.go:1637: DockerSuite.TestDockerNetworkInternalMode	5.100s
PASS: docker_cli_volume_test.go:490: DockerSuite.TestDuplicateMountpointsForVolumesFrom	2.736s
PASS: docker_cli_volume_test.go:532: DockerSuite.TestDuplicateMountpointsForVolumesFromAndBind	2.022s
PASS: docker_cli_volume_test.go:576: DockerSuite.TestDuplicateMountpointsForVolumesFromAndMounts	1.485s
PASS: docker_cli_network_unix_test.go:1614: DockerSuite.TestEmbeddedDNSInvalidInput	1.584s
PASS: docker_cli_events_test.go:479: DockerSuite.TestEventsAttach	0.606s
PASS: docker_cli_events_test.go:410: DockerSuite.TestEventsCommit	1.354s
PASS: docker_cli_events_test.go:84: DockerSuite.TestEventsContainerEvents	0.574s
PASS: docker_cli_events_test.go:103: DockerSuite.TestEventsContainerEventsAttrSort	0.540s
PASS: docker_cli_events_test.go:126: DockerSuite.TestEventsContainerEventsSinceUnixEpoch	0.595s
PASS: docker_cli_events_unix_test.go:143: DockerSuite.TestEventsContainerFilterBeforeCreate	1.337s
PASS: docker_cli_events_unix_test.go:129: DockerSuite.TestEventsContainerFilterByName	0.710s
PASS: docker_cli_events_test.go:659: DockerSuite.TestEventsContainerRestart	2.341s
PASS: docker_cli_events_unix_test.go:223: DockerSuite.TestEventsContainerWithMultiNetwork	1.851s
PASS: docker_cli_events_test.go:427: DockerSuite.TestEventsCopy	1.169s
PASS: docker_cli_events_test.go:372: DockerSuite.TestEventsFilterContainer	1.060s
PASS: docker_cli_events_test.go:649: DockerSuite.TestEventsFilterImageInContainerAction	0.364s
PASS: docker_cli_events_test.go:342: DockerSuite.TestEventsFilterImageLabels	0.314s
PASS: docker_cli_events_test.go:287: DockerSuite.TestEventsFilterImageName	0.690s
PASS: docker_cli_events_test.go:316: DockerSuite.TestEventsFilterLabels	0.931s
PASS: docker_cli_events_unix_test.go:377: DockerSuite.TestEventsFilterNetworkID	0.065s
PASS: docker_cli_events_test.go:565: DockerSuite.TestEventsFilterType	0.771s
PASS: docker_cli_events_unix_test.go:344: DockerSuite.TestEventsFilterVolumeAndNetworkType	0.071s
PASS: docker_cli_events_unix_test.go:363: DockerSuite.TestEventsFilterVolumeID	0.026s
PASS: docker_cli_events_test.go:271: DockerSuite.TestEventsFilters	1.122s
PASS: docker_cli_events_test.go:728: DockerSuite.TestEventsFormat	1.096s
PASS: docker_cli_events_test.go:761: DockerSuite.TestEventsFormatBadField	0.013s
PASS: docker_cli_events_test.go:751: DockerSuite.TestEventsFormatBadFunc	0.012s
PASS: docker_cli_events_test.go:183: DockerSuite.TestEventsImageImport	0.526s
PASS: docker_cli_events_test.go:207: DockerSuite.TestEventsImageLoad	0.217s
PASS: docker_cli_events_test.go:164: DockerSuite.TestEventsImagePull	2.273s
PASS: docker_cli_events_test.go:146: DockerSuite.TestEventsImageTag	1.032s
PASS: docker_cli_events_unix_test.go:305: DockerSuite.TestEventsImageUntagDelete	0.353s
SKIP: docker_cli_events_unix_test.go:51: DockerSuite.TestEventsOOMDisableFalse (unmatched requirement swapMemorySupport)
SKIP: docker_cli_events_unix_test.go:81: DockerSuite.TestEventsOOMDisableTrue (unmatched requirement swapMemorySupport)
PASS: docker_cli_events_test.go:246: DockerSuite.TestEventsPluginOps	4.341s
PASS: docker_cli_events_unix_test.go:24: DockerSuite.TestEventsRedirectStdout	0.512s
PASS: docker_cli_events_test.go:517: DockerSuite.TestEventsRename	0.597s
PASS: docker_cli_events_test.go:456: DockerSuite.TestEventsResize	0.553s
PASS: docker_cli_events_test.go:699: DockerSuite.TestEventsSinceInTheFuture	0.383s
PASS: docker_cli_events_test.go:619: DockerSuite.TestEventsSpecialFiltersWithExecCreate	0.495s
PASS: docker_cli_events_unix_test.go:251: DockerSuite.TestEventsStreaming	0.531s
PASS: docker_cli_events_test.go:26: DockerSuite.TestEventsTimestampFormats	2.793s
PASS: docker_cli_events_test.go:528: DockerSuite.TestEventsTop	0.582s
PASS: docker_cli_events_test.go:61: DockerSuite.TestEventsUntag	2.572s
PASS: docker_cli_events_test.go:711: DockerSuite.TestEventsUntilInThePast	0.944s
PASS: docker_cli_exec_test.go:28: DockerSuite.TestExec	0.450s
PASS: docker_api_exec_test.go:66: DockerSuite.TestExecAPICreateContainerPaused	0.397s
PASS: docker_api_exec_test.go:25: DockerSuite.TestExecAPICreateNoCmd	0.356s
PASS: docker_api_exec_test.go:43: DockerSuite.TestExecAPICreateNoValidContentType	0.354s
PASS: docker_api_exec_test.go:87: DockerSuite.TestExecAPIStart	1.098s
PASS: docker_api_exec_test.go:124: DockerSuite.TestExecAPIStartBackwardsCompatible	0.424s
PASS: docker_api_exec_test.go:114: DockerSuite.TestExecAPIStartEnsureHeaders	0.454s
PASS: docker_api_exec_test.go:196: DockerSuite.TestExecAPIStartInvalidCommand	0.413s
PASS: docker_api_exec_test.go:139: DockerSuite.TestExecAPIStartMultipleTimesError	0.445s
PASS: docker_api_exec_test.go:180: DockerSuite.TestExecAPIStartValidCommand	0.425s
PASS: docker_api_exec_test.go:149: DockerSuite.TestExecAPIStartWithDetach	0.402s
PASS: docker_cli_exec_test.go:75: DockerSuite.TestExecAfterContainerRestart	1.016s
PASS: docker_cli_exec_test.go:256: DockerSuite.TestExecCgroup	0.995s
PASS: docker_cli_exec_test.go:108: DockerSuite.TestExecEnv	0.461s
PASS: docker_cli_exec_test.go:537: DockerSuite.TestExecEnvLinksHost	0.784s
PASS: docker_cli_exec_test.go:134: DockerSuite.TestExecExitStatus	0.439s
PASS: docker_cli_exec_test.go:309: DockerSuite.TestExecInspectID	2.703s
PASS: docker_cli_exec_test.go:39: DockerSuite.TestExecInteractive	0.437s
PASS: docker_cli_exec_unix_test.go:18: DockerSuite.TestExecInteractiveStdinClose	0.455s
PASS: docker_cli_exec_test.go:493: DockerSuite.TestExecOnReadonlyContainer	0.438s
PASS: docker_cli_exec_test.go:214: DockerSuite.TestExecParseError	0.366s
PASS: docker_cli_exec_test.go:141: DockerSuite.TestExecPausedContainer	0.390s
PASS: docker_api_exec_resize_test.go:18: DockerSuite.TestExecResizeAPIHeightWidthNoInt	0.340s
PASS: docker_api_exec_resize_test.go:34: DockerSuite.TestExecResizeImmediatelyAfterExecStart	1.248s
PASS: docker_cli_exec_test.go:123: DockerSuite.TestExecSetEnv	0.445s
PASS: docker_cli_exec_test.go:513: DockerSuite.TestExecStartFails	0.457s
PASS: docker_api_exec_test.go:214: DockerSuite.TestExecStateCleanup	10.849s
PASS: docker_cli_exec_test.go:228: DockerSuite.TestExecStopNotHanging	0.574s
PASS: docker_cli_exec_unix_test.go:47: DockerSuite.TestExecTTY	0.434s
PASS: docker_cli_exec_test.go:156: DockerSuite.TestExecTTYCloseStdin	0.473s
PASS: docker_cli_exec_test.go:177: DockerSuite.TestExecTTYWithoutStdin	0.371s
PASS: docker_cli_exec_test.go:501: DockerSuite.TestExecUlimits	0.469s
SKIP: docker_cli_exec_test.go:546: DockerSuite.TestExecWindowsOpenHandles (unmatched requirement DaemonIsWindows)
SKIP: docker_cli_exec_test.go:527: DockerSuite.TestExecWindowsPathNotWiped (unmatched requirement DaemonIsWindows)
PASS: docker_cli_exec_test.go:480: DockerSuite.TestExecWithImageUser	2.227s
PASS: docker_cli_exec_unix_test.go:89: DockerSuite.TestExecWithNoTERM	0.423s
PASS: docker_cli_exec_test.go:449: DockerSuite.TestExecWithPrivileged	0.749s
PASS: docker_cli_exec_unix_test.go:77: DockerSuite.TestExecWithTERM	0.429s
PASS: docker_cli_exec_test.go:436: DockerSuite.TestExecWithUser	0.535s
PASS: docker_api_containers_test.go:190: DockerSuite.TestGetContainerStats	4.563s
PASS: docker_api_containers_test.go:338: DockerSuite.TestGetContainerStatsNoStream	4.579s
PASS: docker_api_containers_test.go:230: DockerSuite.TestGetContainerStatsRmRunning	1.904s
PASS: docker_api_containers_test.go:297: DockerSuite.TestGetContainerStatsStream	4.575s
PASS: docker_api_attach_test.go:25: DockerSuite.TestGetContainersAttachWebsocket	0.351s
PASS: docker_api_attach_test.go:89: DockerSuite.TestGetContainersWsAttachContainerNotFound	0.001s
PASS: docker_api_containers_test.go:378: DockerSuite.TestGetStoppedContainerStats	0.060s
PASS: docker_cli_health_test.go:39: DockerSuite.TestHealth	23.073s
PASS: docker_cli_history_test.go:58: DockerSuite.TestHistoryExistentImage	0.016s
PASS: docker_cli_history_test.go:86: DockerSuite.TestHistoryHumanOptionFalse	0.012s
PASS: docker_cli_history_test.go:104: DockerSuite.TestHistoryHumanOptionTrue	0.012s
PASS: docker_cli_history_test.go:67: DockerSuite.TestHistoryImageWithComment	0.853s
PASS: docker_cli_history_test.go:62: DockerSuite.TestHistoryNonExistentImage	0.013s
PASS: docker_cli_images_test.go:225: DockerSuite.TestImagesEnsureDanglingImageOnlyListedOnce	0.991s
PASS: docker_cli_images_test.go:20: DockerSuite.TestImagesEnsureImageIsListed	0.015s
PASS: docker_cli_images_test.go:44: DockerSuite.TestImagesEnsureImageWithBadTagIsNotListed	0.014s
PASS: docker_cli_images_test.go:25: DockerSuite.TestImagesEnsureImageWithTagIsListed	0.075s
PASS: docker_cli_images_test.go:299: DockerSuite.TestImagesEnsureImagesFromBusyboxShown	0.823s
PASS: docker_cli_images_test.go:282: DockerSuite.TestImagesEnsureImagesFromScratchShown	0.981s
PASS: docker_cli_images_test.go:259: DockerSuite.TestImagesEnsureOnlyHeadsImagesShown	1.996s
PASS: docker_cli_images_test.go:69: DockerSuite.TestImagesErrorWithInvalidFilterNameTest	0.012s
PASS: docker_cli_images_test.go:75: DockerSuite.TestImagesFilterLabelMatch	2.984s
PASS: docker_cli_images_test.go:314: DockerSuite.TestImagesFilterNameWithPort	0.060s
PASS: docker_cli_images_test.go:115: DockerSuite.TestImagesFilterSinceAndBefore	2.984s
PASS: docker_cli_images_test.go:185: DockerSuite.TestImagesFilterSpaceTrimCase	0.608s
PASS: docker_cli_images_test.go:327: DockerSuite.TestImagesFormat	0.050s
PASS: docker_cli_images_test.go:343: DockerSuite.TestImagesFormatDefaultFormat	1.152s
PASS: docker_cli_images_test.go:49: DockerSuite.TestImagesOrderedByCreationDate	5.001s
PASS: docker_cli_images_test.go:253: DockerSuite.TestImagesWithIncorrectFilter	0.013s
PASS: docker_cli_import_test.go:36: DockerSuite.TestImportBadURL	0.059s
PASS: docker_cli_import_test.go:18: DockerSuite.TestImportDisplay	1.056s
PASS: docker_cli_import_test.go:47: DockerSuite.TestImportFile	1.183s
PASS: docker_cli_import_test.go:122: DockerSuite.TestImportFileNonExistentFile	0.013s
PASS: docker_cli_import_test.go:91: DockerSuite.TestImportFileWithMessage	1.205s
PASS: docker_cli_import_test.go:68: DockerSuite.TestImportGzipped	1.297s
PASS: docker_cli_import_test.go:127: DockerSuite.TestImportWithQuotedChanges	1.257s
PASS: docker_cli_info_test.go:177: DockerSuite.TestInfoDebug	0.532s
PASS: docker_cli_info_test.go:106: DockerSuite.TestInfoDiscoveryAdvertiseInterfaceName	0.907s
PASS: docker_cli_info_test.go:72: DockerSuite.TestInfoDiscoveryBackend	0.533s
PASS: docker_cli_info_test.go:89: DockerSuite.TestInfoDiscoveryInvalidAdvertise	0.096s
PASS: docker_cli_info_test.go:143: DockerSuite.TestInfoDisplaysPausedContainers	0.418s
PASS: docker_cli_info_test.go:130: DockerSuite.TestInfoDisplaysRunningContainers	0.409s
PASS: docker_cli_info_test.go:160: DockerSuite.TestInfoDisplaysStoppedContainers	0.568s
PASS: docker_cli_info_test.go:16: DockerSuite.TestInfoEnsureSucceeds	0.022s
PASS: docker_cli_info_test.go:60: DockerSuite.TestInfoFormat	0.042s
PASS: docker_cli_info_unix_test.go:10: DockerSuite.TestInfoSecurityOptions	0.020s
PASS: docker_cli_info_test.go:195: DockerSuite.TestInsecureRegistries	0.539s
PASS: docker_api_inspect_test.go:147: DockerSuite.TestInspectAPIBridgeNetworkSettings120	0.344s
PASS: docker_api_inspect_test.go:164: DockerSuite.TestInspectAPIBridgeNetworkSettings121	0.371s
PASS: docker_api_inspect_test.go:17: DockerSuite.TestInspectAPIContainerResponse	0.326s
PASS: docker_api_inspect_test.go:84: DockerSuite.TestInspectAPIContainerVolumeDriver	0.341s
PASS: docker_api_inspect_test.go:61: DockerSuite.TestInspectAPIContainerVolumeDriverLegacy	0.346s
PASS: docker_api_inspect_test.go:123: DockerSuite.TestInspectAPIEmptyFieldsInConfigPre121	0.340s
PASS: docker_api_inspect_test.go:108: DockerSuite.TestInspectAPIImageResponse	0.024s
PASS: docker_cli_network_unix_test.go:1035: DockerSuite.TestInspectAPIMultipleNetworks	0.610s
PASS: docker_cli_inspect_test.go:413: DockerSuite.TestInspectAmpersand	0.543s
PASS: docker_cli_inspect_test.go:206: DockerSuite.TestInspectBindMountPoint	0.365s
PASS: docker_cli_inspect_test.go:341: DockerSuite.TestInspectByPrefix	0.044s
PASS: docker_cli_inspect_test.go:141: DockerSuite.TestInspectContainerFilterInt	0.392s
SKIP: docker_cli_inspect_test.go:181: DockerSuite.TestInspectContainerGraphDriver (unmatched requirement Devicemapper)
PASS: docker_cli_inspect_test.go:391: DockerSuite.TestInspectContainerNetworkCustom	0.460s
PASS: docker_cli_inspect_test.go:379: DockerSuite.TestInspectContainerNetworkDefault	0.370s
PASS: docker_cli_inspect_test.go:44: DockerSuite.TestInspectDefault	0.363s
PASS: docker_cli_inspect_test.go:371: DockerSuite.TestInspectHistory	1.165s
PASS: docker_cli_inspect_test.go:24: DockerSuite.TestInspectImage	0.014s
PASS: docker_cli_inspect_test.go:125: DockerSuite.TestInspectImageFilterInt	0.025s
SKIP: docker_cli_inspect_test.go:163: DockerSuite.TestInspectImageGraphDriver (unmatched requirement Devicemapper)
PASS: docker_cli_inspect_test.go:38: DockerSuite.TestInspectInt64	0.373s
PASS: docker_cli_inspect_test.go:333: DockerSuite.TestInspectJSONFields	0.366s
PASS: docker_cli_inspect_test.go:283: DockerSuite.TestInspectLogConfigNoType	0.073s
PASS: docker_cli_inspect_test.go:238: DockerSuite.TestInspectNamedMountPoint	0.338s
PASS: docker_cli_inspect_test.go:296: DockerSuite.TestInspectNoSizeFlagContainer	0.363s
PASS: docker_cli_inspect_test.go:423: DockerSuite.TestInspectPlugin	4.380s
PASS: docker_cli_inspect_test.go:402: DockerSuite.TestInspectRootFS	0.014s
PASS: docker_cli_inspect_test.go:308: DockerSuite.TestInspectSizeFlagContainer	0.368s
PASS: docker_cli_inspect_test.go:55: DockerSuite.TestInspectStatus	0.658s
PASS: docker_cli_inspect_test.go:352: DockerSuite.TestInspectStopWhenNotFound	0.714s
PASS: docker_cli_inspect_test.go:319: DockerSuite.TestInspectTemplateError	0.364s
PASS: docker_cli_inspect_test.go:262: DockerSuite.TestInspectTimesAsRFC3339Nano	0.530s
PASS: docker_cli_inspect_test.go:80: DockerSuite.TestInspectTypeFlagContainer	0.362s
PASS: docker_cli_inspect_test.go:102: DockerSuite.TestInspectTypeFlagWithImage	0.356s
PASS: docker_cli_inspect_test.go:113: DockerSuite.TestInspectTypeFlagWithInvalidValue	0.361s
PASS: docker_cli_inspect_test.go:90: DockerSuite.TestInspectTypeFlagWithNoContainer	0.355s
PASS: docker_cli_inspect_test.go:454: DockerSuite.TestInspectUnknownObject	0.023s
PASS: docker_cli_run_unix_test.go:1157: DockerSuite.TestLegacyRunNoNewPrivSetuid	6.340s
PASS: docker_cli_links_test.go:200: DockerSuite.TestLinkShortDefinition	0.718s
PASS: docker_cli_links_test.go:191: DockerSuite.TestLinksEnvs	0.848s
PASS: docker_cli_links_test.go:227: DockerSuite.TestLinksEtcHostsRegularFile	0.327s
PASS: docker_cli_links_test.go:140: DockerSuite.TestLinksHostsFilesInject	0.905s
PASS: docker_cli_links_test.go:93: DockerSuite.TestLinksInspectLinksStarted	1.042s
PASS: docker_cli_links_test.go:112: DockerSuite.TestLinksInspectLinksStopped	1.040s
PASS: docker_cli_links_test.go:24: DockerSuite.TestLinksInvalidContainerTarget	0.068s
PASS: docker_cli_links_test.go:234: DockerSuite.TestLinksMultipleWithSameName	1.243s
PASS: docker_cli_links_test.go:216: DockerSuite.TestLinksNetworkHostContainer	0.286s
PASS: docker_cli_links_test.go:132: DockerSuite.TestLinksNotStartedParentNotFail	0.396s
PASS: docker_cli_links_test.go:36: DockerSuite.TestLinksPingLinkedContainers	8.235s
PASS: docker_cli_links_test.go:80: DockerSuite.TestLinksPingLinkedContainersAfterRename	1.681s
PASS: docker_cli_exec_test.go:379: DockerSuite.TestLinksPingLinkedContainersOnRename	0.942s
PASS: docker_cli_links_test.go:15: DockerSuite.TestLinksPingUnlinkedContainers	0.645s
PASS: docker_cli_links_test.go:158: DockerSuite.TestLinksUpdateOnRestart	1.464s
PASS: docker_cli_save_load_unix_test.go:91: DockerSuite.TestLoadNoStdinFail	0.013s
PASS: docker_cli_save_load_test.go:332: DockerSuite.TestLoadZeroSizeLayer	0.303s
PASS: docker_cli_login_test.go:11: DockerSuite.TestLoginWithoutTTY	0.019s
PASS: docker_api_logs_test.go:87: DockerSuite.TestLogsAPIContainerNotFound	0.001s
PASS: docker_api_logs_test.go:72: DockerSuite.TestLogsAPIFollowEmptyOutput	0.362s
PASS: docker_api_logs_test.go:59: DockerSuite.TestLogsAPINoStdoutNorStderr	0.330s
PASS: docker_api_logs_test.go:151: DockerSuite.TestLogsAPIUntil	3.489s
PASS: docker_api_logs_test.go:189: DockerSuite.TestLogsAPIUntilDefaultValue	0.584s
PASS: docker_api_logs_test.go:94: DockerSuite.TestLogsAPIUntilFutureFollow	6.118s
PASS: docker_api_logs_test.go:23: DockerSuite.TestLogsAPIWithStdout	0.358s
PASS: docker_cli_logs_test.go:318: DockerSuite.TestLogsCLIContainerNotFound	0.020s
PASS: docker_cli_logs_test.go:24: DockerSuite.TestLogsContainerBiggerThanPage	0.784s
PASS: docker_cli_logs_test.go:29: DockerSuite.TestLogsContainerMuchBiggerThanPage	0.757s
PASS: docker_cli_logs_test.go:19: DockerSuite.TestLogsContainerSmallerThanPage	0.770s
PASS: docker_cli_logs_test.go:300: DockerSuite.TestLogsFollowGoroutinesNoOutput	0.796s
PASS: docker_cli_logs_test.go:272: DockerSuite.TestLogsFollowGoroutinesWithStdout	0.577s
PASS: docker_cli_logs_test.go:214: DockerSuite.TestLogsFollowSlowStdoutConsumer	2.096s
PASS: docker_cli_logs_test.go:124: DockerSuite.TestLogsFollowStopped	0.527s
PASS: docker_cli_logs_test.go:66: DockerSuite.TestLogsSeparateStderr	0.530s
PASS: docker_cli_logs_test.go:145: DockerSuite.TestLogsSince	6.574s
PASS: docker_cli_logs_test.go:180: DockerSuite.TestLogsSinceFutureFollow	5.403s
PASS: docker_cli_logs_test.go:77: DockerSuite.TestLogsStderrInStdout	0.539s
PASS: docker_cli_logs_test.go:92: DockerSuite.TestLogsTail	0.626s
PASS: docker_cli_logs_test.go:41: DockerSuite.TestLogsTimestamps	0.535s
PASS: docker_cli_logs_test.go:325: DockerSuite.TestLogsWithDetails	0.500s
PASS: docker_cli_run_test.go:2909: DockerSuite.TestMountIntoProc	0.254s
PASS: docker_cli_run_test.go:2918: DockerSuite.TestMountIntoSys	0.497s
PASS: docker_cli_netmode_test.go:33: DockerSuite.TestNetHostname	1.539s
PASS: docker_cli_netmode_test.go:26: DockerSuite.TestNetHostnameWithNetHost	0.320s
PASS: docker_cli_events_unix_test.go:196: DockerSuite.TestNetworkEvents	0.710s
PASS: docker_cli_run_test.go:3513: DockerSuite.TestNetworkRmWithActiveContainers	1.048s
PASS: docker_cli_run_test.go:2695: DockerSuite.TestPermissionsPtsReadonlyRootfs	0.519s
PASS: docker_cli_plugins_test.go:76: DockerSuite.TestPluginActive	4.394s
PASS: docker_cli_plugins_test.go:99: DockerSuite.TestPluginActiveNetwork	9.662s
SKIP: docker_cli_plugins_test.go:344: DockerSuite.TestPluginInspectOnWindows (unmatched requirement DaemonIsWindows)
PASS: docker_cli_plugins_test.go:150: DockerSuite.TestPluginInstallDisableVolumeLs	3.662s
PASS: docker_cli_plugins_logdriver_test.go:12: DockerSuite.TestPluginLogDriver	4.986s
PASS: docker_cli_plugins_logdriver_test.go:32: DockerSuite.TestPluginLogDriverInfoList	3.755s
PASS: docker_cli_plugins_test.go:474: DockerSuite.TestPluginMetricsCollector	4.826s
PASS: docker_cli_plugins_test.go:442: DockerSuite.TestPluginUpgrade	9.040s
PASS: docker_cli_port_test.go:329: DockerSuite.TestPortBindingOnSandbox	1.259s
PASS: docker_cli_port_test.go:307: DockerSuite.TestPortExposeHostBinding	1.166s
PASS: docker_cli_port_test.go:285: DockerSuite.TestPortHostBinding	1.133s
PASS: docker_cli_port_test.go:15: DockerSuite.TestPortList	7.036s
PASS: docker_api_containers_test.go:1325: DockerSuite.TestPostContainerAPICreateWithStringOrSliceEntrypoint	1.004s
PASS: docker_api_attach_test.go:99: DockerSuite.TestPostContainersAttach	5.386s
PASS: docker_api_attach_test.go:78: DockerSuite.TestPostContainersAttachContainerNotFound	0.001s
PASS: docker_api_containers_test.go:1589: DockerSuite.TestPostContainersCreateMemorySwappinessHostConfigOmitted	0.046s
PASS: docker_api_containers_test.go:1503: DockerSuite.TestPostContainersCreateShmSizeHostConfigOmitted	0.515s
PASS: docker_api_containers_test.go:1485: DockerSuite.TestPostContainersCreateShmSizeNegative	0.003s
PASS: docker_api_containers_test.go:1531: DockerSuite.TestPostContainersCreateShmSizeOmitted	0.517s
PASS: docker_api_containers_test.go:1614: DockerSuite.TestPostContainersCreateWithOomScoreAdjInvalidRange	0.013s
PASS: docker_api_containers_test.go:1558: DockerSuite.TestPostContainersCreateWithShmSize	0.507s
PASS: docker_api_containers_test.go:1380: DockerSuite.TestPostContainersCreateWithStringOrSliceCapAddDrop	0.089s
PASS: docker_api_containers_test.go:1353: DockerSuite.TestPostContainersCreateWithStringOrSliceCmd	1.020s
PASS: docker_api_containers_test.go:1452: DockerSuite.TestPostContainersCreateWithWrongCpusetValues	0.005s
PASS: docker_cli_prune_unix_test.go:133: DockerSuite.TestPruneContainerLabel	2.660s
PASS: docker_cli_prune_unix_test.go:113: DockerSuite.TestPruneContainerUntil	1.088s
PASS: docker_cli_prune_unix_test.go:249: DockerSuite.TestPruneNetworkLabel	0.333s
PASS: docker_cli_prune_unix_test.go:191: DockerSuite.TestPruneVolumeLabel	0.137s
PASS: docker_cli_ps_test.go:794: DockerSuite.TestPsByOrder	1.402s
PASS: docker_cli_ps_test.go:547: DockerSuite.TestPsImageIDAfterUpdate	0.676s
PASS: docker_cli_ps_test.go:19: DockerSuite.TestPsListContainersBase	1.671s
PASS: docker_cli_ps_test.go:306: DockerSuite.TestPsListContainersFilterAncestorImage	5.220s
PASS: docker_cli_ps_test.go:516: DockerSuite.TestPsListContainersFilterCreated	0.090s
PASS: docker_cli_ps_test.go:437: DockerSuite.TestPsListContainersFilterExited	2.454s
PASS: docker_cli_ps_test.go:227: DockerSuite.TestPsListContainersFilterHealth	6.012s
PASS: docker_cli_ps_test.go:270: DockerSuite.TestPsListContainersFilterID	0.792s
PASS: docker_cli_ps_test.go:401: DockerSuite.TestPsListContainersFilterLabel	1.636s
PASS: docker_cli_ps_test.go:284: DockerSuite.TestPsListContainersFilterName	0.942s
PASS: docker_cli_ps_test.go:714: DockerSuite.TestPsListContainersFilterNetwork	0.784s
PASS: docker_cli_ps_test.go:813: DockerSuite.TestPsListContainersFilterPorts	0.774s
PASS: docker_cli_ps_test.go:180: DockerSuite.TestPsListContainersFilterStatus	1.306s
PASS: docker_cli_ps_test.go:140: DockerSuite.TestPsListContainersSize	1.130s
PASS: docker_cli_ps_test.go:849: DockerSuite.TestPsNotShowLinknamesOfDeletedContainer	0.175s
PASS: docker_cli_ps_test.go:596: DockerSuite.TestPsNotShowPortsOfStoppedContainer	0.633s
PASS: docker_cli_ps_test.go:470: DockerSuite.TestPsRightTagName	1.131s
PASS: docker_cli_ps_test.go:614: DockerSuite.TestPsShowMounts	1.223s
PASS: docker_cli_run_test.go:3144: DockerSuite.TestPtraceContainerProcsFromHost	0.373s
SKIP: docker_cli_pull_test.go:263: DockerSuite.TestPullLinuxImageFailsOnWindows (unmatched requirement DaemonIsWindows)
PASS: docker_cli_pull_test.go:270: DockerSuite.TestPullWindowsImageFailsOnLinux	1.831s
PASS: docker_cli_push_test.go:291: DockerSuite.TestPushToCentralRegistryUnauthorized	1.319s
PASS: docker_cli_push_test.go:38: DockerSuite.TestPushUnprefixedRepo	1.011s
PASS: docker_api_containers_test.go:1425: DockerSuite.TestPutContainerArchiveErrSymlinkInVolumeToReadOnlyRootfs	0.647s
PASS: docker_cli_restart_test.go:297: DockerSuite.TestRestartAutoRemoveContainer	1.083s
PASS: docker_cli_restart_test.go:166: DockerSuite.TestRestartContainerSuccess	0.916s
PASS: docker_cli_restart_test.go:151: DockerSuite.TestRestartContainerwithGoodContainer	0.541s
PASS: docker_cli_restart_test.go:266: DockerSuite.TestRestartContainerwithRestartPolicy	5.893s
PASS: docker_cli_restart_test.go:78: DockerSuite.TestRestartDisconnectedContainer	0.858s
PASS: docker_cli_restart_test.go:236: DockerSuite.TestRestartPolicyAfterRestart	1.420s
PASS: docker_cli_restart_test.go:103: DockerSuite.TestRestartPolicyAlways	0.097s
PASS: docker_cli_restart_test.go:95: DockerSuite.TestRestartPolicyNO	0.068s
PASS: docker_cli_restart_test.go:116: DockerSuite.TestRestartPolicyOnFailure	0.263s
PASS: docker_cli_restart_test.go:30: DockerSuite.TestRestartRunningContainer	1.944s
PASS: docker_cli_restart_test.go:13: DockerSuite.TestRestartStoppedContainer	1.029s
PASS: docker_cli_restart_test.go:192: DockerSuite.TestRestartWithPolicyUserDefinedNetwork	1.846s
PASS: docker_cli_restart_test.go:53: DockerSuite.TestRestartWithVolumes	0.941s
PASS: docker_cli_rmi_test.go:217: DockerSuite.TestRmiBlank	0.014s
PASS: docker_cli_rmi_test.go:327: DockerSuite.TestRmiByIDHardConflict	0.102s
PASS: docker_cli_rmi_test.go:227: DockerSuite.TestRmiContainerImageNotFound	4.566s
PASS: docker_cli_rmi_test.go:171: DockerSuite.TestRmiForceWithExistingContainers	1.403s
PASS: docker_cli_rmi_test.go:199: DockerSuite.TestRmiForceWithMultipleRepositories	0.513s
PASS: docker_cli_rmi_test.go:144: DockerSuite.TestRmiImageIDForceWithRunningContainersAndMultipleTags	1.330s
PASS: docker_cli_rmi_test.go:106: DockerSuite.TestRmiImgIDForce	1.538s
PASS: docker_cli_rmi_test.go:65: DockerSuite.TestRmiImgIDMultipleTag	1.516s
PASS: docker_cli_rmi_test.go:297: DockerSuite.TestRmiParentImageFail	1.277s
PASS: docker_cli_rmi_test.go:37: DockerSuite.TestRmiTag	0.175s
PASS: docker_cli_rmi_test.go:159: DockerSuite.TestRmiTagWithExistingContainers	0.537s
PASS: docker_cli_rmi_test.go:253: DockerSuite.TestRmiUntagHistoryLayer	4.147s
PASS: docker_cli_rmi_test.go:16: DockerSuite.TestRmiWithContainerFails	0.400s
PASS: docker_cli_rmi_test.go:185: DockerSuite.TestRmiWithMultipleRepositories	1.353s
PASS: docker_cli_rmi_test.go:310: DockerSuite.TestRmiWithParentInUse	1.961s
PASS: docker_cli_run_test.go:4522: DockerSuite.TestRunAddDeviceCgroupRule	1.049s
PASS: docker_cli_run_test.go:1580: DockerSuite.TestRunAddHost	0.526s
PASS: docker_cli_run_test.go:4039: DockerSuite.TestRunAddHostInHostMode	0.331s
PASS: docker_cli_run_test.go:1172: DockerSuite.TestRunAddingOptionalDevices	0.519s
PASS: docker_cli_run_test.go:1190: DockerSuite.TestRunAddingOptionalDevicesInvalidMode	0.013s
PASS: docker_cli_run_test.go:1181: DockerSuite.TestRunAddingOptionalDevicesNoSrc	0.532s
PASS: docker_cli_run_test.go:2061: DockerSuite.TestRunAllocatePortInReservedRange	0.735s
PASS: docker_cli_run_test.go:1231: DockerSuite.TestRunAllowBindMountingRoot	0.523s
PASS: docker_cli_run_test.go:2266: DockerSuite.TestRunAllowPortRangeThroughExpose	0.415s
PASS: docker_cli_run_test.go:2624: DockerSuite.TestRunAllowPortRangeThroughPublish	0.398s
PASS: docker_cli_run_unix_test.go:1329: DockerSuite.TestRunApparmorProcDirectory	1.002s
PASS: docker_cli_run_test.go:573: DockerSuite.TestRunApplyVolumesFromBeforeVolumes	1.034s
PASS: docker_cli_run_unix_test.go:97: DockerSuite.TestRunAttachDetach	0.491s
PASS: docker_cli_run_unix_test.go:242: DockerSuite.TestRunAttachDetachFromConfig	0.470s
PASS: docker_cli_run_unix_test.go:148: DockerSuite.TestRunAttachDetachFromFlag	0.483s
PASS: docker_cli_run_unix_test.go:209: DockerSuite.TestRunAttachDetachFromInvalidFlag	0.375s
PASS: docker_cli_run_unix_test.go:325: DockerSuite.TestRunAttachDetachKeysOverrideConfig	0.498s
PASS: docker_cli_run_test.go:3920: DockerSuite.TestRunAttachFailedNoLeak	0.757s
PASS: docker_cli_run_unix_test.go:407: DockerSuite.TestRunAttachInvalidDetachKeySequencePreserved	0.662s
PASS: docker_cli_run_test.go:1592: DockerSuite.TestRunAttachStdErrOnlyTTYMode	0.538s
PASS: docker_cli_run_test.go:1608: DockerSuite.TestRunAttachStdOutAndErrTTYMode	0.511s
PASS: docker_cli_run_test.go:1600: DockerSuite.TestRunAttachStdOutOnlyTTYMode	0.506s
PASS: docker_cli_run_test.go:1617: DockerSuite.TestRunAttachWithDetach	0.013s
PASS: docker_cli_run_test.go:1882: DockerSuite.TestRunBindMounts	1.605s
PASS: docker_cli_run_test.go:1053: DockerSuite.TestRunCapAddALLCanDownInterface	0.491s
PASS: docker_cli_run_test.go:1063: DockerSuite.TestRunCapAddALLDropNetAdminCanDownInterface	0.513s
PASS: docker_cli_run_test.go:3008: DockerSuite.TestRunCapAddCHOWN	0.509s
PASS: docker_cli_run_test.go:1043: DockerSuite.TestRunCapAddCanDownInterface	0.518s
PASS: docker_cli_run_test.go:1034: DockerSuite.TestRunCapAddInvalid	0.122s
PASS: docker_cli_run_test.go:3194: DockerSuite.TestRunCapAddSYSTIME	0.510s
PASS: docker_cli_run_test.go:1024: DockerSuite.TestRunCapDropALLAddMknodCanMknod	0.499s
PASS: docker_cli_run_test.go:1012: DockerSuite.TestRunCapDropALLCannotMknod	0.467s
PASS: docker_cli_run_test.go:986: DockerSuite.TestRunCapDropCannotMknod	0.549s
PASS: docker_cli_run_test.go:999: DockerSuite.TestRunCapDropCannotMknodLowerCase	0.498s
PASS: docker_cli_run_test.go:977: DockerSuite.TestRunCapDropInvalid	0.125s
PASS: docker_cli_run_test.go:1964: DockerSuite.TestRunCidFileCheckIDLength	0.343s
PASS: docker_cli_run_test.go:1933: DockerSuite.TestRunCidFileCleanupIfEmpty	0.017s
PASS: docker_cli_run_test.go:1695: DockerSuite.TestRunCleanupCmdOnEntrypoint	2.346s
PASS: docker_cli_run_test.go:3336: DockerSuite.TestRunContainerNetModeWithDNSMacHosts	0.407s
PASS: docker_cli_run_test.go:3360: DockerSuite.TestRunContainerNetModeWithExposePort	0.399s
PASS: docker_cli_run_test.go:922: DockerSuite.TestRunContainerNetwork	0.516s
PASS: docker_cli_run_test.go:3327: DockerSuite.TestRunContainerNetworkModeToSelf	0.081s
PASS: docker_cli_run_test.go:3311: DockerSuite.TestRunContainerWithCgroupMountRO	0.507s
PASS: docker_cli_run_test.go:3237: DockerSuite.TestRunContainerWithCgroupParent	1.083s
PASS: docker_cli_run_test.go:2734: DockerSuite.TestRunContainerWithReadonlyEtcHostsAndLinkedContainer	0.839s
PASS: docker_cli_run_test.go:2683: DockerSuite.TestRunContainerWithReadonlyRootfs	1.019s
PASS: docker_cli_run_test.go:2756: DockerSuite.TestRunContainerWithReadonlyRootfsWithAddHostFlag	0.501s
PASS: docker_cli_run_test.go:2746: DockerSuite.TestRunContainerWithReadonlyRootfsWithDNSFlag	0.506s
PASS: docker_cli_run_test.go:2793: DockerSuite.TestRunContainerWithRmFlagCannotStartContainer	0.499s
PASS: docker_cli_run_test.go:2779: DockerSuite.TestRunContainerWithRmFlagExitCodeNotEqualToZero	0.550s
PASS: docker_cli_run_test.go:2679: DockerSuite.TestRunContainerWithWritableRootfs	0.524s
PASS: docker_cli_run_test.go:1680: DockerSuite.TestRunCopyVolumeContent	1.677s
PASS: docker_cli_run_test.go:1662: DockerSuite.TestRunCopyVolumeUIDGID	3.987s
PASS: docker_cli_run_test.go:3202: DockerSuite.TestRunCreateContainerFailedCleanUp	0.094s
PASS: docker_cli_run_test.go:612: DockerSuite.TestRunCreateVolume	0.512s
PASS: docker_cli_run_test.go:2153: DockerSuite.TestRunCreateVolumeEtc	1.576s
PASS: docker_cli_run_test.go:622: DockerSuite.TestRunCreateVolumeWithSymlink	1.735s
PASS: docker_cli_run_test.go:378: DockerSuite.TestRunCreateVolumesInSymlinkDir	2.960s
PASS: docker_cli_run_test.go:422: DockerSuite.TestRunCreateVolumesInSymlinkDir2	2.928s
SKIP: docker_cli_run_test.go:4146: DockerSuite.TestRunCredentialSpecFailures (unmatched requirement DaemonIsWindows)
SKIP: docker_cli_run_test.go:4166: DockerSuite.TestRunCredentialSpecWellFormed (unmatched requirement DaemonIsWindows)
PASS: docker_cli_run_test.go:1254: DockerSuite.TestRunDNSDefaultOptions	0.494s
PASS: docker_cli_run_test.go:4004: DockerSuite.TestRunDNSInHostMode	1.643s
PASS: docker_cli_run_test.go:1288: DockerSuite.TestRunDNSOptions	1.020s
PASS: docker_cli_run_test.go:1322: DockerSuite.TestRunDNSOptionsBasedOnHostResolvConf	1.555s
PASS: docker_cli_run_test.go:1312: DockerSuite.TestRunDNSRepeatOptions	0.506s
PASS: docker_cli_run_test.go:2026: DockerSuite.TestRunDeallocatePortOnMissingIptablesRule	0.960s
PASS: docker_cli_run_test.go:121: DockerSuite.TestRunDetachedContainerIDPrinting	0.565s
SKIP: docker_cli_run_unix_test.go:83: DockerSuite.TestRunDeviceDirectory (Host does not have /dev/snd)
PASS: docker_cli_run_test.go:1141: DockerSuite.TestRunDeviceNumbers	0.504s
PASS: docker_cli_run_unix_test.go:1357: DockerSuite.TestRunDeviceSymlink	1.173s
PASS: docker_cli_run_test.go:1240: DockerSuite.TestRunDisallowBindMountingRootToRoot	0.062s
PASS: docker_cli_run_test.go:4173: DockerSuite.TestRunDuplicateMount	0.523s
PASS: docker_cli_run_test.go:51: DockerSuite.TestRunEchoNamedContainer	0.518s
PASS: docker_cli_run_test.go:43: DockerSuite.TestRunEchoStdout	0.494s
PASS: docker_cli_run_unix_test.go:538: DockerSuite.TestRunEchoStdoutWithCPUSharesAndMemoryLimit	0.562s
PASS: docker_cli_run_test.go:4259: DockerSuite.TestRunEmptyEnv	0.040s
PASS: docker_cli_run_test.go:1871: DockerSuite.TestRunEntrypoint	0.525s
PASS: docker_cli_run_test.go:817: DockerSuite.TestRunEnvironment	0.509s
PASS: docker_cli_run_test.go:856: DockerSuite.TestRunEnvironmentErase	0.552s
PASS: docker_cli_run_test.go:889: DockerSuite.TestRunEnvironmentOverride	0.511s
PASS: docker_cli_run_test.go:699: DockerSuite.TestRunExitCode	0.513s
PASS: docker_cli_run_test.go:90: DockerSuite.TestRunExitCodeOne	0.499s
PASS: docker_cli_run_test.go:85: DockerSuite.TestRunExitCodeZero	0.498s
PASS: docker_cli_run_test.go:1734: DockerSuite.TestRunExitOnStdinClose	0.544s
PASS: docker_cli_run_test.go:2289: DockerSuite.TestRunExposePort	0.023s
PASS: docker_cli_run_test.go:948: DockerSuite.TestRunFullHostnameSet	0.509s
PASS: docker_cli_run_test.go:1075: DockerSuite.TestRunGroupAdd	0.528s
PASS: docker_cli_run_test.go:4501: DockerSuite.TestRunHostnameFQDN	1.019s
PASS: docker_cli_run_test.go:4514: DockerSuite.TestRunHostnameInHostMode	0.339s
SKIP: docker_cli_run_test.go:4242: DockerSuite.TestRunHypervIsolationWithCPUCountCPUSharesAndCPUPercent (unmatched requirement DaemonIsWindows)
PASS: docker_cli_run_test.go:3726: DockerSuite.TestRunInitLayerPathOwnership	3.857s
PASS: docker_cli_run_test.go:2004: DockerSuite.TestRunInspectMacAddress	0.349s
PASS: docker_cli_run_test.go:1791: DockerSuite.TestRunInteractiveWithRestartPolicy	11.097s
PASS: docker_cli_run_unix_test.go:767: DockerSuite.TestRunInvalidCPUShares	0.623s
PASS: docker_cli_run_test.go:3272: DockerSuite.TestRunInvalidCgroupParent	1.033s
PASS: docker_cli_run_unix_test.go:729: DockerSuite.TestRunInvalidCpusetCpusFlagValue	0.018s
PASS: docker_cli_run_unix_test.go:748: DockerSuite.TestRunInvalidCpusetMemsFlagValue	0.015s
PASS: docker_cli_run_test.go:3714: DockerSuite.TestRunInvalidReference	0.012s
PASS: docker_cli_run_test.go:60: DockerSuite.TestRunLeakyFileDescriptors	0.539s
PASS: docker_cli_run_test.go:3381: DockerSuite.TestRunLinkToContainerNetMode	1.519s
PASS: docker_cli_run_test.go:193: DockerSuite.TestRunLinksContainerWithContainerID	0.890s
PASS: docker_cli_run_test.go:178: DockerSuite.TestRunLinksContainerWithContainerName	0.863s
PASS: docker_cli_run_test.go:72: DockerSuite.TestRunLookupGoogleDNS	0.920s
PASS: docker_cli_run_test.go:3391: DockerSuite.TestRunLoopbackOnlyExistsWhenNetworkingDisabled	0.415s
PASS: docker_cli_run_test.go:3417: DockerSuite.TestRunLoopbackWhenNetworkDisabled	0.410s
PASS: docker_cli_run_test.go:1199: DockerSuite.TestRunModeHostname	0.829s
PASS: docker_cli_run_test.go:2317: DockerSuite.TestRunModeIpcContainerNotExists	0.016s
PASS: docker_cli_run_test.go:2326: DockerSuite.TestRunModeIpcContainerNotRunning	0.175s
PASS: docker_cli_run_test.go:2295: DockerSuite.TestRunModeIpcHost	0.999s
PASS: docker_cli_run_test.go:3425: DockerSuite.TestRunModeNetContainerHostname	0.792s
PASS: docker_cli_run_test.go:2339: DockerSuite.TestRunModePIDContainer	0.845s
PASS: docker_cli_run_test.go:2364: DockerSuite.TestRunModePIDContainerNotExists	0.015s
PASS: docker_cli_run_test.go:2373: DockerSuite.TestRunModePIDContainerNotRunning	0.189s
PASS: docker_cli_run_test.go:2431: DockerSuite.TestRunModePIDHost	1.037s
PASS: docker_cli_run_test.go:2453: DockerSuite.TestRunModeUTSHost	1.111s
PASS: docker_cli_run_test.go:4321: DockerSuite.TestRunMount	5.131s
PASS: docker_cli_run_test.go:2082: DockerSuite.TestRunMountOrdering	0.511s
PASS: docker_cli_run_test.go:4309: DockerSuite.TestRunMountReadOnlyDevShm	0.533s
PASS: docker_cli_run_test.go:2386: DockerSuite.TestRunMountShmMqueueFromHost	0.823s
PASS: docker_cli_run_test.go:582: DockerSuite.TestRunMultipleVolumesFrom	1.557s
PASS: docker_cli_exec_test.go:395: DockerSuite.TestRunMutableNetworkFiles	2.195s
PASS: docker_cli_run_test.go:3214: DockerSuite.TestRunNamedVolume	1.557s
PASS: docker_cli_run_test.go:3858: DockerSuite.TestRunNamedVolumeCopyImageData	2.153s
PASS: docker_cli_run_test.go:3872: DockerSuite.TestRunNamedVolumeNotRemoved	1.120s
PASS: docker_cli_run_test.go:3889: DockerSuite.TestRunNamedVolumesFromNotRemoved	1.224s
PASS: docker_cli_run_test.go:3851: DockerSuite.TestRunNamedVolumesMountedAsShared	0.061s
PASS: docker_cli_run_test.go:2606: DockerSuite.TestRunNetContainerWhichHost	0.552s
PASS: docker_cli_run_test.go:2575: DockerSuite.TestRunNetHost	0.835s
PASS: docker_cli_run_test.go:931: DockerSuite.TestRunNetHostNotAllowedWithLinks	0.584s
PASS: docker_cli_run_test.go:2597: DockerSuite.TestRunNetHostTwiceSameName	0.742s
PASS: docker_cli_run_test.go:3069: DockerSuite.TestRunNetworkFilesBindMount	1.566s
PASS: docker_cli_run_test.go:3093: DockerSuite.TestRunNetworkFilesBindMountRO	1.581s
PASS: docker_cli_run_test.go:3115: DockerSuite.TestRunNetworkFilesBindMountROFilesystem	3.115s
PASS: docker_cli_run_test.go:3438: DockerSuite.TestRunNetworkNotInitializedNoneMode	0.345s
PASS: docker_cli_run_test.go:521: DockerSuite.TestRunNoDupVolumes	0.159s
PASS: docker_cli_run_unix_test.go:1144: DockerSuite.TestRunNoNewPrivSetuid	1.708s
PASS: docker_cli_run_test.go:2194: DockerSuite.TestRunNoOutputFromPullInStdout	1.022s
PASS: docker_cli_run_test.go:3663: DockerSuite.TestRunNonExecutableCmd	0.475s
PASS: docker_cli_run_test.go:3672: DockerSuite.TestRunNonExistingCmd	0.480s
PASS: docker_cli_run_test.go:3697: DockerSuite.TestRunNonExistingImage	0.996s
PASS: docker_cli_run_test.go:2558: DockerSuite.TestRunNonLocalMacAddress	0.530s
PASS: docker_cli_run_test.go:1404: DockerSuite.TestRunNonRootUserResolvName	0.891s
SKIP: docker_cli_run_unix_test.go:617: DockerSuite.TestRunOOMExitCode (unmatched requirement swapMemorySupport)
PASS: docker_cli_run_test.go:2806: DockerSuite.TestRunPIDHostWithChildIsKillable	0.547s
PASS: docker_cli_run_unix_test.go:1406: DockerSuite.TestRunPIDsLimit	0.539s
PASS: docker_cli_run_test.go:2494: DockerSuite.TestRunPortFromDockerRangeInUse	0.758s
PASS: docker_cli_run_test.go:2042: DockerSuite.TestRunPortInUse	0.481s
PASS: docker_cli_run_unix_test.go:1417: DockerSuite.TestRunPrivilegedAllowedDevices	0.463s
PASS: docker_cli_run_test.go:957: DockerSuite.TestRunPrivilegedCanMknod	0.461s
PASS: docker_cli_run_test.go:1086: DockerSuite.TestRunPrivilegedCanMount	0.497s
PASS: docker_cli_run_test.go:1125: DockerSuite.TestRunProcNotWritableInNonPrivilegedContainers	0.533s
PASS: docker_cli_run_test.go:1133: DockerSuite.TestRunProcWritableInPrivilegedContainers	0.491s
SKIP: docker_cli_run_test.go:4224: DockerSuite.TestRunProcessIsolationWithCPUCountCPUSharesAndCPUPercent (unmatched requirement DaemonIsWindows)
PASS: docker_cli_run_test.go:2983: DockerSuite.TestRunPublishPort	0.384s
PASS: docker_cli_run_test.go:2886: DockerSuite.TestRunReadFilteredProc	0.453s
SKIP: docker_cli_run_test.go:2865: DockerSuite.TestRunReadProcLatency (kernel doesn't have latency_stats configured)
PASS: docker_cli_run_test.go:2850: DockerSuite.TestRunReadProcTimer	0.497s
PASS: docker_cli_run_unix_test.go:34: DockerSuite.TestRunRedirectStdout	1.070s
SKIP: docker_cli_run_test.go:1426: DockerSuite.TestRunResolvconfUpdate (Unstable test, to be re-activated once #19937 is resolved)
PASS: docker_cli_run_test.go:2656: DockerSuite.TestRunRestartMaxRetries	2.376s
PASS: docker_cli_run_test.go:2127: DockerSuite.TestRunReuseBindVolumeThatIsSymlink	1.060s
PASS: docker_cli_run_test.go:4057: DockerSuite.TestRunRm	0.553s
PASS: docker_cli_run_test.go:4047: DockerSuite.TestRunRmAndWait	3.497s
PASS: docker_cli_run_test.go:4068: DockerSuite.TestRunRmPre125Api	0.547s
PASS: docker_cli_run_test.go:1220: DockerSuite.TestRunRootWorkdir	0.481s
PASS: docker_cli_run_unix_test.go:1050: DockerSuite.TestRunSeccompAllowPrivCloneUserns	3.844s
PASS: docker_cli_run_unix_test.go:1070: DockerSuite.TestRunSeccompAllowSetrlimit	1.536s
PASS: docker_cli_run_unix_test.go:1077: DockerSuite.TestRunSeccompDefaultProfileAcct	18.018s
PASS: docker_cli_run_unix_test.go:1107: DockerSuite.TestRunSeccompDefaultProfileNS	20.798s
PASS: docker_cli_run_unix_test.go:1062: DockerSuite.TestRunSeccompProfileAllow32Bit	1.535s
PASS: docker_cli_run_unix_test.go:952: DockerSuite.TestRunSeccompProfileDenyChmod	0.490s
PASS: docker_cli_run_unix_test.go:1025: DockerSuite.TestRunSeccompProfileDenyCloneUserns	1.557s
PASS: docker_cli_run_unix_test.go:923: DockerSuite.TestRunSeccompProfileDenyUnshare	1.488s
PASS: docker_cli_run_unix_test.go:987: DockerSuite.TestRunSeccompProfileDenyUnshareUserns	1.499s
PASS: docker_cli_run_unix_test.go:1037: DockerSuite.TestRunSeccompUnconfinedCloneUserns	1.626s
PASS: docker_cli_run_unix_test.go:1348: DockerSuite.TestRunSeccompWithDefaultProfile	1.502s
PASS: docker_cli_run_test.go:2648: DockerSuite.TestRunSetDefaultRestartPolicy	0.363s
PASS: docker_cli_run_test.go:1988: DockerSuite.TestRunSetMacAddress	0.537s
PASS: docker_cli_run_test.go:2238: DockerSuite.TestRunSlowStdoutConsumer	2.444s
PASS: docker_cli_run_test.go:1625: DockerSuite.TestRunState	0.902s
PASS: docker_cli_run_test.go:3617: DockerSuite.TestRunStdinBlockedAfterContainerExit	0.522s
PASS: docker_cli_run_test.go:97: DockerSuite.TestRunStdinPipe	0.575s
PASS: docker_cli_run_test.go:4132: DockerSuite.TestRunStoppedLoggingDriverNoLeak	0.163s
SKIP: docker_cli_run_unix_test.go:719: DockerSuite.TestRunSwapLessThanMemoryLimit (unmatched requirement swapMemorySupport)
PASS: docker_cli_run_test.go:1109: DockerSuite.TestRunSysNotWritableInNonPrivilegedContainers	0.513s
PASS: docker_cli_run_test.go:1117: DockerSuite.TestRunSysWritableInPrivilegedContainers	0.487s
PASS: docker_cli_run_unix_test.go:892: DockerSuite.TestRunSysctls	1.074s
PASS: docker_cli_run_test.go:2478: DockerSuite.TestRunTLSVerify	0.041s
PASS: docker_cli_run_test.go:2526: DockerSuite.TestRunTTYWithPipe	0.012s
PASS: docker_cli_run_test.go:1157: DockerSuite.TestRunThatCharacterDevicesActLikeCharacterDevices	0.511s
PASS: docker_cli_run_unix_test.go:819: DockerSuite.TestRunTmpfsMounts	1.737s
PASS: docker_cli_run_unix_test.go:811: DockerSuite.TestRunTmpfsMountsEnsureOrdered	0.502s
PASS: docker_cli_run_unix_test.go:840: DockerSuite.TestRunTmpfsMountsOverrideImageVolumes	1.901s
PASS: docker_cli_run_unix_test.go:852: DockerSuite.TestRunTmpfsMountsWithOptions	3.589s
PASS: docker_cli_run_test.go:795: DockerSuite.TestRunTwoConcurrentContainers	2.708s
PASS: docker_cli_run_test.go:967: DockerSuite.TestRunUnprivilegedCanMknod	0.585s
PASS: docker_cli_run_test.go:1096: DockerSuite.TestRunUnprivilegedCannotMount	0.509s
PASS: docker_cli_run_test.go:1166: DockerSuite.TestRunUnprivilegedWithChroot	0.552s
PASS: docker_cli_run_test.go:4080: DockerSuite.TestRunUnsetEntrypoint	4.456s
PASS: docker_cli_run_test.go:2925: DockerSuite.TestRunUnshareProc	5.371s
PASS: docker_cli_run_test.go:736: DockerSuite.TestRunUserByID	0.535s
PASS: docker_cli_run_test.go:746: DockerSuite.TestRunUserByIDBig	0.129s
PASS: docker_cli_run_test.go:759: DockerSuite.TestRunUserByIDNegative	0.127s
PASS: docker_cli_run_test.go:772: DockerSuite.TestRunUserByIDZero	0.532s
PASS: docker_cli_run_test.go:726: DockerSuite.TestRunUserByName	0.531s
PASS: docker_cli_run_test.go:715: DockerSuite.TestRunUserDefaults	0.544s
SKIP: docker_cli_run_unix_test.go:1426: DockerSuite.TestRunUserDeviceAllowed (Host does not have /dev/snd/timer)
PASS: docker_cli_run_test.go:785: DockerSuite.TestRunUserNotFound	0.128s
PASS: docker_cli_run_test.go:593: DockerSuite.TestRunVerifyContainerID	0.331s
PASS: docker_cli_run_test.go:3969: DockerSuite.TestRunVolumeCopyFlag	4.158s
PASS: docker_cli_run_test.go:3962: DockerSuite.TestRunVolumeWithOneCharacter	0.517s
PASS: docker_cli_run_test.go:2207: DockerSuite.TestRunVolumesCleanPaths	1.568s
PASS: docker_cli_run_test.go:473: DockerSuite.TestRunVolumesFromInReadWriteMode	1.621s
PASS: docker_cli_run_test.go:452: DockerSuite.TestRunVolumesFromInReadonlyModeFails	1.063s
PASS: docker_cli_run_test.go:2766: DockerSuite.TestRunVolumesFromRestartAfterRemoved	1.444s
PASS: docker_cli_run_test.go:658: DockerSuite.TestRunVolumesFromSymlinkPath	2.974s
PASS: docker_cli_run_test.go:446: DockerSuite.TestRunVolumesMountedAsReadonly	0.529s
PASS: docker_cli_run_test.go:3771: DockerSuite.TestRunVolumesMountedAsShared	0.509s
PASS: docker_cli_run_test.go:3802: DockerSuite.TestRunVolumesMountedAsSlave	0.465s
SKIP: docker_cli_run_test.go:4194: DockerSuite.TestRunWindowsWithCPUCount (unmatched requirement DaemonIsWindows)
SKIP: docker_cli_run_test.go:4214: DockerSuite.TestRunWindowsWithCPUPercent (unmatched requirement DaemonIsWindows)
SKIP: docker_cli_run_test.go:4204: DockerSuite.TestRunWindowsWithCPUShares (unmatched requirement DaemonIsWindows)
PASS: docker_cli_run_test.go:1856: DockerSuite.TestRunWithBadDevice	0.166s
PASS: docker_cli_run_unix_test.go:568: DockerSuite.TestRunWithBlkioWeight	0.517s
PASS: docker_cli_run_unix_test.go:458: DockerSuite.TestRunWithCPUQuota	0.688s
PASS: docker_cli_run_unix_test.go:526: DockerSuite.TestRunWithCPUShares	0.549s
PASS: docker_cli_run_unix_test.go:469: DockerSuite.TestRunWithCpuPeriod	1.052s
PASS: docker_cli_run_unix_test.go:546: DockerSuite.TestRunWithCpusetCpus	0.533s
PASS: docker_cli_run_unix_test.go:557: DockerSuite.TestRunWithCpusetMems	0.544s
PASS: docker_cli_run_test.go:341: DockerSuite.TestRunWithDaemonFlags	0.012s
PASS: docker_cli_run_unix_test.go:785: DockerSuite.TestRunWithDefaultShmSize	0.513s
PASS: docker_cli_run_unix_test.go:579: DockerSuite.TestRunWithInvalidBlkioWeight	0.023s
PASS: docker_cli_run_unix_test.go:483: DockerSuite.TestRunWithInvalidCpuPeriod	0.046s
PASS: docker_cli_run_unix_test.go:512: DockerSuite.TestRunWithInvalidKernelMemory	0.035s
PASS: docker_cli_run_test.go:2018: DockerSuite.TestRunWithInvalidMacAddress	0.012s
PASS: docker_cli_run_unix_test.go:593: DockerSuite.TestRunWithInvalidPathforBlkioDeviceReadBps	0.112s
PASS: docker_cli_run_unix_test.go:605: DockerSuite.TestRunWithInvalidPathforBlkioDeviceReadIOps	0.121s
PASS: docker_cli_run_unix_test.go:599: DockerSuite.TestRunWithInvalidPathforBlkioDeviceWriteBps	0.115s
PASS: docker_cli_run_unix_test.go:611: DockerSuite.TestRunWithInvalidPathforBlkioDeviceWriteIOps	0.161s
PASS: docker_cli_run_unix_test.go:587: DockerSuite.TestRunWithInvalidPathforBlkioWeightDevice	0.129s
PASS: docker_cli_run_unix_test.go:499: DockerSuite.TestRunWithKernelMemory	0.547s
PASS: docker_cli_run_unix_test.go:637: DockerSuite.TestRunWithMemoryLimit	0.547s
PASS: docker_cli_run_unix_test.go:682: DockerSuite.TestRunWithMemoryReservation	0.531s
PASS: docker_cli_run_unix_test.go:693: DockerSuite.TestRunWithMemoryReservationInvalid	0.035s
PASS: docker_cli_run_unix_test.go:1563: DockerSuite.TestRunWithNanoCPUs	0.564s
PASS: docker_cli_run_test.go:282: DockerSuite.TestRunWithNetAliasOnDefaultNetworks	0.194s
PASS: docker_cli_run_test.go:3743: DockerSuite.TestRunWithOomScoreAdj	0.507s
PASS: docker_cli_run_test.go:3754: DockerSuite.TestRunWithOomScoreAdjInvalidRange	0.037s
PASS: docker_cli_run_unix_test.go:798: DockerSuite.TestRunWithShmSize	0.525s
PASS: docker_cli_run_unix_test.go:660: DockerSuite.TestRunWithSwappiness	0.551s
PASS: docker_cli_run_unix_test.go:670: DockerSuite.TestRunWithSwappinessInvalid	0.024s
PASS: docker_cli_run_test.go:2829: DockerSuite.TestRunWithTooSmallMemoryLimit	0.017s
PASS: docker_cli_run_test.go:3226: DockerSuite.TestRunWithUlimits	0.497s
PASS: docker_cli_run_test.go:348: DockerSuite.TestRunWithVolumesFromExited	1.064s
PASS: docker_cli_run_unix_test.go:62: DockerSuite.TestRunWithVolumesIsRecursive	0.514s
SKIP: docker_cli_run_unix_test.go:653: DockerSuite.TestRunWithoutMemoryswapLimit (unmatched requirement swapMemorySupport)
PASS: docker_cli_run_test.go:159: DockerSuite.TestRunWithoutNetworking	0.421s
PASS: docker_cli_run_test.go:1720: DockerSuite.TestRunWorkdirExistsAndIsFile	0.077s
PASS: docker_cli_run_test.go:136: DockerSuite.TestRunWorkingDirectory	1.069s
PASS: docker_cli_run_test.go:3042: DockerSuite.TestRunWriteFilteredProc	0.461s
PASS: docker_cli_run_test.go:1808: DockerSuite.TestRunWriteSpecialFilesAndNotCommit	1.641s
PASS: docker_cli_run_test.go:2841: DockerSuite.TestRunWriteToProcAsound	0.513s
PASS: docker_cli_run_test.go:3640: DockerSuite.TestRunWrongCpusetCpusFlagValue	0.020s
PASS: docker_cli_run_test.go:3651: DockerSuite.TestRunWrongCpusetMemsFlagValue	0.014s
PASS: docker_cli_save_load_test.go:157: DockerSuite.TestSaveAndLoadRepoFlags	0.799s
PASS: docker_cli_save_load_unix_test.go:22: DockerSuite.TestSaveAndLoadRepoStdout	0.903s
PASS: docker_cli_save_load_unix_test.go:73: DockerSuite.TestSaveAndLoadWithProgressBar	1.105s
PASS: docker_cli_save_load_test.go:99: DockerSuite.TestSaveCheckTimes	0.048s
PASS: docker_cli_save_load_test.go:258: DockerSuite.TestSaveDirectoryPermissions	1.699s
PASS: docker_cli_save_load_test.go:118: DockerSuite.TestSaveImageId	0.075s
PASS: docker_cli_save_load_test.go:379: DockerSuite.TestSaveLoadNoTag	1.069s
PASS: docker_cli_save_load_test.go:340: DockerSuite.TestSaveLoadParents	2.105s
PASS: docker_cli_save_load_test.go:188: DockerSuite.TestSaveMultipleNames	0.048s
PASS: docker_cli_save_load_test.go:206: DockerSuite.TestSaveRepoWithMultipleImages	1.625s
PASS: docker_cli_save_load_test.go:84: DockerSuite.TestSaveSingleTag	0.066s
PASS: docker_cli_save_load_test.go:178: DockerSuite.TestSaveWithNoExistImage	0.012s
PASS: docker_cli_save_load_test.go:26: DockerSuite.TestSaveXzAndLoadRepoStdout	1.416s
PASS: docker_cli_save_load_test.go:55: DockerSuite.TestSaveXzGzAndLoadRepoStdout	2.000s
PASS: docker_cli_search_test.go:47: DockerSuite.TestSearchCmdOptions	4.118s
PASS: docker_cli_search_test.go:12: DockerSuite.TestSearchOnCentralRegistry	0.708s
PASS: docker_cli_search_test.go:96: DockerSuite.TestSearchOnCentralRegistryWithDash	0.757s
PASS: docker_cli_search_test.go:19: DockerSuite.TestSearchStarsOptionWithWrongParameter	0.103s
PASS: docker_cli_search_test.go:103: DockerSuite.TestSearchWithLimit	1.797s
PASS: docker_cli_run_test.go:4278: DockerSuite.TestSlowStdinClosing	2.106s
PASS: docker_cli_start_test.go:44: DockerSuite.TestStartAttachCorrectExitCode	5.047s
PASS: docker_cli_start_test.go:145: DockerSuite.TestStartAttachMultipleContainers	1.753s
PASS: docker_cli_start_test.go:15: DockerSuite.TestStartAttachReturnsOnError	0.740s
PASS: docker_cli_start_test.go:57: DockerSuite.TestStartAttachSilent	1.018s
PASS: docker_cli_start_test.go:174: DockerSuite.TestStartAttachWithRename	2.603s
PASS: docker_cli_start_test.go:109: DockerSuite.TestStartMultipleContainers	1.375s
PASS: docker_cli_start_test.go:94: DockerSuite.TestStartPausedContainer	0.396s
PASS: docker_cli_start_test.go:69: DockerSuite.TestStartRecordError	1.020s
PASS: docker_cli_start_test.go:189: DockerSuite.TestStartReturnCorrectExitCode	1.370s
PASS: docker_cli_stats_test.go:122: DockerSuite.TestStatsAllNewContainersAdded	1.193s
PASS: docker_cli_stats_test.go:93: DockerSuite.TestStatsAllNoStream	2.565s
PASS: docker_cli_stats_test.go:57: DockerSuite.TestStatsAllRunningNoStream	3.788s
PASS: docker_cli_stats_test.go:44: DockerSuite.TestStatsContainerNotFound	3.026s
PASS: docker_cli_stats_test.go:163: DockerSuite.TestStatsFormatAll	4.568s
PASS: docker_cli_stats_test.go:15: DockerSuite.TestStatsNoStream	2.793s
PASS: docker_cli_run_unix_test.go:707: DockerSuite.TestStopContainerSignal	1.530s
PASS: docker_cli_top_test.go:11: DockerSuite.TestTopMultipleArgs	0.344s
PASS: docker_cli_top_test.go:26: DockerSuite.TestTopNonPrivileged	0.611s
PASS: docker_cli_top_test.go:61: DockerSuite.TestTopPrivileged	0.512s
SKIP: docker_cli_top_test.go:50: DockerSuite.TestTopWindowsCoreProcesses (unmatched requirement DaemonIsWindows)
PASS: docker_cli_run_test.go:3450: DockerSuite.TestTwoContainersInNetHost	0.704s
PASS: docker_cli_port_test.go:212: DockerSuite.TestUnpublishedPortsInPsOutput	2.344s
PASS: docker_cli_health_test.go:147: DockerSuite.TestUnsetEnvVarHealthCheck	4.093s
PASS: docker_cli_update_unix_test.go:103: DockerSuite.TestUpdateContainerInvalidValue	0.398s
PASS: docker_cli_update_unix_test.go:115: DockerSuite.TestUpdateContainerWithoutFlags	0.406s
SKIP: docker_cli_update_unix_test.go:202: DockerSuite.TestUpdateInvalidSwapMemory (unmatched requirement swapMemorySupport)
PASS: docker_cli_update_unix_test.go:125: DockerSuite.TestUpdateKernelMemory	0.498s
PASS: docker_cli_update_unix_test.go:139: DockerSuite.TestUpdateKernelMemoryUninitialized	1.127s
SKIP: docker_cli_update_unix_test.go:258: DockerSuite.TestUpdateMemoryWithSwapMemory (unmatched requirement swapMemorySupport)
PASS: docker_cli_update_unix_test.go:272: DockerSuite.TestUpdateNotAffectMonitorRestartPolicy	0.925s
PASS: docker_cli_update_unix_test.go:68: DockerSuite.TestUpdatePausedContainer	0.508s
PASS: docker_cli_update_unix_test.go:22: DockerSuite.TestUpdateRunningContainer	0.487s
PASS: docker_cli_update_unix_test.go:37: DockerSuite.TestUpdateRunningContainerWithRestart	1.031s
PASS: docker_cli_update_unix_test.go:227: DockerSuite.TestUpdateStats	4.165s
PASS: docker_cli_update_unix_test.go:53: DockerSuite.TestUpdateStoppedContainer	1.099s
SKIP: docker_cli_update_unix_test.go:186: DockerSuite.TestUpdateSwapMemoryOnly (unmatched requirement swapMemorySupport)
PASS: docker_cli_update_unix_test.go:300: DockerSuite.TestUpdateWithNanoCPUs	0.676s
PASS: docker_cli_update_unix_test.go:85: DockerSuite.TestUpdateWithUntouchedFields	0.490s
PASS: docker_cli_run_test.go:293: DockerSuite.TestUserDefinedNetworkAlias	2.339s
PASS: docker_cli_network_unix_test.go:1536: DockerSuite.TestUserDefinedNetworkConnectDisconnectAlias	2.204s
PASS: docker_cli_network_unix_test.go:1462: DockerSuite.TestUserDefinedNetworkConnectDisconnectLink	1.660s
PASS: docker_cli_network_unix_test.go:1591: DockerSuite.TestUserDefinedNetworkConnectivity	1.195s
PASS: docker_cli_run_test.go:208: DockerSuite.TestUserDefinedNetworkLinks	1.920s
PASS: docker_cli_run_test.go:244: DockerSuite.TestUserDefinedNetworkLinksWithRestart	2.655s
PASS: docker_cli_run_unix_test.go:1168: DockerSuite.TestUserNoEffectiveCapabilitiesChown	1.553s
PASS: docker_cli_run_unix_test.go:1289: DockerSuite.TestUserNoEffectiveCapabilitiesChroot	1.520s
PASS: docker_cli_run_unix_test.go:1186: DockerSuite.TestUserNoEffectiveCapabilitiesDacOverride	1.036s
PASS: docker_cli_run_unix_test.go:1199: DockerSuite.TestUserNoEffectiveCapabilitiesFowner	1.046s
PASS: docker_cli_run_unix_test.go:1307: DockerSuite.TestUserNoEffectiveCapabilitiesMknod	1.547s
PASS: docker_cli_run_unix_test.go:1253: DockerSuite.TestUserNoEffectiveCapabilitiesNetBindService	6.174s
PASS: docker_cli_run_unix_test.go:1271: DockerSuite.TestUserNoEffectiveCapabilitiesNetRaw	6.345s
PASS: docker_cli_run_unix_test.go:1233: DockerSuite.TestUserNoEffectiveCapabilitiesSetgid	6.489s
PASS: docker_cli_run_unix_test.go:1215: DockerSuite.TestUserNoEffectiveCapabilitiesSetuid	6.348s
PASS: docker_cli_volume_test.go:22: DockerSuite.TestVolumeCLICreate	15.056s
PASS: docker_cli_volume_test.go:298: DockerSuite.TestVolumeCLICreateLabel	0.026s
PASS: docker_cli_volume_test.go:310: DockerSuite.TestVolumeCLICreateLabelMultiple	0.037s
PASS: docker_cli_volume_test.go:274: DockerSuite.TestVolumeCLICreateWithOpts	0.520s
PASS: docker_cli_volume_test.go:38: DockerSuite.TestVolumeCLIInspect	0.065s
PASS: docker_cli_volume_test.go:55: DockerSuite.TestVolumeCLIInspectMulti	0.051s
PASS: docker_cli_volume_test.go:264: DockerSuite.TestVolumeCLIInspectTmplError	0.025s
PASS: docker_cli_volume_test.go:72: DockerSuite.TestVolumeCLILs	0.530s
PASS: docker_cli_volume_test.go:193: DockerSuite.TestVolumeCLILsErrorWithInvalidFilterName	0.013s
PASS: docker_cli_volume_test.go:143: DockerSuite.TestVolumeCLILsFilterDangling	0.692s
PASS: docker_cli_volume_test.go:367: DockerSuite.TestVolumeCLILsFilterDrivers	0.075s
PASS: docker_cli_volume_test.go:337: DockerSuite.TestVolumeCLILsFilterLabels	0.072s
PASS: docker_cli_volume_test.go:199: DockerSuite.TestVolumeCLILsWithIncorrectFilterValue	0.012s
PASS: docker_cli_volume_test.go:241: DockerSuite.TestVolumeCLINoArgs	0.034s
PASS: docker_cli_volume_test.go:205: DockerSuite.TestVolumeCLIRm	1.709s
PASS: docker_cli_volume_test.go:406: DockerSuite.TestVolumeCLIRmForce	0.079s
PASS: docker_cli_volume_test.go:430: DockerSuite.TestVolumeCLIRmForceInUse	0.168s
PASS: docker_cli_volume_test.go:398: DockerSuite.TestVolumeCLIRmForceUsage	0.037s
PASS: docker_cli_volume_test.go:468: DockerSuite.TestVolumeCliInspectWithVolumeOpts	0.048s
PASS: docker_cli_events_unix_test.go:168: DockerSuite.TestVolumeEvents	0.575s
PASS: docker_cli_run_test.go:3019: DockerSuite.TestVolumeFromMixedRWOptions	1.565s
PASS: docker_cli_volume_test.go:85: DockerSuite.TestVolumeLsFormat	0.055s
PASS: docker_cli_volume_test.go:94: DockerSuite.TestVolumeLsFormatDefaultFormat	0.055s
PASS: docker_cli_run_test.go:496: DockerSuite.TestVolumesFromGetsProperMode	2.063s
PASS: docker_cli_run_test.go:2174: DockerSuite.TestVolumesNoCopyData	3.786s
SKIP: docker_cli_run_test.go:4537: DockerSuite.TestWindowsRunAsSystem (unmatched requirement DaemonIsWindowsAtLeastBuild.func1)
PASS: docker_cli_by_digest_test.go:184: DockerRegistrySuite.TestBuildByDigest	2.165s
PASS: docker_api_build_test.go:327: DockerRegistrySuite.TestBuildCopyFromForcePull	1.847s
PASS: docker_cli_build_test.go:5791: DockerRegistrySuite.TestBuildMultiStageImplicitPull	2.396s
PASS: docker_cli_pull_local_test.go:197: DockerRegistrySuite.TestConcurrentPullMultipleTags	7.095s
PASS: docker_cli_push_test.go:199: DockerRegistrySuite.TestConcurrentPush	8.096s
PASS: docker_cli_by_digest_test.go:130: DockerRegistrySuite.TestCreateByDigest	1.272s
PASS: docker_cli_push_test.go:207: DockerRegistrySuite.TestCrossRepositoryLayerPush	0.860s
PASS: docker_cli_by_digest_test.go:447: DockerRegistrySuite.TestDeleteImageByIDOnlyPulledByDigest	1.868s
PASS: docker_cli_by_digest_test.go:493: DockerRegistrySuite.TestDeleteImageWithDigestAndMultiRepoTag	1.957s
PASS: docker_cli_by_digest_test.go:466: DockerRegistrySuite.TestDeleteImageWithDigestAndTag	1.839s
PASS: docker_cli_events_test.go:545: DockerRegistrySuite.TestEventsImageFilterPush	1.835s
PASS: docker_cli_by_digest_test.go:391: DockerRegistrySuite.TestInspectImageWithDigests	1.826s
PASS: docker_cli_by_digest_test.go:318: DockerRegistrySuite.TestListDanglingImagesWithDigests	2.912s
PASS: docker_cli_by_digest_test.go:241: DockerRegistrySuite.TestListImagesWithDigests	2.812s
PASS: docker_cli_by_digest_test.go:228: DockerRegistrySuite.TestListImagesWithoutDigests	1.867s
PASS: docker_cli_by_digest_test.go:410: DockerRegistrySuite.TestPsListContainersFilterAncestorImageByDigest	3.615s
PASS: docker_cli_by_digest_test.go:105: DockerRegistrySuite.TestPullByDigest	1.086s
PASS: docker_cli_by_digest_test.go:122: DockerRegistrySuite.TestPullByDigestNoFallback	0.018s
PASS: docker_cli_by_digest_test.go:79: DockerRegistrySuite.TestPullByTagDisplaysDigest	1.755s
PASS: docker_cli_by_digest_test.go:612: DockerRegistrySuite.TestPullFailsWithAlteredLayer	0.867s
PASS: docker_cli_by_digest_test.go:530: DockerRegistrySuite.TestPullFailsWithAlteredManifest	0.881s
PASS: docker_cli_pull_local_test.go:258: DockerRegistrySuite.TestPullIDStability	5.057s
PASS: docker_cli_pull_local_test.go:54: DockerRegistrySuite.TestPullImageWithAliases	0.304s
PASS: docker_cli_pull_local_test.go:286: DockerRegistrySuite.TestPullManifestList	1.334s
PASS: docker_cli_pull_local_test.go:278: DockerRegistrySuite.TestPullNoLayers	0.583s
PASS: docker_cli_push_test.go:69: DockerRegistrySuite.TestPushBadTag	0.013s
PASS: docker_cli_push_test.go:29: DockerRegistrySuite.TestPushBusyboxImage	0.190s
PASS: docker_cli_push_test.go:145: DockerRegistrySuite.TestPushEmptyLayer	0.149s
PASS: docker_cli_push_test.go:114: DockerRegistrySuite.TestPushMultipleTags	0.225s
PASS: docker_cli_push_test.go:52: DockerRegistrySuite.TestPushUntagged	0.013s
PASS: docker_cli_by_digest_test.go:161: DockerRegistrySuite.TestRemoveImageByDigest	1.048s
PASS: docker_cli_by_digest_test.go:143: DockerRegistrySuite.TestRunByDigest	2.320s
PASS: docker_cli_pull_local_test.go:451: DockerRegistrySuite.TestRunImplicitPullWithNoTag	0.776s
PASS: docker_cli_by_digest_test.go:209: DockerRegistrySuite.TestTagByDigest	1.472s
PASS: docker_cli_registry_user_agent_test.go:73: DockerRegistrySuite.TestUserAgentPassThrough	0.845s
PASS: docker_cli_v2_only_test.go:27: DockerRegistrySuite.TestV2Only	0.680s
PASS: docker_cli_pull_local_test.go:201: DockerSchema1RegistrySuite.TestConcurrentPullMultipleTags	7.414s
PASS: docker_cli_push_test.go:203: DockerSchema1RegistrySuite.TestConcurrentPush	8.109s
PASS: docker_cli_push_test.go:248: DockerSchema1RegistrySuite.TestCrossRepositoryLayerPushNotSupported	0.969s
PASS: docker_cli_by_digest_test.go:109: DockerSchema1RegistrySuite.TestPullByDigest	1.108s
PASS: docker_cli_by_digest_test.go:126: DockerSchema1RegistrySuite.TestPullByDigestNoFallback	0.018s
PASS: docker_cli_by_digest_test.go:83: DockerSchema1RegistrySuite.TestPullByTagDisplaysDigest	1.743s
PASS: docker_cli_by_digest_test.go:655: DockerSchema1RegistrySuite.TestPullFailsWithAlteredLayer	1.773s
PASS: docker_cli_by_digest_test.go:570: DockerSchema1RegistrySuite.TestPullFailsWithAlteredManifest	0.920s
PASS: docker_cli_pull_local_test.go:262: DockerSchema1RegistrySuite.TestPullIDStability	5.209s
PASS: docker_cli_pull_local_test.go:58: DockerSchema1RegistrySuite.TestPullImageWithAliases	0.343s
PASS: docker_cli_pull_local_test.go:282: DockerSchema1RegistrySuite.TestPullNoLayers	0.912s
PASS: docker_cli_push_test.go:73: DockerSchema1RegistrySuite.TestPushBadTag	0.013s
PASS: docker_cli_push_test.go:33: DockerSchema1RegistrySuite.TestPushBusyboxImage	0.213s
PASS: docker_cli_push_test.go:149: DockerSchema1RegistrySuite.TestPushEmptyLayer	0.158s
PASS: docker_cli_push_test.go:118: DockerSchema1RegistrySuite.TestPushMultipleTags	0.287s
PASS: docker_cli_push_test.go:56: DockerSchema1RegistrySuite.TestPushUntagged	0.013s
PASS: docker_cli_build_test.go:5001: DockerRegistryAuthHtpasswdSuite.TestBuildFromAuthenticatedRegistry	1.524s
PASS: docker_cli_build_test.go:5019: DockerRegistryAuthHtpasswdSuite.TestBuildWithExternalAuth	0.404s
PASS: docker_cli_login_test.go:22: DockerRegistryAuthHtpasswdSuite.TestLoginToPrivateRegistry	0.052s
PASS: docker_cli_logout_test.go:15: DockerRegistryAuthHtpasswdSuite.TestLogoutWithExternalAuth	1.016s
PASS: docker_cli_logout_test.go:67: DockerRegistryAuthHtpasswdSuite.TestLogoutWithWrongHostnamesStored	0.122s
PASS: docker_cli_pull_local_test.go:415: DockerRegistryAuthHtpasswdSuite.TestPullWithExternalAuth	0.288s
PASS: docker_cli_pull_local_test.go:370: DockerRegistryAuthHtpasswdSuite.TestPullWithExternalAuthLoginWithScheme	0.440s
PASS: docker_cli_push_test.go:281: DockerRegistryAuthHtpasswdSuite.TestPushNoCredentialsNoRetry	0.038s
PASS: docker_cli_push_test.go:343: DockerRegistryAuthTokenSuite.TestPushMisconfiguredTokenServiceResponseError	5.144s
PASS: docker_cli_push_test.go:371: DockerRegistryAuthTokenSuite.TestPushMisconfiguredTokenServiceResponseNoToken	0.140s
PASS: docker_cli_push_test.go:330: DockerRegistryAuthTokenSuite.TestPushMisconfiguredTokenServiceResponseUnauthorized	0.148s
PASS: docker_cli_push_test.go:358: DockerRegistryAuthTokenSuite.TestPushMisconfiguredTokenServiceResponseUnparsable	0.140s
PASS: docker_cli_push_test.go:318: DockerRegistryAuthTokenSuite.TestPushTokenServiceUnauthResponse	0.140s
PASS: docker_cli_daemon_test.go:1745: DockerDaemonSuite.TestBridgeIPIsExcludedFromAllocatorPool	3.766s
PASS: docker_cli_daemon_test.go:2374: DockerDaemonSuite.TestBuildOnDisabledBridgeNetworkDaemon	2.112s
PASS: docker_cli_proxy_test.go:23: DockerDaemonSuite.TestCLIProxyProxyTCPSock	0.541s
PASS: docker_cli_daemon_test.go:1432: DockerDaemonSuite.TestCleanupMountsAfterDaemonAndContainerKill	1.780s
PASS: docker_cli_daemon_test.go:2005: DockerDaemonSuite.TestCleanupMountsAfterDaemonCrash	1.803s
PASS: docker_cli_daemon_test.go:1470: DockerDaemonSuite.TestCleanupMountsAfterGracefulShutdown	1.304s
PASS: docker_cli_daemon_test.go:523: DockerDaemonSuite.TestDaemonAllocatesListeningPort	1.065s
PASS: docker_cli_daemon_test.go:582: DockerDaemonSuite.TestDaemonBridgeExternal	1.944s
PASS: docker_cli_daemon_test.go:752: DockerDaemonSuite.TestDaemonBridgeFixedCIDREqualBridgeNetwork	1.825s
PASS: docker_cli_daemon_test.go:704: DockerDaemonSuite.TestDaemonBridgeFixedCidr	2.399s
PASS: docker_cli_daemon_test.go:727: DockerDaemonSuite.TestDaemonBridgeFixedCidr2	2.522s
PASS: docker_cli_daemon_test.go:642: DockerDaemonSuite.TestDaemonBridgeIP	1.839s
PASS: docker_cli_daemon_test.go:612: DockerDaemonSuite.TestDaemonBridgeNone	1.261s
PASS: docker_cli_daemon_test.go:1857: DockerDaemonSuite.TestDaemonCgroupParent	1.767s
PASS: docker_cli_daemon_test.go:1669: DockerDaemonSuite.TestDaemonCorruptedFluentdAddress	0.042s
PASS: docker_cli_daemon_test.go:1661: DockerDaemonSuite.TestDaemonCorruptedLogDriverAddress	0.044s
PASS: docker_cli_daemon_test.go:2389: DockerDaemonSuite.TestDaemonDNSFlagsInHostMode	1.062s
PASS: docker_cli_daemon_test.go:2185: DockerDaemonSuite.TestDaemonDebugLog	0.520s
PASS: docker_cli_daemon_test.go:791: DockerDaemonSuite.TestDaemonDefaultGatewayIPv4Explicit	1.815s
PASS: docker_cli_daemon_test.go:813: DockerDaemonSuite.TestDaemonDefaultGatewayIPv4ExplicitOutsideContainerSubnet	1.284s
PASS: docker_cli_daemon_test.go:770: DockerDaemonSuite.TestDaemonDefaultGatewayIPv4Implicit	1.788s
PASS: docker_cli_daemon_test.go:824: DockerDaemonSuite.TestDaemonDefaultNetworkInvalidClusterConfig	1.048s
PASS: docker_cli_daemon_test.go:2205: DockerDaemonSuite.TestDaemonDiscoveryBackendConfigReload	0.538s
PASS: docker_cli_events_unix_test.go:391: DockerDaemonSuite.TestDaemonEvents	3.542s
PASS: docker_cli_events_unix_test.go:460: DockerDaemonSuite.TestDaemonEventsWithFilters	3.589s
PASS: docker_cli_daemon_test.go:567: DockerDaemonSuite.TestDaemonExitOnFailure	0.039s
PASS: docker_cli_daemon_test.go:496: DockerDaemonSuite.TestDaemonFlagD	0.509s
PASS: docker_cli_daemon_test.go:505: DockerDaemonSuite.TestDaemonFlagDebug	0.510s
PASS: docker_cli_daemon_test.go:514: DockerDaemonSuite.TestDaemonFlagDebugLogLevelFatal	0.509s
PASS: docker_cli_daemon_test.go:906: DockerDaemonSuite.TestDaemonICCLinkExpose	2.234s
SKIP: docker_cli_daemon_test.go:870: DockerDaemonSuite.TestDaemonICCPing (unmatched requirement bridgeNfIptables)
PASS: docker_cli_daemon_test.go:841: DockerDaemonSuite.TestDaemonIP	1.998s
SKIP: docker_cli_daemon_test.go:355: DockerDaemonSuite.TestDaemonIPv6Enabled (unmatched requirement IPv6)
PASS: docker_cli_daemon_test.go:414: DockerDaemonSuite.TestDaemonIPv6FixedCIDR	1.220s
PASS: docker_cli_daemon_test.go:441: DockerDaemonSuite.TestDaemonIPv6FixedCIDRAndMac	1.160s
PASS: docker_cli_daemon_test.go:460: DockerDaemonSuite.TestDaemonIPv6HostMode	1.103s
PASS: docker_cli_daemon_test.go:293: DockerDaemonSuite.TestDaemonIptablesClean	1.273s
PASS: docker_cli_daemon_test.go:311: DockerDaemonSuite.TestDaemonIptablesCreate	1.833s
PASS: docker_cli_daemon_test.go:547: DockerDaemonSuite.TestDaemonKeyGeneration	0.514s
PASS: docker_cli_daemon_plugins_test.go:72: DockerDaemonSuite.TestDaemonKillLiveRestoreWithPlugins	5.643s
PASS: docker_cli_daemon_plugins_test.go:161: DockerDaemonSuite.TestDaemonKillWithPlugins	5.884s
time="2019-01-02T14:11:55Z" level=warning msg="Running modprobe nf_nat failed with message: ``, error: exec: \"modprobe\": executable file not found in $PATH"
time="2019-01-02T14:11:55Z" level=warning msg="Running modprobe xt_conntrack failed with message: ``, error: exec: \"modprobe\": executable file not found in $PATH"
PASS: docker_cli_daemon_test.go:932: DockerDaemonSuite.TestDaemonLinksIpTablesRulesWhenLinkAndUnlink	2.532s
PASS: docker_cli_daemon_test.go:477: DockerDaemonSuite.TestDaemonLogLevelDebug	0.509s
PASS: docker_cli_daemon_test.go:486: DockerDaemonSuite.TestDaemonLogLevelFatal	0.510s
PASS: docker_cli_daemon_test.go:473: DockerDaemonSuite.TestDaemonLogLevelWrong	0.040s
PASS: docker_cli_daemon_test.go:2251: DockerDaemonSuite.TestDaemonLogOptions	1.067s
PASS: docker_cli_daemon_test.go:1031: DockerDaemonSuite.TestDaemonLoggingDriverDefault	1.241s
PASS: docker_cli_daemon_test.go:1069: DockerDaemonSuite.TestDaemonLoggingDriverDefaultOverride	1.272s
PASS: docker_cli_daemon_test.go:1086: DockerDaemonSuite.TestDaemonLoggingDriverNone	1.275s
PASS: docker_cli_daemon_test.go:1143: DockerDaemonSuite.TestDaemonLoggingDriverNoneLogsError	1.260s
PASS: docker_cli_daemon_test.go:1103: DockerDaemonSuite.TestDaemonLoggingDriverNoneOverride	1.299s
PASS: docker_cli_daemon_test.go:1155: DockerDaemonSuite.TestDaemonLoggingDriverShouldBeIgnoredForBuild	1.794s
PASS: docker_cli_daemon_test.go:2264: DockerDaemonSuite.TestDaemonMaxConcurrency	0.510s
PASS: docker_cli_daemon_test.go:2276: DockerDaemonSuite.TestDaemonMaxConcurrencyWithConfigFile	3.511s
PASS: docker_cli_daemon_test.go:2317: DockerDaemonSuite.TestDaemonMaxConcurrencyWithConfigFileReload	6.511s
PASS: docker_cli_daemon_test.go:1772: DockerDaemonSuite.TestDaemonNoSpaceLeftOnDeviceError	6.048s
PASS: docker_cli_daemon_test.go:1503: DockerDaemonSuite.TestDaemonRestartCleanupNetns	1.803s
PASS: docker_cli_daemon_test.go:1799: DockerDaemonSuite.TestDaemonRestartContainerLinksRestart	7.158s
PASS: docker_cli_daemon_test.go:2966: DockerDaemonSuite.TestDaemonRestartIpcMode	2.134s
PASS: docker_cli_daemon_test.go:1244: DockerDaemonSuite.TestDaemonRestartKillWait	1.816s
PASS: docker_cli_daemon_test.go:1649: DockerDaemonSuite.TestDaemonRestartLocalVolumes	1.050s
PASS: docker_cli_daemon_test.go:170: DockerDaemonSuite.TestDaemonRestartOnFailure	3.593s
PASS: docker_cli_daemon_test.go:1013: DockerDaemonSuite.TestDaemonRestartRenameContainer	2.048s
PASS: docker_cli_network_unix_test.go:1667: DockerDaemonSuite.TestDaemonRestartRestoreBridgeNetwork	3.604s
PASS: docker_cli_daemon_test.go:1636: DockerDaemonSuite.TestDaemonRestartRmVolumeInUse	1.306s
PASS: docker_cli_daemon_test.go:2604: DockerDaemonSuite.TestDaemonRestartSaveContainerExitCode	1.734s
PASS: docker_cli_daemon_test.go:120: DockerDaemonSuite.TestDaemonRestartUnlessStopped	3.830s
PASS: docker_cli_daemon_test.go:2580: DockerDaemonSuite.TestDaemonRestartWithAutoRemoveContainer	2.285s
PASS: docker_cli_daemon_test.go:684: DockerDaemonSuite.TestDaemonRestartWithBridgeIPChange	1.542s
PASS: docker_cli_daemon_test.go:1490: DockerDaemonSuite.TestDaemonRestartWithContainerRunning	1.827s
PASS: docker_cli_daemon_test.go:1564: DockerDaemonSuite.TestDaemonRestartWithContainerWithRestartPolicyAlways	1.830s
SKIP: docker_cli_daemon_test.go:224: DockerDaemonSuite.TestDaemonRestartWithIncreasedBasesize (unmatched requirement Devicemapper)
SKIP: docker_cli_daemon_test.go:204: DockerDaemonSuite.TestDaemonRestartWithInvalidBasesize (unmatched requirement Devicemapper)
PASS: docker_cli_daemon_test.go:1955: DockerDaemonSuite.TestDaemonRestartWithKilledRunningContainer	2.681s
PASS: docker_cli_daemon_test.go:1884: DockerDaemonSuite.TestDaemonRestartWithLinks	3.115s
PASS: docker_cli_daemon_test.go:1907: DockerDaemonSuite.TestDaemonRestartWithNames	2.317s
PASS: docker_cli_daemon_test.go:1603: DockerDaemonSuite.TestDaemonRestartWithPausedContainer	2.106s
PASS: docker_cli_daemon_plugins_test.go:45: DockerDaemonSuite.TestDaemonRestartWithPluginDisabled	4.723s
PASS: docker_cli_daemon_plugins_test.go:16: DockerDaemonSuite.TestDaemonRestartWithPluginEnabled	5.917s
PASS: docker_cli_daemon_test.go:60: DockerDaemonSuite.TestDaemonRestartWithRunningContainersPorts	2.293s
PASS: docker_cli_daemon_test.go:1420: DockerDaemonSuite.TestDaemonRestartWithSocketAsVolume	2.268s
PASS: docker_cli_daemon_test.go:2052: DockerDaemonSuite.TestDaemonRestartWithUnpausedRunningContainer	1.836s
PASS: docker_cli_daemon_test.go:94: DockerDaemonSuite.TestDaemonRestartWithVolumesRefs	2.345s
PASS: docker_cli_daemon_plugins_test.go:98: DockerDaemonSuite.TestDaemonShutdownLiveRestoreWithPlugins	5.572s
PASS: docker_cli_daemon_test.go:2676: DockerDaemonSuite.TestDaemonShutdownTimeout	1.253s
PASS: docker_cli_daemon_test.go:2697: DockerDaemonSuite.TestDaemonShutdownTimeoutWithConfigFile	3.510s
PASS: docker_cli_daemon_plugins_test.go:123: DockerDaemonSuite.TestDaemonShutdownWithPlugins	6.783s
PASS: docker_cli_daemon_test.go:277: DockerDaemonSuite.TestDaemonStartBridgeWithoutIPAssociation	1.028s
PASS: docker_cli_daemon_test.go:199: DockerDaemonSuite.TestDaemonStartIptablesFalse	0.510s
PASS: docker_cli_daemon_test.go:1686: DockerDaemonSuite.TestDaemonStartWithDefaultTLSHost	0.546s
PASS: docker_cli_daemon_test.go:2941: DockerDaemonSuite.TestDaemonStartWithIpcModes	2.286s
PASS: docker_cli_daemon_test.go:2135: DockerDaemonSuite.TestDaemonStartWithoutColors	1.044s
PASS: docker_cli_daemon_test.go:1677: DockerDaemonSuite.TestDaemonStartWithoutHost	0.510s
PASS: docker_cli_daemon_test.go:1541: DockerDaemonSuite.TestDaemonTLSVerifyIssue13964	0.532s
PASS: docker_cli_daemon_test.go:965: DockerDaemonSuite.TestDaemonUlimitDefaults	2.273s
PASS: docker_cli_daemon_test.go:1170: DockerDaemonSuite.TestDaemonUnixSockCleanedUp	0.514s
PASS: docker_cli_userns_test.go:24: DockerDaemonSuite.TestDaemonUserNamespaceRootSetting	1.555s
PASS: docker_cli_daemon_test.go:1587: DockerDaemonSuite.TestDaemonWideLogConfig	1.103s
PASS: docker_cli_daemon_test.go:2645: DockerDaemonSuite.TestDaemonWithUserlandProxyPath	2.992s
PASS: docker_cli_daemon_test.go:1191: DockerDaemonSuite.TestDaemonWithWrongkey	0.565s
PASS: docker_cli_network_unix_test.go:807: DockerDaemonSuite.TestDockerNetworkNoDiscoveryDefaultBridgeNetwork	3.208s
PASS: docker_cli_exec_test.go:87: DockerDaemonSuite.TestExecAfterDaemonRestart	2.200s
PASS: docker_cli_daemon_test.go:2731: DockerDaemonSuite.TestExecWithUserAfterLiveRestore	12.151s
PASS: docker_cli_daemon_test.go:3006: DockerDaemonSuite.TestFailedPluginRemove	4.346s
PASS: docker_cli_daemon_test.go:1278: DockerDaemonSuite.TestHTTPSInfo	0.541s
PASS: docker_cli_daemon_test.go:1341: DockerDaemonSuite.TestHTTPSInfoRogueCert	0.527s
PASS: docker_cli_daemon_test.go:1370: DockerDaemonSuite.TestHTTPSInfoRogueServerCert	0.524s
PASS: docker_cli_daemon_test.go:1306: DockerDaemonSuite.TestHTTPSRun	1.241s
PASS: docker_cli_daemon_test.go:51: DockerDaemonSuite.TestLegacyDaemonCommand	0.000s
PASS: docker_cli_daemon_plugins_test.go:303: DockerDaemonSuite.TestPluginListFilterCapability	4.228s
PASS: docker_cli_daemon_plugins_test.go:275: DockerDaemonSuite.TestPluginListFilterEnabled	4.103s
PASS: docker_cli_daemon_plugins_test.go:234: DockerDaemonSuite.TestPluginVolumeRemoveOnRestart	5.768s
PASS: docker_cli_prune_unix_test.go:81: DockerDaemonSuite.TestPruneImageDangling	1.804s
PASS: docker_cli_prune_unix_test.go:270: DockerDaemonSuite.TestPruneImageLabel	1.984s
PASS: docker_cli_info_test.go:212: DockerDaemonSuite.TestRegistryMirrors	0.530s
PASS: docker_cli_daemon_test.go:2759: DockerDaemonSuite.TestRemoveContainerAfterLiveRestore	2.462s
PASS: docker_cli_daemon_test.go:2792: DockerDaemonSuite.TestRestartPolicyWithLiveRestore	2.401s
PASS: docker_cli_daemon_test.go:2109: DockerDaemonSuite.TestRunLinksChanged	3.160s
PASS: docker_cli_run_unix_test.go:1443: DockerDaemonSuite.TestRunSeccompJSONNewFormat	1.216s
PASS: docker_cli_run_unix_test.go:1494: DockerDaemonSuite.TestRunSeccompJSONNoArchAndArchMap	0.841s
PASS: docker_cli_run_unix_test.go:1468: DockerDaemonSuite.TestRunSeccompJSONNoNameAndNames	0.869s
PASS: docker_cli_run_unix_test.go:1531: DockerDaemonSuite.TestRunWithDaemonDefaultSeccompProfile	2.292s
PASS: docker_cli_daemon_test.go:2521: DockerDaemonSuite.TestRunWithRuntimeFromCommandLine	5.212s
PASS: docker_cli_daemon_test.go:2403: DockerDaemonSuite.TestRunWithRuntimeFromConfigFile	6.804s
PASS: docker_cli_run_test.go:4110: DockerDaemonSuite.TestRunWithUlimitAndDaemonDefault	1.475s
PASS: docker_cli_daemon_test.go:2849: DockerDaemonSuite.TestShmSize	1.239s
PASS: docker_cli_daemon_test.go:2866: DockerDaemonSuite.TestShmSizeReload	1.808s
PASS: docker_cli_daemon_test.go:1332: DockerDaemonSuite.TestTLSVerify	0.047s
PASS: docker_cli_daemon_plugins_test.go:188: DockerDaemonSuite.TestVolumePlugin	8.216s
PASS: docker_api_swarm_test.go:885: DockerSwarmSuite.TestAPIDuplicateNetworks	1.424s
PASS: docker_api_swarm_test.go:1012: DockerSwarmSuite.TestAPINetworkInspectWithScope	1.401s
PASS: docker_api_swarm_service_test.go:33: DockerSwarmSuite.TestAPIServiceUpdatePort	2.485s
PASS: docker_api_swarm_test.go:185: DockerSwarmSuite.TestAPISwarmCAHash	12.120s
PASS: docker_api_swarm_test.go:869: DockerSwarmSuite.TestAPISwarmErrorHandling	0.743s
PASS: docker_api_swarm_test.go:540: DockerSwarmSuite.TestAPISwarmForceNewCluster	14.088s
SKIP: docker_api_swarm_test.go:916: DockerSwarmSuite.TestAPISwarmHealthcheckNone (Root cause of Issue #36386 is needed)
PASS: docker_api_swarm_test.go:35: DockerSwarmSuite.TestAPISwarmInit	14.436s
PASS: docker_api_swarm_test.go:522: DockerSwarmSuite.TestAPISwarmInvalidAddress	0.717s
PASS: docker_api_swarm_test.go:81: DockerSwarmSuite.TestAPISwarmJoinToken	47.587s

----------------------------------------------------------------------
FAIL: docker_api_swarm_test.go:296: DockerSwarmSuite.TestAPISwarmLeaderElection

[d3c3fa658acc7] waiting for daemon to start
[d3c3fa658acc7] daemon started

[d2032603a4e2c] waiting for daemon to start
[d2032603a4e2c] daemon started

[dae830d1b8807] waiting for daemon to start
[dae830d1b8807] daemon started

[d3c3fa658acc7] exiting daemon
Waiting for election to occur...
assertion failed: error is not nil: Error response from daemon: rpc error: code = DeadlineExceeded desc = context deadline exceeded: [d2032603a4e2c] (*Daemon).GetNode: NodeInspectWithRaw("74wp9vdjbark23no86ccc0whi") failed
waited for 20.001135033s (out of 30s)
[d2032603a4e2c] exiting daemon
[dae830d1b8807] exiting daemon

----------------------------------------------------------------------
PASS: docker_api_swarm_test.go:271: DockerSwarmSuite.TestAPISwarmLeaderProxy	4.000s
PASS: docker_api_swarm_test.go:423: DockerSwarmSuite.TestAPISwarmLeaveOnPendingJoin	22.891s
PASS: docker_api_swarm_test.go:400: DockerSwarmSuite.TestAPISwarmLeaveRemovesContainer	2.617s
PASS: docker_api_swarm_node_test.go:14: DockerSwarmSuite.TestAPISwarmListNodes	3.076s
PASS: docker_api_swarm_test.go:472: DockerSwarmSuite.TestAPISwarmManagerRestore	25.988s
PASS: docker_api_swarm_node_test.go:75: DockerSwarmSuite.TestAPISwarmNodeDrainPause	13.502s
PASS: docker_api_swarm_node_test.go:46: DockerSwarmSuite.TestAPISwarmNodeRemove	29.678s
PASS: docker_api_swarm_node_test.go:33: DockerSwarmSuite.TestAPISwarmNodeUpdate	1.415s
PASS: docker_api_swarm_test.go:201: DockerSwarmSuite.TestAPISwarmPromoteDemote	8.432s
PASS: docker_api_swarm_test.go:359: DockerSwarmSuite.TestAPISwarmRaftQuorum	45.208s
PASS: docker_api_swarm_test.go:776: DockerSwarmSuite.TestAPISwarmRestartCluster	25.026s
PASS: docker_api_swarm_test.go:453: DockerSwarmSuite.TestAPISwarmRestoreOnPendingJoin	21.713s
PASS: docker_api_swarm_test.go:498: DockerSwarmSuite.TestAPISwarmScaleNoRollingUpdate	2.859s
PASS: docker_api_swarm_service_test.go:403: DockerSwarmSuite.TestAPISwarmServiceConstraintLabel	6.749s
PASS: docker_api_swarm_service_test.go:351: DockerSwarmSuite.TestAPISwarmServiceConstraintRole	5.003s
PASS: docker_api_swarm_service_test.go:498: DockerSwarmSuite.TestAPISwarmServicePlacementPrefs	4.218s
PASS: docker_api_swarm_service_test.go:62: DockerSwarmSuite.TestAPISwarmServicesCreate	4.876s
PASS: docker_api_swarm_service_test.go:124: DockerSwarmSuite.TestAPISwarmServicesCreateGlobal	6.220s
PASS: docker_api_swarm_service_test.go:54: DockerSwarmSuite.TestAPISwarmServicesEmptyList	0.887s
PASS: docker_api_swarm_service_test.go:311: DockerSwarmSuite.TestAPISwarmServicesFailedUpdate	10.929s
PASS: docker_api_swarm_service_test.go:96: DockerSwarmSuite.TestAPISwarmServicesMultipleAgents	20.322s
PASS: docker_api_swarm_service_test.go:540: DockerSwarmSuite.TestAPISwarmServicesStateReporting	8.733s
PASS: docker_api_swarm_service_test.go:142: DockerSwarmSuite.TestAPISwarmServicesUpdate	27.026s
PASS: docker_api_swarm_service_test.go:202: DockerSwarmSuite.TestAPISwarmServicesUpdateStartFirst	23.572s
PASS: docker_api_swarm_test.go:841: DockerSwarmSuite.TestAPISwarmServicesUpdateWithName	3.237s
PASS: docker_api_swarm_test.go:861: DockerSwarmSuite.TestAPISwarmUnlockNotLocked	1.297s
PASS: docker_cli_swarm_test.go:945: DockerSwarmSuite.TestDNSConfig	2.181s
PASS: docker_cli_swarm_test.go:972: DockerSwarmSuite.TestDNSConfigUpdate	2.222s
PASS: docker_cli_swarm_test.go:1412: DockerSwarmSuite.TestExtraHosts	2.260s
PASS: docker_cli_swarm_test.go:1606: DockerSwarmSuite.TestNetworkInspectWithDuplicateNames	1.637s
PASS: docker_cli_swarm_test.go:393: DockerSwarmSuite.TestOverlayAttachable	2.659s
PASS: docker_cli_swarm_test.go:415: DockerSwarmSuite.TestOverlayAttachableOnSwarmLeave	3.343s
PASS: docker_cli_swarm_test.go:442: DockerSwarmSuite.TestOverlayAttachableReleaseResourcesOnFailure	22.887s
PASS: docker_cli_prune_unix_test.go:42: DockerSwarmSuite.TestPruneNetwork	9.603s
PASS: docker_cli_swarm_test.go:597: DockerSwarmSuite.TestPsListContainersFilterIsTask	2.623s
PASS: docker_cli_service_create_test.go:361: DockerSwarmSuite.TestServiceCreateMountTmpfs	2.063s
PASS: docker_cli_service_create_test.go:18: DockerSwarmSuite.TestServiceCreateMountVolume	1.987s
PASS: docker_cli_service_create_test.go:313: DockerSwarmSuite.TestServiceCreateWithConfigReferencedTwice	2.283s
PASS: docker_cli_service_create_test.go:214: DockerSwarmSuite.TestServiceCreateWithConfigSimple	1.474s
PASS: docker_cli_service_create_test.go:248: DockerSwarmSuite.TestServiceCreateWithConfigSourceTargetPaths	2.390s
PASS: docker_cli_service_create_test.go:414: DockerSwarmSuite.TestServiceCreateWithNetworkAlias	17.059s
PASS: docker_cli_service_create_test.go:166: DockerSwarmSuite.TestServiceCreateWithSecretReferencedTwice	2.153s
PASS: docker_cli_service_create_test.go:66: DockerSwarmSuite.TestServiceCreateWithSecretSimple	1.453s
PASS: docker_cli_service_create_test.go:100: DockerSwarmSuite.TestServiceCreateWithSecretSourceTargetPaths	2.544s
PASS: docker_cli_service_health_test.go:20: DockerSwarmSuite.TestServiceHealthRun	6.653s
PASS: docker_cli_service_health_test.go:82: DockerSwarmSuite.TestServiceHealthStart	4.646s
PASS: docker_cli_service_logs_test.go:24: DockerSwarmSuite.TestServiceLogs	2.114s
PASS: docker_cli_service_logs_test.go:71: DockerSwarmSuite.TestServiceLogsCompleteness	2.214s
PASS: docker_cli_service_logs_test.go:343: DockerSwarmSuite.TestServiceLogsDetails	2.106s
PASS: docker_cli_service_logs_test.go:157: DockerSwarmSuite.TestServiceLogsFollow	2.165s
PASS: docker_cli_service_logs_test.go:294: DockerSwarmSuite.TestServiceLogsNoHangDeletedContainer	14.328s
PASS: docker_cli_service_logs_test.go:122: DockerSwarmSuite.TestServiceLogsSince	2.357s
PASS: docker_cli_service_logs_test.go:256: DockerSwarmSuite.TestServiceLogsTTY	2.093s
PASS: docker_cli_service_logs_test.go:98: DockerSwarmSuite.TestServiceLogsTail	2.183s
PASS: docker_cli_service_logs_test.go:203: DockerSwarmSuite.TestServiceLogsTaskLogs	2.356s
PASS: docker_cli_service_scale_test.go:13: DockerSwarmSuite.TestServiceScale	1.524s
PASS: docker_cli_swarm_test.go:1387: DockerSwarmSuite.TestSwarmAlternateLockUnlock	12.392s
PASS: docker_cli_swarm_test.go:1966: DockerSwarmSuite.TestSwarmClusterEventsConfig	1.428s
PASS: docker_cli_swarm_test.go:1927: DockerSwarmSuite.TestSwarmClusterEventsNetwork	1.442s
PASS: docker_cli_swarm_test.go:1897: DockerSwarmSuite.TestSwarmClusterEventsNode	4.059s
PASS: docker_cli_swarm_test.go:1813: DockerSwarmSuite.TestSwarmClusterEventsScope	7.385s
PASS: docker_cli_swarm_test.go:1946: DockerSwarmSuite.TestSwarmClusterEventsSecret	1.364s
PASS: docker_cli_swarm_test.go:1857: DockerSwarmSuite.TestSwarmClusterEventsService	14.998s
PASS: docker_cli_swarm_test.go:1793: DockerSwarmSuite.TestSwarmClusterEventsSource	3.455s
PASS: docker_cli_swarm_test.go:1834: DockerSwarmSuite.TestSwarmClusterEventsType	7.389s
PASS: docker_cli_swarm_test.go:1316: DockerSwarmSuite.TestSwarmClusterRotateUnlockKey	167.733s
PASS: docker_cli_swarm_test.go:365: DockerSwarmSuite.TestSwarmContainerAttachByNetworkId	3.135s
PASS: docker_cli_swarm_test.go:318: DockerSwarmSuite.TestSwarmContainerAutoStart	4.851s
PASS: docker_cli_swarm_test.go:340: DockerSwarmSuite.TestSwarmContainerEndpointOptions	6.323s
PASS: docker_cli_swarm_test.go:520: DockerSwarmSuite.TestSwarmCreateServiceWithNoIngressNetwork	1.464s
PASS: docker_cli_swarm_test.go:145: DockerSwarmSuite.TestSwarmIncompatibleDaemon	3.120s
PASS: docker_cli_swarm_test.go:466: DockerSwarmSuite.TestSwarmIngressNetwork	1.651s
PASS: docker_cli_swarm_test.go:83: DockerSwarmSuite.TestSwarmInit	2.859s
SKIP: docker_cli_swarm_test.go:126: DockerSwarmSuite.TestSwarmInitIPv6 (unmatched requirement IPv6)
PASS: docker_cli_swarm_test.go:1053: DockerSwarmSuite.TestSwarmInitLocked	5.152s
PASS: docker_cli_swarm_test.go:138: DockerSwarmSuite.TestSwarmInitUnspecifiedAdvertiseAddr	0.727s
PASS: docker_cli_swarm_test.go:1731: DockerSwarmSuite.TestSwarmInitUnspecifiedDataPathAddr	0.739s
PASS: docker_cli_swarm_test.go:1574: DockerSwarmSuite.TestSwarmInitWithDrain	1.421s
PASS: docker_cli_swarm_test.go:1743: DockerSwarmSuite.TestSwarmJoinLeave	53.304s
PASS: docker_cli_swarm_test.go:1189: DockerSwarmSuite.TestSwarmJoinPromoteLocked	34.930s
PASS: docker_cli_swarm_test.go:1546: DockerSwarmSuite.TestSwarmJoinWithDrain	2.783s
PASS: docker_cli_swarm_test.go:1095: DockerSwarmSuite.TestSwarmLeaveLocked	3.479s
PASS: docker_cli_swarm_test.go:1128: DockerSwarmSuite.TestSwarmLockUnlockCluster	98.058s
PASS: docker_cli_swarm_test.go:1435: DockerSwarmSuite.TestSwarmManagerAddress	3.149s
PASS: docker_cli_swarm_test.go:1505: DockerSwarmSuite.TestSwarmNetworkCreateDup	1.699s
PASS: docker_cli_swarm_test.go:1482: DockerSwarmSuite.TestSwarmNetworkCreateIssue27866	1.448s
PASS: docker_cli_swarm_test.go:1456: DockerSwarmSuite.TestSwarmNetworkIPAMOptions	2.691s
PASS: docker_cli_swarm_test.go:798: DockerSwarmSuite.TestSwarmNetworkPlugin	1.398s
PASS: docker_cli_swarm_unix_test.go:57: DockerSwarmSuite.TestSwarmNetworkPluginV2	47.228s
PASS: docker_cli_swarm_test.go:228: DockerSwarmSuite.TestSwarmNodeListFilter	1.410s
PASS: docker_cli_swarm_test.go:247: DockerSwarmSuite.TestSwarmNodeTaskListFilter	2.550s
PASS: docker_cli_swarm_test.go:274: DockerSwarmSuite.TestSwarmPublishAdd	1.533s
PASS: docker_cli_swarm_test.go:1527: DockerSwarmSuite.TestSwarmPublishDuplicatePorts	2.505s
PASS: docker_cli_swarm_test.go:1585: DockerSwarmSuite.TestSwarmReadonlyRootfs	2.108s
PASS: docker_api_swarm_test.go:943: DockerSwarmSuite.TestSwarmRepeatedRootRotation	14.873s
PASS: docker_cli_swarm_test.go:1248: DockerSwarmSuite.TestSwarmRotateUnlockKey	12.633s
PASS: docker_cli_swarm_test.go:817: DockerSwarmSuite.TestSwarmServiceEnvFile	1.445s
PASS: docker_cli_swarm_test.go:187: DockerSwarmSuite.TestSwarmServiceListFilter	1.559s
PASS: docker_cli_swarm_test.go:1700: DockerSwarmSuite.TestSwarmServiceLsFilterMode	2.416s
PASS: docker_cli_swarm_test.go:906: DockerSwarmSuite.TestSwarmServiceNetworkUpdate	5.986s
PASS: docker_cli_swarm_test.go:835: DockerSwarmSuite.TestSwarmServiceTTY	14.476s
PASS: docker_cli_swarm_test.go:883: DockerSwarmSuite.TestSwarmServiceTTYUpdate	2.098s
PASS: docker_cli_swarm_test.go:169: DockerSwarmSuite.TestSwarmServiceTemplatingHostname	2.100s
PASS: docker_cli_swarm_test.go:296: DockerSwarmSuite.TestSwarmServiceWithGroup	2.216s
PASS: docker_cli_swarm_test.go:1672: DockerSwarmSuite.TestSwarmStopSignal	2.199s
PASS: docker_cli_swarm_test.go:539: DockerSwarmSuite.TestSwarmTaskListFilter	1.825s
PASS: docker_cli_swarm_test.go:35: DockerSwarmSuite.TestSwarmUpdate	1.364s
PASS: docker_cli_swarm_unix_test.go:15: DockerSwarmSuite.TestSwarmVolumePlugin	21.906s
PASS: docker_cli_swarm_test.go:1028: DockerSwarmSuite.TestUnlockEngineAndUnlockedSwarm	1.345s
PASS: docker_api_swarm_test.go:163: DockerSwarmSuite.TestUpdateSwarmAddExternalCA	1.410s
time="2019-01-02T14:44:55Z" level=info msg="Attempting next endpoint for push after error: Get https://127.0.0.1:5000/v2/: http: server gave HTTP response to HTTPS client"
PASS: docker_cli_plugins_test.go:31: DockerPluginSuite.TestPluginBasicOps	1.048s
PASS: docker_cli_plugins_test.go:262: DockerPluginSuite.TestPluginCreate	0.137s
PASS: docker_cli_plugins_test.go:240: DockerPluginSuite.TestPluginEnableDisableNegative	1.011s
PASS: docker_cli_plugins_test.go:62: DockerPluginSuite.TestPluginForceRemove	0.999s
PASS: docker_cli_plugins_test.go:354: DockerPluginSuite.TestPluginIDPrefix	1.427s
PASS: docker_cli_plugins_test.go:294: DockerPluginSuite.TestPluginInspect	1.073s
time="2019-01-02T14:46:31Z" level=info msg="Attempting next endpoint for push after error: Get https://127.0.0.1:5000/v2/: http: server gave HTTP response to HTTPS client"
PASS: docker_cli_plugins_test.go:210: DockerPluginSuite.TestPluginInstallArgs	0.813s
PASS: docker_cli_plugins_test.go:126: DockerPluginSuite.TestPluginInstallDisable	1.040s
PASS: docker_cli_plugins_test.go:226: DockerPluginSuite.TestPluginInstallImage	0.205s
PASS: docker_cli_plugins_test.go:411: DockerPluginSuite.TestPluginListDefaultFormat	0.560s
PASS: docker_cli_plugins_test.go:159: DockerPluginSuite.TestPluginSet	0.637s
PASS: docker_cli_external_volume_driver_unix_test.go:446: DockerExternalVolumeSuite.TestExternalVolumeDriverBindExternalVolume	0.380s
PASS: docker_cli_external_volume_driver_unix_test.go:545: DockerExternalVolumeSuite.TestExternalVolumeDriverCapabilities	0.606s
PASS: docker_cli_external_volume_driver_unix_test.go:352: DockerExternalVolumeSuite.TestExternalVolumeDriverDeleteContainer	1.301s
PASS: docker_cli_external_volume_driver_unix_test.go:475: DockerExternalVolumeSuite.TestExternalVolumeDriverGet	15.045s
PASS: docker_cli_external_volume_driver_unix_test.go:508: DockerExternalVolumeSuite.TestExternalVolumeDriverGetEmptyResponse	0.540s
PASS: docker_cli_external_volume_driver_unix_test.go:461: DockerExternalVolumeSuite.TestExternalVolumeDriverList	15.032s
PASS: docker_cli_external_volume_driver_unix_test.go:373: DockerExternalVolumeSuite.TestExternalVolumeDriverLookupNotBlocked	0.116s
PASS: docker_cli_external_volume_driver_unix_test.go:536: DockerExternalVolumeSuite.TestExternalVolumeDriverMountID	1.323s
PASS: docker_cli_external_volume_driver_unix_test.go:297: DockerExternalVolumeSuite.TestExternalVolumeDriverNamed	1.313s
PASS: docker_cli_external_volume_driver_unix_test.go:559: DockerExternalVolumeSuite.TestExternalVolumeDriverOutOfBandDelete	0.799s
PASS: docker_cli_external_volume_driver_unix_test.go:523: DockerExternalVolumeSuite.TestExternalVolumeDriverPathCalls	15.550s
PASS: docker_cli_external_volume_driver_unix_test.go:409: DockerExternalVolumeSuite.TestExternalVolumeDriverRetryNotImmediatelyExists	4.321s
PASS: docker_cli_external_volume_driver_unix_test.go:618: DockerExternalVolumeSuite.TestExternalVolumeDriverUnmountOnCp	1.419s
PASS: docker_cli_external_volume_driver_unix_test.go:608: DockerExternalVolumeSuite.TestExternalVolumeDriverUnmountOnMountFail	0.969s
PASS: docker_cli_external_volume_driver_unix_test.go:319: DockerExternalVolumeSuite.TestExternalVolumeDriverUnnamed	1.304s
PASS: docker_cli_external_volume_driver_unix_test.go:333: DockerExternalVolumeSuite.TestExternalVolumeDriverVolumesFrom	1.895s
PASS: docker_cli_external_volume_driver_unix_test.go:495: DockerExternalVolumeSuite.TestExternalVolumeDriverWithDaemonRestart	1.076s
PASS: docker_cli_external_volume_driver_unix_test.go:285: DockerExternalVolumeSuite.TestVolumeCLICreateOptionConflict	0.051s
PASS: docker_cli_network_unix_test.go:1787: DockerNetworkSuite.TestConntrackFlowsLeak	3.742s
PASS: docker_deprecated_api_v124_unix_test.go:14: DockerNetworkSuite.TestDeprecatedDockerNetworkStartAPIWithHostconfig	0.507s
PASS: docker_cli_network_unix_test.go:865: DockerNetworkSuite.TestDockerNetworkAnonymousEndpoint	2.824s
PASS: docker_cli_network_unix_test.go:539: DockerNetworkSuite.TestDockerNetworkConnectDisconnect	1.285s
PASS: docker_cli_network_unix_test.go:1258: DockerNetworkSuite.TestDockerNetworkConnectDisconnectToStoppedContainer	2.506s
PASS: docker_cli_network_unix_test.go:1192: DockerNetworkSuite.TestDockerNetworkConnectDisconnectWithPortMapping	0.923s
PASS: docker_cli_network_unix_test.go:1415: DockerNetworkSuite.TestDockerNetworkConnectLinkLocalIP	4.654s
PASS: docker_cli_network_unix_test.go:1308: DockerNetworkSuite.TestDockerNetworkConnectPreferredIP	1.723s
PASS: docker_cli_network_unix_test.go:1344: DockerNetworkSuite.TestDockerNetworkConnectPreferredIPStoppedContainer	1.033s
PASS: docker_cli_network_unix_test.go:1158: DockerNetworkSuite.TestDockerNetworkConnectToHostFromOtherNetwork	0.509s
PASS: docker_cli_network_unix_test.go:1523: DockerNetworkSuite.TestDockerNetworkConnectWithAliasOnDefaultNetworks	0.395s
PASS: docker_cli_network_unix_test.go:1229: DockerNetworkSuite.TestDockerNetworkConnectWithMac	0.585s
PASS: docker_cli_network_unix_test.go:1175: DockerNetworkSuite.TestDockerNetworkConnectWithPortMapping	0.542s
PASS: docker_cli_network_unix_test.go:374: DockerNetworkSuite.TestDockerNetworkCreateDelete	0.142s
PASS: docker_cli_network_unix_test.go:1655: DockerNetworkSuite.TestDockerNetworkCreateDeleteSpecialCharacters	0.272s
PASS: docker_cli_network_unix_test.go:298: DockerNetworkSuite.TestDockerNetworkCreateHostBind	0.527s
PASS: docker_cli_network_unix_test.go:382: DockerNetworkSuite.TestDockerNetworkCreateLabel	0.147s
PASS: docker_cli_network_unix_test.go:289: DockerNetworkSuite.TestDockerNetworkCreatePredefined	0.049s
PASS: docker_cli_network_unix_test.go:633: DockerNetworkSuite.TestDockerNetworkCustomIPAM	0.165s
PASS: docker_cli_network_unix_test.go:1292: DockerNetworkSuite.TestDockerNetworkDisconnectContainerNonexistingNetwork	0.775s
PASS: docker_cli_network_unix_test.go:1503: DockerNetworkSuite.TestDockerNetworkDisconnectDefault	0.617s
PASS: docker_cli_network_unix_test.go:1773: DockerNetworkSuite.TestDockerNetworkDisconnectFromBridge	0.086s
PASS: docker_cli_network_unix_test.go:1167: DockerNetworkSuite.TestDockerNetworkDisconnectFromHost	0.281s
PASS: docker_cli_network_unix_test.go:768: DockerNetworkSuite.TestDockerNetworkDriverOptions	0.065s
PASS: docker_cli_network_unix_test.go:979: DockerNetworkSuite.TestDockerNetworkDriverUngracefulRestart	2.206s
PASS: docker_cli_network_unix_test.go:1737: DockerNetworkSuite.TestDockerNetworkFlagAlias	1.873s
PASS: docker_cli_network_unix_test.go:1132: DockerNetworkSuite.TestDockerNetworkHostModeUngracefulDaemonRestart	7.510s
PASS: docker_cli_network_unix_test.go:744: DockerNetworkSuite.TestDockerNetworkIPAMInvalidCombinations	0.174s
PASS: docker_cli_network_unix_test.go:592: DockerNetworkSuite.TestDockerNetworkIPAMMultipleNetworks	0.753s
PASS: docker_cli_network_unix_test.go:649: DockerNetworkSuite.TestDockerNetworkIPAMOptions	0.060s
PASS: docker_cli_network_unix_test.go:1241: DockerNetworkSuite.TestDockerNetworkInspectCreatedContainer	0.069s
PASS: docker_cli_network_unix_test.go:725: DockerNetworkSuite.TestDockerNetworkInspectCustomSpecified	0.140s
PASS: docker_cli_network_unix_test.go:706: DockerNetworkSuite.TestDockerNetworkInspectCustomUnspecified	0.142s
PASS: docker_cli_network_unix_test.go:678: DockerNetworkSuite.TestDockerNetworkInspectDefault	0.002s
PASS: docker_cli_network_unix_test.go:926: DockerNetworkSuite.TestDockerNetworkLinkOnDefaultNetworkOnly	1.707s
PASS: docker_cli_network_unix_test.go:282: DockerNetworkSuite.TestDockerNetworkLsDefault	0.038s
SKIP: docker_cli_network_unix_test.go:318: DockerNetworkSuite.TestDockerNetworkLsFilter (unmatched requirement OnlyDefaultNetworks)
PASS: docker_cli_network_unix_test.go:1020: DockerNetworkSuite.TestDockerNetworkMacInspect	0.556s
PASS: docker_cli_network_unix_test.go:1086: DockerNetworkSuite.TestDockerNetworkMultipleNetworksGracefulDaemonRestart	3.001s
PASS: docker_cli_network_unix_test.go:1105: DockerNetworkSuite.TestDockerNetworkMultipleNetworksUngracefulDaemonRestart	2.688s
PASS: docker_cli_network_unix_test.go:662: DockerNetworkSuite.TestDockerNetworkNullIPAMDriver	0.036s
PASS: docker_cli_network_unix_test.go:952: DockerNetworkSuite.TestDockerNetworkOverlayPortMapping	0.561s
PASS: docker_cli_network_unix_test.go:1247: DockerNetworkSuite.TestDockerNetworkRestartWithMultipleNetworks	1.239s
PASS: docker_cli_network_unix_test.go:309: DockerNetworkSuite.TestDockerNetworkRmPredefined	0.051s
PASS: docker_cli_network_unix_test.go:1126: DockerNetworkSuite.TestDockerNetworkRunNetByID	0.459s
PASS: docker_cli_network_unix_test.go:1367: DockerNetworkSuite.TestDockerNetworkUnsupportedRequiredIP	0.541s
PASS: docker_cli_network_unix_test.go:1749: DockerNetworkSuite.TestDockerNetworkValidateIP	0.630s
PASS: docker_cli_network_unix_test.go:783: DockerNetworkSuite.TestDockerPluginV2NetworkDriver	9.420s
PASS: docker_cli_pull_test.go:194: DockerHubPullSuite.TestPullAllTagsFromCentralRegistry	5.274s
PASS: docker_cli_pull_test.go:238: DockerHubPullSuite.TestPullClientDisconnect	3.043s
PASS: docker_cli_pull_test.go:17: DockerHubPullSuite.TestPullFromCentralRegistry	1.919s
PASS: docker_cli_pull_test.go:116: DockerHubPullSuite.TestPullFromCentralRegistryImplicitRefParts	10.222s
PASS: docker_cli_pull_test.go:41: DockerHubPullSuite.TestPullNonExistingImage	1.156s
PASS: docker_cli_pull_test.go:184: DockerHubPullSuite.TestPullScratchNotAllowed	0.022s
OOPS: 1472 passed, 51 skipped, 1 FAILED
--- FAIL: Test (5638.02s)
FAIL
---> Making bundle: .integration-daemon-stop (in bundles/test-integration)
/go/src/github.com/docker/docker/hack/make/.integration-daemon-stop: line 10: wait: pid 2309 is not a child of this shell
warning: PID 2309 from bundles/test-integration/d6da81f463839/docker.pid had a nonzero exit code
Clearing AppArmor profiles cache:.
All profile caches have been cleared, but no profiles have been unloaded.
Unloading profiles will leave already running processes permanently
unconfined, which can lead to unexpected situations.

To set a process to complain mode, use the command line tool
'aa-complain'. To really tear down all profiles, run the init script
with the 'teardown' option."
Removing test suite binaries
Build step 'Execute shell' marked build as failure
Set build name.
New build name is '#38472'
[PostBuildScript] - Executing post build scripts.
[Docker-PRs-experimental] $ /bin/sh -xe /tmp/jenkins6657177818267599451.sh
+ echo Ensuring container killed.
Ensuring container killed.
+ docker rm -vf docker-pr-exp43510
Error: No such container: docker-pr-exp43510
+ true
+ echo Chowning /workspace to jenkins user
Chowning /workspace to jenkins user
+ id -u
+ id -g
+ docker run --rm -v /home/ubuntu/workspace/Docker-PRs-experimental:/workspace busybox chown -R 1000:1000 /workspace
[Docker-PRs-experimental] $ /bin/sh -xe /tmp/jenkins6662524670961205760.sh
+ echo Creating bundles.tar.gz
Creating bundles.tar.gz
+ xargs tar -czf bundles.tar.gz
+ find bundles -name *.log
Archiving artifacts
Notifying endpoint with url 'https://leeroy.dockerproject.org/notification/jenkins'
[WS-CLEANUP] Deleting project workspace...[WS-CLEANUP] done
Finished: FAILURE
