Started by user Gordon
Notifying endpoint with url 'https://leeroy.dockerproject.org/notification/jenkins'
[EnvInject] - Loading node environment variables.
Building remotely on ubuntu-1604-aufs-stable (i-061798b2d5cfc11df) (docker-edge ubuntu aufs docker-stable docker ubuntu-1604-aufs-edge x86_64 ec2 linux ubuntu-1604-aufs ubuntu-1604 amd64 ubuntu-1604-aufs-stable us-west-2) in workspace /home/ubuntu/workspace/Docker-PRs-experimental
Wiping out workspace first.
Cloning the remote Git repository
Cloning repository https://github.com/moby/moby.git
 > git init /home/ubuntu/workspace/Docker-PRs-experimental # timeout=10
Fetching upstream changes from https://github.com/moby/moby.git
 > git --version # timeout=10
 > git fetch --tags --progress https://github.com/moby/moby.git +refs/heads/*:refs/remotes/origin/*
 > git config remote.origin.url https://github.com/moby/moby.git # timeout=10
 > git config --add remote.origin.fetch +refs/heads/*:refs/remotes/origin/* # timeout=10
 > git config remote.origin.url https://github.com/moby/moby.git # timeout=10
Fetching upstream changes from https://github.com/moby/moby.git
 > git fetch --tags --progress https://github.com/moby/moby.git +refs/heads/*:refs/remotes/origin/*
 > git rev-parse origin/master^{commit} # timeout=10
Checking out Revision cb501886db2b46594a66cc2f54e81b53097e5fd8 (origin/master)
 > git config core.sparsecheckout # timeout=10
 > git checkout -f cb501886db2b46594a66cc2f54e81b53097e5fd8
Commit message: "Merge pull request #38456 from thaJeztah/make_errdefs_idempotent"
 > git rev-list --no-walk cb501886db2b46594a66cc2f54e81b53097e5fd8 # timeout=10
Set build name.
New build name is '#38441'
[Docker-PRs-experimental] $ /bin/bash /tmp/jenkins4855700053531771309.sh
From https://github.com/moby/moby
 * [new ref]         refs/pull/38441/head -> origin/pr/38441
Updating cb50188..cf4c4df
Fast-forward
 api/types/swarm/runtime/plugin.pb.go            | 110 ++++++++++++++++--------
 api/types/swarm/runtime/plugin.proto            |   1 +
 daemon/cluster/controllers/plugin/controller.go |   2 +-
 plugin/defs.go                                  |  26 ++++++
 4 files changed, 104 insertions(+), 35 deletions(-)
Sending build context to Docker daemon  45.11MB
Step 1/94 : FROM golang:1.11.4 AS base
 ---> 343df9d12b7b
Step 2/94 : ARG APT_MIRROR=deb.debian.org
 ---> Using cache
 ---> 5fc7f778aa20
Step 3/94 : RUN sed -ri "s/(httpredir|deb).debian.org/$APT_MIRROR/g" /etc/apt/sources.list
 ---> Using cache
 ---> 11eebc3e4ae6
Step 4/94 : FROM base AS criu
 ---> 11eebc3e4ae6
Step 5/94 : ENV CRIU_VERSION 3.6
 ---> Using cache
 ---> d170cdb05254
Step 6/94 : RUN apt-get update && apt-get install -y 	libnet-dev 	libprotobuf-c0-dev 	libprotobuf-dev 	libnl-3-dev 	libcap-dev 	protobuf-compiler 	protobuf-c-compiler 	python-protobuf 	&& mkdir -p /usr/src/criu 	&& curl -sSL https://github.com/checkpoint-restore/criu/archive/v${CRIU_VERSION}.tar.gz | tar -C /usr/src/criu/ -xz --strip-components=1 	&& cd /usr/src/criu 	&& make 	&& make PREFIX=/build/ install-criu
 ---> Using cache
 ---> ca49e3c294c1
Step 7/94 : FROM base AS registry
 ---> 11eebc3e4ae6
Step 8/94 : ENV REGISTRY_COMMIT_SCHEMA1 ec87e9b6971d831f0eff752ddb54fb64693e51cd
 ---> Using cache
 ---> 185245c39217
Step 9/94 : ENV REGISTRY_COMMIT 47a064d4195a9b56133891bbb13620c3ac83a827
 ---> Using cache
 ---> 6160d550410e
Step 10/94 : RUN set -x 	&& export GOPATH="$(mktemp -d)" 	&& git clone https://github.com/docker/distribution.git "$GOPATH/src/github.com/docker/distribution" 	&& (cd "$GOPATH/src/github.com/docker/distribution" && git checkout -q "$REGISTRY_COMMIT") 	&& GOPATH="$GOPATH/src/github.com/docker/distribution/Godeps/_workspace:$GOPATH" 		go build -buildmode=pie -o /build/registry-v2 github.com/docker/distribution/cmd/registry 	&& case $(dpkg --print-architecture) in 		amd64|ppc64*|s390x) 		(cd "$GOPATH/src/github.com/docker/distribution" && git checkout -q "$REGISTRY_COMMIT_SCHEMA1"); 		GOPATH="$GOPATH/src/github.com/docker/distribution/Godeps/_workspace:$GOPATH"; 			go build -buildmode=pie -o /build/registry-v2-schema1 github.com/docker/distribution/cmd/registry; 		;; 	   esac 	&& rm -rf "$GOPATH"
 ---> Using cache
 ---> ea57af74253b
Step 11/94 : FROM base AS docker-py
 ---> 11eebc3e4ae6
Step 12/94 : ENV DOCKER_PY_COMMIT 8b246db271a85d6541dc458838627e89c683e42f
 ---> Using cache
 ---> e71a418b0e63
Step 13/94 : RUN git clone https://github.com/docker/docker-py.git /build 	&& cd /build 	&& git checkout -q $DOCKER_PY_COMMIT
 ---> Using cache
 ---> 34ad6071c800
Step 14/94 : FROM base AS swagger
 ---> 11eebc3e4ae6
Step 15/94 : ENV GO_SWAGGER_COMMIT c28258affb0b6251755d92489ef685af8d4ff3eb
 ---> Using cache
 ---> 1ce1a8521110
Step 16/94 : RUN set -x 	&& export GOPATH="$(mktemp -d)" 	&& git clone https://github.com/go-swagger/go-swagger.git "$GOPATH/src/github.com/go-swagger/go-swagger" 	&& (cd "$GOPATH/src/github.com/go-swagger/go-swagger" && git checkout -q "$GO_SWAGGER_COMMIT") 	&& go build -o /build/swagger github.com/go-swagger/go-swagger/cmd/swagger 	&& rm -rf "$GOPATH"
 ---> Using cache
 ---> 215082c8842d
Step 17/94 : FROM base AS frozen-images
 ---> 11eebc3e4ae6
Step 18/94 : RUN apt-get update && apt-get install -y jq ca-certificates --no-install-recommends
 ---> Using cache
 ---> a674e2ac604d
Step 19/94 : COPY contrib/download-frozen-image-v2.sh /
 ---> Using cache
 ---> ef9128aa6082
Step 20/94 : RUN /download-frozen-image-v2.sh /build 	buildpack-deps:jessie@sha256:dd86dced7c9cd2a724e779730f0a53f93b7ef42228d4344b25ce9a42a1486251 	busybox:latest@sha256:bbc3a03235220b170ba48a157dd097dd1379299370e1ed99ce976df0355d24f0 	busybox:glibc@sha256:0b55a30394294ab23b9afd58fab94e61a923f5834fba7ddbae7f8e0c11ba85e6 	debian:jessie@sha256:287a20c5f73087ab406e6b364833e3fb7b3ae63ca0eb3486555dc27ed32c6e60 	hello-world:latest@sha256:be0cd392e45be79ffeffa6b05338b98ebb16c87b255f48e297ec7f98e123905c
 ---> Using cache
 ---> 135925af97f8
Step 21/94 : FROM base AS runtime-dev
 ---> 11eebc3e4ae6
Step 22/94 : RUN apt-get update && apt-get install -y 	libapparmor-dev 	libseccomp-dev
 ---> Using cache
 ---> 300e9cabbb60
Step 23/94 : FROM base AS tomlv
 ---> 11eebc3e4ae6
Step 24/94 : ENV INSTALL_BINARY_NAME=tomlv
 ---> Using cache
 ---> 02c92b10409a
Step 25/94 : COPY hack/dockerfile/install/install.sh ./install.sh
 ---> Using cache
 ---> 552ce762e0c8
Step 26/94 : COPY hack/dockerfile/install/$INSTALL_BINARY_NAME.installer ./
 ---> Using cache
 ---> 9e6a33dfbcae
Step 27/94 : RUN PREFIX=/build ./install.sh $INSTALL_BINARY_NAME
 ---> Using cache
 ---> 64c2f4cdf012
Step 28/94 : FROM base AS vndr
 ---> 11eebc3e4ae6
Step 29/94 : ENV INSTALL_BINARY_NAME=vndr
 ---> Using cache
 ---> ca3fb0af66c8
Step 30/94 : COPY hack/dockerfile/install/install.sh ./install.sh
 ---> Using cache
 ---> 5247329cac6c
Step 31/94 : COPY hack/dockerfile/install/$INSTALL_BINARY_NAME.installer ./
 ---> Using cache
 ---> 9d3ba52fac29
Step 32/94 : RUN PREFIX=/build ./install.sh $INSTALL_BINARY_NAME
 ---> Using cache
 ---> 657852442a0d
Step 33/94 : FROM base AS containerd
 ---> 11eebc3e4ae6
Step 34/94 : RUN apt-get update && apt-get install -y btrfs-tools
 ---> Using cache
 ---> edb2d9d187b0
Step 35/94 : ENV INSTALL_BINARY_NAME=containerd
 ---> Using cache
 ---> 7cf4912c8058
Step 36/94 : COPY hack/dockerfile/install/install.sh ./install.sh
 ---> Using cache
 ---> 9d9b1a33b514
Step 37/94 : COPY hack/dockerfile/install/$INSTALL_BINARY_NAME.installer ./
 ---> Using cache
 ---> 4450be686cae
Step 38/94 : RUN PREFIX=/build ./install.sh $INSTALL_BINARY_NAME
 ---> Using cache
 ---> 9b3651b75b6e
Step 39/94 : FROM base AS proxy
 ---> 11eebc3e4ae6
Step 40/94 : ENV INSTALL_BINARY_NAME=proxy
 ---> Using cache
 ---> 07fde7978d61
Step 41/94 : COPY hack/dockerfile/install/install.sh ./install.sh
 ---> Using cache
 ---> ad0f0456a579
Step 42/94 : COPY hack/dockerfile/install/$INSTALL_BINARY_NAME.installer ./
 ---> Using cache
 ---> 865b5c444d99
Step 43/94 : RUN PREFIX=/build ./install.sh $INSTALL_BINARY_NAME
 ---> Using cache
 ---> 441345a3b9f6
Step 44/94 : FROM base AS gometalinter
 ---> 11eebc3e4ae6
Step 45/94 : ENV INSTALL_BINARY_NAME=gometalinter
 ---> Using cache
 ---> 35022e33b153
Step 46/94 : COPY hack/dockerfile/install/install.sh ./install.sh
 ---> Using cache
 ---> 78dc5f36ac2a
Step 47/94 : COPY hack/dockerfile/install/$INSTALL_BINARY_NAME.installer ./
 ---> Using cache
 ---> 1ffd93a325cb
Step 48/94 : RUN PREFIX=/build ./install.sh $INSTALL_BINARY_NAME
 ---> Using cache
 ---> 06cb3ef4b790
Step 49/94 : FROM base AS dockercli
 ---> 11eebc3e4ae6
Step 50/94 : ENV INSTALL_BINARY_NAME=dockercli
 ---> Using cache
 ---> c0005ba31a01
Step 51/94 : COPY hack/dockerfile/install/install.sh ./install.sh
 ---> Using cache
 ---> 3d4c43243d48
Step 52/94 : COPY hack/dockerfile/install/$INSTALL_BINARY_NAME.installer ./
 ---> Using cache
 ---> 3a43c6a5a839
Step 53/94 : RUN PREFIX=/build ./install.sh $INSTALL_BINARY_NAME
 ---> Using cache
 ---> 0bcd30521565
Step 54/94 : FROM runtime-dev AS runc
 ---> 300e9cabbb60
Step 55/94 : ENV INSTALL_BINARY_NAME=runc
 ---> Using cache
 ---> 3d56728064cf
Step 56/94 : COPY hack/dockerfile/install/install.sh ./install.sh
 ---> Using cache
 ---> 138bcda31425
Step 57/94 : COPY hack/dockerfile/install/$INSTALL_BINARY_NAME.installer ./
 ---> Using cache
 ---> 2e318673c4f9
Step 58/94 : RUN PREFIX=/build ./install.sh $INSTALL_BINARY_NAME
 ---> Using cache
 ---> a8be6c18fed6
Step 59/94 : FROM base AS tini
 ---> 11eebc3e4ae6
Step 60/94 : RUN apt-get update && apt-get install -y cmake vim-common
 ---> Using cache
 ---> a0cd3628e3ea
Step 61/94 : COPY hack/dockerfile/install/install.sh ./install.sh
 ---> Using cache
 ---> a8042c198504
Step 62/94 : ENV INSTALL_BINARY_NAME=tini
 ---> Using cache
 ---> 177b4090c068
Step 63/94 : COPY hack/dockerfile/install/$INSTALL_BINARY_NAME.installer ./
 ---> Using cache
 ---> 82798b25352c
Step 64/94 : RUN PREFIX=/build ./install.sh $INSTALL_BINARY_NAME
 ---> Using cache
 ---> f96f70863999
Step 65/94 : FROM runtime-dev AS dev
 ---> 300e9cabbb60
Step 66/94 : RUN groupadd -r docker
 ---> Using cache
 ---> 42139663ae6d
Step 67/94 : RUN useradd --create-home --gid docker unprivilegeduser
 ---> Using cache
 ---> 3c1af5bebeeb
Step 68/94 : RUN ln -sfv /go/src/github.com/docker/docker/.bashrc ~/.bashrc
 ---> Using cache
 ---> 1711e5613641
Step 69/94 : RUN echo "source /usr/share/bash-completion/bash_completion" >> /etc/bash.bashrc
 ---> Using cache
 ---> 6b8d4152895f
Step 70/94 : RUN ln -s /usr/local/completion/bash/docker /etc/bash_completion.d/docker
 ---> Using cache
 ---> 7d886621dc55
Step 71/94 : RUN ldconfig
 ---> Using cache
 ---> 3b764be4e87c
Step 72/94 : RUN apt-get update && apt-get install -y 	apparmor 	aufs-tools 	bash-completion 	btrfs-tools 	iptables 	jq 	libcap2-bin 	libdevmapper-dev 	libudev-dev 	libsystemd-dev 	binutils-mingw-w64 	g++-mingw-w64-x86-64 	net-tools 	pigz 	python-backports.ssl-match-hostname 	python-dev 	python-mock 	python-pip 	python-requests 	python-setuptools 	python-websocket 	python-wheel 	thin-provisioning-tools 	vim 	vim-common 	xfsprogs 	zip 	bzip2 	xz-utils 	--no-install-recommends
 ---> Using cache
 ---> 5d7a15f97a40
Step 73/94 : COPY --from=swagger /build/swagger* /usr/local/bin/
 ---> Using cache
 ---> e069d39aa5f9
Step 74/94 : COPY --from=frozen-images /build/ /docker-frozen-images
 ---> Using cache
 ---> 9fe20ee1ce46
Step 75/94 : COPY --from=gometalinter /build/ /usr/local/bin/
 ---> Using cache
 ---> 08044caa6851
Step 76/94 : COPY --from=tomlv /build/ /usr/local/bin/
 ---> Using cache
 ---> 9f419a059ac6
Step 77/94 : COPY --from=vndr /build/ /usr/local/bin/
 ---> Using cache
 ---> b611bcd5e803
Step 78/94 : COPY --from=tini /build/ /usr/local/bin/
 ---> Using cache
 ---> cc230aae98ea
Step 79/94 : COPY --from=runc /build/ /usr/local/bin/
 ---> Using cache
 ---> 771560c3144a
Step 80/94 : COPY --from=containerd /build/ /usr/local/bin/
 ---> Using cache
 ---> dbf605552318
Step 81/94 : COPY --from=proxy /build/ /usr/local/bin/
 ---> Using cache
 ---> 76010e11e6fb
Step 82/94 : COPY --from=dockercli /build/ /usr/local/cli
 ---> Using cache
 ---> bb0d84a99a18
Step 83/94 : COPY --from=registry /build/registry* /usr/local/bin/
 ---> Using cache
 ---> 8b243d45d402
Step 84/94 : COPY --from=criu /build/ /usr/local/
 ---> Using cache
 ---> 8470b204e698
Step 85/94 : COPY --from=docker-py /build/ /docker-py
 ---> Using cache
 ---> a708b39f1b59
Step 86/94 : RUN cd /docker-py 	&& pip install docker-pycreds==0.2.1 	&& pip install yamllint==1.5.0 	&& pip install -r test-requirements.txt
 ---> Using cache
 ---> 3cd19b516d28
Step 87/94 : ENV PATH=/usr/local/cli:$PATH
 ---> Using cache
 ---> 9d66b75d0044
Step 88/94 : ENV DOCKER_BUILDTAGS apparmor seccomp selinux
 ---> Using cache
 ---> c03c9aec7311
Step 89/94 : ENV GOMETALINTER_OPTS="--deadline=2m"
 ---> Using cache
 ---> 9a5648153cf8
Step 90/94 : WORKDIR /go/src/github.com/docker/docker
 ---> Using cache
 ---> 1840c9cde078
Step 91/94 : VOLUME /var/lib/docker
 ---> Using cache
 ---> ae86cd194175
Step 92/94 : ENTRYPOINT ["hack/dind"]
 ---> Using cache
 ---> 985f2478f71b
Step 93/94 : FROM dev AS final
 ---> 985f2478f71b
Step 94/94 : COPY . /go/src/github.com/docker/docker
 ---> a20756696980
Successfully built a20756696980
Successfully tagged docker:cf4c4df-exp

Removing bundles/

---> Making bundle: binary-daemon (in bundles/binary-daemon)
Building: bundles/binary-daemon/dockerd-dev
Created binary: bundles/binary-daemon/dockerd-dev
Copying nested executables into bundles/binary-daemon

---> Making bundle: test-integration (in bundles/test-integration)
Building test suite binary ./integration-cli/test.main
Building test suite binary ./integration/plugin/test.main
Building test suite binary ./integration/plugin/authz/test.main
Building test suite binary ./integration/plugin/logging/test.main
Building test suite binary ./integration/plugin/logging/cmd/test.main
Building test suite binary ./integration/plugin/logging/cmd/close_on_start/test.main
Building test suite binary ./integration/plugin/logging/cmd/dummy/test.main
Building test suite binary ./integration/plugin/common/test.main
Building test suite binary ./integration/plugin/volumes/test.main
Building test suite binary ./integration/plugin/volumes/cmd/test.main
Building test suite binary ./integration/plugin/volumes/cmd/dummy/test.main
Building test suite binary ./integration/plugin/graphdriver/test.main
Building test suite binary ./integration/config/test.main
Building test suite binary ./integration/service/test.main
Building test suite binary ./integration/network/test.main
Building test suite binary ./integration/network/ipvlan/test.main
Building test suite binary ./integration/network/macvlan/test.main
Building test suite binary ./integration/secret/test.main
Building test suite binary ./integration/session/test.main
Building test suite binary ./integration/container/test.main
Building test suite binary ./integration/build/test.main
Building test suite binary ./integration/volume/test.main
Building test suite binary ./integration/system/test.main
Building test suite binary ./integration/image/test.main
---> Making bundle: .integration-daemon-start (in bundles/test-integration)
Using test binary docker
# DOCKER_EXPERIMENTAL is set: starting daemon with experimental features enabled! 
/etc/init.d/apparmor: 130: /etc/init.d/apparmor: systemd-detect-virt: not found
Starting AppArmor profiles:Warning from stdin (line 1): /sbin/apparmor_parser: cannot use or update cache, disable, or force-complain via stdin
Warning failed to create cache: (null)
.
INFO: Waiting for daemon to start...
Starting dockerd
.
---> Making bundle: .integration-daemon-setup (in bundles/test-integration)
---> Making bundle: .ensure-emptyfs (in bundles/test-integration)
Error: No such image: emptyfs
Running integration-test (iteration 1)
Running /go/src/github.com/docker/docker/integration/plugin
testing: warning: no tests to run
PASS
Running /go/src/github.com/docker/docker/integration/plugin/authz
Loaded image: buildpack-deps:jessie
Loaded image: busybox:latest
Loaded image: busybox:glibc
Loaded image: debian:jessie
Loaded image: hello-world:latest
INFO: Testing against a local daemon
=== RUN   TestAuthZPluginAllowRequest
--- PASS: TestAuthZPluginAllowRequest (2.45s)
    daemon.go:296: [d08ab26441c47] waiting for daemon to start
    daemon.go:328: [d08ab26441c47] daemon started
    daemon.go:283: [d08ab26441c47] exiting daemon
=== RUN   TestAuthZPluginTLS
--- PASS: TestAuthZPluginTLS (0.53s)
    daemon.go:296: [dfc323cf99be6] waiting for daemon to start
    daemon.go:328: [dfc323cf99be6] daemon started
    daemon.go:283: [dfc323cf99be6] exiting daemon
=== RUN   TestAuthZPluginDenyRequest
--- PASS: TestAuthZPluginDenyRequest (0.52s)
    daemon.go:296: [df0dcd2204b38] waiting for daemon to start
    daemon.go:328: [df0dcd2204b38] daemon started
    daemon.go:283: [df0dcd2204b38] exiting daemon
=== RUN   TestAuthZPluginAPIDenyResponse
--- PASS: TestAuthZPluginAPIDenyResponse (0.53s)
    daemon.go:296: [dcb1c4a905608] waiting for daemon to start
    daemon.go:328: [dcb1c4a905608] daemon started
    daemon.go:283: [dcb1c4a905608] exiting daemon
=== RUN   TestAuthZPluginDenyResponse
--- PASS: TestAuthZPluginDenyResponse (0.53s)
    daemon.go:296: [d48b7d41400f6] waiting for daemon to start
    daemon.go:328: [d48b7d41400f6] daemon started
    daemon.go:283: [d48b7d41400f6] exiting daemon
=== RUN   TestAuthZPluginAllowEventStream
--- PASS: TestAuthZPluginAllowEventStream (5.98s)
    daemon.go:296: [d6a184e4d6b5e] waiting for daemon to start
    daemon.go:328: [d6a184e4d6b5e] daemon started
    daemon.go:283: [d6a184e4d6b5e] exiting daemon
=== RUN   TestAuthZPluginErrorResponse
--- PASS: TestAuthZPluginErrorResponse (3.08s)
    daemon.go:296: [d25d097ce30e5] waiting for daemon to start
    daemon.go:328: [d25d097ce30e5] daemon started
    daemon.go:283: [d25d097ce30e5] exiting daemon
=== RUN   TestAuthZPluginErrorRequest
--- PASS: TestAuthZPluginErrorRequest (0.52s)
    daemon.go:296: [d5890161eb5ff] waiting for daemon to start
    daemon.go:328: [d5890161eb5ff] daemon started
    daemon.go:283: [d5890161eb5ff] exiting daemon
=== RUN   TestAuthZPluginEnsureNoDuplicatePluginRegistration
--- PASS: TestAuthZPluginEnsureNoDuplicatePluginRegistration (0.52s)
    daemon.go:296: [d95ef4486eb17] waiting for daemon to start
    daemon.go:328: [d95ef4486eb17] daemon started
    daemon.go:283: [d95ef4486eb17] exiting daemon
=== RUN   TestAuthZPluginEnsureLoadImportWorking
--- PASS: TestAuthZPluginEnsureLoadImportWorking (1.42s)
    daemon.go:296: [da3fcf49dbfc7] waiting for daemon to start
    daemon.go:328: [da3fcf49dbfc7] daemon started
    daemon.go:283: [da3fcf49dbfc7] exiting daemon
=== RUN   TestAuthzPluginEnsureContainerCopyToFrom
--- PASS: TestAuthzPluginEnsureContainerCopyToFrom (1.50s)
    daemon.go:296: [ded5f363e9ec8] waiting for daemon to start
    daemon.go:328: [ded5f363e9ec8] daemon started
    daemon.go:283: [ded5f363e9ec8] exiting daemon
=== RUN   TestAuthZPluginHeader
--- PASS: TestAuthZPluginHeader (0.73s)
    daemon.go:296: [d168348391d31] waiting for daemon to start
    daemon.go:328: [d168348391d31] daemon started
    daemon.go:283: [d168348391d31] exiting daemon
=== RUN   TestAuthZPluginV2AllowNonVolumeRequest
--- PASS: TestAuthZPluginV2AllowNonVolumeRequest (7.81s)
    daemon.go:296: [d366d6a281b8e] waiting for daemon to start
    daemon.go:328: [d366d6a281b8e] daemon started
    daemon.go:283: [d366d6a281b8e] exiting daemon
    daemon.go:296: [d366d6a281b8e] waiting for daemon to start
    daemon.go:328: [d366d6a281b8e] daemon started
    daemon.go:283: [d366d6a281b8e] exiting daemon
=== RUN   TestAuthZPluginV2Disable
--- PASS: TestAuthZPluginV2Disable (5.91s)
    daemon.go:296: [de17cc5f26aa4] waiting for daemon to start
    daemon.go:328: [de17cc5f26aa4] daemon started
    daemon.go:283: [de17cc5f26aa4] exiting daemon
    daemon.go:296: [de17cc5f26aa4] waiting for daemon to start
    daemon.go:328: [de17cc5f26aa4] daemon started
    daemon.go:283: [de17cc5f26aa4] exiting daemon
=== RUN   TestAuthZPluginV2RejectVolumeRequests
--- PASS: TestAuthZPluginV2RejectVolumeRequests (5.56s)
    daemon.go:296: [d57ed09a156b9] waiting for daemon to start
    daemon.go:328: [d57ed09a156b9] daemon started
    daemon.go:283: [d57ed09a156b9] exiting daemon
    daemon.go:296: [d57ed09a156b9] waiting for daemon to start
    daemon.go:328: [d57ed09a156b9] daemon started
    daemon.go:283: [d57ed09a156b9] exiting daemon
=== RUN   TestAuthZPluginV2BadManifestFailsDaemonStart
--- PASS: TestAuthZPluginV2BadManifestFailsDaemonStart (13.72s)
    daemon.go:296: [d2ac3da2caf48] waiting for daemon to start
    daemon.go:328: [d2ac3da2caf48] daemon started
    daemon.go:283: [d2ac3da2caf48] exiting daemon
    daemon.go:296: [d2ac3da2caf48] waiting for daemon to start
    daemon.go:296: [d2ac3da2caf48] waiting for daemon to start
    daemon.go:283: [d2ac3da2caf48] exiting daemon
    daemon.go:296: [d2ac3da2caf48] waiting for daemon to start
    daemon.go:328: [d2ac3da2caf48] daemon started
    daemon.go:283: [d2ac3da2caf48] exiting daemon
=== RUN   TestAuthZPluginV2NonexistentFailsDaemonStart
--- PASS: TestAuthZPluginV2NonexistentFailsDaemonStart (16.52s)
    daemon.go:296: [d1ae6accb2e53] waiting for daemon to start
    daemon.go:328: [d1ae6accb2e53] daemon started
    daemon.go:283: [d1ae6accb2e53] exiting daemon
    daemon.go:296: [d1ae6accb2e53] waiting for daemon to start
    daemon.go:296: [d1ae6accb2e53] waiting for daemon to start
    daemon.go:296: [d1ae6accb2e53] waiting for daemon to start
    daemon.go:328: [d1ae6accb2e53] daemon started
    daemon.go:283: [d1ae6accb2e53] exiting daemon
PASS
Running /go/src/github.com/docker/docker/integration/plugin/logging
INFO: Testing against a local daemon
=== RUN   TestContinueAfterPluginCrash
=== PAUSE TestContinueAfterPluginCrash
=== RUN   TestDaemonStartWithLogOpt
=== PAUSE TestDaemonStartWithLogOpt
=== CONT  TestContinueAfterPluginCrash
=== CONT  TestDaemonStartWithLogOpt
--- PASS: TestDaemonStartWithLogOpt (13.91s)
    daemon.go:296: [ddfe38039db75] waiting for daemon to start
    daemon.go:328: [ddfe38039db75] daemon started
    daemon.go:283: [ddfe38039db75] exiting daemon
    daemon.go:296: [ddfe38039db75] waiting for daemon to start
    daemon.go:328: [ddfe38039db75] daemon started
    daemon.go:283: [ddfe38039db75] exiting daemon
--- PASS: TestContinueAfterPluginCrash (19.21s)
    daemon.go:296: [dd20824614d9f] waiting for daemon to start
    daemon.go:328: [dd20824614d9f] daemon started
    daemon.go:283: [dd20824614d9f] exiting daemon
PASS
Running /go/src/github.com/docker/docker/integration/plugin/logging/cmd
testing: warning: no tests to run
PASS
Running /go/src/github.com/docker/docker/integration/plugin/logging/cmd/close_on_start
testing: warning: no tests to run
PASS
Running /go/src/github.com/docker/docker/integration/plugin/logging/cmd/dummy
testing: warning: no tests to run
PASS
Running /go/src/github.com/docker/docker/integration/plugin/common
INFO: Testing against a local daemon
=== RUN   TestPluginInvalidJSON
=== RUN   TestPluginInvalidJSON//plugins/foobar/set
=== PAUSE TestPluginInvalidJSON//plugins/foobar/set
=== CONT  TestPluginInvalidJSON//plugins/foobar/set
--- PASS: TestPluginInvalidJSON (0.01s)
    --- PASS: TestPluginInvalidJSON//plugins/foobar/set (0.00s)
PASS
Running /go/src/github.com/docker/docker/integration/plugin/volumes
INFO: Testing against a local daemon
=== RUN   TestPluginWithDevMounts
=== PAUSE TestPluginWithDevMounts
=== CONT  TestPluginWithDevMounts
--- PASS: TestPluginWithDevMounts (1.73s)
    daemon.go:296: [daf7c163c4f10] waiting for daemon to start
    daemon.go:328: [daf7c163c4f10] daemon started
    daemon.go:283: [daf7c163c4f10] exiting daemon
PASS
Running /go/src/github.com/docker/docker/integration/plugin/volumes/cmd
testing: warning: no tests to run
PASS
Running /go/src/github.com/docker/docker/integration/plugin/volumes/cmd/dummy
testing: warning: no tests to run
PASS
Running /go/src/github.com/docker/docker/integration/plugin/graphdriver
INFO: Testing against a local daemon
=== RUN   TestExternalGraphDriver
=== RUN   TestExternalGraphDriver/json
=== RUN   TestExternalGraphDriver/spec
=== RUN   TestExternalGraphDriver/pull
--- PASS: TestExternalGraphDriver (6.89s)
    daemon.go:296: [d4d3511f3a39b] waiting for daemon to start
    daemon.go:328: [d4d3511f3a39b] daemon started
    daemon.go:283: [d4d3511f3a39b] exiting daemon
    daemon.go:296: [d4d3511f3a39b] waiting for daemon to start
    daemon.go:328: [d4d3511f3a39b] daemon started
    daemon.go:283: [d4d3511f3a39b] exiting daemon
    --- PASS: TestExternalGraphDriver/json (1.69s)
    daemon.go:296: [d4d3511f3a39b] waiting for daemon to start
    daemon.go:328: [d4d3511f3a39b] daemon started
    daemon.go:283: [d4d3511f3a39b] exiting daemon
    daemon.go:296: [d4d3511f3a39b] waiting for daemon to start
    daemon.go:328: [d4d3511f3a39b] daemon started
    daemon.go:283: [d4d3511f3a39b] exiting daemon
    --- PASS: TestExternalGraphDriver/spec (1.70s)
    daemon.go:296: [d4d3511f3a39b] waiting for daemon to start
    daemon.go:328: [d4d3511f3a39b] daemon started
    daemon.go:283: [d4d3511f3a39b] exiting daemon
    --- PASS: TestExternalGraphDriver/pull (3.02s)
=== RUN   TestGraphdriverPluginV2
--- SKIP: TestGraphdriverPluginV2 (0.34s)
    external_test.go:411: !requirement.Overlay2Supported(testEnv.DaemonInfo.KernelVersion)
PASS
Running /go/src/github.com/docker/docker/integration/config
INFO: Testing against a local daemon
=== RUN   TestConfigList
--- PASS: TestConfigList (2.13s)
    daemon.go:296: [d93455e8c2719] waiting for daemon to start
    daemon.go:328: [d93455e8c2719] daemon started
    daemon.go:283: [d93455e8c2719] exiting daemon
=== RUN   TestConfigsCreateAndDelete
--- PASS: TestConfigsCreateAndDelete (2.12s)
    daemon.go:296: [d1f43f3ab9f27] waiting for daemon to start
    daemon.go:328: [d1f43f3ab9f27] daemon started
    daemon.go:283: [d1f43f3ab9f27] exiting daemon
=== RUN   TestConfigsUpdate
--- PASS: TestConfigsUpdate (2.14s)
    daemon.go:296: [d5558d1a7290b] waiting for daemon to start
    daemon.go:328: [d5558d1a7290b] daemon started
    daemon.go:283: [d5558d1a7290b] exiting daemon
=== RUN   TestTemplatedConfig
--- PASS: TestTemplatedConfig (2.63s)
    daemon.go:296: [d551c6452857a] waiting for daemon to start
    daemon.go:328: [d551c6452857a] daemon started
    daemon.go:283: [d551c6452857a] exiting daemon
=== RUN   TestConfigInspect
--- PASS: TestConfigInspect (2.14s)
    daemon.go:296: [d189687c38baf] waiting for daemon to start
    daemon.go:328: [d189687c38baf] daemon started
    daemon.go:283: [d189687c38baf] exiting daemon
=== RUN   TestConfigCreateWithLabels
--- PASS: TestConfigCreateWithLabels (2.15s)
    daemon.go:296: [d1d118d217d91] waiting for daemon to start
    daemon.go:328: [d1d118d217d91] daemon started
    daemon.go:283: [d1d118d217d91] exiting daemon
=== RUN   TestConfigCreateResolve
--- PASS: TestConfigCreateResolve (2.16s)
    daemon.go:296: [df84306b83357] waiting for daemon to start
    daemon.go:328: [df84306b83357] daemon started
    daemon.go:283: [df84306b83357] exiting daemon
PASS
Running /go/src/github.com/docker/docker/integration/service
INFO: Testing against a local daemon
=== RUN   TestServiceCreateInit
=== RUN   TestServiceCreateInit/daemonInitDisabled
=== RUN   TestServiceCreateInit/daemonInitEnabled
--- PASS: TestServiceCreateInit (8.00s)
    --- PASS: TestServiceCreateInit/daemonInitDisabled (3.97s)
        daemon.go:296: [d30d1eb1b9184] waiting for daemon to start
        daemon.go:328: [d30d1eb1b9184] daemon started
        daemon.go:283: [d30d1eb1b9184] exiting daemon
    --- PASS: TestServiceCreateInit/daemonInitEnabled (4.02s)
        daemon.go:296: [d388018b5376a] waiting for daemon to start
        daemon.go:328: [d388018b5376a] daemon started
        daemon.go:283: [d388018b5376a] exiting daemon
=== RUN   TestCreateServiceMultipleTimes
--- PASS: TestCreateServiceMultipleTimes (23.25s)
    daemon.go:296: [d33d1b5ea164d] waiting for daemon to start
    daemon.go:328: [d33d1b5ea164d] daemon started
    daemon.go:283: [d33d1b5ea164d] exiting daemon
=== RUN   TestCreateServiceConflict
--- PASS: TestCreateServiceConflict (2.14s)
    daemon.go:296: [dd763b74ee512] waiting for daemon to start
    daemon.go:328: [dd763b74ee512] daemon started
    daemon.go:283: [dd763b74ee512] exiting daemon
=== RUN   TestCreateServiceMaxReplicas
--- PASS: TestCreateServiceMaxReplicas (2.94s)
    daemon.go:296: [d2f08a73a5613] waiting for daemon to start
    daemon.go:328: [d2f08a73a5613] daemon started
    daemon.go:283: [d2f08a73a5613] exiting daemon
=== RUN   TestCreateWithDuplicateNetworkNames
--- PASS: TestCreateWithDuplicateNetworkNames (13.03s)
    daemon.go:296: [d677d380081e8] waiting for daemon to start
    daemon.go:328: [d677d380081e8] daemon started
    daemon.go:283: [d677d380081e8] exiting daemon
=== RUN   TestCreateServiceSecretFileMode
--- PASS: TestCreateServiceSecretFileMode (2.66s)
    daemon.go:296: [d6d693df59458] waiting for daemon to start
    daemon.go:328: [d6d693df59458] daemon started
    daemon.go:283: [d6d693df59458] exiting daemon
=== RUN   TestCreateServiceConfigFileMode
--- PASS: TestCreateServiceConfigFileMode (2.65s)
    daemon.go:296: [d7f55927b046c] waiting for daemon to start
    daemon.go:328: [d7f55927b046c] daemon started
    daemon.go:283: [d7f55927b046c] exiting daemon
=== RUN   TestCreateServiceSysctls
--- PASS: TestCreateServiceSysctls (3.16s)
    daemon.go:296: [d6e565d959f1e] waiting for daemon to start
    daemon.go:328: [d6e565d959f1e] daemon started
    daemon.go:283: [d6e565d959f1e] exiting daemon
=== RUN   TestInspect
--- PASS: TestInspect (2.02s)
    daemon.go:296: [d51033cb5e42e] waiting for daemon to start
    daemon.go:328: [d51033cb5e42e] daemon started
    daemon.go:283: [d51033cb5e42e] exiting daemon
=== RUN   TestDockerNetworkConnectAlias
--- PASS: TestDockerNetworkConnectAlias (4.04s)
    daemon.go:296: [d9b964f3f838d] waiting for daemon to start
    daemon.go:328: [d9b964f3f838d] daemon started
    daemon.go:283: [d9b964f3f838d] exiting daemon
=== RUN   TestServicePlugin
--- PASS: TestServicePlugin (35.13s)
    daemon.go:296: [df0e34f84603c] waiting for daemon to start
    daemon.go:328: [df0e34f84603c] daemon started
    daemon.go:283: [df0e34f84603c] exiting daemon
    daemon.go:296: [d7ff34580756f] waiting for daemon to start
    daemon.go:328: [d7ff34580756f] daemon started
    daemon.go:296: [dcbe530f85257] waiting for daemon to start
    daemon.go:328: [dcbe530f85257] daemon started
    daemon.go:296: [d5652380927fc] waiting for daemon to start
    daemon.go:328: [d5652380927fc] daemon started
    daemon.go:283: [d5652380927fc] exiting daemon
    daemon.go:283: [dcbe530f85257] exiting daemon
    daemon.go:283: [d7ff34580756f] exiting daemon
=== RUN   TestServiceUpdateLabel
--- PASS: TestServiceUpdateLabel (2.08s)
    daemon.go:296: [d8890056f44e2] waiting for daemon to start
    daemon.go:328: [d8890056f44e2] daemon started
    daemon.go:283: [d8890056f44e2] exiting daemon
=== RUN   TestServiceUpdateSecrets
--- PASS: TestServiceUpdateSecrets (14.48s)
    daemon.go:296: [debad16af83af] waiting for daemon to start
    daemon.go:328: [debad16af83af] daemon started
    daemon.go:283: [debad16af83af] exiting daemon
=== RUN   TestServiceUpdateConfigs
--- PASS: TestServiceUpdateConfigs (14.39s)
    daemon.go:296: [d6417bae30b9d] waiting for daemon to start
    daemon.go:328: [d6417bae30b9d] daemon started
    daemon.go:283: [d6417bae30b9d] exiting daemon
PASS
Running /go/src/github.com/docker/docker/integration/network
INFO: Testing against a local daemon
=== RUN   TestNetworkCreateDelete
--- PASS: TestNetworkCreateDelete (0.10s)
=== RUN   TestDockerNetworkDeletePreferID
--- PASS: TestDockerNetworkDeletePreferID (0.28s)
=== RUN   TestInspectNetwork
--- PASS: TestInspectNetwork (24.42s)
    daemon.go:296: [d221ddd43ed58] waiting for daemon to start
    daemon.go:328: [d221ddd43ed58] daemon started
    daemon.go:283: [d221ddd43ed58] exiting daemon
=== RUN   TestRunContainerWithBridgeNone
--- PASS: TestRunContainerWithBridgeNone (2.03s)
    daemon.go:296: [de57059ba7602] waiting for daemon to start
    daemon.go:328: [de57059ba7602] daemon started
    daemon.go:283: [de57059ba7602] exiting daemon
=== RUN   TestNetworkInvalidJSON
=== RUN   TestNetworkInvalidJSON//networks/create
=== PAUSE TestNetworkInvalidJSON//networks/create
=== RUN   TestNetworkInvalidJSON//networks/bridge/connect
=== PAUSE TestNetworkInvalidJSON//networks/bridge/connect
=== RUN   TestNetworkInvalidJSON//networks/bridge/disconnect
=== PAUSE TestNetworkInvalidJSON//networks/bridge/disconnect
=== CONT  TestNetworkInvalidJSON//networks/create
=== CONT  TestNetworkInvalidJSON//networks/bridge/disconnect
=== CONT  TestNetworkInvalidJSON//networks/bridge/connect
--- PASS: TestNetworkInvalidJSON (0.01s)
    --- PASS: TestNetworkInvalidJSON//networks/create (0.00s)
    --- PASS: TestNetworkInvalidJSON//networks/bridge/disconnect (0.00s)
    --- PASS: TestNetworkInvalidJSON//networks/bridge/connect (0.00s)
=== RUN   TestDaemonRestartWithLiveRestore
--- PASS: TestDaemonRestartWithLiveRestore (1.03s)
    daemon.go:296: [d5e75f8833263] waiting for daemon to start
    daemon.go:328: [d5e75f8833263] daemon started
    daemon.go:283: [d5e75f8833263] exiting daemon
    daemon.go:296: [d5e75f8833263] waiting for daemon to start
    daemon.go:328: [d5e75f8833263] daemon started
    daemon.go:283: [d5e75f8833263] exiting daemon
=== RUN   TestDaemonDefaultNetworkPools
--- PASS: TestDaemonDefaultNetworkPools (0.65s)
    daemon.go:296: [d6e8825ea5e4d] waiting for daemon to start
    daemon.go:328: [d6e8825ea5e4d] daemon started
    daemon.go:283: [d6e8825ea5e4d] exiting daemon
=== RUN   TestDaemonRestartWithExistingNetwork
--- PASS: TestDaemonRestartWithExistingNetwork (1.11s)
    daemon.go:296: [d415a176f8f4b] waiting for daemon to start
    daemon.go:328: [d415a176f8f4b] daemon started
    daemon.go:283: [d415a176f8f4b] exiting daemon
    daemon.go:296: [d415a176f8f4b] waiting for daemon to start
    daemon.go:328: [d415a176f8f4b] daemon started
    daemon.go:283: [d415a176f8f4b] exiting daemon
=== RUN   TestDaemonRestartWithExistingNetworkWithDefaultPoolRange
--- PASS: TestDaemonRestartWithExistingNetworkWithDefaultPoolRange (1.17s)
    daemon.go:296: [dbbc3da925094] waiting for daemon to start
    daemon.go:328: [dbbc3da925094] daemon started
    daemon.go:283: [dbbc3da925094] exiting daemon
    daemon.go:296: [dbbc3da925094] waiting for daemon to start
    daemon.go:328: [dbbc3da925094] daemon started
    daemon.go:283: [dbbc3da925094] exiting daemon
=== RUN   TestDaemonWithBipAndDefaultNetworkPool
--- PASS: TestDaemonWithBipAndDefaultNetworkPool (0.55s)
    daemon.go:296: [de456d62edc06] waiting for daemon to start
    daemon.go:328: [de456d62edc06] daemon started
    daemon.go:283: [de456d62edc06] exiting daemon
=== RUN   TestServiceWithPredefinedNetwork
--- PASS: TestServiceWithPredefinedNetwork (2.12s)
    daemon.go:296: [d826d8ab37b61] waiting for daemon to start
    daemon.go:328: [d826d8ab37b61] daemon started
    daemon.go:283: [d826d8ab37b61] exiting daemon
=== RUN   TestServiceRemoveKeepsIngressNetwork
--- PASS: TestServiceRemoveKeepsIngressNetwork (12.04s)
    daemon.go:296: [d507d9c3a0d42] waiting for daemon to start
    daemon.go:328: [d507d9c3a0d42] daemon started
    daemon.go:283: [d507d9c3a0d42] exiting daemon
=== RUN   TestServiceWithDataPathPortInit
--- PASS: TestServiceWithDataPathPortInit (4.25s)
    daemon.go:296: [dde03eb35fddd] waiting for daemon to start
    daemon.go:328: [dde03eb35fddd] daemon started
    daemon.go:283: [dde03eb35fddd] exiting daemon
    daemon.go:296: [d508c33fe3eaa] waiting for daemon to start
    daemon.go:328: [d508c33fe3eaa] daemon started
    daemon.go:283: [d508c33fe3eaa] exiting daemon
=== RUN   TestServiceWithDefaultAddressPoolInit
--- PASS: TestServiceWithDefaultAddressPoolInit (4.24s)
    daemon.go:296: [d63f107192a8c] waiting for daemon to start
    daemon.go:328: [d63f107192a8c] daemon started
    service_test.go:420: TestServiceWithDefaultAddressPoolInit: NetworkInspect: {Name:saanvisthiraTestServiceWithDefaultAddressPoolInit ID:vy5ebdqjvh7ggrchjwg0zneq8 Created:2019-01-09 14:14:53.225105742 +0000 UTC Scope:swarm Driver:overlay EnableIPv6:false IPAM:{Driver:default Options:map[] Config:[{Subnet:20.20.0.0/24 IPRange: Gateway:20.20.0.1 AuxAddress:map[]}]} Internal:false Attachable:false Ingress:false ConfigFrom:{Network:} ConfigOnly:false Containers:map[] Options:map[com.docker.network.driver.overlay.vxlanid_list:4097] Labels:map[] Peers:[] Services:map[]}
    daemon.go:283: [d63f107192a8c] exiting daemon
    daemon.go:296: [d0c74e049ac6f] waiting for daemon to start
    daemon.go:328: [d0c74e049ac6f] daemon started
    daemon.go:283: [d0c74e049ac6f] exiting daemon
PASS
Running /go/src/github.com/docker/docker/integration/network/ipvlan
INFO: Testing against a local daemon
=== RUN   TestDockerNetworkIpvlanPersistance
--- PASS: TestDockerNetworkIpvlanPersistance (1.29s)
    daemon.go:296: [d4d9f2b6a6542] waiting for daemon to start
    daemon.go:328: [d4d9f2b6a6542] daemon started
    daemon.go:283: [d4d9f2b6a6542] exiting daemon
    daemon.go:296: [d4d9f2b6a6542] waiting for daemon to start
    daemon.go:328: [d4d9f2b6a6542] daemon started
    daemon.go:283: [d4d9f2b6a6542] exiting daemon
=== RUN   TestDockerNetworkIpvlan
=== RUN   TestDockerNetworkIpvlan/Subinterface
=== RUN   TestDockerNetworkIpvlan/OverlapParent
=== RUN   TestDockerNetworkIpvlan/L2NilParent
=== RUN   TestDockerNetworkIpvlan/L2InternalMode
=== RUN   TestDockerNetworkIpvlan/L3NilParent
=== RUN   TestDockerNetworkIpvlan/L3InternalMode
=== RUN   TestDockerNetworkIpvlan/L2MultiSubnet
=== RUN   TestDockerNetworkIpvlan/L3MultiSubnet
=== RUN   TestDockerNetworkIpvlan/Addressing
--- PASS: TestDockerNetworkIpvlan (109.82s)
    daemon.go:296: [d4e1d504b85c4] waiting for daemon to start
    daemon.go:328: [d4e1d504b85c4] daemon started
    --- PASS: TestDockerNetworkIpvlan/Subinterface (0.08s)
    daemon.go:283: [d4e1d504b85c4] exiting daemon
    daemon.go:296: [d6ae0d8d2c4e1] waiting for daemon to start
    daemon.go:328: [d6ae0d8d2c4e1] daemon started
    --- PASS: TestDockerNetworkIpvlan/OverlapParent (0.04s)
    daemon.go:283: [d6ae0d8d2c4e1] exiting daemon
    daemon.go:296: [d9060fbb029c7] waiting for daemon to start
    daemon.go:328: [d9060fbb029c7] daemon started
    --- PASS: TestDockerNetworkIpvlan/L2NilParent (0.82s)
    daemon.go:283: [d9060fbb029c7] exiting daemon
    daemon.go:296: [de50ad771011d] waiting for daemon to start
    daemon.go:328: [de50ad771011d] daemon started
    --- PASS: TestDockerNetworkIpvlan/L2InternalMode (1.90s)
    daemon.go:283: [de50ad771011d] exiting daemon
    daemon.go:296: [dc58590351d6f] waiting for daemon to start
    daemon.go:328: [dc58590351d6f] daemon started
    --- PASS: TestDockerNetworkIpvlan/L3NilParent (15.85s)
    daemon.go:283: [dc58590351d6f] exiting daemon
    daemon.go:296: [db36cb8ead719] waiting for daemon to start
    daemon.go:328: [db36cb8ead719] daemon started
    --- PASS: TestDockerNetworkIpvlan/L3InternalMode (16.89s)
    daemon.go:283: [db36cb8ead719] exiting daemon
    daemon.go:296: [d0961ec41f9ff] waiting for daemon to start
    daemon.go:328: [d0961ec41f9ff] daemon started
    --- PASS: TestDockerNetworkIpvlan/L2MultiSubnet (17.16s)
    daemon.go:283: [d0961ec41f9ff] exiting daemon
    daemon.go:296: [d6790bda1bf14] waiting for daemon to start
    daemon.go:328: [d6790bda1bf14] daemon started
    --- PASS: TestDockerNetworkIpvlan/L3MultiSubnet (17.13s)
    daemon.go:283: [d6790bda1bf14] exiting daemon
    daemon.go:296: [d3688ed5acae2] waiting for daemon to start
    daemon.go:328: [d3688ed5acae2] daemon started
    --- PASS: TestDockerNetworkIpvlan/Addressing (31.25s)
    daemon.go:283: [d3688ed5acae2] exiting daemon
PASS
Running /go/src/github.com/docker/docker/integration/network/macvlan
INFO: Testing against a local daemon
=== RUN   TestDockerNetworkMacvlanPersistance
--- PASS: TestDockerNetworkMacvlanPersistance (1.27s)
    daemon.go:296: [de6d488fa1ead] waiting for daemon to start
    daemon.go:328: [de6d488fa1ead] daemon started
    daemon.go:283: [de6d488fa1ead] exiting daemon
    daemon.go:296: [de6d488fa1ead] waiting for daemon to start
    daemon.go:328: [de6d488fa1ead] daemon started
    daemon.go:283: [de6d488fa1ead] exiting daemon
=== RUN   TestDockerNetworkMacvlan
=== RUN   TestDockerNetworkMacvlan/Subinterface
=== RUN   TestDockerNetworkMacvlan/OverlapParent
=== RUN   TestDockerNetworkMacvlan/NilParent
=== RUN   TestDockerNetworkMacvlan/InternalMode
=== RUN   TestDockerNetworkMacvlan/Addressing
--- PASS: TestDockerNetworkMacvlan (22.85s)
    daemon.go:296: [df0335146d8a7] waiting for daemon to start
    daemon.go:328: [df0335146d8a7] daemon started
    --- PASS: TestDockerNetworkMacvlan/Subinterface (0.06s)
    daemon.go:283: [df0335146d8a7] exiting daemon
    daemon.go:296: [d51e9faf7dcd0] waiting for daemon to start
    daemon.go:328: [d51e9faf7dcd0] daemon started
    --- PASS: TestDockerNetworkMacvlan/OverlapParent (0.08s)
    daemon.go:283: [d51e9faf7dcd0] exiting daemon
    daemon.go:296: [d9da6ce80efa1] waiting for daemon to start
    daemon.go:328: [d9da6ce80efa1] daemon started
    --- PASS: TestDockerNetworkMacvlan/NilParent (0.83s)
    daemon.go:283: [d9da6ce80efa1] exiting daemon
    daemon.go:296: [df7a37b4d1e15] waiting for daemon to start
    daemon.go:328: [df7a37b4d1e15] daemon started
    --- PASS: TestDockerNetworkMacvlan/InternalMode (1.88s)
    daemon.go:283: [df7a37b4d1e15] exiting daemon
    daemon.go:296: [d99331f05f526] waiting for daemon to start
    daemon.go:328: [d99331f05f526] daemon started
    --- PASS: TestDockerNetworkMacvlan/Addressing (15.65s)
    daemon.go:283: [d99331f05f526] exiting daemon
PASS
Running /go/src/github.com/docker/docker/integration/secret
INFO: Testing against a local daemon
=== RUN   TestSecretInspect
--- PASS: TestSecretInspect (2.15s)
    daemon.go:296: [d7c1e82f872dc] waiting for daemon to start
    daemon.go:328: [d7c1e82f872dc] daemon started
    daemon.go:283: [d7c1e82f872dc] exiting daemon
=== RUN   TestSecretList
--- PASS: TestSecretList (2.15s)
    daemon.go:296: [d2adb63470281] waiting for daemon to start
    daemon.go:328: [d2adb63470281] daemon started
    daemon.go:283: [d2adb63470281] exiting daemon
=== RUN   TestSecretsCreateAndDelete
--- PASS: TestSecretsCreateAndDelete (2.12s)
    daemon.go:296: [d5b8c6c37a868] waiting for daemon to start
    daemon.go:328: [d5b8c6c37a868] daemon started
    daemon.go:283: [d5b8c6c37a868] exiting daemon
=== RUN   TestSecretsUpdate
--- PASS: TestSecretsUpdate (2.19s)
    daemon.go:296: [da426cdb9ec7c] waiting for daemon to start
    daemon.go:328: [da426cdb9ec7c] daemon started
    daemon.go:283: [da426cdb9ec7c] exiting daemon
=== RUN   TestTemplatedSecret
--- PASS: TestTemplatedSecret (2.65s)
    daemon.go:296: [d8653dc0c2e79] waiting for daemon to start
    daemon.go:328: [d8653dc0c2e79] daemon started
    daemon.go:283: [d8653dc0c2e79] exiting daemon
=== RUN   TestSecretCreateResolve
--- PASS: TestSecretCreateResolve (2.15s)
    daemon.go:296: [dc481d2ea01cd] waiting for daemon to start
    daemon.go:328: [dc481d2ea01cd] daemon started
    daemon.go:283: [dc481d2ea01cd] exiting daemon
PASS
Running /go/src/github.com/docker/docker/integration/session
INFO: Testing against a local daemon
=== RUN   TestSessionCreate
--- PASS: TestSessionCreate (0.01s)
=== RUN   TestSessionCreateWithBadUpgrade
--- PASS: TestSessionCreateWithBadUpgrade (0.00s)
PASS
Running /go/src/github.com/docker/docker/integration/container
INFO: Testing against a local daemon
=== RUN   TestContainerInvalidJSON
=== RUN   TestContainerInvalidJSON//containers/foobar/copy
=== PAUSE TestContainerInvalidJSON//containers/foobar/copy
=== RUN   TestContainerInvalidJSON//containers/foobar/exec
=== PAUSE TestContainerInvalidJSON//containers/foobar/exec
=== RUN   TestContainerInvalidJSON//exec/foobar/start
=== PAUSE TestContainerInvalidJSON//exec/foobar/start
=== CONT  TestContainerInvalidJSON//containers/foobar/copy
=== CONT  TestContainerInvalidJSON//exec/foobar/start
=== CONT  TestContainerInvalidJSON//containers/foobar/exec
--- PASS: TestContainerInvalidJSON (0.01s)
    --- PASS: TestContainerInvalidJSON//exec/foobar/start (0.00s)
    --- PASS: TestContainerInvalidJSON//containers/foobar/copy (0.00s)
    --- PASS: TestContainerInvalidJSON//containers/foobar/exec (0.00s)
=== RUN   TestCopyFromContainerPathDoesNotExist
--- PASS: TestCopyFromContainerPathDoesNotExist (0.08s)
=== RUN   TestCopyFromContainerPathIsNotDir
--- PASS: TestCopyFromContainerPathIsNotDir (0.06s)
=== RUN   TestCopyToContainerPathDoesNotExist
--- PASS: TestCopyToContainerPathDoesNotExist (0.06s)
=== RUN   TestCopyToContainerPathIsNotDir
--- PASS: TestCopyToContainerPathIsNotDir (0.07s)
=== RUN   TestCreateFailsWhenIdentifierDoesNotExist
=== RUN   TestCreateFailsWhenIdentifierDoesNotExist/image_and_tag
=== PAUSE TestCreateFailsWhenIdentifierDoesNotExist/image_and_tag
=== RUN   TestCreateFailsWhenIdentifierDoesNotExist/image_no_tag
=== PAUSE TestCreateFailsWhenIdentifierDoesNotExist/image_no_tag
=== RUN   TestCreateFailsWhenIdentifierDoesNotExist/digest
=== PAUSE TestCreateFailsWhenIdentifierDoesNotExist/digest
=== CONT  TestCreateFailsWhenIdentifierDoesNotExist/image_and_tag
=== CONT  TestCreateFailsWhenIdentifierDoesNotExist/digest
=== CONT  TestCreateFailsWhenIdentifierDoesNotExist/image_no_tag
--- PASS: TestCreateFailsWhenIdentifierDoesNotExist (0.01s)
    --- PASS: TestCreateFailsWhenIdentifierDoesNotExist/image_and_tag (0.00s)
    --- PASS: TestCreateFailsWhenIdentifierDoesNotExist/digest (0.00s)
    --- PASS: TestCreateFailsWhenIdentifierDoesNotExist/image_no_tag (0.00s)
=== RUN   TestCreateWithInvalidEnv
=== RUN   TestCreateWithInvalidEnv/0
=== PAUSE TestCreateWithInvalidEnv/0
=== RUN   TestCreateWithInvalidEnv/1
=== PAUSE TestCreateWithInvalidEnv/1
=== RUN   TestCreateWithInvalidEnv/2
=== PAUSE TestCreateWithInvalidEnv/2
=== CONT  TestCreateWithInvalidEnv/0
=== CONT  TestCreateWithInvalidEnv/2
=== CONT  TestCreateWithInvalidEnv/1
--- PASS: TestCreateWithInvalidEnv (0.01s)
    --- PASS: TestCreateWithInvalidEnv/0 (0.00s)
    --- PASS: TestCreateWithInvalidEnv/2 (0.00s)
    --- PASS: TestCreateWithInvalidEnv/1 (0.00s)
=== RUN   TestCreateTmpfsMountsTarget
--- PASS: TestCreateTmpfsMountsTarget (0.01s)
=== RUN   TestCreateWithCustomMaskedPaths
--- PASS: TestCreateWithCustomMaskedPaths (1.52s)
=== RUN   TestCreateWithCustomReadonlyPaths
--- PASS: TestCreateWithCustomReadonlyPaths (1.56s)
=== RUN   TestCreateWithInvalidHealthcheckParams
=== RUN   TestCreateWithInvalidHealthcheckParams/test_invalid_Interval_in_Healthcheck:_less_than_0s
=== PAUSE TestCreateWithInvalidHealthcheckParams/test_invalid_Interval_in_Healthcheck:_less_than_0s
=== RUN   TestCreateWithInvalidHealthcheckParams/test_invalid_Interval_in_Healthcheck:_larger_than_0s_but_less_than_1ms
=== PAUSE TestCreateWithInvalidHealthcheckParams/test_invalid_Interval_in_Healthcheck:_larger_than_0s_but_less_than_1ms
=== RUN   TestCreateWithInvalidHealthcheckParams/test_invalid_Timeout_in_Healthcheck:_less_than_1ms
=== PAUSE TestCreateWithInvalidHealthcheckParams/test_invalid_Timeout_in_Healthcheck:_less_than_1ms
=== RUN   TestCreateWithInvalidHealthcheckParams/test_invalid_Retries_in_Healthcheck:_less_than_0
=== PAUSE TestCreateWithInvalidHealthcheckParams/test_invalid_Retries_in_Healthcheck:_less_than_0
=== RUN   TestCreateWithInvalidHealthcheckParams/test_invalid_StartPeriod_in_Healthcheck:_not_0_and_less_than_1ms
=== PAUSE TestCreateWithInvalidHealthcheckParams/test_invalid_StartPeriod_in_Healthcheck:_not_0_and_less_than_1ms
=== CONT  TestCreateWithInvalidHealthcheckParams/test_invalid_Interval_in_Healthcheck:_less_than_0s
=== CONT  TestCreateWithInvalidHealthcheckParams/test_invalid_StartPeriod_in_Healthcheck:_not_0_and_less_than_1ms
=== CONT  TestCreateWithInvalidHealthcheckParams/test_invalid_Retries_in_Healthcheck:_less_than_0
=== CONT  TestCreateWithInvalidHealthcheckParams/test_invalid_Timeout_in_Healthcheck:_less_than_1ms
=== CONT  TestCreateWithInvalidHealthcheckParams/test_invalid_Interval_in_Healthcheck:_larger_than_0s_but_less_than_1ms
--- PASS: TestCreateWithInvalidHealthcheckParams (0.01s)
    --- PASS: TestCreateWithInvalidHealthcheckParams/test_invalid_Interval_in_Healthcheck:_less_than_0s (0.00s)
    --- PASS: TestCreateWithInvalidHealthcheckParams/test_invalid_StartPeriod_in_Healthcheck:_not_0_and_less_than_1ms (0.00s)
    --- PASS: TestCreateWithInvalidHealthcheckParams/test_invalid_Timeout_in_Healthcheck:_less_than_1ms (0.00s)
    --- PASS: TestCreateWithInvalidHealthcheckParams/test_invalid_Retries_in_Healthcheck:_less_than_0 (0.00s)
    --- PASS: TestCreateWithInvalidHealthcheckParams/test_invalid_Interval_in_Healthcheck:_larger_than_0s_but_less_than_1ms (0.00s)
=== RUN   TestContainerStartOnDaemonRestart
=== PAUSE TestContainerStartOnDaemonRestart
=== RUN   TestDiff
--- PASS: TestDiff (0.52s)
=== RUN   TestExecWithCloseStdin
--- PASS: TestExecWithCloseStdin (0.66s)
=== RUN   TestExec
--- PASS: TestExec (0.61s)
=== RUN   TestExportContainerAndImportImage
--- PASS: TestExportContainerAndImportImage (0.63s)
=== RUN   TestExportContainerAfterDaemonRestart
--- PASS: TestExportContainerAfterDaemonRestart (1.27s)
    daemon.go:296: [d290d952aeb79] waiting for daemon to start
    daemon.go:328: [d290d952aeb79] daemon started
    daemon.go:283: [d290d952aeb79] exiting daemon
    daemon.go:296: [d290d952aeb79] waiting for daemon to start
    daemon.go:328: [d290d952aeb79] daemon started
    daemon.go:283: [d290d952aeb79] exiting daemon
=== RUN   TestHealthCheckWorkdir
--- PASS: TestHealthCheckWorkdir (0.77s)
=== RUN   TestInspectCpusetInConfigPre120
--- PASS: TestInspectCpusetInConfigPre120 (0.53s)
=== RUN   TestIpcModeNone
--- PASS: TestIpcModeNone (0.61s)
=== RUN   TestIpcModePrivate
--- PASS: TestIpcModePrivate (0.62s)
    ipcmode_linux_test.go:87: [testIpcPrivateShareable] ipcmode: private, ipcdev: 0:56, shared: false, mustBeShared: false
=== RUN   TestIpcModeShareable
--- PASS: TestIpcModeShareable (0.61s)
    ipcmode_linux_test.go:87: [testIpcPrivateShareable] ipcmode: shareable, ipcdev: 0:50, shared: true, mustBeShared: true
=== RUN   TestAPIIpcModeShareableAndContainer
--- PASS: TestAPIIpcModeShareableAndContainer (1.86s)
=== RUN   TestAPIIpcModeHost
--- PASS: TestAPIIpcModeHost (0.49s)
=== RUN   TestDaemonIpcModeShareable
--- PASS: TestDaemonIpcModeShareable (1.32s)
    daemon.go:296: [df2985bd4b92d] waiting for daemon to start
    daemon.go:328: [df2985bd4b92d] daemon started
    ipcmode_linux_test.go:255: [testDaemonIpcPrivateShareable] ipcdev: 0:58, shared: true, mustBeShared: true
    daemon.go:283: [df2985bd4b92d] exiting daemon
=== RUN   TestDaemonIpcModePrivate
--- PASS: TestDaemonIpcModePrivate (1.28s)
    daemon.go:296: [dc14c9843a11a] waiting for daemon to start
    daemon.go:328: [dc14c9843a11a] daemon started
    ipcmode_linux_test.go:255: [testDaemonIpcPrivateShareable] ipcdev: 0:64, shared: false, mustBeShared: false
    daemon.go:283: [dc14c9843a11a] exiting daemon
=== RUN   TestDaemonIpcModePrivateFromConfig
--- PASS: TestDaemonIpcModePrivateFromConfig (1.31s)
    daemon.go:296: [d2b0f1c6fc69e] waiting for daemon to start
    daemon.go:328: [d2b0f1c6fc69e] daemon started
    ipcmode_linux_test.go:255: [testDaemonIpcPrivateShareable] ipcdev: 0:64, shared: false, mustBeShared: false
    daemon.go:283: [d2b0f1c6fc69e] exiting daemon
=== RUN   TestDaemonIpcModeShareableFromConfig
--- PASS: TestDaemonIpcModeShareableFromConfig (1.33s)
    daemon.go:296: [df2c0ae6f9f34] waiting for daemon to start
    daemon.go:328: [df2c0ae6f9f34] daemon started
    ipcmode_linux_test.go:255: [testDaemonIpcPrivateShareable] ipcdev: 0:58, shared: true, mustBeShared: true
    daemon.go:283: [df2c0ae6f9f34] exiting daemon
=== RUN   TestKillContainerInvalidSignal
--- PASS: TestKillContainerInvalidSignal (0.52s)
=== RUN   TestKillContainer
=== RUN   TestKillContainer/no_signal
=== RUN   TestKillContainer/non_killing_signal
=== RUN   TestKillContainer/killing_signal
--- PASS: TestKillContainer (1.60s)
    --- PASS: TestKillContainer/no_signal (0.51s)
    --- PASS: TestKillContainer/non_killing_signal (0.35s)
    --- PASS: TestKillContainer/killing_signal (0.51s)
=== RUN   TestKillWithStopSignalAndRestartPolicies
=== RUN   TestKillWithStopSignalAndRestartPolicies/same-signal-disables-restart-policy
=== RUN   TestKillWithStopSignalAndRestartPolicies/different-signal-keep-restart-policy
--- PASS: TestKillWithStopSignalAndRestartPolicies (1.08s)
    --- PASS: TestKillWithStopSignalAndRestartPolicies/same-signal-disables-restart-policy (0.51s)
    --- PASS: TestKillWithStopSignalAndRestartPolicies/different-signal-keep-restart-policy (0.34s)
=== RUN   TestKillStoppedContainer
--- PASS: TestKillStoppedContainer (0.07s)
=== RUN   TestKillStoppedContainerAPIPre120
--- PASS: TestKillStoppedContainerAPIPre120 (0.06s)
=== RUN   TestKillDifferentUserContainer
--- PASS: TestKillDifferentUserContainer (0.54s)
=== RUN   TestInspectOomKilledTrue
--- SKIP: TestInspectOomKilledTrue (0.00s)
    kill_test.go:153: testEnv.DaemonInfo.OSType == "windows" || !testEnv.DaemonInfo.MemoryLimit || !testEnv.DaemonInfo.SwapLimit
=== RUN   TestInspectOomKilledFalse
--- SKIP: TestInspectOomKilledFalse (0.00s)
    kill_test.go:171: testEnv.DaemonInfo.OSType == "windows" || !testEnv.DaemonInfo.MemoryLimit || !testEnv.DaemonInfo.SwapLimit
=== RUN   TestLinksEtcHostsContentMatch
--- PASS: TestLinksEtcHostsContentMatch (0.50s)
=== RUN   TestLinksContainerNames
--- PASS: TestLinksContainerNames (1.06s)
=== RUN   TestLogsFollowTailEmpty
--- PASS: TestLogsFollowTailEmpty (0.54s)
=== RUN   TestContainerNetworkMountsNoChown
--- PASS: TestContainerNetworkMountsNoChown (0.52s)
=== RUN   TestMountDaemonRoot
=== RUN   TestMountDaemonRoot/default
=== PAUSE TestMountDaemonRoot/default
=== RUN   TestMountDaemonRoot/private
=== PAUSE TestMountDaemonRoot/private
=== RUN   TestMountDaemonRoot/rprivate
=== PAUSE TestMountDaemonRoot/rprivate
=== RUN   TestMountDaemonRoot/slave
=== PAUSE TestMountDaemonRoot/slave
=== RUN   TestMountDaemonRoot/rslave
=== PAUSE TestMountDaemonRoot/rslave
=== RUN   TestMountDaemonRoot/shared
=== PAUSE TestMountDaemonRoot/shared
=== RUN   TestMountDaemonRoot/rshared
=== PAUSE TestMountDaemonRoot/rshared
=== CONT  TestMountDaemonRoot/default
=== RUN   TestMountDaemonRoot/default/bind_root
=== PAUSE TestMountDaemonRoot/default/bind_root
=== RUN   TestMountDaemonRoot/default/bind_subpath
=== PAUSE TestMountDaemonRoot/default/bind_subpath
=== RUN   TestMountDaemonRoot/default/mount_root
=== PAUSE TestMountDaemonRoot/default/mount_root
=== RUN   TestMountDaemonRoot/default/mount_subpath
=== PAUSE TestMountDaemonRoot/default/mount_subpath
=== CONT  TestMountDaemonRoot/default/bind_root
=== CONT  TestMountDaemonRoot/rshared
=== RUN   TestMountDaemonRoot/rshared/bind_subpath
=== PAUSE TestMountDaemonRoot/rshared/bind_subpath
=== RUN   TestMountDaemonRoot/rshared/mount_root
=== PAUSE TestMountDaemonRoot/rshared/mount_root
=== RUN   TestMountDaemonRoot/rshared/mount_subpath
=== PAUSE TestMountDaemonRoot/rshared/mount_subpath
=== RUN   TestMountDaemonRoot/rshared/bind_root
=== PAUSE TestMountDaemonRoot/rshared/bind_root
=== CONT  TestMountDaemonRoot/rshared/bind_subpath
=== CONT  TestMountDaemonRoot/shared
=== RUN   TestMountDaemonRoot/shared/mount_root
=== PAUSE TestMountDaemonRoot/shared/mount_root
=== RUN   TestMountDaemonRoot/shared/mount_subpath
=== PAUSE TestMountDaemonRoot/shared/mount_subpath
=== RUN   TestMountDaemonRoot/shared/bind_root
=== PAUSE TestMountDaemonRoot/shared/bind_root
=== RUN   TestMountDaemonRoot/shared/bind_subpath
=== PAUSE TestMountDaemonRoot/shared/bind_subpath
=== CONT  TestMountDaemonRoot/rslave
=== RUN   TestMountDaemonRoot/rslave/bind_root
=== PAUSE TestMountDaemonRoot/rslave/bind_root
=== RUN   TestMountDaemonRoot/rslave/bind_subpath
=== PAUSE TestMountDaemonRoot/rslave/bind_subpath
=== RUN   TestMountDaemonRoot/rslave/mount_root
=== PAUSE TestMountDaemonRoot/rslave/mount_root
=== RUN   TestMountDaemonRoot/rslave/mount_subpath
=== PAUSE TestMountDaemonRoot/rslave/mount_subpath
=== CONT  TestMountDaemonRoot/slave
=== RUN   TestMountDaemonRoot/slave/bind_root
=== PAUSE TestMountDaemonRoot/slave/bind_root
=== RUN   TestMountDaemonRoot/slave/bind_subpath
=== PAUSE TestMountDaemonRoot/slave/bind_subpath
=== RUN   TestMountDaemonRoot/slave/mount_root
=== PAUSE TestMountDaemonRoot/slave/mount_root
=== RUN   TestMountDaemonRoot/slave/mount_subpath
=== PAUSE TestMountDaemonRoot/slave/mount_subpath
=== CONT  TestMountDaemonRoot/rprivate
=== RUN   TestMountDaemonRoot/rprivate/bind_root
=== PAUSE TestMountDaemonRoot/rprivate/bind_root
=== RUN   TestMountDaemonRoot/rprivate/bind_subpath
=== PAUSE TestMountDaemonRoot/rprivate/bind_subpath
=== RUN   TestMountDaemonRoot/rprivate/mount_root
=== PAUSE TestMountDaemonRoot/rprivate/mount_root
=== RUN   TestMountDaemonRoot/rprivate/mount_subpath
=== PAUSE TestMountDaemonRoot/rprivate/mount_subpath
=== CONT  TestMountDaemonRoot/private
=== RUN   TestMountDaemonRoot/private/mount_subpath
=== PAUSE TestMountDaemonRoot/private/mount_subpath
=== RUN   TestMountDaemonRoot/private/bind_root
=== PAUSE TestMountDaemonRoot/private/bind_root
=== RUN   TestMountDaemonRoot/private/bind_subpath
=== PAUSE TestMountDaemonRoot/private/bind_subpath
=== RUN   TestMountDaemonRoot/private/mount_root
=== PAUSE TestMountDaemonRoot/private/mount_root
=== CONT  TestMountDaemonRoot/default/mount_subpath
=== CONT  TestMountDaemonRoot/default/mount_root
=== CONT  TestMountDaemonRoot/default/bind_subpath
=== CONT  TestMountDaemonRoot/rshared/bind_root
=== CONT  TestMountDaemonRoot/rshared/mount_subpath
=== CONT  TestMountDaemonRoot/rshared/mount_root
=== CONT  TestMountDaemonRoot/shared/mount_root
=== CONT  TestMountDaemonRoot/rslave/bind_root
=== CONT  TestMountDaemonRoot/shared/bind_subpath
=== CONT  TestMountDaemonRoot/shared/bind_root
=== CONT  TestMountDaemonRoot/shared/mount_subpath
=== CONT  TestMountDaemonRoot/slave/bind_root
=== CONT  TestMountDaemonRoot/rslave/mount_subpath
=== CONT  TestMountDaemonRoot/rslave/mount_root
=== CONT  TestMountDaemonRoot/rslave/bind_subpath
=== CONT  TestMountDaemonRoot/rprivate/bind_root
=== CONT  TestMountDaemonRoot/slave/mount_subpath
=== CONT  TestMountDaemonRoot/slave/mount_root
=== CONT  TestMountDaemonRoot/slave/bind_subpath
=== CONT  TestMountDaemonRoot/private/mount_subpath
=== CONT  TestMountDaemonRoot/rprivate/mount_subpath
=== CONT  TestMountDaemonRoot/rprivate/mount_root
=== CONT  TestMountDaemonRoot/rprivate/bind_subpath
=== CONT  TestMountDaemonRoot/private/mount_root
=== CONT  TestMountDaemonRoot/private/bind_subpath
=== CONT  TestMountDaemonRoot/private/bind_root
--- PASS: TestMountDaemonRoot (0.03s)
    --- PASS: TestMountDaemonRoot/default (0.00s)
        --- PASS: TestMountDaemonRoot/default/bind_root (0.09s)
        --- PASS: TestMountDaemonRoot/default/mount_subpath (0.10s)
        --- PASS: TestMountDaemonRoot/default/mount_root (0.10s)
        --- PASS: TestMountDaemonRoot/default/bind_subpath (0.10s)
    --- PASS: TestMountDaemonRoot/rshared (0.00s)
        --- PASS: TestMountDaemonRoot/rshared/bind_subpath (0.11s)
        --- PASS: TestMountDaemonRoot/rshared/bind_root (0.10s)
        --- PASS: TestMountDaemonRoot/rshared/mount_subpath (0.09s)
        --- PASS: TestMountDaemonRoot/rshared/mount_root (0.12s)
    --- PASS: TestMountDaemonRoot/shared (0.00s)
        --- PASS: TestMountDaemonRoot/shared/mount_root (0.06s)
        --- PASS: TestMountDaemonRoot/shared/bind_subpath (0.09s)
        --- PASS: TestMountDaemonRoot/shared/bind_root (0.08s)
        --- PASS: TestMountDaemonRoot/shared/mount_subpath (0.08s)
    --- PASS: TestMountDaemonRoot/rslave (0.00s)
        --- PASS: TestMountDaemonRoot/rslave/bind_root (0.09s)
        --- PASS: TestMountDaemonRoot/rslave/mount_subpath (0.12s)
        --- PASS: TestMountDaemonRoot/rslave/mount_root (0.09s)
        --- PASS: TestMountDaemonRoot/rslave/bind_subpath (0.09s)
    --- PASS: TestMountDaemonRoot/slave (0.00s)
        --- PASS: TestMountDaemonRoot/slave/bind_root (0.09s)
        --- PASS: TestMountDaemonRoot/slave/mount_subpath (0.09s)
        --- PASS: TestMountDaemonRoot/slave/mount_root (0.09s)
        --- PASS: TestMountDaemonRoot/slave/bind_subpath (0.08s)
    --- PASS: TestMountDaemonRoot/rprivate (0.00s)
        --- PASS: TestMountDaemonRoot/rprivate/bind_root (0.05s)
        --- PASS: TestMountDaemonRoot/rprivate/mount_subpath (0.08s)
        --- PASS: TestMountDaemonRoot/rprivate/mount_root (0.08s)
        --- PASS: TestMountDaemonRoot/rprivate/bind_subpath (0.09s)
    --- PASS: TestMountDaemonRoot/private (0.00s)
        --- PASS: TestMountDaemonRoot/private/mount_subpath (0.08s)
        --- PASS: TestMountDaemonRoot/private/mount_root (0.08s)
        --- PASS: TestMountDaemonRoot/private/bind_subpath (0.08s)
        --- PASS: TestMountDaemonRoot/private/bind_root (0.08s)
=== RUN   TestContainerBindMountNonRecursive
--- PASS: TestContainerBindMountNonRecursive (1.30s)
=== RUN   TestNetworkNat
--- PASS: TestNetworkNat (0.57s)
=== RUN   TestNetworkLocalhostTCPNat
--- PASS: TestNetworkLocalhostTCPNat (0.57s)
=== RUN   TestNetworkLoopbackNat
--- PASS: TestNetworkLoopbackNat (0.76s)
=== RUN   TestPause
--- PASS: TestPause (0.55s)
=== RUN   TestPauseFailsOnWindowsServerContainers
--- SKIP: TestPauseFailsOnWindowsServerContainers (0.00s)
    pause_test.go:54: testEnv.DaemonInfo.OSType != "windows" || testEnv.DaemonInfo.Isolation != "process"
=== RUN   TestPauseStopPausedContainer
--- PASS: TestPauseStopPausedContainer (0.55s)
=== RUN   TestPsFilter
--- PASS: TestPsFilter (0.18s)
=== RUN   TestRemoveContainerWithRemovedVolume
--- PASS: TestRemoveContainerWithRemovedVolume (0.51s)
=== RUN   TestRemoveContainerWithVolume
--- PASS: TestRemoveContainerWithVolume (0.53s)
=== RUN   TestRemoveContainerRunning
--- PASS: TestRemoveContainerRunning (0.52s)
=== RUN   TestRemoveContainerForceRemoveRunning
--- PASS: TestRemoveContainerForceRemoveRunning (0.51s)
=== RUN   TestRemoveInvalidContainer
--- PASS: TestRemoveInvalidContainer (0.01s)
=== RUN   TestRenameLinkedContainer
--- PASS: TestRenameLinkedContainer (2.14s)
=== RUN   TestRenameStoppedContainer
--- PASS: TestRenameStoppedContainer (0.52s)
=== RUN   TestRenameRunningContainerAndReuse
--- PASS: TestRenameRunningContainerAndReuse (1.09s)
=== RUN   TestRenameInvalidName
--- PASS: TestRenameInvalidName (0.53s)
=== RUN   TestRenameAnonymousContainer
--- PASS: TestRenameAnonymousContainer (1.79s)
=== RUN   TestRenameContainerWithSameName
--- PASS: TestRenameContainerWithSameName (0.51s)
=== RUN   TestRenameContainerWithLinkedContainer
--- PASS: TestRenameContainerWithLinkedContainer (1.07s)
=== RUN   TestResize
--- PASS: TestResize (0.50s)
=== RUN   TestResizeWithInvalidSize
--- PASS: TestResizeWithInvalidSize (0.55s)
=== RUN   TestResizeWhenContainerNotStarted
--- PASS: TestResizeWhenContainerNotStarted (0.52s)
=== RUN   TestDaemonRestartKillContainers
=== RUN   TestDaemonRestartKillContainers/live-restore=false/container_without_restart_policy/kill-daemon
=== PAUSE TestDaemonRestartKillContainers/live-restore=false/container_without_restart_policy/kill-daemon
=== RUN   TestDaemonRestartKillContainers/live-restore=false/container_without_restart_policy/stop-daemon
=== PAUSE TestDaemonRestartKillContainers/live-restore=false/container_without_restart_policy/stop-daemon
=== RUN   TestDaemonRestartKillContainers/live-restore=true/container_without_restart_policy/kill-daemon
=== PAUSE TestDaemonRestartKillContainers/live-restore=true/container_without_restart_policy/kill-daemon
=== RUN   TestDaemonRestartKillContainers/live-restore=true/container_without_restart_policy/stop-daemon
=== PAUSE TestDaemonRestartKillContainers/live-restore=true/container_without_restart_policy/stop-daemon
=== RUN   TestDaemonRestartKillContainers/live-restore=false/container_with_restart=always/stop-daemon
=== PAUSE TestDaemonRestartKillContainers/live-restore=false/container_with_restart=always/stop-daemon
=== RUN   TestDaemonRestartKillContainers/live-restore=false/container_with_restart=always/kill-daemon
=== PAUSE TestDaemonRestartKillContainers/live-restore=false/container_with_restart=always/kill-daemon
=== RUN   TestDaemonRestartKillContainers/live-restore=true/container_with_restart=always/kill-daemon
=== PAUSE TestDaemonRestartKillContainers/live-restore=true/container_with_restart=always/kill-daemon
=== RUN   TestDaemonRestartKillContainers/live-restore=true/container_with_restart=always/stop-daemon
=== PAUSE TestDaemonRestartKillContainers/live-restore=true/container_with_restart=always/stop-daemon
=== RUN   TestDaemonRestartKillContainers/live-restore=false/container_created_should_not_be_restarted/kill-daemon
=== PAUSE TestDaemonRestartKillContainers/live-restore=false/container_created_should_not_be_restarted/kill-daemon
=== RUN   TestDaemonRestartKillContainers/live-restore=false/container_created_should_not_be_restarted/stop-daemon
=== PAUSE TestDaemonRestartKillContainers/live-restore=false/container_created_should_not_be_restarted/stop-daemon
=== RUN   TestDaemonRestartKillContainers/live-restore=true/container_created_should_not_be_restarted/kill-daemon
=== PAUSE TestDaemonRestartKillContainers/live-restore=true/container_created_should_not_be_restarted/kill-daemon
=== RUN   TestDaemonRestartKillContainers/live-restore=true/container_created_should_not_be_restarted/stop-daemon
=== PAUSE TestDaemonRestartKillContainers/live-restore=true/container_created_should_not_be_restarted/stop-daemon
=== CONT  TestDaemonRestartKillContainers/live-restore=false/container_without_restart_policy/kill-daemon
=== CONT  TestDaemonRestartKillContainers/live-restore=true/container_created_should_not_be_restarted/stop-daemon
=== CONT  TestDaemonRestartKillContainers/live-restore=true/container_created_should_not_be_restarted/kill-daemon
=== CONT  TestDaemonRestartKillContainers/live-restore=false/container_created_should_not_be_restarted/stop-daemon
=== CONT  TestDaemonRestartKillContainers/live-restore=false/container_created_should_not_be_restarted/kill-daemon
=== CONT  TestDaemonRestartKillContainers/live-restore=true/container_with_restart=always/stop-daemon
=== CONT  TestDaemonRestartKillContainers/live-restore=true/container_with_restart=always/kill-daemon
=== CONT  TestDaemonRestartKillContainers/live-restore=false/container_with_restart=always/kill-daemon
=== CONT  TestDaemonRestartKillContainers/live-restore=false/container_with_restart=always/stop-daemon
=== CONT  TestDaemonRestartKillContainers/live-restore=true/container_without_restart_policy/stop-daemon
=== CONT  TestDaemonRestartKillContainers/live-restore=true/container_without_restart_policy/kill-daemon
=== CONT  TestDaemonRestartKillContainers/live-restore=false/container_without_restart_policy/stop-daemon
--- PASS: TestDaemonRestartKillContainers (0.00s)
    --- PASS: TestDaemonRestartKillContainers/live-restore=true/container_created_should_not_be_restarted/stop-daemon (1.44s)
        daemon.go:296: [d50c7eb285732] waiting for daemon to start
        daemon.go:328: [d50c7eb285732] daemon started
        daemon.go:283: [d50c7eb285732] exiting daemon
        daemon.go:296: [d50c7eb285732] waiting for daemon to start
        daemon.go:328: [d50c7eb285732] daemon started
        daemon.go:283: [d50c7eb285732] exiting daemon
    --- PASS: TestDaemonRestartKillContainers/live-restore=false/container_without_restart_policy/kill-daemon (1.74s)
        daemon.go:296: [d6dea90dbb0fa] waiting for daemon to start
        daemon.go:328: [d6dea90dbb0fa] daemon started
        daemon.go:296: [d6dea90dbb0fa] waiting for daemon to start
        daemon.go:328: [d6dea90dbb0fa] daemon started
        daemon.go:283: [d6dea90dbb0fa] exiting daemon
    --- PASS: TestDaemonRestartKillContainers/live-restore=true/container_created_should_not_be_restarted/kill-daemon (1.28s)
        daemon.go:296: [d328cec16fae1] waiting for daemon to start
        daemon.go:328: [d328cec16fae1] daemon started
        daemon.go:296: [d328cec16fae1] waiting for daemon to start
        daemon.go:328: [d328cec16fae1] daemon started
        daemon.go:283: [d328cec16fae1] exiting daemon
    --- PASS: TestDaemonRestartKillContainers/live-restore=false/container_created_should_not_be_restarted/stop-daemon (1.33s)
        daemon.go:296: [d04c68faaa2f0] waiting for daemon to start
        daemon.go:328: [d04c68faaa2f0] daemon started
        daemon.go:283: [d04c68faaa2f0] exiting daemon
        daemon.go:296: [d04c68faaa2f0] waiting for daemon to start
        daemon.go:328: [d04c68faaa2f0] daemon started
        daemon.go:283: [d04c68faaa2f0] exiting daemon
    --- PASS: TestDaemonRestartKillContainers/live-restore=false/container_created_should_not_be_restarted/kill-daemon (1.30s)
        daemon.go:296: [d326bb1819210] waiting for daemon to start
        daemon.go:328: [d326bb1819210] daemon started
        daemon.go:296: [d326bb1819210] waiting for daemon to start
        daemon.go:328: [d326bb1819210] daemon started
        daemon.go:283: [d326bb1819210] exiting daemon
    --- PASS: TestDaemonRestartKillContainers/live-restore=true/container_with_restart=always/stop-daemon (1.82s)
        daemon.go:296: [d2f23b8bcef4f] waiting for daemon to start
        daemon.go:328: [d2f23b8bcef4f] daemon started
        daemon.go:283: [d2f23b8bcef4f] exiting daemon
        daemon.go:296: [d2f23b8bcef4f] waiting for daemon to start
        daemon.go:328: [d2f23b8bcef4f] daemon started
        daemon.go:283: [d2f23b8bcef4f] exiting daemon
    --- PASS: TestDaemonRestartKillContainers/live-restore=true/container_with_restart=always/kill-daemon (1.98s)
        daemon.go:296: [de205a036351f] waiting for daemon to start
        daemon.go:328: [de205a036351f] daemon started
        daemon.go:296: [de205a036351f] waiting for daemon to start
        daemon.go:328: [de205a036351f] daemon started
        daemon.go:283: [de205a036351f] exiting daemon
    --- PASS: TestDaemonRestartKillContainers/live-restore=false/container_with_restart=always/kill-daemon (2.23s)
        daemon.go:296: [d4c0c6cedd35a] waiting for daemon to start
        daemon.go:328: [d4c0c6cedd35a] daemon started
        daemon.go:296: [d4c0c6cedd35a] waiting for daemon to start
        daemon.go:328: [d4c0c6cedd35a] daemon started
        daemon.go:283: [d4c0c6cedd35a] exiting daemon
    --- PASS: TestDaemonRestartKillContainers/live-restore=false/container_with_restart=always/stop-daemon (2.17s)
        daemon.go:296: [dd884238a171a] waiting for daemon to start
        daemon.go:328: [dd884238a171a] daemon started
        daemon.go:283: [dd884238a171a] exiting daemon
        daemon.go:296: [dd884238a171a] waiting for daemon to start
        daemon.go:328: [dd884238a171a] daemon started
        daemon.go:283: [dd884238a171a] exiting daemon
    --- PASS: TestDaemonRestartKillContainers/live-restore=true/container_without_restart_policy/stop-daemon (1.93s)
        daemon.go:296: [d86d0ea06795a] waiting for daemon to start
        daemon.go:328: [d86d0ea06795a] daemon started
        daemon.go:283: [d86d0ea06795a] exiting daemon
        daemon.go:296: [d86d0ea06795a] waiting for daemon to start
        daemon.go:328: [d86d0ea06795a] daemon started
        daemon.go:283: [d86d0ea06795a] exiting daemon
    --- PASS: TestDaemonRestartKillContainers/live-restore=true/container_without_restart_policy/kill-daemon (1.98s)
        daemon.go:296: [d1c1958b8e5da] waiting for daemon to start
        daemon.go:328: [d1c1958b8e5da] daemon started
        daemon.go:296: [d1c1958b8e5da] waiting for daemon to start
        daemon.go:328: [d1c1958b8e5da] daemon started
        daemon.go:283: [d1c1958b8e5da] exiting daemon
    --- PASS: TestDaemonRestartKillContainers/live-restore=false/container_without_restart_policy/stop-daemon (1.82s)
        daemon.go:296: [dd6dcd7e37522] waiting for daemon to start
        daemon.go:328: [dd6dcd7e37522] daemon started
        daemon.go:283: [dd6dcd7e37522] exiting daemon
        daemon.go:296: [dd6dcd7e37522] waiting for daemon to start
        daemon.go:328: [dd6dcd7e37522] daemon started
        daemon.go:283: [dd6dcd7e37522] exiting daemon
=== RUN   TestKernelTCPMemory
--- PASS: TestKernelTCPMemory (0.66s)
=== RUN   TestNISDomainname
--- PASS: TestNISDomainname (0.72s)
=== RUN   TestStats
--- PASS: TestStats (2.20s)
=== RUN   TestStopContainerWithTimeout
=== RUN   TestStopContainerWithTimeout/0
=== PAUSE TestStopContainerWithTimeout/0
=== RUN   TestStopContainerWithTimeout/1
=== PAUSE TestStopContainerWithTimeout/1
=== RUN   TestStopContainerWithTimeout/3
=== PAUSE TestStopContainerWithTimeout/3
=== RUN   TestStopContainerWithTimeout/-1
=== PAUSE TestStopContainerWithTimeout/-1
=== CONT  TestStopContainerWithTimeout/0
=== CONT  TestStopContainerWithTimeout/-1
=== CONT  TestStopContainerWithTimeout/3
=== CONT  TestStopContainerWithTimeout/1
--- PASS: TestStopContainerWithTimeout (0.02s)
    --- PASS: TestStopContainerWithTimeout/0 (0.62s)
    --- PASS: TestStopContainerWithTimeout/-1 (2.65s)
    --- PASS: TestStopContainerWithTimeout/3 (2.53s)
    --- PASS: TestStopContainerWithTimeout/1 (1.53s)
=== RUN   TestDeleteDevicemapper
--- SKIP: TestDeleteDevicemapper (0.00s)
    stop_linux_test.go:74: testEnv.DaemonInfo.Driver != "devicemapper"
=== RUN   TestStopContainerWithRestartPolicyAlways
--- PASS: TestStopContainerWithRestartPolicyAlways (1.53s)
=== RUN   TestUpdateMemory
--- SKIP: TestUpdateMemory (0.00s)
    update_linux_test.go:21: !testEnv.DaemonInfo.SwapLimit
=== RUN   TestUpdateCPUQuota
--- PASS: TestUpdateCPUQuota (1.08s)
=== RUN   TestUpdateRestartPolicy
--- PASS: TestUpdateRestartPolicy (11.38s)
=== RUN   TestUpdateRestartWithAutoRemove
--- PASS: TestUpdateRestartWithAutoRemove (0.57s)
=== RUN   TestWaitNonBlocked
=== RUN   TestWaitNonBlocked/wait-nonblocking-exit-0
=== PAUSE TestWaitNonBlocked/wait-nonblocking-exit-0
=== RUN   TestWaitNonBlocked/wait-nonblocking-exit-random
=== PAUSE TestWaitNonBlocked/wait-nonblocking-exit-random
=== CONT  TestWaitNonBlocked/wait-nonblocking-exit-0
=== CONT  TestWaitNonBlocked/wait-nonblocking-exit-random
--- PASS: TestWaitNonBlocked (0.01s)
    --- PASS: TestWaitNonBlocked/wait-nonblocking-exit-0 (0.68s)
    --- PASS: TestWaitNonBlocked/wait-nonblocking-exit-random (0.71s)
=== RUN   TestWaitBlocked
=== RUN   TestWaitBlocked/test-wait-blocked-exit-zero
=== PAUSE TestWaitBlocked/test-wait-blocked-exit-zero
=== RUN   TestWaitBlocked/test-wait-blocked-exit-random
=== PAUSE TestWaitBlocked/test-wait-blocked-exit-random
=== CONT  TestWaitBlocked/test-wait-blocked-exit-zero
=== CONT  TestWaitBlocked/test-wait-blocked-exit-random
--- PASS: TestWaitBlocked (0.03s)
    --- PASS: TestWaitBlocked/test-wait-blocked-exit-zero (0.82s)
    --- PASS: TestWaitBlocked/test-wait-blocked-exit-random (0.84s)
=== CONT  TestContainerStartOnDaemonRestart
--- PASS: TestContainerStartOnDaemonRestart (2.01s)
    daemon.go:296: [d1534ee139022] waiting for daemon to start
    daemon.go:328: [d1534ee139022] daemon started
    daemon.go:296: [d1534ee139022] waiting for daemon to start
    daemon.go:328: [d1534ee139022] daemon started
    daemon.go:283: [d1534ee139022] exiting daemon
PASS
Running /go/src/github.com/docker/docker/integration/build
INFO: Testing against a local daemon
=== RUN   TestBuildWithSession
--- PASS: TestBuildWithSession (4.89s)
    daemon.go:296: [dd67ef6cc90a4] waiting for daemon to start
    daemon.go:328: [dd67ef6cc90a4] daemon started
    daemon.go:283: [dd67ef6cc90a4] exiting daemon
=== RUN   TestBuildSquashParent
--- PASS: TestBuildSquashParent (8.20s)
    daemon.go:296: [d7d3e265664cd] waiting for daemon to start
    daemon.go:328: [d7d3e265664cd] daemon started
    daemon.go:283: [d7d3e265664cd] exiting daemon
=== RUN   TestBuildWithRemoveAndForceRemove
=== RUN   TestBuildWithRemoveAndForceRemove/successful_build_with_no_removal
=== PAUSE TestBuildWithRemoveAndForceRemove/successful_build_with_no_removal
=== RUN   TestBuildWithRemoveAndForceRemove/successful_build_with_remove
=== PAUSE TestBuildWithRemoveAndForceRemove/successful_build_with_remove
=== RUN   TestBuildWithRemoveAndForceRemove/successful_build_with_remove_and_force_remove
=== PAUSE TestBuildWithRemoveAndForceRemove/successful_build_with_remove_and_force_remove
=== RUN   TestBuildWithRemoveAndForceRemove/failed_build_with_no_removal
=== PAUSE TestBuildWithRemoveAndForceRemove/failed_build_with_no_removal
=== RUN   TestBuildWithRemoveAndForceRemove/failed_build_with_remove
=== PAUSE TestBuildWithRemoveAndForceRemove/failed_build_with_remove
=== RUN   TestBuildWithRemoveAndForceRemove/failed_build_with_remove_and_force_remove
=== PAUSE TestBuildWithRemoveAndForceRemove/failed_build_with_remove_and_force_remove
=== CONT  TestBuildWithRemoveAndForceRemove/successful_build_with_no_removal
=== CONT  TestBuildWithRemoveAndForceRemove/failed_build_with_no_removal
=== CONT  TestBuildWithRemoveAndForceRemove/successful_build_with_remove_and_force_remove
=== CONT  TestBuildWithRemoveAndForceRemove/successful_build_with_remove
=== CONT  TestBuildWithRemoveAndForceRemove/failed_build_with_remove_and_force_remove
=== CONT  TestBuildWithRemoveAndForceRemove/failed_build_with_remove
--- PASS: TestBuildWithRemoveAndForceRemove (0.01s)
    --- PASS: TestBuildWithRemoveAndForceRemove/successful_build_with_no_removal (2.41s)
    --- PASS: TestBuildWithRemoveAndForceRemove/failed_build_with_no_removal (2.49s)
    --- PASS: TestBuildWithRemoveAndForceRemove/successful_build_with_remove_and_force_remove (2.00s)
    --- PASS: TestBuildWithRemoveAndForceRemove/successful_build_with_remove (1.98s)
    --- PASS: TestBuildWithRemoveAndForceRemove/failed_build_with_remove (1.93s)
    --- PASS: TestBuildWithRemoveAndForceRemove/failed_build_with_remove_and_force_remove (2.04s)
=== RUN   TestBuildMultiStageParentConfig
--- PASS: TestBuildMultiStageParentConfig (4.26s)
=== RUN   TestBuildLabelWithTargets
--- PASS: TestBuildLabelWithTargets (8.00s)
=== RUN   TestBuildWithEmptyLayers
--- PASS: TestBuildWithEmptyLayers (3.00s)
=== RUN   TestBuildMultiStageOnBuild
--- PASS: TestBuildMultiStageOnBuild (5.03s)
=== RUN   TestBuildUncleanTarFilenames
--- PASS: TestBuildUncleanTarFilenames (0.70s)
=== RUN   TestBuildMultiStageLayerLeak
--- PASS: TestBuildMultiStageLayerLeak (4.29s)
=== RUN   TestBuildWithHugeFile
--- PASS: TestBuildWithHugeFile (145.10s)
PASS
Running /go/src/github.com/docker/docker/integration/volume
INFO: Testing against a local daemon
=== RUN   TestVolumesCreateAndList
--- PASS: TestVolumesCreateAndList (0.03s)
=== RUN   TestVolumesRemove
--- PASS: TestVolumesRemove (0.09s)
=== RUN   TestVolumesInspect
--- PASS: TestVolumesInspect (0.02s)
=== RUN   TestVolumesInvalidJSON
=== RUN   TestVolumesInvalidJSON//volumes/create
=== PAUSE TestVolumesInvalidJSON//volumes/create
=== CONT  TestVolumesInvalidJSON//volumes/create
--- PASS: TestVolumesInvalidJSON (0.03s)
    --- PASS: TestVolumesInvalidJSON//volumes/create (0.00s)
PASS
Running /go/src/github.com/docker/docker/integration/system
INFO: Testing against a local daemon
=== RUN   TestCgroupDriverSystemdMemoryLimit
=== PAUSE TestCgroupDriverSystemdMemoryLimit
=== RUN   TestEventsExecDie
--- PASS: TestEventsExecDie (0.65s)
=== RUN   TestEventsBackwardsCompatible
--- PASS: TestEventsBackwardsCompatible (0.08s)
=== RUN   TestInfoBinaryCommits
--- PASS: TestInfoBinaryCommits (0.03s)
=== RUN   TestInfoAPIVersioned
--- PASS: TestInfoAPIVersioned (0.01s)
=== RUN   TestInfoAPI
--- PASS: TestInfoAPI (0.02s)
=== RUN   TestInfoAPIWarnings
--- PASS: TestInfoAPIWarnings (0.72s)
    daemon.go:296: [dec138a1958cb] waiting for daemon to start
    daemon.go:328: [dec138a1958cb] daemon started
    daemon.go:283: [dec138a1958cb] exiting daemon
=== RUN   TestLoginFailsWithBadCredentials
--- PASS: TestLoginFailsWithBadCredentials (1.54s)
=== RUN   TestVersion
--- PASS: TestVersion (0.01s)
=== CONT  TestCgroupDriverSystemdMemoryLimit
--- SKIP: TestCgroupDriverSystemdMemoryLimit (0.00s)
    cgroupdriver_systemd_test.go:35: systemd not available
PASS
Running /go/src/github.com/docker/docker/integration/image
INFO: Testing against a local daemon
=== RUN   TestCommitInheritsEnv
--- PASS: TestCommitInheritsEnv (1.26s)
=== RUN   TestImportExtremelyLargeImageWorks
=== PAUSE TestImportExtremelyLargeImageWorks
=== RUN   TestImagesFilterMultiReference
--- PASS: TestImagesFilterMultiReference (0.05s)
=== RUN   TestRemoveImageOrphaning
--- PASS: TestRemoveImageOrphaning (1.96s)
=== RUN   TestTagUnprefixedRepoByNameOrName
--- PASS: TestTagUnprefixedRepoByNameOrName (0.03s)
=== RUN   TestTagInvalidReference
--- PASS: TestTagInvalidReference (0.01s)
=== RUN   TestTagValidPrefixedRepo
--- PASS: TestTagValidPrefixedRepo (0.04s)
=== RUN   TestTagExistedNameWithoutForce
--- PASS: TestTagExistedNameWithoutForce (0.02s)
=== RUN   TestTagOfficialNames
--- PASS: TestTagOfficialNames (0.05s)
=== RUN   TestTagMatchesDigest
--- PASS: TestTagMatchesDigest (0.01s)
=== CONT  TestImportExtremelyLargeImageWorks
--- PASS: TestImportExtremelyLargeImageWorks (123.94s)
    daemon.go:296: [d7d641db13ff0] waiting for daemon to start
    daemon.go:328: [d7d641db13ff0] daemon started
PASS
Running /go/src/github.com/docker/docker/integration-cli
INFO: Testing against a local daemon
PASS: docker_api_test.go:36: DockerSuite.TestAPIClientVersionOldNotSupported	0.003s
PASS: docker_api_network_test.go:239: DockerSuite.TestAPICreateDeletePredefinedNetworks	0.008s
PASS: docker_api_test.go:60: DockerSuite.TestAPIErrorJSON	0.002s
PASS: docker_api_test.go:91: DockerSuite.TestAPIErrorNotFoundJSON	0.001s
PASS: docker_api_test.go:102: DockerSuite.TestAPIErrorNotFoundPlainText	0.001s
PASS: docker_api_test.go:74: DockerSuite.TestAPIErrorPlainText	0.002s
PASS: docker_api_test.go:24: DockerSuite.TestAPIGetEnabledCORS	0.001s
PASS: docker_api_images_test.go:90: DockerSuite.TestAPIImagesDelete	1.504s
PASS: docker_api_images_test.go:22: DockerSuite.TestAPIImagesFilter	0.065s
PASS: docker_api_images_test.go:114: DockerSuite.TestAPIImagesHistory	0.883s
PASS: docker_api_images_test.go:140: DockerSuite.TestAPIImagesImportBadSrc	0.347s
PASS: docker_api_images_test.go:60: DockerSuite.TestAPIImagesSaveAndLoad	0.747s
PASS: docker_api_images_test.go:175: DockerSuite.TestAPIImagesSearchJSONContentType	0.826s
PASS: docker_api_images_test.go:187: DockerSuite.TestAPIImagesSizeCompatibility	0.010s
PASS: docker_api_network_test.go:129: DockerSuite.TestAPINetworkConnectDisconnect	0.617s
PASS: docker_api_network_test.go:29: DockerSuite.TestAPINetworkCreateCheckDuplicate	0.076s
PASS: docker_api_network_test.go:67: DockerSuite.TestAPINetworkFilter	0.003s
PASS: docker_api_network_test.go:20: DockerSuite.TestAPINetworkGetDefaults	0.003s
PASS: docker_api_network_test.go:170: DockerSuite.TestAPINetworkIPAMMultipleBridgeNetworks	0.555s
PASS: docker_api_network_test.go:73: DockerSuite.TestAPINetworkInspectBridge	0.345s
PASS: docker_api_network_test.go:98: DockerSuite.TestAPINetworkInspectUserDefinedNetwork	0.115s
PASS: docker_api_test.go:18: DockerSuite.TestAPIOptionsRoute	0.001s
PASS: docker_api_stats_test.go:263: DockerSuite.TestAPIStatsContainerNotFound	0.001s
PASS: docker_api_stats_test.go:99: DockerSuite.TestAPIStatsNetworkStats	3.390s
PASS: docker_api_stats_test.go:166: DockerSuite.TestAPIStatsNetworkStatsVersioning	1.793s
PASS: docker_api_stats_test.go:277: DockerSuite.TestAPIStatsNoStreamConnectedContainers	1.797s
PASS: docker_api_stats_test.go:25: DockerSuite.TestAPIStatsNoStreamGetCpu	1.678s
PASS: docker_api_stats_test.go:64: DockerSuite.TestAPIStatsStoppedContainerInGoroutines	0.372s
PASS: docker_cli_run_test.go:3181: DockerSuite.TestAppArmorDeniesChmodProc	0.517s
PASS: docker_cli_run_test.go:3159: DockerSuite.TestAppArmorDeniesPtrace	0.513s
PASS: docker_cli_run_test.go:3171: DockerSuite.TestAppArmorTraceSelf	0.523s
PASS: docker_cli_attach_unix_test.go:61: DockerSuite.TestAttachAfterDetach	1.528s
PASS: docker_cli_attach_unix_test.go:18: DockerSuite.TestAttachClosedOnContainerStop	1.517s
PASS: docker_cli_attach_unix_test.go:126: DockerSuite.TestAttachDetach	0.470s
PASS: docker_cli_attach_test.go:135: DockerSuite.TestAttachDisconnect	0.383s
PASS: docker_cli_attach_test.go:20: DockerSuite.TestAttachMultipleAndRestart	1.538s
PASS: docker_cli_attach_test.go:168: DockerSuite.TestAttachPausedContainer	0.387s
PASS: docker_cli_attach_test.go:90: DockerSuite.TestAttachTTYWithoutStdin	0.369s
PASS: docker_api_build_test.go:160: DockerSuite.TestBuildAPIBuildGitWithF	1.624s
PASS: docker_api_build_test.go:26: DockerSuite.TestBuildAPIDockerFileRemote	1.980s
PASS: docker_api_build_test.go:181: DockerSuite.TestBuildAPIDoubleDockerfile	0.994s
PASS: docker_api_build_test.go:142: DockerSuite.TestBuildAPILowerDockerfile	0.991s
PASS: docker_api_build_test.go:57: DockerSuite.TestBuildAPIRemoteTarballContext	0.003s
PASS: docker_api_build_test.go:88: DockerSuite.TestBuildAPIRemoteTarballContextWithCustomDockerfile	0.980s
PASS: docker_api_build_test.go:203: DockerSuite.TestBuildAPIUnnormalizedTarPaths	1.977s
PASS: docker_cli_build_test.go:573: DockerSuite.TestBuildAddAndCopyFileWithWhitespace	28.041s
PASS: docker_cli_build_test.go:926: DockerSuite.TestBuildAddBadLinks	0.916s
PASS: docker_cli_build_test.go:1006: DockerSuite.TestBuildAddBadLinksVolume	2.991s
PASS: docker_cli_build_test.go:2885: DockerSuite.TestBuildAddBrokenTar	0.158s
PASS: docker_api_build_test.go:479: DockerSuite.TestBuildAddCacheOnFileChange	1.812s
PASS: docker_cli_build_unix_test.go:87: DockerSuite.TestBuildAddChangeOwnership	2.988s
PASS: docker_cli_build_test.go:1863: DockerSuite.TestBuildAddCurrentDirWithCache	2.725s
PASS: docker_cli_build_test.go:1910: DockerSuite.TestBuildAddCurrentDirWithoutCache	1.391s
PASS: docker_cli_build_test.go:751: DockerSuite.TestBuildAddDirContentToExistingDir	8.828s
PASS: docker_cli_build_test.go:737: DockerSuite.TestBuildAddDirContentToRoot	4.986s
PASS: docker_cli_build_test.go:2189: DockerSuite.TestBuildAddFileNotFound	0.079s
PASS: docker_cli_build_test.go:1997: DockerSuite.TestBuildAddLocalAndRemoteFilesWithAndWithoutCache	3.890s
PASS: docker_cli_build_test.go:1807: DockerSuite.TestBuildAddMultipleLocalFileWithAndWithoutCache	6.983s
PASS: docker_cli_build_test.go:2936: DockerSuite.TestBuildAddNonTar	1.955s
PASS: docker_cli_build_test.go:785: DockerSuite.TestBuildAddOrCopyEtcToRootShouldNotConflict	0.444s
PASS: docker_cli_build_test.go:797: DockerSuite.TestBuildAddPreservesFilesSpecialBits	4.491s
PASS: docker_cli_build_test.go:1954: DockerSuite.TestBuildAddRemoteFileMTime	3.342s
PASS: docker_cli_build_test.go:1929: DockerSuite.TestBuildAddRemoteFileWithAndWithoutCache	0.760s
PASS: docker_api_build_test.go:364: DockerSuite.TestBuildAddRemoteNoDecompress	1.831s
PASS: docker_cli_build_test.go:2815: DockerSuite.TestBuildAddScript	3.991s
PASS: docker_cli_build_test.go:505: DockerSuite.TestBuildAddSingleFileToExistDir	8.978s
PASS: docker_cli_build_test.go:722: DockerSuite.TestBuildAddSingleFileToNonExistingDir	5.983s
PASS: docker_cli_build_test.go:466: DockerSuite.TestBuildAddSingleFileToRoot	3.979s
PASS: docker_cli_build_test.go:482: DockerSuite.TestBuildAddSingleFileToWorkdir	0.964s
PASS: docker_cli_build_test.go:2831: DockerSuite.TestBuildAddTar	12.982s
PASS: docker_cli_build_test.go:2949: DockerSuite.TestBuildAddTarXz	1.963s
PASS: docker_cli_build_test.go:2998: DockerSuite.TestBuildAddTarXzGz	1.970s
PASS: docker_cli_build_test.go:2245: DockerSuite.TestBuildAddToSymlinkDest	4.970s
PASS: docker_cli_build_test.go:767: DockerSuite.TestBuildAddWholeDirToRoot	7.971s
PASS: docker_cli_build_test.go:1440: DockerSuite.TestBuildBlankName	0.230s
PASS: docker_cli_build_test.go:4089: DockerSuite.TestBuildBuildTimeArg	3.207s
PASS: docker_cli_build_test.go:4461: DockerSuite.TestBuildBuildTimeArgBuiltinArg	2.965s
PASS: docker_cli_build_test.go:4183: DockerSuite.TestBuildBuildTimeArgCacheHit	1.573s
PASS: docker_cli_build_test.go:4207: DockerSuite.TestBuildBuildTimeArgCacheMissExtraArg	2.883s
PASS: docker_cli_build_test.go:4238: DockerSuite.TestBuildBuildTimeArgCacheMissSameArgDiffVal	1.978s
PASS: docker_cli_build_test.go:4484: DockerSuite.TestBuildBuildTimeArgDefaultOverride	4.444s
PASS: docker_cli_build_test.go:4623: DockerSuite.TestBuildBuildTimeArgDefinitionWithNoEnvInjection	1.470s
PASS: docker_cli_build_test.go:4607: DockerSuite.TestBuildBuildTimeArgEmptyValVariants	5.968s
PASS: docker_cli_build_test.go:4526: DockerSuite.TestBuildBuildTimeArgEnv	17.982s
PASS: docker_cli_build_test.go:4319: DockerSuite.TestBuildBuildTimeArgExpansion	14.057s
PASS: docker_cli_build_test.go:4409: DockerSuite.TestBuildBuildTimeArgExpansionOverride	5.409s
PASS: docker_cli_build_test.go:4122: DockerSuite.TestBuildBuildTimeArgHistory	0.473s
PASS: docker_cli_build_test.go:4263: DockerSuite.TestBuildBuildTimeArgOverrideArgDefinedBeforeEnv	2.473s
PASS: docker_cli_build_test.go:4292: DockerSuite.TestBuildBuildTimeArgOverrideEnvDefinedBeforeArg	3.955s
PASS: docker_cli_build_test.go:4586: DockerSuite.TestBuildBuildTimeArgQuotedValVariants	8.454s
PASS: docker_cli_build_test.go:4510: DockerSuite.TestBuildBuildTimeArgUnconsumedArg	1.969s
PASS: docker_cli_build_test.go:4437: DockerSuite.TestBuildBuildTimeArgUntrustedDefinedAfterUse	2.490s
PASS: docker_cli_build_test.go:371: DockerSuite.TestBuildCacheAdd	0.443s
PASS: docker_cli_build_test.go:4760: DockerSuite.TestBuildCacheBrokenSymlink	1.966s
PASS: docker_cli_build_test.go:5411: DockerSuite.TestBuildCacheFrom	8.017s
PASS: docker_cli_build_test.go:5389: DockerSuite.TestBuildCacheFromEqualDiffIDsLength	2.044s
PASS: docker_cli_build_test.go:4872: DockerSuite.TestBuildCacheRootSource	1.852s
PASS: docker_cli_build_unix_test.go:133: DockerSuite.TestBuildCancellationKillsSleep	0.481s
PASS: docker_api_build_test.go:408: DockerSuite.TestBuildChownOnCopy	7.385s
PASS: docker_cli_build_test.go:3574: DockerSuite.TestBuildChownSingleFile	2.986s
PASS: docker_cli_build_test.go:3137: DockerSuite.TestBuildCleanupCmdOnEntrypoint	3.004s
PASS: docker_cli_build_test.go:3156: DockerSuite.TestBuildClearCmd	1.972s
PASS: docker_cli_build_test.go:1577: DockerSuite.TestBuildCmd	0.977s
PASS: docker_cli_build_test.go:3240: DockerSuite.TestBuildCmdJSONNoShDashC	0.988s
PASS: docker_cli_build_test.go:3199: DockerSuite.TestBuildCmdShDashC	0.983s
SKIP: docker_cli_build_test.go:5339: DockerSuite.TestBuildCmdShellArgsEscaped (unmatched requirement DaemonIsWindows)
PASS: docker_cli_build_test.go:3214: DockerSuite.TestBuildCmdSpaces	3.977s
PASS: docker_cli_build_test.go:2645: DockerSuite.TestBuildCommentsShebangs	5.972s
PASS: docker_cli_build_test.go:1773: DockerSuite.TestBuildConditionalCache	2.091s
PASS: docker_cli_build_test.go:5600: DockerSuite.TestBuildContChar	2.876s
PASS: docker_cli_build_test.go:3973: DockerSuite.TestBuildContainerWithCgroupParent	0.986s
PASS: docker_cli_build_test.go:1512: DockerSuite.TestBuildContextCleanup	0.976s
PASS: docker_cli_build_test.go:1534: DockerSuite.TestBuildContextCleanupFailedBuild	0.514s
PASS: docker_cli_build_test.go:2045: DockerSuite.TestBuildContextTarGzip	1.460s
PASS: docker_cli_build_test.go:2049: DockerSuite.TestBuildContextTarNoCompression	0.990s
PASS: docker_cli_build_test.go:521: DockerSuite.TestBuildCopyAddMultipleFiles	13.991s
PASS: docker_api_build_test.go:438: DockerSuite.TestBuildCopyCacheOnFileChange	1.968s
PASS: docker_cli_build_test.go:1839: DockerSuite.TestBuildCopyDirButNotFile	0.344s
PASS: docker_cli_build_test.go:893: DockerSuite.TestBuildCopyDirContentToExistDir	3.629s
PASS: docker_cli_build_test.go:879: DockerSuite.TestBuildCopyDirContentToRoot	4.985s
PASS: docker_cli_build_test.go:6024: DockerSuite.TestBuildCopyFileDotWithWorkdir	2.986s
SKIP: docker_cli_build_test.go:606: DockerSuite.TestBuildCopyFileWithWhitespaceOnWindows (unmatched requirement DaemonIsWindows)
SKIP: docker_cli_build_test.go:5897: DockerSuite.TestBuildCopyFromForbidWindowsRelativePaths (unmatched requirement DaemonIsWindows)
SKIP: docker_cli_build_test.go:5880: DockerSuite.TestBuildCopyFromForbidWindowsSystemPaths (unmatched requirement DaemonIsWindows)
SKIP: docker_cli_build_test.go:5915: DockerSuite.TestBuildCopyFromWindowsIsCaseInsensitive (unmatched requirement DaemonIsWindows)
PASS: docker_cli_build_test.go:848: DockerSuite.TestBuildCopySingleFileToExistDir	4.883s
PASS: docker_cli_build_test.go:864: DockerSuite.TestBuildCopySingleFileToNonExistDir	5.987s
PASS: docker_cli_build_test.go:810: DockerSuite.TestBuildCopySingleFileToRoot	3.988s
PASS: docker_cli_build_test.go:826: DockerSuite.TestBuildCopySingleFileToWorkdir	0.979s
PASS: docker_cli_build_test.go:909: DockerSuite.TestBuildCopyWholeDirToRoot	6.981s
PASS: docker_cli_build_test.go:636: DockerSuite.TestBuildCopyWildcard	8.094s
PASS: docker_cli_build_test.go:696: DockerSuite.TestBuildCopyWildcardCache	0.956s
PASS: docker_cli_build_test.go:676: DockerSuite.TestBuildCopyWildcardInName	1.867s
PASS: docker_cli_build_test.go:5140: DockerSuite.TestBuildDeleteCommittedFile	3.982s
PASS: docker_cli_build_test.go:2068: DockerSuite.TestBuildDockerfileStdin	1.992s
PASS: docker_cli_build_test.go:2088: DockerSuite.TestBuildDockerfileStdinConflict	0.013s
PASS: docker_cli_build_test.go:2102: DockerSuite.TestBuildDockerfileStdinDockerignore	1.454s
PASS: docker_cli_build_test.go:2106: DockerSuite.TestBuildDockerfileStdinDockerignoreIgnored	0.950s
PASS: docker_cli_build_test.go:2098: DockerSuite.TestBuildDockerfileStdinNoExtraFiles	0.993s
PASS: docker_cli_build_test.go:2296: DockerSuite.TestBuildDockerignore	11.445s
PASS: docker_cli_build_test.go:2334: DockerSuite.TestBuildDockerignoreCleanPaths	1.988s
PASS: docker_cli_build_test.go:5150: DockerSuite.TestBuildDockerignoreComment	3.987s
PASS: docker_cli_build_test.go:2348: DockerSuite.TestBuildDockerignoreExceptions	12.981s
PASS: docker_cli_build_test.go:2445: DockerSuite.TestBuildDockerignoreTouchDockerfile	1.297s
PASS: docker_cli_build_test.go:2521: DockerSuite.TestBuildDockerignoringBadExclusion	0.013s
PASS: docker_cli_build_test.go:2393: DockerSuite.TestBuildDockerignoringDockerfile	5.635s
PASS: docker_cli_build_test.go:2432: DockerSuite.TestBuildDockerignoringDockerignore	2.984s
PASS: docker_cli_build_test.go:2504: DockerSuite.TestBuildDockerignoringOnlyDotfiles	2.984s
PASS: docker_cli_build_test.go:2411: DockerSuite.TestBuildDockerignoringRenamedDockerfile	7.972s
PASS: docker_cli_build_test.go:2487: DockerSuite.TestBuildDockerignoringWholeDir	2.982s
PASS: docker_cli_build_test.go:2560: DockerSuite.TestBuildDockerignoringWildDirs	2.976s
PASS: docker_cli_build_test.go:2538: DockerSuite.TestBuildDockerignoringWildTopDir	18.999s
PASS: docker_cli_build_test.go:3944: DockerSuite.TestBuildDotDotFile	0.080s
PASS: docker_cli_build_test.go:2634: DockerSuite.TestBuildEOLInLine	4.849s
PASS: docker_cli_build_test.go:3168: DockerSuite.TestBuildEmptyCmd	0.993s
PASS: docker_cli_build_test.go:1704: DockerSuite.TestBuildEmptyEntrypoint	0.989s
PASS: docker_cli_build_test.go:1681: DockerSuite.TestBuildEmptyEntrypointInheritance	1.983s
PASS: docker_cli_build_test.go:3936: DockerSuite.TestBuildEmptyScratch	0.072s
PASS: docker_cli_build_test.go:3961: DockerSuite.TestBuildEmptyStringVolume	0.881s
PASS: docker_cli_build_test.go:1718: DockerSuite.TestBuildEntrypoint	1.003s
PASS: docker_cli_build_test.go:3251: DockerSuite.TestBuildEntrypointCanBeOverriddenByChild	2.482s
PASS: docker_cli_build_test.go:3271: DockerSuite.TestBuildEntrypointCanBeOverriddenByChildInspect	1.996s
PASS: docker_cli_build_test.go:2170: DockerSuite.TestBuildEntrypointRunCleanup	3.431s
PASS: docker_cli_build_test.go:1469: DockerSuite.TestBuildEnv	2.989s
PASS: docker_cli_build_test.go:302: DockerSuite.TestBuildEnvEscapes	2.471s
PASS: docker_cli_build_test.go:319: DockerSuite.TestBuildEnvOverwrite	0.987s
PASS: docker_cli_build_test.go:2715: DockerSuite.TestBuildEnvUsage	16.458s
PASS: docker_cli_build_test.go:2746: DockerSuite.TestBuildEnvUsage2	46.992s
PASS: docker_cli_build_test.go:147: DockerSuite.TestBuildEnvironmentReplacementAddCopy	7.958s
PASS: docker_cli_build_test.go:171: DockerSuite.TestBuildEnvironmentReplacementEnv	18.995s
PASS: docker_cli_build_test.go:102: DockerSuite.TestBuildEnvironmentReplacementExpose	3.959s
PASS: docker_cli_build_test.go:60: DockerSuite.TestBuildEnvironmentReplacementUser	1.951s
PASS: docker_cli_build_test.go:77: DockerSuite.TestBuildEnvironmentReplacementVolume	1.961s
PASS: docker_cli_build_test.go:127: DockerSuite.TestBuildEnvironmentReplacementWorkdir	2.974s
SKIP: docker_cli_build_test.go:5317: DockerSuite.TestBuildEscapeNotBackslashWordTest (unmatched requirement DaemonIsWindows)
PASS: docker_cli_build_test.go:2263: DockerSuite.TestBuildEscapeWhitespace	0.928s
PASS: docker_cli_build_test.go:3302: DockerSuite.TestBuildExoticShellInterpolation	12.960s
PASS: docker_cli_build_test.go:1590: DockerSuite.TestBuildExpose	0.979s
PASS: docker_cli_build_test.go:1604: DockerSuite.TestBuildExposeMorePorts	1.033s
PASS: docker_cli_build_test.go:1653: DockerSuite.TestBuildExposeOrder	0.959s
PASS: docker_cli_build_test.go:1669: DockerSuite.TestBuildExposeUpperCaseProto	0.848s
PASS: docker_cli_build_test.go:2227: DockerSuite.TestBuildFails	0.562s
PASS: docker_cli_build_test.go:4897: DockerSuite.TestBuildFailsGitNotCallable	0.026s
PASS: docker_cli_build_test.go:4817: DockerSuite.TestBuildFollowSymlinkToDir	1.824s
PASS: docker_cli_build_test.go:4787: DockerSuite.TestBuildFollowSymlinkToFile	1.978s
PASS: docker_cli_build_test.go:1170: DockerSuite.TestBuildForceRm	1.953s
PASS: docker_cli_build_test.go:3051: DockerSuite.TestBuildFromGit	2.469s
PASS: docker_cli_build_test.go:3070: DockerSuite.TestBuildFromGitWithContext	0.968s
PASS: docker_cli_build_test.go:3089: DockerSuite.TestBuildFromGitWithF	0.968s
PASS: docker_cli_build_test.go:3701: DockerSuite.TestBuildFromMixedcaseDockerfile	1.983s
PASS: docker_cli_build_test.go:3777: DockerSuite.TestBuildFromOfficialNames	0.566s
PASS: docker_cli_build_test.go:3102: DockerSuite.TestBuildFromRemoteTarball	0.409s
PASS: docker_cli_build_test.go:3752: DockerSuite.TestBuildFromStdinWithF	2.964s
PASS: docker_cli_build_test.go:3725: DockerSuite.TestBuildFromURLWithF	2.978s
PASS: docker_cli_build_test.go:234: DockerSuite.TestBuildHandleEscapesInVolume	6.000s
PASS: docker_cli_history_test.go:16: DockerSuite.TestBuildHistory	25.976s
PASS: docker_cli_build_test.go:6157: DockerSuite.TestBuildIidFile	1.967s
PASS: docker_cli_build_test.go:6182: DockerSuite.TestBuildIidFileCleanupOnFail	0.513s
PASS: docker_cli_build_test.go:2206: DockerSuite.TestBuildInheritance	1.443s
PASS: docker_cli_build_test.go:5954: DockerSuite.TestBuildIntermediateTarget	0.251s
PASS: docker_cli_build_test.go:3191: DockerSuite.TestBuildInvalidTag	0.013s
PASS: docker_cli_build_test.go:34: DockerSuite.TestBuildJSONEmptyRun	0.743s
PASS: docker_cli_build_test.go:4923: DockerSuite.TestBuildLabel	1.908s
PASS: docker_cli_build_test.go:4954: DockerSuite.TestBuildLabelCacheCommit	0.984s
PASS: docker_cli_build_test.go:4975: DockerSuite.TestBuildLabelMultiple	1.980s
PASS: docker_cli_build_test.go:4940: DockerSuite.TestBuildLabelOneNode	0.990s
PASS: docker_cli_build_test.go:3373: DockerSuite.TestBuildLabels	1.970s
PASS: docker_cli_build_test.go:3385: DockerSuite.TestBuildLabelsCache	2.074s
PASS: docker_cli_build_test.go:5061: DockerSuite.TestBuildLabelsOverride	11.879s
PASS: docker_cli_build_test.go:391: DockerSuite.TestBuildLastModified	5.477s
PASS: docker_cli_build_test.go:2623: DockerSuite.TestBuildLineBreak	4.390s
PASS: docker_cli_build_test.go:6086: DockerSuite.TestBuildLineErrorOnBuild	0.078s
PASS: docker_cli_build_test.go:6097: DockerSuite.TestBuildLineErrorUnknownInstruction	0.075s
PASS: docker_cli_build_test.go:6128: DockerSuite.TestBuildLineErrorWithComments	0.079s
PASS: docker_cli_build_test.go:6111: DockerSuite.TestBuildLineErrorWithEmptyLines	0.076s
PASS: docker_cli_build_test.go:1267: DockerSuite.TestBuildMaintainer	0.618s
PASS: docker_cli_build_test.go:3891: DockerSuite.TestBuildMissingArgs	1.125s
PASS: docker_cli_build_test.go:444: DockerSuite.TestBuildModifyFileInFolder	2.855s
PASS: docker_cli_build_test.go:5934: DockerSuite.TestBuildMulitStageResetScratch	1.976s
PASS: docker_cli_build_test.go:4637: DockerSuite.TestBuildMultiStageArg	6.015s
PASS: docker_cli_build_test.go:5505: DockerSuite.TestBuildMultiStageCache	1.026s
PASS: docker_cli_build_test.go:5684: DockerSuite.TestBuildMultiStageCopyFromErrors	2.244s
PASS: docker_cli_build_test.go:5626: DockerSuite.TestBuildMultiStageCopyFromSyntax	15.720s
PASS: docker_cli_build_test.go:4661: DockerSuite.TestBuildMultiStageGlobalArg	4.819s
PASS: docker_cli_build_test.go:5764: DockerSuite.TestBuildMultiStageImplicitFrom	1.871s
PASS: docker_cli_build_test.go:5731: DockerSuite.TestBuildMultiStageMultipleBuilds	4.011s
SKIP: docker_cli_build_test.go:5846: DockerSuite.TestBuildMultiStageMultipleBuildsWindows (unmatched requirement DaemonIsWindows)
PASS: docker_cli_build_test.go:5821: DockerSuite.TestBuildMultiStageNameVariants	6.437s
PASS: docker_cli_build_test.go:4686: DockerSuite.TestBuildMultiStageUnusedArg	2.859s
PASS: docker_cli_build_test.go:4747: DockerSuite.TestBuildMultipleTags	0.521s
PASS: docker_cli_build_test.go:5541: DockerSuite.TestBuildNetContainer	1.454s
PASS: docker_cli_build_test.go:5529: DockerSuite.TestBuildNetNone	0.516s
PASS: docker_cli_build_test.go:2053: DockerSuite.TestBuildNoContext	1.215s
PASS: docker_cli_build_test.go:4001: DockerSuite.TestBuildNoDupOutput	1.482s
PASS: docker_cli_build_test.go:4706: DockerSuite.TestBuildNoNamedVolume	1.457s
PASS: docker_cli_build_test.go:3498: DockerSuite.TestBuildNotVerboseFailure	0.306s
PASS: docker_cli_build_test.go:3526: DockerSuite.TestBuildNotVerboseFailureRemote	0.101s
PASS: docker_cli_build_test.go:3477: DockerSuite.TestBuildNotVerboseFailureWithNonExistImage	2.494s
PASS: docker_cli_build_test.go:3426: DockerSuite.TestBuildNotVerboseSuccess	0.304s
PASS: docker_cli_build_test.go:4051: DockerSuite.TestBuildNullStringInAddCopyVolume	2.242s
PASS: docker_cli_build_test.go:2236: DockerSuite.TestBuildOnBuild	2.988s
PASS: docker_api_build_test.go:285: DockerSuite.TestBuildOnBuildCache	2.972s
PASS: docker_cli_build_test.go:337: DockerSuite.TestBuildOnBuildCmdEntrypointJSON	6.510s
PASS: docker_cli_build_test.go:354: DockerSuite.TestBuildOnBuildEntrypointJSON	2.916s
PASS: docker_cli_build_test.go:1733: DockerSuite.TestBuildOnBuildLimitedInheritance	3.552s
PASS: docker_cli_build_test.go:278: DockerSuite.TestBuildOnBuildLowercase	1.892s
PASS: docker_cli_build_test.go:3181: DockerSuite.TestBuildOnBuildOutput	2.983s
PASS: docker_api_build_test.go:260: DockerSuite.TestBuildOnBuildWithCopy	1.117s
PASS: docker_cli_build_test.go:5992: DockerSuite.TestBuildOpaqueDirectory	3.860s
PASS: docker_cli_build_test.go:1483: DockerSuite.TestBuildPATH	8.002s
PASS: docker_cli_build_test.go:4029: DockerSuite.TestBuildRUNErrMsg	0.582s
PASS: docker_cli_build_test.go:3951: DockerSuite.TestBuildRUNoneJSON	1.344s
PASS: docker_cli_build_test.go:1401: DockerSuite.TestBuildRelativeCopy	19.986s
PASS: docker_cli_build_test.go:1294: DockerSuite.TestBuildRelativeWorkdir	6.988s
PASS: docker_cli_build_unix_test.go:27: DockerSuite.TestBuildResourceConstraintsAreUsed	2.467s
PASS: docker_cli_build_test.go:1189: DockerSuite.TestBuildRm	3.465s
PASS: docker_cli_build_test.go:3295: DockerSuite.TestBuildRunShEntrypoint	1.466s
PASS: docker_cli_build_test.go:1751: DockerSuite.TestBuildSameDockerfileWithAndWithoutCache	5.449s
PASS: docker_api_build_test.go:520: DockerSuite.TestBuildScratchCopy	0.958s
PASS: docker_cli_build_test.go:6142: DockerSuite.TestBuildSetCommandWithDefinedShell	2.016s
PASS: docker_cli_build_test.go:41: DockerSuite.TestBuildShCmdJSONEntrypoint	2.460s
PASS: docker_cli_build_test.go:5264: DockerSuite.TestBuildShellEntrypoint	1.995s
PASS: docker_cli_build_test.go:5279: DockerSuite.TestBuildShellInherited	1.433s
PASS: docker_cli_build_test.go:5228: DockerSuite.TestBuildShellMultiple	6.508s
PASS: docker_cli_build_test.go:5292: DockerSuite.TestBuildShellNotJSON	0.083s
PASS: docker_cli_build_test.go:5211: DockerSuite.TestBuildShellUpdatesConfig	0.381s
SKIP: docker_cli_build_test.go:5305: DockerSuite.TestBuildShellWindowsPowershell (unmatched requirement DaemonIsWindows)
PASS: docker_cli_build_test.go:3795: DockerSuite.TestBuildSpaces	0.296s
PASS: docker_cli_build_test.go:3858: DockerSuite.TestBuildSpacesWithQuotes	0.720s
PASS: docker_cli_build_test.go:4018: DockerSuite.TestBuildStartsFromOne	0.083s
PASS: docker_cli_build_test.go:3556: DockerSuite.TestBuildStderr	0.813s
PASS: docker_cli_build_test.go:5360: DockerSuite.TestBuildStepsWithProgress	4.984s
PASS: docker_cli_build_test.go:4071: DockerSuite.TestBuildStopSignal	1.348s
PASS: docker_cli_build_test.go:4851: DockerSuite.TestBuildSymlinkBasename	0.932s
PASS: docker_cli_build_test.go:3598: DockerSuite.TestBuildSymlinkBreakout	1.481s
PASS: docker_cli_build_test.go:4723: DockerSuite.TestBuildTagEvent	1.011s
PASS: docker_cli_build_test.go:4143: DockerSuite.TestBuildTimeArgHistoryExclusions	3.075s
PASS: docker_cli_build_test.go:1280: DockerSuite.TestBuildUser	2.884s
PASS: docker_cli_build_test.go:554: DockerSuite.TestBuildUsernamespaceValidateRemappedRoot	5.996s
PASS: docker_cli_build_test.go:2659: DockerSuite.TestBuildUsersAndGroups	29.969s
PASS: docker_cli_build_test.go:3344: DockerSuite.TestBuildVerboseOut	0.968s
PASS: docker_cli_build_test.go:2281: DockerSuite.TestBuildVerifyIntString	0.997s
PASS: docker_cli_build_test.go:3327: DockerSuite.TestBuildVerifySingleQuoteFails	1.478s
PASS: docker_cli_build_test.go:3878: DockerSuite.TestBuildVolumeFileExistsinContainer	1.517s
PASS: docker_cli_build_test.go:3671: DockerSuite.TestBuildVolumesRetainContents	3.473s
SKIP: docker_cli_build_test.go:1347: DockerSuite.TestBuildWindowsAddCopyPathProcessing (unmatched requirement DaemonIsWindows)
SKIP: docker_cli_build_test.go:6037: DockerSuite.TestBuildWindowsEnvCaseInsensitive (unmatched requirement DaemonIsWindows)
SKIP: docker_cli_build_test.go:6007: DockerSuite.TestBuildWindowsUser (unmatched requirement DaemonIsWindows)
SKIP: docker_cli_build_test.go:1336: DockerSuite.TestBuildWindowsWorkdirProcessing (unmatched requirement DaemonIsWindows)
PASS: docker_cli_build_test.go:5557: DockerSuite.TestBuildWithExtraHost	2.354s
PASS: docker_cli_build_test.go:5573: DockerSuite.TestBuildWithExtraHostInvalidFormat	0.056s
PASS: docker_cli_build_test.go:5371: DockerSuite.TestBuildWithFailure	0.624s
PASS: docker_cli_build_test.go:1049: DockerSuite.TestBuildWithInaccessibleFilesInContext	0.502s
PASS: docker_cli_build_test.go:3358: DockerSuite.TestBuildWithTabs	0.748s
PASS: docker_cli_build_test.go:5184: DockerSuite.TestBuildWithUTF8BOM	0.083s
PASS: docker_cli_build_test.go:5194: DockerSuite.TestBuildWithUTF8BOMDockerignore	3.875s
PASS: docker_cli_build_test.go:2150: DockerSuite.TestBuildWithVolumeOwnership	2.511s
PASS: docker_cli_build_test.go:1232: DockerSuite.TestBuildWithVolumes	4.461s
PASS: docker_cli_build_test.go:6072: DockerSuite.TestBuildWorkdirCmd	1.037s
PASS: docker_cli_build_test.go:6051: DockerSuite.TestBuildWorkdirImageCmd	1.916s
SKIP: docker_cli_build_test.go:4912: DockerSuite.TestBuildWorkdirWindowsPath (unmatched requirement DaemonIsWindows)
PASS: docker_cli_build_test.go:1380: DockerSuite.TestBuildWorkdirWithEnvVariables	3.967s
PASS: docker_cli_build_test.go:3653: DockerSuite.TestBuildXZHost	3.964s
PASS: docker_cli_proxy_test.go:12: DockerSuite.TestCLIProxyDisableProxyUnixSock	0.025s
SKIP: docker_cli_sni_test.go:16: DockerSuite.TestClientSetsTLSServerName (Flakey test)
PASS: docker_cli_run_test.go:3683: DockerSuite.TestCmdCannotBeInvoked	0.484s
PASS: docker_cli_commit_test.go:12: DockerSuite.TestCommitAfterContainerIsDone	1.380s
PASS: docker_cli_commit_test.go:106: DockerSuite.TestCommitChange	1.075s
PASS: docker_cli_commit_test.go:156: DockerSuite.TestCommitChangeLabels	0.890s
PASS: docker_cli_commit_test.go:67: DockerSuite.TestCommitHardlink	1.443s
PASS: docker_cli_commit_test.go:56: DockerSuite.TestCommitNewFile	1.941s
PASS: docker_cli_commit_test.go:42: DockerSuite.TestCommitPausedContainer	0.485s
PASS: docker_cli_commit_test.go:87: DockerSuite.TestCommitTTY	1.240s
PASS: docker_cli_images_test.go:103: DockerSuite.TestCommitWithFilterLabel	1.466s
PASS: docker_cli_commit_test.go:96: DockerSuite.TestCommitWithHostBindMount	1.457s
PASS: docker_cli_commit_test.go:26: DockerSuite.TestCommitWithoutPause	1.451s
PASS: docker_cli_netmode_test.go:55: DockerSuite.TestConflictContainerNetworkAndLinks	0.014s
PASS: docker_cli_netmode_test.go:62: DockerSuite.TestConflictContainerNetworkHostAndLinks	0.013s
PASS: docker_cli_netmode_test.go:76: DockerSuite.TestConflictNetworkModeAndOptions	0.090s
PASS: docker_cli_netmode_test.go:69: DockerSuite.TestConflictNetworkModeNetHostAndOptions	0.013s
PASS: docker_api_containers_test.go:543: DockerSuite.TestContainerAPIBadPort	0.003s
PASS: docker_api_containers_test.go:1289: DockerSuite.TestContainerAPIChunkedEncoding	0.038s
PASS: docker_api_containers_test.go:489: DockerSuite.TestContainerAPICommit	1.271s
PASS: docker_api_containers_test.go:511: DockerSuite.TestContainerAPICommitWithLabelInConfig	1.974s
PASS: docker_api_containers_test.go:1155: DockerSuite.TestContainerAPICopyContainerNotFoundPr124	0.001s
PASS: docker_api_containers_test.go:1070: DockerSuite.TestContainerAPICopyNotExistsAnyMore	0.477s
PASS: docker_api_containers_test.go:1083: DockerSuite.TestContainerAPICopyPre124	0.551s
PASS: docker_api_containers_test.go:1113: DockerSuite.TestContainerAPICopyResourcePathEmptyPre124	0.520s
PASS: docker_api_containers_test.go:1134: DockerSuite.TestContainerAPICopyResourcePathNotFoundPre124	0.560s
PASS: docker_api_containers_test.go:570: DockerSuite.TestContainerAPICreate	0.512s
PASS: docker_api_containers_test.go:649: DockerSuite.TestContainerAPICreateBridgeNetworkMode	0.046s
PASS: docker_api_containers_test.go:587: DockerSuite.TestContainerAPICreateEmptyConfig	0.004s
PASS: docker_api_containers_test.go:1997: DockerSuite.TestContainerAPICreateMountsBindRead	0.497s
PASS: docker_api_containers_test.go:599: DockerSuite.TestContainerAPICreateMultipleNetworksConfig	0.003s
PASS: docker_api_containers_test.go:1409: DockerSuite.TestContainerAPICreateNoHostConfig118	0.063s
PASS: docker_api_containers_test.go:655: DockerSuite.TestContainerAPICreateOtherNetworkModes	0.083s
PASS: docker_api_containers_test.go:684: DockerSuite.TestContainerAPICreateWithCpuSharesCpuset	0.069s
PASS: docker_api_containers_test.go:626: DockerSuite.TestContainerAPICreateWithHostName	0.049s
PASS: docker_api_containers_test.go:1166: DockerSuite.TestContainerAPIDelete	0.545s
PASS: docker_api_containers_test.go:1239: DockerSuite.TestContainerAPIDeleteConflict	0.354s
PASS: docker_api_containers_test.go:1191: DockerSuite.TestContainerAPIDeleteForce	0.579s
PASS: docker_api_containers_test.go:1182: DockerSuite.TestContainerAPIDeleteNotExist	0.001s
PASS: docker_api_containers_test.go:1208: DockerSuite.TestContainerAPIDeleteRemoveLinks	0.803s
PASS: docker_api_containers_test.go:1254: DockerSuite.TestContainerAPIDeleteRemoveVolume	0.600s
PASS: docker_api_containers_test.go:1648: DockerSuite.TestContainerAPIDeleteWithEmptyName	0.001s
PASS: docker_api_containers_test.go:41: DockerSuite.TestContainerAPIGetAll	0.570s
PASS: docker_api_containers_test.go:167: DockerSuite.TestContainerAPIGetChanges	0.519s
PASS: docker_api_containers_test.go:140: DockerSuite.TestContainerAPIGetExport	0.549s
PASS: docker_api_containers_test.go:61: DockerSuite.TestContainerAPIGetJSONNoFieldsOmitted	0.557s
PASS: docker_api_containers_test.go:756: DockerSuite.TestContainerAPIInvalidPortSyntax	0.002s
PASS: docker_api_containers_test.go:957: DockerSuite.TestContainerAPIKill	0.585s
PASS: docker_api_containers_test.go:404: DockerSuite.TestContainerAPIPause	0.402s
PASS: docker_api_containers_test.go:1309: DockerSuite.TestContainerAPIPostContainerStop	0.587s
PASS: docker_api_containers_test.go:872: DockerSuite.TestContainerAPIPostCreateNull	0.092s
PASS: docker_api_containers_test.go:107: DockerSuite.TestContainerAPIPsOmitFields	0.346s
PASS: docker_api_containers_test.go:940: DockerSuite.TestContainerAPIRename	0.511s
PASS: docker_api_containers_test.go:972: DockerSuite.TestContainerAPIRestart	0.843s
PASS: docker_api_containers_test.go:986: DockerSuite.TestContainerAPIRestartNotimeoutParam	0.880s
PASS: docker_api_containers_test.go:854: DockerSuite.TestContainerAPIRestartPolicyDefaultRetryCount	0.047s
PASS: docker_api_containers_test.go:782: DockerSuite.TestContainerAPIRestartPolicyInvalidPolicyName	0.004s
PASS: docker_api_containers_test.go:830: DockerSuite.TestContainerAPIRestartPolicyNegativeRetryCount	0.002s
PASS: docker_api_containers_test.go:806: DockerSuite.TestContainerAPIRestartPolicyRetryMismatch	0.002s
PASS: docker_api_containers_test.go:1002: DockerSuite.TestContainerAPIStart	0.350s
PASS: docker_api_containers_test.go:1657: DockerSuite.TestContainerAPIStatsWithNetworkDisabled	4.361s
PASS: docker_api_containers_test.go:1028: DockerSuite.TestContainerAPIStop	0.538s
PASS: docker_api_containers_test.go:435: DockerSuite.TestContainerAPITop	0.371s
SKIP: docker_api_containers_test.go:458: DockerSuite.TestContainerAPITopWindows (unmatched requirement DaemonIsWindows)
PASS: docker_api_containers_test.go:715: DockerSuite.TestContainerAPIVerifyHeader	0.044s
PASS: docker_api_containers_test.go:1047: DockerSuite.TestContainerAPIWait	2.495s
PASS: docker_api_containers_test.go:2293: DockerSuite.TestContainerKillCustomStopSignal	0.562s
PASS: docker_cli_run_test.go:2410: DockerSuite.TestContainerNetworkMode	0.702s
PASS: docker_cli_run_test.go:3531: DockerSuite.TestContainerRestartInMultipleNetworks	2.384s
PASS: docker_cli_run_test.go:3563: DockerSuite.TestContainerWithConflictingHostNetworks	0.304s
PASS: docker_cli_run_test.go:3594: DockerSuite.TestContainerWithConflictingNoneNetwork	0.820s
PASS: docker_cli_run_test.go:3577: DockerSuite.TestContainerWithConflictingSharedNetwork	0.645s
PASS: docker_api_containers_test.go:2028: DockerSuite.TestContainersAPICreateMountsCreate	21.519s
PASS: docker_api_containers_test.go:2243: DockerSuite.TestContainersAPICreateMountsTmpfs	1.030s
PASS: docker_api_containers_test.go:1706: DockerSuite.TestContainersAPICreateMountsValidation	0.416s
PASS: docker_cli_run_test.go:3467: DockerSuite.TestContainersInMultipleNetworks	1.216s
PASS: docker_cli_run_test.go:3459: DockerSuite.TestContainersInUserDefinedNetwork	1.014s
PASS: docker_cli_run_test.go:3486: DockerSuite.TestContainersNetworkIsolation	1.337s
PASS: docker_cli_cp_test.go:582: DockerSuite.TestCopyAndRestart	1.035s
PASS: docker_cli_cp_test.go:603: DockerSuite.TestCopyCreatedContainer	0.096s
PASS: docker_cli_cp_test.go:128: DockerSuite.TestCpAbsolutePath	0.580s
PASS: docker_cli_cp_test.go:171: DockerSuite.TestCpAbsoluteSymlink	0.579s
PASS: docker_cli_cp_to_container_unix_test.go:41: DockerSuite.TestCpCheckDestOwnership	0.712s
PASS: docker_cli_cp_from_container_test.go:119: DockerSuite.TestCpFromCaseA	0.570s
PASS: docker_cli_cp_from_container_test.go:139: DockerSuite.TestCpFromCaseB	0.592s
PASS: docker_cli_cp_from_container_test.go:157: DockerSuite.TestCpFromCaseC	0.572s
PASS: docker_cli_cp_from_container_test.go:182: DockerSuite.TestCpFromCaseD	0.641s
PASS: docker_cli_cp_from_container_test.go:222: DockerSuite.TestCpFromCaseE	0.629s
PASS: docker_cli_cp_from_container_test.go:251: DockerSuite.TestCpFromCaseF	0.612s
PASS: docker_cli_cp_from_container_test.go:274: DockerSuite.TestCpFromCaseG	0.652s
PASS: docker_cli_cp_from_container_test.go:313: DockerSuite.TestCpFromCaseH	0.645s
PASS: docker_cli_cp_from_container_test.go:343: DockerSuite.TestCpFromCaseI	0.573s
PASS: docker_cli_cp_from_container_test.go:367: DockerSuite.TestCpFromCaseJ	0.649s
PASS: docker_cli_cp_from_container_test.go:24: DockerSuite.TestCpFromSymlinkDestination	0.829s
PASS: docker_cli_cp_test.go:209: DockerSuite.TestCpFromSymlinkToDirectory	0.612s
PASS: docker_cli_cp_test.go:38: DockerSuite.TestCpGarbagePath	0.574s
PASS: docker_cli_cp_test.go:29: DockerSuite.TestCpLocalOnly	0.014s
PASS: docker_cli_cp_test.go:562: DockerSuite.TestCpNameHasColon	0.566s
PASS: docker_cli_cp_test.go:80: DockerSuite.TestCpRelativePath	0.573s
PASS: docker_cli_cp_test.go:405: DockerSuite.TestCpSpecialFiles	0.684s
PASS: docker_cli_cp_test.go:337: DockerSuite.TestCpSymlinkComponent	0.570s
PASS: docker_cli_cp_test.go:616: DockerSuite.TestCpSymlinkFromConToHostFollowSymlink	0.698s
PASS: docker_cli_cp_to_container_test.go:123: DockerSuite.TestCpToCaseA	1.143s
PASS: docker_cli_cp_to_container_test.go:144: DockerSuite.TestCpToCaseB	0.569s
PASS: docker_cli_cp_to_container_test.go:165: DockerSuite.TestCpToCaseC	1.695s
PASS: docker_cli_cp_to_container_test.go:192: DockerSuite.TestCpToCaseD	3.373s
PASS: docker_cli_cp_to_container_test.go:238: DockerSuite.TestCpToCaseE	2.271s
PASS: docker_cli_cp_to_container_test.go:273: DockerSuite.TestCpToCaseF	0.598s
PASS: docker_cli_cp_to_container_test.go:296: DockerSuite.TestCpToCaseG	3.378s
PASS: docker_cli_cp_to_container_test.go:342: DockerSuite.TestCpToCaseH	2.379s
PASS: docker_cli_cp_to_container_test.go:378: DockerSuite.TestCpToCaseI	0.588s
PASS: docker_cli_cp_to_container_test.go:402: DockerSuite.TestCpToCaseJ	3.350s
PASS: docker_cli_cp_to_container_unix_test.go:17: DockerSuite.TestCpToContainerWithPermissions	4.942s
PASS: docker_cli_cp_test.go:521: DockerSuite.TestCpToDot	0.585s
PASS: docker_cli_cp_to_container_test.go:445: DockerSuite.TestCpToErrReadOnlyRootfs	1.070s
PASS: docker_cli_cp_to_container_test.go:472: DockerSuite.TestCpToErrReadOnlyVolume	1.233s
PASS: docker_cli_cp_test.go:543: DockerSuite.TestCpToStdout	0.570s
PASS: docker_cli_cp_to_container_test.go:22: DockerSuite.TestCpToSymlinkDestination	2.610s
PASS: docker_cli_cp_test.go:257: DockerSuite.TestCpToSymlinkToDirectory	0.255s
PASS: docker_cli_cp_test.go:381: DockerSuite.TestCpUnprivilegedUser	0.554s
PASS: docker_cli_cp_test.go:452: DockerSuite.TestCpVolumePath	1.093s
PASS: docker_cli_create_test.go:327: DockerSuite.TestCreate64ByteHexID	0.067s
PASS: docker_cli_create_test.go:21: DockerSuite.TestCreateArgs	0.068s
PASS: docker_cli_create_test.go:260: DockerSuite.TestCreateByImageID	1.636s
PASS: docker_cli_create_test.go:163: DockerSuite.TestCreateEchoStdout	0.531s
SKIP: docker_cli_create_test.go:59: DockerSuite.TestCreateGrowRootfs (unmatched requirement Devicemapper)
PASS: docker_cli_create_test.go:83: DockerSuite.TestCreateHostConfig	0.069s
PASS: docker_cli_create_test.go:222: DockerSuite.TestCreateHostnameWithNumber	0.486s
PASS: docker_cli_create_test.go:205: DockerSuite.TestCreateLabelFromImage	0.725s
PASS: docker_cli_create_test.go:192: DockerSuite.TestCreateLabels	0.069s
PASS: docker_cli_create_test.go:250: DockerSuite.TestCreateModeIpcContainer	0.110s
PASS: docker_cli_create_test.go:233: DockerSuite.TestCreateRM	0.174s
SKIP: docker_cli_create_test.go:73: DockerSuite.TestCreateShrinkRootfs (unmatched requirement Devicemapper)
PASS: docker_cli_create_test.go:293: DockerSuite.TestCreateStopSignal	0.069s
PASS: docker_cli_create_test.go:362: DockerSuite.TestCreateStopTimeout	0.136s
PASS: docker_cli_create_test.go:335: DockerSuite.TestCreateUnsetEntrypoint	3.719s
PASS: docker_cli_create_test.go:173: DockerSuite.TestCreateVolumesCreated	0.081s
PASS: docker_cli_create_test.go:316: DockerSuite.TestCreateWithInvalidLogOpts	0.029s
PASS: docker_cli_create_test.go:134: DockerSuite.TestCreateWithLargePortRange	2.746s
PASS: docker_cli_create_test.go:105: DockerSuite.TestCreateWithPortRange	0.069s
PASS: docker_api_containers_test.go:916: DockerSuite.TestCreateWithTooLowMemoryLimit	0.003s
PASS: docker_cli_create_test.go:302: DockerSuite.TestCreateWithWorkdir	0.068s
PASS: docker_deprecated_api_v124_test.go:70: DockerSuite.TestDeprecatedContainerAPIStartDupVolumeBinds	0.041s
PASS: docker_deprecated_api_v124_test.go:20: DockerSuite.TestDeprecatedContainerAPIStartHostConfig	0.059s
PASS: docker_deprecated_api_v124_test.go:39: DockerSuite.TestDeprecatedContainerAPIStartVolumeBinds	0.343s
PASS: docker_deprecated_api_v124_test.go:103: DockerSuite.TestDeprecatedContainerAPIStartVolumesFrom	0.919s
PASS: docker_deprecated_api_v124_test.go:136: DockerSuite.TestDeprecatedPostContainerBindNormalVolume	0.437s
PASS: docker_deprecated_api_v124_test.go:198: DockerSuite.TestDeprecatedPostContainersStartWithLinksInHostConfig	0.699s
PASS: docker_deprecated_api_v124_test.go:216: DockerSuite.TestDeprecatedPostContainersStartWithLinksInHostConfigIdLinked	1.123s
PASS: docker_deprecated_api_v124_test.go:181: DockerSuite.TestDeprecatedPostContainersStartWithoutLinksInHostConfig	0.377s
PASS: docker_deprecated_api_v124_test.go:235: DockerSuite.TestDeprecatedStartWithNilDNS	0.385s
PASS: docker_deprecated_api_v124_test.go:156: DockerSuite.TestDeprecatedStartWithTooLowMemoryLimit	0.070s
PASS: docker_cli_run_test.go:2995: DockerSuite.TestDevicePermissions	0.513s
PASS: docker_cli_run_test.go:3706: DockerSuite.TestDockerFails	0.013s
PASS: docker_cli_network_unix_test.go:449: DockerSuite.TestDockerInspectMultipleNetwork	0.020s
PASS: docker_cli_network_unix_test.go:459: DockerSuite.TestDockerInspectMultipleNetworksIncludingNonexistent	0.042s
PASS: docker_cli_network_unix_test.go:498: DockerSuite.TestDockerInspectNetworkWithContainerName	0.799s
PASS: docker_cli_network_unix_test.go:1622: DockerSuite.TestDockerNetworkConnectFailsNoInspectChange	0.594s
PASS: docker_cli_network_unix_test.go:403: DockerSuite.TestDockerNetworkDeleteMultiple	0.722s
PASS: docker_cli_network_unix_test.go:398: DockerSuite.TestDockerNetworkDeleteNotExists	0.014s
PASS: docker_cli_network_unix_test.go:427: DockerSuite.TestDockerNetworkInspect	0.024s
PASS: docker_cli_network_unix_test.go:438: DockerSuite.TestDockerNetworkInspectWithID	0.084s
PASS: docker_cli_network_unix_test.go:1637: DockerSuite.TestDockerNetworkInternalMode	5.129s
PASS: docker_cli_volume_test.go:490: DockerSuite.TestDuplicateMountpointsForVolumesFrom	2.697s
PASS: docker_cli_volume_test.go:532: DockerSuite.TestDuplicateMountpointsForVolumesFromAndBind	1.991s
PASS: docker_cli_volume_test.go:576: DockerSuite.TestDuplicateMountpointsForVolumesFromAndMounts	1.456s
PASS: docker_cli_network_unix_test.go:1614: DockerSuite.TestEmbeddedDNSInvalidInput	1.639s
PASS: docker_cli_events_test.go:479: DockerSuite.TestEventsAttach	0.620s
PASS: docker_cli_events_test.go:410: DockerSuite.TestEventsCommit	1.277s
PASS: docker_cli_events_test.go:84: DockerSuite.TestEventsContainerEvents	0.577s
PASS: docker_cli_events_test.go:103: DockerSuite.TestEventsContainerEventsAttrSort	0.539s
PASS: docker_cli_events_test.go:126: DockerSuite.TestEventsContainerEventsSinceUnixEpoch	0.558s
PASS: docker_cli_events_unix_test.go:143: DockerSuite.TestEventsContainerFilterBeforeCreate	1.325s
PASS: docker_cli_events_unix_test.go:129: DockerSuite.TestEventsContainerFilterByName	0.725s
PASS: docker_cli_events_test.go:659: DockerSuite.TestEventsContainerRestart	2.300s
PASS: docker_cli_events_unix_test.go:223: DockerSuite.TestEventsContainerWithMultiNetwork	1.832s
PASS: docker_cli_events_test.go:427: DockerSuite.TestEventsCopy	1.250s
PASS: docker_cli_events_test.go:372: DockerSuite.TestEventsFilterContainer	1.108s
PASS: docker_cli_events_test.go:649: DockerSuite.TestEventsFilterImageInContainerAction	0.367s
PASS: docker_cli_events_test.go:342: DockerSuite.TestEventsFilterImageLabels	1.141s
PASS: docker_cli_events_test.go:287: DockerSuite.TestEventsFilterImageName	0.744s
PASS: docker_cli_events_test.go:316: DockerSuite.TestEventsFilterLabels	0.771s
PASS: docker_cli_events_unix_test.go:377: DockerSuite.TestEventsFilterNetworkID	0.063s
PASS: docker_cli_events_test.go:565: DockerSuite.TestEventsFilterType	0.950s
PASS: docker_cli_events_unix_test.go:344: DockerSuite.TestEventsFilterVolumeAndNetworkType	0.072s
PASS: docker_cli_events_unix_test.go:363: DockerSuite.TestEventsFilterVolumeID	0.026s
PASS: docker_cli_events_test.go:271: DockerSuite.TestEventsFilters	1.089s
PASS: docker_cli_events_test.go:728: DockerSuite.TestEventsFormat	1.062s
PASS: docker_cli_events_test.go:761: DockerSuite.TestEventsFormatBadField	0.022s
PASS: docker_cli_events_test.go:751: DockerSuite.TestEventsFormatBadFunc	0.012s
PASS: docker_cli_events_test.go:183: DockerSuite.TestEventsImageImport	0.525s
PASS: docker_cli_events_test.go:207: DockerSuite.TestEventsImageLoad	0.217s
PASS: docker_cli_events_test.go:164: DockerSuite.TestEventsImagePull	2.297s
PASS: docker_cli_events_test.go:146: DockerSuite.TestEventsImageTag	1.030s
PASS: docker_cli_events_unix_test.go:305: DockerSuite.TestEventsImageUntagDelete	0.368s
SKIP: docker_cli_events_unix_test.go:51: DockerSuite.TestEventsOOMDisableFalse (unmatched requirement swapMemorySupport)
SKIP: docker_cli_events_unix_test.go:81: DockerSuite.TestEventsOOMDisableTrue (unmatched requirement swapMemorySupport)
PASS: docker_cli_events_test.go:246: DockerSuite.TestEventsPluginOps	4.417s
PASS: docker_cli_events_unix_test.go:24: DockerSuite.TestEventsRedirectStdout	0.556s
PASS: docker_cli_events_test.go:517: DockerSuite.TestEventsRename	0.576s
PASS: docker_cli_events_test.go:456: DockerSuite.TestEventsResize	0.586s
PASS: docker_cli_events_test.go:699: DockerSuite.TestEventsSinceInTheFuture	0.382s
PASS: docker_cli_events_test.go:619: DockerSuite.TestEventsSpecialFiltersWithExecCreate	0.513s
PASS: docker_cli_events_unix_test.go:251: DockerSuite.TestEventsStreaming	0.520s
PASS: docker_cli_events_test.go:26: DockerSuite.TestEventsTimestampFormats	2.764s
PASS: docker_cli_events_test.go:528: DockerSuite.TestEventsTop	0.606s
PASS: docker_cli_events_test.go:61: DockerSuite.TestEventsUntag	2.567s
PASS: docker_cli_events_test.go:711: DockerSuite.TestEventsUntilInThePast	0.769s
PASS: docker_cli_exec_test.go:28: DockerSuite.TestExec	0.443s
PASS: docker_api_exec_test.go:66: DockerSuite.TestExecAPICreateContainerPaused	0.379s
PASS: docker_api_exec_test.go:25: DockerSuite.TestExecAPICreateNoCmd	0.330s
PASS: docker_api_exec_test.go:43: DockerSuite.TestExecAPICreateNoValidContentType	0.371s
PASS: docker_api_exec_test.go:87: DockerSuite.TestExecAPIStart	1.084s
PASS: docker_api_exec_test.go:124: DockerSuite.TestExecAPIStartBackwardsCompatible	0.409s
PASS: docker_api_exec_test.go:114: DockerSuite.TestExecAPIStartEnsureHeaders	0.433s
PASS: docker_api_exec_test.go:196: DockerSuite.TestExecAPIStartInvalidCommand	0.435s
PASS: docker_api_exec_test.go:139: DockerSuite.TestExecAPIStartMultipleTimesError	0.459s
PASS: docker_api_exec_test.go:180: DockerSuite.TestExecAPIStartValidCommand	0.463s
PASS: docker_api_exec_test.go:149: DockerSuite.TestExecAPIStartWithDetach	0.401s
PASS: docker_cli_exec_test.go:75: DockerSuite.TestExecAfterContainerRestart	1.000s
PASS: docker_cli_exec_test.go:256: DockerSuite.TestExecCgroup	0.986s
PASS: docker_cli_exec_test.go:108: DockerSuite.TestExecEnv	0.479s
PASS: docker_cli_exec_test.go:537: DockerSuite.TestExecEnvLinksHost	0.789s
PASS: docker_cli_exec_test.go:134: DockerSuite.TestExecExitStatus	0.432s
PASS: docker_cli_exec_test.go:309: DockerSuite.TestExecInspectID	2.705s
PASS: docker_cli_exec_test.go:39: DockerSuite.TestExecInteractive	0.452s
PASS: docker_cli_exec_unix_test.go:18: DockerSuite.TestExecInteractiveStdinClose	0.433s
PASS: docker_cli_exec_test.go:493: DockerSuite.TestExecOnReadonlyContainer	0.466s
PASS: docker_cli_exec_test.go:214: DockerSuite.TestExecParseError	0.351s
PASS: docker_cli_exec_test.go:141: DockerSuite.TestExecPausedContainer	0.374s
PASS: docker_api_exec_resize_test.go:18: DockerSuite.TestExecResizeAPIHeightWidthNoInt	0.346s
PASS: docker_api_exec_resize_test.go:34: DockerSuite.TestExecResizeImmediatelyAfterExecStart	1.227s
PASS: docker_cli_exec_test.go:123: DockerSuite.TestExecSetEnv	0.479s
PASS: docker_cli_exec_test.go:513: DockerSuite.TestExecStartFails	0.474s
PASS: docker_api_exec_test.go:214: DockerSuite.TestExecStateCleanup	10.830s
PASS: docker_cli_exec_test.go:228: DockerSuite.TestExecStopNotHanging	0.569s
PASS: docker_cli_exec_unix_test.go:47: DockerSuite.TestExecTTY	0.457s
PASS: docker_cli_exec_test.go:156: DockerSuite.TestExecTTYCloseStdin	0.481s
PASS: docker_cli_exec_test.go:177: DockerSuite.TestExecTTYWithoutStdin	0.371s
PASS: docker_cli_exec_test.go:501: DockerSuite.TestExecUlimits	0.456s
SKIP: docker_cli_exec_test.go:546: DockerSuite.TestExecWindowsOpenHandles (unmatched requirement DaemonIsWindows)
SKIP: docker_cli_exec_test.go:527: DockerSuite.TestExecWindowsPathNotWiped (unmatched requirement DaemonIsWindows)
PASS: docker_cli_exec_test.go:480: DockerSuite.TestExecWithImageUser	2.381s
PASS: docker_cli_exec_unix_test.go:89: DockerSuite.TestExecWithNoTERM	0.438s
PASS: docker_cli_exec_test.go:449: DockerSuite.TestExecWithPrivileged	0.750s
PASS: docker_cli_exec_unix_test.go:77: DockerSuite.TestExecWithTERM	0.445s
PASS: docker_cli_exec_test.go:436: DockerSuite.TestExecWithUser	0.541s
PASS: docker_api_containers_test.go:190: DockerSuite.TestGetContainerStats	4.569s
PASS: docker_api_containers_test.go:338: DockerSuite.TestGetContainerStatsNoStream	4.569s
PASS: docker_api_containers_test.go:230: DockerSuite.TestGetContainerStatsRmRunning	2.348s
PASS: docker_api_containers_test.go:297: DockerSuite.TestGetContainerStatsStream	4.565s
PASS: docker_api_attach_test.go:25: DockerSuite.TestGetContainersAttachWebsocket	0.356s
PASS: docker_api_attach_test.go:89: DockerSuite.TestGetContainersWsAttachContainerNotFound	0.001s
PASS: docker_api_containers_test.go:378: DockerSuite.TestGetStoppedContainerStats	0.062s
PASS: docker_cli_health_test.go:39: DockerSuite.TestHealth	23.662s
PASS: docker_cli_history_test.go:58: DockerSuite.TestHistoryExistentImage	0.013s
PASS: docker_cli_history_test.go:86: DockerSuite.TestHistoryHumanOptionFalse	0.013s
PASS: docker_cli_history_test.go:104: DockerSuite.TestHistoryHumanOptionTrue	0.013s
PASS: docker_cli_history_test.go:67: DockerSuite.TestHistoryImageWithComment	0.828s
PASS: docker_cli_history_test.go:62: DockerSuite.TestHistoryNonExistentImage	0.013s
PASS: docker_cli_images_test.go:225: DockerSuite.TestImagesEnsureDanglingImageOnlyListedOnce	0.994s
PASS: docker_cli_images_test.go:20: DockerSuite.TestImagesEnsureImageIsListed	0.016s
PASS: docker_cli_images_test.go:44: DockerSuite.TestImagesEnsureImageWithBadTagIsNotListed	0.015s
PASS: docker_cli_images_test.go:25: DockerSuite.TestImagesEnsureImageWithTagIsListed	0.076s
PASS: docker_cli_images_test.go:299: DockerSuite.TestImagesEnsureImagesFromBusyboxShown	0.822s
PASS: docker_cli_images_test.go:282: DockerSuite.TestImagesEnsureImagesFromScratchShown	0.981s
PASS: docker_cli_images_test.go:259: DockerSuite.TestImagesEnsureOnlyHeadsImagesShown	1.997s
PASS: docker_cli_images_test.go:69: DockerSuite.TestImagesErrorWithInvalidFilterNameTest	0.013s
PASS: docker_cli_images_test.go:75: DockerSuite.TestImagesFilterLabelMatch	2.987s
PASS: docker_cli_images_test.go:314: DockerSuite.TestImagesFilterNameWithPort	0.058s
PASS: docker_cli_images_test.go:115: DockerSuite.TestImagesFilterSinceAndBefore	2.985s
PASS: docker_cli_images_test.go:185: DockerSuite.TestImagesFilterSpaceTrimCase	0.648s
PASS: docker_cli_images_test.go:327: DockerSuite.TestImagesFormat	0.055s
PASS: docker_cli_images_test.go:343: DockerSuite.TestImagesFormatDefaultFormat	1.116s
PASS: docker_cli_images_test.go:49: DockerSuite.TestImagesOrderedByCreationDate	5.004s
PASS: docker_cli_images_test.go:253: DockerSuite.TestImagesWithIncorrectFilter	0.013s
PASS: docker_cli_import_test.go:36: DockerSuite.TestImportBadURL	0.102s
PASS: docker_cli_import_test.go:18: DockerSuite.TestImportDisplay	1.092s
PASS: docker_cli_import_test.go:47: DockerSuite.TestImportFile	1.197s
PASS: docker_cli_import_test.go:122: DockerSuite.TestImportFileNonExistentFile	0.014s
PASS: docker_cli_import_test.go:91: DockerSuite.TestImportFileWithMessage	1.204s
PASS: docker_cli_import_test.go:68: DockerSuite.TestImportGzipped	1.259s
PASS: docker_cli_import_test.go:127: DockerSuite.TestImportWithQuotedChanges	1.197s
PASS: docker_cli_info_test.go:177: DockerSuite.TestInfoDebug	0.533s
PASS: docker_cli_info_test.go:106: DockerSuite.TestInfoDiscoveryAdvertiseInterfaceName	0.925s
PASS: docker_cli_info_test.go:72: DockerSuite.TestInfoDiscoveryBackend	0.533s
PASS: docker_cli_info_test.go:89: DockerSuite.TestInfoDiscoveryInvalidAdvertise	0.093s
PASS: docker_cli_info_test.go:143: DockerSuite.TestInfoDisplaysPausedContainers	0.402s
PASS: docker_cli_info_test.go:130: DockerSuite.TestInfoDisplaysRunningContainers	0.376s
PASS: docker_cli_info_test.go:160: DockerSuite.TestInfoDisplaysStoppedContainers	0.573s
PASS: docker_cli_info_test.go:16: DockerSuite.TestInfoEnsureSucceeds	0.024s
PASS: docker_cli_info_test.go:60: DockerSuite.TestInfoFormat	0.041s
PASS: docker_cli_info_unix_test.go:10: DockerSuite.TestInfoSecurityOptions	0.020s
PASS: docker_cli_info_test.go:195: DockerSuite.TestInsecureRegistries	0.533s
PASS: docker_api_inspect_test.go:147: DockerSuite.TestInspectAPIBridgeNetworkSettings120	0.356s
PASS: docker_api_inspect_test.go:164: DockerSuite.TestInspectAPIBridgeNetworkSettings121	0.362s
PASS: docker_api_inspect_test.go:17: DockerSuite.TestInspectAPIContainerResponse	0.349s
PASS: docker_api_inspect_test.go:84: DockerSuite.TestInspectAPIContainerVolumeDriver	0.335s
PASS: docker_api_inspect_test.go:61: DockerSuite.TestInspectAPIContainerVolumeDriverLegacy	0.365s
PASS: docker_api_inspect_test.go:123: DockerSuite.TestInspectAPIEmptyFieldsInConfigPre121	0.339s
PASS: docker_api_inspect_test.go:108: DockerSuite.TestInspectAPIImageResponse	0.020s
PASS: docker_cli_network_unix_test.go:1035: DockerSuite.TestInspectAPIMultipleNetworks	0.609s
PASS: docker_cli_inspect_test.go:413: DockerSuite.TestInspectAmpersand	0.507s
PASS: docker_cli_inspect_test.go:206: DockerSuite.TestInspectBindMountPoint	0.376s
PASS: docker_cli_inspect_test.go:341: DockerSuite.TestInspectByPrefix	0.042s
PASS: docker_cli_inspect_test.go:141: DockerSuite.TestInspectContainerFilterInt	0.392s
SKIP: docker_cli_inspect_test.go:181: DockerSuite.TestInspectContainerGraphDriver (unmatched requirement Devicemapper)
PASS: docker_cli_inspect_test.go:391: DockerSuite.TestInspectContainerNetworkCustom	0.466s
PASS: docker_cli_inspect_test.go:379: DockerSuite.TestInspectContainerNetworkDefault	0.391s
PASS: docker_cli_inspect_test.go:44: DockerSuite.TestInspectDefault	0.371s
PASS: docker_cli_inspect_test.go:371: DockerSuite.TestInspectHistory	1.115s
PASS: docker_cli_inspect_test.go:24: DockerSuite.TestInspectImage	0.015s
PASS: docker_cli_inspect_test.go:125: DockerSuite.TestInspectImageFilterInt	0.025s
SKIP: docker_cli_inspect_test.go:163: DockerSuite.TestInspectImageGraphDriver (unmatched requirement Devicemapper)
PASS: docker_cli_inspect_test.go:38: DockerSuite.TestInspectInt64	0.391s
PASS: docker_cli_inspect_test.go:333: DockerSuite.TestInspectJSONFields	0.355s
PASS: docker_cli_inspect_test.go:283: DockerSuite.TestInspectLogConfigNoType	0.077s
PASS: docker_cli_inspect_test.go:238: DockerSuite.TestInspectNamedMountPoint	0.398s
PASS: docker_cli_inspect_test.go:296: DockerSuite.TestInspectNoSizeFlagContainer	0.356s
PASS: docker_cli_inspect_test.go:423: DockerSuite.TestInspectPlugin	4.533s
PASS: docker_cli_inspect_test.go:402: DockerSuite.TestInspectRootFS	0.014s
PASS: docker_cli_inspect_test.go:308: DockerSuite.TestInspectSizeFlagContainer	0.367s
PASS: docker_cli_inspect_test.go:55: DockerSuite.TestInspectStatus	0.651s
PASS: docker_cli_inspect_test.go:352: DockerSuite.TestInspectStopWhenNotFound	0.701s
PASS: docker_cli_inspect_test.go:319: DockerSuite.TestInspectTemplateError	0.382s
PASS: docker_cli_inspect_test.go:262: DockerSuite.TestInspectTimesAsRFC3339Nano	0.556s
PASS: docker_cli_inspect_test.go:80: DockerSuite.TestInspectTypeFlagContainer	0.345s
PASS: docker_cli_inspect_test.go:102: DockerSuite.TestInspectTypeFlagWithImage	0.355s
PASS: docker_cli_inspect_test.go:113: DockerSuite.TestInspectTypeFlagWithInvalidValue	0.352s
PASS: docker_cli_inspect_test.go:90: DockerSuite.TestInspectTypeFlagWithNoContainer	0.358s
PASS: docker_cli_inspect_test.go:454: DockerSuite.TestInspectUnknownObject	0.030s
PASS: docker_cli_run_unix_test.go:1157: DockerSuite.TestLegacyRunNoNewPrivSetuid	6.509s
PASS: docker_cli_links_test.go:200: DockerSuite.TestLinkShortDefinition	0.749s
PASS: docker_cli_links_test.go:191: DockerSuite.TestLinksEnvs	0.919s
PASS: docker_cli_links_test.go:227: DockerSuite.TestLinksEtcHostsRegularFile	0.326s
PASS: docker_cli_links_test.go:140: DockerSuite.TestLinksHostsFilesInject	0.923s
PASS: docker_cli_links_test.go:93: DockerSuite.TestLinksInspectLinksStarted	1.044s
PASS: docker_cli_links_test.go:112: DockerSuite.TestLinksInspectLinksStopped	1.082s
PASS: docker_cli_links_test.go:24: DockerSuite.TestLinksInvalidContainerTarget	0.062s
PASS: docker_cli_links_test.go:234: DockerSuite.TestLinksMultipleWithSameName	1.199s
PASS: docker_cli_links_test.go:216: DockerSuite.TestLinksNetworkHostContainer	0.312s
PASS: docker_cli_links_test.go:132: DockerSuite.TestLinksNotStartedParentNotFail	0.410s
PASS: docker_cli_links_test.go:36: DockerSuite.TestLinksPingLinkedContainers	8.562s
PASS: docker_cli_links_test.go:80: DockerSuite.TestLinksPingLinkedContainersAfterRename	1.644s
PASS: docker_cli_exec_test.go:379: DockerSuite.TestLinksPingLinkedContainersOnRename	0.903s
PASS: docker_cli_links_test.go:15: DockerSuite.TestLinksPingUnlinkedContainers	0.546s
PASS: docker_cli_links_test.go:158: DockerSuite.TestLinksUpdateOnRestart	1.473s
PASS: docker_cli_save_load_unix_test.go:91: DockerSuite.TestLoadNoStdinFail	0.021s
PASS: docker_cli_save_load_test.go:332: DockerSuite.TestLoadZeroSizeLayer	0.318s
PASS: docker_cli_login_test.go:11: DockerSuite.TestLoginWithoutTTY	0.020s
PASS: docker_api_logs_test.go:87: DockerSuite.TestLogsAPIContainerNotFound	0.001s
PASS: docker_api_logs_test.go:72: DockerSuite.TestLogsAPIFollowEmptyOutput	0.343s
PASS: docker_api_logs_test.go:59: DockerSuite.TestLogsAPINoStdoutNorStderr	0.349s
PASS: docker_api_logs_test.go:151: DockerSuite.TestLogsAPIUntil	4.168s
PASS: docker_api_logs_test.go:189: DockerSuite.TestLogsAPIUntilDefaultValue	0.526s
PASS: docker_api_logs_test.go:94: DockerSuite.TestLogsAPIUntilFutureFollow	4.342s
PASS: docker_api_logs_test.go:23: DockerSuite.TestLogsAPIWithStdout	0.346s
PASS: docker_cli_logs_test.go:318: DockerSuite.TestLogsCLIContainerNotFound	0.013s
PASS: docker_cli_logs_test.go:24: DockerSuite.TestLogsContainerBiggerThanPage	0.781s
PASS: docker_cli_logs_test.go:29: DockerSuite.TestLogsContainerMuchBiggerThanPage	0.797s
PASS: docker_cli_logs_test.go:19: DockerSuite.TestLogsContainerSmallerThanPage	0.807s
PASS: docker_cli_logs_test.go:300: DockerSuite.TestLogsFollowGoroutinesNoOutput	0.782s
PASS: docker_cli_logs_test.go:272: DockerSuite.TestLogsFollowGoroutinesWithStdout	0.619s
PASS: docker_cli_logs_test.go:214: DockerSuite.TestLogsFollowSlowStdoutConsumer	2.134s
PASS: docker_cli_logs_test.go:124: DockerSuite.TestLogsFollowStopped	0.562s
PASS: docker_cli_logs_test.go:66: DockerSuite.TestLogsSeparateStderr	0.542s
PASS: docker_cli_logs_test.go:145: DockerSuite.TestLogsSince	6.593s
PASS: docker_cli_logs_test.go:180: DockerSuite.TestLogsSinceFutureFollow	5.384s
PASS: docker_cli_logs_test.go:77: DockerSuite.TestLogsStderrInStdout	0.530s
PASS: docker_cli_logs_test.go:92: DockerSuite.TestLogsTail	0.609s
PASS: docker_cli_logs_test.go:41: DockerSuite.TestLogsTimestamps	0.534s
PASS: docker_cli_logs_test.go:325: DockerSuite.TestLogsWithDetails	0.508s
PASS: docker_cli_run_test.go:2909: DockerSuite.TestMountIntoProc	0.266s
PASS: docker_cli_run_test.go:2918: DockerSuite.TestMountIntoSys	0.502s
PASS: docker_cli_netmode_test.go:33: DockerSuite.TestNetHostname	1.551s
PASS: docker_cli_netmode_test.go:26: DockerSuite.TestNetHostnameWithNetHost	0.321s
PASS: docker_cli_events_unix_test.go:196: DockerSuite.TestNetworkEvents	0.721s
PASS: docker_cli_run_test.go:3513: DockerSuite.TestNetworkRmWithActiveContainers	1.070s
PASS: docker_cli_run_test.go:2695: DockerSuite.TestPermissionsPtsReadonlyRootfs	0.527s
PASS: docker_cli_plugins_test.go:76: DockerSuite.TestPluginActive	4.419s
PASS: docker_cli_plugins_test.go:99: DockerSuite.TestPluginActiveNetwork	9.734s
SKIP: docker_cli_plugins_test.go:344: DockerSuite.TestPluginInspectOnWindows (unmatched requirement DaemonIsWindows)
PASS: docker_cli_plugins_test.go:150: DockerSuite.TestPluginInstallDisableVolumeLs	3.647s
PASS: docker_cli_plugins_logdriver_test.go:12: DockerSuite.TestPluginLogDriver	4.974s
PASS: docker_cli_plugins_logdriver_test.go:32: DockerSuite.TestPluginLogDriverInfoList	3.843s
PASS: docker_cli_plugins_test.go:474: DockerSuite.TestPluginMetricsCollector	4.817s
PASS: docker_cli_plugins_test.go:442: DockerSuite.TestPluginUpgrade	9.210s
PASS: docker_cli_port_test.go:329: DockerSuite.TestPortBindingOnSandbox	1.266s
PASS: docker_cli_port_test.go:307: DockerSuite.TestPortExposeHostBinding	1.134s
PASS: docker_cli_port_test.go:285: DockerSuite.TestPortHostBinding	1.174s
PASS: docker_cli_port_test.go:15: DockerSuite.TestPortList	6.905s
PASS: docker_api_containers_test.go:1325: DockerSuite.TestPostContainerAPICreateWithStringOrSliceEntrypoint	0.998s
PASS: docker_api_attach_test.go:99: DockerSuite.TestPostContainersAttach	5.390s
PASS: docker_api_attach_test.go:78: DockerSuite.TestPostContainersAttachContainerNotFound	0.001s
PASS: docker_api_containers_test.go:1589: DockerSuite.TestPostContainersCreateMemorySwappinessHostConfigOmitted	0.050s
PASS: docker_api_containers_test.go:1503: DockerSuite.TestPostContainersCreateShmSizeHostConfigOmitted	0.510s
PASS: docker_api_containers_test.go:1485: DockerSuite.TestPostContainersCreateShmSizeNegative	0.003s
PASS: docker_api_containers_test.go:1531: DockerSuite.TestPostContainersCreateShmSizeOmitted	0.515s
PASS: docker_api_containers_test.go:1614: DockerSuite.TestPostContainersCreateWithOomScoreAdjInvalidRange	0.004s
PASS: docker_api_containers_test.go:1558: DockerSuite.TestPostContainersCreateWithShmSize	0.525s
PASS: docker_api_containers_test.go:1380: DockerSuite.TestPostContainersCreateWithStringOrSliceCapAddDrop	0.085s
PASS: docker_api_containers_test.go:1353: DockerSuite.TestPostContainersCreateWithStringOrSliceCmd	1.046s
PASS: docker_api_containers_test.go:1452: DockerSuite.TestPostContainersCreateWithWrongCpusetValues	0.010s
PASS: docker_cli_prune_unix_test.go:133: DockerSuite.TestPruneContainerLabel	2.457s
PASS: docker_cli_prune_unix_test.go:113: DockerSuite.TestPruneContainerUntil	1.096s
PASS: docker_cli_prune_unix_test.go:249: DockerSuite.TestPruneNetworkLabel	0.334s
PASS: docker_cli_prune_unix_test.go:191: DockerSuite.TestPruneVolumeLabel	0.140s
PASS: docker_cli_ps_test.go:794: DockerSuite.TestPsByOrder	1.361s
PASS: docker_cli_ps_test.go:547: DockerSuite.TestPsImageIDAfterUpdate	1.045s
PASS: docker_cli_ps_test.go:19: DockerSuite.TestPsListContainersBase	1.687s
PASS: docker_cli_ps_test.go:306: DockerSuite.TestPsListContainersFilterAncestorImage	5.252s
PASS: docker_cli_ps_test.go:516: DockerSuite.TestPsListContainersFilterCreated	0.090s
PASS: docker_cli_ps_test.go:437: DockerSuite.TestPsListContainersFilterExited	2.454s
PASS: docker_cli_ps_test.go:227: DockerSuite.TestPsListContainersFilterHealth	5.989s
PASS: docker_cli_ps_test.go:270: DockerSuite.TestPsListContainersFilterID	0.764s
PASS: docker_cli_ps_test.go:401: DockerSuite.TestPsListContainersFilterLabel	1.639s
PASS: docker_cli_ps_test.go:284: DockerSuite.TestPsListContainersFilterName	0.880s
PASS: docker_cli_ps_test.go:714: DockerSuite.TestPsListContainersFilterNetwork	0.745s
PASS: docker_cli_ps_test.go:813: DockerSuite.TestPsListContainersFilterPorts	0.757s
PASS: docker_cli_ps_test.go:180: DockerSuite.TestPsListContainersFilterStatus	1.298s
PASS: docker_cli_ps_test.go:140: DockerSuite.TestPsListContainersSize	1.130s
PASS: docker_cli_ps_test.go:849: DockerSuite.TestPsNotShowLinknamesOfDeletedContainer	0.186s
PASS: docker_cli_ps_test.go:596: DockerSuite.TestPsNotShowPortsOfStoppedContainer	0.598s
PASS: docker_cli_ps_test.go:470: DockerSuite.TestPsRightTagName	1.061s
PASS: docker_cli_ps_test.go:614: DockerSuite.TestPsShowMounts	1.167s
PASS: docker_cli_run_test.go:3144: DockerSuite.TestPtraceContainerProcsFromHost	0.371s
SKIP: docker_cli_pull_test.go:263: DockerSuite.TestPullLinuxImageFailsOnWindows (unmatched requirement DaemonIsWindows)
PASS: docker_cli_pull_test.go:270: DockerSuite.TestPullWindowsImageFailsOnLinux	1.939s
PASS: docker_cli_push_test.go:291: DockerSuite.TestPushToCentralRegistryUnauthorized	1.387s
PASS: docker_cli_push_test.go:38: DockerSuite.TestPushUnprefixedRepo	0.987s
PASS: docker_api_containers_test.go:1425: DockerSuite.TestPutContainerArchiveErrSymlinkInVolumeToReadOnlyRootfs	0.632s
PASS: docker_cli_restart_test.go:297: DockerSuite.TestRestartAutoRemoveContainer	1.117s
PASS: docker_cli_restart_test.go:166: DockerSuite.TestRestartContainerSuccess	0.885s
PASS: docker_cli_restart_test.go:151: DockerSuite.TestRestartContainerwithGoodContainer	0.553s
PASS: docker_cli_restart_test.go:266: DockerSuite.TestRestartContainerwithRestartPolicy	5.897s
PASS: docker_cli_restart_test.go:78: DockerSuite.TestRestartDisconnectedContainer	0.889s
PASS: docker_cli_restart_test.go:236: DockerSuite.TestRestartPolicyAfterRestart	1.440s
PASS: docker_cli_restart_test.go:103: DockerSuite.TestRestartPolicyAlways	0.088s
PASS: docker_cli_restart_test.go:95: DockerSuite.TestRestartPolicyNO	0.070s
PASS: docker_cli_restart_test.go:116: DockerSuite.TestRestartPolicyOnFailure	0.254s
PASS: docker_cli_restart_test.go:30: DockerSuite.TestRestartRunningContainer	1.941s
PASS: docker_cli_restart_test.go:13: DockerSuite.TestRestartStoppedContainer	1.053s
PASS: docker_cli_restart_test.go:192: DockerSuite.TestRestartWithPolicyUserDefinedNetwork	1.856s
PASS: docker_cli_restart_test.go:53: DockerSuite.TestRestartWithVolumes	0.902s
PASS: docker_cli_rmi_test.go:217: DockerSuite.TestRmiBlank	0.017s
PASS: docker_cli_rmi_test.go:327: DockerSuite.TestRmiByIDHardConflict	0.104s
PASS: docker_cli_rmi_test.go:227: DockerSuite.TestRmiContainerImageNotFound	4.604s
PASS: docker_cli_rmi_test.go:171: DockerSuite.TestRmiForceWithExistingContainers	1.407s
PASS: docker_cli_rmi_test.go:199: DockerSuite.TestRmiForceWithMultipleRepositories	0.518s
PASS: docker_cli_rmi_test.go:144: DockerSuite.TestRmiImageIDForceWithRunningContainersAndMultipleTags	1.318s
PASS: docker_cli_rmi_test.go:106: DockerSuite.TestRmiImgIDForce	1.546s
PASS: docker_cli_rmi_test.go:65: DockerSuite.TestRmiImgIDMultipleTag	1.455s
PASS: docker_cli_rmi_test.go:297: DockerSuite.TestRmiParentImageFail	1.335s
PASS: docker_cli_rmi_test.go:37: DockerSuite.TestRmiTag	0.177s
PASS: docker_cli_rmi_test.go:159: DockerSuite.TestRmiTagWithExistingContainers	0.530s
PASS: docker_cli_rmi_test.go:253: DockerSuite.TestRmiUntagHistoryLayer	4.284s
PASS: docker_cli_rmi_test.go:16: DockerSuite.TestRmiWithContainerFails	0.386s
PASS: docker_cli_rmi_test.go:185: DockerSuite.TestRmiWithMultipleRepositories	1.174s
PASS: docker_cli_rmi_test.go:310: DockerSuite.TestRmiWithParentInUse	1.963s
PASS: docker_cli_run_test.go:4522: DockerSuite.TestRunAddDeviceCgroupRule	1.057s
PASS: docker_cli_run_test.go:1580: DockerSuite.TestRunAddHost	0.481s
PASS: docker_cli_run_test.go:4039: DockerSuite.TestRunAddHostInHostMode	0.338s
PASS: docker_cli_run_test.go:1172: DockerSuite.TestRunAddingOptionalDevices	0.502s
PASS: docker_cli_run_test.go:1190: DockerSuite.TestRunAddingOptionalDevicesInvalidMode	0.013s
PASS: docker_cli_run_test.go:1181: DockerSuite.TestRunAddingOptionalDevicesNoSrc	0.553s
PASS: docker_cli_run_test.go:2061: DockerSuite.TestRunAllocatePortInReservedRange	0.735s
PASS: docker_cli_run_test.go:1231: DockerSuite.TestRunAllowBindMountingRoot	0.525s
PASS: docker_cli_run_test.go:2266: DockerSuite.TestRunAllowPortRangeThroughExpose	0.391s
PASS: docker_cli_run_test.go:2624: DockerSuite.TestRunAllowPortRangeThroughPublish	0.393s
PASS: docker_cli_run_unix_test.go:1329: DockerSuite.TestRunApparmorProcDirectory	0.968s
PASS: docker_cli_run_test.go:573: DockerSuite.TestRunApplyVolumesFromBeforeVolumes	1.050s
PASS: docker_cli_run_unix_test.go:97: DockerSuite.TestRunAttachDetach	0.503s
PASS: docker_cli_run_unix_test.go:242: DockerSuite.TestRunAttachDetachFromConfig	0.490s
PASS: docker_cli_run_unix_test.go:148: DockerSuite.TestRunAttachDetachFromFlag	0.476s
PASS: docker_cli_run_unix_test.go:209: DockerSuite.TestRunAttachDetachFromInvalidFlag	0.383s
PASS: docker_cli_run_unix_test.go:325: DockerSuite.TestRunAttachDetachKeysOverrideConfig	0.466s
PASS: docker_cli_run_test.go:3920: DockerSuite.TestRunAttachFailedNoLeak	0.759s
PASS: docker_cli_run_unix_test.go:407: DockerSuite.TestRunAttachInvalidDetachKeySequencePreserved	0.665s
PASS: docker_cli_run_test.go:1592: DockerSuite.TestRunAttachStdErrOnlyTTYMode	0.540s
PASS: docker_cli_run_test.go:1608: DockerSuite.TestRunAttachStdOutAndErrTTYMode	0.531s
PASS: docker_cli_run_test.go:1600: DockerSuite.TestRunAttachStdOutOnlyTTYMode	0.511s
PASS: docker_cli_run_test.go:1617: DockerSuite.TestRunAttachWithDetach	0.014s
PASS: docker_cli_run_test.go:1882: DockerSuite.TestRunBindMounts	1.633s
PASS: docker_cli_run_test.go:1053: DockerSuite.TestRunCapAddALLCanDownInterface	0.512s
PASS: docker_cli_run_test.go:1063: DockerSuite.TestRunCapAddALLDropNetAdminCanDownInterface	0.525s
PASS: docker_cli_run_test.go:3008: DockerSuite.TestRunCapAddCHOWN	0.528s
PASS: docker_cli_run_test.go:1043: DockerSuite.TestRunCapAddCanDownInterface	0.512s
PASS: docker_cli_run_test.go:1034: DockerSuite.TestRunCapAddInvalid	0.123s
PASS: docker_cli_run_test.go:3194: DockerSuite.TestRunCapAddSYSTIME	0.495s
PASS: docker_cli_run_test.go:1024: DockerSuite.TestRunCapDropALLAddMknodCanMknod	0.512s
PASS: docker_cli_run_test.go:1012: DockerSuite.TestRunCapDropALLCannotMknod	0.539s
PASS: docker_cli_run_test.go:986: DockerSuite.TestRunCapDropCannotMknod	0.531s
PASS: docker_cli_run_test.go:999: DockerSuite.TestRunCapDropCannotMknodLowerCase	0.522s
PASS: docker_cli_run_test.go:977: DockerSuite.TestRunCapDropInvalid	0.123s
PASS: docker_cli_run_test.go:1964: DockerSuite.TestRunCidFileCheckIDLength	0.341s
PASS: docker_cli_run_test.go:1933: DockerSuite.TestRunCidFileCleanupIfEmpty	0.017s
PASS: docker_cli_run_test.go:1695: DockerSuite.TestRunCleanupCmdOnEntrypoint	2.250s
PASS: docker_cli_run_test.go:3336: DockerSuite.TestRunContainerNetModeWithDNSMacHosts	0.398s
PASS: docker_cli_run_test.go:3360: DockerSuite.TestRunContainerNetModeWithExposePort	0.382s
PASS: docker_cli_run_test.go:922: DockerSuite.TestRunContainerNetwork	0.536s
PASS: docker_cli_run_test.go:3327: DockerSuite.TestRunContainerNetworkModeToSelf	0.076s
PASS: docker_cli_run_test.go:3311: DockerSuite.TestRunContainerWithCgroupMountRO	0.509s
PASS: docker_cli_run_test.go:3237: DockerSuite.TestRunContainerWithCgroupParent	1.072s
PASS: docker_cli_run_test.go:2734: DockerSuite.TestRunContainerWithReadonlyEtcHostsAndLinkedContainer	0.869s
PASS: docker_cli_run_test.go:2683: DockerSuite.TestRunContainerWithReadonlyRootfs	1.016s
PASS: docker_cli_run_test.go:2756: DockerSuite.TestRunContainerWithReadonlyRootfsWithAddHostFlag	0.540s
PASS: docker_cli_run_test.go:2746: DockerSuite.TestRunContainerWithReadonlyRootfsWithDNSFlag	0.527s
PASS: docker_cli_run_test.go:2793: DockerSuite.TestRunContainerWithRmFlagCannotStartContainer	0.493s
PASS: docker_cli_run_test.go:2779: DockerSuite.TestRunContainerWithRmFlagExitCodeNotEqualToZero	0.546s
PASS: docker_cli_run_test.go:2679: DockerSuite.TestRunContainerWithWritableRootfs	0.536s
PASS: docker_cli_run_test.go:1680: DockerSuite.TestRunCopyVolumeContent	1.606s
PASS: docker_cli_run_test.go:1662: DockerSuite.TestRunCopyVolumeUIDGID	3.995s
PASS: docker_cli_run_test.go:3202: DockerSuite.TestRunCreateContainerFailedCleanUp	0.092s
PASS: docker_cli_run_test.go:612: DockerSuite.TestRunCreateVolume	0.523s
PASS: docker_cli_run_test.go:2153: DockerSuite.TestRunCreateVolumeEtc	1.549s
PASS: docker_cli_run_test.go:622: DockerSuite.TestRunCreateVolumeWithSymlink	1.731s
PASS: docker_cli_run_test.go:378: DockerSuite.TestRunCreateVolumesInSymlinkDir	2.953s
PASS: docker_cli_run_test.go:422: DockerSuite.TestRunCreateVolumesInSymlinkDir2	2.938s
SKIP: docker_cli_run_test.go:4146: DockerSuite.TestRunCredentialSpecFailures (unmatched requirement DaemonIsWindows)
SKIP: docker_cli_run_test.go:4166: DockerSuite.TestRunCredentialSpecWellFormed (unmatched requirement DaemonIsWindows)
PASS: docker_cli_run_test.go:1254: DockerSuite.TestRunDNSDefaultOptions	0.552s
PASS: docker_cli_run_test.go:4004: DockerSuite.TestRunDNSInHostMode	1.612s
PASS: docker_cli_run_test.go:1288: DockerSuite.TestRunDNSOptions	1.044s
PASS: docker_cli_run_test.go:1322: DockerSuite.TestRunDNSOptionsBasedOnHostResolvConf	1.602s
PASS: docker_cli_run_test.go:1312: DockerSuite.TestRunDNSRepeatOptions	0.519s
PASS: docker_cli_run_test.go:2026: DockerSuite.TestRunDeallocatePortOnMissingIptablesRule	0.937s
PASS: docker_cli_run_test.go:121: DockerSuite.TestRunDetachedContainerIDPrinting	0.561s
SKIP: docker_cli_run_unix_test.go:83: DockerSuite.TestRunDeviceDirectory (Host does not have /dev/snd)
PASS: docker_cli_run_test.go:1141: DockerSuite.TestRunDeviceNumbers	0.523s
PASS: docker_cli_run_unix_test.go:1357: DockerSuite.TestRunDeviceSymlink	1.173s
PASS: docker_cli_run_test.go:1240: DockerSuite.TestRunDisallowBindMountingRootToRoot	0.062s
PASS: docker_cli_run_test.go:4173: DockerSuite.TestRunDuplicateMount	0.535s
PASS: docker_cli_run_test.go:51: DockerSuite.TestRunEchoNamedContainer	0.519s
PASS: docker_cli_run_test.go:43: DockerSuite.TestRunEchoStdout	0.555s
PASS: docker_cli_run_unix_test.go:538: DockerSuite.TestRunEchoStdoutWithCPUSharesAndMemoryLimit	0.563s
PASS: docker_cli_run_test.go:4259: DockerSuite.TestRunEmptyEnv	0.042s
PASS: docker_cli_run_test.go:1871: DockerSuite.TestRunEntrypoint	0.483s
PASS: docker_cli_run_test.go:817: DockerSuite.TestRunEnvironment	0.531s
PASS: docker_cli_run_test.go:856: DockerSuite.TestRunEnvironmentErase	0.499s
PASS: docker_cli_run_test.go:889: DockerSuite.TestRunEnvironmentOverride	0.519s
PASS: docker_cli_run_test.go:699: DockerSuite.TestRunExitCode	0.528s
PASS: docker_cli_run_test.go:90: DockerSuite.TestRunExitCodeOne	0.520s
PASS: docker_cli_run_test.go:85: DockerSuite.TestRunExitCodeZero	0.519s
PASS: docker_cli_run_test.go:1734: DockerSuite.TestRunExitOnStdinClose	0.548s
PASS: docker_cli_run_test.go:2289: DockerSuite.TestRunExposePort	0.020s
PASS: docker_cli_run_test.go:948: DockerSuite.TestRunFullHostnameSet	0.518s
PASS: docker_cli_run_test.go:1075: DockerSuite.TestRunGroupAdd	0.507s
PASS: docker_cli_run_test.go:4501: DockerSuite.TestRunHostnameFQDN	1.049s
PASS: docker_cli_run_test.go:4514: DockerSuite.TestRunHostnameInHostMode	0.318s
SKIP: docker_cli_run_test.go:4242: DockerSuite.TestRunHypervIsolationWithCPUCountCPUSharesAndCPUPercent (unmatched requirement DaemonIsWindows)
PASS: docker_cli_run_test.go:3726: DockerSuite.TestRunInitLayerPathOwnership	3.664s
PASS: docker_cli_run_test.go:2004: DockerSuite.TestRunInspectMacAddress	0.382s
PASS: docker_cli_run_test.go:1791: DockerSuite.TestRunInteractiveWithRestartPolicy	11.061s
PASS: docker_cli_run_unix_test.go:767: DockerSuite.TestRunInvalidCPUShares	0.658s
PASS: docker_cli_run_test.go:3272: DockerSuite.TestRunInvalidCgroupParent	1.062s
PASS: docker_cli_run_unix_test.go:729: DockerSuite.TestRunInvalidCpusetCpusFlagValue	0.025s
PASS: docker_cli_run_unix_test.go:748: DockerSuite.TestRunInvalidCpusetMemsFlagValue	0.017s
PASS: docker_cli_run_test.go:3714: DockerSuite.TestRunInvalidReference	0.013s
PASS: docker_cli_run_test.go:60: DockerSuite.TestRunLeakyFileDescriptors	0.494s
PASS: docker_cli_run_test.go:3381: DockerSuite.TestRunLinkToContainerNetMode	1.477s
PASS: docker_cli_run_test.go:193: DockerSuite.TestRunLinksContainerWithContainerID	0.874s
PASS: docker_cli_run_test.go:178: DockerSuite.TestRunLinksContainerWithContainerName	0.905s
PASS: docker_cli_run_test.go:72: DockerSuite.TestRunLookupGoogleDNS	0.966s
PASS: docker_cli_run_test.go:3391: DockerSuite.TestRunLoopbackOnlyExistsWhenNetworkingDisabled	0.431s
PASS: docker_cli_run_test.go:3417: DockerSuite.TestRunLoopbackWhenNetworkDisabled	0.427s
PASS: docker_cli_run_test.go:1199: DockerSuite.TestRunModeHostname	0.871s
PASS: docker_cli_run_test.go:2317: DockerSuite.TestRunModeIpcContainerNotExists	0.018s
PASS: docker_cli_run_test.go:2326: DockerSuite.TestRunModeIpcContainerNotRunning	0.177s
PASS: docker_cli_run_test.go:2295: DockerSuite.TestRunModeIpcHost	1.037s
PASS: docker_cli_run_test.go:3425: DockerSuite.TestRunModeNetContainerHostname	0.777s
PASS: docker_cli_run_test.go:2339: DockerSuite.TestRunModePIDContainer	0.871s
PASS: docker_cli_run_test.go:2364: DockerSuite.TestRunModePIDContainerNotExists	0.020s
PASS: docker_cli_run_test.go:2373: DockerSuite.TestRunModePIDContainerNotRunning	0.184s
PASS: docker_cli_run_test.go:2431: DockerSuite.TestRunModePIDHost	1.055s
PASS: docker_cli_run_test.go:2453: DockerSuite.TestRunModeUTSHost	1.040s
PASS: docker_cli_run_test.go:4321: DockerSuite.TestRunMount	5.212s
PASS: docker_cli_run_test.go:2082: DockerSuite.TestRunMountOrdering	0.507s
PASS: docker_cli_run_test.go:4309: DockerSuite.TestRunMountReadOnlyDevShm	0.552s
PASS: docker_cli_run_test.go:2386: DockerSuite.TestRunMountShmMqueueFromHost	0.862s
PASS: docker_cli_run_test.go:582: DockerSuite.TestRunMultipleVolumesFrom	1.523s
PASS: docker_cli_exec_test.go:395: DockerSuite.TestRunMutableNetworkFiles	2.239s
PASS: docker_cli_run_test.go:3214: DockerSuite.TestRunNamedVolume	1.594s
PASS: docker_cli_run_test.go:3858: DockerSuite.TestRunNamedVolumeCopyImageData	1.893s
PASS: docker_cli_run_test.go:3872: DockerSuite.TestRunNamedVolumeNotRemoved	1.160s
PASS: docker_cli_run_test.go:3889: DockerSuite.TestRunNamedVolumesFromNotRemoved	1.055s
PASS: docker_cli_run_test.go:3851: DockerSuite.TestRunNamedVolumesMountedAsShared	0.060s
PASS: docker_cli_run_test.go:2606: DockerSuite.TestRunNetContainerWhichHost	0.518s
PASS: docker_cli_run_test.go:2575: DockerSuite.TestRunNetHost	0.844s
PASS: docker_cli_run_test.go:931: DockerSuite.TestRunNetHostNotAllowedWithLinks	0.536s
PASS: docker_cli_run_test.go:2597: DockerSuite.TestRunNetHostTwiceSameName	0.681s
PASS: docker_cli_run_test.go:3069: DockerSuite.TestRunNetworkFilesBindMount	1.545s
PASS: docker_cli_run_test.go:3093: DockerSuite.TestRunNetworkFilesBindMountRO	1.540s
PASS: docker_cli_run_test.go:3115: DockerSuite.TestRunNetworkFilesBindMountROFilesystem	3.154s
PASS: docker_cli_run_test.go:3438: DockerSuite.TestRunNetworkNotInitializedNoneMode	0.327s
PASS: docker_cli_run_test.go:521: DockerSuite.TestRunNoDupVolumes	0.150s
PASS: docker_cli_run_unix_test.go:1144: DockerSuite.TestRunNoNewPrivSetuid	1.707s
PASS: docker_cli_run_test.go:2194: DockerSuite.TestRunNoOutputFromPullInStdout	1.016s
PASS: docker_cli_run_test.go:3663: DockerSuite.TestRunNonExecutableCmd	0.476s
PASS: docker_cli_run_test.go:3672: DockerSuite.TestRunNonExistingCmd	0.459s
PASS: docker_cli_run_test.go:3697: DockerSuite.TestRunNonExistingImage	1.037s
PASS: docker_cli_run_test.go:2558: DockerSuite.TestRunNonLocalMacAddress	0.532s
PASS: docker_cli_run_test.go:1404: DockerSuite.TestRunNonRootUserResolvName	0.877s
SKIP: docker_cli_run_unix_test.go:617: DockerSuite.TestRunOOMExitCode (unmatched requirement swapMemorySupport)
PASS: docker_cli_run_test.go:2806: DockerSuite.TestRunPIDHostWithChildIsKillable	0.544s
PASS: docker_cli_run_unix_test.go:1406: DockerSuite.TestRunPIDsLimit	0.547s
PASS: docker_cli_run_test.go:2494: DockerSuite.TestRunPortFromDockerRangeInUse	0.776s
PASS: docker_cli_run_test.go:2042: DockerSuite.TestRunPortInUse	0.486s
PASS: docker_cli_run_unix_test.go:1417: DockerSuite.TestRunPrivilegedAllowedDevices	0.470s
PASS: docker_cli_run_test.go:957: DockerSuite.TestRunPrivilegedCanMknod	0.476s
PASS: docker_cli_run_test.go:1086: DockerSuite.TestRunPrivilegedCanMount	0.467s
PASS: docker_cli_run_test.go:1125: DockerSuite.TestRunProcNotWritableInNonPrivilegedContainers	0.527s
PASS: docker_cli_run_test.go:1133: DockerSuite.TestRunProcWritableInPrivilegedContainers	0.467s
SKIP: docker_cli_run_test.go:4224: DockerSuite.TestRunProcessIsolationWithCPUCountCPUSharesAndCPUPercent (unmatched requirement DaemonIsWindows)
PASS: docker_cli_run_test.go:2983: DockerSuite.TestRunPublishPort	0.351s
PASS: docker_cli_run_test.go:2886: DockerSuite.TestRunReadFilteredProc	0.458s
SKIP: docker_cli_run_test.go:2865: DockerSuite.TestRunReadProcLatency (kernel doesn't have latency_stats configured)
PASS: docker_cli_run_test.go:2850: DockerSuite.TestRunReadProcTimer	0.521s
PASS: docker_cli_run_unix_test.go:34: DockerSuite.TestRunRedirectStdout	1.060s
SKIP: docker_cli_run_test.go:1426: DockerSuite.TestRunResolvconfUpdate (Unstable test, to be re-activated once #19937 is resolved)
PASS: docker_cli_run_test.go:2656: DockerSuite.TestRunRestartMaxRetries	2.308s
PASS: docker_cli_run_test.go:2127: DockerSuite.TestRunReuseBindVolumeThatIsSymlink	1.017s
PASS: docker_cli_run_test.go:4057: DockerSuite.TestRunRm	0.581s
PASS: docker_cli_run_test.go:4047: DockerSuite.TestRunRmAndWait	3.519s
PASS: docker_cli_run_test.go:4068: DockerSuite.TestRunRmPre125Api	0.571s
PASS: docker_cli_run_test.go:1220: DockerSuite.TestRunRootWorkdir	0.511s
PASS: docker_cli_run_unix_test.go:1050: DockerSuite.TestRunSeccompAllowPrivCloneUserns	3.919s
PASS: docker_cli_run_unix_test.go:1070: DockerSuite.TestRunSeccompAllowSetrlimit	1.538s
PASS: docker_cli_run_unix_test.go:1077: DockerSuite.TestRunSeccompDefaultProfileAcct	17.962s
PASS: docker_cli_run_unix_test.go:1107: DockerSuite.TestRunSeccompDefaultProfileNS	20.794s
PASS: docker_cli_run_unix_test.go:1062: DockerSuite.TestRunSeccompProfileAllow32Bit	1.576s
PASS: docker_cli_run_unix_test.go:952: DockerSuite.TestRunSeccompProfileDenyChmod	0.518s
PASS: docker_cli_run_unix_test.go:1025: DockerSuite.TestRunSeccompProfileDenyCloneUserns	1.658s
PASS: docker_cli_run_unix_test.go:923: DockerSuite.TestRunSeccompProfileDenyUnshare	1.506s
PASS: docker_cli_run_unix_test.go:987: DockerSuite.TestRunSeccompProfileDenyUnshareUserns	1.515s
PASS: docker_cli_run_unix_test.go:1037: DockerSuite.TestRunSeccompUnconfinedCloneUserns	1.520s
PASS: docker_cli_run_unix_test.go:1348: DockerSuite.TestRunSeccompWithDefaultProfile	1.543s
PASS: docker_cli_run_test.go:2648: DockerSuite.TestRunSetDefaultRestartPolicy	0.351s
PASS: docker_cli_run_test.go:1988: DockerSuite.TestRunSetMacAddress	0.542s
PASS: docker_cli_run_test.go:2238: DockerSuite.TestRunSlowStdoutConsumer	2.448s
PASS: docker_cli_run_test.go:1625: DockerSuite.TestRunState	0.905s
PASS: docker_cli_run_test.go:3617: DockerSuite.TestRunStdinBlockedAfterContainerExit	0.519s
PASS: docker_cli_run_test.go:97: DockerSuite.TestRunStdinPipe	0.594s
PASS: docker_cli_run_test.go:4132: DockerSuite.TestRunStoppedLoggingDriverNoLeak	0.173s
SKIP: docker_cli_run_unix_test.go:719: DockerSuite.TestRunSwapLessThanMemoryLimit (unmatched requirement swapMemorySupport)
PASS: docker_cli_run_test.go:1109: DockerSuite.TestRunSysNotWritableInNonPrivilegedContainers	0.518s
PASS: docker_cli_run_test.go:1117: DockerSuite.TestRunSysWritableInPrivilegedContainers	0.474s
PASS: docker_cli_run_unix_test.go:892: DockerSuite.TestRunSysctls	1.088s
PASS: docker_cli_run_test.go:2478: DockerSuite.TestRunTLSVerify	0.038s
PASS: docker_cli_run_test.go:2526: DockerSuite.TestRunTTYWithPipe	0.012s
PASS: docker_cli_run_test.go:1157: DockerSuite.TestRunThatCharacterDevicesActLikeCharacterDevices	0.533s
PASS: docker_cli_run_unix_test.go:819: DockerSuite.TestRunTmpfsMounts	1.759s
PASS: docker_cli_run_unix_test.go:811: DockerSuite.TestRunTmpfsMountsEnsureOrdered	0.506s
PASS: docker_cli_run_unix_test.go:840: DockerSuite.TestRunTmpfsMountsOverrideImageVolumes	1.768s
PASS: docker_cli_run_unix_test.go:852: DockerSuite.TestRunTmpfsMountsWithOptions	3.634s
PASS: docker_cli_run_test.go:795: DockerSuite.TestRunTwoConcurrentContainers	2.729s
PASS: docker_cli_run_test.go:967: DockerSuite.TestRunUnprivilegedCanMknod	0.600s
PASS: docker_cli_run_test.go:1096: DockerSuite.TestRunUnprivilegedCannotMount	0.523s
PASS: docker_cli_run_test.go:1166: DockerSuite.TestRunUnprivilegedWithChroot	0.509s
PASS: docker_cli_run_test.go:4080: DockerSuite.TestRunUnsetEntrypoint	4.404s
PASS: docker_cli_run_test.go:2925: DockerSuite.TestRunUnshareProc	5.269s
PASS: docker_cli_run_test.go:736: DockerSuite.TestRunUserByID	0.517s
PASS: docker_cli_run_test.go:746: DockerSuite.TestRunUserByIDBig	0.118s
PASS: docker_cli_run_test.go:759: DockerSuite.TestRunUserByIDNegative	0.119s
PASS: docker_cli_run_test.go:772: DockerSuite.TestRunUserByIDZero	0.480s
PASS: docker_cli_run_test.go:726: DockerSuite.TestRunUserByName	0.505s
PASS: docker_cli_run_test.go:715: DockerSuite.TestRunUserDefaults	0.523s
SKIP: docker_cli_run_unix_test.go:1426: DockerSuite.TestRunUserDeviceAllowed (Host does not have /dev/snd/timer)
PASS: docker_cli_run_test.go:785: DockerSuite.TestRunUserNotFound	0.124s
PASS: docker_cli_run_test.go:593: DockerSuite.TestRunVerifyContainerID	0.323s
PASS: docker_cli_run_test.go:3969: DockerSuite.TestRunVolumeCopyFlag	4.371s
PASS: docker_cli_run_test.go:3962: DockerSuite.TestRunVolumeWithOneCharacter	0.506s
PASS: docker_cli_run_test.go:2207: DockerSuite.TestRunVolumesCleanPaths	1.589s
PASS: docker_cli_run_test.go:473: DockerSuite.TestRunVolumesFromInReadWriteMode	1.665s
PASS: docker_cli_run_test.go:452: DockerSuite.TestRunVolumesFromInReadonlyModeFails	1.034s
PASS: docker_cli_run_test.go:2766: DockerSuite.TestRunVolumesFromRestartAfterRemoved	1.471s
PASS: docker_cli_run_test.go:658: DockerSuite.TestRunVolumesFromSymlinkPath	2.978s
PASS: docker_cli_run_test.go:446: DockerSuite.TestRunVolumesMountedAsReadonly	0.503s
PASS: docker_cli_run_test.go:3771: DockerSuite.TestRunVolumesMountedAsShared	0.486s
PASS: docker_cli_run_test.go:3802: DockerSuite.TestRunVolumesMountedAsSlave	0.467s
SKIP: docker_cli_run_test.go:4194: DockerSuite.TestRunWindowsWithCPUCount (unmatched requirement DaemonIsWindows)
SKIP: docker_cli_run_test.go:4214: DockerSuite.TestRunWindowsWithCPUPercent (unmatched requirement DaemonIsWindows)
SKIP: docker_cli_run_test.go:4204: DockerSuite.TestRunWindowsWithCPUShares (unmatched requirement DaemonIsWindows)
PASS: docker_cli_run_test.go:1856: DockerSuite.TestRunWithBadDevice	0.159s
PASS: docker_cli_run_unix_test.go:568: DockerSuite.TestRunWithBlkioWeight	0.535s
PASS: docker_cli_run_unix_test.go:458: DockerSuite.TestRunWithCPUQuota	0.672s
PASS: docker_cli_run_unix_test.go:526: DockerSuite.TestRunWithCPUShares	0.551s
PASS: docker_cli_run_unix_test.go:469: DockerSuite.TestRunWithCpuPeriod	1.040s
PASS: docker_cli_run_unix_test.go:546: DockerSuite.TestRunWithCpusetCpus	0.533s
PASS: docker_cli_run_unix_test.go:557: DockerSuite.TestRunWithCpusetMems	0.529s
PASS: docker_cli_run_test.go:341: DockerSuite.TestRunWithDaemonFlags	0.018s
PASS: docker_cli_run_unix_test.go:785: DockerSuite.TestRunWithDefaultShmSize	0.523s
PASS: docker_cli_run_unix_test.go:579: DockerSuite.TestRunWithInvalidBlkioWeight	0.029s
PASS: docker_cli_run_unix_test.go:483: DockerSuite.TestRunWithInvalidCpuPeriod	0.052s
PASS: docker_cli_run_unix_test.go:512: DockerSuite.TestRunWithInvalidKernelMemory	0.029s
PASS: docker_cli_run_test.go:2018: DockerSuite.TestRunWithInvalidMacAddress	0.012s
PASS: docker_cli_run_unix_test.go:593: DockerSuite.TestRunWithInvalidPathforBlkioDeviceReadBps	0.118s
PASS: docker_cli_run_unix_test.go:605: DockerSuite.TestRunWithInvalidPathforBlkioDeviceReadIOps	0.119s
PASS: docker_cli_run_unix_test.go:599: DockerSuite.TestRunWithInvalidPathforBlkioDeviceWriteBps	0.115s
PASS: docker_cli_run_unix_test.go:611: DockerSuite.TestRunWithInvalidPathforBlkioDeviceWriteIOps	0.115s
PASS: docker_cli_run_unix_test.go:587: DockerSuite.TestRunWithInvalidPathforBlkioWeightDevice	0.122s
PASS: docker_cli_run_unix_test.go:499: DockerSuite.TestRunWithKernelMemory	0.553s
PASS: docker_cli_run_unix_test.go:637: DockerSuite.TestRunWithMemoryLimit	0.551s
PASS: docker_cli_run_unix_test.go:682: DockerSuite.TestRunWithMemoryReservation	0.536s
PASS: docker_cli_run_unix_test.go:693: DockerSuite.TestRunWithMemoryReservationInvalid	0.030s
PASS: docker_cli_run_unix_test.go:1563: DockerSuite.TestRunWithNanoCPUs	0.554s
PASS: docker_cli_run_test.go:282: DockerSuite.TestRunWithNetAliasOnDefaultNetworks	0.198s
PASS: docker_cli_run_test.go:3743: DockerSuite.TestRunWithOomScoreAdj	0.518s
PASS: docker_cli_run_test.go:3754: DockerSuite.TestRunWithOomScoreAdjInvalidRange	0.041s
PASS: docker_cli_run_unix_test.go:798: DockerSuite.TestRunWithShmSize	0.529s
PASS: docker_cli_run_unix_test.go:660: DockerSuite.TestRunWithSwappiness	0.546s
PASS: docker_cli_run_unix_test.go:670: DockerSuite.TestRunWithSwappinessInvalid	0.026s
PASS: docker_cli_run_test.go:2829: DockerSuite.TestRunWithTooSmallMemoryLimit	0.014s
PASS: docker_cli_run_test.go:3226: DockerSuite.TestRunWithUlimits	0.507s
PASS: docker_cli_run_test.go:348: DockerSuite.TestRunWithVolumesFromExited	1.036s
PASS: docker_cli_run_unix_test.go:62: DockerSuite.TestRunWithVolumesIsRecursive	0.515s
SKIP: docker_cli_run_unix_test.go:653: DockerSuite.TestRunWithoutMemoryswapLimit (unmatched requirement swapMemorySupport)
PASS: docker_cli_run_test.go:159: DockerSuite.TestRunWithoutNetworking	0.427s
PASS: docker_cli_run_test.go:1720: DockerSuite.TestRunWorkdirExistsAndIsFile	0.068s
PASS: docker_cli_run_test.go:136: DockerSuite.TestRunWorkingDirectory	0.980s
PASS: docker_cli_run_test.go:3042: DockerSuite.TestRunWriteFilteredProc	0.445s
PASS: docker_cli_run_test.go:1808: DockerSuite.TestRunWriteSpecialFilesAndNotCommit	1.632s
PASS: docker_cli_run_test.go:2841: DockerSuite.TestRunWriteToProcAsound	0.512s
PASS: docker_cli_run_test.go:3640: DockerSuite.TestRunWrongCpusetCpusFlagValue	0.016s
PASS: docker_cli_run_test.go:3651: DockerSuite.TestRunWrongCpusetMemsFlagValue	0.020s
PASS: docker_cli_save_load_test.go:157: DockerSuite.TestSaveAndLoadRepoFlags	0.884s
PASS: docker_cli_save_load_unix_test.go:22: DockerSuite.TestSaveAndLoadRepoStdout	0.998s
PASS: docker_cli_save_load_unix_test.go:73: DockerSuite.TestSaveAndLoadWithProgressBar	1.066s
PASS: docker_cli_save_load_test.go:99: DockerSuite.TestSaveCheckTimes	0.048s
PASS: docker_cli_save_load_test.go:258: DockerSuite.TestSaveDirectoryPermissions	1.723s
PASS: docker_cli_save_load_test.go:118: DockerSuite.TestSaveImageId	0.076s
PASS: docker_cli_save_load_test.go:379: DockerSuite.TestSaveLoadNoTag	1.080s
PASS: docker_cli_save_load_test.go:340: DockerSuite.TestSaveLoadParents	2.128s
PASS: docker_cli_save_load_test.go:188: DockerSuite.TestSaveMultipleNames	0.049s
PASS: docker_cli_save_load_test.go:206: DockerSuite.TestSaveRepoWithMultipleImages	1.599s
PASS: docker_cli_save_load_test.go:84: DockerSuite.TestSaveSingleTag	0.063s
PASS: docker_cli_save_load_test.go:178: DockerSuite.TestSaveWithNoExistImage	0.013s
PASS: docker_cli_save_load_test.go:26: DockerSuite.TestSaveXzAndLoadRepoStdout	1.441s
PASS: docker_cli_save_load_test.go:55: DockerSuite.TestSaveXzGzAndLoadRepoStdout	2.003s
PASS: docker_cli_search_test.go:47: DockerSuite.TestSearchCmdOptions	4.263s
PASS: docker_cli_search_test.go:12: DockerSuite.TestSearchOnCentralRegistry	0.706s
PASS: docker_cli_search_test.go:96: DockerSuite.TestSearchOnCentralRegistryWithDash	0.739s
PASS: docker_cli_search_test.go:19: DockerSuite.TestSearchStarsOptionWithWrongParameter	0.103s
PASS: docker_cli_search_test.go:103: DockerSuite.TestSearchWithLimit	1.750s
PASS: docker_cli_run_test.go:4278: DockerSuite.TestSlowStdinClosing	2.106s
PASS: docker_cli_start_test.go:44: DockerSuite.TestStartAttachCorrectExitCode	5.001s
PASS: docker_cli_start_test.go:145: DockerSuite.TestStartAttachMultipleContainers	1.674s
PASS: docker_cli_start_test.go:15: DockerSuite.TestStartAttachReturnsOnError	0.749s
PASS: docker_cli_start_test.go:57: DockerSuite.TestStartAttachSilent	1.008s
PASS: docker_cli_start_test.go:174: DockerSuite.TestStartAttachWithRename	2.583s
PASS: docker_cli_start_test.go:109: DockerSuite.TestStartMultipleContainers	1.420s
PASS: docker_cli_start_test.go:94: DockerSuite.TestStartPausedContainer	0.393s
PASS: docker_cli_start_test.go:69: DockerSuite.TestStartRecordError	1.077s
PASS: docker_cli_start_test.go:189: DockerSuite.TestStartReturnCorrectExitCode	1.347s
PASS: docker_cli_stats_test.go:122: DockerSuite.TestStatsAllNewContainersAdded	0.999s
PASS: docker_cli_stats_test.go:93: DockerSuite.TestStatsAllNoStream	2.607s
PASS: docker_cli_stats_test.go:57: DockerSuite.TestStatsAllRunningNoStream	2.775s
PASS: docker_cli_stats_test.go:44: DockerSuite.TestStatsContainerNotFound	3.028s
PASS: docker_cli_stats_test.go:163: DockerSuite.TestStatsFormatAll	4.543s
PASS: docker_cli_stats_test.go:15: DockerSuite.TestStatsNoStream	2.772s
PASS: docker_cli_run_unix_test.go:707: DockerSuite.TestStopContainerSignal	1.512s
PASS: docker_cli_top_test.go:11: DockerSuite.TestTopMultipleArgs	0.392s
PASS: docker_cli_top_test.go:26: DockerSuite.TestTopNonPrivileged	0.592s
PASS: docker_cli_top_test.go:61: DockerSuite.TestTopPrivileged	0.554s
SKIP: docker_cli_top_test.go:50: DockerSuite.TestTopWindowsCoreProcesses (unmatched requirement DaemonIsWindows)
PASS: docker_cli_run_test.go:3450: DockerSuite.TestTwoContainersInNetHost	0.703s
PASS: docker_cli_port_test.go:212: DockerSuite.TestUnpublishedPortsInPsOutput	2.386s
PASS: docker_cli_health_test.go:147: DockerSuite.TestUnsetEnvVarHealthCheck	4.648s
PASS: docker_cli_update_unix_test.go:103: DockerSuite.TestUpdateContainerInvalidValue	0.403s
PASS: docker_cli_update_unix_test.go:115: DockerSuite.TestUpdateContainerWithoutFlags	0.392s
SKIP: docker_cli_update_unix_test.go:202: DockerSuite.TestUpdateInvalidSwapMemory (unmatched requirement swapMemorySupport)
PASS: docker_cli_update_unix_test.go:125: DockerSuite.TestUpdateKernelMemory	0.507s
PASS: docker_cli_update_unix_test.go:139: DockerSuite.TestUpdateKernelMemoryUninitialized	1.134s
SKIP: docker_cli_update_unix_test.go:258: DockerSuite.TestUpdateMemoryWithSwapMemory (unmatched requirement swapMemorySupport)
PASS: docker_cli_update_unix_test.go:272: DockerSuite.TestUpdateNotAffectMonitorRestartPolicy	0.907s
PASS: docker_cli_update_unix_test.go:68: DockerSuite.TestUpdatePausedContainer	0.576s
PASS: docker_cli_update_unix_test.go:22: DockerSuite.TestUpdateRunningContainer	0.521s
PASS: docker_cli_update_unix_test.go:37: DockerSuite.TestUpdateRunningContainerWithRestart	1.079s
PASS: docker_cli_update_unix_test.go:227: DockerSuite.TestUpdateStats	4.362s
PASS: docker_cli_update_unix_test.go:53: DockerSuite.TestUpdateStoppedContainer	1.016s
SKIP: docker_cli_update_unix_test.go:186: DockerSuite.TestUpdateSwapMemoryOnly (unmatched requirement swapMemorySupport)
PASS: docker_cli_update_unix_test.go:300: DockerSuite.TestUpdateWithNanoCPUs	0.652s
PASS: docker_cli_update_unix_test.go:85: DockerSuite.TestUpdateWithUntouchedFields	0.493s
PASS: docker_cli_run_test.go:293: DockerSuite.TestUserDefinedNetworkAlias	2.383s
PASS: docker_cli_network_unix_test.go:1536: DockerSuite.TestUserDefinedNetworkConnectDisconnectAlias	2.095s
PASS: docker_cli_network_unix_test.go:1462: DockerSuite.TestUserDefinedNetworkConnectDisconnectLink	1.601s
PASS: docker_cli_network_unix_test.go:1591: DockerSuite.TestUserDefinedNetworkConnectivity	1.193s
PASS: docker_cli_run_test.go:208: DockerSuite.TestUserDefinedNetworkLinks	2.092s
PASS: docker_cli_run_test.go:244: DockerSuite.TestUserDefinedNetworkLinksWithRestart	2.748s
PASS: docker_cli_run_unix_test.go:1168: DockerSuite.TestUserNoEffectiveCapabilitiesChown	1.612s
PASS: docker_cli_run_unix_test.go:1289: DockerSuite.TestUserNoEffectiveCapabilitiesChroot	1.548s
PASS: docker_cli_run_unix_test.go:1186: DockerSuite.TestUserNoEffectiveCapabilitiesDacOverride	1.006s
PASS: docker_cli_run_unix_test.go:1199: DockerSuite.TestUserNoEffectiveCapabilitiesFowner	1.076s
PASS: docker_cli_run_unix_test.go:1307: DockerSuite.TestUserNoEffectiveCapabilitiesMknod	1.559s
PASS: docker_cli_run_unix_test.go:1253: DockerSuite.TestUserNoEffectiveCapabilitiesNetBindService	6.253s
PASS: docker_cli_run_unix_test.go:1271: DockerSuite.TestUserNoEffectiveCapabilitiesNetRaw	6.273s
PASS: docker_cli_run_unix_test.go:1233: DockerSuite.TestUserNoEffectiveCapabilitiesSetgid	6.209s
PASS: docker_cli_run_unix_test.go:1215: DockerSuite.TestUserNoEffectiveCapabilitiesSetuid	6.330s
PASS: docker_cli_volume_test.go:22: DockerSuite.TestVolumeCLICreate	15.058s
PASS: docker_cli_volume_test.go:298: DockerSuite.TestVolumeCLICreateLabel	0.029s
PASS: docker_cli_volume_test.go:310: DockerSuite.TestVolumeCLICreateLabelMultiple	0.042s
PASS: docker_cli_volume_test.go:274: DockerSuite.TestVolumeCLICreateWithOpts	0.576s
PASS: docker_cli_volume_test.go:38: DockerSuite.TestVolumeCLIInspect	0.075s
PASS: docker_cli_volume_test.go:55: DockerSuite.TestVolumeCLIInspectMulti	0.054s
PASS: docker_cli_volume_test.go:264: DockerSuite.TestVolumeCLIInspectTmplError	0.027s
PASS: docker_cli_volume_test.go:72: DockerSuite.TestVolumeCLILs	0.611s
PASS: docker_cli_volume_test.go:193: DockerSuite.TestVolumeCLILsErrorWithInvalidFilterName	0.015s
PASS: docker_cli_volume_test.go:143: DockerSuite.TestVolumeCLILsFilterDangling	0.704s
PASS: docker_cli_volume_test.go:367: DockerSuite.TestVolumeCLILsFilterDrivers	0.088s
PASS: docker_cli_volume_test.go:337: DockerSuite.TestVolumeCLILsFilterLabels	0.076s
PASS: docker_cli_volume_test.go:199: DockerSuite.TestVolumeCLILsWithIncorrectFilterValue	0.013s
PASS: docker_cli_volume_test.go:241: DockerSuite.TestVolumeCLINoArgs	0.035s
PASS: docker_cli_volume_test.go:205: DockerSuite.TestVolumeCLIRm	1.765s
PASS: docker_cli_volume_test.go:406: DockerSuite.TestVolumeCLIRmForce	0.092s
PASS: docker_cli_volume_test.go:430: DockerSuite.TestVolumeCLIRmForceInUse	0.177s
PASS: docker_cli_volume_test.go:398: DockerSuite.TestVolumeCLIRmForceUsage	0.042s
PASS: docker_cli_volume_test.go:468: DockerSuite.TestVolumeCliInspectWithVolumeOpts	0.054s
PASS: docker_cli_events_unix_test.go:168: DockerSuite.TestVolumeEvents	0.581s
PASS: docker_cli_run_test.go:3019: DockerSuite.TestVolumeFromMixedRWOptions	1.603s
PASS: docker_cli_volume_test.go:85: DockerSuite.TestVolumeLsFormat	0.054s
PASS: docker_cli_volume_test.go:94: DockerSuite.TestVolumeLsFormatDefaultFormat	0.052s
PASS: docker_cli_run_test.go:496: DockerSuite.TestVolumesFromGetsProperMode	2.130s
PASS: docker_cli_run_test.go:2174: DockerSuite.TestVolumesNoCopyData	3.959s
SKIP: docker_cli_run_test.go:4537: DockerSuite.TestWindowsRunAsSystem (unmatched requirement DaemonIsWindowsAtLeastBuild.func1)
PASS: docker_cli_by_digest_test.go:184: DockerRegistrySuite.TestBuildByDigest	2.185s
PASS: docker_api_build_test.go:327: DockerRegistrySuite.TestBuildCopyFromForcePull	1.848s
PASS: docker_cli_build_test.go:5791: DockerRegistrySuite.TestBuildMultiStageImplicitPull	2.396s
PASS: docker_cli_pull_local_test.go:197: DockerRegistrySuite.TestConcurrentPullMultipleTags	7.122s
PASS: docker_cli_push_test.go:199: DockerRegistrySuite.TestConcurrentPush	8.057s
PASS: docker_cli_by_digest_test.go:130: DockerRegistrySuite.TestCreateByDigest	1.297s
PASS: docker_cli_push_test.go:207: DockerRegistrySuite.TestCrossRepositoryLayerPush	0.832s
PASS: docker_cli_by_digest_test.go:447: DockerRegistrySuite.TestDeleteImageByIDOnlyPulledByDigest	1.905s
PASS: docker_cli_by_digest_test.go:493: DockerRegistrySuite.TestDeleteImageWithDigestAndMultiRepoTag	1.941s
PASS: docker_cli_by_digest_test.go:466: DockerRegistrySuite.TestDeleteImageWithDigestAndTag	1.863s
PASS: docker_cli_events_test.go:545: DockerRegistrySuite.TestEventsImageFilterPush	1.820s
PASS: docker_cli_by_digest_test.go:391: DockerRegistrySuite.TestInspectImageWithDigests	1.829s
PASS: docker_cli_by_digest_test.go:318: DockerRegistrySuite.TestListDanglingImagesWithDigests	2.858s
PASS: docker_cli_by_digest_test.go:241: DockerRegistrySuite.TestListImagesWithDigests	2.875s
PASS: docker_cli_by_digest_test.go:228: DockerRegistrySuite.TestListImagesWithoutDigests	1.874s
PASS: docker_cli_by_digest_test.go:410: DockerRegistrySuite.TestPsListContainersFilterAncestorImageByDigest	3.606s
PASS: docker_cli_by_digest_test.go:105: DockerRegistrySuite.TestPullByDigest	1.092s
PASS: docker_cli_by_digest_test.go:122: DockerRegistrySuite.TestPullByDigestNoFallback	0.019s
PASS: docker_cli_by_digest_test.go:79: DockerRegistrySuite.TestPullByTagDisplaysDigest	1.737s
PASS: docker_cli_by_digest_test.go:612: DockerRegistrySuite.TestPullFailsWithAlteredLayer	1.779s
PASS: docker_cli_by_digest_test.go:530: DockerRegistrySuite.TestPullFailsWithAlteredManifest	0.868s
PASS: docker_cli_pull_local_test.go:258: DockerRegistrySuite.TestPullIDStability	5.173s
PASS: docker_cli_pull_local_test.go:54: DockerRegistrySuite.TestPullImageWithAliases	0.298s
PASS: docker_cli_pull_local_test.go:286: DockerRegistrySuite.TestPullManifestList	1.320s
PASS: docker_cli_pull_local_test.go:278: DockerRegistrySuite.TestPullNoLayers	0.595s
PASS: docker_cli_push_test.go:69: DockerRegistrySuite.TestPushBadTag	0.013s
PASS: docker_cli_push_test.go:29: DockerRegistrySuite.TestPushBusyboxImage	0.180s
PASS: docker_cli_push_test.go:145: DockerRegistrySuite.TestPushEmptyLayer	0.161s
PASS: docker_cli_push_test.go:114: DockerRegistrySuite.TestPushMultipleTags	0.229s
PASS: docker_cli_push_test.go:52: DockerRegistrySuite.TestPushUntagged	0.013s
PASS: docker_cli_by_digest_test.go:161: DockerRegistrySuite.TestRemoveImageByDigest	1.032s
PASS: docker_cli_by_digest_test.go:143: DockerRegistrySuite.TestRunByDigest	2.317s
PASS: docker_cli_pull_local_test.go:451: DockerRegistrySuite.TestRunImplicitPullWithNoTag	0.785s
PASS: docker_cli_by_digest_test.go:209: DockerRegistrySuite.TestTagByDigest	1.464s
PASS: docker_cli_registry_user_agent_test.go:73: DockerRegistrySuite.TestUserAgentPassThrough	0.843s
PASS: docker_cli_v2_only_test.go:27: DockerRegistrySuite.TestV2Only	0.671s
PASS: docker_cli_pull_local_test.go:201: DockerSchema1RegistrySuite.TestConcurrentPullMultipleTags	7.538s
PASS: docker_cli_push_test.go:203: DockerSchema1RegistrySuite.TestConcurrentPush	8.107s
PASS: docker_cli_push_test.go:248: DockerSchema1RegistrySuite.TestCrossRepositoryLayerPushNotSupported	0.929s
PASS: docker_cli_by_digest_test.go:109: DockerSchema1RegistrySuite.TestPullByDigest	1.119s
PASS: docker_cli_by_digest_test.go:126: DockerSchema1RegistrySuite.TestPullByDigestNoFallback	0.018s
PASS: docker_cli_by_digest_test.go:83: DockerSchema1RegistrySuite.TestPullByTagDisplaysDigest	1.735s
PASS: docker_cli_by_digest_test.go:655: DockerSchema1RegistrySuite.TestPullFailsWithAlteredLayer	1.785s
PASS: docker_cli_by_digest_test.go:570: DockerSchema1RegistrySuite.TestPullFailsWithAlteredManifest	0.907s
PASS: docker_cli_pull_local_test.go:262: DockerSchema1RegistrySuite.TestPullIDStability	5.119s
PASS: docker_cli_pull_local_test.go:58: DockerSchema1RegistrySuite.TestPullImageWithAliases	0.333s
PASS: docker_cli_pull_local_test.go:282: DockerSchema1RegistrySuite.TestPullNoLayers	1.011s
PASS: docker_cli_push_test.go:73: DockerSchema1RegistrySuite.TestPushBadTag	0.013s
PASS: docker_cli_push_test.go:33: DockerSchema1RegistrySuite.TestPushBusyboxImage	0.216s
PASS: docker_cli_push_test.go:149: DockerSchema1RegistrySuite.TestPushEmptyLayer	0.177s
PASS: docker_cli_push_test.go:118: DockerSchema1RegistrySuite.TestPushMultipleTags	0.273s
PASS: docker_cli_push_test.go:56: DockerSchema1RegistrySuite.TestPushUntagged	0.013s
PASS: docker_cli_build_test.go:5001: DockerRegistryAuthHtpasswdSuite.TestBuildFromAuthenticatedRegistry	1.517s
PASS: docker_cli_build_test.go:5019: DockerRegistryAuthHtpasswdSuite.TestBuildWithExternalAuth	0.391s
PASS: docker_cli_login_test.go:22: DockerRegistryAuthHtpasswdSuite.TestLoginToPrivateRegistry	0.054s
PASS: docker_cli_logout_test.go:15: DockerRegistryAuthHtpasswdSuite.TestLogoutWithExternalAuth	1.005s
PASS: docker_cli_logout_test.go:67: DockerRegistryAuthHtpasswdSuite.TestLogoutWithWrongHostnamesStored	0.113s
PASS: docker_cli_pull_local_test.go:415: DockerRegistryAuthHtpasswdSuite.TestPullWithExternalAuth	0.282s
PASS: docker_cli_pull_local_test.go:370: DockerRegistryAuthHtpasswdSuite.TestPullWithExternalAuthLoginWithScheme	0.457s
PASS: docker_cli_push_test.go:281: DockerRegistryAuthHtpasswdSuite.TestPushNoCredentialsNoRetry	0.037s
PASS: docker_cli_push_test.go:343: DockerRegistryAuthTokenSuite.TestPushMisconfiguredTokenServiceResponseError	5.141s
PASS: docker_cli_push_test.go:371: DockerRegistryAuthTokenSuite.TestPushMisconfiguredTokenServiceResponseNoToken	0.143s
PASS: docker_cli_push_test.go:330: DockerRegistryAuthTokenSuite.TestPushMisconfiguredTokenServiceResponseUnauthorized	0.142s
PASS: docker_cli_push_test.go:358: DockerRegistryAuthTokenSuite.TestPushMisconfiguredTokenServiceResponseUnparsable	0.142s
PASS: docker_cli_push_test.go:318: DockerRegistryAuthTokenSuite.TestPushTokenServiceUnauthResponse	0.141s
PASS: docker_cli_daemon_test.go:1745: DockerDaemonSuite.TestBridgeIPIsExcludedFromAllocatorPool	3.781s
PASS: docker_cli_daemon_test.go:2374: DockerDaemonSuite.TestBuildOnDisabledBridgeNetworkDaemon	2.140s
PASS: docker_cli_proxy_test.go:23: DockerDaemonSuite.TestCLIProxyProxyTCPSock	0.543s
PASS: docker_cli_daemon_test.go:1432: DockerDaemonSuite.TestCleanupMountsAfterDaemonAndContainerKill	1.761s
PASS: docker_cli_daemon_test.go:2005: DockerDaemonSuite.TestCleanupMountsAfterDaemonCrash	1.796s
PASS: docker_cli_daemon_test.go:1470: DockerDaemonSuite.TestCleanupMountsAfterGracefulShutdown	1.251s
PASS: docker_cli_daemon_test.go:523: DockerDaemonSuite.TestDaemonAllocatesListeningPort	1.085s
PASS: docker_cli_daemon_test.go:582: DockerDaemonSuite.TestDaemonBridgeExternal	1.926s
PASS: docker_cli_daemon_test.go:752: DockerDaemonSuite.TestDaemonBridgeFixedCIDREqualBridgeNetwork	1.793s
PASS: docker_cli_daemon_test.go:704: DockerDaemonSuite.TestDaemonBridgeFixedCidr	2.342s
PASS: docker_cli_daemon_test.go:727: DockerDaemonSuite.TestDaemonBridgeFixedCidr2	2.486s
PASS: docker_cli_daemon_test.go:642: DockerDaemonSuite.TestDaemonBridgeIP	1.837s
PASS: docker_cli_daemon_test.go:612: DockerDaemonSuite.TestDaemonBridgeNone	1.239s
PASS: docker_cli_daemon_test.go:1857: DockerDaemonSuite.TestDaemonCgroupParent	1.795s
PASS: docker_cli_daemon_test.go:1669: DockerDaemonSuite.TestDaemonCorruptedFluentdAddress	0.045s
PASS: docker_cli_daemon_test.go:1661: DockerDaemonSuite.TestDaemonCorruptedLogDriverAddress	0.041s
PASS: docker_cli_daemon_test.go:2389: DockerDaemonSuite.TestDaemonDNSFlagsInHostMode	1.078s
PASS: docker_cli_daemon_test.go:2185: DockerDaemonSuite.TestDaemonDebugLog	0.516s
PASS: docker_cli_daemon_test.go:791: DockerDaemonSuite.TestDaemonDefaultGatewayIPv4Explicit	1.860s
PASS: docker_cli_daemon_test.go:813: DockerDaemonSuite.TestDaemonDefaultGatewayIPv4ExplicitOutsideContainerSubnet	1.290s
PASS: docker_cli_daemon_test.go:770: DockerDaemonSuite.TestDaemonDefaultGatewayIPv4Implicit	1.815s
PASS: docker_cli_daemon_test.go:824: DockerDaemonSuite.TestDaemonDefaultNetworkInvalidClusterConfig	1.061s
PASS: docker_cli_daemon_test.go:2205: DockerDaemonSuite.TestDaemonDiscoveryBackendConfigReload	0.538s
PASS: docker_cli_events_unix_test.go:391: DockerDaemonSuite.TestDaemonEvents	3.543s
PASS: docker_cli_events_unix_test.go:460: DockerDaemonSuite.TestDaemonEventsWithFilters	3.590s
PASS: docker_cli_daemon_test.go:567: DockerDaemonSuite.TestDaemonExitOnFailure	0.040s
PASS: docker_cli_daemon_test.go:496: DockerDaemonSuite.TestDaemonFlagD	0.510s
PASS: docker_cli_daemon_test.go:505: DockerDaemonSuite.TestDaemonFlagDebug	0.510s
PASS: docker_cli_daemon_test.go:514: DockerDaemonSuite.TestDaemonFlagDebugLogLevelFatal	0.517s
PASS: docker_cli_daemon_test.go:906: DockerDaemonSuite.TestDaemonICCLinkExpose	2.259s
SKIP: docker_cli_daemon_test.go:870: DockerDaemonSuite.TestDaemonICCPing (unmatched requirement bridgeNfIptables)
PASS: docker_cli_daemon_test.go:841: DockerDaemonSuite.TestDaemonIP	1.970s
SKIP: docker_cli_daemon_test.go:355: DockerDaemonSuite.TestDaemonIPv6Enabled (unmatched requirement IPv6)
PASS: docker_cli_daemon_test.go:414: DockerDaemonSuite.TestDaemonIPv6FixedCIDR	1.180s
PASS: docker_cli_daemon_test.go:441: DockerDaemonSuite.TestDaemonIPv6FixedCIDRAndMac	1.199s
PASS: docker_cli_daemon_test.go:460: DockerDaemonSuite.TestDaemonIPv6HostMode	1.127s
PASS: docker_cli_daemon_test.go:293: DockerDaemonSuite.TestDaemonIptablesClean	1.297s
PASS: docker_cli_daemon_test.go:311: DockerDaemonSuite.TestDaemonIptablesCreate	1.827s
PASS: docker_cli_daemon_test.go:547: DockerDaemonSuite.TestDaemonKeyGeneration	0.523s
PASS: docker_cli_daemon_plugins_test.go:72: DockerDaemonSuite.TestDaemonKillLiveRestoreWithPlugins	5.723s
PASS: docker_cli_daemon_plugins_test.go:161: DockerDaemonSuite.TestDaemonKillWithPlugins	5.951s
time="2019-01-09T14:59:40Z" level=warning msg="Running modprobe nf_nat failed with message: ``, error: exec: \"modprobe\": executable file not found in $PATH"
time="2019-01-09T14:59:40Z" level=warning msg="Running modprobe xt_conntrack failed with message: ``, error: exec: \"modprobe\": executable file not found in $PATH"
PASS: docker_cli_daemon_test.go:932: DockerDaemonSuite.TestDaemonLinksIpTablesRulesWhenLinkAndUnlink	2.496s
PASS: docker_cli_daemon_test.go:477: DockerDaemonSuite.TestDaemonLogLevelDebug	0.511s
PASS: docker_cli_daemon_test.go:486: DockerDaemonSuite.TestDaemonLogLevelFatal	0.510s
PASS: docker_cli_daemon_test.go:473: DockerDaemonSuite.TestDaemonLogLevelWrong	0.036s
PASS: docker_cli_daemon_test.go:2251: DockerDaemonSuite.TestDaemonLogOptions	1.108s
PASS: docker_cli_daemon_test.go:1031: DockerDaemonSuite.TestDaemonLoggingDriverDefault	1.265s
PASS: docker_cli_daemon_test.go:1069: DockerDaemonSuite.TestDaemonLoggingDriverDefaultOverride	1.276s
PASS: docker_cli_daemon_test.go:1086: DockerDaemonSuite.TestDaemonLoggingDriverNone	1.262s
PASS: docker_cli_daemon_test.go:1143: DockerDaemonSuite.TestDaemonLoggingDriverNoneLogsError	1.228s
PASS: docker_cli_daemon_test.go:1103: DockerDaemonSuite.TestDaemonLoggingDriverNoneOverride	1.253s
PASS: docker_cli_daemon_test.go:1155: DockerDaemonSuite.TestDaemonLoggingDriverShouldBeIgnoredForBuild	1.626s
PASS: docker_cli_daemon_test.go:2264: DockerDaemonSuite.TestDaemonMaxConcurrency	0.519s
PASS: docker_cli_daemon_test.go:2276: DockerDaemonSuite.TestDaemonMaxConcurrencyWithConfigFile	3.511s
PASS: docker_cli_daemon_test.go:2317: DockerDaemonSuite.TestDaemonMaxConcurrencyWithConfigFileReload	6.512s
PASS: docker_cli_daemon_test.go:1772: DockerDaemonSuite.TestDaemonNoSpaceLeftOnDeviceError	6.186s
PASS: docker_cli_daemon_test.go:1503: DockerDaemonSuite.TestDaemonRestartCleanupNetns	1.834s
PASS: docker_cli_daemon_test.go:1799: DockerDaemonSuite.TestDaemonRestartContainerLinksRestart	7.541s
PASS: docker_cli_daemon_test.go:2966: DockerDaemonSuite.TestDaemonRestartIpcMode	2.175s
PASS: docker_cli_daemon_test.go:1244: DockerDaemonSuite.TestDaemonRestartKillWait	1.791s
PASS: docker_cli_daemon_test.go:1649: DockerDaemonSuite.TestDaemonRestartLocalVolumes	1.053s
PASS: docker_cli_daemon_test.go:170: DockerDaemonSuite.TestDaemonRestartOnFailure	3.647s
PASS: docker_cli_daemon_test.go:1013: DockerDaemonSuite.TestDaemonRestartRenameContainer	2.096s
PASS: docker_cli_network_unix_test.go:1667: DockerDaemonSuite.TestDaemonRestartRestoreBridgeNetwork	3.681s
PASS: docker_cli_daemon_test.go:1636: DockerDaemonSuite.TestDaemonRestartRmVolumeInUse	1.306s
PASS: docker_cli_daemon_test.go:2604: DockerDaemonSuite.TestDaemonRestartSaveContainerExitCode	1.763s
PASS: docker_cli_daemon_test.go:120: DockerDaemonSuite.TestDaemonRestartUnlessStopped	3.647s
PASS: docker_cli_daemon_test.go:2580: DockerDaemonSuite.TestDaemonRestartWithAutoRemoveContainer	2.236s
PASS: docker_cli_daemon_test.go:684: DockerDaemonSuite.TestDaemonRestartWithBridgeIPChange	1.545s
PASS: docker_cli_daemon_test.go:1490: DockerDaemonSuite.TestDaemonRestartWithContainerRunning	1.846s
PASS: docker_cli_daemon_test.go:1564: DockerDaemonSuite.TestDaemonRestartWithContainerWithRestartPolicyAlways	1.834s
SKIP: docker_cli_daemon_test.go:224: DockerDaemonSuite.TestDaemonRestartWithIncreasedBasesize (unmatched requirement Devicemapper)
SKIP: docker_cli_daemon_test.go:204: DockerDaemonSuite.TestDaemonRestartWithInvalidBasesize (unmatched requirement Devicemapper)
PASS: docker_cli_daemon_test.go:1955: DockerDaemonSuite.TestDaemonRestartWithKilledRunningContainer	2.708s
PASS: docker_cli_daemon_test.go:1884: DockerDaemonSuite.TestDaemonRestartWithLinks	3.220s
PASS: docker_cli_daemon_test.go:1907: DockerDaemonSuite.TestDaemonRestartWithNames	2.382s
PASS: docker_cli_daemon_test.go:1603: DockerDaemonSuite.TestDaemonRestartWithPausedContainer	2.115s
PASS: docker_cli_daemon_plugins_test.go:45: DockerDaemonSuite.TestDaemonRestartWithPluginDisabled	4.847s
PASS: docker_cli_daemon_plugins_test.go:16: DockerDaemonSuite.TestDaemonRestartWithPluginEnabled	13.249s
PASS: docker_cli_daemon_test.go:60: DockerDaemonSuite.TestDaemonRestartWithRunningContainersPorts	2.326s
PASS: docker_cli_daemon_test.go:1420: DockerDaemonSuite.TestDaemonRestartWithSocketAsVolume	1.761s
PASS: docker_cli_daemon_test.go:2052: DockerDaemonSuite.TestDaemonRestartWithUnpausedRunningContainer	1.874s
PASS: docker_cli_daemon_test.go:94: DockerDaemonSuite.TestDaemonRestartWithVolumesRefs	2.411s
PASS: docker_cli_daemon_plugins_test.go:98: DockerDaemonSuite.TestDaemonShutdownLiveRestoreWithPlugins	5.668s
PASS: docker_cli_daemon_test.go:2676: DockerDaemonSuite.TestDaemonShutdownTimeout	1.300s
PASS: docker_cli_daemon_test.go:2697: DockerDaemonSuite.TestDaemonShutdownTimeoutWithConfigFile	3.520s
PASS: docker_cli_daemon_plugins_test.go:123: DockerDaemonSuite.TestDaemonShutdownWithPlugins	6.873s
PASS: docker_cli_daemon_test.go:277: DockerDaemonSuite.TestDaemonStartBridgeWithoutIPAssociation	1.029s
PASS: docker_cli_daemon_test.go:199: DockerDaemonSuite.TestDaemonStartIptablesFalse	0.510s
PASS: docker_cli_daemon_test.go:1686: DockerDaemonSuite.TestDaemonStartWithDefaultTLSHost	0.552s
PASS: docker_cli_daemon_test.go:2941: DockerDaemonSuite.TestDaemonStartWithIpcModes	2.288s
PASS: docker_cli_daemon_test.go:2135: DockerDaemonSuite.TestDaemonStartWithoutColors	1.039s
PASS: docker_cli_daemon_test.go:1677: DockerDaemonSuite.TestDaemonStartWithoutHost	0.510s
PASS: docker_cli_daemon_test.go:1541: DockerDaemonSuite.TestDaemonTLSVerifyIssue13964	0.524s
PASS: docker_cli_daemon_test.go:965: DockerDaemonSuite.TestDaemonUlimitDefaults	2.237s
PASS: docker_cli_daemon_test.go:1170: DockerDaemonSuite.TestDaemonUnixSockCleanedUp	0.516s
PASS: docker_cli_userns_test.go:24: DockerDaemonSuite.TestDaemonUserNamespaceRootSetting	1.536s
PASS: docker_cli_daemon_test.go:1587: DockerDaemonSuite.TestDaemonWideLogConfig	1.121s
PASS: docker_cli_daemon_test.go:2645: DockerDaemonSuite.TestDaemonWithUserlandProxyPath	3.032s
PASS: docker_cli_daemon_test.go:1191: DockerDaemonSuite.TestDaemonWithWrongkey	0.566s
PASS: docker_cli_network_unix_test.go:807: DockerDaemonSuite.TestDockerNetworkNoDiscoveryDefaultBridgeNetwork	3.241s
PASS: docker_cli_exec_test.go:87: DockerDaemonSuite.TestExecAfterDaemonRestart	2.246s
PASS: docker_cli_daemon_test.go:2731: DockerDaemonSuite.TestExecWithUserAfterLiveRestore	12.194s
PASS: docker_cli_daemon_test.go:3006: DockerDaemonSuite.TestFailedPluginRemove	4.318s
PASS: docker_cli_daemon_test.go:1278: DockerDaemonSuite.TestHTTPSInfo	0.551s
PASS: docker_cli_daemon_test.go:1341: DockerDaemonSuite.TestHTTPSInfoRogueCert	0.528s
PASS: docker_cli_daemon_test.go:1370: DockerDaemonSuite.TestHTTPSInfoRogueServerCert	0.526s
PASS: docker_cli_daemon_test.go:1306: DockerDaemonSuite.TestHTTPSRun	1.265s
PASS: docker_cli_daemon_test.go:51: DockerDaemonSuite.TestLegacyDaemonCommand	0.000s
PASS: docker_cli_daemon_plugins_test.go:303: DockerDaemonSuite.TestPluginListFilterCapability	4.249s
PASS: docker_cli_daemon_plugins_test.go:275: DockerDaemonSuite.TestPluginListFilterEnabled	4.270s
PASS: docker_cli_daemon_plugins_test.go:234: DockerDaemonSuite.TestPluginVolumeRemoveOnRestart	5.795s
PASS: docker_cli_prune_unix_test.go:81: DockerDaemonSuite.TestPruneImageDangling	1.111s
PASS: docker_cli_prune_unix_test.go:270: DockerDaemonSuite.TestPruneImageLabel	1.973s
PASS: docker_cli_info_test.go:212: DockerDaemonSuite.TestRegistryMirrors	0.531s
SKIP: docker_cli_daemon_test.go:2759: DockerDaemonSuite.TestRemoveContainerAfterLiveRestore (unmatched requirement overlayFSSupported)
PASS: docker_cli_daemon_test.go:2792: DockerDaemonSuite.TestRestartPolicyWithLiveRestore	2.427s
PASS: docker_cli_daemon_test.go:2109: DockerDaemonSuite.TestRunLinksChanged	3.103s
PASS: docker_cli_run_unix_test.go:1443: DockerDaemonSuite.TestRunSeccompJSONNewFormat	1.237s
PASS: docker_cli_run_unix_test.go:1494: DockerDaemonSuite.TestRunSeccompJSONNoArchAndArchMap	0.882s
PASS: docker_cli_run_unix_test.go:1468: DockerDaemonSuite.TestRunSeccompJSONNoNameAndNames	0.870s
PASS: docker_cli_run_unix_test.go:1531: DockerDaemonSuite.TestRunWithDaemonDefaultSeccompProfile	2.301s
PASS: docker_cli_daemon_test.go:2521: DockerDaemonSuite.TestRunWithRuntimeFromCommandLine	5.169s
PASS: docker_cli_daemon_test.go:2403: DockerDaemonSuite.TestRunWithRuntimeFromConfigFile	6.825s
PASS: docker_cli_run_test.go:4110: DockerDaemonSuite.TestRunWithUlimitAndDaemonDefault	1.502s
PASS: docker_cli_daemon_test.go:2849: DockerDaemonSuite.TestShmSize	1.265s
PASS: docker_cli_daemon_test.go:2866: DockerDaemonSuite.TestShmSizeReload	1.854s
PASS: docker_cli_daemon_test.go:1332: DockerDaemonSuite.TestTLSVerify	0.047s
PASS: docker_cli_daemon_plugins_test.go:188: DockerDaemonSuite.TestVolumePlugin	8.188s
PASS: docker_api_swarm_test.go:898: DockerSwarmSuite.TestAPIDuplicateNetworks	1.433s
PASS: docker_api_swarm_test.go:1024: DockerSwarmSuite.TestAPINetworkInspectWithScope	1.308s
PASS: docker_api_swarm_service_test.go:33: DockerSwarmSuite.TestAPIServiceUpdatePort	2.487s
PASS: docker_api_swarm_test.go:186: DockerSwarmSuite.TestAPISwarmCAHash	12.153s
PASS: docker_api_swarm_test.go:882: DockerSwarmSuite.TestAPISwarmErrorHandling	0.732s
PASS: docker_api_swarm_test.go:554: DockerSwarmSuite.TestAPISwarmForceNewCluster	14.032s
SKIP: docker_api_swarm_test.go:928: DockerSwarmSuite.TestAPISwarmHealthcheckNone (Root cause of Issue #36386 is needed)
PASS: docker_api_swarm_test.go:36: DockerSwarmSuite.TestAPISwarmInit	14.622s
PASS: docker_api_swarm_test.go:536: DockerSwarmSuite.TestAPISwarmInvalidAddress	0.715s
PASS: docker_api_swarm_test.go:82: DockerSwarmSuite.TestAPISwarmJoinToken	47.556s
PASS: docker_api_swarm_test.go:297: DockerSwarmSuite.TestAPISwarmLeaderElection	22.012s
PASS: docker_api_swarm_test.go:272: DockerSwarmSuite.TestAPISwarmLeaderProxy	3.971s
PASS: docker_api_swarm_test.go:437: DockerSwarmSuite.TestAPISwarmLeaveOnPendingJoin	22.923s
PASS: docker_api_swarm_test.go:414: DockerSwarmSuite.TestAPISwarmLeaveRemovesContainer	3.085s
PASS: docker_api_swarm_node_test.go:14: DockerSwarmSuite.TestAPISwarmListNodes	3.073s
PASS: docker_api_swarm_test.go:486: DockerSwarmSuite.TestAPISwarmManagerRestore	22.902s
PASS: docker_api_swarm_node_test.go:75: DockerSwarmSuite.TestAPISwarmNodeDrainPause	13.718s
PASS: docker_api_swarm_node_test.go:46: DockerSwarmSuite.TestAPISwarmNodeRemove	29.553s
PASS: docker_api_swarm_node_test.go:33: DockerSwarmSuite.TestAPISwarmNodeUpdate	1.395s
PASS: docker_api_swarm_test.go:202: DockerSwarmSuite.TestAPISwarmPromoteDemote	8.662s
PASS: docker_api_swarm_test.go:367: DockerSwarmSuite.TestAPISwarmRaftQuorum	50.298s
PASS: docker_api_swarm_test.go:790: DockerSwarmSuite.TestAPISwarmRestartCluster	24.348s
PASS: docker_api_swarm_test.go:467: DockerSwarmSuite.TestAPISwarmRestoreOnPendingJoin	21.748s
PASS: docker_api_swarm_test.go:512: DockerSwarmSuite.TestAPISwarmScaleNoRollingUpdate	3.215s
PASS: docker_api_swarm_service_test.go:402: DockerSwarmSuite.TestAPISwarmServiceConstraintLabel	6.861s
PASS: docker_api_swarm_service_test.go:350: DockerSwarmSuite.TestAPISwarmServiceConstraintRole	5.218s
PASS: docker_api_swarm_service_test.go:497: DockerSwarmSuite.TestAPISwarmServicePlacementPrefs	4.133s
PASS: docker_api_swarm_service_test.go:62: DockerSwarmSuite.TestAPISwarmServicesCreate	4.947s
PASS: docker_api_swarm_service_test.go:123: DockerSwarmSuite.TestAPISwarmServicesCreateGlobal	6.224s
PASS: docker_api_swarm_service_test.go:54: DockerSwarmSuite.TestAPISwarmServicesEmptyList	1.382s
PASS: docker_api_swarm_service_test.go:310: DockerSwarmSuite.TestAPISwarmServicesFailedUpdate	10.895s
PASS: docker_api_swarm_service_test.go:95: DockerSwarmSuite.TestAPISwarmServicesMultipleAgents	20.022s
PASS: docker_api_swarm_service_test.go:539: DockerSwarmSuite.TestAPISwarmServicesStateReporting	8.909s
PASS: docker_api_swarm_service_test.go:141: DockerSwarmSuite.TestAPISwarmServicesUpdate	26.549s
PASS: docker_api_swarm_service_test.go:201: DockerSwarmSuite.TestAPISwarmServicesUpdateStartFirst	22.994s
PASS: docker_api_swarm_test.go:855: DockerSwarmSuite.TestAPISwarmServicesUpdateWithName	3.296s
PASS: docker_api_swarm_test.go:874: DockerSwarmSuite.TestAPISwarmUnlockNotLocked	1.390s
PASS: docker_cli_swarm_test.go:945: DockerSwarmSuite.TestDNSConfig	2.186s
PASS: docker_cli_swarm_test.go:972: DockerSwarmSuite.TestDNSConfigUpdate	2.119s
PASS: docker_cli_swarm_test.go:1419: DockerSwarmSuite.TestExtraHosts	2.093s
PASS: docker_cli_swarm_test.go:1613: DockerSwarmSuite.TestNetworkInspectWithDuplicateNames	1.664s
PASS: docker_cli_swarm_test.go:394: DockerSwarmSuite.TestOverlayAttachable	2.637s
PASS: docker_cli_swarm_test.go:416: DockerSwarmSuite.TestOverlayAttachableOnSwarmLeave	3.243s
PASS: docker_cli_swarm_test.go:442: DockerSwarmSuite.TestOverlayAttachableReleaseResourcesOnFailure	22.951s
PASS: docker_cli_prune_unix_test.go:42: DockerSwarmSuite.TestPruneNetwork	9.624s
PASS: docker_cli_swarm_test.go:597: DockerSwarmSuite.TestPsListContainersFilterIsTask	2.520s
PASS: docker_cli_service_create_test.go:361: DockerSwarmSuite.TestServiceCreateMountTmpfs	1.984s
PASS: docker_cli_service_create_test.go:18: DockerSwarmSuite.TestServiceCreateMountVolume	2.030s
PASS: docker_cli_service_create_test.go:313: DockerSwarmSuite.TestServiceCreateWithConfigReferencedTwice	2.292s
PASS: docker_cli_service_create_test.go:214: DockerSwarmSuite.TestServiceCreateWithConfigSimple	1.452s
PASS: docker_cli_service_create_test.go:248: DockerSwarmSuite.TestServiceCreateWithConfigSourceTargetPaths	2.422s
PASS: docker_cli_service_create_test.go:414: DockerSwarmSuite.TestServiceCreateWithNetworkAlias	17.038s
PASS: docker_cli_service_create_test.go:166: DockerSwarmSuite.TestServiceCreateWithSecretReferencedTwice	2.286s
PASS: docker_cli_service_create_test.go:66: DockerSwarmSuite.TestServiceCreateWithSecretSimple	1.467s
PASS: docker_cli_service_create_test.go:100: DockerSwarmSuite.TestServiceCreateWithSecretSourceTargetPaths	2.511s
PASS: docker_cli_service_health_test.go:20: DockerSwarmSuite.TestServiceHealthRun	7.061s
PASS: docker_cli_service_health_test.go:82: DockerSwarmSuite.TestServiceHealthStart	5.429s
PASS: docker_cli_service_logs_test.go:24: DockerSwarmSuite.TestServiceLogs	2.419s
PASS: docker_cli_service_logs_test.go:71: DockerSwarmSuite.TestServiceLogsCompleteness	2.199s
PASS: docker_cli_service_logs_test.go:343: DockerSwarmSuite.TestServiceLogsDetails	2.210s
PASS: docker_cli_service_logs_test.go:157: DockerSwarmSuite.TestServiceLogsFollow	1.735s
PASS: docker_cli_service_logs_test.go:294: DockerSwarmSuite.TestServiceLogsNoHangDeletedContainer	14.480s
PASS: docker_cli_service_logs_test.go:122: DockerSwarmSuite.TestServiceLogsSince	2.460s
PASS: docker_cli_service_logs_test.go:256: DockerSwarmSuite.TestServiceLogsTTY	2.240s
PASS: docker_cli_service_logs_test.go:98: DockerSwarmSuite.TestServiceLogsTail	2.105s
PASS: docker_cli_service_logs_test.go:203: DockerSwarmSuite.TestServiceLogsTaskLogs	2.358s
PASS: docker_cli_service_scale_test.go:13: DockerSwarmSuite.TestServiceScale	1.532s
PASS: docker_cli_swarm_test.go:1394: DockerSwarmSuite.TestSwarmAlternateLockUnlock	13.041s
PASS: docker_cli_swarm_test.go:1972: DockerSwarmSuite.TestSwarmClusterEventsConfig	1.431s
PASS: docker_cli_swarm_test.go:1933: DockerSwarmSuite.TestSwarmClusterEventsNetwork	1.469s
PASS: docker_cli_swarm_test.go:1903: DockerSwarmSuite.TestSwarmClusterEventsNode	4.107s
PASS: docker_cli_swarm_test.go:1819: DockerSwarmSuite.TestSwarmClusterEventsScope	7.374s
PASS: docker_cli_swarm_test.go:1952: DockerSwarmSuite.TestSwarmClusterEventsSecret	1.436s
PASS: docker_cli_swarm_test.go:1863: DockerSwarmSuite.TestSwarmClusterEventsService	14.805s
PASS: docker_cli_swarm_test.go:1799: DockerSwarmSuite.TestSwarmClusterEventsSource	3.545s
PASS: docker_cli_swarm_test.go:1840: DockerSwarmSuite.TestSwarmClusterEventsType	7.383s

----------------------------------------------------------------------
FAIL: docker_cli_swarm_test.go:1316: DockerSwarmSuite.TestSwarmClusterRotateUnlockKey

[d15850ae004b8] waiting for daemon to start
[d15850ae004b8] daemon started

[da1b8d5599af5] waiting for daemon to start
[da1b8d5599af5] daemon started

[d99481af71275] waiting for daemon to start
[d99481af71275] daemon started

[da1b8d5599af5] exiting daemon
[da1b8d5599af5] waiting for daemon to start
[da1b8d5599af5] daemon started

[d99481af71275] exiting daemon
[d99481af71275] waiting for daemon to start
[d99481af71275] daemon started

[da1b8d5599af5] exiting daemon
[da1b8d5599af5] waiting for daemon to start
[da1b8d5599af5] daemon started

[d99481af71275] exiting daemon
[d99481af71275] waiting for daemon to start
[d99481af71275] daemon started

docker_cli_swarm_test.go:1386:
    c.Assert(err, checker.IsNil, check.Commentf("%s", outs))
... value *exec.ExitError = &exec.ExitError{ProcessState:(*os.ProcessState)(0xc00000c020), Stderr:[]uint8(nil)} ("exit status 1")
... Error response from daemon: rpc error: code = Unknown desc = The swarm does not have a leader. It's possible that too few managers are online. Make sure more than half of the managers are online.


[d15850ae004b8] exiting daemon
[da1b8d5599af5] exiting daemon
[d99481af71275] exiting daemon

----------------------------------------------------------------------
PASS: docker_cli_swarm_test.go:366: DockerSwarmSuite.TestSwarmContainerAttachByNetworkId	3.258s
PASS: docker_cli_swarm_test.go:319: DockerSwarmSuite.TestSwarmContainerAutoStart	4.856s
PASS: docker_cli_swarm_test.go:341: DockerSwarmSuite.TestSwarmContainerEndpointOptions	6.366s
PASS: docker_cli_swarm_test.go:520: DockerSwarmSuite.TestSwarmCreateServiceWithNoIngressNetwork	1.491s
PASS: docker_cli_swarm_test.go:146: DockerSwarmSuite.TestSwarmIncompatibleDaemon	3.788s
PASS: docker_cli_swarm_test.go:466: DockerSwarmSuite.TestSwarmIngressNetwork	1.713s
PASS: docker_cli_swarm_test.go:84: DockerSwarmSuite.TestSwarmInit	2.866s
SKIP: docker_cli_swarm_test.go:127: DockerSwarmSuite.TestSwarmInitIPv6 (unmatched requirement IPv6)
PASS: docker_cli_swarm_test.go:1053: DockerSwarmSuite.TestSwarmInitLocked	4.576s
PASS: docker_cli_swarm_test.go:139: DockerSwarmSuite.TestSwarmInitUnspecifiedAdvertiseAddr	0.734s
PASS: docker_cli_swarm_test.go:1737: DockerSwarmSuite.TestSwarmInitUnspecifiedDataPathAddr	0.752s
PASS: docker_cli_swarm_test.go:1581: DockerSwarmSuite.TestSwarmInitWithDrain	1.411s
PASS: docker_cli_swarm_test.go:1749: DockerSwarmSuite.TestSwarmJoinLeave	53.315s
PASS: docker_cli_swarm_test.go:1189: DockerSwarmSuite.TestSwarmJoinPromoteLocked	41.519s
PASS: docker_cli_swarm_test.go:1553: DockerSwarmSuite.TestSwarmJoinWithDrain	2.813s
PASS: docker_cli_swarm_test.go:1095: DockerSwarmSuite.TestSwarmLeaveLocked	3.495s
PASS: docker_cli_swarm_test.go:1128: DockerSwarmSuite.TestSwarmLockUnlockCluster	98.420s
PASS: docker_cli_swarm_test.go:1442: DockerSwarmSuite.TestSwarmManagerAddress	3.147s
PASS: docker_cli_swarm_test.go:1512: DockerSwarmSuite.TestSwarmNetworkCreateDup	1.782s
PASS: docker_cli_swarm_test.go:1489: DockerSwarmSuite.TestSwarmNetworkCreateIssue27866	1.476s
PASS: docker_cli_swarm_test.go:1463: DockerSwarmSuite.TestSwarmNetworkIPAMOptions	2.847s
PASS: docker_cli_swarm_test.go:798: DockerSwarmSuite.TestSwarmNetworkPlugin	1.402s
PASS: docker_cli_swarm_unix_test.go:57: DockerSwarmSuite.TestSwarmNetworkPluginV2	47.230s
PASS: docker_cli_swarm_test.go:229: DockerSwarmSuite.TestSwarmNodeListFilter	1.506s
PASS: docker_cli_swarm_test.go:248: DockerSwarmSuite.TestSwarmNodeTaskListFilter	2.700s
PASS: docker_cli_swarm_test.go:275: DockerSwarmSuite.TestSwarmPublishAdd	1.437s
PASS: docker_cli_swarm_test.go:1534: DockerSwarmSuite.TestSwarmPublishDuplicatePorts	2.545s
PASS: docker_cli_swarm_test.go:1592: DockerSwarmSuite.TestSwarmReadonlyRootfs	2.156s
PASS: docker_api_swarm_test.go:955: DockerSwarmSuite.TestSwarmRepeatedRootRotation	14.779s
PASS: docker_cli_swarm_test.go:1248: DockerSwarmSuite.TestSwarmRotateUnlockKey	13.612s
PASS: docker_cli_swarm_test.go:817: DockerSwarmSuite.TestSwarmServiceEnvFile	1.447s
PASS: docker_cli_swarm_test.go:188: DockerSwarmSuite.TestSwarmServiceListFilter	1.523s
PASS: docker_cli_swarm_test.go:1706: DockerSwarmSuite.TestSwarmServiceLsFilterMode	2.435s
PASS: docker_cli_swarm_test.go:906: DockerSwarmSuite.TestSwarmServiceNetworkUpdate	6.055s
PASS: docker_cli_swarm_test.go:835: DockerSwarmSuite.TestSwarmServiceTTY	14.360s
PASS: docker_cli_swarm_test.go:883: DockerSwarmSuite.TestSwarmServiceTTYUpdate	2.259s
PASS: docker_cli_swarm_test.go:170: DockerSwarmSuite.TestSwarmServiceTemplatingHostname	2.129s
PASS: docker_cli_swarm_test.go:297: DockerSwarmSuite.TestSwarmServiceWithGroup	2.326s
PASS: docker_cli_swarm_test.go:1678: DockerSwarmSuite.TestSwarmStopSignal	2.261s
PASS: docker_cli_swarm_test.go:539: DockerSwarmSuite.TestSwarmTaskListFilter	1.752s
PASS: docker_cli_swarm_test.go:36: DockerSwarmSuite.TestSwarmUpdate	1.504s
PASS: docker_cli_swarm_unix_test.go:15: DockerSwarmSuite.TestSwarmVolumePlugin	21.936s
PASS: docker_cli_swarm_test.go:1028: DockerSwarmSuite.TestUnlockEngineAndUnlockedSwarm	1.376s
PASS: docker_api_swarm_test.go:164: DockerSwarmSuite.TestUpdateSwarmAddExternalCA	1.425s
time="2019-01-09T15:31:01Z" level=info msg="Attempting next endpoint for push after error: Get https://127.0.0.1:5000/v2/: http: server gave HTTP response to HTTPS client"
PASS: docker_cli_plugins_test.go:31: DockerPluginSuite.TestPluginBasicOps	1.061s
PASS: docker_cli_plugins_test.go:262: DockerPluginSuite.TestPluginCreate	0.129s
PASS: docker_cli_plugins_test.go:240: DockerPluginSuite.TestPluginEnableDisableNegative	1.030s
PASS: docker_cli_plugins_test.go:62: DockerPluginSuite.TestPluginForceRemove	1.020s
PASS: docker_cli_plugins_test.go:354: DockerPluginSuite.TestPluginIDPrefix	1.442s
PASS: docker_cli_plugins_test.go:294: DockerPluginSuite.TestPluginInspect	1.119s
time="2019-01-09T15:32:38Z" level=info msg="Attempting next endpoint for push after error: Get https://127.0.0.1:5000/v2/: http: server gave HTTP response to HTTPS client"
PASS: docker_cli_plugins_test.go:210: DockerPluginSuite.TestPluginInstallArgs	0.812s
PASS: docker_cli_plugins_test.go:126: DockerPluginSuite.TestPluginInstallDisable	1.055s
PASS: docker_cli_plugins_test.go:226: DockerPluginSuite.TestPluginInstallImage	0.190s
PASS: docker_cli_plugins_test.go:411: DockerPluginSuite.TestPluginListDefaultFormat	0.561s
PASS: docker_cli_plugins_test.go:159: DockerPluginSuite.TestPluginSet	0.638s
PASS: docker_cli_external_volume_driver_unix_test.go:446: DockerExternalVolumeSuite.TestExternalVolumeDriverBindExternalVolume	0.391s
PASS: docker_cli_external_volume_driver_unix_test.go:545: DockerExternalVolumeSuite.TestExternalVolumeDriverCapabilities	0.610s
PASS: docker_cli_external_volume_driver_unix_test.go:352: DockerExternalVolumeSuite.TestExternalVolumeDriverDeleteContainer	1.297s
PASS: docker_cli_external_volume_driver_unix_test.go:475: DockerExternalVolumeSuite.TestExternalVolumeDriverGet	15.046s
PASS: docker_cli_external_volume_driver_unix_test.go:508: DockerExternalVolumeSuite.TestExternalVolumeDriverGetEmptyResponse	0.548s
PASS: docker_cli_external_volume_driver_unix_test.go:461: DockerExternalVolumeSuite.TestExternalVolumeDriverList	15.033s
PASS: docker_cli_external_volume_driver_unix_test.go:373: DockerExternalVolumeSuite.TestExternalVolumeDriverLookupNotBlocked	0.115s
PASS: docker_cli_external_volume_driver_unix_test.go:536: DockerExternalVolumeSuite.TestExternalVolumeDriverMountID	1.295s
PASS: docker_cli_external_volume_driver_unix_test.go:297: DockerExternalVolumeSuite.TestExternalVolumeDriverNamed	1.332s
PASS: docker_cli_external_volume_driver_unix_test.go:559: DockerExternalVolumeSuite.TestExternalVolumeDriverOutOfBandDelete	0.801s
PASS: docker_cli_external_volume_driver_unix_test.go:523: DockerExternalVolumeSuite.TestExternalVolumeDriverPathCalls	15.544s
PASS: docker_cli_external_volume_driver_unix_test.go:409: DockerExternalVolumeSuite.TestExternalVolumeDriverRetryNotImmediatelyExists	4.320s
PASS: docker_cli_external_volume_driver_unix_test.go:618: DockerExternalVolumeSuite.TestExternalVolumeDriverUnmountOnCp	1.456s
PASS: docker_cli_external_volume_driver_unix_test.go:608: DockerExternalVolumeSuite.TestExternalVolumeDriverUnmountOnMountFail	0.985s
PASS: docker_cli_external_volume_driver_unix_test.go:319: DockerExternalVolumeSuite.TestExternalVolumeDriverUnnamed	1.287s
PASS: docker_cli_external_volume_driver_unix_test.go:333: DockerExternalVolumeSuite.TestExternalVolumeDriverVolumesFrom	1.930s
PASS: docker_cli_external_volume_driver_unix_test.go:495: DockerExternalVolumeSuite.TestExternalVolumeDriverWithDaemonRestart	1.082s
PASS: docker_cli_external_volume_driver_unix_test.go:285: DockerExternalVolumeSuite.TestVolumeCLICreateOptionConflict	0.051s
PASS: docker_cli_network_unix_test.go:1787: DockerNetworkSuite.TestConntrackFlowsLeak	3.846s
PASS: docker_deprecated_api_v124_unix_test.go:14: DockerNetworkSuite.TestDeprecatedDockerNetworkStartAPIWithHostconfig	0.481s
PASS: docker_cli_network_unix_test.go:865: DockerNetworkSuite.TestDockerNetworkAnonymousEndpoint	2.858s
PASS: docker_cli_network_unix_test.go:539: DockerNetworkSuite.TestDockerNetworkConnectDisconnect	1.266s
PASS: docker_cli_network_unix_test.go:1258: DockerNetworkSuite.TestDockerNetworkConnectDisconnectToStoppedContainer	2.529s
PASS: docker_cli_network_unix_test.go:1192: DockerNetworkSuite.TestDockerNetworkConnectDisconnectWithPortMapping	0.940s
PASS: docker_cli_network_unix_test.go:1415: DockerNetworkSuite.TestDockerNetworkConnectLinkLocalIP	4.705s
PASS: docker_cli_network_unix_test.go:1308: DockerNetworkSuite.TestDockerNetworkConnectPreferredIP	1.792s
PASS: docker_cli_network_unix_test.go:1344: DockerNetworkSuite.TestDockerNetworkConnectPreferredIPStoppedContainer	1.032s
PASS: docker_cli_network_unix_test.go:1158: DockerNetworkSuite.TestDockerNetworkConnectToHostFromOtherNetwork	0.477s
PASS: docker_cli_network_unix_test.go:1523: DockerNetworkSuite.TestDockerNetworkConnectWithAliasOnDefaultNetworks	0.390s
PASS: docker_cli_network_unix_test.go:1229: DockerNetworkSuite.TestDockerNetworkConnectWithMac	0.561s
PASS: docker_cli_network_unix_test.go:1175: DockerNetworkSuite.TestDockerNetworkConnectWithPortMapping	0.543s
PASS: docker_cli_network_unix_test.go:374: DockerNetworkSuite.TestDockerNetworkCreateDelete	0.158s
PASS: docker_cli_network_unix_test.go:1655: DockerNetworkSuite.TestDockerNetworkCreateDeleteSpecialCharacters	0.279s
PASS: docker_cli_network_unix_test.go:298: DockerNetworkSuite.TestDockerNetworkCreateHostBind	0.527s
PASS: docker_cli_network_unix_test.go:382: DockerNetworkSuite.TestDockerNetworkCreateLabel	0.151s
PASS: docker_cli_network_unix_test.go:289: DockerNetworkSuite.TestDockerNetworkCreatePredefined	0.047s
PASS: docker_cli_network_unix_test.go:633: DockerNetworkSuite.TestDockerNetworkCustomIPAM	0.142s
PASS: docker_cli_network_unix_test.go:1292: DockerNetworkSuite.TestDockerNetworkDisconnectContainerNonexistingNetwork	0.789s
PASS: docker_cli_network_unix_test.go:1503: DockerNetworkSuite.TestDockerNetworkDisconnectDefault	0.644s
PASS: docker_cli_network_unix_test.go:1773: DockerNetworkSuite.TestDockerNetworkDisconnectFromBridge	0.085s
PASS: docker_cli_network_unix_test.go:1167: DockerNetworkSuite.TestDockerNetworkDisconnectFromHost	0.294s
PASS: docker_cli_network_unix_test.go:768: DockerNetworkSuite.TestDockerNetworkDriverOptions	0.067s
PASS: docker_cli_network_unix_test.go:979: DockerNetworkSuite.TestDockerNetworkDriverUngracefulRestart	2.203s
PASS: docker_cli_network_unix_test.go:1737: DockerNetworkSuite.TestDockerNetworkFlagAlias	1.865s
PASS: docker_cli_network_unix_test.go:1132: DockerNetworkSuite.TestDockerNetworkHostModeUngracefulDaemonRestart	7.539s
PASS: docker_cli_network_unix_test.go:744: DockerNetworkSuite.TestDockerNetworkIPAMInvalidCombinations	0.179s
PASS: docker_cli_network_unix_test.go:592: DockerNetworkSuite.TestDockerNetworkIPAMMultipleNetworks	0.753s
PASS: docker_cli_network_unix_test.go:649: DockerNetworkSuite.TestDockerNetworkIPAMOptions	0.063s
PASS: docker_cli_network_unix_test.go:1241: DockerNetworkSuite.TestDockerNetworkInspectCreatedContainer	0.069s
PASS: docker_cli_network_unix_test.go:725: DockerNetworkSuite.TestDockerNetworkInspectCustomSpecified	0.146s
PASS: docker_cli_network_unix_test.go:706: DockerNetworkSuite.TestDockerNetworkInspectCustomUnspecified	0.143s
PASS: docker_cli_network_unix_test.go:678: DockerNetworkSuite.TestDockerNetworkInspectDefault	0.002s
PASS: docker_cli_network_unix_test.go:926: DockerNetworkSuite.TestDockerNetworkLinkOnDefaultNetworkOnly	1.742s
PASS: docker_cli_network_unix_test.go:282: DockerNetworkSuite.TestDockerNetworkLsDefault	0.040s
SKIP: docker_cli_network_unix_test.go:318: DockerNetworkSuite.TestDockerNetworkLsFilter (unmatched requirement OnlyDefaultNetworks)
PASS: docker_cli_network_unix_test.go:1020: DockerNetworkSuite.TestDockerNetworkMacInspect	0.510s
PASS: docker_cli_network_unix_test.go:1086: DockerNetworkSuite.TestDockerNetworkMultipleNetworksGracefulDaemonRestart	2.978s
PASS: docker_cli_network_unix_test.go:1105: DockerNetworkSuite.TestDockerNetworkMultipleNetworksUngracefulDaemonRestart	2.679s
PASS: docker_cli_network_unix_test.go:662: DockerNetworkSuite.TestDockerNetworkNullIPAMDriver	0.037s
PASS: docker_cli_network_unix_test.go:952: DockerNetworkSuite.TestDockerNetworkOverlayPortMapping	0.541s
PASS: docker_cli_network_unix_test.go:1247: DockerNetworkSuite.TestDockerNetworkRestartWithMultipleNetworks	1.279s
PASS: docker_cli_network_unix_test.go:309: DockerNetworkSuite.TestDockerNetworkRmPredefined	0.050s
PASS: docker_cli_network_unix_test.go:1126: DockerNetworkSuite.TestDockerNetworkRunNetByID	0.487s
PASS: docker_cli_network_unix_test.go:1367: DockerNetworkSuite.TestDockerNetworkUnsupportedRequiredIP	0.557s
PASS: docker_cli_network_unix_test.go:1749: DockerNetworkSuite.TestDockerNetworkValidateIP	0.702s
PASS: docker_cli_network_unix_test.go:783: DockerNetworkSuite.TestDockerPluginV2NetworkDriver	9.671s
PASS: docker_cli_pull_test.go:194: DockerHubPullSuite.TestPullAllTagsFromCentralRegistry	5.221s
PASS: docker_cli_pull_test.go:238: DockerHubPullSuite.TestPullClientDisconnect	3.052s
PASS: docker_cli_pull_test.go:17: DockerHubPullSuite.TestPullFromCentralRegistry	2.139s
PASS: docker_cli_pull_test.go:116: DockerHubPullSuite.TestPullFromCentralRegistryImplicitRefParts	10.347s
PASS: docker_cli_pull_test.go:41: DockerHubPullSuite.TestPullNonExistingImage	1.084s
PASS: docker_cli_pull_test.go:184: DockerHubPullSuite.TestPullScratchNotAllowed	0.022s
OOPS: 1471 passed, 52 skipped, 1 FAILED
--- FAIL: Test (5544.62s)
FAIL
---> Making bundle: .integration-daemon-stop (in bundles/test-integration)
/go/src/github.com/docker/docker/hack/make/.integration-daemon-stop: line 10: wait: pid 1212 is not a child of this shell
warning: PID 1212 from bundles/test-integration/d38ab32b143b3/docker.pid had a nonzero exit code
Clearing AppArmor profiles cache:.
All profile caches have been cleared, but no profiles have been unloaded.
Unloading profiles will leave already running processes permanently
unconfined, which can lead to unexpected situations.

To set a process to complain mode, use the command line tool
'aa-complain'. To really tear down all profiles, run the init script
with the 'teardown' option."
Removing test suite binaries
Build step 'Execute shell' marked build as failure
Set build name.
New build name is '#38441'
[PostBuildScript] - Executing post build scripts.
[Docker-PRs-experimental] $ /bin/sh -xe /tmp/jenkins6482880154780765202.sh
+ echo Ensuring container killed.
Ensuring container killed.
+ docker rm -vf docker-pr-exp43656
Error: No such container: docker-pr-exp43656
+ true
+ echo Chowning /workspace to jenkins user
Chowning /workspace to jenkins user
+ id -u
+ id -g
+ docker run --rm -v /home/ubuntu/workspace/Docker-PRs-experimental:/workspace busybox chown -R 1000:1000 /workspace
[Docker-PRs-experimental] $ /bin/sh -xe /tmp/jenkins7818851534804573993.sh
+ echo Creating bundles.tar.gz
Creating bundles.tar.gz
+ find bundles -name *.log
+ xargs tar -czf bundles.tar.gz
Archiving artifacts
Notifying endpoint with url 'https://leeroy.dockerproject.org/notification/jenkins'
[WS-CLEANUP] Deleting project workspace...[WS-CLEANUP] done
Finished: FAILURE
