Started by user Gordon
Notifying endpoint with url 'https://leeroy.dockerproject.org/notification/jenkins'
[EnvInject] - Loading node environment variables.
Building remotely on ubuntu-1604-aufs-stable (i-08b0d1117f367758d) (docker-edge ubuntu aufs docker-stable docker ubuntu-1604-aufs-edge x86_64 ec2 linux ubuntu-1604-aufs ubuntu-1604 amd64 ubuntu-1604-aufs-stable us-west-2) in workspace /home/ubuntu/workspace/Docker-PRs-experimental
Wiping out workspace first.
Cloning the remote Git repository
Cloning repository https://github.com/moby/moby.git
 > git init /home/ubuntu/workspace/Docker-PRs-experimental # timeout=10
Fetching upstream changes from https://github.com/moby/moby.git
 > git --version # timeout=10
 > git fetch --tags --progress https://github.com/moby/moby.git +refs/heads/*:refs/remotes/origin/*
 > git config remote.origin.url https://github.com/moby/moby.git # timeout=10
 > git config --add remote.origin.fetch +refs/heads/*:refs/remotes/origin/* # timeout=10
 > git config remote.origin.url https://github.com/moby/moby.git # timeout=10
Fetching upstream changes from https://github.com/moby/moby.git
 > git fetch --tags --progress https://github.com/moby/moby.git +refs/heads/*:refs/remotes/origin/*
 > git rev-parse origin/master^{commit} # timeout=10
Checking out Revision 156b2abd0c29f57d83a8d496c3f572a4beb4e396 (origin/master)
 > git config core.sparsecheckout # timeout=10
 > git checkout -f 156b2abd0c29f57d83a8d496c3f572a4beb4e396
Commit message: "Merge pull request #38472 from thaJeztah/remove_debugging_code"
 > git rev-list --no-walk 156b2abd0c29f57d83a8d496c3f572a4beb4e396 # timeout=10
Set build name.
New build name is '#38050'
[Docker-PRs-experimental] $ /bin/bash /tmp/jenkins5747925838762948830.sh
From https://github.com/moby/moby
 * [new ref]         refs/pull/38050/head -> origin/pr/38050
Updating 156b2ab..d90da38
Fast-forward
 Dockerfile                                    | 14 +++++
 cli/config/configdir.go                       |  2 +
 cmd/dockerd/config.go                         | 15 ++++-
 cmd/dockerd/config_common_unix.go             | 41 ++++++++++--
 cmd/dockerd/config_unix.go                    | 11 +++-
 cmd/dockerd/config_unix_test.go               |  3 +-
 cmd/dockerd/config_windows.go                 | 22 ++++---
 cmd/dockerd/daemon.go                         | 51 ++++++++++++---
 cmd/dockerd/daemon_test.go                    | 16 +++--
 cmd/dockerd/daemon_unix.go                    | 28 ++++++++-
 cmd/dockerd/daemon_windows.go                 | 10 +--
 cmd/dockerd/docker.go                         | 25 ++++++--
 cmd/dockerd/options.go                        |  2 +
 contrib/dockerd-rootless.sh                   | 69 ++++++++++++++++++++
 daemon/config/config_unix.go                  |  6 ++
 daemon/config/config_windows.go               |  5 ++
 daemon/daemon.go                              |  1 +
 daemon/daemon_unix.go                         |  3 -
 daemon/info.go                                |  3 +
 daemon/info_unix.go                           |  4 ++
 daemon/info_windows.go                        |  4 ++
 daemon/listeners/listeners_linux.go           |  5 ++
 daemon/oci_linux.go                           |  9 ++-
 docs/rootless.md                              | 90 +++++++++++++++++++++++++++
 hack/dockerfile/install/rootlesskit.installer | 34 ++++++++++
 hack/dockerfile/install/slirp4netns.installer | 28 +++++++++
 hack/make/.binary-setup                       |  3 +
 hack/make/binary-daemon                       |  3 +-
 hack/make/install-binary                      |  3 +
 opts/hosts.go                                 | 15 ++++-
 opts/hosts_test.go                            |  4 +-
 pkg/homedir/homedir_linux.go                  | 88 ++++++++++++++++++++++++++
 pkg/homedir/homedir_others.go                 | 20 ++++++
 pkg/sysinfo/sysinfo_linux.go                  |  4 +-
 rootless/rootless.go                          | 26 ++++++++
 rootless/specconv/specconv_linux.go           | 38 +++++++++++
 36 files changed, 650 insertions(+), 55 deletions(-)
 create mode 100755 contrib/dockerd-rootless.sh
 create mode 100644 docs/rootless.md
 create mode 100755 hack/dockerfile/install/rootlesskit.installer
 create mode 100755 hack/dockerfile/install/slirp4netns.installer
 create mode 100644 rootless/rootless.go
 create mode 100644 rootless/specconv/specconv_linux.go
Sending build context to Docker daemon  45.13MB
Step 1/108 : FROM golang:1.11.4 AS base
 ---> 343df9d12b7b
Step 2/108 : ARG APT_MIRROR=deb.debian.org
 ---> Using cache
 ---> 0ecb90f539dd
Step 3/108 : RUN sed -ri "s/(httpredir|deb).debian.org/$APT_MIRROR/g" /etc/apt/sources.list
 ---> Using cache
 ---> 9e66301b9f1b
Step 4/108 : FROM base AS criu
 ---> 9e66301b9f1b
Step 5/108 : ENV CRIU_VERSION 3.6
 ---> Using cache
 ---> f52458ba407c
Step 6/108 : RUN apt-get update && apt-get install -y 	libnet-dev 	libprotobuf-c0-dev 	libprotobuf-dev 	libnl-3-dev 	libcap-dev 	protobuf-compiler 	protobuf-c-compiler 	python-protobuf 	&& mkdir -p /usr/src/criu 	&& curl -sSL https://github.com/checkpoint-restore/criu/archive/v${CRIU_VERSION}.tar.gz | tar -C /usr/src/criu/ -xz --strip-components=1 	&& cd /usr/src/criu 	&& make 	&& make PREFIX=/build/ install-criu
 ---> Using cache
 ---> 8d94ae1a8ee6
Step 7/108 : FROM base AS registry
 ---> 9e66301b9f1b
Step 8/108 : ENV REGISTRY_COMMIT_SCHEMA1 ec87e9b6971d831f0eff752ddb54fb64693e51cd
 ---> Using cache
 ---> d01d510f54fd
Step 9/108 : ENV REGISTRY_COMMIT 47a064d4195a9b56133891bbb13620c3ac83a827
 ---> Using cache
 ---> 1de10d66037f
Step 10/108 : RUN set -x 	&& export GOPATH="$(mktemp -d)" 	&& git clone https://github.com/docker/distribution.git "$GOPATH/src/github.com/docker/distribution" 	&& (cd "$GOPATH/src/github.com/docker/distribution" && git checkout -q "$REGISTRY_COMMIT") 	&& GOPATH="$GOPATH/src/github.com/docker/distribution/Godeps/_workspace:$GOPATH" 		go build -buildmode=pie -o /build/registry-v2 github.com/docker/distribution/cmd/registry 	&& case $(dpkg --print-architecture) in 		amd64|ppc64*|s390x) 		(cd "$GOPATH/src/github.com/docker/distribution" && git checkout -q "$REGISTRY_COMMIT_SCHEMA1"); 		GOPATH="$GOPATH/src/github.com/docker/distribution/Godeps/_workspace:$GOPATH"; 			go build -buildmode=pie -o /build/registry-v2-schema1 github.com/docker/distribution/cmd/registry; 		;; 	   esac 	&& rm -rf "$GOPATH"
 ---> Using cache
 ---> a63d3fedfb82
Step 11/108 : FROM base AS docker-py
 ---> 9e66301b9f1b
Step 12/108 : ENV DOCKER_PY_COMMIT 8b246db271a85d6541dc458838627e89c683e42f
 ---> Using cache
 ---> 3ee3b1b1389d
Step 13/108 : RUN git clone https://github.com/docker/docker-py.git /build 	&& cd /build 	&& git checkout -q $DOCKER_PY_COMMIT
 ---> Using cache
 ---> 0d8e3565608d
Step 14/108 : FROM base AS swagger
 ---> 9e66301b9f1b
Step 15/108 : ENV GO_SWAGGER_COMMIT c28258affb0b6251755d92489ef685af8d4ff3eb
 ---> Using cache
 ---> f6ed4581da9b
Step 16/108 : RUN set -x 	&& export GOPATH="$(mktemp -d)" 	&& git clone https://github.com/go-swagger/go-swagger.git "$GOPATH/src/github.com/go-swagger/go-swagger" 	&& (cd "$GOPATH/src/github.com/go-swagger/go-swagger" && git checkout -q "$GO_SWAGGER_COMMIT") 	&& go build -o /build/swagger github.com/go-swagger/go-swagger/cmd/swagger 	&& rm -rf "$GOPATH"
 ---> Using cache
 ---> 7c03fc9ad0ad
Step 17/108 : FROM base AS frozen-images
 ---> 9e66301b9f1b
Step 18/108 : RUN apt-get update && apt-get install -y jq ca-certificates --no-install-recommends
 ---> Using cache
 ---> d7837a78cb82
Step 19/108 : COPY contrib/download-frozen-image-v2.sh /
 ---> Using cache
 ---> 158e975b8bd6
Step 20/108 : RUN /download-frozen-image-v2.sh /build 	buildpack-deps:jessie@sha256:dd86dced7c9cd2a724e779730f0a53f93b7ef42228d4344b25ce9a42a1486251 	busybox:latest@sha256:bbc3a03235220b170ba48a157dd097dd1379299370e1ed99ce976df0355d24f0 	busybox:glibc@sha256:0b55a30394294ab23b9afd58fab94e61a923f5834fba7ddbae7f8e0c11ba85e6 	debian:jessie@sha256:287a20c5f73087ab406e6b364833e3fb7b3ae63ca0eb3486555dc27ed32c6e60 	hello-world:latest@sha256:be0cd392e45be79ffeffa6b05338b98ebb16c87b255f48e297ec7f98e123905c
 ---> Running in 923d4f4d6cef
Downloading 'library/buildpack-deps:jessie@sha256:dd86dced7c9cd2a724e779730f0a53f93b7ef42228d4344b25ce9a42a1486251' (4 layers)...
######################################################################## 100.0%
######                                                                     8.9%###############                                                           21.1%########################                                                  33.9%###############################                                           44.4%##########################################                                59.2%######################################################                    75.4%###############################################################           87.7%######################################################################## 100.0%
######################################################################## 100.0%
################                                                          23.1%#######################################                                   54.9%#############################################################             85.8%######################################################################## 100.0%
######################################################################## 100.0%
########                                                                  11.9%#################                                                         24.4%###############################                                           43.8%############################################                              61.2%######################################################                    76.0%################################################################          89.7%######################################################################## 100.0%
######################################################################## 100.0%
#                                                                          2.3%####                                                                       6.3%#########                                                                 12.5%#############                                                             18.1%################                                                          22.7%####################                                                      27.8%########################                                                  33.9%############################                                              39.3%################################                                          44.6%###################################                                       49.6%########################################                                  55.7%###########################################                               60.8%###############################################                           66.1%###################################################                       71.7%#######################################################                   77.1%##########################################################                81.0%##############################################################            86.4%##################################################################        92.0%######################################################################    97.4%######################################################################## 100.0%

Downloading 'library/busybox:latest@sha256:bbc3a03235220b170ba48a157dd097dd1379299370e1ed99ce976df0355d24f0' (1 layers)...
######################################################################## 100.0%
######################################################################## 100.0%

Downloading 'library/busybox:glibc@sha256:0b55a30394294ab23b9afd58fab94e61a923f5834fba7ddbae7f8e0c11ba85e6' (1 layers)...
######################################################################## 100.0%
######################################################################## 100.0%

Downloading 'library/debian:jessie@sha256:287a20c5f73087ab406e6b364833e3fb7b3ae63ca0eb3486555dc27ed32c6e60' (1 layers)...
skipping existing 1849cc453dee

Downloading 'library/hello-world:latest@sha256:be0cd392e45be79ffeffa6b05338b98ebb16c87b255f48e297ec7f98e123905c' (1 layers)...
######################################################################## 100.0%
######################################################################## 100.0%

Download of images into '/build' complete.
Use something like the following to load the result into a Docker daemon:
  tar -cC '/build' . | docker load
Removing intermediate container 923d4f4d6cef
 ---> 0911647e45b7
Step 21/108 : FROM base AS runtime-dev
 ---> 9e66301b9f1b
Step 22/108 : RUN apt-get update && apt-get install -y 	libapparmor-dev 	libseccomp-dev
 ---> Running in 215f13aad505
Ign:1 http://cdn-fastly.deb.debian.org/debian stretch InRelease
Get:2 http://cdn-fastly.deb.debian.org/debian stretch-updates InRelease [91.0 kB]
Get:3 http://cdn-fastly.deb.debian.org/debian stretch Release [118 kB]
Get:4 http://cdn-fastly.deb.debian.org/debian stretch Release.gpg [2434 B]
Get:5 http://cdn-fastly.deb.debian.org/debian stretch-updates/main amd64 Packages [5152 B]
Get:6 http://security.debian.org/debian-security stretch/updates InRelease [94.3 kB]
Get:7 http://cdn-fastly.deb.debian.org/debian stretch/main amd64 Packages [7089 kB]
Get:8 http://security.debian.org/debian-security stretch/updates/main amd64 Packages [464 kB]
Fetched 7864 kB in 2s (3122 kB/s)
Reading package lists...
Reading package lists...
Building dependency tree...
Reading state information...
The following additional packages will be installed:
  libapparmor1 libseccomp2
Suggested packages:
  seccomp
The following NEW packages will be installed:
  libapparmor-dev libapparmor1 libseccomp-dev libseccomp2
0 upgraded, 4 newly installed, 0 to remove and 1 not upgraded.
Need to get 300 kB of archives.
After this operation, 1201 kB of additional disk space will be used.
Get:1 http://cdn-fastly.deb.debian.org/debian stretch/main amd64 libseccomp2 amd64 2.3.1-2.1+deb9u1 [40.7 kB]
Get:2 http://cdn-fastly.deb.debian.org/debian stretch/main amd64 libseccomp-dev amd64 2.3.1-2.1+deb9u1 [61.0 kB]
Get:3 http://cdn-fastly.deb.debian.org/debian stretch/main amd64 libapparmor1 amd64 2.11.0-3+deb9u2 [78.9 kB]
Get:4 http://cdn-fastly.deb.debian.org/debian stretch/main amd64 libapparmor-dev amd64 2.11.0-3+deb9u2 [119 kB]
debconf: delaying package configuration, since apt-utils is not installed
Fetched 300 kB in 1s (285 kB/s)
Selecting previously unselected package libseccomp2:amd64.
(Reading database ... (Reading database ... 5%(Reading database ... 10%(Reading database ... 15%(Reading database ... 20%(Reading database ... 25%(Reading database ... 30%(Reading database ... 35%(Reading database ... 40%(Reading database ... 45%(Reading database ... 50%(Reading database ... 55%(Reading database ... 60%(Reading database ... 65%(Reading database ... 70%(Reading database ... 75%(Reading database ... 80%(Reading database ... 85%(Reading database ... 90%(Reading database ... 95%(Reading database ... 100%(Reading database ... 15089 files and directories currently installed.)
Preparing to unpack .../libseccomp2_2.3.1-2.1+deb9u1_amd64.deb ...
Unpacking libseccomp2:amd64 (2.3.1-2.1+deb9u1) ...
Selecting previously unselected package libseccomp-dev:amd64.
Preparing to unpack .../libseccomp-dev_2.3.1-2.1+deb9u1_amd64.deb ...
Unpacking libseccomp-dev:amd64 (2.3.1-2.1+deb9u1) ...
Selecting previously unselected package libapparmor1:amd64.
Preparing to unpack .../libapparmor1_2.11.0-3+deb9u2_amd64.deb ...
Unpacking libapparmor1:amd64 (2.11.0-3+deb9u2) ...
Selecting previously unselected package libapparmor-dev:amd64.
Preparing to unpack .../libapparmor-dev_2.11.0-3+deb9u2_amd64.deb ...
Unpacking libapparmor-dev:amd64 (2.11.0-3+deb9u2) ...
Processing triggers for libc-bin (2.24-11+deb9u3) ...
Setting up libseccomp2:amd64 (2.3.1-2.1+deb9u1) ...
Setting up libapparmor1:amd64 (2.11.0-3+deb9u2) ...
Setting up libseccomp-dev:amd64 (2.3.1-2.1+deb9u1) ...
Setting up libapparmor-dev:amd64 (2.11.0-3+deb9u2) ...
Processing triggers for libc-bin (2.24-11+deb9u3) ...
Removing intermediate container 215f13aad505
 ---> 5b424468bb1a
Step 23/108 : FROM base AS tomlv
 ---> 9e66301b9f1b
Step 24/108 : ENV INSTALL_BINARY_NAME=tomlv
 ---> Running in 7e2a609deae0
Removing intermediate container 7e2a609deae0
 ---> 0257066c9c2e
Step 25/108 : COPY hack/dockerfile/install/install.sh ./install.sh
 ---> a7fce10d604c
Step 26/108 : COPY hack/dockerfile/install/$INSTALL_BINARY_NAME.installer ./
 ---> 3cfcf0f98787
Step 27/108 : RUN PREFIX=/build ./install.sh $INSTALL_BINARY_NAME
 ---> Running in 46553c863c23
+ RM_GOPATH=0
+ TMP_GOPATH=
+ : /build
+ [[ -z '' ]]
++ mktemp -d
+ export GOPATH=/tmp/tmp.VwSfYGL7ts
+ GOPATH=/tmp/tmp.VwSfYGL7ts
+ RM_GOPATH=1
++ dirname ./install.sh
+ dir=.
+ bin=tomlv
+ shift
+ [[ ! -f ./tomlv.installer ]]
+ . ./tomlv.installer
++ TOMLV_COMMIT=3012a1dbe2e4bd1391d42b32f0577cb7bbc7f005
+ install_tomlv
+ echo 'Install tomlv version 3012a1dbe2e4bd1391d42b32f0577cb7bbc7f005'
+ git clone https://github.com/BurntSushi/toml.git /tmp/tmp.VwSfYGL7ts/src/github.com/BurntSushi/toml
Install tomlv version 3012a1dbe2e4bd1391d42b32f0577cb7bbc7f005
Cloning into '/tmp/tmp.VwSfYGL7ts/src/github.com/BurntSushi/toml'...
+ cd /tmp/tmp.VwSfYGL7ts/src/github.com/BurntSushi/toml
+ git checkout -q 3012a1dbe2e4bd1391d42b32f0577cb7bbc7f005
+ go build -v -buildmode=pie -o /build/tomlv github.com/BurntSushi/toml/cmd/tomlv
encoding
strings
sort
bytes
flag
bufio
path/filepath
log
io/ioutil
path
text/tabwriter
github.com/BurntSushi/toml
github.com/BurntSushi/toml/cmd/tomlv
Removing intermediate container 46553c863c23
 ---> c8b0227c5d46
Step 28/108 : FROM base AS vndr
 ---> 9e66301b9f1b
Step 29/108 : ENV INSTALL_BINARY_NAME=vndr
 ---> Running in 79e3b0124c11
Removing intermediate container 79e3b0124c11
 ---> a51d29a40e07
Step 30/108 : COPY hack/dockerfile/install/install.sh ./install.sh
 ---> 134096e44fc9
Step 31/108 : COPY hack/dockerfile/install/$INSTALL_BINARY_NAME.installer ./
 ---> faa574465c0e
Step 32/108 : RUN PREFIX=/build ./install.sh $INSTALL_BINARY_NAME
 ---> Running in 36e7aebcd63b
+ RM_GOPATH=0
+ TMP_GOPATH=
+ : /build
+ [[ -z '' ]]
++ mktemp -d
+ export GOPATH=/tmp/tmp.LF6G2zmUND
+ GOPATH=/tmp/tmp.LF6G2zmUND
+ RM_GOPATH=1
++ dirname ./install.sh
+ dir=.
+ bin=vndr
+ shift
+ [[ ! -f ./vndr.installer ]]
+ . ./vndr.installer
++ VNDR_COMMIT=81cb8916aad3c8d06193f008dba3e16f82851f52
+ install_vndr
+ echo 'Install vndr version 81cb8916aad3c8d06193f008dba3e16f82851f52'
+ git clone https://github.com/LK4D4/vndr.git /tmp/tmp.LF6G2zmUND/src/github.com/LK4D4/vndr
Cloning into '/tmp/tmp.LF6G2zmUND/src/github.com/LK4D4/vndr'...
Install vndr version 81cb8916aad3c8d06193f008dba3e16f82851f52
+ cd /tmp/tmp.LF6G2zmUND/src/github.com/LK4D4/vndr
+ git checkout -q 81cb8916aad3c8d06193f008dba3e16f82851f52
+ go build -buildmode=pie -v -o /build/vndr .
encoding
bytes
sort
strings
bufio
go/token
flag
path/filepath
path
go/scanner
regexp/syntax
go/ast
regexp
io/ioutil
net/url
text/template/parse
go/parser
text/template
log
encoding/binary
encoding/base64
unicode/utf16
encoding/json
go/doc
github.com/LK4D4/vndr/build
encoding/xml
github.com/LK4D4/vndr/godl/singleflight
compress/flate
hash
hash/crc32
container/list
compress/gzip
context
crypto/internal/subtle
crypto/subtle
math/rand
crypto/cipher
math/big
crypto/aes
crypto
crypto/des
crypto/internal/randutil
crypto/sha512
crypto/hmac
crypto/md5
crypto/rc4
crypto/sha1
crypto/sha256
encoding/hex
crypto/rand
crypto/elliptic
encoding/asn1
crypto/rsa
crypto/ecdsa
crypto/dsa
crypto/x509/pkix
encoding/pem
vendor/golang_org/x/crypto/cryptobyte/asn1
vendor/golang_org/x/net/dns/dnsmessage
vendor/golang_org/x/crypto/cryptobyte
internal/nettrace
internal/singleflight
vendor/golang_org/x/crypto/internal/chacha20
net
vendor/golang_org/x/crypto/poly1305
vendor/golang_org/x/crypto/chacha20poly1305
vendor/golang_org/x/crypto/curve25519
vendor/golang_org/x/text/transform
vendor/golang_org/x/text/unicode/bidi
vendor/golang_org/x/text/secure/bidirule
vendor/golang_org/x/text/unicode/norm
vendor/golang_org/x/net/idna
vendor/golang_org/x/net/http2/hpack
mime
mime/quotedprintable
net/http/internal
os/exec
net/textproto
crypto/x509
vendor/golang_org/x/net/http/httpguts
vendor/golang_org/x/net/http/httpproxy
mime/multipart
crypto/tls
net/http/httptrace
net/http
github.com/LK4D4/vndr/godl
github.com/LK4D4/vndr
Removing intermediate container 36e7aebcd63b
 ---> b3ed0d936b4f
Step 33/108 : FROM base AS containerd
 ---> 9e66301b9f1b
Step 34/108 : RUN apt-get update && apt-get install -y btrfs-tools
 ---> Running in 3e449413dcdd
Ign:1 http://cdn-fastly.deb.debian.org/debian stretch InRelease
Get:2 http://security.debian.org/debian-security stretch/updates InRelease [94.3 kB]
Get:3 http://cdn-fastly.deb.debian.org/debian stretch-updates InRelease [91.0 kB]
Get:4 http://cdn-fastly.deb.debian.org/debian stretch Release [118 kB]
Get:5 http://cdn-fastly.deb.debian.org/debian stretch Release.gpg [2434 B]
Get:6 http://security.debian.org/debian-security stretch/updates/main amd64 Packages [464 kB]
Get:7 http://cdn-fastly.deb.debian.org/debian stretch-updates/main amd64 Packages [5152 B]
Get:8 http://cdn-fastly.deb.debian.org/debian stretch/main amd64 Packages [7089 kB]
Fetched 7864 kB in 2s (3138 kB/s)
Reading package lists...
Reading package lists...
Building dependency tree...
Reading state information...
The following additional packages will be installed:
  btrfs-progs liblzo2-2
The following NEW packages will be installed:
  btrfs-progs btrfs-tools liblzo2-2
0 upgraded, 3 newly installed, 0 to remove and 1 not upgraded.
Need to get 649 kB of archives.
After this operation, 4320 kB of additional disk space will be used.
Get:1 http://cdn-fastly.deb.debian.org/debian stretch/main amd64 liblzo2-2 amd64 2.08-1.2+b2 [55.0 kB]
Get:2 http://cdn-fastly.deb.debian.org/debian stretch/main amd64 btrfs-progs amd64 4.7.3-1 [577 kB]
Get:3 http://cdn-fastly.deb.debian.org/debian stretch/main amd64 btrfs-tools amd64 4.7.3-1 [16.9 kB]
debconf: delaying package configuration, since apt-utils is not installed
Fetched 649 kB in 1s (616 kB/s)
Selecting previously unselected package liblzo2-2:amd64.
(Reading database ... (Reading database ... 5%(Reading database ... 10%(Reading database ... 15%(Reading database ... 20%(Reading database ... 25%(Reading database ... 30%(Reading database ... 35%(Reading database ... 40%(Reading database ... 45%(Reading database ... 50%(Reading database ... 55%(Reading database ... 60%(Reading database ... 65%(Reading database ... 70%(Reading database ... 75%(Reading database ... 80%(Reading database ... 85%(Reading database ... 90%(Reading database ... 95%(Reading database ... 100%(Reading database ... 15089 files and directories currently installed.)
Preparing to unpack .../liblzo2-2_2.08-1.2+b2_amd64.deb ...
Unpacking liblzo2-2:amd64 (2.08-1.2+b2) ...
Selecting previously unselected package btrfs-progs.
Preparing to unpack .../btrfs-progs_4.7.3-1_amd64.deb ...
Unpacking btrfs-progs (4.7.3-1) ...
Selecting previously unselected package btrfs-tools.
Preparing to unpack .../btrfs-tools_4.7.3-1_amd64.deb ...
Unpacking btrfs-tools (4.7.3-1) ...
Processing triggers for libc-bin (2.24-11+deb9u3) ...
Setting up liblzo2-2:amd64 (2.08-1.2+b2) ...
Setting up btrfs-progs (4.7.3-1) ...
Setting up btrfs-tools (4.7.3-1) ...
Processing triggers for libc-bin (2.24-11+deb9u3) ...
Removing intermediate container 3e449413dcdd
 ---> 9ee7f8e9099e
Step 35/108 : ENV INSTALL_BINARY_NAME=containerd
 ---> Running in e59fe3221639
Removing intermediate container e59fe3221639
 ---> 27ba7f82f638
Step 36/108 : COPY hack/dockerfile/install/install.sh ./install.sh
 ---> 3aa8f52a8523
Step 37/108 : COPY hack/dockerfile/install/$INSTALL_BINARY_NAME.installer ./
 ---> 0eac932d32b1
Step 38/108 : RUN PREFIX=/build ./install.sh $INSTALL_BINARY_NAME
 ---> Running in 4271c668fb8e
+ RM_GOPATH=0
+ TMP_GOPATH=
+ : /build
+ [[ -z '' ]]
++ mktemp -d
+ export GOPATH=/tmp/tmp.tQLtAuILcC
+ GOPATH=/tmp/tmp.tQLtAuILcC
+ RM_GOPATH=1
Install containerd version 9754871865f7fe2f4e74d43e2fc7ccd237edcbce
++ dirname ./install.sh
+ dir=.
+ bin=containerd
+ shift
+ [[ ! -f ./containerd.installer ]]
+ . ./containerd.installer
++ CONTAINERD_COMMIT=9754871865f7fe2f4e74d43e2fc7ccd237edcbce
+ install_containerd
+ echo 'Install containerd version 9754871865f7fe2f4e74d43e2fc7ccd237edcbce'
+ git clone https://github.com/containerd/containerd.git /tmp/tmp.tQLtAuILcC/src/github.com/containerd/containerd
Cloning into '/tmp/tmp.tQLtAuILcC/src/github.com/containerd/containerd'...
+ cd /tmp/tmp.tQLtAuILcC/src/github.com/containerd/containerd
+ git checkout -q 9754871865f7fe2f4e74d43e2fc7ccd237edcbce
+ export 'BUILDTAGS=netgo osusergo static_build'
+ BUILDTAGS='netgo osusergo static_build'
+ export EXTRA_FLAGS=-buildmode=pie
+ EXTRA_FLAGS=-buildmode=pie
+ export 'EXTRA_LDFLAGS=-extldflags "-fno-PIC -static"'
+ EXTRA_LDFLAGS='-extldflags "-fno-PIC -static"'
+ '[' '' == dynamic ']'
+ make
ðŸ‡© bin/ctr
ðŸ‡© bin/containerd
ðŸ‡© bin/containerd-stress
ðŸ‡© bin/containerd-shim
ðŸ‡© bin/containerd-shim-runc-v1
ðŸ‡© binaries
+ mkdir -p /build
+ cp bin/containerd /build/containerd
+ cp bin/containerd-shim /build/containerd-shim
+ cp bin/ctr /build/ctr
Removing intermediate container 4271c668fb8e
 ---> 1a4c5b2a180f
Step 39/108 : FROM base AS proxy
 ---> 9e66301b9f1b
Step 40/108 : ENV INSTALL_BINARY_NAME=proxy
 ---> Running in 94df358307c1
Removing intermediate container 94df358307c1
 ---> ebc097464ad0
Step 41/108 : COPY hack/dockerfile/install/install.sh ./install.sh
 ---> b08be813fec4
Step 42/108 : COPY hack/dockerfile/install/$INSTALL_BINARY_NAME.installer ./
 ---> 15e736061dc5
Step 43/108 : RUN PREFIX=/build ./install.sh $INSTALL_BINARY_NAME
 ---> Running in 2ba90e5ea3c5
+ RM_GOPATH=0
+ TMP_GOPATH=
+ : /build
+ [[ -z '' ]]
++ mktemp -d
+ export GOPATH=/tmp/tmp.75149YlCc6
+ GOPATH=/tmp/tmp.75149YlCc6
+ RM_GOPATH=1
++ dirname ./install.sh
+ dir=.
+ bin=proxy
+ shift
+ [[ ! -f ./proxy.installer ]]
+ . ./proxy.installer
++ LIBNETWORK_COMMIT=1a06131fb8a047d919f7deaf02a4c414d7884b83
+ install_proxy
+ case "$1" in
+ export CGO_ENABLED=0
+ CGO_ENABLED=0
+ _install_proxy
+ echo 'Install docker-proxy version 1a06131fb8a047d919f7deaf02a4c414d7884b83'
+ git clone https://github.com/docker/libnetwork.git /tmp/tmp.75149YlCc6/src/github.com/docker/libnetwork
Install docker-proxy version 1a06131fb8a047d919f7deaf02a4c414d7884b83
Cloning into '/tmp/tmp.75149YlCc6/src/github.com/docker/libnetwork'...
+ cd /tmp/tmp.75149YlCc6/src/github.com/docker/libnetwork
+ git checkout -q 1a06131fb8a047d919f7deaf02a4c414d7884b83
+ go build -ldflags= -o /build/docker-proxy github.com/docker/libnetwork/cmd/proxy
Removing intermediate container 2ba90e5ea3c5
 ---> 654bfdb5b091
Step 44/108 : FROM base AS gometalinter
 ---> 9e66301b9f1b
Step 45/108 : ENV INSTALL_BINARY_NAME=gometalinter
 ---> Running in 25abee765008
Removing intermediate container 25abee765008
 ---> e8e934d5e32b
Step 46/108 : COPY hack/dockerfile/install/install.sh ./install.sh
 ---> 913b48f59d76
Step 47/108 : COPY hack/dockerfile/install/$INSTALL_BINARY_NAME.installer ./
 ---> 46cd059b9e7f
Step 48/108 : RUN PREFIX=/build ./install.sh $INSTALL_BINARY_NAME
 ---> Running in c7583c384668
+ RM_GOPATH=0
+ TMP_GOPATH=
+ : /build
+ [[ -z '' ]]
++ mktemp -d
+ export GOPATH=/tmp/tmp.i0muaX72aU
+ GOPATH=/tmp/tmp.i0muaX72aU
+ RM_GOPATH=1
Installing gometalinter version v2.0.6
++ dirname ./install.sh
+ dir=.
+ bin=gometalinter
+ shift
+ [[ ! -f ./gometalinter.installer ]]
+ . ./gometalinter.installer
++ GOMETALINTER_COMMIT=v2.0.6
+ install_gometalinter
+ echo 'Installing gometalinter version v2.0.6'
+ go get -d github.com/alecthomas/gometalinter
+ cd /tmp/tmp.i0muaX72aU/src/github.com/alecthomas/gometalinter
+ git checkout -q v2.0.6
+ go build -buildmode=pie -o /build/gometalinter github.com/alecthomas/gometalinter
+ GOBIN=/build
+ /build/gometalinter --install
Installing:
  deadcode
  dupl
  errcheck
  gas
  gochecknoglobals
  gochecknoinits
  goconst
  gocyclo
  goimports
  golint
  gosimple
  gotype
  gotypex
  ineffassign
  interfacer
  lll
  maligned
  megacheck
  misspell
  nakedret
  safesql
  staticcheck
  structcheck
  unconvert
  unparam
  unused
  varcheck
Removing intermediate container c7583c384668
 ---> 6fc1d24fadba
Step 49/108 : FROM base AS dockercli
 ---> 9e66301b9f1b
Step 50/108 : ENV INSTALL_BINARY_NAME=dockercli
 ---> Running in 8ad0fe2fdf08
Removing intermediate container 8ad0fe2fdf08
 ---> 37e36dd3a0ba
Step 51/108 : COPY hack/dockerfile/install/install.sh ./install.sh
 ---> 0ab568d9e5f1
Step 52/108 : COPY hack/dockerfile/install/$INSTALL_BINARY_NAME.installer ./
 ---> 82599e509436
Step 53/108 : RUN PREFIX=/build ./install.sh $INSTALL_BINARY_NAME
 ---> Running in 5ea1076e5342
+ RM_GOPATH=0
+ TMP_GOPATH=
+ : /build
+ [[ -z '' ]]
++ mktemp -d
+ export GOPATH=/tmp/tmp.5Id7zqentC
+ GOPATH=/tmp/tmp.5Id7zqentC
+ RM_GOPATH=1
++ dirname ./install.sh
+ dir=.
+ bin=dockercli
+ shift
+ [[ ! -f ./dockercli.installer ]]
+ . ./dockercli.installer
++ DOCKERCLI_CHANNEL=edge
++ DOCKERCLI_VERSION=17.06.0-ce
+ install_dockercli
+ echo 'Install docker/cli version 17.06.0-ce from edge'
++ uname -m
Install docker/cli version 17.06.0-ce from edge
+ arch=x86_64
+ '[' x86_64 '!=' x86_64 ']'
+ url=https://download.docker.com/linux/static
+ curl -Ls https://download.docker.com/linux/static/edge/x86_64/docker-17.06.0-ce.tgz
+ tar -xz docker/docker
+ mkdir -p /build
+ mv docker/docker /build/
+ rmdir docker
Removing intermediate container 5ea1076e5342
 ---> 9500362a4566
Step 54/108 : FROM runtime-dev AS runc
 ---> 5b424468bb1a
Step 55/108 : ENV INSTALL_BINARY_NAME=runc
 ---> Running in 70ca3b3e35ce
Removing intermediate container 70ca3b3e35ce
 ---> 3f13f2012fc7
Step 56/108 : COPY hack/dockerfile/install/install.sh ./install.sh
 ---> 7c401fe62204
Step 57/108 : COPY hack/dockerfile/install/$INSTALL_BINARY_NAME.installer ./
 ---> eaadca81b4ce
Step 58/108 : RUN PREFIX=/build ./install.sh $INSTALL_BINARY_NAME
 ---> Running in 44f7ba480314
+ RM_GOPATH=0
+ TMP_GOPATH=
+ : /build
+ [[ -z '' ]]
++ mktemp -d
+ export GOPATH=/tmp/tmp.hPLvkUR5lm
+ GOPATH=/tmp/tmp.hPLvkUR5lm
+ RM_GOPATH=1
++ dirname ./install.sh
+ dir=.
+ bin=runc
+ shift
+ [[ ! -f ./runc.installer ]]
+ . ./runc.installer
++ RUNC_COMMIT=96ec2177ae841256168fcf76954f7177af9446eb
+ install_runc
+ uname -r
+ grep -q '^3\.10\.0.*\.el7\.'
+ RUNC_BUILDTAGS='seccomp apparmor selinux '
+ echo 'Install runc version 96ec2177ae841256168fcf76954f7177af9446eb (build tags: seccomp apparmor selinux )'
+ git clone https://github.com/opencontainers/runc.git /tmp/tmp.hPLvkUR5lm/src/github.com/opencontainers/runc
Install runc version 96ec2177ae841256168fcf76954f7177af9446eb (build tags: seccomp apparmor selinux )
Cloning into '/tmp/tmp.hPLvkUR5lm/src/github.com/opencontainers/runc'...
+ cd /tmp/tmp.hPLvkUR5lm/src/github.com/opencontainers/runc
+ git checkout -q 96ec2177ae841256168fcf76954f7177af9446eb
+ '[' -z '' ']'
+ target=static
+ make 'BUILDTAGS=seccomp apparmor selinux ' static
CGO_ENABLED=1 go build  -tags "seccomp apparmor selinux  netgo osusergo static_build" -installsuffix netgo -ldflags "-w -extldflags -static -X main.gitCommit="96ec2177ae841256168fcf76954f7177af9446eb" -X main.version=1.0.0-rc6+dev " -o runc .
CGO_ENABLED=1 go build  -tags "seccomp apparmor selinux  netgo osusergo static_build" -installsuffix netgo -ldflags "-w -extldflags -static -X main.gitCommit="96ec2177ae841256168fcf76954f7177af9446eb" -X main.version=1.0.0-rc6+dev " -o contrib/cmd/recvtty/recvtty ./contrib/cmd/recvtty
+ mkdir -p /build
+ cp runc /build/runc
Removing intermediate container 44f7ba480314
 ---> e5f119519b3b
Step 59/108 : FROM base AS tini
 ---> 9e66301b9f1b
Step 60/108 : RUN apt-get update && apt-get install -y cmake vim-common
 ---> Running in 583fa92a7f91
Get:1 http://security.debian.org/debian-security stretch/updates InRelease [94.3 kB]
Get:2 http://security.debian.org/debian-security stretch/updates/main amd64 Packages [464 kB]
Ign:3 http://cdn-fastly.deb.debian.org/debian stretch InRelease
Get:4 http://cdn-fastly.deb.debian.org/debian stretch-updates InRelease [91.0 kB]
Get:5 http://cdn-fastly.deb.debian.org/debian stretch Release [118 kB]
Get:6 http://cdn-fastly.deb.debian.org/debian stretch-updates/main amd64 Packages [5152 B]
Get:7 http://cdn-fastly.deb.debian.org/debian stretch Release.gpg [2434 B]
Get:8 http://cdn-fastly.deb.debian.org/debian stretch/main amd64 Packages [7089 kB]
Fetched 7864 kB in 2s (2860 kB/s)
Reading package lists...
Reading package lists...
Building dependency tree...
Reading state information...
The following additional packages will be installed:
  cmake-data libarchive13 libgpm2 libicu57 libjsoncpp1 liblzo2-2 libuv1
  libxml2 sgml-base vim vim-runtime xml-core xxd
Suggested packages:
  codeblocks eclipse ninja-build lrzip gpm sgml-base-doc ctags vim-doc
  vim-scripts debhelper
The following NEW packages will be installed:
  cmake cmake-data libarchive13 libgpm2 libicu57 libjsoncpp1 liblzo2-2 libuv1
  libxml2 sgml-base vim vim-common vim-runtime xml-core xxd
0 upgraded, 15 newly installed, 0 to remove and 1 not upgraded.
Need to get 20.2 MB of archives.
After this operation, 88.1 MB of additional disk space will be used.
Get:1 http://cdn-fastly.deb.debian.org/debian stretch/main amd64 cmake-data all 3.7.2-1 [1216 kB]
Get:2 http://security.debian.org/debian-security stretch/updates/main amd64 libarchive13 amd64 3.2.2-2+deb9u1 [294 kB]
Get:3 http://cdn-fastly.deb.debian.org/debian stretch/main amd64 liblzo2-2 amd64 2.08-1.2+b2 [55.0 kB]
Get:4 http://cdn-fastly.deb.debian.org/debian stretch/main amd64 libicu57 amd64 57.1-6+deb9u2 [7700 kB]
Get:5 http://cdn-fastly.deb.debian.org/debian stretch/main amd64 libxml2 amd64 2.9.4+dfsg1-2.2+deb9u2 [920 kB]
Get:6 http://cdn-fastly.deb.debian.org/debian stretch/main amd64 libjsoncpp1 amd64 1.7.4-3 [75.6 kB]
Get:7 http://cdn-fastly.deb.debian.org/debian stretch/main amd64 libuv1 amd64 1.9.1-3 [84.4 kB]
Get:8 http://cdn-fastly.deb.debian.org/debian stretch/main amd64 cmake amd64 3.7.2-1 [3038 kB]
Get:9 http://cdn-fastly.deb.debian.org/debian stretch/main amd64 sgml-base all 1.29 [14.8 kB]
Get:10 http://cdn-fastly.deb.debian.org/debian stretch/main amd64 xxd amd64 2:8.0.0197-4+deb9u1 [132 kB]
Get:11 http://cdn-fastly.deb.debian.org/debian stretch/main amd64 vim-common all 2:8.0.0197-4+deb9u1 [159 kB]
Get:12 http://cdn-fastly.deb.debian.org/debian stretch/main amd64 libgpm2 amd64 1.20.4-6.2+b1 [34.2 kB]
Get:13 http://cdn-fastly.deb.debian.org/debian stretch/main amd64 vim-runtime all 2:8.0.0197-4+deb9u1 [5407 kB]
Get:14 http://cdn-fastly.deb.debian.org/debian stretch/main amd64 vim amd64 2:8.0.0197-4+deb9u1 [1034 kB]
Get:15 http://cdn-fastly.deb.debian.org/debian stretch/main amd64 xml-core all 0.17 [23.2 kB]
debconf: delaying package configuration, since apt-utils is not installed
Fetched 20.2 MB in 1s (14.0 MB/s)
Selecting previously unselected package cmake-data.
(Reading database ... (Reading database ... 5%(Reading database ... 10%(Reading database ... 15%(Reading database ... 20%(Reading database ... 25%(Reading database ... 30%(Reading database ... 35%(Reading database ... 40%(Reading database ... 45%(Reading database ... 50%(Reading database ... 55%(Reading database ... 60%(Reading database ... 65%(Reading database ... 70%(Reading database ... 75%(Reading database ... 80%(Reading database ... 85%(Reading database ... 90%(Reading database ... 95%(Reading database ... 100%(Reading database ... 15089 files and directories currently installed.)
Preparing to unpack .../00-cmake-data_3.7.2-1_all.deb ...
Unpacking cmake-data (3.7.2-1) ...
Selecting previously unselected package liblzo2-2:amd64.
Preparing to unpack .../01-liblzo2-2_2.08-1.2+b2_amd64.deb ...
Unpacking liblzo2-2:amd64 (2.08-1.2+b2) ...
Selecting previously unselected package libicu57:amd64.
Preparing to unpack .../02-libicu57_57.1-6+deb9u2_amd64.deb ...
Unpacking libicu57:amd64 (57.1-6+deb9u2) ...
Selecting previously unselected package libxml2:amd64.
Preparing to unpack .../03-libxml2_2.9.4+dfsg1-2.2+deb9u2_amd64.deb ...
Unpacking libxml2:amd64 (2.9.4+dfsg1-2.2+deb9u2) ...
Selecting previously unselected package libarchive13:amd64.
Preparing to unpack .../04-libarchive13_3.2.2-2+deb9u1_amd64.deb ...
Unpacking libarchive13:amd64 (3.2.2-2+deb9u1) ...
Selecting previously unselected package libjsoncpp1:amd64.
Preparing to unpack .../05-libjsoncpp1_1.7.4-3_amd64.deb ...
Unpacking libjsoncpp1:amd64 (1.7.4-3) ...
Selecting previously unselected package libuv1:amd64.
Preparing to unpack .../06-libuv1_1.9.1-3_amd64.deb ...
Unpacking libuv1:amd64 (1.9.1-3) ...
Selecting previously unselected package cmake.
Preparing to unpack .../07-cmake_3.7.2-1_amd64.deb ...
Unpacking cmake (3.7.2-1) ...
Selecting previously unselected package sgml-base.
Preparing to unpack .../08-sgml-base_1.29_all.deb ...
Unpacking sgml-base (1.29) ...
Selecting previously unselected package xxd.
Preparing to unpack .../09-xxd_2%3a8.0.0197-4+deb9u1_amd64.deb ...
Unpacking xxd (2:8.0.0197-4+deb9u1) ...
Selecting previously unselected package vim-common.
Preparing to unpack .../10-vim-common_2%3a8.0.0197-4+deb9u1_all.deb ...
Unpacking vim-common (2:8.0.0197-4+deb9u1) ...
Selecting previously unselected package libgpm2:amd64.
Preparing to unpack .../11-libgpm2_1.20.4-6.2+b1_amd64.deb ...
Unpacking libgpm2:amd64 (1.20.4-6.2+b1) ...
Selecting previously unselected package vim-runtime.
Preparing to unpack .../12-vim-runtime_2%3a8.0.0197-4+deb9u1_all.deb ...
Adding 'diversion of /usr/share/vim/vim80/doc/help.txt to /usr/share/vim/vim80/doc/help.txt.vim-tiny by vim-runtime'
Adding 'diversion of /usr/share/vim/vim80/doc/tags to /usr/share/vim/vim80/doc/tags.vim-tiny by vim-runtime'
Unpacking vim-runtime (2:8.0.0197-4+deb9u1) ...
Selecting previously unselected package vim.
Preparing to unpack .../13-vim_2%3a8.0.0197-4+deb9u1_amd64.deb ...
Unpacking vim (2:8.0.0197-4+deb9u1) ...
Selecting previously unselected package xml-core.
Preparing to unpack .../14-xml-core_0.17_all.deb ...
Unpacking xml-core (0.17) ...
Processing triggers for mime-support (3.60) ...
Setting up xxd (2:8.0.0197-4+deb9u1) ...
Setting up libgpm2:amd64 (1.20.4-6.2+b1) ...
Setting up libuv1:amd64 (1.9.1-3) ...
Setting up cmake-data (3.7.2-1) ...
Setting up sgml-base (1.29) ...
Setting up libicu57:amd64 (57.1-6+deb9u2) ...
Setting up libxml2:amd64 (2.9.4+dfsg1-2.2+deb9u2) ...
Processing triggers for libc-bin (2.24-11+deb9u3) ...
Setting up vim-common (2:8.0.0197-4+deb9u1) ...
Setting up vim-runtime (2:8.0.0197-4+deb9u1) ...
Setting up xml-core (0.17) ...
Setting up liblzo2-2:amd64 (2.08-1.2+b2) ...
Setting up libjsoncpp1:amd64 (1.7.4-3) ...
Setting up vim (2:8.0.0197-4+deb9u1) ...
update-alternatives: using /usr/bin/vim.basic to provide /usr/bin/vim (vim) in auto mode
update-alternatives: using /usr/bin/vim.basic to provide /usr/bin/vimdiff (vimdiff) in auto mode
update-alternatives: using /usr/bin/vim.basic to provide /usr/bin/rvim (rvim) in auto mode
update-alternatives: using /usr/bin/vim.basic to provide /usr/bin/rview (rview) in auto mode
update-alternatives: using /usr/bin/vim.basic to provide /usr/bin/vi (vi) in auto mode
update-alternatives: using /usr/bin/vim.basic to provide /usr/bin/view (view) in auto mode
update-alternatives: using /usr/bin/vim.basic to provide /usr/bin/ex (ex) in auto mode
update-alternatives: using /usr/bin/vim.basic to provide /usr/bin/editor (editor) in auto mode
Setting up libarchive13:amd64 (3.2.2-2+deb9u1) ...
Setting up cmake (3.7.2-1) ...
Processing triggers for sgml-base (1.29) ...
Processing triggers for libc-bin (2.24-11+deb9u3) ...
Removing intermediate container 583fa92a7f91
 ---> df250d79cbee
Step 61/108 : COPY hack/dockerfile/install/install.sh ./install.sh
 ---> 4f2ab00f599c
Step 62/108 : ENV INSTALL_BINARY_NAME=tini
 ---> Running in 4c10acb7ade7
Removing intermediate container 4c10acb7ade7
 ---> e18989e076dd
Step 63/108 : COPY hack/dockerfile/install/$INSTALL_BINARY_NAME.installer ./
 ---> 8c1b692bf301
Step 64/108 : RUN PREFIX=/build ./install.sh $INSTALL_BINARY_NAME
 ---> Running in ae3ec27da860
+ RM_GOPATH=0
+ TMP_GOPATH=
+ : /build
+ [[ -z '' ]]
Install tini version fec3683b971d9c3ef73f284f176672c44b448662
++ mktemp -d
+ export GOPATH=/tmp/tmp.wdHRxycK1U
+ GOPATH=/tmp/tmp.wdHRxycK1U
+ RM_GOPATH=1
++ dirname ./install.sh
+ dir=.
+ bin=tini
+ shift
+ [[ ! -f ./tini.installer ]]
+ . ./tini.installer
++ TINI_COMMIT=fec3683b971d9c3ef73f284f176672c44b448662
+ install_tini
+ echo 'Install tini version fec3683b971d9c3ef73f284f176672c44b448662'
+ git clone https://github.com/krallin/tini.git /tmp/tmp.wdHRxycK1U/tini
Cloning into '/tmp/tmp.wdHRxycK1U/tini'...
+ cd /tmp/tmp.wdHRxycK1U/tini
+ git checkout -q fec3683b971d9c3ef73f284f176672c44b448662
+ cmake .
-- The C compiler identification is GNU 6.3.0
-- Check for working C compiler: /usr/bin/cc
-- Check for working C compiler: /usr/bin/cc -- works
-- Detecting C compiler ABI info
-- Detecting C compiler ABI info - done
-- Detecting C compile features
-- Detecting C compile features - done
-- Performing Test HAS_BUILTIN_FORTIFY
-- Performing Test HAS_BUILTIN_FORTIFY - Failed
-- Configuring done
-- Generating done
-- Build files have been written to: /tmp/tmp.wdHRxycK1U/tini
+ make tini-static
Scanning dependencies of target tini-static
[ 50%] Building C object CMakeFiles/tini-static.dir/src/tini.c.o
[100%] Linking C executable tini-static
[100%] Built target tini-static
+ mkdir -p /build
+ cp tini-static /build/docker-init
Removing intermediate container ae3ec27da860
 ---> f754f59f89b4
Step 65/108 : FROM base AS rootlesskit
 ---> 9e66301b9f1b
Step 66/108 : ENV INSTALL_BINARY_NAME=rootlesskit
 ---> Running in 0c215cb12ce4
Removing intermediate container 0c215cb12ce4
 ---> 85c4d5bd75e6
Step 67/108 : COPY hack/dockerfile/install/install.sh ./install.sh
 ---> 5052d7d1a7b4
Step 68/108 : COPY hack/dockerfile/install/$INSTALL_BINARY_NAME.installer ./
 ---> 2bd15273e293
Step 69/108 : RUN PREFIX=/build/ ./install.sh $INSTALL_BINARY_NAME
 ---> Running in 2540d7cf9221
+ RM_GOPATH=0
+ TMP_GOPATH=
+ : /build/
+ [[ -z '' ]]
++ mktemp -d
+ export GOPATH=/tmp/tmp.wGFX3X0Vlx
+ GOPATH=/tmp/tmp.wGFX3X0Vlx
+ RM_GOPATH=1
++ dirname ./install.sh
+ dir=.
+ bin=rootlesskit
+ shift
+ [[ ! -f ./rootlesskit.installer ]]
+ . ./rootlesskit.installer
++ ROOTLESSKIT_COMMIT=77cdbed39ff42bc96fb23830065ec2e28b7767e6
+ install_rootlesskit
+ case "$1" in
+ export CGO_ENABLED=0
+ CGO_ENABLED=0
+ _install_rootlesskit
+ echo 'Install rootlesskit version 77cdbed39ff42bc96fb23830065ec2e28b7767e6'
+ git clone https://github.com/rootless-containers/rootlesskit.git /tmp/tmp.wGFX3X0Vlx/src/github.com/rootless-containers/rootlesskit
Cloning into '/tmp/tmp.wGFX3X0Vlx/src/github.com/rootless-containers/rootlesskit'...
Install rootlesskit version 77cdbed39ff42bc96fb23830065ec2e28b7767e6
+ cd /tmp/tmp.wGFX3X0Vlx/src/github.com/rootless-containers/rootlesskit
+ git checkout -q 77cdbed39ff42bc96fb23830065ec2e28b7767e6
+ go build -ldflags= -o /build//rootlesskit github.com/rootless-containers/rootlesskit/cmd/rootlesskit
Removing intermediate container 2540d7cf9221
 ---> c2302ad26c85
Step 70/108 : COPY ./contrib/dockerd-rootless.sh /build
 ---> 9af316d2d34e
Step 71/108 : FROM base AS slirp4netns
 ---> 9e66301b9f1b
Step 72/108 : RUN apt-get update && apt-get install -y automake autotools-dev libtool
 ---> Running in 71f915dd799e
Get:1 http://security.debian.org/debian-security stretch/updates InRelease [94.3 kB]
Get:2 http://security.debian.org/debian-security stretch/updates/main amd64 Packages [464 kB]
Ign:3 http://cdn-fastly.deb.debian.org/debian stretch InRelease
Get:4 http://cdn-fastly.deb.debian.org/debian stretch-updates InRelease [91.0 kB]
Get:5 http://cdn-fastly.deb.debian.org/debian stretch Release [118 kB]
Get:6 http://cdn-fastly.deb.debian.org/debian stretch Release.gpg [2434 B]
Get:7 http://cdn-fastly.deb.debian.org/debian stretch-updates/main amd64 Packages [5152 B]
Get:8 http://cdn-fastly.deb.debian.org/debian stretch/main amd64 Packages [7089 kB]
Fetched 7864 kB in 2s (3299 kB/s)
Reading package lists...
Reading package lists...
Building dependency tree...
Reading state information...
The following additional packages will be installed:
  autoconf file libltdl-dev libltdl7 libmagic-mgc libmagic1 libsigsegv2 m4
Suggested packages:
  autoconf-archive gnu-standards autoconf-doc gettext libtool-doc gfortran
  | fortran95-compiler gcj-jdk m4-doc
The following NEW packages will be installed:
  autoconf automake autotools-dev file libltdl-dev libltdl7 libmagic-mgc
  libmagic1 libsigsegv2 libtool m4
0 upgraded, 11 newly installed, 0 to remove and 1 not upgraded.
Need to get 2868 kB of archives.
After this operation, 12.1 MB of additional disk space will be used.
Get:1 http://cdn-fastly.deb.debian.org/debian stretch/main amd64 libmagic-mgc amd64 1:5.30-1+deb9u2 [222 kB]
Get:2 http://cdn-fastly.deb.debian.org/debian stretch/main amd64 libmagic1 amd64 1:5.30-1+deb9u2 [111 kB]
Get:3 http://cdn-fastly.deb.debian.org/debian stretch/main amd64 file amd64 1:5.30-1+deb9u2 [64.1 kB]
Get:4 http://cdn-fastly.deb.debian.org/debian stretch/main amd64 libsigsegv2 amd64 2.10-5 [28.9 kB]
Get:5 http://cdn-fastly.deb.debian.org/debian stretch/main amd64 m4 amd64 1.4.18-1 [202 kB]
Get:6 http://cdn-fastly.deb.debian.org/debian stretch/main amd64 autoconf all 2.69-10 [338 kB]
Get:7 http://cdn-fastly.deb.debian.org/debian stretch/main amd64 autotools-dev all 20161112.1 [73.4 kB]
Get:8 http://cdn-fastly.deb.debian.org/debian stretch/main amd64 automake all 1:1.15-6 [733 kB]
Get:9 http://cdn-fastly.deb.debian.org/debian stretch/main amd64 libltdl7 amd64 2.4.6-2 [389 kB]
Get:10 http://cdn-fastly.deb.debian.org/debian stretch/main amd64 libltdl-dev amd64 2.4.6-2 [161 kB]
Get:11 http://cdn-fastly.deb.debian.org/debian stretch/main amd64 libtool all 2.4.6-2 [545 kB]
debconf: delaying package configuration, since apt-utils is not installed
Fetched 2868 kB in 1s (2588 kB/s)
Selecting previously unselected package libmagic-mgc.
(Reading database ... (Reading database ... 5%(Reading database ... 10%(Reading database ... 15%(Reading database ... 20%(Reading database ... 25%(Reading database ... 30%(Reading database ... 35%(Reading database ... 40%(Reading database ... 45%(Reading database ... 50%(Reading database ... 55%(Reading database ... 60%(Reading database ... 65%(Reading database ... 70%(Reading database ... 75%(Reading database ... 80%(Reading database ... 85%(Reading database ... 90%(Reading database ... 95%(Reading database ... 100%(Reading database ... 15089 files and directories currently installed.)
Preparing to unpack .../00-libmagic-mgc_1%3a5.30-1+deb9u2_amd64.deb ...
Unpacking libmagic-mgc (1:5.30-1+deb9u2) ...
Selecting previously unselected package libmagic1:amd64.
Preparing to unpack .../01-libmagic1_1%3a5.30-1+deb9u2_amd64.deb ...
Unpacking libmagic1:amd64 (1:5.30-1+deb9u2) ...
Selecting previously unselected package file.
Preparing to unpack .../02-file_1%3a5.30-1+deb9u2_amd64.deb ...
Unpacking file (1:5.30-1+deb9u2) ...
Selecting previously unselected package libsigsegv2:amd64.
Preparing to unpack .../03-libsigsegv2_2.10-5_amd64.deb ...
Unpacking libsigsegv2:amd64 (2.10-5) ...
Selecting previously unselected package m4.
Preparing to unpack .../04-m4_1.4.18-1_amd64.deb ...
Unpacking m4 (1.4.18-1) ...
Selecting previously unselected package autoconf.
Preparing to unpack .../05-autoconf_2.69-10_all.deb ...
Unpacking autoconf (2.69-10) ...
Selecting previously unselected package autotools-dev.
Preparing to unpack .../06-autotools-dev_20161112.1_all.deb ...
Unpacking autotools-dev (20161112.1) ...
Selecting previously unselected package automake.
Preparing to unpack .../07-automake_1%3a1.15-6_all.deb ...
Unpacking automake (1:1.15-6) ...
Selecting previously unselected package libltdl7:amd64.
Preparing to unpack .../08-libltdl7_2.4.6-2_amd64.deb ...
Unpacking libltdl7:amd64 (2.4.6-2) ...
Selecting previously unselected package libltdl-dev:amd64.
Preparing to unpack .../09-libltdl-dev_2.4.6-2_amd64.deb ...
Unpacking libltdl-dev:amd64 (2.4.6-2) ...
Selecting previously unselected package libtool.
Preparing to unpack .../10-libtool_2.4.6-2_all.deb ...
Unpacking libtool (2.4.6-2) ...
Setting up libsigsegv2:amd64 (2.10-5) ...
Setting up m4 (1.4.18-1) ...
Setting up libmagic-mgc (1:5.30-1+deb9u2) ...
Setting up libmagic1:amd64 (1:5.30-1+deb9u2) ...
Processing triggers for libc-bin (2.24-11+deb9u3) ...
Setting up autotools-dev (20161112.1) ...
Setting up libltdl7:amd64 (2.4.6-2) ...
Setting up libltdl-dev:amd64 (2.4.6-2) ...
Setting up autoconf (2.69-10) ...
Setting up file (1:5.30-1+deb9u2) ...
Setting up automake (1:1.15-6) ...
update-alternatives: using /usr/bin/automake-1.15 to provide /usr/bin/automake (automake) in auto mode
Setting up libtool (2.4.6-2) ...
Processing triggers for libc-bin (2.24-11+deb9u3) ...
Removing intermediate container 71f915dd799e
 ---> 09b8ce93e57f
Step 73/108 : ENV INSTALL_BINARY_NAME=slirp4netns
 ---> Running in 46340641eb3d
Removing intermediate container 46340641eb3d
 ---> a11dd48b1231
Step 74/108 : COPY hack/dockerfile/install/install.sh ./install.sh
 ---> 57162ea4754e
Step 75/108 : COPY hack/dockerfile/install/$INSTALL_BINARY_NAME.installer ./
 ---> b3005714d71c
Step 76/108 : RUN PREFIX=/build/ ./install.sh $INSTALL_BINARY_NAME
 ---> Running in cc6a1c4052ac
+ RM_GOPATH=0
+ TMP_GOPATH=
+ : /build/
+ [[ -z '' ]]
++ mktemp -d
+ export GOPATH=/tmp/tmp.e7VEGIG5N8
+ GOPATH=/tmp/tmp.e7VEGIG5N8
+ RM_GOPATH=1
++ dirname ./install.sh
+ dir=.
+ bin=slirp4netns
+ shift
+ [[ ! -f ./slirp4netns.installer ]]
+ . ./slirp4netns.installer
++ SLIRP4NETNS_COMMIT=4a59899d79285e9962550f171f73492171aae267
+ install_slirp4netns
+ case "$1" in
+ CONFIGURE_FLAGS=LDFLAGS=-static
+ echo 'Install docker-slirp4netns version 4a59899d79285e9962550f171f73492171aae267'
+ git clone https://github.com/rootless-containers/slirp4netns.git /tmp/tmp.e7VEGIG5N8/src/github.com/rootless-containers/slirp4netns
Cloning into '/tmp/tmp.e7VEGIG5N8/src/github.com/rootless-containers/slirp4netns'...
Install docker-slirp4netns version 4a59899d79285e9962550f171f73492171aae267
+ cd /tmp/tmp.e7VEGIG5N8/src/github.com/rootless-containers/slirp4netns
+ git checkout -q 4a59899d79285e9962550f171f73492171aae267
+ ./autogen.sh
configure.ac:6: installing './compile'
configure.ac:9: installing './install-sh'
configure.ac:9: installing './missing'
Makefile.am: installing './depcomp'
parallel-tests: installing './test-driver'
+ ./configure LDFLAGS=-static
checking for gcc... gcc
checking whether the C compiler works... yes
checking for C compiler default output file name... a.out
checking for suffix of executables... 
checking whether we are cross compiling... no
checking for suffix of object files... o
checking whether we are using the GNU C compiler... yes
checking whether gcc accepts -g... yes
checking for gcc option to accept ISO C89... none needed
checking whether gcc understands -c and -o together... yes
checking for ranlib... ranlib
checking for a BSD-compatible install... /usr/bin/install -c
checking whether build environment is sane... yes
checking for a thread-safe mkdir -p... /bin/mkdir -p
checking for gawk... no
checking for mawk... mawk
checking whether make sets $(MAKE)... yes
checking for style of include used by make... GNU
checking whether make supports nested variables... yes
checking dependency style of gcc... gcc3
checking how to run the C preprocessor... gcc -E
checking for grep that handles long lines and -e... /bin/grep
checking for egrep... /bin/grep -E
checking for ANSI C header files... yes
checking for sys/types.h... yes
checking for sys/stat.h... yes
checking for stdlib.h... yes
checking for string.h... yes
checking for memory.h... yes
checking for strings.h... yes
checking for inttypes.h... yes
checking for stdint.h... yes
checking for unistd.h... yes
checking arpa/inet.h usability... yes
checking arpa/inet.h presence... yes
checking for arpa/inet.h... yes
checking fcntl.h usability... yes
checking fcntl.h presence... yes
checking for fcntl.h... yes
checking netdb.h usability... yes
checking netdb.h presence... yes
checking for netdb.h... yes
checking netinet/in.h usability... yes
checking netinet/in.h presence... yes
checking for netinet/in.h... yes
checking for stdint.h... (cached) yes
checking for stdlib.h... (cached) yes
checking for string.h... (cached) yes
checking sys/ioctl.h usability... yes
checking sys/ioctl.h presence... yes
checking for sys/ioctl.h... yes
checking sys/socket.h usability... yes
checking sys/socket.h presence... yes
checking for sys/socket.h... yes
checking sys/timeb.h usability... yes
checking sys/timeb.h presence... yes
checking for sys/timeb.h... yes
checking for unistd.h... (cached) yes
checking getopt.h usability... yes
checking getopt.h presence... yes
checking for getopt.h... yes
checking for stdbool.h that conforms to C99... yes
checking for _Bool... yes
checking for inline... inline
checking for int16_t... yes
checking for int32_t... yes
checking for int64_t... yes
checking for int8_t... yes
checking for pid_t... yes
checking for size_t... yes
checking for ssize_t... yes
checking for uint16_t... yes
checking for uint32_t... yes
checking for uint64_t... yes
checking for uint8_t... yes
checking for working alloca.h... yes
checking for alloca... yes
checking vfork.h usability... no
checking vfork.h presence... no
checking for vfork.h... no
checking for fork... yes
checking for vfork... yes
checking for working fork... yes
checking for working vfork... (cached) yes
checking for stdlib.h... (cached) yes
checking for GNU libc compatible malloc... yes
checking for stdlib.h... (cached) yes
checking for GNU libc compatible realloc... yes
checking for atexit... yes
checking for clock_gettime... yes
checking for inet_ntoa... yes
checking for memmove... yes
checking for memset... yes
checking for socket... yes
checking for strchr... yes
checking for strdup... yes
checking for strerror... yes
checking for strstr... yes
checking for strtol... yes
checking for getopt_long... yes
checking that generated files are newer than configure... done
configure: creating ./config.status
config.status: creating Makefile
config.status: creating config.h
config.status: executing depfiles commands
+ make
error: unknown option `exclude=*'
usage: git describe [<options>] [<commit-ish>...]
   or: git describe [<options>] --dirty

    --contains            find the tag that comes after the commit
    --debug               debug search strategy on stderr
    --all                 use any ref
    --tags                use any tag, even unannotated
    --long                always use long format
    --first-parent        only follow first parent
    --abbrev[=<n>]        use <n> digits to display SHA-1s
    --exact-match         only output exact matches
    --candidates <n>      consider <n> most recent tags (default: 10)
    --match <pattern>     only consider tags matching <pattern>
    --always              show abbreviated commit object as fallback
    --dirty[=<mark>]      append <mark> on dirty working tree (default: "-dirty")

make  all-am
make[1]: Entering directory '/tmp/tmp.e7VEGIG5N8/src/github.com/rootless-containers/slirp4netns'
error: unknown option `exclude=*'
usage: git describe [<options>] [<commit-ish>...]
   or: git describe [<options>] --dirty

    --contains            find the tag that comes after the commit
    --debug               debug search strategy on stderr
    --all                 use any ref
    --tags                use any tag, even unannotated
    --long                always use long format
    --first-parent        only follow first parent
    --abbrev[=<n>]        use <n> digits to display SHA-1s
    --exact-match         only output exact matches
    --candidates <n>      consider <n> most recent tags (default: 10)
    --match <pattern>     only consider tags matching <pattern>
    --always              show abbreviated commit object as fallback
    --dirty[=<mark>]      append <mark> on dirty working tree (default: "-dirty")

depbase=`echo qemu/slirp/arp_table.o | sed 's|[^/]*$|.deps/&|;s|\.o$||'`;\
gcc -DHAVE_CONFIG_H -I.    -I /tmp/tmp.e7VEGIG5N8/src/github.com/rootless-containers/slirp4netns/rd235_libslirp/include -I/tmp/tmp.e7VEGIG5N8/src/github.com/rootless-containers/slirp4netns/rd235_libslirp/src -I/tmp/tmp.e7VEGIG5N8/src/github.com/rootless-containers/slirp4netns/qemu/include -I/tmp/tmp.e7VEGIG5N8/src/github.com/rootless-containers/slirp4netns/qemu/slirp -g -O2 -MT qemu/slirp/arp_table.o -MD -MP -MF $depbase.Tpo -c -o qemu/slirp/arp_table.o qemu/slirp/arp_table.c &&\
mv -f $depbase.Tpo $depbase.Po
depbase=`echo qemu/slirp/bootp.o | sed 's|[^/]*$|.deps/&|;s|\.o$||'`;\
gcc -DHAVE_CONFIG_H -I.    -I /tmp/tmp.e7VEGIG5N8/src/github.com/rootless-containers/slirp4netns/rd235_libslirp/include -I/tmp/tmp.e7VEGIG5N8/src/github.com/rootless-containers/slirp4netns/rd235_libslirp/src -I/tmp/tmp.e7VEGIG5N8/src/github.com/rootless-containers/slirp4netns/qemu/include -I/tmp/tmp.e7VEGIG5N8/src/github.com/rootless-containers/slirp4netns/qemu/slirp -g -O2 -MT qemu/slirp/bootp.o -MD -MP -MF $depbase.Tpo -c -o qemu/slirp/bootp.o qemu/slirp/bootp.c &&\
mv -f $depbase.Tpo $depbase.Po
depbase=`echo qemu/slirp/cksum.o | sed 's|[^/]*$|.deps/&|;s|\.o$||'`;\
gcc -DHAVE_CONFIG_H -I.    -I /tmp/tmp.e7VEGIG5N8/src/github.com/rootless-containers/slirp4netns/rd235_libslirp/include -I/tmp/tmp.e7VEGIG5N8/src/github.com/rootless-containers/slirp4netns/rd235_libslirp/src -I/tmp/tmp.e7VEGIG5N8/src/github.com/rootless-containers/slirp4netns/qemu/include -I/tmp/tmp.e7VEGIG5N8/src/github.com/rootless-containers/slirp4netns/qemu/slirp -g -O2 -MT qemu/slirp/cksum.o -MD -MP -MF $depbase.Tpo -c -o qemu/slirp/cksum.o qemu/slirp/cksum.c &&\
mv -f $depbase.Tpo $depbase.Po
depbase=`echo qemu/slirp/dhcpv6.o | sed 's|[^/]*$|.deps/&|;s|\.o$||'`;\
gcc -DHAVE_CONFIG_H -I.    -I /tmp/tmp.e7VEGIG5N8/src/github.com/rootless-containers/slirp4netns/rd235_libslirp/include -I/tmp/tmp.e7VEGIG5N8/src/github.com/rootless-containers/slirp4netns/rd235_libslirp/src -I/tmp/tmp.e7VEGIG5N8/src/github.com/rootless-containers/slirp4netns/qemu/include -I/tmp/tmp.e7VEGIG5N8/src/github.com/rootless-containers/slirp4netns/qemu/slirp -g -O2 -MT qemu/slirp/dhcpv6.o -MD -MP -MF $depbase.Tpo -c -o qemu/slirp/dhcpv6.o qemu/slirp/dhcpv6.c &&\
mv -f $depbase.Tpo $depbase.Po
depbase=`echo qemu/slirp/dnssearch.o | sed 's|[^/]*$|.deps/&|;s|\.o$||'`;\
gcc -DHAVE_CONFIG_H -I.    -I /tmp/tmp.e7VEGIG5N8/src/github.com/rootless-containers/slirp4netns/rd235_libslirp/include -I/tmp/tmp.e7VEGIG5N8/src/github.com/rootless-containers/slirp4netns/rd235_libslirp/src -I/tmp/tmp.e7VEGIG5N8/src/github.com/rootless-containers/slirp4netns/qemu/include -I/tmp/tmp.e7VEGIG5N8/src/github.com/rootless-containers/slirp4netns/qemu/slirp -g -O2 -MT qemu/slirp/dnssearch.o -MD -MP -MF $depbase.Tpo -c -o qemu/slirp/dnssearch.o qemu/slirp/dnssearch.c &&\
mv -f $depbase.Tpo $depbase.Po
depbase=`echo qemu/slirp/if.o | sed 's|[^/]*$|.deps/&|;s|\.o$||'`;\
gcc -DHAVE_CONFIG_H -I.    -I /tmp/tmp.e7VEGIG5N8/src/github.com/rootless-containers/slirp4netns/rd235_libslirp/include -I/tmp/tmp.e7VEGIG5N8/src/github.com/rootless-containers/slirp4netns/rd235_libslirp/src -I/tmp/tmp.e7VEGIG5N8/src/github.com/rootless-containers/slirp4netns/qemu/include -I/tmp/tmp.e7VEGIG5N8/src/github.com/rootless-containers/slirp4netns/qemu/slirp -g -O2 -MT qemu/slirp/if.o -MD -MP -MF $depbase.Tpo -c -o qemu/slirp/if.o qemu/slirp/if.c &&\
mv -f $depbase.Tpo $depbase.Po
depbase=`echo qemu/slirp/ip6_icmp.o | sed 's|[^/]*$|.deps/&|;s|\.o$||'`;\
gcc -DHAVE_CONFIG_H -I.    -I /tmp/tmp.e7VEGIG5N8/src/github.com/rootless-containers/slirp4netns/rd235_libslirp/include -I/tmp/tmp.e7VEGIG5N8/src/github.com/rootless-containers/slirp4netns/rd235_libslirp/src -I/tmp/tmp.e7VEGIG5N8/src/github.com/rootless-containers/slirp4netns/qemu/include -I/tmp/tmp.e7VEGIG5N8/src/github.com/rootless-containers/slirp4netns/qemu/slirp -g -O2 -MT qemu/slirp/ip6_icmp.o -MD -MP -MF $depbase.Tpo -c -o qemu/slirp/ip6_icmp.o qemu/slirp/ip6_icmp.c &&\
mv -f $depbase.Tpo $depbase.Po
depbase=`echo qemu/slirp/ip6_input.o | sed 's|[^/]*$|.deps/&|;s|\.o$||'`;\
gcc -DHAVE_CONFIG_H -I.    -I /tmp/tmp.e7VEGIG5N8/src/github.com/rootless-containers/slirp4netns/rd235_libslirp/include -I/tmp/tmp.e7VEGIG5N8/src/github.com/rootless-containers/slirp4netns/rd235_libslirp/src -I/tmp/tmp.e7VEGIG5N8/src/github.com/rootless-containers/slirp4netns/qemu/include -I/tmp/tmp.e7VEGIG5N8/src/github.com/rootless-containers/slirp4netns/qemu/slirp -g -O2 -MT qemu/slirp/ip6_input.o -MD -MP -MF $depbase.Tpo -c -o qemu/slirp/ip6_input.o qemu/slirp/ip6_input.c &&\
mv -f $depbase.Tpo $depbase.Po
depbase=`echo qemu/slirp/ip6_output.o | sed 's|[^/]*$|.deps/&|;s|\.o$||'`;\
gcc -DHAVE_CONFIG_H -I.    -I /tmp/tmp.e7VEGIG5N8/src/github.com/rootless-containers/slirp4netns/rd235_libslirp/include -I/tmp/tmp.e7VEGIG5N8/src/github.com/rootless-containers/slirp4netns/rd235_libslirp/src -I/tmp/tmp.e7VEGIG5N8/src/github.com/rootless-containers/slirp4netns/qemu/include -I/tmp/tmp.e7VEGIG5N8/src/github.com/rootless-containers/slirp4netns/qemu/slirp -g -O2 -MT qemu/slirp/ip6_output.o -MD -MP -MF $depbase.Tpo -c -o qemu/slirp/ip6_output.o qemu/slirp/ip6_output.c &&\
mv -f $depbase.Tpo $depbase.Po
depbase=`echo qemu/slirp/ip_icmp.o | sed 's|[^/]*$|.deps/&|;s|\.o$||'`;\
gcc -DHAVE_CONFIG_H -I.    -I /tmp/tmp.e7VEGIG5N8/src/github.com/rootless-containers/slirp4netns/rd235_libslirp/include -I/tmp/tmp.e7VEGIG5N8/src/github.com/rootless-containers/slirp4netns/rd235_libslirp/src -I/tmp/tmp.e7VEGIG5N8/src/github.com/rootless-containers/slirp4netns/qemu/include -I/tmp/tmp.e7VEGIG5N8/src/github.com/rootless-containers/slirp4netns/qemu/slirp -g -O2 -MT qemu/slirp/ip_icmp.o -MD -MP -MF $depbase.Tpo -c -o qemu/slirp/ip_icmp.o qemu/slirp/ip_icmp.c &&\
mv -f $depbase.Tpo $depbase.Po
depbase=`echo qemu/slirp/ip_input.o | sed 's|[^/]*$|.deps/&|;s|\.o$||'`;\
gcc -DHAVE_CONFIG_H -I.    -I /tmp/tmp.e7VEGIG5N8/src/github.com/rootless-containers/slirp4netns/rd235_libslirp/include -I/tmp/tmp.e7VEGIG5N8/src/github.com/rootless-containers/slirp4netns/rd235_libslirp/src -I/tmp/tmp.e7VEGIG5N8/src/github.com/rootless-containers/slirp4netns/qemu/include -I/tmp/tmp.e7VEGIG5N8/src/github.com/rootless-containers/slirp4netns/qemu/slirp -g -O2 -MT qemu/slirp/ip_input.o -MD -MP -MF $depbase.Tpo -c -o qemu/slirp/ip_input.o qemu/slirp/ip_input.c &&\
mv -f $depbase.Tpo $depbase.Po
depbase=`echo qemu/slirp/ip_output.o | sed 's|[^/]*$|.deps/&|;s|\.o$||'`;\
gcc -DHAVE_CONFIG_H -I.    -I /tmp/tmp.e7VEGIG5N8/src/github.com/rootless-containers/slirp4netns/rd235_libslirp/include -I/tmp/tmp.e7VEGIG5N8/src/github.com/rootless-containers/slirp4netns/rd235_libslirp/src -I/tmp/tmp.e7VEGIG5N8/src/github.com/rootless-containers/slirp4netns/qemu/include -I/tmp/tmp.e7VEGIG5N8/src/github.com/rootless-containers/slirp4netns/qemu/slirp -g -O2 -MT qemu/slirp/ip_output.o -MD -MP -MF $depbase.Tpo -c -o qemu/slirp/ip_output.o qemu/slirp/ip_output.c &&\
mv -f $depbase.Tpo $depbase.Po
depbase=`echo qemu/slirp/mbuf.o | sed 's|[^/]*$|.deps/&|;s|\.o$||'`;\
gcc -DHAVE_CONFIG_H -I.    -I /tmp/tmp.e7VEGIG5N8/src/github.com/rootless-containers/slirp4netns/rd235_libslirp/include -I/tmp/tmp.e7VEGIG5N8/src/github.com/rootless-containers/slirp4netns/rd235_libslirp/src -I/tmp/tmp.e7VEGIG5N8/src/github.com/rootless-containers/slirp4netns/qemu/include -I/tmp/tmp.e7VEGIG5N8/src/github.com/rootless-containers/slirp4netns/qemu/slirp -g -O2 -MT qemu/slirp/mbuf.o -MD -MP -MF $depbase.Tpo -c -o qemu/slirp/mbuf.o qemu/slirp/mbuf.c &&\
mv -f $depbase.Tpo $depbase.Po
depbase=`echo qemu/slirp/misc.o | sed 's|[^/]*$|.deps/&|;s|\.o$||'`;\
gcc -DHAVE_CONFIG_H -I.    -I /tmp/tmp.e7VEGIG5N8/src/github.com/rootless-containers/slirp4netns/rd235_libslirp/include -I/tmp/tmp.e7VEGIG5N8/src/github.com/rootless-containers/slirp4netns/rd235_libslirp/src -I/tmp/tmp.e7VEGIG5N8/src/github.com/rootless-containers/slirp4netns/qemu/include -I/tmp/tmp.e7VEGIG5N8/src/github.com/rootless-containers/slirp4netns/qemu/slirp -g -O2 -MT qemu/slirp/misc.o -MD -MP -MF $depbase.Tpo -c -o qemu/slirp/misc.o qemu/slirp/misc.c &&\
mv -f $depbase.Tpo $depbase.Po
depbase=`echo qemu/slirp/ndp_table.o | sed 's|[^/]*$|.deps/&|;s|\.o$||'`;\
gcc -DHAVE_CONFIG_H -I.    -I /tmp/tmp.e7VEGIG5N8/src/github.com/rootless-containers/slirp4netns/rd235_libslirp/include -I/tmp/tmp.e7VEGIG5N8/src/github.com/rootless-containers/slirp4netns/rd235_libslirp/src -I/tmp/tmp.e7VEGIG5N8/src/github.com/rootless-containers/slirp4netns/qemu/include -I/tmp/tmp.e7VEGIG5N8/src/github.com/rootless-containers/slirp4netns/qemu/slirp -g -O2 -MT qemu/slirp/ndp_table.o -MD -MP -MF $depbase.Tpo -c -o qemu/slirp/ndp_table.o qemu/slirp/ndp_table.c &&\
mv -f $depbase.Tpo $depbase.Po
depbase=`echo qemu/slirp/sbuf.o | sed 's|[^/]*$|.deps/&|;s|\.o$||'`;\
gcc -DHAVE_CONFIG_H -I.    -I /tmp/tmp.e7VEGIG5N8/src/github.com/rootless-containers/slirp4netns/rd235_libslirp/include -I/tmp/tmp.e7VEGIG5N8/src/github.com/rootless-containers/slirp4netns/rd235_libslirp/src -I/tmp/tmp.e7VEGIG5N8/src/github.com/rootless-containers/slirp4netns/qemu/include -I/tmp/tmp.e7VEGIG5N8/src/github.com/rootless-containers/slirp4netns/qemu/slirp -g -O2 -MT qemu/slirp/sbuf.o -MD -MP -MF $depbase.Tpo -c -o qemu/slirp/sbuf.o qemu/slirp/sbuf.c &&\
mv -f $depbase.Tpo $depbase.Po
depbase=`echo qemu/slirp/slirp.o | sed 's|[^/]*$|.deps/&|;s|\.o$||'`;\
gcc -DHAVE_CONFIG_H -I.    -I /tmp/tmp.e7VEGIG5N8/src/github.com/rootless-containers/slirp4netns/rd235_libslirp/include -I/tmp/tmp.e7VEGIG5N8/src/github.com/rootless-containers/slirp4netns/rd235_libslirp/src -I/tmp/tmp.e7VEGIG5N8/src/github.com/rootless-containers/slirp4netns/qemu/include -I/tmp/tmp.e7VEGIG5N8/src/github.com/rootless-containers/slirp4netns/qemu/slirp -g -O2 -MT qemu/slirp/slirp.o -MD -MP -MF $depbase.Tpo -c -o qemu/slirp/slirp.o qemu/slirp/slirp.c &&\
mv -f $depbase.Tpo $depbase.Po
depbase=`echo qemu/slirp/socket.o | sed 's|[^/]*$|.deps/&|;s|\.o$||'`;\
gcc -DHAVE_CONFIG_H -I.    -I /tmp/tmp.e7VEGIG5N8/src/github.com/rootless-containers/slirp4netns/rd235_libslirp/include -I/tmp/tmp.e7VEGIG5N8/src/github.com/rootless-containers/slirp4netns/rd235_libslirp/src -I/tmp/tmp.e7VEGIG5N8/src/github.com/rootless-containers/slirp4netns/qemu/include -I/tmp/tmp.e7VEGIG5N8/src/github.com/rootless-containers/slirp4netns/qemu/slirp -g -O2 -MT qemu/slirp/socket.o -MD -MP -MF $depbase.Tpo -c -o qemu/slirp/socket.o qemu/slirp/socket.c &&\
mv -f $depbase.Tpo $depbase.Po
depbase=`echo qemu/slirp/tcp_input.o | sed 's|[^/]*$|.deps/&|;s|\.o$||'`;\
gcc -DHAVE_CONFIG_H -I.    -I /tmp/tmp.e7VEGIG5N8/src/github.com/rootless-containers/slirp4netns/rd235_libslirp/include -I/tmp/tmp.e7VEGIG5N8/src/github.com/rootless-containers/slirp4netns/rd235_libslirp/src -I/tmp/tmp.e7VEGIG5N8/src/github.com/rootless-containers/slirp4netns/qemu/include -I/tmp/tmp.e7VEGIG5N8/src/github.com/rootless-containers/slirp4netns/qemu/slirp -g -O2 -MT qemu/slirp/tcp_input.o -MD -MP -MF $depbase.Tpo -c -o qemu/slirp/tcp_input.o qemu/slirp/tcp_input.c &&\
mv -f $depbase.Tpo $depbase.Po
depbase=`echo qemu/slirp/tcp_output.o | sed 's|[^/]*$|.deps/&|;s|\.o$||'`;\
gcc -DHAVE_CONFIG_H -I.    -I /tmp/tmp.e7VEGIG5N8/src/github.com/rootless-containers/slirp4netns/rd235_libslirp/include -I/tmp/tmp.e7VEGIG5N8/src/github.com/rootless-containers/slirp4netns/rd235_libslirp/src -I/tmp/tmp.e7VEGIG5N8/src/github.com/rootless-containers/slirp4netns/qemu/include -I/tmp/tmp.e7VEGIG5N8/src/github.com/rootless-containers/slirp4netns/qemu/slirp -g -O2 -MT qemu/slirp/tcp_output.o -MD -MP -MF $depbase.Tpo -c -o qemu/slirp/tcp_output.o qemu/slirp/tcp_output.c &&\
mv -f $depbase.Tpo $depbase.Po
depbase=`echo qemu/slirp/tcp_subr.o | sed 's|[^/]*$|.deps/&|;s|\.o$||'`;\
gcc -DHAVE_CONFIG_H -I.    -I /tmp/tmp.e7VEGIG5N8/src/github.com/rootless-containers/slirp4netns/rd235_libslirp/include -I/tmp/tmp.e7VEGIG5N8/src/github.com/rootless-containers/slirp4netns/rd235_libslirp/src -I/tmp/tmp.e7VEGIG5N8/src/github.com/rootless-containers/slirp4netns/qemu/include -I/tmp/tmp.e7VEGIG5N8/src/github.com/rootless-containers/slirp4netns/qemu/slirp -g -O2 -MT qemu/slirp/tcp_subr.o -MD -MP -MF $depbase.Tpo -c -o qemu/slirp/tcp_subr.o qemu/slirp/tcp_subr.c &&\
mv -f $depbase.Tpo $depbase.Po
depbase=`echo qemu/slirp/tcp_timer.o | sed 's|[^/]*$|.deps/&|;s|\.o$||'`;\
gcc -DHAVE_CONFIG_H -I.    -I /tmp/tmp.e7VEGIG5N8/src/github.com/rootless-containers/slirp4netns/rd235_libslirp/include -I/tmp/tmp.e7VEGIG5N8/src/github.com/rootless-containers/slirp4netns/rd235_libslirp/src -I/tmp/tmp.e7VEGIG5N8/src/github.com/rootless-containers/slirp4netns/qemu/include -I/tmp/tmp.e7VEGIG5N8/src/github.com/rootless-containers/slirp4netns/qemu/slirp -g -O2 -MT qemu/slirp/tcp_timer.o -MD -MP -MF $depbase.Tpo -c -o qemu/slirp/tcp_timer.o qemu/slirp/tcp_timer.c &&\
mv -f $depbase.Tpo $depbase.Po
depbase=`echo qemu/slirp/udp6.o | sed 's|[^/]*$|.deps/&|;s|\.o$||'`;\
gcc -DHAVE_CONFIG_H -I.    -I /tmp/tmp.e7VEGIG5N8/src/github.com/rootless-containers/slirp4netns/rd235_libslirp/include -I/tmp/tmp.e7VEGIG5N8/src/github.com/rootless-containers/slirp4netns/rd235_libslirp/src -I/tmp/tmp.e7VEGIG5N8/src/github.com/rootless-containers/slirp4netns/qemu/include -I/tmp/tmp.e7VEGIG5N8/src/github.com/rootless-containers/slirp4netns/qemu/slirp -g -O2 -MT qemu/slirp/udp6.o -MD -MP -MF $depbase.Tpo -c -o qemu/slirp/udp6.o qemu/slirp/udp6.c &&\
mv -f $depbase.Tpo $depbase.Po
depbase=`echo qemu/slirp/udp.o | sed 's|[^/]*$|.deps/&|;s|\.o$||'`;\
gcc -DHAVE_CONFIG_H -I.    -I /tmp/tmp.e7VEGIG5N8/src/github.com/rootless-containers/slirp4netns/rd235_libslirp/include -I/tmp/tmp.e7VEGIG5N8/src/github.com/rootless-containers/slirp4netns/rd235_libslirp/src -I/tmp/tmp.e7VEGIG5N8/src/github.com/rootless-containers/slirp4netns/qemu/include -I/tmp/tmp.e7VEGIG5N8/src/github.com/rootless-containers/slirp4netns/qemu/slirp -g -O2 -MT qemu/slirp/udp.o -MD -MP -MF $depbase.Tpo -c -o qemu/slirp/udp.o qemu/slirp/udp.c &&\
mv -f $depbase.Tpo $depbase.Po
rm -f libqemu_slirp.a
ar cru libqemu_slirp.a qemu/slirp/arp_table.o qemu/slirp/bootp.o qemu/slirp/cksum.o qemu/slirp/dhcpv6.o qemu/slirp/dnssearch.o qemu/slirp/if.o qemu/slirp/ip6_icmp.o qemu/slirp/ip6_input.o qemu/slirp/ip6_output.o qemu/slirp/ip_icmp.o qemu/slirp/ip_input.o qemu/slirp/ip_output.o qemu/slirp/mbuf.o qemu/slirp/misc.o qemu/slirp/ndp_table.o qemu/slirp/sbuf.o qemu/slirp/slirp.o qemu/slirp/socket.o qemu/slirp/tcp_input.o qemu/slirp/tcp_output.o qemu/slirp/tcp_subr.o qemu/slirp/tcp_timer.o qemu/slirp/udp6.o qemu/slirp/udp.o 
ar: `u' modifier ignored since `D' is the default (see `U')
ranlib libqemu_slirp.a
depbase=`echo rd235_libslirp/src/qemu2libslirp.o | sed 's|[^/]*$|.deps/&|;s|\.o$||'`;\
gcc -DHAVE_CONFIG_H -I.    -I /tmp/tmp.e7VEGIG5N8/src/github.com/rootless-containers/slirp4netns/rd235_libslirp/include -I/tmp/tmp.e7VEGIG5N8/src/github.com/rootless-containers/slirp4netns/rd235_libslirp/src -I/tmp/tmp.e7VEGIG5N8/src/github.com/rootless-containers/slirp4netns/qemu/include -I/tmp/tmp.e7VEGIG5N8/src/github.com/rootless-containers/slirp4netns/qemu/slirp -g -O2 -MT rd235_libslirp/src/qemu2libslirp.o -MD -MP -MF $depbase.Tpo -c -o rd235_libslirp/src/qemu2libslirp.o rd235_libslirp/src/qemu2libslirp.c &&\
mv -f $depbase.Tpo $depbase.Po
rm -f libslirp.a
ar cru libslirp.a rd235_libslirp/src/qemu2libslirp.o 
ar: `u' modifier ignored since `D' is the default (see `U')
ranlib libslirp.a
gcc -DHAVE_CONFIG_H -I.    -I /tmp/tmp.e7VEGIG5N8/src/github.com/rootless-containers/slirp4netns/rd235_libslirp/include -I/tmp/tmp.e7VEGIG5N8/src/github.com/rootless-containers/slirp4netns/rd235_libslirp/src -I/tmp/tmp.e7VEGIG5N8/src/github.com/rootless-containers/slirp4netns/qemu/include -I/tmp/tmp.e7VEGIG5N8/src/github.com/rootless-containers/slirp4netns/qemu/slirp -DCOMMIT="\"unknown\"" -g -O2 -MT slirp4netns-main.o -MD -MP -MF .deps/slirp4netns-main.Tpo -c -o slirp4netns-main.o `test -f 'main.c' || echo './'`main.c
mv -f .deps/slirp4netns-main.Tpo .deps/slirp4netns-main.Po
gcc -DHAVE_CONFIG_H -I.    -I /tmp/tmp.e7VEGIG5N8/src/github.com/rootless-containers/slirp4netns/rd235_libslirp/include -I/tmp/tmp.e7VEGIG5N8/src/github.com/rootless-containers/slirp4netns/rd235_libslirp/src -I/tmp/tmp.e7VEGIG5N8/src/github.com/rootless-containers/slirp4netns/qemu/include -I/tmp/tmp.e7VEGIG5N8/src/github.com/rootless-containers/slirp4netns/qemu/slirp -DCOMMIT="\"unknown\"" -g -O2 -MT slirp4netns-slirp4netns.o -MD -MP -MF .deps/slirp4netns-slirp4netns.Tpo -c -o slirp4netns-slirp4netns.o `test -f 'slirp4netns.c' || echo './'`slirp4netns.c
mv -f .deps/slirp4netns-slirp4netns.Tpo .deps/slirp4netns-slirp4netns.Po
gcc -I /tmp/tmp.e7VEGIG5N8/src/github.com/rootless-containers/slirp4netns/rd235_libslirp/include -I/tmp/tmp.e7VEGIG5N8/src/github.com/rootless-containers/slirp4netns/rd235_libslirp/src -I/tmp/tmp.e7VEGIG5N8/src/github.com/rootless-containers/slirp4netns/qemu/include -I/tmp/tmp.e7VEGIG5N8/src/github.com/rootless-containers/slirp4netns/qemu/slirp -DCOMMIT="\"unknown\"" -g -O2  -static -o slirp4netns slirp4netns-main.o slirp4netns-slirp4netns.o libslirp.a libqemu_slirp.a 
make[1]: Leaving directory '/tmp/tmp.e7VEGIG5N8/src/github.com/rootless-containers/slirp4netns'
+ mkdir -p /build/
+ cp slirp4netns /build//slirp4netns
+ cp COPYING /build//slirp4netns.LICENSE
Removing intermediate container cc6a1c4052ac
 ---> 0bca31621726
Step 77/108 : FROM runtime-dev AS dev
 ---> 5b424468bb1a
Step 78/108 : RUN groupadd -r docker
 ---> Running in 63e9f048f206
Removing intermediate container 63e9f048f206
 ---> 788bcc39a9fd
Step 79/108 : RUN useradd --create-home --gid docker unprivilegeduser
 ---> Running in 738762dfc262
Removing intermediate container 738762dfc262
 ---> a7441ccedc47
Step 80/108 : RUN ln -sfv /go/src/github.com/docker/docker/.bashrc ~/.bashrc
 ---> Running in ebeda810ef8a
'/root/.bashrc' -> '/go/src/github.com/docker/docker/.bashrc'
Removing intermediate container ebeda810ef8a
 ---> e8db47e2bec6
Step 81/108 : RUN echo "source /usr/share/bash-completion/bash_completion" >> /etc/bash.bashrc
 ---> Running in 23940a844414
Removing intermediate container 23940a844414
 ---> 1acb52925fcf
Step 82/108 : RUN ln -s /usr/local/completion/bash/docker /etc/bash_completion.d/docker
 ---> Running in 8859e02ae8c2
Removing intermediate container 8859e02ae8c2
 ---> 1708365bcc90
Step 83/108 : RUN ldconfig
 ---> Running in 1b2c41afffe5
Removing intermediate container 1b2c41afffe5
 ---> 544a3a9fafeb
Step 84/108 : RUN apt-get update && apt-get install -y 	apparmor 	aufs-tools 	bash-completion 	btrfs-tools 	iptables 	jq 	libcap2-bin 	libdevmapper-dev 	libudev-dev 	libsystemd-dev 	binutils-mingw-w64 	g++-mingw-w64-x86-64 	net-tools 	pigz 	python-backports.ssl-match-hostname 	python-dev 	python-mock 	python-pip 	python-requests 	python-setuptools 	python-websocket 	python-wheel 	thin-provisioning-tools 	vim 	vim-common 	xfsprogs 	zip 	bzip2 	xz-utils 	--no-install-recommends
 ---> Running in 4b985c67d882
Ign:1 http://cdn-fastly.deb.debian.org/debian stretch InRelease
Hit:2 http://cdn-fastly.deb.debian.org/debian stretch-updates InRelease
Hit:3 http://cdn-fastly.deb.debian.org/debian stretch Release
Hit:5 http://security.debian.org/debian-security stretch/updates InRelease
Reading package lists...
Reading package lists...
Building dependency tree...
Reading state information...
The following additional packages will be installed:
  binutils-mingw-w64-i686 binutils-mingw-w64-x86-64 btrfs-progs dh-python
  dmsetup gcc-mingw-w64-base gcc-mingw-w64-x86-64 libaio1 libapparmor-perl
  libdevmapper-event1.02.1 libdevmapper1.02.1 libexpat1-dev libgpm2 libip4tc0
  libip6tc0 libiptc0 libjq1 liblzo2-2 libmpdec2 libnetfilter-conntrack3
  libnfnetlink0 libonig4 libpcre16-3 libpcre3-dev libpcre32-3 libpcrecpp0v5
  libpython-dev libpython2.7 libpython2.7-dev libpython3-stdlib
  libpython3.5-minimal libpython3.5-stdlib libreadline5 libselinux1-dev
  libsepol1-dev libxtables12 mingw-w64-common mingw-w64-x86-64-dev
  python-chardet python-funcsigs python-pbr python-pip-whl
  python-pkg-resources python-urllib3 python2.7-dev python3 python3-minimal
  python3.5 python3.5-minimal vim-runtime xxd
Suggested packages:
  apparmor-profiles apparmor-profiles-extra apparmor-utils bzip2-doc
  gcc-6-locales kmod gpm wine64 python-funcsigs-doc python-mock-doc
  python-cryptography python-idna python-openssl python-socks
  python-setuptools-doc python-ntlm python3-doc python3-tk python3-venv
  python3.5-venv python3.5-doc binfmt-support ctags vim-doc vim-scripts
  xfsdump acl attr quota
Recommended packages:
  aufs-dkms libpam-cap build-essential python-all-dev python-cryptography
  python-idna python-ipaddress python-openssl python-keyring
  python-keyrings.alt python-xdg unzip
The following NEW packages will be installed:
  apparmor aufs-tools bash-completion binutils-mingw-w64
  binutils-mingw-w64-i686 binutils-mingw-w64-x86-64 btrfs-progs btrfs-tools
  bzip2 dh-python dmsetup g++-mingw-w64-x86-64 gcc-mingw-w64-base
  gcc-mingw-w64-x86-64 iptables jq libaio1 libapparmor-perl libcap2-bin
  libdevmapper-dev libdevmapper-event1.02.1 libdevmapper1.02.1 libexpat1-dev
  libgpm2 libip4tc0 libip6tc0 libiptc0 libjq1 liblzo2-2 libmpdec2
  libnetfilter-conntrack3 libnfnetlink0 libonig4 libpcre16-3 libpcre3-dev
  libpcre32-3 libpcrecpp0v5 libpython-dev libpython2.7 libpython2.7-dev
  libpython3-stdlib libpython3.5-minimal libpython3.5-stdlib libreadline5
  libselinux1-dev libsepol1-dev libsystemd-dev libudev-dev libxtables12
  mingw-w64-common mingw-w64-x86-64-dev net-tools pigz
  python-backports.ssl-match-hostname python-chardet python-dev
  python-funcsigs python-mock python-pbr python-pip python-pip-whl
  python-pkg-resources python-requests python-setuptools python-urllib3
  python-websocket python-wheel python2.7-dev python3 python3-minimal
  python3.5 python3.5-minimal thin-provisioning-tools vim vim-common
  vim-runtime xfsprogs xxd xz-utils zip
0 upgraded, 80 newly installed, 0 to remove and 1 not upgraded.
Need to get 121 MB of archives.
After this operation, 590 MB of additional disk space will be used.
Get:1 http://cdn-fastly.deb.debian.org/debian stretch/main amd64 bash-completion all 1:2.1-4.3 [178 kB]
Get:2 http://cdn-fastly.deb.debian.org/debian stretch/main amd64 libnfnetlink0 amd64 1.0.1-3 [13.5 kB]
Get:3 http://cdn-fastly.deb.debian.org/debian stretch/main amd64 libpcrecpp0v5 amd64 2:8.39-3 [151 kB]
Get:4 http://cdn-fastly.deb.debian.org/debian stretch/main amd64 libudev-dev amd64 232-25+deb9u6 [91.3 kB]
Get:5 http://cdn-fastly.deb.debian.org/debian stretch/main amd64 libpython3.5-minimal amd64 3.5.3-1+deb9u1 [573 kB]
Get:6 http://cdn-fastly.deb.debian.org/debian stretch/main amd64 python3.5-minimal amd64 3.5.3-1+deb9u1 [1691 kB]
Get:7 http://cdn-fastly.deb.debian.org/debian stretch/main amd64 python3-minimal amd64 3.5.3-1 [35.3 kB]
Get:8 http://cdn-fastly.deb.debian.org/debian stretch/main amd64 libmpdec2 amd64 2.4.2-1 [85.2 kB]
Get:9 http://cdn-fastly.deb.debian.org/debian stretch/main amd64 libpython3.5-stdlib amd64 3.5.3-1+deb9u1 [2167 kB]
Get:10 http://cdn-fastly.deb.debian.org/debian stretch/main amd64 python3.5 amd64 3.5.3-1+deb9u1 [229 kB]
Get:11 http://cdn-fastly.deb.debian.org/debian stretch/main amd64 libpython3-stdlib amd64 3.5.3-1 [18.6 kB]
Get:12 http://cdn-fastly.deb.debian.org/debian stretch/main amd64 dh-python all 2.20170125 [86.8 kB]
Get:13 http://cdn-fastly.deb.debian.org/debian stretch/main amd64 python3 amd64 3.5.3-1 [21.6 kB]
Get:14 http://cdn-fastly.deb.debian.org/debian stretch/main amd64 pigz amd64 2.3.4-1 [55.4 kB]
Get:15 http://cdn-fastly.deb.debian.org/debian stretch/main amd64 libip4tc0 amd64 1.6.0+snapshot20161117-6 [67.8 kB]
Get:16 http://cdn-fastly.deb.debian.org/debian stretch/main amd64 libip6tc0 amd64 1.6.0+snapshot20161117-6 [68.1 kB]
Get:17 http://cdn-fastly.deb.debian.org/debian stretch/main amd64 libiptc0 amd64 1.6.0+snapshot20161117-6 [57.5 kB]
Get:18 http://cdn-fastly.deb.debian.org/debian stretch/main amd64 libxtables12 amd64 1.6.0+snapshot20161117-6 [75.9 kB]
Get:19 http://cdn-fastly.deb.debian.org/debian stretch/main amd64 libnetfilter-conntrack3 amd64 1.0.6-2 [38.7 kB]
Get:20 http://cdn-fastly.deb.debian.org/debian stretch/main amd64 iptables amd64 1.6.0+snapshot20161117-6 [288 kB]
Get:21 http://cdn-fastly.deb.debian.org/debian stretch/main amd64 xxd amd64 2:8.0.0197-4+deb9u1 [132 kB]
Get:22 http://cdn-fastly.deb.debian.org/debian stretch/main amd64 vim-common all 2:8.0.0197-4+deb9u1 [159 kB]
Get:23 http://cdn-fastly.deb.debian.org/debian stretch/main amd64 bzip2 amd64 1.0.6-8.1 [47.5 kB]
Get:24 http://cdn-fastly.deb.debian.org/debian stretch/main amd64 libgpm2 amd64 1.20.4-6.2+b1 [34.2 kB]
Get:25 http://cdn-fastly.deb.debian.org/debian stretch/main amd64 xz-utils amd64 5.2.2-1.2+b1 [266 kB]
Get:26 http://cdn-fastly.deb.debian.org/debian stretch/main amd64 aufs-tools amd64 1:4.1+20161219-1 [102 kB]
Get:27 http://cdn-fastly.deb.debian.org/debian stretch/main amd64 liblzo2-2 amd64 2.08-1.2+b2 [55.0 kB]
Get:28 http://cdn-fastly.deb.debian.org/debian stretch/main amd64 btrfs-progs amd64 4.7.3-1 [577 kB]
Get:29 http://cdn-fastly.deb.debian.org/debian stretch/main amd64 btrfs-tools amd64 4.7.3-1 [16.9 kB]
Get:30 http://cdn-fastly.deb.debian.org/debian stretch/main amd64 libdevmapper1.02.1 amd64 2:1.02.137-2 [170 kB]
Get:31 http://cdn-fastly.deb.debian.org/debian stretch/main amd64 dmsetup amd64 2:1.02.137-2 [107 kB]
Get:32 http://cdn-fastly.deb.debian.org/debian stretch/main amd64 libonig4 amd64 6.1.3-2 [146 kB]
Get:33 http://cdn-fastly.deb.debian.org/debian stretch/main amd64 libjq1 amd64 1.5+dfsg-1.3 [123 kB]
Get:34 http://cdn-fastly.deb.debian.org/debian stretch/main amd64 jq amd64 1.5+dfsg-1.3 [58.6 kB]
Get:35 http://cdn-fastly.deb.debian.org/debian stretch/main amd64 libaio1 amd64 0.3.110-3 [9412 B]
Get:36 http://cdn-fastly.deb.debian.org/debian stretch/main amd64 libcap2-bin amd64 1:2.25-1 [26.5 kB]
Get:37 http://cdn-fastly.deb.debian.org/debian stretch/main amd64 libdevmapper-event1.02.1 amd64 2:1.02.137-2 [41.6 kB]
Get:38 http://cdn-fastly.deb.debian.org/debian stretch/main amd64 libsepol1-dev amd64 2.6-2 [309 kB]
Get:39 http://cdn-fastly.deb.debian.org/debian stretch/main amd64 libpcre16-3 amd64 2:8.39-3 [258 kB]
Get:40 http://cdn-fastly.deb.debian.org/debian stretch/main amd64 libpcre32-3 amd64 2:8.39-3 [248 kB]
Get:41 http://cdn-fastly.deb.debian.org/debian stretch/main amd64 libpcre3-dev amd64 2:8.39-3 [647 kB]
Get:42 http://cdn-fastly.deb.debian.org/debian stretch/main amd64 libselinux1-dev amd64 2.6-3+b3 [184 kB]
Get:43 http://cdn-fastly.deb.debian.org/debian stretch/main amd64 libdevmapper-dev amd64 2:1.02.137-2 [68.6 kB]
Get:44 http://cdn-fastly.deb.debian.org/debian stretch/main amd64 libexpat1-dev amd64 2.2.0-2+deb9u1 [134 kB]
Get:45 http://cdn-fastly.deb.debian.org/debian stretch/main amd64 libpython2.7 amd64 2.7.13-2+deb9u3 [1071 kB]
Get:46 http://cdn-fastly.deb.debian.org/debian stretch/main amd64 libpython2.7-dev amd64 2.7.13-2+deb9u3 [28.2 MB]
Get:47 http://cdn-fastly.deb.debian.org/debian stretch/main amd64 libpython-dev amd64 2.7.13-2 [20.1 kB]
Get:48 http://cdn-fastly.deb.debian.org/debian stretch/main amd64 libreadline5 amd64 5.2+dfsg-3+b1 [119 kB]
Get:49 http://cdn-fastly.deb.debian.org/debian stretch/main amd64 libsystemd-dev amd64 232-25+deb9u6 [1972 kB]
Get:50 http://cdn-fastly.deb.debian.org/debian stretch/main amd64 net-tools amd64 1.60+git20161116.90da8a0-1 [248 kB]
Get:51 http://cdn-fastly.deb.debian.org/debian stretch/main amd64 python-backports.ssl-match-hostname all 3.5.0.1-1 [6980 B]
Get:52 http://cdn-fastly.deb.debian.org/debian stretch/main amd64 python-pkg-resources all 33.1.1-1 [166 kB]
Get:53 http://cdn-fastly.deb.debian.org/debian stretch/main amd64 python-chardet all 2.3.0-2 [96.0 kB]
Get:54 http://cdn-fastly.deb.debian.org/debian stretch/main amd64 python2.7-dev amd64 2.7.13-2+deb9u3 [290 kB]
Get:55 http://cdn-fastly.deb.debian.org/debian stretch/main amd64 python-dev amd64 2.7.13-2 [1126 B]
Get:56 http://cdn-fastly.deb.debian.org/debian stretch/main amd64 python-funcsigs all 1.0.2-3 [13.3 kB]
Get:57 http://cdn-fastly.deb.debian.org/debian stretch/main amd64 python-pbr all 1.10.0-1 [52.4 kB]
Get:58 http://cdn-fastly.deb.debian.org/debian stretch/main amd64 python-pip-whl all 9.0.1-2 [1406 kB]
Get:59 http://cdn-fastly.deb.debian.org/debian stretch/main amd64 python-pip all 9.0.1-2 [179 kB]
Get:60 http://cdn-fastly.deb.debian.org/debian stretch/main amd64 python-urllib3 all 1.19.1-1 [77.5 kB]
Get:61 http://cdn-fastly.deb.debian.org/debian stretch/main amd64 python-requests all 2.12.4-1 [101 kB]
Get:62 http://cdn-fastly.deb.debian.org/debian stretch/main amd64 python-setuptools all 33.1.1-1 [297 kB]
Get:63 http://cdn-fastly.deb.debian.org/debian stretch/main amd64 python-websocket all 0.37.0-2 [31.5 kB]
Get:64 http://cdn-fastly.deb.debian.org/debian stretch/main amd64 python-wheel all 0.29.0-2 [51.7 kB]
Get:65 http://cdn-fastly.deb.debian.org/debian stretch/main amd64 thin-provisioning-tools amd64 0.6.1-4+b1 [363 kB]
Get:66 http://cdn-fastly.deb.debian.org/debian stretch/main amd64 vim-runtime all 2:8.0.0197-4+deb9u1 [5407 kB]
Get:67 http://cdn-fastly.deb.debian.org/debian stretch/main amd64 vim amd64 2:8.0.0197-4+deb9u1 [1034 kB]
Get:68 http://cdn-fastly.deb.debian.org/debian stretch/main amd64 xfsprogs amd64 4.9.0+nmu1 [811 kB]
Get:69 http://cdn-fastly.deb.debian.org/debian stretch/main amd64 zip amd64 3.0-11+b1 [234 kB]
Get:70 http://cdn-fastly.deb.debian.org/debian stretch/main amd64 libapparmor-perl amd64 2.11.0-3+deb9u2 [82.2 kB]
Get:71 http://cdn-fastly.deb.debian.org/debian stretch/main amd64 apparmor amd64 2.11.0-3+deb9u2 [525 kB]
Get:72 http://cdn-fastly.deb.debian.org/debian stretch/main amd64 binutils-mingw-w64-i686 amd64 2.28-5+7.4+b4 [2242 kB]
Get:73 http://cdn-fastly.deb.debian.org/debian stretch/main amd64 binutils-mingw-w64-x86-64 amd64 2.28-5+7.4+b4 [2467 kB]
Get:74 http://cdn-fastly.deb.debian.org/debian stretch/main amd64 binutils-mingw-w64 all 2.27.90.20161231-1+7.4 [136 kB]
Get:75 http://cdn-fastly.deb.debian.org/debian stretch/main amd64 mingw-w64-common all 5.0.1-1 [4764 kB]
Get:76 http://cdn-fastly.deb.debian.org/debian stretch/main amd64 mingw-w64-x86-64-dev all 5.0.1-1 [3342 kB]
Get:77 http://cdn-fastly.deb.debian.org/debian stretch/main amd64 gcc-mingw-w64-base amd64 6.3.0-18+19.3+b3 [170 kB]
Get:78 http://cdn-fastly.deb.debian.org/debian stretch/main amd64 gcc-mingw-w64-x86-64 amd64 6.3.0-18+19.3+b3 [32.7 MB]
Get:79 http://cdn-fastly.deb.debian.org/debian stretch/main amd64 g++-mingw-w64-x86-64 amd64 6.3.0-18+19.3+b3 [22.4 MB]
Get:80 http://cdn-fastly.deb.debian.org/debian stretch/main amd64 python-mock all 2.0.0-3 [59.8 kB]
debconf: delaying package configuration, since apt-utils is not installed
Fetched 121 MB in 3s (39.7 MB/s)
Selecting previously unselected package bash-completion.
(Reading database ... (Reading database ... 5%(Reading database ... 10%(Reading database ... 15%(Reading database ... 20%(Reading database ... 25%(Reading database ... 30%(Reading database ... 35%(Reading database ... 40%(Reading database ... 45%(Reading database ... 50%(Reading database ... 55%(Reading database ... 60%(Reading database ... 65%(Reading database ... 70%(Reading database ... 75%(Reading database ... 80%(Reading database ... 85%(Reading database ... 90%(Reading database ... 95%(Reading database ... 100%(Reading database ... 15159 files and directories currently installed.)
Preparing to unpack .../00-bash-completion_1%3a2.1-4.3_all.deb ...
Unpacking bash-completion (1:2.1-4.3) ...
Selecting previously unselected package libnfnetlink0:amd64.
Preparing to unpack .../01-libnfnetlink0_1.0.1-3_amd64.deb ...
Unpacking libnfnetlink0:amd64 (1.0.1-3) ...
Selecting previously unselected package libpcrecpp0v5:amd64.
Preparing to unpack .../02-libpcrecpp0v5_2%3a8.39-3_amd64.deb ...
Unpacking libpcrecpp0v5:amd64 (2:8.39-3) ...
Selecting previously unselected package libudev-dev:amd64.
Preparing to unpack .../03-libudev-dev_232-25+deb9u6_amd64.deb ...
Unpacking libudev-dev:amd64 (232-25+deb9u6) ...
Selecting previously unselected package libpython3.5-minimal:amd64.
Preparing to unpack .../04-libpython3.5-minimal_3.5.3-1+deb9u1_amd64.deb ...
Unpacking libpython3.5-minimal:amd64 (3.5.3-1+deb9u1) ...
Selecting previously unselected package python3.5-minimal.
Preparing to unpack .../05-python3.5-minimal_3.5.3-1+deb9u1_amd64.deb ...
Unpacking python3.5-minimal (3.5.3-1+deb9u1) ...
Selecting previously unselected package python3-minimal.
Preparing to unpack .../06-python3-minimal_3.5.3-1_amd64.deb ...
Unpacking python3-minimal (3.5.3-1) ...
Selecting previously unselected package libmpdec2:amd64.
Preparing to unpack .../07-libmpdec2_2.4.2-1_amd64.deb ...
Unpacking libmpdec2:amd64 (2.4.2-1) ...
Selecting previously unselected package libpython3.5-stdlib:amd64.
Preparing to unpack .../08-libpython3.5-stdlib_3.5.3-1+deb9u1_amd64.deb ...
Unpacking libpython3.5-stdlib:amd64 (3.5.3-1+deb9u1) ...
Selecting previously unselected package python3.5.
Preparing to unpack .../09-python3.5_3.5.3-1+deb9u1_amd64.deb ...
Unpacking python3.5 (3.5.3-1+deb9u1) ...
Selecting previously unselected package libpython3-stdlib:amd64.
Preparing to unpack .../10-libpython3-stdlib_3.5.3-1_amd64.deb ...
Unpacking libpython3-stdlib:amd64 (3.5.3-1) ...
Selecting previously unselected package dh-python.
Preparing to unpack .../11-dh-python_2.20170125_all.deb ...
Unpacking dh-python (2.20170125) ...
Setting up libpython3.5-minimal:amd64 (3.5.3-1+deb9u1) ...
Setting up python3.5-minimal (3.5.3-1+deb9u1) ...
Setting up python3-minimal (3.5.3-1) ...
Selecting previously unselected package python3.
(Reading database ... (Reading database ... 5%(Reading database ... 10%(Reading database ... 15%(Reading database ... 20%(Reading database ... 25%(Reading database ... 30%(Reading database ... 35%(Reading database ... 40%(Reading database ... 45%(Reading database ... 50%(Reading database ... 55%(Reading database ... 60%(Reading database ... 65%(Reading database ... 70%(Reading database ... 75%(Reading database ... 80%(Reading database ... 85%(Reading database ... 90%(Reading database ... 95%(Reading database ... 100%(Reading database ... 16736 files and directories currently installed.)
Preparing to unpack .../00-python3_3.5.3-1_amd64.deb ...
Unpacking python3 (3.5.3-1) ...
Selecting previously unselected package pigz.
Preparing to unpack .../01-pigz_2.3.4-1_amd64.deb ...
Unpacking pigz (2.3.4-1) ...
Selecting previously unselected package libip4tc0:amd64.
Preparing to unpack .../02-libip4tc0_1.6.0+snapshot20161117-6_amd64.deb ...
Unpacking libip4tc0:amd64 (1.6.0+snapshot20161117-6) ...
Selecting previously unselected package libip6tc0:amd64.
Preparing to unpack .../03-libip6tc0_1.6.0+snapshot20161117-6_amd64.deb ...
Unpacking libip6tc0:amd64 (1.6.0+snapshot20161117-6) ...
Selecting previously unselected package libiptc0:amd64.
Preparing to unpack .../04-libiptc0_1.6.0+snapshot20161117-6_amd64.deb ...
Unpacking libiptc0:amd64 (1.6.0+snapshot20161117-6) ...
Selecting previously unselected package libxtables12:amd64.
Preparing to unpack .../05-libxtables12_1.6.0+snapshot20161117-6_amd64.deb ...
Unpacking libxtables12:amd64 (1.6.0+snapshot20161117-6) ...
Selecting previously unselected package libnetfilter-conntrack3:amd64.
Preparing to unpack .../06-libnetfilter-conntrack3_1.0.6-2_amd64.deb ...
Unpacking libnetfilter-conntrack3:amd64 (1.0.6-2) ...
Selecting previously unselected package iptables.
Preparing to unpack .../07-iptables_1.6.0+snapshot20161117-6_amd64.deb ...
Unpacking iptables (1.6.0+snapshot20161117-6) ...
Selecting previously unselected package xxd.
Preparing to unpack .../08-xxd_2%3a8.0.0197-4+deb9u1_amd64.deb ...
Unpacking xxd (2:8.0.0197-4+deb9u1) ...
Selecting previously unselected package vim-common.
Preparing to unpack .../09-vim-common_2%3a8.0.0197-4+deb9u1_all.deb ...
Unpacking vim-common (2:8.0.0197-4+deb9u1) ...
Selecting previously unselected package bzip2.
Preparing to unpack .../10-bzip2_1.0.6-8.1_amd64.deb ...
Unpacking bzip2 (1.0.6-8.1) ...
Selecting previously unselected package libgpm2:amd64.
Preparing to unpack .../11-libgpm2_1.20.4-6.2+b1_amd64.deb ...
Unpacking libgpm2:amd64 (1.20.4-6.2+b1) ...
Selecting previously unselected package xz-utils.
Preparing to unpack .../12-xz-utils_5.2.2-1.2+b1_amd64.deb ...
Unpacking xz-utils (5.2.2-1.2+b1) ...
Selecting previously unselected package aufs-tools.
Preparing to unpack .../13-aufs-tools_1%3a4.1+20161219-1_amd64.deb ...
Unpacking aufs-tools (1:4.1+20161219-1) ...
Selecting previously unselected package liblzo2-2:amd64.
Preparing to unpack .../14-liblzo2-2_2.08-1.2+b2_amd64.deb ...
Unpacking liblzo2-2:amd64 (2.08-1.2+b2) ...
Selecting previously unselected package btrfs-progs.
Preparing to unpack .../15-btrfs-progs_4.7.3-1_amd64.deb ...
Unpacking btrfs-progs (4.7.3-1) ...
Selecting previously unselected package btrfs-tools.
Preparing to unpack .../16-btrfs-tools_4.7.3-1_amd64.deb ...
Unpacking btrfs-tools (4.7.3-1) ...
Selecting previously unselected package libdevmapper1.02.1:amd64.
Preparing to unpack .../17-libdevmapper1.02.1_2%3a1.02.137-2_amd64.deb ...
Unpacking libdevmapper1.02.1:amd64 (2:1.02.137-2) ...
Selecting previously unselected package dmsetup.
Preparing to unpack .../18-dmsetup_2%3a1.02.137-2_amd64.deb ...
Unpacking dmsetup (2:1.02.137-2) ...
Selecting previously unselected package libonig4:amd64.
Preparing to unpack .../19-libonig4_6.1.3-2_amd64.deb ...
Unpacking libonig4:amd64 (6.1.3-2) ...
Selecting previously unselected package libjq1:amd64.
Preparing to unpack .../20-libjq1_1.5+dfsg-1.3_amd64.deb ...
Unpacking libjq1:amd64 (1.5+dfsg-1.3) ...
Selecting previously unselected package jq.
Preparing to unpack .../21-jq_1.5+dfsg-1.3_amd64.deb ...
Unpacking jq (1.5+dfsg-1.3) ...
Selecting previously unselected package libaio1:amd64.
Preparing to unpack .../22-libaio1_0.3.110-3_amd64.deb ...
Unpacking libaio1:amd64 (0.3.110-3) ...
Selecting previously unselected package libcap2-bin.
Preparing to unpack .../23-libcap2-bin_1%3a2.25-1_amd64.deb ...
Unpacking libcap2-bin (1:2.25-1) ...
Selecting previously unselected package libdevmapper-event1.02.1:amd64.
Preparing to unpack .../24-libdevmapper-event1.02.1_2%3a1.02.137-2_amd64.deb ...
Unpacking libdevmapper-event1.02.1:amd64 (2:1.02.137-2) ...
Selecting previously unselected package libsepol1-dev:amd64.
Preparing to unpack .../25-libsepol1-dev_2.6-2_amd64.deb ...
Unpacking libsepol1-dev:amd64 (2.6-2) ...
Selecting previously unselected package libpcre16-3:amd64.
Preparing to unpack .../26-libpcre16-3_2%3a8.39-3_amd64.deb ...
Unpacking libpcre16-3:amd64 (2:8.39-3) ...
Selecting previously unselected package libpcre32-3:amd64.
Preparing to unpack .../27-libpcre32-3_2%3a8.39-3_amd64.deb ...
Unpacking libpcre32-3:amd64 (2:8.39-3) ...
Selecting previously unselected package libpcre3-dev:amd64.
Preparing to unpack .../28-libpcre3-dev_2%3a8.39-3_amd64.deb ...
Unpacking libpcre3-dev:amd64 (2:8.39-3) ...
Selecting previously unselected package libselinux1-dev:amd64.
Preparing to unpack .../29-libselinux1-dev_2.6-3+b3_amd64.deb ...
Unpacking libselinux1-dev:amd64 (2.6-3+b3) ...
Selecting previously unselected package libdevmapper-dev:amd64.
Preparing to unpack .../30-libdevmapper-dev_2%3a1.02.137-2_amd64.deb ...
Unpacking libdevmapper-dev:amd64 (2:1.02.137-2) ...
Selecting previously unselected package libexpat1-dev:amd64.
Preparing to unpack .../31-libexpat1-dev_2.2.0-2+deb9u1_amd64.deb ...
Unpacking libexpat1-dev:amd64 (2.2.0-2+deb9u1) ...
Selecting previously unselected package libpython2.7:amd64.
Preparing to unpack .../32-libpython2.7_2.7.13-2+deb9u3_amd64.deb ...
Unpacking libpython2.7:amd64 (2.7.13-2+deb9u3) ...
Selecting previously unselected package libpython2.7-dev:amd64.
Preparing to unpack .../33-libpython2.7-dev_2.7.13-2+deb9u3_amd64.deb ...
Unpacking libpython2.7-dev:amd64 (2.7.13-2+deb9u3) ...
Selecting previously unselected package libpython-dev:amd64.
Preparing to unpack .../34-libpython-dev_2.7.13-2_amd64.deb ...
Unpacking libpython-dev:amd64 (2.7.13-2) ...
Selecting previously unselected package libreadline5:amd64.
Preparing to unpack .../35-libreadline5_5.2+dfsg-3+b1_amd64.deb ...
Unpacking libreadline5:amd64 (5.2+dfsg-3+b1) ...
Selecting previously unselected package libsystemd-dev:amd64.
Preparing to unpack .../36-libsystemd-dev_232-25+deb9u6_amd64.deb ...
Unpacking libsystemd-dev:amd64 (232-25+deb9u6) ...
Selecting previously unselected package net-tools.
Preparing to unpack .../37-net-tools_1.60+git20161116.90da8a0-1_amd64.deb ...
Unpacking net-tools (1.60+git20161116.90da8a0-1) ...
Selecting previously unselected package python-backports.ssl-match-hostname.
Preparing to unpack .../38-python-backports.ssl-match-hostname_3.5.0.1-1_all.deb ...
Unpacking python-backports.ssl-match-hostname (3.5.0.1-1) ...
Selecting previously unselected package python-pkg-resources.
Preparing to unpack .../39-python-pkg-resources_33.1.1-1_all.deb ...
Unpacking python-pkg-resources (33.1.1-1) ...
Selecting previously unselected package python-chardet.
Preparing to unpack .../40-python-chardet_2.3.0-2_all.deb ...
Unpacking python-chardet (2.3.0-2) ...
Selecting previously unselected package python2.7-dev.
Preparing to unpack .../41-python2.7-dev_2.7.13-2+deb9u3_amd64.deb ...
Unpacking python2.7-dev (2.7.13-2+deb9u3) ...
Selecting previously unselected package python-dev.
Preparing to unpack .../42-python-dev_2.7.13-2_amd64.deb ...
Unpacking python-dev (2.7.13-2) ...
Selecting previously unselected package python-funcsigs.
Preparing to unpack .../43-python-funcsigs_1.0.2-3_all.deb ...
Unpacking python-funcsigs (1.0.2-3) ...
Selecting previously unselected package python-pbr.
Preparing to unpack .../44-python-pbr_1.10.0-1_all.deb ...
Unpacking python-pbr (1.10.0-1) ...
Selecting previously unselected package python-pip-whl.
Preparing to unpack .../45-python-pip-whl_9.0.1-2_all.deb ...
Unpacking python-pip-whl (9.0.1-2) ...
Selecting previously unselected package python-pip.
Preparing to unpack .../46-python-pip_9.0.1-2_all.deb ...
Unpacking python-pip (9.0.1-2) ...
Selecting previously unselected package python-urllib3.
Preparing to unpack .../47-python-urllib3_1.19.1-1_all.deb ...
Unpacking python-urllib3 (1.19.1-1) ...
Selecting previously unselected package python-requests.
Preparing to unpack .../48-python-requests_2.12.4-1_all.deb ...
Unpacking python-requests (2.12.4-1) ...
Selecting previously unselected package python-setuptools.
Preparing to unpack .../49-python-setuptools_33.1.1-1_all.deb ...
Unpacking python-setuptools (33.1.1-1) ...
Selecting previously unselected package python-websocket.
Preparing to unpack .../50-python-websocket_0.37.0-2_all.deb ...
Unpacking python-websocket (0.37.0-2) ...
Selecting previously unselected package python-wheel.
Preparing to unpack .../51-python-wheel_0.29.0-2_all.deb ...
Unpacking python-wheel (0.29.0-2) ...
Selecting previously unselected package thin-provisioning-tools.
Preparing to unpack .../52-thin-provisioning-tools_0.6.1-4+b1_amd64.deb ...
Unpacking thin-provisioning-tools (0.6.1-4+b1) ...
Selecting previously unselected package vim-runtime.
Preparing to unpack .../53-vim-runtime_2%3a8.0.0197-4+deb9u1_all.deb ...
Adding 'diversion of /usr/share/vim/vim80/doc/help.txt to /usr/share/vim/vim80/doc/help.txt.vim-tiny by vim-runtime'
Adding 'diversion of /usr/share/vim/vim80/doc/tags to /usr/share/vim/vim80/doc/tags.vim-tiny by vim-runtime'
Unpacking vim-runtime (2:8.0.0197-4+deb9u1) ...
Selecting previously unselected package vim.
Preparing to unpack .../54-vim_2%3a8.0.0197-4+deb9u1_amd64.deb ...
Unpacking vim (2:8.0.0197-4+deb9u1) ...
Selecting previously unselected package xfsprogs.
Preparing to unpack .../55-xfsprogs_4.9.0+nmu1_amd64.deb ...
Unpacking xfsprogs (4.9.0+nmu1) ...
Selecting previously unselected package zip.
Preparing to unpack .../56-zip_3.0-11+b1_amd64.deb ...
Unpacking zip (3.0-11+b1) ...
Selecting previously unselected package libapparmor-perl.
Preparing to unpack .../57-libapparmor-perl_2.11.0-3+deb9u2_amd64.deb ...
Unpacking libapparmor-perl (2.11.0-3+deb9u2) ...
Selecting previously unselected package apparmor.
Preparing to unpack .../58-apparmor_2.11.0-3+deb9u2_amd64.deb ...
Unpacking apparmor (2.11.0-3+deb9u2) ...
Selecting previously unselected package binutils-mingw-w64-i686.
Preparing to unpack .../59-binutils-mingw-w64-i686_2.28-5+7.4+b4_amd64.deb ...
Unpacking binutils-mingw-w64-i686 (2.28-5+7.4+b4) ...
Selecting previously unselected package binutils-mingw-w64-x86-64.
Preparing to unpack .../60-binutils-mingw-w64-x86-64_2.28-5+7.4+b4_amd64.deb ...
Unpacking binutils-mingw-w64-x86-64 (2.28-5+7.4+b4) ...
Selecting previously unselected package binutils-mingw-w64.
Preparing to unpack .../61-binutils-mingw-w64_2.27.90.20161231-1+7.4_all.deb ...
Unpacking binutils-mingw-w64 (2.27.90.20161231-1+7.4) ...
Selecting previously unselected package mingw-w64-common.
Preparing to unpack .../62-mingw-w64-common_5.0.1-1_all.deb ...
Unpacking mingw-w64-common (5.0.1-1) ...
Selecting previously unselected package mingw-w64-x86-64-dev.
Preparing to unpack .../63-mingw-w64-x86-64-dev_5.0.1-1_all.deb ...
Unpacking mingw-w64-x86-64-dev (5.0.1-1) ...
Selecting previously unselected package gcc-mingw-w64-base.
Preparing to unpack .../64-gcc-mingw-w64-base_6.3.0-18+19.3+b3_amd64.deb ...
Unpacking gcc-mingw-w64-base (6.3.0-18+19.3+b3) ...
Selecting previously unselected package gcc-mingw-w64-x86-64.
Preparing to unpack .../65-gcc-mingw-w64-x86-64_6.3.0-18+19.3+b3_amd64.deb ...
Unpacking gcc-mingw-w64-x86-64 (6.3.0-18+19.3+b3) ...
Selecting previously unselected package g++-mingw-w64-x86-64.
Preparing to unpack .../66-g++-mingw-w64-x86-64_6.3.0-18+19.3+b3_amd64.deb ...
Unpacking g++-mingw-w64-x86-64 (6.3.0-18+19.3+b3) ...
Selecting previously unselected package python-mock.
Preparing to unpack .../67-python-mock_2.0.0-3_all.deb ...
Unpacking python-mock (2.0.0-3) ...
Setting up aufs-tools (1:4.1+20161219-1) ...
Setting up binutils-mingw-w64-x86-64 (2.28-5+7.4+b4) ...
Setting up libsepol1-dev:amd64 (2.6-2) ...
Setting up python-pip-whl (9.0.1-2) ...
Setting up python-urllib3 (1.19.1-1) ...
Setting up libip4tc0:amd64 (1.6.0+snapshot20161117-6) ...
Processing triggers for mime-support (3.60) ...
Setting up xxd (2:8.0.0197-4+deb9u1) ...
Setting up libgpm2:amd64 (1.20.4-6.2+b1) ...
Setting up libcap2-bin (1:2.25-1) ...
Setting up binutils-mingw-w64-i686 (2.28-5+7.4+b4) ...
Setting up binutils-mingw-w64 (2.27.90.20161231-1+7.4) ...
Setting up bash-completion (1:2.1-4.3) ...
Setting up libonig4:amd64 (6.1.3-2) ...
Setting up python-wheel (0.29.0-2) ...
Setting up python-pkg-resources (33.1.1-1) ...
Setting up zip (3.0-11+b1) ...
Setting up python-backports.ssl-match-hostname (3.5.0.1-1) ...
Setting up bzip2 (1.0.6-8.1) ...
Setting up python-websocket (0.37.0-2) ...
update-alternatives: using /usr/bin/python2-wsdump to provide /usr/bin/wsdump (wsdump) in auto mode
Setting up gcc-mingw-w64-base (6.3.0-18+19.3+b3) ...
Setting up libjq1:amd64 (1.5+dfsg-1.3) ...
Processing triggers for libc-bin (2.24-11+deb9u3) ...
Setting up libaio1:amd64 (0.3.110-3) ...
Setting up libxtables12:amd64 (1.6.0+snapshot20161117-6) ...
Setting up xz-utils (5.2.2-1.2+b1) ...
update-alternatives: using /usr/bin/xz to provide /usr/bin/lzma (lzma) in auto mode
Setting up python-pbr (1.10.0-1) ...
update-alternatives: using /usr/bin/python2-pbr to provide /usr/bin/pbr (pbr) in auto mode
Setting up thin-provisioning-tools (0.6.1-4+b1) ...
Setting up libpython2.7:amd64 (2.7.13-2+deb9u3) ...
Setting up vim-common (2:8.0.0197-4+deb9u1) ...
Setting up python-funcsigs (1.0.2-3) ...
Setting up libexpat1-dev:amd64 (2.2.0-2+deb9u1) ...
Setting up libpcrecpp0v5:amd64 (2:8.39-3) ...
Setting up libpcre32-3:amd64 (2:8.39-3) ...
Setting up libnfnetlink0:amd64 (1.0.1-3) ...
Setting up vim-runtime (2:8.0.0197-4+deb9u1) ...
Setting up libsystemd-dev:amd64 (232-25+deb9u6) ...
Setting up libpython2.7-dev:amd64 (2.7.13-2+deb9u3) ...
Setting up libpcre16-3:amd64 (2:8.39-3) ...
Setting up libreadline5:amd64 (5.2+dfsg-3+b1) ...
Setting up net-tools (1.60+git20161116.90da8a0-1) ...
Setting up python-pip (9.0.1-2) ...
Setting up libudev-dev:amd64 (232-25+deb9u6) ...
Setting up python2.7-dev (2.7.13-2+deb9u3) ...
Setting up pigz (2.3.4-1) ...
Setting up libapparmor-perl (2.11.0-3+deb9u2) ...
Setting up libmpdec2:amd64 (2.4.2-1) ...
Setting up libip6tc0:amd64 (1.6.0+snapshot20161117-6) ...
Setting up mingw-w64-common (5.0.1-1) ...
Setting up liblzo2-2:amd64 (2.08-1.2+b2) ...
Setting up libpython-dev:amd64 (2.7.13-2) ...
Setting up python-setuptools (33.1.1-1) ...
Setting up jq (1.5+dfsg-1.3) ...
Setting up libpcre3-dev:amd64 (2:8.39-3) ...
Setting up libnetfilter-conntrack3:amd64 (1.0.6-2) ...
Setting up python-chardet (2.3.0-2) ...
Setting up xfsprogs (4.9.0+nmu1) ...
Setting up vim (2:8.0.0197-4+deb9u1) ...
update-alternatives: using /usr/bin/vim.basic to provide /usr/bin/vim (vim) in auto mode
update-alternatives: using /usr/bin/vim.basic to provide /usr/bin/vimdiff (vimdiff) in auto mode
update-alternatives: using /usr/bin/vim.basic to provide /usr/bin/rvim (rvim) in auto mode
update-alternatives: using /usr/bin/vim.basic to provide /usr/bin/rview (rview) in auto mode
update-alternatives: using /usr/bin/vim.basic to provide /usr/bin/vi (vi) in auto mode
update-alternatives: using /usr/bin/vim.basic to provide /usr/bin/view (view) in auto mode
update-alternatives: using /usr/bin/vim.basic to provide /usr/bin/ex (ex) in auto mode
update-alternatives: using /usr/bin/vim.basic to provide /usr/bin/editor (editor) in auto mode
Setting up python-dev (2.7.13-2) ...
Setting up libpython3.5-stdlib:amd64 (3.5.3-1+deb9u1) ...
Setting up python-mock (2.0.0-3) ...
Setting up libiptc0:amd64 (1.6.0+snapshot20161117-6) ...
Setting up mingw-w64-x86-64-dev (5.0.1-1) ...
Setting up iptables (1.6.0+snapshot20161117-6) ...
Setting up btrfs-progs (4.7.3-1) ...
Setting up python-requests (2.12.4-1) ...
Setting up libselinux1-dev:amd64 (2.6-3+b3) ...
Setting up python3.5 (3.5.3-1+deb9u1) ...
Setting up libpython3-stdlib:amd64 (3.5.3-1) ...
Setting up gcc-mingw-w64-x86-64 (6.3.0-18+19.3+b3) ...
update-alternatives: using /usr/bin/x86_64-w64-mingw32-gcc-posix to provide /usr/bin/x86_64-w64-mingw32-gcc (x86_64-w64-mingw32-gcc) in auto mode
update-alternatives: warning: skip creation of /usr/bin/x86_64-w64-mingw32-gcc-6 because associated file /usr/bin/x86_64-w64-mingw32-gcc-6-posix (of link group x86_64-w64-mingw32-gcc) doesn't exist
update-alternatives: using /usr/bin/x86_64-w64-mingw32-gcc-win32 to provide /usr/bin/x86_64-w64-mingw32-gcc (x86_64-w64-mingw32-gcc) in auto mode
update-alternatives: warning: skip creation of /usr/bin/x86_64-w64-mingw32-gcc-6 because associated file /usr/bin/x86_64-w64-mingw32-gcc-6-win32 (of link group x86_64-w64-mingw32-gcc) doesn't exist
Setting up btrfs-tools (4.7.3-1) ...
Setting up g++-mingw-w64-x86-64 (6.3.0-18+19.3+b3) ...
update-alternatives: using /usr/bin/x86_64-w64-mingw32-g++-posix to provide /usr/bin/x86_64-w64-mingw32-g++ (x86_64-w64-mingw32-g++) in auto mode
update-alternatives: using /usr/bin/x86_64-w64-mingw32-g++-win32 to provide /usr/bin/x86_64-w64-mingw32-g++ (x86_64-w64-mingw32-g++) in auto mode
Setting up python3 (3.5.3-1) ...
running python rtupdate hooks for python3.5...
running python post-rtupdate hooks for python3.5...
Setting up apparmor (2.11.0-3+deb9u2) ...
debconf: unable to initialize frontend: Dialog
debconf: (TERM is not set, so the dialog frontend is not usable.)
debconf: falling back to frontend: Readline
update-rc.d: warning: start and stop actions are no longer supported; falling back to defaults
diff: /var/lib/apparmor/profiles/.apparmor.md5sums: No such file or directory
Setting up libdevmapper1.02.1:amd64 (2:1.02.137-2) ...
Setting up libdevmapper-event1.02.1:amd64 (2:1.02.137-2) ...
Setting up dmsetup (2:1.02.137-2) ...
Setting up dh-python (2.20170125) ...
Setting up libdevmapper-dev:amd64 (2:1.02.137-2) ...
Processing triggers for libc-bin (2.24-11+deb9u3) ...
Removing intermediate container 4b985c67d882
 ---> 4497ff4015dd
Step 85/108 : COPY --from=swagger /build/swagger* /usr/local/bin/
 ---> 4cab90b64d17
Step 86/108 : COPY --from=frozen-images /build/ /docker-frozen-images
 ---> bad5d0a5a3b2
Step 87/108 : COPY --from=gometalinter /build/ /usr/local/bin/
 ---> 972d80646540
Step 88/108 : COPY --from=tomlv /build/ /usr/local/bin/
 ---> 60ccb189225a
Step 89/108 : COPY --from=vndr /build/ /usr/local/bin/
 ---> 908eeae83649
Step 90/108 : COPY --from=tini /build/ /usr/local/bin/
 ---> 8fa275846fb6
Step 91/108 : COPY --from=runc /build/ /usr/local/bin/
 ---> 713df6a96f3a
Step 92/108 : COPY --from=containerd /build/ /usr/local/bin/
 ---> 8308c28a2b5b
Step 93/108 : COPY --from=proxy /build/ /usr/local/bin/
 ---> ef5babd8eb2d
Step 94/108 : COPY --from=dockercli /build/ /usr/local/cli
 ---> 7849346fbb21
Step 95/108 : COPY --from=registry /build/registry* /usr/local/bin/
 ---> 5e3623ba3f9c
Step 96/108 : COPY --from=criu /build/ /usr/local/
 ---> 9d414535ae0c
Step 97/108 : COPY --from=docker-py /build/ /docker-py
 ---> 7f759f71c940
Step 98/108 : RUN cd /docker-py 	&& pip install docker-pycreds==0.2.1 	&& pip install yamllint==1.5.0 	&& pip install -r test-requirements.txt
 ---> Running in e8742e832b70
Collecting docker-pycreds==0.2.1
  Downloading https://files.pythonhosted.org/packages/ff/ec/14e976222468249cc50df4a031e5922581747b52dc96a0b1d5d73fee8f0e/docker_pycreds-0.2.1-py2.py3-none-any.whl
Requirement already satisfied: six>=1.4.0 in /usr/lib/python2.7/dist-packages (from docker-pycreds==0.2.1)
Installing collected packages: docker-pycreds
Successfully installed docker-pycreds-0.2.1
Collecting yamllint==1.5.0
  Downloading https://files.pythonhosted.org/packages/64/93/2a2e99b04f4a2f2adb26f4f543770310bf6303b3af492345c4a700d14f4e/yamllint-1.5.0-py2.py3-none-any.whl
Collecting pyyaml (from yamllint==1.5.0)
  Downloading https://files.pythonhosted.org/packages/9e/a3/1d13970c3f36777c583f136c136f804d70f500168edc1edea6daa7200769/PyYAML-3.13.tar.gz (270kB)
Building wheels for collected packages: pyyaml
  Running setup.py bdist_wheel for pyyaml: started
  Running setup.py bdist_wheel for pyyaml: finished with status 'done'
  Stored in directory: /root/.cache/pip/wheels/ad/da/0c/74eb680767247273e2cf2723482cb9c924fe70af57c334513f
Successfully built pyyaml
Installing collected packages: pyyaml, yamllint
Successfully installed pyyaml-3.13 yamllint-1.5.0
Collecting mock==1.0.1 (from -r test-requirements.txt (line 1))
  Downloading https://files.pythonhosted.org/packages/a2/52/7edcd94f0afb721a2d559a5b9aae8af4f8f2c79bc63fdbe8a8a6c9b23bbe/mock-1.0.1.tar.gz (818kB)
Collecting pytest==2.9.1 (from -r test-requirements.txt (line 2))
  Downloading https://files.pythonhosted.org/packages/61/49/c299eeaea69ed31338a58762b5185c56044fc2e09434694742ca2306a514/pytest-2.9.1-py2.py3-none-any.whl (161kB)
Collecting coverage==3.7.1 (from -r test-requirements.txt (line 3))
  Downloading https://files.pythonhosted.org/packages/09/4f/89b06c7fdc09687bca507dc411c342556ef9c5a3b26756137a4878ff19bf/coverage-3.7.1.tar.gz (284kB)
Collecting pytest-cov==2.1.0 (from -r test-requirements.txt (line 4))
  Downloading https://files.pythonhosted.org/packages/f2/9b/03b7d51c74d8f7088e37043dcf4f59faed359c56e7d016e2627108072679/pytest_cov-2.1.0-py2.py3-none-any.whl
Collecting flake8==3.4.1 (from -r test-requirements.txt (line 5))
  Downloading https://files.pythonhosted.org/packages/b2/d3/e80ea2616e3871ae22459c415c63d64b9bd744c92267482670fcdbcea72d/flake8-3.4.1-py2.py3-none-any.whl (68kB)
Collecting py>=1.4.29 (from pytest==2.9.1->-r test-requirements.txt (line 2))
  Downloading https://files.pythonhosted.org/packages/3e/c7/3da685ef117d42ac8d71af525208759742dd235f8094221fdaafcd3dba8f/py-1.7.0-py2.py3-none-any.whl (83kB)
Collecting pyflakes<1.6.0,>=1.5.0 (from flake8==3.4.1->-r test-requirements.txt (line 5))
  Downloading https://files.pythonhosted.org/packages/27/49/924098b3b85c286696f37e014475d79471ffc44509613af420645a3c12cb/pyflakes-1.5.0-py2.py3-none-any.whl (225kB)
Collecting enum34; python_version < "3.4" (from flake8==3.4.1->-r test-requirements.txt (line 5))
  Downloading https://files.pythonhosted.org/packages/c5/db/e56e6b4bbac7c4a06de1c50de6fe1ef3810018ae11732a50f15f62c7d050/enum34-1.1.6-py2-none-any.whl
Collecting configparser; python_version < "3.2" (from flake8==3.4.1->-r test-requirements.txt (line 5))
  Downloading https://files.pythonhosted.org/packages/7c/69/c2ce7e91c89dc073eb1aa74c0621c3eefbffe8216b3f9af9d3885265c01c/configparser-3.5.0.tar.gz
Collecting pycodestyle<2.4.0,>=2.0.0 (from flake8==3.4.1->-r test-requirements.txt (line 5))
  Downloading https://files.pythonhosted.org/packages/e4/81/78fe51eb4038d1388b7217dd63770b0f428370207125047312886c923b26/pycodestyle-2.3.1-py2.py3-none-any.whl (45kB)
Collecting mccabe<0.7.0,>=0.6.0 (from flake8==3.4.1->-r test-requirements.txt (line 5))
  Downloading https://files.pythonhosted.org/packages/87/89/479dc97e18549e21354893e4ee4ef36db1d237534982482c3681ee6e7b57/mccabe-0.6.1-py2.py3-none-any.whl
Building wheels for collected packages: mock, coverage, configparser
  Running setup.py bdist_wheel for mock: started
  Running setup.py bdist_wheel for mock: finished with status 'done'
  Stored in directory: /root/.cache/pip/wheels/7e/72/92/744b532c779242b57aab4bcba80c312b30c069bbd60025e7e6
  Running setup.py bdist_wheel for coverage: started
  Running setup.py bdist_wheel for coverage: finished with status 'done'
  Stored in directory: /root/.cache/pip/wheels/68/58/66/f1fc9afad272df0df0fa38cdef34ee2d5d8d6a85f4eb5acab5
  Running setup.py bdist_wheel for configparser: started
  Running setup.py bdist_wheel for configparser: finished with status 'done'
  Stored in directory: /root/.cache/pip/wheels/a3/61/79/424ef897a2f3b14684a7de5d89e8600b460b89663e6ce9d17c
Successfully built mock coverage configparser
Installing collected packages: mock, py, pytest, coverage, pytest-cov, pyflakes, enum34, configparser, pycodestyle, mccabe, flake8
  Found existing installation: mock 2.0.0
    Not uninstalling mock at /usr/lib/python2.7/dist-packages, outside environment /usr
Successfully installed configparser-3.5.0 coverage-3.7.1 enum34-1.1.6 flake8-3.4.1 mccabe-0.6.1 mock-1.0.1 py-1.7.0 pycodestyle-2.3.1 pyflakes-1.5.0 pytest-2.9.1 pytest-cov-2.1.0
Removing intermediate container e8742e832b70
 ---> be1feebb481d
Step 99/108 : COPY --from=rootlesskit /build/ /usr/local/bin/
 ---> 718fdc6853a9
Step 100/108 : COPY --from=slirp4netns /build/ /usr/local/bin/
 ---> 666c0740b5ef
Step 101/108 : ENV PATH=/usr/local/cli:$PATH
 ---> Running in bece22285b22
Removing intermediate container bece22285b22
 ---> eb5eac01d33e
Step 102/108 : ENV DOCKER_BUILDTAGS apparmor seccomp selinux
 ---> Running in 2ec38f7af2fb
Removing intermediate container 2ec38f7af2fb
 ---> 344819d1bc21
Step 103/108 : ENV GOMETALINTER_OPTS="--deadline=2m"
 ---> Running in baa08ba1d9bd
Removing intermediate container baa08ba1d9bd
 ---> 86d259829514
Step 104/108 : WORKDIR /go/src/github.com/docker/docker
 ---> Running in 1f6021a91a75
Removing intermediate container 1f6021a91a75
 ---> c90489553818
Step 105/108 : VOLUME /var/lib/docker
 ---> Running in 1fad7b2eaacd
Removing intermediate container 1fad7b2eaacd
 ---> ec5fa21aa0d3
Step 106/108 : ENTRYPOINT ["hack/dind"]
 ---> Running in 4a5d41c9cbe0
Removing intermediate container 4a5d41c9cbe0
 ---> b00e0783370a
Step 107/108 : FROM dev AS final
 ---> b00e0783370a
Step 108/108 : COPY . /go/src/github.com/docker/docker
 ---> 36e33641420b
Successfully built 36e33641420b
Successfully tagged docker:d90da38-exp

Removing bundles/

---> Making bundle: binary-daemon (in bundles/binary-daemon)
Building: bundles/binary-daemon/dockerd-dev
Created binary: bundles/binary-daemon/dockerd-dev
Copying nested executables into bundles/binary-daemon

---> Making bundle: test-integration (in bundles/test-integration)
Building test suite binary ./integration-cli/test.main
Building test suite binary ./integration/plugin/test.main
Building test suite binary ./integration/plugin/authz/test.main
Building test suite binary ./integration/plugin/logging/test.main
Building test suite binary ./integration/plugin/logging/cmd/test.main
Building test suite binary ./integration/plugin/logging/cmd/close_on_start/test.main
Building test suite binary ./integration/plugin/logging/cmd/dummy/test.main
Building test suite binary ./integration/plugin/common/test.main
Building test suite binary ./integration/plugin/volumes/test.main
Building test suite binary ./integration/plugin/volumes/cmd/test.main
Building test suite binary ./integration/plugin/volumes/cmd/dummy/test.main
Building test suite binary ./integration/plugin/graphdriver/test.main
Building test suite binary ./integration/config/test.main
Building test suite binary ./integration/service/test.main
Building test suite binary ./integration/network/test.main
Building test suite binary ./integration/network/ipvlan/test.main
Building test suite binary ./integration/network/macvlan/test.main
Building test suite binary ./integration/secret/test.main
Building test suite binary ./integration/session/test.main
Building test suite binary ./integration/container/test.main
Building test suite binary ./integration/build/test.main
Building test suite binary ./integration/volume/test.main
Building test suite binary ./integration/system/test.main
Building test suite binary ./integration/image/test.main
---> Making bundle: .integration-daemon-start (in bundles/test-integration)
Using test binary docker
# DOCKER_EXPERIMENTAL is set: starting daemon with experimental features enabled! 
/etc/init.d/apparmor: 130: /etc/init.d/apparmor: systemd-detect-virt: not found
Starting AppArmor profiles:Warning from stdin (line 1): /sbin/apparmor_parser: cannot use or update cache, disable, or force-complain via stdin
Warning failed to create cache: (null)
.
INFO: Waiting for daemon to start...
Starting dockerd
.
---> Making bundle: .integration-daemon-setup (in bundles/test-integration)
---> Making bundle: .ensure-emptyfs (in bundles/test-integration)
Error: No such image: emptyfs
Running integration-test (iteration 1)
Running /go/src/github.com/docker/docker/integration/plugin
testing: warning: no tests to run
PASS
Running /go/src/github.com/docker/docker/integration/plugin/authz
Loaded image: buildpack-deps:jessie
Loaded image: busybox:latest
Loaded image: busybox:glibc
Loaded image: debian:jessie
Loaded image: hello-world:latest
INFO: Testing against a local daemon
=== RUN   TestAuthZPluginAllowRequest
--- PASS: TestAuthZPluginAllowRequest (6.00s)
    daemon.go:296: [d6548cdc61ffd] waiting for daemon to start
    daemon.go:328: [d6548cdc61ffd] daemon started
    daemon.go:283: [d6548cdc61ffd] exiting daemon
=== RUN   TestAuthZPluginTLS
--- PASS: TestAuthZPluginTLS (2.65s)
    daemon.go:296: [db853976378ec] waiting for daemon to start
    daemon.go:328: [db853976378ec] daemon started
    daemon.go:283: [db853976378ec] exiting daemon
=== RUN   TestAuthZPluginDenyRequest
--- PASS: TestAuthZPluginDenyRequest (3.50s)
    daemon.go:296: [d90a03174644a] waiting for daemon to start
    daemon.go:328: [d90a03174644a] daemon started
    daemon.go:283: [d90a03174644a] exiting daemon
=== RUN   TestAuthZPluginAPIDenyResponse
--- PASS: TestAuthZPluginAPIDenyResponse (2.08s)
    daemon.go:296: [d70793a7a47fd] waiting for daemon to start
    daemon.go:328: [d70793a7a47fd] daemon started
    daemon.go:283: [d70793a7a47fd] exiting daemon
=== RUN   TestAuthZPluginDenyResponse
--- PASS: TestAuthZPluginDenyResponse (0.52s)
    daemon.go:296: [d5f17ae47e4c7] waiting for daemon to start
    daemon.go:328: [d5f17ae47e4c7] daemon started
    daemon.go:283: [d5f17ae47e4c7] exiting daemon
=== RUN   TestAuthZPluginAllowEventStream
--- PASS: TestAuthZPluginAllowEventStream (1.27s)
    daemon.go:296: [d86863eaa3c4e] waiting for daemon to start
    daemon.go:328: [d86863eaa3c4e] daemon started
    daemon.go:283: [d86863eaa3c4e] exiting daemon
=== RUN   TestAuthZPluginErrorResponse
--- PASS: TestAuthZPluginErrorResponse (0.52s)
    daemon.go:296: [d6e00c38fa788] waiting for daemon to start
    daemon.go:328: [d6e00c38fa788] daemon started
    daemon.go:283: [d6e00c38fa788] exiting daemon
=== RUN   TestAuthZPluginErrorRequest
--- PASS: TestAuthZPluginErrorRequest (0.52s)
    daemon.go:296: [d9d031deb6d9a] waiting for daemon to start
    daemon.go:328: [d9d031deb6d9a] daemon started
    daemon.go:283: [d9d031deb6d9a] exiting daemon
=== RUN   TestAuthZPluginEnsureNoDuplicatePluginRegistration
--- PASS: TestAuthZPluginEnsureNoDuplicatePluginRegistration (0.52s)
    daemon.go:296: [da70388b5bc88] waiting for daemon to start
    daemon.go:328: [da70388b5bc88] daemon started
    daemon.go:283: [da70388b5bc88] exiting daemon
=== RUN   TestAuthZPluginEnsureLoadImportWorking
--- PASS: TestAuthZPluginEnsureLoadImportWorking (1.47s)
    daemon.go:296: [dc411aa6171ae] waiting for daemon to start
    daemon.go:328: [dc411aa6171ae] daemon started
    daemon.go:283: [dc411aa6171ae] exiting daemon
=== RUN   TestAuthzPluginEnsureContainerCopyToFrom
--- PASS: TestAuthzPluginEnsureContainerCopyToFrom (1.50s)
    daemon.go:296: [daab208163ddf] waiting for daemon to start
    daemon.go:328: [daab208163ddf] daemon started
    daemon.go:283: [daab208163ddf] exiting daemon
=== RUN   TestAuthZPluginHeader
--- PASS: TestAuthZPluginHeader (0.73s)
    daemon.go:296: [dd0d61b37f409] waiting for daemon to start
    daemon.go:328: [dd0d61b37f409] daemon started
    daemon.go:283: [dd0d61b37f409] exiting daemon
=== RUN   TestAuthZPluginV2AllowNonVolumeRequest
--- PASS: TestAuthZPluginV2AllowNonVolumeRequest (6.38s)
    daemon.go:296: [df9a128ecbcc8] waiting for daemon to start
    daemon.go:328: [df9a128ecbcc8] daemon started
    daemon.go:283: [df9a128ecbcc8] exiting daemon
    daemon.go:296: [df9a128ecbcc8] waiting for daemon to start
    daemon.go:328: [df9a128ecbcc8] daemon started
    daemon.go:283: [df9a128ecbcc8] exiting daemon
=== RUN   TestAuthZPluginV2Disable
--- PASS: TestAuthZPluginV2Disable (5.70s)
    daemon.go:296: [d53054a4fae60] waiting for daemon to start
    daemon.go:328: [d53054a4fae60] daemon started
    daemon.go:283: [d53054a4fae60] exiting daemon
    daemon.go:296: [d53054a4fae60] waiting for daemon to start
    daemon.go:328: [d53054a4fae60] daemon started
    daemon.go:283: [d53054a4fae60] exiting daemon
=== RUN   TestAuthZPluginV2RejectVolumeRequests
--- PASS: TestAuthZPluginV2RejectVolumeRequests (5.50s)
    daemon.go:296: [d6f59f7682313] waiting for daemon to start
    daemon.go:328: [d6f59f7682313] daemon started
    daemon.go:283: [d6f59f7682313] exiting daemon
    daemon.go:296: [d6f59f7682313] waiting for daemon to start
    daemon.go:328: [d6f59f7682313] daemon started
    daemon.go:283: [d6f59f7682313] exiting daemon
=== RUN   TestAuthZPluginV2BadManifestFailsDaemonStart
--- PASS: TestAuthZPluginV2BadManifestFailsDaemonStart (13.74s)
    daemon.go:296: [d4c632352ceb0] waiting for daemon to start
    daemon.go:328: [d4c632352ceb0] daemon started
    daemon.go:283: [d4c632352ceb0] exiting daemon
    daemon.go:296: [d4c632352ceb0] waiting for daemon to start
    daemon.go:296: [d4c632352ceb0] waiting for daemon to start
    daemon.go:283: [d4c632352ceb0] exiting daemon
    daemon.go:296: [d4c632352ceb0] waiting for daemon to start
    daemon.go:328: [d4c632352ceb0] daemon started
    daemon.go:283: [d4c632352ceb0] exiting daemon
=== RUN   TestAuthZPluginV2NonexistentFailsDaemonStart
--- PASS: TestAuthZPluginV2NonexistentFailsDaemonStart (16.51s)
    daemon.go:296: [d698371a81648] waiting for daemon to start
    daemon.go:328: [d698371a81648] daemon started
    daemon.go:283: [d698371a81648] exiting daemon
    daemon.go:296: [d698371a81648] waiting for daemon to start
    daemon.go:296: [d698371a81648] waiting for daemon to start
    daemon.go:296: [d698371a81648] waiting for daemon to start
    daemon.go:328: [d698371a81648] daemon started
    daemon.go:283: [d698371a81648] exiting daemon
PASS
Running /go/src/github.com/docker/docker/integration/plugin/logging
INFO: Testing against a local daemon
=== RUN   TestContinueAfterPluginCrash
=== PAUSE TestContinueAfterPluginCrash
=== RUN   TestDaemonStartWithLogOpt
=== PAUSE TestDaemonStartWithLogOpt
=== CONT  TestContinueAfterPluginCrash
=== CONT  TestDaemonStartWithLogOpt
--- PASS: TestDaemonStartWithLogOpt (12.60s)
    daemon.go:296: [d531bf7cea05a] waiting for daemon to start
    daemon.go:328: [d531bf7cea05a] daemon started
    daemon.go:283: [d531bf7cea05a] exiting daemon
    daemon.go:296: [d531bf7cea05a] waiting for daemon to start
    daemon.go:328: [d531bf7cea05a] daemon started
    daemon.go:283: [d531bf7cea05a] exiting daemon
--- PASS: TestContinueAfterPluginCrash (17.35s)
    daemon.go:296: [dd6ac08f9107c] waiting for daemon to start
    daemon.go:328: [dd6ac08f9107c] daemon started
    daemon.go:283: [dd6ac08f9107c] exiting daemon
PASS
Running /go/src/github.com/docker/docker/integration/plugin/logging/cmd
testing: warning: no tests to run
PASS
Running /go/src/github.com/docker/docker/integration/plugin/logging/cmd/close_on_start
testing: warning: no tests to run
PASS
Running /go/src/github.com/docker/docker/integration/plugin/logging/cmd/dummy
testing: warning: no tests to run
PASS
Running /go/src/github.com/docker/docker/integration/plugin/common
INFO: Testing against a local daemon
=== RUN   TestPluginInvalidJSON
=== RUN   TestPluginInvalidJSON//plugins/foobar/set
=== PAUSE TestPluginInvalidJSON//plugins/foobar/set
=== CONT  TestPluginInvalidJSON//plugins/foobar/set
--- PASS: TestPluginInvalidJSON (0.01s)
    --- PASS: TestPluginInvalidJSON//plugins/foobar/set (0.00s)
PASS
Running /go/src/github.com/docker/docker/integration/plugin/volumes
INFO: Testing against a local daemon
=== RUN   TestPluginWithDevMounts
=== PAUSE TestPluginWithDevMounts
=== CONT  TestPluginWithDevMounts
--- PASS: TestPluginWithDevMounts (1.74s)
    daemon.go:296: [d536896acc61e] waiting for daemon to start
    daemon.go:328: [d536896acc61e] daemon started
    daemon.go:283: [d536896acc61e] exiting daemon
PASS
Running /go/src/github.com/docker/docker/integration/plugin/volumes/cmd
testing: warning: no tests to run
PASS
Running /go/src/github.com/docker/docker/integration/plugin/volumes/cmd/dummy
testing: warning: no tests to run
PASS
Running /go/src/github.com/docker/docker/integration/plugin/graphdriver
INFO: Testing against a local daemon
=== RUN   TestExternalGraphDriver
=== RUN   TestExternalGraphDriver/json
=== RUN   TestExternalGraphDriver/spec
=== RUN   TestExternalGraphDriver/pull
--- PASS: TestExternalGraphDriver (6.85s)
    daemon.go:296: [d88f4cf4dcc5b] waiting for daemon to start
    daemon.go:328: [d88f4cf4dcc5b] daemon started
    daemon.go:283: [d88f4cf4dcc5b] exiting daemon
    daemon.go:296: [d88f4cf4dcc5b] waiting for daemon to start
    daemon.go:328: [d88f4cf4dcc5b] daemon started
    daemon.go:283: [d88f4cf4dcc5b] exiting daemon
    --- PASS: TestExternalGraphDriver/json (1.76s)
    daemon.go:296: [d88f4cf4dcc5b] waiting for daemon to start
    daemon.go:328: [d88f4cf4dcc5b] daemon started
    daemon.go:283: [d88f4cf4dcc5b] exiting daemon
    daemon.go:296: [d88f4cf4dcc5b] waiting for daemon to start
    daemon.go:328: [d88f4cf4dcc5b] daemon started
    daemon.go:283: [d88f4cf4dcc5b] exiting daemon
    --- PASS: TestExternalGraphDriver/spec (1.72s)
    daemon.go:296: [d88f4cf4dcc5b] waiting for daemon to start
    daemon.go:328: [d88f4cf4dcc5b] daemon started
    daemon.go:283: [d88f4cf4dcc5b] exiting daemon
    --- PASS: TestExternalGraphDriver/pull (2.93s)
=== RUN   TestGraphdriverPluginV2
--- SKIP: TestGraphdriverPluginV2 (0.31s)
    external_test.go:411: !requirement.Overlay2Supported(testEnv.DaemonInfo.KernelVersion)
PASS
Running /go/src/github.com/docker/docker/integration/config
INFO: Testing against a local daemon
=== RUN   TestConfigList
--- PASS: TestConfigList (2.18s)
    daemon.go:296: [d359be162e5ee] waiting for daemon to start
    daemon.go:328: [d359be162e5ee] daemon started
    daemon.go:283: [d359be162e5ee] exiting daemon
=== RUN   TestConfigsCreateAndDelete
--- PASS: TestConfigsCreateAndDelete (2.06s)
    daemon.go:296: [d924d2a42e9fd] waiting for daemon to start
    daemon.go:328: [d924d2a42e9fd] daemon started
    daemon.go:283: [d924d2a42e9fd] exiting daemon
=== RUN   TestConfigsUpdate
--- PASS: TestConfigsUpdate (2.00s)
    daemon.go:296: [dc9a308e7e4b5] waiting for daemon to start
    daemon.go:328: [dc9a308e7e4b5] daemon started
    daemon.go:283: [dc9a308e7e4b5] exiting daemon
=== RUN   TestTemplatedConfig
--- PASS: TestTemplatedConfig (2.59s)
    daemon.go:296: [de88104c91ef2] waiting for daemon to start
    daemon.go:328: [de88104c91ef2] daemon started
    daemon.go:283: [de88104c91ef2] exiting daemon
=== RUN   TestConfigInspect
--- PASS: TestConfigInspect (2.01s)
    daemon.go:296: [d2702e2e303e0] waiting for daemon to start
    daemon.go:328: [d2702e2e303e0] daemon started
    daemon.go:283: [d2702e2e303e0] exiting daemon
=== RUN   TestConfigCreateWithLabels
--- PASS: TestConfigCreateWithLabels (2.11s)
    daemon.go:296: [d24c1285f8e94] waiting for daemon to start
    daemon.go:328: [d24c1285f8e94] daemon started
    daemon.go:283: [d24c1285f8e94] exiting daemon
=== RUN   TestConfigCreateResolve
--- PASS: TestConfigCreateResolve (2.15s)
    daemon.go:296: [ddda2454f66d4] waiting for daemon to start
    daemon.go:328: [ddda2454f66d4] daemon started
    daemon.go:283: [ddda2454f66d4] exiting daemon
PASS
Running /go/src/github.com/docker/docker/integration/service
INFO: Testing against a local daemon
=== RUN   TestServiceCreateInit
=== RUN   TestServiceCreateInit/daemonInitDisabled
=== RUN   TestServiceCreateInit/daemonInitEnabled
--- PASS: TestServiceCreateInit (7.99s)
    --- PASS: TestServiceCreateInit/daemonInitDisabled (3.96s)
        daemon.go:296: [df8da9ca03490] waiting for daemon to start
        daemon.go:328: [df8da9ca03490] daemon started
        daemon.go:283: [df8da9ca03490] exiting daemon
    --- PASS: TestServiceCreateInit/daemonInitEnabled (4.02s)
        daemon.go:296: [d47fd3a20eaed] waiting for daemon to start
        daemon.go:328: [d47fd3a20eaed] daemon started
        daemon.go:283: [d47fd3a20eaed] exiting daemon
=== RUN   TestCreateServiceMultipleTimes
--- PASS: TestCreateServiceMultipleTimes (23.05s)
    daemon.go:296: [d6a2b220468c6] waiting for daemon to start
    daemon.go:328: [d6a2b220468c6] daemon started
    daemon.go:283: [d6a2b220468c6] exiting daemon
=== RUN   TestCreateServiceConflict
--- PASS: TestCreateServiceConflict (2.04s)
    daemon.go:296: [d418951d30542] waiting for daemon to start
    daemon.go:328: [d418951d30542] daemon started
    daemon.go:283: [d418951d30542] exiting daemon
=== RUN   TestCreateServiceMaxReplicas
--- PASS: TestCreateServiceMaxReplicas (2.73s)
    daemon.go:296: [dd6643491c567] waiting for daemon to start
    daemon.go:328: [dd6643491c567] daemon started
    daemon.go:283: [dd6643491c567] exiting daemon
=== RUN   TestCreateWithDuplicateNetworkNames
--- PASS: TestCreateWithDuplicateNetworkNames (12.95s)
    daemon.go:296: [d53752478d205] waiting for daemon to start
    daemon.go:328: [d53752478d205] daemon started
    daemon.go:283: [d53752478d205] exiting daemon
=== RUN   TestCreateServiceSecretFileMode
--- PASS: TestCreateServiceSecretFileMode (2.63s)
    daemon.go:296: [d6983132aa70e] waiting for daemon to start
    daemon.go:328: [d6983132aa70e] daemon started
    daemon.go:283: [d6983132aa70e] exiting daemon
=== RUN   TestCreateServiceConfigFileMode
--- PASS: TestCreateServiceConfigFileMode (2.58s)
    daemon.go:296: [d594f83426ba6] waiting for daemon to start
    daemon.go:328: [d594f83426ba6] daemon started
    daemon.go:283: [d594f83426ba6] exiting daemon
=== RUN   TestCreateServiceSysctls
--- PASS: TestCreateServiceSysctls (3.41s)
    daemon.go:296: [d5d1f96503cd5] waiting for daemon to start
    daemon.go:328: [d5d1f96503cd5] daemon started
    daemon.go:283: [d5d1f96503cd5] exiting daemon
=== RUN   TestInspect
--- PASS: TestInspect (2.06s)
    daemon.go:296: [d4535c533dbea] waiting for daemon to start
    daemon.go:328: [d4535c533dbea] daemon started
    daemon.go:283: [d4535c533dbea] exiting daemon
=== RUN   TestDockerNetworkConnectAlias
--- PASS: TestDockerNetworkConnectAlias (3.97s)
    daemon.go:296: [d6690f7a81b16] waiting for daemon to start
    daemon.go:328: [d6690f7a81b16] daemon started
    daemon.go:283: [d6690f7a81b16] exiting daemon
=== RUN   TestServicePlugin
--- PASS: TestServicePlugin (34.87s)
    daemon.go:296: [dfe43c323df0f] waiting for daemon to start
    daemon.go:328: [dfe43c323df0f] daemon started
    daemon.go:283: [dfe43c323df0f] exiting daemon
    daemon.go:296: [d6ff8780dc458] waiting for daemon to start
    daemon.go:328: [d6ff8780dc458] daemon started
    daemon.go:296: [d493df8dd256b] waiting for daemon to start
    daemon.go:328: [d493df8dd256b] daemon started
    daemon.go:296: [d05a192a7d251] waiting for daemon to start
    daemon.go:328: [d05a192a7d251] daemon started
    daemon.go:283: [d05a192a7d251] exiting daemon
    daemon.go:283: [d493df8dd256b] exiting daemon
    daemon.go:283: [d6ff8780dc458] exiting daemon
=== RUN   TestServiceUpdateLabel
--- PASS: TestServiceUpdateLabel (2.09s)
    daemon.go:296: [dd10d3595c266] waiting for daemon to start
    daemon.go:328: [dd10d3595c266] daemon started
    daemon.go:283: [dd10d3595c266] exiting daemon
=== RUN   TestServiceUpdateSecrets
--- PASS: TestServiceUpdateSecrets (14.46s)
    daemon.go:296: [d7f54bdcc42fc] waiting for daemon to start
    daemon.go:328: [d7f54bdcc42fc] daemon started
    daemon.go:283: [d7f54bdcc42fc] exiting daemon
=== RUN   TestServiceUpdateConfigs
--- PASS: TestServiceUpdateConfigs (14.53s)
    daemon.go:296: [d5e7b9a894c8b] waiting for daemon to start
    daemon.go:328: [d5e7b9a894c8b] daemon started
    daemon.go:283: [d5e7b9a894c8b] exiting daemon
PASS
Running /go/src/github.com/docker/docker/integration/network
INFO: Testing against a local daemon
=== RUN   TestNetworkCreateDelete
--- PASS: TestNetworkCreateDelete (0.11s)
=== RUN   TestDockerNetworkDeletePreferID
--- PASS: TestDockerNetworkDeletePreferID (0.30s)
=== RUN   TestInspectNetwork
--- PASS: TestInspectNetwork (24.20s)
    daemon.go:296: [d1660f1fffe03] waiting for daemon to start
    daemon.go:328: [d1660f1fffe03] daemon started
    daemon.go:283: [d1660f1fffe03] exiting daemon
=== RUN   TestRunContainerWithBridgeNone
--- PASS: TestRunContainerWithBridgeNone (2.06s)
    daemon.go:296: [d4c099cda035c] waiting for daemon to start
    daemon.go:328: [d4c099cda035c] daemon started
    daemon.go:283: [d4c099cda035c] exiting daemon
=== RUN   TestNetworkInvalidJSON
=== RUN   TestNetworkInvalidJSON//networks/create
=== PAUSE TestNetworkInvalidJSON//networks/create
=== RUN   TestNetworkInvalidJSON//networks/bridge/connect
=== PAUSE TestNetworkInvalidJSON//networks/bridge/connect
=== RUN   TestNetworkInvalidJSON//networks/bridge/disconnect
=== PAUSE TestNetworkInvalidJSON//networks/bridge/disconnect
=== CONT  TestNetworkInvalidJSON//networks/create
=== CONT  TestNetworkInvalidJSON//networks/bridge/disconnect
=== CONT  TestNetworkInvalidJSON//networks/bridge/connect
--- PASS: TestNetworkInvalidJSON (0.01s)
    --- PASS: TestNetworkInvalidJSON//networks/bridge/disconnect (0.00s)
    --- PASS: TestNetworkInvalidJSON//networks/create (0.00s)
    --- PASS: TestNetworkInvalidJSON//networks/bridge/connect (0.00s)
=== RUN   TestDaemonRestartWithLiveRestore
--- PASS: TestDaemonRestartWithLiveRestore (1.03s)
    daemon.go:296: [d51fc78d85318] waiting for daemon to start
    daemon.go:328: [d51fc78d85318] daemon started
    daemon.go:283: [d51fc78d85318] exiting daemon
    daemon.go:296: [d51fc78d85318] waiting for daemon to start
    daemon.go:328: [d51fc78d85318] daemon started
    daemon.go:283: [d51fc78d85318] exiting daemon
=== RUN   TestDaemonDefaultNetworkPools
--- PASS: TestDaemonDefaultNetworkPools (0.66s)
    daemon.go:296: [d914fda49819a] waiting for daemon to start
    daemon.go:328: [d914fda49819a] daemon started
    daemon.go:283: [d914fda49819a] exiting daemon
=== RUN   TestDaemonRestartWithExistingNetwork
--- PASS: TestDaemonRestartWithExistingNetwork (1.10s)
    daemon.go:296: [d572318ae4532] waiting for daemon to start
    daemon.go:328: [d572318ae4532] daemon started
    daemon.go:283: [d572318ae4532] exiting daemon
    daemon.go:296: [d572318ae4532] waiting for daemon to start
    daemon.go:328: [d572318ae4532] daemon started
    daemon.go:283: [d572318ae4532] exiting daemon
=== RUN   TestDaemonRestartWithExistingNetworkWithDefaultPoolRange
--- PASS: TestDaemonRestartWithExistingNetworkWithDefaultPoolRange (1.18s)
    daemon.go:296: [dc36d746436b2] waiting for daemon to start
    daemon.go:328: [dc36d746436b2] daemon started
    daemon.go:283: [dc36d746436b2] exiting daemon
    daemon.go:296: [dc36d746436b2] waiting for daemon to start
    daemon.go:328: [dc36d746436b2] daemon started
    daemon.go:283: [dc36d746436b2] exiting daemon
=== RUN   TestDaemonWithBipAndDefaultNetworkPool
--- PASS: TestDaemonWithBipAndDefaultNetworkPool (0.56s)
    daemon.go:296: [de412a16ee679] waiting for daemon to start
    daemon.go:328: [de412a16ee679] daemon started
    daemon.go:283: [de412a16ee679] exiting daemon
=== RUN   TestServiceWithPredefinedNetwork
--- PASS: TestServiceWithPredefinedNetwork (2.01s)
    daemon.go:296: [d92bc5ebc623d] waiting for daemon to start
    daemon.go:328: [d92bc5ebc623d] daemon started
    daemon.go:283: [d92bc5ebc623d] exiting daemon
=== RUN   TestServiceRemoveKeepsIngressNetwork
--- PASS: TestServiceRemoveKeepsIngressNetwork (12.16s)
    daemon.go:296: [dc7c051ceb731] waiting for daemon to start
    daemon.go:328: [dc7c051ceb731] daemon started
    daemon.go:283: [dc7c051ceb731] exiting daemon
=== RUN   TestServiceWithDataPathPortInit
--- PASS: TestServiceWithDataPathPortInit (4.16s)
    daemon.go:296: [de8a2889fee66] waiting for daemon to start
    daemon.go:328: [de8a2889fee66] daemon started
    daemon.go:283: [de8a2889fee66] exiting daemon
    daemon.go:296: [dbd76f9d995ae] waiting for daemon to start
    daemon.go:328: [dbd76f9d995ae] daemon started
    daemon.go:283: [dbd76f9d995ae] exiting daemon
=== RUN   TestServiceWithDefaultAddressPoolInit
--- FAIL: TestServiceWithDefaultAddressPoolInit (1.38s)
    daemon.go:296: [d627b207880ee] waiting for daemon to start
    daemon.go:328: [d627b207880ee] daemon started
    service_test.go:420: TestServiceWithDefaultAddressPoolInit: NetworkInspect: {Name:saanvisthiraTestServiceWithDefaultAddressPoolInit ID:g8v2v1f0eq1dq7gno44uadk2l Created:2019-01-09 10:32:28.314138741 +0000 UTC Scope:swarm Driver: EnableIPv6:false IPAM:{Driver: Options:map[] Config:[]} Internal:false Attachable:false Ingress:false ConfigFrom:{Network:} ConfigOnly:false Containers:map[] Options:map[] Labels:map[] Peers:[] Services:map[]}
    service_test.go:421: assertion failed: expression is false: len(out.IPAM.Config) > 0
FAIL
---> Making bundle: .integration-daemon-stop (in bundles/test-integration)
/go/src/github.com/docker/docker/hack/make/.integration-daemon-stop: line 10: wait: pid 29343 is not a child of this shell
warning: PID 29343 from bundles/test-integration/d627b207880ee/docker.pid had a nonzero exit code
Clearing AppArmor profiles cache:.
All profile caches have been cleared, but no profiles have been unloaded.
Unloading profiles will leave already running processes permanently
unconfined, which can lead to unexpected situations.

To set a process to complain mode, use the command line tool
'aa-complain'. To really tear down all profiles, run the init script
with the 'teardown' option."
Removing test suite binaries
Build step 'Execute shell' marked build as failure
Set build name.
New build name is '#38050'
[PostBuildScript] - Executing post build scripts.
[Docker-PRs-experimental] $ /bin/sh -xe /tmp/jenkins2964845568144438902.sh
+ echo Ensuring container killed.
Ensuring container killed.
+ docker rm -vf docker-pr-exp43642
Error: No such container: docker-pr-exp43642
+ true
+ echo Chowning /workspace to jenkins user
Chowning /workspace to jenkins user
+ id -u
+ id -g
+ docker run --rm -v /home/ubuntu/workspace/Docker-PRs-experimental:/workspace busybox chown -R 1000:1000 /workspace
[Docker-PRs-experimental] $ /bin/sh -xe /tmp/jenkins2200414510572176977.sh
+ echo Creating bundles.tar.gz
Creating bundles.tar.gz
+ + xargs tar -czf bundles.tar.gz
find bundles -name *.log
Archiving artifacts
Notifying endpoint with url 'https://leeroy.dockerproject.org/notification/jenkins'
[WS-CLEANUP] Deleting project workspace...[WS-CLEANUP] done
Finished: FAILURE
