Started by user Gordon
Notifying endpoint with url 'https://leeroy.dockerproject.org/notification/jenkins'
[EnvInject] - Loading node environment variables.
Building remotely on ubuntu-1604-aufs-stable (i-0b2d3858f78cf82f2) (docker-edge ubuntu aufs docker-stable docker ubuntu-1604-aufs-edge x86_64 ec2 linux ubuntu-1604-aufs ubuntu-1604 amd64 ubuntu-1604-aufs-stable us-west-2) in workspace /home/ubuntu/workspace/Docker-PRs-experimental
Wiping out workspace first.
Cloning the remote Git repository
Cloning repository https://github.com/moby/moby.git
 > git init /home/ubuntu/workspace/Docker-PRs-experimental # timeout=10
Fetching upstream changes from https://github.com/moby/moby.git
 > git --version # timeout=10
 > git fetch --tags --progress https://github.com/moby/moby.git +refs/heads/*:refs/remotes/origin/*
 > git config remote.origin.url https://github.com/moby/moby.git # timeout=10
 > git config --add remote.origin.fetch +refs/heads/*:refs/remotes/origin/* # timeout=10
 > git config remote.origin.url https://github.com/moby/moby.git # timeout=10
Fetching upstream changes from https://github.com/moby/moby.git
 > git fetch --tags --progress https://github.com/moby/moby.git +refs/heads/*:refs/remotes/origin/*
 > git rev-parse origin/master^{commit} # timeout=10
Checking out Revision 156b2abd0c29f57d83a8d496c3f572a4beb4e396 (origin/master)
 > git config core.sparsecheckout # timeout=10
 > git checkout -f 156b2abd0c29f57d83a8d496c3f572a4beb4e396
Commit message: "Merge pull request #38472 from thaJeztah/remove_debugging_code"
 > git rev-list --no-walk 9dd43415aec286adf1dfae7300ecee6c9cf9951d # timeout=10
Set build name.
New build name is '#38517'
[Docker-PRs-experimental] $ /bin/bash /tmp/jenkins6392841069237306231.sh
From https://github.com/moby/moby
 * [new ref]         refs/pull/38517/head -> origin/pr/38517
Updating 156b2ab..3ae4365
Fast-forward
 client/container_attach.go | 2 +-
 1 file changed, 1 insertion(+), 1 deletion(-)
Sending build context to Docker daemon  45.11MB
Step 1/94 : FROM golang:1.11.4 AS base
 ---> 343df9d12b7b
Step 2/94 : ARG APT_MIRROR=deb.debian.org
 ---> Using cache
 ---> 43c751bbc3e0
Step 3/94 : RUN sed -ri "s/(httpredir|deb).debian.org/$APT_MIRROR/g" /etc/apt/sources.list
 ---> Using cache
 ---> a204ad764c72
Step 4/94 : FROM base AS criu
 ---> a204ad764c72
Step 5/94 : ENV CRIU_VERSION 3.6
 ---> Using cache
 ---> 2b81435e7176
Step 6/94 : RUN apt-get update && apt-get install -y 	libnet-dev 	libprotobuf-c0-dev 	libprotobuf-dev 	libnl-3-dev 	libcap-dev 	protobuf-compiler 	protobuf-c-compiler 	python-protobuf 	&& mkdir -p /usr/src/criu 	&& curl -sSL https://github.com/checkpoint-restore/criu/archive/v${CRIU_VERSION}.tar.gz | tar -C /usr/src/criu/ -xz --strip-components=1 	&& cd /usr/src/criu 	&& make 	&& make PREFIX=/build/ install-criu
 ---> Using cache
 ---> 5e4a05524f00
Step 7/94 : FROM base AS registry
 ---> a204ad764c72
Step 8/94 : ENV REGISTRY_COMMIT_SCHEMA1 ec87e9b6971d831f0eff752ddb54fb64693e51cd
 ---> Using cache
 ---> 6fc37d485738
Step 9/94 : ENV REGISTRY_COMMIT 47a064d4195a9b56133891bbb13620c3ac83a827
 ---> Using cache
 ---> dbdf521f4ed7
Step 10/94 : RUN set -x 	&& export GOPATH="$(mktemp -d)" 	&& git clone https://github.com/docker/distribution.git "$GOPATH/src/github.com/docker/distribution" 	&& (cd "$GOPATH/src/github.com/docker/distribution" && git checkout -q "$REGISTRY_COMMIT") 	&& GOPATH="$GOPATH/src/github.com/docker/distribution/Godeps/_workspace:$GOPATH" 		go build -buildmode=pie -o /build/registry-v2 github.com/docker/distribution/cmd/registry 	&& case $(dpkg --print-architecture) in 		amd64|ppc64*|s390x) 		(cd "$GOPATH/src/github.com/docker/distribution" && git checkout -q "$REGISTRY_COMMIT_SCHEMA1"); 		GOPATH="$GOPATH/src/github.com/docker/distribution/Godeps/_workspace:$GOPATH"; 			go build -buildmode=pie -o /build/registry-v2-schema1 github.com/docker/distribution/cmd/registry; 		;; 	   esac 	&& rm -rf "$GOPATH"
 ---> Using cache
 ---> a9821d004c3a
Step 11/94 : FROM base AS docker-py
 ---> a204ad764c72
Step 12/94 : ENV DOCKER_PY_COMMIT 8b246db271a85d6541dc458838627e89c683e42f
 ---> Using cache
 ---> 195f7db9f111
Step 13/94 : RUN git clone https://github.com/docker/docker-py.git /build 	&& cd /build 	&& git checkout -q $DOCKER_PY_COMMIT
 ---> Using cache
 ---> 41385655bebe
Step 14/94 : FROM base AS swagger
 ---> a204ad764c72
Step 15/94 : ENV GO_SWAGGER_COMMIT c28258affb0b6251755d92489ef685af8d4ff3eb
 ---> Using cache
 ---> e240da2028ab
Step 16/94 : RUN set -x 	&& export GOPATH="$(mktemp -d)" 	&& git clone https://github.com/go-swagger/go-swagger.git "$GOPATH/src/github.com/go-swagger/go-swagger" 	&& (cd "$GOPATH/src/github.com/go-swagger/go-swagger" && git checkout -q "$GO_SWAGGER_COMMIT") 	&& go build -o /build/swagger github.com/go-swagger/go-swagger/cmd/swagger 	&& rm -rf "$GOPATH"
 ---> Using cache
 ---> da6d6b1be5f9
Step 17/94 : FROM base AS frozen-images
 ---> a204ad764c72
Step 18/94 : RUN apt-get update && apt-get install -y jq ca-certificates --no-install-recommends
 ---> Using cache
 ---> bc27179ff950
Step 19/94 : COPY contrib/download-frozen-image-v2.sh /
 ---> Using cache
 ---> aef2b06eda4c
Step 20/94 : RUN /download-frozen-image-v2.sh /build 	buildpack-deps:jessie@sha256:dd86dced7c9cd2a724e779730f0a53f93b7ef42228d4344b25ce9a42a1486251 	busybox:latest@sha256:bbc3a03235220b170ba48a157dd097dd1379299370e1ed99ce976df0355d24f0 	busybox:glibc@sha256:0b55a30394294ab23b9afd58fab94e61a923f5834fba7ddbae7f8e0c11ba85e6 	debian:jessie@sha256:287a20c5f73087ab406e6b364833e3fb7b3ae63ca0eb3486555dc27ed32c6e60 	hello-world:latest@sha256:be0cd392e45be79ffeffa6b05338b98ebb16c87b255f48e297ec7f98e123905c
 ---> Using cache
 ---> c88f6699d9c1
Step 21/94 : FROM base AS runtime-dev
 ---> a204ad764c72
Step 22/94 : RUN apt-get update && apt-get install -y 	libapparmor-dev 	libseccomp-dev
 ---> Using cache
 ---> 43cbfc2d4ef0
Step 23/94 : FROM base AS tomlv
 ---> a204ad764c72
Step 24/94 : ENV INSTALL_BINARY_NAME=tomlv
 ---> Using cache
 ---> b0c623f24ce4
Step 25/94 : COPY hack/dockerfile/install/install.sh ./install.sh
 ---> Using cache
 ---> 97944ec7b074
Step 26/94 : COPY hack/dockerfile/install/$INSTALL_BINARY_NAME.installer ./
 ---> Using cache
 ---> 57126f9e3a22
Step 27/94 : RUN PREFIX=/build ./install.sh $INSTALL_BINARY_NAME
 ---> Using cache
 ---> 90d95c3bd621
Step 28/94 : FROM base AS vndr
 ---> a204ad764c72
Step 29/94 : ENV INSTALL_BINARY_NAME=vndr
 ---> Using cache
 ---> 9850ad56c14a
Step 30/94 : COPY hack/dockerfile/install/install.sh ./install.sh
 ---> Using cache
 ---> 792483551ef6
Step 31/94 : COPY hack/dockerfile/install/$INSTALL_BINARY_NAME.installer ./
 ---> Using cache
 ---> f060af89bf05
Step 32/94 : RUN PREFIX=/build ./install.sh $INSTALL_BINARY_NAME
 ---> Using cache
 ---> d048daf43e87
Step 33/94 : FROM base AS containerd
 ---> a204ad764c72
Step 34/94 : RUN apt-get update && apt-get install -y btrfs-tools
 ---> Using cache
 ---> 5f8af6681033
Step 35/94 : ENV INSTALL_BINARY_NAME=containerd
 ---> Using cache
 ---> 0449b1472b6e
Step 36/94 : COPY hack/dockerfile/install/install.sh ./install.sh
 ---> Using cache
 ---> ab3bb5df8f5a
Step 37/94 : COPY hack/dockerfile/install/$INSTALL_BINARY_NAME.installer ./
 ---> Using cache
 ---> 892aac6b2d69
Step 38/94 : RUN PREFIX=/build ./install.sh $INSTALL_BINARY_NAME
 ---> Using cache
 ---> 30e4d12ee0f0
Step 39/94 : FROM base AS proxy
 ---> a204ad764c72
Step 40/94 : ENV INSTALL_BINARY_NAME=proxy
 ---> Using cache
 ---> ea26ed38c231
Step 41/94 : COPY hack/dockerfile/install/install.sh ./install.sh
 ---> Using cache
 ---> 36994fe73dcf
Step 42/94 : COPY hack/dockerfile/install/$INSTALL_BINARY_NAME.installer ./
 ---> Using cache
 ---> 2c9058521079
Step 43/94 : RUN PREFIX=/build ./install.sh $INSTALL_BINARY_NAME
 ---> Using cache
 ---> 2be6bc7aa029
Step 44/94 : FROM base AS gometalinter
 ---> a204ad764c72
Step 45/94 : ENV INSTALL_BINARY_NAME=gometalinter
 ---> Using cache
 ---> e6f0c5e422c4
Step 46/94 : COPY hack/dockerfile/install/install.sh ./install.sh
 ---> Using cache
 ---> 2a45791e1aeb
Step 47/94 : COPY hack/dockerfile/install/$INSTALL_BINARY_NAME.installer ./
 ---> Using cache
 ---> 415e36b7582f
Step 48/94 : RUN PREFIX=/build ./install.sh $INSTALL_BINARY_NAME
 ---> Using cache
 ---> 26a71dd7fb4c
Step 49/94 : FROM base AS dockercli
 ---> a204ad764c72
Step 50/94 : ENV INSTALL_BINARY_NAME=dockercli
 ---> Using cache
 ---> 4bf658c6910d
Step 51/94 : COPY hack/dockerfile/install/install.sh ./install.sh
 ---> Using cache
 ---> a2d3b28e8cb3
Step 52/94 : COPY hack/dockerfile/install/$INSTALL_BINARY_NAME.installer ./
 ---> Using cache
 ---> 02c59427d83d
Step 53/94 : RUN PREFIX=/build ./install.sh $INSTALL_BINARY_NAME
 ---> Using cache
 ---> a0a0f29ac42c
Step 54/94 : FROM runtime-dev AS runc
 ---> 43cbfc2d4ef0
Step 55/94 : ENV INSTALL_BINARY_NAME=runc
 ---> Using cache
 ---> ecb1cf92c77a
Step 56/94 : COPY hack/dockerfile/install/install.sh ./install.sh
 ---> Using cache
 ---> 6f5cb01e4371
Step 57/94 : COPY hack/dockerfile/install/$INSTALL_BINARY_NAME.installer ./
 ---> Using cache
 ---> 4c98360b42d9
Step 58/94 : RUN PREFIX=/build ./install.sh $INSTALL_BINARY_NAME
 ---> Using cache
 ---> 56187d0d7811
Step 59/94 : FROM base AS tini
 ---> a204ad764c72
Step 60/94 : RUN apt-get update && apt-get install -y cmake vim-common
 ---> Using cache
 ---> 7d7787b30e08
Step 61/94 : COPY hack/dockerfile/install/install.sh ./install.sh
 ---> Using cache
 ---> f05f638d68a4
Step 62/94 : ENV INSTALL_BINARY_NAME=tini
 ---> Using cache
 ---> 0a7aecd4709e
Step 63/94 : COPY hack/dockerfile/install/$INSTALL_BINARY_NAME.installer ./
 ---> Using cache
 ---> 819c51b399ea
Step 64/94 : RUN PREFIX=/build ./install.sh $INSTALL_BINARY_NAME
 ---> Using cache
 ---> 45773c910437
Step 65/94 : FROM runtime-dev AS dev
 ---> 43cbfc2d4ef0
Step 66/94 : RUN groupadd -r docker
 ---> Using cache
 ---> d1fae5121568
Step 67/94 : RUN useradd --create-home --gid docker unprivilegeduser
 ---> Using cache
 ---> 063a12e7bfe7
Step 68/94 : RUN ln -sfv /go/src/github.com/docker/docker/.bashrc ~/.bashrc
 ---> Using cache
 ---> b5965a58e88b
Step 69/94 : RUN echo "source /usr/share/bash-completion/bash_completion" >> /etc/bash.bashrc
 ---> Using cache
 ---> 53652b208048
Step 70/94 : RUN ln -s /usr/local/completion/bash/docker /etc/bash_completion.d/docker
 ---> Using cache
 ---> 315b16900d97
Step 71/94 : RUN ldconfig
 ---> Using cache
 ---> 85b185c8bd5c
Step 72/94 : RUN apt-get update && apt-get install -y 	apparmor 	aufs-tools 	bash-completion 	btrfs-tools 	iptables 	jq 	libcap2-bin 	libdevmapper-dev 	libudev-dev 	libsystemd-dev 	binutils-mingw-w64 	g++-mingw-w64-x86-64 	net-tools 	pigz 	python-backports.ssl-match-hostname 	python-dev 	python-mock 	python-pip 	python-requests 	python-setuptools 	python-websocket 	python-wheel 	thin-provisioning-tools 	vim 	vim-common 	xfsprogs 	zip 	bzip2 	xz-utils 	--no-install-recommends
 ---> Using cache
 ---> 119bd86f3c94
Step 73/94 : COPY --from=swagger /build/swagger* /usr/local/bin/
 ---> Using cache
 ---> e9c851762334
Step 74/94 : COPY --from=frozen-images /build/ /docker-frozen-images
 ---> Using cache
 ---> c3e118083ef1
Step 75/94 : COPY --from=gometalinter /build/ /usr/local/bin/
 ---> Using cache
 ---> bc13940c4b67
Step 76/94 : COPY --from=tomlv /build/ /usr/local/bin/
 ---> Using cache
 ---> 8d075b6db4bf
Step 77/94 : COPY --from=vndr /build/ /usr/local/bin/
 ---> Using cache
 ---> 77555e2baa2a
Step 78/94 : COPY --from=tini /build/ /usr/local/bin/
 ---> Using cache
 ---> 05c2cf8d941d
Step 79/94 : COPY --from=runc /build/ /usr/local/bin/
 ---> Using cache
 ---> 113db3659c93
Step 80/94 : COPY --from=containerd /build/ /usr/local/bin/
 ---> Using cache
 ---> 026c895d5f58
Step 81/94 : COPY --from=proxy /build/ /usr/local/bin/
 ---> Using cache
 ---> 8979927627c0
Step 82/94 : COPY --from=dockercli /build/ /usr/local/cli
 ---> Using cache
 ---> 4a2ec7ca4a67
Step 83/94 : COPY --from=registry /build/registry* /usr/local/bin/
 ---> Using cache
 ---> 8212377b7dfe
Step 84/94 : COPY --from=criu /build/ /usr/local/
 ---> Using cache
 ---> 160bf05417db
Step 85/94 : COPY --from=docker-py /build/ /docker-py
 ---> Using cache
 ---> 7d3d97d415f7
Step 86/94 : RUN cd /docker-py 	&& pip install docker-pycreds==0.2.1 	&& pip install yamllint==1.5.0 	&& pip install -r test-requirements.txt
 ---> Using cache
 ---> 6b7094b6ff3b
Step 87/94 : ENV PATH=/usr/local/cli:$PATH
 ---> Using cache
 ---> b1cffa94e9e0
Step 88/94 : ENV DOCKER_BUILDTAGS apparmor seccomp selinux
 ---> Using cache
 ---> 4fa39a33556c
Step 89/94 : ENV GOMETALINTER_OPTS="--deadline=2m"
 ---> Using cache
 ---> bc6f88694ffa
Step 90/94 : WORKDIR /go/src/github.com/docker/docker
 ---> Using cache
 ---> fd853a3ef7bf
Step 91/94 : VOLUME /var/lib/docker
 ---> Using cache
 ---> e43e5c0b93fa
Step 92/94 : ENTRYPOINT ["hack/dind"]
 ---> Using cache
 ---> d9ab11c6f201
Step 93/94 : FROM dev AS final
 ---> d9ab11c6f201
Step 94/94 : COPY . /go/src/github.com/docker/docker
 ---> 9af1824c648a
Successfully built 9af1824c648a
Successfully tagged docker:3ae4365-exp

Removing bundles/

---> Making bundle: binary-daemon (in bundles/binary-daemon)
Building: bundles/binary-daemon/dockerd-dev
Created binary: bundles/binary-daemon/dockerd-dev
Copying nested executables into bundles/binary-daemon

---> Making bundle: test-integration (in bundles/test-integration)
Building test suite binary ./integration-cli/test.main
Building test suite binary ./integration/plugin/test.main
Building test suite binary ./integration/plugin/authz/test.main
Building test suite binary ./integration/plugin/logging/test.main
Building test suite binary ./integration/plugin/logging/cmd/test.main
Building test suite binary ./integration/plugin/logging/cmd/close_on_start/test.main
Building test suite binary ./integration/plugin/logging/cmd/dummy/test.main
Building test suite binary ./integration/plugin/common/test.main
Building test suite binary ./integration/plugin/volumes/test.main
Building test suite binary ./integration/plugin/volumes/cmd/test.main
Building test suite binary ./integration/plugin/volumes/cmd/dummy/test.main
Building test suite binary ./integration/plugin/graphdriver/test.main
Building test suite binary ./integration/config/test.main
Building test suite binary ./integration/service/test.main
Building test suite binary ./integration/network/test.main
Building test suite binary ./integration/network/ipvlan/test.main
Building test suite binary ./integration/network/macvlan/test.main
Building test suite binary ./integration/secret/test.main
Building test suite binary ./integration/session/test.main
Building test suite binary ./integration/container/test.main
Building test suite binary ./integration/build/test.main
Building test suite binary ./integration/volume/test.main
Building test suite binary ./integration/system/test.main
Building test suite binary ./integration/image/test.main
---> Making bundle: .integration-daemon-start (in bundles/test-integration)
Using test binary docker
# DOCKER_EXPERIMENTAL is set: starting daemon with experimental features enabled! 
/etc/init.d/apparmor: 130: /etc/init.d/apparmor: systemd-detect-virt: not found
Starting AppArmor profiles:Warning from stdin (line 1): /sbin/apparmor_parser: cannot use or update cache, disable, or force-complain via stdin
Warning failed to create cache: (null)
.
INFO: Waiting for daemon to start...
Starting dockerd
.
---> Making bundle: .integration-daemon-setup (in bundles/test-integration)
---> Making bundle: .ensure-emptyfs (in bundles/test-integration)
Error: No such image: emptyfs
Running integration-test (iteration 1)
Running /go/src/github.com/docker/docker/integration/plugin
testing: warning: no tests to run
PASS
Running /go/src/github.com/docker/docker/integration/plugin/authz
Loaded image: buildpack-deps:jessie
Loaded image: busybox:latest
Loaded image: busybox:glibc
Loaded image: debian:jessie
Loaded image: hello-world:latest
INFO: Testing against a local daemon
=== RUN   TestAuthZPluginAllowRequest
--- PASS: TestAuthZPluginAllowRequest (2.68s)
    daemon.go:296: [dcaf8c03a8974] waiting for daemon to start
    daemon.go:328: [dcaf8c03a8974] daemon started
    daemon.go:283: [dcaf8c03a8974] exiting daemon
=== RUN   TestAuthZPluginTLS
--- PASS: TestAuthZPluginTLS (0.53s)
    daemon.go:296: [da38598341c8e] waiting for daemon to start
    daemon.go:328: [da38598341c8e] daemon started
    daemon.go:283: [da38598341c8e] exiting daemon
=== RUN   TestAuthZPluginDenyRequest
--- PASS: TestAuthZPluginDenyRequest (0.52s)
    daemon.go:296: [df607fd234b3a] waiting for daemon to start
    daemon.go:328: [df607fd234b3a] daemon started
    daemon.go:283: [df607fd234b3a] exiting daemon
=== RUN   TestAuthZPluginAPIDenyResponse
--- PASS: TestAuthZPluginAPIDenyResponse (0.53s)
    daemon.go:296: [d0c187a717678] waiting for daemon to start
    daemon.go:328: [d0c187a717678] daemon started
    daemon.go:283: [d0c187a717678] exiting daemon
=== RUN   TestAuthZPluginDenyResponse
--- PASS: TestAuthZPluginDenyResponse (0.52s)
    daemon.go:296: [d46234ccc1b70] waiting for daemon to start
    daemon.go:328: [d46234ccc1b70] daemon started
    daemon.go:283: [d46234ccc1b70] exiting daemon
=== RUN   TestAuthZPluginAllowEventStream
--- PASS: TestAuthZPluginAllowEventStream (1.26s)
    daemon.go:296: [d33a5f3e24f53] waiting for daemon to start
    daemon.go:328: [d33a5f3e24f53] daemon started
    daemon.go:283: [d33a5f3e24f53] exiting daemon
=== RUN   TestAuthZPluginErrorResponse
--- PASS: TestAuthZPluginErrorResponse (0.52s)
    daemon.go:296: [d1278f7c83fa7] waiting for daemon to start
    daemon.go:328: [d1278f7c83fa7] daemon started
    daemon.go:283: [d1278f7c83fa7] exiting daemon
=== RUN   TestAuthZPluginErrorRequest
--- PASS: TestAuthZPluginErrorRequest (0.53s)
    daemon.go:296: [d788740d32bb4] waiting for daemon to start
    daemon.go:328: [d788740d32bb4] daemon started
    daemon.go:283: [d788740d32bb4] exiting daemon
=== RUN   TestAuthZPluginEnsureNoDuplicatePluginRegistration
--- PASS: TestAuthZPluginEnsureNoDuplicatePluginRegistration (3.03s)
    daemon.go:296: [dca94805722af] waiting for daemon to start
    daemon.go:328: [dca94805722af] daemon started
    daemon.go:283: [dca94805722af] exiting daemon
=== RUN   TestAuthZPluginEnsureLoadImportWorking
--- PASS: TestAuthZPluginEnsureLoadImportWorking (6.24s)
    daemon.go:296: [d58fadb49aec0] waiting for daemon to start
    daemon.go:328: [d58fadb49aec0] daemon started
    daemon.go:283: [d58fadb49aec0] exiting daemon
=== RUN   TestAuthzPluginEnsureContainerCopyToFrom
--- PASS: TestAuthzPluginEnsureContainerCopyToFrom (1.52s)
    daemon.go:296: [dcb30257f1618] waiting for daemon to start
    daemon.go:328: [dcb30257f1618] daemon started
    daemon.go:283: [dcb30257f1618] exiting daemon
=== RUN   TestAuthZPluginHeader
--- PASS: TestAuthZPluginHeader (0.71s)
    daemon.go:296: [dbdfcc3708c7d] waiting for daemon to start
    daemon.go:328: [dbdfcc3708c7d] daemon started
    daemon.go:283: [dbdfcc3708c7d] exiting daemon
=== RUN   TestAuthZPluginV2AllowNonVolumeRequest
--- PASS: TestAuthZPluginV2AllowNonVolumeRequest (6.49s)
    daemon.go:296: [df0b93611b807] waiting for daemon to start
    daemon.go:328: [df0b93611b807] daemon started
    daemon.go:283: [df0b93611b807] exiting daemon
    daemon.go:296: [df0b93611b807] waiting for daemon to start
    daemon.go:328: [df0b93611b807] daemon started
    daemon.go:283: [df0b93611b807] exiting daemon
=== RUN   TestAuthZPluginV2Disable
--- PASS: TestAuthZPluginV2Disable (5.69s)
    daemon.go:296: [d1cb64d64877d] waiting for daemon to start
    daemon.go:328: [d1cb64d64877d] daemon started
    daemon.go:283: [d1cb64d64877d] exiting daemon
    daemon.go:296: [d1cb64d64877d] waiting for daemon to start
    daemon.go:328: [d1cb64d64877d] daemon started
    daemon.go:283: [d1cb64d64877d] exiting daemon
=== RUN   TestAuthZPluginV2RejectVolumeRequests
--- PASS: TestAuthZPluginV2RejectVolumeRequests (5.52s)
    daemon.go:296: [d9c76619dff3b] waiting for daemon to start
    daemon.go:328: [d9c76619dff3b] daemon started
    daemon.go:283: [d9c76619dff3b] exiting daemon
    daemon.go:296: [d9c76619dff3b] waiting for daemon to start
    daemon.go:328: [d9c76619dff3b] daemon started
    daemon.go:283: [d9c76619dff3b] exiting daemon
=== RUN   TestAuthZPluginV2BadManifestFailsDaemonStart
--- PASS: TestAuthZPluginV2BadManifestFailsDaemonStart (13.58s)
    daemon.go:296: [d0ed85308179a] waiting for daemon to start
    daemon.go:328: [d0ed85308179a] daemon started
    daemon.go:283: [d0ed85308179a] exiting daemon
    daemon.go:296: [d0ed85308179a] waiting for daemon to start
    daemon.go:296: [d0ed85308179a] waiting for daemon to start
    daemon.go:283: [d0ed85308179a] exiting daemon
    daemon.go:296: [d0ed85308179a] waiting for daemon to start
    daemon.go:328: [d0ed85308179a] daemon started
    daemon.go:283: [d0ed85308179a] exiting daemon
=== RUN   TestAuthZPluginV2NonexistentFailsDaemonStart
--- PASS: TestAuthZPluginV2NonexistentFailsDaemonStart (16.50s)
    daemon.go:296: [dc477a3f9e611] waiting for daemon to start
    daemon.go:328: [dc477a3f9e611] daemon started
    daemon.go:283: [dc477a3f9e611] exiting daemon
    daemon.go:296: [dc477a3f9e611] waiting for daemon to start
    daemon.go:296: [dc477a3f9e611] waiting for daemon to start
    daemon.go:296: [dc477a3f9e611] waiting for daemon to start
    daemon.go:328: [dc477a3f9e611] daemon started
    daemon.go:283: [dc477a3f9e611] exiting daemon
PASS
Running /go/src/github.com/docker/docker/integration/plugin/logging
INFO: Testing against a local daemon
=== RUN   TestContinueAfterPluginCrash
=== PAUSE TestContinueAfterPluginCrash
=== RUN   TestDaemonStartWithLogOpt
=== PAUSE TestDaemonStartWithLogOpt
=== CONT  TestContinueAfterPluginCrash
=== CONT  TestDaemonStartWithLogOpt
--- PASS: TestDaemonStartWithLogOpt (12.81s)
    daemon.go:296: [da372ebc03796] waiting for daemon to start
    daemon.go:328: [da372ebc03796] daemon started
    daemon.go:283: [da372ebc03796] exiting daemon
    daemon.go:296: [da372ebc03796] waiting for daemon to start
    daemon.go:328: [da372ebc03796] daemon started
    daemon.go:283: [da372ebc03796] exiting daemon
--- PASS: TestContinueAfterPluginCrash (17.54s)
    daemon.go:296: [d523353c7adc9] waiting for daemon to start
    daemon.go:328: [d523353c7adc9] daemon started
    daemon.go:283: [d523353c7adc9] exiting daemon
PASS
Running /go/src/github.com/docker/docker/integration/plugin/logging/cmd
testing: warning: no tests to run
PASS
Running /go/src/github.com/docker/docker/integration/plugin/logging/cmd/close_on_start
testing: warning: no tests to run
PASS
Running /go/src/github.com/docker/docker/integration/plugin/logging/cmd/dummy
testing: warning: no tests to run
PASS
Running /go/src/github.com/docker/docker/integration/plugin/common
INFO: Testing against a local daemon
=== RUN   TestPluginInvalidJSON
=== RUN   TestPluginInvalidJSON//plugins/foobar/set
=== PAUSE TestPluginInvalidJSON//plugins/foobar/set
=== CONT  TestPluginInvalidJSON//plugins/foobar/set
--- PASS: TestPluginInvalidJSON (0.01s)
    --- PASS: TestPluginInvalidJSON//plugins/foobar/set (0.00s)
PASS
Running /go/src/github.com/docker/docker/integration/plugin/volumes
INFO: Testing against a local daemon
=== RUN   TestPluginWithDevMounts
=== PAUSE TestPluginWithDevMounts
=== CONT  TestPluginWithDevMounts
--- PASS: TestPluginWithDevMounts (1.76s)
    daemon.go:296: [d04104b0ca504] waiting for daemon to start
    daemon.go:328: [d04104b0ca504] daemon started
    daemon.go:283: [d04104b0ca504] exiting daemon
PASS
Running /go/src/github.com/docker/docker/integration/plugin/volumes/cmd
testing: warning: no tests to run
PASS
Running /go/src/github.com/docker/docker/integration/plugin/volumes/cmd/dummy
testing: warning: no tests to run
PASS
Running /go/src/github.com/docker/docker/integration/plugin/graphdriver
INFO: Testing against a local daemon
=== RUN   TestExternalGraphDriver
=== RUN   TestExternalGraphDriver/json
=== RUN   TestExternalGraphDriver/spec
=== RUN   TestExternalGraphDriver/pull
--- PASS: TestExternalGraphDriver (7.08s)
    daemon.go:296: [dae6c0460da10] waiting for daemon to start
    daemon.go:328: [dae6c0460da10] daemon started
    daemon.go:283: [dae6c0460da10] exiting daemon
    daemon.go:296: [dae6c0460da10] waiting for daemon to start
    daemon.go:328: [dae6c0460da10] daemon started
    daemon.go:283: [dae6c0460da10] exiting daemon
    --- PASS: TestExternalGraphDriver/json (1.72s)
    daemon.go:296: [dae6c0460da10] waiting for daemon to start
    daemon.go:328: [dae6c0460da10] daemon started
    daemon.go:283: [dae6c0460da10] exiting daemon
    daemon.go:296: [dae6c0460da10] waiting for daemon to start
    daemon.go:328: [dae6c0460da10] daemon started
    daemon.go:283: [dae6c0460da10] exiting daemon
    --- PASS: TestExternalGraphDriver/spec (1.71s)
    daemon.go:296: [dae6c0460da10] waiting for daemon to start
    daemon.go:328: [dae6c0460da10] daemon started
    daemon.go:283: [dae6c0460da10] exiting daemon
    --- PASS: TestExternalGraphDriver/pull (3.19s)
=== RUN   TestGraphdriverPluginV2
--- PASS: TestGraphdriverPluginV2 (6.22s)
    daemon.go:296: [d328b0cc5d4a0] waiting for daemon to start
    daemon.go:328: [d328b0cc5d4a0] daemon started
    daemon.go:283: [d328b0cc5d4a0] exiting daemon
    daemon.go:296: [d328b0cc5d4a0] waiting for daemon to start
    daemon.go:328: [d328b0cc5d4a0] daemon started
    daemon.go:283: [d328b0cc5d4a0] exiting daemon
PASS
Running /go/src/github.com/docker/docker/integration/config
INFO: Testing against a local daemon
=== RUN   TestConfigList
--- PASS: TestConfigList (2.04s)
    daemon.go:296: [da1ba7981e206] waiting for daemon to start
    daemon.go:328: [da1ba7981e206] daemon started
    daemon.go:283: [da1ba7981e206] exiting daemon
=== RUN   TestConfigsCreateAndDelete
--- PASS: TestConfigsCreateAndDelete (2.05s)
    daemon.go:296: [dee794668e775] waiting for daemon to start
    daemon.go:328: [dee794668e775] daemon started
    daemon.go:283: [dee794668e775] exiting daemon
=== RUN   TestConfigsUpdate
--- PASS: TestConfigsUpdate (2.05s)
    daemon.go:296: [d31cca95cc294] waiting for daemon to start
    daemon.go:328: [d31cca95cc294] daemon started
    daemon.go:283: [d31cca95cc294] exiting daemon
=== RUN   TestTemplatedConfig
--- PASS: TestTemplatedConfig (2.69s)
    daemon.go:296: [da15cc80ef7d5] waiting for daemon to start
    daemon.go:328: [da15cc80ef7d5] daemon started
    daemon.go:283: [da15cc80ef7d5] exiting daemon
=== RUN   TestConfigInspect
--- PASS: TestConfigInspect (2.12s)
    daemon.go:296: [de6eb61ef1b13] waiting for daemon to start
    daemon.go:328: [de6eb61ef1b13] daemon started
    daemon.go:283: [de6eb61ef1b13] exiting daemon
=== RUN   TestConfigCreateWithLabels
--- PASS: TestConfigCreateWithLabels (2.07s)
    daemon.go:296: [d351cae4f0d73] waiting for daemon to start
    daemon.go:328: [d351cae4f0d73] daemon started
    daemon.go:283: [d351cae4f0d73] exiting daemon
=== RUN   TestConfigCreateResolve
--- PASS: TestConfigCreateResolve (2.00s)
    daemon.go:296: [d723380248ede] waiting for daemon to start
    daemon.go:328: [d723380248ede] daemon started
    daemon.go:283: [d723380248ede] exiting daemon
PASS
Running /go/src/github.com/docker/docker/integration/service
INFO: Testing against a local daemon
=== RUN   TestServiceCreateInit
=== RUN   TestServiceCreateInit/daemonInitDisabled
=== RUN   TestServiceCreateInit/daemonInitEnabled
--- PASS: TestServiceCreateInit (7.99s)
    --- PASS: TestServiceCreateInit/daemonInitDisabled (3.92s)
        daemon.go:296: [deb6362c3cd6b] waiting for daemon to start
        daemon.go:328: [deb6362c3cd6b] daemon started
        daemon.go:283: [deb6362c3cd6b] exiting daemon
    --- PASS: TestServiceCreateInit/daemonInitEnabled (4.06s)
        daemon.go:296: [de67a2df4cb29] waiting for daemon to start
        daemon.go:328: [de67a2df4cb29] daemon started
        daemon.go:283: [de67a2df4cb29] exiting daemon
=== RUN   TestCreateServiceMultipleTimes
--- PASS: TestCreateServiceMultipleTimes (22.92s)
    daemon.go:296: [df19109860a88] waiting for daemon to start
    daemon.go:328: [df19109860a88] daemon started
    daemon.go:283: [df19109860a88] exiting daemon
=== RUN   TestCreateServiceConflict
--- PASS: TestCreateServiceConflict (2.18s)
    daemon.go:296: [d58e5e6800696] waiting for daemon to start
    daemon.go:328: [d58e5e6800696] daemon started
    daemon.go:283: [d58e5e6800696] exiting daemon
=== RUN   TestCreateServiceMaxReplicas
--- PASS: TestCreateServiceMaxReplicas (2.69s)
    daemon.go:296: [dba21c05f601a] waiting for daemon to start
    daemon.go:328: [dba21c05f601a] daemon started
    daemon.go:283: [dba21c05f601a] exiting daemon
=== RUN   TestCreateWithDuplicateNetworkNames
--- PASS: TestCreateWithDuplicateNetworkNames (12.97s)
    daemon.go:296: [d84bfdc67fdc7] waiting for daemon to start
    daemon.go:328: [d84bfdc67fdc7] daemon started
    daemon.go:283: [d84bfdc67fdc7] exiting daemon
=== RUN   TestCreateServiceSecretFileMode
--- PASS: TestCreateServiceSecretFileMode (2.69s)
    daemon.go:296: [d461074e62e1f] waiting for daemon to start
    daemon.go:328: [d461074e62e1f] daemon started
    daemon.go:283: [d461074e62e1f] exiting daemon
=== RUN   TestCreateServiceConfigFileMode
--- PASS: TestCreateServiceConfigFileMode (2.58s)
    daemon.go:296: [dfb2a3db8ff7f] waiting for daemon to start
    daemon.go:328: [dfb2a3db8ff7f] daemon started
    daemon.go:283: [dfb2a3db8ff7f] exiting daemon
=== RUN   TestCreateServiceSysctls
--- PASS: TestCreateServiceSysctls (3.21s)
    daemon.go:296: [d2d5791df714a] waiting for daemon to start
    daemon.go:328: [d2d5791df714a] daemon started
    daemon.go:283: [d2d5791df714a] exiting daemon
=== RUN   TestInspect
--- PASS: TestInspect (2.05s)
    daemon.go:296: [d8700705aef41] waiting for daemon to start
    daemon.go:328: [d8700705aef41] daemon started
    daemon.go:283: [d8700705aef41] exiting daemon
=== RUN   TestDockerNetworkConnectAlias
--- PASS: TestDockerNetworkConnectAlias (4.08s)
    daemon.go:296: [df0faf9210cc7] waiting for daemon to start
    daemon.go:328: [df0faf9210cc7] daemon started
    daemon.go:283: [df0faf9210cc7] exiting daemon
=== RUN   TestServicePlugin
--- PASS: TestServicePlugin (35.13s)
    daemon.go:296: [d0806c2d52b04] waiting for daemon to start
    daemon.go:328: [d0806c2d52b04] daemon started
    daemon.go:283: [d0806c2d52b04] exiting daemon
    daemon.go:296: [d3059907cbc55] waiting for daemon to start
    daemon.go:328: [d3059907cbc55] daemon started
    daemon.go:296: [d2d3c155bbab6] waiting for daemon to start
    daemon.go:328: [d2d3c155bbab6] daemon started
    daemon.go:296: [d9dc8d8616de9] waiting for daemon to start
    daemon.go:328: [d9dc8d8616de9] daemon started
    daemon.go:283: [d9dc8d8616de9] exiting daemon
    daemon.go:283: [d2d3c155bbab6] exiting daemon
    daemon.go:283: [d3059907cbc55] exiting daemon
=== RUN   TestServiceUpdateLabel
--- PASS: TestServiceUpdateLabel (2.16s)
    daemon.go:296: [da89a3ce5d796] waiting for daemon to start
    daemon.go:328: [da89a3ce5d796] daemon started
    daemon.go:283: [da89a3ce5d796] exiting daemon
=== RUN   TestServiceUpdateSecrets
--- PASS: TestServiceUpdateSecrets (14.72s)
    daemon.go:296: [d52d459c94989] waiting for daemon to start
    daemon.go:328: [d52d459c94989] daemon started
    daemon.go:283: [d52d459c94989] exiting daemon
=== RUN   TestServiceUpdateConfigs
--- PASS: TestServiceUpdateConfigs (14.71s)
    daemon.go:296: [dadf67e8d2b1b] waiting for daemon to start
    daemon.go:328: [dadf67e8d2b1b] daemon started
    daemon.go:283: [dadf67e8d2b1b] exiting daemon
PASS
Running /go/src/github.com/docker/docker/integration/network
INFO: Testing against a local daemon
=== RUN   TestNetworkCreateDelete
--- PASS: TestNetworkCreateDelete (0.13s)
=== RUN   TestDockerNetworkDeletePreferID
--- PASS: TestDockerNetworkDeletePreferID (0.28s)
=== RUN   TestInspectNetwork
--- PASS: TestInspectNetwork (24.12s)
    daemon.go:296: [dadfea8b5c759] waiting for daemon to start
    daemon.go:328: [dadfea8b5c759] daemon started
    daemon.go:283: [dadfea8b5c759] exiting daemon
=== RUN   TestRunContainerWithBridgeNone
--- PASS: TestRunContainerWithBridgeNone (2.08s)
    daemon.go:296: [db3de8adc7d5b] waiting for daemon to start
    daemon.go:328: [db3de8adc7d5b] daemon started
    daemon.go:283: [db3de8adc7d5b] exiting daemon
=== RUN   TestNetworkInvalidJSON
=== RUN   TestNetworkInvalidJSON//networks/create
=== PAUSE TestNetworkInvalidJSON//networks/create
=== RUN   TestNetworkInvalidJSON//networks/bridge/connect
=== PAUSE TestNetworkInvalidJSON//networks/bridge/connect
=== RUN   TestNetworkInvalidJSON//networks/bridge/disconnect
=== PAUSE TestNetworkInvalidJSON//networks/bridge/disconnect
=== CONT  TestNetworkInvalidJSON//networks/create
=== CONT  TestNetworkInvalidJSON//networks/bridge/disconnect
=== CONT  TestNetworkInvalidJSON//networks/bridge/connect
--- PASS: TestNetworkInvalidJSON (0.01s)
    --- PASS: TestNetworkInvalidJSON//networks/bridge/disconnect (0.01s)
    --- PASS: TestNetworkInvalidJSON//networks/create (0.01s)
    --- PASS: TestNetworkInvalidJSON//networks/bridge/connect (0.00s)
=== RUN   TestDaemonRestartWithLiveRestore
--- PASS: TestDaemonRestartWithLiveRestore (1.03s)
    daemon.go:296: [d5c3abcb8c990] waiting for daemon to start
    daemon.go:328: [d5c3abcb8c990] daemon started
    daemon.go:283: [d5c3abcb8c990] exiting daemon
    daemon.go:296: [d5c3abcb8c990] waiting for daemon to start
    daemon.go:328: [d5c3abcb8c990] daemon started
    daemon.go:283: [d5c3abcb8c990] exiting daemon
=== RUN   TestDaemonDefaultNetworkPools
--- PASS: TestDaemonDefaultNetworkPools (0.65s)
    daemon.go:296: [d61f2f34ecedc] waiting for daemon to start
    daemon.go:328: [d61f2f34ecedc] daemon started
    daemon.go:283: [d61f2f34ecedc] exiting daemon
=== RUN   TestDaemonRestartWithExistingNetwork
--- PASS: TestDaemonRestartWithExistingNetwork (1.11s)
    daemon.go:296: [d3600aaf96317] waiting for daemon to start
    daemon.go:328: [d3600aaf96317] daemon started
    daemon.go:283: [d3600aaf96317] exiting daemon
    daemon.go:296: [d3600aaf96317] waiting for daemon to start
    daemon.go:328: [d3600aaf96317] daemon started
    daemon.go:283: [d3600aaf96317] exiting daemon
=== RUN   TestDaemonRestartWithExistingNetworkWithDefaultPoolRange
--- PASS: TestDaemonRestartWithExistingNetworkWithDefaultPoolRange (1.19s)
    daemon.go:296: [de074b61befc2] waiting for daemon to start
    daemon.go:328: [de074b61befc2] daemon started
    daemon.go:283: [de074b61befc2] exiting daemon
    daemon.go:296: [de074b61befc2] waiting for daemon to start
    daemon.go:328: [de074b61befc2] daemon started
    daemon.go:283: [de074b61befc2] exiting daemon
=== RUN   TestDaemonWithBipAndDefaultNetworkPool
--- PASS: TestDaemonWithBipAndDefaultNetworkPool (0.54s)
    daemon.go:296: [db17138d05558] waiting for daemon to start
    daemon.go:328: [db17138d05558] daemon started
    daemon.go:283: [db17138d05558] exiting daemon
=== RUN   TestServiceWithPredefinedNetwork
--- PASS: TestServiceWithPredefinedNetwork (2.19s)
    daemon.go:296: [d12bd0b4c05f2] waiting for daemon to start
    daemon.go:328: [d12bd0b4c05f2] daemon started
    daemon.go:283: [d12bd0b4c05f2] exiting daemon
=== RUN   TestServiceRemoveKeepsIngressNetwork
--- PASS: TestServiceRemoveKeepsIngressNetwork (12.15s)
    daemon.go:296: [d0daafd9786ec] waiting for daemon to start
    daemon.go:328: [d0daafd9786ec] daemon started
    daemon.go:283: [d0daafd9786ec] exiting daemon
=== RUN   TestServiceWithDataPathPortInit
--- PASS: TestServiceWithDataPathPortInit (4.28s)
    daemon.go:296: [d98f570f77e8e] waiting for daemon to start
    daemon.go:328: [d98f570f77e8e] daemon started
    daemon.go:283: [d98f570f77e8e] exiting daemon
    daemon.go:296: [d14a1c0ceecf3] waiting for daemon to start
    daemon.go:328: [d14a1c0ceecf3] daemon started
    daemon.go:283: [d14a1c0ceecf3] exiting daemon
=== RUN   TestServiceWithDefaultAddressPoolInit
--- PASS: TestServiceWithDefaultAddressPoolInit (4.19s)
    daemon.go:296: [d2084f39ad203] waiting for daemon to start
    daemon.go:328: [d2084f39ad203] daemon started
    service_test.go:420: TestServiceWithDefaultAddressPoolInit: NetworkInspect: {Name:saanvisthiraTestServiceWithDefaultAddressPoolInit ID:qcqns1byj864kkce9zc3sdw71 Created:2019-01-09 10:20:09.775447766 +0000 UTC Scope:swarm Driver:overlay EnableIPv6:false IPAM:{Driver:default Options:map[] Config:[{Subnet:20.20.0.0/24 IPRange: Gateway:20.20.0.1 AuxAddress:map[]}]} Internal:false Attachable:false Ingress:false ConfigFrom:{Network:} ConfigOnly:false Containers:map[] Options:map[com.docker.network.driver.overlay.vxlanid_list:4097] Labels:map[] Peers:[] Services:map[]}
    daemon.go:283: [d2084f39ad203] exiting daemon
    daemon.go:296: [deeb5e2dba5f4] waiting for daemon to start
    daemon.go:328: [deeb5e2dba5f4] daemon started
    daemon.go:283: [deeb5e2dba5f4] exiting daemon
PASS
Running /go/src/github.com/docker/docker/integration/network/ipvlan
INFO: Testing against a local daemon
=== RUN   TestDockerNetworkIpvlanPersistance
--- PASS: TestDockerNetworkIpvlanPersistance (1.28s)
    daemon.go:296: [d4e3a4579b9e1] waiting for daemon to start
    daemon.go:328: [d4e3a4579b9e1] daemon started
    daemon.go:283: [d4e3a4579b9e1] exiting daemon
    daemon.go:296: [d4e3a4579b9e1] waiting for daemon to start
    daemon.go:328: [d4e3a4579b9e1] daemon started
    daemon.go:283: [d4e3a4579b9e1] exiting daemon
=== RUN   TestDockerNetworkIpvlan
=== RUN   TestDockerNetworkIpvlan/Subinterface
=== RUN   TestDockerNetworkIpvlan/OverlapParent
=== RUN   TestDockerNetworkIpvlan/L2NilParent
=== RUN   TestDockerNetworkIpvlan/L2InternalMode
=== RUN   TestDockerNetworkIpvlan/L3NilParent
=== RUN   TestDockerNetworkIpvlan/L3InternalMode
=== RUN   TestDockerNetworkIpvlan/L2MultiSubnet
=== RUN   TestDockerNetworkIpvlan/L3MultiSubnet
=== RUN   TestDockerNetworkIpvlan/Addressing
--- PASS: TestDockerNetworkIpvlan (110.07s)
    daemon.go:296: [d40ff1afa0e03] waiting for daemon to start
    daemon.go:328: [d40ff1afa0e03] daemon started
    --- PASS: TestDockerNetworkIpvlan/Subinterface (0.07s)
    daemon.go:283: [d40ff1afa0e03] exiting daemon
    daemon.go:296: [d318b8df3be4f] waiting for daemon to start
    daemon.go:328: [d318b8df3be4f] daemon started
    --- PASS: TestDockerNetworkIpvlan/OverlapParent (0.05s)
    daemon.go:283: [d318b8df3be4f] exiting daemon
    daemon.go:296: [d7b4386ea4dbd] waiting for daemon to start
    daemon.go:328: [d7b4386ea4dbd] daemon started
    --- PASS: TestDockerNetworkIpvlan/L2NilParent (0.88s)
    daemon.go:283: [d7b4386ea4dbd] exiting daemon
    daemon.go:296: [d58e7a6844c2b] waiting for daemon to start
    daemon.go:328: [d58e7a6844c2b] daemon started
    --- PASS: TestDockerNetworkIpvlan/L2InternalMode (1.86s)
    daemon.go:283: [d58e7a6844c2b] exiting daemon
    daemon.go:296: [db0a82b584c7b] waiting for daemon to start
    daemon.go:328: [db0a82b584c7b] daemon started
    --- PASS: TestDockerNetworkIpvlan/L3NilParent (15.86s)
    daemon.go:283: [db0a82b584c7b] exiting daemon
    daemon.go:296: [d113513c914d0] waiting for daemon to start
    daemon.go:328: [d113513c914d0] daemon started
    --- PASS: TestDockerNetworkIpvlan/L3InternalMode (16.87s)
    daemon.go:283: [d113513c914d0] exiting daemon
    daemon.go:296: [dc1f8f9cf3e9f] waiting for daemon to start
    daemon.go:328: [dc1f8f9cf3e9f] daemon started
    --- PASS: TestDockerNetworkIpvlan/L2MultiSubnet (17.24s)
    daemon.go:283: [dc1f8f9cf3e9f] exiting daemon
    daemon.go:296: [d8f4c8ba6ff10] waiting for daemon to start
    daemon.go:328: [d8f4c8ba6ff10] daemon started
    --- PASS: TestDockerNetworkIpvlan/L3MultiSubnet (17.21s)
    daemon.go:283: [d8f4c8ba6ff10] exiting daemon
    daemon.go:296: [d87ebc5c92865] waiting for daemon to start
    daemon.go:328: [d87ebc5c92865] daemon started
    --- PASS: TestDockerNetworkIpvlan/Addressing (31.28s)
    daemon.go:283: [d87ebc5c92865] exiting daemon
PASS
Running /go/src/github.com/docker/docker/integration/network/macvlan
INFO: Testing against a local daemon
=== RUN   TestDockerNetworkMacvlanPersistance
--- PASS: TestDockerNetworkMacvlanPersistance (1.27s)
    daemon.go:296: [d7f35b45d949d] waiting for daemon to start
    daemon.go:328: [d7f35b45d949d] daemon started
    daemon.go:283: [d7f35b45d949d] exiting daemon
    daemon.go:296: [d7f35b45d949d] waiting for daemon to start
    daemon.go:328: [d7f35b45d949d] daemon started
    daemon.go:283: [d7f35b45d949d] exiting daemon
=== RUN   TestDockerNetworkMacvlan
=== RUN   TestDockerNetworkMacvlan/Subinterface
=== RUN   TestDockerNetworkMacvlan/OverlapParent
=== RUN   TestDockerNetworkMacvlan/NilParent
=== RUN   TestDockerNetworkMacvlan/InternalMode
=== RUN   TestDockerNetworkMacvlan/Addressing
--- PASS: TestDockerNetworkMacvlan (22.93s)
    daemon.go:296: [dcf59d5530c99] waiting for daemon to start
    daemon.go:328: [dcf59d5530c99] daemon started
    --- PASS: TestDockerNetworkMacvlan/Subinterface (0.06s)
    daemon.go:283: [dcf59d5530c99] exiting daemon
    daemon.go:296: [daf61f8e2f657] waiting for daemon to start
    daemon.go:328: [daf61f8e2f657] daemon started
    --- PASS: TestDockerNetworkMacvlan/OverlapParent (0.08s)
    daemon.go:283: [daf61f8e2f657] exiting daemon
    daemon.go:296: [def719e7793ba] waiting for daemon to start
    daemon.go:328: [def719e7793ba] daemon started
    --- PASS: TestDockerNetworkMacvlan/NilParent (0.85s)
    daemon.go:283: [def719e7793ba] exiting daemon
    daemon.go:296: [d44677b4f0d23] waiting for daemon to start
    daemon.go:328: [d44677b4f0d23] daemon started
    --- PASS: TestDockerNetworkMacvlan/InternalMode (1.86s)
    daemon.go:283: [d44677b4f0d23] exiting daemon
    daemon.go:296: [d15853002835c] waiting for daemon to start
    daemon.go:328: [d15853002835c] daemon started
    --- PASS: TestDockerNetworkMacvlan/Addressing (15.66s)
    daemon.go:283: [d15853002835c] exiting daemon
PASS
Running /go/src/github.com/docker/docker/integration/secret
INFO: Testing against a local daemon
=== RUN   TestSecretInspect
--- PASS: TestSecretInspect (2.06s)
    daemon.go:296: [d90ee50c7f7fb] waiting for daemon to start
    daemon.go:328: [d90ee50c7f7fb] daemon started
    daemon.go:283: [d90ee50c7f7fb] exiting daemon
=== RUN   TestSecretList
--- PASS: TestSecretList (2.08s)
    daemon.go:296: [da7b59f2795eb] waiting for daemon to start
    daemon.go:328: [da7b59f2795eb] daemon started
    daemon.go:283: [da7b59f2795eb] exiting daemon
=== RUN   TestSecretsCreateAndDelete
--- PASS: TestSecretsCreateAndDelete (2.10s)
    daemon.go:296: [daf78321e753e] waiting for daemon to start
    daemon.go:328: [daf78321e753e] daemon started
    daemon.go:283: [daf78321e753e] exiting daemon
=== RUN   TestSecretsUpdate
--- PASS: TestSecretsUpdate (2.12s)
    daemon.go:296: [d4f686f3a589f] waiting for daemon to start
    daemon.go:328: [d4f686f3a589f] daemon started
    daemon.go:283: [d4f686f3a589f] exiting daemon
=== RUN   TestTemplatedSecret
--- PASS: TestTemplatedSecret (2.58s)
    daemon.go:296: [db14e447d75f4] waiting for daemon to start
    daemon.go:328: [db14e447d75f4] daemon started
    daemon.go:283: [db14e447d75f4] exiting daemon
=== RUN   TestSecretCreateResolve
--- PASS: TestSecretCreateResolve (2.16s)
    daemon.go:296: [de84ee9332918] waiting for daemon to start
    daemon.go:328: [de84ee9332918] daemon started
    daemon.go:283: [de84ee9332918] exiting daemon
PASS
Running /go/src/github.com/docker/docker/integration/session
INFO: Testing against a local daemon
=== RUN   TestSessionCreate
--- PASS: TestSessionCreate (0.01s)
=== RUN   TestSessionCreateWithBadUpgrade
--- PASS: TestSessionCreateWithBadUpgrade (0.01s)
PASS
Running /go/src/github.com/docker/docker/integration/container
INFO: Testing against a local daemon
=== RUN   TestContainerInvalidJSON
=== RUN   TestContainerInvalidJSON//containers/foobar/copy
=== PAUSE TestContainerInvalidJSON//containers/foobar/copy
=== RUN   TestContainerInvalidJSON//containers/foobar/exec
=== PAUSE TestContainerInvalidJSON//containers/foobar/exec
=== RUN   TestContainerInvalidJSON//exec/foobar/start
=== PAUSE TestContainerInvalidJSON//exec/foobar/start
=== CONT  TestContainerInvalidJSON//containers/foobar/copy
=== CONT  TestContainerInvalidJSON//exec/foobar/start
=== CONT  TestContainerInvalidJSON//containers/foobar/exec
--- PASS: TestContainerInvalidJSON (0.01s)
    --- PASS: TestContainerInvalidJSON//exec/foobar/start (0.00s)
    --- PASS: TestContainerInvalidJSON//containers/foobar/copy (0.00s)
    --- PASS: TestContainerInvalidJSON//containers/foobar/exec (0.00s)
=== RUN   TestCopyFromContainerPathDoesNotExist
--- PASS: TestCopyFromContainerPathDoesNotExist (0.07s)
=== RUN   TestCopyFromContainerPathIsNotDir
--- PASS: TestCopyFromContainerPathIsNotDir (0.07s)
=== RUN   TestCopyToContainerPathDoesNotExist
--- PASS: TestCopyToContainerPathDoesNotExist (0.07s)
=== RUN   TestCopyToContainerPathIsNotDir
--- PASS: TestCopyToContainerPathIsNotDir (0.06s)
=== RUN   TestCreateFailsWhenIdentifierDoesNotExist
=== RUN   TestCreateFailsWhenIdentifierDoesNotExist/image_and_tag
=== PAUSE TestCreateFailsWhenIdentifierDoesNotExist/image_and_tag
=== RUN   TestCreateFailsWhenIdentifierDoesNotExist/image_no_tag
=== PAUSE TestCreateFailsWhenIdentifierDoesNotExist/image_no_tag
=== RUN   TestCreateFailsWhenIdentifierDoesNotExist/digest
=== PAUSE TestCreateFailsWhenIdentifierDoesNotExist/digest
=== CONT  TestCreateFailsWhenIdentifierDoesNotExist/image_and_tag
=== CONT  TestCreateFailsWhenIdentifierDoesNotExist/digest
=== CONT  TestCreateFailsWhenIdentifierDoesNotExist/image_no_tag
--- PASS: TestCreateFailsWhenIdentifierDoesNotExist (0.01s)
    --- PASS: TestCreateFailsWhenIdentifierDoesNotExist/image_and_tag (0.00s)
    --- PASS: TestCreateFailsWhenIdentifierDoesNotExist/digest (0.00s)
    --- PASS: TestCreateFailsWhenIdentifierDoesNotExist/image_no_tag (0.00s)
=== RUN   TestCreateWithInvalidEnv
=== RUN   TestCreateWithInvalidEnv/0
=== PAUSE TestCreateWithInvalidEnv/0
=== RUN   TestCreateWithInvalidEnv/1
=== PAUSE TestCreateWithInvalidEnv/1
=== RUN   TestCreateWithInvalidEnv/2
=== PAUSE TestCreateWithInvalidEnv/2
=== CONT  TestCreateWithInvalidEnv/0
=== CONT  TestCreateWithInvalidEnv/2
=== CONT  TestCreateWithInvalidEnv/1
--- PASS: TestCreateWithInvalidEnv (0.01s)
    --- PASS: TestCreateWithInvalidEnv/2 (0.00s)
    --- PASS: TestCreateWithInvalidEnv/0 (0.00s)
    --- PASS: TestCreateWithInvalidEnv/1 (0.00s)
=== RUN   TestCreateTmpfsMountsTarget
--- PASS: TestCreateTmpfsMountsTarget (0.01s)
=== RUN   TestCreateWithCustomMaskedPaths
--- PASS: TestCreateWithCustomMaskedPaths (1.51s)
=== RUN   TestCreateWithCustomReadonlyPaths
--- PASS: TestCreateWithCustomReadonlyPaths (1.61s)
=== RUN   TestCreateWithInvalidHealthcheckParams
=== RUN   TestCreateWithInvalidHealthcheckParams/test_invalid_Interval_in_Healthcheck:_less_than_0s
=== PAUSE TestCreateWithInvalidHealthcheckParams/test_invalid_Interval_in_Healthcheck:_less_than_0s
=== RUN   TestCreateWithInvalidHealthcheckParams/test_invalid_Interval_in_Healthcheck:_larger_than_0s_but_less_than_1ms
=== PAUSE TestCreateWithInvalidHealthcheckParams/test_invalid_Interval_in_Healthcheck:_larger_than_0s_but_less_than_1ms
=== RUN   TestCreateWithInvalidHealthcheckParams/test_invalid_Timeout_in_Healthcheck:_less_than_1ms
=== PAUSE TestCreateWithInvalidHealthcheckParams/test_invalid_Timeout_in_Healthcheck:_less_than_1ms
=== RUN   TestCreateWithInvalidHealthcheckParams/test_invalid_Retries_in_Healthcheck:_less_than_0
=== PAUSE TestCreateWithInvalidHealthcheckParams/test_invalid_Retries_in_Healthcheck:_less_than_0
=== RUN   TestCreateWithInvalidHealthcheckParams/test_invalid_StartPeriod_in_Healthcheck:_not_0_and_less_than_1ms
=== PAUSE TestCreateWithInvalidHealthcheckParams/test_invalid_StartPeriod_in_Healthcheck:_not_0_and_less_than_1ms
=== CONT  TestCreateWithInvalidHealthcheckParams/test_invalid_Interval_in_Healthcheck:_less_than_0s
=== CONT  TestCreateWithInvalidHealthcheckParams/test_invalid_Retries_in_Healthcheck:_less_than_0
=== CONT  TestCreateWithInvalidHealthcheckParams/test_invalid_StartPeriod_in_Healthcheck:_not_0_and_less_than_1ms
=== CONT  TestCreateWithInvalidHealthcheckParams/test_invalid_Timeout_in_Healthcheck:_less_than_1ms
=== CONT  TestCreateWithInvalidHealthcheckParams/test_invalid_Interval_in_Healthcheck:_larger_than_0s_but_less_than_1ms
--- PASS: TestCreateWithInvalidHealthcheckParams (0.01s)
    --- PASS: TestCreateWithInvalidHealthcheckParams/test_invalid_Retries_in_Healthcheck:_less_than_0 (0.00s)
    --- PASS: TestCreateWithInvalidHealthcheckParams/test_invalid_Interval_in_Healthcheck:_less_than_0s (0.00s)
    --- PASS: TestCreateWithInvalidHealthcheckParams/test_invalid_Timeout_in_Healthcheck:_less_than_1ms (0.00s)
    --- PASS: TestCreateWithInvalidHealthcheckParams/test_invalid_StartPeriod_in_Healthcheck:_not_0_and_less_than_1ms (0.01s)
    --- PASS: TestCreateWithInvalidHealthcheckParams/test_invalid_Interval_in_Healthcheck:_larger_than_0s_but_less_than_1ms (0.01s)
=== RUN   TestContainerStartOnDaemonRestart
=== PAUSE TestContainerStartOnDaemonRestart
=== RUN   TestDiff
--- PASS: TestDiff (0.53s)
=== RUN   TestExecWithCloseStdin
--- PASS: TestExecWithCloseStdin (0.63s)
=== RUN   TestExec
--- PASS: TestExec (0.63s)
=== RUN   TestExportContainerAndImportImage
--- PASS: TestExportContainerAndImportImage (0.70s)
=== RUN   TestExportContainerAfterDaemonRestart
--- PASS: TestExportContainerAfterDaemonRestart (1.27s)
    daemon.go:296: [d1eac7c546e7b] waiting for daemon to start
    daemon.go:328: [d1eac7c546e7b] daemon started
    daemon.go:283: [d1eac7c546e7b] exiting daemon
    daemon.go:296: [d1eac7c546e7b] waiting for daemon to start
    daemon.go:328: [d1eac7c546e7b] daemon started
    daemon.go:283: [d1eac7c546e7b] exiting daemon
=== RUN   TestHealthCheckWorkdir
--- PASS: TestHealthCheckWorkdir (0.79s)
=== RUN   TestInspectCpusetInConfigPre120
--- PASS: TestInspectCpusetInConfigPre120 (0.51s)
=== RUN   TestIpcModeNone
--- PASS: TestIpcModeNone (0.62s)
=== RUN   TestIpcModePrivate
--- PASS: TestIpcModePrivate (0.63s)
    ipcmode_linux_test.go:87: [testIpcPrivateShareable] ipcmode: private, ipcdev: 0:56, shared: false, mustBeShared: false
=== RUN   TestIpcModeShareable
--- PASS: TestIpcModeShareable (0.63s)
    ipcmode_linux_test.go:87: [testIpcPrivateShareable] ipcmode: shareable, ipcdev: 0:50, shared: true, mustBeShared: true
=== RUN   TestAPIIpcModeShareableAndContainer
--- PASS: TestAPIIpcModeShareableAndContainer (1.89s)
=== RUN   TestAPIIpcModeHost
--- PASS: TestAPIIpcModeHost (0.50s)
=== RUN   TestDaemonIpcModeShareable
--- PASS: TestDaemonIpcModeShareable (1.32s)
    daemon.go:296: [df8180c7652fc] waiting for daemon to start
    daemon.go:328: [df8180c7652fc] daemon started
    ipcmode_linux_test.go:255: [testDaemonIpcPrivateShareable] ipcdev: 0:58, shared: true, mustBeShared: true
    daemon.go:283: [df8180c7652fc] exiting daemon
=== RUN   TestDaemonIpcModePrivate
--- PASS: TestDaemonIpcModePrivate (1.34s)
    daemon.go:296: [d44b980c34f98] waiting for daemon to start
    daemon.go:328: [d44b980c34f98] daemon started
    ipcmode_linux_test.go:255: [testDaemonIpcPrivateShareable] ipcdev: 0:64, shared: false, mustBeShared: false
    daemon.go:283: [d44b980c34f98] exiting daemon
=== RUN   TestDaemonIpcModePrivateFromConfig
--- PASS: TestDaemonIpcModePrivateFromConfig (1.32s)
    daemon.go:296: [d597abb12f1b1] waiting for daemon to start
    daemon.go:328: [d597abb12f1b1] daemon started
    ipcmode_linux_test.go:255: [testDaemonIpcPrivateShareable] ipcdev: 0:64, shared: false, mustBeShared: false
    daemon.go:283: [d597abb12f1b1] exiting daemon
=== RUN   TestDaemonIpcModeShareableFromConfig
--- PASS: TestDaemonIpcModeShareableFromConfig (1.36s)
    daemon.go:296: [dbe6348de8a5a] waiting for daemon to start
    daemon.go:328: [dbe6348de8a5a] daemon started
    ipcmode_linux_test.go:255: [testDaemonIpcPrivateShareable] ipcdev: 0:58, shared: true, mustBeShared: true
    daemon.go:283: [dbe6348de8a5a] exiting daemon
=== RUN   TestKillContainerInvalidSignal
--- PASS: TestKillContainerInvalidSignal (0.51s)
=== RUN   TestKillContainer
=== RUN   TestKillContainer/no_signal
=== RUN   TestKillContainer/non_killing_signal
=== RUN   TestKillContainer/killing_signal
--- PASS: TestKillContainer (1.60s)
    --- PASS: TestKillContainer/no_signal (0.50s)
    --- PASS: TestKillContainer/non_killing_signal (0.35s)
    --- PASS: TestKillContainer/killing_signal (0.51s)
=== RUN   TestKillWithStopSignalAndRestartPolicies
=== RUN   TestKillWithStopSignalAndRestartPolicies/same-signal-disables-restart-policy
=== RUN   TestKillWithStopSignalAndRestartPolicies/different-signal-keep-restart-policy
--- PASS: TestKillWithStopSignalAndRestartPolicies (1.10s)
    --- PASS: TestKillWithStopSignalAndRestartPolicies/same-signal-disables-restart-policy (0.53s)
    --- PASS: TestKillWithStopSignalAndRestartPolicies/different-signal-keep-restart-policy (0.34s)
=== RUN   TestKillStoppedContainer
--- PASS: TestKillStoppedContainer (0.07s)
=== RUN   TestKillStoppedContainerAPIPre120
--- PASS: TestKillStoppedContainerAPIPre120 (0.07s)
=== RUN   TestKillDifferentUserContainer
--- PASS: TestKillDifferentUserContainer (0.53s)
=== RUN   TestInspectOomKilledTrue
--- SKIP: TestInspectOomKilledTrue (0.00s)
    kill_test.go:153: testEnv.DaemonInfo.OSType == "windows" || !testEnv.DaemonInfo.MemoryLimit || !testEnv.DaemonInfo.SwapLimit
=== RUN   TestInspectOomKilledFalse
--- SKIP: TestInspectOomKilledFalse (0.00s)
    kill_test.go:171: testEnv.DaemonInfo.OSType == "windows" || !testEnv.DaemonInfo.MemoryLimit || !testEnv.DaemonInfo.SwapLimit
=== RUN   TestLinksEtcHostsContentMatch
--- PASS: TestLinksEtcHostsContentMatch (0.50s)
=== RUN   TestLinksContainerNames
--- PASS: TestLinksContainerNames (1.07s)
=== RUN   TestLogsFollowTailEmpty
--- PASS: TestLogsFollowTailEmpty (0.55s)
=== RUN   TestContainerNetworkMountsNoChown
--- PASS: TestContainerNetworkMountsNoChown (0.50s)
=== RUN   TestMountDaemonRoot
=== RUN   TestMountDaemonRoot/default
=== PAUSE TestMountDaemonRoot/default
=== RUN   TestMountDaemonRoot/private
=== PAUSE TestMountDaemonRoot/private
=== RUN   TestMountDaemonRoot/rprivate
=== PAUSE TestMountDaemonRoot/rprivate
=== RUN   TestMountDaemonRoot/slave
=== PAUSE TestMountDaemonRoot/slave
=== RUN   TestMountDaemonRoot/rslave
=== PAUSE TestMountDaemonRoot/rslave
=== RUN   TestMountDaemonRoot/shared
=== PAUSE TestMountDaemonRoot/shared
=== RUN   TestMountDaemonRoot/rshared
=== PAUSE TestMountDaemonRoot/rshared
=== CONT  TestMountDaemonRoot/default
=== RUN   TestMountDaemonRoot/default/bind_root
=== PAUSE TestMountDaemonRoot/default/bind_root
=== CONT  TestMountDaemonRoot/rslave
=== RUN   TestMountDaemonRoot/default/bind_subpath
=== PAUSE TestMountDaemonRoot/default/bind_subpath
=== RUN   TestMountDaemonRoot/default/mount_root
=== RUN   TestMountDaemonRoot/rslave/bind_root
=== PAUSE TestMountDaemonRoot/rslave/bind_root
=== RUN   TestMountDaemonRoot/rslave/bind_subpath
=== PAUSE TestMountDaemonRoot/rslave/bind_subpath
=== RUN   TestMountDaemonRoot/rslave/mount_root
=== PAUSE TestMountDaemonRoot/rslave/mount_root
=== PAUSE TestMountDaemonRoot/default/mount_root
=== RUN   TestMountDaemonRoot/rslave/mount_subpath
=== PAUSE TestMountDaemonRoot/rslave/mount_subpath
=== CONT  TestMountDaemonRoot/rshared
=== RUN   TestMountDaemonRoot/default/mount_subpath
=== PAUSE TestMountDaemonRoot/default/mount_subpath
=== RUN   TestMountDaemonRoot/rshared/bind_root
=== PAUSE TestMountDaemonRoot/rshared/bind_root
=== RUN   TestMountDaemonRoot/rshared/bind_subpath
=== PAUSE TestMountDaemonRoot/rshared/bind_subpath
=== RUN   TestMountDaemonRoot/rshared/mount_root
=== PAUSE TestMountDaemonRoot/rshared/mount_root
=== RUN   TestMountDaemonRoot/rshared/mount_subpath
=== PAUSE TestMountDaemonRoot/rshared/mount_subpath
=== CONT  TestMountDaemonRoot/shared
=== RUN   TestMountDaemonRoot/shared/mount_root
=== CONT  TestMountDaemonRoot/rprivate
=== RUN   TestMountDaemonRoot/rprivate/bind_root
=== PAUSE TestMountDaemonRoot/rprivate/bind_root
=== RUN   TestMountDaemonRoot/rprivate/bind_subpath
=== PAUSE TestMountDaemonRoot/rprivate/bind_subpath
=== RUN   TestMountDaemonRoot/rprivate/mount_root
=== PAUSE TestMountDaemonRoot/rprivate/mount_root
=== RUN   TestMountDaemonRoot/rprivate/mount_subpath
=== PAUSE TestMountDaemonRoot/rprivate/mount_subpath
=== PAUSE TestMountDaemonRoot/shared/mount_root
=== RUN   TestMountDaemonRoot/shared/mount_subpath
=== PAUSE TestMountDaemonRoot/shared/mount_subpath
=== RUN   TestMountDaemonRoot/shared/bind_root
=== PAUSE TestMountDaemonRoot/shared/bind_root
=== RUN   TestMountDaemonRoot/shared/bind_subpath
=== PAUSE TestMountDaemonRoot/shared/bind_subpath
=== CONT  TestMountDaemonRoot/slave
=== RUN   TestMountDaemonRoot/slave/bind_root
=== PAUSE TestMountDaemonRoot/slave/bind_root
=== RUN   TestMountDaemonRoot/slave/bind_subpath
=== PAUSE TestMountDaemonRoot/slave/bind_subpath
=== RUN   TestMountDaemonRoot/slave/mount_root
=== PAUSE TestMountDaemonRoot/slave/mount_root
=== RUN   TestMountDaemonRoot/slave/mount_subpath
=== PAUSE TestMountDaemonRoot/slave/mount_subpath
=== CONT  TestMountDaemonRoot/private
=== RUN   TestMountDaemonRoot/private/bind_root
=== PAUSE TestMountDaemonRoot/private/bind_root
=== RUN   TestMountDaemonRoot/private/bind_subpath
=== PAUSE TestMountDaemonRoot/private/bind_subpath
=== RUN   TestMountDaemonRoot/private/mount_root
=== PAUSE TestMountDaemonRoot/private/mount_root
=== RUN   TestMountDaemonRoot/private/mount_subpath
=== PAUSE TestMountDaemonRoot/private/mount_subpath
=== CONT  TestMountDaemonRoot/rslave/bind_root
=== CONT  TestMountDaemonRoot/rslave/mount_subpath
=== CONT  TestMountDaemonRoot/rslave/mount_root
=== CONT  TestMountDaemonRoot/rslave/bind_subpath
=== CONT  TestMountDaemonRoot/default/bind_root
=== CONT  TestMountDaemonRoot/default/mount_subpath
=== CONT  TestMountDaemonRoot/default/mount_root
=== CONT  TestMountDaemonRoot/default/bind_subpath
=== CONT  TestMountDaemonRoot/rshared/bind_root
=== CONT  TestMountDaemonRoot/rshared/mount_subpath
=== CONT  TestMountDaemonRoot/rshared/mount_root
=== CONT  TestMountDaemonRoot/rshared/bind_subpath
=== CONT  TestMountDaemonRoot/rprivate/bind_root
=== CONT  TestMountDaemonRoot/shared/mount_root
=== CONT  TestMountDaemonRoot/slave/bind_root
=== CONT  TestMountDaemonRoot/rprivate/mount_subpath
=== CONT  TestMountDaemonRoot/rprivate/mount_root
=== CONT  TestMountDaemonRoot/rprivate/bind_subpath
=== CONT  TestMountDaemonRoot/private/bind_root
=== CONT  TestMountDaemonRoot/shared/bind_subpath
=== CONT  TestMountDaemonRoot/shared/bind_root
=== CONT  TestMountDaemonRoot/shared/mount_subpath
=== CONT  TestMountDaemonRoot/slave/mount_subpath
=== CONT  TestMountDaemonRoot/slave/mount_root
=== CONT  TestMountDaemonRoot/slave/bind_subpath
=== CONT  TestMountDaemonRoot/private/mount_subpath
=== CONT  TestMountDaemonRoot/private/mount_root
=== CONT  TestMountDaemonRoot/private/bind_subpath
--- PASS: TestMountDaemonRoot (0.02s)
    --- PASS: TestMountDaemonRoot/rslave (0.00s)
        --- PASS: TestMountDaemonRoot/rslave/mount_subpath (0.10s)
        --- PASS: TestMountDaemonRoot/rslave/bind_root (0.12s)
        --- PASS: TestMountDaemonRoot/rslave/mount_root (0.11s)
        --- PASS: TestMountDaemonRoot/rslave/bind_subpath (0.11s)
    --- PASS: TestMountDaemonRoot/default (0.00s)
        --- PASS: TestMountDaemonRoot/default/bind_root (0.10s)
        --- PASS: TestMountDaemonRoot/default/mount_subpath (0.14s)
        --- PASS: TestMountDaemonRoot/default/mount_root (0.10s)
        --- PASS: TestMountDaemonRoot/default/bind_subpath (0.10s)
    --- PASS: TestMountDaemonRoot/rshared (0.00s)
        --- PASS: TestMountDaemonRoot/rshared/bind_root (0.09s)
        --- PASS: TestMountDaemonRoot/rshared/mount_subpath (0.10s)
        --- PASS: TestMountDaemonRoot/rshared/mount_root (0.11s)
        --- PASS: TestMountDaemonRoot/rshared/bind_subpath (0.10s)
    --- PASS: TestMountDaemonRoot/rprivate (0.00s)
        --- PASS: TestMountDaemonRoot/rprivate/bind_root (0.06s)
        --- PASS: TestMountDaemonRoot/rprivate/mount_subpath (0.09s)
        --- PASS: TestMountDaemonRoot/rprivate/mount_root (0.09s)
        --- PASS: TestMountDaemonRoot/rprivate/bind_subpath (0.08s)
    --- PASS: TestMountDaemonRoot/shared (0.00s)
        --- PASS: TestMountDaemonRoot/shared/mount_root (0.08s)
        --- PASS: TestMountDaemonRoot/shared/bind_subpath (0.08s)
        --- PASS: TestMountDaemonRoot/shared/bind_root (0.08s)
        --- PASS: TestMountDaemonRoot/shared/mount_subpath (0.09s)
    --- PASS: TestMountDaemonRoot/slave (0.00s)
        --- PASS: TestMountDaemonRoot/slave/bind_root (0.08s)
        --- PASS: TestMountDaemonRoot/slave/mount_subpath (0.09s)
        --- PASS: TestMountDaemonRoot/slave/mount_root (0.08s)
        --- PASS: TestMountDaemonRoot/slave/bind_subpath (0.08s)
    --- PASS: TestMountDaemonRoot/private (0.00s)
        --- PASS: TestMountDaemonRoot/private/bind_root (0.08s)
        --- PASS: TestMountDaemonRoot/private/mount_root (0.08s)
        --- PASS: TestMountDaemonRoot/private/mount_subpath (0.10s)
        --- PASS: TestMountDaemonRoot/private/bind_subpath (0.05s)
=== RUN   TestContainerBindMountNonRecursive
--- PASS: TestContainerBindMountNonRecursive (1.30s)
=== RUN   TestNetworkNat
--- PASS: TestNetworkNat (0.55s)
=== RUN   TestNetworkLocalhostTCPNat
--- PASS: TestNetworkLocalhostTCPNat (0.57s)
=== RUN   TestNetworkLoopbackNat
--- PASS: TestNetworkLoopbackNat (0.74s)
=== RUN   TestPause
--- PASS: TestPause (0.55s)
=== RUN   TestPauseFailsOnWindowsServerContainers
--- SKIP: TestPauseFailsOnWindowsServerContainers (0.00s)
    pause_test.go:54: testEnv.DaemonInfo.OSType != "windows" || testEnv.DaemonInfo.Isolation != "process"
=== RUN   TestPauseStopPausedContainer
--- PASS: TestPauseStopPausedContainer (0.56s)
=== RUN   TestPsFilter
--- PASS: TestPsFilter (0.19s)
=== RUN   TestRemoveContainerWithRemovedVolume
--- PASS: TestRemoveContainerWithRemovedVolume (0.51s)
=== RUN   TestRemoveContainerWithVolume
--- PASS: TestRemoveContainerWithVolume (0.55s)
=== RUN   TestRemoveContainerRunning
--- PASS: TestRemoveContainerRunning (0.55s)
=== RUN   TestRemoveContainerForceRemoveRunning
--- PASS: TestRemoveContainerForceRemoveRunning (0.54s)
=== RUN   TestRemoveInvalidContainer
--- PASS: TestRemoveInvalidContainer (0.01s)
=== RUN   TestRenameLinkedContainer
--- PASS: TestRenameLinkedContainer (2.13s)
=== RUN   TestRenameStoppedContainer
--- PASS: TestRenameStoppedContainer (0.54s)
=== RUN   TestRenameRunningContainerAndReuse
--- PASS: TestRenameRunningContainerAndReuse (1.10s)
=== RUN   TestRenameInvalidName
--- PASS: TestRenameInvalidName (0.53s)
=== RUN   TestRenameAnonymousContainer
--- PASS: TestRenameAnonymousContainer (1.81s)
=== RUN   TestRenameContainerWithSameName
--- PASS: TestRenameContainerWithSameName (0.54s)
=== RUN   TestRenameContainerWithLinkedContainer
--- PASS: TestRenameContainerWithLinkedContainer (1.06s)
=== RUN   TestResize
--- PASS: TestResize (0.53s)
=== RUN   TestResizeWithInvalidSize
--- PASS: TestResizeWithInvalidSize (0.52s)
=== RUN   TestResizeWhenContainerNotStarted
--- PASS: TestResizeWhenContainerNotStarted (0.56s)
=== RUN   TestDaemonRestartKillContainers
=== RUN   TestDaemonRestartKillContainers/live-restore=false/container_without_restart_policy/kill-daemon
=== PAUSE TestDaemonRestartKillContainers/live-restore=false/container_without_restart_policy/kill-daemon
=== RUN   TestDaemonRestartKillContainers/live-restore=false/container_without_restart_policy/stop-daemon
=== PAUSE TestDaemonRestartKillContainers/live-restore=false/container_without_restart_policy/stop-daemon
=== RUN   TestDaemonRestartKillContainers/live-restore=true/container_without_restart_policy/kill-daemon
=== PAUSE TestDaemonRestartKillContainers/live-restore=true/container_without_restart_policy/kill-daemon
=== RUN   TestDaemonRestartKillContainers/live-restore=true/container_without_restart_policy/stop-daemon
=== PAUSE TestDaemonRestartKillContainers/live-restore=true/container_without_restart_policy/stop-daemon
=== RUN   TestDaemonRestartKillContainers/live-restore=false/container_with_restart=always/kill-daemon
=== PAUSE TestDaemonRestartKillContainers/live-restore=false/container_with_restart=always/kill-daemon
=== RUN   TestDaemonRestartKillContainers/live-restore=false/container_with_restart=always/stop-daemon
=== PAUSE TestDaemonRestartKillContainers/live-restore=false/container_with_restart=always/stop-daemon
=== RUN   TestDaemonRestartKillContainers/live-restore=true/container_with_restart=always/stop-daemon
=== PAUSE TestDaemonRestartKillContainers/live-restore=true/container_with_restart=always/stop-daemon
=== RUN   TestDaemonRestartKillContainers/live-restore=true/container_with_restart=always/kill-daemon
=== PAUSE TestDaemonRestartKillContainers/live-restore=true/container_with_restart=always/kill-daemon
=== RUN   TestDaemonRestartKillContainers/live-restore=false/container_created_should_not_be_restarted/kill-daemon
=== PAUSE TestDaemonRestartKillContainers/live-restore=false/container_created_should_not_be_restarted/kill-daemon
=== RUN   TestDaemonRestartKillContainers/live-restore=false/container_created_should_not_be_restarted/stop-daemon
=== PAUSE TestDaemonRestartKillContainers/live-restore=false/container_created_should_not_be_restarted/stop-daemon
=== RUN   TestDaemonRestartKillContainers/live-restore=true/container_created_should_not_be_restarted/kill-daemon
=== PAUSE TestDaemonRestartKillContainers/live-restore=true/container_created_should_not_be_restarted/kill-daemon
=== RUN   TestDaemonRestartKillContainers/live-restore=true/container_created_should_not_be_restarted/stop-daemon
=== PAUSE TestDaemonRestartKillContainers/live-restore=true/container_created_should_not_be_restarted/stop-daemon
=== CONT  TestDaemonRestartKillContainers/live-restore=false/container_without_restart_policy/kill-daemon
=== CONT  TestDaemonRestartKillContainers/live-restore=true/container_with_restart=always/stop-daemon
=== CONT  TestDaemonRestartKillContainers/live-restore=false/container_with_restart=always/stop-daemon
=== CONT  TestDaemonRestartKillContainers/live-restore=false/container_with_restart=always/kill-daemon
=== CONT  TestDaemonRestartKillContainers/live-restore=true/container_without_restart_policy/stop-daemon
=== CONT  TestDaemonRestartKillContainers/live-restore=true/container_without_restart_policy/kill-daemon
=== CONT  TestDaemonRestartKillContainers/live-restore=false/container_without_restart_policy/stop-daemon
=== CONT  TestDaemonRestartKillContainers/live-restore=false/container_created_should_not_be_restarted/stop-daemon
=== CONT  TestDaemonRestartKillContainers/live-restore=true/container_created_should_not_be_restarted/stop-daemon
=== CONT  TestDaemonRestartKillContainers/live-restore=true/container_created_should_not_be_restarted/kill-daemon
=== CONT  TestDaemonRestartKillContainers/live-restore=false/container_created_should_not_be_restarted/kill-daemon
=== CONT  TestDaemonRestartKillContainers/live-restore=true/container_with_restart=always/kill-daemon
--- PASS: TestDaemonRestartKillContainers (0.00s)
    --- PASS: TestDaemonRestartKillContainers/live-restore=true/container_with_restart=always/stop-daemon (1.81s)
        daemon.go:296: [dce1251bf4321] waiting for daemon to start
        daemon.go:328: [dce1251bf4321] daemon started
        daemon.go:283: [dce1251bf4321] exiting daemon
        daemon.go:296: [dce1251bf4321] waiting for daemon to start
        daemon.go:328: [dce1251bf4321] daemon started
        daemon.go:283: [dce1251bf4321] exiting daemon
    --- PASS: TestDaemonRestartKillContainers/live-restore=false/container_without_restart_policy/kill-daemon (2.41s)
        daemon.go:296: [d38c53cff1d4c] waiting for daemon to start
        daemon.go:328: [d38c53cff1d4c] daemon started
        daemon.go:296: [d38c53cff1d4c] waiting for daemon to start
        daemon.go:328: [d38c53cff1d4c] daemon started
        daemon.go:283: [d38c53cff1d4c] exiting daemon
    --- PASS: TestDaemonRestartKillContainers/live-restore=false/container_with_restart=always/stop-daemon (2.18s)
        daemon.go:296: [d14a708b5032e] waiting for daemon to start
        daemon.go:328: [d14a708b5032e] daemon started
        daemon.go:283: [d14a708b5032e] exiting daemon
        daemon.go:296: [d14a708b5032e] waiting for daemon to start
        daemon.go:328: [d14a708b5032e] daemon started
        daemon.go:283: [d14a708b5032e] exiting daemon
    --- PASS: TestDaemonRestartKillContainers/live-restore=false/container_with_restart=always/kill-daemon (2.36s)
        daemon.go:296: [d9b1aa4a5ae72] waiting for daemon to start
        daemon.go:328: [d9b1aa4a5ae72] daemon started
        daemon.go:296: [d9b1aa4a5ae72] waiting for daemon to start
        daemon.go:328: [d9b1aa4a5ae72] daemon started
        daemon.go:283: [d9b1aa4a5ae72] exiting daemon
    --- PASS: TestDaemonRestartKillContainers/live-restore=true/container_without_restart_policy/stop-daemon (1.92s)
        daemon.go:296: [d823f0c2ef783] waiting for daemon to start
        daemon.go:328: [d823f0c2ef783] daemon started
        daemon.go:283: [d823f0c2ef783] exiting daemon
        daemon.go:296: [d823f0c2ef783] waiting for daemon to start
        daemon.go:328: [d823f0c2ef783] daemon started
        daemon.go:283: [d823f0c2ef783] exiting daemon
    --- PASS: TestDaemonRestartKillContainers/live-restore=true/container_without_restart_policy/kill-daemon (1.83s)
        daemon.go:296: [d59e9e2d8f538] waiting for daemon to start
        daemon.go:328: [d59e9e2d8f538] daemon started
        daemon.go:296: [d59e9e2d8f538] waiting for daemon to start
        daemon.go:328: [d59e9e2d8f538] daemon started
        daemon.go:283: [d59e9e2d8f538] exiting daemon
    --- PASS: TestDaemonRestartKillContainers/live-restore=false/container_without_restart_policy/stop-daemon (1.85s)
        daemon.go:296: [d09b713225cc2] waiting for daemon to start
        daemon.go:328: [d09b713225cc2] daemon started
        daemon.go:283: [d09b713225cc2] exiting daemon
        daemon.go:296: [d09b713225cc2] waiting for daemon to start
        daemon.go:328: [d09b713225cc2] daemon started
        daemon.go:283: [d09b713225cc2] exiting daemon
    --- PASS: TestDaemonRestartKillContainers/live-restore=false/container_created_should_not_be_restarted/stop-daemon (1.36s)
        daemon.go:296: [dc52623650fd1] waiting for daemon to start
        daemon.go:328: [dc52623650fd1] daemon started
        daemon.go:283: [dc52623650fd1] exiting daemon
        daemon.go:296: [dc52623650fd1] waiting for daemon to start
        daemon.go:328: [dc52623650fd1] daemon started
        daemon.go:283: [dc52623650fd1] exiting daemon
    --- PASS: TestDaemonRestartKillContainers/live-restore=true/container_created_should_not_be_restarted/stop-daemon (1.33s)
        daemon.go:296: [d30a99463d7b1] waiting for daemon to start
        daemon.go:328: [d30a99463d7b1] daemon started
        daemon.go:283: [d30a99463d7b1] exiting daemon
        daemon.go:296: [d30a99463d7b1] waiting for daemon to start
        daemon.go:328: [d30a99463d7b1] daemon started
        daemon.go:283: [d30a99463d7b1] exiting daemon
    --- PASS: TestDaemonRestartKillContainers/live-restore=true/container_created_should_not_be_restarted/kill-daemon (1.36s)
        daemon.go:296: [d8dd60e6c847d] waiting for daemon to start
        daemon.go:328: [d8dd60e6c847d] daemon started
        daemon.go:296: [d8dd60e6c847d] waiting for daemon to start
        daemon.go:328: [d8dd60e6c847d] daemon started
        daemon.go:283: [d8dd60e6c847d] exiting daemon
    --- PASS: TestDaemonRestartKillContainers/live-restore=false/container_created_should_not_be_restarted/kill-daemon (1.35s)
        daemon.go:296: [d8047052f1fa7] waiting for daemon to start
        daemon.go:328: [d8047052f1fa7] daemon started
        daemon.go:296: [d8047052f1fa7] waiting for daemon to start
        daemon.go:328: [d8047052f1fa7] daemon started
        daemon.go:283: [d8047052f1fa7] exiting daemon
    --- PASS: TestDaemonRestartKillContainers/live-restore=true/container_with_restart=always/kill-daemon (1.81s)
        daemon.go:296: [ddf6cfe3a79f8] waiting for daemon to start
        daemon.go:328: [ddf6cfe3a79f8] daemon started
        daemon.go:296: [ddf6cfe3a79f8] waiting for daemon to start
        daemon.go:328: [ddf6cfe3a79f8] daemon started
        daemon.go:283: [ddf6cfe3a79f8] exiting daemon
=== RUN   TestKernelTCPMemory
--- PASS: TestKernelTCPMemory (0.65s)
=== RUN   TestNISDomainname
--- PASS: TestNISDomainname (0.72s)
=== RUN   TestStats
--- PASS: TestStats (2.35s)
=== RUN   TestStopContainerWithTimeout
=== RUN   TestStopContainerWithTimeout/0
=== PAUSE TestStopContainerWithTimeout/0
=== RUN   TestStopContainerWithTimeout/1
=== PAUSE TestStopContainerWithTimeout/1
=== RUN   TestStopContainerWithTimeout/3
=== PAUSE TestStopContainerWithTimeout/3
=== RUN   TestStopContainerWithTimeout/-1
=== PAUSE TestStopContainerWithTimeout/-1
=== CONT  TestStopContainerWithTimeout/0
=== CONT  TestStopContainerWithTimeout/3
=== CONT  TestStopContainerWithTimeout/-1
=== CONT  TestStopContainerWithTimeout/1
--- PASS: TestStopContainerWithTimeout (0.01s)
    --- PASS: TestStopContainerWithTimeout/0 (0.64s)
    --- PASS: TestStopContainerWithTimeout/3 (2.66s)
    --- PASS: TestStopContainerWithTimeout/-1 (2.50s)
    --- PASS: TestStopContainerWithTimeout/1 (1.55s)
=== RUN   TestDeleteDevicemapper
--- SKIP: TestDeleteDevicemapper (0.00s)
    stop_linux_test.go:74: testEnv.DaemonInfo.Driver != "devicemapper"
=== RUN   TestStopContainerWithRestartPolicyAlways
--- PASS: TestStopContainerWithRestartPolicyAlways (1.68s)
=== RUN   TestUpdateMemory
--- SKIP: TestUpdateMemory (0.00s)
    update_linux_test.go:21: !testEnv.DaemonInfo.SwapLimit
=== RUN   TestUpdateCPUQuota
--- PASS: TestUpdateCPUQuota (1.14s)
=== RUN   TestUpdateRestartPolicy
--- PASS: TestUpdateRestartPolicy (11.31s)
=== RUN   TestUpdateRestartWithAutoRemove
--- PASS: TestUpdateRestartWithAutoRemove (0.53s)
=== RUN   TestWaitNonBlocked
=== RUN   TestWaitNonBlocked/wait-nonblocking-exit-0
=== PAUSE TestWaitNonBlocked/wait-nonblocking-exit-0
=== RUN   TestWaitNonBlocked/wait-nonblocking-exit-random
=== PAUSE TestWaitNonBlocked/wait-nonblocking-exit-random
=== CONT  TestWaitNonBlocked/wait-nonblocking-exit-0
=== CONT  TestWaitNonBlocked/wait-nonblocking-exit-random
--- PASS: TestWaitNonBlocked (0.02s)
    --- PASS: TestWaitNonBlocked/wait-nonblocking-exit-0 (0.59s)
    --- PASS: TestWaitNonBlocked/wait-nonblocking-exit-random (0.64s)
=== RUN   TestWaitBlocked
=== RUN   TestWaitBlocked/test-wait-blocked-exit-zero
=== PAUSE TestWaitBlocked/test-wait-blocked-exit-zero
=== RUN   TestWaitBlocked/test-wait-blocked-exit-random
=== PAUSE TestWaitBlocked/test-wait-blocked-exit-random
=== CONT  TestWaitBlocked/test-wait-blocked-exit-zero
=== CONT  TestWaitBlocked/test-wait-blocked-exit-random
--- PASS: TestWaitBlocked (0.02s)
    --- PASS: TestWaitBlocked/test-wait-blocked-exit-random (0.78s)
    --- PASS: TestWaitBlocked/test-wait-blocked-exit-zero (0.80s)
=== CONT  TestContainerStartOnDaemonRestart
--- PASS: TestContainerStartOnDaemonRestart (2.05s)
    daemon.go:296: [de4d6dfe6d18c] waiting for daemon to start
    daemon.go:328: [de4d6dfe6d18c] daemon started
    daemon.go:296: [de4d6dfe6d18c] waiting for daemon to start
    daemon.go:328: [de4d6dfe6d18c] daemon started
    daemon.go:283: [de4d6dfe6d18c] exiting daemon
PASS
Running /go/src/github.com/docker/docker/integration/build
INFO: Testing against a local daemon
=== RUN   TestBuildWithSession
--- PASS: TestBuildWithSession (4.49s)
    daemon.go:296: [d40114037bb1d] waiting for daemon to start
    daemon.go:328: [d40114037bb1d] daemon started
    daemon.go:283: [d40114037bb1d] exiting daemon
=== RUN   TestBuildSquashParent
--- PASS: TestBuildSquashParent (8.35s)
    daemon.go:296: [de565e45c34e1] waiting for daemon to start
    daemon.go:328: [de565e45c34e1] daemon started
    daemon.go:283: [de565e45c34e1] exiting daemon
=== RUN   TestBuildWithRemoveAndForceRemove
=== RUN   TestBuildWithRemoveAndForceRemove/successful_build_with_no_removal
=== PAUSE TestBuildWithRemoveAndForceRemove/successful_build_with_no_removal
=== RUN   TestBuildWithRemoveAndForceRemove/successful_build_with_remove
=== PAUSE TestBuildWithRemoveAndForceRemove/successful_build_with_remove
=== RUN   TestBuildWithRemoveAndForceRemove/successful_build_with_remove_and_force_remove
=== PAUSE TestBuildWithRemoveAndForceRemove/successful_build_with_remove_and_force_remove
=== RUN   TestBuildWithRemoveAndForceRemove/failed_build_with_no_removal
=== PAUSE TestBuildWithRemoveAndForceRemove/failed_build_with_no_removal
=== RUN   TestBuildWithRemoveAndForceRemove/failed_build_with_remove
=== PAUSE TestBuildWithRemoveAndForceRemove/failed_build_with_remove
=== RUN   TestBuildWithRemoveAndForceRemove/failed_build_with_remove_and_force_remove
=== PAUSE TestBuildWithRemoveAndForceRemove/failed_build_with_remove_and_force_remove
=== CONT  TestBuildWithRemoveAndForceRemove/successful_build_with_no_removal
=== CONT  TestBuildWithRemoveAndForceRemove/failed_build_with_no_removal
=== CONT  TestBuildWithRemoveAndForceRemove/successful_build_with_remove_and_force_remove
=== CONT  TestBuildWithRemoveAndForceRemove/successful_build_with_remove
=== CONT  TestBuildWithRemoveAndForceRemove/failed_build_with_remove_and_force_remove
=== CONT  TestBuildWithRemoveAndForceRemove/failed_build_with_remove
--- PASS: TestBuildWithRemoveAndForceRemove (0.02s)
    --- PASS: TestBuildWithRemoveAndForceRemove/failed_build_with_no_removal (2.27s)
    --- PASS: TestBuildWithRemoveAndForceRemove/successful_build_with_no_removal (2.34s)
    --- PASS: TestBuildWithRemoveAndForceRemove/successful_build_with_remove_and_force_remove (1.97s)
    --- PASS: TestBuildWithRemoveAndForceRemove/successful_build_with_remove (1.95s)
    --- PASS: TestBuildWithRemoveAndForceRemove/failed_build_with_remove (1.91s)
    --- PASS: TestBuildWithRemoveAndForceRemove/failed_build_with_remove_and_force_remove (1.99s)
=== RUN   TestBuildMultiStageParentConfig
--- PASS: TestBuildMultiStageParentConfig (4.32s)
=== RUN   TestBuildLabelWithTargets
--- PASS: TestBuildLabelWithTargets (8.00s)
=== RUN   TestBuildWithEmptyLayers
--- PASS: TestBuildWithEmptyLayers (2.99s)
=== RUN   TestBuildMultiStageOnBuild
--- PASS: TestBuildMultiStageOnBuild (5.02s)
=== RUN   TestBuildUncleanTarFilenames
--- PASS: TestBuildUncleanTarFilenames (0.70s)
=== RUN   TestBuildMultiStageLayerLeak
--- PASS: TestBuildMultiStageLayerLeak (4.30s)
=== RUN   TestBuildWithHugeFile
--- PASS: TestBuildWithHugeFile (145.49s)
PASS
Running /go/src/github.com/docker/docker/integration/volume
INFO: Testing against a local daemon
=== RUN   TestVolumesCreateAndList
--- PASS: TestVolumesCreateAndList (0.03s)
=== RUN   TestVolumesRemove
--- PASS: TestVolumesRemove (0.09s)
=== RUN   TestVolumesInspect
--- PASS: TestVolumesInspect (0.02s)
=== RUN   TestVolumesInvalidJSON
=== RUN   TestVolumesInvalidJSON//volumes/create
=== PAUSE TestVolumesInvalidJSON//volumes/create
=== CONT  TestVolumesInvalidJSON//volumes/create
--- PASS: TestVolumesInvalidJSON (0.02s)
    --- PASS: TestVolumesInvalidJSON//volumes/create (0.00s)
PASS
Running /go/src/github.com/docker/docker/integration/system
INFO: Testing against a local daemon
=== RUN   TestCgroupDriverSystemdMemoryLimit
=== PAUSE TestCgroupDriverSystemdMemoryLimit
=== RUN   TestEventsExecDie
--- PASS: TestEventsExecDie (0.65s)
=== RUN   TestEventsBackwardsCompatible
--- PASS: TestEventsBackwardsCompatible (0.07s)
=== RUN   TestInfoBinaryCommits
--- PASS: TestInfoBinaryCommits (0.02s)
=== RUN   TestInfoAPIVersioned
--- PASS: TestInfoAPIVersioned (0.01s)
=== RUN   TestInfoAPI
--- PASS: TestInfoAPI (0.02s)
=== RUN   TestInfoAPIWarnings
--- PASS: TestInfoAPIWarnings (0.73s)
    daemon.go:296: [d5316433a7369] waiting for daemon to start
    daemon.go:328: [d5316433a7369] daemon started
    daemon.go:283: [d5316433a7369] exiting daemon
=== RUN   TestLoginFailsWithBadCredentials
--- PASS: TestLoginFailsWithBadCredentials (1.29s)
=== RUN   TestVersion
--- PASS: TestVersion (0.01s)
=== CONT  TestCgroupDriverSystemdMemoryLimit
--- SKIP: TestCgroupDriverSystemdMemoryLimit (0.00s)
    cgroupdriver_systemd_test.go:35: systemd not available
PASS
Running /go/src/github.com/docker/docker/integration/image
INFO: Testing against a local daemon
=== RUN   TestCommitInheritsEnv
--- PASS: TestCommitInheritsEnv (1.88s)
=== RUN   TestImportExtremelyLargeImageWorks
=== PAUSE TestImportExtremelyLargeImageWorks
=== RUN   TestImagesFilterMultiReference
--- PASS: TestImagesFilterMultiReference (0.05s)
=== RUN   TestRemoveImageOrphaning
--- PASS: TestRemoveImageOrphaning (1.95s)
=== RUN   TestTagUnprefixedRepoByNameOrName
--- PASS: TestTagUnprefixedRepoByNameOrName (0.03s)
=== RUN   TestTagInvalidReference
--- PASS: TestTagInvalidReference (0.01s)
=== RUN   TestTagValidPrefixedRepo
--- PASS: TestTagValidPrefixedRepo (0.05s)
=== RUN   TestTagExistedNameWithoutForce
--- PASS: TestTagExistedNameWithoutForce (0.02s)
=== RUN   TestTagOfficialNames
--- PASS: TestTagOfficialNames (0.05s)
=== RUN   TestTagMatchesDigest
--- PASS: TestTagMatchesDigest (0.01s)
=== CONT  TestImportExtremelyLargeImageWorks
--- PASS: TestImportExtremelyLargeImageWorks (124.37s)
    daemon.go:296: [dfdac309a96d4] waiting for daemon to start
    daemon.go:328: [dfdac309a96d4] daemon started
    daemon.go:283: [dfdac309a96d4] exiting daemon
PASS
Running /go/src/github.com/docker/docker/integration-cli
INFO: Testing against a local daemon
PASS: docker_api_test.go:36: DockerSuite.TestAPIClientVersionOldNotSupported	0.006s
PASS: docker_api_network_test.go:239: DockerSuite.TestAPICreateDeletePredefinedNetworks	0.013s
PASS: docker_api_test.go:60: DockerSuite.TestAPIErrorJSON	0.002s
PASS: docker_api_test.go:91: DockerSuite.TestAPIErrorNotFoundJSON	0.001s
PASS: docker_api_test.go:102: DockerSuite.TestAPIErrorNotFoundPlainText	0.001s
PASS: docker_api_test.go:74: DockerSuite.TestAPIErrorPlainText	0.002s
PASS: docker_api_test.go:24: DockerSuite.TestAPIGetEnabledCORS	0.001s
PASS: docker_api_images_test.go:90: DockerSuite.TestAPIImagesDelete	1.774s
PASS: docker_api_images_test.go:22: DockerSuite.TestAPIImagesFilter	0.065s
PASS: docker_api_images_test.go:114: DockerSuite.TestAPIImagesHistory	0.885s
PASS: docker_api_images_test.go:140: DockerSuite.TestAPIImagesImportBadSrc	0.314s
PASS: docker_api_images_test.go:60: DockerSuite.TestAPIImagesSaveAndLoad	0.787s
PASS: docker_api_images_test.go:175: DockerSuite.TestAPIImagesSearchJSONContentType	0.724s
PASS: docker_api_images_test.go:187: DockerSuite.TestAPIImagesSizeCompatibility	0.007s
PASS: docker_api_network_test.go:129: DockerSuite.TestAPINetworkConnectDisconnect	0.607s
PASS: docker_api_network_test.go:29: DockerSuite.TestAPINetworkCreateCheckDuplicate	0.085s
PASS: docker_api_network_test.go:67: DockerSuite.TestAPINetworkFilter	0.002s
PASS: docker_api_network_test.go:20: DockerSuite.TestAPINetworkGetDefaults	0.003s
PASS: docker_api_network_test.go:170: DockerSuite.TestAPINetworkIPAMMultipleBridgeNetworks	0.574s
PASS: docker_api_network_test.go:73: DockerSuite.TestAPINetworkInspectBridge	0.368s
PASS: docker_api_network_test.go:98: DockerSuite.TestAPINetworkInspectUserDefinedNetwork	0.105s
PASS: docker_api_test.go:18: DockerSuite.TestAPIOptionsRoute	0.001s
PASS: docker_api_stats_test.go:263: DockerSuite.TestAPIStatsContainerNotFound	0.002s
PASS: docker_api_stats_test.go:99: DockerSuite.TestAPIStatsNetworkStats	3.827s
PASS: docker_api_stats_test.go:166: DockerSuite.TestAPIStatsNetworkStatsVersioning	1.810s
PASS: docker_api_stats_test.go:277: DockerSuite.TestAPIStatsNoStreamConnectedContainers	1.778s
PASS: docker_api_stats_test.go:25: DockerSuite.TestAPIStatsNoStreamGetCpu	1.688s
PASS: docker_api_stats_test.go:64: DockerSuite.TestAPIStatsStoppedContainerInGoroutines	0.378s
PASS: docker_cli_run_test.go:3181: DockerSuite.TestAppArmorDeniesChmodProc	0.534s
PASS: docker_cli_run_test.go:3159: DockerSuite.TestAppArmorDeniesPtrace	0.553s
PASS: docker_cli_run_test.go:3171: DockerSuite.TestAppArmorTraceSelf	0.496s
PASS: docker_cli_attach_unix_test.go:61: DockerSuite.TestAttachAfterDetach	1.474s
PASS: docker_cli_attach_unix_test.go:18: DockerSuite.TestAttachClosedOnContainerStop	1.512s
PASS: docker_cli_attach_unix_test.go:126: DockerSuite.TestAttachDetach	0.539s
PASS: docker_cli_attach_test.go:135: DockerSuite.TestAttachDisconnect	0.370s
PASS: docker_cli_attach_test.go:20: DockerSuite.TestAttachMultipleAndRestart	1.566s
PASS: docker_cli_attach_test.go:168: DockerSuite.TestAttachPausedContainer	0.382s
PASS: docker_cli_attach_test.go:90: DockerSuite.TestAttachTTYWithoutStdin	0.366s
PASS: docker_api_build_test.go:160: DockerSuite.TestBuildAPIBuildGitWithF	1.234s
PASS: docker_api_build_test.go:26: DockerSuite.TestBuildAPIDockerFileRemote	1.980s
PASS: docker_api_build_test.go:181: DockerSuite.TestBuildAPIDoubleDockerfile	0.994s
PASS: docker_api_build_test.go:142: DockerSuite.TestBuildAPILowerDockerfile	0.991s
PASS: docker_api_build_test.go:57: DockerSuite.TestBuildAPIRemoteTarballContext	0.003s
PASS: docker_api_build_test.go:88: DockerSuite.TestBuildAPIRemoteTarballContextWithCustomDockerfile	0.969s
PASS: docker_api_build_test.go:203: DockerSuite.TestBuildAPIUnnormalizedTarPaths	1.987s
PASS: docker_cli_build_test.go:573: DockerSuite.TestBuildAddAndCopyFileWithWhitespace	28.061s
PASS: docker_cli_build_test.go:926: DockerSuite.TestBuildAddBadLinks	0.915s
PASS: docker_cli_build_test.go:1006: DockerSuite.TestBuildAddBadLinksVolume	2.991s
PASS: docker_cli_build_test.go:2885: DockerSuite.TestBuildAddBrokenTar	0.155s
PASS: docker_api_build_test.go:479: DockerSuite.TestBuildAddCacheOnFileChange	1.812s
PASS: docker_cli_build_unix_test.go:87: DockerSuite.TestBuildAddChangeOwnership	2.987s
PASS: docker_cli_build_test.go:1863: DockerSuite.TestBuildAddCurrentDirWithCache	2.700s
PASS: docker_cli_build_test.go:1910: DockerSuite.TestBuildAddCurrentDirWithoutCache	1.425s
PASS: docker_cli_build_test.go:751: DockerSuite.TestBuildAddDirContentToExistingDir	8.818s
PASS: docker_cli_build_test.go:737: DockerSuite.TestBuildAddDirContentToRoot	4.979s
PASS: docker_cli_build_test.go:2189: DockerSuite.TestBuildAddFileNotFound	0.073s
PASS: docker_cli_build_test.go:1997: DockerSuite.TestBuildAddLocalAndRemoteFilesWithAndWithoutCache	3.902s
PASS: docker_cli_build_test.go:1807: DockerSuite.TestBuildAddMultipleLocalFileWithAndWithoutCache	6.983s
PASS: docker_cli_build_test.go:2936: DockerSuite.TestBuildAddNonTar	1.955s
PASS: docker_cli_build_test.go:785: DockerSuite.TestBuildAddOrCopyEtcToRootShouldNotConflict	0.427s
PASS: docker_cli_build_test.go:797: DockerSuite.TestBuildAddPreservesFilesSpecialBits	4.492s
PASS: docker_cli_build_test.go:1954: DockerSuite.TestBuildAddRemoteFileMTime	3.336s
PASS: docker_cli_build_test.go:1929: DockerSuite.TestBuildAddRemoteFileWithAndWithoutCache	0.756s
PASS: docker_api_build_test.go:364: DockerSuite.TestBuildAddRemoteNoDecompress	1.837s
PASS: docker_cli_build_test.go:2815: DockerSuite.TestBuildAddScript	3.992s
PASS: docker_cli_build_test.go:505: DockerSuite.TestBuildAddSingleFileToExistDir	8.972s
PASS: docker_cli_build_test.go:722: DockerSuite.TestBuildAddSingleFileToNonExistingDir	5.982s
PASS: docker_cli_build_test.go:466: DockerSuite.TestBuildAddSingleFileToRoot	3.980s
PASS: docker_cli_build_test.go:482: DockerSuite.TestBuildAddSingleFileToWorkdir	0.967s
PASS: docker_cli_build_test.go:2831: DockerSuite.TestBuildAddTar	12.980s
PASS: docker_cli_build_test.go:2949: DockerSuite.TestBuildAddTarXz	1.971s
PASS: docker_cli_build_test.go:2998: DockerSuite.TestBuildAddTarXzGz	1.970s
PASS: docker_cli_build_test.go:2245: DockerSuite.TestBuildAddToSymlinkDest	4.972s
PASS: docker_cli_build_test.go:767: DockerSuite.TestBuildAddWholeDirToRoot	7.968s
PASS: docker_cli_build_test.go:1440: DockerSuite.TestBuildBlankName	0.230s
PASS: docker_cli_build_test.go:4089: DockerSuite.TestBuildBuildTimeArg	3.277s
PASS: docker_cli_build_test.go:4461: DockerSuite.TestBuildBuildTimeArgBuiltinArg	2.896s
PASS: docker_cli_build_test.go:4183: DockerSuite.TestBuildBuildTimeArgCacheHit	1.578s
PASS: docker_cli_build_test.go:4207: DockerSuite.TestBuildBuildTimeArgCacheMissExtraArg	2.883s
PASS: docker_cli_build_test.go:4238: DockerSuite.TestBuildBuildTimeArgCacheMissSameArgDiffVal	1.978s
PASS: docker_cli_build_test.go:4484: DockerSuite.TestBuildBuildTimeArgDefaultOverride	4.497s
PASS: docker_cli_build_test.go:4623: DockerSuite.TestBuildBuildTimeArgDefinitionWithNoEnvInjection	1.423s
PASS: docker_cli_build_test.go:4607: DockerSuite.TestBuildBuildTimeArgEmptyValVariants	5.976s
PASS: docker_cli_build_test.go:4526: DockerSuite.TestBuildBuildTimeArgEnv	17.981s
PASS: docker_cli_build_test.go:4319: DockerSuite.TestBuildBuildTimeArgExpansion	14.046s
PASS: docker_cli_build_test.go:4409: DockerSuite.TestBuildBuildTimeArgExpansionOverride	5.427s
PASS: docker_cli_build_test.go:4122: DockerSuite.TestBuildBuildTimeArgHistory	0.469s
PASS: docker_cli_build_test.go:4263: DockerSuite.TestBuildBuildTimeArgOverrideArgDefinedBeforeEnv	2.469s
PASS: docker_cli_build_test.go:4292: DockerSuite.TestBuildBuildTimeArgOverrideEnvDefinedBeforeArg	3.951s
PASS: docker_cli_build_test.go:4586: DockerSuite.TestBuildBuildTimeArgQuotedValVariants	8.459s
PASS: docker_cli_build_test.go:4510: DockerSuite.TestBuildBuildTimeArgUnconsumedArg	1.976s
PASS: docker_cli_build_test.go:4437: DockerSuite.TestBuildBuildTimeArgUntrustedDefinedAfterUse	2.461s
PASS: docker_cli_build_test.go:371: DockerSuite.TestBuildCacheAdd	0.459s
PASS: docker_cli_build_test.go:4760: DockerSuite.TestBuildCacheBrokenSymlink	1.992s
PASS: docker_cli_build_test.go:5411: DockerSuite.TestBuildCacheFrom	8.005s
PASS: docker_cli_build_test.go:5389: DockerSuite.TestBuildCacheFromEqualDiffIDsLength	2.050s
PASS: docker_cli_build_test.go:4872: DockerSuite.TestBuildCacheRootSource	1.848s
PASS: docker_cli_build_unix_test.go:133: DockerSuite.TestBuildCancellationKillsSleep	0.495s
PASS: docker_api_build_test.go:408: DockerSuite.TestBuildChownOnCopy	7.326s
PASS: docker_cli_build_test.go:3574: DockerSuite.TestBuildChownSingleFile	2.996s
PASS: docker_cli_build_test.go:3137: DockerSuite.TestBuildCleanupCmdOnEntrypoint	3.004s
PASS: docker_cli_build_test.go:3156: DockerSuite.TestBuildClearCmd	1.965s
PASS: docker_cli_build_test.go:1577: DockerSuite.TestBuildCmd	0.977s
PASS: docker_cli_build_test.go:3240: DockerSuite.TestBuildCmdJSONNoShDashC	0.977s
PASS: docker_cli_build_test.go:3199: DockerSuite.TestBuildCmdShDashC	0.984s
SKIP: docker_cli_build_test.go:5339: DockerSuite.TestBuildCmdShellArgsEscaped (unmatched requirement DaemonIsWindows)
PASS: docker_cli_build_test.go:3214: DockerSuite.TestBuildCmdSpaces	3.977s
PASS: docker_cli_build_test.go:2645: DockerSuite.TestBuildCommentsShebangs	5.991s
PASS: docker_cli_build_test.go:1773: DockerSuite.TestBuildConditionalCache	2.076s
PASS: docker_cli_build_test.go:5600: DockerSuite.TestBuildContChar	2.873s
PASS: docker_cli_build_test.go:3973: DockerSuite.TestBuildContainerWithCgroupParent	0.985s
PASS: docker_cli_build_test.go:1512: DockerSuite.TestBuildContextCleanup	0.977s
PASS: docker_cli_build_test.go:1534: DockerSuite.TestBuildContextCleanupFailedBuild	0.504s
PASS: docker_cli_build_test.go:2045: DockerSuite.TestBuildContextTarGzip	1.474s
PASS: docker_cli_build_test.go:2049: DockerSuite.TestBuildContextTarNoCompression	0.986s
PASS: docker_cli_build_test.go:521: DockerSuite.TestBuildCopyAddMultipleFiles	13.991s
PASS: docker_api_build_test.go:438: DockerSuite.TestBuildCopyCacheOnFileChange	1.959s
PASS: docker_cli_build_test.go:1839: DockerSuite.TestBuildCopyDirButNotFile	0.327s
PASS: docker_cli_build_test.go:893: DockerSuite.TestBuildCopyDirContentToExistDir	3.638s
PASS: docker_cli_build_test.go:879: DockerSuite.TestBuildCopyDirContentToRoot	4.973s
PASS: docker_cli_build_test.go:6024: DockerSuite.TestBuildCopyFileDotWithWorkdir	2.975s
SKIP: docker_cli_build_test.go:606: DockerSuite.TestBuildCopyFileWithWhitespaceOnWindows (unmatched requirement DaemonIsWindows)
SKIP: docker_cli_build_test.go:5897: DockerSuite.TestBuildCopyFromForbidWindowsRelativePaths (unmatched requirement DaemonIsWindows)
SKIP: docker_cli_build_test.go:5880: DockerSuite.TestBuildCopyFromForbidWindowsSystemPaths (unmatched requirement DaemonIsWindows)
SKIP: docker_cli_build_test.go:5915: DockerSuite.TestBuildCopyFromWindowsIsCaseInsensitive (unmatched requirement DaemonIsWindows)
PASS: docker_cli_build_test.go:848: DockerSuite.TestBuildCopySingleFileToExistDir	4.886s
PASS: docker_cli_build_test.go:864: DockerSuite.TestBuildCopySingleFileToNonExistDir	5.987s
PASS: docker_cli_build_test.go:810: DockerSuite.TestBuildCopySingleFileToRoot	3.986s
PASS: docker_cli_build_test.go:826: DockerSuite.TestBuildCopySingleFileToWorkdir	0.982s
PASS: docker_cli_build_test.go:909: DockerSuite.TestBuildCopyWholeDirToRoot	6.979s
PASS: docker_cli_build_test.go:636: DockerSuite.TestBuildCopyWildcard	8.075s
PASS: docker_cli_build_test.go:696: DockerSuite.TestBuildCopyWildcardCache	0.959s
PASS: docker_cli_build_test.go:676: DockerSuite.TestBuildCopyWildcardInName	1.899s
PASS: docker_cli_build_test.go:5140: DockerSuite.TestBuildDeleteCommittedFile	3.956s
PASS: docker_cli_build_test.go:2068: DockerSuite.TestBuildDockerfileStdin	1.993s
PASS: docker_cli_build_test.go:2088: DockerSuite.TestBuildDockerfileStdinConflict	0.012s
PASS: docker_cli_build_test.go:2102: DockerSuite.TestBuildDockerfileStdinDockerignore	1.435s
PASS: docker_cli_build_test.go:2106: DockerSuite.TestBuildDockerfileStdinDockerignoreIgnored	0.993s
PASS: docker_cli_build_test.go:2098: DockerSuite.TestBuildDockerfileStdinNoExtraFiles	0.968s
PASS: docker_cli_build_test.go:2296: DockerSuite.TestBuildDockerignore	11.445s
PASS: docker_cli_build_test.go:2334: DockerSuite.TestBuildDockerignoreCleanPaths	1.986s
PASS: docker_cli_build_test.go:5150: DockerSuite.TestBuildDockerignoreComment	3.987s
PASS: docker_cli_build_test.go:2348: DockerSuite.TestBuildDockerignoreExceptions	12.972s
PASS: docker_cli_build_test.go:2445: DockerSuite.TestBuildDockerignoreTouchDockerfile	1.263s
PASS: docker_cli_build_test.go:2521: DockerSuite.TestBuildDockerignoringBadExclusion	0.012s
PASS: docker_cli_build_test.go:2393: DockerSuite.TestBuildDockerignoringDockerfile	5.658s
PASS: docker_cli_build_test.go:2432: DockerSuite.TestBuildDockerignoringDockerignore	2.983s
PASS: docker_cli_build_test.go:2504: DockerSuite.TestBuildDockerignoringOnlyDotfiles	2.985s
PASS: docker_cli_build_test.go:2411: DockerSuite.TestBuildDockerignoringRenamedDockerfile	7.975s
PASS: docker_cli_build_test.go:2487: DockerSuite.TestBuildDockerignoringWholeDir	2.970s
PASS: docker_cli_build_test.go:2560: DockerSuite.TestBuildDockerignoringWildDirs	2.976s
PASS: docker_cli_build_test.go:2538: DockerSuite.TestBuildDockerignoringWildTopDir	18.999s
PASS: docker_cli_build_test.go:3944: DockerSuite.TestBuildDotDotFile	0.088s
PASS: docker_cli_build_test.go:2634: DockerSuite.TestBuildEOLInLine	4.851s
PASS: docker_cli_build_test.go:3168: DockerSuite.TestBuildEmptyCmd	0.998s
PASS: docker_cli_build_test.go:1704: DockerSuite.TestBuildEmptyEntrypoint	0.985s
PASS: docker_cli_build_test.go:1681: DockerSuite.TestBuildEmptyEntrypointInheritance	1.982s
PASS: docker_cli_build_test.go:3936: DockerSuite.TestBuildEmptyScratch	0.077s
PASS: docker_cli_build_test.go:3961: DockerSuite.TestBuildEmptyStringVolume	0.875s
PASS: docker_cli_build_test.go:1718: DockerSuite.TestBuildEntrypoint	1.005s
PASS: docker_cli_build_test.go:3251: DockerSuite.TestBuildEntrypointCanBeOverriddenByChild	2.503s
PASS: docker_cli_build_test.go:3271: DockerSuite.TestBuildEntrypointCanBeOverriddenByChildInspect	1.967s
PASS: docker_cli_build_test.go:2170: DockerSuite.TestBuildEntrypointRunCleanup	3.433s
PASS: docker_cli_build_test.go:1469: DockerSuite.TestBuildEnv	2.988s
PASS: docker_cli_build_test.go:302: DockerSuite.TestBuildEnvEscapes	2.485s
PASS: docker_cli_build_test.go:319: DockerSuite.TestBuildEnvOverwrite	0.956s
PASS: docker_cli_build_test.go:2715: DockerSuite.TestBuildEnvUsage	16.456s
PASS: docker_cli_build_test.go:2746: DockerSuite.TestBuildEnvUsage2	46.991s
PASS: docker_cli_build_test.go:147: DockerSuite.TestBuildEnvironmentReplacementAddCopy	7.959s
PASS: docker_cli_build_test.go:171: DockerSuite.TestBuildEnvironmentReplacementEnv	18.994s
PASS: docker_cli_build_test.go:102: DockerSuite.TestBuildEnvironmentReplacementExpose	3.959s
PASS: docker_cli_build_test.go:60: DockerSuite.TestBuildEnvironmentReplacementUser	1.954s
PASS: docker_cli_build_test.go:77: DockerSuite.TestBuildEnvironmentReplacementVolume	1.968s
PASS: docker_cli_build_test.go:127: DockerSuite.TestBuildEnvironmentReplacementWorkdir	2.974s
SKIP: docker_cli_build_test.go:5317: DockerSuite.TestBuildEscapeNotBackslashWordTest (unmatched requirement DaemonIsWindows)
PASS: docker_cli_build_test.go:2263: DockerSuite.TestBuildEscapeWhitespace	0.925s
PASS: docker_cli_build_test.go:3302: DockerSuite.TestBuildExoticShellInterpolation	12.959s
PASS: docker_cli_build_test.go:1590: DockerSuite.TestBuildExpose	0.967s
PASS: docker_cli_build_test.go:1604: DockerSuite.TestBuildExposeMorePorts	1.052s
PASS: docker_cli_build_test.go:1653: DockerSuite.TestBuildExposeOrder	0.965s
PASS: docker_cli_build_test.go:1669: DockerSuite.TestBuildExposeUpperCaseProto	0.861s
PASS: docker_cli_build_test.go:2227: DockerSuite.TestBuildFails	0.538s
PASS: docker_cli_build_test.go:4897: DockerSuite.TestBuildFailsGitNotCallable	0.023s
PASS: docker_cli_build_test.go:4817: DockerSuite.TestBuildFollowSymlinkToDir	1.869s
PASS: docker_cli_build_test.go:4787: DockerSuite.TestBuildFollowSymlinkToFile	1.951s
PASS: docker_cli_build_test.go:1170: DockerSuite.TestBuildForceRm	1.964s
PASS: docker_cli_build_test.go:3051: DockerSuite.TestBuildFromGit	2.474s
PASS: docker_cli_build_test.go:3070: DockerSuite.TestBuildFromGitWithContext	0.978s
PASS: docker_cli_build_test.go:3089: DockerSuite.TestBuildFromGitWithF	0.970s
PASS: docker_cli_build_test.go:3701: DockerSuite.TestBuildFromMixedcaseDockerfile	1.978s
PASS: docker_cli_build_test.go:3777: DockerSuite.TestBuildFromOfficialNames	0.561s
PASS: docker_cli_build_test.go:3102: DockerSuite.TestBuildFromRemoteTarball	0.416s
PASS: docker_cli_build_test.go:3752: DockerSuite.TestBuildFromStdinWithF	2.970s
PASS: docker_cli_build_test.go:3725: DockerSuite.TestBuildFromURLWithF	2.988s
PASS: docker_cli_build_test.go:234: DockerSuite.TestBuildHandleEscapesInVolume	5.992s
PASS: docker_cli_history_test.go:16: DockerSuite.TestBuildHistory	25.969s
PASS: docker_cli_build_test.go:6157: DockerSuite.TestBuildIidFile	1.973s
PASS: docker_cli_build_test.go:6182: DockerSuite.TestBuildIidFileCleanupOnFail	0.523s
PASS: docker_cli_build_test.go:2206: DockerSuite.TestBuildInheritance	1.431s
PASS: docker_cli_build_test.go:5954: DockerSuite.TestBuildIntermediateTarget	0.274s
PASS: docker_cli_build_test.go:3191: DockerSuite.TestBuildInvalidTag	0.013s
PASS: docker_cli_build_test.go:34: DockerSuite.TestBuildJSONEmptyRun	0.707s
PASS: docker_cli_build_test.go:4923: DockerSuite.TestBuildLabel	1.904s
PASS: docker_cli_build_test.go:4954: DockerSuite.TestBuildLabelCacheCommit	0.981s
PASS: docker_cli_build_test.go:4975: DockerSuite.TestBuildLabelMultiple	1.986s
PASS: docker_cli_build_test.go:4940: DockerSuite.TestBuildLabelOneNode	0.986s
PASS: docker_cli_build_test.go:3373: DockerSuite.TestBuildLabels	1.989s
PASS: docker_cli_build_test.go:3385: DockerSuite.TestBuildLabelsCache	2.050s
PASS: docker_cli_build_test.go:5061: DockerSuite.TestBuildLabelsOverride	11.891s
PASS: docker_cli_build_test.go:391: DockerSuite.TestBuildLastModified	5.461s
PASS: docker_cli_build_test.go:2623: DockerSuite.TestBuildLineBreak	4.406s
PASS: docker_cli_build_test.go:6086: DockerSuite.TestBuildLineErrorOnBuild	0.075s
PASS: docker_cli_build_test.go:6097: DockerSuite.TestBuildLineErrorUnknownInstruction	0.070s
PASS: docker_cli_build_test.go:6128: DockerSuite.TestBuildLineErrorWithComments	0.075s
PASS: docker_cli_build_test.go:6111: DockerSuite.TestBuildLineErrorWithEmptyLines	0.072s
PASS: docker_cli_build_test.go:1267: DockerSuite.TestBuildMaintainer	0.642s
PASS: docker_cli_build_test.go:3891: DockerSuite.TestBuildMissingArgs	1.105s
PASS: docker_cli_build_test.go:444: DockerSuite.TestBuildModifyFileInFolder	2.876s
PASS: docker_cli_build_test.go:5934: DockerSuite.TestBuildMulitStageResetScratch	1.967s
PASS: docker_cli_build_test.go:4637: DockerSuite.TestBuildMultiStageArg	6.062s
PASS: docker_cli_build_test.go:5505: DockerSuite.TestBuildMultiStageCache	0.971s
PASS: docker_cli_build_test.go:5684: DockerSuite.TestBuildMultiStageCopyFromErrors	2.145s
PASS: docker_cli_build_test.go:5626: DockerSuite.TestBuildMultiStageCopyFromSyntax	15.743s
PASS: docker_cli_build_test.go:4661: DockerSuite.TestBuildMultiStageGlobalArg	4.913s
PASS: docker_cli_build_test.go:5764: DockerSuite.TestBuildMultiStageImplicitFrom	1.863s
PASS: docker_cli_build_test.go:5731: DockerSuite.TestBuildMultiStageMultipleBuilds	3.977s
SKIP: docker_cli_build_test.go:5846: DockerSuite.TestBuildMultiStageMultipleBuildsWindows (unmatched requirement DaemonIsWindows)
PASS: docker_cli_build_test.go:5821: DockerSuite.TestBuildMultiStageNameVariants	6.435s
PASS: docker_cli_build_test.go:4686: DockerSuite.TestBuildMultiStageUnusedArg	2.950s
PASS: docker_cli_build_test.go:4747: DockerSuite.TestBuildMultipleTags	0.449s
PASS: docker_cli_build_test.go:5541: DockerSuite.TestBuildNetContainer	1.456s
PASS: docker_cli_build_test.go:5529: DockerSuite.TestBuildNetNone	0.476s
PASS: docker_cli_build_test.go:2053: DockerSuite.TestBuildNoContext	1.291s
PASS: docker_cli_build_test.go:4001: DockerSuite.TestBuildNoDupOutput	1.449s
PASS: docker_cli_build_test.go:4706: DockerSuite.TestBuildNoNamedVolume	1.506s
PASS: docker_cli_build_test.go:3498: DockerSuite.TestBuildNotVerboseFailure	0.300s
PASS: docker_cli_build_test.go:3526: DockerSuite.TestBuildNotVerboseFailureRemote	0.034s
PASS: docker_cli_build_test.go:3477: DockerSuite.TestBuildNotVerboseFailureWithNonExistImage	2.381s
PASS: docker_cli_build_test.go:3426: DockerSuite.TestBuildNotVerboseSuccess	0.304s
PASS: docker_cli_build_test.go:4051: DockerSuite.TestBuildNullStringInAddCopyVolume	2.383s
PASS: docker_cli_build_test.go:2236: DockerSuite.TestBuildOnBuild	2.988s
PASS: docker_api_build_test.go:285: DockerSuite.TestBuildOnBuildCache	2.973s
PASS: docker_cli_build_test.go:337: DockerSuite.TestBuildOnBuildCmdEntrypointJSON	6.771s
PASS: docker_cli_build_test.go:354: DockerSuite.TestBuildOnBuildEntrypointJSON	5.446s
PASS: docker_cli_build_test.go:1733: DockerSuite.TestBuildOnBuildLimitedInheritance	3.678s
PASS: docker_cli_build_test.go:278: DockerSuite.TestBuildOnBuildLowercase	1.892s
PASS: docker_cli_build_test.go:3181: DockerSuite.TestBuildOnBuildOutput	2.982s
PASS: docker_api_build_test.go:260: DockerSuite.TestBuildOnBuildWithCopy	1.114s
PASS: docker_cli_build_test.go:5992: DockerSuite.TestBuildOpaqueDirectory	3.864s
PASS: docker_cli_build_test.go:1483: DockerSuite.TestBuildPATH	7.999s
PASS: docker_cli_build_test.go:4029: DockerSuite.TestBuildRUNErrMsg	0.568s
PASS: docker_cli_build_test.go:3951: DockerSuite.TestBuildRUNoneJSON	1.352s
PASS: docker_cli_build_test.go:1401: DockerSuite.TestBuildRelativeCopy	19.993s
PASS: docker_cli_build_test.go:1294: DockerSuite.TestBuildRelativeWorkdir	6.987s
PASS: docker_cli_build_unix_test.go:27: DockerSuite.TestBuildResourceConstraintsAreUsed	2.518s
PASS: docker_cli_build_test.go:1189: DockerSuite.TestBuildRm	3.409s
PASS: docker_cli_build_test.go:3295: DockerSuite.TestBuildRunShEntrypoint	1.468s
PASS: docker_cli_build_test.go:1751: DockerSuite.TestBuildSameDockerfileWithAndWithoutCache	5.453s
PASS: docker_api_build_test.go:520: DockerSuite.TestBuildScratchCopy	0.956s
PASS: docker_cli_build_test.go:6142: DockerSuite.TestBuildSetCommandWithDefinedShell	2.007s
PASS: docker_cli_build_test.go:41: DockerSuite.TestBuildShCmdJSONEntrypoint	2.482s
PASS: docker_cli_build_test.go:5264: DockerSuite.TestBuildShellEntrypoint	1.996s
PASS: docker_cli_build_test.go:5279: DockerSuite.TestBuildShellInherited	1.436s
PASS: docker_cli_build_test.go:5228: DockerSuite.TestBuildShellMultiple	6.484s
PASS: docker_cli_build_test.go:5292: DockerSuite.TestBuildShellNotJSON	0.080s
PASS: docker_cli_build_test.go:5211: DockerSuite.TestBuildShellUpdatesConfig	0.398s
SKIP: docker_cli_build_test.go:5305: DockerSuite.TestBuildShellWindowsPowershell (unmatched requirement DaemonIsWindows)
PASS: docker_cli_build_test.go:3795: DockerSuite.TestBuildSpaces	0.288s
PASS: docker_cli_build_test.go:3858: DockerSuite.TestBuildSpacesWithQuotes	0.708s
PASS: docker_cli_build_test.go:4018: DockerSuite.TestBuildStartsFromOne	0.080s
PASS: docker_cli_build_test.go:3556: DockerSuite.TestBuildStderr	0.836s
PASS: docker_cli_build_test.go:5360: DockerSuite.TestBuildStepsWithProgress	4.985s
PASS: docker_cli_build_test.go:4071: DockerSuite.TestBuildStopSignal	1.338s
PASS: docker_cli_build_test.go:4851: DockerSuite.TestBuildSymlinkBasename	0.955s
PASS: docker_cli_build_test.go:3598: DockerSuite.TestBuildSymlinkBreakout	1.461s
PASS: docker_cli_build_test.go:4723: DockerSuite.TestBuildTagEvent	1.001s
PASS: docker_cli_build_test.go:4143: DockerSuite.TestBuildTimeArgHistoryExclusions	3.084s
PASS: docker_cli_build_test.go:1280: DockerSuite.TestBuildUser	2.887s
PASS: docker_cli_build_test.go:554: DockerSuite.TestBuildUsernamespaceValidateRemappedRoot	5.988s
PASS: docker_cli_build_test.go:2659: DockerSuite.TestBuildUsersAndGroups	29.971s
PASS: docker_cli_build_test.go:3344: DockerSuite.TestBuildVerboseOut	0.967s
PASS: docker_cli_build_test.go:2281: DockerSuite.TestBuildVerifyIntString	0.996s
PASS: docker_cli_build_test.go:3327: DockerSuite.TestBuildVerifySingleQuoteFails	1.492s
PASS: docker_cli_build_test.go:3878: DockerSuite.TestBuildVolumeFileExistsinContainer	1.501s
PASS: docker_cli_build_test.go:3671: DockerSuite.TestBuildVolumesRetainContents	3.469s
SKIP: docker_cli_build_test.go:1347: DockerSuite.TestBuildWindowsAddCopyPathProcessing (unmatched requirement DaemonIsWindows)
SKIP: docker_cli_build_test.go:6037: DockerSuite.TestBuildWindowsEnvCaseInsensitive (unmatched requirement DaemonIsWindows)
SKIP: docker_cli_build_test.go:6007: DockerSuite.TestBuildWindowsUser (unmatched requirement DaemonIsWindows)
SKIP: docker_cli_build_test.go:1336: DockerSuite.TestBuildWindowsWorkdirProcessing (unmatched requirement DaemonIsWindows)
PASS: docker_cli_build_test.go:5557: DockerSuite.TestBuildWithExtraHost	2.389s
PASS: docker_cli_build_test.go:5573: DockerSuite.TestBuildWithExtraHostInvalidFormat	0.055s
PASS: docker_cli_build_test.go:5371: DockerSuite.TestBuildWithFailure	0.641s
PASS: docker_cli_build_test.go:1049: DockerSuite.TestBuildWithInaccessibleFilesInContext	0.547s
PASS: docker_cli_build_test.go:3358: DockerSuite.TestBuildWithTabs	0.727s
PASS: docker_cli_build_test.go:5184: DockerSuite.TestBuildWithUTF8BOM	0.081s
PASS: docker_cli_build_test.go:5194: DockerSuite.TestBuildWithUTF8BOMDockerignore	3.841s
PASS: docker_cli_build_test.go:2150: DockerSuite.TestBuildWithVolumeOwnership	2.527s
PASS: docker_cli_build_test.go:1232: DockerSuite.TestBuildWithVolumes	4.461s
PASS: docker_cli_build_test.go:6072: DockerSuite.TestBuildWorkdirCmd	1.039s
PASS: docker_cli_build_test.go:6051: DockerSuite.TestBuildWorkdirImageCmd	1.914s
SKIP: docker_cli_build_test.go:4912: DockerSuite.TestBuildWorkdirWindowsPath (unmatched requirement DaemonIsWindows)
PASS: docker_cli_build_test.go:1380: DockerSuite.TestBuildWorkdirWithEnvVariables	3.964s
PASS: docker_cli_build_test.go:3653: DockerSuite.TestBuildXZHost	3.964s
PASS: docker_cli_proxy_test.go:12: DockerSuite.TestCLIProxyDisableProxyUnixSock	0.024s
SKIP: docker_cli_sni_test.go:16: DockerSuite.TestClientSetsTLSServerName (Flakey test)
PASS: docker_cli_run_test.go:3683: DockerSuite.TestCmdCannotBeInvoked	0.445s
PASS: docker_cli_commit_test.go:12: DockerSuite.TestCommitAfterContainerIsDone	1.425s
PASS: docker_cli_commit_test.go:106: DockerSuite.TestCommitChange	1.084s
PASS: docker_cli_commit_test.go:156: DockerSuite.TestCommitChangeLabels	0.881s
PASS: docker_cli_commit_test.go:67: DockerSuite.TestCommitHardlink	1.459s
PASS: docker_cli_commit_test.go:56: DockerSuite.TestCommitNewFile	1.939s
PASS: docker_cli_commit_test.go:42: DockerSuite.TestCommitPausedContainer	0.499s
PASS: docker_cli_commit_test.go:87: DockerSuite.TestCommitTTY	1.219s
PASS: docker_cli_images_test.go:103: DockerSuite.TestCommitWithFilterLabel	1.473s
PASS: docker_cli_commit_test.go:96: DockerSuite.TestCommitWithHostBindMount	1.473s
PASS: docker_cli_commit_test.go:26: DockerSuite.TestCommitWithoutPause	1.435s
PASS: docker_cli_netmode_test.go:55: DockerSuite.TestConflictContainerNetworkAndLinks	0.018s
PASS: docker_cli_netmode_test.go:62: DockerSuite.TestConflictContainerNetworkHostAndLinks	0.013s
PASS: docker_cli_netmode_test.go:76: DockerSuite.TestConflictNetworkModeAndOptions	0.084s
PASS: docker_cli_netmode_test.go:69: DockerSuite.TestConflictNetworkModeNetHostAndOptions	0.015s
PASS: docker_api_containers_test.go:543: DockerSuite.TestContainerAPIBadPort	0.004s
PASS: docker_api_containers_test.go:1289: DockerSuite.TestContainerAPIChunkedEncoding	0.042s
PASS: docker_api_containers_test.go:489: DockerSuite.TestContainerAPICommit	1.227s
PASS: docker_api_containers_test.go:511: DockerSuite.TestContainerAPICommitWithLabelInConfig	1.969s
PASS: docker_api_containers_test.go:1155: DockerSuite.TestContainerAPICopyContainerNotFoundPr124	0.001s
PASS: docker_api_containers_test.go:1070: DockerSuite.TestContainerAPICopyNotExistsAnyMore	0.500s
PASS: docker_api_containers_test.go:1083: DockerSuite.TestContainerAPICopyPre124	0.558s
PASS: docker_api_containers_test.go:1113: DockerSuite.TestContainerAPICopyResourcePathEmptyPre124	0.527s
PASS: docker_api_containers_test.go:1134: DockerSuite.TestContainerAPICopyResourcePathNotFoundPre124	0.538s
PASS: docker_api_containers_test.go:570: DockerSuite.TestContainerAPICreate	0.536s
PASS: docker_api_containers_test.go:649: DockerSuite.TestContainerAPICreateBridgeNetworkMode	0.050s
PASS: docker_api_containers_test.go:587: DockerSuite.TestContainerAPICreateEmptyConfig	0.002s
PASS: docker_api_containers_test.go:1997: DockerSuite.TestContainerAPICreateMountsBindRead	0.497s
PASS: docker_api_containers_test.go:599: DockerSuite.TestContainerAPICreateMultipleNetworksConfig	0.003s
PASS: docker_api_containers_test.go:1409: DockerSuite.TestContainerAPICreateNoHostConfig118	0.044s
PASS: docker_api_containers_test.go:655: DockerSuite.TestContainerAPICreateOtherNetworkModes	0.084s
PASS: docker_api_containers_test.go:684: DockerSuite.TestContainerAPICreateWithCpuSharesCpuset	0.068s
PASS: docker_api_containers_test.go:626: DockerSuite.TestContainerAPICreateWithHostName	0.044s
PASS: docker_api_containers_test.go:1166: DockerSuite.TestContainerAPIDelete	0.540s
PASS: docker_api_containers_test.go:1239: DockerSuite.TestContainerAPIDeleteConflict	0.370s
PASS: docker_api_containers_test.go:1191: DockerSuite.TestContainerAPIDeleteForce	0.567s
PASS: docker_api_containers_test.go:1182: DockerSuite.TestContainerAPIDeleteNotExist	0.002s
PASS: docker_api_containers_test.go:1208: DockerSuite.TestContainerAPIDeleteRemoveLinks	0.830s
PASS: docker_api_containers_test.go:1254: DockerSuite.TestContainerAPIDeleteRemoveVolume	0.560s
PASS: docker_api_containers_test.go:1648: DockerSuite.TestContainerAPIDeleteWithEmptyName	0.010s
PASS: docker_api_containers_test.go:41: DockerSuite.TestContainerAPIGetAll	0.544s
PASS: docker_api_containers_test.go:167: DockerSuite.TestContainerAPIGetChanges	0.532s
PASS: docker_api_containers_test.go:140: DockerSuite.TestContainerAPIGetExport	0.533s
PASS: docker_api_containers_test.go:61: DockerSuite.TestContainerAPIGetJSONNoFieldsOmitted	0.567s
PASS: docker_api_containers_test.go:756: DockerSuite.TestContainerAPIInvalidPortSyntax	0.011s
PASS: docker_api_containers_test.go:957: DockerSuite.TestContainerAPIKill	0.660s
PASS: docker_api_containers_test.go:404: DockerSuite.TestContainerAPIPause	0.385s
PASS: docker_api_containers_test.go:1309: DockerSuite.TestContainerAPIPostContainerStop	0.567s
PASS: docker_api_containers_test.go:872: DockerSuite.TestContainerAPIPostCreateNull	0.094s
PASS: docker_api_containers_test.go:107: DockerSuite.TestContainerAPIPsOmitFields	0.337s
PASS: docker_api_containers_test.go:940: DockerSuite.TestContainerAPIRename	0.395s
PASS: docker_api_containers_test.go:972: DockerSuite.TestContainerAPIRestart	0.909s
PASS: docker_api_containers_test.go:986: DockerSuite.TestContainerAPIRestartNotimeoutParam	0.891s
PASS: docker_api_containers_test.go:854: DockerSuite.TestContainerAPIRestartPolicyDefaultRetryCount	0.050s
PASS: docker_api_containers_test.go:782: DockerSuite.TestContainerAPIRestartPolicyInvalidPolicyName	0.002s
PASS: docker_api_containers_test.go:830: DockerSuite.TestContainerAPIRestartPolicyNegativeRetryCount	0.002s
PASS: docker_api_containers_test.go:806: DockerSuite.TestContainerAPIRestartPolicyRetryMismatch	0.002s
PASS: docker_api_containers_test.go:1002: DockerSuite.TestContainerAPIStart	0.341s
PASS: docker_api_containers_test.go:1657: DockerSuite.TestContainerAPIStatsWithNetworkDisabled	4.381s
PASS: docker_api_containers_test.go:1028: DockerSuite.TestContainerAPIStop	0.532s
PASS: docker_api_containers_test.go:435: DockerSuite.TestContainerAPITop	0.365s
SKIP: docker_api_containers_test.go:458: DockerSuite.TestContainerAPITopWindows (unmatched requirement DaemonIsWindows)
PASS: docker_api_containers_test.go:715: DockerSuite.TestContainerAPIVerifyHeader	0.046s
PASS: docker_api_containers_test.go:1047: DockerSuite.TestContainerAPIWait	2.508s
PASS: docker_api_containers_test.go:2293: DockerSuite.TestContainerKillCustomStopSignal	0.556s
PASS: docker_cli_run_test.go:2410: DockerSuite.TestContainerNetworkMode	0.655s
PASS: docker_cli_run_test.go:3531: DockerSuite.TestContainerRestartInMultipleNetworks	2.368s
PASS: docker_cli_run_test.go:3563: DockerSuite.TestContainerWithConflictingHostNetworks	0.306s
PASS: docker_cli_run_test.go:3594: DockerSuite.TestContainerWithConflictingNoneNetwork	0.791s
PASS: docker_cli_run_test.go:3577: DockerSuite.TestContainerWithConflictingSharedNetwork	0.673s
PASS: docker_api_containers_test.go:2028: DockerSuite.TestContainersAPICreateMountsCreate	21.440s
PASS: docker_api_containers_test.go:2243: DockerSuite.TestContainersAPICreateMountsTmpfs	1.031s
PASS: docker_api_containers_test.go:1706: DockerSuite.TestContainersAPICreateMountsValidation	0.416s
PASS: docker_cli_run_test.go:3467: DockerSuite.TestContainersInMultipleNetworks	1.192s
PASS: docker_cli_run_test.go:3459: DockerSuite.TestContainersInUserDefinedNetwork	1.028s
PASS: docker_cli_run_test.go:3486: DockerSuite.TestContainersNetworkIsolation	1.929s
PASS: docker_cli_cp_test.go:582: DockerSuite.TestCopyAndRestart	1.045s
PASS: docker_cli_cp_test.go:603: DockerSuite.TestCopyCreatedContainer	0.090s
PASS: docker_cli_cp_test.go:128: DockerSuite.TestCpAbsolutePath	0.560s
PASS: docker_cli_cp_test.go:171: DockerSuite.TestCpAbsoluteSymlink	0.572s
PASS: docker_cli_cp_to_container_unix_test.go:41: DockerSuite.TestCpCheckDestOwnership	0.709s
PASS: docker_cli_cp_from_container_test.go:119: DockerSuite.TestCpFromCaseA	0.570s
PASS: docker_cli_cp_from_container_test.go:139: DockerSuite.TestCpFromCaseB	0.567s
PASS: docker_cli_cp_from_container_test.go:157: DockerSuite.TestCpFromCaseC	0.561s
PASS: docker_cli_cp_from_container_test.go:182: DockerSuite.TestCpFromCaseD	0.631s
PASS: docker_cli_cp_from_container_test.go:222: DockerSuite.TestCpFromCaseE	0.632s
PASS: docker_cli_cp_from_container_test.go:251: DockerSuite.TestCpFromCaseF	0.577s
PASS: docker_cli_cp_from_container_test.go:274: DockerSuite.TestCpFromCaseG	0.651s
PASS: docker_cli_cp_from_container_test.go:313: DockerSuite.TestCpFromCaseH	0.649s
PASS: docker_cli_cp_from_container_test.go:343: DockerSuite.TestCpFromCaseI	0.586s
PASS: docker_cli_cp_from_container_test.go:367: DockerSuite.TestCpFromCaseJ	0.647s
PASS: docker_cli_cp_from_container_test.go:24: DockerSuite.TestCpFromSymlinkDestination	0.765s
PASS: docker_cli_cp_test.go:209: DockerSuite.TestCpFromSymlinkToDirectory	0.614s
PASS: docker_cli_cp_test.go:38: DockerSuite.TestCpGarbagePath	0.589s
PASS: docker_cli_cp_test.go:29: DockerSuite.TestCpLocalOnly	0.014s
PASS: docker_cli_cp_test.go:562: DockerSuite.TestCpNameHasColon	0.561s
PASS: docker_cli_cp_test.go:80: DockerSuite.TestCpRelativePath	0.583s
PASS: docker_cli_cp_test.go:405: DockerSuite.TestCpSpecialFiles	0.655s
PASS: docker_cli_cp_test.go:337: DockerSuite.TestCpSymlinkComponent	0.573s
PASS: docker_cli_cp_test.go:616: DockerSuite.TestCpSymlinkFromConToHostFollowSymlink	0.768s
PASS: docker_cli_cp_to_container_test.go:123: DockerSuite.TestCpToCaseA	1.139s
PASS: docker_cli_cp_to_container_test.go:144: DockerSuite.TestCpToCaseB	0.582s
PASS: docker_cli_cp_to_container_test.go:165: DockerSuite.TestCpToCaseC	1.673s
PASS: docker_cli_cp_to_container_test.go:192: DockerSuite.TestCpToCaseD	3.353s
PASS: docker_cli_cp_to_container_test.go:238: DockerSuite.TestCpToCaseE	2.321s
PASS: docker_cli_cp_to_container_test.go:273: DockerSuite.TestCpToCaseF	0.612s
PASS: docker_cli_cp_to_container_test.go:296: DockerSuite.TestCpToCaseG	3.349s
PASS: docker_cli_cp_to_container_test.go:342: DockerSuite.TestCpToCaseH	2.323s
PASS: docker_cli_cp_to_container_test.go:378: DockerSuite.TestCpToCaseI	0.578s
PASS: docker_cli_cp_to_container_test.go:402: DockerSuite.TestCpToCaseJ	3.330s
PASS: docker_cli_cp_to_container_unix_test.go:17: DockerSuite.TestCpToContainerWithPermissions	6.206s
PASS: docker_cli_cp_test.go:521: DockerSuite.TestCpToDot	0.592s
PASS: docker_cli_cp_to_container_test.go:445: DockerSuite.TestCpToErrReadOnlyRootfs	1.129s
PASS: docker_cli_cp_to_container_test.go:472: DockerSuite.TestCpToErrReadOnlyVolume	1.212s
PASS: docker_cli_cp_test.go:543: DockerSuite.TestCpToStdout	0.582s
PASS: docker_cli_cp_to_container_test.go:22: DockerSuite.TestCpToSymlinkDestination	2.549s
PASS: docker_cli_cp_test.go:257: DockerSuite.TestCpToSymlinkToDirectory	0.271s
PASS: docker_cli_cp_test.go:381: DockerSuite.TestCpUnprivilegedUser	0.570s
PASS: docker_cli_cp_test.go:452: DockerSuite.TestCpVolumePath	1.024s
PASS: docker_cli_create_test.go:327: DockerSuite.TestCreate64ByteHexID	0.069s
PASS: docker_cli_create_test.go:21: DockerSuite.TestCreateArgs	0.071s
PASS: docker_cli_create_test.go:260: DockerSuite.TestCreateByImageID	1.976s
PASS: docker_cli_create_test.go:163: DockerSuite.TestCreateEchoStdout	0.503s
SKIP: docker_cli_create_test.go:59: DockerSuite.TestCreateGrowRootfs (unmatched requirement Devicemapper)
PASS: docker_cli_create_test.go:83: DockerSuite.TestCreateHostConfig	0.076s
PASS: docker_cli_create_test.go:222: DockerSuite.TestCreateHostnameWithNumber	0.521s
PASS: docker_cli_create_test.go:205: DockerSuite.TestCreateLabelFromImage	0.773s
PASS: docker_cli_create_test.go:192: DockerSuite.TestCreateLabels	0.068s
PASS: docker_cli_create_test.go:250: DockerSuite.TestCreateModeIpcContainer	0.110s
PASS: docker_cli_create_test.go:233: DockerSuite.TestCreateRM	0.174s
SKIP: docker_cli_create_test.go:73: DockerSuite.TestCreateShrinkRootfs (unmatched requirement Devicemapper)
PASS: docker_cli_create_test.go:293: DockerSuite.TestCreateStopSignal	0.067s
PASS: docker_cli_create_test.go:362: DockerSuite.TestCreateStopTimeout	0.135s
PASS: docker_cli_create_test.go:335: DockerSuite.TestCreateUnsetEntrypoint	3.734s
PASS: docker_cli_create_test.go:173: DockerSuite.TestCreateVolumesCreated	0.076s
PASS: docker_cli_create_test.go:316: DockerSuite.TestCreateWithInvalidLogOpts	0.030s
PASS: docker_cli_create_test.go:134: DockerSuite.TestCreateWithLargePortRange	2.703s
PASS: docker_cli_create_test.go:105: DockerSuite.TestCreateWithPortRange	0.072s
PASS: docker_api_containers_test.go:916: DockerSuite.TestCreateWithTooLowMemoryLimit	0.003s
PASS: docker_cli_create_test.go:302: DockerSuite.TestCreateWithWorkdir	0.067s
PASS: docker_deprecated_api_v124_test.go:70: DockerSuite.TestDeprecatedContainerAPIStartDupVolumeBinds	0.045s
PASS: docker_deprecated_api_v124_test.go:20: DockerSuite.TestDeprecatedContainerAPIStartHostConfig	0.056s
PASS: docker_deprecated_api_v124_test.go:39: DockerSuite.TestDeprecatedContainerAPIStartVolumeBinds	0.352s
PASS: docker_deprecated_api_v124_test.go:103: DockerSuite.TestDeprecatedContainerAPIStartVolumesFrom	0.922s
PASS: docker_deprecated_api_v124_test.go:136: DockerSuite.TestDeprecatedPostContainerBindNormalVolume	0.452s
PASS: docker_deprecated_api_v124_test.go:198: DockerSuite.TestDeprecatedPostContainersStartWithLinksInHostConfig	0.695s
PASS: docker_deprecated_api_v124_test.go:216: DockerSuite.TestDeprecatedPostContainersStartWithLinksInHostConfigIdLinked	1.098s
PASS: docker_deprecated_api_v124_test.go:181: DockerSuite.TestDeprecatedPostContainersStartWithoutLinksInHostConfig	0.363s
PASS: docker_deprecated_api_v124_test.go:235: DockerSuite.TestDeprecatedStartWithNilDNS	0.378s
PASS: docker_deprecated_api_v124_test.go:156: DockerSuite.TestDeprecatedStartWithTooLowMemoryLimit	0.071s
PASS: docker_cli_run_test.go:2995: DockerSuite.TestDevicePermissions	0.515s
PASS: docker_cli_run_test.go:3706: DockerSuite.TestDockerFails	0.014s
PASS: docker_cli_network_unix_test.go:449: DockerSuite.TestDockerInspectMultipleNetwork	0.014s
PASS: docker_cli_network_unix_test.go:459: DockerSuite.TestDockerInspectMultipleNetworksIncludingNonexistent	0.038s
PASS: docker_cli_network_unix_test.go:498: DockerSuite.TestDockerInspectNetworkWithContainerName	0.757s
PASS: docker_cli_network_unix_test.go:1622: DockerSuite.TestDockerNetworkConnectFailsNoInspectChange	0.578s
PASS: docker_cli_network_unix_test.go:403: DockerSuite.TestDockerNetworkDeleteMultiple	0.737s
PASS: docker_cli_network_unix_test.go:398: DockerSuite.TestDockerNetworkDeleteNotExists	0.014s
PASS: docker_cli_network_unix_test.go:427: DockerSuite.TestDockerNetworkInspect	0.031s
PASS: docker_cli_network_unix_test.go:438: DockerSuite.TestDockerNetworkInspectWithID	0.083s
PASS: docker_cli_network_unix_test.go:1637: DockerSuite.TestDockerNetworkInternalMode	5.089s
PASS: docker_cli_volume_test.go:490: DockerSuite.TestDuplicateMountpointsForVolumesFrom	1.953s
PASS: docker_cli_volume_test.go:532: DockerSuite.TestDuplicateMountpointsForVolumesFromAndBind	2.021s
PASS: docker_cli_volume_test.go:576: DockerSuite.TestDuplicateMountpointsForVolumesFromAndMounts	1.490s
PASS: docker_cli_network_unix_test.go:1614: DockerSuite.TestEmbeddedDNSInvalidInput	1.622s
PASS: docker_cli_events_test.go:479: DockerSuite.TestEventsAttach	0.602s
PASS: docker_cli_events_test.go:410: DockerSuite.TestEventsCommit	1.180s
PASS: docker_cli_events_test.go:84: DockerSuite.TestEventsContainerEvents	0.587s
PASS: docker_cli_events_test.go:103: DockerSuite.TestEventsContainerEventsAttrSort	0.531s
PASS: docker_cli_events_test.go:126: DockerSuite.TestEventsContainerEventsSinceUnixEpoch	0.556s
PASS: docker_cli_events_unix_test.go:143: DockerSuite.TestEventsContainerFilterBeforeCreate	1.346s
PASS: docker_cli_events_unix_test.go:129: DockerSuite.TestEventsContainerFilterByName	0.733s
PASS: docker_cli_events_test.go:659: DockerSuite.TestEventsContainerRestart	2.346s
PASS: docker_cli_events_unix_test.go:223: DockerSuite.TestEventsContainerWithMultiNetwork	1.846s
PASS: docker_cli_events_test.go:427: DockerSuite.TestEventsCopy	1.192s
PASS: docker_cli_events_test.go:372: DockerSuite.TestEventsFilterContainer	1.116s
PASS: docker_cli_events_test.go:649: DockerSuite.TestEventsFilterImageInContainerAction	0.373s
PASS: docker_cli_events_test.go:342: DockerSuite.TestEventsFilterImageLabels	1.158s
PASS: docker_cli_events_test.go:287: DockerSuite.TestEventsFilterImageName	0.808s
PASS: docker_cli_events_test.go:316: DockerSuite.TestEventsFilterLabels	0.755s
PASS: docker_cli_events_unix_test.go:377: DockerSuite.TestEventsFilterNetworkID	0.064s
PASS: docker_cli_events_test.go:565: DockerSuite.TestEventsFilterType	0.925s
PASS: docker_cli_events_unix_test.go:344: DockerSuite.TestEventsFilterVolumeAndNetworkType	0.073s
PASS: docker_cli_events_unix_test.go:363: DockerSuite.TestEventsFilterVolumeID	0.027s
PASS: docker_cli_events_test.go:271: DockerSuite.TestEventsFilters	1.100s
PASS: docker_cli_events_test.go:728: DockerSuite.TestEventsFormat	1.047s
PASS: docker_cli_events_test.go:761: DockerSuite.TestEventsFormatBadField	0.014s
PASS: docker_cli_events_test.go:751: DockerSuite.TestEventsFormatBadFunc	0.012s
PASS: docker_cli_events_test.go:183: DockerSuite.TestEventsImageImport	0.521s
PASS: docker_cli_events_test.go:207: DockerSuite.TestEventsImageLoad	0.236s
PASS: docker_cli_events_test.go:164: DockerSuite.TestEventsImagePull	2.237s
PASS: docker_cli_events_test.go:146: DockerSuite.TestEventsImageTag	1.031s
PASS: docker_cli_events_unix_test.go:305: DockerSuite.TestEventsImageUntagDelete	0.377s
SKIP: docker_cli_events_unix_test.go:51: DockerSuite.TestEventsOOMDisableFalse (unmatched requirement swapMemorySupport)
SKIP: docker_cli_events_unix_test.go:81: DockerSuite.TestEventsOOMDisableTrue (unmatched requirement swapMemorySupport)
PASS: docker_cli_events_test.go:246: DockerSuite.TestEventsPluginOps	4.193s
PASS: docker_cli_events_unix_test.go:24: DockerSuite.TestEventsRedirectStdout	0.538s
PASS: docker_cli_events_test.go:517: DockerSuite.TestEventsRename	0.548s
PASS: docker_cli_events_test.go:456: DockerSuite.TestEventsResize	0.575s
PASS: docker_cli_events_test.go:699: DockerSuite.TestEventsSinceInTheFuture	0.432s
PASS: docker_cli_events_test.go:619: DockerSuite.TestEventsSpecialFiltersWithExecCreate	0.496s
PASS: docker_cli_events_unix_test.go:251: DockerSuite.TestEventsStreaming	0.516s
PASS: docker_cli_events_test.go:26: DockerSuite.TestEventsTimestampFormats	2.774s
PASS: docker_cli_events_test.go:528: DockerSuite.TestEventsTop	0.606s
PASS: docker_cli_events_test.go:61: DockerSuite.TestEventsUntag	2.574s
PASS: docker_cli_events_test.go:711: DockerSuite.TestEventsUntilInThePast	0.972s
PASS: docker_cli_exec_test.go:28: DockerSuite.TestExec	0.476s
PASS: docker_api_exec_test.go:66: DockerSuite.TestExecAPICreateContainerPaused	0.381s
PASS: docker_api_exec_test.go:25: DockerSuite.TestExecAPICreateNoCmd	0.357s
PASS: docker_api_exec_test.go:43: DockerSuite.TestExecAPICreateNoValidContentType	0.347s
PASS: docker_api_exec_test.go:87: DockerSuite.TestExecAPIStart	1.112s
PASS: docker_api_exec_test.go:124: DockerSuite.TestExecAPIStartBackwardsCompatible	0.412s
PASS: docker_api_exec_test.go:114: DockerSuite.TestExecAPIStartEnsureHeaders	0.429s
PASS: docker_api_exec_test.go:196: DockerSuite.TestExecAPIStartInvalidCommand	0.434s
PASS: docker_api_exec_test.go:139: DockerSuite.TestExecAPIStartMultipleTimesError	0.443s
PASS: docker_api_exec_test.go:180: DockerSuite.TestExecAPIStartValidCommand	0.456s
PASS: docker_api_exec_test.go:149: DockerSuite.TestExecAPIStartWithDetach	0.412s
PASS: docker_cli_exec_test.go:75: DockerSuite.TestExecAfterContainerRestart	1.001s
PASS: docker_cli_exec_test.go:256: DockerSuite.TestExecCgroup	0.981s
PASS: docker_cli_exec_test.go:108: DockerSuite.TestExecEnv	0.473s
PASS: docker_cli_exec_test.go:537: DockerSuite.TestExecEnvLinksHost	0.814s
PASS: docker_cli_exec_test.go:134: DockerSuite.TestExecExitStatus	0.458s
PASS: docker_cli_exec_test.go:309: DockerSuite.TestExecInspectID	2.677s
PASS: docker_cli_exec_test.go:39: DockerSuite.TestExecInteractive	0.462s
PASS: docker_cli_exec_unix_test.go:18: DockerSuite.TestExecInteractiveStdinClose	0.436s
PASS: docker_cli_exec_test.go:493: DockerSuite.TestExecOnReadonlyContainer	0.435s
PASS: docker_cli_exec_test.go:214: DockerSuite.TestExecParseError	0.344s
PASS: docker_cli_exec_test.go:141: DockerSuite.TestExecPausedContainer	0.384s
PASS: docker_api_exec_resize_test.go:18: DockerSuite.TestExecResizeAPIHeightWidthNoInt	0.367s
PASS: docker_api_exec_resize_test.go:34: DockerSuite.TestExecResizeImmediatelyAfterExecStart	1.229s
PASS: docker_cli_exec_test.go:123: DockerSuite.TestExecSetEnv	0.446s
PASS: docker_cli_exec_test.go:513: DockerSuite.TestExecStartFails	0.472s
PASS: docker_api_exec_test.go:214: DockerSuite.TestExecStateCleanup	10.866s
PASS: docker_cli_exec_test.go:228: DockerSuite.TestExecStopNotHanging	0.574s
PASS: docker_cli_exec_unix_test.go:47: DockerSuite.TestExecTTY	0.434s
PASS: docker_cli_exec_test.go:156: DockerSuite.TestExecTTYCloseStdin	0.477s
PASS: docker_cli_exec_test.go:177: DockerSuite.TestExecTTYWithoutStdin	0.371s
PASS: docker_cli_exec_test.go:501: DockerSuite.TestExecUlimits	0.462s
SKIP: docker_cli_exec_test.go:546: DockerSuite.TestExecWindowsOpenHandles (unmatched requirement DaemonIsWindows)
SKIP: docker_cli_exec_test.go:527: DockerSuite.TestExecWindowsPathNotWiped (unmatched requirement DaemonIsWindows)
PASS: docker_cli_exec_test.go:480: DockerSuite.TestExecWithImageUser	2.412s
PASS: docker_cli_exec_unix_test.go:89: DockerSuite.TestExecWithNoTERM	0.446s
PASS: docker_cli_exec_test.go:449: DockerSuite.TestExecWithPrivileged	0.761s
PASS: docker_cli_exec_unix_test.go:77: DockerSuite.TestExecWithTERM	0.450s
PASS: docker_cli_exec_test.go:436: DockerSuite.TestExecWithUser	0.573s
PASS: docker_api_containers_test.go:190: DockerSuite.TestGetContainerStats	4.544s
PASS: docker_api_containers_test.go:338: DockerSuite.TestGetContainerStatsNoStream	4.560s
PASS: docker_api_containers_test.go:230: DockerSuite.TestGetContainerStatsRmRunning	1.669s
PASS: docker_api_containers_test.go:297: DockerSuite.TestGetContainerStatsStream	4.557s
PASS: docker_api_attach_test.go:25: DockerSuite.TestGetContainersAttachWebsocket	0.378s
PASS: docker_api_attach_test.go:89: DockerSuite.TestGetContainersWsAttachContainerNotFound	0.001s
PASS: docker_api_containers_test.go:378: DockerSuite.TestGetStoppedContainerStats	0.062s
PASS: docker_cli_health_test.go:39: DockerSuite.TestHealth	23.231s
PASS: docker_cli_history_test.go:58: DockerSuite.TestHistoryExistentImage	0.013s
PASS: docker_cli_history_test.go:86: DockerSuite.TestHistoryHumanOptionFalse	0.012s
PASS: docker_cli_history_test.go:104: DockerSuite.TestHistoryHumanOptionTrue	0.012s
PASS: docker_cli_history_test.go:67: DockerSuite.TestHistoryImageWithComment	0.812s
PASS: docker_cli_history_test.go:62: DockerSuite.TestHistoryNonExistentImage	0.013s
PASS: docker_cli_images_test.go:225: DockerSuite.TestImagesEnsureDanglingImageOnlyListedOnce	0.993s
PASS: docker_cli_images_test.go:20: DockerSuite.TestImagesEnsureImageIsListed	0.015s
PASS: docker_cli_images_test.go:44: DockerSuite.TestImagesEnsureImageWithBadTagIsNotListed	0.014s
PASS: docker_cli_images_test.go:25: DockerSuite.TestImagesEnsureImageWithTagIsListed	0.081s
PASS: docker_cli_images_test.go:299: DockerSuite.TestImagesEnsureImagesFromBusyboxShown	0.817s
PASS: docker_cli_images_test.go:282: DockerSuite.TestImagesEnsureImagesFromScratchShown	0.981s
PASS: docker_cli_images_test.go:259: DockerSuite.TestImagesEnsureOnlyHeadsImagesShown	1.998s
PASS: docker_cli_images_test.go:69: DockerSuite.TestImagesErrorWithInvalidFilterNameTest	0.012s
PASS: docker_cli_images_test.go:75: DockerSuite.TestImagesFilterLabelMatch	2.982s
PASS: docker_cli_images_test.go:314: DockerSuite.TestImagesFilterNameWithPort	0.058s
PASS: docker_cli_images_test.go:115: DockerSuite.TestImagesFilterSinceAndBefore	2.987s
PASS: docker_cli_images_test.go:185: DockerSuite.TestImagesFilterSpaceTrimCase	0.634s
PASS: docker_cli_images_test.go:327: DockerSuite.TestImagesFormat	0.058s
PASS: docker_cli_images_test.go:343: DockerSuite.TestImagesFormatDefaultFormat	1.136s
PASS: docker_cli_images_test.go:49: DockerSuite.TestImagesOrderedByCreationDate	4.993s
PASS: docker_cli_images_test.go:253: DockerSuite.TestImagesWithIncorrectFilter	0.012s
PASS: docker_cli_import_test.go:36: DockerSuite.TestImportBadURL	0.055s
PASS: docker_cli_import_test.go:18: DockerSuite.TestImportDisplay	1.053s
PASS: docker_cli_import_test.go:47: DockerSuite.TestImportFile	1.178s
PASS: docker_cli_import_test.go:122: DockerSuite.TestImportFileNonExistentFile	0.017s
PASS: docker_cli_import_test.go:91: DockerSuite.TestImportFileWithMessage	1.180s
PASS: docker_cli_import_test.go:68: DockerSuite.TestImportGzipped	1.254s
PASS: docker_cli_import_test.go:127: DockerSuite.TestImportWithQuotedChanges	1.203s
PASS: docker_cli_info_test.go:177: DockerSuite.TestInfoDebug	0.531s
PASS: docker_cli_info_test.go:106: DockerSuite.TestInfoDiscoveryAdvertiseInterfaceName	0.886s
PASS: docker_cli_info_test.go:72: DockerSuite.TestInfoDiscoveryBackend	0.540s
PASS: docker_cli_info_test.go:89: DockerSuite.TestInfoDiscoveryInvalidAdvertise	0.097s
PASS: docker_cli_info_test.go:143: DockerSuite.TestInfoDisplaysPausedContainers	0.417s
PASS: docker_cli_info_test.go:130: DockerSuite.TestInfoDisplaysRunningContainers	0.377s
PASS: docker_cli_info_test.go:160: DockerSuite.TestInfoDisplaysStoppedContainers	0.568s
PASS: docker_cli_info_test.go:16: DockerSuite.TestInfoEnsureSucceeds	0.025s
PASS: docker_cli_info_test.go:60: DockerSuite.TestInfoFormat	0.038s
PASS: docker_cli_info_unix_test.go:10: DockerSuite.TestInfoSecurityOptions	0.018s
PASS: docker_cli_info_test.go:195: DockerSuite.TestInsecureRegistries	0.540s
PASS: docker_api_inspect_test.go:147: DockerSuite.TestInspectAPIBridgeNetworkSettings120	0.348s
PASS: docker_api_inspect_test.go:164: DockerSuite.TestInspectAPIBridgeNetworkSettings121	0.360s
PASS: docker_api_inspect_test.go:17: DockerSuite.TestInspectAPIContainerResponse	0.356s
PASS: docker_api_inspect_test.go:84: DockerSuite.TestInspectAPIContainerVolumeDriver	0.329s
PASS: docker_api_inspect_test.go:61: DockerSuite.TestInspectAPIContainerVolumeDriverLegacy	0.354s
PASS: docker_api_inspect_test.go:123: DockerSuite.TestInspectAPIEmptyFieldsInConfigPre121	0.327s
PASS: docker_api_inspect_test.go:108: DockerSuite.TestInspectAPIImageResponse	0.022s
PASS: docker_cli_network_unix_test.go:1035: DockerSuite.TestInspectAPIMultipleNetworks	0.603s
PASS: docker_cli_inspect_test.go:413: DockerSuite.TestInspectAmpersand	0.518s
PASS: docker_cli_inspect_test.go:206: DockerSuite.TestInspectBindMountPoint	0.382s
PASS: docker_cli_inspect_test.go:341: DockerSuite.TestInspectByPrefix	0.044s
PASS: docker_cli_inspect_test.go:141: DockerSuite.TestInspectContainerFilterInt	0.524s
SKIP: docker_cli_inspect_test.go:181: DockerSuite.TestInspectContainerGraphDriver (unmatched requirement Devicemapper)
PASS: docker_cli_inspect_test.go:391: DockerSuite.TestInspectContainerNetworkCustom	0.486s
PASS: docker_cli_inspect_test.go:379: DockerSuite.TestInspectContainerNetworkDefault	0.369s
PASS: docker_cli_inspect_test.go:44: DockerSuite.TestInspectDefault	0.347s
PASS: docker_cli_inspect_test.go:371: DockerSuite.TestInspectHistory	1.287s
PASS: docker_cli_inspect_test.go:24: DockerSuite.TestInspectImage	0.013s
PASS: docker_cli_inspect_test.go:125: DockerSuite.TestInspectImageFilterInt	0.024s
SKIP: docker_cli_inspect_test.go:163: DockerSuite.TestInspectImageGraphDriver (unmatched requirement Devicemapper)
PASS: docker_cli_inspect_test.go:38: DockerSuite.TestInspectInt64	0.379s
PASS: docker_cli_inspect_test.go:333: DockerSuite.TestInspectJSONFields	0.363s
PASS: docker_cli_inspect_test.go:283: DockerSuite.TestInspectLogConfigNoType	0.088s
PASS: docker_cli_inspect_test.go:238: DockerSuite.TestInspectNamedMountPoint	0.374s
PASS: docker_cli_inspect_test.go:296: DockerSuite.TestInspectNoSizeFlagContainer	0.353s
PASS: docker_cli_inspect_test.go:423: DockerSuite.TestInspectPlugin	4.313s
PASS: docker_cli_inspect_test.go:402: DockerSuite.TestInspectRootFS	0.016s
PASS: docker_cli_inspect_test.go:308: DockerSuite.TestInspectSizeFlagContainer	0.376s
PASS: docker_cli_inspect_test.go:55: DockerSuite.TestInspectStatus	0.656s
PASS: docker_cli_inspect_test.go:352: DockerSuite.TestInspectStopWhenNotFound	0.700s
PASS: docker_cli_inspect_test.go:319: DockerSuite.TestInspectTemplateError	0.394s
PASS: docker_cli_inspect_test.go:262: DockerSuite.TestInspectTimesAsRFC3339Nano	0.542s
PASS: docker_cli_inspect_test.go:80: DockerSuite.TestInspectTypeFlagContainer	0.364s
PASS: docker_cli_inspect_test.go:102: DockerSuite.TestInspectTypeFlagWithImage	0.377s
PASS: docker_cli_inspect_test.go:113: DockerSuite.TestInspectTypeFlagWithInvalidValue	0.359s
PASS: docker_cli_inspect_test.go:90: DockerSuite.TestInspectTypeFlagWithNoContainer	0.354s
PASS: docker_cli_inspect_test.go:454: DockerSuite.TestInspectUnknownObject	0.032s
PASS: docker_cli_run_unix_test.go:1157: DockerSuite.TestLegacyRunNoNewPrivSetuid	6.934s
PASS: docker_cli_links_test.go:200: DockerSuite.TestLinkShortDefinition	0.731s
PASS: docker_cli_links_test.go:191: DockerSuite.TestLinksEnvs	0.885s
PASS: docker_cli_links_test.go:227: DockerSuite.TestLinksEtcHostsRegularFile	0.334s
PASS: docker_cli_links_test.go:140: DockerSuite.TestLinksHostsFilesInject	0.901s
PASS: docker_cli_links_test.go:93: DockerSuite.TestLinksInspectLinksStarted	1.039s
PASS: docker_cli_links_test.go:112: DockerSuite.TestLinksInspectLinksStopped	1.016s
PASS: docker_cli_links_test.go:24: DockerSuite.TestLinksInvalidContainerTarget	0.063s
PASS: docker_cli_links_test.go:234: DockerSuite.TestLinksMultipleWithSameName	1.205s
PASS: docker_cli_links_test.go:216: DockerSuite.TestLinksNetworkHostContainer	0.325s
PASS: docker_cli_links_test.go:132: DockerSuite.TestLinksNotStartedParentNotFail	0.405s
PASS: docker_cli_links_test.go:36: DockerSuite.TestLinksPingLinkedContainers	8.339s
PASS: docker_cli_links_test.go:80: DockerSuite.TestLinksPingLinkedContainersAfterRename	1.601s
PASS: docker_cli_exec_test.go:379: DockerSuite.TestLinksPingLinkedContainersOnRename	0.944s
PASS: docker_cli_links_test.go:15: DockerSuite.TestLinksPingUnlinkedContainers	0.565s
PASS: docker_cli_links_test.go:158: DockerSuite.TestLinksUpdateOnRestart	1.439s
PASS: docker_cli_save_load_unix_test.go:91: DockerSuite.TestLoadNoStdinFail	0.023s
PASS: docker_cli_save_load_test.go:332: DockerSuite.TestLoadZeroSizeLayer	0.309s
PASS: docker_cli_login_test.go:11: DockerSuite.TestLoginWithoutTTY	0.020s
PASS: docker_api_logs_test.go:87: DockerSuite.TestLogsAPIContainerNotFound	0.001s
PASS: docker_api_logs_test.go:72: DockerSuite.TestLogsAPIFollowEmptyOutput	0.350s
PASS: docker_api_logs_test.go:59: DockerSuite.TestLogsAPINoStdoutNorStderr	0.433s
PASS: docker_api_logs_test.go:151: DockerSuite.TestLogsAPIUntil	4.640s
PASS: docker_api_logs_test.go:189: DockerSuite.TestLogsAPIUntilDefaultValue	0.904s
PASS: docker_api_logs_test.go:94: DockerSuite.TestLogsAPIUntilFutureFollow	4.321s
PASS: docker_api_logs_test.go:23: DockerSuite.TestLogsAPIWithStdout	0.343s
PASS: docker_cli_logs_test.go:318: DockerSuite.TestLogsCLIContainerNotFound	0.014s
PASS: docker_cli_logs_test.go:24: DockerSuite.TestLogsContainerBiggerThanPage	0.780s
PASS: docker_cli_logs_test.go:29: DockerSuite.TestLogsContainerMuchBiggerThanPage	0.772s
PASS: docker_cli_logs_test.go:19: DockerSuite.TestLogsContainerSmallerThanPage	0.763s
PASS: docker_cli_logs_test.go:300: DockerSuite.TestLogsFollowGoroutinesNoOutput	0.561s
PASS: docker_cli_logs_test.go:272: DockerSuite.TestLogsFollowGoroutinesWithStdout	0.615s
PASS: docker_cli_logs_test.go:214: DockerSuite.TestLogsFollowSlowStdoutConsumer	2.313s
PASS: docker_cli_logs_test.go:124: DockerSuite.TestLogsFollowStopped	0.555s
PASS: docker_cli_logs_test.go:66: DockerSuite.TestLogsSeparateStderr	0.555s
PASS: docker_cli_logs_test.go:145: DockerSuite.TestLogsSince	6.580s
PASS: docker_cli_logs_test.go:180: DockerSuite.TestLogsSinceFutureFollow	5.392s
PASS: docker_cli_logs_test.go:77: DockerSuite.TestLogsStderrInStdout	0.529s
PASS: docker_cli_logs_test.go:92: DockerSuite.TestLogsTail	0.578s
PASS: docker_cli_logs_test.go:41: DockerSuite.TestLogsTimestamps	0.530s
PASS: docker_cli_logs_test.go:325: DockerSuite.TestLogsWithDetails	0.515s
PASS: docker_cli_run_test.go:2909: DockerSuite.TestMountIntoProc	0.283s
PASS: docker_cli_run_test.go:2918: DockerSuite.TestMountIntoSys	0.537s
PASS: docker_cli_netmode_test.go:33: DockerSuite.TestNetHostname	1.561s
PASS: docker_cli_netmode_test.go:26: DockerSuite.TestNetHostnameWithNetHost	0.346s
PASS: docker_cli_events_unix_test.go:196: DockerSuite.TestNetworkEvents	0.712s
PASS: docker_cli_run_test.go:3513: DockerSuite.TestNetworkRmWithActiveContainers	1.039s
PASS: docker_cli_run_test.go:2695: DockerSuite.TestPermissionsPtsReadonlyRootfs	0.536s
PASS: docker_cli_plugins_test.go:76: DockerSuite.TestPluginActive	4.234s
PASS: docker_cli_plugins_test.go:99: DockerSuite.TestPluginActiveNetwork	9.513s
SKIP: docker_cli_plugins_test.go:344: DockerSuite.TestPluginInspectOnWindows (unmatched requirement DaemonIsWindows)
PASS: docker_cli_plugins_test.go:150: DockerSuite.TestPluginInstallDisableVolumeLs	3.430s
PASS: docker_cli_plugins_logdriver_test.go:12: DockerSuite.TestPluginLogDriver	4.928s
PASS: docker_cli_plugins_logdriver_test.go:32: DockerSuite.TestPluginLogDriverInfoList	3.663s
PASS: docker_cli_plugins_test.go:474: DockerSuite.TestPluginMetricsCollector	4.628s
PASS: docker_cli_plugins_test.go:442: DockerSuite.TestPluginUpgrade	8.834s
PASS: docker_cli_port_test.go:329: DockerSuite.TestPortBindingOnSandbox	1.287s
PASS: docker_cli_port_test.go:307: DockerSuite.TestPortExposeHostBinding	1.190s
PASS: docker_cli_port_test.go:285: DockerSuite.TestPortHostBinding	1.176s
PASS: docker_cli_port_test.go:15: DockerSuite.TestPortList	7.043s
PASS: docker_api_containers_test.go:1325: DockerSuite.TestPostContainerAPICreateWithStringOrSliceEntrypoint	0.989s
PASS: docker_api_attach_test.go:99: DockerSuite.TestPostContainersAttach	5.421s
PASS: docker_api_attach_test.go:78: DockerSuite.TestPostContainersAttachContainerNotFound	0.001s
PASS: docker_api_containers_test.go:1589: DockerSuite.TestPostContainersCreateMemorySwappinessHostConfigOmitted	0.049s
PASS: docker_api_containers_test.go:1503: DockerSuite.TestPostContainersCreateShmSizeHostConfigOmitted	0.501s
PASS: docker_api_containers_test.go:1485: DockerSuite.TestPostContainersCreateShmSizeNegative	0.003s
PASS: docker_api_containers_test.go:1531: DockerSuite.TestPostContainersCreateShmSizeOmitted	0.538s
PASS: docker_api_containers_test.go:1614: DockerSuite.TestPostContainersCreateWithOomScoreAdjInvalidRange	0.005s
PASS: docker_api_containers_test.go:1558: DockerSuite.TestPostContainersCreateWithShmSize	0.527s
PASS: docker_api_containers_test.go:1380: DockerSuite.TestPostContainersCreateWithStringOrSliceCapAddDrop	0.093s
PASS: docker_api_containers_test.go:1353: DockerSuite.TestPostContainersCreateWithStringOrSliceCmd	1.082s
PASS: docker_api_containers_test.go:1452: DockerSuite.TestPostContainersCreateWithWrongCpusetValues	0.005s
PASS: docker_cli_prune_unix_test.go:133: DockerSuite.TestPruneContainerLabel	2.625s
PASS: docker_cli_prune_unix_test.go:113: DockerSuite.TestPruneContainerUntil	1.123s
PASS: docker_cli_prune_unix_test.go:249: DockerSuite.TestPruneNetworkLabel	0.346s
PASS: docker_cli_prune_unix_test.go:191: DockerSuite.TestPruneVolumeLabel	0.140s
PASS: docker_cli_ps_test.go:794: DockerSuite.TestPsByOrder	1.398s
PASS: docker_cli_ps_test.go:547: DockerSuite.TestPsImageIDAfterUpdate	1.037s
PASS: docker_cli_ps_test.go:19: DockerSuite.TestPsListContainersBase	1.780s
PASS: docker_cli_ps_test.go:306: DockerSuite.TestPsListContainersFilterAncestorImage	5.225s
PASS: docker_cli_ps_test.go:516: DockerSuite.TestPsListContainersFilterCreated	0.093s
PASS: docker_cli_ps_test.go:437: DockerSuite.TestPsListContainersFilterExited	2.520s
PASS: docker_cli_ps_test.go:227: DockerSuite.TestPsListContainersFilterHealth	5.946s
PASS: docker_cli_ps_test.go:270: DockerSuite.TestPsListContainersFilterID	0.802s
PASS: docker_cli_ps_test.go:401: DockerSuite.TestPsListContainersFilterLabel	1.663s
PASS: docker_cli_ps_test.go:284: DockerSuite.TestPsListContainersFilterName	0.876s
PASS: docker_cli_ps_test.go:714: DockerSuite.TestPsListContainersFilterNetwork	0.718s
PASS: docker_cli_ps_test.go:813: DockerSuite.TestPsListContainersFilterPorts	0.777s
PASS: docker_cli_ps_test.go:180: DockerSuite.TestPsListContainersFilterStatus	1.370s
PASS: docker_cli_ps_test.go:140: DockerSuite.TestPsListContainersSize	1.124s
PASS: docker_cli_ps_test.go:849: DockerSuite.TestPsNotShowLinknamesOfDeletedContainer	0.187s
PASS: docker_cli_ps_test.go:596: DockerSuite.TestPsNotShowPortsOfStoppedContainer	0.601s
PASS: docker_cli_ps_test.go:470: DockerSuite.TestPsRightTagName	1.128s
PASS: docker_cli_ps_test.go:614: DockerSuite.TestPsShowMounts	1.215s
PASS: docker_cli_run_test.go:3144: DockerSuite.TestPtraceContainerProcsFromHost	0.366s
SKIP: docker_cli_pull_test.go:263: DockerSuite.TestPullLinuxImageFailsOnWindows (unmatched requirement DaemonIsWindows)
PASS: docker_cli_pull_test.go:270: DockerSuite.TestPullWindowsImageFailsOnLinux	1.748s
PASS: docker_cli_push_test.go:291: DockerSuite.TestPushToCentralRegistryUnauthorized	1.291s
PASS: docker_cli_push_test.go:38: DockerSuite.TestPushUnprefixedRepo	0.942s
PASS: docker_api_containers_test.go:1425: DockerSuite.TestPutContainerArchiveErrSymlinkInVolumeToReadOnlyRootfs	0.639s
PASS: docker_cli_restart_test.go:297: DockerSuite.TestRestartAutoRemoveContainer	1.105s
PASS: docker_cli_restart_test.go:166: DockerSuite.TestRestartContainerSuccess	0.941s
PASS: docker_cli_restart_test.go:151: DockerSuite.TestRestartContainerwithGoodContainer	0.530s
PASS: docker_cli_restart_test.go:266: DockerSuite.TestRestartContainerwithRestartPolicy	5.776s
PASS: docker_cli_restart_test.go:78: DockerSuite.TestRestartDisconnectedContainer	0.888s
PASS: docker_cli_restart_test.go:236: DockerSuite.TestRestartPolicyAfterRestart	1.457s
PASS: docker_cli_restart_test.go:103: DockerSuite.TestRestartPolicyAlways	0.109s
PASS: docker_cli_restart_test.go:95: DockerSuite.TestRestartPolicyNO	0.067s
PASS: docker_cli_restart_test.go:116: DockerSuite.TestRestartPolicyOnFailure	0.272s
PASS: docker_cli_restart_test.go:30: DockerSuite.TestRestartRunningContainer	1.945s
PASS: docker_cli_restart_test.go:13: DockerSuite.TestRestartStoppedContainer	1.088s
PASS: docker_cli_restart_test.go:192: DockerSuite.TestRestartWithPolicyUserDefinedNetwork	1.898s
PASS: docker_cli_restart_test.go:53: DockerSuite.TestRestartWithVolumes	0.948s
PASS: docker_cli_rmi_test.go:217: DockerSuite.TestRmiBlank	0.020s
PASS: docker_cli_rmi_test.go:327: DockerSuite.TestRmiByIDHardConflict	0.096s
PASS: docker_cli_rmi_test.go:227: DockerSuite.TestRmiContainerImageNotFound	4.626s
PASS: docker_cli_rmi_test.go:171: DockerSuite.TestRmiForceWithExistingContainers	1.359s
PASS: docker_cli_rmi_test.go:199: DockerSuite.TestRmiForceWithMultipleRepositories	0.515s
PASS: docker_cli_rmi_test.go:144: DockerSuite.TestRmiImageIDForceWithRunningContainersAndMultipleTags	1.324s
PASS: docker_cli_rmi_test.go:106: DockerSuite.TestRmiImgIDForce	1.537s
PASS: docker_cli_rmi_test.go:65: DockerSuite.TestRmiImgIDMultipleTag	1.504s
PASS: docker_cli_rmi_test.go:297: DockerSuite.TestRmiParentImageFail	1.289s
PASS: docker_cli_rmi_test.go:37: DockerSuite.TestRmiTag	0.169s
PASS: docker_cli_rmi_test.go:159: DockerSuite.TestRmiTagWithExistingContainers	0.558s
PASS: docker_cli_rmi_test.go:253: DockerSuite.TestRmiUntagHistoryLayer	4.127s
PASS: docker_cli_rmi_test.go:16: DockerSuite.TestRmiWithContainerFails	0.369s
PASS: docker_cli_rmi_test.go:185: DockerSuite.TestRmiWithMultipleRepositories	1.356s
PASS: docker_cli_rmi_test.go:310: DockerSuite.TestRmiWithParentInUse	1.961s
PASS: docker_cli_run_test.go:4522: DockerSuite.TestRunAddDeviceCgroupRule	1.072s
PASS: docker_cli_run_test.go:1580: DockerSuite.TestRunAddHost	0.519s
PASS: docker_cli_run_test.go:4039: DockerSuite.TestRunAddHostInHostMode	0.327s
PASS: docker_cli_run_test.go:1172: DockerSuite.TestRunAddingOptionalDevices	0.514s
PASS: docker_cli_run_test.go:1190: DockerSuite.TestRunAddingOptionalDevicesInvalidMode	0.013s
PASS: docker_cli_run_test.go:1181: DockerSuite.TestRunAddingOptionalDevicesNoSrc	0.527s
PASS: docker_cli_run_test.go:2061: DockerSuite.TestRunAllocatePortInReservedRange	0.777s
PASS: docker_cli_run_test.go:1231: DockerSuite.TestRunAllowBindMountingRoot	0.512s
PASS: docker_cli_run_test.go:2266: DockerSuite.TestRunAllowPortRangeThroughExpose	0.385s
PASS: docker_cli_run_test.go:2624: DockerSuite.TestRunAllowPortRangeThroughPublish	0.405s
PASS: docker_cli_run_unix_test.go:1329: DockerSuite.TestRunApparmorProcDirectory	1.026s
PASS: docker_cli_run_test.go:573: DockerSuite.TestRunApplyVolumesFromBeforeVolumes	1.021s
PASS: docker_cli_run_unix_test.go:97: DockerSuite.TestRunAttachDetach	0.482s
PASS: docker_cli_run_unix_test.go:242: DockerSuite.TestRunAttachDetachFromConfig	0.487s
PASS: docker_cli_run_unix_test.go:148: DockerSuite.TestRunAttachDetachFromFlag	0.475s
PASS: docker_cli_run_unix_test.go:209: DockerSuite.TestRunAttachDetachFromInvalidFlag	0.386s
PASS: docker_cli_run_unix_test.go:325: DockerSuite.TestRunAttachDetachKeysOverrideConfig	0.503s
PASS: docker_cli_run_test.go:3920: DockerSuite.TestRunAttachFailedNoLeak	0.728s
PASS: docker_cli_run_unix_test.go:407: DockerSuite.TestRunAttachInvalidDetachKeySequencePreserved	0.677s
PASS: docker_cli_run_test.go:1592: DockerSuite.TestRunAttachStdErrOnlyTTYMode	0.530s
PASS: docker_cli_run_test.go:1608: DockerSuite.TestRunAttachStdOutAndErrTTYMode	0.531s
PASS: docker_cli_run_test.go:1600: DockerSuite.TestRunAttachStdOutOnlyTTYMode	0.534s
PASS: docker_cli_run_test.go:1617: DockerSuite.TestRunAttachWithDetach	0.018s
PASS: docker_cli_run_test.go:1882: DockerSuite.TestRunBindMounts	1.613s
PASS: docker_cli_run_test.go:1053: DockerSuite.TestRunCapAddALLCanDownInterface	0.529s
PASS: docker_cli_run_test.go:1063: DockerSuite.TestRunCapAddALLDropNetAdminCanDownInterface	0.532s
PASS: docker_cli_run_test.go:3008: DockerSuite.TestRunCapAddCHOWN	0.499s
PASS: docker_cli_run_test.go:1043: DockerSuite.TestRunCapAddCanDownInterface	0.521s
PASS: docker_cli_run_test.go:1034: DockerSuite.TestRunCapAddInvalid	0.133s
PASS: docker_cli_run_test.go:3194: DockerSuite.TestRunCapAddSYSTIME	0.515s
PASS: docker_cli_run_test.go:1024: DockerSuite.TestRunCapDropALLAddMknodCanMknod	0.536s
PASS: docker_cli_run_test.go:1012: DockerSuite.TestRunCapDropALLCannotMknod	0.510s
PASS: docker_cli_run_test.go:986: DockerSuite.TestRunCapDropCannotMknod	0.512s
PASS: docker_cli_run_test.go:999: DockerSuite.TestRunCapDropCannotMknodLowerCase	0.533s
PASS: docker_cli_run_test.go:977: DockerSuite.TestRunCapDropInvalid	0.124s
PASS: docker_cli_run_test.go:1964: DockerSuite.TestRunCidFileCheckIDLength	0.345s
PASS: docker_cli_run_test.go:1933: DockerSuite.TestRunCidFileCleanupIfEmpty	0.016s
PASS: docker_cli_run_test.go:1695: DockerSuite.TestRunCleanupCmdOnEntrypoint	2.101s
PASS: docker_cli_run_test.go:3336: DockerSuite.TestRunContainerNetModeWithDNSMacHosts	0.380s
PASS: docker_cli_run_test.go:3360: DockerSuite.TestRunContainerNetModeWithExposePort	0.398s
PASS: docker_cli_run_test.go:922: DockerSuite.TestRunContainerNetwork	0.504s
PASS: docker_cli_run_test.go:3327: DockerSuite.TestRunContainerNetworkModeToSelf	0.079s
PASS: docker_cli_run_test.go:3311: DockerSuite.TestRunContainerWithCgroupMountRO	0.518s
PASS: docker_cli_run_test.go:3237: DockerSuite.TestRunContainerWithCgroupParent	1.088s
PASS: docker_cli_run_test.go:2734: DockerSuite.TestRunContainerWithReadonlyEtcHostsAndLinkedContainer	0.851s
PASS: docker_cli_run_test.go:2683: DockerSuite.TestRunContainerWithReadonlyRootfs	1.032s
PASS: docker_cli_run_test.go:2756: DockerSuite.TestRunContainerWithReadonlyRootfsWithAddHostFlag	0.519s
PASS: docker_cli_run_test.go:2746: DockerSuite.TestRunContainerWithReadonlyRootfsWithDNSFlag	0.520s
PASS: docker_cli_run_test.go:2793: DockerSuite.TestRunContainerWithRmFlagCannotStartContainer	0.489s
PASS: docker_cli_run_test.go:2779: DockerSuite.TestRunContainerWithRmFlagExitCodeNotEqualToZero	0.593s
PASS: docker_cli_run_test.go:2679: DockerSuite.TestRunContainerWithWritableRootfs	0.549s
PASS: docker_cli_run_test.go:1680: DockerSuite.TestRunCopyVolumeContent	1.671s
PASS: docker_cli_run_test.go:1662: DockerSuite.TestRunCopyVolumeUIDGID	3.934s
PASS: docker_cli_run_test.go:3202: DockerSuite.TestRunCreateContainerFailedCleanUp	0.097s
PASS: docker_cli_run_test.go:612: DockerSuite.TestRunCreateVolume	0.510s
PASS: docker_cli_run_test.go:2153: DockerSuite.TestRunCreateVolumeEtc	1.576s
PASS: docker_cli_run_test.go:622: DockerSuite.TestRunCreateVolumeWithSymlink	1.763s
PASS: docker_cli_run_test.go:378: DockerSuite.TestRunCreateVolumesInSymlinkDir	2.936s
PASS: docker_cli_run_test.go:422: DockerSuite.TestRunCreateVolumesInSymlinkDir2	2.927s
SKIP: docker_cli_run_test.go:4146: DockerSuite.TestRunCredentialSpecFailures (unmatched requirement DaemonIsWindows)
SKIP: docker_cli_run_test.go:4166: DockerSuite.TestRunCredentialSpecWellFormed (unmatched requirement DaemonIsWindows)
PASS: docker_cli_run_test.go:1254: DockerSuite.TestRunDNSDefaultOptions	0.511s
PASS: docker_cli_run_test.go:4004: DockerSuite.TestRunDNSInHostMode	1.647s
PASS: docker_cli_run_test.go:1288: DockerSuite.TestRunDNSOptions	1.038s
PASS: docker_cli_run_test.go:1322: DockerSuite.TestRunDNSOptionsBasedOnHostResolvConf	1.589s
PASS: docker_cli_run_test.go:1312: DockerSuite.TestRunDNSRepeatOptions	0.509s
PASS: docker_cli_run_test.go:2026: DockerSuite.TestRunDeallocatePortOnMissingIptablesRule	0.980s
PASS: docker_cli_run_test.go:121: DockerSuite.TestRunDetachedContainerIDPrinting	0.608s
SKIP: docker_cli_run_unix_test.go:83: DockerSuite.TestRunDeviceDirectory (Host does not have /dev/snd)
PASS: docker_cli_run_test.go:1141: DockerSuite.TestRunDeviceNumbers	0.510s
PASS: docker_cli_run_unix_test.go:1357: DockerSuite.TestRunDeviceSymlink	1.191s
PASS: docker_cli_run_test.go:1240: DockerSuite.TestRunDisallowBindMountingRootToRoot	0.061s
PASS: docker_cli_run_test.go:4173: DockerSuite.TestRunDuplicateMount	0.541s
PASS: docker_cli_run_test.go:51: DockerSuite.TestRunEchoNamedContainer	0.514s
PASS: docker_cli_run_test.go:43: DockerSuite.TestRunEchoStdout	0.499s
PASS: docker_cli_run_unix_test.go:538: DockerSuite.TestRunEchoStdoutWithCPUSharesAndMemoryLimit	0.551s
PASS: docker_cli_run_test.go:4259: DockerSuite.TestRunEmptyEnv	0.046s
PASS: docker_cli_run_test.go:1871: DockerSuite.TestRunEntrypoint	0.518s
PASS: docker_cli_run_test.go:817: DockerSuite.TestRunEnvironment	0.540s
PASS: docker_cli_run_test.go:856: DockerSuite.TestRunEnvironmentErase	0.499s
PASS: docker_cli_run_test.go:889: DockerSuite.TestRunEnvironmentOverride	0.513s
PASS: docker_cli_run_test.go:699: DockerSuite.TestRunExitCode	0.505s
PASS: docker_cli_run_test.go:90: DockerSuite.TestRunExitCodeOne	0.489s
PASS: docker_cli_run_test.go:85: DockerSuite.TestRunExitCodeZero	0.520s
PASS: docker_cli_run_test.go:1734: DockerSuite.TestRunExitOnStdinClose	0.528s
PASS: docker_cli_run_test.go:2289: DockerSuite.TestRunExposePort	0.018s
PASS: docker_cli_run_test.go:948: DockerSuite.TestRunFullHostnameSet	0.509s
PASS: docker_cli_run_test.go:1075: DockerSuite.TestRunGroupAdd	0.518s
PASS: docker_cli_run_test.go:4501: DockerSuite.TestRunHostnameFQDN	1.056s
PASS: docker_cli_run_test.go:4514: DockerSuite.TestRunHostnameInHostMode	0.328s
SKIP: docker_cli_run_test.go:4242: DockerSuite.TestRunHypervIsolationWithCPUCountCPUSharesAndCPUPercent (unmatched requirement DaemonIsWindows)
PASS: docker_cli_run_test.go:3726: DockerSuite.TestRunInitLayerPathOwnership	3.703s
PASS: docker_cli_run_test.go:2004: DockerSuite.TestRunInspectMacAddress	0.361s
PASS: docker_cli_run_test.go:1791: DockerSuite.TestRunInteractiveWithRestartPolicy	11.066s
PASS: docker_cli_run_unix_test.go:767: DockerSuite.TestRunInvalidCPUShares	0.661s
PASS: docker_cli_run_test.go:3272: DockerSuite.TestRunInvalidCgroupParent	1.066s
PASS: docker_cli_run_unix_test.go:729: DockerSuite.TestRunInvalidCpusetCpusFlagValue	0.021s
PASS: docker_cli_run_unix_test.go:748: DockerSuite.TestRunInvalidCpusetMemsFlagValue	0.016s
PASS: docker_cli_run_test.go:3714: DockerSuite.TestRunInvalidReference	0.012s
PASS: docker_cli_run_test.go:60: DockerSuite.TestRunLeakyFileDescriptors	0.542s
PASS: docker_cli_run_test.go:3381: DockerSuite.TestRunLinkToContainerNetMode	1.523s
PASS: docker_cli_run_test.go:193: DockerSuite.TestRunLinksContainerWithContainerID	0.892s
PASS: docker_cli_run_test.go:178: DockerSuite.TestRunLinksContainerWithContainerName	0.877s
PASS: docker_cli_run_test.go:72: DockerSuite.TestRunLookupGoogleDNS	0.883s
PASS: docker_cli_run_test.go:3391: DockerSuite.TestRunLoopbackOnlyExistsWhenNetworkingDisabled	0.426s
PASS: docker_cli_run_test.go:3417: DockerSuite.TestRunLoopbackWhenNetworkDisabled	0.406s
PASS: docker_cli_run_test.go:1199: DockerSuite.TestRunModeHostname	0.866s
PASS: docker_cli_run_test.go:2317: DockerSuite.TestRunModeIpcContainerNotExists	0.016s
PASS: docker_cli_run_test.go:2326: DockerSuite.TestRunModeIpcContainerNotRunning	0.200s
PASS: docker_cli_run_test.go:2295: DockerSuite.TestRunModeIpcHost	1.035s
PASS: docker_cli_run_test.go:3425: DockerSuite.TestRunModeNetContainerHostname	0.787s
PASS: docker_cli_run_test.go:2339: DockerSuite.TestRunModePIDContainer	0.898s
PASS: docker_cli_run_test.go:2364: DockerSuite.TestRunModePIDContainerNotExists	0.015s
PASS: docker_cli_run_test.go:2373: DockerSuite.TestRunModePIDContainerNotRunning	0.192s
PASS: docker_cli_run_test.go:2431: DockerSuite.TestRunModePIDHost	0.977s
PASS: docker_cli_run_test.go:2453: DockerSuite.TestRunModeUTSHost	1.059s
PASS: docker_cli_run_test.go:4321: DockerSuite.TestRunMount	5.237s
PASS: docker_cli_run_test.go:2082: DockerSuite.TestRunMountOrdering	0.516s
PASS: docker_cli_run_test.go:4309: DockerSuite.TestRunMountReadOnlyDevShm	0.538s
PASS: docker_cli_run_test.go:2386: DockerSuite.TestRunMountShmMqueueFromHost	0.843s
PASS: docker_cli_run_test.go:582: DockerSuite.TestRunMultipleVolumesFrom	1.585s
PASS: docker_cli_exec_test.go:395: DockerSuite.TestRunMutableNetworkFiles	2.231s
PASS: docker_cli_run_test.go:3214: DockerSuite.TestRunNamedVolume	1.560s
PASS: docker_cli_run_test.go:3858: DockerSuite.TestRunNamedVolumeCopyImageData	1.767s
PASS: docker_cli_run_test.go:3872: DockerSuite.TestRunNamedVolumeNotRemoved	1.181s
PASS: docker_cli_run_test.go:3889: DockerSuite.TestRunNamedVolumesFromNotRemoved	1.051s
PASS: docker_cli_run_test.go:3851: DockerSuite.TestRunNamedVolumesMountedAsShared	0.060s
PASS: docker_cli_run_test.go:2606: DockerSuite.TestRunNetContainerWhichHost	0.542s
PASS: docker_cli_run_test.go:2575: DockerSuite.TestRunNetHost	0.838s
PASS: docker_cli_run_test.go:931: DockerSuite.TestRunNetHostNotAllowedWithLinks	0.530s
PASS: docker_cli_run_test.go:2597: DockerSuite.TestRunNetHostTwiceSameName	0.716s
PASS: docker_cli_run_test.go:3069: DockerSuite.TestRunNetworkFilesBindMount	1.552s
PASS: docker_cli_run_test.go:3093: DockerSuite.TestRunNetworkFilesBindMountRO	1.548s
PASS: docker_cli_run_test.go:3115: DockerSuite.TestRunNetworkFilesBindMountROFilesystem	3.123s
PASS: docker_cli_run_test.go:3438: DockerSuite.TestRunNetworkNotInitializedNoneMode	0.339s
PASS: docker_cli_run_test.go:521: DockerSuite.TestRunNoDupVolumes	0.153s
PASS: docker_cli_run_unix_test.go:1144: DockerSuite.TestRunNoNewPrivSetuid	1.705s
PASS: docker_cli_run_test.go:2194: DockerSuite.TestRunNoOutputFromPullInStdout	0.944s
PASS: docker_cli_run_test.go:3663: DockerSuite.TestRunNonExecutableCmd	0.458s
PASS: docker_cli_run_test.go:3672: DockerSuite.TestRunNonExistingCmd	0.463s
PASS: docker_cli_run_test.go:3697: DockerSuite.TestRunNonExistingImage	0.941s
PASS: docker_cli_run_test.go:2558: DockerSuite.TestRunNonLocalMacAddress	0.508s
PASS: docker_cli_run_test.go:1404: DockerSuite.TestRunNonRootUserResolvName	0.884s
SKIP: docker_cli_run_unix_test.go:617: DockerSuite.TestRunOOMExitCode (unmatched requirement swapMemorySupport)
PASS: docker_cli_run_test.go:2806: DockerSuite.TestRunPIDHostWithChildIsKillable	0.539s
PASS: docker_cli_run_unix_test.go:1406: DockerSuite.TestRunPIDsLimit	0.542s
PASS: docker_cli_run_test.go:2494: DockerSuite.TestRunPortFromDockerRangeInUse	0.723s
PASS: docker_cli_run_test.go:2042: DockerSuite.TestRunPortInUse	0.474s
PASS: docker_cli_run_unix_test.go:1417: DockerSuite.TestRunPrivilegedAllowedDevices	0.466s
PASS: docker_cli_run_test.go:957: DockerSuite.TestRunPrivilegedCanMknod	0.460s
PASS: docker_cli_run_test.go:1086: DockerSuite.TestRunPrivilegedCanMount	0.467s
PASS: docker_cli_run_test.go:1125: DockerSuite.TestRunProcNotWritableInNonPrivilegedContainers	0.531s
PASS: docker_cli_run_test.go:1133: DockerSuite.TestRunProcWritableInPrivilegedContainers	0.487s
SKIP: docker_cli_run_test.go:4224: DockerSuite.TestRunProcessIsolationWithCPUCountCPUSharesAndCPUPercent (unmatched requirement DaemonIsWindows)
PASS: docker_cli_run_test.go:2983: DockerSuite.TestRunPublishPort	0.379s
PASS: docker_cli_run_test.go:2886: DockerSuite.TestRunReadFilteredProc	0.461s
SKIP: docker_cli_run_test.go:2865: DockerSuite.TestRunReadProcLatency (kernel doesn't have latency_stats configured)
PASS: docker_cli_run_test.go:2850: DockerSuite.TestRunReadProcTimer	0.514s
PASS: docker_cli_run_unix_test.go:34: DockerSuite.TestRunRedirectStdout	1.049s
SKIP: docker_cli_run_test.go:1426: DockerSuite.TestRunResolvconfUpdate (Unstable test, to be re-activated once #19937 is resolved)
PASS: docker_cli_run_test.go:2656: DockerSuite.TestRunRestartMaxRetries	2.338s
PASS: docker_cli_run_test.go:2127: DockerSuite.TestRunReuseBindVolumeThatIsSymlink	1.061s
PASS: docker_cli_run_test.go:4057: DockerSuite.TestRunRm	0.530s
PASS: docker_cli_run_test.go:4047: DockerSuite.TestRunRmAndWait	3.531s
PASS: docker_cli_run_test.go:4068: DockerSuite.TestRunRmPre125Api	0.582s
PASS: docker_cli_run_test.go:1220: DockerSuite.TestRunRootWorkdir	0.529s
PASS: docker_cli_run_unix_test.go:1050: DockerSuite.TestRunSeccompAllowPrivCloneUserns	3.868s
PASS: docker_cli_run_unix_test.go:1070: DockerSuite.TestRunSeccompAllowSetrlimit	1.514s
PASS: docker_cli_run_unix_test.go:1077: DockerSuite.TestRunSeccompDefaultProfileAcct	18.213s
PASS: docker_cli_run_unix_test.go:1107: DockerSuite.TestRunSeccompDefaultProfileNS	21.929s
PASS: docker_cli_run_unix_test.go:1062: DockerSuite.TestRunSeccompProfileAllow32Bit	1.529s
PASS: docker_cli_run_unix_test.go:952: DockerSuite.TestRunSeccompProfileDenyChmod	0.491s
PASS: docker_cli_run_unix_test.go:1025: DockerSuite.TestRunSeccompProfileDenyCloneUserns	1.557s
PASS: docker_cli_run_unix_test.go:923: DockerSuite.TestRunSeccompProfileDenyUnshare	1.505s
PASS: docker_cli_run_unix_test.go:987: DockerSuite.TestRunSeccompProfileDenyUnshareUserns	1.515s
PASS: docker_cli_run_unix_test.go:1037: DockerSuite.TestRunSeccompUnconfinedCloneUserns	1.499s
PASS: docker_cli_run_unix_test.go:1348: DockerSuite.TestRunSeccompWithDefaultProfile	1.541s
PASS: docker_cli_run_test.go:2648: DockerSuite.TestRunSetDefaultRestartPolicy	0.357s
PASS: docker_cli_run_test.go:1988: DockerSuite.TestRunSetMacAddress	0.540s
PASS: docker_cli_run_test.go:2238: DockerSuite.TestRunSlowStdoutConsumer	2.458s
PASS: docker_cli_run_test.go:1625: DockerSuite.TestRunState	0.952s
PASS: docker_cli_run_test.go:3617: DockerSuite.TestRunStdinBlockedAfterContainerExit	0.495s
PASS: docker_cli_run_test.go:97: DockerSuite.TestRunStdinPipe	0.570s
PASS: docker_cli_run_test.go:4132: DockerSuite.TestRunStoppedLoggingDriverNoLeak	0.161s
SKIP: docker_cli_run_unix_test.go:719: DockerSuite.TestRunSwapLessThanMemoryLimit (unmatched requirement swapMemorySupport)
PASS: docker_cli_run_test.go:1109: DockerSuite.TestRunSysNotWritableInNonPrivilegedContainers	0.497s
PASS: docker_cli_run_test.go:1117: DockerSuite.TestRunSysWritableInPrivilegedContainers	0.479s
PASS: docker_cli_run_unix_test.go:892: DockerSuite.TestRunSysctls	1.063s
PASS: docker_cli_run_test.go:2478: DockerSuite.TestRunTLSVerify	0.037s
PASS: docker_cli_run_test.go:2526: DockerSuite.TestRunTTYWithPipe	0.012s
PASS: docker_cli_run_test.go:1157: DockerSuite.TestRunThatCharacterDevicesActLikeCharacterDevices	0.517s
PASS: docker_cli_run_unix_test.go:819: DockerSuite.TestRunTmpfsMounts	1.773s
PASS: docker_cli_run_unix_test.go:811: DockerSuite.TestRunTmpfsMountsEnsureOrdered	0.518s
PASS: docker_cli_run_unix_test.go:840: DockerSuite.TestRunTmpfsMountsOverrideImageVolumes	1.928s
PASS: docker_cli_run_unix_test.go:852: DockerSuite.TestRunTmpfsMountsWithOptions	3.577s
PASS: docker_cli_run_test.go:795: DockerSuite.TestRunTwoConcurrentContainers	2.721s
PASS: docker_cli_run_test.go:967: DockerSuite.TestRunUnprivilegedCanMknod	0.595s
PASS: docker_cli_run_test.go:1096: DockerSuite.TestRunUnprivilegedCannotMount	0.534s
PASS: docker_cli_run_test.go:1166: DockerSuite.TestRunUnprivilegedWithChroot	0.518s
PASS: docker_cli_run_test.go:4080: DockerSuite.TestRunUnsetEntrypoint	4.527s
PASS: docker_cli_run_test.go:2925: DockerSuite.TestRunUnshareProc	5.397s
PASS: docker_cli_run_test.go:736: DockerSuite.TestRunUserByID	0.525s
PASS: docker_cli_run_test.go:746: DockerSuite.TestRunUserByIDBig	0.128s
PASS: docker_cli_run_test.go:759: DockerSuite.TestRunUserByIDNegative	0.123s
PASS: docker_cli_run_test.go:772: DockerSuite.TestRunUserByIDZero	0.504s
PASS: docker_cli_run_test.go:726: DockerSuite.TestRunUserByName	0.523s
PASS: docker_cli_run_test.go:715: DockerSuite.TestRunUserDefaults	0.509s
SKIP: docker_cli_run_unix_test.go:1426: DockerSuite.TestRunUserDeviceAllowed (Host does not have /dev/snd/timer)
PASS: docker_cli_run_test.go:785: DockerSuite.TestRunUserNotFound	0.125s
PASS: docker_cli_run_test.go:593: DockerSuite.TestRunVerifyContainerID	0.362s
PASS: docker_cli_run_test.go:3969: DockerSuite.TestRunVolumeCopyFlag	4.130s
PASS: docker_cli_run_test.go:3962: DockerSuite.TestRunVolumeWithOneCharacter	0.519s
PASS: docker_cli_run_test.go:2207: DockerSuite.TestRunVolumesCleanPaths	1.466s
PASS: docker_cli_run_test.go:473: DockerSuite.TestRunVolumesFromInReadWriteMode	1.655s
PASS: docker_cli_run_test.go:452: DockerSuite.TestRunVolumesFromInReadonlyModeFails	1.048s
PASS: docker_cli_run_test.go:2766: DockerSuite.TestRunVolumesFromRestartAfterRemoved	1.450s
PASS: docker_cli_run_test.go:658: DockerSuite.TestRunVolumesFromSymlinkPath	2.966s
PASS: docker_cli_run_test.go:446: DockerSuite.TestRunVolumesMountedAsReadonly	0.523s
PASS: docker_cli_run_test.go:3771: DockerSuite.TestRunVolumesMountedAsShared	0.514s
PASS: docker_cli_run_test.go:3802: DockerSuite.TestRunVolumesMountedAsSlave	0.475s
SKIP: docker_cli_run_test.go:4194: DockerSuite.TestRunWindowsWithCPUCount (unmatched requirement DaemonIsWindows)
SKIP: docker_cli_run_test.go:4214: DockerSuite.TestRunWindowsWithCPUPercent (unmatched requirement DaemonIsWindows)
SKIP: docker_cli_run_test.go:4204: DockerSuite.TestRunWindowsWithCPUShares (unmatched requirement DaemonIsWindows)
PASS: docker_cli_run_test.go:1856: DockerSuite.TestRunWithBadDevice	0.194s
PASS: docker_cli_run_unix_test.go:568: DockerSuite.TestRunWithBlkioWeight	0.524s
PASS: docker_cli_run_unix_test.go:458: DockerSuite.TestRunWithCPUQuota	0.663s
PASS: docker_cli_run_unix_test.go:526: DockerSuite.TestRunWithCPUShares	0.529s
PASS: docker_cli_run_unix_test.go:469: DockerSuite.TestRunWithCpuPeriod	1.076s
PASS: docker_cli_run_unix_test.go:546: DockerSuite.TestRunWithCpusetCpus	0.522s
PASS: docker_cli_run_unix_test.go:557: DockerSuite.TestRunWithCpusetMems	0.531s
PASS: docker_cli_run_test.go:341: DockerSuite.TestRunWithDaemonFlags	0.011s
PASS: docker_cli_run_unix_test.go:785: DockerSuite.TestRunWithDefaultShmSize	0.542s
PASS: docker_cli_run_unix_test.go:579: DockerSuite.TestRunWithInvalidBlkioWeight	0.016s
PASS: docker_cli_run_unix_test.go:483: DockerSuite.TestRunWithInvalidCpuPeriod	0.043s
PASS: docker_cli_run_unix_test.go:512: DockerSuite.TestRunWithInvalidKernelMemory	0.024s
PASS: docker_cli_run_test.go:2018: DockerSuite.TestRunWithInvalidMacAddress	0.011s
PASS: docker_cli_run_unix_test.go:593: DockerSuite.TestRunWithInvalidPathforBlkioDeviceReadBps	0.115s
PASS: docker_cli_run_unix_test.go:605: DockerSuite.TestRunWithInvalidPathforBlkioDeviceReadIOps	0.119s
PASS: docker_cli_run_unix_test.go:599: DockerSuite.TestRunWithInvalidPathforBlkioDeviceWriteBps	0.136s
PASS: docker_cli_run_unix_test.go:611: DockerSuite.TestRunWithInvalidPathforBlkioDeviceWriteIOps	0.116s
PASS: docker_cli_run_unix_test.go:587: DockerSuite.TestRunWithInvalidPathforBlkioWeightDevice	0.122s
PASS: docker_cli_run_unix_test.go:499: DockerSuite.TestRunWithKernelMemory	0.569s
PASS: docker_cli_run_unix_test.go:637: DockerSuite.TestRunWithMemoryLimit	0.549s
PASS: docker_cli_run_unix_test.go:682: DockerSuite.TestRunWithMemoryReservation	0.531s
PASS: docker_cli_run_unix_test.go:693: DockerSuite.TestRunWithMemoryReservationInvalid	0.047s
PASS: docker_cli_run_unix_test.go:1563: DockerSuite.TestRunWithNanoCPUs	0.561s
PASS: docker_cli_run_test.go:282: DockerSuite.TestRunWithNetAliasOnDefaultNetworks	0.202s
PASS: docker_cli_run_test.go:3743: DockerSuite.TestRunWithOomScoreAdj	0.532s
PASS: docker_cli_run_test.go:3754: DockerSuite.TestRunWithOomScoreAdjInvalidRange	0.039s
PASS: docker_cli_run_unix_test.go:798: DockerSuite.TestRunWithShmSize	0.544s
PASS: docker_cli_run_unix_test.go:660: DockerSuite.TestRunWithSwappiness	0.562s
PASS: docker_cli_run_unix_test.go:670: DockerSuite.TestRunWithSwappinessInvalid	0.027s
PASS: docker_cli_run_test.go:2829: DockerSuite.TestRunWithTooSmallMemoryLimit	0.021s
PASS: docker_cli_run_test.go:3226: DockerSuite.TestRunWithUlimits	0.517s
PASS: docker_cli_run_test.go:348: DockerSuite.TestRunWithVolumesFromExited	1.046s
PASS: docker_cli_run_unix_test.go:62: DockerSuite.TestRunWithVolumesIsRecursive	0.518s
SKIP: docker_cli_run_unix_test.go:653: DockerSuite.TestRunWithoutMemoryswapLimit (unmatched requirement swapMemorySupport)
PASS: docker_cli_run_test.go:159: DockerSuite.TestRunWithoutNetworking	0.424s
PASS: docker_cli_run_test.go:1720: DockerSuite.TestRunWorkdirExistsAndIsFile	0.071s
PASS: docker_cli_run_test.go:136: DockerSuite.TestRunWorkingDirectory	1.006s
PASS: docker_cli_run_test.go:3042: DockerSuite.TestRunWriteFilteredProc	0.466s
PASS: docker_cli_run_test.go:1808: DockerSuite.TestRunWriteSpecialFilesAndNotCommit	1.630s
PASS: docker_cli_run_test.go:2841: DockerSuite.TestRunWriteToProcAsound	0.522s
PASS: docker_cli_run_test.go:3640: DockerSuite.TestRunWrongCpusetCpusFlagValue	0.016s
PASS: docker_cli_run_test.go:3651: DockerSuite.TestRunWrongCpusetMemsFlagValue	0.018s
PASS: docker_cli_save_load_test.go:157: DockerSuite.TestSaveAndLoadRepoFlags	1.680s
PASS: docker_cli_save_load_unix_test.go:22: DockerSuite.TestSaveAndLoadRepoStdout	0.994s
PASS: docker_cli_save_load_unix_test.go:73: DockerSuite.TestSaveAndLoadWithProgressBar	1.067s
PASS: docker_cli_save_load_test.go:99: DockerSuite.TestSaveCheckTimes	0.055s
PASS: docker_cli_save_load_test.go:258: DockerSuite.TestSaveDirectoryPermissions	1.710s
PASS: docker_cli_save_load_test.go:118: DockerSuite.TestSaveImageId	0.076s
PASS: docker_cli_save_load_test.go:379: DockerSuite.TestSaveLoadNoTag	1.094s
PASS: docker_cli_save_load_test.go:340: DockerSuite.TestSaveLoadParents	2.109s
PASS: docker_cli_save_load_test.go:188: DockerSuite.TestSaveMultipleNames	0.049s
PASS: docker_cli_save_load_test.go:206: DockerSuite.TestSaveRepoWithMultipleImages	1.610s
PASS: docker_cli_save_load_test.go:84: DockerSuite.TestSaveSingleTag	0.069s
PASS: docker_cli_save_load_test.go:178: DockerSuite.TestSaveWithNoExistImage	0.012s
PASS: docker_cli_save_load_test.go:26: DockerSuite.TestSaveXzAndLoadRepoStdout	1.454s
PASS: docker_cli_save_load_test.go:55: DockerSuite.TestSaveXzGzAndLoadRepoStdout	1.965s
PASS: docker_cli_search_test.go:47: DockerSuite.TestSearchCmdOptions	4.007s
PASS: docker_cli_search_test.go:12: DockerSuite.TestSearchOnCentralRegistry	0.691s
PASS: docker_cli_search_test.go:96: DockerSuite.TestSearchOnCentralRegistryWithDash	0.702s
PASS: docker_cli_search_test.go:19: DockerSuite.TestSearchStarsOptionWithWrongParameter	0.099s
PASS: docker_cli_search_test.go:103: DockerSuite.TestSearchWithLimit	1.701s
PASS: docker_cli_run_test.go:4278: DockerSuite.TestSlowStdinClosing	2.075s
PASS: docker_cli_start_test.go:44: DockerSuite.TestStartAttachCorrectExitCode	4.993s
PASS: docker_cli_start_test.go:145: DockerSuite.TestStartAttachMultipleContainers	1.773s
PASS: docker_cli_start_test.go:15: DockerSuite.TestStartAttachReturnsOnError	0.709s
PASS: docker_cli_start_test.go:57: DockerSuite.TestStartAttachSilent	1.067s
PASS: docker_cli_start_test.go:174: DockerSuite.TestStartAttachWithRename	2.600s
PASS: docker_cli_start_test.go:109: DockerSuite.TestStartMultipleContainers	1.365s
PASS: docker_cli_start_test.go:94: DockerSuite.TestStartPausedContainer	0.388s
PASS: docker_cli_start_test.go:69: DockerSuite.TestStartRecordError	1.082s
PASS: docker_cli_start_test.go:189: DockerSuite.TestStartReturnCorrectExitCode	1.345s
PASS: docker_cli_stats_test.go:122: DockerSuite.TestStatsAllNewContainersAdded	1.833s
PASS: docker_cli_stats_test.go:93: DockerSuite.TestStatsAllNoStream	2.597s
PASS: docker_cli_stats_test.go:57: DockerSuite.TestStatsAllRunningNoStream	3.783s
PASS: docker_cli_stats_test.go:44: DockerSuite.TestStatsContainerNotFound	3.027s
PASS: docker_cli_stats_test.go:163: DockerSuite.TestStatsFormatAll	4.522s
PASS: docker_cli_stats_test.go:15: DockerSuite.TestStatsNoStream	2.783s
PASS: docker_cli_run_unix_test.go:707: DockerSuite.TestStopContainerSignal	1.543s
PASS: docker_cli_top_test.go:11: DockerSuite.TestTopMultipleArgs	0.366s
PASS: docker_cli_top_test.go:26: DockerSuite.TestTopNonPrivileged	0.587s
PASS: docker_cli_top_test.go:61: DockerSuite.TestTopPrivileged	0.559s
SKIP: docker_cli_top_test.go:50: DockerSuite.TestTopWindowsCoreProcesses (unmatched requirement DaemonIsWindows)
PASS: docker_cli_run_test.go:3450: DockerSuite.TestTwoContainersInNetHost	0.704s
PASS: docker_cli_port_test.go:212: DockerSuite.TestUnpublishedPortsInPsOutput	2.281s
PASS: docker_cli_health_test.go:147: DockerSuite.TestUnsetEnvVarHealthCheck	4.301s
PASS: docker_cli_update_unix_test.go:103: DockerSuite.TestUpdateContainerInvalidValue	0.415s
PASS: docker_cli_update_unix_test.go:115: DockerSuite.TestUpdateContainerWithoutFlags	0.395s
SKIP: docker_cli_update_unix_test.go:202: DockerSuite.TestUpdateInvalidSwapMemory (unmatched requirement swapMemorySupport)
PASS: docker_cli_update_unix_test.go:125: DockerSuite.TestUpdateKernelMemory	0.512s
PASS: docker_cli_update_unix_test.go:139: DockerSuite.TestUpdateKernelMemoryUninitialized	1.156s
SKIP: docker_cli_update_unix_test.go:258: DockerSuite.TestUpdateMemoryWithSwapMemory (unmatched requirement swapMemorySupport)
PASS: docker_cli_update_unix_test.go:272: DockerSuite.TestUpdateNotAffectMonitorRestartPolicy	0.927s
PASS: docker_cli_update_unix_test.go:68: DockerSuite.TestUpdatePausedContainer	0.539s
PASS: docker_cli_update_unix_test.go:22: DockerSuite.TestUpdateRunningContainer	0.505s
PASS: docker_cli_update_unix_test.go:37: DockerSuite.TestUpdateRunningContainerWithRestart	1.072s
PASS: docker_cli_update_unix_test.go:227: DockerSuite.TestUpdateStats	3.867s
PASS: docker_cli_update_unix_test.go:53: DockerSuite.TestUpdateStoppedContainer	1.012s
SKIP: docker_cli_update_unix_test.go:186: DockerSuite.TestUpdateSwapMemoryOnly (unmatched requirement swapMemorySupport)
PASS: docker_cli_update_unix_test.go:300: DockerSuite.TestUpdateWithNanoCPUs	0.657s
PASS: docker_cli_update_unix_test.go:85: DockerSuite.TestUpdateWithUntouchedFields	0.499s
PASS: docker_cli_run_test.go:293: DockerSuite.TestUserDefinedNetworkAlias	2.362s
PASS: docker_cli_network_unix_test.go:1536: DockerSuite.TestUserDefinedNetworkConnectDisconnectAlias	2.125s
PASS: docker_cli_network_unix_test.go:1462: DockerSuite.TestUserDefinedNetworkConnectDisconnectLink	1.637s
PASS: docker_cli_network_unix_test.go:1591: DockerSuite.TestUserDefinedNetworkConnectivity	1.170s
PASS: docker_cli_run_test.go:208: DockerSuite.TestUserDefinedNetworkLinks	1.906s
PASS: docker_cli_run_test.go:244: DockerSuite.TestUserDefinedNetworkLinksWithRestart	2.679s
PASS: docker_cli_run_unix_test.go:1168: DockerSuite.TestUserNoEffectiveCapabilitiesChown	1.579s
PASS: docker_cli_run_unix_test.go:1289: DockerSuite.TestUserNoEffectiveCapabilitiesChroot	1.657s
PASS: docker_cli_run_unix_test.go:1186: DockerSuite.TestUserNoEffectiveCapabilitiesDacOverride	1.020s
PASS: docker_cli_run_unix_test.go:1199: DockerSuite.TestUserNoEffectiveCapabilitiesFowner	1.028s
PASS: docker_cli_run_unix_test.go:1307: DockerSuite.TestUserNoEffectiveCapabilitiesMknod	1.531s
PASS: docker_cli_run_unix_test.go:1253: DockerSuite.TestUserNoEffectiveCapabilitiesNetBindService	6.710s
PASS: docker_cli_run_unix_test.go:1271: DockerSuite.TestUserNoEffectiveCapabilitiesNetRaw	6.637s
PASS: docker_cli_run_unix_test.go:1233: DockerSuite.TestUserNoEffectiveCapabilitiesSetgid	6.666s
PASS: docker_cli_run_unix_test.go:1215: DockerSuite.TestUserNoEffectiveCapabilitiesSetuid	6.710s
PASS: docker_cli_volume_test.go:22: DockerSuite.TestVolumeCLICreate	15.058s
PASS: docker_cli_volume_test.go:298: DockerSuite.TestVolumeCLICreateLabel	0.034s
PASS: docker_cli_volume_test.go:310: DockerSuite.TestVolumeCLICreateLabelMultiple	0.038s
PASS: docker_cli_volume_test.go:274: DockerSuite.TestVolumeCLICreateWithOpts	0.570s
PASS: docker_cli_volume_test.go:38: DockerSuite.TestVolumeCLIInspect	0.067s
PASS: docker_cli_volume_test.go:55: DockerSuite.TestVolumeCLIInspectMulti	0.052s
PASS: docker_cli_volume_test.go:264: DockerSuite.TestVolumeCLIInspectTmplError	0.026s
PASS: docker_cli_volume_test.go:72: DockerSuite.TestVolumeCLILs	0.600s
PASS: docker_cli_volume_test.go:193: DockerSuite.TestVolumeCLILsErrorWithInvalidFilterName	0.014s
PASS: docker_cli_volume_test.go:143: DockerSuite.TestVolumeCLILsFilterDangling	0.685s
PASS: docker_cli_volume_test.go:367: DockerSuite.TestVolumeCLILsFilterDrivers	0.075s
PASS: docker_cli_volume_test.go:337: DockerSuite.TestVolumeCLILsFilterLabels	0.085s
PASS: docker_cli_volume_test.go:199: DockerSuite.TestVolumeCLILsWithIncorrectFilterValue	0.013s
PASS: docker_cli_volume_test.go:241: DockerSuite.TestVolumeCLINoArgs	0.034s
PASS: docker_cli_volume_test.go:205: DockerSuite.TestVolumeCLIRm	1.756s
PASS: docker_cli_volume_test.go:406: DockerSuite.TestVolumeCLIRmForce	0.079s
PASS: docker_cli_volume_test.go:430: DockerSuite.TestVolumeCLIRmForceInUse	0.164s
PASS: docker_cli_volume_test.go:398: DockerSuite.TestVolumeCLIRmForceUsage	0.038s
PASS: docker_cli_volume_test.go:468: DockerSuite.TestVolumeCliInspectWithVolumeOpts	0.049s
PASS: docker_cli_events_unix_test.go:168: DockerSuite.TestVolumeEvents	0.629s
PASS: docker_cli_run_test.go:3019: DockerSuite.TestVolumeFromMixedRWOptions	1.595s
PASS: docker_cli_volume_test.go:85: DockerSuite.TestVolumeLsFormat	0.058s
PASS: docker_cli_volume_test.go:94: DockerSuite.TestVolumeLsFormatDefaultFormat	0.054s
PASS: docker_cli_run_test.go:496: DockerSuite.TestVolumesFromGetsProperMode	2.083s
PASS: docker_cli_run_test.go:2174: DockerSuite.TestVolumesNoCopyData	4.192s
SKIP: docker_cli_run_test.go:4537: DockerSuite.TestWindowsRunAsSystem (unmatched requirement DaemonIsWindowsAtLeastBuild.func1)
PASS: docker_cli_by_digest_test.go:184: DockerRegistrySuite.TestBuildByDigest	2.108s
PASS: docker_api_build_test.go:327: DockerRegistrySuite.TestBuildCopyFromForcePull	1.853s
PASS: docker_cli_build_test.go:5791: DockerRegistrySuite.TestBuildMultiStageImplicitPull	2.364s
PASS: docker_cli_pull_local_test.go:197: DockerRegistrySuite.TestConcurrentPullMultipleTags	7.179s
PASS: docker_cli_push_test.go:199: DockerRegistrySuite.TestConcurrentPush	8.057s
PASS: docker_cli_by_digest_test.go:130: DockerRegistrySuite.TestCreateByDigest	1.262s
PASS: docker_cli_push_test.go:207: DockerRegistrySuite.TestCrossRepositoryLayerPush	0.844s
PASS: docker_cli_by_digest_test.go:447: DockerRegistrySuite.TestDeleteImageByIDOnlyPulledByDigest	1.890s
PASS: docker_cli_by_digest_test.go:493: DockerRegistrySuite.TestDeleteImageWithDigestAndMultiRepoTag	1.943s
PASS: docker_cli_by_digest_test.go:466: DockerRegistrySuite.TestDeleteImageWithDigestAndTag	1.854s
PASS: docker_cli_events_test.go:545: DockerRegistrySuite.TestEventsImageFilterPush	1.841s
PASS: docker_cli_by_digest_test.go:391: DockerRegistrySuite.TestInspectImageWithDigests	1.822s
PASS: docker_cli_by_digest_test.go:318: DockerRegistrySuite.TestListDanglingImagesWithDigests	2.888s
PASS: docker_cli_by_digest_test.go:241: DockerRegistrySuite.TestListImagesWithDigests	2.859s
PASS: docker_cli_by_digest_test.go:228: DockerRegistrySuite.TestListImagesWithoutDigests	1.854s
PASS: docker_cli_by_digest_test.go:410: DockerRegistrySuite.TestPsListContainersFilterAncestorImageByDigest	3.594s
PASS: docker_cli_by_digest_test.go:105: DockerRegistrySuite.TestPullByDigest	1.113s
PASS: docker_cli_by_digest_test.go:122: DockerRegistrySuite.TestPullByDigestNoFallback	0.019s
PASS: docker_cli_by_digest_test.go:79: DockerRegistrySuite.TestPullByTagDisplaysDigest	1.745s
PASS: docker_cli_by_digest_test.go:612: DockerRegistrySuite.TestPullFailsWithAlteredLayer	1.770s
PASS: docker_cli_by_digest_test.go:530: DockerRegistrySuite.TestPullFailsWithAlteredManifest	0.910s
PASS: docker_cli_pull_local_test.go:258: DockerRegistrySuite.TestPullIDStability	5.127s
PASS: docker_cli_pull_local_test.go:54: DockerRegistrySuite.TestPullImageWithAliases	0.300s
PASS: docker_cli_pull_local_test.go:286: DockerRegistrySuite.TestPullManifestList	1.315s
PASS: docker_cli_pull_local_test.go:278: DockerRegistrySuite.TestPullNoLayers	0.598s
PASS: docker_cli_push_test.go:69: DockerRegistrySuite.TestPushBadTag	0.013s
PASS: docker_cli_push_test.go:29: DockerRegistrySuite.TestPushBusyboxImage	0.181s
PASS: docker_cli_push_test.go:145: DockerRegistrySuite.TestPushEmptyLayer	0.146s
PASS: docker_cli_push_test.go:114: DockerRegistrySuite.TestPushMultipleTags	0.244s
PASS: docker_cli_push_test.go:52: DockerRegistrySuite.TestPushUntagged	0.013s
PASS: docker_cli_by_digest_test.go:161: DockerRegistrySuite.TestRemoveImageByDigest	1.066s
PASS: docker_cli_by_digest_test.go:143: DockerRegistrySuite.TestRunByDigest	2.280s
PASS: docker_cli_pull_local_test.go:451: DockerRegistrySuite.TestRunImplicitPullWithNoTag	0.785s
PASS: docker_cli_by_digest_test.go:209: DockerRegistrySuite.TestTagByDigest	1.455s
PASS: docker_cli_registry_user_agent_test.go:73: DockerRegistrySuite.TestUserAgentPassThrough	0.848s
PASS: docker_cli_v2_only_test.go:27: DockerRegistrySuite.TestV2Only	0.664s
PASS: docker_cli_pull_local_test.go:201: DockerSchema1RegistrySuite.TestConcurrentPullMultipleTags	7.525s
PASS: docker_cli_push_test.go:203: DockerSchema1RegistrySuite.TestConcurrentPush	8.023s
PASS: docker_cli_push_test.go:248: DockerSchema1RegistrySuite.TestCrossRepositoryLayerPushNotSupported	0.938s
PASS: docker_cli_by_digest_test.go:109: DockerSchema1RegistrySuite.TestPullByDigest	1.059s
PASS: docker_cli_by_digest_test.go:126: DockerSchema1RegistrySuite.TestPullByDigestNoFallback	0.017s
PASS: docker_cli_by_digest_test.go:83: DockerSchema1RegistrySuite.TestPullByTagDisplaysDigest	1.741s
PASS: docker_cli_by_digest_test.go:655: DockerSchema1RegistrySuite.TestPullFailsWithAlteredLayer	1.770s
PASS: docker_cli_by_digest_test.go:570: DockerSchema1RegistrySuite.TestPullFailsWithAlteredManifest	0.927s
PASS: docker_cli_pull_local_test.go:262: DockerSchema1RegistrySuite.TestPullIDStability	5.125s
PASS: docker_cli_pull_local_test.go:58: DockerSchema1RegistrySuite.TestPullImageWithAliases	0.335s
PASS: docker_cli_pull_local_test.go:282: DockerSchema1RegistrySuite.TestPullNoLayers	0.976s
PASS: docker_cli_push_test.go:73: DockerSchema1RegistrySuite.TestPushBadTag	0.013s
PASS: docker_cli_push_test.go:33: DockerSchema1RegistrySuite.TestPushBusyboxImage	0.209s
PASS: docker_cli_push_test.go:149: DockerSchema1RegistrySuite.TestPushEmptyLayer	0.168s
PASS: docker_cli_push_test.go:118: DockerSchema1RegistrySuite.TestPushMultipleTags	0.287s
PASS: docker_cli_push_test.go:56: DockerSchema1RegistrySuite.TestPushUntagged	0.013s
PASS: docker_cli_build_test.go:5001: DockerRegistryAuthHtpasswdSuite.TestBuildFromAuthenticatedRegistry	1.507s
PASS: docker_cli_build_test.go:5019: DockerRegistryAuthHtpasswdSuite.TestBuildWithExternalAuth	0.415s
PASS: docker_cli_login_test.go:22: DockerRegistryAuthHtpasswdSuite.TestLoginToPrivateRegistry	0.055s
PASS: docker_cli_logout_test.go:15: DockerRegistryAuthHtpasswdSuite.TestLogoutWithExternalAuth	1.027s
PASS: docker_cli_logout_test.go:67: DockerRegistryAuthHtpasswdSuite.TestLogoutWithWrongHostnamesStored	0.113s
PASS: docker_cli_pull_local_test.go:415: DockerRegistryAuthHtpasswdSuite.TestPullWithExternalAuth	0.286s
PASS: docker_cli_pull_local_test.go:370: DockerRegistryAuthHtpasswdSuite.TestPullWithExternalAuthLoginWithScheme	0.449s
PASS: docker_cli_push_test.go:281: DockerRegistryAuthHtpasswdSuite.TestPushNoCredentialsNoRetry	0.038s
PASS: docker_cli_push_test.go:343: DockerRegistryAuthTokenSuite.TestPushMisconfiguredTokenServiceResponseError	5.142s
PASS: docker_cli_push_test.go:371: DockerRegistryAuthTokenSuite.TestPushMisconfiguredTokenServiceResponseNoToken	0.140s
PASS: docker_cli_push_test.go:330: DockerRegistryAuthTokenSuite.TestPushMisconfiguredTokenServiceResponseUnauthorized	0.140s
PASS: docker_cli_push_test.go:358: DockerRegistryAuthTokenSuite.TestPushMisconfiguredTokenServiceResponseUnparsable	0.140s
PASS: docker_cli_push_test.go:318: DockerRegistryAuthTokenSuite.TestPushTokenServiceUnauthResponse	0.140s
PASS: docker_cli_daemon_test.go:1745: DockerDaemonSuite.TestBridgeIPIsExcludedFromAllocatorPool	3.816s
PASS: docker_cli_daemon_test.go:2374: DockerDaemonSuite.TestBuildOnDisabledBridgeNetworkDaemon	2.055s
PASS: docker_cli_proxy_test.go:23: DockerDaemonSuite.TestCLIProxyProxyTCPSock	0.546s
PASS: docker_cli_daemon_test.go:1432: DockerDaemonSuite.TestCleanupMountsAfterDaemonAndContainerKill	1.833s
PASS: docker_cli_daemon_test.go:2005: DockerDaemonSuite.TestCleanupMountsAfterDaemonCrash	1.810s
PASS: docker_cli_daemon_test.go:1470: DockerDaemonSuite.TestCleanupMountsAfterGracefulShutdown	1.299s
PASS: docker_cli_daemon_test.go:523: DockerDaemonSuite.TestDaemonAllocatesListeningPort	1.088s
PASS: docker_cli_daemon_test.go:582: DockerDaemonSuite.TestDaemonBridgeExternal	1.928s
PASS: docker_cli_daemon_test.go:752: DockerDaemonSuite.TestDaemonBridgeFixedCIDREqualBridgeNetwork	1.809s
PASS: docker_cli_daemon_test.go:704: DockerDaemonSuite.TestDaemonBridgeFixedCidr	2.411s
PASS: docker_cli_daemon_test.go:727: DockerDaemonSuite.TestDaemonBridgeFixedCidr2	2.510s
PASS: docker_cli_daemon_test.go:642: DockerDaemonSuite.TestDaemonBridgeIP	1.831s
PASS: docker_cli_daemon_test.go:612: DockerDaemonSuite.TestDaemonBridgeNone	1.253s
PASS: docker_cli_daemon_test.go:1857: DockerDaemonSuite.TestDaemonCgroupParent	1.793s
PASS: docker_cli_daemon_test.go:1669: DockerDaemonSuite.TestDaemonCorruptedFluentdAddress	0.041s
PASS: docker_cli_daemon_test.go:1661: DockerDaemonSuite.TestDaemonCorruptedLogDriverAddress	0.045s
PASS: docker_cli_daemon_test.go:2389: DockerDaemonSuite.TestDaemonDNSFlagsInHostMode	1.102s
PASS: docker_cli_daemon_test.go:2185: DockerDaemonSuite.TestDaemonDebugLog	0.515s
PASS: docker_cli_daemon_test.go:791: DockerDaemonSuite.TestDaemonDefaultGatewayIPv4Explicit	1.820s
PASS: docker_cli_daemon_test.go:813: DockerDaemonSuite.TestDaemonDefaultGatewayIPv4ExplicitOutsideContainerSubnet	1.280s
PASS: docker_cli_daemon_test.go:770: DockerDaemonSuite.TestDaemonDefaultGatewayIPv4Implicit	1.851s
PASS: docker_cli_daemon_test.go:824: DockerDaemonSuite.TestDaemonDefaultNetworkInvalidClusterConfig	1.062s
PASS: docker_cli_daemon_test.go:2205: DockerDaemonSuite.TestDaemonDiscoveryBackendConfigReload	0.537s
PASS: docker_cli_events_unix_test.go:391: DockerDaemonSuite.TestDaemonEvents	3.544s
PASS: docker_cli_events_unix_test.go:460: DockerDaemonSuite.TestDaemonEventsWithFilters	3.605s
PASS: docker_cli_daemon_test.go:567: DockerDaemonSuite.TestDaemonExitOnFailure	0.038s
PASS: docker_cli_daemon_test.go:496: DockerDaemonSuite.TestDaemonFlagD	0.510s
PASS: docker_cli_daemon_test.go:505: DockerDaemonSuite.TestDaemonFlagDebug	0.510s
PASS: docker_cli_daemon_test.go:514: DockerDaemonSuite.TestDaemonFlagDebugLogLevelFatal	0.510s
PASS: docker_cli_daemon_test.go:906: DockerDaemonSuite.TestDaemonICCLinkExpose	2.360s
SKIP: docker_cli_daemon_test.go:870: DockerDaemonSuite.TestDaemonICCPing (unmatched requirement bridgeNfIptables)
PASS: docker_cli_daemon_test.go:841: DockerDaemonSuite.TestDaemonIP	2.001s
SKIP: docker_cli_daemon_test.go:355: DockerDaemonSuite.TestDaemonIPv6Enabled (unmatched requirement IPv6)
PASS: docker_cli_daemon_test.go:414: DockerDaemonSuite.TestDaemonIPv6FixedCIDR	1.207s
PASS: docker_cli_daemon_test.go:441: DockerDaemonSuite.TestDaemonIPv6FixedCIDRAndMac	1.181s
PASS: docker_cli_daemon_test.go:460: DockerDaemonSuite.TestDaemonIPv6HostMode	1.150s
PASS: docker_cli_daemon_test.go:293: DockerDaemonSuite.TestDaemonIptablesClean	1.269s
PASS: docker_cli_daemon_test.go:311: DockerDaemonSuite.TestDaemonIptablesCreate	1.831s
PASS: docker_cli_daemon_test.go:547: DockerDaemonSuite.TestDaemonKeyGeneration	0.515s
PASS: docker_cli_daemon_plugins_test.go:72: DockerDaemonSuite.TestDaemonKillLiveRestoreWithPlugins	5.612s
PASS: docker_cli_daemon_plugins_test.go:161: DockerDaemonSuite.TestDaemonKillWithPlugins	5.736s
time="2019-01-09T11:05:06Z" level=warning msg="Running modprobe nf_nat failed with message: ``, error: exec: \"modprobe\": executable file not found in $PATH"
time="2019-01-09T11:05:06Z" level=warning msg="Running modprobe xt_conntrack failed with message: ``, error: exec: \"modprobe\": executable file not found in $PATH"
PASS: docker_cli_daemon_test.go:932: DockerDaemonSuite.TestDaemonLinksIpTablesRulesWhenLinkAndUnlink	2.552s
PASS: docker_cli_daemon_test.go:477: DockerDaemonSuite.TestDaemonLogLevelDebug	0.518s
PASS: docker_cli_daemon_test.go:486: DockerDaemonSuite.TestDaemonLogLevelFatal	0.509s
PASS: docker_cli_daemon_test.go:473: DockerDaemonSuite.TestDaemonLogLevelWrong	0.040s
PASS: docker_cli_daemon_test.go:2251: DockerDaemonSuite.TestDaemonLogOptions	1.092s
PASS: docker_cli_daemon_test.go:1031: DockerDaemonSuite.TestDaemonLoggingDriverDefault	1.262s
PASS: docker_cli_daemon_test.go:1069: DockerDaemonSuite.TestDaemonLoggingDriverDefaultOverride	1.230s
PASS: docker_cli_daemon_test.go:1086: DockerDaemonSuite.TestDaemonLoggingDriverNone	1.249s
PASS: docker_cli_daemon_test.go:1143: DockerDaemonSuite.TestDaemonLoggingDriverNoneLogsError	1.285s
PASS: docker_cli_daemon_test.go:1103: DockerDaemonSuite.TestDaemonLoggingDriverNoneOverride	1.255s
PASS: docker_cli_daemon_test.go:1155: DockerDaemonSuite.TestDaemonLoggingDriverShouldBeIgnoredForBuild	1.595s
PASS: docker_cli_daemon_test.go:2264: DockerDaemonSuite.TestDaemonMaxConcurrency	0.516s
PASS: docker_cli_daemon_test.go:2276: DockerDaemonSuite.TestDaemonMaxConcurrencyWithConfigFile	3.511s
PASS: docker_cli_daemon_test.go:2317: DockerDaemonSuite.TestDaemonMaxConcurrencyWithConfigFileReload	6.512s
PASS: docker_cli_daemon_test.go:1772: DockerDaemonSuite.TestDaemonNoSpaceLeftOnDeviceError	5.992s
PASS: docker_cli_daemon_test.go:1503: DockerDaemonSuite.TestDaemonRestartCleanupNetns	1.825s
PASS: docker_cli_daemon_test.go:1799: DockerDaemonSuite.TestDaemonRestartContainerLinksRestart	7.229s
PASS: docker_cli_daemon_test.go:2966: DockerDaemonSuite.TestDaemonRestartIpcMode	2.206s
PASS: docker_cli_daemon_test.go:1244: DockerDaemonSuite.TestDaemonRestartKillWait	1.794s
PASS: docker_cli_daemon_test.go:1649: DockerDaemonSuite.TestDaemonRestartLocalVolumes	1.059s
PASS: docker_cli_daemon_test.go:170: DockerDaemonSuite.TestDaemonRestartOnFailure	3.653s
PASS: docker_cli_daemon_test.go:1013: DockerDaemonSuite.TestDaemonRestartRenameContainer	2.095s
PASS: docker_cli_network_unix_test.go:1667: DockerDaemonSuite.TestDaemonRestartRestoreBridgeNetwork	3.664s
PASS: docker_cli_daemon_test.go:1636: DockerDaemonSuite.TestDaemonRestartRmVolumeInUse	1.312s
PASS: docker_cli_daemon_test.go:2604: DockerDaemonSuite.TestDaemonRestartSaveContainerExitCode	1.831s
PASS: docker_cli_daemon_test.go:120: DockerDaemonSuite.TestDaemonRestartUnlessStopped	3.812s
PASS: docker_cli_daemon_test.go:2580: DockerDaemonSuite.TestDaemonRestartWithAutoRemoveContainer	2.275s
PASS: docker_cli_daemon_test.go:684: DockerDaemonSuite.TestDaemonRestartWithBridgeIPChange	1.550s
PASS: docker_cli_daemon_test.go:1490: DockerDaemonSuite.TestDaemonRestartWithContainerRunning	1.815s
PASS: docker_cli_daemon_test.go:1564: DockerDaemonSuite.TestDaemonRestartWithContainerWithRestartPolicyAlways	1.872s
SKIP: docker_cli_daemon_test.go:224: DockerDaemonSuite.TestDaemonRestartWithIncreasedBasesize (unmatched requirement Devicemapper)
SKIP: docker_cli_daemon_test.go:204: DockerDaemonSuite.TestDaemonRestartWithInvalidBasesize (unmatched requirement Devicemapper)
PASS: docker_cli_daemon_test.go:1955: DockerDaemonSuite.TestDaemonRestartWithKilledRunningContainer	2.709s
PASS: docker_cli_daemon_test.go:1884: DockerDaemonSuite.TestDaemonRestartWithLinks	3.183s
PASS: docker_cli_daemon_test.go:1907: DockerDaemonSuite.TestDaemonRestartWithNames	2.329s
PASS: docker_cli_daemon_test.go:1603: DockerDaemonSuite.TestDaemonRestartWithPausedContainer	2.125s
PASS: docker_cli_daemon_plugins_test.go:45: DockerDaemonSuite.TestDaemonRestartWithPluginDisabled	4.531s
PASS: docker_cli_daemon_plugins_test.go:16: DockerDaemonSuite.TestDaemonRestartWithPluginEnabled	5.758s
PASS: docker_cli_daemon_test.go:60: DockerDaemonSuite.TestDaemonRestartWithRunningContainersPorts	2.303s
PASS: docker_cli_daemon_test.go:1420: DockerDaemonSuite.TestDaemonRestartWithSocketAsVolume	2.293s
PASS: docker_cli_daemon_test.go:2052: DockerDaemonSuite.TestDaemonRestartWithUnpausedRunningContainer	1.887s
PASS: docker_cli_daemon_test.go:94: DockerDaemonSuite.TestDaemonRestartWithVolumesRefs	2.359s
PASS: docker_cli_daemon_plugins_test.go:98: DockerDaemonSuite.TestDaemonShutdownLiveRestoreWithPlugins	5.492s
PASS: docker_cli_daemon_test.go:2676: DockerDaemonSuite.TestDaemonShutdownTimeout	1.246s
PASS: docker_cli_daemon_test.go:2697: DockerDaemonSuite.TestDaemonShutdownTimeoutWithConfigFile	3.519s
PASS: docker_cli_daemon_plugins_test.go:123: DockerDaemonSuite.TestDaemonShutdownWithPlugins	6.657s
PASS: docker_cli_daemon_test.go:277: DockerDaemonSuite.TestDaemonStartBridgeWithoutIPAssociation	1.034s
PASS: docker_cli_daemon_test.go:199: DockerDaemonSuite.TestDaemonStartIptablesFalse	0.517s
PASS: docker_cli_daemon_test.go:1686: DockerDaemonSuite.TestDaemonStartWithDefaultTLSHost	0.538s
PASS: docker_cli_daemon_test.go:2941: DockerDaemonSuite.TestDaemonStartWithIpcModes	2.280s
PASS: docker_cli_daemon_test.go:2135: DockerDaemonSuite.TestDaemonStartWithoutColors	1.031s
PASS: docker_cli_daemon_test.go:1677: DockerDaemonSuite.TestDaemonStartWithoutHost	0.510s
PASS: docker_cli_daemon_test.go:1541: DockerDaemonSuite.TestDaemonTLSVerifyIssue13964	0.530s
PASS: docker_cli_daemon_test.go:965: DockerDaemonSuite.TestDaemonUlimitDefaults	2.257s
PASS: docker_cli_daemon_test.go:1170: DockerDaemonSuite.TestDaemonUnixSockCleanedUp	0.522s
PASS: docker_cli_userns_test.go:24: DockerDaemonSuite.TestDaemonUserNamespaceRootSetting	1.530s
PASS: docker_cli_daemon_test.go:1587: DockerDaemonSuite.TestDaemonWideLogConfig	1.131s
PASS: docker_cli_daemon_test.go:2645: DockerDaemonSuite.TestDaemonWithUserlandProxyPath	2.975s
PASS: docker_cli_daemon_test.go:1191: DockerDaemonSuite.TestDaemonWithWrongkey	0.557s
PASS: docker_cli_network_unix_test.go:807: DockerDaemonSuite.TestDockerNetworkNoDiscoveryDefaultBridgeNetwork	3.230s
PASS: docker_cli_exec_test.go:87: DockerDaemonSuite.TestExecAfterDaemonRestart	2.255s
PASS: docker_cli_daemon_test.go:2731: DockerDaemonSuite.TestExecWithUserAfterLiveRestore	12.159s
PASS: docker_cli_daemon_test.go:3006: DockerDaemonSuite.TestFailedPluginRemove	4.076s
PASS: docker_cli_daemon_test.go:1278: DockerDaemonSuite.TestHTTPSInfo	0.537s
PASS: docker_cli_daemon_test.go:1341: DockerDaemonSuite.TestHTTPSInfoRogueCert	0.527s
PASS: docker_cli_daemon_test.go:1370: DockerDaemonSuite.TestHTTPSInfoRogueServerCert	0.532s
PASS: docker_cli_daemon_test.go:1306: DockerDaemonSuite.TestHTTPSRun	1.262s
PASS: docker_cli_daemon_test.go:51: DockerDaemonSuite.TestLegacyDaemonCommand	0.001s
PASS: docker_cli_daemon_plugins_test.go:303: DockerDaemonSuite.TestPluginListFilterCapability	4.053s
PASS: docker_cli_daemon_plugins_test.go:275: DockerDaemonSuite.TestPluginListFilterEnabled	4.053s
PASS: docker_cli_daemon_plugins_test.go:234: DockerDaemonSuite.TestPluginVolumeRemoveOnRestart	5.602s
PASS: docker_cli_prune_unix_test.go:81: DockerDaemonSuite.TestPruneImageDangling	1.731s
PASS: docker_cli_prune_unix_test.go:270: DockerDaemonSuite.TestPruneImageLabel	1.988s
PASS: docker_cli_info_test.go:212: DockerDaemonSuite.TestRegistryMirrors	0.529s
PASS: docker_cli_daemon_test.go:2759: DockerDaemonSuite.TestRemoveContainerAfterLiveRestore	2.372s
PASS: docker_cli_daemon_test.go:2792: DockerDaemonSuite.TestRestartPolicyWithLiveRestore	2.459s
PASS: docker_cli_daemon_test.go:2109: DockerDaemonSuite.TestRunLinksChanged	3.114s
PASS: docker_cli_run_unix_test.go:1443: DockerDaemonSuite.TestRunSeccompJSONNewFormat	1.257s
PASS: docker_cli_run_unix_test.go:1494: DockerDaemonSuite.TestRunSeccompJSONNoArchAndArchMap	0.856s
PASS: docker_cli_run_unix_test.go:1468: DockerDaemonSuite.TestRunSeccompJSONNoNameAndNames	0.865s
PASS: docker_cli_run_unix_test.go:1531: DockerDaemonSuite.TestRunWithDaemonDefaultSeccompProfile	2.281s
PASS: docker_cli_daemon_test.go:2521: DockerDaemonSuite.TestRunWithRuntimeFromCommandLine	5.155s
PASS: docker_cli_daemon_test.go:2403: DockerDaemonSuite.TestRunWithRuntimeFromConfigFile	6.858s
PASS: docker_cli_run_test.go:4110: DockerDaemonSuite.TestRunWithUlimitAndDaemonDefault	1.499s
PASS: docker_cli_daemon_test.go:2849: DockerDaemonSuite.TestShmSize	1.276s
PASS: docker_cli_daemon_test.go:2866: DockerDaemonSuite.TestShmSizeReload	1.890s
PASS: docker_cli_daemon_test.go:1332: DockerDaemonSuite.TestTLSVerify	0.042s
PASS: docker_cli_daemon_plugins_test.go:188: DockerDaemonSuite.TestVolumePlugin	7.829s
PASS: docker_api_swarm_test.go:898: DockerSwarmSuite.TestAPIDuplicateNetworks	1.441s
PASS: docker_api_swarm_test.go:1024: DockerSwarmSuite.TestAPINetworkInspectWithScope	1.413s
PASS: docker_api_swarm_service_test.go:33: DockerSwarmSuite.TestAPIServiceUpdatePort	2.407s
PASS: docker_api_swarm_test.go:186: DockerSwarmSuite.TestAPISwarmCAHash	12.144s
PASS: docker_api_swarm_test.go:882: DockerSwarmSuite.TestAPISwarmErrorHandling	0.756s
PASS: docker_api_swarm_test.go:554: DockerSwarmSuite.TestAPISwarmForceNewCluster	14.034s
SKIP: docker_api_swarm_test.go:928: DockerSwarmSuite.TestAPISwarmHealthcheckNone (Root cause of Issue #36386 is needed)
PASS: docker_api_swarm_test.go:36: DockerSwarmSuite.TestAPISwarmInit	14.571s
PASS: docker_api_swarm_test.go:536: DockerSwarmSuite.TestAPISwarmInvalidAddress	0.718s
PASS: docker_api_swarm_test.go:82: DockerSwarmSuite.TestAPISwarmJoinToken	47.665s

----------------------------------------------------------------------
FAIL: docker_api_swarm_test.go:297: DockerSwarmSuite.TestAPISwarmLeaderElection

[db5a2471bd285] waiting for daemon to start
[db5a2471bd285] daemon started

[d269c8ff12265] waiting for daemon to start
[d269c8ff12265] daemon started

[d0dce200d4637] waiting for daemon to start
[d0dce200d4637] daemon started

[db5a2471bd285] exiting daemon
Waiting for election to occur...
assertion failed: error is not nil: Error response from daemon: rpc error: code = DeadlineExceeded desc = context deadline exceeded: [d269c8ff12265] (*Daemon).GetNode: NodeInspectWithRaw("e9syvbs1p4hwz9lp925a75ykx") failed
waited for 20.00126745s (out of 30s)
[d269c8ff12265] exiting daemon
[d0dce200d4637] exiting daemon

----------------------------------------------------------------------
PASS: docker_api_swarm_test.go:272: DockerSwarmSuite.TestAPISwarmLeaderProxy	4.095s
PASS: docker_api_swarm_test.go:437: DockerSwarmSuite.TestAPISwarmLeaveOnPendingJoin	22.886s
PASS: docker_api_swarm_test.go:414: DockerSwarmSuite.TestAPISwarmLeaveRemovesContainer	2.968s
PASS: docker_api_swarm_node_test.go:14: DockerSwarmSuite.TestAPISwarmListNodes	2.984s
PASS: docker_api_swarm_test.go:486: DockerSwarmSuite.TestAPISwarmManagerRestore	29.983s
PASS: docker_api_swarm_node_test.go:75: DockerSwarmSuite.TestAPISwarmNodeDrainPause	13.248s
PASS: docker_api_swarm_node_test.go:46: DockerSwarmSuite.TestAPISwarmNodeRemove	29.558s
PASS: docker_api_swarm_node_test.go:33: DockerSwarmSuite.TestAPISwarmNodeUpdate	1.422s
PASS: docker_api_swarm_test.go:202: DockerSwarmSuite.TestAPISwarmPromoteDemote	13.172s
PASS: docker_api_swarm_test.go:367: DockerSwarmSuite.TestAPISwarmRaftQuorum	55.388s
PASS: docker_api_swarm_test.go:790: DockerSwarmSuite.TestAPISwarmRestartCluster	25.636s
PASS: docker_api_swarm_test.go:467: DockerSwarmSuite.TestAPISwarmRestoreOnPendingJoin	21.702s
PASS: docker_api_swarm_test.go:512: DockerSwarmSuite.TestAPISwarmScaleNoRollingUpdate	3.087s
PASS: docker_api_swarm_service_test.go:402: DockerSwarmSuite.TestAPISwarmServiceConstraintLabel	6.928s
PASS: docker_api_swarm_service_test.go:350: DockerSwarmSuite.TestAPISwarmServiceConstraintRole	5.121s
PASS: docker_api_swarm_service_test.go:497: DockerSwarmSuite.TestAPISwarmServicePlacementPrefs	4.153s
PASS: docker_api_swarm_service_test.go:62: DockerSwarmSuite.TestAPISwarmServicesCreate	4.888s
PASS: docker_api_swarm_service_test.go:123: DockerSwarmSuite.TestAPISwarmServicesCreateGlobal	6.232s
PASS: docker_api_swarm_service_test.go:54: DockerSwarmSuite.TestAPISwarmServicesEmptyList	1.388s
PASS: docker_api_swarm_service_test.go:310: DockerSwarmSuite.TestAPISwarmServicesFailedUpdate	10.766s
PASS: docker_api_swarm_service_test.go:95: DockerSwarmSuite.TestAPISwarmServicesMultipleAgents	18.916s
PASS: docker_api_swarm_service_test.go:539: DockerSwarmSuite.TestAPISwarmServicesStateReporting	8.751s
PASS: docker_api_swarm_service_test.go:141: DockerSwarmSuite.TestAPISwarmServicesUpdate	26.627s
PASS: docker_api_swarm_service_test.go:201: DockerSwarmSuite.TestAPISwarmServicesUpdateStartFirst	23.029s
PASS: docker_api_swarm_test.go:855: DockerSwarmSuite.TestAPISwarmServicesUpdateWithName	3.222s
PASS: docker_api_swarm_test.go:874: DockerSwarmSuite.TestAPISwarmUnlockNotLocked	1.391s
PASS: docker_cli_swarm_test.go:945: DockerSwarmSuite.TestDNSConfig	2.232s
PASS: docker_cli_swarm_test.go:972: DockerSwarmSuite.TestDNSConfigUpdate	2.078s
PASS: docker_cli_swarm_test.go:1419: DockerSwarmSuite.TestExtraHosts	2.322s
PASS: docker_cli_swarm_test.go:1613: DockerSwarmSuite.TestNetworkInspectWithDuplicateNames	1.594s
PASS: docker_cli_swarm_test.go:394: DockerSwarmSuite.TestOverlayAttachable	2.631s
PASS: docker_cli_swarm_test.go:416: DockerSwarmSuite.TestOverlayAttachableOnSwarmLeave	3.289s
PASS: docker_cli_swarm_test.go:442: DockerSwarmSuite.TestOverlayAttachableReleaseResourcesOnFailure	23.004s
PASS: docker_cli_prune_unix_test.go:42: DockerSwarmSuite.TestPruneNetwork	9.637s
PASS: docker_cli_swarm_test.go:597: DockerSwarmSuite.TestPsListContainersFilterIsTask	2.621s
PASS: docker_cli_service_create_test.go:361: DockerSwarmSuite.TestServiceCreateMountTmpfs	2.076s
PASS: docker_cli_service_create_test.go:18: DockerSwarmSuite.TestServiceCreateMountVolume	2.063s
PASS: docker_cli_service_create_test.go:313: DockerSwarmSuite.TestServiceCreateWithConfigReferencedTwice	2.227s
PASS: docker_cli_service_create_test.go:214: DockerSwarmSuite.TestServiceCreateWithConfigSimple	1.472s
PASS: docker_cli_service_create_test.go:248: DockerSwarmSuite.TestServiceCreateWithConfigSourceTargetPaths	2.327s
PASS: docker_cli_service_create_test.go:414: DockerSwarmSuite.TestServiceCreateWithNetworkAlias	17.100s
PASS: docker_cli_service_create_test.go:166: DockerSwarmSuite.TestServiceCreateWithSecretReferencedTwice	2.261s
PASS: docker_cli_service_create_test.go:66: DockerSwarmSuite.TestServiceCreateWithSecretSimple	1.480s
PASS: docker_cli_service_create_test.go:100: DockerSwarmSuite.TestServiceCreateWithSecretSourceTargetPaths	2.457s
PASS: docker_cli_service_health_test.go:20: DockerSwarmSuite.TestServiceHealthRun	6.733s
PASS: docker_cli_service_health_test.go:82: DockerSwarmSuite.TestServiceHealthStart	4.647s
PASS: docker_cli_service_logs_test.go:24: DockerSwarmSuite.TestServiceLogs	2.295s
PASS: docker_cli_service_logs_test.go:71: DockerSwarmSuite.TestServiceLogsCompleteness	2.200s
PASS: docker_cli_service_logs_test.go:343: DockerSwarmSuite.TestServiceLogsDetails	2.283s
PASS: docker_cli_service_logs_test.go:157: DockerSwarmSuite.TestServiceLogsFollow	2.231s
PASS: docker_cli_service_logs_test.go:294: DockerSwarmSuite.TestServiceLogsNoHangDeletedContainer	14.365s
PASS: docker_cli_service_logs_test.go:122: DockerSwarmSuite.TestServiceLogsSince	2.433s
PASS: docker_cli_service_logs_test.go:256: DockerSwarmSuite.TestServiceLogsTTY	2.104s
PASS: docker_cli_service_logs_test.go:98: DockerSwarmSuite.TestServiceLogsTail	2.024s
PASS: docker_cli_service_logs_test.go:203: DockerSwarmSuite.TestServiceLogsTaskLogs	2.455s
PASS: docker_cli_service_scale_test.go:13: DockerSwarmSuite.TestServiceScale	1.436s
PASS: docker_cli_swarm_test.go:1394: DockerSwarmSuite.TestSwarmAlternateLockUnlock	17.221s
PASS: docker_cli_swarm_test.go:1972: DockerSwarmSuite.TestSwarmClusterEventsConfig	1.455s
PASS: docker_cli_swarm_test.go:1933: DockerSwarmSuite.TestSwarmClusterEventsNetwork	1.363s
PASS: docker_cli_swarm_test.go:1903: DockerSwarmSuite.TestSwarmClusterEventsNode	4.074s
PASS: docker_cli_swarm_test.go:1819: DockerSwarmSuite.TestSwarmClusterEventsScope	7.373s
PASS: docker_cli_swarm_test.go:1952: DockerSwarmSuite.TestSwarmClusterEventsSecret	1.442s
PASS: docker_cli_swarm_test.go:1863: DockerSwarmSuite.TestSwarmClusterEventsService	15.006s
PASS: docker_cli_swarm_test.go:1799: DockerSwarmSuite.TestSwarmClusterEventsSource	3.557s
PASS: docker_cli_swarm_test.go:1840: DockerSwarmSuite.TestSwarmClusterEventsType	7.349s
PASS: docker_cli_swarm_test.go:1316: DockerSwarmSuite.TestSwarmClusterRotateUnlockKey	72.709s
PASS: docker_cli_swarm_test.go:366: DockerSwarmSuite.TestSwarmContainerAttachByNetworkId	3.313s
PASS: docker_cli_swarm_test.go:319: DockerSwarmSuite.TestSwarmContainerAutoStart	5.701s
PASS: docker_cli_swarm_test.go:341: DockerSwarmSuite.TestSwarmContainerEndpointOptions	6.121s
PASS: docker_cli_swarm_test.go:520: DockerSwarmSuite.TestSwarmCreateServiceWithNoIngressNetwork	1.363s
PASS: docker_cli_swarm_test.go:146: DockerSwarmSuite.TestSwarmIncompatibleDaemon	3.192s
PASS: docker_cli_swarm_test.go:466: DockerSwarmSuite.TestSwarmIngressNetwork	1.673s
PASS: docker_cli_swarm_test.go:84: DockerSwarmSuite.TestSwarmInit	2.880s
SKIP: docker_cli_swarm_test.go:127: DockerSwarmSuite.TestSwarmInitIPv6 (unmatched requirement IPv6)
PASS: docker_cli_swarm_test.go:1053: DockerSwarmSuite.TestSwarmInitLocked	5.349s
PASS: docker_cli_swarm_test.go:139: DockerSwarmSuite.TestSwarmInitUnspecifiedAdvertiseAddr	0.740s
PASS: docker_cli_swarm_test.go:1737: DockerSwarmSuite.TestSwarmInitUnspecifiedDataPathAddr	0.741s
PASS: docker_cli_swarm_test.go:1581: DockerSwarmSuite.TestSwarmInitWithDrain	1.343s
PASS: docker_cli_swarm_test.go:1749: DockerSwarmSuite.TestSwarmJoinLeave	53.286s
PASS: docker_cli_swarm_test.go:1189: DockerSwarmSuite.TestSwarmJoinPromoteLocked	39.055s
PASS: docker_cli_swarm_test.go:1553: DockerSwarmSuite.TestSwarmJoinWithDrain	2.805s
PASS: docker_cli_swarm_test.go:1095: DockerSwarmSuite.TestSwarmLeaveLocked	3.068s
PASS: docker_cli_swarm_test.go:1128: DockerSwarmSuite.TestSwarmLockUnlockCluster	93.226s
PASS: docker_cli_swarm_test.go:1442: DockerSwarmSuite.TestSwarmManagerAddress	3.146s
PASS: docker_cli_swarm_test.go:1512: DockerSwarmSuite.TestSwarmNetworkCreateDup	1.861s
PASS: docker_cli_swarm_test.go:1489: DockerSwarmSuite.TestSwarmNetworkCreateIssue27866	1.489s
PASS: docker_cli_swarm_test.go:1463: DockerSwarmSuite.TestSwarmNetworkIPAMOptions	2.800s
PASS: docker_cli_swarm_test.go:798: DockerSwarmSuite.TestSwarmNetworkPlugin	1.420s
PASS: docker_cli_swarm_unix_test.go:57: DockerSwarmSuite.TestSwarmNetworkPluginV2	47.165s
PASS: docker_cli_swarm_test.go:229: DockerSwarmSuite.TestSwarmNodeListFilter	1.504s
PASS: docker_cli_swarm_test.go:248: DockerSwarmSuite.TestSwarmNodeTaskListFilter	2.577s
PASS: docker_cli_swarm_test.go:275: DockerSwarmSuite.TestSwarmPublishAdd	1.516s
PASS: docker_cli_swarm_test.go:1534: DockerSwarmSuite.TestSwarmPublishDuplicatePorts	2.414s
PASS: docker_cli_swarm_test.go:1592: DockerSwarmSuite.TestSwarmReadonlyRootfs	1.991s
PASS: docker_api_swarm_test.go:955: DockerSwarmSuite.TestSwarmRepeatedRootRotation	14.737s
PASS: docker_cli_swarm_test.go:1248: DockerSwarmSuite.TestSwarmRotateUnlockKey	11.758s
PASS: docker_cli_swarm_test.go:817: DockerSwarmSuite.TestSwarmServiceEnvFile	1.366s
PASS: docker_cli_swarm_test.go:188: DockerSwarmSuite.TestSwarmServiceListFilter	1.519s
PASS: docker_cli_swarm_test.go:1706: DockerSwarmSuite.TestSwarmServiceLsFilterMode	2.625s
PASS: docker_cli_swarm_test.go:906: DockerSwarmSuite.TestSwarmServiceNetworkUpdate	6.724s
PASS: docker_cli_swarm_test.go:835: DockerSwarmSuite.TestSwarmServiceTTY	14.378s
PASS: docker_cli_swarm_test.go:883: DockerSwarmSuite.TestSwarmServiceTTYUpdate	2.098s
PASS: docker_cli_swarm_test.go:170: DockerSwarmSuite.TestSwarmServiceTemplatingHostname	2.090s
PASS: docker_cli_swarm_test.go:297: DockerSwarmSuite.TestSwarmServiceWithGroup	2.186s
PASS: docker_cli_swarm_test.go:1678: DockerSwarmSuite.TestSwarmStopSignal	2.153s
PASS: docker_cli_swarm_test.go:539: DockerSwarmSuite.TestSwarmTaskListFilter	1.738s
PASS: docker_cli_swarm_test.go:36: DockerSwarmSuite.TestSwarmUpdate	1.413s
PASS: docker_cli_swarm_unix_test.go:15: DockerSwarmSuite.TestSwarmVolumePlugin	21.954s
PASS: docker_cli_swarm_test.go:1028: DockerSwarmSuite.TestUnlockEngineAndUnlockedSwarm	1.459s
PASS: docker_api_swarm_test.go:164: DockerSwarmSuite.TestUpdateSwarmAddExternalCA	1.425s
time="2019-01-09T11:36:47Z" level=info msg="Attempting next endpoint for push after error: Get https://127.0.0.1:5000/v2/: http: server gave HTTP response to HTTPS client"
PASS: docker_cli_plugins_test.go:31: DockerPluginSuite.TestPluginBasicOps	1.034s
PASS: docker_cli_plugins_test.go:262: DockerPluginSuite.TestPluginCreate	0.130s
PASS: docker_cli_plugins_test.go:240: DockerPluginSuite.TestPluginEnableDisableNegative	1.035s
PASS: docker_cli_plugins_test.go:62: DockerPluginSuite.TestPluginForceRemove	1.003s
PASS: docker_cli_plugins_test.go:354: DockerPluginSuite.TestPluginIDPrefix	1.447s
PASS: docker_cli_plugins_test.go:294: DockerPluginSuite.TestPluginInspect	1.092s
time="2019-01-09T11:38:23Z" level=info msg="Attempting next endpoint for push after error: Get https://127.0.0.1:5000/v2/: http: server gave HTTP response to HTTPS client"
PASS: docker_cli_plugins_test.go:210: DockerPluginSuite.TestPluginInstallArgs	0.807s
PASS: docker_cli_plugins_test.go:126: DockerPluginSuite.TestPluginInstallDisable	1.025s
PASS: docker_cli_plugins_test.go:226: DockerPluginSuite.TestPluginInstallImage	0.191s
PASS: docker_cli_plugins_test.go:411: DockerPluginSuite.TestPluginListDefaultFormat	0.578s
PASS: docker_cli_plugins_test.go:159: DockerPluginSuite.TestPluginSet	0.649s
PASS: docker_cli_external_volume_driver_unix_test.go:446: DockerExternalVolumeSuite.TestExternalVolumeDriverBindExternalVolume	0.403s
PASS: docker_cli_external_volume_driver_unix_test.go:545: DockerExternalVolumeSuite.TestExternalVolumeDriverCapabilities	0.599s
PASS: docker_cli_external_volume_driver_unix_test.go:352: DockerExternalVolumeSuite.TestExternalVolumeDriverDeleteContainer	1.325s
PASS: docker_cli_external_volume_driver_unix_test.go:475: DockerExternalVolumeSuite.TestExternalVolumeDriverGet	15.045s
PASS: docker_cli_external_volume_driver_unix_test.go:508: DockerExternalVolumeSuite.TestExternalVolumeDriverGetEmptyResponse	0.541s
PASS: docker_cli_external_volume_driver_unix_test.go:461: DockerExternalVolumeSuite.TestExternalVolumeDriverList	15.032s
PASS: docker_cli_external_volume_driver_unix_test.go:373: DockerExternalVolumeSuite.TestExternalVolumeDriverLookupNotBlocked	0.116s
PASS: docker_cli_external_volume_driver_unix_test.go:536: DockerExternalVolumeSuite.TestExternalVolumeDriverMountID	1.335s
PASS: docker_cli_external_volume_driver_unix_test.go:297: DockerExternalVolumeSuite.TestExternalVolumeDriverNamed	1.342s
PASS: docker_cli_external_volume_driver_unix_test.go:559: DockerExternalVolumeSuite.TestExternalVolumeDriverOutOfBandDelete	0.812s
PASS: docker_cli_external_volume_driver_unix_test.go:523: DockerExternalVolumeSuite.TestExternalVolumeDriverPathCalls	15.545s
PASS: docker_cli_external_volume_driver_unix_test.go:409: DockerExternalVolumeSuite.TestExternalVolumeDriverRetryNotImmediatelyExists	4.315s
PASS: docker_cli_external_volume_driver_unix_test.go:618: DockerExternalVolumeSuite.TestExternalVolumeDriverUnmountOnCp	1.408s
PASS: docker_cli_external_volume_driver_unix_test.go:608: DockerExternalVolumeSuite.TestExternalVolumeDriverUnmountOnMountFail	0.970s
PASS: docker_cli_external_volume_driver_unix_test.go:319: DockerExternalVolumeSuite.TestExternalVolumeDriverUnnamed	1.321s
PASS: docker_cli_external_volume_driver_unix_test.go:333: DockerExternalVolumeSuite.TestExternalVolumeDriverVolumesFrom	1.870s
PASS: docker_cli_external_volume_driver_unix_test.go:495: DockerExternalVolumeSuite.TestExternalVolumeDriverWithDaemonRestart	1.092s
PASS: docker_cli_external_volume_driver_unix_test.go:285: DockerExternalVolumeSuite.TestVolumeCLICreateOptionConflict	0.051s
PASS: docker_cli_network_unix_test.go:1787: DockerNetworkSuite.TestConntrackFlowsLeak	4.093s
PASS: docker_deprecated_api_v124_unix_test.go:14: DockerNetworkSuite.TestDeprecatedDockerNetworkStartAPIWithHostconfig	0.474s
PASS: docker_cli_network_unix_test.go:865: DockerNetworkSuite.TestDockerNetworkAnonymousEndpoint	2.841s
PASS: docker_cli_network_unix_test.go:539: DockerNetworkSuite.TestDockerNetworkConnectDisconnect	1.267s
PASS: docker_cli_network_unix_test.go:1258: DockerNetworkSuite.TestDockerNetworkConnectDisconnectToStoppedContainer	2.569s
PASS: docker_cli_network_unix_test.go:1192: DockerNetworkSuite.TestDockerNetworkConnectDisconnectWithPortMapping	0.943s
PASS: docker_cli_network_unix_test.go:1415: DockerNetworkSuite.TestDockerNetworkConnectLinkLocalIP	4.651s
PASS: docker_cli_network_unix_test.go:1308: DockerNetworkSuite.TestDockerNetworkConnectPreferredIP	1.784s
PASS: docker_cli_network_unix_test.go:1344: DockerNetworkSuite.TestDockerNetworkConnectPreferredIPStoppedContainer	1.047s
PASS: docker_cli_network_unix_test.go:1158: DockerNetworkSuite.TestDockerNetworkConnectToHostFromOtherNetwork	0.489s
PASS: docker_cli_network_unix_test.go:1523: DockerNetworkSuite.TestDockerNetworkConnectWithAliasOnDefaultNetworks	0.374s
PASS: docker_cli_network_unix_test.go:1229: DockerNetworkSuite.TestDockerNetworkConnectWithMac	0.558s
PASS: docker_cli_network_unix_test.go:1175: DockerNetworkSuite.TestDockerNetworkConnectWithPortMapping	0.548s
PASS: docker_cli_network_unix_test.go:374: DockerNetworkSuite.TestDockerNetworkCreateDelete	0.140s
PASS: docker_cli_network_unix_test.go:1655: DockerNetworkSuite.TestDockerNetworkCreateDeleteSpecialCharacters	0.279s
PASS: docker_cli_network_unix_test.go:298: DockerNetworkSuite.TestDockerNetworkCreateHostBind	0.519s
PASS: docker_cli_network_unix_test.go:382: DockerNetworkSuite.TestDockerNetworkCreateLabel	0.152s
PASS: docker_cli_network_unix_test.go:289: DockerNetworkSuite.TestDockerNetworkCreatePredefined	0.048s
PASS: docker_cli_network_unix_test.go:633: DockerNetworkSuite.TestDockerNetworkCustomIPAM	0.146s
PASS: docker_cli_network_unix_test.go:1292: DockerNetworkSuite.TestDockerNetworkDisconnectContainerNonexistingNetwork	0.803s
PASS: docker_cli_network_unix_test.go:1503: DockerNetworkSuite.TestDockerNetworkDisconnectDefault	0.631s
PASS: docker_cli_network_unix_test.go:1773: DockerNetworkSuite.TestDockerNetworkDisconnectFromBridge	0.089s
PASS: docker_cli_network_unix_test.go:1167: DockerNetworkSuite.TestDockerNetworkDisconnectFromHost	0.281s
PASS: docker_cli_network_unix_test.go:768: DockerNetworkSuite.TestDockerNetworkDriverOptions	0.066s
PASS: docker_cli_network_unix_test.go:979: DockerNetworkSuite.TestDockerNetworkDriverUngracefulRestart	2.184s
PASS: docker_cli_network_unix_test.go:1737: DockerNetworkSuite.TestDockerNetworkFlagAlias	1.903s
PASS: docker_cli_network_unix_test.go:1132: DockerNetworkSuite.TestDockerNetworkHostModeUngracefulDaemonRestart	7.518s
PASS: docker_cli_network_unix_test.go:744: DockerNetworkSuite.TestDockerNetworkIPAMInvalidCombinations	0.185s
PASS: docker_cli_network_unix_test.go:592: DockerNetworkSuite.TestDockerNetworkIPAMMultipleNetworks	0.798s
PASS: docker_cli_network_unix_test.go:649: DockerNetworkSuite.TestDockerNetworkIPAMOptions	0.064s
PASS: docker_cli_network_unix_test.go:1241: DockerNetworkSuite.TestDockerNetworkInspectCreatedContainer	0.069s
PASS: docker_cli_network_unix_test.go:725: DockerNetworkSuite.TestDockerNetworkInspectCustomSpecified	0.139s
PASS: docker_cli_network_unix_test.go:706: DockerNetworkSuite.TestDockerNetworkInspectCustomUnspecified	0.135s
PASS: docker_cli_network_unix_test.go:678: DockerNetworkSuite.TestDockerNetworkInspectDefault	0.003s
PASS: docker_cli_network_unix_test.go:926: DockerNetworkSuite.TestDockerNetworkLinkOnDefaultNetworkOnly	1.742s
PASS: docker_cli_network_unix_test.go:282: DockerNetworkSuite.TestDockerNetworkLsDefault	0.039s
SKIP: docker_cli_network_unix_test.go:318: DockerNetworkSuite.TestDockerNetworkLsFilter (unmatched requirement OnlyDefaultNetworks)
PASS: docker_cli_network_unix_test.go:1020: DockerNetworkSuite.TestDockerNetworkMacInspect	0.522s
PASS: docker_cli_network_unix_test.go:1086: DockerNetworkSuite.TestDockerNetworkMultipleNetworksGracefulDaemonRestart	3.041s
PASS: docker_cli_network_unix_test.go:1105: DockerNetworkSuite.TestDockerNetworkMultipleNetworksUngracefulDaemonRestart	2.685s
PASS: docker_cli_network_unix_test.go:662: DockerNetworkSuite.TestDockerNetworkNullIPAMDriver	0.037s
PASS: docker_cli_network_unix_test.go:952: DockerNetworkSuite.TestDockerNetworkOverlayPortMapping	0.554s
PASS: docker_cli_network_unix_test.go:1247: DockerNetworkSuite.TestDockerNetworkRestartWithMultipleNetworks	1.221s
PASS: docker_cli_network_unix_test.go:309: DockerNetworkSuite.TestDockerNetworkRmPredefined	0.051s
PASS: docker_cli_network_unix_test.go:1126: DockerNetworkSuite.TestDockerNetworkRunNetByID	0.450s
PASS: docker_cli_network_unix_test.go:1367: DockerNetworkSuite.TestDockerNetworkUnsupportedRequiredIP	0.562s
PASS: docker_cli_network_unix_test.go:1749: DockerNetworkSuite.TestDockerNetworkValidateIP	0.695s
PASS: docker_cli_network_unix_test.go:783: DockerNetworkSuite.TestDockerPluginV2NetworkDriver	9.366s
PASS: docker_cli_pull_test.go:194: DockerHubPullSuite.TestPullAllTagsFromCentralRegistry	5.106s
PASS: docker_cli_pull_test.go:238: DockerHubPullSuite.TestPullClientDisconnect	3.044s
PASS: docker_cli_pull_test.go:17: DockerHubPullSuite.TestPullFromCentralRegistry	1.980s
PASS: docker_cli_pull_test.go:116: DockerHubPullSuite.TestPullFromCentralRegistryImplicitRefParts	10.084s
PASS: docker_cli_pull_test.go:41: DockerHubPullSuite.TestPullNonExistingImage	1.036s
PASS: docker_cli_pull_test.go:184: DockerHubPullSuite.TestPullScratchNotAllowed	0.023s
OOPS: 1472 passed, 51 skipped, 1 FAILED
--- FAIL: Test (5570.72s)
FAIL
---> Making bundle: .integration-daemon-stop (in bundles/test-integration)
/go/src/github.com/docker/docker/hack/make/.integration-daemon-stop: line 10: wait: pid 2652 is not a child of this shell
warning: PID 2652 from bundles/test-integration/dfeb241ab009e/docker.pid had a nonzero exit code
Clearing AppArmor profiles cache:.
All profile caches have been cleared, but no profiles have been unloaded.
Unloading profiles will leave already running processes permanently
unconfined, which can lead to unexpected situations.

To set a process to complain mode, use the command line tool
'aa-complain'. To really tear down all profiles, run the init script
with the 'teardown' option."
Removing test suite binaries
Build step 'Execute shell' marked build as failure
Set build name.
New build name is '#38517'
[PostBuildScript] - Executing post build scripts.
[Docker-PRs-experimental] $ /bin/sh -xe /tmp/jenkins6169618579414839397.sh
+ echo Ensuring container killed.
Ensuring container killed.
+ docker rm -vf docker-pr-exp43640
Error: No such container: docker-pr-exp43640
+ true
+ echo Chowning /workspace to jenkins user
Chowning /workspace to jenkins user
+ id -u
+ id -g
+ docker run --rm -v /home/ubuntu/workspace/Docker-PRs-experimental:/workspace busybox chown -R 1000:1000 /workspace
[Docker-PRs-experimental] $ /bin/sh -xe /tmp/jenkins7247456908916323380.sh
+ echo Creating bundles.tar.gz
Creating bundles.tar.gz
+ xargs tar -czf bundles.tar.gz
+ find bundles -name *.log
Archiving artifacts
Notifying endpoint with url 'https://leeroy.dockerproject.org/notification/jenkins'
[WS-CLEANUP] Deleting project workspace...[WS-CLEANUP] done
Finished: FAILURE
