Started by user Gordon
Notifying endpoint with url 'https://leeroy.dockerproject.org/notification/jenkins'
[EnvInject] - Loading node environment variables.
Building remotely on ubuntu-1604-aufs-stable (i-08b0d1117f367758d) (docker-edge ubuntu aufs docker-stable docker ubuntu-1604-aufs-edge x86_64 ec2 linux ubuntu-1604-aufs ubuntu-1604 amd64 ubuntu-1604-aufs-stable us-west-2) in workspace /home/ubuntu/workspace/Docker-PRs-experimental
Wiping out workspace first.
Cloning the remote Git repository
Cloning repository https://github.com/moby/moby.git
 > git init /home/ubuntu/workspace/Docker-PRs-experimental # timeout=10
Fetching upstream changes from https://github.com/moby/moby.git
 > git --version # timeout=10
 > git fetch --tags --progress https://github.com/moby/moby.git +refs/heads/*:refs/remotes/origin/*
 > git config remote.origin.url https://github.com/moby/moby.git # timeout=10
 > git config --add remote.origin.fetch +refs/heads/*:refs/remotes/origin/* # timeout=10
 > git config remote.origin.url https://github.com/moby/moby.git # timeout=10
Fetching upstream changes from https://github.com/moby/moby.git
 > git fetch --tags --progress https://github.com/moby/moby.git +refs/heads/*:refs/remotes/origin/*
 > git rev-parse origin/master^{commit} # timeout=10
Checking out Revision cb501886db2b46594a66cc2f54e81b53097e5fd8 (origin/master)
 > git config core.sparsecheckout # timeout=10
 > git checkout -f cb501886db2b46594a66cc2f54e81b53097e5fd8
Commit message: "Merge pull request #38456 from thaJeztah/make_errdefs_idempotent"
 > git rev-list --no-walk cb501886db2b46594a66cc2f54e81b53097e5fd8 # timeout=10
Set build name.
New build name is '#38520'
[Docker-PRs-experimental] $ /bin/bash /tmp/jenkins3505292370940692438.sh
From https://github.com/moby/moby
 * [new ref]         refs/pull/38520/head -> origin/pr/38520
Updating cb50188..cf9f75e
Fast-forward
 integration/service/update_test.go                 | 24 +++---------
 .../manager/orchestrator/update/updater.go         | 45 ++++++++++++++++------
 2 files changed, 38 insertions(+), 31 deletions(-)
Sending build context to Docker daemon  45.11MB
Step 1/94 : FROM golang:1.11.4 AS base
 ---> 343df9d12b7b
Step 2/94 : ARG APT_MIRROR=deb.debian.org
 ---> Using cache
 ---> 0ecb90f539dd
Step 3/94 : RUN sed -ri "s/(httpredir|deb).debian.org/$APT_MIRROR/g" /etc/apt/sources.list
 ---> Using cache
 ---> 9e66301b9f1b
Step 4/94 : FROM base AS criu
 ---> 9e66301b9f1b
Step 5/94 : ENV CRIU_VERSION 3.6
 ---> Using cache
 ---> f52458ba407c
Step 6/94 : RUN apt-get update && apt-get install -y 	libnet-dev 	libprotobuf-c0-dev 	libprotobuf-dev 	libnl-3-dev 	libcap-dev 	protobuf-compiler 	protobuf-c-compiler 	python-protobuf 	&& mkdir -p /usr/src/criu 	&& curl -sSL https://github.com/checkpoint-restore/criu/archive/v${CRIU_VERSION}.tar.gz | tar -C /usr/src/criu/ -xz --strip-components=1 	&& cd /usr/src/criu 	&& make 	&& make PREFIX=/build/ install-criu
 ---> Using cache
 ---> 8d94ae1a8ee6
Step 7/94 : FROM base AS registry
 ---> 9e66301b9f1b
Step 8/94 : ENV REGISTRY_COMMIT_SCHEMA1 ec87e9b6971d831f0eff752ddb54fb64693e51cd
 ---> Using cache
 ---> d01d510f54fd
Step 9/94 : ENV REGISTRY_COMMIT 47a064d4195a9b56133891bbb13620c3ac83a827
 ---> Using cache
 ---> 1de10d66037f
Step 10/94 : RUN set -x 	&& export GOPATH="$(mktemp -d)" 	&& git clone https://github.com/docker/distribution.git "$GOPATH/src/github.com/docker/distribution" 	&& (cd "$GOPATH/src/github.com/docker/distribution" && git checkout -q "$REGISTRY_COMMIT") 	&& GOPATH="$GOPATH/src/github.com/docker/distribution/Godeps/_workspace:$GOPATH" 		go build -buildmode=pie -o /build/registry-v2 github.com/docker/distribution/cmd/registry 	&& case $(dpkg --print-architecture) in 		amd64|ppc64*|s390x) 		(cd "$GOPATH/src/github.com/docker/distribution" && git checkout -q "$REGISTRY_COMMIT_SCHEMA1"); 		GOPATH="$GOPATH/src/github.com/docker/distribution/Godeps/_workspace:$GOPATH"; 			go build -buildmode=pie -o /build/registry-v2-schema1 github.com/docker/distribution/cmd/registry; 		;; 	   esac 	&& rm -rf "$GOPATH"
 ---> Using cache
 ---> a63d3fedfb82
Step 11/94 : FROM base AS docker-py
 ---> 9e66301b9f1b
Step 12/94 : ENV DOCKER_PY_COMMIT 8b246db271a85d6541dc458838627e89c683e42f
 ---> Using cache
 ---> 3ee3b1b1389d
Step 13/94 : RUN git clone https://github.com/docker/docker-py.git /build 	&& cd /build 	&& git checkout -q $DOCKER_PY_COMMIT
 ---> Using cache
 ---> 0d8e3565608d
Step 14/94 : FROM base AS swagger
 ---> 9e66301b9f1b
Step 15/94 : ENV GO_SWAGGER_COMMIT c28258affb0b6251755d92489ef685af8d4ff3eb
 ---> Using cache
 ---> f6ed4581da9b
Step 16/94 : RUN set -x 	&& export GOPATH="$(mktemp -d)" 	&& git clone https://github.com/go-swagger/go-swagger.git "$GOPATH/src/github.com/go-swagger/go-swagger" 	&& (cd "$GOPATH/src/github.com/go-swagger/go-swagger" && git checkout -q "$GO_SWAGGER_COMMIT") 	&& go build -o /build/swagger github.com/go-swagger/go-swagger/cmd/swagger 	&& rm -rf "$GOPATH"
 ---> Using cache
 ---> 7c03fc9ad0ad
Step 17/94 : FROM base AS frozen-images
 ---> 9e66301b9f1b
Step 18/94 : RUN apt-get update && apt-get install -y jq ca-certificates --no-install-recommends
 ---> Using cache
 ---> d7837a78cb82
Step 19/94 : COPY contrib/download-frozen-image-v2.sh /
 ---> Using cache
 ---> 158e975b8bd6
Step 20/94 : RUN /download-frozen-image-v2.sh /build 	buildpack-deps:jessie@sha256:dd86dced7c9cd2a724e779730f0a53f93b7ef42228d4344b25ce9a42a1486251 	busybox:latest@sha256:bbc3a03235220b170ba48a157dd097dd1379299370e1ed99ce976df0355d24f0 	busybox:glibc@sha256:0b55a30394294ab23b9afd58fab94e61a923f5834fba7ddbae7f8e0c11ba85e6 	debian:jessie@sha256:287a20c5f73087ab406e6b364833e3fb7b3ae63ca0eb3486555dc27ed32c6e60 	hello-world:latest@sha256:be0cd392e45be79ffeffa6b05338b98ebb16c87b255f48e297ec7f98e123905c
 ---> Using cache
 ---> 0911647e45b7
Step 21/94 : FROM base AS runtime-dev
 ---> 9e66301b9f1b
Step 22/94 : RUN apt-get update && apt-get install -y 	libapparmor-dev 	libseccomp-dev
 ---> Using cache
 ---> 5b424468bb1a
Step 23/94 : FROM base AS tomlv
 ---> 9e66301b9f1b
Step 24/94 : ENV INSTALL_BINARY_NAME=tomlv
 ---> Using cache
 ---> 0257066c9c2e
Step 25/94 : COPY hack/dockerfile/install/install.sh ./install.sh
 ---> Using cache
 ---> a7fce10d604c
Step 26/94 : COPY hack/dockerfile/install/$INSTALL_BINARY_NAME.installer ./
 ---> Using cache
 ---> 3cfcf0f98787
Step 27/94 : RUN PREFIX=/build ./install.sh $INSTALL_BINARY_NAME
 ---> Using cache
 ---> c8b0227c5d46
Step 28/94 : FROM base AS vndr
 ---> 9e66301b9f1b
Step 29/94 : ENV INSTALL_BINARY_NAME=vndr
 ---> Using cache
 ---> a51d29a40e07
Step 30/94 : COPY hack/dockerfile/install/install.sh ./install.sh
 ---> Using cache
 ---> 134096e44fc9
Step 31/94 : COPY hack/dockerfile/install/$INSTALL_BINARY_NAME.installer ./
 ---> Using cache
 ---> faa574465c0e
Step 32/94 : RUN PREFIX=/build ./install.sh $INSTALL_BINARY_NAME
 ---> Using cache
 ---> b3ed0d936b4f
Step 33/94 : FROM base AS containerd
 ---> 9e66301b9f1b
Step 34/94 : RUN apt-get update && apt-get install -y btrfs-tools
 ---> Using cache
 ---> 9ee7f8e9099e
Step 35/94 : ENV INSTALL_BINARY_NAME=containerd
 ---> Using cache
 ---> 27ba7f82f638
Step 36/94 : COPY hack/dockerfile/install/install.sh ./install.sh
 ---> Using cache
 ---> 3aa8f52a8523
Step 37/94 : COPY hack/dockerfile/install/$INSTALL_BINARY_NAME.installer ./
 ---> Using cache
 ---> 0eac932d32b1
Step 38/94 : RUN PREFIX=/build ./install.sh $INSTALL_BINARY_NAME
 ---> Using cache
 ---> 1a4c5b2a180f
Step 39/94 : FROM base AS proxy
 ---> 9e66301b9f1b
Step 40/94 : ENV INSTALL_BINARY_NAME=proxy
 ---> Using cache
 ---> ebc097464ad0
Step 41/94 : COPY hack/dockerfile/install/install.sh ./install.sh
 ---> Using cache
 ---> b08be813fec4
Step 42/94 : COPY hack/dockerfile/install/$INSTALL_BINARY_NAME.installer ./
 ---> Using cache
 ---> 15e736061dc5
Step 43/94 : RUN PREFIX=/build ./install.sh $INSTALL_BINARY_NAME
 ---> Using cache
 ---> 654bfdb5b091
Step 44/94 : FROM base AS gometalinter
 ---> 9e66301b9f1b
Step 45/94 : ENV INSTALL_BINARY_NAME=gometalinter
 ---> Using cache
 ---> e8e934d5e32b
Step 46/94 : COPY hack/dockerfile/install/install.sh ./install.sh
 ---> Using cache
 ---> 913b48f59d76
Step 47/94 : COPY hack/dockerfile/install/$INSTALL_BINARY_NAME.installer ./
 ---> Using cache
 ---> 46cd059b9e7f
Step 48/94 : RUN PREFIX=/build ./install.sh $INSTALL_BINARY_NAME
 ---> Using cache
 ---> 6fc1d24fadba
Step 49/94 : FROM base AS dockercli
 ---> 9e66301b9f1b
Step 50/94 : ENV INSTALL_BINARY_NAME=dockercli
 ---> Using cache
 ---> 37e36dd3a0ba
Step 51/94 : COPY hack/dockerfile/install/install.sh ./install.sh
 ---> Using cache
 ---> 0ab568d9e5f1
Step 52/94 : COPY hack/dockerfile/install/$INSTALL_BINARY_NAME.installer ./
 ---> Using cache
 ---> 82599e509436
Step 53/94 : RUN PREFIX=/build ./install.sh $INSTALL_BINARY_NAME
 ---> Using cache
 ---> 9500362a4566
Step 54/94 : FROM runtime-dev AS runc
 ---> 5b424468bb1a
Step 55/94 : ENV INSTALL_BINARY_NAME=runc
 ---> Using cache
 ---> 3f13f2012fc7
Step 56/94 : COPY hack/dockerfile/install/install.sh ./install.sh
 ---> Using cache
 ---> 7c401fe62204
Step 57/94 : COPY hack/dockerfile/install/$INSTALL_BINARY_NAME.installer ./
 ---> Using cache
 ---> eaadca81b4ce
Step 58/94 : RUN PREFIX=/build ./install.sh $INSTALL_BINARY_NAME
 ---> Using cache
 ---> e5f119519b3b
Step 59/94 : FROM base AS tini
 ---> 9e66301b9f1b
Step 60/94 : RUN apt-get update && apt-get install -y cmake vim-common
 ---> Using cache
 ---> df250d79cbee
Step 61/94 : COPY hack/dockerfile/install/install.sh ./install.sh
 ---> Using cache
 ---> 4f2ab00f599c
Step 62/94 : ENV INSTALL_BINARY_NAME=tini
 ---> Using cache
 ---> e18989e076dd
Step 63/94 : COPY hack/dockerfile/install/$INSTALL_BINARY_NAME.installer ./
 ---> Using cache
 ---> 8c1b692bf301
Step 64/94 : RUN PREFIX=/build ./install.sh $INSTALL_BINARY_NAME
 ---> Using cache
 ---> f754f59f89b4
Step 65/94 : FROM runtime-dev AS dev
 ---> 5b424468bb1a
Step 66/94 : RUN groupadd -r docker
 ---> Using cache
 ---> 788bcc39a9fd
Step 67/94 : RUN useradd --create-home --gid docker unprivilegeduser
 ---> Using cache
 ---> a7441ccedc47
Step 68/94 : RUN ln -sfv /go/src/github.com/docker/docker/.bashrc ~/.bashrc
 ---> Using cache
 ---> e8db47e2bec6
Step 69/94 : RUN echo "source /usr/share/bash-completion/bash_completion" >> /etc/bash.bashrc
 ---> Using cache
 ---> 1acb52925fcf
Step 70/94 : RUN ln -s /usr/local/completion/bash/docker /etc/bash_completion.d/docker
 ---> Using cache
 ---> 1708365bcc90
Step 71/94 : RUN ldconfig
 ---> Using cache
 ---> 544a3a9fafeb
Step 72/94 : RUN apt-get update && apt-get install -y 	apparmor 	aufs-tools 	bash-completion 	btrfs-tools 	iptables 	jq 	libcap2-bin 	libdevmapper-dev 	libudev-dev 	libsystemd-dev 	binutils-mingw-w64 	g++-mingw-w64-x86-64 	net-tools 	pigz 	python-backports.ssl-match-hostname 	python-dev 	python-mock 	python-pip 	python-requests 	python-setuptools 	python-websocket 	python-wheel 	thin-provisioning-tools 	vim 	vim-common 	xfsprogs 	zip 	bzip2 	xz-utils 	--no-install-recommends
 ---> Using cache
 ---> 4497ff4015dd
Step 73/94 : COPY --from=swagger /build/swagger* /usr/local/bin/
 ---> Using cache
 ---> 4cab90b64d17
Step 74/94 : COPY --from=frozen-images /build/ /docker-frozen-images
 ---> Using cache
 ---> bad5d0a5a3b2
Step 75/94 : COPY --from=gometalinter /build/ /usr/local/bin/
 ---> Using cache
 ---> 972d80646540
Step 76/94 : COPY --from=tomlv /build/ /usr/local/bin/
 ---> Using cache
 ---> 60ccb189225a
Step 77/94 : COPY --from=vndr /build/ /usr/local/bin/
 ---> Using cache
 ---> 908eeae83649
Step 78/94 : COPY --from=tini /build/ /usr/local/bin/
 ---> Using cache
 ---> 8fa275846fb6
Step 79/94 : COPY --from=runc /build/ /usr/local/bin/
 ---> Using cache
 ---> 713df6a96f3a
Step 80/94 : COPY --from=containerd /build/ /usr/local/bin/
 ---> Using cache
 ---> 8308c28a2b5b
Step 81/94 : COPY --from=proxy /build/ /usr/local/bin/
 ---> Using cache
 ---> ef5babd8eb2d
Step 82/94 : COPY --from=dockercli /build/ /usr/local/cli
 ---> Using cache
 ---> 7849346fbb21
Step 83/94 : COPY --from=registry /build/registry* /usr/local/bin/
 ---> Using cache
 ---> 5e3623ba3f9c
Step 84/94 : COPY --from=criu /build/ /usr/local/
 ---> Using cache
 ---> 9d414535ae0c
Step 85/94 : COPY --from=docker-py /build/ /docker-py
 ---> Using cache
 ---> 7f759f71c940
Step 86/94 : RUN cd /docker-py 	&& pip install docker-pycreds==0.2.1 	&& pip install yamllint==1.5.0 	&& pip install -r test-requirements.txt
 ---> Using cache
 ---> be1feebb481d
Step 87/94 : ENV PATH=/usr/local/cli:$PATH
 ---> Using cache
 ---> ea192246f6a5
Step 88/94 : ENV DOCKER_BUILDTAGS apparmor seccomp selinux
 ---> Using cache
 ---> 452dce35fef6
Step 89/94 : ENV GOMETALINTER_OPTS="--deadline=2m"
 ---> Using cache
 ---> 41372c86e0f7
Step 90/94 : WORKDIR /go/src/github.com/docker/docker
 ---> Using cache
 ---> fcc36b2a6f9c
Step 91/94 : VOLUME /var/lib/docker
 ---> Using cache
 ---> cc831aa98ac2
Step 92/94 : ENTRYPOINT ["hack/dind"]
 ---> Using cache
 ---> 5fd8c3e929d2
Step 93/94 : FROM dev AS final
 ---> 5fd8c3e929d2
Step 94/94 : COPY . /go/src/github.com/docker/docker
 ---> a3854b33a7b7
Successfully built a3854b33a7b7
Successfully tagged docker:cf9f75e-exp

Removing bundles/

---> Making bundle: binary-daemon (in bundles/binary-daemon)
Building: bundles/binary-daemon/dockerd-dev
Created binary: bundles/binary-daemon/dockerd-dev
Copying nested executables into bundles/binary-daemon

---> Making bundle: test-integration (in bundles/test-integration)
Building test suite binary ./integration-cli/test.main
Building test suite binary ./integration/plugin/test.main
Building test suite binary ./integration/plugin/authz/test.main
Building test suite binary ./integration/plugin/logging/test.main
Building test suite binary ./integration/plugin/logging/cmd/test.main
Building test suite binary ./integration/plugin/logging/cmd/close_on_start/test.main
Building test suite binary ./integration/plugin/logging/cmd/dummy/test.main
Building test suite binary ./integration/plugin/common/test.main
Building test suite binary ./integration/plugin/volumes/test.main
Building test suite binary ./integration/plugin/volumes/cmd/test.main
Building test suite binary ./integration/plugin/volumes/cmd/dummy/test.main
Building test suite binary ./integration/plugin/graphdriver/test.main
Building test suite binary ./integration/config/test.main
Building test suite binary ./integration/service/test.main
Building test suite binary ./integration/network/test.main
Building test suite binary ./integration/network/ipvlan/test.main
Building test suite binary ./integration/network/macvlan/test.main
Building test suite binary ./integration/secret/test.main
Building test suite binary ./integration/session/test.main
Building test suite binary ./integration/container/test.main
Building test suite binary ./integration/build/test.main
Building test suite binary ./integration/volume/test.main
Building test suite binary ./integration/system/test.main
Building test suite binary ./integration/image/test.main
---> Making bundle: .integration-daemon-start (in bundles/test-integration)
Using test binary docker
# DOCKER_EXPERIMENTAL is set: starting daemon with experimental features enabled! 
/etc/init.d/apparmor: 130: /etc/init.d/apparmor: systemd-detect-virt: not found
Starting AppArmor profiles:Warning from stdin (line 1): /sbin/apparmor_parser: cannot use or update cache, disable, or force-complain via stdin
Warning failed to create cache: (null)
.
INFO: Waiting for daemon to start...
Starting dockerd
.
---> Making bundle: .integration-daemon-setup (in bundles/test-integration)
---> Making bundle: .ensure-emptyfs (in bundles/test-integration)
Error: No such image: emptyfs
Running integration-test (iteration 1)
Running /go/src/github.com/docker/docker/integration/plugin
testing: warning: no tests to run
PASS
Running /go/src/github.com/docker/docker/integration/plugin/authz
Loaded image: buildpack-deps:jessie
Loaded image: busybox:latest
Loaded image: busybox:glibc
Loaded image: debian:jessie
Loaded image: hello-world:latest
INFO: Testing against a local daemon
=== RUN   TestAuthZPluginAllowRequest
--- PASS: TestAuthZPluginAllowRequest (2.88s)
    daemon.go:296: [d2c84a3010049] waiting for daemon to start
    daemon.go:328: [d2c84a3010049] daemon started
    daemon.go:283: [d2c84a3010049] exiting daemon
=== RUN   TestAuthZPluginTLS
--- PASS: TestAuthZPluginTLS (0.53s)
    daemon.go:296: [dbe0667f1cc0f] waiting for daemon to start
    daemon.go:328: [dbe0667f1cc0f] daemon started
    daemon.go:283: [dbe0667f1cc0f] exiting daemon
=== RUN   TestAuthZPluginDenyRequest
--- PASS: TestAuthZPluginDenyRequest (0.52s)
    daemon.go:296: [d948aae542821] waiting for daemon to start
    daemon.go:328: [d948aae542821] daemon started
    daemon.go:283: [d948aae542821] exiting daemon
=== RUN   TestAuthZPluginAPIDenyResponse
--- PASS: TestAuthZPluginAPIDenyResponse (0.52s)
    daemon.go:296: [dbec37c681cfe] waiting for daemon to start
    daemon.go:328: [dbec37c681cfe] daemon started
    daemon.go:283: [dbec37c681cfe] exiting daemon
=== RUN   TestAuthZPluginDenyResponse
--- PASS: TestAuthZPluginDenyResponse (0.52s)
    daemon.go:296: [d8c650296959c] waiting for daemon to start
    daemon.go:328: [d8c650296959c] daemon started
    daemon.go:283: [d8c650296959c] exiting daemon
=== RUN   TestAuthZPluginAllowEventStream
--- PASS: TestAuthZPluginAllowEventStream (5.38s)
    daemon.go:296: [d65484ca3da91] waiting for daemon to start
    daemon.go:328: [d65484ca3da91] daemon started
    daemon.go:283: [d65484ca3da91] exiting daemon
=== RUN   TestAuthZPluginErrorResponse
--- PASS: TestAuthZPluginErrorResponse (3.18s)
    daemon.go:296: [dddddd40c652b] waiting for daemon to start
    daemon.go:328: [dddddd40c652b] daemon started
    daemon.go:283: [dddddd40c652b] exiting daemon
=== RUN   TestAuthZPluginErrorRequest
--- PASS: TestAuthZPluginErrorRequest (0.54s)
    daemon.go:296: [d10a99e011ba3] waiting for daemon to start
    daemon.go:328: [d10a99e011ba3] daemon started
    daemon.go:283: [d10a99e011ba3] exiting daemon
=== RUN   TestAuthZPluginEnsureNoDuplicatePluginRegistration
--- PASS: TestAuthZPluginEnsureNoDuplicatePluginRegistration (0.52s)
    daemon.go:296: [da0f119899743] waiting for daemon to start
    daemon.go:328: [da0f119899743] daemon started
    daemon.go:283: [da0f119899743] exiting daemon
=== RUN   TestAuthZPluginEnsureLoadImportWorking
--- PASS: TestAuthZPluginEnsureLoadImportWorking (1.43s)
    daemon.go:296: [d0b0cc77e2897] waiting for daemon to start
    daemon.go:328: [d0b0cc77e2897] daemon started
    daemon.go:283: [d0b0cc77e2897] exiting daemon
=== RUN   TestAuthzPluginEnsureContainerCopyToFrom
--- PASS: TestAuthzPluginEnsureContainerCopyToFrom (1.48s)
    daemon.go:296: [d1f9c751a8ac1] waiting for daemon to start
    daemon.go:328: [d1f9c751a8ac1] daemon started
    daemon.go:283: [d1f9c751a8ac1] exiting daemon
=== RUN   TestAuthZPluginHeader
--- PASS: TestAuthZPluginHeader (0.70s)
    daemon.go:296: [d5f4e9ef3b5fd] waiting for daemon to start
    daemon.go:328: [d5f4e9ef3b5fd] daemon started
    daemon.go:283: [d5f4e9ef3b5fd] exiting daemon
=== RUN   TestAuthZPluginV2AllowNonVolumeRequest
--- PASS: TestAuthZPluginV2AllowNonVolumeRequest (7.83s)
    daemon.go:296: [dee3a5e148ff9] waiting for daemon to start
    daemon.go:328: [dee3a5e148ff9] daemon started
    daemon.go:283: [dee3a5e148ff9] exiting daemon
    daemon.go:296: [dee3a5e148ff9] waiting for daemon to start
    daemon.go:328: [dee3a5e148ff9] daemon started
    daemon.go:283: [dee3a5e148ff9] exiting daemon
=== RUN   TestAuthZPluginV2Disable
--- PASS: TestAuthZPluginV2Disable (5.86s)
    daemon.go:296: [d515829af8a59] waiting for daemon to start
    daemon.go:328: [d515829af8a59] daemon started
    daemon.go:283: [d515829af8a59] exiting daemon
    daemon.go:296: [d515829af8a59] waiting for daemon to start
    daemon.go:328: [d515829af8a59] daemon started
    daemon.go:283: [d515829af8a59] exiting daemon
=== RUN   TestAuthZPluginV2RejectVolumeRequests
--- PASS: TestAuthZPluginV2RejectVolumeRequests (5.65s)
    daemon.go:296: [d4208bbb7ef15] waiting for daemon to start
    daemon.go:328: [d4208bbb7ef15] daemon started
    daemon.go:283: [d4208bbb7ef15] exiting daemon
    daemon.go:296: [d4208bbb7ef15] waiting for daemon to start
    daemon.go:328: [d4208bbb7ef15] daemon started
    daemon.go:283: [d4208bbb7ef15] exiting daemon
=== RUN   TestAuthZPluginV2BadManifestFailsDaemonStart
--- PASS: TestAuthZPluginV2BadManifestFailsDaemonStart (13.61s)
    daemon.go:296: [d36932b144e86] waiting for daemon to start
    daemon.go:328: [d36932b144e86] daemon started
    daemon.go:283: [d36932b144e86] exiting daemon
    daemon.go:296: [d36932b144e86] waiting for daemon to start
    daemon.go:296: [d36932b144e86] waiting for daemon to start
    daemon.go:296: [d36932b144e86] waiting for daemon to start
    daemon.go:283: [d36932b144e86] exiting daemon
    daemon.go:328: [d36932b144e86] daemon started
    daemon.go:283: [d36932b144e86] exiting daemon
=== RUN   TestAuthZPluginV2NonexistentFailsDaemonStart
--- PASS: TestAuthZPluginV2NonexistentFailsDaemonStart (16.53s)
    daemon.go:296: [dd2451fbc3ce0] waiting for daemon to start
    daemon.go:328: [dd2451fbc3ce0] daemon started
    daemon.go:283: [dd2451fbc3ce0] exiting daemon
    daemon.go:296: [dd2451fbc3ce0] waiting for daemon to start
    daemon.go:296: [dd2451fbc3ce0] waiting for daemon to start
    daemon.go:296: [dd2451fbc3ce0] waiting for daemon to start
    daemon.go:328: [dd2451fbc3ce0] daemon started
    daemon.go:283: [dd2451fbc3ce0] exiting daemon
PASS
Running /go/src/github.com/docker/docker/integration/plugin/logging
INFO: Testing against a local daemon
=== RUN   TestContinueAfterPluginCrash
=== PAUSE TestContinueAfterPluginCrash
=== RUN   TestDaemonStartWithLogOpt
=== PAUSE TestDaemonStartWithLogOpt
=== CONT  TestContinueAfterPluginCrash
=== CONT  TestDaemonStartWithLogOpt
--- PASS: TestDaemonStartWithLogOpt (13.80s)
    daemon.go:296: [d87cd2af4d97e] waiting for daemon to start
    daemon.go:328: [d87cd2af4d97e] daemon started
    daemon.go:283: [d87cd2af4d97e] exiting daemon
    daemon.go:296: [d87cd2af4d97e] waiting for daemon to start
    daemon.go:328: [d87cd2af4d97e] daemon started
    daemon.go:283: [d87cd2af4d97e] exiting daemon
--- PASS: TestContinueAfterPluginCrash (19.31s)
    daemon.go:296: [db0892359bff0] waiting for daemon to start
    daemon.go:328: [db0892359bff0] daemon started
    daemon.go:283: [db0892359bff0] exiting daemon
PASS
Running /go/src/github.com/docker/docker/integration/plugin/logging/cmd
testing: warning: no tests to run
PASS
Running /go/src/github.com/docker/docker/integration/plugin/logging/cmd/close_on_start
testing: warning: no tests to run
PASS
Running /go/src/github.com/docker/docker/integration/plugin/logging/cmd/dummy
testing: warning: no tests to run
PASS
Running /go/src/github.com/docker/docker/integration/plugin/common
INFO: Testing against a local daemon
=== RUN   TestPluginInvalidJSON
=== RUN   TestPluginInvalidJSON//plugins/foobar/set
=== PAUSE TestPluginInvalidJSON//plugins/foobar/set
=== CONT  TestPluginInvalidJSON//plugins/foobar/set
--- PASS: TestPluginInvalidJSON (0.01s)
    --- PASS: TestPluginInvalidJSON//plugins/foobar/set (0.00s)
PASS
Running /go/src/github.com/docker/docker/integration/plugin/volumes
INFO: Testing against a local daemon
=== RUN   TestPluginWithDevMounts
=== PAUSE TestPluginWithDevMounts
=== CONT  TestPluginWithDevMounts
--- PASS: TestPluginWithDevMounts (1.74s)
    daemon.go:296: [dea8fbb08a2d9] waiting for daemon to start
    daemon.go:328: [dea8fbb08a2d9] daemon started
    daemon.go:283: [dea8fbb08a2d9] exiting daemon
PASS
Running /go/src/github.com/docker/docker/integration/plugin/volumes/cmd
testing: warning: no tests to run
PASS
Running /go/src/github.com/docker/docker/integration/plugin/volumes/cmd/dummy
testing: warning: no tests to run
PASS
Running /go/src/github.com/docker/docker/integration/plugin/graphdriver
INFO: Testing against a local daemon
=== RUN   TestExternalGraphDriver
=== RUN   TestExternalGraphDriver/json
=== RUN   TestExternalGraphDriver/spec
=== RUN   TestExternalGraphDriver/pull
--- PASS: TestExternalGraphDriver (6.98s)
    daemon.go:296: [d146067020ff0] waiting for daemon to start
    daemon.go:328: [d146067020ff0] daemon started
    daemon.go:283: [d146067020ff0] exiting daemon
    daemon.go:296: [d146067020ff0] waiting for daemon to start
    daemon.go:328: [d146067020ff0] daemon started
    daemon.go:283: [d146067020ff0] exiting daemon
    --- PASS: TestExternalGraphDriver/json (1.75s)
    daemon.go:296: [d146067020ff0] waiting for daemon to start
    daemon.go:328: [d146067020ff0] daemon started
    daemon.go:283: [d146067020ff0] exiting daemon
    daemon.go:296: [d146067020ff0] waiting for daemon to start
    daemon.go:328: [d146067020ff0] daemon started
    daemon.go:283: [d146067020ff0] exiting daemon
    --- PASS: TestExternalGraphDriver/spec (1.74s)
    daemon.go:296: [d146067020ff0] waiting for daemon to start
    daemon.go:328: [d146067020ff0] daemon started
    daemon.go:283: [d146067020ff0] exiting daemon
    --- PASS: TestExternalGraphDriver/pull (3.03s)
=== RUN   TestGraphdriverPluginV2
--- SKIP: TestGraphdriverPluginV2 (0.34s)
    external_test.go:411: !requirement.Overlay2Supported(testEnv.DaemonInfo.KernelVersion)
PASS
Running /go/src/github.com/docker/docker/integration/config
INFO: Testing against a local daemon
=== RUN   TestConfigList
--- PASS: TestConfigList (2.05s)
    daemon.go:296: [d3d0fff47f7b3] waiting for daemon to start
    daemon.go:328: [d3d0fff47f7b3] daemon started
    daemon.go:283: [d3d0fff47f7b3] exiting daemon
=== RUN   TestConfigsCreateAndDelete
--- PASS: TestConfigsCreateAndDelete (2.08s)
    daemon.go:296: [d131da6e0462d] waiting for daemon to start
    daemon.go:328: [d131da6e0462d] daemon started
    daemon.go:283: [d131da6e0462d] exiting daemon
=== RUN   TestConfigsUpdate
--- PASS: TestConfigsUpdate (2.07s)
    daemon.go:296: [ddde6ce994681] waiting for daemon to start
    daemon.go:328: [ddde6ce994681] daemon started
    daemon.go:283: [ddde6ce994681] exiting daemon
=== RUN   TestTemplatedConfig
--- PASS: TestTemplatedConfig (2.61s)
    daemon.go:296: [de3a75219a744] waiting for daemon to start
    daemon.go:328: [de3a75219a744] daemon started
    daemon.go:283: [de3a75219a744] exiting daemon
=== RUN   TestConfigInspect
--- PASS: TestConfigInspect (2.06s)
    daemon.go:296: [d0e4206cab6d6] waiting for daemon to start
    daemon.go:328: [d0e4206cab6d6] daemon started
    daemon.go:283: [d0e4206cab6d6] exiting daemon
=== RUN   TestConfigCreateWithLabels
--- PASS: TestConfigCreateWithLabels (2.02s)
    daemon.go:296: [de7a567dd8f92] waiting for daemon to start
    daemon.go:328: [de7a567dd8f92] daemon started
    daemon.go:283: [de7a567dd8f92] exiting daemon
=== RUN   TestConfigCreateResolve
--- PASS: TestConfigCreateResolve (2.15s)
    daemon.go:296: [d5efecb8d2552] waiting for daemon to start
    daemon.go:328: [d5efecb8d2552] daemon started
    daemon.go:283: [d5efecb8d2552] exiting daemon
PASS
Running /go/src/github.com/docker/docker/integration/service
INFO: Testing against a local daemon
=== RUN   TestServiceCreateInit
=== RUN   TestServiceCreateInit/daemonInitDisabled
=== RUN   TestServiceCreateInit/daemonInitEnabled
--- PASS: TestServiceCreateInit (7.96s)
    --- PASS: TestServiceCreateInit/daemonInitDisabled (4.00s)
        daemon.go:296: [de2b6047b6bc8] waiting for daemon to start
        daemon.go:328: [de2b6047b6bc8] daemon started
        daemon.go:283: [de2b6047b6bc8] exiting daemon
    --- PASS: TestServiceCreateInit/daemonInitEnabled (3.95s)
        daemon.go:296: [d153dde882b14] waiting for daemon to start
        daemon.go:328: [d153dde882b14] daemon started
        daemon.go:283: [d153dde882b14] exiting daemon
=== RUN   TestCreateServiceMultipleTimes
--- PASS: TestCreateServiceMultipleTimes (23.93s)
    daemon.go:296: [d9e065ccda39a] waiting for daemon to start
    daemon.go:328: [d9e065ccda39a] daemon started
    daemon.go:283: [d9e065ccda39a] exiting daemon
=== RUN   TestCreateServiceConflict
--- PASS: TestCreateServiceConflict (2.04s)
    daemon.go:296: [d6f4b40ae0eaa] waiting for daemon to start
    daemon.go:328: [d6f4b40ae0eaa] daemon started
    daemon.go:283: [d6f4b40ae0eaa] exiting daemon
=== RUN   TestCreateServiceMaxReplicas
--- PASS: TestCreateServiceMaxReplicas (2.73s)
    daemon.go:296: [d4dd1eee67cf5] waiting for daemon to start
    daemon.go:328: [d4dd1eee67cf5] daemon started
    daemon.go:283: [d4dd1eee67cf5] exiting daemon
=== RUN   TestCreateWithDuplicateNetworkNames
--- PASS: TestCreateWithDuplicateNetworkNames (12.93s)
    daemon.go:296: [dc9d0cfb9386b] waiting for daemon to start
    daemon.go:328: [dc9d0cfb9386b] daemon started
    daemon.go:283: [dc9d0cfb9386b] exiting daemon
=== RUN   TestCreateServiceSecretFileMode
--- PASS: TestCreateServiceSecretFileMode (2.69s)
    daemon.go:296: [d19099035bb8c] waiting for daemon to start
    daemon.go:328: [d19099035bb8c] daemon started
    daemon.go:283: [d19099035bb8c] exiting daemon
=== RUN   TestCreateServiceConfigFileMode
--- PASS: TestCreateServiceConfigFileMode (2.61s)
    daemon.go:296: [dacd80e719736] waiting for daemon to start
    daemon.go:328: [dacd80e719736] daemon started
    daemon.go:283: [dacd80e719736] exiting daemon
=== RUN   TestCreateServiceSysctls
--- PASS: TestCreateServiceSysctls (3.34s)
    daemon.go:296: [dd8804a38c3d4] waiting for daemon to start
    daemon.go:328: [dd8804a38c3d4] daemon started
    daemon.go:283: [dd8804a38c3d4] exiting daemon
=== RUN   TestInspect
--- PASS: TestInspect (2.04s)
    daemon.go:296: [da991f2b09ac0] waiting for daemon to start
    daemon.go:328: [da991f2b09ac0] daemon started
    daemon.go:283: [da991f2b09ac0] exiting daemon
=== RUN   TestDockerNetworkConnectAlias
--- PASS: TestDockerNetworkConnectAlias (3.99s)
    daemon.go:296: [d2cbb55c4ef58] waiting for daemon to start
    daemon.go:328: [d2cbb55c4ef58] daemon started
    daemon.go:283: [d2cbb55c4ef58] exiting daemon
=== RUN   TestServicePlugin
--- FAIL: TestServicePlugin (60.19s)
    daemon.go:296: [dd2766aa99cd9] waiting for daemon to start
    daemon.go:328: [dd2766aa99cd9] daemon started
    daemon.go:283: [dd2766aa99cd9] exiting daemon
    daemon.go:296: [d093c53206c46] waiting for daemon to start
    daemon.go:328: [d093c53206c46] daemon started
    daemon.go:296: [ddf3e7d4fa957] waiting for daemon to start
    daemon.go:328: [ddf3e7d4fa957] daemon started
    daemon.go:296: [d57b580101b12] waiting for daemon to start
    daemon.go:328: [d57b580101b12] daemon started
    plugin_test.go:92: timeout hit after 30s: plugin "test" exists
    daemon.go:283: [d57b580101b12] exiting daemon
    daemon.go:283: [ddf3e7d4fa957] exiting daemon
    daemon.go:283: [d093c53206c46] exiting daemon
=== RUN   TestServiceUpdateLabel
--- PASS: TestServiceUpdateLabel (2.39s)
    daemon.go:296: [d549a4beb5370] waiting for daemon to start
    daemon.go:328: [d549a4beb5370] daemon started
    daemon.go:283: [d549a4beb5370] exiting daemon
=== RUN   TestServiceUpdateSecrets
--- PASS: TestServiceUpdateSecrets (14.48s)
    daemon.go:296: [d67c1379f7d3b] waiting for daemon to start
    daemon.go:328: [d67c1379f7d3b] daemon started
    daemon.go:283: [d67c1379f7d3b] exiting daemon
=== RUN   TestServiceUpdateConfigs
--- PASS: TestServiceUpdateConfigs (14.49s)
    daemon.go:296: [d38c2c866fc60] waiting for daemon to start
    daemon.go:328: [d38c2c866fc60] daemon started
    daemon.go:283: [d38c2c866fc60] exiting daemon
FAIL
---> Making bundle: .integration-daemon-stop (in bundles/test-integration)
Clearing AppArmor profiles cache:.
All profile caches have been cleared, but no profiles have been unloaded.
Unloading profiles will leave already running processes permanently
unconfined, which can lead to unexpected situations.

To set a process to complain mode, use the command line tool
'aa-complain'. To really tear down all profiles, run the init script
with the 'teardown' option."
Removing test suite binaries
Build step 'Execute shell' marked build as failure
Set build name.
New build name is '#38520'
[PostBuildScript] - Executing post build scripts.
[Docker-PRs-experimental] $ /bin/sh -xe /tmp/jenkins6050998723942113809.sh
+ echo Ensuring container killed.
Ensuring container killed.
+ docker rm -vf docker-pr-exp43655
Error: No such container: docker-pr-exp43655
+ true
+ echo Chowning /workspace to jenkins user
Chowning /workspace to jenkins user
+ id -u
+ id -g
+ docker run --rm -v /home/ubuntu/workspace/Docker-PRs-experimental:/workspace busybox chown -R 1000:1000 /workspace
[Docker-PRs-experimental] $ /bin/sh -xe /tmp/jenkins5506172869791948764.sh
+ echo Creating bundles.tar.gz
Creating bundles.tar.gz
+ + xargsfind bundles tar -czf bundles.tar.gz
 -name *.log
Archiving artifacts
Notifying endpoint with url 'https://leeroy.dockerproject.org/notification/jenkins'
[WS-CLEANUP] Deleting project workspace...[WS-CLEANUP] done
Finished: FAILURE
