Started by user Gordon
Notifying endpoint with url 'https://leeroy.dockerproject.org/notification/jenkins'
[EnvInject] - Loading node environment variables.
Building remotely on s390x-ubuntu-27 (linux s390x-ubuntu-1604 s390x) in workspace /home/jenkins/workspace/Docker-PRs-s390x
Running Prebuild steps
[Docker-PRs-s390x] $ /bin/sh -xe /tmp/jenkins8675645506500720865.sh
+ pwd
+ id -u
+ id -g
+ docker run --rm -v /home/jenkins/workspace/Docker-PRs-s390x:/workspace s390x/busybox chown -R 1001:1001 /workspace
Success build forhudson.tasks.Shell@54493290
Wiping out workspace first.
Cloning the remote Git repository
Cloning repository https://github.com/moby/moby.git
 > git init /home/jenkins/workspace/Docker-PRs-s390x # timeout=10
Fetching upstream changes from https://github.com/moby/moby.git
 > git --version # timeout=10
 > git fetch --tags --progress https://github.com/moby/moby.git +refs/heads/*:refs/remotes/origin/*
 > git config remote.origin.url https://github.com/moby/moby.git # timeout=10
 > git config --add remote.origin.fetch +refs/heads/*:refs/remotes/origin/* # timeout=10
 > git config remote.origin.url https://github.com/moby/moby.git # timeout=10
Fetching upstream changes from https://github.com/moby/moby.git
 > git fetch --tags --progress https://github.com/moby/moby.git +refs/heads/*:refs/remotes/origin/*
 > git rev-parse origin/master^{commit} # timeout=10
Checking out Revision 2ee53a42db814c513770421f1b0d48f27faeadea (origin/master)
 > git config core.sparsecheckout # timeout=10
 > git checkout -f 2ee53a42db814c513770421f1b0d48f27faeadea
Commit message: "Merge pull request #38490 from kolyshkin/test-rename-anon-ct"
 > git rev-list --no-walk 2ee53a42db814c513770421f1b0d48f27faeadea # timeout=10
Set build name.
New build name is '#38380'
[Docker-PRs-s390x] $ /bin/bash /tmp/jenkins4087600200189315898.sh
From https://github.com/moby/moby
 * [new ref]         refs/pull/38380/head -> origin/pr/38380
Merge made by the 'recursive' strategy.
 api/server/router/container/container_routes.go |  5 ++
 api/swagger.yaml                                | 12 +++-
 api/types/container/host_config.go              |  7 ++-
 daemon/oci_linux.go                             |  7 ++-
 daemon/oci_windows.go                           |  9 ++-
 docs/api/version-history.md                     |  3 +
 integration/container/create_test.go            | 73 +++++++++++++++++++++++++
 oci/caps/utils.go                               | 26 +++++++--
 oci/defaults.go                                 | 11 ++--
 oci/oci.go                                      | 15 +----
 10 files changed, 136 insertions(+), 32 deletions(-)
Sending build context to Docker daemon  45.11MB
Step 1/94 : FROM golang:1.11.4 AS base
 ---> ee5c1a481166
Step 2/94 : ARG APT_MIRROR=deb.debian.org
 ---> Using cache
 ---> f76003885dc9
Step 3/94 : RUN sed -ri "s/(httpredir|deb).debian.org/$APT_MIRROR/g" /etc/apt/sources.list
 ---> Using cache
 ---> 4cb5105b408b
Step 4/94 : FROM base AS criu
 ---> 4cb5105b408b
Step 5/94 : ENV CRIU_VERSION 3.6
 ---> Using cache
 ---> 104b642e2eb6
Step 6/94 : RUN apt-get update && apt-get install -y 	libnet-dev 	libprotobuf-c0-dev 	libprotobuf-dev 	libnl-3-dev 	libcap-dev 	protobuf-compiler 	protobuf-c-compiler 	python-protobuf 	&& mkdir -p /usr/src/criu 	&& curl -sSL https://github.com/checkpoint-restore/criu/archive/v${CRIU_VERSION}.tar.gz | tar -C /usr/src/criu/ -xz --strip-components=1 	&& cd /usr/src/criu 	&& make 	&& make PREFIX=/build/ install-criu
 ---> Using cache
 ---> d4d5b568f730
Step 7/94 : FROM base AS registry
 ---> 4cb5105b408b
Step 8/94 : ENV REGISTRY_COMMIT_SCHEMA1 ec87e9b6971d831f0eff752ddb54fb64693e51cd
 ---> Using cache
 ---> 0a18d2098937
Step 9/94 : ENV REGISTRY_COMMIT 47a064d4195a9b56133891bbb13620c3ac83a827
 ---> Using cache
 ---> e49f58683e2e
Step 10/94 : RUN set -x 	&& export GOPATH="$(mktemp -d)" 	&& git clone https://github.com/docker/distribution.git "$GOPATH/src/github.com/docker/distribution" 	&& (cd "$GOPATH/src/github.com/docker/distribution" && git checkout -q "$REGISTRY_COMMIT") 	&& GOPATH="$GOPATH/src/github.com/docker/distribution/Godeps/_workspace:$GOPATH" 		go build -buildmode=pie -o /build/registry-v2 github.com/docker/distribution/cmd/registry 	&& case $(dpkg --print-architecture) in 		amd64|ppc64*|s390x) 		(cd "$GOPATH/src/github.com/docker/distribution" && git checkout -q "$REGISTRY_COMMIT_SCHEMA1"); 		GOPATH="$GOPATH/src/github.com/docker/distribution/Godeps/_workspace:$GOPATH"; 			go build -buildmode=pie -o /build/registry-v2-schema1 github.com/docker/distribution/cmd/registry; 		;; 	   esac 	&& rm -rf "$GOPATH"
 ---> Using cache
 ---> e39dc7745483
Step 11/94 : FROM base AS docker-py
 ---> 4cb5105b408b
Step 12/94 : ENV DOCKER_PY_COMMIT 8b246db271a85d6541dc458838627e89c683e42f
 ---> Using cache
 ---> c8ece61ea229
Step 13/94 : RUN git clone https://github.com/docker/docker-py.git /build 	&& cd /build 	&& git checkout -q $DOCKER_PY_COMMIT
 ---> Using cache
 ---> 4bd50c8515bb
Step 14/94 : FROM base AS swagger
 ---> 4cb5105b408b
Step 15/94 : ENV GO_SWAGGER_COMMIT c28258affb0b6251755d92489ef685af8d4ff3eb
 ---> Using cache
 ---> c267358e6801
Step 16/94 : RUN set -x 	&& export GOPATH="$(mktemp -d)" 	&& git clone https://github.com/go-swagger/go-swagger.git "$GOPATH/src/github.com/go-swagger/go-swagger" 	&& (cd "$GOPATH/src/github.com/go-swagger/go-swagger" && git checkout -q "$GO_SWAGGER_COMMIT") 	&& go build -o /build/swagger github.com/go-swagger/go-swagger/cmd/swagger 	&& rm -rf "$GOPATH"
 ---> Using cache
 ---> 6108f7ccb14a
Step 17/94 : FROM base AS frozen-images
 ---> 4cb5105b408b
Step 18/94 : RUN apt-get update && apt-get install -y jq ca-certificates --no-install-recommends
 ---> Using cache
 ---> 02f088ad04e1
Step 19/94 : COPY contrib/download-frozen-image-v2.sh /
 ---> Using cache
 ---> 646718d38c95
Step 20/94 : RUN /download-frozen-image-v2.sh /build 	buildpack-deps:jessie@sha256:dd86dced7c9cd2a724e779730f0a53f93b7ef42228d4344b25ce9a42a1486251 	busybox:latest@sha256:bbc3a03235220b170ba48a157dd097dd1379299370e1ed99ce976df0355d24f0 	busybox:glibc@sha256:0b55a30394294ab23b9afd58fab94e61a923f5834fba7ddbae7f8e0c11ba85e6 	debian:jessie@sha256:287a20c5f73087ab406e6b364833e3fb7b3ae63ca0eb3486555dc27ed32c6e60 	hello-world:latest@sha256:be0cd392e45be79ffeffa6b05338b98ebb16c87b255f48e297ec7f98e123905c
 ---> Using cache
 ---> 7e4ae1c6e8f0
Step 21/94 : FROM base AS runtime-dev
 ---> 4cb5105b408b
Step 22/94 : RUN apt-get update && apt-get install -y 	libapparmor-dev 	libseccomp-dev
 ---> Using cache
 ---> 8d0ef114ea8c
Step 23/94 : FROM base AS tomlv
 ---> 4cb5105b408b
Step 24/94 : ENV INSTALL_BINARY_NAME=tomlv
 ---> Using cache
 ---> fe932492fe7f
Step 25/94 : COPY hack/dockerfile/install/install.sh ./install.sh
 ---> Using cache
 ---> 6fc4826c5cae
Step 26/94 : COPY hack/dockerfile/install/$INSTALL_BINARY_NAME.installer ./
 ---> Using cache
 ---> 434bffd834f8
Step 27/94 : RUN PREFIX=/build ./install.sh $INSTALL_BINARY_NAME
 ---> Using cache
 ---> 7d1400d81dff
Step 28/94 : FROM base AS vndr
 ---> 4cb5105b408b
Step 29/94 : ENV INSTALL_BINARY_NAME=vndr
 ---> Using cache
 ---> caa62dd358fa
Step 30/94 : COPY hack/dockerfile/install/install.sh ./install.sh
 ---> Using cache
 ---> 730ea2687d2f
Step 31/94 : COPY hack/dockerfile/install/$INSTALL_BINARY_NAME.installer ./
 ---> Using cache
 ---> 6dbe069715c5
Step 32/94 : RUN PREFIX=/build ./install.sh $INSTALL_BINARY_NAME
 ---> Using cache
 ---> f3ca88a5275d
Step 33/94 : FROM base AS containerd
 ---> 4cb5105b408b
Step 34/94 : RUN apt-get update && apt-get install -y btrfs-tools
 ---> Using cache
 ---> e0875e8e2fa9
Step 35/94 : ENV INSTALL_BINARY_NAME=containerd
 ---> Using cache
 ---> 4f051afbbccb
Step 36/94 : COPY hack/dockerfile/install/install.sh ./install.sh
 ---> Using cache
 ---> b2c18243d718
Step 37/94 : COPY hack/dockerfile/install/$INSTALL_BINARY_NAME.installer ./
 ---> Using cache
 ---> 074a901bb10e
Step 38/94 : RUN PREFIX=/build ./install.sh $INSTALL_BINARY_NAME
 ---> Using cache
 ---> 952285832621
Step 39/94 : FROM base AS proxy
 ---> 4cb5105b408b
Step 40/94 : ENV INSTALL_BINARY_NAME=proxy
 ---> Using cache
 ---> d9b1cff6eea7
Step 41/94 : COPY hack/dockerfile/install/install.sh ./install.sh
 ---> Using cache
 ---> 8a5e19e413fb
Step 42/94 : COPY hack/dockerfile/install/$INSTALL_BINARY_NAME.installer ./
 ---> Using cache
 ---> 1133699ad4ce
Step 43/94 : RUN PREFIX=/build ./install.sh $INSTALL_BINARY_NAME
 ---> Using cache
 ---> 37f0220dbb21
Step 44/94 : FROM base AS gometalinter
 ---> 4cb5105b408b
Step 45/94 : ENV INSTALL_BINARY_NAME=gometalinter
 ---> Using cache
 ---> 0db3ce520ef1
Step 46/94 : COPY hack/dockerfile/install/install.sh ./install.sh
 ---> Using cache
 ---> 77c01800f032
Step 47/94 : COPY hack/dockerfile/install/$INSTALL_BINARY_NAME.installer ./
 ---> Using cache
 ---> 96e9d2179bc6
Step 48/94 : RUN PREFIX=/build ./install.sh $INSTALL_BINARY_NAME
 ---> Using cache
 ---> 7cf46ede9307
Step 49/94 : FROM base AS dockercli
 ---> 4cb5105b408b
Step 50/94 : ENV INSTALL_BINARY_NAME=dockercli
 ---> Using cache
 ---> 95058649f43d
Step 51/94 : COPY hack/dockerfile/install/install.sh ./install.sh
 ---> Using cache
 ---> 5524c0dd4481
Step 52/94 : COPY hack/dockerfile/install/$INSTALL_BINARY_NAME.installer ./
 ---> Using cache
 ---> 63c47ef2fe7f
Step 53/94 : RUN PREFIX=/build ./install.sh $INSTALL_BINARY_NAME
 ---> Using cache
 ---> a80ab9bc8b74
Step 54/94 : FROM runtime-dev AS runc
 ---> 8d0ef114ea8c
Step 55/94 : ENV INSTALL_BINARY_NAME=runc
 ---> Using cache
 ---> f705168ba2e2
Step 56/94 : COPY hack/dockerfile/install/install.sh ./install.sh
 ---> Using cache
 ---> a0455173818d
Step 57/94 : COPY hack/dockerfile/install/$INSTALL_BINARY_NAME.installer ./
 ---> Using cache
 ---> e1780b134006
Step 58/94 : RUN PREFIX=/build ./install.sh $INSTALL_BINARY_NAME
 ---> Using cache
 ---> 56251633fb3e
Step 59/94 : FROM base AS tini
 ---> 4cb5105b408b
Step 60/94 : RUN apt-get update && apt-get install -y cmake vim-common
 ---> Using cache
 ---> 96db4503a6c6
Step 61/94 : COPY hack/dockerfile/install/install.sh ./install.sh
 ---> Using cache
 ---> f1efbedac7b2
Step 62/94 : ENV INSTALL_BINARY_NAME=tini
 ---> Using cache
 ---> 4c34a4bc3aa1
Step 63/94 : COPY hack/dockerfile/install/$INSTALL_BINARY_NAME.installer ./
 ---> Using cache
 ---> 27cbe2c53c55
Step 64/94 : RUN PREFIX=/build ./install.sh $INSTALL_BINARY_NAME
 ---> Using cache
 ---> 0cfa9a505b82
Step 65/94 : FROM runtime-dev AS dev
 ---> 8d0ef114ea8c
Step 66/94 : RUN groupadd -r docker
 ---> Using cache
 ---> be159383ccab
Step 67/94 : RUN useradd --create-home --gid docker unprivilegeduser
 ---> Using cache
 ---> c291334ee3cc
Step 68/94 : RUN ln -sfv /go/src/github.com/docker/docker/.bashrc ~/.bashrc
 ---> Using cache
 ---> 772650d94b11
Step 69/94 : RUN echo "source /usr/share/bash-completion/bash_completion" >> /etc/bash.bashrc
 ---> Using cache
 ---> 0859b71f0110
Step 70/94 : RUN ln -s /usr/local/completion/bash/docker /etc/bash_completion.d/docker
 ---> Using cache
 ---> 4bcb999f1518
Step 71/94 : RUN ldconfig
 ---> Using cache
 ---> d13e03e6c6f9
Step 72/94 : RUN apt-get update && apt-get install -y 	apparmor 	aufs-tools 	bash-completion 	btrfs-tools 	iptables 	jq 	libcap2-bin 	libdevmapper-dev 	libudev-dev 	libsystemd-dev 	binutils-mingw-w64 	g++-mingw-w64-x86-64 	net-tools 	pigz 	python-backports.ssl-match-hostname 	python-dev 	python-mock 	python-pip 	python-requests 	python-setuptools 	python-websocket 	python-wheel 	thin-provisioning-tools 	vim 	vim-common 	xfsprogs 	zip 	bzip2 	xz-utils 	--no-install-recommends
 ---> Using cache
 ---> f31e66fa315a
Step 73/94 : COPY --from=swagger /build/swagger* /usr/local/bin/
 ---> Using cache
 ---> df02da9441c8
Step 74/94 : COPY --from=frozen-images /build/ /docker-frozen-images
 ---> Using cache
 ---> 38c03985e6c0
Step 75/94 : COPY --from=gometalinter /build/ /usr/local/bin/
 ---> Using cache
 ---> e4d5c1efd209
Step 76/94 : COPY --from=tomlv /build/ /usr/local/bin/
 ---> Using cache
 ---> 6c10030c576d
Step 77/94 : COPY --from=vndr /build/ /usr/local/bin/
 ---> Using cache
 ---> a1ca4762061e
Step 78/94 : COPY --from=tini /build/ /usr/local/bin/
 ---> Using cache
 ---> bbd3f1e50378
Step 79/94 : COPY --from=runc /build/ /usr/local/bin/
 ---> Using cache
 ---> 0fef1a9bc378
Step 80/94 : COPY --from=containerd /build/ /usr/local/bin/
 ---> Using cache
 ---> d8f726603d17
Step 81/94 : COPY --from=proxy /build/ /usr/local/bin/
 ---> Using cache
 ---> 78f603ef8e0d
Step 82/94 : COPY --from=dockercli /build/ /usr/local/cli
 ---> Using cache
 ---> cb3275d195d9
Step 83/94 : COPY --from=registry /build/registry* /usr/local/bin/
 ---> Using cache
 ---> ad39ed49c7b2
Step 84/94 : COPY --from=criu /build/ /usr/local/
 ---> Using cache
 ---> fe9bb9ceeb22
Step 85/94 : COPY --from=docker-py /build/ /docker-py
 ---> Using cache
 ---> 462994448314
Step 86/94 : RUN cd /docker-py 	&& pip install docker-pycreds==0.2.1 	&& pip install yamllint==1.5.0 	&& pip install -r test-requirements.txt
 ---> Using cache
 ---> 1a9b9ef05e3b
Step 87/94 : ENV PATH=/usr/local/cli:$PATH
 ---> Using cache
 ---> e238a880a5c1
Step 88/94 : ENV DOCKER_BUILDTAGS apparmor seccomp selinux
 ---> Using cache
 ---> 098034bab62d
Step 89/94 : ENV GOMETALINTER_OPTS="--deadline=2m"
 ---> Using cache
 ---> c9220b5cbf94
Step 90/94 : WORKDIR /go/src/github.com/docker/docker
 ---> Using cache
 ---> df1535b7243d
Step 91/94 : VOLUME /var/lib/docker
 ---> Using cache
 ---> 147d6e83d180
Step 92/94 : ENTRYPOINT ["hack/dind"]
 ---> Using cache
 ---> 109fdcecd655
Step 93/94 : FROM dev AS final
 ---> 109fdcecd655
Step 94/94 : COPY . /go/src/github.com/docker/docker
 ---> Using cache
 ---> 1de4f92fefbf
Successfully built 1de4f92fefbf
Successfully tagged docker-s390x:8a080d4
?   	github.com/docker/docker/api	[no test files]
ok  	github.com/docker/docker/api/server	0.004s	coverage: 7.9% of statements
?   	github.com/docker/docker/api/server/backend/build	[no test files]
ok  	github.com/docker/docker/api/server/httputils	0.003s	coverage: 11.1% of statements
ok  	github.com/docker/docker/api/server/middleware	0.004s	coverage: 43.4% of statements
?   	github.com/docker/docker/api/server/router	[no test files]
?   	github.com/docker/docker/api/server/router/build	[no test files]
?   	github.com/docker/docker/api/server/router/checkpoint	[no test files]
?   	github.com/docker/docker/api/server/router/container	[no test files]
?   	github.com/docker/docker/api/server/router/debug	[no test files]
?   	github.com/docker/docker/api/server/router/distribution	[no test files]
?   	github.com/docker/docker/api/server/router/image	[no test files]
?   	github.com/docker/docker/api/server/router/network	[no test files]
?   	github.com/docker/docker/api/server/router/plugin	[no test files]
?   	github.com/docker/docker/api/server/router/session	[no test files]
?   	github.com/docker/docker/api/server/router/swarm	[no test files]
?   	github.com/docker/docker/api/server/router/system	[no test files]
?   	github.com/docker/docker/api/server/router/volume	[no test files]
?   	github.com/docker/docker/api/types	[no test files]
?   	github.com/docker/docker/api/types/backend	[no test files]
?   	github.com/docker/docker/api/types/blkiodev	[no test files]
?   	github.com/docker/docker/api/types/container	[no test files]
?   	github.com/docker/docker/api/types/events	[no test files]
ok  	github.com/docker/docker/api/types/filters	0.003s	coverage: 94.2% of statements
?   	github.com/docker/docker/api/types/image	[no test files]
?   	github.com/docker/docker/api/types/mount	[no test files]
?   	github.com/docker/docker/api/types/network	[no test files]
?   	github.com/docker/docker/api/types/plugins/logdriver	[no test files]
?   	github.com/docker/docker/api/types/registry	[no test files]
ok  	github.com/docker/docker/api/types/strslice	0.002s	coverage: 90.0% of statements
?   	github.com/docker/docker/api/types/swarm	[no test files]
?   	github.com/docker/docker/api/types/swarm/runtime	[no test files]
ok  	github.com/docker/docker/api/types/time	0.002s	coverage: 100.0% of statements
ok  	github.com/docker/docker/api/types/versions	0.002s	coverage: 75.0% of statements
?   	github.com/docker/docker/api/types/versions/v1p19	[no test files]
?   	github.com/docker/docker/api/types/versions/v1p20	[no test files]
?   	github.com/docker/docker/api/types/volume	[no test files]
?   	github.com/docker/docker/builder	[no test files]
?   	github.com/docker/docker/builder/builder-next	[no test files]
?   	github.com/docker/docker/builder/builder-next/adapters/containerimage	[no test files]
?   	github.com/docker/docker/builder/builder-next/adapters/snapshot	[no test files]
?   	github.com/docker/docker/builder/builder-next/exporter	[no test files]
?   	github.com/docker/docker/builder/builder-next/imagerefchecker	[no test files]
?   	github.com/docker/docker/builder/builder-next/worker	[no test files]
ok  	github.com/docker/docker/builder/dockerfile	0.756s	coverage: 45.4% of statements
ok  	github.com/docker/docker/builder/dockerignore	0.002s	coverage: 96.8% of statements
ok  	github.com/docker/docker/builder/fscache	0.110s	coverage: 69.2% of statements
ok  	github.com/docker/docker/builder/remotecontext	0.294s	coverage: 13.7% of statements
ok  	github.com/docker/docker/builder/remotecontext/git	0.609s	coverage: 78.8% of statements
?   	github.com/docker/docker/cli	[no test files]
?   	github.com/docker/docker/cli/config	[no test files]
ok  	github.com/docker/docker/cli/debug	0.002s	coverage: 100.0% of statements
ok  	github.com/docker/docker/client	0.135s	coverage: 75.6% of statements
ok  	github.com/docker/docker/cmd/dockerd	0.051s	coverage: 31.4% of statements
ok  	github.com/docker/docker/cmd/dockerd/hack	0.002s	coverage: 72.9% of statements
ok  	github.com/docker/docker/container	0.111s	coverage: 35.6% of statements
?   	github.com/docker/docker/container/stream	[no test files]
?   	github.com/docker/docker/contrib/apparmor	[no test files]
?   	github.com/docker/docker/contrib/docker-device-tool	[no test files]
?   	github.com/docker/docker/contrib/httpserver	[no test files]
ok  	github.com/docker/docker/daemon	12.189s	coverage: 17.1% of statements
ok  	github.com/docker/docker/daemon/cluster	0.033s	coverage: 0.5% of statements
ok  	github.com/docker/docker/daemon/cluster/controllers/plugin	0.007s	coverage: 65.3% of statements
ok  	github.com/docker/docker/daemon/cluster/convert	0.005s	coverage: 28.0% of statements
?   	github.com/docker/docker/daemon/cluster/executor	[no test files]
ok  	github.com/docker/docker/daemon/cluster/executor/container	3.426s	coverage: 12.6% of statements
?   	github.com/docker/docker/daemon/cluster/provider	[no test files]
ok  	github.com/docker/docker/daemon/config	0.031s	coverage: 84.8% of statements
ok  	github.com/docker/docker/daemon/discovery	0.004s	coverage: 30.4% of statements
ok  	github.com/docker/docker/daemon/events	0.058s	coverage: 50.0% of statements
?   	github.com/docker/docker/daemon/events/testutils	[no test files]
?   	github.com/docker/docker/daemon/exec	[no test files]
ok  	github.com/docker/docker/daemon/graphdriver	0.003s	coverage: 2.2% of statements
ok  	github.com/docker/docker/daemon/graphdriver/aufs	11.325s	coverage: 73.6% of statements
ok  	github.com/docker/docker/daemon/graphdriver/btrfs	0.004s	coverage: 2.9% of statements
ok  	github.com/docker/docker/daemon/graphdriver/copy	0.197s	coverage: 57.0% of statements
ok  	github.com/docker/docker/daemon/graphdriver/devmapper	4.446s	coverage: 45.9% of statements
?   	github.com/docker/docker/daemon/graphdriver/graphtest	[no test files]
ok  	github.com/docker/docker/daemon/graphdriver/overlay	1.739s	coverage: 50.8% of statements
ok  	github.com/docker/docker/daemon/graphdriver/overlay2	4.769s	coverage: 56.8% of statements
?   	github.com/docker/docker/daemon/graphdriver/overlayutils	[no test files]
ok  	github.com/docker/docker/daemon/graphdriver/quota	0.634s	coverage: 75.2% of statements
?   	github.com/docker/docker/daemon/graphdriver/register	[no test files]
ok  	github.com/docker/docker/daemon/graphdriver/vfs	0.005s	coverage: 70.5% of statements
ok  	github.com/docker/docker/daemon/graphdriver/zfs	0.004s	coverage: 3.0% of statements
ok  	github.com/docker/docker/daemon/images	0.008s	coverage: 4.9% of statements
?   	github.com/docker/docker/daemon/initlayer	[no test files]
ok  	github.com/docker/docker/daemon/links	0.002s	coverage: 93.0% of statements
?   	github.com/docker/docker/daemon/listeners	[no test files]
ok  	github.com/docker/docker/daemon/logger	0.213s	coverage: 43.7% of statements
ok  	github.com/docker/docker/daemon/logger/awslogs	0.087s	coverage: 78.2% of statements
?   	github.com/docker/docker/daemon/logger/fluentd	[no test files]
?   	github.com/docker/docker/daemon/logger/gcplogs	[no test files]
ok  	github.com/docker/docker/daemon/logger/gelf	0.004s	coverage: 68.2% of statements
ok  	github.com/docker/docker/daemon/logger/journald	0.004s	coverage: 26.2% of statements
ok  	github.com/docker/docker/daemon/logger/jsonfilelog	0.004s	coverage: 62.1% of statements
ok  	github.com/docker/docker/daemon/logger/jsonfilelog/jsonlog	0.009s	coverage: 88.3% of statements
ok  	github.com/docker/docker/daemon/logger/local	0.010s	coverage: 74.7% of statements
?   	github.com/docker/docker/daemon/logger/logentries	[no test files]
ok  	github.com/docker/docker/daemon/logger/loggerutils	0.008s	coverage: 18.6% of statements
ok  	github.com/docker/docker/daemon/logger/splunk	1.484s	coverage: 84.5% of statements
ok  	github.com/docker/docker/daemon/logger/syslog	0.004s	coverage: 47.8% of statements
ok  	github.com/docker/docker/daemon/logger/templates	0.002s	coverage: 8.3% of statements
?   	github.com/docker/docker/daemon/names	[no test files]
ok  	github.com/docker/docker/daemon/network	0.002s	coverage: 57.1% of statements
?   	github.com/docker/docker/daemon/stats	[no test files]
ok  	github.com/docker/docker/distribution	0.263s	coverage: 16.8% of statements
ok  	github.com/docker/docker/distribution/metadata	0.024s	coverage: 48.2% of statements
?   	github.com/docker/docker/distribution/utils	[no test files]
ok  	github.com/docker/docker/distribution/xfer	1.426s	coverage: 83.9% of statements
?   	github.com/docker/docker/dockerversion	[no test files]
ok  	github.com/docker/docker/errdefs	0.002s	coverage: 76.0% of statements
ok  	github.com/docker/docker/image	0.012s	coverage: 86.3% of statements
ok  	github.com/docker/docker/image/cache	0.005s	coverage: 19.2% of statements
?   	github.com/docker/docker/image/tarexport	[no test files]
ok  	github.com/docker/docker/image/v1	0.005s	coverage: 25.0% of statements
ok  	github.com/docker/docker/internal/procfs	0.002s	coverage: 78.4% of statements
?   	github.com/docker/docker/internal/test	[no test files]
?   	github.com/docker/docker/internal/test/daemon	[no test files]
?   	github.com/docker/docker/internal/test/environment	[no test files]
?   	github.com/docker/docker/internal/test/fakecontext	[no test files]
?   	github.com/docker/docker/internal/test/fakegit	[no test files]
?   	github.com/docker/docker/internal/test/fakestorage	[no test files]
?   	github.com/docker/docker/internal/test/fixtures/load	[no test files]
?   	github.com/docker/docker/internal/test/fixtures/plugin	[no test files]
?   	github.com/docker/docker/internal/test/fixtures/plugin/basic	[no test files]
?   	github.com/docker/docker/internal/test/registry	[no test files]
?   	github.com/docker/docker/internal/test/request	[no test files]
ok  	github.com/docker/docker/internal/testutil	0.002s	coverage: 62.5% of statements
ok  	github.com/docker/docker/layer	7.035s	coverage: 71.4% of statements
ok  	github.com/docker/docker/libcontainerd	0.026s	coverage: 3.4% of statements
?   	github.com/docker/docker/libcontainerd/supervisor	[no test files]
?   	github.com/docker/docker/oci	[no test files]
?   	github.com/docker/docker/oci/caps	[no test files]
ok  	github.com/docker/docker/opts	0.030s	coverage: 68.4% of statements
ok  	github.com/docker/docker/pkg/aaparser	0.002s	coverage: 50.0% of statements
ok  	github.com/docker/docker/pkg/archive	0.546s	coverage: 77.2% of statements
ok  	github.com/docker/docker/pkg/authorization	0.749s	coverage: 66.7% of statements
ok  	github.com/docker/docker/pkg/broadcaster	0.002s	coverage: 100.0% of statements
ok  	github.com/docker/docker/pkg/chrootarchive	3.266s	coverage: 37.0% of statements
?   	github.com/docker/docker/pkg/containerfs	[no test files]
?   	github.com/docker/docker/pkg/devicemapper	[no test files]
ok  	github.com/docker/docker/pkg/directory	0.002s	coverage: 80.0% of statements
ok  	github.com/docker/docker/pkg/discovery	0.003s	coverage: 58.3% of statements
ok  	github.com/docker/docker/pkg/discovery/file	0.003s	coverage: 97.6% of statements
ok  	github.com/docker/docker/pkg/discovery/kv	3.119s	coverage: 84.1% of statements
ok  	github.com/docker/docker/pkg/discovery/memory	0.002s	coverage: 92.3% of statements
ok  	github.com/docker/docker/pkg/discovery/nodes	0.002s	coverage: 93.8% of statements
ok  	github.com/docker/docker/pkg/dmesg	0.002s	coverage: 83.3% of statements
ok  	github.com/docker/docker/pkg/filenotify	0.603s	coverage: 66.3% of statements
ok  	github.com/docker/docker/pkg/fileutils	0.006s	coverage: 89.5% of statements
ok  	github.com/docker/docker/pkg/fsutils	0.355s	coverage: 85.1% of statements
ok  	github.com/docker/docker/pkg/homedir	0.002s	coverage: 41.7% of statements
ok  	github.com/docker/docker/pkg/idtools	0.390s	coverage: 70.2% of statements
ok  	github.com/docker/docker/pkg/ioutils	0.331s	coverage: 69.1% of statements
ok  	github.com/docker/docker/pkg/jsonmessage	0.003s	coverage: 88.3% of statements
ok  	github.com/docker/docker/pkg/locker	0.010s	coverage: 88.9% of statements
ok  	github.com/docker/docker/pkg/longpath	0.002s	coverage: 100.0% of statements
?   	github.com/docker/docker/pkg/loopback	[no test files]
ok  	github.com/docker/docker/pkg/mount	0.966s	coverage: 68.6% of statements
ok  	github.com/docker/docker/pkg/namesgenerator	0.001s	coverage: 85.7% of statements
?   	github.com/docker/docker/pkg/namesgenerator/cmd/names-generator	[no test files]
ok  	github.com/docker/docker/pkg/parsers	0.002s	coverage: 97.0% of statements
ok  	github.com/docker/docker/pkg/parsers/kernel	0.002s	coverage: 60.0% of statements
ok  	github.com/docker/docker/pkg/parsers/operatingsystem	0.002s	coverage: 90.0% of statements
ok  	github.com/docker/docker/pkg/pidfile	0.002s	coverage: 82.4% of statements
?   	github.com/docker/docker/pkg/platform	[no test files]
?   	github.com/docker/docker/pkg/plugingetter	[no test files]
ok  	github.com/docker/docker/pkg/plugins	33.615s	coverage: 76.8% of statements
ok  	github.com/docker/docker/pkg/plugins/pluginrpc-gen	0.005s	coverage: 56.8% of statements
?   	github.com/docker/docker/pkg/plugins/pluginrpc-gen/fixtures	[no test files]
?   	github.com/docker/docker/pkg/plugins/pluginrpc-gen/fixtures/otherfixture	[no test files]
ok  	github.com/docker/docker/pkg/plugins/transport	0.002s	coverage: 85.7% of statements
ok  	github.com/docker/docker/pkg/pools	0.002s	coverage: 87.9% of statements
ok  	github.com/docker/docker/pkg/progress	0.002s	coverage: 75.9% of statements
ok  	github.com/docker/docker/pkg/pubsub	1.038s	coverage: 72.7% of statements
ok  	github.com/docker/docker/pkg/reexec	0.005s	coverage: 82.4% of statements
ok  	github.com/docker/docker/pkg/signal	2.396s	coverage: 61.0% of statements
?   	github.com/docker/docker/pkg/signal/testfiles	[no test files]
ok  	github.com/docker/docker/pkg/stdcopy	0.002s	coverage: 100.0% of statements
ok  	github.com/docker/docker/pkg/streamformatter	0.002s	coverage: 66.2% of statements
ok  	github.com/docker/docker/pkg/stringid	0.002s	coverage: 76.0% of statements
ok  	github.com/docker/docker/pkg/symlink	0.006s	coverage: 87.7% of statements
ok  	github.com/docker/docker/pkg/sysinfo	0.004s	coverage: 75.8% of statements
ok  	github.com/docker/docker/pkg/system	0.026s	coverage: 36.1% of statements
ok  	github.com/docker/docker/pkg/tailfile	0.013s	coverage: 88.6% of statements
ok  	github.com/docker/docker/pkg/tarsum	0.034s	coverage: 89.3% of statements
ok  	github.com/docker/docker/pkg/term	0.003s	coverage: 85.9% of statements
ok  	github.com/docker/docker/pkg/term/windows	0.002s	coverage: 0.0% of statements [no tests to run]
ok  	github.com/docker/docker/pkg/truncindex	0.102s	coverage: 91.5% of statements
ok  	github.com/docker/docker/pkg/urlutil	0.001s	coverage: 100.0% of statements
ok  	github.com/docker/docker/pkg/useragent	0.002s	coverage: 88.9% of statements
ok  	github.com/docker/docker/plugin	0.543s	coverage: 27.3% of statements
ok  	github.com/docker/docker/plugin/executor/containerd	0.007s	coverage: 33.3% of statements
ok  	github.com/docker/docker/plugin/v2	0.003s	coverage: 14.5% of statements
?   	github.com/docker/docker/profiles/apparmor	[no test files]
ok  	github.com/docker/docker/profiles/seccomp	0.004s	coverage: 81.0% of statements
ok  	github.com/docker/docker/reference	0.006s	coverage: 83.7% of statements
ok  	github.com/docker/docker/registry	0.149s	coverage: 57.0% of statements
ok  	github.com/docker/docker/registry/resumable	0.015s	coverage: 100.0% of statements
ok  	github.com/docker/docker/restartmanager	0.002s	coverage: 47.1% of statements
ok  	github.com/docker/docker/runconfig	0.008s	coverage: 68.2% of statements
?   	github.com/docker/docker/runconfig/opts	[no test files]
?   	github.com/docker/docker/volume	[no test files]
ok  	github.com/docker/docker/volume/drivers	0.004s	coverage: 36.1% of statements
ok  	github.com/docker/docker/volume/local	0.028s	coverage: 73.0% of statements
ok  	github.com/docker/docker/volume/mounts	0.024s	coverage: 66.8% of statements
ok  	github.com/docker/docker/volume/service	0.010s	coverage: 73.0% of statements
?   	github.com/docker/docker/volume/service/opts	[no test files]
?   	github.com/docker/docker/volume/testutils	[no test files]

Removing bundles/

---> Making bundle: dynbinary (in bundles/dynbinary)
Building: bundles/dynbinary-daemon/dockerd-dev
Created binary: bundles/dynbinary-daemon/dockerd-dev

---> Making bundle: test-integration (in bundles/test-integration)
Building test suite binary ./integration-cli/test.main
Building test suite binary ./integration/config/test.main
Building test suite binary ./integration/secret/test.main
Building test suite binary ./integration/session/test.main
Building test suite binary ./integration/plugin/test.main
Building test suite binary ./integration/plugin/logging/test.main
Building test suite binary ./integration/plugin/logging/cmd/test.main
Building test suite binary ./integration/plugin/logging/cmd/dummy/test.main
Building test suite binary ./integration/plugin/logging/cmd/close_on_start/test.main
Building test suite binary ./integration/plugin/authz/test.main
Building test suite binary ./integration/plugin/graphdriver/test.main
Building test suite binary ./integration/plugin/common/test.main
Building test suite binary ./integration/plugin/volumes/test.main
Building test suite binary ./integration/plugin/volumes/cmd/test.main
Building test suite binary ./integration/plugin/volumes/cmd/dummy/test.main
Building test suite binary ./integration/container/test.main
Building test suite binary ./integration/system/test.main
Building test suite binary ./integration/volume/test.main
Building test suite binary ./integration/build/test.main
Building test suite binary ./integration/network/test.main
Building test suite binary ./integration/network/ipvlan/test.main
Building test suite binary ./integration/network/macvlan/test.main
Building test suite binary ./integration/service/test.main
Building test suite binary ./integration/image/test.main
---> Making bundle: .integration-daemon-start (in bundles/test-integration)
Using test binary docker
/etc/init.d/apparmor: 130: /etc/init.d/apparmor: systemd-detect-virt: not found
Starting AppArmor profiles:Warning from stdin (line 1): /sbin/apparmor_parser: cannot use or update cache, disable, or force-complain via stdin
Warning failed to create cache: (null)
.
Starting dockerd
INFO: Waiting for daemon to start...
.
---> Making bundle: .integration-daemon-setup (in bundles/test-integration)
---> Making bundle: .ensure-emptyfs (in bundles/test-integration)
Error: No such image: emptyfs
Running integration-test (iteration 1)
Running /go/src/github.com/docker/docker/integration/config
Loaded image: buildpack-deps:jessie
Loaded image: busybox:latest
Loaded image: busybox:glibc
Loaded image: debian:jessie
Loaded image: hello-world:latest
INFO: Testing against a local daemon
=== RUN   TestConfigList
--- PASS: TestConfigList (2.89s)
    daemon.go:296: [d27867877c61b] waiting for daemon to start
    daemon.go:328: [d27867877c61b] daemon started
    daemon.go:283: [d27867877c61b] exiting daemon
=== RUN   TestConfigsCreateAndDelete
--- PASS: TestConfigsCreateAndDelete (2.43s)
    daemon.go:296: [d9520bb4eeb54] waiting for daemon to start
    daemon.go:328: [d9520bb4eeb54] daemon started
    daemon.go:283: [d9520bb4eeb54] exiting daemon
=== RUN   TestConfigsUpdate
--- PASS: TestConfigsUpdate (2.86s)
    daemon.go:296: [dc049af5ee554] waiting for daemon to start
    daemon.go:328: [dc049af5ee554] daemon started
    daemon.go:283: [dc049af5ee554] exiting daemon
=== RUN   TestTemplatedConfig
--- PASS: TestTemplatedConfig (3.54s)
    daemon.go:296: [d02f68800cc67] waiting for daemon to start
    daemon.go:328: [d02f68800cc67] daemon started
    daemon.go:283: [d02f68800cc67] exiting daemon
=== RUN   TestConfigInspect
--- PASS: TestConfigInspect (2.72s)
    daemon.go:296: [db7a71cb16546] waiting for daemon to start
    daemon.go:328: [db7a71cb16546] daemon started
    daemon.go:283: [db7a71cb16546] exiting daemon
=== RUN   TestConfigCreateWithLabels
--- PASS: TestConfigCreateWithLabels (2.88s)
    daemon.go:296: [d1b352072feb2] waiting for daemon to start
    daemon.go:328: [d1b352072feb2] daemon started
    daemon.go:283: [d1b352072feb2] exiting daemon
=== RUN   TestConfigCreateResolve
--- PASS: TestConfigCreateResolve (2.87s)
    daemon.go:296: [d852a1bbb17c3] waiting for daemon to start
    daemon.go:328: [d852a1bbb17c3] daemon started
    daemon.go:283: [d852a1bbb17c3] exiting daemon
PASS
Running /go/src/github.com/docker/docker/integration/secret
INFO: Testing against a local daemon
=== RUN   TestSecretInspect
--- PASS: TestSecretInspect (2.95s)
    daemon.go:296: [d3748140ef107] waiting for daemon to start
    daemon.go:328: [d3748140ef107] daemon started
    daemon.go:283: [d3748140ef107] exiting daemon
=== RUN   TestSecretList
--- PASS: TestSecretList (2.93s)
    daemon.go:296: [dbf99bcbb2bd3] waiting for daemon to start
    daemon.go:328: [dbf99bcbb2bd3] daemon started
    daemon.go:283: [dbf99bcbb2bd3] exiting daemon
=== RUN   TestSecretsCreateAndDelete
--- PASS: TestSecretsCreateAndDelete (2.98s)
    daemon.go:296: [d28dc14f46d20] waiting for daemon to start
    daemon.go:328: [d28dc14f46d20] daemon started
    daemon.go:283: [d28dc14f46d20] exiting daemon
=== RUN   TestSecretsUpdate
--- PASS: TestSecretsUpdate (3.02s)
    daemon.go:296: [db96d10726970] waiting for daemon to start
    daemon.go:328: [db96d10726970] daemon started
    daemon.go:283: [db96d10726970] exiting daemon
=== RUN   TestTemplatedSecret
--- PASS: TestTemplatedSecret (3.49s)
    daemon.go:296: [de4a89455d492] waiting for daemon to start
    daemon.go:328: [de4a89455d492] daemon started
    daemon.go:283: [de4a89455d492] exiting daemon
=== RUN   TestSecretCreateResolve
--- PASS: TestSecretCreateResolve (3.02s)
    daemon.go:296: [d0c8f91ca04ff] waiting for daemon to start
    daemon.go:328: [d0c8f91ca04ff] daemon started
    daemon.go:283: [d0c8f91ca04ff] exiting daemon
PASS
Running /go/src/github.com/docker/docker/integration/session
INFO: Testing against a local daemon
=== RUN   TestSessionCreate
--- SKIP: TestSessionCreate (0.00s)
    session_test.go:14: !testEnv.DaemonInfo.ExperimentalBuild
=== RUN   TestSessionCreateWithBadUpgrade
--- SKIP: TestSessionCreateWithBadUpgrade (0.00s)
    session_test.go:31: !testEnv.DaemonInfo.ExperimentalBuild
PASS
Running /go/src/github.com/docker/docker/integration/plugin
testing: warning: no tests to run
PASS
Running /go/src/github.com/docker/docker/integration/plugin/logging
INFO: Testing against a local daemon
=== RUN   TestContinueAfterPluginCrash
=== PAUSE TestContinueAfterPluginCrash
=== RUN   TestDaemonStartWithLogOpt
=== PAUSE TestDaemonStartWithLogOpt
=== CONT  TestContinueAfterPluginCrash
=== CONT  TestDaemonStartWithLogOpt
--- PASS: TestDaemonStartWithLogOpt (8.03s)
    daemon.go:296: [db47167dbb4a5] waiting for daemon to start
    daemon.go:328: [db47167dbb4a5] daemon started
    daemon.go:283: [db47167dbb4a5] exiting daemon
    daemon.go:296: [db47167dbb4a5] waiting for daemon to start
    daemon.go:328: [db47167dbb4a5] daemon started
    daemon.go:283: [db47167dbb4a5] exiting daemon
--- PASS: TestContinueAfterPluginCrash (13.75s)
    daemon.go:296: [d51f780de03f0] waiting for daemon to start
    daemon.go:328: [d51f780de03f0] daemon started
    daemon.go:283: [d51f780de03f0] exiting daemon
PASS
Running /go/src/github.com/docker/docker/integration/plugin/logging/cmd
testing: warning: no tests to run
PASS
Running /go/src/github.com/docker/docker/integration/plugin/logging/cmd/dummy
testing: warning: no tests to run
PASS
Running /go/src/github.com/docker/docker/integration/plugin/logging/cmd/close_on_start
testing: warning: no tests to run
PASS
Running /go/src/github.com/docker/docker/integration/plugin/authz
INFO: Testing against a local daemon
=== RUN   TestAuthZPluginAllowRequest
--- PASS: TestAuthZPluginAllowRequest (1.55s)
    daemon.go:296: [db39e315a279d] waiting for daemon to start
    daemon.go:328: [db39e315a279d] daemon started
    daemon.go:283: [db39e315a279d] exiting daemon
=== RUN   TestAuthZPluginTLS
--- PASS: TestAuthZPluginTLS (0.54s)
    daemon.go:296: [d65aa2c21124b] waiting for daemon to start
    daemon.go:328: [d65aa2c21124b] daemon started
    daemon.go:283: [d65aa2c21124b] exiting daemon
=== RUN   TestAuthZPluginDenyRequest
--- PASS: TestAuthZPluginDenyRequest (0.53s)
    daemon.go:296: [ddd4290284266] waiting for daemon to start
    daemon.go:328: [ddd4290284266] daemon started
    daemon.go:283: [ddd4290284266] exiting daemon
=== RUN   TestAuthZPluginAPIDenyResponse
--- PASS: TestAuthZPluginAPIDenyResponse (0.53s)
    daemon.go:296: [d9848461aca5d] waiting for daemon to start
    daemon.go:328: [d9848461aca5d] daemon started
    daemon.go:283: [d9848461aca5d] exiting daemon
=== RUN   TestAuthZPluginDenyResponse
--- PASS: TestAuthZPluginDenyResponse (0.53s)
    daemon.go:296: [d50ee1722fda6] waiting for daemon to start
    daemon.go:328: [d50ee1722fda6] daemon started
    daemon.go:283: [d50ee1722fda6] exiting daemon
=== RUN   TestAuthZPluginAllowEventStream
--- PASS: TestAuthZPluginAllowEventStream (1.60s)
    daemon.go:296: [d1ff9f70e8ecc] waiting for daemon to start
    daemon.go:328: [d1ff9f70e8ecc] daemon started
    daemon.go:283: [d1ff9f70e8ecc] exiting daemon
=== RUN   TestAuthZPluginErrorResponse
--- PASS: TestAuthZPluginErrorResponse (0.54s)
    daemon.go:296: [ddb535711533b] waiting for daemon to start
    daemon.go:328: [ddb535711533b] daemon started
    daemon.go:283: [ddb535711533b] exiting daemon
=== RUN   TestAuthZPluginErrorRequest
--- PASS: TestAuthZPluginErrorRequest (0.53s)
    daemon.go:296: [d440d668570ac] waiting for daemon to start
    daemon.go:328: [d440d668570ac] daemon started
    daemon.go:283: [d440d668570ac] exiting daemon
=== RUN   TestAuthZPluginEnsureNoDuplicatePluginRegistration
--- PASS: TestAuthZPluginEnsureNoDuplicatePluginRegistration (0.53s)
    daemon.go:296: [dd8f9f3473cc8] waiting for daemon to start
    daemon.go:328: [dd8f9f3473cc8] daemon started
    daemon.go:283: [dd8f9f3473cc8] exiting daemon
=== RUN   TestAuthZPluginEnsureLoadImportWorking
--- PASS: TestAuthZPluginEnsureLoadImportWorking (1.94s)
    daemon.go:296: [dfb02281d90bb] waiting for daemon to start
    daemon.go:328: [dfb02281d90bb] daemon started
    daemon.go:283: [dfb02281d90bb] exiting daemon
=== RUN   TestAuthzPluginEnsureContainerCopyToFrom
--- PASS: TestAuthzPluginEnsureContainerCopyToFrom (1.98s)
    daemon.go:296: [d7dabba484e8a] waiting for daemon to start
    daemon.go:328: [d7dabba484e8a] daemon started
    daemon.go:283: [d7dabba484e8a] exiting daemon
=== RUN   TestAuthZPluginHeader
--- PASS: TestAuthZPluginHeader (0.80s)
    daemon.go:296: [d752c19459814] waiting for daemon to start
    daemon.go:328: [d752c19459814] daemon started
    daemon.go:283: [d752c19459814] exiting daemon
=== RUN   TestAuthZPluginV2AllowNonVolumeRequest
--- SKIP: TestAuthZPluginV2AllowNonVolumeRequest (0.00s)
    authz_plugin_v2_test.go:43: os.Getenv("DOCKER_ENGINE_GOARCH") != "amd64"
=== RUN   TestAuthZPluginV2Disable
--- SKIP: TestAuthZPluginV2Disable (0.00s)
    authz_plugin_v2_test.go:65: os.Getenv("DOCKER_ENGINE_GOARCH") != "amd64"
=== RUN   TestAuthZPluginV2RejectVolumeRequests
--- SKIP: TestAuthZPluginV2RejectVolumeRequests (0.00s)
    authz_plugin_v2_test.go:91: os.Getenv("DOCKER_ENGINE_GOARCH") != "amd64"
=== RUN   TestAuthZPluginV2BadManifestFailsDaemonStart
--- SKIP: TestAuthZPluginV2BadManifestFailsDaemonStart (0.00s)
    authz_plugin_v2_test.go:126: os.Getenv("DOCKER_ENGINE_GOARCH") != "amd64"
=== RUN   TestAuthZPluginV2NonexistentFailsDaemonStart
--- PASS: TestAuthZPluginV2NonexistentFailsDaemonStart (16.49s)
    daemon.go:296: [dba46a0b44f32] waiting for daemon to start
    daemon.go:328: [dba46a0b44f32] daemon started
    daemon.go:283: [dba46a0b44f32] exiting daemon
    daemon.go:296: [dba46a0b44f32] waiting for daemon to start
    daemon.go:296: [dba46a0b44f32] waiting for daemon to start
    daemon.go:296: [dba46a0b44f32] waiting for daemon to start
    daemon.go:328: [dba46a0b44f32] daemon started
    daemon.go:283: [dba46a0b44f32] exiting daemon
PASS
Running /go/src/github.com/docker/docker/integration/plugin/graphdriver
INFO: Testing against a local daemon
=== RUN   TestExternalGraphDriver
=== RUN   TestExternalGraphDriver/json
=== RUN   TestExternalGraphDriver/spec
=== RUN   TestExternalGraphDriver/pull
--- PASS: TestExternalGraphDriver (6.42s)
    daemon.go:296: [da3919d56a7fd] waiting for daemon to start
    daemon.go:328: [da3919d56a7fd] daemon started
    daemon.go:283: [da3919d56a7fd] exiting daemon
    daemon.go:296: [da3919d56a7fd] waiting for daemon to start
    daemon.go:328: [da3919d56a7fd] daemon started
    daemon.go:283: [da3919d56a7fd] exiting daemon
    --- PASS: TestExternalGraphDriver/json (2.06s)
    daemon.go:296: [da3919d56a7fd] waiting for daemon to start
    daemon.go:328: [da3919d56a7fd] daemon started
    daemon.go:283: [da3919d56a7fd] exiting daemon
    daemon.go:296: [da3919d56a7fd] waiting for daemon to start
    daemon.go:328: [da3919d56a7fd] daemon started
    daemon.go:283: [da3919d56a7fd] exiting daemon
    --- PASS: TestExternalGraphDriver/spec (2.10s)
    daemon.go:296: [da3919d56a7fd] waiting for daemon to start
    daemon.go:328: [da3919d56a7fd] daemon started
    daemon.go:283: [da3919d56a7fd] exiting daemon
    --- PASS: TestExternalGraphDriver/pull (2.08s)
=== RUN   TestGraphdriverPluginV2
--- SKIP: TestGraphdriverPluginV2 (0.05s)
    external_test.go:410: os.Getenv("DOCKER_ENGINE_GOARCH") != "amd64"
PASS
Running /go/src/github.com/docker/docker/integration/plugin/common
INFO: Testing against a local daemon
=== RUN   TestPluginInvalidJSON
=== RUN   TestPluginInvalidJSON//plugins/foobar/set
=== PAUSE TestPluginInvalidJSON//plugins/foobar/set
=== CONT  TestPluginInvalidJSON//plugins/foobar/set
--- PASS: TestPluginInvalidJSON (0.00s)
    --- PASS: TestPluginInvalidJSON//plugins/foobar/set (0.00s)
PASS
Running /go/src/github.com/docker/docker/integration/plugin/volumes
INFO: Testing against a local daemon
=== RUN   TestPluginWithDevMounts
=== PAUSE TestPluginWithDevMounts
=== CONT  TestPluginWithDevMounts
--- PASS: TestPluginWithDevMounts (1.89s)
    daemon.go:296: [d67bc00042ca1] waiting for daemon to start
    daemon.go:328: [d67bc00042ca1] daemon started
    daemon.go:283: [d67bc00042ca1] exiting daemon
PASS
Running /go/src/github.com/docker/docker/integration/plugin/volumes/cmd
testing: warning: no tests to run
PASS
Running /go/src/github.com/docker/docker/integration/plugin/volumes/cmd/dummy
testing: warning: no tests to run
PASS
Running /go/src/github.com/docker/docker/integration/container
INFO: Testing against a local daemon
=== RUN   TestContainerInvalidJSON
=== RUN   TestContainerInvalidJSON//containers/foobar/copy
=== PAUSE TestContainerInvalidJSON//containers/foobar/copy
=== RUN   TestContainerInvalidJSON//containers/foobar/exec
=== PAUSE TestContainerInvalidJSON//containers/foobar/exec
=== RUN   TestContainerInvalidJSON//exec/foobar/start
=== PAUSE TestContainerInvalidJSON//exec/foobar/start
=== CONT  TestContainerInvalidJSON//containers/foobar/copy
=== CONT  TestContainerInvalidJSON//exec/foobar/start
=== CONT  TestContainerInvalidJSON//containers/foobar/exec
--- PASS: TestContainerInvalidJSON (0.01s)
    --- PASS: TestContainerInvalidJSON//containers/foobar/copy (0.00s)
    --- PASS: TestContainerInvalidJSON//exec/foobar/start (0.00s)
    --- PASS: TestContainerInvalidJSON//containers/foobar/exec (0.00s)
=== RUN   TestCopyFromContainerPathDoesNotExist
--- PASS: TestCopyFromContainerPathDoesNotExist (0.07s)
=== RUN   TestCopyFromContainerPathIsNotDir
--- PASS: TestCopyFromContainerPathIsNotDir (0.07s)
=== RUN   TestCopyToContainerPathDoesNotExist
--- PASS: TestCopyToContainerPathDoesNotExist (0.05s)
=== RUN   TestCopyToContainerPathIsNotDir
--- PASS: TestCopyToContainerPathIsNotDir (0.06s)
=== RUN   TestCreateFailsWhenIdentifierDoesNotExist
=== RUN   TestCreateFailsWhenIdentifierDoesNotExist/image_and_tag
=== PAUSE TestCreateFailsWhenIdentifierDoesNotExist/image_and_tag
=== RUN   TestCreateFailsWhenIdentifierDoesNotExist/image_no_tag
=== PAUSE TestCreateFailsWhenIdentifierDoesNotExist/image_no_tag
=== RUN   TestCreateFailsWhenIdentifierDoesNotExist/digest
=== PAUSE TestCreateFailsWhenIdentifierDoesNotExist/digest
=== CONT  TestCreateFailsWhenIdentifierDoesNotExist/image_and_tag
=== CONT  TestCreateFailsWhenIdentifierDoesNotExist/digest
=== CONT  TestCreateFailsWhenIdentifierDoesNotExist/image_no_tag
--- PASS: TestCreateFailsWhenIdentifierDoesNotExist (0.01s)
    --- PASS: TestCreateFailsWhenIdentifierDoesNotExist/image_and_tag (0.00s)
    --- PASS: TestCreateFailsWhenIdentifierDoesNotExist/digest (0.00s)
    --- PASS: TestCreateFailsWhenIdentifierDoesNotExist/image_no_tag (0.00s)
=== RUN   TestCreateWithInvalidEnv
=== RUN   TestCreateWithInvalidEnv/0
=== PAUSE TestCreateWithInvalidEnv/0
=== RUN   TestCreateWithInvalidEnv/1
=== PAUSE TestCreateWithInvalidEnv/1
=== RUN   TestCreateWithInvalidEnv/2
=== PAUSE TestCreateWithInvalidEnv/2
=== CONT  TestCreateWithInvalidEnv/0
=== CONT  TestCreateWithInvalidEnv/2
=== CONT  TestCreateWithInvalidEnv/1
--- PASS: TestCreateWithInvalidEnv (0.01s)
    --- PASS: TestCreateWithInvalidEnv/2 (0.00s)
    --- PASS: TestCreateWithInvalidEnv/1 (0.01s)
    --- PASS: TestCreateWithInvalidEnv/0 (0.01s)
=== RUN   TestCreateTmpfsMountsTarget
--- PASS: TestCreateTmpfsMountsTarget (0.02s)
=== RUN   TestCreateWithCustomMaskedPaths
--- PASS: TestCreateWithCustomMaskedPaths (2.37s)
=== RUN   TestCreateWithCapabilities
--- PASS: TestCreateWithCapabilities (1.76s)
=== RUN   TestCreateWithCustomReadonlyPaths
--- PASS: TestCreateWithCustomReadonlyPaths (2.68s)
=== RUN   TestCreateWithInvalidHealthcheckParams
=== RUN   TestCreateWithInvalidHealthcheckParams/test_invalid_Interval_in_Healthcheck:_less_than_0s
=== PAUSE TestCreateWithInvalidHealthcheckParams/test_invalid_Interval_in_Healthcheck:_less_than_0s
=== RUN   TestCreateWithInvalidHealthcheckParams/test_invalid_Interval_in_Healthcheck:_larger_than_0s_but_less_than_1ms
=== PAUSE TestCreateWithInvalidHealthcheckParams/test_invalid_Interval_in_Healthcheck:_larger_than_0s_but_less_than_1ms
=== RUN   TestCreateWithInvalidHealthcheckParams/test_invalid_Timeout_in_Healthcheck:_less_than_1ms
=== PAUSE TestCreateWithInvalidHealthcheckParams/test_invalid_Timeout_in_Healthcheck:_less_than_1ms
=== RUN   TestCreateWithInvalidHealthcheckParams/test_invalid_Retries_in_Healthcheck:_less_than_0
=== PAUSE TestCreateWithInvalidHealthcheckParams/test_invalid_Retries_in_Healthcheck:_less_than_0
=== RUN   TestCreateWithInvalidHealthcheckParams/test_invalid_StartPeriod_in_Healthcheck:_not_0_and_less_than_1ms
=== PAUSE TestCreateWithInvalidHealthcheckParams/test_invalid_StartPeriod_in_Healthcheck:_not_0_and_less_than_1ms
=== CONT  TestCreateWithInvalidHealthcheckParams/test_invalid_Interval_in_Healthcheck:_less_than_0s
=== CONT  TestCreateWithInvalidHealthcheckParams/test_invalid_Retries_in_Healthcheck:_less_than_0
=== CONT  TestCreateWithInvalidHealthcheckParams/test_invalid_StartPeriod_in_Healthcheck:_not_0_and_less_than_1ms
=== CONT  TestCreateWithInvalidHealthcheckParams/test_invalid_Timeout_in_Healthcheck:_less_than_1ms
=== CONT  TestCreateWithInvalidHealthcheckParams/test_invalid_Interval_in_Healthcheck:_larger_than_0s_but_less_than_1ms
--- PASS: TestCreateWithInvalidHealthcheckParams (0.02s)
    --- PASS: TestCreateWithInvalidHealthcheckParams/test_invalid_Retries_in_Healthcheck:_less_than_0 (0.01s)
    --- PASS: TestCreateWithInvalidHealthcheckParams/test_invalid_Interval_in_Healthcheck:_less_than_0s (0.01s)
    --- PASS: TestCreateWithInvalidHealthcheckParams/test_invalid_Timeout_in_Healthcheck:_less_than_1ms (0.00s)
    --- PASS: TestCreateWithInvalidHealthcheckParams/test_invalid_StartPeriod_in_Healthcheck:_not_0_and_less_than_1ms (0.00s)
    --- PASS: TestCreateWithInvalidHealthcheckParams/test_invalid_Interval_in_Healthcheck:_larger_than_0s_but_less_than_1ms (0.00s)
=== RUN   TestContainerStartOnDaemonRestart
=== PAUSE TestContainerStartOnDaemonRestart
=== RUN   TestDiff
--- PASS: TestDiff (0.78s)
=== RUN   TestExecWithCloseStdin
--- PASS: TestExecWithCloseStdin (0.94s)
=== RUN   TestExec
--- PASS: TestExec (0.97s)
=== RUN   TestExportContainerAndImportImage
--- PASS: TestExportContainerAndImportImage (1.01s)
=== RUN   TestExportContainerAfterDaemonRestart
--- PASS: TestExportContainerAfterDaemonRestart (1.35s)
    daemon.go:296: [d7d7832f42ac6] waiting for daemon to start
    daemon.go:328: [d7d7832f42ac6] daemon started
    daemon.go:283: [d7d7832f42ac6] exiting daemon
    daemon.go:296: [d7d7832f42ac6] waiting for daemon to start
    daemon.go:328: [d7d7832f42ac6] daemon started
    daemon.go:283: [d7d7832f42ac6] exiting daemon
=== RUN   TestHealthCheckWorkdir
--- PASS: TestHealthCheckWorkdir (1.03s)
=== RUN   TestInspectCpusetInConfigPre120
--- PASS: TestInspectCpusetInConfigPre120 (0.90s)
=== RUN   TestIpcModeNone
--- PASS: TestIpcModeNone (0.94s)
=== RUN   TestIpcModePrivate
--- PASS: TestIpcModePrivate (0.97s)
    ipcmode_test.go:87: [testIpcPrivateShareable] ipcmode: private, ipcdev: 0:282, shared: false, mustBeShared: false
=== RUN   TestIpcModeShareable
--- PASS: TestIpcModeShareable (1.01s)
    ipcmode_test.go:87: [testIpcPrivateShareable] ipcmode: shareable, ipcdev: 0:276, shared: true, mustBeShared: true
=== RUN   TestAPIIpcModeShareableAndContainer
--- PASS: TestAPIIpcModeShareableAndContainer (2.77s)
=== RUN   TestAPIIpcModeHost
--- PASS: TestAPIIpcModeHost (0.71s)
=== RUN   TestDaemonIpcModeShareable
--- PASS: TestDaemonIpcModeShareable (1.63s)
    daemon.go:296: [dc61bc521d0a6] waiting for daemon to start
    daemon.go:328: [dc61bc521d0a6] daemon started
    ipcmode_test.go:254: [testDaemonIpcPrivateShareable] ipcdev: 0:283, shared: true, mustBeShared: true
    daemon.go:283: [dc61bc521d0a6] exiting daemon
=== RUN   TestDaemonIpcModePrivate
--- PASS: TestDaemonIpcModePrivate (1.63s)
    daemon.go:296: [d007793f574fb] waiting for daemon to start
    daemon.go:328: [d007793f574fb] daemon started
    ipcmode_test.go:254: [testDaemonIpcPrivateShareable] ipcdev: 0:289, shared: false, mustBeShared: false
    daemon.go:283: [d007793f574fb] exiting daemon
=== RUN   TestDaemonIpcModePrivateFromConfig
--- PASS: TestDaemonIpcModePrivateFromConfig (1.58s)
    daemon.go:296: [da32048a31fdf] waiting for daemon to start
    daemon.go:328: [da32048a31fdf] daemon started
    ipcmode_test.go:254: [testDaemonIpcPrivateShareable] ipcdev: 0:289, shared: false, mustBeShared: false
    daemon.go:283: [da32048a31fdf] exiting daemon
=== RUN   TestDaemonIpcModeShareableFromConfig
--- PASS: TestDaemonIpcModeShareableFromConfig (1.76s)
    daemon.go:296: [d4f679e8c78fb] waiting for daemon to start
    daemon.go:328: [d4f679e8c78fb] daemon started
    ipcmode_test.go:254: [testDaemonIpcPrivateShareable] ipcdev: 0:283, shared: true, mustBeShared: true
    daemon.go:283: [d4f679e8c78fb] exiting daemon
=== RUN   TestKillContainerInvalidSignal
--- PASS: TestKillContainerInvalidSignal (0.95s)
=== RUN   TestKillContainer
=== RUN   TestKillContainer/no_signal
=== RUN   TestKillContainer/non_killing_signal
=== RUN   TestKillContainer/killing_signal
--- PASS: TestKillContainer (2.58s)
    --- PASS: TestKillContainer/no_signal (0.89s)
    --- PASS: TestKillContainer/non_killing_signal (0.58s)
    --- PASS: TestKillContainer/killing_signal (0.72s)
=== RUN   TestKillWithStopSignalAndRestartPolicies
=== RUN   TestKillWithStopSignalAndRestartPolicies/same-signal-disables-restart-policy
=== RUN   TestKillWithStopSignalAndRestartPolicies/different-signal-keep-restart-policy
--- PASS: TestKillWithStopSignalAndRestartPolicies (1.84s)
    --- PASS: TestKillWithStopSignalAndRestartPolicies/same-signal-disables-restart-policy (0.87s)
    --- PASS: TestKillWithStopSignalAndRestartPolicies/different-signal-keep-restart-policy (0.58s)
=== RUN   TestKillStoppedContainer
--- PASS: TestKillStoppedContainer (0.06s)
=== RUN   TestKillStoppedContainerAPIPre120
--- PASS: TestKillStoppedContainerAPIPre120 (0.06s)
=== RUN   TestKillDifferentUserContainer
--- PASS: TestKillDifferentUserContainer (0.79s)
=== RUN   TestInspectOomKilledTrue
--- SKIP: TestInspectOomKilledTrue (0.00s)
    kill_test.go:153: testEnv.DaemonInfo.OSType == "windows" || !testEnv.DaemonInfo.MemoryLimit || !testEnv.DaemonInfo.SwapLimit
=== RUN   TestInspectOomKilledFalse
--- SKIP: TestInspectOomKilledFalse (0.00s)
    kill_test.go:171: testEnv.DaemonInfo.OSType == "windows" || !testEnv.DaemonInfo.MemoryLimit || !testEnv.DaemonInfo.SwapLimit
=== RUN   TestLinksEtcHostsContentMatch
--- PASS: TestLinksEtcHostsContentMatch (0.54s)
=== RUN   TestLinksContainerNames
--- PASS: TestLinksContainerNames (1.56s)
=== RUN   TestLogsFollowTailEmpty
--- PASS: TestLogsFollowTailEmpty (0.93s)
=== RUN   TestContainerNetworkMountsNoChown
--- PASS: TestContainerNetworkMountsNoChown (0.85s)
=== RUN   TestMountDaemonRoot
=== RUN   TestMountDaemonRoot/default
=== PAUSE TestMountDaemonRoot/default
=== RUN   TestMountDaemonRoot/private
=== PAUSE TestMountDaemonRoot/private
=== RUN   TestMountDaemonRoot/rprivate
=== PAUSE TestMountDaemonRoot/rprivate
=== RUN   TestMountDaemonRoot/slave
=== PAUSE TestMountDaemonRoot/slave
=== RUN   TestMountDaemonRoot/rslave
=== PAUSE TestMountDaemonRoot/rslave
=== RUN   TestMountDaemonRoot/shared
=== PAUSE TestMountDaemonRoot/shared
=== RUN   TestMountDaemonRoot/rshared
=== PAUSE TestMountDaemonRoot/rshared
=== CONT  TestMountDaemonRoot/default
=== CONT  TestMountDaemonRoot/rslave
=== RUN   TestMountDaemonRoot/rslave/bind_root
=== PAUSE TestMountDaemonRoot/rslave/bind_root
=== RUN   TestMountDaemonRoot/rslave/bind_subpath
=== PAUSE TestMountDaemonRoot/rslave/bind_subpath
=== RUN   TestMountDaemonRoot/rslave/mount_root
=== PAUSE TestMountDaemonRoot/rslave/mount_root
=== RUN   TestMountDaemonRoot/rslave/mount_subpath
=== PAUSE TestMountDaemonRoot/rslave/mount_subpath
=== CONT  TestMountDaemonRoot/rslave/bind_root
=== RUN   TestMountDaemonRoot/default/bind_subpath
=== PAUSE TestMountDaemonRoot/default/bind_subpath
=== RUN   TestMountDaemonRoot/default/mount_root
=== PAUSE TestMountDaemonRoot/default/mount_root
=== RUN   TestMountDaemonRoot/default/mount_subpath
=== PAUSE TestMountDaemonRoot/default/mount_subpath
=== RUN   TestMountDaemonRoot/default/bind_root
=== PAUSE TestMountDaemonRoot/default/bind_root
=== CONT  TestMountDaemonRoot/rshared
=== RUN   TestMountDaemonRoot/rshared/mount_subpath
=== PAUSE TestMountDaemonRoot/rshared/mount_subpath
=== RUN   TestMountDaemonRoot/rshared/bind_root
=== PAUSE TestMountDaemonRoot/rshared/bind_root
=== RUN   TestMountDaemonRoot/rshared/bind_subpath
=== PAUSE TestMountDaemonRoot/rshared/bind_subpath
=== RUN   TestMountDaemonRoot/rshared/mount_root
=== PAUSE TestMountDaemonRoot/rshared/mount_root
=== CONT  TestMountDaemonRoot/shared
=== RUN   TestMountDaemonRoot/shared/mount_subpath
=== PAUSE TestMountDaemonRoot/shared/mount_subpath
=== RUN   TestMountDaemonRoot/shared/bind_root
=== PAUSE TestMountDaemonRoot/shared/bind_root
=== RUN   TestMountDaemonRoot/shared/bind_subpath
=== PAUSE TestMountDaemonRoot/shared/bind_subpath
=== RUN   TestMountDaemonRoot/shared/mount_root
=== PAUSE TestMountDaemonRoot/shared/mount_root
=== CONT  TestMountDaemonRoot/rslave/mount_subpath
=== CONT  TestMountDaemonRoot/rslave/mount_root
=== CONT  TestMountDaemonRoot/rslave/bind_subpath
=== CONT  TestMountDaemonRoot/rprivate
=== RUN   TestMountDaemonRoot/rprivate/bind_subpath
=== PAUSE TestMountDaemonRoot/rprivate/bind_subpath
=== RUN   TestMountDaemonRoot/rprivate/mount_root
=== PAUSE TestMountDaemonRoot/rprivate/mount_root
=== RUN   TestMountDaemonRoot/rprivate/mount_subpath
=== PAUSE TestMountDaemonRoot/rprivate/mount_subpath
=== RUN   TestMountDaemonRoot/rprivate/bind_root
=== PAUSE TestMountDaemonRoot/rprivate/bind_root
=== CONT  TestMountDaemonRoot/slave
=== RUN   TestMountDaemonRoot/slave/bind_root
=== PAUSE TestMountDaemonRoot/slave/bind_root
=== RUN   TestMountDaemonRoot/slave/bind_subpath
=== PAUSE TestMountDaemonRoot/slave/bind_subpath
=== RUN   TestMountDaemonRoot/slave/mount_root
=== PAUSE TestMountDaemonRoot/slave/mount_root
=== RUN   TestMountDaemonRoot/slave/mount_subpath
=== PAUSE TestMountDaemonRoot/slave/mount_subpath
=== CONT  TestMountDaemonRoot/private
=== RUN   TestMountDaemonRoot/private/mount_subpath
=== PAUSE TestMountDaemonRoot/private/mount_subpath
=== RUN   TestMountDaemonRoot/private/bind_root
=== PAUSE TestMountDaemonRoot/private/bind_root
=== RUN   TestMountDaemonRoot/private/bind_subpath
=== PAUSE TestMountDaemonRoot/private/bind_subpath
=== RUN   TestMountDaemonRoot/private/mount_root
=== PAUSE TestMountDaemonRoot/private/mount_root
=== CONT  TestMountDaemonRoot/default/bind_subpath
=== CONT  TestMountDaemonRoot/rshared/mount_subpath
=== CONT  TestMountDaemonRoot/default/bind_root
=== CONT  TestMountDaemonRoot/default/mount_subpath
=== CONT  TestMountDaemonRoot/default/mount_root
=== CONT  TestMountDaemonRoot/shared/mount_subpath
=== CONT  TestMountDaemonRoot/rshared/mount_root
=== CONT  TestMountDaemonRoot/rshared/bind_subpath
=== CONT  TestMountDaemonRoot/rshared/bind_root
=== CONT  TestMountDaemonRoot/shared/mount_root
=== CONT  TestMountDaemonRoot/shared/bind_subpath
=== CONT  TestMountDaemonRoot/shared/bind_root
=== CONT  TestMountDaemonRoot/rprivate/bind_subpath
=== CONT  TestMountDaemonRoot/rprivate/mount_subpath
=== CONT  TestMountDaemonRoot/rprivate/bind_root
=== CONT  TestMountDaemonRoot/rprivate/mount_root
=== CONT  TestMountDaemonRoot/slave/bind_root
=== CONT  TestMountDaemonRoot/slave/mount_root
=== CONT  TestMountDaemonRoot/slave/mount_subpath
=== CONT  TestMountDaemonRoot/slave/bind_subpath
=== CONT  TestMountDaemonRoot/private/mount_subpath
=== CONT  TestMountDaemonRoot/private/bind_subpath
=== CONT  TestMountDaemonRoot/private/mount_root
=== CONT  TestMountDaemonRoot/private/bind_root
--- PASS: TestMountDaemonRoot (0.02s)
    --- PASS: TestMountDaemonRoot/rslave (0.00s)
        --- PASS: TestMountDaemonRoot/rslave/bind_root (0.08s)
        --- PASS: TestMountDaemonRoot/rslave/mount_subpath (0.14s)
        --- PASS: TestMountDaemonRoot/rslave/mount_root (0.11s)
        --- PASS: TestMountDaemonRoot/rslave/bind_subpath (0.09s)
    --- PASS: TestMountDaemonRoot/default (0.00s)
        --- PASS: TestMountDaemonRoot/default/bind_subpath (0.09s)
        --- PASS: TestMountDaemonRoot/default/bind_root (0.10s)
        --- PASS: TestMountDaemonRoot/default/mount_subpath (0.10s)
        --- PASS: TestMountDaemonRoot/default/mount_root (0.06s)
    --- PASS: TestMountDaemonRoot/rshared (0.00s)
        --- PASS: TestMountDaemonRoot/rshared/mount_subpath (0.09s)
        --- PASS: TestMountDaemonRoot/rshared/mount_root (0.12s)
        --- PASS: TestMountDaemonRoot/rshared/bind_subpath (0.09s)
        --- PASS: TestMountDaemonRoot/rshared/bind_root (0.09s)
    --- PASS: TestMountDaemonRoot/shared (0.00s)
        --- PASS: TestMountDaemonRoot/shared/mount_subpath (0.07s)
        --- PASS: TestMountDaemonRoot/shared/mount_root (0.05s)
        --- PASS: TestMountDaemonRoot/shared/bind_root (0.07s)
        --- PASS: TestMountDaemonRoot/shared/bind_subpath (0.13s)
    --- PASS: TestMountDaemonRoot/rprivate (0.00s)
        --- PASS: TestMountDaemonRoot/rprivate/bind_subpath (0.06s)
        --- PASS: TestMountDaemonRoot/rprivate/mount_subpath (0.08s)
        --- PASS: TestMountDaemonRoot/rprivate/bind_root (0.08s)
        --- PASS: TestMountDaemonRoot/rprivate/mount_root (0.08s)
    --- PASS: TestMountDaemonRoot/slave (0.00s)
        --- PASS: TestMountDaemonRoot/slave/bind_root (0.10s)
        --- PASS: TestMountDaemonRoot/slave/mount_root (0.10s)
        --- PASS: TestMountDaemonRoot/slave/mount_subpath (0.08s)
        --- PASS: TestMountDaemonRoot/slave/bind_subpath (0.08s)
    --- PASS: TestMountDaemonRoot/private (0.00s)
        --- PASS: TestMountDaemonRoot/private/mount_subpath (0.08s)
        --- PASS: TestMountDaemonRoot/private/bind_subpath (0.08s)
        --- PASS: TestMountDaemonRoot/private/mount_root (0.09s)
        --- PASS: TestMountDaemonRoot/private/bind_root (0.05s)
=== RUN   TestContainerBindMountNonRecursive
--- PASS: TestContainerBindMountNonRecursive (1.81s)
=== RUN   TestNetworkNat
--- PASS: TestNetworkNat (0.80s)
=== RUN   TestNetworkLocalhostTCPNat
--- PASS: TestNetworkLocalhostTCPNat (0.97s)
=== RUN   TestNetworkLoopbackNat
--- PASS: TestNetworkLoopbackNat (1.18s)
=== RUN   TestPause
--- PASS: TestPause (0.94s)
=== RUN   TestPauseFailsOnWindowsServerContainers
--- SKIP: TestPauseFailsOnWindowsServerContainers (0.00s)
    pause_test.go:54: testEnv.DaemonInfo.OSType != "windows" || testEnv.DaemonInfo.Isolation != "process"
=== RUN   TestPauseStopPausedContainer
--- PASS: TestPauseStopPausedContainer (0.94s)
=== RUN   TestPsFilter
--- PASS: TestPsFilter (0.16s)
=== RUN   TestRemoveContainerWithRemovedVolume
--- PASS: TestRemoveContainerWithRemovedVolume (0.70s)
=== RUN   TestRemoveContainerWithVolume
--- PASS: TestRemoveContainerWithVolume (0.92s)
=== RUN   TestRemoveContainerRunning
--- PASS: TestRemoveContainerRunning (0.88s)
=== RUN   TestRemoveContainerForceRemoveRunning
--- PASS: TestRemoveContainerForceRemoveRunning (0.97s)
=== RUN   TestRemoveInvalidContainer
--- PASS: TestRemoveInvalidContainer (0.01s)
=== RUN   TestRenameLinkedContainer
--- PASS: TestRenameLinkedContainer (3.44s)
=== RUN   TestRenameStoppedContainer
--- PASS: TestRenameStoppedContainer (0.90s)
=== RUN   TestRenameRunningContainerAndReuse
--- PASS: TestRenameRunningContainerAndReuse (1.69s)
=== RUN   TestRenameInvalidName
--- PASS: TestRenameInvalidName (0.88s)
=== RUN   TestRenameAnonymousContainer
--- PASS: TestRenameAnonymousContainer (2.92s)
=== RUN   TestRenameContainerWithSameName
--- PASS: TestRenameContainerWithSameName (0.76s)
=== RUN   TestRenameContainerWithLinkedContainer
--- PASS: TestRenameContainerWithLinkedContainer (1.57s)
=== RUN   TestResize
--- PASS: TestResize (0.94s)
=== RUN   TestResizeWithInvalidSize
--- PASS: TestResizeWithInvalidSize (0.96s)
=== RUN   TestResizeWhenContainerNotStarted
--- PASS: TestResizeWhenContainerNotStarted (0.88s)
=== RUN   TestDaemonRestartKillContainers
=== RUN   TestDaemonRestartKillContainers/live-restore=false/container_without_restart_policy/stop-daemon
=== PAUSE TestDaemonRestartKillContainers/live-restore=false/container_without_restart_policy/stop-daemon
=== RUN   TestDaemonRestartKillContainers/live-restore=false/container_without_restart_policy/kill-daemon
=== PAUSE TestDaemonRestartKillContainers/live-restore=false/container_without_restart_policy/kill-daemon
=== RUN   TestDaemonRestartKillContainers/live-restore=true/container_without_restart_policy/kill-daemon
=== PAUSE TestDaemonRestartKillContainers/live-restore=true/container_without_restart_policy/kill-daemon
=== RUN   TestDaemonRestartKillContainers/live-restore=true/container_without_restart_policy/stop-daemon
=== PAUSE TestDaemonRestartKillContainers/live-restore=true/container_without_restart_policy/stop-daemon
=== RUN   TestDaemonRestartKillContainers/live-restore=false/container_with_restart=always/kill-daemon
=== PAUSE TestDaemonRestartKillContainers/live-restore=false/container_with_restart=always/kill-daemon
=== RUN   TestDaemonRestartKillContainers/live-restore=false/container_with_restart=always/stop-daemon
=== PAUSE TestDaemonRestartKillContainers/live-restore=false/container_with_restart=always/stop-daemon
=== RUN   TestDaemonRestartKillContainers/live-restore=true/container_with_restart=always/kill-daemon
=== PAUSE TestDaemonRestartKillContainers/live-restore=true/container_with_restart=always/kill-daemon
=== RUN   TestDaemonRestartKillContainers/live-restore=true/container_with_restart=always/stop-daemon
=== PAUSE TestDaemonRestartKillContainers/live-restore=true/container_with_restart=always/stop-daemon
=== RUN   TestDaemonRestartKillContainers/live-restore=false/container_created_should_not_be_restarted/kill-daemon
=== PAUSE TestDaemonRestartKillContainers/live-restore=false/container_created_should_not_be_restarted/kill-daemon
=== RUN   TestDaemonRestartKillContainers/live-restore=false/container_created_should_not_be_restarted/stop-daemon
=== PAUSE TestDaemonRestartKillContainers/live-restore=false/container_created_should_not_be_restarted/stop-daemon
=== RUN   TestDaemonRestartKillContainers/live-restore=true/container_created_should_not_be_restarted/kill-daemon
=== PAUSE TestDaemonRestartKillContainers/live-restore=true/container_created_should_not_be_restarted/kill-daemon
=== RUN   TestDaemonRestartKillContainers/live-restore=true/container_created_should_not_be_restarted/stop-daemon
=== PAUSE TestDaemonRestartKillContainers/live-restore=true/container_created_should_not_be_restarted/stop-daemon
=== CONT  TestDaemonRestartKillContainers/live-restore=false/container_without_restart_policy/stop-daemon
=== CONT  TestDaemonRestartKillContainers/live-restore=true/container_with_restart=always/kill-daemon
=== CONT  TestDaemonRestartKillContainers/live-restore=true/container_created_should_not_be_restarted/stop-daemon
=== CONT  TestDaemonRestartKillContainers/live-restore=true/container_created_should_not_be_restarted/kill-daemon
=== CONT  TestDaemonRestartKillContainers/live-restore=false/container_created_should_not_be_restarted/stop-daemon
=== CONT  TestDaemonRestartKillContainers/live-restore=false/container_created_should_not_be_restarted/kill-daemon
=== CONT  TestDaemonRestartKillContainers/live-restore=true/container_with_restart=always/stop-daemon
=== CONT  TestDaemonRestartKillContainers/live-restore=true/container_without_restart_policy/stop-daemon
=== CONT  TestDaemonRestartKillContainers/live-restore=false/container_with_restart=always/stop-daemon
=== CONT  TestDaemonRestartKillContainers/live-restore=false/container_with_restart=always/kill-daemon
=== CONT  TestDaemonRestartKillContainers/live-restore=true/container_without_restart_policy/kill-daemon
=== CONT  TestDaemonRestartKillContainers/live-restore=false/container_without_restart_policy/kill-daemon
--- PASS: TestDaemonRestartKillContainers (0.00s)
    --- PASS: TestDaemonRestartKillContainers/live-restore=true/container_with_restart=always/kill-daemon (2.31s)
        daemon.go:296: [d1bc18295b60f] waiting for daemon to start
        daemon.go:328: [d1bc18295b60f] daemon started
        daemon.go:296: [d1bc18295b60f] waiting for daemon to start
        daemon.go:328: [d1bc18295b60f] daemon started
        daemon.go:283: [d1bc18295b60f] exiting daemon
    --- PASS: TestDaemonRestartKillContainers/live-restore=false/container_without_restart_policy/stop-daemon (2.31s)
        daemon.go:296: [dd8c87df3a2a3] waiting for daemon to start
        daemon.go:328: [dd8c87df3a2a3] daemon started
        daemon.go:283: [dd8c87df3a2a3] exiting daemon
        daemon.go:296: [dd8c87df3a2a3] waiting for daemon to start
        daemon.go:328: [dd8c87df3a2a3] daemon started
        daemon.go:283: [dd8c87df3a2a3] exiting daemon
    --- PASS: TestDaemonRestartKillContainers/live-restore=true/container_created_should_not_be_restarted/stop-daemon (1.43s)
        daemon.go:296: [d0fbfca5f0130] waiting for daemon to start
        daemon.go:328: [d0fbfca5f0130] daemon started
        daemon.go:283: [d0fbfca5f0130] exiting daemon
        daemon.go:296: [d0fbfca5f0130] waiting for daemon to start
        daemon.go:328: [d0fbfca5f0130] daemon started
        daemon.go:283: [d0fbfca5f0130] exiting daemon
    --- PASS: TestDaemonRestartKillContainers/live-restore=true/container_created_should_not_be_restarted/kill-daemon (2.12s)
        daemon.go:296: [d897e3e3010cf] waiting for daemon to start
        daemon.go:328: [d897e3e3010cf] daemon started
        daemon.go:296: [d897e3e3010cf] waiting for daemon to start
        daemon.go:328: [d897e3e3010cf] daemon started
        daemon.go:283: [d897e3e3010cf] exiting daemon
    --- PASS: TestDaemonRestartKillContainers/live-restore=false/container_created_should_not_be_restarted/stop-daemon (1.46s)
        daemon.go:296: [d86c3bd22e0c0] waiting for daemon to start
        daemon.go:328: [d86c3bd22e0c0] daemon started
        daemon.go:283: [d86c3bd22e0c0] exiting daemon
        daemon.go:296: [d86c3bd22e0c0] waiting for daemon to start
        daemon.go:328: [d86c3bd22e0c0] daemon started
        daemon.go:283: [d86c3bd22e0c0] exiting daemon
    --- PASS: TestDaemonRestartKillContainers/live-restore=false/container_created_should_not_be_restarted/kill-daemon (1.41s)
        daemon.go:296: [d50fc290e0178] waiting for daemon to start
        daemon.go:328: [d50fc290e0178] daemon started
        daemon.go:296: [d50fc290e0178] waiting for daemon to start
        daemon.go:328: [d50fc290e0178] daemon started
        daemon.go:283: [d50fc290e0178] exiting daemon
    --- PASS: TestDaemonRestartKillContainers/live-restore=true/container_with_restart=always/stop-daemon (2.28s)
        daemon.go:296: [dab3d7ac8960e] waiting for daemon to start
        daemon.go:328: [dab3d7ac8960e] daemon started
        daemon.go:283: [dab3d7ac8960e] exiting daemon
        daemon.go:296: [dab3d7ac8960e] waiting for daemon to start
        daemon.go:328: [dab3d7ac8960e] daemon started
        daemon.go:283: [dab3d7ac8960e] exiting daemon
    --- PASS: TestDaemonRestartKillContainers/live-restore=true/container_without_restart_policy/stop-daemon (2.16s)
        daemon.go:296: [d54ee071bebba] waiting for daemon to start
        daemon.go:328: [d54ee071bebba] daemon started
        daemon.go:283: [d54ee071bebba] exiting daemon
        daemon.go:296: [d54ee071bebba] waiting for daemon to start
        daemon.go:328: [d54ee071bebba] daemon started
        daemon.go:283: [d54ee071bebba] exiting daemon
    --- PASS: TestDaemonRestartKillContainers/live-restore=false/container_with_restart=always/stop-daemon (2.74s)
        daemon.go:296: [d6306e2d98d5d] waiting for daemon to start
        daemon.go:328: [d6306e2d98d5d] daemon started
        daemon.go:283: [d6306e2d98d5d] exiting daemon
        daemon.go:296: [d6306e2d98d5d] waiting for daemon to start
        daemon.go:328: [d6306e2d98d5d] daemon started
        daemon.go:283: [d6306e2d98d5d] exiting daemon
    --- PASS: TestDaemonRestartKillContainers/live-restore=false/container_with_restart=always/kill-daemon (2.74s)
        daemon.go:296: [def567f6fd889] waiting for daemon to start
        daemon.go:328: [def567f6fd889] daemon started
        daemon.go:296: [def567f6fd889] waiting for daemon to start
        daemon.go:328: [def567f6fd889] daemon started
        daemon.go:283: [def567f6fd889] exiting daemon
    --- PASS: TestDaemonRestartKillContainers/live-restore=true/container_without_restart_policy/kill-daemon (2.26s)
        daemon.go:296: [d8aead47909ed] waiting for daemon to start
        daemon.go:328: [d8aead47909ed] daemon started
        daemon.go:296: [d8aead47909ed] waiting for daemon to start
        daemon.go:328: [d8aead47909ed] daemon started
        daemon.go:283: [d8aead47909ed] exiting daemon
    --- PASS: TestDaemonRestartKillContainers/live-restore=false/container_without_restart_policy/kill-daemon (1.78s)
        daemon.go:296: [de1202e3dabef] waiting for daemon to start
        daemon.go:328: [de1202e3dabef] daemon started
        daemon.go:296: [de1202e3dabef] waiting for daemon to start
        daemon.go:328: [de1202e3dabef] daemon started
        daemon.go:283: [de1202e3dabef] exiting daemon
=== RUN   TestKernelTCPMemory
--- PASS: TestKernelTCPMemory (1.13s)
=== RUN   TestNISDomainname
--- PASS: TestNISDomainname (0.96s)
=== RUN   TestStats
--- PASS: TestStats (2.75s)
=== RUN   TestStopContainerWithTimeout
=== RUN   TestStopContainerWithTimeout/0
=== PAUSE TestStopContainerWithTimeout/0
=== RUN   TestStopContainerWithTimeout/1
=== PAUSE TestStopContainerWithTimeout/1
=== RUN   TestStopContainerWithTimeout/3
=== PAUSE TestStopContainerWithTimeout/3
=== RUN   TestStopContainerWithTimeout/-1
=== PAUSE TestStopContainerWithTimeout/-1
=== CONT  TestStopContainerWithTimeout/0
=== CONT  TestStopContainerWithTimeout/-1
=== CONT  TestStopContainerWithTimeout/3
=== CONT  TestStopContainerWithTimeout/1
--- PASS: TestStopContainerWithTimeout (0.01s)
    --- PASS: TestStopContainerWithTimeout/0 (0.87s)
    --- PASS: TestStopContainerWithTimeout/-1 (2.88s)
    --- PASS: TestStopContainerWithTimeout/3 (2.88s)
    --- PASS: TestStopContainerWithTimeout/1 (1.86s)
=== RUN   TestDeleteDevicemapper
--- SKIP: TestDeleteDevicemapper (0.01s)
    stop_linux_test.go:74: testEnv.DaemonInfo.Driver != "devicemapper"
=== RUN   TestStopContainerWithRestartPolicyAlways
--- PASS: TestStopContainerWithRestartPolicyAlways (2.38s)
=== RUN   TestUpdateMemory
--- SKIP: TestUpdateMemory (0.00s)
    update_linux_test.go:21: !testEnv.DaemonInfo.SwapLimit
=== RUN   TestUpdateCPUQuota
--- PASS: TestUpdateCPUQuota (1.29s)
=== RUN   TestUpdateRestartPolicy
--- PASS: TestUpdateRestartPolicy (12.86s)
=== RUN   TestUpdateRestartWithAutoRemove
--- PASS: TestUpdateRestartWithAutoRemove (0.94s)
=== RUN   TestWaitNonBlocked
=== RUN   TestWaitNonBlocked/wait-nonblocking-exit-0
=== PAUSE TestWaitNonBlocked/wait-nonblocking-exit-0
=== RUN   TestWaitNonBlocked/wait-nonblocking-exit-random
=== PAUSE TestWaitNonBlocked/wait-nonblocking-exit-random
=== CONT  TestWaitNonBlocked/wait-nonblocking-exit-0
=== CONT  TestWaitNonBlocked/wait-nonblocking-exit-random
--- PASS: TestWaitNonBlocked (0.02s)
    --- PASS: TestWaitNonBlocked/wait-nonblocking-exit-0 (1.02s)
    --- PASS: TestWaitNonBlocked/wait-nonblocking-exit-random (1.09s)
=== RUN   TestWaitBlocked
=== RUN   TestWaitBlocked/test-wait-blocked-exit-zero
=== PAUSE TestWaitBlocked/test-wait-blocked-exit-zero
=== RUN   TestWaitBlocked/test-wait-blocked-exit-random
=== PAUSE TestWaitBlocked/test-wait-blocked-exit-random
=== CONT  TestWaitBlocked/test-wait-blocked-exit-zero
=== CONT  TestWaitBlocked/test-wait-blocked-exit-random
--- PASS: TestWaitBlocked (0.02s)
    --- PASS: TestWaitBlocked/test-wait-blocked-exit-random (1.03s)
    --- PASS: TestWaitBlocked/test-wait-blocked-exit-zero (1.08s)
=== CONT  TestContainerStartOnDaemonRestart
--- PASS: TestContainerStartOnDaemonRestart (2.84s)
    daemon.go:296: [de28d38e7db71] waiting for daemon to start
    daemon.go:328: [de28d38e7db71] daemon started
    daemon.go:296: [de28d38e7db71] waiting for daemon to start
    daemon.go:328: [de28d38e7db71] daemon started
    daemon.go:283: [de28d38e7db71] exiting daemon
PASS
Running /go/src/github.com/docker/docker/integration/system
INFO: Testing against a local daemon
=== RUN   TestCgroupDriverSystemdMemoryLimit
=== PAUSE TestCgroupDriverSystemdMemoryLimit
=== RUN   TestEventsExecDie
--- PASS: TestEventsExecDie (0.99s)
=== RUN   TestEventsBackwardsCompatible
--- PASS: TestEventsBackwardsCompatible (0.06s)
=== RUN   TestInfoBinaryCommits
--- PASS: TestInfoBinaryCommits (0.02s)
=== RUN   TestInfoAPIVersioned
--- PASS: TestInfoAPIVersioned (0.01s)
=== RUN   TestInfoAPI
--- PASS: TestInfoAPI (0.02s)
=== RUN   TestInfoAPIWarnings
--- PASS: TestInfoAPIWarnings (0.80s)
    daemon.go:296: [d1ad66b70495f] waiting for daemon to start
    daemon.go:328: [d1ad66b70495f] daemon started
    daemon.go:283: [d1ad66b70495f] exiting daemon
=== RUN   TestLoginFailsWithBadCredentials
--- PASS: TestLoginFailsWithBadCredentials (0.41s)
=== RUN   TestVersion
--- PASS: TestVersion (0.01s)
=== CONT  TestCgroupDriverSystemdMemoryLimit
--- SKIP: TestCgroupDriverSystemdMemoryLimit (0.00s)
    cgroupdriver_systemd_test.go:35: systemd not available
PASS
Running /go/src/github.com/docker/docker/integration/volume
INFO: Testing against a local daemon
=== RUN   TestVolumesCreateAndList
--- PASS: TestVolumesCreateAndList (0.01s)
=== RUN   TestVolumesRemove
--- PASS: TestVolumesRemove (0.07s)
=== RUN   TestVolumesInspect
--- PASS: TestVolumesInspect (0.02s)
=== RUN   TestVolumesInvalidJSON
=== RUN   TestVolumesInvalidJSON//volumes/create
=== PAUSE TestVolumesInvalidJSON//volumes/create
=== CONT  TestVolumesInvalidJSON//volumes/create
--- PASS: TestVolumesInvalidJSON (0.01s)
    --- PASS: TestVolumesInvalidJSON//volumes/create (0.00s)
PASS
Running /go/src/github.com/docker/docker/integration/build
INFO: Testing against a local daemon
=== RUN   TestBuildWithSession
--- PASS: TestBuildWithSession (4.69s)
    daemon.go:296: [d71afcdbf58b5] waiting for daemon to start
    daemon.go:328: [d71afcdbf58b5] daemon started
    daemon.go:283: [d71afcdbf58b5] exiting daemon
=== RUN   TestBuildSquashParent
--- SKIP: TestBuildSquashParent (0.00s)
    build_squash_test.go:23: !testEnv.DaemonInfo.ExperimentalBuild
=== RUN   TestBuildWithRemoveAndForceRemove
=== RUN   TestBuildWithRemoveAndForceRemove/successful_build_with_no_removal
=== PAUSE TestBuildWithRemoveAndForceRemove/successful_build_with_no_removal
=== RUN   TestBuildWithRemoveAndForceRemove/successful_build_with_remove
=== PAUSE TestBuildWithRemoveAndForceRemove/successful_build_with_remove
=== RUN   TestBuildWithRemoveAndForceRemove/successful_build_with_remove_and_force_remove
=== PAUSE TestBuildWithRemoveAndForceRemove/successful_build_with_remove_and_force_remove
=== RUN   TestBuildWithRemoveAndForceRemove/failed_build_with_no_removal
=== PAUSE TestBuildWithRemoveAndForceRemove/failed_build_with_no_removal
=== RUN   TestBuildWithRemoveAndForceRemove/failed_build_with_remove
=== PAUSE TestBuildWithRemoveAndForceRemove/failed_build_with_remove
=== RUN   TestBuildWithRemoveAndForceRemove/failed_build_with_remove_and_force_remove
=== PAUSE TestBuildWithRemoveAndForceRemove/failed_build_with_remove_and_force_remove
=== CONT  TestBuildWithRemoveAndForceRemove/successful_build_with_no_removal
=== CONT  TestBuildWithRemoveAndForceRemove/failed_build_with_no_removal
=== CONT  TestBuildWithRemoveAndForceRemove/failed_build_with_remove_and_force_remove
=== CONT  TestBuildWithRemoveAndForceRemove/failed_build_with_remove
=== CONT  TestBuildWithRemoveAndForceRemove/successful_build_with_remove_and_force_remove
=== CONT  TestBuildWithRemoveAndForceRemove/successful_build_with_remove
--- PASS: TestBuildWithRemoveAndForceRemove (0.02s)
    --- PASS: TestBuildWithRemoveAndForceRemove/successful_build_with_no_removal (2.50s)
    --- PASS: TestBuildWithRemoveAndForceRemove/failed_build_with_no_removal (2.57s)
    --- PASS: TestBuildWithRemoveAndForceRemove/failed_build_with_remove_and_force_remove (1.97s)
    --- PASS: TestBuildWithRemoveAndForceRemove/failed_build_with_remove (2.99s)
    --- PASS: TestBuildWithRemoveAndForceRemove/successful_build_with_remove_and_force_remove (2.38s)
    --- PASS: TestBuildWithRemoveAndForceRemove/successful_build_with_remove (2.78s)
=== RUN   TestBuildMultiStageParentConfig
--- PASS: TestBuildMultiStageParentConfig (34.26s)
    build_test.go:175: [{-1 1546692441 sha256:107515350dc0a649a78c87243934261f3e6ea224dc331de9c2d5b6251d9e2651 map[] sha256:ece48c4f0193ffa96d1220821806ad3264451cfff0ad7df57b7a7b7f18fe2c46 [] [build1:latest] -1 4459754 4459754} {-1 1546692440 sha256:5b5fe6cd89ed5a18e0377519f0c72af05134bd77748f70d7a0c6ba2ff69b96f5 map[] sha256:5c474595a83d2227df83a53f44bbec693c1da659e014f3d4fa18a60ab9c2c37c [<none>@<none>] [<none>:<none>] -1 4459754 4459754} {-1 1546692436 sha256:69ea388dfa75faffc575a196bda283b2a48a4d3215ec54754f23a8aa5d3eeb71 map[] sha256:36e9590454976dc0eb44c15bc80fe4fbd52aaa91df37ec76cd3ed245e1a12829 [<none>@<none>] [<none>:<none>] -1 4459754 4459754} {-1 1546692435 sha256:f72d951fb2f8a26fd7c52f6ee557801a9c69211cb7c14f1b3b342aff8b1fdd23 map[] sha256:36e9590454976dc0eb44c15bc80fe4fbd52aaa91df37ec76cd3ed245e1a12829 [<none>@<none>] [<none>:<none>] -1 4459754 4459754} {-1 1546692433 sha256:8389b9f3949b189ef71c2b0b840d9d0c620c06a59a01da140b261422713d4c46 map[] sha256:36e9590454976dc0eb44c15bc80fe4fbd52aaa91df37ec76cd3ed245e1a12829 [<none>@<none>] [<none>:<none>] -1 4459754 4459754} {-1 1546692433 sha256:d8f9c186c57992079d15fe6624ee003ff26512a81693edcce06099761662b6f8 map[] sha256:36e9590454976dc0eb44c15bc80fe4fbd52aaa91df37ec76cd3ed245e1a12829 [<none>@<none>] [<none>:<none>] -1 4459754 4459754} {-1 1546692430 sha256:a864c27ceebc4cf4fe494d2f653f3c15bd48700c8b143dcef1ff57eb9af8d44b map[] sha256:36e9590454976dc0eb44c15bc80fe4fbd52aaa91df37ec76cd3ed245e1a12829 [<none>@<none>] [<none>:<none>] -1 4459754 4459754} {-1 1546692430 sha256:19216db042b51064216fbbf0a1d92ba36ab24889c7ecf43e4e246e36cb055e6a map[] sha256:36e9590454976dc0eb44c15bc80fe4fbd52aaa91df37ec76cd3ed245e1a12829 [<none>@<none>] [<none>:<none>] -1 4459754 4459754} {-1 1546692428 sha256:cb3bdb516ba0ba5ba46cb681e50218f258d040828e9c0eade51a565396467aec map[] sha256:922a9ba9a7eb02d3fff01f8b6bee9e31a530a3c0916a616018d969b3d6b4180c [<none>@<none>] [<none>:<none>] -1 4459780 4459780} {-1 1516785504 sha256:1e1e09d79a9fd4fa5faae6a9f150ecfe3e403a3efdfb78666c67227e656988b2 map[]  [] [busybox:glibc] -1 4476202 4476202} {-1 1511271291 sha256:3ab301db05ea4e52e26aadb6daabc1222e58c0be7cfa2b8945443d801b6b9585 map[]  [] [hello-world:frozen] -1 1976 1976} {-1 1509640958 sha256:9b0236353396efce03211408c208e6f90f31e7636682fa01f5eb4e38bbf571d6 map[]  [] [buildpack-deps:jessie] -1 595217275 595217275} {-1 1509610708 sha256:36e9590454976dc0eb44c15bc80fe4fbd52aaa91df37ec76cd3ed245e1a12829 map[]  [] [busybox:latest] -1 4459754 4459754} {-1 1507585344 sha256:de6513af1fcb9db380e4954f276ea347858dcb7bff0299953aa25c4abd54bc0b map[]  [] [debian:jessie] -1 129082379 129082379} {-1 1371157430 sha256:11f64303f0f7ffdc71f001788132bca5346831939a956e3e975c93267d89a16d map[]  [] [emptyfs:latest] -1 0 0}]
=== RUN   TestBuildLabelWithTargets
--- PASS: TestBuildLabelWithTargets (8.00s)
=== RUN   TestBuildWithEmptyLayers
--- PASS: TestBuildWithEmptyLayers (3.00s)
=== RUN   TestBuildMultiStageOnBuild
--- PASS: TestBuildMultiStageOnBuild (5.02s)
=== RUN   TestBuildUncleanTarFilenames
--- PASS: TestBuildUncleanTarFilenames (1.25s)
=== RUN   TestBuildMultiStageLayerLeak
--- PASS: TestBuildMultiStageLayerLeak (4.76s)
=== RUN   TestBuildWithHugeFile
--- PASS: TestBuildWithHugeFile (25.39s)
PASS
Running /go/src/github.com/docker/docker/integration/network
INFO: Testing against a local daemon
=== RUN   TestNetworkCreateDelete
--- PASS: TestNetworkCreateDelete (0.26s)
=== RUN   TestDockerNetworkDeletePreferID
--- PASS: TestDockerNetworkDeletePreferID (0.53s)
=== RUN   TestInspectNetwork
--- PASS: TestInspectNetwork (27.07s)
    daemon.go:296: [d92ed4b81c81e] waiting for daemon to start
    daemon.go:328: [d92ed4b81c81e] daemon started
    daemon.go:283: [d92ed4b81c81e] exiting daemon
=== RUN   TestRunContainerWithBridgeNone
--- PASS: TestRunContainerWithBridgeNone (2.37s)
    daemon.go:296: [d9b72680a023b] waiting for daemon to start
    daemon.go:328: [d9b72680a023b] daemon started
    daemon.go:283: [d9b72680a023b] exiting daemon
=== RUN   TestNetworkInvalidJSON
=== RUN   TestNetworkInvalidJSON//networks/create
=== PAUSE TestNetworkInvalidJSON//networks/create
=== RUN   TestNetworkInvalidJSON//networks/bridge/connect
=== PAUSE TestNetworkInvalidJSON//networks/bridge/connect
=== RUN   TestNetworkInvalidJSON//networks/bridge/disconnect
=== PAUSE TestNetworkInvalidJSON//networks/bridge/disconnect
=== CONT  TestNetworkInvalidJSON//networks/create
=== CONT  TestNetworkInvalidJSON//networks/bridge/disconnect
=== CONT  TestNetworkInvalidJSON//networks/bridge/connect
--- PASS: TestNetworkInvalidJSON (0.03s)
    --- PASS: TestNetworkInvalidJSON//networks/create (0.00s)
    --- PASS: TestNetworkInvalidJSON//networks/bridge/connect (0.00s)
    --- PASS: TestNetworkInvalidJSON//networks/bridge/disconnect (0.00s)
=== RUN   TestDaemonRestartWithLiveRestore
--- PASS: TestDaemonRestartWithLiveRestore (1.03s)
    daemon.go:296: [d1adaa2af8a8e] waiting for daemon to start
    daemon.go:328: [d1adaa2af8a8e] daemon started
    daemon.go:283: [d1adaa2af8a8e] exiting daemon
    daemon.go:296: [d1adaa2af8a8e] waiting for daemon to start
    daemon.go:328: [d1adaa2af8a8e] daemon started
    daemon.go:283: [d1adaa2af8a8e] exiting daemon
=== RUN   TestDaemonDefaultNetworkPools
--- PASS: TestDaemonDefaultNetworkPools (0.77s)
    daemon.go:296: [df31bc1995fda] waiting for daemon to start
    daemon.go:328: [df31bc1995fda] daemon started
    daemon.go:283: [df31bc1995fda] exiting daemon
=== RUN   TestDaemonRestartWithExistingNetwork
--- PASS: TestDaemonRestartWithExistingNetwork (1.16s)
    daemon.go:296: [d5304d4552671] waiting for daemon to start
    daemon.go:328: [d5304d4552671] daemon started
    daemon.go:283: [d5304d4552671] exiting daemon
    daemon.go:296: [d5304d4552671] waiting for daemon to start
    daemon.go:328: [d5304d4552671] daemon started
    daemon.go:283: [d5304d4552671] exiting daemon
=== RUN   TestDaemonRestartWithExistingNetworkWithDefaultPoolRange
--- PASS: TestDaemonRestartWithExistingNetworkWithDefaultPoolRange (1.29s)
    daemon.go:296: [db9f4464e594a] waiting for daemon to start
    daemon.go:328: [db9f4464e594a] daemon started
    daemon.go:283: [db9f4464e594a] exiting daemon
    daemon.go:296: [db9f4464e594a] waiting for daemon to start
    daemon.go:328: [db9f4464e594a] daemon started
    daemon.go:283: [db9f4464e594a] exiting daemon
=== RUN   TestDaemonWithBipAndDefaultNetworkPool
--- PASS: TestDaemonWithBipAndDefaultNetworkPool (0.61s)
    daemon.go:296: [d7abe6c8dc6a0] waiting for daemon to start
    daemon.go:328: [d7abe6c8dc6a0] daemon started
    daemon.go:283: [d7abe6c8dc6a0] exiting daemon
=== RUN   TestServiceWithPredefinedNetwork
--- PASS: TestServiceWithPredefinedNetwork (2.85s)
    daemon.go:296: [d866d2566df95] waiting for daemon to start
    daemon.go:328: [d866d2566df95] daemon started
    daemon.go:283: [d866d2566df95] exiting daemon
=== RUN   TestServiceRemoveKeepsIngressNetwork
--- PASS: TestServiceRemoveKeepsIngressNetwork (12.73s)
    daemon.go:296: [d98bbe6aa1488] waiting for daemon to start
    daemon.go:328: [d98bbe6aa1488] daemon started
    daemon.go:283: [d98bbe6aa1488] exiting daemon
=== RUN   TestServiceWithDataPathPortInit
--- PASS: TestServiceWithDataPathPortInit (5.26s)
    daemon.go:296: [d846b336f7989] waiting for daemon to start
    daemon.go:328: [d846b336f7989] daemon started
    daemon.go:283: [d846b336f7989] exiting daemon
    daemon.go:296: [dd41b7c828d5d] waiting for daemon to start
    daemon.go:328: [dd41b7c828d5d] daemon started
    daemon.go:283: [dd41b7c828d5d] exiting daemon
=== RUN   TestServiceWithDefaultAddressPoolInit
--- PASS: TestServiceWithDefaultAddressPoolInit (5.63s)
    daemon.go:296: [d350df9fe6077] waiting for daemon to start
    daemon.go:328: [d350df9fe6077] daemon started
    service_test.go:420: TestServiceWithDefaultAddressPoolInit: NetworkInspect: {Name:saanvisthiraTestServiceWithDefaultAddressPoolInit ID:j6tf7a72mzihut7d3cxfpmx3e Created:2019-01-05 12:49:37.26937068 +0000 UTC Scope:swarm Driver:overlay EnableIPv6:false IPAM:{Driver:default Options:map[] Config:[{Subnet:20.20.0.0/24 IPRange: Gateway:20.20.0.1 AuxAddress:map[]}]} Internal:false Attachable:false Ingress:false ConfigFrom:{Network:} ConfigOnly:false Containers:map[] Options:map[com.docker.network.driver.overlay.vxlanid_list:4097] Labels:map[] Peers:[] Services:map[]}
    daemon.go:283: [d350df9fe6077] exiting daemon
    daemon.go:296: [de9ce6cb465c6] waiting for daemon to start
    daemon.go:328: [de9ce6cb465c6] daemon started
    daemon.go:283: [de9ce6cb465c6] exiting daemon
PASS
Running /go/src/github.com/docker/docker/integration/network/ipvlan
INFO: Testing against a local daemon
=== RUN   TestDockerNetworkIpvlanPersistance
--- PASS: TestDockerNetworkIpvlanPersistance (1.40s)
    daemon.go:296: [dedb9c4288a96] waiting for daemon to start
    daemon.go:328: [dedb9c4288a96] daemon started
    daemon.go:283: [dedb9c4288a96] exiting daemon
    daemon.go:296: [dedb9c4288a96] waiting for daemon to start
    daemon.go:328: [dedb9c4288a96] daemon started
    daemon.go:283: [dedb9c4288a96] exiting daemon
=== RUN   TestDockerNetworkIpvlan
=== RUN   TestDockerNetworkIpvlan/Subinterface
=== RUN   TestDockerNetworkIpvlan/OverlapParent
=== RUN   TestDockerNetworkIpvlan/L2NilParent
=== RUN   TestDockerNetworkIpvlan/L2InternalMode
=== RUN   TestDockerNetworkIpvlan/L3NilParent
=== RUN   TestDockerNetworkIpvlan/L3InternalMode
=== RUN   TestDockerNetworkIpvlan/L2MultiSubnet
=== RUN   TestDockerNetworkIpvlan/L3MultiSubnet
=== RUN   TestDockerNetworkIpvlan/Addressing
--- PASS: TestDockerNetworkIpvlan (114.14s)
    daemon.go:296: [dc0597441f3cb] waiting for daemon to start
    daemon.go:328: [dc0597441f3cb] daemon started
    --- PASS: TestDockerNetworkIpvlan/Subinterface (0.11s)
    daemon.go:283: [dc0597441f3cb] exiting daemon
    daemon.go:296: [dd8842a115914] waiting for daemon to start
    daemon.go:328: [dd8842a115914] daemon started
    --- PASS: TestDockerNetworkIpvlan/OverlapParent (0.07s)
    daemon.go:283: [dd8842a115914] exiting daemon
    daemon.go:296: [d0a5ed77fd057] waiting for daemon to start
    daemon.go:328: [d0a5ed77fd057] daemon started
    --- PASS: TestDockerNetworkIpvlan/L2NilParent (1.07s)
    daemon.go:283: [d0a5ed77fd057] exiting daemon
    daemon.go:296: [d5250ee984de4] waiting for daemon to start
    daemon.go:328: [d5250ee984de4] daemon started
    --- PASS: TestDockerNetworkIpvlan/L2InternalMode (2.09s)
    daemon.go:283: [d5250ee984de4] exiting daemon
    daemon.go:296: [d0d2d24e8f2ed] waiting for daemon to start
    daemon.go:328: [d0d2d24e8f2ed] daemon started
    --- PASS: TestDockerNetworkIpvlan/L3NilParent (16.04s)
    daemon.go:283: [d0d2d24e8f2ed] exiting daemon
    daemon.go:296: [d1e74ec29efd9] waiting for daemon to start
    daemon.go:328: [d1e74ec29efd9] daemon started
    --- PASS: TestDockerNetworkIpvlan/L3InternalMode (17.12s)
    daemon.go:283: [d1e74ec29efd9] exiting daemon
    daemon.go:296: [deea4b7b38f46] waiting for daemon to start
    daemon.go:328: [deea4b7b38f46] daemon started
    --- PASS: TestDockerNetworkIpvlan/L2MultiSubnet (17.61s)
    daemon.go:283: [deea4b7b38f46] exiting daemon
    daemon.go:296: [d2a7727cb2d5f] waiting for daemon to start
    daemon.go:328: [d2a7727cb2d5f] daemon started
    --- PASS: TestDockerNetworkIpvlan/L3MultiSubnet (17.60s)
    daemon.go:283: [d2a7727cb2d5f] exiting daemon
    daemon.go:296: [d5d18b489f1b0] waiting for daemon to start
    daemon.go:328: [d5d18b489f1b0] daemon started
    --- PASS: TestDockerNetworkIpvlan/Addressing (31.53s)
    daemon.go:283: [d5d18b489f1b0] exiting daemon
PASS
Running /go/src/github.com/docker/docker/integration/network/macvlan
INFO: Testing against a local daemon
=== RUN   TestDockerNetworkMacvlanPersistance
--- PASS: TestDockerNetworkMacvlanPersistance (1.39s)
    daemon.go:296: [dd93d6a819158] waiting for daemon to start
    daemon.go:328: [dd93d6a819158] daemon started
    daemon.go:283: [dd93d6a819158] exiting daemon
    daemon.go:296: [dd93d6a819158] waiting for daemon to start
    daemon.go:328: [dd93d6a819158] daemon started
    daemon.go:283: [dd93d6a819158] exiting daemon
=== RUN   TestDockerNetworkMacvlan
=== RUN   TestDockerNetworkMacvlan/Subinterface
=== RUN   TestDockerNetworkMacvlan/OverlapParent
=== RUN   TestDockerNetworkMacvlan/NilParent
=== RUN   TestDockerNetworkMacvlan/InternalMode
=== RUN   TestDockerNetworkMacvlan/Addressing
--- PASS: TestDockerNetworkMacvlan (24.50s)
    daemon.go:296: [d89696faccf98] waiting for daemon to start
    daemon.go:328: [d89696faccf98] daemon started
    --- PASS: TestDockerNetworkMacvlan/Subinterface (0.08s)
    daemon.go:283: [d89696faccf98] exiting daemon
    daemon.go:296: [d0f90b02a6b1b] waiting for daemon to start
    daemon.go:328: [d0f90b02a6b1b] daemon started
    --- PASS: TestDockerNetworkMacvlan/OverlapParent (0.11s)
    daemon.go:283: [d0f90b02a6b1b] exiting daemon
    daemon.go:296: [d8016103878a1] waiting for daemon to start
    daemon.go:328: [d8016103878a1] daemon started
    --- PASS: TestDockerNetworkMacvlan/NilParent (1.10s)
    daemon.go:283: [d8016103878a1] exiting daemon
    daemon.go:296: [d7dc11c6af39a] waiting for daemon to start
    daemon.go:328: [d7dc11c6af39a] daemon started
    --- PASS: TestDockerNetworkMacvlan/InternalMode (2.08s)
    daemon.go:283: [d7dc11c6af39a] exiting daemon
    daemon.go:296: [d508580738f06] waiting for daemon to start
    daemon.go:328: [d508580738f06] daemon started
    --- PASS: TestDockerNetworkMacvlan/Addressing (15.73s)
    daemon.go:283: [d508580738f06] exiting daemon
PASS
Running /go/src/github.com/docker/docker/integration/service
INFO: Testing against a local daemon
=== RUN   TestServiceCreateInit
=== RUN   TestServiceCreateInit/daemonInitDisabled
=== RUN   TestServiceCreateInit/daemonInitEnabled
--- PASS: TestServiceCreateInit (9.96s)
    --- PASS: TestServiceCreateInit/daemonInitDisabled (4.93s)
        daemon.go:296: [d264a37300443] waiting for daemon to start
        daemon.go:328: [d264a37300443] daemon started
        daemon.go:283: [d264a37300443] exiting daemon
    --- PASS: TestServiceCreateInit/daemonInitEnabled (5.02s)
        daemon.go:296: [dff692c8cf83a] waiting for daemon to start
        daemon.go:328: [dff692c8cf83a] daemon started
        daemon.go:283: [dff692c8cf83a] exiting daemon
=== RUN   TestCreateServiceMultipleTimes
--- PASS: TestCreateServiceMultipleTimes (28.17s)
    daemon.go:296: [deb1eb74c8be9] waiting for daemon to start
    daemon.go:328: [deb1eb74c8be9] daemon started
    daemon.go:283: [deb1eb74c8be9] exiting daemon
=== RUN   TestCreateServiceConflict
--- PASS: TestCreateServiceConflict (2.81s)
    daemon.go:296: [d50b7d758a4d5] waiting for daemon to start
    daemon.go:328: [d50b7d758a4d5] daemon started
    daemon.go:283: [d50b7d758a4d5] exiting daemon
=== RUN   TestCreateServiceMaxReplicas
--- PASS: TestCreateServiceMaxReplicas (3.47s)
    daemon.go:296: [d82a5ee7b7324] waiting for daemon to start
    daemon.go:328: [d82a5ee7b7324] daemon started
    daemon.go:283: [d82a5ee7b7324] exiting daemon
=== RUN   TestCreateWithDuplicateNetworkNames
--- PASS: TestCreateWithDuplicateNetworkNames (13.53s)
    daemon.go:296: [d34da685a4e30] waiting for daemon to start
    daemon.go:328: [d34da685a4e30] daemon started
    daemon.go:283: [d34da685a4e30] exiting daemon
=== RUN   TestCreateServiceSecretFileMode
--- PASS: TestCreateServiceSecretFileMode (3.53s)
    daemon.go:296: [d64ecbb2c45ea] waiting for daemon to start
    daemon.go:328: [d64ecbb2c45ea] daemon started
    daemon.go:283: [d64ecbb2c45ea] exiting daemon
=== RUN   TestCreateServiceConfigFileMode
--- PASS: TestCreateServiceConfigFileMode (3.63s)
    daemon.go:296: [dfc855326ec1a] waiting for daemon to start
    daemon.go:328: [dfc855326ec1a] daemon started
    daemon.go:283: [dfc855326ec1a] exiting daemon
=== RUN   TestCreateServiceSysctls
--- PASS: TestCreateServiceSysctls (4.08s)
    daemon.go:296: [d9c1562098685] waiting for daemon to start
    daemon.go:328: [d9c1562098685] daemon started
    daemon.go:283: [d9c1562098685] exiting daemon
=== RUN   TestInspect
--- PASS: TestInspect (2.88s)
    daemon.go:296: [ddc58d09f5eb0] waiting for daemon to start
    daemon.go:328: [ddc58d09f5eb0] daemon started
    daemon.go:283: [ddc58d09f5eb0] exiting daemon
=== RUN   TestDockerNetworkConnectAlias
--- PASS: TestDockerNetworkConnectAlias (5.46s)
    daemon.go:296: [deb7d19affe44] waiting for daemon to start
    daemon.go:328: [deb7d19affe44] daemon started
    daemon.go:283: [deb7d19affe44] exiting daemon
=== RUN   TestServicePlugin
--- SKIP: TestServicePlugin (0.01s)
    plugin_test.go:26: os.Getenv("DOCKER_ENGINE_GOARCH") != "amd64"
=== RUN   TestServiceUpdateLabel
--- PASS: TestServiceUpdateLabel (2.88s)
    daemon.go:296: [db9989a372683] waiting for daemon to start
    daemon.go:328: [db9989a372683] daemon started
    daemon.go:283: [db9989a372683] exiting daemon
=== RUN   TestServiceUpdateSecrets
--- FAIL: TestServiceUpdateSecrets (2.87s)
    daemon.go:296: [de80ac82e563d] waiting for daemon to start
    daemon.go:328: [de80ac82e563d] daemon started
    update_test.go:126: assertion failed: error is not nil: Error response from daemon: rpc error: code = Unknown desc = update out of sequence
    daemon.go:283: [de80ac82e563d] exiting daemon
=== RUN   TestServiceUpdateConfigs
--- FAIL: TestServiceUpdateConfigs (2.89s)
    daemon.go:296: [d2bf3a44bdb47] waiting for daemon to start
    daemon.go:328: [d2bf3a44bdb47] daemon started
    update_test.go:188: assertion failed: error is not nil: Error response from daemon: rpc error: code = Unknown desc = update out of sequence
    daemon.go:283: [d2bf3a44bdb47] exiting daemon
FAIL
---> Making bundle: .integration-daemon-stop (in bundles/test-integration)
Clearing AppArmor profiles cache:.
All profile caches have been cleared, but no profiles have been unloaded.
Unloading profiles will leave already running processes permanently
unconfined, which can lead to unexpected situations.

To set a process to complain mode, use the command line tool
'aa-complain'. To really tear down all profiles, run the init script
with the 'teardown' option."
Removing test suite binaries
Build step 'Execute shell' marked build as failure
Set build name.
New build name is '#38380'
[PostBuildScript] - Executing post build scripts.
[Docker-PRs-s390x] $ /bin/sh -xe /tmp/jenkins7779453717568543680.sh
+ echo Chowning /workspace to jenkins user
Chowning /workspace to jenkins user
+ id -u
+ id -g
+ docker run --rm -v /home/jenkins/workspace/Docker-PRs-s390x:/workspace s390x/busybox chown -R 1001:1001 /workspace
[Docker-PRs-s390x] $ /bin/sh -xe /tmp/jenkins8569848907636215494.sh
+ echo Creating bundles.tar.gz
Creating bundles.tar.gz
+ xargs tar -czf bundles.tar.gz
+ find bundles -name *.log
Archiving artifacts
Notifying endpoint with url 'https://leeroy.dockerproject.org/notification/jenkins'
Finished: FAILURE
