Started by user Gordon
Notifying endpoint with url 'https://leeroy.dockerproject.org/notification/jenkins'
[EnvInject] - Loading node environment variables.
Building remotely on s390x-ubuntu-31 (linux s390x-ubuntu-1604 s390x) in workspace /home/jenkins/workspace/Docker-PRs-s390x
Running Prebuild steps
[Docker-PRs-s390x] $ /bin/sh -xe /tmp/jenkins5606912034907633644.sh
+ pwd
+ id -u
+ id -g
+ docker run --rm -v /home/jenkins/workspace/Docker-PRs-s390x:/workspace s390x/busybox chown -R 1001:1001 /workspace
Success build forhudson.tasks.Shell@54493290
Wiping out workspace first.
Cloning the remote Git repository
Cloning repository https://github.com/moby/moby.git
 > git init /home/jenkins/workspace/Docker-PRs-s390x # timeout=10
Fetching upstream changes from https://github.com/moby/moby.git
 > git --version # timeout=10
 > git fetch --tags --progress https://github.com/moby/moby.git +refs/heads/*:refs/remotes/origin/*
 > git config remote.origin.url https://github.com/moby/moby.git # timeout=10
 > git config --add remote.origin.fetch +refs/heads/*:refs/remotes/origin/* # timeout=10
 > git config remote.origin.url https://github.com/moby/moby.git # timeout=10
Fetching upstream changes from https://github.com/moby/moby.git
 > git fetch --tags --progress https://github.com/moby/moby.git +refs/heads/*:refs/remotes/origin/*
 > git rev-parse origin/master^{commit} # timeout=10
Checking out Revision 2ee53a42db814c513770421f1b0d48f27faeadea (origin/master)
 > git config core.sparsecheckout # timeout=10
 > git checkout -f 2ee53a42db814c513770421f1b0d48f27faeadea
Commit message: "Merge pull request #38490 from kolyshkin/test-rename-anon-ct"
 > git rev-list --no-walk 2ee53a42db814c513770421f1b0d48f27faeadea # timeout=10
Set build name.
New build name is '#38050'
[Docker-PRs-s390x] $ /bin/bash /tmp/jenkins2906287968409857466.sh
From https://github.com/moby/moby
 * [new ref]         refs/pull/38050/head -> origin/pr/38050
Merge made by the 'recursive' strategy.
 Dockerfile                                    | 14 +++++
 cli/config/configdir.go                       |  2 +
 cmd/dockerd/config_common_unix.go             | 21 +++++++
 cmd/dockerd/config_unix.go                    |  4 +-
 cmd/dockerd/daemon.go                         | 43 +++++++++++--
 cmd/dockerd/daemon_unix.go                    | 24 +++++++-
 cmd/dockerd/options.go                        |  2 +
 contrib/dockerd-rootless.sh                   | 69 +++++++++++++++++++++
 daemon/config/config_unix.go                  |  6 ++
 daemon/config/config_windows.go               |  5 ++
 daemon/daemon.go                              |  1 +
 daemon/daemon_unix.go                         |  3 -
 daemon/info.go                                |  3 +
 daemon/info_unix.go                           |  4 ++
 daemon/info_windows.go                        |  4 ++
 daemon/listeners/listeners_linux.go           |  5 ++
 daemon/oci_linux.go                           |  9 ++-
 docs/rootless.md                              | 88 +++++++++++++++++++++++++++
 hack/dockerfile/install/rootlesskit.installer | 34 +++++++++++
 hack/dockerfile/install/slirp4netns.installer | 28 +++++++++
 hack/make/.binary-setup                       |  3 +
 hack/make/binary-daemon                       |  3 +-
 hack/make/install-binary                      |  3 +
 opts/hosts.go                                 | 22 ++++++-
 opts/hosts_test.go                            |  4 +-
 pkg/homedir/homedir_linux.go                  | 88 +++++++++++++++++++++++++++
 pkg/homedir/homedir_others.go                 | 20 ++++++
 pkg/sysinfo/sysinfo_linux.go                  |  4 +-
 rootless/doc.go                               |  2 +
 rootless/rootless.go                          | 22 +++++++
 rootless/specconv/specconv_linux.go           | 38 ++++++++++++
 31 files changed, 559 insertions(+), 19 deletions(-)
 create mode 100755 contrib/dockerd-rootless.sh
 create mode 100644 docs/rootless.md
 create mode 100755 hack/dockerfile/install/rootlesskit.installer
 create mode 100755 hack/dockerfile/install/slirp4netns.installer
 create mode 100644 rootless/doc.go
 create mode 100644 rootless/rootless.go
 create mode 100644 rootless/specconv/specconv_linux.go
Sending build context to Docker daemon  45.14MB
Step 1/108 : FROM golang:1.11.4 AS base
 ---> ee5c1a481166
Step 2/108 : ARG APT_MIRROR=deb.debian.org
 ---> Using cache
 ---> 40bb7a3208c3
Step 3/108 : RUN sed -ri "s/(httpredir|deb).debian.org/$APT_MIRROR/g" /etc/apt/sources.list
 ---> Using cache
 ---> e3b5da367df8
Step 4/108 : FROM base AS criu
 ---> e3b5da367df8
Step 5/108 : ENV CRIU_VERSION 3.6
 ---> Using cache
 ---> b9cf91107491
Step 6/108 : RUN apt-get update && apt-get install -y 	libnet-dev 	libprotobuf-c0-dev 	libprotobuf-dev 	libnl-3-dev 	libcap-dev 	protobuf-compiler 	protobuf-c-compiler 	python-protobuf 	&& mkdir -p /usr/src/criu 	&& curl -sSL https://github.com/checkpoint-restore/criu/archive/v${CRIU_VERSION}.tar.gz | tar -C /usr/src/criu/ -xz --strip-components=1 	&& cd /usr/src/criu 	&& make 	&& make PREFIX=/build/ install-criu
 ---> Using cache
 ---> 7cb489fce906
Step 7/108 : FROM base AS registry
 ---> e3b5da367df8
Step 8/108 : ENV REGISTRY_COMMIT_SCHEMA1 ec87e9b6971d831f0eff752ddb54fb64693e51cd
 ---> Using cache
 ---> 892ad490d669
Step 9/108 : ENV REGISTRY_COMMIT 47a064d4195a9b56133891bbb13620c3ac83a827
 ---> Using cache
 ---> dd52e88da905
Step 10/108 : RUN set -x 	&& export GOPATH="$(mktemp -d)" 	&& git clone https://github.com/docker/distribution.git "$GOPATH/src/github.com/docker/distribution" 	&& (cd "$GOPATH/src/github.com/docker/distribution" && git checkout -q "$REGISTRY_COMMIT") 	&& GOPATH="$GOPATH/src/github.com/docker/distribution/Godeps/_workspace:$GOPATH" 		go build -buildmode=pie -o /build/registry-v2 github.com/docker/distribution/cmd/registry 	&& case $(dpkg --print-architecture) in 		amd64|ppc64*|s390x) 		(cd "$GOPATH/src/github.com/docker/distribution" && git checkout -q "$REGISTRY_COMMIT_SCHEMA1"); 		GOPATH="$GOPATH/src/github.com/docker/distribution/Godeps/_workspace:$GOPATH"; 			go build -buildmode=pie -o /build/registry-v2-schema1 github.com/docker/distribution/cmd/registry; 		;; 	   esac 	&& rm -rf "$GOPATH"
 ---> Using cache
 ---> 09eb6189ee46
Step 11/108 : FROM base AS docker-py
 ---> e3b5da367df8
Step 12/108 : ENV DOCKER_PY_COMMIT 8b246db271a85d6541dc458838627e89c683e42f
 ---> Using cache
 ---> a2399d011ed9
Step 13/108 : RUN git clone https://github.com/docker/docker-py.git /build 	&& cd /build 	&& git checkout -q $DOCKER_PY_COMMIT
 ---> Using cache
 ---> a129802dee5b
Step 14/108 : FROM base AS swagger
 ---> e3b5da367df8
Step 15/108 : ENV GO_SWAGGER_COMMIT c28258affb0b6251755d92489ef685af8d4ff3eb
 ---> Using cache
 ---> 11ba1ca0d4d4
Step 16/108 : RUN set -x 	&& export GOPATH="$(mktemp -d)" 	&& git clone https://github.com/go-swagger/go-swagger.git "$GOPATH/src/github.com/go-swagger/go-swagger" 	&& (cd "$GOPATH/src/github.com/go-swagger/go-swagger" && git checkout -q "$GO_SWAGGER_COMMIT") 	&& go build -o /build/swagger github.com/go-swagger/go-swagger/cmd/swagger 	&& rm -rf "$GOPATH"
 ---> Using cache
 ---> 98a557bf1559
Step 17/108 : FROM base AS frozen-images
 ---> e3b5da367df8
Step 18/108 : RUN apt-get update && apt-get install -y jq ca-certificates --no-install-recommends
 ---> Using cache
 ---> 78ade81e6f11
Step 19/108 : COPY contrib/download-frozen-image-v2.sh /
 ---> Using cache
 ---> 93dc161c9fe9
Step 20/108 : RUN /download-frozen-image-v2.sh /build 	buildpack-deps:jessie@sha256:dd86dced7c9cd2a724e779730f0a53f93b7ef42228d4344b25ce9a42a1486251 	busybox:latest@sha256:bbc3a03235220b170ba48a157dd097dd1379299370e1ed99ce976df0355d24f0 	busybox:glibc@sha256:0b55a30394294ab23b9afd58fab94e61a923f5834fba7ddbae7f8e0c11ba85e6 	debian:jessie@sha256:287a20c5f73087ab406e6b364833e3fb7b3ae63ca0eb3486555dc27ed32c6e60 	hello-world:latest@sha256:be0cd392e45be79ffeffa6b05338b98ebb16c87b255f48e297ec7f98e123905c
 ---> Using cache
 ---> 7bcec8a82b81
Step 21/108 : FROM base AS runtime-dev
 ---> e3b5da367df8
Step 22/108 : RUN apt-get update && apt-get install -y 	libapparmor-dev 	libseccomp-dev
 ---> Using cache
 ---> 1b69ce110fba
Step 23/108 : FROM base AS tomlv
 ---> e3b5da367df8
Step 24/108 : ENV INSTALL_BINARY_NAME=tomlv
 ---> Using cache
 ---> e2af4677bbb3
Step 25/108 : COPY hack/dockerfile/install/install.sh ./install.sh
 ---> Using cache
 ---> 899a3384d921
Step 26/108 : COPY hack/dockerfile/install/$INSTALL_BINARY_NAME.installer ./
 ---> Using cache
 ---> a361f3a0c328
Step 27/108 : RUN PREFIX=/build ./install.sh $INSTALL_BINARY_NAME
 ---> Using cache
 ---> 4ca377667d1d
Step 28/108 : FROM base AS vndr
 ---> e3b5da367df8
Step 29/108 : ENV INSTALL_BINARY_NAME=vndr
 ---> Using cache
 ---> 30e73d72b205
Step 30/108 : COPY hack/dockerfile/install/install.sh ./install.sh
 ---> Using cache
 ---> 672f4c059c00
Step 31/108 : COPY hack/dockerfile/install/$INSTALL_BINARY_NAME.installer ./
 ---> Using cache
 ---> 9a2fed3090bb
Step 32/108 : RUN PREFIX=/build ./install.sh $INSTALL_BINARY_NAME
 ---> Using cache
 ---> a2adbed9c140
Step 33/108 : FROM base AS containerd
 ---> e3b5da367df8
Step 34/108 : RUN apt-get update && apt-get install -y btrfs-tools
 ---> Using cache
 ---> cd87ca8cf65a
Step 35/108 : ENV INSTALL_BINARY_NAME=containerd
 ---> Using cache
 ---> 1ef37439a88f
Step 36/108 : COPY hack/dockerfile/install/install.sh ./install.sh
 ---> Using cache
 ---> 19f27c76c722
Step 37/108 : COPY hack/dockerfile/install/$INSTALL_BINARY_NAME.installer ./
 ---> Using cache
 ---> 12343424f6c2
Step 38/108 : RUN PREFIX=/build ./install.sh $INSTALL_BINARY_NAME
 ---> Using cache
 ---> c9caecd5c769
Step 39/108 : FROM base AS proxy
 ---> e3b5da367df8
Step 40/108 : ENV INSTALL_BINARY_NAME=proxy
 ---> Using cache
 ---> 2b5a7cc44cf0
Step 41/108 : COPY hack/dockerfile/install/install.sh ./install.sh
 ---> Using cache
 ---> 38dc9e510043
Step 42/108 : COPY hack/dockerfile/install/$INSTALL_BINARY_NAME.installer ./
 ---> Using cache
 ---> c5cdc79fdab3
Step 43/108 : RUN PREFIX=/build ./install.sh $INSTALL_BINARY_NAME
 ---> Using cache
 ---> 0a93b610ad2b
Step 44/108 : FROM base AS gometalinter
 ---> e3b5da367df8
Step 45/108 : ENV INSTALL_BINARY_NAME=gometalinter
 ---> Using cache
 ---> b37e417d4aa6
Step 46/108 : COPY hack/dockerfile/install/install.sh ./install.sh
 ---> Using cache
 ---> 0b96b9762380
Step 47/108 : COPY hack/dockerfile/install/$INSTALL_BINARY_NAME.installer ./
 ---> Using cache
 ---> 3c90ed66cc9b
Step 48/108 : RUN PREFIX=/build ./install.sh $INSTALL_BINARY_NAME
 ---> Using cache
 ---> f60f9d566a18
Step 49/108 : FROM base AS dockercli
 ---> e3b5da367df8
Step 50/108 : ENV INSTALL_BINARY_NAME=dockercli
 ---> Using cache
 ---> 6bf67c43d974
Step 51/108 : COPY hack/dockerfile/install/install.sh ./install.sh
 ---> Using cache
 ---> 18a60b4b6fa3
Step 52/108 : COPY hack/dockerfile/install/$INSTALL_BINARY_NAME.installer ./
 ---> Using cache
 ---> 2b1664b05085
Step 53/108 : RUN PREFIX=/build ./install.sh $INSTALL_BINARY_NAME
 ---> Using cache
 ---> a2ae7f326735
Step 54/108 : FROM runtime-dev AS runc
 ---> 1b69ce110fba
Step 55/108 : ENV INSTALL_BINARY_NAME=runc
 ---> Using cache
 ---> 09f08dfd78a7
Step 56/108 : COPY hack/dockerfile/install/install.sh ./install.sh
 ---> Using cache
 ---> 55024455c68a
Step 57/108 : COPY hack/dockerfile/install/$INSTALL_BINARY_NAME.installer ./
 ---> Using cache
 ---> ced36213a6d4
Step 58/108 : RUN PREFIX=/build ./install.sh $INSTALL_BINARY_NAME
 ---> Using cache
 ---> c136566092d0
Step 59/108 : FROM base AS tini
 ---> e3b5da367df8
Step 60/108 : RUN apt-get update && apt-get install -y cmake vim-common
 ---> Using cache
 ---> ccc657168473
Step 61/108 : COPY hack/dockerfile/install/install.sh ./install.sh
 ---> Using cache
 ---> 54abf38c6e6e
Step 62/108 : ENV INSTALL_BINARY_NAME=tini
 ---> Using cache
 ---> 802c1d0de9be
Step 63/108 : COPY hack/dockerfile/install/$INSTALL_BINARY_NAME.installer ./
 ---> Using cache
 ---> 89b9fe273f93
Step 64/108 : RUN PREFIX=/build ./install.sh $INSTALL_BINARY_NAME
 ---> Using cache
 ---> 16e588809c68
Step 65/108 : FROM base AS rootlesskit
 ---> e3b5da367df8
Step 66/108 : ENV INSTALL_BINARY_NAME=rootlesskit
 ---> Using cache
 ---> 3a2dd81d7e85
Step 67/108 : COPY hack/dockerfile/install/install.sh ./install.sh
 ---> Using cache
 ---> a4a9b67af53e
Step 68/108 : COPY hack/dockerfile/install/$INSTALL_BINARY_NAME.installer ./
 ---> Using cache
 ---> 161fa1b31454
Step 69/108 : RUN PREFIX=/build/ ./install.sh $INSTALL_BINARY_NAME
 ---> Using cache
 ---> 594ec66940c9
Step 70/108 : COPY ./contrib/dockerd-rootless.sh /build
 ---> Using cache
 ---> 5026c93336e8
Step 71/108 : FROM base AS slirp4netns
 ---> e3b5da367df8
Step 72/108 : RUN apt-get update && apt-get install -y automake autotools-dev libtool
 ---> Using cache
 ---> 7473ed6f1448
Step 73/108 : ENV INSTALL_BINARY_NAME=slirp4netns
 ---> Using cache
 ---> 031f3eb563fa
Step 74/108 : COPY hack/dockerfile/install/install.sh ./install.sh
 ---> Using cache
 ---> c4f1920f1958
Step 75/108 : COPY hack/dockerfile/install/$INSTALL_BINARY_NAME.installer ./
 ---> Using cache
 ---> 1d97fe4f1205
Step 76/108 : RUN PREFIX=/build/ ./install.sh $INSTALL_BINARY_NAME
 ---> Using cache
 ---> c51ce61346b4
Step 77/108 : FROM runtime-dev AS dev
 ---> 1b69ce110fba
Step 78/108 : RUN groupadd -r docker
 ---> Using cache
 ---> ff51d4729068
Step 79/108 : RUN useradd --create-home --gid docker unprivilegeduser
 ---> Using cache
 ---> 27ae47faf183
Step 80/108 : RUN ln -sfv /go/src/github.com/docker/docker/.bashrc ~/.bashrc
 ---> Using cache
 ---> 073a43be34a7
Step 81/108 : RUN echo "source /usr/share/bash-completion/bash_completion" >> /etc/bash.bashrc
 ---> Using cache
 ---> 074eb069f2ab
Step 82/108 : RUN ln -s /usr/local/completion/bash/docker /etc/bash_completion.d/docker
 ---> Using cache
 ---> 3eb5455d6ca8
Step 83/108 : RUN ldconfig
 ---> Using cache
 ---> 8f8f99b399b4
Step 84/108 : RUN apt-get update && apt-get install -y 	apparmor 	aufs-tools 	bash-completion 	btrfs-tools 	iptables 	jq 	libcap2-bin 	libdevmapper-dev 	libudev-dev 	libsystemd-dev 	binutils-mingw-w64 	g++-mingw-w64-x86-64 	net-tools 	pigz 	python-backports.ssl-match-hostname 	python-dev 	python-mock 	python-pip 	python-requests 	python-setuptools 	python-websocket 	python-wheel 	thin-provisioning-tools 	vim 	vim-common 	xfsprogs 	zip 	bzip2 	xz-utils 	--no-install-recommends
 ---> Using cache
 ---> 14f341d58dc1
Step 85/108 : COPY --from=swagger /build/swagger* /usr/local/bin/
 ---> Using cache
 ---> 44fe7ca4a3ed
Step 86/108 : COPY --from=frozen-images /build/ /docker-frozen-images
 ---> Using cache
 ---> 1bc036ffc96f
Step 87/108 : COPY --from=gometalinter /build/ /usr/local/bin/
 ---> Using cache
 ---> 604c9988b168
Step 88/108 : COPY --from=tomlv /build/ /usr/local/bin/
 ---> Using cache
 ---> 83c13046f43d
Step 89/108 : COPY --from=vndr /build/ /usr/local/bin/
 ---> Using cache
 ---> dc7f38a6f7fb
Step 90/108 : COPY --from=tini /build/ /usr/local/bin/
 ---> Using cache
 ---> 0c84d66ac85c
Step 91/108 : COPY --from=runc /build/ /usr/local/bin/
 ---> Using cache
 ---> 1065d673fea9
Step 92/108 : COPY --from=containerd /build/ /usr/local/bin/
 ---> Using cache
 ---> b132b0aac6a5
Step 93/108 : COPY --from=proxy /build/ /usr/local/bin/
 ---> Using cache
 ---> 6ca2fd22b866
Step 94/108 : COPY --from=dockercli /build/ /usr/local/cli
 ---> Using cache
 ---> 63475b4f6f84
Step 95/108 : COPY --from=registry /build/registry* /usr/local/bin/
 ---> Using cache
 ---> 56ed2736d1b1
Step 96/108 : COPY --from=criu /build/ /usr/local/
 ---> Using cache
 ---> 7248d5406e6c
Step 97/108 : COPY --from=docker-py /build/ /docker-py
 ---> Using cache
 ---> ce37fe4fa233
Step 98/108 : RUN cd /docker-py 	&& pip install docker-pycreds==0.2.1 	&& pip install yamllint==1.5.0 	&& pip install -r test-requirements.txt
 ---> Using cache
 ---> 86be6de16c45
Step 99/108 : COPY --from=rootlesskit /build/ /usr/local/bin/
 ---> Using cache
 ---> 45248ecd4cb5
Step 100/108 : COPY --from=slirp4netns /build/ /usr/local/bin/
 ---> Using cache
 ---> a059a711df5a
Step 101/108 : ENV PATH=/usr/local/cli:$PATH
 ---> Using cache
 ---> 84c5626d7708
Step 102/108 : ENV DOCKER_BUILDTAGS apparmor seccomp selinux
 ---> Using cache
 ---> 1261786cf8dd
Step 103/108 : ENV GOMETALINTER_OPTS="--deadline=2m"
 ---> Using cache
 ---> faebd159cd1d
Step 104/108 : WORKDIR /go/src/github.com/docker/docker
 ---> Using cache
 ---> ac1e9c8f52c7
Step 105/108 : VOLUME /var/lib/docker
 ---> Using cache
 ---> 612ea9d91a41
Step 106/108 : ENTRYPOINT ["hack/dind"]
 ---> Using cache
 ---> 3e9a58c39e8e
Step 107/108 : FROM dev AS final
 ---> 3e9a58c39e8e
Step 108/108 : COPY . /go/src/github.com/docker/docker
 ---> Using cache
 ---> bfb88b208c01
Successfully built bfb88b208c01
Successfully tagged docker-s390x:462b649
?   	github.com/docker/docker/api	[no test files]
ok  	github.com/docker/docker/api/server	0.004s	coverage: 7.9% of statements
?   	github.com/docker/docker/api/server/backend/build	[no test files]
ok  	github.com/docker/docker/api/server/httputils	0.003s	coverage: 11.1% of statements
ok  	github.com/docker/docker/api/server/middleware	0.003s	coverage: 43.4% of statements
?   	github.com/docker/docker/api/server/router	[no test files]
?   	github.com/docker/docker/api/server/router/build	[no test files]
?   	github.com/docker/docker/api/server/router/checkpoint	[no test files]
?   	github.com/docker/docker/api/server/router/container	[no test files]
?   	github.com/docker/docker/api/server/router/debug	[no test files]
?   	github.com/docker/docker/api/server/router/distribution	[no test files]
?   	github.com/docker/docker/api/server/router/image	[no test files]
?   	github.com/docker/docker/api/server/router/network	[no test files]
?   	github.com/docker/docker/api/server/router/plugin	[no test files]
?   	github.com/docker/docker/api/server/router/session	[no test files]
?   	github.com/docker/docker/api/server/router/swarm	[no test files]
?   	github.com/docker/docker/api/server/router/system	[no test files]
?   	github.com/docker/docker/api/server/router/volume	[no test files]
?   	github.com/docker/docker/api/types	[no test files]
?   	github.com/docker/docker/api/types/backend	[no test files]
?   	github.com/docker/docker/api/types/blkiodev	[no test files]
?   	github.com/docker/docker/api/types/container	[no test files]
?   	github.com/docker/docker/api/types/events	[no test files]
ok  	github.com/docker/docker/api/types/filters	0.004s	coverage: 94.2% of statements
?   	github.com/docker/docker/api/types/image	[no test files]
?   	github.com/docker/docker/api/types/mount	[no test files]
?   	github.com/docker/docker/api/types/network	[no test files]
?   	github.com/docker/docker/api/types/plugins/logdriver	[no test files]
?   	github.com/docker/docker/api/types/registry	[no test files]
ok  	github.com/docker/docker/api/types/strslice	0.002s	coverage: 90.0% of statements
?   	github.com/docker/docker/api/types/swarm	[no test files]
?   	github.com/docker/docker/api/types/swarm/runtime	[no test files]
ok  	github.com/docker/docker/api/types/time	0.002s	coverage: 100.0% of statements
ok  	github.com/docker/docker/api/types/versions	0.003s	coverage: 75.0% of statements
?   	github.com/docker/docker/api/types/versions/v1p19	[no test files]
?   	github.com/docker/docker/api/types/versions/v1p20	[no test files]
?   	github.com/docker/docker/api/types/volume	[no test files]
?   	github.com/docker/docker/builder	[no test files]
?   	github.com/docker/docker/builder/builder-next	[no test files]
?   	github.com/docker/docker/builder/builder-next/adapters/containerimage	[no test files]
?   	github.com/docker/docker/builder/builder-next/adapters/snapshot	[no test files]
?   	github.com/docker/docker/builder/builder-next/exporter	[no test files]
?   	github.com/docker/docker/builder/builder-next/imagerefchecker	[no test files]
?   	github.com/docker/docker/builder/builder-next/worker	[no test files]
ok  	github.com/docker/docker/builder/dockerfile	0.878s	coverage: 45.4% of statements
ok  	github.com/docker/docker/builder/dockerignore	0.002s	coverage: 96.8% of statements
ok  	github.com/docker/docker/builder/fscache	0.115s	coverage: 69.5% of statements
ok  	github.com/docker/docker/builder/remotecontext	0.318s	coverage: 13.7% of statements
ok  	github.com/docker/docker/builder/remotecontext/git	0.538s	coverage: 78.8% of statements
?   	github.com/docker/docker/cli	[no test files]
?   	github.com/docker/docker/cli/config	[no test files]
ok  	github.com/docker/docker/cli/debug	0.002s	coverage: 100.0% of statements
ok  	github.com/docker/docker/client	0.152s	coverage: 75.6% of statements
ok  	github.com/docker/docker/cmd/dockerd	0.038s	coverage: 30.2% of statements
ok  	github.com/docker/docker/cmd/dockerd/hack	0.004s	coverage: 72.9% of statements
ok  	github.com/docker/docker/container	0.117s	coverage: 35.6% of statements
?   	github.com/docker/docker/container/stream	[no test files]
?   	github.com/docker/docker/contrib/apparmor	[no test files]
?   	github.com/docker/docker/contrib/docker-device-tool	[no test files]
?   	github.com/docker/docker/contrib/httpserver	[no test files]
ok  	github.com/docker/docker/daemon	12.243s	coverage: 17.1% of statements
ok  	github.com/docker/docker/daemon/cluster	0.050s	coverage: 0.5% of statements
ok  	github.com/docker/docker/daemon/cluster/controllers/plugin	0.010s	coverage: 65.3% of statements
ok  	github.com/docker/docker/daemon/cluster/convert	0.008s	coverage: 28.0% of statements
?   	github.com/docker/docker/daemon/cluster/executor	[no test files]
ok  	github.com/docker/docker/daemon/cluster/executor/container	3.438s	coverage: 12.7% of statements
?   	github.com/docker/docker/daemon/cluster/provider	[no test files]
ok  	github.com/docker/docker/daemon/config	0.041s	coverage: 84.4% of statements
ok  	github.com/docker/docker/daemon/discovery	0.007s	coverage: 30.4% of statements
ok  	github.com/docker/docker/daemon/events	0.060s	coverage: 50.0% of statements
?   	github.com/docker/docker/daemon/events/testutils	[no test files]
?   	github.com/docker/docker/daemon/exec	[no test files]
ok  	github.com/docker/docker/daemon/graphdriver	0.004s	coverage: 2.2% of statements
ok  	github.com/docker/docker/daemon/graphdriver/aufs	11.350s	coverage: 73.6% of statements
ok  	github.com/docker/docker/daemon/graphdriver/btrfs	0.009s	coverage: 2.9% of statements
ok  	github.com/docker/docker/daemon/graphdriver/copy	0.200s	coverage: 57.0% of statements
ok  	github.com/docker/docker/daemon/graphdriver/devmapper	4.383s	coverage: 45.9% of statements
?   	github.com/docker/docker/daemon/graphdriver/graphtest	[no test files]
ok  	github.com/docker/docker/daemon/graphdriver/overlay	1.805s	coverage: 50.8% of statements
ok  	github.com/docker/docker/daemon/graphdriver/overlay2	5.131s	coverage: 56.8% of statements
?   	github.com/docker/docker/daemon/graphdriver/overlayutils	[no test files]
ok  	github.com/docker/docker/daemon/graphdriver/quota	0.703s	coverage: 75.2% of statements
?   	github.com/docker/docker/daemon/graphdriver/register	[no test files]
ok  	github.com/docker/docker/daemon/graphdriver/vfs	0.006s	coverage: 70.5% of statements
ok  	github.com/docker/docker/daemon/graphdriver/zfs	0.010s	coverage: 3.0% of statements
ok  	github.com/docker/docker/daemon/images	0.010s	coverage: 4.9% of statements
?   	github.com/docker/docker/daemon/initlayer	[no test files]
ok  	github.com/docker/docker/daemon/links	0.002s	coverage: 93.0% of statements
?   	github.com/docker/docker/daemon/listeners	[no test files]
ok  	github.com/docker/docker/daemon/logger	0.222s	coverage: 43.7% of statements
ok  	github.com/docker/docker/daemon/logger/awslogs	0.096s	coverage: 78.2% of statements
?   	github.com/docker/docker/daemon/logger/fluentd	[no test files]
?   	github.com/docker/docker/daemon/logger/gcplogs	[no test files]
ok  	github.com/docker/docker/daemon/logger/gelf	0.025s	coverage: 68.2% of statements
ok  	github.com/docker/docker/daemon/logger/journald	0.004s	coverage: 26.2% of statements
ok  	github.com/docker/docker/daemon/logger/jsonfilelog	0.009s	coverage: 62.1% of statements
ok  	github.com/docker/docker/daemon/logger/jsonfilelog/jsonlog	0.003s	coverage: 88.3% of statements
ok  	github.com/docker/docker/daemon/logger/local	0.011s	coverage: 74.7% of statements
?   	github.com/docker/docker/daemon/logger/logentries	[no test files]
ok  	github.com/docker/docker/daemon/logger/loggerutils	0.012s	coverage: 18.6% of statements
ok  	github.com/docker/docker/daemon/logger/splunk	1.519s	coverage: 84.5% of statements
ok  	github.com/docker/docker/daemon/logger/syslog	0.006s	coverage: 47.8% of statements
ok  	github.com/docker/docker/daemon/logger/templates	0.002s	coverage: 8.3% of statements
?   	github.com/docker/docker/daemon/names	[no test files]
ok  	github.com/docker/docker/daemon/network	0.003s	coverage: 57.1% of statements
?   	github.com/docker/docker/daemon/stats	[no test files]
ok  	github.com/docker/docker/distribution	0.411s	coverage: 16.8% of statements
ok  	github.com/docker/docker/distribution/metadata	0.029s	coverage: 48.2% of statements
?   	github.com/docker/docker/distribution/utils	[no test files]
ok  	github.com/docker/docker/distribution/xfer	1.433s	coverage: 83.9% of statements
?   	github.com/docker/docker/dockerversion	[no test files]
ok  	github.com/docker/docker/errdefs	0.003s	coverage: 76.0% of statements
ok  	github.com/docker/docker/image	0.020s	coverage: 86.3% of statements
ok  	github.com/docker/docker/image/cache	0.007s	coverage: 19.2% of statements
?   	github.com/docker/docker/image/tarexport	[no test files]
ok  	github.com/docker/docker/image/v1	0.010s	coverage: 25.0% of statements
ok  	github.com/docker/docker/internal/procfs	0.003s	coverage: 78.4% of statements
?   	github.com/docker/docker/internal/test	[no test files]
?   	github.com/docker/docker/internal/test/daemon	[no test files]
?   	github.com/docker/docker/internal/test/environment	[no test files]
?   	github.com/docker/docker/internal/test/fakecontext	[no test files]
?   	github.com/docker/docker/internal/test/fakegit	[no test files]
?   	github.com/docker/docker/internal/test/fakestorage	[no test files]
?   	github.com/docker/docker/internal/test/fixtures/load	[no test files]
?   	github.com/docker/docker/internal/test/fixtures/plugin	[no test files]
?   	github.com/docker/docker/internal/test/fixtures/plugin/basic	[no test files]
?   	github.com/docker/docker/internal/test/registry	[no test files]
?   	github.com/docker/docker/internal/test/request	[no test files]
ok  	github.com/docker/docker/internal/testutil	0.002s	coverage: 62.5% of statements
ok  	github.com/docker/docker/layer	7.105s	coverage: 71.4% of statements
ok  	github.com/docker/docker/libcontainerd	0.030s	coverage: 3.4% of statements
?   	github.com/docker/docker/libcontainerd/supervisor	[no test files]
?   	github.com/docker/docker/oci	[no test files]
?   	github.com/docker/docker/oci/caps	[no test files]
ok  	github.com/docker/docker/opts	0.025s	coverage: 68.2% of statements
ok  	github.com/docker/docker/pkg/aaparser	0.003s	coverage: 50.0% of statements
ok  	github.com/docker/docker/pkg/archive	0.529s	coverage: 77.1% of statements
ok  	github.com/docker/docker/pkg/authorization	0.532s	coverage: 66.7% of statements
ok  	github.com/docker/docker/pkg/broadcaster	0.001s	coverage: 100.0% of statements
ok  	github.com/docker/docker/pkg/chrootarchive	3.336s	coverage: 37.0% of statements
?   	github.com/docker/docker/pkg/containerfs	[no test files]
?   	github.com/docker/docker/pkg/devicemapper	[no test files]
ok  	github.com/docker/docker/pkg/directory	0.004s	coverage: 80.0% of statements
ok  	github.com/docker/docker/pkg/discovery	0.004s	coverage: 58.3% of statements
ok  	github.com/docker/docker/pkg/discovery/file	0.003s	coverage: 97.6% of statements
ok  	github.com/docker/docker/pkg/discovery/kv	3.105s	coverage: 84.1% of statements
ok  	github.com/docker/docker/pkg/discovery/memory	0.004s	coverage: 92.3% of statements
ok  	github.com/docker/docker/pkg/discovery/nodes	0.003s	coverage: 93.8% of statements
ok  	github.com/docker/docker/pkg/dmesg	0.002s	coverage: 83.3% of statements
ok  	github.com/docker/docker/pkg/filenotify	0.603s	coverage: 66.3% of statements
ok  	github.com/docker/docker/pkg/fileutils	0.007s	coverage: 89.5% of statements
ok  	github.com/docker/docker/pkg/fsutils	0.366s	coverage: 85.1% of statements
ok  	github.com/docker/docker/pkg/homedir	0.004s	coverage: 10.2% of statements
ok  	github.com/docker/docker/pkg/idtools	0.197s	coverage: 70.2% of statements
ok  	github.com/docker/docker/pkg/ioutils	0.336s	coverage: 69.1% of statements
ok  	github.com/docker/docker/pkg/jsonmessage	0.004s	coverage: 88.3% of statements
ok  	github.com/docker/docker/pkg/locker	0.008s	coverage: 88.9% of statements
ok  	github.com/docker/docker/pkg/longpath	0.003s	coverage: 100.0% of statements
?   	github.com/docker/docker/pkg/loopback	[no test files]
ok  	github.com/docker/docker/pkg/mount	0.988s	coverage: 68.6% of statements
ok  	github.com/docker/docker/pkg/namesgenerator	0.002s	coverage: 85.7% of statements
?   	github.com/docker/docker/pkg/namesgenerator/cmd/names-generator	[no test files]
ok  	github.com/docker/docker/pkg/parsers	0.002s	coverage: 97.0% of statements
ok  	github.com/docker/docker/pkg/parsers/kernel	0.002s	coverage: 60.0% of statements
ok  	github.com/docker/docker/pkg/parsers/operatingsystem	0.002s	coverage: 90.0% of statements
ok  	github.com/docker/docker/pkg/pidfile	0.003s	coverage: 82.4% of statements
?   	github.com/docker/docker/pkg/platform	[no test files]
?   	github.com/docker/docker/pkg/plugingetter	[no test files]
ok  	github.com/docker/docker/pkg/plugins	33.618s	coverage: 76.8% of statements
ok  	github.com/docker/docker/pkg/plugins/pluginrpc-gen	0.009s	coverage: 56.8% of statements
?   	github.com/docker/docker/pkg/plugins/pluginrpc-gen/fixtures	[no test files]
?   	github.com/docker/docker/pkg/plugins/pluginrpc-gen/fixtures/otherfixture	[no test files]
ok  	github.com/docker/docker/pkg/plugins/transport	0.003s	coverage: 85.7% of statements
ok  	github.com/docker/docker/pkg/pools	0.002s	coverage: 87.9% of statements
ok  	github.com/docker/docker/pkg/progress	0.002s	coverage: 75.9% of statements
ok  	github.com/docker/docker/pkg/pubsub	1.033s	coverage: 72.7% of statements
ok  	github.com/docker/docker/pkg/reexec	0.005s	coverage: 82.4% of statements
ok  	github.com/docker/docker/pkg/signal	2.407s	coverage: 61.0% of statements
?   	github.com/docker/docker/pkg/signal/testfiles	[no test files]
ok  	github.com/docker/docker/pkg/stdcopy	0.004s	coverage: 100.0% of statements
ok  	github.com/docker/docker/pkg/streamformatter	0.002s	coverage: 66.2% of statements
ok  	github.com/docker/docker/pkg/stringid	0.006s	coverage: 76.0% of statements
ok  	github.com/docker/docker/pkg/symlink	0.006s	coverage: 87.7% of statements
ok  	github.com/docker/docker/pkg/sysinfo	0.004s	coverage: 75.9% of statements
ok  	github.com/docker/docker/pkg/system	0.051s	coverage: 36.1% of statements
ok  	github.com/docker/docker/pkg/tailfile	0.012s	coverage: 88.6% of statements
ok  	github.com/docker/docker/pkg/tarsum	0.028s	coverage: 89.3% of statements
ok  	github.com/docker/docker/pkg/term	0.003s	coverage: 84.8% of statements
ok  	github.com/docker/docker/pkg/term/windows	0.002s	coverage: 0.0% of statements [no tests to run]
ok  	github.com/docker/docker/pkg/truncindex	0.102s	coverage: 91.5% of statements
ok  	github.com/docker/docker/pkg/urlutil	0.002s	coverage: 100.0% of statements
ok  	github.com/docker/docker/pkg/useragent	0.002s	coverage: 88.9% of statements
ok  	github.com/docker/docker/plugin	0.550s	coverage: 27.3% of statements
ok  	github.com/docker/docker/plugin/executor/containerd	0.006s	coverage: 33.3% of statements
ok  	github.com/docker/docker/plugin/v2	0.003s	coverage: 14.5% of statements
?   	github.com/docker/docker/profiles/apparmor	[no test files]
ok  	github.com/docker/docker/profiles/seccomp	0.003s	coverage: 81.0% of statements
ok  	github.com/docker/docker/reference	0.006s	coverage: 84.4% of statements
ok  	github.com/docker/docker/registry	0.184s	coverage: 57.0% of statements
ok  	github.com/docker/docker/registry/resumable	0.015s	coverage: 100.0% of statements
ok  	github.com/docker/docker/restartmanager	0.002s	coverage: 49.0% of statements
?   	github.com/docker/docker/rootless	[no test files]
?   	github.com/docker/docker/rootless/specconv	[no test files]
ok  	github.com/docker/docker/runconfig	0.006s	coverage: 68.2% of statements
?   	github.com/docker/docker/runconfig/opts	[no test files]
?   	github.com/docker/docker/volume	[no test files]
ok  	github.com/docker/docker/volume/drivers	0.004s	coverage: 36.1% of statements
ok  	github.com/docker/docker/volume/local	0.037s	coverage: 73.0% of statements
ok  	github.com/docker/docker/volume/mounts	0.024s	coverage: 66.8% of statements
ok  	github.com/docker/docker/volume/service	0.011s	coverage: 73.0% of statements
?   	github.com/docker/docker/volume/service/opts	[no test files]
?   	github.com/docker/docker/volume/testutils	[no test files]

Removing bundles/

---> Making bundle: dynbinary (in bundles/dynbinary)
Building: bundles/dynbinary-daemon/dockerd-dev
Created binary: bundles/dynbinary-daemon/dockerd-dev

---> Making bundle: test-integration (in bundles/test-integration)
Building test suite binary ./integration-cli/test.main
Building test suite binary ./integration/config/test.main
Building test suite binary ./integration/secret/test.main
Building test suite binary ./integration/session/test.main
Building test suite binary ./integration/plugin/test.main
Building test suite binary ./integration/plugin/logging/test.main
Building test suite binary ./integration/plugin/logging/cmd/test.main
Building test suite binary ./integration/plugin/logging/cmd/dummy/test.main
Building test suite binary ./integration/plugin/logging/cmd/close_on_start/test.main
Building test suite binary ./integration/plugin/authz/test.main
Building test suite binary ./integration/plugin/graphdriver/test.main
Building test suite binary ./integration/plugin/common/test.main
Building test suite binary ./integration/plugin/volumes/test.main
Building test suite binary ./integration/plugin/volumes/cmd/test.main
Building test suite binary ./integration/plugin/volumes/cmd/dummy/test.main
Building test suite binary ./integration/container/test.main
Building test suite binary ./integration/system/test.main
Building test suite binary ./integration/volume/test.main
Building test suite binary ./integration/build/test.main
Building test suite binary ./integration/network/test.main
Building test suite binary ./integration/network/ipvlan/test.main
Building test suite binary ./integration/network/macvlan/test.main
Building test suite binary ./integration/service/test.main
Building test suite binary ./integration/image/test.main
---> Making bundle: .integration-daemon-start (in bundles/test-integration)
Using test binary docker
/etc/init.d/apparmor: 130: /etc/init.d/apparmor: systemd-detect-virt: not found
Starting AppArmor profiles:Warning from stdin (line 1): /sbin/apparmor_parser: cannot use or update cache, disable, or force-complain via stdin
Warning failed to create cache: (null)
.
INFO: Waiting for daemon to start...
Starting dockerd
.
---> Making bundle: .integration-daemon-setup (in bundles/test-integration)
---> Making bundle: .ensure-emptyfs (in bundles/test-integration)
Error: No such image: emptyfs
Running integration-test (iteration 1)
Running /go/src/github.com/docker/docker/integration/config
Loaded image: buildpack-deps:jessie
Loaded image: busybox:latest
Loaded image: busybox:glibc
Loaded image: debian:jessie
Loaded image: hello-world:latest
INFO: Testing against a local daemon
=== RUN   TestConfigList
--- PASS: TestConfigList (2.92s)
    daemon.go:296: [d500650df7a05] waiting for daemon to start
    daemon.go:328: [d500650df7a05] daemon started
    daemon.go:283: [d500650df7a05] exiting daemon
=== RUN   TestConfigsCreateAndDelete
--- PASS: TestConfigsCreateAndDelete (2.92s)
    daemon.go:296: [da090fa113942] waiting for daemon to start
    daemon.go:328: [da090fa113942] daemon started
    daemon.go:283: [da090fa113942] exiting daemon
=== RUN   TestConfigsUpdate
--- PASS: TestConfigsUpdate (3.01s)
    daemon.go:296: [d72742c583ed8] waiting for daemon to start
    daemon.go:328: [d72742c583ed8] daemon started
    daemon.go:283: [d72742c583ed8] exiting daemon
=== RUN   TestTemplatedConfig
--- PASS: TestTemplatedConfig (2.93s)
    daemon.go:296: [d7bf6176266fa] waiting for daemon to start
    daemon.go:328: [d7bf6176266fa] daemon started
    daemon.go:283: [d7bf6176266fa] exiting daemon
=== RUN   TestConfigInspect
--- PASS: TestConfigInspect (2.86s)
    daemon.go:296: [db1e091d6791f] waiting for daemon to start
    daemon.go:328: [db1e091d6791f] daemon started
    daemon.go:283: [db1e091d6791f] exiting daemon
=== RUN   TestConfigCreateWithLabels
--- PASS: TestConfigCreateWithLabels (3.04s)
    daemon.go:296: [d996ea1f507a2] waiting for daemon to start
    daemon.go:328: [d996ea1f507a2] daemon started
    daemon.go:283: [d996ea1f507a2] exiting daemon
=== RUN   TestConfigCreateResolve
--- PASS: TestConfigCreateResolve (2.94s)
    daemon.go:296: [d72c0e9677d77] waiting for daemon to start
    daemon.go:328: [d72c0e9677d77] daemon started
    daemon.go:283: [d72c0e9677d77] exiting daemon
PASS
Running /go/src/github.com/docker/docker/integration/secret
INFO: Testing against a local daemon
=== RUN   TestSecretInspect
--- PASS: TestSecretInspect (2.98s)
    daemon.go:296: [dd1bd543e766e] waiting for daemon to start
    daemon.go:328: [dd1bd543e766e] daemon started
    daemon.go:283: [dd1bd543e766e] exiting daemon
=== RUN   TestSecretList
--- PASS: TestSecretList (2.98s)
    daemon.go:296: [dab2a54787da3] waiting for daemon to start
    daemon.go:328: [dab2a54787da3] daemon started
    daemon.go:283: [dab2a54787da3] exiting daemon
=== RUN   TestSecretsCreateAndDelete
--- PASS: TestSecretsCreateAndDelete (3.10s)
    daemon.go:296: [d3d036678175f] waiting for daemon to start
    daemon.go:328: [d3d036678175f] daemon started
    daemon.go:283: [d3d036678175f] exiting daemon
=== RUN   TestSecretsUpdate
--- PASS: TestSecretsUpdate (2.95s)
    daemon.go:296: [d6372dcfb6c30] waiting for daemon to start
    daemon.go:328: [d6372dcfb6c30] daemon started
    daemon.go:283: [d6372dcfb6c30] exiting daemon
=== RUN   TestTemplatedSecret
--- PASS: TestTemplatedSecret (3.45s)
    daemon.go:296: [d4804635bd82f] waiting for daemon to start
    daemon.go:328: [d4804635bd82f] daemon started
    daemon.go:283: [d4804635bd82f] exiting daemon
=== RUN   TestSecretCreateResolve
--- PASS: TestSecretCreateResolve (2.99s)
    daemon.go:296: [d14b49b193f1d] waiting for daemon to start
    daemon.go:328: [d14b49b193f1d] daemon started
    daemon.go:283: [d14b49b193f1d] exiting daemon
PASS
Running /go/src/github.com/docker/docker/integration/session
INFO: Testing against a local daemon
=== RUN   TestSessionCreate
--- SKIP: TestSessionCreate (0.00s)
    session_test.go:14: !testEnv.DaemonInfo.ExperimentalBuild
=== RUN   TestSessionCreateWithBadUpgrade
--- SKIP: TestSessionCreateWithBadUpgrade (0.00s)
    session_test.go:31: !testEnv.DaemonInfo.ExperimentalBuild
PASS
Running /go/src/github.com/docker/docker/integration/plugin
testing: warning: no tests to run
PASS
Running /go/src/github.com/docker/docker/integration/plugin/logging
INFO: Testing against a local daemon
=== RUN   TestContinueAfterPluginCrash
=== PAUSE TestContinueAfterPluginCrash
=== RUN   TestDaemonStartWithLogOpt
=== PAUSE TestDaemonStartWithLogOpt
=== CONT  TestContinueAfterPluginCrash
=== CONT  TestDaemonStartWithLogOpt
--- PASS: TestDaemonStartWithLogOpt (8.19s)
    daemon.go:296: [dca3ed4f811e0] waiting for daemon to start
    daemon.go:328: [dca3ed4f811e0] daemon started
    daemon.go:283: [dca3ed4f811e0] exiting daemon
    daemon.go:296: [dca3ed4f811e0] waiting for daemon to start
    daemon.go:328: [dca3ed4f811e0] daemon started
    daemon.go:283: [dca3ed4f811e0] exiting daemon
--- PASS: TestContinueAfterPluginCrash (13.62s)
    daemon.go:296: [dc3816c2f2b4a] waiting for daemon to start
    daemon.go:328: [dc3816c2f2b4a] daemon started
    daemon.go:283: [dc3816c2f2b4a] exiting daemon
PASS
Running /go/src/github.com/docker/docker/integration/plugin/logging/cmd
testing: warning: no tests to run
PASS
Running /go/src/github.com/docker/docker/integration/plugin/logging/cmd/dummy
testing: warning: no tests to run
PASS
Running /go/src/github.com/docker/docker/integration/plugin/logging/cmd/close_on_start
testing: warning: no tests to run
PASS
Running /go/src/github.com/docker/docker/integration/plugin/authz
INFO: Testing against a local daemon
=== RUN   TestAuthZPluginAllowRequest
--- PASS: TestAuthZPluginAllowRequest (1.61s)
    daemon.go:296: [db445a82b17c4] waiting for daemon to start
    daemon.go:328: [db445a82b17c4] daemon started
    daemon.go:283: [db445a82b17c4] exiting daemon
=== RUN   TestAuthZPluginTLS
--- PASS: TestAuthZPluginTLS (0.54s)
    daemon.go:296: [d7e06dae5191c] waiting for daemon to start
    daemon.go:328: [d7e06dae5191c] daemon started
    daemon.go:283: [d7e06dae5191c] exiting daemon
=== RUN   TestAuthZPluginDenyRequest
--- PASS: TestAuthZPluginDenyRequest (0.53s)
    daemon.go:296: [dbdb46bb00dfc] waiting for daemon to start
    daemon.go:328: [dbdb46bb00dfc] daemon started
    daemon.go:283: [dbdb46bb00dfc] exiting daemon
=== RUN   TestAuthZPluginAPIDenyResponse
--- PASS: TestAuthZPluginAPIDenyResponse (0.53s)
    daemon.go:296: [d087c0e72057b] waiting for daemon to start
    daemon.go:328: [d087c0e72057b] daemon started
    daemon.go:283: [d087c0e72057b] exiting daemon
=== RUN   TestAuthZPluginDenyResponse
--- PASS: TestAuthZPluginDenyResponse (0.54s)
    daemon.go:296: [dca9cab00ddcd] waiting for daemon to start
    daemon.go:328: [dca9cab00ddcd] daemon started
    daemon.go:283: [dca9cab00ddcd] exiting daemon
=== RUN   TestAuthZPluginAllowEventStream
--- PASS: TestAuthZPluginAllowEventStream (1.64s)
    daemon.go:296: [dbf083cb7aa20] waiting for daemon to start
    daemon.go:328: [dbf083cb7aa20] daemon started
    daemon.go:283: [dbf083cb7aa20] exiting daemon
=== RUN   TestAuthZPluginErrorResponse
--- PASS: TestAuthZPluginErrorResponse (0.54s)
    daemon.go:296: [d3dce08051694] waiting for daemon to start
    daemon.go:328: [d3dce08051694] daemon started
    daemon.go:283: [d3dce08051694] exiting daemon
=== RUN   TestAuthZPluginErrorRequest
--- PASS: TestAuthZPluginErrorRequest (0.54s)
    daemon.go:296: [d779b4de8fa96] waiting for daemon to start
    daemon.go:328: [d779b4de8fa96] daemon started
    daemon.go:283: [d779b4de8fa96] exiting daemon
=== RUN   TestAuthZPluginEnsureNoDuplicatePluginRegistration
--- PASS: TestAuthZPluginEnsureNoDuplicatePluginRegistration (0.54s)
    daemon.go:296: [d71690315899f] waiting for daemon to start
    daemon.go:328: [d71690315899f] daemon started
    daemon.go:283: [d71690315899f] exiting daemon
=== RUN   TestAuthZPluginEnsureLoadImportWorking
--- PASS: TestAuthZPluginEnsureLoadImportWorking (1.94s)
    daemon.go:296: [d90e9c11e249c] waiting for daemon to start
    daemon.go:328: [d90e9c11e249c] daemon started
    daemon.go:283: [d90e9c11e249c] exiting daemon
=== RUN   TestAuthzPluginEnsureContainerCopyToFrom
--- PASS: TestAuthzPluginEnsureContainerCopyToFrom (2.05s)
    daemon.go:296: [d0f4dafcf042b] waiting for daemon to start
    daemon.go:328: [d0f4dafcf042b] daemon started
    daemon.go:283: [d0f4dafcf042b] exiting daemon
=== RUN   TestAuthZPluginHeader
--- PASS: TestAuthZPluginHeader (0.80s)
    daemon.go:296: [d75ed387645fd] waiting for daemon to start
    daemon.go:328: [d75ed387645fd] daemon started
    daemon.go:283: [d75ed387645fd] exiting daemon
=== RUN   TestAuthZPluginV2AllowNonVolumeRequest
--- SKIP: TestAuthZPluginV2AllowNonVolumeRequest (0.00s)
    authz_plugin_v2_test.go:43: os.Getenv("DOCKER_ENGINE_GOARCH") != "amd64"
=== RUN   TestAuthZPluginV2Disable
--- SKIP: TestAuthZPluginV2Disable (0.00s)
    authz_plugin_v2_test.go:65: os.Getenv("DOCKER_ENGINE_GOARCH") != "amd64"
=== RUN   TestAuthZPluginV2RejectVolumeRequests
--- SKIP: TestAuthZPluginV2RejectVolumeRequests (0.00s)
    authz_plugin_v2_test.go:91: os.Getenv("DOCKER_ENGINE_GOARCH") != "amd64"
=== RUN   TestAuthZPluginV2BadManifestFailsDaemonStart
--- SKIP: TestAuthZPluginV2BadManifestFailsDaemonStart (0.00s)
    authz_plugin_v2_test.go:126: os.Getenv("DOCKER_ENGINE_GOARCH") != "amd64"
=== RUN   TestAuthZPluginV2NonexistentFailsDaemonStart
--- PASS: TestAuthZPluginV2NonexistentFailsDaemonStart (16.51s)
    daemon.go:296: [d2257766e111e] waiting for daemon to start
    daemon.go:328: [d2257766e111e] daemon started
    daemon.go:283: [d2257766e111e] exiting daemon
    daemon.go:296: [d2257766e111e] waiting for daemon to start
    daemon.go:296: [d2257766e111e] waiting for daemon to start
    daemon.go:296: [d2257766e111e] waiting for daemon to start
    daemon.go:328: [d2257766e111e] daemon started
    daemon.go:283: [d2257766e111e] exiting daemon
PASS
Running /go/src/github.com/docker/docker/integration/plugin/graphdriver
INFO: Testing against a local daemon
=== RUN   TestExternalGraphDriver
=== RUN   TestExternalGraphDriver/json
=== RUN   TestExternalGraphDriver/spec
=== RUN   TestExternalGraphDriver/pull
--- PASS: TestExternalGraphDriver (6.63s)
    daemon.go:296: [dbe78cb816270] waiting for daemon to start
    daemon.go:328: [dbe78cb816270] daemon started
    daemon.go:283: [dbe78cb816270] exiting daemon
    daemon.go:296: [dbe78cb816270] waiting for daemon to start
    daemon.go:328: [dbe78cb816270] daemon started
    daemon.go:283: [dbe78cb816270] exiting daemon
    --- PASS: TestExternalGraphDriver/json (2.12s)
    daemon.go:296: [dbe78cb816270] waiting for daemon to start
    daemon.go:328: [dbe78cb816270] daemon started
    daemon.go:283: [dbe78cb816270] exiting daemon
    daemon.go:296: [dbe78cb816270] waiting for daemon to start
    daemon.go:328: [dbe78cb816270] daemon started
    daemon.go:283: [dbe78cb816270] exiting daemon
    --- PASS: TestExternalGraphDriver/spec (2.10s)
    daemon.go:296: [dbe78cb816270] waiting for daemon to start
    daemon.go:328: [dbe78cb816270] daemon started
    daemon.go:283: [dbe78cb816270] exiting daemon
    --- PASS: TestExternalGraphDriver/pull (2.25s)
=== RUN   TestGraphdriverPluginV2
--- SKIP: TestGraphdriverPluginV2 (0.05s)
    external_test.go:410: os.Getenv("DOCKER_ENGINE_GOARCH") != "amd64"
PASS
Running /go/src/github.com/docker/docker/integration/plugin/common
INFO: Testing against a local daemon
=== RUN   TestPluginInvalidJSON
=== RUN   TestPluginInvalidJSON//plugins/foobar/set
=== PAUSE TestPluginInvalidJSON//plugins/foobar/set
=== CONT  TestPluginInvalidJSON//plugins/foobar/set
--- PASS: TestPluginInvalidJSON (0.02s)
    --- PASS: TestPluginInvalidJSON//plugins/foobar/set (0.00s)
PASS
Running /go/src/github.com/docker/docker/integration/plugin/volumes
INFO: Testing against a local daemon
=== RUN   TestPluginWithDevMounts
=== PAUSE TestPluginWithDevMounts
=== CONT  TestPluginWithDevMounts
--- PASS: TestPluginWithDevMounts (1.91s)
    daemon.go:296: [d07e01afe6d0a] waiting for daemon to start
    daemon.go:328: [d07e01afe6d0a] daemon started
    daemon.go:283: [d07e01afe6d0a] exiting daemon
PASS
Running /go/src/github.com/docker/docker/integration/plugin/volumes/cmd
testing: warning: no tests to run
PASS
Running /go/src/github.com/docker/docker/integration/plugin/volumes/cmd/dummy
testing: warning: no tests to run
PASS
Running /go/src/github.com/docker/docker/integration/container
INFO: Testing against a local daemon
=== RUN   TestContainerInvalidJSON
=== RUN   TestContainerInvalidJSON//containers/foobar/copy
=== PAUSE TestContainerInvalidJSON//containers/foobar/copy
=== RUN   TestContainerInvalidJSON//containers/foobar/exec
=== PAUSE TestContainerInvalidJSON//containers/foobar/exec
=== RUN   TestContainerInvalidJSON//exec/foobar/start
=== PAUSE TestContainerInvalidJSON//exec/foobar/start
=== CONT  TestContainerInvalidJSON//containers/foobar/copy
=== CONT  TestContainerInvalidJSON//exec/foobar/start
=== CONT  TestContainerInvalidJSON//containers/foobar/exec
--- PASS: TestContainerInvalidJSON (0.00s)
    --- PASS: TestContainerInvalidJSON//containers/foobar/copy (0.00s)
    --- PASS: TestContainerInvalidJSON//exec/foobar/start (0.00s)
    --- PASS: TestContainerInvalidJSON//containers/foobar/exec (0.00s)
=== RUN   TestCopyFromContainerPathDoesNotExist
--- PASS: TestCopyFromContainerPathDoesNotExist (0.06s)
=== RUN   TestCopyFromContainerPathIsNotDir
--- PASS: TestCopyFromContainerPathIsNotDir (0.05s)
=== RUN   TestCopyToContainerPathDoesNotExist
--- PASS: TestCopyToContainerPathDoesNotExist (0.05s)
=== RUN   TestCopyToContainerPathIsNotDir
--- PASS: TestCopyToContainerPathIsNotDir (0.07s)
=== RUN   TestCreateFailsWhenIdentifierDoesNotExist
=== RUN   TestCreateFailsWhenIdentifierDoesNotExist/image_and_tag
=== PAUSE TestCreateFailsWhenIdentifierDoesNotExist/image_and_tag
=== RUN   TestCreateFailsWhenIdentifierDoesNotExist/image_no_tag
=== PAUSE TestCreateFailsWhenIdentifierDoesNotExist/image_no_tag
=== RUN   TestCreateFailsWhenIdentifierDoesNotExist/digest
=== PAUSE TestCreateFailsWhenIdentifierDoesNotExist/digest
=== CONT  TestCreateFailsWhenIdentifierDoesNotExist/image_and_tag
=== CONT  TestCreateFailsWhenIdentifierDoesNotExist/digest
=== CONT  TestCreateFailsWhenIdentifierDoesNotExist/image_no_tag
--- PASS: TestCreateFailsWhenIdentifierDoesNotExist (0.01s)
    --- PASS: TestCreateFailsWhenIdentifierDoesNotExist/digest (0.00s)
    --- PASS: TestCreateFailsWhenIdentifierDoesNotExist/image_and_tag (0.01s)
    --- PASS: TestCreateFailsWhenIdentifierDoesNotExist/image_no_tag (0.01s)
=== RUN   TestCreateWithInvalidEnv
=== RUN   TestCreateWithInvalidEnv/0
=== PAUSE TestCreateWithInvalidEnv/0
=== RUN   TestCreateWithInvalidEnv/1
=== PAUSE TestCreateWithInvalidEnv/1
=== RUN   TestCreateWithInvalidEnv/2
=== PAUSE TestCreateWithInvalidEnv/2
=== CONT  TestCreateWithInvalidEnv/0
=== CONT  TestCreateWithInvalidEnv/2
=== CONT  TestCreateWithInvalidEnv/1
--- PASS: TestCreateWithInvalidEnv (0.00s)
    --- PASS: TestCreateWithInvalidEnv/0 (0.00s)
    --- PASS: TestCreateWithInvalidEnv/2 (0.00s)
    --- PASS: TestCreateWithInvalidEnv/1 (0.00s)
=== RUN   TestCreateTmpfsMountsTarget
--- PASS: TestCreateTmpfsMountsTarget (0.01s)
=== RUN   TestCreateWithCustomMaskedPaths
--- PASS: TestCreateWithCustomMaskedPaths (2.35s)
=== RUN   TestCreateWithCustomReadonlyPaths
--- PASS: TestCreateWithCustomReadonlyPaths (2.79s)
=== RUN   TestCreateWithInvalidHealthcheckParams
=== RUN   TestCreateWithInvalidHealthcheckParams/test_invalid_Interval_in_Healthcheck:_less_than_0s
=== PAUSE TestCreateWithInvalidHealthcheckParams/test_invalid_Interval_in_Healthcheck:_less_than_0s
=== RUN   TestCreateWithInvalidHealthcheckParams/test_invalid_Interval_in_Healthcheck:_larger_than_0s_but_less_than_1ms
=== PAUSE TestCreateWithInvalidHealthcheckParams/test_invalid_Interval_in_Healthcheck:_larger_than_0s_but_less_than_1ms
=== RUN   TestCreateWithInvalidHealthcheckParams/test_invalid_Timeout_in_Healthcheck:_less_than_1ms
=== PAUSE TestCreateWithInvalidHealthcheckParams/test_invalid_Timeout_in_Healthcheck:_less_than_1ms
=== RUN   TestCreateWithInvalidHealthcheckParams/test_invalid_Retries_in_Healthcheck:_less_than_0
=== PAUSE TestCreateWithInvalidHealthcheckParams/test_invalid_Retries_in_Healthcheck:_less_than_0
=== RUN   TestCreateWithInvalidHealthcheckParams/test_invalid_StartPeriod_in_Healthcheck:_not_0_and_less_than_1ms
=== PAUSE TestCreateWithInvalidHealthcheckParams/test_invalid_StartPeriod_in_Healthcheck:_not_0_and_less_than_1ms
=== CONT  TestCreateWithInvalidHealthcheckParams/test_invalid_Interval_in_Healthcheck:_less_than_0s
=== CONT  TestCreateWithInvalidHealthcheckParams/test_invalid_StartPeriod_in_Healthcheck:_not_0_and_less_than_1ms
=== CONT  TestCreateWithInvalidHealthcheckParams/test_invalid_Retries_in_Healthcheck:_less_than_0
=== CONT  TestCreateWithInvalidHealthcheckParams/test_invalid_Timeout_in_Healthcheck:_less_than_1ms
=== CONT  TestCreateWithInvalidHealthcheckParams/test_invalid_Interval_in_Healthcheck:_larger_than_0s_but_less_than_1ms
--- PASS: TestCreateWithInvalidHealthcheckParams (0.01s)
    --- PASS: TestCreateWithInvalidHealthcheckParams/test_invalid_Interval_in_Healthcheck:_less_than_0s (0.00s)
    --- PASS: TestCreateWithInvalidHealthcheckParams/test_invalid_Retries_in_Healthcheck:_less_than_0 (0.00s)
    --- PASS: TestCreateWithInvalidHealthcheckParams/test_invalid_StartPeriod_in_Healthcheck:_not_0_and_less_than_1ms (0.01s)
    --- PASS: TestCreateWithInvalidHealthcheckParams/test_invalid_Timeout_in_Healthcheck:_less_than_1ms (0.00s)
    --- PASS: TestCreateWithInvalidHealthcheckParams/test_invalid_Interval_in_Healthcheck:_larger_than_0s_but_less_than_1ms (0.00s)
=== RUN   TestContainerStartOnDaemonRestart
=== PAUSE TestContainerStartOnDaemonRestart
=== RUN   TestDiff
--- PASS: TestDiff (0.85s)
=== RUN   TestExecWithCloseStdin
--- PASS: TestExecWithCloseStdin (0.99s)
=== RUN   TestExec
--- PASS: TestExec (1.02s)
=== RUN   TestExportContainerAndImportImage
--- PASS: TestExportContainerAndImportImage (1.07s)
=== RUN   TestExportContainerAfterDaemonRestart
--- PASS: TestExportContainerAfterDaemonRestart (1.41s)
    daemon.go:296: [d505d9e1ce621] waiting for daemon to start
    daemon.go:328: [d505d9e1ce621] daemon started
    daemon.go:283: [d505d9e1ce621] exiting daemon
    daemon.go:296: [d505d9e1ce621] waiting for daemon to start
    daemon.go:328: [d505d9e1ce621] daemon started
    daemon.go:283: [d505d9e1ce621] exiting daemon
=== RUN   TestHealthCheckWorkdir
--- PASS: TestHealthCheckWorkdir (1.05s)
=== RUN   TestInspectCpusetInConfigPre120
--- PASS: TestInspectCpusetInConfigPre120 (0.93s)
=== RUN   TestIpcModeNone
--- PASS: TestIpcModeNone (0.97s)
=== RUN   TestIpcModePrivate
--- PASS: TestIpcModePrivate (1.05s)
    ipcmode_test.go:87: [testIpcPrivateShareable] ipcmode: private, ipcdev: 0:260, shared: false, mustBeShared: false
=== RUN   TestIpcModeShareable
--- PASS: TestIpcModeShareable (1.10s)
    ipcmode_test.go:87: [testIpcPrivateShareable] ipcmode: shareable, ipcdev: 0:254, shared: true, mustBeShared: true
=== RUN   TestAPIIpcModeShareableAndContainer
--- PASS: TestAPIIpcModeShareableAndContainer (2.76s)
=== RUN   TestAPIIpcModeHost
--- PASS: TestAPIIpcModeHost (0.78s)
=== RUN   TestDaemonIpcModeShareable
--- PASS: TestDaemonIpcModeShareable (1.74s)
    daemon.go:296: [df42ac9f11229] waiting for daemon to start
    daemon.go:328: [df42ac9f11229] daemon started
    ipcmode_test.go:254: [testDaemonIpcPrivateShareable] ipcdev: 0:261, shared: true, mustBeShared: true
    daemon.go:283: [df42ac9f11229] exiting daemon
=== RUN   TestDaemonIpcModePrivate
--- PASS: TestDaemonIpcModePrivate (1.68s)
    daemon.go:296: [dc53086f88554] waiting for daemon to start
    daemon.go:328: [dc53086f88554] daemon started
    ipcmode_test.go:254: [testDaemonIpcPrivateShareable] ipcdev: 0:267, shared: false, mustBeShared: false
    daemon.go:283: [dc53086f88554] exiting daemon
=== RUN   TestDaemonIpcModePrivateFromConfig
--- PASS: TestDaemonIpcModePrivateFromConfig (1.67s)
    daemon.go:296: [df37e8660778a] waiting for daemon to start
    daemon.go:328: [df37e8660778a] daemon started
    ipcmode_test.go:254: [testDaemonIpcPrivateShareable] ipcdev: 0:267, shared: false, mustBeShared: false
    daemon.go:283: [df37e8660778a] exiting daemon
=== RUN   TestDaemonIpcModeShareableFromConfig
--- PASS: TestDaemonIpcModeShareableFromConfig (1.76s)
    daemon.go:296: [d67d5f0e1caea] waiting for daemon to start
    daemon.go:328: [d67d5f0e1caea] daemon started
    ipcmode_test.go:254: [testDaemonIpcPrivateShareable] ipcdev: 0:261, shared: true, mustBeShared: true
    daemon.go:283: [d67d5f0e1caea] exiting daemon
=== RUN   TestKillContainerInvalidSignal
--- PASS: TestKillContainerInvalidSignal (0.89s)
=== RUN   TestKillContainer
=== RUN   TestKillContainer/no_signal
=== RUN   TestKillContainer/non_killing_signal
=== RUN   TestKillContainer/killing_signal
--- PASS: TestKillContainer (2.74s)
    --- PASS: TestKillContainer/no_signal (0.83s)
    --- PASS: TestKillContainer/non_killing_signal (0.61s)
    --- PASS: TestKillContainer/killing_signal (0.82s)
=== RUN   TestKillWithStopSignalAndRestartPolicies
=== RUN   TestKillWithStopSignalAndRestartPolicies/same-signal-disables-restart-policy
=== RUN   TestKillWithStopSignalAndRestartPolicies/different-signal-keep-restart-policy
--- PASS: TestKillWithStopSignalAndRestartPolicies (1.74s)
    --- PASS: TestKillWithStopSignalAndRestartPolicies/same-signal-disables-restart-policy (0.79s)
    --- PASS: TestKillWithStopSignalAndRestartPolicies/different-signal-keep-restart-policy (0.57s)
=== RUN   TestKillStoppedContainer
--- PASS: TestKillStoppedContainer (0.06s)
=== RUN   TestKillStoppedContainerAPIPre120
--- PASS: TestKillStoppedContainerAPIPre120 (0.06s)
=== RUN   TestKillDifferentUserContainer
--- PASS: TestKillDifferentUserContainer (0.78s)
=== RUN   TestInspectOomKilledTrue
--- SKIP: TestInspectOomKilledTrue (0.00s)
    kill_test.go:153: testEnv.DaemonInfo.OSType == "windows" || !testEnv.DaemonInfo.MemoryLimit || !testEnv.DaemonInfo.SwapLimit
=== RUN   TestInspectOomKilledFalse
--- SKIP: TestInspectOomKilledFalse (0.00s)
    kill_test.go:171: testEnv.DaemonInfo.OSType == "windows" || !testEnv.DaemonInfo.MemoryLimit || !testEnv.DaemonInfo.SwapLimit
=== RUN   TestLinksEtcHostsContentMatch
--- PASS: TestLinksEtcHostsContentMatch (0.63s)
=== RUN   TestLinksContainerNames
--- PASS: TestLinksContainerNames (1.61s)
=== RUN   TestLogsFollowTailEmpty
--- PASS: TestLogsFollowTailEmpty (0.90s)
=== RUN   TestContainerNetworkMountsNoChown
--- PASS: TestContainerNetworkMountsNoChown (0.91s)
=== RUN   TestMountDaemonRoot
=== RUN   TestMountDaemonRoot/default
=== PAUSE TestMountDaemonRoot/default
=== RUN   TestMountDaemonRoot/private
=== PAUSE TestMountDaemonRoot/private
=== RUN   TestMountDaemonRoot/rprivate
=== PAUSE TestMountDaemonRoot/rprivate
=== RUN   TestMountDaemonRoot/slave
=== PAUSE TestMountDaemonRoot/slave
=== RUN   TestMountDaemonRoot/rslave
=== PAUSE TestMountDaemonRoot/rslave
=== RUN   TestMountDaemonRoot/shared
=== PAUSE TestMountDaemonRoot/shared
=== RUN   TestMountDaemonRoot/rshared
=== PAUSE TestMountDaemonRoot/rshared
=== CONT  TestMountDaemonRoot/default
=== RUN   TestMountDaemonRoot/default/bind_subpath
=== PAUSE TestMountDaemonRoot/default/bind_subpath
=== RUN   TestMountDaemonRoot/default/mount_root
=== PAUSE TestMountDaemonRoot/default/mount_root
=== RUN   TestMountDaemonRoot/default/mount_subpath
=== PAUSE TestMountDaemonRoot/default/mount_subpath
=== RUN   TestMountDaemonRoot/default/bind_root
=== PAUSE TestMountDaemonRoot/default/bind_root
=== CONT  TestMountDaemonRoot/default/bind_subpath
=== CONT  TestMountDaemonRoot/rshared
=== RUN   TestMountDaemonRoot/rshared/bind_root
=== PAUSE TestMountDaemonRoot/rshared/bind_root
=== RUN   TestMountDaemonRoot/rshared/bind_subpath
=== PAUSE TestMountDaemonRoot/rshared/bind_subpath
=== RUN   TestMountDaemonRoot/rshared/mount_root
=== PAUSE TestMountDaemonRoot/rshared/mount_root
=== RUN   TestMountDaemonRoot/rshared/mount_subpath
=== PAUSE TestMountDaemonRoot/rshared/mount_subpath
=== CONT  TestMountDaemonRoot/rshared/bind_root
=== CONT  TestMountDaemonRoot/shared
=== RUN   TestMountDaemonRoot/shared/bind_root
=== PAUSE TestMountDaemonRoot/shared/bind_root
=== RUN   TestMountDaemonRoot/shared/bind_subpath
=== PAUSE TestMountDaemonRoot/shared/bind_subpath
=== RUN   TestMountDaemonRoot/shared/mount_root
=== PAUSE TestMountDaemonRoot/shared/mount_root
=== RUN   TestMountDaemonRoot/shared/mount_subpath
=== PAUSE TestMountDaemonRoot/shared/mount_subpath
=== CONT  TestMountDaemonRoot/rslave
=== RUN   TestMountDaemonRoot/rslave/mount_subpath
=== PAUSE TestMountDaemonRoot/rslave/mount_subpath
=== RUN   TestMountDaemonRoot/rslave/bind_root
=== PAUSE TestMountDaemonRoot/rslave/bind_root
=== RUN   TestMountDaemonRoot/rslave/bind_subpath
=== PAUSE TestMountDaemonRoot/rslave/bind_subpath
=== RUN   TestMountDaemonRoot/rslave/mount_root
=== PAUSE TestMountDaemonRoot/rslave/mount_root
=== CONT  TestMountDaemonRoot/slave
=== RUN   TestMountDaemonRoot/slave/bind_root
=== PAUSE TestMountDaemonRoot/slave/bind_root
=== RUN   TestMountDaemonRoot/slave/bind_subpath
=== PAUSE TestMountDaemonRoot/slave/bind_subpath
=== RUN   TestMountDaemonRoot/slave/mount_root
=== PAUSE TestMountDaemonRoot/slave/mount_root
=== RUN   TestMountDaemonRoot/slave/mount_subpath
=== PAUSE TestMountDaemonRoot/slave/mount_subpath
=== CONT  TestMountDaemonRoot/rprivate
=== RUN   TestMountDaemonRoot/rprivate/bind_root
=== PAUSE TestMountDaemonRoot/rprivate/bind_root
=== RUN   TestMountDaemonRoot/rprivate/bind_subpath
=== PAUSE TestMountDaemonRoot/rprivate/bind_subpath
=== RUN   TestMountDaemonRoot/rprivate/mount_root
=== PAUSE TestMountDaemonRoot/rprivate/mount_root
=== RUN   TestMountDaemonRoot/rprivate/mount_subpath
=== PAUSE TestMountDaemonRoot/rprivate/mount_subpath
=== CONT  TestMountDaemonRoot/private
=== RUN   TestMountDaemonRoot/private/bind_root
=== PAUSE TestMountDaemonRoot/private/bind_root
=== RUN   TestMountDaemonRoot/private/bind_subpath
=== PAUSE TestMountDaemonRoot/private/bind_subpath
=== RUN   TestMountDaemonRoot/private/mount_root
=== PAUSE TestMountDaemonRoot/private/mount_root
=== RUN   TestMountDaemonRoot/private/mount_subpath
=== PAUSE TestMountDaemonRoot/private/mount_subpath
=== CONT  TestMountDaemonRoot/default/bind_root
=== CONT  TestMountDaemonRoot/default/mount_subpath
=== CONT  TestMountDaemonRoot/default/mount_root
=== CONT  TestMountDaemonRoot/rshared/mount_subpath
=== CONT  TestMountDaemonRoot/rshared/mount_root
=== CONT  TestMountDaemonRoot/rshared/bind_subpath
=== CONT  TestMountDaemonRoot/shared/bind_root
=== CONT  TestMountDaemonRoot/rslave/mount_subpath
=== CONT  TestMountDaemonRoot/shared/mount_subpath
=== CONT  TestMountDaemonRoot/shared/mount_root
=== CONT  TestMountDaemonRoot/shared/bind_subpath
=== CONT  TestMountDaemonRoot/slave/bind_root
=== CONT  TestMountDaemonRoot/rslave/mount_root
=== CONT  TestMountDaemonRoot/rslave/bind_subpath
=== CONT  TestMountDaemonRoot/rslave/bind_root
=== CONT  TestMountDaemonRoot/rprivate/bind_root
=== CONT  TestMountDaemonRoot/slave/mount_subpath
=== CONT  TestMountDaemonRoot/slave/mount_root
=== CONT  TestMountDaemonRoot/slave/bind_subpath
=== CONT  TestMountDaemonRoot/private/bind_root
=== CONT  TestMountDaemonRoot/rprivate/mount_subpath
=== CONT  TestMountDaemonRoot/rprivate/mount_root
=== CONT  TestMountDaemonRoot/rprivate/bind_subpath
=== CONT  TestMountDaemonRoot/private/mount_subpath
=== CONT  TestMountDaemonRoot/private/mount_root
=== CONT  TestMountDaemonRoot/private/bind_subpath
--- PASS: TestMountDaemonRoot (0.02s)
    --- PASS: TestMountDaemonRoot/default (0.00s)
        --- PASS: TestMountDaemonRoot/default/bind_subpath (0.09s)
        --- PASS: TestMountDaemonRoot/default/bind_root (0.09s)
        --- PASS: TestMountDaemonRoot/default/mount_subpath (0.09s)
        --- PASS: TestMountDaemonRoot/default/mount_root (0.08s)
    --- PASS: TestMountDaemonRoot/rshared (0.00s)
        --- PASS: TestMountDaemonRoot/rshared/bind_root (0.10s)
        --- PASS: TestMountDaemonRoot/rshared/mount_subpath (0.08s)
        --- PASS: TestMountDaemonRoot/rshared/mount_root (0.08s)
        --- PASS: TestMountDaemonRoot/rshared/bind_subpath (0.13s)
    --- PASS: TestMountDaemonRoot/shared (0.00s)
        --- PASS: TestMountDaemonRoot/shared/bind_root (0.06s)
        --- PASS: TestMountDaemonRoot/shared/mount_subpath (0.07s)
        --- PASS: TestMountDaemonRoot/shared/mount_root (0.05s)
        --- PASS: TestMountDaemonRoot/shared/bind_subpath (0.08s)
    --- PASS: TestMountDaemonRoot/rslave (0.00s)
        --- PASS: TestMountDaemonRoot/rslave/mount_subpath (0.12s)
        --- PASS: TestMountDaemonRoot/rslave/mount_root (0.09s)
        --- PASS: TestMountDaemonRoot/rslave/bind_subpath (0.11s)
        --- PASS: TestMountDaemonRoot/rslave/bind_root (0.06s)
    --- PASS: TestMountDaemonRoot/slave (0.00s)
        --- PASS: TestMountDaemonRoot/slave/bind_root (0.10s)
        --- PASS: TestMountDaemonRoot/slave/mount_subpath (0.09s)
        --- PASS: TestMountDaemonRoot/slave/mount_root (0.08s)
        --- PASS: TestMountDaemonRoot/slave/bind_subpath (0.07s)
    --- PASS: TestMountDaemonRoot/rprivate (0.00s)
        --- PASS: TestMountDaemonRoot/rprivate/bind_root (0.08s)
        --- PASS: TestMountDaemonRoot/rprivate/mount_subpath (0.08s)
        --- PASS: TestMountDaemonRoot/rprivate/mount_root (0.11s)
        --- PASS: TestMountDaemonRoot/rprivate/bind_subpath (0.13s)
    --- PASS: TestMountDaemonRoot/private (0.00s)
        --- PASS: TestMountDaemonRoot/private/bind_root (0.08s)
        --- PASS: TestMountDaemonRoot/private/mount_subpath (0.12s)
        --- PASS: TestMountDaemonRoot/private/mount_root (0.12s)
        --- PASS: TestMountDaemonRoot/private/bind_subpath (0.07s)
=== RUN   TestContainerBindMountNonRecursive
--- PASS: TestContainerBindMountNonRecursive (1.92s)
=== RUN   TestNetworkNat
--- PASS: TestNetworkNat (0.86s)
=== RUN   TestNetworkLocalhostTCPNat
--- PASS: TestNetworkLocalhostTCPNat (0.92s)
=== RUN   TestNetworkLoopbackNat
--- PASS: TestNetworkLoopbackNat (1.19s)
=== RUN   TestPause
--- PASS: TestPause (0.93s)
=== RUN   TestPauseFailsOnWindowsServerContainers
--- SKIP: TestPauseFailsOnWindowsServerContainers (0.01s)
    pause_test.go:54: testEnv.DaemonInfo.OSType != "windows" || testEnv.DaemonInfo.Isolation != "process"
=== RUN   TestPauseStopPausedContainer
--- PASS: TestPauseStopPausedContainer (0.92s)
=== RUN   TestPsFilter
--- PASS: TestPsFilter (0.17s)
=== RUN   TestRemoveContainerWithRemovedVolume
--- PASS: TestRemoveContainerWithRemovedVolume (0.78s)
=== RUN   TestRemoveContainerWithVolume
--- PASS: TestRemoveContainerWithVolume (0.94s)
=== RUN   TestRemoveContainerRunning
--- PASS: TestRemoveContainerRunning (0.92s)
=== RUN   TestRemoveContainerForceRemoveRunning
--- PASS: TestRemoveContainerForceRemoveRunning (0.88s)
=== RUN   TestRemoveInvalidContainer
--- PASS: TestRemoveInvalidContainer (0.01s)
=== RUN   TestRenameLinkedContainer
--- PASS: TestRenameLinkedContainer (3.57s)
=== RUN   TestRenameStoppedContainer
--- PASS: TestRenameStoppedContainer (0.93s)
=== RUN   TestRenameRunningContainerAndReuse
--- PASS: TestRenameRunningContainerAndReuse (1.68s)
=== RUN   TestRenameInvalidName
--- PASS: TestRenameInvalidName (0.89s)
=== RUN   TestRenameAnonymousContainer
--- PASS: TestRenameAnonymousContainer (2.87s)
=== RUN   TestRenameContainerWithSameName
--- PASS: TestRenameContainerWithSameName (0.83s)
=== RUN   TestRenameContainerWithLinkedContainer
--- PASS: TestRenameContainerWithLinkedContainer (1.77s)
=== RUN   TestResize
--- PASS: TestResize (0.98s)
=== RUN   TestResizeWithInvalidSize
--- PASS: TestResizeWithInvalidSize (0.95s)
=== RUN   TestResizeWhenContainerNotStarted
--- PASS: TestResizeWhenContainerNotStarted (0.93s)
=== RUN   TestDaemonRestartKillContainers
=== RUN   TestDaemonRestartKillContainers/live-restore=false/container_without_restart_policy/kill-daemon
=== PAUSE TestDaemonRestartKillContainers/live-restore=false/container_without_restart_policy/kill-daemon
=== RUN   TestDaemonRestartKillContainers/live-restore=false/container_without_restart_policy/stop-daemon
=== PAUSE TestDaemonRestartKillContainers/live-restore=false/container_without_restart_policy/stop-daemon
=== RUN   TestDaemonRestartKillContainers/live-restore=true/container_without_restart_policy/kill-daemon
=== PAUSE TestDaemonRestartKillContainers/live-restore=true/container_without_restart_policy/kill-daemon
=== RUN   TestDaemonRestartKillContainers/live-restore=true/container_without_restart_policy/stop-daemon
=== PAUSE TestDaemonRestartKillContainers/live-restore=true/container_without_restart_policy/stop-daemon
=== RUN   TestDaemonRestartKillContainers/live-restore=false/container_with_restart=always/kill-daemon
=== PAUSE TestDaemonRestartKillContainers/live-restore=false/container_with_restart=always/kill-daemon
=== RUN   TestDaemonRestartKillContainers/live-restore=false/container_with_restart=always/stop-daemon
=== PAUSE TestDaemonRestartKillContainers/live-restore=false/container_with_restart=always/stop-daemon
=== RUN   TestDaemonRestartKillContainers/live-restore=true/container_with_restart=always/kill-daemon
=== PAUSE TestDaemonRestartKillContainers/live-restore=true/container_with_restart=always/kill-daemon
=== RUN   TestDaemonRestartKillContainers/live-restore=true/container_with_restart=always/stop-daemon
=== PAUSE TestDaemonRestartKillContainers/live-restore=true/container_with_restart=always/stop-daemon
=== RUN   TestDaemonRestartKillContainers/live-restore=false/container_created_should_not_be_restarted/kill-daemon
=== PAUSE TestDaemonRestartKillContainers/live-restore=false/container_created_should_not_be_restarted/kill-daemon
=== RUN   TestDaemonRestartKillContainers/live-restore=false/container_created_should_not_be_restarted/stop-daemon
=== PAUSE TestDaemonRestartKillContainers/live-restore=false/container_created_should_not_be_restarted/stop-daemon
=== RUN   TestDaemonRestartKillContainers/live-restore=true/container_created_should_not_be_restarted/kill-daemon
=== PAUSE TestDaemonRestartKillContainers/live-restore=true/container_created_should_not_be_restarted/kill-daemon
=== RUN   TestDaemonRestartKillContainers/live-restore=true/container_created_should_not_be_restarted/stop-daemon
=== PAUSE TestDaemonRestartKillContainers/live-restore=true/container_created_should_not_be_restarted/stop-daemon
=== CONT  TestDaemonRestartKillContainers/live-restore=false/container_without_restart_policy/kill-daemon
=== CONT  TestDaemonRestartKillContainers/live-restore=true/container_with_restart=always/kill-daemon
=== CONT  TestDaemonRestartKillContainers/live-restore=true/container_created_should_not_be_restarted/stop-daemon
=== CONT  TestDaemonRestartKillContainers/live-restore=true/container_created_should_not_be_restarted/kill-daemon
=== CONT  TestDaemonRestartKillContainers/live-restore=false/container_created_should_not_be_restarted/stop-daemon
=== CONT  TestDaemonRestartKillContainers/live-restore=false/container_created_should_not_be_restarted/kill-daemon
=== CONT  TestDaemonRestartKillContainers/live-restore=true/container_with_restart=always/stop-daemon
=== CONT  TestDaemonRestartKillContainers/live-restore=true/container_without_restart_policy/stop-daemon
=== CONT  TestDaemonRestartKillContainers/live-restore=false/container_with_restart=always/stop-daemon
=== CONT  TestDaemonRestartKillContainers/live-restore=false/container_with_restart=always/kill-daemon
=== CONT  TestDaemonRestartKillContainers/live-restore=true/container_without_restart_policy/kill-daemon
=== CONT  TestDaemonRestartKillContainers/live-restore=false/container_without_restart_policy/stop-daemon
--- PASS: TestDaemonRestartKillContainers (0.01s)
    --- PASS: TestDaemonRestartKillContainers/live-restore=true/container_with_restart=always/kill-daemon (2.36s)
        daemon.go:296: [de5e767332c5b] waiting for daemon to start
        daemon.go:328: [de5e767332c5b] daemon started
        daemon.go:296: [de5e767332c5b] waiting for daemon to start
        daemon.go:328: [de5e767332c5b] daemon started
        daemon.go:283: [de5e767332c5b] exiting daemon
    --- PASS: TestDaemonRestartKillContainers/live-restore=false/container_without_restart_policy/kill-daemon (2.62s)
        daemon.go:296: [d717f9fd6dd96] waiting for daemon to start
        daemon.go:328: [d717f9fd6dd96] daemon started
        daemon.go:296: [d717f9fd6dd96] waiting for daemon to start
        daemon.go:328: [d717f9fd6dd96] daemon started
        daemon.go:283: [d717f9fd6dd96] exiting daemon
    --- PASS: TestDaemonRestartKillContainers/live-restore=true/container_created_should_not_be_restarted/stop-daemon (1.42s)
        daemon.go:296: [dd24b6020b50a] waiting for daemon to start
        daemon.go:328: [dd24b6020b50a] daemon started
        daemon.go:283: [dd24b6020b50a] exiting daemon
        daemon.go:296: [dd24b6020b50a] waiting for daemon to start
        daemon.go:328: [dd24b6020b50a] daemon started
        daemon.go:283: [dd24b6020b50a] exiting daemon
    --- PASS: TestDaemonRestartKillContainers/live-restore=true/container_created_should_not_be_restarted/kill-daemon (1.43s)
        daemon.go:296: [dc2d4d05dbb46] waiting for daemon to start
        daemon.go:328: [dc2d4d05dbb46] daemon started
        daemon.go:296: [dc2d4d05dbb46] waiting for daemon to start
        daemon.go:328: [dc2d4d05dbb46] daemon started
        daemon.go:283: [dc2d4d05dbb46] exiting daemon
    --- PASS: TestDaemonRestartKillContainers/live-restore=false/container_created_should_not_be_restarted/stop-daemon (1.41s)
        daemon.go:296: [dd38f020752b8] waiting for daemon to start
        daemon.go:328: [dd38f020752b8] daemon started
        daemon.go:283: [dd38f020752b8] exiting daemon
        daemon.go:296: [dd38f020752b8] waiting for daemon to start
        daemon.go:328: [dd38f020752b8] daemon started
        daemon.go:283: [dd38f020752b8] exiting daemon
    --- PASS: TestDaemonRestartKillContainers/live-restore=false/container_created_should_not_be_restarted/kill-daemon (1.40s)
        daemon.go:296: [d7ce5ac225ae9] waiting for daemon to start
        daemon.go:328: [d7ce5ac225ae9] daemon started
        daemon.go:296: [d7ce5ac225ae9] waiting for daemon to start
        daemon.go:328: [d7ce5ac225ae9] daemon started
        daemon.go:283: [d7ce5ac225ae9] exiting daemon
    --- PASS: TestDaemonRestartKillContainers/live-restore=true/container_with_restart=always/stop-daemon (2.26s)
        daemon.go:296: [d315ae6b3fa2c] waiting for daemon to start
        daemon.go:328: [d315ae6b3fa2c] daemon started
        daemon.go:283: [d315ae6b3fa2c] exiting daemon
        daemon.go:296: [d315ae6b3fa2c] waiting for daemon to start
        daemon.go:328: [d315ae6b3fa2c] daemon started
        daemon.go:283: [d315ae6b3fa2c] exiting daemon
    --- PASS: TestDaemonRestartKillContainers/live-restore=true/container_without_restart_policy/stop-daemon (2.28s)
        daemon.go:296: [d963a6e89d783] waiting for daemon to start
        daemon.go:328: [d963a6e89d783] daemon started
        daemon.go:283: [d963a6e89d783] exiting daemon
        daemon.go:296: [d963a6e89d783] waiting for daemon to start
        daemon.go:328: [d963a6e89d783] daemon started
        daemon.go:283: [d963a6e89d783] exiting daemon
    --- PASS: TestDaemonRestartKillContainers/live-restore=false/container_with_restart=always/stop-daemon (2.77s)
        daemon.go:296: [d8f1af751cd3a] waiting for daemon to start
        daemon.go:328: [d8f1af751cd3a] daemon started
        daemon.go:283: [d8f1af751cd3a] exiting daemon
        daemon.go:296: [d8f1af751cd3a] waiting for daemon to start
        daemon.go:328: [d8f1af751cd3a] daemon started
        daemon.go:283: [d8f1af751cd3a] exiting daemon
    --- PASS: TestDaemonRestartKillContainers/live-restore=false/container_with_restart=always/kill-daemon (3.01s)
        daemon.go:296: [d22af24d06b5a] waiting for daemon to start
        daemon.go:328: [d22af24d06b5a] daemon started
        daemon.go:296: [d22af24d06b5a] waiting for daemon to start
        daemon.go:328: [d22af24d06b5a] daemon started
        daemon.go:283: [d22af24d06b5a] exiting daemon
    --- PASS: TestDaemonRestartKillContainers/live-restore=true/container_without_restart_policy/kill-daemon (2.34s)
        daemon.go:296: [d1fc8d0f71d7c] waiting for daemon to start
        daemon.go:328: [d1fc8d0f71d7c] daemon started
        daemon.go:296: [d1fc8d0f71d7c] waiting for daemon to start
        daemon.go:328: [d1fc8d0f71d7c] daemon started
        daemon.go:283: [d1fc8d0f71d7c] exiting daemon
    --- PASS: TestDaemonRestartKillContainers/live-restore=false/container_without_restart_policy/stop-daemon (2.36s)
        daemon.go:296: [da821a7beece7] waiting for daemon to start
        daemon.go:328: [da821a7beece7] daemon started
        daemon.go:283: [da821a7beece7] exiting daemon
        daemon.go:296: [da821a7beece7] waiting for daemon to start
        daemon.go:328: [da821a7beece7] daemon started
        daemon.go:283: [da821a7beece7] exiting daemon
=== RUN   TestKernelTCPMemory
--- PASS: TestKernelTCPMemory (0.84s)
=== RUN   TestNISDomainname
--- PASS: TestNISDomainname (1.09s)
=== RUN   TestStats
--- PASS: TestStats (2.71s)
=== RUN   TestStopContainerWithTimeout
=== RUN   TestStopContainerWithTimeout/0
=== PAUSE TestStopContainerWithTimeout/0
=== RUN   TestStopContainerWithTimeout/1
=== PAUSE TestStopContainerWithTimeout/1
=== RUN   TestStopContainerWithTimeout/3
=== PAUSE TestStopContainerWithTimeout/3
=== RUN   TestStopContainerWithTimeout/-1
=== PAUSE TestStopContainerWithTimeout/-1
=== CONT  TestStopContainerWithTimeout/0
=== CONT  TestStopContainerWithTimeout/-1
=== CONT  TestStopContainerWithTimeout/3
=== CONT  TestStopContainerWithTimeout/1
--- PASS: TestStopContainerWithTimeout (0.02s)
    --- PASS: TestStopContainerWithTimeout/0 (0.98s)
    --- PASS: TestStopContainerWithTimeout/-1 (2.87s)
    --- PASS: TestStopContainerWithTimeout/3 (2.92s)
    --- PASS: TestStopContainerWithTimeout/1 (1.96s)
=== RUN   TestDeleteDevicemapper
--- SKIP: TestDeleteDevicemapper (0.00s)
    stop_linux_test.go:74: testEnv.DaemonInfo.Driver != "devicemapper"
=== RUN   TestStopContainerWithRestartPolicyAlways
--- PASS: TestStopContainerWithRestartPolicyAlways (3.15s)
=== RUN   TestUpdateMemory
--- SKIP: TestUpdateMemory (0.00s)
    update_linux_test.go:21: !testEnv.DaemonInfo.SwapLimit
=== RUN   TestUpdateCPUQuota
--- PASS: TestUpdateCPUQuota (1.25s)
=== RUN   TestUpdateRestartPolicy
--- PASS: TestUpdateRestartPolicy (12.86s)
=== RUN   TestUpdateRestartWithAutoRemove
--- PASS: TestUpdateRestartWithAutoRemove (0.84s)
=== RUN   TestWaitNonBlocked
=== RUN   TestWaitNonBlocked/wait-nonblocking-exit-0
=== PAUSE TestWaitNonBlocked/wait-nonblocking-exit-0
=== RUN   TestWaitNonBlocked/wait-nonblocking-exit-random
=== PAUSE TestWaitNonBlocked/wait-nonblocking-exit-random
=== CONT  TestWaitNonBlocked/wait-nonblocking-exit-0
=== CONT  TestWaitNonBlocked/wait-nonblocking-exit-random
--- PASS: TestWaitNonBlocked (0.01s)
    --- PASS: TestWaitNonBlocked/wait-nonblocking-exit-random (1.02s)
    --- PASS: TestWaitNonBlocked/wait-nonblocking-exit-0 (1.08s)
=== RUN   TestWaitBlocked
=== RUN   TestWaitBlocked/test-wait-blocked-exit-zero
=== PAUSE TestWaitBlocked/test-wait-blocked-exit-zero
=== RUN   TestWaitBlocked/test-wait-blocked-exit-random
=== PAUSE TestWaitBlocked/test-wait-blocked-exit-random
=== CONT  TestWaitBlocked/test-wait-blocked-exit-zero
=== CONT  TestWaitBlocked/test-wait-blocked-exit-random
--- PASS: TestWaitBlocked (0.01s)
    --- PASS: TestWaitBlocked/test-wait-blocked-exit-random (0.95s)
    --- PASS: TestWaitBlocked/test-wait-blocked-exit-zero (1.02s)
=== CONT  TestContainerStartOnDaemonRestart
--- PASS: TestContainerStartOnDaemonRestart (2.90s)
    daemon.go:296: [d6509f07bbf93] waiting for daemon to start
    daemon.go:328: [d6509f07bbf93] daemon started
    daemon.go:296: [d6509f07bbf93] waiting for daemon to start
    daemon.go:328: [d6509f07bbf93] daemon started
    daemon.go:283: [d6509f07bbf93] exiting daemon
PASS
Running /go/src/github.com/docker/docker/integration/system
INFO: Testing against a local daemon
=== RUN   TestCgroupDriverSystemdMemoryLimit
=== PAUSE TestCgroupDriverSystemdMemoryLimit
=== RUN   TestEventsExecDie
--- PASS: TestEventsExecDie (0.90s)
=== RUN   TestEventsBackwardsCompatible
--- PASS: TestEventsBackwardsCompatible (0.06s)
=== RUN   TestInfoBinaryCommits
--- PASS: TestInfoBinaryCommits (0.02s)
=== RUN   TestInfoAPIVersioned
--- PASS: TestInfoAPIVersioned (0.02s)
=== RUN   TestInfoAPI
--- PASS: TestInfoAPI (0.02s)
=== RUN   TestInfoAPIWarnings
--- PASS: TestInfoAPIWarnings (0.84s)
    daemon.go:296: [d4d5832019f95] waiting for daemon to start
    daemon.go:328: [d4d5832019f95] daemon started
    daemon.go:283: [d4d5832019f95] exiting daemon
=== RUN   TestLoginFailsWithBadCredentials
--- PASS: TestLoginFailsWithBadCredentials (0.42s)
=== RUN   TestVersion
--- PASS: TestVersion (0.01s)
=== CONT  TestCgroupDriverSystemdMemoryLimit
--- SKIP: TestCgroupDriverSystemdMemoryLimit (0.00s)
    cgroupdriver_systemd_test.go:35: systemd not available
PASS
Running /go/src/github.com/docker/docker/integration/volume
INFO: Testing against a local daemon
=== RUN   TestVolumesCreateAndList
--- PASS: TestVolumesCreateAndList (0.03s)
=== RUN   TestVolumesRemove
--- PASS: TestVolumesRemove (0.06s)
=== RUN   TestVolumesInspect
--- PASS: TestVolumesInspect (0.01s)
=== RUN   TestVolumesInvalidJSON
=== RUN   TestVolumesInvalidJSON//volumes/create
=== PAUSE TestVolumesInvalidJSON//volumes/create
=== CONT  TestVolumesInvalidJSON//volumes/create
--- PASS: TestVolumesInvalidJSON (0.01s)
    --- PASS: TestVolumesInvalidJSON//volumes/create (0.00s)
PASS
Running /go/src/github.com/docker/docker/integration/build
INFO: Testing against a local daemon
=== RUN   TestBuildWithSession
--- PASS: TestBuildWithSession (4.69s)
    daemon.go:296: [d249aa59f67a5] waiting for daemon to start
    daemon.go:328: [d249aa59f67a5] daemon started
    daemon.go:283: [d249aa59f67a5] exiting daemon
=== RUN   TestBuildSquashParent
--- SKIP: TestBuildSquashParent (0.00s)
    build_squash_test.go:23: !testEnv.DaemonInfo.ExperimentalBuild
=== RUN   TestBuildWithRemoveAndForceRemove
=== RUN   TestBuildWithRemoveAndForceRemove/successful_build_with_no_removal
=== PAUSE TestBuildWithRemoveAndForceRemove/successful_build_with_no_removal
=== RUN   TestBuildWithRemoveAndForceRemove/successful_build_with_remove
=== PAUSE TestBuildWithRemoveAndForceRemove/successful_build_with_remove
=== RUN   TestBuildWithRemoveAndForceRemove/successful_build_with_remove_and_force_remove
=== PAUSE TestBuildWithRemoveAndForceRemove/successful_build_with_remove_and_force_remove
=== RUN   TestBuildWithRemoveAndForceRemove/failed_build_with_no_removal
=== PAUSE TestBuildWithRemoveAndForceRemove/failed_build_with_no_removal
=== RUN   TestBuildWithRemoveAndForceRemove/failed_build_with_remove
=== PAUSE TestBuildWithRemoveAndForceRemove/failed_build_with_remove
=== RUN   TestBuildWithRemoveAndForceRemove/failed_build_with_remove_and_force_remove
=== PAUSE TestBuildWithRemoveAndForceRemove/failed_build_with_remove_and_force_remove
=== CONT  TestBuildWithRemoveAndForceRemove/successful_build_with_no_removal
=== CONT  TestBuildWithRemoveAndForceRemove/failed_build_with_remove_and_force_remove
=== CONT  TestBuildWithRemoveAndForceRemove/failed_build_with_remove
=== CONT  TestBuildWithRemoveAndForceRemove/failed_build_with_no_removal
=== CONT  TestBuildWithRemoveAndForceRemove/successful_build_with_remove_and_force_remove
=== CONT  TestBuildWithRemoveAndForceRemove/successful_build_with_remove
--- PASS: TestBuildWithRemoveAndForceRemove (0.01s)
    --- PASS: TestBuildWithRemoveAndForceRemove/successful_build_with_no_removal (2.43s)
    --- PASS: TestBuildWithRemoveAndForceRemove/failed_build_with_remove_and_force_remove (2.48s)
    --- PASS: TestBuildWithRemoveAndForceRemove/failed_build_with_remove (2.98s)
    --- PASS: TestBuildWithRemoveAndForceRemove/failed_build_with_no_removal (3.00s)
    --- PASS: TestBuildWithRemoveAndForceRemove/successful_build_with_remove (3.03s)
    --- PASS: TestBuildWithRemoveAndForceRemove/successful_build_with_remove_and_force_remove (3.17s)
=== RUN   TestBuildMultiStageParentConfig
--- PASS: TestBuildMultiStageParentConfig (34.99s)
    build_test.go:175: [{-1 1546711537 sha256:839cedea083b09936bb67ed7e24c2c7da1ad578602fb1dccb747fc9f00b0ff1e map[] sha256:5e314aa8310e7c1c5526f41120f7ac48e990f0f1b8ce031dcddd6803235ed633 [] [build1:latest] -1 4459754 4459754} {-1 1546711536 sha256:a2a0cd92a2cb3ce16ee88f96d55ee211571f7cf0e0f52687eb27f96e20a9de7d map[] sha256:3ac97d739e48d6614ae871a890fffc13868290fa8caede6975468138725dfc22 [<none>@<none>] [<none>:<none>] -1 4459754 4459754} {-1 1546711531 sha256:f7877701f1f3146b8393962777e26b6071571e2d2d361cfef8d6af966c22cb1e map[] sha256:36e9590454976dc0eb44c15bc80fe4fbd52aaa91df37ec76cd3ed245e1a12829 [<none>@<none>] [<none>:<none>] -1 4459754 4459754} {-1 1546711531 sha256:81264214a646f155ca81e06e10714b80a7d1db57621f1e9563fe987b9da7fbbb map[] sha256:36e9590454976dc0eb44c15bc80fe4fbd52aaa91df37ec76cd3ed245e1a12829 [<none>@<none>] [<none>:<none>] -1 4459754 4459754} {-1 1546711528 sha256:d4fb537e46c306f887828e5ff69f91aed204be5810a8c7f2ac31afa17dc0ec25 map[] sha256:36e9590454976dc0eb44c15bc80fe4fbd52aaa91df37ec76cd3ed245e1a12829 [<none>@<none>] [<none>:<none>] -1 4459754 4459754} {-1 1546711528 sha256:6cb5dc8f5738489f996d741018ee9fc7a1e10903c553c6609fb93f1aaef5e52c map[] sha256:36e9590454976dc0eb44c15bc80fe4fbd52aaa91df37ec76cd3ed245e1a12829 [<none>@<none>] [<none>:<none>] -1 4459754 4459754} {-1 1546711525 sha256:f569dd31484a1564e69b40e4976b7f150f41870168d928d3a981627b2419bae7 map[] sha256:36e9590454976dc0eb44c15bc80fe4fbd52aaa91df37ec76cd3ed245e1a12829 [<none>@<none>] [<none>:<none>] -1 4459754 4459754} {-1 1546711525 sha256:b7f755fa805b385b9f7926424956d3db6ae73275282de1f58a5829a86827b23a map[] sha256:36e9590454976dc0eb44c15bc80fe4fbd52aaa91df37ec76cd3ed245e1a12829 [<none>@<none>] [<none>:<none>] -1 4459754 4459754} {-1 1546711523 sha256:7776ad5ac4f34afa3259cd2dd4a06975caaa112a64142163c6bfc9f118a34a6d map[] sha256:9e2493e87b8bc6e332ca90aacbd3cd1d27b17c00cc1f8bd9fbcdddb974ef2acf [<none>@<none>] [<none>:<none>] -1 4459780 4459780} {-1 1516785504 sha256:1e1e09d79a9fd4fa5faae6a9f150ecfe3e403a3efdfb78666c67227e656988b2 map[]  [] [busybox:glibc] -1 4476202 4476202} {-1 1511271291 sha256:3ab301db05ea4e52e26aadb6daabc1222e58c0be7cfa2b8945443d801b6b9585 map[]  [] [hello-world:frozen] -1 1976 1976} {-1 1509640958 sha256:9b0236353396efce03211408c208e6f90f31e7636682fa01f5eb4e38bbf571d6 map[]  [] [buildpack-deps:jessie] -1 595217275 595217275} {-1 1509610708 sha256:36e9590454976dc0eb44c15bc80fe4fbd52aaa91df37ec76cd3ed245e1a12829 map[]  [] [busybox:latest] -1 4459754 4459754} {-1 1507585344 sha256:de6513af1fcb9db380e4954f276ea347858dcb7bff0299953aa25c4abd54bc0b map[]  [] [debian:jessie] -1 129082379 129082379} {-1 1371157430 sha256:11f64303f0f7ffdc71f001788132bca5346831939a956e3e975c93267d89a16d map[]  [] [emptyfs:latest] -1 0 0}]
=== RUN   TestBuildLabelWithTargets
--- PASS: TestBuildLabelWithTargets (8.00s)
=== RUN   TestBuildWithEmptyLayers
--- PASS: TestBuildWithEmptyLayers (3.00s)
=== RUN   TestBuildMultiStageOnBuild
--- PASS: TestBuildMultiStageOnBuild (5.03s)
=== RUN   TestBuildUncleanTarFilenames
--- PASS: TestBuildUncleanTarFilenames (1.15s)
=== RUN   TestBuildMultiStageLayerLeak
--- PASS: TestBuildMultiStageLayerLeak (4.85s)
=== RUN   TestBuildWithHugeFile
--- PASS: TestBuildWithHugeFile (25.43s)
PASS
Running /go/src/github.com/docker/docker/integration/network
INFO: Testing against a local daemon
=== RUN   TestNetworkCreateDelete
--- PASS: TestNetworkCreateDelete (0.21s)
=== RUN   TestDockerNetworkDeletePreferID
--- PASS: TestDockerNetworkDeletePreferID (0.52s)
=== RUN   TestInspectNetwork
--- PASS: TestInspectNetwork (27.11s)
    daemon.go:296: [d8834a67cc1e6] waiting for daemon to start
    daemon.go:328: [d8834a67cc1e6] daemon started
    daemon.go:283: [d8834a67cc1e6] exiting daemon
=== RUN   TestRunContainerWithBridgeNone
--- PASS: TestRunContainerWithBridgeNone (2.36s)
    daemon.go:296: [dd9fca543c4a6] waiting for daemon to start
    daemon.go:328: [dd9fca543c4a6] daemon started
    daemon.go:283: [dd9fca543c4a6] exiting daemon
=== RUN   TestNetworkInvalidJSON
=== RUN   TestNetworkInvalidJSON//networks/create
=== PAUSE TestNetworkInvalidJSON//networks/create
=== RUN   TestNetworkInvalidJSON//networks/bridge/connect
=== PAUSE TestNetworkInvalidJSON//networks/bridge/connect
=== RUN   TestNetworkInvalidJSON//networks/bridge/disconnect
=== PAUSE TestNetworkInvalidJSON//networks/bridge/disconnect
=== CONT  TestNetworkInvalidJSON//networks/create
=== CONT  TestNetworkInvalidJSON//networks/bridge/disconnect
=== CONT  TestNetworkInvalidJSON//networks/bridge/connect
--- PASS: TestNetworkInvalidJSON (0.01s)
    --- PASS: TestNetworkInvalidJSON//networks/bridge/disconnect (0.00s)
    --- PASS: TestNetworkInvalidJSON//networks/create (0.00s)
    --- PASS: TestNetworkInvalidJSON//networks/bridge/connect (0.00s)
=== RUN   TestDaemonRestartWithLiveRestore
--- PASS: TestDaemonRestartWithLiveRestore (1.03s)
    daemon.go:296: [d8a43e0ac3833] waiting for daemon to start
    daemon.go:328: [d8a43e0ac3833] daemon started
    daemon.go:283: [d8a43e0ac3833] exiting daemon
    daemon.go:296: [d8a43e0ac3833] waiting for daemon to start
    daemon.go:328: [d8a43e0ac3833] daemon started
    daemon.go:283: [d8a43e0ac3833] exiting daemon
=== RUN   TestDaemonDefaultNetworkPools
--- PASS: TestDaemonDefaultNetworkPools (0.82s)
    daemon.go:296: [db66baba460df] waiting for daemon to start
    daemon.go:328: [db66baba460df] daemon started
    daemon.go:283: [db66baba460df] exiting daemon
=== RUN   TestDaemonRestartWithExistingNetwork
--- PASS: TestDaemonRestartWithExistingNetwork (1.17s)
    daemon.go:296: [dcf8c017b2817] waiting for daemon to start
    daemon.go:328: [dcf8c017b2817] daemon started
    daemon.go:283: [dcf8c017b2817] exiting daemon
    daemon.go:296: [dcf8c017b2817] waiting for daemon to start
    daemon.go:328: [dcf8c017b2817] daemon started
    daemon.go:283: [dcf8c017b2817] exiting daemon
=== RUN   TestDaemonRestartWithExistingNetworkWithDefaultPoolRange
--- PASS: TestDaemonRestartWithExistingNetworkWithDefaultPoolRange (1.27s)
    daemon.go:296: [da32eb02c19eb] waiting for daemon to start
    daemon.go:328: [da32eb02c19eb] daemon started
    daemon.go:283: [da32eb02c19eb] exiting daemon
    daemon.go:296: [da32eb02c19eb] waiting for daemon to start
    daemon.go:328: [da32eb02c19eb] daemon started
    daemon.go:283: [da32eb02c19eb] exiting daemon
=== RUN   TestDaemonWithBipAndDefaultNetworkPool
--- PASS: TestDaemonWithBipAndDefaultNetworkPool (0.60s)
    daemon.go:296: [df96b22026094] waiting for daemon to start
    daemon.go:328: [df96b22026094] daemon started
    daemon.go:283: [df96b22026094] exiting daemon
=== RUN   TestServiceWithPredefinedNetwork
--- PASS: TestServiceWithPredefinedNetwork (2.89s)
    daemon.go:296: [d310ae3d8b71f] waiting for daemon to start
    daemon.go:328: [d310ae3d8b71f] daemon started
    daemon.go:283: [d310ae3d8b71f] exiting daemon
=== RUN   TestServiceRemoveKeepsIngressNetwork
--- PASS: TestServiceRemoveKeepsIngressNetwork (12.81s)
    daemon.go:296: [da1787385d548] waiting for daemon to start
    daemon.go:328: [da1787385d548] daemon started
    daemon.go:283: [da1787385d548] exiting daemon
=== RUN   TestServiceWithDataPathPortInit
--- PASS: TestServiceWithDataPathPortInit (5.84s)
    daemon.go:296: [d375cda9bdf3f] waiting for daemon to start
    daemon.go:328: [d375cda9bdf3f] daemon started
    daemon.go:283: [d375cda9bdf3f] exiting daemon
    daemon.go:296: [d2ac10a3b8f5e] waiting for daemon to start
    daemon.go:328: [d2ac10a3b8f5e] daemon started
    daemon.go:283: [d2ac10a3b8f5e] exiting daemon
=== RUN   TestServiceWithDefaultAddressPoolInit
--- PASS: TestServiceWithDefaultAddressPoolInit (5.79s)
    daemon.go:296: [dc32e3507c209] waiting for daemon to start
    daemon.go:328: [dc32e3507c209] daemon started
    service_test.go:420: TestServiceWithDefaultAddressPoolInit: NetworkInspect: {Name:saanvisthiraTestServiceWithDefaultAddressPoolInit ID:30spvdunhjpz0duo53cacpmol Created:2019-01-05 18:07:53.876739476 +0000 UTC Scope:swarm Driver:overlay EnableIPv6:false IPAM:{Driver:default Options:map[] Config:[{Subnet:20.20.0.0/24 IPRange: Gateway:20.20.0.1 AuxAddress:map[]}]} Internal:false Attachable:false Ingress:false ConfigFrom:{Network:} ConfigOnly:false Containers:map[] Options:map[com.docker.network.driver.overlay.vxlanid_list:4097] Labels:map[] Peers:[] Services:map[]}
    daemon.go:283: [dc32e3507c209] exiting daemon
    daemon.go:296: [ddbb0a6f4ecb0] waiting for daemon to start
    daemon.go:328: [ddbb0a6f4ecb0] daemon started
    daemon.go:283: [ddbb0a6f4ecb0] exiting daemon
PASS
Running /go/src/github.com/docker/docker/integration/network/ipvlan
INFO: Testing against a local daemon
=== RUN   TestDockerNetworkIpvlanPersistance
--- PASS: TestDockerNetworkIpvlanPersistance (1.40s)
    daemon.go:296: [d2c127239eeea] waiting for daemon to start
    daemon.go:328: [d2c127239eeea] daemon started
    daemon.go:283: [d2c127239eeea] exiting daemon
    daemon.go:296: [d2c127239eeea] waiting for daemon to start
    daemon.go:328: [d2c127239eeea] daemon started
    daemon.go:283: [d2c127239eeea] exiting daemon
=== RUN   TestDockerNetworkIpvlan
=== RUN   TestDockerNetworkIpvlan/Subinterface
=== RUN   TestDockerNetworkIpvlan/OverlapParent
=== RUN   TestDockerNetworkIpvlan/L2NilParent
=== RUN   TestDockerNetworkIpvlan/L2InternalMode
=== RUN   TestDockerNetworkIpvlan/L3NilParent
=== RUN   TestDockerNetworkIpvlan/L3InternalMode
=== RUN   TestDockerNetworkIpvlan/L2MultiSubnet
=== RUN   TestDockerNetworkIpvlan/L3MultiSubnet
=== RUN   TestDockerNetworkIpvlan/Addressing
--- PASS: TestDockerNetworkIpvlan (114.17s)
    daemon.go:296: [d63d7090e6564] waiting for daemon to start
    daemon.go:328: [d63d7090e6564] daemon started
    --- PASS: TestDockerNetworkIpvlan/Subinterface (0.11s)
    daemon.go:283: [d63d7090e6564] exiting daemon
    daemon.go:296: [dc289bf85871b] waiting for daemon to start
    daemon.go:328: [dc289bf85871b] daemon started
    --- PASS: TestDockerNetworkIpvlan/OverlapParent (0.09s)
    daemon.go:283: [dc289bf85871b] exiting daemon
    daemon.go:296: [de54f458d2366] waiting for daemon to start
    daemon.go:328: [de54f458d2366] daemon started
    --- PASS: TestDockerNetworkIpvlan/L2NilParent (1.26s)
    daemon.go:283: [de54f458d2366] exiting daemon
    daemon.go:296: [da883863ad703] waiting for daemon to start
    daemon.go:328: [da883863ad703] daemon started
    --- PASS: TestDockerNetworkIpvlan/L2InternalMode (2.10s)
    daemon.go:283: [da883863ad703] exiting daemon
    daemon.go:296: [dc2091cf009c7] waiting for daemon to start
    daemon.go:328: [dc2091cf009c7] daemon started
    --- PASS: TestDockerNetworkIpvlan/L3NilParent (16.07s)
    daemon.go:283: [dc2091cf009c7] exiting daemon
    daemon.go:296: [d6c1e90f37d1f] waiting for daemon to start
    daemon.go:328: [d6c1e90f37d1f] daemon started
    --- PASS: TestDockerNetworkIpvlan/L3InternalMode (17.15s)
    daemon.go:283: [d6c1e90f37d1f] exiting daemon
    daemon.go:296: [ddae426f4ce9c] waiting for daemon to start
    daemon.go:328: [ddae426f4ce9c] daemon started
    --- PASS: TestDockerNetworkIpvlan/L2MultiSubnet (17.54s)
    daemon.go:283: [ddae426f4ce9c] exiting daemon
    daemon.go:296: [d0d8bca10d5fe] waiting for daemon to start
    daemon.go:328: [d0d8bca10d5fe] daemon started
    --- PASS: TestDockerNetworkIpvlan/L3MultiSubnet (17.68s)
    daemon.go:283: [d0d8bca10d5fe] exiting daemon
    daemon.go:296: [d23969fefbe96] waiting for daemon to start
    daemon.go:328: [d23969fefbe96] daemon started
    --- PASS: TestDockerNetworkIpvlan/Addressing (31.50s)
    daemon.go:283: [d23969fefbe96] exiting daemon
PASS
Running /go/src/github.com/docker/docker/integration/network/macvlan
INFO: Testing against a local daemon
=== RUN   TestDockerNetworkMacvlanPersistance
--- PASS: TestDockerNetworkMacvlanPersistance (1.37s)
    daemon.go:296: [d3c9f8da65543] waiting for daemon to start
    daemon.go:328: [d3c9f8da65543] daemon started
    daemon.go:283: [d3c9f8da65543] exiting daemon
    daemon.go:296: [d3c9f8da65543] waiting for daemon to start
    daemon.go:328: [d3c9f8da65543] daemon started
    daemon.go:283: [d3c9f8da65543] exiting daemon
=== RUN   TestDockerNetworkMacvlan
=== RUN   TestDockerNetworkMacvlan/Subinterface
=== RUN   TestDockerNetworkMacvlan/OverlapParent
=== RUN   TestDockerNetworkMacvlan/NilParent
=== RUN   TestDockerNetworkMacvlan/InternalMode
=== RUN   TestDockerNetworkMacvlan/Addressing
--- PASS: TestDockerNetworkMacvlan (24.39s)
    daemon.go:296: [d8b2b27982e8f] waiting for daemon to start
    daemon.go:328: [d8b2b27982e8f] daemon started
    --- PASS: TestDockerNetworkMacvlan/Subinterface (0.09s)
    daemon.go:283: [d8b2b27982e8f] exiting daemon
    daemon.go:296: [df3b58b5202bd] waiting for daemon to start
    daemon.go:328: [df3b58b5202bd] daemon started
    --- PASS: TestDockerNetworkMacvlan/OverlapParent (0.10s)
    daemon.go:283: [df3b58b5202bd] exiting daemon
    daemon.go:296: [d1607e55bbd9e] waiting for daemon to start
    daemon.go:328: [d1607e55bbd9e] daemon started
    --- PASS: TestDockerNetworkMacvlan/NilParent (1.13s)
    daemon.go:283: [d1607e55bbd9e] exiting daemon
    daemon.go:296: [de7acba4266ca] waiting for daemon to start
    daemon.go:328: [de7acba4266ca] daemon started
    --- PASS: TestDockerNetworkMacvlan/InternalMode (2.07s)
    daemon.go:283: [de7acba4266ca] exiting daemon
    daemon.go:296: [de0976fe316ab] waiting for daemon to start
    daemon.go:328: [de0976fe316ab] daemon started
    --- PASS: TestDockerNetworkMacvlan/Addressing (15.80s)
    daemon.go:283: [de0976fe316ab] exiting daemon
PASS
Running /go/src/github.com/docker/docker/integration/service
INFO: Testing against a local daemon
=== RUN   TestServiceCreateInit
=== RUN   TestServiceCreateInit/daemonInitDisabled
=== RUN   TestServiceCreateInit/daemonInitEnabled
--- PASS: TestServiceCreateInit (9.41s)
    --- PASS: TestServiceCreateInit/daemonInitDisabled (4.98s)
        daemon.go:296: [da45be291967b] waiting for daemon to start
        daemon.go:328: [da45be291967b] daemon started
        daemon.go:283: [da45be291967b] exiting daemon
    --- PASS: TestServiceCreateInit/daemonInitEnabled (4.41s)
        daemon.go:296: [d45405e5e69a0] waiting for daemon to start
        daemon.go:328: [d45405e5e69a0] daemon started
        daemon.go:283: [d45405e5e69a0] exiting daemon
=== RUN   TestCreateServiceMultipleTimes
--- PASS: TestCreateServiceMultipleTimes (26.31s)
    daemon.go:296: [dad15e1a1e61f] waiting for daemon to start
    daemon.go:328: [dad15e1a1e61f] daemon started
    daemon.go:283: [dad15e1a1e61f] exiting daemon
=== RUN   TestCreateServiceConflict
--- PASS: TestCreateServiceConflict (2.71s)
    daemon.go:296: [d6b69306de2b2] waiting for daemon to start
    daemon.go:328: [d6b69306de2b2] daemon started
    daemon.go:283: [d6b69306de2b2] exiting daemon
=== RUN   TestCreateServiceMaxReplicas
--- PASS: TestCreateServiceMaxReplicas (3.29s)
    daemon.go:296: [d954c0f69187e] waiting for daemon to start
    daemon.go:328: [d954c0f69187e] daemon started
    daemon.go:283: [d954c0f69187e] exiting daemon
=== RUN   TestCreateWithDuplicateNetworkNames
--- PASS: TestCreateWithDuplicateNetworkNames (15.04s)
    daemon.go:296: [dc4413d78e4e0] waiting for daemon to start
    daemon.go:328: [dc4413d78e4e0] daemon started
    daemon.go:283: [dc4413d78e4e0] exiting daemon
=== RUN   TestCreateServiceSecretFileMode
--- PASS: TestCreateServiceSecretFileMode (3.74s)
    daemon.go:296: [ddcca6ede67bd] waiting for daemon to start
    daemon.go:328: [ddcca6ede67bd] daemon started
    daemon.go:283: [ddcca6ede67bd] exiting daemon
=== RUN   TestCreateServiceConfigFileMode
--- PASS: TestCreateServiceConfigFileMode (3.74s)
    daemon.go:296: [db924b8cadd15] waiting for daemon to start
    daemon.go:328: [db924b8cadd15] daemon started
    daemon.go:283: [db924b8cadd15] exiting daemon
=== RUN   TestCreateServiceSysctls
--- PASS: TestCreateServiceSysctls (4.13s)
    daemon.go:296: [dc0062cd5b2b8] waiting for daemon to start
    daemon.go:328: [dc0062cd5b2b8] daemon started
    daemon.go:283: [dc0062cd5b2b8] exiting daemon
=== RUN   TestInspect
--- PASS: TestInspect (2.76s)
    daemon.go:296: [dc1730b6c2beb] waiting for daemon to start
    daemon.go:328: [dc1730b6c2beb] daemon started
    daemon.go:283: [dc1730b6c2beb] exiting daemon
=== RUN   TestDockerNetworkConnectAlias
--- PASS: TestDockerNetworkConnectAlias (5.88s)
    daemon.go:296: [d5a3ba168549c] waiting for daemon to start
    daemon.go:328: [d5a3ba168549c] daemon started
    daemon.go:283: [d5a3ba168549c] exiting daemon
=== RUN   TestServicePlugin
--- SKIP: TestServicePlugin (0.02s)
    plugin_test.go:26: os.Getenv("DOCKER_ENGINE_GOARCH") != "amd64"
=== RUN   TestServiceUpdateLabel
--- PASS: TestServiceUpdateLabel (2.88s)
    daemon.go:296: [d224bb1fd4b7a] waiting for daemon to start
    daemon.go:328: [d224bb1fd4b7a] daemon started
    daemon.go:283: [d224bb1fd4b7a] exiting daemon
=== RUN   TestServiceUpdateSecrets
--- FAIL: TestServiceUpdateSecrets (2.43s)
    daemon.go:296: [d664a38926bb3] waiting for daemon to start
    daemon.go:328: [d664a38926bb3] daemon started
    update_test.go:126: assertion failed: error is not nil: Error response from daemon: rpc error: code = Unknown desc = update out of sequence
    daemon.go:283: [d664a38926bb3] exiting daemon
=== RUN   TestServiceUpdateConfigs
--- FAIL: TestServiceUpdateConfigs (2.71s)
    daemon.go:296: [d2438b4a7a9c3] waiting for daemon to start
    daemon.go:328: [d2438b4a7a9c3] daemon started
    update_test.go:188: assertion failed: error is not nil: Error response from daemon: rpc error: code = Unknown desc = update out of sequence
    daemon.go:283: [d2438b4a7a9c3] exiting daemon
FAIL
---> Making bundle: .integration-daemon-stop (in bundles/test-integration)
Clearing AppArmor profiles cache:.
All profile caches have been cleared, but no profiles have been unloaded.
Unloading profiles will leave already running processes permanently
unconfined, which can lead to unexpected situations.

To set a process to complain mode, use the command line tool
'aa-complain'. To really tear down all profiles, run the init script
with the 'teardown' option."
Removing test suite binaries
Build step 'Execute shell' marked build as failure
Set build name.
New build name is '#38050'
[PostBuildScript] - Executing post build scripts.
[Docker-PRs-s390x] $ /bin/sh -xe /tmp/jenkins8859623608995941591.sh
+ echo Chowning /workspace to jenkins user
Chowning /workspace to jenkins user
+ id -u
+ id -g
+ docker run --rm -v /home/jenkins/workspace/Docker-PRs-s390x:/workspace s390x/busybox chown -R 1001:1001 /workspace
[Docker-PRs-s390x] $ /bin/sh -xe /tmp/jenkins2721709287101498071.sh
+ echo Creating bundles.tar.gz
Creating bundles.tar.gz
+ find bundles -name *.log
+ xargs tar -czf bundles.tar.gz
Archiving artifacts
Notifying endpoint with url 'https://leeroy.dockerproject.org/notification/jenkins'
Finished: FAILURE
