Started by user Gordon
Notifying endpoint with url 'https://leeroy.dockerproject.org/notification/jenkins'
[EnvInject] - Loading node environment variables.
Building remotely on azure-windows-rs5-4 (windows-rs5) in workspace /gopath/src/github.com/docker/docker
No credentials specified
Wiping out workspace first.
Cloning the remote Git repository
Cloning repository https://github.com/moby/moby.git
 > git init C:\gopath\src\github.com\docker\docker # timeout=10
Fetching upstream changes from https://github.com/moby/moby.git
 > git --version # timeout=10
 > git fetch --tags --progress https://github.com/moby/moby.git +refs/heads/*:refs/remotes/origin/*
 > git config remote.origin.url https://github.com/moby/moby.git # timeout=10
 > git config --add remote.origin.fetch +refs/heads/*:refs/remotes/origin/* # timeout=10
 > git config remote.origin.url https://github.com/moby/moby.git # timeout=10
Fetching upstream changes from https://github.com/moby/moby.git
 > git fetch --tags --progress https://github.com/moby/moby.git +refs/heads/*:refs/remotes/origin/*
 > git rev-parse "origin/master^{commit}" # timeout=10
Checking out Revision c7a0eaf00425bbaefc0232ae8eadb2edc49b3b38 (origin/master)
 > git config core.sparsecheckout # timeout=10
 > git checkout -f c7a0eaf00425bbaefc0232ae8eadb2edc49b3b38
Commit message: "Merge pull request #39242 from arkodg/lb-stale-force-leave"
 > git rev-list --no-walk d128be3d4d493eec2dd3373ce044b8ced03b677e # timeout=10
Set build name.
New build name is '#39275'
[docker] $ sh -xe C:\Users\jenkins\jenkins3853493955829339160.sh
+ git fetch origin +refs/pull/39275/head:refs/remotes/origin/pr/39275
From https://github.com/moby/moby
 * [new ref]               refs/pull/39275/head -> origin/pr/39275
+ git merge origin/pr/39275
Updating c7a0eaf004..5ec594ef8b
Fast-forward
 contrib/init/systemd/docker.socket | 2 +-
 1 file changed, 1 insertion(+), 1 deletion(-)
[docker] $ powershell.exe -NonInteractive -ExecutionPolicy ByPass "& 'C:\Users\jenkins\jenkins4275853237025360568.ps1'"

INFO: executeCI.ps1 starting at Tue May 28 11:36:46 CUT 2019

INFO: Script version 05-Feb-2019 09:03 PDT
INFO: Running git version 2.18.0.windows.1
INFO: Branch:rs5_release_svc_im Build:17763.437.190401-1813
INFO: Environment variables:

Name                           Value                                                                                   
----                           -----                                                                                   
_                              /cygdrive/c/ProgramData/Oracle/Java/javapath/java                                       
ALLUSERSPROFILE                C:\ProgramData                                                                          
APPDATA                        C:\Users\jenkins\AppData\Roaming                                                        
BASE_BRANCH                    master                                                                                  
BUILD_CAUSE                    MANUALTRIGGER                                                                           
BUILD_CAUSE_MANUALTRIGGER      true                                                                                    
BUILD_DISPLAY_NAME             #39275                                                                                  
BUILD_ID                       2575                                                                                    
BUILD_NUMBER                   2575                                                                                    
BUILD_TAG                      jenkins-Docker-PRs-WoW-RS5-Process-2575                                                 
BUILD_URL                      https://jenkins.dockerproject.org/job/Docker-PRs-WoW-RS5-Process/2575/                  
CommonProgramFiles             C:\Program Files\Common Files                                                           
CommonProgramFiles(x86)        C:\Program Files (x86)\Common Files                                                     
CommonProgramW6432             C:\Program Files\Common Files                                                           
COMPUTERNAME                   jenkins-rs5-4                                                                           
COMSPEC                        C:\Windows\system32\cmd.exe                                                             
ConfigSet                      rs                                                                                      
CYGWIN                         binmode ntsec                                                                           
DriverData                     C:\Windows\System32\Drivers\DriverData                                                  
EXECUTOR_NUMBER                0                                                                                       
GIT_AUTHOR_EMAIL               janky@dockerproject.org                                                                 
GIT_AUTHOR_NAME                Docker Jenkins                                                                          
GIT_BASE_REPO                  moby/moby                                                                               
GIT_BRANCH                     origin/master                                                                           
GIT_COMMIT                     c7a0eaf00425bbaefc0232ae8eadb2edc49b3b38                                                
GIT_COMMITTER_EMAIL            janky@dockerproject.org                                                                 
GIT_COMMITTER_NAME             Docker Jenkins                                                                          
GIT_HEAD_REPO                  wiktor-k/moby                                                                           
GIT_PREVIOUS_COMMIT            d128be3d4d493eec2dd3373ce044b8ced03b677e                                                
GIT_PREVIOUS_SUCCESSFUL_COMMIT d128be3d4d493eec2dd3373ce044b8ced03b677e                                                
GIT_SHA1                       5ec594ef8b413323d81c92f3825462a11b72e8b9                                                
GIT_URL                        https://github.com/moby/moby.git                                                        
GITHUB_URL                     https://github.com/moby/moby/pull/39275                                                 
HOME                           C:\cygwin\home\jenkins                                                                  
HOMEDRIVE                      C:                                                                                      
HOMEPATH                       \cygwin\home\jenkins                                                                    
HUDSON_COOKIE                  6259a809-3928-4c2a-b142-cba1f059d518                                                    
HUDSON_HOME                    /var/jenkins_home                                                                       
HUDSON_SERVER_COOKIE           5654907fc74b1465                                                                        
HUDSON_URL                     https://jenkins.dockerproject.org/                                                      
JENKINS_HOME                   /var/jenkins_home                                                                       
JENKINS_SERVER_COOKIE          5654907fc74b1465                                                                        
JENKINS_URL                    https://jenkins.dockerproject.org/                                                      
JOB_BASE_NAME                  Docker-PRs-WoW-RS5-Process                                                              
JOB_DISPLAY_URL                https://jenkins.dockerproject.org/job/Docker-PRs-WoW-RS5-Process/display/redirect       
JOB_NAME                       Docker-PRs-WoW-RS5-Process                                                              
JOB_URL                        https://jenkins.dockerproject.org/job/Docker-PRs-WoW-RS5-Process/                       
LOCALAPPDATA                   C:\Users\jenkins\AppData\Local                                                          
LOGNAME                        jenkins                                                                                 
LOGONSERVER                    \\jenkins-rs5-4                                                                         
MAIL                           /var/spool/mail//jenkins                                                                
NODE_LABELS                    azure-windows-rs5-4 windows-rs5                                                         
NODE_NAME                      azure-windows-rs5-4                                                                     
NUMBER_OF_PROCESSORS           4                                                                                       
OLDPWD                         /home/jenkins                                                                           
OS                             Windows_NT                                                                              
PATH                           C:\cygwin\bin;C:\ProgramData\Oracle\Java\javapath;C:\pstools;C:\Program Files\Notepad...
PATHEXT                        .COM;.EXE;.BAT;.CMD;.VBS;.VBE;.JS;.JSE;.WSF;.WSH;.MSC;.CPL                              
PR                             39275                                                                                   
PROCESSOR_ARCHITECTURE         AMD64                                                                                   
PROCESSOR_IDENTIFIER           Intel64 Family 6 Model 79 Stepping 1, GenuineIntel                                      
PROCESSOR_LEVEL                6                                                                                       
PROCESSOR_REVISION             4f01                                                                                    
ProgramData                    C:\ProgramData                                                                          
PROGRAMFILES                   C:\Program Files                                                                        
ProgramFiles(x86)              C:\Program Files (x86)                                                                  
ProgramW6432                   C:\Program Files                                                                        
PSExecutionPolicyPreference    Bypass                                                                                  
PSModulePath                   C:\Users\jenkins\Documents\WindowsPowerShell\Modules;C:\Program Files\WindowsPowerShe...
PUBLIC                         C:\Users\Public                                                                         
PWD                            /cygdrive/c/workspace                                                                   
ROOT_BUILD_CAUSE               MANUALTRIGGER                                                                           
ROOT_BUILD_CAUSE_MANUALTRIGGER true                                                                                    
RUN_CHANGES_DISPLAY_URL        https://jenkins.dockerproject.org/job/Docker-PRs-WoW-RS5-Process/2575/display/redirec...
RUN_DISPLAY_URL                https://jenkins.dockerproject.org/job/Docker-PRs-WoW-RS5-Process/2575/display/redirect  
SHELL                          /bin/bash                                                                               
SHLVL                          1                                                                                       
SOURCES_DRIVE                  c                                                                                       
SOURCES_SUBDIR                 gopath                                                                                  
SSH_CLIENT                     52.88.204.51 60379 22                                                                   
SSH_CONNECTION                 52.88.204.51 60379 10.0.0.20 22                                                         
SYSTEMDRIVE                    C:                                                                                      
SYSTEMROOT                     C:\Windows                                                                              
TEMP                           d:\temp                                                                                 
TESTRUN_DRIVE                  d                                                                                       
TESTRUN_SUBDIR                 CI                                                                                      
USER                           jenkins                                                                                 
USERDOMAIN                     jenkins-rs5-4                                                                           
USERDOMAIN_ROAMINGPROFILE      jenkins-rs5-4                                                                           
USERNAME                       jenkins                                                                                 
USERPROFILE                    C:\Users\jenkins                                                                        
WINDIR                         C:\Windows                                                                              
WORKSPACE                      /gopath/src/github.com/docker/docker                                                    



INFO: PR#39275 (https://github.com/docker/docker/pull/39275)
INFO: Sources under c:\gopath\...
INFO: Test run under d:\CI\...
INFO: Running in C:\gopath\src\github.com\docker\docker
INFO: docker/docker repository was found
INFO: Image microsoft/windowsservercore:latest is already loaded in the control daemon
INFO: Version of microsoft/windowsservercore:latest is '10.0.17763.437'
INFO: Docker version of control daemon

Client:
 Version:           master-dockerproject-2019-04-10
 API version:       1.40
 Go version:        go1.12.2
 Git commit:        ac758d9f
 Built:             Wed Apr 10 23:48:58 2019
 OS/Arch:           windows/amd64
 Experimental:      false

Server:
 Engine:
  Version:          master-dockerproject-2019-04-10
  API version:      1.40 (minimum version 1.24)
  Go version:       go1.12.3
  Git commit:       6d18c6a
  Built:            Wed Apr 10 23:59:12 2019
  OS/Arch:          windows/amd64
  Experimental:     false

INFO: Docker info of control daemon

Client:
 Debug Mode: false

Server:
 Containers: 0
  Running: 0
  Paused: 0
  Stopped: 0
 Images: 7
 Server Version: master-dockerproject-2019-04-10
 Storage Driver: windowsfilter
  Windows: 
 Logging Driver: json-file
 Plugins:
  Volume: local
  Network: ics l2bridge l2tunnel nat null overlay transparent
  Log: awslogs etwlogs fluentd gcplogs gelf json-file local logentries splunk syslog
 Swarm: inactive
 Default Isolation: process
 Kernel Version: 10.0 17763 (17763.437.amd64fre.rs5_release_svc_im.190401-1813)
 Operating System: Windows Server 2019 Datacenter Version 1809 (OS Build 17763.437)
 OSType: windows
 Architecture: x86_64
 CPUs: 4
 Total Memory: 16GiB
 Name: jenkins-rs5-4
 ID: 666f1eb1-5c57-4ec6-97d7-d37d60d53479
 Docker Root Dir: D:\control
 Debug Mode: false
 Registry: https://index.docker.io/v1/
 Labels:
 Experimental: false
 Insecure Registries:
  127.0.0.0/8
 Live Restore Enabled: false


INFO: Commit hash is 5ec594ef8b
INFO: Nuke-Everything...
INFO: Container count on control daemon to delete is 0
INFO: Nuking d:\CI
INFO: Zapped successfully
INFO: Location for testing is d:\CI\CI-5ec594ef8b
INFO: Validating GOLang consistency in Dockerfile.windows...


INFO: Building the image from Dockerfile.windows at 05/28/2019 11:36:47...

Sending build context to Docker daemon  49.39MB

Step 1/7 : FROM microsoft/windowsservercore
 ---> f55fa35b8537
Step 2/7 : SHELL ["powershell", "-Command", "$ErrorActionPreference = 'Stop'; $ProgressPreference = 'SilentlyContinue';"]
 ---> Using cache
 ---> 945950dfdd19
Step 3/7 : ENV GO_VERSION=1.12.5     GIT_VERSION=2.11.1     GOPATH=C:\go     FROM_DOCKERFILE=1
 ---> Using cache
 ---> 35a889170787
Step 4/7 : RUN   Function Test-Nano() {     $EditionId = (Get-ItemProperty -Path 'HKLM:\SOFTWARE\Microsoft\Windows NT\CurrentVersion' -Name 'EditionID').EditionId;     return (($EditionId -eq 'ServerStandardNano') -or ($EditionId -eq 'ServerDataCenterNano') -or ($EditionId -eq 'NanoServer'));   }    Function Download-File([string] $source, [string] $target) {     if (Test-Nano) {       $handler = New-Object System.Net.Http.HttpClientHandler;       $client = New-Object System.Net.Http.HttpClient($handler);       $client.Timeout = New-Object System.TimeSpan(0, 30, 0);       $cancelTokenSource = [System.Threading.CancellationTokenSource]::new();       $responseMsg = $client.GetAsync([System.Uri]::new($source), $cancelTokenSource.Token);       $responseMsg.Wait();       if (!$responseMsg.IsCanceled) {         $response = $responseMsg.Result;         if ($response.IsSuccessStatusCode) {           $downloadedFileStream = [System.IO.FileStream]::new($target, [System.IO.FileMode]::Create, [System.IO.FileAccess]::Write);           $copyStreamOp = $response.Content.CopyToAsync($downloadedFileStream);           $copyStreamOp.Wait();           $downloadedFileStream.Close();           if ($copyStreamOp.Exception -ne $null) { throw $copyStreamOp.Exception }         }       } else {       Throw ("Failed to download " + $source)       }    } else {       $webClient = New-Object System.Net.WebClient;       $webClient.DownloadFile($source, $target);     }   }     setx /M PATH $('C:\git\cmd;C:\git\usr\bin;'+$Env:PATH+';C:\gcc\bin;C:\go\bin');     Write-Host INFO: Downloading git...;   $location='https://www.nuget.org/api/v2/package/GitForWindows/'+$Env:GIT_VERSION;   Download-File $location C:\gitsetup.zip;     Write-Host INFO: Downloading go...;   Download-File $('https://golang.org/dl/go'+$Env:GO_VERSION+'.windows-amd64.zip') C:\go.zip;     Write-Host INFO: Downloading compiler 1 of 3...;   Download-File https://raw.githubusercontent.com/jhowardmsft/docker-tdmgcc/master/gcc.zip C:\gcc.zip;     Write-Host INFO: Downloading compiler 2 of 3...;   Download-File https://raw.githubusercontent.com/jhowardmsft/docker-tdmgcc/master/runtime.zip C:\runtime.zip;     Write-Host INFO: Downloading compiler 3 of 3...;   Download-File https://raw.githubusercontent.com/jhowardmsft/docker-tdmgcc/master/binutils.zip C:\binutils.zip;     Write-Host INFO: Extracting git...;   Expand-Archive C:\gitsetup.zip C:\git-tmp;   New-Item -Type Directory C:\git | Out-Null;   Move-Item C:\git-tmp\tools\* C:\git\.;   Remove-Item -Recurse -Force C:\git-tmp;     Write-Host INFO: Expanding go...;   Expand-Archive C:\go.zip -DestinationPath C:\;     Write-Host INFO: Expanding compiler 1 of 3...;   Expand-Archive C:\gcc.zip -DestinationPath C:\gcc -Force;   Write-Host INFO: Expanding compiler 2 of 3...;   Expand-Archive C:\runtime.zip -DestinationPath C:\gcc -Force;   Write-Host INFO: Expanding compiler 3 of 3...;   Expand-Archive C:\binutils.zip -DestinationPath C:\gcc -Force;     Write-Host INFO: Removing downloaded files...;   Remove-Item C:\gcc.zip;   Remove-Item C:\runtime.zip;   Remove-Item C:\binutils.zip;   Remove-Item C:\gitsetup.zip;     Write-Host INFO: Creating source directory...;   New-Item -ItemType Directory -Path C:\go\src\github.com\docker\docker | Out-Null;     Write-Host INFO: Configuring git core.autocrlf...;   C:\git\cmd\git config --global core.autocrlf true;     Write-Host INFO: Completed
 ---> Using cache
 ---> e1c7bc3827e3
Step 5/7 : ENTRYPOINT ["powershell.exe"]
 ---> Using cache
 ---> 4ad92fc1adec
Step 6/7 : WORKDIR C:\go\src\github.com\docker\docker
 ---> Using cache
 ---> 5d3729b87978
Step 7/7 : COPY . .
 ---> 3e22fdaa2e45
Successfully built 3e22fdaa2e45
Successfully tagged docker:latest
INFO: Image build ended at 05/28/2019 11:37:17. Duration:00:00:30.1488523


INFO: Building the test binaries at 05/28/2019 11:37:17...
INFO: make.ps1 starting at 05/28/2019 11:37:20
INFO: Git commit (5ec594ef8b) assumed from DOCKER_GITCOMMIT environment variable
INFO: Invoking autogen...
INFO: Building daemon...
INFO: Downloading docker/cli version 17.06.2-ce from stable...

 ________   ____  __.
 \_____  \ |    |/ _|
 /   |   \|      <
 /    |    \    |  \
 \_______  /____|__ \
         \/        \/

INFO: make.ps1 ended at 05/28/2019 11:38:30
INFO: Binaries build ended at 05/28/2019 11:38:32. Duration:00:01:14.2844300
INFO: Copying the built daemon binary to d:\CI\CI-5ec594ef8b\binary\dockerd-5ec594ef8b.exe...
INFO: Copying the built client binary to d:\CI\CI-5ec594ef8b\binary\docker-5ec594ef8b.exe...
INFO: Copying dockerversion from the container...
INFO: Copying the golang package from the container to d:\CI\CI-5ec594ef8b\installer\go.zip...
INFO: Extracting go.zip to d:\CI\CI-5ec594ef8b\go
INFO: Extraction ended at 05/28/2019 11:38:58. Duration:00:00:21.0419861
INFO: Updating the golang and path environment variables
INFO: GOPATH=c:\gopath
INFO: go version go1.12.5 windows/amd64
INFO: Starting a daemon under test...
INFO: Args: -H tcp://0.0.0.0:2357 --data-root d:\CI\CI-5ec594ef8b\daemon --pidfile d:\CI\CI-5ec594ef8b\docker.pid
INFO: Process started successfully.
INFO: Waiting for the daemon under test to start...
INFO: Daemon under test started and replied!
INFO: Docker version of the daemon under test

Client:
 Version:      17.06.2-ce
 API version:  1.30
 Go version:   go1.8.3
 Git commit:   cec0b72
 Built:        Tue Sep  5 19:57:19 2017
 OS/Arch:      windows/amd64

Server:
 Version:      0.0.0-dev
 API version:  1.41 (minimum version 1.24)
 Go version:   go1.12.5
 Git commit:   5ec594ef8b
 Built:        05/28/2019 11:37:20
 OS/Arch:      windows/amd64
 Experimental: false

INFO: Docker info of the daemon under test

Containers: 0
 Running: 0
 Paused: 0
 Stopped: 0
Images: 0
Server Version: 0.0.0-dev
Storage Driver: windowsfilter
 Windows: 
Logging Driver: json-file
Plugins: 
 Volume: local
 Network: ics l2bridge l2tunnel nat null overlay transparent
 Log: awslogs etwlogs fluentd gcplogs gelf json-file local logentries splunk syslog
Swarm: inactive
Default Isolation: process
Kernel Version: 10.0 17763 (17763.437.amd64fre.rs5_release_svc_im.190401-1813)
Operating System: Windows Server 2019 Datacenter Version 1809 (OS Build 17763.437)
OSType: windows
Architecture: x86_64
CPUs: 4
Total Memory: 16GiB
Name: jenkins-rs5-4
ID: 6fde4858-7940-4cf4-bfa6-07ca6c35249d
Docker Root Dir: D:\CI\CI-5ec594ef8b\daemon
Debug Mode (client): false
Debug Mode (server): false
Registry: https://index.docker.io/v1/
Labels:
Experimental: false
Insecure Registries:
 127.0.0.0/8
Live Restore Enabled: false


INFO: Docker images of the daemon under test

REPOSITORY          TAG                 IMAGE ID            CREATED             SIZE

INFO: Base image for tests is microsoft/windowsservercore
INFO: Loading windowsservercore .tar from disk into the daemon under test. This may take some time...
Loaded image: microsoft/windowsservercore:10.0.17763.437
Loaded image: microsoft/windowsservercore:latest
INFO: docker load of windowsservercore  into daemon under test completed successfully
INFO: Version of microsoft/windowsservercore:latest is '10.0.17763.437'
INFO: Running validation tests at 05/28/2019 11:41:23...
INFO: make.ps1 starting at 05/28/2019 11:41:23
INFO: Validating Developer Certificate of Origin...
Congratulations!  All commits are properly signed with the DCO!
INFO: Validating go formatting on changed files...
Congratulations!  All Go source files are properly formatted.
INFO: Validating pkg import isolation...
Congratulations!  ".\pkg\*.go" is safely isolated from internal code.
INFO: make.ps1 ended at 05/28/2019 11:41:24
INFO: Validation tests ended at 05/28/2019 11:41:24. Duration:00:00:01.2690571
INFO: Running unit tests at 05/28/2019 11:41:24...
INFO: make.ps1 starting at 05/28/2019 11:41:27
INFO: Git commit (5ec594ef8b) assumed from DOCKER_GITCOMMIT environment variable
INFO: Invoking autogen...
INFO: Running unit tests...
?   	github.com/docker/docker/api	[no test files]
ok  	github.com/docker/docker/api/server	0.145s	coverage: 7.9% of statements
?   	github.com/docker/docker/api/server/backend/build	[no test files]
ok  	github.com/docker/docker/api/server/httputils	0.060s	coverage: 14.7% of statements
ok  	github.com/docker/docker/api/server/middleware	0.061s	coverage: 43.4% of statements
?   	github.com/docker/docker/api/server/router	[no test files]
?   	github.com/docker/docker/api/server/router/build	[no test files]
?   	github.com/docker/docker/api/server/router/checkpoint	[no test files]
?   	github.com/docker/docker/api/server/router/container	[no test files]
?   	github.com/docker/docker/api/server/router/debug	[no test files]
?   	github.com/docker/docker/api/server/router/distribution	[no test files]
?   	github.com/docker/docker/api/server/router/grpc	[no test files]
?   	github.com/docker/docker/api/server/router/image	[no test files]
?   	github.com/docker/docker/api/server/router/network	[no test files]
?   	github.com/docker/docker/api/server/router/plugin	[no test files]
?   	github.com/docker/docker/api/server/router/session	[no test files]
ok  	github.com/docker/docker/api/server/router/swarm	0.059s	coverage: 3.1% of statements
?   	github.com/docker/docker/api/server/router/system	[no test files]
?   	github.com/docker/docker/api/server/router/volume	[no test files]
?   	github.com/docker/docker/api/types	[no test files]
?   	github.com/docker/docker/api/types/backend	[no test files]
?   	github.com/docker/docker/api/types/blkiodev	[no test files]
?   	github.com/docker/docker/api/types/container	[no test files]
?   	github.com/docker/docker/api/types/events	[no test files]
ok  	github.com/docker/docker/api/types/filters	0.036s	coverage: 95.2% of statements
?   	github.com/docker/docker/api/types/image	[no test files]
?   	github.com/docker/docker/api/types/mount	[no test files]
?   	github.com/docker/docker/api/types/network	[no test files]
?   	github.com/docker/docker/api/types/plugins/logdriver	[no test files]
?   	github.com/docker/docker/api/types/registry	[no test files]
ok  	github.com/docker/docker/api/types/strslice	0.046s	coverage: 90.0% of statements
?   	github.com/docker/docker/api/types/swarm	[no test files]
?   	github.com/docker/docker/api/types/swarm/runtime	[no test files]
ok  	github.com/docker/docker/api/types/time	0.351s	coverage: 100.0% of statements
ok  	github.com/docker/docker/api/types/versions	0.066s	coverage: 75.0% of statements
?   	github.com/docker/docker/api/types/versions/v1p19	[no test files]
?   	github.com/docker/docker/api/types/versions/v1p20	[no test files]
?   	github.com/docker/docker/api/types/volume	[no test files]
?   	github.com/docker/docker/autogen/winresources/docker	[no test files]
?   	github.com/docker/docker/autogen/winresources/dockerd	[no test files]
?   	github.com/docker/docker/builder	[no test files]
?   	github.com/docker/docker/builder/builder-next	[no test files]
?   	github.com/docker/docker/builder/builder-next/adapters/containerimage	[no test files]
?   	github.com/docker/docker/builder/builder-next/adapters/localinlinecache	[no test files]
?   	github.com/docker/docker/builder/builder-next/adapters/snapshot	[no test files]
?   	github.com/docker/docker/builder/builder-next/exporter	[no test files]
?   	github.com/docker/docker/builder/builder-next/imagerefchecker	[no test files]
?   	github.com/docker/docker/builder/builder-next/worker	[no test files]
ok  	github.com/docker/docker/builder/dockerfile	0.157s	coverage: 43.2% of statements
ok  	github.com/docker/docker/builder/dockerignore	0.038s	coverage: 96.8% of statements
ok  	github.com/docker/docker/builder/fscache	0.584s	coverage: 69.2% of statements
ok  	github.com/docker/docker/builder/remotecontext	0.223s	coverage: 9.2% of statements
ok  	github.com/docker/docker/builder/remotecontext/git	29.761s	coverage: 85.1% of statements
?   	github.com/docker/docker/cli	[no test files]
?   	github.com/docker/docker/cli/config	[no test files]
ok  	github.com/docker/docker/cli/debug	0.040s	coverage: 100.0% of statements
ok  	github.com/docker/docker/client	0.300s	coverage: 75.3% of statements
ok  	github.com/docker/docker/cmd/dockerd	0.373s	coverage: 17.8% of statements
ok  	github.com/docker/docker/container	0.341s	coverage: 42.8% of statements
?   	github.com/docker/docker/container/stream	[no test files]
?   	github.com/docker/docker/contrib/apparmor	[no test files]
?   	github.com/docker/docker/contrib/docker-device-tool	[no test files]
?   	github.com/docker/docker/contrib/httpserver	[no test files]
ok  	github.com/docker/docker/daemon	2.713s	coverage: 8.9% of statements
ok  	github.com/docker/docker/daemon/cluster	1.110s	coverage: 0.5% of statements
ok  	github.com/docker/docker/daemon/cluster/controllers/plugin	0.158s	coverage: 65.3% of statements
ok  	github.com/docker/docker/daemon/cluster/convert	0.467s	coverage: 35.8% of statements
?   	github.com/docker/docker/daemon/cluster/executor	[no test files]
ok  	github.com/docker/docker/daemon/cluster/executor/container	0.578s	coverage: 10.9% of statements
?   	github.com/docker/docker/daemon/cluster/provider	[no test files]
ok  	github.com/docker/docker/daemon/config	0.553s	coverage: 82.3% of statements
ok  	github.com/docker/docker/daemon/discovery	0.057s	coverage: 30.4% of statements
ok  	github.com/docker/docker/daemon/events	0.461s	coverage: 50.0% of statements
?   	github.com/docker/docker/daemon/events/testutils	[no test files]
?   	github.com/docker/docker/daemon/exec	[no test files]
ok  	github.com/docker/docker/daemon/graphdriver	0.070s	coverage: 2.3% of statements
?   	github.com/docker/docker/daemon/graphdriver/btrfs	[no test files]
?   	github.com/docker/docker/daemon/graphdriver/devmapper	[no test files]
?   	github.com/docker/docker/daemon/graphdriver/graphtest	[no test files]
?   	github.com/docker/docker/daemon/graphdriver/lcow	[no test files]
?   	github.com/docker/docker/daemon/graphdriver/overlay	[no test files]
?   	github.com/docker/docker/daemon/graphdriver/overlay2	[no test files]
?   	github.com/docker/docker/daemon/graphdriver/quota	[no test files]
?   	github.com/docker/docker/daemon/graphdriver/register	[no test files]
?   	github.com/docker/docker/daemon/graphdriver/vfs	[no test files]
?   	github.com/docker/docker/daemon/graphdriver/windows	[no test files]
?   	github.com/docker/docker/daemon/graphdriver/zfs	[no test files]
ok  	github.com/docker/docker/daemon/images	0.105s	coverage: 4.9% of statements
?   	github.com/docker/docker/daemon/initlayer	[no test files]
ok  	github.com/docker/docker/daemon/links	0.038s	coverage: 93.0% of statements
?   	github.com/docker/docker/daemon/listeners	[no test files]
ok  	github.com/docker/docker/daemon/logger	0.291s	coverage: 43.0% of statements
ok  	github.com/docker/docker/daemon/logger/awslogs	0.608s	coverage: 78.6% of statements
?   	github.com/docker/docker/daemon/logger/etwlogs	[no test files]
?   	github.com/docker/docker/daemon/logger/fluentd	[no test files]
?   	github.com/docker/docker/daemon/logger/gcplogs	[no test files]
?   	github.com/docker/docker/daemon/logger/gelf	[no test files]
?   	github.com/docker/docker/daemon/logger/journald	[no test files]
ok  	github.com/docker/docker/daemon/logger/jsonfilelog	0.371s	coverage: 62.1% of statements
ok  	github.com/docker/docker/daemon/logger/jsonfilelog/jsonlog	0.369s	coverage: 88.3% of statements
ok  	github.com/docker/docker/daemon/logger/local	0.473s	coverage: 74.7% of statements
?   	github.com/docker/docker/daemon/logger/logentries	[no test files]
ok  	github.com/docker/docker/daemon/logger/loggerutils	0.094s	coverage: 18.1% of statements
ok  	github.com/docker/docker/daemon/logger/splunk	2.370s	coverage: 84.5% of statements
ok  	github.com/docker/docker/daemon/logger/syslog	0.191s	coverage: 47.8% of statements
ok  	github.com/docker/docker/daemon/logger/templates	0.042s	coverage: 8.3% of statements
?   	github.com/docker/docker/daemon/names	[no test files]
?   	github.com/docker/docker/daemon/network	[no test files]
?   	github.com/docker/docker/daemon/stats	[no test files]
ok  	github.com/docker/docker/distribution	1.173s	coverage: 15.8% of statements
ok  	github.com/docker/docker/distribution/metadata	1.005s	coverage: 48.2% of statements
?   	github.com/docker/docker/distribution/utils	[no test files]
ok  	github.com/docker/docker/distribution/xfer	1.620s	coverage: 62.2% of statements
?   	github.com/docker/docker/dockerversion	[no test files]
ok  	github.com/docker/docker/errdefs	0.050s	coverage: 51.6% of statements
ok  	github.com/docker/docker/hack/integration-cli-on-swarm/agent/master	0.057s	coverage: 11.3% of statements
?   	github.com/docker/docker/hack/integration-cli-on-swarm/agent/types	[no test files]
?   	github.com/docker/docker/hack/integration-cli-on-swarm/agent/worker	[no test files]
ok  	github.com/docker/docker/hack/integration-cli-on-swarm/host	0.049s	coverage: 3.6% of statements
ok  	github.com/docker/docker/image	0.726s	coverage: 86.4% of statements
ok  	github.com/docker/docker/image/cache	0.141s	coverage: 19.2% of statements
?   	github.com/docker/docker/image/tarexport	[no test files]
ok  	github.com/docker/docker/image/v1	0.080s	coverage: 25.0% of statements
?   	github.com/docker/docker/internal/test	[no test files]
?   	github.com/docker/docker/internal/test/daemon	[no test files]
?   	github.com/docker/docker/internal/test/environment	[no test files]
?   	github.com/docker/docker/internal/test/fakecontext	[no test files]
?   	github.com/docker/docker/internal/test/fakegit	[no test files]
?   	github.com/docker/docker/internal/test/fakestorage	[no test files]
?   	github.com/docker/docker/internal/test/fixtures/load	[no test files]
?   	github.com/docker/docker/internal/test/fixtures/plugin	[no test files]
?   	github.com/docker/docker/internal/test/fixtures/plugin/basic	[no test files]
?   	github.com/docker/docker/internal/test/registry	[no test files]
?   	github.com/docker/docker/internal/test/request	[no test files]
ok  	github.com/docker/docker/internal/testutil	0.081s	coverage: 62.5% of statements
ok  	github.com/docker/docker/layer	0.384s	coverage: 30.3% of statements
?   	github.com/docker/docker/libcontainerd	[no test files]
ok  	github.com/docker/docker/libcontainerd/local	0.176s	coverage: 1.0% of statements
ok  	github.com/docker/docker/libcontainerd/queue	0.081s	coverage: 100.0% of statements
?   	github.com/docker/docker/libcontainerd/remote	[no test files]
?   	github.com/docker/docker/libcontainerd/supervisor	[no test files]
?   	github.com/docker/docker/libcontainerd/types	[no test files]
?   	github.com/docker/docker/oci	[no test files]
?   	github.com/docker/docker/oci/caps	[no test files]
ok  	github.com/docker/docker/opts	0.304s	coverage: 67.6% of statements
ok  	github.com/docker/docker/pkg/aaparser	0.039s	coverage: 50.0% of statements
ok  	github.com/docker/docker/pkg/archive	7.575s	coverage: 62.2% of statements
ok  	github.com/docker/docker/pkg/authorization	0.443s	coverage: 26.2% of statements
ok  	github.com/docker/docker/pkg/broadcaster	0.034s	coverage: 100.0% of statements
ok  	github.com/docker/docker/pkg/capabilities	0.039s	coverage: 87.5% of statements
ok  	github.com/docker/docker/pkg/chrootarchive	0.078s	coverage: 13.3% of statements
?   	github.com/docker/docker/pkg/containerfs	[no test files]
?   	github.com/docker/docker/pkg/devicemapper	[no test files]
ok  	github.com/docker/docker/pkg/directory	0.122s	coverage: 80.0% of statements
ok  	github.com/docker/docker/pkg/discovery	0.058s	coverage: 58.3% of statements
ok  	github.com/docker/docker/pkg/discovery/file	0.086s	coverage: 92.9% of statements
ok  	github.com/docker/docker/pkg/discovery/kv	3.236s	coverage: 84.1% of statements
ok  	github.com/docker/docker/pkg/discovery/memory	0.062s	coverage: 92.3% of statements
ok  	github.com/docker/docker/pkg/discovery/nodes	0.061s	coverage: 93.8% of statements
ok  	github.com/docker/docker/pkg/filenotify	0.041s	coverage: 43.8% of statements
ok  	github.com/docker/docker/pkg/fileutils	0.083s	coverage: 87.7% of statements
ok  	github.com/docker/docker/pkg/homedir	0.036s	coverage: 37.5% of statements
?   	github.com/docker/docker/pkg/idtools	[no test files]
ok  	github.com/docker/docker/pkg/ioutils	0.575s	coverage: 67.8% of statements
ok  	github.com/docker/docker/pkg/jsonmessage	0.209s	coverage: 91.7% of statements
ok  	github.com/docker/docker/pkg/locker	0.065s	coverage: 88.9% of statements
ok  	github.com/docker/docker/pkg/longpath	0.095s	coverage: 100.0% of statements
?   	github.com/docker/docker/pkg/mount	[no test files]
ok  	github.com/docker/docker/pkg/namesgenerator	0.042s	coverage: 85.7% of statements
?   	github.com/docker/docker/pkg/namesgenerator/cmd/names-generator	[no test files]
ok  	github.com/docker/docker/pkg/parsers	0.157s	coverage: 97.0% of statements
?   	github.com/docker/docker/pkg/parsers/kernel	[no test files]
?   	github.com/docker/docker/pkg/parsers/operatingsystem	[no test files]
ok  	github.com/docker/docker/pkg/pidfile	0.060s	coverage: 82.6% of statements
?   	github.com/docker/docker/pkg/platform	[no test files]
?   	github.com/docker/docker/pkg/plugingetter	[no test files]
2019/05/28 11:44:19 http: panic serving 127.0.0.1:49219: Plugin not ready
goroutine 23 [running]:
net/http.(*conn).serve.func1(0xc000052aa0)
	c:/go/src/net/http/server.go:1769 +0x140
panic(0x830f00, 0x95c470)
	c:/go/src/runtime/panic.go:522 +0x1c3
github.com/docker/docker/pkg/plugins.TestFailOnce.func1(0x96fea0, 0xc000150000, 0xc0000f8300)
	c:/go/src/github.com/docker/docker/pkg/plugins/client_test.go:55 +0x56
net/http.HandlerFunc.ServeHTTP(0xc000110020, 0x96fea0, 0xc000150000, 0xc0000f8300)
	c:/go/src/net/http/server.go:1995 +0x4b
net/http.(*ServeMux).ServeHTTP(0xc00011a000, 0x96fea0, 0xc000150000, 0xc0000f8300)
	c:/go/src/net/http/server.go:2375 +0x1dd
net/http.serverHandler.ServeHTTP(0xc000120000, 0x96fea0, 0xc000150000, 0xc0000f8300)
	c:/go/src/net/http/server.go:2774 +0xaf
net/http.(*conn).serve(0xc000052aa0, 0x970a60, 0xc000056b40)
	c:/go/src/net/http/server.go:1878 +0x858
created by net/http.(*Server).Serve
	c:/go/src/net/http/server.go:2884 +0x2fb
time="2019-05-28T11:44:19Z" level=warning msg="Unable to connect to plugin: 127.0.0.1:49218/Test.FailOnce: Post http://127.0.0.1:49218/Test.FailOnce: EOF, retrying in 1s"
time="2019-05-28T11:44:21Z" level=warning msg="Unable to connect to plugin: 127.0.0.1:49223/Test.Echo: Post http://127.0.0.1:49223/Test.Echo: net/http: request canceled (Client.Timeout exceeded while awaiting headers), retrying in 1s"
time="2019-05-28T11:44:22Z" level=warning msg="Unable to connect to plugin: 127.0.0.1:49223/Test.Echo: Post http://127.0.0.1:49223/Test.Echo: net/http: request canceled (Client.Timeout exceeded while awaiting headers), retrying in 2s"
time="2019-05-28T11:44:25Z" level=warning msg="Unable to connect to plugin: 127.0.0.1:49223/Test.Echo: Post http://127.0.0.1:49223/Test.Echo: net/http: request canceled (Client.Timeout exceeded while awaiting headers), retrying in 4s"
time="2019-05-28T11:44:29Z" level=warning msg="Unable to connect to plugin: 127.0.0.1:49223/Test.Echo: Post http://127.0.0.1:49223/Test.Echo: net/http: request canceled (Client.Timeout exceeded while awaiting headers), retrying in 8s"
--- FAIL: TestClientWithRequestTimeout (0.00s)
    client_test.go:259: assertion failed: 
        --- context.DeadlineExceeded
        +++ err
        :
        	-: context.deadlineExceededError{}
        	+: &net.OpError{Op: "dial", Net: "tcp", Addr: s"127.0.0.1:49294", Err: &poll.TimeoutError{}}
        
time="2019-05-28T11:44:38Z" level=warning msg="Unable to locate plugin: vegetable, retrying in 1s"
time="2019-05-28T11:44:39Z" level=warning msg="Unable to locate plugin: vegetable, retrying in 2s"
time="2019-05-28T11:44:41Z" level=warning msg="Unable to locate plugin: vegetable, retrying in 4s"
time="2019-05-28T11:44:45Z" level=warning msg="Unable to locate plugin: vegetable, retrying in 8s"
FAIL
coverage: 73.6% of statements
FAIL	github.com/docker/docker/pkg/plugins	35.256s
ok  	github.com/docker/docker/pkg/plugins/pluginrpc-gen	0.085s	coverage: 56.8% of statements
?   	github.com/docker/docker/pkg/plugins/pluginrpc-gen/fixtures	[no test files]
?   	github.com/docker/docker/pkg/plugins/pluginrpc-gen/fixtures/otherfixture	[no test files]
ok  	github.com/docker/docker/pkg/plugins/transport	0.054s	coverage: 85.7% of statements
ok  	github.com/docker/docker/pkg/pools	0.038s	coverage: 87.9% of statements
ok  	github.com/docker/docker/pkg/progress	0.065s	coverage: 75.9% of statements
ok  	github.com/docker/docker/pkg/pubsub	1.087s	coverage: 72.7% of statements
ok  	github.com/docker/docker/pkg/reexec	0.086s	coverage: 82.4% of statements
ok  	github.com/docker/docker/pkg/signal	0.034s	coverage: 20.3% of statements
?   	github.com/docker/docker/pkg/signal/testfiles	[no test files]
ok  	github.com/docker/docker/pkg/stdcopy	0.040s	coverage: 100.0% of statements
ok  	github.com/docker/docker/pkg/streamformatter	0.061s	coverage: 66.2% of statements
ok  	github.com/docker/docker/pkg/stringid	0.035s	coverage: 76.0% of statements
?   	github.com/docker/docker/pkg/symlink	[no test files]
ok  	github.com/docker/docker/pkg/sysinfo	0.039s	coverage: 38.2% of statements
ok  	github.com/docker/docker/pkg/system	0.049s	coverage: 12.3% of statements
ok  	github.com/docker/docker/pkg/tailfile	0.052s	coverage: 88.6% of statements
ok  	github.com/docker/docker/pkg/tarsum	0.123s	coverage: 89.3% of statements
ok  	github.com/docker/docker/pkg/term	0.033s	coverage: 30.8% of statements
ok  	github.com/docker/docker/pkg/term/windows	0.037s	coverage: 0.0% of statements [no tests to run]
ok  	github.com/docker/docker/pkg/truncindex	0.147s	coverage: 91.5% of statements
ok  	github.com/docker/docker/pkg/urlutil	0.029s	coverage: 100.0% of statements
ok  	github.com/docker/docker/pkg/useragent	0.033s	coverage: 88.9% of statements
ok  	github.com/docker/docker/plugin	0.075s	coverage: 12.0% of statements
?   	github.com/docker/docker/plugin/executor/containerd	[no test files]
ok  	github.com/docker/docker/plugin/v2	0.044s	coverage: 20.1% of statements
ok  	github.com/docker/docker/reference	0.189s	coverage: 84.4% of statements
ok  	github.com/docker/docker/registry	0.256s	coverage: 51.8% of statements
ok  	github.com/docker/docker/registry/resumable	0.193s	coverage: 100.0% of statements
ok  	github.com/docker/docker/restartmanager	0.036s	coverage: 47.1% of statements
?   	github.com/docker/docker/rootless	[no test files]
ok  	github.com/docker/docker/runconfig	0.042s	coverage: 54.5% of statements
?   	github.com/docker/docker/runconfig/opts	[no test files]
?   	github.com/docker/docker/volume	[no test files]
ok  	github.com/docker/docker/volume/drivers	0.044s	coverage: 36.1% of statements
ok  	github.com/docker/docker/volume/local	0.066s	coverage: 37.7% of statements
ok  	github.com/docker/docker/volume/mounts	0.070s	coverage: 66.2% of statements
ok  	github.com/docker/docker/volume/service	0.292s	coverage: 70.3% of statements
?   	github.com/docker/docker/volume/service/opts	[no test files]
?   	github.com/docker/docker/volume/testutils	[no test files]

ERROR: make.ps1 failed:
Unit tests failed
At C:\go\src\github.com\docker\docker\hack\make.ps1:320 char:32
+     if ($LASTEXITCODE -ne 0) { Throw "Unit tests failed" }
+                                ~~~~~~~~~~~~~~~~~~~~~~~~~

___________      .__.__             .___
\_   _____/____  |__|  |   ____   __| _/
 |    __) \__  \ |  |  | _/ __ \ / __ | 
 |     \   / __ \|  |  |_\  ___// /_/ | 
 \___  /  (____  /__|____/\___  >____ | 
     \/        \/             \/     \/ 

INFO: make.ps1 ended at 05/28/2019 11:44:55


ERROR: Failed 'ERROR: Unit tests failed' at 05/28/2019 11:44:56
At C:\gopath\src\github.com\docker\docker\hack\ci\windows.ps1:744 char:17
+                 Throw "ERROR: Unit tests failed"
+                 ~~~~~~~~~~~~~~~~~~~~~~~~~~~~~~~~



INFO: Tidying up at end of run
INFO: Saving daemon under test log (d:\CI\CI-5ec594ef8b\dut.out) to d:\temp\CIDUT.out
INFO: Saving daemon under test log (d:\CI\CI-5ec594ef8b\dut.err) to d:\temp\CIDUT.err
INFO: Nuke-Everything...
INFO: Container count on control daemon to delete is 2
a15b6856f92b
54af99c2d9d4
INFO: Non-base image count on control daemon to delete is 1
Deleted: sha256:14645b2ec46f1a131211a993ac0dc6e088cff7d08db193848686b2c1fc7f5ecd
Deleted: sha256:cd139335df5ba957869dbb32bf3035cb04b0dbe2ddc31ad78a1d8de14483c3e8
INFO: Killing daemon with PID 6412
INFO: Tidying pidfile d:\CI\CI-5ec594ef8b\docker.pid
INFO: Stopping possible daemon pid 6412
INFO: Nuking d:\CI
INFO: Zapped successfully

INFO: executeCI.ps1 exiting at Tue May 28 11:45:10 CUT 2019. Duration 00:08:24.1329235

Build step 'Windows PowerShell' marked build as failure
Set build name.
New build name is '#39275'
[PostBuildScript] - Executing post build scripts.
Notifying endpoint with url 'https://leeroy.dockerproject.org/notification/jenkins'
Finished: FAILURE
