Started by user Gordon
Notifying endpoint with url 'https://leeroy.dockerproject.org/notification/jenkins'
[EnvInject] - Loading node environment variables.
Building remotely on ubuntu-1604-aufs-stable (i-029a003d1e0d3dd75) (docker-edge ubuntu aufs docker-stable docker ubuntu-1604-aufs-edge x86_64 ec2 linux ubuntu-1604-aufs ubuntu-1604 amd64 ubuntu-1604-aufs-stable us-west-2) in workspace /home/ubuntu/workspace/Docker-PRs-experimental
Wiping out workspace first.
Cloning the remote Git repository
Cloning repository https://github.com/moby/moby.git
 > git init /home/ubuntu/workspace/Docker-PRs-experimental # timeout=10
Fetching upstream changes from https://github.com/moby/moby.git
 > git --version # timeout=10
 > git fetch --tags --progress https://github.com/moby/moby.git +refs/heads/*:refs/remotes/origin/*
 > git config remote.origin.url https://github.com/moby/moby.git # timeout=10
 > git config --add remote.origin.fetch +refs/heads/*:refs/remotes/origin/* # timeout=10
 > git config remote.origin.url https://github.com/moby/moby.git # timeout=10
Fetching upstream changes from https://github.com/moby/moby.git
 > git fetch --tags --progress https://github.com/moby/moby.git +refs/heads/*:refs/remotes/origin/*
 > git rev-parse origin/master^{commit} # timeout=10
Checking out Revision f5238762a848e7593d3575696403e74e72bc8557 (origin/master)
 > git config core.sparsecheckout # timeout=10
 > git checkout -f f5238762a848e7593d3575696403e74e72bc8557
Commit message: "Merge pull request #38480 from thaJeztah/run_slow_test_parallel"
 > git rev-list --no-walk f5238762a848e7593d3575696403e74e72bc8557 # timeout=10
Set build name.
New build name is '#38500'
[Docker-PRs-experimental] $ /bin/bash /tmp/jenkins3063309292258041117.sh
From https://github.com/moby/moby
 * [new ref]         refs/pull/38500/head -> origin/pr/38500
Merge made by the 'recursive' strategy.
 registry/service_v2.go | 66 +++++++++++++++++++++++++-------------------------
 1 file changed, 33 insertions(+), 33 deletions(-)
Sending build context to Docker daemon  45.11MB
Step 1/94 : FROM golang:1.11.4 AS base
 ---> 343df9d12b7b
Step 2/94 : ARG APT_MIRROR=deb.debian.org
 ---> Using cache
 ---> b85b01e7a91f
Step 3/94 : RUN sed -ri "s/(httpredir|deb).debian.org/$APT_MIRROR/g" /etc/apt/sources.list
 ---> Using cache
 ---> f12aeed5bcff
Step 4/94 : FROM base AS criu
 ---> f12aeed5bcff
Step 5/94 : ENV CRIU_VERSION 3.6
 ---> Using cache
 ---> fab6d1edb990
Step 6/94 : RUN apt-get update && apt-get install -y 	libnet-dev 	libprotobuf-c0-dev 	libprotobuf-dev 	libnl-3-dev 	libcap-dev 	protobuf-compiler 	protobuf-c-compiler 	python-protobuf 	&& mkdir -p /usr/src/criu 	&& curl -sSL https://github.com/checkpoint-restore/criu/archive/v${CRIU_VERSION}.tar.gz | tar -C /usr/src/criu/ -xz --strip-components=1 	&& cd /usr/src/criu 	&& make 	&& make PREFIX=/build/ install-criu
 ---> Using cache
 ---> 286b59867b5b
Step 7/94 : FROM base AS registry
 ---> f12aeed5bcff
Step 8/94 : ENV REGISTRY_COMMIT_SCHEMA1 ec87e9b6971d831f0eff752ddb54fb64693e51cd
 ---> Using cache
 ---> 5f66160dc631
Step 9/94 : ENV REGISTRY_COMMIT 47a064d4195a9b56133891bbb13620c3ac83a827
 ---> Using cache
 ---> 7c84751527fe
Step 10/94 : RUN set -x 	&& export GOPATH="$(mktemp -d)" 	&& git clone https://github.com/docker/distribution.git "$GOPATH/src/github.com/docker/distribution" 	&& (cd "$GOPATH/src/github.com/docker/distribution" && git checkout -q "$REGISTRY_COMMIT") 	&& GOPATH="$GOPATH/src/github.com/docker/distribution/Godeps/_workspace:$GOPATH" 		go build -buildmode=pie -o /build/registry-v2 github.com/docker/distribution/cmd/registry 	&& case $(dpkg --print-architecture) in 		amd64|ppc64*|s390x) 		(cd "$GOPATH/src/github.com/docker/distribution" && git checkout -q "$REGISTRY_COMMIT_SCHEMA1"); 		GOPATH="$GOPATH/src/github.com/docker/distribution/Godeps/_workspace:$GOPATH"; 			go build -buildmode=pie -o /build/registry-v2-schema1 github.com/docker/distribution/cmd/registry; 		;; 	   esac 	&& rm -rf "$GOPATH"
 ---> Using cache
 ---> 07150ae3b405
Step 11/94 : FROM base AS docker-py
 ---> f12aeed5bcff
Step 12/94 : ENV DOCKER_PY_COMMIT 8b246db271a85d6541dc458838627e89c683e42f
 ---> Using cache
 ---> 4b234151fabd
Step 13/94 : RUN git clone https://github.com/docker/docker-py.git /build 	&& cd /build 	&& git checkout -q $DOCKER_PY_COMMIT
 ---> Using cache
 ---> a1efc1e7f3ca
Step 14/94 : FROM base AS swagger
 ---> f12aeed5bcff
Step 15/94 : ENV GO_SWAGGER_COMMIT c28258affb0b6251755d92489ef685af8d4ff3eb
 ---> Using cache
 ---> 9e3570418fe2
Step 16/94 : RUN set -x 	&& export GOPATH="$(mktemp -d)" 	&& git clone https://github.com/go-swagger/go-swagger.git "$GOPATH/src/github.com/go-swagger/go-swagger" 	&& (cd "$GOPATH/src/github.com/go-swagger/go-swagger" && git checkout -q "$GO_SWAGGER_COMMIT") 	&& go build -o /build/swagger github.com/go-swagger/go-swagger/cmd/swagger 	&& rm -rf "$GOPATH"
 ---> Using cache
 ---> e6c211c54456
Step 17/94 : FROM base AS frozen-images
 ---> f12aeed5bcff
Step 18/94 : RUN apt-get update && apt-get install -y jq ca-certificates --no-install-recommends
 ---> Using cache
 ---> c8ee3fcbc5cf
Step 19/94 : COPY contrib/download-frozen-image-v2.sh /
 ---> Using cache
 ---> d7a218c34d43
Step 20/94 : RUN /download-frozen-image-v2.sh /build 	buildpack-deps:jessie@sha256:dd86dced7c9cd2a724e779730f0a53f93b7ef42228d4344b25ce9a42a1486251 	busybox:latest@sha256:bbc3a03235220b170ba48a157dd097dd1379299370e1ed99ce976df0355d24f0 	busybox:glibc@sha256:0b55a30394294ab23b9afd58fab94e61a923f5834fba7ddbae7f8e0c11ba85e6 	debian:jessie@sha256:287a20c5f73087ab406e6b364833e3fb7b3ae63ca0eb3486555dc27ed32c6e60 	hello-world:latest@sha256:be0cd392e45be79ffeffa6b05338b98ebb16c87b255f48e297ec7f98e123905c
 ---> Using cache
 ---> 57a52975680b
Step 21/94 : FROM base AS runtime-dev
 ---> f12aeed5bcff
Step 22/94 : RUN apt-get update && apt-get install -y 	libapparmor-dev 	libseccomp-dev
 ---> Using cache
 ---> 2929acf52b94
Step 23/94 : FROM base AS tomlv
 ---> f12aeed5bcff
Step 24/94 : ENV INSTALL_BINARY_NAME=tomlv
 ---> Using cache
 ---> 3b1e4efa3313
Step 25/94 : COPY hack/dockerfile/install/install.sh ./install.sh
 ---> Using cache
 ---> f07f75cda0ec
Step 26/94 : COPY hack/dockerfile/install/$INSTALL_BINARY_NAME.installer ./
 ---> Using cache
 ---> ea91f905509e
Step 27/94 : RUN PREFIX=/build ./install.sh $INSTALL_BINARY_NAME
 ---> Using cache
 ---> 6a9fa617e39f
Step 28/94 : FROM base AS vndr
 ---> f12aeed5bcff
Step 29/94 : ENV INSTALL_BINARY_NAME=vndr
 ---> Using cache
 ---> 69e7ee8537ca
Step 30/94 : COPY hack/dockerfile/install/install.sh ./install.sh
 ---> Using cache
 ---> f71ea723f270
Step 31/94 : COPY hack/dockerfile/install/$INSTALL_BINARY_NAME.installer ./
 ---> Using cache
 ---> d1f4e12260e8
Step 32/94 : RUN PREFIX=/build ./install.sh $INSTALL_BINARY_NAME
 ---> Using cache
 ---> ee9a6c94580b
Step 33/94 : FROM base AS containerd
 ---> f12aeed5bcff
Step 34/94 : RUN apt-get update && apt-get install -y btrfs-tools
 ---> Using cache
 ---> 708cf155b704
Step 35/94 : ENV INSTALL_BINARY_NAME=containerd
 ---> Using cache
 ---> 9d1601639b2f
Step 36/94 : COPY hack/dockerfile/install/install.sh ./install.sh
 ---> Using cache
 ---> 0cb794b1b544
Step 37/94 : COPY hack/dockerfile/install/$INSTALL_BINARY_NAME.installer ./
 ---> Using cache
 ---> fc21893a7d94
Step 38/94 : RUN PREFIX=/build ./install.sh $INSTALL_BINARY_NAME
 ---> Using cache
 ---> 4f3f0d1f980e
Step 39/94 : FROM base AS proxy
 ---> f12aeed5bcff
Step 40/94 : ENV INSTALL_BINARY_NAME=proxy
 ---> Using cache
 ---> 82e0813928b8
Step 41/94 : COPY hack/dockerfile/install/install.sh ./install.sh
 ---> Using cache
 ---> 994bdbc505c0
Step 42/94 : COPY hack/dockerfile/install/$INSTALL_BINARY_NAME.installer ./
 ---> Using cache
 ---> c164186e5468
Step 43/94 : RUN PREFIX=/build ./install.sh $INSTALL_BINARY_NAME
 ---> Using cache
 ---> 3fdb86bfdc00
Step 44/94 : FROM base AS gometalinter
 ---> f12aeed5bcff
Step 45/94 : ENV INSTALL_BINARY_NAME=gometalinter
 ---> Using cache
 ---> 9a34758feb26
Step 46/94 : COPY hack/dockerfile/install/install.sh ./install.sh
 ---> Using cache
 ---> 1bed3e7d81d2
Step 47/94 : COPY hack/dockerfile/install/$INSTALL_BINARY_NAME.installer ./
 ---> Using cache
 ---> dc8d62142692
Step 48/94 : RUN PREFIX=/build ./install.sh $INSTALL_BINARY_NAME
 ---> Using cache
 ---> 22e3026e27a4
Step 49/94 : FROM base AS dockercli
 ---> f12aeed5bcff
Step 50/94 : ENV INSTALL_BINARY_NAME=dockercli
 ---> Using cache
 ---> 782a14308520
Step 51/94 : COPY hack/dockerfile/install/install.sh ./install.sh
 ---> Using cache
 ---> 25d994060c15
Step 52/94 : COPY hack/dockerfile/install/$INSTALL_BINARY_NAME.installer ./
 ---> Using cache
 ---> 999d48cb5b0c
Step 53/94 : RUN PREFIX=/build ./install.sh $INSTALL_BINARY_NAME
 ---> Using cache
 ---> 11e1532e353c
Step 54/94 : FROM runtime-dev AS runc
 ---> 2929acf52b94
Step 55/94 : ENV INSTALL_BINARY_NAME=runc
 ---> Using cache
 ---> efbaaf5f471c
Step 56/94 : COPY hack/dockerfile/install/install.sh ./install.sh
 ---> Using cache
 ---> f1393225f528
Step 57/94 : COPY hack/dockerfile/install/$INSTALL_BINARY_NAME.installer ./
 ---> Using cache
 ---> b959471c5b02
Step 58/94 : RUN PREFIX=/build ./install.sh $INSTALL_BINARY_NAME
 ---> Using cache
 ---> 8a8a220b1aaa
Step 59/94 : FROM base AS tini
 ---> f12aeed5bcff
Step 60/94 : RUN apt-get update && apt-get install -y cmake vim-common
 ---> Using cache
 ---> 5c1e3851d846
Step 61/94 : COPY hack/dockerfile/install/install.sh ./install.sh
 ---> Using cache
 ---> 36c49e6b7156
Step 62/94 : ENV INSTALL_BINARY_NAME=tini
 ---> Using cache
 ---> b7cf4e6dfcdf
Step 63/94 : COPY hack/dockerfile/install/$INSTALL_BINARY_NAME.installer ./
 ---> Using cache
 ---> dec3141d7570
Step 64/94 : RUN PREFIX=/build ./install.sh $INSTALL_BINARY_NAME
 ---> Using cache
 ---> 7132efe06244
Step 65/94 : FROM runtime-dev AS dev
 ---> 2929acf52b94
Step 66/94 : RUN groupadd -r docker
 ---> Using cache
 ---> a6dcad7490e4
Step 67/94 : RUN useradd --create-home --gid docker unprivilegeduser
 ---> Using cache
 ---> 8e4e15d3d0ae
Step 68/94 : RUN ln -sfv /go/src/github.com/docker/docker/.bashrc ~/.bashrc
 ---> Using cache
 ---> 162b9c15df2c
Step 69/94 : RUN echo "source /usr/share/bash-completion/bash_completion" >> /etc/bash.bashrc
 ---> Using cache
 ---> b0c1f381bd1a
Step 70/94 : RUN ln -s /usr/local/completion/bash/docker /etc/bash_completion.d/docker
 ---> Using cache
 ---> 537326b157ef
Step 71/94 : RUN ldconfig
 ---> Using cache
 ---> ddb8a33af4cd
Step 72/94 : RUN apt-get update && apt-get install -y 	apparmor 	aufs-tools 	bash-completion 	btrfs-tools 	iptables 	jq 	libcap2-bin 	libdevmapper-dev 	libudev-dev 	libsystemd-dev 	binutils-mingw-w64 	g++-mingw-w64-x86-64 	net-tools 	pigz 	python-backports.ssl-match-hostname 	python-dev 	python-mock 	python-pip 	python-requests 	python-setuptools 	python-websocket 	python-wheel 	thin-provisioning-tools 	vim 	vim-common 	xfsprogs 	zip 	bzip2 	xz-utils 	--no-install-recommends
 ---> Using cache
 ---> 7165780fb91c
Step 73/94 : COPY --from=swagger /build/swagger* /usr/local/bin/
 ---> Using cache
 ---> 3089e2aea434
Step 74/94 : COPY --from=frozen-images /build/ /docker-frozen-images
 ---> Using cache
 ---> 3941693d25b1
Step 75/94 : COPY --from=gometalinter /build/ /usr/local/bin/
 ---> Using cache
 ---> d108b0ac31e4
Step 76/94 : COPY --from=tomlv /build/ /usr/local/bin/
 ---> Using cache
 ---> 47d0dbdb1e2a
Step 77/94 : COPY --from=vndr /build/ /usr/local/bin/
 ---> Using cache
 ---> 2c829494fc05
Step 78/94 : COPY --from=tini /build/ /usr/local/bin/
 ---> Using cache
 ---> b1571e1df19d
Step 79/94 : COPY --from=runc /build/ /usr/local/bin/
 ---> Using cache
 ---> 497242846233
Step 80/94 : COPY --from=containerd /build/ /usr/local/bin/
 ---> Using cache
 ---> 4f8405fa3ea5
Step 81/94 : COPY --from=proxy /build/ /usr/local/bin/
 ---> Using cache
 ---> 47bafe1be649
Step 82/94 : COPY --from=dockercli /build/ /usr/local/cli
 ---> Using cache
 ---> 95f0fedd8461
Step 83/94 : COPY --from=registry /build/registry* /usr/local/bin/
 ---> Using cache
 ---> 14e3260152e1
Step 84/94 : COPY --from=criu /build/ /usr/local/
 ---> Using cache
 ---> cc7c1c05bcd2
Step 85/94 : COPY --from=docker-py /build/ /docker-py
 ---> Using cache
 ---> dadb04c71fb0
Step 86/94 : RUN cd /docker-py 	&& pip install docker-pycreds==0.2.1 	&& pip install yamllint==1.5.0 	&& pip install -r test-requirements.txt
 ---> Using cache
 ---> 4856ce0fb9a6
Step 87/94 : ENV PATH=/usr/local/cli:$PATH
 ---> Using cache
 ---> 90c9ea626b60
Step 88/94 : ENV DOCKER_BUILDTAGS apparmor seccomp selinux
 ---> Using cache
 ---> 108b07570e4f
Step 89/94 : ENV GOMETALINTER_OPTS="--deadline=2m"
 ---> Using cache
 ---> 31fbb0fd006c
Step 90/94 : WORKDIR /go/src/github.com/docker/docker
 ---> Using cache
 ---> 8f852bce3b38
Step 91/94 : VOLUME /var/lib/docker
 ---> Using cache
 ---> 232150951bfa
Step 92/94 : ENTRYPOINT ["hack/dind"]
 ---> Using cache
 ---> b4d66e9ef177
Step 93/94 : FROM dev AS final
 ---> b4d66e9ef177
Step 94/94 : COPY . /go/src/github.com/docker/docker
 ---> 4bd1288a3927
Successfully built 4bd1288a3927
Successfully tagged docker:53d0784-exp

Removing bundles/

---> Making bundle: binary-daemon (in bundles/binary-daemon)
Building: bundles/binary-daemon/dockerd-dev
Created binary: bundles/binary-daemon/dockerd-dev
Copying nested executables into bundles/binary-daemon

---> Making bundle: test-integration (in bundles/test-integration)
Building test suite binary ./integration-cli/test.main
Building test suite binary ./integration/plugin/test.main
Building test suite binary ./integration/plugin/authz/test.main
Building test suite binary ./integration/plugin/logging/test.main
Building test suite binary ./integration/plugin/logging/cmd/test.main
Building test suite binary ./integration/plugin/logging/cmd/close_on_start/test.main
Building test suite binary ./integration/plugin/logging/cmd/dummy/test.main
Building test suite binary ./integration/plugin/common/test.main
Building test suite binary ./integration/plugin/volumes/test.main
Building test suite binary ./integration/plugin/volumes/cmd/test.main
Building test suite binary ./integration/plugin/volumes/cmd/dummy/test.main
Building test suite binary ./integration/plugin/graphdriver/test.main
Building test suite binary ./integration/config/test.main
Building test suite binary ./integration/service/test.main
Building test suite binary ./integration/network/test.main
Building test suite binary ./integration/network/ipvlan/test.main
Building test suite binary ./integration/network/macvlan/test.main
Building test suite binary ./integration/secret/test.main
Building test suite binary ./integration/session/test.main
Building test suite binary ./integration/container/test.main
Building test suite binary ./integration/build/test.main
Building test suite binary ./integration/volume/test.main
Building test suite binary ./integration/system/test.main
Building test suite binary ./integration/image/test.main
---> Making bundle: .integration-daemon-start (in bundles/test-integration)
Using test binary docker
# DOCKER_EXPERIMENTAL is set: starting daemon with experimental features enabled! 
/etc/init.d/apparmor: 130: /etc/init.d/apparmor: systemd-detect-virt: not found
Starting AppArmor profiles:Warning from stdin (line 1): /sbin/apparmor_parser: cannot use or update cache, disable, or force-complain via stdin
Warning failed to create cache: (null)
.
INFO: Waiting for daemon to start...
Starting dockerd
.
---> Making bundle: .integration-daemon-setup (in bundles/test-integration)
---> Making bundle: .ensure-emptyfs (in bundles/test-integration)
Error: No such image: emptyfs
Running integration-test (iteration 1)
Running /go/src/github.com/docker/docker/integration/plugin
testing: warning: no tests to run
PASS
Running /go/src/github.com/docker/docker/integration/plugin/authz
Loaded image: buildpack-deps:jessie
Loaded image: busybox:latest
Loaded image: busybox:glibc
Loaded image: debian:jessie
Loaded image: hello-world:latest
INFO: Testing against a local daemon
=== RUN   TestAuthZPluginAllowRequest
--- PASS: TestAuthZPluginAllowRequest (7.79s)
    daemon.go:296: [d9344af75dcd1] waiting for daemon to start
    daemon.go:328: [d9344af75dcd1] daemon started
    daemon.go:283: [d9344af75dcd1] exiting daemon
=== RUN   TestAuthZPluginTLS
--- PASS: TestAuthZPluginTLS (3.11s)
    daemon.go:296: [dc2aed3666557] waiting for daemon to start
    daemon.go:328: [dc2aed3666557] daemon started
    daemon.go:283: [dc2aed3666557] exiting daemon
=== RUN   TestAuthZPluginDenyRequest
--- PASS: TestAuthZPluginDenyRequest (3.00s)
    daemon.go:296: [d63aa3390a73b] waiting for daemon to start
    daemon.go:328: [d63aa3390a73b] daemon started
    daemon.go:283: [d63aa3390a73b] exiting daemon
=== RUN   TestAuthZPluginAPIDenyResponse
--- PASS: TestAuthZPluginAPIDenyResponse (0.52s)
    daemon.go:296: [d6c09607b9d10] waiting for daemon to start
    daemon.go:328: [d6c09607b9d10] daemon started
    daemon.go:283: [d6c09607b9d10] exiting daemon
=== RUN   TestAuthZPluginDenyResponse
--- PASS: TestAuthZPluginDenyResponse (0.52s)
    daemon.go:296: [d5da4a06dcfae] waiting for daemon to start
    daemon.go:328: [d5da4a06dcfae] daemon started
    daemon.go:283: [d5da4a06dcfae] exiting daemon
=== RUN   TestAuthZPluginAllowEventStream
--- PASS: TestAuthZPluginAllowEventStream (1.24s)
    daemon.go:296: [d8cb02c9a4cfe] waiting for daemon to start
    daemon.go:328: [d8cb02c9a4cfe] daemon started
    daemon.go:283: [d8cb02c9a4cfe] exiting daemon
=== RUN   TestAuthZPluginErrorResponse
--- PASS: TestAuthZPluginErrorResponse (0.52s)
    daemon.go:296: [db2235f6a5225] waiting for daemon to start
    daemon.go:328: [db2235f6a5225] daemon started
    daemon.go:283: [db2235f6a5225] exiting daemon
=== RUN   TestAuthZPluginErrorRequest
--- PASS: TestAuthZPluginErrorRequest (0.53s)
    daemon.go:296: [d7dd081c325a6] waiting for daemon to start
    daemon.go:328: [d7dd081c325a6] daemon started
    daemon.go:283: [d7dd081c325a6] exiting daemon
=== RUN   TestAuthZPluginEnsureNoDuplicatePluginRegistration
--- PASS: TestAuthZPluginEnsureNoDuplicatePluginRegistration (0.53s)
    daemon.go:296: [d18b4e58bf515] waiting for daemon to start
    daemon.go:328: [d18b4e58bf515] daemon started
    daemon.go:283: [d18b4e58bf515] exiting daemon
=== RUN   TestAuthZPluginEnsureLoadImportWorking
--- PASS: TestAuthZPluginEnsureLoadImportWorking (1.46s)
    daemon.go:296: [d651e353864a3] waiting for daemon to start
    daemon.go:328: [d651e353864a3] daemon started
    daemon.go:283: [d651e353864a3] exiting daemon
=== RUN   TestAuthzPluginEnsureContainerCopyToFrom
--- PASS: TestAuthzPluginEnsureContainerCopyToFrom (1.53s)
    daemon.go:296: [d06a3c14da000] waiting for daemon to start
    daemon.go:328: [d06a3c14da000] daemon started
    daemon.go:283: [d06a3c14da000] exiting daemon
=== RUN   TestAuthZPluginHeader
--- PASS: TestAuthZPluginHeader (0.73s)
    daemon.go:296: [d9965398c4cd0] waiting for daemon to start
    daemon.go:328: [d9965398c4cd0] daemon started
    daemon.go:283: [d9965398c4cd0] exiting daemon
=== RUN   TestAuthZPluginV2AllowNonVolumeRequest
--- PASS: TestAuthZPluginV2AllowNonVolumeRequest (6.44s)
    daemon.go:296: [dff7ed64d5cda] waiting for daemon to start
    daemon.go:328: [dff7ed64d5cda] daemon started
    daemon.go:283: [dff7ed64d5cda] exiting daemon
    daemon.go:296: [dff7ed64d5cda] waiting for daemon to start
    daemon.go:328: [dff7ed64d5cda] daemon started
    daemon.go:283: [dff7ed64d5cda] exiting daemon
=== RUN   TestAuthZPluginV2Disable
--- PASS: TestAuthZPluginV2Disable (5.93s)
    daemon.go:296: [d17498d9a194e] waiting for daemon to start
    daemon.go:328: [d17498d9a194e] daemon started
    daemon.go:283: [d17498d9a194e] exiting daemon
    daemon.go:296: [d17498d9a194e] waiting for daemon to start
    daemon.go:328: [d17498d9a194e] daemon started
    daemon.go:283: [d17498d9a194e] exiting daemon
=== RUN   TestAuthZPluginV2RejectVolumeRequests
--- PASS: TestAuthZPluginV2RejectVolumeRequests (5.68s)
    daemon.go:296: [d77e97ed20a6d] waiting for daemon to start
    daemon.go:328: [d77e97ed20a6d] daemon started
    daemon.go:283: [d77e97ed20a6d] exiting daemon
    daemon.go:296: [d77e97ed20a6d] waiting for daemon to start
    daemon.go:328: [d77e97ed20a6d] daemon started
    daemon.go:283: [d77e97ed20a6d] exiting daemon
=== RUN   TestAuthZPluginV2BadManifestFailsDaemonStart
--- PASS: TestAuthZPluginV2BadManifestFailsDaemonStart (13.85s)
    daemon.go:296: [d0999d5e20fce] waiting for daemon to start
    daemon.go:328: [d0999d5e20fce] daemon started
    daemon.go:283: [d0999d5e20fce] exiting daemon
    daemon.go:296: [d0999d5e20fce] waiting for daemon to start
    daemon.go:296: [d0999d5e20fce] waiting for daemon to start
    daemon.go:283: [d0999d5e20fce] exiting daemon
    daemon.go:296: [d0999d5e20fce] waiting for daemon to start
    daemon.go:328: [d0999d5e20fce] daemon started
    daemon.go:283: [d0999d5e20fce] exiting daemon
=== RUN   TestAuthZPluginV2NonexistentFailsDaemonStart
--- PASS: TestAuthZPluginV2NonexistentFailsDaemonStart (16.53s)
    daemon.go:296: [dbf826171e58a] waiting for daemon to start
    daemon.go:328: [dbf826171e58a] daemon started
    daemon.go:283: [dbf826171e58a] exiting daemon
    daemon.go:296: [dbf826171e58a] waiting for daemon to start
    daemon.go:296: [dbf826171e58a] waiting for daemon to start
    daemon.go:296: [dbf826171e58a] waiting for daemon to start
    daemon.go:328: [dbf826171e58a] daemon started
    daemon.go:283: [dbf826171e58a] exiting daemon
PASS
Running /go/src/github.com/docker/docker/integration/plugin/logging
INFO: Testing against a local daemon
=== RUN   TestContinueAfterPluginCrash
=== PAUSE TestContinueAfterPluginCrash
=== RUN   TestDaemonStartWithLogOpt
=== PAUSE TestDaemonStartWithLogOpt
=== CONT  TestContinueAfterPluginCrash
=== CONT  TestDaemonStartWithLogOpt
--- PASS: TestDaemonStartWithLogOpt (14.59s)
    daemon.go:296: [d5f71c9840f8e] waiting for daemon to start
    daemon.go:328: [d5f71c9840f8e] daemon started
    daemon.go:283: [d5f71c9840f8e] exiting daemon
    daemon.go:296: [d5f71c9840f8e] waiting for daemon to start
    daemon.go:328: [d5f71c9840f8e] daemon started
    daemon.go:283: [d5f71c9840f8e] exiting daemon
--- PASS: TestContinueAfterPluginCrash (20.50s)
    daemon.go:296: [de16949417e31] waiting for daemon to start
    daemon.go:328: [de16949417e31] daemon started
    daemon.go:283: [de16949417e31] exiting daemon
PASS
Running /go/src/github.com/docker/docker/integration/plugin/logging/cmd
testing: warning: no tests to run
PASS
Running /go/src/github.com/docker/docker/integration/plugin/logging/cmd/close_on_start
testing: warning: no tests to run
PASS
Running /go/src/github.com/docker/docker/integration/plugin/logging/cmd/dummy
testing: warning: no tests to run
PASS
Running /go/src/github.com/docker/docker/integration/plugin/common
INFO: Testing against a local daemon
=== RUN   TestPluginInvalidJSON
=== RUN   TestPluginInvalidJSON//plugins/foobar/set
=== PAUSE TestPluginInvalidJSON//plugins/foobar/set
=== CONT  TestPluginInvalidJSON//plugins/foobar/set
--- PASS: TestPluginInvalidJSON (0.01s)
    --- PASS: TestPluginInvalidJSON//plugins/foobar/set (0.00s)
PASS
Running /go/src/github.com/docker/docker/integration/plugin/volumes
INFO: Testing against a local daemon
=== RUN   TestPluginWithDevMounts
=== PAUSE TestPluginWithDevMounts
=== CONT  TestPluginWithDevMounts
--- PASS: TestPluginWithDevMounts (1.76s)
    daemon.go:296: [d1ead75b287d2] waiting for daemon to start
    daemon.go:328: [d1ead75b287d2] daemon started
    daemon.go:283: [d1ead75b287d2] exiting daemon
PASS
Running /go/src/github.com/docker/docker/integration/plugin/volumes/cmd
testing: warning: no tests to run
PASS
Running /go/src/github.com/docker/docker/integration/plugin/volumes/cmd/dummy
testing: warning: no tests to run
PASS
Running /go/src/github.com/docker/docker/integration/plugin/graphdriver
INFO: Testing against a local daemon
=== RUN   TestExternalGraphDriver
=== RUN   TestExternalGraphDriver/json
=== RUN   TestExternalGraphDriver/spec
=== RUN   TestExternalGraphDriver/pull
--- PASS: TestExternalGraphDriver (7.00s)
    daemon.go:296: [dd23d5997ac65] waiting for daemon to start
    daemon.go:328: [dd23d5997ac65] daemon started
    daemon.go:283: [dd23d5997ac65] exiting daemon
    daemon.go:296: [dd23d5997ac65] waiting for daemon to start
    daemon.go:328: [dd23d5997ac65] daemon started
    daemon.go:283: [dd23d5997ac65] exiting daemon
    --- PASS: TestExternalGraphDriver/json (1.72s)
    daemon.go:296: [dd23d5997ac65] waiting for daemon to start
    daemon.go:328: [dd23d5997ac65] daemon started
    daemon.go:283: [dd23d5997ac65] exiting daemon
    daemon.go:296: [dd23d5997ac65] waiting for daemon to start
    daemon.go:328: [dd23d5997ac65] daemon started
    daemon.go:283: [dd23d5997ac65] exiting daemon
    --- PASS: TestExternalGraphDriver/spec (1.74s)
    daemon.go:296: [dd23d5997ac65] waiting for daemon to start
    daemon.go:328: [dd23d5997ac65] daemon started
    daemon.go:283: [dd23d5997ac65] exiting daemon
    --- PASS: TestExternalGraphDriver/pull (3.07s)
=== RUN   TestGraphdriverPluginV2
--- SKIP: TestGraphdriverPluginV2 (0.32s)
    external_test.go:411: !requirement.Overlay2Supported(testEnv.DaemonInfo.KernelVersion)
PASS
Running /go/src/github.com/docker/docker/integration/config
INFO: Testing against a local daemon
=== RUN   TestConfigList
--- PASS: TestConfigList (2.15s)
    daemon.go:296: [d3eb7f8aff674] waiting for daemon to start
    daemon.go:328: [d3eb7f8aff674] daemon started
    daemon.go:283: [d3eb7f8aff674] exiting daemon
=== RUN   TestConfigsCreateAndDelete
--- PASS: TestConfigsCreateAndDelete (2.17s)
    daemon.go:296: [db67f7fa48521] waiting for daemon to start
    daemon.go:328: [db67f7fa48521] daemon started
    daemon.go:283: [db67f7fa48521] exiting daemon
=== RUN   TestConfigsUpdate
--- PASS: TestConfigsUpdate (2.13s)
    daemon.go:296: [d6c1461622961] waiting for daemon to start
    daemon.go:328: [d6c1461622961] daemon started
    daemon.go:283: [d6c1461622961] exiting daemon
=== RUN   TestTemplatedConfig
--- PASS: TestTemplatedConfig (2.69s)
    daemon.go:296: [d4b6415a7f1ed] waiting for daemon to start
    daemon.go:328: [d4b6415a7f1ed] daemon started
    daemon.go:283: [d4b6415a7f1ed] exiting daemon
=== RUN   TestConfigInspect
--- PASS: TestConfigInspect (2.14s)
    daemon.go:296: [d50f5ee311bb4] waiting for daemon to start
    daemon.go:328: [d50f5ee311bb4] daemon started
    daemon.go:283: [d50f5ee311bb4] exiting daemon
=== RUN   TestConfigCreateWithLabels
--- PASS: TestConfigCreateWithLabels (2.17s)
    daemon.go:296: [df9a356809d5e] waiting for daemon to start
    daemon.go:328: [df9a356809d5e] daemon started
    daemon.go:283: [df9a356809d5e] exiting daemon
=== RUN   TestConfigCreateResolve
--- PASS: TestConfigCreateResolve (2.08s)
    daemon.go:296: [dc9f877f732da] waiting for daemon to start
    daemon.go:328: [dc9f877f732da] daemon started
    daemon.go:283: [dc9f877f732da] exiting daemon
PASS
Running /go/src/github.com/docker/docker/integration/service
INFO: Testing against a local daemon
=== RUN   TestServiceCreateInit
=== RUN   TestServiceCreateInit/daemonInitDisabled
=== RUN   TestServiceCreateInit/daemonInitEnabled
--- PASS: TestServiceCreateInit (8.05s)
    --- PASS: TestServiceCreateInit/daemonInitDisabled (4.02s)
        daemon.go:296: [dc406a00d88a9] waiting for daemon to start
        daemon.go:328: [dc406a00d88a9] daemon started
        daemon.go:283: [dc406a00d88a9] exiting daemon
    --- PASS: TestServiceCreateInit/daemonInitEnabled (4.02s)
        daemon.go:296: [da0f182fbcee9] waiting for daemon to start
        daemon.go:328: [da0f182fbcee9] daemon started
        daemon.go:283: [da0f182fbcee9] exiting daemon
=== RUN   TestCreateServiceMultipleTimes
--- PASS: TestCreateServiceMultipleTimes (24.08s)
    daemon.go:296: [df12a8d117e64] waiting for daemon to start
    daemon.go:328: [df12a8d117e64] daemon started
    daemon.go:283: [df12a8d117e64] exiting daemon
=== RUN   TestCreateServiceConflict
--- PASS: TestCreateServiceConflict (2.12s)
    daemon.go:296: [d440c7adfe595] waiting for daemon to start
    daemon.go:328: [d440c7adfe595] daemon started
    daemon.go:283: [d440c7adfe595] exiting daemon
=== RUN   TestCreateServiceMaxReplicas
--- PASS: TestCreateServiceMaxReplicas (2.80s)
    daemon.go:296: [d6c58bbe0011d] waiting for daemon to start
    daemon.go:328: [d6c58bbe0011d] daemon started
    daemon.go:283: [d6c58bbe0011d] exiting daemon
=== RUN   TestCreateWithDuplicateNetworkNames
--- PASS: TestCreateWithDuplicateNetworkNames (12.95s)
    daemon.go:296: [d229999151f7b] waiting for daemon to start
    daemon.go:328: [d229999151f7b] daemon started
    daemon.go:283: [d229999151f7b] exiting daemon
=== RUN   TestCreateServiceSecretFileMode
--- PASS: TestCreateServiceSecretFileMode (2.57s)
    daemon.go:296: [d854d95304d1d] waiting for daemon to start
    daemon.go:328: [d854d95304d1d] daemon started
    daemon.go:283: [d854d95304d1d] exiting daemon
=== RUN   TestCreateServiceConfigFileMode
--- PASS: TestCreateServiceConfigFileMode (2.59s)
    daemon.go:296: [d05d45e49cb0f] waiting for daemon to start
    daemon.go:328: [d05d45e49cb0f] daemon started
    daemon.go:283: [d05d45e49cb0f] exiting daemon
=== RUN   TestCreateServiceSysctls
--- PASS: TestCreateServiceSysctls (3.35s)
    daemon.go:296: [d940b5acbf3bc] waiting for daemon to start
    daemon.go:328: [d940b5acbf3bc] daemon started
    daemon.go:283: [d940b5acbf3bc] exiting daemon
=== RUN   TestInspect
--- PASS: TestInspect (2.16s)
    daemon.go:296: [d594ed7439b2f] waiting for daemon to start
    daemon.go:328: [d594ed7439b2f] daemon started
    daemon.go:283: [d594ed7439b2f] exiting daemon
=== RUN   TestDockerNetworkConnectAlias
--- PASS: TestDockerNetworkConnectAlias (4.07s)
    daemon.go:296: [dc955d4a8a748] waiting for daemon to start
    daemon.go:328: [dc955d4a8a748] daemon started
    daemon.go:283: [dc955d4a8a748] exiting daemon
=== RUN   TestServicePlugin
--- PASS: TestServicePlugin (36.17s)
    daemon.go:296: [dec488709df09] waiting for daemon to start
    daemon.go:328: [dec488709df09] daemon started
    daemon.go:283: [dec488709df09] exiting daemon
    daemon.go:296: [db3ff56ff4b1d] waiting for daemon to start
    daemon.go:328: [db3ff56ff4b1d] daemon started
    daemon.go:296: [ddd9917d94676] waiting for daemon to start
    daemon.go:328: [ddd9917d94676] daemon started
    daemon.go:296: [d5a9922fd1433] waiting for daemon to start
    daemon.go:328: [d5a9922fd1433] daemon started
    daemon.go:283: [d5a9922fd1433] exiting daemon
    daemon.go:283: [ddd9917d94676] exiting daemon
    daemon.go:283: [db3ff56ff4b1d] exiting daemon
=== RUN   TestServiceUpdateLabel
--- PASS: TestServiceUpdateLabel (2.07s)
    daemon.go:296: [d627c68dfacc2] waiting for daemon to start
    daemon.go:328: [d627c68dfacc2] daemon started
    daemon.go:283: [d627c68dfacc2] exiting daemon
=== RUN   TestServiceUpdateSecrets
--- PASS: TestServiceUpdateSecrets (14.54s)
    daemon.go:296: [da6b5c0101c35] waiting for daemon to start
    daemon.go:328: [da6b5c0101c35] daemon started
    daemon.go:283: [da6b5c0101c35] exiting daemon
=== RUN   TestServiceUpdateConfigs
--- FAIL: TestServiceUpdateConfigs (2.18s)
    daemon.go:296: [de1bccb747c5e] waiting for daemon to start
    daemon.go:328: [de1bccb747c5e] daemon started
    update_test.go:188: assertion failed: error is not nil: Error response from daemon: rpc error: code = Unknown desc = update out of sequence
    daemon.go:283: [de1bccb747c5e] exiting daemon
FAIL
---> Making bundle: .integration-daemon-stop (in bundles/test-integration)
Clearing AppArmor profiles cache:.
All profile caches have been cleared, but no profiles have been unloaded.
Unloading profiles will leave already running processes permanently
unconfined, which can lead to unexpected situations.

To set a process to complain mode, use the command line tool
'aa-complain'. To really tear down all profiles, run the init script
with the 'teardown' option."
Removing test suite binaries
Build step 'Execute shell' marked build as failure
Set build name.
New build name is '#38500'
[PostBuildScript] - Executing post build scripts.
[Docker-PRs-experimental] $ /bin/sh -xe /tmp/jenkins5358419276139541675.sh
+ echo Ensuring container killed.
Ensuring container killed.
+ docker rm -vf docker-pr-exp43605
Error: No such container: docker-pr-exp43605
+ true
+ echo Chowning /workspace to jenkins user
Chowning /workspace to jenkins user
+ id -u
+ id -g
+ docker run --rm -v /home/ubuntu/workspace/Docker-PRs-experimental:/workspace busybox chown -R 1000:1000 /workspace
[Docker-PRs-experimental] $ /bin/sh -xe /tmp/jenkins3425771880734406017.sh
+ echo Creating bundles.tar.gz
Creating bundles.tar.gz
+ xargs tar -czf bundles.tar.gz
+ find bundles -name *.log
Archiving artifacts
Notifying endpoint with url 'https://leeroy.dockerproject.org/notification/jenkins'
[WS-CLEANUP] Deleting project workspace...[WS-CLEANUP] done
Finished: FAILURE
