Started by user Gordon
Notifying endpoint with url 'https://leeroy.dockerproject.org/notification/jenkins'
[EnvInject] - Loading node environment variables.
Building remotely on ubuntu-1604-aufs-stable (i-00326114cca040dd7) (docker-edge ubuntu aufs docker-stable docker ubuntu-1604-aufs-edge x86_64 ec2 linux ubuntu-1604-aufs ubuntu-1604 amd64 ubuntu-1604-aufs-stable us-west-2) in workspace /home/ubuntu/workspace/Docker-PRs-experimental
Wiping out workspace first.
Cloning the remote Git repository
Cloning repository https://github.com/moby/moby.git
 > git init /home/ubuntu/workspace/Docker-PRs-experimental # timeout=10
Fetching upstream changes from https://github.com/moby/moby.git
 > git --version # timeout=10
 > git fetch --tags --progress https://github.com/moby/moby.git +refs/heads/*:refs/remotes/origin/*
 > git config remote.origin.url https://github.com/moby/moby.git # timeout=10
 > git config --add remote.origin.fetch +refs/heads/*:refs/remotes/origin/* # timeout=10
 > git config remote.origin.url https://github.com/moby/moby.git # timeout=10
Fetching upstream changes from https://github.com/moby/moby.git
 > git fetch --tags --progress https://github.com/moby/moby.git +refs/heads/*:refs/remotes/origin/*
 > git rev-parse origin/master^{commit} # timeout=10
Checking out Revision 2ee53a42db814c513770421f1b0d48f27faeadea (origin/master)
 > git config core.sparsecheckout # timeout=10
 > git checkout -f 2ee53a42db814c513770421f1b0d48f27faeadea
Commit message: "Merge pull request #38490 from kolyshkin/test-rename-anon-ct"
 > git rev-list --no-walk 2ee53a42db814c513770421f1b0d48f27faeadea # timeout=10
Set build name.
New build name is '#38500'
[Docker-PRs-experimental] $ /bin/bash /tmp/jenkins7177968611256652442.sh
From https://github.com/moby/moby
 * [new ref]         refs/pull/38500/head -> origin/pr/38500
Updating 2ee53a4..f088c6d
Fast-forward
 registry/service_v2.go | 66 +++++++++++++++++++++++++-------------------------
 1 file changed, 33 insertions(+), 33 deletions(-)
Sending build context to Docker daemon  45.11MB
Step 1/94 : FROM golang:1.11.4 AS base
 ---> 343df9d12b7b
Step 2/94 : ARG APT_MIRROR=deb.debian.org
 ---> Using cache
 ---> 931ed20511cb
Step 3/94 : RUN sed -ri "s/(httpredir|deb).debian.org/$APT_MIRROR/g" /etc/apt/sources.list
 ---> Using cache
 ---> 1fb0f08861cf
Step 4/94 : FROM base AS criu
 ---> 1fb0f08861cf
Step 5/94 : ENV CRIU_VERSION 3.6
 ---> Using cache
 ---> 2b5bbc43ca5c
Step 6/94 : RUN apt-get update && apt-get install -y 	libnet-dev 	libprotobuf-c0-dev 	libprotobuf-dev 	libnl-3-dev 	libcap-dev 	protobuf-compiler 	protobuf-c-compiler 	python-protobuf 	&& mkdir -p /usr/src/criu 	&& curl -sSL https://github.com/checkpoint-restore/criu/archive/v${CRIU_VERSION}.tar.gz | tar -C /usr/src/criu/ -xz --strip-components=1 	&& cd /usr/src/criu 	&& make 	&& make PREFIX=/build/ install-criu
 ---> Using cache
 ---> b5f5eb44617c
Step 7/94 : FROM base AS registry
 ---> 1fb0f08861cf
Step 8/94 : ENV REGISTRY_COMMIT_SCHEMA1 ec87e9b6971d831f0eff752ddb54fb64693e51cd
 ---> Using cache
 ---> f18d2d5c222b
Step 9/94 : ENV REGISTRY_COMMIT 47a064d4195a9b56133891bbb13620c3ac83a827
 ---> Using cache
 ---> 06eae5340151
Step 10/94 : RUN set -x 	&& export GOPATH="$(mktemp -d)" 	&& git clone https://github.com/docker/distribution.git "$GOPATH/src/github.com/docker/distribution" 	&& (cd "$GOPATH/src/github.com/docker/distribution" && git checkout -q "$REGISTRY_COMMIT") 	&& GOPATH="$GOPATH/src/github.com/docker/distribution/Godeps/_workspace:$GOPATH" 		go build -buildmode=pie -o /build/registry-v2 github.com/docker/distribution/cmd/registry 	&& case $(dpkg --print-architecture) in 		amd64|ppc64*|s390x) 		(cd "$GOPATH/src/github.com/docker/distribution" && git checkout -q "$REGISTRY_COMMIT_SCHEMA1"); 		GOPATH="$GOPATH/src/github.com/docker/distribution/Godeps/_workspace:$GOPATH"; 			go build -buildmode=pie -o /build/registry-v2-schema1 github.com/docker/distribution/cmd/registry; 		;; 	   esac 	&& rm -rf "$GOPATH"
 ---> Using cache
 ---> 567507eeed2b
Step 11/94 : FROM base AS docker-py
 ---> 1fb0f08861cf
Step 12/94 : ENV DOCKER_PY_COMMIT 8b246db271a85d6541dc458838627e89c683e42f
 ---> Using cache
 ---> e0d07b01a8f4
Step 13/94 : RUN git clone https://github.com/docker/docker-py.git /build 	&& cd /build 	&& git checkout -q $DOCKER_PY_COMMIT
 ---> Using cache
 ---> 3ecaa7289742
Step 14/94 : FROM base AS swagger
 ---> 1fb0f08861cf
Step 15/94 : ENV GO_SWAGGER_COMMIT c28258affb0b6251755d92489ef685af8d4ff3eb
 ---> Using cache
 ---> fdd516db07e8
Step 16/94 : RUN set -x 	&& export GOPATH="$(mktemp -d)" 	&& git clone https://github.com/go-swagger/go-swagger.git "$GOPATH/src/github.com/go-swagger/go-swagger" 	&& (cd "$GOPATH/src/github.com/go-swagger/go-swagger" && git checkout -q "$GO_SWAGGER_COMMIT") 	&& go build -o /build/swagger github.com/go-swagger/go-swagger/cmd/swagger 	&& rm -rf "$GOPATH"
 ---> Using cache
 ---> f3038b6aaafc
Step 17/94 : FROM base AS frozen-images
 ---> 1fb0f08861cf
Step 18/94 : RUN apt-get update && apt-get install -y jq ca-certificates --no-install-recommends
 ---> Using cache
 ---> 1bcdaf9488ad
Step 19/94 : COPY contrib/download-frozen-image-v2.sh /
 ---> Using cache
 ---> b8f25c4b4564
Step 20/94 : RUN /download-frozen-image-v2.sh /build 	buildpack-deps:jessie@sha256:dd86dced7c9cd2a724e779730f0a53f93b7ef42228d4344b25ce9a42a1486251 	busybox:latest@sha256:bbc3a03235220b170ba48a157dd097dd1379299370e1ed99ce976df0355d24f0 	busybox:glibc@sha256:0b55a30394294ab23b9afd58fab94e61a923f5834fba7ddbae7f8e0c11ba85e6 	debian:jessie@sha256:287a20c5f73087ab406e6b364833e3fb7b3ae63ca0eb3486555dc27ed32c6e60 	hello-world:latest@sha256:be0cd392e45be79ffeffa6b05338b98ebb16c87b255f48e297ec7f98e123905c
 ---> Using cache
 ---> e8e783b6fd71
Step 21/94 : FROM base AS runtime-dev
 ---> 1fb0f08861cf
Step 22/94 : RUN apt-get update && apt-get install -y 	libapparmor-dev 	libseccomp-dev
 ---> Using cache
 ---> 10fae82fa630
Step 23/94 : FROM base AS tomlv
 ---> 1fb0f08861cf
Step 24/94 : ENV INSTALL_BINARY_NAME=tomlv
 ---> Using cache
 ---> 25fae5a9fe40
Step 25/94 : COPY hack/dockerfile/install/install.sh ./install.sh
 ---> Using cache
 ---> ae6dda6a22e3
Step 26/94 : COPY hack/dockerfile/install/$INSTALL_BINARY_NAME.installer ./
 ---> Using cache
 ---> a82e100609fe
Step 27/94 : RUN PREFIX=/build ./install.sh $INSTALL_BINARY_NAME
 ---> Using cache
 ---> f0d267d1a4b6
Step 28/94 : FROM base AS vndr
 ---> 1fb0f08861cf
Step 29/94 : ENV INSTALL_BINARY_NAME=vndr
 ---> Using cache
 ---> 374605093f30
Step 30/94 : COPY hack/dockerfile/install/install.sh ./install.sh
 ---> Using cache
 ---> a788e32709c1
Step 31/94 : COPY hack/dockerfile/install/$INSTALL_BINARY_NAME.installer ./
 ---> Using cache
 ---> 2cd18f9fc891
Step 32/94 : RUN PREFIX=/build ./install.sh $INSTALL_BINARY_NAME
 ---> Using cache
 ---> 805a3f1453ce
Step 33/94 : FROM base AS containerd
 ---> 1fb0f08861cf
Step 34/94 : RUN apt-get update && apt-get install -y btrfs-tools
 ---> Using cache
 ---> 619b601cf9d5
Step 35/94 : ENV INSTALL_BINARY_NAME=containerd
 ---> Using cache
 ---> 6441d4bdbe3f
Step 36/94 : COPY hack/dockerfile/install/install.sh ./install.sh
 ---> Using cache
 ---> 8bc123fec739
Step 37/94 : COPY hack/dockerfile/install/$INSTALL_BINARY_NAME.installer ./
 ---> Using cache
 ---> 7e83dab5f039
Step 38/94 : RUN PREFIX=/build ./install.sh $INSTALL_BINARY_NAME
 ---> Using cache
 ---> 1df04f47adbf
Step 39/94 : FROM base AS proxy
 ---> 1fb0f08861cf
Step 40/94 : ENV INSTALL_BINARY_NAME=proxy
 ---> Using cache
 ---> 88d46a226e17
Step 41/94 : COPY hack/dockerfile/install/install.sh ./install.sh
 ---> Using cache
 ---> ce4d9fe3254d
Step 42/94 : COPY hack/dockerfile/install/$INSTALL_BINARY_NAME.installer ./
 ---> Using cache
 ---> 9e1d80796b6f
Step 43/94 : RUN PREFIX=/build ./install.sh $INSTALL_BINARY_NAME
 ---> Using cache
 ---> ba566f5a43d8
Step 44/94 : FROM base AS gometalinter
 ---> 1fb0f08861cf
Step 45/94 : ENV INSTALL_BINARY_NAME=gometalinter
 ---> Using cache
 ---> 938b88d90171
Step 46/94 : COPY hack/dockerfile/install/install.sh ./install.sh
 ---> Using cache
 ---> db8c8b0ef30a
Step 47/94 : COPY hack/dockerfile/install/$INSTALL_BINARY_NAME.installer ./
 ---> Using cache
 ---> 4e3c0bb631ba
Step 48/94 : RUN PREFIX=/build ./install.sh $INSTALL_BINARY_NAME
 ---> Using cache
 ---> 05f0516dbfbb
Step 49/94 : FROM base AS dockercli
 ---> 1fb0f08861cf
Step 50/94 : ENV INSTALL_BINARY_NAME=dockercli
 ---> Using cache
 ---> 0dda80e03d09
Step 51/94 : COPY hack/dockerfile/install/install.sh ./install.sh
 ---> Using cache
 ---> e42f10a1abbf
Step 52/94 : COPY hack/dockerfile/install/$INSTALL_BINARY_NAME.installer ./
 ---> Using cache
 ---> f2b04c02fe94
Step 53/94 : RUN PREFIX=/build ./install.sh $INSTALL_BINARY_NAME
 ---> Using cache
 ---> 159ea60c4b49
Step 54/94 : FROM runtime-dev AS runc
 ---> 10fae82fa630
Step 55/94 : ENV INSTALL_BINARY_NAME=runc
 ---> Using cache
 ---> 2e3d5fce690a
Step 56/94 : COPY hack/dockerfile/install/install.sh ./install.sh
 ---> Using cache
 ---> 4af253af563c
Step 57/94 : COPY hack/dockerfile/install/$INSTALL_BINARY_NAME.installer ./
 ---> Using cache
 ---> ba86d279e6c1
Step 58/94 : RUN PREFIX=/build ./install.sh $INSTALL_BINARY_NAME
 ---> Using cache
 ---> b6aa845b6c86
Step 59/94 : FROM base AS tini
 ---> 1fb0f08861cf
Step 60/94 : RUN apt-get update && apt-get install -y cmake vim-common
 ---> Using cache
 ---> d2a3d3174869
Step 61/94 : COPY hack/dockerfile/install/install.sh ./install.sh
 ---> Using cache
 ---> 8e13221d47d7
Step 62/94 : ENV INSTALL_BINARY_NAME=tini
 ---> Using cache
 ---> 1861ccab6f63
Step 63/94 : COPY hack/dockerfile/install/$INSTALL_BINARY_NAME.installer ./
 ---> Using cache
 ---> 481806075991
Step 64/94 : RUN PREFIX=/build ./install.sh $INSTALL_BINARY_NAME
 ---> Using cache
 ---> 9cd9b479ef09
Step 65/94 : FROM runtime-dev AS dev
 ---> 10fae82fa630
Step 66/94 : RUN groupadd -r docker
 ---> Using cache
 ---> 3258ff7b8aa7
Step 67/94 : RUN useradd --create-home --gid docker unprivilegeduser
 ---> Using cache
 ---> b0b114f5c795
Step 68/94 : RUN ln -sfv /go/src/github.com/docker/docker/.bashrc ~/.bashrc
 ---> Using cache
 ---> 20cc53a93c4b
Step 69/94 : RUN echo "source /usr/share/bash-completion/bash_completion" >> /etc/bash.bashrc
 ---> Using cache
 ---> 478633d9e010
Step 70/94 : RUN ln -s /usr/local/completion/bash/docker /etc/bash_completion.d/docker
 ---> Using cache
 ---> 9e1b77061b28
Step 71/94 : RUN ldconfig
 ---> Using cache
 ---> cbe5f4197280
Step 72/94 : RUN apt-get update && apt-get install -y 	apparmor 	aufs-tools 	bash-completion 	btrfs-tools 	iptables 	jq 	libcap2-bin 	libdevmapper-dev 	libudev-dev 	libsystemd-dev 	binutils-mingw-w64 	g++-mingw-w64-x86-64 	net-tools 	pigz 	python-backports.ssl-match-hostname 	python-dev 	python-mock 	python-pip 	python-requests 	python-setuptools 	python-websocket 	python-wheel 	thin-provisioning-tools 	vim 	vim-common 	xfsprogs 	zip 	bzip2 	xz-utils 	--no-install-recommends
 ---> Using cache
 ---> 097a37647502
Step 73/94 : COPY --from=swagger /build/swagger* /usr/local/bin/
 ---> Using cache
 ---> 44f1ce77810f
Step 74/94 : COPY --from=frozen-images /build/ /docker-frozen-images
 ---> Using cache
 ---> 521fecfb80af
Step 75/94 : COPY --from=gometalinter /build/ /usr/local/bin/
 ---> Using cache
 ---> 0cc6bc5f21c8
Step 76/94 : COPY --from=tomlv /build/ /usr/local/bin/
 ---> Using cache
 ---> a31bca3c1640
Step 77/94 : COPY --from=vndr /build/ /usr/local/bin/
 ---> Using cache
 ---> c248ffc286b5
Step 78/94 : COPY --from=tini /build/ /usr/local/bin/
 ---> Using cache
 ---> b540b221f59c
Step 79/94 : COPY --from=runc /build/ /usr/local/bin/
 ---> Using cache
 ---> ad3db254e970
Step 80/94 : COPY --from=containerd /build/ /usr/local/bin/
 ---> Using cache
 ---> dd0c5aaa932a
Step 81/94 : COPY --from=proxy /build/ /usr/local/bin/
 ---> Using cache
 ---> 3129e2936a8e
Step 82/94 : COPY --from=dockercli /build/ /usr/local/cli
 ---> Using cache
 ---> a09fbbdb2c00
Step 83/94 : COPY --from=registry /build/registry* /usr/local/bin/
 ---> Using cache
 ---> 9324209552b7
Step 84/94 : COPY --from=criu /build/ /usr/local/
 ---> Using cache
 ---> 9439d3d1eac8
Step 85/94 : COPY --from=docker-py /build/ /docker-py
 ---> Using cache
 ---> 0db0d48eb399
Step 86/94 : RUN cd /docker-py 	&& pip install docker-pycreds==0.2.1 	&& pip install yamllint==1.5.0 	&& pip install -r test-requirements.txt
 ---> Using cache
 ---> a57d4f06a5bc
Step 87/94 : ENV PATH=/usr/local/cli:$PATH
 ---> Using cache
 ---> c115237a411a
Step 88/94 : ENV DOCKER_BUILDTAGS apparmor seccomp selinux
 ---> Using cache
 ---> d3bd997e6e84
Step 89/94 : ENV GOMETALINTER_OPTS="--deadline=2m"
 ---> Using cache
 ---> 37b0b8c89c74
Step 90/94 : WORKDIR /go/src/github.com/docker/docker
 ---> Using cache
 ---> 242856316616
Step 91/94 : VOLUME /var/lib/docker
 ---> Using cache
 ---> e83073f949a4
Step 92/94 : ENTRYPOINT ["hack/dind"]
 ---> Using cache
 ---> b97023ecbb6e
Step 93/94 : FROM dev AS final
 ---> b97023ecbb6e
Step 94/94 : COPY . /go/src/github.com/docker/docker
 ---> 6cff80eafc71
Successfully built 6cff80eafc71
Successfully tagged docker:f088c6d-exp

Removing bundles/

---> Making bundle: binary-daemon (in bundles/binary-daemon)
Building: bundles/binary-daemon/dockerd-dev
Created binary: bundles/binary-daemon/dockerd-dev
Copying nested executables into bundles/binary-daemon

---> Making bundle: test-integration (in bundles/test-integration)
Building test suite binary ./integration-cli/test.main
Building test suite binary ./integration/plugin/test.main
Building test suite binary ./integration/plugin/authz/test.main
Building test suite binary ./integration/plugin/logging/test.main
Building test suite binary ./integration/plugin/logging/cmd/test.main
Building test suite binary ./integration/plugin/logging/cmd/close_on_start/test.main
Building test suite binary ./integration/plugin/logging/cmd/dummy/test.main
Building test suite binary ./integration/plugin/common/test.main
Building test suite binary ./integration/plugin/volumes/test.main
Building test suite binary ./integration/plugin/volumes/cmd/test.main
Building test suite binary ./integration/plugin/volumes/cmd/dummy/test.main
Building test suite binary ./integration/plugin/graphdriver/test.main
Building test suite binary ./integration/config/test.main
Building test suite binary ./integration/service/test.main
Building test suite binary ./integration/network/test.main
Building test suite binary ./integration/network/ipvlan/test.main
Building test suite binary ./integration/network/macvlan/test.main
Building test suite binary ./integration/secret/test.main
Building test suite binary ./integration/session/test.main
Building test suite binary ./integration/container/test.main
Building test suite binary ./integration/build/test.main
Building test suite binary ./integration/volume/test.main
Building test suite binary ./integration/system/test.main
Building test suite binary ./integration/image/test.main
---> Making bundle: .integration-daemon-start (in bundles/test-integration)
Using test binary docker
# DOCKER_EXPERIMENTAL is set: starting daemon with experimental features enabled! 
/etc/init.d/apparmor: 130: /etc/init.d/apparmor: systemd-detect-virt: not found
Starting AppArmor profiles:Warning from stdin (line 1): /sbin/apparmor_parser: cannot use or update cache, disable, or force-complain via stdin
Warning failed to create cache: (null)
.
INFO: Waiting for daemon to start...
Starting dockerd
.
---> Making bundle: .integration-daemon-setup (in bundles/test-integration)
---> Making bundle: .ensure-emptyfs (in bundles/test-integration)
Error: No such image: emptyfs
Running integration-test (iteration 1)
Running /go/src/github.com/docker/docker/integration/plugin
testing: warning: no tests to run
PASS
Running /go/src/github.com/docker/docker/integration/plugin/authz
Loaded image: buildpack-deps:jessie
Loaded image: busybox:latest
Loaded image: busybox:glibc
Loaded image: debian:jessie
Loaded image: hello-world:latest
INFO: Testing against a local daemon
=== RUN   TestAuthZPluginAllowRequest
--- PASS: TestAuthZPluginAllowRequest (7.17s)
    daemon.go:296: [d7821b4221126] waiting for daemon to start
    daemon.go:328: [d7821b4221126] daemon started
    daemon.go:283: [d7821b4221126] exiting daemon
=== RUN   TestAuthZPluginTLS
--- PASS: TestAuthZPluginTLS (2.80s)
    daemon.go:296: [de95dc77b3d00] waiting for daemon to start
    daemon.go:328: [de95dc77b3d00] daemon started
    daemon.go:283: [de95dc77b3d00] exiting daemon
=== RUN   TestAuthZPluginDenyRequest
--- PASS: TestAuthZPluginDenyRequest (2.61s)
    daemon.go:296: [d88d4858a07a3] waiting for daemon to start
    daemon.go:328: [d88d4858a07a3] daemon started
    daemon.go:283: [d88d4858a07a3] exiting daemon
=== RUN   TestAuthZPluginAPIDenyResponse
--- PASS: TestAuthZPluginAPIDenyResponse (0.52s)
    daemon.go:296: [d51b30765dad6] waiting for daemon to start
    daemon.go:328: [d51b30765dad6] daemon started
    daemon.go:283: [d51b30765dad6] exiting daemon
=== RUN   TestAuthZPluginDenyResponse
--- PASS: TestAuthZPluginDenyResponse (0.53s)
    daemon.go:296: [d4f68226d96a3] waiting for daemon to start
    daemon.go:328: [d4f68226d96a3] daemon started
    daemon.go:283: [d4f68226d96a3] exiting daemon
=== RUN   TestAuthZPluginAllowEventStream
--- PASS: TestAuthZPluginAllowEventStream (1.26s)
    daemon.go:296: [d82cec610aff9] waiting for daemon to start
    daemon.go:328: [d82cec610aff9] daemon started
    daemon.go:283: [d82cec610aff9] exiting daemon
=== RUN   TestAuthZPluginErrorResponse
--- PASS: TestAuthZPluginErrorResponse (0.53s)
    daemon.go:296: [d01f6f75f95be] waiting for daemon to start
    daemon.go:328: [d01f6f75f95be] daemon started
    daemon.go:283: [d01f6f75f95be] exiting daemon
=== RUN   TestAuthZPluginErrorRequest
--- PASS: TestAuthZPluginErrorRequest (0.54s)
    daemon.go:296: [d78363f06a5b6] waiting for daemon to start
    daemon.go:328: [d78363f06a5b6] daemon started
    daemon.go:283: [d78363f06a5b6] exiting daemon
=== RUN   TestAuthZPluginEnsureNoDuplicatePluginRegistration
--- PASS: TestAuthZPluginEnsureNoDuplicatePluginRegistration (0.52s)
    daemon.go:296: [d8883a265a47c] waiting for daemon to start
    daemon.go:328: [d8883a265a47c] daemon started
    daemon.go:283: [d8883a265a47c] exiting daemon
=== RUN   TestAuthZPluginEnsureLoadImportWorking
--- PASS: TestAuthZPluginEnsureLoadImportWorking (1.46s)
    daemon.go:296: [d34b14f976f04] waiting for daemon to start
    daemon.go:328: [d34b14f976f04] daemon started
    daemon.go:283: [d34b14f976f04] exiting daemon
=== RUN   TestAuthzPluginEnsureContainerCopyToFrom
--- PASS: TestAuthzPluginEnsureContainerCopyToFrom (1.53s)
    daemon.go:296: [d6da0f0661a77] waiting for daemon to start
    daemon.go:328: [d6da0f0661a77] daemon started
    daemon.go:283: [d6da0f0661a77] exiting daemon
=== RUN   TestAuthZPluginHeader
--- PASS: TestAuthZPluginHeader (0.72s)
    daemon.go:296: [de14522ca4469] waiting for daemon to start
    daemon.go:328: [de14522ca4469] daemon started
    daemon.go:283: [de14522ca4469] exiting daemon
=== RUN   TestAuthZPluginV2AllowNonVolumeRequest
--- PASS: TestAuthZPluginV2AllowNonVolumeRequest (6.53s)
    daemon.go:296: [dd8199f1e6161] waiting for daemon to start
    daemon.go:328: [dd8199f1e6161] daemon started
    daemon.go:283: [dd8199f1e6161] exiting daemon
    daemon.go:296: [dd8199f1e6161] waiting for daemon to start
    daemon.go:328: [dd8199f1e6161] daemon started
    daemon.go:283: [dd8199f1e6161] exiting daemon
=== RUN   TestAuthZPluginV2Disable
--- PASS: TestAuthZPluginV2Disable (5.92s)
    daemon.go:296: [d8d2c6df6933b] waiting for daemon to start
    daemon.go:328: [d8d2c6df6933b] daemon started
    daemon.go:283: [d8d2c6df6933b] exiting daemon
    daemon.go:296: [d8d2c6df6933b] waiting for daemon to start
    daemon.go:328: [d8d2c6df6933b] daemon started
    daemon.go:283: [d8d2c6df6933b] exiting daemon
=== RUN   TestAuthZPluginV2RejectVolumeRequests
--- PASS: TestAuthZPluginV2RejectVolumeRequests (5.68s)
    daemon.go:296: [dba523a185afc] waiting for daemon to start
    daemon.go:328: [dba523a185afc] daemon started
    daemon.go:283: [dba523a185afc] exiting daemon
    daemon.go:296: [dba523a185afc] waiting for daemon to start
    daemon.go:328: [dba523a185afc] daemon started
    daemon.go:283: [dba523a185afc] exiting daemon
=== RUN   TestAuthZPluginV2BadManifestFailsDaemonStart
--- PASS: TestAuthZPluginV2BadManifestFailsDaemonStart (14.06s)
    daemon.go:296: [d81bb025f0314] waiting for daemon to start
    daemon.go:328: [d81bb025f0314] daemon started
    daemon.go:283: [d81bb025f0314] exiting daemon
    daemon.go:296: [d81bb025f0314] waiting for daemon to start
    daemon.go:296: [d81bb025f0314] waiting for daemon to start
    daemon.go:283: [d81bb025f0314] exiting daemon
    daemon.go:296: [d81bb025f0314] waiting for daemon to start
    daemon.go:328: [d81bb025f0314] daemon started
    daemon.go:283: [d81bb025f0314] exiting daemon
=== RUN   TestAuthZPluginV2NonexistentFailsDaemonStart
--- PASS: TestAuthZPluginV2NonexistentFailsDaemonStart (16.51s)
    daemon.go:296: [d2ea17f316462] waiting for daemon to start
    daemon.go:328: [d2ea17f316462] daemon started
    daemon.go:283: [d2ea17f316462] exiting daemon
    daemon.go:296: [d2ea17f316462] waiting for daemon to start
    daemon.go:296: [d2ea17f316462] waiting for daemon to start
    daemon.go:296: [d2ea17f316462] waiting for daemon to start
    daemon.go:328: [d2ea17f316462] daemon started
    daemon.go:283: [d2ea17f316462] exiting daemon
PASS
Running /go/src/github.com/docker/docker/integration/plugin/logging
INFO: Testing against a local daemon
=== RUN   TestContinueAfterPluginCrash
=== PAUSE TestContinueAfterPluginCrash
=== RUN   TestDaemonStartWithLogOpt
=== PAUSE TestDaemonStartWithLogOpt
=== CONT  TestContinueAfterPluginCrash
=== CONT  TestDaemonStartWithLogOpt
--- PASS: TestDaemonStartWithLogOpt (14.94s)
    daemon.go:296: [d2863691e2ada] waiting for daemon to start
    daemon.go:328: [d2863691e2ada] daemon started
    daemon.go:283: [d2863691e2ada] exiting daemon
    daemon.go:296: [d2863691e2ada] waiting for daemon to start
    daemon.go:328: [d2863691e2ada] daemon started
    daemon.go:283: [d2863691e2ada] exiting daemon
--- PASS: TestContinueAfterPluginCrash (19.34s)
    daemon.go:296: [df227d91358af] waiting for daemon to start
    daemon.go:328: [df227d91358af] daemon started
    daemon.go:283: [df227d91358af] exiting daemon
PASS
Running /go/src/github.com/docker/docker/integration/plugin/logging/cmd
testing: warning: no tests to run
PASS
Running /go/src/github.com/docker/docker/integration/plugin/logging/cmd/close_on_start
testing: warning: no tests to run
PASS
Running /go/src/github.com/docker/docker/integration/plugin/logging/cmd/dummy
testing: warning: no tests to run
PASS
Running /go/src/github.com/docker/docker/integration/plugin/common
INFO: Testing against a local daemon
=== RUN   TestPluginInvalidJSON
=== RUN   TestPluginInvalidJSON//plugins/foobar/set
=== PAUSE TestPluginInvalidJSON//plugins/foobar/set
=== CONT  TestPluginInvalidJSON//plugins/foobar/set
--- PASS: TestPluginInvalidJSON (0.01s)
    --- PASS: TestPluginInvalidJSON//plugins/foobar/set (0.00s)
PASS
Running /go/src/github.com/docker/docker/integration/plugin/volumes
INFO: Testing against a local daemon
=== RUN   TestPluginWithDevMounts
=== PAUSE TestPluginWithDevMounts
=== CONT  TestPluginWithDevMounts
--- PASS: TestPluginWithDevMounts (1.74s)
    daemon.go:296: [decb12c96155d] waiting for daemon to start
    daemon.go:328: [decb12c96155d] daemon started
    daemon.go:283: [decb12c96155d] exiting daemon
PASS
Running /go/src/github.com/docker/docker/integration/plugin/volumes/cmd
testing: warning: no tests to run
PASS
Running /go/src/github.com/docker/docker/integration/plugin/volumes/cmd/dummy
testing: warning: no tests to run
PASS
Running /go/src/github.com/docker/docker/integration/plugin/graphdriver
INFO: Testing against a local daemon
=== RUN   TestExternalGraphDriver
=== RUN   TestExternalGraphDriver/json
=== RUN   TestExternalGraphDriver/spec
=== RUN   TestExternalGraphDriver/pull
--- PASS: TestExternalGraphDriver (6.94s)
    daemon.go:296: [d2bac38134ab1] waiting for daemon to start
    daemon.go:328: [d2bac38134ab1] daemon started
    daemon.go:283: [d2bac38134ab1] exiting daemon
    daemon.go:296: [d2bac38134ab1] waiting for daemon to start
    daemon.go:328: [d2bac38134ab1] daemon started
    daemon.go:283: [d2bac38134ab1] exiting daemon
    --- PASS: TestExternalGraphDriver/json (1.75s)
    daemon.go:296: [d2bac38134ab1] waiting for daemon to start
    daemon.go:328: [d2bac38134ab1] daemon started
    daemon.go:283: [d2bac38134ab1] exiting daemon
    daemon.go:296: [d2bac38134ab1] waiting for daemon to start
    daemon.go:328: [d2bac38134ab1] daemon started
    daemon.go:283: [d2bac38134ab1] exiting daemon
    --- PASS: TestExternalGraphDriver/spec (1.71s)
    daemon.go:296: [d2bac38134ab1] waiting for daemon to start
    daemon.go:328: [d2bac38134ab1] daemon started
    daemon.go:283: [d2bac38134ab1] exiting daemon
    --- PASS: TestExternalGraphDriver/pull (3.02s)
=== RUN   TestGraphdriverPluginV2
--- SKIP: TestGraphdriverPluginV2 (0.37s)
    external_test.go:411: !requirement.Overlay2Supported(testEnv.DaemonInfo.KernelVersion)
PASS
Running /go/src/github.com/docker/docker/integration/config
INFO: Testing against a local daemon
=== RUN   TestConfigList
--- PASS: TestConfigList (2.13s)
    daemon.go:296: [d91f7880145bb] waiting for daemon to start
    daemon.go:328: [d91f7880145bb] daemon started
    daemon.go:283: [d91f7880145bb] exiting daemon
=== RUN   TestConfigsCreateAndDelete
--- PASS: TestConfigsCreateAndDelete (2.13s)
    daemon.go:296: [d2ef04a098dbc] waiting for daemon to start
    daemon.go:328: [d2ef04a098dbc] daemon started
    daemon.go:283: [d2ef04a098dbc] exiting daemon
=== RUN   TestConfigsUpdate
--- PASS: TestConfigsUpdate (2.11s)
    daemon.go:296: [d8edc253ea7db] waiting for daemon to start
    daemon.go:328: [d8edc253ea7db] daemon started
    daemon.go:283: [d8edc253ea7db] exiting daemon
=== RUN   TestTemplatedConfig
--- PASS: TestTemplatedConfig (2.65s)
    daemon.go:296: [d332b5e1ee170] waiting for daemon to start
    daemon.go:328: [d332b5e1ee170] daemon started
    daemon.go:283: [d332b5e1ee170] exiting daemon
=== RUN   TestConfigInspect
--- PASS: TestConfigInspect (2.12s)
    daemon.go:296: [d139cd1e83677] waiting for daemon to start
    daemon.go:328: [d139cd1e83677] daemon started
    daemon.go:283: [d139cd1e83677] exiting daemon
=== RUN   TestConfigCreateWithLabels
--- PASS: TestConfigCreateWithLabels (2.12s)
    daemon.go:296: [da7ee0b19993a] waiting for daemon to start
    daemon.go:328: [da7ee0b19993a] daemon started
    daemon.go:283: [da7ee0b19993a] exiting daemon
=== RUN   TestConfigCreateResolve
--- PASS: TestConfigCreateResolve (2.14s)
    daemon.go:296: [d7ff111d13405] waiting for daemon to start
    daemon.go:328: [d7ff111d13405] daemon started
    daemon.go:283: [d7ff111d13405] exiting daemon
PASS
Running /go/src/github.com/docker/docker/integration/service
INFO: Testing against a local daemon
=== RUN   TestServiceCreateInit
=== RUN   TestServiceCreateInit/daemonInitDisabled
=== RUN   TestServiceCreateInit/daemonInitEnabled
--- PASS: TestServiceCreateInit (8.03s)
    --- PASS: TestServiceCreateInit/daemonInitDisabled (4.09s)
        daemon.go:296: [d854b30ee33ad] waiting for daemon to start
        daemon.go:328: [d854b30ee33ad] daemon started
        daemon.go:283: [d854b30ee33ad] exiting daemon
    --- PASS: TestServiceCreateInit/daemonInitEnabled (3.93s)
        daemon.go:296: [d303432482f6d] waiting for daemon to start
        daemon.go:328: [d303432482f6d] daemon started
        daemon.go:283: [d303432482f6d] exiting daemon
=== RUN   TestCreateServiceMultipleTimes
--- PASS: TestCreateServiceMultipleTimes (24.20s)
    daemon.go:296: [df8a79cb36354] waiting for daemon to start
    daemon.go:328: [df8a79cb36354] daemon started
    daemon.go:283: [df8a79cb36354] exiting daemon
=== RUN   TestCreateServiceConflict
--- PASS: TestCreateServiceConflict (2.17s)
    daemon.go:296: [d2e235c5d15a5] waiting for daemon to start
    daemon.go:328: [d2e235c5d15a5] daemon started
    daemon.go:283: [d2e235c5d15a5] exiting daemon
=== RUN   TestCreateServiceMaxReplicas
--- PASS: TestCreateServiceMaxReplicas (2.84s)
    daemon.go:296: [d8432c8ec84e6] waiting for daemon to start
    daemon.go:328: [d8432c8ec84e6] daemon started
    daemon.go:283: [d8432c8ec84e6] exiting daemon
=== RUN   TestCreateWithDuplicateNetworkNames
--- PASS: TestCreateWithDuplicateNetworkNames (12.96s)
    daemon.go:296: [dc8aaea03efef] waiting for daemon to start
    daemon.go:328: [dc8aaea03efef] daemon started
    daemon.go:283: [dc8aaea03efef] exiting daemon
=== RUN   TestCreateServiceSecretFileMode
--- PASS: TestCreateServiceSecretFileMode (2.64s)
    daemon.go:296: [d256a2a4bf164] waiting for daemon to start
    daemon.go:328: [d256a2a4bf164] daemon started
    daemon.go:283: [d256a2a4bf164] exiting daemon
=== RUN   TestCreateServiceConfigFileMode
--- PASS: TestCreateServiceConfigFileMode (2.66s)
    daemon.go:296: [d2bdbf88b4c37] waiting for daemon to start
    daemon.go:328: [d2bdbf88b4c37] daemon started
    daemon.go:283: [d2bdbf88b4c37] exiting daemon
=== RUN   TestCreateServiceSysctls
--- PASS: TestCreateServiceSysctls (3.31s)
    daemon.go:296: [d8ea6796382a3] waiting for daemon to start
    daemon.go:328: [d8ea6796382a3] daemon started
    daemon.go:283: [d8ea6796382a3] exiting daemon
=== RUN   TestInspect
--- PASS: TestInspect (2.14s)
    daemon.go:296: [d3f46beacf28a] waiting for daemon to start
    daemon.go:328: [d3f46beacf28a] daemon started
    daemon.go:283: [d3f46beacf28a] exiting daemon
=== RUN   TestDockerNetworkConnectAlias
--- PASS: TestDockerNetworkConnectAlias (4.02s)
    daemon.go:296: [d004aacad166a] waiting for daemon to start
    daemon.go:328: [d004aacad166a] daemon started
    daemon.go:283: [d004aacad166a] exiting daemon
=== RUN   TestServicePlugin
--- PASS: TestServicePlugin (35.07s)
    daemon.go:296: [d7f9b1100d305] waiting for daemon to start
    daemon.go:328: [d7f9b1100d305] daemon started
    daemon.go:283: [d7f9b1100d305] exiting daemon
    daemon.go:296: [d4d31895fd382] waiting for daemon to start
    daemon.go:328: [d4d31895fd382] daemon started
    daemon.go:296: [d79a1360e6d93] waiting for daemon to start
    daemon.go:328: [d79a1360e6d93] daemon started
    daemon.go:296: [d32d7f17a4ee5] waiting for daemon to start
    daemon.go:328: [d32d7f17a4ee5] daemon started
    daemon.go:283: [d32d7f17a4ee5] exiting daemon
    daemon.go:283: [d79a1360e6d93] exiting daemon
    daemon.go:283: [d4d31895fd382] exiting daemon
=== RUN   TestServiceUpdateLabel
--- PASS: TestServiceUpdateLabel (2.11s)
    daemon.go:296: [d25da0537c099] waiting for daemon to start
    daemon.go:328: [d25da0537c099] daemon started
    daemon.go:283: [d25da0537c099] exiting daemon
=== RUN   TestServiceUpdateSecrets
--- FAIL: TestServiceUpdateSecrets (2.13s)
    daemon.go:296: [d2cc9798e91bb] waiting for daemon to start
    daemon.go:328: [d2cc9798e91bb] daemon started
    update_test.go:126: assertion failed: error is not nil: Error response from daemon: rpc error: code = Unknown desc = update out of sequence
    daemon.go:283: [d2cc9798e91bb] exiting daemon
=== RUN   TestServiceUpdateConfigs
--- PASS: TestServiceUpdateConfigs (14.49s)
    daemon.go:296: [d0b3302769d76] waiting for daemon to start
    daemon.go:328: [d0b3302769d76] daemon started
    daemon.go:283: [d0b3302769d76] exiting daemon
FAIL
---> Making bundle: .integration-daemon-stop (in bundles/test-integration)
Clearing AppArmor profiles cache:.
All profile caches have been cleared, but no profiles have been unloaded.
Unloading profiles will leave already running processes permanently
unconfined, which can lead to unexpected situations.

To set a process to complain mode, use the command line tool
'aa-complain'. To really tear down all profiles, run the init script
with the 'teardown' option."
Removing test suite binaries
Build step 'Execute shell' marked build as failure
Set build name.
New build name is '#38500'
[PostBuildScript] - Executing post build scripts.
[Docker-PRs-experimental] $ /bin/sh -xe /tmp/jenkins6799220293269999170.sh
+ echo Ensuring container killed.
Ensuring container killed.
+ docker rm -vf docker-pr-exp43600
Error: No such container: docker-pr-exp43600
+ true
+ echo Chowning /workspace to jenkins user
Chowning /workspace to jenkins user
+ id -u
+ id -g
+ docker run --rm -v /home/ubuntu/workspace/Docker-PRs-experimental:/workspace busybox chown -R 1000:1000 /workspace
[Docker-PRs-experimental] $ /bin/sh -xe /tmp/jenkins7901618739386528968.sh
+ echo Creating bundles.tar.gz
Creating bundles.tar.gz
+ find bundles -name *.log
+ xargs tar -czf bundles.tar.gz
Archiving artifacts
Notifying endpoint with url 'https://leeroy.dockerproject.org/notification/jenkins'
[WS-CLEANUP] Deleting project workspace...[WS-CLEANUP] done
Finished: FAILURE
