Started by user Gordon
Notifying endpoint with url 'https://leeroy.dockerproject.org/notification/jenkins'
[EnvInject] - Loading node environment variables.
Building remotely on s390x-ubuntu-29 (linux s390x-ubuntu-1604 s390x) in workspace /home/jenkins/workspace/Docker-PRs-s390x
Running Prebuild steps
[Docker-PRs-s390x] $ /bin/sh -xe /tmp/jenkins3263377924414098472.sh
+ pwd
+ id -u
+ id -g
+ docker run --rm -v /home/jenkins/workspace/Docker-PRs-s390x:/workspace s390x/busybox chown -R 1001:1001 /workspace
Unable to find image 's390x/busybox:latest' locally
latest: Pulling from s390x/busybox
2373f9d1c068: Pulling fs layer
2373f9d1c068: Verifying Checksum
2373f9d1c068: Download complete
2373f9d1c068: Pull complete
Digest: sha256:0b671b6a323d86aa6165883f698b557ca257c3a3ffa1e3152ffb6467e7ac11b3
Status: Downloaded newer image for s390x/busybox:latest
Success build forhudson.tasks.Shell@2d096b56
No credentials specified
Wiping out workspace first.
Cloning the remote Git repository
Cloning repository https://github.com/moby/moby.git
 > git init /home/jenkins/workspace/Docker-PRs-s390x # timeout=10
Fetching upstream changes from https://github.com/moby/moby.git
 > git --version # timeout=10
 > git fetch --tags --progress https://github.com/moby/moby.git +refs/heads/*:refs/remotes/origin/*
 > git config remote.origin.url https://github.com/moby/moby.git # timeout=10
 > git config --add remote.origin.fetch +refs/heads/*:refs/remotes/origin/* # timeout=10
 > git config remote.origin.url https://github.com/moby/moby.git # timeout=10
Fetching upstream changes from https://github.com/moby/moby.git
 > git fetch --tags --progress https://github.com/moby/moby.git +refs/heads/*:refs/remotes/origin/*
 > git rev-parse origin/master^{commit} # timeout=10
Checking out Revision 8d760280a232f98d92440539e1e8a8f66c213bdb (origin/master)
 > git config core.sparsecheckout # timeout=10
 > git checkout -f 8d760280a232f98d92440539e1e8a8f66c213bdb
Commit message: "Merge pull request #39275 from wiktor-k/move-var-run-to-run"
 > git rev-list --no-walk 8d760280a232f98d92440539e1e8a8f66c213bdb # timeout=10
Set build name.
New build name is '#39292'
[Docker-PRs-s390x] $ /bin/bash /tmp/jenkins3111043231245237726.sh
From https://github.com/moby/moby
 * [new ref]         refs/pull/39292/head -> origin/pr/39292
Updating 8d76028..2d377c6
Fast-forward
 daemon/archive.go                    |  15 ++---
 daemon/export.go                     |   2 +-
 pkg/chrootarchive/archive.go         |  32 ++++++++--
 pkg/chrootarchive/archive_unix.go    | 119 +++++++++++++++++++++++++++++++++--
 pkg/chrootarchive/archive_windows.go |   9 ++-
 pkg/chrootarchive/init_unix.go       |   1 +
 6 files changed, 161 insertions(+), 17 deletions(-)
Sending build context to Docker daemon     48MB
Step 1/112 : ARG CROSS="false"
Step 2/112 : FROM golang:1.12.5 AS base
1.12.5: Pulling from library/golang
3602dd773e45: Pulling fs layer
412a17b553a5: Pulling fs layer
5007dca2cc2a: Pulling fs layer
612e650c4b45: Pulling fs layer
1821e00782c1: Pulling fs layer
59889e9dafcc: Pulling fs layer
d1bebbd28c92: Pulling fs layer
612e650c4b45: Waiting
1821e00782c1: Waiting
59889e9dafcc: Waiting
d1bebbd28c92: Waiting
5007dca2cc2a: Verifying Checksum
5007dca2cc2a: Download complete
412a17b553a5: Verifying Checksum
412a17b553a5: Download complete
3602dd773e45: Verifying Checksum
3602dd773e45: Download complete
1821e00782c1: Verifying Checksum
1821e00782c1: Download complete
d1bebbd28c92: Verifying Checksum
d1bebbd28c92: Download complete
612e650c4b45: Verifying Checksum
612e650c4b45: Download complete
59889e9dafcc: Verifying Checksum
59889e9dafcc: Download complete
3602dd773e45: Pull complete
412a17b553a5: Pull complete
5007dca2cc2a: Pull complete
612e650c4b45: Pull complete
1821e00782c1: Pull complete
59889e9dafcc: Pull complete
d1bebbd28c92: Pull complete
Digest: sha256:cf0b9f69ad1edd652a7f74a1586080b15bf6f688c545044407e28805066ef2cb
Status: Downloaded newer image for golang:1.12.5
 ---> b47f884b941c
Step 3/112 : ARG APT_MIRROR=deb.debian.org
 ---> Running in 79d50b383617
Removing intermediate container 79d50b383617
 ---> 76a23a778dbb
Step 4/112 : RUN sed -ri "s/(httpredir|deb).debian.org/$APT_MIRROR/g" /etc/apt/sources.list
 ---> Running in afc44d833442
Removing intermediate container afc44d833442
 ---> 04aeb2c594fe
Step 5/112 : FROM base AS criu
 ---> 04aeb2c594fe
Step 6/112 : ENV CRIU_VERSION 3.11
 ---> Running in bcfd13a091d6
Removing intermediate container bcfd13a091d6
 ---> e40cac4aaef5
Step 7/112 : RUN apt-get update && apt-get install -y 	libnet-dev 	libprotobuf-c0-dev 	libprotobuf-dev 	libnl-3-dev 	libcap-dev 	protobuf-compiler 	protobuf-c-compiler 	python-protobuf 	&& mkdir -p /usr/src/criu 	&& curl -sSL https://github.com/checkpoint-restore/criu/archive/v${CRIU_VERSION}.tar.gz | tar -C /usr/src/criu/ -xz --strip-components=1 	&& cd /usr/src/criu 	&& make 	&& make PREFIX=/build/ install-criu
 ---> Running in 3de54c637c1b
Ign:1 http://cdn-fastly.deb.debian.org/debian stretch InRelease
Get:2 http://security.debian.org/debian-security stretch/updates InRelease [94.3 kB]
Get:3 http://cdn-fastly.deb.debian.org/debian stretch-updates InRelease [91.0 kB]
Get:4 http://cdn-fastly.deb.debian.org/debian stretch Release [118 kB]
Get:5 http://cdn-fastly.deb.debian.org/debian stretch Release.gpg [2434 B]
Get:6 http://security.debian.org/debian-security stretch/updates/main s390x Packages [475 kB]
Get:7 http://cdn-fastly.deb.debian.org/debian stretch-updates/main s390x Packages [27.1 kB]
Get:8 http://cdn-fastly.deb.debian.org/debian stretch/main s390x Packages [6852 kB]
Fetched 7660 kB in 1s (4849 kB/s)
Reading package lists...
Reading package lists...
Building dependency tree...
Reading state information...
The following additional packages will be installed:
  libnet1 libnl-3-200 libprotobuf-c1 libprotobuf-lite10 libprotobuf10
  libprotoc10 python-pkg-resources zlib1g-dev
Suggested packages:
  manpages-dev python-setuptools
The following NEW packages will be installed:
  libcap-dev libnet1 libnet1-dev libnl-3-200 libnl-3-dev libprotobuf-c-dev
  libprotobuf-c1 libprotobuf-dev libprotobuf-lite10 libprotobuf10 libprotoc10
  protobuf-c-compiler protobuf-compiler python-pkg-resources python-protobuf
  zlib1g-dev
0 upgraded, 16 newly installed, 0 to remove and 1 not upgraded.
Need to get 3476 kB of archives.
After this operation, 20.2 MB of additional disk space will be used.
Get:1 http://cdn-fastly.deb.debian.org/debian stretch/main s390x libnet1 s390x 1.1.6+dfsg-3 [57.1 kB]
Get:2 http://cdn-fastly.deb.debian.org/debian stretch/main s390x libcap-dev s390x 1:2.25-1 [30.1 kB]
Get:3 http://cdn-fastly.deb.debian.org/debian stretch/main s390x libnet1-dev s390x 1.1.6+dfsg-3 [114 kB]
Get:4 http://cdn-fastly.deb.debian.org/debian stretch/main s390x libnl-3-200 s390x 3.2.27-2 [59.3 kB]
Get:5 http://cdn-fastly.deb.debian.org/debian stretch/main s390x libnl-3-dev s390x 3.2.27-2 [96.2 kB]
Get:6 http://cdn-fastly.deb.debian.org/debian stretch/main s390x libprotobuf-c1 s390x 1.2.1-2 [25.1 kB]
Get:7 http://cdn-fastly.deb.debian.org/debian stretch/main s390x libprotobuf-c-dev s390x 1.2.1-2 [32.5 kB]
Get:8 http://cdn-fastly.deb.debian.org/debian stretch/main s390x zlib1g-dev s390x 1:1.2.8.dfsg-5 [204 kB]
Get:9 http://cdn-fastly.deb.debian.org/debian stretch/main s390x libprotobuf10 s390x 3.0.0-9 [648 kB]
Get:10 http://cdn-fastly.deb.debian.org/debian stretch/main s390x libprotobuf-lite10 s390x 3.0.0-9 [123 kB]
Get:11 http://cdn-fastly.deb.debian.org/debian stretch/main s390x libprotobuf-dev s390x 3.0.0-9 [925 kB]
Get:12 http://cdn-fastly.deb.debian.org/debian stretch/main s390x libprotoc10 s390x 3.0.0-9 [580 kB]
Get:13 http://cdn-fastly.deb.debian.org/debian stretch/main s390x protobuf-c-compiler s390x 1.2.1-2 [73.1 kB]
Get:14 http://cdn-fastly.deb.debian.org/debian stretch/main s390x protobuf-compiler s390x 3.0.0-9 [52.6 kB]
Get:15 http://cdn-fastly.deb.debian.org/debian stretch/main s390x python-pkg-resources all 33.1.1-1 [166 kB]
Get:16 http://cdn-fastly.deb.debian.org/debian stretch/main s390x python-protobuf s390x 3.0.0-9 [288 kB]
[91mdebconf: delaying package configuration, since apt-utils is not installed
[0mFetched 3476 kB in 0s (18.4 MB/s)
Selecting previously unselected package libnet1:s390x.
(Reading database ... (Reading database ... 5%(Reading database ... 10%(Reading database ... 15%(Reading database ... 20%(Reading database ... 25%(Reading database ... 30%(Reading database ... 35%(Reading database ... 40%(Reading database ... 45%(Reading database ... 50%(Reading database ... 55%(Reading database ... 60%(Reading database ... 65%(Reading database ... 70%(Reading database ... 75%(Reading database ... 80%(Reading database ... 85%(Reading database ... 90%(Reading database ... 95%(Reading database ... 100%(Reading database ... 14827 files and directories currently installed.)
Preparing to unpack .../00-libnet1_1.1.6+dfsg-3_s390x.deb ...
Unpacking libnet1:s390x (1.1.6+dfsg-3) ...
Selecting previously unselected package libcap-dev:s390x.
Preparing to unpack .../01-libcap-dev_1%3a2.25-1_s390x.deb ...
Unpacking libcap-dev:s390x (1:2.25-1) ...
Selecting previously unselected package libnet1-dev.
Preparing to unpack .../02-libnet1-dev_1.1.6+dfsg-3_s390x.deb ...
Unpacking libnet1-dev (1.1.6+dfsg-3) ...
Selecting previously unselected package libnl-3-200:s390x.
Preparing to unpack .../03-libnl-3-200_3.2.27-2_s390x.deb ...
Unpacking libnl-3-200:s390x (3.2.27-2) ...
Selecting previously unselected package libnl-3-dev:s390x.
Preparing to unpack .../04-libnl-3-dev_3.2.27-2_s390x.deb ...
Unpacking libnl-3-dev:s390x (3.2.27-2) ...
Selecting previously unselected package libprotobuf-c1:s390x.
Preparing to unpack .../05-libprotobuf-c1_1.2.1-2_s390x.deb ...
Unpacking libprotobuf-c1:s390x (1.2.1-2) ...
Selecting previously unselected package libprotobuf-c-dev:s390x.
Preparing to unpack .../06-libprotobuf-c-dev_1.2.1-2_s390x.deb ...
Unpacking libprotobuf-c-dev:s390x (1.2.1-2) ...
Selecting previously unselected package zlib1g-dev:s390x.
Preparing to unpack .../07-zlib1g-dev_1%3a1.2.8.dfsg-5_s390x.deb ...
Unpacking zlib1g-dev:s390x (1:1.2.8.dfsg-5) ...
Selecting previously unselected package libprotobuf10:s390x.
Preparing to unpack .../08-libprotobuf10_3.0.0-9_s390x.deb ...
Unpacking libprotobuf10:s390x (3.0.0-9) ...
Selecting previously unselected package libprotobuf-lite10:s390x.
Preparing to unpack .../09-libprotobuf-lite10_3.0.0-9_s390x.deb ...
Unpacking libprotobuf-lite10:s390x (3.0.0-9) ...
Selecting previously unselected package libprotobuf-dev:s390x.
Preparing to unpack .../10-libprotobuf-dev_3.0.0-9_s390x.deb ...
Unpacking libprotobuf-dev:s390x (3.0.0-9) ...
Selecting previously unselected package libprotoc10:s390x.
Preparing to unpack .../11-libprotoc10_3.0.0-9_s390x.deb ...
Unpacking libprotoc10:s390x (3.0.0-9) ...
Selecting previously unselected package protobuf-c-compiler.
Preparing to unpack .../12-protobuf-c-compiler_1.2.1-2_s390x.deb ...
Unpacking protobuf-c-compiler (1.2.1-2) ...
Selecting previously unselected package protobuf-compiler.
Preparing to unpack .../13-protobuf-compiler_3.0.0-9_s390x.deb ...
Unpacking protobuf-compiler (3.0.0-9) ...
Selecting previously unselected package python-pkg-resources.
Preparing to unpack .../14-python-pkg-resources_33.1.1-1_all.deb ...
Unpacking python-pkg-resources (33.1.1-1) ...
Selecting previously unselected package python-protobuf.
Preparing to unpack .../15-python-protobuf_3.0.0-9_s390x.deb ...
Unpacking python-protobuf (3.0.0-9) ...
Setting up libnet1:s390x (1.1.6+dfsg-3) ...
Setting up libprotobuf-c1:s390x (1.2.1-2) ...
Setting up python-pkg-resources (33.1.1-1) ...
Setting up libnet1-dev (1.1.6+dfsg-3) ...
Setting up libprotobuf10:s390x (3.0.0-9) ...
Processing triggers for libc-bin (2.24-11+deb9u4) ...
Setting up python-protobuf (3.0.0-9) ...
Setting up libcap-dev:s390x (1:2.25-1) ...
Setting up libprotobuf-c-dev:s390x (1.2.1-2) ...
Setting up libnl-3-200:s390x (3.2.27-2) ...
Setting up libprotobuf-lite10:s390x (3.0.0-9) ...
Setting up libprotoc10:s390x (3.0.0-9) ...
Setting up protobuf-c-compiler (1.2.1-2) ...
Setting up zlib1g-dev:s390x (1:1.2.8.dfsg-5) ...
Setting up protobuf-compiler (3.0.0-9) ...
Setting up libprotobuf-dev:s390x (3.0.0-9) ...
Setting up libnl-3-dev:s390x (3.2.27-2) ...
Processing triggers for libc-bin (2.24-11+deb9u4) ...
[91mfatal: Not a git repository (or any of the parent directories): .git
[0m  GEN      .gitid
  GEN      criu/include/version.h
  GEN      include/common/asm
  PBCC     images/google/protobuf/descriptor.pb-c.c
  PBCC     images/opts.pb-c.c
  PBCC     images/sit.pb-c.c
  DEP      images/google/protobuf/descriptor.pb-c.d
  DEP      images/opts.pb-c.d
  DEP      images/sit.pb-c.d
  PBCC     images/macvlan.pb-c.c
  DEP      images/macvlan.pb-c.d
  PBCC     images/autofs.pb-c.c
  DEP      images/autofs.pb-c.d
  PBCC     images/sysctl.pb-c.c
  DEP      images/sysctl.pb-c.d
  PBCC     images/time.pb-c.c
  DEP      images/time.pb-c.d
  PBCC     images/binfmt-misc.pb-c.c
  DEP      images/binfmt-misc.pb-c.d
  PBCC     images/seccomp.pb-c.c
  DEP      images/seccomp.pb-c.d
  PBCC     images/userns.pb-c.c
  DEP      images/userns.pb-c.d
  PBCC     images/cgroup.pb-c.c
  DEP      images/cgroup.pb-c.d
  PBCC     images/fown.pb-c.c
  PBCC     images/ext-file.pb-c.c
  DEP      images/fown.pb-c.d
  DEP      images/ext-file.pb-c.d
  PBCC     images/rpc.pb-c.c
  DEP      images/rpc.pb-c.d
  PBCC     images/siginfo.pb-c.c
  DEP      images/siginfo.pb-c.d
  PBCC     images/pagemap.pb-c.c
  DEP      images/pagemap.pb-c.d
  PBCC     images/rlimit.pb-c.c
  DEP      images/rlimit.pb-c.d
  PBCC     images/file-lock.pb-c.c
  DEP      images/file-lock.pb-c.d
  PBCC     images/tty.pb-c.c
  DEP      images/tty.pb-c.d
  PBCC     images/tun.pb-c.c
  PBCC     images/netdev.pb-c.c
  DEP      images/tun.pb-c.d
  DEP      images/netdev.pb-c.d
  PBCC     images/vma.pb-c.c
  DEP      images/vma.pb-c.d
  PBCC     images/creds.pb-c.c
  DEP      images/creds.pb-c.d
  PBCC     images/utsns.pb-c.c
  DEP      images/utsns.pb-c.d
  PBCC     images/ipc-desc.pb-c.c
  PBCC     images/ipc-sem.pb-c.c
  DEP      images/ipc-desc.pb-c.d
  DEP      images/ipc-sem.pb-c.d
  PBCC     images/ipc-msg.pb-c.c
  DEP      images/ipc-msg.pb-c.d
  PBCC     images/ipc-shm.pb-c.c
  DEP      images/ipc-shm.pb-c.d
  PBCC     images/ipc-var.pb-c.c
  DEP      images/ipc-var.pb-c.d
  PBCC     images/sk-opts.pb-c.c
  PBCC     images/packet-sock.pb-c.c
  DEP      images/sk-opts.pb-c.d
  DEP      images/packet-sock.pb-c.d
  PBCC     images/sk-netlink.pb-c.c
  DEP      images/sk-netlink.pb-c.d
  PBCC     images/sk-inet.pb-c.c
  DEP      images/sk-inet.pb-c.d
  PBCC     images/sk-unix.pb-c.c
  DEP      images/sk-unix.pb-c.d
  PBCC     images/mm.pb-c.c
  DEP      images/mm.pb-c.d
  PBCC     images/timerfd.pb-c.c
  DEP      images/timerfd.pb-c.d
  PBCC     images/timer.pb-c.c
  DEP      images/timer.pb-c.d
  PBCC     images/sa.pb-c.c
  DEP      images/sa.pb-c.d
  PBCC     images/pipe-data.pb-c.c
  DEP      images/pipe-data.pb-c.d
  PBCC     images/mnt.pb-c.c
  DEP      images/mnt.pb-c.d
  PBCC     images/sk-packet.pb-c.c
  DEP      images/sk-packet.pb-c.d
  PBCC     images/tcp-stream.pb-c.c
  DEP      images/tcp-stream.pb-c.d
  PBCC     images/pipe.pb-c.c
  DEP      images/pipe.pb-c.d
  PBCC     images/pstree.pb-c.c
  DEP      images/pstree.pb-c.d
  PBCC     images/fs.pb-c.c
  DEP      images/fs.pb-c.d
  PBCC     images/signalfd.pb-c.c
  DEP      images/signalfd.pb-c.d
  PBCC     images/fh.pb-c.c
  PBCC     images/fsnotify.pb-c.c
  DEP      images/fh.pb-c.d
  DEP      images/fsnotify.pb-c.d
  PBCC     images/eventpoll.pb-c.c
  DEP      images/eventpoll.pb-c.d
  PBCC     images/eventfd.pb-c.c
  DEP      images/eventfd.pb-c.d
  PBCC     images/remap-file-path.pb-c.c
  DEP      images/remap-file-path.pb-c.d
  PBCC     images/fifo.pb-c.c
  DEP      images/fifo.pb-c.d
  PBCC     images/ghost-file.pb-c.c
  DEP      images/ghost-file.pb-c.d
  PBCC     images/regfile.pb-c.c
  DEP      images/regfile.pb-c.d
  PBCC     images/ns.pb-c.c
  DEP      images/ns.pb-c.d
  PBCC     images/fdinfo.pb-c.c
  DEP      images/fdinfo.pb-c.d
  PBCC     images/core-aarch64.pb-c.c
  PBCC     images/core-arm.pb-c.c
  PBCC     images/core-ppc64.pb-c.c
  PBCC     images/core-s390.pb-c.c
  PBCC     images/core-x86.pb-c.c
  PBCC     images/core.pb-c.c
  PBCC     images/inventory.pb-c.c
  DEP      images/core-aarch64.pb-c.d
  DEP      images/core-arm.pb-c.d
  DEP      images/core-ppc64.pb-c.d
  DEP      images/core-s390.pb-c.d
  DEP      images/core-x86.pb-c.d
  DEP      images/core.pb-c.d
  DEP      images/inventory.pb-c.d
  PBCC     images/cpuinfo.pb-c.c
  DEP      images/cpuinfo.pb-c.d
  PBCC     images/stats.pb-c.c
  DEP      images/stats.pb-c.d
make[1]: Nothing to be done for 'all'.
  CC       images/stats.o
  CC       images/core.o
  CC       images/core-x86.o
  CC       images/core-arm.o
  CC       images/core-aarch64.o
  CC       images/core-ppc64.o
  CC       images/core-s390.o
  CC       images/cpuinfo.o
  CC       images/inventory.o
  CC       images/fdinfo.o
  CC       images/fown.o
  CC       images/ns.o
  CC       images/regfile.o
  CC       images/ghost-file.o
  CC       images/fifo.o
  CC       images/remap-file-path.o
  CC       images/eventfd.o
  CC       images/eventpoll.o
  CC       images/fh.o
  CC       images/fsnotify.o
  CC       images/signalfd.o
  CC       images/fs.o
  CC       images/pstree.o
  CC       images/pipe.o
  CC       images/tcp-stream.o
  CC       images/sk-packet.o
  CC       images/mnt.o
  CC       images/pipe-data.o
  CC       images/sa.o
  CC       images/timer.o
  CC       images/timerfd.o
  CC       images/mm.o
  CC       images/sk-opts.o
  CC       images/sk-unix.o
  CC       images/sk-inet.o
  CC       images/tun.o
  CC       images/sk-netlink.o
  CC       images/packet-sock.o
  CC       images/ipc-var.o
  CC       images/ipc-desc.o
  CC       images/ipc-shm.o
  CC       images/ipc-msg.o
  CC       images/ipc-sem.o
  CC       images/utsns.o
  CC       images/creds.o
  CC       images/vma.o
  CC       images/netdev.o
  CC       images/tty.o
  CC       images/file-lock.o
  CC       images/rlimit.o
  CC       images/pagemap.o
  CC       images/siginfo.o
  CC       images/rpc.o
  CC       images/ext-file.o
  CC       images/cgroup.o
  CC       images/userns.o
  CC       images/google/protobuf/descriptor.o
  CC       images/opts.o
  CC       images/seccomp.o
  CC       images/binfmt-misc.o
  CC       images/time.o
  CC       images/sysctl.o
  CC       images/autofs.o
  CC       images/macvlan.o
  CC       images/sit.o
  LINK     images/built-in.o
  GEN      compel/include/asm
  GEN      compel/include/version.h
touch .config
  GEN      include/common/config.h
  DEP      compel/arch/s390/plugins/std/syscalls/syscalls-s390.d
  GEN      compel/plugins/include/uapi/std/syscall-codes.h
  GEN      compel/plugins/include/uapi/std/syscall.h
  GEN      compel/arch/s390/plugins/std/syscalls/syscalls.S
  DEP      compel/arch/s390/plugins/std/syscalls/syscalls.d
  DEP      compel/arch/s390/plugins/std/parasite-head.d
  GEN      compel/plugins/include/uapi/std/asm/syscall-types.h
  DEP      compel/plugins/std/infect.d
  DEP      compel/plugins/std/string.d
  DEP      compel/plugins/std/log.d
  DEP      compel/plugins/std/fds.d
  DEP      compel/plugins/std/std.d
  DEP      compel/plugins/shmem/shmem.d
  DEP      compel/plugins/fds/fds.d
  CC       compel/plugins/std/std.o
  CC       compel/plugins/std/fds.o
  CC       compel/plugins/std/log.o
  CC       compel/plugins/std/string.o
  CC       compel/plugins/std/infect.o
  CC       compel/arch/s390/plugins/std/parasite-head.o
  CC       compel/arch/s390/plugins/std/syscalls/syscalls.o
  CC       compel/arch/s390/plugins/std/syscalls/syscalls-s390.o
  AR       compel/plugins/std.lib.a
  CC       compel/plugins/fds/fds.o
  AR       compel/plugins/fds.lib.a
  HOSTDEP  compel/src/lib/handle-elf-host.d
  HOSTDEP  compel/arch/s390/src/lib/handle-elf-host.d
  HOSTDEP  compel/src/lib/log-host.d
  HOSTDEP  compel/src/main-host.d
  DEP      compel/src/lib/ptrace.d
  DEP      compel/src/lib/infect.d
  DEP      compel/src/lib/infect-util.d
  DEP      compel/src/lib/infect-rpc.d
  DEP      compel/src/lib/handle-elf.d
  DEP      compel/arch/s390/src/lib/handle-elf.d
  DEP      compel/arch/s390/src/lib/infect.d
  DEP      compel/arch/s390/src/lib/cpu.d
  DEP      compel/src/lib/log.d
  DEP      compel/src/main.d
  CC       compel/src/lib/log.o
  CC       compel/arch/s390/src/lib/cpu.o
  CC       compel/arch/s390/src/lib/infect.o
  CC       compel/arch/s390/src/lib/handle-elf.o
  CC       compel/src/lib/handle-elf.o
  CC       compel/src/lib/infect-rpc.o
  CC       compel/src/lib/infect-util.o
  CC       compel/src/lib/infect.o
  CC       compel/src/lib/ptrace.o
  AR       compel/libcompel.a
  HOSTCC   compel/src/main-host.o
  HOSTCC   compel/src/lib/log-host.o
  HOSTCC   compel/arch/s390/src/lib/handle-elf-host.o
  HOSTCC   compel/src/lib/handle-elf-host.o
  HOSTLINK compel/compel-host-bin
  DEP      soccr/soccr.d
  CC       soccr/soccr.o
  AR       soccr/libsoccr.a
make[1]: 'soccr/libsoccr.a' is up to date.
  DEP      criu/arch/s390/sigframe.d
  DEP      criu/arch/s390/crtools.d
  DEP      criu/arch/s390/cpu.d
  CC       criu/arch/s390/cpu.o
  CC       criu/arch/s390/crtools.o
  CC       criu/arch/s390/sigframe.o
  LINK     criu/arch/s390/crtools.built-in.o
  DEP      criu/arch/s390/vdso-pie.d
  DEP      criu/pie/parasite-vdso.d
  DEP      criu/pie/util-vdso.d
  DEP      criu/pie/util.d
  CC       criu/pie/util.o
  CC       criu/pie/util-vdso.o
  CC       criu/pie/parasite-vdso.o
  CC       criu/arch/s390/vdso-pie.o
  AR       criu/pie/pie.lib.a
  DEP      criu/pie/restorer.d
  DEP      criu/arch/s390/restorer.d
  DEP      criu/pie/parasite.d
  CC       criu/pie/parasite.o
  LINK     criu/pie/parasite.built-in.o
  GEN      criu/pie/parasite-blob.h
  CC       criu/arch/s390/restorer.o
  CC       criu/pie/restorer.o
  LINK     criu/pie/restorer.built-in.o
  GEN      criu/pie/restorer-blob.h
  DEP      criu/vdso.d
  DEP      criu/uts_ns.d
  DEP      criu/util.d
  DEP      criu/uffd.d
  DEP      criu/tun.d
  DEP      criu/tty.d
  DEP      criu/timerfd.d
  DEP      criu/sysfs_parse.d
  DEP      criu/sysctl.d
  DEP      criu/string.d
  DEP      criu/stats.d
  DEP      criu/sockets.d
  DEP      criu/sk-unix.d
  DEP      criu/sk-tcp.d
  DEP      criu/sk-queue.d
  DEP      criu/sk-packet.d
  DEP      criu/sk-netlink.d
  DEP      criu/sk-inet.d
  DEP      criu/signalfd.d
  DEP      criu/sigframe.d
  DEP      criu/shmem.d
  DEP      criu/seize.d
  DEP      criu/seccomp.d
  DEP      criu/rst-malloc.d
  DEP      criu/rbtree.d
  DEP      criu/pstree.d
  DEP      criu/protobuf.d
  GEN      criu/protobuf-desc-gen.h
  DEP      criu/protobuf-desc.d
  DEP      criu/proc_parse.d
  DEP      criu/plugin.d
  DEP      criu/pipes.d
  DEP      criu/pie-util.d
  DEP      criu/pie-util-vdso.d
  DEP      criu/pie-util-vdso-elf32.d
  DEP      criu/path.d
  DEP      criu/parasite-syscall.d
  DEP      criu/pagemap.d
  DEP      criu/pagemap-cache.d
  DEP      criu/page-xfer.d
  DEP      criu/page-pipe.d
  DEP      criu/netfilter.d
  DEP      criu/net.d
  DEP      criu/namespaces.d
  DEP      criu/mount.d
  DEP      criu/mem.d
  DEP      criu/lsm.d
  DEP      criu/log.d
  DEP      criu/libnetlink.d
  DEP      criu/kerndat.d
  DEP      criu/kcmp-ids.d
  DEP      criu/irmap.d
  DEP      criu/ipc_ns.d
  DEP      criu/image.d
  DEP      criu/image-desc.d
  DEP      criu/fsnotify.d
  DEP      criu/filesystems.d
  DEP      criu/files.d
  DEP      criu/files-reg.d
  DEP      criu/files-ext.d
  DEP      criu/file-lock.d
  DEP      criu/file-ids.d
  DEP      criu/fifo.d
  DEP      criu/fdstore.d
  DEP      criu/fault-injection.d
  DEP      criu/external.d
  DEP      criu/eventpoll.d
  DEP      criu/eventfd.d
  DEP      criu/crtools.d
  DEP      criu/cr-service.d
  DEP      criu/cr-restore.d
  DEP      criu/cr-errno.d
  DEP      criu/cr-dump.d
  DEP      criu/cr-dedup.d
  DEP      criu/cr-check.d
  DEP      criu/config.d
  DEP      criu/clone-noasan.d
  DEP      criu/cgroup.d
  DEP      criu/cgroup-props.d
  DEP      criu/bitmap.d
  DEP      criu/bfd.d
  DEP      criu/autofs.d
  DEP      criu/aio.d
  DEP      criu/action-scripts.d
  CC       criu/action-scripts.o
  CC       criu/aio.o
  CC       criu/autofs.o
  CC       criu/bfd.o
  CC       criu/bitmap.o
  CC       criu/cgroup-props.o
  CC       criu/cgroup.o
  CC       criu/clone-noasan.o
  CC       criu/config.o
  CC       criu/cr-check.o
  CC       criu/cr-dedup.o
  CC       criu/cr-dump.o
  CC       criu/cr-errno.o
  CC       criu/cr-restore.o
  CC       criu/cr-service.o
  CC       criu/crtools.o
  CC       criu/eventfd.o
  CC       criu/eventpoll.o
  CC       criu/external.o
  CC       criu/fault-injection.o
  CC       criu/fdstore.o
  CC       criu/fifo.o
  CC       criu/file-ids.o
  CC       criu/file-lock.o
  CC       criu/files-ext.o
  CC       criu/files-reg.o
  CC       criu/files.o
  CC       criu/filesystems.o
  CC       criu/fsnotify.o
  CC       criu/image-desc.o
  CC       criu/image.o
  CC       criu/ipc_ns.o
  CC       criu/irmap.o
  CC       criu/kcmp-ids.o
  CC       criu/kerndat.o
  CC       criu/libnetlink.o
  CC       criu/log.o
  CC       criu/lsm.o
  CC       criu/mem.o
  CC       criu/mount.o
  CC       criu/namespaces.o
  CC       criu/net.o
  CC       criu/netfilter.o
  CC       criu/page-pipe.o
  CC       criu/page-xfer.o
  CC       criu/pagemap-cache.o
  CC       criu/pagemap.o
  CC       criu/parasite-syscall.o
  CC       criu/path.o
  CC       criu/pie-util-vdso-elf32.o
  CC       criu/pie-util-vdso.o
  CC       criu/pie-util.o
  CC       criu/pipes.o
  CC       criu/plugin.o
  CC       criu/proc_parse.o
  CC       criu/protobuf-desc.o
  CC       criu/protobuf.o
  CC       criu/pstree.o
  CC       criu/rbtree.o
  CC       criu/rst-malloc.o
  CC       criu/seccomp.o
  CC       criu/seize.o
  CC       criu/shmem.o
  CC       criu/sigframe.o
  CC       criu/signalfd.o
  CC       criu/sk-inet.o
  CC       criu/sk-netlink.o
  CC       criu/sk-packet.o
  CC       criu/sk-queue.o
  CC       criu/sk-tcp.o
  CC       criu/sk-unix.o
  CC       criu/sockets.o
  CC       criu/stats.o
  CC       criu/string.o
  CC       criu/sysctl.o
  CC       criu/sysfs_parse.o
  CC       criu/timerfd.o
  CC       criu/tty.o
  CC       criu/tun.o
  CC       criu/uffd.o
  CC       criu/util.o
  CC       criu/uts_ns.o
  CC       criu/vdso.o
  LINK     criu/built-in.o
  LINK     criu/criu
  DEP      lib/c/criu.d
  CC       images/rpc.pb-c.o
  CC       lib/c/criu.o
  LINK     lib/c/built-in.o
  LINK     lib/c/libcriu.so
  GEN      magic.py
[91mfatal: Not a git repository (or any of the parent directories): .git
[0mmake[1]: Nothing to be done for 'all'.
make[1]: 'images/built-in.o' is up to date.
make[1]: 'compel/plugins/std.lib.a' is up to date.
make[1]: 'compel/plugins/fds.lib.a' is up to date.
make[1]: 'compel/libcompel.a' is up to date.
make[1]: 'compel/compel-host-bin' is up to date.
make[1]: Nothing to be done for 'all'.
make[1]: 'soccr/libsoccr.a' is up to date.
make[2]: Nothing to be done for 'all'.
make[2]: Nothing to be done for 'all'.
make[2]: Nothing to be done for 'all'.
make[2]: Nothing to be done for 'all'.
make[2]: Nothing to be done for 'all'.
make[2]: Nothing to be done for 'all'.
make[2]: Nothing to be done for 'all'.
make[2]: Nothing to be done for 'all'.
  INSTALL  criu/criu
Removing intermediate container 3de54c637c1b
 ---> 5eadf492b10e
Step 8/112 : FROM base AS registry
 ---> 04aeb2c594fe
Step 9/112 : ENV REGISTRY_COMMIT 47a064d4195a9b56133891bbb13620c3ac83a827
 ---> Running in 2ed8bfbbf87c
Removing intermediate container 2ed8bfbbf87c
 ---> c4c57c9cb50f
Step 10/112 : RUN set -x 	&& export GOPATH="$(mktemp -d)" 	&& git clone https://github.com/docker/distribution.git "$GOPATH/src/github.com/docker/distribution" 	&& (cd "$GOPATH/src/github.com/docker/distribution" && git checkout -q "$REGISTRY_COMMIT") 	&& GOPATH="$GOPATH/src/github.com/docker/distribution/Godeps/_workspace:$GOPATH" 		go build -buildmode=pie -o /build/registry-v2 github.com/docker/distribution/cmd/registry 	&& rm -rf "$GOPATH"
 ---> Running in ff84972dff68
[91m+ mktemp -d
[0m[91m+ export GOPATH=/tmp/tmp.25riEP220F
+ git clone https://github.com/docker/distribution.git /tmp/tmp.25riEP220F/src/github.com/docker/distribution
[0m[91mCloning into '/tmp/tmp.25riEP220F/src/github.com/docker/distribution'...
[0m[91m+ cd /tmp/tmp.25riEP220F/src/github.com/docker/distribution
+ git checkout -q 47a064d4195a9b56133891bbb13620c3ac83a827
[0m[91m+ GOPATH=/tmp/tmp.25riEP220F/src/github.com/docker/distribution/Godeps/_workspace:/tmp/tmp.25riEP220F[0m[91m go build -buildmode=pie -o /build/registry-v2 github.com/docker/distribution/cmd/registry
[0m[91m+ [0m[91mrm -rf /tmp/tmp.25riEP220F
[0mRemoving intermediate container ff84972dff68
 ---> fed12d8f9a73
Step 11/112 : FROM base AS docker-py
 ---> 04aeb2c594fe
Step 12/112 : ENV DOCKER_PY_COMMIT ac922192959870774ad8428344d9faa0555f7ba6
 ---> Running in 31ff944736ad
Removing intermediate container 31ff944736ad
 ---> ad83e922e04c
Step 13/112 : RUN git clone https://github.com/docker/docker-py.git /build 	&& cd /build 	&& git checkout -q $DOCKER_PY_COMMIT
 ---> Running in 50f79f79efc6
[91mCloning into '/build'...
[0mRemoving intermediate container 50f79f79efc6
 ---> ea145d86e250
Step 14/112 : FROM base AS swagger
 ---> 04aeb2c594fe
Step 15/112 : ENV GO_SWAGGER_COMMIT c28258affb0b6251755d92489ef685af8d4ff3eb
 ---> Running in c954d957f5f1
Removing intermediate container c954d957f5f1
 ---> 63d50ccbf1c1
Step 16/112 : RUN set -x 	&& export GOPATH="$(mktemp -d)" 	&& git clone https://github.com/go-swagger/go-swagger.git "$GOPATH/src/github.com/go-swagger/go-swagger" 	&& (cd "$GOPATH/src/github.com/go-swagger/go-swagger" && git checkout -q "$GO_SWAGGER_COMMIT") 	&& go build -o /build/swagger github.com/go-swagger/go-swagger/cmd/swagger 	&& rm -rf "$GOPATH"
 ---> Running in f140fbc2beed
[91m+ mktemp -d
[0m[91m+ export GOPATH=/tmp/tmp.hzuBAglH0L
+ git clone https://github.com/go-swagger/go-swagger.git /tmp/tmp.hzuBAglH0L/src/github.com/go-swagger/go-swagger
Cloning into '/tmp/tmp.hzuBAglH0L/src/github.com/go-swagger/go-swagger'...
[0m[91m+ cd /tmp/tmp.hzuBAglH0L/src/github.com/go-swagger/go-swagger
+ git checkout -q c28258affb0b6251755d92489ef685af8d4ff3eb
[0m[91m+ go build -o /build/swagger github.com/go-swagger/go-swagger/cmd/swagger
[0m[91m+ [0m[91mrm -rf /tmp/tmp.hzuBAglH0L
[0mRemoving intermediate container f140fbc2beed
 ---> 1d2160fc6012
Step 17/112 : FROM base AS frozen-images
 ---> 04aeb2c594fe
Step 18/112 : RUN apt-get update && apt-get install -y jq ca-certificates --no-install-recommends
 ---> Running in 856b2eef3b12
Ign:1 http://cdn-fastly.deb.debian.org/debian stretch InRelease
Get:2 http://cdn-fastly.deb.debian.org/debian stretch-updates InRelease [91.0 kB]
Get:3 http://cdn-fastly.deb.debian.org/debian stretch Release [118 kB]
Get:4 http://cdn-fastly.deb.debian.org/debian stretch Release.gpg [2434 B]
Get:5 http://security.debian.org/debian-security stretch/updates InRelease [94.3 kB]
Get:6 http://cdn-fastly.deb.debian.org/debian stretch-updates/main s390x Packages [27.1 kB]
Get:7 http://cdn-fastly.deb.debian.org/debian stretch/main s390x Packages [6852 kB]
Get:8 http://security.debian.org/debian-security stretch/updates/main s390x Packages [475 kB]
Fetched 7660 kB in 1s (4880 kB/s)
Reading package lists...
Reading package lists...
Building dependency tree...
Reading state information...
ca-certificates is already the newest version (20161130+nmu1+deb9u1).
The following additional packages will be installed:
  libjq1 libonig4
The following NEW packages will be installed:
  jq libjq1 libonig4
0 upgraded, 3 newly installed, 0 to remove and 1 not upgraded.
Need to get 328 kB of archives.
After this operation, 1263 kB of additional disk space will be used.
Get:1 http://cdn-fastly.deb.debian.org/debian stretch/main s390x libonig4 s390x 6.1.3-2 [142 kB]
Get:2 http://cdn-fastly.deb.debian.org/debian stretch/main s390x libjq1 s390x 1.5+dfsg-1.3 [126 kB]
Get:3 http://cdn-fastly.deb.debian.org/debian stretch/main s390x jq s390x 1.5+dfsg-1.3 [59.2 kB]
[91mdebconf: delaying package configuration, since apt-utils is not installed
[0mFetched 328 kB in 0s (3271 kB/s)
Selecting previously unselected package libonig4:s390x.
(Reading database ... (Reading database ... 5%(Reading database ... 10%(Reading database ... 15%(Reading database ... 20%(Reading database ... 25%(Reading database ... 30%(Reading database ... 35%(Reading database ... 40%(Reading database ... 45%(Reading database ... 50%(Reading database ... 55%(Reading database ... 60%(Reading database ... 65%(Reading database ... 70%(Reading database ... 75%(Reading database ... 80%(Reading database ... 85%(Reading database ... 90%(Reading database ... 95%(Reading database ... 100%(Reading database ... 14827 files and directories currently installed.)
Preparing to unpack .../libonig4_6.1.3-2_s390x.deb ...
Unpacking libonig4:s390x (6.1.3-2) ...
Selecting previously unselected package libjq1:s390x.
Preparing to unpack .../libjq1_1.5+dfsg-1.3_s390x.deb ...
Unpacking libjq1:s390x (1.5+dfsg-1.3) ...
Selecting previously unselected package jq.
Preparing to unpack .../jq_1.5+dfsg-1.3_s390x.deb ...
Unpacking jq (1.5+dfsg-1.3) ...
Setting up libonig4:s390x (6.1.3-2) ...
Setting up libjq1:s390x (1.5+dfsg-1.3) ...
Processing triggers for libc-bin (2.24-11+deb9u4) ...
Setting up jq (1.5+dfsg-1.3) ...
Removing intermediate container 856b2eef3b12
 ---> c508afce0e31
Step 19/112 : COPY contrib/download-frozen-image-v2.sh /
 ---> 0b19658953e8
Step 20/112 : RUN /download-frozen-image-v2.sh /build 	buildpack-deps:jessie@sha256:dd86dced7c9cd2a724e779730f0a53f93b7ef42228d4344b25ce9a42a1486251 	busybox:latest@sha256:bbc3a03235220b170ba48a157dd097dd1379299370e1ed99ce976df0355d24f0 	busybox:glibc@sha256:0b55a30394294ab23b9afd58fab94e61a923f5834fba7ddbae7f8e0c11ba85e6 	debian:jessie@sha256:287a20c5f73087ab406e6b364833e3fb7b3ae63ca0eb3486555dc27ed32c6e60 	hello-world:latest@sha256:be0cd392e45be79ffeffa6b05338b98ebb16c87b255f48e297ec7f98e123905c
 ---> Running in 5ad20785b14c
Downloading 'library/buildpack-deps:jessie@sha256:dd86dced7c9cd2a724e779730f0a53f93b7ef42228d4344b25ce9a42a1486251' (4 layers)...
[91m##[0m[91m####[0m[91m#[0m[91m#[0m[91m#[0m[91m#[0m[91m#[0m[91m#[0m[91m#[0m[91m#[0m[91m#[0m[91m#[0m[91m#[0m[91m#[0m[91m###################################################### 100.0%
[0m[91m[0m[91m##[0m[91m#[0m[91m [0m[91m  [0m[91m  [0m[91m [0m[91m [0m[91m [0m[91m [0m[91m [0m[91m [0m[91m [0m[91m [0m[91m [0m[91m [0m[91m                                               [0m[91m [0m[91m [0m[91m [0m[91m [0m[91m [0m[91m [0m[91m [0m[91m [0m[91m  [0m[91m5[0m[91m.[0m[91m5[0m[91m%[0m[91m###[0m[91m##[0m[91m#[0m[91m   [0m[91m [0m[91m [0m[91m [0m[91m  [0m[91m [0m[91m [0m[91m [0m[91m   [0m[91m [0m[91m [0m[91m    [0m[91m [0m[91m [0m[91m [0m[91m     [0m[91m [0m[91m [0m[91m [0m[91m  [0m[91m [0m[91m     [0m[91m [0m[91m  [0m[91m [0m[91m [0m[91m [0m[91m [0m[91m [0m[91m [0m[91m [0m[91m [0m[91m [0m[91m [0m[91m [0m[91m [0m[91m [0m[91m [0m[91m [0m[91m [0m[91m [0m[91m [0m[91m [0m[91m [0m[91m [0m[91m [0m[91m [0m[91m [0m[91m [0m[91m [0m[91m [0m[91m8[0m[91m.8%[0m[91m##[0m[91m#[0m[91m#[0m[91m##[0m[91m#[0m[91m#[0m[91m#[0m[91m###[0m[91m##[0m[91m#[0m[91m [0m[91m [0m[91m  [0m[91m  [0m[91m [0m[91m   [0m[91m [0m[91m     [0m[91m [0m[91m  [0m[91m [0m[91m [0m[91m  [0m[91m  [0m[91m [0m[91m [0m[91m [0m[91m [0m[91m [0m[91m [0m[91m  [0m[91m   [0m[91m [0m[91m [0m[91m [0m[91m [0m[91m [0m[91m [0m[91m [0m[91m  [0m[91m   [0m[91m  [0m[91m [0m[91m [0m[91m [0m[91m [0m[91m  [0m[91m [0m[91m [0m[91m 2[0m[91m1.3[0m[91m%[0m[91m#########################          [0m[91m                                       35.9%[0m[91m###########################[0m[91m#########                                      50.6%[0m[91m##############################################                           [0m[91m 65.2%[0m[91m########################################################                 [0m[91m 78.6%[0m[91m###################################[0m[91m################################       93.2%[0m[91m######################################################################## [0m[91m100.0%
[0m[91m######################################################################## 100.0%
[0m[91m[0m[91m#[0m[91m#[0m[91m#[0m[91m#[0m[91m#[0m[91m#[0m[91m#[0m[91m#[0m[91m#[0m[91m [0m[91m [0m[91m [0m[91m [0m[91m [0m[91m [0m[91m [0m[91m [0m[91m [0m[91m [0m[91m [0m[91m [0m[91m [0m[91m [0m[91m [0m[91m [0m[91m [0m[91m [0m[91m [0m[91m [0m[91m [0m[91m [0m[91m [0m[91m [0m[91m [0m[91m [0m[91m [0m[91m [0m[91m [0m[91m [0m[91m [0m[91m [0m[91m [0m[91m [0m[91m [0m[91m [0m[91m [0m[91m [0m[91m [0m[91m [0m[91m [0m[91m [0m[91m [0m[91m [0m[91m [0m[91m [0m[91m [0m[91m [0m[91m [0m[91m [0m[91m [0m[91m [0m[91m [0m[91m [0m[91m [0m[91m [0m[91m [0m[91m [0m[91m [0m[91m [0m[91m [0m[91m    13.2%[0m[91m##[0m[91m#[0m[91m#[0m[91m#############################                                         47.2%[0m[91m[0m[91m#[0m[91m#[0m[91m#[0m[91m#[0m[91m#[0m[91m#[0m[91m#[0m[91m#[0m[91m#[0m[91m#[0m[91m#[0m[91m#[0m[91m#[0m[91m####[0m[91m#[0m[91m###[0m[91m#[0m[91m#[0m[91m#[0m[91m#[0m[91m#[0m[91m##[0m[91m#[0m[91m#############################            [0m[91m [0m[91m  [0m[91m 81[0m[91m.[0m[91m2[0m[91m%[0m[91m###[0m[91m#[0m[91m#[0m[91m#[0m[91m#[0m[91m#[0m[91m#[0m[91m#[0m[91m#[0m[91m#[0m[91m#[0m[91m#[0m[91m#[0m[91m#[0m[91m#[0m[91m#[0m[91m#[0m[91m#[0m[91m#################################################### 100.0%
[0m[91m[0m[91m#[0m[91m#[0m[91m###################################################################### 100.0%
[0m[91m###[0m[91m###[0m[91m###                                                                 13.6%[0m[91m####################                                             [0m[91m         28.9%[0m[91m#################################        [0m[91m                                 46.7%[0m[91m####################################[0m[91m##########                            64.5%[0m[91m###########################[0m[91m################################      [0m[91m        [0m[91m 82.3%[0m[91m################################[0m[91m######################################## 100.0%[0m[91m
[0m[91m###########################################[0m[91m############################# 100.0%
[0m[91m[0m[91m#[0m[91m [0m[91m [0m[91m [0m[91m [0m[91m [0m[91m                                                                     2.6%[0m[91m#####                            [0m[91m                                          8.3%[0m[91m[0m[91m##########                    [0m[91m                                           [0m[91m 14.0%[0m[91m[0m[91m##############       [0m[91m                                               [0m[91m      20.6%[0m[91m[0m[91m###################                                                       27.2%[0m[91m[0m[91m#######################                                                   32.9%[0m[91m##[0m[91m#[0m[91m#[0m[91m#[0m[91m#[0m[91m#[0m[91m#[0m[91m####################                                              39.5%[0m[91m[0m[91m#[0m[91m#[0m[91m#[0m[91m####[0m[91m#[0m[91m#[0m[91m#######################                                          45.2%[0m[91m#####[0m[91m#[0m[91m###[0m[91m#[0m[91m#[0m[91m#########################                                      50.3%[0m[91m#######################################                                  [0m[91m 55.1%[0m[91m###########################################      [0m[91m          [0m[91m               61.0%[0m[91m#######################################[0m[91m#######[0m[91m##                          67.6%[0m[91m#################################[0m[91m####################                     74.2%[0m[91m##########################################[0m[91m################                80.8%[0m[91m#######################################[0m[91m#######################            87.4%[0m[91m#######################[0m[91m############################################       94.0%[0m[91m##################################################################[0m[91m###### 100.0%
[0m
Downloading 'library/busybox:latest@sha256:bbc3a03235220b170ba48a157dd097dd1379299370e1ed99ce976df0355d24f0' (1 layers)...
[91m[0m[91m#[0m[91m#[0m[91m#[0m[91m#[0m[91m#[0m[91m#[0m[91m#[0m[91m#[0m[91m#[0m[91m#[0m[91m#[0m[91m#[0m[91m#[0m[91m#[0m[91m#[0m[91m#[0m[91m#[0m[91m#[0m[91m#[0m[91m#[0m[91m#[0m[91m#[0m[91m#[0m[91m#[0m[91m#[0m[91m#[0m[91m#[0m[91m#[0m[91m#[0m[91m#[0m[91m#[0m[91m#[0m[91m#[0m[91m#[0m[91m#[0m[91m#[0m[91m#[0m[91m#[0m[91m#[0m[91m#[0m[91m#[0m[91m#[0m[91m#[0m[91m#[0m[91m#[0m[91m#[0m[91m#[0m[91m#[0m[91m#[0m[91m#[0m[91m#[0m[91m#[0m[91m#[0m[91m#[0m[91m#[0m[91m#[0m[91m#[0m[91m#[0m[91m#[0m[91m#[0m[91m#[0m[91m#[0m[91m#[0m[91m#[0m[91m#[0m[91m#[0m[91m#[0m[91m#[0m[91m#[0m[91m#[0m[91m#[0m[91m#[0m[91m [0m[91m1[0m[91m0[0m[91m0[0m[91m.[0m[91m0[0m[91m%[0m[91m
[0m[91m#########################################################[0m[91m############### 100.0%
[0m
Downloading 'library/busybox:glibc@sha256:0b55a30394294ab23b9afd58fab94e61a923f5834fba7ddbae7f8e0c11ba85e6' (1 layers)...
[91m#############################################################[0m[91m########### 100.0%
[0m[91m#################################################################[0m[91m####### 100.0%
[0m
Downloading 'library/debian:jessie@sha256:287a20c5f73087ab406e6b364833e3fb7b3ae63ca0eb3486555dc27ed32c6e60' (1 layers)...
skipping existing b63cc5f62c21

Downloading 'library/hello-world:latest@sha256:be0cd392e45be79ffeffa6b05338b98ebb16c87b255f48e297ec7f98e123905c' (1 layers)...
[91m#######################################################[0m[91m################# 100.0%
[0m[91m######################################################################## 100.0%
[0m
Download of images into '/build' complete.
Use something like the following to load the result into a Docker daemon:
  tar -cC '/build' . | docker load
Removing intermediate container 5ad20785b14c
 ---> 2854806897fd
Step 21/112 : FROM base AS cross-false
 ---> 04aeb2c594fe
Step 22/112 : FROM base AS cross-true
 ---> 04aeb2c594fe
Step 23/112 : RUN dpkg --add-architecture armhf
 ---> Running in 817c921b0e25
Removing intermediate container 817c921b0e25
 ---> 12f685f46225
Step 24/112 : RUN dpkg --add-architecture arm64
 ---> Running in 9dda78c02ee8
Removing intermediate container 9dda78c02ee8
 ---> 777caa826919
Step 25/112 : RUN dpkg --add-architecture armel
 ---> Running in 5a21c351c100
Removing intermediate container 5a21c351c100
 ---> eae71951f6e3
Step 26/112 : RUN if [ "$(go env GOHOSTARCH)" = "amd64" ]; then 	apt-get update 	&& apt-get install -y --no-install-recommends 		crossbuild-essential-armhf 		crossbuild-essential-arm64 		crossbuild-essential-armel; 	fi
 ---> Running in 6f56162adcb5
Removing intermediate container 6f56162adcb5
 ---> a983a2966163
Step 27/112 : FROM cross-${CROSS} as dev-base
 ---> 04aeb2c594fe
Step 28/112 : FROM dev-base AS runtime-dev-cross-false
 ---> 04aeb2c594fe
Step 29/112 : RUN apt-get update && apt-get install -y 	libapparmor-dev 	libseccomp-dev
 ---> Running in c8252f8f1749
Get:1 http://security.debian.org/debian-security stretch/updates InRelease [94.3 kB]
Ign:2 http://cdn-fastly.deb.debian.org/debian stretch InRelease
Get:3 http://cdn-fastly.deb.debian.org/debian stretch-updates InRelease [91.0 kB]
Get:4 http://cdn-fastly.deb.debian.org/debian stretch Release [118 kB]
Get:5 http://cdn-fastly.deb.debian.org/debian stretch Release.gpg [2434 B]
Get:6 http://security.debian.org/debian-security stretch/updates/main s390x Packages [475 kB]
Get:7 http://cdn-fastly.deb.debian.org/debian stretch-updates/main s390x Packages [27.1 kB]
Get:8 http://cdn-fastly.deb.debian.org/debian stretch/main s390x Packages [6852 kB]
Fetched 7660 kB in 1s (4942 kB/s)
Reading package lists...
Reading package lists...
Building dependency tree...
Reading state information...
The following additional packages will be installed:
  libapparmor1 libseccomp2
Suggested packages:
  seccomp
The following NEW packages will be installed:
  libapparmor-dev libapparmor1 libseccomp-dev libseccomp2
0 upgraded, 4 newly installed, 0 to remove and 1 not upgraded.
Need to get 301 kB of archives.
After this operation, 1402 kB of additional disk space will be used.
Get:1 http://cdn-fastly.deb.debian.org/debian stretch/main s390x libseccomp2 s390x 2.3.1-2.1+deb9u1 [41.3 kB]
Get:2 http://cdn-fastly.deb.debian.org/debian stretch/main s390x libseccomp-dev s390x 2.3.1-2.1+deb9u1 [61.6 kB]
Get:3 http://cdn-fastly.deb.debian.org/debian stretch/main s390x libapparmor1 s390x 2.11.0-3+deb9u2 [78.6 kB]
Get:4 http://cdn-fastly.deb.debian.org/debian stretch/main s390x libapparmor-dev s390x 2.11.0-3+deb9u2 [119 kB]
[91mdebconf: delaying package configuration, since apt-utils is not installed
[0mFetched 301 kB in 0s (3552 kB/s)
Selecting previously unselected package libseccomp2:s390x.
(Reading database ... (Reading database ... 5%(Reading database ... 10%(Reading database ... 15%(Reading database ... 20%(Reading database ... 25%(Reading database ... 30%(Reading database ... 35%(Reading database ... 40%(Reading database ... 45%(Reading database ... 50%(Reading database ... 55%(Reading database ... 60%(Reading database ... 65%(Reading database ... 70%(Reading database ... 75%(Reading database ... 80%(Reading database ... 85%(Reading database ... 90%(Reading database ... 95%(Reading database ... 100%(Reading database ... 14827 files and directories currently installed.)
Preparing to unpack .../libseccomp2_2.3.1-2.1+deb9u1_s390x.deb ...
Unpacking libseccomp2:s390x (2.3.1-2.1+deb9u1) ...
Selecting previously unselected package libseccomp-dev:s390x.
Preparing to unpack .../libseccomp-dev_2.3.1-2.1+deb9u1_s390x.deb ...
Unpacking libseccomp-dev:s390x (2.3.1-2.1+deb9u1) ...
Selecting previously unselected package libapparmor1:s390x.
Preparing to unpack .../libapparmor1_2.11.0-3+deb9u2_s390x.deb ...
Unpacking libapparmor1:s390x (2.11.0-3+deb9u2) ...
Selecting previously unselected package libapparmor-dev:s390x.
Preparing to unpack .../libapparmor-dev_2.11.0-3+deb9u2_s390x.deb ...
Unpacking libapparmor-dev:s390x (2.11.0-3+deb9u2) ...
Processing triggers for libc-bin (2.24-11+deb9u4) ...
Setting up libseccomp2:s390x (2.3.1-2.1+deb9u1) ...
Setting up libapparmor1:s390x (2.11.0-3+deb9u2) ...
Setting up libseccomp-dev:s390x (2.3.1-2.1+deb9u1) ...
Setting up libapparmor-dev:s390x (2.11.0-3+deb9u2) ...
Processing triggers for libc-bin (2.24-11+deb9u4) ...
Removing intermediate container c8252f8f1749
 ---> b04165e7397e
Step 30/112 : FROM cross-true AS runtime-dev-cross-true
 ---> a983a2966163
Step 31/112 : RUN if [ "$(go env GOHOSTARCH)" = "amd64" ]; then 	apt-get update 	&& apt-get install -y 		libseccomp-dev:armhf 		libseccomp-dev:arm64 		libseccomp-dev:armel 		libapparmor-dev:armhf 		libapparmor-dev:arm64 		libapparmor-dev:armel 		libapparmor-dev 		libseccomp-dev; 	fi
 ---> Running in 68f67783ec46
Removing intermediate container 68f67783ec46
 ---> a550fc97b6f9
Step 32/112 : FROM runtime-dev-cross-${CROSS} AS runtime-dev
 ---> b04165e7397e
Step 33/112 : FROM base AS tomlv
 ---> 04aeb2c594fe
Step 34/112 : ENV INSTALL_BINARY_NAME=tomlv
 ---> Running in 0ac614d73164
Removing intermediate container 0ac614d73164
 ---> a1a989e4cfc2
Step 35/112 : COPY hack/dockerfile/install/install.sh ./install.sh
 ---> c4944e9bf878
Step 36/112 : COPY hack/dockerfile/install/$INSTALL_BINARY_NAME.installer ./
 ---> 08ffc136a73a
Step 37/112 : RUN PREFIX=/build ./install.sh $INSTALL_BINARY_NAME
 ---> Running in 8cceeef156c7
[91m+ RM_GOPATH=0
+ TMP_GOPATH=
+ : /build
+ '[' -z '' ']'
[0mInstall tomlv version 3012a1dbe2e4bd1391d42b32f0577cb7bbc7f005
[91m++ mktemp -d
+ export GOPATH=/tmp/tmp.hZzWLb60h3
+ GOPATH=/tmp/tmp.hZzWLb60h3
+ RM_GOPATH=1
++ dirname ./install.sh
+ dir=.
+ bin=tomlv
+ shift
+ '[' '!' -f ./tomlv.installer ']'
+ . ./tomlv.installer
++ TOMLV_COMMIT=3012a1dbe2e4bd1391d42b32f0577cb7bbc7f005
+ install_tomlv
+ echo 'Install tomlv version 3012a1dbe2e4bd1391d42b32f0577cb7bbc7f005'
+ git clone https://github.com/BurntSushi/toml.git /tmp/tmp.hZzWLb60h3/src/github.com/BurntSushi/toml
Cloning into '/tmp/tmp.hZzWLb60h3/src/github.com/BurntSushi/toml'...
[0m[91m+ cd /tmp/tmp.hZzWLb60h3/src/github.com/BurntSushi/toml
[0m[91m+ git checkout -q 3012a1dbe2e4bd1391d42b32f0577cb7bbc7f005
[0m[91m+ go build -v -buildmode=pie -o /build/tomlv github.com/BurntSushi/toml/cmd/tomlv
[0m[91mmath/bits
[0m[91merrors
[0m[91minternal/cpu
[0m[91mmath
[0m[91minternal/bytealg
[0m[91mruntime/internal/atomic
[0m[91mruntime/internal/sys
[0m[91mruntime/internal/math
[0m[91mruntime
[0m[91municode/utf8
[0m[91mstrconv
[0m[91minternal/race
[0m[91msync/atomic
[0m[91municode
[0m[91minternal/testlog
[0m[91mencoding
[0m[91mruntime/cgo
[0m[91msync
[0m[91mio
[0m[91mreflect
[0m[91msyscall
[0m[91mtime
[0m[91msort
[0m[91minternal/poll
[0m[91minternal/fmtsort
[0m[91minternal/syscall/unix
[0m[91mstrings
[0m[91mos
[0m[91mbytes
[0m[91mfmt
[0m[91mbufio
[0m[91mpath/filepath
[0m[91mio/ioutil
[0m[91mflag
[0m[91mgithub.com/BurntSushi/toml
[0m[91mlog
[0m[91mpath
[0m[91mtext/tabwriter
[0m[91mgithub.com/BurntSushi/toml/cmd/tomlv
[0mRemoving intermediate container 8cceeef156c7
 ---> a7f505060c7e
Step 38/112 : FROM base AS vndr
 ---> 04aeb2c594fe
Step 39/112 : ENV INSTALL_BINARY_NAME=vndr
 ---> Running in db403d950809
Removing intermediate container db403d950809
 ---> 264a714924de
Step 40/112 : COPY hack/dockerfile/install/install.sh ./install.sh
 ---> ed65f8aa87a9
Step 41/112 : COPY hack/dockerfile/install/$INSTALL_BINARY_NAME.installer ./
 ---> 3f43adac05d2
Step 42/112 : RUN PREFIX=/build ./install.sh $INSTALL_BINARY_NAME
 ---> Running in a17ea9b48013
[91m+ RM_GOPATH=0
+ TMP_GOPATH=
+ : /build
+ '[' -z '' ']'
++ mktemp -d
[0mInstall vndr version 81cb8916aad3c8d06193f008dba3e16f82851f52
[91m+ export GOPATH=/tmp/tmp.hqtZYGQAUE
+ GOPATH=/tmp/tmp.hqtZYGQAUE
+ RM_GOPATH=1
++ dirname ./install.sh
+ dir=.
+ bin=vndr
+ shift
+ '[' '!' -f ./vndr.installer ']'
+ . ./vndr.installer
++ VNDR_COMMIT=81cb8916aad3c8d06193f008dba3e16f82851f52
+ install_vndr
+ echo 'Install vndr version 81cb8916aad3c8d06193f008dba3e16f82851f52'
+ git clone https://github.com/LK4D4/vndr.git /tmp/tmp.hqtZYGQAUE/src/github.com/LK4D4/vndr
Cloning into '/tmp/tmp.hqtZYGQAUE/src/github.com/LK4D4/vndr'...
[0m[91m+ cd /tmp/tmp.hqtZYGQAUE/src/github.com/LK4D4/vndr
[0m[91m+ git checkout -q 81cb8916aad3c8d06193f008dba3e16f82851f52
[0m[91m+ go build -buildmode=pie -v -o /build/vndr .
[0m[91merrors
[0m[91minternal/cpu
[0m[91minternal/race
[0m[91mruntime/internal/atomic
[0m[91mruntime/internal/sys
[0m[91mruntime/internal/math
[0m[91msync/atomic
[0m[91minternal/bytealg
[0m[91municode
[0m[91mruntime
[0m[91municode/utf8
[0m[91mmath/bits
[0m[91mmath
[0m[91mstrconv
[0m[91minternal/testlog
[0m[91mencoding
[0m[91municode/utf16
[0m[91mcontainer/list
[0m[91mcrypto/internal/subtle
[0m[91mcrypto/subtle
[0m[91mcrypto/rc4
[0m[91minternal/x/crypto/cryptobyte/asn1
[0m[91minternal/nettrace
[0m[91minternal/x/net/dns/dnsmessage
[0m[91mruntime/cgo
[0m[91msync
[0m[91mio
[0m[91mreflect
[0m[91mbytes
[0m[91mbufio
[0m[91msyscall
[0m[91msort
[0m[91minternal/fmtsort
[0m[91mtime
[0m[91minternal/syscall/unix
[0m[91mstrings
[0m[91mpath
[0m[91mregexp/syntax
[0m[91minternal/poll
[0m[91mos
[0m[91mregexp
[0m[91mfmt
[0m[91mpath/filepath
[0m[91mio/ioutil
[0m[91mencoding/binary
[0m[91mencoding/base64
[0m[91mflag
[0m[91mgo/token
[0m[91mgo/scanner
[0m[91mnet/url
[0m[91mgo/ast
[0m[91mtext/template/parse
[0m[91mgo/parser
[0m[91mtext/template
[0m[91mlog
[0m[91mencoding/json
[0m[91mgo/doc
[0m[91mgithub.com/LK4D4/vndr/build
[0m[91mencoding/xml
[0m[91mgithub.com/LK4D4/vndr/godl/singleflight
[0m[91mcompress/flate
[0m[91mhash
[0m[91mhash/crc32
[0m[91mcontext
[0m[91mcompress/gzip
[0m[91mcrypto/cipher
[0m[91mmath/rand
[0m[91mcrypto/aes
[0m[91mmath/big
[0m[91mcrypto
[0m[91mcrypto/des
[0m[91mcrypto/internal/randutil
[0m[91mcrypto/sha512
[0m[91mcrypto/hmac
[0m[91mcrypto/md5
[0m[91mcrypto/sha1
[0m[91mcrypto/sha256
[0m[91mencoding/hex
[0m[91mencoding/pem
[0m[91minternal/singleflight
[0m[91mnet
[0m[91mcrypto/rand
[0m[91mcrypto/elliptic
[0m[91mencoding/asn1
[0m[91mcrypto/ecdsa
[0m[91mcrypto/rsa
[0m[91mcrypto/dsa
[0m[91mcrypto/x509/pkix
[0m[91minternal/x/crypto/cryptobyte
[0m[91minternal/x/crypto/internal/chacha20
[0m[91minternal/x/crypto/poly1305
[0m[91minternal/x/crypto/chacha20poly1305
[0m[91minternal/x/crypto/curve25519
[0m[91minternal/x/crypto/hkdf
[0m[91minternal/x/text/transform
[0m[91minternal/x/text/unicode/bidi
[0m[91minternal/x/text/secure/bidirule
[0m[91minternal/x/text/unicode/norm
[0m[91mcrypto/x509
[0m[91minternal/x/net/idna
[0m[91mcrypto/tls
[0m[91mnet/textproto
[0m[91minternal/x/net/http/httpguts
[0m[91minternal/x/net/http/httpproxy
[0m[91minternal/x/net/http2/hpack
[0m[91mmime
[0m[91mmime/quotedprintable
[0m[91mmime/multipart
[0m[91mnet/http/internal
[0m[91mos/exec
[0m[91mnet/http/httptrace
[0m[91mnet/http
[0m[91mgithub.com/LK4D4/vndr/godl
[0m[91mgithub.com/LK4D4/vndr
[0mRemoving intermediate container a17ea9b48013
 ---> ed26d5d66a11
Step 43/112 : FROM dev-base AS containerd
 ---> 04aeb2c594fe
Step 44/112 : RUN apt-get update && apt-get install -y btrfs-tools
 ---> Running in 06f00b45f17b
Ign:1 http://cdn-fastly.deb.debian.org/debian stretch InRelease
Get:2 http://security.debian.org/debian-security stretch/updates InRelease [94.3 kB]
Get:3 http://cdn-fastly.deb.debian.org/debian stretch-updates InRelease [91.0 kB]
Get:4 http://cdn-fastly.deb.debian.org/debian stretch Release [118 kB]
Get:5 http://cdn-fastly.deb.debian.org/debian stretch Release.gpg [2434 B]
Get:6 http://security.debian.org/debian-security stretch/updates/main s390x Packages [475 kB]
Get:7 http://cdn-fastly.deb.debian.org/debian stretch-updates/main s390x Packages [27.1 kB]
Get:8 http://cdn-fastly.deb.debian.org/debian stretch/main s390x Packages [6852 kB]
Fetched 7660 kB in 1s (4241 kB/s)
Reading package lists...
Reading package lists...
Building dependency tree...
Reading state information...
The following additional packages will be installed:
  btrfs-progs liblzo2-2
The following NEW packages will be installed:
  btrfs-progs btrfs-tools liblzo2-2
0 upgraded, 3 newly installed, 0 to remove and 1 not upgraded.
Need to get 668 kB of archives.
After this operation, 5446 kB of additional disk space will be used.
Get:1 http://cdn-fastly.deb.debian.org/debian stretch/main s390x liblzo2-2 s390x 2.08-1.2+b2 [55.8 kB]
Get:2 http://cdn-fastly.deb.debian.org/debian stretch/main s390x btrfs-progs s390x 4.7.3-1 [595 kB]
Get:3 http://cdn-fastly.deb.debian.org/debian stretch/main s390x btrfs-tools s390x 4.7.3-1 [16.9 kB]
[91mdebconf: delaying package configuration, since apt-utils is not installed
[0mFetched 668 kB in 0s (5399 kB/s)
Selecting previously unselected package liblzo2-2:s390x.
(Reading database ... (Reading database ... 5%(Reading database ... 10%(Reading database ... 15%(Reading database ... 20%(Reading database ... 25%(Reading database ... 30%(Reading database ... 35%(Reading database ... 40%(Reading database ... 45%(Reading database ... 50%(Reading database ... 55%(Reading database ... 60%(Reading database ... 65%(Reading database ... 70%(Reading database ... 75%(Reading database ... 80%(Reading database ... 85%(Reading database ... 90%(Reading database ... 95%(Reading database ... 100%(Reading database ... 14827 files and directories currently installed.)
Preparing to unpack .../liblzo2-2_2.08-1.2+b2_s390x.deb ...
Unpacking liblzo2-2:s390x (2.08-1.2+b2) ...
Selecting previously unselected package btrfs-progs.
Preparing to unpack .../btrfs-progs_4.7.3-1_s390x.deb ...
Unpacking btrfs-progs (4.7.3-1) ...
Selecting previously unselected package btrfs-tools.
Preparing to unpack .../btrfs-tools_4.7.3-1_s390x.deb ...
Unpacking btrfs-tools (4.7.3-1) ...
Processing triggers for libc-bin (2.24-11+deb9u4) ...
Setting up liblzo2-2:s390x (2.08-1.2+b2) ...
Setting up btrfs-progs (4.7.3-1) ...
Setting up btrfs-tools (4.7.3-1) ...
Processing triggers for libc-bin (2.24-11+deb9u4) ...
Removing intermediate container 06f00b45f17b
 ---> c13e375e93a9
Step 45/112 : ENV INSTALL_BINARY_NAME=containerd
 ---> Running in 5ca31a0c73e7
Removing intermediate container 5ca31a0c73e7
 ---> 6d03982a5db2
Step 46/112 : COPY hack/dockerfile/install/install.sh ./install.sh
 ---> 4527064ad5ae
Step 47/112 : COPY hack/dockerfile/install/$INSTALL_BINARY_NAME.installer ./
 ---> 4493d820434b
Step 48/112 : RUN PREFIX=/build ./install.sh $INSTALL_BINARY_NAME
 ---> Running in cb971dcfb601
[91m+ RM_GOPATH=0
+ TMP_GOPATH=
[0m[91m+ : /build
+ '[' -z '' ']'
[0m[91m++ mktemp -d
+ export GOPATH=/tmp/tmp.XF3BJ99ahx
+ GOPATH=/tmp/tmp.XF3BJ99ahx
+ RM_GOPATH=1
[0m[91m++ dirname ./install.sh
[0m[91m+ dir=.
+ bin=containerd
+ shift
[0m[91m+ '[' '!' -f ./containerd.installer ']'
+ . ./containerd.installer
[0m[91m++ CONTAINERD_COMMIT=894b81a4b802e4eb2a91d1ce216b8817763c29fb
[0mInstall containerd version 894b81a4b802e4eb2a91d1ce216b8817763c29fb
[91m+ install_containerd
+ echo 'Install containerd version 894b81a4b802e4eb2a91d1ce216b8817763c29fb'
+ git clone https://github.com/containerd/containerd.git /tmp/tmp.XF3BJ99ahx/src/github.com/containerd/containerd
[0m[91mCloning into '/tmp/tmp.XF3BJ99ahx/src/github.com/containerd/containerd'...
[0m[91m+ cd /tmp/tmp.XF3BJ99ahx/src/github.com/containerd/containerd
[0m[91m+ git checkout -q 894b81a4b802e4eb2a91d1ce216b8817763c29fb
[0m[91m+ export 'BUILDTAGS=netgo osusergo static_build'
+ BUILDTAGS='netgo osusergo static_build'
+ export EXTRA_FLAGS=-buildmode=pie
+ EXTRA_FLAGS=-buildmode=pie
+ export 'EXTRA_LDFLAGS=-extldflags "-fno-PIC -static"'
+ EXTRA_LDFLAGS='-extldflags "-fno-PIC -static"'
+ '[' '' = dynamic ']'
+ make
[0m🇩 bin/ctr
🇩 bin/containerd
🇩 bin/containerd-stress
🇩 bin/containerd-shim
🇩 bin/containerd-shim-runc-v1
🇩 binaries
[91m+ mkdir -p /build
[0m[91m+ cp bin/containerd /build/containerd
[0m[91m+ cp bin/containerd-shim /build/containerd-shim
[0m[91m+ cp bin/ctr /build/ctr
[0mRemoving intermediate container cb971dcfb601
 ---> a472ac40398c
Step 49/112 : FROM dev-base AS proxy
 ---> 04aeb2c594fe
Step 50/112 : ENV INSTALL_BINARY_NAME=proxy
 ---> Running in 7bbee505917f
Removing intermediate container 7bbee505917f
 ---> ce9ef5a557c6
Step 51/112 : COPY hack/dockerfile/install/install.sh ./install.sh
 ---> 34f4efda9ec4
Step 52/112 : COPY hack/dockerfile/install/$INSTALL_BINARY_NAME.installer ./
 ---> 82df60710c18
Step 53/112 : RUN PREFIX=/build ./install.sh $INSTALL_BINARY_NAME
 ---> Running in 7cd9631c4df2
[91m+ RM_GOPATH=0
+ TMP_GOPATH=
+ : /build
+ '[' -z '' ']'
[0m[91m++ mktemp -d
[0m[91m+ export GOPATH=/tmp/tmp.FNDcQcAc1H
+ GOPATH=/tmp/tmp.FNDcQcAc1H
+ RM_GOPATH=1
++ dirname ./install.sh
+ dir=.
+ bin=proxy
+ shift
+ '[' '!' -f ./proxy.installer ']'
+ . ./proxy.installer
++ LIBNETWORK_COMMIT=5ac07abef4eee176423fdc1b870d435258e2d381
+ install_proxy
+ case "$1" in
+ export CGO_ENABLED=0
+ CGO_ENABLED=0
+ _install_proxy
+ echo 'Install docker-proxy version 5ac07abef4eee176423fdc1b870d435258e2d381'
+ git clone https://github.com/docker/libnetwork.git /tmp/tmp.FNDcQcAc1H/src/github.com/docker/libnetwork
Cloning into '/tmp/tmp.FNDcQcAc1H/src/github.com/docker/libnetwork'...
[0mInstall docker-proxy version 5ac07abef4eee176423fdc1b870d435258e2d381
[91m+ cd /tmp/tmp.FNDcQcAc1H/src/github.com/docker/libnetwork
[0m[91m+ git checkout -q 5ac07abef4eee176423fdc1b870d435258e2d381
[0m[91m+ go build -ldflags= -o /build/docker-proxy github.com/docker/libnetwork/cmd/proxy
[0mRemoving intermediate container 7cd9631c4df2
 ---> 248e7106d00c
Step 54/112 : FROM base AS gometalinter
 ---> 04aeb2c594fe
Step 55/112 : ENV INSTALL_BINARY_NAME=gometalinter
 ---> Running in 14012b364e85
Removing intermediate container 14012b364e85
 ---> c05e5feb4d0a
Step 56/112 : COPY hack/dockerfile/install/install.sh ./install.sh
 ---> 42af46a98f82
Step 57/112 : COPY hack/dockerfile/install/$INSTALL_BINARY_NAME.installer ./
 ---> 7317891d0239
Step 58/112 : RUN PREFIX=/build ./install.sh $INSTALL_BINARY_NAME
 ---> Running in 70d94e7c75f1
[91m+ RM_GOPATH=0
+ TMP_GOPATH=
+ : /build
+ '[' -z '' ']'
[0m[91m++ mktemp -d
+ export GOPATH=/tmp/tmp.GHRevQ3apM
+ GOPATH=/tmp/tmp.GHRevQ3apM
+ RM_GOPATH=1
++ dirname ./install.sh
+ dir=.
+ bin=gometalinter
+ shift
+ '[' '!' -f ./gometalinter.installer ']'
+ . ./gometalinter.installer
++ GOMETALINTER_COMMIT=v2.0.6
+ install_gometalinter
+ echo 'Installing gometalinter version v2.0.6'
+ go get -d github.com/alecthomas/gometalinter
[0mInstalling gometalinter version v2.0.6
[91m+ cd /tmp/tmp.GHRevQ3apM/src/github.com/alecthomas/gometalinter
[0m[91m+ git checkout -q v2.0.6
[0m[91m+ go build -buildmode=pie -o /build/gometalinter github.com/alecthomas/gometalinter
[0m[91m+ GOBIN=/build
+ /build/gometalinter --install
[0mInstalling:
  deadcode
  dupl
  errcheck
  gas
  gochecknoglobals
  gochecknoinits
  goconst
  gocyclo
  goimports
  golint
  gosimple
  gotype
  gotypex
  ineffassign
  interfacer
  lll
  maligned
  megacheck
  misspell
  nakedret
  safesql
  staticcheck
  structcheck
  unconvert
  unparam
  unused
  varcheck
Removing intermediate container 70d94e7c75f1
 ---> aa81a44d1d5c
Step 59/112 : FROM dev-base AS dockercli
 ---> 04aeb2c594fe
Step 60/112 : ENV INSTALL_BINARY_NAME=dockercli
 ---> Running in 998ccef72e43
Removing intermediate container 998ccef72e43
 ---> acad0ded9349
Step 61/112 : COPY hack/dockerfile/install/install.sh ./install.sh
 ---> ee39f0d50bc4
Step 62/112 : COPY hack/dockerfile/install/$INSTALL_BINARY_NAME.installer ./
 ---> b525d3f3f51b
Step 63/112 : RUN PREFIX=/build ./install.sh $INSTALL_BINARY_NAME
 ---> Running in 19089eb49f88
[91m+ RM_GOPATH=0
+ TMP_GOPATH=
[0m[91m+ : /build
+ '[' -z '' ']'
++ mktemp -d
+ export GOPATH=/tmp/tmp.MKZSyrZv8j
+ GOPATH=/tmp/tmp.MKZSyrZv8j
+ RM_GOPATH=1
++ dirname ./install.sh
+ dir=.
+ bin=dockercli
+ shift
+ '[' '!' -f ./dockercli.installer ']'
+ . ./dockercli.installer
++ DOCKERCLI_CHANNEL=stable
++ DOCKERCLI_VERSION=17.06.2-ce
+ install_dockercli
+ echo 'Install docker/cli version 17.06.2-ce from stable'
++ uname -m
+ arch=s390x
+ '[' s390x '!=' x86_64 ']'
+ '[' s390x '!=' s390x ']'
+ url=https://download.docker.com/linux/static
+ curl -Ls https://download.docker.com/linux/static/stable/s390x/docker-17.06.2-ce.tgz
+ tar -xz docker/docker
[0mInstall docker/cli version 17.06.2-ce from stable
[91m+ mkdir -p /build
[0m[91m+ mv docker/docker /build/
[0m[91m+ rmdir docker
[0mRemoving intermediate container 19089eb49f88
 ---> 41f65a3e2aef
Step 64/112 : FROM runtime-dev AS runc
 ---> b04165e7397e
Step 65/112 : ENV INSTALL_BINARY_NAME=runc
 ---> Running in 0effd2f48e4e
Removing intermediate container 0effd2f48e4e
 ---> 7220260353b9
Step 66/112 : COPY hack/dockerfile/install/install.sh ./install.sh
 ---> a4f95ae3c0f2
Step 67/112 : COPY hack/dockerfile/install/$INSTALL_BINARY_NAME.installer ./
 ---> fb44394d98b2
Step 68/112 : RUN PREFIX=/build ./install.sh $INSTALL_BINARY_NAME
 ---> Running in ed15170277d3
[91m+ RM_GOPATH=0
+ TMP_GOPATH=
+ : /build
+ '[' -z '' ']'
++ mktemp -d
[0m[91m+ export GOPATH=/tmp/tmp.HTn9n8EPR8
+ GOPATH=/tmp/tmp.HTn9n8EPR8
+ RM_GOPATH=1
++ dirname ./install.sh
+ dir=.
+ bin=runc
+ shift
+ '[' '!' -f ./runc.installer ']'
+ . ./runc.installer
++ RUNC_COMMIT=425e105d5a03fabd737a126ad93d62a9eeede87f
+ install_runc
+ uname -r
+ grep -q '^3\.10\.0.*\.el7\.'
+ RUNC_BUILDTAGS='seccomp apparmor selinux '
+ echo 'Install runc version 425e105d5a03fabd737a126ad93d62a9eeede87f (build tags: seccomp apparmor selinux )'
+ git clone https://github.com/opencontainers/runc.git /tmp/tmp.HTn9n8EPR8/src/github.com/opencontainers/runc
Cloning into '/tmp/tmp.HTn9n8EPR8/src/github.com/opencontainers/runc'...
[0mInstall runc version 425e105d5a03fabd737a126ad93d62a9eeede87f (build tags: seccomp apparmor selinux )
[91m+ cd /tmp/tmp.HTn9n8EPR8/src/github.com/opencontainers/runc
[0m[91m+ git checkout -q 425e105d5a03fabd737a126ad93d62a9eeede87f
[0m[91m+ '[' -z '' ']'
+ target=static
[0m[91m+ make 'BUILDTAGS=seccomp apparmor selinux ' static
[0mCGO_ENABLED=1 go build  -tags "seccomp apparmor selinux  netgo osusergo static_build" -installsuffix netgo -ldflags "-w -extldflags -static -X main.gitCommit="425e105d5a03fabd737a126ad93d62a9eeede87f" -X main.version=1.0.0-rc8 " -o runc .
CGO_ENABLED=1 go build  -tags "seccomp apparmor selinux  netgo osusergo static_build" -installsuffix netgo -ldflags "-w -extldflags -static -X main.gitCommit="425e105d5a03fabd737a126ad93d62a9eeede87f" -X main.version=1.0.0-rc8 " -o contrib/cmd/recvtty/recvtty ./contrib/cmd/recvtty
[91m+ mkdir -p /build
[0m[91m+ cp runc /build/runc
[0mRemoving intermediate container ed15170277d3
 ---> 9b64f011b70a
Step 69/112 : FROM dev-base AS tini
 ---> 04aeb2c594fe
Step 70/112 : RUN apt-get update && apt-get install -y cmake vim-common
 ---> Running in 6ef48dc95e43
Get:1 http://security.debian.org/debian-security stretch/updates InRelease [94.3 kB]
Ign:2 http://cdn-fastly.deb.debian.org/debian stretch InRelease
Get:3 http://cdn-fastly.deb.debian.org/debian stretch-updates InRelease [91.0 kB]
Get:4 http://cdn-fastly.deb.debian.org/debian stretch Release [118 kB]
Get:5 http://cdn-fastly.deb.debian.org/debian stretch Release.gpg [2434 B]
Get:6 http://security.debian.org/debian-security stretch/updates/main s390x Packages [475 kB]
Get:7 http://cdn-fastly.deb.debian.org/debian stretch-updates/main s390x Packages [27.1 kB]
Get:8 http://cdn-fastly.deb.debian.org/debian stretch/main s390x Packages [6852 kB]
Fetched 7660 kB in 1s (4714 kB/s)
Reading package lists...
Reading package lists...
Building dependency tree...
Reading state information...
The following additional packages will be installed:
  cmake-data libarchive13 libgpm2 libicu57 libjsoncpp1 liblzo2-2 libuv1
  libxml2 sgml-base vim vim-runtime xml-core xxd
Suggested packages:
  codeblocks eclipse ninja-build lrzip gpm sgml-base-doc ctags vim-doc
  vim-scripts debhelper
The following NEW packages will be installed:
  cmake cmake-data libarchive13 libgpm2 libicu57 libjsoncpp1 liblzo2-2 libuv1
  libxml2 sgml-base vim vim-common vim-runtime xml-core xxd
0 upgraded, 15 newly installed, 0 to remove and 1 not upgraded.
Need to get 19.7 MB of archives.
After this operation, 90.8 MB of additional disk space will be used.
Get:1 http://cdn-fastly.deb.debian.org/debian stretch/main s390x cmake-data all 3.7.2-1 [1216 kB]
Get:2 http://cdn-fastly.deb.debian.org/debian stretch/main s390x liblzo2-2 s390x 2.08-1.2+b2 [55.8 kB]
Get:3 http://cdn-fastly.deb.debian.org/debian stretch/main s390x libicu57 s390x 57.1-6+deb9u2 [7531 kB]
Get:4 http://cdn-fastly.deb.debian.org/debian stretch/main s390x libxml2 s390x 2.9.4+dfsg1-2.2+deb9u2 [853 kB]
Get:5 http://cdn-fastly.deb.debian.org/debian stretch/main s390x libarchive13 s390x 3.2.2-2+deb9u1 [283 kB]
Get:6 http://cdn-fastly.deb.debian.org/debian stretch/main s390x libjsoncpp1 s390x 1.7.4-3 [73.6 kB]
Get:7 http://cdn-fastly.deb.debian.org/debian stretch/main s390x libuv1 s390x 1.9.1-3 [82.4 kB]
Get:8 http://cdn-fastly.deb.debian.org/debian stretch/main s390x cmake s390x 3.7.2-1 [2797 kB]
Get:9 http://cdn-fastly.deb.debian.org/debian stretch/main s390x sgml-base all 1.29 [14.8 kB]
Get:10 http://cdn-fastly.deb.debian.org/debian stretch/main s390x xxd s390x 2:8.0.0197-4+deb9u1 [131 kB]
Get:11 http://cdn-fastly.deb.debian.org/debian stretch/main s390x vim-common all 2:8.0.0197-4+deb9u1 [159 kB]
Get:12 http://cdn-fastly.deb.debian.org/debian stretch/main s390x libgpm2 s390x 1.20.4-6.2+b1 [34.4 kB]
Get:13 http://cdn-fastly.deb.debian.org/debian stretch/main s390x vim-runtime all 2:8.0.0197-4+deb9u1 [5407 kB]
Get:14 http://cdn-fastly.deb.debian.org/debian stretch/main s390x vim s390x 2:8.0.0197-4+deb9u1 [992 kB]
Get:15 http://cdn-fastly.deb.debian.org/debian stretch/main s390x xml-core all 0.17 [23.2 kB]
[91mdebconf: delaying package configuration, since apt-utils is not installed
[0mFetched 19.7 MB in 0s (44.4 MB/s)
Selecting previously unselected package cmake-data.
(Reading database ... (Reading database ... 5%(Reading database ... 10%(Reading database ... 15%(Reading database ... 20%(Reading database ... 25%(Reading database ... 30%(Reading database ... 35%(Reading database ... 40%(Reading database ... 45%(Reading database ... 50%(Reading database ... 55%(Reading database ... 60%(Reading database ... 65%(Reading database ... 70%(Reading database ... 75%(Reading database ... 80%(Reading database ... 85%(Reading database ... 90%(Reading database ... 95%(Reading database ... 100%(Reading database ... 14827 files and directories currently installed.)
Preparing to unpack .../00-cmake-data_3.7.2-1_all.deb ...
Unpacking cmake-data (3.7.2-1) ...
Selecting previously unselected package liblzo2-2:s390x.
Preparing to unpack .../01-liblzo2-2_2.08-1.2+b2_s390x.deb ...
Unpacking liblzo2-2:s390x (2.08-1.2+b2) ...
Selecting previously unselected package libicu57:s390x.
Preparing to unpack .../02-libicu57_57.1-6+deb9u2_s390x.deb ...
Unpacking libicu57:s390x (57.1-6+deb9u2) ...
Selecting previously unselected package libxml2:s390x.
Preparing to unpack .../03-libxml2_2.9.4+dfsg1-2.2+deb9u2_s390x.deb ...
Unpacking libxml2:s390x (2.9.4+dfsg1-2.2+deb9u2) ...
Selecting previously unselected package libarchive13:s390x.
Preparing to unpack .../04-libarchive13_3.2.2-2+deb9u1_s390x.deb ...
Unpacking libarchive13:s390x (3.2.2-2+deb9u1) ...
Selecting previously unselected package libjsoncpp1:s390x.
Preparing to unpack .../05-libjsoncpp1_1.7.4-3_s390x.deb ...
Unpacking libjsoncpp1:s390x (1.7.4-3) ...
Selecting previously unselected package libuv1:s390x.
Preparing to unpack .../06-libuv1_1.9.1-3_s390x.deb ...
Unpacking libuv1:s390x (1.9.1-3) ...
Selecting previously unselected package cmake.
Preparing to unpack .../07-cmake_3.7.2-1_s390x.deb ...
Unpacking cmake (3.7.2-1) ...
Selecting previously unselected package sgml-base.
Preparing to unpack .../08-sgml-base_1.29_all.deb ...
Unpacking sgml-base (1.29) ...
Selecting previously unselected package xxd.
Preparing to unpack .../09-xxd_2%3a8.0.0197-4+deb9u1_s390x.deb ...
Unpacking xxd (2:8.0.0197-4+deb9u1) ...
Selecting previously unselected package vim-common.
Preparing to unpack .../10-vim-common_2%3a8.0.0197-4+deb9u1_all.deb ...
Unpacking vim-common (2:8.0.0197-4+deb9u1) ...
Selecting previously unselected package libgpm2:s390x.
Preparing to unpack .../11-libgpm2_1.20.4-6.2+b1_s390x.deb ...
Unpacking libgpm2:s390x (1.20.4-6.2+b1) ...
Selecting previously unselected package vim-runtime.
Preparing to unpack .../12-vim-runtime_2%3a8.0.0197-4+deb9u1_all.deb ...
Adding 'diversion of /usr/share/vim/vim80/doc/help.txt to /usr/share/vim/vim80/doc/help.txt.vim-tiny by vim-runtime'
Adding 'diversion of /usr/share/vim/vim80/doc/tags to /usr/share/vim/vim80/doc/tags.vim-tiny by vim-runtime'
Unpacking vim-runtime (2:8.0.0197-4+deb9u1) ...
Selecting previously unselected package vim.
Preparing to unpack .../13-vim_2%3a8.0.0197-4+deb9u1_s390x.deb ...
Unpacking vim (2:8.0.0197-4+deb9u1) ...
Selecting previously unselected package xml-core.
Preparing to unpack .../14-xml-core_0.17_all.deb ...
Unpacking xml-core (0.17) ...
Processing triggers for mime-support (3.60) ...
Setting up xxd (2:8.0.0197-4+deb9u1) ...
Setting up libgpm2:s390x (1.20.4-6.2+b1) ...
Setting up libuv1:s390x (1.9.1-3) ...
Setting up cmake-data (3.7.2-1) ...
Setting up sgml-base (1.29) ...
Setting up libicu57:s390x (57.1-6+deb9u2) ...
Setting up libxml2:s390x (2.9.4+dfsg1-2.2+deb9u2) ...
Processing triggers for libc-bin (2.24-11+deb9u4) ...
Setting up vim-common (2:8.0.0197-4+deb9u1) ...
Setting up vim-runtime (2:8.0.0197-4+deb9u1) ...
Setting up xml-core (0.17) ...
Setting up liblzo2-2:s390x (2.08-1.2+b2) ...
Setting up libjsoncpp1:s390x (1.7.4-3) ...
Setting up vim (2:8.0.0197-4+deb9u1) ...
update-alternatives: using /usr/bin/vim.basic to provide /usr/bin/vim (vim) in auto mode
update-alternatives: using /usr/bin/vim.basic to provide /usr/bin/vimdiff (vimdiff) in auto mode
update-alternatives: using /usr/bin/vim.basic to provide /usr/bin/rvim (rvim) in auto mode
update-alternatives: using /usr/bin/vim.basic to provide /usr/bin/rview (rview) in auto mode
update-alternatives: using /usr/bin/vim.basic to provide /usr/bin/vi (vi) in auto mode
update-alternatives: using /usr/bin/vim.basic to provide /usr/bin/view (view) in auto mode
update-alternatives: using /usr/bin/vim.basic to provide /usr/bin/ex (ex) in auto mode
update-alternatives: using /usr/bin/vim.basic to provide /usr/bin/editor (editor) in auto mode
Setting up libarchive13:s390x (3.2.2-2+deb9u1) ...
Setting up cmake (3.7.2-1) ...
Processing triggers for sgml-base (1.29) ...
Processing triggers for libc-bin (2.24-11+deb9u4) ...
Removing intermediate container 6ef48dc95e43
 ---> 891f603c00ea
Step 71/112 : COPY hack/dockerfile/install/install.sh ./install.sh
 ---> 7e71966152d0
Step 72/112 : ENV INSTALL_BINARY_NAME=tini
 ---> Running in a45bf351b79c
Removing intermediate container a45bf351b79c
 ---> a37d095d1135
Step 73/112 : COPY hack/dockerfile/install/$INSTALL_BINARY_NAME.installer ./
 ---> 6ce5a701cec7
Step 74/112 : RUN PREFIX=/build ./install.sh $INSTALL_BINARY_NAME
 ---> Running in fd419a0dfc99
[91m+ RM_GOPATH=0
+ TMP_GOPATH=
+ : /build
+ '[' -z '' ']'
[0m[91m++ mktemp -d
+ export GOPATH=/tmp/tmp.KToHd9l5HP
+ GOPATH=/tmp/tmp.KToHd9l5HP
+ RM_GOPATH=1
++ dirname ./install.sh
+ dir=.
+ bin=tini
+ shift
+ '[' '!' -f ./tini.installer ']'
+ . ./tini.installer
++ TINI_COMMIT=fec3683b971d9c3ef73f284f176672c44b448662
+ install_tini
+ echo 'Install tini version fec3683b971d9c3ef73f284f176672c44b448662'
+ git clone https://github.com/krallin/tini.git /tmp/tmp.KToHd9l5HP/tini
Cloning into '/tmp/tmp.KToHd9l5HP/tini'...
[0mInstall tini version fec3683b971d9c3ef73f284f176672c44b448662
[91m+ cd /tmp/tmp.KToHd9l5HP/tini
[0m[91m+ git checkout -q fec3683b971d9c3ef73f284f176672c44b448662
[0m[91m+ cmake .
[0m-- The C compiler identification is GNU 6.3.0
-- Check for working C compiler: /usr/bin/cc
-- Check for working C compiler: /usr/bin/cc -- works
-- Detecting C compiler ABI info
-- Detecting C compiler ABI info - done
-- Detecting C compile features
-- Detecting C compile features - done
-- Performing Test HAS_BUILTIN_FORTIFY
-- Performing Test HAS_BUILTIN_FORTIFY - Failed
-- Configuring done
-- Generating done
-- Build files have been written to: /tmp/tmp.KToHd9l5HP/tini
[91m+ make tini-static
[0mScanning dependencies of target tini-static
[ 50%] Building C object CMakeFiles/tini-static.dir/src/tini.c.o
[100%] Linking C executable tini-static
[100%] Built target tini-static
[91m+ mkdir -p /build
[0m[91m+ cp tini-static /build/docker-init
[0mRemoving intermediate container fd419a0dfc99
 ---> 8e03382f6e97
Step 75/112 : FROM dev-base AS rootlesskit
 ---> 04aeb2c594fe
Step 76/112 : ENV INSTALL_BINARY_NAME=rootlesskit
 ---> Running in 1b8666f129ab
Removing intermediate container 1b8666f129ab
 ---> b54a13ad4bff
Step 77/112 : COPY hack/dockerfile/install/install.sh ./install.sh
 ---> abef5bab7773
Step 78/112 : COPY hack/dockerfile/install/$INSTALL_BINARY_NAME.installer ./
 ---> 09346949bc02
Step 79/112 : RUN PREFIX=/build/ ./install.sh $INSTALL_BINARY_NAME
 ---> Running in 2b47eab3b511
[91m+ RM_GOPATH=0
+ TMP_GOPATH=
[0m[91m+ : /build/
+ '[' -z '' ']'
++ mktemp -d
+ export GOPATH=/tmp/tmp.BQF6uVTHg3
+ GOPATH=/tmp/tmp.BQF6uVTHg3
+ RM_GOPATH=1
++ dirname ./install.sh
+ dir=.
+ bin=rootlesskit
+ shift
+ '[' '!' -f ./rootlesskit.installer ']'
+ . ./rootlesskit.installer
++ ROOTLESSKIT_COMMIT=27a0c7a2483732b33d4192c1d178c83c6b9e202d
+ install_rootlesskit
+ case "$1" in
+ export CGO_ENABLED=0
+ CGO_ENABLED=0
+ _install_rootlesskit
+ echo 'Install rootlesskit version 27a0c7a2483732b33d4192c1d178c83c6b9e202d'
+ git clone https://github.com/rootless-containers/rootlesskit.git /tmp/tmp.BQF6uVTHg3/src/github.com/rootless-containers/rootlesskit
Cloning into '/tmp/tmp.BQF6uVTHg3/src/github.com/rootless-containers/rootlesskit'...
[0mInstall rootlesskit version 27a0c7a2483732b33d4192c1d178c83c6b9e202d
[91m+ cd /tmp/tmp.BQF6uVTHg3/src/github.com/rootless-containers/rootlesskit
[0m[91m+ git checkout -q 27a0c7a2483732b33d4192c1d178c83c6b9e202d
[0m[91m+ for f in rootlesskit rootlesskit-docker-proxy
[0m[91m+ go build -ldflags= -o /build//rootlesskit github.com/rootless-containers/rootlesskit/cmd/rootlesskit
[0m[91m+ for f in rootlesskit rootlesskit-docker-proxy
[0m[91m+ go build -ldflags= -o /build//rootlesskit-docker-proxy github.com/rootless-containers/rootlesskit/cmd/rootlesskit-docker-proxy
[0mRemoving intermediate container 2b47eab3b511
 ---> feb8647de6a1
Step 80/112 : COPY ./contrib/dockerd-rootless.sh /build
 ---> 695b3dec8b30
Step 81/112 : FROM runtime-dev AS dev
 ---> b04165e7397e
Step 82/112 : RUN groupadd -r docker
 ---> Running in 50bdf411ea11
Removing intermediate container 50bdf411ea11
 ---> a7b30dab3c4c
Step 83/112 : RUN useradd --create-home --gid docker unprivilegeduser
 ---> Running in 6daa17206127
Removing intermediate container 6daa17206127
 ---> 6b0cfcb02e1c
Step 84/112 : RUN ln -sfv /go/src/github.com/docker/docker/.bashrc ~/.bashrc
 ---> Running in d742f69b3ce3
'/root/.bashrc' -> '/go/src/github.com/docker/docker/.bashrc'
Removing intermediate container d742f69b3ce3
 ---> 3f9700224c7d
Step 85/112 : RUN echo "source /usr/share/bash-completion/bash_completion" >> /etc/bash.bashrc
 ---> Running in c2387914a4f0
Removing intermediate container c2387914a4f0
 ---> 180bd3bca397
Step 86/112 : RUN ln -s /usr/local/completion/bash/docker /etc/bash_completion.d/docker
 ---> Running in 421c38721371
Removing intermediate container 421c38721371
 ---> b8b8b4656b16
Step 87/112 : RUN ldconfig
 ---> Running in 0e967a79d9fc
Removing intermediate container 0e967a79d9fc
 ---> c21615c8a2b3
Step 88/112 : RUN apt-get update && apt-get install -y 	apparmor 	aufs-tools 	bash-completion 	btrfs-tools 	iptables 	jq 	libcap2-bin 	libdevmapper-dev 	libffi-dev 	libssl-dev 	libudev-dev 	libsystemd-dev 	binutils-mingw-w64 	g++-mingw-w64-x86-64 	net-tools 	pigz 	python-backports.ssl-match-hostname 	python-dev 	python-cffi 	python-mock 	python-pip 	python-requests 	python-setuptools 	python-websocket 	python-wheel 	thin-provisioning-tools 	vim 	vim-common 	xfsprogs 	zip 	bzip2 	xz-utils 	libprotobuf-c1 	libnet1 	libnl-3-200 	--no-install-recommends
 ---> Running in 479d701c3459
Hit:1 http://security.debian.org/debian-security stretch/updates InRelease
Ign:2 http://cdn-fastly.deb.debian.org/debian stretch InRelease
Hit:3 http://cdn-fastly.deb.debian.org/debian stretch-updates InRelease
Hit:4 http://cdn-fastly.deb.debian.org/debian stretch Release
Reading package lists...
Reading package lists...
Building dependency tree...
Reading state information...
The following additional packages will be installed:
  binutils-mingw-w64-i686 binutils-mingw-w64-x86-64 btrfs-progs dh-python
  dmsetup gcc-mingw-w64-base gcc-mingw-w64-x86-64 libaio1 libapparmor-perl
  libdevmapper-event1.02.1 libdevmapper1.02.1 libexpat1-dev libgpm2 libip4tc0
  libip6tc0 libiptc0 libjq1 liblzo2-2 libmpdec2 libnetfilter-conntrack3
  libnfnetlink0 libonig4 libpcre16-3 libpcre3-dev libpcre32-3 libpcrecpp0v5
  libpython-dev libpython2.7 libpython2.7-dev libpython3-stdlib
  libpython3.5-minimal libpython3.5-stdlib libreadline5 libselinux1-dev
  libsepol1-dev libxtables12 mingw-w64-common mingw-w64-x86-64-dev
  python-cffi-backend python-chardet python-funcsigs python-pbr python-pip-whl
  python-pkg-resources python-ply python-pycparser python-urllib3
  python2.7-dev python3 python3-minimal python3.5 python3.5-minimal
  vim-runtime xxd
Suggested packages:
  apparmor-profiles apparmor-profiles-extra apparmor-utils bzip2-doc
  gcc-6-locales kmod gpm wine64 python-funcsigs-doc python-mock-doc
  python-ply-doc python-cryptography python-idna python-openssl python-socks
  python-setuptools-doc python-ntlm python3-doc python3-tk python3-venv
  python3.5-venv python3.5-doc binfmt-support ctags vim-doc vim-scripts
  xfsdump acl attr quota
Recommended packages:
  aufs-dkms libpam-cap libssl-doc build-essential python-all-dev
  python-cryptography python-idna python-ipaddress python-openssl
  python-keyring python-keyrings.alt python-xdg unzip
The following NEW packages will be installed:
  apparmor aufs-tools bash-completion binutils-mingw-w64
  binutils-mingw-w64-i686 binutils-mingw-w64-x86-64 btrfs-progs btrfs-tools
  bzip2 dh-python dmsetup g++-mingw-w64-x86-64 gcc-mingw-w64-base
  gcc-mingw-w64-x86-64 iptables jq libaio1 libapparmor-perl libcap2-bin
  libdevmapper-dev libdevmapper-event1.02.1 libdevmapper1.02.1 libexpat1-dev
  libffi-dev libgpm2 libip4tc0 libip6tc0 libiptc0 libjq1 liblzo2-2 libmpdec2
  libnet1 libnetfilter-conntrack3 libnfnetlink0 libnl-3-200 libonig4
  libpcre16-3 libpcre3-dev libpcre32-3 libpcrecpp0v5 libprotobuf-c1
  libpython-dev libpython2.7 libpython2.7-dev libpython3-stdlib
  libpython3.5-minimal libpython3.5-stdlib libreadline5 libselinux1-dev
  libsepol1-dev libssl-dev libsystemd-dev libudev-dev libxtables12
  mingw-w64-common mingw-w64-x86-64-dev net-tools pigz
  python-backports.ssl-match-hostname python-cffi python-cffi-backend
  python-chardet python-dev python-funcsigs python-mock python-pbr python-pip
  python-pip-whl python-pkg-resources python-ply python-pycparser
  python-requests python-setuptools python-urllib3 python-websocket
  python-wheel python2.7-dev python3 python3-minimal python3.5
  python3.5-minimal thin-provisioning-tools vim vim-common vim-runtime
  xfsprogs xxd xz-utils zip
0 upgraded, 89 newly installed, 0 to remove and 1 not upgraded.
Need to get 120 MB of archives.
After this operation, 622 MB of additional disk space will be used.
Get:1 http://cdn-fastly.deb.debian.org/debian stretch/main s390x bash-completion all 1:2.1-4.3 [178 kB]
Get:2 http://cdn-fastly.deb.debian.org/debian stretch/main s390x libnet1 s390x 1.1.6+dfsg-3 [57.1 kB]
Get:3 http://cdn-fastly.deb.debian.org/debian stretch/main s390x libnfnetlink0 s390x 1.0.1-3 [13.7 kB]
Get:4 http://cdn-fastly.deb.debian.org/debian stretch/main s390x libpcrecpp0v5 s390x 2:8.39-3 [151 kB]
Get:5 http://cdn-fastly.deb.debian.org/debian stretch/main s390x libudev-dev s390x 232-25+deb9u11 [92.4 kB]
Get:6 http://cdn-fastly.deb.debian.org/debian stretch/main s390x libpython3.5-minimal s390x 3.5.3-1+deb9u1 [569 kB]
Get:7 http://cdn-fastly.deb.debian.org/debian stretch/main s390x python3.5-minimal s390x 3.5.3-1+deb9u1 [1563 kB]
Get:8 http://cdn-fastly.deb.debian.org/debian stretch/main s390x python3-minimal s390x 3.5.3-1 [35.3 kB]
Get:9 http://cdn-fastly.deb.debian.org/debian stretch/main s390x libmpdec2 s390x 2.4.2-1 [83.6 kB]
Get:10 http://cdn-fastly.deb.debian.org/debian stretch/main s390x libpython3.5-stdlib s390x 3.5.3-1+deb9u1 [2119 kB]
Get:11 http://cdn-fastly.deb.debian.org/debian stretch/main s390x python3.5 s390x 3.5.3-1+deb9u1 [229 kB]
Get:12 http://cdn-fastly.deb.debian.org/debian stretch/main s390x libpython3-stdlib s390x 3.5.3-1 [18.6 kB]
Get:13 http://cdn-fastly.deb.debian.org/debian stretch/main s390x dh-python all 2.20170125 [86.8 kB]
Get:14 http://cdn-fastly.deb.debian.org/debian stretch/main s390x python3 s390x 3.5.3-1 [21.6 kB]
Get:15 http://cdn-fastly.deb.debian.org/debian stretch/main s390x pigz s390x 2.3.4-1 [51.1 kB]
Get:16 http://cdn-fastly.deb.debian.org/debian stretch/main s390x libip4tc0 s390x 1.6.0+snapshot20161117-6 [67.9 kB]
Get:17 http://cdn-fastly.deb.debian.org/debian stretch/main s390x libip6tc0 s390x 1.6.0+snapshot20161117-6 [68.2 kB]
Get:18 http://cdn-fastly.deb.debian.org/debian stretch/main s390x libiptc0 s390x 1.6.0+snapshot20161117-6 [57.6 kB]
Get:19 http://cdn-fastly.deb.debian.org/debian stretch/main s390x libxtables12 s390x 1.6.0+snapshot20161117-6 [75.3 kB]
Get:20 http://cdn-fastly.deb.debian.org/debian stretch/main s390x libnetfilter-conntrack3 s390x 1.0.6-2 [37.1 kB]
Get:21 http://cdn-fastly.deb.debian.org/debian stretch/main s390x iptables s390x 1.6.0+snapshot20161117-6 [282 kB]
Get:22 http://cdn-fastly.deb.debian.org/debian stretch/main s390x xxd s390x 2:8.0.0197-4+deb9u1 [131 kB]
Get:23 http://cdn-fastly.deb.debian.org/debian stretch/main s390x vim-common all 2:8.0.0197-4+deb9u1 [159 kB]
Get:24 http://cdn-fastly.deb.debian.org/debian stretch/main s390x bzip2 s390x 1.0.6-8.1 [48.1 kB]
Get:25 http://cdn-fastly.deb.debian.org/debian stretch/main s390x libgpm2 s390x 1.20.4-6.2+b1 [34.4 kB]
Get:26 http://cdn-fastly.deb.debian.org/debian stretch/main s390x xz-utils s390x 5.2.2-1.2+b1 [263 kB]
Get:27 http://cdn-fastly.deb.debian.org/debian stretch/main s390x aufs-tools s390x 1:4.1+20161219-1 [102 kB]
Get:28 http://cdn-fastly.deb.debian.org/debian stretch/main s390x liblzo2-2 s390x 2.08-1.2+b2 [55.8 kB]
Get:29 http://cdn-fastly.deb.debian.org/debian stretch/main s390x btrfs-progs s390x 4.7.3-1 [595 kB]
Get:30 http://cdn-fastly.deb.debian.org/debian stretch/main s390x btrfs-tools s390x 4.7.3-1 [16.9 kB]
Get:31 http://cdn-fastly.deb.debian.org/debian stretch/main s390x libdevmapper1.02.1 s390x 2:1.02.137-2 [160 kB]
Get:32 http://cdn-fastly.deb.debian.org/debian stretch/main s390x dmsetup s390x 2:1.02.137-2 [104 kB]
Get:33 http://cdn-fastly.deb.debian.org/debian stretch/main s390x libonig4 s390x 6.1.3-2 [142 kB]
Get:34 http://cdn-fastly.deb.debian.org/debian stretch/main s390x libjq1 s390x 1.5+dfsg-1.3 [126 kB]
Get:35 http://cdn-fastly.deb.debian.org/debian stretch/main s390x jq s390x 1.5+dfsg-1.3 [59.2 kB]
Get:36 http://cdn-fastly.deb.debian.org/debian stretch/main s390x libaio1 s390x 0.3.110-3 [9482 B]
Get:37 http://cdn-fastly.deb.debian.org/debian stretch/main s390x libcap2-bin s390x 1:2.25-1 [26.8 kB]
Get:38 http://cdn-fastly.deb.debian.org/debian stretch/main s390x libdevmapper-event1.02.1 s390x 2:1.02.137-2 [41.0 kB]
Get:39 http://cdn-fastly.deb.debian.org/debian stretch/main s390x libsepol1-dev s390x 2.6-2 [293 kB]
Get:40 http://cdn-fastly.deb.debian.org/debian stretch/main s390x libpcre16-3 s390x 2:8.39-3 [189 kB]
Get:41 http://cdn-fastly.deb.debian.org/debian stretch/main s390x libpcre32-3 s390x 2:8.39-3 [184 kB]
Get:42 http://cdn-fastly.deb.debian.org/debian stretch/main s390x libpcre3-dev s390x 2:8.39-3 [488 kB]
Get:43 http://cdn-fastly.deb.debian.org/debian stretch/main s390x libselinux1-dev s390x 2.6-3+b3 [182 kB]
Get:44 http://cdn-fastly.deb.debian.org/debian stretch/main s390x libdevmapper-dev s390x 2:1.02.137-2 [68.6 kB]
Get:45 http://cdn-fastly.deb.debian.org/debian stretch/main s390x libexpat1-dev s390x 2.2.0-2+deb9u1 [131 kB]
Get:46 http://cdn-fastly.deb.debian.org/debian stretch/main s390x libffi-dev s390x 3.2.1-6 [159 kB]
Get:47 http://cdn-fastly.deb.debian.org/debian stretch/main s390x libnl-3-200 s390x 3.2.27-2 [59.3 kB]
Get:48 http://cdn-fastly.deb.debian.org/debian stretch/main s390x libprotobuf-c1 s390x 1.2.1-2 [25.1 kB]
Get:49 http://cdn-fastly.deb.debian.org/debian stretch/main s390x libpython2.7 s390x 2.7.13-2+deb9u3 [999 kB]
Get:50 http://cdn-fastly.deb.debian.org/debian stretch/main s390x libpython2.7-dev s390x 2.7.13-2+deb9u3 [28.0 MB]
Get:51 http://cdn-fastly.deb.debian.org/debian stretch/main s390x libpython-dev s390x 2.7.13-2 [20.0 kB]
Get:52 http://cdn-fastly.deb.debian.org/debian stretch/main s390x libreadline5 s390x 5.2+dfsg-3+b1 [120 kB]
Get:53 http://cdn-fastly.deb.debian.org/debian stretch/main s390x libssl-dev s390x 1.1.0j-1~deb9u1 [1302 kB]
Get:54 http://cdn-fastly.deb.debian.org/debian stretch/main s390x libsystemd-dev s390x 232-25+deb9u11 [1762 kB]
Get:55 http://cdn-fastly.deb.debian.org/debian stretch/main s390x net-tools s390x 1.60+git20161116.90da8a0-1 [243 kB]
Get:56 http://cdn-fastly.deb.debian.org/debian stretch/main s390x python-backports.ssl-match-hostname all 3.5.0.1-1 [6980 B]
Get:57 http://cdn-fastly.deb.debian.org/debian stretch/main s390x python-cffi-backend s390x 1.9.1-2 [66.2 kB]
Get:58 http://cdn-fastly.deb.debian.org/debian stretch/main s390x python-ply all 3.9-1 [64.3 kB]
Get:59 http://cdn-fastly.deb.debian.org/debian stretch/main s390x python-pycparser all 2.17-2 [63.3 kB]
Get:60 http://cdn-fastly.deb.debian.org/debian stretch/main s390x python-cffi all 1.9.1-2 [73.2 kB]
Get:61 http://cdn-fastly.deb.debian.org/debian stretch/main s390x python-pkg-resources all 33.1.1-1 [166 kB]
Get:62 http://cdn-fastly.deb.debian.org/debian stretch/main s390x python-chardet all 2.3.0-2 [96.0 kB]
Get:63 http://cdn-fastly.deb.debian.org/debian stretch/main s390x python2.7-dev s390x 2.7.13-2+deb9u3 [288 kB]
Get:64 http://cdn-fastly.deb.debian.org/debian stretch/main s390x python-dev s390x 2.7.13-2 [1132 B]
Get:65 http://cdn-fastly.deb.debian.org/debian stretch/main s390x python-funcsigs all 1.0.2-3 [13.3 kB]
Get:66 http://cdn-fastly.deb.debian.org/debian stretch/main s390x python-pbr all 1.10.0-1 [52.4 kB]
Get:67 http://cdn-fastly.deb.debian.org/debian stretch/main s390x python-pip-whl all 9.0.1-2+deb9u1 [1399 kB]
Get:68 http://cdn-fastly.deb.debian.org/debian stretch/main s390x python-pip all 9.0.1-2+deb9u1 [179 kB]
Get:69 http://cdn-fastly.deb.debian.org/debian stretch/main s390x python-urllib3 all 1.19.1-1 [77.5 kB]
Get:70 http://cdn-fastly.deb.debian.org/debian stretch/main s390x python-requests all 2.12.4-1 [101 kB]
Get:71 http://cdn-fastly.deb.debian.org/debian stretch/main s390x python-setuptools all 33.1.1-1 [297 kB]
Get:72 http://cdn-fastly.deb.debian.org/debian stretch/main s390x python-websocket all 0.37.0-2 [31.5 kB]
Get:73 http://cdn-fastly.deb.debian.org/debian stretch/main s390x python-wheel all 0.29.0-2 [51.7 kB]
Get:74 http://cdn-fastly.deb.debian.org/debian stretch/main s390x thin-provisioning-tools s390x 0.6.1-4+b1 [321 kB]
Get:75 http://cdn-fastly.deb.debian.org/debian stretch/main s390x vim-runtime all 2:8.0.0197-4+deb9u1 [5407 kB]
Get:76 http://cdn-fastly.deb.debian.org/debian stretch/main s390x vim s390x 2:8.0.0197-4+deb9u1 [992 kB]
Get:77 http://cdn-fastly.deb.debian.org/debian stretch/main s390x xfsprogs s390x 4.9.0+nmu1 [786 kB]
Get:78 http://cdn-fastly.deb.debian.org/debian stretch/main s390x zip s390x 3.0-11+b1 [232 kB]
Get:79 http://cdn-fastly.deb.debian.org/debian stretch/main s390x libapparmor-perl s390x 2.11.0-3+deb9u2 [82.5 kB]
Get:80 http://cdn-fastly.deb.debian.org/debian stretch/main s390x apparmor s390x 2.11.0-3+deb9u2 [532 kB]
Get:81 http://cdn-fastly.deb.debian.org/debian stretch/main s390x binutils-mingw-w64-i686 s390x 2.28-5+7.4+b4 [2151 kB]
Get:82 http://cdn-fastly.deb.debian.org/debian stretch/main s390x binutils-mingw-w64-x86-64 s390x 2.28-5+7.4+b4 [2722 kB]
Get:83 http://cdn-fastly.deb.debian.org/debian stretch/main s390x binutils-mingw-w64 all 2.27.90.20161231-1+7.4 [136 kB]
Get:84 http://cdn-fastly.deb.debian.org/debian stretch/main s390x mingw-w64-common all 5.0.1-1 [4764 kB]
Get:85 http://cdn-fastly.deb.debian.org/debian stretch/main s390x mingw-w64-x86-64-dev all 5.0.1-1 [3342 kB]
Get:86 http://cdn-fastly.deb.debian.org/debian stretch/main s390x gcc-mingw-w64-base s390x 6.3.0-18+19.3+b3 [170 kB]
Get:87 http://cdn-fastly.deb.debian.org/debian stretch/main s390x gcc-mingw-w64-x86-64 s390x 6.3.0-18+19.3+b3 [31.4 MB]
Get:88 http://cdn-fastly.deb.debian.org/debian stretch/main s390x g++-mingw-w64-x86-64 s390x 6.3.0-18+19.3+b3 [21.7 MB]
Get:89 http://cdn-fastly.deb.debian.org/debian stretch/main s390x python-mock all 2.0.0-3 [59.8 kB]
[91mdebconf: delaying package configuration, since apt-utils is not installed
[0mFetched 120 MB in 4s (27.4 MB/s)
Selecting previously unselected package bash-completion.
(Reading database ... (Reading database ... 5%(Reading database ... 10%(Reading database ... 15%(Reading database ... 20%(Reading database ... 25%(Reading database ... 30%(Reading database ... 35%(Reading database ... 40%(Reading database ... 45%(Reading database ... 50%(Reading database ... 55%(Reading database ... 60%(Reading database ... 65%(Reading database ... 70%(Reading database ... 75%(Reading database ... 80%(Reading database ... 85%(Reading database ... 90%(Reading database ... 95%(Reading database ... 100%(Reading database ... 14897 files and directories currently installed.)
Preparing to unpack .../00-bash-completion_1%3a2.1-4.3_all.deb ...
Unpacking bash-completion (1:2.1-4.3) ...
Selecting previously unselected package libnet1:s390x.
Preparing to unpack .../01-libnet1_1.1.6+dfsg-3_s390x.deb ...
Unpacking libnet1:s390x (1.1.6+dfsg-3) ...
Selecting previously unselected package libnfnetlink0:s390x.
Preparing to unpack .../02-libnfnetlink0_1.0.1-3_s390x.deb ...
Unpacking libnfnetlink0:s390x (1.0.1-3) ...
Selecting previously unselected package libpcrecpp0v5:s390x.
Preparing to unpack .../03-libpcrecpp0v5_2%3a8.39-3_s390x.deb ...
Unpacking libpcrecpp0v5:s390x (2:8.39-3) ...
Selecting previously unselected package libudev-dev:s390x.
Preparing to unpack .../04-libudev-dev_232-25+deb9u11_s390x.deb ...
Unpacking libudev-dev:s390x (232-25+deb9u11) ...
Selecting previously unselected package libpython3.5-minimal:s390x.
Preparing to unpack .../05-libpython3.5-minimal_3.5.3-1+deb9u1_s390x.deb ...
Unpacking libpython3.5-minimal:s390x (3.5.3-1+deb9u1) ...
Selecting previously unselected package python3.5-minimal.
Preparing to unpack .../06-python3.5-minimal_3.5.3-1+deb9u1_s390x.deb ...
Unpacking python3.5-minimal (3.5.3-1+deb9u1) ...
Selecting previously unselected package python3-minimal.
Preparing to unpack .../07-python3-minimal_3.5.3-1_s390x.deb ...
Unpacking python3-minimal (3.5.3-1) ...
Selecting previously unselected package libmpdec2:s390x.
Preparing to unpack .../08-libmpdec2_2.4.2-1_s390x.deb ...
Unpacking libmpdec2:s390x (2.4.2-1) ...
Selecting previously unselected package libpython3.5-stdlib:s390x.
Preparing to unpack .../09-libpython3.5-stdlib_3.5.3-1+deb9u1_s390x.deb ...
Unpacking libpython3.5-stdlib:s390x (3.5.3-1+deb9u1) ...
Selecting previously unselected package python3.5.
Preparing to unpack .../10-python3.5_3.5.3-1+deb9u1_s390x.deb ...
Unpacking python3.5 (3.5.3-1+deb9u1) ...
Selecting previously unselected package libpython3-stdlib:s390x.
Preparing to unpack .../11-libpython3-stdlib_3.5.3-1_s390x.deb ...
Unpacking libpython3-stdlib:s390x (3.5.3-1) ...
Selecting previously unselected package dh-python.
Preparing to unpack .../12-dh-python_2.20170125_all.deb ...
Unpacking dh-python (2.20170125) ...
Setting up libpython3.5-minimal:s390x (3.5.3-1+deb9u1) ...
Setting up python3.5-minimal (3.5.3-1+deb9u1) ...
Setting up python3-minimal (3.5.3-1) ...
Selecting previously unselected package python3.
(Reading database ... (Reading database ... 5%(Reading database ... 10%(Reading database ... 15%(Reading database ... 20%(Reading database ... 25%(Reading database ... 30%(Reading database ... 35%(Reading database ... 40%(Reading database ... 45%(Reading database ... 50%(Reading database ... 55%(Reading database ... 60%(Reading database ... 65%(Reading database ... 70%(Reading database ... 75%(Reading database ... 80%(Reading database ... 85%(Reading database ... 90%(Reading database ... 95%(Reading database ... 100%(Reading database ... 16483 files and directories currently installed.)
Preparing to unpack .../00-python3_3.5.3-1_s390x.deb ...
Unpacking python3 (3.5.3-1) ...
Selecting previously unselected package pigz.
Preparing to unpack .../01-pigz_2.3.4-1_s390x.deb ...
Unpacking pigz (2.3.4-1) ...
Selecting previously unselected package libip4tc0:s390x.
Preparing to unpack .../02-libip4tc0_1.6.0+snapshot20161117-6_s390x.deb ...
Unpacking libip4tc0:s390x (1.6.0+snapshot20161117-6) ...
Selecting previously unselected package libip6tc0:s390x.
Preparing to unpack .../03-libip6tc0_1.6.0+snapshot20161117-6_s390x.deb ...
Unpacking libip6tc0:s390x (1.6.0+snapshot20161117-6) ...
Selecting previously unselected package libiptc0:s390x.
Preparing to unpack .../04-libiptc0_1.6.0+snapshot20161117-6_s390x.deb ...
Unpacking libiptc0:s390x (1.6.0+snapshot20161117-6) ...
Selecting previously unselected package libxtables12:s390x.
Preparing to unpack .../05-libxtables12_1.6.0+snapshot20161117-6_s390x.deb ...
Unpacking libxtables12:s390x (1.6.0+snapshot20161117-6) ...
Selecting previously unselected package libnetfilter-conntrack3:s390x.
Preparing to unpack .../06-libnetfilter-conntrack3_1.0.6-2_s390x.deb ...
Unpacking libnetfilter-conntrack3:s390x (1.0.6-2) ...
Selecting previously unselected package iptables.
Preparing to unpack .../07-iptables_1.6.0+snapshot20161117-6_s390x.deb ...
Unpacking iptables (1.6.0+snapshot20161117-6) ...
Selecting previously unselected package xxd.
Preparing to unpack .../08-xxd_2%3a8.0.0197-4+deb9u1_s390x.deb ...
Unpacking xxd (2:8.0.0197-4+deb9u1) ...
Selecting previously unselected package vim-common.
Preparing to unpack .../09-vim-common_2%3a8.0.0197-4+deb9u1_all.deb ...
Unpacking vim-common (2:8.0.0197-4+deb9u1) ...
Selecting previously unselected package bzip2.
Preparing to unpack .../10-bzip2_1.0.6-8.1_s390x.deb ...
Unpacking bzip2 (1.0.6-8.1) ...
Selecting previously unselected package libgpm2:s390x.
Preparing to unpack .../11-libgpm2_1.20.4-6.2+b1_s390x.deb ...
Unpacking libgpm2:s390x (1.20.4-6.2+b1) ...
Selecting previously unselected package xz-utils.
Preparing to unpack .../12-xz-utils_5.2.2-1.2+b1_s390x.deb ...
Unpacking xz-utils (5.2.2-1.2+b1) ...
Selecting previously unselected package aufs-tools.
Preparing to unpack .../13-aufs-tools_1%3a4.1+20161219-1_s390x.deb ...
Unpacking aufs-tools (1:4.1+20161219-1) ...
Selecting previously unselected package liblzo2-2:s390x.
Preparing to unpack .../14-liblzo2-2_2.08-1.2+b2_s390x.deb ...
Unpacking liblzo2-2:s390x (2.08-1.2+b2) ...
Selecting previously unselected package btrfs-progs.
Preparing to unpack .../15-btrfs-progs_4.7.3-1_s390x.deb ...
Unpacking btrfs-progs (4.7.3-1) ...
Selecting previously unselected package btrfs-tools.
Preparing to unpack .../16-btrfs-tools_4.7.3-1_s390x.deb ...
Unpacking btrfs-tools (4.7.3-1) ...
Selecting previously unselected package libdevmapper1.02.1:s390x.
Preparing to unpack .../17-libdevmapper1.02.1_2%3a1.02.137-2_s390x.deb ...
Unpacking libdevmapper1.02.1:s390x (2:1.02.137-2) ...
Selecting previously unselected package dmsetup.
Preparing to unpack .../18-dmsetup_2%3a1.02.137-2_s390x.deb ...
Unpacking dmsetup (2:1.02.137-2) ...
Selecting previously unselected package libonig4:s390x.
Preparing to unpack .../19-libonig4_6.1.3-2_s390x.deb ...
Unpacking libonig4:s390x (6.1.3-2) ...
Selecting previously unselected package libjq1:s390x.
Preparing to unpack .../20-libjq1_1.5+dfsg-1.3_s390x.deb ...
Unpacking libjq1:s390x (1.5+dfsg-1.3) ...
Selecting previously unselected package jq.
Preparing to unpack .../21-jq_1.5+dfsg-1.3_s390x.deb ...
Unpacking jq (1.5+dfsg-1.3) ...
Selecting previously unselected package libaio1:s390x.
Preparing to unpack .../22-libaio1_0.3.110-3_s390x.deb ...
Unpacking libaio1:s390x (0.3.110-3) ...
Selecting previously unselected package libcap2-bin.
Preparing to unpack .../23-libcap2-bin_1%3a2.25-1_s390x.deb ...
Unpacking libcap2-bin (1:2.25-1) ...
Selecting previously unselected package libdevmapper-event1.02.1:s390x.
Preparing to unpack .../24-libdevmapper-event1.02.1_2%3a1.02.137-2_s390x.deb ...
Unpacking libdevmapper-event1.02.1:s390x (2:1.02.137-2) ...
Selecting previously unselected package libsepol1-dev:s390x.
Preparing to unpack .../25-libsepol1-dev_2.6-2_s390x.deb ...
Unpacking libsepol1-dev:s390x (2.6-2) ...
Selecting previously unselected package libpcre16-3:s390x.
Preparing to unpack .../26-libpcre16-3_2%3a8.39-3_s390x.deb ...
Unpacking libpcre16-3:s390x (2:8.39-3) ...
Selecting previously unselected package libpcre32-3:s390x.
Preparing to unpack .../27-libpcre32-3_2%3a8.39-3_s390x.deb ...
Unpacking libpcre32-3:s390x (2:8.39-3) ...
Selecting previously unselected package libpcre3-dev:s390x.
Preparing to unpack .../28-libpcre3-dev_2%3a8.39-3_s390x.deb ...
Unpacking libpcre3-dev:s390x (2:8.39-3) ...
Selecting previously unselected package libselinux1-dev:s390x.
Preparing to unpack .../29-libselinux1-dev_2.6-3+b3_s390x.deb ...
Unpacking libselinux1-dev:s390x (2.6-3+b3) ...
Selecting previously unselected package libdevmapper-dev:s390x.
Preparing to unpack .../30-libdevmapper-dev_2%3a1.02.137-2_s390x.deb ...
Unpacking libdevmapper-dev:s390x (2:1.02.137-2) ...
Selecting previously unselected package libexpat1-dev:s390x.
Preparing to unpack .../31-libexpat1-dev_2.2.0-2+deb9u1_s390x.deb ...
Unpacking libexpat1-dev:s390x (2.2.0-2+deb9u1) ...
Selecting previously unselected package libffi-dev:s390x.
Preparing to unpack .../32-libffi-dev_3.2.1-6_s390x.deb ...
Unpacking libffi-dev:s390x (3.2.1-6) ...
Selecting previously unselected package libnl-3-200:s390x.
Preparing to unpack .../33-libnl-3-200_3.2.27-2_s390x.deb ...
Unpacking libnl-3-200:s390x (3.2.27-2) ...
Selecting previously unselected package libprotobuf-c1:s390x.
Preparing to unpack .../34-libprotobuf-c1_1.2.1-2_s390x.deb ...
Unpacking libprotobuf-c1:s390x (1.2.1-2) ...
Selecting previously unselected package libpython2.7:s390x.
Preparing to unpack .../35-libpython2.7_2.7.13-2+deb9u3_s390x.deb ...
Unpacking libpython2.7:s390x (2.7.13-2+deb9u3) ...
Selecting previously unselected package libpython2.7-dev:s390x.
Preparing to unpack .../36-libpython2.7-dev_2.7.13-2+deb9u3_s390x.deb ...
Unpacking libpython2.7-dev:s390x (2.7.13-2+deb9u3) ...
Selecting previously unselected package libpython-dev:s390x.
Preparing to unpack .../37-libpython-dev_2.7.13-2_s390x.deb ...
Unpacking libpython-dev:s390x (2.7.13-2) ...
Selecting previously unselected package libreadline5:s390x.
Preparing to unpack .../38-libreadline5_5.2+dfsg-3+b1_s390x.deb ...
Unpacking libreadline5:s390x (5.2+dfsg-3+b1) ...
Selecting previously unselected package libssl-dev:s390x.
Preparing to unpack .../39-libssl-dev_1.1.0j-1~deb9u1_s390x.deb ...
Unpacking libssl-dev:s390x (1.1.0j-1~deb9u1) ...
Selecting previously unselected package libsystemd-dev:s390x.
Preparing to unpack .../40-libsystemd-dev_232-25+deb9u11_s390x.deb ...
Unpacking libsystemd-dev:s390x (232-25+deb9u11) ...
Selecting previously unselected package net-tools.
Preparing to unpack .../41-net-tools_1.60+git20161116.90da8a0-1_s390x.deb ...
Unpacking net-tools (1.60+git20161116.90da8a0-1) ...
Selecting previously unselected package python-backports.ssl-match-hostname.
Preparing to unpack .../42-python-backports.ssl-match-hostname_3.5.0.1-1_all.deb ...
Unpacking python-backports.ssl-match-hostname (3.5.0.1-1) ...
Selecting previously unselected package python-cffi-backend.
Preparing to unpack .../43-python-cffi-backend_1.9.1-2_s390x.deb ...
Unpacking python-cffi-backend (1.9.1-2) ...
Selecting previously unselected package python-ply.
Preparing to unpack .../44-python-ply_3.9-1_all.deb ...
Unpacking python-ply (3.9-1) ...
Selecting previously unselected package python-pycparser.
Preparing to unpack .../45-python-pycparser_2.17-2_all.deb ...
Unpacking python-pycparser (2.17-2) ...
Selecting previously unselected package python-cffi.
Preparing to unpack .../46-python-cffi_1.9.1-2_all.deb ...
Unpacking python-cffi (1.9.1-2) ...
Selecting previously unselected package python-pkg-resources.
Preparing to unpack .../47-python-pkg-resources_33.1.1-1_all.deb ...
Unpacking python-pkg-resources (33.1.1-1) ...
Selecting previously unselected package python-chardet.
Preparing to unpack .../48-python-chardet_2.3.0-2_all.deb ...
Unpacking python-chardet (2.3.0-2) ...
Selecting previously unselected package python2.7-dev.
Preparing to unpack .../49-python2.7-dev_2.7.13-2+deb9u3_s390x.deb ...
Unpacking python2.7-dev (2.7.13-2+deb9u3) ...
Selecting previously unselected package python-dev.
Preparing to unpack .../50-python-dev_2.7.13-2_s390x.deb ...
Unpacking python-dev (2.7.13-2) ...
Selecting previously unselected package python-funcsigs.
Preparing to unpack .../51-python-funcsigs_1.0.2-3_all.deb ...
Unpacking python-funcsigs (1.0.2-3) ...
Selecting previously unselected package python-pbr.
Preparing to unpack .../52-python-pbr_1.10.0-1_all.deb ...
Unpacking python-pbr (1.10.0-1) ...
Selecting previously unselected package python-pip-whl.
Preparing to unpack .../53-python-pip-whl_9.0.1-2+deb9u1_all.deb ...
Unpacking python-pip-whl (9.0.1-2+deb9u1) ...
Selecting previously unselected package python-pip.
Preparing to unpack .../54-python-pip_9.0.1-2+deb9u1_all.deb ...
Unpacking python-pip (9.0.1-2+deb9u1) ...
Selecting previously unselected package python-urllib3.
Preparing to unpack .../55-python-urllib3_1.19.1-1_all.deb ...
Unpacking python-urllib3 (1.19.1-1) ...
Selecting previously unselected package python-requests.
Preparing to unpack .../56-python-requests_2.12.4-1_all.deb ...
Unpacking python-requests (2.12.4-1) ...
Selecting previously unselected package python-setuptools.
Preparing to unpack .../57-python-setuptools_33.1.1-1_all.deb ...
Unpacking python-setuptools (33.1.1-1) ...
Selecting previously unselected package python-websocket.
Preparing to unpack .../58-python-websocket_0.37.0-2_all.deb ...
Unpacking python-websocket (0.37.0-2) ...
Selecting previously unselected package python-wheel.
Preparing to unpack .../59-python-wheel_0.29.0-2_all.deb ...
Unpacking python-wheel (0.29.0-2) ...
Selecting previously unselected package thin-provisioning-tools.
Preparing to unpack .../60-thin-provisioning-tools_0.6.1-4+b1_s390x.deb ...
Unpacking thin-provisioning-tools (0.6.1-4+b1) ...
Selecting previously unselected package vim-runtime.
Preparing to unpack .../61-vim-runtime_2%3a8.0.0197-4+deb9u1_all.deb ...
Adding 'diversion of /usr/share/vim/vim80/doc/help.txt to /usr/share/vim/vim80/doc/help.txt.vim-tiny by vim-runtime'
Adding 'diversion of /usr/share/vim/vim80/doc/tags to /usr/share/vim/vim80/doc/tags.vim-tiny by vim-runtime'
Unpacking vim-runtime (2:8.0.0197-4+deb9u1) ...
Selecting previously unselected package vim.
Preparing to unpack .../62-vim_2%3a8.0.0197-4+deb9u1_s390x.deb ...
Unpacking vim (2:8.0.0197-4+deb9u1) ...
Selecting previously unselected package xfsprogs.
Preparing to unpack .../63-xfsprogs_4.9.0+nmu1_s390x.deb ...
Unpacking xfsprogs (4.9.0+nmu1) ...
Selecting previously unselected package zip.
Preparing to unpack .../64-zip_3.0-11+b1_s390x.deb ...
Unpacking zip (3.0-11+b1) ...
Selecting previously unselected package libapparmor-perl.
Preparing to unpack .../65-libapparmor-perl_2.11.0-3+deb9u2_s390x.deb ...
Unpacking libapparmor-perl (2.11.0-3+deb9u2) ...
Selecting previously unselected package apparmor.
Preparing to unpack .../66-apparmor_2.11.0-3+deb9u2_s390x.deb ...
Unpacking apparmor (2.11.0-3+deb9u2) ...
Selecting previously unselected package binutils-mingw-w64-i686.
Preparing to unpack .../67-binutils-mingw-w64-i686_2.28-5+7.4+b4_s390x.deb ...
Unpacking binutils-mingw-w64-i686 (2.28-5+7.4+b4) ...
Selecting previously unselected package binutils-mingw-w64-x86-64.
Preparing to unpack .../68-binutils-mingw-w64-x86-64_2.28-5+7.4+b4_s390x.deb ...
Unpacking binutils-mingw-w64-x86-64 (2.28-5+7.4+b4) ...
Selecting previously unselected package binutils-mingw-w64.
Preparing to unpack .../69-binutils-mingw-w64_2.27.90.20161231-1+7.4_all.deb ...
Unpacking binutils-mingw-w64 (2.27.90.20161231-1+7.4) ...
Selecting previously unselected package mingw-w64-common.
Preparing to unpack .../70-mingw-w64-common_5.0.1-1_all.deb ...
Unpacking mingw-w64-common (5.0.1-1) ...
Selecting previously unselected package mingw-w64-x86-64-dev.
Preparing to unpack .../71-mingw-w64-x86-64-dev_5.0.1-1_all.deb ...
Unpacking mingw-w64-x86-64-dev (5.0.1-1) ...
Selecting previously unselected package gcc-mingw-w64-base.
Preparing to unpack .../72-gcc-mingw-w64-base_6.3.0-18+19.3+b3_s390x.deb ...
Unpacking gcc-mingw-w64-base (6.3.0-18+19.3+b3) ...
Selecting previously unselected package gcc-mingw-w64-x86-64.
Preparing to unpack .../73-gcc-mingw-w64-x86-64_6.3.0-18+19.3+b3_s390x.deb ...
Unpacking gcc-mingw-w64-x86-64 (6.3.0-18+19.3+b3) ...
Selecting previously unselected package g++-mingw-w64-x86-64.
Preparing to unpack .../74-g++-mingw-w64-x86-64_6.3.0-18+19.3+b3_s390x.deb ...
Unpacking g++-mingw-w64-x86-64 (6.3.0-18+19.3+b3) ...
Selecting previously unselected package python-mock.
Preparing to unpack .../75-python-mock_2.0.0-3_all.deb ...
Unpacking python-mock (2.0.0-3) ...
Setting up aufs-tools (1:4.1+20161219-1) ...
Setting up binutils-mingw-w64-x86-64 (2.28-5+7.4+b4) ...
Setting up libsepol1-dev:s390x (2.6-2) ...
Setting up python-pip-whl (9.0.1-2+deb9u1) ...
Setting up python-urllib3 (1.19.1-1) ...
Setting up libnet1:s390x (1.1.6+dfsg-3) ...
Setting up libip4tc0:s390x (1.6.0+snapshot20161117-6) ...
Processing triggers for mime-support (3.60) ...
Setting up xxd (2:8.0.0197-4+deb9u1) ...
Setting up libgpm2:s390x (1.20.4-6.2+b1) ...
Setting up libcap2-bin (1:2.25-1) ...
Setting up binutils-mingw-w64-i686 (2.28-5+7.4+b4) ...
Setting up binutils-mingw-w64 (2.27.90.20161231-1+7.4) ...
Setting up python-ply (3.9-1) ...
Setting up bash-completion (1:2.1-4.3) ...
Setting up libssl-dev:s390x (1.1.0j-1~deb9u1) ...
Setting up libonig4:s390x (6.1.3-2) ...
Setting up python-wheel (0.29.0-2) ...
Setting up libffi-dev:s390x (3.2.1-6) ...
Setting up libprotobuf-c1:s390x (1.2.1-2) ...
Setting up python-pkg-resources (33.1.1-1) ...
Setting up zip (3.0-11+b1) ...
Setting up python-backports.ssl-match-hostname (3.5.0.1-1) ...
Setting up bzip2 (1.0.6-8.1) ...
Setting up python-websocket (0.37.0-2) ...
update-alternatives: using /usr/bin/python2-wsdump to provide /usr/bin/wsdump (wsdump) in auto mode
Setting up gcc-mingw-w64-base (6.3.0-18+19.3+b3) ...
Setting up libjq1:s390x (1.5+dfsg-1.3) ...
Setting up python-cffi-backend (1.9.1-2) ...
Processing triggers for libc-bin (2.24-11+deb9u4) ...
Setting up libaio1:s390x (0.3.110-3) ...
Setting up libxtables12:s390x (1.6.0+snapshot20161117-6) ...
Setting up xz-utils (5.2.2-1.2+b1) ...
update-alternatives: using /usr/bin/xz to provide /usr/bin/lzma (lzma) in auto mode
Setting up python-pbr (1.10.0-1) ...
update-alternatives: using /usr/bin/python2-pbr to provide /usr/bin/pbr (pbr) in auto mode
Setting up thin-provisioning-tools (0.6.1-4+b1) ...
Setting up libpython2.7:s390x (2.7.13-2+deb9u3) ...
Setting up vim-common (2:8.0.0197-4+deb9u1) ...
Setting up python-funcsigs (1.0.2-3) ...
Setting up libexpat1-dev:s390x (2.2.0-2+deb9u1) ...
Setting up libpcrecpp0v5:s390x (2:8.39-3) ...
Setting up libpcre32-3:s390x (2:8.39-3) ...
Setting up libnfnetlink0:s390x (1.0.1-3) ...
Setting up vim-runtime (2:8.0.0197-4+deb9u1) ...
Setting up libsystemd-dev:s390x (232-25+deb9u11) ...
Setting up libpython2.7-dev:s390x (2.7.13-2+deb9u3) ...
Setting up libpcre16-3:s390x (2:8.39-3) ...
Setting up libreadline5:s390x (5.2+dfsg-3+b1) ...
Setting up libnl-3-200:s390x (3.2.27-2) ...
Setting up net-tools (1.60+git20161116.90da8a0-1) ...
Setting up python-pip (9.0.1-2+deb9u1) ...
Setting up libudev-dev:s390x (232-25+deb9u11) ...
Setting up python2.7-dev (2.7.13-2+deb9u3) ...
Setting up pigz (2.3.4-1) ...
Setting up libapparmor-perl (2.11.0-3+deb9u2) ...
Setting up libmpdec2:s390x (2.4.2-1) ...
Setting up libip6tc0:s390x (1.6.0+snapshot20161117-6) ...
Setting up mingw-w64-common (5.0.1-1) ...
Setting up liblzo2-2:s390x (2.08-1.2+b2) ...
Setting up libpython-dev:s390x (2.7.13-2) ...
Setting up python-setuptools (33.1.1-1) ...
Setting up jq (1.5+dfsg-1.3) ...
Setting up libpcre3-dev:s390x (2:8.39-3) ...
Setting up libnetfilter-conntrack3:s390x (1.0.6-2) ...
Setting up python-chardet (2.3.0-2) ...
Setting up xfsprogs (4.9.0+nmu1) ...
Setting up python-pycparser (2.17-2) ...
Setting up vim (2:8.0.0197-4+deb9u1) ...
update-alternatives: using /usr/bin/vim.basic to provide /usr/bin/vim (vim) in auto mode
update-alternatives: using /usr/bin/vim.basic to provide /usr/bin/vimdiff (vimdiff) in auto mode
update-alternatives: using /usr/bin/vim.basic to provide /usr/bin/rvim (rvim) in auto mode
update-alternatives: using /usr/bin/vim.basic to provide /usr/bin/rview (rview) in auto mode
update-alternatives: using /usr/bin/vim.basic to provide /usr/bin/vi (vi) in auto mode
update-alternatives: using /usr/bin/vim.basic to provide /usr/bin/view (view) in auto mode
update-alternatives: using /usr/bin/vim.basic to provide /usr/bin/ex (ex) in auto mode
update-alternatives: using /usr/bin/vim.basic to provide /usr/bin/editor (editor) in auto mode
Setting up python-dev (2.7.13-2) ...
Setting up libpython3.5-stdlib:s390x (3.5.3-1+deb9u1) ...
Setting up python-mock (2.0.0-3) ...
Setting up libiptc0:s390x (1.6.0+snapshot20161117-6) ...
Setting up mingw-w64-x86-64-dev (5.0.1-1) ...
Setting up iptables (1.6.0+snapshot20161117-6) ...
Setting up btrfs-progs (4.7.3-1) ...
Setting up python-cffi (1.9.1-2) ...
Setting up python-requests (2.12.4-1) ...
Setting up libselinux1-dev:s390x (2.6-3+b3) ...
Setting up python3.5 (3.5.3-1+deb9u1) ...
Setting up libpython3-stdlib:s390x (3.5.3-1) ...
Setting up gcc-mingw-w64-x86-64 (6.3.0-18+19.3+b3) ...
update-alternatives: using /usr/bin/x86_64-w64-mingw32-gcc-posix to provide /usr/bin/x86_64-w64-mingw32-gcc (x86_64-w64-mingw32-gcc) in auto mode
update-alternatives: warning: skip creation of /usr/bin/x86_64-w64-mingw32-gcc-6 because associated file /usr/bin/x86_64-w64-mingw32-gcc-6-posix (of link group x86_64-w64-mingw32-gcc) doesn't exist
update-alternatives: using /usr/bin/x86_64-w64-mingw32-gcc-win32 to provide /usr/bin/x86_64-w64-mingw32-gcc (x86_64-w64-mingw32-gcc) in auto mode
update-alternatives: warning: skip creation of /usr/bin/x86_64-w64-mingw32-gcc-6 because associated file /usr/bin/x86_64-w64-mingw32-gcc-6-win32 (of link group x86_64-w64-mingw32-gcc) doesn't exist
Setting up btrfs-tools (4.7.3-1) ...
Setting up g++-mingw-w64-x86-64 (6.3.0-18+19.3+b3) ...
update-alternatives: using /usr/bin/x86_64-w64-mingw32-g++-posix to provide /usr/bin/x86_64-w64-mingw32-g++ (x86_64-w64-mingw32-g++) in auto mode
update-alternatives: using /usr/bin/x86_64-w64-mingw32-g++-win32 to provide /usr/bin/x86_64-w64-mingw32-g++ (x86_64-w64-mingw32-g++) in auto mode
Setting up python3 (3.5.3-1) ...
running python rtupdate hooks for python3.5...
running python post-rtupdate hooks for python3.5...
Setting up apparmor (2.11.0-3+deb9u2) ...
debconf: unable to initialize frontend: Dialog
debconf: (TERM is not set, so the dialog frontend is not usable.)
debconf: falling back to frontend: Readline
update-rc.d: warning: start and stop actions are no longer supported; falling back to defaults
diff: /var/lib/apparmor/profiles/.apparmor.md5sums: No such file or directory
Setting up libdevmapper1.02.1:s390x (2:1.02.137-2) ...
Setting up libdevmapper-event1.02.1:s390x (2:1.02.137-2) ...
Setting up dmsetup (2:1.02.137-2) ...
Setting up dh-python (2.20170125) ...
Setting up libdevmapper-dev:s390x (2:1.02.137-2) ...
Processing triggers for libc-bin (2.24-11+deb9u4) ...
Removing intermediate container 479d701c3459
 ---> e43bc37a4373
Step 89/112 : COPY --from=swagger /build/swagger* /usr/local/bin/
 ---> 9ae42285d6f9
Step 90/112 : COPY --from=frozen-images /build/ /docker-frozen-images
 ---> d56e1f7f72d7
Step 91/112 : COPY --from=gometalinter /build/ /usr/local/bin/
 ---> 547a411b4817
Step 92/112 : COPY --from=tomlv /build/ /usr/local/bin/
 ---> 333acbaeb26c
Step 93/112 : COPY --from=vndr /build/ /usr/local/bin/
 ---> a01971184b1f
Step 94/112 : COPY --from=tini /build/ /usr/local/bin/
 ---> 9d3555a13439
Step 95/112 : COPY --from=runc /build/ /usr/local/bin/
 ---> 76b80167c3c5
Step 96/112 : COPY --from=containerd /build/ /usr/local/bin/
 ---> 1988d7e54c9e
Step 97/112 : COPY --from=proxy /build/ /usr/local/bin/
 ---> df89734c45b1
Step 98/112 : COPY --from=dockercli /build/ /usr/local/cli
 ---> 2a9f62a02af2
Step 99/112 : COPY --from=registry /build/registry* /usr/local/bin/
 ---> d16bd26c72ed
Step 100/112 : COPY --from=criu /build/ /usr/local/
 ---> cd363733a1f4
Step 101/112 : COPY --from=docker-py /build/ /docker-py
 ---> 634f053c867a
Step 102/112 : RUN cd /docker-py 	&& pip install docker-pycreds==0.4.0 	&& pip install paramiko==2.4.2 	&& pip install yamllint==1.5.0 	&& pip install -r test-requirements.txt
 ---> Running in 5dabfe517db0
Collecting docker-pycreds==0.4.0
  Downloading https://files.pythonhosted.org/packages/f5/e8/f6bd1eee09314e7e6dee49cbe2c5e22314ccdb38db16c9fc72d2fa80d054/docker_pycreds-0.4.0-py2.py3-none-any.whl
Requirement already satisfied: six>=1.4.0 in /usr/lib/python2.7/dist-packages (from docker-pycreds==0.4.0)
Installing collected packages: docker-pycreds
Successfully installed docker-pycreds-0.4.0
Collecting paramiko==2.4.2
  Downloading https://files.pythonhosted.org/packages/cf/ae/94e70d49044ccc234bfdba20114fa947d7ba6eb68a2e452d89b920e62227/paramiko-2.4.2-py2.py3-none-any.whl (193kB)
Collecting cryptography>=1.5 (from paramiko==2.4.2)
  Downloading https://files.pythonhosted.org/packages/07/ca/bc827c5e55918ad223d59d299fff92f3563476c3b00d0a9157d9c0217449/cryptography-2.6.1.tar.gz (491kB)
Collecting pynacl>=1.0.1 (from paramiko==2.4.2)
  Downloading https://files.pythonhosted.org/packages/61/ab/2ac6dea8489fa713e2b4c6c5b549cc962dd4a842b5998d9e80cf8440b7cd/PyNaCl-1.3.0.tar.gz (3.4MB)
Collecting pyasn1>=0.1.7 (from paramiko==2.4.2)
  Downloading https://files.pythonhosted.org/packages/7b/7c/c9386b82a25115cccf1903441bba3cbadcfae7b678a20167347fa8ded34c/pyasn1-0.4.5-py2.py3-none-any.whl (73kB)
Collecting bcrypt>=3.1.3 (from paramiko==2.4.2)
  Downloading https://files.pythonhosted.org/packages/ce/3a/3d540b9f5ee8d92ce757eebacf167b9deedb8e30aedec69a2a072b2399bb/bcrypt-3.1.6.tar.gz (42kB)
Collecting asn1crypto>=0.21.0 (from cryptography>=1.5->paramiko==2.4.2)
  Downloading https://files.pythonhosted.org/packages/ea/cd/35485615f45f30a510576f1a56d1e0a7ad7bd8ab5ed7cdc600ef7cd06222/asn1crypto-0.24.0-py2.py3-none-any.whl (101kB)
Requirement already satisfied: cffi!=1.11.3,>=1.8 in /usr/lib/python2.7/dist-packages (from cryptography>=1.5->paramiko==2.4.2)
Requirement already satisfied: six>=1.4.1 in /usr/lib/python2.7/dist-packages (from cryptography>=1.5->paramiko==2.4.2)
Collecting enum34 (from cryptography>=1.5->paramiko==2.4.2)
  Downloading https://files.pythonhosted.org/packages/c5/db/e56e6b4bbac7c4a06de1c50de6fe1ef3810018ae11732a50f15f62c7d050/enum34-1.1.6-py2-none-any.whl
Collecting ipaddress (from cryptography>=1.5->paramiko==2.4.2)
  Downloading https://files.pythonhosted.org/packages/fc/d0/7fc3a811e011d4b388be48a0e381db8d990042df54aa4ef4599a31d39853/ipaddress-1.0.22-py2.py3-none-any.whl
Building wheels for collected packages: cryptography, pynacl, bcrypt
  Running setup.py bdist_wheel for cryptography: started
  Running setup.py bdist_wheel for cryptography: finished with status 'done'
  Stored in directory: /root/.cache/pip/wheels/43/61/c8/0a4464601ce180d26e0a8dfdfa88c824e419dcc65bd43bda6e
  Running setup.py bdist_wheel for pynacl: started
  Running setup.py bdist_wheel for pynacl: still running...
  Running setup.py bdist_wheel for pynacl: finished with status 'done'
  Stored in directory: /root/.cache/pip/wheels/c1/10/e7/66597ff71adf8cb7403527243c4b57c66a0d1dfdd8adf2eae4
  Running setup.py bdist_wheel for bcrypt: started
  Running setup.py bdist_wheel for bcrypt: finished with status 'done'
  Stored in directory: /root/.cache/pip/wheels/6c/f0/60/8a8ebee44d14d3d6696f1e78960500777cb5b579caf33c1fe3
Successfully built cryptography pynacl bcrypt
Installing collected packages: asn1crypto, enum34, ipaddress, cryptography, pynacl, pyasn1, bcrypt, paramiko
Successfully installed asn1crypto-0.24.0 bcrypt-3.1.6 cryptography-2.6.1 enum34-1.1.6 ipaddress-1.0.22 paramiko-2.4.2 pyasn1-0.4.5 pynacl-1.3.0
Collecting yamllint==1.5.0
  Downloading https://files.pythonhosted.org/packages/64/93/2a2e99b04f4a2f2adb26f4f543770310bf6303b3af492345c4a700d14f4e/yamllint-1.5.0-py2.py3-none-any.whl
Collecting pyyaml (from yamllint==1.5.0)
  Downloading https://files.pythonhosted.org/packages/9f/2c/9417b5c774792634834e730932745bc09a7d36754ca00acf1ccd1ac2594d/PyYAML-5.1.tar.gz (274kB)
Building wheels for collected packages: pyyaml
  Running setup.py bdist_wheel for pyyaml: started
  Running setup.py bdist_wheel for pyyaml: finished with status 'done'
  Stored in directory: /root/.cache/pip/wheels/ad/56/bc/1522f864feb2a358ea6f1a92b4798d69ac783a28e80567a18b
Successfully built pyyaml
Installing collected packages: pyyaml, yamllint
Successfully installed pyyaml-5.1 yamllint-1.5.0
[91mIgnoring flake8: markers 'python_version == "3.3"' don't match your environment
[0m[91mIgnoring pytest: markers 'python_version == "3.3"' don't match your environment
[0m[91mIgnoring pytest-cov: markers 'python_version == "3.3"' don't match your environment
[0mCollecting coverage==4.5.2 (from -r test-requirements.txt (line 1))
  Downloading https://files.pythonhosted.org/packages/fb/af/ce7b0fe063ee0142786ee53ad6197979491ce0785567b6d8be751d2069e8/coverage-4.5.2.tar.gz (384kB)
Collecting flake8==3.6.0 (from -r test-requirements.txt (line 2))
  Downloading https://files.pythonhosted.org/packages/34/a6/49e2849a0e5464e1b5d621f63bc8453066f0f367bb3b744a33fca0bc1ddd/flake8-3.6.0-py2.py3-none-any.whl (68kB)
Collecting mock==1.0.1 (from -r test-requirements.txt (line 4))
  Downloading https://files.pythonhosted.org/packages/a2/52/7edcd94f0afb721a2d559a5b9aae8af4f8f2c79bc63fdbe8a8a6c9b23bbe/mock-1.0.1.tar.gz (818kB)
Collecting pytest==4.1.0 (from -r test-requirements.txt (line 6))
  Downloading https://files.pythonhosted.org/packages/95/6a/4122affe57eb3857874ef959a73f362e51b23812b96c92e073b16e1effd0/pytest-4.1.0-py2.py3-none-any.whl (215kB)
Collecting pytest-cov==2.6.1 (from -r test-requirements.txt (line 7))
  Downloading https://files.pythonhosted.org/packages/7d/b5/92f32674ab954f80499ac73347bfeb815545ea295439c12b0ef3ac8f0975/pytest_cov-2.6.1-py2.py3-none-any.whl
Collecting pytest-timeout==1.3.3 (from -r test-requirements.txt (line 9))
  Downloading https://files.pythonhosted.org/packages/58/92/f60ea2e27074d6f97c8aaf21e34d1f838eb623e4b8070680846c65318a10/pytest_timeout-1.3.3-py2.py3-none-any.whl
Collecting configparser; python_version < "3.2" (from flake8==3.6.0->-r test-requirements.txt (line 2))
  Downloading https://files.pythonhosted.org/packages/ba/05/6c96328e92e625fc31445d24d75a2c92ef9ba34fc5b037fe69693c362a0d/configparser-3.7.4-py2.py3-none-any.whl
Requirement already satisfied: setuptools>=30 in /usr/lib/python2.7/dist-packages (from flake8==3.6.0->-r test-requirements.txt (line 2))
Requirement already satisfied: enum34; python_version < "3.4" in /usr/local/lib/python2.7/dist-packages (from flake8==3.6.0->-r test-requirements.txt (line 2))
Collecting mccabe<0.7.0,>=0.6.0 (from flake8==3.6.0->-r test-requirements.txt (line 2))
  Downloading https://files.pythonhosted.org/packages/87/89/479dc97e18549e21354893e4ee4ef36db1d237534982482c3681ee6e7b57/mccabe-0.6.1-py2.py3-none-any.whl
Collecting pycodestyle<2.5.0,>=2.4.0 (from flake8==3.6.0->-r test-requirements.txt (line 2))
  Downloading https://files.pythonhosted.org/packages/e5/c6/ce130213489969aa58610042dff1d908c25c731c9575af6935c2dfad03aa/pycodestyle-2.4.0-py2.py3-none-any.whl (62kB)
Collecting pyflakes<2.1.0,>=2.0.0 (from flake8==3.6.0->-r test-requirements.txt (line 2))
  Downloading https://files.pythonhosted.org/packages/44/98/af7a72c9a543b1487d92813c648cb9b9adfbc96faef5455d60f4439aa99b/pyflakes-2.0.0-py2.py3-none-any.whl (53kB)
Collecting py>=1.5.0 (from pytest==4.1.0->-r test-requirements.txt (line 6))
  Downloading https://files.pythonhosted.org/packages/76/bc/394ad449851729244a97857ee14d7cba61ddb268dce3db538ba2f2ba1f0f/py-1.8.0-py2.py3-none-any.whl (83kB)
Requirement already satisfied: six>=1.10.0 in /usr/lib/python2.7/dist-packages (from pytest==4.1.0->-r test-requirements.txt (line 6))
Collecting pluggy>=0.7 (from pytest==4.1.0->-r test-requirements.txt (line 6))
  Downloading https://files.pythonhosted.org/packages/06/ee/de89e0582276e3551df3110088bf20844de2b0e7df2748406876cc78e021/pluggy-0.12.0-py2.py3-none-any.whl
Collecting pathlib2>=2.2.0; python_version < "3.6" (from pytest==4.1.0->-r test-requirements.txt (line 6))
  Downloading https://files.pythonhosted.org/packages/2a/46/c696dcf1c7aad917b39b875acdc5451975e3a9b4890dca8329983201c97a/pathlib2-2.3.3-py2.py3-none-any.whl
Requirement already satisfied: funcsigs; python_version < "3.0" in /usr/lib/python2.7/dist-packages (from pytest==4.1.0->-r test-requirements.txt (line 6))
Collecting atomicwrites>=1.0 (from pytest==4.1.0->-r test-requirements.txt (line 6))
  Downloading https://files.pythonhosted.org/packages/52/90/6155aa926f43f2b2a22b01be7241be3bfd1ceaf7d0b3267213e8127d41f4/atomicwrites-1.3.0-py2.py3-none-any.whl
Collecting more-itertools>=4.0.0 (from pytest==4.1.0->-r test-requirements.txt (line 6))
  Downloading https://files.pythonhosted.org/packages/2f/9d/dcfe59e213093695f108508af1214cf9cd95cc5489e46877ec5cb56369e5/more_itertools-5.0.0-py2-none-any.whl (52kB)
Collecting attrs>=17.4.0 (from pytest==4.1.0->-r test-requirements.txt (line 6))
  Downloading https://files.pythonhosted.org/packages/23/96/d828354fa2dbdf216eaa7b7de0db692f12c234f7ef888cc14980ef40d1d2/attrs-19.1.0-py2.py3-none-any.whl
Collecting importlib-metadata>=0.12 (from pluggy>=0.7->pytest==4.1.0->-r test-requirements.txt (line 6))
  Downloading https://files.pythonhosted.org/packages/7f/72/5e13a37e989bdb54ac3f52808e122cbd9b878ac980f932dc237ff64f8a00/importlib_metadata-0.17-py2.py3-none-any.whl
Collecting scandir; python_version < "3.5" (from pathlib2>=2.2.0; python_version < "3.6"->pytest==4.1.0->-r test-requirements.txt (line 6))
  Downloading https://files.pythonhosted.org/packages/df/f5/9c052db7bd54d0cbf1bc0bb6554362bba1012d03e5888950a4f5c5dadc4e/scandir-1.10.0.tar.gz
Collecting zipp>=0.5 (from importlib-metadata>=0.12->pluggy>=0.7->pytest==4.1.0->-r test-requirements.txt (line 6))
  Downloading https://files.pythonhosted.org/packages/a0/0f/9bf71d438d2e9d5fd0e4569ea4d1a2b6f5a524c234c6d221b494298bb4d1/zipp-0.5.1-py2.py3-none-any.whl
Collecting contextlib2; python_version < "3" (from importlib-metadata>=0.12->pluggy>=0.7->pytest==4.1.0->-r test-requirements.txt (line 6))
  Downloading https://files.pythonhosted.org/packages/a2/71/8273a7eeed0aff6a854237ab5453bc9aa67deb49df4832801c21f0ff3782/contextlib2-0.5.5-py2.py3-none-any.whl
Building wheels for collected packages: coverage, mock, scandir
  Running setup.py bdist_wheel for coverage: started
  Running setup.py bdist_wheel for coverage: finished with status 'done'
  Stored in directory: /root/.cache/pip/wheels/df/22/59/f868f589c4010f2463a3eb49d55344e5ae7d8c3921cdadea86
  Running setup.py bdist_wheel for mock: started
  Running setup.py bdist_wheel for mock: finished with status 'done'
  Stored in directory: /root/.cache/pip/wheels/7e/72/92/744b532c779242b57aab4bcba80c312b30c069bbd60025e7e6
  Running setup.py bdist_wheel for scandir: started
  Running setup.py bdist_wheel for scandir: finished with status 'done'
  Stored in directory: /root/.cache/pip/wheels/91/95/75/19c98a91239878abbc7c59970abd3b4e0438a7dd5b61778335
Successfully built coverage mock scandir
Installing collected packages: coverage, configparser, mccabe, pycodestyle, pyflakes, flake8, mock, py, zipp, contextlib2, scandir, pathlib2, importlib-metadata, pluggy, atomicwrites, more-itertools, attrs, pytest, pytest-cov, pytest-timeout
  Found existing installation: mock 2.0.0
    Not uninstalling mock at /usr/lib/python2.7/dist-packages, outside environment /usr
Successfully installed atomicwrites-1.3.0 attrs-19.1.0 configparser-3.7.4 contextlib2-0.5.5 coverage-4.5.2 flake8-3.6.0 importlib-metadata-0.17 mccabe-0.6.1 mock-1.0.1 more-itertools-5.0.0 pathlib2-2.3.3 pluggy-0.12.0 py-1.8.0 pycodestyle-2.4.0 pyflakes-2.0.0 pytest-4.1.0 pytest-cov-2.6.1 pytest-timeout-1.3.3 scandir-1.10.0 zipp-0.5.1
Removing intermediate container 5dabfe517db0
 ---> 17b88b705e10
Step 103/112 : COPY --from=rootlesskit /build/ /usr/local/bin/
 ---> 86cb53c4ea52
Step 104/112 : COPY --from=djs55/vpnkit@sha256:e508a17cfacc8fd39261d5b4e397df2b953690da577e2c987a47630cd0c42f8e /vpnkit /usr/local/bin/vpnkit.x86_64
sha256:e508a17cfacc8fd39261d5b4e397df2b953690da577e2c987a47630cd0c42f8e: Pulling from djs55/vpnkit
bad55c542dc9: Pulling fs layer
bad55c542dc9: Download complete
bad55c542dc9: Pull complete
Digest: sha256:e508a17cfacc8fd39261d5b4e397df2b953690da577e2c987a47630cd0c42f8e
Status: Downloaded newer image for djs55/vpnkit@sha256:e508a17cfacc8fd39261d5b4e397df2b953690da577e2c987a47630cd0c42f8e
 ---> 6fd3ea808ae4
Step 105/112 : ENV PATH=/usr/local/cli:$PATH
 ---> Running in bc0208830543
Removing intermediate container bc0208830543
 ---> 0b296ec103bb
Step 106/112 : ENV DOCKER_BUILDTAGS apparmor seccomp selinux
 ---> Running in 4b39e9ab3b46
Removing intermediate container 4b39e9ab3b46
 ---> bae6d86d343a
Step 107/112 : ENV GOMETALINTER_OPTS="--deadline=2m"
 ---> Running in ab112d2e4d98
Removing intermediate container ab112d2e4d98
 ---> 99e5627d04a9
Step 108/112 : WORKDIR /go/src/github.com/docker/docker
 ---> Running in ba2b239c0684
Removing intermediate container ba2b239c0684
 ---> 7319f9dc7860
Step 109/112 : VOLUME /var/lib/docker
 ---> Running in df57622755be
Removing intermediate container df57622755be
 ---> f6491f2aee49
Step 110/112 : ENTRYPOINT ["hack/dind"]
 ---> Running in e03a60b90a1a
Removing intermediate container e03a60b90a1a
 ---> f24849da9696
Step 111/112 : FROM dev AS final
 ---> f24849da9696
Step 112/112 : COPY . /go/src/github.com/docker/docker
 ---> e7354438b571
Successfully built e7354438b571
Successfully tagged docker-s390x:2d377c6
?   	github.com/docker/docker/api	[no test files]
ok  	github.com/docker/docker/api/server	0.004s	coverage: 7.9% of statements
?   	github.com/docker/docker/api/server/backend/build	[no test files]
ok  	github.com/docker/docker/api/server/httputils	0.004s	coverage: 14.7% of statements
ok  	github.com/docker/docker/api/server/middleware	0.004s	coverage: 43.4% of statements
?   	github.com/docker/docker/api/server/router	[no test files]
?   	github.com/docker/docker/api/server/router/build	[no test files]
?   	github.com/docker/docker/api/server/router/checkpoint	[no test files]
?   	github.com/docker/docker/api/server/router/container	[no test files]
?   	github.com/docker/docker/api/server/router/debug	[no test files]
?   	github.com/docker/docker/api/server/router/distribution	[no test files]
?   	github.com/docker/docker/api/server/router/grpc	[no test files]
?   	github.com/docker/docker/api/server/router/image	[no test files]
?   	github.com/docker/docker/api/server/router/network	[no test files]
?   	github.com/docker/docker/api/server/router/plugin	[no test files]
?   	github.com/docker/docker/api/server/router/session	[no test files]
ok  	github.com/docker/docker/api/server/router/swarm	0.003s	coverage: 3.1% of statements
?   	github.com/docker/docker/api/server/router/system	[no test files]
?   	github.com/docker/docker/api/server/router/volume	[no test files]
?   	github.com/docker/docker/api/types	[no test files]
?   	github.com/docker/docker/api/types/backend	[no test files]
?   	github.com/docker/docker/api/types/blkiodev	[no test files]
?   	github.com/docker/docker/api/types/container	[no test files]
?   	github.com/docker/docker/api/types/events	[no test files]
ok  	github.com/docker/docker/api/types/filters	0.004s	coverage: 95.2% of statements
?   	github.com/docker/docker/api/types/image	[no test files]
?   	github.com/docker/docker/api/types/mount	[no test files]
?   	github.com/docker/docker/api/types/network	[no test files]
?   	github.com/docker/docker/api/types/plugins/logdriver	[no test files]
?   	github.com/docker/docker/api/types/registry	[no test files]
ok  	github.com/docker/docker/api/types/strslice	0.002s	coverage: 90.0% of statements
?   	github.com/docker/docker/api/types/swarm	[no test files]
?   	github.com/docker/docker/api/types/swarm/runtime	[no test files]
ok  	github.com/docker/docker/api/types/time	0.002s	coverage: 100.0% of statements
ok  	github.com/docker/docker/api/types/versions	0.002s	coverage: 75.0% of statements
?   	github.com/docker/docker/api/types/versions/v1p19	[no test files]
?   	github.com/docker/docker/api/types/versions/v1p20	[no test files]
?   	github.com/docker/docker/api/types/volume	[no test files]
?   	github.com/docker/docker/builder	[no test files]
?   	github.com/docker/docker/builder/builder-next	[no test files]
?   	github.com/docker/docker/builder/builder-next/adapters/containerimage	[no test files]
?   	github.com/docker/docker/builder/builder-next/adapters/localinlinecache	[no test files]
?   	github.com/docker/docker/builder/builder-next/adapters/snapshot	[no test files]
?   	github.com/docker/docker/builder/builder-next/exporter	[no test files]
?   	github.com/docker/docker/builder/builder-next/imagerefchecker	[no test files]
?   	github.com/docker/docker/builder/builder-next/worker	[no test files]
ok  	github.com/docker/docker/builder/dockerfile	0.801s	coverage: 45.1% of statements
ok  	github.com/docker/docker/builder/dockerignore	0.002s	coverage: 96.8% of statements
ok  	github.com/docker/docker/builder/fscache	0.111s	coverage: 69.2% of statements
ok  	github.com/docker/docker/builder/remotecontext	0.274s	coverage: 13.6% of statements
ok  	github.com/docker/docker/builder/remotecontext/git	0.589s	coverage: 85.1% of statements
?   	github.com/docker/docker/cli	[no test files]
?   	github.com/docker/docker/cli/config	[no test files]
ok  	github.com/docker/docker/cli/debug	0.002s	coverage: 100.0% of statements
ok  	github.com/docker/docker/client	0.130s	coverage: 75.8% of statements
ok  	github.com/docker/docker/cmd/dockerd	0.038s	coverage: 29.0% of statements
ok  	github.com/docker/docker/cmd/dockerd/hack	0.002s	coverage: 72.9% of statements
ok  	github.com/docker/docker/container	0.113s	coverage: 35.3% of statements
?   	github.com/docker/docker/container/stream	[no test files]
?   	github.com/docker/docker/contrib/apparmor	[no test files]
?   	github.com/docker/docker/contrib/docker-device-tool	[no test files]
?   	github.com/docker/docker/contrib/httpserver	[no test files]
ok  	github.com/docker/docker/daemon	12.179s	coverage: 17.4% of statements
ok  	github.com/docker/docker/daemon/cluster	0.029s	coverage: 0.5% of statements
ok  	github.com/docker/docker/daemon/cluster/controllers/plugin	0.009s	coverage: 65.3% of statements
ok  	github.com/docker/docker/daemon/cluster/convert	0.009s	coverage: 35.8% of statements
?   	github.com/docker/docker/daemon/cluster/executor	[no test files]
ok  	github.com/docker/docker/daemon/cluster/executor/container	3.434s	coverage: 13.7% of statements
?   	github.com/docker/docker/daemon/cluster/provider	[no test files]
ok  	github.com/docker/docker/daemon/config	0.034s	coverage: 84.2% of statements
ok  	github.com/docker/docker/daemon/discovery	0.005s	coverage: 30.4% of statements
ok  	github.com/docker/docker/daemon/events	0.060s	coverage: 50.0% of statements
?   	github.com/docker/docker/daemon/events/testutils	[no test files]
?   	github.com/docker/docker/daemon/exec	[no test files]
ok  	github.com/docker/docker/daemon/graphdriver	0.005s	coverage: 2.2% of statements
ok  	github.com/docker/docker/daemon/graphdriver/aufs	9.494s	coverage: 72.0% of statements
ok  	github.com/docker/docker/daemon/graphdriver/btrfs	0.005s	coverage: 2.9% of statements
ok  	github.com/docker/docker/daemon/graphdriver/copy	0.262s	coverage: 57.0% of statements
ok  	github.com/docker/docker/daemon/graphdriver/devmapper	4.377s	coverage: 46.1% of statements
?   	github.com/docker/docker/daemon/graphdriver/graphtest	[no test files]
ok  	github.com/docker/docker/daemon/graphdriver/overlay	1.751s	coverage: 50.8% of statements
ok  	github.com/docker/docker/daemon/graphdriver/overlay2	4.898s	coverage: 56.8% of statements
?   	github.com/docker/docker/daemon/graphdriver/overlayutils	[no test files]
ok  	github.com/docker/docker/daemon/graphdriver/quota	0.535s	coverage: 75.2% of statements
?   	github.com/docker/docker/daemon/graphdriver/register	[no test files]
ok  	github.com/docker/docker/daemon/graphdriver/vfs	0.007s	coverage: 58.0% of statements
ok  	github.com/docker/docker/daemon/graphdriver/zfs	0.005s	coverage: 3.0% of statements
ok  	github.com/docker/docker/daemon/images	0.012s	coverage: 4.9% of statements
?   	github.com/docker/docker/daemon/initlayer	[no test files]
ok  	github.com/docker/docker/daemon/links	0.003s	coverage: 93.0% of statements
?   	github.com/docker/docker/daemon/listeners	[no test files]
ok  	github.com/docker/docker/daemon/logger	0.216s	coverage: 42.7% of statements
ok  	github.com/docker/docker/daemon/logger/awslogs	0.077s	coverage: 78.2% of statements
?   	github.com/docker/docker/daemon/logger/fluentd	[no test files]
?   	github.com/docker/docker/daemon/logger/gcplogs	[no test files]
ok  	github.com/docker/docker/daemon/logger/gelf	0.005s	coverage: 68.2% of statements
ok  	github.com/docker/docker/daemon/logger/journald	0.004s	coverage: 26.2% of statements
ok  	github.com/docker/docker/daemon/logger/jsonfilelog	0.006s	coverage: 62.1% of statements
ok  	github.com/docker/docker/daemon/logger/jsonfilelog/jsonlog	0.010s	coverage: 88.3% of statements
ok  	github.com/docker/docker/daemon/logger/local	0.011s	coverage: 74.7% of statements
?   	github.com/docker/docker/daemon/logger/logentries	[no test files]
ok  	github.com/docker/docker/daemon/logger/loggerutils	0.007s	coverage: 18.6% of statements
ok  	github.com/docker/docker/daemon/logger/splunk	1.609s	coverage: 84.5% of statements
ok  	github.com/docker/docker/daemon/logger/syslog	0.005s	coverage: 47.8% of statements
ok  	github.com/docker/docker/daemon/logger/templates	0.003s	coverage: 8.3% of statements
?   	github.com/docker/docker/daemon/names	[no test files]
ok  	github.com/docker/docker/daemon/network	0.004s	coverage: 63.8% of statements
?   	github.com/docker/docker/daemon/stats	[no test files]
ok  	github.com/docker/docker/distribution	0.269s	coverage: 17.0% of statements
ok  	github.com/docker/docker/distribution/metadata	0.026s	coverage: 48.2% of statements
?   	github.com/docker/docker/distribution/utils	[no test files]
ok  	github.com/docker/docker/distribution/xfer	1.431s	coverage: 83.4% of statements
?   	github.com/docker/docker/dockerversion	[no test files]
ok  	github.com/docker/docker/errdefs	0.004s	coverage: 51.6% of statements
ok  	github.com/docker/docker/image	0.017s	coverage: 86.4% of statements
ok  	github.com/docker/docker/image/cache	0.007s	coverage: 19.2% of statements
?   	github.com/docker/docker/image/tarexport	[no test files]
ok  	github.com/docker/docker/image/v1	0.007s	coverage: 25.0% of statements
ok  	github.com/docker/docker/internal/procfs	0.003s	coverage: 78.4% of statements
?   	github.com/docker/docker/internal/test	[no test files]
?   	github.com/docker/docker/internal/test/daemon	[no test files]
?   	github.com/docker/docker/internal/test/environment	[no test files]
?   	github.com/docker/docker/internal/test/fakecontext	[no test files]
?   	github.com/docker/docker/internal/test/fakegit	[no test files]
?   	github.com/docker/docker/internal/test/fakestorage	[no test files]
?   	github.com/docker/docker/internal/test/fixtures/load	[no test files]
?   	github.com/docker/docker/internal/test/fixtures/plugin	[no test files]
?   	github.com/docker/docker/internal/test/fixtures/plugin/basic	[no test files]
?   	github.com/docker/docker/internal/test/registry	[no test files]
?   	github.com/docker/docker/internal/test/request	[no test files]
ok  	github.com/docker/docker/internal/testutil	0.003s	coverage: 62.5% of statements
ok  	github.com/docker/docker/layer	7.219s	coverage: 72.1% of statements
?   	github.com/docker/docker/libcontainerd	[no test files]
ok  	github.com/docker/docker/libcontainerd/queue	0.023s	coverage: 100.0% of statements
?   	github.com/docker/docker/libcontainerd/remote	[no test files]
?   	github.com/docker/docker/libcontainerd/supervisor	[no test files]
?   	github.com/docker/docker/libcontainerd/types	[no test files]
?   	github.com/docker/docker/oci	[no test files]
?   	github.com/docker/docker/oci/caps	[no test files]
ok  	github.com/docker/docker/opts	0.022s	coverage: 67.3% of statements
ok  	github.com/docker/docker/pkg/aaparser	0.002s	coverage: 50.0% of statements
ok  	github.com/docker/docker/pkg/archive	0.522s	coverage: 77.2% of statements
ok  	github.com/docker/docker/pkg/authorization	1.359s	coverage: 66.7% of statements
ok  	github.com/docker/docker/pkg/broadcaster	0.002s	coverage: 100.0% of statements
ok  	github.com/docker/docker/pkg/capabilities	0.002s	coverage: 87.5% of statements
ok  	github.com/docker/docker/pkg/chrootarchive	3.302s	coverage: 29.8% of statements
?   	github.com/docker/docker/pkg/containerfs	[no test files]
?   	github.com/docker/docker/pkg/devicemapper	[no test files]
ok  	github.com/docker/docker/pkg/directory	0.003s	coverage: 80.0% of statements
ok  	github.com/docker/docker/pkg/discovery	0.003s	coverage: 58.3% of statements
ok  	github.com/docker/docker/pkg/discovery/file	0.003s	coverage: 92.9% of statements
ok  	github.com/docker/docker/pkg/discovery/kv	3.094s	coverage: 84.1% of statements
ok  	github.com/docker/docker/pkg/discovery/memory	0.003s	coverage: 92.3% of statements
ok  	github.com/docker/docker/pkg/discovery/nodes	0.003s	coverage: 93.8% of statements
ok  	github.com/docker/docker/pkg/dmesg	0.004s	coverage: 83.3% of statements
ok  	github.com/docker/docker/pkg/filenotify	0.603s	coverage: 66.3% of statements
ok  	github.com/docker/docker/pkg/fileutils	0.006s	coverage: 89.5% of statements
ok  	github.com/docker/docker/pkg/fsutils	0.348s	coverage: 85.1% of statements
ok  	github.com/docker/docker/pkg/homedir	0.003s	coverage: 10.2% of statements
ok  	github.com/docker/docker/pkg/idtools	0.363s	coverage: 70.2% of statements
ok  	github.com/docker/docker/pkg/ioutils	0.373s	coverage: 69.1% of statements
ok  	github.com/docker/docker/pkg/jsonmessage	0.003s	coverage: 91.7% of statements
ok  	github.com/docker/docker/pkg/locker	0.009s	coverage: 88.9% of statements
ok  	github.com/docker/docker/pkg/longpath	0.002s	coverage: 100.0% of statements
?   	github.com/docker/docker/pkg/loopback	[no test files]
ok  	github.com/docker/docker/pkg/mount	0.973s	coverage: 69.6% of statements
ok  	github.com/docker/docker/pkg/namesgenerator	0.002s	coverage: 85.7% of statements
?   	github.com/docker/docker/pkg/namesgenerator/cmd/names-generator	[no test files]
ok  	github.com/docker/docker/pkg/parsers	0.002s	coverage: 97.0% of statements
ok  	github.com/docker/docker/pkg/parsers/kernel	0.002s	coverage: 60.0% of statements
ok  	github.com/docker/docker/pkg/parsers/operatingsystem	0.002s	coverage: 90.0% of statements
ok  	github.com/docker/docker/pkg/pidfile	0.003s	coverage: 82.4% of statements
?   	github.com/docker/docker/pkg/platform	[no test files]
?   	github.com/docker/docker/pkg/plugingetter	[no test files]
ok  	github.com/docker/docker/pkg/plugins	33.619s	coverage: 76.8% of statements
ok  	github.com/docker/docker/pkg/plugins/pluginrpc-gen	0.010s	coverage: 56.8% of statements
?   	github.com/docker/docker/pkg/plugins/pluginrpc-gen/fixtures	[no test files]
?   	github.com/docker/docker/pkg/plugins/pluginrpc-gen/fixtures/otherfixture	[no test files]
ok  	github.com/docker/docker/pkg/plugins/transport	0.003s	coverage: 85.7% of statements
ok  	github.com/docker/docker/pkg/pools	0.003s	coverage: 87.9% of statements
ok  	github.com/docker/docker/pkg/progress	0.002s	coverage: 75.9% of statements
ok  	github.com/docker/docker/pkg/pubsub	1.046s	coverage: 72.7% of statements
ok  	github.com/docker/docker/pkg/reexec	0.006s	coverage: 82.4% of statements
ok  	github.com/docker/docker/pkg/signal	2.820s	coverage: 61.0% of statements
?   	github.com/docker/docker/pkg/signal/testfiles	[no test files]
ok  	github.com/docker/docker/pkg/stdcopy	0.004s	coverage: 100.0% of statements
ok  	github.com/docker/docker/pkg/streamformatter	0.003s	coverage: 66.2% of statements
ok  	github.com/docker/docker/pkg/stringid	0.003s	coverage: 76.0% of statements
ok  	github.com/docker/docker/pkg/symlink	0.006s	coverage: 87.7% of statements
ok  	github.com/docker/docker/pkg/sysinfo	0.006s	coverage: 81.8% of statements
ok  	github.com/docker/docker/pkg/system	0.029s	coverage: 35.8% of statements
ok  	github.com/docker/docker/pkg/tailfile	0.019s	coverage: 88.6% of statements
ok  	github.com/docker/docker/pkg/tarsum	0.037s	coverage: 89.3% of statements
ok  	github.com/docker/docker/pkg/term	0.004s	coverage: 84.8% of statements
ok  	github.com/docker/docker/pkg/term/windows	0.002s	coverage: 0.0% of statements [no tests to run]
ok  	github.com/docker/docker/pkg/truncindex	0.103s	coverage: 91.5% of statements
ok  	github.com/docker/docker/pkg/urlutil	0.002s	coverage: 100.0% of statements
ok  	github.com/docker/docker/pkg/useragent	0.002s	coverage: 88.9% of statements
ok  	github.com/docker/docker/plugin	0.566s	coverage: 27.3% of statements
?   	github.com/docker/docker/plugin/executor/containerd	[no test files]
ok  	github.com/docker/docker/plugin/v2	0.004s	coverage: 14.5% of statements
?   	github.com/docker/docker/profiles/apparmor	[no test files]
ok  	github.com/docker/docker/profiles/seccomp	0.005s	coverage: 76.5% of statements
ok  	github.com/docker/docker/reference	0.008s	coverage: 84.4% of statements
ok  	github.com/docker/docker/registry	0.140s	coverage: 56.9% of statements
ok  	github.com/docker/docker/registry/resumable	0.016s	coverage: 100.0% of statements
ok  	github.com/docker/docker/restartmanager	0.003s	coverage: 49.0% of statements
?   	github.com/docker/docker/rootless	[no test files]
?   	github.com/docker/docker/rootless/specconv	[no test files]
ok  	github.com/docker/docker/runconfig	0.010s	coverage: 68.2% of statements
?   	github.com/docker/docker/runconfig/opts	[no test files]
?   	github.com/docker/docker/volume	[no test files]
ok  	github.com/docker/docker/volume/drivers	0.005s	coverage: 36.1% of statements
ok  	github.com/docker/docker/volume/local	0.040s	coverage: 73.0% of statements
ok  	github.com/docker/docker/volume/mounts	0.022s	coverage: 67.0% of statements
ok  	github.com/docker/docker/volume/service	0.011s	coverage: 73.0% of statements
?   	github.com/docker/docker/volume/service/opts	[no test files]
?   	github.com/docker/docker/volume/testutils	[no test files]

Removing bundles/

---> Making bundle: dynbinary (in bundles/dynbinary)
Building: bundles/dynbinary-daemon/dockerd-dev
GOOS="" GOARCH="" GOARM=""
Created binary: bundles/dynbinary-daemon/dockerd-dev

---> Making bundle: test-integration (in bundles/test-integration)
Building test suite binary ./integration-cli/test.main
Building test suite binary ./integration/config/test.main
Building test suite binary ./integration/secret/test.main
Building test suite binary ./integration/session/test.main
Building test suite binary ./integration/plugin/test.main
Building test suite binary ./integration/plugin/logging/test.main
Building test suite binary ./integration/plugin/logging/cmd/test.main
Building test suite binary ./integration/plugin/logging/cmd/dummy/test.main
Building test suite binary ./integration/plugin/logging/cmd/close_on_start/test.main
Building test suite binary ./integration/plugin/authz/test.main
Building test suite binary ./integration/plugin/graphdriver/test.main
Building test suite binary ./integration/plugin/common/test.main
Building test suite binary ./integration/plugin/volumes/test.main
Building test suite binary ./integration/plugin/volumes/cmd/test.main
Building test suite binary ./integration/plugin/volumes/cmd/dummy/test.main
Building test suite binary ./integration/container/test.main
Building test suite binary ./integration/system/test.main
Building test suite binary ./integration/volume/test.main
Building test suite binary ./integration/build/test.main
Building test suite binary ./integration/network/test.main
Building test suite binary ./integration/network/ipvlan/test.main
Building test suite binary ./integration/network/macvlan/test.main
Building test suite binary ./integration/service/test.main
Building test suite binary ./integration/image/test.main
---> Making bundle: .integration-daemon-start (in bundles/test-integration)
Using test binary docker
/etc/init.d/apparmor: 130: /etc/init.d/apparmor: systemd-detect-virt: not found
Starting AppArmor profiles:Warning from stdin (line 1): /sbin/apparmor_parser: cannot use or update cache, disable, or force-complain via stdin
Warning failed to create cache: (null)
.
INFO: Waiting for daemon to start...
Starting dockerd
.
---> Making bundle: .integration-daemon-setup (in bundles/test-integration)
---> Making bundle: .ensure-emptyfs (in bundles/test-integration)
Error: No such image: emptyfs
Running integration-test (iteration 1)
Running /go/src/github.com/docker/docker/integration/config
Loaded image: buildpack-deps:jessie
Loaded image: busybox:latest
Loaded image: busybox:glibc
Loaded image: debian:jessie
Loaded image: hello-world:latest
INFO: Testing against a local daemon
=== RUN   TestConfigList
--- PASS: TestConfigList (3.04s)
    config_test.go:27: Creating a new daemon
    daemon.go:317: [deebaea188a0a] waiting for daemon to start
    daemon.go:335: [deebaea188a0a] daemon started
    daemon.go:445: [deebaea188a0a] Stopping daemon
    daemon.go:284: [deebaea188a0a] exiting daemon
    daemon.go:432: [deebaea188a0a] Daemon stopped
=== RUN   TestConfigsCreateAndDelete
--- PASS: TestConfigsCreateAndDelete (2.96s)
    config_test.go:109: Creating a new daemon
    daemon.go:317: [de23daa1dd764] waiting for daemon to start
    daemon.go:335: [de23daa1dd764] daemon started
    daemon.go:445: [de23daa1dd764] Stopping daemon
    daemon.go:284: [de23daa1dd764] exiting daemon
    daemon.go:432: [de23daa1dd764] Daemon stopped
=== RUN   TestConfigsUpdate
--- PASS: TestConfigsUpdate (2.51s)
    config_test.go:137: Creating a new daemon
    daemon.go:317: [dd459c1a68ea4] waiting for daemon to start
    daemon.go:335: [dd459c1a68ea4] daemon started
    daemon.go:445: [dd459c1a68ea4] Stopping daemon
    daemon.go:284: [dd459c1a68ea4] exiting daemon
    daemon.go:432: [dd459c1a68ea4] Daemon stopped
=== RUN   TestTemplatedConfig
--- PASS: TestTemplatedConfig (3.65s)
    config_test.go:189: Creating a new daemon
    daemon.go:317: [d91d627d3f5ad] waiting for daemon to start
    daemon.go:335: [d91d627d3f5ad] daemon started
    daemon.go:445: [d91d627d3f5ad] Stopping daemon
    daemon.go:284: [d91d627d3f5ad] exiting daemon
    daemon.go:432: [d91d627d3f5ad] Daemon stopped
=== RUN   TestConfigInspect
--- PASS: TestConfigInspect (2.95s)
    config_test.go:323: Creating a new daemon
    daemon.go:317: [d46af36b81b77] waiting for daemon to start
    daemon.go:335: [d46af36b81b77] daemon started
    daemon.go:445: [d46af36b81b77] Stopping daemon
    daemon.go:284: [d46af36b81b77] exiting daemon
    daemon.go:432: [d46af36b81b77] Daemon stopped
=== RUN   TestConfigCreateWithLabels
--- PASS: TestConfigCreateWithLabels (2.55s)
    config_test.go:347: Creating a new daemon
    daemon.go:317: [dfe7ee905b3ff] waiting for daemon to start
    daemon.go:335: [dfe7ee905b3ff] daemon started
    daemon.go:445: [dfe7ee905b3ff] Stopping daemon
    daemon.go:284: [dfe7ee905b3ff] exiting daemon
    daemon.go:432: [dfe7ee905b3ff] Daemon stopped
=== RUN   TestConfigCreateResolve
--- PASS: TestConfigCreateResolve (2.61s)
    config_test.go:374: Creating a new daemon
    daemon.go:317: [dfe445e546084] waiting for daemon to start
    daemon.go:335: [dfe445e546084] daemon started
    daemon.go:445: [dfe445e546084] Stopping daemon
    daemon.go:284: [dfe445e546084] exiting daemon
    daemon.go:432: [dfe445e546084] Daemon stopped
PASS
Running /go/src/github.com/docker/docker/integration/secret
INFO: Testing against a local daemon
=== RUN   TestSecretInspect
--- PASS: TestSecretInspect (3.05s)
    secret_test.go:25: Creating a new daemon
    daemon.go:317: [d3445c2ce8926] waiting for daemon to start
    daemon.go:335: [d3445c2ce8926] daemon started
    daemon.go:445: [d3445c2ce8926] Stopping daemon
    daemon.go:284: [d3445c2ce8926] exiting daemon
    daemon.go:432: [d3445c2ce8926] Daemon stopped
=== RUN   TestSecretList
--- PASS: TestSecretList (2.89s)
    secret_test.go:48: Creating a new daemon
    daemon.go:317: [d845f691cf053] waiting for daemon to start
    daemon.go:335: [d845f691cf053] daemon started
    daemon.go:445: [d845f691cf053] Stopping daemon
    daemon.go:284: [d845f691cf053] exiting daemon
    daemon.go:432: [d845f691cf053] Daemon stopped
=== RUN   TestSecretsCreateAndDelete
--- PASS: TestSecretsCreateAndDelete (2.95s)
    secret_test.go:125: Creating a new daemon
    daemon.go:317: [d36d1fc7bb7ea] waiting for daemon to start
    daemon.go:335: [d36d1fc7bb7ea] daemon started
    daemon.go:445: [d36d1fc7bb7ea] Stopping daemon
    daemon.go:284: [d36d1fc7bb7ea] exiting daemon
    daemon.go:432: [d36d1fc7bb7ea] Daemon stopped
=== RUN   TestSecretsUpdate
--- PASS: TestSecretsUpdate (2.97s)
    secret_test.go:172: Creating a new daemon
    daemon.go:317: [d574f18eca05b] waiting for daemon to start
    daemon.go:335: [d574f18eca05b] daemon started
    daemon.go:445: [d574f18eca05b] Stopping daemon
    daemon.go:284: [d574f18eca05b] exiting daemon
    daemon.go:432: [d574f18eca05b] Daemon stopped
=== RUN   TestTemplatedSecret
--- PASS: TestTemplatedSecret (3.52s)
    secret_test.go:221: Creating a new daemon
    daemon.go:317: [dea3f31a64188] waiting for daemon to start
    daemon.go:335: [dea3f31a64188] daemon started
    daemon.go:445: [dea3f31a64188] Stopping daemon
    daemon.go:284: [dea3f31a64188] exiting daemon
    daemon.go:432: [dea3f31a64188] Daemon stopped
=== RUN   TestSecretCreateResolve
--- PASS: TestSecretCreateResolve (2.97s)
    secret_test.go:342: Creating a new daemon
    daemon.go:317: [d60f67f7134e2] waiting for daemon to start
    daemon.go:335: [d60f67f7134e2] daemon started
    daemon.go:445: [d60f67f7134e2] Stopping daemon
    daemon.go:284: [d60f67f7134e2] exiting daemon
    daemon.go:432: [d60f67f7134e2] Daemon stopped
PASS
Running /go/src/github.com/docker/docker/integration/session
INFO: Testing against a local daemon
=== RUN   TestSessionCreate
--- PASS: TestSessionCreate (0.86s)
    session_test.go:22: Creating a new daemon
    daemon.go:317: [db04a83a2bf63] waiting for daemon to start
    daemon.go:335: [db04a83a2bf63] daemon started
    daemon.go:445: [db04a83a2bf63] Stopping daemon
    daemon.go:284: [db04a83a2bf63] exiting daemon
    daemon.go:432: [db04a83a2bf63] Daemon stopped
=== RUN   TestSessionCreateWithBadUpgrade
--- PASS: TestSessionCreateWithBadUpgrade (0.84s)
    session_test.go:50: Creating a new daemon
    daemon.go:317: [d8d31dfdeb8fa] waiting for daemon to start
    daemon.go:335: [d8d31dfdeb8fa] daemon started
    daemon.go:445: [d8d31dfdeb8fa] Stopping daemon
    daemon.go:284: [d8d31dfdeb8fa] exiting daemon
    daemon.go:432: [d8d31dfdeb8fa] Daemon stopped
PASS
Running /go/src/github.com/docker/docker/integration/plugin
testing: warning: no tests to run
PASS
Running /go/src/github.com/docker/docker/integration/plugin/logging
INFO: Testing against a local daemon
=== RUN   TestContinueAfterPluginCrash
=== PAUSE TestContinueAfterPluginCrash
=== RUN   TestDaemonStartWithLogOpt
=== PAUSE TestDaemonStartWithLogOpt
=== CONT  TestContinueAfterPluginCrash
=== CONT  TestDaemonStartWithLogOpt
--- PASS: TestDaemonStartWithLogOpt (10.11s)
    validation_test.go:23: Creating a new daemon
    daemon.go:317: [dca98c5ae4063] waiting for daemon to start
    daemon.go:335: [dca98c5ae4063] daemon started
    daemon.go:445: [dca98c5ae4063] Stopping daemon
    daemon.go:284: [dca98c5ae4063] exiting daemon
    daemon.go:432: [dca98c5ae4063] Daemon stopped
    daemon.go:317: [dca98c5ae4063] waiting for daemon to start
    daemon.go:335: [dca98c5ae4063] daemon started
    daemon.go:445: [dca98c5ae4063] Stopping daemon
    daemon.go:284: [dca98c5ae4063] exiting daemon
    daemon.go:432: [dca98c5ae4063] Daemon stopped
--- PASS: TestContinueAfterPluginCrash (14.72s)
    logging_linux_test.go:22: Creating a new daemon
    daemon.go:317: [d4b07ff89a6de] waiting for daemon to start
    daemon.go:335: [d4b07ff89a6de] daemon started
    daemon.go:445: [d4b07ff89a6de] Stopping daemon
    daemon.go:284: [d4b07ff89a6de] exiting daemon
    daemon.go:432: [d4b07ff89a6de] Daemon stopped
PASS
Running /go/src/github.com/docker/docker/integration/plugin/logging/cmd
testing: warning: no tests to run
PASS
Running /go/src/github.com/docker/docker/integration/plugin/logging/cmd/dummy
testing: warning: no tests to run
PASS
Running /go/src/github.com/docker/docker/integration/plugin/logging/cmd/close_on_start
testing: warning: no tests to run
PASS
Running /go/src/github.com/docker/docker/integration/plugin/authz
INFO: Testing against a local daemon
=== RUN   TestAuthZPluginAllowRequest
--- PASS: TestAuthZPluginAllowRequest (1.62s)
    main_test.go:54: Creating a new daemon
    daemon.go:317: [dd1b4ef87e121] waiting for daemon to start
    daemon.go:335: [dd1b4ef87e121] daemon started
    daemon.go:445: [dd1b4ef87e121] Stopping daemon
    daemon.go:284: [dd1b4ef87e121] exiting daemon
    daemon.go:432: [dd1b4ef87e121] Daemon stopped
=== RUN   TestAuthZPluginTLS
--- PASS: TestAuthZPluginTLS (0.55s)
    main_test.go:54: Creating a new daemon
    daemon.go:317: [df5d835814a52] waiting for daemon to start
    daemon.go:335: [df5d835814a52] daemon started
    daemon.go:445: [df5d835814a52] Stopping daemon
    daemon.go:284: [df5d835814a52] exiting daemon
    daemon.go:432: [df5d835814a52] Daemon stopped
=== RUN   TestAuthZPluginDenyRequest
--- PASS: TestAuthZPluginDenyRequest (0.53s)
    main_test.go:54: Creating a new daemon
    daemon.go:317: [d4fed4ab0faa2] waiting for daemon to start
    daemon.go:335: [d4fed4ab0faa2] daemon started
    daemon.go:445: [d4fed4ab0faa2] Stopping daemon
    daemon.go:284: [d4fed4ab0faa2] exiting daemon
    daemon.go:432: [d4fed4ab0faa2] Daemon stopped
=== RUN   TestAuthZPluginAPIDenyResponse
--- PASS: TestAuthZPluginAPIDenyResponse (0.53s)
    main_test.go:54: Creating a new daemon
    daemon.go:317: [dfda2a7be8a46] waiting for daemon to start
    daemon.go:335: [dfda2a7be8a46] daemon started
    daemon.go:445: [dfda2a7be8a46] Stopping daemon
    daemon.go:284: [dfda2a7be8a46] exiting daemon
    daemon.go:432: [dfda2a7be8a46] Daemon stopped
=== RUN   TestAuthZPluginDenyResponse
--- PASS: TestAuthZPluginDenyResponse (0.55s)
    main_test.go:54: Creating a new daemon
    daemon.go:317: [db9efa7a14fb3] waiting for daemon to start
    daemon.go:335: [db9efa7a14fb3] daemon started
    daemon.go:445: [db9efa7a14fb3] Stopping daemon
    daemon.go:284: [db9efa7a14fb3] exiting daemon
    daemon.go:432: [db9efa7a14fb3] Daemon stopped
=== RUN   TestAuthZPluginAllowEventStream
--- PASS: TestAuthZPluginAllowEventStream (1.67s)
    main_test.go:54: Creating a new daemon
    daemon.go:317: [d835ba9a8630a] waiting for daemon to start
    daemon.go:335: [d835ba9a8630a] daemon started
    daemon.go:445: [d835ba9a8630a] Stopping daemon
    daemon.go:284: [d835ba9a8630a] exiting daemon
    daemon.go:432: [d835ba9a8630a] Daemon stopped
=== RUN   TestAuthZPluginErrorResponse
--- PASS: TestAuthZPluginErrorResponse (0.54s)
    main_test.go:54: Creating a new daemon
    daemon.go:317: [d1ef1aade3e54] waiting for daemon to start
    daemon.go:335: [d1ef1aade3e54] daemon started
    daemon.go:445: [d1ef1aade3e54] Stopping daemon
    daemon.go:284: [d1ef1aade3e54] exiting daemon
    daemon.go:432: [d1ef1aade3e54] Daemon stopped
=== RUN   TestAuthZPluginErrorRequest
--- PASS: TestAuthZPluginErrorRequest (0.53s)
    main_test.go:54: Creating a new daemon
    daemon.go:317: [d831b2fbf9904] waiting for daemon to start
    daemon.go:335: [d831b2fbf9904] daemon started
    daemon.go:445: [d831b2fbf9904] Stopping daemon
    daemon.go:284: [d831b2fbf9904] exiting daemon
    daemon.go:432: [d831b2fbf9904] Daemon stopped
=== RUN   TestAuthZPluginEnsureNoDuplicatePluginRegistration
--- PASS: TestAuthZPluginEnsureNoDuplicatePluginRegistration (0.54s)
    main_test.go:54: Creating a new daemon
    daemon.go:317: [d1dbe4847f219] waiting for daemon to start
    daemon.go:335: [d1dbe4847f219] daemon started
    daemon.go:445: [d1dbe4847f219] Stopping daemon
    daemon.go:284: [d1dbe4847f219] exiting daemon
    daemon.go:432: [d1dbe4847f219] Daemon stopped
=== RUN   TestAuthZPluginEnsureLoadImportWorking
--- FAIL: TestAuthZPluginEnsureLoadImportWorking (14.99s)
    main_test.go:54: Creating a new daemon
    daemon.go:317: [d99685c50e38a] waiting for daemon to start
    daemon.go:335: [d99685c50e38a] daemon started
    authz_plugin_test.go:360: assertion failed: error is not nil: write /tmp/test-authz-load-import092678777/export.tar: no space left on device
    daemon.go:445: [d99685c50e38a] Stopping daemon
    daemon.go:284: [d99685c50e38a] exiting daemon
    daemon.go:432: [d99685c50e38a] Daemon stopped
=== RUN   TestAuthzPluginEnsureContainerCopyToFrom
--- PASS: TestAuthzPluginEnsureContainerCopyToFrom (2.21s)
    main_test.go:54: Creating a new daemon
    daemon.go:317: [d380b7c513ff6] waiting for daemon to start
    daemon.go:335: [d380b7c513ff6] daemon started
    daemon.go:445: [d380b7c513ff6] Stopping daemon
    daemon.go:284: [d380b7c513ff6] exiting daemon
    daemon.go:432: [d380b7c513ff6] Daemon stopped
=== RUN   TestAuthZPluginHeader
--- PASS: TestAuthZPluginHeader (0.84s)
    main_test.go:54: Creating a new daemon
    daemon.go:317: [d10779572935e] waiting for daemon to start
    daemon.go:335: [d10779572935e] daemon started
    daemon.go:445: [d10779572935e] Stopping daemon
    daemon.go:284: [d10779572935e] exiting daemon
    daemon.go:432: [d10779572935e] Daemon stopped
=== RUN   TestAuthZPluginV2AllowNonVolumeRequest
--- SKIP: TestAuthZPluginV2AllowNonVolumeRequest (0.00s)
    authz_plugin_v2_test.go:43: os.Getenv("DOCKER_ENGINE_GOARCH") != "amd64"
=== RUN   TestAuthZPluginV2Disable
--- SKIP: TestAuthZPluginV2Disable (0.00s)
    authz_plugin_v2_test.go:65: os.Getenv("DOCKER_ENGINE_GOARCH") != "amd64"
=== RUN   TestAuthZPluginV2RejectVolumeRequests
--- SKIP: TestAuthZPluginV2RejectVolumeRequests (0.00s)
    authz_plugin_v2_test.go:91: os.Getenv("DOCKER_ENGINE_GOARCH") != "amd64"
=== RUN   TestAuthZPluginV2BadManifestFailsDaemonStart
--- SKIP: TestAuthZPluginV2BadManifestFailsDaemonStart (0.00s)
    authz_plugin_v2_test.go:126: os.Getenv("DOCKER_ENGINE_GOARCH") != "amd64"
=== RUN   TestAuthZPluginV2NonexistentFailsDaemonStart
--- PASS: TestAuthZPluginV2NonexistentFailsDaemonStart (16.54s)
    main_test.go:54: Creating a new daemon
    daemon.go:317: [df1b2e0f0bb69] waiting for daemon to start
    daemon.go:335: [df1b2e0f0bb69] daemon started
    daemon.go:445: [df1b2e0f0bb69] Stopping daemon
    daemon.go:284: [df1b2e0f0bb69] exiting daemon
    daemon.go:432: [df1b2e0f0bb69] Daemon stopped
    daemon.go:317: [df1b2e0f0bb69] waiting for daemon to start
    daemon.go:327: [df1b2e0f0bb69] error pinging daemon on start: Get http://%2Ftmp%2Fdocker-integration%2Fdf1b2e0f0bb69.sock/_ping: context deadline exceeded
    daemon.go:317: [df1b2e0f0bb69] waiting for daemon to start
    daemon.go:327: [df1b2e0f0bb69] error pinging daemon on start: Get http://%2Ftmp%2Fdocker-integration%2Fdf1b2e0f0bb69.sock/_ping: context deadline exceeded
    daemon.go:317: [df1b2e0f0bb69] waiting for daemon to start
    daemon.go:327: [df1b2e0f0bb69] error pinging daemon on start: Get http://%2Ftmp%2Fdocker-integration%2Fdf1b2e0f0bb69.sock/_ping: context deadline exceeded
    daemon.go:317: [df1b2e0f0bb69] waiting for daemon to start
    daemon.go:327: [df1b2e0f0bb69] error pinging daemon on start: Get http://%2Ftmp%2Fdocker-integration%2Fdf1b2e0f0bb69.sock/_ping: context deadline exceeded
    daemon.go:317: [df1b2e0f0bb69] waiting for daemon to start
    daemon.go:327: [df1b2e0f0bb69] error pinging daemon on start: Get http://%2Ftmp%2Fdocker-integration%2Fdf1b2e0f0bb69.sock/_ping: context deadline exceeded
    daemon.go:317: [df1b2e0f0bb69] waiting for daemon to start
    daemon.go:327: [df1b2e0f0bb69] error pinging daemon on start: Get http://%2Ftmp%2Fdocker-integration%2Fdf1b2e0f0bb69.sock/_ping: context deadline exceeded
    daemon.go:317: [df1b2e0f0bb69] waiting for daemon to start
    daemon.go:327: [df1b2e0f0bb69] error pinging daemon on start: Get http://%2Ftmp%2Fdocker-integration%2Fdf1b2e0f0bb69.sock/_ping: context deadline exceeded
    daemon.go:317: [df1b2e0f0bb69] waiting for daemon to start
    daemon.go:327: [df1b2e0f0bb69] error pinging daemon on start: Get http://%2Ftmp%2Fdocker-integration%2Fdf1b2e0f0bb69.sock/_ping: read unix @->/tmp/docker-integration/df1b2e0f0bb69.sock: read: connection reset by peer
    daemon.go:317: [df1b2e0f0bb69] waiting for daemon to start
    daemon.go:284: [df1b2e0f0bb69] exiting daemon
    daemon.go:327: [df1b2e0f0bb69] error pinging daemon on start: Get http://%2Ftmp%2Fdocker-integration%2Fdf1b2e0f0bb69.sock/_ping: dial unix /tmp/docker-integration/df1b2e0f0bb69.sock: connect: connection refused
    daemon.go:317: [df1b2e0f0bb69] waiting for daemon to start
    daemon.go:317: [df1b2e0f0bb69] waiting for daemon to start
    daemon.go:335: [df1b2e0f0bb69] daemon started
    daemon.go:445: [df1b2e0f0bb69] Stopping daemon
    daemon.go:284: [df1b2e0f0bb69] exiting daemon
    daemon.go:432: [df1b2e0f0bb69] Daemon stopped
FAIL
---> Making bundle: .integration-daemon-stop (in bundles/test-integration)
Clearing AppArmor profiles cache:.
All profile caches have been cleared, but no profiles have been unloaded.
Unloading profiles will leave already running processes permanently
unconfined, which can lead to unexpected situations.

To set a process to complain mode, use the command line tool
'aa-complain'. To really tear down all profiles, run the init script
with the 'teardown' option."
Removing test suite binaries
Build step 'Execute shell' marked build as failure
Set build name.
New build name is '#39292'
[PostBuildScript] - Executing post build scripts.
[Docker-PRs-s390x] $ /bin/sh -xe /tmp/jenkins4083779536982965174.sh
+ echo Chowning /workspace to jenkins user
Chowning /workspace to jenkins user
+ id -u
+ id -g
+ docker run --rm -v /home/jenkins/workspace/Docker-PRs-s390x:/workspace s390x/busybox chown -R 1001:1001 /workspace
[Docker-PRs-s390x] $ /bin/sh -xe /tmp/jenkins219658084608800459.sh
+ echo Creating bundles.tar.gz
Creating bundles.tar.gz
+ find bundles -name *.log
+ xargs tar -czf bundles.tar.gz
Archiving artifacts
Notifying endpoint with url 'https://leeroy.dockerproject.org/notification/jenkins'
Finished: FAILURE
