Started by user Gordon
Notifying endpoint with url 'https://leeroy.dockerproject.org/notification/jenkins'
[EnvInject] - Loading node environment variables.
Building remotely on ubuntu-1604-aufs-stable (i-05a06bd106452aa93) (docker-edge ubuntu aufs docker-stable docker ubuntu-1604-aufs-edge x86_64 ec2 linux ubuntu-1604-aufs ubuntu-1604 amd64 ubuntu-1604-aufs-stable us-west-2) in workspace /home/ubuntu/workspace/Docker-PRs-experimental
Wiping out workspace first.
Cloning the remote Git repository
Cloning repository https://github.com/moby/moby.git
 > git init /home/ubuntu/workspace/Docker-PRs-experimental # timeout=10
Fetching upstream changes from https://github.com/moby/moby.git
 > git --version # timeout=10
 > git fetch --tags --progress https://github.com/moby/moby.git +refs/heads/*:refs/remotes/origin/*
 > git config remote.origin.url https://github.com/moby/moby.git # timeout=10
 > git config --add remote.origin.fetch +refs/heads/*:refs/remotes/origin/* # timeout=10
 > git config remote.origin.url https://github.com/moby/moby.git # timeout=10
Fetching upstream changes from https://github.com/moby/moby.git
 > git fetch --tags --progress https://github.com/moby/moby.git +refs/heads/*:refs/remotes/origin/*
 > git rev-parse origin/master^{commit} # timeout=10
Checking out Revision f76d6a078d881f410c00e8d900dcdfc2e026c841 (origin/master)
 > git config core.sparsecheckout # timeout=10
 > git checkout -f f76d6a078d881f410c00e8d900dcdfc2e026c841
Commit message: "Merge pull request #38370 from farnasirim/36413-bind-dir-skip-copy"
 > git rev-list --no-walk f76d6a078d881f410c00e8d900dcdfc2e026c841 # timeout=10
Set build name.
New build name is '#38452'
[Docker-PRs-experimental] $ /bin/bash /tmp/jenkins2929106543971125336.sh
From https://github.com/moby/moby
 * [new ref]         refs/pull/38452/head -> origin/pr/38452
Updating f76d6a0..7850703
Fast-forward
 Dockerfile                               |   5 +-
 daemon/checkpoint.go                     |  11 +-
 integration/container/checkpoint_test.go | 180 +++++++++++++++++++++++++++++++
 3 files changed, 185 insertions(+), 11 deletions(-)
 create mode 100644 integration/container/checkpoint_test.go
Sending build context to Docker daemon   45.1MB
Step 1/94 : FROM golang:1.11.4 AS base
1.11.4: Pulling from library/golang
cd8eada9c7bb: Pulling fs layer
c2677faec825: Pulling fs layer
fcce419a96b1: Pulling fs layer
045b51e26e75: Pulling fs layer
70a7003e9fe9: Pulling fs layer
751b6f060321: Pulling fs layer
462a907acb44: Pulling fs layer
045b51e26e75: Waiting
70a7003e9fe9: Waiting
751b6f060321: Waiting
462a907acb44: Waiting
fcce419a96b1: Verifying Checksum
fcce419a96b1: Download complete
c2677faec825: Verifying Checksum
c2677faec825: Download complete
cd8eada9c7bb: Verifying Checksum
cd8eada9c7bb: Download complete
045b51e26e75: Verifying Checksum
045b51e26e75: Download complete
70a7003e9fe9: Verifying Checksum
70a7003e9fe9: Download complete
462a907acb44: Verifying Checksum
462a907acb44: Download complete
751b6f060321: Verifying Checksum
751b6f060321: Download complete
cd8eada9c7bb: Pull complete
c2677faec825: Pull complete
fcce419a96b1: Pull complete
045b51e26e75: Pull complete
70a7003e9fe9: Pull complete
751b6f060321: Pull complete
462a907acb44: Pull complete
Digest: sha256:bc63e58480108bd3ded6da99df27d79519c493ebd7df9193ab876abbd6e9b623
Status: Downloaded newer image for golang:1.11.4
 ---> 343df9d12b7b
Step 2/94 : ARG APT_MIRROR=deb.debian.org
 ---> Running in 8570df7ee834
Removing intermediate container 8570df7ee834
 ---> 4f3397ddcd0d
Step 3/94 : RUN sed -ri "s/(httpredir|deb).debian.org/$APT_MIRROR/g" /etc/apt/sources.list
 ---> Running in 2d175ceff4d5
Removing intermediate container 2d175ceff4d5
 ---> a83c8da78372
Step 4/94 : FROM base AS criu
 ---> a83c8da78372
Step 5/94 : ENV CRIU_VERSION 3.11
 ---> Running in f40445ec5372
Removing intermediate container f40445ec5372
 ---> 49f748278746
Step 6/94 : RUN apt-get update && apt-get install -y 	libnet-dev 	libprotobuf-c0-dev 	libprotobuf-dev 	libnl-3-dev 	libcap-dev 	protobuf-compiler 	protobuf-c-compiler 	python-protobuf 	&& mkdir -p /usr/src/criu 	&& curl -sSL https://github.com/checkpoint-restore/criu/archive/v${CRIU_VERSION}.tar.gz | tar -C /usr/src/criu/ -xz --strip-components=1 	&& cd /usr/src/criu 	&& make 	&& make PREFIX=/build/ install-criu
 ---> Running in 636d2922dd0e
Get:1 http://security.debian.org/debian-security stretch/updates InRelease [94.3 kB]
Get:2 http://security.debian.org/debian-security stretch/updates/main amd64 Packages [464 kB]
Ign:3 http://cdn-fastly.deb.debian.org/debian stretch InRelease
Get:4 http://cdn-fastly.deb.debian.org/debian stretch-updates InRelease [91.0 kB]
Get:5 http://cdn-fastly.deb.debian.org/debian stretch Release [118 kB]
Get:6 http://cdn-fastly.deb.debian.org/debian stretch Release.gpg [2434 B]
Get:7 http://cdn-fastly.deb.debian.org/debian stretch-updates/main amd64 Packages [5152 B]
Get:8 http://cdn-fastly.deb.debian.org/debian stretch/main amd64 Packages [7089 kB]
Fetched 7864 kB in 3s (2286 kB/s)
Reading package lists...
Reading package lists...
Building dependency tree...
Reading state information...
The following additional packages will be installed:
  libnet1 libnl-3-200 libprotobuf-c1 libprotobuf-lite10 libprotobuf10
  libprotoc10 python-pkg-resources zlib1g-dev
Suggested packages:
  manpages-dev python-setuptools
The following NEW packages will be installed:
  libcap-dev libnet1 libnet1-dev libnl-3-200 libnl-3-dev libprotobuf-c-dev
  libprotobuf-c1 libprotobuf-dev libprotobuf-lite10 libprotobuf10 libprotoc10
  protobuf-c-compiler protobuf-compiler python-pkg-resources python-protobuf
  zlib1g-dev
0 upgraded, 16 newly installed, 0 to remove and 0 not upgraded.
Need to get 3602 kB of archives.
After this operation, 18.9 MB of additional disk space will be used.
Get:1 http://cdn-fastly.deb.debian.org/debian stretch/main amd64 libnet1 amd64 1.1.6+dfsg-3 [60.4 kB]
Get:2 http://cdn-fastly.deb.debian.org/debian stretch/main amd64 libcap-dev amd64 1:2.25-1 [29.4 kB]
Get:3 http://cdn-fastly.deb.debian.org/debian stretch/main amd64 libnet1-dev amd64 1.1.6+dfsg-3 [118 kB]
Get:4 http://cdn-fastly.deb.debian.org/debian stretch/main amd64 libnl-3-200 amd64 3.2.27-2 [61.5 kB]
Get:5 http://cdn-fastly.deb.debian.org/debian stretch/main amd64 libnl-3-dev amd64 3.2.27-2 [96.2 kB]
Get:6 http://cdn-fastly.deb.debian.org/debian stretch/main amd64 libprotobuf-c1 amd64 1.2.1-2 [25.0 kB]
Get:7 http://cdn-fastly.deb.debian.org/debian stretch/main amd64 libprotobuf-c-dev amd64 1.2.1-2 [32.5 kB]
Get:8 http://cdn-fastly.deb.debian.org/debian stretch/main amd64 zlib1g-dev amd64 1:1.2.8.dfsg-5 [205 kB]
Get:9 http://cdn-fastly.deb.debian.org/debian stretch/main amd64 libprotobuf10 amd64 3.0.0-9 [681 kB]
Get:10 http://cdn-fastly.deb.debian.org/debian stretch/main amd64 libprotobuf-lite10 amd64 3.0.0-9 [125 kB]
Get:11 http://cdn-fastly.deb.debian.org/debian stretch/main amd64 libprotobuf-dev amd64 3.0.0-9 [954 kB]
Get:12 http://cdn-fastly.deb.debian.org/debian stretch/main amd64 libprotoc10 amd64 3.0.0-9 [626 kB]
Get:13 http://cdn-fastly.deb.debian.org/debian stretch/main amd64 protobuf-c-compiler amd64 1.2.1-2 [78.4 kB]
Get:14 http://cdn-fastly.deb.debian.org/debian stretch/main amd64 protobuf-compiler amd64 3.0.0-9 [52.8 kB]
Get:15 http://cdn-fastly.deb.debian.org/debian stretch/main amd64 python-pkg-resources all 33.1.1-1 [166 kB]
Get:16 http://cdn-fastly.deb.debian.org/debian stretch/main amd64 python-protobuf amd64 3.0.0-9 [292 kB]
debconf: delaying package configuration, since apt-utils is not installed
Fetched 3602 kB in 1s (3213 kB/s)
Selecting previously unselected package libnet1:amd64.
(Reading database ... (Reading database ... 5%(Reading database ... 10%(Reading database ... 15%(Reading database ... 20%(Reading database ... 25%(Reading database ... 30%(Reading database ... 35%(Reading database ... 40%(Reading database ... 45%(Reading database ... 50%(Reading database ... 55%(Reading database ... 60%(Reading database ... 65%(Reading database ... 70%(Reading database ... 75%(Reading database ... 80%(Reading database ... 85%(Reading database ... 90%(Reading database ... 95%(Reading database ... 100%(Reading database ... 15089 files and directories currently installed.)
Preparing to unpack .../00-libnet1_1.1.6+dfsg-3_amd64.deb ...
Unpacking libnet1:amd64 (1.1.6+dfsg-3) ...
Selecting previously unselected package libcap-dev:amd64.
Preparing to unpack .../01-libcap-dev_1%3a2.25-1_amd64.deb ...
Unpacking libcap-dev:amd64 (1:2.25-1) ...
Selecting previously unselected package libnet1-dev.
Preparing to unpack .../02-libnet1-dev_1.1.6+dfsg-3_amd64.deb ...
Unpacking libnet1-dev (1.1.6+dfsg-3) ...
Selecting previously unselected package libnl-3-200:amd64.
Preparing to unpack .../03-libnl-3-200_3.2.27-2_amd64.deb ...
Unpacking libnl-3-200:amd64 (3.2.27-2) ...
Selecting previously unselected package libnl-3-dev:amd64.
Preparing to unpack .../04-libnl-3-dev_3.2.27-2_amd64.deb ...
Unpacking libnl-3-dev:amd64 (3.2.27-2) ...
Selecting previously unselected package libprotobuf-c1:amd64.
Preparing to unpack .../05-libprotobuf-c1_1.2.1-2_amd64.deb ...
Unpacking libprotobuf-c1:amd64 (1.2.1-2) ...
Selecting previously unselected package libprotobuf-c-dev:amd64.
Preparing to unpack .../06-libprotobuf-c-dev_1.2.1-2_amd64.deb ...
Unpacking libprotobuf-c-dev:amd64 (1.2.1-2) ...
Selecting previously unselected package zlib1g-dev:amd64.
Preparing to unpack .../07-zlib1g-dev_1%3a1.2.8.dfsg-5_amd64.deb ...
Unpacking zlib1g-dev:amd64 (1:1.2.8.dfsg-5) ...
Selecting previously unselected package libprotobuf10:amd64.
Preparing to unpack .../08-libprotobuf10_3.0.0-9_amd64.deb ...
Unpacking libprotobuf10:amd64 (3.0.0-9) ...
Selecting previously unselected package libprotobuf-lite10:amd64.
Preparing to unpack .../09-libprotobuf-lite10_3.0.0-9_amd64.deb ...
Unpacking libprotobuf-lite10:amd64 (3.0.0-9) ...
Selecting previously unselected package libprotobuf-dev:amd64.
Preparing to unpack .../10-libprotobuf-dev_3.0.0-9_amd64.deb ...
Unpacking libprotobuf-dev:amd64 (3.0.0-9) ...
Selecting previously unselected package libprotoc10:amd64.
Preparing to unpack .../11-libprotoc10_3.0.0-9_amd64.deb ...
Unpacking libprotoc10:amd64 (3.0.0-9) ...
Selecting previously unselected package protobuf-c-compiler.
Preparing to unpack .../12-protobuf-c-compiler_1.2.1-2_amd64.deb ...
Unpacking protobuf-c-compiler (1.2.1-2) ...
Selecting previously unselected package protobuf-compiler.
Preparing to unpack .../13-protobuf-compiler_3.0.0-9_amd64.deb ...
Unpacking protobuf-compiler (3.0.0-9) ...
Selecting previously unselected package python-pkg-resources.
Preparing to unpack .../14-python-pkg-resources_33.1.1-1_all.deb ...
Unpacking python-pkg-resources (33.1.1-1) ...
Selecting previously unselected package python-protobuf.
Preparing to unpack .../15-python-protobuf_3.0.0-9_amd64.deb ...
Unpacking python-protobuf (3.0.0-9) ...
Setting up libnet1:amd64 (1.1.6+dfsg-3) ...
Setting up libprotobuf-c1:amd64 (1.2.1-2) ...
Setting up python-pkg-resources (33.1.1-1) ...
Setting up libnet1-dev (1.1.6+dfsg-3) ...
Setting up libprotobuf10:amd64 (3.0.0-9) ...
Processing triggers for libc-bin (2.24-11+deb9u3) ...
Setting up python-protobuf (3.0.0-9) ...
Setting up libcap-dev:amd64 (1:2.25-1) ...
Setting up libprotobuf-c-dev:amd64 (1.2.1-2) ...
Setting up libnl-3-200:amd64 (3.2.27-2) ...
Setting up libprotobuf-lite10:amd64 (3.0.0-9) ...
Setting up libprotoc10:amd64 (3.0.0-9) ...
Setting up protobuf-c-compiler (1.2.1-2) ...
Setting up zlib1g-dev:amd64 (1:1.2.8.dfsg-5) ...
Setting up protobuf-compiler (3.0.0-9) ...
Setting up libprotobuf-dev:amd64 (3.0.0-9) ...
Setting up libnl-3-dev:amd64 (3.2.27-2) ...
Processing triggers for libc-bin (2.24-11+deb9u3) ...
fatal: Not a git repository (or any of the parent directories): .git
  GEN      .gitid
  GEN      criu/include/version.h
  GEN      include/common/asm
  PBCC     images/google/protobuf/descriptor.pb-c.c
  PBCC     images/opts.pb-c.c
  PBCC     images/sit.pb-c.c
  DEP      images/google/protobuf/descriptor.pb-c.d
  DEP      images/opts.pb-c.d
  DEP      images/sit.pb-c.d
  PBCC     images/macvlan.pb-c.c
  DEP      images/macvlan.pb-c.d
  PBCC     images/autofs.pb-c.c
  DEP      images/autofs.pb-c.d
  PBCC     images/sysctl.pb-c.c
  DEP      images/sysctl.pb-c.d
  PBCC     images/time.pb-c.c
  DEP      images/time.pb-c.d
  PBCC     images/binfmt-misc.pb-c.c
  DEP      images/binfmt-misc.pb-c.d
  PBCC     images/seccomp.pb-c.c
  DEP      images/seccomp.pb-c.d
  PBCC     images/userns.pb-c.c
  DEP      images/userns.pb-c.d
  PBCC     images/cgroup.pb-c.c
  DEP      images/cgroup.pb-c.d
  PBCC     images/fown.pb-c.c
  PBCC     images/ext-file.pb-c.c
  DEP      images/fown.pb-c.d
  DEP      images/ext-file.pb-c.d
  PBCC     images/rpc.pb-c.c
  DEP      images/rpc.pb-c.d
  PBCC     images/siginfo.pb-c.c
  DEP      images/siginfo.pb-c.d
  PBCC     images/pagemap.pb-c.c
  DEP      images/pagemap.pb-c.d
  PBCC     images/rlimit.pb-c.c
  DEP      images/rlimit.pb-c.d
  PBCC     images/file-lock.pb-c.c
  DEP      images/file-lock.pb-c.d
  PBCC     images/tty.pb-c.c
  DEP      images/tty.pb-c.d
  PBCC     images/tun.pb-c.c
  PBCC     images/netdev.pb-c.c
  DEP      images/tun.pb-c.d
  DEP      images/netdev.pb-c.d
  PBCC     images/vma.pb-c.c
  DEP      images/vma.pb-c.d
  PBCC     images/creds.pb-c.c
  DEP      images/creds.pb-c.d
  PBCC     images/utsns.pb-c.c
  DEP      images/utsns.pb-c.d
  PBCC     images/ipc-desc.pb-c.c
  PBCC     images/ipc-sem.pb-c.c
  DEP      images/ipc-desc.pb-c.d
  DEP      images/ipc-sem.pb-c.d
  PBCC     images/ipc-msg.pb-c.c
  DEP      images/ipc-msg.pb-c.d
  PBCC     images/ipc-shm.pb-c.c
  DEP      images/ipc-shm.pb-c.d
  PBCC     images/ipc-var.pb-c.c
  DEP      images/ipc-var.pb-c.d
  PBCC     images/sk-opts.pb-c.c
  PBCC     images/packet-sock.pb-c.c
  DEP      images/sk-opts.pb-c.d
  DEP      images/packet-sock.pb-c.d
  PBCC     images/sk-netlink.pb-c.c
  DEP      images/sk-netlink.pb-c.d
  PBCC     images/sk-inet.pb-c.c
  DEP      images/sk-inet.pb-c.d
  PBCC     images/sk-unix.pb-c.c
  DEP      images/sk-unix.pb-c.d
  PBCC     images/mm.pb-c.c
  DEP      images/mm.pb-c.d
  PBCC     images/timerfd.pb-c.c
  DEP      images/timerfd.pb-c.d
  PBCC     images/timer.pb-c.c
  DEP      images/timer.pb-c.d
  PBCC     images/sa.pb-c.c
  DEP      images/sa.pb-c.d
  PBCC     images/pipe-data.pb-c.c
  DEP      images/pipe-data.pb-c.d
  PBCC     images/mnt.pb-c.c
  DEP      images/mnt.pb-c.d
  PBCC     images/sk-packet.pb-c.c
  DEP      images/sk-packet.pb-c.d
  PBCC     images/tcp-stream.pb-c.c
  DEP      images/tcp-stream.pb-c.d
  PBCC     images/pipe.pb-c.c
  DEP      images/pipe.pb-c.d
  PBCC     images/pstree.pb-c.c
  DEP      images/pstree.pb-c.d
  PBCC     images/fs.pb-c.c
  DEP      images/fs.pb-c.d
  PBCC     images/signalfd.pb-c.c
  DEP      images/signalfd.pb-c.d
  PBCC     images/fh.pb-c.c
  PBCC     images/fsnotify.pb-c.c
  DEP      images/fh.pb-c.d
  DEP      images/fsnotify.pb-c.d
  PBCC     images/eventpoll.pb-c.c
  DEP      images/eventpoll.pb-c.d
  PBCC     images/eventfd.pb-c.c
  DEP      images/eventfd.pb-c.d
  PBCC     images/remap-file-path.pb-c.c
  DEP      images/remap-file-path.pb-c.d
  PBCC     images/fifo.pb-c.c
  DEP      images/fifo.pb-c.d
  PBCC     images/ghost-file.pb-c.c
  DEP      images/ghost-file.pb-c.d
  PBCC     images/regfile.pb-c.c
  DEP      images/regfile.pb-c.d
  PBCC     images/ns.pb-c.c
  DEP      images/ns.pb-c.d
  PBCC     images/fdinfo.pb-c.c
  DEP      images/fdinfo.pb-c.d
  PBCC     images/core-aarch64.pb-c.c
  PBCC     images/core-arm.pb-c.c
  PBCC     images/core-ppc64.pb-c.c
  PBCC     images/core-s390.pb-c.c
  PBCC     images/core-x86.pb-c.c
  PBCC     images/core.pb-c.c
  PBCC     images/inventory.pb-c.c
  DEP      images/core-aarch64.pb-c.d
  DEP      images/core-arm.pb-c.d
  DEP      images/core-ppc64.pb-c.d
  DEP      images/core-s390.pb-c.d
  DEP      images/core-x86.pb-c.d
  DEP      images/core.pb-c.d
  DEP      images/inventory.pb-c.d
  PBCC     images/cpuinfo.pb-c.c
  DEP      images/cpuinfo.pb-c.d
  PBCC     images/stats.pb-c.c
  DEP      images/stats.pb-c.d
make[1]: Nothing to be done for 'all'.
  CC       images/stats.o
  CC       images/core.o
  CC       images/core-x86.o
  CC       images/core-arm.o
  CC       images/core-aarch64.o
  CC       images/core-ppc64.o
  CC       images/core-s390.o
  CC       images/cpuinfo.o
  CC       images/inventory.o
  CC       images/fdinfo.o
  CC       images/fown.o
  CC       images/ns.o
  CC       images/regfile.o
  CC       images/ghost-file.o
  CC       images/fifo.o
  CC       images/remap-file-path.o
  CC       images/eventfd.o
  CC       images/eventpoll.o
  CC       images/fh.o
  CC       images/fsnotify.o
  CC       images/signalfd.o
  CC       images/fs.o
  CC       images/pstree.o
  CC       images/pipe.o
  CC       images/tcp-stream.o
  CC       images/sk-packet.o
  CC       images/mnt.o
  CC       images/pipe-data.o
  CC       images/sa.o
  CC       images/timer.o
  CC       images/timerfd.o
  CC       images/mm.o
  CC       images/sk-opts.o
  CC       images/sk-unix.o
  CC       images/sk-inet.o
  CC       images/tun.o
  CC       images/sk-netlink.o
  CC       images/packet-sock.o
  CC       images/ipc-var.o
  CC       images/ipc-desc.o
  CC       images/ipc-shm.o
  CC       images/ipc-msg.o
  CC       images/ipc-sem.o
  CC       images/utsns.o
  CC       images/creds.o
  CC       images/vma.o
  CC       images/netdev.o
  CC       images/tty.o
  CC       images/file-lock.o
  CC       images/rlimit.o
  CC       images/pagemap.o
  CC       images/siginfo.o
  CC       images/rpc.o
  CC       images/ext-file.o
  CC       images/cgroup.o
  CC       images/userns.o
  CC       images/google/protobuf/descriptor.o
  CC       images/opts.o
  CC       images/seccomp.o
  CC       images/binfmt-misc.o
  CC       images/time.o
  CC       images/sysctl.o
  CC       images/autofs.o
  CC       images/macvlan.o
  CC       images/sit.o
  LINK     images/built-in.o
  GEN      compel/include/asm
  GEN      compel/include/version.h
touch .config
  GEN      include/common/config.h
  GEN      compel/plugins/include/uapi/std/syscall-codes-64.h
  GEN      compel/plugins/include/uapi/std/syscall-64.h
  GEN      compel/arch/x86/plugins/std/syscalls-64.S
  DEP      compel/arch/x86/plugins/std/syscalls-64.d
  DEP      compel/arch/x86/plugins/std/memcpy.d
  DEP      compel/arch/x86/plugins/std/parasite-head.d
  GEN      compel/plugins/include/uapi/std/syscall.h
  GEN      compel/arch/x86/plugins/std/sys-exec-tbl-64.c
  GEN      compel/plugins/include/uapi/std/syscall-codes.h
  GEN      compel/plugins/include/uapi/std/asm/syscall-types.h
  DEP      compel/plugins/std/infect.d
  DEP      compel/plugins/std/string.d
  DEP      compel/plugins/std/log.d
  DEP      compel/plugins/std/fds.d
  DEP      compel/plugins/std/std.d
  DEP      compel/plugins/shmem/shmem.d
  DEP      compel/plugins/fds/fds.d
  CC       compel/plugins/std/std.o
  CC       compel/plugins/std/fds.o
  CC       compel/plugins/std/log.o
  CC       compel/plugins/std/string.o
  CC       compel/plugins/std/infect.o
  CC       compel/arch/x86/plugins/std/parasite-head.o
  CC       compel/arch/x86/plugins/std/memcpy.o
  CC       compel/arch/x86/plugins/std/syscalls-64.o
  AR       compel/plugins/std.lib.a
  CC       compel/plugins/fds/fds.o
  AR       compel/plugins/fds.lib.a
  HOSTDEP  compel/src/lib/handle-elf-host.d
  HOSTDEP  compel/arch/x86/src/lib/handle-elf-host.d
  HOSTDEP  compel/src/lib/log-host.d
  HOSTDEP  compel/src/main-host.d
  DEP      compel/src/lib/ptrace.d
  DEP      compel/src/lib/infect.d
  DEP      compel/src/lib/infect-util.d
  DEP      compel/src/lib/infect-rpc.d
  DEP      compel/src/lib/handle-elf.d
  DEP      compel/arch/x86/src/lib/handle-elf.d
  DEP      compel/arch/x86/src/lib/infect.d
  DEP      compel/arch/x86/src/lib/cpu.d
  DEP      compel/src/lib/log.d
  DEP      compel/src/main.d
  CC       compel/src/lib/log.o
  CC       compel/arch/x86/src/lib/cpu.o
  CC       compel/arch/x86/src/lib/infect.o
  CC       compel/arch/x86/src/lib/handle-elf.o
  CC       compel/src/lib/handle-elf.o
  CC       compel/src/lib/infect-rpc.o
  CC       compel/src/lib/infect-util.o
  CC       compel/src/lib/infect.o
  CC       compel/src/lib/ptrace.o
  AR       compel/libcompel.a
  HOSTCC   compel/src/main-host.o
  HOSTCC   compel/src/lib/log-host.o
  HOSTCC   compel/arch/x86/src/lib/handle-elf-host.o
  HOSTCC   compel/src/lib/handle-elf-host.o
  HOSTLINK compel/compel-host-bin
  DEP      soccr/soccr.d
  CC       soccr/soccr.o
  AR       soccr/libsoccr.a
make[1]: 'soccr/libsoccr.a' is up to date.
  DEP      criu/arch/x86/sigframe.d
  DEP      criu/arch/x86/sigaction_compat.d
  DEP      criu/arch/x86/kerndat.d
  DEP      criu/arch/x86/crtools.d
  DEP      criu/arch/x86/cpu.d
  CC       criu/arch/x86/cpu.o
  CC       criu/arch/x86/crtools.o
  CC       criu/arch/x86/kerndat.o
  CC       criu/arch/x86/sigaction_compat.o
  CC       criu/arch/x86/sigframe.o
  LINK     criu/arch/x86/crtools.built-in.o
  DEP      criu/pie/util-vdso-elf32.d
  DEP      criu/arch/x86/vdso-pie.d
  DEP      criu/pie/parasite-vdso.d
  DEP      criu/pie/util-vdso.d
  DEP      criu/pie/util.d
  CC       criu/pie/util.o
  CC       criu/pie/util-vdso.o
  CC       criu/pie/parasite-vdso.o
  CC       criu/arch/x86/vdso-pie.o
  CC       criu/pie/util-vdso-elf32.o
  AR       criu/pie/pie.lib.a
  DEP      criu/pie/restorer.d
  DEP      criu/arch/x86/sigaction_compat_pie.d
  DEP      criu/arch/x86/restorer_unmap.d
  DEP      criu/arch/x86/restorer.d
  DEP      criu/pie/parasite.d
  CC       criu/pie/parasite.o
  LINK     criu/pie/parasite.built-in.o
  GEN      criu/pie/parasite-blob.h
  CC       criu/arch/x86/restorer.o
  CC       criu/arch/x86/restorer_unmap.o
  CC       criu/arch/x86/sigaction_compat_pie.o
  CC       criu/pie/restorer.o
  LINK     criu/pie/restorer.built-in.o
  GEN      criu/pie/restorer-blob.h
  DEP      criu/vdso.d
  DEP      criu/vdso-compat.d
  DEP      criu/uts_ns.d
  DEP      criu/util.d
  DEP      criu/uffd.d
  DEP      criu/tun.d
  DEP      criu/tty.d
  DEP      criu/timerfd.d
  DEP      criu/sysfs_parse.d
  DEP      criu/sysctl.d
  DEP      criu/string.d
  DEP      criu/stats.d
  DEP      criu/sockets.d
  DEP      criu/sk-unix.d
  DEP      criu/sk-tcp.d
  DEP      criu/sk-queue.d
  DEP      criu/sk-packet.d
  DEP      criu/sk-netlink.d
  DEP      criu/sk-inet.d
  DEP      criu/signalfd.d
  DEP      criu/sigframe.d
  DEP      criu/shmem.d
  DEP      criu/seize.d
  DEP      criu/seccomp.d
  DEP      criu/rst-malloc.d
  DEP      criu/rbtree.d
  DEP      criu/pstree.d
  DEP      criu/protobuf.d
  GEN      criu/protobuf-desc-gen.h
  DEP      criu/protobuf-desc.d
  DEP      criu/proc_parse.d
  DEP      criu/plugin.d
  DEP      criu/pipes.d
  DEP      criu/pie-util.d
  DEP      criu/pie-util-vdso.d
  DEP      criu/pie-util-vdso-elf32.d
  DEP      criu/path.d
  DEP      criu/parasite-syscall.d
  DEP      criu/pagemap.d
  DEP      criu/pagemap-cache.d
  DEP      criu/page-xfer.d
  DEP      criu/page-pipe.d
  DEP      criu/netfilter.d
  DEP      criu/net.d
  DEP      criu/namespaces.d
  DEP      criu/mount.d
  DEP      criu/mem.d
  DEP      criu/lsm.d
  DEP      criu/log.d
  DEP      criu/libnetlink.d
  DEP      criu/kerndat.d
  DEP      criu/kcmp-ids.d
  DEP      criu/irmap.d
  DEP      criu/ipc_ns.d
  DEP      criu/image.d
  DEP      criu/image-desc.d
  DEP      criu/fsnotify.d
  DEP      criu/filesystems.d
  DEP      criu/files.d
  DEP      criu/files-reg.d
  DEP      criu/files-ext.d
  DEP      criu/file-lock.d
  DEP      criu/file-ids.d
  DEP      criu/fifo.d
  DEP      criu/fdstore.d
  DEP      criu/fault-injection.d
  DEP      criu/external.d
  DEP      criu/eventpoll.d
  DEP      criu/eventfd.d
  DEP      criu/crtools.d
  DEP      criu/cr-service.d
  DEP      criu/cr-restore.d
  DEP      criu/cr-errno.d
  DEP      criu/cr-dump.d
  DEP      criu/cr-dedup.d
  DEP      criu/cr-check.d
  DEP      criu/config.d
  DEP      criu/clone-noasan.d
  DEP      criu/cgroup.d
  DEP      criu/cgroup-props.d
  DEP      criu/bitmap.d
  DEP      criu/bfd.d
  DEP      criu/autofs.d
  DEP      criu/aio.d
  DEP      criu/action-scripts.d
  CC       criu/action-scripts.o
  CC       criu/aio.o
  CC       criu/autofs.o
  CC       criu/bfd.o
  CC       criu/bitmap.o
  CC       criu/cgroup-props.o
  CC       criu/cgroup.o
  CC       criu/clone-noasan.o
  CC       criu/config.o
  CC       criu/cr-check.o
  CC       criu/cr-dedup.o
  CC       criu/cr-dump.o
  CC       criu/cr-errno.o
  CC       criu/cr-restore.o
  CC       criu/cr-service.o
  CC       criu/crtools.o
  CC       criu/eventfd.o
  CC       criu/eventpoll.o
  CC       criu/external.o
  CC       criu/fault-injection.o
  CC       criu/fdstore.o
  CC       criu/fifo.o
  CC       criu/file-ids.o
  CC       criu/file-lock.o
  CC       criu/files-ext.o
  CC       criu/files-reg.o
  CC       criu/files.o
  CC       criu/filesystems.o
  CC       criu/fsnotify.o
  CC       criu/image-desc.o
  CC       criu/image.o
  CC       criu/ipc_ns.o
  CC       criu/irmap.o
  CC       criu/kcmp-ids.o
  CC       criu/kerndat.o
  CC       criu/libnetlink.o
  CC       criu/log.o
  CC       criu/lsm.o
  CC       criu/mem.o
  CC       criu/mount.o
  CC       criu/namespaces.o
  CC       criu/net.o
  CC       criu/netfilter.o
  CC       criu/page-pipe.o
  CC       criu/page-xfer.o
  CC       criu/pagemap-cache.o
  CC       criu/pagemap.o
  CC       criu/parasite-syscall.o
  CC       criu/path.o
  CC       criu/pie-util-vdso-elf32.o
  CC       criu/pie-util-vdso.o
  CC       criu/pie-util.o
  CC       criu/pipes.o
  CC       criu/plugin.o
  CC       criu/proc_parse.o
  CC       criu/protobuf-desc.o
  CC       criu/protobuf.o
  CC       criu/pstree.o
  CC       criu/rbtree.o
  CC       criu/rst-malloc.o
  CC       criu/seccomp.o
  CC       criu/seize.o
  CC       criu/shmem.o
  CC       criu/sigframe.o
  CC       criu/signalfd.o
  CC       criu/sk-inet.o
  CC       criu/sk-netlink.o
  CC       criu/sk-packet.o
  CC       criu/sk-queue.o
  CC       criu/sk-tcp.o
  CC       criu/sk-unix.o
  CC       criu/sockets.o
  CC       criu/stats.o
  CC       criu/string.o
  CC       criu/sysctl.o
  CC       criu/sysfs_parse.o
  CC       criu/timerfd.o
  CC       criu/tty.o
  CC       criu/tun.o
  CC       criu/uffd.o
  CC       criu/util.o
  CC       criu/uts_ns.o
  CC       criu/vdso-compat.o
  CC       criu/vdso.o
  LINK     criu/built-in.o
  LINK     criu/criu
  DEP      lib/c/criu.d
  CC       images/rpc.pb-c.o
  CC       lib/c/criu.o
  LINK     lib/c/built-in.o
  LINK     lib/c/libcriu.so
  GEN      magic.py
fatal: Not a git repository (or any of the parent directories): .git
make[1]: Nothing to be done for 'all'.
make[1]: 'images/built-in.o' is up to date.
make[1]: 'compel/plugins/std.lib.a' is up to date.
make[1]: 'compel/plugins/fds.lib.a' is up to date.
make[1]: 'compel/libcompel.a' is up to date.
make[1]: 'compel/compel-host-bin' is up to date.
make[1]: Nothing to be done for 'all'.
make[1]: 'soccr/libsoccr.a' is up to date.
make[2]: Nothing to be done for 'all'.
make[2]: Nothing to be done for 'all'.
make[2]: Nothing to be done for 'all'.
make[2]: Nothing to be done for 'all'.
make[2]: Nothing to be done for 'all'.
make[2]: Nothing to be done for 'all'.
make[2]: Nothing to be done for 'all'.
make[2]: Nothing to be done for 'all'.
  INSTALL  criu/criu
Removing intermediate container 636d2922dd0e
 ---> 7f3355d7b7df
Step 7/94 : FROM base AS registry
 ---> a83c8da78372
Step 8/94 : ENV REGISTRY_COMMIT_SCHEMA1 ec87e9b6971d831f0eff752ddb54fb64693e51cd
 ---> Running in 1b562ff7802f
Removing intermediate container 1b562ff7802f
 ---> 60ffe3b14a89
Step 9/94 : ENV REGISTRY_COMMIT 47a064d4195a9b56133891bbb13620c3ac83a827
 ---> Running in a3b01c0f1068
Removing intermediate container a3b01c0f1068
 ---> 13598ee8b5c1
Step 10/94 : RUN set -x 	&& export GOPATH="$(mktemp -d)" 	&& git clone https://github.com/docker/distribution.git "$GOPATH/src/github.com/docker/distribution" 	&& (cd "$GOPATH/src/github.com/docker/distribution" && git checkout -q "$REGISTRY_COMMIT") 	&& GOPATH="$GOPATH/src/github.com/docker/distribution/Godeps/_workspace:$GOPATH" 		go build -buildmode=pie -o /build/registry-v2 github.com/docker/distribution/cmd/registry 	&& case $(dpkg --print-architecture) in 		amd64|ppc64*|s390x) 		(cd "$GOPATH/src/github.com/docker/distribution" && git checkout -q "$REGISTRY_COMMIT_SCHEMA1"); 		GOPATH="$GOPATH/src/github.com/docker/distribution/Godeps/_workspace:$GOPATH"; 			go build -buildmode=pie -o /build/registry-v2-schema1 github.com/docker/distribution/cmd/registry; 		;; 	   esac 	&& rm -rf "$GOPATH"
 ---> Running in 579e3130b284
+ mktemp -d
+ export GOPATH=/tmp/tmp.erLMGOWIuI
+ git clone https://github.com/docker/distribution.git /tmp/tmp.erLMGOWIuI/src/github.com/docker/distribution
Cloning into '/tmp/tmp.erLMGOWIuI/src/github.com/docker/distribution'...
+ cd /tmp/tmp.erLMGOWIuI/src/github.com/docker/distribution
+ git checkout -q 47a064d4195a9b56133891bbb13620c3ac83a827
+ GOPATH=/tmp/tmp.erLMGOWIuI/src/github.com/docker/distribution/Godeps/_workspace:/tmp/tmp.erLMGOWIuI go build -buildmode=pie -o /build/registry-v2 github.com/docker/distribution/cmd/registry
+ dpkg --print-architecture
+ cd /tmp/tmp.erLMGOWIuI/src/github.com/docker/distribution
+ git checkout -q ec87e9b6971d831f0eff752ddb54fb64693e51cd
+ GOPATH=/tmp/tmp.erLMGOWIuI/src/github.com/docker/distribution/Godeps/_workspace:/tmp/tmp.erLMGOWIuI
+ go build -buildmode=pie -o /build/registry-v2-schema1 github.com/docker/distribution/cmd/registry
+ rm -rf /tmp/tmp.erLMGOWIuI/src/github.com/docker/distribution/Godeps/_workspace:/tmp/tmp.erLMGOWIuI
Removing intermediate container 579e3130b284
 ---> eb8883900f92
Step 11/94 : FROM base AS docker-py
 ---> a83c8da78372
Step 12/94 : ENV DOCKER_PY_COMMIT 8b246db271a85d6541dc458838627e89c683e42f
 ---> Running in 3fb28206737c
Removing intermediate container 3fb28206737c
 ---> 317a55555532
Step 13/94 : RUN git clone https://github.com/docker/docker-py.git /build 	&& cd /build 	&& git checkout -q $DOCKER_PY_COMMIT
 ---> Running in 0eec2edf3ffc
Cloning into '/build'...
Removing intermediate container 0eec2edf3ffc
 ---> 84d1900af649
Step 14/94 : FROM base AS swagger
 ---> a83c8da78372
Step 15/94 : ENV GO_SWAGGER_COMMIT c28258affb0b6251755d92489ef685af8d4ff3eb
 ---> Running in ccbeef550ab3
Removing intermediate container ccbeef550ab3
 ---> b970fc4eb830
Step 16/94 : RUN set -x 	&& export GOPATH="$(mktemp -d)" 	&& git clone https://github.com/go-swagger/go-swagger.git "$GOPATH/src/github.com/go-swagger/go-swagger" 	&& (cd "$GOPATH/src/github.com/go-swagger/go-swagger" && git checkout -q "$GO_SWAGGER_COMMIT") 	&& go build -o /build/swagger github.com/go-swagger/go-swagger/cmd/swagger 	&& rm -rf "$GOPATH"
 ---> Running in 283116c115e0
+ mktemp -d
+ export GOPATH=/tmp/tmp.6CpM7k3AaR
+ git clone https://github.com/go-swagger/go-swagger.git /tmp/tmp.6CpM7k3AaR/src/github.com/go-swagger/go-swagger
Cloning into '/tmp/tmp.6CpM7k3AaR/src/github.com/go-swagger/go-swagger'...
+ cd /tmp/tmp.6CpM7k3AaR/src/github.com/go-swagger/go-swagger
+ git checkout -q c28258affb0b6251755d92489ef685af8d4ff3eb
+ go build -o /build/swagger github.com/go-swagger/go-swagger/cmd/swagger
+ rm -rf /tmp/tmp.6CpM7k3AaR
Removing intermediate container 283116c115e0
 ---> b486e03e46a4
Step 17/94 : FROM base AS frozen-images
 ---> a83c8da78372
Step 18/94 : RUN apt-get update && apt-get install -y jq ca-certificates --no-install-recommends
 ---> Running in 43c6245346da
Get:1 http://security.debian.org/debian-security stretch/updates InRelease [94.3 kB]
Get:2 http://security.debian.org/debian-security stretch/updates/main amd64 Packages [464 kB]
Ign:3 http://cdn-fastly.deb.debian.org/debian stretch InRelease
Get:4 http://cdn-fastly.deb.debian.org/debian stretch-updates InRelease [91.0 kB]
Get:5 http://cdn-fastly.deb.debian.org/debian stretch Release [118 kB]
Get:6 http://cdn-fastly.deb.debian.org/debian stretch Release.gpg [2434 B]
Get:7 http://cdn-fastly.deb.debian.org/debian stretch-updates/main amd64 Packages [5152 B]
Get:8 http://cdn-fastly.deb.debian.org/debian stretch/main amd64 Packages [7089 kB]
Fetched 7864 kB in 3s (2442 kB/s)
Reading package lists...
Reading package lists...
Building dependency tree...
Reading state information...
ca-certificates is already the newest version (20161130+nmu1+deb9u1).
The following additional packages will be installed:
  libjq1 libonig4
The following NEW packages will be installed:
  jq libjq1 libonig4
0 upgraded, 3 newly installed, 0 to remove and 0 not upgraded.
Need to get 327 kB of archives.
After this operation, 1157 kB of additional disk space will be used.
Get:1 http://cdn-fastly.deb.debian.org/debian stretch/main amd64 libonig4 amd64 6.1.3-2 [146 kB]
Get:2 http://cdn-fastly.deb.debian.org/debian stretch/main amd64 libjq1 amd64 1.5+dfsg-1.3 [123 kB]
Get:3 http://cdn-fastly.deb.debian.org/debian stretch/main amd64 jq amd64 1.5+dfsg-1.3 [58.6 kB]
debconf: delaying package configuration, since apt-utils is not installed
Fetched 327 kB in 1s (309 kB/s)
Selecting previously unselected package libonig4:amd64.
(Reading database ... (Reading database ... 5%(Reading database ... 10%(Reading database ... 15%(Reading database ... 20%(Reading database ... 25%(Reading database ... 30%(Reading database ... 35%(Reading database ... 40%(Reading database ... 45%(Reading database ... 50%(Reading database ... 55%(Reading database ... 60%(Reading database ... 65%(Reading database ... 70%(Reading database ... 75%(Reading database ... 80%(Reading database ... 85%(Reading database ... 90%(Reading database ... 95%(Reading database ... 100%(Reading database ... 15089 files and directories currently installed.)
Preparing to unpack .../libonig4_6.1.3-2_amd64.deb ...
Unpacking libonig4:amd64 (6.1.3-2) ...
Selecting previously unselected package libjq1:amd64.
Preparing to unpack .../libjq1_1.5+dfsg-1.3_amd64.deb ...
Unpacking libjq1:amd64 (1.5+dfsg-1.3) ...
Selecting previously unselected package jq.
Preparing to unpack .../jq_1.5+dfsg-1.3_amd64.deb ...
Unpacking jq (1.5+dfsg-1.3) ...
Setting up libonig4:amd64 (6.1.3-2) ...
Setting up libjq1:amd64 (1.5+dfsg-1.3) ...
Processing triggers for libc-bin (2.24-11+deb9u3) ...
Setting up jq (1.5+dfsg-1.3) ...
Removing intermediate container 43c6245346da
 ---> 20e6f32e2439
Step 19/94 : COPY contrib/download-frozen-image-v2.sh /
 ---> cb413f1867b2
Step 20/94 : RUN /download-frozen-image-v2.sh /build 	buildpack-deps:jessie@sha256:dd86dced7c9cd2a724e779730f0a53f93b7ef42228d4344b25ce9a42a1486251 	busybox:latest@sha256:bbc3a03235220b170ba48a157dd097dd1379299370e1ed99ce976df0355d24f0 	busybox:glibc@sha256:0b55a30394294ab23b9afd58fab94e61a923f5834fba7ddbae7f8e0c11ba85e6 	debian:jessie@sha256:287a20c5f73087ab406e6b364833e3fb7b3ae63ca0eb3486555dc27ed32c6e60 	hello-world:latest@sha256:be0cd392e45be79ffeffa6b05338b98ebb16c87b255f48e297ec7f98e123905c
 ---> Running in 416711a43c72
Downloading 'library/buildpack-deps:jessie@sha256:dd86dced7c9cd2a724e779730f0a53f93b7ef42228d4344b25ce9a42a1486251' (4 layers)...
######################################################################## 100.0%
#####                                                                      7.7%###############                                                           22.1%##########################                                                36.6%##################################                                        48.2%########################################                                  55.6%##################################################                        70.2%############################################################              83.7%######################################################################    97.7%######################################################################## 100.0%
######################################################################## 100.0%
##################                                                        26.0%############################################                              61.7%######################################################################    98.5%######################################################################## 100.0%
######################################################################## 100.0%
####                                                                       6.9%##################                                                        26.2%################################                                          45.6%##############################################                            64.9%#########################################################                 80.1%######################################################################    98.2%######################################################################## 100.0%
######################################################################## 100.0%
##                                                                         3.2%#####                                                                      7.8%#########                                                                 13.9%#############                                                             18.2%#################                                                         24.4%####################                                                      28.7%########################                                                  34.7%############################                                              39.1%################################                                          45.5%###################################                                       49.0%######################################                                    53.8%##########################################                                59.3%##############################################                            64.4%##################################################                        69.6%######################################################                    75.3%#########################################################                 80.0%#############################################################             85.3%################################################################          89.9%#####################################################################     96.3%######################################################################## 100.0%

Downloading 'library/busybox:latest@sha256:bbc3a03235220b170ba48a157dd097dd1379299370e1ed99ce976df0355d24f0' (1 layers)...
######################################################################## 100.0%
######################################################################## 100.0%

Downloading 'library/busybox:glibc@sha256:0b55a30394294ab23b9afd58fab94e61a923f5834fba7ddbae7f8e0c11ba85e6' (1 layers)...
######################################################################## 100.0%
######################################################################## 100.0%

Downloading 'library/debian:jessie@sha256:287a20c5f73087ab406e6b364833e3fb7b3ae63ca0eb3486555dc27ed32c6e60' (1 layers)...
skipping existing 1849cc453dee

Downloading 'library/hello-world:latest@sha256:be0cd392e45be79ffeffa6b05338b98ebb16c87b255f48e297ec7f98e123905c' (1 layers)...
######################################################################## 100.0%
######################################################################## 100.0%

Download of images into '/build' complete.
Use something like the following to load the result into a Docker daemon:
  tar -cC '/build' . | docker load
Removing intermediate container 416711a43c72
 ---> cd1ba7a6976d
Step 21/94 : FROM base AS runtime-dev
 ---> a83c8da78372
Step 22/94 : RUN apt-get update && apt-get install -y 	libapparmor-dev 	libseccomp-dev
 ---> Running in 7b9376de7069
Get:1 http://security.debian.org/debian-security stretch/updates InRelease [94.3 kB]
Ign:2 http://cdn-fastly.deb.debian.org/debian stretch InRelease
Get:3 http://cdn-fastly.deb.debian.org/debian stretch-updates InRelease [91.0 kB]
Get:4 http://cdn-fastly.deb.debian.org/debian stretch Release [118 kB]
Get:5 http://cdn-fastly.deb.debian.org/debian stretch Release.gpg [2434 B]
Get:6 http://security.debian.org/debian-security stretch/updates/main amd64 Packages [464 kB]
Get:7 http://cdn-fastly.deb.debian.org/debian stretch-updates/main amd64 Packages [5152 B]
Get:8 http://cdn-fastly.deb.debian.org/debian stretch/main amd64 Packages [7089 kB]
Fetched 7864 kB in 2s (3145 kB/s)
Reading package lists...
Reading package lists...
Building dependency tree...
Reading state information...
The following additional packages will be installed:
  libapparmor1 libseccomp2
Suggested packages:
  seccomp
The following NEW packages will be installed:
  libapparmor-dev libapparmor1 libseccomp-dev libseccomp2
0 upgraded, 4 newly installed, 0 to remove and 0 not upgraded.
Need to get 300 kB of archives.
After this operation, 1201 kB of additional disk space will be used.
Get:1 http://cdn-fastly.deb.debian.org/debian stretch/main amd64 libseccomp2 amd64 2.3.1-2.1+deb9u1 [40.7 kB]
Get:2 http://cdn-fastly.deb.debian.org/debian stretch/main amd64 libseccomp-dev amd64 2.3.1-2.1+deb9u1 [61.0 kB]
Get:3 http://cdn-fastly.deb.debian.org/debian stretch/main amd64 libapparmor1 amd64 2.11.0-3+deb9u2 [78.9 kB]
Get:4 http://cdn-fastly.deb.debian.org/debian stretch/main amd64 libapparmor-dev amd64 2.11.0-3+deb9u2 [119 kB]
debconf: delaying package configuration, since apt-utils is not installed
Fetched 300 kB in 1s (284 kB/s)
Selecting previously unselected package libseccomp2:amd64.
(Reading database ... (Reading database ... 5%(Reading database ... 10%(Reading database ... 15%(Reading database ... 20%(Reading database ... 25%(Reading database ... 30%(Reading database ... 35%(Reading database ... 40%(Reading database ... 45%(Reading database ... 50%(Reading database ... 55%(Reading database ... 60%(Reading database ... 65%(Reading database ... 70%(Reading database ... 75%(Reading database ... 80%(Reading database ... 85%(Reading database ... 90%(Reading database ... 95%(Reading database ... 100%(Reading database ... 15089 files and directories currently installed.)
Preparing to unpack .../libseccomp2_2.3.1-2.1+deb9u1_amd64.deb ...
Unpacking libseccomp2:amd64 (2.3.1-2.1+deb9u1) ...
Selecting previously unselected package libseccomp-dev:amd64.
Preparing to unpack .../libseccomp-dev_2.3.1-2.1+deb9u1_amd64.deb ...
Unpacking libseccomp-dev:amd64 (2.3.1-2.1+deb9u1) ...
Selecting previously unselected package libapparmor1:amd64.
Preparing to unpack .../libapparmor1_2.11.0-3+deb9u2_amd64.deb ...
Unpacking libapparmor1:amd64 (2.11.0-3+deb9u2) ...
Selecting previously unselected package libapparmor-dev:amd64.
Preparing to unpack .../libapparmor-dev_2.11.0-3+deb9u2_amd64.deb ...
Unpacking libapparmor-dev:amd64 (2.11.0-3+deb9u2) ...
Processing triggers for libc-bin (2.24-11+deb9u3) ...
Setting up libseccomp2:amd64 (2.3.1-2.1+deb9u1) ...
Setting up libapparmor1:amd64 (2.11.0-3+deb9u2) ...
Setting up libseccomp-dev:amd64 (2.3.1-2.1+deb9u1) ...
Setting up libapparmor-dev:amd64 (2.11.0-3+deb9u2) ...
Processing triggers for libc-bin (2.24-11+deb9u3) ...
Removing intermediate container 7b9376de7069
 ---> 80fb2ad6cb87
Step 23/94 : FROM base AS tomlv
 ---> a83c8da78372
Step 24/94 : ENV INSTALL_BINARY_NAME=tomlv
 ---> Running in 0205dcf30e7a
Removing intermediate container 0205dcf30e7a
 ---> bf8a4c718b68
Step 25/94 : COPY hack/dockerfile/install/install.sh ./install.sh
 ---> 50cc94544d14
Step 26/94 : COPY hack/dockerfile/install/$INSTALL_BINARY_NAME.installer ./
 ---> 9be0ce4f0c2b
Step 27/94 : RUN PREFIX=/build ./install.sh $INSTALL_BINARY_NAME
 ---> Running in 5e3a113764e7
+ RM_GOPATH=0
+ TMP_GOPATH=
+ : /build
+ [[ -z '' ]]
++ mktemp -d
+ export GOPATH=/tmp/tmp.dWhmJCS2Uh
+ GOPATH=/tmp/tmp.dWhmJCS2Uh
+ RM_GOPATH=1
++ dirname ./install.sh
+ dir=.
+ bin=tomlv
+ shift
+ [[ ! -f ./tomlv.installer ]]
+ . ./tomlv.installer
++ TOMLV_COMMIT=3012a1dbe2e4bd1391d42b32f0577cb7bbc7f005
+ install_tomlv
+ echo 'Install tomlv version 3012a1dbe2e4bd1391d42b32f0577cb7bbc7f005'
+ git clone https://github.com/BurntSushi/toml.git /tmp/tmp.dWhmJCS2Uh/src/github.com/BurntSushi/toml
Cloning into '/tmp/tmp.dWhmJCS2Uh/src/github.com/BurntSushi/toml'...
Install tomlv version 3012a1dbe2e4bd1391d42b32f0577cb7bbc7f005
+ cd /tmp/tmp.dWhmJCS2Uh/src/github.com/BurntSushi/toml
+ git checkout -q 3012a1dbe2e4bd1391d42b32f0577cb7bbc7f005
+ go build -v -buildmode=pie -o /build/tomlv github.com/BurntSushi/toml/cmd/tomlv
encoding
sort
strings
bytes
flag
bufio
path/filepath
log
path
io/ioutil
text/tabwriter
github.com/BurntSushi/toml
github.com/BurntSushi/toml/cmd/tomlv
Removing intermediate container 5e3a113764e7
 ---> 9d7eb24fa1cf
Step 28/94 : FROM base AS vndr
 ---> a83c8da78372
Step 29/94 : ENV INSTALL_BINARY_NAME=vndr
 ---> Running in 804f79d5404e
Removing intermediate container 804f79d5404e
 ---> 758da4604c0f
Step 30/94 : COPY hack/dockerfile/install/install.sh ./install.sh
 ---> a6b932d2cc90
Step 31/94 : COPY hack/dockerfile/install/$INSTALL_BINARY_NAME.installer ./
 ---> 396a177dcbfc
Step 32/94 : RUN PREFIX=/build ./install.sh $INSTALL_BINARY_NAME
 ---> Running in 3f2be823ad3e
+ RM_GOPATH=0
+ TMP_GOPATH=
+ : /build
+ [[ -z '' ]]
++ mktemp -d
+ export GOPATH=/tmp/tmp.0jujEsfHxc
+ GOPATH=/tmp/tmp.0jujEsfHxc
+ RM_GOPATH=1
++ dirname ./install.sh
Install vndr version 81cb8916aad3c8d06193f008dba3e16f82851f52
+ dir=.
+ bin=vndr
+ shift
+ [[ ! -f ./vndr.installer ]]
+ . ./vndr.installer
++ VNDR_COMMIT=81cb8916aad3c8d06193f008dba3e16f82851f52
+ install_vndr
+ echo 'Install vndr version 81cb8916aad3c8d06193f008dba3e16f82851f52'
+ git clone https://github.com/LK4D4/vndr.git /tmp/tmp.0jujEsfHxc/src/github.com/LK4D4/vndr
Cloning into '/tmp/tmp.0jujEsfHxc/src/github.com/LK4D4/vndr'...
+ cd /tmp/tmp.0jujEsfHxc/src/github.com/LK4D4/vndr
+ git checkout -q 81cb8916aad3c8d06193f008dba3e16f82851f52
+ go build -buildmode=pie -v -o /build/vndr .
encoding
bytes
sort
strings
bufio
go/token
flag
path/filepath
go/scanner
path
regexp/syntax
go/ast
regexp
io/ioutil
net/url
text/template/parse
go/parser
log
text/template
encoding/binary
encoding/base64
unicode/utf16
encoding/json
go/doc
encoding/xml
github.com/LK4D4/vndr/build
github.com/LK4D4/vndr/godl/singleflight
compress/flate
hash
hash/crc32
container/list
context
compress/gzip
crypto/internal/subtle
crypto/subtle
math/rand
crypto/cipher
math/big
crypto/aes
crypto
crypto/des
crypto/internal/randutil
crypto/sha512
crypto/hmac
crypto/md5
crypto/rc4
crypto/sha1
crypto/sha256
encoding/hex
crypto/rand
crypto/elliptic
encoding/asn1
crypto/rsa
crypto/ecdsa
crypto/dsa
crypto/x509/pkix
encoding/pem
vendor/golang_org/x/crypto/cryptobyte/asn1
vendor/golang_org/x/net/dns/dnsmessage
vendor/golang_org/x/crypto/cryptobyte
internal/nettrace
internal/singleflight
vendor/golang_org/x/crypto/internal/chacha20
net
vendor/golang_org/x/crypto/poly1305
vendor/golang_org/x/crypto/chacha20poly1305
vendor/golang_org/x/crypto/curve25519
vendor/golang_org/x/text/transform
vendor/golang_org/x/text/unicode/bidi
vendor/golang_org/x/text/secure/bidirule
vendor/golang_org/x/text/unicode/norm
vendor/golang_org/x/net/idna
vendor/golang_org/x/net/http2/hpack
mime
mime/quotedprintable
net/http/internal
os/exec
net/textproto
crypto/x509
vendor/golang_org/x/net/http/httpguts
vendor/golang_org/x/net/http/httpproxy
mime/multipart
crypto/tls
net/http/httptrace
net/http
github.com/LK4D4/vndr/godl
github.com/LK4D4/vndr
Removing intermediate container 3f2be823ad3e
 ---> 6ca1503e46fb
Step 33/94 : FROM base AS containerd
 ---> a83c8da78372
Step 34/94 : RUN apt-get update && apt-get install -y btrfs-tools
 ---> Running in cebf5b173918
Ign:1 http://cdn-fastly.deb.debian.org/debian stretch InRelease
Get:2 http://cdn-fastly.deb.debian.org/debian stretch-updates InRelease [91.0 kB]
Get:3 http://cdn-fastly.deb.debian.org/debian stretch Release [118 kB]
Get:4 http://cdn-fastly.deb.debian.org/debian stretch Release.gpg [2434 B]
Get:5 http://cdn-fastly.deb.debian.org/debian stretch-updates/main amd64 Packages [5152 B]
Get:6 http://cdn-fastly.deb.debian.org/debian stretch/main amd64 Packages [7089 kB]
Get:7 http://security.debian.org/debian-security stretch/updates InRelease [94.3 kB]
Get:8 http://security.debian.org/debian-security stretch/updates/main amd64 Packages [464 kB]
Fetched 7864 kB in 1s (4746 kB/s)
Reading package lists...
Reading package lists...
Building dependency tree...
Reading state information...
The following additional packages will be installed:
  btrfs-progs liblzo2-2
The following NEW packages will be installed:
  btrfs-progs btrfs-tools liblzo2-2
0 upgraded, 3 newly installed, 0 to remove and 0 not upgraded.
Need to get 649 kB of archives.
After this operation, 4320 kB of additional disk space will be used.
Get:1 http://cdn-fastly.deb.debian.org/debian stretch/main amd64 liblzo2-2 amd64 2.08-1.2+b2 [55.0 kB]
Get:2 http://cdn-fastly.deb.debian.org/debian stretch/main amd64 btrfs-progs amd64 4.7.3-1 [577 kB]
Get:3 http://cdn-fastly.deb.debian.org/debian stretch/main amd64 btrfs-tools amd64 4.7.3-1 [16.9 kB]
debconf: delaying package configuration, since apt-utils is not installed
Fetched 649 kB in 1s (607 kB/s)
Selecting previously unselected package liblzo2-2:amd64.
(Reading database ... (Reading database ... 5%(Reading database ... 10%(Reading database ... 15%(Reading database ... 20%(Reading database ... 25%(Reading database ... 30%(Reading database ... 35%(Reading database ... 40%(Reading database ... 45%(Reading database ... 50%(Reading database ... 55%(Reading database ... 60%(Reading database ... 65%(Reading database ... 70%(Reading database ... 75%(Reading database ... 80%(Reading database ... 85%(Reading database ... 90%(Reading database ... 95%(Reading database ... 100%(Reading database ... 15089 files and directories currently installed.)
Preparing to unpack .../liblzo2-2_2.08-1.2+b2_amd64.deb ...
Unpacking liblzo2-2:amd64 (2.08-1.2+b2) ...
Selecting previously unselected package btrfs-progs.
Preparing to unpack .../btrfs-progs_4.7.3-1_amd64.deb ...
Unpacking btrfs-progs (4.7.3-1) ...
Selecting previously unselected package btrfs-tools.
Preparing to unpack .../btrfs-tools_4.7.3-1_amd64.deb ...
Unpacking btrfs-tools (4.7.3-1) ...
Processing triggers for libc-bin (2.24-11+deb9u3) ...
Setting up liblzo2-2:amd64 (2.08-1.2+b2) ...
Setting up btrfs-progs (4.7.3-1) ...
Setting up btrfs-tools (4.7.3-1) ...
Processing triggers for libc-bin (2.24-11+deb9u3) ...
Removing intermediate container cebf5b173918
 ---> 1bac20cd424c
Step 35/94 : ENV INSTALL_BINARY_NAME=containerd
 ---> Running in 8437037c3bed
Removing intermediate container 8437037c3bed
 ---> 4c41fc9c14a3
Step 36/94 : COPY hack/dockerfile/install/install.sh ./install.sh
 ---> f2bdb1dfff30
Step 37/94 : COPY hack/dockerfile/install/$INSTALL_BINARY_NAME.installer ./
 ---> a7a3f3e59b96
Step 38/94 : RUN PREFIX=/build ./install.sh $INSTALL_BINARY_NAME
 ---> Running in e38103c5211e
+ RM_GOPATH=0
+ TMP_GOPATH=
+ : /build
+ [[ -z '' ]]
++ mktemp -d
+ export GOPATH=/tmp/tmp.fk9eQeRJjV
+ GOPATH=/tmp/tmp.fk9eQeRJjV
+ RM_GOPATH=1
++ dirname ./install.sh
+ dir=.
+ bin=containerd
+ shift
+ [[ ! -f ./containerd.installer ]]
+ . ./containerd.installer
++ CONTAINERD_COMMIT=aa5e000c963756778ab3ebd1a12c67449c503a34
+ install_containerd
+ echo 'Install containerd version aa5e000c963756778ab3ebd1a12c67449c503a34'
+ git clone https://github.com/containerd/containerd.git /tmp/tmp.fk9eQeRJjV/src/github.com/containerd/containerd
Install containerd version aa5e000c963756778ab3ebd1a12c67449c503a34
Cloning into '/tmp/tmp.fk9eQeRJjV/src/github.com/containerd/containerd'...
+ cd /tmp/tmp.fk9eQeRJjV/src/github.com/containerd/containerd
+ git checkout -q aa5e000c963756778ab3ebd1a12c67449c503a34
+ export 'BUILDTAGS=netgo osusergo static_build'
+ BUILDTAGS='netgo osusergo static_build'
+ export EXTRA_FLAGS=-buildmode=pie
+ EXTRA_FLAGS=-buildmode=pie
+ export 'EXTRA_LDFLAGS=-extldflags "-fno-PIC -static"'
+ EXTRA_LDFLAGS='-extldflags "-fno-PIC -static"'
+ '[' '' == dynamic ']'
+ make
 bin/ctr
 bin/containerd
 bin/containerd-stress
 bin/containerd-shim
 bin/containerd-shim-runc-v1
 binaries
+ mkdir -p /build
+ cp bin/containerd /build/containerd
+ cp bin/containerd-shim /build/containerd-shim
+ cp bin/ctr /build/ctr
Removing intermediate container e38103c5211e
 ---> 985ce97feec9
Step 39/94 : FROM base AS proxy
 ---> a83c8da78372
Step 40/94 : ENV INSTALL_BINARY_NAME=proxy
 ---> Running in f25cd6e2e755
Removing intermediate container f25cd6e2e755
 ---> fe2e39457249
Step 41/94 : COPY hack/dockerfile/install/install.sh ./install.sh
 ---> 84793f539982
Step 42/94 : COPY hack/dockerfile/install/$INSTALL_BINARY_NAME.installer ./
 ---> 4d370eebd83d
Step 43/94 : RUN PREFIX=/build ./install.sh $INSTALL_BINARY_NAME
 ---> Running in 3ac15f9cd258
+ RM_GOPATH=0
+ TMP_GOPATH=
+ : /build
+ [[ -z '' ]]
++ mktemp -d
+ export GOPATH=/tmp/tmp.Tejhh8aQEv
+ GOPATH=/tmp/tmp.Tejhh8aQEv
+ RM_GOPATH=1
++ dirname ./install.sh
Install docker-proxy version 1a06131fb8a047d919f7deaf02a4c414d7884b83
+ dir=.
+ bin=proxy
+ shift
+ [[ ! -f ./proxy.installer ]]
+ . ./proxy.installer
++ LIBNETWORK_COMMIT=1a06131fb8a047d919f7deaf02a4c414d7884b83
+ install_proxy
+ case "$1" in
+ export CGO_ENABLED=0
+ CGO_ENABLED=0
+ _install_proxy
+ echo 'Install docker-proxy version 1a06131fb8a047d919f7deaf02a4c414d7884b83'
+ git clone https://github.com/docker/libnetwork.git /tmp/tmp.Tejhh8aQEv/src/github.com/docker/libnetwork
Cloning into '/tmp/tmp.Tejhh8aQEv/src/github.com/docker/libnetwork'...
+ cd /tmp/tmp.Tejhh8aQEv/src/github.com/docker/libnetwork
+ git checkout -q 1a06131fb8a047d919f7deaf02a4c414d7884b83
+ go build -ldflags= -o /build/docker-proxy github.com/docker/libnetwork/cmd/proxy
Removing intermediate container 3ac15f9cd258
 ---> e3b26e4c67dd
Step 44/94 : FROM base AS gometalinter
 ---> a83c8da78372
Step 45/94 : ENV INSTALL_BINARY_NAME=gometalinter
 ---> Running in 8917d02e4bc6
Removing intermediate container 8917d02e4bc6
 ---> 7c0f6bea9950
Step 46/94 : COPY hack/dockerfile/install/install.sh ./install.sh
 ---> e6532fed54ff
Step 47/94 : COPY hack/dockerfile/install/$INSTALL_BINARY_NAME.installer ./
 ---> 0c81cd0dd248
Step 48/94 : RUN PREFIX=/build ./install.sh $INSTALL_BINARY_NAME
 ---> Running in de0a955a198e
+ RM_GOPATH=0
+ TMP_GOPATH=
+ : /build
+ [[ -z '' ]]
++ mktemp -d
+ export GOPATH=/tmp/tmp.7JS2oW3Kzq
+ GOPATH=/tmp/tmp.7JS2oW3Kzq
+ RM_GOPATH=1
++ dirname ./install.sh
+ dir=.
+ bin=gometalinter
+ shift
+ [[ ! -f ./gometalinter.installer ]]
+ . ./gometalinter.installer
++ GOMETALINTER_COMMIT=v2.0.6
+ install_gometalinter
+ echo 'Installing gometalinter version v2.0.6'
+ go get -d github.com/alecthomas/gometalinter
Installing gometalinter version v2.0.6
+ cd /tmp/tmp.7JS2oW3Kzq/src/github.com/alecthomas/gometalinter
+ git checkout -q v2.0.6
+ go build -buildmode=pie -o /build/gometalinter github.com/alecthomas/gometalinter
+ GOBIN=/build
+ /build/gometalinter --install
Installing:
  deadcode
  dupl
  errcheck
  gas
  gochecknoglobals
  gochecknoinits
  goconst
  gocyclo
  goimports
  golint
  gosimple
  gotype
  gotypex
  ineffassign
  interfacer
  lll
  maligned
  megacheck
  misspell
  nakedret
  safesql
  staticcheck
  structcheck
  unconvert
  unparam
  unused
  varcheck
Removing intermediate container de0a955a198e
 ---> 36962979bbf6
Step 49/94 : FROM base AS dockercli
 ---> a83c8da78372
Step 50/94 : ENV INSTALL_BINARY_NAME=dockercli
 ---> Running in ff0ffd78699e
Removing intermediate container ff0ffd78699e
 ---> f6765942f508
Step 51/94 : COPY hack/dockerfile/install/install.sh ./install.sh
 ---> 87abf6a90c02
Step 52/94 : COPY hack/dockerfile/install/$INSTALL_BINARY_NAME.installer ./
 ---> 0491c9e9541e
Step 53/94 : RUN PREFIX=/build ./install.sh $INSTALL_BINARY_NAME
 ---> Running in 56deea4191db
+ RM_GOPATH=0
+ TMP_GOPATH=
+ : /build
+ [[ -z '' ]]
++ mktemp -d
+ export GOPATH=/tmp/tmp.JM8secz8i9
+ GOPATH=/tmp/tmp.JM8secz8i9
+ RM_GOPATH=1
++ dirname ./install.sh
+ dir=.
+ bin=dockercli
+ shift
+ [[ ! -f ./dockercli.installer ]]
+ . ./dockercli.installer
++ DOCKERCLI_CHANNEL=edge
++ DOCKERCLI_VERSION=17.06.0-ce
+ install_dockercli
+ echo 'Install docker/cli version 17.06.0-ce from edge'
++ uname -m
Install docker/cli version 17.06.0-ce from edge
+ arch=x86_64
+ '[' x86_64 '!=' x86_64 ']'
+ url=https://download.docker.com/linux/static
+ curl -Ls https://download.docker.com/linux/static/edge/x86_64/docker-17.06.0-ce.tgz
+ tar -xz docker/docker
+ mkdir -p /build
+ mv docker/docker /build/
+ rmdir docker
Removing intermediate container 56deea4191db
 ---> 3fdab492b2ff
Step 54/94 : FROM runtime-dev AS runc
 ---> 80fb2ad6cb87
Step 55/94 : ENV INSTALL_BINARY_NAME=runc
 ---> Running in 7ce36290c8ea
Removing intermediate container 7ce36290c8ea
 ---> 32ab15a1659a
Step 56/94 : COPY hack/dockerfile/install/install.sh ./install.sh
 ---> 8f77e5c9f718
Step 57/94 : COPY hack/dockerfile/install/$INSTALL_BINARY_NAME.installer ./
 ---> f143b7879e48
Step 58/94 : RUN PREFIX=/build ./install.sh $INSTALL_BINARY_NAME
 ---> Running in 00589ea66f15
+ RM_GOPATH=0
+ TMP_GOPATH=
+ : /build
+ [[ -z '' ]]
++ mktemp -d
+ export GOPATH=/tmp/tmp.YFaRSQtOuJ
+ GOPATH=/tmp/tmp.YFaRSQtOuJ
+ RM_GOPATH=1
++ dirname ./install.sh
+ dir=.
+ bin=runc
+ shift
+ [[ ! -f ./runc.installer ]]
+ . ./runc.installer
++ RUNC_COMMIT=96ec2177ae841256168fcf76954f7177af9446eb
+ install_runc
+ uname -r
+ grep -q '^3\.10\.0.*\.el7\.'
Install runc version 96ec2177ae841256168fcf76954f7177af9446eb (build tags: seccomp apparmor selinux )
+ RUNC_BUILDTAGS='seccomp apparmor selinux '
+ echo 'Install runc version 96ec2177ae841256168fcf76954f7177af9446eb (build tags: seccomp apparmor selinux )'
+ git clone https://github.com/opencontainers/runc.git /tmp/tmp.YFaRSQtOuJ/src/github.com/opencontainers/runc
Cloning into '/tmp/tmp.YFaRSQtOuJ/src/github.com/opencontainers/runc'...
+ cd /tmp/tmp.YFaRSQtOuJ/src/github.com/opencontainers/runc
+ git checkout -q 96ec2177ae841256168fcf76954f7177af9446eb
+ '[' -z '' ']'
+ target=static
+ make 'BUILDTAGS=seccomp apparmor selinux ' static
CGO_ENABLED=1 go build  -tags "seccomp apparmor selinux  netgo osusergo static_build" -installsuffix netgo -ldflags "-w -extldflags -static -X main.gitCommit="96ec2177ae841256168fcf76954f7177af9446eb" -X main.version=1.0.0-rc6+dev " -o runc .
CGO_ENABLED=1 go build  -tags "seccomp apparmor selinux  netgo osusergo static_build" -installsuffix netgo -ldflags "-w -extldflags -static -X main.gitCommit="96ec2177ae841256168fcf76954f7177af9446eb" -X main.version=1.0.0-rc6+dev " -o contrib/cmd/recvtty/recvtty ./contrib/cmd/recvtty
+ mkdir -p /build
+ cp runc /build/runc
Removing intermediate container 00589ea66f15
 ---> 22683fda7636
Step 59/94 : FROM base AS tini
 ---> a83c8da78372
Step 60/94 : RUN apt-get update && apt-get install -y cmake vim-common
 ---> Running in 606ac52b5ba5
Get:1 http://security.debian.org/debian-security stretch/updates InRelease [94.3 kB]
Ign:2 http://cdn-fastly.deb.debian.org/debian stretch InRelease
Get:3 http://cdn-fastly.deb.debian.org/debian stretch-updates InRelease [91.0 kB]
Get:4 http://cdn-fastly.deb.debian.org/debian stretch Release [118 kB]
Get:5 http://cdn-fastly.deb.debian.org/debian stretch Release.gpg [2434 B]
Get:6 http://security.debian.org/debian-security stretch/updates/main amd64 Packages [464 kB]
Get:7 http://cdn-fastly.deb.debian.org/debian stretch-updates/main amd64 Packages [5152 B]
Get:8 http://cdn-fastly.deb.debian.org/debian stretch/main amd64 Packages [7089 kB]
Fetched 7864 kB in 2s (3056 kB/s)
Reading package lists...
Reading package lists...
Building dependency tree...
Reading state information...
The following additional packages will be installed:
  cmake-data libarchive13 libgpm2 libicu57 libjsoncpp1 liblzo2-2 libuv1
  libxml2 sgml-base vim vim-runtime xml-core xxd
Suggested packages:
  codeblocks eclipse ninja-build lrzip gpm sgml-base-doc ctags vim-doc
  vim-scripts debhelper
The following NEW packages will be installed:
  cmake cmake-data libarchive13 libgpm2 libicu57 libjsoncpp1 liblzo2-2 libuv1
  libxml2 sgml-base vim vim-common vim-runtime xml-core xxd
0 upgraded, 15 newly installed, 0 to remove and 0 not upgraded.
Need to get 20.2 MB of archives.
After this operation, 88.1 MB of additional disk space will be used.
Get:1 http://security.debian.org/debian-security stretch/updates/main amd64 libarchive13 amd64 3.2.2-2+deb9u1 [294 kB]
Get:2 http://cdn-fastly.deb.debian.org/debian stretch/main amd64 cmake-data all 3.7.2-1 [1216 kB]
Get:3 http://cdn-fastly.deb.debian.org/debian stretch/main amd64 liblzo2-2 amd64 2.08-1.2+b2 [55.0 kB]
Get:4 http://cdn-fastly.deb.debian.org/debian stretch/main amd64 libicu57 amd64 57.1-6+deb9u2 [7700 kB]
Get:5 http://cdn-fastly.deb.debian.org/debian stretch/main amd64 libxml2 amd64 2.9.4+dfsg1-2.2+deb9u2 [920 kB]
Get:6 http://cdn-fastly.deb.debian.org/debian stretch/main amd64 libjsoncpp1 amd64 1.7.4-3 [75.6 kB]
Get:7 http://cdn-fastly.deb.debian.org/debian stretch/main amd64 libuv1 amd64 1.9.1-3 [84.4 kB]
Get:8 http://cdn-fastly.deb.debian.org/debian stretch/main amd64 cmake amd64 3.7.2-1 [3038 kB]
Get:9 http://cdn-fastly.deb.debian.org/debian stretch/main amd64 sgml-base all 1.29 [14.8 kB]
Get:10 http://cdn-fastly.deb.debian.org/debian stretch/main amd64 xxd amd64 2:8.0.0197-4+deb9u1 [132 kB]
Get:11 http://cdn-fastly.deb.debian.org/debian stretch/main amd64 vim-common all 2:8.0.0197-4+deb9u1 [159 kB]
Get:12 http://cdn-fastly.deb.debian.org/debian stretch/main amd64 libgpm2 amd64 1.20.4-6.2+b1 [34.2 kB]
Get:13 http://cdn-fastly.deb.debian.org/debian stretch/main amd64 vim-runtime all 2:8.0.0197-4+deb9u1 [5407 kB]
Get:14 http://cdn-fastly.deb.debian.org/debian stretch/main amd64 vim amd64 2:8.0.0197-4+deb9u1 [1034 kB]
Get:15 http://cdn-fastly.deb.debian.org/debian stretch/main amd64 xml-core all 0.17 [23.2 kB]
debconf: delaying package configuration, since apt-utils is not installed
Fetched 20.2 MB in 1s (15.1 MB/s)
Selecting previously unselected package cmake-data.
(Reading database ... (Reading database ... 5%(Reading database ... 10%(Reading database ... 15%(Reading database ... 20%(Reading database ... 25%(Reading database ... 30%(Reading database ... 35%(Reading database ... 40%(Reading database ... 45%(Reading database ... 50%(Reading database ... 55%(Reading database ... 60%(Reading database ... 65%(Reading database ... 70%(Reading database ... 75%(Reading database ... 80%(Reading database ... 85%(Reading database ... 90%(Reading database ... 95%(Reading database ... 100%(Reading database ... 15089 files and directories currently installed.)
Preparing to unpack .../00-cmake-data_3.7.2-1_all.deb ...
Unpacking cmake-data (3.7.2-1) ...
Selecting previously unselected package liblzo2-2:amd64.
Preparing to unpack .../01-liblzo2-2_2.08-1.2+b2_amd64.deb ...
Unpacking liblzo2-2:amd64 (2.08-1.2+b2) ...
Selecting previously unselected package libicu57:amd64.
Preparing to unpack .../02-libicu57_57.1-6+deb9u2_amd64.deb ...
Unpacking libicu57:amd64 (57.1-6+deb9u2) ...
Selecting previously unselected package libxml2:amd64.
Preparing to unpack .../03-libxml2_2.9.4+dfsg1-2.2+deb9u2_amd64.deb ...
Unpacking libxml2:amd64 (2.9.4+dfsg1-2.2+deb9u2) ...
Selecting previously unselected package libarchive13:amd64.
Preparing to unpack .../04-libarchive13_3.2.2-2+deb9u1_amd64.deb ...
Unpacking libarchive13:amd64 (3.2.2-2+deb9u1) ...
Selecting previously unselected package libjsoncpp1:amd64.
Preparing to unpack .../05-libjsoncpp1_1.7.4-3_amd64.deb ...
Unpacking libjsoncpp1:amd64 (1.7.4-3) ...
Selecting previously unselected package libuv1:amd64.
Preparing to unpack .../06-libuv1_1.9.1-3_amd64.deb ...
Unpacking libuv1:amd64 (1.9.1-3) ...
Selecting previously unselected package cmake.
Preparing to unpack .../07-cmake_3.7.2-1_amd64.deb ...
Unpacking cmake (3.7.2-1) ...
Selecting previously unselected package sgml-base.
Preparing to unpack .../08-sgml-base_1.29_all.deb ...
Unpacking sgml-base (1.29) ...
Selecting previously unselected package xxd.
Preparing to unpack .../09-xxd_2%3a8.0.0197-4+deb9u1_amd64.deb ...
Unpacking xxd (2:8.0.0197-4+deb9u1) ...
Selecting previously unselected package vim-common.
Preparing to unpack .../10-vim-common_2%3a8.0.0197-4+deb9u1_all.deb ...
Unpacking vim-common (2:8.0.0197-4+deb9u1) ...
Selecting previously unselected package libgpm2:amd64.
Preparing to unpack .../11-libgpm2_1.20.4-6.2+b1_amd64.deb ...
Unpacking libgpm2:amd64 (1.20.4-6.2+b1) ...
Selecting previously unselected package vim-runtime.
Preparing to unpack .../12-vim-runtime_2%3a8.0.0197-4+deb9u1_all.deb ...
Adding 'diversion of /usr/share/vim/vim80/doc/help.txt to /usr/share/vim/vim80/doc/help.txt.vim-tiny by vim-runtime'
Adding 'diversion of /usr/share/vim/vim80/doc/tags to /usr/share/vim/vim80/doc/tags.vim-tiny by vim-runtime'
Unpacking vim-runtime (2:8.0.0197-4+deb9u1) ...
Selecting previously unselected package vim.
Preparing to unpack .../13-vim_2%3a8.0.0197-4+deb9u1_amd64.deb ...
Unpacking vim (2:8.0.0197-4+deb9u1) ...
Selecting previously unselected package xml-core.
Preparing to unpack .../14-xml-core_0.17_all.deb ...
Unpacking xml-core (0.17) ...
Processing triggers for mime-support (3.60) ...
Setting up xxd (2:8.0.0197-4+deb9u1) ...
Setting up libgpm2:amd64 (1.20.4-6.2+b1) ...
Setting up libuv1:amd64 (1.9.1-3) ...
Setting up cmake-data (3.7.2-1) ...
Setting up sgml-base (1.29) ...
Setting up libicu57:amd64 (57.1-6+deb9u2) ...
Setting up libxml2:amd64 (2.9.4+dfsg1-2.2+deb9u2) ...
Processing triggers for libc-bin (2.24-11+deb9u3) ...
Setting up vim-common (2:8.0.0197-4+deb9u1) ...
Setting up vim-runtime (2:8.0.0197-4+deb9u1) ...
Setting up xml-core (0.17) ...
Setting up liblzo2-2:amd64 (2.08-1.2+b2) ...
Setting up libjsoncpp1:amd64 (1.7.4-3) ...
Setting up vim (2:8.0.0197-4+deb9u1) ...
update-alternatives: using /usr/bin/vim.basic to provide /usr/bin/vim (vim) in auto mode
update-alternatives: using /usr/bin/vim.basic to provide /usr/bin/vimdiff (vimdiff) in auto mode
update-alternatives: using /usr/bin/vim.basic to provide /usr/bin/rvim (rvim) in auto mode
update-alternatives: using /usr/bin/vim.basic to provide /usr/bin/rview (rview) in auto mode
update-alternatives: using /usr/bin/vim.basic to provide /usr/bin/vi (vi) in auto mode
update-alternatives: using /usr/bin/vim.basic to provide /usr/bin/view (view) in auto mode
update-alternatives: using /usr/bin/vim.basic to provide /usr/bin/ex (ex) in auto mode
update-alternatives: using /usr/bin/vim.basic to provide /usr/bin/editor (editor) in auto mode
Setting up libarchive13:amd64 (3.2.2-2+deb9u1) ...
Setting up cmake (3.7.2-1) ...
Processing triggers for sgml-base (1.29) ...
Processing triggers for libc-bin (2.24-11+deb9u3) ...
Removing intermediate container 606ac52b5ba5
 ---> 5fe9dc3ac5e6
Step 61/94 : COPY hack/dockerfile/install/install.sh ./install.sh
 ---> e92f41da37c8
Step 62/94 : ENV INSTALL_BINARY_NAME=tini
 ---> Running in 9f78b871c283
Removing intermediate container 9f78b871c283
 ---> 72bd5913b245
Step 63/94 : COPY hack/dockerfile/install/$INSTALL_BINARY_NAME.installer ./
 ---> 4933bb7cabf2
Step 64/94 : RUN PREFIX=/build ./install.sh $INSTALL_BINARY_NAME
 ---> Running in 1bc91819e2b6
+ RM_GOPATH=0
+ TMP_GOPATH=
+ : /build
+ [[ -z '' ]]
++ mktemp -d
+ export GOPATH=/tmp/tmp.CsOiYXUCAg
+ GOPATH=/tmp/tmp.CsOiYXUCAg
+ RM_GOPATH=1
Install tini version fec3683b971d9c3ef73f284f176672c44b448662
++ dirname ./install.sh
+ dir=.
+ bin=tini
+ shift
+ [[ ! -f ./tini.installer ]]
+ . ./tini.installer
++ TINI_COMMIT=fec3683b971d9c3ef73f284f176672c44b448662
+ install_tini
+ echo 'Install tini version fec3683b971d9c3ef73f284f176672c44b448662'
+ git clone https://github.com/krallin/tini.git /tmp/tmp.CsOiYXUCAg/tini
Cloning into '/tmp/tmp.CsOiYXUCAg/tini'...
+ cd /tmp/tmp.CsOiYXUCAg/tini
+ git checkout -q fec3683b971d9c3ef73f284f176672c44b448662
+ cmake .
-- The C compiler identification is GNU 6.3.0
-- Check for working C compiler: /usr/bin/cc
-- Check for working C compiler: /usr/bin/cc -- works
-- Detecting C compiler ABI info
-- Detecting C compiler ABI info - done
-- Detecting C compile features
-- Detecting C compile features - done
-- Performing Test HAS_BUILTIN_FORTIFY
-- Performing Test HAS_BUILTIN_FORTIFY - Failed
-- Configuring done
-- Generating done
-- Build files have been written to: /tmp/tmp.CsOiYXUCAg/tini
+ make tini-static
Scanning dependencies of target tini-static
[ 50%] Building C object CMakeFiles/tini-static.dir/src/tini.c.o
[100%] Linking C executable tini-static
[100%] Built target tini-static
+ mkdir -p /build
+ cp tini-static /build/docker-init
Removing intermediate container 1bc91819e2b6
 ---> 9cf89fb99ed6
Step 65/94 : FROM runtime-dev AS dev
 ---> 80fb2ad6cb87
Step 66/94 : RUN groupadd -r docker
 ---> Running in 15f05e62d149
Removing intermediate container 15f05e62d149
 ---> 5b486c947740
Step 67/94 : RUN useradd --create-home --gid docker unprivilegeduser
 ---> Running in a70dae8d2c94
Removing intermediate container a70dae8d2c94
 ---> c86756be8ae4
Step 68/94 : RUN ln -sfv /go/src/github.com/docker/docker/.bashrc ~/.bashrc
 ---> Running in c91936de5d51
'/root/.bashrc' -> '/go/src/github.com/docker/docker/.bashrc'
Removing intermediate container c91936de5d51
 ---> a734851a4f6d
Step 69/94 : RUN echo "source /usr/share/bash-completion/bash_completion" >> /etc/bash.bashrc
 ---> Running in 164c7b92a15d
Removing intermediate container 164c7b92a15d
 ---> 120653d041d2
Step 70/94 : RUN ln -s /usr/local/completion/bash/docker /etc/bash_completion.d/docker
 ---> Running in d146bd7c4b24
Removing intermediate container d146bd7c4b24
 ---> 4f1ae6aa9f3a
Step 71/94 : RUN ldconfig
 ---> Running in 7df3d9957274
Removing intermediate container 7df3d9957274
 ---> ab4d2da0e643
Step 72/94 : RUN apt-get update && apt-get install -y 	apparmor 	aufs-tools 	bash-completion 	btrfs-tools 	iptables 	jq 	libcap2-bin 	libdevmapper-dev 	libudev-dev 	libsystemd-dev 	binutils-mingw-w64 	g++-mingw-w64-x86-64 	net-tools 	pigz 	python-backports.ssl-match-hostname 	python-dev 	python-mock 	python-pip 	python-requests 	python-setuptools 	python-websocket 	python-wheel 	thin-provisioning-tools 	vim 	vim-common 	xfsprogs 	zip 	bzip2 	xz-utils 	libprotobuf-c1 	libnet1 	libnl-3-200 	--no-install-recommends
 ---> Running in 4e65a636e8a6
Ign:1 http://cdn-fastly.deb.debian.org/debian stretch InRelease
Hit:2 http://security.debian.org/debian-security stretch/updates InRelease
Hit:3 http://cdn-fastly.deb.debian.org/debian stretch-updates InRelease
Hit:4 http://cdn-fastly.deb.debian.org/debian stretch Release
Reading package lists...
Reading package lists...
Building dependency tree...
Reading state information...
The following additional packages will be installed:
  binutils-mingw-w64-i686 binutils-mingw-w64-x86-64 btrfs-progs dh-python
  dmsetup gcc-mingw-w64-base gcc-mingw-w64-x86-64 libaio1 libapparmor-perl
  libdevmapper-event1.02.1 libdevmapper1.02.1 libexpat1-dev libgpm2 libip4tc0
  libip6tc0 libiptc0 libjq1 liblzo2-2 libmpdec2 libnetfilter-conntrack3
  libnfnetlink0 libonig4 libpcre16-3 libpcre3-dev libpcre32-3 libpcrecpp0v5
  libpython-dev libpython2.7 libpython2.7-dev libpython3-stdlib
  libpython3.5-minimal libpython3.5-stdlib libreadline5 libselinux1-dev
  libsepol1-dev libxtables12 mingw-w64-common mingw-w64-x86-64-dev
  python-chardet python-funcsigs python-pbr python-pip-whl
  python-pkg-resources python-urllib3 python2.7-dev python3 python3-minimal
  python3.5 python3.5-minimal vim-runtime xxd
Suggested packages:
  apparmor-profiles apparmor-profiles-extra apparmor-utils bzip2-doc
  gcc-6-locales kmod gpm wine64 python-funcsigs-doc python-mock-doc
  python-cryptography python-idna python-openssl python-socks
  python-setuptools-doc python-ntlm python3-doc python3-tk python3-venv
  python3.5-venv python3.5-doc binfmt-support ctags vim-doc vim-scripts
  xfsdump acl attr quota
Recommended packages:
  aufs-dkms libpam-cap build-essential python-all-dev python-cryptography
  python-idna python-ipaddress python-openssl python-keyring
  python-keyrings.alt python-xdg unzip
The following NEW packages will be installed:
  apparmor aufs-tools bash-completion binutils-mingw-w64
  binutils-mingw-w64-i686 binutils-mingw-w64-x86-64 btrfs-progs btrfs-tools
  bzip2 dh-python dmsetup g++-mingw-w64-x86-64 gcc-mingw-w64-base
  gcc-mingw-w64-x86-64 iptables jq libaio1 libapparmor-perl libcap2-bin
  libdevmapper-dev libdevmapper-event1.02.1 libdevmapper1.02.1 libexpat1-dev
  libgpm2 libip4tc0 libip6tc0 libiptc0 libjq1 liblzo2-2 libmpdec2 libnet1
  libnetfilter-conntrack3 libnfnetlink0 libnl-3-200 libonig4 libpcre16-3
  libpcre3-dev libpcre32-3 libpcrecpp0v5 libprotobuf-c1 libpython-dev
  libpython2.7 libpython2.7-dev libpython3-stdlib libpython3.5-minimal
  libpython3.5-stdlib libreadline5 libselinux1-dev libsepol1-dev
  libsystemd-dev libudev-dev libxtables12 mingw-w64-common
  mingw-w64-x86-64-dev net-tools pigz python-backports.ssl-match-hostname
  python-chardet python-dev python-funcsigs python-mock python-pbr python-pip
  python-pip-whl python-pkg-resources python-requests python-setuptools
  python-urllib3 python-websocket python-wheel python2.7-dev python3
  python3-minimal python3.5 python3.5-minimal thin-provisioning-tools vim
  vim-common vim-runtime xfsprogs xxd xz-utils zip
0 upgraded, 83 newly installed, 0 to remove and 0 not upgraded.
Need to get 121 MB of archives.
After this operation, 590 MB of additional disk space will be used.
Get:1 http://cdn-fastly.deb.debian.org/debian stretch/main amd64 bash-completion all 1:2.1-4.3 [178 kB]
Get:2 http://cdn-fastly.deb.debian.org/debian stretch/main amd64 libnet1 amd64 1.1.6+dfsg-3 [60.4 kB]
Get:3 http://cdn-fastly.deb.debian.org/debian stretch/main amd64 libnfnetlink0 amd64 1.0.1-3 [13.5 kB]
Get:4 http://cdn-fastly.deb.debian.org/debian stretch/main amd64 libpcrecpp0v5 amd64 2:8.39-3 [151 kB]
Get:5 http://cdn-fastly.deb.debian.org/debian stretch/main amd64 libudev-dev amd64 232-25+deb9u6 [91.3 kB]
Get:6 http://cdn-fastly.deb.debian.org/debian stretch/main amd64 libpython3.5-minimal amd64 3.5.3-1+deb9u1 [573 kB]
Get:7 http://cdn-fastly.deb.debian.org/debian stretch/main amd64 python3.5-minimal amd64 3.5.3-1+deb9u1 [1691 kB]
Get:8 http://cdn-fastly.deb.debian.org/debian stretch/main amd64 python3-minimal amd64 3.5.3-1 [35.3 kB]
Get:9 http://cdn-fastly.deb.debian.org/debian stretch/main amd64 libmpdec2 amd64 2.4.2-1 [85.2 kB]
Get:10 http://cdn-fastly.deb.debian.org/debian stretch/main amd64 libpython3.5-stdlib amd64 3.5.3-1+deb9u1 [2167 kB]
Get:11 http://cdn-fastly.deb.debian.org/debian stretch/main amd64 python3.5 amd64 3.5.3-1+deb9u1 [229 kB]
Get:12 http://cdn-fastly.deb.debian.org/debian stretch/main amd64 libpython3-stdlib amd64 3.5.3-1 [18.6 kB]
Get:13 http://cdn-fastly.deb.debian.org/debian stretch/main amd64 dh-python all 2.20170125 [86.8 kB]
Get:14 http://cdn-fastly.deb.debian.org/debian stretch/main amd64 python3 amd64 3.5.3-1 [21.6 kB]
Get:15 http://cdn-fastly.deb.debian.org/debian stretch/main amd64 pigz amd64 2.3.4-1 [55.4 kB]
Get:16 http://cdn-fastly.deb.debian.org/debian stretch/main amd64 libip4tc0 amd64 1.6.0+snapshot20161117-6 [67.8 kB]
Get:17 http://cdn-fastly.deb.debian.org/debian stretch/main amd64 libip6tc0 amd64 1.6.0+snapshot20161117-6 [68.1 kB]
Get:18 http://cdn-fastly.deb.debian.org/debian stretch/main amd64 libiptc0 amd64 1.6.0+snapshot20161117-6 [57.5 kB]
Get:19 http://cdn-fastly.deb.debian.org/debian stretch/main amd64 libxtables12 amd64 1.6.0+snapshot20161117-6 [75.9 kB]
Get:20 http://cdn-fastly.deb.debian.org/debian stretch/main amd64 libnetfilter-conntrack3 amd64 1.0.6-2 [38.7 kB]
Get:21 http://cdn-fastly.deb.debian.org/debian stretch/main amd64 iptables amd64 1.6.0+snapshot20161117-6 [288 kB]
Get:22 http://cdn-fastly.deb.debian.org/debian stretch/main amd64 xxd amd64 2:8.0.0197-4+deb9u1 [132 kB]
Get:23 http://cdn-fastly.deb.debian.org/debian stretch/main amd64 vim-common all 2:8.0.0197-4+deb9u1 [159 kB]
Get:24 http://cdn-fastly.deb.debian.org/debian stretch/main amd64 bzip2 amd64 1.0.6-8.1 [47.5 kB]
Get:25 http://cdn-fastly.deb.debian.org/debian stretch/main amd64 libgpm2 amd64 1.20.4-6.2+b1 [34.2 kB]
Get:26 http://cdn-fastly.deb.debian.org/debian stretch/main amd64 xz-utils amd64 5.2.2-1.2+b1 [266 kB]
Get:27 http://cdn-fastly.deb.debian.org/debian stretch/main amd64 aufs-tools amd64 1:4.1+20161219-1 [102 kB]
Get:28 http://cdn-fastly.deb.debian.org/debian stretch/main amd64 liblzo2-2 amd64 2.08-1.2+b2 [55.0 kB]
Get:29 http://cdn-fastly.deb.debian.org/debian stretch/main amd64 btrfs-progs amd64 4.7.3-1 [577 kB]
Get:30 http://cdn-fastly.deb.debian.org/debian stretch/main amd64 btrfs-tools amd64 4.7.3-1 [16.9 kB]
Get:31 http://cdn-fastly.deb.debian.org/debian stretch/main amd64 libdevmapper1.02.1 amd64 2:1.02.137-2 [170 kB]
Get:32 http://cdn-fastly.deb.debian.org/debian stretch/main amd64 dmsetup amd64 2:1.02.137-2 [107 kB]
Get:33 http://cdn-fastly.deb.debian.org/debian stretch/main amd64 libonig4 amd64 6.1.3-2 [146 kB]
Get:34 http://cdn-fastly.deb.debian.org/debian stretch/main amd64 libjq1 amd64 1.5+dfsg-1.3 [123 kB]
Get:35 http://cdn-fastly.deb.debian.org/debian stretch/main amd64 jq amd64 1.5+dfsg-1.3 [58.6 kB]
Get:36 http://cdn-fastly.deb.debian.org/debian stretch/main amd64 libaio1 amd64 0.3.110-3 [9412 B]
Get:37 http://cdn-fastly.deb.debian.org/debian stretch/main amd64 libcap2-bin amd64 1:2.25-1 [26.5 kB]
Get:38 http://cdn-fastly.deb.debian.org/debian stretch/main amd64 libdevmapper-event1.02.1 amd64 2:1.02.137-2 [41.6 kB]
Get:39 http://cdn-fastly.deb.debian.org/debian stretch/main amd64 libsepol1-dev amd64 2.6-2 [309 kB]
Get:40 http://cdn-fastly.deb.debian.org/debian stretch/main amd64 libpcre16-3 amd64 2:8.39-3 [258 kB]
Get:41 http://cdn-fastly.deb.debian.org/debian stretch/main amd64 libpcre32-3 amd64 2:8.39-3 [248 kB]
Get:42 http://cdn-fastly.deb.debian.org/debian stretch/main amd64 libpcre3-dev amd64 2:8.39-3 [647 kB]
Get:43 http://cdn-fastly.deb.debian.org/debian stretch/main amd64 libselinux1-dev amd64 2.6-3+b3 [184 kB]
Get:44 http://cdn-fastly.deb.debian.org/debian stretch/main amd64 libdevmapper-dev amd64 2:1.02.137-2 [68.6 kB]
Get:45 http://cdn-fastly.deb.debian.org/debian stretch/main amd64 libexpat1-dev amd64 2.2.0-2+deb9u1 [134 kB]
Get:46 http://cdn-fastly.deb.debian.org/debian stretch/main amd64 libnl-3-200 amd64 3.2.27-2 [61.5 kB]
Get:47 http://cdn-fastly.deb.debian.org/debian stretch/main amd64 libprotobuf-c1 amd64 1.2.1-2 [25.0 kB]
Get:48 http://cdn-fastly.deb.debian.org/debian stretch/main amd64 libpython2.7 amd64 2.7.13-2+deb9u3 [1071 kB]
Get:49 http://cdn-fastly.deb.debian.org/debian stretch/main amd64 libpython2.7-dev amd64 2.7.13-2+deb9u3 [28.2 MB]
Get:50 http://cdn-fastly.deb.debian.org/debian stretch/main amd64 libpython-dev amd64 2.7.13-2 [20.1 kB]
Get:51 http://cdn-fastly.deb.debian.org/debian stretch/main amd64 libreadline5 amd64 5.2+dfsg-3+b1 [119 kB]
Get:52 http://cdn-fastly.deb.debian.org/debian stretch/main amd64 libsystemd-dev amd64 232-25+deb9u6 [1972 kB]
Get:53 http://cdn-fastly.deb.debian.org/debian stretch/main amd64 net-tools amd64 1.60+git20161116.90da8a0-1 [248 kB]
Get:54 http://cdn-fastly.deb.debian.org/debian stretch/main amd64 python-backports.ssl-match-hostname all 3.5.0.1-1 [6980 B]
Get:55 http://cdn-fastly.deb.debian.org/debian stretch/main amd64 python-pkg-resources all 33.1.1-1 [166 kB]
Get:56 http://cdn-fastly.deb.debian.org/debian stretch/main amd64 python-chardet all 2.3.0-2 [96.0 kB]
Get:57 http://cdn-fastly.deb.debian.org/debian stretch/main amd64 python2.7-dev amd64 2.7.13-2+deb9u3 [290 kB]
Get:58 http://cdn-fastly.deb.debian.org/debian stretch/main amd64 python-dev amd64 2.7.13-2 [1126 B]
Get:59 http://cdn-fastly.deb.debian.org/debian stretch/main amd64 python-funcsigs all 1.0.2-3 [13.3 kB]
Get:60 http://cdn-fastly.deb.debian.org/debian stretch/main amd64 python-pbr all 1.10.0-1 [52.4 kB]
Get:61 http://cdn-fastly.deb.debian.org/debian stretch/main amd64 python-pip-whl all 9.0.1-2 [1406 kB]
Get:62 http://cdn-fastly.deb.debian.org/debian stretch/main amd64 python-pip all 9.0.1-2 [179 kB]
Get:63 http://cdn-fastly.deb.debian.org/debian stretch/main amd64 python-urllib3 all 1.19.1-1 [77.5 kB]
Get:64 http://cdn-fastly.deb.debian.org/debian stretch/main amd64 python-requests all 2.12.4-1 [101 kB]
Get:65 http://cdn-fastly.deb.debian.org/debian stretch/main amd64 python-setuptools all 33.1.1-1 [297 kB]
Get:66 http://cdn-fastly.deb.debian.org/debian stretch/main amd64 python-websocket all 0.37.0-2 [31.5 kB]
Get:67 http://cdn-fastly.deb.debian.org/debian stretch/main amd64 python-wheel all 0.29.0-2 [51.7 kB]
Get:68 http://cdn-fastly.deb.debian.org/debian stretch/main amd64 thin-provisioning-tools amd64 0.6.1-4+b1 [363 kB]
Get:69 http://cdn-fastly.deb.debian.org/debian stretch/main amd64 vim-runtime all 2:8.0.0197-4+deb9u1 [5407 kB]
Get:70 http://cdn-fastly.deb.debian.org/debian stretch/main amd64 vim amd64 2:8.0.0197-4+deb9u1 [1034 kB]
Get:71 http://cdn-fastly.deb.debian.org/debian stretch/main amd64 xfsprogs amd64 4.9.0+nmu1 [811 kB]
Get:72 http://cdn-fastly.deb.debian.org/debian stretch/main amd64 zip amd64 3.0-11+b1 [234 kB]
Get:73 http://cdn-fastly.deb.debian.org/debian stretch/main amd64 libapparmor-perl amd64 2.11.0-3+deb9u2 [82.2 kB]
Get:74 http://cdn-fastly.deb.debian.org/debian stretch/main amd64 apparmor amd64 2.11.0-3+deb9u2 [525 kB]
Get:75 http://cdn-fastly.deb.debian.org/debian stretch/main amd64 binutils-mingw-w64-i686 amd64 2.28-5+7.4+b4 [2242 kB]
Get:76 http://cdn-fastly.deb.debian.org/debian stretch/main amd64 binutils-mingw-w64-x86-64 amd64 2.28-5+7.4+b4 [2467 kB]
Get:77 http://cdn-fastly.deb.debian.org/debian stretch/main amd64 binutils-mingw-w64 all 2.27.90.20161231-1+7.4 [136 kB]
Get:78 http://cdn-fastly.deb.debian.org/debian stretch/main amd64 mingw-w64-common all 5.0.1-1 [4764 kB]
Get:79 http://cdn-fastly.deb.debian.org/debian stretch/main amd64 mingw-w64-x86-64-dev all 5.0.1-1 [3342 kB]
Get:80 http://cdn-fastly.deb.debian.org/debian stretch/main amd64 gcc-mingw-w64-base amd64 6.3.0-18+19.3+b3 [170 kB]
Get:81 http://cdn-fastly.deb.debian.org/debian stretch/main amd64 gcc-mingw-w64-x86-64 amd64 6.3.0-18+19.3+b3 [32.7 MB]
Get:82 http://cdn-fastly.deb.debian.org/debian stretch/main amd64 g++-mingw-w64-x86-64 amd64 6.3.0-18+19.3+b3 [22.4 MB]
Get:83 http://cdn-fastly.deb.debian.org/debian stretch/main amd64 python-mock all 2.0.0-3 [59.8 kB]
debconf: delaying package configuration, since apt-utils is not installed
Fetched 121 MB in 2s (41.7 MB/s)
Selecting previously unselected package bash-completion.
(Reading database ... (Reading database ... 5%(Reading database ... 10%(Reading database ... 15%(Reading database ... 20%(Reading database ... 25%(Reading database ... 30%(Reading database ... 35%(Reading database ... 40%(Reading database ... 45%(Reading database ... 50%(Reading database ... 55%(Reading database ... 60%(Reading database ... 65%(Reading database ... 70%(Reading database ... 75%(Reading database ... 80%(Reading database ... 85%(Reading database ... 90%(Reading database ... 95%(Reading database ... 100%(Reading database ... 15159 files and directories currently installed.)
Preparing to unpack .../00-bash-completion_1%3a2.1-4.3_all.deb ...
Unpacking bash-completion (1:2.1-4.3) ...
Selecting previously unselected package libnet1:amd64.
Preparing to unpack .../01-libnet1_1.1.6+dfsg-3_amd64.deb ...
Unpacking libnet1:amd64 (1.1.6+dfsg-3) ...
Selecting previously unselected package libnfnetlink0:amd64.
Preparing to unpack .../02-libnfnetlink0_1.0.1-3_amd64.deb ...
Unpacking libnfnetlink0:amd64 (1.0.1-3) ...
Selecting previously unselected package libpcrecpp0v5:amd64.
Preparing to unpack .../03-libpcrecpp0v5_2%3a8.39-3_amd64.deb ...
Unpacking libpcrecpp0v5:amd64 (2:8.39-3) ...
Selecting previously unselected package libudev-dev:amd64.
Preparing to unpack .../04-libudev-dev_232-25+deb9u6_amd64.deb ...
Unpacking libudev-dev:amd64 (232-25+deb9u6) ...
Selecting previously unselected package libpython3.5-minimal:amd64.
Preparing to unpack .../05-libpython3.5-minimal_3.5.3-1+deb9u1_amd64.deb ...
Unpacking libpython3.5-minimal:amd64 (3.5.3-1+deb9u1) ...
Selecting previously unselected package python3.5-minimal.
Preparing to unpack .../06-python3.5-minimal_3.5.3-1+deb9u1_amd64.deb ...
Unpacking python3.5-minimal (3.5.3-1+deb9u1) ...
Selecting previously unselected package python3-minimal.
Preparing to unpack .../07-python3-minimal_3.5.3-1_amd64.deb ...
Unpacking python3-minimal (3.5.3-1) ...
Selecting previously unselected package libmpdec2:amd64.
Preparing to unpack .../08-libmpdec2_2.4.2-1_amd64.deb ...
Unpacking libmpdec2:amd64 (2.4.2-1) ...
Selecting previously unselected package libpython3.5-stdlib:amd64.
Preparing to unpack .../09-libpython3.5-stdlib_3.5.3-1+deb9u1_amd64.deb ...
Unpacking libpython3.5-stdlib:amd64 (3.5.3-1+deb9u1) ...
Selecting previously unselected package python3.5.
Preparing to unpack .../10-python3.5_3.5.3-1+deb9u1_amd64.deb ...
Unpacking python3.5 (3.5.3-1+deb9u1) ...
Selecting previously unselected package libpython3-stdlib:amd64.
Preparing to unpack .../11-libpython3-stdlib_3.5.3-1_amd64.deb ...
Unpacking libpython3-stdlib:amd64 (3.5.3-1) ...
Selecting previously unselected package dh-python.
Preparing to unpack .../12-dh-python_2.20170125_all.deb ...
Unpacking dh-python (2.20170125) ...
Setting up libpython3.5-minimal:amd64 (3.5.3-1+deb9u1) ...
Setting up python3.5-minimal (3.5.3-1+deb9u1) ...
Setting up python3-minimal (3.5.3-1) ...
Selecting previously unselected package python3.
(Reading database ... (Reading database ... 5%(Reading database ... 10%(Reading database ... 15%(Reading database ... 20%(Reading database ... 25%(Reading database ... 30%(Reading database ... 35%(Reading database ... 40%(Reading database ... 45%(Reading database ... 50%(Reading database ... 55%(Reading database ... 60%(Reading database ... 65%(Reading database ... 70%(Reading database ... 75%(Reading database ... 80%(Reading database ... 85%(Reading database ... 90%(Reading database ... 95%(Reading database ... 100%(Reading database ... 16745 files and directories currently installed.)
Preparing to unpack .../00-python3_3.5.3-1_amd64.deb ...
Unpacking python3 (3.5.3-1) ...
Selecting previously unselected package pigz.
Preparing to unpack .../01-pigz_2.3.4-1_amd64.deb ...
Unpacking pigz (2.3.4-1) ...
Selecting previously unselected package libip4tc0:amd64.
Preparing to unpack .../02-libip4tc0_1.6.0+snapshot20161117-6_amd64.deb ...
Unpacking libip4tc0:amd64 (1.6.0+snapshot20161117-6) ...
Selecting previously unselected package libip6tc0:amd64.
Preparing to unpack .../03-libip6tc0_1.6.0+snapshot20161117-6_amd64.deb ...
Unpacking libip6tc0:amd64 (1.6.0+snapshot20161117-6) ...
Selecting previously unselected package libiptc0:amd64.
Preparing to unpack .../04-libiptc0_1.6.0+snapshot20161117-6_amd64.deb ...
Unpacking libiptc0:amd64 (1.6.0+snapshot20161117-6) ...
Selecting previously unselected package libxtables12:amd64.
Preparing to unpack .../05-libxtables12_1.6.0+snapshot20161117-6_amd64.deb ...
Unpacking libxtables12:amd64 (1.6.0+snapshot20161117-6) ...
Selecting previously unselected package libnetfilter-conntrack3:amd64.
Preparing to unpack .../06-libnetfilter-conntrack3_1.0.6-2_amd64.deb ...
Unpacking libnetfilter-conntrack3:amd64 (1.0.6-2) ...
Selecting previously unselected package iptables.
Preparing to unpack .../07-iptables_1.6.0+snapshot20161117-6_amd64.deb ...
Unpacking iptables (1.6.0+snapshot20161117-6) ...
Selecting previously unselected package xxd.
Preparing to unpack .../08-xxd_2%3a8.0.0197-4+deb9u1_amd64.deb ...
Unpacking xxd (2:8.0.0197-4+deb9u1) ...
Selecting previously unselected package vim-common.
Preparing to unpack .../09-vim-common_2%3a8.0.0197-4+deb9u1_all.deb ...
Unpacking vim-common (2:8.0.0197-4+deb9u1) ...
Selecting previously unselected package bzip2.
Preparing to unpack .../10-bzip2_1.0.6-8.1_amd64.deb ...
Unpacking bzip2 (1.0.6-8.1) ...
Selecting previously unselected package libgpm2:amd64.
Preparing to unpack .../11-libgpm2_1.20.4-6.2+b1_amd64.deb ...
Unpacking libgpm2:amd64 (1.20.4-6.2+b1) ...
Selecting previously unselected package xz-utils.
Preparing to unpack .../12-xz-utils_5.2.2-1.2+b1_amd64.deb ...
Unpacking xz-utils (5.2.2-1.2+b1) ...
Selecting previously unselected package aufs-tools.
Preparing to unpack .../13-aufs-tools_1%3a4.1+20161219-1_amd64.deb ...
Unpacking aufs-tools (1:4.1+20161219-1) ...
Selecting previously unselected package liblzo2-2:amd64.
Preparing to unpack .../14-liblzo2-2_2.08-1.2+b2_amd64.deb ...
Unpacking liblzo2-2:amd64 (2.08-1.2+b2) ...
Selecting previously unselected package btrfs-progs.
Preparing to unpack .../15-btrfs-progs_4.7.3-1_amd64.deb ...
Unpacking btrfs-progs (4.7.3-1) ...
Selecting previously unselected package btrfs-tools.
Preparing to unpack .../16-btrfs-tools_4.7.3-1_amd64.deb ...
Unpacking btrfs-tools (4.7.3-1) ...
Selecting previously unselected package libdevmapper1.02.1:amd64.
Preparing to unpack .../17-libdevmapper1.02.1_2%3a1.02.137-2_amd64.deb ...
Unpacking libdevmapper1.02.1:amd64 (2:1.02.137-2) ...
Selecting previously unselected package dmsetup.
Preparing to unpack .../18-dmsetup_2%3a1.02.137-2_amd64.deb ...
Unpacking dmsetup (2:1.02.137-2) ...
Selecting previously unselected package libonig4:amd64.
Preparing to unpack .../19-libonig4_6.1.3-2_amd64.deb ...
Unpacking libonig4:amd64 (6.1.3-2) ...
Selecting previously unselected package libjq1:amd64.
Preparing to unpack .../20-libjq1_1.5+dfsg-1.3_amd64.deb ...
Unpacking libjq1:amd64 (1.5+dfsg-1.3) ...
Selecting previously unselected package jq.
Preparing to unpack .../21-jq_1.5+dfsg-1.3_amd64.deb ...
Unpacking jq (1.5+dfsg-1.3) ...
Selecting previously unselected package libaio1:amd64.
Preparing to unpack .../22-libaio1_0.3.110-3_amd64.deb ...
Unpacking libaio1:amd64 (0.3.110-3) ...
Selecting previously unselected package libcap2-bin.
Preparing to unpack .../23-libcap2-bin_1%3a2.25-1_amd64.deb ...
Unpacking libcap2-bin (1:2.25-1) ...
Selecting previously unselected package libdevmapper-event1.02.1:amd64.
Preparing to unpack .../24-libdevmapper-event1.02.1_2%3a1.02.137-2_amd64.deb ...
Unpacking libdevmapper-event1.02.1:amd64 (2:1.02.137-2) ...
Selecting previously unselected package libsepol1-dev:amd64.
Preparing to unpack .../25-libsepol1-dev_2.6-2_amd64.deb ...
Unpacking libsepol1-dev:amd64 (2.6-2) ...
Selecting previously unselected package libpcre16-3:amd64.
Preparing to unpack .../26-libpcre16-3_2%3a8.39-3_amd64.deb ...
Unpacking libpcre16-3:amd64 (2:8.39-3) ...
Selecting previously unselected package libpcre32-3:amd64.
Preparing to unpack .../27-libpcre32-3_2%3a8.39-3_amd64.deb ...
Unpacking libpcre32-3:amd64 (2:8.39-3) ...
Selecting previously unselected package libpcre3-dev:amd64.
Preparing to unpack .../28-libpcre3-dev_2%3a8.39-3_amd64.deb ...
Unpacking libpcre3-dev:amd64 (2:8.39-3) ...
Selecting previously unselected package libselinux1-dev:amd64.
Preparing to unpack .../29-libselinux1-dev_2.6-3+b3_amd64.deb ...
Unpacking libselinux1-dev:amd64 (2.6-3+b3) ...
Selecting previously unselected package libdevmapper-dev:amd64.
Preparing to unpack .../30-libdevmapper-dev_2%3a1.02.137-2_amd64.deb ...
Unpacking libdevmapper-dev:amd64 (2:1.02.137-2) ...
Selecting previously unselected package libexpat1-dev:amd64.
Preparing to unpack .../31-libexpat1-dev_2.2.0-2+deb9u1_amd64.deb ...
Unpacking libexpat1-dev:amd64 (2.2.0-2+deb9u1) ...
Selecting previously unselected package libnl-3-200:amd64.
Preparing to unpack .../32-libnl-3-200_3.2.27-2_amd64.deb ...
Unpacking libnl-3-200:amd64 (3.2.27-2) ...
Selecting previously unselected package libprotobuf-c1:amd64.
Preparing to unpack .../33-libprotobuf-c1_1.2.1-2_amd64.deb ...
Unpacking libprotobuf-c1:amd64 (1.2.1-2) ...
Selecting previously unselected package libpython2.7:amd64.
Preparing to unpack .../34-libpython2.7_2.7.13-2+deb9u3_amd64.deb ...
Unpacking libpython2.7:amd64 (2.7.13-2+deb9u3) ...
Selecting previously unselected package libpython2.7-dev:amd64.
Preparing to unpack .../35-libpython2.7-dev_2.7.13-2+deb9u3_amd64.deb ...
Unpacking libpython2.7-dev:amd64 (2.7.13-2+deb9u3) ...
Selecting previously unselected package libpython-dev:amd64.
Preparing to unpack .../36-libpython-dev_2.7.13-2_amd64.deb ...
Unpacking libpython-dev:amd64 (2.7.13-2) ...
Selecting previously unselected package libreadline5:amd64.
Preparing to unpack .../37-libreadline5_5.2+dfsg-3+b1_amd64.deb ...
Unpacking libreadline5:amd64 (5.2+dfsg-3+b1) ...
Selecting previously unselected package libsystemd-dev:amd64.
Preparing to unpack .../38-libsystemd-dev_232-25+deb9u6_amd64.deb ...
Unpacking libsystemd-dev:amd64 (232-25+deb9u6) ...
Selecting previously unselected package net-tools.
Preparing to unpack .../39-net-tools_1.60+git20161116.90da8a0-1_amd64.deb ...
Unpacking net-tools (1.60+git20161116.90da8a0-1) ...
Selecting previously unselected package python-backports.ssl-match-hostname.
Preparing to unpack .../40-python-backports.ssl-match-hostname_3.5.0.1-1_all.deb ...
Unpacking python-backports.ssl-match-hostname (3.5.0.1-1) ...
Selecting previously unselected package python-pkg-resources.
Preparing to unpack .../41-python-pkg-resources_33.1.1-1_all.deb ...
Unpacking python-pkg-resources (33.1.1-1) ...
Selecting previously unselected package python-chardet.
Preparing to unpack .../42-python-chardet_2.3.0-2_all.deb ...
Unpacking python-chardet (2.3.0-2) ...
Selecting previously unselected package python2.7-dev.
Preparing to unpack .../43-python2.7-dev_2.7.13-2+deb9u3_amd64.deb ...
Unpacking python2.7-dev (2.7.13-2+deb9u3) ...
Selecting previously unselected package python-dev.
Preparing to unpack .../44-python-dev_2.7.13-2_amd64.deb ...
Unpacking python-dev (2.7.13-2) ...
Selecting previously unselected package python-funcsigs.
Preparing to unpack .../45-python-funcsigs_1.0.2-3_all.deb ...
Unpacking python-funcsigs (1.0.2-3) ...
Selecting previously unselected package python-pbr.
Preparing to unpack .../46-python-pbr_1.10.0-1_all.deb ...
Unpacking python-pbr (1.10.0-1) ...
Selecting previously unselected package python-pip-whl.
Preparing to unpack .../47-python-pip-whl_9.0.1-2_all.deb ...
Unpacking python-pip-whl (9.0.1-2) ...
Selecting previously unselected package python-pip.
Preparing to unpack .../48-python-pip_9.0.1-2_all.deb ...
Unpacking python-pip (9.0.1-2) ...
Selecting previously unselected package python-urllib3.
Preparing to unpack .../49-python-urllib3_1.19.1-1_all.deb ...
Unpacking python-urllib3 (1.19.1-1) ...
Selecting previously unselected package python-requests.
Preparing to unpack .../50-python-requests_2.12.4-1_all.deb ...
Unpacking python-requests (2.12.4-1) ...
Selecting previously unselected package python-setuptools.
Preparing to unpack .../51-python-setuptools_33.1.1-1_all.deb ...
Unpacking python-setuptools (33.1.1-1) ...
Selecting previously unselected package python-websocket.
Preparing to unpack .../52-python-websocket_0.37.0-2_all.deb ...
Unpacking python-websocket (0.37.0-2) ...
Selecting previously unselected package python-wheel.
Preparing to unpack .../53-python-wheel_0.29.0-2_all.deb ...
Unpacking python-wheel (0.29.0-2) ...
Selecting previously unselected package thin-provisioning-tools.
Preparing to unpack .../54-thin-provisioning-tools_0.6.1-4+b1_amd64.deb ...
Unpacking thin-provisioning-tools (0.6.1-4+b1) ...
Selecting previously unselected package vim-runtime.
Preparing to unpack .../55-vim-runtime_2%3a8.0.0197-4+deb9u1_all.deb ...
Adding 'diversion of /usr/share/vim/vim80/doc/help.txt to /usr/share/vim/vim80/doc/help.txt.vim-tiny by vim-runtime'
Adding 'diversion of /usr/share/vim/vim80/doc/tags to /usr/share/vim/vim80/doc/tags.vim-tiny by vim-runtime'
Unpacking vim-runtime (2:8.0.0197-4+deb9u1) ...
Selecting previously unselected package vim.
Preparing to unpack .../56-vim_2%3a8.0.0197-4+deb9u1_amd64.deb ...
Unpacking vim (2:8.0.0197-4+deb9u1) ...
Selecting previously unselected package xfsprogs.
Preparing to unpack .../57-xfsprogs_4.9.0+nmu1_amd64.deb ...
Unpacking xfsprogs (4.9.0+nmu1) ...
Selecting previously unselected package zip.
Preparing to unpack .../58-zip_3.0-11+b1_amd64.deb ...
Unpacking zip (3.0-11+b1) ...
Selecting previously unselected package libapparmor-perl.
Preparing to unpack .../59-libapparmor-perl_2.11.0-3+deb9u2_amd64.deb ...
Unpacking libapparmor-perl (2.11.0-3+deb9u2) ...
Selecting previously unselected package apparmor.
Preparing to unpack .../60-apparmor_2.11.0-3+deb9u2_amd64.deb ...
Unpacking apparmor (2.11.0-3+deb9u2) ...
Selecting previously unselected package binutils-mingw-w64-i686.
Preparing to unpack .../61-binutils-mingw-w64-i686_2.28-5+7.4+b4_amd64.deb ...
Unpacking binutils-mingw-w64-i686 (2.28-5+7.4+b4) ...
Selecting previously unselected package binutils-mingw-w64-x86-64.
Preparing to unpack .../62-binutils-mingw-w64-x86-64_2.28-5+7.4+b4_amd64.deb ...
Unpacking binutils-mingw-w64-x86-64 (2.28-5+7.4+b4) ...
Selecting previously unselected package binutils-mingw-w64.
Preparing to unpack .../63-binutils-mingw-w64_2.27.90.20161231-1+7.4_all.deb ...
Unpacking binutils-mingw-w64 (2.27.90.20161231-1+7.4) ...
Selecting previously unselected package mingw-w64-common.
Preparing to unpack .../64-mingw-w64-common_5.0.1-1_all.deb ...
Unpacking mingw-w64-common (5.0.1-1) ...
Selecting previously unselected package mingw-w64-x86-64-dev.
Preparing to unpack .../65-mingw-w64-x86-64-dev_5.0.1-1_all.deb ...
Unpacking mingw-w64-x86-64-dev (5.0.1-1) ...
Selecting previously unselected package gcc-mingw-w64-base.
Preparing to unpack .../66-gcc-mingw-w64-base_6.3.0-18+19.3+b3_amd64.deb ...
Unpacking gcc-mingw-w64-base (6.3.0-18+19.3+b3) ...
Selecting previously unselected package gcc-mingw-w64-x86-64.
Preparing to unpack .../67-gcc-mingw-w64-x86-64_6.3.0-18+19.3+b3_amd64.deb ...
Unpacking gcc-mingw-w64-x86-64 (6.3.0-18+19.3+b3) ...
Selecting previously unselected package g++-mingw-w64-x86-64.
Preparing to unpack .../68-g++-mingw-w64-x86-64_6.3.0-18+19.3+b3_amd64.deb ...
Unpacking g++-mingw-w64-x86-64 (6.3.0-18+19.3+b3) ...
Selecting previously unselected package python-mock.
Preparing to unpack .../69-python-mock_2.0.0-3_all.deb ...
Unpacking python-mock (2.0.0-3) ...
Setting up aufs-tools (1:4.1+20161219-1) ...
Setting up binutils-mingw-w64-x86-64 (2.28-5+7.4+b4) ...
Setting up libsepol1-dev:amd64 (2.6-2) ...
Setting up python-pip-whl (9.0.1-2) ...
Setting up python-urllib3 (1.19.1-1) ...
Setting up libnet1:amd64 (1.1.6+dfsg-3) ...
Setting up libip4tc0:amd64 (1.6.0+snapshot20161117-6) ...
Processing triggers for mime-support (3.60) ...
Setting up xxd (2:8.0.0197-4+deb9u1) ...
Setting up libgpm2:amd64 (1.20.4-6.2+b1) ...
Setting up libcap2-bin (1:2.25-1) ...
Setting up binutils-mingw-w64-i686 (2.28-5+7.4+b4) ...
Setting up binutils-mingw-w64 (2.27.90.20161231-1+7.4) ...
Setting up bash-completion (1:2.1-4.3) ...
Setting up libonig4:amd64 (6.1.3-2) ...
Setting up python-wheel (0.29.0-2) ...
Setting up libprotobuf-c1:amd64 (1.2.1-2) ...
Setting up python-pkg-resources (33.1.1-1) ...
Setting up zip (3.0-11+b1) ...
Setting up python-backports.ssl-match-hostname (3.5.0.1-1) ...
Setting up bzip2 (1.0.6-8.1) ...
Setting up python-websocket (0.37.0-2) ...
update-alternatives: using /usr/bin/python2-wsdump to provide /usr/bin/wsdump (wsdump) in auto mode
Setting up gcc-mingw-w64-base (6.3.0-18+19.3+b3) ...
Setting up libjq1:amd64 (1.5+dfsg-1.3) ...
Processing triggers for libc-bin (2.24-11+deb9u3) ...
Setting up libaio1:amd64 (0.3.110-3) ...
Setting up libxtables12:amd64 (1.6.0+snapshot20161117-6) ...
Setting up xz-utils (5.2.2-1.2+b1) ...
update-alternatives: using /usr/bin/xz to provide /usr/bin/lzma (lzma) in auto mode
Setting up python-pbr (1.10.0-1) ...
update-alternatives: using /usr/bin/python2-pbr to provide /usr/bin/pbr (pbr) in auto mode
Setting up thin-provisioning-tools (0.6.1-4+b1) ...
Setting up libpython2.7:amd64 (2.7.13-2+deb9u3) ...
Setting up vim-common (2:8.0.0197-4+deb9u1) ...
Setting up python-funcsigs (1.0.2-3) ...
Setting up libexpat1-dev:amd64 (2.2.0-2+deb9u1) ...
Setting up libpcrecpp0v5:amd64 (2:8.39-3) ...
Setting up libpcre32-3:amd64 (2:8.39-3) ...
Setting up libnfnetlink0:amd64 (1.0.1-3) ...
Setting up vim-runtime (2:8.0.0197-4+deb9u1) ...
Setting up libsystemd-dev:amd64 (232-25+deb9u6) ...
Setting up libpython2.7-dev:amd64 (2.7.13-2+deb9u3) ...
Setting up libpcre16-3:amd64 (2:8.39-3) ...
Setting up libreadline5:amd64 (5.2+dfsg-3+b1) ...
Setting up libnl-3-200:amd64 (3.2.27-2) ...
Setting up net-tools (1.60+git20161116.90da8a0-1) ...
Setting up python-pip (9.0.1-2) ...
Setting up libudev-dev:amd64 (232-25+deb9u6) ...
Setting up python2.7-dev (2.7.13-2+deb9u3) ...
Setting up pigz (2.3.4-1) ...
Setting up libapparmor-perl (2.11.0-3+deb9u2) ...
Setting up libmpdec2:amd64 (2.4.2-1) ...
Setting up libip6tc0:amd64 (1.6.0+snapshot20161117-6) ...
Setting up mingw-w64-common (5.0.1-1) ...
Setting up liblzo2-2:amd64 (2.08-1.2+b2) ...
Setting up libpython-dev:amd64 (2.7.13-2) ...
Setting up python-setuptools (33.1.1-1) ...
Setting up jq (1.5+dfsg-1.3) ...
Setting up libpcre3-dev:amd64 (2:8.39-3) ...
Setting up libnetfilter-conntrack3:amd64 (1.0.6-2) ...
Setting up python-chardet (2.3.0-2) ...
Setting up xfsprogs (4.9.0+nmu1) ...
Setting up vim (2:8.0.0197-4+deb9u1) ...
update-alternatives: using /usr/bin/vim.basic to provide /usr/bin/vim (vim) in auto mode
update-alternatives: using /usr/bin/vim.basic to provide /usr/bin/vimdiff (vimdiff) in auto mode
update-alternatives: using /usr/bin/vim.basic to provide /usr/bin/rvim (rvim) in auto mode
update-alternatives: using /usr/bin/vim.basic to provide /usr/bin/rview (rview) in auto mode
update-alternatives: using /usr/bin/vim.basic to provide /usr/bin/vi (vi) in auto mode
update-alternatives: using /usr/bin/vim.basic to provide /usr/bin/view (view) in auto mode
update-alternatives: using /usr/bin/vim.basic to provide /usr/bin/ex (ex) in auto mode
update-alternatives: using /usr/bin/vim.basic to provide /usr/bin/editor (editor) in auto mode
Setting up python-dev (2.7.13-2) ...
Setting up libpython3.5-stdlib:amd64 (3.5.3-1+deb9u1) ...
Setting up python-mock (2.0.0-3) ...
Setting up libiptc0:amd64 (1.6.0+snapshot20161117-6) ...
Setting up mingw-w64-x86-64-dev (5.0.1-1) ...
Setting up iptables (1.6.0+snapshot20161117-6) ...
Setting up btrfs-progs (4.7.3-1) ...
Setting up python-requests (2.12.4-1) ...
Setting up libselinux1-dev:amd64 (2.6-3+b3) ...
Setting up python3.5 (3.5.3-1+deb9u1) ...
Setting up libpython3-stdlib:amd64 (3.5.3-1) ...
Setting up gcc-mingw-w64-x86-64 (6.3.0-18+19.3+b3) ...
update-alternatives: using /usr/bin/x86_64-w64-mingw32-gcc-posix to provide /usr/bin/x86_64-w64-mingw32-gcc (x86_64-w64-mingw32-gcc) in auto mode
update-alternatives: warning: skip creation of /usr/bin/x86_64-w64-mingw32-gcc-6 because associated file /usr/bin/x86_64-w64-mingw32-gcc-6-posix (of link group x86_64-w64-mingw32-gcc) doesn't exist
update-alternatives: using /usr/bin/x86_64-w64-mingw32-gcc-win32 to provide /usr/bin/x86_64-w64-mingw32-gcc (x86_64-w64-mingw32-gcc) in auto mode
update-alternatives: warning: skip creation of /usr/bin/x86_64-w64-mingw32-gcc-6 because associated file /usr/bin/x86_64-w64-mingw32-gcc-6-win32 (of link group x86_64-w64-mingw32-gcc) doesn't exist
Setting up btrfs-tools (4.7.3-1) ...
Setting up g++-mingw-w64-x86-64 (6.3.0-18+19.3+b3) ...
update-alternatives: using /usr/bin/x86_64-w64-mingw32-g++-posix to provide /usr/bin/x86_64-w64-mingw32-g++ (x86_64-w64-mingw32-g++) in auto mode
update-alternatives: using /usr/bin/x86_64-w64-mingw32-g++-win32 to provide /usr/bin/x86_64-w64-mingw32-g++ (x86_64-w64-mingw32-g++) in auto mode
Setting up python3 (3.5.3-1) ...
running python rtupdate hooks for python3.5...
running python post-rtupdate hooks for python3.5...
Setting up apparmor (2.11.0-3+deb9u2) ...
debconf: unable to initialize frontend: Dialog
debconf: (TERM is not set, so the dialog frontend is not usable.)
debconf: falling back to frontend: Readline
update-rc.d: warning: start and stop actions are no longer supported; falling back to defaults
diff: /var/lib/apparmor/profiles/.apparmor.md5sums: No such file or directory
Setting up libdevmapper1.02.1:amd64 (2:1.02.137-2) ...
Setting up libdevmapper-event1.02.1:amd64 (2:1.02.137-2) ...
Setting up dmsetup (2:1.02.137-2) ...
Setting up dh-python (2.20170125) ...
Setting up libdevmapper-dev:amd64 (2:1.02.137-2) ...
Processing triggers for libc-bin (2.24-11+deb9u3) ...
Removing intermediate container 4e65a636e8a6
 ---> bb81f4e3231c
Step 73/94 : COPY --from=swagger /build/swagger* /usr/local/bin/
 ---> 543267ed370e
Step 74/94 : COPY --from=frozen-images /build/ /docker-frozen-images
 ---> 31bc70526490
Step 75/94 : COPY --from=gometalinter /build/ /usr/local/bin/
 ---> 237639c4006f
Step 76/94 : COPY --from=tomlv /build/ /usr/local/bin/
 ---> c189af3756d7
Step 77/94 : COPY --from=vndr /build/ /usr/local/bin/
 ---> c59c12b8b4a8
Step 78/94 : COPY --from=tini /build/ /usr/local/bin/
 ---> 78b8048ac40e
Step 79/94 : COPY --from=runc /build/ /usr/local/bin/
 ---> 6f887591aedb
Step 80/94 : COPY --from=containerd /build/ /usr/local/bin/
 ---> 85109fd98f0b
Step 81/94 : COPY --from=proxy /build/ /usr/local/bin/
 ---> 535a071f0a25
Step 82/94 : COPY --from=dockercli /build/ /usr/local/cli
 ---> 9c1c169509af
Step 83/94 : COPY --from=registry /build/registry* /usr/local/bin/
 ---> fda620433df9
Step 84/94 : COPY --from=criu /build/ /usr/local/
 ---> b30048c6d9c3
Step 85/94 : COPY --from=docker-py /build/ /docker-py
 ---> 5b18fb91bd55
Step 86/94 : RUN cd /docker-py 	&& pip install docker-pycreds==0.2.1 	&& pip install yamllint==1.5.0 	&& pip install -r test-requirements.txt
 ---> Running in 0b6d2d2d58a4
Collecting docker-pycreds==0.2.1
  Downloading https://files.pythonhosted.org/packages/ff/ec/14e976222468249cc50df4a031e5922581747b52dc96a0b1d5d73fee8f0e/docker_pycreds-0.2.1-py2.py3-none-any.whl
Requirement already satisfied: six>=1.4.0 in /usr/lib/python2.7/dist-packages (from docker-pycreds==0.2.1)
Installing collected packages: docker-pycreds
Successfully installed docker-pycreds-0.2.1
Collecting yamllint==1.5.0
  Downloading https://files.pythonhosted.org/packages/64/93/2a2e99b04f4a2f2adb26f4f543770310bf6303b3af492345c4a700d14f4e/yamllint-1.5.0-py2.py3-none-any.whl
Collecting pyyaml (from yamllint==1.5.0)
  Downloading https://files.pythonhosted.org/packages/9e/a3/1d13970c3f36777c583f136c136f804d70f500168edc1edea6daa7200769/PyYAML-3.13.tar.gz (270kB)
Building wheels for collected packages: pyyaml
  Running setup.py bdist_wheel for pyyaml: started
  Running setup.py bdist_wheel for pyyaml: finished with status 'done'
  Stored in directory: /root/.cache/pip/wheels/ad/da/0c/74eb680767247273e2cf2723482cb9c924fe70af57c334513f
Successfully built pyyaml
Installing collected packages: pyyaml, yamllint
Successfully installed pyyaml-3.13 yamllint-1.5.0
Collecting mock==1.0.1 (from -r test-requirements.txt (line 1))
  Downloading https://files.pythonhosted.org/packages/a2/52/7edcd94f0afb721a2d559a5b9aae8af4f8f2c79bc63fdbe8a8a6c9b23bbe/mock-1.0.1.tar.gz (818kB)
Collecting pytest==2.9.1 (from -r test-requirements.txt (line 2))
  Downloading https://files.pythonhosted.org/packages/61/49/c299eeaea69ed31338a58762b5185c56044fc2e09434694742ca2306a514/pytest-2.9.1-py2.py3-none-any.whl (161kB)
Collecting coverage==3.7.1 (from -r test-requirements.txt (line 3))
  Downloading https://files.pythonhosted.org/packages/09/4f/89b06c7fdc09687bca507dc411c342556ef9c5a3b26756137a4878ff19bf/coverage-3.7.1.tar.gz (284kB)
Collecting pytest-cov==2.1.0 (from -r test-requirements.txt (line 4))
  Downloading https://files.pythonhosted.org/packages/f2/9b/03b7d51c74d8f7088e37043dcf4f59faed359c56e7d016e2627108072679/pytest_cov-2.1.0-py2.py3-none-any.whl
Collecting flake8==3.4.1 (from -r test-requirements.txt (line 5))
  Downloading https://files.pythonhosted.org/packages/b2/d3/e80ea2616e3871ae22459c415c63d64b9bd744c92267482670fcdbcea72d/flake8-3.4.1-py2.py3-none-any.whl (68kB)
Collecting py>=1.4.29 (from pytest==2.9.1->-r test-requirements.txt (line 2))
  Downloading https://files.pythonhosted.org/packages/3e/c7/3da685ef117d42ac8d71af525208759742dd235f8094221fdaafcd3dba8f/py-1.7.0-py2.py3-none-any.whl (83kB)
Collecting pyflakes<1.6.0,>=1.5.0 (from flake8==3.4.1->-r test-requirements.txt (line 5))
  Downloading https://files.pythonhosted.org/packages/27/49/924098b3b85c286696f37e014475d79471ffc44509613af420645a3c12cb/pyflakes-1.5.0-py2.py3-none-any.whl (225kB)
Collecting enum34; python_version < "3.4" (from flake8==3.4.1->-r test-requirements.txt (line 5))
  Downloading https://files.pythonhosted.org/packages/c5/db/e56e6b4bbac7c4a06de1c50de6fe1ef3810018ae11732a50f15f62c7d050/enum34-1.1.6-py2-none-any.whl
Collecting configparser; python_version < "3.2" (from flake8==3.4.1->-r test-requirements.txt (line 5))
  Downloading https://files.pythonhosted.org/packages/7c/69/c2ce7e91c89dc073eb1aa74c0621c3eefbffe8216b3f9af9d3885265c01c/configparser-3.5.0.tar.gz
Collecting mccabe<0.7.0,>=0.6.0 (from flake8==3.4.1->-r test-requirements.txt (line 5))
  Downloading https://files.pythonhosted.org/packages/87/89/479dc97e18549e21354893e4ee4ef36db1d237534982482c3681ee6e7b57/mccabe-0.6.1-py2.py3-none-any.whl
Collecting pycodestyle<2.4.0,>=2.0.0 (from flake8==3.4.1->-r test-requirements.txt (line 5))
  Downloading https://files.pythonhosted.org/packages/e4/81/78fe51eb4038d1388b7217dd63770b0f428370207125047312886c923b26/pycodestyle-2.3.1-py2.py3-none-any.whl (45kB)
Building wheels for collected packages: mock, coverage, configparser
  Running setup.py bdist_wheel for mock: started
  Running setup.py bdist_wheel for mock: finished with status 'done'
  Stored in directory: /root/.cache/pip/wheels/7e/72/92/744b532c779242b57aab4bcba80c312b30c069bbd60025e7e6
  Running setup.py bdist_wheel for coverage: started
  Running setup.py bdist_wheel for coverage: finished with status 'done'
  Stored in directory: /root/.cache/pip/wheels/68/58/66/f1fc9afad272df0df0fa38cdef34ee2d5d8d6a85f4eb5acab5
  Running setup.py bdist_wheel for configparser: started
  Running setup.py bdist_wheel for configparser: finished with status 'done'
  Stored in directory: /root/.cache/pip/wheels/a3/61/79/424ef897a2f3b14684a7de5d89e8600b460b89663e6ce9d17c
Successfully built mock coverage configparser
Installing collected packages: mock, py, pytest, coverage, pytest-cov, pyflakes, enum34, configparser, mccabe, pycodestyle, flake8
  Found existing installation: mock 2.0.0
    Not uninstalling mock at /usr/lib/python2.7/dist-packages, outside environment /usr
Successfully installed configparser-3.5.0 coverage-3.7.1 enum34-1.1.6 flake8-3.4.1 mccabe-0.6.1 mock-1.0.1 py-1.7.0 pycodestyle-2.3.1 pyflakes-1.5.0 pytest-2.9.1 pytest-cov-2.1.0
Removing intermediate container 0b6d2d2d58a4
 ---> 346b28e904a4
Step 87/94 : ENV PATH=/usr/local/cli:$PATH
 ---> Running in c829893c0871
Removing intermediate container c829893c0871
 ---> 71235efac6b7
Step 88/94 : ENV DOCKER_BUILDTAGS apparmor seccomp selinux
 ---> Running in ea205dbfa655
Removing intermediate container ea205dbfa655
 ---> 258c479af185
Step 89/94 : ENV GOMETALINTER_OPTS="--deadline=2m"
 ---> Running in 3009d40ff5f3
Removing intermediate container 3009d40ff5f3
 ---> 7489ca03fd7d
Step 90/94 : WORKDIR /go/src/github.com/docker/docker
 ---> Running in 52b88c7fcc55
Removing intermediate container 52b88c7fcc55
 ---> b37bfa1f95a0
Step 91/94 : VOLUME /var/lib/docker
 ---> Running in 015b3be49032
Removing intermediate container 015b3be49032
 ---> 1a2fb04ec220
Step 92/94 : ENTRYPOINT ["hack/dind"]
 ---> Running in 2d7e90764f6f
Removing intermediate container 2d7e90764f6f
 ---> 50868eed868d
Step 93/94 : FROM dev AS final
 ---> 50868eed868d
Step 94/94 : COPY . /go/src/github.com/docker/docker
 ---> d71f6cb8aa62
Successfully built d71f6cb8aa62
Successfully tagged docker:7850703-exp

Removing bundles/

---> Making bundle: binary-daemon (in bundles/binary-daemon)
Building: bundles/binary-daemon/dockerd-dev
Created binary: bundles/binary-daemon/dockerd-dev
Copying nested executables into bundles/binary-daemon

---> Making bundle: test-integration (in bundles/test-integration)
Building test suite binary ./integration-cli/test.main
Building test suite binary ./integration/plugin/test.main
Building test suite binary ./integration/plugin/authz/test.main
Building test suite binary ./integration/plugin/logging/test.main
Building test suite binary ./integration/plugin/logging/cmd/test.main
Building test suite binary ./integration/plugin/logging/cmd/close_on_start/test.main
Building test suite binary ./integration/plugin/logging/cmd/dummy/test.main
Building test suite binary ./integration/plugin/common/test.main
Building test suite binary ./integration/plugin/volumes/test.main
Building test suite binary ./integration/plugin/volumes/cmd/test.main
Building test suite binary ./integration/plugin/volumes/cmd/dummy/test.main
Building test suite binary ./integration/plugin/graphdriver/test.main
Building test suite binary ./integration/config/test.main
Building test suite binary ./integration/service/test.main
Building test suite binary ./integration/network/test.main
Building test suite binary ./integration/network/ipvlan/test.main
Building test suite binary ./integration/network/macvlan/test.main
Building test suite binary ./integration/secret/test.main
Building test suite binary ./integration/session/test.main
Building test suite binary ./integration/container/test.main
Building test suite binary ./integration/build/test.main
Building test suite binary ./integration/volume/test.main
Building test suite binary ./integration/system/test.main
Building test suite binary ./integration/image/test.main
---> Making bundle: .integration-daemon-start (in bundles/test-integration)
Using test binary docker
# DOCKER_EXPERIMENTAL is set: starting daemon with experimental features enabled! 
/etc/init.d/apparmor: 130: /etc/init.d/apparmor: systemd-detect-virt: not found
Starting AppArmor profiles:Warning from stdin (line 1): /sbin/apparmor_parser: cannot use or update cache, disable, or force-complain via stdin
Warning failed to create cache: (null)
.
INFO: Waiting for daemon to start...
Starting dockerd
.
---> Making bundle: .integration-daemon-setup (in bundles/test-integration)
---> Making bundle: .ensure-emptyfs (in bundles/test-integration)
Error: No such image: emptyfs
Running integration-test (iteration 1)
Running /go/src/github.com/docker/docker/integration/plugin
testing: warning: no tests to run
PASS
Running /go/src/github.com/docker/docker/integration/plugin/authz
Loaded image: buildpack-deps:jessie
Loaded image: busybox:latest
Loaded image: busybox:glibc
Loaded image: debian:jessie
Loaded image: hello-world:latest
INFO: Testing against a local daemon
=== RUN   TestAuthZPluginAllowRequest
--- PASS: TestAuthZPluginAllowRequest (4.03s)
    daemon.go:296: [d05422107adda] waiting for daemon to start
    daemon.go:328: [d05422107adda] daemon started
    daemon.go:283: [d05422107adda] exiting daemon
=== RUN   TestAuthZPluginTLS
--- PASS: TestAuthZPluginTLS (3.01s)
    daemon.go:296: [d70259e1a2936] waiting for daemon to start
    daemon.go:328: [d70259e1a2936] daemon started
    daemon.go:283: [d70259e1a2936] exiting daemon
=== RUN   TestAuthZPluginDenyRequest
--- PASS: TestAuthZPluginDenyRequest (2.68s)
    daemon.go:296: [d0d7f4d562ca0] waiting for daemon to start
    daemon.go:328: [d0d7f4d562ca0] daemon started
    daemon.go:283: [d0d7f4d562ca0] exiting daemon
=== RUN   TestAuthZPluginAPIDenyResponse
--- PASS: TestAuthZPluginAPIDenyResponse (3.93s)
    daemon.go:296: [d90aea583641b] waiting for daemon to start
    daemon.go:328: [d90aea583641b] daemon started
    daemon.go:283: [d90aea583641b] exiting daemon
=== RUN   TestAuthZPluginDenyResponse
--- PASS: TestAuthZPluginDenyResponse (2.07s)
    daemon.go:296: [db4652599aab2] waiting for daemon to start
    daemon.go:328: [db4652599aab2] daemon started
    daemon.go:283: [db4652599aab2] exiting daemon
=== RUN   TestAuthZPluginAllowEventStream
--- PASS: TestAuthZPluginAllowEventStream (1.24s)
    daemon.go:296: [d9184f6ef6f0c] waiting for daemon to start
    daemon.go:328: [d9184f6ef6f0c] daemon started
    daemon.go:283: [d9184f6ef6f0c] exiting daemon
=== RUN   TestAuthZPluginErrorResponse
--- PASS: TestAuthZPluginErrorResponse (0.52s)
    daemon.go:296: [df7aa1e539778] waiting for daemon to start
    daemon.go:328: [df7aa1e539778] daemon started
    daemon.go:283: [df7aa1e539778] exiting daemon
=== RUN   TestAuthZPluginErrorRequest
--- PASS: TestAuthZPluginErrorRequest (0.52s)
    daemon.go:296: [d544db598b58e] waiting for daemon to start
    daemon.go:328: [d544db598b58e] daemon started
    daemon.go:283: [d544db598b58e] exiting daemon
=== RUN   TestAuthZPluginEnsureNoDuplicatePluginRegistration
--- PASS: TestAuthZPluginEnsureNoDuplicatePluginRegistration (0.53s)
    daemon.go:296: [d1c98c4db16a5] waiting for daemon to start
    daemon.go:328: [d1c98c4db16a5] daemon started
    daemon.go:283: [d1c98c4db16a5] exiting daemon
=== RUN   TestAuthZPluginEnsureLoadImportWorking
--- PASS: TestAuthZPluginEnsureLoadImportWorking (1.44s)
    daemon.go:296: [dc99e21048c97] waiting for daemon to start
    daemon.go:328: [dc99e21048c97] daemon started
    daemon.go:283: [dc99e21048c97] exiting daemon
=== RUN   TestAuthzPluginEnsureContainerCopyToFrom
--- PASS: TestAuthzPluginEnsureContainerCopyToFrom (1.52s)
    daemon.go:296: [da38c9b73051f] waiting for daemon to start
    daemon.go:328: [da38c9b73051f] daemon started
    daemon.go:283: [da38c9b73051f] exiting daemon
=== RUN   TestAuthZPluginHeader
--- PASS: TestAuthZPluginHeader (0.72s)
    daemon.go:296: [d041de867f84c] waiting for daemon to start
    daemon.go:328: [d041de867f84c] daemon started
    daemon.go:283: [d041de867f84c] exiting daemon
=== RUN   TestAuthZPluginV2AllowNonVolumeRequest
--- PASS: TestAuthZPluginV2AllowNonVolumeRequest (6.62s)
    daemon.go:296: [d7d1e17c3b6b7] waiting for daemon to start
    daemon.go:328: [d7d1e17c3b6b7] daemon started
    daemon.go:283: [d7d1e17c3b6b7] exiting daemon
    daemon.go:296: [d7d1e17c3b6b7] waiting for daemon to start
    daemon.go:328: [d7d1e17c3b6b7] daemon started
    daemon.go:283: [d7d1e17c3b6b7] exiting daemon
=== RUN   TestAuthZPluginV2Disable
--- PASS: TestAuthZPluginV2Disable (5.94s)
    daemon.go:296: [d7eb7088e569c] waiting for daemon to start
    daemon.go:328: [d7eb7088e569c] daemon started
    daemon.go:283: [d7eb7088e569c] exiting daemon
    daemon.go:296: [d7eb7088e569c] waiting for daemon to start
    daemon.go:328: [d7eb7088e569c] daemon started
    daemon.go:283: [d7eb7088e569c] exiting daemon
=== RUN   TestAuthZPluginV2RejectVolumeRequests
--- PASS: TestAuthZPluginV2RejectVolumeRequests (5.76s)
    daemon.go:296: [d7964411f2ddf] waiting for daemon to start
    daemon.go:328: [d7964411f2ddf] daemon started
    daemon.go:283: [d7964411f2ddf] exiting daemon
    daemon.go:296: [d7964411f2ddf] waiting for daemon to start
    daemon.go:328: [d7964411f2ddf] daemon started
    daemon.go:283: [d7964411f2ddf] exiting daemon
=== RUN   TestAuthZPluginV2BadManifestFailsDaemonStart
--- PASS: TestAuthZPluginV2BadManifestFailsDaemonStart (13.93s)
    daemon.go:296: [d852beeec9518] waiting for daemon to start
    daemon.go:328: [d852beeec9518] daemon started
    daemon.go:283: [d852beeec9518] exiting daemon
    daemon.go:296: [d852beeec9518] waiting for daemon to start
    daemon.go:296: [d852beeec9518] waiting for daemon to start
    daemon.go:283: [d852beeec9518] exiting daemon
    daemon.go:296: [d852beeec9518] waiting for daemon to start
    daemon.go:328: [d852beeec9518] daemon started
    daemon.go:283: [d852beeec9518] exiting daemon
=== RUN   TestAuthZPluginV2NonexistentFailsDaemonStart
--- PASS: TestAuthZPluginV2NonexistentFailsDaemonStart (16.52s)
    daemon.go:296: [d684ab1f5c1bf] waiting for daemon to start
    daemon.go:328: [d684ab1f5c1bf] daemon started
    daemon.go:283: [d684ab1f5c1bf] exiting daemon
    daemon.go:296: [d684ab1f5c1bf] waiting for daemon to start
    daemon.go:296: [d684ab1f5c1bf] waiting for daemon to start
    daemon.go:296: [d684ab1f5c1bf] waiting for daemon to start
    daemon.go:328: [d684ab1f5c1bf] daemon started
    daemon.go:283: [d684ab1f5c1bf] exiting daemon
PASS
Running /go/src/github.com/docker/docker/integration/plugin/logging
INFO: Testing against a local daemon
=== RUN   TestContinueAfterPluginCrash
=== PAUSE TestContinueAfterPluginCrash
=== RUN   TestDaemonStartWithLogOpt
=== PAUSE TestDaemonStartWithLogOpt
=== CONT  TestContinueAfterPluginCrash
=== CONT  TestDaemonStartWithLogOpt
--- PASS: TestDaemonStartWithLogOpt (14.82s)
    daemon.go:296: [da257805b2fe7] waiting for daemon to start
    daemon.go:328: [da257805b2fe7] daemon started
    daemon.go:283: [da257805b2fe7] exiting daemon
    daemon.go:296: [da257805b2fe7] waiting for daemon to start
    daemon.go:328: [da257805b2fe7] daemon started
    daemon.go:283: [da257805b2fe7] exiting daemon
--- PASS: TestContinueAfterPluginCrash (19.53s)
    daemon.go:296: [d7595fe331627] waiting for daemon to start
    daemon.go:328: [d7595fe331627] daemon started
    daemon.go:283: [d7595fe331627] exiting daemon
PASS
Running /go/src/github.com/docker/docker/integration/plugin/logging/cmd
testing: warning: no tests to run
PASS
Running /go/src/github.com/docker/docker/integration/plugin/logging/cmd/close_on_start
testing: warning: no tests to run
PASS
Running /go/src/github.com/docker/docker/integration/plugin/logging/cmd/dummy
testing: warning: no tests to run
PASS
Running /go/src/github.com/docker/docker/integration/plugin/common
INFO: Testing against a local daemon
=== RUN   TestPluginInvalidJSON
=== RUN   TestPluginInvalidJSON//plugins/foobar/set
=== PAUSE TestPluginInvalidJSON//plugins/foobar/set
=== CONT  TestPluginInvalidJSON//plugins/foobar/set
--- PASS: TestPluginInvalidJSON (0.01s)
    --- PASS: TestPluginInvalidJSON//plugins/foobar/set (0.00s)
PASS
Running /go/src/github.com/docker/docker/integration/plugin/volumes
INFO: Testing against a local daemon
=== RUN   TestPluginWithDevMounts
=== PAUSE TestPluginWithDevMounts
=== CONT  TestPluginWithDevMounts
--- PASS: TestPluginWithDevMounts (1.73s)
    daemon.go:296: [d313fb3990712] waiting for daemon to start
    daemon.go:328: [d313fb3990712] daemon started
    daemon.go:283: [d313fb3990712] exiting daemon
PASS
Running /go/src/github.com/docker/docker/integration/plugin/volumes/cmd
testing: warning: no tests to run
PASS
Running /go/src/github.com/docker/docker/integration/plugin/volumes/cmd/dummy
testing: warning: no tests to run
PASS
Running /go/src/github.com/docker/docker/integration/plugin/graphdriver
INFO: Testing against a local daemon
=== RUN   TestExternalGraphDriver
=== RUN   TestExternalGraphDriver/json
=== RUN   TestExternalGraphDriver/spec
=== RUN   TestExternalGraphDriver/pull
--- PASS: TestExternalGraphDriver (7.03s)
    daemon.go:296: [dfe9c57cb269d] waiting for daemon to start
    daemon.go:328: [dfe9c57cb269d] daemon started
    daemon.go:283: [dfe9c57cb269d] exiting daemon
    daemon.go:296: [dfe9c57cb269d] waiting for daemon to start
    daemon.go:328: [dfe9c57cb269d] daemon started
    daemon.go:283: [dfe9c57cb269d] exiting daemon
    --- PASS: TestExternalGraphDriver/json (1.71s)
    daemon.go:296: [dfe9c57cb269d] waiting for daemon to start
    daemon.go:328: [dfe9c57cb269d] daemon started
    daemon.go:283: [dfe9c57cb269d] exiting daemon
    daemon.go:296: [dfe9c57cb269d] waiting for daemon to start
    daemon.go:328: [dfe9c57cb269d] daemon started
    daemon.go:283: [dfe9c57cb269d] exiting daemon
    --- PASS: TestExternalGraphDriver/spec (1.71s)
    daemon.go:296: [dfe9c57cb269d] waiting for daemon to start
    daemon.go:328: [dfe9c57cb269d] daemon started
    daemon.go:283: [dfe9c57cb269d] exiting daemon
    --- PASS: TestExternalGraphDriver/pull (3.19s)
=== RUN   TestGraphdriverPluginV2
--- SKIP: TestGraphdriverPluginV2 (0.34s)
    external_test.go:411: !requirement.Overlay2Supported(testEnv.DaemonInfo.KernelVersion)
PASS
Running /go/src/github.com/docker/docker/integration/config
INFO: Testing against a local daemon
=== RUN   TestConfigList
--- PASS: TestConfigList (2.53s)
    daemon.go:296: [dbf898332055b] waiting for daemon to start
    daemon.go:328: [dbf898332055b] daemon started
    daemon.go:283: [dbf898332055b] exiting daemon
=== RUN   TestConfigsCreateAndDelete
--- PASS: TestConfigsCreateAndDelete (2.12s)
    daemon.go:296: [d15d79b15fe15] waiting for daemon to start
    daemon.go:328: [d15d79b15fe15] daemon started
    daemon.go:283: [d15d79b15fe15] exiting daemon
=== RUN   TestConfigsUpdate
--- PASS: TestConfigsUpdate (2.13s)
    daemon.go:296: [dc08d160a4281] waiting for daemon to start
    daemon.go:328: [dc08d160a4281] daemon started
    daemon.go:283: [dc08d160a4281] exiting daemon
=== RUN   TestTemplatedConfig
--- PASS: TestTemplatedConfig (2.52s)
    daemon.go:296: [d8d08d8abad75] waiting for daemon to start
    daemon.go:328: [d8d08d8abad75] daemon started
    daemon.go:283: [d8d08d8abad75] exiting daemon
=== RUN   TestConfigInspect
--- PASS: TestConfigInspect (2.15s)
    daemon.go:296: [da08712d4d615] waiting for daemon to start
    daemon.go:328: [da08712d4d615] daemon started
    daemon.go:283: [da08712d4d615] exiting daemon
=== RUN   TestConfigCreateWithLabels
--- PASS: TestConfigCreateWithLabels (1.98s)
    daemon.go:296: [d768646d30f44] waiting for daemon to start
    daemon.go:328: [d768646d30f44] daemon started
    daemon.go:283: [d768646d30f44] exiting daemon
=== RUN   TestConfigCreateResolve
--- PASS: TestConfigCreateResolve (2.13s)
    daemon.go:296: [d3c611b70a5b0] waiting for daemon to start
    daemon.go:328: [d3c611b70a5b0] daemon started
    daemon.go:283: [d3c611b70a5b0] exiting daemon
PASS
Running /go/src/github.com/docker/docker/integration/service
INFO: Testing against a local daemon
=== RUN   TestServiceCreateInit
=== RUN   TestServiceCreateInit/daemonInitDisabled
=== RUN   TestServiceCreateInit/daemonInitEnabled
--- PASS: TestServiceCreateInit (8.58s)
    --- PASS: TestServiceCreateInit/daemonInitDisabled (4.55s)
        daemon.go:296: [d057051ec9543] waiting for daemon to start
        daemon.go:328: [d057051ec9543] daemon started
        daemon.go:283: [d057051ec9543] exiting daemon
    --- PASS: TestServiceCreateInit/daemonInitEnabled (4.03s)
        daemon.go:296: [dc6217e624186] waiting for daemon to start
        daemon.go:328: [dc6217e624186] daemon started
        daemon.go:283: [dc6217e624186] exiting daemon
=== RUN   TestCreateServiceMultipleTimes
--- PASS: TestCreateServiceMultipleTimes (24.30s)
    daemon.go:296: [d45bda6106d53] waiting for daemon to start
    daemon.go:328: [d45bda6106d53] daemon started
    daemon.go:283: [d45bda6106d53] exiting daemon
=== RUN   TestCreateServiceConflict
--- PASS: TestCreateServiceConflict (2.02s)
    daemon.go:296: [d6b3ad25e3e96] waiting for daemon to start
    daemon.go:328: [d6b3ad25e3e96] daemon started
    daemon.go:283: [d6b3ad25e3e96] exiting daemon
=== RUN   TestCreateServiceMaxReplicas
--- PASS: TestCreateServiceMaxReplicas (2.85s)
    daemon.go:296: [dd20577273af0] waiting for daemon to start
    daemon.go:328: [dd20577273af0] daemon started
    daemon.go:283: [dd20577273af0] exiting daemon
=== RUN   TestCreateWithDuplicateNetworkNames
--- PASS: TestCreateWithDuplicateNetworkNames (13.88s)
    daemon.go:296: [d5ef353f2ef06] waiting for daemon to start
    daemon.go:328: [d5ef353f2ef06] daemon started
    daemon.go:283: [d5ef353f2ef06] exiting daemon
=== RUN   TestCreateServiceSecretFileMode
--- PASS: TestCreateServiceSecretFileMode (2.53s)
    daemon.go:296: [d61a55ff77df5] waiting for daemon to start
    daemon.go:328: [d61a55ff77df5] daemon started
    daemon.go:283: [d61a55ff77df5] exiting daemon
=== RUN   TestCreateServiceConfigFileMode
--- PASS: TestCreateServiceConfigFileMode (2.42s)
    daemon.go:296: [d99845a3d3b36] waiting for daemon to start
    daemon.go:328: [d99845a3d3b36] daemon started
    daemon.go:283: [d99845a3d3b36] exiting daemon
=== RUN   TestCreateServiceSysctls
--- PASS: TestCreateServiceSysctls (3.19s)
    daemon.go:296: [d7d5412805699] waiting for daemon to start
    daemon.go:328: [d7d5412805699] daemon started
    daemon.go:283: [d7d5412805699] exiting daemon
=== RUN   TestInspect
--- PASS: TestInspect (2.04s)
    daemon.go:296: [dcc3ee1fed815] waiting for daemon to start
    daemon.go:328: [dcc3ee1fed815] daemon started
    daemon.go:283: [dcc3ee1fed815] exiting daemon
=== RUN   TestDockerNetworkConnectAlias
--- PASS: TestDockerNetworkConnectAlias (4.97s)
    daemon.go:296: [d216691e5d947] waiting for daemon to start
    daemon.go:328: [d216691e5d947] daemon started
    daemon.go:283: [d216691e5d947] exiting daemon
=== RUN   TestServicePlugin
--- PASS: TestServicePlugin (35.12s)
    daemon.go:296: [d8a61f96a6288] waiting for daemon to start
    daemon.go:328: [d8a61f96a6288] daemon started
    daemon.go:283: [d8a61f96a6288] exiting daemon
    daemon.go:296: [d61d5a17f927a] waiting for daemon to start
    daemon.go:328: [d61d5a17f927a] daemon started
    daemon.go:296: [dc005048e8824] waiting for daemon to start
    daemon.go:328: [dc005048e8824] daemon started
    daemon.go:296: [d1610e152f9ec] waiting for daemon to start
    daemon.go:328: [d1610e152f9ec] daemon started
    daemon.go:283: [d1610e152f9ec] exiting daemon
    daemon.go:283: [dc005048e8824] exiting daemon
    daemon.go:283: [d61d5a17f927a] exiting daemon
PASS
Running /go/src/github.com/docker/docker/integration/network
INFO: Testing against a local daemon
=== RUN   TestNetworkCreateDelete
--- PASS: TestNetworkCreateDelete (0.11s)
=== RUN   TestDockerNetworkDeletePreferID
--- PASS: TestDockerNetworkDeletePreferID (0.28s)
=== RUN   TestInspectNetwork
--- PASS: TestInspectNetwork (23.08s)
    daemon.go:296: [d02c80bc51f22] waiting for daemon to start
    daemon.go:328: [d02c80bc51f22] daemon started
    daemon.go:283: [d02c80bc51f22] exiting daemon
=== RUN   TestRunContainerWithBridgeNone
--- PASS: TestRunContainerWithBridgeNone (2.05s)
    daemon.go:296: [d8385b70cdb1b] waiting for daemon to start
    daemon.go:328: [d8385b70cdb1b] daemon started
    daemon.go:283: [d8385b70cdb1b] exiting daemon
=== RUN   TestNetworkInvalidJSON
=== RUN   TestNetworkInvalidJSON//networks/create
=== PAUSE TestNetworkInvalidJSON//networks/create
=== RUN   TestNetworkInvalidJSON//networks/bridge/connect
=== PAUSE TestNetworkInvalidJSON//networks/bridge/connect
=== RUN   TestNetworkInvalidJSON//networks/bridge/disconnect
=== PAUSE TestNetworkInvalidJSON//networks/bridge/disconnect
=== CONT  TestNetworkInvalidJSON//networks/create
=== CONT  TestNetworkInvalidJSON//networks/bridge/disconnect
=== CONT  TestNetworkInvalidJSON//networks/bridge/connect
--- PASS: TestNetworkInvalidJSON (0.02s)
    --- PASS: TestNetworkInvalidJSON//networks/bridge/disconnect (0.00s)
    --- PASS: TestNetworkInvalidJSON//networks/create (0.00s)
    --- PASS: TestNetworkInvalidJSON//networks/bridge/connect (0.00s)
=== RUN   TestDaemonRestartWithLiveRestore
--- PASS: TestDaemonRestartWithLiveRestore (1.02s)
    daemon.go:296: [d914e7f66763a] waiting for daemon to start
    daemon.go:328: [d914e7f66763a] daemon started
    daemon.go:283: [d914e7f66763a] exiting daemon
    daemon.go:296: [d914e7f66763a] waiting for daemon to start
    daemon.go:328: [d914e7f66763a] daemon started
    daemon.go:283: [d914e7f66763a] exiting daemon
=== RUN   TestDaemonDefaultNetworkPools
--- PASS: TestDaemonDefaultNetworkPools (0.65s)
    daemon.go:296: [dea5aef623bc8] waiting for daemon to start
    daemon.go:328: [dea5aef623bc8] daemon started
    daemon.go:283: [dea5aef623bc8] exiting daemon
=== RUN   TestDaemonRestartWithExistingNetwork
--- PASS: TestDaemonRestartWithExistingNetwork (1.10s)
    daemon.go:296: [dbd926fce8d42] waiting for daemon to start
    daemon.go:328: [dbd926fce8d42] daemon started
    daemon.go:283: [dbd926fce8d42] exiting daemon
    daemon.go:296: [dbd926fce8d42] waiting for daemon to start
    daemon.go:328: [dbd926fce8d42] daemon started
    daemon.go:283: [dbd926fce8d42] exiting daemon
=== RUN   TestDaemonRestartWithExistingNetworkWithDefaultPoolRange
--- PASS: TestDaemonRestartWithExistingNetworkWithDefaultPoolRange (1.18s)
    daemon.go:296: [dd17bb9d24f8d] waiting for daemon to start
    daemon.go:328: [dd17bb9d24f8d] daemon started
    daemon.go:283: [dd17bb9d24f8d] exiting daemon
    daemon.go:296: [dd17bb9d24f8d] waiting for daemon to start
    daemon.go:328: [dd17bb9d24f8d] daemon started
    daemon.go:283: [dd17bb9d24f8d] exiting daemon
=== RUN   TestDaemonWithBipAndDefaultNetworkPool
--- PASS: TestDaemonWithBipAndDefaultNetworkPool (0.54s)
    daemon.go:296: [d8e65269cee39] waiting for daemon to start
    daemon.go:328: [d8e65269cee39] daemon started
    daemon.go:283: [d8e65269cee39] exiting daemon
=== RUN   TestServiceWithPredefinedNetwork
--- PASS: TestServiceWithPredefinedNetwork (2.11s)
    daemon.go:296: [dcc3ac5305e13] waiting for daemon to start
    daemon.go:328: [dcc3ac5305e13] daemon started
    daemon.go:283: [dcc3ac5305e13] exiting daemon
=== RUN   TestServiceRemoveKeepsIngressNetwork
--- PASS: TestServiceRemoveKeepsIngressNetwork (12.07s)
    daemon.go:296: [d766b0a2d01bc] waiting for daemon to start
    daemon.go:328: [d766b0a2d01bc] daemon started
    daemon.go:283: [d766b0a2d01bc] exiting daemon
=== RUN   TestServiceWithDataPathPortInit
--- PASS: TestServiceWithDataPathPortInit (4.14s)
    daemon.go:296: [d9a918cdd58e9] waiting for daemon to start
    daemon.go:328: [d9a918cdd58e9] daemon started
    daemon.go:283: [d9a918cdd58e9] exiting daemon
    daemon.go:296: [d66c69b985b9c] waiting for daemon to start
    daemon.go:328: [d66c69b985b9c] daemon started
    daemon.go:283: [d66c69b985b9c] exiting daemon
=== RUN   TestServiceWithDefaultAddressPoolInit
--- PASS: TestServiceWithDefaultAddressPoolInit (4.23s)
    daemon.go:296: [ded485af8283b] waiting for daemon to start
    daemon.go:328: [ded485af8283b] daemon started
    service_test.go:415: TestServiceWithDefaultAddressPoolInit: NetworkInspect: {Name:saanvisthiraTestServiceWithDefaultAddressPoolInit ID:s34ir1qqdjjprabvngr1et27j Created:2018-12-31 09:58:29.32691542 +0000 UTC Scope:swarm Driver:overlay EnableIPv6:false IPAM:{Driver:default Options:map[] Config:[{Subnet:20.20.0.0/24 IPRange: Gateway:20.20.0.1 AuxAddress:map[]}]} Internal:false Attachable:false Ingress:false ConfigFrom:{Network:} ConfigOnly:false Containers:map[] Options:map[com.docker.network.driver.overlay.vxlanid_list:4097] Labels:map[] Peers:[] Services:map[]}
    daemon.go:283: [ded485af8283b] exiting daemon
    daemon.go:296: [daf041f5c249d] waiting for daemon to start
    daemon.go:328: [daf041f5c249d] daemon started
    daemon.go:283: [daf041f5c249d] exiting daemon
PASS
Running /go/src/github.com/docker/docker/integration/network/ipvlan
INFO: Testing against a local daemon
=== RUN   TestDockerNetworkIpvlanPersistance
--- PASS: TestDockerNetworkIpvlanPersistance (1.30s)
    daemon.go:296: [d35ee58bf5bc8] waiting for daemon to start
    daemon.go:328: [d35ee58bf5bc8] daemon started
    daemon.go:283: [d35ee58bf5bc8] exiting daemon
    daemon.go:296: [d35ee58bf5bc8] waiting for daemon to start
    daemon.go:328: [d35ee58bf5bc8] daemon started
    daemon.go:283: [d35ee58bf5bc8] exiting daemon
=== RUN   TestDockerNetworkIpvlan
=== RUN   TestDockerNetworkIpvlan/Subinterface
=== RUN   TestDockerNetworkIpvlan/OverlapParent
=== RUN   TestDockerNetworkIpvlan/L2NilParent
=== RUN   TestDockerNetworkIpvlan/L2InternalMode
=== RUN   TestDockerNetworkIpvlan/L3NilParent
=== RUN   TestDockerNetworkIpvlan/L3InternalMode
=== RUN   TestDockerNetworkIpvlan/L2MultiSubnet
=== RUN   TestDockerNetworkIpvlan/L3MultiSubnet
=== RUN   TestDockerNetworkIpvlan/Addressing
--- PASS: TestDockerNetworkIpvlan (109.97s)
    daemon.go:296: [d4745655ab220] waiting for daemon to start
    daemon.go:328: [d4745655ab220] daemon started
    --- PASS: TestDockerNetworkIpvlan/Subinterface (0.07s)
    daemon.go:283: [d4745655ab220] exiting daemon
    daemon.go:296: [dc35e40bf6296] waiting for daemon to start
    daemon.go:328: [dc35e40bf6296] daemon started
    --- PASS: TestDockerNetworkIpvlan/OverlapParent (0.04s)
    daemon.go:283: [dc35e40bf6296] exiting daemon
    daemon.go:296: [d5723bf307232] waiting for daemon to start
    daemon.go:328: [d5723bf307232] daemon started
    --- PASS: TestDockerNetworkIpvlan/L2NilParent (0.82s)
    daemon.go:283: [d5723bf307232] exiting daemon
    daemon.go:296: [d3d3701018908] waiting for daemon to start
    daemon.go:328: [d3d3701018908] daemon started
    --- PASS: TestDockerNetworkIpvlan/L2InternalMode (1.86s)
    daemon.go:283: [d3d3701018908] exiting daemon
    daemon.go:296: [dfe34d0f8c410] waiting for daemon to start
    daemon.go:328: [dfe34d0f8c410] daemon started
    --- PASS: TestDockerNetworkIpvlan/L3NilParent (15.84s)
    daemon.go:283: [dfe34d0f8c410] exiting daemon
    daemon.go:296: [d0d1629705140] waiting for daemon to start
    daemon.go:328: [d0d1629705140] daemon started
    --- PASS: TestDockerNetworkIpvlan/L3InternalMode (16.87s)
    daemon.go:283: [d0d1629705140] exiting daemon
    daemon.go:296: [d95aac52bee8f] waiting for daemon to start
    daemon.go:328: [d95aac52bee8f] daemon started
    --- PASS: TestDockerNetworkIpvlan/L2MultiSubnet (17.14s)
    daemon.go:283: [d95aac52bee8f] exiting daemon
    daemon.go:296: [d1c89f3ede4e2] waiting for daemon to start
    daemon.go:328: [d1c89f3ede4e2] daemon started
    --- PASS: TestDockerNetworkIpvlan/L3MultiSubnet (17.16s)
    daemon.go:283: [d1c89f3ede4e2] exiting daemon
    daemon.go:296: [deed82bff751f] waiting for daemon to start
    daemon.go:328: [deed82bff751f] daemon started
    --- PASS: TestDockerNetworkIpvlan/Addressing (31.40s)
    daemon.go:283: [deed82bff751f] exiting daemon
PASS
Running /go/src/github.com/docker/docker/integration/network/macvlan
INFO: Testing against a local daemon
=== RUN   TestDockerNetworkMacvlanPersistance
--- PASS: TestDockerNetworkMacvlanPersistance (1.27s)
    daemon.go:296: [d5fd1a1eb6976] waiting for daemon to start
    daemon.go:328: [d5fd1a1eb6976] daemon started
    daemon.go:283: [d5fd1a1eb6976] exiting daemon
    daemon.go:296: [d5fd1a1eb6976] waiting for daemon to start
    daemon.go:328: [d5fd1a1eb6976] daemon started
    daemon.go:283: [d5fd1a1eb6976] exiting daemon
=== RUN   TestDockerNetworkMacvlan
=== RUN   TestDockerNetworkMacvlan/Subinterface
=== RUN   TestDockerNetworkMacvlan/OverlapParent
=== RUN   TestDockerNetworkMacvlan/NilParent
=== RUN   TestDockerNetworkMacvlan/InternalMode
=== RUN   TestDockerNetworkMacvlan/Addressing
--- PASS: TestDockerNetworkMacvlan (22.79s)
    daemon.go:296: [daafd2a342ef5] waiting for daemon to start
    daemon.go:328: [daafd2a342ef5] daemon started
    --- PASS: TestDockerNetworkMacvlan/Subinterface (0.06s)
    daemon.go:283: [daafd2a342ef5] exiting daemon
    daemon.go:296: [df7f508bc9715] waiting for daemon to start
    daemon.go:328: [df7f508bc9715] daemon started
    --- PASS: TestDockerNetworkMacvlan/OverlapParent (0.08s)
    daemon.go:283: [df7f508bc9715] exiting daemon
    daemon.go:296: [dc2bddb058ca8] waiting for daemon to start
    daemon.go:328: [dc2bddb058ca8] daemon started
    --- PASS: TestDockerNetworkMacvlan/NilParent (0.85s)
    daemon.go:283: [dc2bddb058ca8] exiting daemon
    daemon.go:296: [db31f48ccc5ef] waiting for daemon to start
    daemon.go:328: [db31f48ccc5ef] daemon started
    --- PASS: TestDockerNetworkMacvlan/InternalMode (1.83s)
    daemon.go:283: [db31f48ccc5ef] exiting daemon
    daemon.go:296: [df784ded62d68] waiting for daemon to start
    daemon.go:328: [df784ded62d68] daemon started
    --- PASS: TestDockerNetworkMacvlan/Addressing (15.64s)
    daemon.go:283: [df784ded62d68] exiting daemon
PASS
Running /go/src/github.com/docker/docker/integration/secret
INFO: Testing against a local daemon
=== RUN   TestSecretInspect
--- PASS: TestSecretInspect (2.14s)
    daemon.go:296: [db5e47138f63f] waiting for daemon to start
    daemon.go:328: [db5e47138f63f] daemon started
    daemon.go:283: [db5e47138f63f] exiting daemon
=== RUN   TestSecretList
--- PASS: TestSecretList (2.00s)
    daemon.go:296: [de79bd54d8bb2] waiting for daemon to start
    daemon.go:328: [de79bd54d8bb2] daemon started
    daemon.go:283: [de79bd54d8bb2] exiting daemon
=== RUN   TestSecretsCreateAndDelete
--- PASS: TestSecretsCreateAndDelete (2.14s)
    daemon.go:296: [d7c5bf7776828] waiting for daemon to start
    daemon.go:328: [d7c5bf7776828] daemon started
    daemon.go:283: [d7c5bf7776828] exiting daemon
=== RUN   TestSecretsUpdate
--- PASS: TestSecretsUpdate (2.09s)
    daemon.go:296: [ddc44832aa9f2] waiting for daemon to start
    daemon.go:328: [ddc44832aa9f2] daemon started
    daemon.go:283: [ddc44832aa9f2] exiting daemon
=== RUN   TestTemplatedSecret
--- PASS: TestTemplatedSecret (2.61s)
    daemon.go:296: [d0b0b4c394915] waiting for daemon to start
    daemon.go:328: [d0b0b4c394915] daemon started
    daemon.go:283: [d0b0b4c394915] exiting daemon
=== RUN   TestSecretCreateResolve
--- PASS: TestSecretCreateResolve (2.06s)
    daemon.go:296: [da2793152bfac] waiting for daemon to start
    daemon.go:328: [da2793152bfac] daemon started
    daemon.go:283: [da2793152bfac] exiting daemon
PASS
Running /go/src/github.com/docker/docker/integration/session
INFO: Testing against a local daemon
=== RUN   TestSessionCreate
--- PASS: TestSessionCreate (0.01s)
=== RUN   TestSessionCreateWithBadUpgrade
--- PASS: TestSessionCreateWithBadUpgrade (0.00s)
PASS
Running /go/src/github.com/docker/docker/integration/container
INFO: Testing against a local daemon
=== RUN   TestCheckpoint
--- PASS: TestCheckpoint (2.57s)
    checkpoint_test.go:55: Error (criu/util.c:816): exited, status=3
        Warn  (criu/net.c:2840): Unable to get socket network namespace
        Warn  (criu/net.c:2840): Unable to get tun network namespace
        Warn  (criu/sk-unix.c:229): unix: Unable to open a socket file: Bad address
        Warn  (criu/net.c:2840): Unable to get socket network namespace
        Warn  (criu/kerndat.c:881): Can't keep kdat cache on non-tempfs
        Looks good.
    daemon.go:296: [da5d26535b2f2] waiting for daemon to start
    daemon.go:328: [da5d26535b2f2] daemon started
    checkpoint_test.go:105: ++ type -P true
        ++ type -P ip6tables-restore
        + mount --bind /bin/true /sbin/ip6tables-restore
        ++ type -P true
        ++ type -P ip6tables-save
        + mount --bind /bin/true /sbin/ip6tables-save
    daemon.go:283: [da5d26535b2f2] exiting daemon
=== RUN   TestContainerInvalidJSON
=== RUN   TestContainerInvalidJSON//containers/foobar/copy
=== PAUSE TestContainerInvalidJSON//containers/foobar/copy
=== RUN   TestContainerInvalidJSON//containers/foobar/exec
=== PAUSE TestContainerInvalidJSON//containers/foobar/exec
=== RUN   TestContainerInvalidJSON//exec/foobar/start
=== PAUSE TestContainerInvalidJSON//exec/foobar/start
=== CONT  TestContainerInvalidJSON//containers/foobar/copy
=== CONT  TestContainerInvalidJSON//exec/foobar/start
=== CONT  TestContainerInvalidJSON//containers/foobar/exec
--- PASS: TestContainerInvalidJSON (0.01s)
    --- PASS: TestContainerInvalidJSON//exec/foobar/start (0.00s)
    --- PASS: TestContainerInvalidJSON//containers/foobar/copy (0.00s)
    --- PASS: TestContainerInvalidJSON//containers/foobar/exec (0.00s)
=== RUN   TestCopyFromContainerPathDoesNotExist
--- PASS: TestCopyFromContainerPathDoesNotExist (0.07s)
=== RUN   TestCopyFromContainerPathIsNotDir
--- PASS: TestCopyFromContainerPathIsNotDir (0.06s)
=== RUN   TestCopyToContainerPathDoesNotExist
--- PASS: TestCopyToContainerPathDoesNotExist (0.07s)
=== RUN   TestCopyToContainerPathIsNotDir
--- PASS: TestCopyToContainerPathIsNotDir (0.06s)
=== RUN   TestCreateFailsWhenIdentifierDoesNotExist
=== RUN   TestCreateFailsWhenIdentifierDoesNotExist/image_and_tag
=== PAUSE TestCreateFailsWhenIdentifierDoesNotExist/image_and_tag
=== RUN   TestCreateFailsWhenIdentifierDoesNotExist/image_no_tag
=== PAUSE TestCreateFailsWhenIdentifierDoesNotExist/image_no_tag
=== RUN   TestCreateFailsWhenIdentifierDoesNotExist/digest
=== PAUSE TestCreateFailsWhenIdentifierDoesNotExist/digest
=== CONT  TestCreateFailsWhenIdentifierDoesNotExist/image_and_tag
=== CONT  TestCreateFailsWhenIdentifierDoesNotExist/digest
=== CONT  TestCreateFailsWhenIdentifierDoesNotExist/image_no_tag
--- PASS: TestCreateFailsWhenIdentifierDoesNotExist (0.01s)
    --- PASS: TestCreateFailsWhenIdentifierDoesNotExist/image_and_tag (0.00s)
    --- PASS: TestCreateFailsWhenIdentifierDoesNotExist/digest (0.00s)
    --- PASS: TestCreateFailsWhenIdentifierDoesNotExist/image_no_tag (0.00s)
=== RUN   TestCreateWithInvalidEnv
=== RUN   TestCreateWithInvalidEnv/0
=== PAUSE TestCreateWithInvalidEnv/0
=== RUN   TestCreateWithInvalidEnv/1
=== PAUSE TestCreateWithInvalidEnv/1
=== RUN   TestCreateWithInvalidEnv/2
=== PAUSE TestCreateWithInvalidEnv/2
=== CONT  TestCreateWithInvalidEnv/0
=== CONT  TestCreateWithInvalidEnv/2
=== CONT  TestCreateWithInvalidEnv/1
--- PASS: TestCreateWithInvalidEnv (0.01s)
    --- PASS: TestCreateWithInvalidEnv/0 (0.00s)
    --- PASS: TestCreateWithInvalidEnv/2 (0.00s)
    --- PASS: TestCreateWithInvalidEnv/1 (0.00s)
=== RUN   TestCreateTmpfsMountsTarget
--- PASS: TestCreateTmpfsMountsTarget (0.01s)
=== RUN   TestCreateWithCustomMaskedPaths
--- PASS: TestCreateWithCustomMaskedPaths (1.51s)
=== RUN   TestCreateWithCustomReadonlyPaths
--- PASS: TestCreateWithCustomReadonlyPaths (1.57s)
=== RUN   TestCreateWithInvalidHealthcheckParams
=== RUN   TestCreateWithInvalidHealthcheckParams/test_invalid_Interval_in_Healthcheck:_less_than_0s
=== PAUSE TestCreateWithInvalidHealthcheckParams/test_invalid_Interval_in_Healthcheck:_less_than_0s
=== RUN   TestCreateWithInvalidHealthcheckParams/test_invalid_Interval_in_Healthcheck:_larger_than_0s_but_less_than_1ms
=== PAUSE TestCreateWithInvalidHealthcheckParams/test_invalid_Interval_in_Healthcheck:_larger_than_0s_but_less_than_1ms
=== RUN   TestCreateWithInvalidHealthcheckParams/test_invalid_Timeout_in_Healthcheck:_less_than_1ms
=== PAUSE TestCreateWithInvalidHealthcheckParams/test_invalid_Timeout_in_Healthcheck:_less_than_1ms
=== RUN   TestCreateWithInvalidHealthcheckParams/test_invalid_Retries_in_Healthcheck:_less_than_0
=== PAUSE TestCreateWithInvalidHealthcheckParams/test_invalid_Retries_in_Healthcheck:_less_than_0
=== RUN   TestCreateWithInvalidHealthcheckParams/test_invalid_StartPeriod_in_Healthcheck:_not_0_and_less_than_1ms
=== PAUSE TestCreateWithInvalidHealthcheckParams/test_invalid_StartPeriod_in_Healthcheck:_not_0_and_less_than_1ms
=== CONT  TestCreateWithInvalidHealthcheckParams/test_invalid_Interval_in_Healthcheck:_less_than_0s
=== CONT  TestCreateWithInvalidHealthcheckParams/test_invalid_Retries_in_Healthcheck:_less_than_0
=== CONT  TestCreateWithInvalidHealthcheckParams/test_invalid_StartPeriod_in_Healthcheck:_not_0_and_less_than_1ms
=== CONT  TestCreateWithInvalidHealthcheckParams/test_invalid_Timeout_in_Healthcheck:_less_than_1ms
=== CONT  TestCreateWithInvalidHealthcheckParams/test_invalid_Interval_in_Healthcheck:_larger_than_0s_but_less_than_1ms
--- PASS: TestCreateWithInvalidHealthcheckParams (0.01s)
    --- PASS: TestCreateWithInvalidHealthcheckParams/test_invalid_Retries_in_Healthcheck:_less_than_0 (0.00s)
    --- PASS: TestCreateWithInvalidHealthcheckParams/test_invalid_Interval_in_Healthcheck:_less_than_0s (0.00s)
    --- PASS: TestCreateWithInvalidHealthcheckParams/test_invalid_StartPeriod_in_Healthcheck:_not_0_and_less_than_1ms (0.00s)
    --- PASS: TestCreateWithInvalidHealthcheckParams/test_invalid_Timeout_in_Healthcheck:_less_than_1ms (0.00s)
    --- PASS: TestCreateWithInvalidHealthcheckParams/test_invalid_Interval_in_Healthcheck:_larger_than_0s_but_less_than_1ms (0.00s)
=== RUN   TestContainerStartOnDaemonRestart
=== PAUSE TestContainerStartOnDaemonRestart
=== RUN   TestDiff
--- PASS: TestDiff (0.51s)
=== RUN   TestExecWithCloseStdin
--- PASS: TestExecWithCloseStdin (0.62s)
=== RUN   TestExec
--- PASS: TestExec (0.62s)
=== RUN   TestExportContainerAndImportImage
--- PASS: TestExportContainerAndImportImage (0.63s)
=== RUN   TestExportContainerAfterDaemonRestart
--- PASS: TestExportContainerAfterDaemonRestart (1.28s)
    daemon.go:296: [d2c6377e6839c] waiting for daemon to start
    daemon.go:328: [d2c6377e6839c] daemon started
    daemon.go:283: [d2c6377e6839c] exiting daemon
    daemon.go:296: [d2c6377e6839c] waiting for daemon to start
    daemon.go:328: [d2c6377e6839c] daemon started
    daemon.go:283: [d2c6377e6839c] exiting daemon
=== RUN   TestHealthCheckWorkdir
--- PASS: TestHealthCheckWorkdir (0.78s)
=== RUN   TestInspectCpusetInConfigPre120
--- PASS: TestInspectCpusetInConfigPre120 (0.50s)
=== RUN   TestIpcModeNone
--- PASS: TestIpcModeNone (0.60s)
=== RUN   TestIpcModePrivate
--- PASS: TestIpcModePrivate (0.61s)
    ipcmode_test.go:88: [testIpcPrivateShareable] ipcmode: private, ipcdev: 0:56, shared: false, mustBeShared: false
=== RUN   TestIpcModeShareable
--- PASS: TestIpcModeShareable (0.63s)
    ipcmode_test.go:88: [testIpcPrivateShareable] ipcmode: shareable, ipcdev: 0:50, shared: true, mustBeShared: true
=== RUN   TestAPIIpcModeShareableAndContainer
--- PASS: TestAPIIpcModeShareableAndContainer (1.83s)
=== RUN   TestAPIIpcModeHost
--- PASS: TestAPIIpcModeHost (0.48s)
=== RUN   TestDaemonIpcModeShareable
--- PASS: TestDaemonIpcModeShareable (1.35s)
    daemon.go:296: [de17ecef17f79] waiting for daemon to start
    daemon.go:328: [de17ecef17f79] daemon started
    ipcmode_test.go:256: [testDaemonIpcPrivateShareable] ipcdev: 0:58, shared: true, mustBeShared: true
    daemon.go:283: [de17ecef17f79] exiting daemon
=== RUN   TestDaemonIpcModePrivate
--- PASS: TestDaemonIpcModePrivate (1.28s)
    daemon.go:296: [d5d77dcf216a9] waiting for daemon to start
    daemon.go:328: [d5d77dcf216a9] daemon started
    ipcmode_test.go:256: [testDaemonIpcPrivateShareable] ipcdev: 0:64, shared: false, mustBeShared: false
    daemon.go:283: [d5d77dcf216a9] exiting daemon
=== RUN   TestDaemonIpcModePrivateFromConfig
--- PASS: TestDaemonIpcModePrivateFromConfig (1.31s)
    daemon.go:296: [d1449a7aeebf7] waiting for daemon to start
    daemon.go:328: [d1449a7aeebf7] daemon started
    ipcmode_test.go:256: [testDaemonIpcPrivateShareable] ipcdev: 0:64, shared: false, mustBeShared: false
    daemon.go:283: [d1449a7aeebf7] exiting daemon
=== RUN   TestDaemonIpcModeShareableFromConfig
--- PASS: TestDaemonIpcModeShareableFromConfig (1.33s)
    daemon.go:296: [d9f47c2926807] waiting for daemon to start
    daemon.go:328: [d9f47c2926807] daemon started
    ipcmode_test.go:256: [testDaemonIpcPrivateShareable] ipcdev: 0:58, shared: true, mustBeShared: true
    daemon.go:283: [d9f47c2926807] exiting daemon
=== RUN   TestKillContainerInvalidSignal
--- PASS: TestKillContainerInvalidSignal (0.53s)
=== RUN   TestKillContainer
=== RUN   TestKillContainer/no_signal
=== RUN   TestKillContainer/non_killing_signal
=== RUN   TestKillContainer/killing_signal
--- PASS: TestKillContainer (1.60s)
    --- PASS: TestKillContainer/no_signal (0.48s)
    --- PASS: TestKillContainer/non_killing_signal (0.33s)
    --- PASS: TestKillContainer/killing_signal (0.54s)
=== RUN   TestKillWithStopSignalAndRestartPolicies
=== RUN   TestKillWithStopSignalAndRestartPolicies/same-signal-disables-restart-policy
=== RUN   TestKillWithStopSignalAndRestartPolicies/different-signal-keep-restart-policy
--- PASS: TestKillWithStopSignalAndRestartPolicies (1.08s)
    --- PASS: TestKillWithStopSignalAndRestartPolicies/same-signal-disables-restart-policy (0.50s)
    --- PASS: TestKillWithStopSignalAndRestartPolicies/different-signal-keep-restart-policy (0.34s)
=== RUN   TestKillStoppedContainer
--- PASS: TestKillStoppedContainer (0.07s)
=== RUN   TestKillStoppedContainerAPIPre120
--- PASS: TestKillStoppedContainerAPIPre120 (0.06s)
=== RUN   TestKillDifferentUserContainer
--- PASS: TestKillDifferentUserContainer (0.50s)
=== RUN   TestInspectOomKilledTrue
--- SKIP: TestInspectOomKilledTrue (0.00s)
    kill_test.go:153: testEnv.DaemonInfo.OSType == "windows" || !testEnv.DaemonInfo.MemoryLimit || !testEnv.DaemonInfo.SwapLimit
=== RUN   TestInspectOomKilledFalse
--- SKIP: TestInspectOomKilledFalse (0.00s)
    kill_test.go:171: testEnv.DaemonInfo.OSType == "windows" || !testEnv.DaemonInfo.MemoryLimit || !testEnv.DaemonInfo.SwapLimit
=== RUN   TestLinksEtcHostsContentMatch
--- PASS: TestLinksEtcHostsContentMatch (0.45s)
=== RUN   TestLinksContainerNames
--- PASS: TestLinksContainerNames (1.04s)
=== RUN   TestLogsFollowTailEmpty
--- PASS: TestLogsFollowTailEmpty (0.53s)
=== RUN   TestContainerNetworkMountsNoChown
--- PASS: TestContainerNetworkMountsNoChown (0.52s)
=== RUN   TestMountDaemonRoot
=== PAUSE TestMountDaemonRoot
=== RUN   TestContainerBindMountNonRecursive
--- PASS: TestContainerBindMountNonRecursive (1.25s)
=== RUN   TestNetworkNat
--- PASS: TestNetworkNat (0.53s)
=== RUN   TestNetworkLocalhostTCPNat
--- PASS: TestNetworkLocalhostTCPNat (0.52s)
=== RUN   TestNetworkLoopbackNat
--- PASS: TestNetworkLoopbackNat (0.77s)
=== RUN   TestPause
--- PASS: TestPause (0.58s)
=== RUN   TestPauseFailsOnWindowsServerContainers
--- SKIP: TestPauseFailsOnWindowsServerContainers (0.00s)
    pause_test.go:54: testEnv.DaemonInfo.OSType != "windows" || testEnv.DaemonInfo.Isolation != "process"
=== RUN   TestPauseStopPausedContainer
--- PASS: TestPauseStopPausedContainer (0.55s)
=== RUN   TestPsFilter
--- PASS: TestPsFilter (0.19s)
=== RUN   TestRemoveContainerWithRemovedVolume
--- PASS: TestRemoveContainerWithRemovedVolume (0.50s)
=== RUN   TestRemoveContainerWithVolume
--- PASS: TestRemoveContainerWithVolume (0.56s)
=== RUN   TestRemoveContainerRunning
--- PASS: TestRemoveContainerRunning (0.55s)
=== RUN   TestRemoveContainerForceRemoveRunning
--- PASS: TestRemoveContainerForceRemoveRunning (0.53s)
=== RUN   TestRemoveInvalidContainer
--- PASS: TestRemoveInvalidContainer (0.01s)
=== RUN   TestRenameLinkedContainer
--- PASS: TestRenameLinkedContainer (2.06s)
=== RUN   TestRenameStoppedContainer
--- PASS: TestRenameStoppedContainer (0.53s)
=== RUN   TestRenameRunningContainerAndReuse
--- PASS: TestRenameRunningContainerAndReuse (1.04s)
=== RUN   TestRenameInvalidName
--- PASS: TestRenameInvalidName (0.53s)
=== RUN   TestRenameAnonymousContainer
--- FAIL: TestRenameAnonymousContainer (1.72s)
    rename_test.go:169: assertion failed: 0 (int) != 1 (inspect.State.ExitCode int): container 8fc6fb78a11c77d8af79ae9e7d73c44ab6c624c10b89c1681484a69ff2b4649e exited with the wrong exitcode: {ContainerJSONBase:0xc00080da20 Mounts:[] Config:0xc0004e03c0 NetworkSettings:0xc0007c8300}
=== RUN   TestRenameContainerWithSameName
--- PASS: TestRenameContainerWithSameName (0.52s)
=== RUN   TestRenameContainerWithLinkedContainer
--- PASS: TestRenameContainerWithLinkedContainer (1.03s)
=== RUN   TestResize
--- PASS: TestResize (0.53s)
=== RUN   TestResizeWithInvalidSize
--- PASS: TestResizeWithInvalidSize (0.53s)
=== RUN   TestResizeWhenContainerNotStarted
--- PASS: TestResizeWhenContainerNotStarted (0.51s)
=== RUN   TestDaemonRestartKillContainers
=== RUN   TestDaemonRestartKillContainers/live-restore=false/container_without_restart_policy/kill-daemon
=== PAUSE TestDaemonRestartKillContainers/live-restore=false/container_without_restart_policy/kill-daemon
=== RUN   TestDaemonRestartKillContainers/live-restore=false/container_without_restart_policy/stop-daemon
=== PAUSE TestDaemonRestartKillContainers/live-restore=false/container_without_restart_policy/stop-daemon
=== RUN   TestDaemonRestartKillContainers/live-restore=true/container_without_restart_policy/kill-daemon
=== PAUSE TestDaemonRestartKillContainers/live-restore=true/container_without_restart_policy/kill-daemon
=== RUN   TestDaemonRestartKillContainers/live-restore=true/container_without_restart_policy/stop-daemon
=== PAUSE TestDaemonRestartKillContainers/live-restore=true/container_without_restart_policy/stop-daemon
=== RUN   TestDaemonRestartKillContainers/live-restore=false/container_with_restart=always/kill-daemon
=== PAUSE TestDaemonRestartKillContainers/live-restore=false/container_with_restart=always/kill-daemon
=== RUN   TestDaemonRestartKillContainers/live-restore=false/container_with_restart=always/stop-daemon
=== PAUSE TestDaemonRestartKillContainers/live-restore=false/container_with_restart=always/stop-daemon
=== RUN   TestDaemonRestartKillContainers/live-restore=true/container_with_restart=always/kill-daemon
=== PAUSE TestDaemonRestartKillContainers/live-restore=true/container_with_restart=always/kill-daemon
=== RUN   TestDaemonRestartKillContainers/live-restore=true/container_with_restart=always/stop-daemon
=== PAUSE TestDaemonRestartKillContainers/live-restore=true/container_with_restart=always/stop-daemon
=== RUN   TestDaemonRestartKillContainers/live-restore=false/container_created_should_not_be_restarted/kill-daemon
=== PAUSE TestDaemonRestartKillContainers/live-restore=false/container_created_should_not_be_restarted/kill-daemon
=== RUN   TestDaemonRestartKillContainers/live-restore=false/container_created_should_not_be_restarted/stop-daemon
=== PAUSE TestDaemonRestartKillContainers/live-restore=false/container_created_should_not_be_restarted/stop-daemon
=== RUN   TestDaemonRestartKillContainers/live-restore=true/container_created_should_not_be_restarted/kill-daemon
=== PAUSE TestDaemonRestartKillContainers/live-restore=true/container_created_should_not_be_restarted/kill-daemon
=== RUN   TestDaemonRestartKillContainers/live-restore=true/container_created_should_not_be_restarted/stop-daemon
=== PAUSE TestDaemonRestartKillContainers/live-restore=true/container_created_should_not_be_restarted/stop-daemon
=== CONT  TestDaemonRestartKillContainers/live-restore=false/container_without_restart_policy/kill-daemon
=== CONT  TestDaemonRestartKillContainers/live-restore=true/container_with_restart=always/kill-daemon
=== CONT  TestDaemonRestartKillContainers/live-restore=true/container_created_should_not_be_restarted/stop-daemon
=== CONT  TestDaemonRestartKillContainers/live-restore=true/container_created_should_not_be_restarted/kill-daemon
=== CONT  TestDaemonRestartKillContainers/live-restore=false/container_created_should_not_be_restarted/stop-daemon
=== CONT  TestDaemonRestartKillContainers/live-restore=false/container_created_should_not_be_restarted/kill-daemon
=== CONT  TestDaemonRestartKillContainers/live-restore=true/container_with_restart=always/stop-daemon
=== CONT  TestDaemonRestartKillContainers/live-restore=true/container_without_restart_policy/stop-daemon
=== CONT  TestDaemonRestartKillContainers/live-restore=false/container_with_restart=always/stop-daemon
=== CONT  TestDaemonRestartKillContainers/live-restore=false/container_with_restart=always/kill-daemon
=== CONT  TestDaemonRestartKillContainers/live-restore=true/container_without_restart_policy/kill-daemon
=== CONT  TestDaemonRestartKillContainers/live-restore=false/container_without_restart_policy/stop-daemon
--- PASS: TestDaemonRestartKillContainers (0.00s)
    --- PASS: TestDaemonRestartKillContainers/live-restore=false/container_without_restart_policy/kill-daemon (1.88s)
        daemon.go:296: [d67e2b03e4c80] waiting for daemon to start
        daemon.go:328: [d67e2b03e4c80] daemon started
        daemon.go:296: [d67e2b03e4c80] waiting for daemon to start
        daemon.go:328: [d67e2b03e4c80] daemon started
        daemon.go:283: [d67e2b03e4c80] exiting daemon
    --- PASS: TestDaemonRestartKillContainers/live-restore=true/container_with_restart=always/kill-daemon (2.09s)
        daemon.go:296: [d7f8aea831730] waiting for daemon to start
        daemon.go:328: [d7f8aea831730] daemon started
        daemon.go:296: [d7f8aea831730] waiting for daemon to start
        daemon.go:328: [d7f8aea831730] daemon started
        daemon.go:283: [d7f8aea831730] exiting daemon
    --- PASS: TestDaemonRestartKillContainers/live-restore=true/container_created_should_not_be_restarted/stop-daemon (1.32s)
        daemon.go:296: [d56cf63d5ae30] waiting for daemon to start
        daemon.go:328: [d56cf63d5ae30] daemon started
        daemon.go:283: [d56cf63d5ae30] exiting daemon
        daemon.go:296: [d56cf63d5ae30] waiting for daemon to start
        daemon.go:328: [d56cf63d5ae30] daemon started
        daemon.go:283: [d56cf63d5ae30] exiting daemon
    --- PASS: TestDaemonRestartKillContainers/live-restore=true/container_created_should_not_be_restarted/kill-daemon (1.36s)
        daemon.go:296: [d88558527f2e0] waiting for daemon to start
        daemon.go:328: [d88558527f2e0] daemon started
        daemon.go:296: [d88558527f2e0] waiting for daemon to start
        daemon.go:328: [d88558527f2e0] daemon started
        daemon.go:283: [d88558527f2e0] exiting daemon
    --- PASS: TestDaemonRestartKillContainers/live-restore=false/container_created_should_not_be_restarted/stop-daemon (1.31s)
        daemon.go:296: [dabbd9e1c4b99] waiting for daemon to start
        daemon.go:328: [dabbd9e1c4b99] daemon started
        daemon.go:283: [dabbd9e1c4b99] exiting daemon
        daemon.go:296: [dabbd9e1c4b99] waiting for daemon to start
        daemon.go:328: [dabbd9e1c4b99] daemon started
        daemon.go:283: [dabbd9e1c4b99] exiting daemon
    --- PASS: TestDaemonRestartKillContainers/live-restore=false/container_created_should_not_be_restarted/kill-daemon (1.34s)
        daemon.go:296: [d99526e5eed4e] waiting for daemon to start
        daemon.go:328: [d99526e5eed4e] daemon started
        daemon.go:296: [d99526e5eed4e] waiting for daemon to start
        daemon.go:328: [d99526e5eed4e] daemon started
        daemon.go:283: [d99526e5eed4e] exiting daemon
    --- PASS: TestDaemonRestartKillContainers/live-restore=true/container_with_restart=always/stop-daemon (1.85s)
        daemon.go:296: [de30d0b93bf49] waiting for daemon to start
        daemon.go:328: [de30d0b93bf49] daemon started
        daemon.go:283: [de30d0b93bf49] exiting daemon
        daemon.go:296: [de30d0b93bf49] waiting for daemon to start
        daemon.go:328: [de30d0b93bf49] daemon started
        daemon.go:283: [de30d0b93bf49] exiting daemon
    --- PASS: TestDaemonRestartKillContainers/live-restore=true/container_without_restart_policy/stop-daemon (1.88s)
        daemon.go:296: [d6d613de85c1a] waiting for daemon to start
        daemon.go:328: [d6d613de85c1a] daemon started
        daemon.go:283: [d6d613de85c1a] exiting daemon
        daemon.go:296: [d6d613de85c1a] waiting for daemon to start
        daemon.go:328: [d6d613de85c1a] daemon started
        daemon.go:283: [d6d613de85c1a] exiting daemon
    --- PASS: TestDaemonRestartKillContainers/live-restore=false/container_with_restart=always/stop-daemon (2.13s)
        daemon.go:296: [d8445c5fcb980] waiting for daemon to start
        daemon.go:328: [d8445c5fcb980] daemon started
        daemon.go:283: [d8445c5fcb980] exiting daemon
        daemon.go:296: [d8445c5fcb980] waiting for daemon to start
        daemon.go:328: [d8445c5fcb980] daemon started
        daemon.go:283: [d8445c5fcb980] exiting daemon
    --- PASS: TestDaemonRestartKillContainers/live-restore=false/container_with_restart=always/kill-daemon (2.22s)
        daemon.go:296: [db640890ff4f4] waiting for daemon to start
        daemon.go:328: [db640890ff4f4] daemon started
        daemon.go:296: [db640890ff4f4] waiting for daemon to start
        daemon.go:328: [db640890ff4f4] daemon started
        daemon.go:283: [db640890ff4f4] exiting daemon
    --- PASS: TestDaemonRestartKillContainers/live-restore=true/container_without_restart_policy/kill-daemon (1.84s)
        daemon.go:296: [d98efae4f161c] waiting for daemon to start
        daemon.go:328: [d98efae4f161c] daemon started
        daemon.go:296: [d98efae4f161c] waiting for daemon to start
        daemon.go:328: [d98efae4f161c] daemon started
        daemon.go:283: [d98efae4f161c] exiting daemon
    --- PASS: TestDaemonRestartKillContainers/live-restore=false/container_without_restart_policy/stop-daemon (1.89s)
        daemon.go:296: [d061ad21285a9] waiting for daemon to start
        daemon.go:328: [d061ad21285a9] daemon started
        daemon.go:283: [d061ad21285a9] exiting daemon
        daemon.go:296: [d061ad21285a9] waiting for daemon to start
        daemon.go:328: [d061ad21285a9] daemon started
        daemon.go:283: [d061ad21285a9] exiting daemon
=== RUN   TestKernelTCPMemory
--- PASS: TestKernelTCPMemory (0.65s)
=== RUN   TestNISDomainname
--- PASS: TestNISDomainname (0.68s)
=== RUN   TestStats
--- PASS: TestStats (1.68s)
=== RUN   TestStopContainerWithTimeout
=== RUN   TestStopContainerWithTimeout/0
=== PAUSE TestStopContainerWithTimeout/0
=== RUN   TestStopContainerWithTimeout/1
=== PAUSE TestStopContainerWithTimeout/1
=== RUN   TestStopContainerWithTimeout/3
=== PAUSE TestStopContainerWithTimeout/3
=== RUN   TestStopContainerWithTimeout/-1
=== PAUSE TestStopContainerWithTimeout/-1
=== CONT  TestStopContainerWithTimeout/0
=== CONT  TestStopContainerWithTimeout/-1
=== CONT  TestStopContainerWithTimeout/3
=== CONT  TestStopContainerWithTimeout/1
--- PASS: TestStopContainerWithTimeout (0.01s)
    --- PASS: TestStopContainerWithTimeout/0 (0.66s)
    --- PASS: TestStopContainerWithTimeout/-1 (2.62s)
    --- PASS: TestStopContainerWithTimeout/3 (2.52s)
    --- PASS: TestStopContainerWithTimeout/1 (1.54s)
=== RUN   TestDeleteDevicemapper
--- SKIP: TestDeleteDevicemapper (0.00s)
    stop_linux_test.go:75: testEnv.DaemonInfo.Driver != "devicemapper"
=== RUN   TestStopContainerWithRestartPolicyAlways
--- PASS: TestStopContainerWithRestartPolicyAlways (1.43s)
=== RUN   TestUpdateMemory
--- SKIP: TestUpdateMemory (0.00s)
    update_linux_test.go:22: !testEnv.DaemonInfo.SwapLimit
=== RUN   TestUpdateCPUQuota
=== PAUSE TestUpdateCPUQuota
=== RUN   TestUpdateRestartPolicy
--- PASS: TestUpdateRestartPolicy (11.32s)
=== RUN   TestUpdateRestartWithAutoRemove
--- PASS: TestUpdateRestartWithAutoRemove (0.52s)
=== RUN   TestWaitNonBlocked
=== RUN   TestWaitNonBlocked/wait-nonblocking-exit-0
=== PAUSE TestWaitNonBlocked/wait-nonblocking-exit-0
=== RUN   TestWaitNonBlocked/wait-nonblocking-exit-random
=== PAUSE TestWaitNonBlocked/wait-nonblocking-exit-random
=== CONT  TestWaitNonBlocked/wait-nonblocking-exit-0
=== CONT  TestWaitNonBlocked/wait-nonblocking-exit-random
--- PASS: TestWaitNonBlocked (0.01s)
    --- PASS: TestWaitNonBlocked/wait-nonblocking-exit-random (0.61s)
    --- PASS: TestWaitNonBlocked/wait-nonblocking-exit-0 (0.66s)
=== RUN   TestWaitBlocked
=== RUN   TestWaitBlocked/test-wait-blocked-exit-zero
=== PAUSE TestWaitBlocked/test-wait-blocked-exit-zero
=== RUN   TestWaitBlocked/test-wait-blocked-exit-random
=== PAUSE TestWaitBlocked/test-wait-blocked-exit-random
=== CONT  TestWaitBlocked/test-wait-blocked-exit-zero
=== CONT  TestWaitBlocked/test-wait-blocked-exit-random
--- PASS: TestWaitBlocked (0.01s)
    --- PASS: TestWaitBlocked/test-wait-blocked-exit-zero (0.83s)
    --- PASS: TestWaitBlocked/test-wait-blocked-exit-random (0.86s)
=== CONT  TestContainerStartOnDaemonRestart
=== CONT  TestUpdateCPUQuota
--- PASS: TestUpdateCPUQuota (1.43s)
=== CONT  TestMountDaemonRoot
=== RUN   TestMountDaemonRoot/default
=== PAUSE TestMountDaemonRoot/default
=== RUN   TestMountDaemonRoot/private
=== PAUSE TestMountDaemonRoot/private
=== RUN   TestMountDaemonRoot/rprivate
=== PAUSE TestMountDaemonRoot/rprivate
=== RUN   TestMountDaemonRoot/slave
=== PAUSE TestMountDaemonRoot/slave
=== RUN   TestMountDaemonRoot/rslave
=== PAUSE TestMountDaemonRoot/rslave
=== RUN   TestMountDaemonRoot/shared
=== PAUSE TestMountDaemonRoot/shared
=== RUN   TestMountDaemonRoot/rshared
=== PAUSE TestMountDaemonRoot/rshared
=== CONT  TestMountDaemonRoot/default
=== RUN   TestMountDaemonRoot/default/bind_root
=== PAUSE TestMountDaemonRoot/default/bind_root
=== RUN   TestMountDaemonRoot/default/bind_subpath
=== PAUSE TestMountDaemonRoot/default/bind_subpath
=== RUN   TestMountDaemonRoot/default/mount_root
=== PAUSE TestMountDaemonRoot/default/mount_root
=== RUN   TestMountDaemonRoot/default/mount_subpath
=== PAUSE TestMountDaemonRoot/default/mount_subpath
=== CONT  TestMountDaemonRoot/rslave
=== RUN   TestMountDaemonRoot/rslave/bind_root
=== PAUSE TestMountDaemonRoot/rslave/bind_root
=== RUN   TestMountDaemonRoot/rslave/bind_subpath
=== PAUSE TestMountDaemonRoot/rslave/bind_subpath
=== RUN   TestMountDaemonRoot/rslave/mount_root
=== PAUSE TestMountDaemonRoot/rslave/mount_root
=== RUN   TestMountDaemonRoot/rslave/mount_subpath
=== PAUSE TestMountDaemonRoot/rslave/mount_subpath
=== CONT  TestMountDaemonRoot/rshared
=== RUN   TestMountDaemonRoot/rshared/bind_subpath
=== PAUSE TestMountDaemonRoot/rshared/bind_subpath
=== RUN   TestMountDaemonRoot/rshared/mount_root
=== PAUSE TestMountDaemonRoot/rshared/mount_root
=== RUN   TestMountDaemonRoot/rshared/mount_subpath
=== PAUSE TestMountDaemonRoot/rshared/mount_subpath
=== RUN   TestMountDaemonRoot/rshared/bind_root
=== PAUSE TestMountDaemonRoot/rshared/bind_root
=== CONT  TestMountDaemonRoot/shared
=== RUN   TestMountDaemonRoot/shared/mount_subpath
=== PAUSE TestMountDaemonRoot/shared/mount_subpath
=== RUN   TestMountDaemonRoot/shared/bind_root
=== PAUSE TestMountDaemonRoot/shared/bind_root
=== RUN   TestMountDaemonRoot/shared/bind_subpath
=== PAUSE TestMountDaemonRoot/shared/bind_subpath
=== RUN   TestMountDaemonRoot/shared/mount_root
=== PAUSE TestMountDaemonRoot/shared/mount_root
=== CONT  TestMountDaemonRoot/rprivate
=== RUN   TestMountDaemonRoot/rprivate/bind_root
=== PAUSE TestMountDaemonRoot/rprivate/bind_root
=== RUN   TestMountDaemonRoot/rprivate/bind_subpath
=== PAUSE TestMountDaemonRoot/rprivate/bind_subpath
=== RUN   TestMountDaemonRoot/rprivate/mount_root
=== PAUSE TestMountDaemonRoot/rprivate/mount_root
=== RUN   TestMountDaemonRoot/rprivate/mount_subpath
=== PAUSE TestMountDaemonRoot/rprivate/mount_subpath
=== CONT  TestMountDaemonRoot/slave
=== RUN   TestMountDaemonRoot/slave/bind_root
=== PAUSE TestMountDaemonRoot/slave/bind_root
=== RUN   TestMountDaemonRoot/slave/bind_subpath
=== PAUSE TestMountDaemonRoot/slave/bind_subpath
=== RUN   TestMountDaemonRoot/slave/mount_root
=== PAUSE TestMountDaemonRoot/slave/mount_root
=== RUN   TestMountDaemonRoot/slave/mount_subpath
=== PAUSE TestMountDaemonRoot/slave/mount_subpath
=== CONT  TestMountDaemonRoot/private
=== RUN   TestMountDaemonRoot/private/bind_root
=== PAUSE TestMountDaemonRoot/private/bind_root
=== RUN   TestMountDaemonRoot/private/bind_subpath
=== PAUSE TestMountDaemonRoot/private/bind_subpath
=== RUN   TestMountDaemonRoot/private/mount_root
=== PAUSE TestMountDaemonRoot/private/mount_root
=== RUN   TestMountDaemonRoot/private/mount_subpath
=== PAUSE TestMountDaemonRoot/private/mount_subpath
=== CONT  TestMountDaemonRoot/default/bind_root
=== CONT  TestMountDaemonRoot/default/mount_root
=== CONT  TestMountDaemonRoot/default/mount_subpath
=== CONT  TestMountDaemonRoot/default/bind_subpath
=== CONT  TestMountDaemonRoot/rslave/bind_root
=== CONT  TestMountDaemonRoot/rslave/mount_root
=== CONT  TestMountDaemonRoot/rslave/mount_subpath
=== CONT  TestMountDaemonRoot/rslave/bind_subpath
=== CONT  TestMountDaemonRoot/rshared/bind_subpath
=== CONT  TestMountDaemonRoot/shared/mount_subpath
=== CONT  TestMountDaemonRoot/rshared/bind_root
=== CONT  TestMountDaemonRoot/rshared/mount_subpath
=== CONT  TestMountDaemonRoot/rshared/mount_root
=== CONT  TestMountDaemonRoot/shared/bind_subpath
=== CONT  TestMountDaemonRoot/shared/mount_root
--- PASS: TestContainerStartOnDaemonRestart (2.52s)
    daemon.go:296: [d29642a733941] waiting for daemon to start
    daemon.go:328: [d29642a733941] daemon started
    daemon.go:296: [d29642a733941] waiting for daemon to start
    daemon.go:328: [d29642a733941] daemon started
    daemon.go:283: [d29642a733941] exiting daemon
=== CONT  TestMountDaemonRoot/shared/bind_root
=== CONT  TestMountDaemonRoot/rprivate/bind_root
=== CONT  TestMountDaemonRoot/rprivate/mount_root
=== CONT  TestMountDaemonRoot/rprivate/mount_subpath
=== CONT  TestMountDaemonRoot/rprivate/bind_subpath
=== CONT  TestMountDaemonRoot/slave/bind_root
=== CONT  TestMountDaemonRoot/slave/mount_root
=== CONT  TestMountDaemonRoot/slave/mount_subpath
=== CONT  TestMountDaemonRoot/slave/bind_subpath
=== CONT  TestMountDaemonRoot/private/bind_root
=== CONT  TestMountDaemonRoot/private/mount_subpath
=== CONT  TestMountDaemonRoot/private/mount_root
=== CONT  TestMountDaemonRoot/private/bind_subpath
--- PASS: TestMountDaemonRoot (0.01s)
    --- PASS: TestMountDaemonRoot/default (0.00s)
        --- PASS: TestMountDaemonRoot/default/bind_root (0.08s)
        --- PASS: TestMountDaemonRoot/default/mount_root (0.12s)
        --- PASS: TestMountDaemonRoot/default/mount_subpath (0.07s)
        --- PASS: TestMountDaemonRoot/default/bind_subpath (0.09s)
    --- PASS: TestMountDaemonRoot/rslave (0.00s)
        --- PASS: TestMountDaemonRoot/rslave/bind_root (0.08s)
        --- PASS: TestMountDaemonRoot/rslave/mount_root (0.09s)
        --- PASS: TestMountDaemonRoot/rslave/mount_subpath (0.08s)
        --- PASS: TestMountDaemonRoot/rslave/bind_subpath (0.06s)
    --- PASS: TestMountDaemonRoot/rshared (0.00s)
        --- PASS: TestMountDaemonRoot/rshared/bind_subpath (0.06s)
        --- PASS: TestMountDaemonRoot/rshared/bind_root (0.06s)
        --- PASS: TestMountDaemonRoot/rshared/mount_subpath (0.09s)
        --- PASS: TestMountDaemonRoot/rshared/mount_root (0.06s)
    --- PASS: TestMountDaemonRoot/shared (0.00s)
        --- PASS: TestMountDaemonRoot/shared/mount_subpath (0.06s)
        --- PASS: TestMountDaemonRoot/shared/bind_subpath (0.05s)
        --- PASS: TestMountDaemonRoot/shared/mount_root (0.09s)
        --- PASS: TestMountDaemonRoot/shared/bind_root (0.07s)
    --- PASS: TestMountDaemonRoot/rprivate (0.00s)
        --- PASS: TestMountDaemonRoot/rprivate/bind_root (0.09s)
        --- PASS: TestMountDaemonRoot/rprivate/mount_root (0.09s)
        --- PASS: TestMountDaemonRoot/rprivate/mount_subpath (0.08s)
        --- PASS: TestMountDaemonRoot/rprivate/bind_subpath (0.08s)
    --- PASS: TestMountDaemonRoot/slave (0.00s)
        --- PASS: TestMountDaemonRoot/slave/bind_root (0.08s)
        --- PASS: TestMountDaemonRoot/slave/mount_root (0.09s)
        --- PASS: TestMountDaemonRoot/slave/mount_subpath (0.09s)
        --- PASS: TestMountDaemonRoot/slave/bind_subpath (0.08s)
    --- PASS: TestMountDaemonRoot/private (0.00s)
        --- PASS: TestMountDaemonRoot/private/bind_root (0.08s)
        --- PASS: TestMountDaemonRoot/private/mount_subpath (0.08s)
        --- PASS: TestMountDaemonRoot/private/mount_root (0.09s)
        --- PASS: TestMountDaemonRoot/private/bind_subpath (0.08s)
FAIL
---> Making bundle: .integration-daemon-stop (in bundles/test-integration)
Clearing AppArmor profiles cache:.
All profile caches have been cleared, but no profiles have been unloaded.
Unloading profiles will leave already running processes permanently
unconfined, which can lead to unexpected situations.

To set a process to complain mode, use the command line tool
'aa-complain'. To really tear down all profiles, run the init script
with the 'teardown' option."
Removing test suite binaries
Build step 'Execute shell' marked build as failure
Set build name.
New build name is '#38452'
[PostBuildScript] - Executing post build scripts.
[Docker-PRs-experimental] $ /bin/sh -xe /tmp/jenkins2232112185812689224.sh
+ echo Ensuring container killed.
Ensuring container killed.
+ docker rm -vf docker-pr-exp43469
Error: No such container: docker-pr-exp43469
+ true
+ echo Chowning /workspace to jenkins user
Chowning /workspace to jenkins user
+ id -u
+ id -g
+ docker run --rm -v /home/ubuntu/workspace/Docker-PRs-experimental:/workspace busybox chown -R 1000:1000 /workspace
Unable to find image 'busybox:latest' locally
latest: Pulling from library/busybox
b4a6e23922dd: Pulling fs layer
b4a6e23922dd: Verifying Checksum
b4a6e23922dd: Download complete
b4a6e23922dd: Pull complete
Digest: sha256:8ccbac733d19c0dd4d70b4f0c1e12245b5fa3ad24758a11035ee505c629c0796
Status: Downloaded newer image for busybox:latest
[Docker-PRs-experimental] $ /bin/sh -xe /tmp/jenkins5200412677204404986.sh
+ echo Creating bundles.tar.gz
Creating bundles.tar.gz
+ find bundles -name *.log
+ xargs tar -czf bundles.tar.gz
Archiving artifacts
Notifying endpoint with url 'https://leeroy.dockerproject.org/notification/jenkins'
[WS-CLEANUP] Deleting project workspace...[WS-CLEANUP] done
Finished: FAILURE
