Started by user Gordon
Notifying endpoint with url 'https://leeroy.dockerproject.org/notification/jenkins'
[EnvInject] - Loading node environment variables.
Building remotely on ubuntu-1604-aufs-stable (i-0ecdd38cefaee2b4b) (docker-edge ubuntu aufs docker-stable docker ubuntu-1604-aufs-edge x86_64 ec2 linux ubuntu-1604-aufs ubuntu-1604 amd64 ubuntu-1604-aufs-stable us-west-2) in workspace /home/ubuntu/workspace/Docker-PRs-experimental
Wiping out workspace first.
Cloning the remote Git repository
Cloning repository https://github.com/moby/moby.git
 > git init /home/ubuntu/workspace/Docker-PRs-experimental # timeout=10
Fetching upstream changes from https://github.com/moby/moby.git
 > git --version # timeout=10
 > git fetch --tags --progress https://github.com/moby/moby.git +refs/heads/*:refs/remotes/origin/*
 > git config remote.origin.url https://github.com/moby/moby.git # timeout=10
 > git config --add remote.origin.fetch +refs/heads/*:refs/remotes/origin/* # timeout=10
 > git config remote.origin.url https://github.com/moby/moby.git # timeout=10
Fetching upstream changes from https://github.com/moby/moby.git
 > git fetch --tags --progress https://github.com/moby/moby.git +refs/heads/*:refs/remotes/origin/*
 > git rev-parse origin/master^{commit} # timeout=10
Checking out Revision f76d6a078d881f410c00e8d900dcdfc2e026c841 (origin/master)
 > git config core.sparsecheckout # timeout=10
 > git checkout -f f76d6a078d881f410c00e8d900dcdfc2e026c841
Commit message: "Merge pull request #38370 from farnasirim/36413-bind-dir-skip-copy"
 > git rev-list --no-walk f76d6a078d881f410c00e8d900dcdfc2e026c841 # timeout=10
Set build name.
New build name is '#38464'
[Docker-PRs-experimental] $ /bin/bash /tmp/jenkins7960689129741571906.sh
From https://github.com/moby/moby
 * [new ref]         refs/pull/38464/head -> origin/pr/38464
Updating f76d6a0..7449400
Fast-forward
 client/request.go | 10 +++++-----
 1 file changed, 5 insertions(+), 5 deletions(-)
Sending build context to Docker daemon  45.09MB
Step 1/94 : FROM golang:1.11.4 AS base
 ---> 343df9d12b7b
Step 2/94 : ARG APT_MIRROR=deb.debian.org
 ---> Using cache
 ---> ebab81b76b9e
Step 3/94 : RUN sed -ri "s/(httpredir|deb).debian.org/$APT_MIRROR/g" /etc/apt/sources.list
 ---> Using cache
 ---> 19c96c7cca71
Step 4/94 : FROM base AS criu
 ---> 19c96c7cca71
Step 5/94 : ENV CRIU_VERSION 3.6
 ---> Using cache
 ---> 70b91fee0095
Step 6/94 : RUN apt-get update && apt-get install -y 	libnet-dev 	libprotobuf-c0-dev 	libprotobuf-dev 	libnl-3-dev 	libcap-dev 	protobuf-compiler 	protobuf-c-compiler 	python-protobuf 	&& mkdir -p /usr/src/criu 	&& curl -sSL https://github.com/checkpoint-restore/criu/archive/v${CRIU_VERSION}.tar.gz | tar -C /usr/src/criu/ -xz --strip-components=1 	&& cd /usr/src/criu 	&& make 	&& make PREFIX=/build/ install-criu
 ---> Using cache
 ---> 9263f032b6e1
Step 7/94 : FROM base AS registry
 ---> 19c96c7cca71
Step 8/94 : ENV REGISTRY_COMMIT_SCHEMA1 ec87e9b6971d831f0eff752ddb54fb64693e51cd
 ---> Using cache
 ---> cc19e9dce949
Step 9/94 : ENV REGISTRY_COMMIT 47a064d4195a9b56133891bbb13620c3ac83a827
 ---> Using cache
 ---> 09328b2d48e4
Step 10/94 : RUN set -x 	&& export GOPATH="$(mktemp -d)" 	&& git clone https://github.com/docker/distribution.git "$GOPATH/src/github.com/docker/distribution" 	&& (cd "$GOPATH/src/github.com/docker/distribution" && git checkout -q "$REGISTRY_COMMIT") 	&& GOPATH="$GOPATH/src/github.com/docker/distribution/Godeps/_workspace:$GOPATH" 		go build -buildmode=pie -o /build/registry-v2 github.com/docker/distribution/cmd/registry 	&& case $(dpkg --print-architecture) in 		amd64|ppc64*|s390x) 		(cd "$GOPATH/src/github.com/docker/distribution" && git checkout -q "$REGISTRY_COMMIT_SCHEMA1"); 		GOPATH="$GOPATH/src/github.com/docker/distribution/Godeps/_workspace:$GOPATH"; 			go build -buildmode=pie -o /build/registry-v2-schema1 github.com/docker/distribution/cmd/registry; 		;; 	   esac 	&& rm -rf "$GOPATH"
 ---> Using cache
 ---> 59d49efac6e1
Step 11/94 : FROM base AS docker-py
 ---> 19c96c7cca71
Step 12/94 : ENV DOCKER_PY_COMMIT 8b246db271a85d6541dc458838627e89c683e42f
 ---> Using cache
 ---> 393816f3ef28
Step 13/94 : RUN git clone https://github.com/docker/docker-py.git /build 	&& cd /build 	&& git checkout -q $DOCKER_PY_COMMIT
 ---> Using cache
 ---> 540a6d0d67a6
Step 14/94 : FROM base AS swagger
 ---> 19c96c7cca71
Step 15/94 : ENV GO_SWAGGER_COMMIT c28258affb0b6251755d92489ef685af8d4ff3eb
 ---> Using cache
 ---> 898d7c037a5b
Step 16/94 : RUN set -x 	&& export GOPATH="$(mktemp -d)" 	&& git clone https://github.com/go-swagger/go-swagger.git "$GOPATH/src/github.com/go-swagger/go-swagger" 	&& (cd "$GOPATH/src/github.com/go-swagger/go-swagger" && git checkout -q "$GO_SWAGGER_COMMIT") 	&& go build -o /build/swagger github.com/go-swagger/go-swagger/cmd/swagger 	&& rm -rf "$GOPATH"
 ---> Using cache
 ---> 0334adcb7ba0
Step 17/94 : FROM base AS frozen-images
 ---> 19c96c7cca71
Step 18/94 : RUN apt-get update && apt-get install -y jq ca-certificates --no-install-recommends
 ---> Using cache
 ---> c3fa159fe92f
Step 19/94 : COPY contrib/download-frozen-image-v2.sh /
 ---> Using cache
 ---> 721d1b566ab8
Step 20/94 : RUN /download-frozen-image-v2.sh /build 	buildpack-deps:jessie@sha256:dd86dced7c9cd2a724e779730f0a53f93b7ef42228d4344b25ce9a42a1486251 	busybox:latest@sha256:bbc3a03235220b170ba48a157dd097dd1379299370e1ed99ce976df0355d24f0 	busybox:glibc@sha256:0b55a30394294ab23b9afd58fab94e61a923f5834fba7ddbae7f8e0c11ba85e6 	debian:jessie@sha256:287a20c5f73087ab406e6b364833e3fb7b3ae63ca0eb3486555dc27ed32c6e60 	hello-world:latest@sha256:be0cd392e45be79ffeffa6b05338b98ebb16c87b255f48e297ec7f98e123905c
 ---> Using cache
 ---> 05523dffa2ac
Step 21/94 : FROM base AS runtime-dev
 ---> 19c96c7cca71
Step 22/94 : RUN apt-get update && apt-get install -y 	libapparmor-dev 	libseccomp-dev
 ---> Using cache
 ---> 87c873c84f8b
Step 23/94 : FROM base AS tomlv
 ---> 19c96c7cca71
Step 24/94 : ENV INSTALL_BINARY_NAME=tomlv
 ---> Using cache
 ---> 9669da071095
Step 25/94 : COPY hack/dockerfile/install/install.sh ./install.sh
 ---> Using cache
 ---> 6e2ef5314da5
Step 26/94 : COPY hack/dockerfile/install/$INSTALL_BINARY_NAME.installer ./
 ---> Using cache
 ---> 864b75e62dd4
Step 27/94 : RUN PREFIX=/build ./install.sh $INSTALL_BINARY_NAME
 ---> Using cache
 ---> b8f152db2624
Step 28/94 : FROM base AS vndr
 ---> 19c96c7cca71
Step 29/94 : ENV INSTALL_BINARY_NAME=vndr
 ---> Using cache
 ---> fd577790e364
Step 30/94 : COPY hack/dockerfile/install/install.sh ./install.sh
 ---> Using cache
 ---> e93d248c8848
Step 31/94 : COPY hack/dockerfile/install/$INSTALL_BINARY_NAME.installer ./
 ---> Using cache
 ---> 558f0f7154f3
Step 32/94 : RUN PREFIX=/build ./install.sh $INSTALL_BINARY_NAME
 ---> Using cache
 ---> b73c7de12cbd
Step 33/94 : FROM base AS containerd
 ---> 19c96c7cca71
Step 34/94 : RUN apt-get update && apt-get install -y btrfs-tools
 ---> Using cache
 ---> a64014ae52d7
Step 35/94 : ENV INSTALL_BINARY_NAME=containerd
 ---> Using cache
 ---> 1b73959cdb3e
Step 36/94 : COPY hack/dockerfile/install/install.sh ./install.sh
 ---> Using cache
 ---> e4b161d20fd7
Step 37/94 : COPY hack/dockerfile/install/$INSTALL_BINARY_NAME.installer ./
 ---> Using cache
 ---> d824b0a15065
Step 38/94 : RUN PREFIX=/build ./install.sh $INSTALL_BINARY_NAME
 ---> Using cache
 ---> f8cd3189f572
Step 39/94 : FROM base AS proxy
 ---> 19c96c7cca71
Step 40/94 : ENV INSTALL_BINARY_NAME=proxy
 ---> Using cache
 ---> 6ca9fc9ae949
Step 41/94 : COPY hack/dockerfile/install/install.sh ./install.sh
 ---> Using cache
 ---> 5cec4fa037d8
Step 42/94 : COPY hack/dockerfile/install/$INSTALL_BINARY_NAME.installer ./
 ---> Using cache
 ---> 234499478613
Step 43/94 : RUN PREFIX=/build ./install.sh $INSTALL_BINARY_NAME
 ---> Using cache
 ---> 7b372b6f5f49
Step 44/94 : FROM base AS gometalinter
 ---> 19c96c7cca71
Step 45/94 : ENV INSTALL_BINARY_NAME=gometalinter
 ---> Using cache
 ---> e988c742c26a
Step 46/94 : COPY hack/dockerfile/install/install.sh ./install.sh
 ---> Using cache
 ---> a1d66998f50d
Step 47/94 : COPY hack/dockerfile/install/$INSTALL_BINARY_NAME.installer ./
 ---> Using cache
 ---> 96797915c25b
Step 48/94 : RUN PREFIX=/build ./install.sh $INSTALL_BINARY_NAME
 ---> Using cache
 ---> 0912c4ba4bbe
Step 49/94 : FROM base AS dockercli
 ---> 19c96c7cca71
Step 50/94 : ENV INSTALL_BINARY_NAME=dockercli
 ---> Using cache
 ---> 9e80fef0f898
Step 51/94 : COPY hack/dockerfile/install/install.sh ./install.sh
 ---> Using cache
 ---> 5a4b2d03e4c7
Step 52/94 : COPY hack/dockerfile/install/$INSTALL_BINARY_NAME.installer ./
 ---> Using cache
 ---> c63d9c7fda39
Step 53/94 : RUN PREFIX=/build ./install.sh $INSTALL_BINARY_NAME
 ---> Using cache
 ---> 8f4649a6c79a
Step 54/94 : FROM runtime-dev AS runc
 ---> 87c873c84f8b
Step 55/94 : ENV INSTALL_BINARY_NAME=runc
 ---> Using cache
 ---> 8c901f349464
Step 56/94 : COPY hack/dockerfile/install/install.sh ./install.sh
 ---> Using cache
 ---> 6ce1dd3d758a
Step 57/94 : COPY hack/dockerfile/install/$INSTALL_BINARY_NAME.installer ./
 ---> Using cache
 ---> a9b09a4de60d
Step 58/94 : RUN PREFIX=/build ./install.sh $INSTALL_BINARY_NAME
 ---> Using cache
 ---> d1ad7bbb2e46
Step 59/94 : FROM base AS tini
 ---> 19c96c7cca71
Step 60/94 : RUN apt-get update && apt-get install -y cmake vim-common
 ---> Using cache
 ---> 6c558c5fe8f6
Step 61/94 : COPY hack/dockerfile/install/install.sh ./install.sh
 ---> Using cache
 ---> b6d8a6366af4
Step 62/94 : ENV INSTALL_BINARY_NAME=tini
 ---> Using cache
 ---> e8d7ce8fc5d1
Step 63/94 : COPY hack/dockerfile/install/$INSTALL_BINARY_NAME.installer ./
 ---> Using cache
 ---> 9ea04c53b7ea
Step 64/94 : RUN PREFIX=/build ./install.sh $INSTALL_BINARY_NAME
 ---> Using cache
 ---> 846043870395
Step 65/94 : FROM runtime-dev AS dev
 ---> 87c873c84f8b
Step 66/94 : RUN groupadd -r docker
 ---> Using cache
 ---> 26a2dbdd6165
Step 67/94 : RUN useradd --create-home --gid docker unprivilegeduser
 ---> Using cache
 ---> 72fbbba640ae
Step 68/94 : RUN ln -sfv /go/src/github.com/docker/docker/.bashrc ~/.bashrc
 ---> Using cache
 ---> 14faa395ee1c
Step 69/94 : RUN echo "source /usr/share/bash-completion/bash_completion" >> /etc/bash.bashrc
 ---> Using cache
 ---> 5ec12452a6eb
Step 70/94 : RUN ln -s /usr/local/completion/bash/docker /etc/bash_completion.d/docker
 ---> Using cache
 ---> a5db0e67ffd0
Step 71/94 : RUN ldconfig
 ---> Using cache
 ---> eed98bdac29f
Step 72/94 : RUN apt-get update && apt-get install -y 	apparmor 	aufs-tools 	bash-completion 	btrfs-tools 	iptables 	jq 	libcap2-bin 	libdevmapper-dev 	libudev-dev 	libsystemd-dev 	binutils-mingw-w64 	g++-mingw-w64-x86-64 	net-tools 	pigz 	python-backports.ssl-match-hostname 	python-dev 	python-mock 	python-pip 	python-requests 	python-setuptools 	python-websocket 	python-wheel 	thin-provisioning-tools 	vim 	vim-common 	xfsprogs 	zip 	bzip2 	xz-utils 	--no-install-recommends
 ---> Using cache
 ---> dee524894d4c
Step 73/94 : COPY --from=swagger /build/swagger* /usr/local/bin/
 ---> Using cache
 ---> 06b606537d99
Step 74/94 : COPY --from=frozen-images /build/ /docker-frozen-images
 ---> Using cache
 ---> 49bf76539a9b
Step 75/94 : COPY --from=gometalinter /build/ /usr/local/bin/
 ---> Using cache
 ---> 24548e734786
Step 76/94 : COPY --from=tomlv /build/ /usr/local/bin/
 ---> Using cache
 ---> 6884b75f7764
Step 77/94 : COPY --from=vndr /build/ /usr/local/bin/
 ---> Using cache
 ---> 6e003f13dd31
Step 78/94 : COPY --from=tini /build/ /usr/local/bin/
 ---> Using cache
 ---> 9fa0c2266186
Step 79/94 : COPY --from=runc /build/ /usr/local/bin/
 ---> Using cache
 ---> cf86e0c6c989
Step 80/94 : COPY --from=containerd /build/ /usr/local/bin/
 ---> Using cache
 ---> 1c51c7b01cdb
Step 81/94 : COPY --from=proxy /build/ /usr/local/bin/
 ---> Using cache
 ---> b07855aa9ee9
Step 82/94 : COPY --from=dockercli /build/ /usr/local/cli
 ---> Using cache
 ---> d26e45a76969
Step 83/94 : COPY --from=registry /build/registry* /usr/local/bin/
 ---> Using cache
 ---> a553c5d47ddf
Step 84/94 : COPY --from=criu /build/ /usr/local/
 ---> Using cache
 ---> a5c7c96d6a40
Step 85/94 : COPY --from=docker-py /build/ /docker-py
 ---> Using cache
 ---> d62f46627e2b
Step 86/94 : RUN cd /docker-py 	&& pip install docker-pycreds==0.2.1 	&& pip install yamllint==1.5.0 	&& pip install -r test-requirements.txt
 ---> Using cache
 ---> 0982ddb91218
Step 87/94 : ENV PATH=/usr/local/cli:$PATH
 ---> Using cache
 ---> c3163064fa80
Step 88/94 : ENV DOCKER_BUILDTAGS apparmor seccomp selinux
 ---> Using cache
 ---> 4b8eee0f6ad5
Step 89/94 : ENV GOMETALINTER_OPTS="--deadline=2m"
 ---> Using cache
 ---> 724f93417082
Step 90/94 : WORKDIR /go/src/github.com/docker/docker
 ---> Using cache
 ---> a7e1c5972a27
Step 91/94 : VOLUME /var/lib/docker
 ---> Using cache
 ---> 3b42cc1d6f24
Step 92/94 : ENTRYPOINT ["hack/dind"]
 ---> Using cache
 ---> 1e93b221d5b0
Step 93/94 : FROM dev AS final
 ---> 1e93b221d5b0
Step 94/94 : COPY . /go/src/github.com/docker/docker
 ---> 6813468fae01
Successfully built 6813468fae01
Successfully tagged docker:7449400-exp

Removing bundles/

---> Making bundle: binary-daemon (in bundles/binary-daemon)
Building: bundles/binary-daemon/dockerd-dev
Created binary: bundles/binary-daemon/dockerd-dev
Copying nested executables into bundles/binary-daemon

---> Making bundle: test-integration (in bundles/test-integration)
Building test suite binary ./integration-cli/test.main
Building test suite binary ./integration/plugin/test.main
Building test suite binary ./integration/plugin/authz/test.main
Building test suite binary ./integration/plugin/logging/test.main
Building test suite binary ./integration/plugin/logging/cmd/test.main
Building test suite binary ./integration/plugin/logging/cmd/close_on_start/test.main
Building test suite binary ./integration/plugin/logging/cmd/dummy/test.main
Building test suite binary ./integration/plugin/common/test.main
Building test suite binary ./integration/plugin/volumes/test.main
Building test suite binary ./integration/plugin/volumes/cmd/test.main
Building test suite binary ./integration/plugin/volumes/cmd/dummy/test.main
Building test suite binary ./integration/plugin/graphdriver/test.main
Building test suite binary ./integration/config/test.main
Building test suite binary ./integration/service/test.main
Building test suite binary ./integration/network/test.main
Building test suite binary ./integration/network/ipvlan/test.main
Building test suite binary ./integration/network/macvlan/test.main
Building test suite binary ./integration/secret/test.main
Building test suite binary ./integration/session/test.main
Building test suite binary ./integration/container/test.main
Building test suite binary ./integration/build/test.main
Building test suite binary ./integration/volume/test.main
Building test suite binary ./integration/system/test.main
Building test suite binary ./integration/image/test.main
---> Making bundle: .integration-daemon-start (in bundles/test-integration)
Using test binary docker
# DOCKER_EXPERIMENTAL is set: starting daemon with experimental features enabled! 
/etc/init.d/apparmor: 130: /etc/init.d/apparmor: systemd-detect-virt: not found
Starting AppArmor profiles:Warning from stdin (line 1): /sbin/apparmor_parser: cannot use or update cache, disable, or force-complain via stdin
Warning failed to create cache: (null)
.
Starting dockerd
INFO: Waiting for daemon to start...
.
---> Making bundle: .integration-daemon-setup (in bundles/test-integration)
---> Making bundle: .ensure-emptyfs (in bundles/test-integration)
Error: No such image: emptyfs
Running integration-test (iteration 1)
Running /go/src/github.com/docker/docker/integration/plugin
testing: warning: no tests to run
PASS
Running /go/src/github.com/docker/docker/integration/plugin/authz
Loaded image: buildpack-deps:jessie
Loaded image: busybox:latest
Loaded image: busybox:glibc
Loaded image: debian:jessie
Loaded image: hello-world:latest
INFO: Testing against a local daemon
=== RUN   TestAuthZPluginAllowRequest
--- PASS: TestAuthZPluginAllowRequest (7.44s)
    daemon.go:296: [d704c72892d7c] waiting for daemon to start
    daemon.go:328: [d704c72892d7c] daemon started
    daemon.go:283: [d704c72892d7c] exiting daemon
=== RUN   TestAuthZPluginTLS
--- PASS: TestAuthZPluginTLS (3.67s)
    daemon.go:296: [da7b353640071] waiting for daemon to start
    daemon.go:328: [da7b353640071] daemon started
    daemon.go:283: [da7b353640071] exiting daemon
=== RUN   TestAuthZPluginDenyRequest
--- PASS: TestAuthZPluginDenyRequest (2.93s)
    daemon.go:296: [d145a924c5f62] waiting for daemon to start
    daemon.go:328: [d145a924c5f62] daemon started
    daemon.go:283: [d145a924c5f62] exiting daemon
=== RUN   TestAuthZPluginAPIDenyResponse
--- PASS: TestAuthZPluginAPIDenyResponse (0.61s)
    daemon.go:296: [d70e7e4ecc9cd] waiting for daemon to start
    daemon.go:328: [d70e7e4ecc9cd] daemon started
    daemon.go:283: [d70e7e4ecc9cd] exiting daemon
=== RUN   TestAuthZPluginDenyResponse
--- PASS: TestAuthZPluginDenyResponse (0.52s)
    daemon.go:296: [d0a03e6f3c701] waiting for daemon to start
    daemon.go:328: [d0a03e6f3c701] daemon started
    daemon.go:283: [d0a03e6f3c701] exiting daemon
=== RUN   TestAuthZPluginAllowEventStream
--- PASS: TestAuthZPluginAllowEventStream (1.24s)
    daemon.go:296: [d839176ec012b] waiting for daemon to start
    daemon.go:328: [d839176ec012b] daemon started
    daemon.go:283: [d839176ec012b] exiting daemon
=== RUN   TestAuthZPluginErrorResponse
--- PASS: TestAuthZPluginErrorResponse (0.52s)
    daemon.go:296: [d5930bf957200] waiting for daemon to start
    daemon.go:328: [d5930bf957200] daemon started
    daemon.go:283: [d5930bf957200] exiting daemon
=== RUN   TestAuthZPluginErrorRequest
--- PASS: TestAuthZPluginErrorRequest (0.53s)
    daemon.go:296: [dee1f75c6708c] waiting for daemon to start
    daemon.go:328: [dee1f75c6708c] daemon started
    daemon.go:283: [dee1f75c6708c] exiting daemon
=== RUN   TestAuthZPluginEnsureNoDuplicatePluginRegistration
--- PASS: TestAuthZPluginEnsureNoDuplicatePluginRegistration (0.52s)
    daemon.go:296: [d09d961534746] waiting for daemon to start
    daemon.go:328: [d09d961534746] daemon started
    daemon.go:283: [d09d961534746] exiting daemon
=== RUN   TestAuthZPluginEnsureLoadImportWorking
--- PASS: TestAuthZPluginEnsureLoadImportWorking (1.43s)
    daemon.go:296: [d16a89d54bb80] waiting for daemon to start
    daemon.go:328: [d16a89d54bb80] daemon started
    daemon.go:283: [d16a89d54bb80] exiting daemon
=== RUN   TestAuthzPluginEnsureContainerCopyToFrom
--- PASS: TestAuthzPluginEnsureContainerCopyToFrom (1.51s)
    daemon.go:296: [d1cb7d854250c] waiting for daemon to start
    daemon.go:328: [d1cb7d854250c] daemon started
    daemon.go:283: [d1cb7d854250c] exiting daemon
=== RUN   TestAuthZPluginHeader
--- PASS: TestAuthZPluginHeader (0.71s)
    daemon.go:296: [d8da35d8d4a38] waiting for daemon to start
    daemon.go:328: [d8da35d8d4a38] daemon started
    daemon.go:283: [d8da35d8d4a38] exiting daemon
=== RUN   TestAuthZPluginV2AllowNonVolumeRequest
--- PASS: TestAuthZPluginV2AllowNonVolumeRequest (6.74s)
    daemon.go:296: [d61a73742d68c] waiting for daemon to start
    daemon.go:328: [d61a73742d68c] daemon started
    daemon.go:283: [d61a73742d68c] exiting daemon
    daemon.go:296: [d61a73742d68c] waiting for daemon to start
    daemon.go:328: [d61a73742d68c] daemon started
    daemon.go:283: [d61a73742d68c] exiting daemon
=== RUN   TestAuthZPluginV2Disable
--- PASS: TestAuthZPluginV2Disable (5.93s)
    daemon.go:296: [d21529adfee12] waiting for daemon to start
    daemon.go:328: [d21529adfee12] daemon started
    daemon.go:283: [d21529adfee12] exiting daemon
    daemon.go:296: [d21529adfee12] waiting for daemon to start
    daemon.go:328: [d21529adfee12] daemon started
    daemon.go:283: [d21529adfee12] exiting daemon
=== RUN   TestAuthZPluginV2RejectVolumeRequests
--- PASS: TestAuthZPluginV2RejectVolumeRequests (5.69s)
    daemon.go:296: [db7b75f5cc3ff] waiting for daemon to start
    daemon.go:328: [db7b75f5cc3ff] daemon started
    daemon.go:283: [db7b75f5cc3ff] exiting daemon
    daemon.go:296: [db7b75f5cc3ff] waiting for daemon to start
    daemon.go:328: [db7b75f5cc3ff] daemon started
    daemon.go:283: [db7b75f5cc3ff] exiting daemon
=== RUN   TestAuthZPluginV2BadManifestFailsDaemonStart
--- PASS: TestAuthZPluginV2BadManifestFailsDaemonStart (13.65s)
    daemon.go:296: [da183c55723ad] waiting for daemon to start
    daemon.go:328: [da183c55723ad] daemon started
    daemon.go:283: [da183c55723ad] exiting daemon
    daemon.go:296: [da183c55723ad] waiting for daemon to start
    daemon.go:296: [da183c55723ad] waiting for daemon to start
    daemon.go:283: [da183c55723ad] exiting daemon
    daemon.go:296: [da183c55723ad] waiting for daemon to start
    daemon.go:328: [da183c55723ad] daemon started
    daemon.go:283: [da183c55723ad] exiting daemon
=== RUN   TestAuthZPluginV2NonexistentFailsDaemonStart
--- PASS: TestAuthZPluginV2NonexistentFailsDaemonStart (16.52s)
    daemon.go:296: [dad2c5f10f169] waiting for daemon to start
    daemon.go:328: [dad2c5f10f169] daemon started
    daemon.go:283: [dad2c5f10f169] exiting daemon
    daemon.go:296: [dad2c5f10f169] waiting for daemon to start
    daemon.go:296: [dad2c5f10f169] waiting for daemon to start
    daemon.go:296: [dad2c5f10f169] waiting for daemon to start
    daemon.go:328: [dad2c5f10f169] daemon started
    daemon.go:283: [dad2c5f10f169] exiting daemon
PASS
Running /go/src/github.com/docker/docker/integration/plugin/logging
INFO: Testing against a local daemon
=== RUN   TestContinueAfterPluginCrash
=== PAUSE TestContinueAfterPluginCrash
=== RUN   TestDaemonStartWithLogOpt
=== PAUSE TestDaemonStartWithLogOpt
=== CONT  TestContinueAfterPluginCrash
=== CONT  TestDaemonStartWithLogOpt
--- PASS: TestDaemonStartWithLogOpt (12.88s)
    daemon.go:296: [db5dc1941c18e] waiting for daemon to start
    daemon.go:328: [db5dc1941c18e] daemon started
    daemon.go:283: [db5dc1941c18e] exiting daemon
    daemon.go:296: [db5dc1941c18e] waiting for daemon to start
    daemon.go:328: [db5dc1941c18e] daemon started
    daemon.go:283: [db5dc1941c18e] exiting daemon
--- PASS: TestContinueAfterPluginCrash (20.54s)
    daemon.go:296: [d6cdec83710aa] waiting for daemon to start
    daemon.go:328: [d6cdec83710aa] daemon started
    daemon.go:283: [d6cdec83710aa] exiting daemon
PASS
Running /go/src/github.com/docker/docker/integration/plugin/logging/cmd
testing: warning: no tests to run
PASS
Running /go/src/github.com/docker/docker/integration/plugin/logging/cmd/close_on_start
testing: warning: no tests to run
PASS
Running /go/src/github.com/docker/docker/integration/plugin/logging/cmd/dummy
testing: warning: no tests to run
PASS
Running /go/src/github.com/docker/docker/integration/plugin/common
INFO: Testing against a local daemon
=== RUN   TestPluginInvalidJSON
=== RUN   TestPluginInvalidJSON//plugins/foobar/set
=== PAUSE TestPluginInvalidJSON//plugins/foobar/set
=== CONT  TestPluginInvalidJSON//plugins/foobar/set
--- PASS: TestPluginInvalidJSON (0.01s)
    --- PASS: TestPluginInvalidJSON//plugins/foobar/set (0.00s)
PASS
Running /go/src/github.com/docker/docker/integration/plugin/volumes
INFO: Testing against a local daemon
=== RUN   TestPluginWithDevMounts
=== PAUSE TestPluginWithDevMounts
=== CONT  TestPluginWithDevMounts
--- PASS: TestPluginWithDevMounts (1.75s)
    daemon.go:296: [d6f8b7be9d246] waiting for daemon to start
    daemon.go:328: [d6f8b7be9d246] daemon started
    daemon.go:283: [d6f8b7be9d246] exiting daemon
PASS
Running /go/src/github.com/docker/docker/integration/plugin/volumes/cmd
testing: warning: no tests to run
PASS
Running /go/src/github.com/docker/docker/integration/plugin/volumes/cmd/dummy
testing: warning: no tests to run
PASS
Running /go/src/github.com/docker/docker/integration/plugin/graphdriver
INFO: Testing against a local daemon
=== RUN   TestExternalGraphDriver
=== RUN   TestExternalGraphDriver/json
=== RUN   TestExternalGraphDriver/spec
=== RUN   TestExternalGraphDriver/pull
--- PASS: TestExternalGraphDriver (7.00s)
    daemon.go:296: [d6fee2fc37bf7] waiting for daemon to start
    daemon.go:328: [d6fee2fc37bf7] daemon started
    daemon.go:283: [d6fee2fc37bf7] exiting daemon
    daemon.go:296: [d6fee2fc37bf7] waiting for daemon to start
    daemon.go:328: [d6fee2fc37bf7] daemon started
    daemon.go:283: [d6fee2fc37bf7] exiting daemon
    --- PASS: TestExternalGraphDriver/json (1.79s)
    daemon.go:296: [d6fee2fc37bf7] waiting for daemon to start
    daemon.go:328: [d6fee2fc37bf7] daemon started
    daemon.go:283: [d6fee2fc37bf7] exiting daemon
    daemon.go:296: [d6fee2fc37bf7] waiting for daemon to start
    daemon.go:328: [d6fee2fc37bf7] daemon started
    daemon.go:283: [d6fee2fc37bf7] exiting daemon
    --- PASS: TestExternalGraphDriver/spec (1.71s)
    daemon.go:296: [d6fee2fc37bf7] waiting for daemon to start
    daemon.go:328: [d6fee2fc37bf7] daemon started
    daemon.go:283: [d6fee2fc37bf7] exiting daemon
    --- PASS: TestExternalGraphDriver/pull (3.04s)
=== RUN   TestGraphdriverPluginV2
--- SKIP: TestGraphdriverPluginV2 (0.31s)
    external_test.go:411: !requirement.Overlay2Supported(testEnv.DaemonInfo.KernelVersion)
PASS
Running /go/src/github.com/docker/docker/integration/config
INFO: Testing against a local daemon
=== RUN   TestConfigList
--- PASS: TestConfigList (2.08s)
    daemon.go:296: [d0bd710695439] waiting for daemon to start
    daemon.go:328: [d0bd710695439] daemon started
    daemon.go:283: [d0bd710695439] exiting daemon
=== RUN   TestConfigsCreateAndDelete
--- PASS: TestConfigsCreateAndDelete (2.06s)
    daemon.go:296: [db770707870e9] waiting for daemon to start
    daemon.go:328: [db770707870e9] daemon started
    daemon.go:283: [db770707870e9] exiting daemon
=== RUN   TestConfigsUpdate
--- PASS: TestConfigsUpdate (2.12s)
    daemon.go:296: [dfe7331736af6] waiting for daemon to start
    daemon.go:328: [dfe7331736af6] daemon started
    daemon.go:283: [dfe7331736af6] exiting daemon
=== RUN   TestTemplatedConfig
--- PASS: TestTemplatedConfig (2.57s)
    daemon.go:296: [db97a80480f3d] waiting for daemon to start
    daemon.go:328: [db97a80480f3d] daemon started
    daemon.go:283: [db97a80480f3d] exiting daemon
=== RUN   TestConfigInspect
--- PASS: TestConfigInspect (2.03s)
    daemon.go:296: [dbe705913b23a] waiting for daemon to start
    daemon.go:328: [dbe705913b23a] daemon started
    daemon.go:283: [dbe705913b23a] exiting daemon
=== RUN   TestConfigCreateWithLabels
--- PASS: TestConfigCreateWithLabels (2.06s)
    daemon.go:296: [dd6cf3e7007db] waiting for daemon to start
    daemon.go:328: [dd6cf3e7007db] daemon started
    daemon.go:283: [dd6cf3e7007db] exiting daemon
=== RUN   TestConfigCreateResolve
--- PASS: TestConfigCreateResolve (2.07s)
    daemon.go:296: [d2a858595fe0f] waiting for daemon to start
    daemon.go:328: [d2a858595fe0f] daemon started
    daemon.go:283: [d2a858595fe0f] exiting daemon
PASS
Running /go/src/github.com/docker/docker/integration/service
INFO: Testing against a local daemon
=== RUN   TestServiceCreateInit
=== RUN   TestServiceCreateInit/daemonInitDisabled
=== RUN   TestServiceCreateInit/daemonInitEnabled
--- PASS: TestServiceCreateInit (7.98s)
    --- PASS: TestServiceCreateInit/daemonInitDisabled (3.93s)
        daemon.go:296: [d2919352575cc] waiting for daemon to start
        daemon.go:328: [d2919352575cc] daemon started
        daemon.go:283: [d2919352575cc] exiting daemon
    --- PASS: TestServiceCreateInit/daemonInitEnabled (4.05s)
        daemon.go:296: [dd806c0c3c0c5] waiting for daemon to start
        daemon.go:328: [dd806c0c3c0c5] daemon started
        daemon.go:283: [dd806c0c3c0c5] exiting daemon
=== RUN   TestCreateServiceMultipleTimes
--- PASS: TestCreateServiceMultipleTimes (22.82s)
    daemon.go:296: [dd4f05bf6e799] waiting for daemon to start
    daemon.go:328: [dd4f05bf6e799] daemon started
    daemon.go:283: [dd4f05bf6e799] exiting daemon
=== RUN   TestCreateServiceConflict
--- PASS: TestCreateServiceConflict (2.04s)
    daemon.go:296: [dd42b35b72cc6] waiting for daemon to start
    daemon.go:328: [dd42b35b72cc6] daemon started
    daemon.go:283: [dd42b35b72cc6] exiting daemon
=== RUN   TestCreateServiceMaxReplicas
--- PASS: TestCreateServiceMaxReplicas (2.71s)
    daemon.go:296: [d993716c05198] waiting for daemon to start
    daemon.go:328: [d993716c05198] daemon started
    daemon.go:283: [d993716c05198] exiting daemon
=== RUN   TestCreateWithDuplicateNetworkNames
--- PASS: TestCreateWithDuplicateNetworkNames (13.04s)
    daemon.go:296: [dfecb8cef8bcd] waiting for daemon to start
    daemon.go:328: [dfecb8cef8bcd] daemon started
    daemon.go:283: [dfecb8cef8bcd] exiting daemon
=== RUN   TestCreateServiceSecretFileMode
--- PASS: TestCreateServiceSecretFileMode (2.54s)
    daemon.go:296: [d225212ae25b5] waiting for daemon to start
    daemon.go:328: [d225212ae25b5] daemon started
    daemon.go:283: [d225212ae25b5] exiting daemon
=== RUN   TestCreateServiceConfigFileMode
--- PASS: TestCreateServiceConfigFileMode (2.60s)
    daemon.go:296: [d034481ec56d1] waiting for daemon to start
    daemon.go:328: [d034481ec56d1] daemon started
    daemon.go:283: [d034481ec56d1] exiting daemon
=== RUN   TestCreateServiceSysctls
--- PASS: TestCreateServiceSysctls (3.30s)
    daemon.go:296: [ddd4030495c1c] waiting for daemon to start
    daemon.go:328: [ddd4030495c1c] daemon started
    daemon.go:283: [ddd4030495c1c] exiting daemon
=== RUN   TestInspect
--- PASS: TestInspect (2.05s)
    daemon.go:296: [d63ad9d4711f5] waiting for daemon to start
    daemon.go:328: [d63ad9d4711f5] daemon started
    daemon.go:283: [d63ad9d4711f5] exiting daemon
=== RUN   TestDockerNetworkConnectAlias
--- PASS: TestDockerNetworkConnectAlias (4.07s)
    daemon.go:296: [dc275c7b9c630] waiting for daemon to start
    daemon.go:328: [dc275c7b9c630] daemon started
    daemon.go:283: [dc275c7b9c630] exiting daemon
=== RUN   TestServicePlugin
--- PASS: TestServicePlugin (35.05s)
    daemon.go:296: [df0b5bab56e57] waiting for daemon to start
    daemon.go:328: [df0b5bab56e57] daemon started
    daemon.go:283: [df0b5bab56e57] exiting daemon
    daemon.go:296: [dcb64a44ff257] waiting for daemon to start
    daemon.go:328: [dcb64a44ff257] daemon started
    daemon.go:296: [d55ad5fcb74d3] waiting for daemon to start
    daemon.go:328: [d55ad5fcb74d3] daemon started
    daemon.go:296: [d99d062bd9b1b] waiting for daemon to start
    daemon.go:328: [d99d062bd9b1b] daemon started
    daemon.go:283: [d99d062bd9b1b] exiting daemon
    daemon.go:283: [d55ad5fcb74d3] exiting daemon
    daemon.go:283: [dcb64a44ff257] exiting daemon
PASS
Running /go/src/github.com/docker/docker/integration/network
INFO: Testing against a local daemon
=== RUN   TestNetworkCreateDelete
--- PASS: TestNetworkCreateDelete (0.11s)
=== RUN   TestDockerNetworkDeletePreferID
--- PASS: TestDockerNetworkDeletePreferID (0.28s)
=== RUN   TestInspectNetwork
--- PASS: TestInspectNetwork (24.71s)
    daemon.go:296: [df7a2c11a1654] waiting for daemon to start
    daemon.go:328: [df7a2c11a1654] daemon started
    daemon.go:283: [df7a2c11a1654] exiting daemon
=== RUN   TestRunContainerWithBridgeNone
--- PASS: TestRunContainerWithBridgeNone (2.05s)
    daemon.go:296: [d23ba91959e1d] waiting for daemon to start
    daemon.go:328: [d23ba91959e1d] daemon started
    daemon.go:283: [d23ba91959e1d] exiting daemon
=== RUN   TestNetworkInvalidJSON
=== RUN   TestNetworkInvalidJSON//networks/create
=== PAUSE TestNetworkInvalidJSON//networks/create
=== RUN   TestNetworkInvalidJSON//networks/bridge/connect
=== PAUSE TestNetworkInvalidJSON//networks/bridge/connect
=== RUN   TestNetworkInvalidJSON//networks/bridge/disconnect
=== PAUSE TestNetworkInvalidJSON//networks/bridge/disconnect
=== CONT  TestNetworkInvalidJSON//networks/create
=== CONT  TestNetworkInvalidJSON//networks/bridge/disconnect
=== CONT  TestNetworkInvalidJSON//networks/bridge/connect
--- PASS: TestNetworkInvalidJSON (0.02s)
    --- PASS: TestNetworkInvalidJSON//networks/bridge/disconnect (0.00s)
    --- PASS: TestNetworkInvalidJSON//networks/create (0.00s)
    --- PASS: TestNetworkInvalidJSON//networks/bridge/connect (0.00s)
=== RUN   TestDaemonRestartWithLiveRestore
--- PASS: TestDaemonRestartWithLiveRestore (1.03s)
    daemon.go:296: [dd4d87dbeb343] waiting for daemon to start
    daemon.go:328: [dd4d87dbeb343] daemon started
    daemon.go:283: [dd4d87dbeb343] exiting daemon
    daemon.go:296: [dd4d87dbeb343] waiting for daemon to start
    daemon.go:328: [dd4d87dbeb343] daemon started
    daemon.go:283: [dd4d87dbeb343] exiting daemon
=== RUN   TestDaemonDefaultNetworkPools
--- PASS: TestDaemonDefaultNetworkPools (0.65s)
    daemon.go:296: [d663184a716d7] waiting for daemon to start
    daemon.go:328: [d663184a716d7] daemon started
    daemon.go:283: [d663184a716d7] exiting daemon
=== RUN   TestDaemonRestartWithExistingNetwork
--- PASS: TestDaemonRestartWithExistingNetwork (1.11s)
    daemon.go:296: [db4a3cdb02ba2] waiting for daemon to start
    daemon.go:328: [db4a3cdb02ba2] daemon started
    daemon.go:283: [db4a3cdb02ba2] exiting daemon
    daemon.go:296: [db4a3cdb02ba2] waiting for daemon to start
    daemon.go:328: [db4a3cdb02ba2] daemon started
    daemon.go:283: [db4a3cdb02ba2] exiting daemon
=== RUN   TestDaemonRestartWithExistingNetworkWithDefaultPoolRange
--- PASS: TestDaemonRestartWithExistingNetworkWithDefaultPoolRange (1.17s)
    daemon.go:296: [dd6cb53a01175] waiting for daemon to start
    daemon.go:328: [dd6cb53a01175] daemon started
    daemon.go:283: [dd6cb53a01175] exiting daemon
    daemon.go:296: [dd6cb53a01175] waiting for daemon to start
    daemon.go:328: [dd6cb53a01175] daemon started
    daemon.go:283: [dd6cb53a01175] exiting daemon
=== RUN   TestDaemonWithBipAndDefaultNetworkPool
--- PASS: TestDaemonWithBipAndDefaultNetworkPool (0.54s)
    daemon.go:296: [df01f86adb3fd] waiting for daemon to start
    daemon.go:328: [df01f86adb3fd] daemon started
    daemon.go:283: [df01f86adb3fd] exiting daemon
=== RUN   TestServiceWithPredefinedNetwork
--- PASS: TestServiceWithPredefinedNetwork (2.04s)
    daemon.go:296: [d2ce098fe97c1] waiting for daemon to start
    daemon.go:328: [d2ce098fe97c1] daemon started
    daemon.go:283: [d2ce098fe97c1] exiting daemon
=== RUN   TestServiceRemoveKeepsIngressNetwork
--- PASS: TestServiceRemoveKeepsIngressNetwork (12.01s)
    daemon.go:296: [df0462ee93110] waiting for daemon to start
    daemon.go:328: [df0462ee93110] daemon started
    daemon.go:283: [df0462ee93110] exiting daemon
=== RUN   TestServiceWithDataPathPortInit
--- PASS: TestServiceWithDataPathPortInit (4.20s)
    daemon.go:296: [d5c5f64837311] waiting for daemon to start
    daemon.go:328: [d5c5f64837311] daemon started
    daemon.go:283: [d5c5f64837311] exiting daemon
    daemon.go:296: [d957c8b9e421d] waiting for daemon to start
    daemon.go:328: [d957c8b9e421d] daemon started
    daemon.go:283: [d957c8b9e421d] exiting daemon
=== RUN   TestServiceWithDefaultAddressPoolInit
--- PASS: TestServiceWithDefaultAddressPoolInit (4.18s)
    daemon.go:296: [d39f843382c08] waiting for daemon to start
    daemon.go:328: [d39f843382c08] daemon started
    service_test.go:415: TestServiceWithDefaultAddressPoolInit: NetworkInspect: {Name:saanvisthiraTestServiceWithDefaultAddressPoolInit ID:13cgv85zvqilufhzex25o785o Created:2018-12-31 14:44:12.394799021 +0000 UTC Scope:swarm Driver:overlay EnableIPv6:false IPAM:{Driver:default Options:map[] Config:[{Subnet:20.20.0.0/24 IPRange: Gateway:20.20.0.1 AuxAddress:map[]}]} Internal:false Attachable:false Ingress:false ConfigFrom:{Network:} ConfigOnly:false Containers:map[] Options:map[com.docker.network.driver.overlay.vxlanid_list:4097] Labels:map[] Peers:[] Services:map[]}
    daemon.go:283: [d39f843382c08] exiting daemon
    daemon.go:296: [d33ab3882ad10] waiting for daemon to start
    daemon.go:328: [d33ab3882ad10] daemon started
    daemon.go:283: [d33ab3882ad10] exiting daemon
PASS
Running /go/src/github.com/docker/docker/integration/network/ipvlan
INFO: Testing against a local daemon
=== RUN   TestDockerNetworkIpvlanPersistance
--- PASS: TestDockerNetworkIpvlanPersistance (1.27s)
    daemon.go:296: [de8b72637995f] waiting for daemon to start
    daemon.go:328: [de8b72637995f] daemon started
    daemon.go:283: [de8b72637995f] exiting daemon
    daemon.go:296: [de8b72637995f] waiting for daemon to start
    daemon.go:328: [de8b72637995f] daemon started
    daemon.go:283: [de8b72637995f] exiting daemon
=== RUN   TestDockerNetworkIpvlan
=== RUN   TestDockerNetworkIpvlan/Subinterface
=== RUN   TestDockerNetworkIpvlan/OverlapParent
=== RUN   TestDockerNetworkIpvlan/L2NilParent
=== RUN   TestDockerNetworkIpvlan/L2InternalMode
=== RUN   TestDockerNetworkIpvlan/L3NilParent
=== RUN   TestDockerNetworkIpvlan/L3InternalMode
=== RUN   TestDockerNetworkIpvlan/L2MultiSubnet
=== RUN   TestDockerNetworkIpvlan/L3MultiSubnet
=== RUN   TestDockerNetworkIpvlan/Addressing
--- PASS: TestDockerNetworkIpvlan (109.85s)
    daemon.go:296: [dbd464116db7c] waiting for daemon to start
    daemon.go:328: [dbd464116db7c] daemon started
    --- PASS: TestDockerNetworkIpvlan/Subinterface (0.07s)
    daemon.go:283: [dbd464116db7c] exiting daemon
    daemon.go:296: [dac278ea8dbda] waiting for daemon to start
    daemon.go:328: [dac278ea8dbda] daemon started
    --- PASS: TestDockerNetworkIpvlan/OverlapParent (0.04s)
    daemon.go:283: [dac278ea8dbda] exiting daemon
    daemon.go:296: [d1af6745584da] waiting for daemon to start
    daemon.go:328: [d1af6745584da] daemon started
    --- PASS: TestDockerNetworkIpvlan/L2NilParent (0.87s)
    daemon.go:283: [d1af6745584da] exiting daemon
    daemon.go:296: [dc877880e77bc] waiting for daemon to start
    daemon.go:328: [dc877880e77bc] daemon started
    --- PASS: TestDockerNetworkIpvlan/L2InternalMode (1.88s)
    daemon.go:283: [dc877880e77bc] exiting daemon
    daemon.go:296: [da424e33723fa] waiting for daemon to start
    daemon.go:328: [da424e33723fa] daemon started
    --- PASS: TestDockerNetworkIpvlan/L3NilParent (15.86s)
    daemon.go:283: [da424e33723fa] exiting daemon
    daemon.go:296: [d2b9dfddd980c] waiting for daemon to start
    daemon.go:328: [d2b9dfddd980c] daemon started
    --- PASS: TestDockerNetworkIpvlan/L3InternalMode (16.87s)
    daemon.go:283: [d2b9dfddd980c] exiting daemon
    daemon.go:296: [da81d90ea4c16] waiting for daemon to start
    daemon.go:328: [da81d90ea4c16] daemon started
    --- PASS: TestDockerNetworkIpvlan/L2MultiSubnet (17.12s)
    daemon.go:283: [da81d90ea4c16] exiting daemon
    daemon.go:296: [d8fafc8fe7a64] waiting for daemon to start
    daemon.go:328: [d8fafc8fe7a64] daemon started
    --- PASS: TestDockerNetworkIpvlan/L3MultiSubnet (17.20s)
    daemon.go:283: [d8fafc8fe7a64] exiting daemon
    daemon.go:296: [dd4178b99a46a] waiting for daemon to start
    daemon.go:328: [dd4178b99a46a] daemon started
    --- PASS: TestDockerNetworkIpvlan/Addressing (31.29s)
    daemon.go:283: [dd4178b99a46a] exiting daemon
PASS
Running /go/src/github.com/docker/docker/integration/network/macvlan
INFO: Testing against a local daemon
=== RUN   TestDockerNetworkMacvlanPersistance
--- PASS: TestDockerNetworkMacvlanPersistance (1.27s)
    daemon.go:296: [d11d58f883431] waiting for daemon to start
    daemon.go:328: [d11d58f883431] daemon started
    daemon.go:283: [d11d58f883431] exiting daemon
    daemon.go:296: [d11d58f883431] waiting for daemon to start
    daemon.go:328: [d11d58f883431] daemon started
    daemon.go:283: [d11d58f883431] exiting daemon
=== RUN   TestDockerNetworkMacvlan
=== RUN   TestDockerNetworkMacvlan/Subinterface
=== RUN   TestDockerNetworkMacvlan/OverlapParent
=== RUN   TestDockerNetworkMacvlan/NilParent
=== RUN   TestDockerNetworkMacvlan/InternalMode
=== RUN   TestDockerNetworkMacvlan/Addressing
--- PASS: TestDockerNetworkMacvlan (22.88s)
    daemon.go:296: [de28e6cf83547] waiting for daemon to start
    daemon.go:328: [de28e6cf83547] daemon started
    --- PASS: TestDockerNetworkMacvlan/Subinterface (0.05s)
    daemon.go:283: [de28e6cf83547] exiting daemon
    daemon.go:296: [dab621254b3cc] waiting for daemon to start
    daemon.go:328: [dab621254b3cc] daemon started
    --- PASS: TestDockerNetworkMacvlan/OverlapParent (0.07s)
    daemon.go:283: [dab621254b3cc] exiting daemon
    daemon.go:296: [d4c2e43388f7d] waiting for daemon to start
    daemon.go:328: [d4c2e43388f7d] daemon started
    --- PASS: TestDockerNetworkMacvlan/NilParent (0.83s)
    daemon.go:283: [d4c2e43388f7d] exiting daemon
    daemon.go:296: [da839056d1c0c] waiting for daemon to start
    daemon.go:328: [da839056d1c0c] daemon started
    --- PASS: TestDockerNetworkMacvlan/InternalMode (1.87s)
    daemon.go:283: [da839056d1c0c] exiting daemon
    daemon.go:296: [da8ca7f169359] waiting for daemon to start
    daemon.go:328: [da8ca7f169359] daemon started
    --- PASS: TestDockerNetworkMacvlan/Addressing (15.65s)
    daemon.go:283: [da8ca7f169359] exiting daemon
PASS
Running /go/src/github.com/docker/docker/integration/secret
INFO: Testing against a local daemon
=== RUN   TestSecretInspect
--- PASS: TestSecretInspect (2.08s)
    daemon.go:296: [d6e213a1e2347] waiting for daemon to start
    daemon.go:328: [d6e213a1e2347] daemon started
    daemon.go:283: [d6e213a1e2347] exiting daemon
=== RUN   TestSecretList
--- PASS: TestSecretList (2.15s)
    daemon.go:296: [d42879466403b] waiting for daemon to start
    daemon.go:328: [d42879466403b] daemon started
    daemon.go:283: [d42879466403b] exiting daemon
=== RUN   TestSecretsCreateAndDelete
--- PASS: TestSecretsCreateAndDelete (2.05s)
    daemon.go:296: [de456ab643b44] waiting for daemon to start
    daemon.go:328: [de456ab643b44] daemon started
    daemon.go:283: [de456ab643b44] exiting daemon
=== RUN   TestSecretsUpdate
--- PASS: TestSecretsUpdate (2.04s)
    daemon.go:296: [db4a3a3a9db3b] waiting for daemon to start
    daemon.go:328: [db4a3a3a9db3b] daemon started
    daemon.go:283: [db4a3a3a9db3b] exiting daemon
=== RUN   TestTemplatedSecret
--- PASS: TestTemplatedSecret (2.69s)
    daemon.go:296: [da17923600de5] waiting for daemon to start
    daemon.go:328: [da17923600de5] daemon started
    daemon.go:283: [da17923600de5] exiting daemon
=== RUN   TestSecretCreateResolve
--- PASS: TestSecretCreateResolve (2.13s)
    daemon.go:296: [dec720237f817] waiting for daemon to start
    daemon.go:328: [dec720237f817] daemon started
    daemon.go:283: [dec720237f817] exiting daemon
PASS
Running /go/src/github.com/docker/docker/integration/session
INFO: Testing against a local daemon
=== RUN   TestSessionCreate
--- PASS: TestSessionCreate (0.01s)
=== RUN   TestSessionCreateWithBadUpgrade
--- PASS: TestSessionCreateWithBadUpgrade (0.00s)
PASS
Running /go/src/github.com/docker/docker/integration/container
INFO: Testing against a local daemon
=== RUN   TestContainerInvalidJSON
=== RUN   TestContainerInvalidJSON//containers/foobar/copy
=== PAUSE TestContainerInvalidJSON//containers/foobar/copy
=== RUN   TestContainerInvalidJSON//containers/foobar/exec
=== PAUSE TestContainerInvalidJSON//containers/foobar/exec
=== RUN   TestContainerInvalidJSON//exec/foobar/start
=== PAUSE TestContainerInvalidJSON//exec/foobar/start
=== CONT  TestContainerInvalidJSON//containers/foobar/copy
=== CONT  TestContainerInvalidJSON//exec/foobar/start
=== CONT  TestContainerInvalidJSON//containers/foobar/exec
--- PASS: TestContainerInvalidJSON (0.01s)
    --- PASS: TestContainerInvalidJSON//exec/foobar/start (0.00s)
    --- PASS: TestContainerInvalidJSON//containers/foobar/copy (0.00s)
    --- PASS: TestContainerInvalidJSON//containers/foobar/exec (0.01s)
=== RUN   TestCopyFromContainerPathDoesNotExist
--- PASS: TestCopyFromContainerPathDoesNotExist (0.09s)
=== RUN   TestCopyFromContainerPathIsNotDir
--- PASS: TestCopyFromContainerPathIsNotDir (0.06s)
=== RUN   TestCopyToContainerPathDoesNotExist
--- PASS: TestCopyToContainerPathDoesNotExist (0.06s)
=== RUN   TestCopyToContainerPathIsNotDir
--- PASS: TestCopyToContainerPathIsNotDir (0.06s)
=== RUN   TestCreateFailsWhenIdentifierDoesNotExist
=== RUN   TestCreateFailsWhenIdentifierDoesNotExist/image_and_tag
=== PAUSE TestCreateFailsWhenIdentifierDoesNotExist/image_and_tag
=== RUN   TestCreateFailsWhenIdentifierDoesNotExist/image_no_tag
=== PAUSE TestCreateFailsWhenIdentifierDoesNotExist/image_no_tag
=== RUN   TestCreateFailsWhenIdentifierDoesNotExist/digest
=== PAUSE TestCreateFailsWhenIdentifierDoesNotExist/digest
=== CONT  TestCreateFailsWhenIdentifierDoesNotExist/image_and_tag
=== CONT  TestCreateFailsWhenIdentifierDoesNotExist/digest
=== CONT  TestCreateFailsWhenIdentifierDoesNotExist/image_no_tag
--- PASS: TestCreateFailsWhenIdentifierDoesNotExist (0.01s)
    --- PASS: TestCreateFailsWhenIdentifierDoesNotExist/image_and_tag (0.00s)
    --- PASS: TestCreateFailsWhenIdentifierDoesNotExist/image_no_tag (0.00s)
    --- PASS: TestCreateFailsWhenIdentifierDoesNotExist/digest (0.00s)
=== RUN   TestCreateWithInvalidEnv
=== RUN   TestCreateWithInvalidEnv/0
=== PAUSE TestCreateWithInvalidEnv/0
=== RUN   TestCreateWithInvalidEnv/1
=== PAUSE TestCreateWithInvalidEnv/1
=== RUN   TestCreateWithInvalidEnv/2
=== PAUSE TestCreateWithInvalidEnv/2
=== CONT  TestCreateWithInvalidEnv/0
=== CONT  TestCreateWithInvalidEnv/2
=== CONT  TestCreateWithInvalidEnv/1
--- PASS: TestCreateWithInvalidEnv (0.01s)
    --- PASS: TestCreateWithInvalidEnv/0 (0.00s)
    --- PASS: TestCreateWithInvalidEnv/2 (0.00s)
    --- PASS: TestCreateWithInvalidEnv/1 (0.00s)
=== RUN   TestCreateTmpfsMountsTarget
--- PASS: TestCreateTmpfsMountsTarget (0.02s)
=== RUN   TestCreateWithCustomMaskedPaths
--- PASS: TestCreateWithCustomMaskedPaths (1.47s)
=== RUN   TestCreateWithCustomReadonlyPaths
--- PASS: TestCreateWithCustomReadonlyPaths (1.52s)
=== RUN   TestCreateWithInvalidHealthcheckParams
=== RUN   TestCreateWithInvalidHealthcheckParams/test_invalid_Interval_in_Healthcheck:_less_than_0s
=== PAUSE TestCreateWithInvalidHealthcheckParams/test_invalid_Interval_in_Healthcheck:_less_than_0s
=== RUN   TestCreateWithInvalidHealthcheckParams/test_invalid_Interval_in_Healthcheck:_larger_than_0s_but_less_than_1ms
=== PAUSE TestCreateWithInvalidHealthcheckParams/test_invalid_Interval_in_Healthcheck:_larger_than_0s_but_less_than_1ms
=== RUN   TestCreateWithInvalidHealthcheckParams/test_invalid_Timeout_in_Healthcheck:_less_than_1ms
=== PAUSE TestCreateWithInvalidHealthcheckParams/test_invalid_Timeout_in_Healthcheck:_less_than_1ms
=== RUN   TestCreateWithInvalidHealthcheckParams/test_invalid_Retries_in_Healthcheck:_less_than_0
=== PAUSE TestCreateWithInvalidHealthcheckParams/test_invalid_Retries_in_Healthcheck:_less_than_0
=== RUN   TestCreateWithInvalidHealthcheckParams/test_invalid_StartPeriod_in_Healthcheck:_not_0_and_less_than_1ms
=== PAUSE TestCreateWithInvalidHealthcheckParams/test_invalid_StartPeriod_in_Healthcheck:_not_0_and_less_than_1ms
=== CONT  TestCreateWithInvalidHealthcheckParams/test_invalid_Interval_in_Healthcheck:_less_than_0s
=== CONT  TestCreateWithInvalidHealthcheckParams/test_invalid_Retries_in_Healthcheck:_less_than_0
=== CONT  TestCreateWithInvalidHealthcheckParams/test_invalid_StartPeriod_in_Healthcheck:_not_0_and_less_than_1ms
=== CONT  TestCreateWithInvalidHealthcheckParams/test_invalid_Timeout_in_Healthcheck:_less_than_1ms
=== CONT  TestCreateWithInvalidHealthcheckParams/test_invalid_Interval_in_Healthcheck:_larger_than_0s_but_less_than_1ms
--- PASS: TestCreateWithInvalidHealthcheckParams (0.01s)
    --- PASS: TestCreateWithInvalidHealthcheckParams/test_invalid_Retries_in_Healthcheck:_less_than_0 (0.01s)
    --- PASS: TestCreateWithInvalidHealthcheckParams/test_invalid_Interval_in_Healthcheck:_less_than_0s (0.01s)
    --- PASS: TestCreateWithInvalidHealthcheckParams/test_invalid_Timeout_in_Healthcheck:_less_than_1ms (0.00s)
    --- PASS: TestCreateWithInvalidHealthcheckParams/test_invalid_StartPeriod_in_Healthcheck:_not_0_and_less_than_1ms (0.01s)
    --- PASS: TestCreateWithInvalidHealthcheckParams/test_invalid_Interval_in_Healthcheck:_larger_than_0s_but_less_than_1ms (0.00s)
=== RUN   TestContainerStartOnDaemonRestart
=== PAUSE TestContainerStartOnDaemonRestart
=== RUN   TestDiff
--- PASS: TestDiff (0.49s)
=== RUN   TestExecWithCloseStdin
--- PASS: TestExecWithCloseStdin (0.62s)
=== RUN   TestExec
--- PASS: TestExec (0.59s)
=== RUN   TestExportContainerAndImportImage
--- PASS: TestExportContainerAndImportImage (0.62s)
=== RUN   TestExportContainerAfterDaemonRestart
--- PASS: TestExportContainerAfterDaemonRestart (1.28s)
    daemon.go:296: [d0bd1a55c76a1] waiting for daemon to start
    daemon.go:328: [d0bd1a55c76a1] daemon started
    daemon.go:283: [d0bd1a55c76a1] exiting daemon
    daemon.go:296: [d0bd1a55c76a1] waiting for daemon to start
    daemon.go:328: [d0bd1a55c76a1] daemon started
    daemon.go:283: [d0bd1a55c76a1] exiting daemon
=== RUN   TestHealthCheckWorkdir
--- PASS: TestHealthCheckWorkdir (0.76s)
=== RUN   TestInspectCpusetInConfigPre120
--- PASS: TestInspectCpusetInConfigPre120 (0.50s)
=== RUN   TestIpcModeNone
--- PASS: TestIpcModeNone (0.60s)
=== RUN   TestIpcModePrivate
--- PASS: TestIpcModePrivate (0.59s)
    ipcmode_test.go:88: [testIpcPrivateShareable] ipcmode: private, ipcdev: 0:56, shared: false, mustBeShared: false
=== RUN   TestIpcModeShareable
--- PASS: TestIpcModeShareable (0.63s)
    ipcmode_test.go:88: [testIpcPrivateShareable] ipcmode: shareable, ipcdev: 0:50, shared: true, mustBeShared: true
=== RUN   TestAPIIpcModeShareableAndContainer
--- PASS: TestAPIIpcModeShareableAndContainer (1.81s)
=== RUN   TestAPIIpcModeHost
--- PASS: TestAPIIpcModeHost (0.51s)
=== RUN   TestDaemonIpcModeShareable
--- PASS: TestDaemonIpcModeShareable (1.34s)
    daemon.go:296: [da8969236ef45] waiting for daemon to start
    daemon.go:328: [da8969236ef45] daemon started
    ipcmode_test.go:256: [testDaemonIpcPrivateShareable] ipcdev: 0:58, shared: true, mustBeShared: true
    daemon.go:283: [da8969236ef45] exiting daemon
=== RUN   TestDaemonIpcModePrivate
--- PASS: TestDaemonIpcModePrivate (1.30s)
    daemon.go:296: [d0d3dd4baa7c4] waiting for daemon to start
    daemon.go:328: [d0d3dd4baa7c4] daemon started
    ipcmode_test.go:256: [testDaemonIpcPrivateShareable] ipcdev: 0:64, shared: false, mustBeShared: false
    daemon.go:283: [d0d3dd4baa7c4] exiting daemon
=== RUN   TestDaemonIpcModePrivateFromConfig
--- PASS: TestDaemonIpcModePrivateFromConfig (1.28s)
    daemon.go:296: [d167e3d6460e0] waiting for daemon to start
    daemon.go:328: [d167e3d6460e0] daemon started
    ipcmode_test.go:256: [testDaemonIpcPrivateShareable] ipcdev: 0:64, shared: false, mustBeShared: false
    daemon.go:283: [d167e3d6460e0] exiting daemon
=== RUN   TestDaemonIpcModeShareableFromConfig
--- PASS: TestDaemonIpcModeShareableFromConfig (1.32s)
    daemon.go:296: [d8899fed9b286] waiting for daemon to start
    daemon.go:328: [d8899fed9b286] daemon started
    ipcmode_test.go:256: [testDaemonIpcPrivateShareable] ipcdev: 0:58, shared: true, mustBeShared: true
    daemon.go:283: [d8899fed9b286] exiting daemon
=== RUN   TestKillContainerInvalidSignal
--- PASS: TestKillContainerInvalidSignal (0.52s)
=== RUN   TestKillContainer
=== RUN   TestKillContainer/no_signal
=== RUN   TestKillContainer/non_killing_signal
=== RUN   TestKillContainer/killing_signal
--- PASS: TestKillContainer (1.61s)
    --- PASS: TestKillContainer/no_signal (0.51s)
    --- PASS: TestKillContainer/non_killing_signal (0.35s)
    --- PASS: TestKillContainer/killing_signal (0.51s)
=== RUN   TestKillWithStopSignalAndRestartPolicies
=== RUN   TestKillWithStopSignalAndRestartPolicies/same-signal-disables-restart-policy
=== RUN   TestKillWithStopSignalAndRestartPolicies/different-signal-keep-restart-policy
--- PASS: TestKillWithStopSignalAndRestartPolicies (1.05s)
    --- PASS: TestKillWithStopSignalAndRestartPolicies/same-signal-disables-restart-policy (0.52s)
    --- PASS: TestKillWithStopSignalAndRestartPolicies/different-signal-keep-restart-policy (0.33s)
=== RUN   TestKillStoppedContainer
--- PASS: TestKillStoppedContainer (0.08s)
=== RUN   TestKillStoppedContainerAPIPre120
--- PASS: TestKillStoppedContainerAPIPre120 (0.07s)
=== RUN   TestKillDifferentUserContainer
--- PASS: TestKillDifferentUserContainer (0.51s)
=== RUN   TestInspectOomKilledTrue
--- SKIP: TestInspectOomKilledTrue (0.00s)
    kill_test.go:153: testEnv.DaemonInfo.OSType == "windows" || !testEnv.DaemonInfo.MemoryLimit || !testEnv.DaemonInfo.SwapLimit
=== RUN   TestInspectOomKilledFalse
--- SKIP: TestInspectOomKilledFalse (0.00s)
    kill_test.go:171: testEnv.DaemonInfo.OSType == "windows" || !testEnv.DaemonInfo.MemoryLimit || !testEnv.DaemonInfo.SwapLimit
=== RUN   TestLinksEtcHostsContentMatch
--- PASS: TestLinksEtcHostsContentMatch (0.48s)
=== RUN   TestLinksContainerNames
--- PASS: TestLinksContainerNames (1.06s)
=== RUN   TestLogsFollowTailEmpty
--- PASS: TestLogsFollowTailEmpty (0.54s)
=== RUN   TestContainerNetworkMountsNoChown
--- PASS: TestContainerNetworkMountsNoChown (0.49s)
=== RUN   TestMountDaemonRoot
=== PAUSE TestMountDaemonRoot
=== RUN   TestContainerBindMountNonRecursive
--- PASS: TestContainerBindMountNonRecursive (1.35s)
=== RUN   TestNetworkNat
--- PASS: TestNetworkNat (0.55s)
=== RUN   TestNetworkLocalhostTCPNat
--- PASS: TestNetworkLocalhostTCPNat (0.54s)
=== RUN   TestNetworkLoopbackNat
--- PASS: TestNetworkLoopbackNat (0.78s)
=== RUN   TestPause
--- PASS: TestPause (0.54s)
=== RUN   TestPauseFailsOnWindowsServerContainers
--- SKIP: TestPauseFailsOnWindowsServerContainers (0.00s)
    pause_test.go:54: testEnv.DaemonInfo.OSType != "windows" || testEnv.DaemonInfo.Isolation != "process"
=== RUN   TestPauseStopPausedContainer
--- PASS: TestPauseStopPausedContainer (0.59s)
=== RUN   TestPsFilter
--- PASS: TestPsFilter (0.19s)
=== RUN   TestRemoveContainerWithRemovedVolume
--- PASS: TestRemoveContainerWithRemovedVolume (0.48s)
=== RUN   TestRemoveContainerWithVolume
--- PASS: TestRemoveContainerWithVolume (0.51s)
=== RUN   TestRemoveContainerRunning
--- PASS: TestRemoveContainerRunning (0.55s)
=== RUN   TestRemoveContainerForceRemoveRunning
--- PASS: TestRemoveContainerForceRemoveRunning (0.56s)
=== RUN   TestRemoveInvalidContainer
--- PASS: TestRemoveInvalidContainer (0.01s)
=== RUN   TestRenameLinkedContainer
--- PASS: TestRenameLinkedContainer (2.12s)
=== RUN   TestRenameStoppedContainer
--- PASS: TestRenameStoppedContainer (0.52s)
=== RUN   TestRenameRunningContainerAndReuse
--- PASS: TestRenameRunningContainerAndReuse (1.06s)
=== RUN   TestRenameInvalidName
--- PASS: TestRenameInvalidName (0.54s)
=== RUN   TestRenameAnonymousContainer
--- PASS: TestRenameAnonymousContainer (1.81s)
=== RUN   TestRenameContainerWithSameName
--- PASS: TestRenameContainerWithSameName (0.56s)
=== RUN   TestRenameContainerWithLinkedContainer
--- PASS: TestRenameContainerWithLinkedContainer (1.08s)
=== RUN   TestResize
--- PASS: TestResize (0.52s)
=== RUN   TestResizeWithInvalidSize
--- PASS: TestResizeWithInvalidSize (0.53s)
=== RUN   TestResizeWhenContainerNotStarted
--- PASS: TestResizeWhenContainerNotStarted (0.52s)
=== RUN   TestDaemonRestartKillContainers
=== RUN   TestDaemonRestartKillContainers/live-restore=false/container_without_restart_policy/stop-daemon
=== PAUSE TestDaemonRestartKillContainers/live-restore=false/container_without_restart_policy/stop-daemon
=== RUN   TestDaemonRestartKillContainers/live-restore=false/container_without_restart_policy/kill-daemon
=== PAUSE TestDaemonRestartKillContainers/live-restore=false/container_without_restart_policy/kill-daemon
=== RUN   TestDaemonRestartKillContainers/live-restore=true/container_without_restart_policy/kill-daemon
=== PAUSE TestDaemonRestartKillContainers/live-restore=true/container_without_restart_policy/kill-daemon
=== RUN   TestDaemonRestartKillContainers/live-restore=true/container_without_restart_policy/stop-daemon
=== PAUSE TestDaemonRestartKillContainers/live-restore=true/container_without_restart_policy/stop-daemon
=== RUN   TestDaemonRestartKillContainers/live-restore=false/container_with_restart=always/kill-daemon
=== PAUSE TestDaemonRestartKillContainers/live-restore=false/container_with_restart=always/kill-daemon
=== RUN   TestDaemonRestartKillContainers/live-restore=false/container_with_restart=always/stop-daemon
=== PAUSE TestDaemonRestartKillContainers/live-restore=false/container_with_restart=always/stop-daemon
=== RUN   TestDaemonRestartKillContainers/live-restore=true/container_with_restart=always/kill-daemon
=== PAUSE TestDaemonRestartKillContainers/live-restore=true/container_with_restart=always/kill-daemon
=== RUN   TestDaemonRestartKillContainers/live-restore=true/container_with_restart=always/stop-daemon
=== PAUSE TestDaemonRestartKillContainers/live-restore=true/container_with_restart=always/stop-daemon
=== RUN   TestDaemonRestartKillContainers/live-restore=false/container_created_should_not_be_restarted/kill-daemon
=== PAUSE TestDaemonRestartKillContainers/live-restore=false/container_created_should_not_be_restarted/kill-daemon
=== RUN   TestDaemonRestartKillContainers/live-restore=false/container_created_should_not_be_restarted/stop-daemon
=== PAUSE TestDaemonRestartKillContainers/live-restore=false/container_created_should_not_be_restarted/stop-daemon
=== RUN   TestDaemonRestartKillContainers/live-restore=true/container_created_should_not_be_restarted/kill-daemon
=== PAUSE TestDaemonRestartKillContainers/live-restore=true/container_created_should_not_be_restarted/kill-daemon
=== RUN   TestDaemonRestartKillContainers/live-restore=true/container_created_should_not_be_restarted/stop-daemon
=== PAUSE TestDaemonRestartKillContainers/live-restore=true/container_created_should_not_be_restarted/stop-daemon
=== CONT  TestDaemonRestartKillContainers/live-restore=false/container_without_restart_policy/stop-daemon
=== CONT  TestDaemonRestartKillContainers/live-restore=true/container_with_restart=always/kill-daemon
=== CONT  TestDaemonRestartKillContainers/live-restore=false/container_with_restart=always/stop-daemon
=== CONT  TestDaemonRestartKillContainers/live-restore=false/container_with_restart=always/kill-daemon
=== CONT  TestDaemonRestartKillContainers/live-restore=true/container_without_restart_policy/stop-daemon
=== CONT  TestDaemonRestartKillContainers/live-restore=true/container_without_restart_policy/kill-daemon
=== CONT  TestDaemonRestartKillContainers/live-restore=false/container_without_restart_policy/kill-daemon
=== CONT  TestDaemonRestartKillContainers/live-restore=false/container_created_should_not_be_restarted/stop-daemon
=== CONT  TestDaemonRestartKillContainers/live-restore=true/container_created_should_not_be_restarted/stop-daemon
=== CONT  TestDaemonRestartKillContainers/live-restore=true/container_created_should_not_be_restarted/kill-daemon
=== CONT  TestDaemonRestartKillContainers/live-restore=false/container_created_should_not_be_restarted/kill-daemon
=== CONT  TestDaemonRestartKillContainers/live-restore=true/container_with_restart=always/stop-daemon
--- PASS: TestDaemonRestartKillContainers (0.00s)
    --- PASS: TestDaemonRestartKillContainers/live-restore=true/container_with_restart=always/kill-daemon (1.83s)
        daemon.go:296: [d7234e27c2204] waiting for daemon to start
        daemon.go:328: [d7234e27c2204] daemon started
        daemon.go:296: [d7234e27c2204] waiting for daemon to start
        daemon.go:328: [d7234e27c2204] daemon started
        daemon.go:283: [d7234e27c2204] exiting daemon
    --- PASS: TestDaemonRestartKillContainers/live-restore=false/container_without_restart_policy/stop-daemon (2.52s)
        daemon.go:296: [dc3b341f99728] waiting for daemon to start
        daemon.go:328: [dc3b341f99728] daemon started
        daemon.go:283: [dc3b341f99728] exiting daemon
        daemon.go:296: [dc3b341f99728] waiting for daemon to start
        daemon.go:328: [dc3b341f99728] daemon started
        daemon.go:283: [dc3b341f99728] exiting daemon
    --- PASS: TestDaemonRestartKillContainers/live-restore=false/container_with_restart=always/stop-daemon (2.03s)
        daemon.go:296: [d7df30ad4f7aa] waiting for daemon to start
        daemon.go:328: [d7df30ad4f7aa] daemon started
        daemon.go:283: [d7df30ad4f7aa] exiting daemon
        daemon.go:296: [d7df30ad4f7aa] waiting for daemon to start
        daemon.go:328: [d7df30ad4f7aa] daemon started
        daemon.go:283: [d7df30ad4f7aa] exiting daemon
    --- PASS: TestDaemonRestartKillContainers/live-restore=false/container_with_restart=always/kill-daemon (2.26s)
        daemon.go:296: [dc14bdcc94fd0] waiting for daemon to start
        daemon.go:328: [dc14bdcc94fd0] daemon started
        daemon.go:296: [dc14bdcc94fd0] waiting for daemon to start
        daemon.go:328: [dc14bdcc94fd0] daemon started
        daemon.go:283: [dc14bdcc94fd0] exiting daemon
    --- PASS: TestDaemonRestartKillContainers/live-restore=true/container_without_restart_policy/stop-daemon (2.02s)
        daemon.go:296: [d434fae6ead6b] waiting for daemon to start
        daemon.go:328: [d434fae6ead6b] daemon started
        daemon.go:283: [d434fae6ead6b] exiting daemon
        daemon.go:296: [d434fae6ead6b] waiting for daemon to start
        daemon.go:328: [d434fae6ead6b] daemon started
        daemon.go:283: [d434fae6ead6b] exiting daemon
    --- PASS: TestDaemonRestartKillContainers/live-restore=true/container_without_restart_policy/kill-daemon (1.81s)
        daemon.go:296: [d59f95e40813c] waiting for daemon to start
        daemon.go:328: [d59f95e40813c] daemon started
        daemon.go:296: [d59f95e40813c] waiting for daemon to start
        daemon.go:328: [d59f95e40813c] daemon started
        daemon.go:283: [d59f95e40813c] exiting daemon
    --- PASS: TestDaemonRestartKillContainers/live-restore=false/container_without_restart_policy/kill-daemon (1.68s)
        daemon.go:296: [df77579c1ef69] waiting for daemon to start
        daemon.go:328: [df77579c1ef69] daemon started
        daemon.go:296: [df77579c1ef69] waiting for daemon to start
        daemon.go:328: [df77579c1ef69] daemon started
        daemon.go:283: [df77579c1ef69] exiting daemon
    --- PASS: TestDaemonRestartKillContainers/live-restore=false/container_created_should_not_be_restarted/stop-daemon (1.43s)
        daemon.go:296: [d44da19e19f16] waiting for daemon to start
        daemon.go:328: [d44da19e19f16] daemon started
        daemon.go:283: [d44da19e19f16] exiting daemon
        daemon.go:296: [d44da19e19f16] waiting for daemon to start
        daemon.go:328: [d44da19e19f16] daemon started
        daemon.go:283: [d44da19e19f16] exiting daemon
    --- PASS: TestDaemonRestartKillContainers/live-restore=true/container_created_should_not_be_restarted/stop-daemon (1.34s)
        daemon.go:296: [dbc4890d7b50c] waiting for daemon to start
        daemon.go:328: [dbc4890d7b50c] daemon started
        daemon.go:283: [dbc4890d7b50c] exiting daemon
        daemon.go:296: [dbc4890d7b50c] waiting for daemon to start
        daemon.go:328: [dbc4890d7b50c] daemon started
        daemon.go:283: [dbc4890d7b50c] exiting daemon
    --- PASS: TestDaemonRestartKillContainers/live-restore=true/container_created_should_not_be_restarted/kill-daemon (1.29s)
        daemon.go:296: [ddf920097a35b] waiting for daemon to start
        daemon.go:328: [ddf920097a35b] daemon started
        daemon.go:296: [ddf920097a35b] waiting for daemon to start
        daemon.go:328: [ddf920097a35b] daemon started
        daemon.go:283: [ddf920097a35b] exiting daemon
    --- PASS: TestDaemonRestartKillContainers/live-restore=false/container_created_should_not_be_restarted/kill-daemon (1.32s)
        daemon.go:296: [d98f6eab8fbe2] waiting for daemon to start
        daemon.go:328: [d98f6eab8fbe2] daemon started
        daemon.go:296: [d98f6eab8fbe2] waiting for daemon to start
        daemon.go:328: [d98f6eab8fbe2] daemon started
        daemon.go:283: [d98f6eab8fbe2] exiting daemon
    --- PASS: TestDaemonRestartKillContainers/live-restore=true/container_with_restart=always/stop-daemon (1.75s)
        daemon.go:296: [d307d63b492e9] waiting for daemon to start
        daemon.go:328: [d307d63b492e9] daemon started
        daemon.go:283: [d307d63b492e9] exiting daemon
        daemon.go:296: [d307d63b492e9] waiting for daemon to start
        daemon.go:328: [d307d63b492e9] daemon started
        daemon.go:283: [d307d63b492e9] exiting daemon
=== RUN   TestKernelTCPMemory
--- PASS: TestKernelTCPMemory (0.62s)
=== RUN   TestNISDomainname
--- PASS: TestNISDomainname (0.74s)
=== RUN   TestStats
--- PASS: TestStats (2.29s)
=== RUN   TestStopContainerWithTimeout
=== RUN   TestStopContainerWithTimeout/0
=== PAUSE TestStopContainerWithTimeout/0
=== RUN   TestStopContainerWithTimeout/1
=== PAUSE TestStopContainerWithTimeout/1
=== RUN   TestStopContainerWithTimeout/3
=== PAUSE TestStopContainerWithTimeout/3
=== RUN   TestStopContainerWithTimeout/-1
=== PAUSE TestStopContainerWithTimeout/-1
=== CONT  TestStopContainerWithTimeout/0
=== CONT  TestStopContainerWithTimeout/3
=== CONT  TestStopContainerWithTimeout/-1
=== CONT  TestStopContainerWithTimeout/1
--- PASS: TestStopContainerWithTimeout (0.01s)
    --- PASS: TestStopContainerWithTimeout/0 (0.70s)
    --- PASS: TestStopContainerWithTimeout/3 (2.65s)
    --- PASS: TestStopContainerWithTimeout/-1 (2.48s)
    --- PASS: TestStopContainerWithTimeout/1 (1.54s)
=== RUN   TestDeleteDevicemapper
--- SKIP: TestDeleteDevicemapper (0.00s)
    stop_linux_test.go:75: testEnv.DaemonInfo.Driver != "devicemapper"
=== RUN   TestStopContainerWithRestartPolicyAlways
--- PASS: TestStopContainerWithRestartPolicyAlways (1.64s)
=== RUN   TestUpdateMemory
--- SKIP: TestUpdateMemory (0.00s)
    update_linux_test.go:22: !testEnv.DaemonInfo.SwapLimit
=== RUN   TestUpdateCPUQuota
=== PAUSE TestUpdateCPUQuota
=== RUN   TestUpdateRestartPolicy
--- PASS: TestUpdateRestartPolicy (11.31s)
=== RUN   TestUpdateRestartWithAutoRemove
--- PASS: TestUpdateRestartWithAutoRemove (0.54s)
=== RUN   TestWaitNonBlocked
=== RUN   TestWaitNonBlocked/wait-nonblocking-exit-0
=== PAUSE TestWaitNonBlocked/wait-nonblocking-exit-0
=== RUN   TestWaitNonBlocked/wait-nonblocking-exit-random
=== PAUSE TestWaitNonBlocked/wait-nonblocking-exit-random
=== CONT  TestWaitNonBlocked/wait-nonblocking-exit-0
=== CONT  TestWaitNonBlocked/wait-nonblocking-exit-random
--- PASS: TestWaitNonBlocked (0.01s)
    --- PASS: TestWaitNonBlocked/wait-nonblocking-exit-random (0.68s)
    --- PASS: TestWaitNonBlocked/wait-nonblocking-exit-0 (0.71s)
=== RUN   TestWaitBlocked
=== RUN   TestWaitBlocked/test-wait-blocked-exit-zero
=== PAUSE TestWaitBlocked/test-wait-blocked-exit-zero
=== RUN   TestWaitBlocked/test-wait-blocked-exit-random
=== PAUSE TestWaitBlocked/test-wait-blocked-exit-random
=== CONT  TestWaitBlocked/test-wait-blocked-exit-zero
=== CONT  TestWaitBlocked/test-wait-blocked-exit-random
--- PASS: TestWaitBlocked (0.01s)
    --- PASS: TestWaitBlocked/test-wait-blocked-exit-zero (0.78s)
    --- PASS: TestWaitBlocked/test-wait-blocked-exit-random (0.82s)
=== CONT  TestContainerStartOnDaemonRestart
=== CONT  TestUpdateCPUQuota
--- PASS: TestUpdateCPUQuota (1.52s)
=== CONT  TestMountDaemonRoot
=== RUN   TestMountDaemonRoot/default
=== PAUSE TestMountDaemonRoot/default
=== RUN   TestMountDaemonRoot/private
=== PAUSE TestMountDaemonRoot/private
=== RUN   TestMountDaemonRoot/rprivate
=== PAUSE TestMountDaemonRoot/rprivate
=== RUN   TestMountDaemonRoot/slave
=== PAUSE TestMountDaemonRoot/slave
=== RUN   TestMountDaemonRoot/rslave
=== PAUSE TestMountDaemonRoot/rslave
=== RUN   TestMountDaemonRoot/shared
=== PAUSE TestMountDaemonRoot/shared
=== RUN   TestMountDaemonRoot/rshared
=== PAUSE TestMountDaemonRoot/rshared
=== CONT  TestMountDaemonRoot/default
=== RUN   TestMountDaemonRoot/default/mount_root
=== PAUSE TestMountDaemonRoot/default/mount_root
=== RUN   TestMountDaemonRoot/default/mount_subpath
=== PAUSE TestMountDaemonRoot/default/mount_subpath
=== RUN   TestMountDaemonRoot/default/bind_root
=== PAUSE TestMountDaemonRoot/default/bind_root
=== RUN   TestMountDaemonRoot/default/bind_subpath
=== PAUSE TestMountDaemonRoot/default/bind_subpath
=== CONT  TestMountDaemonRoot/default/mount_root
=== CONT  TestMountDaemonRoot/rshared
=== RUN   TestMountDaemonRoot/rshared/mount_subpath
=== PAUSE TestMountDaemonRoot/rshared/mount_subpath
=== RUN   TestMountDaemonRoot/rshared/bind_root
=== PAUSE TestMountDaemonRoot/rshared/bind_root
=== RUN   TestMountDaemonRoot/rshared/bind_subpath
=== PAUSE TestMountDaemonRoot/rshared/bind_subpath
=== RUN   TestMountDaemonRoot/rshared/mount_root
=== PAUSE TestMountDaemonRoot/rshared/mount_root
=== CONT  TestMountDaemonRoot/shared
=== RUN   TestMountDaemonRoot/shared/bind_root
=== PAUSE TestMountDaemonRoot/shared/bind_root
=== RUN   TestMountDaemonRoot/shared/bind_subpath
=== PAUSE TestMountDaemonRoot/shared/bind_subpath
=== RUN   TestMountDaemonRoot/shared/mount_root
=== PAUSE TestMountDaemonRoot/shared/mount_root
=== RUN   TestMountDaemonRoot/shared/mount_subpath
=== PAUSE TestMountDaemonRoot/shared/mount_subpath
=== CONT  TestMountDaemonRoot/rslave
=== RUN   TestMountDaemonRoot/rslave/bind_root
=== PAUSE TestMountDaemonRoot/rslave/bind_root
=== RUN   TestMountDaemonRoot/rslave/bind_subpath
=== PAUSE TestMountDaemonRoot/rslave/bind_subpath
=== RUN   TestMountDaemonRoot/rslave/mount_root
=== PAUSE TestMountDaemonRoot/rslave/mount_root
=== RUN   TestMountDaemonRoot/rslave/mount_subpath
=== PAUSE TestMountDaemonRoot/rslave/mount_subpath
=== CONT  TestMountDaemonRoot/slave
=== RUN   TestMountDaemonRoot/slave/bind_root
=== PAUSE TestMountDaemonRoot/slave/bind_root
=== RUN   TestMountDaemonRoot/slave/bind_subpath
=== PAUSE TestMountDaemonRoot/slave/bind_subpath
=== RUN   TestMountDaemonRoot/slave/mount_root
=== PAUSE TestMountDaemonRoot/slave/mount_root
=== RUN   TestMountDaemonRoot/slave/mount_subpath
=== PAUSE TestMountDaemonRoot/slave/mount_subpath
=== CONT  TestMountDaemonRoot/rprivate
=== RUN   TestMountDaemonRoot/rprivate/bind_root
=== PAUSE TestMountDaemonRoot/rprivate/bind_root
=== RUN   TestMountDaemonRoot/rprivate/bind_subpath
=== PAUSE TestMountDaemonRoot/rprivate/bind_subpath
=== RUN   TestMountDaemonRoot/rprivate/mount_root
=== PAUSE TestMountDaemonRoot/rprivate/mount_root
=== RUN   TestMountDaemonRoot/rprivate/mount_subpath
=== PAUSE TestMountDaemonRoot/rprivate/mount_subpath
=== CONT  TestMountDaemonRoot/private
=== RUN   TestMountDaemonRoot/private/mount_subpath
=== PAUSE TestMountDaemonRoot/private/mount_subpath
=== RUN   TestMountDaemonRoot/private/bind_root
=== PAUSE TestMountDaemonRoot/private/bind_root
=== RUN   TestMountDaemonRoot/private/bind_subpath
=== PAUSE TestMountDaemonRoot/private/bind_subpath
=== RUN   TestMountDaemonRoot/private/mount_root
=== PAUSE TestMountDaemonRoot/private/mount_root
=== CONT  TestMountDaemonRoot/default/bind_subpath
=== CONT  TestMountDaemonRoot/default/bind_root
=== CONT  TestMountDaemonRoot/default/mount_subpath
=== CONT  TestMountDaemonRoot/rshared/mount_subpath
=== CONT  TestMountDaemonRoot/shared/bind_root
=== CONT  TestMountDaemonRoot/rshared/mount_root
=== CONT  TestMountDaemonRoot/rshared/bind_subpath
=== CONT  TestMountDaemonRoot/rshared/bind_root
=== CONT  TestMountDaemonRoot/rslave/bind_root
=== CONT  TestMountDaemonRoot/shared/mount_subpath
=== CONT  TestMountDaemonRoot/shared/mount_root
=== CONT  TestMountDaemonRoot/shared/bind_subpath
--- PASS: TestContainerStartOnDaemonRestart (2.43s)
    daemon.go:296: [d8f03e43df19e] waiting for daemon to start
    daemon.go:328: [d8f03e43df19e] daemon started
    daemon.go:296: [d8f03e43df19e] waiting for daemon to start
    daemon.go:328: [d8f03e43df19e] daemon started
    daemon.go:283: [d8f03e43df19e] exiting daemon
=== CONT  TestMountDaemonRoot/slave/bind_root
=== CONT  TestMountDaemonRoot/rslave/mount_subpath
=== CONT  TestMountDaemonRoot/rslave/mount_root
=== CONT  TestMountDaemonRoot/rslave/bind_subpath
=== CONT  TestMountDaemonRoot/rprivate/bind_root
=== CONT  TestMountDaemonRoot/slave/mount_subpath
=== CONT  TestMountDaemonRoot/slave/mount_root
=== CONT  TestMountDaemonRoot/slave/bind_subpath
=== CONT  TestMountDaemonRoot/private/mount_subpath
=== CONT  TestMountDaemonRoot/rprivate/mount_subpath
=== CONT  TestMountDaemonRoot/rprivate/mount_root
=== CONT  TestMountDaemonRoot/rprivate/bind_subpath
=== CONT  TestMountDaemonRoot/private/mount_root
=== CONT  TestMountDaemonRoot/private/bind_subpath
=== CONT  TestMountDaemonRoot/private/bind_root
--- PASS: TestMountDaemonRoot (0.02s)
    --- PASS: TestMountDaemonRoot/default (0.00s)
        --- PASS: TestMountDaemonRoot/default/mount_root (0.07s)
        --- PASS: TestMountDaemonRoot/default/bind_subpath (0.08s)
        --- PASS: TestMountDaemonRoot/default/bind_root (0.08s)
        --- PASS: TestMountDaemonRoot/default/mount_subpath (0.11s)
    --- PASS: TestMountDaemonRoot/rshared (0.00s)
        --- PASS: TestMountDaemonRoot/rshared/mount_subpath (0.07s)
        --- PASS: TestMountDaemonRoot/rshared/mount_root (0.07s)
        --- PASS: TestMountDaemonRoot/rshared/bind_subpath (0.08s)
        --- PASS: TestMountDaemonRoot/rshared/bind_root (0.08s)
    --- PASS: TestMountDaemonRoot/shared (0.00s)
        --- PASS: TestMountDaemonRoot/shared/bind_root (0.05s)
        --- PASS: TestMountDaemonRoot/shared/mount_subpath (0.05s)
        --- PASS: TestMountDaemonRoot/shared/mount_root (0.05s)
        --- PASS: TestMountDaemonRoot/shared/bind_subpath (0.10s)
    --- PASS: TestMountDaemonRoot/rslave (0.00s)
        --- PASS: TestMountDaemonRoot/rslave/bind_root (0.06s)
        --- PASS: TestMountDaemonRoot/rslave/mount_subpath (0.10s)
        --- PASS: TestMountDaemonRoot/rslave/mount_root (0.13s)
        --- PASS: TestMountDaemonRoot/rslave/bind_subpath (0.10s)
    --- PASS: TestMountDaemonRoot/slave (0.00s)
        --- PASS: TestMountDaemonRoot/slave/bind_root (0.08s)
        --- PASS: TestMountDaemonRoot/slave/mount_subpath (0.09s)
        --- PASS: TestMountDaemonRoot/slave/mount_root (0.09s)
        --- PASS: TestMountDaemonRoot/slave/bind_subpath (0.08s)
    --- PASS: TestMountDaemonRoot/rprivate (0.00s)
        --- PASS: TestMountDaemonRoot/rprivate/bind_root (0.06s)
        --- PASS: TestMountDaemonRoot/rprivate/mount_subpath (0.08s)
        --- PASS: TestMountDaemonRoot/rprivate/mount_root (0.08s)
        --- PASS: TestMountDaemonRoot/rprivate/bind_subpath (0.09s)
    --- PASS: TestMountDaemonRoot/private (0.00s)
        --- PASS: TestMountDaemonRoot/private/mount_subpath (0.08s)
        --- PASS: TestMountDaemonRoot/private/mount_root (0.09s)
        --- PASS: TestMountDaemonRoot/private/bind_subpath (0.08s)
        --- PASS: TestMountDaemonRoot/private/bind_root (0.07s)
PASS
Running /go/src/github.com/docker/docker/integration/build
INFO: Testing against a local daemon
=== RUN   TestBuildWithSession
--- PASS: TestBuildWithSession (4.55s)
    daemon.go:296: [d3c2b902a2c00] waiting for daemon to start
    daemon.go:328: [d3c2b902a2c00] daemon started
    daemon.go:283: [d3c2b902a2c00] exiting daemon
=== RUN   TestBuildSquashParent
--- PASS: TestBuildSquashParent (7.91s)
    daemon.go:296: [d87c9fd329c52] waiting for daemon to start
    daemon.go:328: [d87c9fd329c52] daemon started
    daemon.go:283: [d87c9fd329c52] exiting daemon
=== RUN   TestBuildWithRemoveAndForceRemove
=== PAUSE TestBuildWithRemoveAndForceRemove
=== RUN   TestBuildMultiStageParentConfig
--- PASS: TestBuildMultiStageParentConfig (34.74s)
    build_test.go:176: [{-1 1546267697 sha256:53faf8d03d5ddf2106af86f4f432be7d3e03f8038041499a0b15f9bffdebf65d map[] sha256:3688abf020b002be49af351d08b12865a6a4fe7456425be0b1022d96e2001882 [] [build1:latest] -1 1129289 1129289} {-1 1546267696 sha256:e7722437f7ab6bf0f150c53e916c6fccb9f395252d4b3e6ef9665459d86b699d map[] sha256:777d34e536781994a980830924de28915d76e97bfc7fc543c3275c4f9f4c96bb [<none>@<none>] [<none>:<none>] -1 1129289 1129289} {-1 1546267691 sha256:852ebfb8e4bc66dc1ed989c07f33dcf9c6c33cd77cc03ab82e13170cf7e49af4 map[]  [] [test:latest] -1 1129301 1129301} {-1 1546267690 sha256:f0070724b6d0ee5087648fd09088a48064381a54de97d7f1f453ec05a2bf907d map[] sha256:34ee6165f793e25fa3896a11f6e0d329aa51b3cbaf3d91d0958b6a63bb925a95 [<none>@<none>] [<none>:<none>] -1 1129313 1129313} {-1 1546267684 sha256:6409f1f56d64acb2030caf7447222d314e4429cb574bb25326fb120904d7c043 map[] sha256:c2d2955d263c6cc41b3a9cd59717c3e7e17fa150fd627119184d2478e8ab67d8 [<none>@<none>] [<none>:<none>] -1 1129315 1129315} {-1 1516768215 sha256:2bbf44aed9f866d88c0e7d006d4ffe8d53186a12ffd6dca5e1baa59ba3024b85 map[]  [] [busybox:glibc] -1 4403842 4403842} {-1 1511223798 sha256:f2a91732366c0332ccd7afd2a5c4ff2b9af81f549370f7a19acd460f87686bc7 map[]  [] [hello-world:frozen] -1 1848 1848} {-1 1509809246 sha256:cb92533ca5cc26b3e36c11b6007fb838a8d2ea73a24faf738084c57ce193b944 map[]  [] [buildpack-deps:jessie] -1 614674590 614674590} {-1 1509772896 sha256:25fc9eb3417fa06d0d7fc83706b1ef5855dd1a8767fc29476b49e4edf8230867 map[]  [] [debian:jessie] -1 123385136 123385136} {-1 1509748757 sha256:6ad733544a6317992a6fac4eb19fe1df577d4dec7529efec28a5bd0edad0fd30 map[]  [] [busybox:latest] -1 1129289 1129289} {-1 1371157430 sha256:11f64303f0f7ffdc71f001788132bca5346831939a956e3e975c93267d89a16d map[]  [] [emptyfs:latest] -1 0 0}]
=== RUN   TestBuildLabelWithTargets
--- PASS: TestBuildLabelWithTargets (8.00s)
=== RUN   TestBuildWithEmptyLayers
--- PASS: TestBuildWithEmptyLayers (2.99s)
=== RUN   TestBuildMultiStageOnBuild
--- PASS: TestBuildMultiStageOnBuild (5.02s)
=== RUN   TestBuildUncleanTarFilenames
--- PASS: TestBuildUncleanTarFilenames (0.70s)
=== RUN   TestBuildMultiStageLayerLeak
--- PASS: TestBuildMultiStageLayerLeak (4.30s)
=== RUN   TestBuildWithHugeFile
--- PASS: TestBuildWithHugeFile (145.53s)
=== CONT  TestBuildWithRemoveAndForceRemove
=== RUN   TestBuildWithRemoveAndForceRemove/successful_build_with_no_removal
=== PAUSE TestBuildWithRemoveAndForceRemove/successful_build_with_no_removal
=== RUN   TestBuildWithRemoveAndForceRemove/successful_build_with_remove
=== PAUSE TestBuildWithRemoveAndForceRemove/successful_build_with_remove
=== RUN   TestBuildWithRemoveAndForceRemove/successful_build_with_remove_and_force_remove
=== PAUSE TestBuildWithRemoveAndForceRemove/successful_build_with_remove_and_force_remove
=== RUN   TestBuildWithRemoveAndForceRemove/failed_build_with_no_removal
=== PAUSE TestBuildWithRemoveAndForceRemove/failed_build_with_no_removal
=== RUN   TestBuildWithRemoveAndForceRemove/failed_build_with_remove
=== PAUSE TestBuildWithRemoveAndForceRemove/failed_build_with_remove
=== RUN   TestBuildWithRemoveAndForceRemove/failed_build_with_remove_and_force_remove
=== PAUSE TestBuildWithRemoveAndForceRemove/failed_build_with_remove_and_force_remove
=== CONT  TestBuildWithRemoveAndForceRemove/successful_build_with_no_removal
=== CONT  TestBuildWithRemoveAndForceRemove/failed_build_with_no_removal
=== CONT  TestBuildWithRemoveAndForceRemove/successful_build_with_remove_and_force_remove
=== CONT  TestBuildWithRemoveAndForceRemove/successful_build_with_remove
=== CONT  TestBuildWithRemoveAndForceRemove/failed_build_with_remove_and_force_remove
=== CONT  TestBuildWithRemoveAndForceRemove/failed_build_with_remove
--- PASS: TestBuildWithRemoveAndForceRemove (0.03s)
    --- PASS: TestBuildWithRemoveAndForceRemove/failed_build_with_no_removal (2.11s)
    --- PASS: TestBuildWithRemoveAndForceRemove/successful_build_with_no_removal (2.17s)
    --- PASS: TestBuildWithRemoveAndForceRemove/successful_build_with_remove (1.92s)
    --- PASS: TestBuildWithRemoveAndForceRemove/successful_build_with_remove_and_force_remove (2.02s)
    --- PASS: TestBuildWithRemoveAndForceRemove/failed_build_with_remove_and_force_remove (2.04s)
    --- PASS: TestBuildWithRemoveAndForceRemove/failed_build_with_remove (2.03s)
PASS
Running /go/src/github.com/docker/docker/integration/volume
INFO: Testing against a local daemon
=== RUN   TestVolumesCreateAndList
--- PASS: TestVolumesCreateAndList (0.04s)
=== RUN   TestVolumesRemove
--- PASS: TestVolumesRemove (0.08s)
=== RUN   TestVolumesInspect
--- PASS: TestVolumesInspect (0.02s)
=== RUN   TestVolumesInvalidJSON
=== RUN   TestVolumesInvalidJSON//volumes/create
=== PAUSE TestVolumesInvalidJSON//volumes/create
=== CONT  TestVolumesInvalidJSON//volumes/create
--- PASS: TestVolumesInvalidJSON (0.02s)
    --- PASS: TestVolumesInvalidJSON//volumes/create (0.00s)
PASS
Running /go/src/github.com/docker/docker/integration/system
INFO: Testing against a local daemon
=== RUN   TestCgroupDriverSystemdMemoryLimit
=== PAUSE TestCgroupDriverSystemdMemoryLimit
=== RUN   TestEventsExecDie
--- PASS: TestEventsExecDie (0.62s)
=== RUN   TestEventsBackwardsCompatible
--- PASS: TestEventsBackwardsCompatible (0.07s)
=== RUN   TestInfoBinaryCommits
--- PASS: TestInfoBinaryCommits (0.01s)
=== RUN   TestInfoAPIVersioned
--- PASS: TestInfoAPIVersioned (0.01s)
=== RUN   TestInfoAPI
--- PASS: TestInfoAPI (0.01s)
=== RUN   TestInfoAPIWarnings
--- PASS: TestInfoAPIWarnings (0.72s)
    daemon.go:296: [dad62ff3dcc84] waiting for daemon to start
    daemon.go:328: [dad62ff3dcc84] daemon started
    daemon.go:283: [dad62ff3dcc84] exiting daemon
=== RUN   TestLoginFailsWithBadCredentials
--- PASS: TestLoginFailsWithBadCredentials (1.23s)
=== RUN   TestVersion
--- PASS: TestVersion (0.00s)
=== CONT  TestCgroupDriverSystemdMemoryLimit
--- SKIP: TestCgroupDriverSystemdMemoryLimit (0.00s)
    cgroupdriver_systemd_test.go:35: systemd not available
PASS
Running /go/src/github.com/docker/docker/integration/image
INFO: Testing against a local daemon
=== RUN   TestCommitInheritsEnv
--- PASS: TestCommitInheritsEnv (2.03s)
=== RUN   TestImportExtremelyLargeImageWorks
--- PASS: TestImportExtremelyLargeImageWorks (123.10s)
=== RUN   TestImagesFilterMultiReference
--- PASS: TestImagesFilterMultiReference (0.06s)
=== RUN   TestRemoveImageOrphaning
--- PASS: TestRemoveImageOrphaning (1.84s)
=== RUN   TestTagUnprefixedRepoByNameOrName
--- PASS: TestTagUnprefixedRepoByNameOrName (0.03s)
=== RUN   TestTagInvalidReference
--- PASS: TestTagInvalidReference (0.02s)
=== RUN   TestTagValidPrefixedRepo
--- PASS: TestTagValidPrefixedRepo (0.05s)
=== RUN   TestTagExistedNameWithoutForce
--- PASS: TestTagExistedNameWithoutForce (0.02s)
=== RUN   TestTagOfficialNames
--- PASS: TestTagOfficialNames (0.06s)
=== RUN   TestTagMatchesDigest
--- PASS: TestTagMatchesDigest (0.03s)
PASS
Running /go/src/github.com/docker/docker/integration-cli
INFO: Testing against a local daemon
PASS: docker_api_test.go:36: DockerSuite.TestAPIClientVersionOldNotSupported	0.004s
PASS: docker_api_network_test.go:239: DockerSuite.TestAPICreateDeletePredefinedNetworks	0.008s
PASS: docker_api_test.go:60: DockerSuite.TestAPIErrorJSON	0.002s
PASS: docker_api_test.go:91: DockerSuite.TestAPIErrorNotFoundJSON	0.001s
PASS: docker_api_test.go:102: DockerSuite.TestAPIErrorNotFoundPlainText	0.001s
PASS: docker_api_test.go:74: DockerSuite.TestAPIErrorPlainText	0.002s
PASS: docker_api_test.go:24: DockerSuite.TestAPIGetEnabledCORS	0.001s
PASS: docker_api_images_test.go:90: DockerSuite.TestAPIImagesDelete	1.325s
PASS: docker_api_images_test.go:22: DockerSuite.TestAPIImagesFilter	0.065s
PASS: docker_api_images_test.go:114: DockerSuite.TestAPIImagesHistory	0.882s
PASS: docker_api_images_test.go:140: DockerSuite.TestAPIImagesImportBadSrc	0.336s
PASS: docker_api_images_test.go:60: DockerSuite.TestAPIImagesSaveAndLoad	0.756s
PASS: docker_api_images_test.go:175: DockerSuite.TestAPIImagesSearchJSONContentType	0.797s
PASS: docker_api_images_test.go:187: DockerSuite.TestAPIImagesSizeCompatibility	0.007s
PASS: docker_api_network_test.go:129: DockerSuite.TestAPINetworkConnectDisconnect	0.596s
PASS: docker_api_network_test.go:29: DockerSuite.TestAPINetworkCreateCheckDuplicate	0.081s
PASS: docker_api_network_test.go:67: DockerSuite.TestAPINetworkFilter	0.002s
PASS: docker_api_network_test.go:20: DockerSuite.TestAPINetworkGetDefaults	0.003s
PASS: docker_api_network_test.go:170: DockerSuite.TestAPINetworkIPAMMultipleBridgeNetworks	0.538s
PASS: docker_api_network_test.go:73: DockerSuite.TestAPINetworkInspectBridge	0.359s
PASS: docker_api_network_test.go:98: DockerSuite.TestAPINetworkInspectUserDefinedNetwork	0.110s
PASS: docker_api_test.go:18: DockerSuite.TestAPIOptionsRoute	0.001s
PASS: docker_api_stats_test.go:263: DockerSuite.TestAPIStatsContainerNotFound	0.001s
PASS: docker_api_stats_test.go:99: DockerSuite.TestAPIStatsNetworkStats	4.087s
PASS: docker_api_stats_test.go:166: DockerSuite.TestAPIStatsNetworkStatsVersioning	1.790s
PASS: docker_api_stats_test.go:277: DockerSuite.TestAPIStatsNoStreamConnectedContainers	1.794s
PASS: docker_api_stats_test.go:25: DockerSuite.TestAPIStatsNoStreamGetCpu	1.685s
PASS: docker_api_stats_test.go:64: DockerSuite.TestAPIStatsStoppedContainerInGoroutines	0.440s
PASS: docker_cli_run_test.go:3181: DockerSuite.TestAppArmorDeniesChmodProc	0.524s
PASS: docker_cli_run_test.go:3159: DockerSuite.TestAppArmorDeniesPtrace	0.535s
PASS: docker_cli_run_test.go:3171: DockerSuite.TestAppArmorTraceSelf	0.534s
PASS: docker_cli_attach_unix_test.go:61: DockerSuite.TestAttachAfterDetach	1.503s
PASS: docker_cli_attach_unix_test.go:18: DockerSuite.TestAttachClosedOnContainerStop	1.523s
PASS: docker_cli_attach_unix_test.go:126: DockerSuite.TestAttachDetach	0.500s
PASS: docker_cli_attach_test.go:135: DockerSuite.TestAttachDisconnect	0.388s
PASS: docker_cli_attach_test.go:20: DockerSuite.TestAttachMultipleAndRestart	1.511s
PASS: docker_cli_attach_test.go:168: DockerSuite.TestAttachPausedContainer	0.392s
PASS: docker_cli_attach_test.go:90: DockerSuite.TestAttachTTYWithoutStdin	0.366s
PASS: docker_api_build_test.go:160: DockerSuite.TestBuildAPIBuildGitWithF	0.930s
PASS: docker_api_build_test.go:26: DockerSuite.TestBuildAPIDockerFileRemote	1.955s
PASS: docker_api_build_test.go:181: DockerSuite.TestBuildAPIDoubleDockerfile	0.992s
PASS: docker_api_build_test.go:142: DockerSuite.TestBuildAPILowerDockerfile	0.990s
PASS: docker_api_build_test.go:57: DockerSuite.TestBuildAPIRemoteTarballContext	0.003s
PASS: docker_api_build_test.go:88: DockerSuite.TestBuildAPIRemoteTarballContextWithCustomDockerfile	0.975s
PASS: docker_api_build_test.go:203: DockerSuite.TestBuildAPIUnnormalizedTarPaths	1.986s
PASS: docker_cli_build_test.go:573: DockerSuite.TestBuildAddAndCopyFileWithWhitespace	28.059s
PASS: docker_cli_build_test.go:926: DockerSuite.TestBuildAddBadLinks	0.918s
PASS: docker_cli_build_test.go:1006: DockerSuite.TestBuildAddBadLinksVolume	2.992s
PASS: docker_cli_build_test.go:2885: DockerSuite.TestBuildAddBrokenTar	0.156s
PASS: docker_api_build_test.go:479: DockerSuite.TestBuildAddCacheOnFileChange	1.810s
PASS: docker_cli_build_unix_test.go:87: DockerSuite.TestBuildAddChangeOwnership	2.990s
PASS: docker_cli_build_test.go:1863: DockerSuite.TestBuildAddCurrentDirWithCache	2.708s
PASS: docker_cli_build_test.go:1910: DockerSuite.TestBuildAddCurrentDirWithoutCache	1.393s
PASS: docker_cli_build_test.go:751: DockerSuite.TestBuildAddDirContentToExistingDir	8.838s
PASS: docker_cli_build_test.go:737: DockerSuite.TestBuildAddDirContentToRoot	4.986s
PASS: docker_cli_build_test.go:2189: DockerSuite.TestBuildAddFileNotFound	0.077s
PASS: docker_cli_build_test.go:1997: DockerSuite.TestBuildAddLocalAndRemoteFilesWithAndWithoutCache	3.892s
PASS: docker_cli_build_test.go:1807: DockerSuite.TestBuildAddMultipleLocalFileWithAndWithoutCache	6.974s
PASS: docker_cli_build_test.go:2936: DockerSuite.TestBuildAddNonTar	1.944s
PASS: docker_cli_build_test.go:785: DockerSuite.TestBuildAddOrCopyEtcToRootShouldNotConflict	0.431s
PASS: docker_cli_build_test.go:797: DockerSuite.TestBuildAddPreservesFilesSpecialBits	4.507s
PASS: docker_cli_build_test.go:1954: DockerSuite.TestBuildAddRemoteFileMTime	3.317s
PASS: docker_cli_build_test.go:1929: DockerSuite.TestBuildAddRemoteFileWithAndWithoutCache	0.761s
PASS: docker_api_build_test.go:364: DockerSuite.TestBuildAddRemoteNoDecompress	1.844s
PASS: docker_cli_build_test.go:2815: DockerSuite.TestBuildAddScript	3.990s
PASS: docker_cli_build_test.go:505: DockerSuite.TestBuildAddSingleFileToExistDir	8.970s
PASS: docker_cli_build_test.go:722: DockerSuite.TestBuildAddSingleFileToNonExistingDir	5.981s
PASS: docker_cli_build_test.go:466: DockerSuite.TestBuildAddSingleFileToRoot	3.981s
PASS: docker_cli_build_test.go:482: DockerSuite.TestBuildAddSingleFileToWorkdir	0.965s
PASS: docker_cli_build_test.go:2831: DockerSuite.TestBuildAddTar	12.983s
PASS: docker_cli_build_test.go:2949: DockerSuite.TestBuildAddTarXz	1.973s
PASS: docker_cli_build_test.go:2998: DockerSuite.TestBuildAddTarXzGz	1.970s
PASS: docker_cli_build_test.go:2245: DockerSuite.TestBuildAddToSymlinkDest	4.970s
PASS: docker_cli_build_test.go:767: DockerSuite.TestBuildAddWholeDirToRoot	7.970s
PASS: docker_cli_build_test.go:1440: DockerSuite.TestBuildBlankName	0.225s
PASS: docker_cli_build_test.go:4089: DockerSuite.TestBuildBuildTimeArg	3.244s
PASS: docker_cli_build_test.go:4461: DockerSuite.TestBuildBuildTimeArgBuiltinArg	2.929s
PASS: docker_cli_build_test.go:4183: DockerSuite.TestBuildBuildTimeArgCacheHit	1.559s
PASS: docker_cli_build_test.go:4207: DockerSuite.TestBuildBuildTimeArgCacheMissExtraArg	2.883s
PASS: docker_cli_build_test.go:4238: DockerSuite.TestBuildBuildTimeArgCacheMissSameArgDiffVal	1.977s
PASS: docker_cli_build_test.go:4484: DockerSuite.TestBuildBuildTimeArgDefaultOverride	4.477s
PASS: docker_cli_build_test.go:4623: DockerSuite.TestBuildBuildTimeArgDefinitionWithNoEnvInjection	1.435s
PASS: docker_cli_build_test.go:4607: DockerSuite.TestBuildBuildTimeArgEmptyValVariants	5.978s
PASS: docker_cli_build_test.go:4526: DockerSuite.TestBuildBuildTimeArgEnv	17.980s
PASS: docker_cli_build_test.go:4319: DockerSuite.TestBuildBuildTimeArgExpansion	14.042s
PASS: docker_cli_build_test.go:4409: DockerSuite.TestBuildBuildTimeArgExpansionOverride	5.434s
PASS: docker_cli_build_test.go:4122: DockerSuite.TestBuildBuildTimeArgHistory	0.460s
PASS: docker_cli_build_test.go:4263: DockerSuite.TestBuildBuildTimeArgOverrideArgDefinedBeforeEnv	2.470s
PASS: docker_cli_build_test.go:4292: DockerSuite.TestBuildBuildTimeArgOverrideEnvDefinedBeforeArg	3.950s
PASS: docker_cli_build_test.go:4586: DockerSuite.TestBuildBuildTimeArgQuotedValVariants	8.476s
PASS: docker_cli_build_test.go:4510: DockerSuite.TestBuildBuildTimeArgUnconsumedArg	1.971s
PASS: docker_cli_build_test.go:4437: DockerSuite.TestBuildBuildTimeArgUntrustedDefinedAfterUse	2.485s
PASS: docker_cli_build_test.go:371: DockerSuite.TestBuildCacheAdd	0.465s
PASS: docker_cli_build_test.go:4760: DockerSuite.TestBuildCacheBrokenSymlink	1.959s
PASS: docker_cli_build_test.go:5411: DockerSuite.TestBuildCacheFrom	8.007s
PASS: docker_cli_build_test.go:5389: DockerSuite.TestBuildCacheFromEqualDiffIDsLength	2.045s
PASS: docker_cli_build_test.go:4872: DockerSuite.TestBuildCacheRootSource	1.853s
PASS: docker_cli_build_unix_test.go:133: DockerSuite.TestBuildCancellationKillsSleep	0.481s
PASS: docker_api_build_test.go:408: DockerSuite.TestBuildChownOnCopy	7.366s
PASS: docker_cli_build_test.go:3574: DockerSuite.TestBuildChownSingleFile	2.985s
PASS: docker_cli_build_test.go:3137: DockerSuite.TestBuildCleanupCmdOnEntrypoint	3.005s
PASS: docker_cli_build_test.go:3156: DockerSuite.TestBuildClearCmd	1.972s
PASS: docker_cli_build_test.go:1577: DockerSuite.TestBuildCmd	0.977s
PASS: docker_cli_build_test.go:3240: DockerSuite.TestBuildCmdJSONNoShDashC	0.987s
PASS: docker_cli_build_test.go:3199: DockerSuite.TestBuildCmdShDashC	0.982s
SKIP: docker_cli_build_test.go:5339: DockerSuite.TestBuildCmdShellArgsEscaped (unmatched requirement DaemonIsWindows)
PASS: docker_cli_build_test.go:3214: DockerSuite.TestBuildCmdSpaces	3.975s
PASS: docker_cli_build_test.go:2645: DockerSuite.TestBuildCommentsShebangs	5.972s
PASS: docker_cli_build_test.go:1773: DockerSuite.TestBuildConditionalCache	2.090s
PASS: docker_cli_build_test.go:5600: DockerSuite.TestBuildContChar	2.876s
PASS: docker_cli_build_test.go:3973: DockerSuite.TestBuildContainerWithCgroupParent	0.985s
PASS: docker_cli_build_test.go:1512: DockerSuite.TestBuildContextCleanup	0.977s
PASS: docker_cli_build_test.go:1534: DockerSuite.TestBuildContextCleanupFailedBuild	0.475s
PASS: docker_cli_build_test.go:2045: DockerSuite.TestBuildContextTarGzip	1.493s
PASS: docker_cli_build_test.go:2049: DockerSuite.TestBuildContextTarNoCompression	0.987s
PASS: docker_cli_build_test.go:521: DockerSuite.TestBuildCopyAddMultipleFiles	13.991s
PASS: docker_api_build_test.go:438: DockerSuite.TestBuildCopyCacheOnFileChange	1.968s
PASS: docker_cli_build_test.go:1839: DockerSuite.TestBuildCopyDirButNotFile	0.358s
PASS: docker_cli_build_test.go:893: DockerSuite.TestBuildCopyDirContentToExistDir	3.617s
PASS: docker_cli_build_test.go:879: DockerSuite.TestBuildCopyDirContentToRoot	4.986s
PASS: docker_cli_build_test.go:6024: DockerSuite.TestBuildCopyFileDotWithWorkdir	2.982s
SKIP: docker_cli_build_test.go:606: DockerSuite.TestBuildCopyFileWithWhitespaceOnWindows (unmatched requirement DaemonIsWindows)
SKIP: docker_cli_build_test.go:5897: DockerSuite.TestBuildCopyFromForbidWindowsRelativePaths (unmatched requirement DaemonIsWindows)
SKIP: docker_cli_build_test.go:5880: DockerSuite.TestBuildCopyFromForbidWindowsSystemPaths (unmatched requirement DaemonIsWindows)
SKIP: docker_cli_build_test.go:5915: DockerSuite.TestBuildCopyFromWindowsIsCaseInsensitive (unmatched requirement DaemonIsWindows)
PASS: docker_cli_build_test.go:848: DockerSuite.TestBuildCopySingleFileToExistDir	4.888s
PASS: docker_cli_build_test.go:864: DockerSuite.TestBuildCopySingleFileToNonExistDir	5.988s
PASS: docker_cli_build_test.go:810: DockerSuite.TestBuildCopySingleFileToRoot	3.985s
PASS: docker_cli_build_test.go:826: DockerSuite.TestBuildCopySingleFileToWorkdir	0.979s
PASS: docker_cli_build_test.go:909: DockerSuite.TestBuildCopyWholeDirToRoot	6.981s
PASS: docker_cli_build_test.go:636: DockerSuite.TestBuildCopyWildcard	8.063s
PASS: docker_cli_build_test.go:696: DockerSuite.TestBuildCopyWildcardCache	0.960s
PASS: docker_cli_build_test.go:676: DockerSuite.TestBuildCopyWildcardInName	1.876s
PASS: docker_cli_build_test.go:5140: DockerSuite.TestBuildDeleteCommittedFile	3.982s
PASS: docker_cli_build_test.go:2068: DockerSuite.TestBuildDockerfileStdin	1.991s
PASS: docker_cli_build_test.go:2088: DockerSuite.TestBuildDockerfileStdinConflict	0.012s
PASS: docker_cli_build_test.go:2102: DockerSuite.TestBuildDockerfileStdinDockerignore	1.471s
PASS: docker_cli_build_test.go:2106: DockerSuite.TestBuildDockerfileStdinDockerignoreIgnored	0.970s
PASS: docker_cli_build_test.go:2098: DockerSuite.TestBuildDockerfileStdinNoExtraFiles	0.902s
PASS: docker_cli_build_test.go:2296: DockerSuite.TestBuildDockerignore	11.477s
PASS: docker_cli_build_test.go:2334: DockerSuite.TestBuildDockerignoreCleanPaths	1.988s
PASS: docker_cli_build_test.go:5150: DockerSuite.TestBuildDockerignoreComment	3.984s
PASS: docker_cli_build_test.go:2348: DockerSuite.TestBuildDockerignoreExceptions	12.972s
PASS: docker_cli_build_test.go:2445: DockerSuite.TestBuildDockerignoreTouchDockerfile	1.258s
PASS: docker_cli_build_test.go:2521: DockerSuite.TestBuildDockerignoringBadExclusion	0.012s
PASS: docker_cli_build_test.go:2393: DockerSuite.TestBuildDockerignoringDockerfile	5.671s
PASS: docker_cli_build_test.go:2432: DockerSuite.TestBuildDockerignoringDockerignore	2.983s
PASS: docker_cli_build_test.go:2504: DockerSuite.TestBuildDockerignoringOnlyDotfiles	2.980s
PASS: docker_cli_build_test.go:2411: DockerSuite.TestBuildDockerignoringRenamedDockerfile	7.973s
PASS: docker_cli_build_test.go:2487: DockerSuite.TestBuildDockerignoringWholeDir	2.972s
PASS: docker_cli_build_test.go:2560: DockerSuite.TestBuildDockerignoringWildDirs	2.968s
PASS: docker_cli_build_test.go:2538: DockerSuite.TestBuildDockerignoringWildTopDir	18.997s
PASS: docker_cli_build_test.go:3944: DockerSuite.TestBuildDotDotFile	0.076s
PASS: docker_cli_build_test.go:2634: DockerSuite.TestBuildEOLInLine	4.871s
PASS: docker_cli_build_test.go:3168: DockerSuite.TestBuildEmptyCmd	0.985s
PASS: docker_cli_build_test.go:1704: DockerSuite.TestBuildEmptyEntrypoint	0.987s
PASS: docker_cli_build_test.go:1681: DockerSuite.TestBuildEmptyEntrypointInheritance	1.982s
PASS: docker_cli_build_test.go:3936: DockerSuite.TestBuildEmptyScratch	0.077s
PASS: docker_cli_build_test.go:3961: DockerSuite.TestBuildEmptyStringVolume	0.873s
PASS: docker_cli_build_test.go:1718: DockerSuite.TestBuildEntrypoint	1.003s
PASS: docker_cli_build_test.go:3251: DockerSuite.TestBuildEntrypointCanBeOverriddenByChild	2.493s
PASS: docker_cli_build_test.go:3271: DockerSuite.TestBuildEntrypointCanBeOverriddenByChildInspect	1.957s
PASS: docker_cli_build_test.go:2170: DockerSuite.TestBuildEntrypointRunCleanup	3.468s
PASS: docker_cli_build_test.go:1469: DockerSuite.TestBuildEnv	2.988s
PASS: docker_cli_build_test.go:302: DockerSuite.TestBuildEnvEscapes	2.506s
PASS: docker_cli_build_test.go:319: DockerSuite.TestBuildEnvOverwrite	0.906s
PASS: docker_cli_build_test.go:2715: DockerSuite.TestBuildEnvUsage	16.508s
PASS: docker_cli_build_test.go:2746: DockerSuite.TestBuildEnvUsage2	46.984s
PASS: docker_cli_build_test.go:147: DockerSuite.TestBuildEnvironmentReplacementAddCopy	7.957s
PASS: docker_cli_build_test.go:171: DockerSuite.TestBuildEnvironmentReplacementEnv	18.992s
PASS: docker_cli_build_test.go:102: DockerSuite.TestBuildEnvironmentReplacementExpose	3.959s
PASS: docker_cli_build_test.go:60: DockerSuite.TestBuildEnvironmentReplacementUser	1.963s
PASS: docker_cli_build_test.go:77: DockerSuite.TestBuildEnvironmentReplacementVolume	1.966s
PASS: docker_cli_build_test.go:127: DockerSuite.TestBuildEnvironmentReplacementWorkdir	2.974s
SKIP: docker_cli_build_test.go:5317: DockerSuite.TestBuildEscapeNotBackslashWordTest (unmatched requirement DaemonIsWindows)
PASS: docker_cli_build_test.go:2263: DockerSuite.TestBuildEscapeWhitespace	0.929s
PASS: docker_cli_build_test.go:3302: DockerSuite.TestBuildExoticShellInterpolation	12.949s
PASS: docker_cli_build_test.go:1590: DockerSuite.TestBuildExpose	0.979s
PASS: docker_cli_build_test.go:1604: DockerSuite.TestBuildExposeMorePorts	1.025s
PASS: docker_cli_build_test.go:1653: DockerSuite.TestBuildExposeOrder	0.970s
PASS: docker_cli_build_test.go:1669: DockerSuite.TestBuildExposeUpperCaseProto	0.854s
PASS: docker_cli_build_test.go:2227: DockerSuite.TestBuildFails	0.565s
PASS: docker_cli_build_test.go:4897: DockerSuite.TestBuildFailsGitNotCallable	0.024s
PASS: docker_cli_build_test.go:4817: DockerSuite.TestBuildFollowSymlinkToDir	1.839s
PASS: docker_cli_build_test.go:4787: DockerSuite.TestBuildFollowSymlinkToFile	1.959s
PASS: docker_cli_build_test.go:1170: DockerSuite.TestBuildForceRm	1.935s
PASS: docker_cli_build_test.go:3051: DockerSuite.TestBuildFromGit	2.479s
PASS: docker_cli_build_test.go:3070: DockerSuite.TestBuildFromGitWithContext	0.974s
PASS: docker_cli_build_test.go:3089: DockerSuite.TestBuildFromGitWithF	0.969s
PASS: docker_cli_build_test.go:3701: DockerSuite.TestBuildFromMixedcaseDockerfile	1.979s
PASS: docker_cli_build_test.go:3777: DockerSuite.TestBuildFromOfficialNames	0.574s
PASS: docker_cli_build_test.go:3102: DockerSuite.TestBuildFromRemoteTarball	0.391s
PASS: docker_cli_build_test.go:3752: DockerSuite.TestBuildFromStdinWithF	2.960s
PASS: docker_cli_build_test.go:3725: DockerSuite.TestBuildFromURLWithF	2.975s
PASS: docker_cli_build_test.go:234: DockerSuite.TestBuildHandleEscapesInVolume	5.999s
PASS: docker_cli_history_test.go:16: DockerSuite.TestBuildHistory	25.964s
PASS: docker_cli_build_test.go:6157: DockerSuite.TestBuildIidFile	1.972s
PASS: docker_cli_build_test.go:6182: DockerSuite.TestBuildIidFileCleanupOnFail	0.484s
PASS: docker_cli_build_test.go:2206: DockerSuite.TestBuildInheritance	1.478s
PASS: docker_cli_build_test.go:5954: DockerSuite.TestBuildIntermediateTarget	0.253s
PASS: docker_cli_build_test.go:3191: DockerSuite.TestBuildInvalidTag	0.012s
PASS: docker_cli_build_test.go:34: DockerSuite.TestBuildJSONEmptyRun	0.685s
PASS: docker_cli_build_test.go:4923: DockerSuite.TestBuildLabel	1.955s
PASS: docker_cli_build_test.go:4954: DockerSuite.TestBuildLabelCacheCommit	0.980s
PASS: docker_cli_build_test.go:4975: DockerSuite.TestBuildLabelMultiple	1.975s
PASS: docker_cli_build_test.go:4940: DockerSuite.TestBuildLabelOneNode	0.984s
PASS: docker_cli_build_test.go:3373: DockerSuite.TestBuildLabels	1.983s
PASS: docker_cli_build_test.go:3385: DockerSuite.TestBuildLabelsCache	2.057s
PASS: docker_cli_build_test.go:5061: DockerSuite.TestBuildLabelsOverride	11.893s
PASS: docker_cli_build_test.go:391: DockerSuite.TestBuildLastModified	5.472s
PASS: docker_cli_build_test.go:2623: DockerSuite.TestBuildLineBreak	4.397s
PASS: docker_cli_build_test.go:6086: DockerSuite.TestBuildLineErrorOnBuild	0.074s
PASS: docker_cli_build_test.go:6097: DockerSuite.TestBuildLineErrorUnknownInstruction	0.070s
PASS: docker_cli_build_test.go:6128: DockerSuite.TestBuildLineErrorWithComments	0.074s
PASS: docker_cli_build_test.go:6111: DockerSuite.TestBuildLineErrorWithEmptyLines	0.075s
PASS: docker_cli_build_test.go:1267: DockerSuite.TestBuildMaintainer	0.639s
PASS: docker_cli_build_test.go:3891: DockerSuite.TestBuildMissingArgs	1.078s
PASS: docker_cli_build_test.go:444: DockerSuite.TestBuildModifyFileInFolder	2.894s
PASS: docker_cli_build_test.go:5934: DockerSuite.TestBuildMulitStageResetScratch	1.967s
PASS: docker_cli_build_test.go:4637: DockerSuite.TestBuildMultiStageArg	6.075s
PASS: docker_cli_build_test.go:5505: DockerSuite.TestBuildMultiStageCache	0.960s
PASS: docker_cli_build_test.go:5684: DockerSuite.TestBuildMultiStageCopyFromErrors	2.269s
PASS: docker_cli_build_test.go:5626: DockerSuite.TestBuildMultiStageCopyFromSyntax	15.640s
PASS: docker_cli_build_test.go:4661: DockerSuite.TestBuildMultiStageGlobalArg	4.866s
PASS: docker_cli_build_test.go:5764: DockerSuite.TestBuildMultiStageImplicitFrom	1.889s
PASS: docker_cli_build_test.go:5731: DockerSuite.TestBuildMultiStageMultipleBuilds	3.994s
SKIP: docker_cli_build_test.go:5846: DockerSuite.TestBuildMultiStageMultipleBuildsWindows (unmatched requirement DaemonIsWindows)
PASS: docker_cli_build_test.go:5821: DockerSuite.TestBuildMultiStageNameVariants	6.445s
PASS: docker_cli_build_test.go:4686: DockerSuite.TestBuildMultiStageUnusedArg	2.891s
PASS: docker_cli_build_test.go:4747: DockerSuite.TestBuildMultipleTags	0.491s
PASS: docker_cli_build_test.go:5541: DockerSuite.TestBuildNetContainer	1.459s
PASS: docker_cli_build_test.go:5529: DockerSuite.TestBuildNetNone	0.481s
PASS: docker_cli_build_test.go:2053: DockerSuite.TestBuildNoContext	1.243s
PASS: docker_cli_build_test.go:4001: DockerSuite.TestBuildNoDupOutput	1.480s
PASS: docker_cli_build_test.go:4706: DockerSuite.TestBuildNoNamedVolume	1.457s
PASS: docker_cli_build_test.go:3498: DockerSuite.TestBuildNotVerboseFailure	0.309s
PASS: docker_cli_build_test.go:3526: DockerSuite.TestBuildNotVerboseFailureRemote	0.109s
PASS: docker_cli_build_test.go:3477: DockerSuite.TestBuildNotVerboseFailureWithNonExistImage	2.472s
PASS: docker_cli_build_test.go:3426: DockerSuite.TestBuildNotVerboseSuccess	0.279s
PASS: docker_cli_build_test.go:4051: DockerSuite.TestBuildNullStringInAddCopyVolume	2.268s
PASS: docker_cli_build_test.go:2236: DockerSuite.TestBuildOnBuild	2.984s
PASS: docker_api_build_test.go:285: DockerSuite.TestBuildOnBuildCache	2.971s
PASS: docker_cli_build_test.go:337: DockerSuite.TestBuildOnBuildCmdEntrypointJSON	6.481s
PASS: docker_cli_build_test.go:354: DockerSuite.TestBuildOnBuildEntrypointJSON	2.990s
PASS: docker_cli_build_test.go:1733: DockerSuite.TestBuildOnBuildLimitedInheritance	3.507s
PASS: docker_cli_build_test.go:278: DockerSuite.TestBuildOnBuildLowercase	1.892s
PASS: docker_cli_build_test.go:3181: DockerSuite.TestBuildOnBuildOutput	2.984s
PASS: docker_api_build_test.go:260: DockerSuite.TestBuildOnBuildWithCopy	1.107s
PASS: docker_cli_build_test.go:5992: DockerSuite.TestBuildOpaqueDirectory	3.867s
PASS: docker_cli_build_test.go:1483: DockerSuite.TestBuildPATH	7.998s
PASS: docker_cli_build_test.go:4029: DockerSuite.TestBuildRUNErrMsg	0.587s
PASS: docker_cli_build_test.go:3951: DockerSuite.TestBuildRUNoneJSON	1.342s
PASS: docker_cli_build_test.go:1401: DockerSuite.TestBuildRelativeCopy	19.991s
PASS: docker_cli_build_test.go:1294: DockerSuite.TestBuildRelativeWorkdir	6.996s
PASS: docker_cli_build_unix_test.go:27: DockerSuite.TestBuildResourceConstraintsAreUsed	2.460s
PASS: docker_cli_build_test.go:1189: DockerSuite.TestBuildRm	3.453s
PASS: docker_cli_build_test.go:3295: DockerSuite.TestBuildRunShEntrypoint	1.477s
PASS: docker_cli_build_test.go:1751: DockerSuite.TestBuildSameDockerfileWithAndWithoutCache	5.451s
PASS: docker_api_build_test.go:520: DockerSuite.TestBuildScratchCopy	0.947s
PASS: docker_cli_build_test.go:6142: DockerSuite.TestBuildSetCommandWithDefinedShell	2.006s
PASS: docker_cli_build_test.go:41: DockerSuite.TestBuildShCmdJSONEntrypoint	2.446s
PASS: docker_cli_build_test.go:5264: DockerSuite.TestBuildShellEntrypoint	1.993s
PASS: docker_cli_build_test.go:5279: DockerSuite.TestBuildShellInherited	1.438s
PASS: docker_cli_build_test.go:5228: DockerSuite.TestBuildShellMultiple	6.496s
PASS: docker_cli_build_test.go:5292: DockerSuite.TestBuildShellNotJSON	0.091s
PASS: docker_cli_build_test.go:5211: DockerSuite.TestBuildShellUpdatesConfig	0.372s
SKIP: docker_cli_build_test.go:5305: DockerSuite.TestBuildShellWindowsPowershell (unmatched requirement DaemonIsWindows)
PASS: docker_cli_build_test.go:3795: DockerSuite.TestBuildSpaces	0.288s
PASS: docker_cli_build_test.go:3858: DockerSuite.TestBuildSpacesWithQuotes	0.715s
PASS: docker_cli_build_test.go:4018: DockerSuite.TestBuildStartsFromOne	0.086s
PASS: docker_cli_build_test.go:3556: DockerSuite.TestBuildStderr	0.822s
PASS: docker_cli_build_test.go:5360: DockerSuite.TestBuildStepsWithProgress	4.983s
PASS: docker_cli_build_test.go:4071: DockerSuite.TestBuildStopSignal	1.345s
PASS: docker_cli_build_test.go:4851: DockerSuite.TestBuildSymlinkBasename	0.883s
PASS: docker_cli_build_test.go:3598: DockerSuite.TestBuildSymlinkBreakout	1.494s
PASS: docker_cli_build_test.go:4723: DockerSuite.TestBuildTagEvent	1.000s
PASS: docker_cli_build_test.go:4143: DockerSuite.TestBuildTimeArgHistoryExclusions	3.092s
PASS: docker_cli_build_test.go:1280: DockerSuite.TestBuildUser	2.879s
PASS: docker_cli_build_test.go:554: DockerSuite.TestBuildUsernamespaceValidateRemappedRoot	5.994s
PASS: docker_cli_build_test.go:2659: DockerSuite.TestBuildUsersAndGroups	29.970s
PASS: docker_cli_build_test.go:3344: DockerSuite.TestBuildVerboseOut	0.976s
PASS: docker_cli_build_test.go:2281: DockerSuite.TestBuildVerifyIntString	0.997s
PASS: docker_cli_build_test.go:3327: DockerSuite.TestBuildVerifySingleQuoteFails	1.608s
PASS: docker_cli_build_test.go:3878: DockerSuite.TestBuildVolumeFileExistsinContainer	1.371s
PASS: docker_cli_build_test.go:3671: DockerSuite.TestBuildVolumesRetainContents	3.485s
SKIP: docker_cli_build_test.go:1347: DockerSuite.TestBuildWindowsAddCopyPathProcessing (unmatched requirement DaemonIsWindows)
SKIP: docker_cli_build_test.go:6037: DockerSuite.TestBuildWindowsEnvCaseInsensitive (unmatched requirement DaemonIsWindows)
SKIP: docker_cli_build_test.go:6007: DockerSuite.TestBuildWindowsUser (unmatched requirement DaemonIsWindows)
SKIP: docker_cli_build_test.go:1336: DockerSuite.TestBuildWindowsWorkdirProcessing (unmatched requirement DaemonIsWindows)
PASS: docker_cli_build_test.go:5557: DockerSuite.TestBuildWithExtraHost	2.354s
PASS: docker_cli_build_test.go:5573: DockerSuite.TestBuildWithExtraHostInvalidFormat	0.056s
PASS: docker_cli_build_test.go:5371: DockerSuite.TestBuildWithFailure	0.650s
PASS: docker_cli_build_test.go:1049: DockerSuite.TestBuildWithInaccessibleFilesInContext	0.513s
PASS: docker_cli_build_test.go:3358: DockerSuite.TestBuildWithTabs	0.726s
PASS: docker_cli_build_test.go:5184: DockerSuite.TestBuildWithUTF8BOM	0.085s
PASS: docker_cli_build_test.go:5194: DockerSuite.TestBuildWithUTF8BOMDockerignore	3.851s
PASS: docker_cli_build_test.go:2150: DockerSuite.TestBuildWithVolumeOwnership	2.495s
PASS: docker_cli_build_test.go:1232: DockerSuite.TestBuildWithVolumes	4.474s
PASS: docker_cli_build_test.go:6072: DockerSuite.TestBuildWorkdirCmd	1.035s
PASS: docker_cli_build_test.go:6051: DockerSuite.TestBuildWorkdirImageCmd	1.910s
SKIP: docker_cli_build_test.go:4912: DockerSuite.TestBuildWorkdirWindowsPath (unmatched requirement DaemonIsWindows)
PASS: docker_cli_build_test.go:1380: DockerSuite.TestBuildWorkdirWithEnvVariables	3.953s
PASS: docker_cli_build_test.go:3653: DockerSuite.TestBuildXZHost	3.964s
PASS: docker_cli_proxy_test.go:12: DockerSuite.TestCLIProxyDisableProxyUnixSock	0.023s
SKIP: docker_cli_sni_test.go:16: DockerSuite.TestClientSetsTLSServerName (Flakey test)
PASS: docker_cli_run_test.go:3683: DockerSuite.TestCmdCannotBeInvoked	0.436s
PASS: docker_cli_commit_test.go:12: DockerSuite.TestCommitAfterContainerIsDone	1.444s
PASS: docker_cli_commit_test.go:106: DockerSuite.TestCommitChange	1.072s
PASS: docker_cli_commit_test.go:156: DockerSuite.TestCommitChangeLabels	0.882s
PASS: docker_cli_commit_test.go:67: DockerSuite.TestCommitHardlink	1.447s
PASS: docker_cli_commit_test.go:56: DockerSuite.TestCommitNewFile	1.934s
PASS: docker_cli_commit_test.go:42: DockerSuite.TestCommitPausedContainer	0.493s
PASS: docker_cli_commit_test.go:87: DockerSuite.TestCommitTTY	1.180s
PASS: docker_cli_images_test.go:103: DockerSuite.TestCommitWithFilterLabel	1.451s
PASS: docker_cli_commit_test.go:96: DockerSuite.TestCommitWithHostBindMount	1.473s
PASS: docker_cli_commit_test.go:26: DockerSuite.TestCommitWithoutPause	1.430s
PASS: docker_cli_netmode_test.go:55: DockerSuite.TestConflictContainerNetworkAndLinks	0.014s
PASS: docker_cli_netmode_test.go:62: DockerSuite.TestConflictContainerNetworkHostAndLinks	0.014s
PASS: docker_cli_netmode_test.go:76: DockerSuite.TestConflictNetworkModeAndOptions	0.079s
PASS: docker_cli_netmode_test.go:69: DockerSuite.TestConflictNetworkModeNetHostAndOptions	0.015s
PASS: docker_api_containers_test.go:543: DockerSuite.TestContainerAPIBadPort	0.003s
PASS: docker_api_containers_test.go:1289: DockerSuite.TestContainerAPIChunkedEncoding	0.039s
PASS: docker_api_containers_test.go:489: DockerSuite.TestContainerAPICommit	1.258s
PASS: docker_api_containers_test.go:511: DockerSuite.TestContainerAPICommitWithLabelInConfig	1.978s
PASS: docker_api_containers_test.go:1155: DockerSuite.TestContainerAPICopyContainerNotFoundPr124	0.001s
PASS: docker_api_containers_test.go:1070: DockerSuite.TestContainerAPICopyNotExistsAnyMore	0.522s
PASS: docker_api_containers_test.go:1083: DockerSuite.TestContainerAPICopyPre124	0.566s
PASS: docker_api_containers_test.go:1113: DockerSuite.TestContainerAPICopyResourcePathEmptyPre124	0.526s
PASS: docker_api_containers_test.go:1134: DockerSuite.TestContainerAPICopyResourcePathNotFoundPre124	0.559s
PASS: docker_api_containers_test.go:570: DockerSuite.TestContainerAPICreate	0.480s
PASS: docker_api_containers_test.go:649: DockerSuite.TestContainerAPICreateBridgeNetworkMode	0.063s
PASS: docker_api_containers_test.go:587: DockerSuite.TestContainerAPICreateEmptyConfig	0.004s
PASS: docker_api_containers_test.go:1997: DockerSuite.TestContainerAPICreateMountsBindRead	0.513s
PASS: docker_api_containers_test.go:599: DockerSuite.TestContainerAPICreateMultipleNetworksConfig	0.003s
PASS: docker_api_containers_test.go:1409: DockerSuite.TestContainerAPICreateNoHostConfig118	0.050s
PASS: docker_api_containers_test.go:655: DockerSuite.TestContainerAPICreateOtherNetworkModes	0.084s
PASS: docker_api_containers_test.go:684: DockerSuite.TestContainerAPICreateWithCpuSharesCpuset	0.067s
PASS: docker_api_containers_test.go:626: DockerSuite.TestContainerAPICreateWithHostName	0.051s
PASS: docker_api_containers_test.go:1166: DockerSuite.TestContainerAPIDelete	0.549s
PASS: docker_api_containers_test.go:1239: DockerSuite.TestContainerAPIDeleteConflict	0.357s
PASS: docker_api_containers_test.go:1191: DockerSuite.TestContainerAPIDeleteForce	0.551s
PASS: docker_api_containers_test.go:1182: DockerSuite.TestContainerAPIDeleteNotExist	0.001s
PASS: docker_api_containers_test.go:1208: DockerSuite.TestContainerAPIDeleteRemoveLinks	0.830s
PASS: docker_api_containers_test.go:1254: DockerSuite.TestContainerAPIDeleteRemoveVolume	0.581s
PASS: docker_api_containers_test.go:1648: DockerSuite.TestContainerAPIDeleteWithEmptyName	0.001s
PASS: docker_api_containers_test.go:41: DockerSuite.TestContainerAPIGetAll	0.550s
PASS: docker_api_containers_test.go:167: DockerSuite.TestContainerAPIGetChanges	0.517s
PASS: docker_api_containers_test.go:140: DockerSuite.TestContainerAPIGetExport	0.517s
PASS: docker_api_containers_test.go:61: DockerSuite.TestContainerAPIGetJSONNoFieldsOmitted	0.551s
PASS: docker_api_containers_test.go:756: DockerSuite.TestContainerAPIInvalidPortSyntax	0.002s
PASS: docker_api_containers_test.go:957: DockerSuite.TestContainerAPIKill	0.534s
PASS: docker_api_containers_test.go:404: DockerSuite.TestContainerAPIPause	0.381s
PASS: docker_api_containers_test.go:1309: DockerSuite.TestContainerAPIPostContainerStop	0.580s
PASS: docker_api_containers_test.go:872: DockerSuite.TestContainerAPIPostCreateNull	0.083s
PASS: docker_api_containers_test.go:107: DockerSuite.TestContainerAPIPsOmitFields	0.334s
PASS: docker_api_containers_test.go:940: DockerSuite.TestContainerAPIRename	0.369s
PASS: docker_api_containers_test.go:972: DockerSuite.TestContainerAPIRestart	0.874s
PASS: docker_api_containers_test.go:986: DockerSuite.TestContainerAPIRestartNotimeoutParam	0.890s
PASS: docker_api_containers_test.go:854: DockerSuite.TestContainerAPIRestartPolicyDefaultRetryCount	0.047s
PASS: docker_api_containers_test.go:782: DockerSuite.TestContainerAPIRestartPolicyInvalidPolicyName	0.002s
PASS: docker_api_containers_test.go:830: DockerSuite.TestContainerAPIRestartPolicyNegativeRetryCount	0.002s
PASS: docker_api_containers_test.go:806: DockerSuite.TestContainerAPIRestartPolicyRetryMismatch	0.002s
PASS: docker_api_containers_test.go:1002: DockerSuite.TestContainerAPIStart	0.316s
PASS: docker_api_containers_test.go:1657: DockerSuite.TestContainerAPIStatsWithNetworkDisabled	4.384s
PASS: docker_api_containers_test.go:1028: DockerSuite.TestContainerAPIStop	0.544s
PASS: docker_api_containers_test.go:435: DockerSuite.TestContainerAPITop	0.397s
SKIP: docker_api_containers_test.go:458: DockerSuite.TestContainerAPITopWindows (unmatched requirement DaemonIsWindows)
PASS: docker_api_containers_test.go:715: DockerSuite.TestContainerAPIVerifyHeader	0.045s
PASS: docker_api_containers_test.go:1047: DockerSuite.TestContainerAPIWait	2.504s
PASS: docker_api_containers_test.go:2293: DockerSuite.TestContainerKillCustomStopSignal	0.556s
PASS: docker_cli_run_test.go:2410: DockerSuite.TestContainerNetworkMode	0.683s
PASS: docker_cli_run_test.go:3531: DockerSuite.TestContainerRestartInMultipleNetworks	2.419s
PASS: docker_cli_run_test.go:3563: DockerSuite.TestContainerWithConflictingHostNetworks	0.331s
PASS: docker_cli_run_test.go:3594: DockerSuite.TestContainerWithConflictingNoneNetwork	0.784s
PASS: docker_cli_run_test.go:3577: DockerSuite.TestContainerWithConflictingSharedNetwork	0.628s
PASS: docker_api_containers_test.go:2028: DockerSuite.TestContainersAPICreateMountsCreate	20.402s
PASS: docker_api_containers_test.go:2243: DockerSuite.TestContainersAPICreateMountsTmpfs	1.012s
PASS: docker_api_containers_test.go:1706: DockerSuite.TestContainersAPICreateMountsValidation	0.400s
PASS: docker_cli_run_test.go:3467: DockerSuite.TestContainersInMultipleNetworks	1.175s
PASS: docker_cli_run_test.go:3459: DockerSuite.TestContainersInUserDefinedNetwork	1.057s
PASS: docker_cli_run_test.go:3486: DockerSuite.TestContainersNetworkIsolation	1.391s
PASS: docker_cli_cp_test.go:582: DockerSuite.TestCopyAndRestart	1.031s
PASS: docker_cli_cp_test.go:603: DockerSuite.TestCopyCreatedContainer	0.095s
PASS: docker_cli_cp_test.go:128: DockerSuite.TestCpAbsolutePath	0.586s
PASS: docker_cli_cp_test.go:171: DockerSuite.TestCpAbsoluteSymlink	0.598s
PASS: docker_cli_cp_to_container_unix_test.go:41: DockerSuite.TestCpCheckDestOwnership	0.744s
PASS: docker_cli_cp_from_container_test.go:119: DockerSuite.TestCpFromCaseA	0.572s
PASS: docker_cli_cp_from_container_test.go:139: DockerSuite.TestCpFromCaseB	0.563s
PASS: docker_cli_cp_from_container_test.go:157: DockerSuite.TestCpFromCaseC	0.583s
PASS: docker_cli_cp_from_container_test.go:182: DockerSuite.TestCpFromCaseD	0.605s
PASS: docker_cli_cp_from_container_test.go:222: DockerSuite.TestCpFromCaseE	0.641s
PASS: docker_cli_cp_from_container_test.go:251: DockerSuite.TestCpFromCaseF	0.552s
PASS: docker_cli_cp_from_container_test.go:274: DockerSuite.TestCpFromCaseG	0.643s
PASS: docker_cli_cp_from_container_test.go:313: DockerSuite.TestCpFromCaseH	0.601s
PASS: docker_cli_cp_from_container_test.go:343: DockerSuite.TestCpFromCaseI	0.592s
PASS: docker_cli_cp_from_container_test.go:367: DockerSuite.TestCpFromCaseJ	0.597s
PASS: docker_cli_cp_from_container_test.go:24: DockerSuite.TestCpFromSymlinkDestination	0.825s
PASS: docker_cli_cp_test.go:209: DockerSuite.TestCpFromSymlinkToDirectory	0.648s
PASS: docker_cli_cp_test.go:38: DockerSuite.TestCpGarbagePath	0.573s
PASS: docker_cli_cp_test.go:29: DockerSuite.TestCpLocalOnly	0.013s
PASS: docker_cli_cp_test.go:562: DockerSuite.TestCpNameHasColon	0.568s
PASS: docker_cli_cp_test.go:80: DockerSuite.TestCpRelativePath	0.552s
PASS: docker_cli_cp_test.go:405: DockerSuite.TestCpSpecialFiles	0.692s
PASS: docker_cli_cp_test.go:337: DockerSuite.TestCpSymlinkComponent	0.574s
PASS: docker_cli_cp_test.go:616: DockerSuite.TestCpSymlinkFromConToHostFollowSymlink	0.723s
PASS: docker_cli_cp_to_container_test.go:123: DockerSuite.TestCpToCaseA	1.102s
PASS: docker_cli_cp_to_container_test.go:144: DockerSuite.TestCpToCaseB	0.571s
PASS: docker_cli_cp_to_container_test.go:165: DockerSuite.TestCpToCaseC	1.656s
PASS: docker_cli_cp_to_container_test.go:192: DockerSuite.TestCpToCaseD	3.355s
PASS: docker_cli_cp_to_container_test.go:238: DockerSuite.TestCpToCaseE	2.246s
PASS: docker_cli_cp_to_container_test.go:273: DockerSuite.TestCpToCaseF	0.564s
PASS: docker_cli_cp_to_container_test.go:296: DockerSuite.TestCpToCaseG	3.359s
PASS: docker_cli_cp_to_container_test.go:342: DockerSuite.TestCpToCaseH	2.253s
PASS: docker_cli_cp_to_container_test.go:378: DockerSuite.TestCpToCaseI	0.556s
PASS: docker_cli_cp_to_container_test.go:402: DockerSuite.TestCpToCaseJ	3.292s
PASS: docker_cli_cp_to_container_unix_test.go:17: DockerSuite.TestCpToContainerWithPermissions	5.645s
PASS: docker_cli_cp_test.go:521: DockerSuite.TestCpToDot	0.599s
PASS: docker_cli_cp_to_container_test.go:445: DockerSuite.TestCpToErrReadOnlyRootfs	1.090s
PASS: docker_cli_cp_to_container_test.go:472: DockerSuite.TestCpToErrReadOnlyVolume	1.215s
PASS: docker_cli_cp_test.go:543: DockerSuite.TestCpToStdout	0.593s
PASS: docker_cli_cp_to_container_test.go:22: DockerSuite.TestCpToSymlinkDestination	2.579s
PASS: docker_cli_cp_test.go:257: DockerSuite.TestCpToSymlinkToDirectory	0.262s
PASS: docker_cli_cp_test.go:381: DockerSuite.TestCpUnprivilegedUser	0.558s
PASS: docker_cli_cp_test.go:452: DockerSuite.TestCpVolumePath	1.061s
PASS: docker_cli_create_test.go:327: DockerSuite.TestCreate64ByteHexID	0.068s
PASS: docker_cli_create_test.go:21: DockerSuite.TestCreateArgs	0.074s
PASS: docker_cli_create_test.go:260: DockerSuite.TestCreateByImageID	1.552s
PASS: docker_cli_create_test.go:163: DockerSuite.TestCreateEchoStdout	0.491s
SKIP: docker_cli_create_test.go:59: DockerSuite.TestCreateGrowRootfs (unmatched requirement Devicemapper)
PASS: docker_cli_create_test.go:83: DockerSuite.TestCreateHostConfig	0.073s
PASS: docker_cli_create_test.go:222: DockerSuite.TestCreateHostnameWithNumber	0.487s
PASS: docker_cli_create_test.go:205: DockerSuite.TestCreateLabelFromImage	0.715s
PASS: docker_cli_create_test.go:192: DockerSuite.TestCreateLabels	0.068s
PASS: docker_cli_create_test.go:250: DockerSuite.TestCreateModeIpcContainer	0.117s
PASS: docker_cli_create_test.go:233: DockerSuite.TestCreateRM	0.163s
SKIP: docker_cli_create_test.go:73: DockerSuite.TestCreateShrinkRootfs (unmatched requirement Devicemapper)
PASS: docker_cli_create_test.go:293: DockerSuite.TestCreateStopSignal	0.073s
PASS: docker_cli_create_test.go:362: DockerSuite.TestCreateStopTimeout	0.131s
PASS: docker_cli_create_test.go:335: DockerSuite.TestCreateUnsetEntrypoint	3.709s
PASS: docker_cli_create_test.go:173: DockerSuite.TestCreateVolumesCreated	0.087s
PASS: docker_cli_create_test.go:316: DockerSuite.TestCreateWithInvalidLogOpts	0.030s
PASS: docker_cli_create_test.go:134: DockerSuite.TestCreateWithLargePortRange	2.707s
PASS: docker_cli_create_test.go:105: DockerSuite.TestCreateWithPortRange	0.068s
PASS: docker_api_containers_test.go:916: DockerSuite.TestCreateWithTooLowMemoryLimit	0.003s
PASS: docker_cli_create_test.go:302: DockerSuite.TestCreateWithWorkdir	0.067s
PASS: docker_deprecated_api_v124_test.go:70: DockerSuite.TestDeprecatedContainerAPIStartDupVolumeBinds	0.043s
PASS: docker_deprecated_api_v124_test.go:20: DockerSuite.TestDeprecatedContainerAPIStartHostConfig	0.058s
PASS: docker_deprecated_api_v124_test.go:39: DockerSuite.TestDeprecatedContainerAPIStartVolumeBinds	0.325s
PASS: docker_deprecated_api_v124_test.go:103: DockerSuite.TestDeprecatedContainerAPIStartVolumesFrom	0.894s
PASS: docker_deprecated_api_v124_test.go:136: DockerSuite.TestDeprecatedPostContainerBindNormalVolume	0.423s
PASS: docker_deprecated_api_v124_test.go:198: DockerSuite.TestDeprecatedPostContainersStartWithLinksInHostConfig	0.719s
PASS: docker_deprecated_api_v124_test.go:216: DockerSuite.TestDeprecatedPostContainersStartWithLinksInHostConfigIdLinked	1.089s
PASS: docker_deprecated_api_v124_test.go:181: DockerSuite.TestDeprecatedPostContainersStartWithoutLinksInHostConfig	0.366s
PASS: docker_deprecated_api_v124_test.go:235: DockerSuite.TestDeprecatedStartWithNilDNS	0.392s
PASS: docker_deprecated_api_v124_test.go:156: DockerSuite.TestDeprecatedStartWithTooLowMemoryLimit	0.077s
PASS: docker_cli_run_test.go:2995: DockerSuite.TestDevicePermissions	0.530s
PASS: docker_cli_run_test.go:3706: DockerSuite.TestDockerFails	0.013s
PASS: docker_cli_network_unix_test.go:449: DockerSuite.TestDockerInspectMultipleNetwork	0.019s
PASS: docker_cli_network_unix_test.go:459: DockerSuite.TestDockerInspectMultipleNetworksIncludingNonexistent	0.036s
PASS: docker_cli_network_unix_test.go:498: DockerSuite.TestDockerInspectNetworkWithContainerName	0.778s
PASS: docker_cli_network_unix_test.go:1622: DockerSuite.TestDockerNetworkConnectFailsNoInspectChange	0.566s
PASS: docker_cli_network_unix_test.go:403: DockerSuite.TestDockerNetworkDeleteMultiple	0.738s
PASS: docker_cli_network_unix_test.go:398: DockerSuite.TestDockerNetworkDeleteNotExists	0.014s
PASS: docker_cli_network_unix_test.go:427: DockerSuite.TestDockerNetworkInspect	0.023s
PASS: docker_cli_network_unix_test.go:438: DockerSuite.TestDockerNetworkInspectWithID	0.080s
PASS: docker_cli_network_unix_test.go:1637: DockerSuite.TestDockerNetworkInternalMode	5.040s
PASS: docker_cli_volume_test.go:490: DockerSuite.TestDuplicateMountpointsForVolumesFrom	2.067s
PASS: docker_cli_volume_test.go:532: DockerSuite.TestDuplicateMountpointsForVolumesFromAndBind	1.963s
PASS: docker_cli_volume_test.go:576: DockerSuite.TestDuplicateMountpointsForVolumesFromAndMounts	1.528s
PASS: docker_cli_network_unix_test.go:1614: DockerSuite.TestEmbeddedDNSInvalidInput	1.604s
PASS: docker_cli_events_test.go:479: DockerSuite.TestEventsAttach	0.602s
PASS: docker_cli_events_test.go:410: DockerSuite.TestEventsCommit	1.276s
PASS: docker_cli_events_test.go:84: DockerSuite.TestEventsContainerEvents	0.551s
PASS: docker_cli_events_test.go:103: DockerSuite.TestEventsContainerEventsAttrSort	0.557s
PASS: docker_cli_events_test.go:126: DockerSuite.TestEventsContainerEventsSinceUnixEpoch	0.569s
PASS: docker_cli_events_unix_test.go:143: DockerSuite.TestEventsContainerFilterBeforeCreate	1.353s
PASS: docker_cli_events_unix_test.go:129: DockerSuite.TestEventsContainerFilterByName	0.732s
PASS: docker_cli_events_test.go:659: DockerSuite.TestEventsContainerRestart	2.373s
PASS: docker_cli_events_unix_test.go:223: DockerSuite.TestEventsContainerWithMultiNetwork	1.826s
PASS: docker_cli_events_test.go:427: DockerSuite.TestEventsCopy	1.161s
PASS: docker_cli_events_test.go:372: DockerSuite.TestEventsFilterContainer	1.149s
PASS: docker_cli_events_test.go:649: DockerSuite.TestEventsFilterImageInContainerAction	0.380s
PASS: docker_cli_events_test.go:342: DockerSuite.TestEventsFilterImageLabels	1.109s
PASS: docker_cli_events_test.go:287: DockerSuite.TestEventsFilterImageName	0.725s
PASS: docker_cli_events_test.go:316: DockerSuite.TestEventsFilterLabels	0.764s
PASS: docker_cli_events_unix_test.go:377: DockerSuite.TestEventsFilterNetworkID	0.066s
PASS: docker_cli_events_test.go:565: DockerSuite.TestEventsFilterType	1.009s
PASS: docker_cli_events_unix_test.go:344: DockerSuite.TestEventsFilterVolumeAndNetworkType	0.075s
PASS: docker_cli_events_unix_test.go:363: DockerSuite.TestEventsFilterVolumeID	0.027s
PASS: docker_cli_events_test.go:271: DockerSuite.TestEventsFilters	1.072s
PASS: docker_cli_events_test.go:728: DockerSuite.TestEventsFormat	1.092s
PASS: docker_cli_events_test.go:761: DockerSuite.TestEventsFormatBadField	0.012s
PASS: docker_cli_events_test.go:751: DockerSuite.TestEventsFormatBadFunc	0.011s
PASS: docker_cli_events_test.go:183: DockerSuite.TestEventsImageImport	0.517s
PASS: docker_cli_events_test.go:207: DockerSuite.TestEventsImageLoad	0.230s
PASS: docker_cli_events_test.go:164: DockerSuite.TestEventsImagePull	2.307s
PASS: docker_cli_events_test.go:146: DockerSuite.TestEventsImageTag	1.031s
PASS: docker_cli_events_unix_test.go:305: DockerSuite.TestEventsImageUntagDelete	0.343s
SKIP: docker_cli_events_unix_test.go:51: DockerSuite.TestEventsOOMDisableFalse (unmatched requirement swapMemorySupport)
SKIP: docker_cli_events_unix_test.go:81: DockerSuite.TestEventsOOMDisableTrue (unmatched requirement swapMemorySupport)
PASS: docker_cli_events_test.go:246: DockerSuite.TestEventsPluginOps	4.429s
PASS: docker_cli_events_unix_test.go:24: DockerSuite.TestEventsRedirectStdout	0.492s
PASS: docker_cli_events_test.go:517: DockerSuite.TestEventsRename	0.536s
PASS: docker_cli_events_test.go:456: DockerSuite.TestEventsResize	0.561s
PASS: docker_cli_events_test.go:699: DockerSuite.TestEventsSinceInTheFuture	0.380s
PASS: docker_cli_events_test.go:619: DockerSuite.TestEventsSpecialFiltersWithExecCreate	0.501s
PASS: docker_cli_events_unix_test.go:251: DockerSuite.TestEventsStreaming	0.541s
PASS: docker_cli_events_test.go:26: DockerSuite.TestEventsTimestampFormats	2.750s
PASS: docker_cli_events_test.go:528: DockerSuite.TestEventsTop	0.608s
PASS: docker_cli_events_test.go:61: DockerSuite.TestEventsUntag	2.576s
PASS: docker_cli_events_test.go:711: DockerSuite.TestEventsUntilInThePast	0.953s
PASS: docker_cli_exec_test.go:28: DockerSuite.TestExec	0.471s
PASS: docker_api_exec_test.go:66: DockerSuite.TestExecAPICreateContainerPaused	0.387s
PASS: docker_api_exec_test.go:25: DockerSuite.TestExecAPICreateNoCmd	0.376s
PASS: docker_api_exec_test.go:43: DockerSuite.TestExecAPICreateNoValidContentType	0.360s
PASS: docker_api_exec_test.go:87: DockerSuite.TestExecAPIStart	1.082s
PASS: docker_api_exec_test.go:124: DockerSuite.TestExecAPIStartBackwardsCompatible	0.392s
PASS: docker_api_exec_test.go:114: DockerSuite.TestExecAPIStartEnsureHeaders	0.438s
PASS: docker_api_exec_test.go:196: DockerSuite.TestExecAPIStartInvalidCommand	0.435s
PASS: docker_api_exec_test.go:139: DockerSuite.TestExecAPIStartMultipleTimesError	0.445s

----------------------------------------------------------------------
FAIL: docker_api_exec_test.go:180: DockerSuite.TestExecAPIStartValidCommand

docker_api_exec_test.go:192:
    c.Assert(inspectJSON.ExecIDs, checker.IsNil)
... value []string = []string{"8b9789f97e614da2392d067a4fb53c68171bbf7beffc4f5a98a7efa609ae6c90"}


----------------------------------------------------------------------
PASS: docker_api_exec_test.go:149: DockerSuite.TestExecAPIStartWithDetach	0.406s
PASS: docker_cli_exec_test.go:75: DockerSuite.TestExecAfterContainerRestart	1.015s
PASS: docker_cli_exec_test.go:256: DockerSuite.TestExecCgroup	0.995s
PASS: docker_cli_exec_test.go:108: DockerSuite.TestExecEnv	0.457s
PASS: docker_cli_exec_test.go:537: DockerSuite.TestExecEnvLinksHost	0.791s
PASS: docker_cli_exec_test.go:134: DockerSuite.TestExecExitStatus	0.454s
PASS: docker_cli_exec_test.go:309: DockerSuite.TestExecInspectID	2.684s
PASS: docker_cli_exec_test.go:39: DockerSuite.TestExecInteractive	0.438s
PASS: docker_cli_exec_unix_test.go:18: DockerSuite.TestExecInteractiveStdinClose	0.453s
PASS: docker_cli_exec_test.go:493: DockerSuite.TestExecOnReadonlyContainer	0.448s
PASS: docker_cli_exec_test.go:214: DockerSuite.TestExecParseError	0.359s
PASS: docker_cli_exec_test.go:141: DockerSuite.TestExecPausedContainer	0.382s
PASS: docker_api_exec_resize_test.go:18: DockerSuite.TestExecResizeAPIHeightWidthNoInt	0.350s
PASS: docker_api_exec_resize_test.go:34: DockerSuite.TestExecResizeImmediatelyAfterExecStart	1.226s
PASS: docker_cli_exec_test.go:123: DockerSuite.TestExecSetEnv	0.446s
PASS: docker_cli_exec_test.go:513: DockerSuite.TestExecStartFails	0.460s
PASS: docker_api_exec_test.go:214: DockerSuite.TestExecStateCleanup	10.820s
PASS: docker_cli_exec_test.go:228: DockerSuite.TestExecStopNotHanging	0.581s
PASS: docker_cli_exec_unix_test.go:47: DockerSuite.TestExecTTY	0.434s
PASS: docker_cli_exec_test.go:156: DockerSuite.TestExecTTYCloseStdin	0.500s
PASS: docker_cli_exec_test.go:177: DockerSuite.TestExecTTYWithoutStdin	0.369s
PASS: docker_cli_exec_test.go:501: DockerSuite.TestExecUlimits	0.437s
SKIP: docker_cli_exec_test.go:546: DockerSuite.TestExecWindowsOpenHandles (unmatched requirement DaemonIsWindows)
SKIP: docker_cli_exec_test.go:527: DockerSuite.TestExecWindowsPathNotWiped (unmatched requirement DaemonIsWindows)
PASS: docker_cli_exec_test.go:480: DockerSuite.TestExecWithImageUser	2.362s
PASS: docker_cli_exec_unix_test.go:89: DockerSuite.TestExecWithNoTERM	0.455s
PASS: docker_cli_exec_test.go:449: DockerSuite.TestExecWithPrivileged	0.728s
PASS: docker_cli_exec_unix_test.go:77: DockerSuite.TestExecWithTERM	0.461s
PASS: docker_cli_exec_test.go:436: DockerSuite.TestExecWithUser	0.528s
PASS: docker_api_containers_test.go:190: DockerSuite.TestGetContainerStats	4.573s
PASS: docker_api_containers_test.go:338: DockerSuite.TestGetContainerStatsNoStream	4.552s
PASS: docker_api_containers_test.go:230: DockerSuite.TestGetContainerStatsRmRunning	1.945s
PASS: docker_api_containers_test.go:297: DockerSuite.TestGetContainerStatsStream	4.560s
PASS: docker_api_attach_test.go:25: DockerSuite.TestGetContainersAttachWebsocket	0.337s
PASS: docker_api_attach_test.go:89: DockerSuite.TestGetContainersWsAttachContainerNotFound	0.001s
PASS: docker_api_containers_test.go:378: DockerSuite.TestGetStoppedContainerStats	0.061s
PASS: docker_cli_health_test.go:39: DockerSuite.TestHealth	22.960s
PASS: docker_cli_history_test.go:58: DockerSuite.TestHistoryExistentImage	0.013s
PASS: docker_cli_history_test.go:86: DockerSuite.TestHistoryHumanOptionFalse	0.013s
PASS: docker_cli_history_test.go:104: DockerSuite.TestHistoryHumanOptionTrue	0.012s
PASS: docker_cli_history_test.go:67: DockerSuite.TestHistoryImageWithComment	0.901s
PASS: docker_cli_history_test.go:62: DockerSuite.TestHistoryNonExistentImage	0.013s
PASS: docker_cli_images_test.go:225: DockerSuite.TestImagesEnsureDanglingImageOnlyListedOnce	0.986s
PASS: docker_cli_images_test.go:20: DockerSuite.TestImagesEnsureImageIsListed	0.015s
PASS: docker_cli_images_test.go:44: DockerSuite.TestImagesEnsureImageWithBadTagIsNotListed	0.014s
PASS: docker_cli_images_test.go:25: DockerSuite.TestImagesEnsureImageWithTagIsListed	0.078s
PASS: docker_cli_images_test.go:299: DockerSuite.TestImagesEnsureImagesFromBusyboxShown	0.818s
PASS: docker_cli_images_test.go:282: DockerSuite.TestImagesEnsureImagesFromScratchShown	0.982s
PASS: docker_cli_images_test.go:259: DockerSuite.TestImagesEnsureOnlyHeadsImagesShown	1.998s
PASS: docker_cli_images_test.go:69: DockerSuite.TestImagesErrorWithInvalidFilterNameTest	0.013s
PASS: docker_cli_images_test.go:75: DockerSuite.TestImagesFilterLabelMatch	2.979s
PASS: docker_cli_images_test.go:314: DockerSuite.TestImagesFilterNameWithPort	0.061s
PASS: docker_cli_images_test.go:115: DockerSuite.TestImagesFilterSinceAndBefore	2.984s
PASS: docker_cli_images_test.go:185: DockerSuite.TestImagesFilterSpaceTrimCase	0.634s
PASS: docker_cli_images_test.go:327: DockerSuite.TestImagesFormat	0.050s
PASS: docker_cli_images_test.go:343: DockerSuite.TestImagesFormatDefaultFormat	1.137s
PASS: docker_cli_images_test.go:49: DockerSuite.TestImagesOrderedByCreationDate	5.010s
PASS: docker_cli_images_test.go:253: DockerSuite.TestImagesWithIncorrectFilter	0.013s
PASS: docker_cli_import_test.go:36: DockerSuite.TestImportBadURL	0.103s
PASS: docker_cli_import_test.go:18: DockerSuite.TestImportDisplay	1.145s
PASS: docker_cli_import_test.go:47: DockerSuite.TestImportFile	1.189s
PASS: docker_cli_import_test.go:122: DockerSuite.TestImportFileNonExistentFile	0.015s
PASS: docker_cli_import_test.go:91: DockerSuite.TestImportFileWithMessage	1.311s
PASS: docker_cli_import_test.go:68: DockerSuite.TestImportGzipped	1.250s
PASS: docker_cli_import_test.go:127: DockerSuite.TestImportWithQuotedChanges	1.154s
PASS: docker_cli_info_test.go:177: DockerSuite.TestInfoDebug	0.531s
PASS: docker_cli_info_test.go:106: DockerSuite.TestInfoDiscoveryAdvertiseInterfaceName	0.906s
PASS: docker_cli_info_test.go:72: DockerSuite.TestInfoDiscoveryBackend	0.532s
PASS: docker_cli_info_test.go:89: DockerSuite.TestInfoDiscoveryInvalidAdvertise	0.093s
PASS: docker_cli_info_test.go:143: DockerSuite.TestInfoDisplaysPausedContainers	0.409s
PASS: docker_cli_info_test.go:130: DockerSuite.TestInfoDisplaysRunningContainers	0.381s
PASS: docker_cli_info_test.go:160: DockerSuite.TestInfoDisplaysStoppedContainers	0.590s
PASS: docker_cli_info_test.go:16: DockerSuite.TestInfoEnsureSucceeds	0.020s
PASS: docker_cli_info_test.go:60: DockerSuite.TestInfoFormat	0.041s
PASS: docker_cli_info_unix_test.go:10: DockerSuite.TestInfoSecurityOptions	0.019s
PASS: docker_cli_info_test.go:195: DockerSuite.TestInsecureRegistries	0.531s
PASS: docker_api_inspect_test.go:147: DockerSuite.TestInspectAPIBridgeNetworkSettings120	0.379s
PASS: docker_api_inspect_test.go:164: DockerSuite.TestInspectAPIBridgeNetworkSettings121	0.342s
PASS: docker_api_inspect_test.go:17: DockerSuite.TestInspectAPIContainerResponse	0.336s
PASS: docker_api_inspect_test.go:84: DockerSuite.TestInspectAPIContainerVolumeDriver	0.348s
PASS: docker_api_inspect_test.go:61: DockerSuite.TestInspectAPIContainerVolumeDriverLegacy	0.345s
PASS: docker_api_inspect_test.go:123: DockerSuite.TestInspectAPIEmptyFieldsInConfigPre121	0.345s
PASS: docker_api_inspect_test.go:108: DockerSuite.TestInspectAPIImageResponse	0.029s
PASS: docker_cli_network_unix_test.go:1035: DockerSuite.TestInspectAPIMultipleNetworks	0.621s
PASS: docker_cli_inspect_test.go:413: DockerSuite.TestInspectAmpersand	0.523s
PASS: docker_cli_inspect_test.go:206: DockerSuite.TestInspectBindMountPoint	0.374s
PASS: docker_cli_inspect_test.go:341: DockerSuite.TestInspectByPrefix	0.045s
PASS: docker_cli_inspect_test.go:141: DockerSuite.TestInspectContainerFilterInt	0.363s
SKIP: docker_cli_inspect_test.go:181: DockerSuite.TestInspectContainerGraphDriver (unmatched requirement Devicemapper)
PASS: docker_cli_inspect_test.go:391: DockerSuite.TestInspectContainerNetworkCustom	0.449s
PASS: docker_cli_inspect_test.go:379: DockerSuite.TestInspectContainerNetworkDefault	0.377s
PASS: docker_cli_inspect_test.go:44: DockerSuite.TestInspectDefault	0.373s
PASS: docker_cli_inspect_test.go:371: DockerSuite.TestInspectHistory	0.996s
PASS: docker_cli_inspect_test.go:24: DockerSuite.TestInspectImage	0.014s
PASS: docker_cli_inspect_test.go:125: DockerSuite.TestInspectImageFilterInt	0.024s
SKIP: docker_cli_inspect_test.go:163: DockerSuite.TestInspectImageGraphDriver (unmatched requirement Devicemapper)
PASS: docker_cli_inspect_test.go:38: DockerSuite.TestInspectInt64	0.371s
PASS: docker_cli_inspect_test.go:333: DockerSuite.TestInspectJSONFields	0.356s
PASS: docker_cli_inspect_test.go:283: DockerSuite.TestInspectLogConfigNoType	0.074s
PASS: docker_cli_inspect_test.go:238: DockerSuite.TestInspectNamedMountPoint	0.372s
PASS: docker_cli_inspect_test.go:296: DockerSuite.TestInspectNoSizeFlagContainer	0.351s
PASS: docker_cli_inspect_test.go:423: DockerSuite.TestInspectPlugin	4.309s
PASS: docker_cli_inspect_test.go:402: DockerSuite.TestInspectRootFS	0.013s
PASS: docker_cli_inspect_test.go:308: DockerSuite.TestInspectSizeFlagContainer	0.371s
PASS: docker_cli_inspect_test.go:55: DockerSuite.TestInspectStatus	0.639s
PASS: docker_cli_inspect_test.go:352: DockerSuite.TestInspectStopWhenNotFound	0.746s
PASS: docker_cli_inspect_test.go:319: DockerSuite.TestInspectTemplateError	0.381s
PASS: docker_cli_inspect_test.go:262: DockerSuite.TestInspectTimesAsRFC3339Nano	0.525s
PASS: docker_cli_inspect_test.go:80: DockerSuite.TestInspectTypeFlagContainer	0.353s
PASS: docker_cli_inspect_test.go:102: DockerSuite.TestInspectTypeFlagWithImage	0.346s
PASS: docker_cli_inspect_test.go:113: DockerSuite.TestInspectTypeFlagWithInvalidValue	0.360s
PASS: docker_cli_inspect_test.go:90: DockerSuite.TestInspectTypeFlagWithNoContainer	0.351s
PASS: docker_cli_inspect_test.go:454: DockerSuite.TestInspectUnknownObject	0.029s
PASS: docker_cli_run_unix_test.go:1157: DockerSuite.TestLegacyRunNoNewPrivSetuid	6.427s
PASS: docker_cli_links_test.go:200: DockerSuite.TestLinkShortDefinition	0.749s
PASS: docker_cli_links_test.go:191: DockerSuite.TestLinksEnvs	0.864s
PASS: docker_cli_links_test.go:227: DockerSuite.TestLinksEtcHostsRegularFile	0.322s
PASS: docker_cli_links_test.go:140: DockerSuite.TestLinksHostsFilesInject	0.875s
PASS: docker_cli_links_test.go:93: DockerSuite.TestLinksInspectLinksStarted	1.045s
PASS: docker_cli_links_test.go:112: DockerSuite.TestLinksInspectLinksStopped	1.080s
PASS: docker_cli_links_test.go:24: DockerSuite.TestLinksInvalidContainerTarget	0.066s
PASS: docker_cli_links_test.go:234: DockerSuite.TestLinksMultipleWithSameName	1.261s
PASS: docker_cli_links_test.go:216: DockerSuite.TestLinksNetworkHostContainer	0.305s
PASS: docker_cli_links_test.go:132: DockerSuite.TestLinksNotStartedParentNotFail	0.412s
PASS: docker_cli_links_test.go:36: DockerSuite.TestLinksPingLinkedContainers	8.090s
PASS: docker_cli_links_test.go:80: DockerSuite.TestLinksPingLinkedContainersAfterRename	1.616s
PASS: docker_cli_exec_test.go:379: DockerSuite.TestLinksPingLinkedContainersOnRename	0.896s
PASS: docker_cli_links_test.go:15: DockerSuite.TestLinksPingUnlinkedContainers	0.593s
PASS: docker_cli_links_test.go:158: DockerSuite.TestLinksUpdateOnRestart	1.452s
PASS: docker_cli_save_load_unix_test.go:91: DockerSuite.TestLoadNoStdinFail	0.013s
PASS: docker_cli_save_load_test.go:332: DockerSuite.TestLoadZeroSizeLayer	0.332s
PASS: docker_cli_login_test.go:11: DockerSuite.TestLoginWithoutTTY	0.020s
PASS: docker_api_logs_test.go:87: DockerSuite.TestLogsAPIContainerNotFound	0.001s
PASS: docker_api_logs_test.go:72: DockerSuite.TestLogsAPIFollowEmptyOutput	0.333s
PASS: docker_api_logs_test.go:59: DockerSuite.TestLogsAPINoStdoutNorStderr	0.355s
PASS: docker_api_logs_test.go:151: DockerSuite.TestLogsAPIUntil	3.592s
PASS: docker_api_logs_test.go:189: DockerSuite.TestLogsAPIUntilDefaultValue	3.570s
PASS: docker_api_logs_test.go:94: DockerSuite.TestLogsAPIUntilFutureFollow	4.487s
PASS: docker_api_logs_test.go:23: DockerSuite.TestLogsAPIWithStdout	0.348s
PASS: docker_cli_logs_test.go:318: DockerSuite.TestLogsCLIContainerNotFound	0.016s
PASS: docker_cli_logs_test.go:24: DockerSuite.TestLogsContainerBiggerThanPage	0.801s
PASS: docker_cli_logs_test.go:29: DockerSuite.TestLogsContainerMuchBiggerThanPage	0.787s
PASS: docker_cli_logs_test.go:19: DockerSuite.TestLogsContainerSmallerThanPage	0.875s
PASS: docker_cli_logs_test.go:300: DockerSuite.TestLogsFollowGoroutinesNoOutput	0.560s
PASS: docker_cli_logs_test.go:272: DockerSuite.TestLogsFollowGoroutinesWithStdout	0.593s
PASS: docker_cli_logs_test.go:214: DockerSuite.TestLogsFollowSlowStdoutConsumer	2.153s
PASS: docker_cli_logs_test.go:124: DockerSuite.TestLogsFollowStopped	0.540s
PASS: docker_cli_logs_test.go:66: DockerSuite.TestLogsSeparateStderr	0.526s
PASS: docker_cli_logs_test.go:145: DockerSuite.TestLogsSince	6.574s
PASS: docker_cli_logs_test.go:180: DockerSuite.TestLogsSinceFutureFollow	5.416s
PASS: docker_cli_logs_test.go:77: DockerSuite.TestLogsStderrInStdout	0.547s
PASS: docker_cli_logs_test.go:92: DockerSuite.TestLogsTail	0.672s
PASS: docker_cli_logs_test.go:41: DockerSuite.TestLogsTimestamps	0.554s
PASS: docker_cli_logs_test.go:325: DockerSuite.TestLogsWithDetails	0.528s
PASS: docker_cli_run_test.go:2909: DockerSuite.TestMountIntoProc	0.271s
PASS: docker_cli_run_test.go:2918: DockerSuite.TestMountIntoSys	0.530s
PASS: docker_cli_netmode_test.go:33: DockerSuite.TestNetHostname	1.606s
PASS: docker_cli_netmode_test.go:26: DockerSuite.TestNetHostnameWithNetHost	0.329s
PASS: docker_cli_events_unix_test.go:196: DockerSuite.TestNetworkEvents	0.713s
PASS: docker_cli_run_test.go:3513: DockerSuite.TestNetworkRmWithActiveContainers	1.072s
PASS: docker_cli_run_test.go:2695: DockerSuite.TestPermissionsPtsReadonlyRootfs	0.523s
PASS: docker_cli_plugins_test.go:76: DockerSuite.TestPluginActive	4.520s
PASS: docker_cli_plugins_test.go:99: DockerSuite.TestPluginActiveNetwork	9.609s
SKIP: docker_cli_plugins_test.go:344: DockerSuite.TestPluginInspectOnWindows (unmatched requirement DaemonIsWindows)
PASS: docker_cli_plugins_test.go:150: DockerSuite.TestPluginInstallDisableVolumeLs	3.470s
PASS: docker_cli_plugins_logdriver_test.go:12: DockerSuite.TestPluginLogDriver	5.028s
PASS: docker_cli_plugins_logdriver_test.go:32: DockerSuite.TestPluginLogDriverInfoList	3.942s
PASS: docker_cli_plugins_test.go:474: DockerSuite.TestPluginMetricsCollector	4.785s
PASS: docker_cli_plugins_test.go:442: DockerSuite.TestPluginUpgrade	9.148s
PASS: docker_cli_port_test.go:329: DockerSuite.TestPortBindingOnSandbox	1.318s
PASS: docker_cli_port_test.go:307: DockerSuite.TestPortExposeHostBinding	1.145s
PASS: docker_cli_port_test.go:285: DockerSuite.TestPortHostBinding	1.169s
PASS: docker_cli_port_test.go:15: DockerSuite.TestPortList	6.873s
PASS: docker_api_containers_test.go:1325: DockerSuite.TestPostContainerAPICreateWithStringOrSliceEntrypoint	0.997s
PASS: docker_api_attach_test.go:99: DockerSuite.TestPostContainersAttach	5.412s
PASS: docker_api_attach_test.go:78: DockerSuite.TestPostContainersAttachContainerNotFound	0.001s
PASS: docker_api_containers_test.go:1589: DockerSuite.TestPostContainersCreateMemorySwappinessHostConfigOmitted	0.043s
PASS: docker_api_containers_test.go:1503: DockerSuite.TestPostContainersCreateShmSizeHostConfigOmitted	0.501s
PASS: docker_api_containers_test.go:1485: DockerSuite.TestPostContainersCreateShmSizeNegative	0.003s
PASS: docker_api_containers_test.go:1531: DockerSuite.TestPostContainersCreateShmSizeOmitted	0.518s
PASS: docker_api_containers_test.go:1614: DockerSuite.TestPostContainersCreateWithOomScoreAdjInvalidRange	0.005s
PASS: docker_api_containers_test.go:1558: DockerSuite.TestPostContainersCreateWithShmSize	0.515s
PASS: docker_api_containers_test.go:1380: DockerSuite.TestPostContainersCreateWithStringOrSliceCapAddDrop	0.084s
PASS: docker_api_containers_test.go:1353: DockerSuite.TestPostContainersCreateWithStringOrSliceCmd	1.008s
PASS: docker_api_containers_test.go:1452: DockerSuite.TestPostContainersCreateWithWrongCpusetValues	0.005s
PASS: docker_cli_prune_unix_test.go:133: DockerSuite.TestPruneContainerLabel	2.686s
PASS: docker_cli_prune_unix_test.go:113: DockerSuite.TestPruneContainerUntil	1.086s
PASS: docker_cli_prune_unix_test.go:249: DockerSuite.TestPruneNetworkLabel	0.333s
PASS: docker_cli_prune_unix_test.go:191: DockerSuite.TestPruneVolumeLabel	0.145s
PASS: docker_cli_ps_test.go:794: DockerSuite.TestPsByOrder	1.412s
PASS: docker_cli_ps_test.go:547: DockerSuite.TestPsImageIDAfterUpdate	0.943s
PASS: docker_cli_ps_test.go:19: DockerSuite.TestPsListContainersBase	1.683s
PASS: docker_cli_ps_test.go:306: DockerSuite.TestPsListContainersFilterAncestorImage	5.256s
PASS: docker_cli_ps_test.go:516: DockerSuite.TestPsListContainersFilterCreated	0.103s
PASS: docker_cli_ps_test.go:437: DockerSuite.TestPsListContainersFilterExited	2.458s
PASS: docker_cli_ps_test.go:227: DockerSuite.TestPsListContainersFilterHealth	5.992s
PASS: docker_cli_ps_test.go:270: DockerSuite.TestPsListContainersFilterID	0.940s
PASS: docker_cli_ps_test.go:401: DockerSuite.TestPsListContainersFilterLabel	1.622s
PASS: docker_cli_ps_test.go:284: DockerSuite.TestPsListContainersFilterName	0.866s
PASS: docker_cli_ps_test.go:714: DockerSuite.TestPsListContainersFilterNetwork	0.757s
PASS: docker_cli_ps_test.go:813: DockerSuite.TestPsListContainersFilterPorts	0.811s
PASS: docker_cli_ps_test.go:180: DockerSuite.TestPsListContainersFilterStatus	1.335s
PASS: docker_cli_ps_test.go:140: DockerSuite.TestPsListContainersSize	1.165s
PASS: docker_cli_ps_test.go:849: DockerSuite.TestPsNotShowLinknamesOfDeletedContainer	0.191s
PASS: docker_cli_ps_test.go:596: DockerSuite.TestPsNotShowPortsOfStoppedContainer	0.597s
PASS: docker_cli_ps_test.go:470: DockerSuite.TestPsRightTagName	1.074s
PASS: docker_cli_ps_test.go:614: DockerSuite.TestPsShowMounts	1.175s
PASS: docker_cli_run_test.go:3144: DockerSuite.TestPtraceContainerProcsFromHost	0.362s
SKIP: docker_cli_pull_test.go:263: DockerSuite.TestPullLinuxImageFailsOnWindows (unmatched requirement DaemonIsWindows)
PASS: docker_cli_pull_test.go:270: DockerSuite.TestPullWindowsImageFailsOnLinux	1.783s
PASS: docker_cli_push_test.go:291: DockerSuite.TestPushToCentralRegistryUnauthorized	1.318s
PASS: docker_cli_push_test.go:38: DockerSuite.TestPushUnprefixedRepo	1.068s
PASS: docker_api_containers_test.go:1425: DockerSuite.TestPutContainerArchiveErrSymlinkInVolumeToReadOnlyRootfs	0.615s
PASS: docker_cli_restart_test.go:297: DockerSuite.TestRestartAutoRemoveContainer	1.125s
PASS: docker_cli_restart_test.go:166: DockerSuite.TestRestartContainerSuccess	0.892s
PASS: docker_cli_restart_test.go:151: DockerSuite.TestRestartContainerwithGoodContainer	0.535s
PASS: docker_cli_restart_test.go:266: DockerSuite.TestRestartContainerwithRestartPolicy	5.448s
PASS: docker_cli_restart_test.go:78: DockerSuite.TestRestartDisconnectedContainer	0.894s
PASS: docker_cli_restart_test.go:236: DockerSuite.TestRestartPolicyAfterRestart	1.454s
PASS: docker_cli_restart_test.go:103: DockerSuite.TestRestartPolicyAlways	0.083s
PASS: docker_cli_restart_test.go:95: DockerSuite.TestRestartPolicyNO	0.073s
PASS: docker_cli_restart_test.go:116: DockerSuite.TestRestartPolicyOnFailure	0.268s
PASS: docker_cli_restart_test.go:30: DockerSuite.TestRestartRunningContainer	1.950s
PASS: docker_cli_restart_test.go:13: DockerSuite.TestRestartStoppedContainer	1.028s
PASS: docker_cli_restart_test.go:192: DockerSuite.TestRestartWithPolicyUserDefinedNetwork	1.858s
PASS: docker_cli_restart_test.go:53: DockerSuite.TestRestartWithVolumes	0.946s
PASS: docker_cli_rmi_test.go:217: DockerSuite.TestRmiBlank	0.012s
PASS: docker_cli_rmi_test.go:327: DockerSuite.TestRmiByIDHardConflict	0.104s
PASS: docker_cli_rmi_test.go:227: DockerSuite.TestRmiContainerImageNotFound	4.950s
PASS: docker_cli_rmi_test.go:171: DockerSuite.TestRmiForceWithExistingContainers	1.363s
PASS: docker_cli_rmi_test.go:199: DockerSuite.TestRmiForceWithMultipleRepositories	0.542s
PASS: docker_cli_rmi_test.go:144: DockerSuite.TestRmiImageIDForceWithRunningContainersAndMultipleTags	1.321s
PASS: docker_cli_rmi_test.go:106: DockerSuite.TestRmiImgIDForce	1.535s
PASS: docker_cli_rmi_test.go:65: DockerSuite.TestRmiImgIDMultipleTag	1.438s
PASS: docker_cli_rmi_test.go:297: DockerSuite.TestRmiParentImageFail	1.339s
PASS: docker_cli_rmi_test.go:37: DockerSuite.TestRmiTag	0.179s
PASS: docker_cli_rmi_test.go:159: DockerSuite.TestRmiTagWithExistingContainers	0.535s
PASS: docker_cli_rmi_test.go:253: DockerSuite.TestRmiUntagHistoryLayer	4.241s
PASS: docker_cli_rmi_test.go:16: DockerSuite.TestRmiWithContainerFails	0.369s
PASS: docker_cli_rmi_test.go:185: DockerSuite.TestRmiWithMultipleRepositories	1.244s
PASS: docker_cli_rmi_test.go:310: DockerSuite.TestRmiWithParentInUse	1.960s
PASS: docker_cli_run_test.go:4522: DockerSuite.TestRunAddDeviceCgroupRule	1.034s
PASS: docker_cli_run_test.go:1580: DockerSuite.TestRunAddHost	0.530s
PASS: docker_cli_run_test.go:4039: DockerSuite.TestRunAddHostInHostMode	0.329s
PASS: docker_cli_run_test.go:1172: DockerSuite.TestRunAddingOptionalDevices	0.511s
PASS: docker_cli_run_test.go:1190: DockerSuite.TestRunAddingOptionalDevicesInvalidMode	0.013s
PASS: docker_cli_run_test.go:1181: DockerSuite.TestRunAddingOptionalDevicesNoSrc	0.518s
PASS: docker_cli_run_test.go:2061: DockerSuite.TestRunAllocatePortInReservedRange	0.746s
PASS: docker_cli_run_test.go:1231: DockerSuite.TestRunAllowBindMountingRoot	0.509s
PASS: docker_cli_run_test.go:2266: DockerSuite.TestRunAllowPortRangeThroughExpose	0.385s
PASS: docker_cli_run_test.go:2624: DockerSuite.TestRunAllowPortRangeThroughPublish	0.387s
PASS: docker_cli_run_unix_test.go:1329: DockerSuite.TestRunApparmorProcDirectory	0.982s
PASS: docker_cli_run_test.go:573: DockerSuite.TestRunApplyVolumesFromBeforeVolumes	1.026s
PASS: docker_cli_run_unix_test.go:97: DockerSuite.TestRunAttachDetach	0.496s
PASS: docker_cli_run_unix_test.go:242: DockerSuite.TestRunAttachDetachFromConfig	0.518s
PASS: docker_cli_run_unix_test.go:148: DockerSuite.TestRunAttachDetachFromFlag	0.496s
PASS: docker_cli_run_unix_test.go:209: DockerSuite.TestRunAttachDetachFromInvalidFlag	0.366s
PASS: docker_cli_run_unix_test.go:325: DockerSuite.TestRunAttachDetachKeysOverrideConfig	0.498s
PASS: docker_cli_run_test.go:3920: DockerSuite.TestRunAttachFailedNoLeak	0.715s
PASS: docker_cli_run_unix_test.go:407: DockerSuite.TestRunAttachInvalidDetachKeySequencePreserved	0.682s
PASS: docker_cli_run_test.go:1592: DockerSuite.TestRunAttachStdErrOnlyTTYMode	0.514s
PASS: docker_cli_run_test.go:1608: DockerSuite.TestRunAttachStdOutAndErrTTYMode	0.476s
PASS: docker_cli_run_test.go:1600: DockerSuite.TestRunAttachStdOutOnlyTTYMode	0.523s
PASS: docker_cli_run_test.go:1617: DockerSuite.TestRunAttachWithDetach	0.013s
PASS: docker_cli_run_test.go:1882: DockerSuite.TestRunBindMounts	1.595s
PASS: docker_cli_run_test.go:1053: DockerSuite.TestRunCapAddALLCanDownInterface	0.513s
PASS: docker_cli_run_test.go:1063: DockerSuite.TestRunCapAddALLDropNetAdminCanDownInterface	0.538s
PASS: docker_cli_run_test.go:3008: DockerSuite.TestRunCapAddCHOWN	0.524s
PASS: docker_cli_run_test.go:1043: DockerSuite.TestRunCapAddCanDownInterface	0.515s
PASS: docker_cli_run_test.go:1034: DockerSuite.TestRunCapAddInvalid	0.129s
PASS: docker_cli_run_test.go:3194: DockerSuite.TestRunCapAddSYSTIME	0.522s
PASS: docker_cli_run_test.go:1024: DockerSuite.TestRunCapDropALLAddMknodCanMknod	0.509s
PASS: docker_cli_run_test.go:1012: DockerSuite.TestRunCapDropALLCannotMknod	0.516s
PASS: docker_cli_run_test.go:986: DockerSuite.TestRunCapDropCannotMknod	0.510s
PASS: docker_cli_run_test.go:999: DockerSuite.TestRunCapDropCannotMknodLowerCase	0.511s
PASS: docker_cli_run_test.go:977: DockerSuite.TestRunCapDropInvalid	0.122s
PASS: docker_cli_run_test.go:1964: DockerSuite.TestRunCidFileCheckIDLength	0.352s
PASS: docker_cli_run_test.go:1933: DockerSuite.TestRunCidFileCleanupIfEmpty	0.027s
PASS: docker_cli_run_test.go:1695: DockerSuite.TestRunCleanupCmdOnEntrypoint	2.394s
PASS: docker_cli_run_test.go:3336: DockerSuite.TestRunContainerNetModeWithDNSMacHosts	0.377s
PASS: docker_cli_run_test.go:3360: DockerSuite.TestRunContainerNetModeWithExposePort	0.377s
PASS: docker_cli_run_test.go:922: DockerSuite.TestRunContainerNetwork	0.503s
PASS: docker_cli_run_test.go:3327: DockerSuite.TestRunContainerNetworkModeToSelf	0.069s
PASS: docker_cli_run_test.go:3311: DockerSuite.TestRunContainerWithCgroupMountRO	0.525s
PASS: docker_cli_run_test.go:3237: DockerSuite.TestRunContainerWithCgroupParent	1.053s
PASS: docker_cli_run_test.go:2734: DockerSuite.TestRunContainerWithReadonlyEtcHostsAndLinkedContainer	0.859s
PASS: docker_cli_run_test.go:2683: DockerSuite.TestRunContainerWithReadonlyRootfs	1.002s
PASS: docker_cli_run_test.go:2756: DockerSuite.TestRunContainerWithReadonlyRootfsWithAddHostFlag	0.515s
PASS: docker_cli_run_test.go:2746: DockerSuite.TestRunContainerWithReadonlyRootfsWithDNSFlag	0.512s
PASS: docker_cli_run_test.go:2793: DockerSuite.TestRunContainerWithRmFlagCannotStartContainer	0.493s
PASS: docker_cli_run_test.go:2779: DockerSuite.TestRunContainerWithRmFlagExitCodeNotEqualToZero	0.544s
PASS: docker_cli_run_test.go:2679: DockerSuite.TestRunContainerWithWritableRootfs	0.532s
PASS: docker_cli_run_test.go:1680: DockerSuite.TestRunCopyVolumeContent	1.821s
PASS: docker_cli_run_test.go:1662: DockerSuite.TestRunCopyVolumeUIDGID	3.999s
PASS: docker_cli_run_test.go:3202: DockerSuite.TestRunCreateContainerFailedCleanUp	0.081s
PASS: docker_cli_run_test.go:612: DockerSuite.TestRunCreateVolume	0.486s
PASS: docker_cli_run_test.go:2153: DockerSuite.TestRunCreateVolumeEtc	1.530s
PASS: docker_cli_run_test.go:622: DockerSuite.TestRunCreateVolumeWithSymlink	1.781s
PASS: docker_cli_run_test.go:378: DockerSuite.TestRunCreateVolumesInSymlinkDir	2.919s
PASS: docker_cli_run_test.go:422: DockerSuite.TestRunCreateVolumesInSymlinkDir2	2.945s
SKIP: docker_cli_run_test.go:4146: DockerSuite.TestRunCredentialSpecFailures (unmatched requirement DaemonIsWindows)
SKIP: docker_cli_run_test.go:4166: DockerSuite.TestRunCredentialSpecWellFormed (unmatched requirement DaemonIsWindows)
PASS: docker_cli_run_test.go:1254: DockerSuite.TestRunDNSDefaultOptions	0.486s
PASS: docker_cli_run_test.go:4004: DockerSuite.TestRunDNSInHostMode	1.627s
PASS: docker_cli_run_test.go:1288: DockerSuite.TestRunDNSOptions	1.001s
PASS: docker_cli_run_test.go:1322: DockerSuite.TestRunDNSOptionsBasedOnHostResolvConf	1.543s
PASS: docker_cli_run_test.go:1312: DockerSuite.TestRunDNSRepeatOptions	0.521s
PASS: docker_cli_run_test.go:2026: DockerSuite.TestRunDeallocatePortOnMissingIptablesRule	0.937s
PASS: docker_cli_run_test.go:121: DockerSuite.TestRunDetachedContainerIDPrinting	0.557s
SKIP: docker_cli_run_unix_test.go:83: DockerSuite.TestRunDeviceDirectory (Host does not have /dev/snd)
PASS: docker_cli_run_test.go:1141: DockerSuite.TestRunDeviceNumbers	0.518s
PASS: docker_cli_run_unix_test.go:1357: DockerSuite.TestRunDeviceSymlink	1.142s
PASS: docker_cli_run_test.go:1240: DockerSuite.TestRunDisallowBindMountingRootToRoot	0.061s
PASS: docker_cli_run_test.go:4173: DockerSuite.TestRunDuplicateMount	0.535s
PASS: docker_cli_run_test.go:51: DockerSuite.TestRunEchoNamedContainer	0.510s
PASS: docker_cli_run_test.go:43: DockerSuite.TestRunEchoStdout	0.527s
PASS: docker_cli_run_unix_test.go:538: DockerSuite.TestRunEchoStdoutWithCPUSharesAndMemoryLimit	0.532s
PASS: docker_cli_run_test.go:4259: DockerSuite.TestRunEmptyEnv	0.037s
PASS: docker_cli_run_test.go:1871: DockerSuite.TestRunEntrypoint	0.511s
PASS: docker_cli_run_test.go:817: DockerSuite.TestRunEnvironment	0.522s
PASS: docker_cli_run_test.go:856: DockerSuite.TestRunEnvironmentErase	0.503s
PASS: docker_cli_run_test.go:889: DockerSuite.TestRunEnvironmentOverride	0.509s
PASS: docker_cli_run_test.go:699: DockerSuite.TestRunExitCode	0.522s
PASS: docker_cli_run_test.go:90: DockerSuite.TestRunExitCodeOne	0.521s
PASS: docker_cli_run_test.go:85: DockerSuite.TestRunExitCodeZero	0.500s
PASS: docker_cli_run_test.go:1734: DockerSuite.TestRunExitOnStdinClose	0.542s
PASS: docker_cli_run_test.go:2289: DockerSuite.TestRunExposePort	0.017s
PASS: docker_cli_run_test.go:948: DockerSuite.TestRunFullHostnameSet	0.488s
PASS: docker_cli_run_test.go:1075: DockerSuite.TestRunGroupAdd	0.494s
PASS: docker_cli_run_test.go:4501: DockerSuite.TestRunHostnameFQDN	1.034s
PASS: docker_cli_run_test.go:4514: DockerSuite.TestRunHostnameInHostMode	0.318s
SKIP: docker_cli_run_test.go:4242: DockerSuite.TestRunHypervIsolationWithCPUCountCPUSharesAndCPUPercent (unmatched requirement DaemonIsWindows)
PASS: docker_cli_run_test.go:3726: DockerSuite.TestRunInitLayerPathOwnership	4.080s
PASS: docker_cli_run_test.go:2004: DockerSuite.TestRunInspectMacAddress	0.359s
PASS: docker_cli_run_test.go:1791: DockerSuite.TestRunInteractiveWithRestartPolicy	11.046s
PASS: docker_cli_run_unix_test.go:767: DockerSuite.TestRunInvalidCPUShares	0.650s
PASS: docker_cli_run_test.go:3272: DockerSuite.TestRunInvalidCgroupParent	1.051s
PASS: docker_cli_run_unix_test.go:729: DockerSuite.TestRunInvalidCpusetCpusFlagValue	0.015s
PASS: docker_cli_run_unix_test.go:748: DockerSuite.TestRunInvalidCpusetMemsFlagValue	0.014s
PASS: docker_cli_run_test.go:3714: DockerSuite.TestRunInvalidReference	0.012s
PASS: docker_cli_run_test.go:60: DockerSuite.TestRunLeakyFileDescriptors	0.520s
PASS: docker_cli_run_test.go:3381: DockerSuite.TestRunLinkToContainerNetMode	1.530s
PASS: docker_cli_run_test.go:193: DockerSuite.TestRunLinksContainerWithContainerID	0.876s
PASS: docker_cli_run_test.go:178: DockerSuite.TestRunLinksContainerWithContainerName	0.906s
PASS: docker_cli_run_test.go:72: DockerSuite.TestRunLookupGoogleDNS	0.894s
PASS: docker_cli_run_test.go:3391: DockerSuite.TestRunLoopbackOnlyExistsWhenNetworkingDisabled	0.406s
PASS: docker_cli_run_test.go:3417: DockerSuite.TestRunLoopbackWhenNetworkDisabled	0.405s
PASS: docker_cli_run_test.go:1199: DockerSuite.TestRunModeHostname	0.870s
PASS: docker_cli_run_test.go:2317: DockerSuite.TestRunModeIpcContainerNotExists	0.017s
PASS: docker_cli_run_test.go:2326: DockerSuite.TestRunModeIpcContainerNotRunning	0.176s
PASS: docker_cli_run_test.go:2295: DockerSuite.TestRunModeIpcHost	0.987s
PASS: docker_cli_run_test.go:3425: DockerSuite.TestRunModeNetContainerHostname	0.772s
PASS: docker_cli_run_test.go:2339: DockerSuite.TestRunModePIDContainer	0.901s
PASS: docker_cli_run_test.go:2364: DockerSuite.TestRunModePIDContainerNotExists	0.015s
PASS: docker_cli_run_test.go:2373: DockerSuite.TestRunModePIDContainerNotRunning	0.178s
PASS: docker_cli_run_test.go:2431: DockerSuite.TestRunModePIDHost	1.132s
PASS: docker_cli_run_test.go:2453: DockerSuite.TestRunModeUTSHost	1.036s
PASS: docker_cli_run_test.go:4321: DockerSuite.TestRunMount	5.082s
PASS: docker_cli_run_test.go:2082: DockerSuite.TestRunMountOrdering	0.520s
PASS: docker_cli_run_test.go:4309: DockerSuite.TestRunMountReadOnlyDevShm	0.504s
PASS: docker_cli_run_test.go:2386: DockerSuite.TestRunMountShmMqueueFromHost	0.839s
PASS: docker_cli_run_test.go:582: DockerSuite.TestRunMultipleVolumesFrom	1.546s
PASS: docker_cli_exec_test.go:395: DockerSuite.TestRunMutableNetworkFiles	2.161s
PASS: docker_cli_run_test.go:3214: DockerSuite.TestRunNamedVolume	1.515s
PASS: docker_cli_run_test.go:3858: DockerSuite.TestRunNamedVolumeCopyImageData	2.284s
PASS: docker_cli_run_test.go:3872: DockerSuite.TestRunNamedVolumeNotRemoved	1.127s
PASS: docker_cli_run_test.go:3889: DockerSuite.TestRunNamedVolumesFromNotRemoved	1.209s
PASS: docker_cli_run_test.go:3851: DockerSuite.TestRunNamedVolumesMountedAsShared	0.061s
PASS: docker_cli_run_test.go:2606: DockerSuite.TestRunNetContainerWhichHost	0.549s
PASS: docker_cli_run_test.go:2575: DockerSuite.TestRunNetHost	0.858s
PASS: docker_cli_run_test.go:931: DockerSuite.TestRunNetHostNotAllowedWithLinks	0.532s
PASS: docker_cli_run_test.go:2597: DockerSuite.TestRunNetHostTwiceSameName	0.709s
PASS: docker_cli_run_test.go:3069: DockerSuite.TestRunNetworkFilesBindMount	1.537s
PASS: docker_cli_run_test.go:3093: DockerSuite.TestRunNetworkFilesBindMountRO	1.559s
PASS: docker_cli_run_test.go:3115: DockerSuite.TestRunNetworkFilesBindMountROFilesystem	3.100s
PASS: docker_cli_run_test.go:3438: DockerSuite.TestRunNetworkNotInitializedNoneMode	0.313s
PASS: docker_cli_run_test.go:521: DockerSuite.TestRunNoDupVolumes	0.165s
PASS: docker_cli_run_unix_test.go:1144: DockerSuite.TestRunNoNewPrivSetuid	1.669s
PASS: docker_cli_run_test.go:2194: DockerSuite.TestRunNoOutputFromPullInStdout	1.013s
PASS: docker_cli_run_test.go:3663: DockerSuite.TestRunNonExecutableCmd	0.467s
PASS: docker_cli_run_test.go:3672: DockerSuite.TestRunNonExistingCmd	0.453s
PASS: docker_cli_run_test.go:3697: DockerSuite.TestRunNonExistingImage	1.093s
PASS: docker_cli_run_test.go:2558: DockerSuite.TestRunNonLocalMacAddress	0.483s
PASS: docker_cli_run_test.go:1404: DockerSuite.TestRunNonRootUserResolvName	0.877s
SKIP: docker_cli_run_unix_test.go:617: DockerSuite.TestRunOOMExitCode (unmatched requirement swapMemorySupport)
PASS: docker_cli_run_test.go:2806: DockerSuite.TestRunPIDHostWithChildIsKillable	0.530s
PASS: docker_cli_run_unix_test.go:1406: DockerSuite.TestRunPIDsLimit	0.530s
PASS: docker_cli_run_test.go:2494: DockerSuite.TestRunPortFromDockerRangeInUse	0.745s
PASS: docker_cli_run_test.go:2042: DockerSuite.TestRunPortInUse	0.473s
PASS: docker_cli_run_unix_test.go:1417: DockerSuite.TestRunPrivilegedAllowedDevices	0.467s
PASS: docker_cli_run_test.go:957: DockerSuite.TestRunPrivilegedCanMknod	0.463s
PASS: docker_cli_run_test.go:1086: DockerSuite.TestRunPrivilegedCanMount	0.455s
PASS: docker_cli_run_test.go:1125: DockerSuite.TestRunProcNotWritableInNonPrivilegedContainers	0.524s
PASS: docker_cli_run_test.go:1133: DockerSuite.TestRunProcWritableInPrivilegedContainers	0.470s
SKIP: docker_cli_run_test.go:4224: DockerSuite.TestRunProcessIsolationWithCPUCountCPUSharesAndCPUPercent (unmatched requirement DaemonIsWindows)
PASS: docker_cli_run_test.go:2983: DockerSuite.TestRunPublishPort	0.376s
PASS: docker_cli_run_test.go:2886: DockerSuite.TestRunReadFilteredProc	0.470s
SKIP: docker_cli_run_test.go:2865: DockerSuite.TestRunReadProcLatency (kernel doesn't have latency_stats configured)
PASS: docker_cli_run_test.go:2850: DockerSuite.TestRunReadProcTimer	0.509s
PASS: docker_cli_run_unix_test.go:34: DockerSuite.TestRunRedirectStdout	1.039s
SKIP: docker_cli_run_test.go:1426: DockerSuite.TestRunResolvconfUpdate (Unstable test, to be re-activated once #19937 is resolved)
PASS: docker_cli_run_test.go:2656: DockerSuite.TestRunRestartMaxRetries	2.372s
PASS: docker_cli_run_test.go:2127: DockerSuite.TestRunReuseBindVolumeThatIsSymlink	0.998s
PASS: docker_cli_run_test.go:4057: DockerSuite.TestRunRm	0.567s
PASS: docker_cli_run_test.go:4047: DockerSuite.TestRunRmAndWait	3.518s
PASS: docker_cli_run_test.go:4068: DockerSuite.TestRunRmPre125Api	0.561s
PASS: docker_cli_run_test.go:1220: DockerSuite.TestRunRootWorkdir	0.514s
PASS: docker_cli_run_unix_test.go:1050: DockerSuite.TestRunSeccompAllowPrivCloneUserns	3.962s
PASS: docker_cli_run_unix_test.go:1070: DockerSuite.TestRunSeccompAllowSetrlimit	1.558s
PASS: docker_cli_run_unix_test.go:1077: DockerSuite.TestRunSeccompDefaultProfileAcct	18.319s
PASS: docker_cli_run_unix_test.go:1107: DockerSuite.TestRunSeccompDefaultProfileNS	21.795s
PASS: docker_cli_run_unix_test.go:1062: DockerSuite.TestRunSeccompProfileAllow32Bit	1.579s
PASS: docker_cli_run_unix_test.go:952: DockerSuite.TestRunSeccompProfileDenyChmod	0.490s
PASS: docker_cli_run_unix_test.go:1025: DockerSuite.TestRunSeccompProfileDenyCloneUserns	1.545s
PASS: docker_cli_run_unix_test.go:923: DockerSuite.TestRunSeccompProfileDenyUnshare	1.552s
PASS: docker_cli_run_unix_test.go:987: DockerSuite.TestRunSeccompProfileDenyUnshareUserns	1.492s
PASS: docker_cli_run_unix_test.go:1037: DockerSuite.TestRunSeccompUnconfinedCloneUserns	1.476s
PASS: docker_cli_run_unix_test.go:1348: DockerSuite.TestRunSeccompWithDefaultProfile	1.514s
PASS: docker_cli_run_test.go:2648: DockerSuite.TestRunSetDefaultRestartPolicy	0.344s
PASS: docker_cli_run_test.go:1988: DockerSuite.TestRunSetMacAddress	0.549s
PASS: docker_cli_run_test.go:2238: DockerSuite.TestRunSlowStdoutConsumer	2.440s
PASS: docker_cli_run_test.go:1625: DockerSuite.TestRunState	0.939s
PASS: docker_cli_run_test.go:3617: DockerSuite.TestRunStdinBlockedAfterContainerExit	0.519s
PASS: docker_cli_run_test.go:97: DockerSuite.TestRunStdinPipe	0.578s
PASS: docker_cli_run_test.go:4132: DockerSuite.TestRunStoppedLoggingDriverNoLeak	0.169s
SKIP: docker_cli_run_unix_test.go:719: DockerSuite.TestRunSwapLessThanMemoryLimit (unmatched requirement swapMemorySupport)
PASS: docker_cli_run_test.go:1109: DockerSuite.TestRunSysNotWritableInNonPrivilegedContainers	0.493s
PASS: docker_cli_run_test.go:1117: DockerSuite.TestRunSysWritableInPrivilegedContainers	0.484s
PASS: docker_cli_run_unix_test.go:892: DockerSuite.TestRunSysctls	1.044s
PASS: docker_cli_run_test.go:2478: DockerSuite.TestRunTLSVerify	0.038s
PASS: docker_cli_run_test.go:2526: DockerSuite.TestRunTTYWithPipe	0.011s
PASS: docker_cli_run_test.go:1157: DockerSuite.TestRunThatCharacterDevicesActLikeCharacterDevices	0.522s
PASS: docker_cli_run_unix_test.go:819: DockerSuite.TestRunTmpfsMounts	1.766s
PASS: docker_cli_run_unix_test.go:811: DockerSuite.TestRunTmpfsMountsEnsureOrdered	0.522s
PASS: docker_cli_run_unix_test.go:840: DockerSuite.TestRunTmpfsMountsOverrideImageVolumes	1.795s
PASS: docker_cli_run_unix_test.go:852: DockerSuite.TestRunTmpfsMountsWithOptions	3.603s
PASS: docker_cli_run_test.go:795: DockerSuite.TestRunTwoConcurrentContainers	2.717s
PASS: docker_cli_run_test.go:967: DockerSuite.TestRunUnprivilegedCanMknod	0.594s
PASS: docker_cli_run_test.go:1096: DockerSuite.TestRunUnprivilegedCannotMount	0.513s
PASS: docker_cli_run_test.go:1166: DockerSuite.TestRunUnprivilegedWithChroot	0.519s
PASS: docker_cli_run_test.go:4080: DockerSuite.TestRunUnsetEntrypoint	4.491s
PASS: docker_cli_run_test.go:2925: DockerSuite.TestRunUnshareProc	5.911s
PASS: docker_cli_run_test.go:736: DockerSuite.TestRunUserByID	0.487s
PASS: docker_cli_run_test.go:746: DockerSuite.TestRunUserByIDBig	0.126s
PASS: docker_cli_run_test.go:759: DockerSuite.TestRunUserByIDNegative	0.121s
PASS: docker_cli_run_test.go:772: DockerSuite.TestRunUserByIDZero	0.494s
PASS: docker_cli_run_test.go:726: DockerSuite.TestRunUserByName	0.508s
PASS: docker_cli_run_test.go:715: DockerSuite.TestRunUserDefaults	0.532s
SKIP: docker_cli_run_unix_test.go:1426: DockerSuite.TestRunUserDeviceAllowed (Host does not have /dev/snd/timer)
PASS: docker_cli_run_test.go:785: DockerSuite.TestRunUserNotFound	0.132s
PASS: docker_cli_run_test.go:593: DockerSuite.TestRunVerifyContainerID	0.347s
PASS: docker_cli_run_test.go:3969: DockerSuite.TestRunVolumeCopyFlag	4.715s
PASS: docker_cli_run_test.go:3962: DockerSuite.TestRunVolumeWithOneCharacter	0.520s
PASS: docker_cli_run_test.go:2207: DockerSuite.TestRunVolumesCleanPaths	1.534s
PASS: docker_cli_run_test.go:473: DockerSuite.TestRunVolumesFromInReadWriteMode	1.627s
PASS: docker_cli_run_test.go:452: DockerSuite.TestRunVolumesFromInReadonlyModeFails	1.030s
PASS: docker_cli_run_test.go:2766: DockerSuite.TestRunVolumesFromRestartAfterRemoved	1.416s
PASS: docker_cli_run_test.go:658: DockerSuite.TestRunVolumesFromSymlinkPath	3.100s
PASS: docker_cli_run_test.go:446: DockerSuite.TestRunVolumesMountedAsReadonly	0.508s
PASS: docker_cli_run_test.go:3771: DockerSuite.TestRunVolumesMountedAsShared	0.491s
PASS: docker_cli_run_test.go:3802: DockerSuite.TestRunVolumesMountedAsSlave	0.475s
SKIP: docker_cli_run_test.go:4194: DockerSuite.TestRunWindowsWithCPUCount (unmatched requirement DaemonIsWindows)
SKIP: docker_cli_run_test.go:4214: DockerSuite.TestRunWindowsWithCPUPercent (unmatched requirement DaemonIsWindows)
SKIP: docker_cli_run_test.go:4204: DockerSuite.TestRunWindowsWithCPUShares (unmatched requirement DaemonIsWindows)
PASS: docker_cli_run_test.go:1856: DockerSuite.TestRunWithBadDevice	0.170s
PASS: docker_cli_run_unix_test.go:568: DockerSuite.TestRunWithBlkioWeight	0.525s
PASS: docker_cli_run_unix_test.go:458: DockerSuite.TestRunWithCPUQuota	0.680s
PASS: docker_cli_run_unix_test.go:526: DockerSuite.TestRunWithCPUShares	0.540s
PASS: docker_cli_run_unix_test.go:469: DockerSuite.TestRunWithCpuPeriod	1.031s
PASS: docker_cli_run_unix_test.go:546: DockerSuite.TestRunWithCpusetCpus	0.506s
PASS: docker_cli_run_unix_test.go:557: DockerSuite.TestRunWithCpusetMems	0.564s
PASS: docker_cli_run_test.go:341: DockerSuite.TestRunWithDaemonFlags	0.012s
PASS: docker_cli_run_unix_test.go:785: DockerSuite.TestRunWithDefaultShmSize	0.550s
PASS: docker_cli_run_unix_test.go:579: DockerSuite.TestRunWithInvalidBlkioWeight	0.026s
PASS: docker_cli_run_unix_test.go:483: DockerSuite.TestRunWithInvalidCpuPeriod	0.046s
PASS: docker_cli_run_unix_test.go:512: DockerSuite.TestRunWithInvalidKernelMemory	0.033s
PASS: docker_cli_run_test.go:2018: DockerSuite.TestRunWithInvalidMacAddress	0.012s
PASS: docker_cli_run_unix_test.go:593: DockerSuite.TestRunWithInvalidPathforBlkioDeviceReadBps	0.120s
PASS: docker_cli_run_unix_test.go:605: DockerSuite.TestRunWithInvalidPathforBlkioDeviceReadIOps	0.123s
PASS: docker_cli_run_unix_test.go:599: DockerSuite.TestRunWithInvalidPathforBlkioDeviceWriteBps	0.123s
PASS: docker_cli_run_unix_test.go:611: DockerSuite.TestRunWithInvalidPathforBlkioDeviceWriteIOps	0.119s
PASS: docker_cli_run_unix_test.go:587: DockerSuite.TestRunWithInvalidPathforBlkioWeightDevice	0.126s
PASS: docker_cli_run_unix_test.go:499: DockerSuite.TestRunWithKernelMemory	0.541s
PASS: docker_cli_run_unix_test.go:637: DockerSuite.TestRunWithMemoryLimit	0.531s
PASS: docker_cli_run_unix_test.go:682: DockerSuite.TestRunWithMemoryReservation	0.546s
PASS: docker_cli_run_unix_test.go:693: DockerSuite.TestRunWithMemoryReservationInvalid	0.040s
PASS: docker_cli_run_unix_test.go:1563: DockerSuite.TestRunWithNanoCPUs	0.559s
PASS: docker_cli_run_test.go:282: DockerSuite.TestRunWithNetAliasOnDefaultNetworks	0.212s
PASS: docker_cli_run_test.go:3743: DockerSuite.TestRunWithOomScoreAdj	0.538s
PASS: docker_cli_run_test.go:3754: DockerSuite.TestRunWithOomScoreAdjInvalidRange	0.034s
PASS: docker_cli_run_unix_test.go:798: DockerSuite.TestRunWithShmSize	0.513s
PASS: docker_cli_run_unix_test.go:660: DockerSuite.TestRunWithSwappiness	0.545s
PASS: docker_cli_run_unix_test.go:670: DockerSuite.TestRunWithSwappinessInvalid	0.028s
PASS: docker_cli_run_test.go:2829: DockerSuite.TestRunWithTooSmallMemoryLimit	0.014s
PASS: docker_cli_run_test.go:3226: DockerSuite.TestRunWithUlimits	0.507s
PASS: docker_cli_run_test.go:348: DockerSuite.TestRunWithVolumesFromExited	1.037s
PASS: docker_cli_run_unix_test.go:62: DockerSuite.TestRunWithVolumesIsRecursive	0.487s
SKIP: docker_cli_run_unix_test.go:653: DockerSuite.TestRunWithoutMemoryswapLimit (unmatched requirement swapMemorySupport)
PASS: docker_cli_run_test.go:159: DockerSuite.TestRunWithoutNetworking	0.424s
PASS: docker_cli_run_test.go:1720: DockerSuite.TestRunWorkdirExistsAndIsFile	0.077s
PASS: docker_cli_run_test.go:136: DockerSuite.TestRunWorkingDirectory	1.023s
PASS: docker_cli_run_test.go:3042: DockerSuite.TestRunWriteFilteredProc	0.516s
PASS: docker_cli_run_test.go:1808: DockerSuite.TestRunWriteSpecialFilesAndNotCommit	1.612s
PASS: docker_cli_run_test.go:2841: DockerSuite.TestRunWriteToProcAsound	0.508s
PASS: docker_cli_run_test.go:3640: DockerSuite.TestRunWrongCpusetCpusFlagValue	0.020s
PASS: docker_cli_run_test.go:3651: DockerSuite.TestRunWrongCpusetMemsFlagValue	0.015s
PASS: docker_cli_save_load_test.go:157: DockerSuite.TestSaveAndLoadRepoFlags	0.769s
PASS: docker_cli_save_load_unix_test.go:22: DockerSuite.TestSaveAndLoadRepoStdout	0.966s
PASS: docker_cli_save_load_unix_test.go:73: DockerSuite.TestSaveAndLoadWithProgressBar	1.057s
PASS: docker_cli_save_load_test.go:99: DockerSuite.TestSaveCheckTimes	0.047s
PASS: docker_cli_save_load_test.go:258: DockerSuite.TestSaveDirectoryPermissions	1.741s
PASS: docker_cli_save_load_test.go:118: DockerSuite.TestSaveImageId	0.075s
PASS: docker_cli_save_load_test.go:379: DockerSuite.TestSaveLoadNoTag	1.079s
PASS: docker_cli_save_load_test.go:340: DockerSuite.TestSaveLoadParents	2.100s
PASS: docker_cli_save_load_test.go:188: DockerSuite.TestSaveMultipleNames	0.053s
PASS: docker_cli_save_load_test.go:206: DockerSuite.TestSaveRepoWithMultipleImages	1.617s
PASS: docker_cli_save_load_test.go:84: DockerSuite.TestSaveSingleTag	0.068s
PASS: docker_cli_save_load_test.go:178: DockerSuite.TestSaveWithNoExistImage	0.012s
PASS: docker_cli_save_load_test.go:26: DockerSuite.TestSaveXzAndLoadRepoStdout	1.431s
PASS: docker_cli_save_load_test.go:55: DockerSuite.TestSaveXzGzAndLoadRepoStdout	1.965s
PASS: docker_cli_search_test.go:47: DockerSuite.TestSearchCmdOptions	4.245s
PASS: docker_cli_search_test.go:12: DockerSuite.TestSearchOnCentralRegistry	0.720s
PASS: docker_cli_search_test.go:96: DockerSuite.TestSearchOnCentralRegistryWithDash	0.714s
PASS: docker_cli_search_test.go:19: DockerSuite.TestSearchStarsOptionWithWrongParameter	0.093s
PASS: docker_cli_search_test.go:103: DockerSuite.TestSearchWithLimit	1.778s
PASS: docker_cli_run_test.go:4278: DockerSuite.TestSlowStdinClosing	2.083s
PASS: docker_cli_start_test.go:44: DockerSuite.TestStartAttachCorrectExitCode	5.020s
PASS: docker_cli_start_test.go:145: DockerSuite.TestStartAttachMultipleContainers	1.786s
PASS: docker_cli_start_test.go:15: DockerSuite.TestStartAttachReturnsOnError	0.734s
PASS: docker_cli_start_test.go:57: DockerSuite.TestStartAttachSilent	1.003s
PASS: docker_cli_start_test.go:174: DockerSuite.TestStartAttachWithRename	2.615s
PASS: docker_cli_start_test.go:109: DockerSuite.TestStartMultipleContainers	1.348s
PASS: docker_cli_start_test.go:94: DockerSuite.TestStartPausedContainer	0.387s
PASS: docker_cli_start_test.go:69: DockerSuite.TestStartRecordError	1.063s
PASS: docker_cli_start_test.go:189: DockerSuite.TestStartReturnCorrectExitCode	1.286s
PASS: docker_cli_stats_test.go:122: DockerSuite.TestStatsAllNewContainersAdded	1.286s
PASS: docker_cli_stats_test.go:93: DockerSuite.TestStatsAllNoStream	2.596s
PASS: docker_cli_stats_test.go:57: DockerSuite.TestStatsAllRunningNoStream	2.770s
PASS: docker_cli_stats_test.go:44: DockerSuite.TestStatsContainerNotFound	3.035s
PASS: docker_cli_stats_test.go:163: DockerSuite.TestStatsFormatAll	4.526s
PASS: docker_cli_stats_test.go:15: DockerSuite.TestStatsNoStream	2.769s
PASS: docker_cli_run_unix_test.go:707: DockerSuite.TestStopContainerSignal	1.538s
PASS: docker_cli_top_test.go:11: DockerSuite.TestTopMultipleArgs	0.379s
PASS: docker_cli_top_test.go:26: DockerSuite.TestTopNonPrivileged	0.587s
PASS: docker_cli_top_test.go:61: DockerSuite.TestTopPrivileged	0.536s
SKIP: docker_cli_top_test.go:50: DockerSuite.TestTopWindowsCoreProcesses (unmatched requirement DaemonIsWindows)
PASS: docker_cli_run_test.go:3450: DockerSuite.TestTwoContainersInNetHost	0.714s
PASS: docker_cli_port_test.go:212: DockerSuite.TestUnpublishedPortsInPsOutput	2.262s
PASS: docker_cli_health_test.go:147: DockerSuite.TestUnsetEnvVarHealthCheck	4.118s
PASS: docker_cli_update_unix_test.go:103: DockerSuite.TestUpdateContainerInvalidValue	0.395s
PASS: docker_cli_update_unix_test.go:115: DockerSuite.TestUpdateContainerWithoutFlags	0.382s
SKIP: docker_cli_update_unix_test.go:202: DockerSuite.TestUpdateInvalidSwapMemory (unmatched requirement swapMemorySupport)
PASS: docker_cli_update_unix_test.go:125: DockerSuite.TestUpdateKernelMemory	0.496s
PASS: docker_cli_update_unix_test.go:139: DockerSuite.TestUpdateKernelMemoryUninitialized	1.107s
SKIP: docker_cli_update_unix_test.go:258: DockerSuite.TestUpdateMemoryWithSwapMemory (unmatched requirement swapMemorySupport)
PASS: docker_cli_update_unix_test.go:272: DockerSuite.TestUpdateNotAffectMonitorRestartPolicy	0.910s
PASS: docker_cli_update_unix_test.go:68: DockerSuite.TestUpdatePausedContainer	0.519s
PASS: docker_cli_update_unix_test.go:22: DockerSuite.TestUpdateRunningContainer	0.514s
PASS: docker_cli_update_unix_test.go:37: DockerSuite.TestUpdateRunningContainerWithRestart	1.039s
PASS: docker_cli_update_unix_test.go:227: DockerSuite.TestUpdateStats	4.264s
PASS: docker_cli_update_unix_test.go:53: DockerSuite.TestUpdateStoppedContainer	1.045s
SKIP: docker_cli_update_unix_test.go:186: DockerSuite.TestUpdateSwapMemoryOnly (unmatched requirement swapMemorySupport)
PASS: docker_cli_update_unix_test.go:300: DockerSuite.TestUpdateWithNanoCPUs	0.633s
PASS: docker_cli_update_unix_test.go:85: DockerSuite.TestUpdateWithUntouchedFields	0.499s
PASS: docker_cli_run_test.go:293: DockerSuite.TestUserDefinedNetworkAlias	2.290s
PASS: docker_cli_network_unix_test.go:1536: DockerSuite.TestUserDefinedNetworkConnectDisconnectAlias	2.138s
PASS: docker_cli_network_unix_test.go:1462: DockerSuite.TestUserDefinedNetworkConnectDisconnectLink	1.687s
PASS: docker_cli_network_unix_test.go:1591: DockerSuite.TestUserDefinedNetworkConnectivity	1.194s
PASS: docker_cli_run_test.go:208: DockerSuite.TestUserDefinedNetworkLinks	1.910s
PASS: docker_cli_run_test.go:244: DockerSuite.TestUserDefinedNetworkLinksWithRestart	2.609s
PASS: docker_cli_run_unix_test.go:1168: DockerSuite.TestUserNoEffectiveCapabilitiesChown	1.566s
PASS: docker_cli_run_unix_test.go:1289: DockerSuite.TestUserNoEffectiveCapabilitiesChroot	1.524s
PASS: docker_cli_run_unix_test.go:1186: DockerSuite.TestUserNoEffectiveCapabilitiesDacOverride	1.052s
PASS: docker_cli_run_unix_test.go:1199: DockerSuite.TestUserNoEffectiveCapabilitiesFowner	1.035s
PASS: docker_cli_run_unix_test.go:1307: DockerSuite.TestUserNoEffectiveCapabilitiesMknod	1.528s
PASS: docker_cli_run_unix_test.go:1253: DockerSuite.TestUserNoEffectiveCapabilitiesNetBindService	6.905s
PASS: docker_cli_run_unix_test.go:1271: DockerSuite.TestUserNoEffectiveCapabilitiesNetRaw	6.992s
PASS: docker_cli_run_unix_test.go:1233: DockerSuite.TestUserNoEffectiveCapabilitiesSetgid	7.002s
PASS: docker_cli_run_unix_test.go:1215: DockerSuite.TestUserNoEffectiveCapabilitiesSetuid	6.976s
PASS: docker_cli_volume_test.go:22: DockerSuite.TestVolumeCLICreate	15.062s
PASS: docker_cli_volume_test.go:298: DockerSuite.TestVolumeCLICreateLabel	0.026s
PASS: docker_cli_volume_test.go:310: DockerSuite.TestVolumeCLICreateLabelMultiple	0.036s
PASS: docker_cli_volume_test.go:274: DockerSuite.TestVolumeCLICreateWithOpts	0.549s
PASS: docker_cli_volume_test.go:38: DockerSuite.TestVolumeCLIInspect	0.066s
PASS: docker_cli_volume_test.go:55: DockerSuite.TestVolumeCLIInspectMulti	0.053s
PASS: docker_cli_volume_test.go:264: DockerSuite.TestVolumeCLIInspectTmplError	0.027s
PASS: docker_cli_volume_test.go:72: DockerSuite.TestVolumeCLILs	0.553s
PASS: docker_cli_volume_test.go:193: DockerSuite.TestVolumeCLILsErrorWithInvalidFilterName	0.018s
PASS: docker_cli_volume_test.go:143: DockerSuite.TestVolumeCLILsFilterDangling	0.715s
PASS: docker_cli_volume_test.go:367: DockerSuite.TestVolumeCLILsFilterDrivers	0.075s
PASS: docker_cli_volume_test.go:337: DockerSuite.TestVolumeCLILsFilterLabels	0.071s
PASS: docker_cli_volume_test.go:199: DockerSuite.TestVolumeCLILsWithIncorrectFilterValue	0.013s
PASS: docker_cli_volume_test.go:241: DockerSuite.TestVolumeCLINoArgs	0.034s
PASS: docker_cli_volume_test.go:205: DockerSuite.TestVolumeCLIRm	1.726s
PASS: docker_cli_volume_test.go:406: DockerSuite.TestVolumeCLIRmForce	0.081s
PASS: docker_cli_volume_test.go:430: DockerSuite.TestVolumeCLIRmForceInUse	0.168s
PASS: docker_cli_volume_test.go:398: DockerSuite.TestVolumeCLIRmForceUsage	0.038s
PASS: docker_cli_volume_test.go:468: DockerSuite.TestVolumeCliInspectWithVolumeOpts	0.049s
PASS: docker_cli_events_unix_test.go:168: DockerSuite.TestVolumeEvents	0.575s
PASS: docker_cli_run_test.go:3019: DockerSuite.TestVolumeFromMixedRWOptions	1.523s
PASS: docker_cli_volume_test.go:85: DockerSuite.TestVolumeLsFormat	0.065s
PASS: docker_cli_volume_test.go:94: DockerSuite.TestVolumeLsFormatDefaultFormat	0.050s
PASS: docker_cli_run_test.go:496: DockerSuite.TestVolumesFromGetsProperMode	2.052s
PASS: docker_cli_run_test.go:2174: DockerSuite.TestVolumesNoCopyData	3.409s
SKIP: docker_cli_run_test.go:4537: DockerSuite.TestWindowsRunAsSystem (unmatched requirement DaemonIsWindowsAtLeastBuild.func1)
PASS: docker_cli_by_digest_test.go:184: DockerRegistrySuite.TestBuildByDigest	2.166s
PASS: docker_api_build_test.go:327: DockerRegistrySuite.TestBuildCopyFromForcePull	1.858s
PASS: docker_cli_build_test.go:5791: DockerRegistrySuite.TestBuildMultiStageImplicitPull	2.370s
PASS: docker_cli_pull_local_test.go:197: DockerRegistrySuite.TestConcurrentPullMultipleTags	7.082s
PASS: docker_cli_push_test.go:199: DockerRegistrySuite.TestConcurrentPush	7.100s
PASS: docker_cli_by_digest_test.go:130: DockerRegistrySuite.TestCreateByDigest	1.296s
PASS: docker_cli_push_test.go:207: DockerRegistrySuite.TestCrossRepositoryLayerPush	0.831s
PASS: docker_cli_by_digest_test.go:447: DockerRegistrySuite.TestDeleteImageByIDOnlyPulledByDigest	1.847s
PASS: docker_cli_by_digest_test.go:493: DockerRegistrySuite.TestDeleteImageWithDigestAndMultiRepoTag	1.946s
PASS: docker_cli_by_digest_test.go:466: DockerRegistrySuite.TestDeleteImageWithDigestAndTag	1.869s
PASS: docker_cli_events_test.go:545: DockerRegistrySuite.TestEventsImageFilterPush	1.821s
PASS: docker_cli_by_digest_test.go:391: DockerRegistrySuite.TestInspectImageWithDigests	1.826s
PASS: docker_cli_by_digest_test.go:318: DockerRegistrySuite.TestListDanglingImagesWithDigests	2.882s
PASS: docker_cli_by_digest_test.go:241: DockerRegistrySuite.TestListImagesWithDigests	2.912s
PASS: docker_cli_by_digest_test.go:228: DockerRegistrySuite.TestListImagesWithoutDigests	1.818s
PASS: docker_cli_by_digest_test.go:410: DockerRegistrySuite.TestPsListContainersFilterAncestorImageByDigest	3.575s
PASS: docker_cli_by_digest_test.go:105: DockerRegistrySuite.TestPullByDigest	1.129s
PASS: docker_cli_by_digest_test.go:122: DockerRegistrySuite.TestPullByDigestNoFallback	0.018s
PASS: docker_cli_by_digest_test.go:79: DockerRegistrySuite.TestPullByTagDisplaysDigest	1.766s
PASS: docker_cli_by_digest_test.go:612: DockerRegistrySuite.TestPullFailsWithAlteredLayer	1.753s
PASS: docker_cli_by_digest_test.go:530: DockerRegistrySuite.TestPullFailsWithAlteredManifest	0.892s
PASS: docker_cli_pull_local_test.go:258: DockerRegistrySuite.TestPullIDStability	5.159s
PASS: docker_cli_pull_local_test.go:54: DockerRegistrySuite.TestPullImageWithAliases	0.293s
PASS: docker_cli_pull_local_test.go:286: DockerRegistrySuite.TestPullManifestList	1.311s
PASS: docker_cli_pull_local_test.go:278: DockerRegistrySuite.TestPullNoLayers	0.593s
PASS: docker_cli_push_test.go:69: DockerRegistrySuite.TestPushBadTag	0.013s
PASS: docker_cli_push_test.go:29: DockerRegistrySuite.TestPushBusyboxImage	0.185s
PASS: docker_cli_push_test.go:145: DockerRegistrySuite.TestPushEmptyLayer	0.148s
PASS: docker_cli_push_test.go:114: DockerRegistrySuite.TestPushMultipleTags	0.240s
PASS: docker_cli_push_test.go:52: DockerRegistrySuite.TestPushUntagged	0.013s
PASS: docker_cli_by_digest_test.go:161: DockerRegistrySuite.TestRemoveImageByDigest	1.019s
PASS: docker_cli_by_digest_test.go:143: DockerRegistrySuite.TestRunByDigest	2.344s
PASS: docker_cli_pull_local_test.go:451: DockerRegistrySuite.TestRunImplicitPullWithNoTag	0.782s
PASS: docker_cli_by_digest_test.go:209: DockerRegistrySuite.TestTagByDigest	1.464s
PASS: docker_cli_registry_user_agent_test.go:73: DockerRegistrySuite.TestUserAgentPassThrough	0.851s
PASS: docker_cli_v2_only_test.go:27: DockerRegistrySuite.TestV2Only	0.667s
PASS: docker_cli_pull_local_test.go:201: DockerSchema1RegistrySuite.TestConcurrentPullMultipleTags	7.436s
PASS: docker_cli_push_test.go:203: DockerSchema1RegistrySuite.TestConcurrentPush	8.091s
PASS: docker_cli_push_test.go:248: DockerSchema1RegistrySuite.TestCrossRepositoryLayerPushNotSupported	0.928s
PASS: docker_cli_by_digest_test.go:109: DockerSchema1RegistrySuite.TestPullByDigest	1.123s
PASS: docker_cli_by_digest_test.go:126: DockerSchema1RegistrySuite.TestPullByDigestNoFallback	0.017s
PASS: docker_cli_by_digest_test.go:83: DockerSchema1RegistrySuite.TestPullByTagDisplaysDigest	1.765s
PASS: docker_cli_by_digest_test.go:655: DockerSchema1RegistrySuite.TestPullFailsWithAlteredLayer	1.780s
PASS: docker_cli_by_digest_test.go:570: DockerSchema1RegistrySuite.TestPullFailsWithAlteredManifest	0.929s
PASS: docker_cli_pull_local_test.go:262: DockerSchema1RegistrySuite.TestPullIDStability	5.152s
PASS: docker_cli_pull_local_test.go:58: DockerSchema1RegistrySuite.TestPullImageWithAliases	0.346s
PASS: docker_cli_pull_local_test.go:282: DockerSchema1RegistrySuite.TestPullNoLayers	0.953s
PASS: docker_cli_push_test.go:73: DockerSchema1RegistrySuite.TestPushBadTag	0.013s
PASS: docker_cli_push_test.go:33: DockerSchema1RegistrySuite.TestPushBusyboxImage	0.194s
PASS: docker_cli_push_test.go:149: DockerSchema1RegistrySuite.TestPushEmptyLayer	0.165s
PASS: docker_cli_push_test.go:118: DockerSchema1RegistrySuite.TestPushMultipleTags	0.269s
PASS: docker_cli_push_test.go:56: DockerSchema1RegistrySuite.TestPushUntagged	0.013s
PASS: docker_cli_build_test.go:5001: DockerRegistryAuthHtpasswdSuite.TestBuildFromAuthenticatedRegistry	1.542s
PASS: docker_cli_build_test.go:5019: DockerRegistryAuthHtpasswdSuite.TestBuildWithExternalAuth	0.418s
PASS: docker_cli_login_test.go:22: DockerRegistryAuthHtpasswdSuite.TestLoginToPrivateRegistry	0.055s
PASS: docker_cli_logout_test.go:15: DockerRegistryAuthHtpasswdSuite.TestLogoutWithExternalAuth	1.010s
PASS: docker_cli_logout_test.go:67: DockerRegistryAuthHtpasswdSuite.TestLogoutWithWrongHostnamesStored	0.113s
PASS: docker_cli_pull_local_test.go:415: DockerRegistryAuthHtpasswdSuite.TestPullWithExternalAuth	0.285s
PASS: docker_cli_pull_local_test.go:370: DockerRegistryAuthHtpasswdSuite.TestPullWithExternalAuthLoginWithScheme	0.449s
PASS: docker_cli_push_test.go:281: DockerRegistryAuthHtpasswdSuite.TestPushNoCredentialsNoRetry	0.037s
PASS: docker_cli_push_test.go:343: DockerRegistryAuthTokenSuite.TestPushMisconfiguredTokenServiceResponseError	5.142s
PASS: docker_cli_push_test.go:371: DockerRegistryAuthTokenSuite.TestPushMisconfiguredTokenServiceResponseNoToken	0.140s
PASS: docker_cli_push_test.go:330: DockerRegistryAuthTokenSuite.TestPushMisconfiguredTokenServiceResponseUnauthorized	0.139s
PASS: docker_cli_push_test.go:358: DockerRegistryAuthTokenSuite.TestPushMisconfiguredTokenServiceResponseUnparsable	0.141s
PASS: docker_cli_push_test.go:318: DockerRegistryAuthTokenSuite.TestPushTokenServiceUnauthResponse	0.139s
PASS: docker_cli_daemon_test.go:1745: DockerDaemonSuite.TestBridgeIPIsExcludedFromAllocatorPool	3.794s
PASS: docker_cli_daemon_test.go:2374: DockerDaemonSuite.TestBuildOnDisabledBridgeNetworkDaemon	2.016s
PASS: docker_cli_proxy_test.go:23: DockerDaemonSuite.TestCLIProxyProxyTCPSock	0.540s
PASS: docker_cli_daemon_test.go:1432: DockerDaemonSuite.TestCleanupMountsAfterDaemonAndContainerKill	1.811s
PASS: docker_cli_daemon_test.go:2005: DockerDaemonSuite.TestCleanupMountsAfterDaemonCrash	1.813s
PASS: docker_cli_daemon_test.go:1470: DockerDaemonSuite.TestCleanupMountsAfterGracefulShutdown	1.287s
PASS: docker_cli_daemon_test.go:523: DockerDaemonSuite.TestDaemonAllocatesListeningPort	1.105s
PASS: docker_cli_daemon_test.go:582: DockerDaemonSuite.TestDaemonBridgeExternal	1.908s
PASS: docker_cli_daemon_test.go:752: DockerDaemonSuite.TestDaemonBridgeFixedCIDREqualBridgeNetwork	1.813s
PASS: docker_cli_daemon_test.go:704: DockerDaemonSuite.TestDaemonBridgeFixedCidr	2.458s
PASS: docker_cli_daemon_test.go:727: DockerDaemonSuite.TestDaemonBridgeFixedCidr2	2.502s
PASS: docker_cli_daemon_test.go:642: DockerDaemonSuite.TestDaemonBridgeIP	1.838s
PASS: docker_cli_daemon_test.go:612: DockerDaemonSuite.TestDaemonBridgeNone	1.228s
PASS: docker_cli_daemon_test.go:1857: DockerDaemonSuite.TestDaemonCgroupParent	1.793s
PASS: docker_cli_daemon_test.go:1669: DockerDaemonSuite.TestDaemonCorruptedFluentdAddress	0.050s
PASS: docker_cli_daemon_test.go:1661: DockerDaemonSuite.TestDaemonCorruptedLogDriverAddress	0.042s
PASS: docker_cli_daemon_test.go:2389: DockerDaemonSuite.TestDaemonDNSFlagsInHostMode	1.085s
PASS: docker_cli_daemon_test.go:2185: DockerDaemonSuite.TestDaemonDebugLog	0.515s
PASS: docker_cli_daemon_test.go:791: DockerDaemonSuite.TestDaemonDefaultGatewayIPv4Explicit	1.875s
PASS: docker_cli_daemon_test.go:813: DockerDaemonSuite.TestDaemonDefaultGatewayIPv4ExplicitOutsideContainerSubnet	1.273s
PASS: docker_cli_daemon_test.go:770: DockerDaemonSuite.TestDaemonDefaultGatewayIPv4Implicit	1.821s
PASS: docker_cli_daemon_test.go:824: DockerDaemonSuite.TestDaemonDefaultNetworkInvalidClusterConfig	1.052s
PASS: docker_cli_daemon_test.go:2205: DockerDaemonSuite.TestDaemonDiscoveryBackendConfigReload	0.536s
PASS: docker_cli_events_unix_test.go:391: DockerDaemonSuite.TestDaemonEvents	3.549s
PASS: docker_cli_events_unix_test.go:460: DockerDaemonSuite.TestDaemonEventsWithFilters	3.586s
PASS: docker_cli_daemon_test.go:567: DockerDaemonSuite.TestDaemonExitOnFailure	0.044s
PASS: docker_cli_daemon_test.go:496: DockerDaemonSuite.TestDaemonFlagD	0.510s
PASS: docker_cli_daemon_test.go:505: DockerDaemonSuite.TestDaemonFlagDebug	0.510s
PASS: docker_cli_daemon_test.go:514: DockerDaemonSuite.TestDaemonFlagDebugLogLevelFatal	0.510s
PASS: docker_cli_daemon_test.go:906: DockerDaemonSuite.TestDaemonICCLinkExpose	2.233s
SKIP: docker_cli_daemon_test.go:870: DockerDaemonSuite.TestDaemonICCPing (unmatched requirement bridgeNfIptables)
PASS: docker_cli_daemon_test.go:841: DockerDaemonSuite.TestDaemonIP	1.982s
SKIP: docker_cli_daemon_test.go:355: DockerDaemonSuite.TestDaemonIPv6Enabled (unmatched requirement IPv6)
PASS: docker_cli_daemon_test.go:414: DockerDaemonSuite.TestDaemonIPv6FixedCIDR	1.185s
PASS: docker_cli_daemon_test.go:441: DockerDaemonSuite.TestDaemonIPv6FixedCIDRAndMac	1.197s
PASS: docker_cli_daemon_test.go:460: DockerDaemonSuite.TestDaemonIPv6HostMode	1.148s
PASS: docker_cli_daemon_test.go:293: DockerDaemonSuite.TestDaemonIptablesClean	1.282s
PASS: docker_cli_daemon_test.go:311: DockerDaemonSuite.TestDaemonIptablesCreate	1.814s
PASS: docker_cli_daemon_test.go:547: DockerDaemonSuite.TestDaemonKeyGeneration	0.522s
PASS: docker_cli_daemon_plugins_test.go:72: DockerDaemonSuite.TestDaemonKillLiveRestoreWithPlugins	5.671s
PASS: docker_cli_daemon_plugins_test.go:161: DockerDaemonSuite.TestDaemonKillWithPlugins	5.936s
time="2018-12-31T15:29:28Z" level=warning msg="Running modprobe nf_nat failed with message: ``, error: exec: \"modprobe\": executable file not found in $PATH"
time="2018-12-31T15:29:28Z" level=warning msg="Running modprobe xt_conntrack failed with message: ``, error: exec: \"modprobe\": executable file not found in $PATH"
PASS: docker_cli_daemon_test.go:932: DockerDaemonSuite.TestDaemonLinksIpTablesRulesWhenLinkAndUnlink	2.486s
PASS: docker_cli_daemon_test.go:477: DockerDaemonSuite.TestDaemonLogLevelDebug	0.509s
PASS: docker_cli_daemon_test.go:486: DockerDaemonSuite.TestDaemonLogLevelFatal	0.516s
PASS: docker_cli_daemon_test.go:473: DockerDaemonSuite.TestDaemonLogLevelWrong	0.035s
PASS: docker_cli_daemon_test.go:2251: DockerDaemonSuite.TestDaemonLogOptions	1.072s
PASS: docker_cli_daemon_test.go:1031: DockerDaemonSuite.TestDaemonLoggingDriverDefault	1.268s
PASS: docker_cli_daemon_test.go:1069: DockerDaemonSuite.TestDaemonLoggingDriverDefaultOverride	1.248s
PASS: docker_cli_daemon_test.go:1086: DockerDaemonSuite.TestDaemonLoggingDriverNone	1.241s
PASS: docker_cli_daemon_test.go:1143: DockerDaemonSuite.TestDaemonLoggingDriverNoneLogsError	1.743s
PASS: docker_cli_daemon_test.go:1103: DockerDaemonSuite.TestDaemonLoggingDriverNoneOverride	1.264s
PASS: docker_cli_daemon_test.go:1155: DockerDaemonSuite.TestDaemonLoggingDriverShouldBeIgnoredForBuild	2.083s
PASS: docker_cli_daemon_test.go:2264: DockerDaemonSuite.TestDaemonMaxConcurrency	0.510s
PASS: docker_cli_daemon_test.go:2276: DockerDaemonSuite.TestDaemonMaxConcurrencyWithConfigFile	3.511s
PASS: docker_cli_daemon_test.go:2317: DockerDaemonSuite.TestDaemonMaxConcurrencyWithConfigFileReload	6.511s
PASS: docker_cli_daemon_test.go:1772: DockerDaemonSuite.TestDaemonNoSpaceLeftOnDeviceError	6.016s
PASS: docker_cli_daemon_test.go:1503: DockerDaemonSuite.TestDaemonRestartCleanupNetns	1.813s
PASS: docker_cli_daemon_test.go:1799: DockerDaemonSuite.TestDaemonRestartContainerLinksRestart	7.185s
PASS: docker_cli_daemon_test.go:2966: DockerDaemonSuite.TestDaemonRestartIpcMode	2.180s
PASS: docker_cli_daemon_test.go:1244: DockerDaemonSuite.TestDaemonRestartKillWait	1.813s
PASS: docker_cli_daemon_test.go:1649: DockerDaemonSuite.TestDaemonRestartLocalVolumes	1.051s
PASS: docker_cli_daemon_test.go:170: DockerDaemonSuite.TestDaemonRestartOnFailure	3.592s
PASS: docker_cli_daemon_test.go:1013: DockerDaemonSuite.TestDaemonRestartRenameContainer	2.043s
PASS: docker_cli_network_unix_test.go:1667: DockerDaemonSuite.TestDaemonRestartRestoreBridgeNetwork	3.627s
PASS: docker_cli_daemon_test.go:1636: DockerDaemonSuite.TestDaemonRestartRmVolumeInUse	1.307s
PASS: docker_cli_daemon_test.go:2604: DockerDaemonSuite.TestDaemonRestartSaveContainerExitCode	1.744s
PASS: docker_cli_daemon_test.go:120: DockerDaemonSuite.TestDaemonRestartUnlessStopped	3.686s
PASS: docker_cli_daemon_test.go:2580: DockerDaemonSuite.TestDaemonRestartWithAutoRemoveContainer	2.243s
PASS: docker_cli_daemon_test.go:684: DockerDaemonSuite.TestDaemonRestartWithBridgeIPChange	1.541s
PASS: docker_cli_daemon_test.go:1490: DockerDaemonSuite.TestDaemonRestartWithContainerRunning	1.805s
PASS: docker_cli_daemon_test.go:1564: DockerDaemonSuite.TestDaemonRestartWithContainerWithRestartPolicyAlways	1.804s
SKIP: docker_cli_daemon_test.go:224: DockerDaemonSuite.TestDaemonRestartWithIncreasedBasesize (unmatched requirement Devicemapper)
SKIP: docker_cli_daemon_test.go:204: DockerDaemonSuite.TestDaemonRestartWithInvalidBasesize (unmatched requirement Devicemapper)
PASS: docker_cli_daemon_test.go:1955: DockerDaemonSuite.TestDaemonRestartWithKilledRunningContainer	2.674s
PASS: docker_cli_daemon_test.go:1884: DockerDaemonSuite.TestDaemonRestartWithLinks	3.143s
PASS: docker_cli_daemon_test.go:1907: DockerDaemonSuite.TestDaemonRestartWithNames	2.332s
PASS: docker_cli_daemon_test.go:1603: DockerDaemonSuite.TestDaemonRestartWithPausedContainer	2.101s
PASS: docker_cli_daemon_plugins_test.go:45: DockerDaemonSuite.TestDaemonRestartWithPluginDisabled	4.791s
PASS: docker_cli_daemon_plugins_test.go:16: DockerDaemonSuite.TestDaemonRestartWithPluginEnabled	5.897s
PASS: docker_cli_daemon_test.go:60: DockerDaemonSuite.TestDaemonRestartWithRunningContainersPorts	2.295s
PASS: docker_cli_daemon_test.go:1420: DockerDaemonSuite.TestDaemonRestartWithSocketAsVolume	2.321s
PASS: docker_cli_daemon_test.go:2052: DockerDaemonSuite.TestDaemonRestartWithUnpausedRunningContainer	1.868s
PASS: docker_cli_daemon_test.go:94: DockerDaemonSuite.TestDaemonRestartWithVolumesRefs	2.367s
PASS: docker_cli_daemon_plugins_test.go:98: DockerDaemonSuite.TestDaemonShutdownLiveRestoreWithPlugins	5.656s
PASS: docker_cli_daemon_test.go:2676: DockerDaemonSuite.TestDaemonShutdownTimeout	1.271s
PASS: docker_cli_daemon_test.go:2697: DockerDaemonSuite.TestDaemonShutdownTimeoutWithConfigFile	3.519s
PASS: docker_cli_daemon_plugins_test.go:123: DockerDaemonSuite.TestDaemonShutdownWithPlugins	6.995s
PASS: docker_cli_daemon_test.go:277: DockerDaemonSuite.TestDaemonStartBridgeWithoutIPAssociation	1.033s
PASS: docker_cli_daemon_test.go:199: DockerDaemonSuite.TestDaemonStartIptablesFalse	0.510s
PASS: docker_cli_daemon_test.go:1686: DockerDaemonSuite.TestDaemonStartWithDefaultTLSHost	0.545s
PASS: docker_cli_daemon_test.go:2941: DockerDaemonSuite.TestDaemonStartWithIpcModes	2.277s
PASS: docker_cli_daemon_test.go:2135: DockerDaemonSuite.TestDaemonStartWithoutColors	1.033s
PASS: docker_cli_daemon_test.go:1677: DockerDaemonSuite.TestDaemonStartWithoutHost	0.510s
PASS: docker_cli_daemon_test.go:1541: DockerDaemonSuite.TestDaemonTLSVerifyIssue13964	0.530s
PASS: docker_cli_daemon_test.go:965: DockerDaemonSuite.TestDaemonUlimitDefaults	2.224s
PASS: docker_cli_daemon_test.go:1170: DockerDaemonSuite.TestDaemonUnixSockCleanedUp	0.523s
PASS: docker_cli_userns_test.go:24: DockerDaemonSuite.TestDaemonUserNamespaceRootSetting	1.478s
PASS: docker_cli_daemon_test.go:1587: DockerDaemonSuite.TestDaemonWideLogConfig	1.108s
PASS: docker_cli_daemon_test.go:2645: DockerDaemonSuite.TestDaemonWithUserlandProxyPath	3.039s
PASS: docker_cli_daemon_test.go:1191: DockerDaemonSuite.TestDaemonWithWrongkey	0.564s
PASS: docker_cli_network_unix_test.go:807: DockerDaemonSuite.TestDockerNetworkNoDiscoveryDefaultBridgeNetwork	3.169s
PASS: docker_cli_exec_test.go:87: DockerDaemonSuite.TestExecAfterDaemonRestart	2.214s
PASS: docker_cli_daemon_test.go:2731: DockerDaemonSuite.TestExecWithUserAfterLiveRestore	12.128s
PASS: docker_cli_daemon_test.go:3006: DockerDaemonSuite.TestFailedPluginRemove	4.254s
PASS: docker_cli_daemon_test.go:1278: DockerDaemonSuite.TestHTTPSInfo	0.534s
PASS: docker_cli_daemon_test.go:1341: DockerDaemonSuite.TestHTTPSInfoRogueCert	0.527s
PASS: docker_cli_daemon_test.go:1370: DockerDaemonSuite.TestHTTPSInfoRogueServerCert	0.526s
PASS: docker_cli_daemon_test.go:1306: DockerDaemonSuite.TestHTTPSRun	1.257s
PASS: docker_cli_daemon_test.go:51: DockerDaemonSuite.TestLegacyDaemonCommand	0.000s
PASS: docker_cli_daemon_plugins_test.go:303: DockerDaemonSuite.TestPluginListFilterCapability	4.238s
PASS: docker_cli_daemon_plugins_test.go:275: DockerDaemonSuite.TestPluginListFilterEnabled	4.274s
PASS: docker_cli_daemon_plugins_test.go:234: DockerDaemonSuite.TestPluginVolumeRemoveOnRestart	5.774s
PASS: docker_cli_prune_unix_test.go:81: DockerDaemonSuite.TestPruneImageDangling	1.921s
PASS: docker_cli_prune_unix_test.go:270: DockerDaemonSuite.TestPruneImageLabel	1.975s
PASS: docker_cli_info_test.go:212: DockerDaemonSuite.TestRegistryMirrors	0.537s
SKIP: docker_cli_daemon_test.go:2759: DockerDaemonSuite.TestRemoveContainerAfterLiveRestore (unmatched requirement overlayFSSupported)
PASS: docker_cli_daemon_test.go:2792: DockerDaemonSuite.TestRestartPolicyWithLiveRestore	2.409s
PASS: docker_cli_daemon_test.go:2109: DockerDaemonSuite.TestRunLinksChanged	3.101s
PASS: docker_cli_run_unix_test.go:1443: DockerDaemonSuite.TestRunSeccompJSONNewFormat	1.222s
PASS: docker_cli_run_unix_test.go:1494: DockerDaemonSuite.TestRunSeccompJSONNoArchAndArchMap	0.841s
PASS: docker_cli_run_unix_test.go:1468: DockerDaemonSuite.TestRunSeccompJSONNoNameAndNames	0.866s
PASS: docker_cli_run_unix_test.go:1531: DockerDaemonSuite.TestRunWithDaemonDefaultSeccompProfile	2.300s
PASS: docker_cli_daemon_test.go:2521: DockerDaemonSuite.TestRunWithRuntimeFromCommandLine	5.215s
PASS: docker_cli_daemon_test.go:2403: DockerDaemonSuite.TestRunWithRuntimeFromConfigFile	6.798s
PASS: docker_cli_run_test.go:4110: DockerDaemonSuite.TestRunWithUlimitAndDaemonDefault	1.496s
PASS: docker_cli_daemon_test.go:2849: DockerDaemonSuite.TestShmSize	1.265s
PASS: docker_cli_daemon_test.go:2866: DockerDaemonSuite.TestShmSizeReload	1.836s
PASS: docker_cli_daemon_test.go:1332: DockerDaemonSuite.TestTLSVerify	0.045s
PASS: docker_cli_daemon_plugins_test.go:188: DockerDaemonSuite.TestVolumePlugin	8.230s
PASS: docker_api_swarm_test.go:885: DockerSwarmSuite.TestAPIDuplicateNetworks	1.437s
PASS: docker_api_swarm_test.go:1012: DockerSwarmSuite.TestAPINetworkInspectWithScope	1.408s
PASS: docker_api_swarm_service_test.go:33: DockerSwarmSuite.TestAPIServiceUpdatePort	2.521s
PASS: docker_api_swarm_test.go:185: DockerSwarmSuite.TestAPISwarmCAHash	12.146s
PASS: docker_api_swarm_test.go:869: DockerSwarmSuite.TestAPISwarmErrorHandling	0.736s
PASS: docker_api_swarm_test.go:540: DockerSwarmSuite.TestAPISwarmForceNewCluster	13.893s
SKIP: docker_api_swarm_test.go:916: DockerSwarmSuite.TestAPISwarmHealthcheckNone (Root cause of Issue #36386 is needed)
PASS: docker_api_swarm_test.go:35: DockerSwarmSuite.TestAPISwarmInit	13.876s
PASS: docker_api_swarm_test.go:522: DockerSwarmSuite.TestAPISwarmInvalidAddress	0.716s
PASS: docker_api_swarm_test.go:81: DockerSwarmSuite.TestAPISwarmJoinToken	47.561s
PASS: docker_api_swarm_test.go:296: DockerSwarmSuite.TestAPISwarmLeaderElection	19.916s
PASS: docker_api_swarm_test.go:271: DockerSwarmSuite.TestAPISwarmLeaderProxy	3.918s
PASS: docker_api_swarm_test.go:423: DockerSwarmSuite.TestAPISwarmLeaveOnPendingJoin	22.898s
PASS: docker_api_swarm_test.go:400: DockerSwarmSuite.TestAPISwarmLeaveRemovesContainer	3.195s
PASS: docker_api_swarm_node_test.go:14: DockerSwarmSuite.TestAPISwarmListNodes	3.001s
PASS: docker_api_swarm_test.go:472: DockerSwarmSuite.TestAPISwarmManagerRestore	26.729s
PASS: docker_api_swarm_node_test.go:75: DockerSwarmSuite.TestAPISwarmNodeDrainPause	13.174s
PASS: docker_api_swarm_node_test.go:46: DockerSwarmSuite.TestAPISwarmNodeRemove	29.501s
PASS: docker_api_swarm_node_test.go:33: DockerSwarmSuite.TestAPISwarmNodeUpdate	1.408s
PASS: docker_api_swarm_test.go:201: DockerSwarmSuite.TestAPISwarmPromoteDemote	12.677s
PASS: docker_api_swarm_test.go:359: DockerSwarmSuite.TestAPISwarmRaftQuorum	48.587s
PASS: docker_api_swarm_test.go:776: DockerSwarmSuite.TestAPISwarmRestartCluster	30.943s
PASS: docker_api_swarm_test.go:453: DockerSwarmSuite.TestAPISwarmRestoreOnPendingJoin	21.769s
PASS: docker_api_swarm_test.go:498: DockerSwarmSuite.TestAPISwarmScaleNoRollingUpdate	3.016s
PASS: docker_api_swarm_service_test.go:403: DockerSwarmSuite.TestAPISwarmServiceConstraintLabel	6.923s
PASS: docker_api_swarm_service_test.go:351: DockerSwarmSuite.TestAPISwarmServiceConstraintRole	5.119s
PASS: docker_api_swarm_service_test.go:498: DockerSwarmSuite.TestAPISwarmServicePlacementPrefs	4.173s
PASS: docker_api_swarm_service_test.go:62: DockerSwarmSuite.TestAPISwarmServicesCreate	4.973s
PASS: docker_api_swarm_service_test.go:124: DockerSwarmSuite.TestAPISwarmServicesCreateGlobal	6.320s
PASS: docker_api_swarm_service_test.go:54: DockerSwarmSuite.TestAPISwarmServicesEmptyList	1.388s
PASS: docker_api_swarm_service_test.go:311: DockerSwarmSuite.TestAPISwarmServicesFailedUpdate	10.935s
PASS: docker_api_swarm_service_test.go:96: DockerSwarmSuite.TestAPISwarmServicesMultipleAgents	21.118s
PASS: docker_api_swarm_service_test.go:540: DockerSwarmSuite.TestAPISwarmServicesStateReporting	9.580s
PASS: docker_api_swarm_service_test.go:142: DockerSwarmSuite.TestAPISwarmServicesUpdate	26.775s
PASS: docker_api_swarm_service_test.go:202: DockerSwarmSuite.TestAPISwarmServicesUpdateStartFirst	23.514s
PASS: docker_api_swarm_test.go:841: DockerSwarmSuite.TestAPISwarmServicesUpdateWithName	3.170s
PASS: docker_api_swarm_test.go:861: DockerSwarmSuite.TestAPISwarmUnlockNotLocked	1.291s
PASS: docker_cli_swarm_test.go:945: DockerSwarmSuite.TestDNSConfig	2.168s
PASS: docker_cli_swarm_test.go:972: DockerSwarmSuite.TestDNSConfigUpdate	2.224s
PASS: docker_cli_swarm_test.go:1412: DockerSwarmSuite.TestExtraHosts	2.132s
PASS: docker_cli_swarm_test.go:1606: DockerSwarmSuite.TestNetworkInspectWithDuplicateNames	1.650s
PASS: docker_cli_swarm_test.go:393: DockerSwarmSuite.TestOverlayAttachable	2.672s
PASS: docker_cli_swarm_test.go:415: DockerSwarmSuite.TestOverlayAttachableOnSwarmLeave	3.342s
PASS: docker_cli_swarm_test.go:442: DockerSwarmSuite.TestOverlayAttachableReleaseResourcesOnFailure	22.960s
PASS: docker_cli_prune_unix_test.go:42: DockerSwarmSuite.TestPruneNetwork	9.450s
PASS: docker_cli_swarm_test.go:597: DockerSwarmSuite.TestPsListContainersFilterIsTask	2.607s
PASS: docker_cli_service_create_test.go:361: DockerSwarmSuite.TestServiceCreateMountTmpfs	2.053s
PASS: docker_cli_service_create_test.go:18: DockerSwarmSuite.TestServiceCreateMountVolume	2.083s
PASS: docker_cli_service_create_test.go:313: DockerSwarmSuite.TestServiceCreateWithConfigReferencedTwice	2.290s
PASS: docker_cli_service_create_test.go:214: DockerSwarmSuite.TestServiceCreateWithConfigSimple	1.471s
PASS: docker_cli_service_create_test.go:248: DockerSwarmSuite.TestServiceCreateWithConfigSourceTargetPaths	2.409s
PASS: docker_cli_service_create_test.go:414: DockerSwarmSuite.TestServiceCreateWithNetworkAlias	17.060s
PASS: docker_cli_service_create_test.go:166: DockerSwarmSuite.TestServiceCreateWithSecretReferencedTwice	2.241s
PASS: docker_cli_service_create_test.go:66: DockerSwarmSuite.TestServiceCreateWithSecretSimple	1.445s
PASS: docker_cli_service_create_test.go:100: DockerSwarmSuite.TestServiceCreateWithSecretSourceTargetPaths	2.536s
PASS: docker_cli_service_health_test.go:20: DockerSwarmSuite.TestServiceHealthRun	6.778s
PASS: docker_cli_service_health_test.go:82: DockerSwarmSuite.TestServiceHealthStart	4.634s
PASS: docker_cli_service_logs_test.go:24: DockerSwarmSuite.TestServiceLogs	2.403s
PASS: docker_cli_service_logs_test.go:71: DockerSwarmSuite.TestServiceLogsCompleteness	2.105s
PASS: docker_cli_service_logs_test.go:343: DockerSwarmSuite.TestServiceLogsDetails	2.124s
PASS: docker_cli_service_logs_test.go:157: DockerSwarmSuite.TestServiceLogsFollow	2.142s
PASS: docker_cli_service_logs_test.go:294: DockerSwarmSuite.TestServiceLogsNoHangDeletedContainer	14.352s
PASS: docker_cli_service_logs_test.go:122: DockerSwarmSuite.TestServiceLogsSince	2.376s
PASS: docker_cli_service_logs_test.go:256: DockerSwarmSuite.TestServiceLogsTTY	2.243s
PASS: docker_cli_service_logs_test.go:98: DockerSwarmSuite.TestServiceLogsTail	2.184s
PASS: docker_cli_service_logs_test.go:203: DockerSwarmSuite.TestServiceLogsTaskLogs	2.439s
PASS: docker_cli_service_scale_test.go:13: DockerSwarmSuite.TestServiceScale	1.418s
PASS: docker_cli_service_update_test.go:97: DockerSwarmSuite.TestServiceUpdateConfigs	1.527s
PASS: docker_cli_service_update_test.go:14: DockerSwarmSuite.TestServiceUpdateLabel	1.446s
PASS: docker_cli_service_update_test.go:55: DockerSwarmSuite.TestServiceUpdateSecrets	1.504s
PASS: docker_cli_swarm_test.go:1387: DockerSwarmSuite.TestSwarmAlternateLockUnlock	17.776s
PASS: docker_cli_swarm_test.go:1966: DockerSwarmSuite.TestSwarmClusterEventsConfig	1.341s
PASS: docker_cli_swarm_test.go:1927: DockerSwarmSuite.TestSwarmClusterEventsNetwork	1.491s
PASS: docker_cli_swarm_test.go:1897: DockerSwarmSuite.TestSwarmClusterEventsNode	4.099s
PASS: docker_cli_swarm_test.go:1813: DockerSwarmSuite.TestSwarmClusterEventsScope	7.267s
PASS: docker_cli_swarm_test.go:1946: DockerSwarmSuite.TestSwarmClusterEventsSecret	1.425s
PASS: docker_cli_swarm_test.go:1857: DockerSwarmSuite.TestSwarmClusterEventsService	14.796s
PASS: docker_cli_swarm_test.go:1793: DockerSwarmSuite.TestSwarmClusterEventsSource	3.551s
PASS: docker_cli_swarm_test.go:1834: DockerSwarmSuite.TestSwarmClusterEventsType	7.355s
PASS: docker_cli_swarm_test.go:1316: DockerSwarmSuite.TestSwarmClusterRotateUnlockKey	69.007s
PASS: docker_cli_swarm_test.go:365: DockerSwarmSuite.TestSwarmContainerAttachByNetworkId	3.211s
PASS: docker_cli_swarm_test.go:318: DockerSwarmSuite.TestSwarmContainerAutoStart	4.776s
PASS: docker_cli_swarm_test.go:340: DockerSwarmSuite.TestSwarmContainerEndpointOptions	6.279s
PASS: docker_cli_swarm_test.go:520: DockerSwarmSuite.TestSwarmCreateServiceWithNoIngressNetwork	1.471s
PASS: docker_cli_swarm_test.go:145: DockerSwarmSuite.TestSwarmIncompatibleDaemon	3.157s
PASS: docker_cli_swarm_test.go:466: DockerSwarmSuite.TestSwarmIngressNetwork	1.510s
PASS: docker_cli_swarm_test.go:83: DockerSwarmSuite.TestSwarmInit	2.805s
SKIP: docker_cli_swarm_test.go:126: DockerSwarmSuite.TestSwarmInitIPv6 (unmatched requirement IPv6)
PASS: docker_cli_swarm_test.go:1053: DockerSwarmSuite.TestSwarmInitLocked	5.173s
PASS: docker_cli_swarm_test.go:138: DockerSwarmSuite.TestSwarmInitUnspecifiedAdvertiseAddr	0.742s
PASS: docker_cli_swarm_test.go:1731: DockerSwarmSuite.TestSwarmInitUnspecifiedDataPathAddr	0.743s
PASS: docker_cli_swarm_test.go:1574: DockerSwarmSuite.TestSwarmInitWithDrain	1.437s
PASS: docker_cli_swarm_test.go:1743: DockerSwarmSuite.TestSwarmJoinLeave	53.308s
PASS: docker_cli_swarm_test.go:1189: DockerSwarmSuite.TestSwarmJoinPromoteLocked	36.127s
PASS: docker_cli_swarm_test.go:1546: DockerSwarmSuite.TestSwarmJoinWithDrain	2.759s
PASS: docker_cli_swarm_test.go:1095: DockerSwarmSuite.TestSwarmLeaveLocked	3.475s
PASS: docker_cli_swarm_test.go:1128: DockerSwarmSuite.TestSwarmLockUnlockCluster	107.466s
PASS: docker_cli_swarm_test.go:1435: DockerSwarmSuite.TestSwarmManagerAddress	3.038s
PASS: docker_cli_swarm_test.go:1505: DockerSwarmSuite.TestSwarmNetworkCreateDup	1.736s
PASS: docker_cli_swarm_test.go:1482: DockerSwarmSuite.TestSwarmNetworkCreateIssue27866	1.353s
PASS: docker_cli_swarm_test.go:1456: DockerSwarmSuite.TestSwarmNetworkIPAMOptions	2.702s
PASS: docker_cli_swarm_test.go:798: DockerSwarmSuite.TestSwarmNetworkPlugin	1.400s
PASS: docker_cli_swarm_unix_test.go:57: DockerSwarmSuite.TestSwarmNetworkPluginV2	47.154s
PASS: docker_cli_swarm_test.go:228: DockerSwarmSuite.TestSwarmNodeListFilter	1.485s
PASS: docker_cli_swarm_test.go:247: DockerSwarmSuite.TestSwarmNodeTaskListFilter	2.532s
PASS: docker_cli_swarm_test.go:274: DockerSwarmSuite.TestSwarmPublishAdd	1.548s
PASS: docker_cli_swarm_test.go:1527: DockerSwarmSuite.TestSwarmPublishDuplicatePorts	2.402s
PASS: docker_cli_swarm_test.go:1585: DockerSwarmSuite.TestSwarmReadonlyRootfs	2.109s
PASS: docker_api_swarm_test.go:943: DockerSwarmSuite.TestSwarmRepeatedRootRotation	14.821s
PASS: docker_cli_swarm_test.go:1248: DockerSwarmSuite.TestSwarmRotateUnlockKey	13.475s
PASS: docker_cli_swarm_test.go:817: DockerSwarmSuite.TestSwarmServiceEnvFile	1.456s
PASS: docker_cli_swarm_test.go:187: DockerSwarmSuite.TestSwarmServiceListFilter	1.528s
PASS: docker_cli_swarm_test.go:1700: DockerSwarmSuite.TestSwarmServiceLsFilterMode	2.397s
PASS: docker_cli_swarm_test.go:906: DockerSwarmSuite.TestSwarmServiceNetworkUpdate	6.736s
PASS: docker_cli_swarm_test.go:835: DockerSwarmSuite.TestSwarmServiceTTY	14.415s
PASS: docker_cli_swarm_test.go:883: DockerSwarmSuite.TestSwarmServiceTTYUpdate	2.140s
PASS: docker_cli_swarm_test.go:169: DockerSwarmSuite.TestSwarmServiceTemplatingHostname	2.210s
PASS: docker_cli_swarm_test.go:296: DockerSwarmSuite.TestSwarmServiceWithGroup	2.185s
PASS: docker_cli_swarm_test.go:1672: DockerSwarmSuite.TestSwarmStopSignal	2.210s
PASS: docker_cli_swarm_test.go:539: DockerSwarmSuite.TestSwarmTaskListFilter	1.681s
PASS: docker_cli_swarm_test.go:35: DockerSwarmSuite.TestSwarmUpdate	1.512s
PASS: docker_cli_swarm_unix_test.go:15: DockerSwarmSuite.TestSwarmVolumePlugin	21.884s
PASS: docker_cli_swarm_test.go:1028: DockerSwarmSuite.TestUnlockEngineAndUnlockedSwarm	1.437s
PASS: docker_api_swarm_test.go:163: DockerSwarmSuite.TestUpdateSwarmAddExternalCA	1.424s
time="2018-12-31T16:01:31Z" level=info msg="Attempting next endpoint for push after error: Get https://127.0.0.1:5000/v2/: http: server gave HTTP response to HTTPS client"
PASS: docker_cli_plugins_test.go:31: DockerPluginSuite.TestPluginBasicOps	1.055s
PASS: docker_cli_plugins_test.go:262: DockerPluginSuite.TestPluginCreate	0.133s
PASS: docker_cli_plugins_test.go:240: DockerPluginSuite.TestPluginEnableDisableNegative	1.033s
PASS: docker_cli_plugins_test.go:62: DockerPluginSuite.TestPluginForceRemove	0.988s
PASS: docker_cli_plugins_test.go:354: DockerPluginSuite.TestPluginIDPrefix	1.445s
PASS: docker_cli_plugins_test.go:294: DockerPluginSuite.TestPluginInspect	1.097s
time="2018-12-31T16:03:07Z" level=info msg="Attempting next endpoint for push after error: Get https://127.0.0.1:5000/v2/: http: server gave HTTP response to HTTPS client"
PASS: docker_cli_plugins_test.go:210: DockerPluginSuite.TestPluginInstallArgs	0.814s
PASS: docker_cli_plugins_test.go:126: DockerPluginSuite.TestPluginInstallDisable	1.037s
PASS: docker_cli_plugins_test.go:226: DockerPluginSuite.TestPluginInstallImage	0.189s
PASS: docker_cli_plugins_test.go:411: DockerPluginSuite.TestPluginListDefaultFormat	0.562s
PASS: docker_cli_plugins_test.go:159: DockerPluginSuite.TestPluginSet	0.642s
PASS: docker_cli_external_volume_driver_unix_test.go:446: DockerExternalVolumeSuite.TestExternalVolumeDriverBindExternalVolume	0.399s
PASS: docker_cli_external_volume_driver_unix_test.go:545: DockerExternalVolumeSuite.TestExternalVolumeDriverCapabilities	0.588s
PASS: docker_cli_external_volume_driver_unix_test.go:352: DockerExternalVolumeSuite.TestExternalVolumeDriverDeleteContainer	1.342s
PASS: docker_cli_external_volume_driver_unix_test.go:475: DockerExternalVolumeSuite.TestExternalVolumeDriverGet	15.043s
PASS: docker_cli_external_volume_driver_unix_test.go:508: DockerExternalVolumeSuite.TestExternalVolumeDriverGetEmptyResponse	0.542s
PASS: docker_cli_external_volume_driver_unix_test.go:461: DockerExternalVolumeSuite.TestExternalVolumeDriverList	15.031s
PASS: docker_cli_external_volume_driver_unix_test.go:373: DockerExternalVolumeSuite.TestExternalVolumeDriverLookupNotBlocked	0.114s
PASS: docker_cli_external_volume_driver_unix_test.go:536: DockerExternalVolumeSuite.TestExternalVolumeDriverMountID	1.278s
PASS: docker_cli_external_volume_driver_unix_test.go:297: DockerExternalVolumeSuite.TestExternalVolumeDriverNamed	1.333s
PASS: docker_cli_external_volume_driver_unix_test.go:559: DockerExternalVolumeSuite.TestExternalVolumeDriverOutOfBandDelete	0.800s
PASS: docker_cli_external_volume_driver_unix_test.go:523: DockerExternalVolumeSuite.TestExternalVolumeDriverPathCalls	15.542s
PASS: docker_cli_external_volume_driver_unix_test.go:409: DockerExternalVolumeSuite.TestExternalVolumeDriverRetryNotImmediatelyExists	4.290s
PASS: docker_cli_external_volume_driver_unix_test.go:618: DockerExternalVolumeSuite.TestExternalVolumeDriverUnmountOnCp	1.395s
PASS: docker_cli_external_volume_driver_unix_test.go:608: DockerExternalVolumeSuite.TestExternalVolumeDriverUnmountOnMountFail	0.977s
PASS: docker_cli_external_volume_driver_unix_test.go:319: DockerExternalVolumeSuite.TestExternalVolumeDriverUnnamed	1.287s
PASS: docker_cli_external_volume_driver_unix_test.go:333: DockerExternalVolumeSuite.TestExternalVolumeDriverVolumesFrom	1.862s
PASS: docker_cli_external_volume_driver_unix_test.go:495: DockerExternalVolumeSuite.TestExternalVolumeDriverWithDaemonRestart	1.060s
PASS: docker_cli_external_volume_driver_unix_test.go:285: DockerExternalVolumeSuite.TestVolumeCLICreateOptionConflict	0.050s
PASS: docker_cli_network_unix_test.go:1787: DockerNetworkSuite.TestConntrackFlowsLeak	3.837s
PASS: docker_deprecated_api_v124_unix_test.go:14: DockerNetworkSuite.TestDeprecatedDockerNetworkStartAPIWithHostconfig	0.489s
PASS: docker_cli_network_unix_test.go:865: DockerNetworkSuite.TestDockerNetworkAnonymousEndpoint	2.861s
PASS: docker_cli_network_unix_test.go:539: DockerNetworkSuite.TestDockerNetworkConnectDisconnect	1.286s
PASS: docker_cli_network_unix_test.go:1258: DockerNetworkSuite.TestDockerNetworkConnectDisconnectToStoppedContainer	2.461s
PASS: docker_cli_network_unix_test.go:1192: DockerNetworkSuite.TestDockerNetworkConnectDisconnectWithPortMapping	0.953s
PASS: docker_cli_network_unix_test.go:1415: DockerNetworkSuite.TestDockerNetworkConnectLinkLocalIP	4.705s
PASS: docker_cli_network_unix_test.go:1308: DockerNetworkSuite.TestDockerNetworkConnectPreferredIP	1.768s
PASS: docker_cli_network_unix_test.go:1344: DockerNetworkSuite.TestDockerNetworkConnectPreferredIPStoppedContainer	1.021s
PASS: docker_cli_network_unix_test.go:1158: DockerNetworkSuite.TestDockerNetworkConnectToHostFromOtherNetwork	0.473s
PASS: docker_cli_network_unix_test.go:1523: DockerNetworkSuite.TestDockerNetworkConnectWithAliasOnDefaultNetworks	0.366s
PASS: docker_cli_network_unix_test.go:1229: DockerNetworkSuite.TestDockerNetworkConnectWithMac	0.578s
PASS: docker_cli_network_unix_test.go:1175: DockerNetworkSuite.TestDockerNetworkConnectWithPortMapping	0.540s
PASS: docker_cli_network_unix_test.go:374: DockerNetworkSuite.TestDockerNetworkCreateDelete	0.127s
PASS: docker_cli_network_unix_test.go:1655: DockerNetworkSuite.TestDockerNetworkCreateDeleteSpecialCharacters	0.267s
PASS: docker_cli_network_unix_test.go:298: DockerNetworkSuite.TestDockerNetworkCreateHostBind	0.503s
PASS: docker_cli_network_unix_test.go:382: DockerNetworkSuite.TestDockerNetworkCreateLabel	0.148s
PASS: docker_cli_network_unix_test.go:289: DockerNetworkSuite.TestDockerNetworkCreatePredefined	0.046s
PASS: docker_cli_network_unix_test.go:633: DockerNetworkSuite.TestDockerNetworkCustomIPAM	0.144s
PASS: docker_cli_network_unix_test.go:1292: DockerNetworkSuite.TestDockerNetworkDisconnectContainerNonexistingNetwork	0.773s
PASS: docker_cli_network_unix_test.go:1503: DockerNetworkSuite.TestDockerNetworkDisconnectDefault	0.616s
PASS: docker_cli_network_unix_test.go:1773: DockerNetworkSuite.TestDockerNetworkDisconnectFromBridge	0.086s
PASS: docker_cli_network_unix_test.go:1167: DockerNetworkSuite.TestDockerNetworkDisconnectFromHost	0.277s
PASS: docker_cli_network_unix_test.go:768: DockerNetworkSuite.TestDockerNetworkDriverOptions	0.065s
PASS: docker_cli_network_unix_test.go:979: DockerNetworkSuite.TestDockerNetworkDriverUngracefulRestart	2.212s
PASS: docker_cli_network_unix_test.go:1737: DockerNetworkSuite.TestDockerNetworkFlagAlias	1.894s
PASS: docker_cli_network_unix_test.go:1132: DockerNetworkSuite.TestDockerNetworkHostModeUngracefulDaemonRestart	7.457s
PASS: docker_cli_network_unix_test.go:744: DockerNetworkSuite.TestDockerNetworkIPAMInvalidCombinations	0.183s
PASS: docker_cli_network_unix_test.go:592: DockerNetworkSuite.TestDockerNetworkIPAMMultipleNetworks	0.724s
PASS: docker_cli_network_unix_test.go:649: DockerNetworkSuite.TestDockerNetworkIPAMOptions	0.061s
PASS: docker_cli_network_unix_test.go:1241: DockerNetworkSuite.TestDockerNetworkInspectCreatedContainer	0.067s
PASS: docker_cli_network_unix_test.go:725: DockerNetworkSuite.TestDockerNetworkInspectCustomSpecified	0.137s
PASS: docker_cli_network_unix_test.go:706: DockerNetworkSuite.TestDockerNetworkInspectCustomUnspecified	0.138s
PASS: docker_cli_network_unix_test.go:678: DockerNetworkSuite.TestDockerNetworkInspectDefault	0.002s
PASS: docker_cli_network_unix_test.go:926: DockerNetworkSuite.TestDockerNetworkLinkOnDefaultNetworkOnly	1.659s
PASS: docker_cli_network_unix_test.go:282: DockerNetworkSuite.TestDockerNetworkLsDefault	0.038s
SKIP: docker_cli_network_unix_test.go:318: DockerNetworkSuite.TestDockerNetworkLsFilter (unmatched requirement OnlyDefaultNetworks)
PASS: docker_cli_network_unix_test.go:1020: DockerNetworkSuite.TestDockerNetworkMacInspect	0.514s
PASS: docker_cli_network_unix_test.go:1086: DockerNetworkSuite.TestDockerNetworkMultipleNetworksGracefulDaemonRestart	2.943s
PASS: docker_cli_network_unix_test.go:1105: DockerNetworkSuite.TestDockerNetworkMultipleNetworksUngracefulDaemonRestart	2.625s
PASS: docker_cli_network_unix_test.go:662: DockerNetworkSuite.TestDockerNetworkNullIPAMDriver	0.035s
PASS: docker_cli_network_unix_test.go:952: DockerNetworkSuite.TestDockerNetworkOverlayPortMapping	0.533s
PASS: docker_cli_network_unix_test.go:1247: DockerNetworkSuite.TestDockerNetworkRestartWithMultipleNetworks	1.258s
PASS: docker_cli_network_unix_test.go:309: DockerNetworkSuite.TestDockerNetworkRmPredefined	0.049s
PASS: docker_cli_network_unix_test.go:1126: DockerNetworkSuite.TestDockerNetworkRunNetByID	0.457s
PASS: docker_cli_network_unix_test.go:1367: DockerNetworkSuite.TestDockerNetworkUnsupportedRequiredIP	0.560s
PASS: docker_cli_network_unix_test.go:1749: DockerNetworkSuite.TestDockerNetworkValidateIP	0.637s
PASS: docker_cli_network_unix_test.go:783: DockerNetworkSuite.TestDockerPluginV2NetworkDriver	9.377s
PASS: docker_cli_pull_test.go:194: DockerHubPullSuite.TestPullAllTagsFromCentralRegistry	5.558s
PASS: docker_cli_pull_test.go:238: DockerHubPullSuite.TestPullClientDisconnect	3.086s
PASS: docker_cli_pull_test.go:17: DockerHubPullSuite.TestPullFromCentralRegistry	1.946s
PASS: docker_cli_pull_test.go:116: DockerHubPullSuite.TestPullFromCentralRegistryImplicitRefParts	10.624s
PASS: docker_cli_pull_test.go:41: DockerHubPullSuite.TestPullNonExistingImage	1.131s
PASS: docker_cli_pull_test.go:184: DockerHubPullSuite.TestPullScratchNotAllowed	0.021s
OOPS: 1474 passed, 52 skipped, 1 FAILED
--- FAIL: Test (5585.74s)
FAIL
---> Making bundle: .integration-daemon-stop (in bundles/test-integration)
/go/src/github.com/docker/docker/hack/make/.integration-daemon-stop: line 10: wait: pid 583 is not a child of this shell
warning: PID 583 from bundles/test-integration/d01b0d0780cc4/docker.pid had a nonzero exit code
Clearing AppArmor profiles cache:.
All profile caches have been cleared, but no profiles have been unloaded.
Unloading profiles will leave already running processes permanently
unconfined, which can lead to unexpected situations.

To set a process to complain mode, use the command line tool
'aa-complain'. To really tear down all profiles, run the init script
with the 'teardown' option."
Removing test suite binaries
Build step 'Execute shell' marked build as failure
Set build name.
New build name is '#38464'
[PostBuildScript] - Executing post build scripts.
[Docker-PRs-experimental] $ /bin/sh -xe /tmp/jenkins5076822770409366331.sh
+ echo Ensuring container killed.
Ensuring container killed.
+ docker rm -vf docker-pr-exp43480
Error: No such container: docker-pr-exp43480
+ true
+ echo Chowning /workspace to jenkins user
Chowning /workspace to jenkins user
+ id -u
+ id -g
+ docker run --rm -v /home/ubuntu/workspace/Docker-PRs-experimental:/workspace busybox chown -R 1000:1000 /workspace
[Docker-PRs-experimental] $ /bin/sh -xe /tmp/jenkins1174624810901732562.sh
+ echo Creating bundles.tar.gz
Creating bundles.tar.gz
+ + xargs tar -czf bundles.tar.gz
find bundles -name *.log
Archiving artifacts
Notifying endpoint with url 'https://leeroy.dockerproject.org/notification/jenkins'
[WS-CLEANUP] Deleting project workspace...[WS-CLEANUP] done
Finished: FAILURE
