Started by user Gordon
Notifying endpoint with url 'https://leeroy.dockerproject.org/notification/jenkins'
[EnvInject] - Loading node environment variables.
Building remotely on azure-windows-rs1-8 (windows-rs1) in workspace /gopath/src/github.com/docker/docker
Wiping out workspace first.
Cloning the remote Git repository
Cloning repository https://github.com/moby/moby.git
 > git init C:\gopath\src\github.com\docker\docker # timeout=10
Fetching upstream changes from https://github.com/moby/moby.git
 > git --version # timeout=10
 > git fetch --tags --progress https://github.com/moby/moby.git +refs/heads/*:refs/remotes/origin/*
 > git config remote.origin.url https://github.com/moby/moby.git # timeout=10
 > git config --add remote.origin.fetch +refs/heads/*:refs/remotes/origin/* # timeout=10
 > git config remote.origin.url https://github.com/moby/moby.git # timeout=10
Fetching upstream changes from https://github.com/moby/moby.git
 > git fetch --tags --progress https://github.com/moby/moby.git +refs/heads/*:refs/remotes/origin/*
 > git rev-parse "origin/master^{commit}" # timeout=10
Checking out Revision e0e9942dc5466884e7b2ef5c509a9dab33c4a01a (origin/master)
 > git config core.sparsecheckout # timeout=10
 > git checkout -f e0e9942dc5466884e7b2ef5c509a9dab33c4a01a
Commit message: "Merge pull request #38419 from thaJeztah/fix_nuke_everything"
 > git rev-list --no-walk e0e9942dc5466884e7b2ef5c509a9dab33c4a01a # timeout=10
Set build name.
New build name is '#38474'
[docker] $ sh -xe C:\Users\jenkins\jenkins2738706032637124447.sh
+ git fetch origin +refs/pull/38474/head:refs/remotes/origin/pr/38474
From https://github.com/moby/moby
 * [new ref]               refs/pull/38474/head -> origin/pr/38474
+ git merge origin/pr/38474
Updating e0e9942dc5..c0c0dca490
Fast-forward
 integration/service/update_test.go | 2 +-
 1 file changed, 1 insertion(+), 1 deletion(-)
[docker] $ powershell.exe -NonInteractive -ExecutionPolicy ByPass "& 'C:\Users\jenkins\jenkins8670242752655923702.ps1'"
NEW entrypoint

INFO: executeCI.ps1 starting at Wed Jan  2 13:42:17 CUT 2019

INFO: Script version 28-Aug-2018 09:33 PDT
INFO: Running git version 2.18.0.windows.1
INFO: Branch:rs1_release Build:14393.2312.180607-1919
INFO: Environment variables:

Name                           Value                                                                                   
----                           -----                                                                                   
_                              /cygdrive/c/ProgramData/Oracle/Java/javapath/java                                       
ALLUSERSPROFILE                C:\ProgramData                                                                          
APPDATA                        C:\Users\jenkins\AppData\Roaming                                                        
BASE_BRANCH                    master                                                                                  
BUILD_CAUSE                    MANUALTRIGGER                                                                           
BUILD_CAUSE_MANUALTRIGGER      true                                                                                    
BUILD_DISPLAY_NAME             #38474                                                                                  
BUILD_ID                       23505                                                                                   
BUILD_NUMBER                   23505                                                                                   
BUILD_TAG                      jenkins-Docker-PRs-WoW-RS1-23505                                                        
BUILD_URL                      https://jenkins.dockerproject.org/job/Docker-PRs-WoW-RS1/23505/                         
CommonProgramFiles             C:\Program Files\Common Files                                                           
CommonProgramFiles(x86)        C:\Program Files (x86)\Common Files                                                     
CommonProgramW6432             C:\Program Files\Common Files                                                           
COMPUTERNAME                   jenkins-rs1-8                                                                           
COMSPEC                        C:\Windows\system32\cmd.exe                                                             
ConfigSet                      rs                                                                                      
CYGWIN                         binmode ntsec                                                                           
EXECUTOR_NUMBER                0                                                                                       
GIT_AUTHOR_EMAIL               janky@dockerproject.org                                                                 
GIT_AUTHOR_NAME                Docker Jenkins                                                                          
GIT_BASE_REPO                  moby/moby                                                                               
GIT_BRANCH                     origin/master                                                                           
GIT_COMMIT                     e0e9942dc5466884e7b2ef5c509a9dab33c4a01a                                                
GIT_COMMITTER_EMAIL            janky@dockerproject.org                                                                 
GIT_COMMITTER_NAME             Docker Jenkins                                                                          
GIT_HEAD_REPO                  thaJeztah/docker                                                                        
GIT_PREVIOUS_COMMIT            e0e9942dc5466884e7b2ef5c509a9dab33c4a01a                                                
GIT_PREVIOUS_SUCCESSFUL_COMMIT e0e9942dc5466884e7b2ef5c509a9dab33c4a01a                                                
GIT_SHA1                       c0c0dca49014241c7e6bc656b2f80384410e61fb                                                
GIT_URL                        https://github.com/moby/moby.git                                                        
GITHUB_URL                     https://github.com/moby/moby/pull/38474                                                 
HOME                           C:\cygwin\home\jenkins                                                                  
HOMEDRIVE                      C:                                                                                      
HOMEPATH                       \cygwin\home\jenkins                                                                    
HUDSON_COOKIE                  457dbd75-2c67-4086-af73-30b1aa91aabc                                                    
HUDSON_HOME                    /var/jenkins_home                                                                       
HUDSON_SERVER_COOKIE           5654907fc74b1465                                                                        
HUDSON_URL                     https://jenkins.dockerproject.org/                                                      
JENKINS_HOME                   /var/jenkins_home                                                                       
JENKINS_SERVER_COOKIE          5654907fc74b1465                                                                        
JENKINS_URL                    https://jenkins.dockerproject.org/                                                      
JOB_BASE_NAME                  Docker-PRs-WoW-RS1                                                                      
JOB_DISPLAY_URL                https://jenkins.dockerproject.org/job/Docker-PRs-WoW-RS1/display/redirect               
JOB_NAME                       Docker-PRs-WoW-RS1                                                                      
JOB_URL                        https://jenkins.dockerproject.org/job/Docker-PRs-WoW-RS1/                               
LOCALAPPDATA                   C:\Users\jenkins\AppData\Local                                                          
LOGNAME                        jenkins                                                                                 
LOGONSERVER                    \\jenkins-rs1-8                                                                         
MAIL                           /var/spool/mail//jenkins                                                                
NODE_LABELS                    azure-windows-rs1-8 windows-rs1                                                         
NODE_NAME                      azure-windows-rs1-8                                                                     
NUMBER_OF_PROCESSORS           4                                                                                       
OLDPWD                         /home/jenkins                                                                           
OS                             Windows_NT                                                                              
PATH                           C:\cygwin\bin;C:\ProgramData\Oracle\Java\javapath;C:\pstools;C:\Program Files\Notepad...
PATHEXT                        .COM;.EXE;.BAT;.CMD;.VBS;.VBE;.JS;.JSE;.WSF;.WSH;.MSC;.CPL                              
PR                             38474                                                                                   
PROCESSOR_ARCHITECTURE         AMD64                                                                                   
PROCESSOR_IDENTIFIER           Intel64 Family 6 Model 79 Stepping 1, GenuineIntel                                      
PROCESSOR_LEVEL                6                                                                                       
PROCESSOR_REVISION             4f01                                                                                    
ProgramData                    C:\ProgramData                                                                          
PROGRAMFILES                   C:\Program Files                                                                        
ProgramFiles(x86)              C:\Program Files (x86)                                                                  
ProgramW6432                   C:\Program Files                                                                        
PSExecutionPolicyPreference    Bypass                                                                                  
PSModulePath                   C:\Users\jenkins\Documents\WindowsPowerShell\Modules;C:\Program Files\WindowsPowerShe...
PUBLIC                         C:\Users\Public                                                                         
PWD                            /cygdrive/c/workspace                                                                   
ROOT_BUILD_CAUSE               MANUALTRIGGER                                                                           
ROOT_BUILD_CAUSE_MANUALTRIGGER true                                                                                    
RUN_CHANGES_DISPLAY_URL        https://jenkins.dockerproject.org/job/Docker-PRs-WoW-RS1/23505/display/redirect?page=...
RUN_DISPLAY_URL                https://jenkins.dockerproject.org/job/Docker-PRs-WoW-RS1/23505/display/redirect         
SHELL                          /bin/bash                                                                               
SHLVL                          1                                                                                       
SOURCES_DRIVE                  c                                                                                       
SOURCES_SUBDIR                 gopath                                                                                  
SSH_CLIENT                     52.88.204.51 57075 22                                                                   
SSH_CONNECTION                 52.88.204.51 57075 10.0.0.14 22                                                         
SYSTEMDRIVE                    C:                                                                                      
SYSTEMROOT                     C:\Windows                                                                              
TEMP                           d:\temp                                                                                 
TESTRUN_DRIVE                  d                                                                                       
TESTRUN_SUBDIR                 CI                                                                                      
USER                           jenkins                                                                                 
USERDOMAIN                     jenkins-rs1-8                                                                           
USERNAME                       jenkins                                                                                 
USERPROFILE                    C:\Users\jenkins                                                                        
WINDIR                         C:\Windows                                                                              
WORKSPACE                      /gopath/src/github.com/docker/docker                                                    



INFO: PR#38474 (https://github.com/docker/docker/pull/38474)
INFO: Sources under c:\gopath\...
INFO: Test run under d:\CI\...
INFO: Running in C:\gopath\src\github.com\docker\docker
INFO: docker/docker repository was found
INFO: Image microsoft/windowsservercore:latest is already loaded in the control daemon
INFO: Version of microsoft/windowsservercore:latest is '10.0.14393.2312'
INFO: Docker version of control daemon

Client:
 Version:           master-dockerproject-2018-10-09
 API version:       1.39
 Go version:        go1.10.4
 Git commit:        ab50c2f2
 Built:             Tue Oct  9 23:49:39 2018
 OS/Arch:           windows/amd64
 Experimental:      false

Server:
 Engine:
  Version:          master-dockerproject-2018-10-09
  API version:      1.39 (minimum version 1.24)
  Go version:       go1.11.1
  Git commit:       82a4797
  Built:            Tue Oct  9 23:58:23 2018
  OS/Arch:          windows/amd64
  Experimental:     false

INFO: Docker info of control daemon

Containers: 0
 Running: 0
 Paused: 0
 Stopped: 0
Images: 7
Server Version: master-dockerproject-2018-10-09
Storage Driver: windowsfilter
 Windows: 
Logging Driver: json-file
Plugins:
 Volume: local
 Network: ics l2bridge l2tunnel nat null overlay transparent
 Log: awslogs etwlogs fluentd gcplogs gelf json-file local logentries splunk syslog
Swarm: inactive
Default Isolation: process
Kernel Version: 10.0 14393 (14393.2312.amd64fre.rs1_release.180607-1919)
Operating System: Windows Server 2016 Datacenter Version 1607 (OS Build 14393.2312)
OSType: windows
Architecture: x86_64
CPUs: 4
Total Memory: 14GiB
Name: jenkins-rs1-8
ID: ZMZN:J5EJ:R2N2:JXXY:ZS7X:ZNHC:RBRB:NFFK:XUVA:ITCL:GP5Y:RX4I
Docker Root Dir: D:\control
Debug Mode (client): false
Debug Mode (server): false
Registry: https://index.docker.io/v1/
Labels:
Experimental: false
Insecure Registries:
 127.0.0.0/8
Live Restore Enabled: false


INFO: Commit hash is c0c0dca490
INFO: Nuke-Everything...
INFO: Container count on control daemon to delete is 0
INFO: Nuking d:\CI
INFO: Zapped successfully
INFO: Location for testing is d:\CI\CI-c0c0dca490
INFO: Validating GOLang consistency in Dockerfile.windows...


INFO: Building the image from Dockerfile.windows at 01/02/2019 13:42:19...

Sending build context to Docker daemon  46.38MB

Step 1/7 : FROM microsoft/windowsservercore
 ---> eb1805404161
Step 2/7 : SHELL ["powershell", "-Command", "$ErrorActionPreference = 'Stop'; $ProgressPreference = 'SilentlyContinue';"]
 ---> Using cache
 ---> 2ee68bc47118
Step 3/7 : ENV GO_VERSION=1.11.4     GIT_VERSION=2.11.1     GOPATH=C:\go     FROM_DOCKERFILE=1
 ---> Using cache
 ---> ab8c1e29091e
Step 4/7 : RUN   Function Test-Nano() {     $EditionId = (Get-ItemProperty -Path 'HKLM:\SOFTWARE\Microsoft\Windows NT\CurrentVersion' -Name 'EditionID').EditionId;     return (($EditionId -eq 'ServerStandardNano') -or ($EditionId -eq 'ServerDataCenterNano') -or ($EditionId -eq 'NanoServer'));   }    Function Download-File([string] $source, [string] $target) {     if (Test-Nano) {       $handler = New-Object System.Net.Http.HttpClientHandler;       $client = New-Object System.Net.Http.HttpClient($handler);       $client.Timeout = New-Object System.TimeSpan(0, 30, 0);       $cancelTokenSource = [System.Threading.CancellationTokenSource]::new();       $responseMsg = $client.GetAsync([System.Uri]::new($source), $cancelTokenSource.Token);       $responseMsg.Wait();       if (!$responseMsg.IsCanceled) {         $response = $responseMsg.Result;         if ($response.IsSuccessStatusCode) {           $downloadedFileStream = [System.IO.FileStream]::new($target, [System.IO.FileMode]::Create, [System.IO.FileAccess]::Write);           $copyStreamOp = $response.Content.CopyToAsync($downloadedFileStream);           $copyStreamOp.Wait();           $downloadedFileStream.Close();           if ($copyStreamOp.Exception -ne $null) { throw $copyStreamOp.Exception }         }       } else {       Throw ("Failed to download " + $source)       }    } else {       $webClient = New-Object System.Net.WebClient;       $webClient.DownloadFile($source, $target);     }   }     setx /M PATH $('C:\git\cmd;C:\git\usr\bin;'+$Env:PATH+';C:\gcc\bin;C:\go\bin');     Write-Host INFO: Downloading git...;   $location='https://www.nuget.org/api/v2/package/GitForWindows/'+$Env:GIT_VERSION;   Download-File $location C:\gitsetup.zip;     Write-Host INFO: Downloading go...;   Download-File $('https://golang.org/dl/go'+$Env:GO_VERSION+'.windows-amd64.zip') C:\go.zip;     Write-Host INFO: Downloading compiler 1 of 3...;   Download-File https://raw.githubusercontent.com/jhowardmsft/docker-tdmgcc/master/gcc.zip C:\gcc.zip;     Write-Host INFO: Downloading compiler 2 of 3...;   Download-File https://raw.githubusercontent.com/jhowardmsft/docker-tdmgcc/master/runtime.zip C:\runtime.zip;     Write-Host INFO: Downloading compiler 3 of 3...;   Download-File https://raw.githubusercontent.com/jhowardmsft/docker-tdmgcc/master/binutils.zip C:\binutils.zip;     Write-Host INFO: Extracting git...;   Expand-Archive C:\gitsetup.zip C:\git-tmp;   New-Item -Type Directory C:\git | Out-Null;   Move-Item C:\git-tmp\tools\* C:\git\.;   Remove-Item -Recurse -Force C:\git-tmp;     Write-Host INFO: Expanding go...;   Expand-Archive C:\go.zip -DestinationPath C:\;     Write-Host INFO: Expanding compiler 1 of 3...;   Expand-Archive C:\gcc.zip -DestinationPath C:\gcc -Force;   Write-Host INFO: Expanding compiler 2 of 3...;   Expand-Archive C:\runtime.zip -DestinationPath C:\gcc -Force;   Write-Host INFO: Expanding compiler 3 of 3...;   Expand-Archive C:\binutils.zip -DestinationPath C:\gcc -Force;     Write-Host INFO: Removing downloaded files...;   Remove-Item C:\gcc.zip;   Remove-Item C:\runtime.zip;   Remove-Item C:\binutils.zip;   Remove-Item C:\gitsetup.zip;     Write-Host INFO: Creating source directory...;   New-Item -ItemType Directory -Path C:\go\src\github.com\docker\docker | Out-Null;     Write-Host INFO: Configuring git core.autocrlf...;   C:\git\cmd\git config --global core.autocrlf true;     Write-Host INFO: Completed
 ---> Using cache
 ---> a26c32cec10b
Step 5/7 : ENTRYPOINT ["powershell.exe"]
 ---> Using cache
 ---> 35c62843c866
Step 6/7 : WORKDIR C:\go\src\github.com\docker\docker
 ---> Using cache
 ---> 2c8594fbbb92
Step 7/7 : COPY . .
 ---> 582fa15bc26d
Successfully built 582fa15bc26d
Successfully tagged docker:latest
INFO: Image build ended at 01/02/2019 13:42:53. Duration:00:00:33.8971569


INFO: Building the test binaries at 01/02/2019 13:42:53...
INFO: make.ps1 starting at 01/02/2019 13:43:08
INFO: Git commit (c0c0dca490) assumed from DOCKER_GITCOMMIT environment variable
INFO: Invoking autogen...
INFO: Building daemon...
INFO: Downloading docker/cli version 17.06.0-ce from edge...

 ________   ____  __.
 \_____  \ |    |/ _|
 /   |   \|      <
 /    |    \    |  \
 \_______  /____|__ \
         \/        \/

INFO: make.ps1 ended at 01/02/2019 13:43:57
INFO: Binaries build ended at 01/02/2019 13:43:59. Duration:00:01:05.9858897
INFO: Copying the built daemon binary to d:\CI\CI-c0c0dca490\binary\dockerd-c0c0dca490.exe...
INFO: Copying the built client binary to d:\CI\CI-c0c0dca490\binary\docker-c0c0dca490.exe...
INFO: Copying dockerversion from the container...
INFO: Copying the golang package from the container to d:\CI\CI-c0c0dca490\installer\go.zip...
INFO: Extracting go.zip to d:\CI\CI-c0c0dca490\go
INFO: Extraction ended at 01/02/2019 13:44:23. Duration:00:00:21.9010981
INFO: Updating the golang and path environment variables
INFO: GOPATH=c:\gopath
INFO: go version go1.11.4 windows/amd64
INFO: Starting a daemon under test...
INFO: Args: -H tcp://0.0.0.0:2357 --data-root d:\CI\CI-c0c0dca490\daemon --pidfile d:\CI\CI-c0c0dca490\docker.pid
INFO: Process started successfully.
INFO: Waiting for the daemon under test to start...
INFO: Daemon under test started and replied!
INFO: Docker version of the daemon under test

Client:
 Version:      17.06.0-ce
 API version:  1.30
 Go version:   go1.8.3
 Git commit:   02c1d87
 Built:        Fri Jun 23 21:30:30 2017
 OS/Arch:      windows/amd64

Server:
 Version:      0.0.0-dev
 API version:  1.40 (minimum version 1.24)
 Go version:   go1.11.4
 Git commit:   c0c0dca490
 Built:        01/02/2019 13:43:09
 OS/Arch:      windows/amd64
 Experimental: false

INFO: Docker info of the daemon under test

Containers: 0
 Running: 0
 Paused: 0
 Stopped: 0
Images: 0
Server Version: 0.0.0-dev
Storage Driver: windowsfilter
 Windows: 
Logging Driver: json-file
Plugins: 
 Volume: local
 Network: ics l2bridge l2tunnel nat null overlay transparent
 Log: awslogs etwlogs fluentd gcplogs gelf json-file local logentries splunk syslog
Swarm: inactive
Default Isolation: process
Kernel Version: 10.0 14393 (14393.2312.amd64fre.rs1_release.180607-1919)
Operating System: Windows Server 2016 Datacenter Version 1607 (OS Build 14393.2312)
OSType: windows
Architecture: x86_64
CPUs: 4
Total Memory: 14GiB
Name: jenkins-rs1-8
ID: HGU6:MLSU:VVWC:DD3U:SCCK:GGHU:22KH:OLSJ:5EX3:MG2H:OOUT:7CV2
Docker Root Dir: D:\CI\CI-c0c0dca490\daemon
Debug Mode (client): false
Debug Mode (server): false
Registry: https://index.docker.io/v1/
Labels:
Experimental: false
Insecure Registries:
 127.0.0.0/8
Live Restore Enabled: false


INFO: Docker images of the daemon under test

REPOSITORY          TAG                 IMAGE ID            CREATED             SIZE

INFO: Base image for tests is microsoft/windowsservercore
INFO: Loading windowsservercore .tar from disk into the daemon under test. This may take some time...
Loaded image: microsoft/windowsservercore:10.0.14393.2312
Loaded image: microsoft/windowsservercore:latest
INFO: docker load of windowsservercore  into daemon under test completed successfully
INFO: Version of microsoft/windowsservercore:latest is '10.0.14393.2312'
INFO: Running validation tests at 01/02/2019 13:47:27...
INFO: make.ps1 starting at 01/02/2019 13:47:27
INFO: Validating Developer Certificate of Origin...
Congratulations!  All commits are properly signed with the DCO!
INFO: Validating go formatting on changed files...
Checking integration\service\update_test.go
Congratulations!  All Go source files are properly formatted.
INFO: Validating pkg import isolation...
Congratulations!  ".\pkg\*.go" is safely isolated from internal code.
INFO: make.ps1 ended at 01/02/2019 13:47:28
INFO: Validation tests ended at 01/02/2019 13:47:28. Duration:00:00:01.1952195
INFO: Running unit tests at 01/02/2019 13:47:28...
INFO: make.ps1 starting at 01/02/2019 13:47:44
INFO: Git commit (c0c0dca490) assumed from DOCKER_GITCOMMIT environment variable
INFO: Invoking autogen...
INFO: Running unit tests...
?   	github.com/docker/docker/api	[no test files]
ok  	github.com/docker/docker/api/server	0.057s	coverage: 7.9% of statements
?   	github.com/docker/docker/api/server/backend/build	[no test files]
ok  	github.com/docker/docker/api/server/httputils	0.071s	coverage: 11.1% of statements
ok  	github.com/docker/docker/api/server/middleware	0.075s	coverage: 43.4% of statements
?   	github.com/docker/docker/api/server/router	[no test files]
?   	github.com/docker/docker/api/server/router/build	[no test files]
?   	github.com/docker/docker/api/server/router/checkpoint	[no test files]
?   	github.com/docker/docker/api/server/router/container	[no test files]
?   	github.com/docker/docker/api/server/router/debug	[no test files]
?   	github.com/docker/docker/api/server/router/distribution	[no test files]
?   	github.com/docker/docker/api/server/router/image	[no test files]
?   	github.com/docker/docker/api/server/router/network	[no test files]
?   	github.com/docker/docker/api/server/router/plugin	[no test files]
?   	github.com/docker/docker/api/server/router/session	[no test files]
?   	github.com/docker/docker/api/server/router/swarm	[no test files]
?   	github.com/docker/docker/api/server/router/system	[no test files]
?   	github.com/docker/docker/api/server/router/volume	[no test files]
?   	github.com/docker/docker/api/types	[no test files]
?   	github.com/docker/docker/api/types/backend	[no test files]
?   	github.com/docker/docker/api/types/blkiodev	[no test files]
?   	github.com/docker/docker/api/types/container	[no test files]
?   	github.com/docker/docker/api/types/events	[no test files]
ok  	github.com/docker/docker/api/types/filters	0.051s	coverage: 94.2% of statements
?   	github.com/docker/docker/api/types/image	[no test files]
?   	github.com/docker/docker/api/types/mount	[no test files]
?   	github.com/docker/docker/api/types/network	[no test files]
?   	github.com/docker/docker/api/types/plugins/logdriver	[no test files]
?   	github.com/docker/docker/api/types/registry	[no test files]
ok  	github.com/docker/docker/api/types/strslice	0.064s	coverage: 90.0% of statements
?   	github.com/docker/docker/api/types/swarm	[no test files]
?   	github.com/docker/docker/api/types/swarm/runtime	[no test files]
ok  	github.com/docker/docker/api/types/time	0.191s	coverage: 100.0% of statements
ok  	github.com/docker/docker/api/types/versions	0.045s	coverage: 75.0% of statements
?   	github.com/docker/docker/api/types/versions/v1p19	[no test files]
?   	github.com/docker/docker/api/types/versions/v1p20	[no test files]
?   	github.com/docker/docker/api/types/volume	[no test files]
?   	github.com/docker/docker/autogen/winresources/docker	[no test files]
?   	github.com/docker/docker/autogen/winresources/dockerd	[no test files]
?   	github.com/docker/docker/builder	[no test files]
?   	github.com/docker/docker/builder/builder-next	[no test files]
?   	github.com/docker/docker/builder/builder-next/adapters/containerimage	[no test files]
?   	github.com/docker/docker/builder/builder-next/adapters/snapshot	[no test files]
?   	github.com/docker/docker/builder/builder-next/exporter	[no test files]
?   	github.com/docker/docker/builder/builder-next/imagerefchecker	[no test files]
?   	github.com/docker/docker/builder/builder-next/worker	[no test files]
ok  	github.com/docker/docker/builder/dockerfile	0.187s	coverage: 43.2% of statements
ok  	github.com/docker/docker/builder/dockerignore	0.062s	coverage: 96.8% of statements
ok  	github.com/docker/docker/builder/fscache	0.443s	coverage: 69.5% of statements
ok  	github.com/docker/docker/builder/remotecontext	0.418s	coverage: 9.3% of statements
ok  	github.com/docker/docker/builder/remotecontext/git	58.933s	coverage: 78.8% of statements
?   	github.com/docker/docker/cli	[no test files]
?   	github.com/docker/docker/cli/config	[no test files]
ok  	github.com/docker/docker/cli/debug	0.064s	coverage: 100.0% of statements
ok  	github.com/docker/docker/client	0.204s	coverage: 75.1% of statements
ok  	github.com/docker/docker/cmd/dockerd	0.167s	coverage: 18.0% of statements
ok  	github.com/docker/docker/container	0.344s	coverage: 42.5% of statements
?   	github.com/docker/docker/container/stream	[no test files]
?   	github.com/docker/docker/contrib/apparmor	[no test files]
?   	github.com/docker/docker/contrib/docker-device-tool	[no test files]
?   	github.com/docker/docker/contrib/httpserver	[no test files]
ok  	github.com/docker/docker/daemon	2.631s	coverage: 8.3% of statements
ok  	github.com/docker/docker/daemon/cluster	0.186s	coverage: 0.5% of statements
ok  	github.com/docker/docker/daemon/cluster/controllers/plugin	0.120s	coverage: 65.3% of statements
ok  	github.com/docker/docker/daemon/cluster/convert	0.174s	coverage: 28.0% of statements
?   	github.com/docker/docker/daemon/cluster/executor	[no test files]
ok  	github.com/docker/docker/daemon/cluster/executor/container	0.550s	coverage: 9.9% of statements
?   	github.com/docker/docker/daemon/cluster/provider	[no test files]
ok  	github.com/docker/docker/daemon/config	0.187s	coverage: 81.8% of statements
ok  	github.com/docker/docker/daemon/discovery	0.150s	coverage: 30.4% of statements
ok  	github.com/docker/docker/daemon/events	0.364s	coverage: 50.0% of statements
?   	github.com/docker/docker/daemon/events/testutils	[no test files]
?   	github.com/docker/docker/daemon/exec	[no test files]
ok  	github.com/docker/docker/daemon/graphdriver	0.142s	coverage: 2.3% of statements
?   	github.com/docker/docker/daemon/graphdriver/btrfs	[no test files]
?   	github.com/docker/docker/daemon/graphdriver/devmapper	[no test files]
?   	github.com/docker/docker/daemon/graphdriver/graphtest	[no test files]
?   	github.com/docker/docker/daemon/graphdriver/lcow	[no test files]
?   	github.com/docker/docker/daemon/graphdriver/overlay	[no test files]
?   	github.com/docker/docker/daemon/graphdriver/overlay2	[no test files]
?   	github.com/docker/docker/daemon/graphdriver/quota	[no test files]
?   	github.com/docker/docker/daemon/graphdriver/register	[no test files]
?   	github.com/docker/docker/daemon/graphdriver/vfs	[no test files]
?   	github.com/docker/docker/daemon/graphdriver/windows	[no test files]
?   	github.com/docker/docker/daemon/graphdriver/zfs	[no test files]
ok  	github.com/docker/docker/daemon/images	0.173s	coverage: 4.9% of statements
?   	github.com/docker/docker/daemon/initlayer	[no test files]
ok  	github.com/docker/docker/daemon/links	0.074s	coverage: 93.0% of statements
?   	github.com/docker/docker/daemon/listeners	[no test files]
ok  	github.com/docker/docker/daemon/logger	0.312s	coverage: 44.0% of statements
ok  	github.com/docker/docker/daemon/logger/awslogs	0.238s	coverage: 71.7% of statements
?   	github.com/docker/docker/daemon/logger/etwlogs	[no test files]
?   	github.com/docker/docker/daemon/logger/fluentd	[no test files]
?   	github.com/docker/docker/daemon/logger/gcplogs	[no test files]
?   	github.com/docker/docker/daemon/logger/gelf	[no test files]
?   	github.com/docker/docker/daemon/logger/journald	[no test files]
ok  	github.com/docker/docker/daemon/logger/jsonfilelog	0.154s	coverage: 62.1% of statements
ok  	github.com/docker/docker/daemon/logger/jsonfilelog/jsonlog	0.167s	coverage: 88.3% of statements
ok  	github.com/docker/docker/daemon/logger/local	0.194s	coverage: 74.7% of statements
?   	github.com/docker/docker/daemon/logger/logentries	[no test files]
ok  	github.com/docker/docker/daemon/logger/loggerutils	0.125s	coverage: 18.1% of statements
ok  	github.com/docker/docker/daemon/logger/splunk	1.731s	coverage: 84.5% of statements
ok  	github.com/docker/docker/daemon/logger/syslog	0.083s	coverage: 47.8% of statements
ok  	github.com/docker/docker/daemon/logger/templates	0.086s	coverage: 8.3% of statements
?   	github.com/docker/docker/daemon/names	[no test files]
?   	github.com/docker/docker/daemon/network	[no test files]
?   	github.com/docker/docker/daemon/stats	[no test files]
ok  	github.com/docker/docker/distribution	2.814s	coverage: 15.6% of statements
ok  	github.com/docker/docker/distribution/metadata	0.932s	coverage: 48.2% of statements
?   	github.com/docker/docker/distribution/utils	[no test files]
ok  	github.com/docker/docker/distribution/xfer	1.776s	coverage: 62.2% of statements
?   	github.com/docker/docker/dockerversion	[no test files]
ok  	github.com/docker/docker/errdefs	0.084s	coverage: 76.6% of statements
ok  	github.com/docker/docker/hack/integration-cli-on-swarm/agent/master	0.065s	coverage: 11.3% of statements
?   	github.com/docker/docker/hack/integration-cli-on-swarm/agent/types	[no test files]
?   	github.com/docker/docker/hack/integration-cli-on-swarm/agent/worker	[no test files]
ok  	github.com/docker/docker/hack/integration-cli-on-swarm/host	0.077s	coverage: 3.6% of statements
ok  	github.com/docker/docker/image	0.401s	coverage: 86.3% of statements
ok  	github.com/docker/docker/image/cache	0.113s	coverage: 19.2% of statements
?   	github.com/docker/docker/image/tarexport	[no test files]
ok  	github.com/docker/docker/image/v1	0.106s	coverage: 25.0% of statements
?   	github.com/docker/docker/internal/test	[no test files]
?   	github.com/docker/docker/internal/test/daemon	[no test files]
?   	github.com/docker/docker/internal/test/environment	[no test files]
?   	github.com/docker/docker/internal/test/fakecontext	[no test files]
?   	github.com/docker/docker/internal/test/fakegit	[no test files]
?   	github.com/docker/docker/internal/test/fakestorage	[no test files]
?   	github.com/docker/docker/internal/test/fixtures/load	[no test files]
?   	github.com/docker/docker/internal/test/fixtures/plugin	[no test files]
?   	github.com/docker/docker/internal/test/fixtures/plugin/basic	[no test files]
?   	github.com/docker/docker/internal/test/registry	[no test files]
?   	github.com/docker/docker/internal/test/request	[no test files]
ok  	github.com/docker/docker/internal/testutil	0.061s	coverage: 62.5% of statements
ok  	github.com/docker/docker/layer	0.363s	coverage: 28.2% of statements
ok  	github.com/docker/docker/libcontainerd	0.090s	coverage: 3.7% of statements
?   	github.com/docker/docker/libcontainerd/supervisor	[no test files]
?   	github.com/docker/docker/oci	[no test files]
?   	github.com/docker/docker/oci/caps	[no test files]
ok  	github.com/docker/docker/opts	0.058s	coverage: 68.7% of statements
ok  	github.com/docker/docker/pkg/aaparser	0.116s	coverage: 50.0% of statements
ok  	github.com/docker/docker/pkg/archive	6.884s	coverage: 62.2% of statements
ok  	github.com/docker/docker/pkg/authorization	0.409s	coverage: 26.2% of statements
ok  	github.com/docker/docker/pkg/broadcaster	0.037s	coverage: 100.0% of statements
ok  	github.com/docker/docker/pkg/chrootarchive	0.111s	coverage: 13.3% of statements
?   	github.com/docker/docker/pkg/containerfs	[no test files]
?   	github.com/docker/docker/pkg/devicemapper	[no test files]
ok  	github.com/docker/docker/pkg/directory	0.066s	coverage: 80.0% of statements
ok  	github.com/docker/docker/pkg/discovery	0.052s	coverage: 58.3% of statements
ok  	github.com/docker/docker/pkg/discovery/file	0.067s	coverage: 92.9% of statements
ok  	github.com/docker/docker/pkg/discovery/kv	3.156s	coverage: 84.1% of statements
ok  	github.com/docker/docker/pkg/discovery/memory	0.053s	coverage: 92.3% of statements
ok  	github.com/docker/docker/pkg/discovery/nodes	0.060s	coverage: 93.8% of statements
ok  	github.com/docker/docker/pkg/filenotify	0.050s	coverage: 43.8% of statements
ok  	github.com/docker/docker/pkg/fileutils	0.058s	coverage: 87.7% of statements
ok  	github.com/docker/docker/pkg/homedir	0.044s	coverage: 75.0% of statements
?   	github.com/docker/docker/pkg/idtools	[no test files]
ok  	github.com/docker/docker/pkg/ioutils	0.390s	coverage: 69.1% of statements
ok  	github.com/docker/docker/pkg/jsonmessage	0.107s	coverage: 88.3% of statements
ok  	github.com/docker/docker/pkg/locker	0.091s	coverage: 88.9% of statements
ok  	github.com/docker/docker/pkg/longpath	0.100s	coverage: 100.0% of statements
?   	github.com/docker/docker/pkg/mount	[no test files]
ok  	github.com/docker/docker/pkg/namesgenerator	0.075s	coverage: 85.7% of statements
?   	github.com/docker/docker/pkg/namesgenerator/cmd/names-generator	[no test files]
ok  	github.com/docker/docker/pkg/parsers	0.117s	coverage: 97.0% of statements
?   	github.com/docker/docker/pkg/parsers/kernel	[no test files]
?   	github.com/docker/docker/pkg/parsers/operatingsystem	[no test files]
ok  	github.com/docker/docker/pkg/pidfile	0.096s	coverage: 82.6% of statements
?   	github.com/docker/docker/pkg/platform	[no test files]
?   	github.com/docker/docker/pkg/plugingetter	[no test files]
2019/01/02 13:50:06 http: panic serving 127.0.0.1:49220: Plugin not ready
goroutine 8 [running]:
net/http.(*conn).serve.func1(0xc00004a960)
	c:/go/src/net/http/server.go:1746 +0xd7
panic(0x7eb7c0, 0x8f3fc0)
	c:/go/src/runtime/panic.go:513 +0x1c7
github.com/docker/docker/pkg/plugins.TestFailOnce.func1(0x8fbf20, 0xc00014c000, 0xc0000dc300)
	c:/go/src/github.com/docker/docker/pkg/plugins/client_test.go:55 +0x56
net/http.HandlerFunc.ServeHTTP(0xc0000f2070, 0x8fbf20, 0xc00014c000, 0xc0000dc300)
	c:/go/src/net/http/server.go:1964 +0x4b
net/http.(*ServeMux).ServeHTTP(0xc0000ea150, 0x8fbf20, 0xc00014c000, 0xc0000dc300)
	c:/go/src/net/http/server.go:2361 +0x12e
net/http.serverHandler.ServeHTTP(0xc000118000, 0x8fbf20, 0xc00014c000, 0xc0000dc300)
	c:/go/src/net/http/server.go:2741 +0xb2
net/http.(*conn).serve(0xc00004a960, 0x8fc2a0, 0xc0000409c0)
	c:/go/src/net/http/server.go:1847 +0x64d
created by net/http.(*Server).Serve
	c:/go/src/net/http/server.go:2851 +0x2fc
time="2019-01-02T13:50:06Z" level=warning msg="Unable to connect to plugin: 127.0.0.1:49219/Test.FailOnce: Post http://127.0.0.1:49219/Test.FailOnce: EOF, retrying in 1s"
time="2019-01-02T13:50:08Z" level=warning msg="Unable to connect to plugin: 127.0.0.1:49224/Test.Echo: Post http://127.0.0.1:49224/Test.Echo: net/http: request canceled (Client.Timeout exceeded while awaiting headers), retrying in 1s"
time="2019-01-02T13:50:10Z" level=warning msg="Unable to connect to plugin: 127.0.0.1:49224/Test.Echo: Post http://127.0.0.1:49224/Test.Echo: net/http: request canceled (Client.Timeout exceeded while awaiting headers), retrying in 2s"
time="2019-01-02T13:50:12Z" level=warning msg="Unable to connect to plugin: 127.0.0.1:49224/Test.Echo: Post http://127.0.0.1:49224/Test.Echo: net/http: request canceled (Client.Timeout exceeded while awaiting headers), retrying in 4s"
time="2019-01-02T13:50:17Z" level=warning msg="Unable to connect to plugin: 127.0.0.1:49224/Test.Echo: Post http://127.0.0.1:49224/Test.Echo: net/http: request canceled (Client.Timeout exceeded while awaiting headers), retrying in 8s"
--- FAIL: TestClientWithRequestTimeout (0.00s)
    client_test.go:259: assertion failed: 
        --- context.DeadlineExceeded
        +++ err
        :
        	-: context.deadlineExceededError{}
        	+: &net.OpError{Op: "dial", Net: "tcp", Addr: s"127.0.0.1:49295", Err: &poll.TimeoutError{}}
        
time="2019-01-02T13:50:25Z" level=warning msg="Unable to locate plugin: vegetable, retrying in 1s"
time="2019-01-02T13:50:26Z" level=warning msg="Unable to locate plugin: vegetable, retrying in 2s"
time="2019-01-02T13:50:28Z" level=warning msg="Unable to locate plugin: vegetable, retrying in 4s"
time="2019-01-02T13:50:32Z" level=warning msg="Unable to locate plugin: vegetable, retrying in 8s"
FAIL
coverage: 73.6% of statements
FAIL	github.com/docker/docker/pkg/plugins	34.874s
ok  	github.com/docker/docker/pkg/plugins/pluginrpc-gen	0.089s	coverage: 56.8% of statements
?   	github.com/docker/docker/pkg/plugins/pluginrpc-gen/fixtures	[no test files]
?   	github.com/docker/docker/pkg/plugins/pluginrpc-gen/fixtures/otherfixture	[no test files]
ok  	github.com/docker/docker/pkg/plugins/transport	0.077s	coverage: 85.7% of statements
ok  	github.com/docker/docker/pkg/pools	0.041s	coverage: 87.9% of statements
ok  	github.com/docker/docker/pkg/progress	0.061s	coverage: 75.9% of statements
ok  	github.com/docker/docker/pkg/pubsub	1.089s	coverage: 72.7% of statements
ok  	github.com/docker/docker/pkg/reexec	0.122s	coverage: 82.4% of statements
ok  	github.com/docker/docker/pkg/signal	0.048s	coverage: 20.3% of statements
?   	github.com/docker/docker/pkg/signal/testfiles	[no test files]
ok  	github.com/docker/docker/pkg/stdcopy	0.040s	coverage: 100.0% of statements
ok  	github.com/docker/docker/pkg/streamformatter	0.057s	coverage: 66.2% of statements
ok  	github.com/docker/docker/pkg/stringid	0.057s	coverage: 76.0% of statements
?   	github.com/docker/docker/pkg/symlink	[no test files]
ok  	github.com/docker/docker/pkg/sysinfo	0.067s	coverage: 38.2% of statements
ok  	github.com/docker/docker/pkg/system	0.066s	coverage: 12.7% of statements
ok  	github.com/docker/docker/pkg/tailfile	0.057s	coverage: 88.6% of statements
ok  	github.com/docker/docker/pkg/tarsum	0.143s	coverage: 89.3% of statements
ok  	github.com/docker/docker/pkg/term	0.044s	coverage: 30.8% of statements
ok  	github.com/docker/docker/pkg/term/windows	0.047s	coverage: 0.0% of statements [no tests to run]
ok  	github.com/docker/docker/pkg/truncindex	0.152s	coverage: 91.5% of statements
ok  	github.com/docker/docker/pkg/urlutil	0.053s	coverage: 100.0% of statements
ok  	github.com/docker/docker/pkg/useragent	0.101s	coverage: 88.9% of statements
ok  	github.com/docker/docker/plugin	0.112s	coverage: 12.0% of statements
ok  	github.com/docker/docker/plugin/executor/containerd	0.061s	coverage: 33.3% of statements
ok  	github.com/docker/docker/plugin/v2	0.061s	coverage: 20.1% of statements
ok  	github.com/docker/docker/reference	0.093s	coverage: 84.4% of statements
ok  	github.com/docker/docker/registry	0.166s	coverage: 51.3% of statements
ok  	github.com/docker/docker/registry/resumable	0.132s	coverage: 100.0% of statements
ok  	github.com/docker/docker/restartmanager	0.051s	coverage: 47.1% of statements
ok  	github.com/docker/docker/runconfig	0.083s	coverage: 54.5% of statements
?   	github.com/docker/docker/runconfig/opts	[no test files]
?   	github.com/docker/docker/volume	[no test files]
ok  	github.com/docker/docker/volume/drivers	0.095s	coverage: 36.1% of statements
ok  	github.com/docker/docker/volume/local	0.082s	coverage: 37.7% of statements
ok  	github.com/docker/docker/volume/mounts	0.102s	coverage: 66.3% of statements
ok  	github.com/docker/docker/volume/service	0.196s	coverage: 70.3% of statements
?   	github.com/docker/docker/volume/service/opts	[no test files]
?   	github.com/docker/docker/volume/testutils	[no test files]

ERROR: make.ps1 failed:
Unit tests failed
At C:\go\src\github.com\docker\docker\hack\make.ps1:320 char:32
+     if ($LASTEXITCODE -ne 0) { Throw "Unit tests failed" }
+                                ~~~~~~~~~~~~~~~~~~~~~~~~~

___________      .__.__             .___
\_   _____/____  |__|  |   ____   __| _/
 |    __) \__  \ |  |  | _/ __ \ / __ | 
 |     \   / __ \|  |  |_\  ___// /_/ | 
 \___  /  (____  /__|____/\___  >____ | 
     \/        \/             \/     \/ 

INFO: make.ps1 ended at 01/02/2019 13:50:42
Unit tests failed
At C:\go\src\github.com\docker\docker\hack\make.ps1:320 char:32
+     if ($LASTEXITCODE -ne 0) { Throw "Unit tests failed" }
+                                ~~~~~~~~~~~~~~~~~~~~~~~~~
    + CategoryInfo          : OperationStopped: (Unit tests failed:String) [], 
    RuntimeException
    + FullyQualifiedErrorId : Unit tests failed
 


ERROR: Failed 'ERROR: Unit tests failed' at 01/02/2019 13:50:46
At C:\gopath\src\github.com\docker\docker\hack\ci\windows.ps1:750 char:17
+                 Throw "ERROR: Unit tests failed"
+                 ~~~~~~~~~~~~~~~~~~~~~~~~~~~~~~~~



INFO: Tidying up at end of run
INFO: Saving daemon under test log (d:\CI\CI-c0c0dca490\dut.err) to d:\temp\CIDUT.log
INFO: Nuke-Everything...
INFO: Container count on control daemon to delete is 2
514ba330ad78
90046a961c45
INFO: Non-base image count on control daemon to delete is 1
Deleted: sha256:d538c0dd95357b2ea8d3fe3cd3daffc42484ef9b63953b23663c21c1780f9d6d
Deleted: sha256:382afba113746057200bc7d2c231ba0161332821538f17abe2d55cecc9e1528f
INFO: Killing daemon with PID 8308
INFO: Tidying pidfile d:\CI\CI-c0c0dca490\docker.pid
INFO: Stopping possible daemon pid 8308
ERROR: The process "8308" not found.
INFO: Nuking d:\CI
INFO: Zapped successfully

INFO: executeCI.ps1 exiting at Wed Jan  2 13:51:09 CUT 2019. Duration 00:08:52.0158881

Build step 'Windows PowerShell' marked build as failure
Set build name.
New build name is '#38474'
[PostBuildScript] - Executing post build scripts.
Notifying endpoint with url 'https://leeroy.dockerproject.org/notification/jenkins'
Finished: FAILURE
