Started by user Gordon
Notifying endpoint with url 'https://leeroy.dockerproject.org/notification/jenkins'
[EnvInject] - Loading node environment variables.
Building remotely on azure-windows-rs1-7 (windows-rs1) in workspace /gopath/src/github.com/docker/docker
Wiping out workspace first.
Cloning the remote Git repository
Cloning repository https://github.com/moby/moby.git
 > git init C:\gopath\src\github.com\docker\docker # timeout=10
Fetching upstream changes from https://github.com/moby/moby.git
 > git --version # timeout=10
 > git fetch --tags --progress https://github.com/moby/moby.git +refs/heads/*:refs/remotes/origin/*
 > git config remote.origin.url https://github.com/moby/moby.git # timeout=10
 > git config --add remote.origin.fetch +refs/heads/*:refs/remotes/origin/* # timeout=10
 > git config remote.origin.url https://github.com/moby/moby.git # timeout=10
Fetching upstream changes from https://github.com/moby/moby.git
 > git fetch --tags --progress https://github.com/moby/moby.git +refs/heads/*:refs/remotes/origin/*
 > git rev-parse "origin/master^{commit}" # timeout=10
Checking out Revision e0e9942dc5466884e7b2ef5c509a9dab33c4a01a (origin/master)
 > git config core.sparsecheckout # timeout=10
 > git checkout -f e0e9942dc5466884e7b2ef5c509a9dab33c4a01a
Commit message: "Merge pull request #38419 from thaJeztah/fix_nuke_everything"
 > git rev-list --no-walk e0e9942dc5466884e7b2ef5c509a9dab33c4a01a # timeout=10
Set build name.
New build name is '#38410'
[docker] $ sh -xe C:\Users\jenkins\jenkins7743390810095089985.sh
+ git fetch origin +refs/pull/38410/head:refs/remotes/origin/pr/38410
From https://github.com/moby/moby
 * [new ref]               refs/pull/38410/head -> origin/pr/38410
+ git merge origin/pr/38410
Updating e0e9942dc5..c5b47c0dfd
Fast-forward
 Dockerfile.windows  | 123 +++++++++++++++-------------------------------------
 hack/ci/windows.ps1 |  33 +++++++-------
 2 files changed, 51 insertions(+), 105 deletions(-)
[docker] $ powershell.exe -NonInteractive -ExecutionPolicy ByPass "& 'C:\Users\jenkins\jenkins5222216566858049246.ps1'"
NEW entrypoint

INFO: executeCI.ps1 starting at Wed Jan  2 16:11:36 CUT 2019

INFO: Script version 28-Aug-2018 09:33 PDT
INFO: Running git version 2.18.0.windows.1
INFO: Branch:rs1_release Build:14393.2312.180607-1919
INFO: Environment variables:

Name                           Value                                                                                   
----                           -----                                                                                   
_                              /cygdrive/c/ProgramData/Oracle/Java/javapath/java                                       
ALLUSERSPROFILE                C:\ProgramData                                                                          
APPDATA                        C:\Users\jenkins\AppData\Roaming                                                        
BASE_BRANCH                    master                                                                                  
BUILD_CAUSE                    MANUALTRIGGER                                                                           
BUILD_CAUSE_MANUALTRIGGER      true                                                                                    
BUILD_DISPLAY_NAME             #38410                                                                                  
BUILD_ID                       23513                                                                                   
BUILD_NUMBER                   23513                                                                                   
BUILD_TAG                      jenkins-Docker-PRs-WoW-RS1-23513                                                        
BUILD_URL                      https://jenkins.dockerproject.org/job/Docker-PRs-WoW-RS1/23513/                         
CommonProgramFiles             C:\Program Files\Common Files                                                           
CommonProgramFiles(x86)        C:\Program Files (x86)\Common Files                                                     
CommonProgramW6432             C:\Program Files\Common Files                                                           
COMPUTERNAME                   jenkins-rs1-7                                                                           
COMSPEC                        C:\Windows\system32\cmd.exe                                                             
ConfigSet                      rs                                                                                      
CYGWIN                         binmode ntsec                                                                           
EXECUTOR_NUMBER                0                                                                                       
GIT_AUTHOR_EMAIL               janky@dockerproject.org                                                                 
GIT_AUTHOR_NAME                Docker Jenkins                                                                          
GIT_BASE_REPO                  moby/moby                                                                               
GIT_BRANCH                     origin/master                                                                           
GIT_COMMIT                     e0e9942dc5466884e7b2ef5c509a9dab33c4a01a                                                
GIT_COMMITTER_EMAIL            janky@dockerproject.org                                                                 
GIT_COMMITTER_NAME             Docker Jenkins                                                                          
GIT_HEAD_REPO                  thaJeztah/docker                                                                        
GIT_PREVIOUS_COMMIT            e0e9942dc5466884e7b2ef5c509a9dab33c4a01a                                                
GIT_PREVIOUS_SUCCESSFUL_COMMIT e0e9942dc5466884e7b2ef5c509a9dab33c4a01a                                                
GIT_SHA1                       c5b47c0dfd8b361df6adf04696a7616c03106c55                                                
GIT_URL                        https://github.com/moby/moby.git                                                        
GITHUB_URL                     https://github.com/moby/moby/pull/38410                                                 
HOME                           C:\cygwin\home\jenkins                                                                  
HOMEDRIVE                      C:                                                                                      
HOMEPATH                       \cygwin\home\jenkins                                                                    
HUDSON_COOKIE                  556885c3-aa2c-438d-b4cb-99f3a385f149                                                    
HUDSON_HOME                    /var/jenkins_home                                                                       
HUDSON_SERVER_COOKIE           5654907fc74b1465                                                                        
HUDSON_URL                     https://jenkins.dockerproject.org/                                                      
JENKINS_HOME                   /var/jenkins_home                                                                       
JENKINS_SERVER_COOKIE          5654907fc74b1465                                                                        
JENKINS_URL                    https://jenkins.dockerproject.org/                                                      
JOB_BASE_NAME                  Docker-PRs-WoW-RS1                                                                      
JOB_DISPLAY_URL                https://jenkins.dockerproject.org/job/Docker-PRs-WoW-RS1/display/redirect               
JOB_NAME                       Docker-PRs-WoW-RS1                                                                      
JOB_URL                        https://jenkins.dockerproject.org/job/Docker-PRs-WoW-RS1/                               
LOCALAPPDATA                   C:\Users\jenkins\AppData\Local                                                          
LOGNAME                        jenkins                                                                                 
LOGONSERVER                    \\jenkins-rs1-7                                                                         
MAIL                           /var/spool/mail//jenkins                                                                
NODE_LABELS                    azure-windows-rs1-7 windows-rs1                                                         
NODE_NAME                      azure-windows-rs1-7                                                                     
NUMBER_OF_PROCESSORS           4                                                                                       
OLDPWD                         /home/jenkins                                                                           
OS                             Windows_NT                                                                              
PATH                           C:\cygwin\bin;C:\ProgramData\Oracle\Java\javapath;C:\pstools;C:\Program Files\Notepad...
PATHEXT                        .COM;.EXE;.BAT;.CMD;.VBS;.VBE;.JS;.JSE;.WSF;.WSH;.MSC;.CPL                              
PR                             38410                                                                                   
PROCESSOR_ARCHITECTURE         AMD64                                                                                   
PROCESSOR_IDENTIFIER           Intel64 Family 6 Model 79 Stepping 1, GenuineIntel                                      
PROCESSOR_LEVEL                6                                                                                       
PROCESSOR_REVISION             4f01                                                                                    
ProgramData                    C:\ProgramData                                                                          
PROGRAMFILES                   C:\Program Files                                                                        
ProgramFiles(x86)              C:\Program Files (x86)                                                                  
ProgramW6432                   C:\Program Files                                                                        
PSExecutionPolicyPreference    Bypass                                                                                  
PSModulePath                   C:\Users\jenkins\Documents\WindowsPowerShell\Modules;C:\Program Files\WindowsPowerShe...
PUBLIC                         C:\Users\Public                                                                         
PWD                            /cygdrive/c/workspace                                                                   
ROOT_BUILD_CAUSE               MANUALTRIGGER                                                                           
ROOT_BUILD_CAUSE_MANUALTRIGGER true                                                                                    
RUN_CHANGES_DISPLAY_URL        https://jenkins.dockerproject.org/job/Docker-PRs-WoW-RS1/23513/display/redirect?page=...
RUN_DISPLAY_URL                https://jenkins.dockerproject.org/job/Docker-PRs-WoW-RS1/23513/display/redirect         
SHELL                          /bin/bash                                                                               
SHLVL                          1                                                                                       
SOURCES_DRIVE                  c                                                                                       
SOURCES_SUBDIR                 gopath                                                                                  
SSH_CLIENT                     52.88.204.51 9308 22                                                                    
SSH_CONNECTION                 52.88.204.51 9308 10.0.0.10 22                                                          
SYSTEMDRIVE                    C:                                                                                      
SYSTEMROOT                     C:\Windows                                                                              
TEMP                           d:\temp                                                                                 
TESTRUN_DRIVE                  d                                                                                       
TESTRUN_SUBDIR                 CI                                                                                      
USER                           jenkins                                                                                 
USERDOMAIN                     jenkins-rs1-7                                                                           
USERNAME                       jenkins                                                                                 
USERPROFILE                    C:\Users\jenkins                                                                        
WINDIR                         C:\Windows                                                                              
WORKSPACE                      /gopath/src/github.com/docker/docker                                                    



INFO: PR#38410 (https://github.com/docker/docker/pull/38410)
INFO: Sources under c:\gopath\...
INFO: Test run under d:\CI\...
INFO: Running in C:\gopath\src\github.com\docker\docker
INFO: docker/docker repository was found
INFO: Image microsoft/windowsservercore:latest is already loaded in the control daemon
INFO: Version of microsoft/windowsservercore:latest is '10.0.14393.2312'
INFO: Docker version of control daemon

Client:
 Version:           master-dockerproject-2018-10-09
 API version:       1.39
 Go version:        go1.10.4
 Git commit:        ab50c2f2
 Built:             Tue Oct  9 23:49:39 2018
 OS/Arch:           windows/amd64
 Experimental:      false

Server:
 Engine:
  Version:          master-dockerproject-2018-10-09
  API version:      1.39 (minimum version 1.24)
  Go version:       go1.11.1
  Git commit:       82a4797
  Built:            Tue Oct  9 23:58:23 2018
  OS/Arch:          windows/amd64
  Experimental:     false

INFO: Docker info of control daemon

Containers: 0
 Running: 0
 Paused: 0
 Stopped: 0
Images: 7
Server Version: master-dockerproject-2018-10-09
Storage Driver: windowsfilter
 Windows: 
Logging Driver: json-file
Plugins:
 Volume: local
 Network: ics l2bridge l2tunnel nat null overlay transparent
 Log: awslogs etwlogs fluentd gcplogs gelf json-file local logentries splunk syslog
Swarm: inactive
Default Isolation: process
Kernel Version: 10.0 14393 (14393.2312.amd64fre.rs1_release.180607-1919)
Operating System: Windows Server 2016 Datacenter Version 1607 (OS Build 14393.2312)
OSType: windows
Architecture: x86_64
CPUs: 4
Total Memory: 14GiB
Name: jenkins-rs1-7
ID: VZ4X:H24D:QJ3I:LTUC:HZF5:YCM7:NSVS:OZLH:APYR:PMUF:BH6T:QIGR
Docker Root Dir: D:\control
Debug Mode (client): false
Debug Mode (server): false
Registry: https://index.docker.io/v1/
Labels:
Experimental: false
Insecure Registries:
 127.0.0.0/8
Live Restore Enabled: false


INFO: Commit hash is c5b47c0dfd
INFO: Nuke-Everything...
INFO: Container count on control daemon to delete is 0
INFO: Nuking d:\CI
INFO: Zapped successfully
INFO: Location for testing is d:\CI\CI-c5b47c0dfd
INFO: Validating GOLang consistency in Dockerfile.windows...


INFO: Building the image from Dockerfile.windows at 01/02/2019 16:11:38...

Sending build context to Docker daemon  46.38MB

Step 1/17 : FROM golang:1.11.4-windowsservercore AS compiler
1.11.4-windowsservercore: Pulling from library/golang
3889bb8d808b: Pulling fs layer
bf261bf8d7bc: Pulling fs layer
88c3d7be4c27: Pulling fs layer
ba99f131ffca: Pulling fs layer
027f2cb2189f: Pulling fs layer
9312ae5904ea: Pulling fs layer
5efa782757b9: Pulling fs layer
27f199241336: Pulling fs layer
a5fc3a200145: Pulling fs layer
d81563325f66: Pulling fs layer
e66e09740839: Pulling fs layer
3fb2867267a2: Pulling fs layer
3c2d1e1abbab: Pulling fs layer
9312ae5904ea: Waiting
5efa782757b9: Waiting
27f199241336: Waiting
a5fc3a200145: Waiting
d81563325f66: Waiting
e66e09740839: Waiting
3fb2867267a2: Waiting
3c2d1e1abbab: Waiting
ba99f131ffca: Waiting
027f2cb2189f: Waiting
88c3d7be4c27: Verifying Checksum
88c3d7be4c27: Download complete
ba99f131ffca: Verifying Checksum
ba99f131ffca: Download complete
027f2cb2189f: Verifying Checksum
027f2cb2189f: Download complete
9312ae5904ea: Verifying Checksum
9312ae5904ea: Download complete
5efa782757b9: Verifying Checksum
5efa782757b9: Download complete
27f199241336: Verifying Checksum
27f199241336: Download complete
a5fc3a200145: Verifying Checksum
a5fc3a200145: Download complete
d81563325f66: Verifying Checksum
d81563325f66: Download complete
e66e09740839: Verifying Checksum
e66e09740839: Download complete
3fb2867267a2: Verifying Checksum
3fb2867267a2: Download complete
3c2d1e1abbab: Verifying Checksum
3c2d1e1abbab: Download complete
bf261bf8d7bc: Verifying Checksum
bf261bf8d7bc: Download complete
3889bb8d808b: Verifying Checksum
3889bb8d808b: Download complete
3889bb8d808b: Pull complete
bf261bf8d7bc: Pull complete
88c3d7be4c27: Pull complete
ba99f131ffca: Pull complete
027f2cb2189f: Pull complete
9312ae5904ea: Pull complete
5efa782757b9: Pull complete
27f199241336: Pull complete
a5fc3a200145: Pull complete
d81563325f66: Pull complete
e66e09740839: Pull complete
3fb2867267a2: Pull complete
3c2d1e1abbab: Pull complete
Digest: sha256:ab3e3748fd75311fad63777b09a38892d8352d08ce76648d9c1a5c76dd7581af
Status: Downloaded newer image for golang:1.11.4-windowsservercore
 ---> 5b6e4346a292
Step 2/17 : ADD https://raw.githubusercontent.com/jhowardmsft/docker-tdmgcc/master/gcc.zip C:\

 ---> cac8c7091af7
Step 3/17 : ADD https://raw.githubusercontent.com/jhowardmsft/docker-tdmgcc/master/runtime.zip C:\

 ---> 6246a4d1603d
Step 4/17 : ADD https://raw.githubusercontent.com/jhowardmsft/docker-tdmgcc/master/binutils.zip C:\

 ---> dd660290f98b
Step 5/17 : RUN   Write-Host INFO: Expanding compiler 1 of 3...;   Expand-Archive C:\gcc.zip -DestinationPath C:\gcc -Force;   Write-Host INFO: Expanding compiler 2 of 3...;   Expand-Archive C:\runtime.zip -DestinationPath C:\gcc -Force;   Write-Host INFO: Expanding compiler 3 of 3...;   Expand-Archive C:\binutils.zip -DestinationPath C:\gcc -Force;
 ---> Running in 757985cc6e9e
INFO: Expanding compiler 1 of 3...
INFO: Expanding compiler 2 of 3...
INFO: Expanding compiler 3 of 3...
Removing intermediate container 757985cc6e9e
 ---> 029c61fcc9ca
Step 6/17 : FROM golang:1.11.4-windowsservercore AS busybox
 ---> 5b6e4346a292
Step 7/17 : ARG BUSYBOX_VERSION=w32-FRP-2501-g858091c25
 ---> Running in 159e618ba12b
Removing intermediate container 159e618ba12b
 ---> 5cbfbdd10f36
Step 8/17 : ADD http://frippery.org/files/busybox/busybox-${BUSYBOX_VERSION}.exe C:\busybox\busybox.exe

 ---> a47df6338728
Step 9/17 : RUN   Write-Host 'INFO: Setting up busybox symlinks ...';   C:\busybox\busybox.exe --list ^|ForEach-Object {$nul = cmd /c mklink C:\busybox\$_.exe busybox.exe}
 ---> Running in df53c16d43c7
INFO: Setting up busybox symlinks ...
Cannot create a file when that file already exists.
Removing intermediate container df53c16d43c7
 ---> a0e6f1eaa021
Step 10/17 : FROM golang:1.11.4-windowsservercore
 ---> 5b6e4346a292
Step 11/17 : ENV FROM_DOCKERFILE=1
 ---> Running in 339ef0bfd6d4
Removing intermediate container 339ef0bfd6d4
 ---> 381f819904fa
Step 12/17 : RUN   Write-Host INFO: Configuring git core.autocrlf...;   C:\git\cmd\git config --global core.autocrlf true;     Write-Host 'INFO: Creating temp folder for unit tests...';   New-Item -ItemType Directory -Path C:\tmp;     Write-Host 'INFO: Updating PATH ...';   $env:PATH = 'C:\busybox;C:\gcc\bin;' + $env:PATH;   [Environment]::SetEnvironmentVariable('PATH', $env:PATH, [EnvironmentVariableTarget]::Machine);     Write-Host INFO: Completed;
 ---> Running in 9db56b444fdf
INFO: Configuring git core.autocrlf...
INFO: Creating temp folder for unit tests...


    Directory: C:\


Mode                LastWriteTime         Length Name                          
----                -------------         ------ ----                          
d-----         1/2/2019   4:20 PM                tmp                           
INFO: Updating PATH ...
INFO: Completed


Removing intermediate container 9db56b444fdf
 ---> 71573503889b
Step 13/17 : ENTRYPOINT ["powershell.exe"]
 ---> Running in 2c59442cecfc
Removing intermediate container 2c59442cecfc
 ---> 48725ddac1f9
Step 14/17 : WORKDIR ${GOPATH}\src\github.com\docker\docker
 ---> Running in cb09383b1e57
Removing intermediate container cb09383b1e57
 ---> aa729ecf4ac7
Step 15/17 : COPY --from=compiler C:\gcc C:\gcc
 ---> 2cc6b1c6f296
Step 16/17 : COPY --from=busybox C:\busybox C:\busybox
 ---> 4c8b9267f2cf
Step 17/17 : COPY . .
 ---> cf17ea5a6b73
Successfully built cf17ea5a6b73
Successfully tagged docker:latest
INFO: Image build ended at 01/02/2019 16:21:23. Duration:00:09:45.2384022


INFO: Building the test binaries at 01/02/2019 16:21:23...
INFO: make.ps1 starting at 01/02/2019 16:21:38
INFO: Git commit (c5b47c0dfd) assumed from DOCKER_GITCOMMIT environment variable
INFO: Invoking autogen...
INFO: Building daemon...
INFO: Downloading docker/cli version 17.06.0-ce from edge...

 ________   ____  __.
 \_____  \ |    |/ _|
 /   |   \|      <
 /    |    \    |  \
 \_______  /____|__ \
         \/        \/

INFO: make.ps1 ended at 01/02/2019 16:22:26
INFO: Binaries build ended at 01/02/2019 16:22:27. Duration:00:01:04.0322075
INFO: Copying the built daemon binary to d:\CI\CI-c5b47c0dfd\binary\dockerd-c5b47c0dfd.exe...
INFO: Copying the built client binary to d:\CI\CI-c5b47c0dfd\binary\docker-c5b47c0dfd.exe...
INFO: Copying dockerversion from the container...
INFO: Copying the golang package from the container to d:\CI\CI-c5b47c0dfd\go...
INFO: Updating the golang and path environment variables
INFO: GOPATH=c:\gopath
INFO: go version go1.11.4 windows/amd64
INFO: Starting a daemon under test...
INFO: Args: -H tcp://0.0.0.0:2357 --data-root d:\CI\CI-c5b47c0dfd\daemon --pidfile d:\CI\CI-c5b47c0dfd\docker.pid
INFO: Process started successfully.
INFO: Waiting for the daemon under test to start...
INFO: Daemon under test started and replied!
INFO: Docker version of the daemon under test

Client:
 Version:      17.06.0-ce
 API version:  1.30
 Go version:   go1.8.3
 Git commit:   02c1d87
 Built:        Fri Jun 23 21:30:30 2017
 OS/Arch:      windows/amd64

Server:
 Version:      0.0.0-dev
 API version:  1.40 (minimum version 1.24)
 Go version:   go1.11.4
 Git commit:   c5b47c0dfd
 Built:        01/02/2019 16:21:38
 OS/Arch:      windows/amd64
 Experimental: false

INFO: Docker info of the daemon under test

Containers: 0
 Running: 0
 Paused: 0
 Stopped: 0
Images: 0
Server Version: 0.0.0-dev
Storage Driver: windowsfilter
 Windows: 
Logging Driver: json-file
Plugins: 
 Volume: local
 Network: ics l2bridge l2tunnel nat null overlay transparent
 Log: awslogs etwlogs fluentd gcplogs gelf json-file local logentries splunk syslog
Swarm: inactive
Default Isolation: process
Kernel Version: 10.0 14393 (14393.2312.amd64fre.rs1_release.180607-1919)
Operating System: Windows Server 2016 Datacenter Version 1607 (OS Build 14393.2312)
OSType: windows
Architecture: x86_64
CPUs: 4
Total Memory: 14GiB
Name: jenkins-rs1-7
ID: U2FH:XXIK:T6PH:G3UN:Y3NS:C3PE:OUUD:G5YR:R6IV:2ZDG:JFY7:CSMM
Docker Root Dir: D:\CI\CI-c5b47c0dfd\daemon
Debug Mode (client): false
Debug Mode (server): false
Registry: https://index.docker.io/v1/
Labels:
Experimental: false
Insecure Registries:
 127.0.0.0/8
Live Restore Enabled: false


INFO: Docker images of the daemon under test

REPOSITORY          TAG                 IMAGE ID            CREATED             SIZE

INFO: Base image for tests is microsoft/windowsservercore
INFO: Loading windowsservercore .tar from disk into the daemon under test. This may take some time...
Loaded image: microsoft/windowsservercore:10.0.14393.2312
Loaded image: microsoft/windowsservercore:latest
INFO: docker load of windowsservercore  into daemon under test completed successfully
INFO: Version of microsoft/windowsservercore:latest is '10.0.14393.2312'
INFO: Running validation tests at 01/02/2019 16:25:54...
INFO: make.ps1 starting at 01/02/2019 16:25:54
INFO: Validating Developer Certificate of Origin...
Congratulations!  All commits are properly signed with the DCO!
INFO: Validating go formatting on changed files...
Congratulations!  All Go source files are properly formatted.
INFO: Validating pkg import isolation...
Congratulations!  ".\pkg\*.go" is safely isolated from internal code.
INFO: make.ps1 ended at 01/02/2019 16:25:55
INFO: Validation tests ended at 01/02/2019 16:25:55. Duration:00:00:01.3508168
INFO: Running unit tests at 01/02/2019 16:25:55...
INFO: make.ps1 starting at 01/02/2019 16:26:10
INFO: Git commit (c5b47c0dfd) assumed from DOCKER_GITCOMMIT environment variable
INFO: Invoking autogen...
INFO: Running unit tests...
?   	github.com/docker/docker/api	[no test files]
ok  	github.com/docker/docker/api/server	0.050s	coverage: 7.9% of statements
?   	github.com/docker/docker/api/server/backend/build	[no test files]
ok  	github.com/docker/docker/api/server/httputils	0.085s	coverage: 11.1% of statements
ok  	github.com/docker/docker/api/server/middleware	0.062s	coverage: 43.4% of statements
?   	github.com/docker/docker/api/server/router	[no test files]
?   	github.com/docker/docker/api/server/router/build	[no test files]
?   	github.com/docker/docker/api/server/router/checkpoint	[no test files]
?   	github.com/docker/docker/api/server/router/container	[no test files]
?   	github.com/docker/docker/api/server/router/debug	[no test files]
?   	github.com/docker/docker/api/server/router/distribution	[no test files]
?   	github.com/docker/docker/api/server/router/image	[no test files]
?   	github.com/docker/docker/api/server/router/network	[no test files]
?   	github.com/docker/docker/api/server/router/plugin	[no test files]
?   	github.com/docker/docker/api/server/router/session	[no test files]
?   	github.com/docker/docker/api/server/router/swarm	[no test files]
?   	github.com/docker/docker/api/server/router/system	[no test files]
?   	github.com/docker/docker/api/server/router/volume	[no test files]
?   	github.com/docker/docker/api/types	[no test files]
?   	github.com/docker/docker/api/types/backend	[no test files]
?   	github.com/docker/docker/api/types/blkiodev	[no test files]
?   	github.com/docker/docker/api/types/container	[no test files]
?   	github.com/docker/docker/api/types/events	[no test files]
ok  	github.com/docker/docker/api/types/filters	0.045s	coverage: 94.2% of statements
?   	github.com/docker/docker/api/types/image	[no test files]
?   	github.com/docker/docker/api/types/mount	[no test files]
?   	github.com/docker/docker/api/types/network	[no test files]
?   	github.com/docker/docker/api/types/plugins/logdriver	[no test files]
?   	github.com/docker/docker/api/types/registry	[no test files]
ok  	github.com/docker/docker/api/types/strslice	0.061s	coverage: 90.0% of statements
?   	github.com/docker/docker/api/types/swarm	[no test files]
?   	github.com/docker/docker/api/types/swarm/runtime	[no test files]
ok  	github.com/docker/docker/api/types/time	0.208s	coverage: 100.0% of statements
ok  	github.com/docker/docker/api/types/versions	0.042s	coverage: 75.0% of statements
?   	github.com/docker/docker/api/types/versions/v1p19	[no test files]
?   	github.com/docker/docker/api/types/versions/v1p20	[no test files]
?   	github.com/docker/docker/api/types/volume	[no test files]
?   	github.com/docker/docker/autogen/winresources/docker	[no test files]
?   	github.com/docker/docker/autogen/winresources/dockerd	[no test files]
?   	github.com/docker/docker/builder	[no test files]
?   	github.com/docker/docker/builder/builder-next	[no test files]
?   	github.com/docker/docker/builder/builder-next/adapters/containerimage	[no test files]
?   	github.com/docker/docker/builder/builder-next/adapters/snapshot	[no test files]
?   	github.com/docker/docker/builder/builder-next/exporter	[no test files]
?   	github.com/docker/docker/builder/builder-next/imagerefchecker	[no test files]
?   	github.com/docker/docker/builder/builder-next/worker	[no test files]
ok  	github.com/docker/docker/builder/dockerfile	0.173s	coverage: 43.2% of statements
ok  	github.com/docker/docker/builder/dockerignore	0.044s	coverage: 96.8% of statements
ok  	github.com/docker/docker/builder/fscache	0.376s	coverage: 69.2% of statements
ok  	github.com/docker/docker/builder/remotecontext	0.382s	coverage: 9.3% of statements
ok  	github.com/docker/docker/builder/remotecontext/git	53.113s	coverage: 78.8% of statements
?   	github.com/docker/docker/cli	[no test files]
?   	github.com/docker/docker/cli/config	[no test files]
ok  	github.com/docker/docker/cli/debug	0.042s	coverage: 100.0% of statements
ok  	github.com/docker/docker/client	0.237s	coverage: 75.1% of statements
ok  	github.com/docker/docker/cmd/dockerd	0.165s	coverage: 18.0% of statements
ok  	github.com/docker/docker/container	0.304s	coverage: 42.8% of statements
?   	github.com/docker/docker/container/stream	[no test files]
?   	github.com/docker/docker/contrib/apparmor	[no test files]
?   	github.com/docker/docker/contrib/docker-device-tool	[no test files]
?   	github.com/docker/docker/contrib/httpserver	[no test files]
ok  	github.com/docker/docker/daemon	2.328s	coverage: 8.3% of statements
ok  	github.com/docker/docker/daemon/cluster	0.192s	coverage: 0.5% of statements
ok  	github.com/docker/docker/daemon/cluster/controllers/plugin	0.150s	coverage: 65.3% of statements
ok  	github.com/docker/docker/daemon/cluster/convert	0.257s	coverage: 28.0% of statements
?   	github.com/docker/docker/daemon/cluster/executor	[no test files]
ok  	github.com/docker/docker/daemon/cluster/executor/container	0.574s	coverage: 9.9% of statements
?   	github.com/docker/docker/daemon/cluster/provider	[no test files]
ok  	github.com/docker/docker/daemon/config	0.301s	coverage: 81.8% of statements
ok  	github.com/docker/docker/daemon/discovery	0.067s	coverage: 30.4% of statements
ok  	github.com/docker/docker/daemon/events	0.189s	coverage: 50.0% of statements
?   	github.com/docker/docker/daemon/events/testutils	[no test files]
?   	github.com/docker/docker/daemon/exec	[no test files]
ok  	github.com/docker/docker/daemon/graphdriver	0.106s	coverage: 2.3% of statements
?   	github.com/docker/docker/daemon/graphdriver/btrfs	[no test files]
?   	github.com/docker/docker/daemon/graphdriver/devmapper	[no test files]
?   	github.com/docker/docker/daemon/graphdriver/graphtest	[no test files]
?   	github.com/docker/docker/daemon/graphdriver/lcow	[no test files]
?   	github.com/docker/docker/daemon/graphdriver/overlay	[no test files]
?   	github.com/docker/docker/daemon/graphdriver/overlay2	[no test files]
?   	github.com/docker/docker/daemon/graphdriver/quota	[no test files]
?   	github.com/docker/docker/daemon/graphdriver/register	[no test files]
?   	github.com/docker/docker/daemon/graphdriver/vfs	[no test files]
?   	github.com/docker/docker/daemon/graphdriver/windows	[no test files]
?   	github.com/docker/docker/daemon/graphdriver/zfs	[no test files]
ok  	github.com/docker/docker/daemon/images	0.122s	coverage: 4.9% of statements
?   	github.com/docker/docker/daemon/initlayer	[no test files]
ok  	github.com/docker/docker/daemon/links	0.067s	coverage: 93.0% of statements
?   	github.com/docker/docker/daemon/listeners	[no test files]
ok  	github.com/docker/docker/daemon/logger	0.280s	coverage: 44.0% of statements
ok  	github.com/docker/docker/daemon/logger/awslogs	0.221s	coverage: 71.4% of statements
?   	github.com/docker/docker/daemon/logger/etwlogs	[no test files]
?   	github.com/docker/docker/daemon/logger/fluentd	[no test files]
?   	github.com/docker/docker/daemon/logger/gcplogs	[no test files]
?   	github.com/docker/docker/daemon/logger/gelf	[no test files]
?   	github.com/docker/docker/daemon/logger/journald	[no test files]
ok  	github.com/docker/docker/daemon/logger/jsonfilelog	0.265s	coverage: 62.1% of statements
ok  	github.com/docker/docker/daemon/logger/jsonfilelog/jsonlog	0.231s	coverage: 88.3% of statements
ok  	github.com/docker/docker/daemon/logger/local	0.435s	coverage: 74.7% of statements
?   	github.com/docker/docker/daemon/logger/logentries	[no test files]
ok  	github.com/docker/docker/daemon/logger/loggerutils	0.112s	coverage: 18.1% of statements
ok  	github.com/docker/docker/daemon/logger/splunk	1.773s	coverage: 84.5% of statements
ok  	github.com/docker/docker/daemon/logger/syslog	0.114s	coverage: 47.8% of statements
ok  	github.com/docker/docker/daemon/logger/templates	0.101s	coverage: 8.3% of statements
?   	github.com/docker/docker/daemon/names	[no test files]
?   	github.com/docker/docker/daemon/network	[no test files]
?   	github.com/docker/docker/daemon/stats	[no test files]
ok  	github.com/docker/docker/distribution	2.411s	coverage: 15.6% of statements
ok  	github.com/docker/docker/distribution/metadata	0.933s	coverage: 48.2% of statements
?   	github.com/docker/docker/distribution/utils	[no test files]
ok  	github.com/docker/docker/distribution/xfer	1.762s	coverage: 62.2% of statements
?   	github.com/docker/docker/dockerversion	[no test files]
ok  	github.com/docker/docker/errdefs	0.041s	coverage: 76.6% of statements
ok  	github.com/docker/docker/hack/integration-cli-on-swarm/agent/master	0.082s	coverage: 11.3% of statements
?   	github.com/docker/docker/hack/integration-cli-on-swarm/agent/types	[no test files]
?   	github.com/docker/docker/hack/integration-cli-on-swarm/agent/worker	[no test files]
ok  	github.com/docker/docker/hack/integration-cli-on-swarm/host	0.055s	coverage: 3.6% of statements
ok  	github.com/docker/docker/image	0.430s	coverage: 86.3% of statements
ok  	github.com/docker/docker/image/cache	0.140s	coverage: 19.2% of statements
?   	github.com/docker/docker/image/tarexport	[no test files]
ok  	github.com/docker/docker/image/v1	0.098s	coverage: 25.0% of statements
?   	github.com/docker/docker/internal/test	[no test files]
?   	github.com/docker/docker/internal/test/daemon	[no test files]
?   	github.com/docker/docker/internal/test/environment	[no test files]
?   	github.com/docker/docker/internal/test/fakecontext	[no test files]
?   	github.com/docker/docker/internal/test/fakegit	[no test files]
?   	github.com/docker/docker/internal/test/fakestorage	[no test files]
?   	github.com/docker/docker/internal/test/fixtures/load	[no test files]
?   	github.com/docker/docker/internal/test/fixtures/plugin	[no test files]
?   	github.com/docker/docker/internal/test/fixtures/plugin/basic	[no test files]
?   	github.com/docker/docker/internal/test/registry	[no test files]
?   	github.com/docker/docker/internal/test/request	[no test files]
ok  	github.com/docker/docker/internal/testutil	0.063s	coverage: 62.5% of statements
ok  	github.com/docker/docker/layer	0.319s	coverage: 28.2% of statements
ok  	github.com/docker/docker/libcontainerd	0.085s	coverage: 3.7% of statements
?   	github.com/docker/docker/libcontainerd/supervisor	[no test files]
?   	github.com/docker/docker/oci	[no test files]
?   	github.com/docker/docker/oci/caps	[no test files]
ok  	github.com/docker/docker/opts	0.146s	coverage: 68.7% of statements
ok  	github.com/docker/docker/pkg/aaparser	0.057s	coverage: 50.0% of statements
--- FAIL: TestIsArchivePathTar (0.29s)
    archive_test.go:87: Did not recognise valid tar path as archive
--- FAIL: TestDecompressStreamGzip (0.16s)
    archive_test.go:104: Failed to open file archive.gz: open C:\Users\ContainerAdministrator\AppData\Local\Temp\archive.gz: The system cannot find the file specified.
--- FAIL: TestDecompressStreamBzip2 (0.13s)
    archive_test.go:104: Failed to open file archive.bz2: open C:\Users\ContainerAdministrator\AppData\Local\Temp\archive.bz2: The system cannot find the file specified.
--- FAIL: TestUntarPathWithInvalidDest (0.16s)
    archive_test.go:287: assertion failed: error is not nil: exit status 1
--- FAIL: TestUntarPath (0.15s)
    archive_test.go:331: assertion failed: error is not nil: exit status 1
--- FAIL: TestUntarPathWithDestinationFile (0.14s)
    archive_test.go:365: exit status 1
--- FAIL: TestUntarPathWithDestinationSrcFileAsFolder (0.15s)
    archive_test.go:402: exit status 1
breakoutError: "..\\victim\\dotdot" is outside of "C:\\Users\\ContainerAdministrator\\AppData\\Local\\Temp\\docker-TestUntarInvalidFilenames376972626\\dest"
breakoutError: invalid hardlink "C:\\Users\\ContainerAdministrator\\AppData\\Local\\Temp\\docker-TestUntarInvalidHardlink234297763\\victim\\hello" -> "../victim/hello"
breakoutError: invalid hardlink "C:\\Users\\ContainerAdministrator\\AppData\\Local\\Temp\\docker-TestUntarInvalidHardlink416983718\\victim\\hello" -> "/../victim/hello"
breakoutError: invalid hardlink "C:\\Users\\ContainerAdministrator\\AppData\\Local\\Temp\\docker-TestUntarInvalidHardlink071673293\\victim" -> "../victim"
breakoutError: invalid hardlink "C:\\Users\\ContainerAdministrator\\AppData\\Local\\Temp\\docker-TestUntarInvalidHardlink903888584\\victim" -> "../victim"
breakoutError: invalid hardlink "C:\\Users\\ContainerAdministrator\\AppData\\Local\\Temp\\docker-TestUntarInvalidHardlink309562759\\victim" -> "../victim"
breakoutError: invalid hardlink "C:\\Users\\ContainerAdministrator\\AppData\\Local\\Temp\\docker-TestUntarInvalidHardlink983393594\\victim" -> "../victim"
breakoutError: invalid symlink "C:\\Users\\ContainerAdministrator\\AppData\\Local\\Temp\\docker-TestUntarInvalidSymlink019508049\\dest\\dotdot" -> "../victim/hello"
breakoutError: invalid symlink "C:\\Users\\ContainerAdministrator\\AppData\\Local\\Temp\\docker-TestUntarInvalidSymlink235941500\\dest\\slash-dotdot" -> "/../victim/hello"
breakoutError: invalid symlink "C:\\Users\\ContainerAdministrator\\AppData\\Local\\Temp\\docker-TestUntarInvalidSymlink024612779\\dest\\loophole-victim" -> "../victim"
breakoutError: invalid symlink "C:\\Users\\ContainerAdministrator\\AppData\\Local\\Temp\\docker-TestUntarInvalidSymlink949867790\\dest\\loophole-victim" -> "../victim"
breakoutError: invalid symlink "C:\\Users\\ContainerAdministrator\\AppData\\Local\\Temp\\docker-TestUntarInvalidSymlink825182485\\dest\\loophole-victim" -> "../victim"
breakoutError: invalid symlink "C:\\Users\\ContainerAdministrator\\AppData\\Local\\Temp\\docker-TestUntarInvalidSymlink427554672\\dest\\loophole-victim" -> "../victim"
breakoutError: invalid symlink "C:\\Users\\ContainerAdministrator\\AppData\\Local\\Temp\\docker-TestUntarInvalidSymlink042369039\\dest\\dir\\loophole" -> "../../victim"
--- FAIL: TestDisablePigz (0.17s)
    archive_test.go:1308: Test will not check full path when Pigz not installed
    archive_test.go:104: Failed to open file archive.gz: open C:\Users\ContainerAdministrator\AppData\Local\Temp\archive.gz: The system cannot find the file specified.
--- FAIL: TestPigz (0.15s)
    archive_test.go:104: Failed to open file archive.gz: open C:\Users\ContainerAdministrator\AppData\Local\Temp\archive.gz: The system cannot find the file specified.
breakoutError: "..\\victim\\dotdot" is outside of "C:\\Users\\ContainerAdministrator\\AppData\\Local\\Temp\\docker-TestApplyLayerInvalidFilenames885911491\\dest"
breakoutError: invalid hardlink "C:\\Users\\ContainerAdministrator\\AppData\\Local\\Temp\\docker-TestApplyLayerInvalidHardlink188880109\\victim\\hello" -> "../victim/hello"
breakoutError: invalid hardlink "C:\\Users\\ContainerAdministrator\\AppData\\Local\\Temp\\docker-TestApplyLayerInvalidHardlink610803560\\victim\\hello" -> "/../victim/hello"
breakoutError: invalid hardlink "C:\\Users\\ContainerAdministrator\\AppData\\Local\\Temp\\docker-TestApplyLayerInvalidHardlink115272615\\victim" -> "../victim"
breakoutError: invalid hardlink "C:\\Users\\ContainerAdministrator\\AppData\\Local\\Temp\\docker-TestApplyLayerInvalidHardlink168439514\\victim" -> "../victim"
breakoutError: invalid hardlink "C:\\Users\\ContainerAdministrator\\AppData\\Local\\Temp\\docker-TestApplyLayerInvalidHardlink460330097\\victim" -> "../victim"
breakoutError: invalid hardlink "C:\\Users\\ContainerAdministrator\\AppData\\Local\\Temp\\docker-TestApplyLayerInvalidHardlink421606684\\victim" -> "../victim"
breakoutError: invalid symlink "C:\\Users\\ContainerAdministrator\\AppData\\Local\\Temp\\docker-TestApplyLayerInvalidSymlink367260619\\dest\\dotdot" -> "../victim/hello"
breakoutError: invalid symlink "C:\\Users\\ContainerAdministrator\\AppData\\Local\\Temp\\docker-TestApplyLayerInvalidSymlink124138158\\dest\\slash-dotdot" -> "/../victim/hello"
breakoutError: invalid symlink "C:\\Users\\ContainerAdministrator\\AppData\\Local\\Temp\\docker-TestApplyLayerInvalidSymlink039239221\\dest\\loophole-victim" -> "../victim"
breakoutError: invalid symlink "C:\\Users\\ContainerAdministrator\\AppData\\Local\\Temp\\docker-TestApplyLayerInvalidSymlink319103504\\dest\\loophole-victim" -> "../victim"
breakoutError: invalid symlink "C:\\Users\\ContainerAdministrator\\AppData\\Local\\Temp\\docker-TestApplyLayerInvalidSymlink671905327\\dest\\loophole-victim" -> "../victim"
breakoutError: invalid symlink "C:\\Users\\ContainerAdministrator\\AppData\\Local\\Temp\\docker-TestApplyLayerInvalidSymlink247952322\\dest\\loophole-victim" -> "../victim"
FAIL
coverage: 60.8% of statements
FAIL	github.com/docker/docker/pkg/archive	6.337s
ok  	github.com/docker/docker/pkg/authorization	0.224s	coverage: 26.2% of statements
ok  	github.com/docker/docker/pkg/broadcaster	0.057s	coverage: 100.0% of statements
ok  	github.com/docker/docker/pkg/chrootarchive	0.104s	coverage: 13.3% of statements
?   	github.com/docker/docker/pkg/containerfs	[no test files]
?   	github.com/docker/docker/pkg/devicemapper	[no test files]
ok  	github.com/docker/docker/pkg/directory	0.045s	coverage: 80.0% of statements
ok  	github.com/docker/docker/pkg/discovery	0.074s	coverage: 58.3% of statements
ok  	github.com/docker/docker/pkg/discovery/file	0.081s	coverage: 97.6% of statements
ok  	github.com/docker/docker/pkg/discovery/kv	3.170s	coverage: 84.1% of statements
ok  	github.com/docker/docker/pkg/discovery/memory	0.050s	coverage: 92.3% of statements
ok  	github.com/docker/docker/pkg/discovery/nodes	0.067s	coverage: 93.8% of statements
ok  	github.com/docker/docker/pkg/filenotify	0.064s	coverage: 38.2% of statements
ok  	github.com/docker/docker/pkg/fileutils	0.057s	coverage: 87.7% of statements
ok  	github.com/docker/docker/pkg/homedir	0.039s	coverage: 75.0% of statements
?   	github.com/docker/docker/pkg/idtools	[no test files]
ok  	github.com/docker/docker/pkg/ioutils	0.400s	coverage: 69.1% of statements
ok  	github.com/docker/docker/pkg/jsonmessage	0.130s	coverage: 88.3% of statements
ok  	github.com/docker/docker/pkg/locker	0.048s	coverage: 88.9% of statements
ok  	github.com/docker/docker/pkg/longpath	0.044s	coverage: 100.0% of statements
?   	github.com/docker/docker/pkg/mount	[no test files]
ok  	github.com/docker/docker/pkg/namesgenerator	0.107s	coverage: 85.7% of statements
?   	github.com/docker/docker/pkg/namesgenerator/cmd/names-generator	[no test files]
ok  	github.com/docker/docker/pkg/parsers	0.087s	coverage: 97.0% of statements
?   	github.com/docker/docker/pkg/parsers/kernel	[no test files]
?   	github.com/docker/docker/pkg/parsers/operatingsystem	[no test files]
ok  	github.com/docker/docker/pkg/pidfile	0.085s	coverage: 82.6% of statements
?   	github.com/docker/docker/pkg/platform	[no test files]
?   	github.com/docker/docker/pkg/plugingetter	[no test files]
ok  	github.com/docker/docker/pkg/plugins	34.886s	coverage: 73.6% of statements
ok  	github.com/docker/docker/pkg/plugins/pluginrpc-gen	0.089s	coverage: 56.8% of statements
?   	github.com/docker/docker/pkg/plugins/pluginrpc-gen/fixtures	[no test files]
?   	github.com/docker/docker/pkg/plugins/pluginrpc-gen/fixtures/otherfixture	[no test files]
ok  	github.com/docker/docker/pkg/plugins/transport	0.048s	coverage: 85.7% of statements
ok  	github.com/docker/docker/pkg/pools	0.055s	coverage: 87.9% of statements
ok  	github.com/docker/docker/pkg/progress	0.060s	coverage: 75.9% of statements
ok  	github.com/docker/docker/pkg/pubsub	1.068s	coverage: 72.7% of statements
ok  	github.com/docker/docker/pkg/reexec	0.109s	coverage: 82.4% of statements
ok  	github.com/docker/docker/pkg/signal	0.044s	coverage: 20.3% of statements
?   	github.com/docker/docker/pkg/signal/testfiles	[no test files]
ok  	github.com/docker/docker/pkg/stdcopy	0.056s	coverage: 100.0% of statements
ok  	github.com/docker/docker/pkg/streamformatter	0.046s	coverage: 66.2% of statements
ok  	github.com/docker/docker/pkg/stringid	0.067s	coverage: 76.0% of statements
?   	github.com/docker/docker/pkg/symlink	[no test files]
ok  	github.com/docker/docker/pkg/sysinfo	0.048s	coverage: 38.2% of statements
ok  	github.com/docker/docker/pkg/system	0.065s	coverage: 12.7% of statements
ok  	github.com/docker/docker/pkg/tailfile	0.083s	coverage: 88.6% of statements
ok  	github.com/docker/docker/pkg/tarsum	0.103s	coverage: 89.3% of statements
ok  	github.com/docker/docker/pkg/term	0.081s	coverage: 30.8% of statements
ok  	github.com/docker/docker/pkg/term/windows	0.044s	coverage: 0.0% of statements [no tests to run]
ok  	github.com/docker/docker/pkg/truncindex	0.143s	coverage: 91.5% of statements
ok  	github.com/docker/docker/pkg/urlutil	0.042s	coverage: 100.0% of statements
ok  	github.com/docker/docker/pkg/useragent	0.044s	coverage: 88.9% of statements
ok  	github.com/docker/docker/plugin	0.112s	coverage: 12.0% of statements
ok  	github.com/docker/docker/plugin/executor/containerd	0.054s	coverage: 33.3% of statements
ok  	github.com/docker/docker/plugin/v2	0.075s	coverage: 20.1% of statements
ok  	github.com/docker/docker/reference	0.110s	coverage: 84.4% of statements
ok  	github.com/docker/docker/registry	0.203s	coverage: 51.3% of statements
ok  	github.com/docker/docker/registry/resumable	0.151s	coverage: 100.0% of statements
ok  	github.com/docker/docker/restartmanager	0.039s	coverage: 49.0% of statements
ok  	github.com/docker/docker/runconfig	0.040s	coverage: 54.5% of statements
?   	github.com/docker/docker/runconfig/opts	[no test files]
?   	github.com/docker/docker/volume	[no test files]
ok  	github.com/docker/docker/volume/drivers	0.083s	coverage: 36.1% of statements
ok  	github.com/docker/docker/volume/local	0.062s	coverage: 37.7% of statements
ok  	github.com/docker/docker/volume/mounts	0.077s	coverage: 66.3% of statements
ok  	github.com/docker/docker/volume/service	0.177s	coverage: 70.3% of statements
?   	github.com/docker/docker/volume/service/opts	[no test files]
?   	github.com/docker/docker/volume/testutils	[no test files]

ERROR: make.ps1 failed:
Unit tests failed
At C:\gopath\src\github.com\docker\docker\hack\make.ps1:320 char:32
+     if ($LASTEXITCODE -ne 0) { Throw "Unit tests failed" }
+                                ~~~~~~~~~~~~~~~~~~~~~~~~~

___________      .__.__             .___
\_   _____/____  |__|  |   ____   __| _/
 |    __) \__  \ |  |  | _/ __ \ / __ | 
 |     \   / __ \|  |  |_\  ___// /_/ | 
 \___  /  (____  /__|____/\___  >____ | 
     \/        \/             \/     \/ 

INFO: make.ps1 ended at 01/02/2019 16:29:00
Unit tests failed
At C:\gopath\src\github.com\docker\docker\hack\make.ps1:320 char:32
+     if ($LASTEXITCODE -ne 0) { Throw "Unit tests failed" }
+                                ~~~~~~~~~~~~~~~~~~~~~~~~~
    + CategoryInfo          : OperationStopped: (Unit tests failed:String) [], 
    RuntimeException
    + FullyQualifiedErrorId : Unit tests failed
 


ERROR: Failed 'ERROR: Unit tests failed' at 01/02/2019 16:29:02
At C:\gopath\src\github.com\docker\docker\hack\ci\windows.ps1:747 char:17
+                 Throw "ERROR: Unit tests failed"
+                 ~~~~~~~~~~~~~~~~~~~~~~~~~~~~~~~~



INFO: Tidying up at end of run
INFO: Saving daemon under test log (d:\CI\CI-c5b47c0dfd\dut.err) to d:\temp\CIDUT.log
INFO: Nuke-Everything...
INFO: Container count on control daemon to delete is 2
44f828db4dc9
dbb08b2017e8
INFO: Non-base image count on control daemon to delete is 4
Deleted: sha256:a0e6f1eaa0216ad1f03d81e5be5cadb189134dda7422828ea00e2c1905face54
Deleted: sha256:26361e41c43662528d83d93351e78514fdac6fbf2ad8b6988d7c7cc8a6cb0aa6
Deleted: sha256:a47df6338728439e6af21a73b0089e3b41db736ac6e9b90123d2a6a8a859a9e2
Deleted: sha256:a7b10a3e57659735a6f1319e408d69242680cd87255a4539173a4ade7e3798b4
Deleted: sha256:5cbfbdd10f365c9330e2c453213118dfff851a3b485a6e20e85154c9e43c4632
Deleted: sha256:f0926ad039b7f56676641c3fce93f9584753670f7f21f7a2457bf3ffea27e423
Deleted: sha256:029c61fcc9ca30977f68efa55c3e09fbb832b006e550ee0bdb15805894e77da9
Deleted: sha256:8a95263b3ea0501ef33705afb5682bbbfc8f16d0bbc77bbbf4aa8f8d1e98e23a
Deleted: sha256:dd660290f98b905ebb3d9000cb3bce9c4dcd41450c3d96e57278160422ab4224
Deleted: sha256:b2f5be97c87a4c9a1250e3f7979472a03c92a447aeac29d35d3cd21cdc9952e6
Deleted: sha256:6246a4d1603d4ff4d1ca046506c7cf361bb086880468c0566c9e78567b267ddb
Deleted: sha256:b7902aacdaccb634194e198ea4bcacc183685082034f26509626d4384728573d
Deleted: sha256:cac8c7091af73c9ac8b34859779be861f484a841d0385b4d0137a43b2c95036d
Deleted: sha256:802fccdde9b0e994d597f182858e7a7d98c51d5b0b8dacdd92c5eb12d394ffe1
Deleted: sha256:8882a46b14bf087a93ceba8f088b1216f334a76213c0160d2040334aba549d47
Deleted: sha256:0bd405ef130532c1023354b52e9f5fd04134b5b430f8794ed8145c8a5865e84c
Deleted: sha256:6876b5284a56e2ccdd9d5f5e5c61baa3d744e4c07fe3847d0c99ccb0944af581
Deleted: sha256:1f02331b892ea24669e544f8ecfa8210b90743670ba04ddaf7118d75302ba150
Deleted: sha256:fd200fb1bd4b0d29fa6988e63c1c79b5c788a9d5dd0c94a4c43a67a178a10a5d
Deleted: sha256:08c7168c1a39a2ddf7de5f8d6576f47cc867f7f47e7fe53bc88a03dd828584be
Deleted: sha256:2eb4bad02b2745471e2ac98d27f4427dbc0262518b42cd3c4ad10b068d6448c2
Deleted: sha256:c65788ce543ad39657df1ef0e95fb50c6c99132e23daa04ed0693a9cad55ed78
Deleted: sha256:37ed1e5f42f2d4666a0a01fae99c18c3b58e5f599d6c96b7762b2d6d39c9ed7f
Deleted: sha256:2f60aa8df6757e08cf8dd0784bbab035799e3ab1437496cb323060c7e4890557
Deleted: sha256:f280f65e2646fba47782b1343d26988dbd8d80ecb476a416e27c61963b5a683b
Deleted: sha256:5b1f7b603b174b198b815cd6fe3e2330deed5fd12254da7ede375e43192c2b4a
Error response from daemon: conflict: unable to delete 5b6e4346a292 (cannot be forced) - image has dependent child images
INFO: Killing daemon with PID 2724
INFO: Tidying pidfile d:\CI\CI-c5b47c0dfd\docker.pid
INFO: Stopping possible daemon pid 2724
ERROR: The process "2724" not found.
INFO: Nuking d:\CI
INFO: Zapped successfully

INFO: executeCI.ps1 exiting at Wed Jan  2 16:29:31 CUT 2019. Duration 00:17:54.7505335

Build step 'Windows PowerShell' marked build as failure
Set build name.
New build name is '#38410'
[PostBuildScript] - Executing post build scripts.
Notifying endpoint with url 'https://leeroy.dockerproject.org/notification/jenkins'
Finished: FAILURE
