Started by user Gordon
Notifying endpoint with url 'https://leeroy.dockerproject.org/notification/jenkins'
[EnvInject] - Loading node environment variables.
Building remotely on ubuntu-1604-overlay2-stable (i-0289d00efe8bb95d4) (x86_64 ec2 ubuntu overlay2 linux ubuntu-1604 ubuntu-1604-overlay2-stable amd64 docker us-west-2) in workspace /home/ubuntu/workspace/Docker-PRs
Wiping out workspace first.
Cloning the remote Git repository
Cloning repository https://github.com/moby/moby.git
 > git init /home/ubuntu/workspace/Docker-PRs # timeout=10
Fetching upstream changes from https://github.com/moby/moby.git
 > git --version # timeout=10
 > git fetch --tags --progress https://github.com/moby/moby.git +refs/heads/*:refs/remotes/origin/*
 > git config remote.origin.url https://github.com/moby/moby.git # timeout=10
 > git config --add remote.origin.fetch +refs/heads/*:refs/remotes/origin/* # timeout=10
 > git config remote.origin.url https://github.com/moby/moby.git # timeout=10
Fetching upstream changes from https://github.com/moby/moby.git
 > git fetch --tags --progress https://github.com/moby/moby.git +refs/heads/*:refs/remotes/origin/*
 > git rev-parse origin/master^{commit} # timeout=10
Checking out Revision e0e9942dc5466884e7b2ef5c509a9dab33c4a01a (origin/master)
 > git config core.sparsecheckout # timeout=10
 > git checkout -f e0e9942dc5466884e7b2ef5c509a9dab33c4a01a
Commit message: "Merge pull request #38419 from thaJeztah/fix_nuke_everything"
 > git rev-list --no-walk e0e9942dc5466884e7b2ef5c509a9dab33c4a01a # timeout=10
Set build name.
New build name is '#38467'
[Docker-PRs] $ /bin/bash /tmp/jenkins7040999181273115476.sh
From https://github.com/moby/moby
 * [new ref]         refs/pull/38467/head -> origin/pr/38467
Merge made by the 'recursive' strategy.
 api/server/httputils/errors.go      | 101 +++++++++++++++++++++++++++++++
 api/server/httputils/errors_test.go | 116 ++++++++++++++++++++++++++++++++++++
 client/checkpoint_create_test.go    |   4 ++
 client/checkpoint_delete_test.go    |   4 ++
 client/checkpoint_list_test.go      |   4 ++
 client/config_create_test.go        |   4 ++
 client/config_inspect_test.go       |   4 ++
 client/config_list_test.go          |   4 ++
 client/config_remove_test.go        |   4 ++
 client/config_update_test.go        |   4 ++
 client/container_commit_test.go     |   4 ++
 client/container_copy_test.go       |  10 ++++
 client/container_create.go          |   4 --
 client/container_create_test.go     |   9 ++-
 client/container_diff_test.go       |   5 +-
 client/container_exec_test.go       |  10 ++++
 client/container_export_test.go     |   5 ++
 client/container_inspect_test.go    |   4 ++
 client/container_kill_test.go       |   5 ++
 client/container_list_test.go       |   4 ++
 client/container_pause_test.go      |   5 ++
 client/container_rename_test.go     |   5 ++
 client/container_resize_test.go     |   7 +++
 client/container_restart_test.go    |   5 ++
 client/container_start_test.go      |   4 ++
 client/container_stats_test.go      |   5 ++
 client/container_stop_test.go       |   5 ++
 client/container_top_test.go        |   4 ++
 client/container_unpause_test.go    |   5 ++
 client/container_update_test.go     |   4 ++
 client/container_wait_test.go       |   4 ++
 client/disk_usage_test.go           |   4 ++
 client/errors.go                    |  27 +++++----
 client/events_test.go               |   4 ++
 client/image_build_test.go          |   4 ++
 client/image_create_test.go         |   4 ++
 client/image_history_test.go        |   4 ++
 client/image_import_test.go         |   4 ++
 client/image_inspect_test.go        |   4 ++
 client/image_list_test.go           |   4 ++
 client/image_load_test.go           |   5 ++
 client/image_pull_test.go           |   4 ++
 client/image_push_test.go           |   4 ++
 client/image_save_test.go           |   5 ++
 client/image_search_test.go         |   4 ++
 client/image_tag_test.go            |   5 ++
 client/info_test.go                 |   8 ++-
 client/network_connect_test.go      |   4 ++
 client/network_create_test.go       |   4 ++
 client/network_disconnect_test.go   |   4 ++
 client/network_list_test.go         |   4 ++
 client/network_prune_test.go        |   4 ++
 client/network_remove_test.go       |   5 ++
 client/node_inspect_test.go         |   4 ++
 client/node_list_test.go            |   4 ++
 client/node_remove_test.go          |   4 ++
 client/node_update_test.go          |   4 ++
 client/ping.go                      |   6 +-
 client/plugin_disable_test.go       |   4 ++
 client/plugin_enable_test.go        |   4 ++
 client/plugin_inspect_test.go       |   4 ++
 client/plugin_list_test.go          |   4 ++
 client/plugin_push_test.go          |   5 ++
 client/plugin_remove_test.go        |   4 ++
 client/plugin_set_test.go           |   5 ++
 client/request.go                   |  18 +++---
 client/request_test.go              |   4 ++
 client/secret_create_test.go        |   4 ++
 client/secret_inspect_test.go       |   4 ++
 client/secret_list_test.go          |   4 ++
 client/secret_remove_test.go        |   4 ++
 client/secret_update_test.go        |   4 ++
 client/service_create_test.go       |   4 ++
 client/service_inspect_test.go      |   4 ++
 client/service_list_test.go         |   4 ++
 client/service_update_test.go       |   4 ++
 client/swarm_init_test.go           |   4 ++
 client/swarm_inspect_test.go        |   4 ++
 client/swarm_join_test.go           |   4 ++
 client/swarm_leave_test.go          |   5 ++
 client/swarm_unlock_test.go         |   4 ++
 client/swarm_update_test.go         |   4 ++
 client/task_inspect_test.go         |   4 ++
 client/task_list_test.go            |   4 ++
 client/volume_create_test.go        |   4 ++
 client/volume_list_test.go          |   4 ++
 client/volume_remove_test.go        |   5 ++
 errdefs/helpers.go                  |  55 +++++++++--------
 88 files changed, 638 insertions(+), 54 deletions(-)
 create mode 100644 api/server/httputils/errors_test.go
Sending build context to Docker daemon  45.11MB
Step 1/94 : FROM golang:1.11.4 AS base
1.11.4: Pulling from library/golang
cd8eada9c7bb: Pulling fs layer
c2677faec825: Pulling fs layer
fcce419a96b1: Pulling fs layer
045b51e26e75: Pulling fs layer
70a7003e9fe9: Pulling fs layer
751b6f060321: Pulling fs layer
462a907acb44: Pulling fs layer
70a7003e9fe9: Waiting
751b6f060321: Waiting
462a907acb44: Waiting
045b51e26e75: Waiting
fcce419a96b1: Verifying Checksum
fcce419a96b1: Download complete
c2677faec825: Verifying Checksum
c2677faec825: Download complete
cd8eada9c7bb: Verifying Checksum
cd8eada9c7bb: Download complete
045b51e26e75: Verifying Checksum
045b51e26e75: Download complete
462a907acb44: Verifying Checksum
462a907acb44: Download complete
70a7003e9fe9: Verifying Checksum
70a7003e9fe9: Download complete
751b6f060321: Verifying Checksum
751b6f060321: Download complete
cd8eada9c7bb: Pull complete
c2677faec825: Pull complete
fcce419a96b1: Pull complete
045b51e26e75: Pull complete
70a7003e9fe9: Pull complete
751b6f060321: Pull complete
462a907acb44: Pull complete
Digest: sha256:4f1cd313c3d59faa0ca93910f9d853bd74be7afbf6f6997aee06924415ec7dc9
Status: Downloaded newer image for golang:1.11.4
 ---> 343df9d12b7b
Step 2/94 : ARG APT_MIRROR=deb.debian.org
 ---> Running in 1daa9488b037
Removing intermediate container 1daa9488b037
 ---> 37340ee70b9b
Step 3/94 : RUN sed -ri "s/(httpredir|deb).debian.org/$APT_MIRROR/g" /etc/apt/sources.list
 ---> Running in a72c3fdb8d05
Removing intermediate container a72c3fdb8d05
 ---> 63944a83e0fa
Step 4/94 : FROM base AS criu
 ---> 63944a83e0fa
Step 5/94 : ENV CRIU_VERSION 3.6
 ---> Running in 54e3619944d4
Removing intermediate container 54e3619944d4
 ---> 8792830814d2
Step 6/94 : RUN apt-get update && apt-get install -y 	libnet-dev 	libprotobuf-c0-dev 	libprotobuf-dev 	libnl-3-dev 	libcap-dev 	protobuf-compiler 	protobuf-c-compiler 	python-protobuf 	&& mkdir -p /usr/src/criu 	&& curl -sSL https://github.com/checkpoint-restore/criu/archive/v${CRIU_VERSION}.tar.gz | tar -C /usr/src/criu/ -xz --strip-components=1 	&& cd /usr/src/criu 	&& make 	&& make PREFIX=/build/ install-criu
 ---> Running in 83134932b678
Ign:1 http://cdn-fastly.deb.debian.org/debian stretch InRelease
Get:2 http://cdn-fastly.deb.debian.org/debian stretch-updates InRelease [91.0 kB]
Get:3 http://security.debian.org/debian-security stretch/updates InRelease [94.3 kB]
Get:4 http://cdn-fastly.deb.debian.org/debian stretch Release [118 kB]
Get:5 http://cdn-fastly.deb.debian.org/debian stretch Release.gpg [2434 B]
Get:6 http://cdn-fastly.deb.debian.org/debian stretch-updates/main amd64 Packages [5152 B]
Get:7 http://security.debian.org/debian-security stretch/updates/main amd64 Packages [464 kB]
Get:8 http://cdn-fastly.deb.debian.org/debian stretch/main amd64 Packages [7089 kB]
Fetched 7864 kB in 3s (2185 kB/s)
Reading package lists...
Reading package lists...
Building dependency tree...
Reading state information...
The following additional packages will be installed:
  libnet1 libnl-3-200 libprotobuf-c1 libprotobuf-lite10 libprotobuf10
  libprotoc10 python-pkg-resources zlib1g-dev
Suggested packages:
  manpages-dev python-setuptools
The following NEW packages will be installed:
  libcap-dev libnet1 libnet1-dev libnl-3-200 libnl-3-dev libprotobuf-c-dev
  libprotobuf-c1 libprotobuf-dev libprotobuf-lite10 libprotobuf10 libprotoc10
  protobuf-c-compiler protobuf-compiler python-pkg-resources python-protobuf
  zlib1g-dev
0 upgraded, 16 newly installed, 0 to remove and 0 not upgraded.
Need to get 3602 kB of archives.
After this operation, 18.9 MB of additional disk space will be used.
Get:1 http://cdn-fastly.deb.debian.org/debian stretch/main amd64 libnet1 amd64 1.1.6+dfsg-3 [60.4 kB]
Get:2 http://cdn-fastly.deb.debian.org/debian stretch/main amd64 libcap-dev amd64 1:2.25-1 [29.4 kB]
Get:3 http://cdn-fastly.deb.debian.org/debian stretch/main amd64 libnet1-dev amd64 1.1.6+dfsg-3 [118 kB]
Get:4 http://cdn-fastly.deb.debian.org/debian stretch/main amd64 libnl-3-200 amd64 3.2.27-2 [61.5 kB]
Get:5 http://cdn-fastly.deb.debian.org/debian stretch/main amd64 libnl-3-dev amd64 3.2.27-2 [96.2 kB]
Get:6 http://cdn-fastly.deb.debian.org/debian stretch/main amd64 libprotobuf-c1 amd64 1.2.1-2 [25.0 kB]
Get:7 http://cdn-fastly.deb.debian.org/debian stretch/main amd64 libprotobuf-c-dev amd64 1.2.1-2 [32.5 kB]
Get:8 http://cdn-fastly.deb.debian.org/debian stretch/main amd64 zlib1g-dev amd64 1:1.2.8.dfsg-5 [205 kB]
Get:9 http://cdn-fastly.deb.debian.org/debian stretch/main amd64 libprotobuf10 amd64 3.0.0-9 [681 kB]
Get:10 http://cdn-fastly.deb.debian.org/debian stretch/main amd64 libprotobuf-lite10 amd64 3.0.0-9 [125 kB]
Get:11 http://cdn-fastly.deb.debian.org/debian stretch/main amd64 libprotobuf-dev amd64 3.0.0-9 [954 kB]
Get:12 http://cdn-fastly.deb.debian.org/debian stretch/main amd64 libprotoc10 amd64 3.0.0-9 [626 kB]
Get:13 http://cdn-fastly.deb.debian.org/debian stretch/main amd64 protobuf-c-compiler amd64 1.2.1-2 [78.4 kB]
Get:14 http://cdn-fastly.deb.debian.org/debian stretch/main amd64 protobuf-compiler amd64 3.0.0-9 [52.8 kB]
Get:15 http://cdn-fastly.deb.debian.org/debian stretch/main amd64 python-pkg-resources all 33.1.1-1 [166 kB]
Get:16 http://cdn-fastly.deb.debian.org/debian stretch/main amd64 python-protobuf amd64 3.0.0-9 [292 kB]
debconf: delaying package configuration, since apt-utils is not installed
Fetched 3602 kB in 1s (3118 kB/s)
Selecting previously unselected package libnet1:amd64.
(Reading database ... (Reading database ... 5%(Reading database ... 10%(Reading database ... 15%(Reading database ... 20%(Reading database ... 25%(Reading database ... 30%(Reading database ... 35%(Reading database ... 40%(Reading database ... 45%(Reading database ... 50%(Reading database ... 55%(Reading database ... 60%(Reading database ... 65%(Reading database ... 70%(Reading database ... 75%(Reading database ... 80%(Reading database ... 85%(Reading database ... 90%(Reading database ... 95%(Reading database ... 100%(Reading database ... 15089 files and directories currently installed.)
Preparing to unpack .../00-libnet1_1.1.6+dfsg-3_amd64.deb ...
Unpacking libnet1:amd64 (1.1.6+dfsg-3) ...
Selecting previously unselected package libcap-dev:amd64.
Preparing to unpack .../01-libcap-dev_1%3a2.25-1_amd64.deb ...
Unpacking libcap-dev:amd64 (1:2.25-1) ...
Selecting previously unselected package libnet1-dev.
Preparing to unpack .../02-libnet1-dev_1.1.6+dfsg-3_amd64.deb ...
Unpacking libnet1-dev (1.1.6+dfsg-3) ...
Selecting previously unselected package libnl-3-200:amd64.
Preparing to unpack .../03-libnl-3-200_3.2.27-2_amd64.deb ...
Unpacking libnl-3-200:amd64 (3.2.27-2) ...
Selecting previously unselected package libnl-3-dev:amd64.
Preparing to unpack .../04-libnl-3-dev_3.2.27-2_amd64.deb ...
Unpacking libnl-3-dev:amd64 (3.2.27-2) ...
Selecting previously unselected package libprotobuf-c1:amd64.
Preparing to unpack .../05-libprotobuf-c1_1.2.1-2_amd64.deb ...
Unpacking libprotobuf-c1:amd64 (1.2.1-2) ...
Selecting previously unselected package libprotobuf-c-dev:amd64.
Preparing to unpack .../06-libprotobuf-c-dev_1.2.1-2_amd64.deb ...
Unpacking libprotobuf-c-dev:amd64 (1.2.1-2) ...
Selecting previously unselected package zlib1g-dev:amd64.
Preparing to unpack .../07-zlib1g-dev_1%3a1.2.8.dfsg-5_amd64.deb ...
Unpacking zlib1g-dev:amd64 (1:1.2.8.dfsg-5) ...
Selecting previously unselected package libprotobuf10:amd64.
Preparing to unpack .../08-libprotobuf10_3.0.0-9_amd64.deb ...
Unpacking libprotobuf10:amd64 (3.0.0-9) ...
Selecting previously unselected package libprotobuf-lite10:amd64.
Preparing to unpack .../09-libprotobuf-lite10_3.0.0-9_amd64.deb ...
Unpacking libprotobuf-lite10:amd64 (3.0.0-9) ...
Selecting previously unselected package libprotobuf-dev:amd64.
Preparing to unpack .../10-libprotobuf-dev_3.0.0-9_amd64.deb ...
Unpacking libprotobuf-dev:amd64 (3.0.0-9) ...
Selecting previously unselected package libprotoc10:amd64.
Preparing to unpack .../11-libprotoc10_3.0.0-9_amd64.deb ...
Unpacking libprotoc10:amd64 (3.0.0-9) ...
Selecting previously unselected package protobuf-c-compiler.
Preparing to unpack .../12-protobuf-c-compiler_1.2.1-2_amd64.deb ...
Unpacking protobuf-c-compiler (1.2.1-2) ...
Selecting previously unselected package protobuf-compiler.
Preparing to unpack .../13-protobuf-compiler_3.0.0-9_amd64.deb ...
Unpacking protobuf-compiler (3.0.0-9) ...
Selecting previously unselected package python-pkg-resources.
Preparing to unpack .../14-python-pkg-resources_33.1.1-1_all.deb ...
Unpacking python-pkg-resources (33.1.1-1) ...
Selecting previously unselected package python-protobuf.
Preparing to unpack .../15-python-protobuf_3.0.0-9_amd64.deb ...
Unpacking python-protobuf (3.0.0-9) ...
Setting up libnet1:amd64 (1.1.6+dfsg-3) ...
Setting up libprotobuf-c1:amd64 (1.2.1-2) ...
Setting up python-pkg-resources (33.1.1-1) ...
Setting up libnet1-dev (1.1.6+dfsg-3) ...
Setting up libprotobuf10:amd64 (3.0.0-9) ...
Processing triggers for libc-bin (2.24-11+deb9u3) ...
Setting up python-protobuf (3.0.0-9) ...
Setting up libcap-dev:amd64 (1:2.25-1) ...
Setting up libprotobuf-c-dev:amd64 (1.2.1-2) ...
Setting up libnl-3-200:amd64 (3.2.27-2) ...
Setting up libprotobuf-lite10:amd64 (3.0.0-9) ...
Setting up libprotoc10:amd64 (3.0.0-9) ...
Setting up protobuf-c-compiler (1.2.1-2) ...
Setting up zlib1g-dev:amd64 (1:1.2.8.dfsg-5) ...
Setting up protobuf-compiler (3.0.0-9) ...
Setting up libprotobuf-dev:amd64 (3.0.0-9) ...
Setting up libnl-3-dev:amd64 (3.2.27-2) ...
Processing triggers for libc-bin (2.24-11+deb9u3) ...
Note: Building without ia32 C/R, missed ia32 support in gcc
      That may be related to missing gcc-multilib in your
      distribution or you may have Debian with buggy toolchain
      (issue https://github.com/xemul/criu/issues/315)
fatal: Not a git repository (or any of the parent directories): .git
  GEN      .gitid
  GEN      criu/include/version.h
  GEN      include/common/asm
  PBCC     images/google/protobuf/descriptor.pb-c.c
  PBCC     images/opts.pb-c.c
  PBCC     images/sit.pb-c.c
  DEP      images/google/protobuf/descriptor.pb-c.d
  DEP      images/opts.pb-c.d
  DEP      images/sit.pb-c.d
  PBCC     images/macvlan.pb-c.c
  DEP      images/macvlan.pb-c.d
  PBCC     images/autofs.pb-c.c
  DEP      images/autofs.pb-c.d
  PBCC     images/sysctl.pb-c.c
  DEP      images/sysctl.pb-c.d
  PBCC     images/time.pb-c.c
  DEP      images/time.pb-c.d
  PBCC     images/binfmt-misc.pb-c.c
  DEP      images/binfmt-misc.pb-c.d
  PBCC     images/seccomp.pb-c.c
  DEP      images/seccomp.pb-c.d
  PBCC     images/userns.pb-c.c
  DEP      images/userns.pb-c.d
  PBCC     images/cgroup.pb-c.c
  DEP      images/cgroup.pb-c.d
  PBCC     images/fown.pb-c.c
  PBCC     images/ext-file.pb-c.c
  DEP      images/fown.pb-c.d
  DEP      images/ext-file.pb-c.d
  PBCC     images/rpc.pb-c.c
  DEP      images/rpc.pb-c.d
  PBCC     images/siginfo.pb-c.c
  DEP      images/siginfo.pb-c.d
  PBCC     images/pagemap.pb-c.c
  DEP      images/pagemap.pb-c.d
  PBCC     images/rlimit.pb-c.c
  DEP      images/rlimit.pb-c.d
  PBCC     images/file-lock.pb-c.c
  DEP      images/file-lock.pb-c.d
  PBCC     images/tty.pb-c.c
  DEP      images/tty.pb-c.d
  PBCC     images/tun.pb-c.c
  PBCC     images/netdev.pb-c.c
  DEP      images/tun.pb-c.d
  DEP      images/netdev.pb-c.d
  PBCC     images/vma.pb-c.c
  DEP      images/vma.pb-c.d
  PBCC     images/creds.pb-c.c
  DEP      images/creds.pb-c.d
  PBCC     images/utsns.pb-c.c
  DEP      images/utsns.pb-c.d
  PBCC     images/ipc-desc.pb-c.c
  PBCC     images/ipc-sem.pb-c.c
  DEP      images/ipc-desc.pb-c.d
  DEP      images/ipc-sem.pb-c.d
  PBCC     images/ipc-msg.pb-c.c
  DEP      images/ipc-msg.pb-c.d
  PBCC     images/ipc-shm.pb-c.c
  DEP      images/ipc-shm.pb-c.d
  PBCC     images/ipc-var.pb-c.c
  DEP      images/ipc-var.pb-c.d
  PBCC     images/sk-opts.pb-c.c
  PBCC     images/packet-sock.pb-c.c
  DEP      images/sk-opts.pb-c.d
  DEP      images/packet-sock.pb-c.d
  PBCC     images/sk-netlink.pb-c.c
  DEP      images/sk-netlink.pb-c.d
  PBCC     images/sk-inet.pb-c.c
  DEP      images/sk-inet.pb-c.d
  PBCC     images/sk-unix.pb-c.c
  DEP      images/sk-unix.pb-c.d
  PBCC     images/mm.pb-c.c
  DEP      images/mm.pb-c.d
  PBCC     images/timerfd.pb-c.c
  DEP      images/timerfd.pb-c.d
  PBCC     images/timer.pb-c.c
  DEP      images/timer.pb-c.d
  PBCC     images/sa.pb-c.c
  DEP      images/sa.pb-c.d
  PBCC     images/pipe-data.pb-c.c
  DEP      images/pipe-data.pb-c.d
  PBCC     images/mnt.pb-c.c
  DEP      images/mnt.pb-c.d
  PBCC     images/sk-packet.pb-c.c
  DEP      images/sk-packet.pb-c.d
  PBCC     images/tcp-stream.pb-c.c
  DEP      images/tcp-stream.pb-c.d
  PBCC     images/pipe.pb-c.c
  DEP      images/pipe.pb-c.d
  PBCC     images/pstree.pb-c.c
  DEP      images/pstree.pb-c.d
  PBCC     images/fs.pb-c.c
  DEP      images/fs.pb-c.d
  PBCC     images/signalfd.pb-c.c
  DEP      images/signalfd.pb-c.d
  PBCC     images/fh.pb-c.c
  PBCC     images/fsnotify.pb-c.c
  DEP      images/fh.pb-c.d
  DEP      images/fsnotify.pb-c.d
  PBCC     images/eventpoll.pb-c.c
  DEP      images/eventpoll.pb-c.d
  PBCC     images/eventfd.pb-c.c
  DEP      images/eventfd.pb-c.d
  PBCC     images/remap-file-path.pb-c.c
  DEP      images/remap-file-path.pb-c.d
  PBCC     images/fifo.pb-c.c
  DEP      images/fifo.pb-c.d
  PBCC     images/ghost-file.pb-c.c
  DEP      images/ghost-file.pb-c.d
  PBCC     images/regfile.pb-c.c
  DEP      images/regfile.pb-c.d
  PBCC     images/ns.pb-c.c
  DEP      images/ns.pb-c.d
  PBCC     images/fdinfo.pb-c.c
  DEP      images/fdinfo.pb-c.d
  PBCC     images/core-aarch64.pb-c.c
  PBCC     images/core-arm.pb-c.c
  PBCC     images/core-ppc64.pb-c.c
  PBCC     images/core-s390.pb-c.c
  PBCC     images/core-x86.pb-c.c
  PBCC     images/core.pb-c.c
  PBCC     images/inventory.pb-c.c
  DEP      images/core-aarch64.pb-c.d
  DEP      images/core-arm.pb-c.d
  DEP      images/core-ppc64.pb-c.d
  DEP      images/core-s390.pb-c.d
  DEP      images/core-x86.pb-c.d
  DEP      images/core.pb-c.d
  DEP      images/inventory.pb-c.d
  PBCC     images/cpuinfo.pb-c.c
  DEP      images/cpuinfo.pb-c.d
  PBCC     images/stats.pb-c.c
  DEP      images/stats.pb-c.d
make[1]: Nothing to be done for 'all'.
  CC       images/stats.o
  CC       images/core.o
  CC       images/core-x86.o
  CC       images/core-arm.o
  CC       images/core-aarch64.o
  CC       images/core-ppc64.o
  CC       images/core-s390.o
  CC       images/cpuinfo.o
  CC       images/inventory.o
  CC       images/fdinfo.o
  CC       images/fown.o
  CC       images/ns.o
  CC       images/regfile.o
  CC       images/ghost-file.o
  CC       images/fifo.o
  CC       images/remap-file-path.o
  CC       images/eventfd.o
  CC       images/eventpoll.o
  CC       images/fh.o
  CC       images/fsnotify.o
  CC       images/signalfd.o
  CC       images/fs.o
  CC       images/pstree.o
  CC       images/pipe.o
  CC       images/tcp-stream.o
  CC       images/sk-packet.o
  CC       images/mnt.o
  CC       images/pipe-data.o
  CC       images/sa.o
  CC       images/timer.o
  CC       images/timerfd.o
  CC       images/mm.o
  CC       images/sk-opts.o
  CC       images/sk-unix.o
  CC       images/sk-inet.o
  CC       images/tun.o
  CC       images/sk-netlink.o
  CC       images/packet-sock.o
  CC       images/ipc-var.o
  CC       images/ipc-desc.o
  CC       images/ipc-shm.o
  CC       images/ipc-msg.o
  CC       images/ipc-sem.o
  CC       images/utsns.o
  CC       images/creds.o
  CC       images/vma.o
  CC       images/netdev.o
  CC       images/tty.o
  CC       images/file-lock.o
  CC       images/rlimit.o
  CC       images/pagemap.o
  CC       images/siginfo.o
  CC       images/rpc.o
  CC       images/ext-file.o
  CC       images/cgroup.o
  CC       images/userns.o
  CC       images/google/protobuf/descriptor.o
  CC       images/opts.o
  CC       images/seccomp.o
  CC       images/binfmt-misc.o
  CC       images/time.o
  CC       images/sysctl.o
  CC       images/autofs.o
  CC       images/macvlan.o
  CC       images/sit.o
  LINK     images/built-in.o
  GEN      compel/include/asm
  GEN      compel/include/version.h
touch .config
  GEN      criu/include/config.h
  GEN      compel/plugins/include/uapi/std/syscall-codes-64.h
  GEN      compel/plugins/include/uapi/std/syscall-64.h
  GEN      compel/arch/x86/plugins/std/syscalls-64.S
  DEP      compel/arch/x86/plugins/std/syscalls-64.d
  DEP      compel/arch/x86/plugins/std/memcpy.d
  DEP      compel/arch/x86/plugins/std/parasite-head.d
  GEN      compel/plugins/include/uapi/std/syscall.h
  GEN      compel/arch/x86/plugins/std/sys-exec-tbl-64.c
  GEN      compel/plugins/include/uapi/std/syscall-codes.h
  GEN      compel/plugins/include/uapi/std/asm/syscall-types.h
  DEP      compel/plugins/std/infect.d
  DEP      compel/plugins/std/string.d
  DEP      compel/plugins/std/log.d
  DEP      compel/plugins/std/fds.d
  DEP      compel/plugins/std/std.d
  DEP      compel/plugins/shmem/shmem.d
  DEP      compel/plugins/fds/fds.d
  CC       compel/plugins/std/std.o
  CC       compel/plugins/std/fds.o
  CC       compel/plugins/std/log.o
  CC       compel/plugins/std/string.o
  CC       compel/plugins/std/infect.o
  CC       compel/arch/x86/plugins/std/parasite-head.o
  CC       compel/arch/x86/plugins/std/memcpy.o
  CC       compel/arch/x86/plugins/std/syscalls-64.o
  AR       compel/plugins/std.lib.a
  CC       compel/plugins/fds/fds.o
  AR       compel/plugins/fds.lib.a
  HOSTDEP  compel/src/lib/log-host.d
  HOSTDEP  compel/src/lib/handle-elf-host.d
  HOSTDEP  compel/arch/x86/src/lib/handle-elf-host.d
  HOSTDEP  compel/src/main-host.d
  DEP      compel/src/main.d
  DEP      compel/src/lib/handle-elf.d
  DEP      compel/arch/x86/src/lib/handle-elf.d
  DEP      compel/src/lib/ptrace.d
  DEP      compel/src/lib/infect.d
  DEP      compel/src/lib/infect-util.d
  DEP      compel/src/lib/infect-rpc.d
  DEP      compel/arch/x86/src/lib/infect.d
  DEP      compel/arch/x86/src/lib/cpu.d
  DEP      compel/src/lib/log.d
  CC       compel/src/lib/log.o
  CC       compel/arch/x86/src/lib/cpu.o
  CC       compel/arch/x86/src/lib/infect.o
  CC       compel/src/lib/infect-rpc.o
  CC       compel/src/lib/infect-util.o
  CC       compel/src/lib/infect.o
  CC       compel/src/lib/ptrace.o
  AR       compel/libcompel.a
  HOSTCC   compel/src/main-host.o
  HOSTCC   compel/arch/x86/src/lib/handle-elf-host.o
  HOSTCC   compel/src/lib/handle-elf-host.o
  HOSTCC   compel/src/lib/log-host.o
  HOSTLINK compel/compel-host-bin
  DEP      soccr/soccr.d
  CC       soccr/soccr.o
  AR       soccr/libsoccr.a
make[1]: 'soccr/libsoccr.a' is up to date.
  DEP      criu/arch/x86/sigframe.d
  DEP      criu/arch/x86/crtools.d
  DEP      criu/arch/x86/cpu.d
  CC       criu/arch/x86/cpu.o
  CC       criu/arch/x86/crtools.o
  CC       criu/arch/x86/sigframe.o
  LINK     criu/arch/x86/crtools.built-in.o
  DEP      criu/arch/x86/vdso-pie.d
  DEP      criu/pie/parasite-vdso.d
  DEP      criu/pie/util-vdso.d
  DEP      criu/pie/util.d
  CC       criu/pie/util.o
  CC       criu/pie/util-vdso.o
  CC       criu/pie/parasite-vdso.o
  CC       criu/arch/x86/vdso-pie.o
  AR       criu/pie/pie.lib.a
  DEP      criu/pie/restorer.d
  DEP      criu/arch/x86/restorer.d
  DEP      criu/pie/parasite.d
  CC       criu/pie/parasite.o
  LINK     criu/pie/parasite.built-in.o
  GEN      criu/pie/parasite-blob.h
  CC       criu/arch/x86/restorer.o
  CC       criu/pie/restorer.o
  LINK     criu/pie/restorer.built-in.o
  GEN      criu/pie/restorer-blob.h
  DEP      criu/vdso.d
  DEP      criu/uts_ns.d
  DEP      criu/util.d
  DEP      criu/uffd.d
  DEP      criu/tun.d
  DEP      criu/tty.d
  DEP      criu/timerfd.d
  DEP      criu/sysfs_parse.d
  DEP      criu/sysctl.d
  DEP      criu/string.d
  DEP      criu/stats.d
  DEP      criu/sockets.d
  DEP      criu/sk-unix.d
  DEP      criu/sk-tcp.d
  DEP      criu/sk-queue.d
  DEP      criu/sk-packet.d
  DEP      criu/sk-netlink.d
  DEP      criu/sk-inet.d
  DEP      criu/signalfd.d
  DEP      criu/sigframe.d
  DEP      criu/shmem.d
  DEP      criu/seize.d
  DEP      criu/seccomp.d
  DEP      criu/rst-malloc.d
  DEP      criu/rbtree.d
  DEP      criu/pstree.d
  DEP      criu/protobuf.d
  GEN      criu/protobuf-desc-gen.h
  DEP      criu/protobuf-desc.d
  DEP      criu/proc_parse.d
  DEP      criu/plugin.d
  DEP      criu/pipes.d
  DEP      criu/pie-util.d
  DEP      criu/pie-util-vdso.d
  DEP      criu/pie-util-vdso-elf32.d
  DEP      criu/path.d
  DEP      criu/parasite-syscall.d
  DEP      criu/pagemap.d
  DEP      criu/pagemap-cache.d
  DEP      criu/page-xfer.d
  DEP      criu/page-pipe.d
  DEP      criu/netfilter.d
  DEP      criu/net.d
  DEP      criu/namespaces.d
  DEP      criu/mount.d
  DEP      criu/mem.d
  DEP      criu/lsm.d
  DEP      criu/log.d
  DEP      criu/libnetlink.d
  DEP      criu/kerndat.d
  DEP      criu/kcmp-ids.d
  DEP      criu/irmap.d
  DEP      criu/ipc_ns.d
  DEP      criu/image.d
  DEP      criu/image-desc.d
  DEP      criu/fsnotify.d
  DEP      criu/filesystems.d
  DEP      criu/files.d
  DEP      criu/files-reg.d
  DEP      criu/files-ext.d
  DEP      criu/file-lock.d
  DEP      criu/file-ids.d
  DEP      criu/fifo.d
  DEP      criu/fdstore.d
  DEP      criu/fault-injection.d
  DEP      criu/external.d
  DEP      criu/eventpoll.d
  DEP      criu/eventfd.d
  DEP      criu/crtools.d
  DEP      criu/cr-service.d
  DEP      criu/cr-restore.d
  DEP      criu/cr-errno.d
  DEP      criu/cr-dump.d
  DEP      criu/cr-dedup.d
  DEP      criu/cr-check.d
  DEP      criu/clone-noasan.d
  DEP      criu/cgroup.d
  DEP      criu/cgroup-props.d
  DEP      criu/bitmap.d
  DEP      criu/bfd.d
  DEP      criu/autofs.d
  DEP      criu/aio.d
  DEP      criu/action-scripts.d
  CC       criu/action-scripts.o
  CC       criu/aio.o
  CC       criu/autofs.o
  CC       criu/bfd.o
  CC       criu/bitmap.o
  CC       criu/cgroup-props.o
  CC       criu/cgroup.o
  CC       criu/clone-noasan.o
  CC       criu/cr-check.o
  CC       criu/cr-dedup.o
  CC       criu/cr-dump.o
  CC       criu/cr-errno.o
  CC       criu/cr-restore.o
  CC       criu/cr-service.o
  CC       criu/crtools.o
  CC       criu/eventfd.o
  CC       criu/eventpoll.o
  CC       criu/external.o
  CC       criu/fault-injection.o
  CC       criu/fdstore.o
  CC       criu/fifo.o
  CC       criu/file-ids.o
  CC       criu/file-lock.o
  CC       criu/files-ext.o
  CC       criu/files-reg.o
  CC       criu/files.o
  CC       criu/filesystems.o
  CC       criu/fsnotify.o
  CC       criu/image-desc.o
  CC       criu/image.o
  CC       criu/ipc_ns.o
  CC       criu/irmap.o
  CC       criu/kcmp-ids.o
  CC       criu/kerndat.o
  CC       criu/libnetlink.o
  CC       criu/log.o
  CC       criu/lsm.o
  CC       criu/mem.o
  CC       criu/mount.o
  CC       criu/namespaces.o
  CC       criu/net.o
  CC       criu/netfilter.o
  CC       criu/page-pipe.o
  CC       criu/page-xfer.o
  CC       criu/pagemap-cache.o
  CC       criu/pagemap.o
  CC       criu/parasite-syscall.o
  CC       criu/path.o
  CC       criu/pie-util-vdso-elf32.o
  CC       criu/pie-util-vdso.o
  CC       criu/pie-util.o
  CC       criu/pipes.o
  CC       criu/plugin.o
  CC       criu/proc_parse.o
  CC       criu/protobuf-desc.o
  CC       criu/protobuf.o
  CC       criu/pstree.o
  CC       criu/rbtree.o
  CC       criu/rst-malloc.o
  CC       criu/seccomp.o
  CC       criu/seize.o
  CC       criu/shmem.o
  CC       criu/sigframe.o
  CC       criu/signalfd.o
  CC       criu/sk-inet.o
  CC       criu/sk-netlink.o
  CC       criu/sk-packet.o
  CC       criu/sk-queue.o
  CC       criu/sk-tcp.o
  CC       criu/sk-unix.o
  CC       criu/sockets.o
  CC       criu/stats.o
  CC       criu/string.o
  CC       criu/sysctl.o
  CC       criu/sysfs_parse.o
  CC       criu/timerfd.o
  CC       criu/tty.o
  CC       criu/tun.o
  CC       criu/uffd.o
  CC       criu/util.o
  CC       criu/uts_ns.o
  CC       criu/vdso.o
  LINK     criu/built-in.o
  LINK     criu/criu
  DEP      lib/c/criu.d
  CC       images/rpc.pb-c.o
  CC       lib/c/criu.o
  LINK     lib/c/built-in.o
  LINK     lib/c/libcriu.so
  GEN      magic.py
Note: Building without ia32 C/R, missed ia32 support in gcc
      That may be related to missing gcc-multilib in your
      distribution or you may have Debian with buggy toolchain
      (issue https://github.com/xemul/criu/issues/315)
fatal: Not a git repository (or any of the parent directories): .git
make[1]: Nothing to be done for 'all'.
make[1]: 'images/built-in.o' is up to date.
make[1]: 'compel/plugins/std.lib.a' is up to date.
make[1]: 'compel/plugins/fds.lib.a' is up to date.
make[1]: 'compel/libcompel.a' is up to date.
make[1]: 'compel/compel-host-bin' is up to date.
make[1]: Nothing to be done for 'all'.
make[1]: 'soccr/libsoccr.a' is up to date.
make[2]: Nothing to be done for 'all'.
make[2]: Nothing to be done for 'all'.
make[2]: Nothing to be done for 'all'.
make[2]: Nothing to be done for 'all'.
make[2]: Nothing to be done for 'all'.
make[2]: Nothing to be done for 'all'.
make[2]: Nothing to be done for 'all'.
make[2]: Nothing to be done for 'all'.
  INSTALL  criu/criu
Removing intermediate container 83134932b678
 ---> ce226692ee99
Step 7/94 : FROM base AS registry
 ---> 63944a83e0fa
Step 8/94 : ENV REGISTRY_COMMIT_SCHEMA1 ec87e9b6971d831f0eff752ddb54fb64693e51cd
 ---> Running in 82dee9d9eee5
Removing intermediate container 82dee9d9eee5
 ---> 4b26bd77f5a1
Step 9/94 : ENV REGISTRY_COMMIT 47a064d4195a9b56133891bbb13620c3ac83a827
 ---> Running in 1ab33d0e0c28
Removing intermediate container 1ab33d0e0c28
 ---> 8d1e92daa800
Step 10/94 : RUN set -x 	&& export GOPATH="$(mktemp -d)" 	&& git clone https://github.com/docker/distribution.git "$GOPATH/src/github.com/docker/distribution" 	&& (cd "$GOPATH/src/github.com/docker/distribution" && git checkout -q "$REGISTRY_COMMIT") 	&& GOPATH="$GOPATH/src/github.com/docker/distribution/Godeps/_workspace:$GOPATH" 		go build -buildmode=pie -o /build/registry-v2 github.com/docker/distribution/cmd/registry 	&& case $(dpkg --print-architecture) in 		amd64|ppc64*|s390x) 		(cd "$GOPATH/src/github.com/docker/distribution" && git checkout -q "$REGISTRY_COMMIT_SCHEMA1"); 		GOPATH="$GOPATH/src/github.com/docker/distribution/Godeps/_workspace:$GOPATH"; 			go build -buildmode=pie -o /build/registry-v2-schema1 github.com/docker/distribution/cmd/registry; 		;; 	   esac 	&& rm -rf "$GOPATH"
 ---> Running in b37220106ebf
+ mktemp -d
+ export GOPATH=/tmp/tmp.jXPLZ624pJ
+ git clone https://github.com/docker/distribution.git /tmp/tmp.jXPLZ624pJ/src/github.com/docker/distribution
Cloning into '/tmp/tmp.jXPLZ624pJ/src/github.com/docker/distribution'...
+ cd /tmp/tmp.jXPLZ624pJ/src/github.com/docker/distribution
+ git checkout -q 47a064d4195a9b56133891bbb13620c3ac83a827
+ GOPATH=/tmp/tmp.jXPLZ624pJ/src/github.com/docker/distribution/Godeps/_workspace:/tmp/tmp.jXPLZ624pJ go build -buildmode=pie -o /build/registry-v2 github.com/docker/distribution/cmd/registry
+ dpkg --print-architecture
+ cd /tmp/tmp.jXPLZ624pJ/src/github.com/docker/distribution
+ git checkout -q ec87e9b6971d831f0eff752ddb54fb64693e51cd
+ GOPATH=/tmp/tmp.jXPLZ624pJ/src/github.com/docker/distribution/Godeps/_workspace:/tmp/tmp.jXPLZ624pJ
+ go build -buildmode=pie -o /build/registry-v2-schema1 github.com/docker/distribution/cmd/registry
+ rm -rf /tmp/tmp.jXPLZ624pJ/src/github.com/docker/distribution/Godeps/_workspace:/tmp/tmp.jXPLZ624pJ
Removing intermediate container b37220106ebf
 ---> 41fef11d39d1
Step 11/94 : FROM base AS docker-py
 ---> 63944a83e0fa
Step 12/94 : ENV DOCKER_PY_COMMIT 8b246db271a85d6541dc458838627e89c683e42f
 ---> Running in 5e0d21c2718a
Removing intermediate container 5e0d21c2718a
 ---> c1f2a65f19d1
Step 13/94 : RUN git clone https://github.com/docker/docker-py.git /build 	&& cd /build 	&& git checkout -q $DOCKER_PY_COMMIT
 ---> Running in 4f06008e4918
Cloning into '/build'...
Removing intermediate container 4f06008e4918
 ---> ab012d007cc0
Step 14/94 : FROM base AS swagger
 ---> 63944a83e0fa
Step 15/94 : ENV GO_SWAGGER_COMMIT c28258affb0b6251755d92489ef685af8d4ff3eb
 ---> Running in 74e6f0f1faf8
Removing intermediate container 74e6f0f1faf8
 ---> 99789530e095
Step 16/94 : RUN set -x 	&& export GOPATH="$(mktemp -d)" 	&& git clone https://github.com/go-swagger/go-swagger.git "$GOPATH/src/github.com/go-swagger/go-swagger" 	&& (cd "$GOPATH/src/github.com/go-swagger/go-swagger" && git checkout -q "$GO_SWAGGER_COMMIT") 	&& go build -o /build/swagger github.com/go-swagger/go-swagger/cmd/swagger 	&& rm -rf "$GOPATH"
 ---> Running in 04ca7edf66f3
+ mktemp -d
+ export GOPATH=/tmp/tmp.57NA5iMnT6
+ git clone https://github.com/go-swagger/go-swagger.git /tmp/tmp.57NA5iMnT6/src/github.com/go-swagger/go-swagger
Cloning into '/tmp/tmp.57NA5iMnT6/src/github.com/go-swagger/go-swagger'...
+ cd /tmp/tmp.57NA5iMnT6/src/github.com/go-swagger/go-swagger
+ git checkout -q c28258affb0b6251755d92489ef685af8d4ff3eb
+ go build -o /build/swagger github.com/go-swagger/go-swagger/cmd/swagger
+ rm -rf /tmp/tmp.57NA5iMnT6
Removing intermediate container 04ca7edf66f3
 ---> 69762d43a976
Step 17/94 : FROM base AS frozen-images
 ---> 63944a83e0fa
Step 18/94 : RUN apt-get update && apt-get install -y jq ca-certificates --no-install-recommends
 ---> Running in dcf11c21c67c
Get:1 http://security.debian.org/debian-security stretch/updates InRelease [94.3 kB]
Ign:2 http://cdn-fastly.deb.debian.org/debian stretch InRelease
Get:3 http://cdn-fastly.deb.debian.org/debian stretch-updates InRelease [91.0 kB]
Get:4 http://cdn-fastly.deb.debian.org/debian stretch Release [118 kB]
Get:5 http://cdn-fastly.deb.debian.org/debian stretch Release.gpg [2434 B]
Get:6 http://security.debian.org/debian-security stretch/updates/main amd64 Packages [464 kB]
Get:7 http://cdn-fastly.deb.debian.org/debian stretch-updates/main amd64 Packages [5152 B]
Get:8 http://cdn-fastly.deb.debian.org/debian stretch/main amd64 Packages [7089 kB]
Fetched 7864 kB in 3s (2340 kB/s)
Reading package lists...
Reading package lists...
Building dependency tree...
Reading state information...
ca-certificates is already the newest version (20161130+nmu1+deb9u1).
The following additional packages will be installed:
  libjq1 libonig4
The following NEW packages will be installed:
  jq libjq1 libonig4
0 upgraded, 3 newly installed, 0 to remove and 0 not upgraded.
Need to get 327 kB of archives.
After this operation, 1157 kB of additional disk space will be used.
Get:1 http://cdn-fastly.deb.debian.org/debian stretch/main amd64 libonig4 amd64 6.1.3-2 [146 kB]
Get:2 http://cdn-fastly.deb.debian.org/debian stretch/main amd64 libjq1 amd64 1.5+dfsg-1.3 [123 kB]
Get:3 http://cdn-fastly.deb.debian.org/debian stretch/main amd64 jq amd64 1.5+dfsg-1.3 [58.6 kB]
debconf: delaying package configuration, since apt-utils is not installed
Fetched 327 kB in 1s (311 kB/s)
Selecting previously unselected package libonig4:amd64.
(Reading database ... (Reading database ... 5%(Reading database ... 10%(Reading database ... 15%(Reading database ... 20%(Reading database ... 25%(Reading database ... 30%(Reading database ... 35%(Reading database ... 40%(Reading database ... 45%(Reading database ... 50%(Reading database ... 55%(Reading database ... 60%(Reading database ... 65%(Reading database ... 70%(Reading database ... 75%(Reading database ... 80%(Reading database ... 85%(Reading database ... 90%(Reading database ... 95%(Reading database ... 100%(Reading database ... 15089 files and directories currently installed.)
Preparing to unpack .../libonig4_6.1.3-2_amd64.deb ...
Unpacking libonig4:amd64 (6.1.3-2) ...
Selecting previously unselected package libjq1:amd64.
Preparing to unpack .../libjq1_1.5+dfsg-1.3_amd64.deb ...
Unpacking libjq1:amd64 (1.5+dfsg-1.3) ...
Selecting previously unselected package jq.
Preparing to unpack .../jq_1.5+dfsg-1.3_amd64.deb ...
Unpacking jq (1.5+dfsg-1.3) ...
Setting up libonig4:amd64 (6.1.3-2) ...
Setting up libjq1:amd64 (1.5+dfsg-1.3) ...
Processing triggers for libc-bin (2.24-11+deb9u3) ...
Setting up jq (1.5+dfsg-1.3) ...
Removing intermediate container dcf11c21c67c
 ---> e3ff697a4d71
Step 19/94 : COPY contrib/download-frozen-image-v2.sh /
 ---> 8117daecf0ce
Step 20/94 : RUN /download-frozen-image-v2.sh /build 	buildpack-deps:jessie@sha256:dd86dced7c9cd2a724e779730f0a53f93b7ef42228d4344b25ce9a42a1486251 	busybox:latest@sha256:bbc3a03235220b170ba48a157dd097dd1379299370e1ed99ce976df0355d24f0 	busybox:glibc@sha256:0b55a30394294ab23b9afd58fab94e61a923f5834fba7ddbae7f8e0c11ba85e6 	debian:jessie@sha256:287a20c5f73087ab406e6b364833e3fb7b3ae63ca0eb3486555dc27ed32c6e60 	hello-world:latest@sha256:be0cd392e45be79ffeffa6b05338b98ebb16c87b255f48e297ec7f98e123905c
 ---> Running in 7936b6ecad57
Downloading 'library/buildpack-deps:jessie@sha256:dd86dced7c9cd2a724e779730f0a53f93b7ef42228d4344b25ce9a42a1486251' (4 layers)...
######################################################################## 100.0%
######                                                                     9.1%###############                                                           21.5%########################                                                  33.7%###################################                                       49.4%###############################################                           65.7%#########################################################                 79.9%##################################################################        92.7%######################################################################## 100.0%
######################################################################## 100.0%
##############                                                            20.0%########################################                                  56.0%#####################################################################     97.1%######################################################################## 100.0%
######################################################################## 100.0%
########                                                                  11.2%#####################                                                     29.9%###############################                                           43.4%##########################################                                59.5%#######################################################                   76.6%###################################################################       93.6%######################################################################## 100.0%
######################################################################## 100.0%
#                                                                          2.4%#####                                                                      8.0%##########                                                                14.3%##############                                                            19.9%#################                                                         24.7%######################                                                    31.3%#########################                                                 36.1%##############################                                            42.6%################################                                          44.6%###################################                                       49.3%#######################################                                   54.6%###########################################                               60.4%###############################################                           65.5%###################################################                       71.8%#######################################################                   77.4%###########################################################               82.2%###############################################################           87.7%###################################################################       93.1%######################################################################    98.4%######################################################################## 100.0%

Downloading 'library/busybox:latest@sha256:bbc3a03235220b170ba48a157dd097dd1379299370e1ed99ce976df0355d24f0' (1 layers)...
######################################################################## 100.0%
######################################################################## 100.0%

Downloading 'library/busybox:glibc@sha256:0b55a30394294ab23b9afd58fab94e61a923f5834fba7ddbae7f8e0c11ba85e6' (1 layers)...
######################################################################## 100.0%
######################################################################## 100.0%

Downloading 'library/debian:jessie@sha256:287a20c5f73087ab406e6b364833e3fb7b3ae63ca0eb3486555dc27ed32c6e60' (1 layers)...
skipping existing 1849cc453dee

Downloading 'library/hello-world:latest@sha256:be0cd392e45be79ffeffa6b05338b98ebb16c87b255f48e297ec7f98e123905c' (1 layers)...
######################################################################## 100.0%
######################################################################## 100.0%

Download of images into '/build' complete.
Use something like the following to load the result into a Docker daemon:
  tar -cC '/build' . | docker load
Removing intermediate container 7936b6ecad57
 ---> 003ab3e163c6
Step 21/94 : FROM base AS runtime-dev
 ---> 63944a83e0fa
Step 22/94 : RUN apt-get update && apt-get install -y 	libapparmor-dev 	libseccomp-dev
 ---> Running in 87e11cbb779e
Get:1 http://security.debian.org/debian-security stretch/updates InRelease [94.3 kB]
Get:2 http://security.debian.org/debian-security stretch/updates/main amd64 Packages [464 kB]
Ign:3 http://cdn-fastly.deb.debian.org/debian stretch InRelease
Get:4 http://cdn-fastly.deb.debian.org/debian stretch-updates InRelease [91.0 kB]
Get:5 http://cdn-fastly.deb.debian.org/debian stretch Release [118 kB]
Get:6 http://cdn-fastly.deb.debian.org/debian stretch Release.gpg [2434 B]
Get:7 http://cdn-fastly.deb.debian.org/debian stretch-updates/main amd64 Packages [5152 B]
Get:8 http://cdn-fastly.deb.debian.org/debian stretch/main amd64 Packages [7089 kB]
Fetched 7864 kB in 3s (2609 kB/s)
Reading package lists...
Reading package lists...
Building dependency tree...
Reading state information...
The following additional packages will be installed:
  libapparmor1 libseccomp2
Suggested packages:
  seccomp
The following NEW packages will be installed:
  libapparmor-dev libapparmor1 libseccomp-dev libseccomp2
0 upgraded, 4 newly installed, 0 to remove and 0 not upgraded.
Need to get 300 kB of archives.
After this operation, 1201 kB of additional disk space will be used.
Get:1 http://cdn-fastly.deb.debian.org/debian stretch/main amd64 libseccomp2 amd64 2.3.1-2.1+deb9u1 [40.7 kB]
Get:2 http://cdn-fastly.deb.debian.org/debian stretch/main amd64 libseccomp-dev amd64 2.3.1-2.1+deb9u1 [61.0 kB]
Get:3 http://cdn-fastly.deb.debian.org/debian stretch/main amd64 libapparmor1 amd64 2.11.0-3+deb9u2 [78.9 kB]
Get:4 http://cdn-fastly.deb.debian.org/debian stretch/main amd64 libapparmor-dev amd64 2.11.0-3+deb9u2 [119 kB]
debconf: delaying package configuration, since apt-utils is not installed
Fetched 300 kB in 1s (284 kB/s)
Selecting previously unselected package libseccomp2:amd64.
(Reading database ... (Reading database ... 5%(Reading database ... 10%(Reading database ... 15%(Reading database ... 20%(Reading database ... 25%(Reading database ... 30%(Reading database ... 35%(Reading database ... 40%(Reading database ... 45%(Reading database ... 50%(Reading database ... 55%(Reading database ... 60%(Reading database ... 65%(Reading database ... 70%(Reading database ... 75%(Reading database ... 80%(Reading database ... 85%(Reading database ... 90%(Reading database ... 95%(Reading database ... 100%(Reading database ... 15089 files and directories currently installed.)
Preparing to unpack .../libseccomp2_2.3.1-2.1+deb9u1_amd64.deb ...
Unpacking libseccomp2:amd64 (2.3.1-2.1+deb9u1) ...
Selecting previously unselected package libseccomp-dev:amd64.
Preparing to unpack .../libseccomp-dev_2.3.1-2.1+deb9u1_amd64.deb ...
Unpacking libseccomp-dev:amd64 (2.3.1-2.1+deb9u1) ...
Selecting previously unselected package libapparmor1:amd64.
Preparing to unpack .../libapparmor1_2.11.0-3+deb9u2_amd64.deb ...
Unpacking libapparmor1:amd64 (2.11.0-3+deb9u2) ...
Selecting previously unselected package libapparmor-dev:amd64.
Preparing to unpack .../libapparmor-dev_2.11.0-3+deb9u2_amd64.deb ...
Unpacking libapparmor-dev:amd64 (2.11.0-3+deb9u2) ...
Processing triggers for libc-bin (2.24-11+deb9u3) ...
Setting up libseccomp2:amd64 (2.3.1-2.1+deb9u1) ...
Setting up libapparmor1:amd64 (2.11.0-3+deb9u2) ...
Setting up libseccomp-dev:amd64 (2.3.1-2.1+deb9u1) ...
Setting up libapparmor-dev:amd64 (2.11.0-3+deb9u2) ...
Processing triggers for libc-bin (2.24-11+deb9u3) ...
Removing intermediate container 87e11cbb779e
 ---> bc477675a986
Step 23/94 : FROM base AS tomlv
 ---> 63944a83e0fa
Step 24/94 : ENV INSTALL_BINARY_NAME=tomlv
 ---> Running in d3e5ebc7c1ea
Removing intermediate container d3e5ebc7c1ea
 ---> d196a086f595
Step 25/94 : COPY hack/dockerfile/install/install.sh ./install.sh
 ---> 78926172b582
Step 26/94 : COPY hack/dockerfile/install/$INSTALL_BINARY_NAME.installer ./
 ---> 45f023dd5b12
Step 27/94 : RUN PREFIX=/build ./install.sh $INSTALL_BINARY_NAME
 ---> Running in 180230368e75
+ RM_GOPATH=0
+ TMP_GOPATH=
+ : /build
+ [[ -z '' ]]
++ mktemp -d
+ export GOPATH=/tmp/tmp.0dbNb1JGfi
+ GOPATH=/tmp/tmp.0dbNb1JGfi
+ RM_GOPATH=1
++ dirname ./install.sh
+ dir=.
+ bin=tomlv
+ shift
+ [[ ! -f ./tomlv.installer ]]
+ . ./tomlv.installer
++ TOMLV_COMMIT=3012a1dbe2e4bd1391d42b32f0577cb7bbc7f005
+ install_tomlv
+ echo 'Install tomlv version 3012a1dbe2e4bd1391d42b32f0577cb7bbc7f005'
+ git clone https://github.com/BurntSushi/toml.git /tmp/tmp.0dbNb1JGfi/src/github.com/BurntSushi/toml
Cloning into '/tmp/tmp.0dbNb1JGfi/src/github.com/BurntSushi/toml'...
Install tomlv version 3012a1dbe2e4bd1391d42b32f0577cb7bbc7f005
+ cd /tmp/tmp.0dbNb1JGfi/src/github.com/BurntSushi/toml
+ git checkout -q 3012a1dbe2e4bd1391d42b32f0577cb7bbc7f005
+ go build -v -buildmode=pie -o /build/tomlv github.com/BurntSushi/toml/cmd/tomlv
encoding
sort
strings
bytes
flag
bufio
path/filepath
log
path
io/ioutil
text/tabwriter
github.com/BurntSushi/toml
github.com/BurntSushi/toml/cmd/tomlv
Removing intermediate container 180230368e75
 ---> ebb72c454ec7
Step 28/94 : FROM base AS vndr
 ---> 63944a83e0fa
Step 29/94 : ENV INSTALL_BINARY_NAME=vndr
 ---> Running in 85d749fdcee6
Removing intermediate container 85d749fdcee6
 ---> e7a74628330b
Step 30/94 : COPY hack/dockerfile/install/install.sh ./install.sh
 ---> cb8897a28ec8
Step 31/94 : COPY hack/dockerfile/install/$INSTALL_BINARY_NAME.installer ./
 ---> 4e8cbc39b173
Step 32/94 : RUN PREFIX=/build ./install.sh $INSTALL_BINARY_NAME
 ---> Running in 692f22c33173
+ RM_GOPATH=0
+ TMP_GOPATH=
+ : /build
+ [[ -z '' ]]
++ mktemp -d
+ export GOPATH=/tmp/tmp.LRNrFgET53
+ GOPATH=/tmp/tmp.LRNrFgET53
+ RM_GOPATH=1
++ dirname ./install.sh
+ dir=.
+ bin=vndr
+ shift
+ [[ ! -f ./vndr.installer ]]
+ . ./vndr.installer
++ VNDR_COMMIT=81cb8916aad3c8d06193f008dba3e16f82851f52
+ install_vndr
+ echo 'Install vndr version 81cb8916aad3c8d06193f008dba3e16f82851f52'
+ git clone https://github.com/LK4D4/vndr.git /tmp/tmp.LRNrFgET53/src/github.com/LK4D4/vndr
Cloning into '/tmp/tmp.LRNrFgET53/src/github.com/LK4D4/vndr'...
Install vndr version 81cb8916aad3c8d06193f008dba3e16f82851f52
+ cd /tmp/tmp.LRNrFgET53/src/github.com/LK4D4/vndr
+ git checkout -q 81cb8916aad3c8d06193f008dba3e16f82851f52
+ go build -buildmode=pie -v -o /build/vndr .
encoding
bytes
sort
strings
bufio
go/token
flag
path/filepath
path
go/scanner
regexp/syntax
go/ast
regexp
io/ioutil
net/url
go/parser
text/template/parse
log
text/template
encoding/binary
encoding/base64
unicode/utf16
encoding/json
go/doc
encoding/xml
github.com/LK4D4/vndr/build
github.com/LK4D4/vndr/godl/singleflight
compress/flate
hash
hash/crc32
container/list
context
compress/gzip
crypto/internal/subtle
crypto/subtle
math/rand
crypto/cipher
math/big
crypto/aes
crypto
crypto/des
crypto/internal/randutil
crypto/sha512
crypto/hmac
crypto/md5
crypto/rc4
crypto/sha1
crypto/sha256
encoding/hex
crypto/rand
crypto/elliptic
encoding/asn1
crypto/rsa
crypto/ecdsa
crypto/dsa
crypto/x509/pkix
encoding/pem
vendor/golang_org/x/crypto/cryptobyte/asn1
vendor/golang_org/x/crypto/cryptobyte
vendor/golang_org/x/net/dns/dnsmessage
internal/nettrace
internal/singleflight
vendor/golang_org/x/crypto/internal/chacha20
vendor/golang_org/x/crypto/poly1305
net
vendor/golang_org/x/crypto/chacha20poly1305
vendor/golang_org/x/crypto/curve25519
vendor/golang_org/x/text/transform
vendor/golang_org/x/text/unicode/bidi
vendor/golang_org/x/text/secure/bidirule
vendor/golang_org/x/text/unicode/norm
vendor/golang_org/x/net/idna
vendor/golang_org/x/net/http2/hpack
mime
mime/quotedprintable
net/http/internal
os/exec
net/textproto
crypto/x509
vendor/golang_org/x/net/http/httpguts
vendor/golang_org/x/net/http/httpproxy
mime/multipart
crypto/tls
net/http/httptrace
net/http
github.com/LK4D4/vndr/godl
github.com/LK4D4/vndr
Removing intermediate container 692f22c33173
 ---> b7591558dab8
Step 33/94 : FROM base AS containerd
 ---> 63944a83e0fa
Step 34/94 : RUN apt-get update && apt-get install -y btrfs-tools
 ---> Running in 5b41220c3f49
Ign:1 http://cdn-fastly.deb.debian.org/debian stretch InRelease
Get:2 http://cdn-fastly.deb.debian.org/debian stretch-updates InRelease [91.0 kB]
Get:3 http://cdn-fastly.deb.debian.org/debian stretch Release [118 kB]
Get:4 http://cdn-fastly.deb.debian.org/debian stretch Release.gpg [2434 B]
Get:5 http://cdn-fastly.deb.debian.org/debian stretch-updates/main amd64 Packages [5152 B]
Get:6 http://cdn-fastly.deb.debian.org/debian stretch/main amd64 Packages [7089 kB]
Get:7 http://security.debian.org/debian-security stretch/updates InRelease [94.3 kB]
Get:8 http://security.debian.org/debian-security stretch/updates/main amd64 Packages [464 kB]
Fetched 7864 kB in 2s (3070 kB/s)
Reading package lists...
Reading package lists...
Building dependency tree...
Reading state information...
The following additional packages will be installed:
  btrfs-progs liblzo2-2
The following NEW packages will be installed:
  btrfs-progs btrfs-tools liblzo2-2
0 upgraded, 3 newly installed, 0 to remove and 0 not upgraded.
Need to get 649 kB of archives.
After this operation, 4320 kB of additional disk space will be used.
Get:1 http://cdn-fastly.deb.debian.org/debian stretch/main amd64 liblzo2-2 amd64 2.08-1.2+b2 [55.0 kB]
Get:2 http://cdn-fastly.deb.debian.org/debian stretch/main amd64 btrfs-progs amd64 4.7.3-1 [577 kB]
Get:3 http://cdn-fastly.deb.debian.org/debian stretch/main amd64 btrfs-tools amd64 4.7.3-1 [16.9 kB]
debconf: delaying package configuration, since apt-utils is not installed
Fetched 649 kB in 1s (606 kB/s)
Selecting previously unselected package liblzo2-2:amd64.
(Reading database ... (Reading database ... 5%(Reading database ... 10%(Reading database ... 15%(Reading database ... 20%(Reading database ... 25%(Reading database ... 30%(Reading database ... 35%(Reading database ... 40%(Reading database ... 45%(Reading database ... 50%(Reading database ... 55%(Reading database ... 60%(Reading database ... 65%(Reading database ... 70%(Reading database ... 75%(Reading database ... 80%(Reading database ... 85%(Reading database ... 90%(Reading database ... 95%(Reading database ... 100%(Reading database ... 15089 files and directories currently installed.)
Preparing to unpack .../liblzo2-2_2.08-1.2+b2_amd64.deb ...
Unpacking liblzo2-2:amd64 (2.08-1.2+b2) ...
Selecting previously unselected package btrfs-progs.
Preparing to unpack .../btrfs-progs_4.7.3-1_amd64.deb ...
Unpacking btrfs-progs (4.7.3-1) ...
Selecting previously unselected package btrfs-tools.
Preparing to unpack .../btrfs-tools_4.7.3-1_amd64.deb ...
Unpacking btrfs-tools (4.7.3-1) ...
Processing triggers for libc-bin (2.24-11+deb9u3) ...
Setting up liblzo2-2:amd64 (2.08-1.2+b2) ...
Setting up btrfs-progs (4.7.3-1) ...
Setting up btrfs-tools (4.7.3-1) ...
Processing triggers for libc-bin (2.24-11+deb9u3) ...
Removing intermediate container 5b41220c3f49
 ---> 3691fada1ecb
Step 35/94 : ENV INSTALL_BINARY_NAME=containerd
 ---> Running in aef7ef8607c3
Removing intermediate container aef7ef8607c3
 ---> 963792d85d30
Step 36/94 : COPY hack/dockerfile/install/install.sh ./install.sh
 ---> 120680d817e1
Step 37/94 : COPY hack/dockerfile/install/$INSTALL_BINARY_NAME.installer ./
 ---> 20f4736df284
Step 38/94 : RUN PREFIX=/build ./install.sh $INSTALL_BINARY_NAME
 ---> Running in 7c0244c359a9
+ RM_GOPATH=0
+ TMP_GOPATH=
+ : /build
+ [[ -z '' ]]
++ mktemp -d
+ export GOPATH=/tmp/tmp.DyxTels4UF
+ GOPATH=/tmp/tmp.DyxTels4UF
+ RM_GOPATH=1
++ dirname ./install.sh
+ dir=.
+ bin=containerd
+ shift
+ [[ ! -f ./containerd.installer ]]
+ . ./containerd.installer
++ CONTAINERD_COMMIT=aa5e000c963756778ab3ebd1a12c67449c503a34
+ install_containerd
+ echo 'Install containerd version aa5e000c963756778ab3ebd1a12c67449c503a34'
+ git clone https://github.com/containerd/containerd.git /tmp/tmp.DyxTels4UF/src/github.com/containerd/containerd
Install containerd version aa5e000c963756778ab3ebd1a12c67449c503a34
Cloning into '/tmp/tmp.DyxTels4UF/src/github.com/containerd/containerd'...
+ cd /tmp/tmp.DyxTels4UF/src/github.com/containerd/containerd
+ git checkout -q aa5e000c963756778ab3ebd1a12c67449c503a34
+ export 'BUILDTAGS=netgo osusergo static_build'
+ BUILDTAGS='netgo osusergo static_build'
+ export EXTRA_FLAGS=-buildmode=pie
+ EXTRA_FLAGS=-buildmode=pie
+ export 'EXTRA_LDFLAGS=-extldflags "-fno-PIC -static"'
+ EXTRA_LDFLAGS='-extldflags "-fno-PIC -static"'
+ '[' '' == dynamic ']'
+ make
 bin/ctr
 bin/containerd
 bin/containerd-stress
 bin/containerd-shim
 bin/containerd-shim-runc-v1
 binaries
+ mkdir -p /build
+ cp bin/containerd /build/containerd
+ cp bin/containerd-shim /build/containerd-shim
+ cp bin/ctr /build/ctr
Removing intermediate container 7c0244c359a9
 ---> 97b1762bc997
Step 39/94 : FROM base AS proxy
 ---> 63944a83e0fa
Step 40/94 : ENV INSTALL_BINARY_NAME=proxy
 ---> Running in dff3814bef51
Removing intermediate container dff3814bef51
 ---> 247c5ecf3854
Step 41/94 : COPY hack/dockerfile/install/install.sh ./install.sh
 ---> 0ee4baa2f5e2
Step 42/94 : COPY hack/dockerfile/install/$INSTALL_BINARY_NAME.installer ./
 ---> 4d1ea8ba7cbe
Step 43/94 : RUN PREFIX=/build ./install.sh $INSTALL_BINARY_NAME
 ---> Running in 781eb680a9ad
+ RM_GOPATH=0
+ TMP_GOPATH=
+ : /build
+ [[ -z '' ]]
++ mktemp -d
+ export GOPATH=/tmp/tmp.OEq81wyg16
+ GOPATH=/tmp/tmp.OEq81wyg16
+ RM_GOPATH=1
++ dirname ./install.sh
+ dir=.
+ bin=proxy
+ shift
+ [[ ! -f ./proxy.installer ]]
+ . ./proxy.installer
++ LIBNETWORK_COMMIT=1a06131fb8a047d919f7deaf02a4c414d7884b83
+ install_proxy
+ case "$1" in
+ export CGO_ENABLED=0
+ CGO_ENABLED=0
+ _install_proxy
+ echo 'Install docker-proxy version 1a06131fb8a047d919f7deaf02a4c414d7884b83'
Install docker-proxy version 1a06131fb8a047d919f7deaf02a4c414d7884b83
+ git clone https://github.com/docker/libnetwork.git /tmp/tmp.OEq81wyg16/src/github.com/docker/libnetwork
Cloning into '/tmp/tmp.OEq81wyg16/src/github.com/docker/libnetwork'...
+ cd /tmp/tmp.OEq81wyg16/src/github.com/docker/libnetwork
+ git checkout -q 1a06131fb8a047d919f7deaf02a4c414d7884b83
+ go build -ldflags= -o /build/docker-proxy github.com/docker/libnetwork/cmd/proxy
Removing intermediate container 781eb680a9ad
 ---> 27fd9e860de0
Step 44/94 : FROM base AS gometalinter
 ---> 63944a83e0fa
Step 45/94 : ENV INSTALL_BINARY_NAME=gometalinter
 ---> Running in 7225f48380fe
Removing intermediate container 7225f48380fe
 ---> c6b900856139
Step 46/94 : COPY hack/dockerfile/install/install.sh ./install.sh
 ---> 797a90796f18
Step 47/94 : COPY hack/dockerfile/install/$INSTALL_BINARY_NAME.installer ./
 ---> 82a0ac11dbca
Step 48/94 : RUN PREFIX=/build ./install.sh $INSTALL_BINARY_NAME
 ---> Running in d4e00457efa5
+ RM_GOPATH=0
+ TMP_GOPATH=
+ : /build
+ [[ -z '' ]]
++ mktemp -d
+ export GOPATH=/tmp/tmp.5b3BVUT0pd
+ GOPATH=/tmp/tmp.5b3BVUT0pd
+ RM_GOPATH=1
++ dirname ./install.sh
Installing gometalinter version v2.0.6
+ dir=.
+ bin=gometalinter
+ shift
+ [[ ! -f ./gometalinter.installer ]]
+ . ./gometalinter.installer
++ GOMETALINTER_COMMIT=v2.0.6
+ install_gometalinter
+ echo 'Installing gometalinter version v2.0.6'
+ go get -d github.com/alecthomas/gometalinter
+ cd /tmp/tmp.5b3BVUT0pd/src/github.com/alecthomas/gometalinter
+ git checkout -q v2.0.6
+ go build -buildmode=pie -o /build/gometalinter github.com/alecthomas/gometalinter
+ GOBIN=/build
+ /build/gometalinter --install
Installing:
  deadcode
  dupl
  errcheck
  gas
  gochecknoglobals
  gochecknoinits
  goconst
  gocyclo
  goimports
  golint
  gosimple
  gotype
  gotypex
  ineffassign
  interfacer
  lll
  maligned
  megacheck
  misspell
  nakedret
  safesql
  staticcheck
  structcheck
  unconvert
  unparam
  unused
  varcheck
Removing intermediate container d4e00457efa5
 ---> 4445c89a2a8b
Step 49/94 : FROM base AS dockercli
 ---> 63944a83e0fa
Step 50/94 : ENV INSTALL_BINARY_NAME=dockercli
 ---> Running in 8394d07f06f7
Removing intermediate container 8394d07f06f7
 ---> 9c170bf6d339
Step 51/94 : COPY hack/dockerfile/install/install.sh ./install.sh
 ---> 59190c8987fa
Step 52/94 : COPY hack/dockerfile/install/$INSTALL_BINARY_NAME.installer ./
 ---> f0467e94fc24
Step 53/94 : RUN PREFIX=/build ./install.sh $INSTALL_BINARY_NAME
 ---> Running in c1d167ecb429
+ RM_GOPATH=0
+ TMP_GOPATH=
+ : /build
+ [[ -z '' ]]
++ mktemp -d
+ export GOPATH=/tmp/tmp.D7GPZm9zm1
+ GOPATH=/tmp/tmp.D7GPZm9zm1
+ RM_GOPATH=1
++ dirname ./install.sh
+ dir=.
+ bin=dockercli
+ shift
+ [[ ! -f ./dockercli.installer ]]
+ . ./dockercli.installer
++ DOCKERCLI_CHANNEL=edge
++ DOCKERCLI_VERSION=17.06.0-ce
+ install_dockercli
+ echo 'Install docker/cli version 17.06.0-ce from edge'
Install docker/cli version 17.06.0-ce from edge
++ uname -m
+ arch=x86_64
+ '[' x86_64 '!=' x86_64 ']'
+ url=https://download.docker.com/linux/static
+ curl -Ls https://download.docker.com/linux/static/edge/x86_64/docker-17.06.0-ce.tgz
+ tar -xz docker/docker
+ mkdir -p /build
+ mv docker/docker /build/
+ rmdir docker
Removing intermediate container c1d167ecb429
 ---> 637f1a54ddd0
Step 54/94 : FROM runtime-dev AS runc
 ---> bc477675a986
Step 55/94 : ENV INSTALL_BINARY_NAME=runc
 ---> Running in 46eed2c0b47e
Removing intermediate container 46eed2c0b47e
 ---> a954f7741ac4
Step 56/94 : COPY hack/dockerfile/install/install.sh ./install.sh
 ---> 38ee9ab604ac
Step 57/94 : COPY hack/dockerfile/install/$INSTALL_BINARY_NAME.installer ./
 ---> 266281979b1b
Step 58/94 : RUN PREFIX=/build ./install.sh $INSTALL_BINARY_NAME
 ---> Running in 9d6fd9c2cb41
+ RM_GOPATH=0
+ TMP_GOPATH=
+ : /build
+ [[ -z '' ]]
++ mktemp -d
+ export GOPATH=/tmp/tmp.bqnBJFPlVh
+ GOPATH=/tmp/tmp.bqnBJFPlVh
+ RM_GOPATH=1
++ dirname ./install.sh
+ dir=.
+ bin=runc
+ shift
+ [[ ! -f ./runc.installer ]]
+ . ./runc.installer
++ RUNC_COMMIT=96ec2177ae841256168fcf76954f7177af9446eb
+ install_runc
+ uname -r
+ grep -q '^3\.10\.0.*\.el7\.'
+ RUNC_BUILDTAGS='seccomp apparmor selinux '
+ echo 'Install runc version 96ec2177ae841256168fcf76954f7177af9446eb (build tags: seccomp apparmor selinux )'
+ git clone https://github.com/opencontainers/runc.git /tmp/tmp.bqnBJFPlVh/src/github.com/opencontainers/runc
Install runc version 96ec2177ae841256168fcf76954f7177af9446eb (build tags: seccomp apparmor selinux )
Cloning into '/tmp/tmp.bqnBJFPlVh/src/github.com/opencontainers/runc'...
+ cd /tmp/tmp.bqnBJFPlVh/src/github.com/opencontainers/runc
+ git checkout -q 96ec2177ae841256168fcf76954f7177af9446eb
+ '[' -z '' ']'
+ target=static
+ make 'BUILDTAGS=seccomp apparmor selinux ' static
CGO_ENABLED=1 go build  -tags "seccomp apparmor selinux  netgo osusergo static_build" -installsuffix netgo -ldflags "-w -extldflags -static -X main.gitCommit="96ec2177ae841256168fcf76954f7177af9446eb" -X main.version=1.0.0-rc6+dev " -o runc .
CGO_ENABLED=1 go build  -tags "seccomp apparmor selinux  netgo osusergo static_build" -installsuffix netgo -ldflags "-w -extldflags -static -X main.gitCommit="96ec2177ae841256168fcf76954f7177af9446eb" -X main.version=1.0.0-rc6+dev " -o contrib/cmd/recvtty/recvtty ./contrib/cmd/recvtty
+ mkdir -p /build
+ cp runc /build/runc
Removing intermediate container 9d6fd9c2cb41
 ---> 2db8ec84f034
Step 59/94 : FROM base AS tini
 ---> 63944a83e0fa
Step 60/94 : RUN apt-get update && apt-get install -y cmake vim-common
 ---> Running in e70940febe51
Get:1 http://security.debian.org/debian-security stretch/updates InRelease [94.3 kB]
Ign:2 http://cdn-fastly.deb.debian.org/debian stretch InRelease
Get:3 http://cdn-fastly.deb.debian.org/debian stretch-updates InRelease [91.0 kB]
Get:4 http://cdn-fastly.deb.debian.org/debian stretch Release [118 kB]
Get:5 http://cdn-fastly.deb.debian.org/debian stretch Release.gpg [2434 B]
Get:6 http://security.debian.org/debian-security stretch/updates/main amd64 Packages [464 kB]
Get:7 http://cdn-fastly.deb.debian.org/debian stretch-updates/main amd64 Packages [5152 B]
Get:8 http://cdn-fastly.deb.debian.org/debian stretch/main amd64 Packages [7089 kB]
Fetched 7864 kB in 2s (3138 kB/s)
Reading package lists...
Reading package lists...
Building dependency tree...
Reading state information...
The following additional packages will be installed:
  cmake-data libarchive13 libgpm2 libicu57 libjsoncpp1 liblzo2-2 libuv1
  libxml2 sgml-base vim vim-runtime xml-core xxd
Suggested packages:
  codeblocks eclipse ninja-build lrzip gpm sgml-base-doc ctags vim-doc
  vim-scripts debhelper
The following NEW packages will be installed:
  cmake cmake-data libarchive13 libgpm2 libicu57 libjsoncpp1 liblzo2-2 libuv1
  libxml2 sgml-base vim vim-common vim-runtime xml-core xxd
0 upgraded, 15 newly installed, 0 to remove and 0 not upgraded.
Need to get 20.2 MB of archives.
After this operation, 88.1 MB of additional disk space will be used.
Get:1 http://security.debian.org/debian-security stretch/updates/main amd64 libarchive13 amd64 3.2.2-2+deb9u1 [294 kB]
Get:2 http://cdn-fastly.deb.debian.org/debian stretch/main amd64 cmake-data all 3.7.2-1 [1216 kB]
Get:3 http://cdn-fastly.deb.debian.org/debian stretch/main amd64 liblzo2-2 amd64 2.08-1.2+b2 [55.0 kB]
Get:4 http://cdn-fastly.deb.debian.org/debian stretch/main amd64 libicu57 amd64 57.1-6+deb9u2 [7700 kB]
Get:5 http://cdn-fastly.deb.debian.org/debian stretch/main amd64 libxml2 amd64 2.9.4+dfsg1-2.2+deb9u2 [920 kB]
Get:6 http://cdn-fastly.deb.debian.org/debian stretch/main amd64 libjsoncpp1 amd64 1.7.4-3 [75.6 kB]
Get:7 http://cdn-fastly.deb.debian.org/debian stretch/main amd64 libuv1 amd64 1.9.1-3 [84.4 kB]
Get:8 http://cdn-fastly.deb.debian.org/debian stretch/main amd64 cmake amd64 3.7.2-1 [3038 kB]
Get:9 http://cdn-fastly.deb.debian.org/debian stretch/main amd64 sgml-base all 1.29 [14.8 kB]
Get:10 http://cdn-fastly.deb.debian.org/debian stretch/main amd64 xxd amd64 2:8.0.0197-4+deb9u1 [132 kB]
Get:11 http://cdn-fastly.deb.debian.org/debian stretch/main amd64 vim-common all 2:8.0.0197-4+deb9u1 [159 kB]
Get:12 http://cdn-fastly.deb.debian.org/debian stretch/main amd64 libgpm2 amd64 1.20.4-6.2+b1 [34.2 kB]
Get:13 http://cdn-fastly.deb.debian.org/debian stretch/main amd64 vim-runtime all 2:8.0.0197-4+deb9u1 [5407 kB]
Get:14 http://cdn-fastly.deb.debian.org/debian stretch/main amd64 vim amd64 2:8.0.0197-4+deb9u1 [1034 kB]
Get:15 http://cdn-fastly.deb.debian.org/debian stretch/main amd64 xml-core all 0.17 [23.2 kB]
debconf: delaying package configuration, since apt-utils is not installed
Fetched 20.2 MB in 1s (14.4 MB/s)
Selecting previously unselected package cmake-data.
(Reading database ... (Reading database ... 5%(Reading database ... 10%(Reading database ... 15%(Reading database ... 20%(Reading database ... 25%(Reading database ... 30%(Reading database ... 35%(Reading database ... 40%(Reading database ... 45%(Reading database ... 50%(Reading database ... 55%(Reading database ... 60%(Reading database ... 65%(Reading database ... 70%(Reading database ... 75%(Reading database ... 80%(Reading database ... 85%(Reading database ... 90%(Reading database ... 95%(Reading database ... 100%(Reading database ... 15089 files and directories currently installed.)
Preparing to unpack .../00-cmake-data_3.7.2-1_all.deb ...
Unpacking cmake-data (3.7.2-1) ...
Selecting previously unselected package liblzo2-2:amd64.
Preparing to unpack .../01-liblzo2-2_2.08-1.2+b2_amd64.deb ...
Unpacking liblzo2-2:amd64 (2.08-1.2+b2) ...
Selecting previously unselected package libicu57:amd64.
Preparing to unpack .../02-libicu57_57.1-6+deb9u2_amd64.deb ...
Unpacking libicu57:amd64 (57.1-6+deb9u2) ...
Selecting previously unselected package libxml2:amd64.
Preparing to unpack .../03-libxml2_2.9.4+dfsg1-2.2+deb9u2_amd64.deb ...
Unpacking libxml2:amd64 (2.9.4+dfsg1-2.2+deb9u2) ...
Selecting previously unselected package libarchive13:amd64.
Preparing to unpack .../04-libarchive13_3.2.2-2+deb9u1_amd64.deb ...
Unpacking libarchive13:amd64 (3.2.2-2+deb9u1) ...
Selecting previously unselected package libjsoncpp1:amd64.
Preparing to unpack .../05-libjsoncpp1_1.7.4-3_amd64.deb ...
Unpacking libjsoncpp1:amd64 (1.7.4-3) ...
Selecting previously unselected package libuv1:amd64.
Preparing to unpack .../06-libuv1_1.9.1-3_amd64.deb ...
Unpacking libuv1:amd64 (1.9.1-3) ...
Selecting previously unselected package cmake.
Preparing to unpack .../07-cmake_3.7.2-1_amd64.deb ...
Unpacking cmake (3.7.2-1) ...
Selecting previously unselected package sgml-base.
Preparing to unpack .../08-sgml-base_1.29_all.deb ...
Unpacking sgml-base (1.29) ...
Selecting previously unselected package xxd.
Preparing to unpack .../09-xxd_2%3a8.0.0197-4+deb9u1_amd64.deb ...
Unpacking xxd (2:8.0.0197-4+deb9u1) ...
Selecting previously unselected package vim-common.
Preparing to unpack .../10-vim-common_2%3a8.0.0197-4+deb9u1_all.deb ...
Unpacking vim-common (2:8.0.0197-4+deb9u1) ...
Selecting previously unselected package libgpm2:amd64.
Preparing to unpack .../11-libgpm2_1.20.4-6.2+b1_amd64.deb ...
Unpacking libgpm2:amd64 (1.20.4-6.2+b1) ...
Selecting previously unselected package vim-runtime.
Preparing to unpack .../12-vim-runtime_2%3a8.0.0197-4+deb9u1_all.deb ...
Adding 'diversion of /usr/share/vim/vim80/doc/help.txt to /usr/share/vim/vim80/doc/help.txt.vim-tiny by vim-runtime'
Adding 'diversion of /usr/share/vim/vim80/doc/tags to /usr/share/vim/vim80/doc/tags.vim-tiny by vim-runtime'
Unpacking vim-runtime (2:8.0.0197-4+deb9u1) ...
Selecting previously unselected package vim.
Preparing to unpack .../13-vim_2%3a8.0.0197-4+deb9u1_amd64.deb ...
Unpacking vim (2:8.0.0197-4+deb9u1) ...
Selecting previously unselected package xml-core.
Preparing to unpack .../14-xml-core_0.17_all.deb ...
Unpacking xml-core (0.17) ...
Processing triggers for mime-support (3.60) ...
Setting up xxd (2:8.0.0197-4+deb9u1) ...
Setting up libgpm2:amd64 (1.20.4-6.2+b1) ...
Setting up libuv1:amd64 (1.9.1-3) ...
Setting up cmake-data (3.7.2-1) ...
Setting up sgml-base (1.29) ...
Setting up libicu57:amd64 (57.1-6+deb9u2) ...
Setting up libxml2:amd64 (2.9.4+dfsg1-2.2+deb9u2) ...
Processing triggers for libc-bin (2.24-11+deb9u3) ...
Setting up vim-common (2:8.0.0197-4+deb9u1) ...
Setting up vim-runtime (2:8.0.0197-4+deb9u1) ...
Setting up xml-core (0.17) ...
Setting up liblzo2-2:amd64 (2.08-1.2+b2) ...
Setting up libjsoncpp1:amd64 (1.7.4-3) ...
Setting up vim (2:8.0.0197-4+deb9u1) ...
update-alternatives: using /usr/bin/vim.basic to provide /usr/bin/vim (vim) in auto mode
update-alternatives: using /usr/bin/vim.basic to provide /usr/bin/vimdiff (vimdiff) in auto mode
update-alternatives: using /usr/bin/vim.basic to provide /usr/bin/rvim (rvim) in auto mode
update-alternatives: using /usr/bin/vim.basic to provide /usr/bin/rview (rview) in auto mode
update-alternatives: using /usr/bin/vim.basic to provide /usr/bin/vi (vi) in auto mode
update-alternatives: using /usr/bin/vim.basic to provide /usr/bin/view (view) in auto mode
update-alternatives: using /usr/bin/vim.basic to provide /usr/bin/ex (ex) in auto mode
update-alternatives: using /usr/bin/vim.basic to provide /usr/bin/editor (editor) in auto mode
Setting up libarchive13:amd64 (3.2.2-2+deb9u1) ...
Setting up cmake (3.7.2-1) ...
Processing triggers for sgml-base (1.29) ...
Processing triggers for libc-bin (2.24-11+deb9u3) ...
Removing intermediate container e70940febe51
 ---> 985bad9da3de
Step 61/94 : COPY hack/dockerfile/install/install.sh ./install.sh
 ---> aac3bb72aaf0
Step 62/94 : ENV INSTALL_BINARY_NAME=tini
 ---> Running in d3dd5905f034
Removing intermediate container d3dd5905f034
 ---> d25b99d2b774
Step 63/94 : COPY hack/dockerfile/install/$INSTALL_BINARY_NAME.installer ./
 ---> da6ded79c482
Step 64/94 : RUN PREFIX=/build ./install.sh $INSTALL_BINARY_NAME
 ---> Running in b312449f9c78
+ RM_GOPATH=0
+ TMP_GOPATH=
+ : /build
+ [[ -z '' ]]
++ mktemp -d
+ export GOPATH=/tmp/tmp.4HpRZlFtaT
+ GOPATH=/tmp/tmp.4HpRZlFtaT
+ RM_GOPATH=1
++ dirname ./install.sh
+ dir=.
+ bin=tini
+ shift
+ [[ ! -f ./tini.installer ]]
+ . ./tini.installer
++ TINI_COMMIT=fec3683b971d9c3ef73f284f176672c44b448662
+ install_tini
+ echo 'Install tini version fec3683b971d9c3ef73f284f176672c44b448662'
+ git clone https://github.com/krallin/tini.git /tmp/tmp.4HpRZlFtaT/tini
Install tini version fec3683b971d9c3ef73f284f176672c44b448662
Cloning into '/tmp/tmp.4HpRZlFtaT/tini'...
+ cd /tmp/tmp.4HpRZlFtaT/tini
+ git checkout -q fec3683b971d9c3ef73f284f176672c44b448662
+ cmake .
-- The C compiler identification is GNU 6.3.0
-- Check for working C compiler: /usr/bin/cc
-- Check for working C compiler: /usr/bin/cc -- works
-- Detecting C compiler ABI info
-- Detecting C compiler ABI info - done
-- Detecting C compile features
-- Detecting C compile features - done
-- Performing Test HAS_BUILTIN_FORTIFY
-- Performing Test HAS_BUILTIN_FORTIFY - Failed
-- Configuring done
-- Generating done
-- Build files have been written to: /tmp/tmp.4HpRZlFtaT/tini
+ make tini-static
Scanning dependencies of target tini-static
[ 50%] Building C object CMakeFiles/tini-static.dir/src/tini.c.o
[100%] Linking C executable tini-static
[100%] Built target tini-static
+ mkdir -p /build
+ cp tini-static /build/docker-init
Removing intermediate container b312449f9c78
 ---> 0c8e0c86208a
Step 65/94 : FROM runtime-dev AS dev
 ---> bc477675a986
Step 66/94 : RUN groupadd -r docker
 ---> Running in 80f706c03775
Removing intermediate container 80f706c03775
 ---> 57cd536a6bbe
Step 67/94 : RUN useradd --create-home --gid docker unprivilegeduser
 ---> Running in 5bda364ccb5c
Removing intermediate container 5bda364ccb5c
 ---> c3420b80e9e3
Step 68/94 : RUN ln -sfv /go/src/github.com/docker/docker/.bashrc ~/.bashrc
 ---> Running in ac99c6d54d1b
'/root/.bashrc' -> '/go/src/github.com/docker/docker/.bashrc'
Removing intermediate container ac99c6d54d1b
 ---> 53d2a16d271e
Step 69/94 : RUN echo "source /usr/share/bash-completion/bash_completion" >> /etc/bash.bashrc
 ---> Running in d3aebaa4f507
Removing intermediate container d3aebaa4f507
 ---> 5a3db6fa6e75
Step 70/94 : RUN ln -s /usr/local/completion/bash/docker /etc/bash_completion.d/docker
 ---> Running in c07d9163872f
Removing intermediate container c07d9163872f
 ---> ff89e7b0ce2e
Step 71/94 : RUN ldconfig
 ---> Running in d044cce8dca0
Removing intermediate container d044cce8dca0
 ---> fe083ab101c6
Step 72/94 : RUN apt-get update && apt-get install -y 	apparmor 	aufs-tools 	bash-completion 	btrfs-tools 	iptables 	jq 	libcap2-bin 	libdevmapper-dev 	libudev-dev 	libsystemd-dev 	binutils-mingw-w64 	g++-mingw-w64-x86-64 	net-tools 	pigz 	python-backports.ssl-match-hostname 	python-dev 	python-mock 	python-pip 	python-requests 	python-setuptools 	python-websocket 	python-wheel 	thin-provisioning-tools 	vim 	vim-common 	xfsprogs 	zip 	bzip2 	xz-utils 	--no-install-recommends
 ---> Running in 37ee7cea77c2
Ign:1 http://cdn-fastly.deb.debian.org/debian stretch InRelease
Hit:2 http://security.debian.org/debian-security stretch/updates InRelease
Hit:3 http://cdn-fastly.deb.debian.org/debian stretch-updates InRelease
Hit:4 http://cdn-fastly.deb.debian.org/debian stretch Release
Reading package lists...
Reading package lists...
Building dependency tree...
Reading state information...
The following additional packages will be installed:
  binutils-mingw-w64-i686 binutils-mingw-w64-x86-64 btrfs-progs dh-python
  dmsetup gcc-mingw-w64-base gcc-mingw-w64-x86-64 libaio1 libapparmor-perl
  libdevmapper-event1.02.1 libdevmapper1.02.1 libexpat1-dev libgpm2 libip4tc0
  libip6tc0 libiptc0 libjq1 liblzo2-2 libmpdec2 libnetfilter-conntrack3
  libnfnetlink0 libonig4 libpcre16-3 libpcre3-dev libpcre32-3 libpcrecpp0v5
  libpython-dev libpython2.7 libpython2.7-dev libpython3-stdlib
  libpython3.5-minimal libpython3.5-stdlib libreadline5 libselinux1-dev
  libsepol1-dev libxtables12 mingw-w64-common mingw-w64-x86-64-dev
  python-chardet python-funcsigs python-pbr python-pip-whl
  python-pkg-resources python-urllib3 python2.7-dev python3 python3-minimal
  python3.5 python3.5-minimal vim-runtime xxd
Suggested packages:
  apparmor-profiles apparmor-profiles-extra apparmor-utils bzip2-doc
  gcc-6-locales kmod gpm wine64 python-funcsigs-doc python-mock-doc
  python-cryptography python-idna python-openssl python-socks
  python-setuptools-doc python-ntlm python3-doc python3-tk python3-venv
  python3.5-venv python3.5-doc binfmt-support ctags vim-doc vim-scripts
  xfsdump acl attr quota
Recommended packages:
  aufs-dkms libpam-cap build-essential python-all-dev python-cryptography
  python-idna python-ipaddress python-openssl python-keyring
  python-keyrings.alt python-xdg unzip
The following NEW packages will be installed:
  apparmor aufs-tools bash-completion binutils-mingw-w64
  binutils-mingw-w64-i686 binutils-mingw-w64-x86-64 btrfs-progs btrfs-tools
  bzip2 dh-python dmsetup g++-mingw-w64-x86-64 gcc-mingw-w64-base
  gcc-mingw-w64-x86-64 iptables jq libaio1 libapparmor-perl libcap2-bin
  libdevmapper-dev libdevmapper-event1.02.1 libdevmapper1.02.1 libexpat1-dev
  libgpm2 libip4tc0 libip6tc0 libiptc0 libjq1 liblzo2-2 libmpdec2
  libnetfilter-conntrack3 libnfnetlink0 libonig4 libpcre16-3 libpcre3-dev
  libpcre32-3 libpcrecpp0v5 libpython-dev libpython2.7 libpython2.7-dev
  libpython3-stdlib libpython3.5-minimal libpython3.5-stdlib libreadline5
  libselinux1-dev libsepol1-dev libsystemd-dev libudev-dev libxtables12
  mingw-w64-common mingw-w64-x86-64-dev net-tools pigz
  python-backports.ssl-match-hostname python-chardet python-dev
  python-funcsigs python-mock python-pbr python-pip python-pip-whl
  python-pkg-resources python-requests python-setuptools python-urllib3
  python-websocket python-wheel python2.7-dev python3 python3-minimal
  python3.5 python3.5-minimal thin-provisioning-tools vim vim-common
  vim-runtime xfsprogs xxd xz-utils zip
0 upgraded, 80 newly installed, 0 to remove and 0 not upgraded.
Need to get 121 MB of archives.
After this operation, 590 MB of additional disk space will be used.
Get:1 http://cdn-fastly.deb.debian.org/debian stretch/main amd64 bash-completion all 1:2.1-4.3 [178 kB]
Get:2 http://cdn-fastly.deb.debian.org/debian stretch/main amd64 libnfnetlink0 amd64 1.0.1-3 [13.5 kB]
Get:3 http://cdn-fastly.deb.debian.org/debian stretch/main amd64 libpcrecpp0v5 amd64 2:8.39-3 [151 kB]
Get:4 http://cdn-fastly.deb.debian.org/debian stretch/main amd64 libudev-dev amd64 232-25+deb9u6 [91.3 kB]
Get:5 http://cdn-fastly.deb.debian.org/debian stretch/main amd64 libpython3.5-minimal amd64 3.5.3-1+deb9u1 [573 kB]
Get:6 http://cdn-fastly.deb.debian.org/debian stretch/main amd64 python3.5-minimal amd64 3.5.3-1+deb9u1 [1691 kB]
Get:7 http://cdn-fastly.deb.debian.org/debian stretch/main amd64 python3-minimal amd64 3.5.3-1 [35.3 kB]
Get:8 http://cdn-fastly.deb.debian.org/debian stretch/main amd64 libmpdec2 amd64 2.4.2-1 [85.2 kB]
Get:9 http://cdn-fastly.deb.debian.org/debian stretch/main amd64 libpython3.5-stdlib amd64 3.5.3-1+deb9u1 [2167 kB]
Get:10 http://cdn-fastly.deb.debian.org/debian stretch/main amd64 python3.5 amd64 3.5.3-1+deb9u1 [229 kB]
Get:11 http://cdn-fastly.deb.debian.org/debian stretch/main amd64 libpython3-stdlib amd64 3.5.3-1 [18.6 kB]
Get:12 http://cdn-fastly.deb.debian.org/debian stretch/main amd64 dh-python all 2.20170125 [86.8 kB]
Get:13 http://cdn-fastly.deb.debian.org/debian stretch/main amd64 python3 amd64 3.5.3-1 [21.6 kB]
Get:14 http://cdn-fastly.deb.debian.org/debian stretch/main amd64 pigz amd64 2.3.4-1 [55.4 kB]
Get:15 http://cdn-fastly.deb.debian.org/debian stretch/main amd64 libip4tc0 amd64 1.6.0+snapshot20161117-6 [67.8 kB]
Get:16 http://cdn-fastly.deb.debian.org/debian stretch/main amd64 libip6tc0 amd64 1.6.0+snapshot20161117-6 [68.1 kB]
Get:17 http://cdn-fastly.deb.debian.org/debian stretch/main amd64 libiptc0 amd64 1.6.0+snapshot20161117-6 [57.5 kB]
Get:18 http://cdn-fastly.deb.debian.org/debian stretch/main amd64 libxtables12 amd64 1.6.0+snapshot20161117-6 [75.9 kB]
Get:19 http://cdn-fastly.deb.debian.org/debian stretch/main amd64 libnetfilter-conntrack3 amd64 1.0.6-2 [38.7 kB]
Get:20 http://cdn-fastly.deb.debian.org/debian stretch/main amd64 iptables amd64 1.6.0+snapshot20161117-6 [288 kB]
Get:21 http://cdn-fastly.deb.debian.org/debian stretch/main amd64 xxd amd64 2:8.0.0197-4+deb9u1 [132 kB]
Get:22 http://cdn-fastly.deb.debian.org/debian stretch/main amd64 vim-common all 2:8.0.0197-4+deb9u1 [159 kB]
Get:23 http://cdn-fastly.deb.debian.org/debian stretch/main amd64 bzip2 amd64 1.0.6-8.1 [47.5 kB]
Get:24 http://cdn-fastly.deb.debian.org/debian stretch/main amd64 libgpm2 amd64 1.20.4-6.2+b1 [34.2 kB]
Get:25 http://cdn-fastly.deb.debian.org/debian stretch/main amd64 xz-utils amd64 5.2.2-1.2+b1 [266 kB]
Get:26 http://cdn-fastly.deb.debian.org/debian stretch/main amd64 aufs-tools amd64 1:4.1+20161219-1 [102 kB]
Get:27 http://cdn-fastly.deb.debian.org/debian stretch/main amd64 liblzo2-2 amd64 2.08-1.2+b2 [55.0 kB]
Get:28 http://cdn-fastly.deb.debian.org/debian stretch/main amd64 btrfs-progs amd64 4.7.3-1 [577 kB]
Get:29 http://cdn-fastly.deb.debian.org/debian stretch/main amd64 btrfs-tools amd64 4.7.3-1 [16.9 kB]
Get:30 http://cdn-fastly.deb.debian.org/debian stretch/main amd64 libdevmapper1.02.1 amd64 2:1.02.137-2 [170 kB]
Get:31 http://cdn-fastly.deb.debian.org/debian stretch/main amd64 dmsetup amd64 2:1.02.137-2 [107 kB]
Get:32 http://cdn-fastly.deb.debian.org/debian stretch/main amd64 libonig4 amd64 6.1.3-2 [146 kB]
Get:33 http://cdn-fastly.deb.debian.org/debian stretch/main amd64 libjq1 amd64 1.5+dfsg-1.3 [123 kB]
Get:34 http://cdn-fastly.deb.debian.org/debian stretch/main amd64 jq amd64 1.5+dfsg-1.3 [58.6 kB]
Get:35 http://cdn-fastly.deb.debian.org/debian stretch/main amd64 libaio1 amd64 0.3.110-3 [9412 B]
Get:36 http://cdn-fastly.deb.debian.org/debian stretch/main amd64 libcap2-bin amd64 1:2.25-1 [26.5 kB]
Get:37 http://cdn-fastly.deb.debian.org/debian stretch/main amd64 libdevmapper-event1.02.1 amd64 2:1.02.137-2 [41.6 kB]
Get:38 http://cdn-fastly.deb.debian.org/debian stretch/main amd64 libsepol1-dev amd64 2.6-2 [309 kB]
Get:39 http://cdn-fastly.deb.debian.org/debian stretch/main amd64 libpcre16-3 amd64 2:8.39-3 [258 kB]
Get:40 http://cdn-fastly.deb.debian.org/debian stretch/main amd64 libpcre32-3 amd64 2:8.39-3 [248 kB]
Get:41 http://cdn-fastly.deb.debian.org/debian stretch/main amd64 libpcre3-dev amd64 2:8.39-3 [647 kB]
Get:42 http://cdn-fastly.deb.debian.org/debian stretch/main amd64 libselinux1-dev amd64 2.6-3+b3 [184 kB]
Get:43 http://cdn-fastly.deb.debian.org/debian stretch/main amd64 libdevmapper-dev amd64 2:1.02.137-2 [68.6 kB]
Get:44 http://cdn-fastly.deb.debian.org/debian stretch/main amd64 libexpat1-dev amd64 2.2.0-2+deb9u1 [134 kB]
Get:45 http://cdn-fastly.deb.debian.org/debian stretch/main amd64 libpython2.7 amd64 2.7.13-2+deb9u3 [1071 kB]
Get:46 http://cdn-fastly.deb.debian.org/debian stretch/main amd64 libpython2.7-dev amd64 2.7.13-2+deb9u3 [28.2 MB]
Get:47 http://cdn-fastly.deb.debian.org/debian stretch/main amd64 libpython-dev amd64 2.7.13-2 [20.1 kB]
Get:48 http://cdn-fastly.deb.debian.org/debian stretch/main amd64 libreadline5 amd64 5.2+dfsg-3+b1 [119 kB]
Get:49 http://cdn-fastly.deb.debian.org/debian stretch/main amd64 libsystemd-dev amd64 232-25+deb9u6 [1972 kB]
Get:50 http://cdn-fastly.deb.debian.org/debian stretch/main amd64 net-tools amd64 1.60+git20161116.90da8a0-1 [248 kB]
Get:51 http://cdn-fastly.deb.debian.org/debian stretch/main amd64 python-backports.ssl-match-hostname all 3.5.0.1-1 [6980 B]
Get:52 http://cdn-fastly.deb.debian.org/debian stretch/main amd64 python-pkg-resources all 33.1.1-1 [166 kB]
Get:53 http://cdn-fastly.deb.debian.org/debian stretch/main amd64 python-chardet all 2.3.0-2 [96.0 kB]
Get:54 http://cdn-fastly.deb.debian.org/debian stretch/main amd64 python2.7-dev amd64 2.7.13-2+deb9u3 [290 kB]
Get:55 http://cdn-fastly.deb.debian.org/debian stretch/main amd64 python-dev amd64 2.7.13-2 [1126 B]
Get:56 http://cdn-fastly.deb.debian.org/debian stretch/main amd64 python-funcsigs all 1.0.2-3 [13.3 kB]
Get:57 http://cdn-fastly.deb.debian.org/debian stretch/main amd64 python-pbr all 1.10.0-1 [52.4 kB]
Get:58 http://cdn-fastly.deb.debian.org/debian stretch/main amd64 python-pip-whl all 9.0.1-2 [1406 kB]
Get:59 http://cdn-fastly.deb.debian.org/debian stretch/main amd64 python-pip all 9.0.1-2 [179 kB]
Get:60 http://cdn-fastly.deb.debian.org/debian stretch/main amd64 python-urllib3 all 1.19.1-1 [77.5 kB]
Get:61 http://cdn-fastly.deb.debian.org/debian stretch/main amd64 python-requests all 2.12.4-1 [101 kB]
Get:62 http://cdn-fastly.deb.debian.org/debian stretch/main amd64 python-setuptools all 33.1.1-1 [297 kB]
Get:63 http://cdn-fastly.deb.debian.org/debian stretch/main amd64 python-websocket all 0.37.0-2 [31.5 kB]
Get:64 http://cdn-fastly.deb.debian.org/debian stretch/main amd64 python-wheel all 0.29.0-2 [51.7 kB]
Get:65 http://cdn-fastly.deb.debian.org/debian stretch/main amd64 thin-provisioning-tools amd64 0.6.1-4+b1 [363 kB]
Get:66 http://cdn-fastly.deb.debian.org/debian stretch/main amd64 vim-runtime all 2:8.0.0197-4+deb9u1 [5407 kB]
Get:67 http://cdn-fastly.deb.debian.org/debian stretch/main amd64 vim amd64 2:8.0.0197-4+deb9u1 [1034 kB]
Get:68 http://cdn-fastly.deb.debian.org/debian stretch/main amd64 xfsprogs amd64 4.9.0+nmu1 [811 kB]
Get:69 http://cdn-fastly.deb.debian.org/debian stretch/main amd64 zip amd64 3.0-11+b1 [234 kB]
Get:70 http://cdn-fastly.deb.debian.org/debian stretch/main amd64 libapparmor-perl amd64 2.11.0-3+deb9u2 [82.2 kB]
Get:71 http://cdn-fastly.deb.debian.org/debian stretch/main amd64 apparmor amd64 2.11.0-3+deb9u2 [525 kB]
Get:72 http://cdn-fastly.deb.debian.org/debian stretch/main amd64 binutils-mingw-w64-i686 amd64 2.28-5+7.4+b4 [2242 kB]
Get:73 http://cdn-fastly.deb.debian.org/debian stretch/main amd64 binutils-mingw-w64-x86-64 amd64 2.28-5+7.4+b4 [2467 kB]
Get:74 http://cdn-fastly.deb.debian.org/debian stretch/main amd64 binutils-mingw-w64 all 2.27.90.20161231-1+7.4 [136 kB]
Get:75 http://cdn-fastly.deb.debian.org/debian stretch/main amd64 mingw-w64-common all 5.0.1-1 [4764 kB]
Get:76 http://cdn-fastly.deb.debian.org/debian stretch/main amd64 mingw-w64-x86-64-dev all 5.0.1-1 [3342 kB]
Get:77 http://cdn-fastly.deb.debian.org/debian stretch/main amd64 gcc-mingw-w64-base amd64 6.3.0-18+19.3+b3 [170 kB]
Get:78 http://cdn-fastly.deb.debian.org/debian stretch/main amd64 gcc-mingw-w64-x86-64 amd64 6.3.0-18+19.3+b3 [32.7 MB]
Get:79 http://cdn-fastly.deb.debian.org/debian stretch/main amd64 g++-mingw-w64-x86-64 amd64 6.3.0-18+19.3+b3 [22.4 MB]
Get:80 http://cdn-fastly.deb.debian.org/debian stretch/main amd64 python-mock all 2.0.0-3 [59.8 kB]
debconf: delaying package configuration, since apt-utils is not installed
Fetched 121 MB in 3s (38.9 MB/s)
Selecting previously unselected package bash-completion.
(Reading database ... (Reading database ... 5%(Reading database ... 10%(Reading database ... 15%(Reading database ... 20%(Reading database ... 25%(Reading database ... 30%(Reading database ... 35%(Reading database ... 40%(Reading database ... 45%(Reading database ... 50%(Reading database ... 55%(Reading database ... 60%(Reading database ... 65%(Reading database ... 70%(Reading database ... 75%(Reading database ... 80%(Reading database ... 85%(Reading database ... 90%(Reading database ... 95%(Reading database ... 100%(Reading database ... 15159 files and directories currently installed.)
Preparing to unpack .../00-bash-completion_1%3a2.1-4.3_all.deb ...
Unpacking bash-completion (1:2.1-4.3) ...
Selecting previously unselected package libnfnetlink0:amd64.
Preparing to unpack .../01-libnfnetlink0_1.0.1-3_amd64.deb ...
Unpacking libnfnetlink0:amd64 (1.0.1-3) ...
Selecting previously unselected package libpcrecpp0v5:amd64.
Preparing to unpack .../02-libpcrecpp0v5_2%3a8.39-3_amd64.deb ...
Unpacking libpcrecpp0v5:amd64 (2:8.39-3) ...
Selecting previously unselected package libudev-dev:amd64.
Preparing to unpack .../03-libudev-dev_232-25+deb9u6_amd64.deb ...
Unpacking libudev-dev:amd64 (232-25+deb9u6) ...
Selecting previously unselected package libpython3.5-minimal:amd64.
Preparing to unpack .../04-libpython3.5-minimal_3.5.3-1+deb9u1_amd64.deb ...
Unpacking libpython3.5-minimal:amd64 (3.5.3-1+deb9u1) ...
Selecting previously unselected package python3.5-minimal.
Preparing to unpack .../05-python3.5-minimal_3.5.3-1+deb9u1_amd64.deb ...
Unpacking python3.5-minimal (3.5.3-1+deb9u1) ...
Selecting previously unselected package python3-minimal.
Preparing to unpack .../06-python3-minimal_3.5.3-1_amd64.deb ...
Unpacking python3-minimal (3.5.3-1) ...
Selecting previously unselected package libmpdec2:amd64.
Preparing to unpack .../07-libmpdec2_2.4.2-1_amd64.deb ...
Unpacking libmpdec2:amd64 (2.4.2-1) ...
Selecting previously unselected package libpython3.5-stdlib:amd64.
Preparing to unpack .../08-libpython3.5-stdlib_3.5.3-1+deb9u1_amd64.deb ...
Unpacking libpython3.5-stdlib:amd64 (3.5.3-1+deb9u1) ...
Selecting previously unselected package python3.5.
Preparing to unpack .../09-python3.5_3.5.3-1+deb9u1_amd64.deb ...
Unpacking python3.5 (3.5.3-1+deb9u1) ...
Selecting previously unselected package libpython3-stdlib:amd64.
Preparing to unpack .../10-libpython3-stdlib_3.5.3-1_amd64.deb ...
Unpacking libpython3-stdlib:amd64 (3.5.3-1) ...
Selecting previously unselected package dh-python.
Preparing to unpack .../11-dh-python_2.20170125_all.deb ...
Unpacking dh-python (2.20170125) ...
Setting up libpython3.5-minimal:amd64 (3.5.3-1+deb9u1) ...
Setting up python3.5-minimal (3.5.3-1+deb9u1) ...
Setting up python3-minimal (3.5.3-1) ...
Selecting previously unselected package python3.
(Reading database ... (Reading database ... 5%(Reading database ... 10%(Reading database ... 15%(Reading database ... 20%(Reading database ... 25%(Reading database ... 30%(Reading database ... 35%(Reading database ... 40%(Reading database ... 45%(Reading database ... 50%(Reading database ... 55%(Reading database ... 60%(Reading database ... 65%(Reading database ... 70%(Reading database ... 75%(Reading database ... 80%(Reading database ... 85%(Reading database ... 90%(Reading database ... 95%(Reading database ... 100%(Reading database ... 16736 files and directories currently installed.)
Preparing to unpack .../00-python3_3.5.3-1_amd64.deb ...
Unpacking python3 (3.5.3-1) ...
Selecting previously unselected package pigz.
Preparing to unpack .../01-pigz_2.3.4-1_amd64.deb ...
Unpacking pigz (2.3.4-1) ...
Selecting previously unselected package libip4tc0:amd64.
Preparing to unpack .../02-libip4tc0_1.6.0+snapshot20161117-6_amd64.deb ...
Unpacking libip4tc0:amd64 (1.6.0+snapshot20161117-6) ...
Selecting previously unselected package libip6tc0:amd64.
Preparing to unpack .../03-libip6tc0_1.6.0+snapshot20161117-6_amd64.deb ...
Unpacking libip6tc0:amd64 (1.6.0+snapshot20161117-6) ...
Selecting previously unselected package libiptc0:amd64.
Preparing to unpack .../04-libiptc0_1.6.0+snapshot20161117-6_amd64.deb ...
Unpacking libiptc0:amd64 (1.6.0+snapshot20161117-6) ...
Selecting previously unselected package libxtables12:amd64.
Preparing to unpack .../05-libxtables12_1.6.0+snapshot20161117-6_amd64.deb ...
Unpacking libxtables12:amd64 (1.6.0+snapshot20161117-6) ...
Selecting previously unselected package libnetfilter-conntrack3:amd64.
Preparing to unpack .../06-libnetfilter-conntrack3_1.0.6-2_amd64.deb ...
Unpacking libnetfilter-conntrack3:amd64 (1.0.6-2) ...
Selecting previously unselected package iptables.
Preparing to unpack .../07-iptables_1.6.0+snapshot20161117-6_amd64.deb ...
Unpacking iptables (1.6.0+snapshot20161117-6) ...
Selecting previously unselected package xxd.
Preparing to unpack .../08-xxd_2%3a8.0.0197-4+deb9u1_amd64.deb ...
Unpacking xxd (2:8.0.0197-4+deb9u1) ...
Selecting previously unselected package vim-common.
Preparing to unpack .../09-vim-common_2%3a8.0.0197-4+deb9u1_all.deb ...
Unpacking vim-common (2:8.0.0197-4+deb9u1) ...
Selecting previously unselected package bzip2.
Preparing to unpack .../10-bzip2_1.0.6-8.1_amd64.deb ...
Unpacking bzip2 (1.0.6-8.1) ...
Selecting previously unselected package libgpm2:amd64.
Preparing to unpack .../11-libgpm2_1.20.4-6.2+b1_amd64.deb ...
Unpacking libgpm2:amd64 (1.20.4-6.2+b1) ...
Selecting previously unselected package xz-utils.
Preparing to unpack .../12-xz-utils_5.2.2-1.2+b1_amd64.deb ...
Unpacking xz-utils (5.2.2-1.2+b1) ...
Selecting previously unselected package aufs-tools.
Preparing to unpack .../13-aufs-tools_1%3a4.1+20161219-1_amd64.deb ...
Unpacking aufs-tools (1:4.1+20161219-1) ...
Selecting previously unselected package liblzo2-2:amd64.
Preparing to unpack .../14-liblzo2-2_2.08-1.2+b2_amd64.deb ...
Unpacking liblzo2-2:amd64 (2.08-1.2+b2) ...
Selecting previously unselected package btrfs-progs.
Preparing to unpack .../15-btrfs-progs_4.7.3-1_amd64.deb ...
Unpacking btrfs-progs (4.7.3-1) ...
Selecting previously unselected package btrfs-tools.
Preparing to unpack .../16-btrfs-tools_4.7.3-1_amd64.deb ...
Unpacking btrfs-tools (4.7.3-1) ...
Selecting previously unselected package libdevmapper1.02.1:amd64.
Preparing to unpack .../17-libdevmapper1.02.1_2%3a1.02.137-2_amd64.deb ...
Unpacking libdevmapper1.02.1:amd64 (2:1.02.137-2) ...
Selecting previously unselected package dmsetup.
Preparing to unpack .../18-dmsetup_2%3a1.02.137-2_amd64.deb ...
Unpacking dmsetup (2:1.02.137-2) ...
Selecting previously unselected package libonig4:amd64.
Preparing to unpack .../19-libonig4_6.1.3-2_amd64.deb ...
Unpacking libonig4:amd64 (6.1.3-2) ...
Selecting previously unselected package libjq1:amd64.
Preparing to unpack .../20-libjq1_1.5+dfsg-1.3_amd64.deb ...
Unpacking libjq1:amd64 (1.5+dfsg-1.3) ...
Selecting previously unselected package jq.
Preparing to unpack .../21-jq_1.5+dfsg-1.3_amd64.deb ...
Unpacking jq (1.5+dfsg-1.3) ...
Selecting previously unselected package libaio1:amd64.
Preparing to unpack .../22-libaio1_0.3.110-3_amd64.deb ...
Unpacking libaio1:amd64 (0.3.110-3) ...
Selecting previously unselected package libcap2-bin.
Preparing to unpack .../23-libcap2-bin_1%3a2.25-1_amd64.deb ...
Unpacking libcap2-bin (1:2.25-1) ...
Selecting previously unselected package libdevmapper-event1.02.1:amd64.
Preparing to unpack .../24-libdevmapper-event1.02.1_2%3a1.02.137-2_amd64.deb ...
Unpacking libdevmapper-event1.02.1:amd64 (2:1.02.137-2) ...
Selecting previously unselected package libsepol1-dev:amd64.
Preparing to unpack .../25-libsepol1-dev_2.6-2_amd64.deb ...
Unpacking libsepol1-dev:amd64 (2.6-2) ...
Selecting previously unselected package libpcre16-3:amd64.
Preparing to unpack .../26-libpcre16-3_2%3a8.39-3_amd64.deb ...
Unpacking libpcre16-3:amd64 (2:8.39-3) ...
Selecting previously unselected package libpcre32-3:amd64.
Preparing to unpack .../27-libpcre32-3_2%3a8.39-3_amd64.deb ...
Unpacking libpcre32-3:amd64 (2:8.39-3) ...
Selecting previously unselected package libpcre3-dev:amd64.
Preparing to unpack .../28-libpcre3-dev_2%3a8.39-3_amd64.deb ...
Unpacking libpcre3-dev:amd64 (2:8.39-3) ...
Selecting previously unselected package libselinux1-dev:amd64.
Preparing to unpack .../29-libselinux1-dev_2.6-3+b3_amd64.deb ...
Unpacking libselinux1-dev:amd64 (2.6-3+b3) ...
Selecting previously unselected package libdevmapper-dev:amd64.
Preparing to unpack .../30-libdevmapper-dev_2%3a1.02.137-2_amd64.deb ...
Unpacking libdevmapper-dev:amd64 (2:1.02.137-2) ...
Selecting previously unselected package libexpat1-dev:amd64.
Preparing to unpack .../31-libexpat1-dev_2.2.0-2+deb9u1_amd64.deb ...
Unpacking libexpat1-dev:amd64 (2.2.0-2+deb9u1) ...
Selecting previously unselected package libpython2.7:amd64.
Preparing to unpack .../32-libpython2.7_2.7.13-2+deb9u3_amd64.deb ...
Unpacking libpython2.7:amd64 (2.7.13-2+deb9u3) ...
Selecting previously unselected package libpython2.7-dev:amd64.
Preparing to unpack .../33-libpython2.7-dev_2.7.13-2+deb9u3_amd64.deb ...
Unpacking libpython2.7-dev:amd64 (2.7.13-2+deb9u3) ...
Selecting previously unselected package libpython-dev:amd64.
Preparing to unpack .../34-libpython-dev_2.7.13-2_amd64.deb ...
Unpacking libpython-dev:amd64 (2.7.13-2) ...
Selecting previously unselected package libreadline5:amd64.
Preparing to unpack .../35-libreadline5_5.2+dfsg-3+b1_amd64.deb ...
Unpacking libreadline5:amd64 (5.2+dfsg-3+b1) ...
Selecting previously unselected package libsystemd-dev:amd64.
Preparing to unpack .../36-libsystemd-dev_232-25+deb9u6_amd64.deb ...
Unpacking libsystemd-dev:amd64 (232-25+deb9u6) ...
Selecting previously unselected package net-tools.
Preparing to unpack .../37-net-tools_1.60+git20161116.90da8a0-1_amd64.deb ...
Unpacking net-tools (1.60+git20161116.90da8a0-1) ...
Selecting previously unselected package python-backports.ssl-match-hostname.
Preparing to unpack .../38-python-backports.ssl-match-hostname_3.5.0.1-1_all.deb ...
Unpacking python-backports.ssl-match-hostname (3.5.0.1-1) ...
Selecting previously unselected package python-pkg-resources.
Preparing to unpack .../39-python-pkg-resources_33.1.1-1_all.deb ...
Unpacking python-pkg-resources (33.1.1-1) ...
Selecting previously unselected package python-chardet.
Preparing to unpack .../40-python-chardet_2.3.0-2_all.deb ...
Unpacking python-chardet (2.3.0-2) ...
Selecting previously unselected package python2.7-dev.
Preparing to unpack .../41-python2.7-dev_2.7.13-2+deb9u3_amd64.deb ...
Unpacking python2.7-dev (2.7.13-2+deb9u3) ...
Selecting previously unselected package python-dev.
Preparing to unpack .../42-python-dev_2.7.13-2_amd64.deb ...
Unpacking python-dev (2.7.13-2) ...
Selecting previously unselected package python-funcsigs.
Preparing to unpack .../43-python-funcsigs_1.0.2-3_all.deb ...
Unpacking python-funcsigs (1.0.2-3) ...
Selecting previously unselected package python-pbr.
Preparing to unpack .../44-python-pbr_1.10.0-1_all.deb ...
Unpacking python-pbr (1.10.0-1) ...
Selecting previously unselected package python-pip-whl.
Preparing to unpack .../45-python-pip-whl_9.0.1-2_all.deb ...
Unpacking python-pip-whl (9.0.1-2) ...
Selecting previously unselected package python-pip.
Preparing to unpack .../46-python-pip_9.0.1-2_all.deb ...
Unpacking python-pip (9.0.1-2) ...
Selecting previously unselected package python-urllib3.
Preparing to unpack .../47-python-urllib3_1.19.1-1_all.deb ...
Unpacking python-urllib3 (1.19.1-1) ...
Selecting previously unselected package python-requests.
Preparing to unpack .../48-python-requests_2.12.4-1_all.deb ...
Unpacking python-requests (2.12.4-1) ...
Selecting previously unselected package python-setuptools.
Preparing to unpack .../49-python-setuptools_33.1.1-1_all.deb ...
Unpacking python-setuptools (33.1.1-1) ...
Selecting previously unselected package python-websocket.
Preparing to unpack .../50-python-websocket_0.37.0-2_all.deb ...
Unpacking python-websocket (0.37.0-2) ...
Selecting previously unselected package python-wheel.
Preparing to unpack .../51-python-wheel_0.29.0-2_all.deb ...
Unpacking python-wheel (0.29.0-2) ...
Selecting previously unselected package thin-provisioning-tools.
Preparing to unpack .../52-thin-provisioning-tools_0.6.1-4+b1_amd64.deb ...
Unpacking thin-provisioning-tools (0.6.1-4+b1) ...
Selecting previously unselected package vim-runtime.
Preparing to unpack .../53-vim-runtime_2%3a8.0.0197-4+deb9u1_all.deb ...
Adding 'diversion of /usr/share/vim/vim80/doc/help.txt to /usr/share/vim/vim80/doc/help.txt.vim-tiny by vim-runtime'
Adding 'diversion of /usr/share/vim/vim80/doc/tags to /usr/share/vim/vim80/doc/tags.vim-tiny by vim-runtime'
Unpacking vim-runtime (2:8.0.0197-4+deb9u1) ...
Selecting previously unselected package vim.
Preparing to unpack .../54-vim_2%3a8.0.0197-4+deb9u1_amd64.deb ...
Unpacking vim (2:8.0.0197-4+deb9u1) ...
Selecting previously unselected package xfsprogs.
Preparing to unpack .../55-xfsprogs_4.9.0+nmu1_amd64.deb ...
Unpacking xfsprogs (4.9.0+nmu1) ...
Selecting previously unselected package zip.
Preparing to unpack .../56-zip_3.0-11+b1_amd64.deb ...
Unpacking zip (3.0-11+b1) ...
Selecting previously unselected package libapparmor-perl.
Preparing to unpack .../57-libapparmor-perl_2.11.0-3+deb9u2_amd64.deb ...
Unpacking libapparmor-perl (2.11.0-3+deb9u2) ...
Selecting previously unselected package apparmor.
Preparing to unpack .../58-apparmor_2.11.0-3+deb9u2_amd64.deb ...
Unpacking apparmor (2.11.0-3+deb9u2) ...
Selecting previously unselected package binutils-mingw-w64-i686.
Preparing to unpack .../59-binutils-mingw-w64-i686_2.28-5+7.4+b4_amd64.deb ...
Unpacking binutils-mingw-w64-i686 (2.28-5+7.4+b4) ...
Selecting previously unselected package binutils-mingw-w64-x86-64.
Preparing to unpack .../60-binutils-mingw-w64-x86-64_2.28-5+7.4+b4_amd64.deb ...
Unpacking binutils-mingw-w64-x86-64 (2.28-5+7.4+b4) ...
Selecting previously unselected package binutils-mingw-w64.
Preparing to unpack .../61-binutils-mingw-w64_2.27.90.20161231-1+7.4_all.deb ...
Unpacking binutils-mingw-w64 (2.27.90.20161231-1+7.4) ...
Selecting previously unselected package mingw-w64-common.
Preparing to unpack .../62-mingw-w64-common_5.0.1-1_all.deb ...
Unpacking mingw-w64-common (5.0.1-1) ...
Selecting previously unselected package mingw-w64-x86-64-dev.
Preparing to unpack .../63-mingw-w64-x86-64-dev_5.0.1-1_all.deb ...
Unpacking mingw-w64-x86-64-dev (5.0.1-1) ...
Selecting previously unselected package gcc-mingw-w64-base.
Preparing to unpack .../64-gcc-mingw-w64-base_6.3.0-18+19.3+b3_amd64.deb ...
Unpacking gcc-mingw-w64-base (6.3.0-18+19.3+b3) ...
Selecting previously unselected package gcc-mingw-w64-x86-64.
Preparing to unpack .../65-gcc-mingw-w64-x86-64_6.3.0-18+19.3+b3_amd64.deb ...
Unpacking gcc-mingw-w64-x86-64 (6.3.0-18+19.3+b3) ...
Selecting previously unselected package g++-mingw-w64-x86-64.
Preparing to unpack .../66-g++-mingw-w64-x86-64_6.3.0-18+19.3+b3_amd64.deb ...
Unpacking g++-mingw-w64-x86-64 (6.3.0-18+19.3+b3) ...
Selecting previously unselected package python-mock.
Preparing to unpack .../67-python-mock_2.0.0-3_all.deb ...
Unpacking python-mock (2.0.0-3) ...
Setting up aufs-tools (1:4.1+20161219-1) ...
Setting up binutils-mingw-w64-x86-64 (2.28-5+7.4+b4) ...
Setting up libsepol1-dev:amd64 (2.6-2) ...
Setting up python-pip-whl (9.0.1-2) ...
Setting up python-urllib3 (1.19.1-1) ...
Setting up libip4tc0:amd64 (1.6.0+snapshot20161117-6) ...
Processing triggers for mime-support (3.60) ...
Setting up xxd (2:8.0.0197-4+deb9u1) ...
Setting up libgpm2:amd64 (1.20.4-6.2+b1) ...
Setting up libcap2-bin (1:2.25-1) ...
Setting up binutils-mingw-w64-i686 (2.28-5+7.4+b4) ...
Setting up binutils-mingw-w64 (2.27.90.20161231-1+7.4) ...
Setting up bash-completion (1:2.1-4.3) ...
Setting up libonig4:amd64 (6.1.3-2) ...
Setting up python-wheel (0.29.0-2) ...
Setting up python-pkg-resources (33.1.1-1) ...
Setting up zip (3.0-11+b1) ...
Setting up python-backports.ssl-match-hostname (3.5.0.1-1) ...
Setting up bzip2 (1.0.6-8.1) ...
Setting up python-websocket (0.37.0-2) ...
update-alternatives: using /usr/bin/python2-wsdump to provide /usr/bin/wsdump (wsdump) in auto mode
Setting up gcc-mingw-w64-base (6.3.0-18+19.3+b3) ...
Setting up libjq1:amd64 (1.5+dfsg-1.3) ...
Processing triggers for libc-bin (2.24-11+deb9u3) ...
Setting up libaio1:amd64 (0.3.110-3) ...
Setting up libxtables12:amd64 (1.6.0+snapshot20161117-6) ...
Setting up xz-utils (5.2.2-1.2+b1) ...
update-alternatives: using /usr/bin/xz to provide /usr/bin/lzma (lzma) in auto mode
Setting up python-pbr (1.10.0-1) ...
update-alternatives: using /usr/bin/python2-pbr to provide /usr/bin/pbr (pbr) in auto mode
Setting up thin-provisioning-tools (0.6.1-4+b1) ...
Setting up libpython2.7:amd64 (2.7.13-2+deb9u3) ...
Setting up vim-common (2:8.0.0197-4+deb9u1) ...
Setting up python-funcsigs (1.0.2-3) ...
Setting up libexpat1-dev:amd64 (2.2.0-2+deb9u1) ...
Setting up libpcrecpp0v5:amd64 (2:8.39-3) ...
Setting up libpcre32-3:amd64 (2:8.39-3) ...
Setting up libnfnetlink0:amd64 (1.0.1-3) ...
Setting up vim-runtime (2:8.0.0197-4+deb9u1) ...
Setting up libsystemd-dev:amd64 (232-25+deb9u6) ...
Setting up libpython2.7-dev:amd64 (2.7.13-2+deb9u3) ...
Setting up libpcre16-3:amd64 (2:8.39-3) ...
Setting up libreadline5:amd64 (5.2+dfsg-3+b1) ...
Setting up net-tools (1.60+git20161116.90da8a0-1) ...
Setting up python-pip (9.0.1-2) ...
Setting up libudev-dev:amd64 (232-25+deb9u6) ...
Setting up python2.7-dev (2.7.13-2+deb9u3) ...
Setting up pigz (2.3.4-1) ...
Setting up libapparmor-perl (2.11.0-3+deb9u2) ...
Setting up libmpdec2:amd64 (2.4.2-1) ...
Setting up libip6tc0:amd64 (1.6.0+snapshot20161117-6) ...
Setting up mingw-w64-common (5.0.1-1) ...
Setting up liblzo2-2:amd64 (2.08-1.2+b2) ...
Setting up libpython-dev:amd64 (2.7.13-2) ...
Setting up python-setuptools (33.1.1-1) ...
Setting up jq (1.5+dfsg-1.3) ...
Setting up libpcre3-dev:amd64 (2:8.39-3) ...
Setting up libnetfilter-conntrack3:amd64 (1.0.6-2) ...
Setting up python-chardet (2.3.0-2) ...
Setting up xfsprogs (4.9.0+nmu1) ...
Setting up vim (2:8.0.0197-4+deb9u1) ...
update-alternatives: using /usr/bin/vim.basic to provide /usr/bin/vim (vim) in auto mode
update-alternatives: using /usr/bin/vim.basic to provide /usr/bin/vimdiff (vimdiff) in auto mode
update-alternatives: using /usr/bin/vim.basic to provide /usr/bin/rvim (rvim) in auto mode
update-alternatives: using /usr/bin/vim.basic to provide /usr/bin/rview (rview) in auto mode
update-alternatives: using /usr/bin/vim.basic to provide /usr/bin/vi (vi) in auto mode
update-alternatives: using /usr/bin/vim.basic to provide /usr/bin/view (view) in auto mode
update-alternatives: using /usr/bin/vim.basic to provide /usr/bin/ex (ex) in auto mode
update-alternatives: using /usr/bin/vim.basic to provide /usr/bin/editor (editor) in auto mode
Setting up python-dev (2.7.13-2) ...
Setting up libpython3.5-stdlib:amd64 (3.5.3-1+deb9u1) ...
Setting up python-mock (2.0.0-3) ...
Setting up libiptc0:amd64 (1.6.0+snapshot20161117-6) ...
Setting up mingw-w64-x86-64-dev (5.0.1-1) ...
Setting up iptables (1.6.0+snapshot20161117-6) ...
Setting up btrfs-progs (4.7.3-1) ...
Setting up python-requests (2.12.4-1) ...
Setting up libselinux1-dev:amd64 (2.6-3+b3) ...
Setting up python3.5 (3.5.3-1+deb9u1) ...
Setting up libpython3-stdlib:amd64 (3.5.3-1) ...
Setting up gcc-mingw-w64-x86-64 (6.3.0-18+19.3+b3) ...
update-alternatives: using /usr/bin/x86_64-w64-mingw32-gcc-posix to provide /usr/bin/x86_64-w64-mingw32-gcc (x86_64-w64-mingw32-gcc) in auto mode
update-alternatives: warning: skip creation of /usr/bin/x86_64-w64-mingw32-gcc-6 because associated file /usr/bin/x86_64-w64-mingw32-gcc-6-posix (of link group x86_64-w64-mingw32-gcc) doesn't exist
update-alternatives: using /usr/bin/x86_64-w64-mingw32-gcc-win32 to provide /usr/bin/x86_64-w64-mingw32-gcc (x86_64-w64-mingw32-gcc) in auto mode
update-alternatives: warning: skip creation of /usr/bin/x86_64-w64-mingw32-gcc-6 because associated file /usr/bin/x86_64-w64-mingw32-gcc-6-win32 (of link group x86_64-w64-mingw32-gcc) doesn't exist
Setting up btrfs-tools (4.7.3-1) ...
Setting up g++-mingw-w64-x86-64 (6.3.0-18+19.3+b3) ...
update-alternatives: using /usr/bin/x86_64-w64-mingw32-g++-posix to provide /usr/bin/x86_64-w64-mingw32-g++ (x86_64-w64-mingw32-g++) in auto mode
update-alternatives: using /usr/bin/x86_64-w64-mingw32-g++-win32 to provide /usr/bin/x86_64-w64-mingw32-g++ (x86_64-w64-mingw32-g++) in auto mode
Setting up python3 (3.5.3-1) ...
running python rtupdate hooks for python3.5...
running python post-rtupdate hooks for python3.5...
Setting up apparmor (2.11.0-3+deb9u2) ...
debconf: unable to initialize frontend: Dialog
debconf: (TERM is not set, so the dialog frontend is not usable.)
debconf: falling back to frontend: Readline
update-rc.d: warning: start and stop actions are no longer supported; falling back to defaults
diff: /var/lib/apparmor/profiles/.apparmor.md5sums: No such file or directory
Setting up libdevmapper1.02.1:amd64 (2:1.02.137-2) ...
Setting up libdevmapper-event1.02.1:amd64 (2:1.02.137-2) ...
Setting up dmsetup (2:1.02.137-2) ...
Setting up dh-python (2.20170125) ...
Setting up libdevmapper-dev:amd64 (2:1.02.137-2) ...
Processing triggers for libc-bin (2.24-11+deb9u3) ...
Removing intermediate container 37ee7cea77c2
 ---> f741a0bd18fd
Step 73/94 : COPY --from=swagger /build/swagger* /usr/local/bin/
 ---> 17addc7db2d7
Step 74/94 : COPY --from=frozen-images /build/ /docker-frozen-images
 ---> b18d896c0db8
Step 75/94 : COPY --from=gometalinter /build/ /usr/local/bin/
 ---> fdd68e72c9a7
Step 76/94 : COPY --from=tomlv /build/ /usr/local/bin/
 ---> 41558b0f3635
Step 77/94 : COPY --from=vndr /build/ /usr/local/bin/
 ---> 81c42cf2f09b
Step 78/94 : COPY --from=tini /build/ /usr/local/bin/
 ---> 088338262547
Step 79/94 : COPY --from=runc /build/ /usr/local/bin/
 ---> 200ae6ef5add
Step 80/94 : COPY --from=containerd /build/ /usr/local/bin/
 ---> b7eaa7bd0706
Step 81/94 : COPY --from=proxy /build/ /usr/local/bin/
 ---> f36e68e861a3
Step 82/94 : COPY --from=dockercli /build/ /usr/local/cli
 ---> 28382b0ee923
Step 83/94 : COPY --from=registry /build/registry* /usr/local/bin/
 ---> 669ceb00281f
Step 84/94 : COPY --from=criu /build/ /usr/local/
 ---> 2dfbb78788c7
Step 85/94 : COPY --from=docker-py /build/ /docker-py
 ---> f32c25a8bc1b
Step 86/94 : RUN cd /docker-py 	&& pip install docker-pycreds==0.2.1 	&& pip install yamllint==1.5.0 	&& pip install -r test-requirements.txt
 ---> Running in 6cfae14d0225
Collecting docker-pycreds==0.2.1
  Downloading https://files.pythonhosted.org/packages/ff/ec/14e976222468249cc50df4a031e5922581747b52dc96a0b1d5d73fee8f0e/docker_pycreds-0.2.1-py2.py3-none-any.whl
Requirement already satisfied: six>=1.4.0 in /usr/lib/python2.7/dist-packages (from docker-pycreds==0.2.1)
Installing collected packages: docker-pycreds
Successfully installed docker-pycreds-0.2.1
Collecting yamllint==1.5.0
  Downloading https://files.pythonhosted.org/packages/64/93/2a2e99b04f4a2f2adb26f4f543770310bf6303b3af492345c4a700d14f4e/yamllint-1.5.0-py2.py3-none-any.whl
Collecting pyyaml (from yamllint==1.5.0)
  Downloading https://files.pythonhosted.org/packages/9e/a3/1d13970c3f36777c583f136c136f804d70f500168edc1edea6daa7200769/PyYAML-3.13.tar.gz (270kB)
Building wheels for collected packages: pyyaml
  Running setup.py bdist_wheel for pyyaml: started
  Running setup.py bdist_wheel for pyyaml: finished with status 'done'
  Stored in directory: /root/.cache/pip/wheels/ad/da/0c/74eb680767247273e2cf2723482cb9c924fe70af57c334513f
Successfully built pyyaml
Installing collected packages: pyyaml, yamllint
Successfully installed pyyaml-3.13 yamllint-1.5.0
Collecting mock==1.0.1 (from -r test-requirements.txt (line 1))
  Downloading https://files.pythonhosted.org/packages/a2/52/7edcd94f0afb721a2d559a5b9aae8af4f8f2c79bc63fdbe8a8a6c9b23bbe/mock-1.0.1.tar.gz (818kB)
Collecting pytest==2.9.1 (from -r test-requirements.txt (line 2))
  Downloading https://files.pythonhosted.org/packages/61/49/c299eeaea69ed31338a58762b5185c56044fc2e09434694742ca2306a514/pytest-2.9.1-py2.py3-none-any.whl (161kB)
Collecting coverage==3.7.1 (from -r test-requirements.txt (line 3))
  Downloading https://files.pythonhosted.org/packages/09/4f/89b06c7fdc09687bca507dc411c342556ef9c5a3b26756137a4878ff19bf/coverage-3.7.1.tar.gz (284kB)
Collecting pytest-cov==2.1.0 (from -r test-requirements.txt (line 4))
  Downloading https://files.pythonhosted.org/packages/f2/9b/03b7d51c74d8f7088e37043dcf4f59faed359c56e7d016e2627108072679/pytest_cov-2.1.0-py2.py3-none-any.whl
Collecting flake8==3.4.1 (from -r test-requirements.txt (line 5))
  Downloading https://files.pythonhosted.org/packages/b2/d3/e80ea2616e3871ae22459c415c63d64b9bd744c92267482670fcdbcea72d/flake8-3.4.1-py2.py3-none-any.whl (68kB)
Collecting py>=1.4.29 (from pytest==2.9.1->-r test-requirements.txt (line 2))
  Downloading https://files.pythonhosted.org/packages/3e/c7/3da685ef117d42ac8d71af525208759742dd235f8094221fdaafcd3dba8f/py-1.7.0-py2.py3-none-any.whl (83kB)
Collecting pyflakes<1.6.0,>=1.5.0 (from flake8==3.4.1->-r test-requirements.txt (line 5))
  Downloading https://files.pythonhosted.org/packages/27/49/924098b3b85c286696f37e014475d79471ffc44509613af420645a3c12cb/pyflakes-1.5.0-py2.py3-none-any.whl (225kB)
Collecting enum34; python_version < "3.4" (from flake8==3.4.1->-r test-requirements.txt (line 5))
  Downloading https://files.pythonhosted.org/packages/c5/db/e56e6b4bbac7c4a06de1c50de6fe1ef3810018ae11732a50f15f62c7d050/enum34-1.1.6-py2-none-any.whl
Collecting configparser; python_version < "3.2" (from flake8==3.4.1->-r test-requirements.txt (line 5))
  Downloading https://files.pythonhosted.org/packages/7c/69/c2ce7e91c89dc073eb1aa74c0621c3eefbffe8216b3f9af9d3885265c01c/configparser-3.5.0.tar.gz
Collecting mccabe<0.7.0,>=0.6.0 (from flake8==3.4.1->-r test-requirements.txt (line 5))
  Downloading https://files.pythonhosted.org/packages/87/89/479dc97e18549e21354893e4ee4ef36db1d237534982482c3681ee6e7b57/mccabe-0.6.1-py2.py3-none-any.whl
Collecting pycodestyle<2.4.0,>=2.0.0 (from flake8==3.4.1->-r test-requirements.txt (line 5))
  Downloading https://files.pythonhosted.org/packages/e4/81/78fe51eb4038d1388b7217dd63770b0f428370207125047312886c923b26/pycodestyle-2.3.1-py2.py3-none-any.whl (45kB)
Building wheels for collected packages: mock, coverage, configparser
  Running setup.py bdist_wheel for mock: started
  Running setup.py bdist_wheel for mock: finished with status 'done'
  Stored in directory: /root/.cache/pip/wheels/7e/72/92/744b532c779242b57aab4bcba80c312b30c069bbd60025e7e6
  Running setup.py bdist_wheel for coverage: started
  Running setup.py bdist_wheel for coverage: finished with status 'done'
  Stored in directory: /root/.cache/pip/wheels/68/58/66/f1fc9afad272df0df0fa38cdef34ee2d5d8d6a85f4eb5acab5
  Running setup.py bdist_wheel for configparser: started
  Running setup.py bdist_wheel for configparser: finished with status 'done'
  Stored in directory: /root/.cache/pip/wheels/a3/61/79/424ef897a2f3b14684a7de5d89e8600b460b89663e6ce9d17c
Successfully built mock coverage configparser
Installing collected packages: mock, py, pytest, coverage, pytest-cov, pyflakes, enum34, configparser, mccabe, pycodestyle, flake8
  Found existing installation: mock 2.0.0
    Not uninstalling mock at /usr/lib/python2.7/dist-packages, outside environment /usr
Successfully installed configparser-3.5.0 coverage-3.7.1 enum34-1.1.6 flake8-3.4.1 mccabe-0.6.1 mock-1.0.1 py-1.7.0 pycodestyle-2.3.1 pyflakes-1.5.0 pytest-2.9.1 pytest-cov-2.1.0
Removing intermediate container 6cfae14d0225
 ---> a4e9daa26280
Step 87/94 : ENV PATH=/usr/local/cli:$PATH
 ---> Running in dd0868e34764
Removing intermediate container dd0868e34764
 ---> bbb6909b3be7
Step 88/94 : ENV DOCKER_BUILDTAGS apparmor seccomp selinux
 ---> Running in 5bdd392dab11
Removing intermediate container 5bdd392dab11
 ---> ba30c96fd1b8
Step 89/94 : ENV GOMETALINTER_OPTS="--deadline=2m"
 ---> Running in 998cc3637b62
Removing intermediate container 998cc3637b62
 ---> 6bbbb8735e26
Step 90/94 : WORKDIR /go/src/github.com/docker/docker
 ---> Running in da120be1dcb3
Removing intermediate container da120be1dcb3
 ---> aa28ce3d6954
Step 91/94 : VOLUME /var/lib/docker
 ---> Running in 036794a98ddf
Removing intermediate container 036794a98ddf
 ---> 4344b5203a02
Step 92/94 : ENTRYPOINT ["hack/dind"]
 ---> Running in ca15e054b9bf
Removing intermediate container ca15e054b9bf
 ---> 899e799354b6
Step 93/94 : FROM dev AS final
 ---> 899e799354b6
Step 94/94 : COPY . /go/src/github.com/docker/docker
 ---> b66e896fce86
Successfully built b66e896fce86
Successfully tagged docker:55cd32a
Congratulations!  All commits are properly signed with the DCO!
Congratulations!  "./pkg/..." is safely isolated from internal code.
No api/types/ or api/swagger.yaml changes in diff.
Congratulations!  No testing.T found.
Congratulations!  All toml source files changed here have valid syntax.
Congratulations!  Changelog CHANGELOG.md is well-formed.
Congratulations!  Changelog CHANGELOG.md dates are in descending order.
Congratulations!  No new tests added to integration-cli.
?   	github.com/docker/docker/api	[no test files]
ok  	github.com/docker/docker/api/server	0.004s	coverage: 7.9% of statements
?   	github.com/docker/docker/api/server/backend/build	[no test files]
--- FAIL: TestFromStatusCode (0.00s)
    errors_test.go:14: assertion failed: expression is false: testErr == FromStatusCode(testErr, http.StatusOK)
FAIL
coverage: 23.5% of statements
FAIL	github.com/docker/docker/api/server/httputils	0.005s
Build step 'Execute shell' marked build as failure
Set build name.
New build name is '#38467'
[PostBuildScript] - Executing post build scripts.
[Docker-PRs] $ /bin/sh -xe /tmp/jenkins1302719544286212417.sh
+ echo Ensuring container killed.
Ensuring container killed.
+ docker rm -vf docker-pr52340
Error: No such container: docker-pr52340
+ true
+ echo Chowning /workspace to jenkins user
Chowning /workspace to jenkins user
+ id -u
+ id -g
+ docker run --rm -v /home/ubuntu/workspace/Docker-PRs:/workspace busybox chown -R 1000:1000 /workspace
Unable to find image 'busybox:latest' locally
latest: Pulling from library/busybox
57c14dd66db0: Pulling fs layer
57c14dd66db0: Verifying Checksum
57c14dd66db0: Download complete
57c14dd66db0: Pull complete
Digest: sha256:7964ad52e396a6e045c39b5a44438424ac52e12e4d5a25d94895f2058cb863a0
Status: Downloaded newer image for busybox:latest
[Docker-PRs] $ /bin/sh -xe /tmp/jenkins3210462512712223815.sh
+ echo Creating bundles.tar.gz
Creating bundles.tar.gz
+ xargs tar -czf bundles.tar.gz
+ find bundles -name *.log -o -name *.prof -o -name integration.test
tar: Cowardly refusing to create an empty archive
Try 'tar --help' or 'tar --usage' for more information.
+ true
Archiving artifacts
Notifying endpoint with url 'https://leeroy.dockerproject.org/notification/jenkins'
[WS-CLEANUP] Deleting project workspace...[WS-CLEANUP] done
Finished: FAILURE
