Started by user Gordon
Notifying endpoint with url 'https://leeroy.dockerproject.org/notification/jenkins'
[EnvInject] - Loading node environment variables.
Building remotely on ubuntu-1604-overlay2-stable (i-017d407804272b334) (x86_64 ec2 ubuntu overlay2 linux ubuntu-1604 ubuntu-1604-overlay2-stable amd64 docker us-west-2) in workspace /home/ubuntu/workspace/Docker-PRs
Wiping out workspace first.
Cloning the remote Git repository
Cloning repository https://github.com/moby/moby.git
 > git init /home/ubuntu/workspace/Docker-PRs # timeout=10
Fetching upstream changes from https://github.com/moby/moby.git
 > git --version # timeout=10
 > git fetch --tags --progress https://github.com/moby/moby.git +refs/heads/*:refs/remotes/origin/*
 > git config remote.origin.url https://github.com/moby/moby.git # timeout=10
 > git config --add remote.origin.fetch +refs/heads/*:refs/remotes/origin/* # timeout=10
 > git config remote.origin.url https://github.com/moby/moby.git # timeout=10
Fetching upstream changes from https://github.com/moby/moby.git
 > git fetch --tags --progress https://github.com/moby/moby.git +refs/heads/*:refs/remotes/origin/*
 > git rev-parse origin/master^{commit} # timeout=10
Checking out Revision e0e9942dc5466884e7b2ef5c509a9dab33c4a01a (origin/master)
 > git config core.sparsecheckout # timeout=10
 > git checkout -f e0e9942dc5466884e7b2ef5c509a9dab33c4a01a
Commit message: "Merge pull request #38419 from thaJeztah/fix_nuke_everything"
 > git rev-list --no-walk e0e9942dc5466884e7b2ef5c509a9dab33c4a01a # timeout=10
Set build name.
New build name is '#38467'
[Docker-PRs] $ /bin/bash /tmp/jenkins7915008351032920187.sh
From https://github.com/moby/moby
 * [new ref]         refs/pull/38467/head -> origin/pr/38467
Merge made by the 'recursive' strategy.
 api/server/httputils/errors.go      | 101 +++++++++++++++++++++++++++++++
 api/server/httputils/errors_test.go | 115 ++++++++++++++++++++++++++++++++++++
 client/checkpoint_create_test.go    |   4 ++
 client/checkpoint_delete_test.go    |   4 ++
 client/checkpoint_list_test.go      |   4 ++
 client/config_create_test.go        |   4 ++
 client/config_inspect_test.go       |   4 ++
 client/config_list_test.go          |   4 ++
 client/config_remove_test.go        |   4 ++
 client/config_update_test.go        |   4 ++
 client/container_commit_test.go     |   4 ++
 client/container_copy_test.go       |  10 ++++
 client/container_create.go          |   4 --
 client/container_create_test.go     |   9 ++-
 client/container_diff_test.go       |   5 +-
 client/container_exec_test.go       |  10 ++++
 client/container_export_test.go     |   5 ++
 client/container_inspect_test.go    |   4 ++
 client/container_kill_test.go       |   5 ++
 client/container_list_test.go       |   4 ++
 client/container_pause_test.go      |   5 ++
 client/container_rename_test.go     |   5 ++
 client/container_resize_test.go     |   7 +++
 client/container_restart_test.go    |   5 ++
 client/container_start_test.go      |   4 ++
 client/container_stats_test.go      |   5 ++
 client/container_stop_test.go       |   5 ++
 client/container_top_test.go        |   4 ++
 client/container_unpause_test.go    |   5 ++
 client/container_update_test.go     |   4 ++
 client/container_wait_test.go       |   4 ++
 client/disk_usage_test.go           |   4 ++
 client/errors.go                    |  27 +++++----
 client/events_test.go               |   4 ++
 client/image_build_test.go          |   4 ++
 client/image_create_test.go         |   4 ++
 client/image_history_test.go        |   4 ++
 client/image_import_test.go         |   4 ++
 client/image_inspect_test.go        |   4 ++
 client/image_list_test.go           |   4 ++
 client/image_load_test.go           |   5 ++
 client/image_pull_test.go           |   4 ++
 client/image_push_test.go           |   4 ++
 client/image_save_test.go           |   5 ++
 client/image_search_test.go         |   4 ++
 client/image_tag_test.go            |   5 ++
 client/info_test.go                 |   8 ++-
 client/network_connect_test.go      |   4 ++
 client/network_create_test.go       |   4 ++
 client/network_disconnect_test.go   |   4 ++
 client/network_list_test.go         |   4 ++
 client/network_prune_test.go        |   4 ++
 client/network_remove_test.go       |   5 ++
 client/node_inspect_test.go         |   4 ++
 client/node_list_test.go            |   4 ++
 client/node_remove_test.go          |   4 ++
 client/node_update_test.go          |   4 ++
 client/ping.go                      |   6 +-
 client/plugin_disable_test.go       |   4 ++
 client/plugin_enable_test.go        |   4 ++
 client/plugin_inspect_test.go       |   4 ++
 client/plugin_list_test.go          |   4 ++
 client/plugin_push_test.go          |   5 ++
 client/plugin_remove_test.go        |   4 ++
 client/plugin_set_test.go           |   5 ++
 client/request.go                   |  18 +++---
 client/request_test.go              |   4 ++
 client/secret_create_test.go        |   4 ++
 client/secret_inspect_test.go       |   4 ++
 client/secret_list_test.go          |   4 ++
 client/secret_remove_test.go        |   4 ++
 client/secret_update_test.go        |   4 ++
 client/service_create_test.go       |   4 ++
 client/service_inspect_test.go      |   4 ++
 client/service_list_test.go         |   4 ++
 client/service_update_test.go       |   4 ++
 client/swarm_init_test.go           |   4 ++
 client/swarm_inspect_test.go        |   4 ++
 client/swarm_join_test.go           |   4 ++
 client/swarm_leave_test.go          |   5 ++
 client/swarm_unlock_test.go         |   4 ++
 client/swarm_update_test.go         |   4 ++
 client/task_inspect_test.go         |   4 ++
 client/task_list_test.go            |   4 ++
 client/volume_create_test.go        |   4 ++
 client/volume_list_test.go          |   4 ++
 client/volume_remove_test.go        |   5 ++
 errdefs/helpers.go                  |  55 +++++++++--------
 88 files changed, 637 insertions(+), 54 deletions(-)
 create mode 100644 api/server/httputils/errors_test.go
Sending build context to Docker daemon  45.11MB
Step 1/94 : FROM golang:1.11.4 AS base
 ---> 343df9d12b7b
Step 2/94 : ARG APT_MIRROR=deb.debian.org
 ---> Using cache
 ---> 97d32af278a7
Step 3/94 : RUN sed -ri "s/(httpredir|deb).debian.org/$APT_MIRROR/g" /etc/apt/sources.list
 ---> Using cache
 ---> 5e9e25b167e6
Step 4/94 : FROM base AS criu
 ---> 5e9e25b167e6
Step 5/94 : ENV CRIU_VERSION 3.6
 ---> Using cache
 ---> 035cdd6aeb0b
Step 6/94 : RUN apt-get update && apt-get install -y 	libnet-dev 	libprotobuf-c0-dev 	libprotobuf-dev 	libnl-3-dev 	libcap-dev 	protobuf-compiler 	protobuf-c-compiler 	python-protobuf 	&& mkdir -p /usr/src/criu 	&& curl -sSL https://github.com/checkpoint-restore/criu/archive/v${CRIU_VERSION}.tar.gz | tar -C /usr/src/criu/ -xz --strip-components=1 	&& cd /usr/src/criu 	&& make 	&& make PREFIX=/build/ install-criu
 ---> Using cache
 ---> 5b9ab5a282c5
Step 7/94 : FROM base AS registry
 ---> 5e9e25b167e6
Step 8/94 : ENV REGISTRY_COMMIT_SCHEMA1 ec87e9b6971d831f0eff752ddb54fb64693e51cd
 ---> Using cache
 ---> c79faffb6282
Step 9/94 : ENV REGISTRY_COMMIT 47a064d4195a9b56133891bbb13620c3ac83a827
 ---> Using cache
 ---> 3f444e5f29e9
Step 10/94 : RUN set -x 	&& export GOPATH="$(mktemp -d)" 	&& git clone https://github.com/docker/distribution.git "$GOPATH/src/github.com/docker/distribution" 	&& (cd "$GOPATH/src/github.com/docker/distribution" && git checkout -q "$REGISTRY_COMMIT") 	&& GOPATH="$GOPATH/src/github.com/docker/distribution/Godeps/_workspace:$GOPATH" 		go build -buildmode=pie -o /build/registry-v2 github.com/docker/distribution/cmd/registry 	&& case $(dpkg --print-architecture) in 		amd64|ppc64*|s390x) 		(cd "$GOPATH/src/github.com/docker/distribution" && git checkout -q "$REGISTRY_COMMIT_SCHEMA1"); 		GOPATH="$GOPATH/src/github.com/docker/distribution/Godeps/_workspace:$GOPATH"; 			go build -buildmode=pie -o /build/registry-v2-schema1 github.com/docker/distribution/cmd/registry; 		;; 	   esac 	&& rm -rf "$GOPATH"
 ---> Using cache
 ---> f594a817fe4a
Step 11/94 : FROM base AS docker-py
 ---> 5e9e25b167e6
Step 12/94 : ENV DOCKER_PY_COMMIT 8b246db271a85d6541dc458838627e89c683e42f
 ---> Using cache
 ---> 36adf79d02a2
Step 13/94 : RUN git clone https://github.com/docker/docker-py.git /build 	&& cd /build 	&& git checkout -q $DOCKER_PY_COMMIT
 ---> Using cache
 ---> c3038fa02022
Step 14/94 : FROM base AS swagger
 ---> 5e9e25b167e6
Step 15/94 : ENV GO_SWAGGER_COMMIT c28258affb0b6251755d92489ef685af8d4ff3eb
 ---> Using cache
 ---> 10cee080bd72
Step 16/94 : RUN set -x 	&& export GOPATH="$(mktemp -d)" 	&& git clone https://github.com/go-swagger/go-swagger.git "$GOPATH/src/github.com/go-swagger/go-swagger" 	&& (cd "$GOPATH/src/github.com/go-swagger/go-swagger" && git checkout -q "$GO_SWAGGER_COMMIT") 	&& go build -o /build/swagger github.com/go-swagger/go-swagger/cmd/swagger 	&& rm -rf "$GOPATH"
 ---> Using cache
 ---> 0efd6e9998e2
Step 17/94 : FROM base AS frozen-images
 ---> 5e9e25b167e6
Step 18/94 : RUN apt-get update && apt-get install -y jq ca-certificates --no-install-recommends
 ---> Using cache
 ---> 696fb8dd5794
Step 19/94 : COPY contrib/download-frozen-image-v2.sh /
 ---> Using cache
 ---> ae2375b8b3b1
Step 20/94 : RUN /download-frozen-image-v2.sh /build 	buildpack-deps:jessie@sha256:dd86dced7c9cd2a724e779730f0a53f93b7ef42228d4344b25ce9a42a1486251 	busybox:latest@sha256:bbc3a03235220b170ba48a157dd097dd1379299370e1ed99ce976df0355d24f0 	busybox:glibc@sha256:0b55a30394294ab23b9afd58fab94e61a923f5834fba7ddbae7f8e0c11ba85e6 	debian:jessie@sha256:287a20c5f73087ab406e6b364833e3fb7b3ae63ca0eb3486555dc27ed32c6e60 	hello-world:latest@sha256:be0cd392e45be79ffeffa6b05338b98ebb16c87b255f48e297ec7f98e123905c
 ---> Using cache
 ---> c1b4465a8ef9
Step 21/94 : FROM base AS runtime-dev
 ---> 5e9e25b167e6
Step 22/94 : RUN apt-get update && apt-get install -y 	libapparmor-dev 	libseccomp-dev
 ---> Using cache
 ---> 59a957c33cd5
Step 23/94 : FROM base AS tomlv
 ---> 5e9e25b167e6
Step 24/94 : ENV INSTALL_BINARY_NAME=tomlv
 ---> Using cache
 ---> 99afd9af7c9c
Step 25/94 : COPY hack/dockerfile/install/install.sh ./install.sh
 ---> Using cache
 ---> d54a6666cdb7
Step 26/94 : COPY hack/dockerfile/install/$INSTALL_BINARY_NAME.installer ./
 ---> Using cache
 ---> 25447d4962f3
Step 27/94 : RUN PREFIX=/build ./install.sh $INSTALL_BINARY_NAME
 ---> Using cache
 ---> c3b3bf74c99d
Step 28/94 : FROM base AS vndr
 ---> 5e9e25b167e6
Step 29/94 : ENV INSTALL_BINARY_NAME=vndr
 ---> Using cache
 ---> 37ec6a59f01f
Step 30/94 : COPY hack/dockerfile/install/install.sh ./install.sh
 ---> Using cache
 ---> 0683c4003629
Step 31/94 : COPY hack/dockerfile/install/$INSTALL_BINARY_NAME.installer ./
 ---> Using cache
 ---> fff119412dd1
Step 32/94 : RUN PREFIX=/build ./install.sh $INSTALL_BINARY_NAME
 ---> Using cache
 ---> 2a44800d0df7
Step 33/94 : FROM base AS containerd
 ---> 5e9e25b167e6
Step 34/94 : RUN apt-get update && apt-get install -y btrfs-tools
 ---> Using cache
 ---> c87bcd3b172c
Step 35/94 : ENV INSTALL_BINARY_NAME=containerd
 ---> Using cache
 ---> 351fb1414de2
Step 36/94 : COPY hack/dockerfile/install/install.sh ./install.sh
 ---> Using cache
 ---> 59f6f87a7167
Step 37/94 : COPY hack/dockerfile/install/$INSTALL_BINARY_NAME.installer ./
 ---> Using cache
 ---> b847a9269733
Step 38/94 : RUN PREFIX=/build ./install.sh $INSTALL_BINARY_NAME
 ---> Using cache
 ---> 484d99c1aabe
Step 39/94 : FROM base AS proxy
 ---> 5e9e25b167e6
Step 40/94 : ENV INSTALL_BINARY_NAME=proxy
 ---> Using cache
 ---> ccc3fba69c75
Step 41/94 : COPY hack/dockerfile/install/install.sh ./install.sh
 ---> Using cache
 ---> a17b478ec285
Step 42/94 : COPY hack/dockerfile/install/$INSTALL_BINARY_NAME.installer ./
 ---> Using cache
 ---> 5a6979c54145
Step 43/94 : RUN PREFIX=/build ./install.sh $INSTALL_BINARY_NAME
 ---> Using cache
 ---> 900e58744ec8
Step 44/94 : FROM base AS gometalinter
 ---> 5e9e25b167e6
Step 45/94 : ENV INSTALL_BINARY_NAME=gometalinter
 ---> Using cache
 ---> e8c0c0cad5e5
Step 46/94 : COPY hack/dockerfile/install/install.sh ./install.sh
 ---> Using cache
 ---> 6065e4bebdd4
Step 47/94 : COPY hack/dockerfile/install/$INSTALL_BINARY_NAME.installer ./
 ---> Using cache
 ---> 8b759c2ecfbd
Step 48/94 : RUN PREFIX=/build ./install.sh $INSTALL_BINARY_NAME
 ---> Using cache
 ---> cd5aab3318c4
Step 49/94 : FROM base AS dockercli
 ---> 5e9e25b167e6
Step 50/94 : ENV INSTALL_BINARY_NAME=dockercli
 ---> Using cache
 ---> becde7cfa47d
Step 51/94 : COPY hack/dockerfile/install/install.sh ./install.sh
 ---> Using cache
 ---> d5fbbd1140ee
Step 52/94 : COPY hack/dockerfile/install/$INSTALL_BINARY_NAME.installer ./
 ---> Using cache
 ---> 989dd2b15879
Step 53/94 : RUN PREFIX=/build ./install.sh $INSTALL_BINARY_NAME
 ---> Using cache
 ---> db76e7cbbff5
Step 54/94 : FROM runtime-dev AS runc
 ---> 59a957c33cd5
Step 55/94 : ENV INSTALL_BINARY_NAME=runc
 ---> Using cache
 ---> 5a0fa51e9bd3
Step 56/94 : COPY hack/dockerfile/install/install.sh ./install.sh
 ---> Using cache
 ---> a2c65b841a09
Step 57/94 : COPY hack/dockerfile/install/$INSTALL_BINARY_NAME.installer ./
 ---> Using cache
 ---> 1880d1b87740
Step 58/94 : RUN PREFIX=/build ./install.sh $INSTALL_BINARY_NAME
 ---> Using cache
 ---> b02abe65d054
Step 59/94 : FROM base AS tini
 ---> 5e9e25b167e6
Step 60/94 : RUN apt-get update && apt-get install -y cmake vim-common
 ---> Using cache
 ---> b8fe73bfe4b0
Step 61/94 : COPY hack/dockerfile/install/install.sh ./install.sh
 ---> Using cache
 ---> 9fadddcffcc5
Step 62/94 : ENV INSTALL_BINARY_NAME=tini
 ---> Using cache
 ---> eb5b90a6a548
Step 63/94 : COPY hack/dockerfile/install/$INSTALL_BINARY_NAME.installer ./
 ---> Using cache
 ---> 79d37f595ec5
Step 64/94 : RUN PREFIX=/build ./install.sh $INSTALL_BINARY_NAME
 ---> Using cache
 ---> 19b62c213fcb
Step 65/94 : FROM runtime-dev AS dev
 ---> 59a957c33cd5
Step 66/94 : RUN groupadd -r docker
 ---> Using cache
 ---> fb0c81044d99
Step 67/94 : RUN useradd --create-home --gid docker unprivilegeduser
 ---> Using cache
 ---> 4d2ea8fc6da5
Step 68/94 : RUN ln -sfv /go/src/github.com/docker/docker/.bashrc ~/.bashrc
 ---> Using cache
 ---> 5cdfea47f44a
Step 69/94 : RUN echo "source /usr/share/bash-completion/bash_completion" >> /etc/bash.bashrc
 ---> Using cache
 ---> 8dab693c3f49
Step 70/94 : RUN ln -s /usr/local/completion/bash/docker /etc/bash_completion.d/docker
 ---> Using cache
 ---> d44799541950
Step 71/94 : RUN ldconfig
 ---> Using cache
 ---> b693af13bb5e
Step 72/94 : RUN apt-get update && apt-get install -y 	apparmor 	aufs-tools 	bash-completion 	btrfs-tools 	iptables 	jq 	libcap2-bin 	libdevmapper-dev 	libudev-dev 	libsystemd-dev 	binutils-mingw-w64 	g++-mingw-w64-x86-64 	net-tools 	pigz 	python-backports.ssl-match-hostname 	python-dev 	python-mock 	python-pip 	python-requests 	python-setuptools 	python-websocket 	python-wheel 	thin-provisioning-tools 	vim 	vim-common 	xfsprogs 	zip 	bzip2 	xz-utils 	--no-install-recommends
 ---> Using cache
 ---> 442a9c908d9c
Step 73/94 : COPY --from=swagger /build/swagger* /usr/local/bin/
 ---> Using cache
 ---> bacb7d2bf50a
Step 74/94 : COPY --from=frozen-images /build/ /docker-frozen-images
 ---> Using cache
 ---> e7b2c6c02088
Step 75/94 : COPY --from=gometalinter /build/ /usr/local/bin/
 ---> Using cache
 ---> 5458044b07ef
Step 76/94 : COPY --from=tomlv /build/ /usr/local/bin/
 ---> Using cache
 ---> 2c544e76404e
Step 77/94 : COPY --from=vndr /build/ /usr/local/bin/
 ---> Using cache
 ---> b79c1c3276c7
Step 78/94 : COPY --from=tini /build/ /usr/local/bin/
 ---> Using cache
 ---> c43d950839ae
Step 79/94 : COPY --from=runc /build/ /usr/local/bin/
 ---> Using cache
 ---> 8ba14b089cd0
Step 80/94 : COPY --from=containerd /build/ /usr/local/bin/
 ---> Using cache
 ---> 967042fc32c8
Step 81/94 : COPY --from=proxy /build/ /usr/local/bin/
 ---> Using cache
 ---> 77a0059261b9
Step 82/94 : COPY --from=dockercli /build/ /usr/local/cli
 ---> Using cache
 ---> 9a4e380a9f3f
Step 83/94 : COPY --from=registry /build/registry* /usr/local/bin/
 ---> Using cache
 ---> 933ace13dc29
Step 84/94 : COPY --from=criu /build/ /usr/local/
 ---> Using cache
 ---> 781341ee352d
Step 85/94 : COPY --from=docker-py /build/ /docker-py
 ---> Using cache
 ---> 8ea2924616a0
Step 86/94 : RUN cd /docker-py 	&& pip install docker-pycreds==0.2.1 	&& pip install yamllint==1.5.0 	&& pip install -r test-requirements.txt
 ---> Using cache
 ---> f1b0e958e360
Step 87/94 : ENV PATH=/usr/local/cli:$PATH
 ---> Using cache
 ---> 2c7c6e92ee50
Step 88/94 : ENV DOCKER_BUILDTAGS apparmor seccomp selinux
 ---> Using cache
 ---> e2fc90938fd0
Step 89/94 : ENV GOMETALINTER_OPTS="--deadline=2m"
 ---> Using cache
 ---> 6f31938b7127
Step 90/94 : WORKDIR /go/src/github.com/docker/docker
 ---> Using cache
 ---> 03c8454d5b1e
Step 91/94 : VOLUME /var/lib/docker
 ---> Using cache
 ---> 4cc8d1316251
Step 92/94 : ENTRYPOINT ["hack/dind"]
 ---> Using cache
 ---> dab5ce75a6bc
Step 93/94 : FROM dev AS final
 ---> dab5ce75a6bc
Step 94/94 : COPY . /go/src/github.com/docker/docker
 ---> b7f40d4af3b0
Successfully built b7f40d4af3b0
Successfully tagged docker:77e697d
Congratulations!  All commits are properly signed with the DCO!
Congratulations!  "./pkg/..." is safely isolated from internal code.
No api/types/ or api/swagger.yaml changes in diff.
Congratulations!  No testing.T found.
Congratulations!  All toml source files changed here have valid syntax.
Congratulations!  Changelog CHANGELOG.md is well-formed.
Congratulations!  Changelog CHANGELOG.md dates are in descending order.
Congratulations!  No new tests added to integration-cli.
?   	github.com/docker/docker/api	[no test files]
ok  	github.com/docker/docker/api/server	0.004s	coverage: 7.9% of statements
?   	github.com/docker/docker/api/server/backend/build	[no test files]
ok  	github.com/docker/docker/api/server/httputils	0.005s	coverage: 22.3% of statements
ok  	github.com/docker/docker/api/server/middleware	0.004s	coverage: 43.4% of statements
?   	github.com/docker/docker/api/server/router	[no test files]
?   	github.com/docker/docker/api/server/router/build	[no test files]
?   	github.com/docker/docker/api/server/router/checkpoint	[no test files]
?   	github.com/docker/docker/api/server/router/container	[no test files]
?   	github.com/docker/docker/api/server/router/debug	[no test files]
?   	github.com/docker/docker/api/server/router/distribution	[no test files]
?   	github.com/docker/docker/api/server/router/image	[no test files]
?   	github.com/docker/docker/api/server/router/network	[no test files]
?   	github.com/docker/docker/api/server/router/plugin	[no test files]
?   	github.com/docker/docker/api/server/router/session	[no test files]
?   	github.com/docker/docker/api/server/router/swarm	[no test files]
?   	github.com/docker/docker/api/server/router/system	[no test files]
?   	github.com/docker/docker/api/server/router/volume	[no test files]
?   	github.com/docker/docker/api/types	[no test files]
?   	github.com/docker/docker/api/types/backend	[no test files]
?   	github.com/docker/docker/api/types/blkiodev	[no test files]
?   	github.com/docker/docker/api/types/container	[no test files]
?   	github.com/docker/docker/api/types/events	[no test files]
ok  	github.com/docker/docker/api/types/filters	0.003s	coverage: 94.2% of statements
?   	github.com/docker/docker/api/types/image	[no test files]
?   	github.com/docker/docker/api/types/mount	[no test files]
?   	github.com/docker/docker/api/types/network	[no test files]
?   	github.com/docker/docker/api/types/plugins/logdriver	[no test files]
?   	github.com/docker/docker/api/types/registry	[no test files]
ok  	github.com/docker/docker/api/types/strslice	0.002s	coverage: 90.0% of statements
?   	github.com/docker/docker/api/types/swarm	[no test files]
?   	github.com/docker/docker/api/types/swarm/runtime	[no test files]
ok  	github.com/docker/docker/api/types/time	0.002s	coverage: 100.0% of statements
ok  	github.com/docker/docker/api/types/versions	0.002s	coverage: 75.0% of statements
?   	github.com/docker/docker/api/types/versions/v1p19	[no test files]
?   	github.com/docker/docker/api/types/versions/v1p20	[no test files]
?   	github.com/docker/docker/api/types/volume	[no test files]
?   	github.com/docker/docker/builder	[no test files]
?   	github.com/docker/docker/builder/builder-next	[no test files]
?   	github.com/docker/docker/builder/builder-next/adapters/containerimage	[no test files]
?   	github.com/docker/docker/builder/builder-next/adapters/snapshot	[no test files]
?   	github.com/docker/docker/builder/builder-next/exporter	[no test files]
?   	github.com/docker/docker/builder/builder-next/imagerefchecker	[no test files]
?   	github.com/docker/docker/builder/builder-next/worker	[no test files]
ok  	github.com/docker/docker/builder/dockerfile	0.410s	coverage: 45.4% of statements
ok  	github.com/docker/docker/builder/dockerignore	0.002s	coverage: 96.8% of statements
ok  	github.com/docker/docker/builder/fscache	0.112s	coverage: 69.2% of statements
ok  	github.com/docker/docker/builder/remotecontext	0.145s	coverage: 13.7% of statements
ok  	github.com/docker/docker/builder/remotecontext/git	0.603s	coverage: 78.8% of statements
?   	github.com/docker/docker/cli	[no test files]
?   	github.com/docker/docker/cli/config	[no test files]
ok  	github.com/docker/docker/cli/debug	0.002s	coverage: 100.0% of statements
--- FAIL: TestInfoInvalidResponseJSONError (0.00s)
    info_test.go:41: expected a 'invalid character' error, got Error reading remote info: invalid character 'i' looking for beginning of value *errors.errorString
2019/01/01 15:24:36 RoundTripper returned a response & error; ignoring response
FAIL
coverage: 75.5% of statements
FAIL	github.com/docker/docker/client	0.101s
Build step 'Execute shell' marked build as failure
Set build name.
New build name is '#38467'
[PostBuildScript] - Executing post build scripts.
[Docker-PRs] $ /bin/sh -xe /tmp/jenkins3017277262034112601.sh
+ echo Ensuring container killed.
Ensuring container killed.
+ docker rm -vf docker-pr52341
Error: No such container: docker-pr52341
+ true
+ echo Chowning /workspace to jenkins user
Chowning /workspace to jenkins user
+ id -u
+ id -g
+ docker run --rm -v /home/ubuntu/workspace/Docker-PRs:/workspace busybox chown -R 1000:1000 /workspace
[Docker-PRs] $ /bin/sh -xe /tmp/jenkins8066245845780591615.sh
+ echo Creating bundles.tar.gz
Creating bundles.tar.gz
+ xargs tar -czf bundles.tar.gz
+ find bundles -name *.log -o -name *.prof -o -name integration.test
tar: Cowardly refusing to create an empty archive
Try 'tar --help' or 'tar --usage' for more information.
+ true
Archiving artifacts
Notifying endpoint with url 'https://leeroy.dockerproject.org/notification/jenkins'
[WS-CLEANUP] Deleting project workspace...[WS-CLEANUP] done
Finished: FAILURE
