Started by user Gordon
Notifying endpoint with url 'https://leeroy.dockerproject.org/notification/jenkins'
[EnvInject] - Loading node environment variables.
Building remotely on ubuntu-1604-aufs-stable (i-092fbcc3c8c0e1868) (docker-edge ubuntu aufs docker-stable docker ubuntu-1604-aufs-edge x86_64 ec2 linux ubuntu-1604-aufs ubuntu-1604 amd64 ubuntu-1604-aufs-stable us-west-2) in workspace /home/ubuntu/workspace/Docker-PRs-experimental
Wiping out workspace first.
Cloning the remote Git repository
Cloning repository https://github.com/moby/moby.git
 > git init /home/ubuntu/workspace/Docker-PRs-experimental # timeout=10
Fetching upstream changes from https://github.com/moby/moby.git
 > git --version # timeout=10
 > git fetch --tags --progress https://github.com/moby/moby.git +refs/heads/*:refs/remotes/origin/*
 > git config remote.origin.url https://github.com/moby/moby.git # timeout=10
 > git config --add remote.origin.fetch +refs/heads/*:refs/remotes/origin/* # timeout=10
 > git config remote.origin.url https://github.com/moby/moby.git # timeout=10
Fetching upstream changes from https://github.com/moby/moby.git
 > git fetch --tags --progress https://github.com/moby/moby.git +refs/heads/*:refs/remotes/origin/*
 > git rev-parse origin/master^{commit} # timeout=10
Checking out Revision 2b7e084dc98b1259e3be82d4c8d4fdfdcf615ba5 (origin/master)
 > git config core.sparsecheckout # timeout=10
 > git checkout -f 2b7e084dc98b1259e3be82d4c8d4fdfdcf615ba5
Commit message: "Merge pull request #38473 from thaJeztah/use_testenv_client"
 > git rev-list --no-walk 2b7e084dc98b1259e3be82d4c8d4fdfdcf615ba5 # timeout=10
Set build name.
New build name is '#38487'
[Docker-PRs-experimental] $ /bin/bash /tmp/jenkins4174321378682454065.sh
From https://github.com/moby/moby
 * [new ref]         refs/pull/38487/head -> origin/pr/38487
Auto-merging integration/build/build_test.go
Merge made by the 'recursive' strategy.
 builder/remotecontext/detect.go | 12 +++++++++-
 integration/build/build_test.go | 53 +++++++++++++++++++++++++++++++++++++++++
 2 files changed, 64 insertions(+), 1 deletion(-)
Sending build context to Docker daemon   45.1MB
Step 1/94 : FROM golang:1.11.4 AS base
 ---> 343df9d12b7b
Step 2/94 : ARG APT_MIRROR=deb.debian.org
 ---> Using cache
 ---> e3161c65c09a
Step 3/94 : RUN sed -ri "s/(httpredir|deb).debian.org/$APT_MIRROR/g" /etc/apt/sources.list
 ---> Using cache
 ---> b021001068e9
Step 4/94 : FROM base AS criu
 ---> b021001068e9
Step 5/94 : ENV CRIU_VERSION 3.6
 ---> Using cache
 ---> 2c1bce55d68a
Step 6/94 : RUN apt-get update && apt-get install -y 	libnet-dev 	libprotobuf-c0-dev 	libprotobuf-dev 	libnl-3-dev 	libcap-dev 	protobuf-compiler 	protobuf-c-compiler 	python-protobuf 	&& mkdir -p /usr/src/criu 	&& curl -sSL https://github.com/checkpoint-restore/criu/archive/v${CRIU_VERSION}.tar.gz | tar -C /usr/src/criu/ -xz --strip-components=1 	&& cd /usr/src/criu 	&& make 	&& make PREFIX=/build/ install-criu
 ---> Using cache
 ---> 58193d71726a
Step 7/94 : FROM base AS registry
 ---> b021001068e9
Step 8/94 : ENV REGISTRY_COMMIT_SCHEMA1 ec87e9b6971d831f0eff752ddb54fb64693e51cd
 ---> Using cache
 ---> ba74c274b3de
Step 9/94 : ENV REGISTRY_COMMIT 47a064d4195a9b56133891bbb13620c3ac83a827
 ---> Using cache
 ---> 9bbd5870b7a9
Step 10/94 : RUN set -x 	&& export GOPATH="$(mktemp -d)" 	&& git clone https://github.com/docker/distribution.git "$GOPATH/src/github.com/docker/distribution" 	&& (cd "$GOPATH/src/github.com/docker/distribution" && git checkout -q "$REGISTRY_COMMIT") 	&& GOPATH="$GOPATH/src/github.com/docker/distribution/Godeps/_workspace:$GOPATH" 		go build -buildmode=pie -o /build/registry-v2 github.com/docker/distribution/cmd/registry 	&& case $(dpkg --print-architecture) in 		amd64|ppc64*|s390x) 		(cd "$GOPATH/src/github.com/docker/distribution" && git checkout -q "$REGISTRY_COMMIT_SCHEMA1"); 		GOPATH="$GOPATH/src/github.com/docker/distribution/Godeps/_workspace:$GOPATH"; 			go build -buildmode=pie -o /build/registry-v2-schema1 github.com/docker/distribution/cmd/registry; 		;; 	   esac 	&& rm -rf "$GOPATH"
 ---> Using cache
 ---> 75c517f75582
Step 11/94 : FROM base AS docker-py
 ---> b021001068e9
Step 12/94 : ENV DOCKER_PY_COMMIT 8b246db271a85d6541dc458838627e89c683e42f
 ---> Using cache
 ---> 4296dac36b61
Step 13/94 : RUN git clone https://github.com/docker/docker-py.git /build 	&& cd /build 	&& git checkout -q $DOCKER_PY_COMMIT
 ---> Using cache
 ---> b9bd85d12131
Step 14/94 : FROM base AS swagger
 ---> b021001068e9
Step 15/94 : ENV GO_SWAGGER_COMMIT c28258affb0b6251755d92489ef685af8d4ff3eb
 ---> Using cache
 ---> 16fea2948e47
Step 16/94 : RUN set -x 	&& export GOPATH="$(mktemp -d)" 	&& git clone https://github.com/go-swagger/go-swagger.git "$GOPATH/src/github.com/go-swagger/go-swagger" 	&& (cd "$GOPATH/src/github.com/go-swagger/go-swagger" && git checkout -q "$GO_SWAGGER_COMMIT") 	&& go build -o /build/swagger github.com/go-swagger/go-swagger/cmd/swagger 	&& rm -rf "$GOPATH"
 ---> Using cache
 ---> efbb1bd69abc
Step 17/94 : FROM base AS frozen-images
 ---> b021001068e9
Step 18/94 : RUN apt-get update && apt-get install -y jq ca-certificates --no-install-recommends
 ---> Using cache
 ---> b81d67f159d9
Step 19/94 : COPY contrib/download-frozen-image-v2.sh /
 ---> Using cache
 ---> b59c98f01c8e
Step 20/94 : RUN /download-frozen-image-v2.sh /build 	buildpack-deps:jessie@sha256:dd86dced7c9cd2a724e779730f0a53f93b7ef42228d4344b25ce9a42a1486251 	busybox:latest@sha256:bbc3a03235220b170ba48a157dd097dd1379299370e1ed99ce976df0355d24f0 	busybox:glibc@sha256:0b55a30394294ab23b9afd58fab94e61a923f5834fba7ddbae7f8e0c11ba85e6 	debian:jessie@sha256:287a20c5f73087ab406e6b364833e3fb7b3ae63ca0eb3486555dc27ed32c6e60 	hello-world:latest@sha256:be0cd392e45be79ffeffa6b05338b98ebb16c87b255f48e297ec7f98e123905c
 ---> Using cache
 ---> 8f1cfbd9f8c4
Step 21/94 : FROM base AS runtime-dev
 ---> b021001068e9
Step 22/94 : RUN apt-get update && apt-get install -y 	libapparmor-dev 	libseccomp-dev
 ---> Using cache
 ---> 069540159786
Step 23/94 : FROM base AS tomlv
 ---> b021001068e9
Step 24/94 : ENV INSTALL_BINARY_NAME=tomlv
 ---> Using cache
 ---> 6f125e75185f
Step 25/94 : COPY hack/dockerfile/install/install.sh ./install.sh
 ---> Using cache
 ---> 3333cd4fb78c
Step 26/94 : COPY hack/dockerfile/install/$INSTALL_BINARY_NAME.installer ./
 ---> Using cache
 ---> 2ffd9f22dbbd
Step 27/94 : RUN PREFIX=/build ./install.sh $INSTALL_BINARY_NAME
 ---> Using cache
 ---> 9ab2257f4f57
Step 28/94 : FROM base AS vndr
 ---> b021001068e9
Step 29/94 : ENV INSTALL_BINARY_NAME=vndr
 ---> Using cache
 ---> 6417aacb526e
Step 30/94 : COPY hack/dockerfile/install/install.sh ./install.sh
 ---> Using cache
 ---> 5406161cc1b7
Step 31/94 : COPY hack/dockerfile/install/$INSTALL_BINARY_NAME.installer ./
 ---> Using cache
 ---> d16b312a8a1c
Step 32/94 : RUN PREFIX=/build ./install.sh $INSTALL_BINARY_NAME
 ---> Using cache
 ---> bd00a5f7c8a5
Step 33/94 : FROM base AS containerd
 ---> b021001068e9
Step 34/94 : RUN apt-get update && apt-get install -y btrfs-tools
 ---> Using cache
 ---> e9c9dc34dd1a
Step 35/94 : ENV INSTALL_BINARY_NAME=containerd
 ---> Using cache
 ---> 223ab71d642a
Step 36/94 : COPY hack/dockerfile/install/install.sh ./install.sh
 ---> Using cache
 ---> ec9abf91e627
Step 37/94 : COPY hack/dockerfile/install/$INSTALL_BINARY_NAME.installer ./
 ---> Using cache
 ---> 196d23a3d234
Step 38/94 : RUN PREFIX=/build ./install.sh $INSTALL_BINARY_NAME
 ---> Using cache
 ---> f74f2921778c
Step 39/94 : FROM base AS proxy
 ---> b021001068e9
Step 40/94 : ENV INSTALL_BINARY_NAME=proxy
 ---> Using cache
 ---> 7bfd17b0cf0b
Step 41/94 : COPY hack/dockerfile/install/install.sh ./install.sh
 ---> Using cache
 ---> 5cc1779e922a
Step 42/94 : COPY hack/dockerfile/install/$INSTALL_BINARY_NAME.installer ./
 ---> Using cache
 ---> cd33809feb31
Step 43/94 : RUN PREFIX=/build ./install.sh $INSTALL_BINARY_NAME
 ---> Using cache
 ---> 979194ebedd7
Step 44/94 : FROM base AS gometalinter
 ---> b021001068e9
Step 45/94 : ENV INSTALL_BINARY_NAME=gometalinter
 ---> Using cache
 ---> 29961c8d2fa6
Step 46/94 : COPY hack/dockerfile/install/install.sh ./install.sh
 ---> Using cache
 ---> 67f763991801
Step 47/94 : COPY hack/dockerfile/install/$INSTALL_BINARY_NAME.installer ./
 ---> Using cache
 ---> 62c4a2874283
Step 48/94 : RUN PREFIX=/build ./install.sh $INSTALL_BINARY_NAME
 ---> Using cache
 ---> 5776bc5d8093
Step 49/94 : FROM base AS dockercli
 ---> b021001068e9
Step 50/94 : ENV INSTALL_BINARY_NAME=dockercli
 ---> Using cache
 ---> 0d410b6bfc18
Step 51/94 : COPY hack/dockerfile/install/install.sh ./install.sh
 ---> Using cache
 ---> 9470d87908a9
Step 52/94 : COPY hack/dockerfile/install/$INSTALL_BINARY_NAME.installer ./
 ---> Using cache
 ---> 2edf0011bb25
Step 53/94 : RUN PREFIX=/build ./install.sh $INSTALL_BINARY_NAME
 ---> Using cache
 ---> 919debf5ab2d
Step 54/94 : FROM runtime-dev AS runc
 ---> 069540159786
Step 55/94 : ENV INSTALL_BINARY_NAME=runc
 ---> Using cache
 ---> 2407580d3c47
Step 56/94 : COPY hack/dockerfile/install/install.sh ./install.sh
 ---> Using cache
 ---> cf3b92147727
Step 57/94 : COPY hack/dockerfile/install/$INSTALL_BINARY_NAME.installer ./
 ---> Using cache
 ---> 5b4a07a962f2
Step 58/94 : RUN PREFIX=/build ./install.sh $INSTALL_BINARY_NAME
 ---> Using cache
 ---> 15ef61bd0816
Step 59/94 : FROM base AS tini
 ---> b021001068e9
Step 60/94 : RUN apt-get update && apt-get install -y cmake vim-common
 ---> Using cache
 ---> 4660c17491db
Step 61/94 : COPY hack/dockerfile/install/install.sh ./install.sh
 ---> Using cache
 ---> ba3cc60e29d2
Step 62/94 : ENV INSTALL_BINARY_NAME=tini
 ---> Using cache
 ---> b56bba40c30c
Step 63/94 : COPY hack/dockerfile/install/$INSTALL_BINARY_NAME.installer ./
 ---> Using cache
 ---> 6409d748a7bb
Step 64/94 : RUN PREFIX=/build ./install.sh $INSTALL_BINARY_NAME
 ---> Using cache
 ---> 34c42297ef95
Step 65/94 : FROM runtime-dev AS dev
 ---> 069540159786
Step 66/94 : RUN groupadd -r docker
 ---> Using cache
 ---> 4f1e0b305c3b
Step 67/94 : RUN useradd --create-home --gid docker unprivilegeduser
 ---> Using cache
 ---> 3c98103e07c0
Step 68/94 : RUN ln -sfv /go/src/github.com/docker/docker/.bashrc ~/.bashrc
 ---> Using cache
 ---> 2b7cba6b14d5
Step 69/94 : RUN echo "source /usr/share/bash-completion/bash_completion" >> /etc/bash.bashrc
 ---> Using cache
 ---> d7fe0b034569
Step 70/94 : RUN ln -s /usr/local/completion/bash/docker /etc/bash_completion.d/docker
 ---> Using cache
 ---> eab21672aa13
Step 71/94 : RUN ldconfig
 ---> Using cache
 ---> d30ff23210cf
Step 72/94 : RUN apt-get update && apt-get install -y 	apparmor 	aufs-tools 	bash-completion 	btrfs-tools 	iptables 	jq 	libcap2-bin 	libdevmapper-dev 	libudev-dev 	libsystemd-dev 	binutils-mingw-w64 	g++-mingw-w64-x86-64 	net-tools 	pigz 	python-backports.ssl-match-hostname 	python-dev 	python-mock 	python-pip 	python-requests 	python-setuptools 	python-websocket 	python-wheel 	thin-provisioning-tools 	vim 	vim-common 	xfsprogs 	zip 	bzip2 	xz-utils 	--no-install-recommends
 ---> Using cache
 ---> 4cb5a8740039
Step 73/94 : COPY --from=swagger /build/swagger* /usr/local/bin/
 ---> Using cache
 ---> 5ced59d17023
Step 74/94 : COPY --from=frozen-images /build/ /docker-frozen-images
 ---> Using cache
 ---> 0976c8f6a730
Step 75/94 : COPY --from=gometalinter /build/ /usr/local/bin/
 ---> Using cache
 ---> b6f17cae1e1d
Step 76/94 : COPY --from=tomlv /build/ /usr/local/bin/
 ---> Using cache
 ---> d635862fb136
Step 77/94 : COPY --from=vndr /build/ /usr/local/bin/
 ---> Using cache
 ---> ce93b741800c
Step 78/94 : COPY --from=tini /build/ /usr/local/bin/
 ---> Using cache
 ---> f7a8b9d3f43c
Step 79/94 : COPY --from=runc /build/ /usr/local/bin/
 ---> Using cache
 ---> 9cf9b99ef2d8
Step 80/94 : COPY --from=containerd /build/ /usr/local/bin/
 ---> Using cache
 ---> 6ab24f82aa59
Step 81/94 : COPY --from=proxy /build/ /usr/local/bin/
 ---> Using cache
 ---> 522167289433
Step 82/94 : COPY --from=dockercli /build/ /usr/local/cli
 ---> Using cache
 ---> ff68d6e76a19
Step 83/94 : COPY --from=registry /build/registry* /usr/local/bin/
 ---> Using cache
 ---> bb1597595417
Step 84/94 : COPY --from=criu /build/ /usr/local/
 ---> Using cache
 ---> b17622e94d52
Step 85/94 : COPY --from=docker-py /build/ /docker-py
 ---> Using cache
 ---> d06a25593a48
Step 86/94 : RUN cd /docker-py 	&& pip install docker-pycreds==0.2.1 	&& pip install yamllint==1.5.0 	&& pip install -r test-requirements.txt
 ---> Using cache
 ---> 20208bbd01d8
Step 87/94 : ENV PATH=/usr/local/cli:$PATH
 ---> Using cache
 ---> 26f29a0d541b
Step 88/94 : ENV DOCKER_BUILDTAGS apparmor seccomp selinux
 ---> Using cache
 ---> e35b902e750d
Step 89/94 : ENV GOMETALINTER_OPTS="--deadline=2m"
 ---> Using cache
 ---> 9c797489d5f2
Step 90/94 : WORKDIR /go/src/github.com/docker/docker
 ---> Using cache
 ---> 2d5407b34646
Step 91/94 : VOLUME /var/lib/docker
 ---> Using cache
 ---> dfb6b02ce28f
Step 92/94 : ENTRYPOINT ["hack/dind"]
 ---> Using cache
 ---> 9770e1df4cc1
Step 93/94 : FROM dev AS final
 ---> 9770e1df4cc1
Step 94/94 : COPY . /go/src/github.com/docker/docker
 ---> 344c147d0c04
Successfully built 344c147d0c04
Successfully tagged docker:ae5944f-exp

Removing bundles/

---> Making bundle: binary-daemon (in bundles/binary-daemon)
Building: bundles/binary-daemon/dockerd-dev
Created binary: bundles/binary-daemon/dockerd-dev
Copying nested executables into bundles/binary-daemon

---> Making bundle: test-integration (in bundles/test-integration)
Building test suite binary ./integration-cli/test.main
Building test suite binary ./integration/plugin/test.main
Building test suite binary ./integration/plugin/authz/test.main
Building test suite binary ./integration/plugin/logging/test.main
Building test suite binary ./integration/plugin/logging/cmd/test.main
Building test suite binary ./integration/plugin/logging/cmd/close_on_start/test.main
Building test suite binary ./integration/plugin/logging/cmd/dummy/test.main
Building test suite binary ./integration/plugin/common/test.main
Building test suite binary ./integration/plugin/volumes/test.main
Building test suite binary ./integration/plugin/volumes/cmd/test.main
Building test suite binary ./integration/plugin/volumes/cmd/dummy/test.main
Building test suite binary ./integration/plugin/graphdriver/test.main
Building test suite binary ./integration/config/test.main
Building test suite binary ./integration/service/test.main
Building test suite binary ./integration/network/test.main
Building test suite binary ./integration/network/ipvlan/test.main
Building test suite binary ./integration/network/macvlan/test.main
Building test suite binary ./integration/secret/test.main
Building test suite binary ./integration/session/test.main
Building test suite binary ./integration/container/test.main
Building test suite binary ./integration/build/test.main
Building test suite binary ./integration/volume/test.main
Building test suite binary ./integration/system/test.main
Building test suite binary ./integration/image/test.main
---> Making bundle: .integration-daemon-start (in bundles/test-integration)
Using test binary docker
# DOCKER_EXPERIMENTAL is set: starting daemon with experimental features enabled! 
/etc/init.d/apparmor: 130: /etc/init.d/apparmor: systemd-detect-virt: not found
Starting AppArmor profiles:Warning from stdin (line 1): /sbin/apparmor_parser: cannot use or update cache, disable, or force-complain via stdin
Warning failed to create cache: (null)
.
Starting dockerd
INFO: Waiting for daemon to start...
.
---> Making bundle: .integration-daemon-setup (in bundles/test-integration)
---> Making bundle: .ensure-emptyfs (in bundles/test-integration)
Error: No such image: emptyfs
Running integration-test (iteration 1)
Running /go/src/github.com/docker/docker/integration/plugin
testing: warning: no tests to run
PASS
Running /go/src/github.com/docker/docker/integration/plugin/authz
Loaded image: buildpack-deps:jessie
Loaded image: busybox:latest
Loaded image: busybox:glibc
Loaded image: debian:jessie
Loaded image: hello-world:latest
INFO: Testing against a local daemon
=== RUN   TestAuthZPluginAllowRequest
--- PASS: TestAuthZPluginAllowRequest (7.27s)
    daemon.go:296: [ddbb826528f0f] waiting for daemon to start
    daemon.go:328: [ddbb826528f0f] daemon started
    daemon.go:283: [ddbb826528f0f] exiting daemon
=== RUN   TestAuthZPluginTLS
--- PASS: TestAuthZPluginTLS (2.93s)
    daemon.go:296: [d1478c7e9dd72] waiting for daemon to start
    daemon.go:328: [d1478c7e9dd72] daemon started
    daemon.go:283: [d1478c7e9dd72] exiting daemon
=== RUN   TestAuthZPluginDenyRequest
--- PASS: TestAuthZPluginDenyRequest (2.51s)
    daemon.go:296: [dd2c31d7ad8c6] waiting for daemon to start
    daemon.go:328: [dd2c31d7ad8c6] daemon started
    daemon.go:283: [dd2c31d7ad8c6] exiting daemon
=== RUN   TestAuthZPluginAPIDenyResponse
--- PASS: TestAuthZPluginAPIDenyResponse (0.52s)
    daemon.go:296: [d4a075c5b9f66] waiting for daemon to start
    daemon.go:328: [d4a075c5b9f66] daemon started
    daemon.go:283: [d4a075c5b9f66] exiting daemon
=== RUN   TestAuthZPluginDenyResponse
--- PASS: TestAuthZPluginDenyResponse (0.52s)
    daemon.go:296: [d6d1dcaa84208] waiting for daemon to start
    daemon.go:328: [d6d1dcaa84208] daemon started
    daemon.go:283: [d6d1dcaa84208] exiting daemon
=== RUN   TestAuthZPluginAllowEventStream
--- PASS: TestAuthZPluginAllowEventStream (1.21s)
    daemon.go:296: [d6ead76d8a3e5] waiting for daemon to start
    daemon.go:328: [d6ead76d8a3e5] daemon started
    daemon.go:283: [d6ead76d8a3e5] exiting daemon
=== RUN   TestAuthZPluginErrorResponse
--- PASS: TestAuthZPluginErrorResponse (0.53s)
    daemon.go:296: [d3e32b0cfa38b] waiting for daemon to start
    daemon.go:328: [d3e32b0cfa38b] daemon started
    daemon.go:283: [d3e32b0cfa38b] exiting daemon
=== RUN   TestAuthZPluginErrorRequest
--- PASS: TestAuthZPluginErrorRequest (0.53s)
    daemon.go:296: [d88ab6b5801e3] waiting for daemon to start
    daemon.go:328: [d88ab6b5801e3] daemon started
    daemon.go:283: [d88ab6b5801e3] exiting daemon
=== RUN   TestAuthZPluginEnsureNoDuplicatePluginRegistration
--- PASS: TestAuthZPluginEnsureNoDuplicatePluginRegistration (0.52s)
    daemon.go:296: [d3a357d1cf3e4] waiting for daemon to start
    daemon.go:328: [d3a357d1cf3e4] daemon started
    daemon.go:283: [d3a357d1cf3e4] exiting daemon
=== RUN   TestAuthZPluginEnsureLoadImportWorking
--- PASS: TestAuthZPluginEnsureLoadImportWorking (1.46s)
    daemon.go:296: [daa687b984c88] waiting for daemon to start
    daemon.go:328: [daa687b984c88] daemon started
    daemon.go:283: [daa687b984c88] exiting daemon
=== RUN   TestAuthzPluginEnsureContainerCopyToFrom
--- PASS: TestAuthzPluginEnsureContainerCopyToFrom (1.53s)
    daemon.go:296: [d5bd74048b76f] waiting for daemon to start
    daemon.go:328: [d5bd74048b76f] daemon started
    daemon.go:283: [d5bd74048b76f] exiting daemon
=== RUN   TestAuthZPluginHeader
--- PASS: TestAuthZPluginHeader (0.72s)
    daemon.go:296: [d4bb4a0ccdd2a] waiting for daemon to start
    daemon.go:328: [d4bb4a0ccdd2a] daemon started
    daemon.go:283: [d4bb4a0ccdd2a] exiting daemon
=== RUN   TestAuthZPluginV2AllowNonVolumeRequest
--- PASS: TestAuthZPluginV2AllowNonVolumeRequest (6.61s)
    daemon.go:296: [dc9d32a7ee684] waiting for daemon to start
    daemon.go:328: [dc9d32a7ee684] daemon started
    daemon.go:283: [dc9d32a7ee684] exiting daemon
    daemon.go:296: [dc9d32a7ee684] waiting for daemon to start
    daemon.go:328: [dc9d32a7ee684] daemon started
    daemon.go:283: [dc9d32a7ee684] exiting daemon
=== RUN   TestAuthZPluginV2Disable
--- PASS: TestAuthZPluginV2Disable (5.80s)
    daemon.go:296: [da70849e1b9cc] waiting for daemon to start
    daemon.go:328: [da70849e1b9cc] daemon started
    daemon.go:283: [da70849e1b9cc] exiting daemon
    daemon.go:296: [da70849e1b9cc] waiting for daemon to start
    daemon.go:328: [da70849e1b9cc] daemon started
    daemon.go:283: [da70849e1b9cc] exiting daemon
=== RUN   TestAuthZPluginV2RejectVolumeRequests
--- PASS: TestAuthZPluginV2RejectVolumeRequests (6.06s)
    daemon.go:296: [dd0f18a72e948] waiting for daemon to start
    daemon.go:328: [dd0f18a72e948] daemon started
    daemon.go:283: [dd0f18a72e948] exiting daemon
    daemon.go:296: [dd0f18a72e948] waiting for daemon to start
    daemon.go:328: [dd0f18a72e948] daemon started
    daemon.go:283: [dd0f18a72e948] exiting daemon
=== RUN   TestAuthZPluginV2BadManifestFailsDaemonStart
--- PASS: TestAuthZPluginV2BadManifestFailsDaemonStart (13.67s)
    daemon.go:296: [d650f484327c7] waiting for daemon to start
    daemon.go:328: [d650f484327c7] daemon started
    daemon.go:283: [d650f484327c7] exiting daemon
    daemon.go:296: [d650f484327c7] waiting for daemon to start
    daemon.go:296: [d650f484327c7] waiting for daemon to start
    daemon.go:283: [d650f484327c7] exiting daemon
    daemon.go:296: [d650f484327c7] waiting for daemon to start
    daemon.go:328: [d650f484327c7] daemon started
    daemon.go:283: [d650f484327c7] exiting daemon
=== RUN   TestAuthZPluginV2NonexistentFailsDaemonStart
--- PASS: TestAuthZPluginV2NonexistentFailsDaemonStart (16.52s)
    daemon.go:296: [da16a2733d879] waiting for daemon to start
    daemon.go:328: [da16a2733d879] daemon started
    daemon.go:283: [da16a2733d879] exiting daemon
    daemon.go:296: [da16a2733d879] waiting for daemon to start
    daemon.go:296: [da16a2733d879] waiting for daemon to start
    daemon.go:296: [da16a2733d879] waiting for daemon to start
    daemon.go:328: [da16a2733d879] daemon started
    daemon.go:283: [da16a2733d879] exiting daemon
PASS
Running /go/src/github.com/docker/docker/integration/plugin/logging
INFO: Testing against a local daemon
=== RUN   TestContinueAfterPluginCrash
=== PAUSE TestContinueAfterPluginCrash
=== RUN   TestDaemonStartWithLogOpt
=== PAUSE TestDaemonStartWithLogOpt
=== CONT  TestContinueAfterPluginCrash
=== CONT  TestDaemonStartWithLogOpt
--- PASS: TestDaemonStartWithLogOpt (12.20s)
    daemon.go:296: [d8f2539ce31b1] waiting for daemon to start
    daemon.go:328: [d8f2539ce31b1] daemon started
    daemon.go:283: [d8f2539ce31b1] exiting daemon
    daemon.go:296: [d8f2539ce31b1] waiting for daemon to start
    daemon.go:328: [d8f2539ce31b1] daemon started
    daemon.go:283: [d8f2539ce31b1] exiting daemon
--- PASS: TestContinueAfterPluginCrash (19.57s)
    daemon.go:296: [d3aba276e6037] waiting for daemon to start
    daemon.go:328: [d3aba276e6037] daemon started
    daemon.go:283: [d3aba276e6037] exiting daemon
PASS
Running /go/src/github.com/docker/docker/integration/plugin/logging/cmd
testing: warning: no tests to run
PASS
Running /go/src/github.com/docker/docker/integration/plugin/logging/cmd/close_on_start
testing: warning: no tests to run
PASS
Running /go/src/github.com/docker/docker/integration/plugin/logging/cmd/dummy
testing: warning: no tests to run
PASS
Running /go/src/github.com/docker/docker/integration/plugin/common
INFO: Testing against a local daemon
=== RUN   TestPluginInvalidJSON
=== RUN   TestPluginInvalidJSON//plugins/foobar/set
=== PAUSE TestPluginInvalidJSON//plugins/foobar/set
=== CONT  TestPluginInvalidJSON//plugins/foobar/set
--- PASS: TestPluginInvalidJSON (0.01s)
    --- PASS: TestPluginInvalidJSON//plugins/foobar/set (0.00s)
PASS
Running /go/src/github.com/docker/docker/integration/plugin/volumes
INFO: Testing against a local daemon
=== RUN   TestPluginWithDevMounts
=== PAUSE TestPluginWithDevMounts
=== CONT  TestPluginWithDevMounts
--- PASS: TestPluginWithDevMounts (1.74s)
    daemon.go:296: [dcda67423c0c7] waiting for daemon to start
    daemon.go:328: [dcda67423c0c7] daemon started
    daemon.go:283: [dcda67423c0c7] exiting daemon
PASS
Running /go/src/github.com/docker/docker/integration/plugin/volumes/cmd
testing: warning: no tests to run
PASS
Running /go/src/github.com/docker/docker/integration/plugin/volumes/cmd/dummy
testing: warning: no tests to run
PASS
Running /go/src/github.com/docker/docker/integration/plugin/graphdriver
INFO: Testing against a local daemon
=== RUN   TestExternalGraphDriver
=== RUN   TestExternalGraphDriver/json
=== RUN   TestExternalGraphDriver/spec
=== RUN   TestExternalGraphDriver/pull
--- PASS: TestExternalGraphDriver (6.95s)
    daemon.go:296: [dee2bfa763df3] waiting for daemon to start
    daemon.go:328: [dee2bfa763df3] daemon started
    daemon.go:283: [dee2bfa763df3] exiting daemon
    daemon.go:296: [dee2bfa763df3] waiting for daemon to start
    daemon.go:328: [dee2bfa763df3] daemon started
    daemon.go:283: [dee2bfa763df3] exiting daemon
    --- PASS: TestExternalGraphDriver/json (1.74s)
    daemon.go:296: [dee2bfa763df3] waiting for daemon to start
    daemon.go:328: [dee2bfa763df3] daemon started
    daemon.go:283: [dee2bfa763df3] exiting daemon
    daemon.go:296: [dee2bfa763df3] waiting for daemon to start
    daemon.go:328: [dee2bfa763df3] daemon started
    daemon.go:283: [dee2bfa763df3] exiting daemon
    --- PASS: TestExternalGraphDriver/spec (1.72s)
    daemon.go:296: [dee2bfa763df3] waiting for daemon to start
    daemon.go:328: [dee2bfa763df3] daemon started
    daemon.go:283: [dee2bfa763df3] exiting daemon
    --- PASS: TestExternalGraphDriver/pull (3.05s)
=== RUN   TestGraphdriverPluginV2
--- SKIP: TestGraphdriverPluginV2 (0.34s)
    external_test.go:411: !requirement.Overlay2Supported(testEnv.DaemonInfo.KernelVersion)
PASS
Running /go/src/github.com/docker/docker/integration/config
INFO: Testing against a local daemon
=== RUN   TestConfigList
--- PASS: TestConfigList (2.08s)
    daemon.go:296: [dd2d21675d31f] waiting for daemon to start
    daemon.go:328: [dd2d21675d31f] daemon started
    daemon.go:283: [dd2d21675d31f] exiting daemon
=== RUN   TestConfigsCreateAndDelete
--- PASS: TestConfigsCreateAndDelete (2.08s)
    daemon.go:296: [d3b1e2b9da7e0] waiting for daemon to start
    daemon.go:328: [d3b1e2b9da7e0] daemon started
    daemon.go:283: [d3b1e2b9da7e0] exiting daemon
=== RUN   TestConfigsUpdate
--- PASS: TestConfigsUpdate (2.05s)
    daemon.go:296: [d3ab29c65b887] waiting for daemon to start
    daemon.go:328: [d3ab29c65b887] daemon started
    daemon.go:283: [d3ab29c65b887] exiting daemon
=== RUN   TestTemplatedConfig
--- PASS: TestTemplatedConfig (2.65s)
    daemon.go:296: [d7e9b81feba0e] waiting for daemon to start
    daemon.go:328: [d7e9b81feba0e] daemon started
    daemon.go:283: [d7e9b81feba0e] exiting daemon
=== RUN   TestConfigInspect
--- PASS: TestConfigInspect (2.16s)
    daemon.go:296: [d0675b84833ce] waiting for daemon to start
    daemon.go:328: [d0675b84833ce] daemon started
    daemon.go:283: [d0675b84833ce] exiting daemon
=== RUN   TestConfigCreateWithLabels
--- PASS: TestConfigCreateWithLabels (2.03s)
    daemon.go:296: [dea8515c10c69] waiting for daemon to start
    daemon.go:328: [dea8515c10c69] daemon started
    daemon.go:283: [dea8515c10c69] exiting daemon
=== RUN   TestConfigCreateResolve
--- PASS: TestConfigCreateResolve (2.06s)
    daemon.go:296: [dfca21d3c28ef] waiting for daemon to start
    daemon.go:328: [dfca21d3c28ef] daemon started
    daemon.go:283: [dfca21d3c28ef] exiting daemon
PASS
Running /go/src/github.com/docker/docker/integration/service
INFO: Testing against a local daemon
=== RUN   TestServiceCreateInit
=== RUN   TestServiceCreateInit/daemonInitDisabled
=== RUN   TestServiceCreateInit/daemonInitEnabled
--- PASS: TestServiceCreateInit (8.04s)
    --- PASS: TestServiceCreateInit/daemonInitDisabled (4.07s)
        daemon.go:296: [d99adf9a3e8b3] waiting for daemon to start
        daemon.go:328: [d99adf9a3e8b3] daemon started
        daemon.go:283: [d99adf9a3e8b3] exiting daemon
    --- PASS: TestServiceCreateInit/daemonInitEnabled (3.96s)
        daemon.go:296: [df6a832624835] waiting for daemon to start
        daemon.go:328: [df6a832624835] daemon started
        daemon.go:283: [df6a832624835] exiting daemon
=== RUN   TestCreateServiceMultipleTimes
--- PASS: TestCreateServiceMultipleTimes (23.00s)
    daemon.go:296: [daa340dafa2c8] waiting for daemon to start
    daemon.go:328: [daa340dafa2c8] daemon started
    daemon.go:283: [daa340dafa2c8] exiting daemon
=== RUN   TestCreateServiceConflict
--- PASS: TestCreateServiceConflict (2.05s)
    daemon.go:296: [db51d3d27a4f8] waiting for daemon to start
    daemon.go:328: [db51d3d27a4f8] daemon started
    daemon.go:283: [db51d3d27a4f8] exiting daemon
=== RUN   TestCreateServiceMaxReplicas
--- PASS: TestCreateServiceMaxReplicas (2.84s)
    daemon.go:296: [d34211fa99518] waiting for daemon to start
    daemon.go:328: [d34211fa99518] daemon started
    daemon.go:283: [d34211fa99518] exiting daemon
=== RUN   TestCreateWithDuplicateNetworkNames
--- PASS: TestCreateWithDuplicateNetworkNames (12.86s)
    daemon.go:296: [d1253359e8ee5] waiting for daemon to start
    daemon.go:328: [d1253359e8ee5] daemon started
    daemon.go:283: [d1253359e8ee5] exiting daemon
=== RUN   TestCreateServiceSecretFileMode
--- PASS: TestCreateServiceSecretFileMode (2.62s)
    daemon.go:296: [da09be8f73b5b] waiting for daemon to start
    daemon.go:328: [da09be8f73b5b] daemon started
    daemon.go:283: [da09be8f73b5b] exiting daemon
=== RUN   TestCreateServiceConfigFileMode
--- PASS: TestCreateServiceConfigFileMode (2.61s)
    daemon.go:296: [d113b011acb00] waiting for daemon to start
    daemon.go:328: [d113b011acb00] daemon started
    daemon.go:283: [d113b011acb00] exiting daemon
=== RUN   TestCreateServiceSysctls
--- PASS: TestCreateServiceSysctls (3.31s)
    daemon.go:296: [d0ca3316d931a] waiting for daemon to start
    daemon.go:328: [d0ca3316d931a] daemon started
    daemon.go:283: [d0ca3316d931a] exiting daemon
=== RUN   TestInspect
--- PASS: TestInspect (2.06s)
    daemon.go:296: [dc42a700acae5] waiting for daemon to start
    daemon.go:328: [dc42a700acae5] daemon started
    daemon.go:283: [dc42a700acae5] exiting daemon
=== RUN   TestDockerNetworkConnectAlias
--- PASS: TestDockerNetworkConnectAlias (3.98s)
    daemon.go:296: [de8b2177b2ed8] waiting for daemon to start
    daemon.go:328: [de8b2177b2ed8] daemon started
    daemon.go:283: [de8b2177b2ed8] exiting daemon
=== RUN   TestServicePlugin
--- PASS: TestServicePlugin (34.84s)
    daemon.go:296: [df810d52dec6a] waiting for daemon to start
    daemon.go:328: [df810d52dec6a] daemon started
    daemon.go:283: [df810d52dec6a] exiting daemon
    daemon.go:296: [dfe4e306b535b] waiting for daemon to start
    daemon.go:328: [dfe4e306b535b] daemon started
    daemon.go:296: [db64f336d39d2] waiting for daemon to start
    daemon.go:328: [db64f336d39d2] daemon started
    daemon.go:296: [df0b2b4897790] waiting for daemon to start
    daemon.go:328: [df0b2b4897790] daemon started
    daemon.go:283: [df0b2b4897790] exiting daemon
    daemon.go:283: [db64f336d39d2] exiting daemon
    daemon.go:283: [dfe4e306b535b] exiting daemon
=== RUN   TestServiceUpdateLabel
--- PASS: TestServiceUpdateLabel (2.15s)
    daemon.go:296: [dd0c0e73a9784] waiting for daemon to start
    daemon.go:328: [dd0c0e73a9784] daemon started
    daemon.go:283: [dd0c0e73a9784] exiting daemon
=== RUN   TestServiceUpdateSecrets
--- PASS: TestServiceUpdateSecrets (7.61s)
    daemon.go:296: [d2c8eea62cfed] waiting for daemon to start
    daemon.go:328: [d2c8eea62cfed] daemon started
    daemon.go:283: [d2c8eea62cfed] exiting daemon
=== RUN   TestServiceUpdateConfigs
--- PASS: TestServiceUpdateConfigs (7.62s)
    daemon.go:296: [d366bac977e9f] waiting for daemon to start
    daemon.go:328: [d366bac977e9f] daemon started
    daemon.go:283: [d366bac977e9f] exiting daemon
PASS
Running /go/src/github.com/docker/docker/integration/network
INFO: Testing against a local daemon
=== RUN   TestNetworkCreateDelete
--- PASS: TestNetworkCreateDelete (0.12s)
=== RUN   TestDockerNetworkDeletePreferID
--- PASS: TestDockerNetworkDeletePreferID (0.28s)
=== RUN   TestInspectNetwork
--- PASS: TestInspectNetwork (23.96s)
    daemon.go:296: [dcae237e60d27] waiting for daemon to start
    daemon.go:328: [dcae237e60d27] daemon started
    daemon.go:283: [dcae237e60d27] exiting daemon
=== RUN   TestRunContainerWithBridgeNone
--- PASS: TestRunContainerWithBridgeNone (2.05s)
    daemon.go:296: [d51177c6eefd5] waiting for daemon to start
    daemon.go:328: [d51177c6eefd5] daemon started
    daemon.go:283: [d51177c6eefd5] exiting daemon
=== RUN   TestNetworkInvalidJSON
=== RUN   TestNetworkInvalidJSON//networks/create
=== PAUSE TestNetworkInvalidJSON//networks/create
=== RUN   TestNetworkInvalidJSON//networks/bridge/connect
=== PAUSE TestNetworkInvalidJSON//networks/bridge/connect
=== RUN   TestNetworkInvalidJSON//networks/bridge/disconnect
=== PAUSE TestNetworkInvalidJSON//networks/bridge/disconnect
=== CONT  TestNetworkInvalidJSON//networks/create
=== CONT  TestNetworkInvalidJSON//networks/bridge/disconnect
=== CONT  TestNetworkInvalidJSON//networks/bridge/connect
--- PASS: TestNetworkInvalidJSON (0.01s)
    --- PASS: TestNetworkInvalidJSON//networks/create (0.00s)
    --- PASS: TestNetworkInvalidJSON//networks/bridge/disconnect (0.00s)
    --- PASS: TestNetworkInvalidJSON//networks/bridge/connect (0.00s)
=== RUN   TestDaemonRestartWithLiveRestore
--- PASS: TestDaemonRestartWithLiveRestore (1.02s)
    daemon.go:296: [d4c5a3c23ea9c] waiting for daemon to start
    daemon.go:328: [d4c5a3c23ea9c] daemon started
    daemon.go:283: [d4c5a3c23ea9c] exiting daemon
    daemon.go:296: [d4c5a3c23ea9c] waiting for daemon to start
    daemon.go:328: [d4c5a3c23ea9c] daemon started
    daemon.go:283: [d4c5a3c23ea9c] exiting daemon
=== RUN   TestDaemonDefaultNetworkPools
--- PASS: TestDaemonDefaultNetworkPools (0.66s)
    daemon.go:296: [df630422944bf] waiting for daemon to start
    daemon.go:328: [df630422944bf] daemon started
    daemon.go:283: [df630422944bf] exiting daemon
=== RUN   TestDaemonRestartWithExistingNetwork
--- PASS: TestDaemonRestartWithExistingNetwork (1.10s)
    daemon.go:296: [dba416117abbe] waiting for daemon to start
    daemon.go:328: [dba416117abbe] daemon started
    daemon.go:283: [dba416117abbe] exiting daemon
    daemon.go:296: [dba416117abbe] waiting for daemon to start
    daemon.go:328: [dba416117abbe] daemon started
    daemon.go:283: [dba416117abbe] exiting daemon
=== RUN   TestDaemonRestartWithExistingNetworkWithDefaultPoolRange
--- PASS: TestDaemonRestartWithExistingNetworkWithDefaultPoolRange (1.17s)
    daemon.go:296: [d12dfdad5d72f] waiting for daemon to start
    daemon.go:328: [d12dfdad5d72f] daemon started
    daemon.go:283: [d12dfdad5d72f] exiting daemon
    daemon.go:296: [d12dfdad5d72f] waiting for daemon to start
    daemon.go:328: [d12dfdad5d72f] daemon started
    daemon.go:283: [d12dfdad5d72f] exiting daemon
=== RUN   TestDaemonWithBipAndDefaultNetworkPool
--- PASS: TestDaemonWithBipAndDefaultNetworkPool (0.55s)
    daemon.go:296: [d229cffb54254] waiting for daemon to start
    daemon.go:328: [d229cffb54254] daemon started
    daemon.go:283: [d229cffb54254] exiting daemon
=== RUN   TestServiceWithPredefinedNetwork
--- PASS: TestServiceWithPredefinedNetwork (2.07s)
    daemon.go:296: [d76bc690c37f2] waiting for daemon to start
    daemon.go:328: [d76bc690c37f2] daemon started
    daemon.go:283: [d76bc690c37f2] exiting daemon
=== RUN   TestServiceRemoveKeepsIngressNetwork
--- PASS: TestServiceRemoveKeepsIngressNetwork (12.04s)
    daemon.go:296: [da8a674b525f0] waiting for daemon to start
    daemon.go:328: [da8a674b525f0] daemon started
    daemon.go:283: [da8a674b525f0] exiting daemon
=== RUN   TestServiceWithDataPathPortInit
--- PASS: TestServiceWithDataPathPortInit (4.12s)
    daemon.go:296: [d59776eb525ae] waiting for daemon to start
    daemon.go:328: [d59776eb525ae] daemon started
    daemon.go:283: [d59776eb525ae] exiting daemon
    daemon.go:296: [deee33ba975aa] waiting for daemon to start
    daemon.go:328: [deee33ba975aa] daemon started
    daemon.go:283: [deee33ba975aa] exiting daemon
=== RUN   TestServiceWithDefaultAddressPoolInit
--- PASS: TestServiceWithDefaultAddressPoolInit (4.26s)
    daemon.go:296: [db8d8cf68d133] waiting for daemon to start
    daemon.go:328: [db8d8cf68d133] daemon started
    service_test.go:415: TestServiceWithDefaultAddressPoolInit: NetworkInspect: {Name:saanvisthiraTestServiceWithDefaultAddressPoolInit ID:jkk4h284g399zblskp5q6kizf Created:2019-01-03 23:50:02.048795498 +0000 UTC Scope:swarm Driver:overlay EnableIPv6:false IPAM:{Driver:default Options:map[] Config:[{Subnet:20.20.0.0/24 IPRange: Gateway:20.20.0.1 AuxAddress:map[]}]} Internal:false Attachable:false Ingress:false ConfigFrom:{Network:} ConfigOnly:false Containers:map[] Options:map[com.docker.network.driver.overlay.vxlanid_list:4097] Labels:map[] Peers:[] Services:map[]}
    daemon.go:283: [db8d8cf68d133] exiting daemon
    daemon.go:296: [da1bf2f2036a7] waiting for daemon to start
    daemon.go:328: [da1bf2f2036a7] daemon started
    daemon.go:283: [da1bf2f2036a7] exiting daemon
PASS
Running /go/src/github.com/docker/docker/integration/network/ipvlan
INFO: Testing against a local daemon
=== RUN   TestDockerNetworkIpvlanPersistance
--- PASS: TestDockerNetworkIpvlanPersistance (1.27s)
    daemon.go:296: [d3be9f803d8cc] waiting for daemon to start
    daemon.go:328: [d3be9f803d8cc] daemon started
    daemon.go:283: [d3be9f803d8cc] exiting daemon
    daemon.go:296: [d3be9f803d8cc] waiting for daemon to start
    daemon.go:328: [d3be9f803d8cc] daemon started
    daemon.go:283: [d3be9f803d8cc] exiting daemon
=== RUN   TestDockerNetworkIpvlan
=== RUN   TestDockerNetworkIpvlan/Subinterface
=== RUN   TestDockerNetworkIpvlan/OverlapParent
=== RUN   TestDockerNetworkIpvlan/L2NilParent
=== RUN   TestDockerNetworkIpvlan/L2InternalMode
=== RUN   TestDockerNetworkIpvlan/L3NilParent
=== RUN   TestDockerNetworkIpvlan/L3InternalMode
=== RUN   TestDockerNetworkIpvlan/L2MultiSubnet
=== RUN   TestDockerNetworkIpvlan/L3MultiSubnet
=== RUN   TestDockerNetworkIpvlan/Addressing
--- PASS: TestDockerNetworkIpvlan (110.30s)
    daemon.go:296: [d92e8d5232812] waiting for daemon to start
    daemon.go:328: [d92e8d5232812] daemon started
    --- PASS: TestDockerNetworkIpvlan/Subinterface (0.08s)
    daemon.go:283: [d92e8d5232812] exiting daemon
    daemon.go:296: [d13133f093fd8] waiting for daemon to start
    daemon.go:328: [d13133f093fd8] daemon started
    --- PASS: TestDockerNetworkIpvlan/OverlapParent (0.05s)
    daemon.go:283: [d13133f093fd8] exiting daemon
    daemon.go:296: [d23f9666d8386] waiting for daemon to start
    daemon.go:328: [d23f9666d8386] daemon started
    --- PASS: TestDockerNetworkIpvlan/L2NilParent (0.85s)
    daemon.go:283: [d23f9666d8386] exiting daemon
    daemon.go:296: [d7540eef2cca2] waiting for daemon to start
    daemon.go:328: [d7540eef2cca2] daemon started
    --- PASS: TestDockerNetworkIpvlan/L2InternalMode (1.86s)
    daemon.go:283: [d7540eef2cca2] exiting daemon
    daemon.go:296: [d7df7ec9a8210] waiting for daemon to start
    daemon.go:328: [d7df7ec9a8210] daemon started
    --- PASS: TestDockerNetworkIpvlan/L3NilParent (15.86s)
    daemon.go:283: [d7df7ec9a8210] exiting daemon
    daemon.go:296: [d0c9e35a759fa] waiting for daemon to start
    daemon.go:328: [d0c9e35a759fa] daemon started
    --- PASS: TestDockerNetworkIpvlan/L3InternalMode (16.89s)
    daemon.go:283: [d0c9e35a759fa] exiting daemon
    daemon.go:296: [db3fa738055cd] waiting for daemon to start
    daemon.go:328: [db3fa738055cd] daemon started
    --- PASS: TestDockerNetworkIpvlan/L2MultiSubnet (17.22s)
    daemon.go:283: [db3fa738055cd] exiting daemon
    daemon.go:296: [d2a6ddcae82db] waiting for daemon to start
    daemon.go:328: [d2a6ddcae82db] daemon started
    --- PASS: TestDockerNetworkIpvlan/L3MultiSubnet (17.26s)
    daemon.go:283: [d2a6ddcae82db] exiting daemon
    daemon.go:296: [d4ea3f1795893] waiting for daemon to start
    daemon.go:328: [d4ea3f1795893] daemon started
    --- PASS: TestDockerNetworkIpvlan/Addressing (31.31s)
    daemon.go:283: [d4ea3f1795893] exiting daemon
PASS
Running /go/src/github.com/docker/docker/integration/network/macvlan
INFO: Testing against a local daemon
=== RUN   TestDockerNetworkMacvlanPersistance
--- PASS: TestDockerNetworkMacvlanPersistance (1.28s)
    daemon.go:296: [d10b4a407f816] waiting for daemon to start
    daemon.go:328: [d10b4a407f816] daemon started
    daemon.go:283: [d10b4a407f816] exiting daemon
    daemon.go:296: [d10b4a407f816] waiting for daemon to start
    daemon.go:328: [d10b4a407f816] daemon started
    daemon.go:283: [d10b4a407f816] exiting daemon
=== RUN   TestDockerNetworkMacvlan
=== RUN   TestDockerNetworkMacvlan/Subinterface
=== RUN   TestDockerNetworkMacvlan/OverlapParent
=== RUN   TestDockerNetworkMacvlan/NilParent
=== RUN   TestDockerNetworkMacvlan/InternalMode
=== RUN   TestDockerNetworkMacvlan/Addressing
--- PASS: TestDockerNetworkMacvlan (22.98s)
    daemon.go:296: [d5ec2dc9284ec] waiting for daemon to start
    daemon.go:328: [d5ec2dc9284ec] daemon started
    --- PASS: TestDockerNetworkMacvlan/Subinterface (0.06s)
    daemon.go:283: [d5ec2dc9284ec] exiting daemon
    daemon.go:296: [db2da36c68393] waiting for daemon to start
    daemon.go:328: [db2da36c68393] daemon started
    --- PASS: TestDockerNetworkMacvlan/OverlapParent (0.07s)
    daemon.go:283: [db2da36c68393] exiting daemon
    daemon.go:296: [d891bba31b279] waiting for daemon to start
    daemon.go:328: [d891bba31b279] daemon started
    --- PASS: TestDockerNetworkMacvlan/NilParent (0.86s)
    daemon.go:283: [d891bba31b279] exiting daemon
    daemon.go:296: [d096002918e36] waiting for daemon to start
    daemon.go:328: [d096002918e36] daemon started
    --- PASS: TestDockerNetworkMacvlan/InternalMode (1.91s)
    daemon.go:283: [d096002918e36] exiting daemon
    daemon.go:296: [d5ce3714f3def] waiting for daemon to start
    daemon.go:328: [d5ce3714f3def] daemon started
    --- PASS: TestDockerNetworkMacvlan/Addressing (15.67s)
    daemon.go:283: [d5ce3714f3def] exiting daemon
PASS
Running /go/src/github.com/docker/docker/integration/secret
INFO: Testing against a local daemon
=== RUN   TestSecretInspect
--- PASS: TestSecretInspect (2.13s)
    daemon.go:296: [def0bdbb57dc8] waiting for daemon to start
    daemon.go:328: [def0bdbb57dc8] daemon started
    daemon.go:283: [def0bdbb57dc8] exiting daemon
=== RUN   TestSecretList
--- PASS: TestSecretList (2.03s)
    daemon.go:296: [d462b24a14cf8] waiting for daemon to start
    daemon.go:328: [d462b24a14cf8] daemon started
    daemon.go:283: [d462b24a14cf8] exiting daemon
=== RUN   TestSecretsCreateAndDelete
--- PASS: TestSecretsCreateAndDelete (2.03s)
    daemon.go:296: [d6691186b880a] waiting for daemon to start
    daemon.go:328: [d6691186b880a] daemon started
    daemon.go:283: [d6691186b880a] exiting daemon
=== RUN   TestSecretsUpdate
--- PASS: TestSecretsUpdate (2.03s)
    daemon.go:296: [d3efd5e01a201] waiting for daemon to start
    daemon.go:328: [d3efd5e01a201] daemon started
    daemon.go:283: [d3efd5e01a201] exiting daemon
=== RUN   TestTemplatedSecret
--- PASS: TestTemplatedSecret (2.58s)
    daemon.go:296: [d6e65c23dab61] waiting for daemon to start
    daemon.go:328: [d6e65c23dab61] daemon started
    daemon.go:283: [d6e65c23dab61] exiting daemon
=== RUN   TestSecretCreateResolve
--- PASS: TestSecretCreateResolve (2.04s)
    daemon.go:296: [dc72f7165e1d7] waiting for daemon to start
    daemon.go:328: [dc72f7165e1d7] daemon started
    daemon.go:283: [dc72f7165e1d7] exiting daemon
PASS
Running /go/src/github.com/docker/docker/integration/session
INFO: Testing against a local daemon
=== RUN   TestSessionCreate
--- PASS: TestSessionCreate (0.01s)
=== RUN   TestSessionCreateWithBadUpgrade
--- PASS: TestSessionCreateWithBadUpgrade (0.00s)
PASS
Running /go/src/github.com/docker/docker/integration/container
INFO: Testing against a local daemon
=== RUN   TestContainerInvalidJSON
=== RUN   TestContainerInvalidJSON//containers/foobar/copy
=== PAUSE TestContainerInvalidJSON//containers/foobar/copy
=== RUN   TestContainerInvalidJSON//containers/foobar/exec
=== PAUSE TestContainerInvalidJSON//containers/foobar/exec
=== RUN   TestContainerInvalidJSON//exec/foobar/start
=== PAUSE TestContainerInvalidJSON//exec/foobar/start
=== CONT  TestContainerInvalidJSON//containers/foobar/copy
=== CONT  TestContainerInvalidJSON//exec/foobar/start
=== CONT  TestContainerInvalidJSON//containers/foobar/exec
--- PASS: TestContainerInvalidJSON (0.02s)
    --- PASS: TestContainerInvalidJSON//exec/foobar/start (0.00s)
    --- PASS: TestContainerInvalidJSON//containers/foobar/copy (0.00s)
    --- PASS: TestContainerInvalidJSON//containers/foobar/exec (0.00s)
=== RUN   TestCopyFromContainerPathDoesNotExist
--- PASS: TestCopyFromContainerPathDoesNotExist (0.08s)
=== RUN   TestCopyFromContainerPathIsNotDir
--- PASS: TestCopyFromContainerPathIsNotDir (0.06s)
=== RUN   TestCopyToContainerPathDoesNotExist
--- PASS: TestCopyToContainerPathDoesNotExist (0.06s)
=== RUN   TestCopyToContainerPathIsNotDir
--- PASS: TestCopyToContainerPathIsNotDir (0.07s)
=== RUN   TestCreateFailsWhenIdentifierDoesNotExist
=== RUN   TestCreateFailsWhenIdentifierDoesNotExist/image_and_tag
=== PAUSE TestCreateFailsWhenIdentifierDoesNotExist/image_and_tag
=== RUN   TestCreateFailsWhenIdentifierDoesNotExist/image_no_tag
=== PAUSE TestCreateFailsWhenIdentifierDoesNotExist/image_no_tag
=== RUN   TestCreateFailsWhenIdentifierDoesNotExist/digest
=== PAUSE TestCreateFailsWhenIdentifierDoesNotExist/digest
=== CONT  TestCreateFailsWhenIdentifierDoesNotExist/image_and_tag
=== CONT  TestCreateFailsWhenIdentifierDoesNotExist/digest
=== CONT  TestCreateFailsWhenIdentifierDoesNotExist/image_no_tag
--- PASS: TestCreateFailsWhenIdentifierDoesNotExist (0.01s)
    --- PASS: TestCreateFailsWhenIdentifierDoesNotExist/digest (0.00s)
    --- PASS: TestCreateFailsWhenIdentifierDoesNotExist/image_and_tag (0.00s)
    --- PASS: TestCreateFailsWhenIdentifierDoesNotExist/image_no_tag (0.00s)
=== RUN   TestCreateWithInvalidEnv
=== RUN   TestCreateWithInvalidEnv/0
=== PAUSE TestCreateWithInvalidEnv/0
=== RUN   TestCreateWithInvalidEnv/1
=== PAUSE TestCreateWithInvalidEnv/1
=== RUN   TestCreateWithInvalidEnv/2
=== PAUSE TestCreateWithInvalidEnv/2
=== CONT  TestCreateWithInvalidEnv/0
=== CONT  TestCreateWithInvalidEnv/2
=== CONT  TestCreateWithInvalidEnv/1
--- PASS: TestCreateWithInvalidEnv (0.01s)
    --- PASS: TestCreateWithInvalidEnv/2 (0.00s)
    --- PASS: TestCreateWithInvalidEnv/0 (0.00s)
    --- PASS: TestCreateWithInvalidEnv/1 (0.00s)
=== RUN   TestCreateTmpfsMountsTarget
--- PASS: TestCreateTmpfsMountsTarget (0.01s)
=== RUN   TestCreateWithCustomMaskedPaths
--- PASS: TestCreateWithCustomMaskedPaths (1.44s)
=== RUN   TestCreateWithCustomReadonlyPaths
--- PASS: TestCreateWithCustomReadonlyPaths (1.53s)
=== RUN   TestCreateWithInvalidHealthcheckParams
=== RUN   TestCreateWithInvalidHealthcheckParams/test_invalid_Interval_in_Healthcheck:_less_than_0s
=== PAUSE TestCreateWithInvalidHealthcheckParams/test_invalid_Interval_in_Healthcheck:_less_than_0s
=== RUN   TestCreateWithInvalidHealthcheckParams/test_invalid_Interval_in_Healthcheck:_larger_than_0s_but_less_than_1ms
=== PAUSE TestCreateWithInvalidHealthcheckParams/test_invalid_Interval_in_Healthcheck:_larger_than_0s_but_less_than_1ms
=== RUN   TestCreateWithInvalidHealthcheckParams/test_invalid_Timeout_in_Healthcheck:_less_than_1ms
=== PAUSE TestCreateWithInvalidHealthcheckParams/test_invalid_Timeout_in_Healthcheck:_less_than_1ms
=== RUN   TestCreateWithInvalidHealthcheckParams/test_invalid_Retries_in_Healthcheck:_less_than_0
=== PAUSE TestCreateWithInvalidHealthcheckParams/test_invalid_Retries_in_Healthcheck:_less_than_0
=== RUN   TestCreateWithInvalidHealthcheckParams/test_invalid_StartPeriod_in_Healthcheck:_not_0_and_less_than_1ms
=== PAUSE TestCreateWithInvalidHealthcheckParams/test_invalid_StartPeriod_in_Healthcheck:_not_0_and_less_than_1ms
=== CONT  TestCreateWithInvalidHealthcheckParams/test_invalid_Interval_in_Healthcheck:_less_than_0s
=== CONT  TestCreateWithInvalidHealthcheckParams/test_invalid_Retries_in_Healthcheck:_less_than_0
=== CONT  TestCreateWithInvalidHealthcheckParams/test_invalid_StartPeriod_in_Healthcheck:_not_0_and_less_than_1ms
=== CONT  TestCreateWithInvalidHealthcheckParams/test_invalid_Timeout_in_Healthcheck:_less_than_1ms
=== CONT  TestCreateWithInvalidHealthcheckParams/test_invalid_Interval_in_Healthcheck:_larger_than_0s_but_less_than_1ms
--- PASS: TestCreateWithInvalidHealthcheckParams (0.01s)
    --- PASS: TestCreateWithInvalidHealthcheckParams/test_invalid_Retries_in_Healthcheck:_less_than_0 (0.00s)
    --- PASS: TestCreateWithInvalidHealthcheckParams/test_invalid_Interval_in_Healthcheck:_less_than_0s (0.00s)
    --- PASS: TestCreateWithInvalidHealthcheckParams/test_invalid_Timeout_in_Healthcheck:_less_than_1ms (0.00s)
    --- PASS: TestCreateWithInvalidHealthcheckParams/test_invalid_Interval_in_Healthcheck:_larger_than_0s_but_less_than_1ms (0.00s)
    --- PASS: TestCreateWithInvalidHealthcheckParams/test_invalid_StartPeriod_in_Healthcheck:_not_0_and_less_than_1ms (0.00s)
=== RUN   TestContainerStartOnDaemonRestart
=== PAUSE TestContainerStartOnDaemonRestart
=== RUN   TestDiff
--- PASS: TestDiff (0.51s)
=== RUN   TestExecWithCloseStdin
--- PASS: TestExecWithCloseStdin (0.61s)
=== RUN   TestExec
--- PASS: TestExec (0.62s)
=== RUN   TestExportContainerAndImportImage
--- PASS: TestExportContainerAndImportImage (0.65s)
=== RUN   TestExportContainerAfterDaemonRestart
--- PASS: TestExportContainerAfterDaemonRestart (1.27s)
    daemon.go:296: [d399e574dd464] waiting for daemon to start
    daemon.go:328: [d399e574dd464] daemon started
    daemon.go:283: [d399e574dd464] exiting daemon
    daemon.go:296: [d399e574dd464] waiting for daemon to start
    daemon.go:328: [d399e574dd464] daemon started
    daemon.go:283: [d399e574dd464] exiting daemon
=== RUN   TestHealthCheckWorkdir
--- PASS: TestHealthCheckWorkdir (0.77s)
=== RUN   TestInspectCpusetInConfigPre120
--- PASS: TestInspectCpusetInConfigPre120 (0.51s)
=== RUN   TestIpcModeNone
--- PASS: TestIpcModeNone (0.60s)
=== RUN   TestIpcModePrivate
--- PASS: TestIpcModePrivate (0.63s)
    ipcmode_test.go:87: [testIpcPrivateShareable] ipcmode: private, ipcdev: 0:56, shared: false, mustBeShared: false
=== RUN   TestIpcModeShareable
--- PASS: TestIpcModeShareable (0.68s)
    ipcmode_test.go:87: [testIpcPrivateShareable] ipcmode: shareable, ipcdev: 0:50, shared: true, mustBeShared: true
=== RUN   TestAPIIpcModeShareableAndContainer
--- PASS: TestAPIIpcModeShareableAndContainer (1.90s)
=== RUN   TestAPIIpcModeHost
--- PASS: TestAPIIpcModeHost (0.51s)
=== RUN   TestDaemonIpcModeShareable
--- PASS: TestDaemonIpcModeShareable (1.35s)
    daemon.go:296: [ddfa0cb7e084d] waiting for daemon to start
    daemon.go:328: [ddfa0cb7e084d] daemon started
    ipcmode_test.go:255: [testDaemonIpcPrivateShareable] ipcdev: 0:58, shared: true, mustBeShared: true
    daemon.go:283: [ddfa0cb7e084d] exiting daemon
=== RUN   TestDaemonIpcModePrivate
--- PASS: TestDaemonIpcModePrivate (1.32s)
    daemon.go:296: [d5941f2466a7c] waiting for daemon to start
    daemon.go:328: [d5941f2466a7c] daemon started
    ipcmode_test.go:255: [testDaemonIpcPrivateShareable] ipcdev: 0:64, shared: false, mustBeShared: false
    daemon.go:283: [d5941f2466a7c] exiting daemon
=== RUN   TestDaemonIpcModePrivateFromConfig
--- PASS: TestDaemonIpcModePrivateFromConfig (1.33s)
    daemon.go:296: [d8e1970698ce8] waiting for daemon to start
    daemon.go:328: [d8e1970698ce8] daemon started
    ipcmode_test.go:255: [testDaemonIpcPrivateShareable] ipcdev: 0:64, shared: false, mustBeShared: false
    daemon.go:283: [d8e1970698ce8] exiting daemon
=== RUN   TestDaemonIpcModeShareableFromConfig
--- PASS: TestDaemonIpcModeShareableFromConfig (1.27s)
    daemon.go:296: [d81005244c2ff] waiting for daemon to start
    daemon.go:328: [d81005244c2ff] daemon started
    ipcmode_test.go:255: [testDaemonIpcPrivateShareable] ipcdev: 0:58, shared: true, mustBeShared: true
    daemon.go:283: [d81005244c2ff] exiting daemon
=== RUN   TestKillContainerInvalidSignal
--- PASS: TestKillContainerInvalidSignal (0.53s)
=== RUN   TestKillContainer
=== RUN   TestKillContainer/no_signal
=== RUN   TestKillContainer/non_killing_signal
=== RUN   TestKillContainer/killing_signal
--- PASS: TestKillContainer (1.65s)
    --- PASS: TestKillContainer/no_signal (0.52s)
    --- PASS: TestKillContainer/non_killing_signal (0.36s)
    --- PASS: TestKillContainer/killing_signal (0.50s)
=== RUN   TestKillWithStopSignalAndRestartPolicies
=== RUN   TestKillWithStopSignalAndRestartPolicies/same-signal-disables-restart-policy
=== RUN   TestKillWithStopSignalAndRestartPolicies/different-signal-keep-restart-policy
--- PASS: TestKillWithStopSignalAndRestartPolicies (1.07s)
    --- PASS: TestKillWithStopSignalAndRestartPolicies/same-signal-disables-restart-policy (0.50s)
    --- PASS: TestKillWithStopSignalAndRestartPolicies/different-signal-keep-restart-policy (0.34s)
=== RUN   TestKillStoppedContainer
--- PASS: TestKillStoppedContainer (0.07s)
=== RUN   TestKillStoppedContainerAPIPre120
--- PASS: TestKillStoppedContainerAPIPre120 (0.07s)
=== RUN   TestKillDifferentUserContainer
--- PASS: TestKillDifferentUserContainer (0.52s)
=== RUN   TestInspectOomKilledTrue
--- SKIP: TestInspectOomKilledTrue (0.00s)
    kill_test.go:153: testEnv.DaemonInfo.OSType == "windows" || !testEnv.DaemonInfo.MemoryLimit || !testEnv.DaemonInfo.SwapLimit
=== RUN   TestInspectOomKilledFalse
--- SKIP: TestInspectOomKilledFalse (0.00s)
    kill_test.go:171: testEnv.DaemonInfo.OSType == "windows" || !testEnv.DaemonInfo.MemoryLimit || !testEnv.DaemonInfo.SwapLimit
=== RUN   TestLinksEtcHostsContentMatch
--- PASS: TestLinksEtcHostsContentMatch (0.48s)
=== RUN   TestLinksContainerNames
--- PASS: TestLinksContainerNames (1.07s)
=== RUN   TestLogsFollowTailEmpty
--- PASS: TestLogsFollowTailEmpty (0.53s)
=== RUN   TestContainerNetworkMountsNoChown
--- PASS: TestContainerNetworkMountsNoChown (0.54s)
=== RUN   TestMountDaemonRoot
=== RUN   TestMountDaemonRoot/default
=== PAUSE TestMountDaemonRoot/default
=== RUN   TestMountDaemonRoot/private
=== PAUSE TestMountDaemonRoot/private
=== RUN   TestMountDaemonRoot/rprivate
=== PAUSE TestMountDaemonRoot/rprivate
=== RUN   TestMountDaemonRoot/slave
=== PAUSE TestMountDaemonRoot/slave
=== RUN   TestMountDaemonRoot/rslave
=== PAUSE TestMountDaemonRoot/rslave
=== RUN   TestMountDaemonRoot/shared
=== PAUSE TestMountDaemonRoot/shared
=== RUN   TestMountDaemonRoot/rshared
=== PAUSE TestMountDaemonRoot/rshared
=== CONT  TestMountDaemonRoot/default
=== RUN   TestMountDaemonRoot/default/bind_root
=== PAUSE TestMountDaemonRoot/default/bind_root
=== RUN   TestMountDaemonRoot/default/bind_subpath
=== PAUSE TestMountDaemonRoot/default/bind_subpath
=== RUN   TestMountDaemonRoot/default/mount_root
=== PAUSE TestMountDaemonRoot/default/mount_root
=== RUN   TestMountDaemonRoot/default/mount_subpath
=== PAUSE TestMountDaemonRoot/default/mount_subpath
=== CONT  TestMountDaemonRoot/rslave
=== RUN   TestMountDaemonRoot/rslave/bind_root
=== CONT  TestMountDaemonRoot/rshared
=== RUN   TestMountDaemonRoot/rshared/mount_root
=== PAUSE TestMountDaemonRoot/rshared/mount_root
=== RUN   TestMountDaemonRoot/rshared/mount_subpath
=== PAUSE TestMountDaemonRoot/rslave/bind_root
=== RUN   TestMountDaemonRoot/rslave/bind_subpath
=== PAUSE TestMountDaemonRoot/rslave/bind_subpath
=== RUN   TestMountDaemonRoot/rslave/mount_root
=== PAUSE TestMountDaemonRoot/rslave/mount_root
=== RUN   TestMountDaemonRoot/rslave/mount_subpath
=== PAUSE TestMountDaemonRoot/rslave/mount_subpath
=== PAUSE TestMountDaemonRoot/rshared/mount_subpath
=== CONT  TestMountDaemonRoot/shared
=== RUN   TestMountDaemonRoot/shared/mount_subpath
=== PAUSE TestMountDaemonRoot/shared/mount_subpath
=== RUN   TestMountDaemonRoot/shared/bind_root
=== PAUSE TestMountDaemonRoot/shared/bind_root
=== RUN   TestMountDaemonRoot/shared/bind_subpath
=== PAUSE TestMountDaemonRoot/shared/bind_subpath
=== RUN   TestMountDaemonRoot/shared/mount_root
=== PAUSE TestMountDaemonRoot/shared/mount_root
=== RUN   TestMountDaemonRoot/rshared/bind_root
=== PAUSE TestMountDaemonRoot/rshared/bind_root
=== RUN   TestMountDaemonRoot/rshared/bind_subpath
=== PAUSE TestMountDaemonRoot/rshared/bind_subpath
=== CONT  TestMountDaemonRoot/rprivate
=== RUN   TestMountDaemonRoot/rprivate/bind_subpath
=== PAUSE TestMountDaemonRoot/rprivate/bind_subpath
=== CONT  TestMountDaemonRoot/slave
=== RUN   TestMountDaemonRoot/rprivate/mount_root
=== PAUSE TestMountDaemonRoot/rprivate/mount_root
=== RUN   TestMountDaemonRoot/rprivate/mount_subpath
=== PAUSE TestMountDaemonRoot/rprivate/mount_subpath
=== RUN   TestMountDaemonRoot/rprivate/bind_root
=== RUN   TestMountDaemonRoot/slave/bind_root
=== PAUSE TestMountDaemonRoot/slave/bind_root
=== RUN   TestMountDaemonRoot/slave/bind_subpath
=== PAUSE TestMountDaemonRoot/slave/bind_subpath
=== RUN   TestMountDaemonRoot/slave/mount_root
=== PAUSE TestMountDaemonRoot/rprivate/bind_root
=== CONT  TestMountDaemonRoot/private
=== RUN   TestMountDaemonRoot/private/bind_subpath
=== PAUSE TestMountDaemonRoot/private/bind_subpath
=== RUN   TestMountDaemonRoot/private/mount_root
=== PAUSE TestMountDaemonRoot/private/mount_root
=== RUN   TestMountDaemonRoot/private/mount_subpath
=== PAUSE TestMountDaemonRoot/slave/mount_root
=== RUN   TestMountDaemonRoot/slave/mount_subpath
=== PAUSE TestMountDaemonRoot/slave/mount_subpath
=== CONT  TestMountDaemonRoot/default/bind_root
=== PAUSE TestMountDaemonRoot/private/mount_subpath
=== RUN   TestMountDaemonRoot/private/bind_root
=== PAUSE TestMountDaemonRoot/private/bind_root
=== CONT  TestMountDaemonRoot/default/mount_subpath
=== CONT  TestMountDaemonRoot/default/mount_root
=== CONT  TestMountDaemonRoot/default/bind_subpath
=== CONT  TestMountDaemonRoot/rslave/bind_root
=== CONT  TestMountDaemonRoot/rslave/mount_subpath
=== CONT  TestMountDaemonRoot/rslave/mount_root
=== CONT  TestMountDaemonRoot/rslave/bind_subpath
=== CONT  TestMountDaemonRoot/shared/mount_subpath
=== CONT  TestMountDaemonRoot/rshared/mount_root
=== CONT  TestMountDaemonRoot/rprivate/bind_subpath
=== CONT  TestMountDaemonRoot/rshared/bind_subpath
=== CONT  TestMountDaemonRoot/rshared/bind_root
=== CONT  TestMountDaemonRoot/rshared/mount_subpath
=== CONT  TestMountDaemonRoot/slave/bind_root
=== CONT  TestMountDaemonRoot/shared/mount_root
=== CONT  TestMountDaemonRoot/shared/bind_subpath
=== CONT  TestMountDaemonRoot/shared/bind_root
=== CONT  TestMountDaemonRoot/private/bind_subpath
=== CONT  TestMountDaemonRoot/rprivate/bind_root
=== CONT  TestMountDaemonRoot/rprivate/mount_subpath
=== CONT  TestMountDaemonRoot/rprivate/mount_root
=== CONT  TestMountDaemonRoot/private/bind_root
=== CONT  TestMountDaemonRoot/private/mount_subpath
=== CONT  TestMountDaemonRoot/private/mount_root
=== CONT  TestMountDaemonRoot/slave/mount_root
=== CONT  TestMountDaemonRoot/slave/mount_subpath
=== CONT  TestMountDaemonRoot/slave/bind_subpath
--- PASS: TestMountDaemonRoot (0.03s)
    --- PASS: TestMountDaemonRoot/default (0.00s)
        --- PASS: TestMountDaemonRoot/default/mount_subpath (0.10s)
        --- PASS: TestMountDaemonRoot/default/bind_root (0.11s)
        --- PASS: TestMountDaemonRoot/default/mount_root (0.11s)
        --- PASS: TestMountDaemonRoot/default/bind_subpath (0.14s)
    --- PASS: TestMountDaemonRoot/rslave (0.00s)
        --- PASS: TestMountDaemonRoot/rslave/bind_root (0.10s)
        --- PASS: TestMountDaemonRoot/rslave/mount_subpath (0.09s)
        --- PASS: TestMountDaemonRoot/rslave/mount_root (0.09s)
        --- PASS: TestMountDaemonRoot/rslave/bind_subpath (0.09s)
    --- PASS: TestMountDaemonRoot/rshared (0.00s)
        --- PASS: TestMountDaemonRoot/rshared/mount_root (0.10s)
        --- PASS: TestMountDaemonRoot/rshared/bind_subpath (0.09s)
        --- PASS: TestMountDaemonRoot/rshared/bind_root (0.13s)
        --- PASS: TestMountDaemonRoot/rshared/mount_subpath (0.10s)
    --- PASS: TestMountDaemonRoot/shared (0.00s)
        --- PASS: TestMountDaemonRoot/shared/mount_subpath (0.06s)
        --- PASS: TestMountDaemonRoot/shared/mount_root (0.08s)
        --- PASS: TestMountDaemonRoot/shared/bind_subpath (0.08s)
        --- PASS: TestMountDaemonRoot/shared/bind_root (0.08s)
    --- PASS: TestMountDaemonRoot/rprivate (0.00s)
        --- PASS: TestMountDaemonRoot/rprivate/bind_subpath (0.09s)
        --- PASS: TestMountDaemonRoot/rprivate/bind_root (0.09s)
        --- PASS: TestMountDaemonRoot/rprivate/mount_subpath (0.08s)
        --- PASS: TestMountDaemonRoot/rprivate/mount_root (0.08s)
    --- PASS: TestMountDaemonRoot/private (0.00s)
        --- PASS: TestMountDaemonRoot/private/bind_subpath (0.09s)
        --- PASS: TestMountDaemonRoot/private/bind_root (0.08s)
        --- PASS: TestMountDaemonRoot/private/mount_subpath (0.09s)
        --- PASS: TestMountDaemonRoot/private/mount_root (0.09s)
    --- PASS: TestMountDaemonRoot/slave (0.00s)
        --- PASS: TestMountDaemonRoot/slave/bind_root (0.06s)
        --- PASS: TestMountDaemonRoot/slave/mount_root (0.08s)
        --- PASS: TestMountDaemonRoot/slave/mount_subpath (0.08s)
        --- PASS: TestMountDaemonRoot/slave/bind_subpath (0.05s)
=== RUN   TestContainerBindMountNonRecursive
--- PASS: TestContainerBindMountNonRecursive (1.32s)
=== RUN   TestNetworkNat
--- PASS: TestNetworkNat (0.55s)
=== RUN   TestNetworkLocalhostTCPNat
--- PASS: TestNetworkLocalhostTCPNat (0.56s)
=== RUN   TestNetworkLoopbackNat
--- PASS: TestNetworkLoopbackNat (0.79s)
=== RUN   TestPause
--- PASS: TestPause (0.58s)
=== RUN   TestPauseFailsOnWindowsServerContainers
--- SKIP: TestPauseFailsOnWindowsServerContainers (0.00s)
    pause_test.go:54: testEnv.DaemonInfo.OSType != "windows" || testEnv.DaemonInfo.Isolation != "process"
=== RUN   TestPauseStopPausedContainer
--- PASS: TestPauseStopPausedContainer (0.57s)
=== RUN   TestPsFilter
--- PASS: TestPsFilter (0.19s)
=== RUN   TestRemoveContainerWithRemovedVolume
--- PASS: TestRemoveContainerWithRemovedVolume (0.48s)
=== RUN   TestRemoveContainerWithVolume
--- PASS: TestRemoveContainerWithVolume (0.53s)
=== RUN   TestRemoveContainerRunning
--- PASS: TestRemoveContainerRunning (0.54s)
=== RUN   TestRemoveContainerForceRemoveRunning
--- PASS: TestRemoveContainerForceRemoveRunning (0.52s)
=== RUN   TestRemoveInvalidContainer
--- PASS: TestRemoveInvalidContainer (0.01s)
=== RUN   TestRenameLinkedContainer
--- PASS: TestRenameLinkedContainer (2.14s)
=== RUN   TestRenameStoppedContainer
--- PASS: TestRenameStoppedContainer (0.52s)
=== RUN   TestRenameRunningContainerAndReuse
--- PASS: TestRenameRunningContainerAndReuse (1.11s)
=== RUN   TestRenameInvalidName
--- PASS: TestRenameInvalidName (0.55s)
=== RUN   TestRenameAnonymousContainer
--- PASS: TestRenameAnonymousContainer (1.79s)
=== RUN   TestRenameContainerWithSameName
--- PASS: TestRenameContainerWithSameName (0.52s)
=== RUN   TestRenameContainerWithLinkedContainer
--- PASS: TestRenameContainerWithLinkedContainer (1.10s)
=== RUN   TestResize
--- PASS: TestResize (0.55s)
=== RUN   TestResizeWithInvalidSize
--- PASS: TestResizeWithInvalidSize (0.56s)
=== RUN   TestResizeWhenContainerNotStarted
--- PASS: TestResizeWhenContainerNotStarted (0.53s)
=== RUN   TestDaemonRestartKillContainers
=== RUN   TestDaemonRestartKillContainers/live-restore=false/container_without_restart_policy/kill-daemon
=== PAUSE TestDaemonRestartKillContainers/live-restore=false/container_without_restart_policy/kill-daemon
=== RUN   TestDaemonRestartKillContainers/live-restore=false/container_without_restart_policy/stop-daemon
=== PAUSE TestDaemonRestartKillContainers/live-restore=false/container_without_restart_policy/stop-daemon
=== RUN   TestDaemonRestartKillContainers/live-restore=true/container_without_restart_policy/kill-daemon
=== PAUSE TestDaemonRestartKillContainers/live-restore=true/container_without_restart_policy/kill-daemon
=== RUN   TestDaemonRestartKillContainers/live-restore=true/container_without_restart_policy/stop-daemon
=== PAUSE TestDaemonRestartKillContainers/live-restore=true/container_without_restart_policy/stop-daemon
=== RUN   TestDaemonRestartKillContainers/live-restore=false/container_with_restart=always/kill-daemon
=== PAUSE TestDaemonRestartKillContainers/live-restore=false/container_with_restart=always/kill-daemon
=== RUN   TestDaemonRestartKillContainers/live-restore=false/container_with_restart=always/stop-daemon
=== PAUSE TestDaemonRestartKillContainers/live-restore=false/container_with_restart=always/stop-daemon
=== RUN   TestDaemonRestartKillContainers/live-restore=true/container_with_restart=always/kill-daemon
=== PAUSE TestDaemonRestartKillContainers/live-restore=true/container_with_restart=always/kill-daemon
=== RUN   TestDaemonRestartKillContainers/live-restore=true/container_with_restart=always/stop-daemon
=== PAUSE TestDaemonRestartKillContainers/live-restore=true/container_with_restart=always/stop-daemon
=== RUN   TestDaemonRestartKillContainers/live-restore=false/container_created_should_not_be_restarted/kill-daemon
=== PAUSE TestDaemonRestartKillContainers/live-restore=false/container_created_should_not_be_restarted/kill-daemon
=== RUN   TestDaemonRestartKillContainers/live-restore=false/container_created_should_not_be_restarted/stop-daemon
=== PAUSE TestDaemonRestartKillContainers/live-restore=false/container_created_should_not_be_restarted/stop-daemon
=== RUN   TestDaemonRestartKillContainers/live-restore=true/container_created_should_not_be_restarted/kill-daemon
=== PAUSE TestDaemonRestartKillContainers/live-restore=true/container_created_should_not_be_restarted/kill-daemon
=== RUN   TestDaemonRestartKillContainers/live-restore=true/container_created_should_not_be_restarted/stop-daemon
=== PAUSE TestDaemonRestartKillContainers/live-restore=true/container_created_should_not_be_restarted/stop-daemon
=== CONT  TestDaemonRestartKillContainers/live-restore=false/container_without_restart_policy/kill-daemon
=== CONT  TestDaemonRestartKillContainers/live-restore=true/container_with_restart=always/kill-daemon
=== CONT  TestDaemonRestartKillContainers/live-restore=false/container_with_restart=always/stop-daemon
=== CONT  TestDaemonRestartKillContainers/live-restore=false/container_with_restart=always/kill-daemon
=== CONT  TestDaemonRestartKillContainers/live-restore=true/container_without_restart_policy/stop-daemon
=== CONT  TestDaemonRestartKillContainers/live-restore=true/container_without_restart_policy/kill-daemon
=== CONT  TestDaemonRestartKillContainers/live-restore=false/container_without_restart_policy/stop-daemon
=== CONT  TestDaemonRestartKillContainers/live-restore=false/container_created_should_not_be_restarted/stop-daemon
=== CONT  TestDaemonRestartKillContainers/live-restore=true/container_created_should_not_be_restarted/stop-daemon
=== CONT  TestDaemonRestartKillContainers/live-restore=true/container_created_should_not_be_restarted/kill-daemon
=== CONT  TestDaemonRestartKillContainers/live-restore=false/container_created_should_not_be_restarted/kill-daemon
=== CONT  TestDaemonRestartKillContainers/live-restore=true/container_with_restart=always/stop-daemon
--- PASS: TestDaemonRestartKillContainers (0.02s)
    --- PASS: TestDaemonRestartKillContainers/live-restore=false/container_without_restart_policy/kill-daemon (1.85s)
        daemon.go:296: [d9bd3f38fa521] waiting for daemon to start
        daemon.go:328: [d9bd3f38fa521] daemon started
        daemon.go:296: [d9bd3f38fa521] waiting for daemon to start
        daemon.go:328: [d9bd3f38fa521] daemon started
        daemon.go:283: [d9bd3f38fa521] exiting daemon
    --- PASS: TestDaemonRestartKillContainers/live-restore=true/container_with_restart=always/kill-daemon (2.09s)
        daemon.go:296: [dcd03f0bbf660] waiting for daemon to start
        daemon.go:328: [dcd03f0bbf660] daemon started
        daemon.go:296: [dcd03f0bbf660] waiting for daemon to start
        daemon.go:328: [dcd03f0bbf660] daemon started
        daemon.go:283: [dcd03f0bbf660] exiting daemon
    --- PASS: TestDaemonRestartKillContainers/live-restore=false/container_with_restart=always/stop-daemon (2.32s)
        daemon.go:296: [d28e6d5fb3a8a] waiting for daemon to start
        daemon.go:328: [d28e6d5fb3a8a] daemon started
        daemon.go:283: [d28e6d5fb3a8a] exiting daemon
        daemon.go:296: [d28e6d5fb3a8a] waiting for daemon to start
        daemon.go:328: [d28e6d5fb3a8a] daemon started
        daemon.go:283: [d28e6d5fb3a8a] exiting daemon
    --- PASS: TestDaemonRestartKillContainers/live-restore=false/container_with_restart=always/kill-daemon (2.36s)
        daemon.go:296: [d93cefd1819f7] waiting for daemon to start
        daemon.go:328: [d93cefd1819f7] daemon started
        daemon.go:296: [d93cefd1819f7] waiting for daemon to start
        daemon.go:328: [d93cefd1819f7] daemon started
        daemon.go:283: [d93cefd1819f7] exiting daemon
    --- PASS: TestDaemonRestartKillContainers/live-restore=true/container_without_restart_policy/stop-daemon (1.95s)
        daemon.go:296: [d8df4934a5db5] waiting for daemon to start
        daemon.go:328: [d8df4934a5db5] daemon started
        daemon.go:283: [d8df4934a5db5] exiting daemon
        daemon.go:296: [d8df4934a5db5] waiting for daemon to start
        daemon.go:328: [d8df4934a5db5] daemon started
        daemon.go:283: [d8df4934a5db5] exiting daemon
    --- PASS: TestDaemonRestartKillContainers/live-restore=true/container_without_restart_policy/kill-daemon (1.94s)
        daemon.go:296: [d84e103553234] waiting for daemon to start
        daemon.go:328: [d84e103553234] daemon started
        daemon.go:296: [d84e103553234] waiting for daemon to start
        daemon.go:328: [d84e103553234] daemon started
        daemon.go:283: [d84e103553234] exiting daemon
    --- PASS: TestDaemonRestartKillContainers/live-restore=false/container_created_should_not_be_restarted/stop-daemon (1.41s)
        daemon.go:296: [dbd8d5eca6764] waiting for daemon to start
        daemon.go:328: [dbd8d5eca6764] daemon started
        daemon.go:283: [dbd8d5eca6764] exiting daemon
        daemon.go:296: [dbd8d5eca6764] waiting for daemon to start
        daemon.go:328: [dbd8d5eca6764] daemon started
        daemon.go:283: [dbd8d5eca6764] exiting daemon
    --- PASS: TestDaemonRestartKillContainers/live-restore=false/container_without_restart_policy/stop-daemon (1.93s)
        daemon.go:296: [df5a16705ac0e] waiting for daemon to start
        daemon.go:328: [df5a16705ac0e] daemon started
        daemon.go:283: [df5a16705ac0e] exiting daemon
        daemon.go:296: [df5a16705ac0e] waiting for daemon to start
        daemon.go:328: [df5a16705ac0e] daemon started
        daemon.go:283: [df5a16705ac0e] exiting daemon
    --- PASS: TestDaemonRestartKillContainers/live-restore=true/container_created_should_not_be_restarted/stop-daemon (1.30s)
        daemon.go:296: [d5bddd96ad0b7] waiting for daemon to start
        daemon.go:328: [d5bddd96ad0b7] daemon started
        daemon.go:283: [d5bddd96ad0b7] exiting daemon
        daemon.go:296: [d5bddd96ad0b7] waiting for daemon to start
        daemon.go:328: [d5bddd96ad0b7] daemon started
        daemon.go:283: [d5bddd96ad0b7] exiting daemon
    --- PASS: TestDaemonRestartKillContainers/live-restore=true/container_created_should_not_be_restarted/kill-daemon (1.36s)
        daemon.go:296: [d41855a78711d] waiting for daemon to start
        daemon.go:328: [d41855a78711d] daemon started
        daemon.go:296: [d41855a78711d] waiting for daemon to start
        daemon.go:328: [d41855a78711d] daemon started
        daemon.go:283: [d41855a78711d] exiting daemon
    --- PASS: TestDaemonRestartKillContainers/live-restore=false/container_created_should_not_be_restarted/kill-daemon (1.29s)
        daemon.go:296: [d99b5f493f5f3] waiting for daemon to start
        daemon.go:328: [d99b5f493f5f3] daemon started
        daemon.go:296: [d99b5f493f5f3] waiting for daemon to start
        daemon.go:328: [d99b5f493f5f3] daemon started
        daemon.go:283: [d99b5f493f5f3] exiting daemon
    --- PASS: TestDaemonRestartKillContainers/live-restore=true/container_with_restart=always/stop-daemon (1.79s)
        daemon.go:296: [d5c937b6ea5bf] waiting for daemon to start
        daemon.go:328: [d5c937b6ea5bf] daemon started
        daemon.go:283: [d5c937b6ea5bf] exiting daemon
        daemon.go:296: [d5c937b6ea5bf] waiting for daemon to start
        daemon.go:328: [d5c937b6ea5bf] daemon started
        daemon.go:283: [d5c937b6ea5bf] exiting daemon
=== RUN   TestKernelTCPMemory
--- PASS: TestKernelTCPMemory (0.66s)
=== RUN   TestNISDomainname
--- PASS: TestNISDomainname (0.72s)
=== RUN   TestStats
--- PASS: TestStats (2.03s)
=== RUN   TestStopContainerWithTimeout
=== RUN   TestStopContainerWithTimeout/0
=== PAUSE TestStopContainerWithTimeout/0
=== RUN   TestStopContainerWithTimeout/1
=== PAUSE TestStopContainerWithTimeout/1
=== RUN   TestStopContainerWithTimeout/3
=== PAUSE TestStopContainerWithTimeout/3
=== RUN   TestStopContainerWithTimeout/-1
=== PAUSE TestStopContainerWithTimeout/-1
=== CONT  TestStopContainerWithTimeout/0
=== CONT  TestStopContainerWithTimeout/3
=== CONT  TestStopContainerWithTimeout/-1
=== CONT  TestStopContainerWithTimeout/1
--- PASS: TestStopContainerWithTimeout (0.01s)
    --- PASS: TestStopContainerWithTimeout/0 (0.64s)
    --- PASS: TestStopContainerWithTimeout/3 (2.62s)
    --- PASS: TestStopContainerWithTimeout/-1 (2.50s)
    --- PASS: TestStopContainerWithTimeout/1 (1.54s)
=== RUN   TestDeleteDevicemapper
--- SKIP: TestDeleteDevicemapper (0.00s)
    stop_linux_test.go:74: testEnv.DaemonInfo.Driver != "devicemapper"
=== RUN   TestStopContainerWithRestartPolicyAlways
--- PASS: TestStopContainerWithRestartPolicyAlways (2.17s)
=== RUN   TestUpdateMemory
--- SKIP: TestUpdateMemory (0.00s)
    update_linux_test.go:21: !testEnv.DaemonInfo.SwapLimit
=== RUN   TestUpdateCPUQuota
--- PASS: TestUpdateCPUQuota (1.11s)
=== RUN   TestUpdateRestartPolicy
--- PASS: TestUpdateRestartPolicy (11.32s)
=== RUN   TestUpdateRestartWithAutoRemove
--- PASS: TestUpdateRestartWithAutoRemove (0.55s)
=== RUN   TestWaitNonBlocked
=== RUN   TestWaitNonBlocked/wait-nonblocking-exit-0
=== PAUSE TestWaitNonBlocked/wait-nonblocking-exit-0
=== RUN   TestWaitNonBlocked/wait-nonblocking-exit-random
=== PAUSE TestWaitNonBlocked/wait-nonblocking-exit-random
=== CONT  TestWaitNonBlocked/wait-nonblocking-exit-0
=== CONT  TestWaitNonBlocked/wait-nonblocking-exit-random
--- PASS: TestWaitNonBlocked (0.01s)
    --- PASS: TestWaitNonBlocked/wait-nonblocking-exit-random (0.70s)
    --- PASS: TestWaitNonBlocked/wait-nonblocking-exit-0 (0.72s)
=== RUN   TestWaitBlocked
=== RUN   TestWaitBlocked/test-wait-blocked-exit-zero
=== PAUSE TestWaitBlocked/test-wait-blocked-exit-zero
=== RUN   TestWaitBlocked/test-wait-blocked-exit-random
=== PAUSE TestWaitBlocked/test-wait-blocked-exit-random
=== CONT  TestWaitBlocked/test-wait-blocked-exit-zero
=== CONT  TestWaitBlocked/test-wait-blocked-exit-random
--- PASS: TestWaitBlocked (0.01s)
    --- PASS: TestWaitBlocked/test-wait-blocked-exit-random (0.84s)
    --- PASS: TestWaitBlocked/test-wait-blocked-exit-zero (0.86s)
=== CONT  TestContainerStartOnDaemonRestart
--- PASS: TestContainerStartOnDaemonRestart (2.06s)
    daemon.go:296: [d1601c68b7a4f] waiting for daemon to start
    daemon.go:328: [d1601c68b7a4f] daemon started
    daemon.go:296: [d1601c68b7a4f] waiting for daemon to start
    daemon.go:328: [d1601c68b7a4f] daemon started
    daemon.go:283: [d1601c68b7a4f] exiting daemon
PASS
Running /go/src/github.com/docker/docker/integration/build
INFO: Testing against a local daemon
=== RUN   TestBuildWithSession
--- PASS: TestBuildWithSession (5.15s)
    daemon.go:296: [d486080f6d44d] waiting for daemon to start
    daemon.go:328: [d486080f6d44d] daemon started
    daemon.go:283: [d486080f6d44d] exiting daemon
=== RUN   TestBuildSquashParent
--- PASS: TestBuildSquashParent (7.72s)
    daemon.go:296: [d22419cd671a6] waiting for daemon to start
    daemon.go:328: [d22419cd671a6] daemon started
    daemon.go:283: [d22419cd671a6] exiting daemon
=== RUN   TestBuildWithRemoveAndForceRemove
=== RUN   TestBuildWithRemoveAndForceRemove/successful_build_with_no_removal
=== PAUSE TestBuildWithRemoveAndForceRemove/successful_build_with_no_removal
=== RUN   TestBuildWithRemoveAndForceRemove/successful_build_with_remove
=== PAUSE TestBuildWithRemoveAndForceRemove/successful_build_with_remove
=== RUN   TestBuildWithRemoveAndForceRemove/successful_build_with_remove_and_force_remove
=== PAUSE TestBuildWithRemoveAndForceRemove/successful_build_with_remove_and_force_remove
=== RUN   TestBuildWithRemoveAndForceRemove/failed_build_with_no_removal
=== PAUSE TestBuildWithRemoveAndForceRemove/failed_build_with_no_removal
=== RUN   TestBuildWithRemoveAndForceRemove/failed_build_with_remove
=== PAUSE TestBuildWithRemoveAndForceRemove/failed_build_with_remove
=== RUN   TestBuildWithRemoveAndForceRemove/failed_build_with_remove_and_force_remove
=== PAUSE TestBuildWithRemoveAndForceRemove/failed_build_with_remove_and_force_remove
=== CONT  TestBuildWithRemoveAndForceRemove/successful_build_with_no_removal
=== CONT  TestBuildWithRemoveAndForceRemove/failed_build_with_no_removal
=== CONT  TestBuildWithRemoveAndForceRemove/failed_build_with_remove_and_force_remove
=== CONT  TestBuildWithRemoveAndForceRemove/failed_build_with_remove
=== CONT  TestBuildWithRemoveAndForceRemove/successful_build_with_remove_and_force_remove
=== CONT  TestBuildWithRemoveAndForceRemove/successful_build_with_remove
--- PASS: TestBuildWithRemoveAndForceRemove (0.19s)
    --- PASS: TestBuildWithRemoveAndForceRemove/successful_build_with_no_removal (2.41s)
    --- PASS: TestBuildWithRemoveAndForceRemove/failed_build_with_no_removal (2.45s)
    --- PASS: TestBuildWithRemoveAndForceRemove/failed_build_with_remove_and_force_remove (2.04s)
    --- PASS: TestBuildWithRemoveAndForceRemove/failed_build_with_remove (2.06s)
    --- PASS: TestBuildWithRemoveAndForceRemove/successful_build_with_remove (1.85s)
    --- PASS: TestBuildWithRemoveAndForceRemove/successful_build_with_remove_and_force_remove (1.97s)
=== RUN   TestBuildMultiStageParentConfig
--- PASS: TestBuildMultiStageParentConfig (34.33s)
    build_test.go:175: [{-1 1546559656 sha256:e2d0124db14f9063713ff8f1dabdfd8aa022c7e830b7020f0b56f3198be22f47 map[] sha256:a8e910b5076f8d23359b7b6640c7d0490eca1d8d38e9ce18bc0bd1f80eab725a [] [build1:latest] -1 1129289 1129289} {-1 1546559655 sha256:d75e11d14bc7ac512e208c5b97d34e38b0ed7f4d7fd6b0268c97c95cc23adfbe map[] sha256:f50e909161906fb0289d5c285b530dd1bcb733c8973cfd66e01ad798ad9fad81 [<none>@<none>] [<none>:<none>] -1 1129289 1129289} {-1 1546559651 sha256:1b7728ef58a89f283010a709adbc020b584c0a2c552f365050ea0ed786d2ab4a map[] sha256:6ad733544a6317992a6fac4eb19fe1df577d4dec7529efec28a5bd0edad0fd30 [<none>@<none>] [<none>:<none>] -1 1129289 1129289} {-1 1546559651 sha256:8f7075e38c1f9a6f87d7a06ff2adf83235b523a5fcc293e7f455ec5c385e37ca map[] sha256:6ad733544a6317992a6fac4eb19fe1df577d4dec7529efec28a5bd0edad0fd30 [<none>@<none>] [<none>:<none>] -1 1129289 1129289} {-1 1546559649 sha256:3a317a2385ba7e8cee1422d6e4d8b826951b33ceee521217210d3b5e1e44d3e5 map[] sha256:6ad733544a6317992a6fac4eb19fe1df577d4dec7529efec28a5bd0edad0fd30 [<none>@<none>] [<none>:<none>] -1 1129289 1129289} {-1 1546559649 sha256:fcdb9406e5820aeba772eac10941083f8cab35f0e9e8f41645efcd19af99fc35 map[] sha256:6ad733544a6317992a6fac4eb19fe1df577d4dec7529efec28a5bd0edad0fd30 [<none>@<none>] [<none>:<none>] -1 1129289 1129289} {-1 1546559647 sha256:f2c492153539ec011a305fd8bee9f77b723cee6bbc697941ec3f3a915158bfe5 map[] sha256:6ad733544a6317992a6fac4eb19fe1df577d4dec7529efec28a5bd0edad0fd30 [<none>@<none>] [<none>:<none>] -1 1129289 1129289} {-1 1546559647 sha256:35872d457a707fdcb53c1799c17614cdf28085ff0161f7796815b88378187906 map[] sha256:6ad733544a6317992a6fac4eb19fe1df577d4dec7529efec28a5bd0edad0fd30 [<none>@<none>] [<none>:<none>] -1 1129289 1129289} {-1 1546559644 sha256:2dc0c73c6e932dc5dc3c9463b3aca89fc311184ad28314703d0d5a1ca9bf2f2d map[]  [] [test:latest] -1 1129301 1129301} {-1 1546559642 sha256:4dc314686b69a9ca8f762e4ec01171a95f73f820ea8ec10b8dca334e7a5f1268 map[] sha256:6ffa7ecb2407539a1384d32e55c42590686c3df11e1b8f1fe703e6ea534bf2ef [<none>@<none>] [<none>:<none>] -1 1129313 1129313} {-1 1546559637 sha256:afc1ff669a0b6e8f5471d1685ea97d578a50ff8752ed7d686a5c3a753cdd624c map[] sha256:084260d379f9deed1000d5314d2aa667761e81a8262b24fd9a1f1e1d81b88492 [<none>@<none>] [<none>:<none>] -1 1129315 1129315} {-1 1516768215 sha256:2bbf44aed9f866d88c0e7d006d4ffe8d53186a12ffd6dca5e1baa59ba3024b85 map[]  [] [busybox:glibc] -1 4403842 4403842} {-1 1511223798 sha256:f2a91732366c0332ccd7afd2a5c4ff2b9af81f549370f7a19acd460f87686bc7 map[]  [] [hello-world:frozen] -1 1848 1848} {-1 1509809246 sha256:cb92533ca5cc26b3e36c11b6007fb838a8d2ea73a24faf738084c57ce193b944 map[]  [] [buildpack-deps:jessie] -1 614674590 614674590} {-1 1509772896 sha256:25fc9eb3417fa06d0d7fc83706b1ef5855dd1a8767fc29476b49e4edf8230867 map[]  [] [debian:jessie] -1 123385136 123385136} {-1 1509748757 sha256:6ad733544a6317992a6fac4eb19fe1df577d4dec7529efec28a5bd0edad0fd30 map[]  [] [busybox:latest] -1 1129289 1129289} {-1 1371157430 sha256:11f64303f0f7ffdc71f001788132bca5346831939a956e3e975c93267d89a16d map[]  [] [emptyfs:latest] -1 0 0}]
=== RUN   TestBuildLabelWithTargets
--- PASS: TestBuildLabelWithTargets (7.99s)
=== RUN   TestBuildWithEmptyLayers
--- PASS: TestBuildWithEmptyLayers (3.00s)
=== RUN   TestBuildMultiStageOnBuild
--- PASS: TestBuildMultiStageOnBuild (5.05s)
=== RUN   TestBuildUncleanTarFilenames
--- PASS: TestBuildUncleanTarFilenames (0.73s)
=== RUN   TestBuildMultiStageLayerLeak
--- PASS: TestBuildMultiStageLayerLeak (4.26s)
=== RUN   TestBuildWithHugeFile
--- PASS: TestBuildWithHugeFile (144.80s)
=== RUN   TestBuildWithEmptyDockerfile
--- FAIL: TestBuildWithEmptyDockerfile (0.10s)
    build_test.go:499: assertion failed: error is not nil: Error response from daemon: the Dockerfile (Dockerfile) cannot be empty
=== RUN   TestBuildWithCommentDockerfile
--- PASS: TestBuildWithCommentDockerfile (0.09s)
FAIL
---> Making bundle: .integration-daemon-stop (in bundles/test-integration)
Clearing AppArmor profiles cache:.
All profile caches have been cleared, but no profiles have been unloaded.
Unloading profiles will leave already running processes permanently
unconfined, which can lead to unexpected situations.

To set a process to complain mode, use the command line tool
'aa-complain'. To really tear down all profiles, run the init script
with the 'teardown' option."
Removing test suite binaries
Build step 'Execute shell' marked build as failure
Set build name.
New build name is '#38487'
[PostBuildScript] - Executing post build scripts.
[Docker-PRs-experimental] $ /bin/sh -xe /tmp/jenkins8241842499393848828.sh
+ echo Ensuring container killed.
Ensuring container killed.
+ docker rm -vf docker-pr-exp43549
Error: No such container: docker-pr-exp43549
+ true
+ echo Chowning /workspace to jenkins user
Chowning /workspace to jenkins user
+ id -u
+ id -g
+ docker run --rm -v /home/ubuntu/workspace/Docker-PRs-experimental:/workspace busybox chown -R 1000:1000 /workspace
[Docker-PRs-experimental] $ /bin/sh -xe /tmp/jenkins2518119724702431225.sh
+ echo Creating bundles.tar.gz
Creating bundles.tar.gz
+ find bundles -name *.log+ xargs tar -czf bundles.tar.gz

Archiving artifacts
Notifying endpoint with url 'https://leeroy.dockerproject.org/notification/jenkins'
[WS-CLEANUP] Deleting project workspace...[WS-CLEANUP] done
Finished: FAILURE
