Started by user Gordon
Notifying endpoint with url 'https://leeroy.dockerproject.org/notification/jenkins'
[EnvInject] - Loading node environment variables.
Building remotely on ubuntu-1604-aufs-stable (i-09b232c49bf18f494) (docker-edge ubuntu aufs docker-stable docker ubuntu-1604-aufs-edge x86_64 ec2 linux ubuntu-1604-aufs ubuntu-1604 amd64 ubuntu-1604-aufs-stable us-west-2) in workspace /home/ubuntu/workspace/Docker-PRs-experimental
Wiping out workspace first.
Cloning the remote Git repository
Cloning repository https://github.com/moby/moby.git
 > git init /home/ubuntu/workspace/Docker-PRs-experimental # timeout=10
Fetching upstream changes from https://github.com/moby/moby.git
 > git --version # timeout=10
 > git fetch --tags --progress https://github.com/moby/moby.git +refs/heads/*:refs/remotes/origin/*
 > git config remote.origin.url https://github.com/moby/moby.git # timeout=10
 > git config --add remote.origin.fetch +refs/heads/*:refs/remotes/origin/* # timeout=10
 > git config remote.origin.url https://github.com/moby/moby.git # timeout=10
Fetching upstream changes from https://github.com/moby/moby.git
 > git fetch --tags --progress https://github.com/moby/moby.git +refs/heads/*:refs/remotes/origin/*
 > git rev-parse origin/master^{commit} # timeout=10
Checking out Revision de640c9f4932d851316a0a72470c4d3446f6f5ac (origin/master)
 > git config core.sparsecheckout # timeout=10
 > git checkout -f de640c9f4932d851316a0a72470c4d3446f6f5ac
Commit message: "Merge pull request #38038 from AkihiroSuda/ubuntu-overlayfs"
 > git rev-list --no-walk de640c9f4932d851316a0a72470c4d3446f6f5ac # timeout=10
Set build name.
New build name is '#38465'
[Docker-PRs-experimental] $ /bin/bash /tmp/jenkins4678433663508937638.sh
From https://github.com/moby/moby
 * [new ref]         refs/pull/38465/head -> origin/pr/38465
Merge made by the 'recursive' strategy.
 Dockerfile.windows              |  2 +-
 text.txt                        |  1 +
 volume/mounts/lcow_parser.go    |  4 ++--
 volume/mounts/linux_parser.go   |  1 +
 volume/mounts/parser_test.go    | 40 ++++++++++++++++++++--------------------
 volume/mounts/windows_parser.go | 38 +++++++++++++++++++++++---------------
 6 files changed, 48 insertions(+), 38 deletions(-)
 create mode 100644 text.txt
Sending build context to Docker daemon  45.11MB
Step 1/94 : FROM golang:1.11.4 AS base
 ---> 343df9d12b7b
Step 2/94 : ARG APT_MIRROR=deb.debian.org
 ---> Using cache
 ---> 19648dcea3df
Step 3/94 : RUN sed -ri "s/(httpredir|deb).debian.org/$APT_MIRROR/g" /etc/apt/sources.list
 ---> Using cache
 ---> 2c30683e3483
Step 4/94 : FROM base AS criu
 ---> 2c30683e3483
Step 5/94 : ENV CRIU_VERSION 3.6
 ---> Using cache
 ---> 0eecc42f33ec
Step 6/94 : RUN apt-get update && apt-get install -y 	libnet-dev 	libprotobuf-c0-dev 	libprotobuf-dev 	libnl-3-dev 	libcap-dev 	protobuf-compiler 	protobuf-c-compiler 	python-protobuf 	&& mkdir -p /usr/src/criu 	&& curl -sSL https://github.com/checkpoint-restore/criu/archive/v${CRIU_VERSION}.tar.gz | tar -C /usr/src/criu/ -xz --strip-components=1 	&& cd /usr/src/criu 	&& make 	&& make PREFIX=/build/ install-criu
 ---> Using cache
 ---> b922cd4cb1da
Step 7/94 : FROM base AS registry
 ---> 2c30683e3483
Step 8/94 : ENV REGISTRY_COMMIT_SCHEMA1 ec87e9b6971d831f0eff752ddb54fb64693e51cd
 ---> Using cache
 ---> 0bc3b4bfea12
Step 9/94 : ENV REGISTRY_COMMIT 47a064d4195a9b56133891bbb13620c3ac83a827
 ---> Using cache
 ---> 1ea518e3cb73
Step 10/94 : RUN set -x 	&& export GOPATH="$(mktemp -d)" 	&& git clone https://github.com/docker/distribution.git "$GOPATH/src/github.com/docker/distribution" 	&& (cd "$GOPATH/src/github.com/docker/distribution" && git checkout -q "$REGISTRY_COMMIT") 	&& GOPATH="$GOPATH/src/github.com/docker/distribution/Godeps/_workspace:$GOPATH" 		go build -buildmode=pie -o /build/registry-v2 github.com/docker/distribution/cmd/registry 	&& case $(dpkg --print-architecture) in 		amd64|ppc64*|s390x) 		(cd "$GOPATH/src/github.com/docker/distribution" && git checkout -q "$REGISTRY_COMMIT_SCHEMA1"); 		GOPATH="$GOPATH/src/github.com/docker/distribution/Godeps/_workspace:$GOPATH"; 			go build -buildmode=pie -o /build/registry-v2-schema1 github.com/docker/distribution/cmd/registry; 		;; 	   esac 	&& rm -rf "$GOPATH"
 ---> Using cache
 ---> 4a5723ae591a
Step 11/94 : FROM base AS docker-py
 ---> 2c30683e3483
Step 12/94 : ENV DOCKER_PY_COMMIT 8b246db271a85d6541dc458838627e89c683e42f
 ---> Using cache
 ---> c2ef14aaa234
Step 13/94 : RUN git clone https://github.com/docker/docker-py.git /build 	&& cd /build 	&& git checkout -q $DOCKER_PY_COMMIT
 ---> Using cache
 ---> 7e8563cfb00c
Step 14/94 : FROM base AS swagger
 ---> 2c30683e3483
Step 15/94 : ENV GO_SWAGGER_COMMIT c28258affb0b6251755d92489ef685af8d4ff3eb
 ---> Using cache
 ---> 0465f0945223
Step 16/94 : RUN set -x 	&& export GOPATH="$(mktemp -d)" 	&& git clone https://github.com/go-swagger/go-swagger.git "$GOPATH/src/github.com/go-swagger/go-swagger" 	&& (cd "$GOPATH/src/github.com/go-swagger/go-swagger" && git checkout -q "$GO_SWAGGER_COMMIT") 	&& go build -o /build/swagger github.com/go-swagger/go-swagger/cmd/swagger 	&& rm -rf "$GOPATH"
 ---> Using cache
 ---> 0f7b933cfe11
Step 17/94 : FROM base AS frozen-images
 ---> 2c30683e3483
Step 18/94 : RUN apt-get update && apt-get install -y jq ca-certificates --no-install-recommends
 ---> Using cache
 ---> d2d0e9e30913
Step 19/94 : COPY contrib/download-frozen-image-v2.sh /
 ---> Using cache
 ---> de116df85f23
Step 20/94 : RUN /download-frozen-image-v2.sh /build 	buildpack-deps:jessie@sha256:dd86dced7c9cd2a724e779730f0a53f93b7ef42228d4344b25ce9a42a1486251 	busybox:latest@sha256:bbc3a03235220b170ba48a157dd097dd1379299370e1ed99ce976df0355d24f0 	busybox:glibc@sha256:0b55a30394294ab23b9afd58fab94e61a923f5834fba7ddbae7f8e0c11ba85e6 	debian:jessie@sha256:287a20c5f73087ab406e6b364833e3fb7b3ae63ca0eb3486555dc27ed32c6e60 	hello-world:latest@sha256:be0cd392e45be79ffeffa6b05338b98ebb16c87b255f48e297ec7f98e123905c
 ---> Using cache
 ---> 40d0ac7d362f
Step 21/94 : FROM base AS runtime-dev
 ---> 2c30683e3483
Step 22/94 : RUN apt-get update && apt-get install -y 	libapparmor-dev 	libseccomp-dev
 ---> Using cache
 ---> 1bebf3d8da1e
Step 23/94 : FROM base AS tomlv
 ---> 2c30683e3483
Step 24/94 : ENV INSTALL_BINARY_NAME=tomlv
 ---> Using cache
 ---> e656392f3bec
Step 25/94 : COPY hack/dockerfile/install/install.sh ./install.sh
 ---> Using cache
 ---> 765335f6db41
Step 26/94 : COPY hack/dockerfile/install/$INSTALL_BINARY_NAME.installer ./
 ---> Using cache
 ---> bafc9c5ff844
Step 27/94 : RUN PREFIX=/build ./install.sh $INSTALL_BINARY_NAME
 ---> Using cache
 ---> 7b03fcf79736
Step 28/94 : FROM base AS vndr
 ---> 2c30683e3483
Step 29/94 : ENV INSTALL_BINARY_NAME=vndr
 ---> Using cache
 ---> 4e73d2e3e51d
Step 30/94 : COPY hack/dockerfile/install/install.sh ./install.sh
 ---> Using cache
 ---> 5a93991bbcd6
Step 31/94 : COPY hack/dockerfile/install/$INSTALL_BINARY_NAME.installer ./
 ---> Using cache
 ---> d7e9a85bfbd3
Step 32/94 : RUN PREFIX=/build ./install.sh $INSTALL_BINARY_NAME
 ---> Using cache
 ---> 2e9ae2910573
Step 33/94 : FROM base AS containerd
 ---> 2c30683e3483
Step 34/94 : RUN apt-get update && apt-get install -y btrfs-tools
 ---> Using cache
 ---> eb320e20b41a
Step 35/94 : ENV INSTALL_BINARY_NAME=containerd
 ---> Using cache
 ---> 6357549108fb
Step 36/94 : COPY hack/dockerfile/install/install.sh ./install.sh
 ---> Using cache
 ---> 694d76414795
Step 37/94 : COPY hack/dockerfile/install/$INSTALL_BINARY_NAME.installer ./
 ---> Using cache
 ---> 94bf09136edc
Step 38/94 : RUN PREFIX=/build ./install.sh $INSTALL_BINARY_NAME
 ---> Using cache
 ---> 07b632941e42
Step 39/94 : FROM base AS proxy
 ---> 2c30683e3483
Step 40/94 : ENV INSTALL_BINARY_NAME=proxy
 ---> Using cache
 ---> b1bf110ec050
Step 41/94 : COPY hack/dockerfile/install/install.sh ./install.sh
 ---> Using cache
 ---> 9416ad377f14
Step 42/94 : COPY hack/dockerfile/install/$INSTALL_BINARY_NAME.installer ./
 ---> Using cache
 ---> 25774c91fff7
Step 43/94 : RUN PREFIX=/build ./install.sh $INSTALL_BINARY_NAME
 ---> Using cache
 ---> 2ab91ab0c69b
Step 44/94 : FROM base AS gometalinter
 ---> 2c30683e3483
Step 45/94 : ENV INSTALL_BINARY_NAME=gometalinter
 ---> Using cache
 ---> 57837e24b26c
Step 46/94 : COPY hack/dockerfile/install/install.sh ./install.sh
 ---> Using cache
 ---> efc094fe07d5
Step 47/94 : COPY hack/dockerfile/install/$INSTALL_BINARY_NAME.installer ./
 ---> Using cache
 ---> 31a69a911cad
Step 48/94 : RUN PREFIX=/build ./install.sh $INSTALL_BINARY_NAME
 ---> Using cache
 ---> f082d465f589
Step 49/94 : FROM base AS dockercli
 ---> 2c30683e3483
Step 50/94 : ENV INSTALL_BINARY_NAME=dockercli
 ---> Using cache
 ---> a9e5cd298a46
Step 51/94 : COPY hack/dockerfile/install/install.sh ./install.sh
 ---> Using cache
 ---> 75b74d67ecb8
Step 52/94 : COPY hack/dockerfile/install/$INSTALL_BINARY_NAME.installer ./
 ---> Using cache
 ---> 0826910b6c3a
Step 53/94 : RUN PREFIX=/build ./install.sh $INSTALL_BINARY_NAME
 ---> Using cache
 ---> ccc6291effa3
Step 54/94 : FROM runtime-dev AS runc
 ---> 1bebf3d8da1e
Step 55/94 : ENV INSTALL_BINARY_NAME=runc
 ---> Using cache
 ---> 787d3089bf23
Step 56/94 : COPY hack/dockerfile/install/install.sh ./install.sh
 ---> Using cache
 ---> 9350e3391846
Step 57/94 : COPY hack/dockerfile/install/$INSTALL_BINARY_NAME.installer ./
 ---> Using cache
 ---> 22c27365dfb3
Step 58/94 : RUN PREFIX=/build ./install.sh $INSTALL_BINARY_NAME
 ---> Using cache
 ---> 39573ce8878a
Step 59/94 : FROM base AS tini
 ---> 2c30683e3483
Step 60/94 : RUN apt-get update && apt-get install -y cmake vim-common
 ---> Using cache
 ---> c94b4343cd23
Step 61/94 : COPY hack/dockerfile/install/install.sh ./install.sh
 ---> Using cache
 ---> fbbf5a80c033
Step 62/94 : ENV INSTALL_BINARY_NAME=tini
 ---> Using cache
 ---> ae3e3ecdf44e
Step 63/94 : COPY hack/dockerfile/install/$INSTALL_BINARY_NAME.installer ./
 ---> Using cache
 ---> 39b6a01ddef5
Step 64/94 : RUN PREFIX=/build ./install.sh $INSTALL_BINARY_NAME
 ---> Using cache
 ---> 5bcc3dadc3d0
Step 65/94 : FROM runtime-dev AS dev
 ---> 1bebf3d8da1e
Step 66/94 : RUN groupadd -r docker
 ---> Using cache
 ---> 4fa2ad6843d3
Step 67/94 : RUN useradd --create-home --gid docker unprivilegeduser
 ---> Using cache
 ---> ae4bee95b303
Step 68/94 : RUN ln -sfv /go/src/github.com/docker/docker/.bashrc ~/.bashrc
 ---> Using cache
 ---> 1ef5c90cf8aa
Step 69/94 : RUN echo "source /usr/share/bash-completion/bash_completion" >> /etc/bash.bashrc
 ---> Using cache
 ---> f358b628e823
Step 70/94 : RUN ln -s /usr/local/completion/bash/docker /etc/bash_completion.d/docker
 ---> Using cache
 ---> 5dee55834157
Step 71/94 : RUN ldconfig
 ---> Using cache
 ---> d58019e6188d
Step 72/94 : RUN apt-get update && apt-get install -y 	apparmor 	aufs-tools 	bash-completion 	btrfs-tools 	iptables 	jq 	libcap2-bin 	libdevmapper-dev 	libudev-dev 	libsystemd-dev 	binutils-mingw-w64 	g++-mingw-w64-x86-64 	net-tools 	pigz 	python-backports.ssl-match-hostname 	python-dev 	python-mock 	python-pip 	python-requests 	python-setuptools 	python-websocket 	python-wheel 	thin-provisioning-tools 	vim 	vim-common 	xfsprogs 	zip 	bzip2 	xz-utils 	--no-install-recommends
 ---> Using cache
 ---> 8845567c2678
Step 73/94 : COPY --from=swagger /build/swagger* /usr/local/bin/
 ---> Using cache
 ---> a6dc00622b9d
Step 74/94 : COPY --from=frozen-images /build/ /docker-frozen-images
 ---> Using cache
 ---> f05406fadac4
Step 75/94 : COPY --from=gometalinter /build/ /usr/local/bin/
 ---> Using cache
 ---> 25aca7fc145d
Step 76/94 : COPY --from=tomlv /build/ /usr/local/bin/
 ---> Using cache
 ---> ba774410354b
Step 77/94 : COPY --from=vndr /build/ /usr/local/bin/
 ---> Using cache
 ---> 3ac142b01cc4
Step 78/94 : COPY --from=tini /build/ /usr/local/bin/
 ---> Using cache
 ---> 78c111433e22
Step 79/94 : COPY --from=runc /build/ /usr/local/bin/
 ---> Using cache
 ---> 6b0c6019b862
Step 80/94 : COPY --from=containerd /build/ /usr/local/bin/
 ---> Using cache
 ---> 12f1a8955641
Step 81/94 : COPY --from=proxy /build/ /usr/local/bin/
 ---> Using cache
 ---> aba0e31d5b63
Step 82/94 : COPY --from=dockercli /build/ /usr/local/cli
 ---> Using cache
 ---> dee9a9c3f807
Step 83/94 : COPY --from=registry /build/registry* /usr/local/bin/
 ---> Using cache
 ---> a5c55bc4d57d
Step 84/94 : COPY --from=criu /build/ /usr/local/
 ---> Using cache
 ---> 7d0356c23fbc
Step 85/94 : COPY --from=docker-py /build/ /docker-py
 ---> Using cache
 ---> 63b73380901e
Step 86/94 : RUN cd /docker-py 	&& pip install docker-pycreds==0.2.1 	&& pip install yamllint==1.5.0 	&& pip install -r test-requirements.txt
 ---> Using cache
 ---> 5535142e147e
Step 87/94 : ENV PATH=/usr/local/cli:$PATH
 ---> Using cache
 ---> bbca016d4fa4
Step 88/94 : ENV DOCKER_BUILDTAGS apparmor seccomp selinux
 ---> Using cache
 ---> 1965212ec6be
Step 89/94 : ENV GOMETALINTER_OPTS="--deadline=2m"
 ---> Using cache
 ---> b0a1c5257787
Step 90/94 : WORKDIR /go/src/github.com/docker/docker
 ---> Using cache
 ---> b3b46718d619
Step 91/94 : VOLUME /var/lib/docker
 ---> Using cache
 ---> 162e64bbf9c3
Step 92/94 : ENTRYPOINT ["hack/dind"]
 ---> Using cache
 ---> 43a2089a7d0d
Step 93/94 : FROM dev AS final
 ---> 43a2089a7d0d
Step 94/94 : COPY . /go/src/github.com/docker/docker
 ---> 56cf5570e8b6
Successfully built 56cf5570e8b6
Successfully tagged docker:48a5bc4-exp

Removing bundles/

---> Making bundle: binary-daemon (in bundles/binary-daemon)
Building: bundles/binary-daemon/dockerd-dev
Created binary: bundles/binary-daemon/dockerd-dev
Copying nested executables into bundles/binary-daemon

---> Making bundle: test-integration (in bundles/test-integration)
Building test suite binary ./integration-cli/test.main
Building test suite binary ./integration/plugin/test.main
Building test suite binary ./integration/plugin/authz/test.main
Building test suite binary ./integration/plugin/logging/test.main
Building test suite binary ./integration/plugin/logging/cmd/test.main
Building test suite binary ./integration/plugin/logging/cmd/close_on_start/test.main
Building test suite binary ./integration/plugin/logging/cmd/dummy/test.main
Building test suite binary ./integration/plugin/common/test.main
Building test suite binary ./integration/plugin/volumes/test.main
Building test suite binary ./integration/plugin/volumes/cmd/test.main
Building test suite binary ./integration/plugin/volumes/cmd/dummy/test.main
Building test suite binary ./integration/plugin/graphdriver/test.main
Building test suite binary ./integration/config/test.main
Building test suite binary ./integration/service/test.main
Building test suite binary ./integration/network/test.main
Building test suite binary ./integration/network/ipvlan/test.main
Building test suite binary ./integration/network/macvlan/test.main
Building test suite binary ./integration/secret/test.main
Building test suite binary ./integration/session/test.main
Building test suite binary ./integration/container/test.main
Building test suite binary ./integration/build/test.main
Building test suite binary ./integration/volume/test.main
Building test suite binary ./integration/system/test.main
Building test suite binary ./integration/image/test.main
---> Making bundle: .integration-daemon-start (in bundles/test-integration)
Using test binary docker
# DOCKER_EXPERIMENTAL is set: starting daemon with experimental features enabled! 
/etc/init.d/apparmor: 130: /etc/init.d/apparmor: systemd-detect-virt: not found
Starting AppArmor profiles:Warning from stdin (line 1): /sbin/apparmor_parser: cannot use or update cache, disable, or force-complain via stdin
Warning failed to create cache: (null)
.
INFO: Waiting for daemon to start...
Starting dockerd
.
---> Making bundle: .integration-daemon-setup (in bundles/test-integration)
---> Making bundle: .ensure-emptyfs (in bundles/test-integration)
Error: No such image: emptyfs
Running integration-test (iteration 1)
Running /go/src/github.com/docker/docker/integration/plugin
testing: warning: no tests to run
PASS
Running /go/src/github.com/docker/docker/integration/plugin/authz
Loaded image: buildpack-deps:jessie
Loaded image: busybox:latest
Loaded image: busybox:glibc
Loaded image: debian:jessie
Loaded image: hello-world:latest
INFO: Testing against a local daemon
=== RUN   TestAuthZPluginAllowRequest
--- PASS: TestAuthZPluginAllowRequest (6.34s)
    daemon.go:296: [d63be57c019d2] waiting for daemon to start
    daemon.go:328: [d63be57c019d2] daemon started
    daemon.go:283: [d63be57c019d2] exiting daemon
=== RUN   TestAuthZPluginTLS
--- PASS: TestAuthZPluginTLS (2.59s)
    daemon.go:296: [de5c33cd7de80] waiting for daemon to start
    daemon.go:328: [de5c33cd7de80] daemon started
    daemon.go:283: [de5c33cd7de80] exiting daemon
=== RUN   TestAuthZPluginDenyRequest
--- PASS: TestAuthZPluginDenyRequest (1.22s)
    daemon.go:296: [de2070eb80428] waiting for daemon to start
    daemon.go:328: [de2070eb80428] daemon started
    daemon.go:283: [de2070eb80428] exiting daemon
=== RUN   TestAuthZPluginAPIDenyResponse
--- PASS: TestAuthZPluginAPIDenyResponse (0.52s)
    daemon.go:296: [dea837a45583c] waiting for daemon to start
    daemon.go:328: [dea837a45583c] daemon started
    daemon.go:283: [dea837a45583c] exiting daemon
=== RUN   TestAuthZPluginDenyResponse
--- PASS: TestAuthZPluginDenyResponse (0.52s)
    daemon.go:296: [d457efdda9812] waiting for daemon to start
    daemon.go:328: [d457efdda9812] daemon started
    daemon.go:283: [d457efdda9812] exiting daemon
=== RUN   TestAuthZPluginAllowEventStream
--- PASS: TestAuthZPluginAllowEventStream (1.23s)
    daemon.go:296: [d854f97c95271] waiting for daemon to start
    daemon.go:328: [d854f97c95271] daemon started
    daemon.go:283: [d854f97c95271] exiting daemon
=== RUN   TestAuthZPluginErrorResponse
--- PASS: TestAuthZPluginErrorResponse (0.53s)
    daemon.go:296: [d36006bad2faf] waiting for daemon to start
    daemon.go:328: [d36006bad2faf] daemon started
    daemon.go:283: [d36006bad2faf] exiting daemon
=== RUN   TestAuthZPluginErrorRequest
--- PASS: TestAuthZPluginErrorRequest (0.52s)
    daemon.go:296: [ddb1a29f58b00] waiting for daemon to start
    daemon.go:328: [ddb1a29f58b00] daemon started
    daemon.go:283: [ddb1a29f58b00] exiting daemon
=== RUN   TestAuthZPluginEnsureNoDuplicatePluginRegistration
--- PASS: TestAuthZPluginEnsureNoDuplicatePluginRegistration (0.53s)
    daemon.go:296: [d3ab6c0babef2] waiting for daemon to start
    daemon.go:328: [d3ab6c0babef2] daemon started
    daemon.go:283: [d3ab6c0babef2] exiting daemon
=== RUN   TestAuthZPluginEnsureLoadImportWorking
--- PASS: TestAuthZPluginEnsureLoadImportWorking (1.42s)
    daemon.go:296: [d5f43276c7d1c] waiting for daemon to start
    daemon.go:328: [d5f43276c7d1c] daemon started
    daemon.go:283: [d5f43276c7d1c] exiting daemon
=== RUN   TestAuthzPluginEnsureContainerCopyToFrom
--- PASS: TestAuthzPluginEnsureContainerCopyToFrom (1.50s)
    daemon.go:296: [da3864bbe4e69] waiting for daemon to start
    daemon.go:328: [da3864bbe4e69] daemon started
    daemon.go:283: [da3864bbe4e69] exiting daemon
=== RUN   TestAuthZPluginHeader
--- PASS: TestAuthZPluginHeader (0.71s)
    daemon.go:296: [d2949678863ef] waiting for daemon to start
    daemon.go:328: [d2949678863ef] daemon started
    daemon.go:283: [d2949678863ef] exiting daemon
=== RUN   TestAuthZPluginV2AllowNonVolumeRequest
--- PASS: TestAuthZPluginV2AllowNonVolumeRequest (6.53s)
    daemon.go:296: [d8be663f7c983] waiting for daemon to start
    daemon.go:328: [d8be663f7c983] daemon started
    daemon.go:283: [d8be663f7c983] exiting daemon
    daemon.go:296: [d8be663f7c983] waiting for daemon to start
    daemon.go:328: [d8be663f7c983] daemon started
    daemon.go:283: [d8be663f7c983] exiting daemon
=== RUN   TestAuthZPluginV2Disable
--- PASS: TestAuthZPluginV2Disable (6.39s)
    daemon.go:296: [dd2f05122f73b] waiting for daemon to start
    daemon.go:328: [dd2f05122f73b] daemon started
    daemon.go:283: [dd2f05122f73b] exiting daemon
    daemon.go:296: [dd2f05122f73b] waiting for daemon to start
    daemon.go:328: [dd2f05122f73b] daemon started
    daemon.go:283: [dd2f05122f73b] exiting daemon
=== RUN   TestAuthZPluginV2RejectVolumeRequests
--- PASS: TestAuthZPluginV2RejectVolumeRequests (5.89s)
    daemon.go:296: [d2654fea7b945] waiting for daemon to start
    daemon.go:328: [d2654fea7b945] daemon started
    daemon.go:283: [d2654fea7b945] exiting daemon
    daemon.go:296: [d2654fea7b945] waiting for daemon to start
    daemon.go:328: [d2654fea7b945] daemon started
    daemon.go:283: [d2654fea7b945] exiting daemon
=== RUN   TestAuthZPluginV2BadManifestFailsDaemonStart
--- PASS: TestAuthZPluginV2BadManifestFailsDaemonStart (13.73s)
    daemon.go:296: [d336bf235ff84] waiting for daemon to start
    daemon.go:328: [d336bf235ff84] daemon started
    daemon.go:283: [d336bf235ff84] exiting daemon
    daemon.go:296: [d336bf235ff84] waiting for daemon to start
    daemon.go:296: [d336bf235ff84] waiting for daemon to start
    daemon.go:283: [d336bf235ff84] exiting daemon
    daemon.go:296: [d336bf235ff84] waiting for daemon to start
    daemon.go:328: [d336bf235ff84] daemon started
    daemon.go:283: [d336bf235ff84] exiting daemon
=== RUN   TestAuthZPluginV2NonexistentFailsDaemonStart
--- PASS: TestAuthZPluginV2NonexistentFailsDaemonStart (16.50s)
    daemon.go:296: [d31e1503f2a4f] waiting for daemon to start
    daemon.go:328: [d31e1503f2a4f] daemon started
    daemon.go:283: [d31e1503f2a4f] exiting daemon
    daemon.go:296: [d31e1503f2a4f] waiting for daemon to start
    daemon.go:296: [d31e1503f2a4f] waiting for daemon to start
    daemon.go:296: [d31e1503f2a4f] waiting for daemon to start
    daemon.go:328: [d31e1503f2a4f] daemon started
    daemon.go:283: [d31e1503f2a4f] exiting daemon
PASS
Running /go/src/github.com/docker/docker/integration/plugin/logging
INFO: Testing against a local daemon
=== RUN   TestContinueAfterPluginCrash
=== PAUSE TestContinueAfterPluginCrash
=== RUN   TestDaemonStartWithLogOpt
=== PAUSE TestDaemonStartWithLogOpt
=== CONT  TestContinueAfterPluginCrash
=== CONT  TestDaemonStartWithLogOpt
--- PASS: TestDaemonStartWithLogOpt (13.30s)
    daemon.go:296: [d3f33dfae6a66] waiting for daemon to start
    daemon.go:328: [d3f33dfae6a66] daemon started
    daemon.go:283: [d3f33dfae6a66] exiting daemon
    daemon.go:296: [d3f33dfae6a66] waiting for daemon to start
    daemon.go:328: [d3f33dfae6a66] daemon started
    daemon.go:283: [d3f33dfae6a66] exiting daemon
--- PASS: TestContinueAfterPluginCrash (18.71s)
    daemon.go:296: [dd40617312563] waiting for daemon to start
    daemon.go:328: [dd40617312563] daemon started
    daemon.go:283: [dd40617312563] exiting daemon
PASS
Running /go/src/github.com/docker/docker/integration/plugin/logging/cmd
testing: warning: no tests to run
PASS
Running /go/src/github.com/docker/docker/integration/plugin/logging/cmd/close_on_start
testing: warning: no tests to run
PASS
Running /go/src/github.com/docker/docker/integration/plugin/logging/cmd/dummy
testing: warning: no tests to run
PASS
Running /go/src/github.com/docker/docker/integration/plugin/common
INFO: Testing against a local daemon
=== RUN   TestPluginInvalidJSON
=== RUN   TestPluginInvalidJSON//plugins/foobar/set
=== PAUSE TestPluginInvalidJSON//plugins/foobar/set
=== CONT  TestPluginInvalidJSON//plugins/foobar/set
--- PASS: TestPluginInvalidJSON (0.01s)
    --- PASS: TestPluginInvalidJSON//plugins/foobar/set (0.00s)
PASS
Running /go/src/github.com/docker/docker/integration/plugin/volumes
INFO: Testing against a local daemon
=== RUN   TestPluginWithDevMounts
=== PAUSE TestPluginWithDevMounts
=== CONT  TestPluginWithDevMounts
--- PASS: TestPluginWithDevMounts (1.74s)
    daemon.go:296: [d0d76e6f563a9] waiting for daemon to start
    daemon.go:328: [d0d76e6f563a9] daemon started
    daemon.go:283: [d0d76e6f563a9] exiting daemon
PASS
Running /go/src/github.com/docker/docker/integration/plugin/volumes/cmd
testing: warning: no tests to run
PASS
Running /go/src/github.com/docker/docker/integration/plugin/volumes/cmd/dummy
testing: warning: no tests to run
PASS
Running /go/src/github.com/docker/docker/integration/plugin/graphdriver
INFO: Testing against a local daemon
=== RUN   TestExternalGraphDriver
=== RUN   TestExternalGraphDriver/json
=== RUN   TestExternalGraphDriver/spec
=== RUN   TestExternalGraphDriver/pull
--- PASS: TestExternalGraphDriver (6.86s)
    daemon.go:296: [d9540ddfcd842] waiting for daemon to start
    daemon.go:328: [d9540ddfcd842] daemon started
    daemon.go:283: [d9540ddfcd842] exiting daemon
    daemon.go:296: [d9540ddfcd842] waiting for daemon to start
    daemon.go:328: [d9540ddfcd842] daemon started
    daemon.go:283: [d9540ddfcd842] exiting daemon
    --- PASS: TestExternalGraphDriver/json (1.68s)
    daemon.go:296: [d9540ddfcd842] waiting for daemon to start
    daemon.go:328: [d9540ddfcd842] daemon started
    daemon.go:283: [d9540ddfcd842] exiting daemon
    daemon.go:296: [d9540ddfcd842] waiting for daemon to start
    daemon.go:328: [d9540ddfcd842] daemon started
    daemon.go:283: [d9540ddfcd842] exiting daemon
    --- PASS: TestExternalGraphDriver/spec (1.70s)
    daemon.go:296: [d9540ddfcd842] waiting for daemon to start
    daemon.go:328: [d9540ddfcd842] daemon started
    daemon.go:283: [d9540ddfcd842] exiting daemon
    --- PASS: TestExternalGraphDriver/pull (3.07s)
=== RUN   TestGraphdriverPluginV2
--- PASS: TestGraphdriverPluginV2 (6.59s)
    daemon.go:296: [dcd8d9e5c17f2] waiting for daemon to start
    daemon.go:328: [dcd8d9e5c17f2] daemon started
    daemon.go:283: [dcd8d9e5c17f2] exiting daemon
    daemon.go:296: [dcd8d9e5c17f2] waiting for daemon to start
    daemon.go:328: [dcd8d9e5c17f2] daemon started
    daemon.go:283: [dcd8d9e5c17f2] exiting daemon
PASS
Running /go/src/github.com/docker/docker/integration/config
INFO: Testing against a local daemon
=== RUN   TestConfigList
--- PASS: TestConfigList (2.10s)
    daemon.go:296: [d433e0c8cc24f] waiting for daemon to start
    daemon.go:328: [d433e0c8cc24f] daemon started
    daemon.go:283: [d433e0c8cc24f] exiting daemon
=== RUN   TestConfigsCreateAndDelete
--- PASS: TestConfigsCreateAndDelete (2.13s)
    daemon.go:296: [dd977217cf676] waiting for daemon to start
    daemon.go:328: [dd977217cf676] daemon started
    daemon.go:283: [dd977217cf676] exiting daemon
=== RUN   TestConfigsUpdate
--- PASS: TestConfigsUpdate (2.13s)
    daemon.go:296: [dd9a9284168a7] waiting for daemon to start
    daemon.go:328: [dd9a9284168a7] daemon started
    daemon.go:283: [dd9a9284168a7] exiting daemon
=== RUN   TestTemplatedConfig
--- PASS: TestTemplatedConfig (2.52s)
    daemon.go:296: [d034e7f92e73f] waiting for daemon to start
    daemon.go:328: [d034e7f92e73f] daemon started
    daemon.go:283: [d034e7f92e73f] exiting daemon
=== RUN   TestConfigInspect
--- PASS: TestConfigInspect (2.02s)
    daemon.go:296: [d97d61595ce93] waiting for daemon to start
    daemon.go:328: [d97d61595ce93] daemon started
    daemon.go:283: [d97d61595ce93] exiting daemon
=== RUN   TestConfigCreateWithLabels
--- PASS: TestConfigCreateWithLabels (2.06s)
    daemon.go:296: [d53bd161d8ba6] waiting for daemon to start
    daemon.go:328: [d53bd161d8ba6] daemon started
    daemon.go:283: [d53bd161d8ba6] exiting daemon
=== RUN   TestConfigCreateResolve
--- PASS: TestConfigCreateResolve (2.12s)
    daemon.go:296: [d4cdaaf89f267] waiting for daemon to start
    daemon.go:328: [d4cdaaf89f267] daemon started
    daemon.go:283: [d4cdaaf89f267] exiting daemon
PASS
Running /go/src/github.com/docker/docker/integration/service
INFO: Testing against a local daemon
=== RUN   TestServiceCreateInit
=== RUN   TestServiceCreateInit/daemonInitDisabled
=== RUN   TestServiceCreateInit/daemonInitEnabled
--- PASS: TestServiceCreateInit (7.83s)
    --- PASS: TestServiceCreateInit/daemonInitDisabled (3.92s)
        daemon.go:296: [d027dd094f692] waiting for daemon to start
        daemon.go:328: [d027dd094f692] daemon started
        daemon.go:283: [d027dd094f692] exiting daemon
    --- PASS: TestServiceCreateInit/daemonInitEnabled (3.91s)
        daemon.go:296: [d99148d293fbf] waiting for daemon to start
        daemon.go:328: [d99148d293fbf] daemon started
        daemon.go:283: [d99148d293fbf] exiting daemon
=== RUN   TestCreateServiceMultipleTimes
--- PASS: TestCreateServiceMultipleTimes (24.07s)
    daemon.go:296: [dacce4d7b2441] waiting for daemon to start
    daemon.go:328: [dacce4d7b2441] daemon started
    daemon.go:283: [dacce4d7b2441] exiting daemon
=== RUN   TestCreateServiceConflict
--- PASS: TestCreateServiceConflict (2.18s)
    daemon.go:296: [d6cc54c7413db] waiting for daemon to start
    daemon.go:328: [d6cc54c7413db] daemon started
    daemon.go:283: [d6cc54c7413db] exiting daemon
=== RUN   TestCreateServiceMaxReplicas
--- PASS: TestCreateServiceMaxReplicas (2.95s)
    daemon.go:296: [d1b7701cb8af0] waiting for daemon to start
    daemon.go:328: [d1b7701cb8af0] daemon started
    daemon.go:283: [d1b7701cb8af0] exiting daemon
=== RUN   TestCreateWithDuplicateNetworkNames
--- PASS: TestCreateWithDuplicateNetworkNames (12.94s)
    daemon.go:296: [d33c3b2a9e656] waiting for daemon to start
    daemon.go:328: [d33c3b2a9e656] daemon started
    daemon.go:283: [d33c3b2a9e656] exiting daemon
=== RUN   TestCreateServiceSecretFileMode
--- PASS: TestCreateServiceSecretFileMode (2.65s)
    daemon.go:296: [d46c6f6f4cda5] waiting for daemon to start
    daemon.go:328: [d46c6f6f4cda5] daemon started
    daemon.go:283: [d46c6f6f4cda5] exiting daemon
=== RUN   TestCreateServiceConfigFileMode
--- PASS: TestCreateServiceConfigFileMode (2.64s)
    daemon.go:296: [d319ba893ad97] waiting for daemon to start
    daemon.go:328: [d319ba893ad97] daemon started
    daemon.go:283: [d319ba893ad97] exiting daemon
=== RUN   TestCreateServiceSysctls
--- PASS: TestCreateServiceSysctls (3.36s)
    daemon.go:296: [d4794d87a5bd0] waiting for daemon to start
    daemon.go:328: [d4794d87a5bd0] daemon started
    daemon.go:283: [d4794d87a5bd0] exiting daemon
=== RUN   TestInspect
--- PASS: TestInspect (2.15s)
    daemon.go:296: [d50c6b35ada0c] waiting for daemon to start
    daemon.go:328: [d50c6b35ada0c] daemon started
    daemon.go:283: [d50c6b35ada0c] exiting daemon
=== RUN   TestDockerNetworkConnectAlias
--- PASS: TestDockerNetworkConnectAlias (3.95s)
    daemon.go:296: [d92a9b04ccd14] waiting for daemon to start
    daemon.go:328: [d92a9b04ccd14] daemon started
    daemon.go:283: [d92a9b04ccd14] exiting daemon
=== RUN   TestServicePlugin
--- PASS: TestServicePlugin (34.82s)
    daemon.go:296: [d489ba8ae683d] waiting for daemon to start
    daemon.go:328: [d489ba8ae683d] daemon started
    daemon.go:283: [d489ba8ae683d] exiting daemon
    daemon.go:296: [da44073f0e90e] waiting for daemon to start
    daemon.go:328: [da44073f0e90e] daemon started
    daemon.go:296: [d1ca46c26bdb5] waiting for daemon to start
    daemon.go:328: [d1ca46c26bdb5] daemon started
    daemon.go:296: [d90f96ad78132] waiting for daemon to start
    daemon.go:328: [d90f96ad78132] daemon started
    daemon.go:283: [d90f96ad78132] exiting daemon
    daemon.go:283: [d1ca46c26bdb5] exiting daemon
    daemon.go:283: [da44073f0e90e] exiting daemon
=== RUN   TestServiceUpdateLabel
--- PASS: TestServiceUpdateLabel (2.12s)
    daemon.go:296: [df0482edad668] waiting for daemon to start
    daemon.go:328: [df0482edad668] daemon started
    daemon.go:283: [df0482edad668] exiting daemon
=== RUN   TestServiceUpdateSecrets
--- PASS: TestServiceUpdateSecrets (2.14s)
    daemon.go:296: [d072addb556e5] waiting for daemon to start
    daemon.go:328: [d072addb556e5] daemon started
    daemon.go:283: [d072addb556e5] exiting daemon
=== RUN   TestServiceUpdateConfigs
--- FAIL: TestServiceUpdateConfigs (2.14s)
    daemon.go:296: [db86635f2965c] waiting for daemon to start
    daemon.go:328: [db86635f2965c] daemon started
    update_test.go:188: assertion failed: error is not nil: Error response from daemon: rpc error: code = Unknown desc = update out of sequence
    daemon.go:283: [db86635f2965c] exiting daemon
FAIL
---> Making bundle: .integration-daemon-stop (in bundles/test-integration)
Clearing AppArmor profiles cache:.
All profile caches have been cleared, but no profiles have been unloaded.
Unloading profiles will leave already running processes permanently
unconfined, which can lead to unexpected situations.

To set a process to complain mode, use the command line tool
'aa-complain'. To really tear down all profiles, run the init script
with the 'teardown' option."
Removing test suite binaries
Build step 'Execute shell' marked build as failure
Set build name.
New build name is '#38465'
[PostBuildScript] - Executing post build scripts.
[Docker-PRs-experimental] $ /bin/sh -xe /tmp/jenkins6003917068322339111.sh
+ echo Ensuring container killed.
Ensuring container killed.
+ docker rm -vf docker-pr-exp43570
Error: No such container: docker-pr-exp43570
+ true
+ echo Chowning /workspace to jenkins user
Chowning /workspace to jenkins user
+ id -u
+ id -g
+ docker run --rm -v /home/ubuntu/workspace/Docker-PRs-experimental:/workspace busybox chown -R 1000:1000 /workspace
[Docker-PRs-experimental] $ /bin/sh -xe /tmp/jenkins5648221377213651001.sh
+ echo Creating bundles.tar.gz
Creating bundles.tar.gz
+ xargs tar -czf bundles.tar.gz
+ find bundles -name *.log
Archiving artifacts
Notifying endpoint with url 'https://leeroy.dockerproject.org/notification/jenkins'
[WS-CLEANUP] Deleting project workspace...[WS-CLEANUP] done
Finished: FAILURE
