Started by user Gordon
Notifying endpoint with url 'https://leeroy.dockerproject.org/notification/jenkins'
[EnvInject] - Loading node environment variables.
Building remotely on ubuntu-1604-aufs-stable (i-0c45757a1f9d40c70) (docker-edge ubuntu aufs docker-stable docker ubuntu-1604-aufs-edge x86_64 ec2 linux ubuntu-1604-aufs ubuntu-1604 amd64 ubuntu-1604-aufs-stable us-west-2) in workspace /home/ubuntu/workspace/Docker-PRs-experimental
Wiping out workspace first.
Cloning the remote Git repository
Cloning repository https://github.com/moby/moby.git
 > git init /home/ubuntu/workspace/Docker-PRs-experimental # timeout=10
Fetching upstream changes from https://github.com/moby/moby.git
 > git --version # timeout=10
 > git fetch --tags --progress https://github.com/moby/moby.git +refs/heads/*:refs/remotes/origin/*
 > git config remote.origin.url https://github.com/moby/moby.git # timeout=10
 > git config --add remote.origin.fetch +refs/heads/*:refs/remotes/origin/* # timeout=10
 > git config remote.origin.url https://github.com/moby/moby.git # timeout=10
Fetching upstream changes from https://github.com/moby/moby.git
 > git fetch --tags --progress https://github.com/moby/moby.git +refs/heads/*:refs/remotes/origin/*
 > git rev-parse origin/master^{commit} # timeout=10
Checking out Revision de640c9f4932d851316a0a72470c4d3446f6f5ac (origin/master)
 > git config core.sparsecheckout # timeout=10
 > git checkout -f de640c9f4932d851316a0a72470c4d3446f6f5ac
Commit message: "Merge pull request #38038 from AkihiroSuda/ubuntu-overlayfs"
 > git rev-list --no-walk de640c9f4932d851316a0a72470c4d3446f6f5ac # timeout=10
Set build name.
New build name is '#38474'
[Docker-PRs-experimental] $ /bin/bash /tmp/jenkins890791572381754178.sh
From https://github.com/moby/moby
 * [new ref]         refs/pull/38474/head -> origin/pr/38474
Updating de640c9..c207f60
Fast-forward
 integration/service/update_test.go | 23 ++++++++++++++++++++++-
 1 file changed, 22 insertions(+), 1 deletion(-)
Sending build context to Docker daemon  45.11MB
Step 1/94 : FROM golang:1.11.4 AS base
 ---> 343df9d12b7b
Step 2/94 : ARG APT_MIRROR=deb.debian.org
 ---> Using cache
 ---> 388dd5cb4364
Step 3/94 : RUN sed -ri "s/(httpredir|deb).debian.org/$APT_MIRROR/g" /etc/apt/sources.list
 ---> Using cache
 ---> 9111d2100f61
Step 4/94 : FROM base AS criu
 ---> 9111d2100f61
Step 5/94 : ENV CRIU_VERSION 3.6
 ---> Using cache
 ---> 362794149a3b
Step 6/94 : RUN apt-get update && apt-get install -y 	libnet-dev 	libprotobuf-c0-dev 	libprotobuf-dev 	libnl-3-dev 	libcap-dev 	protobuf-compiler 	protobuf-c-compiler 	python-protobuf 	&& mkdir -p /usr/src/criu 	&& curl -sSL https://github.com/checkpoint-restore/criu/archive/v${CRIU_VERSION}.tar.gz | tar -C /usr/src/criu/ -xz --strip-components=1 	&& cd /usr/src/criu 	&& make 	&& make PREFIX=/build/ install-criu
 ---> Using cache
 ---> 9ef530cc6d21
Step 7/94 : FROM base AS registry
 ---> 9111d2100f61
Step 8/94 : ENV REGISTRY_COMMIT_SCHEMA1 ec87e9b6971d831f0eff752ddb54fb64693e51cd
 ---> Using cache
 ---> 845e725e75ba
Step 9/94 : ENV REGISTRY_COMMIT 47a064d4195a9b56133891bbb13620c3ac83a827
 ---> Using cache
 ---> c1fed51fb23c
Step 10/94 : RUN set -x 	&& export GOPATH="$(mktemp -d)" 	&& git clone https://github.com/docker/distribution.git "$GOPATH/src/github.com/docker/distribution" 	&& (cd "$GOPATH/src/github.com/docker/distribution" && git checkout -q "$REGISTRY_COMMIT") 	&& GOPATH="$GOPATH/src/github.com/docker/distribution/Godeps/_workspace:$GOPATH" 		go build -buildmode=pie -o /build/registry-v2 github.com/docker/distribution/cmd/registry 	&& case $(dpkg --print-architecture) in 		amd64|ppc64*|s390x) 		(cd "$GOPATH/src/github.com/docker/distribution" && git checkout -q "$REGISTRY_COMMIT_SCHEMA1"); 		GOPATH="$GOPATH/src/github.com/docker/distribution/Godeps/_workspace:$GOPATH"; 			go build -buildmode=pie -o /build/registry-v2-schema1 github.com/docker/distribution/cmd/registry; 		;; 	   esac 	&& rm -rf "$GOPATH"
 ---> Using cache
 ---> 12d845dd9f13
Step 11/94 : FROM base AS docker-py
 ---> 9111d2100f61
Step 12/94 : ENV DOCKER_PY_COMMIT 8b246db271a85d6541dc458838627e89c683e42f
 ---> Using cache
 ---> c27227d20e9e
Step 13/94 : RUN git clone https://github.com/docker/docker-py.git /build 	&& cd /build 	&& git checkout -q $DOCKER_PY_COMMIT
 ---> Using cache
 ---> 2728ffc660a9
Step 14/94 : FROM base AS swagger
 ---> 9111d2100f61
Step 15/94 : ENV GO_SWAGGER_COMMIT c28258affb0b6251755d92489ef685af8d4ff3eb
 ---> Using cache
 ---> f7788cb7783b
Step 16/94 : RUN set -x 	&& export GOPATH="$(mktemp -d)" 	&& git clone https://github.com/go-swagger/go-swagger.git "$GOPATH/src/github.com/go-swagger/go-swagger" 	&& (cd "$GOPATH/src/github.com/go-swagger/go-swagger" && git checkout -q "$GO_SWAGGER_COMMIT") 	&& go build -o /build/swagger github.com/go-swagger/go-swagger/cmd/swagger 	&& rm -rf "$GOPATH"
 ---> Using cache
 ---> 8f14e2217681
Step 17/94 : FROM base AS frozen-images
 ---> 9111d2100f61
Step 18/94 : RUN apt-get update && apt-get install -y jq ca-certificates --no-install-recommends
 ---> Using cache
 ---> 1552fe7078f4
Step 19/94 : COPY contrib/download-frozen-image-v2.sh /
 ---> Using cache
 ---> cd1d81f64af6
Step 20/94 : RUN /download-frozen-image-v2.sh /build 	buildpack-deps:jessie@sha256:dd86dced7c9cd2a724e779730f0a53f93b7ef42228d4344b25ce9a42a1486251 	busybox:latest@sha256:bbc3a03235220b170ba48a157dd097dd1379299370e1ed99ce976df0355d24f0 	busybox:glibc@sha256:0b55a30394294ab23b9afd58fab94e61a923f5834fba7ddbae7f8e0c11ba85e6 	debian:jessie@sha256:287a20c5f73087ab406e6b364833e3fb7b3ae63ca0eb3486555dc27ed32c6e60 	hello-world:latest@sha256:be0cd392e45be79ffeffa6b05338b98ebb16c87b255f48e297ec7f98e123905c
 ---> Using cache
 ---> 505e6816be17
Step 21/94 : FROM base AS runtime-dev
 ---> 9111d2100f61
Step 22/94 : RUN apt-get update && apt-get install -y 	libapparmor-dev 	libseccomp-dev
 ---> Using cache
 ---> 80b6e117cb50
Step 23/94 : FROM base AS tomlv
 ---> 9111d2100f61
Step 24/94 : ENV INSTALL_BINARY_NAME=tomlv
 ---> Using cache
 ---> 40f3e0f646cb
Step 25/94 : COPY hack/dockerfile/install/install.sh ./install.sh
 ---> Using cache
 ---> b7269c425093
Step 26/94 : COPY hack/dockerfile/install/$INSTALL_BINARY_NAME.installer ./
 ---> Using cache
 ---> 828c60f52465
Step 27/94 : RUN PREFIX=/build ./install.sh $INSTALL_BINARY_NAME
 ---> Using cache
 ---> fe80977fac2f
Step 28/94 : FROM base AS vndr
 ---> 9111d2100f61
Step 29/94 : ENV INSTALL_BINARY_NAME=vndr
 ---> Using cache
 ---> daee200702fa
Step 30/94 : COPY hack/dockerfile/install/install.sh ./install.sh
 ---> Using cache
 ---> 3f959c9fa08e
Step 31/94 : COPY hack/dockerfile/install/$INSTALL_BINARY_NAME.installer ./
 ---> Using cache
 ---> bfc55914ebf4
Step 32/94 : RUN PREFIX=/build ./install.sh $INSTALL_BINARY_NAME
 ---> Using cache
 ---> dfbfcc96dd2f
Step 33/94 : FROM base AS containerd
 ---> 9111d2100f61
Step 34/94 : RUN apt-get update && apt-get install -y btrfs-tools
 ---> Using cache
 ---> 8d4fbb4d5019
Step 35/94 : ENV INSTALL_BINARY_NAME=containerd
 ---> Using cache
 ---> 11376fc94305
Step 36/94 : COPY hack/dockerfile/install/install.sh ./install.sh
 ---> Using cache
 ---> e6ab3b5fb244
Step 37/94 : COPY hack/dockerfile/install/$INSTALL_BINARY_NAME.installer ./
 ---> Using cache
 ---> 5f1486f5aa71
Step 38/94 : RUN PREFIX=/build ./install.sh $INSTALL_BINARY_NAME
 ---> Using cache
 ---> 83e54ebd6eed
Step 39/94 : FROM base AS proxy
 ---> 9111d2100f61
Step 40/94 : ENV INSTALL_BINARY_NAME=proxy
 ---> Using cache
 ---> b554ef5a324e
Step 41/94 : COPY hack/dockerfile/install/install.sh ./install.sh
 ---> Using cache
 ---> ed9565a039ae
Step 42/94 : COPY hack/dockerfile/install/$INSTALL_BINARY_NAME.installer ./
 ---> Using cache
 ---> 449ffefaf2e9
Step 43/94 : RUN PREFIX=/build ./install.sh $INSTALL_BINARY_NAME
 ---> Using cache
 ---> eb9b4606e9be
Step 44/94 : FROM base AS gometalinter
 ---> 9111d2100f61
Step 45/94 : ENV INSTALL_BINARY_NAME=gometalinter
 ---> Using cache
 ---> fbc146f2ba04
Step 46/94 : COPY hack/dockerfile/install/install.sh ./install.sh
 ---> Using cache
 ---> c21288c0393a
Step 47/94 : COPY hack/dockerfile/install/$INSTALL_BINARY_NAME.installer ./
 ---> Using cache
 ---> 5ec0ae725a75
Step 48/94 : RUN PREFIX=/build ./install.sh $INSTALL_BINARY_NAME
 ---> Using cache
 ---> 45385f9250dd
Step 49/94 : FROM base AS dockercli
 ---> 9111d2100f61
Step 50/94 : ENV INSTALL_BINARY_NAME=dockercli
 ---> Using cache
 ---> 6854ae26ba2a
Step 51/94 : COPY hack/dockerfile/install/install.sh ./install.sh
 ---> Using cache
 ---> 3c11957ab5e3
Step 52/94 : COPY hack/dockerfile/install/$INSTALL_BINARY_NAME.installer ./
 ---> Using cache
 ---> c54f269750d9
Step 53/94 : RUN PREFIX=/build ./install.sh $INSTALL_BINARY_NAME
 ---> Using cache
 ---> 286afde55d8e
Step 54/94 : FROM runtime-dev AS runc
 ---> 80b6e117cb50
Step 55/94 : ENV INSTALL_BINARY_NAME=runc
 ---> Using cache
 ---> 7ff265c83a51
Step 56/94 : COPY hack/dockerfile/install/install.sh ./install.sh
 ---> Using cache
 ---> e7f119156ffe
Step 57/94 : COPY hack/dockerfile/install/$INSTALL_BINARY_NAME.installer ./
 ---> Using cache
 ---> 87ce2ab6b8ae
Step 58/94 : RUN PREFIX=/build ./install.sh $INSTALL_BINARY_NAME
 ---> Using cache
 ---> ddf47e8f17b3
Step 59/94 : FROM base AS tini
 ---> 9111d2100f61
Step 60/94 : RUN apt-get update && apt-get install -y cmake vim-common
 ---> Using cache
 ---> bd7dda8dadf5
Step 61/94 : COPY hack/dockerfile/install/install.sh ./install.sh
 ---> Using cache
 ---> 2ecb966eb6c0
Step 62/94 : ENV INSTALL_BINARY_NAME=tini
 ---> Using cache
 ---> d70b3eabe6c3
Step 63/94 : COPY hack/dockerfile/install/$INSTALL_BINARY_NAME.installer ./
 ---> Using cache
 ---> 13cf0a6395c7
Step 64/94 : RUN PREFIX=/build ./install.sh $INSTALL_BINARY_NAME
 ---> Using cache
 ---> 6cb592d6221b
Step 65/94 : FROM runtime-dev AS dev
 ---> 80b6e117cb50
Step 66/94 : RUN groupadd -r docker
 ---> Using cache
 ---> ca28399a8787
Step 67/94 : RUN useradd --create-home --gid docker unprivilegeduser
 ---> Using cache
 ---> 83f10c43d3b3
Step 68/94 : RUN ln -sfv /go/src/github.com/docker/docker/.bashrc ~/.bashrc
 ---> Using cache
 ---> 477d73f301e6
Step 69/94 : RUN echo "source /usr/share/bash-completion/bash_completion" >> /etc/bash.bashrc
 ---> Using cache
 ---> 4b81a276261f
Step 70/94 : RUN ln -s /usr/local/completion/bash/docker /etc/bash_completion.d/docker
 ---> Using cache
 ---> 75f432e22fd5
Step 71/94 : RUN ldconfig
 ---> Using cache
 ---> 7b4a7b58e1ee
Step 72/94 : RUN apt-get update && apt-get install -y 	apparmor 	aufs-tools 	bash-completion 	btrfs-tools 	iptables 	jq 	libcap2-bin 	libdevmapper-dev 	libudev-dev 	libsystemd-dev 	binutils-mingw-w64 	g++-mingw-w64-x86-64 	net-tools 	pigz 	python-backports.ssl-match-hostname 	python-dev 	python-mock 	python-pip 	python-requests 	python-setuptools 	python-websocket 	python-wheel 	thin-provisioning-tools 	vim 	vim-common 	xfsprogs 	zip 	bzip2 	xz-utils 	--no-install-recommends
 ---> Using cache
 ---> e4c400c07958
Step 73/94 : COPY --from=swagger /build/swagger* /usr/local/bin/
 ---> Using cache
 ---> 6f71c73836e5
Step 74/94 : COPY --from=frozen-images /build/ /docker-frozen-images
 ---> Using cache
 ---> 2afbe9e30975
Step 75/94 : COPY --from=gometalinter /build/ /usr/local/bin/
 ---> Using cache
 ---> 33b01df36a73
Step 76/94 : COPY --from=tomlv /build/ /usr/local/bin/
 ---> Using cache
 ---> c5c4e5799e9f
Step 77/94 : COPY --from=vndr /build/ /usr/local/bin/
 ---> Using cache
 ---> e6a5be28168f
Step 78/94 : COPY --from=tini /build/ /usr/local/bin/
 ---> Using cache
 ---> d7e47bb35908
Step 79/94 : COPY --from=runc /build/ /usr/local/bin/
 ---> Using cache
 ---> e30ebf792417
Step 80/94 : COPY --from=containerd /build/ /usr/local/bin/
 ---> Using cache
 ---> a0eda209ba5e
Step 81/94 : COPY --from=proxy /build/ /usr/local/bin/
 ---> Using cache
 ---> 64b90c39e4e1
Step 82/94 : COPY --from=dockercli /build/ /usr/local/cli
 ---> Using cache
 ---> 7a4958c75264
Step 83/94 : COPY --from=registry /build/registry* /usr/local/bin/
 ---> Using cache
 ---> becb8203cf54
Step 84/94 : COPY --from=criu /build/ /usr/local/
 ---> Using cache
 ---> ac34fc2ca084
Step 85/94 : COPY --from=docker-py /build/ /docker-py
 ---> Using cache
 ---> bad793aad73f
Step 86/94 : RUN cd /docker-py 	&& pip install docker-pycreds==0.2.1 	&& pip install yamllint==1.5.0 	&& pip install -r test-requirements.txt
 ---> Using cache
 ---> 6fea28e0cada
Step 87/94 : ENV PATH=/usr/local/cli:$PATH
 ---> Using cache
 ---> 9dae04afbc0b
Step 88/94 : ENV DOCKER_BUILDTAGS apparmor seccomp selinux
 ---> Using cache
 ---> fe28e3cc714c
Step 89/94 : ENV GOMETALINTER_OPTS="--deadline=2m"
 ---> Using cache
 ---> e1bf60572eaf
Step 90/94 : WORKDIR /go/src/github.com/docker/docker
 ---> Using cache
 ---> 8edaee20534d
Step 91/94 : VOLUME /var/lib/docker
 ---> Using cache
 ---> d08bfd6d2e9b
Step 92/94 : ENTRYPOINT ["hack/dind"]
 ---> Using cache
 ---> 5900c93484e9
Step 93/94 : FROM dev AS final
 ---> 5900c93484e9
Step 94/94 : COPY . /go/src/github.com/docker/docker
 ---> be398164f305
Successfully built be398164f305
Successfully tagged docker:c207f60-exp

Removing bundles/

---> Making bundle: binary-daemon (in bundles/binary-daemon)
Building: bundles/binary-daemon/dockerd-dev
Created binary: bundles/binary-daemon/dockerd-dev
Copying nested executables into bundles/binary-daemon

---> Making bundle: test-integration (in bundles/test-integration)
Building test suite binary ./integration-cli/test.main
Building test suite binary ./integration/plugin/test.main
Building test suite binary ./integration/plugin/authz/test.main
Building test suite binary ./integration/plugin/logging/test.main
Building test suite binary ./integration/plugin/logging/cmd/test.main
Building test suite binary ./integration/plugin/logging/cmd/close_on_start/test.main
Building test suite binary ./integration/plugin/logging/cmd/dummy/test.main
Building test suite binary ./integration/plugin/common/test.main
Building test suite binary ./integration/plugin/volumes/test.main
Building test suite binary ./integration/plugin/volumes/cmd/test.main
Building test suite binary ./integration/plugin/volumes/cmd/dummy/test.main
Building test suite binary ./integration/plugin/graphdriver/test.main
Building test suite binary ./integration/config/test.main
Building test suite binary ./integration/service/test.main
Building test suite binary ./integration/network/test.main
Building test suite binary ./integration/network/ipvlan/test.main
Building test suite binary ./integration/network/macvlan/test.main
Building test suite binary ./integration/secret/test.main
Building test suite binary ./integration/session/test.main
Building test suite binary ./integration/container/test.main
Building test suite binary ./integration/build/test.main
Building test suite binary ./integration/volume/test.main
Building test suite binary ./integration/system/test.main
Building test suite binary ./integration/image/test.main
---> Making bundle: .integration-daemon-start (in bundles/test-integration)
Using test binary docker
# DOCKER_EXPERIMENTAL is set: starting daemon with experimental features enabled! 
/etc/init.d/apparmor: 130: /etc/init.d/apparmor: systemd-detect-virt: not found
Starting AppArmor profiles:Warning from stdin (line 1): /sbin/apparmor_parser: cannot use or update cache, disable, or force-complain via stdin
Warning failed to create cache: (null)
.
INFO: Waiting for daemon to start...
Starting dockerd
.
---> Making bundle: .integration-daemon-setup (in bundles/test-integration)
---> Making bundle: .ensure-emptyfs (in bundles/test-integration)
Error: No such image: emptyfs
Running integration-test (iteration 1)
Running /go/src/github.com/docker/docker/integration/plugin
testing: warning: no tests to run
PASS
Running /go/src/github.com/docker/docker/integration/plugin/authz
Loaded image: buildpack-deps:jessie
Loaded image: busybox:latest
Loaded image: busybox:glibc
Loaded image: debian:jessie
Loaded image: hello-world:latest
INFO: Testing against a local daemon
=== RUN   TestAuthZPluginAllowRequest
--- PASS: TestAuthZPluginAllowRequest (6.97s)
    daemon.go:296: [dc95a54b0214b] waiting for daemon to start
    daemon.go:328: [dc95a54b0214b] daemon started
    daemon.go:283: [dc95a54b0214b] exiting daemon
=== RUN   TestAuthZPluginTLS
--- PASS: TestAuthZPluginTLS (2.83s)
    daemon.go:296: [df6bae4d1d738] waiting for daemon to start
    daemon.go:328: [df6bae4d1d738] daemon started
    daemon.go:283: [df6bae4d1d738] exiting daemon
=== RUN   TestAuthZPluginDenyRequest
--- PASS: TestAuthZPluginDenyRequest (1.10s)
    daemon.go:296: [ddaf74b18ff8b] waiting for daemon to start
    daemon.go:328: [ddaf74b18ff8b] daemon started
    daemon.go:283: [ddaf74b18ff8b] exiting daemon
=== RUN   TestAuthZPluginAPIDenyResponse
--- PASS: TestAuthZPluginAPIDenyResponse (0.52s)
    daemon.go:296: [dc6462a4e86ed] waiting for daemon to start
    daemon.go:328: [dc6462a4e86ed] daemon started
    daemon.go:283: [dc6462a4e86ed] exiting daemon
=== RUN   TestAuthZPluginDenyResponse
--- PASS: TestAuthZPluginDenyResponse (0.52s)
    daemon.go:296: [d35b2ccdb2f0a] waiting for daemon to start
    daemon.go:328: [d35b2ccdb2f0a] daemon started
    daemon.go:283: [d35b2ccdb2f0a] exiting daemon
=== RUN   TestAuthZPluginAllowEventStream
--- PASS: TestAuthZPluginAllowEventStream (1.25s)
    daemon.go:296: [dda2871dcafd1] waiting for daemon to start
    daemon.go:328: [dda2871dcafd1] daemon started
    daemon.go:283: [dda2871dcafd1] exiting daemon
=== RUN   TestAuthZPluginErrorResponse
--- PASS: TestAuthZPluginErrorResponse (0.52s)
    daemon.go:296: [d176cb880f56a] waiting for daemon to start
    daemon.go:328: [d176cb880f56a] daemon started
    daemon.go:283: [d176cb880f56a] exiting daemon
=== RUN   TestAuthZPluginErrorRequest
--- PASS: TestAuthZPluginErrorRequest (0.52s)
    daemon.go:296: [de59ffd4be0e4] waiting for daemon to start
    daemon.go:328: [de59ffd4be0e4] daemon started
    daemon.go:283: [de59ffd4be0e4] exiting daemon
=== RUN   TestAuthZPluginEnsureNoDuplicatePluginRegistration
--- PASS: TestAuthZPluginEnsureNoDuplicatePluginRegistration (0.53s)
    daemon.go:296: [dcb04b4888885] waiting for daemon to start
    daemon.go:328: [dcb04b4888885] daemon started
    daemon.go:283: [dcb04b4888885] exiting daemon
=== RUN   TestAuthZPluginEnsureLoadImportWorking
--- PASS: TestAuthZPluginEnsureLoadImportWorking (1.46s)
    daemon.go:296: [d936b610271f4] waiting for daemon to start
    daemon.go:328: [d936b610271f4] daemon started
    daemon.go:283: [d936b610271f4] exiting daemon
=== RUN   TestAuthzPluginEnsureContainerCopyToFrom
--- PASS: TestAuthzPluginEnsureContainerCopyToFrom (1.51s)
    daemon.go:296: [dc3dfa917b1ab] waiting for daemon to start
    daemon.go:328: [dc3dfa917b1ab] daemon started
    daemon.go:283: [dc3dfa917b1ab] exiting daemon
=== RUN   TestAuthZPluginHeader
--- PASS: TestAuthZPluginHeader (0.72s)
    daemon.go:296: [d3b5f4b09ebb6] waiting for daemon to start
    daemon.go:328: [d3b5f4b09ebb6] daemon started
    daemon.go:283: [d3b5f4b09ebb6] exiting daemon
=== RUN   TestAuthZPluginV2AllowNonVolumeRequest
--- PASS: TestAuthZPluginV2AllowNonVolumeRequest (6.54s)
    daemon.go:296: [d04795fc83230] waiting for daemon to start
    daemon.go:328: [d04795fc83230] daemon started
    daemon.go:283: [d04795fc83230] exiting daemon
    daemon.go:296: [d04795fc83230] waiting for daemon to start
    daemon.go:328: [d04795fc83230] daemon started
    daemon.go:283: [d04795fc83230] exiting daemon
=== RUN   TestAuthZPluginV2Disable
--- PASS: TestAuthZPluginV2Disable (5.93s)
    daemon.go:296: [de6a60b07be9a] waiting for daemon to start
    daemon.go:328: [de6a60b07be9a] daemon started
    daemon.go:283: [de6a60b07be9a] exiting daemon
    daemon.go:296: [de6a60b07be9a] waiting for daemon to start
    daemon.go:328: [de6a60b07be9a] daemon started
    daemon.go:283: [de6a60b07be9a] exiting daemon
=== RUN   TestAuthZPluginV2RejectVolumeRequests
--- PASS: TestAuthZPluginV2RejectVolumeRequests (5.73s)
    daemon.go:296: [df910de5702dd] waiting for daemon to start
    daemon.go:328: [df910de5702dd] daemon started
    daemon.go:283: [df910de5702dd] exiting daemon
    daemon.go:296: [df910de5702dd] waiting for daemon to start
    daemon.go:328: [df910de5702dd] daemon started
    daemon.go:283: [df910de5702dd] exiting daemon
=== RUN   TestAuthZPluginV2BadManifestFailsDaemonStart
--- PASS: TestAuthZPluginV2BadManifestFailsDaemonStart (13.81s)
    daemon.go:296: [d566e96614b96] waiting for daemon to start
    daemon.go:328: [d566e96614b96] daemon started
    daemon.go:283: [d566e96614b96] exiting daemon
    daemon.go:296: [d566e96614b96] waiting for daemon to start
    daemon.go:296: [d566e96614b96] waiting for daemon to start
    daemon.go:296: [d566e96614b96] waiting for daemon to start
    daemon.go:283: [d566e96614b96] exiting daemon
    daemon.go:328: [d566e96614b96] daemon started
    daemon.go:283: [d566e96614b96] exiting daemon
=== RUN   TestAuthZPluginV2NonexistentFailsDaemonStart
--- PASS: TestAuthZPluginV2NonexistentFailsDaemonStart (16.51s)
    daemon.go:296: [d0032e6a3f44e] waiting for daemon to start
    daemon.go:328: [d0032e6a3f44e] daemon started
    daemon.go:283: [d0032e6a3f44e] exiting daemon
    daemon.go:296: [d0032e6a3f44e] waiting for daemon to start
    daemon.go:296: [d0032e6a3f44e] waiting for daemon to start
    daemon.go:296: [d0032e6a3f44e] waiting for daemon to start
    daemon.go:328: [d0032e6a3f44e] daemon started
    daemon.go:283: [d0032e6a3f44e] exiting daemon
PASS
Running /go/src/github.com/docker/docker/integration/plugin/logging
INFO: Testing against a local daemon
=== RUN   TestContinueAfterPluginCrash
=== PAUSE TestContinueAfterPluginCrash
=== RUN   TestDaemonStartWithLogOpt
=== PAUSE TestDaemonStartWithLogOpt
=== CONT  TestContinueAfterPluginCrash
=== CONT  TestDaemonStartWithLogOpt
--- PASS: TestDaemonStartWithLogOpt (12.26s)
    daemon.go:296: [df27dc5736ccf] waiting for daemon to start
    daemon.go:328: [df27dc5736ccf] daemon started
    daemon.go:283: [df27dc5736ccf] exiting daemon
    daemon.go:296: [df27dc5736ccf] waiting for daemon to start
    daemon.go:328: [df27dc5736ccf] daemon started
    daemon.go:283: [df27dc5736ccf] exiting daemon
--- PASS: TestContinueAfterPluginCrash (17.59s)
    daemon.go:296: [d61381c199e25] waiting for daemon to start
    daemon.go:328: [d61381c199e25] daemon started
    daemon.go:283: [d61381c199e25] exiting daemon
PASS
Running /go/src/github.com/docker/docker/integration/plugin/logging/cmd
testing: warning: no tests to run
PASS
Running /go/src/github.com/docker/docker/integration/plugin/logging/cmd/close_on_start
testing: warning: no tests to run
PASS
Running /go/src/github.com/docker/docker/integration/plugin/logging/cmd/dummy
testing: warning: no tests to run
PASS
Running /go/src/github.com/docker/docker/integration/plugin/common
INFO: Testing against a local daemon
=== RUN   TestPluginInvalidJSON
=== RUN   TestPluginInvalidJSON//plugins/foobar/set
=== PAUSE TestPluginInvalidJSON//plugins/foobar/set
=== CONT  TestPluginInvalidJSON//plugins/foobar/set
--- PASS: TestPluginInvalidJSON (0.01s)
    --- PASS: TestPluginInvalidJSON//plugins/foobar/set (0.00s)
PASS
Running /go/src/github.com/docker/docker/integration/plugin/volumes
INFO: Testing against a local daemon
=== RUN   TestPluginWithDevMounts
=== PAUSE TestPluginWithDevMounts
=== CONT  TestPluginWithDevMounts
--- PASS: TestPluginWithDevMounts (1.75s)
    daemon.go:296: [dc5927ea81f0e] waiting for daemon to start
    daemon.go:328: [dc5927ea81f0e] daemon started
    daemon.go:283: [dc5927ea81f0e] exiting daemon
PASS
Running /go/src/github.com/docker/docker/integration/plugin/volumes/cmd
testing: warning: no tests to run
PASS
Running /go/src/github.com/docker/docker/integration/plugin/volumes/cmd/dummy
testing: warning: no tests to run
PASS
Running /go/src/github.com/docker/docker/integration/plugin/graphdriver
INFO: Testing against a local daemon
=== RUN   TestExternalGraphDriver
=== RUN   TestExternalGraphDriver/json
=== RUN   TestExternalGraphDriver/spec
=== RUN   TestExternalGraphDriver/pull
--- PASS: TestExternalGraphDriver (6.96s)
    daemon.go:296: [d0e604e7d2dd9] waiting for daemon to start
    daemon.go:328: [d0e604e7d2dd9] daemon started
    daemon.go:283: [d0e604e7d2dd9] exiting daemon
    daemon.go:296: [d0e604e7d2dd9] waiting for daemon to start
    daemon.go:328: [d0e604e7d2dd9] daemon started
    daemon.go:283: [d0e604e7d2dd9] exiting daemon
    --- PASS: TestExternalGraphDriver/json (1.72s)
    daemon.go:296: [d0e604e7d2dd9] waiting for daemon to start
    daemon.go:328: [d0e604e7d2dd9] daemon started
    daemon.go:283: [d0e604e7d2dd9] exiting daemon
    daemon.go:296: [d0e604e7d2dd9] waiting for daemon to start
    daemon.go:328: [d0e604e7d2dd9] daemon started
    daemon.go:283: [d0e604e7d2dd9] exiting daemon
    --- PASS: TestExternalGraphDriver/spec (1.74s)
    daemon.go:296: [d0e604e7d2dd9] waiting for daemon to start
    daemon.go:328: [d0e604e7d2dd9] daemon started
    daemon.go:283: [d0e604e7d2dd9] exiting daemon
    --- PASS: TestExternalGraphDriver/pull (3.07s)
=== RUN   TestGraphdriverPluginV2
--- SKIP: TestGraphdriverPluginV2 (0.34s)
    external_test.go:411: !requirement.Overlay2Supported(testEnv.DaemonInfo.KernelVersion)
PASS
Running /go/src/github.com/docker/docker/integration/config
INFO: Testing against a local daemon
=== RUN   TestConfigList
--- PASS: TestConfigList (2.14s)
    daemon.go:296: [da3e6702edf81] waiting for daemon to start
    daemon.go:328: [da3e6702edf81] daemon started
    daemon.go:283: [da3e6702edf81] exiting daemon
=== RUN   TestConfigsCreateAndDelete
--- PASS: TestConfigsCreateAndDelete (2.05s)
    daemon.go:296: [ded7f71a5d16e] waiting for daemon to start
    daemon.go:328: [ded7f71a5d16e] daemon started
    daemon.go:283: [ded7f71a5d16e] exiting daemon
=== RUN   TestConfigsUpdate
--- PASS: TestConfigsUpdate (2.16s)
    daemon.go:296: [d61c2ba583a6d] waiting for daemon to start
    daemon.go:328: [d61c2ba583a6d] daemon started
    daemon.go:283: [d61c2ba583a6d] exiting daemon
=== RUN   TestTemplatedConfig
--- PASS: TestTemplatedConfig (2.66s)
    daemon.go:296: [dbf2f5a55a789] waiting for daemon to start
    daemon.go:328: [dbf2f5a55a789] daemon started
    daemon.go:283: [dbf2f5a55a789] exiting daemon
=== RUN   TestConfigInspect
--- PASS: TestConfigInspect (2.12s)
    daemon.go:296: [d1dfe85134bf6] waiting for daemon to start
    daemon.go:328: [d1dfe85134bf6] daemon started
    daemon.go:283: [d1dfe85134bf6] exiting daemon
=== RUN   TestConfigCreateWithLabels
--- PASS: TestConfigCreateWithLabels (2.12s)
    daemon.go:296: [d9a0120748d58] waiting for daemon to start
    daemon.go:328: [d9a0120748d58] daemon started
    daemon.go:283: [d9a0120748d58] exiting daemon
=== RUN   TestConfigCreateResolve
--- PASS: TestConfigCreateResolve (2.10s)
    daemon.go:296: [d4c1f7a0bb759] waiting for daemon to start
    daemon.go:328: [d4c1f7a0bb759] daemon started
    daemon.go:283: [d4c1f7a0bb759] exiting daemon
PASS
Running /go/src/github.com/docker/docker/integration/service
INFO: Testing against a local daemon
=== RUN   TestServiceCreateInit
=== RUN   TestServiceCreateInit/daemonInitDisabled
=== RUN   TestServiceCreateInit/daemonInitEnabled
--- PASS: TestServiceCreateInit (8.04s)
    --- PASS: TestServiceCreateInit/daemonInitDisabled (4.05s)
        daemon.go:296: [d82db11464300] waiting for daemon to start
        daemon.go:328: [d82db11464300] daemon started
        daemon.go:283: [d82db11464300] exiting daemon
    --- PASS: TestServiceCreateInit/daemonInitEnabled (3.99s)
        daemon.go:296: [d7d68d621ce44] waiting for daemon to start
        daemon.go:328: [d7d68d621ce44] daemon started
        daemon.go:283: [d7d68d621ce44] exiting daemon
=== RUN   TestCreateServiceMultipleTimes
--- PASS: TestCreateServiceMultipleTimes (23.90s)
    daemon.go:296: [d0374ed38ec41] waiting for daemon to start
    daemon.go:328: [d0374ed38ec41] daemon started
    daemon.go:283: [d0374ed38ec41] exiting daemon
=== RUN   TestCreateServiceConflict
--- PASS: TestCreateServiceConflict (2.15s)
    daemon.go:296: [d46a89382182b] waiting for daemon to start
    daemon.go:328: [d46a89382182b] daemon started
    daemon.go:283: [d46a89382182b] exiting daemon
=== RUN   TestCreateServiceMaxReplicas
--- PASS: TestCreateServiceMaxReplicas (2.82s)
    daemon.go:296: [dbe1f031be126] waiting for daemon to start
    daemon.go:328: [dbe1f031be126] daemon started
    daemon.go:283: [dbe1f031be126] exiting daemon
=== RUN   TestCreateWithDuplicateNetworkNames
--- PASS: TestCreateWithDuplicateNetworkNames (13.03s)
    daemon.go:296: [d5102ae27d030] waiting for daemon to start
    daemon.go:328: [d5102ae27d030] daemon started
    daemon.go:283: [d5102ae27d030] exiting daemon
=== RUN   TestCreateServiceSecretFileMode
--- PASS: TestCreateServiceSecretFileMode (2.70s)
    daemon.go:296: [d6942ee4d355e] waiting for daemon to start
    daemon.go:328: [d6942ee4d355e] daemon started
    daemon.go:283: [d6942ee4d355e] exiting daemon
=== RUN   TestCreateServiceConfigFileMode
--- PASS: TestCreateServiceConfigFileMode (2.65s)
    daemon.go:296: [dece473241a2a] waiting for daemon to start
    daemon.go:328: [dece473241a2a] daemon started
    daemon.go:283: [dece473241a2a] exiting daemon
=== RUN   TestCreateServiceSysctls
--- PASS: TestCreateServiceSysctls (3.21s)
    daemon.go:296: [d91c97bcc0a97] waiting for daemon to start
    daemon.go:328: [d91c97bcc0a97] daemon started
    daemon.go:283: [d91c97bcc0a97] exiting daemon
=== RUN   TestInspect
--- PASS: TestInspect (2.12s)
    daemon.go:296: [de1bd7c91b5c1] waiting for daemon to start
    daemon.go:328: [de1bd7c91b5c1] daemon started
    daemon.go:283: [de1bd7c91b5c1] exiting daemon
=== RUN   TestDockerNetworkConnectAlias
--- PASS: TestDockerNetworkConnectAlias (4.09s)
    daemon.go:296: [dd7ec7f6dd03e] waiting for daemon to start
    daemon.go:328: [dd7ec7f6dd03e] daemon started
    daemon.go:283: [dd7ec7f6dd03e] exiting daemon
=== RUN   TestServicePlugin
--- PASS: TestServicePlugin (34.96s)
    daemon.go:296: [dfa02a9f8a22f] waiting for daemon to start
    daemon.go:328: [dfa02a9f8a22f] daemon started
    daemon.go:283: [dfa02a9f8a22f] exiting daemon
    daemon.go:296: [d617208845ff5] waiting for daemon to start
    daemon.go:328: [d617208845ff5] daemon started
    daemon.go:296: [d834678f1f4a2] waiting for daemon to start
    daemon.go:328: [d834678f1f4a2] daemon started
    daemon.go:296: [de9a1e42a41f2] waiting for daemon to start
    daemon.go:328: [de9a1e42a41f2] daemon started
    daemon.go:283: [de9a1e42a41f2] exiting daemon
    daemon.go:283: [d834678f1f4a2] exiting daemon
    daemon.go:283: [d617208845ff5] exiting daemon
=== RUN   TestServiceUpdateLabel
--- PASS: TestServiceUpdateLabel (2.16s)
    daemon.go:296: [d942a600a34f1] waiting for daemon to start
    daemon.go:328: [d942a600a34f1] daemon started
    daemon.go:283: [d942a600a34f1] exiting daemon
=== RUN   TestServiceUpdateSecrets
--- PASS: TestServiceUpdateSecrets (7.66s)
    daemon.go:296: [d3628e7647295] waiting for daemon to start
    daemon.go:328: [d3628e7647295] daemon started
    daemon.go:283: [d3628e7647295] exiting daemon
=== RUN   TestServiceUpdateConfigs
--- PASS: TestServiceUpdateConfigs (14.63s)
    daemon.go:296: [dcbf55af23fa2] waiting for daemon to start
    daemon.go:328: [dcbf55af23fa2] daemon started
    daemon.go:283: [dcbf55af23fa2] exiting daemon
PASS
Running /go/src/github.com/docker/docker/integration/network
INFO: Testing against a local daemon
=== RUN   TestNetworkCreateDelete
--- PASS: TestNetworkCreateDelete (0.12s)
=== RUN   TestDockerNetworkDeletePreferID
--- PASS: TestDockerNetworkDeletePreferID (0.27s)
=== RUN   TestInspectNetwork
--- PASS: TestInspectNetwork (25.26s)
    daemon.go:296: [d4a94106b5f83] waiting for daemon to start
    daemon.go:328: [d4a94106b5f83] daemon started
    daemon.go:283: [d4a94106b5f83] exiting daemon
=== RUN   TestRunContainerWithBridgeNone
--- PASS: TestRunContainerWithBridgeNone (2.07s)
    daemon.go:296: [dfe87c1a40918] waiting for daemon to start
    daemon.go:328: [dfe87c1a40918] daemon started
    daemon.go:283: [dfe87c1a40918] exiting daemon
=== RUN   TestNetworkInvalidJSON
=== RUN   TestNetworkInvalidJSON//networks/create
=== PAUSE TestNetworkInvalidJSON//networks/create
=== RUN   TestNetworkInvalidJSON//networks/bridge/connect
=== PAUSE TestNetworkInvalidJSON//networks/bridge/connect
=== RUN   TestNetworkInvalidJSON//networks/bridge/disconnect
=== PAUSE TestNetworkInvalidJSON//networks/bridge/disconnect
=== CONT  TestNetworkInvalidJSON//networks/create
=== CONT  TestNetworkInvalidJSON//networks/bridge/disconnect
=== CONT  TestNetworkInvalidJSON//networks/bridge/connect
--- PASS: TestNetworkInvalidJSON (0.01s)
    --- PASS: TestNetworkInvalidJSON//networks/bridge/disconnect (0.00s)
    --- PASS: TestNetworkInvalidJSON//networks/create (0.01s)
    --- PASS: TestNetworkInvalidJSON//networks/bridge/connect (0.00s)
=== RUN   TestDaemonRestartWithLiveRestore
--- PASS: TestDaemonRestartWithLiveRestore (1.03s)
    daemon.go:296: [d58829f0e5bcd] waiting for daemon to start
    daemon.go:328: [d58829f0e5bcd] daemon started
    daemon.go:283: [d58829f0e5bcd] exiting daemon
    daemon.go:296: [d58829f0e5bcd] waiting for daemon to start
    daemon.go:328: [d58829f0e5bcd] daemon started
    daemon.go:283: [d58829f0e5bcd] exiting daemon
=== RUN   TestDaemonDefaultNetworkPools
--- PASS: TestDaemonDefaultNetworkPools (0.67s)
    daemon.go:296: [dd03693bdd998] waiting for daemon to start
    daemon.go:328: [dd03693bdd998] daemon started
    daemon.go:283: [dd03693bdd998] exiting daemon
=== RUN   TestDaemonRestartWithExistingNetwork
--- PASS: TestDaemonRestartWithExistingNetwork (1.11s)
    daemon.go:296: [d9f349cc605aa] waiting for daemon to start
    daemon.go:328: [d9f349cc605aa] daemon started
    daemon.go:283: [d9f349cc605aa] exiting daemon
    daemon.go:296: [d9f349cc605aa] waiting for daemon to start
    daemon.go:328: [d9f349cc605aa] daemon started
    daemon.go:283: [d9f349cc605aa] exiting daemon
=== RUN   TestDaemonRestartWithExistingNetworkWithDefaultPoolRange
--- PASS: TestDaemonRestartWithExistingNetworkWithDefaultPoolRange (1.18s)
    daemon.go:296: [db02778e62c6b] waiting for daemon to start
    daemon.go:328: [db02778e62c6b] daemon started
    daemon.go:283: [db02778e62c6b] exiting daemon
    daemon.go:296: [db02778e62c6b] waiting for daemon to start
    daemon.go:328: [db02778e62c6b] daemon started
    daemon.go:283: [db02778e62c6b] exiting daemon
=== RUN   TestDaemonWithBipAndDefaultNetworkPool
--- PASS: TestDaemonWithBipAndDefaultNetworkPool (0.55s)
    daemon.go:296: [dd5d3ef43ba89] waiting for daemon to start
    daemon.go:328: [dd5d3ef43ba89] daemon started
    daemon.go:283: [dd5d3ef43ba89] exiting daemon
=== RUN   TestServiceWithPredefinedNetwork
--- PASS: TestServiceWithPredefinedNetwork (2.05s)
    daemon.go:296: [d146b8035596f] waiting for daemon to start
    daemon.go:328: [d146b8035596f] daemon started
    daemon.go:283: [d146b8035596f] exiting daemon
=== RUN   TestServiceRemoveKeepsIngressNetwork
--- PASS: TestServiceRemoveKeepsIngressNetwork (12.19s)
    daemon.go:296: [d37f88c1034b2] waiting for daemon to start
    daemon.go:328: [d37f88c1034b2] daemon started
    daemon.go:283: [d37f88c1034b2] exiting daemon
=== RUN   TestServiceWithDataPathPortInit
--- PASS: TestServiceWithDataPathPortInit (4.31s)
    daemon.go:296: [d0ebdf0fa67db] waiting for daemon to start
    daemon.go:328: [d0ebdf0fa67db] daemon started
    daemon.go:283: [d0ebdf0fa67db] exiting daemon
    daemon.go:296: [d425c5c8588ff] waiting for daemon to start
    daemon.go:328: [d425c5c8588ff] daemon started
    daemon.go:283: [d425c5c8588ff] exiting daemon
=== RUN   TestServiceWithDefaultAddressPoolInit
--- PASS: TestServiceWithDefaultAddressPoolInit (4.32s)
    daemon.go:296: [d460286d17c40] waiting for daemon to start
    daemon.go:328: [d460286d17c40] daemon started
    service_test.go:415: TestServiceWithDefaultAddressPoolInit: NetworkInspect: {Name:saanvisthiraTestServiceWithDefaultAddressPoolInit ID:t2u64dyrolihmx6ive3hor6ck Created:2019-01-04 16:38:34.880672067 +0000 UTC Scope:swarm Driver:overlay EnableIPv6:false IPAM:{Driver:default Options:map[] Config:[{Subnet:20.20.0.0/24 IPRange: Gateway:20.20.0.1 AuxAddress:map[]}]} Internal:false Attachable:false Ingress:false ConfigFrom:{Network:} ConfigOnly:false Containers:map[] Options:map[com.docker.network.driver.overlay.vxlanid_list:4097] Labels:map[] Peers:[] Services:map[]}
    daemon.go:283: [d460286d17c40] exiting daemon
    daemon.go:296: [d550fca249d72] waiting for daemon to start
    daemon.go:328: [d550fca249d72] daemon started
    daemon.go:283: [d550fca249d72] exiting daemon
PASS
Running /go/src/github.com/docker/docker/integration/network/ipvlan
INFO: Testing against a local daemon
=== RUN   TestDockerNetworkIpvlanPersistance
--- PASS: TestDockerNetworkIpvlanPersistance (1.36s)
    daemon.go:296: [d06cb9a75e5db] waiting for daemon to start
    daemon.go:328: [d06cb9a75e5db] daemon started
    daemon.go:283: [d06cb9a75e5db] exiting daemon
    daemon.go:296: [d06cb9a75e5db] waiting for daemon to start
    daemon.go:328: [d06cb9a75e5db] daemon started
    daemon.go:283: [d06cb9a75e5db] exiting daemon
=== RUN   TestDockerNetworkIpvlan
=== RUN   TestDockerNetworkIpvlan/Subinterface
=== RUN   TestDockerNetworkIpvlan/OverlapParent
=== RUN   TestDockerNetworkIpvlan/L2NilParent
=== RUN   TestDockerNetworkIpvlan/L2InternalMode
=== RUN   TestDockerNetworkIpvlan/L3NilParent
=== RUN   TestDockerNetworkIpvlan/L3InternalMode
=== RUN   TestDockerNetworkIpvlan/L2MultiSubnet
=== RUN   TestDockerNetworkIpvlan/L3MultiSubnet
=== RUN   TestDockerNetworkIpvlan/Addressing
--- PASS: TestDockerNetworkIpvlan (110.05s)
    daemon.go:296: [dfe0ce000e75b] waiting for daemon to start
    daemon.go:328: [dfe0ce000e75b] daemon started
    --- PASS: TestDockerNetworkIpvlan/Subinterface (0.07s)
    daemon.go:283: [dfe0ce000e75b] exiting daemon
    daemon.go:296: [db03503bee66b] waiting for daemon to start
    daemon.go:328: [db03503bee66b] daemon started
    --- PASS: TestDockerNetworkIpvlan/OverlapParent (0.05s)
    daemon.go:283: [db03503bee66b] exiting daemon
    daemon.go:296: [dd0bd8a735a78] waiting for daemon to start
    daemon.go:328: [dd0bd8a735a78] daemon started
    --- PASS: TestDockerNetworkIpvlan/L2NilParent (0.85s)
    daemon.go:283: [dd0bd8a735a78] exiting daemon
    daemon.go:296: [dbbb38f285ad7] waiting for daemon to start
    daemon.go:328: [dbbb38f285ad7] daemon started
    --- PASS: TestDockerNetworkIpvlan/L2InternalMode (1.91s)
    daemon.go:283: [dbbb38f285ad7] exiting daemon
    daemon.go:296: [dbfc3a34cc7a5] waiting for daemon to start
    daemon.go:328: [dbfc3a34cc7a5] daemon started
    --- PASS: TestDockerNetworkIpvlan/L3NilParent (15.89s)
    daemon.go:283: [dbfc3a34cc7a5] exiting daemon
    daemon.go:296: [d5fb987dc7663] waiting for daemon to start
    daemon.go:328: [d5fb987dc7663] daemon started
    --- PASS: TestDockerNetworkIpvlan/L3InternalMode (16.89s)
    daemon.go:283: [d5fb987dc7663] exiting daemon
    daemon.go:296: [d5e4b643f4700] waiting for daemon to start
    daemon.go:328: [d5e4b643f4700] daemon started
    --- PASS: TestDockerNetworkIpvlan/L2MultiSubnet (17.11s)
    daemon.go:283: [d5e4b643f4700] exiting daemon
    daemon.go:296: [da3c4351b4cc0] waiting for daemon to start
    daemon.go:328: [da3c4351b4cc0] daemon started
    --- PASS: TestDockerNetworkIpvlan/L3MultiSubnet (17.21s)
    daemon.go:283: [da3c4351b4cc0] exiting daemon
    daemon.go:296: [d404a619e763f] waiting for daemon to start
    daemon.go:328: [d404a619e763f] daemon started
    --- PASS: TestDockerNetworkIpvlan/Addressing (31.27s)
    daemon.go:283: [d404a619e763f] exiting daemon
PASS
Running /go/src/github.com/docker/docker/integration/network/macvlan
INFO: Testing against a local daemon
=== RUN   TestDockerNetworkMacvlanPersistance
--- PASS: TestDockerNetworkMacvlanPersistance (1.27s)
    daemon.go:296: [d8a4603d5a4d3] waiting for daemon to start
    daemon.go:328: [d8a4603d5a4d3] daemon started
    daemon.go:283: [d8a4603d5a4d3] exiting daemon
    daemon.go:296: [d8a4603d5a4d3] waiting for daemon to start
    daemon.go:328: [d8a4603d5a4d3] daemon started
    daemon.go:283: [d8a4603d5a4d3] exiting daemon
=== RUN   TestDockerNetworkMacvlan
=== RUN   TestDockerNetworkMacvlan/Subinterface
=== RUN   TestDockerNetworkMacvlan/OverlapParent
=== RUN   TestDockerNetworkMacvlan/NilParent
=== RUN   TestDockerNetworkMacvlan/InternalMode
=== RUN   TestDockerNetworkMacvlan/Addressing
--- PASS: TestDockerNetworkMacvlan (22.83s)
    daemon.go:296: [d5c45496477ad] waiting for daemon to start
    daemon.go:328: [d5c45496477ad] daemon started
    --- PASS: TestDockerNetworkMacvlan/Subinterface (0.06s)
    daemon.go:283: [d5c45496477ad] exiting daemon
    daemon.go:296: [da99ba9ad4b35] waiting for daemon to start
    daemon.go:328: [da99ba9ad4b35] daemon started
    --- PASS: TestDockerNetworkMacvlan/OverlapParent (0.07s)
    daemon.go:283: [da99ba9ad4b35] exiting daemon
    daemon.go:296: [d283db76a7ce7] waiting for daemon to start
    daemon.go:328: [d283db76a7ce7] daemon started
    --- PASS: TestDockerNetworkMacvlan/NilParent (0.85s)
    daemon.go:283: [d283db76a7ce7] exiting daemon
    daemon.go:296: [d3fec11ff9fe2] waiting for daemon to start
    daemon.go:328: [d3fec11ff9fe2] daemon started
    --- PASS: TestDockerNetworkMacvlan/InternalMode (1.92s)
    daemon.go:283: [d3fec11ff9fe2] exiting daemon
    daemon.go:296: [d06fd0650d55e] waiting for daemon to start
    daemon.go:328: [d06fd0650d55e] daemon started
    --- PASS: TestDockerNetworkMacvlan/Addressing (15.64s)
    daemon.go:283: [d06fd0650d55e] exiting daemon
PASS
Running /go/src/github.com/docker/docker/integration/secret
INFO: Testing against a local daemon
=== RUN   TestSecretInspect
--- PASS: TestSecretInspect (2.14s)
    daemon.go:296: [d7b2ec5619268] waiting for daemon to start
    daemon.go:328: [d7b2ec5619268] daemon started
    daemon.go:283: [d7b2ec5619268] exiting daemon
=== RUN   TestSecretList
--- PASS: TestSecretList (2.01s)
    daemon.go:296: [d582f9cf765f2] waiting for daemon to start
    daemon.go:328: [d582f9cf765f2] daemon started
    daemon.go:283: [d582f9cf765f2] exiting daemon
=== RUN   TestSecretsCreateAndDelete
--- PASS: TestSecretsCreateAndDelete (2.18s)
    daemon.go:296: [d7af807a3c296] waiting for daemon to start
    daemon.go:328: [d7af807a3c296] daemon started
    daemon.go:283: [d7af807a3c296] exiting daemon
=== RUN   TestSecretsUpdate
--- PASS: TestSecretsUpdate (2.15s)
    daemon.go:296: [dc5f4ebba1ffd] waiting for daemon to start
    daemon.go:328: [dc5f4ebba1ffd] daemon started
    daemon.go:283: [dc5f4ebba1ffd] exiting daemon
=== RUN   TestTemplatedSecret
--- PASS: TestTemplatedSecret (2.73s)
    daemon.go:296: [d1dcdd93cc29c] waiting for daemon to start
    daemon.go:328: [d1dcdd93cc29c] daemon started
    daemon.go:283: [d1dcdd93cc29c] exiting daemon
=== RUN   TestSecretCreateResolve
--- PASS: TestSecretCreateResolve (2.05s)
    daemon.go:296: [d57956af44b78] waiting for daemon to start
    daemon.go:328: [d57956af44b78] daemon started
    daemon.go:283: [d57956af44b78] exiting daemon
PASS
Running /go/src/github.com/docker/docker/integration/session
INFO: Testing against a local daemon
=== RUN   TestSessionCreate
--- PASS: TestSessionCreate (0.01s)
=== RUN   TestSessionCreateWithBadUpgrade
--- PASS: TestSessionCreateWithBadUpgrade (0.00s)
PASS
Running /go/src/github.com/docker/docker/integration/container
INFO: Testing against a local daemon
=== RUN   TestContainerInvalidJSON
=== RUN   TestContainerInvalidJSON//containers/foobar/copy
=== PAUSE TestContainerInvalidJSON//containers/foobar/copy
=== RUN   TestContainerInvalidJSON//containers/foobar/exec
=== PAUSE TestContainerInvalidJSON//containers/foobar/exec
=== RUN   TestContainerInvalidJSON//exec/foobar/start
=== PAUSE TestContainerInvalidJSON//exec/foobar/start
=== CONT  TestContainerInvalidJSON//containers/foobar/copy
=== CONT  TestContainerInvalidJSON//exec/foobar/start
=== CONT  TestContainerInvalidJSON//containers/foobar/exec
--- PASS: TestContainerInvalidJSON (0.01s)
    --- PASS: TestContainerInvalidJSON//exec/foobar/start (0.00s)
    --- PASS: TestContainerInvalidJSON//containers/foobar/copy (0.00s)
    --- PASS: TestContainerInvalidJSON//containers/foobar/exec (0.00s)
=== RUN   TestCopyFromContainerPathDoesNotExist
--- PASS: TestCopyFromContainerPathDoesNotExist (0.07s)
=== RUN   TestCopyFromContainerPathIsNotDir
--- PASS: TestCopyFromContainerPathIsNotDir (0.06s)
=== RUN   TestCopyToContainerPathDoesNotExist
--- PASS: TestCopyToContainerPathDoesNotExist (0.07s)
=== RUN   TestCopyToContainerPathIsNotDir
--- PASS: TestCopyToContainerPathIsNotDir (0.06s)
=== RUN   TestCreateFailsWhenIdentifierDoesNotExist
=== RUN   TestCreateFailsWhenIdentifierDoesNotExist/image_and_tag
=== PAUSE TestCreateFailsWhenIdentifierDoesNotExist/image_and_tag
=== RUN   TestCreateFailsWhenIdentifierDoesNotExist/image_no_tag
=== PAUSE TestCreateFailsWhenIdentifierDoesNotExist/image_no_tag
=== RUN   TestCreateFailsWhenIdentifierDoesNotExist/digest
=== PAUSE TestCreateFailsWhenIdentifierDoesNotExist/digest
=== CONT  TestCreateFailsWhenIdentifierDoesNotExist/image_and_tag
=== CONT  TestCreateFailsWhenIdentifierDoesNotExist/digest
=== CONT  TestCreateFailsWhenIdentifierDoesNotExist/image_no_tag
--- PASS: TestCreateFailsWhenIdentifierDoesNotExist (0.01s)
    --- PASS: TestCreateFailsWhenIdentifierDoesNotExist/digest (0.00s)
    --- PASS: TestCreateFailsWhenIdentifierDoesNotExist/image_and_tag (0.00s)
    --- PASS: TestCreateFailsWhenIdentifierDoesNotExist/image_no_tag (0.00s)
=== RUN   TestCreateWithInvalidEnv
=== RUN   TestCreateWithInvalidEnv/0
=== PAUSE TestCreateWithInvalidEnv/0
=== RUN   TestCreateWithInvalidEnv/1
=== PAUSE TestCreateWithInvalidEnv/1
=== RUN   TestCreateWithInvalidEnv/2
=== PAUSE TestCreateWithInvalidEnv/2
=== CONT  TestCreateWithInvalidEnv/0
=== CONT  TestCreateWithInvalidEnv/2
=== CONT  TestCreateWithInvalidEnv/1
--- PASS: TestCreateWithInvalidEnv (0.01s)
    --- PASS: TestCreateWithInvalidEnv/2 (0.00s)
    --- PASS: TestCreateWithInvalidEnv/0 (0.00s)
    --- PASS: TestCreateWithInvalidEnv/1 (0.00s)
=== RUN   TestCreateTmpfsMountsTarget
--- PASS: TestCreateTmpfsMountsTarget (0.01s)
=== RUN   TestCreateWithCustomMaskedPaths
--- PASS: TestCreateWithCustomMaskedPaths (1.53s)
=== RUN   TestCreateWithCustomReadonlyPaths
--- PASS: TestCreateWithCustomReadonlyPaths (1.62s)
=== RUN   TestCreateWithInvalidHealthcheckParams
=== RUN   TestCreateWithInvalidHealthcheckParams/test_invalid_Interval_in_Healthcheck:_less_than_0s
=== PAUSE TestCreateWithInvalidHealthcheckParams/test_invalid_Interval_in_Healthcheck:_less_than_0s
=== RUN   TestCreateWithInvalidHealthcheckParams/test_invalid_Interval_in_Healthcheck:_larger_than_0s_but_less_than_1ms
=== PAUSE TestCreateWithInvalidHealthcheckParams/test_invalid_Interval_in_Healthcheck:_larger_than_0s_but_less_than_1ms
=== RUN   TestCreateWithInvalidHealthcheckParams/test_invalid_Timeout_in_Healthcheck:_less_than_1ms
=== PAUSE TestCreateWithInvalidHealthcheckParams/test_invalid_Timeout_in_Healthcheck:_less_than_1ms
=== RUN   TestCreateWithInvalidHealthcheckParams/test_invalid_Retries_in_Healthcheck:_less_than_0
=== PAUSE TestCreateWithInvalidHealthcheckParams/test_invalid_Retries_in_Healthcheck:_less_than_0
=== RUN   TestCreateWithInvalidHealthcheckParams/test_invalid_StartPeriod_in_Healthcheck:_not_0_and_less_than_1ms
=== PAUSE TestCreateWithInvalidHealthcheckParams/test_invalid_StartPeriod_in_Healthcheck:_not_0_and_less_than_1ms
=== CONT  TestCreateWithInvalidHealthcheckParams/test_invalid_Interval_in_Healthcheck:_less_than_0s
=== CONT  TestCreateWithInvalidHealthcheckParams/test_invalid_Retries_in_Healthcheck:_less_than_0
=== CONT  TestCreateWithInvalidHealthcheckParams/test_invalid_Timeout_in_Healthcheck:_less_than_1ms
=== CONT  TestCreateWithInvalidHealthcheckParams/test_invalid_Interval_in_Healthcheck:_larger_than_0s_but_less_than_1ms
=== CONT  TestCreateWithInvalidHealthcheckParams/test_invalid_StartPeriod_in_Healthcheck:_not_0_and_less_than_1ms
--- PASS: TestCreateWithInvalidHealthcheckParams (0.01s)
    --- PASS: TestCreateWithInvalidHealthcheckParams/test_invalid_Retries_in_Healthcheck:_less_than_0 (0.00s)
    --- PASS: TestCreateWithInvalidHealthcheckParams/test_invalid_Interval_in_Healthcheck:_less_than_0s (0.00s)
    --- PASS: TestCreateWithInvalidHealthcheckParams/test_invalid_Interval_in_Healthcheck:_larger_than_0s_but_less_than_1ms (0.00s)
    --- PASS: TestCreateWithInvalidHealthcheckParams/test_invalid_Timeout_in_Healthcheck:_less_than_1ms (0.00s)
    --- PASS: TestCreateWithInvalidHealthcheckParams/test_invalid_StartPeriod_in_Healthcheck:_not_0_and_less_than_1ms (0.00s)
=== RUN   TestContainerStartOnDaemonRestart
=== PAUSE TestContainerStartOnDaemonRestart
=== RUN   TestDiff
--- PASS: TestDiff (0.51s)
=== RUN   TestExecWithCloseStdin
--- PASS: TestExecWithCloseStdin (0.68s)
=== RUN   TestExec
--- PASS: TestExec (0.61s)
=== RUN   TestExportContainerAndImportImage
--- PASS: TestExportContainerAndImportImage (0.65s)
=== RUN   TestExportContainerAfterDaemonRestart
--- PASS: TestExportContainerAfterDaemonRestart (1.26s)
    daemon.go:296: [d6224856114e1] waiting for daemon to start
    daemon.go:328: [d6224856114e1] daemon started
    daemon.go:283: [d6224856114e1] exiting daemon
    daemon.go:296: [d6224856114e1] waiting for daemon to start
    daemon.go:328: [d6224856114e1] daemon started
    daemon.go:283: [d6224856114e1] exiting daemon
=== RUN   TestHealthCheckWorkdir
--- PASS: TestHealthCheckWorkdir (0.76s)
=== RUN   TestInspectCpusetInConfigPre120
--- PASS: TestInspectCpusetInConfigPre120 (0.53s)
=== RUN   TestIpcModeNone
--- PASS: TestIpcModeNone (0.61s)
=== RUN   TestIpcModePrivate
--- PASS: TestIpcModePrivate (0.57s)
    ipcmode_test.go:87: [testIpcPrivateShareable] ipcmode: private, ipcdev: 0:56, shared: false, mustBeShared: false
=== RUN   TestIpcModeShareable
--- PASS: TestIpcModeShareable (0.65s)
    ipcmode_test.go:87: [testIpcPrivateShareable] ipcmode: shareable, ipcdev: 0:50, shared: true, mustBeShared: true
=== RUN   TestAPIIpcModeShareableAndContainer
--- PASS: TestAPIIpcModeShareableAndContainer (1.86s)
=== RUN   TestAPIIpcModeHost
--- PASS: TestAPIIpcModeHost (0.52s)
=== RUN   TestDaemonIpcModeShareable
--- PASS: TestDaemonIpcModeShareable (1.34s)
    daemon.go:296: [d39d593a91086] waiting for daemon to start
    daemon.go:328: [d39d593a91086] daemon started
    ipcmode_test.go:255: [testDaemonIpcPrivateShareable] ipcdev: 0:58, shared: true, mustBeShared: true
    daemon.go:283: [d39d593a91086] exiting daemon
=== RUN   TestDaemonIpcModePrivate
--- PASS: TestDaemonIpcModePrivate (1.30s)
    daemon.go:296: [d70f6c03cfe18] waiting for daemon to start
    daemon.go:328: [d70f6c03cfe18] daemon started
    ipcmode_test.go:255: [testDaemonIpcPrivateShareable] ipcdev: 0:64, shared: false, mustBeShared: false
    daemon.go:283: [d70f6c03cfe18] exiting daemon
=== RUN   TestDaemonIpcModePrivateFromConfig
--- PASS: TestDaemonIpcModePrivateFromConfig (1.31s)
    daemon.go:296: [dae509a93e501] waiting for daemon to start
    daemon.go:328: [dae509a93e501] daemon started
    ipcmode_test.go:255: [testDaemonIpcPrivateShareable] ipcdev: 0:64, shared: false, mustBeShared: false
    daemon.go:283: [dae509a93e501] exiting daemon
=== RUN   TestDaemonIpcModeShareableFromConfig
--- PASS: TestDaemonIpcModeShareableFromConfig (1.34s)
    daemon.go:296: [d76b728f83fef] waiting for daemon to start
    daemon.go:328: [d76b728f83fef] daemon started
    ipcmode_test.go:255: [testDaemonIpcPrivateShareable] ipcdev: 0:58, shared: true, mustBeShared: true
    daemon.go:283: [d76b728f83fef] exiting daemon
=== RUN   TestKillContainerInvalidSignal
--- PASS: TestKillContainerInvalidSignal (0.54s)
=== RUN   TestKillContainer
=== RUN   TestKillContainer/no_signal
=== RUN   TestKillContainer/non_killing_signal
=== RUN   TestKillContainer/killing_signal
--- PASS: TestKillContainer (1.62s)
    --- PASS: TestKillContainer/no_signal (0.53s)
    --- PASS: TestKillContainer/non_killing_signal (0.34s)
    --- PASS: TestKillContainer/killing_signal (0.51s)
=== RUN   TestKillWithStopSignalAndRestartPolicies
=== RUN   TestKillWithStopSignalAndRestartPolicies/same-signal-disables-restart-policy
=== RUN   TestKillWithStopSignalAndRestartPolicies/different-signal-keep-restart-policy
--- PASS: TestKillWithStopSignalAndRestartPolicies (1.07s)
    --- PASS: TestKillWithStopSignalAndRestartPolicies/same-signal-disables-restart-policy (0.51s)
    --- PASS: TestKillWithStopSignalAndRestartPolicies/different-signal-keep-restart-policy (0.36s)
=== RUN   TestKillStoppedContainer
--- PASS: TestKillStoppedContainer (0.07s)
=== RUN   TestKillStoppedContainerAPIPre120
--- PASS: TestKillStoppedContainerAPIPre120 (0.07s)
=== RUN   TestKillDifferentUserContainer
--- PASS: TestKillDifferentUserContainer (0.52s)
=== RUN   TestInspectOomKilledTrue
--- SKIP: TestInspectOomKilledTrue (0.00s)
    kill_test.go:153: testEnv.DaemonInfo.OSType == "windows" || !testEnv.DaemonInfo.MemoryLimit || !testEnv.DaemonInfo.SwapLimit
=== RUN   TestInspectOomKilledFalse
--- SKIP: TestInspectOomKilledFalse (0.00s)
    kill_test.go:171: testEnv.DaemonInfo.OSType == "windows" || !testEnv.DaemonInfo.MemoryLimit || !testEnv.DaemonInfo.SwapLimit
=== RUN   TestLinksEtcHostsContentMatch
--- PASS: TestLinksEtcHostsContentMatch (0.44s)
=== RUN   TestLinksContainerNames
--- PASS: TestLinksContainerNames (1.04s)
=== RUN   TestLogsFollowTailEmpty
--- PASS: TestLogsFollowTailEmpty (0.56s)
=== RUN   TestContainerNetworkMountsNoChown
--- PASS: TestContainerNetworkMountsNoChown (0.52s)
=== RUN   TestMountDaemonRoot
=== RUN   TestMountDaemonRoot/default
=== PAUSE TestMountDaemonRoot/default
=== RUN   TestMountDaemonRoot/private
=== PAUSE TestMountDaemonRoot/private
=== RUN   TestMountDaemonRoot/rprivate
=== PAUSE TestMountDaemonRoot/rprivate
=== RUN   TestMountDaemonRoot/slave
=== PAUSE TestMountDaemonRoot/slave
=== RUN   TestMountDaemonRoot/rslave
=== PAUSE TestMountDaemonRoot/rslave
=== RUN   TestMountDaemonRoot/shared
=== PAUSE TestMountDaemonRoot/shared
=== RUN   TestMountDaemonRoot/rshared
=== PAUSE TestMountDaemonRoot/rshared
=== CONT  TestMountDaemonRoot/default
=== CONT  TestMountDaemonRoot/rslave
=== RUN   TestMountDaemonRoot/rslave/bind_root
=== PAUSE TestMountDaemonRoot/rslave/bind_root
=== RUN   TestMountDaemonRoot/rslave/bind_subpath
=== PAUSE TestMountDaemonRoot/rslave/bind_subpath
=== RUN   TestMountDaemonRoot/rslave/mount_root
=== PAUSE TestMountDaemonRoot/rslave/mount_root
=== RUN   TestMountDaemonRoot/rslave/mount_subpath
=== PAUSE TestMountDaemonRoot/rslave/mount_subpath
=== CONT  TestMountDaemonRoot/rslave/bind_root
=== RUN   TestMountDaemonRoot/default/bind_subpath
=== PAUSE TestMountDaemonRoot/default/bind_subpath
=== RUN   TestMountDaemonRoot/default/mount_root
=== PAUSE TestMountDaemonRoot/default/mount_root
=== RUN   TestMountDaemonRoot/default/mount_subpath
=== PAUSE TestMountDaemonRoot/default/mount_subpath
=== RUN   TestMountDaemonRoot/default/bind_root
=== PAUSE TestMountDaemonRoot/default/bind_root
=== CONT  TestMountDaemonRoot/rshared
=== RUN   TestMountDaemonRoot/rshared/mount_root
=== PAUSE TestMountDaemonRoot/rshared/mount_root
=== RUN   TestMountDaemonRoot/rshared/mount_subpath
=== PAUSE TestMountDaemonRoot/rshared/mount_subpath
=== RUN   TestMountDaemonRoot/rshared/bind_root
=== PAUSE TestMountDaemonRoot/rshared/bind_root
=== RUN   TestMountDaemonRoot/rshared/bind_subpath
=== PAUSE TestMountDaemonRoot/rshared/bind_subpath
=== CONT  TestMountDaemonRoot/shared
=== RUN   TestMountDaemonRoot/shared/mount_subpath
=== PAUSE TestMountDaemonRoot/shared/mount_subpath
=== RUN   TestMountDaemonRoot/shared/bind_root
=== PAUSE TestMountDaemonRoot/shared/bind_root
=== RUN   TestMountDaemonRoot/shared/bind_subpath
=== PAUSE TestMountDaemonRoot/shared/bind_subpath
=== RUN   TestMountDaemonRoot/shared/mount_root
=== PAUSE TestMountDaemonRoot/shared/mount_root
=== CONT  TestMountDaemonRoot/rslave/mount_subpath
=== CONT  TestMountDaemonRoot/rslave/mount_root
=== CONT  TestMountDaemonRoot/rslave/bind_subpath
=== CONT  TestMountDaemonRoot/rprivate
=== RUN   TestMountDaemonRoot/rprivate/mount_root
=== PAUSE TestMountDaemonRoot/rprivate/mount_root
=== RUN   TestMountDaemonRoot/rprivate/mount_subpath
=== PAUSE TestMountDaemonRoot/rprivate/mount_subpath
=== RUN   TestMountDaemonRoot/rprivate/bind_root
=== PAUSE TestMountDaemonRoot/rprivate/bind_root
=== RUN   TestMountDaemonRoot/rprivate/bind_subpath
=== PAUSE TestMountDaemonRoot/rprivate/bind_subpath
=== CONT  TestMountDaemonRoot/slave
=== RUN   TestMountDaemonRoot/slave/bind_root
=== PAUSE TestMountDaemonRoot/slave/bind_root
=== RUN   TestMountDaemonRoot/slave/bind_subpath
=== PAUSE TestMountDaemonRoot/slave/bind_subpath
=== RUN   TestMountDaemonRoot/slave/mount_root
=== PAUSE TestMountDaemonRoot/slave/mount_root
=== RUN   TestMountDaemonRoot/slave/mount_subpath
=== PAUSE TestMountDaemonRoot/slave/mount_subpath
=== CONT  TestMountDaemonRoot/private
=== RUN   TestMountDaemonRoot/private/mount_root
=== PAUSE TestMountDaemonRoot/private/mount_root
=== RUN   TestMountDaemonRoot/private/mount_subpath
=== PAUSE TestMountDaemonRoot/private/mount_subpath
=== RUN   TestMountDaemonRoot/private/bind_root
=== PAUSE TestMountDaemonRoot/private/bind_root
=== RUN   TestMountDaemonRoot/private/bind_subpath
=== PAUSE TestMountDaemonRoot/private/bind_subpath
=== CONT  TestMountDaemonRoot/default/bind_subpath
=== CONT  TestMountDaemonRoot/rshared/mount_root
=== CONT  TestMountDaemonRoot/default/bind_root
=== CONT  TestMountDaemonRoot/default/mount_subpath
=== CONT  TestMountDaemonRoot/default/mount_root
=== CONT  TestMountDaemonRoot/shared/mount_subpath
=== CONT  TestMountDaemonRoot/rshared/bind_subpath
=== CONT  TestMountDaemonRoot/rshared/bind_root
=== CONT  TestMountDaemonRoot/rshared/mount_subpath
=== CONT  TestMountDaemonRoot/shared/mount_root
=== CONT  TestMountDaemonRoot/shared/bind_subpath
=== CONT  TestMountDaemonRoot/shared/bind_root
=== CONT  TestMountDaemonRoot/rprivate/mount_root
=== CONT  TestMountDaemonRoot/rprivate/bind_root
=== CONT  TestMountDaemonRoot/rprivate/bind_subpath
=== CONT  TestMountDaemonRoot/rprivate/mount_subpath
=== CONT  TestMountDaemonRoot/slave/bind_root
=== CONT  TestMountDaemonRoot/slave/mount_root
=== CONT  TestMountDaemonRoot/slave/mount_subpath
=== CONT  TestMountDaemonRoot/slave/bind_subpath
=== CONT  TestMountDaemonRoot/private/mount_root
=== CONT  TestMountDaemonRoot/private/bind_root
=== CONT  TestMountDaemonRoot/private/bind_subpath
=== CONT  TestMountDaemonRoot/private/mount_subpath
--- PASS: TestMountDaemonRoot (0.01s)
    --- PASS: TestMountDaemonRoot/rslave (0.00s)
        --- PASS: TestMountDaemonRoot/rslave/bind_root (0.10s)
        --- PASS: TestMountDaemonRoot/rslave/mount_subpath (0.14s)
        --- PASS: TestMountDaemonRoot/rslave/mount_root (0.12s)
        --- PASS: TestMountDaemonRoot/rslave/bind_subpath (0.07s)
    --- PASS: TestMountDaemonRoot/default (0.02s)
        --- PASS: TestMountDaemonRoot/default/bind_subpath (0.09s)
        --- PASS: TestMountDaemonRoot/default/bind_root (0.10s)
        --- PASS: TestMountDaemonRoot/default/mount_subpath (0.07s)
        --- PASS: TestMountDaemonRoot/default/mount_root (0.09s)
    --- PASS: TestMountDaemonRoot/rshared (0.00s)
        --- PASS: TestMountDaemonRoot/rshared/mount_root (0.12s)
        --- PASS: TestMountDaemonRoot/rshared/bind_subpath (0.09s)
        --- PASS: TestMountDaemonRoot/rshared/bind_root (0.13s)
        --- PASS: TestMountDaemonRoot/rshared/mount_subpath (0.10s)
    --- PASS: TestMountDaemonRoot/shared (0.00s)
        --- PASS: TestMountDaemonRoot/shared/mount_subpath (0.09s)
        --- PASS: TestMountDaemonRoot/shared/mount_root (0.05s)
        --- PASS: TestMountDaemonRoot/shared/bind_subpath (0.08s)
        --- PASS: TestMountDaemonRoot/shared/bind_root (0.08s)
    --- PASS: TestMountDaemonRoot/rprivate (0.00s)
        --- PASS: TestMountDaemonRoot/rprivate/mount_root (0.08s)
        --- PASS: TestMountDaemonRoot/rprivate/bind_root (0.09s)
        --- PASS: TestMountDaemonRoot/rprivate/bind_subpath (0.09s)
        --- PASS: TestMountDaemonRoot/rprivate/mount_subpath (0.08s)
    --- PASS: TestMountDaemonRoot/slave (0.00s)
        --- PASS: TestMountDaemonRoot/slave/bind_root (0.08s)
        --- PASS: TestMountDaemonRoot/slave/mount_root (0.08s)
        --- PASS: TestMountDaemonRoot/slave/mount_subpath (0.09s)
        --- PASS: TestMountDaemonRoot/slave/bind_subpath (0.09s)
    --- PASS: TestMountDaemonRoot/private (0.00s)
        --- PASS: TestMountDaemonRoot/private/mount_root (0.08s)
        --- PASS: TestMountDaemonRoot/private/bind_root (0.08s)
        --- PASS: TestMountDaemonRoot/private/bind_subpath (0.08s)
        --- PASS: TestMountDaemonRoot/private/mount_subpath (0.08s)
=== RUN   TestContainerBindMountNonRecursive
--- PASS: TestContainerBindMountNonRecursive (1.32s)
=== RUN   TestNetworkNat
--- PASS: TestNetworkNat (0.56s)
=== RUN   TestNetworkLocalhostTCPNat
--- PASS: TestNetworkLocalhostTCPNat (0.55s)
=== RUN   TestNetworkLoopbackNat
--- PASS: TestNetworkLoopbackNat (0.79s)
=== RUN   TestPause
--- PASS: TestPause (0.55s)
=== RUN   TestPauseFailsOnWindowsServerContainers
--- SKIP: TestPauseFailsOnWindowsServerContainers (0.00s)
    pause_test.go:54: testEnv.DaemonInfo.OSType != "windows" || testEnv.DaemonInfo.Isolation != "process"
=== RUN   TestPauseStopPausedContainer
--- PASS: TestPauseStopPausedContainer (0.57s)
=== RUN   TestPsFilter
--- PASS: TestPsFilter (0.18s)
=== RUN   TestRemoveContainerWithRemovedVolume
--- PASS: TestRemoveContainerWithRemovedVolume (0.48s)
=== RUN   TestRemoveContainerWithVolume
--- PASS: TestRemoveContainerWithVolume (0.56s)
=== RUN   TestRemoveContainerRunning
--- PASS: TestRemoveContainerRunning (0.54s)
=== RUN   TestRemoveContainerForceRemoveRunning
--- PASS: TestRemoveContainerForceRemoveRunning (0.56s)
=== RUN   TestRemoveInvalidContainer
--- PASS: TestRemoveInvalidContainer (0.01s)
=== RUN   TestRenameLinkedContainer
--- PASS: TestRenameLinkedContainer (2.17s)
=== RUN   TestRenameStoppedContainer
--- PASS: TestRenameStoppedContainer (0.55s)
=== RUN   TestRenameRunningContainerAndReuse
--- PASS: TestRenameRunningContainerAndReuse (1.07s)
=== RUN   TestRenameInvalidName
--- PASS: TestRenameInvalidName (0.54s)
=== RUN   TestRenameAnonymousContainer
--- PASS: TestRenameAnonymousContainer (1.78s)
=== RUN   TestRenameContainerWithSameName
--- PASS: TestRenameContainerWithSameName (0.54s)
=== RUN   TestRenameContainerWithLinkedContainer
--- PASS: TestRenameContainerWithLinkedContainer (1.09s)
=== RUN   TestResize
--- PASS: TestResize (0.56s)
=== RUN   TestResizeWithInvalidSize
--- PASS: TestResizeWithInvalidSize (0.52s)
=== RUN   TestResizeWhenContainerNotStarted
--- PASS: TestResizeWhenContainerNotStarted (0.52s)
=== RUN   TestDaemonRestartKillContainers
=== RUN   TestDaemonRestartKillContainers/live-restore=false/container_without_restart_policy/kill-daemon
=== PAUSE TestDaemonRestartKillContainers/live-restore=false/container_without_restart_policy/kill-daemon
=== RUN   TestDaemonRestartKillContainers/live-restore=false/container_without_restart_policy/stop-daemon
=== PAUSE TestDaemonRestartKillContainers/live-restore=false/container_without_restart_policy/stop-daemon
=== RUN   TestDaemonRestartKillContainers/live-restore=true/container_without_restart_policy/kill-daemon
=== PAUSE TestDaemonRestartKillContainers/live-restore=true/container_without_restart_policy/kill-daemon
=== RUN   TestDaemonRestartKillContainers/live-restore=true/container_without_restart_policy/stop-daemon
=== PAUSE TestDaemonRestartKillContainers/live-restore=true/container_without_restart_policy/stop-daemon
=== RUN   TestDaemonRestartKillContainers/live-restore=false/container_with_restart=always/kill-daemon
=== PAUSE TestDaemonRestartKillContainers/live-restore=false/container_with_restart=always/kill-daemon
=== RUN   TestDaemonRestartKillContainers/live-restore=false/container_with_restart=always/stop-daemon
=== PAUSE TestDaemonRestartKillContainers/live-restore=false/container_with_restart=always/stop-daemon
=== RUN   TestDaemonRestartKillContainers/live-restore=true/container_with_restart=always/kill-daemon
=== PAUSE TestDaemonRestartKillContainers/live-restore=true/container_with_restart=always/kill-daemon
=== RUN   TestDaemonRestartKillContainers/live-restore=true/container_with_restart=always/stop-daemon
=== PAUSE TestDaemonRestartKillContainers/live-restore=true/container_with_restart=always/stop-daemon
=== RUN   TestDaemonRestartKillContainers/live-restore=false/container_created_should_not_be_restarted/kill-daemon
=== PAUSE TestDaemonRestartKillContainers/live-restore=false/container_created_should_not_be_restarted/kill-daemon
=== RUN   TestDaemonRestartKillContainers/live-restore=false/container_created_should_not_be_restarted/stop-daemon
=== PAUSE TestDaemonRestartKillContainers/live-restore=false/container_created_should_not_be_restarted/stop-daemon
=== RUN   TestDaemonRestartKillContainers/live-restore=true/container_created_should_not_be_restarted/kill-daemon
=== PAUSE TestDaemonRestartKillContainers/live-restore=true/container_created_should_not_be_restarted/kill-daemon
=== RUN   TestDaemonRestartKillContainers/live-restore=true/container_created_should_not_be_restarted/stop-daemon
=== PAUSE TestDaemonRestartKillContainers/live-restore=true/container_created_should_not_be_restarted/stop-daemon
=== CONT  TestDaemonRestartKillContainers/live-restore=false/container_without_restart_policy/kill-daemon
=== CONT  TestDaemonRestartKillContainers/live-restore=true/container_with_restart=always/kill-daemon
=== CONT  TestDaemonRestartKillContainers/live-restore=false/container_with_restart=always/stop-daemon
=== CONT  TestDaemonRestartKillContainers/live-restore=false/container_with_restart=always/kill-daemon
=== CONT  TestDaemonRestartKillContainers/live-restore=true/container_without_restart_policy/stop-daemon
=== CONT  TestDaemonRestartKillContainers/live-restore=true/container_without_restart_policy/kill-daemon
=== CONT  TestDaemonRestartKillContainers/live-restore=false/container_without_restart_policy/stop-daemon
=== CONT  TestDaemonRestartKillContainers/live-restore=false/container_created_should_not_be_restarted/stop-daemon
=== CONT  TestDaemonRestartKillContainers/live-restore=true/container_created_should_not_be_restarted/stop-daemon
=== CONT  TestDaemonRestartKillContainers/live-restore=true/container_created_should_not_be_restarted/kill-daemon
=== CONT  TestDaemonRestartKillContainers/live-restore=false/container_created_should_not_be_restarted/kill-daemon
=== CONT  TestDaemonRestartKillContainers/live-restore=true/container_with_restart=always/stop-daemon
--- PASS: TestDaemonRestartKillContainers (0.00s)
    --- PASS: TestDaemonRestartKillContainers/live-restore=true/container_with_restart=always/kill-daemon (1.84s)
        daemon.go:296: [dfa9cffff8b2d] waiting for daemon to start
        daemon.go:328: [dfa9cffff8b2d] daemon started
        daemon.go:296: [dfa9cffff8b2d] waiting for daemon to start
        daemon.go:328: [dfa9cffff8b2d] daemon started
        daemon.go:283: [dfa9cffff8b2d] exiting daemon
    --- PASS: TestDaemonRestartKillContainers/live-restore=false/container_without_restart_policy/kill-daemon (2.30s)
        daemon.go:296: [dcae1eba52114] waiting for daemon to start
        daemon.go:328: [dcae1eba52114] daemon started
        daemon.go:296: [dcae1eba52114] waiting for daemon to start
        daemon.go:328: [dcae1eba52114] daemon started
        daemon.go:283: [dcae1eba52114] exiting daemon
    --- PASS: TestDaemonRestartKillContainers/live-restore=false/container_with_restart=always/stop-daemon (2.17s)
        daemon.go:296: [d75fd7485ed69] waiting for daemon to start
        daemon.go:328: [d75fd7485ed69] daemon started
        daemon.go:283: [d75fd7485ed69] exiting daemon
        daemon.go:296: [d75fd7485ed69] waiting for daemon to start
        daemon.go:328: [d75fd7485ed69] daemon started
        daemon.go:283: [d75fd7485ed69] exiting daemon
    --- PASS: TestDaemonRestartKillContainers/live-restore=false/container_with_restart=always/kill-daemon (2.37s)
        daemon.go:296: [d058ed9fcdf98] waiting for daemon to start
        daemon.go:328: [d058ed9fcdf98] daemon started
        daemon.go:296: [d058ed9fcdf98] waiting for daemon to start
        daemon.go:328: [d058ed9fcdf98] daemon started
        daemon.go:283: [d058ed9fcdf98] exiting daemon
    --- PASS: TestDaemonRestartKillContainers/live-restore=true/container_without_restart_policy/stop-daemon (1.88s)
        daemon.go:296: [d70bb9a87e722] waiting for daemon to start
        daemon.go:328: [d70bb9a87e722] daemon started
        daemon.go:283: [d70bb9a87e722] exiting daemon
        daemon.go:296: [d70bb9a87e722] waiting for daemon to start
        daemon.go:328: [d70bb9a87e722] daemon started
        daemon.go:283: [d70bb9a87e722] exiting daemon
    --- PASS: TestDaemonRestartKillContainers/live-restore=true/container_without_restart_policy/kill-daemon (1.90s)
        daemon.go:296: [d5e28040b2e23] waiting for daemon to start
        daemon.go:328: [d5e28040b2e23] daemon started
        daemon.go:296: [d5e28040b2e23] waiting for daemon to start
        daemon.go:328: [d5e28040b2e23] daemon started
        daemon.go:283: [d5e28040b2e23] exiting daemon
    --- PASS: TestDaemonRestartKillContainers/live-restore=false/container_without_restart_policy/stop-daemon (1.85s)
        daemon.go:296: [d7e2ceb9c6956] waiting for daemon to start
        daemon.go:328: [d7e2ceb9c6956] daemon started
        daemon.go:283: [d7e2ceb9c6956] exiting daemon
        daemon.go:296: [d7e2ceb9c6956] waiting for daemon to start
        daemon.go:328: [d7e2ceb9c6956] daemon started
        daemon.go:283: [d7e2ceb9c6956] exiting daemon
    --- PASS: TestDaemonRestartKillContainers/live-restore=false/container_created_should_not_be_restarted/stop-daemon (1.35s)
        daemon.go:296: [dfa30d81c7d39] waiting for daemon to start
        daemon.go:328: [dfa30d81c7d39] daemon started
        daemon.go:283: [dfa30d81c7d39] exiting daemon
        daemon.go:296: [dfa30d81c7d39] waiting for daemon to start
        daemon.go:328: [dfa30d81c7d39] daemon started
        daemon.go:283: [dfa30d81c7d39] exiting daemon
    --- PASS: TestDaemonRestartKillContainers/live-restore=true/container_created_should_not_be_restarted/stop-daemon (1.32s)
        daemon.go:296: [d0a58384c928c] waiting for daemon to start
        daemon.go:328: [d0a58384c928c] daemon started
        daemon.go:283: [d0a58384c928c] exiting daemon
        daemon.go:296: [d0a58384c928c] waiting for daemon to start
        daemon.go:328: [d0a58384c928c] daemon started
        daemon.go:283: [d0a58384c928c] exiting daemon
    --- PASS: TestDaemonRestartKillContainers/live-restore=true/container_created_should_not_be_restarted/kill-daemon (1.38s)
        daemon.go:296: [dc72c5ed2198b] waiting for daemon to start
        daemon.go:328: [dc72c5ed2198b] daemon started
        daemon.go:296: [dc72c5ed2198b] waiting for daemon to start
        daemon.go:328: [dc72c5ed2198b] daemon started
        daemon.go:283: [dc72c5ed2198b] exiting daemon
    --- PASS: TestDaemonRestartKillContainers/live-restore=false/container_created_should_not_be_restarted/kill-daemon (1.31s)
        daemon.go:296: [ddab49555abf8] waiting for daemon to start
        daemon.go:328: [ddab49555abf8] daemon started
        daemon.go:296: [ddab49555abf8] waiting for daemon to start
        daemon.go:328: [ddab49555abf8] daemon started
        daemon.go:283: [ddab49555abf8] exiting daemon
    --- PASS: TestDaemonRestartKillContainers/live-restore=true/container_with_restart=always/stop-daemon (1.85s)
        daemon.go:296: [dd3d1b6001f2e] waiting for daemon to start
        daemon.go:328: [dd3d1b6001f2e] daemon started
        daemon.go:283: [dd3d1b6001f2e] exiting daemon
        daemon.go:296: [dd3d1b6001f2e] waiting for daemon to start
        daemon.go:328: [dd3d1b6001f2e] daemon started
        daemon.go:283: [dd3d1b6001f2e] exiting daemon
=== RUN   TestKernelTCPMemory
--- PASS: TestKernelTCPMemory (0.66s)
=== RUN   TestNISDomainname
--- PASS: TestNISDomainname (0.75s)
=== RUN   TestStats
--- PASS: TestStats (2.47s)
=== RUN   TestStopContainerWithTimeout
=== RUN   TestStopContainerWithTimeout/0
=== PAUSE TestStopContainerWithTimeout/0
=== RUN   TestStopContainerWithTimeout/1
=== PAUSE TestStopContainerWithTimeout/1
=== RUN   TestStopContainerWithTimeout/3
=== PAUSE TestStopContainerWithTimeout/3
=== RUN   TestStopContainerWithTimeout/-1
=== PAUSE TestStopContainerWithTimeout/-1
=== CONT  TestStopContainerWithTimeout/0
=== CONT  TestStopContainerWithTimeout/-1
=== CONT  TestStopContainerWithTimeout/3
=== CONT  TestStopContainerWithTimeout/1
--- PASS: TestStopContainerWithTimeout (0.01s)
    --- PASS: TestStopContainerWithTimeout/0 (0.63s)
    --- PASS: TestStopContainerWithTimeout/-1 (2.64s)
    --- PASS: TestStopContainerWithTimeout/3 (2.52s)
    --- PASS: TestStopContainerWithTimeout/1 (1.52s)
=== RUN   TestDeleteDevicemapper
--- SKIP: TestDeleteDevicemapper (0.00s)
    stop_linux_test.go:74: testEnv.DaemonInfo.Driver != "devicemapper"
=== RUN   TestStopContainerWithRestartPolicyAlways
--- PASS: TestStopContainerWithRestartPolicyAlways (2.10s)
=== RUN   TestUpdateMemory
--- SKIP: TestUpdateMemory (0.00s)
    update_linux_test.go:21: !testEnv.DaemonInfo.SwapLimit
=== RUN   TestUpdateCPUQuota
--- PASS: TestUpdateCPUQuota (1.13s)
=== RUN   TestUpdateRestartPolicy
--- PASS: TestUpdateRestartPolicy (11.35s)
=== RUN   TestUpdateRestartWithAutoRemove
--- PASS: TestUpdateRestartWithAutoRemove (0.54s)
=== RUN   TestWaitNonBlocked
=== RUN   TestWaitNonBlocked/wait-nonblocking-exit-0
=== PAUSE TestWaitNonBlocked/wait-nonblocking-exit-0
=== RUN   TestWaitNonBlocked/wait-nonblocking-exit-random
=== PAUSE TestWaitNonBlocked/wait-nonblocking-exit-random
=== CONT  TestWaitNonBlocked/wait-nonblocking-exit-0
=== CONT  TestWaitNonBlocked/wait-nonblocking-exit-random
--- PASS: TestWaitNonBlocked (0.01s)
    --- PASS: TestWaitNonBlocked/wait-nonblocking-exit-0 (0.68s)
    --- PASS: TestWaitNonBlocked/wait-nonblocking-exit-random (0.70s)
=== RUN   TestWaitBlocked
=== RUN   TestWaitBlocked/test-wait-blocked-exit-zero
=== PAUSE TestWaitBlocked/test-wait-blocked-exit-zero
=== RUN   TestWaitBlocked/test-wait-blocked-exit-random
=== PAUSE TestWaitBlocked/test-wait-blocked-exit-random
=== CONT  TestWaitBlocked/test-wait-blocked-exit-zero
=== CONT  TestWaitBlocked/test-wait-blocked-exit-random
--- PASS: TestWaitBlocked (0.01s)
    --- PASS: TestWaitBlocked/test-wait-blocked-exit-zero (0.80s)
    --- PASS: TestWaitBlocked/test-wait-blocked-exit-random (0.83s)
=== CONT  TestContainerStartOnDaemonRestart
--- PASS: TestContainerStartOnDaemonRestart (2.03s)
    daemon.go:296: [d1b13e7b5f8bb] waiting for daemon to start
    daemon.go:328: [d1b13e7b5f8bb] daemon started
    daemon.go:296: [d1b13e7b5f8bb] waiting for daemon to start
    daemon.go:328: [d1b13e7b5f8bb] daemon started
    daemon.go:283: [d1b13e7b5f8bb] exiting daemon
PASS
Running /go/src/github.com/docker/docker/integration/build
INFO: Testing against a local daemon
=== RUN   TestBuildWithSession
--- PASS: TestBuildWithSession (4.87s)
    daemon.go:296: [d2bdbc7f8f704] waiting for daemon to start
    daemon.go:328: [d2bdbc7f8f704] daemon started
    daemon.go:283: [d2bdbc7f8f704] exiting daemon
=== RUN   TestBuildSquashParent
--- PASS: TestBuildSquashParent (7.74s)
    daemon.go:296: [dc1bf975ac971] waiting for daemon to start
    daemon.go:328: [dc1bf975ac971] daemon started
    daemon.go:283: [dc1bf975ac971] exiting daemon
=== RUN   TestBuildWithRemoveAndForceRemove
=== RUN   TestBuildWithRemoveAndForceRemove/successful_build_with_no_removal
=== PAUSE TestBuildWithRemoveAndForceRemove/successful_build_with_no_removal
=== RUN   TestBuildWithRemoveAndForceRemove/successful_build_with_remove
=== PAUSE TestBuildWithRemoveAndForceRemove/successful_build_with_remove
=== RUN   TestBuildWithRemoveAndForceRemove/successful_build_with_remove_and_force_remove
=== PAUSE TestBuildWithRemoveAndForceRemove/successful_build_with_remove_and_force_remove
=== RUN   TestBuildWithRemoveAndForceRemove/failed_build_with_no_removal
=== PAUSE TestBuildWithRemoveAndForceRemove/failed_build_with_no_removal
=== RUN   TestBuildWithRemoveAndForceRemove/failed_build_with_remove
=== PAUSE TestBuildWithRemoveAndForceRemove/failed_build_with_remove
=== RUN   TestBuildWithRemoveAndForceRemove/failed_build_with_remove_and_force_remove
=== PAUSE TestBuildWithRemoveAndForceRemove/failed_build_with_remove_and_force_remove
=== CONT  TestBuildWithRemoveAndForceRemove/successful_build_with_no_removal
=== CONT  TestBuildWithRemoveAndForceRemove/failed_build_with_no_removal
=== CONT  TestBuildWithRemoveAndForceRemove/failed_build_with_remove_and_force_remove
=== CONT  TestBuildWithRemoveAndForceRemove/failed_build_with_remove
=== CONT  TestBuildWithRemoveAndForceRemove/successful_build_with_remove_and_force_remove
=== CONT  TestBuildWithRemoveAndForceRemove/successful_build_with_remove
--- PASS: TestBuildWithRemoveAndForceRemove (0.03s)
    --- PASS: TestBuildWithRemoveAndForceRemove/successful_build_with_no_removal (2.57s)
    --- PASS: TestBuildWithRemoveAndForceRemove/failed_build_with_no_removal (2.63s)
    --- PASS: TestBuildWithRemoveAndForceRemove/failed_build_with_remove_and_force_remove (1.98s)
    --- PASS: TestBuildWithRemoveAndForceRemove/failed_build_with_remove (1.99s)
    --- PASS: TestBuildWithRemoveAndForceRemove/successful_build_with_remove (1.92s)
    --- PASS: TestBuildWithRemoveAndForceRemove/successful_build_with_remove_and_force_remove (2.05s)
=== RUN   TestBuildMultiStageParentConfig
--- PASS: TestBuildMultiStageParentConfig (34.28s)
    build_test.go:175: [{-1 1546620169 sha256:57a5a97fa5717cfbca8ba6e9137388d5216cb8ee8f00da9eb48d5bc68ca5a9ea map[] sha256:1b73946a6811ad8f2e2c2c32e21fea0a6c87d78ee9dfd84d98f66a944b1d44a7 [] [build1:latest] -1 1129289 1129289} {-1 1546620168 sha256:05ddc3032e08a045886e79c751c1b7245f7faf71d2428c3254ad41cafb6f45ee map[] sha256:d264bad136acf1a899e3cdd36363ffdc424e929c1ee832fd769a472107a2dcb7 [<none>@<none>] [<none>:<none>] -1 1129289 1129289} {-1 1546620164 sha256:0d3c00950e940019c892fca0e0ab5f364155578aa338520a6097c86a0e7d1015 map[] sha256:6ad733544a6317992a6fac4eb19fe1df577d4dec7529efec28a5bd0edad0fd30 [<none>@<none>] [<none>:<none>] -1 1129289 1129289} {-1 1546620164 sha256:a457d4cc133678e6233c2bf0b09bb6e269e4c24ed709ae82f059c669a3033bd4 map[] sha256:6ad733544a6317992a6fac4eb19fe1df577d4dec7529efec28a5bd0edad0fd30 [<none>@<none>] [<none>:<none>] -1 1129289 1129289} {-1 1546620162 sha256:e7533df081b6f481673447e42989db6f8c1d811bbdc8c93d26cee20b847cdc1a map[] sha256:6ad733544a6317992a6fac4eb19fe1df577d4dec7529efec28a5bd0edad0fd30 [<none>@<none>] [<none>:<none>] -1 1129289 1129289} {-1 1546620162 sha256:6df00a7198e3a4f628be4f2afd0e96d2615ae353aab7165f5709ed51cb147dca map[] sha256:6ad733544a6317992a6fac4eb19fe1df577d4dec7529efec28a5bd0edad0fd30 [<none>@<none>] [<none>:<none>] -1 1129289 1129289} {-1 1546620160 sha256:096057d90a2531cf4cd552f9b34a236b7769dfbbfb5dc5c643852340740adb92 map[] sha256:6ad733544a6317992a6fac4eb19fe1df577d4dec7529efec28a5bd0edad0fd30 [<none>@<none>] [<none>:<none>] -1 1129289 1129289} {-1 1546620160 sha256:137c1366b2a148d19a2293239b4d2b4d06407a80a0e0361611a9fbbca6a513d6 map[] sha256:6ad733544a6317992a6fac4eb19fe1df577d4dec7529efec28a5bd0edad0fd30 [<none>@<none>] [<none>:<none>] -1 1129289 1129289} {-1 1546620157 sha256:f3fd3e4a10b1dad73e4e566563263a54e60805f7c2d0f6dba418ecfa9e360134 map[]  [] [test:latest] -1 1129301 1129301} {-1 1546620155 sha256:8f8c310337d1254862a8b1ac3e7a2f31ffbd57ce41f3cc169f452815886649fa map[] sha256:8e69771db3fb95acbcce2c691eda2519e2fab75cf60c70c4f8bd1fc1bbdc3fa2 [<none>@<none>] [<none>:<none>] -1 1129313 1129313} {-1 1546620150 sha256:d1effec409842e40ef908674cbb7952dbdd78c0f3616c36548ee764e5e3583e8 map[] sha256:556d45a5698cd44426aacf6f010ffe355107dc39fec6528655a35c1c860bafb2 [<none>@<none>] [<none>:<none>] -1 1129315 1129315} {-1 1516768215 sha256:2bbf44aed9f866d88c0e7d006d4ffe8d53186a12ffd6dca5e1baa59ba3024b85 map[]  [] [busybox:glibc] -1 4403842 4403842} {-1 1511223798 sha256:f2a91732366c0332ccd7afd2a5c4ff2b9af81f549370f7a19acd460f87686bc7 map[]  [] [hello-world:frozen] -1 1848 1848} {-1 1509809246 sha256:cb92533ca5cc26b3e36c11b6007fb838a8d2ea73a24faf738084c57ce193b944 map[]  [] [buildpack-deps:jessie] -1 614674590 614674590} {-1 1509772896 sha256:25fc9eb3417fa06d0d7fc83706b1ef5855dd1a8767fc29476b49e4edf8230867 map[]  [] [debian:jessie] -1 123385136 123385136} {-1 1509748757 sha256:6ad733544a6317992a6fac4eb19fe1df577d4dec7529efec28a5bd0edad0fd30 map[]  [] [busybox:latest] -1 1129289 1129289} {-1 1371157430 sha256:11f64303f0f7ffdc71f001788132bca5346831939a956e3e975c93267d89a16d map[]  [] [emptyfs:latest] -1 0 0}]
=== RUN   TestBuildLabelWithTargets
--- PASS: TestBuildLabelWithTargets (7.99s)
=== RUN   TestBuildWithEmptyLayers
--- PASS: TestBuildWithEmptyLayers (3.00s)
=== RUN   TestBuildMultiStageOnBuild
--- PASS: TestBuildMultiStageOnBuild (5.04s)
=== RUN   TestBuildUncleanTarFilenames
--- PASS: TestBuildUncleanTarFilenames (0.72s)
=== RUN   TestBuildMultiStageLayerLeak
--- PASS: TestBuildMultiStageLayerLeak (4.28s)
=== RUN   TestBuildWithHugeFile
--- PASS: TestBuildWithHugeFile (145.14s)
PASS
Running /go/src/github.com/docker/docker/integration/volume
INFO: Testing against a local daemon
=== RUN   TestVolumesCreateAndList
--- PASS: TestVolumesCreateAndList (0.03s)
=== RUN   TestVolumesRemove
--- PASS: TestVolumesRemove (0.10s)
=== RUN   TestVolumesInspect
--- PASS: TestVolumesInspect (0.03s)
=== RUN   TestVolumesInvalidJSON
=== RUN   TestVolumesInvalidJSON//volumes/create
=== PAUSE TestVolumesInvalidJSON//volumes/create
=== CONT  TestVolumesInvalidJSON//volumes/create
--- PASS: TestVolumesInvalidJSON (0.02s)
    --- PASS: TestVolumesInvalidJSON//volumes/create (0.00s)
PASS
Running /go/src/github.com/docker/docker/integration/system
INFO: Testing against a local daemon
=== RUN   TestCgroupDriverSystemdMemoryLimit
=== PAUSE TestCgroupDriverSystemdMemoryLimit
=== RUN   TestEventsExecDie
--- PASS: TestEventsExecDie (0.65s)
=== RUN   TestEventsBackwardsCompatible
--- PASS: TestEventsBackwardsCompatible (0.09s)
=== RUN   TestInfoBinaryCommits
--- PASS: TestInfoBinaryCommits (0.02s)
=== RUN   TestInfoAPIVersioned
--- PASS: TestInfoAPIVersioned (0.01s)
=== RUN   TestInfoAPI
--- PASS: TestInfoAPI (0.02s)
=== RUN   TestInfoAPIWarnings
--- PASS: TestInfoAPIWarnings (0.71s)
    daemon.go:296: [dbd7280aebd2d] waiting for daemon to start
    daemon.go:328: [dbd7280aebd2d] daemon started
    daemon.go:283: [dbd7280aebd2d] exiting daemon
=== RUN   TestLoginFailsWithBadCredentials
--- PASS: TestLoginFailsWithBadCredentials (1.33s)
=== RUN   TestVersion
--- PASS: TestVersion (0.02s)
=== CONT  TestCgroupDriverSystemdMemoryLimit
--- SKIP: TestCgroupDriverSystemdMemoryLimit (0.00s)
    cgroupdriver_systemd_test.go:35: systemd not available
PASS
Running /go/src/github.com/docker/docker/integration/image
INFO: Testing against a local daemon
=== RUN   TestCommitInheritsEnv
--- PASS: TestCommitInheritsEnv (1.24s)
=== RUN   TestImportExtremelyLargeImageWorks
--- PASS: TestImportExtremelyLargeImageWorks (124.21s)
=== RUN   TestImagesFilterMultiReference
--- PASS: TestImagesFilterMultiReference (0.05s)
=== RUN   TestRemoveImageOrphaning
--- PASS: TestRemoveImageOrphaning (1.74s)
=== RUN   TestTagUnprefixedRepoByNameOrName
--- PASS: TestTagUnprefixedRepoByNameOrName (0.03s)
=== RUN   TestTagInvalidReference
--- PASS: TestTagInvalidReference (0.02s)
=== RUN   TestTagValidPrefixedRepo
--- PASS: TestTagValidPrefixedRepo (0.05s)
=== RUN   TestTagExistedNameWithoutForce
--- PASS: TestTagExistedNameWithoutForce (0.02s)
=== RUN   TestTagOfficialNames
--- PASS: TestTagOfficialNames (0.05s)
=== RUN   TestTagMatchesDigest
--- PASS: TestTagMatchesDigest (0.02s)
PASS
Running /go/src/github.com/docker/docker/integration-cli
INFO: Testing against a local daemon
PASS: docker_api_test.go:36: DockerSuite.TestAPIClientVersionOldNotSupported	0.006s
PASS: docker_api_network_test.go:239: DockerSuite.TestAPICreateDeletePredefinedNetworks	0.009s
PASS: docker_api_test.go:60: DockerSuite.TestAPIErrorJSON	0.002s
PASS: docker_api_test.go:91: DockerSuite.TestAPIErrorNotFoundJSON	0.001s
PASS: docker_api_test.go:102: DockerSuite.TestAPIErrorNotFoundPlainText	0.001s
PASS: docker_api_test.go:74: DockerSuite.TestAPIErrorPlainText	0.002s
PASS: docker_api_test.go:24: DockerSuite.TestAPIGetEnabledCORS	0.001s
PASS: docker_api_images_test.go:90: DockerSuite.TestAPIImagesDelete	1.311s
PASS: docker_api_images_test.go:22: DockerSuite.TestAPIImagesFilter	0.064s
PASS: docker_api_images_test.go:114: DockerSuite.TestAPIImagesHistory	0.879s
PASS: docker_api_images_test.go:140: DockerSuite.TestAPIImagesImportBadSrc	0.348s
PASS: docker_api_images_test.go:60: DockerSuite.TestAPIImagesSaveAndLoad	0.762s
PASS: docker_api_images_test.go:175: DockerSuite.TestAPIImagesSearchJSONContentType	0.809s
PASS: docker_api_images_test.go:187: DockerSuite.TestAPIImagesSizeCompatibility	0.017s
PASS: docker_api_network_test.go:129: DockerSuite.TestAPINetworkConnectDisconnect	0.609s
PASS: docker_api_network_test.go:29: DockerSuite.TestAPINetworkCreateCheckDuplicate	0.082s
PASS: docker_api_network_test.go:67: DockerSuite.TestAPINetworkFilter	0.004s
PASS: docker_api_network_test.go:20: DockerSuite.TestAPINetworkGetDefaults	0.004s
PASS: docker_api_network_test.go:170: DockerSuite.TestAPINetworkIPAMMultipleBridgeNetworks	0.542s
PASS: docker_api_network_test.go:73: DockerSuite.TestAPINetworkInspectBridge	0.367s
PASS: docker_api_network_test.go:98: DockerSuite.TestAPINetworkInspectUserDefinedNetwork	0.115s
PASS: docker_api_test.go:18: DockerSuite.TestAPIOptionsRoute	0.001s
PASS: docker_api_stats_test.go:263: DockerSuite.TestAPIStatsContainerNotFound	0.001s
PASS: docker_api_stats_test.go:99: DockerSuite.TestAPIStatsNetworkStats	4.130s
PASS: docker_api_stats_test.go:166: DockerSuite.TestAPIStatsNetworkStatsVersioning	1.796s
PASS: docker_api_stats_test.go:277: DockerSuite.TestAPIStatsNoStreamConnectedContainers	1.800s
PASS: docker_api_stats_test.go:25: DockerSuite.TestAPIStatsNoStreamGetCpu	1.661s
PASS: docker_api_stats_test.go:64: DockerSuite.TestAPIStatsStoppedContainerInGoroutines	0.375s
PASS: docker_cli_run_test.go:3181: DockerSuite.TestAppArmorDeniesChmodProc	0.539s
PASS: docker_cli_run_test.go:3159: DockerSuite.TestAppArmorDeniesPtrace	0.506s
PASS: docker_cli_run_test.go:3171: DockerSuite.TestAppArmorTraceSelf	0.519s
PASS: docker_cli_attach_unix_test.go:61: DockerSuite.TestAttachAfterDetach	1.473s
PASS: docker_cli_attach_unix_test.go:18: DockerSuite.TestAttachClosedOnContainerStop	1.532s
PASS: docker_cli_attach_unix_test.go:126: DockerSuite.TestAttachDetach	0.510s
PASS: docker_cli_attach_test.go:135: DockerSuite.TestAttachDisconnect	0.380s
PASS: docker_cli_attach_test.go:20: DockerSuite.TestAttachMultipleAndRestart	1.550s
PASS: docker_cli_attach_test.go:168: DockerSuite.TestAttachPausedContainer	0.380s
PASS: docker_cli_attach_test.go:90: DockerSuite.TestAttachTTYWithoutStdin	0.362s
PASS: docker_api_build_test.go:160: DockerSuite.TestBuildAPIBuildGitWithF	0.925s
PASS: docker_api_build_test.go:26: DockerSuite.TestBuildAPIDockerFileRemote	1.929s
PASS: docker_api_build_test.go:181: DockerSuite.TestBuildAPIDoubleDockerfile	0.993s
PASS: docker_api_build_test.go:142: DockerSuite.TestBuildAPILowerDockerfile	0.989s
PASS: docker_api_build_test.go:57: DockerSuite.TestBuildAPIRemoteTarballContext	0.003s
PASS: docker_api_build_test.go:88: DockerSuite.TestBuildAPIRemoteTarballContextWithCustomDockerfile	0.973s
PASS: docker_api_build_test.go:203: DockerSuite.TestBuildAPIUnnormalizedTarPaths	1.985s
PASS: docker_cli_build_test.go:573: DockerSuite.TestBuildAddAndCopyFileWithWhitespace	28.058s
PASS: docker_cli_build_test.go:926: DockerSuite.TestBuildAddBadLinks	0.918s
PASS: docker_cli_build_test.go:1006: DockerSuite.TestBuildAddBadLinksVolume	2.990s
PASS: docker_cli_build_test.go:2885: DockerSuite.TestBuildAddBrokenTar	0.151s
PASS: docker_api_build_test.go:479: DockerSuite.TestBuildAddCacheOnFileChange	1.815s
PASS: docker_cli_build_unix_test.go:87: DockerSuite.TestBuildAddChangeOwnership	2.988s
PASS: docker_cli_build_test.go:1863: DockerSuite.TestBuildAddCurrentDirWithCache	2.693s
PASS: docker_cli_build_test.go:1910: DockerSuite.TestBuildAddCurrentDirWithoutCache	1.408s
PASS: docker_cli_build_test.go:751: DockerSuite.TestBuildAddDirContentToExistingDir	8.840s
PASS: docker_cli_build_test.go:737: DockerSuite.TestBuildAddDirContentToRoot	4.987s
PASS: docker_cli_build_test.go:2189: DockerSuite.TestBuildAddFileNotFound	0.074s
PASS: docker_cli_build_test.go:1997: DockerSuite.TestBuildAddLocalAndRemoteFilesWithAndWithoutCache	3.893s
PASS: docker_cli_build_test.go:1807: DockerSuite.TestBuildAddMultipleLocalFileWithAndWithoutCache	6.983s
PASS: docker_cli_build_test.go:2936: DockerSuite.TestBuildAddNonTar	1.954s
PASS: docker_cli_build_test.go:785: DockerSuite.TestBuildAddOrCopyEtcToRootShouldNotConflict	0.450s
PASS: docker_cli_build_test.go:797: DockerSuite.TestBuildAddPreservesFilesSpecialBits	4.480s
PASS: docker_cli_build_test.go:1954: DockerSuite.TestBuildAddRemoteFileMTime	3.326s
PASS: docker_cli_build_test.go:1929: DockerSuite.TestBuildAddRemoteFileWithAndWithoutCache	0.768s
PASS: docker_api_build_test.go:364: DockerSuite.TestBuildAddRemoteNoDecompress	1.834s
PASS: docker_cli_build_test.go:2815: DockerSuite.TestBuildAddScript	3.990s
PASS: docker_cli_build_test.go:505: DockerSuite.TestBuildAddSingleFileToExistDir	8.976s
PASS: docker_cli_build_test.go:722: DockerSuite.TestBuildAddSingleFileToNonExistingDir	5.982s
PASS: docker_cli_build_test.go:466: DockerSuite.TestBuildAddSingleFileToRoot	3.969s
PASS: docker_cli_build_test.go:482: DockerSuite.TestBuildAddSingleFileToWorkdir	0.973s
PASS: docker_cli_build_test.go:2831: DockerSuite.TestBuildAddTar	12.981s
PASS: docker_cli_build_test.go:2949: DockerSuite.TestBuildAddTarXz	1.964s
PASS: docker_cli_build_test.go:2998: DockerSuite.TestBuildAddTarXzGz	1.972s
PASS: docker_cli_build_test.go:2245: DockerSuite.TestBuildAddToSymlinkDest	4.967s
PASS: docker_cli_build_test.go:767: DockerSuite.TestBuildAddWholeDirToRoot	7.969s
PASS: docker_cli_build_test.go:1440: DockerSuite.TestBuildBlankName	0.230s
PASS: docker_cli_build_test.go:4089: DockerSuite.TestBuildBuildTimeArg	3.243s
PASS: docker_cli_build_test.go:4461: DockerSuite.TestBuildBuildTimeArgBuiltinArg	2.923s
PASS: docker_cli_build_test.go:4183: DockerSuite.TestBuildBuildTimeArgCacheHit	1.551s
PASS: docker_cli_build_test.go:4207: DockerSuite.TestBuildBuildTimeArgCacheMissExtraArg	2.880s
PASS: docker_cli_build_test.go:4238: DockerSuite.TestBuildBuildTimeArgCacheMissSameArgDiffVal	1.971s
PASS: docker_cli_build_test.go:4484: DockerSuite.TestBuildBuildTimeArgDefaultOverride	4.500s
PASS: docker_cli_build_test.go:4623: DockerSuite.TestBuildBuildTimeArgDefinitionWithNoEnvInjection	1.419s
PASS: docker_cli_build_test.go:4607: DockerSuite.TestBuildBuildTimeArgEmptyValVariants	5.977s
PASS: docker_cli_build_test.go:4526: DockerSuite.TestBuildBuildTimeArgEnv	17.981s
PASS: docker_cli_build_test.go:4319: DockerSuite.TestBuildBuildTimeArgExpansion	14.049s
PASS: docker_cli_build_test.go:4409: DockerSuite.TestBuildBuildTimeArgExpansionOverride	5.424s
PASS: docker_cli_build_test.go:4122: DockerSuite.TestBuildBuildTimeArgHistory	0.468s
PASS: docker_cli_build_test.go:4263: DockerSuite.TestBuildBuildTimeArgOverrideArgDefinedBeforeEnv	2.453s
PASS: docker_cli_build_test.go:4292: DockerSuite.TestBuildBuildTimeArgOverrideEnvDefinedBeforeArg	3.966s
PASS: docker_cli_build_test.go:4586: DockerSuite.TestBuildBuildTimeArgQuotedValVariants	8.459s
PASS: docker_cli_build_test.go:4510: DockerSuite.TestBuildBuildTimeArgUnconsumedArg	1.968s
PASS: docker_cli_build_test.go:4437: DockerSuite.TestBuildBuildTimeArgUntrustedDefinedAfterUse	2.495s
PASS: docker_cli_build_test.go:371: DockerSuite.TestBuildCacheAdd	0.459s
PASS: docker_cli_build_test.go:4760: DockerSuite.TestBuildCacheBrokenSymlink	1.960s
PASS: docker_cli_build_test.go:5411: DockerSuite.TestBuildCacheFrom	8.008s
PASS: docker_cli_build_test.go:5389: DockerSuite.TestBuildCacheFromEqualDiffIDsLength	2.048s
PASS: docker_cli_build_test.go:4872: DockerSuite.TestBuildCacheRootSource	1.843s
PASS: docker_cli_build_unix_test.go:133: DockerSuite.TestBuildCancellationKillsSleep	0.465s
PASS: docker_api_build_test.go:408: DockerSuite.TestBuildChownOnCopy	7.390s
PASS: docker_cli_build_test.go:3574: DockerSuite.TestBuildChownSingleFile	2.983s
PASS: docker_cli_build_test.go:3137: DockerSuite.TestBuildCleanupCmdOnEntrypoint	3.003s
PASS: docker_cli_build_test.go:3156: DockerSuite.TestBuildClearCmd	1.974s
PASS: docker_cli_build_test.go:1577: DockerSuite.TestBuildCmd	0.973s
PASS: docker_cli_build_test.go:3240: DockerSuite.TestBuildCmdJSONNoShDashC	0.988s
PASS: docker_cli_build_test.go:3199: DockerSuite.TestBuildCmdShDashC	0.983s
SKIP: docker_cli_build_test.go:5339: DockerSuite.TestBuildCmdShellArgsEscaped (unmatched requirement DaemonIsWindows)
PASS: docker_cli_build_test.go:3214: DockerSuite.TestBuildCmdSpaces	3.971s
PASS: docker_cli_build_test.go:2645: DockerSuite.TestBuildCommentsShebangs	5.974s
PASS: docker_cli_build_test.go:1773: DockerSuite.TestBuildConditionalCache	2.101s
PASS: docker_cli_build_test.go:5600: DockerSuite.TestBuildContChar	2.862s
PASS: docker_cli_build_test.go:3973: DockerSuite.TestBuildContainerWithCgroupParent	0.991s
PASS: docker_cli_build_test.go:1512: DockerSuite.TestBuildContextCleanup	0.966s
PASS: docker_cli_build_test.go:1534: DockerSuite.TestBuildContextCleanupFailedBuild	0.498s
PASS: docker_cli_build_test.go:2045: DockerSuite.TestBuildContextTarGzip	1.473s
PASS: docker_cli_build_test.go:2049: DockerSuite.TestBuildContextTarNoCompression	0.988s
PASS: docker_cli_build_test.go:521: DockerSuite.TestBuildCopyAddMultipleFiles	13.988s
PASS: docker_api_build_test.go:438: DockerSuite.TestBuildCopyCacheOnFileChange	1.968s
PASS: docker_cli_build_test.go:1839: DockerSuite.TestBuildCopyDirButNotFile	0.326s
PASS: docker_cli_build_test.go:893: DockerSuite.TestBuildCopyDirContentToExistDir	3.637s
PASS: docker_cli_build_test.go:879: DockerSuite.TestBuildCopyDirContentToRoot	4.986s
PASS: docker_cli_build_test.go:6024: DockerSuite.TestBuildCopyFileDotWithWorkdir	2.983s
SKIP: docker_cli_build_test.go:606: DockerSuite.TestBuildCopyFileWithWhitespaceOnWindows (unmatched requirement DaemonIsWindows)
SKIP: docker_cli_build_test.go:5897: DockerSuite.TestBuildCopyFromForbidWindowsRelativePaths (unmatched requirement DaemonIsWindows)
SKIP: docker_cli_build_test.go:5880: DockerSuite.TestBuildCopyFromForbidWindowsSystemPaths (unmatched requirement DaemonIsWindows)
SKIP: docker_cli_build_test.go:5915: DockerSuite.TestBuildCopyFromWindowsIsCaseInsensitive (unmatched requirement DaemonIsWindows)
PASS: docker_cli_build_test.go:848: DockerSuite.TestBuildCopySingleFileToExistDir	4.884s
PASS: docker_cli_build_test.go:864: DockerSuite.TestBuildCopySingleFileToNonExistDir	5.988s
PASS: docker_cli_build_test.go:810: DockerSuite.TestBuildCopySingleFileToRoot	3.985s
PASS: docker_cli_build_test.go:826: DockerSuite.TestBuildCopySingleFileToWorkdir	0.974s
PASS: docker_cli_build_test.go:909: DockerSuite.TestBuildCopyWholeDirToRoot	6.980s
PASS: docker_cli_build_test.go:636: DockerSuite.TestBuildCopyWildcard	8.093s
PASS: docker_cli_build_test.go:696: DockerSuite.TestBuildCopyWildcardCache	0.950s
PASS: docker_cli_build_test.go:676: DockerSuite.TestBuildCopyWildcardInName	1.864s
PASS: docker_cli_build_test.go:5140: DockerSuite.TestBuildDeleteCommittedFile	3.980s
PASS: docker_cli_build_test.go:2068: DockerSuite.TestBuildDockerfileStdin	1.992s
PASS: docker_cli_build_test.go:2088: DockerSuite.TestBuildDockerfileStdinConflict	0.012s
PASS: docker_cli_build_test.go:2102: DockerSuite.TestBuildDockerfileStdinDockerignore	1.428s
PASS: docker_cli_build_test.go:2106: DockerSuite.TestBuildDockerfileStdinDockerignoreIgnored	1.004s
PASS: docker_cli_build_test.go:2098: DockerSuite.TestBuildDockerfileStdinNoExtraFiles	0.956s
PASS: docker_cli_build_test.go:2296: DockerSuite.TestBuildDockerignore	11.451s
PASS: docker_cli_build_test.go:2334: DockerSuite.TestBuildDockerignoreCleanPaths	1.986s
PASS: docker_cli_build_test.go:5150: DockerSuite.TestBuildDockerignoreComment	3.984s
PASS: docker_cli_build_test.go:2348: DockerSuite.TestBuildDockerignoreExceptions	12.975s
PASS: docker_cli_build_test.go:2445: DockerSuite.TestBuildDockerignoreTouchDockerfile	1.287s
PASS: docker_cli_build_test.go:2521: DockerSuite.TestBuildDockerignoringBadExclusion	0.014s
PASS: docker_cli_build_test.go:2393: DockerSuite.TestBuildDockerignoringDockerfile	5.630s
PASS: docker_cli_build_test.go:2432: DockerSuite.TestBuildDockerignoringDockerignore	2.983s
PASS: docker_cli_build_test.go:2504: DockerSuite.TestBuildDockerignoringOnlyDotfiles	2.984s
PASS: docker_cli_build_test.go:2411: DockerSuite.TestBuildDockerignoringRenamedDockerfile	7.970s
PASS: docker_cli_build_test.go:2487: DockerSuite.TestBuildDockerignoringWholeDir	2.981s
PASS: docker_cli_build_test.go:2560: DockerSuite.TestBuildDockerignoringWildDirs	2.973s
PASS: docker_cli_build_test.go:2538: DockerSuite.TestBuildDockerignoringWildTopDir	18.989s
PASS: docker_cli_build_test.go:3944: DockerSuite.TestBuildDotDotFile	0.079s
PASS: docker_cli_build_test.go:2634: DockerSuite.TestBuildEOLInLine	4.858s
PASS: docker_cli_build_test.go:3168: DockerSuite.TestBuildEmptyCmd	0.993s
PASS: docker_cli_build_test.go:1704: DockerSuite.TestBuildEmptyEntrypoint	0.987s
PASS: docker_cli_build_test.go:1681: DockerSuite.TestBuildEmptyEntrypointInheritance	1.982s
PASS: docker_cli_build_test.go:3936: DockerSuite.TestBuildEmptyScratch	0.078s
PASS: docker_cli_build_test.go:3961: DockerSuite.TestBuildEmptyStringVolume	0.873s
PASS: docker_cli_build_test.go:1718: DockerSuite.TestBuildEntrypoint	1.002s
PASS: docker_cli_build_test.go:3251: DockerSuite.TestBuildEntrypointCanBeOverriddenByChild	2.495s
PASS: docker_cli_build_test.go:3271: DockerSuite.TestBuildEntrypointCanBeOverriddenByChildInspect	1.981s
PASS: docker_cli_build_test.go:2170: DockerSuite.TestBuildEntrypointRunCleanup	3.426s
PASS: docker_cli_build_test.go:1469: DockerSuite.TestBuildEnv	2.988s
PASS: docker_cli_build_test.go:302: DockerSuite.TestBuildEnvEscapes	2.492s
PASS: docker_cli_build_test.go:319: DockerSuite.TestBuildEnvOverwrite	0.955s
PASS: docker_cli_build_test.go:2715: DockerSuite.TestBuildEnvUsage	16.462s
PASS: docker_cli_build_test.go:2746: DockerSuite.TestBuildEnvUsage2	46.984s
PASS: docker_cli_build_test.go:147: DockerSuite.TestBuildEnvironmentReplacementAddCopy	7.963s
PASS: docker_cli_build_test.go:171: DockerSuite.TestBuildEnvironmentReplacementEnv	18.992s
PASS: docker_cli_build_test.go:102: DockerSuite.TestBuildEnvironmentReplacementExpose	3.959s
PASS: docker_cli_build_test.go:60: DockerSuite.TestBuildEnvironmentReplacementUser	1.949s
PASS: docker_cli_build_test.go:77: DockerSuite.TestBuildEnvironmentReplacementVolume	1.957s
PASS: docker_cli_build_test.go:127: DockerSuite.TestBuildEnvironmentReplacementWorkdir	2.973s
SKIP: docker_cli_build_test.go:5317: DockerSuite.TestBuildEscapeNotBackslashWordTest (unmatched requirement DaemonIsWindows)
PASS: docker_cli_build_test.go:2263: DockerSuite.TestBuildEscapeWhitespace	0.926s
PASS: docker_cli_build_test.go:3302: DockerSuite.TestBuildExoticShellInterpolation	12.956s
PASS: docker_cli_build_test.go:1590: DockerSuite.TestBuildExpose	0.977s
PASS: docker_cli_build_test.go:1604: DockerSuite.TestBuildExposeMorePorts	1.039s
PASS: docker_cli_build_test.go:1653: DockerSuite.TestBuildExposeOrder	0.973s
PASS: docker_cli_build_test.go:1669: DockerSuite.TestBuildExposeUpperCaseProto	0.851s
PASS: docker_cli_build_test.go:2227: DockerSuite.TestBuildFails	0.574s
PASS: docker_cli_build_test.go:4897: DockerSuite.TestBuildFailsGitNotCallable	0.030s
PASS: docker_cli_build_test.go:4817: DockerSuite.TestBuildFollowSymlinkToDir	1.799s
PASS: docker_cli_build_test.go:4787: DockerSuite.TestBuildFollowSymlinkToFile	1.979s
PASS: docker_cli_build_test.go:1170: DockerSuite.TestBuildForceRm	1.973s
PASS: docker_cli_build_test.go:3051: DockerSuite.TestBuildFromGit	2.463s
PASS: docker_cli_build_test.go:3070: DockerSuite.TestBuildFromGitWithContext	0.970s
PASS: docker_cli_build_test.go:3089: DockerSuite.TestBuildFromGitWithF	0.968s
PASS: docker_cli_build_test.go:3701: DockerSuite.TestBuildFromMixedcaseDockerfile	1.976s
PASS: docker_cli_build_test.go:3777: DockerSuite.TestBuildFromOfficialNames	0.564s
PASS: docker_cli_build_test.go:3102: DockerSuite.TestBuildFromRemoteTarball	0.418s
PASS: docker_cli_build_test.go:3752: DockerSuite.TestBuildFromStdinWithF	2.960s
PASS: docker_cli_build_test.go:3725: DockerSuite.TestBuildFromURLWithF	2.984s
PASS: docker_cli_build_test.go:234: DockerSuite.TestBuildHandleEscapesInVolume	5.990s
PASS: docker_cli_history_test.go:16: DockerSuite.TestBuildHistory	25.960s
PASS: docker_cli_build_test.go:6157: DockerSuite.TestBuildIidFile	1.972s
PASS: docker_cli_build_test.go:6182: DockerSuite.TestBuildIidFileCleanupOnFail	0.485s
PASS: docker_cli_build_test.go:2206: DockerSuite.TestBuildInheritance	1.478s
PASS: docker_cli_build_test.go:5954: DockerSuite.TestBuildIntermediateTarget	0.271s
PASS: docker_cli_build_test.go:3191: DockerSuite.TestBuildInvalidTag	0.013s
PASS: docker_cli_build_test.go:34: DockerSuite.TestBuildJSONEmptyRun	0.691s
PASS: docker_cli_build_test.go:4923: DockerSuite.TestBuildLabel	1.920s
PASS: docker_cli_build_test.go:4954: DockerSuite.TestBuildLabelCacheCommit	0.977s
PASS: docker_cli_build_test.go:4975: DockerSuite.TestBuildLabelMultiple	1.974s
PASS: docker_cli_build_test.go:4940: DockerSuite.TestBuildLabelOneNode	0.988s
PASS: docker_cli_build_test.go:3373: DockerSuite.TestBuildLabels	1.980s
PASS: docker_cli_build_test.go:3385: DockerSuite.TestBuildLabelsCache	2.059s
PASS: docker_cli_build_test.go:5061: DockerSuite.TestBuildLabelsOverride	11.890s
PASS: docker_cli_build_test.go:391: DockerSuite.TestBuildLastModified	5.468s
PASS: docker_cli_build_test.go:2623: DockerSuite.TestBuildLineBreak	4.389s
PASS: docker_cli_build_test.go:6086: DockerSuite.TestBuildLineErrorOnBuild	0.085s
PASS: docker_cli_build_test.go:6097: DockerSuite.TestBuildLineErrorUnknownInstruction	0.073s
PASS: docker_cli_build_test.go:6128: DockerSuite.TestBuildLineErrorWithComments	0.070s
PASS: docker_cli_build_test.go:6111: DockerSuite.TestBuildLineErrorWithEmptyLines	0.079s
PASS: docker_cli_build_test.go:1267: DockerSuite.TestBuildMaintainer	0.621s
PASS: docker_cli_build_test.go:3891: DockerSuite.TestBuildMissingArgs	1.101s
PASS: docker_cli_build_test.go:444: DockerSuite.TestBuildModifyFileInFolder	2.869s
PASS: docker_cli_build_test.go:5934: DockerSuite.TestBuildMulitStageResetScratch	1.972s
PASS: docker_cli_build_test.go:4637: DockerSuite.TestBuildMultiStageArg	6.017s
PASS: docker_cli_build_test.go:5505: DockerSuite.TestBuildMultiStageCache	1.009s
PASS: docker_cli_build_test.go:5684: DockerSuite.TestBuildMultiStageCopyFromErrors	2.221s
PASS: docker_cli_build_test.go:5626: DockerSuite.TestBuildMultiStageCopyFromSyntax	15.684s
PASS: docker_cli_build_test.go:4661: DockerSuite.TestBuildMultiStageGlobalArg	4.892s
PASS: docker_cli_build_test.go:5764: DockerSuite.TestBuildMultiStageImplicitFrom	1.874s
PASS: docker_cli_build_test.go:5731: DockerSuite.TestBuildMultiStageMultipleBuilds	3.981s
SKIP: docker_cli_build_test.go:5846: DockerSuite.TestBuildMultiStageMultipleBuildsWindows (unmatched requirement DaemonIsWindows)
PASS: docker_cli_build_test.go:5821: DockerSuite.TestBuildMultiStageNameVariants	6.447s
PASS: docker_cli_build_test.go:4686: DockerSuite.TestBuildMultiStageUnusedArg	2.905s
PASS: docker_cli_build_test.go:4747: DockerSuite.TestBuildMultipleTags	0.490s
PASS: docker_cli_build_test.go:5541: DockerSuite.TestBuildNetContainer	1.466s
PASS: docker_cli_build_test.go:5529: DockerSuite.TestBuildNetNone	0.471s
PASS: docker_cli_build_test.go:2053: DockerSuite.TestBuildNoContext	1.291s
PASS: docker_cli_build_test.go:4001: DockerSuite.TestBuildNoDupOutput	1.428s
PASS: docker_cli_build_test.go:4706: DockerSuite.TestBuildNoNamedVolume	1.485s
PASS: docker_cli_build_test.go:3498: DockerSuite.TestBuildNotVerboseFailure	0.303s
PASS: docker_cli_build_test.go:3526: DockerSuite.TestBuildNotVerboseFailureRemote	0.060s
PASS: docker_cli_build_test.go:3477: DockerSuite.TestBuildNotVerboseFailureWithNonExistImage	2.490s
PASS: docker_cli_build_test.go:3426: DockerSuite.TestBuildNotVerboseSuccess	0.275s
PASS: docker_cli_build_test.go:4051: DockerSuite.TestBuildNullStringInAddCopyVolume	2.282s
PASS: docker_cli_build_test.go:2236: DockerSuite.TestBuildOnBuild	2.988s
PASS: docker_api_build_test.go:285: DockerSuite.TestBuildOnBuildCache	2.959s
PASS: docker_cli_build_test.go:337: DockerSuite.TestBuildOnBuildCmdEntrypointJSON	6.500s
PASS: docker_cli_build_test.go:354: DockerSuite.TestBuildOnBuildEntrypointJSON	2.974s
PASS: docker_cli_build_test.go:1733: DockerSuite.TestBuildOnBuildLimitedInheritance	3.517s
PASS: docker_cli_build_test.go:278: DockerSuite.TestBuildOnBuildLowercase	1.893s
PASS: docker_cli_build_test.go:3181: DockerSuite.TestBuildOnBuildOutput	2.971s
PASS: docker_api_build_test.go:260: DockerSuite.TestBuildOnBuildWithCopy	1.114s
PASS: docker_cli_build_test.go:5992: DockerSuite.TestBuildOpaqueDirectory	3.862s
PASS: docker_cli_build_test.go:1483: DockerSuite.TestBuildPATH	7.989s
PASS: docker_cli_build_test.go:4029: DockerSuite.TestBuildRUNErrMsg	0.571s
PASS: docker_cli_build_test.go:3951: DockerSuite.TestBuildRUNoneJSON	1.354s
PASS: docker_cli_build_test.go:1401: DockerSuite.TestBuildRelativeCopy	19.993s
PASS: docker_cli_build_test.go:1294: DockerSuite.TestBuildRelativeWorkdir	6.985s
PASS: docker_cli_build_unix_test.go:27: DockerSuite.TestBuildResourceConstraintsAreUsed	2.490s
PASS: docker_cli_build_test.go:1189: DockerSuite.TestBuildRm	3.442s
PASS: docker_cli_build_test.go:3295: DockerSuite.TestBuildRunShEntrypoint	1.447s
PASS: docker_cli_build_test.go:1751: DockerSuite.TestBuildSameDockerfileWithAndWithoutCache	5.482s
PASS: docker_api_build_test.go:520: DockerSuite.TestBuildScratchCopy	0.949s
PASS: docker_cli_build_test.go:6142: DockerSuite.TestBuildSetCommandWithDefinedShell	2.019s
PASS: docker_cli_build_test.go:41: DockerSuite.TestBuildShCmdJSONEntrypoint	2.440s
PASS: docker_cli_build_test.go:5264: DockerSuite.TestBuildShellEntrypoint	1.996s
PASS: docker_cli_build_test.go:5279: DockerSuite.TestBuildShellInherited	1.427s
PASS: docker_cli_build_test.go:5228: DockerSuite.TestBuildShellMultiple	6.491s
PASS: docker_cli_build_test.go:5292: DockerSuite.TestBuildShellNotJSON	0.094s
PASS: docker_cli_build_test.go:5211: DockerSuite.TestBuildShellUpdatesConfig	0.380s
SKIP: docker_cli_build_test.go:5305: DockerSuite.TestBuildShellWindowsPowershell (unmatched requirement DaemonIsWindows)
PASS: docker_cli_build_test.go:3795: DockerSuite.TestBuildSpaces	0.309s
PASS: docker_cli_build_test.go:3858: DockerSuite.TestBuildSpacesWithQuotes	0.707s
PASS: docker_cli_build_test.go:4018: DockerSuite.TestBuildStartsFromOne	0.084s
PASS: docker_cli_build_test.go:3556: DockerSuite.TestBuildStderr	0.806s
PASS: docker_cli_build_test.go:5360: DockerSuite.TestBuildStepsWithProgress	4.986s
PASS: docker_cli_build_test.go:4071: DockerSuite.TestBuildStopSignal	1.330s
PASS: docker_cli_build_test.go:4851: DockerSuite.TestBuildSymlinkBasename	0.945s
PASS: docker_cli_build_test.go:3598: DockerSuite.TestBuildSymlinkBreakout	1.435s
PASS: docker_cli_build_test.go:4723: DockerSuite.TestBuildTagEvent	1.001s
PASS: docker_cli_build_test.go:4143: DockerSuite.TestBuildTimeArgHistoryExclusions	3.090s
PASS: docker_cli_build_test.go:1280: DockerSuite.TestBuildUser	2.883s
PASS: docker_cli_build_test.go:554: DockerSuite.TestBuildUsernamespaceValidateRemappedRoot	6.005s
PASS: docker_cli_build_test.go:2659: DockerSuite.TestBuildUsersAndGroups	29.955s
PASS: docker_cli_build_test.go:3344: DockerSuite.TestBuildVerboseOut	0.978s
PASS: docker_cli_build_test.go:2281: DockerSuite.TestBuildVerifyIntString	0.986s
PASS: docker_cli_build_test.go:3327: DockerSuite.TestBuildVerifySingleQuoteFails	1.494s
PASS: docker_cli_build_test.go:3878: DockerSuite.TestBuildVolumeFileExistsinContainer	1.488s
PASS: docker_cli_build_test.go:3671: DockerSuite.TestBuildVolumesRetainContents	3.481s
SKIP: docker_cli_build_test.go:1347: DockerSuite.TestBuildWindowsAddCopyPathProcessing (unmatched requirement DaemonIsWindows)
SKIP: docker_cli_build_test.go:6037: DockerSuite.TestBuildWindowsEnvCaseInsensitive (unmatched requirement DaemonIsWindows)
SKIP: docker_cli_build_test.go:6007: DockerSuite.TestBuildWindowsUser (unmatched requirement DaemonIsWindows)
SKIP: docker_cli_build_test.go:1336: DockerSuite.TestBuildWindowsWorkdirProcessing (unmatched requirement DaemonIsWindows)
PASS: docker_cli_build_test.go:5557: DockerSuite.TestBuildWithExtraHost	2.374s
PASS: docker_cli_build_test.go:5573: DockerSuite.TestBuildWithExtraHostInvalidFormat	0.058s
PASS: docker_cli_build_test.go:5371: DockerSuite.TestBuildWithFailure	0.648s
PASS: docker_cli_build_test.go:1049: DockerSuite.TestBuildWithInaccessibleFilesInContext	0.507s
PASS: docker_cli_build_test.go:3358: DockerSuite.TestBuildWithTabs	0.748s
PASS: docker_cli_build_test.go:5184: DockerSuite.TestBuildWithUTF8BOM	0.082s
PASS: docker_cli_build_test.go:5194: DockerSuite.TestBuildWithUTF8BOMDockerignore	3.850s
PASS: docker_cli_build_test.go:2150: DockerSuite.TestBuildWithVolumeOwnership	2.513s
PASS: docker_cli_build_test.go:1232: DockerSuite.TestBuildWithVolumes	4.472s
PASS: docker_cli_build_test.go:6072: DockerSuite.TestBuildWorkdirCmd	1.035s
PASS: docker_cli_build_test.go:6051: DockerSuite.TestBuildWorkdirImageCmd	1.908s
SKIP: docker_cli_build_test.go:4912: DockerSuite.TestBuildWorkdirWindowsPath (unmatched requirement DaemonIsWindows)
PASS: docker_cli_build_test.go:1380: DockerSuite.TestBuildWorkdirWithEnvVariables	3.958s
PASS: docker_cli_build_test.go:3653: DockerSuite.TestBuildXZHost	3.956s
PASS: docker_cli_proxy_test.go:12: DockerSuite.TestCLIProxyDisableProxyUnixSock	0.024s
SKIP: docker_cli_sni_test.go:16: DockerSuite.TestClientSetsTLSServerName (Flakey test)
PASS: docker_cli_run_test.go:3683: DockerSuite.TestCmdCannotBeInvoked	0.459s
PASS: docker_cli_commit_test.go:12: DockerSuite.TestCommitAfterContainerIsDone	1.418s
PASS: docker_cli_commit_test.go:106: DockerSuite.TestCommitChange	1.060s
PASS: docker_cli_commit_test.go:156: DockerSuite.TestCommitChangeLabels	0.884s
PASS: docker_cli_commit_test.go:67: DockerSuite.TestCommitHardlink	1.467s
PASS: docker_cli_commit_test.go:56: DockerSuite.TestCommitNewFile	1.906s
PASS: docker_cli_commit_test.go:42: DockerSuite.TestCommitPausedContainer	0.512s
PASS: docker_cli_commit_test.go:87: DockerSuite.TestCommitTTY	1.222s
PASS: docker_cli_images_test.go:103: DockerSuite.TestCommitWithFilterLabel	1.439s
PASS: docker_cli_commit_test.go:96: DockerSuite.TestCommitWithHostBindMount	1.490s
PASS: docker_cli_commit_test.go:26: DockerSuite.TestCommitWithoutPause	1.405s
PASS: docker_cli_netmode_test.go:55: DockerSuite.TestConflictContainerNetworkAndLinks	0.015s
PASS: docker_cli_netmode_test.go:62: DockerSuite.TestConflictContainerNetworkHostAndLinks	0.014s
PASS: docker_cli_netmode_test.go:76: DockerSuite.TestConflictNetworkModeAndOptions	0.084s
PASS: docker_cli_netmode_test.go:69: DockerSuite.TestConflictNetworkModeNetHostAndOptions	0.014s
PASS: docker_api_containers_test.go:543: DockerSuite.TestContainerAPIBadPort	0.004s
PASS: docker_api_containers_test.go:1289: DockerSuite.TestContainerAPIChunkedEncoding	0.041s
PASS: docker_api_containers_test.go:489: DockerSuite.TestContainerAPICommit	1.250s
PASS: docker_api_containers_test.go:511: DockerSuite.TestContainerAPICommitWithLabelInConfig	1.995s
PASS: docker_api_containers_test.go:1155: DockerSuite.TestContainerAPICopyContainerNotFoundPr124	0.002s
PASS: docker_api_containers_test.go:1070: DockerSuite.TestContainerAPICopyNotExistsAnyMore	0.500s
PASS: docker_api_containers_test.go:1083: DockerSuite.TestContainerAPICopyPre124	0.549s
PASS: docker_api_containers_test.go:1113: DockerSuite.TestContainerAPICopyResourcePathEmptyPre124	0.519s
PASS: docker_api_containers_test.go:1134: DockerSuite.TestContainerAPICopyResourcePathNotFoundPre124	0.551s
PASS: docker_api_containers_test.go:570: DockerSuite.TestContainerAPICreate	0.503s
PASS: docker_api_containers_test.go:649: DockerSuite.TestContainerAPICreateBridgeNetworkMode	0.042s
PASS: docker_api_containers_test.go:587: DockerSuite.TestContainerAPICreateEmptyConfig	0.002s
PASS: docker_api_containers_test.go:1997: DockerSuite.TestContainerAPICreateMountsBindRead	0.507s
PASS: docker_api_containers_test.go:599: DockerSuite.TestContainerAPICreateMultipleNetworksConfig	0.003s
PASS: docker_api_containers_test.go:1409: DockerSuite.TestContainerAPICreateNoHostConfig118	0.042s
PASS: docker_api_containers_test.go:655: DockerSuite.TestContainerAPICreateOtherNetworkModes	0.082s
PASS: docker_api_containers_test.go:684: DockerSuite.TestContainerAPICreateWithCpuSharesCpuset	0.075s
PASS: docker_api_containers_test.go:626: DockerSuite.TestContainerAPICreateWithHostName	0.042s
PASS: docker_api_containers_test.go:1166: DockerSuite.TestContainerAPIDelete	0.562s
PASS: docker_api_containers_test.go:1239: DockerSuite.TestContainerAPIDeleteConflict	0.358s
PASS: docker_api_containers_test.go:1191: DockerSuite.TestContainerAPIDeleteForce	0.566s
PASS: docker_api_containers_test.go:1182: DockerSuite.TestContainerAPIDeleteNotExist	0.002s
PASS: docker_api_containers_test.go:1208: DockerSuite.TestContainerAPIDeleteRemoveLinks	0.831s
PASS: docker_api_containers_test.go:1254: DockerSuite.TestContainerAPIDeleteRemoveVolume	0.598s
PASS: docker_api_containers_test.go:1648: DockerSuite.TestContainerAPIDeleteWithEmptyName	0.001s
PASS: docker_api_containers_test.go:41: DockerSuite.TestContainerAPIGetAll	0.514s
PASS: docker_api_containers_test.go:167: DockerSuite.TestContainerAPIGetChanges	0.542s
PASS: docker_api_containers_test.go:140: DockerSuite.TestContainerAPIGetExport	0.517s
PASS: docker_api_containers_test.go:61: DockerSuite.TestContainerAPIGetJSONNoFieldsOmitted	0.558s
PASS: docker_api_containers_test.go:756: DockerSuite.TestContainerAPIInvalidPortSyntax	0.005s
PASS: docker_api_containers_test.go:957: DockerSuite.TestContainerAPIKill	0.532s
PASS: docker_api_containers_test.go:404: DockerSuite.TestContainerAPIPause	0.385s
PASS: docker_api_containers_test.go:1309: DockerSuite.TestContainerAPIPostContainerStop	0.591s
PASS: docker_api_containers_test.go:872: DockerSuite.TestContainerAPIPostCreateNull	0.087s
PASS: docker_api_containers_test.go:107: DockerSuite.TestContainerAPIPsOmitFields	0.342s
PASS: docker_api_containers_test.go:940: DockerSuite.TestContainerAPIRename	0.371s
PASS: docker_api_containers_test.go:972: DockerSuite.TestContainerAPIRestart	0.908s
PASS: docker_api_containers_test.go:986: DockerSuite.TestContainerAPIRestartNotimeoutParam	0.883s
PASS: docker_api_containers_test.go:854: DockerSuite.TestContainerAPIRestartPolicyDefaultRetryCount	0.045s
PASS: docker_api_containers_test.go:782: DockerSuite.TestContainerAPIRestartPolicyInvalidPolicyName	0.002s
PASS: docker_api_containers_test.go:830: DockerSuite.TestContainerAPIRestartPolicyNegativeRetryCount	0.002s
PASS: docker_api_containers_test.go:806: DockerSuite.TestContainerAPIRestartPolicyRetryMismatch	0.002s
PASS: docker_api_containers_test.go:1002: DockerSuite.TestContainerAPIStart	0.315s
PASS: docker_api_containers_test.go:1657: DockerSuite.TestContainerAPIStatsWithNetworkDisabled	4.366s
PASS: docker_api_containers_test.go:1028: DockerSuite.TestContainerAPIStop	0.536s
PASS: docker_api_containers_test.go:435: DockerSuite.TestContainerAPITop	0.378s
SKIP: docker_api_containers_test.go:458: DockerSuite.TestContainerAPITopWindows (unmatched requirement DaemonIsWindows)
PASS: docker_api_containers_test.go:715: DockerSuite.TestContainerAPIVerifyHeader	0.045s
PASS: docker_api_containers_test.go:1047: DockerSuite.TestContainerAPIWait	2.513s
PASS: docker_api_containers_test.go:2293: DockerSuite.TestContainerKillCustomStopSignal	0.536s
PASS: docker_cli_run_test.go:2410: DockerSuite.TestContainerNetworkMode	0.645s
PASS: docker_cli_run_test.go:3531: DockerSuite.TestContainerRestartInMultipleNetworks	2.318s
PASS: docker_cli_run_test.go:3563: DockerSuite.TestContainerWithConflictingHostNetworks	0.296s
PASS: docker_cli_run_test.go:3594: DockerSuite.TestContainerWithConflictingNoneNetwork	0.781s
PASS: docker_cli_run_test.go:3577: DockerSuite.TestContainerWithConflictingSharedNetwork	0.659s
PASS: docker_api_containers_test.go:2028: DockerSuite.TestContainersAPICreateMountsCreate	20.584s
PASS: docker_api_containers_test.go:2243: DockerSuite.TestContainersAPICreateMountsTmpfs	1.039s
PASS: docker_api_containers_test.go:1706: DockerSuite.TestContainersAPICreateMountsValidation	0.412s
PASS: docker_cli_run_test.go:3467: DockerSuite.TestContainersInMultipleNetworks	1.221s
PASS: docker_cli_run_test.go:3459: DockerSuite.TestContainersInUserDefinedNetwork	1.030s
PASS: docker_cli_run_test.go:3486: DockerSuite.TestContainersNetworkIsolation	1.391s
PASS: docker_cli_cp_test.go:582: DockerSuite.TestCopyAndRestart	1.017s
PASS: docker_cli_cp_test.go:603: DockerSuite.TestCopyCreatedContainer	0.099s
PASS: docker_cli_cp_test.go:128: DockerSuite.TestCpAbsolutePath	0.567s
PASS: docker_cli_cp_test.go:171: DockerSuite.TestCpAbsoluteSymlink	0.587s
PASS: docker_cli_cp_to_container_unix_test.go:41: DockerSuite.TestCpCheckDestOwnership	0.707s
PASS: docker_cli_cp_from_container_test.go:119: DockerSuite.TestCpFromCaseA	0.588s
PASS: docker_cli_cp_from_container_test.go:139: DockerSuite.TestCpFromCaseB	0.554s
PASS: docker_cli_cp_from_container_test.go:157: DockerSuite.TestCpFromCaseC	0.565s
PASS: docker_cli_cp_from_container_test.go:182: DockerSuite.TestCpFromCaseD	0.626s
PASS: docker_cli_cp_from_container_test.go:222: DockerSuite.TestCpFromCaseE	0.647s
PASS: docker_cli_cp_from_container_test.go:251: DockerSuite.TestCpFromCaseF	0.576s
PASS: docker_cli_cp_from_container_test.go:274: DockerSuite.TestCpFromCaseG	0.652s
PASS: docker_cli_cp_from_container_test.go:313: DockerSuite.TestCpFromCaseH	0.637s
PASS: docker_cli_cp_from_container_test.go:343: DockerSuite.TestCpFromCaseI	0.660s
PASS: docker_cli_cp_from_container_test.go:367: DockerSuite.TestCpFromCaseJ	0.620s
PASS: docker_cli_cp_from_container_test.go:24: DockerSuite.TestCpFromSymlinkDestination	0.849s
PASS: docker_cli_cp_test.go:209: DockerSuite.TestCpFromSymlinkToDirectory	0.624s
PASS: docker_cli_cp_test.go:38: DockerSuite.TestCpGarbagePath	0.565s
PASS: docker_cli_cp_test.go:29: DockerSuite.TestCpLocalOnly	0.015s
PASS: docker_cli_cp_test.go:562: DockerSuite.TestCpNameHasColon	0.592s
PASS: docker_cli_cp_test.go:80: DockerSuite.TestCpRelativePath	0.572s
PASS: docker_cli_cp_test.go:405: DockerSuite.TestCpSpecialFiles	0.686s
PASS: docker_cli_cp_test.go:337: DockerSuite.TestCpSymlinkComponent	0.581s
PASS: docker_cli_cp_test.go:616: DockerSuite.TestCpSymlinkFromConToHostFollowSymlink	0.747s
PASS: docker_cli_cp_to_container_test.go:123: DockerSuite.TestCpToCaseA	1.142s
PASS: docker_cli_cp_to_container_test.go:144: DockerSuite.TestCpToCaseB	0.560s
PASS: docker_cli_cp_to_container_test.go:165: DockerSuite.TestCpToCaseC	1.638s
PASS: docker_cli_cp_to_container_test.go:192: DockerSuite.TestCpToCaseD	3.403s
PASS: docker_cli_cp_to_container_test.go:238: DockerSuite.TestCpToCaseE	2.320s
PASS: docker_cli_cp_to_container_test.go:273: DockerSuite.TestCpToCaseF	0.611s
PASS: docker_cli_cp_to_container_test.go:296: DockerSuite.TestCpToCaseG	3.398s
PASS: docker_cli_cp_to_container_test.go:342: DockerSuite.TestCpToCaseH	2.278s
PASS: docker_cli_cp_to_container_test.go:378: DockerSuite.TestCpToCaseI	0.586s
PASS: docker_cli_cp_to_container_test.go:402: DockerSuite.TestCpToCaseJ	3.267s
PASS: docker_cli_cp_to_container_unix_test.go:17: DockerSuite.TestCpToContainerWithPermissions	5.707s
PASS: docker_cli_cp_test.go:521: DockerSuite.TestCpToDot	0.584s
PASS: docker_cli_cp_to_container_test.go:445: DockerSuite.TestCpToErrReadOnlyRootfs	1.123s
PASS: docker_cli_cp_to_container_test.go:472: DockerSuite.TestCpToErrReadOnlyVolume	1.217s
PASS: docker_cli_cp_test.go:543: DockerSuite.TestCpToStdout	0.565s
PASS: docker_cli_cp_to_container_test.go:22: DockerSuite.TestCpToSymlinkDestination	2.667s
PASS: docker_cli_cp_test.go:257: DockerSuite.TestCpToSymlinkToDirectory	0.258s
PASS: docker_cli_cp_test.go:381: DockerSuite.TestCpUnprivilegedUser	0.609s
PASS: docker_cli_cp_test.go:452: DockerSuite.TestCpVolumePath	1.046s
PASS: docker_cli_create_test.go:327: DockerSuite.TestCreate64ByteHexID	0.070s
PASS: docker_cli_create_test.go:21: DockerSuite.TestCreateArgs	0.065s
PASS: docker_cli_create_test.go:260: DockerSuite.TestCreateByImageID	1.735s
PASS: docker_cli_create_test.go:163: DockerSuite.TestCreateEchoStdout	0.502s
SKIP: docker_cli_create_test.go:59: DockerSuite.TestCreateGrowRootfs (unmatched requirement Devicemapper)
PASS: docker_cli_create_test.go:83: DockerSuite.TestCreateHostConfig	0.072s
PASS: docker_cli_create_test.go:222: DockerSuite.TestCreateHostnameWithNumber	0.507s
PASS: docker_cli_create_test.go:205: DockerSuite.TestCreateLabelFromImage	0.780s
PASS: docker_cli_create_test.go:192: DockerSuite.TestCreateLabels	0.080s
PASS: docker_cli_create_test.go:250: DockerSuite.TestCreateModeIpcContainer	0.110s
PASS: docker_cli_create_test.go:233: DockerSuite.TestCreateRM	0.173s
SKIP: docker_cli_create_test.go:73: DockerSuite.TestCreateShrinkRootfs (unmatched requirement Devicemapper)
PASS: docker_cli_create_test.go:293: DockerSuite.TestCreateStopSignal	0.066s
PASS: docker_cli_create_test.go:362: DockerSuite.TestCreateStopTimeout	0.132s
PASS: docker_cli_create_test.go:335: DockerSuite.TestCreateUnsetEntrypoint	3.738s
PASS: docker_cli_create_test.go:173: DockerSuite.TestCreateVolumesCreated	0.077s
PASS: docker_cli_create_test.go:316: DockerSuite.TestCreateWithInvalidLogOpts	0.032s
PASS: docker_cli_create_test.go:134: DockerSuite.TestCreateWithLargePortRange	2.697s
PASS: docker_cli_create_test.go:105: DockerSuite.TestCreateWithPortRange	0.068s
PASS: docker_api_containers_test.go:916: DockerSuite.TestCreateWithTooLowMemoryLimit	0.003s
PASS: docker_cli_create_test.go:302: DockerSuite.TestCreateWithWorkdir	0.066s
PASS: docker_deprecated_api_v124_test.go:70: DockerSuite.TestDeprecatedContainerAPIStartDupVolumeBinds	0.041s
PASS: docker_deprecated_api_v124_test.go:20: DockerSuite.TestDeprecatedContainerAPIStartHostConfig	0.056s
PASS: docker_deprecated_api_v124_test.go:39: DockerSuite.TestDeprecatedContainerAPIStartVolumeBinds	0.347s
PASS: docker_deprecated_api_v124_test.go:103: DockerSuite.TestDeprecatedContainerAPIStartVolumesFrom	0.895s
PASS: docker_deprecated_api_v124_test.go:136: DockerSuite.TestDeprecatedPostContainerBindNormalVolume	0.453s
PASS: docker_deprecated_api_v124_test.go:198: DockerSuite.TestDeprecatedPostContainersStartWithLinksInHostConfig	0.707s
PASS: docker_deprecated_api_v124_test.go:216: DockerSuite.TestDeprecatedPostContainersStartWithLinksInHostConfigIdLinked	1.108s
PASS: docker_deprecated_api_v124_test.go:181: DockerSuite.TestDeprecatedPostContainersStartWithoutLinksInHostConfig	0.383s
PASS: docker_deprecated_api_v124_test.go:235: DockerSuite.TestDeprecatedStartWithNilDNS	0.385s
PASS: docker_deprecated_api_v124_test.go:156: DockerSuite.TestDeprecatedStartWithTooLowMemoryLimit	0.069s
PASS: docker_cli_run_test.go:2995: DockerSuite.TestDevicePermissions	0.503s
PASS: docker_cli_run_test.go:3706: DockerSuite.TestDockerFails	0.013s
PASS: docker_cli_network_unix_test.go:449: DockerSuite.TestDockerInspectMultipleNetwork	0.023s
PASS: docker_cli_network_unix_test.go:459: DockerSuite.TestDockerInspectMultipleNetworksIncludingNonexistent	0.039s
PASS: docker_cli_network_unix_test.go:498: DockerSuite.TestDockerInspectNetworkWithContainerName	0.774s
PASS: docker_cli_network_unix_test.go:1622: DockerSuite.TestDockerNetworkConnectFailsNoInspectChange	0.563s
PASS: docker_cli_network_unix_test.go:403: DockerSuite.TestDockerNetworkDeleteMultiple	0.753s
PASS: docker_cli_network_unix_test.go:398: DockerSuite.TestDockerNetworkDeleteNotExists	0.015s
PASS: docker_cli_network_unix_test.go:427: DockerSuite.TestDockerNetworkInspect	0.026s
PASS: docker_cli_network_unix_test.go:438: DockerSuite.TestDockerNetworkInspectWithID	0.084s
PASS: docker_cli_network_unix_test.go:1637: DockerSuite.TestDockerNetworkInternalMode	5.109s
PASS: docker_cli_volume_test.go:490: DockerSuite.TestDuplicateMountpointsForVolumesFrom	2.814s
PASS: docker_cli_volume_test.go:532: DockerSuite.TestDuplicateMountpointsForVolumesFromAndBind	1.997s
PASS: docker_cli_volume_test.go:576: DockerSuite.TestDuplicateMountpointsForVolumesFromAndMounts	1.493s
PASS: docker_cli_network_unix_test.go:1614: DockerSuite.TestEmbeddedDNSInvalidInput	1.656s
PASS: docker_cli_events_test.go:479: DockerSuite.TestEventsAttach	0.614s
PASS: docker_cli_events_test.go:410: DockerSuite.TestEventsCommit	1.264s
PASS: docker_cli_events_test.go:84: DockerSuite.TestEventsContainerEvents	0.554s
PASS: docker_cli_events_test.go:103: DockerSuite.TestEventsContainerEventsAttrSort	0.554s
PASS: docker_cli_events_test.go:126: DockerSuite.TestEventsContainerEventsSinceUnixEpoch	0.539s
PASS: docker_cli_events_unix_test.go:143: DockerSuite.TestEventsContainerFilterBeforeCreate	1.358s
PASS: docker_cli_events_unix_test.go:129: DockerSuite.TestEventsContainerFilterByName	0.716s
PASS: docker_cli_events_test.go:659: DockerSuite.TestEventsContainerRestart	2.321s
PASS: docker_cli_events_unix_test.go:223: DockerSuite.TestEventsContainerWithMultiNetwork	1.834s
PASS: docker_cli_events_test.go:427: DockerSuite.TestEventsCopy	1.188s
PASS: docker_cli_events_test.go:372: DockerSuite.TestEventsFilterContainer	1.091s
PASS: docker_cli_events_test.go:649: DockerSuite.TestEventsFilterImageInContainerAction	0.386s
PASS: docker_cli_events_test.go:342: DockerSuite.TestEventsFilterImageLabels	1.169s
PASS: docker_cli_events_test.go:287: DockerSuite.TestEventsFilterImageName	0.840s
PASS: docker_cli_events_test.go:316: DockerSuite.TestEventsFilterLabels	0.784s
PASS: docker_cli_events_unix_test.go:377: DockerSuite.TestEventsFilterNetworkID	0.064s
PASS: docker_cli_events_test.go:565: DockerSuite.TestEventsFilterType	0.891s
PASS: docker_cli_events_unix_test.go:344: DockerSuite.TestEventsFilterVolumeAndNetworkType	0.072s
PASS: docker_cli_events_unix_test.go:363: DockerSuite.TestEventsFilterVolumeID	0.028s
PASS: docker_cli_events_test.go:271: DockerSuite.TestEventsFilters	1.129s
PASS: docker_cli_events_test.go:728: DockerSuite.TestEventsFormat	1.072s
PASS: docker_cli_events_test.go:761: DockerSuite.TestEventsFormatBadField	0.021s
PASS: docker_cli_events_test.go:751: DockerSuite.TestEventsFormatBadFunc	0.012s
PASS: docker_cli_events_test.go:183: DockerSuite.TestEventsImageImport	0.534s
PASS: docker_cli_events_test.go:207: DockerSuite.TestEventsImageLoad	0.226s
PASS: docker_cli_events_test.go:164: DockerSuite.TestEventsImagePull	2.292s
PASS: docker_cli_events_test.go:146: DockerSuite.TestEventsImageTag	1.030s
PASS: docker_cli_events_unix_test.go:305: DockerSuite.TestEventsImageUntagDelete	0.298s
SKIP: docker_cli_events_unix_test.go:51: DockerSuite.TestEventsOOMDisableFalse (unmatched requirement swapMemorySupport)
SKIP: docker_cli_events_unix_test.go:81: DockerSuite.TestEventsOOMDisableTrue (unmatched requirement swapMemorySupport)
PASS: docker_cli_events_test.go:246: DockerSuite.TestEventsPluginOps	4.352s
PASS: docker_cli_events_unix_test.go:24: DockerSuite.TestEventsRedirectStdout	0.539s
PASS: docker_cli_events_test.go:517: DockerSuite.TestEventsRename	0.626s
PASS: docker_cli_events_test.go:456: DockerSuite.TestEventsResize	0.567s
PASS: docker_cli_events_test.go:699: DockerSuite.TestEventsSinceInTheFuture	0.381s
PASS: docker_cli_events_test.go:619: DockerSuite.TestEventsSpecialFiltersWithExecCreate	0.493s
PASS: docker_cli_events_unix_test.go:251: DockerSuite.TestEventsStreaming	0.543s
PASS: docker_cli_events_test.go:26: DockerSuite.TestEventsTimestampFormats	2.770s
PASS: docker_cli_events_test.go:528: DockerSuite.TestEventsTop	0.612s
PASS: docker_cli_events_test.go:61: DockerSuite.TestEventsUntag	2.567s
PASS: docker_cli_events_test.go:711: DockerSuite.TestEventsUntilInThePast	0.778s
PASS: docker_cli_exec_test.go:28: DockerSuite.TestExec	0.459s
PASS: docker_api_exec_test.go:66: DockerSuite.TestExecAPICreateContainerPaused	0.386s
PASS: docker_api_exec_test.go:25: DockerSuite.TestExecAPICreateNoCmd	0.354s
PASS: docker_api_exec_test.go:43: DockerSuite.TestExecAPICreateNoValidContentType	0.356s
PASS: docker_api_exec_test.go:87: DockerSuite.TestExecAPIStart	1.057s
PASS: docker_api_exec_test.go:124: DockerSuite.TestExecAPIStartBackwardsCompatible	0.404s
PASS: docker_api_exec_test.go:114: DockerSuite.TestExecAPIStartEnsureHeaders	0.417s
PASS: docker_api_exec_test.go:196: DockerSuite.TestExecAPIStartInvalidCommand	0.429s
PASS: docker_api_exec_test.go:139: DockerSuite.TestExecAPIStartMultipleTimesError	0.453s
PASS: docker_api_exec_test.go:180: DockerSuite.TestExecAPIStartValidCommand	0.432s
PASS: docker_api_exec_test.go:149: DockerSuite.TestExecAPIStartWithDetach	0.416s
PASS: docker_cli_exec_test.go:75: DockerSuite.TestExecAfterContainerRestart	0.992s
PASS: docker_cli_exec_test.go:256: DockerSuite.TestExecCgroup	0.997s
PASS: docker_cli_exec_test.go:108: DockerSuite.TestExecEnv	0.462s
PASS: docker_cli_exec_test.go:537: DockerSuite.TestExecEnvLinksHost	0.826s
PASS: docker_cli_exec_test.go:134: DockerSuite.TestExecExitStatus	0.431s
PASS: docker_cli_exec_test.go:309: DockerSuite.TestExecInspectID	1.662s
PASS: docker_cli_exec_test.go:39: DockerSuite.TestExecInteractive	0.449s
PASS: docker_cli_exec_unix_test.go:18: DockerSuite.TestExecInteractiveStdinClose	0.431s
PASS: docker_cli_exec_test.go:493: DockerSuite.TestExecOnReadonlyContainer	0.443s
PASS: docker_cli_exec_test.go:214: DockerSuite.TestExecParseError	0.376s
PASS: docker_cli_exec_test.go:141: DockerSuite.TestExecPausedContainer	0.409s
PASS: docker_api_exec_resize_test.go:18: DockerSuite.TestExecResizeAPIHeightWidthNoInt	0.346s
PASS: docker_api_exec_resize_test.go:34: DockerSuite.TestExecResizeImmediatelyAfterExecStart	1.220s
PASS: docker_cli_exec_test.go:123: DockerSuite.TestExecSetEnv	0.470s
PASS: docker_cli_exec_test.go:513: DockerSuite.TestExecStartFails	0.469s
PASS: docker_api_exec_test.go:214: DockerSuite.TestExecStateCleanup	10.837s
PASS: docker_cli_exec_test.go:228: DockerSuite.TestExecStopNotHanging	0.570s
PASS: docker_cli_exec_unix_test.go:47: DockerSuite.TestExecTTY	0.445s
PASS: docker_cli_exec_test.go:156: DockerSuite.TestExecTTYCloseStdin	0.486s
PASS: docker_cli_exec_test.go:177: DockerSuite.TestExecTTYWithoutStdin	0.360s
PASS: docker_cli_exec_test.go:501: DockerSuite.TestExecUlimits	0.454s
SKIP: docker_cli_exec_test.go:546: DockerSuite.TestExecWindowsOpenHandles (unmatched requirement DaemonIsWindows)
SKIP: docker_cli_exec_test.go:527: DockerSuite.TestExecWindowsPathNotWiped (unmatched requirement DaemonIsWindows)
PASS: docker_cli_exec_test.go:480: DockerSuite.TestExecWithImageUser	2.406s
PASS: docker_cli_exec_unix_test.go:89: DockerSuite.TestExecWithNoTERM	0.443s
PASS: docker_cli_exec_test.go:449: DockerSuite.TestExecWithPrivileged	0.779s
PASS: docker_cli_exec_unix_test.go:77: DockerSuite.TestExecWithTERM	0.451s
PASS: docker_cli_exec_test.go:436: DockerSuite.TestExecWithUser	0.565s
PASS: docker_api_containers_test.go:190: DockerSuite.TestGetContainerStats	4.559s
PASS: docker_api_containers_test.go:338: DockerSuite.TestGetContainerStatsNoStream	4.557s
PASS: docker_api_containers_test.go:230: DockerSuite.TestGetContainerStatsRmRunning	2.067s
PASS: docker_api_containers_test.go:297: DockerSuite.TestGetContainerStatsStream	4.550s
PASS: docker_api_attach_test.go:25: DockerSuite.TestGetContainersAttachWebsocket	0.358s
PASS: docker_api_attach_test.go:89: DockerSuite.TestGetContainersWsAttachContainerNotFound	0.001s
PASS: docker_api_containers_test.go:378: DockerSuite.TestGetStoppedContainerStats	0.063s
PASS: docker_cli_health_test.go:39: DockerSuite.TestHealth	22.876s
PASS: docker_cli_history_test.go:58: DockerSuite.TestHistoryExistentImage	0.013s
PASS: docker_cli_history_test.go:86: DockerSuite.TestHistoryHumanOptionFalse	0.013s
PASS: docker_cli_history_test.go:104: DockerSuite.TestHistoryHumanOptionTrue	0.012s
PASS: docker_cli_history_test.go:67: DockerSuite.TestHistoryImageWithComment	0.814s
PASS: docker_cli_history_test.go:62: DockerSuite.TestHistoryNonExistentImage	0.013s
PASS: docker_cli_images_test.go:225: DockerSuite.TestImagesEnsureDanglingImageOnlyListedOnce	0.994s
PASS: docker_cli_images_test.go:20: DockerSuite.TestImagesEnsureImageIsListed	0.017s
PASS: docker_cli_images_test.go:44: DockerSuite.TestImagesEnsureImageWithBadTagIsNotListed	0.015s
PASS: docker_cli_images_test.go:25: DockerSuite.TestImagesEnsureImageWithTagIsListed	0.078s
PASS: docker_cli_images_test.go:299: DockerSuite.TestImagesEnsureImagesFromBusyboxShown	0.812s
PASS: docker_cli_images_test.go:282: DockerSuite.TestImagesEnsureImagesFromScratchShown	0.978s
PASS: docker_cli_images_test.go:259: DockerSuite.TestImagesEnsureOnlyHeadsImagesShown	1.998s
PASS: docker_cli_images_test.go:69: DockerSuite.TestImagesErrorWithInvalidFilterNameTest	0.012s
PASS: docker_cli_images_test.go:75: DockerSuite.TestImagesFilterLabelMatch	2.983s
PASS: docker_cli_images_test.go:314: DockerSuite.TestImagesFilterNameWithPort	0.061s
PASS: docker_cli_images_test.go:115: DockerSuite.TestImagesFilterSinceAndBefore	2.992s
PASS: docker_cli_images_test.go:185: DockerSuite.TestImagesFilterSpaceTrimCase	0.651s
PASS: docker_cli_images_test.go:327: DockerSuite.TestImagesFormat	0.050s
PASS: docker_cli_images_test.go:343: DockerSuite.TestImagesFormatDefaultFormat	1.117s
PASS: docker_cli_images_test.go:49: DockerSuite.TestImagesOrderedByCreationDate	4.995s
PASS: docker_cli_images_test.go:253: DockerSuite.TestImagesWithIncorrectFilter	0.013s
PASS: docker_cli_import_test.go:36: DockerSuite.TestImportBadURL	0.033s
PASS: docker_cli_import_test.go:18: DockerSuite.TestImportDisplay	1.135s
PASS: docker_cli_import_test.go:47: DockerSuite.TestImportFile	1.205s
PASS: docker_cli_import_test.go:122: DockerSuite.TestImportFileNonExistentFile	0.018s
PASS: docker_cli_import_test.go:91: DockerSuite.TestImportFileWithMessage	1.224s
PASS: docker_cli_import_test.go:68: DockerSuite.TestImportGzipped	1.291s
PASS: docker_cli_import_test.go:127: DockerSuite.TestImportWithQuotedChanges	1.202s
PASS: docker_cli_info_test.go:177: DockerSuite.TestInfoDebug	0.534s
PASS: docker_cli_info_test.go:106: DockerSuite.TestInfoDiscoveryAdvertiseInterfaceName	0.930s
PASS: docker_cli_info_test.go:72: DockerSuite.TestInfoDiscoveryBackend	0.533s
PASS: docker_cli_info_test.go:89: DockerSuite.TestInfoDiscoveryInvalidAdvertise	0.094s
PASS: docker_cli_info_test.go:143: DockerSuite.TestInfoDisplaysPausedContainers	0.412s
PASS: docker_cli_info_test.go:130: DockerSuite.TestInfoDisplaysRunningContainers	0.409s
PASS: docker_cli_info_test.go:160: DockerSuite.TestInfoDisplaysStoppedContainers	0.601s
PASS: docker_cli_info_test.go:16: DockerSuite.TestInfoEnsureSucceeds	0.023s
PASS: docker_cli_info_test.go:60: DockerSuite.TestInfoFormat	0.042s
PASS: docker_cli_info_unix_test.go:10: DockerSuite.TestInfoSecurityOptions	0.020s
PASS: docker_cli_info_test.go:195: DockerSuite.TestInsecureRegistries	0.534s
PASS: docker_api_inspect_test.go:147: DockerSuite.TestInspectAPIBridgeNetworkSettings120	0.352s
PASS: docker_api_inspect_test.go:164: DockerSuite.TestInspectAPIBridgeNetworkSettings121	0.366s
PASS: docker_api_inspect_test.go:17: DockerSuite.TestInspectAPIContainerResponse	0.351s
PASS: docker_api_inspect_test.go:84: DockerSuite.TestInspectAPIContainerVolumeDriver	0.358s
PASS: docker_api_inspect_test.go:61: DockerSuite.TestInspectAPIContainerVolumeDriverLegacy	0.346s
PASS: docker_api_inspect_test.go:123: DockerSuite.TestInspectAPIEmptyFieldsInConfigPre121	0.345s
PASS: docker_api_inspect_test.go:108: DockerSuite.TestInspectAPIImageResponse	0.020s
PASS: docker_cli_network_unix_test.go:1035: DockerSuite.TestInspectAPIMultipleNetworks	0.602s
PASS: docker_cli_inspect_test.go:413: DockerSuite.TestInspectAmpersand	0.516s
PASS: docker_cli_inspect_test.go:206: DockerSuite.TestInspectBindMountPoint	0.352s
PASS: docker_cli_inspect_test.go:341: DockerSuite.TestInspectByPrefix	0.046s
PASS: docker_cli_inspect_test.go:141: DockerSuite.TestInspectContainerFilterInt	0.382s
SKIP: docker_cli_inspect_test.go:181: DockerSuite.TestInspectContainerGraphDriver (unmatched requirement Devicemapper)
PASS: docker_cli_inspect_test.go:391: DockerSuite.TestInspectContainerNetworkCustom	0.465s
PASS: docker_cli_inspect_test.go:379: DockerSuite.TestInspectContainerNetworkDefault	0.396s
PASS: docker_cli_inspect_test.go:44: DockerSuite.TestInspectDefault	0.370s
PASS: docker_cli_inspect_test.go:371: DockerSuite.TestInspectHistory	0.921s
PASS: docker_cli_inspect_test.go:24: DockerSuite.TestInspectImage	0.014s
PASS: docker_cli_inspect_test.go:125: DockerSuite.TestInspectImageFilterInt	0.025s
SKIP: docker_cli_inspect_test.go:163: DockerSuite.TestInspectImageGraphDriver (unmatched requirement Devicemapper)
PASS: docker_cli_inspect_test.go:38: DockerSuite.TestInspectInt64	0.395s
PASS: docker_cli_inspect_test.go:333: DockerSuite.TestInspectJSONFields	0.363s
PASS: docker_cli_inspect_test.go:283: DockerSuite.TestInspectLogConfigNoType	0.073s
PASS: docker_cli_inspect_test.go:238: DockerSuite.TestInspectNamedMountPoint	0.368s
PASS: docker_cli_inspect_test.go:296: DockerSuite.TestInspectNoSizeFlagContainer	0.370s
PASS: docker_cli_inspect_test.go:423: DockerSuite.TestInspectPlugin	4.495s
PASS: docker_cli_inspect_test.go:402: DockerSuite.TestInspectRootFS	0.015s
PASS: docker_cli_inspect_test.go:308: DockerSuite.TestInspectSizeFlagContainer	0.385s
PASS: docker_cli_inspect_test.go:55: DockerSuite.TestInspectStatus	0.651s
PASS: docker_cli_inspect_test.go:352: DockerSuite.TestInspectStopWhenNotFound	0.725s
PASS: docker_cli_inspect_test.go:319: DockerSuite.TestInspectTemplateError	0.399s
PASS: docker_cli_inspect_test.go:262: DockerSuite.TestInspectTimesAsRFC3339Nano	0.441s
PASS: docker_cli_inspect_test.go:80: DockerSuite.TestInspectTypeFlagContainer	0.365s
PASS: docker_cli_inspect_test.go:102: DockerSuite.TestInspectTypeFlagWithImage	0.367s
PASS: docker_cli_inspect_test.go:113: DockerSuite.TestInspectTypeFlagWithInvalidValue	0.383s
PASS: docker_cli_inspect_test.go:90: DockerSuite.TestInspectTypeFlagWithNoContainer	0.370s
PASS: docker_cli_inspect_test.go:454: DockerSuite.TestInspectUnknownObject	0.031s
PASS: docker_cli_run_unix_test.go:1157: DockerSuite.TestLegacyRunNoNewPrivSetuid	6.774s
PASS: docker_cli_links_test.go:200: DockerSuite.TestLinkShortDefinition	0.765s
PASS: docker_cli_links_test.go:191: DockerSuite.TestLinksEnvs	0.889s
PASS: docker_cli_links_test.go:227: DockerSuite.TestLinksEtcHostsRegularFile	0.338s
PASS: docker_cli_links_test.go:140: DockerSuite.TestLinksHostsFilesInject	0.916s
PASS: docker_cli_links_test.go:93: DockerSuite.TestLinksInspectLinksStarted	1.048s
PASS: docker_cli_links_test.go:112: DockerSuite.TestLinksInspectLinksStopped	1.037s
PASS: docker_cli_links_test.go:24: DockerSuite.TestLinksInvalidContainerTarget	0.067s
PASS: docker_cli_links_test.go:234: DockerSuite.TestLinksMultipleWithSameName	1.157s
PASS: docker_cli_links_test.go:216: DockerSuite.TestLinksNetworkHostContainer	0.317s
PASS: docker_cli_links_test.go:132: DockerSuite.TestLinksNotStartedParentNotFail	0.409s
PASS: docker_cli_links_test.go:36: DockerSuite.TestLinksPingLinkedContainers	8.351s
PASS: docker_cli_links_test.go:80: DockerSuite.TestLinksPingLinkedContainersAfterRename	1.693s
PASS: docker_cli_exec_test.go:379: DockerSuite.TestLinksPingLinkedContainersOnRename	0.916s
PASS: docker_cli_links_test.go:15: DockerSuite.TestLinksPingUnlinkedContainers	0.575s
PASS: docker_cli_links_test.go:158: DockerSuite.TestLinksUpdateOnRestart	1.407s
PASS: docker_cli_save_load_unix_test.go:91: DockerSuite.TestLoadNoStdinFail	0.014s
PASS: docker_cli_save_load_test.go:332: DockerSuite.TestLoadZeroSizeLayer	0.316s
PASS: docker_cli_login_test.go:11: DockerSuite.TestLoginWithoutTTY	0.033s
PASS: docker_api_logs_test.go:87: DockerSuite.TestLogsAPIContainerNotFound	0.002s
PASS: docker_api_logs_test.go:72: DockerSuite.TestLogsAPIFollowEmptyOutput	0.355s
PASS: docker_api_logs_test.go:59: DockerSuite.TestLogsAPINoStdoutNorStderr	0.351s
PASS: docker_api_logs_test.go:151: DockerSuite.TestLogsAPIUntil	4.659s
PASS: docker_api_logs_test.go:189: DockerSuite.TestLogsAPIUntilDefaultValue	1.395s
PASS: docker_api_logs_test.go:94: DockerSuite.TestLogsAPIUntilFutureFollow	4.349s
PASS: docker_api_logs_test.go:23: DockerSuite.TestLogsAPIWithStdout	0.367s
PASS: docker_cli_logs_test.go:318: DockerSuite.TestLogsCLIContainerNotFound	0.014s
PASS: docker_cli_logs_test.go:24: DockerSuite.TestLogsContainerBiggerThanPage	0.803s
PASS: docker_cli_logs_test.go:29: DockerSuite.TestLogsContainerMuchBiggerThanPage	0.804s
PASS: docker_cli_logs_test.go:19: DockerSuite.TestLogsContainerSmallerThanPage	0.787s
PASS: docker_cli_logs_test.go:300: DockerSuite.TestLogsFollowGoroutinesNoOutput	0.778s
PASS: docker_cli_logs_test.go:272: DockerSuite.TestLogsFollowGoroutinesWithStdout	0.614s
PASS: docker_cli_logs_test.go:214: DockerSuite.TestLogsFollowSlowStdoutConsumer	2.080s
PASS: docker_cli_logs_test.go:124: DockerSuite.TestLogsFollowStopped	0.542s
PASS: docker_cli_logs_test.go:66: DockerSuite.TestLogsSeparateStderr	0.510s
PASS: docker_cli_logs_test.go:145: DockerSuite.TestLogsSince	6.598s
PASS: docker_cli_logs_test.go:180: DockerSuite.TestLogsSinceFutureFollow	5.420s
PASS: docker_cli_logs_test.go:77: DockerSuite.TestLogsStderrInStdout	0.525s
PASS: docker_cli_logs_test.go:92: DockerSuite.TestLogsTail	0.562s
PASS: docker_cli_logs_test.go:41: DockerSuite.TestLogsTimestamps	0.527s
PASS: docker_cli_logs_test.go:325: DockerSuite.TestLogsWithDetails	0.510s
PASS: docker_cli_run_test.go:2909: DockerSuite.TestMountIntoProc	0.249s
PASS: docker_cli_run_test.go:2918: DockerSuite.TestMountIntoSys	0.512s
PASS: docker_cli_netmode_test.go:33: DockerSuite.TestNetHostname	1.537s
PASS: docker_cli_netmode_test.go:26: DockerSuite.TestNetHostnameWithNetHost	0.312s
PASS: docker_cli_events_unix_test.go:196: DockerSuite.TestNetworkEvents	0.721s
PASS: docker_cli_run_test.go:3513: DockerSuite.TestNetworkRmWithActiveContainers	1.032s
PASS: docker_cli_run_test.go:2695: DockerSuite.TestPermissionsPtsReadonlyRootfs	0.514s
PASS: docker_cli_plugins_test.go:76: DockerSuite.TestPluginActive	4.496s
PASS: docker_cli_plugins_test.go:99: DockerSuite.TestPluginActiveNetwork	9.756s
SKIP: docker_cli_plugins_test.go:344: DockerSuite.TestPluginInspectOnWindows (unmatched requirement DaemonIsWindows)
PASS: docker_cli_plugins_test.go:150: DockerSuite.TestPluginInstallDisableVolumeLs	3.579s
PASS: docker_cli_plugins_logdriver_test.go:12: DockerSuite.TestPluginLogDriver	5.115s
PASS: docker_cli_plugins_logdriver_test.go:32: DockerSuite.TestPluginLogDriverInfoList	3.862s
PASS: docker_cli_plugins_test.go:474: DockerSuite.TestPluginMetricsCollector	4.795s
PASS: docker_cli_plugins_test.go:442: DockerSuite.TestPluginUpgrade	9.213s
PASS: docker_cli_port_test.go:329: DockerSuite.TestPortBindingOnSandbox	1.271s
PASS: docker_cli_port_test.go:307: DockerSuite.TestPortExposeHostBinding	1.173s
PASS: docker_cli_port_test.go:285: DockerSuite.TestPortHostBinding	1.186s
PASS: docker_cli_port_test.go:15: DockerSuite.TestPortList	6.875s
PASS: docker_api_containers_test.go:1325: DockerSuite.TestPostContainerAPICreateWithStringOrSliceEntrypoint	1.060s
PASS: docker_api_attach_test.go:99: DockerSuite.TestPostContainersAttach	5.377s
PASS: docker_api_attach_test.go:78: DockerSuite.TestPostContainersAttachContainerNotFound	0.001s
PASS: docker_api_containers_test.go:1589: DockerSuite.TestPostContainersCreateMemorySwappinessHostConfigOmitted	0.047s
PASS: docker_api_containers_test.go:1503: DockerSuite.TestPostContainersCreateShmSizeHostConfigOmitted	0.507s
PASS: docker_api_containers_test.go:1485: DockerSuite.TestPostContainersCreateShmSizeNegative	0.003s
PASS: docker_api_containers_test.go:1531: DockerSuite.TestPostContainersCreateShmSizeOmitted	0.505s
PASS: docker_api_containers_test.go:1614: DockerSuite.TestPostContainersCreateWithOomScoreAdjInvalidRange	0.005s
PASS: docker_api_containers_test.go:1558: DockerSuite.TestPostContainersCreateWithShmSize	0.485s
PASS: docker_api_containers_test.go:1380: DockerSuite.TestPostContainersCreateWithStringOrSliceCapAddDrop	0.084s
PASS: docker_api_containers_test.go:1353: DockerSuite.TestPostContainersCreateWithStringOrSliceCmd	1.110s
PASS: docker_api_containers_test.go:1452: DockerSuite.TestPostContainersCreateWithWrongCpusetValues	0.005s
PASS: docker_cli_prune_unix_test.go:133: DockerSuite.TestPruneContainerLabel	2.647s
PASS: docker_cli_prune_unix_test.go:113: DockerSuite.TestPruneContainerUntil	1.080s
PASS: docker_cli_prune_unix_test.go:249: DockerSuite.TestPruneNetworkLabel	0.335s
PASS: docker_cli_prune_unix_test.go:191: DockerSuite.TestPruneVolumeLabel	0.147s
PASS: docker_cli_ps_test.go:794: DockerSuite.TestPsByOrder	1.390s
PASS: docker_cli_ps_test.go:547: DockerSuite.TestPsImageIDAfterUpdate	0.960s
PASS: docker_cli_ps_test.go:19: DockerSuite.TestPsListContainersBase	1.786s
PASS: docker_cli_ps_test.go:306: DockerSuite.TestPsListContainersFilterAncestorImage	5.129s
PASS: docker_cli_ps_test.go:516: DockerSuite.TestPsListContainersFilterCreated	0.091s
PASS: docker_cli_ps_test.go:437: DockerSuite.TestPsListContainersFilterExited	2.447s
PASS: docker_cli_ps_test.go:227: DockerSuite.TestPsListContainersFilterHealth	5.988s
PASS: docker_cli_ps_test.go:270: DockerSuite.TestPsListContainersFilterID	0.779s
PASS: docker_cli_ps_test.go:401: DockerSuite.TestPsListContainersFilterLabel	1.647s
PASS: docker_cli_ps_test.go:284: DockerSuite.TestPsListContainersFilterName	0.886s
PASS: docker_cli_ps_test.go:714: DockerSuite.TestPsListContainersFilterNetwork	0.766s
PASS: docker_cli_ps_test.go:813: DockerSuite.TestPsListContainersFilterPorts	0.829s
PASS: docker_cli_ps_test.go:180: DockerSuite.TestPsListContainersFilterStatus	1.320s
PASS: docker_cli_ps_test.go:140: DockerSuite.TestPsListContainersSize	1.159s
PASS: docker_cli_ps_test.go:849: DockerSuite.TestPsNotShowLinknamesOfDeletedContainer	0.183s
PASS: docker_cli_ps_test.go:596: DockerSuite.TestPsNotShowPortsOfStoppedContainer	0.620s
PASS: docker_cli_ps_test.go:470: DockerSuite.TestPsRightTagName	1.104s
PASS: docker_cli_ps_test.go:614: DockerSuite.TestPsShowMounts	1.165s
PASS: docker_cli_run_test.go:3144: DockerSuite.TestPtraceContainerProcsFromHost	0.367s
SKIP: docker_cli_pull_test.go:263: DockerSuite.TestPullLinuxImageFailsOnWindows (unmatched requirement DaemonIsWindows)
PASS: docker_cli_pull_test.go:270: DockerSuite.TestPullWindowsImageFailsOnLinux	1.948s
PASS: docker_cli_push_test.go:291: DockerSuite.TestPushToCentralRegistryUnauthorized	1.411s
PASS: docker_cli_push_test.go:38: DockerSuite.TestPushUnprefixedRepo	0.974s
PASS: docker_api_containers_test.go:1425: DockerSuite.TestPutContainerArchiveErrSymlinkInVolumeToReadOnlyRootfs	0.637s
PASS: docker_cli_restart_test.go:297: DockerSuite.TestRestartAutoRemoveContainer	1.139s
PASS: docker_cli_restart_test.go:166: DockerSuite.TestRestartContainerSuccess	0.883s
PASS: docker_cli_restart_test.go:151: DockerSuite.TestRestartContainerwithGoodContainer	0.538s
PASS: docker_cli_restart_test.go:266: DockerSuite.TestRestartContainerwithRestartPolicy	5.831s
PASS: docker_cli_restart_test.go:78: DockerSuite.TestRestartDisconnectedContainer	0.870s
PASS: docker_cli_restart_test.go:236: DockerSuite.TestRestartPolicyAfterRestart	1.433s
PASS: docker_cli_restart_test.go:103: DockerSuite.TestRestartPolicyAlways	0.084s
PASS: docker_cli_restart_test.go:95: DockerSuite.TestRestartPolicyNO	0.065s
PASS: docker_cli_restart_test.go:116: DockerSuite.TestRestartPolicyOnFailure	0.246s
PASS: docker_cli_restart_test.go:30: DockerSuite.TestRestartRunningContainer	1.925s
PASS: docker_cli_restart_test.go:13: DockerSuite.TestRestartStoppedContainer	1.043s
PASS: docker_cli_restart_test.go:192: DockerSuite.TestRestartWithPolicyUserDefinedNetwork	1.862s
PASS: docker_cli_restart_test.go:53: DockerSuite.TestRestartWithVolumes	0.947s
PASS: docker_cli_rmi_test.go:217: DockerSuite.TestRmiBlank	0.014s
PASS: docker_cli_rmi_test.go:327: DockerSuite.TestRmiByIDHardConflict	0.107s
PASS: docker_cli_rmi_test.go:227: DockerSuite.TestRmiContainerImageNotFound	4.663s
PASS: docker_cli_rmi_test.go:171: DockerSuite.TestRmiForceWithExistingContainers	1.386s
PASS: docker_cli_rmi_test.go:199: DockerSuite.TestRmiForceWithMultipleRepositories	0.513s
PASS: docker_cli_rmi_test.go:144: DockerSuite.TestRmiImageIDForceWithRunningContainersAndMultipleTags	1.335s
PASS: docker_cli_rmi_test.go:106: DockerSuite.TestRmiImgIDForce	0.726s
PASS: docker_cli_rmi_test.go:65: DockerSuite.TestRmiImgIDMultipleTag	1.298s
PASS: docker_cli_rmi_test.go:297: DockerSuite.TestRmiParentImageFail	1.326s
PASS: docker_cli_rmi_test.go:37: DockerSuite.TestRmiTag	0.167s
PASS: docker_cli_rmi_test.go:159: DockerSuite.TestRmiTagWithExistingContainers	0.555s
PASS: docker_cli_rmi_test.go:253: DockerSuite.TestRmiUntagHistoryLayer	4.128s
PASS: docker_cli_rmi_test.go:16: DockerSuite.TestRmiWithContainerFails	0.365s
PASS: docker_cli_rmi_test.go:185: DockerSuite.TestRmiWithMultipleRepositories	1.352s
PASS: docker_cli_rmi_test.go:310: DockerSuite.TestRmiWithParentInUse	1.961s
PASS: docker_cli_run_test.go:4522: DockerSuite.TestRunAddDeviceCgroupRule	1.086s
PASS: docker_cli_run_test.go:1580: DockerSuite.TestRunAddHost	0.532s
PASS: docker_cli_run_test.go:4039: DockerSuite.TestRunAddHostInHostMode	0.332s
PASS: docker_cli_run_test.go:1172: DockerSuite.TestRunAddingOptionalDevices	0.524s
PASS: docker_cli_run_test.go:1190: DockerSuite.TestRunAddingOptionalDevicesInvalidMode	0.021s
PASS: docker_cli_run_test.go:1181: DockerSuite.TestRunAddingOptionalDevicesNoSrc	0.577s
PASS: docker_cli_run_test.go:2061: DockerSuite.TestRunAllocatePortInReservedRange	0.744s
PASS: docker_cli_run_test.go:1231: DockerSuite.TestRunAllowBindMountingRoot	0.515s
PASS: docker_cli_run_test.go:2266: DockerSuite.TestRunAllowPortRangeThroughExpose	0.411s
PASS: docker_cli_run_test.go:2624: DockerSuite.TestRunAllowPortRangeThroughPublish	0.395s
PASS: docker_cli_run_unix_test.go:1329: DockerSuite.TestRunApparmorProcDirectory	1.004s
PASS: docker_cli_run_test.go:573: DockerSuite.TestRunApplyVolumesFromBeforeVolumes	1.049s
PASS: docker_cli_run_unix_test.go:97: DockerSuite.TestRunAttachDetach	0.480s
PASS: docker_cli_run_unix_test.go:242: DockerSuite.TestRunAttachDetachFromConfig	0.473s
PASS: docker_cli_run_unix_test.go:148: DockerSuite.TestRunAttachDetachFromFlag	0.500s
PASS: docker_cli_run_unix_test.go:209: DockerSuite.TestRunAttachDetachFromInvalidFlag	0.371s
PASS: docker_cli_run_unix_test.go:325: DockerSuite.TestRunAttachDetachKeysOverrideConfig	0.472s
PASS: docker_cli_run_test.go:3920: DockerSuite.TestRunAttachFailedNoLeak	0.735s
PASS: docker_cli_run_unix_test.go:407: DockerSuite.TestRunAttachInvalidDetachKeySequencePreserved	0.692s
PASS: docker_cli_run_test.go:1592: DockerSuite.TestRunAttachStdErrOnlyTTYMode	0.535s
PASS: docker_cli_run_test.go:1608: DockerSuite.TestRunAttachStdOutAndErrTTYMode	0.502s
PASS: docker_cli_run_test.go:1600: DockerSuite.TestRunAttachStdOutOnlyTTYMode	0.531s
PASS: docker_cli_run_test.go:1617: DockerSuite.TestRunAttachWithDetach	0.024s
PASS: docker_cli_run_test.go:1882: DockerSuite.TestRunBindMounts	1.616s
PASS: docker_cli_run_test.go:1053: DockerSuite.TestRunCapAddALLCanDownInterface	0.526s
PASS: docker_cli_run_test.go:1063: DockerSuite.TestRunCapAddALLDropNetAdminCanDownInterface	0.523s
PASS: docker_cli_run_test.go:3008: DockerSuite.TestRunCapAddCHOWN	0.519s
PASS: docker_cli_run_test.go:1043: DockerSuite.TestRunCapAddCanDownInterface	0.507s
PASS: docker_cli_run_test.go:1034: DockerSuite.TestRunCapAddInvalid	0.125s
PASS: docker_cli_run_test.go:3194: DockerSuite.TestRunCapAddSYSTIME	0.505s
PASS: docker_cli_run_test.go:1024: DockerSuite.TestRunCapDropALLAddMknodCanMknod	0.539s
PASS: docker_cli_run_test.go:1012: DockerSuite.TestRunCapDropALLCannotMknod	0.535s
PASS: docker_cli_run_test.go:986: DockerSuite.TestRunCapDropCannotMknod	0.535s
PASS: docker_cli_run_test.go:999: DockerSuite.TestRunCapDropCannotMknodLowerCase	0.534s
PASS: docker_cli_run_test.go:977: DockerSuite.TestRunCapDropInvalid	0.126s
PASS: docker_cli_run_test.go:1964: DockerSuite.TestRunCidFileCheckIDLength	0.351s
PASS: docker_cli_run_test.go:1933: DockerSuite.TestRunCidFileCleanupIfEmpty	0.017s
PASS: docker_cli_run_test.go:1695: DockerSuite.TestRunCleanupCmdOnEntrypoint	2.106s
PASS: docker_cli_run_test.go:3336: DockerSuite.TestRunContainerNetModeWithDNSMacHosts	0.410s
PASS: docker_cli_run_test.go:3360: DockerSuite.TestRunContainerNetModeWithExposePort	0.396s
PASS: docker_cli_run_test.go:922: DockerSuite.TestRunContainerNetwork	0.508s
PASS: docker_cli_run_test.go:3327: DockerSuite.TestRunContainerNetworkModeToSelf	0.068s
PASS: docker_cli_run_test.go:3311: DockerSuite.TestRunContainerWithCgroupMountRO	0.501s
PASS: docker_cli_run_test.go:3237: DockerSuite.TestRunContainerWithCgroupParent	1.056s
PASS: docker_cli_run_test.go:2734: DockerSuite.TestRunContainerWithReadonlyEtcHostsAndLinkedContainer	0.857s
PASS: docker_cli_run_test.go:2683: DockerSuite.TestRunContainerWithReadonlyRootfs	1.009s
PASS: docker_cli_run_test.go:2756: DockerSuite.TestRunContainerWithReadonlyRootfsWithAddHostFlag	0.515s
PASS: docker_cli_run_test.go:2746: DockerSuite.TestRunContainerWithReadonlyRootfsWithDNSFlag	0.532s
PASS: docker_cli_run_test.go:2793: DockerSuite.TestRunContainerWithRmFlagCannotStartContainer	0.478s
PASS: docker_cli_run_test.go:2779: DockerSuite.TestRunContainerWithRmFlagExitCodeNotEqualToZero	0.548s
PASS: docker_cli_run_test.go:2679: DockerSuite.TestRunContainerWithWritableRootfs	0.537s
PASS: docker_cli_run_test.go:1680: DockerSuite.TestRunCopyVolumeContent	1.718s
PASS: docker_cli_run_test.go:1662: DockerSuite.TestRunCopyVolumeUIDGID	3.994s
PASS: docker_cli_run_test.go:3202: DockerSuite.TestRunCreateContainerFailedCleanUp	0.102s
PASS: docker_cli_run_test.go:612: DockerSuite.TestRunCreateVolume	0.496s
PASS: docker_cli_run_test.go:2153: DockerSuite.TestRunCreateVolumeEtc	1.596s
PASS: docker_cli_run_test.go:622: DockerSuite.TestRunCreateVolumeWithSymlink	1.700s
PASS: docker_cli_run_test.go:378: DockerSuite.TestRunCreateVolumesInSymlinkDir	2.949s
PASS: docker_cli_run_test.go:422: DockerSuite.TestRunCreateVolumesInSymlinkDir2	2.952s
SKIP: docker_cli_run_test.go:4146: DockerSuite.TestRunCredentialSpecFailures (unmatched requirement DaemonIsWindows)
SKIP: docker_cli_run_test.go:4166: DockerSuite.TestRunCredentialSpecWellFormed (unmatched requirement DaemonIsWindows)
PASS: docker_cli_run_test.go:1254: DockerSuite.TestRunDNSDefaultOptions	0.527s
PASS: docker_cli_run_test.go:4004: DockerSuite.TestRunDNSInHostMode	1.627s
PASS: docker_cli_run_test.go:1288: DockerSuite.TestRunDNSOptions	1.014s
PASS: docker_cli_run_test.go:1322: DockerSuite.TestRunDNSOptionsBasedOnHostResolvConf	1.582s
PASS: docker_cli_run_test.go:1312: DockerSuite.TestRunDNSRepeatOptions	0.564s
PASS: docker_cli_run_test.go:2026: DockerSuite.TestRunDeallocatePortOnMissingIptablesRule	0.929s
PASS: docker_cli_run_test.go:121: DockerSuite.TestRunDetachedContainerIDPrinting	0.536s
SKIP: docker_cli_run_unix_test.go:83: DockerSuite.TestRunDeviceDirectory (Host does not have /dev/snd)
PASS: docker_cli_run_test.go:1141: DockerSuite.TestRunDeviceNumbers	0.502s
PASS: docker_cli_run_unix_test.go:1357: DockerSuite.TestRunDeviceSymlink	1.146s
PASS: docker_cli_run_test.go:1240: DockerSuite.TestRunDisallowBindMountingRootToRoot	0.060s
PASS: docker_cli_run_test.go:4173: DockerSuite.TestRunDuplicateMount	0.516s
PASS: docker_cli_run_test.go:51: DockerSuite.TestRunEchoNamedContainer	0.533s
PASS: docker_cli_run_test.go:43: DockerSuite.TestRunEchoStdout	0.507s
PASS: docker_cli_run_unix_test.go:538: DockerSuite.TestRunEchoStdoutWithCPUSharesAndMemoryLimit	0.537s
PASS: docker_cli_run_test.go:4259: DockerSuite.TestRunEmptyEnv	0.039s
PASS: docker_cli_run_test.go:1871: DockerSuite.TestRunEntrypoint	0.521s
PASS: docker_cli_run_test.go:817: DockerSuite.TestRunEnvironment	0.507s
PASS: docker_cli_run_test.go:856: DockerSuite.TestRunEnvironmentErase	0.510s
PASS: docker_cli_run_test.go:889: DockerSuite.TestRunEnvironmentOverride	0.511s
PASS: docker_cli_run_test.go:699: DockerSuite.TestRunExitCode	0.541s
PASS: docker_cli_run_test.go:90: DockerSuite.TestRunExitCodeOne	0.532s
PASS: docker_cli_run_test.go:85: DockerSuite.TestRunExitCodeZero	0.505s
PASS: docker_cli_run_test.go:1734: DockerSuite.TestRunExitOnStdinClose	0.530s
PASS: docker_cli_run_test.go:2289: DockerSuite.TestRunExposePort	0.015s
PASS: docker_cli_run_test.go:948: DockerSuite.TestRunFullHostnameSet	0.533s
PASS: docker_cli_run_test.go:1075: DockerSuite.TestRunGroupAdd	0.517s
PASS: docker_cli_run_test.go:4501: DockerSuite.TestRunHostnameFQDN	1.005s
PASS: docker_cli_run_test.go:4514: DockerSuite.TestRunHostnameInHostMode	0.335s
SKIP: docker_cli_run_test.go:4242: DockerSuite.TestRunHypervIsolationWithCPUCountCPUSharesAndCPUPercent (unmatched requirement DaemonIsWindows)
PASS: docker_cli_run_test.go:3726: DockerSuite.TestRunInitLayerPathOwnership	3.833s
PASS: docker_cli_run_test.go:2004: DockerSuite.TestRunInspectMacAddress	0.362s
PASS: docker_cli_run_test.go:1791: DockerSuite.TestRunInteractiveWithRestartPolicy	11.037s
PASS: docker_cli_run_unix_test.go:767: DockerSuite.TestRunInvalidCPUShares	0.624s
PASS: docker_cli_run_test.go:3272: DockerSuite.TestRunInvalidCgroupParent	1.060s
PASS: docker_cli_run_unix_test.go:729: DockerSuite.TestRunInvalidCpusetCpusFlagValue	0.016s
PASS: docker_cli_run_unix_test.go:748: DockerSuite.TestRunInvalidCpusetMemsFlagValue	0.019s
PASS: docker_cli_run_test.go:3714: DockerSuite.TestRunInvalidReference	0.013s
PASS: docker_cli_run_test.go:60: DockerSuite.TestRunLeakyFileDescriptors	0.517s
PASS: docker_cli_run_test.go:3381: DockerSuite.TestRunLinkToContainerNetMode	1.511s
PASS: docker_cli_run_test.go:193: DockerSuite.TestRunLinksContainerWithContainerID	0.893s
PASS: docker_cli_run_test.go:178: DockerSuite.TestRunLinksContainerWithContainerName	0.861s
PASS: docker_cli_run_test.go:72: DockerSuite.TestRunLookupGoogleDNS	0.902s
PASS: docker_cli_run_test.go:3391: DockerSuite.TestRunLoopbackOnlyExistsWhenNetworkingDisabled	0.414s
PASS: docker_cli_run_test.go:3417: DockerSuite.TestRunLoopbackWhenNetworkDisabled	0.400s
PASS: docker_cli_run_test.go:1199: DockerSuite.TestRunModeHostname	0.836s
PASS: docker_cli_run_test.go:2317: DockerSuite.TestRunModeIpcContainerNotExists	0.021s
PASS: docker_cli_run_test.go:2326: DockerSuite.TestRunModeIpcContainerNotRunning	0.171s
PASS: docker_cli_run_test.go:2295: DockerSuite.TestRunModeIpcHost	1.014s
PASS: docker_cli_run_test.go:3425: DockerSuite.TestRunModeNetContainerHostname	0.758s
PASS: docker_cli_run_test.go:2339: DockerSuite.TestRunModePIDContainer	0.878s
PASS: docker_cli_run_test.go:2364: DockerSuite.TestRunModePIDContainerNotExists	0.021s
PASS: docker_cli_run_test.go:2373: DockerSuite.TestRunModePIDContainerNotRunning	0.168s
PASS: docker_cli_run_test.go:2431: DockerSuite.TestRunModePIDHost	1.039s
PASS: docker_cli_run_test.go:2453: DockerSuite.TestRunModeUTSHost	1.068s
PASS: docker_cli_run_test.go:4321: DockerSuite.TestRunMount	5.132s
PASS: docker_cli_run_test.go:2082: DockerSuite.TestRunMountOrdering	0.517s
PASS: docker_cli_run_test.go:4309: DockerSuite.TestRunMountReadOnlyDevShm	0.507s
PASS: docker_cli_run_test.go:2386: DockerSuite.TestRunMountShmMqueueFromHost	0.863s
PASS: docker_cli_run_test.go:582: DockerSuite.TestRunMultipleVolumesFrom	1.540s
PASS: docker_cli_exec_test.go:395: DockerSuite.TestRunMutableNetworkFiles	2.212s
PASS: docker_cli_run_test.go:3214: DockerSuite.TestRunNamedVolume	1.562s
PASS: docker_cli_run_test.go:3858: DockerSuite.TestRunNamedVolumeCopyImageData	2.325s
PASS: docker_cli_run_test.go:3872: DockerSuite.TestRunNamedVolumeNotRemoved	1.156s
PASS: docker_cli_run_test.go:3889: DockerSuite.TestRunNamedVolumesFromNotRemoved	1.028s
PASS: docker_cli_run_test.go:3851: DockerSuite.TestRunNamedVolumesMountedAsShared	0.062s
PASS: docker_cli_run_test.go:2606: DockerSuite.TestRunNetContainerWhichHost	0.538s
PASS: docker_cli_run_test.go:2575: DockerSuite.TestRunNetHost	0.831s
PASS: docker_cli_run_test.go:931: DockerSuite.TestRunNetHostNotAllowedWithLinks	0.548s
PASS: docker_cli_run_test.go:2597: DockerSuite.TestRunNetHostTwiceSameName	0.686s
PASS: docker_cli_run_test.go:3069: DockerSuite.TestRunNetworkFilesBindMount	1.554s
PASS: docker_cli_run_test.go:3093: DockerSuite.TestRunNetworkFilesBindMountRO	1.550s
PASS: docker_cli_run_test.go:3115: DockerSuite.TestRunNetworkFilesBindMountROFilesystem	3.165s
PASS: docker_cli_run_test.go:3438: DockerSuite.TestRunNetworkNotInitializedNoneMode	0.330s
PASS: docker_cli_run_test.go:521: DockerSuite.TestRunNoDupVolumes	0.164s
PASS: docker_cli_run_unix_test.go:1144: DockerSuite.TestRunNoNewPrivSetuid	1.704s
PASS: docker_cli_run_test.go:2194: DockerSuite.TestRunNoOutputFromPullInStdout	0.988s
PASS: docker_cli_run_test.go:3663: DockerSuite.TestRunNonExecutableCmd	0.460s
PASS: docker_cli_run_test.go:3672: DockerSuite.TestRunNonExistingCmd	0.484s
PASS: docker_cli_run_test.go:3697: DockerSuite.TestRunNonExistingImage	1.064s
PASS: docker_cli_run_test.go:2558: DockerSuite.TestRunNonLocalMacAddress	0.504s
PASS: docker_cli_run_test.go:1404: DockerSuite.TestRunNonRootUserResolvName	0.972s
SKIP: docker_cli_run_unix_test.go:617: DockerSuite.TestRunOOMExitCode (unmatched requirement swapMemorySupport)
PASS: docker_cli_run_test.go:2806: DockerSuite.TestRunPIDHostWithChildIsKillable	0.546s
PASS: docker_cli_run_unix_test.go:1406: DockerSuite.TestRunPIDsLimit	0.539s
PASS: docker_cli_run_test.go:2494: DockerSuite.TestRunPortFromDockerRangeInUse	0.769s
PASS: docker_cli_run_test.go:2042: DockerSuite.TestRunPortInUse	0.456s
PASS: docker_cli_run_unix_test.go:1417: DockerSuite.TestRunPrivilegedAllowedDevices	0.499s
PASS: docker_cli_run_test.go:957: DockerSuite.TestRunPrivilegedCanMknod	0.448s
PASS: docker_cli_run_test.go:1086: DockerSuite.TestRunPrivilegedCanMount	0.462s
PASS: docker_cli_run_test.go:1125: DockerSuite.TestRunProcNotWritableInNonPrivilegedContainers	0.527s
PASS: docker_cli_run_test.go:1133: DockerSuite.TestRunProcWritableInPrivilegedContainers	0.471s
SKIP: docker_cli_run_test.go:4224: DockerSuite.TestRunProcessIsolationWithCPUCountCPUSharesAndCPUPercent (unmatched requirement DaemonIsWindows)
PASS: docker_cli_run_test.go:2983: DockerSuite.TestRunPublishPort	0.354s
PASS: docker_cli_run_test.go:2886: DockerSuite.TestRunReadFilteredProc	0.456s
SKIP: docker_cli_run_test.go:2865: DockerSuite.TestRunReadProcLatency (kernel doesn't have latency_stats configured)
PASS: docker_cli_run_test.go:2850: DockerSuite.TestRunReadProcTimer	0.516s
PASS: docker_cli_run_unix_test.go:34: DockerSuite.TestRunRedirectStdout	1.018s
SKIP: docker_cli_run_test.go:1426: DockerSuite.TestRunResolvconfUpdate (Unstable test, to be re-activated once #19937 is resolved)
PASS: docker_cli_run_test.go:2656: DockerSuite.TestRunRestartMaxRetries	2.378s
PASS: docker_cli_run_test.go:2127: DockerSuite.TestRunReuseBindVolumeThatIsSymlink	1.044s
PASS: docker_cli_run_test.go:4057: DockerSuite.TestRunRm	0.553s
PASS: docker_cli_run_test.go:4047: DockerSuite.TestRunRmAndWait	3.519s
PASS: docker_cli_run_test.go:4068: DockerSuite.TestRunRmPre125Api	0.569s
PASS: docker_cli_run_test.go:1220: DockerSuite.TestRunRootWorkdir	0.493s
PASS: docker_cli_run_unix_test.go:1050: DockerSuite.TestRunSeccompAllowPrivCloneUserns	3.984s
PASS: docker_cli_run_unix_test.go:1070: DockerSuite.TestRunSeccompAllowSetrlimit	1.729s
PASS: docker_cli_run_unix_test.go:1077: DockerSuite.TestRunSeccompDefaultProfileAcct	17.865s
PASS: docker_cli_run_unix_test.go:1107: DockerSuite.TestRunSeccompDefaultProfileNS	21.360s
PASS: docker_cli_run_unix_test.go:1062: DockerSuite.TestRunSeccompProfileAllow32Bit	1.692s
PASS: docker_cli_run_unix_test.go:952: DockerSuite.TestRunSeccompProfileDenyChmod	0.504s
PASS: docker_cli_run_unix_test.go:1025: DockerSuite.TestRunSeccompProfileDenyCloneUserns	1.594s
PASS: docker_cli_run_unix_test.go:923: DockerSuite.TestRunSeccompProfileDenyUnshare	1.517s
PASS: docker_cli_run_unix_test.go:987: DockerSuite.TestRunSeccompProfileDenyUnshareUserns	1.505s
PASS: docker_cli_run_unix_test.go:1037: DockerSuite.TestRunSeccompUnconfinedCloneUserns	1.516s
PASS: docker_cli_run_unix_test.go:1348: DockerSuite.TestRunSeccompWithDefaultProfile	1.550s
PASS: docker_cli_run_test.go:2648: DockerSuite.TestRunSetDefaultRestartPolicy	0.360s
PASS: docker_cli_run_test.go:1988: DockerSuite.TestRunSetMacAddress	0.521s
PASS: docker_cli_run_test.go:2238: DockerSuite.TestRunSlowStdoutConsumer	2.456s
PASS: docker_cli_run_test.go:1625: DockerSuite.TestRunState	0.937s
PASS: docker_cli_run_test.go:3617: DockerSuite.TestRunStdinBlockedAfterContainerExit	0.524s
PASS: docker_cli_run_test.go:97: DockerSuite.TestRunStdinPipe	0.582s
PASS: docker_cli_run_test.go:4132: DockerSuite.TestRunStoppedLoggingDriverNoLeak	0.161s
SKIP: docker_cli_run_unix_test.go:719: DockerSuite.TestRunSwapLessThanMemoryLimit (unmatched requirement swapMemorySupport)
PASS: docker_cli_run_test.go:1109: DockerSuite.TestRunSysNotWritableInNonPrivilegedContainers	0.510s
PASS: docker_cli_run_test.go:1117: DockerSuite.TestRunSysWritableInPrivilegedContainers	0.479s
PASS: docker_cli_run_unix_test.go:892: DockerSuite.TestRunSysctls	1.057s
PASS: docker_cli_run_test.go:2478: DockerSuite.TestRunTLSVerify	0.040s
PASS: docker_cli_run_test.go:2526: DockerSuite.TestRunTTYWithPipe	0.011s
PASS: docker_cli_run_test.go:1157: DockerSuite.TestRunThatCharacterDevicesActLikeCharacterDevices	0.506s
PASS: docker_cli_run_unix_test.go:819: DockerSuite.TestRunTmpfsMounts	1.766s
PASS: docker_cli_run_unix_test.go:811: DockerSuite.TestRunTmpfsMountsEnsureOrdered	0.504s
PASS: docker_cli_run_unix_test.go:840: DockerSuite.TestRunTmpfsMountsOverrideImageVolumes	1.999s
PASS: docker_cli_run_unix_test.go:852: DockerSuite.TestRunTmpfsMountsWithOptions	3.697s
PASS: docker_cli_run_test.go:795: DockerSuite.TestRunTwoConcurrentContainers	2.767s
PASS: docker_cli_run_test.go:967: DockerSuite.TestRunUnprivilegedCanMknod	0.582s
PASS: docker_cli_run_test.go:1096: DockerSuite.TestRunUnprivilegedCannotMount	0.512s
PASS: docker_cli_run_test.go:1166: DockerSuite.TestRunUnprivilegedWithChroot	0.529s
PASS: docker_cli_run_test.go:4080: DockerSuite.TestRunUnsetEntrypoint	4.328s
PASS: docker_cli_run_test.go:2925: DockerSuite.TestRunUnshareProc	5.062s
PASS: docker_cli_run_test.go:736: DockerSuite.TestRunUserByID	0.542s
PASS: docker_cli_run_test.go:746: DockerSuite.TestRunUserByIDBig	0.133s
PASS: docker_cli_run_test.go:759: DockerSuite.TestRunUserByIDNegative	0.129s
PASS: docker_cli_run_test.go:772: DockerSuite.TestRunUserByIDZero	0.497s
PASS: docker_cli_run_test.go:726: DockerSuite.TestRunUserByName	0.505s
PASS: docker_cli_run_test.go:715: DockerSuite.TestRunUserDefaults	0.527s
SKIP: docker_cli_run_unix_test.go:1426: DockerSuite.TestRunUserDeviceAllowed (Host does not have /dev/snd/timer)
PASS: docker_cli_run_test.go:785: DockerSuite.TestRunUserNotFound	0.127s
PASS: docker_cli_run_test.go:593: DockerSuite.TestRunVerifyContainerID	0.352s
PASS: docker_cli_run_test.go:3969: DockerSuite.TestRunVolumeCopyFlag	4.469s
PASS: docker_cli_run_test.go:3962: DockerSuite.TestRunVolumeWithOneCharacter	0.535s
PASS: docker_cli_run_test.go:2207: DockerSuite.TestRunVolumesCleanPaths	1.589s
PASS: docker_cli_run_test.go:473: DockerSuite.TestRunVolumesFromInReadWriteMode	1.604s
PASS: docker_cli_run_test.go:452: DockerSuite.TestRunVolumesFromInReadonlyModeFails	1.033s
PASS: docker_cli_run_test.go:2766: DockerSuite.TestRunVolumesFromRestartAfterRemoved	1.513s
PASS: docker_cli_run_test.go:658: DockerSuite.TestRunVolumesFromSymlinkPath	2.998s
PASS: docker_cli_run_test.go:446: DockerSuite.TestRunVolumesMountedAsReadonly	0.563s
PASS: docker_cli_run_test.go:3771: DockerSuite.TestRunVolumesMountedAsShared	0.480s
PASS: docker_cli_run_test.go:3802: DockerSuite.TestRunVolumesMountedAsSlave	0.495s
SKIP: docker_cli_run_test.go:4194: DockerSuite.TestRunWindowsWithCPUCount (unmatched requirement DaemonIsWindows)
SKIP: docker_cli_run_test.go:4214: DockerSuite.TestRunWindowsWithCPUPercent (unmatched requirement DaemonIsWindows)
SKIP: docker_cli_run_test.go:4204: DockerSuite.TestRunWindowsWithCPUShares (unmatched requirement DaemonIsWindows)
PASS: docker_cli_run_test.go:1856: DockerSuite.TestRunWithBadDevice	0.156s
PASS: docker_cli_run_unix_test.go:568: DockerSuite.TestRunWithBlkioWeight	0.523s
PASS: docker_cli_run_unix_test.go:458: DockerSuite.TestRunWithCPUQuota	0.645s
PASS: docker_cli_run_unix_test.go:526: DockerSuite.TestRunWithCPUShares	0.587s
PASS: docker_cli_run_unix_test.go:469: DockerSuite.TestRunWithCpuPeriod	1.059s
PASS: docker_cli_run_unix_test.go:546: DockerSuite.TestRunWithCpusetCpus	0.517s
PASS: docker_cli_run_unix_test.go:557: DockerSuite.TestRunWithCpusetMems	0.573s
PASS: docker_cli_run_test.go:341: DockerSuite.TestRunWithDaemonFlags	0.011s
PASS: docker_cli_run_unix_test.go:785: DockerSuite.TestRunWithDefaultShmSize	0.543s
PASS: docker_cli_run_unix_test.go:579: DockerSuite.TestRunWithInvalidBlkioWeight	0.016s
PASS: docker_cli_run_unix_test.go:483: DockerSuite.TestRunWithInvalidCpuPeriod	0.052s
PASS: docker_cli_run_unix_test.go:512: DockerSuite.TestRunWithInvalidKernelMemory	0.025s
PASS: docker_cli_run_test.go:2018: DockerSuite.TestRunWithInvalidMacAddress	0.011s
PASS: docker_cli_run_unix_test.go:593: DockerSuite.TestRunWithInvalidPathforBlkioDeviceReadBps	0.119s
PASS: docker_cli_run_unix_test.go:605: DockerSuite.TestRunWithInvalidPathforBlkioDeviceReadIOps	0.112s
PASS: docker_cli_run_unix_test.go:599: DockerSuite.TestRunWithInvalidPathforBlkioDeviceWriteBps	0.126s
PASS: docker_cli_run_unix_test.go:611: DockerSuite.TestRunWithInvalidPathforBlkioDeviceWriteIOps	0.116s
PASS: docker_cli_run_unix_test.go:587: DockerSuite.TestRunWithInvalidPathforBlkioWeightDevice	0.120s
PASS: docker_cli_run_unix_test.go:499: DockerSuite.TestRunWithKernelMemory	0.590s
PASS: docker_cli_run_unix_test.go:637: DockerSuite.TestRunWithMemoryLimit	0.577s
PASS: docker_cli_run_unix_test.go:682: DockerSuite.TestRunWithMemoryReservation	0.518s
PASS: docker_cli_run_unix_test.go:693: DockerSuite.TestRunWithMemoryReservationInvalid	0.053s
PASS: docker_cli_run_unix_test.go:1563: DockerSuite.TestRunWithNanoCPUs	0.542s
PASS: docker_cli_run_test.go:282: DockerSuite.TestRunWithNetAliasOnDefaultNetworks	0.208s
PASS: docker_cli_run_test.go:3743: DockerSuite.TestRunWithOomScoreAdj	0.541s
PASS: docker_cli_run_test.go:3754: DockerSuite.TestRunWithOomScoreAdjInvalidRange	0.033s
PASS: docker_cli_run_unix_test.go:798: DockerSuite.TestRunWithShmSize	0.534s
PASS: docker_cli_run_unix_test.go:660: DockerSuite.TestRunWithSwappiness	0.544s
PASS: docker_cli_run_unix_test.go:670: DockerSuite.TestRunWithSwappinessInvalid	0.033s
PASS: docker_cli_run_test.go:2829: DockerSuite.TestRunWithTooSmallMemoryLimit	0.016s
PASS: docker_cli_run_test.go:3226: DockerSuite.TestRunWithUlimits	0.526s
PASS: docker_cli_run_test.go:348: DockerSuite.TestRunWithVolumesFromExited	1.048s
PASS: docker_cli_run_unix_test.go:62: DockerSuite.TestRunWithVolumesIsRecursive	0.526s
SKIP: docker_cli_run_unix_test.go:653: DockerSuite.TestRunWithoutMemoryswapLimit (unmatched requirement swapMemorySupport)
PASS: docker_cli_run_test.go:159: DockerSuite.TestRunWithoutNetworking	0.417s
PASS: docker_cli_run_test.go:1720: DockerSuite.TestRunWorkdirExistsAndIsFile	0.077s
PASS: docker_cli_run_test.go:136: DockerSuite.TestRunWorkingDirectory	1.011s
PASS: docker_cli_run_test.go:3042: DockerSuite.TestRunWriteFilteredProc	0.469s
PASS: docker_cli_run_test.go:1808: DockerSuite.TestRunWriteSpecialFilesAndNotCommit	1.644s
PASS: docker_cli_run_test.go:2841: DockerSuite.TestRunWriteToProcAsound	0.530s
PASS: docker_cli_run_test.go:3640: DockerSuite.TestRunWrongCpusetCpusFlagValue	0.029s
PASS: docker_cli_run_test.go:3651: DockerSuite.TestRunWrongCpusetMemsFlagValue	0.015s
PASS: docker_cli_save_load_test.go:157: DockerSuite.TestSaveAndLoadRepoFlags	1.520s
PASS: docker_cli_save_load_unix_test.go:22: DockerSuite.TestSaveAndLoadRepoStdout	1.014s
PASS: docker_cli_save_load_unix_test.go:73: DockerSuite.TestSaveAndLoadWithProgressBar	1.047s
PASS: docker_cli_save_load_test.go:99: DockerSuite.TestSaveCheckTimes	0.049s
PASS: docker_cli_save_load_test.go:258: DockerSuite.TestSaveDirectoryPermissions	1.737s
PASS: docker_cli_save_load_test.go:118: DockerSuite.TestSaveImageId	0.082s
PASS: docker_cli_save_load_test.go:379: DockerSuite.TestSaveLoadNoTag	1.063s
PASS: docker_cli_save_load_test.go:340: DockerSuite.TestSaveLoadParents	2.132s
PASS: docker_cli_save_load_test.go:188: DockerSuite.TestSaveMultipleNames	0.050s
PASS: docker_cli_save_load_test.go:206: DockerSuite.TestSaveRepoWithMultipleImages	1.601s
PASS: docker_cli_save_load_test.go:84: DockerSuite.TestSaveSingleTag	0.068s
PASS: docker_cli_save_load_test.go:178: DockerSuite.TestSaveWithNoExistImage	0.013s
PASS: docker_cli_save_load_test.go:26: DockerSuite.TestSaveXzAndLoadRepoStdout	1.420s
PASS: docker_cli_save_load_test.go:55: DockerSuite.TestSaveXzGzAndLoadRepoStdout	1.984s
PASS: docker_cli_search_test.go:47: DockerSuite.TestSearchCmdOptions	4.182s
PASS: docker_cli_search_test.go:12: DockerSuite.TestSearchOnCentralRegistry	0.692s
PASS: docker_cli_search_test.go:96: DockerSuite.TestSearchOnCentralRegistryWithDash	0.711s
PASS: docker_cli_search_test.go:19: DockerSuite.TestSearchStarsOptionWithWrongParameter	0.096s
PASS: docker_cli_search_test.go:103: DockerSuite.TestSearchWithLimit	1.733s
PASS: docker_cli_run_test.go:4278: DockerSuite.TestSlowStdinClosing	2.072s
PASS: docker_cli_start_test.go:44: DockerSuite.TestStartAttachCorrectExitCode	5.069s
PASS: docker_cli_start_test.go:145: DockerSuite.TestStartAttachMultipleContainers	1.722s
PASS: docker_cli_start_test.go:15: DockerSuite.TestStartAttachReturnsOnError	0.714s
PASS: docker_cli_start_test.go:57: DockerSuite.TestStartAttachSilent	1.029s
PASS: docker_cli_start_test.go:174: DockerSuite.TestStartAttachWithRename	2.601s
PASS: docker_cli_start_test.go:109: DockerSuite.TestStartMultipleContainers	1.372s
PASS: docker_cli_start_test.go:94: DockerSuite.TestStartPausedContainer	0.394s
PASS: docker_cli_start_test.go:69: DockerSuite.TestStartRecordError	1.076s
PASS: docker_cli_start_test.go:189: DockerSuite.TestStartReturnCorrectExitCode	1.290s
PASS: docker_cli_stats_test.go:122: DockerSuite.TestStatsAllNewContainersAdded	1.051s
PASS: docker_cli_stats_test.go:93: DockerSuite.TestStatsAllNoStream	2.598s
PASS: docker_cli_stats_test.go:57: DockerSuite.TestStatsAllRunningNoStream	3.783s
PASS: docker_cli_stats_test.go:44: DockerSuite.TestStatsContainerNotFound	3.029s
PASS: docker_cli_stats_test.go:163: DockerSuite.TestStatsFormatAll	4.546s
PASS: docker_cli_stats_test.go:15: DockerSuite.TestStatsNoStream	2.787s
PASS: docker_cli_run_unix_test.go:707: DockerSuite.TestStopContainerSignal	1.530s
PASS: docker_cli_top_test.go:11: DockerSuite.TestTopMultipleArgs	0.386s
PASS: docker_cli_top_test.go:26: DockerSuite.TestTopNonPrivileged	0.605s
PASS: docker_cli_top_test.go:61: DockerSuite.TestTopPrivileged	0.548s
SKIP: docker_cli_top_test.go:50: DockerSuite.TestTopWindowsCoreProcesses (unmatched requirement DaemonIsWindows)
PASS: docker_cli_run_test.go:3450: DockerSuite.TestTwoContainersInNetHost	0.688s
PASS: docker_cli_port_test.go:212: DockerSuite.TestUnpublishedPortsInPsOutput	2.322s
PASS: docker_cli_health_test.go:147: DockerSuite.TestUnsetEnvVarHealthCheck	3.845s
PASS: docker_cli_update_unix_test.go:103: DockerSuite.TestUpdateContainerInvalidValue	0.382s
PASS: docker_cli_update_unix_test.go:115: DockerSuite.TestUpdateContainerWithoutFlags	0.376s
SKIP: docker_cli_update_unix_test.go:202: DockerSuite.TestUpdateInvalidSwapMemory (unmatched requirement swapMemorySupport)
PASS: docker_cli_update_unix_test.go:125: DockerSuite.TestUpdateKernelMemory	0.534s
PASS: docker_cli_update_unix_test.go:139: DockerSuite.TestUpdateKernelMemoryUninitialized	1.149s
SKIP: docker_cli_update_unix_test.go:258: DockerSuite.TestUpdateMemoryWithSwapMemory (unmatched requirement swapMemorySupport)
PASS: docker_cli_update_unix_test.go:272: DockerSuite.TestUpdateNotAffectMonitorRestartPolicy	0.934s
PASS: docker_cli_update_unix_test.go:68: DockerSuite.TestUpdatePausedContainer	0.539s
PASS: docker_cli_update_unix_test.go:22: DockerSuite.TestUpdateRunningContainer	0.499s
PASS: docker_cli_update_unix_test.go:37: DockerSuite.TestUpdateRunningContainerWithRestart	1.073s
PASS: docker_cli_update_unix_test.go:227: DockerSuite.TestUpdateStats	4.283s
PASS: docker_cli_update_unix_test.go:53: DockerSuite.TestUpdateStoppedContainer	1.062s
SKIP: docker_cli_update_unix_test.go:186: DockerSuite.TestUpdateSwapMemoryOnly (unmatched requirement swapMemorySupport)
PASS: docker_cli_update_unix_test.go:300: DockerSuite.TestUpdateWithNanoCPUs	0.656s
PASS: docker_cli_update_unix_test.go:85: DockerSuite.TestUpdateWithUntouchedFields	0.515s
PASS: docker_cli_run_test.go:293: DockerSuite.TestUserDefinedNetworkAlias	2.317s
PASS: docker_cli_network_unix_test.go:1536: DockerSuite.TestUserDefinedNetworkConnectDisconnectAlias	2.087s
PASS: docker_cli_network_unix_test.go:1462: DockerSuite.TestUserDefinedNetworkConnectDisconnectLink	1.689s
PASS: docker_cli_network_unix_test.go:1591: DockerSuite.TestUserDefinedNetworkConnectivity	1.236s
PASS: docker_cli_run_test.go:208: DockerSuite.TestUserDefinedNetworkLinks	1.952s
PASS: docker_cli_run_test.go:244: DockerSuite.TestUserDefinedNetworkLinksWithRestart	2.690s
PASS: docker_cli_run_unix_test.go:1168: DockerSuite.TestUserNoEffectiveCapabilitiesChown	1.604s
PASS: docker_cli_run_unix_test.go:1289: DockerSuite.TestUserNoEffectiveCapabilitiesChroot	1.587s
PASS: docker_cli_run_unix_test.go:1186: DockerSuite.TestUserNoEffectiveCapabilitiesDacOverride	1.032s
PASS: docker_cli_run_unix_test.go:1199: DockerSuite.TestUserNoEffectiveCapabilitiesFowner	1.095s
PASS: docker_cli_run_unix_test.go:1307: DockerSuite.TestUserNoEffectiveCapabilitiesMknod	1.518s
PASS: docker_cli_run_unix_test.go:1253: DockerSuite.TestUserNoEffectiveCapabilitiesNetBindService	6.161s
PASS: docker_cli_run_unix_test.go:1271: DockerSuite.TestUserNoEffectiveCapabilitiesNetRaw	6.397s
PASS: docker_cli_run_unix_test.go:1233: DockerSuite.TestUserNoEffectiveCapabilitiesSetgid	6.203s
PASS: docker_cli_run_unix_test.go:1215: DockerSuite.TestUserNoEffectiveCapabilitiesSetuid	6.424s
PASS: docker_cli_volume_test.go:22: DockerSuite.TestVolumeCLICreate	15.059s
PASS: docker_cli_volume_test.go:298: DockerSuite.TestVolumeCLICreateLabel	0.027s
PASS: docker_cli_volume_test.go:310: DockerSuite.TestVolumeCLICreateLabelMultiple	0.037s
PASS: docker_cli_volume_test.go:274: DockerSuite.TestVolumeCLICreateWithOpts	0.556s
PASS: docker_cli_volume_test.go:38: DockerSuite.TestVolumeCLIInspect	0.071s
PASS: docker_cli_volume_test.go:55: DockerSuite.TestVolumeCLIInspectMulti	0.052s
PASS: docker_cli_volume_test.go:264: DockerSuite.TestVolumeCLIInspectTmplError	0.026s
PASS: docker_cli_volume_test.go:72: DockerSuite.TestVolumeCLILs	0.555s
PASS: docker_cli_volume_test.go:193: DockerSuite.TestVolumeCLILsErrorWithInvalidFilterName	0.015s
PASS: docker_cli_volume_test.go:143: DockerSuite.TestVolumeCLILsFilterDangling	0.741s
PASS: docker_cli_volume_test.go:367: DockerSuite.TestVolumeCLILsFilterDrivers	0.076s
PASS: docker_cli_volume_test.go:337: DockerSuite.TestVolumeCLILsFilterLabels	0.091s
PASS: docker_cli_volume_test.go:199: DockerSuite.TestVolumeCLILsWithIncorrectFilterValue	0.012s
PASS: docker_cli_volume_test.go:241: DockerSuite.TestVolumeCLINoArgs	0.034s
PASS: docker_cli_volume_test.go:205: DockerSuite.TestVolumeCLIRm	1.740s
PASS: docker_cli_volume_test.go:406: DockerSuite.TestVolumeCLIRmForce	0.080s
PASS: docker_cli_volume_test.go:430: DockerSuite.TestVolumeCLIRmForceInUse	0.178s
PASS: docker_cli_volume_test.go:398: DockerSuite.TestVolumeCLIRmForceUsage	0.039s
PASS: docker_cli_volume_test.go:468: DockerSuite.TestVolumeCliInspectWithVolumeOpts	0.050s
PASS: docker_cli_events_unix_test.go:168: DockerSuite.TestVolumeEvents	0.579s
PASS: docker_cli_run_test.go:3019: DockerSuite.TestVolumeFromMixedRWOptions	1.584s
PASS: docker_cli_volume_test.go:85: DockerSuite.TestVolumeLsFormat	0.062s
PASS: docker_cli_volume_test.go:94: DockerSuite.TestVolumeLsFormatDefaultFormat	0.054s
PASS: docker_cli_run_test.go:496: DockerSuite.TestVolumesFromGetsProperMode	2.129s
PASS: docker_cli_run_test.go:2174: DockerSuite.TestVolumesNoCopyData	3.184s
SKIP: docker_cli_run_test.go:4537: DockerSuite.TestWindowsRunAsSystem (unmatched requirement DaemonIsWindowsAtLeastBuild.func1)
PASS: docker_cli_by_digest_test.go:184: DockerRegistrySuite.TestBuildByDigest	2.181s
PASS: docker_api_build_test.go:327: DockerRegistrySuite.TestBuildCopyFromForcePull	1.845s
PASS: docker_cli_build_test.go:5791: DockerRegistrySuite.TestBuildMultiStageImplicitPull	2.414s
PASS: docker_cli_pull_local_test.go:197: DockerRegistrySuite.TestConcurrentPullMultipleTags	7.068s
PASS: docker_cli_push_test.go:199: DockerRegistrySuite.TestConcurrentPush	8.056s
PASS: docker_cli_by_digest_test.go:130: DockerRegistrySuite.TestCreateByDigest	1.320s
PASS: docker_cli_push_test.go:207: DockerRegistrySuite.TestCrossRepositoryLayerPush	0.804s
PASS: docker_cli_by_digest_test.go:447: DockerRegistrySuite.TestDeleteImageByIDOnlyPulledByDigest	1.940s
PASS: docker_cli_by_digest_test.go:493: DockerRegistrySuite.TestDeleteImageWithDigestAndMultiRepoTag	1.947s
PASS: docker_cli_by_digest_test.go:466: DockerRegistrySuite.TestDeleteImageWithDigestAndTag	1.837s
PASS: docker_cli_events_test.go:545: DockerRegistrySuite.TestEventsImageFilterPush	1.839s
PASS: docker_cli_by_digest_test.go:391: DockerRegistrySuite.TestInspectImageWithDigests	1.822s
PASS: docker_cli_by_digest_test.go:318: DockerRegistrySuite.TestListDanglingImagesWithDigests	2.883s
PASS: docker_cli_by_digest_test.go:241: DockerRegistrySuite.TestListImagesWithDigests	2.871s
PASS: docker_cli_by_digest_test.go:228: DockerRegistrySuite.TestListImagesWithoutDigests	1.859s
PASS: docker_cli_by_digest_test.go:410: DockerRegistrySuite.TestPsListContainersFilterAncestorImageByDigest	3.611s
PASS: docker_cli_by_digest_test.go:105: DockerRegistrySuite.TestPullByDigest	1.080s
PASS: docker_cli_by_digest_test.go:122: DockerRegistrySuite.TestPullByDigestNoFallback	0.019s
PASS: docker_cli_by_digest_test.go:79: DockerRegistrySuite.TestPullByTagDisplaysDigest	1.734s
PASS: docker_cli_by_digest_test.go:612: DockerRegistrySuite.TestPullFailsWithAlteredLayer	0.901s
PASS: docker_cli_by_digest_test.go:530: DockerRegistrySuite.TestPullFailsWithAlteredManifest	0.873s
PASS: docker_cli_pull_local_test.go:258: DockerRegistrySuite.TestPullIDStability	5.074s
PASS: docker_cli_pull_local_test.go:54: DockerRegistrySuite.TestPullImageWithAliases	0.303s
PASS: docker_cli_pull_local_test.go:286: DockerRegistrySuite.TestPullManifestList	1.298s
PASS: docker_cli_pull_local_test.go:278: DockerRegistrySuite.TestPullNoLayers	0.595s
PASS: docker_cli_push_test.go:69: DockerRegistrySuite.TestPushBadTag	0.014s
PASS: docker_cli_push_test.go:29: DockerRegistrySuite.TestPushBusyboxImage	0.184s
PASS: docker_cli_push_test.go:145: DockerRegistrySuite.TestPushEmptyLayer	0.152s
PASS: docker_cli_push_test.go:114: DockerRegistrySuite.TestPushMultipleTags	0.231s
PASS: docker_cli_push_test.go:52: DockerRegistrySuite.TestPushUntagged	0.014s
PASS: docker_cli_by_digest_test.go:161: DockerRegistrySuite.TestRemoveImageByDigest	1.056s
PASS: docker_cli_by_digest_test.go:143: DockerRegistrySuite.TestRunByDigest	2.309s
PASS: docker_cli_pull_local_test.go:451: DockerRegistrySuite.TestRunImplicitPullWithNoTag	0.782s
PASS: docker_cli_by_digest_test.go:209: DockerRegistrySuite.TestTagByDigest	1.444s
PASS: docker_cli_registry_user_agent_test.go:73: DockerRegistrySuite.TestUserAgentPassThrough	0.852s
PASS: docker_cli_v2_only_test.go:27: DockerRegistrySuite.TestV2Only	0.685s
PASS: docker_cli_pull_local_test.go:201: DockerSchema1RegistrySuite.TestConcurrentPullMultipleTags	7.417s
PASS: docker_cli_push_test.go:203: DockerSchema1RegistrySuite.TestConcurrentPush	8.076s
PASS: docker_cli_push_test.go:248: DockerSchema1RegistrySuite.TestCrossRepositoryLayerPushNotSupported	0.975s
PASS: docker_cli_by_digest_test.go:109: DockerSchema1RegistrySuite.TestPullByDigest	1.099s
PASS: docker_cli_by_digest_test.go:126: DockerSchema1RegistrySuite.TestPullByDigestNoFallback	0.018s
PASS: docker_cli_by_digest_test.go:83: DockerSchema1RegistrySuite.TestPullByTagDisplaysDigest	1.723s
PASS: docker_cli_by_digest_test.go:655: DockerSchema1RegistrySuite.TestPullFailsWithAlteredLayer	1.792s
PASS: docker_cli_by_digest_test.go:570: DockerSchema1RegistrySuite.TestPullFailsWithAlteredManifest	0.918s
PASS: docker_cli_pull_local_test.go:262: DockerSchema1RegistrySuite.TestPullIDStability	5.095s
PASS: docker_cli_pull_local_test.go:58: DockerSchema1RegistrySuite.TestPullImageWithAliases	0.368s
PASS: docker_cli_pull_local_test.go:282: DockerSchema1RegistrySuite.TestPullNoLayers	0.975s
PASS: docker_cli_push_test.go:73: DockerSchema1RegistrySuite.TestPushBadTag	0.014s
PASS: docker_cli_push_test.go:33: DockerSchema1RegistrySuite.TestPushBusyboxImage	0.198s
PASS: docker_cli_push_test.go:149: DockerSchema1RegistrySuite.TestPushEmptyLayer	0.172s
PASS: docker_cli_push_test.go:118: DockerSchema1RegistrySuite.TestPushMultipleTags	0.282s
PASS: docker_cli_push_test.go:56: DockerSchema1RegistrySuite.TestPushUntagged	0.013s
PASS: docker_cli_build_test.go:5001: DockerRegistryAuthHtpasswdSuite.TestBuildFromAuthenticatedRegistry	1.505s
PASS: docker_cli_build_test.go:5019: DockerRegistryAuthHtpasswdSuite.TestBuildWithExternalAuth	0.477s
PASS: docker_cli_login_test.go:22: DockerRegistryAuthHtpasswdSuite.TestLoginToPrivateRegistry	0.055s
PASS: docker_cli_logout_test.go:15: DockerRegistryAuthHtpasswdSuite.TestLogoutWithExternalAuth	1.010s
PASS: docker_cli_logout_test.go:67: DockerRegistryAuthHtpasswdSuite.TestLogoutWithWrongHostnamesStored	0.116s
PASS: docker_cli_pull_local_test.go:415: DockerRegistryAuthHtpasswdSuite.TestPullWithExternalAuth	0.283s
PASS: docker_cli_pull_local_test.go:370: DockerRegistryAuthHtpasswdSuite.TestPullWithExternalAuthLoginWithScheme	0.448s
PASS: docker_cli_push_test.go:281: DockerRegistryAuthHtpasswdSuite.TestPushNoCredentialsNoRetry	0.038s
PASS: docker_cli_push_test.go:343: DockerRegistryAuthTokenSuite.TestPushMisconfiguredTokenServiceResponseError	5.142s
PASS: docker_cli_push_test.go:371: DockerRegistryAuthTokenSuite.TestPushMisconfiguredTokenServiceResponseNoToken	0.139s
PASS: docker_cli_push_test.go:330: DockerRegistryAuthTokenSuite.TestPushMisconfiguredTokenServiceResponseUnauthorized	0.139s
PASS: docker_cli_push_test.go:358: DockerRegistryAuthTokenSuite.TestPushMisconfiguredTokenServiceResponseUnparsable	0.139s
PASS: docker_cli_push_test.go:318: DockerRegistryAuthTokenSuite.TestPushTokenServiceUnauthResponse	0.140s
PASS: docker_cli_daemon_test.go:1745: DockerDaemonSuite.TestBridgeIPIsExcludedFromAllocatorPool	3.801s
PASS: docker_cli_daemon_test.go:2374: DockerDaemonSuite.TestBuildOnDisabledBridgeNetworkDaemon	2.025s
PASS: docker_cli_proxy_test.go:23: DockerDaemonSuite.TestCLIProxyProxyTCPSock	0.548s
PASS: docker_cli_daemon_test.go:1432: DockerDaemonSuite.TestCleanupMountsAfterDaemonAndContainerKill	1.836s
PASS: docker_cli_daemon_test.go:2005: DockerDaemonSuite.TestCleanupMountsAfterDaemonCrash	1.832s
PASS: docker_cli_daemon_test.go:1470: DockerDaemonSuite.TestCleanupMountsAfterGracefulShutdown	1.275s
PASS: docker_cli_daemon_test.go:523: DockerDaemonSuite.TestDaemonAllocatesListeningPort	1.089s
PASS: docker_cli_daemon_test.go:582: DockerDaemonSuite.TestDaemonBridgeExternal	1.910s
PASS: docker_cli_daemon_test.go:752: DockerDaemonSuite.TestDaemonBridgeFixedCIDREqualBridgeNetwork	1.820s
PASS: docker_cli_daemon_test.go:704: DockerDaemonSuite.TestDaemonBridgeFixedCidr	2.385s
PASS: docker_cli_daemon_test.go:727: DockerDaemonSuite.TestDaemonBridgeFixedCidr2	2.530s
PASS: docker_cli_daemon_test.go:642: DockerDaemonSuite.TestDaemonBridgeIP	1.828s
PASS: docker_cli_daemon_test.go:612: DockerDaemonSuite.TestDaemonBridgeNone	1.261s
PASS: docker_cli_daemon_test.go:1857: DockerDaemonSuite.TestDaemonCgroupParent	1.787s
PASS: docker_cli_daemon_test.go:1669: DockerDaemonSuite.TestDaemonCorruptedFluentdAddress	0.044s
PASS: docker_cli_daemon_test.go:1661: DockerDaemonSuite.TestDaemonCorruptedLogDriverAddress	0.038s
PASS: docker_cli_daemon_test.go:2389: DockerDaemonSuite.TestDaemonDNSFlagsInHostMode	1.091s
PASS: docker_cli_daemon_test.go:2185: DockerDaemonSuite.TestDaemonDebugLog	0.515s
PASS: docker_cli_daemon_test.go:791: DockerDaemonSuite.TestDaemonDefaultGatewayIPv4Explicit	1.826s
PASS: docker_cli_daemon_test.go:813: DockerDaemonSuite.TestDaemonDefaultGatewayIPv4ExplicitOutsideContainerSubnet	1.268s
PASS: docker_cli_daemon_test.go:770: DockerDaemonSuite.TestDaemonDefaultGatewayIPv4Implicit	1.794s
PASS: docker_cli_daemon_test.go:824: DockerDaemonSuite.TestDaemonDefaultNetworkInvalidClusterConfig	1.050s
PASS: docker_cli_daemon_test.go:2205: DockerDaemonSuite.TestDaemonDiscoveryBackendConfigReload	0.545s
PASS: docker_cli_events_unix_test.go:391: DockerDaemonSuite.TestDaemonEvents	3.546s
PASS: docker_cli_events_unix_test.go:460: DockerDaemonSuite.TestDaemonEventsWithFilters	3.590s
PASS: docker_cli_daemon_test.go:567: DockerDaemonSuite.TestDaemonExitOnFailure	0.039s
PASS: docker_cli_daemon_test.go:496: DockerDaemonSuite.TestDaemonFlagD	0.510s
PASS: docker_cli_daemon_test.go:505: DockerDaemonSuite.TestDaemonFlagDebug	0.518s
PASS: docker_cli_daemon_test.go:514: DockerDaemonSuite.TestDaemonFlagDebugLogLevelFatal	0.511s
PASS: docker_cli_daemon_test.go:906: DockerDaemonSuite.TestDaemonICCLinkExpose	2.263s
SKIP: docker_cli_daemon_test.go:870: DockerDaemonSuite.TestDaemonICCPing (unmatched requirement bridgeNfIptables)
PASS: docker_cli_daemon_test.go:841: DockerDaemonSuite.TestDaemonIP	1.987s
SKIP: docker_cli_daemon_test.go:355: DockerDaemonSuite.TestDaemonIPv6Enabled (unmatched requirement IPv6)
PASS: docker_cli_daemon_test.go:414: DockerDaemonSuite.TestDaemonIPv6FixedCIDR	1.199s
PASS: docker_cli_daemon_test.go:441: DockerDaemonSuite.TestDaemonIPv6FixedCIDRAndMac	1.195s
PASS: docker_cli_daemon_test.go:460: DockerDaemonSuite.TestDaemonIPv6HostMode	1.129s
PASS: docker_cli_daemon_test.go:293: DockerDaemonSuite.TestDaemonIptablesClean	1.305s
PASS: docker_cli_daemon_test.go:311: DockerDaemonSuite.TestDaemonIptablesCreate	1.814s
PASS: docker_cli_daemon_test.go:547: DockerDaemonSuite.TestDaemonKeyGeneration	0.516s
PASS: docker_cli_daemon_plugins_test.go:72: DockerDaemonSuite.TestDaemonKillLiveRestoreWithPlugins	5.791s
PASS: docker_cli_daemon_plugins_test.go:161: DockerDaemonSuite.TestDaemonKillWithPlugins	5.936s
time="2019-01-04T17:23:52Z" level=warning msg="Running modprobe nf_nat failed with message: ``, error: exec: \"modprobe\": executable file not found in $PATH"
time="2019-01-04T17:23:52Z" level=warning msg="Running modprobe xt_conntrack failed with message: ``, error: exec: \"modprobe\": executable file not found in $PATH"
PASS: docker_cli_daemon_test.go:932: DockerDaemonSuite.TestDaemonLinksIpTablesRulesWhenLinkAndUnlink	2.495s
PASS: docker_cli_daemon_test.go:477: DockerDaemonSuite.TestDaemonLogLevelDebug	0.510s
PASS: docker_cli_daemon_test.go:486: DockerDaemonSuite.TestDaemonLogLevelFatal	0.511s
PASS: docker_cli_daemon_test.go:473: DockerDaemonSuite.TestDaemonLogLevelWrong	0.035s
PASS: docker_cli_daemon_test.go:2251: DockerDaemonSuite.TestDaemonLogOptions	1.093s
PASS: docker_cli_daemon_test.go:1031: DockerDaemonSuite.TestDaemonLoggingDriverDefault	1.245s
PASS: docker_cli_daemon_test.go:1069: DockerDaemonSuite.TestDaemonLoggingDriverDefaultOverride	1.260s
PASS: docker_cli_daemon_test.go:1086: DockerDaemonSuite.TestDaemonLoggingDriverNone	1.258s
PASS: docker_cli_daemon_test.go:1143: DockerDaemonSuite.TestDaemonLoggingDriverNoneLogsError	1.246s
PASS: docker_cli_daemon_test.go:1103: DockerDaemonSuite.TestDaemonLoggingDriverNoneOverride	1.233s
PASS: docker_cli_daemon_test.go:1155: DockerDaemonSuite.TestDaemonLoggingDriverShouldBeIgnoredForBuild	1.483s
PASS: docker_cli_daemon_test.go:2264: DockerDaemonSuite.TestDaemonMaxConcurrency	0.510s
PASS: docker_cli_daemon_test.go:2276: DockerDaemonSuite.TestDaemonMaxConcurrencyWithConfigFile	3.511s
PASS: docker_cli_daemon_test.go:2317: DockerDaemonSuite.TestDaemonMaxConcurrencyWithConfigFileReload	6.512s
PASS: docker_cli_daemon_test.go:1772: DockerDaemonSuite.TestDaemonNoSpaceLeftOnDeviceError	6.023s
PASS: docker_cli_daemon_test.go:1503: DockerDaemonSuite.TestDaemonRestartCleanupNetns	1.806s
PASS: docker_cli_daemon_test.go:1799: DockerDaemonSuite.TestDaemonRestartContainerLinksRestart	7.172s
PASS: docker_cli_daemon_test.go:2966: DockerDaemonSuite.TestDaemonRestartIpcMode	2.157s
PASS: docker_cli_daemon_test.go:1244: DockerDaemonSuite.TestDaemonRestartKillWait	1.807s
PASS: docker_cli_daemon_test.go:1649: DockerDaemonSuite.TestDaemonRestartLocalVolumes	1.054s
PASS: docker_cli_daemon_test.go:170: DockerDaemonSuite.TestDaemonRestartOnFailure	3.642s
PASS: docker_cli_daemon_test.go:1013: DockerDaemonSuite.TestDaemonRestartRenameContainer	2.080s
PASS: docker_cli_network_unix_test.go:1667: DockerDaemonSuite.TestDaemonRestartRestoreBridgeNetwork	3.598s
PASS: docker_cli_daemon_test.go:1636: DockerDaemonSuite.TestDaemonRestartRmVolumeInUse	1.320s
PASS: docker_cli_daemon_test.go:2604: DockerDaemonSuite.TestDaemonRestartSaveContainerExitCode	1.744s
PASS: docker_cli_daemon_test.go:120: DockerDaemonSuite.TestDaemonRestartUnlessStopped	3.702s
PASS: docker_cli_daemon_test.go:2580: DockerDaemonSuite.TestDaemonRestartWithAutoRemoveContainer	2.270s
PASS: docker_cli_daemon_test.go:684: DockerDaemonSuite.TestDaemonRestartWithBridgeIPChange	1.550s
PASS: docker_cli_daemon_test.go:1490: DockerDaemonSuite.TestDaemonRestartWithContainerRunning	1.829s
PASS: docker_cli_daemon_test.go:1564: DockerDaemonSuite.TestDaemonRestartWithContainerWithRestartPolicyAlways	1.840s
SKIP: docker_cli_daemon_test.go:224: DockerDaemonSuite.TestDaemonRestartWithIncreasedBasesize (unmatched requirement Devicemapper)
SKIP: docker_cli_daemon_test.go:204: DockerDaemonSuite.TestDaemonRestartWithInvalidBasesize (unmatched requirement Devicemapper)
PASS: docker_cli_daemon_test.go:1955: DockerDaemonSuite.TestDaemonRestartWithKilledRunningContainer	2.662s
PASS: docker_cli_daemon_test.go:1884: DockerDaemonSuite.TestDaemonRestartWithLinks	3.169s
PASS: docker_cli_daemon_test.go:1907: DockerDaemonSuite.TestDaemonRestartWithNames	2.330s
PASS: docker_cli_daemon_test.go:1603: DockerDaemonSuite.TestDaemonRestartWithPausedContainer	2.091s
PASS: docker_cli_daemon_plugins_test.go:45: DockerDaemonSuite.TestDaemonRestartWithPluginDisabled	4.866s
PASS: docker_cli_daemon_plugins_test.go:16: DockerDaemonSuite.TestDaemonRestartWithPluginEnabled	5.840s
PASS: docker_cli_daemon_test.go:60: DockerDaemonSuite.TestDaemonRestartWithRunningContainersPorts	2.312s
PASS: docker_cli_daemon_test.go:1420: DockerDaemonSuite.TestDaemonRestartWithSocketAsVolume	2.243s
PASS: docker_cli_daemon_test.go:2052: DockerDaemonSuite.TestDaemonRestartWithUnpausedRunningContainer	1.877s
PASS: docker_cli_daemon_test.go:94: DockerDaemonSuite.TestDaemonRestartWithVolumesRefs	2.344s
PASS: docker_cli_daemon_plugins_test.go:98: DockerDaemonSuite.TestDaemonShutdownLiveRestoreWithPlugins	5.832s
PASS: docker_cli_daemon_test.go:2676: DockerDaemonSuite.TestDaemonShutdownTimeout	1.276s
PASS: docker_cli_daemon_test.go:2697: DockerDaemonSuite.TestDaemonShutdownTimeoutWithConfigFile	3.521s
PASS: docker_cli_daemon_plugins_test.go:123: DockerDaemonSuite.TestDaemonShutdownWithPlugins	6.912s
PASS: docker_cli_daemon_test.go:277: DockerDaemonSuite.TestDaemonStartBridgeWithoutIPAssociation	1.037s
PASS: docker_cli_daemon_test.go:199: DockerDaemonSuite.TestDaemonStartIptablesFalse	0.518s
PASS: docker_cli_daemon_test.go:1686: DockerDaemonSuite.TestDaemonStartWithDefaultTLSHost	0.540s
PASS: docker_cli_daemon_test.go:2941: DockerDaemonSuite.TestDaemonStartWithIpcModes	2.278s
PASS: docker_cli_daemon_test.go:2135: DockerDaemonSuite.TestDaemonStartWithoutColors	1.047s
PASS: docker_cli_daemon_test.go:1677: DockerDaemonSuite.TestDaemonStartWithoutHost	0.511s
PASS: docker_cli_daemon_test.go:1541: DockerDaemonSuite.TestDaemonTLSVerifyIssue13964	0.524s
PASS: docker_cli_daemon_test.go:965: DockerDaemonSuite.TestDaemonUlimitDefaults	2.221s
PASS: docker_cli_daemon_test.go:1170: DockerDaemonSuite.TestDaemonUnixSockCleanedUp	0.516s
PASS: docker_cli_userns_test.go:24: DockerDaemonSuite.TestDaemonUserNamespaceRootSetting	1.536s
PASS: docker_cli_daemon_test.go:1587: DockerDaemonSuite.TestDaemonWideLogConfig	1.101s
PASS: docker_cli_daemon_test.go:2645: DockerDaemonSuite.TestDaemonWithUserlandProxyPath	2.991s
PASS: docker_cli_daemon_test.go:1191: DockerDaemonSuite.TestDaemonWithWrongkey	0.568s
PASS: docker_cli_network_unix_test.go:807: DockerDaemonSuite.TestDockerNetworkNoDiscoveryDefaultBridgeNetwork	3.281s
PASS: docker_cli_exec_test.go:87: DockerDaemonSuite.TestExecAfterDaemonRestart	2.237s
PASS: docker_cli_daemon_test.go:2731: DockerDaemonSuite.TestExecWithUserAfterLiveRestore	12.153s
PASS: docker_cli_daemon_test.go:3006: DockerDaemonSuite.TestFailedPluginRemove	4.259s
PASS: docker_cli_daemon_test.go:1278: DockerDaemonSuite.TestHTTPSInfo	0.553s
PASS: docker_cli_daemon_test.go:1341: DockerDaemonSuite.TestHTTPSInfoRogueCert	0.528s
PASS: docker_cli_daemon_test.go:1370: DockerDaemonSuite.TestHTTPSInfoRogueServerCert	0.537s
PASS: docker_cli_daemon_test.go:1306: DockerDaemonSuite.TestHTTPSRun	1.261s
PASS: docker_cli_daemon_test.go:51: DockerDaemonSuite.TestLegacyDaemonCommand	0.000s
PASS: docker_cli_daemon_plugins_test.go:303: DockerDaemonSuite.TestPluginListFilterCapability	4.271s
PASS: docker_cli_daemon_plugins_test.go:275: DockerDaemonSuite.TestPluginListFilterEnabled	4.261s
PASS: docker_cli_daemon_plugins_test.go:234: DockerDaemonSuite.TestPluginVolumeRemoveOnRestart	5.759s
PASS: docker_cli_prune_unix_test.go:81: DockerDaemonSuite.TestPruneImageDangling	1.333s
PASS: docker_cli_prune_unix_test.go:270: DockerDaemonSuite.TestPruneImageLabel	1.969s
PASS: docker_cli_info_test.go:212: DockerDaemonSuite.TestRegistryMirrors	0.531s
SKIP: docker_cli_daemon_test.go:2759: DockerDaemonSuite.TestRemoveContainerAfterLiveRestore (unmatched requirement overlayFSSupported)
PASS: docker_cli_daemon_test.go:2792: DockerDaemonSuite.TestRestartPolicyWithLiveRestore	2.431s
PASS: docker_cli_daemon_test.go:2109: DockerDaemonSuite.TestRunLinksChanged	3.096s
PASS: docker_cli_run_unix_test.go:1443: DockerDaemonSuite.TestRunSeccompJSONNewFormat	1.232s
PASS: docker_cli_run_unix_test.go:1494: DockerDaemonSuite.TestRunSeccompJSONNoArchAndArchMap	0.839s
PASS: docker_cli_run_unix_test.go:1468: DockerDaemonSuite.TestRunSeccompJSONNoNameAndNames	0.832s
PASS: docker_cli_run_unix_test.go:1531: DockerDaemonSuite.TestRunWithDaemonDefaultSeccompProfile	2.297s
PASS: docker_cli_daemon_test.go:2521: DockerDaemonSuite.TestRunWithRuntimeFromCommandLine	5.194s
PASS: docker_cli_daemon_test.go:2403: DockerDaemonSuite.TestRunWithRuntimeFromConfigFile	6.858s
PASS: docker_cli_run_test.go:4110: DockerDaemonSuite.TestRunWithUlimitAndDaemonDefault	1.496s
PASS: docker_cli_daemon_test.go:2849: DockerDaemonSuite.TestShmSize	1.264s
PASS: docker_cli_daemon_test.go:2866: DockerDaemonSuite.TestShmSizeReload	1.832s
PASS: docker_cli_daemon_test.go:1332: DockerDaemonSuite.TestTLSVerify	0.041s
PASS: docker_cli_daemon_plugins_test.go:188: DockerDaemonSuite.TestVolumePlugin	8.210s
PASS: docker_api_swarm_test.go:900: DockerSwarmSuite.TestAPIDuplicateNetworks	1.447s
PASS: docker_api_swarm_test.go:1027: DockerSwarmSuite.TestAPINetworkInspectWithScope	1.383s
PASS: docker_api_swarm_service_test.go:33: DockerSwarmSuite.TestAPIServiceUpdatePort	2.465s
PASS: docker_api_swarm_test.go:186: DockerSwarmSuite.TestAPISwarmCAHash	12.124s
PASS: docker_api_swarm_test.go:884: DockerSwarmSuite.TestAPISwarmErrorHandling	0.734s
PASS: docker_api_swarm_test.go:555: DockerSwarmSuite.TestAPISwarmForceNewCluster	14.073s
SKIP: docker_api_swarm_test.go:931: DockerSwarmSuite.TestAPISwarmHealthcheckNone (Root cause of Issue #36386 is needed)
PASS: docker_api_swarm_test.go:36: DockerSwarmSuite.TestAPISwarmInit	13.854s
PASS: docker_api_swarm_test.go:537: DockerSwarmSuite.TestAPISwarmInvalidAddress	0.726s
PASS: docker_api_swarm_test.go:82: DockerSwarmSuite.TestAPISwarmJoinToken	47.561s
PASS: docker_api_swarm_test.go:297: DockerSwarmSuite.TestAPISwarmLeaderElection	27.358s
PASS: docker_api_swarm_test.go:272: DockerSwarmSuite.TestAPISwarmLeaderProxy	3.999s
PASS: docker_api_swarm_test.go:438: DockerSwarmSuite.TestAPISwarmLeaveOnPendingJoin	22.882s
PASS: docker_api_swarm_test.go:415: DockerSwarmSuite.TestAPISwarmLeaveRemovesContainer	3.021s
PASS: docker_api_swarm_node_test.go:14: DockerSwarmSuite.TestAPISwarmListNodes	2.976s
PASS: docker_api_swarm_test.go:487: DockerSwarmSuite.TestAPISwarmManagerRestore	32.184s
PASS: docker_api_swarm_node_test.go:75: DockerSwarmSuite.TestAPISwarmNodeDrainPause	13.399s
PASS: docker_api_swarm_node_test.go:46: DockerSwarmSuite.TestAPISwarmNodeRemove	29.701s
PASS: docker_api_swarm_node_test.go:33: DockerSwarmSuite.TestAPISwarmNodeUpdate	1.315s
PASS: docker_api_swarm_test.go:202: DockerSwarmSuite.TestAPISwarmPromoteDemote	13.519s
PASS: docker_api_swarm_test.go:367: DockerSwarmSuite.TestAPISwarmRaftQuorum	48.376s
PASS: docker_api_swarm_test.go:791: DockerSwarmSuite.TestAPISwarmRestartCluster	24.377s
PASS: docker_api_swarm_test.go:468: DockerSwarmSuite.TestAPISwarmRestoreOnPendingJoin	21.746s
PASS: docker_api_swarm_test.go:513: DockerSwarmSuite.TestAPISwarmScaleNoRollingUpdate	2.977s
PASS: docker_api_swarm_service_test.go:403: DockerSwarmSuite.TestAPISwarmServiceConstraintLabel	6.973s
PASS: docker_api_swarm_service_test.go:351: DockerSwarmSuite.TestAPISwarmServiceConstraintRole	5.101s
PASS: docker_api_swarm_service_test.go:498: DockerSwarmSuite.TestAPISwarmServicePlacementPrefs	4.174s
PASS: docker_api_swarm_service_test.go:62: DockerSwarmSuite.TestAPISwarmServicesCreate	5.028s
PASS: docker_api_swarm_service_test.go:124: DockerSwarmSuite.TestAPISwarmServicesCreateGlobal	6.221s
PASS: docker_api_swarm_service_test.go:54: DockerSwarmSuite.TestAPISwarmServicesEmptyList	1.377s
PASS: docker_api_swarm_service_test.go:311: DockerSwarmSuite.TestAPISwarmServicesFailedUpdate	10.851s
PASS: docker_api_swarm_service_test.go:96: DockerSwarmSuite.TestAPISwarmServicesMultipleAgents	20.587s
PASS: docker_api_swarm_service_test.go:540: DockerSwarmSuite.TestAPISwarmServicesStateReporting	8.962s
PASS: docker_api_swarm_service_test.go:142: DockerSwarmSuite.TestAPISwarmServicesUpdate	26.602s
PASS: docker_api_swarm_service_test.go:202: DockerSwarmSuite.TestAPISwarmServicesUpdateStartFirst	22.962s
PASS: docker_api_swarm_test.go:856: DockerSwarmSuite.TestAPISwarmServicesUpdateWithName	3.185s
PASS: docker_api_swarm_test.go:876: DockerSwarmSuite.TestAPISwarmUnlockNotLocked	1.382s
PASS: docker_cli_swarm_test.go:946: DockerSwarmSuite.TestDNSConfig	2.303s
PASS: docker_cli_swarm_test.go:973: DockerSwarmSuite.TestDNSConfigUpdate	2.230s
PASS: docker_cli_swarm_test.go:1420: DockerSwarmSuite.TestExtraHosts	2.285s
PASS: docker_cli_swarm_test.go:1614: DockerSwarmSuite.TestNetworkInspectWithDuplicateNames	1.626s
PASS: docker_cli_swarm_test.go:394: DockerSwarmSuite.TestOverlayAttachable	2.606s
PASS: docker_cli_swarm_test.go:416: DockerSwarmSuite.TestOverlayAttachableOnSwarmLeave	3.226s
PASS: docker_cli_swarm_test.go:443: DockerSwarmSuite.TestOverlayAttachableReleaseResourcesOnFailure	22.902s
PASS: docker_cli_prune_unix_test.go:42: DockerSwarmSuite.TestPruneNetwork	9.654s
PASS: docker_cli_swarm_test.go:598: DockerSwarmSuite.TestPsListContainersFilterIsTask	2.555s
PASS: docker_cli_service_create_test.go:361: DockerSwarmSuite.TestServiceCreateMountTmpfs	1.958s
PASS: docker_cli_service_create_test.go:18: DockerSwarmSuite.TestServiceCreateMountVolume	2.074s
PASS: docker_cli_service_create_test.go:313: DockerSwarmSuite.TestServiceCreateWithConfigReferencedTwice	2.175s
PASS: docker_cli_service_create_test.go:214: DockerSwarmSuite.TestServiceCreateWithConfigSimple	1.475s
PASS: docker_cli_service_create_test.go:248: DockerSwarmSuite.TestServiceCreateWithConfigSourceTargetPaths	2.332s
PASS: docker_cli_service_create_test.go:414: DockerSwarmSuite.TestServiceCreateWithNetworkAlias	17.035s
PASS: docker_cli_service_create_test.go:166: DockerSwarmSuite.TestServiceCreateWithSecretReferencedTwice	2.228s
PASS: docker_cli_service_create_test.go:66: DockerSwarmSuite.TestServiceCreateWithSecretSimple	1.466s
PASS: docker_cli_service_create_test.go:100: DockerSwarmSuite.TestServiceCreateWithSecretSourceTargetPaths	2.574s
PASS: docker_cli_service_health_test.go:20: DockerSwarmSuite.TestServiceHealthRun	6.884s
PASS: docker_cli_service_health_test.go:82: DockerSwarmSuite.TestServiceHealthStart	5.474s
PASS: docker_cli_service_logs_test.go:24: DockerSwarmSuite.TestServiceLogs	2.400s
PASS: docker_cli_service_logs_test.go:71: DockerSwarmSuite.TestServiceLogsCompleteness	2.189s
PASS: docker_cli_service_logs_test.go:343: DockerSwarmSuite.TestServiceLogsDetails	2.132s
PASS: docker_cli_service_logs_test.go:157: DockerSwarmSuite.TestServiceLogsFollow	2.218s
PASS: docker_cli_service_logs_test.go:294: DockerSwarmSuite.TestServiceLogsNoHangDeletedContainer	14.351s
PASS: docker_cli_service_logs_test.go:122: DockerSwarmSuite.TestServiceLogsSince	2.364s
PASS: docker_cli_service_logs_test.go:256: DockerSwarmSuite.TestServiceLogsTTY	2.098s
PASS: docker_cli_service_logs_test.go:98: DockerSwarmSuite.TestServiceLogsTail	2.185s
PASS: docker_cli_service_logs_test.go:203: DockerSwarmSuite.TestServiceLogsTaskLogs	2.544s
PASS: docker_cli_service_scale_test.go:13: DockerSwarmSuite.TestServiceScale	1.538s
PASS: docker_cli_swarm_test.go:1395: DockerSwarmSuite.TestSwarmAlternateLockUnlock	18.187s
PASS: docker_cli_swarm_test.go:1974: DockerSwarmSuite.TestSwarmClusterEventsConfig	1.335s
PASS: docker_cli_swarm_test.go:1935: DockerSwarmSuite.TestSwarmClusterEventsNetwork	1.500s
PASS: docker_cli_swarm_test.go:1905: DockerSwarmSuite.TestSwarmClusterEventsNode	4.062s
PASS: docker_cli_swarm_test.go:1821: DockerSwarmSuite.TestSwarmClusterEventsScope	7.402s
PASS: docker_cli_swarm_test.go:1954: DockerSwarmSuite.TestSwarmClusterEventsSecret	1.444s
PASS: docker_cli_swarm_test.go:1865: DockerSwarmSuite.TestSwarmClusterEventsService	14.767s
PASS: docker_cli_swarm_test.go:1801: DockerSwarmSuite.TestSwarmClusterEventsSource	3.626s
PASS: docker_cli_swarm_test.go:1842: DockerSwarmSuite.TestSwarmClusterEventsType	7.380s
PASS: docker_cli_swarm_test.go:1317: DockerSwarmSuite.TestSwarmClusterRotateUnlockKey	76.352s
PASS: docker_cli_swarm_test.go:366: DockerSwarmSuite.TestSwarmContainerAttachByNetworkId	3.233s
PASS: docker_cli_swarm_test.go:319: DockerSwarmSuite.TestSwarmContainerAutoStart	5.705s
PASS: docker_cli_swarm_test.go:341: DockerSwarmSuite.TestSwarmContainerEndpointOptions	6.350s
PASS: docker_cli_swarm_test.go:521: DockerSwarmSuite.TestSwarmCreateServiceWithNoIngressNetwork	1.470s
PASS: docker_cli_swarm_test.go:146: DockerSwarmSuite.TestSwarmIncompatibleDaemon	3.141s
PASS: docker_cli_swarm_test.go:467: DockerSwarmSuite.TestSwarmIngressNetwork	1.536s
PASS: docker_cli_swarm_test.go:84: DockerSwarmSuite.TestSwarmInit	2.832s
SKIP: docker_cli_swarm_test.go:127: DockerSwarmSuite.TestSwarmInitIPv6 (unmatched requirement IPv6)
PASS: docker_cli_swarm_test.go:1054: DockerSwarmSuite.TestSwarmInitLocked	5.173s
PASS: docker_cli_swarm_test.go:139: DockerSwarmSuite.TestSwarmInitUnspecifiedAdvertiseAddr	0.734s
PASS: docker_cli_swarm_test.go:1739: DockerSwarmSuite.TestSwarmInitUnspecifiedDataPathAddr	0.744s
PASS: docker_cli_swarm_test.go:1582: DockerSwarmSuite.TestSwarmInitWithDrain	1.437s
PASS: docker_cli_swarm_test.go:1751: DockerSwarmSuite.TestSwarmJoinLeave	53.196s
PASS: docker_cli_swarm_test.go:1190: DockerSwarmSuite.TestSwarmJoinPromoteLocked	36.102s
PASS: docker_cli_swarm_test.go:1554: DockerSwarmSuite.TestSwarmJoinWithDrain	2.785s
PASS: docker_cli_swarm_test.go:1096: DockerSwarmSuite.TestSwarmLeaveLocked	3.045s
PASS: docker_cli_swarm_test.go:1129: DockerSwarmSuite.TestSwarmLockUnlockCluster	82.092s
PASS: docker_cli_swarm_test.go:1443: DockerSwarmSuite.TestSwarmManagerAddress	3.052s
PASS: docker_cli_swarm_test.go:1513: DockerSwarmSuite.TestSwarmNetworkCreateDup	1.722s
PASS: docker_cli_swarm_test.go:1490: DockerSwarmSuite.TestSwarmNetworkCreateIssue27866	1.441s
PASS: docker_cli_swarm_test.go:1464: DockerSwarmSuite.TestSwarmNetworkIPAMOptions	2.699s
PASS: docker_cli_swarm_test.go:799: DockerSwarmSuite.TestSwarmNetworkPlugin	1.313s
PASS: docker_cli_swarm_unix_test.go:57: DockerSwarmSuite.TestSwarmNetworkPluginV2	47.153s
PASS: docker_cli_swarm_test.go:229: DockerSwarmSuite.TestSwarmNodeListFilter	1.479s
PASS: docker_cli_swarm_test.go:248: DockerSwarmSuite.TestSwarmNodeTaskListFilter	2.578s
PASS: docker_cli_swarm_test.go:275: DockerSwarmSuite.TestSwarmPublishAdd	1.516s
PASS: docker_cli_swarm_test.go:1535: DockerSwarmSuite.TestSwarmPublishDuplicatePorts	2.504s
PASS: docker_cli_swarm_test.go:1593: DockerSwarmSuite.TestSwarmReadonlyRootfs	2.235s
PASS: docker_api_swarm_test.go:958: DockerSwarmSuite.TestSwarmRepeatedRootRotation	14.964s
PASS: docker_cli_swarm_test.go:1249: DockerSwarmSuite.TestSwarmRotateUnlockKey	12.631s
PASS: docker_cli_swarm_test.go:818: DockerSwarmSuite.TestSwarmServiceEnvFile	1.443s
PASS: docker_cli_swarm_test.go:188: DockerSwarmSuite.TestSwarmServiceListFilter	1.521s
PASS: docker_cli_swarm_test.go:1708: DockerSwarmSuite.TestSwarmServiceLsFilterMode	2.356s
PASS: docker_cli_swarm_test.go:907: DockerSwarmSuite.TestSwarmServiceNetworkUpdate	6.042s
PASS: docker_cli_swarm_test.go:836: DockerSwarmSuite.TestSwarmServiceTTY	14.487s
PASS: docker_cli_swarm_test.go:884: DockerSwarmSuite.TestSwarmServiceTTYUpdate	2.228s
PASS: docker_cli_swarm_test.go:170: DockerSwarmSuite.TestSwarmServiceTemplatingHostname	2.085s
PASS: docker_cli_swarm_test.go:297: DockerSwarmSuite.TestSwarmServiceWithGroup	2.196s
PASS: docker_cli_swarm_test.go:1680: DockerSwarmSuite.TestSwarmStopSignal	2.126s
PASS: docker_cli_swarm_test.go:540: DockerSwarmSuite.TestSwarmTaskListFilter	1.787s
PASS: docker_cli_swarm_test.go:36: DockerSwarmSuite.TestSwarmUpdate	1.483s
PASS: docker_cli_swarm_unix_test.go:15: DockerSwarmSuite.TestSwarmVolumePlugin	21.898s
PASS: docker_cli_swarm_test.go:1029: DockerSwarmSuite.TestUnlockEngineAndUnlockedSwarm	1.452s
PASS: docker_api_swarm_test.go:164: DockerSwarmSuite.TestUpdateSwarmAddExternalCA	1.429s
time="2019-01-04T17:55:34Z" level=info msg="Attempting next endpoint for push after error: Get https://127.0.0.1:5000/v2/: http: server gave HTTP response to HTTPS client"
PASS: docker_cli_plugins_test.go:31: DockerPluginSuite.TestPluginBasicOps	1.037s
PASS: docker_cli_plugins_test.go:262: DockerPluginSuite.TestPluginCreate	0.126s
PASS: docker_cli_plugins_test.go:240: DockerPluginSuite.TestPluginEnableDisableNegative	1.032s
PASS: docker_cli_plugins_test.go:62: DockerPluginSuite.TestPluginForceRemove	1.005s
PASS: docker_cli_plugins_test.go:354: DockerPluginSuite.TestPluginIDPrefix	1.459s
PASS: docker_cli_plugins_test.go:294: DockerPluginSuite.TestPluginInspect	1.114s
time="2019-01-04T17:57:10Z" level=info msg="Attempting next endpoint for push after error: Get https://127.0.0.1:5000/v2/: http: server gave HTTP response to HTTPS client"
PASS: docker_cli_plugins_test.go:210: DockerPluginSuite.TestPluginInstallArgs	0.834s
PASS: docker_cli_plugins_test.go:126: DockerPluginSuite.TestPluginInstallDisable	1.034s
PASS: docker_cli_plugins_test.go:226: DockerPluginSuite.TestPluginInstallImage	0.195s
PASS: docker_cli_plugins_test.go:411: DockerPluginSuite.TestPluginListDefaultFormat	0.576s
PASS: docker_cli_plugins_test.go:159: DockerPluginSuite.TestPluginSet	0.653s
PASS: docker_cli_external_volume_driver_unix_test.go:446: DockerExternalVolumeSuite.TestExternalVolumeDriverBindExternalVolume	0.414s
PASS: docker_cli_external_volume_driver_unix_test.go:545: DockerExternalVolumeSuite.TestExternalVolumeDriverCapabilities	0.592s
PASS: docker_cli_external_volume_driver_unix_test.go:352: DockerExternalVolumeSuite.TestExternalVolumeDriverDeleteContainer	1.340s
PASS: docker_cli_external_volume_driver_unix_test.go:475: DockerExternalVolumeSuite.TestExternalVolumeDriverGet	15.046s
PASS: docker_cli_external_volume_driver_unix_test.go:508: DockerExternalVolumeSuite.TestExternalVolumeDriverGetEmptyResponse	0.543s
PASS: docker_cli_external_volume_driver_unix_test.go:461: DockerExternalVolumeSuite.TestExternalVolumeDriverList	15.033s
PASS: docker_cli_external_volume_driver_unix_test.go:373: DockerExternalVolumeSuite.TestExternalVolumeDriverLookupNotBlocked	0.117s
PASS: docker_cli_external_volume_driver_unix_test.go:536: DockerExternalVolumeSuite.TestExternalVolumeDriverMountID	1.308s
PASS: docker_cli_external_volume_driver_unix_test.go:297: DockerExternalVolumeSuite.TestExternalVolumeDriverNamed	1.332s
PASS: docker_cli_external_volume_driver_unix_test.go:559: DockerExternalVolumeSuite.TestExternalVolumeDriverOutOfBandDelete	0.819s
PASS: docker_cli_external_volume_driver_unix_test.go:523: DockerExternalVolumeSuite.TestExternalVolumeDriverPathCalls	15.545s
PASS: docker_cli_external_volume_driver_unix_test.go:409: DockerExternalVolumeSuite.TestExternalVolumeDriverRetryNotImmediatelyExists	4.332s
PASS: docker_cli_external_volume_driver_unix_test.go:618: DockerExternalVolumeSuite.TestExternalVolumeDriverUnmountOnCp	1.428s
PASS: docker_cli_external_volume_driver_unix_test.go:608: DockerExternalVolumeSuite.TestExternalVolumeDriverUnmountOnMountFail	0.963s
PASS: docker_cli_external_volume_driver_unix_test.go:319: DockerExternalVolumeSuite.TestExternalVolumeDriverUnnamed	1.302s
PASS: docker_cli_external_volume_driver_unix_test.go:333: DockerExternalVolumeSuite.TestExternalVolumeDriverVolumesFrom	1.913s
PASS: docker_cli_external_volume_driver_unix_test.go:495: DockerExternalVolumeSuite.TestExternalVolumeDriverWithDaemonRestart	1.093s
PASS: docker_cli_external_volume_driver_unix_test.go:285: DockerExternalVolumeSuite.TestVolumeCLICreateOptionConflict	0.052s
PASS: docker_cli_network_unix_test.go:1787: DockerNetworkSuite.TestConntrackFlowsLeak	3.823s
PASS: docker_deprecated_api_v124_unix_test.go:14: DockerNetworkSuite.TestDeprecatedDockerNetworkStartAPIWithHostconfig	0.488s
PASS: docker_cli_network_unix_test.go:865: DockerNetworkSuite.TestDockerNetworkAnonymousEndpoint	2.865s
PASS: docker_cli_network_unix_test.go:539: DockerNetworkSuite.TestDockerNetworkConnectDisconnect	1.271s
PASS: docker_cli_network_unix_test.go:1258: DockerNetworkSuite.TestDockerNetworkConnectDisconnectToStoppedContainer	2.485s
PASS: docker_cli_network_unix_test.go:1192: DockerNetworkSuite.TestDockerNetworkConnectDisconnectWithPortMapping	0.946s
PASS: docker_cli_network_unix_test.go:1415: DockerNetworkSuite.TestDockerNetworkConnectLinkLocalIP	4.660s
PASS: docker_cli_network_unix_test.go:1308: DockerNetworkSuite.TestDockerNetworkConnectPreferredIP	1.774s
PASS: docker_cli_network_unix_test.go:1344: DockerNetworkSuite.TestDockerNetworkConnectPreferredIPStoppedContainer	1.043s
PASS: docker_cli_network_unix_test.go:1158: DockerNetworkSuite.TestDockerNetworkConnectToHostFromOtherNetwork	0.479s
PASS: docker_cli_network_unix_test.go:1523: DockerNetworkSuite.TestDockerNetworkConnectWithAliasOnDefaultNetworks	0.386s
PASS: docker_cli_network_unix_test.go:1229: DockerNetworkSuite.TestDockerNetworkConnectWithMac	0.553s
PASS: docker_cli_network_unix_test.go:1175: DockerNetworkSuite.TestDockerNetworkConnectWithPortMapping	0.556s
PASS: docker_cli_network_unix_test.go:374: DockerNetworkSuite.TestDockerNetworkCreateDelete	0.142s
PASS: docker_cli_network_unix_test.go:1655: DockerNetworkSuite.TestDockerNetworkCreateDeleteSpecialCharacters	0.277s
PASS: docker_cli_network_unix_test.go:298: DockerNetworkSuite.TestDockerNetworkCreateHostBind	0.539s
PASS: docker_cli_network_unix_test.go:382: DockerNetworkSuite.TestDockerNetworkCreateLabel	0.146s
PASS: docker_cli_network_unix_test.go:289: DockerNetworkSuite.TestDockerNetworkCreatePredefined	0.048s
PASS: docker_cli_network_unix_test.go:633: DockerNetworkSuite.TestDockerNetworkCustomIPAM	0.135s
PASS: docker_cli_network_unix_test.go:1292: DockerNetworkSuite.TestDockerNetworkDisconnectContainerNonexistingNetwork	0.791s
PASS: docker_cli_network_unix_test.go:1503: DockerNetworkSuite.TestDockerNetworkDisconnectDefault	0.618s
PASS: docker_cli_network_unix_test.go:1773: DockerNetworkSuite.TestDockerNetworkDisconnectFromBridge	0.083s
PASS: docker_cli_network_unix_test.go:1167: DockerNetworkSuite.TestDockerNetworkDisconnectFromHost	0.270s
PASS: docker_cli_network_unix_test.go:768: DockerNetworkSuite.TestDockerNetworkDriverOptions	0.068s
PASS: docker_cli_network_unix_test.go:979: DockerNetworkSuite.TestDockerNetworkDriverUngracefulRestart	2.183s
PASS: docker_cli_network_unix_test.go:1737: DockerNetworkSuite.TestDockerNetworkFlagAlias	1.794s
PASS: docker_cli_network_unix_test.go:1132: DockerNetworkSuite.TestDockerNetworkHostModeUngracefulDaemonRestart	7.424s
PASS: docker_cli_network_unix_test.go:744: DockerNetworkSuite.TestDockerNetworkIPAMInvalidCombinations	0.181s
PASS: docker_cli_network_unix_test.go:592: DockerNetworkSuite.TestDockerNetworkIPAMMultipleNetworks	0.731s
PASS: docker_cli_network_unix_test.go:649: DockerNetworkSuite.TestDockerNetworkIPAMOptions	0.075s
PASS: docker_cli_network_unix_test.go:1241: DockerNetworkSuite.TestDockerNetworkInspectCreatedContainer	0.068s
PASS: docker_cli_network_unix_test.go:725: DockerNetworkSuite.TestDockerNetworkInspectCustomSpecified	0.140s
PASS: docker_cli_network_unix_test.go:706: DockerNetworkSuite.TestDockerNetworkInspectCustomUnspecified	0.142s
PASS: docker_cli_network_unix_test.go:678: DockerNetworkSuite.TestDockerNetworkInspectDefault	0.003s
PASS: docker_cli_network_unix_test.go:926: DockerNetworkSuite.TestDockerNetworkLinkOnDefaultNetworkOnly	1.780s
PASS: docker_cli_network_unix_test.go:282: DockerNetworkSuite.TestDockerNetworkLsDefault	0.040s
SKIP: docker_cli_network_unix_test.go:318: DockerNetworkSuite.TestDockerNetworkLsFilter (unmatched requirement OnlyDefaultNetworks)
PASS: docker_cli_network_unix_test.go:1020: DockerNetworkSuite.TestDockerNetworkMacInspect	0.522s
PASS: docker_cli_network_unix_test.go:1086: DockerNetworkSuite.TestDockerNetworkMultipleNetworksGracefulDaemonRestart	2.981s
PASS: docker_cli_network_unix_test.go:1105: DockerNetworkSuite.TestDockerNetworkMultipleNetworksUngracefulDaemonRestart	2.713s
PASS: docker_cli_network_unix_test.go:662: DockerNetworkSuite.TestDockerNetworkNullIPAMDriver	0.037s
PASS: docker_cli_network_unix_test.go:952: DockerNetworkSuite.TestDockerNetworkOverlayPortMapping	0.523s
PASS: docker_cli_network_unix_test.go:1247: DockerNetworkSuite.TestDockerNetworkRestartWithMultipleNetworks	1.254s
PASS: docker_cli_network_unix_test.go:309: DockerNetworkSuite.TestDockerNetworkRmPredefined	0.052s
PASS: docker_cli_network_unix_test.go:1126: DockerNetworkSuite.TestDockerNetworkRunNetByID	0.477s
PASS: docker_cli_network_unix_test.go:1367: DockerNetworkSuite.TestDockerNetworkUnsupportedRequiredIP	0.573s
PASS: docker_cli_network_unix_test.go:1749: DockerNetworkSuite.TestDockerNetworkValidateIP	0.692s
PASS: docker_cli_network_unix_test.go:783: DockerNetworkSuite.TestDockerPluginV2NetworkDriver	9.586s
PASS: docker_cli_pull_test.go:194: DockerHubPullSuite.TestPullAllTagsFromCentralRegistry	5.280s
PASS: docker_cli_pull_test.go:238: DockerHubPullSuite.TestPullClientDisconnect	3.076s
PASS: docker_cli_pull_test.go:17: DockerHubPullSuite.TestPullFromCentralRegistry	2.281s
PASS: docker_cli_pull_test.go:116: DockerHubPullSuite.TestPullFromCentralRegistryImplicitRefParts	11.342s

----------------------------------------------------------------------
FAIL: docker_cli_pull_test.go:41: DockerHubPullSuite.TestPullNonExistingImage

docker_cli_pull_test.go:105:
    c.Assert(record.out, checker.Contains, fmt.Sprintf("pull access denied for %s, repository does not exist or may require 'docker login'", record.e.repo), check.Commentf("expected image not found error messages"))
... obtained string = "Error response from daemon: error parsing HTTP 404 response body: invalid character '<' looking for beginning of value: \"<html>\\r\\n<head><title>404 Not Found</title></head>\\r\\n<body>\\r\\n<center><h1>404 Not Found</h1></center>\\r\\n<hr><center>nginx/1.15.8</center>\\r\\n</body>\\r\\n</html>\\r\\n\"\n"
... substring string = "pull access denied for asdfasdf, repository does not exist or may require 'docker login'"
... expected image not found error messages


----------------------------------------------------------------------
PASS: docker_cli_pull_test.go:184: DockerHubPullSuite.TestPullScratchNotAllowed	0.024s
OOPS: 1471 passed, 52 skipped, 1 FAILED
--- FAIL: Test (5564.58s)
FAIL
---> Making bundle: .integration-daemon-stop (in bundles/test-integration)
/go/src/github.com/docker/docker/hack/make/.integration-daemon-stop: line 10: wait: pid 1832 is not a child of this shell
warning: PID 1832 from bundles/test-integration/d3c6570a0fe0e/docker.pid had a nonzero exit code
Clearing AppArmor profiles cache:.
All profile caches have been cleared, but no profiles have been unloaded.
Unloading profiles will leave already running processes permanently
unconfined, which can lead to unexpected situations.

To set a process to complain mode, use the command line tool
'aa-complain'. To really tear down all profiles, run the init script
with the 'teardown' option."
Removing test suite binaries
Build step 'Execute shell' marked build as failure
Set build name.
New build name is '#38474'
[PostBuildScript] - Executing post build scripts.
[Docker-PRs-experimental] $ /bin/sh -xe /tmp/jenkins8742993756120158996.sh
+ echo Ensuring container killed.
Ensuring container killed.
+ docker rm -vf docker-pr-exp43569
Error: No such container: docker-pr-exp43569
+ true
+ echo Chowning /workspace to jenkins user
Chowning /workspace to jenkins user
+ id -u
+ id -g
+ docker run --rm -v /home/ubuntu/workspace/Docker-PRs-experimental:/workspace busybox chown -R 1000:1000 /workspace
[Docker-PRs-experimental] $ /bin/sh -xe /tmp/jenkins3037705778910199130.sh
+ echo Creating bundles.tar.gz
Creating bundles.tar.gz
+ xargs tar -czf bundles.tar.gz
+ find bundles -name *.log
Archiving artifacts
Notifying endpoint with url 'https://leeroy.dockerproject.org/notification/jenkins'
[WS-CLEANUP] Deleting project workspace...[WS-CLEANUP] done
Finished: FAILURE
