Started by user Gordon
Notifying endpoint with url 'https://leeroy.dockerproject.org/notification/jenkins'
[EnvInject] - Loading node environment variables.
Building remotely on ubuntu-1604-aufs-stable (i-0311b85b58bc20580) (docker-edge ubuntu aufs docker-stable docker ubuntu-1604-aufs-edge x86_64 ec2 linux ubuntu-1604-aufs ubuntu-1604 amd64 ubuntu-1604-aufs-stable us-west-2) in workspace /home/ubuntu/workspace/Docker-PRs-experimental
Wiping out workspace first.
Cloning the remote Git repository
Cloning repository https://github.com/moby/moby.git
 > git init /home/ubuntu/workspace/Docker-PRs-experimental # timeout=10
Fetching upstream changes from https://github.com/moby/moby.git
 > git --version # timeout=10
 > git fetch --tags --progress https://github.com/moby/moby.git +refs/heads/*:refs/remotes/origin/*
 > git config remote.origin.url https://github.com/moby/moby.git # timeout=10
 > git config --add remote.origin.fetch +refs/heads/*:refs/remotes/origin/* # timeout=10
 > git config remote.origin.url https://github.com/moby/moby.git # timeout=10
Fetching upstream changes from https://github.com/moby/moby.git
 > git fetch --tags --progress https://github.com/moby/moby.git +refs/heads/*:refs/remotes/origin/*
 > git rev-parse origin/master^{commit} # timeout=10
Checking out Revision 2b7e084dc98b1259e3be82d4c8d4fdfdcf615ba5 (origin/master)
 > git config core.sparsecheckout # timeout=10
 > git checkout -f 2b7e084dc98b1259e3be82d4c8d4fdfdcf615ba5
Commit message: "Merge pull request #38473 from thaJeztah/use_testenv_client"
 > git rev-list --no-walk 2b7e084dc98b1259e3be82d4c8d4fdfdcf615ba5 # timeout=10
Set build name.
New build name is '#38490'
[Docker-PRs-experimental] $ /bin/bash /tmp/jenkins164732799268044554.sh
From https://github.com/moby/moby
 * [new ref]         refs/pull/38490/head -> origin/pr/38490
Updating 2b7e084..2ca6896
Fast-forward
 integration/container/rename_test.go | 2 +-
 1 file changed, 1 insertion(+), 1 deletion(-)
Sending build context to Docker daemon   45.1MB
Step 1/94 : FROM golang:1.11.4 AS base
 ---> 343df9d12b7b
Step 2/94 : ARG APT_MIRROR=deb.debian.org
 ---> Using cache
 ---> 025f40d4bc82
Step 3/94 : RUN sed -ri "s/(httpredir|deb).debian.org/$APT_MIRROR/g" /etc/apt/sources.list
 ---> Using cache
 ---> 3a8d53ee424d
Step 4/94 : FROM base AS criu
 ---> 3a8d53ee424d
Step 5/94 : ENV CRIU_VERSION 3.6
 ---> Using cache
 ---> de1fa8dbb72d
Step 6/94 : RUN apt-get update && apt-get install -y 	libnet-dev 	libprotobuf-c0-dev 	libprotobuf-dev 	libnl-3-dev 	libcap-dev 	protobuf-compiler 	protobuf-c-compiler 	python-protobuf 	&& mkdir -p /usr/src/criu 	&& curl -sSL https://github.com/checkpoint-restore/criu/archive/v${CRIU_VERSION}.tar.gz | tar -C /usr/src/criu/ -xz --strip-components=1 	&& cd /usr/src/criu 	&& make 	&& make PREFIX=/build/ install-criu
 ---> Using cache
 ---> e3261411f410
Step 7/94 : FROM base AS registry
 ---> 3a8d53ee424d
Step 8/94 : ENV REGISTRY_COMMIT_SCHEMA1 ec87e9b6971d831f0eff752ddb54fb64693e51cd
 ---> Using cache
 ---> 68a47b3e0830
Step 9/94 : ENV REGISTRY_COMMIT 47a064d4195a9b56133891bbb13620c3ac83a827
 ---> Using cache
 ---> 8cdd61686e2b
Step 10/94 : RUN set -x 	&& export GOPATH="$(mktemp -d)" 	&& git clone https://github.com/docker/distribution.git "$GOPATH/src/github.com/docker/distribution" 	&& (cd "$GOPATH/src/github.com/docker/distribution" && git checkout -q "$REGISTRY_COMMIT") 	&& GOPATH="$GOPATH/src/github.com/docker/distribution/Godeps/_workspace:$GOPATH" 		go build -buildmode=pie -o /build/registry-v2 github.com/docker/distribution/cmd/registry 	&& case $(dpkg --print-architecture) in 		amd64|ppc64*|s390x) 		(cd "$GOPATH/src/github.com/docker/distribution" && git checkout -q "$REGISTRY_COMMIT_SCHEMA1"); 		GOPATH="$GOPATH/src/github.com/docker/distribution/Godeps/_workspace:$GOPATH"; 			go build -buildmode=pie -o /build/registry-v2-schema1 github.com/docker/distribution/cmd/registry; 		;; 	   esac 	&& rm -rf "$GOPATH"
 ---> Using cache
 ---> bb580d507cdc
Step 11/94 : FROM base AS docker-py
 ---> 3a8d53ee424d
Step 12/94 : ENV DOCKER_PY_COMMIT 8b246db271a85d6541dc458838627e89c683e42f
 ---> Using cache
 ---> ec1e87db0c19
Step 13/94 : RUN git clone https://github.com/docker/docker-py.git /build 	&& cd /build 	&& git checkout -q $DOCKER_PY_COMMIT
 ---> Using cache
 ---> f85c1fe26809
Step 14/94 : FROM base AS swagger
 ---> 3a8d53ee424d
Step 15/94 : ENV GO_SWAGGER_COMMIT c28258affb0b6251755d92489ef685af8d4ff3eb
 ---> Using cache
 ---> a6e11bffa673
Step 16/94 : RUN set -x 	&& export GOPATH="$(mktemp -d)" 	&& git clone https://github.com/go-swagger/go-swagger.git "$GOPATH/src/github.com/go-swagger/go-swagger" 	&& (cd "$GOPATH/src/github.com/go-swagger/go-swagger" && git checkout -q "$GO_SWAGGER_COMMIT") 	&& go build -o /build/swagger github.com/go-swagger/go-swagger/cmd/swagger 	&& rm -rf "$GOPATH"
 ---> Using cache
 ---> cca1db9a63fc
Step 17/94 : FROM base AS frozen-images
 ---> 3a8d53ee424d
Step 18/94 : RUN apt-get update && apt-get install -y jq ca-certificates --no-install-recommends
 ---> Using cache
 ---> 68dafa732102
Step 19/94 : COPY contrib/download-frozen-image-v2.sh /
 ---> Using cache
 ---> 2c1fd46e2cad
Step 20/94 : RUN /download-frozen-image-v2.sh /build 	buildpack-deps:jessie@sha256:dd86dced7c9cd2a724e779730f0a53f93b7ef42228d4344b25ce9a42a1486251 	busybox:latest@sha256:bbc3a03235220b170ba48a157dd097dd1379299370e1ed99ce976df0355d24f0 	busybox:glibc@sha256:0b55a30394294ab23b9afd58fab94e61a923f5834fba7ddbae7f8e0c11ba85e6 	debian:jessie@sha256:287a20c5f73087ab406e6b364833e3fb7b3ae63ca0eb3486555dc27ed32c6e60 	hello-world:latest@sha256:be0cd392e45be79ffeffa6b05338b98ebb16c87b255f48e297ec7f98e123905c
 ---> Using cache
 ---> 79a325ff113b
Step 21/94 : FROM base AS runtime-dev
 ---> 3a8d53ee424d
Step 22/94 : RUN apt-get update && apt-get install -y 	libapparmor-dev 	libseccomp-dev
 ---> Using cache
 ---> d464271c47db
Step 23/94 : FROM base AS tomlv
 ---> 3a8d53ee424d
Step 24/94 : ENV INSTALL_BINARY_NAME=tomlv
 ---> Using cache
 ---> 96ab19a974ad
Step 25/94 : COPY hack/dockerfile/install/install.sh ./install.sh
 ---> Using cache
 ---> 521ce3b259a8
Step 26/94 : COPY hack/dockerfile/install/$INSTALL_BINARY_NAME.installer ./
 ---> Using cache
 ---> 7349328e588f
Step 27/94 : RUN PREFIX=/build ./install.sh $INSTALL_BINARY_NAME
 ---> Using cache
 ---> 57e5cedf1b0d
Step 28/94 : FROM base AS vndr
 ---> 3a8d53ee424d
Step 29/94 : ENV INSTALL_BINARY_NAME=vndr
 ---> Using cache
 ---> b6a3a81d42b6
Step 30/94 : COPY hack/dockerfile/install/install.sh ./install.sh
 ---> Using cache
 ---> 40bc098aca03
Step 31/94 : COPY hack/dockerfile/install/$INSTALL_BINARY_NAME.installer ./
 ---> Using cache
 ---> 20e20571d7cb
Step 32/94 : RUN PREFIX=/build ./install.sh $INSTALL_BINARY_NAME
 ---> Using cache
 ---> d1535e3a32af
Step 33/94 : FROM base AS containerd
 ---> 3a8d53ee424d
Step 34/94 : RUN apt-get update && apt-get install -y btrfs-tools
 ---> Using cache
 ---> 3b3de9fe9191
Step 35/94 : ENV INSTALL_BINARY_NAME=containerd
 ---> Using cache
 ---> 98032450206e
Step 36/94 : COPY hack/dockerfile/install/install.sh ./install.sh
 ---> Using cache
 ---> 0eba2795bfed
Step 37/94 : COPY hack/dockerfile/install/$INSTALL_BINARY_NAME.installer ./
 ---> Using cache
 ---> 88535cb81aa2
Step 38/94 : RUN PREFIX=/build ./install.sh $INSTALL_BINARY_NAME
 ---> Using cache
 ---> 217e6b1f53b0
Step 39/94 : FROM base AS proxy
 ---> 3a8d53ee424d
Step 40/94 : ENV INSTALL_BINARY_NAME=proxy
 ---> Using cache
 ---> 2cfcc76ff462
Step 41/94 : COPY hack/dockerfile/install/install.sh ./install.sh
 ---> Using cache
 ---> f7d1819fe381
Step 42/94 : COPY hack/dockerfile/install/$INSTALL_BINARY_NAME.installer ./
 ---> Using cache
 ---> 8ded781d6b46
Step 43/94 : RUN PREFIX=/build ./install.sh $INSTALL_BINARY_NAME
 ---> Using cache
 ---> f1eb5e15a1ff
Step 44/94 : FROM base AS gometalinter
 ---> 3a8d53ee424d
Step 45/94 : ENV INSTALL_BINARY_NAME=gometalinter
 ---> Using cache
 ---> f502d7785c16
Step 46/94 : COPY hack/dockerfile/install/install.sh ./install.sh
 ---> Using cache
 ---> a91975eebcca
Step 47/94 : COPY hack/dockerfile/install/$INSTALL_BINARY_NAME.installer ./
 ---> Using cache
 ---> c410a3c8fb22
Step 48/94 : RUN PREFIX=/build ./install.sh $INSTALL_BINARY_NAME
 ---> Using cache
 ---> e658489f03e3
Step 49/94 : FROM base AS dockercli
 ---> 3a8d53ee424d
Step 50/94 : ENV INSTALL_BINARY_NAME=dockercli
 ---> Using cache
 ---> 1001be8aaaf8
Step 51/94 : COPY hack/dockerfile/install/install.sh ./install.sh
 ---> Using cache
 ---> f3c50342fec7
Step 52/94 : COPY hack/dockerfile/install/$INSTALL_BINARY_NAME.installer ./
 ---> Using cache
 ---> 63e63989cf95
Step 53/94 : RUN PREFIX=/build ./install.sh $INSTALL_BINARY_NAME
 ---> Using cache
 ---> 7eb397050cf5
Step 54/94 : FROM runtime-dev AS runc
 ---> d464271c47db
Step 55/94 : ENV INSTALL_BINARY_NAME=runc
 ---> Using cache
 ---> 32422fc9a6be
Step 56/94 : COPY hack/dockerfile/install/install.sh ./install.sh
 ---> Using cache
 ---> 4de1d4eb5626
Step 57/94 : COPY hack/dockerfile/install/$INSTALL_BINARY_NAME.installer ./
 ---> Using cache
 ---> eb2a02b54e6b
Step 58/94 : RUN PREFIX=/build ./install.sh $INSTALL_BINARY_NAME
 ---> Using cache
 ---> ba07f2d2391c
Step 59/94 : FROM base AS tini
 ---> 3a8d53ee424d
Step 60/94 : RUN apt-get update && apt-get install -y cmake vim-common
 ---> Using cache
 ---> 6be925a7cb84
Step 61/94 : COPY hack/dockerfile/install/install.sh ./install.sh
 ---> Using cache
 ---> 0fe63d997956
Step 62/94 : ENV INSTALL_BINARY_NAME=tini
 ---> Using cache
 ---> d267b7059be8
Step 63/94 : COPY hack/dockerfile/install/$INSTALL_BINARY_NAME.installer ./
 ---> Using cache
 ---> 0fd3ba75e881
Step 64/94 : RUN PREFIX=/build ./install.sh $INSTALL_BINARY_NAME
 ---> Using cache
 ---> 45854a504b46
Step 65/94 : FROM runtime-dev AS dev
 ---> d464271c47db
Step 66/94 : RUN groupadd -r docker
 ---> Using cache
 ---> 5092b48a5540
Step 67/94 : RUN useradd --create-home --gid docker unprivilegeduser
 ---> Using cache
 ---> 5fe9426579da
Step 68/94 : RUN ln -sfv /go/src/github.com/docker/docker/.bashrc ~/.bashrc
 ---> Using cache
 ---> 07a2734fa68d
Step 69/94 : RUN echo "source /usr/share/bash-completion/bash_completion" >> /etc/bash.bashrc
 ---> Using cache
 ---> 7820dc403fd5
Step 70/94 : RUN ln -s /usr/local/completion/bash/docker /etc/bash_completion.d/docker
 ---> Using cache
 ---> 9d3c22957f74
Step 71/94 : RUN ldconfig
 ---> Using cache
 ---> 1f8a662f0499
Step 72/94 : RUN apt-get update && apt-get install -y 	apparmor 	aufs-tools 	bash-completion 	btrfs-tools 	iptables 	jq 	libcap2-bin 	libdevmapper-dev 	libudev-dev 	libsystemd-dev 	binutils-mingw-w64 	g++-mingw-w64-x86-64 	net-tools 	pigz 	python-backports.ssl-match-hostname 	python-dev 	python-mock 	python-pip 	python-requests 	python-setuptools 	python-websocket 	python-wheel 	thin-provisioning-tools 	vim 	vim-common 	xfsprogs 	zip 	bzip2 	xz-utils 	--no-install-recommends
 ---> Using cache
 ---> e859e6d2e908
Step 73/94 : COPY --from=swagger /build/swagger* /usr/local/bin/
 ---> Using cache
 ---> 8a820237f134
Step 74/94 : COPY --from=frozen-images /build/ /docker-frozen-images
 ---> Using cache
 ---> be64a5aca2fa
Step 75/94 : COPY --from=gometalinter /build/ /usr/local/bin/
 ---> Using cache
 ---> fb6e75f6b03b
Step 76/94 : COPY --from=tomlv /build/ /usr/local/bin/
 ---> Using cache
 ---> bfffc2a1146d
Step 77/94 : COPY --from=vndr /build/ /usr/local/bin/
 ---> Using cache
 ---> 9c48beca2bdc
Step 78/94 : COPY --from=tini /build/ /usr/local/bin/
 ---> Using cache
 ---> 642f2a6dc2d7
Step 79/94 : COPY --from=runc /build/ /usr/local/bin/
 ---> Using cache
 ---> 4eec3c445ba3
Step 80/94 : COPY --from=containerd /build/ /usr/local/bin/
 ---> Using cache
 ---> 23b2b9a4bff1
Step 81/94 : COPY --from=proxy /build/ /usr/local/bin/
 ---> Using cache
 ---> ae8fe70523f4
Step 82/94 : COPY --from=dockercli /build/ /usr/local/cli
 ---> Using cache
 ---> ce78de3fbb22
Step 83/94 : COPY --from=registry /build/registry* /usr/local/bin/
 ---> Using cache
 ---> 81116d216c41
Step 84/94 : COPY --from=criu /build/ /usr/local/
 ---> Using cache
 ---> 614710077023
Step 85/94 : COPY --from=docker-py /build/ /docker-py
 ---> Using cache
 ---> 37f60eb9d6bd
Step 86/94 : RUN cd /docker-py 	&& pip install docker-pycreds==0.2.1 	&& pip install yamllint==1.5.0 	&& pip install -r test-requirements.txt
 ---> Using cache
 ---> f3f50ce9e04f
Step 87/94 : ENV PATH=/usr/local/cli:$PATH
 ---> Using cache
 ---> 512028e9d5f7
Step 88/94 : ENV DOCKER_BUILDTAGS apparmor seccomp selinux
 ---> Using cache
 ---> 69ffce886435
Step 89/94 : ENV GOMETALINTER_OPTS="--deadline=2m"
 ---> Using cache
 ---> da2a47a69576
Step 90/94 : WORKDIR /go/src/github.com/docker/docker
 ---> Using cache
 ---> 86f5102e5baf
Step 91/94 : VOLUME /var/lib/docker
 ---> Using cache
 ---> cb1d2c770ad4
Step 92/94 : ENTRYPOINT ["hack/dind"]
 ---> Using cache
 ---> 418cf2589c70
Step 93/94 : FROM dev AS final
 ---> 418cf2589c70
Step 94/94 : COPY . /go/src/github.com/docker/docker
 ---> 4995116c6f41
Successfully built 4995116c6f41
Successfully tagged docker:2ca6896-exp

Removing bundles/

---> Making bundle: binary-daemon (in bundles/binary-daemon)
Building: bundles/binary-daemon/dockerd-dev
Created binary: bundles/binary-daemon/dockerd-dev
Copying nested executables into bundles/binary-daemon

---> Making bundle: test-integration (in bundles/test-integration)
Building test suite binary ./integration-cli/test.main
Building test suite binary ./integration/plugin/test.main
Building test suite binary ./integration/plugin/authz/test.main
Building test suite binary ./integration/plugin/logging/test.main
Building test suite binary ./integration/plugin/logging/cmd/test.main
Building test suite binary ./integration/plugin/logging/cmd/close_on_start/test.main
Building test suite binary ./integration/plugin/logging/cmd/dummy/test.main
Building test suite binary ./integration/plugin/common/test.main
Building test suite binary ./integration/plugin/volumes/test.main
Building test suite binary ./integration/plugin/volumes/cmd/test.main
Building test suite binary ./integration/plugin/volumes/cmd/dummy/test.main
Building test suite binary ./integration/plugin/graphdriver/test.main
Building test suite binary ./integration/config/test.main
Building test suite binary ./integration/service/test.main
Building test suite binary ./integration/network/test.main
Building test suite binary ./integration/network/ipvlan/test.main
Building test suite binary ./integration/network/macvlan/test.main
Building test suite binary ./integration/secret/test.main
Building test suite binary ./integration/session/test.main
Building test suite binary ./integration/container/test.main
Building test suite binary ./integration/build/test.main
Building test suite binary ./integration/volume/test.main
Building test suite binary ./integration/system/test.main
Building test suite binary ./integration/image/test.main
---> Making bundle: .integration-daemon-start (in bundles/test-integration)
Using test binary docker
# DOCKER_EXPERIMENTAL is set: starting daemon with experimental features enabled! 
/etc/init.d/apparmor: 130: /etc/init.d/apparmor: systemd-detect-virt: not found
Starting AppArmor profiles:Warning from stdin (line 1): /sbin/apparmor_parser: cannot use or update cache, disable, or force-complain via stdin
Warning failed to create cache: (null)
.
INFO: Waiting for daemon to start...
Starting dockerd
.
---> Making bundle: .integration-daemon-setup (in bundles/test-integration)
---> Making bundle: .ensure-emptyfs (in bundles/test-integration)
Error: No such image: emptyfs
Running integration-test (iteration 1)
Running /go/src/github.com/docker/docker/integration/plugin
testing: warning: no tests to run
PASS
Running /go/src/github.com/docker/docker/integration/plugin/authz
Loaded image: buildpack-deps:jessie
Loaded image: busybox:latest
Loaded image: busybox:glibc
Loaded image: debian:jessie
Loaded image: hello-world:latest
INFO: Testing against a local daemon
=== RUN   TestAuthZPluginAllowRequest
--- PASS: TestAuthZPluginAllowRequest (3.16s)
    daemon.go:296: [d960b6c050f8c] waiting for daemon to start
    daemon.go:328: [d960b6c050f8c] daemon started
    daemon.go:283: [d960b6c050f8c] exiting daemon
=== RUN   TestAuthZPluginTLS
--- PASS: TestAuthZPluginTLS (0.53s)
    daemon.go:296: [d44a6b3d967b6] waiting for daemon to start
    daemon.go:328: [d44a6b3d967b6] daemon started
    daemon.go:283: [d44a6b3d967b6] exiting daemon
=== RUN   TestAuthZPluginDenyRequest
--- PASS: TestAuthZPluginDenyRequest (0.52s)
    daemon.go:296: [db6ad1dddc965] waiting for daemon to start
    daemon.go:328: [db6ad1dddc965] daemon started
    daemon.go:283: [db6ad1dddc965] exiting daemon
=== RUN   TestAuthZPluginAPIDenyResponse
--- PASS: TestAuthZPluginAPIDenyResponse (0.52s)
    daemon.go:296: [df288d81f1578] waiting for daemon to start
    daemon.go:328: [df288d81f1578] daemon started
    daemon.go:283: [df288d81f1578] exiting daemon
=== RUN   TestAuthZPluginDenyResponse
--- PASS: TestAuthZPluginDenyResponse (0.52s)
    daemon.go:296: [dd9af2d3e6b4a] waiting for daemon to start
    daemon.go:328: [dd9af2d3e6b4a] daemon started
    daemon.go:283: [dd9af2d3e6b4a] exiting daemon
=== RUN   TestAuthZPluginAllowEventStream
--- PASS: TestAuthZPluginAllowEventStream (1.24s)
    daemon.go:296: [dcca71c9705b8] waiting for daemon to start
    daemon.go:328: [dcca71c9705b8] daemon started
    daemon.go:283: [dcca71c9705b8] exiting daemon
=== RUN   TestAuthZPluginErrorResponse
--- PASS: TestAuthZPluginErrorResponse (0.52s)
    daemon.go:296: [dc49d6aa8ebe7] waiting for daemon to start
    daemon.go:328: [dc49d6aa8ebe7] daemon started
    daemon.go:283: [dc49d6aa8ebe7] exiting daemon
=== RUN   TestAuthZPluginErrorRequest
--- PASS: TestAuthZPluginErrorRequest (0.52s)
    daemon.go:296: [d7c3d9cc3bdfb] waiting for daemon to start
    daemon.go:328: [d7c3d9cc3bdfb] daemon started
    daemon.go:283: [d7c3d9cc3bdfb] exiting daemon
=== RUN   TestAuthZPluginEnsureNoDuplicatePluginRegistration
--- PASS: TestAuthZPluginEnsureNoDuplicatePluginRegistration (3.11s)
    daemon.go:296: [db8770a154706] waiting for daemon to start
    daemon.go:328: [db8770a154706] daemon started
    daemon.go:283: [db8770a154706] exiting daemon
=== RUN   TestAuthZPluginEnsureLoadImportWorking
--- PASS: TestAuthZPluginEnsureLoadImportWorking (6.65s)
    daemon.go:296: [db9be8b49068c] waiting for daemon to start
    daemon.go:328: [db9be8b49068c] daemon started
    daemon.go:283: [db9be8b49068c] exiting daemon
=== RUN   TestAuthzPluginEnsureContainerCopyToFrom
--- PASS: TestAuthzPluginEnsureContainerCopyToFrom (1.48s)
    daemon.go:296: [d972a8e78ac93] waiting for daemon to start
    daemon.go:328: [d972a8e78ac93] daemon started
    daemon.go:283: [d972a8e78ac93] exiting daemon
=== RUN   TestAuthZPluginHeader
--- PASS: TestAuthZPluginHeader (0.71s)
    daemon.go:296: [dae8de29c26ad] waiting for daemon to start
    daemon.go:328: [dae8de29c26ad] daemon started
    daemon.go:283: [dae8de29c26ad] exiting daemon
=== RUN   TestAuthZPluginV2AllowNonVolumeRequest
--- PASS: TestAuthZPluginV2AllowNonVolumeRequest (6.65s)
    daemon.go:296: [dc2b0f069108a] waiting for daemon to start
    daemon.go:328: [dc2b0f069108a] daemon started
    daemon.go:283: [dc2b0f069108a] exiting daemon
    daemon.go:296: [dc2b0f069108a] waiting for daemon to start
    daemon.go:328: [dc2b0f069108a] daemon started
    daemon.go:283: [dc2b0f069108a] exiting daemon
=== RUN   TestAuthZPluginV2Disable
--- PASS: TestAuthZPluginV2Disable (6.40s)
    daemon.go:296: [de95bd38f5c22] waiting for daemon to start
    daemon.go:328: [de95bd38f5c22] daemon started
    daemon.go:283: [de95bd38f5c22] exiting daemon
    daemon.go:296: [de95bd38f5c22] waiting for daemon to start
    daemon.go:328: [de95bd38f5c22] daemon started
    daemon.go:283: [de95bd38f5c22] exiting daemon
=== RUN   TestAuthZPluginV2RejectVolumeRequests
--- PASS: TestAuthZPluginV2RejectVolumeRequests (5.99s)
    daemon.go:296: [dc5bc78ec475f] waiting for daemon to start
    daemon.go:328: [dc5bc78ec475f] daemon started
    daemon.go:283: [dc5bc78ec475f] exiting daemon
    daemon.go:296: [dc5bc78ec475f] waiting for daemon to start
    daemon.go:328: [dc5bc78ec475f] daemon started
    daemon.go:283: [dc5bc78ec475f] exiting daemon
=== RUN   TestAuthZPluginV2BadManifestFailsDaemonStart
--- PASS: TestAuthZPluginV2BadManifestFailsDaemonStart (13.74s)
    daemon.go:296: [d7a1538af7187] waiting for daemon to start
    daemon.go:328: [d7a1538af7187] daemon started
    daemon.go:283: [d7a1538af7187] exiting daemon
    daemon.go:296: [d7a1538af7187] waiting for daemon to start
    daemon.go:296: [d7a1538af7187] waiting for daemon to start
    daemon.go:283: [d7a1538af7187] exiting daemon
    daemon.go:296: [d7a1538af7187] waiting for daemon to start
    daemon.go:328: [d7a1538af7187] daemon started
    daemon.go:283: [d7a1538af7187] exiting daemon
=== RUN   TestAuthZPluginV2NonexistentFailsDaemonStart
--- PASS: TestAuthZPluginV2NonexistentFailsDaemonStart (16.51s)
    daemon.go:296: [d8f324889d806] waiting for daemon to start
    daemon.go:328: [d8f324889d806] daemon started
    daemon.go:283: [d8f324889d806] exiting daemon
    daemon.go:296: [d8f324889d806] waiting for daemon to start
    daemon.go:296: [d8f324889d806] waiting for daemon to start
    daemon.go:296: [d8f324889d806] waiting for daemon to start
    daemon.go:328: [d8f324889d806] daemon started
    daemon.go:283: [d8f324889d806] exiting daemon
PASS
Running /go/src/github.com/docker/docker/integration/plugin/logging
INFO: Testing against a local daemon
=== RUN   TestContinueAfterPluginCrash
=== PAUSE TestContinueAfterPluginCrash
=== RUN   TestDaemonStartWithLogOpt
=== PAUSE TestDaemonStartWithLogOpt
=== CONT  TestContinueAfterPluginCrash
=== CONT  TestDaemonStartWithLogOpt
--- PASS: TestDaemonStartWithLogOpt (14.84s)
    daemon.go:296: [db1bf901fe39b] waiting for daemon to start
    daemon.go:328: [db1bf901fe39b] daemon started
    daemon.go:283: [db1bf901fe39b] exiting daemon
    daemon.go:296: [db1bf901fe39b] waiting for daemon to start
    daemon.go:328: [db1bf901fe39b] daemon started
    daemon.go:283: [db1bf901fe39b] exiting daemon
--- PASS: TestContinueAfterPluginCrash (20.00s)
    daemon.go:296: [dc10b73d7f6af] waiting for daemon to start
    daemon.go:328: [dc10b73d7f6af] daemon started
    daemon.go:283: [dc10b73d7f6af] exiting daemon
PASS
Running /go/src/github.com/docker/docker/integration/plugin/logging/cmd
testing: warning: no tests to run
PASS
Running /go/src/github.com/docker/docker/integration/plugin/logging/cmd/close_on_start
testing: warning: no tests to run
PASS
Running /go/src/github.com/docker/docker/integration/plugin/logging/cmd/dummy
testing: warning: no tests to run
PASS
Running /go/src/github.com/docker/docker/integration/plugin/common
INFO: Testing against a local daemon
=== RUN   TestPluginInvalidJSON
=== RUN   TestPluginInvalidJSON//plugins/foobar/set
=== PAUSE TestPluginInvalidJSON//plugins/foobar/set
=== CONT  TestPluginInvalidJSON//plugins/foobar/set
--- PASS: TestPluginInvalidJSON (0.01s)
    --- PASS: TestPluginInvalidJSON//plugins/foobar/set (0.00s)
PASS
Running /go/src/github.com/docker/docker/integration/plugin/volumes
INFO: Testing against a local daemon
=== RUN   TestPluginWithDevMounts
=== PAUSE TestPluginWithDevMounts
=== CONT  TestPluginWithDevMounts
--- PASS: TestPluginWithDevMounts (1.72s)
    daemon.go:296: [dc4bc223ec56e] waiting for daemon to start
    daemon.go:328: [dc4bc223ec56e] daemon started
    daemon.go:283: [dc4bc223ec56e] exiting daemon
PASS
Running /go/src/github.com/docker/docker/integration/plugin/volumes/cmd
testing: warning: no tests to run
PASS
Running /go/src/github.com/docker/docker/integration/plugin/volumes/cmd/dummy
testing: warning: no tests to run
PASS
Running /go/src/github.com/docker/docker/integration/plugin/graphdriver
INFO: Testing against a local daemon
=== RUN   TestExternalGraphDriver
=== RUN   TestExternalGraphDriver/json
=== RUN   TestExternalGraphDriver/spec
=== RUN   TestExternalGraphDriver/pull
--- PASS: TestExternalGraphDriver (6.98s)
    daemon.go:296: [d4fb299f5125c] waiting for daemon to start
    daemon.go:328: [d4fb299f5125c] daemon started
    daemon.go:283: [d4fb299f5125c] exiting daemon
    daemon.go:296: [d4fb299f5125c] waiting for daemon to start
    daemon.go:328: [d4fb299f5125c] daemon started
    daemon.go:283: [d4fb299f5125c] exiting daemon
    --- PASS: TestExternalGraphDriver/json (1.70s)
    daemon.go:296: [d4fb299f5125c] waiting for daemon to start
    daemon.go:328: [d4fb299f5125c] daemon started
    daemon.go:283: [d4fb299f5125c] exiting daemon
    daemon.go:296: [d4fb299f5125c] waiting for daemon to start
    daemon.go:328: [d4fb299f5125c] daemon started
    daemon.go:283: [d4fb299f5125c] exiting daemon
    --- PASS: TestExternalGraphDriver/spec (1.70s)
    daemon.go:296: [d4fb299f5125c] waiting for daemon to start
    daemon.go:328: [d4fb299f5125c] daemon started
    daemon.go:283: [d4fb299f5125c] exiting daemon
    --- PASS: TestExternalGraphDriver/pull (3.10s)
=== RUN   TestGraphdriverPluginV2
--- SKIP: TestGraphdriverPluginV2 (0.33s)
    external_test.go:411: !requirement.Overlay2Supported(testEnv.DaemonInfo.KernelVersion)
PASS
Running /go/src/github.com/docker/docker/integration/config
INFO: Testing against a local daemon
=== RUN   TestConfigList
--- PASS: TestConfigList (2.03s)
    daemon.go:296: [da96eb6fde70a] waiting for daemon to start
    daemon.go:328: [da96eb6fde70a] daemon started
    daemon.go:283: [da96eb6fde70a] exiting daemon
=== RUN   TestConfigsCreateAndDelete
--- PASS: TestConfigsCreateAndDelete (2.04s)
    daemon.go:296: [df011bbb4eb83] waiting for daemon to start
    daemon.go:328: [df011bbb4eb83] daemon started
    daemon.go:283: [df011bbb4eb83] exiting daemon
=== RUN   TestConfigsUpdate
--- PASS: TestConfigsUpdate (2.02s)
    daemon.go:296: [d24d57838bf62] waiting for daemon to start
    daemon.go:328: [d24d57838bf62] daemon started
    daemon.go:283: [d24d57838bf62] exiting daemon
=== RUN   TestTemplatedConfig
--- PASS: TestTemplatedConfig (2.54s)
    daemon.go:296: [df8cf071d24ed] waiting for daemon to start
    daemon.go:328: [df8cf071d24ed] daemon started
    daemon.go:283: [df8cf071d24ed] exiting daemon
=== RUN   TestConfigInspect
--- PASS: TestConfigInspect (2.02s)
    daemon.go:296: [db5fd0ee16750] waiting for daemon to start
    daemon.go:328: [db5fd0ee16750] daemon started
    daemon.go:283: [db5fd0ee16750] exiting daemon
=== RUN   TestConfigCreateWithLabels
--- PASS: TestConfigCreateWithLabels (2.18s)
    daemon.go:296: [d4229964e6db6] waiting for daemon to start
    daemon.go:328: [d4229964e6db6] daemon started
    daemon.go:283: [d4229964e6db6] exiting daemon
=== RUN   TestConfigCreateResolve
--- PASS: TestConfigCreateResolve (2.14s)
    daemon.go:296: [df1f9aca3d64f] waiting for daemon to start
    daemon.go:328: [df1f9aca3d64f] daemon started
    daemon.go:283: [df1f9aca3d64f] exiting daemon
PASS
Running /go/src/github.com/docker/docker/integration/service
INFO: Testing against a local daemon
=== RUN   TestServiceCreateInit
=== RUN   TestServiceCreateInit/daemonInitDisabled
=== RUN   TestServiceCreateInit/daemonInitEnabled
--- PASS: TestServiceCreateInit (7.81s)
    --- PASS: TestServiceCreateInit/daemonInitDisabled (3.88s)
        daemon.go:296: [d34f3ded06962] waiting for daemon to start
        daemon.go:328: [d34f3ded06962] daemon started
        daemon.go:283: [d34f3ded06962] exiting daemon
    --- PASS: TestServiceCreateInit/daemonInitEnabled (3.92s)
        daemon.go:296: [deccb94f50572] waiting for daemon to start
        daemon.go:328: [deccb94f50572] daemon started
        daemon.go:283: [deccb94f50572] exiting daemon
=== RUN   TestCreateServiceMultipleTimes
--- PASS: TestCreateServiceMultipleTimes (23.00s)
    daemon.go:296: [d20d2fa07213a] waiting for daemon to start
    daemon.go:328: [d20d2fa07213a] daemon started
    daemon.go:283: [d20d2fa07213a] exiting daemon
=== RUN   TestCreateServiceConflict
--- PASS: TestCreateServiceConflict (2.05s)
    daemon.go:296: [d5588f3395e27] waiting for daemon to start
    daemon.go:328: [d5588f3395e27] daemon started
    daemon.go:283: [d5588f3395e27] exiting daemon
=== RUN   TestCreateServiceMaxReplicas
--- PASS: TestCreateServiceMaxReplicas (2.76s)
    daemon.go:296: [db3f4e94361b2] waiting for daemon to start
    daemon.go:328: [db3f4e94361b2] daemon started
    daemon.go:283: [db3f4e94361b2] exiting daemon
=== RUN   TestCreateWithDuplicateNetworkNames
--- PASS: TestCreateWithDuplicateNetworkNames (12.87s)
    daemon.go:296: [ded5db26e0d1f] waiting for daemon to start
    daemon.go:328: [ded5db26e0d1f] daemon started
    daemon.go:283: [ded5db26e0d1f] exiting daemon
=== RUN   TestCreateServiceSecretFileMode
--- PASS: TestCreateServiceSecretFileMode (2.57s)
    daemon.go:296: [dce6f1a3d7408] waiting for daemon to start
    daemon.go:328: [dce6f1a3d7408] daemon started
    daemon.go:283: [dce6f1a3d7408] exiting daemon
=== RUN   TestCreateServiceConfigFileMode
--- PASS: TestCreateServiceConfigFileMode (2.55s)
    daemon.go:296: [d8dbb1b253955] waiting for daemon to start
    daemon.go:328: [d8dbb1b253955] daemon started
    daemon.go:283: [d8dbb1b253955] exiting daemon
=== RUN   TestCreateServiceSysctls
--- PASS: TestCreateServiceSysctls (3.31s)
    daemon.go:296: [dfa79687336b5] waiting for daemon to start
    daemon.go:328: [dfa79687336b5] daemon started
    daemon.go:283: [dfa79687336b5] exiting daemon
=== RUN   TestInspect
--- PASS: TestInspect (2.06s)
    daemon.go:296: [de9f2250472a8] waiting for daemon to start
    daemon.go:328: [de9f2250472a8] daemon started
    daemon.go:283: [de9f2250472a8] exiting daemon
=== RUN   TestDockerNetworkConnectAlias
--- PASS: TestDockerNetworkConnectAlias (4.09s)
    daemon.go:296: [d609c6fa9f4c4] waiting for daemon to start
    daemon.go:328: [d609c6fa9f4c4] daemon started
    daemon.go:283: [d609c6fa9f4c4] exiting daemon
=== RUN   TestServicePlugin
--- PASS: TestServicePlugin (34.97s)
    daemon.go:296: [daae0bee51729] waiting for daemon to start
    daemon.go:328: [daae0bee51729] daemon started
    daemon.go:283: [daae0bee51729] exiting daemon
    daemon.go:296: [d5118bf15c910] waiting for daemon to start
    daemon.go:328: [d5118bf15c910] daemon started
    daemon.go:296: [d0bdf1c0f1875] waiting for daemon to start
    daemon.go:328: [d0bdf1c0f1875] daemon started
    daemon.go:296: [d7debb54639dc] waiting for daemon to start
    daemon.go:328: [d7debb54639dc] daemon started
    daemon.go:283: [d7debb54639dc] exiting daemon
    daemon.go:283: [d0bdf1c0f1875] exiting daemon
    daemon.go:283: [d5118bf15c910] exiting daemon
=== RUN   TestServiceUpdateLabel
--- PASS: TestServiceUpdateLabel (2.13s)
    daemon.go:296: [dcb96c922440f] waiting for daemon to start
    daemon.go:328: [dcb96c922440f] daemon started
    daemon.go:283: [dcb96c922440f] exiting daemon
=== RUN   TestServiceUpdateSecrets
--- PASS: TestServiceUpdateSecrets (7.59s)
    daemon.go:296: [d7b1a87181427] waiting for daemon to start
    daemon.go:328: [d7b1a87181427] daemon started
    daemon.go:283: [d7b1a87181427] exiting daemon
=== RUN   TestServiceUpdateConfigs
--- PASS: TestServiceUpdateConfigs (2.04s)
    daemon.go:296: [dd9bb783736f4] waiting for daemon to start
    daemon.go:328: [dd9bb783736f4] daemon started
    daemon.go:283: [dd9bb783736f4] exiting daemon
PASS
Running /go/src/github.com/docker/docker/integration/network
INFO: Testing against a local daemon
=== RUN   TestNetworkCreateDelete
--- PASS: TestNetworkCreateDelete (0.12s)
=== RUN   TestDockerNetworkDeletePreferID
--- PASS: TestDockerNetworkDeletePreferID (0.27s)
=== RUN   TestInspectNetwork
--- PASS: TestInspectNetwork (23.88s)
    daemon.go:296: [d68295b3c82c8] waiting for daemon to start
    daemon.go:328: [d68295b3c82c8] daemon started
    daemon.go:283: [d68295b3c82c8] exiting daemon
=== RUN   TestRunContainerWithBridgeNone
--- PASS: TestRunContainerWithBridgeNone (2.04s)
    daemon.go:296: [d775e81121970] waiting for daemon to start
    daemon.go:328: [d775e81121970] daemon started
    daemon.go:283: [d775e81121970] exiting daemon
=== RUN   TestNetworkInvalidJSON
=== RUN   TestNetworkInvalidJSON//networks/create
=== PAUSE TestNetworkInvalidJSON//networks/create
=== RUN   TestNetworkInvalidJSON//networks/bridge/connect
=== PAUSE TestNetworkInvalidJSON//networks/bridge/connect
=== RUN   TestNetworkInvalidJSON//networks/bridge/disconnect
=== PAUSE TestNetworkInvalidJSON//networks/bridge/disconnect
=== CONT  TestNetworkInvalidJSON//networks/create
=== CONT  TestNetworkInvalidJSON//networks/bridge/disconnect
=== CONT  TestNetworkInvalidJSON//networks/bridge/connect
--- PASS: TestNetworkInvalidJSON (0.01s)
    --- PASS: TestNetworkInvalidJSON//networks/create (0.00s)
    --- PASS: TestNetworkInvalidJSON//networks/bridge/disconnect (0.00s)
    --- PASS: TestNetworkInvalidJSON//networks/bridge/connect (0.00s)
=== RUN   TestDaemonRestartWithLiveRestore
--- PASS: TestDaemonRestartWithLiveRestore (1.02s)
    daemon.go:296: [dfce8053e3451] waiting for daemon to start
    daemon.go:328: [dfce8053e3451] daemon started
    daemon.go:283: [dfce8053e3451] exiting daemon
    daemon.go:296: [dfce8053e3451] waiting for daemon to start
    daemon.go:328: [dfce8053e3451] daemon started
    daemon.go:283: [dfce8053e3451] exiting daemon
=== RUN   TestDaemonDefaultNetworkPools
--- PASS: TestDaemonDefaultNetworkPools (0.64s)
    daemon.go:296: [d70e1734dc857] waiting for daemon to start
    daemon.go:328: [d70e1734dc857] daemon started
    daemon.go:283: [d70e1734dc857] exiting daemon
=== RUN   TestDaemonRestartWithExistingNetwork
--- PASS: TestDaemonRestartWithExistingNetwork (1.10s)
    daemon.go:296: [d0619f3a41f63] waiting for daemon to start
    daemon.go:328: [d0619f3a41f63] daemon started
    daemon.go:283: [d0619f3a41f63] exiting daemon
    daemon.go:296: [d0619f3a41f63] waiting for daemon to start
    daemon.go:328: [d0619f3a41f63] daemon started
    daemon.go:283: [d0619f3a41f63] exiting daemon
=== RUN   TestDaemonRestartWithExistingNetworkWithDefaultPoolRange
--- PASS: TestDaemonRestartWithExistingNetworkWithDefaultPoolRange (1.18s)
    daemon.go:296: [d1696c738c974] waiting for daemon to start
    daemon.go:328: [d1696c738c974] daemon started
    daemon.go:283: [d1696c738c974] exiting daemon
    daemon.go:296: [d1696c738c974] waiting for daemon to start
    daemon.go:328: [d1696c738c974] daemon started
    daemon.go:283: [d1696c738c974] exiting daemon
=== RUN   TestDaemonWithBipAndDefaultNetworkPool
--- PASS: TestDaemonWithBipAndDefaultNetworkPool (0.55s)
    daemon.go:296: [de349ad6dd99a] waiting for daemon to start
    daemon.go:328: [de349ad6dd99a] daemon started
    daemon.go:283: [de349ad6dd99a] exiting daemon
=== RUN   TestServiceWithPredefinedNetwork
--- PASS: TestServiceWithPredefinedNetwork (2.04s)
    daemon.go:296: [df11dcd0602ea] waiting for daemon to start
    daemon.go:328: [df11dcd0602ea] daemon started
    daemon.go:283: [df11dcd0602ea] exiting daemon
=== RUN   TestServiceRemoveKeepsIngressNetwork
--- PASS: TestServiceRemoveKeepsIngressNetwork (12.02s)
    daemon.go:296: [d1286acdccbe7] waiting for daemon to start
    daemon.go:328: [d1286acdccbe7] daemon started
    daemon.go:283: [d1286acdccbe7] exiting daemon
=== RUN   TestServiceWithDataPathPortInit
--- PASS: TestServiceWithDataPathPortInit (4.06s)
    daemon.go:296: [d0dc6090e5cc0] waiting for daemon to start
    daemon.go:328: [d0dc6090e5cc0] daemon started
    daemon.go:283: [d0dc6090e5cc0] exiting daemon
    daemon.go:296: [d513a2efb6948] waiting for daemon to start
    daemon.go:328: [d513a2efb6948] daemon started
    daemon.go:283: [d513a2efb6948] exiting daemon
=== RUN   TestServiceWithDefaultAddressPoolInit
--- FAIL: TestServiceWithDefaultAddressPoolInit (1.37s)
    daemon.go:296: [dfa1cf29e4a10] waiting for daemon to start
    daemon.go:328: [dfa1cf29e4a10] daemon started
    service_test.go:415: TestServiceWithDefaultAddressPoolInit: NetworkInspect: {Name:saanvisthiraTestServiceWithDefaultAddressPoolInit ID:t44ggs07xskwqha8zhrmyjvyh Created:2019-01-04 00:52:59.862158036 +0000 UTC Scope:swarm Driver: EnableIPv6:false IPAM:{Driver: Options:map[] Config:[]} Internal:false Attachable:false Ingress:false ConfigFrom:{Network:} ConfigOnly:false Containers:map[] Options:map[] Labels:map[] Peers:[] Services:map[]}
    service_test.go:416: assertion failed: expression is false: len(out.IPAM.Config) > 0
FAIL
---> Making bundle: .integration-daemon-stop (in bundles/test-integration)
/go/src/github.com/docker/docker/hack/make/.integration-daemon-stop: line 10: wait: pid 28959 is not a child of this shell
warning: PID 28959 from bundles/test-integration/dfa1cf29e4a10/docker.pid had a nonzero exit code
Clearing AppArmor profiles cache:.
All profile caches have been cleared, but no profiles have been unloaded.
Unloading profiles will leave already running processes permanently
unconfined, which can lead to unexpected situations.

To set a process to complain mode, use the command line tool
'aa-complain'. To really tear down all profiles, run the init script
with the 'teardown' option."
Removing test suite binaries
Build step 'Execute shell' marked build as failure
Set build name.
New build name is '#38490'
[PostBuildScript] - Executing post build scripts.
[Docker-PRs-experimental] $ /bin/sh -xe /tmp/jenkins1779919457445370286.sh
+ echo Ensuring container killed.
Ensuring container killed.
+ docker rm -vf docker-pr-exp43553
Error: No such container: docker-pr-exp43553
+ true
+ echo Chowning /workspace to jenkins user
Chowning /workspace to jenkins user
+ id -u
+ id -g
+ docker run --rm -v /home/ubuntu/workspace/Docker-PRs-experimental:/workspace busybox chown -R 1000:1000 /workspace
[Docker-PRs-experimental] $ /bin/sh -xe /tmp/jenkins7196477037147764300.sh
+ echo Creating bundles.tar.gz
Creating bundles.tar.gz
+ find+ xargs tar -czf bundles.tar.gz
 bundles -name *.log
Archiving artifacts
Notifying endpoint with url 'https://leeroy.dockerproject.org/notification/jenkins'
[WS-CLEANUP] Deleting project workspace...[WS-CLEANUP] done
Finished: FAILURE
