Started by user Gordon
Notifying endpoint with url 'https://leeroy.dockerproject.org/notification/jenkins'
[EnvInject] - Loading node environment variables.
Building remotely on azure-windows-rs1-8 (windows-rs1) in workspace /gopath/src/github.com/docker/docker
Wiping out workspace first.
Cloning the remote Git repository
Cloning repository https://github.com/moby/moby.git
 > git init C:\gopath\src\github.com\docker\docker # timeout=10
Fetching upstream changes from https://github.com/moby/moby.git
 > git --version # timeout=10
 > git fetch --tags --progress https://github.com/moby/moby.git +refs/heads/*:refs/remotes/origin/*
 > git config remote.origin.url https://github.com/moby/moby.git # timeout=10
 > git config --add remote.origin.fetch +refs/heads/*:refs/remotes/origin/* # timeout=10
 > git config remote.origin.url https://github.com/moby/moby.git # timeout=10
Fetching upstream changes from https://github.com/moby/moby.git
 > git fetch --tags --progress https://github.com/moby/moby.git +refs/heads/*:refs/remotes/origin/*
 > git rev-parse "origin/master^{commit}" # timeout=10
Checking out Revision cb501886db2b46594a66cc2f54e81b53097e5fd8 (origin/master)
 > git config core.sparsecheckout # timeout=10
 > git checkout -f cb501886db2b46594a66cc2f54e81b53097e5fd8
Commit message: "Merge pull request #38456 from thaJeztah/make_errdefs_idempotent"
 > git rev-list --no-walk cb501886db2b46594a66cc2f54e81b53097e5fd8 # timeout=10
Set build name.
New build name is '#38441'
[docker] $ sh -xe C:\Users\jenkins\jenkins3453691222044575991.sh
+ git fetch origin +refs/pull/38441/head:refs/remotes/origin/pr/38441
From https://github.com/moby/moby
 * [new ref]               refs/pull/38441/head -> origin/pr/38441
+ git merge origin/pr/38441
Updating cb501886db..cf4c4df873
Fast-forward
 api/types/swarm/runtime/plugin.pb.go            | 110 ++++++++++++++++--------
 api/types/swarm/runtime/plugin.proto            |   1 +
 daemon/cluster/controllers/plugin/controller.go |   2 +-
 plugin/defs.go                                  |  26 ++++++
 4 files changed, 104 insertions(+), 35 deletions(-)
[docker] $ powershell.exe -NonInteractive -ExecutionPolicy ByPass "& 'C:\Users\jenkins\jenkins4327310650455019017.ps1'"
NEW entrypoint

INFO: executeCI.ps1 starting at Wed Jan  9 14:07:00 CUT 2019

INFO: Script version 28-Aug-2018 09:33 PDT
INFO: Running git version 2.18.0.windows.1
INFO: Branch:rs1_release Build:14393.2312.180607-1919
INFO: Environment variables:

Name                           Value                                                                                   
----                           -----                                                                                   
_                              /cygdrive/c/ProgramData/Oracle/Java/javapath/java                                       
ALLUSERSPROFILE                C:\ProgramData                                                                          
APPDATA                        C:\Users\jenkins\AppData\Roaming                                                        
BASE_BRANCH                    master                                                                                  
BUILD_CAUSE                    MANUALTRIGGER                                                                           
BUILD_CAUSE_MANUALTRIGGER      true                                                                                    
BUILD_DISPLAY_NAME             #38441                                                                                  
BUILD_ID                       23620                                                                                   
BUILD_NUMBER                   23620                                                                                   
BUILD_TAG                      jenkins-Docker-PRs-WoW-RS1-23620                                                        
BUILD_URL                      https://jenkins.dockerproject.org/job/Docker-PRs-WoW-RS1/23620/                         
CommonProgramFiles             C:\Program Files\Common Files                                                           
CommonProgramFiles(x86)        C:\Program Files (x86)\Common Files                                                     
CommonProgramW6432             C:\Program Files\Common Files                                                           
COMPUTERNAME                   jenkins-rs1-8                                                                           
COMSPEC                        C:\Windows\system32\cmd.exe                                                             
ConfigSet                      rs                                                                                      
CYGWIN                         binmode ntsec                                                                           
EXECUTOR_NUMBER                0                                                                                       
GIT_AUTHOR_EMAIL               janky@dockerproject.org                                                                 
GIT_AUTHOR_NAME                Docker Jenkins                                                                          
GIT_BASE_REPO                  moby/moby                                                                               
GIT_BRANCH                     origin/master                                                                           
GIT_COMMIT                     cb501886db2b46594a66cc2f54e81b53097e5fd8                                                
GIT_COMMITTER_EMAIL            janky@dockerproject.org                                                                 
GIT_COMMITTER_NAME             Docker Jenkins                                                                          
GIT_HEAD_REPO                  sirlatrom/docker                                                                        
GIT_PREVIOUS_COMMIT            cb501886db2b46594a66cc2f54e81b53097e5fd8                                                
GIT_PREVIOUS_SUCCESSFUL_COMMIT 77df18c24acf62778f132d30a058d559a0b8b2ba                                                
GIT_SHA1                       cf4c4df87394bcc263181a1cb7c7ab7ffec761f1                                                
GIT_URL                        https://github.com/moby/moby.git                                                        
GITHUB_URL                     https://github.com/moby/moby/pull/38441                                                 
HOME                           C:\cygwin\home\jenkins                                                                  
HOMEDRIVE                      C:                                                                                      
HOMEPATH                       \cygwin\home\jenkins                                                                    
HUDSON_COOKIE                  303d45ef-dfcb-4a78-a3c0-339347884b34                                                    
HUDSON_HOME                    /var/jenkins_home                                                                       
HUDSON_SERVER_COOKIE           5654907fc74b1465                                                                        
HUDSON_URL                     https://jenkins.dockerproject.org/                                                      
JENKINS_HOME                   /var/jenkins_home                                                                       
JENKINS_SERVER_COOKIE          5654907fc74b1465                                                                        
JENKINS_URL                    https://jenkins.dockerproject.org/                                                      
JOB_BASE_NAME                  Docker-PRs-WoW-RS1                                                                      
JOB_DISPLAY_URL                https://jenkins.dockerproject.org/job/Docker-PRs-WoW-RS1/display/redirect               
JOB_NAME                       Docker-PRs-WoW-RS1                                                                      
JOB_URL                        https://jenkins.dockerproject.org/job/Docker-PRs-WoW-RS1/                               
LOCALAPPDATA                   C:\Users\jenkins\AppData\Local                                                          
LOGNAME                        jenkins                                                                                 
LOGONSERVER                    \\jenkins-rs1-8                                                                         
MAIL                           /var/spool/mail//jenkins                                                                
NODE_LABELS                    azure-windows-rs1-8 windows-rs1                                                         
NODE_NAME                      azure-windows-rs1-8                                                                     
NUMBER_OF_PROCESSORS           4                                                                                       
OLDPWD                         /home/jenkins                                                                           
OS                             Windows_NT                                                                              
PATH                           C:\cygwin\bin;C:\ProgramData\Oracle\Java\javapath;C:\pstools;C:\Program Files\Notepad...
PATHEXT                        .COM;.EXE;.BAT;.CMD;.VBS;.VBE;.JS;.JSE;.WSF;.WSH;.MSC;.CPL                              
PR                             38441                                                                                   
PROCESSOR_ARCHITECTURE         AMD64                                                                                   
PROCESSOR_IDENTIFIER           Intel64 Family 6 Model 79 Stepping 1, GenuineIntel                                      
PROCESSOR_LEVEL                6                                                                                       
PROCESSOR_REVISION             4f01                                                                                    
ProgramData                    C:\ProgramData                                                                          
PROGRAMFILES                   C:\Program Files                                                                        
ProgramFiles(x86)              C:\Program Files (x86)                                                                  
ProgramW6432                   C:\Program Files                                                                        
PSExecutionPolicyPreference    Bypass                                                                                  
PSModulePath                   C:\Users\jenkins\Documents\WindowsPowerShell\Modules;C:\Program Files\WindowsPowerShe...
PUBLIC                         C:\Users\Public                                                                         
PWD                            /cygdrive/c/workspace                                                                   
ROOT_BUILD_CAUSE               MANUALTRIGGER                                                                           
ROOT_BUILD_CAUSE_MANUALTRIGGER true                                                                                    
RUN_CHANGES_DISPLAY_URL        https://jenkins.dockerproject.org/job/Docker-PRs-WoW-RS1/23620/display/redirect?page=...
RUN_DISPLAY_URL                https://jenkins.dockerproject.org/job/Docker-PRs-WoW-RS1/23620/display/redirect         
SHELL                          /bin/bash                                                                               
SHLVL                          1                                                                                       
SOURCES_DRIVE                  c                                                                                       
SOURCES_SUBDIR                 gopath                                                                                  
SSH_CLIENT                     52.88.204.51 57075 22                                                                   
SSH_CONNECTION                 52.88.204.51 57075 10.0.0.14 22                                                         
SYSTEMDRIVE                    C:                                                                                      
SYSTEMROOT                     C:\Windows                                                                              
TEMP                           d:\temp                                                                                 
TESTRUN_DRIVE                  d                                                                                       
TESTRUN_SUBDIR                 CI                                                                                      
USER                           jenkins                                                                                 
USERDOMAIN                     jenkins-rs1-8                                                                           
USERNAME                       jenkins                                                                                 
USERPROFILE                    C:\Users\jenkins                                                                        
WINDIR                         C:\Windows                                                                              
WORKSPACE                      /gopath/src/github.com/docker/docker                                                    



INFO: PR#38441 (https://github.com/docker/docker/pull/38441)
INFO: Sources under c:\gopath\...
INFO: Test run under d:\CI\...
INFO: Running in C:\gopath\src\github.com\docker\docker
INFO: docker/docker repository was found
INFO: Image microsoft/windowsservercore:latest is already loaded in the control daemon
INFO: Version of microsoft/windowsservercore:latest is '10.0.14393.2312'
INFO: Docker version of control daemon

Client:
 Version:           master-dockerproject-2018-10-09
 API version:       1.39
 Go version:        go1.10.4
 Git commit:        ab50c2f2
 Built:             Tue Oct  9 23:49:39 2018
 OS/Arch:           windows/amd64
 Experimental:      false

Server:
 Engine:
  Version:          master-dockerproject-2018-10-09
  API version:      1.39 (minimum version 1.24)
  Go version:       go1.11.1
  Git commit:       82a4797
  Built:            Tue Oct  9 23:58:23 2018
  OS/Arch:          windows/amd64
  Experimental:     false

INFO: Docker info of control daemon

Containers: 0
 Running: 0
 Paused: 0
 Stopped: 0
Images: 7
Server Version: master-dockerproject-2018-10-09
Storage Driver: windowsfilter
 Windows: 
Logging Driver: json-file
Plugins:
 Volume: local
 Network: ics l2bridge l2tunnel nat null overlay transparent
 Log: awslogs etwlogs fluentd gcplogs gelf json-file local logentries splunk syslog
Swarm: inactive
Default Isolation: process
Kernel Version: 10.0 14393 (14393.2312.amd64fre.rs1_release.180607-1919)
Operating System: Windows Server 2016 Datacenter Version 1607 (OS Build 14393.2312)
OSType: windows
Architecture: x86_64
CPUs: 4
Total Memory: 14GiB
Name: jenkins-rs1-8
ID: ZMZN:J5EJ:R2N2:JXXY:ZS7X:ZNHC:RBRB:NFFK:XUVA:ITCL:GP5Y:RX4I
Docker Root Dir: D:\control
Debug Mode (client): false
Debug Mode (server): false
Registry: https://index.docker.io/v1/
Labels:
Experimental: false
Insecure Registries:
 127.0.0.0/8
Live Restore Enabled: false


INFO: Commit hash is cf4c4df873
INFO: Nuke-Everything...
INFO: Container count on control daemon to delete is 0
INFO: Nuking d:\CI
INFO: Zapped successfully
INFO: Location for testing is d:\CI\CI-cf4c4df873
INFO: Validating GOLang consistency in Dockerfile.windows...


INFO: Building the image from Dockerfile.windows at 01/09/2019 14:07:01...

Sending build context to Docker daemon   46.4MB

Step 1/7 : FROM microsoft/windowsservercore
 ---> eb1805404161
Step 2/7 : SHELL ["powershell", "-Command", "$ErrorActionPreference = 'Stop'; $ProgressPreference = 'SilentlyContinue';"]
 ---> Using cache
 ---> 2ee68bc47118
Step 3/7 : ENV GO_VERSION=1.11.4     GIT_VERSION=2.11.1     GOPATH=C:\go     FROM_DOCKERFILE=1
 ---> Using cache
 ---> 6fa7de2197ae
Step 4/7 : RUN   Function Test-Nano() {     $EditionId = (Get-ItemProperty -Path 'HKLM:\SOFTWARE\Microsoft\Windows NT\CurrentVersion' -Name 'EditionID').EditionId;     return (($EditionId -eq 'ServerStandardNano') -or ($EditionId -eq 'ServerDataCenterNano') -or ($EditionId -eq 'NanoServer'));   }    Function Download-File([string] $source, [string] $target) {     if (Test-Nano) {       $handler = New-Object System.Net.Http.HttpClientHandler;       $client = New-Object System.Net.Http.HttpClient($handler);       $client.Timeout = New-Object System.TimeSpan(0, 30, 0);       $cancelTokenSource = [System.Threading.CancellationTokenSource]::new();       $responseMsg = $client.GetAsync([System.Uri]::new($source), $cancelTokenSource.Token);       $responseMsg.Wait();       if (!$responseMsg.IsCanceled) {         $response = $responseMsg.Result;         if ($response.IsSuccessStatusCode) {           $downloadedFileStream = [System.IO.FileStream]::new($target, [System.IO.FileMode]::Create, [System.IO.FileAccess]::Write);           $copyStreamOp = $response.Content.CopyToAsync($downloadedFileStream);           $copyStreamOp.Wait();           $downloadedFileStream.Close();           if ($copyStreamOp.Exception -ne $null) { throw $copyStreamOp.Exception }         }       } else {       Throw ("Failed to download " + $source)       }    } else {       $webClient = New-Object System.Net.WebClient;       $webClient.DownloadFile($source, $target);     }   }     setx /M PATH $('C:\git\cmd;C:\git\usr\bin;'+$Env:PATH+';C:\gcc\bin;C:\go\bin');     Write-Host INFO: Downloading git...;   $location='https://www.nuget.org/api/v2/package/GitForWindows/'+$Env:GIT_VERSION;   Download-File $location C:\gitsetup.zip;     Write-Host INFO: Downloading go...;   Download-File $('https://golang.org/dl/go'+$Env:GO_VERSION+'.windows-amd64.zip') C:\go.zip;     Write-Host INFO: Downloading compiler 1 of 3...;   Download-File https://raw.githubusercontent.com/jhowardmsft/docker-tdmgcc/master/gcc.zip C:\gcc.zip;     Write-Host INFO: Downloading compiler 2 of 3...;   Download-File https://raw.githubusercontent.com/jhowardmsft/docker-tdmgcc/master/runtime.zip C:\runtime.zip;     Write-Host INFO: Downloading compiler 3 of 3...;   Download-File https://raw.githubusercontent.com/jhowardmsft/docker-tdmgcc/master/binutils.zip C:\binutils.zip;     Write-Host INFO: Extracting git...;   Expand-Archive C:\gitsetup.zip C:\git-tmp;   New-Item -Type Directory C:\git | Out-Null;   Move-Item C:\git-tmp\tools\* C:\git\.;   Remove-Item -Recurse -Force C:\git-tmp;     Write-Host INFO: Expanding go...;   Expand-Archive C:\go.zip -DestinationPath C:\;     Write-Host INFO: Expanding compiler 1 of 3...;   Expand-Archive C:\gcc.zip -DestinationPath C:\gcc -Force;   Write-Host INFO: Expanding compiler 2 of 3...;   Expand-Archive C:\runtime.zip -DestinationPath C:\gcc -Force;   Write-Host INFO: Expanding compiler 3 of 3...;   Expand-Archive C:\binutils.zip -DestinationPath C:\gcc -Force;     Write-Host INFO: Removing downloaded files...;   Remove-Item C:\gcc.zip;   Remove-Item C:\runtime.zip;   Remove-Item C:\binutils.zip;   Remove-Item C:\gitsetup.zip;     Write-Host INFO: Creating source directory...;   New-Item -ItemType Directory -Path C:\go\src\github.com\docker\docker | Out-Null;     Write-Host INFO: Configuring git core.autocrlf...;   C:\git\cmd\git config --global core.autocrlf true;     Write-Host INFO: Completed
 ---> Using cache
 ---> 56a6b924c68f
Step 5/7 : ENTRYPOINT ["powershell.exe"]
 ---> Using cache
 ---> aeb2fa4e3293
Step 6/7 : WORKDIR C:\go\src\github.com\docker\docker
 ---> Using cache
 ---> 77d113512416
Step 7/7 : COPY . .
 ---> fad44f5f1653
Successfully built fad44f5f1653
Successfully tagged docker:latest
INFO: Image build ended at 01/09/2019 14:07:37. Duration:00:00:36.3531045


INFO: Building the test binaries at 01/09/2019 14:07:37...
INFO: make.ps1 starting at 01/09/2019 14:07:54
INFO: Git commit (cf4c4df873) assumed from DOCKER_GITCOMMIT environment variable
INFO: Invoking autogen...
INFO: Building daemon...
INFO: Downloading docker/cli version 17.06.0-ce from edge...

 ________   ____  __.
 \_____  \ |    |/ _|
 /   |   \|      <
 /    |    \    |  \
 \_______  /____|__ \
         \/        \/

INFO: make.ps1 ended at 01/09/2019 14:08:43
INFO: Binaries build ended at 01/09/2019 14:08:45. Duration:00:01:07.2157816
INFO: Copying the built daemon binary to d:\CI\CI-cf4c4df873\binary\dockerd-cf4c4df873.exe...
INFO: Copying the built client binary to d:\CI\CI-cf4c4df873\binary\docker-cf4c4df873.exe...
INFO: Copying dockerversion from the container...
INFO: Copying the golang package from the container to d:\CI\CI-cf4c4df873\installer\go.zip...
INFO: Extracting go.zip to d:\CI\CI-cf4c4df873\go
INFO: Extraction ended at 01/09/2019 14:09:08. Duration:00:00:21.6294001
INFO: Updating the golang and path environment variables
INFO: GOPATH=c:\gopath
INFO: go version go1.11.4 windows/amd64
INFO: Starting a daemon under test...
INFO: Args: -H tcp://0.0.0.0:2357 --data-root d:\CI\CI-cf4c4df873\daemon --pidfile d:\CI\CI-cf4c4df873\docker.pid
INFO: Process started successfully.
INFO: Waiting for the daemon under test to start...
INFO: Daemon under test started and replied!
INFO: Docker version of the daemon under test

Client:
 Version:      17.06.0-ce
 API version:  1.30
 Go version:   go1.8.3
 Git commit:   02c1d87
 Built:        Fri Jun 23 21:30:30 2017
 OS/Arch:      windows/amd64

Server:
 Version:      0.0.0-dev
 API version:  1.40 (minimum version 1.24)
 Go version:   go1.11.4
 Git commit:   cf4c4df873
 Built:        01/09/2019 14:07:54
 OS/Arch:      windows/amd64
 Experimental: false

INFO: Docker info of the daemon under test

Containers: 0
 Running: 0
 Paused: 0
 Stopped: 0
Images: 0
Server Version: 0.0.0-dev
Storage Driver: windowsfilter
 Windows: 
Logging Driver: json-file
Plugins: 
 Volume: local
 Network: ics l2bridge l2tunnel nat null overlay transparent
 Log: awslogs etwlogs fluentd gcplogs gelf json-file local logentries splunk syslog
Swarm: inactive
Default Isolation: process
Kernel Version: 10.0 14393 (14393.2312.amd64fre.rs1_release.180607-1919)
Operating System: Windows Server 2016 Datacenter Version 1607 (OS Build 14393.2312)
OSType: windows
Architecture: x86_64
CPUs: 4
Total Memory: 14GiB
Name: jenkins-rs1-8
ID: MKRV:P7UO:5MQN:BIXG:TZOP:7NUH:26XU:YANA:OVMO:UECK:HKSW:WJOG
Docker Root Dir: D:\CI\CI-cf4c4df873\daemon
Debug Mode (client): false
Debug Mode (server): false
Registry: https://index.docker.io/v1/
Labels:
Experimental: false
Insecure Registries:
 127.0.0.0/8
Live Restore Enabled: false


INFO: Docker images of the daemon under test

REPOSITORY          TAG                 IMAGE ID            CREATED             SIZE

INFO: Base image for tests is microsoft/windowsservercore
INFO: Loading windowsservercore .tar from disk into the daemon under test. This may take some time...
Loaded image: microsoft/windowsservercore:10.0.14393.2312
Loaded image: microsoft/windowsservercore:latest
INFO: docker load of windowsservercore  into daemon under test completed successfully
INFO: Version of microsoft/windowsservercore:latest is '10.0.14393.2312'
INFO: Running validation tests at 01/09/2019 14:12:13...
INFO: make.ps1 starting at 01/09/2019 14:12:13
INFO: Validating Developer Certificate of Origin...
Congratulations!  All commits are properly signed with the DCO!
INFO: Validating go formatting on changed files...
Checking api\types\swarm\runtime\plugin.pb.go
Checking daemon\cluster\controllers\plugin\controller.go
Checking plugin\defs.go
Congratulations!  All Go source files are properly formatted.
INFO: Validating pkg import isolation...
Congratulations!  ".\pkg\*.go" is safely isolated from internal code.
INFO: make.ps1 ended at 01/09/2019 14:12:14
INFO: Validation tests ended at 01/09/2019 14:12:14. Duration:00:00:01.3243460
INFO: Running unit tests at 01/09/2019 14:12:14...
INFO: make.ps1 starting at 01/09/2019 14:12:31
INFO: Git commit (cf4c4df873) assumed from DOCKER_GITCOMMIT environment variable
INFO: Invoking autogen...
INFO: Running unit tests...
?   	github.com/docker/docker/api	[no test files]
ok  	github.com/docker/docker/api/server	0.076s	coverage: 7.9% of statements
?   	github.com/docker/docker/api/server/backend/build	[no test files]
ok  	github.com/docker/docker/api/server/httputils	0.077s	coverage: 11.1% of statements
ok  	github.com/docker/docker/api/server/middleware	0.082s	coverage: 43.4% of statements
?   	github.com/docker/docker/api/server/router	[no test files]
?   	github.com/docker/docker/api/server/router/build	[no test files]
?   	github.com/docker/docker/api/server/router/checkpoint	[no test files]
?   	github.com/docker/docker/api/server/router/container	[no test files]
?   	github.com/docker/docker/api/server/router/debug	[no test files]
?   	github.com/docker/docker/api/server/router/distribution	[no test files]
?   	github.com/docker/docker/api/server/router/image	[no test files]
?   	github.com/docker/docker/api/server/router/network	[no test files]
?   	github.com/docker/docker/api/server/router/plugin	[no test files]
?   	github.com/docker/docker/api/server/router/session	[no test files]
?   	github.com/docker/docker/api/server/router/swarm	[no test files]
?   	github.com/docker/docker/api/server/router/system	[no test files]
?   	github.com/docker/docker/api/server/router/volume	[no test files]
?   	github.com/docker/docker/api/types	[no test files]
?   	github.com/docker/docker/api/types/backend	[no test files]
?   	github.com/docker/docker/api/types/blkiodev	[no test files]
?   	github.com/docker/docker/api/types/container	[no test files]
?   	github.com/docker/docker/api/types/events	[no test files]
ok  	github.com/docker/docker/api/types/filters	0.065s	coverage: 94.2% of statements
?   	github.com/docker/docker/api/types/image	[no test files]
?   	github.com/docker/docker/api/types/mount	[no test files]
?   	github.com/docker/docker/api/types/network	[no test files]
?   	github.com/docker/docker/api/types/plugins/logdriver	[no test files]
?   	github.com/docker/docker/api/types/registry	[no test files]
ok  	github.com/docker/docker/api/types/strslice	0.052s	coverage: 90.0% of statements
?   	github.com/docker/docker/api/types/swarm	[no test files]
?   	github.com/docker/docker/api/types/swarm/runtime	[no test files]
ok  	github.com/docker/docker/api/types/time	0.178s	coverage: 100.0% of statements
ok  	github.com/docker/docker/api/types/versions	0.090s	coverage: 75.0% of statements
?   	github.com/docker/docker/api/types/versions/v1p19	[no test files]
?   	github.com/docker/docker/api/types/versions/v1p20	[no test files]
?   	github.com/docker/docker/api/types/volume	[no test files]
?   	github.com/docker/docker/autogen/winresources/docker	[no test files]
?   	github.com/docker/docker/autogen/winresources/dockerd	[no test files]
?   	github.com/docker/docker/builder	[no test files]
?   	github.com/docker/docker/builder/builder-next	[no test files]
?   	github.com/docker/docker/builder/builder-next/adapters/containerimage	[no test files]
?   	github.com/docker/docker/builder/builder-next/adapters/snapshot	[no test files]
?   	github.com/docker/docker/builder/builder-next/exporter	[no test files]
?   	github.com/docker/docker/builder/builder-next/imagerefchecker	[no test files]
?   	github.com/docker/docker/builder/builder-next/worker	[no test files]
ok  	github.com/docker/docker/builder/dockerfile	0.205s	coverage: 43.2% of statements
ok  	github.com/docker/docker/builder/dockerignore	0.076s	coverage: 96.8% of statements
ok  	github.com/docker/docker/builder/fscache	0.350s	coverage: 69.2% of statements
ok  	github.com/docker/docker/builder/remotecontext	0.414s	coverage: 9.3% of statements
ok  	github.com/docker/docker/builder/remotecontext/git	61.789s	coverage: 78.8% of statements
?   	github.com/docker/docker/cli	[no test files]
?   	github.com/docker/docker/cli/config	[no test files]
ok  	github.com/docker/docker/cli/debug	0.068s	coverage: 100.0% of statements
ok  	github.com/docker/docker/client	0.235s	coverage: 75.0% of statements
ok  	github.com/docker/docker/cmd/dockerd	0.124s	coverage: 18.0% of statements
ok  	github.com/docker/docker/container	0.321s	coverage: 42.8% of statements
?   	github.com/docker/docker/container/stream	[no test files]
?   	github.com/docker/docker/contrib/apparmor	[no test files]
?   	github.com/docker/docker/contrib/docker-device-tool	[no test files]
?   	github.com/docker/docker/contrib/httpserver	[no test files]
ok  	github.com/docker/docker/daemon	2.354s	coverage: 8.3% of statements
ok  	github.com/docker/docker/daemon/cluster	0.237s	coverage: 0.5% of statements
ok  	github.com/docker/docker/daemon/cluster/controllers/plugin	0.154s	coverage: 65.3% of statements
ok  	github.com/docker/docker/daemon/cluster/convert	0.206s	coverage: 28.0% of statements
?   	github.com/docker/docker/daemon/cluster/executor	[no test files]
ok  	github.com/docker/docker/daemon/cluster/executor/container	0.691s	coverage: 9.9% of statements
?   	github.com/docker/docker/daemon/cluster/provider	[no test files]
ok  	github.com/docker/docker/daemon/config	0.370s	coverage: 81.8% of statements
ok  	github.com/docker/docker/daemon/discovery	0.091s	coverage: 30.4% of statements
ok  	github.com/docker/docker/daemon/events	0.277s	coverage: 50.0% of statements
?   	github.com/docker/docker/daemon/events/testutils	[no test files]
?   	github.com/docker/docker/daemon/exec	[no test files]
ok  	github.com/docker/docker/daemon/graphdriver	0.167s	coverage: 2.3% of statements
?   	github.com/docker/docker/daemon/graphdriver/btrfs	[no test files]
?   	github.com/docker/docker/daemon/graphdriver/devmapper	[no test files]
?   	github.com/docker/docker/daemon/graphdriver/graphtest	[no test files]
?   	github.com/docker/docker/daemon/graphdriver/lcow	[no test files]
?   	github.com/docker/docker/daemon/graphdriver/overlay	[no test files]
?   	github.com/docker/docker/daemon/graphdriver/overlay2	[no test files]
?   	github.com/docker/docker/daemon/graphdriver/quota	[no test files]
?   	github.com/docker/docker/daemon/graphdriver/register	[no test files]
?   	github.com/docker/docker/daemon/graphdriver/vfs	[no test files]
?   	github.com/docker/docker/daemon/graphdriver/windows	[no test files]
?   	github.com/docker/docker/daemon/graphdriver/zfs	[no test files]
ok  	github.com/docker/docker/daemon/images	0.177s	coverage: 4.9% of statements
?   	github.com/docker/docker/daemon/initlayer	[no test files]
ok  	github.com/docker/docker/daemon/links	0.133s	coverage: 93.0% of statements
?   	github.com/docker/docker/daemon/listeners	[no test files]
ok  	github.com/docker/docker/daemon/logger	0.310s	coverage: 44.0% of statements
ok  	github.com/docker/docker/daemon/logger/awslogs	0.233s	coverage: 78.6% of statements
?   	github.com/docker/docker/daemon/logger/etwlogs	[no test files]
?   	github.com/docker/docker/daemon/logger/fluentd	[no test files]
?   	github.com/docker/docker/daemon/logger/gcplogs	[no test files]
?   	github.com/docker/docker/daemon/logger/gelf	[no test files]
?   	github.com/docker/docker/daemon/logger/journald	[no test files]
ok  	github.com/docker/docker/daemon/logger/jsonfilelog	0.159s	coverage: 62.1% of statements
ok  	github.com/docker/docker/daemon/logger/jsonfilelog/jsonlog	0.139s	coverage: 88.3% of statements
ok  	github.com/docker/docker/daemon/logger/local	0.184s	coverage: 74.7% of statements
?   	github.com/docker/docker/daemon/logger/logentries	[no test files]
ok  	github.com/docker/docker/daemon/logger/loggerutils	0.097s	coverage: 18.1% of statements
ok  	github.com/docker/docker/daemon/logger/splunk	1.656s	coverage: 84.5% of statements
ok  	github.com/docker/docker/daemon/logger/syslog	0.083s	coverage: 47.8% of statements
ok  	github.com/docker/docker/daemon/logger/templates	0.083s	coverage: 8.3% of statements
?   	github.com/docker/docker/daemon/names	[no test files]
?   	github.com/docker/docker/daemon/network	[no test files]
?   	github.com/docker/docker/daemon/stats	[no test files]
ok  	github.com/docker/docker/distribution	3.266s	coverage: 15.6% of statements
ok  	github.com/docker/docker/distribution/metadata	1.474s	coverage: 48.2% of statements
?   	github.com/docker/docker/distribution/utils	[no test files]
ok  	github.com/docker/docker/distribution/xfer	1.856s	coverage: 62.7% of statements
?   	github.com/docker/docker/dockerversion	[no test files]
ok  	github.com/docker/docker/errdefs	0.067s	coverage: 76.0% of statements
ok  	github.com/docker/docker/hack/integration-cli-on-swarm/agent/master	0.098s	coverage: 11.3% of statements
?   	github.com/docker/docker/hack/integration-cli-on-swarm/agent/types	[no test files]
?   	github.com/docker/docker/hack/integration-cli-on-swarm/agent/worker	[no test files]
ok  	github.com/docker/docker/hack/integration-cli-on-swarm/host	0.094s	coverage: 3.6% of statements
ok  	github.com/docker/docker/image	0.441s	coverage: 86.3% of statements
ok  	github.com/docker/docker/image/cache	0.221s	coverage: 19.2% of statements
?   	github.com/docker/docker/image/tarexport	[no test files]
ok  	github.com/docker/docker/image/v1	0.091s	coverage: 25.0% of statements
?   	github.com/docker/docker/internal/test	[no test files]
?   	github.com/docker/docker/internal/test/daemon	[no test files]
?   	github.com/docker/docker/internal/test/environment	[no test files]
?   	github.com/docker/docker/internal/test/fakecontext	[no test files]
?   	github.com/docker/docker/internal/test/fakegit	[no test files]
?   	github.com/docker/docker/internal/test/fakestorage	[no test files]
?   	github.com/docker/docker/internal/test/fixtures/load	[no test files]
?   	github.com/docker/docker/internal/test/fixtures/plugin	[no test files]
?   	github.com/docker/docker/internal/test/fixtures/plugin/basic	[no test files]
?   	github.com/docker/docker/internal/test/registry	[no test files]
?   	github.com/docker/docker/internal/test/request	[no test files]
ok  	github.com/docker/docker/internal/testutil	0.086s	coverage: 62.5% of statements
ok  	github.com/docker/docker/layer	0.263s	coverage: 28.2% of statements
ok  	github.com/docker/docker/libcontainerd	0.095s	coverage: 3.7% of statements
?   	github.com/docker/docker/libcontainerd/supervisor	[no test files]
?   	github.com/docker/docker/oci	[no test files]
?   	github.com/docker/docker/oci/caps	[no test files]
ok  	github.com/docker/docker/opts	0.123s	coverage: 68.7% of statements
ok  	github.com/docker/docker/pkg/aaparser	0.074s	coverage: 50.0% of statements
ok  	github.com/docker/docker/pkg/archive	6.867s	coverage: 62.2% of statements
ok  	github.com/docker/docker/pkg/authorization	0.369s	coverage: 26.2% of statements
ok  	github.com/docker/docker/pkg/broadcaster	0.076s	coverage: 100.0% of statements
ok  	github.com/docker/docker/pkg/chrootarchive	0.158s	coverage: 13.3% of statements
?   	github.com/docker/docker/pkg/containerfs	[no test files]
?   	github.com/docker/docker/pkg/devicemapper	[no test files]
ok  	github.com/docker/docker/pkg/directory	0.116s	coverage: 80.0% of statements
ok  	github.com/docker/docker/pkg/discovery	0.067s	coverage: 58.3% of statements
ok  	github.com/docker/docker/pkg/discovery/file	0.085s	coverage: 92.9% of statements
ok  	github.com/docker/docker/pkg/discovery/kv	3.139s	coverage: 84.1% of statements
ok  	github.com/docker/docker/pkg/discovery/memory	0.065s	coverage: 92.3% of statements
ok  	github.com/docker/docker/pkg/discovery/nodes	0.069s	coverage: 93.8% of statements
ok  	github.com/docker/docker/pkg/filenotify	0.048s	coverage: 38.2% of statements
ok  	github.com/docker/docker/pkg/fileutils	0.078s	coverage: 87.7% of statements
ok  	github.com/docker/docker/pkg/homedir	0.049s	coverage: 75.0% of statements
?   	github.com/docker/docker/pkg/idtools	[no test files]
ok  	github.com/docker/docker/pkg/ioutils	0.386s	coverage: 69.1% of statements
ok  	github.com/docker/docker/pkg/jsonmessage	0.121s	coverage: 88.3% of statements
ok  	github.com/docker/docker/pkg/locker	0.070s	coverage: 88.9% of statements
ok  	github.com/docker/docker/pkg/longpath	0.050s	coverage: 100.0% of statements
?   	github.com/docker/docker/pkg/mount	[no test files]
ok  	github.com/docker/docker/pkg/namesgenerator	0.083s	coverage: 85.7% of statements
?   	github.com/docker/docker/pkg/namesgenerator/cmd/names-generator	[no test files]
ok  	github.com/docker/docker/pkg/parsers	0.090s	coverage: 97.0% of statements
?   	github.com/docker/docker/pkg/parsers/kernel	[no test files]
?   	github.com/docker/docker/pkg/parsers/operatingsystem	[no test files]
ok  	github.com/docker/docker/pkg/pidfile	0.077s	coverage: 82.6% of statements
?   	github.com/docker/docker/pkg/platform	[no test files]
?   	github.com/docker/docker/pkg/plugingetter	[no test files]
ok  	github.com/docker/docker/pkg/plugins	34.960s	coverage: 73.6% of statements
ok  	github.com/docker/docker/pkg/plugins/pluginrpc-gen	0.077s	coverage: 56.8% of statements
?   	github.com/docker/docker/pkg/plugins/pluginrpc-gen/fixtures	[no test files]
?   	github.com/docker/docker/pkg/plugins/pluginrpc-gen/fixtures/otherfixture	[no test files]
ok  	github.com/docker/docker/pkg/plugins/transport	0.067s	coverage: 85.7% of statements
ok  	github.com/docker/docker/pkg/pools	0.060s	coverage: 87.9% of statements
ok  	github.com/docker/docker/pkg/progress	0.064s	coverage: 75.9% of statements
ok  	github.com/docker/docker/pkg/pubsub	1.082s	coverage: 72.7% of statements
ok  	github.com/docker/docker/pkg/reexec	0.112s	coverage: 82.4% of statements
ok  	github.com/docker/docker/pkg/signal	0.044s	coverage: 20.3% of statements
?   	github.com/docker/docker/pkg/signal/testfiles	[no test files]
ok  	github.com/docker/docker/pkg/stdcopy	0.048s	coverage: 100.0% of statements
ok  	github.com/docker/docker/pkg/streamformatter	0.043s	coverage: 66.2% of statements
ok  	github.com/docker/docker/pkg/stringid	0.047s	coverage: 76.0% of statements
?   	github.com/docker/docker/pkg/symlink	[no test files]
ok  	github.com/docker/docker/pkg/sysinfo	0.056s	coverage: 38.2% of statements
ok  	github.com/docker/docker/pkg/system	0.061s	coverage: 12.7% of statements
ok  	github.com/docker/docker/pkg/tailfile	0.126s	coverage: 88.6% of statements
ok  	github.com/docker/docker/pkg/tarsum	0.162s	coverage: 89.3% of statements
ok  	github.com/docker/docker/pkg/term	0.049s	coverage: 30.8% of statements
ok  	github.com/docker/docker/pkg/term/windows	0.051s	coverage: 0.0% of statements [no tests to run]
ok  	github.com/docker/docker/pkg/truncindex	0.142s	coverage: 91.5% of statements
ok  	github.com/docker/docker/pkg/urlutil	0.045s	coverage: 100.0% of statements
ok  	github.com/docker/docker/pkg/useragent	0.044s	coverage: 88.9% of statements
ok  	github.com/docker/docker/plugin	0.085s	coverage: 11.6% of statements
ok  	github.com/docker/docker/plugin/executor/containerd	0.049s	coverage: 33.3% of statements
ok  	github.com/docker/docker/plugin/v2	0.051s	coverage: 20.1% of statements
ok  	github.com/docker/docker/reference	0.140s	coverage: 84.4% of statements
ok  	github.com/docker/docker/registry	0.176s	coverage: 51.3% of statements
ok  	github.com/docker/docker/registry/resumable	0.174s	coverage: 100.0% of statements
ok  	github.com/docker/docker/restartmanager	0.050s	coverage: 47.1% of statements
ok  	github.com/docker/docker/runconfig	0.051s	coverage: 54.5% of statements
?   	github.com/docker/docker/runconfig/opts	[no test files]
?   	github.com/docker/docker/volume	[no test files]
ok  	github.com/docker/docker/volume/drivers	0.064s	coverage: 36.1% of statements
ok  	github.com/docker/docker/volume/local	0.073s	coverage: 37.7% of statements
ok  	github.com/docker/docker/volume/mounts	0.077s	coverage: 66.3% of statements
ok  	github.com/docker/docker/volume/service	0.232s	coverage: 70.3% of statements
?   	github.com/docker/docker/volume/service/opts	[no test files]
?   	github.com/docker/docker/volume/testutils	[no test files]
INFO: make.ps1 ended at 01/09/2019 14:15:31
INFO: Unit tests ended at 01/09/2019 14:15:33. Duration:00:03:19.1341023
INFO: Building busybox
Downloading build context from remote url: https://raw.githubusercontent.com/jhowardmsft/busybox/v1.1/Dockerfile     701B
Downloading build context from remote url: https://raw.githubusercontent.com/jhowardmsft/busybox/v1.1/Dockerfile     701B

Sending build context to Docker daemon   2.56kB

Step 1/6 : FROM microsoft/windowsservercore
 ---> eb1805404161
Step 2/6 : RUN mkdir C:\tmp && mkdir C:\bin
 ---> Running in 067ca05f423d
Removing intermediate container 067ca05f423d
 ---> bb199f1ab4b8
Step 3/6 : ADD http://frippery.org/files/busybox/busybox.exe /bin/

 ---> 8410e38883bd
Step 4/6 : RUN setx /M PATH "C:\bin;%PATH%"
 ---> Running in b5829db6e7c2

SUCCESS: Specified value was saved.
Removing intermediate container b5829db6e7c2
 ---> eb6a4f31953f
Step 5/6 : RUN powershell busybox.exe --list ^|%{$nul = cmd /c mklink C:\bin\$_.exe busybox.exe}
 ---> Running in 47ca4475e280
Cannot create a file when that file already exists.
Removing intermediate container 47ca4475e280
 ---> f6605aa78ca8
Step 6/6 : CMD ["sh"]
 ---> Running in 64964d6edd7f
Removing intermediate container 64964d6edd7f
 ---> 5bd56e6a3f92
Successfully built 5bd56e6a3f92
Successfully tagged busybox:latest
INFO: Docker images of the daemon under test

REPOSITORY                    TAG                 IMAGE ID            CREATED                  SIZE
busybox                       latest              5bd56e6a3f92        Less than a second ago   7.19GB
microsoft/windowsservercore   10.0.14393.2312     eb1805404161        7 months ago             7.15GB
microsoft/windowsservercore   latest              eb1805404161        7 months ago             7.15GB

INFO: Running integration tests at 01/09/2019 14:16:37...
INFO: Integration tests being run from the host:
INFO: go test "-check.v" "-tags" "autogen" "-check.timeout" "10m" "-test.timeout" "200m" 
INFO: DOCKER_HOST at tcp://127.0.0.1:2357
INFO: Windows Base image is  microsoft/windowsservercore
INFO: Testing against a local daemon
PASS: docker_api_test.go:36: DockerSuite.TestAPIClientVersionOldNotSupported	0.001s
SKIP: docker_api_network_test.go:239: DockerSuite.TestAPICreateDeletePredefinedNetworks (unmatched requirement DaemonIsLinux)
PASS: docker_api_test.go:60: DockerSuite.TestAPIErrorJSON	0.003s
PASS: docker_api_test.go:91: DockerSuite.TestAPIErrorNotFoundJSON	0.001s
PASS: docker_api_test.go:102: DockerSuite.TestAPIErrorNotFoundPlainText	0.001s
SKIP: docker_api_test.go:74: DockerSuite.TestAPIErrorPlainText (unmatched requirement DaemonIsLinux)
PASS: docker_api_test.go:24: DockerSuite.TestAPIGetEnabledCORS	0.001s
PASS: docker_api_images_test.go:90: DockerSuite.TestAPIImagesDelete	1.129s
PASS: docker_api_images_test.go:22: DockerSuite.TestAPIImagesFilter	0.237s
PASS: docker_api_images_test.go:114: DockerSuite.TestAPIImagesHistory	0.870s
PASS: docker_api_images_test.go:140: DockerSuite.TestAPIImagesImportBadSrc	0.352s
PASS: docker_api_images_test.go:60: DockerSuite.TestAPIImagesSaveAndLoad	201.260s
PASS: docker_api_images_test.go:175: DockerSuite.TestAPIImagesSearchJSONContentType	0.755s
PASS: docker_api_images_test.go:187: DockerSuite.TestAPIImagesSizeCompatibility	0.010s
SKIP: docker_api_network_test.go:129: DockerSuite.TestAPINetworkConnectDisconnect (unmatched requirement DaemonIsLinux)
SKIP: docker_api_network_test.go:29: DockerSuite.TestAPINetworkCreateCheckDuplicate (unmatched requirement DaemonIsLinux)
SKIP: docker_api_network_test.go:67: DockerSuite.TestAPINetworkFilter (unmatched requirement DaemonIsLinux)
SKIP: docker_api_network_test.go:20: DockerSuite.TestAPINetworkGetDefaults (unmatched requirement DaemonIsLinux)
SKIP: docker_api_network_test.go:170: DockerSuite.TestAPINetworkIPAMMultipleBridgeNetworks (unmatched requirement DaemonIsLinux)
SKIP: docker_api_network_test.go:73: DockerSuite.TestAPINetworkInspectBridge (unmatched requirement DaemonIsLinux)
SKIP: docker_api_network_test.go:98: DockerSuite.TestAPINetworkInspectUserDefinedNetwork (unmatched requirement DaemonIsLinux)
PASS: docker_api_test.go:18: DockerSuite.TestAPIOptionsRoute	0.001s
SKIP: docker_api_stats_test.go:263: DockerSuite.TestAPIStatsContainerNotFound (unmatched requirement DaemonIsLinux)
PASS: docker_api_stats_test.go:99: DockerSuite.TestAPIStatsNetworkStats	15.791s
SKIP: docker_api_stats_test.go:166: DockerSuite.TestAPIStatsNetworkStatsVersioning (unmatched requirement DaemonIsLinux)
SKIP: docker_api_stats_test.go:277: DockerSuite.TestAPIStatsNoStreamConnectedContainers (unmatched requirement DaemonIsLinux)
PASS: docker_api_stats_test.go:25: DockerSuite.TestAPIStatsNoStreamGetCpu	14.138s
PASS: docker_api_stats_test.go:64: DockerSuite.TestAPIStatsStoppedContainerInGoroutines	11.779s
SKIP: docker_cli_run_test.go:3181: DockerSuite.TestAppArmorDeniesChmodProc (unmatched requirement Apparmor)
SKIP: docker_cli_run_test.go:3159: DockerSuite.TestAppArmorDeniesPtrace (unmatched requirement Apparmor)
SKIP: docker_cli_run_test.go:3171: DockerSuite.TestAppArmorTraceSelf (unmatched requirement DaemonIsLinux)
SKIP: docker_cli_attach_test.go:135: DockerSuite.TestAttachDisconnect (unmatched requirement DaemonIsLinux)
PASS: docker_cli_attach_test.go:20: DockerSuite.TestAttachMultipleAndRestart	13.202s
SKIP: docker_cli_attach_test.go:168: DockerSuite.TestAttachPausedContainer (unmatched requirement IsPausable)
SKIP: docker_cli_attach_test.go:90: DockerSuite.TestAttachTTYWithoutStdin (unmatched requirement DaemonIsLinux)
PASS: docker_api_build_test.go:160: DockerSuite.TestBuildAPIBuildGitWithF	18.611s
PASS: docker_api_build_test.go:26: DockerSuite.TestBuildAPIDockerFileRemote	111.087s
SKIP: docker_api_build_test.go:181: DockerSuite.TestBuildAPIDoubleDockerfile (unmatched requirement UnixCli)
PASS: docker_api_build_test.go:142: DockerSuite.TestBuildAPILowerDockerfile	17.727s
PASS: docker_api_build_test.go:57: DockerSuite.TestBuildAPIRemoteTarballContext	0.005s
PASS: docker_api_build_test.go:88: DockerSuite.TestBuildAPIRemoteTarballContextWithCustomDockerfile	16.856s
PASS: docker_api_build_test.go:203: DockerSuite.TestBuildAPIUnnormalizedTarPaths	1.431s
SKIP: docker_cli_build_test.go:573: DockerSuite.TestBuildAddAndCopyFileWithWhitespace (unmatched requirement DaemonIsLinux)
SKIP: docker_cli_build_test.go:926: DockerSuite.TestBuildAddBadLinks (unmatched requirement DaemonIsLinux)
SKIP: docker_cli_build_test.go:1006: DockerSuite.TestBuildAddBadLinksVolume (unmatched requirement DaemonIsLinux)
PASS: docker_cli_build_test.go:2885: DockerSuite.TestBuildAddBrokenTar	0.191s
PASS: docker_api_build_test.go:479: DockerSuite.TestBuildAddCacheOnFileChange	1.450s
PASS: docker_cli_build_test.go:1863: DockerSuite.TestBuildAddCurrentDirWithCache	4.379s
PASS: docker_cli_build_test.go:1910: DockerSuite.TestBuildAddCurrentDirWithoutCache	2.445s
SKIP: docker_cli_build_test.go:751: DockerSuite.TestBuildAddDirContentToExistingDir (unmatched requirement DaemonIsLinux)
SKIP: docker_cli_build_test.go:737: DockerSuite.TestBuildAddDirContentToRoot (unmatched requirement DaemonIsLinux)
PASS: docker_cli_build_test.go:2189: DockerSuite.TestBuildAddFileNotFound	0.084s
PASS: docker_cli_build_test.go:1997: DockerSuite.TestBuildAddLocalAndRemoteFilesWithAndWithoutCache	4.663s
PASS: docker_cli_build_test.go:1807: DockerSuite.TestBuildAddMultipleLocalFileWithAndWithoutCache	38.786s
PASS: docker_cli_build_test.go:2936: DockerSuite.TestBuildAddNonTar	18.342s
PASS: docker_cli_build_test.go:785: DockerSuite.TestBuildAddOrCopyEtcToRootShouldNotConflict	1.604s
SKIP: docker_cli_build_test.go:797: DockerSuite.TestBuildAddPreservesFilesSpecialBits (unmatched requirement DaemonIsLinux)
PASS: docker_cli_build_test.go:1954: DockerSuite.TestBuildAddRemoteFileMTime	4.029s
PASS: docker_cli_build_test.go:1929: DockerSuite.TestBuildAddRemoteFileWithAndWithoutCache	2.500s
PASS: docker_api_build_test.go:364: DockerSuite.TestBuildAddRemoteNoDecompress	17.409s
SKIP: docker_cli_build_test.go:2815: DockerSuite.TestBuildAddScript (unmatched requirement DaemonIsLinux)
SKIP: docker_cli_build_test.go:505: DockerSuite.TestBuildAddSingleFileToExistDir (unmatched requirement DaemonIsLinux)
SKIP: docker_cli_build_test.go:722: DockerSuite.TestBuildAddSingleFileToNonExistingDir (unmatched requirement DaemonIsLinux)
SKIP: docker_cli_build_test.go:466: DockerSuite.TestBuildAddSingleFileToRoot (unmatched requirement DaemonIsLinux)
PASS: docker_cli_build_test.go:482: DockerSuite.TestBuildAddSingleFileToWorkdir	0.767s
PASS: docker_cli_build_test.go:2831: DockerSuite.TestBuildAddTar	128.357s
SKIP: docker_cli_build_test.go:2949: DockerSuite.TestBuildAddTarXz (unmatched requirement DaemonIsLinux)
SKIP: docker_cli_build_test.go:2998: DockerSuite.TestBuildAddTarXzGz (unmatched requirement DaemonIsLinux)
PASS: docker_cli_build_test.go:2245: DockerSuite.TestBuildAddToSymlinkDest	69.562s
SKIP: docker_cli_build_test.go:767: DockerSuite.TestBuildAddWholeDirToRoot (unmatched requirement DaemonIsLinux)
PASS: docker_cli_build_test.go:1440: DockerSuite.TestBuildBlankName	0.202s
PASS: docker_cli_build_test.go:4089: DockerSuite.TestBuildBuildTimeArg	31.402s
SKIP: docker_cli_build_test.go:4461: DockerSuite.TestBuildBuildTimeArgBuiltinArg (unmatched requirement DaemonIsLinux)
PASS: docker_cli_build_test.go:4183: DockerSuite.TestBuildBuildTimeArgCacheHit	16.418s
PASS: docker_cli_build_test.go:4207: DockerSuite.TestBuildBuildTimeArgCacheMissExtraArg	32.671s
PASS: docker_cli_build_test.go:4238: DockerSuite.TestBuildBuildTimeArgCacheMissSameArgDiffVal	32.272s
SKIP: docker_cli_build_test.go:4484: DockerSuite.TestBuildBuildTimeArgDefaultOverride (unmatched requirement DaemonIsLinux)
PASS: docker_cli_build_test.go:4623: DockerSuite.TestBuildBuildTimeArgDefinitionWithNoEnvInjection	18.329s
SKIP: docker_cli_build_test.go:4607: DockerSuite.TestBuildBuildTimeArgEmptyValVariants (unmatched requirement DaemonIsLinux)
SKIP: docker_cli_build_test.go:4526: DockerSuite.TestBuildBuildTimeArgEnv (unmatched requirement DaemonIsLinux)
PASS: docker_cli_build_test.go:4319: DockerSuite.TestBuildBuildTimeArgExpansion	10.654s
SKIP: docker_cli_build_test.go:4409: DockerSuite.TestBuildBuildTimeArgExpansionOverride (unmatched requirement DaemonIsLinux)
PASS: docker_cli_build_test.go:4122: DockerSuite.TestBuildBuildTimeArgHistory	0.849s
SKIP: docker_cli_build_test.go:4263: DockerSuite.TestBuildBuildTimeArgOverrideArgDefinedBeforeEnv (unmatched requirement DaemonIsLinux)
SKIP: docker_cli_build_test.go:4292: DockerSuite.TestBuildBuildTimeArgOverrideEnvDefinedBeforeArg (unmatched requirement DaemonIsLinux)
PASS: docker_cli_build_test.go:4586: DockerSuite.TestBuildBuildTimeArgQuotedValVariants	90.185s
PASS: docker_cli_build_test.go:4510: DockerSuite.TestBuildBuildTimeArgUnconsumedArg	16.723s
SKIP: docker_cli_build_test.go:4437: DockerSuite.TestBuildBuildTimeArgUntrustedDefinedAfterUse (unmatched requirement DaemonIsLinux)
SKIP: docker_cli_build_test.go:371: DockerSuite.TestBuildCacheAdd (unmatched requirement DaemonIsLinux)
PASS: docker_cli_build_test.go:4760: DockerSuite.TestBuildCacheBrokenSymlink	1.616s
SKIP: docker_cli_build_test.go:5411: DockerSuite.TestBuildCacheFrom (unmatched requirement DaemonIsLinux)
PASS: docker_cli_build_test.go:5389: DockerSuite.TestBuildCacheFromEqualDiffIDsLength	16.412s
PASS: docker_cli_build_test.go:4872: DockerSuite.TestBuildCacheRootSource	1.622s
SKIP: docker_api_build_test.go:408: DockerSuite.TestBuildChownOnCopy (unmatched requirement DaemonIsLinux)
SKIP: docker_cli_build_test.go:3574: DockerSuite.TestBuildChownSingleFile (unmatched requirement UnixCli)
PASS: docker_cli_build_test.go:3137: DockerSuite.TestBuildCleanupCmdOnEntrypoint	2.452s
PASS: docker_cli_build_test.go:3156: DockerSuite.TestBuildClearCmd	1.579s
PASS: docker_cli_build_test.go:1577: DockerSuite.TestBuildCmd	0.899s
PASS: docker_cli_build_test.go:3240: DockerSuite.TestBuildCmdJSONNoShDashC	0.911s
PASS: docker_cli_build_test.go:3199: DockerSuite.TestBuildCmdShDashC	0.873s
PASS: docker_cli_build_test.go:5339: DockerSuite.TestBuildCmdShellArgsEscaped	15.223s
PASS: docker_cli_build_test.go:3214: DockerSuite.TestBuildCmdSpaces	3.404s
SKIP: docker_cli_build_test.go:2645: DockerSuite.TestBuildCommentsShebangs (unmatched requirement DaemonIsLinux)
PASS: docker_cli_build_test.go:1773: DockerSuite.TestBuildConditionalCache	1.872s
PASS: docker_cli_build_test.go:5600: DockerSuite.TestBuildContChar	50.233s
SKIP: docker_cli_build_test.go:3973: DockerSuite.TestBuildContainerWithCgroupParent (unmatched requirement DaemonIsLinux)
PASS: docker_cli_build_test.go:1512: DockerSuite.TestBuildContextCleanup	0.801s
PASS: docker_cli_build_test.go:1534: DockerSuite.TestBuildContextCleanupFailedBuild	13.977s
PASS: docker_cli_build_test.go:2045: DockerSuite.TestBuildContextTarGzip	1.543s
PASS: docker_cli_build_test.go:2049: DockerSuite.TestBuildContextTarNoCompression	0.795s
SKIP: docker_cli_build_test.go:521: DockerSuite.TestBuildCopyAddMultipleFiles (unmatched requirement DaemonIsLinux)
PASS: docker_api_build_test.go:438: DockerSuite.TestBuildCopyCacheOnFileChange	1.413s
PASS: docker_cli_build_test.go:1839: DockerSuite.TestBuildCopyDirButNotFile	0.990s
SKIP: docker_cli_build_test.go:893: DockerSuite.TestBuildCopyDirContentToExistDir (unmatched requirement DaemonIsLinux)
SKIP: docker_cli_build_test.go:879: DockerSuite.TestBuildCopyDirContentToRoot (unmatched requirement DaemonIsLinux)
PASS: docker_cli_build_test.go:6024: DockerSuite.TestBuildCopyFileDotWithWorkdir	18.567s
PASS: docker_cli_build_test.go:606: DockerSuite.TestBuildCopyFileWithWhitespaceOnWindows	135.722s
PASS: docker_cli_build_test.go:5897: DockerSuite.TestBuildCopyFromForbidWindowsRelativePaths	0.905s
PASS: docker_cli_build_test.go:5880: DockerSuite.TestBuildCopyFromForbidWindowsSystemPaths	0.708s
PASS: docker_cli_build_test.go:5915: DockerSuite.TestBuildCopyFromWindowsIsCaseInsensitive	16.978s
SKIP: docker_cli_build_test.go:848: DockerSuite.TestBuildCopySingleFileToExistDir (unmatched requirement DaemonIsLinux)
SKIP: docker_cli_build_test.go:864: DockerSuite.TestBuildCopySingleFileToNonExistDir (unmatched requirement DaemonIsLinux)
SKIP: docker_cli_build_test.go:810: DockerSuite.TestBuildCopySingleFileToRoot (unmatched requirement DaemonIsLinux)
PASS: docker_cli_build_test.go:826: DockerSuite.TestBuildCopySingleFileToWorkdir	0.796s
SKIP: docker_cli_build_test.go:909: DockerSuite.TestBuildCopyWholeDirToRoot (unmatched requirement DaemonIsLinux)
PASS: docker_cli_build_test.go:636: DockerSuite.TestBuildCopyWildcard	89.024s
PASS: docker_cli_build_test.go:696: DockerSuite.TestBuildCopyWildcardCache	0.986s
SKIP: docker_cli_build_test.go:676: DockerSuite.TestBuildCopyWildcardInName (unmatched requirement DaemonIsLinux)
PASS: docker_cli_build_test.go:5140: DockerSuite.TestBuildDeleteCommittedFile	68.666s
PASS: docker_cli_build_test.go:2068: DockerSuite.TestBuildDockerfileStdin	1.538s
PASS: docker_cli_build_test.go:2088: DockerSuite.TestBuildDockerfileStdinConflict	0.070s
PASS: docker_cli_build_test.go:2102: DockerSuite.TestBuildDockerfileStdinDockerignore	15.252s
PASS: docker_cli_build_test.go:2106: DockerSuite.TestBuildDockerfileStdinDockerignoreIgnored	15.066s
PASS: docker_cli_build_test.go:2098: DockerSuite.TestBuildDockerfileStdinNoExtraFiles	14.927s
PASS: docker_cli_build_test.go:2296: DockerSuite.TestBuildDockerignore	192.018s
PASS: docker_cli_build_test.go:2334: DockerSuite.TestBuildDockerignoreCleanPaths	18.316s
SKIP: docker_cli_build_test.go:5150: DockerSuite.TestBuildDockerignoreComment (unmatched requirement DaemonIsLinux)
PASS: docker_cli_build_test.go:2348: DockerSuite.TestBuildDockerignoreExceptions	209.694s
PASS: docker_cli_build_test.go:2445: DockerSuite.TestBuildDockerignoreTouchDockerfile	1.349s
PASS: docker_cli_build_test.go:2521: DockerSuite.TestBuildDockerignoringBadExclusion	0.073s
PASS: docker_cli_build_test.go:2393: DockerSuite.TestBuildDockerignoringDockerfile	70.328s
PASS: docker_cli_build_test.go:2432: DockerSuite.TestBuildDockerignoringDockerignore	34.885s
PASS: docker_cli_build_test.go:2504: DockerSuite.TestBuildDockerignoringOnlyDotfiles	36.515s
PASS: docker_cli_build_test.go:2411: DockerSuite.TestBuildDockerignoringRenamedDockerfile	105.994s
PASS: docker_cli_build_test.go:2487: DockerSuite.TestBuildDockerignoringWholeDir	34.922s
PASS: docker_cli_build_test.go:2560: DockerSuite.TestBuildDockerignoringWildDirs	34.000s
PASS: docker_cli_build_test.go:2538: DockerSuite.TestBuildDockerignoringWildTopDir	287.913s
PASS: docker_cli_build_test.go:3944: DockerSuite.TestBuildDotDotFile	0.089s
SKIP: docker_cli_build_test.go:2634: DockerSuite.TestBuildEOLInLine (unmatched requirement DaemonIsLinux)
SKIP: docker_cli_build_test.go:3168: DockerSuite.TestBuildEmptyCmd (unmatched requirement DaemonIsLinux)
PASS: docker_cli_build_test.go:1704: DockerSuite.TestBuildEmptyEntrypoint	0.940s
PASS: docker_cli_build_test.go:1681: DockerSuite.TestBuildEmptyEntrypointInheritance	1.684s
SKIP: docker_cli_build_test.go:3936: DockerSuite.TestBuildEmptyScratch (unmatched requirement DaemonIsLinux)
PASS: docker_cli_build_test.go:3961: DockerSuite.TestBuildEmptyStringVolume	0.776s
PASS: docker_cli_build_test.go:1718: DockerSuite.TestBuildEntrypoint	0.856s
PASS: docker_cli_build_test.go:3251: DockerSuite.TestBuildEntrypointCanBeOverriddenByChild	29.209s
PASS: docker_cli_build_test.go:3271: DockerSuite.TestBuildEntrypointCanBeOverriddenByChildInspect	15.782s
PASS: docker_cli_build_test.go:2170: DockerSuite.TestBuildEntrypointRunCleanup	18.385s
SKIP: docker_cli_build_test.go:1469: DockerSuite.TestBuildEnv (unmatched requirement DaemonIsLinux)
SKIP: docker_cli_build_test.go:302: DockerSuite.TestBuildEnvEscapes (unmatched requirement DaemonIsLinux)
SKIP: docker_cli_build_test.go:319: DockerSuite.TestBuildEnvOverwrite (unmatched requirement DaemonIsLinux)
SKIP: docker_cli_build_test.go:2715: DockerSuite.TestBuildEnvUsage (unmatched requirement DaemonIsLinux)
SKIP: docker_cli_build_test.go:2746: DockerSuite.TestBuildEnvUsage2 (unmatched requirement DaemonIsLinux)
PASS: docker_cli_build_test.go:147: DockerSuite.TestBuildEnvironmentReplacementAddCopy	6.381s
SKIP: docker_cli_build_test.go:171: DockerSuite.TestBuildEnvironmentReplacementEnv (unmatched requirement DaemonIsLinux)
SKIP: docker_cli_build_test.go:102: DockerSuite.TestBuildEnvironmentReplacementExpose (unmatched requirement DaemonIsLinux)
SKIP: docker_cli_build_test.go:60: DockerSuite.TestBuildEnvironmentReplacementUser (unmatched requirement DaemonIsLinux)
PASS: docker_cli_build_test.go:77: DockerSuite.TestBuildEnvironmentReplacementVolume	1.667s
PASS: docker_cli_build_test.go:127: DockerSuite.TestBuildEnvironmentReplacementWorkdir	18.907s
PASS: docker_cli_build_test.go:5317: DockerSuite.TestBuildEscapeNotBackslashWordTest	42.083s
PASS: docker_cli_build_test.go:2263: DockerSuite.TestBuildEscapeWhitespace	0.920s
SKIP: docker_cli_build_test.go:3302: DockerSuite.TestBuildExoticShellInterpolation (unmatched requirement DaemonIsLinux)
SKIP: docker_cli_build_test.go:1590: DockerSuite.TestBuildExpose (unmatched requirement DaemonIsLinux)
SKIP: docker_cli_build_test.go:1604: DockerSuite.TestBuildExposeMorePorts (unmatched requirement DaemonIsLinux)
SKIP: docker_cli_build_test.go:1653: DockerSuite.TestBuildExposeOrder (unmatched requirement DaemonIsLinux)
SKIP: docker_cli_build_test.go:1669: DockerSuite.TestBuildExposeUpperCaseProto (unmatched requirement DaemonIsLinux)
PASS: docker_cli_build_test.go:2227: DockerSuite.TestBuildFails	13.814s
PASS: docker_cli_build_test.go:4897: DockerSuite.TestBuildFailsGitNotCallable	0.084s
PASS: docker_cli_build_test.go:4817: DockerSuite.TestBuildFollowSymlinkToDir	32.005s
PASS: docker_cli_build_test.go:4787: DockerSuite.TestBuildFollowSymlinkToFile	29.817s
PASS: docker_cli_build_test.go:1170: DockerSuite.TestBuildForceRm	30.588s
PASS: docker_cli_build_test.go:3051: DockerSuite.TestBuildFromGit	20.474s
PASS: docker_cli_build_test.go:3070: DockerSuite.TestBuildFromGitWithContext	1.973s
PASS: docker_cli_build_test.go:3089: DockerSuite.TestBuildFromGitWithF	18.369s
SKIP: docker_cli_build_test.go:3701: DockerSuite.TestBuildFromMixedcaseDockerfile (unmatched requirement UnixCli)
PASS: docker_cli_build_test.go:3777: DockerSuite.TestBuildFromOfficialNames	0.910s
PASS: docker_cli_build_test.go:3102: DockerSuite.TestBuildFromRemoteTarball	1.076s
SKIP: docker_cli_build_test.go:3752: DockerSuite.TestBuildFromStdinWithF (unmatched requirement DaemonIsLinux)
PASS: docker_cli_build_test.go:3725: DockerSuite.TestBuildFromURLWithF	36.220s
SKIP: docker_cli_build_test.go:234: DockerSuite.TestBuildHandleEscapesInVolume (unmatched requirement DaemonIsLinux)
PASS: docker_cli_history_test.go:16: DockerSuite.TestBuildHistory	19.720s
PASS: docker_cli_build_test.go:6157: DockerSuite.TestBuildIidFile	1.697s
PASS: docker_cli_build_test.go:6182: DockerSuite.TestBuildIidFileCleanupOnFail	14.086s
SKIP: docker_cli_build_test.go:2206: DockerSuite.TestBuildInheritance (unmatched requirement DaemonIsLinux)
PASS: docker_cli_build_test.go:5954: DockerSuite.TestBuildIntermediateTarget	1.199s
PASS: docker_cli_build_test.go:3191: DockerSuite.TestBuildInvalidTag	0.070s
PASS: docker_cli_build_test.go:34: DockerSuite.TestBuildJSONEmptyRun	18.429s
PASS: docker_cli_build_test.go:4923: DockerSuite.TestBuildLabel	1.616s
PASS: docker_cli_build_test.go:4954: DockerSuite.TestBuildLabelCacheCommit	0.987s
PASS: docker_cli_build_test.go:4975: DockerSuite.TestBuildLabelMultiple	1.614s
PASS: docker_cli_build_test.go:4940: DockerSuite.TestBuildLabelOneNode	0.866s
PASS: docker_cli_build_test.go:3373: DockerSuite.TestBuildLabels	1.688s
PASS: docker_cli_build_test.go:3385: DockerSuite.TestBuildLabelsCache	2.243s
PASS: docker_cli_build_test.go:5061: DockerSuite.TestBuildLabelsOverride	10.005s
SKIP: docker_cli_build_test.go:391: DockerSuite.TestBuildLastModified (unmatched requirement DaemonIsLinux)
SKIP: docker_cli_build_test.go:2623: DockerSuite.TestBuildLineBreak (unmatched requirement DaemonIsLinux)
PASS: docker_cli_build_test.go:6086: DockerSuite.TestBuildLineErrorOnBuild	0.079s
PASS: docker_cli_build_test.go:6097: DockerSuite.TestBuildLineErrorUnknownInstruction	0.080s
PASS: docker_cli_build_test.go:6128: DockerSuite.TestBuildLineErrorWithComments	0.073s
PASS: docker_cli_build_test.go:6111: DockerSuite.TestBuildLineErrorWithEmptyLines	0.077s
PASS: docker_cli_build_test.go:1267: DockerSuite.TestBuildMaintainer	0.956s
PASS: docker_cli_build_test.go:3891: DockerSuite.TestBuildMissingArgs	0.803s
PASS: docker_cli_build_test.go:444: DockerSuite.TestBuildModifyFileInFolder	19.731s
SKIP: docker_cli_build_test.go:5934: DockerSuite.TestBuildMulitStageResetScratch (unmatched requirement DaemonIsLinux)
PASS: docker_cli_build_test.go:4637: DockerSuite.TestBuildMultiStageArg	67.720s
SKIP: docker_cli_build_test.go:5505: DockerSuite.TestBuildMultiStageCache (unmatched requirement DaemonIsLinux)
PASS: docker_cli_build_test.go:5684: DockerSuite.TestBuildMultiStageCopyFromErrors	2.129s
PASS: docker_cli_build_test.go:5626: DockerSuite.TestBuildMultiStageCopyFromSyntax	146.915s
PASS: docker_cli_build_test.go:4661: DockerSuite.TestBuildMultiStageGlobalArg	66.579s
PASS: docker_cli_build_test.go:5764: DockerSuite.TestBuildMultiStageImplicitFrom	31.064s
PASS: docker_cli_build_test.go:5731: DockerSuite.TestBuildMultiStageMultipleBuilds	31.302s
PASS: docker_cli_build_test.go:5846: DockerSuite.TestBuildMultiStageMultipleBuildsWindows	33.153s
PASS: docker_cli_build_test.go:5821: DockerSuite.TestBuildMultiStageNameVariants	81.180s
PASS: docker_cli_build_test.go:4686: DockerSuite.TestBuildMultiStageUnusedArg	33.103s
PASS: docker_cli_build_test.go:4747: DockerSuite.TestBuildMultipleTags	1.024s
SKIP: docker_cli_build_test.go:5541: DockerSuite.TestBuildNetContainer (unmatched requirement DaemonIsLinux)
SKIP: docker_cli_build_test.go:5529: DockerSuite.TestBuildNetNone (unmatched requirement DaemonIsLinux)
PASS: docker_cli_build_test.go:2053: DockerSuite.TestBuildNoContext	15.808s
PASS: docker_cli_build_test.go:4001: DockerSuite.TestBuildNoDupOutput	18.539s
PASS: docker_cli_build_test.go:4706: DockerSuite.TestBuildNoNamedVolume	15.447s
PASS: docker_cli_build_test.go:3498: DockerSuite.TestBuildNotVerboseFailure	0.285s
PASS: docker_cli_build_test.go:3526: DockerSuite.TestBuildNotVerboseFailureRemote	0.147s
PASS: docker_cli_build_test.go:3477: DockerSuite.TestBuildNotVerboseFailureWithNonExistImage	2.281s
PASS: docker_cli_build_test.go:3426: DockerSuite.TestBuildNotVerboseSuccess	1.311s
PASS: docker_cli_build_test.go:4051: DockerSuite.TestBuildNullStringInAddCopyVolume	2.244s
PASS: docker_cli_build_test.go:2236: DockerSuite.TestBuildOnBuild	35.777s
PASS: docker_api_build_test.go:285: DockerSuite.TestBuildOnBuildCache	2.244s
PASS: docker_cli_build_test.go:337: DockerSuite.TestBuildOnBuildCmdEntrypointJSON	34.734s
PASS: docker_cli_build_test.go:354: DockerSuite.TestBuildOnBuildEntrypointJSON	16.618s
PASS: docker_cli_build_test.go:1733: DockerSuite.TestBuildOnBuildLimitedInheritance	34.292s
PASS: docker_cli_build_test.go:278: DockerSuite.TestBuildOnBuildLowercase	17.843s
PASS: docker_cli_build_test.go:3181: DockerSuite.TestBuildOnBuildOutput	17.863s
PASS: docker_api_build_test.go:260: DockerSuite.TestBuildOnBuildWithCopy	1.432s
SKIP: docker_cli_build_test.go:5992: DockerSuite.TestBuildOpaqueDirectory (unmatched requirement DaemonIsLinux)
SKIP: docker_cli_build_test.go:1483: DockerSuite.TestBuildPATH (unmatched requirement DaemonIsLinux)
PASS: docker_cli_build_test.go:4029: DockerSuite.TestBuildRUNErrMsg	11.933s
SKIP: docker_cli_build_test.go:3951: DockerSuite.TestBuildRUNoneJSON (unmatched requirement DaemonIsLinux)
PASS: docker_cli_build_test.go:1401: DockerSuite.TestBuildRelativeCopy	150.613s
PASS: docker_cli_build_test.go:1294: DockerSuite.TestBuildRelativeWorkdir	72.463s
PASS: docker_cli_build_test.go:1189: DockerSuite.TestBuildRm	51.275s
PASS: docker_cli_build_test.go:3295: DockerSuite.TestBuildRunShEntrypoint	14.265s
SKIP: docker_cli_build_test.go:1751: DockerSuite.TestBuildSameDockerfileWithAndWithoutCache (unmatched requirement DaemonIsLinux)
SKIP: docker_api_build_test.go:520: DockerSuite.TestBuildScratchCopy (unmatched requirement DaemonIsLinux)
PASS: docker_cli_build_test.go:6142: DockerSuite.TestBuildSetCommandWithDefinedShell	1.689s
PASS: docker_cli_build_test.go:41: DockerSuite.TestBuildShCmdJSONEntrypoint	16.352s
PASS: docker_cli_build_test.go:5264: DockerSuite.TestBuildShellEntrypoint	16.227s
PASS: docker_cli_build_test.go:5279: DockerSuite.TestBuildShellInherited	16.912s
PASS: docker_cli_build_test.go:5228: DockerSuite.TestBuildShellMultiple	68.204s
PASS: docker_cli_build_test.go:5292: DockerSuite.TestBuildShellNotJSON	0.083s
PASS: docker_cli_build_test.go:5211: DockerSuite.TestBuildShellUpdatesConfig	0.994s
PASS: docker_cli_build_test.go:5305: DockerSuite.TestBuildShellWindowsPowershell	23.088s
PASS: docker_cli_build_test.go:3795: DockerSuite.TestBuildSpaces	0.311s
PASS: docker_cli_build_test.go:3858: DockerSuite.TestBuildSpacesWithQuotes	16.103s
PASS: docker_cli_build_test.go:4018: DockerSuite.TestBuildStartsFromOne	0.087s
PASS: docker_cli_build_test.go:3556: DockerSuite.TestBuildStderr	17.603s
PASS: docker_cli_build_test.go:5360: DockerSuite.TestBuildStepsWithProgress	84.810s
SKIP: docker_cli_build_test.go:4071: DockerSuite.TestBuildStopSignal (unmatched requirement DaemonIsLinux)
PASS: docker_cli_build_test.go:4851: DockerSuite.TestBuildSymlinkBasename	16.827s
PASS: docker_cli_build_test.go:3598: DockerSuite.TestBuildSymlinkBreakout	1.563s
PASS: docker_cli_build_test.go:4723: DockerSuite.TestBuildTagEvent	16.488s
PASS: docker_cli_build_test.go:4143: DockerSuite.TestBuildTimeArgHistoryExclusions	18.979s
SKIP: docker_cli_build_test.go:1280: DockerSuite.TestBuildUser (unmatched requirement DaemonIsLinux)
SKIP: docker_cli_build_test.go:554: DockerSuite.TestBuildUsernamespaceValidateRemappedRoot (unmatched requirement DaemonIsLinux)
SKIP: docker_cli_build_test.go:2659: DockerSuite.TestBuildUsersAndGroups (unmatched requirement DaemonIsLinux)
PASS: docker_cli_build_test.go:3344: DockerSuite.TestBuildVerboseOut	17.195s
PASS: docker_cli_build_test.go:2281: DockerSuite.TestBuildVerifyIntString	0.971s
PASS: docker_cli_build_test.go:3327: DockerSuite.TestBuildVerifySingleQuoteFails	16.748s
SKIP: docker_cli_build_test.go:3878: DockerSuite.TestBuildVolumeFileExistsinContainer (unmatched requirement DaemonIsLinux)
SKIP: docker_cli_build_test.go:3671: DockerSuite.TestBuildVolumesRetainContents (unmatched requirement DaemonIsLinux)
PASS: docker_cli_build_test.go:1347: DockerSuite.TestBuildWindowsAddCopyPathProcessing	80.472s
PASS: docker_cli_build_test.go:6037: DockerSuite.TestBuildWindowsEnvCaseInsensitive	0.871s
PASS: docker_cli_build_test.go:6007: DockerSuite.TestBuildWindowsUser	36.860s
PASS: docker_cli_build_test.go:1336: DockerSuite.TestBuildWindowsWorkdirProcessing	19.952s
SKIP: docker_cli_build_test.go:5557: DockerSuite.TestBuildWithExtraHost (unmatched requirement DaemonIsLinux)
SKIP: docker_cli_build_test.go:5573: DockerSuite.TestBuildWithExtraHostInvalidFormat (unmatched requirement DaemonIsLinux)
PASS: docker_cli_build_test.go:5371: DockerSuite.TestBuildWithFailure	14.780s
SKIP: docker_cli_build_test.go:1049: DockerSuite.TestBuildWithInaccessibleFilesInContext (unmatched requirement DaemonIsLinux)
PASS: docker_api_build_windows_test.go:16: DockerSuite.TestBuildWithRecycleBin	47.946s
PASS: docker_cli_build_test.go:3358: DockerSuite.TestBuildWithTabs	17.298s
PASS: docker_cli_build_test.go:5184: DockerSuite.TestBuildWithUTF8BOM	0.082s
PASS: docker_cli_build_test.go:5194: DockerSuite.TestBuildWithUTF8BOMDockerignore	53.963s
SKIP: docker_cli_build_test.go:2150: DockerSuite.TestBuildWithVolumeOwnership (unmatched requirement DaemonIsLinux)
SKIP: docker_cli_build_test.go:1232: DockerSuite.TestBuildWithVolumes (unmatched requirement DaemonIsLinux)
SKIP: docker_cli_build_test.go:6072: DockerSuite.TestBuildWorkdirCmd (unmatched requirement DaemonIsLinux)
PASS: docker_cli_build_test.go:6051: DockerSuite.TestBuildWorkdirImageCmd	1.850s
PASS: docker_cli_build_test.go:4912: DockerSuite.TestBuildWorkdirWindowsPath	34.468s
PASS: docker_cli_build_test.go:1380: DockerSuite.TestBuildWorkdirWithEnvVariables	3.194s
SKIP: docker_cli_build_test.go:3653: DockerSuite.TestBuildXZHost (unmatched requirement DaemonIsLinux)
SKIP: docker_cli_proxy_test.go:12: DockerSuite.TestCLIProxyDisableProxyUnixSock (unmatched requirement DaemonIsLinux)
SKIP: docker_cli_sni_test.go:16: DockerSuite.TestClientSetsTLSServerName (Flakey test)
PASS: docker_cli_run_test.go:3683: DockerSuite.TestCmdCannotBeInvoked	14.414s
PASS: docker_cli_commit_test.go:12: DockerSuite.TestCommitAfterContainerIsDone	17.437s
PASS: docker_cli_commit_test.go:106: DockerSuite.TestCommitChange	18.311s
PASS: docker_cli_commit_test.go:156: DockerSuite.TestCommitChangeLabels	17.672s
SKIP: docker_cli_commit_test.go:67: DockerSuite.TestCommitHardlink (unmatched requirement DaemonIsLinux)
PASS: docker_cli_commit_test.go:56: DockerSuite.TestCommitNewFile	32.287s
SKIP: docker_cli_commit_test.go:42: DockerSuite.TestCommitPausedContainer (unmatched requirement DaemonIsLinux)
PASS: docker_cli_commit_test.go:87: DockerSuite.TestCommitTTY	31.165s
PASS: docker_cli_images_test.go:103: DockerSuite.TestCommitWithFilterLabel	17.557s
SKIP: docker_cli_commit_test.go:96: DockerSuite.TestCommitWithHostBindMount (unmatched requirement DaemonIsLinux)
SKIP: docker_cli_commit_test.go:26: DockerSuite.TestCommitWithoutPause (unmatched requirement DaemonIsLinux)
SKIP: docker_cli_netmode_test.go:55: DockerSuite.TestConflictContainerNetworkAndLinks (unmatched requirement DaemonIsLinux)
SKIP: docker_cli_netmode_test.go:62: DockerSuite.TestConflictContainerNetworkHostAndLinks (unmatched requirement DaemonIsLinux)
SKIP: docker_cli_netmode_test.go:76: DockerSuite.TestConflictNetworkModeAndOptions (unmatched requirement DaemonIsLinux)
SKIP: docker_cli_netmode_test.go:69: DockerSuite.TestConflictNetworkModeNetHostAndOptions (unmatched requirement DaemonIsLinux)
SKIP: docker_api_containers_test.go:543: DockerSuite.TestContainerAPIBadPort (unmatched requirement DaemonIsLinux)
PASS: docker_api_containers_test.go:1289: DockerSuite.TestContainerAPIChunkedEncoding	0.022s
PASS: docker_api_containers_test.go:489: DockerSuite.TestContainerAPICommit	31.137s
PASS: docker_api_containers_test.go:511: DockerSuite.TestContainerAPICommitWithLabelInConfig	32.539s
SKIP: docker_api_containers_test.go:1155: DockerSuite.TestContainerAPICopyContainerNotFoundPr124 (unmatched requirement DaemonIsLinux)
PASS: docker_api_containers_test.go:1070: DockerSuite.TestContainerAPICopyNotExistsAnyMore	14.208s
SKIP: docker_api_containers_test.go:1083: DockerSuite.TestContainerAPICopyPre124 (unmatched requirement DaemonIsLinux)
SKIP: docker_api_containers_test.go:1113: DockerSuite.TestContainerAPICopyResourcePathEmptyPre124 (unmatched requirement DaemonIsLinux)
SKIP: docker_api_containers_test.go:1134: DockerSuite.TestContainerAPICopyResourcePathNotFoundPre124 (unmatched requirement DaemonIsLinux)
PASS: docker_api_containers_test.go:570: DockerSuite.TestContainerAPICreate	13.913s
SKIP: docker_api_containers_test.go:649: DockerSuite.TestContainerAPICreateBridgeNetworkMode (unmatched requirement DaemonIsLinux)
PASS: docker_api_containers_test.go:587: DockerSuite.TestContainerAPICreateEmptyConfig	0.001s
PASS: docker_api_containers_test.go:1997: DockerSuite.TestContainerAPICreateMountsBindRead	14.482s
PASS: docker_api_containers_test.go:599: DockerSuite.TestContainerAPICreateMultipleNetworksConfig	0.002s
SKIP: docker_api_containers_test.go:1409: DockerSuite.TestContainerAPICreateNoHostConfig118 (unmatched requirement DaemonIsLinux)
SKIP: docker_api_containers_test.go:655: DockerSuite.TestContainerAPICreateOtherNetworkModes (unmatched requirement DaemonIsLinux)
SKIP: docker_api_containers_test.go:684: DockerSuite.TestContainerAPICreateWithCpuSharesCpuset (unmatched requirement DaemonIsLinux)
PASS: docker_api_containers_test.go:626: DockerSuite.TestContainerAPICreateWithHostName	0.022s
PASS: docker_api_containers_test.go:1166: DockerSuite.TestContainerAPIDelete	14.708s
PASS: docker_api_containers_test.go:1239: DockerSuite.TestContainerAPIDeleteConflict	12.411s
PASS: docker_api_containers_test.go:1191: DockerSuite.TestContainerAPIDeleteForce	13.190s
PASS: docker_api_containers_test.go:1182: DockerSuite.TestContainerAPIDeleteNotExist	0.002s
SKIP: docker_api_containers_test.go:1208: DockerSuite.TestContainerAPIDeleteRemoveLinks (unmatched requirement DaemonIsLinux)
PASS: docker_api_containers_test.go:1254: DockerSuite.TestContainerAPIDeleteRemoveVolume	13.101s
PASS: docker_api_containers_test.go:1648: DockerSuite.TestContainerAPIDeleteWithEmptyName	0.001s
PASS: docker_api_containers_test.go:41: DockerSuite.TestContainerAPIGetAll	14.390s
SKIP: docker_api_containers_test.go:167: DockerSuite.TestContainerAPIGetChanges (unmatched requirement DaemonIsLinux)
SKIP: docker_api_containers_test.go:140: DockerSuite.TestContainerAPIGetExport (unmatched requirement DaemonIsLinux)
PASS: docker_api_containers_test.go:61: DockerSuite.TestContainerAPIGetJSONNoFieldsOmitted	13.410s
PASS: docker_api_containers_test.go:756: DockerSuite.TestContainerAPIInvalidPortSyntax	0.002s
PASS: docker_api_containers_test.go:957: DockerSuite.TestContainerAPIKill	11.986s
SKIP: docker_api_containers_test.go:404: DockerSuite.TestContainerAPIPause (unmatched requirement DaemonIsLinux)
PASS: docker_api_containers_test.go:1309: DockerSuite.TestContainerAPIPostContainerStop	14.869s
PASS: docker_api_containers_test.go:872: DockerSuite.TestContainerAPIPostCreateNull	0.230s
SKIP: docker_api_containers_test.go:107: DockerSuite.TestContainerAPIPsOmitFields (unmatched requirement DaemonIsLinux)
PASS: docker_api_containers_test.go:940: DockerSuite.TestContainerAPIRename	13.375s
PASS: docker_api_containers_test.go:972: DockerSuite.TestContainerAPIRestart	23.681s
PASS: docker_api_containers_test.go:986: DockerSuite.TestContainerAPIRestartNotimeoutParam	25.666s
PASS: docker_api_containers_test.go:854: DockerSuite.TestContainerAPIRestartPolicyDefaultRetryCount	0.020s
PASS: docker_api_containers_test.go:782: DockerSuite.TestContainerAPIRestartPolicyInvalidPolicyName	0.002s
PASS: docker_api_containers_test.go:830: DockerSuite.TestContainerAPIRestartPolicyNegativeRetryCount	0.001s
PASS: docker_api_containers_test.go:806: DockerSuite.TestContainerAPIRestartPolicyRetryMismatch	0.002s
PASS: docker_api_containers_test.go:1002: DockerSuite.TestContainerAPIStart	11.182s
SKIP: docker_api_containers_test.go:1657: DockerSuite.TestContainerAPIStatsWithNetworkDisabled (unmatched requirement DaemonIsLinux)
PASS: docker_api_containers_test.go:1028: DockerSuite.TestContainerAPIStop	13.572s
SKIP: docker_api_containers_test.go:435: DockerSuite.TestContainerAPITop (unmatched requirement DaemonIsLinux)
PASS: docker_api_containers_test.go:458: DockerSuite.TestContainerAPITopWindows	11.925s
PASS: docker_api_containers_test.go:715: DockerSuite.TestContainerAPIVerifyHeader	0.024s
PASS: docker_api_containers_test.go:1047: DockerSuite.TestContainerAPIWait	14.517s
PASS: docker_api_containers_test.go:2293: DockerSuite.TestContainerKillCustomStopSignal	13.151s
SKIP: docker_cli_run_test.go:2410: DockerSuite.TestContainerNetworkMode (unmatched requirement DaemonIsLinux)
SKIP: docker_cli_run_test.go:3531: DockerSuite.TestContainerRestartInMultipleNetworks (unmatched requirement DaemonIsLinux)
SKIP: docker_cli_run_test.go:3563: DockerSuite.TestContainerWithConflictingHostNetworks (unmatched requirement DaemonIsLinux)
SKIP: docker_cli_run_test.go:3594: DockerSuite.TestContainerWithConflictingNoneNetwork (unmatched requirement DaemonIsLinux)
SKIP: docker_cli_run_test.go:3577: DockerSuite.TestContainerWithConflictingSharedNetwork (unmatched requirement DaemonIsLinux)
SKIP: docker_api_containers_windows_test.go:21: DockerSuite.TestContainersAPICreateMountsBindNamedPipe (unmatched requirement DaemonIsWindowsAtLeastBuild.func1)
PASS: docker_api_containers_test.go:2028: DockerSuite.TestContainersAPICreateMountsCreate	104.515s
SKIP: docker_api_containers_test.go:2243: DockerSuite.TestContainersAPICreateMountsTmpfs (unmatched requirement DaemonIsLinux)
PASS: docker_api_containers_test.go:1706: DockerSuite.TestContainersAPICreateMountsValidation	0.098s
SKIP: docker_cli_run_test.go:3467: DockerSuite.TestContainersInMultipleNetworks (unmatched requirement DaemonIsLinux)
SKIP: docker_cli_run_test.go:3459: DockerSuite.TestContainersInUserDefinedNetwork (unmatched requirement DaemonIsLinux)
SKIP: docker_cli_run_test.go:3486: DockerSuite.TestContainersNetworkIsolation (unmatched requirement DaemonIsLinux)
SKIP: docker_cli_cp_test.go:582: DockerSuite.TestCopyAndRestart (unmatched requirement DaemonIsLinux)
SKIP: docker_cli_cp_test.go:603: DockerSuite.TestCopyCreatedContainer (unmatched requirement DaemonIsLinux)
PASS: docker_cli_cp_test.go:128: DockerSuite.TestCpAbsolutePath	15.376s
SKIP: docker_cli_cp_test.go:171: DockerSuite.TestCpAbsoluteSymlink (unmatched requirement DaemonIsLinux)
SKIP: docker_cli_cp_from_container_test.go:119: DockerSuite.TestCpFromCaseA (unmatched requirement DaemonIsLinux)
SKIP: docker_cli_cp_from_container_test.go:139: DockerSuite.TestCpFromCaseB (unmatched requirement DaemonIsLinux)
SKIP: docker_cli_cp_from_container_test.go:157: DockerSuite.TestCpFromCaseC (unmatched requirement DaemonIsLinux)
SKIP: docker_cli_cp_from_container_test.go:182: DockerSuite.TestCpFromCaseD (unmatched requirement DaemonIsLinux)
SKIP: docker_cli_cp_from_container_test.go:222: DockerSuite.TestCpFromCaseE (unmatched requirement DaemonIsLinux)
SKIP: docker_cli_cp_from_container_test.go:251: DockerSuite.TestCpFromCaseF (unmatched requirement DaemonIsLinux)
SKIP: docker_cli_cp_from_container_test.go:274: DockerSuite.TestCpFromCaseG (unmatched requirement DaemonIsLinux)
SKIP: docker_cli_cp_from_container_test.go:313: DockerSuite.TestCpFromCaseH (unmatched requirement DaemonIsLinux)
SKIP: docker_cli_cp_from_container_test.go:343: DockerSuite.TestCpFromCaseI (unmatched requirement DaemonIsLinux)
SKIP: docker_cli_cp_from_container_test.go:367: DockerSuite.TestCpFromCaseJ (unmatched requirement DaemonIsLinux)
SKIP: docker_cli_cp_from_container_test.go:24: DockerSuite.TestCpFromSymlinkDestination (unmatched requirement DaemonIsLinux)
SKIP: docker_cli_cp_test.go:209: DockerSuite.TestCpFromSymlinkToDirectory (unmatched requirement DaemonIsLinux)
PASS: docker_cli_cp_test.go:38: DockerSuite.TestCpGarbagePath	14.804s
PASS: docker_cli_cp_test.go:29: DockerSuite.TestCpLocalOnly	0.059s
SKIP: docker_cli_cp_test.go:562: DockerSuite.TestCpNameHasColon (unmatched requirement DaemonIsLinux)
PASS: docker_cli_cp_test.go:80: DockerSuite.TestCpRelativePath	14.839s
SKIP: docker_cli_cp_test.go:405: DockerSuite.TestCpSpecialFiles (unmatched requirement DaemonIsLinux)
SKIP: docker_cli_cp_test.go:337: DockerSuite.TestCpSymlinkComponent (unmatched requirement DaemonIsLinux)
SKIP: docker_cli_cp_test.go:616: DockerSuite.TestCpSymlinkFromConToHostFollowSymlink (unmatched requirement DaemonIsLinux)
PASS: docker_cli_cp_to_container_test.go:123: DockerSuite.TestCpToCaseA	29.717s
PASS: docker_cli_cp_to_container_test.go:144: DockerSuite.TestCpToCaseB	15.189s
SKIP: docker_cli_cp_to_container_test.go:165: DockerSuite.TestCpToCaseC (unmatched requirement DaemonIsLinux)
SKIP: docker_cli_cp_to_container_test.go:192: DockerSuite.TestCpToCaseD (unmatched requirement DaemonIsLinux)
PASS: docker_cli_cp_to_container_test.go:238: DockerSuite.TestCpToCaseE	57.185s
SKIP: docker_cli_cp_to_container_test.go:273: DockerSuite.TestCpToCaseF (unmatched requirement DaemonIsLinux)
SKIP: docker_cli_cp_to_container_test.go:296: DockerSuite.TestCpToCaseG (unmatched requirement DaemonIsLinux)
PASS: docker_cli_cp_to_container_test.go:342: DockerSuite.TestCpToCaseH	58.974s
SKIP: docker_cli_cp_to_container_test.go:378: DockerSuite.TestCpToCaseI (unmatched requirement DaemonIsLinux)
SKIP: docker_cli_cp_to_container_test.go:402: DockerSuite.TestCpToCaseJ (unmatched requirement DaemonIsLinux)
PASS: docker_cli_cp_test.go:521: DockerSuite.TestCpToDot	14.526s
SKIP: docker_cli_cp_to_container_test.go:445: DockerSuite.TestCpToErrReadOnlyRootfs (unmatched requirement DaemonIsLinux)
SKIP: docker_cli_cp_to_container_test.go:472: DockerSuite.TestCpToErrReadOnlyVolume (unmatched requirement DaemonIsLinux)
PASS: docker_cli_cp_test.go:543: DockerSuite.TestCpToStdout	15.306s
SKIP: docker_cli_cp_to_container_test.go:22: DockerSuite.TestCpToSymlinkDestination (unmatched requirement DaemonIsLinux)
SKIP: docker_cli_cp_test.go:257: DockerSuite.TestCpToSymlinkToDirectory (unmatched requirement DaemonIsLinux)
SKIP: docker_cli_cp_test.go:381: DockerSuite.TestCpUnprivilegedUser (unmatched requirement DaemonIsLinux)
SKIP: docker_cli_cp_test.go:452: DockerSuite.TestCpVolumePath (unmatched requirement DaemonIsLinux)
PASS: docker_cli_create_test.go:327: DockerSuite.TestCreate64ByteHexID	0.161s
PASS: docker_cli_create_test.go:21: DockerSuite.TestCreateArgs	0.156s
PASS: docker_cli_create_test.go:260: DockerSuite.TestCreateByImageID	2.116s
PASS: docker_cli_create_test.go:163: DockerSuite.TestCreateEchoStdout	15.130s
PASS: docker_cli_create_test.go:59: DockerSuite.TestCreateGrowRootfs	0.197s
PASS: docker_cli_create_test.go:83: DockerSuite.TestCreateHostConfig	0.167s
PASS: docker_cli_create_test.go:222: DockerSuite.TestCreateHostnameWithNumber	15.460s
PASS: docker_cli_create_test.go:205: DockerSuite.TestCreateLabelFromImage	1.341s
PASS: docker_cli_create_test.go:192: DockerSuite.TestCreateLabels	0.306s
SKIP: docker_cli_create_test.go:250: DockerSuite.TestCreateModeIpcContainer (unmatched requirement DaemonIsLinux)
PASS: docker_cli_create_test.go:233: DockerSuite.TestCreateRM	0.389s
SKIP: docker_cli_create_test.go:73: DockerSuite.TestCreateShrinkRootfs (unmatched requirement Devicemapper)
PASS: docker_cli_create_test.go:293: DockerSuite.TestCreateStopSignal	0.153s
PASS: docker_cli_create_test.go:362: DockerSuite.TestCreateStopTimeout	0.325s
PASS: docker_cli_create_test.go:335: DockerSuite.TestCreateUnsetEntrypoint	34.673s
PASS: docker_cli_create_test.go:173: DockerSuite.TestCreateVolumesCreated	0.169s
PASS: docker_cli_create_test.go:316: DockerSuite.TestCreateWithInvalidLogOpts	0.131s
PASS: docker_cli_create_test.go:134: DockerSuite.TestCreateWithLargePortRange	2.452s
PASS: docker_cli_create_test.go:105: DockerSuite.TestCreateWithPortRange	0.161s
SKIP: docker_api_containers_test.go:916: DockerSuite.TestCreateWithTooLowMemoryLimit (unmatched requirement DaemonIsLinux)
PASS: docker_cli_create_test.go:302: DockerSuite.TestCreateWithWorkdir	13.537s
SKIP: docker_deprecated_api_v124_test.go:70: DockerSuite.TestDeprecatedContainerAPIStartDupVolumeBinds (unmatched requirement DaemonIsLinux)
PASS: docker_deprecated_api_v124_test.go:20: DockerSuite.TestDeprecatedContainerAPIStartHostConfig	0.103s
SKIP: docker_deprecated_api_v124_test.go:39: DockerSuite.TestDeprecatedContainerAPIStartVolumeBinds (unmatched requirement DaemonIsLinux)
SKIP: docker_deprecated_api_v124_test.go:103: DockerSuite.TestDeprecatedContainerAPIStartVolumesFrom (unmatched requirement DaemonIsLinux)
SKIP: docker_deprecated_api_v124_test.go:136: DockerSuite.TestDeprecatedPostContainerBindNormalVolume (unmatched requirement DaemonIsLinux)
SKIP: docker_deprecated_api_v124_test.go:198: DockerSuite.TestDeprecatedPostContainersStartWithLinksInHostConfig (unmatched requirement DaemonIsLinux)
SKIP: docker_deprecated_api_v124_test.go:216: DockerSuite.TestDeprecatedPostContainersStartWithLinksInHostConfigIdLinked (unmatched requirement DaemonIsLinux)
SKIP: docker_deprecated_api_v124_test.go:181: DockerSuite.TestDeprecatedPostContainersStartWithoutLinksInHostConfig (unmatched requirement DaemonIsLinux)
SKIP: docker_deprecated_api_v124_test.go:235: DockerSuite.TestDeprecatedStartWithNilDNS (unmatched requirement DaemonIsLinux)
SKIP: docker_deprecated_api_v124_test.go:156: DockerSuite.TestDeprecatedStartWithTooLowMemoryLimit (unmatched requirement DaemonIsLinux)
SKIP: docker_cli_run_test.go:2995: DockerSuite.TestDevicePermissions (unmatched requirement DaemonIsLinux)
PASS: docker_cli_run_test.go:3706: DockerSuite.TestDockerFails	0.070s
SKIP: docker_cli_volume_test.go:490: DockerSuite.TestDuplicateMountpointsForVolumesFrom (unmatched requirement DaemonIsLinux)
SKIP: docker_cli_volume_test.go:532: DockerSuite.TestDuplicateMountpointsForVolumesFromAndBind (unmatched requirement DaemonIsLinux)
SKIP: docker_cli_volume_test.go:576: DockerSuite.TestDuplicateMountpointsForVolumesFromAndMounts (unmatched requirement DaemonIsLinux)
SKIP: docker_cli_events_test.go:479: DockerSuite.TestEventsAttach (unmatched requirement DaemonIsLinux)
SKIP: docker_cli_events_test.go:410: DockerSuite.TestEventsCommit (unmatched requirement DaemonIsLinux)
PASS: docker_cli_events_test.go:84: DockerSuite.TestEventsContainerEvents	15.029s
PASS: docker_cli_events_test.go:103: DockerSuite.TestEventsContainerEventsAttrSort	14.009s
PASS: docker_cli_events_test.go:126: DockerSuite.TestEventsContainerEventsSinceUnixEpoch	14.905s
PASS: docker_cli_events_test.go:659: DockerSuite.TestEventsContainerRestart	57.520s
PASS: docker_cli_events_test.go:427: DockerSuite.TestEventsCopy	18.456s
PASS: docker_cli_events_test.go:372: DockerSuite.TestEventsFilterContainer	29.745s
PASS: docker_cli_events_test.go:649: DockerSuite.TestEventsFilterImageInContainerAction	12.249s
PASS: docker_cli_events_test.go:342: DockerSuite.TestEventsFilterImageLabels	1.239s
PASS: docker_cli_events_test.go:287: DockerSuite.TestEventsFilterImageName	27.906s
PASS: docker_cli_events_test.go:316: DockerSuite.TestEventsFilterLabels	26.527s
PASS: docker_cli_events_test.go:565: DockerSuite.TestEventsFilterType	1.493s
PASS: docker_cli_events_test.go:271: DockerSuite.TestEventsFilters	29.505s
PASS: docker_cli_events_test.go:728: DockerSuite.TestEventsFormat	29.476s
PASS: docker_cli_events_test.go:761: DockerSuite.TestEventsFormatBadField	0.066s
PASS: docker_cli_events_test.go:751: DockerSuite.TestEventsFormatBadFunc	0.060s
SKIP: docker_cli_events_test.go:183: DockerSuite.TestEventsImageImport (unmatched requirement DaemonIsLinux)
SKIP: docker_cli_events_test.go:207: DockerSuite.TestEventsImageLoad (unmatched requirement DaemonIsLinux)
SKIP: docker_cli_events_test.go:164: DockerSuite.TestEventsImagePull (unmatched requirement DaemonIsLinux)
PASS: docker_cli_events_test.go:146: DockerSuite.TestEventsImageTag	1.242s
SKIP: docker_cli_events_test.go:246: DockerSuite.TestEventsPluginOps (unmatched requirement DaemonIsLinux)
PASS: docker_cli_events_test.go:517: DockerSuite.TestEventsRename	14.401s
PASS: docker_cli_events_test.go:456: DockerSuite.TestEventsResize	15.619s
PASS: docker_cli_events_test.go:699: DockerSuite.TestEventsSinceInTheFuture	13.883s
PASS: docker_cli_events_test.go:619: DockerSuite.TestEventsSpecialFiltersWithExecCreate	14.105s
PASS: docker_cli_events_test.go:26: DockerSuite.TestEventsTimestampFormats	16.955s
SKIP: docker_cli_events_test.go:528: DockerSuite.TestEventsTop (unmatched requirement DaemonIsLinux)
PASS: docker_cli_events_test.go:61: DockerSuite.TestEventsUntag	2.815s
PASS: docker_cli_events_test.go:711: DockerSuite.TestEventsUntilInThePast	28.345s
SKIP: docker_cli_exec_test.go:28: DockerSuite.TestExec (unmatched requirement DaemonIsLinux)
SKIP: docker_api_exec_test.go:66: DockerSuite.TestExecAPICreateContainerPaused (unmatched requirement DaemonIsLinux)
PASS: docker_api_exec_test.go:25: DockerSuite.TestExecAPICreateNoCmd	12.179s
PASS: docker_api_exec_test.go:43: DockerSuite.TestExecAPICreateNoValidContentType	11.896s
SKIP: docker_api_exec_test.go:87: DockerSuite.TestExecAPIStart (unmatched requirement DaemonIsLinux)
SKIP: docker_api_exec_test.go:124: DockerSuite.TestExecAPIStartBackwardsCompatible (unmatched requirement DaemonIsLinux)
SKIP: docker_api_exec_test.go:114: DockerSuite.TestExecAPIStartEnsureHeaders (unmatched requirement DaemonIsLinux)
PASS: docker_api_exec_test.go:196: DockerSuite.TestExecAPIStartInvalidCommand	12.712s
PASS: docker_api_exec_test.go:139: DockerSuite.TestExecAPIStartMultipleTimesError	13.224s
PASS: docker_api_exec_test.go:180: DockerSuite.TestExecAPIStartValidCommand	13.346s
PASS: docker_api_exec_test.go:149: DockerSuite.TestExecAPIStartWithDetach	12.485s
PASS: docker_cli_exec_test.go:75: DockerSuite.TestExecAfterContainerRestart	28.101s
SKIP: docker_cli_exec_test.go:256: DockerSuite.TestExecCgroup (unmatched requirement DaemonIsLinux)
SKIP: docker_cli_exec_test.go:108: DockerSuite.TestExecEnv (unmatched requirement DaemonIsLinux)
SKIP: docker_cli_exec_test.go:537: DockerSuite.TestExecEnvLinksHost (unmatched requirement DaemonIsLinux)
PASS: docker_cli_exec_test.go:134: DockerSuite.TestExecExitStatus	13.633s
PASS: docker_cli_exec_test.go:309: DockerSuite.TestExecInspectID	16.085s
SKIP: docker_cli_exec_test.go:39: DockerSuite.TestExecInteractive (unmatched requirement DaemonIsLinux)
SKIP: docker_cli_exec_test.go:493: DockerSuite.TestExecOnReadonlyContainer (unmatched requirement DaemonIsLinux)
SKIP: docker_cli_exec_test.go:214: DockerSuite.TestExecParseError (unmatched requirement DaemonIsLinux)
SKIP: docker_cli_exec_test.go:141: DockerSuite.TestExecPausedContainer (unmatched requirement IsPausable)
SKIP: docker_api_exec_resize_test.go:18: DockerSuite.TestExecResizeAPIHeightWidthNoInt (unmatched requirement DaemonIsLinux)

----------------------------------------------------------------------
FAIL: check_test.go:107: DockerSuite.TearDownTest

assertion failed: error is not nil: error during connect: Delete http://127.0.0.1:2357/v1.40/containers/7820890e60c1f8975af50c6e58e46e2a0561f1bdaf616958f990b05da0210c78?force=1&v=1: read tcp 127.0.0.1:59975->127.0.0.1:2357: wsarecv: An existing connection was forcibly closed by the remote host.: failed to remove 7820890e60c1f8975af50c6e58e46e2a0561f1bdaf616958f990b05da0210c78
assertion failed: error is not nil: error during connect: Get http://127.0.0.1:2357/v1.40/images/json: dial tcp 127.0.0.1:2357: connectex: No connection could be made because the target machine actively refused it.: failed to list images
assertion failed: error is not nil: error during connect: Get http://127.0.0.1:2357/v1.40/volumes: dial tcp 127.0.0.1:2357: connectex: No connection could be made because the target machine actively refused it.: failed to list volumes
assertion failed: error is not nil: error during connect: Get http://127.0.0.1:2357/v1.40/networks: dial tcp 127.0.0.1:2357: connectex: No connection could be made because the target machine actively refused it.: failed to list networks

----------------------------------------------------------------------
PANIC: docker_api_exec_resize_test.go:34: DockerSuite.TestExecResizeImmediatelyAfterExecStart

... Panic: Fixture has panicked (see related PANIC)

----------------------------------------------------------------------
MISS: docker_cli_exec_test.go:123: DockerSuite.TestExecSetEnv
MISS: docker_cli_exec_test.go:513: DockerSuite.TestExecStartFails
MISS: docker_api_exec_test.go:214: DockerSuite.TestExecStateCleanup
MISS: docker_cli_exec_test.go:228: DockerSuite.TestExecStopNotHanging
MISS: docker_cli_exec_test.go:156: DockerSuite.TestExecTTYCloseStdin
MISS: docker_cli_exec_test.go:177: DockerSuite.TestExecTTYWithoutStdin
MISS: docker_cli_exec_test.go:501: DockerSuite.TestExecUlimits
MISS: docker_cli_exec_test.go:546: DockerSuite.TestExecWindowsOpenHandles
MISS: docker_cli_exec_test.go:527: DockerSuite.TestExecWindowsPathNotWiped
MISS: docker_cli_exec_test.go:480: DockerSuite.TestExecWithImageUser
MISS: docker_cli_exec_test.go:449: DockerSuite.TestExecWithPrivileged
MISS: docker_cli_exec_test.go:436: DockerSuite.TestExecWithUser
MISS: docker_api_containers_test.go:190: DockerSuite.TestGetContainerStats
MISS: docker_api_containers_test.go:338: DockerSuite.TestGetContainerStatsNoStream
MISS: docker_api_containers_test.go:230: DockerSuite.TestGetContainerStatsRmRunning
MISS: docker_api_containers_test.go:297: DockerSuite.TestGetContainerStatsStream
MISS: docker_api_attach_test.go:25: DockerSuite.TestGetContainersAttachWebsocket
MISS: docker_api_attach_test.go:89: DockerSuite.TestGetContainersWsAttachContainerNotFound
MISS: docker_api_containers_test.go:378: DockerSuite.TestGetStoppedContainerStats
MISS: docker_cli_health_test.go:39: DockerSuite.TestHealth
MISS: docker_cli_history_test.go:58: DockerSuite.TestHistoryExistentImage
MISS: docker_cli_history_test.go:86: DockerSuite.TestHistoryHumanOptionFalse
MISS: docker_cli_history_test.go:104: DockerSuite.TestHistoryHumanOptionTrue
MISS: docker_cli_history_test.go:67: DockerSuite.TestHistoryImageWithComment
MISS: docker_cli_history_test.go:62: DockerSuite.TestHistoryNonExistentImage
MISS: docker_cli_images_test.go:225: DockerSuite.TestImagesEnsureDanglingImageOnlyListedOnce
MISS: docker_cli_images_test.go:20: DockerSuite.TestImagesEnsureImageIsListed
MISS: docker_cli_images_test.go:44: DockerSuite.TestImagesEnsureImageWithBadTagIsNotListed
MISS: docker_cli_images_test.go:25: DockerSuite.TestImagesEnsureImageWithTagIsListed
MISS: docker_cli_images_test.go:299: DockerSuite.TestImagesEnsureImagesFromBusyboxShown
MISS: docker_cli_images_test.go:282: DockerSuite.TestImagesEnsureImagesFromScratchShown
MISS: docker_cli_images_test.go:259: DockerSuite.TestImagesEnsureOnlyHeadsImagesShown
MISS: docker_cli_images_test.go:69: DockerSuite.TestImagesErrorWithInvalidFilterNameTest
MISS: docker_cli_images_test.go:75: DockerSuite.TestImagesFilterLabelMatch
MISS: docker_cli_images_test.go:314: DockerSuite.TestImagesFilterNameWithPort
MISS: docker_cli_images_test.go:115: DockerSuite.TestImagesFilterSinceAndBefore
MISS: docker_cli_images_test.go:185: DockerSuite.TestImagesFilterSpaceTrimCase
MISS: docker_cli_images_test.go:327: DockerSuite.TestImagesFormat
MISS: docker_cli_images_test.go:343: DockerSuite.TestImagesFormatDefaultFormat
MISS: docker_cli_images_test.go:49: DockerSuite.TestImagesOrderedByCreationDate
MISS: docker_cli_images_test.go:253: DockerSuite.TestImagesWithIncorrectFilter
MISS: docker_cli_import_test.go:36: DockerSuite.TestImportBadURL
MISS: docker_cli_import_test.go:18: DockerSuite.TestImportDisplay
MISS: docker_cli_import_test.go:47: DockerSuite.TestImportFile
MISS: docker_cli_import_test.go:122: DockerSuite.TestImportFileNonExistentFile
MISS: docker_cli_import_test.go:91: DockerSuite.TestImportFileWithMessage
MISS: docker_cli_import_test.go:68: DockerSuite.TestImportGzipped
MISS: docker_cli_import_test.go:127: DockerSuite.TestImportWithQuotedChanges
MISS: docker_cli_info_test.go:177: DockerSuite.TestInfoDebug
MISS: docker_cli_info_test.go:106: DockerSuite.TestInfoDiscoveryAdvertiseInterfaceName
MISS: docker_cli_info_test.go:72: DockerSuite.TestInfoDiscoveryBackend
MISS: docker_cli_info_test.go:89: DockerSuite.TestInfoDiscoveryInvalidAdvertise
MISS: docker_cli_info_test.go:143: DockerSuite.TestInfoDisplaysPausedContainers
MISS: docker_cli_info_test.go:130: DockerSuite.TestInfoDisplaysRunningContainers
MISS: docker_cli_info_test.go:160: DockerSuite.TestInfoDisplaysStoppedContainers
MISS: docker_cli_info_test.go:16: DockerSuite.TestInfoEnsureSucceeds
MISS: docker_cli_info_test.go:60: DockerSuite.TestInfoFormat
MISS: docker_cli_info_test.go:195: DockerSuite.TestInsecureRegistries
MISS: docker_api_inspect_test.go:147: DockerSuite.TestInspectAPIBridgeNetworkSettings120
MISS: docker_api_inspect_test.go:164: DockerSuite.TestInspectAPIBridgeNetworkSettings121
MISS: docker_api_inspect_test.go:17: DockerSuite.TestInspectAPIContainerResponse
MISS: docker_api_inspect_test.go:84: DockerSuite.TestInspectAPIContainerVolumeDriver
MISS: docker_api_inspect_test.go:61: DockerSuite.TestInspectAPIContainerVolumeDriverLegacy
MISS: docker_api_inspect_test.go:123: DockerSuite.TestInspectAPIEmptyFieldsInConfigPre121
MISS: docker_api_inspect_test.go:108: DockerSuite.TestInspectAPIImageResponse
MISS: docker_cli_inspect_test.go:413: DockerSuite.TestInspectAmpersand
MISS: docker_cli_inspect_test.go:206: DockerSuite.TestInspectBindMountPoint
MISS: docker_cli_inspect_test.go:341: DockerSuite.TestInspectByPrefix
MISS: docker_cli_inspect_test.go:141: DockerSuite.TestInspectContainerFilterInt
MISS: docker_cli_inspect_test.go:181: DockerSuite.TestInspectContainerGraphDriver
MISS: docker_cli_inspect_test.go:391: DockerSuite.TestInspectContainerNetworkCustom
MISS: docker_cli_inspect_test.go:379: DockerSuite.TestInspectContainerNetworkDefault
MISS: docker_cli_inspect_test.go:44: DockerSuite.TestInspectDefault
MISS: docker_cli_inspect_test.go:371: DockerSuite.TestInspectHistory
MISS: docker_cli_inspect_test.go:24: DockerSuite.TestInspectImage
MISS: docker_cli_inspect_test.go:125: DockerSuite.TestInspectImageFilterInt
MISS: docker_cli_inspect_test.go:163: DockerSuite.TestInspectImageGraphDriver
MISS: docker_cli_inspect_test.go:38: DockerSuite.TestInspectInt64
MISS: docker_cli_inspect_test.go:333: DockerSuite.TestInspectJSONFields
MISS: docker_cli_inspect_test.go:283: DockerSuite.TestInspectLogConfigNoType
MISS: docker_cli_inspect_test.go:238: DockerSuite.TestInspectNamedMountPoint
MISS: docker_cli_inspect_test.go:296: DockerSuite.TestInspectNoSizeFlagContainer
MISS: docker_cli_inspect_test.go:423: DockerSuite.TestInspectPlugin
MISS: docker_cli_inspect_test.go:402: DockerSuite.TestInspectRootFS
MISS: docker_cli_inspect_test.go:308: DockerSuite.TestInspectSizeFlagContainer
MISS: docker_cli_inspect_test.go:55: DockerSuite.TestInspectStatus
MISS: docker_cli_inspect_test.go:352: DockerSuite.TestInspectStopWhenNotFound
MISS: docker_cli_inspect_test.go:319: DockerSuite.TestInspectTemplateError
MISS: docker_cli_inspect_test.go:262: DockerSuite.TestInspectTimesAsRFC3339Nano
MISS: docker_cli_inspect_test.go:80: DockerSuite.TestInspectTypeFlagContainer
MISS: docker_cli_inspect_test.go:102: DockerSuite.TestInspectTypeFlagWithImage
MISS: docker_cli_inspect_test.go:113: DockerSuite.TestInspectTypeFlagWithInvalidValue
MISS: docker_cli_inspect_test.go:90: DockerSuite.TestInspectTypeFlagWithNoContainer
MISS: docker_cli_inspect_test.go:454: DockerSuite.TestInspectUnknownObject
MISS: docker_cli_links_test.go:200: DockerSuite.TestLinkShortDefinition
MISS: docker_cli_links_test.go:191: DockerSuite.TestLinksEnvs
MISS: docker_cli_links_test.go:227: DockerSuite.TestLinksEtcHostsRegularFile
MISS: docker_cli_links_test.go:140: DockerSuite.TestLinksHostsFilesInject
MISS: docker_cli_links_test.go:93: DockerSuite.TestLinksInspectLinksStarted
MISS: docker_cli_links_test.go:112: DockerSuite.TestLinksInspectLinksStopped
MISS: docker_cli_links_test.go:24: DockerSuite.TestLinksInvalidContainerTarget
MISS: docker_cli_links_test.go:234: DockerSuite.TestLinksMultipleWithSameName
MISS: docker_cli_links_test.go:216: DockerSuite.TestLinksNetworkHostContainer
MISS: docker_cli_links_test.go:132: DockerSuite.TestLinksNotStartedParentNotFail
MISS: docker_cli_links_test.go:36: DockerSuite.TestLinksPingLinkedContainers
MISS: docker_cli_links_test.go:80: DockerSuite.TestLinksPingLinkedContainersAfterRename
MISS: docker_cli_exec_test.go:379: DockerSuite.TestLinksPingLinkedContainersOnRename
MISS: docker_cli_links_test.go:15: DockerSuite.TestLinksPingUnlinkedContainers
MISS: docker_cli_links_test.go:158: DockerSuite.TestLinksUpdateOnRestart
MISS: docker_cli_save_load_test.go:332: DockerSuite.TestLoadZeroSizeLayer
MISS: docker_cli_login_test.go:11: DockerSuite.TestLoginWithoutTTY
MISS: docker_api_logs_test.go:87: DockerSuite.TestLogsAPIContainerNotFound
MISS: docker_api_logs_test.go:72: DockerSuite.TestLogsAPIFollowEmptyOutput
MISS: docker_api_logs_test.go:59: DockerSuite.TestLogsAPINoStdoutNorStderr
MISS: docker_api_logs_test.go:151: DockerSuite.TestLogsAPIUntil
MISS: docker_api_logs_test.go:189: DockerSuite.TestLogsAPIUntilDefaultValue
MISS: docker_api_logs_test.go:94: DockerSuite.TestLogsAPIUntilFutureFollow
MISS: docker_api_logs_test.go:23: DockerSuite.TestLogsAPIWithStdout
MISS: docker_cli_logs_test.go:318: DockerSuite.TestLogsCLIContainerNotFound
MISS: docker_cli_logs_test.go:24: DockerSuite.TestLogsContainerBiggerThanPage
MISS: docker_cli_logs_test.go:29: DockerSuite.TestLogsContainerMuchBiggerThanPage
MISS: docker_cli_logs_test.go:19: DockerSuite.TestLogsContainerSmallerThanPage
MISS: docker_cli_logs_test.go:300: DockerSuite.TestLogsFollowGoroutinesNoOutput
MISS: docker_cli_logs_test.go:272: DockerSuite.TestLogsFollowGoroutinesWithStdout
MISS: docker_cli_logs_test.go:214: DockerSuite.TestLogsFollowSlowStdoutConsumer
MISS: docker_cli_logs_test.go:124: DockerSuite.TestLogsFollowStopped
MISS: docker_cli_logs_test.go:66: DockerSuite.TestLogsSeparateStderr
MISS: docker_cli_logs_test.go:145: DockerSuite.TestLogsSince
MISS: docker_cli_logs_test.go:180: DockerSuite.TestLogsSinceFutureFollow
MISS: docker_cli_logs_test.go:77: DockerSuite.TestLogsStderrInStdout
MISS: docker_cli_logs_test.go:92: DockerSuite.TestLogsTail
MISS: docker_cli_logs_test.go:41: DockerSuite.TestLogsTimestamps
MISS: docker_cli_logs_test.go:325: DockerSuite.TestLogsWithDetails
MISS: docker_cli_run_test.go:2909: DockerSuite.TestMountIntoProc
MISS: docker_cli_run_test.go:2918: DockerSuite.TestMountIntoSys
MISS: docker_cli_netmode_test.go:33: DockerSuite.TestNetHostname
MISS: docker_cli_netmode_test.go:26: DockerSuite.TestNetHostnameWithNetHost
MISS: docker_cli_run_test.go:3513: DockerSuite.TestNetworkRmWithActiveContainers
MISS: docker_cli_run_test.go:2695: DockerSuite.TestPermissionsPtsReadonlyRootfs
MISS: docker_cli_plugins_test.go:76: DockerSuite.TestPluginActive
MISS: docker_cli_plugins_test.go:99: DockerSuite.TestPluginActiveNetwork
MISS: docker_cli_plugins_test.go:344: DockerSuite.TestPluginInspectOnWindows
MISS: docker_cli_plugins_test.go:150: DockerSuite.TestPluginInstallDisableVolumeLs
MISS: docker_cli_plugins_logdriver_test.go:12: DockerSuite.TestPluginLogDriver
MISS: docker_cli_plugins_logdriver_test.go:32: DockerSuite.TestPluginLogDriverInfoList
MISS: docker_cli_plugins_test.go:474: DockerSuite.TestPluginMetricsCollector
MISS: docker_cli_plugins_test.go:442: DockerSuite.TestPluginUpgrade
MISS: docker_cli_port_test.go:329: DockerSuite.TestPortBindingOnSandbox
MISS: docker_cli_port_test.go:307: DockerSuite.TestPortExposeHostBinding
MISS: docker_cli_port_test.go:285: DockerSuite.TestPortHostBinding
MISS: docker_cli_port_test.go:15: DockerSuite.TestPortList
MISS: docker_api_containers_test.go:1325: DockerSuite.TestPostContainerAPICreateWithStringOrSliceEntrypoint
MISS: docker_api_attach_test.go:99: DockerSuite.TestPostContainersAttach
MISS: docker_api_attach_test.go:78: DockerSuite.TestPostContainersAttachContainerNotFound
MISS: docker_api_containers_test.go:1589: DockerSuite.TestPostContainersCreateMemorySwappinessHostConfigOmitted
MISS: docker_api_containers_test.go:1503: DockerSuite.TestPostContainersCreateShmSizeHostConfigOmitted
MISS: docker_api_containers_test.go:1485: DockerSuite.TestPostContainersCreateShmSizeNegative
MISS: docker_api_containers_test.go:1531: DockerSuite.TestPostContainersCreateShmSizeOmitted
MISS: docker_api_containers_test.go:1614: DockerSuite.TestPostContainersCreateWithOomScoreAdjInvalidRange
MISS: docker_api_containers_test.go:1558: DockerSuite.TestPostContainersCreateWithShmSize
MISS: docker_api_containers_test.go:1380: DockerSuite.TestPostContainersCreateWithStringOrSliceCapAddDrop
MISS: docker_api_containers_test.go:1353: DockerSuite.TestPostContainersCreateWithStringOrSliceCmd
MISS: docker_api_containers_test.go:1452: DockerSuite.TestPostContainersCreateWithWrongCpusetValues
MISS: docker_cli_ps_test.go:794: DockerSuite.TestPsByOrder
MISS: docker_cli_ps_test.go:547: DockerSuite.TestPsImageIDAfterUpdate
MISS: docker_cli_ps_test.go:19: DockerSuite.TestPsListContainersBase
MISS: docker_cli_ps_test.go:306: DockerSuite.TestPsListContainersFilterAncestorImage
MISS: docker_cli_ps_test.go:516: DockerSuite.TestPsListContainersFilterCreated
MISS: docker_cli_ps_test.go:437: DockerSuite.TestPsListContainersFilterExited
MISS: docker_cli_ps_test.go:227: DockerSuite.TestPsListContainersFilterHealth
MISS: docker_cli_ps_test.go:270: DockerSuite.TestPsListContainersFilterID
MISS: docker_cli_ps_test.go:401: DockerSuite.TestPsListContainersFilterLabel
MISS: docker_cli_ps_test.go:284: DockerSuite.TestPsListContainersFilterName
MISS: docker_cli_ps_test.go:714: DockerSuite.TestPsListContainersFilterNetwork
MISS: docker_cli_ps_test.go:813: DockerSuite.TestPsListContainersFilterPorts
MISS: docker_cli_ps_test.go:180: DockerSuite.TestPsListContainersFilterStatus
MISS: docker_cli_ps_test.go:140: DockerSuite.TestPsListContainersSize
MISS: docker_cli_ps_test.go:849: DockerSuite.TestPsNotShowLinknamesOfDeletedContainer
MISS: docker_cli_ps_test.go:596: DockerSuite.TestPsNotShowPortsOfStoppedContainer
MISS: docker_cli_ps_test.go:470: DockerSuite.TestPsRightTagName
MISS: docker_cli_ps_test.go:614: DockerSuite.TestPsShowMounts
MISS: docker_cli_run_test.go:3144: DockerSuite.TestPtraceContainerProcsFromHost
MISS: docker_cli_pull_test.go:263: DockerSuite.TestPullLinuxImageFailsOnWindows
MISS: docker_cli_pull_test.go:270: DockerSuite.TestPullWindowsImageFailsOnLinux
MISS: docker_cli_push_test.go:291: DockerSuite.TestPushToCentralRegistryUnauthorized
MISS: docker_cli_push_test.go:38: DockerSuite.TestPushUnprefixedRepo
MISS: docker_api_containers_test.go:1425: DockerSuite.TestPutContainerArchiveErrSymlinkInVolumeToReadOnlyRootfs
MISS: docker_cli_restart_test.go:297: DockerSuite.TestRestartAutoRemoveContainer
MISS: docker_cli_restart_test.go:166: DockerSuite.TestRestartContainerSuccess
MISS: docker_cli_restart_test.go:151: DockerSuite.TestRestartContainerwithGoodContainer
MISS: docker_cli_restart_test.go:266: DockerSuite.TestRestartContainerwithRestartPolicy
MISS: docker_cli_restart_test.go:78: DockerSuite.TestRestartDisconnectedContainer
MISS: docker_cli_restart_test.go:236: DockerSuite.TestRestartPolicyAfterRestart
MISS: docker_cli_restart_test.go:103: DockerSuite.TestRestartPolicyAlways
MISS: docker_cli_restart_test.go:95: DockerSuite.TestRestartPolicyNO
MISS: docker_cli_restart_test.go:116: DockerSuite.TestRestartPolicyOnFailure
MISS: docker_cli_restart_test.go:30: DockerSuite.TestRestartRunningContainer
MISS: docker_cli_restart_test.go:13: DockerSuite.TestRestartStoppedContainer
MISS: docker_cli_restart_test.go:192: DockerSuite.TestRestartWithPolicyUserDefinedNetwork
MISS: docker_cli_restart_test.go:53: DockerSuite.TestRestartWithVolumes
MISS: docker_cli_rmi_test.go:217: DockerSuite.TestRmiBlank
MISS: docker_cli_rmi_test.go:327: DockerSuite.TestRmiByIDHardConflict
MISS: docker_cli_rmi_test.go:227: DockerSuite.TestRmiContainerImageNotFound
MISS: docker_cli_rmi_test.go:171: DockerSuite.TestRmiForceWithExistingContainers
MISS: docker_cli_rmi_test.go:199: DockerSuite.TestRmiForceWithMultipleRepositories
MISS: docker_cli_rmi_test.go:144: DockerSuite.TestRmiImageIDForceWithRunningContainersAndMultipleTags
MISS: docker_cli_rmi_test.go:106: DockerSuite.TestRmiImgIDForce
MISS: docker_cli_rmi_test.go:65: DockerSuite.TestRmiImgIDMultipleTag
MISS: docker_cli_rmi_test.go:297: DockerSuite.TestRmiParentImageFail
MISS: docker_cli_rmi_test.go:37: DockerSuite.TestRmiTag
MISS: docker_cli_rmi_test.go:159: DockerSuite.TestRmiTagWithExistingContainers
MISS: docker_cli_rmi_test.go:253: DockerSuite.TestRmiUntagHistoryLayer
MISS: docker_cli_rmi_test.go:16: DockerSuite.TestRmiWithContainerFails
MISS: docker_cli_rmi_test.go:185: DockerSuite.TestRmiWithMultipleRepositories
MISS: docker_cli_rmi_test.go:310: DockerSuite.TestRmiWithParentInUse
MISS: docker_cli_run_test.go:4522: DockerSuite.TestRunAddDeviceCgroupRule
MISS: docker_cli_run_test.go:1580: DockerSuite.TestRunAddHost
MISS: docker_cli_run_test.go:4039: DockerSuite.TestRunAddHostInHostMode
MISS: docker_cli_run_test.go:1172: DockerSuite.TestRunAddingOptionalDevices
MISS: docker_cli_run_test.go:1190: DockerSuite.TestRunAddingOptionalDevicesInvalidMode
MISS: docker_cli_run_test.go:1181: DockerSuite.TestRunAddingOptionalDevicesNoSrc
MISS: docker_cli_run_test.go:2061: DockerSuite.TestRunAllocatePortInReservedRange
MISS: docker_cli_run_test.go:1231: DockerSuite.TestRunAllowBindMountingRoot
MISS: docker_cli_run_test.go:2266: DockerSuite.TestRunAllowPortRangeThroughExpose
MISS: docker_cli_run_test.go:2624: DockerSuite.TestRunAllowPortRangeThroughPublish
MISS: docker_cli_run_test.go:573: DockerSuite.TestRunApplyVolumesFromBeforeVolumes
MISS: docker_cli_run_test.go:3920: DockerSuite.TestRunAttachFailedNoLeak
MISS: docker_cli_run_test.go:1592: DockerSuite.TestRunAttachStdErrOnlyTTYMode
MISS: docker_cli_run_test.go:1608: DockerSuite.TestRunAttachStdOutAndErrTTYMode
MISS: docker_cli_run_test.go:1600: DockerSuite.TestRunAttachStdOutOnlyTTYMode
MISS: docker_cli_run_test.go:1617: DockerSuite.TestRunAttachWithDetach
MISS: docker_cli_run_test.go:1882: DockerSuite.TestRunBindMounts
MISS: docker_cli_run_test.go:1053: DockerSuite.TestRunCapAddALLCanDownInterface
MISS: docker_cli_run_test.go:1063: DockerSuite.TestRunCapAddALLDropNetAdminCanDownInterface
MISS: docker_cli_run_test.go:3008: DockerSuite.TestRunCapAddCHOWN
MISS: docker_cli_run_test.go:1043: DockerSuite.TestRunCapAddCanDownInterface
MISS: docker_cli_run_test.go:1034: DockerSuite.TestRunCapAddInvalid
MISS: docker_cli_run_test.go:3194: DockerSuite.TestRunCapAddSYSTIME
MISS: docker_cli_run_test.go:1024: DockerSuite.TestRunCapDropALLAddMknodCanMknod
MISS: docker_cli_run_test.go:1012: DockerSuite.TestRunCapDropALLCannotMknod
MISS: docker_cli_run_test.go:986: DockerSuite.TestRunCapDropCannotMknod
MISS: docker_cli_run_test.go:999: DockerSuite.TestRunCapDropCannotMknodLowerCase
MISS: docker_cli_run_test.go:977: DockerSuite.TestRunCapDropInvalid
MISS: docker_cli_run_test.go:1964: DockerSuite.TestRunCidFileCheckIDLength
MISS: docker_cli_run_test.go:1933: DockerSuite.TestRunCidFileCleanupIfEmpty
MISS: docker_cli_run_test.go:1695: DockerSuite.TestRunCleanupCmdOnEntrypoint
MISS: docker_cli_run_test.go:3336: DockerSuite.TestRunContainerNetModeWithDNSMacHosts
MISS: docker_cli_run_test.go:3360: DockerSuite.TestRunContainerNetModeWithExposePort
MISS: docker_cli_run_test.go:922: DockerSuite.TestRunContainerNetwork
MISS: docker_cli_run_test.go:3327: DockerSuite.TestRunContainerNetworkModeToSelf
MISS: docker_cli_run_test.go:3311: DockerSuite.TestRunContainerWithCgroupMountRO
MISS: docker_cli_run_test.go:3237: DockerSuite.TestRunContainerWithCgroupParent
MISS: docker_cli_run_test.go:2734: DockerSuite.TestRunContainerWithReadonlyEtcHostsAndLinkedContainer
MISS: docker_cli_run_test.go:2683: DockerSuite.TestRunContainerWithReadonlyRootfs
MISS: docker_cli_run_test.go:2756: DockerSuite.TestRunContainerWithReadonlyRootfsWithAddHostFlag
MISS: docker_cli_run_test.go:2746: DockerSuite.TestRunContainerWithReadonlyRootfsWithDNSFlag
MISS: docker_cli_run_test.go:2793: DockerSuite.TestRunContainerWithRmFlagCannotStartContainer
MISS: docker_cli_run_test.go:2779: DockerSuite.TestRunContainerWithRmFlagExitCodeNotEqualToZero
MISS: docker_cli_run_test.go:2679: DockerSuite.TestRunContainerWithWritableRootfs
MISS: docker_cli_run_test.go:1680: DockerSuite.TestRunCopyVolumeContent
MISS: docker_cli_run_test.go:1662: DockerSuite.TestRunCopyVolumeUIDGID
MISS: docker_cli_run_test.go:3202: DockerSuite.TestRunCreateContainerFailedCleanUp
MISS: docker_cli_run_test.go:612: DockerSuite.TestRunCreateVolume
MISS: docker_cli_run_test.go:2153: DockerSuite.TestRunCreateVolumeEtc
MISS: docker_cli_run_test.go:622: DockerSuite.TestRunCreateVolumeWithSymlink
MISS: docker_cli_run_test.go:378: DockerSuite.TestRunCreateVolumesInSymlinkDir
MISS: docker_cli_run_test.go:422: DockerSuite.TestRunCreateVolumesInSymlinkDir2
MISS: docker_cli_run_test.go:4146: DockerSuite.TestRunCredentialSpecFailures
MISS: docker_cli_run_test.go:4166: DockerSuite.TestRunCredentialSpecWellFormed
MISS: docker_cli_run_test.go:1254: DockerSuite.TestRunDNSDefaultOptions
MISS: docker_cli_run_test.go:4004: DockerSuite.TestRunDNSInHostMode
MISS: docker_cli_run_test.go:1288: DockerSuite.TestRunDNSOptions
MISS: docker_cli_run_test.go:1322: DockerSuite.TestRunDNSOptionsBasedOnHostResolvConf
MISS: docker_cli_run_test.go:1312: DockerSuite.TestRunDNSRepeatOptions
MISS: docker_cli_run_test.go:2026: DockerSuite.TestRunDeallocatePortOnMissingIptablesRule
MISS: docker_cli_run_test.go:121: DockerSuite.TestRunDetachedContainerIDPrinting
MISS: docker_cli_run_test.go:1141: DockerSuite.TestRunDeviceNumbers
MISS: docker_cli_run_test.go:1240: DockerSuite.TestRunDisallowBindMountingRootToRoot
MISS: docker_cli_run_test.go:4173: DockerSuite.TestRunDuplicateMount
MISS: docker_cli_run_test.go:51: DockerSuite.TestRunEchoNamedContainer
MISS: docker_cli_run_test.go:43: DockerSuite.TestRunEchoStdout
MISS: docker_cli_run_test.go:4259: DockerSuite.TestRunEmptyEnv
MISS: docker_cli_run_test.go:1871: DockerSuite.TestRunEntrypoint
MISS: docker_cli_run_test.go:817: DockerSuite.TestRunEnvironment
MISS: docker_cli_run_test.go:856: DockerSuite.TestRunEnvironmentErase
MISS: docker_cli_run_test.go:889: DockerSuite.TestRunEnvironmentOverride
MISS: docker_cli_run_test.go:699: DockerSuite.TestRunExitCode
MISS: docker_cli_run_test.go:90: DockerSuite.TestRunExitCodeOne
MISS: docker_cli_run_test.go:85: DockerSuite.TestRunExitCodeZero
MISS: docker_cli_run_test.go:1734: DockerSuite.TestRunExitOnStdinClose
MISS: docker_cli_run_test.go:2289: DockerSuite.TestRunExposePort
MISS: docker_cli_run_test.go:948: DockerSuite.TestRunFullHostnameSet
MISS: docker_cli_run_test.go:1075: DockerSuite.TestRunGroupAdd
MISS: docker_cli_run_test.go:4501: DockerSuite.TestRunHostnameFQDN
MISS: docker_cli_run_test.go:4514: DockerSuite.TestRunHostnameInHostMode
MISS: docker_cli_run_test.go:4242: DockerSuite.TestRunHypervIsolationWithCPUCountCPUSharesAndCPUPercent
MISS: docker_cli_run_test.go:3726: DockerSuite.TestRunInitLayerPathOwnership
MISS: docker_cli_run_test.go:2004: DockerSuite.TestRunInspectMacAddress
MISS: docker_cli_run_test.go:1791: DockerSuite.TestRunInteractiveWithRestartPolicy
MISS: docker_cli_run_test.go:3272: DockerSuite.TestRunInvalidCgroupParent
MISS: docker_cli_run_test.go:3714: DockerSuite.TestRunInvalidReference
MISS: docker_cli_run_test.go:60: DockerSuite.TestRunLeakyFileDescriptors
MISS: docker_cli_run_test.go:3381: DockerSuite.TestRunLinkToContainerNetMode
MISS: docker_cli_run_test.go:193: DockerSuite.TestRunLinksContainerWithContainerID
MISS: docker_cli_run_test.go:178: DockerSuite.TestRunLinksContainerWithContainerName
MISS: docker_cli_run_test.go:72: DockerSuite.TestRunLookupGoogleDNS
MISS: docker_cli_run_test.go:3391: DockerSuite.TestRunLoopbackOnlyExistsWhenNetworkingDisabled
MISS: docker_cli_run_test.go:3417: DockerSuite.TestRunLoopbackWhenNetworkDisabled
MISS: docker_cli_run_test.go:1199: DockerSuite.TestRunModeHostname
MISS: docker_cli_run_test.go:2317: DockerSuite.TestRunModeIpcContainerNotExists
MISS: docker_cli_run_test.go:2326: DockerSuite.TestRunModeIpcContainerNotRunning
MISS: docker_cli_run_test.go:2295: DockerSuite.TestRunModeIpcHost
MISS: docker_cli_run_test.go:3425: DockerSuite.TestRunModeNetContainerHostname
MISS: docker_cli_run_test.go:2339: DockerSuite.TestRunModePIDContainer
MISS: docker_cli_run_test.go:2364: DockerSuite.TestRunModePIDContainerNotExists
MISS: docker_cli_run_test.go:2373: DockerSuite.TestRunModePIDContainerNotRunning
MISS: docker_cli_run_test.go:2431: DockerSuite.TestRunModePIDHost
MISS: docker_cli_run_test.go:2453: DockerSuite.TestRunModeUTSHost
MISS: docker_cli_run_test.go:4321: DockerSuite.TestRunMount
MISS: docker_cli_run_test.go:2082: DockerSuite.TestRunMountOrdering
MISS: docker_cli_run_test.go:4309: DockerSuite.TestRunMountReadOnlyDevShm
MISS: docker_cli_run_test.go:2386: DockerSuite.TestRunMountShmMqueueFromHost
MISS: docker_cli_run_test.go:582: DockerSuite.TestRunMultipleVolumesFrom
MISS: docker_cli_exec_test.go:395: DockerSuite.TestRunMutableNetworkFiles
MISS: docker_cli_run_test.go:3214: DockerSuite.TestRunNamedVolume
MISS: docker_cli_run_test.go:3858: DockerSuite.TestRunNamedVolumeCopyImageData
MISS: docker_cli_run_test.go:3872: DockerSuite.TestRunNamedVolumeNotRemoved
MISS: docker_cli_run_test.go:3889: DockerSuite.TestRunNamedVolumesFromNotRemoved
MISS: docker_cli_run_test.go:3851: DockerSuite.TestRunNamedVolumesMountedAsShared
MISS: docker_cli_run_test.go:2606: DockerSuite.TestRunNetContainerWhichHost
MISS: docker_cli_run_test.go:2575: DockerSuite.TestRunNetHost
MISS: docker_cli_run_test.go:931: DockerSuite.TestRunNetHostNotAllowedWithLinks
MISS: docker_cli_run_test.go:2597: DockerSuite.TestRunNetHostTwiceSameName
MISS: docker_cli_run_test.go:3069: DockerSuite.TestRunNetworkFilesBindMount
MISS: docker_cli_run_test.go:3093: DockerSuite.TestRunNetworkFilesBindMountRO
MISS: docker_cli_run_test.go:3115: DockerSuite.TestRunNetworkFilesBindMountROFilesystem
MISS: docker_cli_run_test.go:3438: DockerSuite.TestRunNetworkNotInitializedNoneMode
MISS: docker_cli_run_test.go:521: DockerSuite.TestRunNoDupVolumes
MISS: docker_cli_run_test.go:2194: DockerSuite.TestRunNoOutputFromPullInStdout
MISS: docker_cli_run_test.go:3663: DockerSuite.TestRunNonExecutableCmd
MISS: docker_cli_run_test.go:3672: DockerSuite.TestRunNonExistingCmd
MISS: docker_cli_run_test.go:3697: DockerSuite.TestRunNonExistingImage
MISS: docker_cli_run_test.go:2558: DockerSuite.TestRunNonLocalMacAddress
MISS: docker_cli_run_test.go:1404: DockerSuite.TestRunNonRootUserResolvName
MISS: docker_cli_run_test.go:2806: DockerSuite.TestRunPIDHostWithChildIsKillable
MISS: docker_cli_run_test.go:2494: DockerSuite.TestRunPortFromDockerRangeInUse
MISS: docker_cli_run_test.go:2042: DockerSuite.TestRunPortInUse
MISS: docker_cli_run_test.go:957: DockerSuite.TestRunPrivilegedCanMknod
MISS: docker_cli_run_test.go:1086: DockerSuite.TestRunPrivilegedCanMount
MISS: docker_cli_run_test.go:1125: DockerSuite.TestRunProcNotWritableInNonPrivilegedContainers
MISS: docker_cli_run_test.go:1133: DockerSuite.TestRunProcWritableInPrivilegedContainers
MISS: docker_cli_run_test.go:4224: DockerSuite.TestRunProcessIsolationWithCPUCountCPUSharesAndCPUPercent
MISS: docker_cli_run_test.go:2983: DockerSuite.TestRunPublishPort
MISS: docker_cli_run_test.go:2886: DockerSuite.TestRunReadFilteredProc
MISS: docker_cli_run_test.go:2865: DockerSuite.TestRunReadProcLatency
MISS: docker_cli_run_test.go:2850: DockerSuite.TestRunReadProcTimer
MISS: docker_cli_run_test.go:1426: DockerSuite.TestRunResolvconfUpdate
MISS: docker_cli_run_test.go:2656: DockerSuite.TestRunRestartMaxRetries
MISS: docker_cli_run_test.go:2127: DockerSuite.TestRunReuseBindVolumeThatIsSymlink
MISS: docker_cli_run_test.go:4057: DockerSuite.TestRunRm
MISS: docker_cli_run_test.go:4047: DockerSuite.TestRunRmAndWait
MISS: docker_cli_run_test.go:4068: DockerSuite.TestRunRmPre125Api
MISS: docker_cli_run_test.go:1220: DockerSuite.TestRunRootWorkdir
MISS: docker_cli_run_test.go:2648: DockerSuite.TestRunSetDefaultRestartPolicy
MISS: docker_cli_run_test.go:1988: DockerSuite.TestRunSetMacAddress
MISS: docker_cli_run_test.go:2238: DockerSuite.TestRunSlowStdoutConsumer
MISS: docker_cli_run_test.go:1625: DockerSuite.TestRunState
MISS: docker_cli_run_test.go:3617: DockerSuite.TestRunStdinBlockedAfterContainerExit
MISS: docker_cli_run_test.go:97: DockerSuite.TestRunStdinPipe
MISS: docker_cli_run_test.go:4132: DockerSuite.TestRunStoppedLoggingDriverNoLeak
MISS: docker_cli_run_test.go:1109: DockerSuite.TestRunSysNotWritableInNonPrivilegedContainers
MISS: docker_cli_run_test.go:1117: DockerSuite.TestRunSysWritableInPrivilegedContainers
MISS: docker_cli_run_test.go:2478: DockerSuite.TestRunTLSVerify
MISS: docker_cli_run_test.go:2526: DockerSuite.TestRunTTYWithPipe
MISS: docker_cli_run_test.go:1157: DockerSuite.TestRunThatCharacterDevicesActLikeCharacterDevices
MISS: docker_cli_run_test.go:795: DockerSuite.TestRunTwoConcurrentContainers
MISS: docker_cli_run_test.go:967: DockerSuite.TestRunUnprivilegedCanMknod
MISS: docker_cli_run_test.go:1096: DockerSuite.TestRunUnprivilegedCannotMount
MISS: docker_cli_run_test.go:1166: DockerSuite.TestRunUnprivilegedWithChroot
MISS: docker_cli_run_test.go:4080: DockerSuite.TestRunUnsetEntrypoint
MISS: docker_cli_run_test.go:2925: DockerSuite.TestRunUnshareProc
MISS: docker_cli_run_test.go:736: DockerSuite.TestRunUserByID
MISS: docker_cli_run_test.go:746: DockerSuite.TestRunUserByIDBig
MISS: docker_cli_run_test.go:759: DockerSuite.TestRunUserByIDNegative
MISS: docker_cli_run_test.go:772: DockerSuite.TestRunUserByIDZero
MISS: docker_cli_run_test.go:726: DockerSuite.TestRunUserByName
MISS: docker_cli_run_test.go:715: DockerSuite.TestRunUserDefaults
MISS: docker_cli_run_test.go:785: DockerSuite.TestRunUserNotFound
MISS: docker_cli_run_test.go:593: DockerSuite.TestRunVerifyContainerID
MISS: docker_cli_run_test.go:3969: DockerSuite.TestRunVolumeCopyFlag
MISS: docker_cli_run_test.go:3962: DockerSuite.TestRunVolumeWithOneCharacter
MISS: docker_cli_run_test.go:2207: DockerSuite.TestRunVolumesCleanPaths
MISS: docker_cli_run_test.go:473: DockerSuite.TestRunVolumesFromInReadWriteMode
MISS: docker_cli_run_test.go:452: DockerSuite.TestRunVolumesFromInReadonlyModeFails
MISS: docker_cli_run_test.go:2766: DockerSuite.TestRunVolumesFromRestartAfterRemoved
MISS: docker_cli_run_test.go:658: DockerSuite.TestRunVolumesFromSymlinkPath
MISS: docker_cli_run_test.go:446: DockerSuite.TestRunVolumesMountedAsReadonly
MISS: docker_cli_run_test.go:3771: DockerSuite.TestRunVolumesMountedAsShared
MISS: docker_cli_run_test.go:3802: DockerSuite.TestRunVolumesMountedAsSlave
MISS: docker_cli_run_test.go:4194: DockerSuite.TestRunWindowsWithCPUCount
MISS: docker_cli_run_test.go:4214: DockerSuite.TestRunWindowsWithCPUPercent
MISS: docker_cli_run_test.go:4204: DockerSuite.TestRunWindowsWithCPUShares
MISS: docker_cli_run_test.go:1856: DockerSuite.TestRunWithBadDevice
MISS: docker_cli_run_test.go:341: DockerSuite.TestRunWithDaemonFlags
MISS: docker_cli_run_test.go:2018: DockerSuite.TestRunWithInvalidMacAddress
MISS: docker_cli_run_test.go:282: DockerSuite.TestRunWithNetAliasOnDefaultNetworks
MISS: docker_cli_run_test.go:3743: DockerSuite.TestRunWithOomScoreAdj
MISS: docker_cli_run_test.go:3754: DockerSuite.TestRunWithOomScoreAdjInvalidRange
MISS: docker_cli_run_test.go:2829: DockerSuite.TestRunWithTooSmallMemoryLimit
MISS: docker_cli_run_test.go:3226: DockerSuite.TestRunWithUlimits
MISS: docker_cli_run_test.go:348: DockerSuite.TestRunWithVolumesFromExited
MISS: docker_cli_run_test.go:159: DockerSuite.TestRunWithoutNetworking
MISS: docker_cli_run_test.go:1720: DockerSuite.TestRunWorkdirExistsAndIsFile
MISS: docker_cli_run_test.go:136: DockerSuite.TestRunWorkingDirectory
MISS: docker_cli_run_test.go:3042: DockerSuite.TestRunWriteFilteredProc
MISS: docker_cli_run_test.go:1808: DockerSuite.TestRunWriteSpecialFilesAndNotCommit
MISS: docker_cli_run_test.go:2841: DockerSuite.TestRunWriteToProcAsound
MISS: docker_cli_run_test.go:3640: DockerSuite.TestRunWrongCpusetCpusFlagValue
MISS: docker_cli_run_test.go:3651: DockerSuite.TestRunWrongCpusetMemsFlagValue
MISS: docker_cli_save_load_test.go:157: DockerSuite.TestSaveAndLoadRepoFlags
MISS: docker_cli_save_load_test.go:99: DockerSuite.TestSaveCheckTimes
MISS: docker_cli_save_load_test.go:258: DockerSuite.TestSaveDirectoryPermissions
MISS: docker_cli_save_load_test.go:118: DockerSuite.TestSaveImageId
MISS: docker_cli_save_load_test.go:379: DockerSuite.TestSaveLoadNoTag
MISS: docker_cli_save_load_test.go:340: DockerSuite.TestSaveLoadParents
MISS: docker_cli_save_load_test.go:188: DockerSuite.TestSaveMultipleNames
MISS: docker_cli_save_load_test.go:206: DockerSuite.TestSaveRepoWithMultipleImages
MISS: docker_cli_save_load_test.go:84: DockerSuite.TestSaveSingleTag
MISS: docker_cli_save_load_test.go:178: DockerSuite.TestSaveWithNoExistImage
MISS: docker_cli_save_load_test.go:26: DockerSuite.TestSaveXzAndLoadRepoStdout
MISS: docker_cli_save_load_test.go:55: DockerSuite.TestSaveXzGzAndLoadRepoStdout
MISS: docker_cli_search_test.go:47: DockerSuite.TestSearchCmdOptions
MISS: docker_cli_search_test.go:12: DockerSuite.TestSearchOnCentralRegistry
MISS: docker_cli_search_test.go:96: DockerSuite.TestSearchOnCentralRegistryWithDash
MISS: docker_cli_search_test.go:19: DockerSuite.TestSearchStarsOptionWithWrongParameter
MISS: docker_cli_search_test.go:103: DockerSuite.TestSearchWithLimit
MISS: docker_cli_run_test.go:4278: DockerSuite.TestSlowStdinClosing
MISS: docker_cli_start_test.go:44: DockerSuite.TestStartAttachCorrectExitCode
MISS: docker_cli_start_test.go:145: DockerSuite.TestStartAttachMultipleContainers
MISS: docker_cli_start_test.go:15: DockerSuite.TestStartAttachReturnsOnError
MISS: docker_cli_start_test.go:57: DockerSuite.TestStartAttachSilent
MISS: docker_cli_start_test.go:174: DockerSuite.TestStartAttachWithRename
MISS: docker_cli_start_test.go:109: DockerSuite.TestStartMultipleContainers
MISS: docker_cli_start_test.go:94: DockerSuite.TestStartPausedContainer
MISS: docker_cli_start_test.go:69: DockerSuite.TestStartRecordError
MISS: docker_cli_start_test.go:189: DockerSuite.TestStartReturnCorrectExitCode
MISS: docker_cli_stats_test.go:122: DockerSuite.TestStatsAllNewContainersAdded
MISS: docker_cli_stats_test.go:93: DockerSuite.TestStatsAllNoStream
MISS: docker_cli_stats_test.go:57: DockerSuite.TestStatsAllRunningNoStream
MISS: docker_cli_stats_test.go:44: DockerSuite.TestStatsContainerNotFound
MISS: docker_cli_stats_test.go:163: DockerSuite.TestStatsFormatAll
MISS: docker_cli_stats_test.go:15: DockerSuite.TestStatsNoStream
MISS: docker_cli_top_test.go:11: DockerSuite.TestTopMultipleArgs
MISS: docker_cli_top_test.go:26: DockerSuite.TestTopNonPrivileged
MISS: docker_cli_top_test.go:61: DockerSuite.TestTopPrivileged
MISS: docker_cli_top_test.go:50: DockerSuite.TestTopWindowsCoreProcesses
MISS: docker_cli_run_test.go:3450: DockerSuite.TestTwoContainersInNetHost
MISS: docker_cli_port_test.go:212: DockerSuite.TestUnpublishedPortsInPsOutput
MISS: docker_cli_health_test.go:147: DockerSuite.TestUnsetEnvVarHealthCheck
MISS: docker_cli_run_test.go:293: DockerSuite.TestUserDefinedNetworkAlias
MISS: docker_cli_run_test.go:208: DockerSuite.TestUserDefinedNetworkLinks
MISS: docker_cli_run_test.go:244: DockerSuite.TestUserDefinedNetworkLinksWithRestart
MISS: docker_cli_volume_test.go:22: DockerSuite.TestVolumeCLICreate
MISS: docker_cli_volume_test.go:298: DockerSuite.TestVolumeCLICreateLabel
MISS: docker_cli_volume_test.go:310: DockerSuite.TestVolumeCLICreateLabelMultiple
MISS: docker_cli_volume_test.go:274: DockerSuite.TestVolumeCLICreateWithOpts
MISS: docker_cli_volume_test.go:38: DockerSuite.TestVolumeCLIInspect
MISS: docker_cli_volume_test.go:55: DockerSuite.TestVolumeCLIInspectMulti
MISS: docker_cli_volume_test.go:264: DockerSuite.TestVolumeCLIInspectTmplError
MISS: docker_cli_volume_test.go:72: DockerSuite.TestVolumeCLILs
MISS: docker_cli_volume_test.go:193: DockerSuite.TestVolumeCLILsErrorWithInvalidFilterName
MISS: docker_cli_volume_test.go:143: DockerSuite.TestVolumeCLILsFilterDangling
MISS: docker_cli_volume_test.go:367: DockerSuite.TestVolumeCLILsFilterDrivers
MISS: docker_cli_volume_test.go:337: DockerSuite.TestVolumeCLILsFilterLabels
MISS: docker_cli_volume_test.go:199: DockerSuite.TestVolumeCLILsWithIncorrectFilterValue
MISS: docker_cli_volume_test.go:241: DockerSuite.TestVolumeCLINoArgs
MISS: docker_cli_volume_test.go:205: DockerSuite.TestVolumeCLIRm
MISS: docker_cli_volume_test.go:406: DockerSuite.TestVolumeCLIRmForce
MISS: docker_cli_volume_test.go:430: DockerSuite.TestVolumeCLIRmForceInUse
MISS: docker_cli_volume_test.go:398: DockerSuite.TestVolumeCLIRmForceUsage
MISS: docker_cli_volume_test.go:468: DockerSuite.TestVolumeCliInspectWithVolumeOpts
MISS: docker_cli_run_test.go:3019: DockerSuite.TestVolumeFromMixedRWOptions
MISS: docker_cli_volume_test.go:85: DockerSuite.TestVolumeLsFormat
MISS: docker_cli_volume_test.go:94: DockerSuite.TestVolumeLsFormatDefaultFormat
MISS: docker_cli_run_test.go:496: DockerSuite.TestVolumesFromGetsProperMode
MISS: docker_cli_run_test.go:2174: DockerSuite.TestVolumesNoCopyData
MISS: docker_cli_run_test.go:4537: DockerSuite.TestWindowsRunAsSystem
SKIP: docker_cli_by_digest_test.go:184: DockerRegistrySuite.TestBuildByDigest
SKIP: docker_api_build_test.go:327: DockerRegistrySuite.TestBuildCopyFromForcePull
SKIP: docker_cli_build_test.go:5791: DockerRegistrySuite.TestBuildMultiStageImplicitPull
SKIP: docker_cli_pull_local_test.go:197: DockerRegistrySuite.TestConcurrentPullMultipleTags
SKIP: docker_cli_push_test.go:199: DockerRegistrySuite.TestConcurrentPush
SKIP: docker_cli_by_digest_test.go:130: DockerRegistrySuite.TestCreateByDigest
SKIP: docker_cli_push_test.go:207: DockerRegistrySuite.TestCrossRepositoryLayerPush
SKIP: docker_cli_by_digest_test.go:447: DockerRegistrySuite.TestDeleteImageByIDOnlyPulledByDigest
SKIP: docker_cli_by_digest_test.go:493: DockerRegistrySuite.TestDeleteImageWithDigestAndMultiRepoTag
SKIP: docker_cli_by_digest_test.go:466: DockerRegistrySuite.TestDeleteImageWithDigestAndTag
SKIP: docker_cli_events_test.go:545: DockerRegistrySuite.TestEventsImageFilterPush
SKIP: docker_cli_by_digest_test.go:391: DockerRegistrySuite.TestInspectImageWithDigests
SKIP: docker_cli_by_digest_test.go:318: DockerRegistrySuite.TestListDanglingImagesWithDigests
SKIP: docker_cli_by_digest_test.go:241: DockerRegistrySuite.TestListImagesWithDigests
SKIP: docker_cli_by_digest_test.go:228: DockerRegistrySuite.TestListImagesWithoutDigests
SKIP: docker_cli_by_digest_test.go:410: DockerRegistrySuite.TestPsListContainersFilterAncestorImageByDigest
SKIP: docker_cli_by_digest_test.go:105: DockerRegistrySuite.TestPullByDigest
SKIP: docker_cli_by_digest_test.go:122: DockerRegistrySuite.TestPullByDigestNoFallback
SKIP: docker_cli_by_digest_test.go:79: DockerRegistrySuite.TestPullByTagDisplaysDigest
SKIP: docker_cli_by_digest_test.go:612: DockerRegistrySuite.TestPullFailsWithAlteredLayer
SKIP: docker_cli_by_digest_test.go:530: DockerRegistrySuite.TestPullFailsWithAlteredManifest
SKIP: docker_cli_pull_local_test.go:258: DockerRegistrySuite.TestPullIDStability
SKIP: docker_cli_pull_local_test.go:54: DockerRegistrySuite.TestPullImageWithAliases
SKIP: docker_cli_pull_local_test.go:286: DockerRegistrySuite.TestPullManifestList
SKIP: docker_cli_pull_local_test.go:278: DockerRegistrySuite.TestPullNoLayers
SKIP: docker_cli_push_test.go:69: DockerRegistrySuite.TestPushBadTag
SKIP: docker_cli_push_test.go:29: DockerRegistrySuite.TestPushBusyboxImage
SKIP: docker_cli_push_test.go:145: DockerRegistrySuite.TestPushEmptyLayer
SKIP: docker_cli_push_test.go:114: DockerRegistrySuite.TestPushMultipleTags
SKIP: docker_cli_push_test.go:52: DockerRegistrySuite.TestPushUntagged
SKIP: docker_cli_by_digest_test.go:161: DockerRegistrySuite.TestRemoveImageByDigest
SKIP: docker_cli_by_digest_test.go:143: DockerRegistrySuite.TestRunByDigest
SKIP: docker_cli_pull_local_test.go:451: DockerRegistrySuite.TestRunImplicitPullWithNoTag
SKIP: docker_cli_by_digest_test.go:209: DockerRegistrySuite.TestTagByDigest
SKIP: docker_cli_registry_user_agent_test.go:73: DockerRegistrySuite.TestUserAgentPassThrough
SKIP: docker_cli_v2_only_test.go:27: DockerRegistrySuite.TestV2Only
SKIP: docker_cli_pull_local_test.go:201: DockerSchema1RegistrySuite.TestConcurrentPullMultipleTags
SKIP: docker_cli_push_test.go:203: DockerSchema1RegistrySuite.TestConcurrentPush
SKIP: docker_cli_push_test.go:248: DockerSchema1RegistrySuite.TestCrossRepositoryLayerPushNotSupported
SKIP: docker_cli_by_digest_test.go:109: DockerSchema1RegistrySuite.TestPullByDigest
SKIP: docker_cli_by_digest_test.go:126: DockerSchema1RegistrySuite.TestPullByDigestNoFallback
SKIP: docker_cli_by_digest_test.go:83: DockerSchema1RegistrySuite.TestPullByTagDisplaysDigest
SKIP: docker_cli_by_digest_test.go:655: DockerSchema1RegistrySuite.TestPullFailsWithAlteredLayer
SKIP: docker_cli_by_digest_test.go:570: DockerSchema1RegistrySuite.TestPullFailsWithAlteredManifest
SKIP: docker_cli_pull_local_test.go:262: DockerSchema1RegistrySuite.TestPullIDStability
SKIP: docker_cli_pull_local_test.go:58: DockerSchema1RegistrySuite.TestPullImageWithAliases
SKIP: docker_cli_pull_local_test.go:282: DockerSchema1RegistrySuite.TestPullNoLayers
SKIP: docker_cli_push_test.go:73: DockerSchema1RegistrySuite.TestPushBadTag
SKIP: docker_cli_push_test.go:33: DockerSchema1RegistrySuite.TestPushBusyboxImage
SKIP: docker_cli_push_test.go:149: DockerSchema1RegistrySuite.TestPushEmptyLayer
SKIP: docker_cli_push_test.go:118: DockerSchema1RegistrySuite.TestPushMultipleTags
SKIP: docker_cli_push_test.go:56: DockerSchema1RegistrySuite.TestPushUntagged
SKIP: docker_cli_build_test.go:5001: DockerRegistryAuthHtpasswdSuite.TestBuildFromAuthenticatedRegistry
SKIP: docker_cli_build_test.go:5019: DockerRegistryAuthHtpasswdSuite.TestBuildWithExternalAuth
SKIP: docker_cli_login_test.go:22: DockerRegistryAuthHtpasswdSuite.TestLoginToPrivateRegistry
SKIP: docker_cli_logout_test.go:15: DockerRegistryAuthHtpasswdSuite.TestLogoutWithExternalAuth
SKIP: docker_cli_logout_test.go:67: DockerRegistryAuthHtpasswdSuite.TestLogoutWithWrongHostnamesStored
SKIP: docker_cli_pull_local_test.go:415: DockerRegistryAuthHtpasswdSuite.TestPullWithExternalAuth
SKIP: docker_cli_pull_local_test.go:370: DockerRegistryAuthHtpasswdSuite.TestPullWithExternalAuthLoginWithScheme
SKIP: docker_cli_push_test.go:281: DockerRegistryAuthHtpasswdSuite.TestPushNoCredentialsNoRetry
SKIP: docker_cli_push_test.go:343: DockerRegistryAuthTokenSuite.TestPushMisconfiguredTokenServiceResponseError
SKIP: docker_cli_push_test.go:371: DockerRegistryAuthTokenSuite.TestPushMisconfiguredTokenServiceResponseNoToken
SKIP: docker_cli_push_test.go:330: DockerRegistryAuthTokenSuite.TestPushMisconfiguredTokenServiceResponseUnauthorized
SKIP: docker_cli_push_test.go:358: DockerRegistryAuthTokenSuite.TestPushMisconfiguredTokenServiceResponseUnparsable
SKIP: docker_cli_push_test.go:318: DockerRegistryAuthTokenSuite.TestPushTokenServiceUnauthResponse
SKIP: docker_cli_proxy_test.go:23: DockerDaemonSuite.TestCLIProxyProxyTCPSock
SKIP: docker_cli_exec_test.go:87: DockerDaemonSuite.TestExecAfterDaemonRestart
SKIP: docker_cli_info_test.go:212: DockerDaemonSuite.TestRegistryMirrors
SKIP: docker_cli_run_test.go:4110: DockerDaemonSuite.TestRunWithUlimitAndDaemonDefault
SKIP: docker_cli_plugins_test.go:31: DockerPluginSuite.TestPluginBasicOps
SKIP: docker_cli_plugins_test.go:262: DockerPluginSuite.TestPluginCreate
SKIP: docker_cli_plugins_test.go:240: DockerPluginSuite.TestPluginEnableDisableNegative
SKIP: docker_cli_plugins_test.go:62: DockerPluginSuite.TestPluginForceRemove
SKIP: docker_cli_plugins_test.go:354: DockerPluginSuite.TestPluginIDPrefix
SKIP: docker_cli_plugins_test.go:294: DockerPluginSuite.TestPluginInspect
SKIP: docker_cli_plugins_test.go:210: DockerPluginSuite.TestPluginInstallArgs
SKIP: docker_cli_plugins_test.go:126: DockerPluginSuite.TestPluginInstallDisable
SKIP: docker_cli_plugins_test.go:226: DockerPluginSuite.TestPluginInstallImage
SKIP: docker_cli_plugins_test.go:411: DockerPluginSuite.TestPluginListDefaultFormat
SKIP: docker_cli_plugins_test.go:159: DockerPluginSuite.TestPluginSet
OOPS: 304 passed, 282 skipped, 1 FAILED, 488 MISSED
--- FAIL: Test (6171.74s)
FAIL
exit status 1
FAIL	github.com/docker/docker/integration-cli	6171.855s


ERROR: Failed 'ERROR: Integration tests failed at 01/09/2019 15:59:38. Duration:01:43:00.6246683' at 01/09/2019 15:59:38
At C:\gopath\src\github.com\docker\docker\hack\ci\windows.ps1:844 char:17
+ ...             Throw "ERROR: Integration tests failed at $(Get-Date). Du ...
+                 ~~~~~~~~~~~~~~~~~~~~~~~~~~~~~~~~~~~~~~~~~~~~~~~~~~~~~~~~~



INFO: Tidying up at end of run
INFO: Saving daemon under test log (d:\CI\CI-cf4c4df873\dut.err) to d:\temp\CIDUT.log
INFO: Nuke-Everything...
INFO: Container count on control daemon to delete is 2
3b3050b83405
e71a9c095be3
INFO: Non-base image count on control daemon to delete is 1
Deleted: sha256:bd454300c4ab1a8c3cd46e3d58ad3c238dcac983a1ea8918672928bece290732
Deleted: sha256:338e2c2903679bc4b1fca7bbdd50d848ad11c3b28320e9373710264193a3fc82
INFO: Tidying pidfile d:\CI\CI-cf4c4df873\docker.pid
INFO: Stopping possible daemon pid 8540
ERROR: The process "8540" not found.


__GENUS          : 2
__CLASS          : __PARAMETERS
__SUPERCLASS     : 
__DYNASTY        : __PARAMETERS
__RELPATH        : 
__PROPERTY_COUNT : 1
__DERIVATION     : {}
__SERVER         : 
__NAMESPACE      : 
__PATH           : 
ReturnValue      : 0
PSComputerName   : 

INFO: Nuking d:\CI
INFO: Zapped successfully

INFO: executeCI.ps1 exiting at Wed Jan  9 16:00:05 CUT 2019. Duration 01:53:05.8275929



Build step 'Windows PowerShell' marked build as failure
Set build name.
New build name is '#38441'
[PostBuildScript] - Executing post build scripts.
Notifying endpoint with url 'https://leeroy.dockerproject.org/notification/jenkins'
Finished: FAILURE
