Started by user Gordon
Notifying endpoint with url 'https://leeroy.dockerproject.org/notification/jenkins'
[EnvInject] - Loading node environment variables.
Building remotely on ubuntu-1604-overlay2 (i-0b4612c5e8226f428) (x86_64 ubuntu overlay2 linux ubuntu-1604 ubuntu-1604-overlay2 ubuntu-1604-overlay2-stable amd64) in workspace /home/ubuntu/workspace/Docker-PRs
No credentials specified
Wiping out workspace first.
Cloning the remote Git repository
Cloning repository https://github.com/moby/moby.git
 > git init /home/ubuntu/workspace/Docker-PRs # timeout=10
Fetching upstream changes from https://github.com/moby/moby.git
 > git --version # timeout=10
 > git fetch --tags --progress https://github.com/moby/moby.git +refs/heads/*:refs/remotes/origin/*
 > git config remote.origin.url https://github.com/moby/moby.git # timeout=10
 > git config --add remote.origin.fetch +refs/heads/*:refs/remotes/origin/* # timeout=10
 > git config remote.origin.url https://github.com/moby/moby.git # timeout=10
Fetching upstream changes from https://github.com/moby/moby.git
 > git fetch --tags --progress https://github.com/moby/moby.git +refs/heads/*:refs/remotes/origin/*
 > git rev-parse origin/master^{commit} # timeout=10
Checking out Revision 8d760280a232f98d92440539e1e8a8f66c213bdb (origin/master)
 > git config core.sparsecheckout # timeout=10
 > git checkout -f 8d760280a232f98d92440539e1e8a8f66c213bdb
Commit message: "Merge pull request #39275 from wiktor-k/move-var-run-to-run"
 > git rev-list --no-walk 8d760280a232f98d92440539e1e8a8f66c213bdb # timeout=10
Set build name.
New build name is '#39292'
[Docker-PRs] $ /bin/bash /tmp/jenkins3565601331046485552.sh
From https://github.com/moby/moby
 * [new ref]         refs/pull/39292/head -> origin/pr/39292
Updating 8d76028..4e524ee
Fast-forward
 daemon/archive.go                    |  15 ++--
 daemon/export.go                     |   2 +-
 pkg/chrootarchive/archive.go         |  32 +++++++-
 pkg/chrootarchive/archive_unix.go    | 137 ++++++++++++++++++++++++++++++++++-
 pkg/chrootarchive/archive_windows.go |   9 ++-
 pkg/chrootarchive/init_unix.go       |   1 +
 6 files changed, 179 insertions(+), 17 deletions(-)
Sending build context to Docker daemon     48MB
Step 1/112 : ARG CROSS="false"
Step 2/112 : FROM golang:1.12.5 AS base
 ---> 7ced090ee82e
Step 3/112 : ARG APT_MIRROR=deb.debian.org
 ---> Using cache
 ---> 150bea384a91
Step 4/112 : RUN sed -ri "s/(httpredir|deb).debian.org/$APT_MIRROR/g" /etc/apt/sources.list
 ---> Using cache
 ---> 69a7708e601c
Step 5/112 : FROM base AS criu
 ---> 69a7708e601c
Step 6/112 : ENV CRIU_VERSION 3.11
 ---> Using cache
 ---> a7936319c6cd
Step 7/112 : RUN apt-get update && apt-get install -y 	libnet-dev 	libprotobuf-c0-dev 	libprotobuf-dev 	libnl-3-dev 	libcap-dev 	protobuf-compiler 	protobuf-c-compiler 	python-protobuf 	&& mkdir -p /usr/src/criu 	&& curl -sSL https://github.com/checkpoint-restore/criu/archive/v${CRIU_VERSION}.tar.gz | tar -C /usr/src/criu/ -xz --strip-components=1 	&& cd /usr/src/criu 	&& make 	&& make PREFIX=/build/ install-criu
 ---> Using cache
 ---> c4a06166281a
Step 8/112 : FROM base AS registry
 ---> 69a7708e601c
Step 9/112 : ENV REGISTRY_COMMIT 47a064d4195a9b56133891bbb13620c3ac83a827
 ---> Using cache
 ---> 063e2c49ef60
Step 10/112 : RUN set -x 	&& export GOPATH="$(mktemp -d)" 	&& git clone https://github.com/docker/distribution.git "$GOPATH/src/github.com/docker/distribution" 	&& (cd "$GOPATH/src/github.com/docker/distribution" && git checkout -q "$REGISTRY_COMMIT") 	&& GOPATH="$GOPATH/src/github.com/docker/distribution/Godeps/_workspace:$GOPATH" 		go build -buildmode=pie -o /build/registry-v2 github.com/docker/distribution/cmd/registry 	&& rm -rf "$GOPATH"
 ---> Using cache
 ---> f5b5518214e5
Step 11/112 : FROM base AS docker-py
 ---> 69a7708e601c
Step 12/112 : ENV DOCKER_PY_COMMIT ac922192959870774ad8428344d9faa0555f7ba6
 ---> Using cache
 ---> fac9e080599c
Step 13/112 : RUN git clone https://github.com/docker/docker-py.git /build 	&& cd /build 	&& git checkout -q $DOCKER_PY_COMMIT
 ---> Using cache
 ---> cb533a33ff9e
Step 14/112 : FROM base AS swagger
 ---> 69a7708e601c
Step 15/112 : ENV GO_SWAGGER_COMMIT c28258affb0b6251755d92489ef685af8d4ff3eb
 ---> Using cache
 ---> befaf52c42a3
Step 16/112 : RUN set -x 	&& export GOPATH="$(mktemp -d)" 	&& git clone https://github.com/go-swagger/go-swagger.git "$GOPATH/src/github.com/go-swagger/go-swagger" 	&& (cd "$GOPATH/src/github.com/go-swagger/go-swagger" && git checkout -q "$GO_SWAGGER_COMMIT") 	&& go build -o /build/swagger github.com/go-swagger/go-swagger/cmd/swagger 	&& rm -rf "$GOPATH"
 ---> Using cache
 ---> d90b04756c2b
Step 17/112 : FROM base AS frozen-images
 ---> 69a7708e601c
Step 18/112 : RUN apt-get update && apt-get install -y jq ca-certificates --no-install-recommends
 ---> Using cache
 ---> 7d1a8b34a85b
Step 19/112 : COPY contrib/download-frozen-image-v2.sh /
 ---> Using cache
 ---> 61d13ca32404
Step 20/112 : RUN /download-frozen-image-v2.sh /build 	buildpack-deps:jessie@sha256:dd86dced7c9cd2a724e779730f0a53f93b7ef42228d4344b25ce9a42a1486251 	busybox:latest@sha256:bbc3a03235220b170ba48a157dd097dd1379299370e1ed99ce976df0355d24f0 	busybox:glibc@sha256:0b55a30394294ab23b9afd58fab94e61a923f5834fba7ddbae7f8e0c11ba85e6 	debian:jessie@sha256:287a20c5f73087ab406e6b364833e3fb7b3ae63ca0eb3486555dc27ed32c6e60 	hello-world:latest@sha256:be0cd392e45be79ffeffa6b05338b98ebb16c87b255f48e297ec7f98e123905c
 ---> Using cache
 ---> 5a1ae89dae66
Step 21/112 : FROM base AS cross-false
 ---> 69a7708e601c
Step 22/112 : FROM base AS cross-true
 ---> 69a7708e601c
Step 23/112 : RUN dpkg --add-architecture armhf
 ---> Using cache
 ---> bb0a62c90a4e
Step 24/112 : RUN dpkg --add-architecture arm64
 ---> Using cache
 ---> 993953669b2d
Step 25/112 : RUN dpkg --add-architecture armel
 ---> Using cache
 ---> b5c9a5b8c5a0
Step 26/112 : RUN if [ "$(go env GOHOSTARCH)" = "amd64" ]; then 	apt-get update 	&& apt-get install -y --no-install-recommends 		crossbuild-essential-armhf 		crossbuild-essential-arm64 		crossbuild-essential-armel; 	fi
 ---> Using cache
 ---> f3776d4ab65c
Step 27/112 : FROM cross-${CROSS} as dev-base
 ---> 69a7708e601c
Step 28/112 : FROM dev-base AS runtime-dev-cross-false
 ---> 69a7708e601c
Step 29/112 : RUN apt-get update && apt-get install -y 	libapparmor-dev 	libseccomp-dev
 ---> Using cache
 ---> 84c7f7e7b766
Step 30/112 : FROM cross-true AS runtime-dev-cross-true
 ---> f3776d4ab65c
Step 31/112 : RUN if [ "$(go env GOHOSTARCH)" = "amd64" ]; then 	apt-get update 	&& apt-get install -y 		libseccomp-dev:armhf 		libseccomp-dev:arm64 		libseccomp-dev:armel 		libapparmor-dev:armhf 		libapparmor-dev:arm64 		libapparmor-dev:armel 		libapparmor-dev 		libseccomp-dev; 	fi
 ---> Using cache
 ---> ae5e55f6b77b
Step 32/112 : FROM runtime-dev-cross-${CROSS} AS runtime-dev
 ---> 84c7f7e7b766
Step 33/112 : FROM base AS tomlv
 ---> 69a7708e601c
Step 34/112 : ENV INSTALL_BINARY_NAME=tomlv
 ---> Using cache
 ---> c0dc1d1201c4
Step 35/112 : COPY hack/dockerfile/install/install.sh ./install.sh
 ---> Using cache
 ---> ba933d0f477d
Step 36/112 : COPY hack/dockerfile/install/$INSTALL_BINARY_NAME.installer ./
 ---> Using cache
 ---> d07a6168d9c3
Step 37/112 : RUN PREFIX=/build ./install.sh $INSTALL_BINARY_NAME
 ---> Using cache
 ---> ea309d941a31
Step 38/112 : FROM base AS vndr
 ---> 69a7708e601c
Step 39/112 : ENV INSTALL_BINARY_NAME=vndr
 ---> Using cache
 ---> fd14b85b1343
Step 40/112 : COPY hack/dockerfile/install/install.sh ./install.sh
 ---> Using cache
 ---> d5124f590056
Step 41/112 : COPY hack/dockerfile/install/$INSTALL_BINARY_NAME.installer ./
 ---> Using cache
 ---> 86135b4d80d2
Step 42/112 : RUN PREFIX=/build ./install.sh $INSTALL_BINARY_NAME
 ---> Using cache
 ---> a148fe4ccc33
Step 43/112 : FROM dev-base AS containerd
 ---> 69a7708e601c
Step 44/112 : RUN apt-get update && apt-get install -y btrfs-tools
 ---> Using cache
 ---> e36c66459378
Step 45/112 : ENV INSTALL_BINARY_NAME=containerd
 ---> Using cache
 ---> ecd12323fca2
Step 46/112 : COPY hack/dockerfile/install/install.sh ./install.sh
 ---> Using cache
 ---> 779669dc72e0
Step 47/112 : COPY hack/dockerfile/install/$INSTALL_BINARY_NAME.installer ./
 ---> Using cache
 ---> 08288761468c
Step 48/112 : RUN PREFIX=/build ./install.sh $INSTALL_BINARY_NAME
 ---> Using cache
 ---> b0a47152caa4
Step 49/112 : FROM dev-base AS proxy
 ---> 69a7708e601c
Step 50/112 : ENV INSTALL_BINARY_NAME=proxy
 ---> Using cache
 ---> 4695c42c8242
Step 51/112 : COPY hack/dockerfile/install/install.sh ./install.sh
 ---> Using cache
 ---> cdf276344c67
Step 52/112 : COPY hack/dockerfile/install/$INSTALL_BINARY_NAME.installer ./
 ---> Using cache
 ---> ea34c0df53d1
Step 53/112 : RUN PREFIX=/build ./install.sh $INSTALL_BINARY_NAME
 ---> Using cache
 ---> ffc787f9aee3
Step 54/112 : FROM base AS gometalinter
 ---> 69a7708e601c
Step 55/112 : ENV INSTALL_BINARY_NAME=gometalinter
 ---> Using cache
 ---> 6bad08eb9b0d
Step 56/112 : COPY hack/dockerfile/install/install.sh ./install.sh
 ---> Using cache
 ---> 5ede3a8870b4
Step 57/112 : COPY hack/dockerfile/install/$INSTALL_BINARY_NAME.installer ./
 ---> Using cache
 ---> 9e486ede241a
Step 58/112 : RUN PREFIX=/build ./install.sh $INSTALL_BINARY_NAME
 ---> Using cache
 ---> 31ea20a8871f
Step 59/112 : FROM dev-base AS dockercli
 ---> 69a7708e601c
Step 60/112 : ENV INSTALL_BINARY_NAME=dockercli
 ---> Using cache
 ---> f7ab0da33585
Step 61/112 : COPY hack/dockerfile/install/install.sh ./install.sh
 ---> Using cache
 ---> 7397abf4ae44
Step 62/112 : COPY hack/dockerfile/install/$INSTALL_BINARY_NAME.installer ./
 ---> Using cache
 ---> 25bcb404da70
Step 63/112 : RUN PREFIX=/build ./install.sh $INSTALL_BINARY_NAME
 ---> Using cache
 ---> bb0b696319a7
Step 64/112 : FROM runtime-dev AS runc
 ---> 84c7f7e7b766
Step 65/112 : ENV INSTALL_BINARY_NAME=runc
 ---> Using cache
 ---> 1c5f60da21a9
Step 66/112 : COPY hack/dockerfile/install/install.sh ./install.sh
 ---> Using cache
 ---> 77e9d7b877b1
Step 67/112 : COPY hack/dockerfile/install/$INSTALL_BINARY_NAME.installer ./
 ---> Using cache
 ---> b81365dee1e5
Step 68/112 : RUN PREFIX=/build ./install.sh $INSTALL_BINARY_NAME
 ---> Using cache
 ---> 5ab2b446bab7
Step 69/112 : FROM dev-base AS tini
 ---> 69a7708e601c
Step 70/112 : RUN apt-get update && apt-get install -y cmake vim-common
 ---> Using cache
 ---> e5f62e921f46
Step 71/112 : COPY hack/dockerfile/install/install.sh ./install.sh
 ---> Using cache
 ---> df151cc3fd41
Step 72/112 : ENV INSTALL_BINARY_NAME=tini
 ---> Using cache
 ---> 1842592a59da
Step 73/112 : COPY hack/dockerfile/install/$INSTALL_BINARY_NAME.installer ./
 ---> Using cache
 ---> 2dc46647d1ff
Step 74/112 : RUN PREFIX=/build ./install.sh $INSTALL_BINARY_NAME
 ---> Using cache
 ---> e7d979068923
Step 75/112 : FROM dev-base AS rootlesskit
 ---> 69a7708e601c
Step 76/112 : ENV INSTALL_BINARY_NAME=rootlesskit
 ---> Using cache
 ---> a80aae22947e
Step 77/112 : COPY hack/dockerfile/install/install.sh ./install.sh
 ---> Using cache
 ---> d1a9f1fd02e7
Step 78/112 : COPY hack/dockerfile/install/$INSTALL_BINARY_NAME.installer ./
 ---> Using cache
 ---> 833d48ec5d7c
Step 79/112 : RUN PREFIX=/build/ ./install.sh $INSTALL_BINARY_NAME
 ---> Using cache
 ---> 657010b3d5e7
Step 80/112 : COPY ./contrib/dockerd-rootless.sh /build
 ---> Using cache
 ---> 15a4a443efe6
Step 81/112 : FROM runtime-dev AS dev
 ---> 84c7f7e7b766
Step 82/112 : RUN groupadd -r docker
 ---> Using cache
 ---> 0afdbdff74b7
Step 83/112 : RUN useradd --create-home --gid docker unprivilegeduser
 ---> Using cache
 ---> dc730604a1fd
Step 84/112 : RUN ln -sfv /go/src/github.com/docker/docker/.bashrc ~/.bashrc
 ---> Using cache
 ---> 21af0c60e5ed
Step 85/112 : RUN echo "source /usr/share/bash-completion/bash_completion" >> /etc/bash.bashrc
 ---> Using cache
 ---> 8e94ed06b748
Step 86/112 : RUN ln -s /usr/local/completion/bash/docker /etc/bash_completion.d/docker
 ---> Using cache
 ---> be3ef3c3abca
Step 87/112 : RUN ldconfig
 ---> Using cache
 ---> 7c9787cd8c94
Step 88/112 : RUN apt-get update && apt-get install -y 	apparmor 	aufs-tools 	bash-completion 	btrfs-tools 	iptables 	jq 	libcap2-bin 	libdevmapper-dev 	libffi-dev 	libssl-dev 	libudev-dev 	libsystemd-dev 	binutils-mingw-w64 	g++-mingw-w64-x86-64 	net-tools 	pigz 	python-backports.ssl-match-hostname 	python-dev 	python-cffi 	python-mock 	python-pip 	python-requests 	python-setuptools 	python-websocket 	python-wheel 	thin-provisioning-tools 	vim 	vim-common 	xfsprogs 	zip 	bzip2 	xz-utils 	libprotobuf-c1 	libnet1 	libnl-3-200 	--no-install-recommends
 ---> Using cache
 ---> 8e70ad2c2ad0
Step 89/112 : COPY --from=swagger /build/swagger* /usr/local/bin/
 ---> Using cache
 ---> 1ece7a6d99b5
Step 90/112 : COPY --from=frozen-images /build/ /docker-frozen-images
 ---> Using cache
 ---> eec410fbae3e
Step 91/112 : COPY --from=gometalinter /build/ /usr/local/bin/
 ---> Using cache
 ---> 379157c5db78
Step 92/112 : COPY --from=tomlv /build/ /usr/local/bin/
 ---> Using cache
 ---> 65d79d1398db
Step 93/112 : COPY --from=vndr /build/ /usr/local/bin/
 ---> Using cache
 ---> 137829469aa7
Step 94/112 : COPY --from=tini /build/ /usr/local/bin/
 ---> Using cache
 ---> b8fc206482a4
Step 95/112 : COPY --from=runc /build/ /usr/local/bin/
 ---> Using cache
 ---> 6d341858b7f8
Step 96/112 : COPY --from=containerd /build/ /usr/local/bin/
 ---> Using cache
 ---> b539770d08ec
Step 97/112 : COPY --from=proxy /build/ /usr/local/bin/
 ---> Using cache
 ---> 4e07005f3504
Step 98/112 : COPY --from=dockercli /build/ /usr/local/cli
 ---> Using cache
 ---> 1a41bbcdd74e
Step 99/112 : COPY --from=registry /build/registry* /usr/local/bin/
 ---> Using cache
 ---> 79e0d7946ef1
Step 100/112 : COPY --from=criu /build/ /usr/local/
 ---> Using cache
 ---> dfcca5072f11
Step 101/112 : COPY --from=docker-py /build/ /docker-py
 ---> Using cache
 ---> 4da668a78b2f
Step 102/112 : RUN cd /docker-py 	&& pip install docker-pycreds==0.4.0 	&& pip install paramiko==2.4.2 	&& pip install yamllint==1.5.0 	&& pip install -r test-requirements.txt
 ---> Using cache
 ---> d0bf19dcdcd4
Step 103/112 : COPY --from=rootlesskit /build/ /usr/local/bin/
 ---> Using cache
 ---> 51983d8f8958
Step 104/112 : COPY --from=djs55/vpnkit@sha256:e508a17cfacc8fd39261d5b4e397df2b953690da577e2c987a47630cd0c42f8e /vpnkit /usr/local/bin/vpnkit.x86_64
 ---> Using cache
 ---> 4390110faefc
Step 105/112 : ENV PATH=/usr/local/cli:$PATH
 ---> Using cache
 ---> a77d65615c11
Step 106/112 : ENV DOCKER_BUILDTAGS apparmor seccomp selinux
 ---> Using cache
 ---> a75e10c9c4c9
Step 107/112 : ENV GOMETALINTER_OPTS="--deadline=2m"
 ---> Using cache
 ---> 7b174ae4fc4e
Step 108/112 : WORKDIR /go/src/github.com/docker/docker
 ---> Using cache
 ---> 7423ef4fa54e
Step 109/112 : VOLUME /var/lib/docker
 ---> Using cache
 ---> e6b8d516ad8a
Step 110/112 : ENTRYPOINT ["hack/dind"]
 ---> Using cache
 ---> 82e0db9087e9
Step 111/112 : FROM dev AS final
 ---> 82e0db9087e9
Step 112/112 : COPY . /go/src/github.com/docker/docker
 ---> 147a66cafc10
Successfully built 147a66cafc10
Successfully tagged docker:4e524ee
Congratulations!  All commits are properly signed with the DCO!
Congratulations!  "./pkg/..." is safely isolated from internal code.
No api/types/ or api/swagger.yaml changes in diff.
Congratulations!  No testing.T found.
Congratulations!  All toml source files changed here have valid syntax.
Congratulations!  Changelog CHANGELOG.md is well-formed.
Congratulations!  Changelog CHANGELOG.md dates are in descending order.
Congratulations!  No new tests added to integration-cli.
?   	github.com/docker/docker/api	[no test files]
ok  	github.com/docker/docker/api/server	0.003s	coverage: 7.9% of statements
?   	github.com/docker/docker/api/server/backend/build	[no test files]
ok  	github.com/docker/docker/api/server/httputils	0.003s	coverage: 14.7% of statements
ok  	github.com/docker/docker/api/server/middleware	0.003s	coverage: 43.4% of statements
?   	github.com/docker/docker/api/server/router	[no test files]
?   	github.com/docker/docker/api/server/router/build	[no test files]
?   	github.com/docker/docker/api/server/router/checkpoint	[no test files]
?   	github.com/docker/docker/api/server/router/container	[no test files]
?   	github.com/docker/docker/api/server/router/debug	[no test files]
?   	github.com/docker/docker/api/server/router/distribution	[no test files]
?   	github.com/docker/docker/api/server/router/grpc	[no test files]
?   	github.com/docker/docker/api/server/router/image	[no test files]
?   	github.com/docker/docker/api/server/router/network	[no test files]
?   	github.com/docker/docker/api/server/router/plugin	[no test files]
?   	github.com/docker/docker/api/server/router/session	[no test files]
ok  	github.com/docker/docker/api/server/router/swarm	0.003s	coverage: 3.1% of statements
?   	github.com/docker/docker/api/server/router/system	[no test files]
?   	github.com/docker/docker/api/server/router/volume	[no test files]
?   	github.com/docker/docker/api/types	[no test files]
?   	github.com/docker/docker/api/types/backend	[no test files]
?   	github.com/docker/docker/api/types/blkiodev	[no test files]
?   	github.com/docker/docker/api/types/container	[no test files]
?   	github.com/docker/docker/api/types/events	[no test files]
ok  	github.com/docker/docker/api/types/filters	0.003s	coverage: 95.2% of statements
?   	github.com/docker/docker/api/types/image	[no test files]
?   	github.com/docker/docker/api/types/mount	[no test files]
?   	github.com/docker/docker/api/types/network	[no test files]
?   	github.com/docker/docker/api/types/plugins/logdriver	[no test files]
?   	github.com/docker/docker/api/types/registry	[no test files]
ok  	github.com/docker/docker/api/types/strslice	0.002s	coverage: 90.0% of statements
?   	github.com/docker/docker/api/types/swarm	[no test files]
?   	github.com/docker/docker/api/types/swarm/runtime	[no test files]
ok  	github.com/docker/docker/api/types/time	0.002s	coverage: 100.0% of statements
ok  	github.com/docker/docker/api/types/versions	0.002s	coverage: 75.0% of statements
?   	github.com/docker/docker/api/types/versions/v1p19	[no test files]
?   	github.com/docker/docker/api/types/versions/v1p20	[no test files]
?   	github.com/docker/docker/api/types/volume	[no test files]
?   	github.com/docker/docker/builder	[no test files]
?   	github.com/docker/docker/builder/builder-next	[no test files]
?   	github.com/docker/docker/builder/builder-next/adapters/containerimage	[no test files]
?   	github.com/docker/docker/builder/builder-next/adapters/localinlinecache	[no test files]
?   	github.com/docker/docker/builder/builder-next/adapters/snapshot	[no test files]
?   	github.com/docker/docker/builder/builder-next/exporter	[no test files]
?   	github.com/docker/docker/builder/builder-next/imagerefchecker	[no test files]
?   	github.com/docker/docker/builder/builder-next/worker	[no test files]
ok  	github.com/docker/docker/builder/dockerfile	0.336s	coverage: 45.1% of statements
ok  	github.com/docker/docker/builder/dockerignore	0.002s	coverage: 96.8% of statements
ok  	github.com/docker/docker/builder/fscache	0.109s	coverage: 69.2% of statements
ok  	github.com/docker/docker/builder/remotecontext	0.153s	coverage: 13.6% of statements
ok  	github.com/docker/docker/builder/remotecontext/git	0.610s	coverage: 85.1% of statements
?   	github.com/docker/docker/cli	[no test files]
?   	github.com/docker/docker/cli/config	[no test files]
ok  	github.com/docker/docker/cli/debug	0.002s	coverage: 100.0% of statements
ok  	github.com/docker/docker/client	0.074s	coverage: 75.8% of statements
ok  	github.com/docker/docker/cmd/dockerd	0.037s	coverage: 29.0% of statements
ok  	github.com/docker/docker/cmd/dockerd/hack	0.002s	coverage: 72.9% of statements
ok  	github.com/docker/docker/container	0.111s	coverage: 35.6% of statements
?   	github.com/docker/docker/container/stream	[no test files]
?   	github.com/docker/docker/contrib/apparmor	[no test files]
?   	github.com/docker/docker/contrib/docker-device-tool	[no test files]
?   	github.com/docker/docker/contrib/httpserver	[no test files]
ok  	github.com/docker/docker/daemon	12.148s	coverage: 17.4% of statements
ok  	github.com/docker/docker/daemon/cluster	0.025s	coverage: 0.5% of statements
ok  	github.com/docker/docker/daemon/cluster/controllers/plugin	0.007s	coverage: 65.3% of statements
ok  	github.com/docker/docker/daemon/cluster/convert	0.006s	coverage: 35.8% of statements
?   	github.com/docker/docker/daemon/cluster/executor	[no test files]
ok  	github.com/docker/docker/daemon/cluster/executor/container	3.427s	coverage: 13.6% of statements
?   	github.com/docker/docker/daemon/cluster/provider	[no test files]
ok  	github.com/docker/docker/daemon/config	0.022s	coverage: 84.2% of statements
ok  	github.com/docker/docker/daemon/discovery	0.003s	coverage: 30.4% of statements
ok  	github.com/docker/docker/daemon/events	0.055s	coverage: 50.0% of statements
?   	github.com/docker/docker/daemon/events/testutils	[no test files]
?   	github.com/docker/docker/daemon/exec	[no test files]
ok  	github.com/docker/docker/daemon/graphdriver	0.004s	coverage: 2.2% of statements
ok  	github.com/docker/docker/daemon/graphdriver/aufs	3.696s	coverage: 72.0% of statements
ok  	github.com/docker/docker/daemon/graphdriver/btrfs	0.005s	coverage: 2.9% of statements
ok  	github.com/docker/docker/daemon/graphdriver/copy	0.171s	coverage: 57.0% of statements
ok  	github.com/docker/docker/daemon/graphdriver/devmapper	2.062s	coverage: 45.9% of statements
?   	github.com/docker/docker/daemon/graphdriver/graphtest	[no test files]
ok  	github.com/docker/docker/daemon/graphdriver/overlay	0.702s	coverage: 50.8% of statements
ok  	github.com/docker/docker/daemon/graphdriver/overlay2	1.889s	coverage: 56.8% of statements
?   	github.com/docker/docker/daemon/graphdriver/overlayutils	[no test files]
ok  	github.com/docker/docker/daemon/graphdriver/quota	0.267s	coverage: 75.2% of statements
?   	github.com/docker/docker/daemon/graphdriver/register	[no test files]
ok  	github.com/docker/docker/daemon/graphdriver/vfs	0.005s	coverage: 58.0% of statements
ok  	github.com/docker/docker/daemon/graphdriver/zfs	0.004s	coverage: 3.0% of statements
ok  	github.com/docker/docker/daemon/images	0.008s	coverage: 4.9% of statements
?   	github.com/docker/docker/daemon/initlayer	[no test files]
ok  	github.com/docker/docker/daemon/links	0.002s	coverage: 93.0% of statements
?   	github.com/docker/docker/daemon/listeners	[no test files]
ok  	github.com/docker/docker/daemon/logger	0.211s	coverage: 42.7% of statements
ok  	github.com/docker/docker/daemon/logger/awslogs	0.092s	coverage: 78.6% of statements
?   	github.com/docker/docker/daemon/logger/fluentd	[no test files]
?   	github.com/docker/docker/daemon/logger/gcplogs	[no test files]
ok  	github.com/docker/docker/daemon/logger/gelf	0.004s	coverage: 68.2% of statements
ok  	github.com/docker/docker/daemon/logger/journald	0.003s	coverage: 26.2% of statements
ok  	github.com/docker/docker/daemon/logger/jsonfilelog	0.005s	coverage: 62.1% of statements
ok  	github.com/docker/docker/daemon/logger/jsonfilelog/jsonlog	0.003s	coverage: 88.3% of statements
ok  	github.com/docker/docker/daemon/logger/local	0.009s	coverage: 74.7% of statements
?   	github.com/docker/docker/daemon/logger/logentries	[no test files]
ok  	github.com/docker/docker/daemon/logger/loggerutils	0.006s	coverage: 18.6% of statements
ok  	github.com/docker/docker/daemon/logger/splunk	1.399s	coverage: 84.5% of statements
ok  	github.com/docker/docker/daemon/logger/syslog	0.003s	coverage: 47.8% of statements
ok  	github.com/docker/docker/daemon/logger/templates	0.002s	coverage: 8.3% of statements
?   	github.com/docker/docker/daemon/names	[no test files]
ok  	github.com/docker/docker/daemon/network	0.003s	coverage: 63.8% of statements
?   	github.com/docker/docker/daemon/stats	[no test files]
ok  	github.com/docker/docker/distribution	1.078s	coverage: 17.0% of statements
ok  	github.com/docker/docker/distribution/metadata	0.020s	coverage: 48.2% of statements
?   	github.com/docker/docker/distribution/utils	[no test files]
ok  	github.com/docker/docker/distribution/xfer	1.420s	coverage: 83.9% of statements
?   	github.com/docker/docker/dockerversion	[no test files]
ok  	github.com/docker/docker/errdefs	0.003s	coverage: 51.6% of statements
ok  	github.com/docker/docker/image	0.013s	coverage: 86.4% of statements
ok  	github.com/docker/docker/image/cache	0.005s	coverage: 19.2% of statements
?   	github.com/docker/docker/image/tarexport	[no test files]
ok  	github.com/docker/docker/image/v1	0.005s	coverage: 25.0% of statements
ok  	github.com/docker/docker/internal/procfs	0.002s	coverage: 78.4% of statements
?   	github.com/docker/docker/internal/test	[no test files]
?   	github.com/docker/docker/internal/test/daemon	[no test files]
?   	github.com/docker/docker/internal/test/environment	[no test files]
?   	github.com/docker/docker/internal/test/fakecontext	[no test files]
?   	github.com/docker/docker/internal/test/fakegit	[no test files]
?   	github.com/docker/docker/internal/test/fakestorage	[no test files]
?   	github.com/docker/docker/internal/test/fixtures/load	[no test files]
?   	github.com/docker/docker/internal/test/fixtures/plugin	[no test files]
?   	github.com/docker/docker/internal/test/fixtures/plugin/basic	[no test files]
?   	github.com/docker/docker/internal/test/registry	[no test files]
?   	github.com/docker/docker/internal/test/request	[no test files]
ok  	github.com/docker/docker/internal/testutil	0.002s	coverage: 62.5% of statements
ok  	github.com/docker/docker/layer	7.332s	coverage: 72.1% of statements
?   	github.com/docker/docker/libcontainerd	[no test files]
ok  	github.com/docker/docker/libcontainerd/queue	0.022s	coverage: 100.0% of statements
?   	github.com/docker/docker/libcontainerd/remote	[no test files]
?   	github.com/docker/docker/libcontainerd/supervisor	[no test files]
?   	github.com/docker/docker/libcontainerd/types	[no test files]
?   	github.com/docker/docker/oci	[no test files]
?   	github.com/docker/docker/oci/caps	[no test files]
ok  	github.com/docker/docker/opts	0.015s	coverage: 67.3% of statements
ok  	github.com/docker/docker/pkg/aaparser	0.002s	coverage: 50.0% of statements
ok  	github.com/docker/docker/pkg/archive	0.395s	coverage: 76.9% of statements
ok  	github.com/docker/docker/pkg/authorization	0.249s	coverage: 66.7% of statements
ok  	github.com/docker/docker/pkg/broadcaster	0.002s	coverage: 100.0% of statements
ok  	github.com/docker/docker/pkg/capabilities	0.002s	coverage: 87.5% of statements
ok  	github.com/docker/docker/pkg/chrootarchive	2.710s	coverage: 28.6% of statements
?   	github.com/docker/docker/pkg/containerfs	[no test files]
?   	github.com/docker/docker/pkg/devicemapper	[no test files]
ok  	github.com/docker/docker/pkg/directory	0.003s	coverage: 80.0% of statements
ok  	github.com/docker/docker/pkg/discovery	0.003s	coverage: 58.3% of statements
ok  	github.com/docker/docker/pkg/discovery/file	0.003s	coverage: 97.6% of statements
ok  	github.com/docker/docker/pkg/discovery/kv	3.048s	coverage: 84.1% of statements
ok  	github.com/docker/docker/pkg/discovery/memory	0.003s	coverage: 92.3% of statements
ok  	github.com/docker/docker/pkg/discovery/nodes	0.003s	coverage: 93.8% of statements
ok  	github.com/docker/docker/pkg/dmesg	0.003s	coverage: 83.3% of statements
ok  	github.com/docker/docker/pkg/filenotify	0.603s	coverage: 66.3% of statements
ok  	github.com/docker/docker/pkg/fileutils	0.004s	coverage: 89.5% of statements
ok  	github.com/docker/docker/pkg/fsutils	0.188s	coverage: 85.1% of statements
ok  	github.com/docker/docker/pkg/homedir	0.002s	coverage: 10.2% of statements
ok  	github.com/docker/docker/pkg/idtools	0.604s	coverage: 70.2% of statements
ok  	github.com/docker/docker/pkg/ioutils	0.345s	coverage: 69.1% of statements
ok  	github.com/docker/docker/pkg/jsonmessage	0.002s	coverage: 91.7% of statements
ok  	github.com/docker/docker/pkg/locker	0.019s	coverage: 88.9% of statements
ok  	github.com/docker/docker/pkg/longpath	0.002s	coverage: 100.0% of statements
?   	github.com/docker/docker/pkg/loopback	[no test files]
ok  	github.com/docker/docker/pkg/mount	0.383s	coverage: 69.6% of statements
ok  	github.com/docker/docker/pkg/namesgenerator	0.002s	coverage: 85.7% of statements
?   	github.com/docker/docker/pkg/namesgenerator/cmd/names-generator	[no test files]
ok  	github.com/docker/docker/pkg/parsers	0.002s	coverage: 97.0% of statements
ok  	github.com/docker/docker/pkg/parsers/kernel	0.002s	coverage: 60.0% of statements
ok  	github.com/docker/docker/pkg/parsers/operatingsystem	0.002s	coverage: 90.0% of statements
ok  	github.com/docker/docker/pkg/pidfile	0.002s	coverage: 82.4% of statements
?   	github.com/docker/docker/pkg/platform	[no test files]
?   	github.com/docker/docker/pkg/plugingetter	[no test files]
ok  	github.com/docker/docker/pkg/plugins	33.613s	coverage: 76.8% of statements
ok  	github.com/docker/docker/pkg/plugins/pluginrpc-gen	0.006s	coverage: 56.8% of statements
?   	github.com/docker/docker/pkg/plugins/pluginrpc-gen/fixtures	[no test files]
?   	github.com/docker/docker/pkg/plugins/pluginrpc-gen/fixtures/otherfixture	[no test files]
ok  	github.com/docker/docker/pkg/plugins/transport	0.002s	coverage: 85.7% of statements
ok  	github.com/docker/docker/pkg/pools	0.002s	coverage: 87.9% of statements
ok  	github.com/docker/docker/pkg/progress	0.002s	coverage: 75.9% of statements
ok  	github.com/docker/docker/pkg/pubsub	1.027s	coverage: 72.7% of statements
ok  	github.com/docker/docker/pkg/reexec	0.007s	coverage: 82.4% of statements
ok  	github.com/docker/docker/pkg/signal	2.736s	coverage: 61.0% of statements
?   	github.com/docker/docker/pkg/signal/testfiles	[no test files]
ok  	github.com/docker/docker/pkg/stdcopy	0.003s	coverage: 100.0% of statements
ok  	github.com/docker/docker/pkg/streamformatter	0.003s	coverage: 66.2% of statements
ok  	github.com/docker/docker/pkg/stringid	0.002s	coverage: 76.0% of statements
ok  	github.com/docker/docker/pkg/symlink	0.005s	coverage: 87.7% of statements
ok  	github.com/docker/docker/pkg/sysinfo	0.004s	coverage: 81.8% of statements
ok  	github.com/docker/docker/pkg/system	0.013s	coverage: 35.8% of statements
ok  	github.com/docker/docker/pkg/tailfile	0.014s	coverage: 88.6% of statements
ok  	github.com/docker/docker/pkg/tarsum	0.051s	coverage: 89.3% of statements
ok  	github.com/docker/docker/pkg/term	0.003s	coverage: 84.8% of statements
ok  	github.com/docker/docker/pkg/term/windows	0.002s	coverage: 0.0% of statements [no tests to run]
ok  	github.com/docker/docker/pkg/truncindex	0.102s	coverage: 91.5% of statements
ok  	github.com/docker/docker/pkg/urlutil	0.002s	coverage: 100.0% of statements
ok  	github.com/docker/docker/pkg/useragent	0.002s	coverage: 88.9% of statements
ok  	github.com/docker/docker/plugin	0.528s	coverage: 27.3% of statements
?   	github.com/docker/docker/plugin/executor/containerd	[no test files]
ok  	github.com/docker/docker/plugin/v2	0.003s	coverage: 14.5% of statements
?   	github.com/docker/docker/profiles/apparmor	[no test files]
ok  	github.com/docker/docker/profiles/seccomp	0.017s	coverage: 75.3% of statements
ok  	github.com/docker/docker/reference	0.005s	coverage: 83.7% of statements
ok  	github.com/docker/docker/registry	0.081s	coverage: 56.9% of statements
ok  	github.com/docker/docker/registry/resumable	0.015s	coverage: 100.0% of statements
ok  	github.com/docker/docker/restartmanager	0.002s	coverage: 47.1% of statements
?   	github.com/docker/docker/rootless	[no test files]
?   	github.com/docker/docker/rootless/specconv	[no test files]
ok  	github.com/docker/docker/runconfig	0.010s	coverage: 68.2% of statements
?   	github.com/docker/docker/runconfig/opts	[no test files]
?   	github.com/docker/docker/volume	[no test files]
ok  	github.com/docker/docker/volume/drivers	0.004s	coverage: 36.1% of statements
ok  	github.com/docker/docker/volume/local	0.015s	coverage: 73.0% of statements
ok  	github.com/docker/docker/volume/mounts	0.016s	coverage: 67.0% of statements
ok  	github.com/docker/docker/volume/service	0.011s	coverage: 73.0% of statements
?   	github.com/docker/docker/volume/service/opts	[no test files]
?   	github.com/docker/docker/volume/testutils	[no test files]

  _____          _
 / ____|        | |
| |     ___   __| | ___  ___ _____   __
| |    / _ \ / _` |/ _ \/ __/ _ \ \ / /
| |___| (_) | (_| |  __/ (_| (_) \ V /
 \_____\___/ \__,_|\___|\___\___/ \_/
                              Bash-8a28df4


[0;31mx>[0m No CI provider detected.
    Testing inside Docker? [0;36mhttp://docs.codecov.io/docs/testing-with-docker[0m
    Testing with Tox? [0;36mhttps://docs.codecov.io/docs/python#section-testing-with-tox[0m
    [0;90mproject root:[0m .
[0;90m-->[0m token set from env
    [0;90mYaml found at:[0m codecov.yml
    [0;90m->[0m Found 1 reports
[0;90m==>[0m Detecting git/mercurial file structure
[0;90m==>[0m Reading reports
    [0;32m+[0m coverage.txt [0;90mbytes=1689690[0m
[0;90m==>[0m Appending adjustments
    [0;36mhttp://docs.codecov.io/docs/fixing-reports[0m
    [0;32m+[0m Found adjustments
[0;90m==>[0m Gzipping contents
[0;90m==>[0m Uploading reports
    [0;90murl:[0m https://codecov.io
    [0;90mquery:[0m branch=&commit=4e524ee9aafb6082adb5cc25433ca9e37f8bbe2c&build=&build_url=&name=&tag=&slug=moby%2Fmoby&service=&flags=&pr=&job=
    [0;90m->[0m Pinging Codecov
https://codecov.io/upload/v4?package=bash-8a28df4&token=e6d53b86-8efe-4b59-adb0-c205a735b39e&branch=&commit=4e524ee9aafb6082adb5cc25433ca9e37f8bbe2c&build=&build_url=&name=&tag=&slug=moby%2Fmoby&service=&flags=&pr=&job=
    [0;90m->[0m Uploading
    [0;32m->[0m View reports at [0;36mhttps://codecov.io/github/moby/moby/commit/4e524ee9aafb6082adb5cc25433ca9e37f8bbe2c[0m

Removing bundles/

---> Making bundle: binary-daemon (in bundles/binary-daemon)
Building: bundles/binary-daemon/dockerd-dev
GOOS="" GOARCH="" GOARM=""
Created binary: bundles/binary-daemon/dockerd-dev
Copying nested executables into bundles/binary-daemon

---> Making bundle: dynbinary (in bundles/dynbinary)
Building: bundles/dynbinary-daemon/dockerd-dev
GOOS="" GOARCH="" GOARM=""
Created binary: bundles/dynbinary-daemon/dockerd-dev

---> Making bundle: test-integration-flaky (in bundles/test-integration-flaky)
No new tests added to integration.

---> Making bundle: test-integration (in bundles/test-integration)
Building test suite binary ./integration-cli/test.main
Building test suite binary ./integration/system/test.main
Building test suite binary ./integration/secret/test.main
Building test suite binary ./integration/build/test.main
Building test suite binary ./integration/service/test.main
Building test suite binary ./integration/config/test.main
Building test suite binary ./integration/plugin/test.main
Building test suite binary ./integration/plugin/common/test.main
Building test suite binary ./integration/plugin/graphdriver/test.main
Building test suite binary ./integration/plugin/authz/test.main
Building test suite binary ./integration/plugin/volumes/test.main
Building test suite binary ./integration/plugin/volumes/cmd/test.main
Building test suite binary ./integration/plugin/volumes/cmd/dummy/test.main
Building test suite binary ./integration/plugin/logging/test.main
Building test suite binary ./integration/plugin/logging/cmd/test.main
Building test suite binary ./integration/plugin/logging/cmd/close_on_start/test.main
Building test suite binary ./integration/plugin/logging/cmd/dummy/test.main
Building test suite binary ./integration/container/test.main
Building test suite binary ./integration/image/test.main
Building test suite binary ./integration/network/test.main
Building test suite binary ./integration/network/macvlan/test.main
Building test suite binary ./integration/network/ipvlan/test.main
Building test suite binary ./integration/session/test.main
Building test suite binary ./integration/volume/test.main
---> Making bundle: .integration-daemon-start (in bundles/test-integration)
Using test binary docker
/etc/init.d/apparmor: 130: /etc/init.d/apparmor: systemd-detect-virt: not found
Starting AppArmor profiles:Warning from stdin (line 1): /sbin/apparmor_parser: cannot use or update cache, disable, or force-complain via stdin
Warning failed to create cache: (null)
.
INFO: Waiting for daemon to start...
Starting dockerd
.
---> Making bundle: .integration-daemon-setup (in bundles/test-integration)
---> Making bundle: .ensure-emptyfs (in bundles/test-integration)
Error: No such image: emptyfs
Running integration-test (iteration 1)
Running /go/src/github.com/docker/docker/integration/system
Loaded image: buildpack-deps:jessie
Loaded image: busybox:latest
Loaded image: busybox:glibc
Loaded image: debian:jessie
Loaded image: hello-world:latest
INFO: Testing against a local daemon
=== RUN   TestCgroupDriverSystemdMemoryLimit
--- SKIP: TestCgroupDriverSystemdMemoryLimit (0.00s)
    cgroupdriver_systemd_test.go:32: !hasSystemd()
=== RUN   TestEventsExecDie
--- PASS: TestEventsExecDie (1.27s)
=== RUN   TestEventsBackwardsCompatible
--- PASS: TestEventsBackwardsCompatible (0.07s)
=== RUN   TestInfoBinaryCommits
--- PASS: TestInfoBinaryCommits (0.01s)
=== RUN   TestInfoAPIVersioned
--- PASS: TestInfoAPIVersioned (0.01s)
=== RUN   TestInfoAPI
--- PASS: TestInfoAPI (0.02s)
=== RUN   TestInfoAPIWarnings
--- PASS: TestInfoAPIWarnings (0.72s)
    info_test.go:49: Creating a new daemon
    daemon.go:317: [dba804708bfe5] waiting for daemon to start
    daemon.go:335: [dba804708bfe5] daemon started
    daemon.go:445: [dba804708bfe5] Stopping daemon
    daemon.go:284: [dba804708bfe5] exiting daemon
    daemon.go:432: [dba804708bfe5] Daemon stopped
=== RUN   TestLoginFailsWithBadCredentials
--- PASS: TestLoginFailsWithBadCredentials (1.15s)
=== RUN   TestPingCacheHeaders
--- PASS: TestPingCacheHeaders (0.01s)
=== RUN   TestPingGet
--- PASS: TestPingGet (0.01s)
=== RUN   TestPingHead
--- PASS: TestPingHead (0.01s)
=== RUN   TestUUIDGeneration
--- PASS: TestUUIDGeneration (0.01s)
=== RUN   TestVersion
--- PASS: TestVersion (0.01s)
PASS
Running /go/src/github.com/docker/docker/integration/secret
INFO: Testing against a local daemon
=== RUN   TestSecretInspect
--- PASS: TestSecretInspect (2.55s)
    secret_test.go:25: Creating a new daemon
    daemon.go:317: [d1aa7322c5ba8] waiting for daemon to start
    daemon.go:335: [d1aa7322c5ba8] daemon started
    daemon.go:445: [d1aa7322c5ba8] Stopping daemon
    daemon.go:284: [d1aa7322c5ba8] exiting daemon
    daemon.go:432: [d1aa7322c5ba8] Daemon stopped
=== RUN   TestSecretList
--- PASS: TestSecretList (2.06s)
    secret_test.go:48: Creating a new daemon
    daemon.go:317: [d0f38087a6bf4] waiting for daemon to start
    daemon.go:335: [d0f38087a6bf4] daemon started
    daemon.go:445: [d0f38087a6bf4] Stopping daemon
    daemon.go:284: [d0f38087a6bf4] exiting daemon
    daemon.go:432: [d0f38087a6bf4] Daemon stopped
=== RUN   TestSecretsCreateAndDelete
--- PASS: TestSecretsCreateAndDelete (2.75s)
    secret_test.go:125: Creating a new daemon
    daemon.go:317: [df37c0ae95298] waiting for daemon to start
    daemon.go:335: [df37c0ae95298] daemon started
    daemon.go:445: [df37c0ae95298] Stopping daemon
    daemon.go:284: [df37c0ae95298] exiting daemon
    daemon.go:432: [df37c0ae95298] Daemon stopped
=== RUN   TestSecretsUpdate
--- PASS: TestSecretsUpdate (2.23s)
    secret_test.go:172: Creating a new daemon
    daemon.go:317: [d82434f80dccf] waiting for daemon to start
    daemon.go:335: [d82434f80dccf] daemon started
    daemon.go:445: [d82434f80dccf] Stopping daemon
    daemon.go:284: [d82434f80dccf] exiting daemon
    daemon.go:432: [d82434f80dccf] Daemon stopped
=== RUN   TestTemplatedSecret
--- PASS: TestTemplatedSecret (2.79s)
    secret_test.go:221: Creating a new daemon
    daemon.go:317: [da6f4f8990941] waiting for daemon to start
    daemon.go:335: [da6f4f8990941] daemon started
    daemon.go:445: [da6f4f8990941] Stopping daemon
    daemon.go:284: [da6f4f8990941] exiting daemon
    daemon.go:432: [da6f4f8990941] Daemon stopped
=== RUN   TestSecretCreateResolve
--- PASS: TestSecretCreateResolve (2.09s)
    secret_test.go:342: Creating a new daemon
    daemon.go:317: [dd359699116d7] waiting for daemon to start
    daemon.go:335: [dd359699116d7] daemon started
    daemon.go:445: [dd359699116d7] Stopping daemon
    daemon.go:284: [dd359699116d7] exiting daemon
    daemon.go:432: [dd359699116d7] Daemon stopped
PASS
Running /go/src/github.com/docker/docker/integration/build
INFO: Testing against a local daemon
=== RUN   TestCgroupNamespacesBuild
--- PASS: TestCgroupNamespacesBuild (1.67s)
    build_cgroupns_linux_test.go:42: Creating a new daemon
    daemon.go:317: [dc7844d99e12a] waiting for daemon to start
    daemon.go:335: [dc7844d99e12a] daemon started
    daemon.go:445: [dc7844d99e12a] Stopping daemon
    daemon.go:284: [dc7844d99e12a] exiting daemon
    daemon.go:432: [dc7844d99e12a] Daemon stopped
=== RUN   TestCgroupNamespacesBuildDaemonHostMode
--- PASS: TestCgroupNamespacesBuildDaemonHostMode (1.23s)
    build_cgroupns_linux_test.go:42: Creating a new daemon
    daemon.go:317: [db4f159729cd5] waiting for daemon to start
    daemon.go:335: [db4f159729cd5] daemon started
    daemon.go:445: [db4f159729cd5] Stopping daemon
    daemon.go:284: [db4f159729cd5] exiting daemon
    daemon.go:432: [db4f159729cd5] Daemon stopped
=== RUN   TestBuildWithSession
--- PASS: TestBuildWithSession (4.06s)
    build_session_test.go:31: Creating a new daemon
    daemon.go:317: [d7a3e7223137b] waiting for daemon to start
    daemon.go:335: [d7a3e7223137b] daemon started
    daemon.go:445: [d7a3e7223137b] Stopping daemon
    daemon.go:284: [d7a3e7223137b] exiting daemon
    daemon.go:432: [d7a3e7223137b] Daemon stopped
=== RUN   TestBuildSquashParent
--- PASS: TestBuildSquashParent (8.54s)
    build_squash_test.go:29: Creating a new daemon
    daemon.go:317: [dc66acdad388d] waiting for daemon to start
    daemon.go:335: [dc66acdad388d] daemon started
    daemon.go:445: [dc66acdad388d] Stopping daemon
    daemon.go:284: [dc66acdad388d] exiting daemon
    daemon.go:432: [dc66acdad388d] Daemon stopped
=== RUN   TestBuildWithRemoveAndForceRemove
=== RUN   TestBuildWithRemoveAndForceRemove/successful_build_with_no_removal
=== PAUSE TestBuildWithRemoveAndForceRemove/successful_build_with_no_removal
=== RUN   TestBuildWithRemoveAndForceRemove/successful_build_with_remove
=== PAUSE TestBuildWithRemoveAndForceRemove/successful_build_with_remove
=== RUN   TestBuildWithRemoveAndForceRemove/successful_build_with_remove_and_force_remove
=== PAUSE TestBuildWithRemoveAndForceRemove/successful_build_with_remove_and_force_remove
=== RUN   TestBuildWithRemoveAndForceRemove/failed_build_with_no_removal
=== PAUSE TestBuildWithRemoveAndForceRemove/failed_build_with_no_removal
=== RUN   TestBuildWithRemoveAndForceRemove/failed_build_with_remove
=== PAUSE TestBuildWithRemoveAndForceRemove/failed_build_with_remove
=== RUN   TestBuildWithRemoveAndForceRemove/failed_build_with_remove_and_force_remove
=== PAUSE TestBuildWithRemoveAndForceRemove/failed_build_with_remove_and_force_remove
=== CONT  TestBuildWithRemoveAndForceRemove/successful_build_with_no_removal
=== CONT  TestBuildWithRemoveAndForceRemove/failed_build_with_no_removal
=== CONT  TestBuildWithRemoveAndForceRemove/successful_build_with_remove_and_force_remove
=== CONT  TestBuildWithRemoveAndForceRemove/successful_build_with_remove
=== CONT  TestBuildWithRemoveAndForceRemove/failed_build_with_remove_and_force_remove
=== CONT  TestBuildWithRemoveAndForceRemove/failed_build_with_remove
--- PASS: TestBuildWithRemoveAndForceRemove (0.01s)
    --- PASS: TestBuildWithRemoveAndForceRemove/failed_build_with_no_removal (3.01s)
    --- PASS: TestBuildWithRemoveAndForceRemove/successful_build_with_no_removal (3.09s)
    --- PASS: TestBuildWithRemoveAndForceRemove/successful_build_with_remove_and_force_remove (2.08s)
    --- PASS: TestBuildWithRemoveAndForceRemove/successful_build_with_remove (2.03s)
    --- PASS: TestBuildWithRemoveAndForceRemove/failed_build_with_remove (1.96s)
    --- PASS: TestBuildWithRemoveAndForceRemove/failed_build_with_remove_and_force_remove (2.04s)
=== RUN   TestBuildMultiStageParentConfig
--- PASS: TestBuildMultiStageParentConfig (5.25s)
=== RUN   TestBuildLabelWithTargets
--- PASS: TestBuildLabelWithTargets (8.00s)
=== RUN   TestBuildWithEmptyLayers
--- PASS: TestBuildWithEmptyLayers (2.99s)
=== RUN   TestBuildMultiStageOnBuild
--- PASS: TestBuildMultiStageOnBuild (5.01s)
=== RUN   TestBuildUncleanTarFilenames
--- PASS: TestBuildUncleanTarFilenames (0.78s)
=== RUN   TestBuildMultiStageLayerLeak
--- PASS: TestBuildMultiStageLayerLeak (4.23s)
=== RUN   TestBuildWithHugeFile
--- PASS: TestBuildWithHugeFile (49.01s)
=== RUN   TestBuildWithEmptyDockerfile
=== RUN   TestBuildWithEmptyDockerfile/empty-dockerfile
=== PAUSE TestBuildWithEmptyDockerfile/empty-dockerfile
=== RUN   TestBuildWithEmptyDockerfile/empty-lines-dockerfile
=== PAUSE TestBuildWithEmptyDockerfile/empty-lines-dockerfile
=== RUN   TestBuildWithEmptyDockerfile/comment-only-dockerfile
=== PAUSE TestBuildWithEmptyDockerfile/comment-only-dockerfile
=== CONT  TestBuildWithEmptyDockerfile/empty-dockerfile
=== CONT  TestBuildWithEmptyDockerfile/comment-only-dockerfile
=== CONT  TestBuildWithEmptyDockerfile/empty-lines-dockerfile
--- PASS: TestBuildWithEmptyDockerfile (0.31s)
    --- PASS: TestBuildWithEmptyDockerfile/comment-only-dockerfile (0.36s)
    --- PASS: TestBuildWithEmptyDockerfile/empty-dockerfile (0.36s)
    --- PASS: TestBuildWithEmptyDockerfile/empty-lines-dockerfile (0.07s)
=== RUN   TestBuildPreserveOwnership
=== RUN   TestBuildPreserveOwnership/copy_from
=== RUN   TestBuildPreserveOwnership/copy_from_chowned
--- PASS: TestBuildPreserveOwnership (10.23s)
    --- PASS: TestBuildPreserveOwnership/copy_from (6.22s)
    --- PASS: TestBuildPreserveOwnership/copy_from_chowned (4.00s)
PASS
Running /go/src/github.com/docker/docker/integration/service
INFO: Testing against a local daemon
=== RUN   TestServiceCreateInit
=== RUN   TestServiceCreateInit/daemonInitDisabled
=== RUN   TestServiceCreateInit/daemonInitEnabled
--- PASS: TestServiceCreateInit (7.85s)
    --- PASS: TestServiceCreateInit/daemonInitDisabled (3.96s)
        create_test.go:38: Creating a new daemon
        daemon.go:317: [db4d50fc21127] waiting for daemon to start
        daemon.go:335: [db4d50fc21127] daemon started
        daemon.go:445: [db4d50fc21127] Stopping daemon
        daemon.go:284: [db4d50fc21127] exiting daemon
        daemon.go:432: [db4d50fc21127] Daemon stopped
    --- PASS: TestServiceCreateInit/daemonInitEnabled (3.86s)
        create_test.go:38: Creating a new daemon
        daemon.go:317: [d4bc0b0512c2f] waiting for daemon to start
        daemon.go:335: [d4bc0b0512c2f] daemon started
        daemon.go:445: [d4bc0b0512c2f] Stopping daemon
        daemon.go:284: [d4bc0b0512c2f] exiting daemon
        daemon.go:432: [d4bc0b0512c2f] Daemon stopped
=== RUN   TestCreateServiceMultipleTimes
--- PASS: TestCreateServiceMultipleTimes (15.24s)
    create_test.go:80: Creating a new daemon
    daemon.go:317: [dedfc535f597c] waiting for daemon to start
    daemon.go:335: [dedfc535f597c] daemon started
    daemon.go:445: [dedfc535f597c] Stopping daemon
    daemon.go:284: [dedfc535f597c] exiting daemon
    daemon.go:432: [dedfc535f597c] Daemon stopped
=== RUN   TestCreateServiceConflict
--- PASS: TestCreateServiceConflict (1.69s)
    create_test.go:129: Creating a new daemon
    daemon.go:317: [d4fcad9526d5a] waiting for daemon to start
    daemon.go:335: [d4fcad9526d5a] daemon started
    daemon.go:445: [d4fcad9526d5a] Stopping daemon
    daemon.go:284: [d4fcad9526d5a] exiting daemon
    daemon.go:432: [d4fcad9526d5a] Daemon stopped
=== RUN   TestCreateServiceMaxReplicas
--- PASS: TestCreateServiceMaxReplicas (3.50s)
    create_test.go:150: Creating a new daemon
    daemon.go:317: [d16fe2793465e] waiting for daemon to start
    daemon.go:335: [d16fe2793465e] daemon started
    daemon.go:445: [d16fe2793465e] Stopping daemon
    daemon.go:284: [d16fe2793465e] exiting daemon
    daemon.go:432: [d16fe2793465e] Daemon stopped
=== RUN   TestCreateWithDuplicateNetworkNames
--- PASS: TestCreateWithDuplicateNetworkNames (13.04s)
    create_test.go:171: Creating a new daemon
    daemon.go:317: [d128915c8e825] waiting for daemon to start
    daemon.go:335: [d128915c8e825] daemon started
    daemon.go:445: [d128915c8e825] Stopping daemon
    daemon.go:284: [d128915c8e825] exiting daemon
    daemon.go:432: [d128915c8e825] Daemon stopped
=== RUN   TestCreateServiceSecretFileMode
--- PASS: TestCreateServiceSecretFileMode (1.99s)
    create_test.go:224: Creating a new daemon
    daemon.go:317: [df82fbe4be5e1] waiting for daemon to start
    daemon.go:335: [df82fbe4be5e1] daemon started
    daemon.go:445: [df82fbe4be5e1] Stopping daemon
    daemon.go:284: [df82fbe4be5e1] exiting daemon
    daemon.go:432: [df82fbe4be5e1] Daemon stopped
=== RUN   TestCreateServiceConfigFileMode
--- PASS: TestCreateServiceConfigFileMode (2.09s)
    create_test.go:288: Creating a new daemon
    daemon.go:317: [de3c88e2f9ec4] waiting for daemon to start
    daemon.go:335: [de3c88e2f9ec4] daemon started
    daemon.go:445: [de3c88e2f9ec4] Stopping daemon
    daemon.go:284: [de3c88e2f9ec4] exiting daemon
    daemon.go:432: [de3c88e2f9ec4] Daemon stopped
=== RUN   TestCreateServiceSysctls
--- PASS: TestCreateServiceSysctls (3.35s)
    create_test.go:378: Creating a new daemon
    daemon.go:317: [dd0d81dd77ba4] waiting for daemon to start
    daemon.go:335: [dd0d81dd77ba4] daemon started
    daemon.go:445: [dd0d81dd77ba4] Stopping daemon
    daemon.go:284: [dd0d81dd77ba4] exiting daemon
    daemon.go:432: [dd0d81dd77ba4] Daemon stopped
=== RUN   TestInspect
--- PASS: TestInspect (2.07s)
    inspect_test.go:25: Creating a new daemon
    daemon.go:317: [dbf627f69cc44] waiting for daemon to start
    daemon.go:335: [dbf627f69cc44] daemon started
    daemon.go:445: [dbf627f69cc44] Stopping daemon
    daemon.go:284: [dbf627f69cc44] exiting daemon
    daemon.go:432: [dbf627f69cc44] Daemon stopped
=== RUN   TestDockerNetworkConnectAlias
--- PASS: TestDockerNetworkConnectAlias (3.55s)
    network_test.go:20: Creating a new daemon
    daemon.go:317: [d178653152d2c] waiting for daemon to start
    daemon.go:335: [d178653152d2c] daemon started
    daemon.go:445: [d178653152d2c] Stopping daemon
    daemon.go:284: [d178653152d2c] exiting daemon
    daemon.go:432: [d178653152d2c] Daemon stopped
=== RUN   TestServicePlugin
--- PASS: TestServicePlugin (40.42s)
    plugin_test.go:36: Creating a new daemon
    daemon.go:317: [d267a4b264c88] waiting for daemon to start
    daemon.go:335: [d267a4b264c88] daemon started
    daemon.go:445: [d267a4b264c88] Stopping daemon
    daemon.go:284: [d267a4b264c88] exiting daemon
    daemon.go:432: [d267a4b264c88] Daemon stopped
    plugin_test.go:57: Creating a new daemon
    daemon.go:317: [d449656ed4ca0] waiting for daemon to start
    daemon.go:335: [d449656ed4ca0] daemon started
    plugin_test.go:59: Creating a new daemon
    daemon.go:317: [d8a9e0c81bfbc] waiting for daemon to start
    daemon.go:335: [d8a9e0c81bfbc] daemon started
    plugin_test.go:62: Creating a new daemon
    daemon.go:317: [dc1812dd9237e] waiting for daemon to start
    daemon.go:335: [dc1812dd9237e] daemon started
    daemon.go:445: [dc1812dd9237e] Stopping daemon
    daemon.go:284: [dc1812dd9237e] exiting daemon
    daemon.go:432: [dc1812dd9237e] Daemon stopped
    daemon.go:445: [d8a9e0c81bfbc] Stopping daemon
    daemon.go:284: [d8a9e0c81bfbc] exiting daemon
    daemon.go:432: [d8a9e0c81bfbc] Daemon stopped
    daemon.go:445: [d449656ed4ca0] Stopping daemon
    daemon.go:284: [d449656ed4ca0] exiting daemon
    daemon.go:432: [d449656ed4ca0] Daemon stopped
=== RUN   TestServiceUpdateLabel
--- PASS: TestServiceUpdateLabel (2.86s)
    update_test.go:21: Creating a new daemon
    daemon.go:317: [d54e9699e8ade] waiting for daemon to start
    daemon.go:335: [d54e9699e8ade] daemon started
    daemon.go:445: [d54e9699e8ade] Stopping daemon
    daemon.go:284: [d54e9699e8ade] exiting daemon
    daemon.go:432: [d54e9699e8ade] Daemon stopped
=== RUN   TestServiceUpdateSecrets
--- PASS: TestServiceUpdateSecrets (14.53s)
    update_test.go:77: Creating a new daemon
    daemon.go:317: [d768d53c3f13e] waiting for daemon to start
    daemon.go:335: [d768d53c3f13e] daemon started
    daemon.go:445: [d768d53c3f13e] Stopping daemon
    daemon.go:284: [d768d53c3f13e] exiting daemon
    daemon.go:432: [d768d53c3f13e] Daemon stopped
=== RUN   TestServiceUpdateConfigs
--- PASS: TestServiceUpdateConfigs (14.37s)
    update_test.go:139: Creating a new daemon
    daemon.go:317: [ddf7c46880afb] waiting for daemon to start
    daemon.go:335: [ddf7c46880afb] daemon started
    daemon.go:445: [ddf7c46880afb] Stopping daemon
    daemon.go:284: [ddf7c46880afb] exiting daemon
    daemon.go:432: [ddf7c46880afb] Daemon stopped
=== RUN   TestServiceUpdateNetwork
--- PASS: TestServiceUpdateNetwork (12.22s)
    update_test.go:201: Creating a new daemon
    daemon.go:317: [daeb5c6d2adac] waiting for daemon to start
    daemon.go:335: [daeb5c6d2adac] daemon started
    daemon.go:445: [daeb5c6d2adac] Stopping daemon
    daemon.go:284: [daeb5c6d2adac] exiting daemon
    daemon.go:432: [daeb5c6d2adac] Daemon stopped
PASS
Running /go/src/github.com/docker/docker/integration/config
INFO: Testing against a local daemon
=== RUN   TestConfigList
--- PASS: TestConfigList (2.07s)
    config_test.go:27: Creating a new daemon
    daemon.go:317: [d40b7daf78ddb] waiting for daemon to start
    daemon.go:335: [d40b7daf78ddb] daemon started
    daemon.go:445: [d40b7daf78ddb] Stopping daemon
    daemon.go:284: [d40b7daf78ddb] exiting daemon
    daemon.go:432: [d40b7daf78ddb] Daemon stopped
=== RUN   TestConfigsCreateAndDelete
--- PASS: TestConfigsCreateAndDelete (1.77s)
    config_test.go:109: Creating a new daemon
    daemon.go:317: [dad11cca0b205] waiting for daemon to start
    daemon.go:335: [dad11cca0b205] daemon started
    daemon.go:445: [dad11cca0b205] Stopping daemon
    daemon.go:284: [dad11cca0b205] exiting daemon
    daemon.go:432: [dad11cca0b205] Daemon stopped
=== RUN   TestConfigsUpdate
--- PASS: TestConfigsUpdate (2.18s)
    config_test.go:137: Creating a new daemon
    daemon.go:317: [dda272c60096c] waiting for daemon to start
    daemon.go:335: [dda272c60096c] daemon started
    daemon.go:445: [dda272c60096c] Stopping daemon
    daemon.go:284: [dda272c60096c] exiting daemon
    daemon.go:432: [dda272c60096c] Daemon stopped
=== RUN   TestTemplatedConfig
--- PASS: TestTemplatedConfig (3.31s)
    config_test.go:189: Creating a new daemon
    daemon.go:317: [df19a3cc027cc] waiting for daemon to start
    daemon.go:335: [df19a3cc027cc] daemon started
    daemon.go:445: [df19a3cc027cc] Stopping daemon
    daemon.go:284: [df19a3cc027cc] exiting daemon
    daemon.go:432: [df19a3cc027cc] Daemon stopped
=== RUN   TestConfigInspect
--- PASS: TestConfigInspect (1.68s)
    config_test.go:323: Creating a new daemon
    daemon.go:317: [d7a0c55ef042c] waiting for daemon to start
    daemon.go:335: [d7a0c55ef042c] daemon started
    daemon.go:445: [d7a0c55ef042c] Stopping daemon
    daemon.go:284: [d7a0c55ef042c] exiting daemon
    daemon.go:432: [d7a0c55ef042c] Daemon stopped
=== RUN   TestConfigCreateWithLabels
--- PASS: TestConfigCreateWithLabels (2.08s)
    config_test.go:347: Creating a new daemon
    daemon.go:317: [d3c117bc8e129] waiting for daemon to start
    daemon.go:335: [d3c117bc8e129] daemon started
    daemon.go:445: [d3c117bc8e129] Stopping daemon
    daemon.go:284: [d3c117bc8e129] exiting daemon
    daemon.go:432: [d3c117bc8e129] Daemon stopped
=== RUN   TestConfigCreateResolve
--- PASS: TestConfigCreateResolve (1.69s)
    config_test.go:374: Creating a new daemon
    daemon.go:317: [de2a3da66e83a] waiting for daemon to start
    daemon.go:335: [de2a3da66e83a] daemon started
    daemon.go:445: [de2a3da66e83a] Stopping daemon
    daemon.go:284: [de2a3da66e83a] exiting daemon
    daemon.go:432: [de2a3da66e83a] Daemon stopped
PASS
Running /go/src/github.com/docker/docker/integration/plugin
testing: warning: no tests to run
PASS
Running /go/src/github.com/docker/docker/integration/plugin/common
INFO: Testing against a local daemon
=== RUN   TestPluginInvalidJSON
=== RUN   TestPluginInvalidJSON//plugins/foobar/set
=== PAUSE TestPluginInvalidJSON//plugins/foobar/set
=== CONT  TestPluginInvalidJSON//plugins/foobar/set
--- PASS: TestPluginInvalidJSON (0.05s)
    --- PASS: TestPluginInvalidJSON//plugins/foobar/set (0.00s)
PASS
Running /go/src/github.com/docker/docker/integration/plugin/graphdriver
INFO: Testing against a local daemon
=== RUN   TestExternalGraphDriver
=== RUN   TestExternalGraphDriver/json
=== RUN   TestExternalGraphDriver/spec
=== RUN   TestExternalGraphDriver/pull
--- PASS: TestExternalGraphDriver (7.45s)
    external_test.go:57: Creating a new daemon
    daemon.go:317: [d65b339ba4872] waiting for daemon to start
    daemon.go:335: [d65b339ba4872] daemon started
    daemon.go:445: [d65b339ba4872] Stopping daemon
    daemon.go:284: [d65b339ba4872] exiting daemon
    daemon.go:432: [d65b339ba4872] Daemon stopped
    daemon.go:317: [d65b339ba4872] waiting for daemon to start
    daemon.go:335: [d65b339ba4872] daemon started
    daemon.go:445: [d65b339ba4872] Stopping daemon
    daemon.go:284: [d65b339ba4872] exiting daemon
    daemon.go:432: [d65b339ba4872] Daemon stopped
    --- PASS: TestExternalGraphDriver/json (1.69s)
    daemon.go:317: [d65b339ba4872] waiting for daemon to start
    daemon.go:335: [d65b339ba4872] daemon started
    daemon.go:445: [d65b339ba4872] Stopping daemon
    daemon.go:284: [d65b339ba4872] exiting daemon
    daemon.go:432: [d65b339ba4872] Daemon stopped
    daemon.go:317: [d65b339ba4872] waiting for daemon to start
    daemon.go:335: [d65b339ba4872] daemon started
    daemon.go:445: [d65b339ba4872] Stopping daemon
    daemon.go:284: [d65b339ba4872] exiting daemon
    daemon.go:432: [d65b339ba4872] Daemon stopped
    --- PASS: TestExternalGraphDriver/spec (1.71s)
    daemon.go:317: [d65b339ba4872] waiting for daemon to start
    daemon.go:335: [d65b339ba4872] daemon started
    daemon.go:445: [d65b339ba4872] Stopping daemon
    daemon.go:284: [d65b339ba4872] exiting daemon
    daemon.go:432: [d65b339ba4872] Daemon stopped
    --- PASS: TestExternalGraphDriver/pull (2.94s)
=== RUN   TestGraphdriverPluginV2
--- PASS: TestGraphdriverPluginV2 (6.69s)
    external_test.go:413: Creating a new daemon
    daemon.go:317: [df48140f0063a] waiting for daemon to start
    daemon.go:335: [df48140f0063a] daemon started
    daemon.go:445: [df48140f0063a] Stopping daemon
    daemon.go:284: [df48140f0063a] exiting daemon
    daemon.go:432: [df48140f0063a] Daemon stopped
    daemon.go:317: [df48140f0063a] waiting for daemon to start
    daemon.go:335: [df48140f0063a] daemon started
    daemon.go:445: [df48140f0063a] Stopping daemon
    daemon.go:284: [df48140f0063a] exiting daemon
    daemon.go:432: [df48140f0063a] Daemon stopped
PASS
Running /go/src/github.com/docker/docker/integration/plugin/authz
INFO: Testing against a local daemon
=== RUN   TestAuthZPluginAllowRequest
--- PASS: TestAuthZPluginAllowRequest (1.23s)
    main_test.go:54: Creating a new daemon
    daemon.go:317: [d2b0f42c8814a] waiting for daemon to start
    daemon.go:335: [d2b0f42c8814a] daemon started
    daemon.go:445: [d2b0f42c8814a] Stopping daemon
    daemon.go:284: [d2b0f42c8814a] exiting daemon
    daemon.go:432: [d2b0f42c8814a] Daemon stopped
=== RUN   TestAuthZPluginTLS
--- PASS: TestAuthZPluginTLS (0.56s)
    main_test.go:54: Creating a new daemon
    daemon.go:317: [dc0bca06fb21b] waiting for daemon to start
    daemon.go:335: [dc0bca06fb21b] daemon started
    daemon.go:445: [dc0bca06fb21b] Stopping daemon
    daemon.go:284: [dc0bca06fb21b] exiting daemon
    daemon.go:432: [dc0bca06fb21b] Daemon stopped
=== RUN   TestAuthZPluginDenyRequest
--- PASS: TestAuthZPluginDenyRequest (0.52s)
    main_test.go:54: Creating a new daemon
    daemon.go:317: [d0ab90b297555] waiting for daemon to start
    daemon.go:335: [d0ab90b297555] daemon started
    daemon.go:445: [d0ab90b297555] Stopping daemon
    daemon.go:284: [d0ab90b297555] exiting daemon
    daemon.go:432: [d0ab90b297555] Daemon stopped
=== RUN   TestAuthZPluginAPIDenyResponse
--- PASS: TestAuthZPluginAPIDenyResponse (0.75s)
    main_test.go:54: Creating a new daemon
    daemon.go:317: [db9d7c0f6d70a] waiting for daemon to start
    daemon.go:335: [db9d7c0f6d70a] daemon started
    daemon.go:445: [db9d7c0f6d70a] Stopping daemon
    daemon.go:284: [db9d7c0f6d70a] exiting daemon
    daemon.go:432: [db9d7c0f6d70a] Daemon stopped
=== RUN   TestAuthZPluginDenyResponse
--- PASS: TestAuthZPluginDenyResponse (0.53s)
    main_test.go:54: Creating a new daemon
    daemon.go:317: [d7c22d1b3936f] waiting for daemon to start
    daemon.go:335: [d7c22d1b3936f] daemon started
    daemon.go:445: [d7c22d1b3936f] Stopping daemon
    daemon.go:284: [d7c22d1b3936f] exiting daemon
    daemon.go:432: [d7c22d1b3936f] Daemon stopped
=== RUN   TestAuthZPluginAllowEventStream
--- PASS: TestAuthZPluginAllowEventStream (1.21s)
    main_test.go:54: Creating a new daemon
    daemon.go:317: [d53b7e984927e] waiting for daemon to start
    daemon.go:335: [d53b7e984927e] daemon started
    daemon.go:445: [d53b7e984927e] Stopping daemon
    daemon.go:284: [d53b7e984927e] exiting daemon
    daemon.go:432: [d53b7e984927e] Daemon stopped
=== RUN   TestAuthZPluginErrorResponse
--- PASS: TestAuthZPluginErrorResponse (0.53s)
    main_test.go:54: Creating a new daemon
    daemon.go:317: [dc573741732df] waiting for daemon to start
    daemon.go:335: [dc573741732df] daemon started
    daemon.go:445: [dc573741732df] Stopping daemon
    daemon.go:284: [dc573741732df] exiting daemon
    daemon.go:432: [dc573741732df] Daemon stopped
=== RUN   TestAuthZPluginErrorRequest
--- PASS: TestAuthZPluginErrorRequest (0.52s)
    main_test.go:54: Creating a new daemon
    daemon.go:317: [d26f9deb15e50] waiting for daemon to start
    daemon.go:335: [d26f9deb15e50] daemon started
    daemon.go:445: [d26f9deb15e50] Stopping daemon
    daemon.go:284: [d26f9deb15e50] exiting daemon
    daemon.go:432: [d26f9deb15e50] Daemon stopped
=== RUN   TestAuthZPluginEnsureNoDuplicatePluginRegistration
--- PASS: TestAuthZPluginEnsureNoDuplicatePluginRegistration (0.52s)
    main_test.go:54: Creating a new daemon
    daemon.go:317: [df644c8cef2bb] waiting for daemon to start
    daemon.go:335: [df644c8cef2bb] daemon started
    daemon.go:445: [df644c8cef2bb] Stopping daemon
    daemon.go:284: [df644c8cef2bb] exiting daemon
    daemon.go:432: [df644c8cef2bb] Daemon stopped
=== RUN   TestAuthZPluginEnsureLoadImportWorking
--- FAIL: TestAuthZPluginEnsureLoadImportWorking (59.16s)
    main_test.go:54: Creating a new daemon
    daemon.go:317: [d11bff69eecb7] waiting for daemon to start
    daemon.go:335: [d11bff69eecb7] daemon started
    authz_plugin_test.go:360: assertion failed: error is not nil: write /tmp/test-authz-load-import472128670/export.tar: no space left on device
    daemon.go:445: [d11bff69eecb7] Stopping daemon
    daemon.go:284: [d11bff69eecb7] exiting daemon
    daemon.go:432: [d11bff69eecb7] Daemon stopped
=== RUN   TestAuthzPluginEnsureContainerCopyToFrom
--- PASS: TestAuthzPluginEnsureContainerCopyToFrom (121.21s)
    main_test.go:54: Creating a new daemon
    daemon.go:317: [d65047b81ead1] waiting for daemon to start
    daemon.go:335: [d65047b81ead1] daemon started
    daemon.go:445: [d65047b81ead1] Stopping daemon
    daemon.go:284: [d65047b81ead1] exiting daemon
    daemon.go:432: [d65047b81ead1] Daemon stopped
=== RUN   TestAuthZPluginHeader
--- PASS: TestAuthZPluginHeader (0.73s)
    main_test.go:54: Creating a new daemon
    daemon.go:317: [de86dd8c2e78c] waiting for daemon to start
    daemon.go:335: [de86dd8c2e78c] daemon started
    daemon.go:445: [de86dd8c2e78c] Stopping daemon
    daemon.go:284: [de86dd8c2e78c] exiting daemon
    daemon.go:432: [de86dd8c2e78c] Daemon stopped
=== RUN   TestAuthZPluginV2AllowNonVolumeRequest
--- PASS: TestAuthZPluginV2AllowNonVolumeRequest (6.34s)
    main_test.go:54: Creating a new daemon
    daemon.go:317: [dfbf45bd6ef07] waiting for daemon to start
    daemon.go:335: [dfbf45bd6ef07] daemon started
    daemon.go:445: [dfbf45bd6ef07] Stopping daemon
    daemon.go:284: [dfbf45bd6ef07] exiting daemon
    daemon.go:432: [dfbf45bd6ef07] Daemon stopped
    daemon.go:317: [dfbf45bd6ef07] waiting for daemon to start
    daemon.go:335: [dfbf45bd6ef07] daemon started
    daemon.go:445: [dfbf45bd6ef07] Stopping daemon
    daemon.go:284: [dfbf45bd6ef07] exiting daemon
    daemon.go:432: [dfbf45bd6ef07] Daemon stopped
=== RUN   TestAuthZPluginV2Disable
--- PASS: TestAuthZPluginV2Disable (6.04s)
    main_test.go:54: Creating a new daemon
    daemon.go:317: [d3f6acf8d0ec4] waiting for daemon to start
    daemon.go:335: [d3f6acf8d0ec4] daemon started
    daemon.go:445: [d3f6acf8d0ec4] Stopping daemon
    daemon.go:284: [d3f6acf8d0ec4] exiting daemon
    daemon.go:432: [d3f6acf8d0ec4] Daemon stopped
    daemon.go:317: [d3f6acf8d0ec4] waiting for daemon to start
    daemon.go:335: [d3f6acf8d0ec4] daemon started
    daemon.go:445: [d3f6acf8d0ec4] Stopping daemon
    daemon.go:284: [d3f6acf8d0ec4] exiting daemon
    daemon.go:432: [d3f6acf8d0ec4] Daemon stopped
=== RUN   TestAuthZPluginV2RejectVolumeRequests
--- PASS: TestAuthZPluginV2RejectVolumeRequests (5.41s)
    main_test.go:54: Creating a new daemon
    daemon.go:317: [d4cb798f0d396] waiting for daemon to start
    daemon.go:335: [d4cb798f0d396] daemon started
    daemon.go:445: [d4cb798f0d396] Stopping daemon
    daemon.go:284: [d4cb798f0d396] exiting daemon
    daemon.go:432: [d4cb798f0d396] Daemon stopped
    daemon.go:317: [d4cb798f0d396] waiting for daemon to start
    daemon.go:335: [d4cb798f0d396] daemon started
    daemon.go:445: [d4cb798f0d396] Stopping daemon
    daemon.go:284: [d4cb798f0d396] exiting daemon
    daemon.go:432: [d4cb798f0d396] Daemon stopped
=== RUN   TestAuthZPluginV2BadManifestFailsDaemonStart
--- PASS: TestAuthZPluginV2BadManifestFailsDaemonStart (10.74s)
    main_test.go:54: Creating a new daemon
    daemon.go:317: [d443cd53bdeac] waiting for daemon to start
    daemon.go:335: [d443cd53bdeac] daemon started
    daemon.go:445: [d443cd53bdeac] Stopping daemon
    daemon.go:284: [d443cd53bdeac] exiting daemon
    daemon.go:432: [d443cd53bdeac] Daemon stopped
    daemon.go:317: [d443cd53bdeac] waiting for daemon to start
    daemon.go:327: [d443cd53bdeac] error pinging daemon on start: Get http://%2Ftmp%2Fdocker-integration%2Fd443cd53bdeac.sock/_ping: read unix @->/tmp/docker-integration/d443cd53bdeac.sock: read: connection reset by peer
    daemon.go:317: [d443cd53bdeac] waiting for daemon to start
    daemon.go:284: [d443cd53bdeac] exiting daemon
    daemon.go:317: [d443cd53bdeac] waiting for daemon to start
    daemon.go:335: [d443cd53bdeac] daemon started
    daemon.go:445: [d443cd53bdeac] Stopping daemon
    daemon.go:284: [d443cd53bdeac] exiting daemon
    daemon.go:432: [d443cd53bdeac] Daemon stopped
=== RUN   TestAuthZPluginV2NonexistentFailsDaemonStart
--- PASS: TestAuthZPluginV2NonexistentFailsDaemonStart (16.68s)
    main_test.go:54: Creating a new daemon
    daemon.go:317: [d5affc385da0f] waiting for daemon to start
    daemon.go:335: [d5affc385da0f] daemon started
    daemon.go:445: [d5affc385da0f] Stopping daemon
    daemon.go:284: [d5affc385da0f] exiting daemon
    daemon.go:432: [d5affc385da0f] Daemon stopped
    daemon.go:317: [d5affc385da0f] waiting for daemon to start
    daemon.go:327: [d5affc385da0f] error pinging daemon on start: Get http://%2Ftmp%2Fdocker-integration%2Fd5affc385da0f.sock/_ping: context deadline exceeded
    daemon.go:317: [d5affc385da0f] waiting for daemon to start
    daemon.go:327: [d5affc385da0f] error pinging daemon on start: Get http://%2Ftmp%2Fdocker-integration%2Fd5affc385da0f.sock/_ping: context deadline exceeded
    daemon.go:317: [d5affc385da0f] waiting for daemon to start
    daemon.go:327: [d5affc385da0f] error pinging daemon on start: Get http://%2Ftmp%2Fdocker-integration%2Fd5affc385da0f.sock/_ping: context deadline exceeded
    daemon.go:317: [d5affc385da0f] waiting for daemon to start
    daemon.go:327: [d5affc385da0f] error pinging daemon on start: Get http://%2Ftmp%2Fdocker-integration%2Fd5affc385da0f.sock/_ping: context deadline exceeded
    daemon.go:317: [d5affc385da0f] waiting for daemon to start
    daemon.go:327: [d5affc385da0f] error pinging daemon on start: Get http://%2Ftmp%2Fdocker-integration%2Fd5affc385da0f.sock/_ping: context deadline exceeded
    daemon.go:317: [d5affc385da0f] waiting for daemon to start
    daemon.go:327: [d5affc385da0f] error pinging daemon on start: Get http://%2Ftmp%2Fdocker-integration%2Fd5affc385da0f.sock/_ping: context deadline exceeded
    daemon.go:317: [d5affc385da0f] waiting for daemon to start
    daemon.go:327: [d5affc385da0f] error pinging daemon on start: Get http://%2Ftmp%2Fdocker-integration%2Fd5affc385da0f.sock/_ping: context deadline exceeded
    daemon.go:317: [d5affc385da0f] waiting for daemon to start
    daemon.go:327: [d5affc385da0f] error pinging daemon on start: Get http://%2Ftmp%2Fdocker-integration%2Fd5affc385da0f.sock/_ping: read unix @->/tmp/docker-integration/d5affc385da0f.sock: read: connection reset by peer
    daemon.go:317: [d5affc385da0f] waiting for daemon to start
    daemon.go:327: [d5affc385da0f] error pinging daemon on start: Get http://%2Ftmp%2Fdocker-integration%2Fd5affc385da0f.sock/_ping: dial unix /tmp/docker-integration/d5affc385da0f.sock: connect: connection refused
    daemon.go:317: [d5affc385da0f] waiting for daemon to start
    daemon.go:284: [d5affc385da0f] exiting daemon
    daemon.go:317: [d5affc385da0f] waiting for daemon to start
    daemon.go:335: [d5affc385da0f] daemon started
    daemon.go:445: [d5affc385da0f] Stopping daemon
    daemon.go:284: [d5affc385da0f] exiting daemon
    daemon.go:432: [d5affc385da0f] Daemon stopped
FAIL
---> Making bundle: .integration-daemon-stop (in bundles/test-integration)
Clearing AppArmor profiles cache:.
All profile caches have been cleared, but no profiles have been unloaded.
Unloading profiles will leave already running processes permanently
unconfined, which can lead to unexpected situations.

To set a process to complain mode, use the command line tool
'aa-complain'. To really tear down all profiles, run the init script
with the 'teardown' option."
Removing test suite binaries
Build step 'Execute shell' marked build as failure
Set build name.
New build name is '#39292'
[PostBuildScript] - Executing post build scripts.
[Docker-PRs] $ /bin/sh -xe /tmp/jenkins6653390704066565012.sh
+ echo Ensuring container killed.
Ensuring container killed.
+ docker rm -vf docker-pr54346
Error: No such container: docker-pr54346
+ true
+ echo Chowning /workspace to jenkins user
Chowning /workspace to jenkins user
+ id -u
+ id -g
+ docker run --rm -v /home/ubuntu/workspace/Docker-PRs:/workspace busybox chown -R 1000:1000 /workspace
[Docker-PRs] $ /bin/sh -xe /tmp/jenkins4859905788490832866.sh
+ echo Creating bundles.tar.gz
Creating bundles.tar.gz
+ + xargs tar -czf bundles.tar.gz
find bundles -name *.log -o -name *.prof -o -name integration.test
Archiving artifacts
Notifying endpoint with url 'https://leeroy.dockerproject.org/notification/jenkins'
[WS-CLEANUP] Deleting project workspace...[WS-CLEANUP] done
Finished: FAILURE
