Started by user Gordon
Notifying endpoint with url 'https://leeroy.dockerproject.org/notification/jenkins'
[EnvInject] - Loading node environment variables.
Building remotely on ubuntu-1604-overlay2-stable (i-0eaa9864f42db384d) (x86_64 ec2 ubuntu overlay2 linux ubuntu-1604 ubuntu-1604-overlay2-stable amd64 docker us-west-2) in workspace /home/ubuntu/workspace/Docker-PRs
Wiping out workspace first.
Cloning the remote Git repository
Cloning repository https://github.com/moby/moby.git
 > git init /home/ubuntu/workspace/Docker-PRs # timeout=10
Fetching upstream changes from https://github.com/moby/moby.git
 > git --version # timeout=10
 > git fetch --tags --progress https://github.com/moby/moby.git +refs/heads/*:refs/remotes/origin/*
 > git config remote.origin.url https://github.com/moby/moby.git # timeout=10
 > git config --add remote.origin.fetch +refs/heads/*:refs/remotes/origin/* # timeout=10
 > git config remote.origin.url https://github.com/moby/moby.git # timeout=10
Fetching upstream changes from https://github.com/moby/moby.git
 > git fetch --tags --progress https://github.com/moby/moby.git +refs/heads/*:refs/remotes/origin/*
 > git rev-parse origin/master^{commit} # timeout=10
Checking out Revision d147fe0582f44c0fc22ec8bdffff44939dd54d52 (origin/master)
 > git config core.sparsecheckout # timeout=10
 > git checkout -f d147fe0582f44c0fc22ec8bdffff44939dd54d52
Commit message: "Merge pull request #38413 from slp/master"
 > git rev-list --no-walk d147fe0582f44c0fc22ec8bdffff44939dd54d52 # timeout=10
Set build name.
New build name is '#38426'
[Docker-PRs] $ /bin/bash /tmp/jenkins5352348424659730099.sh
From https://github.com/moby/moby
 * [new ref]         refs/pull/38426/head -> origin/pr/38426
Updating d147fe0..43b15e9
Fast-forward
 integration-cli/check_test.go                      | 14 ++--
 integration-cli/docker_api_containers_test.go      | 10 +--
 .../docker_api_containers_windows_test.go          |  2 +-
 integration-cli/docker_api_exec_test.go            |  2 +-
 integration-cli/docker_api_images_test.go          |  2 +-
 integration-cli/docker_api_stats_test.go           |  4 +-
 integration-cli/docker_api_swarm_service_test.go   |  2 +-
 integration-cli/docker_cli_attach_unix_test.go     |  2 +-
 integration-cli/docker_cli_build_test.go           |  8 +--
 integration-cli/docker_cli_cp_test.go              | 10 +--
 integration-cli/docker_cli_cp_to_container_test.go |  2 +-
 .../docker_cli_cp_to_container_unix_test.go        |  4 +-
 integration-cli/docker_cli_cp_utils_test.go        |  2 +-
 integration-cli/docker_cli_create_test.go          |  4 +-
 integration-cli/docker_cli_daemon_plugins_test.go  |  4 +-
 integration-cli/docker_cli_daemon_test.go          | 32 ++++-----
 integration-cli/docker_cli_events_test.go          |  2 +-
 integration-cli/docker_cli_events_unix_test.go     |  4 +-
 integration-cli/docker_cli_exec_test.go            |  4 +-
 integration-cli/docker_cli_exec_unix_test.go       |  6 +-
 .../docker_cli_external_volume_driver_unix_test.go |  2 +-
 integration-cli/docker_cli_info_test.go            | 12 ++--
 integration-cli/docker_cli_info_unix_test.go       |  2 +-
 integration-cli/docker_cli_links_test.go           |  4 +-
 integration-cli/docker_cli_network_unix_test.go    | 26 +++----
 integration-cli/docker_cli_plugins_test.go         |  4 +-
 integration-cli/docker_cli_proxy_test.go           |  4 +-
 integration-cli/docker_cli_restart_test.go         |  8 +--
 integration-cli/docker_cli_run_test.go             | 80 +++++++++++-----------
 integration-cli/docker_cli_run_unix_test.go        | 66 +++++++++---------
 integration-cli/docker_cli_save_load_test.go       |  2 +-
 integration-cli/docker_cli_userns_test.go          |  2 +-
 integration-cli/docker_cli_volume_test.go          |  4 +-
 integration-cli/docker_hub_pull_suite_test.go      |  2 +-
 integration-cli/requirements_test.go               | 20 ------
 integration-cli/requirements_unix_test.go          |  6 +-
 36 files changed, 172 insertions(+), 192 deletions(-)
Sending build context to Docker daemon  45.09MB
Step 1/93 : FROM golang:1.11.4 AS base
1.11.4: Pulling from library/golang
54f7e8ac135a: Pulling fs layer
d6341e30912f: Pulling fs layer
087a57faf949: Pulling fs layer
5d71636fb824: Pulling fs layer
f368dba6a331: Pulling fs layer
2ec7dd257922: Pulling fs layer
5c16dc774b9c: Pulling fs layer
5d71636fb824: Waiting
f368dba6a331: Waiting
2ec7dd257922: Waiting
5c16dc774b9c: Waiting
087a57faf949: Verifying Checksum
087a57faf949: Download complete
d6341e30912f: Verifying Checksum
d6341e30912f: Download complete
54f7e8ac135a: Verifying Checksum
54f7e8ac135a: Download complete
5d71636fb824: Verifying Checksum
5d71636fb824: Download complete
5c16dc774b9c: Verifying Checksum
5c16dc774b9c: Download complete
f368dba6a331: Verifying Checksum
f368dba6a331: Download complete
2ec7dd257922: Verifying Checksum
2ec7dd257922: Download complete
54f7e8ac135a: Pull complete
d6341e30912f: Pull complete
087a57faf949: Pull complete
5d71636fb824: Pull complete
f368dba6a331: Pull complete
2ec7dd257922: Pull complete
5c16dc774b9c: Pull complete
Digest: sha256:3147ee6adcee6c69c65eb33f2cc9080e56f58c86a5864db2d703652ee0fe5066
Status: Downloaded newer image for golang:1.11.4
 ---> 2422e4d43e15
Step 2/93 : ARG APT_MIRROR=deb.debian.org
 ---> Running in 1c57cdced2fe
Removing intermediate container 1c57cdced2fe
 ---> cfdb15e0c844
Step 3/93 : RUN sed -ri "s/(httpredir|deb).debian.org/$APT_MIRROR/g" /etc/apt/sources.list
 ---> Running in c67ded8bfd4b
Removing intermediate container c67ded8bfd4b
 ---> 1686ad06e12b
Step 4/93 : FROM base AS criu
 ---> 1686ad06e12b
Step 5/93 : ENV CRIU_VERSION 3.6
 ---> Running in 9df87ec5f4cf
Removing intermediate container 9df87ec5f4cf
 ---> 95188f103b4b
Step 6/93 : RUN apt-get update && apt-get install -y 	libnet-dev 	libprotobuf-c0-dev 	libprotobuf-dev 	libnl-3-dev 	libcap-dev 	protobuf-compiler 	protobuf-c-compiler 	python-protobuf 	&& mkdir -p /usr/src/criu 	&& curl -sSL https://github.com/checkpoint-restore/criu/archive/v${CRIU_VERSION}.tar.gz | tar -C /usr/src/criu/ -xz --strip-components=1 	&& cd /usr/src/criu 	&& make 	&& make PREFIX=/build/ install-criu
 ---> Running in 92d2d501aae5
Get:1 http://security.debian.org/debian-security stretch/updates InRelease [94.3 kB]
Ign:2 http://cdn-fastly.deb.debian.org/debian stretch InRelease
Get:3 http://cdn-fastly.deb.debian.org/debian stretch-updates InRelease [91.0 kB]
Get:4 http://cdn-fastly.deb.debian.org/debian stretch Release [118 kB]
Get:5 http://cdn-fastly.deb.debian.org/debian stretch Release.gpg [2434 B]
Get:6 http://security.debian.org/debian-security stretch/updates/main amd64 Packages [463 kB]
Get:7 http://cdn-fastly.deb.debian.org/debian stretch-updates/main amd64 Packages [5152 B]
Get:8 http://cdn-fastly.deb.debian.org/debian stretch/main amd64 Packages [7089 kB]
Fetched 7863 kB in 3s (2289 kB/s)
Reading package lists...
Reading package lists...
Building dependency tree...
Reading state information...
The following additional packages will be installed:
  libnet1 libnl-3-200 libprotobuf-c1 libprotobuf-lite10 libprotobuf10
  libprotoc10 python-pkg-resources zlib1g-dev
Suggested packages:
  manpages-dev python-setuptools
The following NEW packages will be installed:
  libcap-dev libnet1 libnet1-dev libnl-3-200 libnl-3-dev libprotobuf-c-dev
  libprotobuf-c1 libprotobuf-dev libprotobuf-lite10 libprotobuf10 libprotoc10
  protobuf-c-compiler protobuf-compiler python-pkg-resources python-protobuf
  zlib1g-dev
0 upgraded, 16 newly installed, 0 to remove and 7 not upgraded.
Need to get 3602 kB of archives.
After this operation, 18.9 MB of additional disk space will be used.
Get:1 http://cdn-fastly.deb.debian.org/debian stretch/main amd64 libnet1 amd64 1.1.6+dfsg-3 [60.4 kB]
Get:2 http://cdn-fastly.deb.debian.org/debian stretch/main amd64 libcap-dev amd64 1:2.25-1 [29.4 kB]
Get:3 http://cdn-fastly.deb.debian.org/debian stretch/main amd64 libnet1-dev amd64 1.1.6+dfsg-3 [118 kB]
Get:4 http://cdn-fastly.deb.debian.org/debian stretch/main amd64 libnl-3-200 amd64 3.2.27-2 [61.5 kB]
Get:5 http://cdn-fastly.deb.debian.org/debian stretch/main amd64 libnl-3-dev amd64 3.2.27-2 [96.2 kB]
Get:6 http://cdn-fastly.deb.debian.org/debian stretch/main amd64 libprotobuf-c1 amd64 1.2.1-2 [25.0 kB]
Get:7 http://cdn-fastly.deb.debian.org/debian stretch/main amd64 libprotobuf-c-dev amd64 1.2.1-2 [32.5 kB]
Get:8 http://cdn-fastly.deb.debian.org/debian stretch/main amd64 zlib1g-dev amd64 1:1.2.8.dfsg-5 [205 kB]
Get:9 http://cdn-fastly.deb.debian.org/debian stretch/main amd64 libprotobuf10 amd64 3.0.0-9 [681 kB]
Get:10 http://cdn-fastly.deb.debian.org/debian stretch/main amd64 libprotobuf-lite10 amd64 3.0.0-9 [125 kB]
Get:11 http://cdn-fastly.deb.debian.org/debian stretch/main amd64 libprotobuf-dev amd64 3.0.0-9 [954 kB]
Get:12 http://cdn-fastly.deb.debian.org/debian stretch/main amd64 libprotoc10 amd64 3.0.0-9 [626 kB]
Get:13 http://cdn-fastly.deb.debian.org/debian stretch/main amd64 protobuf-c-compiler amd64 1.2.1-2 [78.4 kB]
Get:14 http://cdn-fastly.deb.debian.org/debian stretch/main amd64 protobuf-compiler amd64 3.0.0-9 [52.8 kB]
Get:15 http://cdn-fastly.deb.debian.org/debian stretch/main amd64 python-pkg-resources all 33.1.1-1 [166 kB]
Get:16 http://cdn-fastly.deb.debian.org/debian stretch/main amd64 python-protobuf amd64 3.0.0-9 [292 kB]
debconf: delaying package configuration, since apt-utils is not installed
Fetched 3602 kB in 1s (3200 kB/s)
Selecting previously unselected package libnet1:amd64.
(Reading database ... (Reading database ... 5%(Reading database ... 10%(Reading database ... 15%(Reading database ... 20%(Reading database ... 25%(Reading database ... 30%(Reading database ... 35%(Reading database ... 40%(Reading database ... 45%(Reading database ... 50%(Reading database ... 55%(Reading database ... 60%(Reading database ... 65%(Reading database ... 70%(Reading database ... 75%(Reading database ... 80%(Reading database ... 85%(Reading database ... 90%(Reading database ... 95%(Reading database ... 100%(Reading database ... 15040 files and directories currently installed.)
Preparing to unpack .../00-libnet1_1.1.6+dfsg-3_amd64.deb ...
Unpacking libnet1:amd64 (1.1.6+dfsg-3) ...
Selecting previously unselected package libcap-dev:amd64.
Preparing to unpack .../01-libcap-dev_1%3a2.25-1_amd64.deb ...
Unpacking libcap-dev:amd64 (1:2.25-1) ...
Selecting previously unselected package libnet1-dev.
Preparing to unpack .../02-libnet1-dev_1.1.6+dfsg-3_amd64.deb ...
Unpacking libnet1-dev (1.1.6+dfsg-3) ...
Selecting previously unselected package libnl-3-200:amd64.
Preparing to unpack .../03-libnl-3-200_3.2.27-2_amd64.deb ...
Unpacking libnl-3-200:amd64 (3.2.27-2) ...
Selecting previously unselected package libnl-3-dev:amd64.
Preparing to unpack .../04-libnl-3-dev_3.2.27-2_amd64.deb ...
Unpacking libnl-3-dev:amd64 (3.2.27-2) ...
Selecting previously unselected package libprotobuf-c1:amd64.
Preparing to unpack .../05-libprotobuf-c1_1.2.1-2_amd64.deb ...
Unpacking libprotobuf-c1:amd64 (1.2.1-2) ...
Selecting previously unselected package libprotobuf-c-dev:amd64.
Preparing to unpack .../06-libprotobuf-c-dev_1.2.1-2_amd64.deb ...
Unpacking libprotobuf-c-dev:amd64 (1.2.1-2) ...
Selecting previously unselected package zlib1g-dev:amd64.
Preparing to unpack .../07-zlib1g-dev_1%3a1.2.8.dfsg-5_amd64.deb ...
Unpacking zlib1g-dev:amd64 (1:1.2.8.dfsg-5) ...
Selecting previously unselected package libprotobuf10:amd64.
Preparing to unpack .../08-libprotobuf10_3.0.0-9_amd64.deb ...
Unpacking libprotobuf10:amd64 (3.0.0-9) ...
Selecting previously unselected package libprotobuf-lite10:amd64.
Preparing to unpack .../09-libprotobuf-lite10_3.0.0-9_amd64.deb ...
Unpacking libprotobuf-lite10:amd64 (3.0.0-9) ...
Selecting previously unselected package libprotobuf-dev:amd64.
Preparing to unpack .../10-libprotobuf-dev_3.0.0-9_amd64.deb ...
Unpacking libprotobuf-dev:amd64 (3.0.0-9) ...
Selecting previously unselected package libprotoc10:amd64.
Preparing to unpack .../11-libprotoc10_3.0.0-9_amd64.deb ...
Unpacking libprotoc10:amd64 (3.0.0-9) ...
Selecting previously unselected package protobuf-c-compiler.
Preparing to unpack .../12-protobuf-c-compiler_1.2.1-2_amd64.deb ...
Unpacking protobuf-c-compiler (1.2.1-2) ...
Selecting previously unselected package protobuf-compiler.
Preparing to unpack .../13-protobuf-compiler_3.0.0-9_amd64.deb ...
Unpacking protobuf-compiler (3.0.0-9) ...
Selecting previously unselected package python-pkg-resources.
Preparing to unpack .../14-python-pkg-resources_33.1.1-1_all.deb ...
Unpacking python-pkg-resources (33.1.1-1) ...
Selecting previously unselected package python-protobuf.
Preparing to unpack .../15-python-protobuf_3.0.0-9_amd64.deb ...
Unpacking python-protobuf (3.0.0-9) ...
Setting up libnet1:amd64 (1.1.6+dfsg-3) ...
Setting up libprotobuf-c1:amd64 (1.2.1-2) ...
Setting up python-pkg-resources (33.1.1-1) ...
Setting up libnet1-dev (1.1.6+dfsg-3) ...
Setting up libprotobuf10:amd64 (3.0.0-9) ...
Processing triggers for libc-bin (2.24-11+deb9u3) ...
Setting up python-protobuf (3.0.0-9) ...
Setting up libcap-dev:amd64 (1:2.25-1) ...
Setting up libprotobuf-c-dev:amd64 (1.2.1-2) ...
Setting up libnl-3-200:amd64 (3.2.27-2) ...
Setting up libprotobuf-lite10:amd64 (3.0.0-9) ...
Setting up libprotoc10:amd64 (3.0.0-9) ...
Setting up protobuf-c-compiler (1.2.1-2) ...
Setting up zlib1g-dev:amd64 (1:1.2.8.dfsg-5) ...
Setting up protobuf-compiler (3.0.0-9) ...
Setting up libprotobuf-dev:amd64 (3.0.0-9) ...
Setting up libnl-3-dev:amd64 (3.2.27-2) ...
Processing triggers for libc-bin (2.24-11+deb9u3) ...
Note: Building without ia32 C/R, missed ia32 support in gcc
      That may be related to missing gcc-multilib in your
      distribution or you may have Debian with buggy toolchain
      (issue https://github.com/xemul/criu/issues/315)
fatal: Not a git repository (or any of the parent directories): .git
  GEN      .gitid
  GEN      criu/include/version.h
  GEN      include/common/asm
  PBCC     images/google/protobuf/descriptor.pb-c.c
  PBCC     images/opts.pb-c.c
  PBCC     images/sit.pb-c.c
  DEP      images/google/protobuf/descriptor.pb-c.d
  DEP      images/opts.pb-c.d
  DEP      images/sit.pb-c.d
  PBCC     images/macvlan.pb-c.c
  DEP      images/macvlan.pb-c.d
  PBCC     images/autofs.pb-c.c
  DEP      images/autofs.pb-c.d
  PBCC     images/sysctl.pb-c.c
  DEP      images/sysctl.pb-c.d
  PBCC     images/time.pb-c.c
  DEP      images/time.pb-c.d
  PBCC     images/binfmt-misc.pb-c.c
  DEP      images/binfmt-misc.pb-c.d
  PBCC     images/seccomp.pb-c.c
  DEP      images/seccomp.pb-c.d
  PBCC     images/userns.pb-c.c
  DEP      images/userns.pb-c.d
  PBCC     images/cgroup.pb-c.c
  DEP      images/cgroup.pb-c.d
  PBCC     images/fown.pb-c.c
  PBCC     images/ext-file.pb-c.c
  DEP      images/fown.pb-c.d
  DEP      images/ext-file.pb-c.d
  PBCC     images/rpc.pb-c.c
  DEP      images/rpc.pb-c.d
  PBCC     images/siginfo.pb-c.c
  DEP      images/siginfo.pb-c.d
  PBCC     images/pagemap.pb-c.c
  DEP      images/pagemap.pb-c.d
  PBCC     images/rlimit.pb-c.c
  DEP      images/rlimit.pb-c.d
  PBCC     images/file-lock.pb-c.c
  DEP      images/file-lock.pb-c.d
  PBCC     images/tty.pb-c.c
  DEP      images/tty.pb-c.d
  PBCC     images/tun.pb-c.c
  PBCC     images/netdev.pb-c.c
  DEP      images/tun.pb-c.d
  DEP      images/netdev.pb-c.d
  PBCC     images/vma.pb-c.c
  DEP      images/vma.pb-c.d
  PBCC     images/creds.pb-c.c
  DEP      images/creds.pb-c.d
  PBCC     images/utsns.pb-c.c
  DEP      images/utsns.pb-c.d
  PBCC     images/ipc-desc.pb-c.c
  PBCC     images/ipc-sem.pb-c.c
  DEP      images/ipc-desc.pb-c.d
  DEP      images/ipc-sem.pb-c.d
  PBCC     images/ipc-msg.pb-c.c
  DEP      images/ipc-msg.pb-c.d
  PBCC     images/ipc-shm.pb-c.c
  DEP      images/ipc-shm.pb-c.d
  PBCC     images/ipc-var.pb-c.c
  DEP      images/ipc-var.pb-c.d
  PBCC     images/sk-opts.pb-c.c
  PBCC     images/packet-sock.pb-c.c
  DEP      images/sk-opts.pb-c.d
  DEP      images/packet-sock.pb-c.d
  PBCC     images/sk-netlink.pb-c.c
  DEP      images/sk-netlink.pb-c.d
  PBCC     images/sk-inet.pb-c.c
  DEP      images/sk-inet.pb-c.d
  PBCC     images/sk-unix.pb-c.c
  DEP      images/sk-unix.pb-c.d
  PBCC     images/mm.pb-c.c
  DEP      images/mm.pb-c.d
  PBCC     images/timerfd.pb-c.c
  DEP      images/timerfd.pb-c.d
  PBCC     images/timer.pb-c.c
  DEP      images/timer.pb-c.d
  PBCC     images/sa.pb-c.c
  DEP      images/sa.pb-c.d
  PBCC     images/pipe-data.pb-c.c
  DEP      images/pipe-data.pb-c.d
  PBCC     images/mnt.pb-c.c
  DEP      images/mnt.pb-c.d
  PBCC     images/sk-packet.pb-c.c
  DEP      images/sk-packet.pb-c.d
  PBCC     images/tcp-stream.pb-c.c
  DEP      images/tcp-stream.pb-c.d
  PBCC     images/pipe.pb-c.c
  DEP      images/pipe.pb-c.d
  PBCC     images/pstree.pb-c.c
  DEP      images/pstree.pb-c.d
  PBCC     images/fs.pb-c.c
  DEP      images/fs.pb-c.d
  PBCC     images/signalfd.pb-c.c
  DEP      images/signalfd.pb-c.d
  PBCC     images/fh.pb-c.c
  PBCC     images/fsnotify.pb-c.c
  DEP      images/fh.pb-c.d
  DEP      images/fsnotify.pb-c.d
  PBCC     images/eventpoll.pb-c.c
  DEP      images/eventpoll.pb-c.d
  PBCC     images/eventfd.pb-c.c
  DEP      images/eventfd.pb-c.d
  PBCC     images/remap-file-path.pb-c.c
  DEP      images/remap-file-path.pb-c.d
  PBCC     images/fifo.pb-c.c
  DEP      images/fifo.pb-c.d
  PBCC     images/ghost-file.pb-c.c
  DEP      images/ghost-file.pb-c.d
  PBCC     images/regfile.pb-c.c
  DEP      images/regfile.pb-c.d
  PBCC     images/ns.pb-c.c
  DEP      images/ns.pb-c.d
  PBCC     images/fdinfo.pb-c.c
  DEP      images/fdinfo.pb-c.d
  PBCC     images/core-aarch64.pb-c.c
  PBCC     images/core-arm.pb-c.c
  PBCC     images/core-ppc64.pb-c.c
  PBCC     images/core-s390.pb-c.c
  PBCC     images/core-x86.pb-c.c
  PBCC     images/core.pb-c.c
  PBCC     images/inventory.pb-c.c
  DEP      images/core-aarch64.pb-c.d
  DEP      images/core-arm.pb-c.d
  DEP      images/core-ppc64.pb-c.d
  DEP      images/core-s390.pb-c.d
  DEP      images/core-x86.pb-c.d
  DEP      images/core.pb-c.d
  DEP      images/inventory.pb-c.d
  PBCC     images/cpuinfo.pb-c.c
  DEP      images/cpuinfo.pb-c.d
  PBCC     images/stats.pb-c.c
  DEP      images/stats.pb-c.d
make[1]: Nothing to be done for 'all'.
  CC       images/stats.o
  CC       images/core.o
  CC       images/core-x86.o
  CC       images/core-arm.o
  CC       images/core-aarch64.o
  CC       images/core-ppc64.o
  CC       images/core-s390.o
  CC       images/cpuinfo.o
  CC       images/inventory.o
  CC       images/fdinfo.o
  CC       images/fown.o
  CC       images/ns.o
  CC       images/regfile.o
  CC       images/ghost-file.o
  CC       images/fifo.o
  CC       images/remap-file-path.o
  CC       images/eventfd.o
  CC       images/eventpoll.o
  CC       images/fh.o
  CC       images/fsnotify.o
  CC       images/signalfd.o
  CC       images/fs.o
  CC       images/pstree.o
  CC       images/pipe.o
  CC       images/tcp-stream.o
  CC       images/sk-packet.o
  CC       images/mnt.o
  CC       images/pipe-data.o
  CC       images/sa.o
  CC       images/timer.o
  CC       images/timerfd.o
  CC       images/mm.o
  CC       images/sk-opts.o
  CC       images/sk-unix.o
  CC       images/sk-inet.o
  CC       images/tun.o
  CC       images/sk-netlink.o
  CC       images/packet-sock.o
  CC       images/ipc-var.o
  CC       images/ipc-desc.o
  CC       images/ipc-shm.o
  CC       images/ipc-msg.o
  CC       images/ipc-sem.o
  CC       images/utsns.o
  CC       images/creds.o
  CC       images/vma.o
  CC       images/netdev.o
  CC       images/tty.o
  CC       images/file-lock.o
  CC       images/rlimit.o
  CC       images/pagemap.o
  CC       images/siginfo.o
  CC       images/rpc.o
  CC       images/ext-file.o
  CC       images/cgroup.o
  CC       images/userns.o
  CC       images/google/protobuf/descriptor.o
  CC       images/opts.o
  CC       images/seccomp.o
  CC       images/binfmt-misc.o
  CC       images/time.o
  CC       images/sysctl.o
  CC       images/autofs.o
  CC       images/macvlan.o
  CC       images/sit.o
  LINK     images/built-in.o
  GEN      compel/include/asm
  GEN      compel/include/version.h
touch .config
  GEN      criu/include/config.h
  GEN      compel/plugins/include/uapi/std/syscall-codes-64.h
  GEN      compel/plugins/include/uapi/std/syscall-64.h
  GEN      compel/arch/x86/plugins/std/syscalls-64.S
  DEP      compel/arch/x86/plugins/std/syscalls-64.d
  DEP      compel/arch/x86/plugins/std/memcpy.d
  DEP      compel/arch/x86/plugins/std/parasite-head.d
  GEN      compel/plugins/include/uapi/std/syscall.h
  GEN      compel/arch/x86/plugins/std/sys-exec-tbl-64.c
  GEN      compel/plugins/include/uapi/std/syscall-codes.h
  GEN      compel/plugins/include/uapi/std/asm/syscall-types.h
  DEP      compel/plugins/std/infect.d
  DEP      compel/plugins/std/string.d
  DEP      compel/plugins/std/log.d
  DEP      compel/plugins/std/fds.d
  DEP      compel/plugins/std/std.d
  DEP      compel/plugins/shmem/shmem.d
  DEP      compel/plugins/fds/fds.d
  CC       compel/plugins/std/std.o
  CC       compel/plugins/std/fds.o
  CC       compel/plugins/std/log.o
  CC       compel/plugins/std/string.o
  CC       compel/plugins/std/infect.o
  CC       compel/arch/x86/plugins/std/parasite-head.o
  CC       compel/arch/x86/plugins/std/memcpy.o
  CC       compel/arch/x86/plugins/std/syscalls-64.o
  AR       compel/plugins/std.lib.a
  CC       compel/plugins/fds/fds.o
  AR       compel/plugins/fds.lib.a
  HOSTDEP  compel/src/lib/log-host.d
  HOSTDEP  compel/src/lib/handle-elf-host.d
  HOSTDEP  compel/arch/x86/src/lib/handle-elf-host.d
  HOSTDEP  compel/src/main-host.d
  DEP      compel/src/main.d
  DEP      compel/src/lib/handle-elf.d
  DEP      compel/arch/x86/src/lib/handle-elf.d
  DEP      compel/src/lib/ptrace.d
  DEP      compel/src/lib/infect.d
  DEP      compel/src/lib/infect-util.d
  DEP      compel/src/lib/infect-rpc.d
  DEP      compel/arch/x86/src/lib/infect.d
  DEP      compel/arch/x86/src/lib/cpu.d
  DEP      compel/src/lib/log.d
  CC       compel/src/lib/log.o
  CC       compel/arch/x86/src/lib/cpu.o
  CC       compel/arch/x86/src/lib/infect.o
  CC       compel/src/lib/infect-rpc.o
  CC       compel/src/lib/infect-util.o
  CC       compel/src/lib/infect.o
  CC       compel/src/lib/ptrace.o
  AR       compel/libcompel.a
  HOSTCC   compel/src/main-host.o
  HOSTCC   compel/arch/x86/src/lib/handle-elf-host.o
  HOSTCC   compel/src/lib/handle-elf-host.o
  HOSTCC   compel/src/lib/log-host.o
  HOSTLINK compel/compel-host-bin
  DEP      soccr/soccr.d
  CC       soccr/soccr.o
  AR       soccr/libsoccr.a
make[1]: 'soccr/libsoccr.a' is up to date.
  DEP      criu/arch/x86/sigframe.d
  DEP      criu/arch/x86/crtools.d
  DEP      criu/arch/x86/cpu.d
  CC       criu/arch/x86/cpu.o
  CC       criu/arch/x86/crtools.o
  CC       criu/arch/x86/sigframe.o
  LINK     criu/arch/x86/crtools.built-in.o
  DEP      criu/arch/x86/vdso-pie.d
  DEP      criu/pie/parasite-vdso.d
  DEP      criu/pie/util-vdso.d
  DEP      criu/pie/util.d
  CC       criu/pie/util.o
  CC       criu/pie/util-vdso.o
  CC       criu/pie/parasite-vdso.o
  CC       criu/arch/x86/vdso-pie.o
  AR       criu/pie/pie.lib.a
  DEP      criu/pie/restorer.d
  DEP      criu/arch/x86/restorer.d
  DEP      criu/pie/parasite.d
  CC       criu/pie/parasite.o
  LINK     criu/pie/parasite.built-in.o
  GEN      criu/pie/parasite-blob.h
  CC       criu/arch/x86/restorer.o
  CC       criu/pie/restorer.o
  LINK     criu/pie/restorer.built-in.o
  GEN      criu/pie/restorer-blob.h
  DEP      criu/vdso.d
  DEP      criu/uts_ns.d
  DEP      criu/util.d
  DEP      criu/uffd.d
  DEP      criu/tun.d
  DEP      criu/tty.d
  DEP      criu/timerfd.d
  DEP      criu/sysfs_parse.d
  DEP      criu/sysctl.d
  DEP      criu/string.d
  DEP      criu/stats.d
  DEP      criu/sockets.d
  DEP      criu/sk-unix.d
  DEP      criu/sk-tcp.d
  DEP      criu/sk-queue.d
  DEP      criu/sk-packet.d
  DEP      criu/sk-netlink.d
  DEP      criu/sk-inet.d
  DEP      criu/signalfd.d
  DEP      criu/sigframe.d
  DEP      criu/shmem.d
  DEP      criu/seize.d
  DEP      criu/seccomp.d
  DEP      criu/rst-malloc.d
  DEP      criu/rbtree.d
  DEP      criu/pstree.d
  DEP      criu/protobuf.d
  GEN      criu/protobuf-desc-gen.h
  DEP      criu/protobuf-desc.d
  DEP      criu/proc_parse.d
  DEP      criu/plugin.d
  DEP      criu/pipes.d
  DEP      criu/pie-util.d
  DEP      criu/pie-util-vdso.d
  DEP      criu/pie-util-vdso-elf32.d
  DEP      criu/path.d
  DEP      criu/parasite-syscall.d
  DEP      criu/pagemap.d
  DEP      criu/pagemap-cache.d
  DEP      criu/page-xfer.d
  DEP      criu/page-pipe.d
  DEP      criu/netfilter.d
  DEP      criu/net.d
  DEP      criu/namespaces.d
  DEP      criu/mount.d
  DEP      criu/mem.d
  DEP      criu/lsm.d
  DEP      criu/log.d
  DEP      criu/libnetlink.d
  DEP      criu/kerndat.d
  DEP      criu/kcmp-ids.d
  DEP      criu/irmap.d
  DEP      criu/ipc_ns.d
  DEP      criu/image.d
  DEP      criu/image-desc.d
  DEP      criu/fsnotify.d
  DEP      criu/filesystems.d
  DEP      criu/files.d
  DEP      criu/files-reg.d
  DEP      criu/files-ext.d
  DEP      criu/file-lock.d
  DEP      criu/file-ids.d
  DEP      criu/fifo.d
  DEP      criu/fdstore.d
  DEP      criu/fault-injection.d
  DEP      criu/external.d
  DEP      criu/eventpoll.d
  DEP      criu/eventfd.d
  DEP      criu/crtools.d
  DEP      criu/cr-service.d
  DEP      criu/cr-restore.d
  DEP      criu/cr-errno.d
  DEP      criu/cr-dump.d
  DEP      criu/cr-dedup.d
  DEP      criu/cr-check.d
  DEP      criu/clone-noasan.d
  DEP      criu/cgroup.d
  DEP      criu/cgroup-props.d
  DEP      criu/bitmap.d
  DEP      criu/bfd.d
  DEP      criu/autofs.d
  DEP      criu/aio.d
  DEP      criu/action-scripts.d
  CC       criu/action-scripts.o
  CC       criu/aio.o
  CC       criu/autofs.o
  CC       criu/bfd.o
  CC       criu/bitmap.o
  CC       criu/cgroup-props.o
  CC       criu/cgroup.o
  CC       criu/clone-noasan.o
  CC       criu/cr-check.o
  CC       criu/cr-dedup.o
  CC       criu/cr-dump.o
  CC       criu/cr-errno.o
  CC       criu/cr-restore.o
  CC       criu/cr-service.o
  CC       criu/crtools.o
  CC       criu/eventfd.o
  CC       criu/eventpoll.o
  CC       criu/external.o
  CC       criu/fault-injection.o
  CC       criu/fdstore.o
  CC       criu/fifo.o
  CC       criu/file-ids.o
  CC       criu/file-lock.o
  CC       criu/files-ext.o
  CC       criu/files-reg.o
  CC       criu/files.o
  CC       criu/filesystems.o
  CC       criu/fsnotify.o
  CC       criu/image-desc.o
  CC       criu/image.o
  CC       criu/ipc_ns.o
  CC       criu/irmap.o
  CC       criu/kcmp-ids.o
  CC       criu/kerndat.o
  CC       criu/libnetlink.o
  CC       criu/log.o
  CC       criu/lsm.o
  CC       criu/mem.o
  CC       criu/mount.o
  CC       criu/namespaces.o
  CC       criu/net.o
  CC       criu/netfilter.o
  CC       criu/page-pipe.o
  CC       criu/page-xfer.o
  CC       criu/pagemap-cache.o
  CC       criu/pagemap.o
  CC       criu/parasite-syscall.o
  CC       criu/path.o
  CC       criu/pie-util-vdso-elf32.o
  CC       criu/pie-util-vdso.o
  CC       criu/pie-util.o
  CC       criu/pipes.o
  CC       criu/plugin.o
  CC       criu/proc_parse.o
  CC       criu/protobuf-desc.o
  CC       criu/protobuf.o
  CC       criu/pstree.o
  CC       criu/rbtree.o
  CC       criu/rst-malloc.o
  CC       criu/seccomp.o
  CC       criu/seize.o
  CC       criu/shmem.o
  CC       criu/sigframe.o
  CC       criu/signalfd.o
  CC       criu/sk-inet.o
  CC       criu/sk-netlink.o
  CC       criu/sk-packet.o
  CC       criu/sk-queue.o
  CC       criu/sk-tcp.o
  CC       criu/sk-unix.o
  CC       criu/sockets.o
  CC       criu/stats.o
  CC       criu/string.o
  CC       criu/sysctl.o
  CC       criu/sysfs_parse.o
  CC       criu/timerfd.o
  CC       criu/tty.o
  CC       criu/tun.o
  CC       criu/uffd.o
  CC       criu/util.o
  CC       criu/uts_ns.o
  CC       criu/vdso.o
  LINK     criu/built-in.o
  LINK     criu/criu
  DEP      lib/c/criu.d
  CC       images/rpc.pb-c.o
  CC       lib/c/criu.o
  LINK     lib/c/built-in.o
  LINK     lib/c/libcriu.so
  GEN      magic.py
Note: Building without ia32 C/R, missed ia32 support in gcc
      That may be related to missing gcc-multilib in your
      distribution or you may have Debian with buggy toolchain
      (issue https://github.com/xemul/criu/issues/315)
fatal: Not a git repository (or any of the parent directories): .git
make[1]: Nothing to be done for 'all'.
make[1]: 'images/built-in.o' is up to date.
make[1]: 'compel/plugins/std.lib.a' is up to date.
make[1]: 'compel/plugins/fds.lib.a' is up to date.
make[1]: 'compel/libcompel.a' is up to date.
make[1]: 'compel/compel-host-bin' is up to date.
make[1]: Nothing to be done for 'all'.
make[1]: 'soccr/libsoccr.a' is up to date.
make[2]: Nothing to be done for 'all'.
make[2]: Nothing to be done for 'all'.
make[2]: Nothing to be done for 'all'.
make[2]: Nothing to be done for 'all'.
make[2]: Nothing to be done for 'all'.
make[2]: Nothing to be done for 'all'.
make[2]: Nothing to be done for 'all'.
make[2]: Nothing to be done for 'all'.
  INSTALL  criu/criu
Removing intermediate container 92d2d501aae5
 ---> 8b53b66931cb
Step 7/93 : FROM base AS registry
 ---> 1686ad06e12b
Step 8/93 : ENV REGISTRY_COMMIT_SCHEMA1 ec87e9b6971d831f0eff752ddb54fb64693e51cd
 ---> Running in 4e0ad9ad8d12
Removing intermediate container 4e0ad9ad8d12
 ---> 3caba0d336bc
Step 9/93 : ENV REGISTRY_COMMIT 47a064d4195a9b56133891bbb13620c3ac83a827
 ---> Running in 5ea19343cc5d
Removing intermediate container 5ea19343cc5d
 ---> 085a28e42d98
Step 10/93 : RUN set -x 	&& export GOPATH="$(mktemp -d)" 	&& git clone https://github.com/docker/distribution.git "$GOPATH/src/github.com/docker/distribution" 	&& (cd "$GOPATH/src/github.com/docker/distribution" && git checkout -q "$REGISTRY_COMMIT") 	&& GOPATH="$GOPATH/src/github.com/docker/distribution/Godeps/_workspace:$GOPATH" 		go build -buildmode=pie -o /build/registry-v2 github.com/docker/distribution/cmd/registry 	&& case $(dpkg --print-architecture) in 		amd64|ppc64*|s390x) 		(cd "$GOPATH/src/github.com/docker/distribution" && git checkout -q "$REGISTRY_COMMIT_SCHEMA1"); 		GOPATH="$GOPATH/src/github.com/docker/distribution/Godeps/_workspace:$GOPATH"; 			go build -buildmode=pie -o /build/registry-v2-schema1 github.com/docker/distribution/cmd/registry; 		;; 	   esac 	&& rm -rf "$GOPATH"
 ---> Running in 2bc74a648b6f
+ mktemp -d
+ export GOPATH=/tmp/tmp.UxPyCMuPsZ
+ git clone https://github.com/docker/distribution.git /tmp/tmp.UxPyCMuPsZ/src/github.com/docker/distribution
Cloning into '/tmp/tmp.UxPyCMuPsZ/src/github.com/docker/distribution'...
+ cd /tmp/tmp.UxPyCMuPsZ/src/github.com/docker/distribution
+ git checkout -q 47a064d4195a9b56133891bbb13620c3ac83a827
+ GOPATH=/tmp/tmp.UxPyCMuPsZ/src/github.com/docker/distribution/Godeps/_workspace:/tmp/tmp.UxPyCMuPsZ go build -buildmode=pie -o /build/registry-v2 github.com/docker/distribution/cmd/registry
+ dpkg --print-architecture
+ cd /tmp/tmp.UxPyCMuPsZ/src/github.com/docker/distribution
+ git checkout -q ec87e9b6971d831f0eff752ddb54fb64693e51cd
+ GOPATH=/tmp/tmp.UxPyCMuPsZ/src/github.com/docker/distribution/Godeps/_workspace:/tmp/tmp.UxPyCMuPsZ
+ go build -buildmode=pie -o /build/registry-v2-schema1 github.com/docker/distribution/cmd/registry
+ rm -rf /tmp/tmp.UxPyCMuPsZ/src/github.com/docker/distribution/Godeps/_workspace:/tmp/tmp.UxPyCMuPsZ
Removing intermediate container 2bc74a648b6f
 ---> bb5a179efae8
Step 11/93 : FROM base AS docker-py
 ---> 1686ad06e12b
Step 12/93 : ENV DOCKER_PY_COMMIT 8b246db271a85d6541dc458838627e89c683e42f
 ---> Running in 29cdcc5d24d5
Removing intermediate container 29cdcc5d24d5
 ---> e68fa068f773
Step 13/93 : RUN git clone https://github.com/docker/docker-py.git /build 	&& cd /build 	&& git checkout -q $DOCKER_PY_COMMIT
 ---> Running in 2a975012bfc3
Cloning into '/build'...
Removing intermediate container 2a975012bfc3
 ---> 01ad17e35a99
Step 14/93 : FROM base AS swagger
 ---> 1686ad06e12b
Step 15/93 : ENV GO_SWAGGER_COMMIT c28258affb0b6251755d92489ef685af8d4ff3eb
 ---> Running in d1fb81df4d95
Removing intermediate container d1fb81df4d95
 ---> dad849ea4ac4
Step 16/93 : RUN set -x 	&& export GOPATH="$(mktemp -d)" 	&& git clone https://github.com/go-swagger/go-swagger.git "$GOPATH/src/github.com/go-swagger/go-swagger" 	&& (cd "$GOPATH/src/github.com/go-swagger/go-swagger" && git checkout -q "$GO_SWAGGER_COMMIT") 	&& go build -o /build/swagger github.com/go-swagger/go-swagger/cmd/swagger 	&& rm -rf "$GOPATH"
 ---> Running in 74419739a691
+ mktemp -d
+ export GOPATH=/tmp/tmp.8uUsKt8B8y
+ git clone https://github.com/go-swagger/go-swagger.git /tmp/tmp.8uUsKt8B8y/src/github.com/go-swagger/go-swagger
Cloning into '/tmp/tmp.8uUsKt8B8y/src/github.com/go-swagger/go-swagger'...
+ cd /tmp/tmp.8uUsKt8B8y/src/github.com/go-swagger/go-swagger
+ git checkout -q c28258affb0b6251755d92489ef685af8d4ff3eb
+ go build -o /build/swagger github.com/go-swagger/go-swagger/cmd/swagger
+ rm -rf /tmp/tmp.8uUsKt8B8y
Removing intermediate container 74419739a691
 ---> bcef636abf9c
Step 17/93 : FROM base AS frozen-images
 ---> 1686ad06e12b
Step 18/93 : RUN apt-get update && apt-get install -y jq ca-certificates --no-install-recommends
 ---> Running in e1f683b0c239
Get:1 http://security.debian.org/debian-security stretch/updates InRelease [94.3 kB]
Ign:2 http://cdn-fastly.deb.debian.org/debian stretch InRelease
Get:3 http://cdn-fastly.deb.debian.org/debian stretch-updates InRelease [91.0 kB]
Get:4 http://cdn-fastly.deb.debian.org/debian stretch Release [118 kB]
Get:5 http://security.debian.org/debian-security stretch/updates/main amd64 Packages [463 kB]
Get:6 http://cdn-fastly.deb.debian.org/debian stretch Release.gpg [2434 B]
Get:7 http://cdn-fastly.deb.debian.org/debian stretch-updates/main amd64 Packages [5152 B]
Get:8 http://cdn-fastly.deb.debian.org/debian stretch/main amd64 Packages [7089 kB]
Fetched 7863 kB in 3s (2467 kB/s)
Reading package lists...
Reading package lists...
Building dependency tree...
Reading state information...
ca-certificates is already the newest version (20161130+nmu1+deb9u1).
The following additional packages will be installed:
  libjq1 libonig4
The following NEW packages will be installed:
  jq libjq1 libonig4
0 upgraded, 3 newly installed, 0 to remove and 7 not upgraded.
Need to get 327 kB of archives.
After this operation, 1157 kB of additional disk space will be used.
Get:1 http://cdn-fastly.deb.debian.org/debian stretch/main amd64 libonig4 amd64 6.1.3-2 [146 kB]
Get:2 http://cdn-fastly.deb.debian.org/debian stretch/main amd64 libjq1 amd64 1.5+dfsg-1.3 [123 kB]
Get:3 http://cdn-fastly.deb.debian.org/debian stretch/main amd64 jq amd64 1.5+dfsg-1.3 [58.6 kB]
debconf: delaying package configuration, since apt-utils is not installed
Fetched 327 kB in 1s (309 kB/s)
Selecting previously unselected package libonig4:amd64.
(Reading database ... (Reading database ... 5%(Reading database ... 10%(Reading database ... 15%(Reading database ... 20%(Reading database ... 25%(Reading database ... 30%(Reading database ... 35%(Reading database ... 40%(Reading database ... 45%(Reading database ... 50%(Reading database ... 55%(Reading database ... 60%(Reading database ... 65%(Reading database ... 70%(Reading database ... 75%(Reading database ... 80%(Reading database ... 85%(Reading database ... 90%(Reading database ... 95%(Reading database ... 100%(Reading database ... 15040 files and directories currently installed.)
Preparing to unpack .../libonig4_6.1.3-2_amd64.deb ...
Unpacking libonig4:amd64 (6.1.3-2) ...
Selecting previously unselected package libjq1:amd64.
Preparing to unpack .../libjq1_1.5+dfsg-1.3_amd64.deb ...
Unpacking libjq1:amd64 (1.5+dfsg-1.3) ...
Selecting previously unselected package jq.
Preparing to unpack .../jq_1.5+dfsg-1.3_amd64.deb ...
Unpacking jq (1.5+dfsg-1.3) ...
Setting up libonig4:amd64 (6.1.3-2) ...
Setting up libjq1:amd64 (1.5+dfsg-1.3) ...
Processing triggers for libc-bin (2.24-11+deb9u3) ...
Setting up jq (1.5+dfsg-1.3) ...
Removing intermediate container e1f683b0c239
 ---> b33d8af9ca6e
Step 19/93 : COPY contrib/download-frozen-image-v2.sh /
 ---> 7a1d7a5f5094
Step 20/93 : RUN /download-frozen-image-v2.sh /build 	buildpack-deps:jessie@sha256:dd86dced7c9cd2a724e779730f0a53f93b7ef42228d4344b25ce9a42a1486251 	busybox:latest@sha256:bbc3a03235220b170ba48a157dd097dd1379299370e1ed99ce976df0355d24f0 	busybox:glibc@sha256:0b55a30394294ab23b9afd58fab94e61a923f5834fba7ddbae7f8e0c11ba85e6 	debian:jessie@sha256:287a20c5f73087ab406e6b364833e3fb7b3ae63ca0eb3486555dc27ed32c6e60 	hello-world:latest@sha256:be0cd392e45be79ffeffa6b05338b98ebb16c87b255f48e297ec7f98e123905c
 ---> Running in 4767b444238c
Downloading 'library/buildpack-deps:jessie@sha256:dd86dced7c9cd2a724e779730f0a53f93b7ef42228d4344b25ce9a42a1486251' (4 layers)...
######################################################################## 100.0%
#####                                                                      7.3%################                                                          22.9%###########################                                               37.6%###################################                                       49.5%###############################################                           66.3%##########################################################                80.9%###################################################################       94.4%######################################################################## 100.0%
######################################################################## 100.0%
##################                                                        25.3%#################################################                         68.5%######################################################################## 100.0%
######################################################################## 100.0%
######                                                                     9.2%####################                                                      29.0%##################################                                        47.6%##############################################                            64.7%##########################################################                80.7%######################################################################## 100.0%
######################################################################## 100.0%
#                                                                          2.4%######                                                                     8.9%##########                                                                14.0%#############                                                             19.1%##################                                                        25.8%######################                                                    31.7%#########################                                                 35.2%#############################                                             40.6%#################################                                         46.0%#####################################                                     51.4%########################################                                  56.5%############################################                              61.4%################################################                          67.4%####################################################                      72.6%########################################################                  78.3%###########################################################               83.2%################################################################          89.5%####################################################################      94.8%######################################################################## 100.0%

Downloading 'library/busybox:latest@sha256:bbc3a03235220b170ba48a157dd097dd1379299370e1ed99ce976df0355d24f0' (1 layers)...
######################################################################## 100.0%
######################################################################## 100.0%

Downloading 'library/busybox:glibc@sha256:0b55a30394294ab23b9afd58fab94e61a923f5834fba7ddbae7f8e0c11ba85e6' (1 layers)...
######################################################################## 100.0%
######################################################################## 100.0%

Downloading 'library/debian:jessie@sha256:287a20c5f73087ab406e6b364833e3fb7b3ae63ca0eb3486555dc27ed32c6e60' (1 layers)...
skipping existing 1849cc453dee

Downloading 'library/hello-world:latest@sha256:be0cd392e45be79ffeffa6b05338b98ebb16c87b255f48e297ec7f98e123905c' (1 layers)...
######################################################################## 100.0%
######################################################################## 100.0%

Download of images into '/build' complete.
Use something like the following to load the result into a Docker daemon:
  tar -cC '/build' . | docker load
Removing intermediate container 4767b444238c
 ---> 1f8b34083bf7
Step 21/93 : FROM base AS runtime-dev
 ---> 1686ad06e12b
Step 22/93 : RUN apt-get update && apt-get install -y 	libapparmor-dev 	libseccomp-dev
 ---> Running in 19be736a2aac
Ign:1 http://cdn-fastly.deb.debian.org/debian stretch InRelease
Get:2 http://security.debian.org/debian-security stretch/updates InRelease [94.3 kB]
Get:3 http://cdn-fastly.deb.debian.org/debian stretch-updates InRelease [91.0 kB]
Get:4 http://cdn-fastly.deb.debian.org/debian stretch Release [118 kB]
Get:5 http://cdn-fastly.deb.debian.org/debian stretch Release.gpg [2434 B]
Get:6 http://security.debian.org/debian-security stretch/updates/main amd64 Packages [463 kB]
Get:7 http://cdn-fastly.deb.debian.org/debian stretch-updates/main amd64 Packages [5152 B]
Get:8 http://cdn-fastly.deb.debian.org/debian stretch/main amd64 Packages [7089 kB]
Fetched 7863 kB in 2s (2825 kB/s)
Reading package lists...
Reading package lists...
Building dependency tree...
Reading state information...
The following additional packages will be installed:
  libapparmor1 libseccomp2
Suggested packages:
  seccomp
The following NEW packages will be installed:
  libapparmor-dev libapparmor1 libseccomp-dev libseccomp2
0 upgraded, 4 newly installed, 0 to remove and 7 not upgraded.
Need to get 300 kB of archives.
After this operation, 1201 kB of additional disk space will be used.
Get:1 http://cdn-fastly.deb.debian.org/debian stretch/main amd64 libseccomp2 amd64 2.3.1-2.1+deb9u1 [40.7 kB]
Get:2 http://cdn-fastly.deb.debian.org/debian stretch/main amd64 libseccomp-dev amd64 2.3.1-2.1+deb9u1 [61.0 kB]
Get:3 http://cdn-fastly.deb.debian.org/debian stretch/main amd64 libapparmor1 amd64 2.11.0-3+deb9u2 [78.9 kB]
Get:4 http://cdn-fastly.deb.debian.org/debian stretch/main amd64 libapparmor-dev amd64 2.11.0-3+deb9u2 [119 kB]
debconf: delaying package configuration, since apt-utils is not installed
Fetched 300 kB in 1s (280 kB/s)
Selecting previously unselected package libseccomp2:amd64.
(Reading database ... (Reading database ... 5%(Reading database ... 10%(Reading database ... 15%(Reading database ... 20%(Reading database ... 25%(Reading database ... 30%(Reading database ... 35%(Reading database ... 40%(Reading database ... 45%(Reading database ... 50%(Reading database ... 55%(Reading database ... 60%(Reading database ... 65%(Reading database ... 70%(Reading database ... 75%(Reading database ... 80%(Reading database ... 85%(Reading database ... 90%(Reading database ... 95%(Reading database ... 100%(Reading database ... 15040 files and directories currently installed.)
Preparing to unpack .../libseccomp2_2.3.1-2.1+deb9u1_amd64.deb ...
Unpacking libseccomp2:amd64 (2.3.1-2.1+deb9u1) ...
Selecting previously unselected package libseccomp-dev:amd64.
Preparing to unpack .../libseccomp-dev_2.3.1-2.1+deb9u1_amd64.deb ...
Unpacking libseccomp-dev:amd64 (2.3.1-2.1+deb9u1) ...
Selecting previously unselected package libapparmor1:amd64.
Preparing to unpack .../libapparmor1_2.11.0-3+deb9u2_amd64.deb ...
Unpacking libapparmor1:amd64 (2.11.0-3+deb9u2) ...
Selecting previously unselected package libapparmor-dev:amd64.
Preparing to unpack .../libapparmor-dev_2.11.0-3+deb9u2_amd64.deb ...
Unpacking libapparmor-dev:amd64 (2.11.0-3+deb9u2) ...
Processing triggers for libc-bin (2.24-11+deb9u3) ...
Setting up libseccomp2:amd64 (2.3.1-2.1+deb9u1) ...
Setting up libapparmor1:amd64 (2.11.0-3+deb9u2) ...
Setting up libseccomp-dev:amd64 (2.3.1-2.1+deb9u1) ...
Setting up libapparmor-dev:amd64 (2.11.0-3+deb9u2) ...
Processing triggers for libc-bin (2.24-11+deb9u3) ...
Removing intermediate container 19be736a2aac
 ---> 096cbe179ada
Step 23/93 : FROM base AS tomlv
 ---> 1686ad06e12b
Step 24/93 : ENV INSTALL_BINARY_NAME=tomlv
 ---> Running in 924eaddb8bc9
Removing intermediate container 924eaddb8bc9
 ---> bdb4abcd85aa
Step 25/93 : COPY hack/dockerfile/install/install.sh ./install.sh
 ---> 7c159719b894
Step 26/93 : COPY hack/dockerfile/install/$INSTALL_BINARY_NAME.installer ./
 ---> 5aa0aba0da3a
Step 27/93 : RUN PREFIX=/build/ ./install.sh $INSTALL_BINARY_NAME
 ---> Running in 53ff80c4d6ac
+ RM_GOPATH=0
+ TMP_GOPATH=
+ : /build/
+ '[' -z '' ']'
++ mktemp -d
+ export GOPATH=/tmp/tmp.OuTBhgKvD0
+ GOPATH=/tmp/tmp.OuTBhgKvD0
+ RM_GOPATH=1
++ dirname ./install.sh
Install tomlv version 3012a1dbe2e4bd1391d42b32f0577cb7bbc7f005
+ dir=.
+ bin=tomlv
+ shift
+ '[' '!' -f ./tomlv.installer ']'
+ . ./tomlv.installer
++ TOMLV_COMMIT=3012a1dbe2e4bd1391d42b32f0577cb7bbc7f005
+ install_tomlv
+ echo 'Install tomlv version 3012a1dbe2e4bd1391d42b32f0577cb7bbc7f005'
+ git clone https://github.com/BurntSushi/toml.git /tmp/tmp.OuTBhgKvD0/src/github.com/BurntSushi/toml
Cloning into '/tmp/tmp.OuTBhgKvD0/src/github.com/BurntSushi/toml'...
+ cd /tmp/tmp.OuTBhgKvD0/src/github.com/BurntSushi/toml
+ git checkout -q 3012a1dbe2e4bd1391d42b32f0577cb7bbc7f005
+ go build -v -buildmode=pie -o /build//tomlv github.com/BurntSushi/toml/cmd/tomlv
encoding
sort
strings
bytes
flag
bufio
path/filepath
log
path
io/ioutil
text/tabwriter
github.com/BurntSushi/toml
github.com/BurntSushi/toml/cmd/tomlv
Removing intermediate container 53ff80c4d6ac
 ---> c33368d87751
Step 28/93 : FROM base AS vndr
 ---> 1686ad06e12b
Step 29/93 : ENV INSTALL_BINARY_NAME=vndr
 ---> Running in 8c3f6cb85df2
Removing intermediate container 8c3f6cb85df2
 ---> ff6f450ae6cf
Step 30/93 : COPY hack/dockerfile/install/install.sh ./install.sh
 ---> 6030df241913
Step 31/93 : COPY hack/dockerfile/install/$INSTALL_BINARY_NAME.installer ./
 ---> 883558637bfc
Step 32/93 : RUN PREFIX=/build/ ./install.sh $INSTALL_BINARY_NAME
 ---> Running in 86f11c2fe9e2
+ RM_GOPATH=0
+ TMP_GOPATH=
+ : /build/
+ '[' -z '' ']'
++ mktemp -d
+ export GOPATH=/tmp/tmp.n4OZnrRZqw
+ GOPATH=/tmp/tmp.n4OZnrRZqw
+ RM_GOPATH=1
++ dirname ./install.sh
+ dir=.
+ bin=vndr
+ shift
+ '[' '!' -f ./vndr.installer ']'
+ . ./vndr.installer
++ VNDR_COMMIT=81cb8916aad3c8d06193f008dba3e16f82851f52
+ install_vndr
+ echo 'Install vndr version 81cb8916aad3c8d06193f008dba3e16f82851f52'
+ git clone https://github.com/LK4D4/vndr.git /tmp/tmp.n4OZnrRZqw/src/github.com/LK4D4/vndr
Install vndr version 81cb8916aad3c8d06193f008dba3e16f82851f52
Cloning into '/tmp/tmp.n4OZnrRZqw/src/github.com/LK4D4/vndr'...
+ cd /tmp/tmp.n4OZnrRZqw/src/github.com/LK4D4/vndr
+ git checkout -q 81cb8916aad3c8d06193f008dba3e16f82851f52
+ go build -buildmode=pie -v -o /build//vndr .
encoding
unicode/utf16
bytes
sort
strings
bufio
go/token
flag
path/filepath
path
go/scanner
regexp/syntax
go/ast
regexp
io/ioutil
net/url
text/template/parse
go/parser
log
text/template
encoding/binary
encoding/base64
encoding/json
go/doc
encoding/xml
github.com/LK4D4/vndr/build
github.com/LK4D4/vndr/godl/singleflight
compress/flate
hash
hash/crc32
container/list
context
compress/gzip
crypto/internal/subtle
crypto/subtle
math/rand
crypto/cipher
math/big
crypto/aes
crypto
crypto/des
crypto/internal/randutil
crypto/sha512
crypto/hmac
crypto/md5
crypto/rc4
crypto/sha1
crypto/sha256
encoding/hex
crypto/rand
crypto/elliptic
encoding/asn1
crypto/rsa
crypto/ecdsa
crypto/dsa
crypto/x509/pkix
encoding/pem
vendor/golang_org/x/crypto/cryptobyte/asn1
vendor/golang_org/x/net/dns/dnsmessage
vendor/golang_org/x/crypto/cryptobyte
internal/nettrace
internal/singleflight
vendor/golang_org/x/crypto/internal/chacha20
net
vendor/golang_org/x/crypto/poly1305
vendor/golang_org/x/crypto/chacha20poly1305
vendor/golang_org/x/crypto/curve25519
vendor/golang_org/x/text/transform
vendor/golang_org/x/text/unicode/bidi
vendor/golang_org/x/text/secure/bidirule
vendor/golang_org/x/text/unicode/norm
vendor/golang_org/x/net/idna
vendor/golang_org/x/net/http2/hpack
mime
mime/quotedprintable
net/http/internal
os/exec
net/textproto
crypto/x509
vendor/golang_org/x/net/http/httpguts
vendor/golang_org/x/net/http/httpproxy
mime/multipart
crypto/tls
net/http/httptrace
net/http
github.com/LK4D4/vndr/godl
github.com/LK4D4/vndr
Removing intermediate container 86f11c2fe9e2
 ---> 32a08d9ae775
Step 33/93 : FROM base AS containerd
 ---> 1686ad06e12b
Step 34/93 : RUN apt-get update && apt-get install -y btrfs-tools
 ---> Running in 7bee1dcff36b
Ign:1 http://cdn-fastly.deb.debian.org/debian stretch InRelease
Get:2 http://security.debian.org/debian-security stretch/updates InRelease [94.3 kB]
Get:3 http://cdn-fastly.deb.debian.org/debian stretch-updates InRelease [91.0 kB]
Get:4 http://cdn-fastly.deb.debian.org/debian stretch Release [118 kB]
Get:5 http://cdn-fastly.deb.debian.org/debian stretch Release.gpg [2434 B]
Get:6 http://security.debian.org/debian-security stretch/updates/main amd64 Packages [463 kB]
Get:7 http://cdn-fastly.deb.debian.org/debian stretch-updates/main amd64 Packages [5152 B]
Get:8 http://cdn-fastly.deb.debian.org/debian stretch/main amd64 Packages [7089 kB]
Fetched 7863 kB in 2s (3156 kB/s)
Reading package lists...
Reading package lists...
Building dependency tree...
Reading state information...
The following additional packages will be installed:
  btrfs-progs liblzo2-2
The following NEW packages will be installed:
  btrfs-progs btrfs-tools liblzo2-2
0 upgraded, 3 newly installed, 0 to remove and 7 not upgraded.
Need to get 649 kB of archives.
After this operation, 4320 kB of additional disk space will be used.
Get:1 http://cdn-fastly.deb.debian.org/debian stretch/main amd64 liblzo2-2 amd64 2.08-1.2+b2 [55.0 kB]
Get:2 http://cdn-fastly.deb.debian.org/debian stretch/main amd64 btrfs-progs amd64 4.7.3-1 [577 kB]
Get:3 http://cdn-fastly.deb.debian.org/debian stretch/main amd64 btrfs-tools amd64 4.7.3-1 [16.9 kB]
debconf: delaying package configuration, since apt-utils is not installed
Fetched 649 kB in 1s (494 kB/s)
Selecting previously unselected package liblzo2-2:amd64.
(Reading database ... (Reading database ... 5%(Reading database ... 10%(Reading database ... 15%(Reading database ... 20%(Reading database ... 25%(Reading database ... 30%(Reading database ... 35%(Reading database ... 40%(Reading database ... 45%(Reading database ... 50%(Reading database ... 55%(Reading database ... 60%(Reading database ... 65%(Reading database ... 70%(Reading database ... 75%(Reading database ... 80%(Reading database ... 85%(Reading database ... 90%(Reading database ... 95%(Reading database ... 100%(Reading database ... 15040 files and directories currently installed.)
Preparing to unpack .../liblzo2-2_2.08-1.2+b2_amd64.deb ...
Unpacking liblzo2-2:amd64 (2.08-1.2+b2) ...
Selecting previously unselected package btrfs-progs.
Preparing to unpack .../btrfs-progs_4.7.3-1_amd64.deb ...
Unpacking btrfs-progs (4.7.3-1) ...
Selecting previously unselected package btrfs-tools.
Preparing to unpack .../btrfs-tools_4.7.3-1_amd64.deb ...
Unpacking btrfs-tools (4.7.3-1) ...
Processing triggers for libc-bin (2.24-11+deb9u3) ...
Setting up liblzo2-2:amd64 (2.08-1.2+b2) ...
Setting up btrfs-progs (4.7.3-1) ...
Setting up btrfs-tools (4.7.3-1) ...
Processing triggers for libc-bin (2.24-11+deb9u3) ...
Removing intermediate container 7bee1dcff36b
 ---> 951a78222974
Step 35/93 : ENV INSTALL_BINARY_NAME=containerd
 ---> Running in e3633367f38e
Removing intermediate container e3633367f38e
 ---> 426d88753bf5
Step 36/93 : COPY hack/dockerfile/install/install.sh ./install.sh
 ---> df1d0232c7ce
Step 37/93 : COPY hack/dockerfile/install/$INSTALL_BINARY_NAME.installer ./
 ---> 58502b5ff10b
Step 38/93 : RUN PREFIX=/build/ ./install.sh $INSTALL_BINARY_NAME
 ---> Running in 153c7b4238ad
+ RM_GOPATH=0
+ TMP_GOPATH=
+ : /build/
+ '[' -z '' ']'
++ mktemp -d
+ export GOPATH=/tmp/tmp.NaCVuLnoQy
+ GOPATH=/tmp/tmp.NaCVuLnoQy
+ RM_GOPATH=1
++ dirname ./install.sh
+ dir=.
+ bin=containerd
+ shift
+ '[' '!' -f ./containerd.installer ']'
+ . ./containerd.installer
++ CONTAINERD_COMMIT=aa5e000c963756778ab3ebd1a12c67449c503a34
+ install_containerd
+ echo 'Install containerd version aa5e000c963756778ab3ebd1a12c67449c503a34'
+ git clone https://github.com/containerd/containerd.git /tmp/tmp.NaCVuLnoQy/src/github.com/containerd/containerd
Install containerd version aa5e000c963756778ab3ebd1a12c67449c503a34
Cloning into '/tmp/tmp.NaCVuLnoQy/src/github.com/containerd/containerd'...
+ cd /tmp/tmp.NaCVuLnoQy/src/github.com/containerd/containerd
+ git checkout -q aa5e000c963756778ab3ebd1a12c67449c503a34
+ export 'BUILDTAGS=netgo osusergo static_build'
+ BUILDTAGS='netgo osusergo static_build'
+ export EXTRA_FLAGS=-buildmode=pie
+ EXTRA_FLAGS=-buildmode=pie
+ export 'EXTRA_LDFLAGS=-extldflags "-fno-PIC -static"'
+ EXTRA_LDFLAGS='-extldflags "-fno-PIC -static"'
+ '[' '' == dynamic ']'
+ make
 bin/ctr
 bin/containerd
 bin/containerd-stress
 bin/containerd-shim
 bin/containerd-shim-runc-v1
 binaries
+ mkdir -p /build/
+ cp bin/containerd /build//containerd
+ cp bin/containerd-shim /build//containerd-shim
+ cp bin/ctr /build//ctr
Removing intermediate container 153c7b4238ad
 ---> 28df4f6069dc
Step 39/93 : FROM base AS proxy
 ---> 1686ad06e12b
Step 40/93 : ENV INSTALL_BINARY_NAME=proxy
 ---> Running in 826d92dede12
Removing intermediate container 826d92dede12
 ---> cfd4be5dd64d
Step 41/93 : COPY hack/dockerfile/install/install.sh ./install.sh
 ---> 0cf41b4c4b34
Step 42/93 : COPY hack/dockerfile/install/$INSTALL_BINARY_NAME.installer ./
 ---> 43c1830cfaeb
Step 43/93 : RUN PREFIX=/build/ ./install.sh $INSTALL_BINARY_NAME
 ---> Running in 3d3d2475153e
+ RM_GOPATH=0
+ TMP_GOPATH=
+ : /build/
+ '[' -z '' ']'
++ mktemp -d
+ export GOPATH=/tmp/tmp.dDgAnx6Aot
+ GOPATH=/tmp/tmp.dDgAnx6Aot
+ RM_GOPATH=1
++ dirname ./install.sh
+ dir=.
+ bin=proxy
+ shift
+ '[' '!' -f ./proxy.installer ']'
+ . ./proxy.installer
++ LIBNETWORK_COMMIT=1a06131fb8a047d919f7deaf02a4c414d7884b83
+ install_proxy
+ case "$1" in
+ export CGO_ENABLED=0
+ CGO_ENABLED=0
+ _install_proxy
+ echo 'Install docker-proxy version 1a06131fb8a047d919f7deaf02a4c414d7884b83'
+ git clone https://github.com/docker/libnetwork.git /tmp/tmp.dDgAnx6Aot/src/github.com/docker/libnetwork
Install docker-proxy version 1a06131fb8a047d919f7deaf02a4c414d7884b83
Cloning into '/tmp/tmp.dDgAnx6Aot/src/github.com/docker/libnetwork'...
+ cd /tmp/tmp.dDgAnx6Aot/src/github.com/docker/libnetwork
+ git checkout -q 1a06131fb8a047d919f7deaf02a4c414d7884b83
+ go build -ldflags= -o /build//docker-proxy github.com/docker/libnetwork/cmd/proxy
Removing intermediate container 3d3d2475153e
 ---> 571fc924ee2f
Step 44/93 : FROM base AS gometalinter
 ---> 1686ad06e12b
Step 45/93 : ENV INSTALL_BINARY_NAME=gometalinter
 ---> Running in 312546c90596
Removing intermediate container 312546c90596
 ---> 063780d4ee11
Step 46/93 : COPY hack/dockerfile/install/install.sh ./install.sh
 ---> 7c6e0f2e5ef8
Step 47/93 : COPY hack/dockerfile/install/$INSTALL_BINARY_NAME.installer ./
 ---> 4e06fef4c68c
Step 48/93 : RUN PREFIX=/build/ ./install.sh $INSTALL_BINARY_NAME
 ---> Running in c52dffe1bbea
+ RM_GOPATH=0
+ TMP_GOPATH=
+ : /build/
+ '[' -z '' ']'
++ mktemp -d
+ export GOPATH=/tmp/tmp.H4HgavDlnK
+ GOPATH=/tmp/tmp.H4HgavDlnK
+ RM_GOPATH=1
++ dirname ./install.sh
+ dir=.
+ bin=gometalinter
+ shift
+ '[' '!' -f ./gometalinter.installer ']'
+ . ./gometalinter.installer
++ GOMETALINTER_COMMIT=v2.0.6
+ install_gometalinter
+ echo 'Installing gometalinter version v2.0.6'
+ go get -d github.com/alecthomas/gometalinter
Installing gometalinter version v2.0.6
+ cd /tmp/tmp.H4HgavDlnK/src/github.com/alecthomas/gometalinter
+ git checkout -q v2.0.6
+ go build -buildmode=pie -o /build//gometalinter github.com/alecthomas/gometalinter
+ GOBIN=/build/
+ /build//gometalinter --install
Installing:
  deadcode
  dupl
  errcheck
  gas
  gochecknoglobals
  gochecknoinits
  goconst
  gocyclo
  goimports
  golint
  gosimple
  gotype
  gotypex
  ineffassign
  interfacer
  lll
  maligned
  megacheck
  misspell
  nakedret
  safesql
  staticcheck
  structcheck
  unconvert
  unparam
  unused
  varcheck
Removing intermediate container c52dffe1bbea
 ---> 3817afa42a35
Step 49/93 : FROM base AS dockercli
 ---> 1686ad06e12b
Step 50/93 : ENV INSTALL_BINARY_NAME=dockercli
 ---> Running in dcc0702dee48
Removing intermediate container dcc0702dee48
 ---> b1673215f4fb
Step 51/93 : COPY hack/dockerfile/install/install.sh ./install.sh
 ---> f9120db53887
Step 52/93 : COPY hack/dockerfile/install/$INSTALL_BINARY_NAME.installer ./
 ---> 94ec47b729a3
Step 53/93 : RUN PREFIX=/build/ ./install.sh $INSTALL_BINARY_NAME
 ---> Running in 491d5e8a6080
+ RM_GOPATH=0
+ TMP_GOPATH=
+ : /build/
+ '[' -z '' ']'
++ mktemp -d
Install docker/cli version 17.06.0-ce from edge
+ export GOPATH=/tmp/tmp.0WEEazE1pJ
+ GOPATH=/tmp/tmp.0WEEazE1pJ
+ RM_GOPATH=1
++ dirname ./install.sh
+ dir=.
+ bin=dockercli
+ shift
+ '[' '!' -f ./dockercli.installer ']'
+ . ./dockercli.installer
++ DOCKERCLI_CHANNEL=edge
++ DOCKERCLI_VERSION=17.06.0-ce
+ install_dockercli
+ echo 'Install docker/cli version 17.06.0-ce from edge'
++ uname -m
+ arch=x86_64
+ [[ x86_64 != \x\8\6\_\6\4 ]]
+ url=https://download.docker.com/linux/static
+ curl -Ls https://download.docker.com/linux/static/edge/x86_64/docker-17.06.0-ce.tgz
+ tar -xz docker/docker
+ mkdir -p /build/
+ mv docker/docker /build//
+ rmdir docker
Removing intermediate container 491d5e8a6080
 ---> c2ad90c73b16
Step 54/93 : FROM runtime-dev AS runc
 ---> 096cbe179ada
Step 55/93 : ENV INSTALL_BINARY_NAME=runc
 ---> Running in e858daeacc9b
Removing intermediate container e858daeacc9b
 ---> 6c46e0db09bb
Step 56/93 : COPY hack/dockerfile/install/install.sh ./install.sh
 ---> 12913c67884b
Step 57/93 : COPY hack/dockerfile/install/$INSTALL_BINARY_NAME.installer ./
 ---> 5b89d203d02d
Step 58/93 : RUN PREFIX=/build/ ./install.sh $INSTALL_BINARY_NAME
 ---> Running in b9d68f7eef17
+ RM_GOPATH=0
+ TMP_GOPATH=
+ : /build/
+ '[' -z '' ']'
++ mktemp -d
+ export GOPATH=/tmp/tmp.OcgjFyOdSc
+ GOPATH=/tmp/tmp.OcgjFyOdSc
+ RM_GOPATH=1
++ dirname ./install.sh
+ dir=.
+ bin=runc
+ shift
+ '[' '!' -f ./runc.installer ']'
+ . ./runc.installer
++ RUNC_COMMIT=96ec2177ae841256168fcf76954f7177af9446eb
+ install_runc
+ uname -r
+ grep -q '^3\.10\.0.*\.el7\.'
+ RUNC_BUILDTAGS='seccomp apparmor selinux '
+ echo 'Install runc version 96ec2177ae841256168fcf76954f7177af9446eb (build tags: seccomp apparmor selinux )'
+ git clone https://github.com/opencontainers/runc.git /tmp/tmp.OcgjFyOdSc/src/github.com/opencontainers/runc
Install runc version 96ec2177ae841256168fcf76954f7177af9446eb (build tags: seccomp apparmor selinux )
Cloning into '/tmp/tmp.OcgjFyOdSc/src/github.com/opencontainers/runc'...
+ cd /tmp/tmp.OcgjFyOdSc/src/github.com/opencontainers/runc
+ git checkout -q 96ec2177ae841256168fcf76954f7177af9446eb
+ '[' -z '' ']'
+ target=static
+ make 'BUILDTAGS=seccomp apparmor selinux ' static
CGO_ENABLED=1 go build  -tags "seccomp apparmor selinux  netgo osusergo static_build" -installsuffix netgo -ldflags "-w -extldflags -static -X main.gitCommit="96ec2177ae841256168fcf76954f7177af9446eb" -X main.version=1.0.0-rc6+dev " -o runc .
CGO_ENABLED=1 go build  -tags "seccomp apparmor selinux  netgo osusergo static_build" -installsuffix netgo -ldflags "-w -extldflags -static -X main.gitCommit="96ec2177ae841256168fcf76954f7177af9446eb" -X main.version=1.0.0-rc6+dev " -o contrib/cmd/recvtty/recvtty ./contrib/cmd/recvtty
+ mkdir -p /build/
+ cp runc /build//runc
Removing intermediate container b9d68f7eef17
 ---> ba619fcf60ab
Step 59/93 : FROM base AS tini
 ---> 1686ad06e12b
Step 60/93 : RUN apt-get update && apt-get install -y cmake vim-common
 ---> Running in 0025a091cca6
Get:1 http://security.debian.org/debian-security stretch/updates InRelease [94.3 kB]
Get:2 http://security.debian.org/debian-security stretch/updates/main amd64 Packages [463 kB]
Ign:3 http://cdn-fastly.deb.debian.org/debian stretch InRelease
Get:4 http://cdn-fastly.deb.debian.org/debian stretch-updates InRelease [91.0 kB]
Get:5 http://cdn-fastly.deb.debian.org/debian stretch Release [118 kB]
Get:6 http://cdn-fastly.deb.debian.org/debian stretch Release.gpg [2434 B]
Get:7 http://cdn-fastly.deb.debian.org/debian stretch-updates/main amd64 Packages [5152 B]
Get:8 http://cdn-fastly.deb.debian.org/debian stretch/main amd64 Packages [7089 kB]
Fetched 7863 kB in 2s (3262 kB/s)
Reading package lists...
Reading package lists...
Building dependency tree...
Reading state information...
The following additional packages will be installed:
  cmake-data libarchive13 libgpm2 libicu57 libjsoncpp1 liblzo2-2 libuv1
  libxml2 sgml-base vim vim-runtime xml-core xxd
Suggested packages:
  codeblocks eclipse ninja-build lrzip gpm sgml-base-doc ctags vim-doc
  vim-scripts debhelper
The following NEW packages will be installed:
  cmake cmake-data libarchive13 libgpm2 libicu57 libjsoncpp1 liblzo2-2 libuv1
  libxml2 sgml-base vim vim-common vim-runtime xml-core xxd
0 upgraded, 15 newly installed, 0 to remove and 7 not upgraded.
Need to get 20.2 MB of archives.
After this operation, 88.1 MB of additional disk space will be used.
Get:1 http://cdn-fastly.deb.debian.org/debian stretch/main amd64 cmake-data all 3.7.2-1 [1216 kB]
Get:2 http://cdn-fastly.deb.debian.org/debian stretch/main amd64 liblzo2-2 amd64 2.08-1.2+b2 [55.0 kB]
Get:3 http://cdn-fastly.deb.debian.org/debian stretch/main amd64 libicu57 amd64 57.1-6+deb9u2 [7700 kB]
Get:4 http://cdn-fastly.deb.debian.org/debian stretch/main amd64 libxml2 amd64 2.9.4+dfsg1-2.2+deb9u2 [920 kB]
Get:5 http://cdn-fastly.deb.debian.org/debian stretch/main amd64 libarchive13 amd64 3.2.2-2 [294 kB]
Get:6 http://cdn-fastly.deb.debian.org/debian stretch/main amd64 libjsoncpp1 amd64 1.7.4-3 [75.6 kB]
Get:7 http://cdn-fastly.deb.debian.org/debian stretch/main amd64 libuv1 amd64 1.9.1-3 [84.4 kB]
Get:8 http://cdn-fastly.deb.debian.org/debian stretch/main amd64 cmake amd64 3.7.2-1 [3038 kB]
Get:9 http://cdn-fastly.deb.debian.org/debian stretch/main amd64 sgml-base all 1.29 [14.8 kB]
Get:10 http://cdn-fastly.deb.debian.org/debian stretch/main amd64 xxd amd64 2:8.0.0197-4+deb9u1 [132 kB]
Get:11 http://cdn-fastly.deb.debian.org/debian stretch/main amd64 vim-common all 2:8.0.0197-4+deb9u1 [159 kB]
Get:12 http://cdn-fastly.deb.debian.org/debian stretch/main amd64 libgpm2 amd64 1.20.4-6.2+b1 [34.2 kB]
Get:13 http://cdn-fastly.deb.debian.org/debian stretch/main amd64 vim-runtime all 2:8.0.0197-4+deb9u1 [5407 kB]
Get:14 http://cdn-fastly.deb.debian.org/debian stretch/main amd64 vim amd64 2:8.0.0197-4+deb9u1 [1034 kB]
Get:15 http://cdn-fastly.deb.debian.org/debian stretch/main amd64 xml-core all 0.17 [23.2 kB]
debconf: delaying package configuration, since apt-utils is not installed
Fetched 20.2 MB in 1s (14.7 MB/s)
Selecting previously unselected package cmake-data.
(Reading database ... (Reading database ... 5%(Reading database ... 10%(Reading database ... 15%(Reading database ... 20%(Reading database ... 25%(Reading database ... 30%(Reading database ... 35%(Reading database ... 40%(Reading database ... 45%(Reading database ... 50%(Reading database ... 55%(Reading database ... 60%(Reading database ... 65%(Reading database ... 70%(Reading database ... 75%(Reading database ... 80%(Reading database ... 85%(Reading database ... 90%(Reading database ... 95%(Reading database ... 100%(Reading database ... 15040 files and directories currently installed.)
Preparing to unpack .../00-cmake-data_3.7.2-1_all.deb ...
Unpacking cmake-data (3.7.2-1) ...
Selecting previously unselected package liblzo2-2:amd64.
Preparing to unpack .../01-liblzo2-2_2.08-1.2+b2_amd64.deb ...
Unpacking liblzo2-2:amd64 (2.08-1.2+b2) ...
Selecting previously unselected package libicu57:amd64.
Preparing to unpack .../02-libicu57_57.1-6+deb9u2_amd64.deb ...
Unpacking libicu57:amd64 (57.1-6+deb9u2) ...
Selecting previously unselected package libxml2:amd64.
Preparing to unpack .../03-libxml2_2.9.4+dfsg1-2.2+deb9u2_amd64.deb ...
Unpacking libxml2:amd64 (2.9.4+dfsg1-2.2+deb9u2) ...
Selecting previously unselected package libarchive13:amd64.
Preparing to unpack .../04-libarchive13_3.2.2-2_amd64.deb ...
Unpacking libarchive13:amd64 (3.2.2-2) ...
Selecting previously unselected package libjsoncpp1:amd64.
Preparing to unpack .../05-libjsoncpp1_1.7.4-3_amd64.deb ...
Unpacking libjsoncpp1:amd64 (1.7.4-3) ...
Selecting previously unselected package libuv1:amd64.
Preparing to unpack .../06-libuv1_1.9.1-3_amd64.deb ...
Unpacking libuv1:amd64 (1.9.1-3) ...
Selecting previously unselected package cmake.
Preparing to unpack .../07-cmake_3.7.2-1_amd64.deb ...
Unpacking cmake (3.7.2-1) ...
Selecting previously unselected package sgml-base.
Preparing to unpack .../08-sgml-base_1.29_all.deb ...
Unpacking sgml-base (1.29) ...
Selecting previously unselected package xxd.
Preparing to unpack .../09-xxd_2%3a8.0.0197-4+deb9u1_amd64.deb ...
Unpacking xxd (2:8.0.0197-4+deb9u1) ...
Selecting previously unselected package vim-common.
Preparing to unpack .../10-vim-common_2%3a8.0.0197-4+deb9u1_all.deb ...
Unpacking vim-common (2:8.0.0197-4+deb9u1) ...
Selecting previously unselected package libgpm2:amd64.
Preparing to unpack .../11-libgpm2_1.20.4-6.2+b1_amd64.deb ...
Unpacking libgpm2:amd64 (1.20.4-6.2+b1) ...
Selecting previously unselected package vim-runtime.
Preparing to unpack .../12-vim-runtime_2%3a8.0.0197-4+deb9u1_all.deb ...
Adding 'diversion of /usr/share/vim/vim80/doc/help.txt to /usr/share/vim/vim80/doc/help.txt.vim-tiny by vim-runtime'
Adding 'diversion of /usr/share/vim/vim80/doc/tags to /usr/share/vim/vim80/doc/tags.vim-tiny by vim-runtime'
Unpacking vim-runtime (2:8.0.0197-4+deb9u1) ...
Selecting previously unselected package vim.
Preparing to unpack .../13-vim_2%3a8.0.0197-4+deb9u1_amd64.deb ...
Unpacking vim (2:8.0.0197-4+deb9u1) ...
Selecting previously unselected package xml-core.
Preparing to unpack .../14-xml-core_0.17_all.deb ...
Unpacking xml-core (0.17) ...
Processing triggers for mime-support (3.60) ...
Setting up xxd (2:8.0.0197-4+deb9u1) ...
Setting up libgpm2:amd64 (1.20.4-6.2+b1) ...
Setting up libuv1:amd64 (1.9.1-3) ...
Setting up cmake-data (3.7.2-1) ...
Setting up sgml-base (1.29) ...
Setting up libicu57:amd64 (57.1-6+deb9u2) ...
Setting up libxml2:amd64 (2.9.4+dfsg1-2.2+deb9u2) ...
Processing triggers for libc-bin (2.24-11+deb9u3) ...
Setting up vim-common (2:8.0.0197-4+deb9u1) ...
Setting up vim-runtime (2:8.0.0197-4+deb9u1) ...
Setting up xml-core (0.17) ...
Setting up liblzo2-2:amd64 (2.08-1.2+b2) ...
Setting up libjsoncpp1:amd64 (1.7.4-3) ...
Setting up vim (2:8.0.0197-4+deb9u1) ...
update-alternatives: using /usr/bin/vim.basic to provide /usr/bin/vim (vim) in auto mode
update-alternatives: using /usr/bin/vim.basic to provide /usr/bin/vimdiff (vimdiff) in auto mode
update-alternatives: using /usr/bin/vim.basic to provide /usr/bin/rvim (rvim) in auto mode
update-alternatives: using /usr/bin/vim.basic to provide /usr/bin/rview (rview) in auto mode
update-alternatives: using /usr/bin/vim.basic to provide /usr/bin/vi (vi) in auto mode
update-alternatives: using /usr/bin/vim.basic to provide /usr/bin/view (view) in auto mode
update-alternatives: using /usr/bin/vim.basic to provide /usr/bin/ex (ex) in auto mode
update-alternatives: using /usr/bin/vim.basic to provide /usr/bin/editor (editor) in auto mode
Setting up libarchive13:amd64 (3.2.2-2) ...
Setting up cmake (3.7.2-1) ...
Processing triggers for sgml-base (1.29) ...
Processing triggers for libc-bin (2.24-11+deb9u3) ...
Removing intermediate container 0025a091cca6
 ---> 4e6792dbc9e9
Step 61/93 : COPY hack/dockerfile/install/install.sh ./install.sh
 ---> 968fa3151888
Step 62/93 : ENV INSTALL_BINARY_NAME=tini
 ---> Running in 64f1a32b4518
Removing intermediate container 64f1a32b4518
 ---> bdee6c657a57
Step 63/93 : COPY hack/dockerfile/install/$INSTALL_BINARY_NAME.installer ./
 ---> cfa071167745
Step 64/93 : RUN PREFIX=/build/ ./install.sh $INSTALL_BINARY_NAME
 ---> Running in 845e32042688
+ RM_GOPATH=0
+ TMP_GOPATH=
+ : /build/
+ '[' -z '' ']'
++ mktemp -d
+ export GOPATH=/tmp/tmp.sBEk51IfTU
+ GOPATH=/tmp/tmp.sBEk51IfTU
+ RM_GOPATH=1
++ dirname ./install.sh
+ dir=.
+ bin=tini
+ shift
+ '[' '!' -f ./tini.installer ']'
+ . ./tini.installer
++ TINI_COMMIT=fec3683b971d9c3ef73f284f176672c44b448662
+ install_tini
+ echo 'Install tini version fec3683b971d9c3ef73f284f176672c44b448662'
+ git clone https://github.com/krallin/tini.git /tmp/tmp.sBEk51IfTU/tini
Install tini version fec3683b971d9c3ef73f284f176672c44b448662
Cloning into '/tmp/tmp.sBEk51IfTU/tini'...
+ cd /tmp/tmp.sBEk51IfTU/tini
+ git checkout -q fec3683b971d9c3ef73f284f176672c44b448662
+ cmake .
-- The C compiler identification is GNU 6.3.0
-- Check for working C compiler: /usr/bin/cc
-- Check for working C compiler: /usr/bin/cc -- works
-- Detecting C compiler ABI info
-- Detecting C compiler ABI info - done
-- Detecting C compile features
-- Detecting C compile features - done
-- Performing Test HAS_BUILTIN_FORTIFY
-- Performing Test HAS_BUILTIN_FORTIFY - Failed
-- Configuring done
-- Generating done
-- Build files have been written to: /tmp/tmp.sBEk51IfTU/tini
+ make tini-static
Scanning dependencies of target tini-static
[ 50%] Building C object CMakeFiles/tini-static.dir/src/tini.c.o
[100%] Linking C executable tini-static
[100%] Built target tini-static
+ mkdir -p /build/
+ cp tini-static /build//docker-init
Removing intermediate container 845e32042688
 ---> 1c802268ad59
Step 65/93 : FROM runtime-dev AS dev
 ---> 096cbe179ada
Step 66/93 : RUN groupadd -r docker
 ---> Running in 562d31248472
Removing intermediate container 562d31248472
 ---> 28ca0fc72038
Step 67/93 : RUN useradd --create-home --gid docker unprivilegeduser
 ---> Running in 07127d4d2a09
Removing intermediate container 07127d4d2a09
 ---> e0e26337c758
Step 68/93 : RUN ln -sfv /go/src/github.com/docker/docker/.bashrc ~/.bashrc
 ---> Running in 2cf5be693d44
'/root/.bashrc' -> '/go/src/github.com/docker/docker/.bashrc'
Removing intermediate container 2cf5be693d44
 ---> 9ba6caba505a
Step 69/93 : RUN echo "source /usr/share/bash-completion/bash_completion" >> /etc/bash.bashrc
 ---> Running in b56cb7815b10
Removing intermediate container b56cb7815b10
 ---> 34e36f45649e
Step 70/93 : RUN ln -s /usr/local/completion/bash/docker /etc/bash_completion.d/docker
 ---> Running in 5d3f97c4fc69
Removing intermediate container 5d3f97c4fc69
 ---> 51ca8a35ac8a
Step 71/93 : RUN ldconfig
 ---> Running in 526f23e54476
Removing intermediate container 526f23e54476
 ---> 4f422444695e
Step 72/93 : RUN apt-get update && apt-get install -y 	apparmor 	aufs-tools 	bash-completion 	btrfs-tools 	iptables 	jq 	libcap2-bin 	libdevmapper-dev 	libudev-dev 	libsystemd-dev 	binutils-mingw-w64 	g++-mingw-w64-x86-64 	net-tools 	pigz 	python-backports.ssl-match-hostname 	python-dev 	python-mock 	python-pip 	python-requests 	python-setuptools 	python-websocket 	python-wheel 	thin-provisioning-tools 	vim 	vim-common 	xfsprogs 	zip 	bzip2 	xz-utils 	--no-install-recommends
 ---> Running in 0707b8c0a5b0
Hit:1 http://security.debian.org/debian-security stretch/updates InRelease
Ign:2 http://cdn-fastly.deb.debian.org/debian stretch InRelease
Hit:3 http://cdn-fastly.deb.debian.org/debian stretch-updates InRelease
Hit:4 http://cdn-fastly.deb.debian.org/debian stretch Release
Reading package lists...
Reading package lists...
Building dependency tree...
Reading state information...
The following additional packages will be installed:
  binutils-mingw-w64-i686 binutils-mingw-w64-x86-64 btrfs-progs dh-python
  dmsetup gcc-mingw-w64-base gcc-mingw-w64-x86-64 libaio1 libapparmor-perl
  libdevmapper-event1.02.1 libdevmapper1.02.1 libexpat1-dev libgpm2 libip4tc0
  libip6tc0 libiptc0 libjq1 liblzo2-2 libmpdec2 libnetfilter-conntrack3
  libnfnetlink0 libonig4 libpcre16-3 libpcre3-dev libpcre32-3 libpcrecpp0v5
  libpython-dev libpython2.7 libpython2.7-dev libpython3-stdlib
  libpython3.5-minimal libpython3.5-stdlib libreadline5 libselinux1-dev
  libsepol1-dev libxtables12 mingw-w64-common mingw-w64-x86-64-dev
  python-chardet python-funcsigs python-pbr python-pip-whl
  python-pkg-resources python-urllib3 python2.7-dev python3 python3-minimal
  python3.5 python3.5-minimal vim-runtime xxd
Suggested packages:
  apparmor-profiles apparmor-profiles-extra apparmor-utils bzip2-doc
  gcc-6-locales kmod gpm wine64 python-funcsigs-doc python-mock-doc
  python-cryptography python-idna python-openssl python-socks
  python-setuptools-doc python-ntlm python3-doc python3-tk python3-venv
  python3.5-venv python3.5-doc binfmt-support ctags vim-doc vim-scripts
  xfsdump acl attr quota
Recommended packages:
  aufs-dkms libpam-cap build-essential python-all-dev python-cryptography
  python-idna python-ipaddress python-openssl python-keyring
  python-keyrings.alt python-xdg unzip
The following NEW packages will be installed:
  apparmor aufs-tools bash-completion binutils-mingw-w64
  binutils-mingw-w64-i686 binutils-mingw-w64-x86-64 btrfs-progs btrfs-tools
  bzip2 dh-python dmsetup g++-mingw-w64-x86-64 gcc-mingw-w64-base
  gcc-mingw-w64-x86-64 iptables jq libaio1 libapparmor-perl libcap2-bin
  libdevmapper-dev libdevmapper-event1.02.1 libdevmapper1.02.1 libexpat1-dev
  libgpm2 libip4tc0 libip6tc0 libiptc0 libjq1 liblzo2-2 libmpdec2
  libnetfilter-conntrack3 libnfnetlink0 libonig4 libpcre16-3 libpcre3-dev
  libpcre32-3 libpcrecpp0v5 libpython-dev libpython2.7 libpython2.7-dev
  libpython3-stdlib libpython3.5-minimal libpython3.5-stdlib libreadline5
  libselinux1-dev libsepol1-dev libsystemd-dev libudev-dev libxtables12
  mingw-w64-common mingw-w64-x86-64-dev net-tools pigz
  python-backports.ssl-match-hostname python-chardet python-dev
  python-funcsigs python-mock python-pbr python-pip python-pip-whl
  python-pkg-resources python-requests python-setuptools python-urllib3
  python-websocket python-wheel python2.7-dev python3 python3-minimal
  python3.5 python3.5-minimal thin-provisioning-tools vim vim-common
  vim-runtime xfsprogs xxd xz-utils zip
0 upgraded, 80 newly installed, 0 to remove and 7 not upgraded.
Need to get 121 MB of archives.
After this operation, 590 MB of additional disk space will be used.
Get:1 http://cdn-fastly.deb.debian.org/debian stretch/main amd64 bash-completion all 1:2.1-4.3 [178 kB]
Get:2 http://cdn-fastly.deb.debian.org/debian stretch/main amd64 libnfnetlink0 amd64 1.0.1-3 [13.5 kB]
Get:3 http://cdn-fastly.deb.debian.org/debian stretch/main amd64 libpcrecpp0v5 amd64 2:8.39-3 [151 kB]
Get:4 http://cdn-fastly.deb.debian.org/debian stretch/main amd64 libudev-dev amd64 232-25+deb9u6 [91.3 kB]
Get:5 http://cdn-fastly.deb.debian.org/debian stretch/main amd64 libpython3.5-minimal amd64 3.5.3-1+deb9u1 [573 kB]
Get:6 http://cdn-fastly.deb.debian.org/debian stretch/main amd64 python3.5-minimal amd64 3.5.3-1+deb9u1 [1691 kB]
Get:7 http://cdn-fastly.deb.debian.org/debian stretch/main amd64 python3-minimal amd64 3.5.3-1 [35.3 kB]
Get:8 http://cdn-fastly.deb.debian.org/debian stretch/main amd64 libmpdec2 amd64 2.4.2-1 [85.2 kB]
Get:9 http://cdn-fastly.deb.debian.org/debian stretch/main amd64 libpython3.5-stdlib amd64 3.5.3-1+deb9u1 [2167 kB]
Get:10 http://cdn-fastly.deb.debian.org/debian stretch/main amd64 python3.5 amd64 3.5.3-1+deb9u1 [229 kB]
Get:11 http://cdn-fastly.deb.debian.org/debian stretch/main amd64 libpython3-stdlib amd64 3.5.3-1 [18.6 kB]
Get:12 http://cdn-fastly.deb.debian.org/debian stretch/main amd64 dh-python all 2.20170125 [86.8 kB]
Get:13 http://cdn-fastly.deb.debian.org/debian stretch/main amd64 python3 amd64 3.5.3-1 [21.6 kB]
Get:14 http://cdn-fastly.deb.debian.org/debian stretch/main amd64 pigz amd64 2.3.4-1 [55.4 kB]
Get:15 http://cdn-fastly.deb.debian.org/debian stretch/main amd64 libip4tc0 amd64 1.6.0+snapshot20161117-6 [67.8 kB]
Get:16 http://cdn-fastly.deb.debian.org/debian stretch/main amd64 libip6tc0 amd64 1.6.0+snapshot20161117-6 [68.1 kB]
Get:17 http://cdn-fastly.deb.debian.org/debian stretch/main amd64 libiptc0 amd64 1.6.0+snapshot20161117-6 [57.5 kB]
Get:18 http://cdn-fastly.deb.debian.org/debian stretch/main amd64 libxtables12 amd64 1.6.0+snapshot20161117-6 [75.9 kB]
Get:19 http://cdn-fastly.deb.debian.org/debian stretch/main amd64 libnetfilter-conntrack3 amd64 1.0.6-2 [38.7 kB]
Get:20 http://cdn-fastly.deb.debian.org/debian stretch/main amd64 iptables amd64 1.6.0+snapshot20161117-6 [288 kB]
Get:21 http://cdn-fastly.deb.debian.org/debian stretch/main amd64 xxd amd64 2:8.0.0197-4+deb9u1 [132 kB]
Get:22 http://cdn-fastly.deb.debian.org/debian stretch/main amd64 vim-common all 2:8.0.0197-4+deb9u1 [159 kB]
Get:23 http://cdn-fastly.deb.debian.org/debian stretch/main amd64 bzip2 amd64 1.0.6-8.1 [47.5 kB]
Get:24 http://cdn-fastly.deb.debian.org/debian stretch/main amd64 libgpm2 amd64 1.20.4-6.2+b1 [34.2 kB]
Get:25 http://cdn-fastly.deb.debian.org/debian stretch/main amd64 xz-utils amd64 5.2.2-1.2+b1 [266 kB]
Get:26 http://cdn-fastly.deb.debian.org/debian stretch/main amd64 aufs-tools amd64 1:4.1+20161219-1 [102 kB]
Get:27 http://cdn-fastly.deb.debian.org/debian stretch/main amd64 liblzo2-2 amd64 2.08-1.2+b2 [55.0 kB]
Get:28 http://cdn-fastly.deb.debian.org/debian stretch/main amd64 btrfs-progs amd64 4.7.3-1 [577 kB]
Get:29 http://cdn-fastly.deb.debian.org/debian stretch/main amd64 btrfs-tools amd64 4.7.3-1 [16.9 kB]
Get:30 http://cdn-fastly.deb.debian.org/debian stretch/main amd64 libdevmapper1.02.1 amd64 2:1.02.137-2 [170 kB]
Get:31 http://cdn-fastly.deb.debian.org/debian stretch/main amd64 dmsetup amd64 2:1.02.137-2 [107 kB]
Get:32 http://cdn-fastly.deb.debian.org/debian stretch/main amd64 libonig4 amd64 6.1.3-2 [146 kB]
Get:33 http://cdn-fastly.deb.debian.org/debian stretch/main amd64 libjq1 amd64 1.5+dfsg-1.3 [123 kB]
Get:34 http://cdn-fastly.deb.debian.org/debian stretch/main amd64 jq amd64 1.5+dfsg-1.3 [58.6 kB]
Get:35 http://cdn-fastly.deb.debian.org/debian stretch/main amd64 libaio1 amd64 0.3.110-3 [9412 B]
Get:36 http://cdn-fastly.deb.debian.org/debian stretch/main amd64 libcap2-bin amd64 1:2.25-1 [26.5 kB]
Get:37 http://cdn-fastly.deb.debian.org/debian stretch/main amd64 libdevmapper-event1.02.1 amd64 2:1.02.137-2 [41.6 kB]
Get:38 http://cdn-fastly.deb.debian.org/debian stretch/main amd64 libsepol1-dev amd64 2.6-2 [309 kB]
Get:39 http://cdn-fastly.deb.debian.org/debian stretch/main amd64 libpcre16-3 amd64 2:8.39-3 [258 kB]
Get:40 http://cdn-fastly.deb.debian.org/debian stretch/main amd64 libpcre32-3 amd64 2:8.39-3 [248 kB]
Get:41 http://cdn-fastly.deb.debian.org/debian stretch/main amd64 libpcre3-dev amd64 2:8.39-3 [647 kB]
Get:42 http://cdn-fastly.deb.debian.org/debian stretch/main amd64 libselinux1-dev amd64 2.6-3+b3 [184 kB]
Get:43 http://cdn-fastly.deb.debian.org/debian stretch/main amd64 libdevmapper-dev amd64 2:1.02.137-2 [68.6 kB]
Get:44 http://cdn-fastly.deb.debian.org/debian stretch/main amd64 libexpat1-dev amd64 2.2.0-2+deb9u1 [134 kB]
Get:45 http://cdn-fastly.deb.debian.org/debian stretch/main amd64 libpython2.7 amd64 2.7.13-2+deb9u3 [1071 kB]
Get:46 http://cdn-fastly.deb.debian.org/debian stretch/main amd64 libpython2.7-dev amd64 2.7.13-2+deb9u3 [28.2 MB]
Get:47 http://cdn-fastly.deb.debian.org/debian stretch/main amd64 libpython-dev amd64 2.7.13-2 [20.1 kB]
Get:48 http://cdn-fastly.deb.debian.org/debian stretch/main amd64 libreadline5 amd64 5.2+dfsg-3+b1 [119 kB]
Get:49 http://cdn-fastly.deb.debian.org/debian stretch/main amd64 libsystemd-dev amd64 232-25+deb9u6 [1972 kB]
Get:50 http://cdn-fastly.deb.debian.org/debian stretch/main amd64 net-tools amd64 1.60+git20161116.90da8a0-1 [248 kB]
Get:51 http://cdn-fastly.deb.debian.org/debian stretch/main amd64 python-backports.ssl-match-hostname all 3.5.0.1-1 [6980 B]
Get:52 http://cdn-fastly.deb.debian.org/debian stretch/main amd64 python-pkg-resources all 33.1.1-1 [166 kB]
Get:53 http://cdn-fastly.deb.debian.org/debian stretch/main amd64 python-chardet all 2.3.0-2 [96.0 kB]
Get:54 http://cdn-fastly.deb.debian.org/debian stretch/main amd64 python2.7-dev amd64 2.7.13-2+deb9u3 [290 kB]
Get:55 http://cdn-fastly.deb.debian.org/debian stretch/main amd64 python-dev amd64 2.7.13-2 [1126 B]
Get:56 http://cdn-fastly.deb.debian.org/debian stretch/main amd64 python-funcsigs all 1.0.2-3 [13.3 kB]
Get:57 http://cdn-fastly.deb.debian.org/debian stretch/main amd64 python-pbr all 1.10.0-1 [52.4 kB]
Get:58 http://cdn-fastly.deb.debian.org/debian stretch/main amd64 python-pip-whl all 9.0.1-2 [1406 kB]
Get:59 http://cdn-fastly.deb.debian.org/debian stretch/main amd64 python-pip all 9.0.1-2 [179 kB]
Get:60 http://cdn-fastly.deb.debian.org/debian stretch/main amd64 python-urllib3 all 1.19.1-1 [77.5 kB]
Get:61 http://cdn-fastly.deb.debian.org/debian stretch/main amd64 python-requests all 2.12.4-1 [101 kB]
Get:62 http://cdn-fastly.deb.debian.org/debian stretch/main amd64 python-setuptools all 33.1.1-1 [297 kB]
Get:63 http://cdn-fastly.deb.debian.org/debian stretch/main amd64 python-websocket all 0.37.0-2 [31.5 kB]
Get:64 http://cdn-fastly.deb.debian.org/debian stretch/main amd64 python-wheel all 0.29.0-2 [51.7 kB]
Get:65 http://cdn-fastly.deb.debian.org/debian stretch/main amd64 thin-provisioning-tools amd64 0.6.1-4+b1 [363 kB]
Get:66 http://cdn-fastly.deb.debian.org/debian stretch/main amd64 vim-runtime all 2:8.0.0197-4+deb9u1 [5407 kB]
Get:67 http://cdn-fastly.deb.debian.org/debian stretch/main amd64 vim amd64 2:8.0.0197-4+deb9u1 [1034 kB]
Get:68 http://cdn-fastly.deb.debian.org/debian stretch/main amd64 xfsprogs amd64 4.9.0+nmu1 [811 kB]
Get:69 http://cdn-fastly.deb.debian.org/debian stretch/main amd64 zip amd64 3.0-11+b1 [234 kB]
Get:70 http://cdn-fastly.deb.debian.org/debian stretch/main amd64 libapparmor-perl amd64 2.11.0-3+deb9u2 [82.2 kB]
Get:71 http://cdn-fastly.deb.debian.org/debian stretch/main amd64 apparmor amd64 2.11.0-3+deb9u2 [525 kB]
Get:72 http://cdn-fastly.deb.debian.org/debian stretch/main amd64 binutils-mingw-w64-i686 amd64 2.28-5+7.4+b4 [2242 kB]
Get:73 http://cdn-fastly.deb.debian.org/debian stretch/main amd64 binutils-mingw-w64-x86-64 amd64 2.28-5+7.4+b4 [2467 kB]
Get:74 http://cdn-fastly.deb.debian.org/debian stretch/main amd64 binutils-mingw-w64 all 2.27.90.20161231-1+7.4 [136 kB]
Get:75 http://cdn-fastly.deb.debian.org/debian stretch/main amd64 mingw-w64-common all 5.0.1-1 [4764 kB]
Get:76 http://cdn-fastly.deb.debian.org/debian stretch/main amd64 mingw-w64-x86-64-dev all 5.0.1-1 [3342 kB]
Get:77 http://cdn-fastly.deb.debian.org/debian stretch/main amd64 gcc-mingw-w64-base amd64 6.3.0-18+19.3+b3 [170 kB]
Get:78 http://cdn-fastly.deb.debian.org/debian stretch/main amd64 gcc-mingw-w64-x86-64 amd64 6.3.0-18+19.3+b3 [32.7 MB]
Get:79 http://cdn-fastly.deb.debian.org/debian stretch/main amd64 g++-mingw-w64-x86-64 amd64 6.3.0-18+19.3+b3 [22.4 MB]
Get:80 http://cdn-fastly.deb.debian.org/debian stretch/main amd64 python-mock all 2.0.0-3 [59.8 kB]
debconf: delaying package configuration, since apt-utils is not installed
Fetched 121 MB in 2s (41.4 MB/s)
Selecting previously unselected package bash-completion.
(Reading database ... (Reading database ... 5%(Reading database ... 10%(Reading database ... 15%(Reading database ... 20%(Reading database ... 25%(Reading database ... 30%(Reading database ... 35%(Reading database ... 40%(Reading database ... 45%(Reading database ... 50%(Reading database ... 55%(Reading database ... 60%(Reading database ... 65%(Reading database ... 70%(Reading database ... 75%(Reading database ... 80%(Reading database ... 85%(Reading database ... 90%(Reading database ... 95%(Reading database ... 100%(Reading database ... 15110 files and directories currently installed.)
Preparing to unpack .../00-bash-completion_1%3a2.1-4.3_all.deb ...
Unpacking bash-completion (1:2.1-4.3) ...
Selecting previously unselected package libnfnetlink0:amd64.
Preparing to unpack .../01-libnfnetlink0_1.0.1-3_amd64.deb ...
Unpacking libnfnetlink0:amd64 (1.0.1-3) ...
Selecting previously unselected package libpcrecpp0v5:amd64.
Preparing to unpack .../02-libpcrecpp0v5_2%3a8.39-3_amd64.deb ...
Unpacking libpcrecpp0v5:amd64 (2:8.39-3) ...
Selecting previously unselected package libudev-dev:amd64.
Preparing to unpack .../03-libudev-dev_232-25+deb9u6_amd64.deb ...
Unpacking libudev-dev:amd64 (232-25+deb9u6) ...
Selecting previously unselected package libpython3.5-minimal:amd64.
Preparing to unpack .../04-libpython3.5-minimal_3.5.3-1+deb9u1_amd64.deb ...
Unpacking libpython3.5-minimal:amd64 (3.5.3-1+deb9u1) ...
Selecting previously unselected package python3.5-minimal.
Preparing to unpack .../05-python3.5-minimal_3.5.3-1+deb9u1_amd64.deb ...
Unpacking python3.5-minimal (3.5.3-1+deb9u1) ...
Selecting previously unselected package python3-minimal.
Preparing to unpack .../06-python3-minimal_3.5.3-1_amd64.deb ...
Unpacking python3-minimal (3.5.3-1) ...
Selecting previously unselected package libmpdec2:amd64.
Preparing to unpack .../07-libmpdec2_2.4.2-1_amd64.deb ...
Unpacking libmpdec2:amd64 (2.4.2-1) ...
Selecting previously unselected package libpython3.5-stdlib:amd64.
Preparing to unpack .../08-libpython3.5-stdlib_3.5.3-1+deb9u1_amd64.deb ...
Unpacking libpython3.5-stdlib:amd64 (3.5.3-1+deb9u1) ...
Selecting previously unselected package python3.5.
Preparing to unpack .../09-python3.5_3.5.3-1+deb9u1_amd64.deb ...
Unpacking python3.5 (3.5.3-1+deb9u1) ...
Selecting previously unselected package libpython3-stdlib:amd64.
Preparing to unpack .../10-libpython3-stdlib_3.5.3-1_amd64.deb ...
Unpacking libpython3-stdlib:amd64 (3.5.3-1) ...
Selecting previously unselected package dh-python.
Preparing to unpack .../11-dh-python_2.20170125_all.deb ...
Unpacking dh-python (2.20170125) ...
Setting up libpython3.5-minimal:amd64 (3.5.3-1+deb9u1) ...
Setting up python3.5-minimal (3.5.3-1+deb9u1) ...
Setting up python3-minimal (3.5.3-1) ...
Selecting previously unselected package python3.
(Reading database ... (Reading database ... 5%(Reading database ... 10%(Reading database ... 15%(Reading database ... 20%(Reading database ... 25%(Reading database ... 30%(Reading database ... 35%(Reading database ... 40%(Reading database ... 45%(Reading database ... 50%(Reading database ... 55%(Reading database ... 60%(Reading database ... 65%(Reading database ... 70%(Reading database ... 75%(Reading database ... 80%(Reading database ... 85%(Reading database ... 90%(Reading database ... 95%(Reading database ... 100%(Reading database ... 16687 files and directories currently installed.)
Preparing to unpack .../00-python3_3.5.3-1_amd64.deb ...
Unpacking python3 (3.5.3-1) ...
Selecting previously unselected package pigz.
Preparing to unpack .../01-pigz_2.3.4-1_amd64.deb ...
Unpacking pigz (2.3.4-1) ...
Selecting previously unselected package libip4tc0:amd64.
Preparing to unpack .../02-libip4tc0_1.6.0+snapshot20161117-6_amd64.deb ...
Unpacking libip4tc0:amd64 (1.6.0+snapshot20161117-6) ...
Selecting previously unselected package libip6tc0:amd64.
Preparing to unpack .../03-libip6tc0_1.6.0+snapshot20161117-6_amd64.deb ...
Unpacking libip6tc0:amd64 (1.6.0+snapshot20161117-6) ...
Selecting previously unselected package libiptc0:amd64.
Preparing to unpack .../04-libiptc0_1.6.0+snapshot20161117-6_amd64.deb ...
Unpacking libiptc0:amd64 (1.6.0+snapshot20161117-6) ...
Selecting previously unselected package libxtables12:amd64.
Preparing to unpack .../05-libxtables12_1.6.0+snapshot20161117-6_amd64.deb ...
Unpacking libxtables12:amd64 (1.6.0+snapshot20161117-6) ...
Selecting previously unselected package libnetfilter-conntrack3:amd64.
Preparing to unpack .../06-libnetfilter-conntrack3_1.0.6-2_amd64.deb ...
Unpacking libnetfilter-conntrack3:amd64 (1.0.6-2) ...
Selecting previously unselected package iptables.
Preparing to unpack .../07-iptables_1.6.0+snapshot20161117-6_amd64.deb ...
Unpacking iptables (1.6.0+snapshot20161117-6) ...
Selecting previously unselected package xxd.
Preparing to unpack .../08-xxd_2%3a8.0.0197-4+deb9u1_amd64.deb ...
Unpacking xxd (2:8.0.0197-4+deb9u1) ...
Selecting previously unselected package vim-common.
Preparing to unpack .../09-vim-common_2%3a8.0.0197-4+deb9u1_all.deb ...
Unpacking vim-common (2:8.0.0197-4+deb9u1) ...
Selecting previously unselected package bzip2.
Preparing to unpack .../10-bzip2_1.0.6-8.1_amd64.deb ...
Unpacking bzip2 (1.0.6-8.1) ...
Selecting previously unselected package libgpm2:amd64.
Preparing to unpack .../11-libgpm2_1.20.4-6.2+b1_amd64.deb ...
Unpacking libgpm2:amd64 (1.20.4-6.2+b1) ...
Selecting previously unselected package xz-utils.
Preparing to unpack .../12-xz-utils_5.2.2-1.2+b1_amd64.deb ...
Unpacking xz-utils (5.2.2-1.2+b1) ...
Selecting previously unselected package aufs-tools.
Preparing to unpack .../13-aufs-tools_1%3a4.1+20161219-1_amd64.deb ...
Unpacking aufs-tools (1:4.1+20161219-1) ...
Selecting previously unselected package liblzo2-2:amd64.
Preparing to unpack .../14-liblzo2-2_2.08-1.2+b2_amd64.deb ...
Unpacking liblzo2-2:amd64 (2.08-1.2+b2) ...
Selecting previously unselected package btrfs-progs.
Preparing to unpack .../15-btrfs-progs_4.7.3-1_amd64.deb ...
Unpacking btrfs-progs (4.7.3-1) ...
Selecting previously unselected package btrfs-tools.
Preparing to unpack .../16-btrfs-tools_4.7.3-1_amd64.deb ...
Unpacking btrfs-tools (4.7.3-1) ...
Selecting previously unselected package libdevmapper1.02.1:amd64.
Preparing to unpack .../17-libdevmapper1.02.1_2%3a1.02.137-2_amd64.deb ...
Unpacking libdevmapper1.02.1:amd64 (2:1.02.137-2) ...
Selecting previously unselected package dmsetup.
Preparing to unpack .../18-dmsetup_2%3a1.02.137-2_amd64.deb ...
Unpacking dmsetup (2:1.02.137-2) ...
Selecting previously unselected package libonig4:amd64.
Preparing to unpack .../19-libonig4_6.1.3-2_amd64.deb ...
Unpacking libonig4:amd64 (6.1.3-2) ...
Selecting previously unselected package libjq1:amd64.
Preparing to unpack .../20-libjq1_1.5+dfsg-1.3_amd64.deb ...
Unpacking libjq1:amd64 (1.5+dfsg-1.3) ...
Selecting previously unselected package jq.
Preparing to unpack .../21-jq_1.5+dfsg-1.3_amd64.deb ...
Unpacking jq (1.5+dfsg-1.3) ...
Selecting previously unselected package libaio1:amd64.
Preparing to unpack .../22-libaio1_0.3.110-3_amd64.deb ...
Unpacking libaio1:amd64 (0.3.110-3) ...
Selecting previously unselected package libcap2-bin.
Preparing to unpack .../23-libcap2-bin_1%3a2.25-1_amd64.deb ...
Unpacking libcap2-bin (1:2.25-1) ...
Selecting previously unselected package libdevmapper-event1.02.1:amd64.
Preparing to unpack .../24-libdevmapper-event1.02.1_2%3a1.02.137-2_amd64.deb ...
Unpacking libdevmapper-event1.02.1:amd64 (2:1.02.137-2) ...
Selecting previously unselected package libsepol1-dev:amd64.
Preparing to unpack .../25-libsepol1-dev_2.6-2_amd64.deb ...
Unpacking libsepol1-dev:amd64 (2.6-2) ...
Selecting previously unselected package libpcre16-3:amd64.
Preparing to unpack .../26-libpcre16-3_2%3a8.39-3_amd64.deb ...
Unpacking libpcre16-3:amd64 (2:8.39-3) ...
Selecting previously unselected package libpcre32-3:amd64.
Preparing to unpack .../27-libpcre32-3_2%3a8.39-3_amd64.deb ...
Unpacking libpcre32-3:amd64 (2:8.39-3) ...
Selecting previously unselected package libpcre3-dev:amd64.
Preparing to unpack .../28-libpcre3-dev_2%3a8.39-3_amd64.deb ...
Unpacking libpcre3-dev:amd64 (2:8.39-3) ...
Selecting previously unselected package libselinux1-dev:amd64.
Preparing to unpack .../29-libselinux1-dev_2.6-3+b3_amd64.deb ...
Unpacking libselinux1-dev:amd64 (2.6-3+b3) ...
Selecting previously unselected package libdevmapper-dev:amd64.
Preparing to unpack .../30-libdevmapper-dev_2%3a1.02.137-2_amd64.deb ...
Unpacking libdevmapper-dev:amd64 (2:1.02.137-2) ...
Selecting previously unselected package libexpat1-dev:amd64.
Preparing to unpack .../31-libexpat1-dev_2.2.0-2+deb9u1_amd64.deb ...
Unpacking libexpat1-dev:amd64 (2.2.0-2+deb9u1) ...
Selecting previously unselected package libpython2.7:amd64.
Preparing to unpack .../32-libpython2.7_2.7.13-2+deb9u3_amd64.deb ...
Unpacking libpython2.7:amd64 (2.7.13-2+deb9u3) ...
Selecting previously unselected package libpython2.7-dev:amd64.
Preparing to unpack .../33-libpython2.7-dev_2.7.13-2+deb9u3_amd64.deb ...
Unpacking libpython2.7-dev:amd64 (2.7.13-2+deb9u3) ...
Selecting previously unselected package libpython-dev:amd64.
Preparing to unpack .../34-libpython-dev_2.7.13-2_amd64.deb ...
Unpacking libpython-dev:amd64 (2.7.13-2) ...
Selecting previously unselected package libreadline5:amd64.
Preparing to unpack .../35-libreadline5_5.2+dfsg-3+b1_amd64.deb ...
Unpacking libreadline5:amd64 (5.2+dfsg-3+b1) ...
Selecting previously unselected package libsystemd-dev:amd64.
Preparing to unpack .../36-libsystemd-dev_232-25+deb9u6_amd64.deb ...
Unpacking libsystemd-dev:amd64 (232-25+deb9u6) ...
Selecting previously unselected package net-tools.
Preparing to unpack .../37-net-tools_1.60+git20161116.90da8a0-1_amd64.deb ...
Unpacking net-tools (1.60+git20161116.90da8a0-1) ...
Selecting previously unselected package python-backports.ssl-match-hostname.
Preparing to unpack .../38-python-backports.ssl-match-hostname_3.5.0.1-1_all.deb ...
Unpacking python-backports.ssl-match-hostname (3.5.0.1-1) ...
Selecting previously unselected package python-pkg-resources.
Preparing to unpack .../39-python-pkg-resources_33.1.1-1_all.deb ...
Unpacking python-pkg-resources (33.1.1-1) ...
Selecting previously unselected package python-chardet.
Preparing to unpack .../40-python-chardet_2.3.0-2_all.deb ...
Unpacking python-chardet (2.3.0-2) ...
Selecting previously unselected package python2.7-dev.
Preparing to unpack .../41-python2.7-dev_2.7.13-2+deb9u3_amd64.deb ...
Unpacking python2.7-dev (2.7.13-2+deb9u3) ...
Selecting previously unselected package python-dev.
Preparing to unpack .../42-python-dev_2.7.13-2_amd64.deb ...
Unpacking python-dev (2.7.13-2) ...
Selecting previously unselected package python-funcsigs.
Preparing to unpack .../43-python-funcsigs_1.0.2-3_all.deb ...
Unpacking python-funcsigs (1.0.2-3) ...
Selecting previously unselected package python-pbr.
Preparing to unpack .../44-python-pbr_1.10.0-1_all.deb ...
Unpacking python-pbr (1.10.0-1) ...
Selecting previously unselected package python-pip-whl.
Preparing to unpack .../45-python-pip-whl_9.0.1-2_all.deb ...
Unpacking python-pip-whl (9.0.1-2) ...
Selecting previously unselected package python-pip.
Preparing to unpack .../46-python-pip_9.0.1-2_all.deb ...
Unpacking python-pip (9.0.1-2) ...
Selecting previously unselected package python-urllib3.
Preparing to unpack .../47-python-urllib3_1.19.1-1_all.deb ...
Unpacking python-urllib3 (1.19.1-1) ...
Selecting previously unselected package python-requests.
Preparing to unpack .../48-python-requests_2.12.4-1_all.deb ...
Unpacking python-requests (2.12.4-1) ...
Selecting previously unselected package python-setuptools.
Preparing to unpack .../49-python-setuptools_33.1.1-1_all.deb ...
Unpacking python-setuptools (33.1.1-1) ...
Selecting previously unselected package python-websocket.
Preparing to unpack .../50-python-websocket_0.37.0-2_all.deb ...
Unpacking python-websocket (0.37.0-2) ...
Selecting previously unselected package python-wheel.
Preparing to unpack .../51-python-wheel_0.29.0-2_all.deb ...
Unpacking python-wheel (0.29.0-2) ...
Selecting previously unselected package thin-provisioning-tools.
Preparing to unpack .../52-thin-provisioning-tools_0.6.1-4+b1_amd64.deb ...
Unpacking thin-provisioning-tools (0.6.1-4+b1) ...
Selecting previously unselected package vim-runtime.
Preparing to unpack .../53-vim-runtime_2%3a8.0.0197-4+deb9u1_all.deb ...
Adding 'diversion of /usr/share/vim/vim80/doc/help.txt to /usr/share/vim/vim80/doc/help.txt.vim-tiny by vim-runtime'
Adding 'diversion of /usr/share/vim/vim80/doc/tags to /usr/share/vim/vim80/doc/tags.vim-tiny by vim-runtime'
Unpacking vim-runtime (2:8.0.0197-4+deb9u1) ...
Selecting previously unselected package vim.
Preparing to unpack .../54-vim_2%3a8.0.0197-4+deb9u1_amd64.deb ...
Unpacking vim (2:8.0.0197-4+deb9u1) ...
Selecting previously unselected package xfsprogs.
Preparing to unpack .../55-xfsprogs_4.9.0+nmu1_amd64.deb ...
Unpacking xfsprogs (4.9.0+nmu1) ...
Selecting previously unselected package zip.
Preparing to unpack .../56-zip_3.0-11+b1_amd64.deb ...
Unpacking zip (3.0-11+b1) ...
Selecting previously unselected package libapparmor-perl.
Preparing to unpack .../57-libapparmor-perl_2.11.0-3+deb9u2_amd64.deb ...
Unpacking libapparmor-perl (2.11.0-3+deb9u2) ...
Selecting previously unselected package apparmor.
Preparing to unpack .../58-apparmor_2.11.0-3+deb9u2_amd64.deb ...
Unpacking apparmor (2.11.0-3+deb9u2) ...
Selecting previously unselected package binutils-mingw-w64-i686.
Preparing to unpack .../59-binutils-mingw-w64-i686_2.28-5+7.4+b4_amd64.deb ...
Unpacking binutils-mingw-w64-i686 (2.28-5+7.4+b4) ...
Selecting previously unselected package binutils-mingw-w64-x86-64.
Preparing to unpack .../60-binutils-mingw-w64-x86-64_2.28-5+7.4+b4_amd64.deb ...
Unpacking binutils-mingw-w64-x86-64 (2.28-5+7.4+b4) ...
Selecting previously unselected package binutils-mingw-w64.
Preparing to unpack .../61-binutils-mingw-w64_2.27.90.20161231-1+7.4_all.deb ...
Unpacking binutils-mingw-w64 (2.27.90.20161231-1+7.4) ...
Selecting previously unselected package mingw-w64-common.
Preparing to unpack .../62-mingw-w64-common_5.0.1-1_all.deb ...
Unpacking mingw-w64-common (5.0.1-1) ...
Selecting previously unselected package mingw-w64-x86-64-dev.
Preparing to unpack .../63-mingw-w64-x86-64-dev_5.0.1-1_all.deb ...
Unpacking mingw-w64-x86-64-dev (5.0.1-1) ...
Selecting previously unselected package gcc-mingw-w64-base.
Preparing to unpack .../64-gcc-mingw-w64-base_6.3.0-18+19.3+b3_amd64.deb ...
Unpacking gcc-mingw-w64-base (6.3.0-18+19.3+b3) ...
Selecting previously unselected package gcc-mingw-w64-x86-64.
Preparing to unpack .../65-gcc-mingw-w64-x86-64_6.3.0-18+19.3+b3_amd64.deb ...
Unpacking gcc-mingw-w64-x86-64 (6.3.0-18+19.3+b3) ...
Selecting previously unselected package g++-mingw-w64-x86-64.
Preparing to unpack .../66-g++-mingw-w64-x86-64_6.3.0-18+19.3+b3_amd64.deb ...
Unpacking g++-mingw-w64-x86-64 (6.3.0-18+19.3+b3) ...
Selecting previously unselected package python-mock.
Preparing to unpack .../67-python-mock_2.0.0-3_all.deb ...
Unpacking python-mock (2.0.0-3) ...
Setting up aufs-tools (1:4.1+20161219-1) ...
Setting up binutils-mingw-w64-x86-64 (2.28-5+7.4+b4) ...
Setting up libsepol1-dev:amd64 (2.6-2) ...
Setting up python-pip-whl (9.0.1-2) ...
Setting up python-urllib3 (1.19.1-1) ...
Setting up libip4tc0:amd64 (1.6.0+snapshot20161117-6) ...
Processing triggers for mime-support (3.60) ...
Setting up xxd (2:8.0.0197-4+deb9u1) ...
Setting up libgpm2:amd64 (1.20.4-6.2+b1) ...
Setting up libcap2-bin (1:2.25-1) ...
Setting up binutils-mingw-w64-i686 (2.28-5+7.4+b4) ...
Setting up binutils-mingw-w64 (2.27.90.20161231-1+7.4) ...
Setting up bash-completion (1:2.1-4.3) ...
Setting up libonig4:amd64 (6.1.3-2) ...
Setting up python-wheel (0.29.0-2) ...
Setting up python-pkg-resources (33.1.1-1) ...
Setting up zip (3.0-11+b1) ...
Setting up python-backports.ssl-match-hostname (3.5.0.1-1) ...
Setting up bzip2 (1.0.6-8.1) ...
Setting up python-websocket (0.37.0-2) ...
update-alternatives: using /usr/bin/python2-wsdump to provide /usr/bin/wsdump (wsdump) in auto mode
Setting up gcc-mingw-w64-base (6.3.0-18+19.3+b3) ...
Setting up libjq1:amd64 (1.5+dfsg-1.3) ...
Processing triggers for libc-bin (2.24-11+deb9u3) ...
Setting up libaio1:amd64 (0.3.110-3) ...
Setting up libxtables12:amd64 (1.6.0+snapshot20161117-6) ...
Setting up xz-utils (5.2.2-1.2+b1) ...
update-alternatives: using /usr/bin/xz to provide /usr/bin/lzma (lzma) in auto mode
Setting up python-pbr (1.10.0-1) ...
update-alternatives: using /usr/bin/python2-pbr to provide /usr/bin/pbr (pbr) in auto mode
Setting up thin-provisioning-tools (0.6.1-4+b1) ...
Setting up libpython2.7:amd64 (2.7.13-2+deb9u3) ...
Setting up vim-common (2:8.0.0197-4+deb9u1) ...
Setting up python-funcsigs (1.0.2-3) ...
Setting up libexpat1-dev:amd64 (2.2.0-2+deb9u1) ...
Setting up libpcrecpp0v5:amd64 (2:8.39-3) ...
Setting up libpcre32-3:amd64 (2:8.39-3) ...
Setting up libnfnetlink0:amd64 (1.0.1-3) ...
Setting up vim-runtime (2:8.0.0197-4+deb9u1) ...
Setting up libsystemd-dev:amd64 (232-25+deb9u6) ...
Setting up libpython2.7-dev:amd64 (2.7.13-2+deb9u3) ...
Setting up libpcre16-3:amd64 (2:8.39-3) ...
Setting up libreadline5:amd64 (5.2+dfsg-3+b1) ...
Setting up net-tools (1.60+git20161116.90da8a0-1) ...
Setting up python-pip (9.0.1-2) ...
Setting up libudev-dev:amd64 (232-25+deb9u6) ...
Setting up python2.7-dev (2.7.13-2+deb9u3) ...
Setting up pigz (2.3.4-1) ...
Setting up libapparmor-perl (2.11.0-3+deb9u2) ...
Setting up libmpdec2:amd64 (2.4.2-1) ...
Setting up libip6tc0:amd64 (1.6.0+snapshot20161117-6) ...
Setting up mingw-w64-common (5.0.1-1) ...
Setting up liblzo2-2:amd64 (2.08-1.2+b2) ...
Setting up libpython-dev:amd64 (2.7.13-2) ...
Setting up python-setuptools (33.1.1-1) ...
Setting up jq (1.5+dfsg-1.3) ...
Setting up libpcre3-dev:amd64 (2:8.39-3) ...
Setting up libnetfilter-conntrack3:amd64 (1.0.6-2) ...
Setting up python-chardet (2.3.0-2) ...
Setting up xfsprogs (4.9.0+nmu1) ...
Setting up vim (2:8.0.0197-4+deb9u1) ...
update-alternatives: using /usr/bin/vim.basic to provide /usr/bin/vim (vim) in auto mode
update-alternatives: using /usr/bin/vim.basic to provide /usr/bin/vimdiff (vimdiff) in auto mode
update-alternatives: using /usr/bin/vim.basic to provide /usr/bin/rvim (rvim) in auto mode
update-alternatives: using /usr/bin/vim.basic to provide /usr/bin/rview (rview) in auto mode
update-alternatives: using /usr/bin/vim.basic to provide /usr/bin/vi (vi) in auto mode
update-alternatives: using /usr/bin/vim.basic to provide /usr/bin/view (view) in auto mode
update-alternatives: using /usr/bin/vim.basic to provide /usr/bin/ex (ex) in auto mode
update-alternatives: using /usr/bin/vim.basic to provide /usr/bin/editor (editor) in auto mode
Setting up python-dev (2.7.13-2) ...
Setting up libpython3.5-stdlib:amd64 (3.5.3-1+deb9u1) ...
Setting up python-mock (2.0.0-3) ...
Setting up libiptc0:amd64 (1.6.0+snapshot20161117-6) ...
Setting up mingw-w64-x86-64-dev (5.0.1-1) ...
Setting up iptables (1.6.0+snapshot20161117-6) ...
Setting up btrfs-progs (4.7.3-1) ...
Setting up python-requests (2.12.4-1) ...
Setting up libselinux1-dev:amd64 (2.6-3+b3) ...
Setting up python3.5 (3.5.3-1+deb9u1) ...
Setting up libpython3-stdlib:amd64 (3.5.3-1) ...
Setting up gcc-mingw-w64-x86-64 (6.3.0-18+19.3+b3) ...
update-alternatives: using /usr/bin/x86_64-w64-mingw32-gcc-posix to provide /usr/bin/x86_64-w64-mingw32-gcc (x86_64-w64-mingw32-gcc) in auto mode
update-alternatives: warning: skip creation of /usr/bin/x86_64-w64-mingw32-gcc-6 because associated file /usr/bin/x86_64-w64-mingw32-gcc-6-posix (of link group x86_64-w64-mingw32-gcc) doesn't exist
update-alternatives: using /usr/bin/x86_64-w64-mingw32-gcc-win32 to provide /usr/bin/x86_64-w64-mingw32-gcc (x86_64-w64-mingw32-gcc) in auto mode
update-alternatives: warning: skip creation of /usr/bin/x86_64-w64-mingw32-gcc-6 because associated file /usr/bin/x86_64-w64-mingw32-gcc-6-win32 (of link group x86_64-w64-mingw32-gcc) doesn't exist
Setting up btrfs-tools (4.7.3-1) ...
Setting up g++-mingw-w64-x86-64 (6.3.0-18+19.3+b3) ...
update-alternatives: using /usr/bin/x86_64-w64-mingw32-g++-posix to provide /usr/bin/x86_64-w64-mingw32-g++ (x86_64-w64-mingw32-g++) in auto mode
update-alternatives: using /usr/bin/x86_64-w64-mingw32-g++-win32 to provide /usr/bin/x86_64-w64-mingw32-g++ (x86_64-w64-mingw32-g++) in auto mode
Setting up python3 (3.5.3-1) ...
running python rtupdate hooks for python3.5...
running python post-rtupdate hooks for python3.5...
Setting up apparmor (2.11.0-3+deb9u2) ...
debconf: unable to initialize frontend: Dialog
debconf: (TERM is not set, so the dialog frontend is not usable.)
debconf: falling back to frontend: Readline
update-rc.d: warning: start and stop actions are no longer supported; falling back to defaults
diff: /var/lib/apparmor/profiles/.apparmor.md5sums: No such file or directory
Setting up libdevmapper1.02.1:amd64 (2:1.02.137-2) ...
Setting up libdevmapper-event1.02.1:amd64 (2:1.02.137-2) ...
Setting up dmsetup (2:1.02.137-2) ...
Setting up dh-python (2.20170125) ...
Setting up libdevmapper-dev:amd64 (2:1.02.137-2) ...
Processing triggers for libc-bin (2.24-11+deb9u3) ...
Removing intermediate container 0707b8c0a5b0
 ---> 15f73fb2dc06
Step 73/93 : COPY --from=swagger /build/swagger* /usr/local/bin/
 ---> 3aacb1117289
Step 74/93 : COPY --from=frozen-images /build/ /docker-frozen-images
 ---> 6412d1ac1c8f
Step 75/93 : COPY --from=gometalinter /build/ /usr/local/bin/
 ---> 27832f75b451
Step 76/93 : COPY --from=tomlv /build/ /usr/local/bin/
 ---> 193fada8a17c
Step 77/93 : COPY --from=vndr /build/ /usr/local/bin/
 ---> 00ccd39e1bbb
Step 78/93 : COPY --from=tini /build/ /usr/local/bin/
 ---> b2fc7d9d3041
Step 79/93 : COPY --from=runc /build/ /usr/local/bin/
 ---> 093d95276f6e
Step 80/93 : COPY --from=containerd /build/ /usr/local/bin/
 ---> db6a7f878645
Step 81/93 : COPY --from=proxy /build/ /usr/local/bin/
 ---> ba6ace950ac5
Step 82/93 : COPY --from=dockercli /build/ /usr/local/cli
 ---> 1f25dc2f3645
Step 83/93 : COPY --from=registry /build/registry* /usr/local/bin/
 ---> f54653374991
Step 84/93 : COPY --from=criu /build/ /usr/local/
 ---> 70fa044e3190
Step 85/93 : COPY --from=docker-py /build/ /docker-py
 ---> 90f918d245d0
Step 86/93 : RUN cd /docker-py 	&& pip install docker-pycreds==0.2.1 	&& pip install yamllint==1.5.0 	&& pip install -r test-requirements.txt
 ---> Running in 8954dcaa4ad9
Collecting docker-pycreds==0.2.1
  Downloading https://files.pythonhosted.org/packages/ff/ec/14e976222468249cc50df4a031e5922581747b52dc96a0b1d5d73fee8f0e/docker_pycreds-0.2.1-py2.py3-none-any.whl
Requirement already satisfied: six>=1.4.0 in /usr/lib/python2.7/dist-packages (from docker-pycreds==0.2.1)
Installing collected packages: docker-pycreds
Successfully installed docker-pycreds-0.2.1
Collecting yamllint==1.5.0
  Downloading https://files.pythonhosted.org/packages/64/93/2a2e99b04f4a2f2adb26f4f543770310bf6303b3af492345c4a700d14f4e/yamllint-1.5.0-py2.py3-none-any.whl
Collecting pyyaml (from yamllint==1.5.0)
  Downloading https://files.pythonhosted.org/packages/9e/a3/1d13970c3f36777c583f136c136f804d70f500168edc1edea6daa7200769/PyYAML-3.13.tar.gz (270kB)
Building wheels for collected packages: pyyaml
  Running setup.py bdist_wheel for pyyaml: started
  Running setup.py bdist_wheel for pyyaml: finished with status 'done'
  Stored in directory: /root/.cache/pip/wheels/ad/da/0c/74eb680767247273e2cf2723482cb9c924fe70af57c334513f
Successfully built pyyaml
Installing collected packages: pyyaml, yamllint
Successfully installed pyyaml-3.13 yamllint-1.5.0
Collecting mock==1.0.1 (from -r test-requirements.txt (line 1))
  Downloading https://files.pythonhosted.org/packages/a2/52/7edcd94f0afb721a2d559a5b9aae8af4f8f2c79bc63fdbe8a8a6c9b23bbe/mock-1.0.1.tar.gz (818kB)
Collecting pytest==2.9.1 (from -r test-requirements.txt (line 2))
  Downloading https://files.pythonhosted.org/packages/61/49/c299eeaea69ed31338a58762b5185c56044fc2e09434694742ca2306a514/pytest-2.9.1-py2.py3-none-any.whl (161kB)
Collecting coverage==3.7.1 (from -r test-requirements.txt (line 3))
  Downloading https://files.pythonhosted.org/packages/09/4f/89b06c7fdc09687bca507dc411c342556ef9c5a3b26756137a4878ff19bf/coverage-3.7.1.tar.gz (284kB)
Collecting pytest-cov==2.1.0 (from -r test-requirements.txt (line 4))
  Downloading https://files.pythonhosted.org/packages/f2/9b/03b7d51c74d8f7088e37043dcf4f59faed359c56e7d016e2627108072679/pytest_cov-2.1.0-py2.py3-none-any.whl
Collecting flake8==3.4.1 (from -r test-requirements.txt (line 5))
  Downloading https://files.pythonhosted.org/packages/b2/d3/e80ea2616e3871ae22459c415c63d64b9bd744c92267482670fcdbcea72d/flake8-3.4.1-py2.py3-none-any.whl (68kB)
Collecting py>=1.4.29 (from pytest==2.9.1->-r test-requirements.txt (line 2))
  Downloading https://files.pythonhosted.org/packages/3e/c7/3da685ef117d42ac8d71af525208759742dd235f8094221fdaafcd3dba8f/py-1.7.0-py2.py3-none-any.whl (83kB)
Collecting pyflakes<1.6.0,>=1.5.0 (from flake8==3.4.1->-r test-requirements.txt (line 5))
  Downloading https://files.pythonhosted.org/packages/27/49/924098b3b85c286696f37e014475d79471ffc44509613af420645a3c12cb/pyflakes-1.5.0-py2.py3-none-any.whl (225kB)
Collecting enum34; python_version < "3.4" (from flake8==3.4.1->-r test-requirements.txt (line 5))
  Downloading https://files.pythonhosted.org/packages/c5/db/e56e6b4bbac7c4a06de1c50de6fe1ef3810018ae11732a50f15f62c7d050/enum34-1.1.6-py2-none-any.whl
Collecting configparser; python_version < "3.2" (from flake8==3.4.1->-r test-requirements.txt (line 5))
  Downloading https://files.pythonhosted.org/packages/7c/69/c2ce7e91c89dc073eb1aa74c0621c3eefbffe8216b3f9af9d3885265c01c/configparser-3.5.0.tar.gz
Collecting mccabe<0.7.0,>=0.6.0 (from flake8==3.4.1->-r test-requirements.txt (line 5))
  Downloading https://files.pythonhosted.org/packages/87/89/479dc97e18549e21354893e4ee4ef36db1d237534982482c3681ee6e7b57/mccabe-0.6.1-py2.py3-none-any.whl
Collecting pycodestyle<2.4.0,>=2.0.0 (from flake8==3.4.1->-r test-requirements.txt (line 5))
  Downloading https://files.pythonhosted.org/packages/e4/81/78fe51eb4038d1388b7217dd63770b0f428370207125047312886c923b26/pycodestyle-2.3.1-py2.py3-none-any.whl (45kB)
Building wheels for collected packages: mock, coverage, configparser
  Running setup.py bdist_wheel for mock: started
  Running setup.py bdist_wheel for mock: finished with status 'done'
  Stored in directory: /root/.cache/pip/wheels/7e/72/92/744b532c779242b57aab4bcba80c312b30c069bbd60025e7e6
  Running setup.py bdist_wheel for coverage: started
  Running setup.py bdist_wheel for coverage: finished with status 'done'
  Stored in directory: /root/.cache/pip/wheels/68/58/66/f1fc9afad272df0df0fa38cdef34ee2d5d8d6a85f4eb5acab5
  Running setup.py bdist_wheel for configparser: started
  Running setup.py bdist_wheel for configparser: finished with status 'done'
  Stored in directory: /root/.cache/pip/wheels/a3/61/79/424ef897a2f3b14684a7de5d89e8600b460b89663e6ce9d17c
Successfully built mock coverage configparser
Installing collected packages: mock, py, pytest, coverage, pytest-cov, pyflakes, enum34, configparser, mccabe, pycodestyle, flake8
  Found existing installation: mock 2.0.0
    Not uninstalling mock at /usr/lib/python2.7/dist-packages, outside environment /usr
Successfully installed configparser-3.5.0 coverage-3.7.1 enum34-1.1.6 flake8-3.4.1 mccabe-0.6.1 mock-1.0.1 py-1.7.0 pycodestyle-2.3.1 pyflakes-1.5.0 pytest-2.9.1 pytest-cov-2.1.0
Removing intermediate container 8954dcaa4ad9
 ---> cb586cb55511
Step 87/93 : ENV PATH=/usr/local/cli:$PATH
 ---> Running in 1703d29e8746
Removing intermediate container 1703d29e8746
 ---> 6b8afe6c8ecc
Step 88/93 : ENV DOCKER_BUILDTAGS apparmor seccomp selinux
 ---> Running in 31300ea30b8b
Removing intermediate container 31300ea30b8b
 ---> bdee15783afb
Step 89/93 : ENV GOMETALINTER_OPTS="--deadline=2m"
 ---> Running in 4f4ef32695b7
Removing intermediate container 4f4ef32695b7
 ---> 840b5ee30466
Step 90/93 : WORKDIR /go/src/github.com/docker/docker
 ---> Running in 0dd137f720b9
Removing intermediate container 0dd137f720b9
 ---> c9ce32c6ad3e
Step 91/93 : VOLUME /var/lib/docker
 ---> Running in c1e074469e86
Removing intermediate container c1e074469e86
 ---> 8939ef00f532
Step 92/93 : ENTRYPOINT ["hack/dind"]
 ---> Running in 75d662724c96
Removing intermediate container 75d662724c96
 ---> e1ed2ccb6423
Step 93/93 : COPY . /go/src/github.com/docker/docker
 ---> f9e16cca5972
Successfully built f9e16cca5972
Successfully tagged docker:43b15e9
Congratulations!  All commits are properly signed with the DCO!
Congratulations!  "./pkg/..." is safely isolated from internal code.
No api/types/ or api/swagger.yaml changes in diff.
Congratulations!  No testing.T found.
Congratulations!  All toml source files changed here have valid syntax.
Congratulations!  Changelog CHANGELOG.md is well-formed.
Congratulations!  Changelog CHANGELOG.md dates are in descending order.
Congratulations!  No new tests added to integration-cli.
?   	github.com/docker/docker/api	[no test files]
ok  	github.com/docker/docker/api/server	0.004s	coverage: 7.9% of statements
?   	github.com/docker/docker/api/server/backend/build	[no test files]
ok  	github.com/docker/docker/api/server/httputils	0.004s	coverage: 11.1% of statements
ok  	github.com/docker/docker/api/server/middleware	0.004s	coverage: 43.4% of statements
?   	github.com/docker/docker/api/server/router	[no test files]
?   	github.com/docker/docker/api/server/router/build	[no test files]
?   	github.com/docker/docker/api/server/router/checkpoint	[no test files]
?   	github.com/docker/docker/api/server/router/container	[no test files]
?   	github.com/docker/docker/api/server/router/debug	[no test files]
?   	github.com/docker/docker/api/server/router/distribution	[no test files]
?   	github.com/docker/docker/api/server/router/image	[no test files]
?   	github.com/docker/docker/api/server/router/network	[no test files]
?   	github.com/docker/docker/api/server/router/plugin	[no test files]
?   	github.com/docker/docker/api/server/router/session	[no test files]
?   	github.com/docker/docker/api/server/router/swarm	[no test files]
?   	github.com/docker/docker/api/server/router/system	[no test files]
?   	github.com/docker/docker/api/server/router/volume	[no test files]
?   	github.com/docker/docker/api/types	[no test files]
?   	github.com/docker/docker/api/types/backend	[no test files]
?   	github.com/docker/docker/api/types/blkiodev	[no test files]
?   	github.com/docker/docker/api/types/container	[no test files]
?   	github.com/docker/docker/api/types/events	[no test files]
ok  	github.com/docker/docker/api/types/filters	0.003s	coverage: 94.2% of statements
?   	github.com/docker/docker/api/types/image	[no test files]
?   	github.com/docker/docker/api/types/mount	[no test files]
?   	github.com/docker/docker/api/types/network	[no test files]
?   	github.com/docker/docker/api/types/plugins/logdriver	[no test files]
?   	github.com/docker/docker/api/types/registry	[no test files]
ok  	github.com/docker/docker/api/types/strslice	0.002s	coverage: 90.0% of statements
?   	github.com/docker/docker/api/types/swarm	[no test files]
?   	github.com/docker/docker/api/types/swarm/runtime	[no test files]
ok  	github.com/docker/docker/api/types/time	0.005s	coverage: 100.0% of statements
ok  	github.com/docker/docker/api/types/versions	0.002s	coverage: 75.0% of statements
?   	github.com/docker/docker/api/types/versions/v1p19	[no test files]
?   	github.com/docker/docker/api/types/versions/v1p20	[no test files]
?   	github.com/docker/docker/api/types/volume	[no test files]
?   	github.com/docker/docker/builder	[no test files]
?   	github.com/docker/docker/builder/builder-next	[no test files]
?   	github.com/docker/docker/builder/builder-next/adapters/containerimage	[no test files]
?   	github.com/docker/docker/builder/builder-next/adapters/snapshot	[no test files]
?   	github.com/docker/docker/builder/builder-next/exporter	[no test files]
?   	github.com/docker/docker/builder/builder-next/imagerefchecker	[no test files]
?   	github.com/docker/docker/builder/builder-next/worker	[no test files]
ok  	github.com/docker/docker/builder/dockerfile	0.412s	coverage: 45.4% of statements
ok  	github.com/docker/docker/builder/dockerignore	0.002s	coverage: 96.8% of statements
ok  	github.com/docker/docker/builder/fscache	0.112s	coverage: 69.5% of statements
ok  	github.com/docker/docker/builder/remotecontext	0.177s	coverage: 13.7% of statements
ok  	github.com/docker/docker/builder/remotecontext/git	0.650s	coverage: 78.8% of statements
?   	github.com/docker/docker/cli	[no test files]
?   	github.com/docker/docker/cli/config	[no test files]
ok  	github.com/docker/docker/cli/debug	0.002s	coverage: 100.0% of statements
ok  	github.com/docker/docker/client	0.251s	coverage: 75.6% of statements
ok  	github.com/docker/docker/cmd/dockerd	0.045s	coverage: 31.4% of statements
ok  	github.com/docker/docker/cmd/dockerd/hack	0.002s	coverage: 72.9% of statements
ok  	github.com/docker/docker/container	0.114s	coverage: 35.6% of statements
?   	github.com/docker/docker/container/stream	[no test files]
?   	github.com/docker/docker/contrib/apparmor	[no test files]
?   	github.com/docker/docker/contrib/docker-device-tool	[no test files]
?   	github.com/docker/docker/contrib/httpserver	[no test files]
ok  	github.com/docker/docker/daemon	12.126s	coverage: 17.1% of statements
ok  	github.com/docker/docker/daemon/cluster	0.033s	coverage: 0.5% of statements
ok  	github.com/docker/docker/daemon/cluster/controllers/plugin	0.009s	coverage: 65.3% of statements
ok  	github.com/docker/docker/daemon/cluster/convert	0.006s	coverage: 28.0% of statements
?   	github.com/docker/docker/daemon/cluster/executor	[no test files]
ok  	github.com/docker/docker/daemon/cluster/executor/container	3.436s	coverage: 12.6% of statements
?   	github.com/docker/docker/daemon/cluster/provider	[no test files]
ok  	github.com/docker/docker/daemon/config	0.032s	coverage: 84.8% of statements
ok  	github.com/docker/docker/daemon/discovery	0.004s	coverage: 30.4% of statements
ok  	github.com/docker/docker/daemon/events	0.057s	coverage: 50.0% of statements
?   	github.com/docker/docker/daemon/events/testutils	[no test files]
?   	github.com/docker/docker/daemon/exec	[no test files]
ok  	github.com/docker/docker/daemon/graphdriver	0.004s	coverage: 2.2% of statements
ok  	github.com/docker/docker/daemon/graphdriver/aufs	5.082s	coverage: 73.6% of statements
ok  	github.com/docker/docker/daemon/graphdriver/btrfs	0.005s	coverage: 2.9% of statements
ok  	github.com/docker/docker/daemon/graphdriver/copy	0.181s	coverage: 57.0% of statements
ok  	github.com/docker/docker/daemon/graphdriver/devmapper	2.427s	coverage: 46.1% of statements
?   	github.com/docker/docker/daemon/graphdriver/graphtest	[no test files]
ok  	github.com/docker/docker/daemon/graphdriver/overlay	0.735s	coverage: 50.8% of statements
ok  	github.com/docker/docker/daemon/graphdriver/overlay2	2.176s	coverage: 56.8% of statements
?   	github.com/docker/docker/daemon/graphdriver/overlayutils	[no test files]
ok  	github.com/docker/docker/daemon/graphdriver/quota	0.287s	coverage: 75.2% of statements
?   	github.com/docker/docker/daemon/graphdriver/register	[no test files]
ok  	github.com/docker/docker/daemon/graphdriver/vfs	0.006s	coverage: 70.5% of statements
ok  	github.com/docker/docker/daemon/graphdriver/zfs	0.005s	coverage: 3.0% of statements
ok  	github.com/docker/docker/daemon/images	0.011s	coverage: 4.9% of statements
?   	github.com/docker/docker/daemon/initlayer	[no test files]
ok  	github.com/docker/docker/daemon/links	0.003s	coverage: 93.0% of statements
?   	github.com/docker/docker/daemon/listeners	[no test files]
ok  	github.com/docker/docker/daemon/logger	0.215s	coverage: 43.7% of statements
ok  	github.com/docker/docker/daemon/logger/awslogs	0.112s	coverage: 71.7% of statements
?   	github.com/docker/docker/daemon/logger/fluentd	[no test files]
?   	github.com/docker/docker/daemon/logger/gcplogs	[no test files]
ok  	github.com/docker/docker/daemon/logger/gelf	0.006s	coverage: 68.2% of statements
ok  	github.com/docker/docker/daemon/logger/journald	0.004s	coverage: 26.2% of statements
ok  	github.com/docker/docker/daemon/logger/jsonfilelog	0.006s	coverage: 62.1% of statements
ok  	github.com/docker/docker/daemon/logger/jsonfilelog/jsonlog	0.006s	coverage: 88.3% of statements
ok  	github.com/docker/docker/daemon/logger/local	0.012s	coverage: 74.7% of statements
?   	github.com/docker/docker/daemon/logger/logentries	[no test files]
ok  	github.com/docker/docker/daemon/logger/loggerutils	0.012s	coverage: 18.6% of statements
ok  	github.com/docker/docker/daemon/logger/splunk	1.495s	coverage: 84.5% of statements
ok  	github.com/docker/docker/daemon/logger/syslog	0.004s	coverage: 22.8% of statements
ok  	github.com/docker/docker/daemon/logger/templates	0.002s	coverage: 8.3% of statements
?   	github.com/docker/docker/daemon/names	[no test files]
ok  	github.com/docker/docker/daemon/network	0.003s	coverage: 57.1% of statements
?   	github.com/docker/docker/daemon/stats	[no test files]
ok  	github.com/docker/docker/distribution	1.141s	coverage: 16.8% of statements
ok  	github.com/docker/docker/distribution/metadata	0.028s	coverage: 48.2% of statements
?   	github.com/docker/docker/distribution/utils	[no test files]
ok  	github.com/docker/docker/distribution/xfer	1.431s	coverage: 83.9% of statements
?   	github.com/docker/docker/dockerversion	[no test files]
ok  	github.com/docker/docker/errdefs	0.002s	coverage: 76.6% of statements
ok  	github.com/docker/docker/image	0.018s	coverage: 86.3% of statements
ok  	github.com/docker/docker/image/cache	0.006s	coverage: 19.2% of statements
?   	github.com/docker/docker/image/tarexport	[no test files]
ok  	github.com/docker/docker/image/v1	0.006s	coverage: 25.0% of statements
ok  	github.com/docker/docker/internal/procfs	0.003s	coverage: 78.4% of statements
?   	github.com/docker/docker/internal/test	[no test files]
?   	github.com/docker/docker/internal/test/daemon	[no test files]
?   	github.com/docker/docker/internal/test/environment	[no test files]
?   	github.com/docker/docker/internal/test/fakecontext	[no test files]
?   	github.com/docker/docker/internal/test/fakegit	[no test files]
?   	github.com/docker/docker/internal/test/fakestorage	[no test files]
?   	github.com/docker/docker/internal/test/fixtures/load	[no test files]
?   	github.com/docker/docker/internal/test/fixtures/plugin	[no test files]
?   	github.com/docker/docker/internal/test/fixtures/plugin/basic	[no test files]
?   	github.com/docker/docker/internal/test/registry	[no test files]
?   	github.com/docker/docker/internal/test/request	[no test files]
ok  	github.com/docker/docker/internal/testutil	0.002s	coverage: 62.5% of statements
ok  	github.com/docker/docker/layer	7.461s	coverage: 71.4% of statements
ok  	github.com/docker/docker/libcontainerd	0.028s	coverage: 3.4% of statements
?   	github.com/docker/docker/libcontainerd/supervisor	[no test files]
?   	github.com/docker/docker/oci	[no test files]
?   	github.com/docker/docker/oci/caps	[no test files]
ok  	github.com/docker/docker/opts	0.017s	coverage: 68.4% of statements
ok  	github.com/docker/docker/pkg/aaparser	0.002s	coverage: 50.0% of statements
ok  	github.com/docker/docker/pkg/archive	0.317s	coverage: 81.9% of statements
ok  	github.com/docker/docker/pkg/authorization	0.390s	coverage: 66.7% of statements
ok  	github.com/docker/docker/pkg/broadcaster	0.002s	coverage: 100.0% of statements
ok  	github.com/docker/docker/pkg/chrootarchive	2.826s	coverage: 37.0% of statements
?   	github.com/docker/docker/pkg/containerfs	[no test files]
?   	github.com/docker/docker/pkg/devicemapper	[no test files]
ok  	github.com/docker/docker/pkg/directory	0.003s	coverage: 80.0% of statements
ok  	github.com/docker/docker/pkg/discovery	0.004s	coverage: 58.3% of statements
ok  	github.com/docker/docker/pkg/discovery/file	0.004s	coverage: 97.6% of statements
ok  	github.com/docker/docker/pkg/discovery/kv	3.064s	coverage: 84.1% of statements
ok  	github.com/docker/docker/pkg/discovery/memory	0.003s	coverage: 92.3% of statements
ok  	github.com/docker/docker/pkg/discovery/nodes	0.003s	coverage: 93.8% of statements
ok  	github.com/docker/docker/pkg/dmesg	0.003s	coverage: 83.3% of statements
ok  	github.com/docker/docker/pkg/filenotify	0.603s	coverage: 66.3% of statements
ok  	github.com/docker/docker/pkg/fileutils	0.006s	coverage: 89.5% of statements
ok  	github.com/docker/docker/pkg/fsutils	0.151s	coverage: 85.1% of statements
ok  	github.com/docker/docker/pkg/homedir	0.003s	coverage: 41.7% of statements
ok  	github.com/docker/docker/pkg/idtools	0.350s	coverage: 70.2% of statements
ok  	github.com/docker/docker/pkg/ioutils	0.387s	coverage: 69.1% of statements
ok  	github.com/docker/docker/pkg/jsonmessage	0.005s	coverage: 88.3% of statements
ok  	github.com/docker/docker/pkg/locker	0.013s	coverage: 88.9% of statements
ok  	github.com/docker/docker/pkg/longpath	0.002s	coverage: 100.0% of statements
?   	github.com/docker/docker/pkg/loopback	[no test files]
ok  	github.com/docker/docker/pkg/mount	0.470s	coverage: 68.6% of statements
ok  	github.com/docker/docker/pkg/namesgenerator	0.002s	coverage: 85.7% of statements
?   	github.com/docker/docker/pkg/namesgenerator/cmd/names-generator	[no test files]
ok  	github.com/docker/docker/pkg/parsers	0.002s	coverage: 97.0% of statements
ok  	github.com/docker/docker/pkg/parsers/kernel	0.002s	coverage: 60.0% of statements
ok  	github.com/docker/docker/pkg/parsers/operatingsystem	0.002s	coverage: 90.0% of statements
ok  	github.com/docker/docker/pkg/pidfile	0.003s	coverage: 82.4% of statements
?   	github.com/docker/docker/pkg/platform	[no test files]
?   	github.com/docker/docker/pkg/plugingetter	[no test files]
ok  	github.com/docker/docker/pkg/plugins	33.617s	coverage: 76.8% of statements
ok  	github.com/docker/docker/pkg/plugins/pluginrpc-gen	0.008s	coverage: 56.8% of statements
?   	github.com/docker/docker/pkg/plugins/pluginrpc-gen/fixtures	[no test files]
?   	github.com/docker/docker/pkg/plugins/pluginrpc-gen/fixtures/otherfixture	[no test files]
ok  	github.com/docker/docker/pkg/plugins/transport	0.003s	coverage: 85.7% of statements
ok  	github.com/docker/docker/pkg/pools	0.002s	coverage: 87.9% of statements
ok  	github.com/docker/docker/pkg/progress	0.002s	coverage: 75.9% of statements
ok  	github.com/docker/docker/pkg/pubsub	1.038s	coverage: 72.7% of statements
ok  	github.com/docker/docker/pkg/reexec	0.009s	coverage: 82.4% of statements
ok  	github.com/docker/docker/pkg/signal	2.388s	coverage: 61.0% of statements
?   	github.com/docker/docker/pkg/signal/testfiles	[no test files]
ok  	github.com/docker/docker/pkg/stdcopy	0.003s	coverage: 100.0% of statements
ok  	github.com/docker/docker/pkg/streamformatter	0.003s	coverage: 66.2% of statements
ok  	github.com/docker/docker/pkg/stringid	0.003s	coverage: 76.0% of statements
ok  	github.com/docker/docker/pkg/symlink	0.006s	coverage: 87.7% of statements
ok  	github.com/docker/docker/pkg/sysinfo	0.004s	coverage: 75.8% of statements
ok  	github.com/docker/docker/pkg/system	0.020s	coverage: 36.1% of statements
ok  	github.com/docker/docker/pkg/tailfile	0.017s	coverage: 88.6% of statements
ok  	github.com/docker/docker/pkg/tarsum	0.053s	coverage: 89.3% of statements
ok  	github.com/docker/docker/pkg/term	0.003s	coverage: 85.9% of statements
ok  	github.com/docker/docker/pkg/term/windows	0.002s	coverage: 0.0% of statements [no tests to run]
ok  	github.com/docker/docker/pkg/truncindex	0.103s	coverage: 91.5% of statements
ok  	github.com/docker/docker/pkg/urlutil	0.002s	coverage: 100.0% of statements
ok  	github.com/docker/docker/pkg/useragent	0.002s	coverage: 88.9% of statements
ok  	github.com/docker/docker/plugin	0.532s	coverage: 27.3% of statements
ok  	github.com/docker/docker/plugin/executor/containerd	0.008s	coverage: 33.3% of statements
ok  	github.com/docker/docker/plugin/v2	0.003s	coverage: 14.5% of statements
?   	github.com/docker/docker/profiles/apparmor	[no test files]
ok  	github.com/docker/docker/profiles/seccomp	0.005s	coverage: 79.4% of statements
ok  	github.com/docker/docker/reference	0.006s	coverage: 84.4% of statements
ok  	github.com/docker/docker/registry	0.106s	coverage: 57.0% of statements
ok  	github.com/docker/docker/registry/resumable	0.017s	coverage: 100.0% of statements
ok  	github.com/docker/docker/restartmanager	0.002s	coverage: 47.1% of statements
ok  	github.com/docker/docker/runconfig	0.009s	coverage: 68.2% of statements
?   	github.com/docker/docker/runconfig/opts	[no test files]
?   	github.com/docker/docker/volume	[no test files]
ok  	github.com/docker/docker/volume/drivers	0.005s	coverage: 36.1% of statements
ok  	github.com/docker/docker/volume/local	0.014s	coverage: 73.0% of statements
ok  	github.com/docker/docker/volume/mounts	0.025s	coverage: 66.8% of statements
ok  	github.com/docker/docker/volume/service	0.016s	coverage: 73.0% of statements
?   	github.com/docker/docker/volume/service/opts	[no test files]
?   	github.com/docker/docker/volume/testutils	[no test files]

  _____          _
 / ____|        | |
| |     ___   __| | ___  ___ _____   __
| |    / _ \ / _` |/ _ \/ __/ _ \ \ / /
| |___| (_) | (_| |  __/ (_| (_) \ V /
 \_____\___/ \__,_|\___|\___\___/ \_/
                              Bash-0b37652


x> No CI provider detected.
    Testing inside Docker? http://docs.codecov.io/docs/testing-with-docker
    Testing with Tox? https://docs.codecov.io/docs/python#section-testing-with-tox
    project root: .
--> token set from env
    Yaml found at: codecov.yml
    -> Found 1 reports
==> Detecting git/mercurial file structure
==> Reading reports
    + coverage.txt bytes=1662574
==> Appending adjustments
    http://docs.codecov.io/docs/fixing-reports
    + Found adjustments
==> Gzipping contents
==> Uploading reports
    url: https://codecov.io
    query: branch=&commit=43b15e924ffb7790ae087feac7618308a9e4b75e&build=&build_url=&name=&tag=&slug=moby%2Fmoby&service=&flags=&pr=&job=
    -> Pinging Codecov
    -> Uploading
    -> View reports at https://codecov.io/github/moby/moby/commit/43b15e924ffb7790ae087feac7618308a9e4b75e

Removing bundles/

---> Making bundle: binary-daemon (in bundles/binary-daemon)
Building: bundles/binary-daemon/dockerd-dev
Created binary: bundles/binary-daemon/dockerd-dev
Copying nested executables into bundles/binary-daemon

---> Making bundle: dynbinary (in bundles/dynbinary)
Building: bundles/dynbinary-daemon/dockerd-dev
Created binary: bundles/dynbinary-daemon/dockerd-dev

---> Making bundle: test-docker-py (in bundles/test-docker-py)
---> Making bundle: .integration-daemon-start (in bundles/test-docker-py)
Using test binary docker
/etc/init.d/apparmor: 130: /etc/init.d/apparmor: systemd-detect-virt: not found
Starting AppArmor profiles:Warning from stdin (line 1): /sbin/apparmor_parser: cannot use or update cache, disable, or force-complain via stdin
Warning failed to create cache: (null)
.
INFO: Waiting for daemon to start...
Starting dockerd
.
============================= test session starts ==============================
platform linux2 -- Python 2.7.13, pytest-2.9.1, py-1.7.0, pluggy-0.3.1
rootdir: /docker-py, inifile: pytest.ini
plugins: cov-2.1.0
collected 338 items

../../../../../docker-py/tests/integration/api_build_test.py ....s..s........
../../../../../docker-py/tests/integration/api_client_test.py .......
../../../../../docker-py/tests/integration/api_config_test.py .....
../../../../../docker-py/tests/integration/api_container_test.py ....x....x.......x............................................................
../../../../../docker-py/tests/integration/api_exec_test.py .............
../../../../../docker-py/tests/integration/api_healthcheck_test.py ....
../../../../../docker-py/tests/integration/api_image_test.py ...s........s....
../../../../../docker-py/tests/integration/api_network_test.py ...........................
../../../../../docker-py/tests/integration/api_plugin_test.py ...........
../../../../../docker-py/tests/integration/api_secret_test.py .....
../../../../../docker-py/tests/integration/api_service_test.py ......................................................
../../../../../docker-py/tests/integration/api_swarm_test.py ..s...x......
../../../../../docker-py/tests/integration/api_volume_test.py .........
../../../../../docker-py/tests/integration/client_test.py ....
../../../../../docker-py/tests/integration/errors_test.py .
../../../../../docker-py/tests/integration/models_containers_test.py ..............................
../../../../../docker-py/tests/integration/models_images_test.py .............
../../../../../docker-py/tests/integration/models_networks_test.py ....
../../../../../docker-py/tests/integration/models_nodes_test.py .
../../../../../docker-py/tests/integration/models_resources_test.py .
../../../../../docker-py/tests/integration/models_services_test.py ..............X.
../../../../../docker-py/tests/integration/models_swarm_test.py .
../../../../../docker-py/tests/integration/models_volumes_test.py ..
../../../../../docker-py/tests/integration/regression_test.py ......

 generated xml file: /go/src/github.com/docker/docker/bundles/test-docker-py/results.xml 
=========================== short test summary info ============================
XFAIL ../../../../../docker-py/tests/integration/api_container_test.py::CreateContainerTest::test_create_with_cpu_rt_options
  CONFIG_RT_GROUP_SCHED isn't enabled
XFAIL ../../../../../docker-py/tests/integration/api_container_test.py::CreateContainerTest::test_create_with_init_path
  init-path removed in 17.05.0
XFAIL ../../../../../docker-py/tests/integration/api_container_test.py::CreateContainerTest::test_create_with_storage_opt
  Not supported on most drivers
XFAIL ../../../../../docker-py/tests/integration/api_swarm_test.py::SwarmTest::test_init_swarm_with_log_driver
  This doesn't seem to be taken into account by the engine
SKIP [1] tests/integration/api_image_test.py:289: Doesn't work inside a container - FIXME
SKIP [1] /docker-py/tests/integration/api_swarm_test.py:31: Test stalls the engine on 1.12.0
SKIP [3] /docker-py/tests/helpers.py:69: Feature requires Docker Engine experimental mode
======== 328 passed, 5 skipped, 4 xfailed, 1 xpassed in 353.48 seconds =========
---> Making bundle: .integration-daemon-stop (in bundles/test-docker-py)
Clearing AppArmor profiles cache:.
All profile caches have been cleared, but no profiles have been unloaded.
Unloading profiles will leave already running processes permanently
unconfined, which can lead to unexpected situations.

To set a process to complain mode, use the command line tool
'aa-complain'. To really tear down all profiles, run the init script
with the 'teardown' option."

---> Making bundle: test-integration (in bundles/test-integration)
Building test suite binary ./integration-cli/test.main
Building test suite binary ./integration/plugin/test.main
Building test suite binary ./integration/plugin/authz/test.main
Building test suite binary ./integration/plugin/logging/test.main
Building test suite binary ./integration/plugin/logging/cmd/test.main
Building test suite binary ./integration/plugin/logging/cmd/close_on_start/test.main
Building test suite binary ./integration/plugin/logging/cmd/dummy/test.main
Building test suite binary ./integration/plugin/common/test.main
Building test suite binary ./integration/plugin/volumes/test.main
Building test suite binary ./integration/plugin/volumes/cmd/test.main
Building test suite binary ./integration/plugin/volumes/cmd/dummy/test.main
Building test suite binary ./integration/plugin/graphdriver/test.main
Building test suite binary ./integration/config/test.main
Building test suite binary ./integration/service/test.main
Building test suite binary ./integration/network/test.main
Building test suite binary ./integration/network/ipvlan/test.main
Building test suite binary ./integration/network/macvlan/test.main
Building test suite binary ./integration/secret/test.main
Building test suite binary ./integration/session/test.main
Building test suite binary ./integration/container/test.main
Building test suite binary ./integration/build/test.main
Building test suite binary ./integration/volume/test.main
Building test suite binary ./integration/system/test.main
Building test suite binary ./integration/image/test.main
---> Making bundle: .integration-daemon-start (in bundles/test-integration)
Using test binary docker
/etc/init.d/apparmor: 130: /etc/init.d/apparmor: systemd-detect-virt: not found
Starting AppArmor profiles:Warning from stdin (line 1): /sbin/apparmor_parser: cannot use or update cache, disable, or force-complain via stdin
Warning failed to create cache: (null)
.
INFO: Waiting for daemon to start...
Starting dockerd
.
---> Making bundle: .integration-daemon-setup (in bundles/test-integration)
---> Making bundle: .ensure-emptyfs (in bundles/test-integration)
Error: No such image: emptyfs
Running integration-test (iteration 1)
Running /go/src/github.com/docker/docker/integration/plugin
testing: warning: no tests to run
PASS
Running /go/src/github.com/docker/docker/integration/plugin/authz
Loaded image: buildpack-deps:jessie
The image busybox:latest already exists, renaming the old one with ID sha256:59788edf1f3e78cd0ebe6ce1446e9d10788225db3dedcfd1a59f764bad2b2690 to empty string
Loaded image: busybox:latest
Loaded image: busybox:glibc
Loaded image: debian:jessie
The image hello-world:latest already exists, renaming the old one with ID sha256:4ab4c602aa5eed5528a6620ff18a1dc4faef0e1ab3a5eddeddb410714478c67f to empty string
Loaded image: hello-world:latest
INFO: Testing against a local daemon
=== RUN   TestAuthZPluginAllowRequest
--- PASS: TestAuthZPluginAllowRequest (7.24s)
    daemon.go:296: [df888962a79f9] waiting for daemon to start
    daemon.go:328: [df888962a79f9] daemon started
    daemon.go:283: [df888962a79f9] exiting daemon
=== RUN   TestAuthZPluginTLS
--- PASS: TestAuthZPluginTLS (2.06s)
    daemon.go:296: [d76c82c1f0e17] waiting for daemon to start
    daemon.go:328: [d76c82c1f0e17] daemon started
    daemon.go:283: [d76c82c1f0e17] exiting daemon
=== RUN   TestAuthZPluginDenyRequest
--- PASS: TestAuthZPluginDenyRequest (3.42s)
    daemon.go:296: [d98e1b420d392] waiting for daemon to start
    daemon.go:328: [d98e1b420d392] daemon started
    daemon.go:283: [d98e1b420d392] exiting daemon
=== RUN   TestAuthZPluginAPIDenyResponse
--- PASS: TestAuthZPluginAPIDenyResponse (0.53s)
    daemon.go:296: [dcb5893b0d2d6] waiting for daemon to start
    daemon.go:328: [dcb5893b0d2d6] daemon started
    daemon.go:283: [dcb5893b0d2d6] exiting daemon
=== RUN   TestAuthZPluginDenyResponse
--- PASS: TestAuthZPluginDenyResponse (0.53s)
    daemon.go:296: [dd0715734fe04] waiting for daemon to start
    daemon.go:328: [dd0715734fe04] daemon started
    daemon.go:283: [dd0715734fe04] exiting daemon
=== RUN   TestAuthZPluginAllowEventStream
--- PASS: TestAuthZPluginAllowEventStream (1.26s)
    daemon.go:296: [dddfcae830b46] waiting for daemon to start
    daemon.go:328: [dddfcae830b46] daemon started
    daemon.go:283: [dddfcae830b46] exiting daemon
=== RUN   TestAuthZPluginErrorResponse
--- PASS: TestAuthZPluginErrorResponse (0.53s)
    daemon.go:296: [d355d75aee2a6] waiting for daemon to start
    daemon.go:328: [d355d75aee2a6] daemon started
    daemon.go:283: [d355d75aee2a6] exiting daemon
=== RUN   TestAuthZPluginErrorRequest
--- PASS: TestAuthZPluginErrorRequest (0.53s)
    daemon.go:296: [d84d0b29c1346] waiting for daemon to start
    daemon.go:328: [d84d0b29c1346] daemon started
    daemon.go:283: [d84d0b29c1346] exiting daemon
=== RUN   TestAuthZPluginEnsureNoDuplicatePluginRegistration
--- PASS: TestAuthZPluginEnsureNoDuplicatePluginRegistration (0.53s)
    daemon.go:296: [db62dfaa59667] waiting for daemon to start
    daemon.go:328: [db62dfaa59667] daemon started
    daemon.go:283: [db62dfaa59667] exiting daemon
=== RUN   TestAuthZPluginEnsureLoadImportWorking
--- PASS: TestAuthZPluginEnsureLoadImportWorking (1.46s)
    daemon.go:296: [d7d4144e1b2bd] waiting for daemon to start
    daemon.go:328: [d7d4144e1b2bd] daemon started
    daemon.go:283: [d7d4144e1b2bd] exiting daemon
=== RUN   TestAuthzPluginEnsureContainerCopyToFrom
--- PASS: TestAuthzPluginEnsureContainerCopyToFrom (1.53s)
    daemon.go:296: [dc6078990e930] waiting for daemon to start
    daemon.go:328: [dc6078990e930] daemon started
    daemon.go:283: [dc6078990e930] exiting daemon
=== RUN   TestAuthZPluginHeader
--- PASS: TestAuthZPluginHeader (0.73s)
    daemon.go:296: [d80ff96edac3d] waiting for daemon to start
    daemon.go:328: [d80ff96edac3d] daemon started
    daemon.go:283: [d80ff96edac3d] exiting daemon
=== RUN   TestAuthZPluginV2AllowNonVolumeRequest
--- PASS: TestAuthZPluginV2AllowNonVolumeRequest (6.50s)
    daemon.go:296: [d092840d3d3b5] waiting for daemon to start
    daemon.go:328: [d092840d3d3b5] daemon started
    daemon.go:283: [d092840d3d3b5] exiting daemon
    daemon.go:296: [d092840d3d3b5] waiting for daemon to start
    daemon.go:328: [d092840d3d3b5] daemon started
    daemon.go:283: [d092840d3d3b5] exiting daemon
=== RUN   TestAuthZPluginV2Disable
--- PASS: TestAuthZPluginV2Disable (5.99s)
    daemon.go:296: [df0e57532032e] waiting for daemon to start
    daemon.go:328: [df0e57532032e] daemon started
    daemon.go:283: [df0e57532032e] exiting daemon
    daemon.go:296: [df0e57532032e] waiting for daemon to start
    daemon.go:328: [df0e57532032e] daemon started
    daemon.go:283: [df0e57532032e] exiting daemon
=== RUN   TestAuthZPluginV2RejectVolumeRequests
--- PASS: TestAuthZPluginV2RejectVolumeRequests (5.72s)
    daemon.go:296: [d93e1b76271ab] waiting for daemon to start
    daemon.go:328: [d93e1b76271ab] daemon started
    daemon.go:283: [d93e1b76271ab] exiting daemon
    daemon.go:296: [d93e1b76271ab] waiting for daemon to start
    daemon.go:328: [d93e1b76271ab] daemon started
    daemon.go:283: [d93e1b76271ab] exiting daemon
=== RUN   TestAuthZPluginV2BadManifestFailsDaemonStart
--- PASS: TestAuthZPluginV2BadManifestFailsDaemonStart (14.08s)
    daemon.go:296: [d42111bdc0175] waiting for daemon to start
    daemon.go:328: [d42111bdc0175] daemon started
    daemon.go:283: [d42111bdc0175] exiting daemon
    daemon.go:296: [d42111bdc0175] waiting for daemon to start
    daemon.go:296: [d42111bdc0175] waiting for daemon to start
    daemon.go:296: [d42111bdc0175] waiting for daemon to start
    daemon.go:283: [d42111bdc0175] exiting daemon
    daemon.go:328: [d42111bdc0175] daemon started
    daemon.go:283: [d42111bdc0175] exiting daemon
=== RUN   TestAuthZPluginV2NonexistentFailsDaemonStart
--- PASS: TestAuthZPluginV2NonexistentFailsDaemonStart (16.50s)
    daemon.go:296: [dac093eda813d] waiting for daemon to start
    daemon.go:328: [dac093eda813d] daemon started
    daemon.go:283: [dac093eda813d] exiting daemon
    daemon.go:296: [dac093eda813d] waiting for daemon to start
    daemon.go:296: [dac093eda813d] waiting for daemon to start
    daemon.go:296: [dac093eda813d] waiting for daemon to start
    daemon.go:328: [dac093eda813d] daemon started
    daemon.go:283: [dac093eda813d] exiting daemon
PASS
Running /go/src/github.com/docker/docker/integration/plugin/logging
INFO: Testing against a local daemon
=== RUN   TestContinueAfterPluginCrash
=== PAUSE TestContinueAfterPluginCrash
=== RUN   TestDaemonStartWithLogOpt
=== PAUSE TestDaemonStartWithLogOpt
=== CONT  TestContinueAfterPluginCrash
=== CONT  TestDaemonStartWithLogOpt
--- PASS: TestDaemonStartWithLogOpt (12.54s)
    daemon.go:296: [d5c50becc874f] waiting for daemon to start
    daemon.go:328: [d5c50becc874f] daemon started
    daemon.go:283: [d5c50becc874f] exiting daemon
    daemon.go:296: [d5c50becc874f] waiting for daemon to start
    daemon.go:328: [d5c50becc874f] daemon started
    daemon.go:283: [d5c50becc874f] exiting daemon
--- PASS: TestContinueAfterPluginCrash (19.42s)
    daemon.go:296: [da784b999352d] waiting for daemon to start
    daemon.go:328: [da784b999352d] daemon started
    daemon.go:283: [da784b999352d] exiting daemon
PASS
Running /go/src/github.com/docker/docker/integration/plugin/logging/cmd
testing: warning: no tests to run
PASS
Running /go/src/github.com/docker/docker/integration/plugin/logging/cmd/close_on_start
testing: warning: no tests to run
PASS
Running /go/src/github.com/docker/docker/integration/plugin/logging/cmd/dummy
testing: warning: no tests to run
PASS
Running /go/src/github.com/docker/docker/integration/plugin/common
INFO: Testing against a local daemon
=== RUN   TestPluginInvalidJSON
=== RUN   TestPluginInvalidJSON//plugins/foobar/set
=== PAUSE TestPluginInvalidJSON//plugins/foobar/set
=== CONT  TestPluginInvalidJSON//plugins/foobar/set
--- PASS: TestPluginInvalidJSON (0.02s)
    --- PASS: TestPluginInvalidJSON//plugins/foobar/set (0.00s)
PASS
Running /go/src/github.com/docker/docker/integration/plugin/volumes
INFO: Testing against a local daemon
=== RUN   TestPluginWithDevMounts
=== PAUSE TestPluginWithDevMounts
=== CONT  TestPluginWithDevMounts
--- PASS: TestPluginWithDevMounts (1.77s)
    daemon.go:296: [d685c09cb74a1] waiting for daemon to start
    daemon.go:328: [d685c09cb74a1] daemon started
    daemon.go:283: [d685c09cb74a1] exiting daemon
PASS
Running /go/src/github.com/docker/docker/integration/plugin/volumes/cmd
testing: warning: no tests to run
PASS
Running /go/src/github.com/docker/docker/integration/plugin/volumes/cmd/dummy
testing: warning: no tests to run
PASS
Running /go/src/github.com/docker/docker/integration/plugin/graphdriver
INFO: Testing against a local daemon
=== RUN   TestExternalGraphDriver
=== RUN   TestExternalGraphDriver/json
=== RUN   TestExternalGraphDriver/spec
=== RUN   TestExternalGraphDriver/pull
--- PASS: TestExternalGraphDriver (6.97s)
    daemon.go:296: [d2ba61a72a768] waiting for daemon to start
    daemon.go:328: [d2ba61a72a768] daemon started
    daemon.go:283: [d2ba61a72a768] exiting daemon
    daemon.go:296: [d2ba61a72a768] waiting for daemon to start
    daemon.go:328: [d2ba61a72a768] daemon started
    daemon.go:283: [d2ba61a72a768] exiting daemon
    --- PASS: TestExternalGraphDriver/json (1.73s)
    daemon.go:296: [d2ba61a72a768] waiting for daemon to start
    daemon.go:328: [d2ba61a72a768] daemon started
    daemon.go:283: [d2ba61a72a768] exiting daemon
    daemon.go:296: [d2ba61a72a768] waiting for daemon to start
    daemon.go:328: [d2ba61a72a768] daemon started
    daemon.go:283: [d2ba61a72a768] exiting daemon
    --- PASS: TestExternalGraphDriver/spec (1.73s)
    daemon.go:296: [d2ba61a72a768] waiting for daemon to start
    daemon.go:328: [d2ba61a72a768] daemon started
    daemon.go:283: [d2ba61a72a768] exiting daemon
    --- PASS: TestExternalGraphDriver/pull (3.09s)
=== RUN   TestGraphdriverPluginV2
--- PASS: TestGraphdriverPluginV2 (6.50s)
    daemon.go:296: [d2f86d8cd5274] waiting for daemon to start
    daemon.go:328: [d2f86d8cd5274] daemon started
    daemon.go:283: [d2f86d8cd5274] exiting daemon
    daemon.go:296: [d2f86d8cd5274] waiting for daemon to start
    daemon.go:328: [d2f86d8cd5274] daemon started
    daemon.go:283: [d2f86d8cd5274] exiting daemon
PASS
Running /go/src/github.com/docker/docker/integration/config
INFO: Testing against a local daemon
=== RUN   TestConfigList
--- PASS: TestConfigList (2.04s)
    daemon.go:296: [dea5bc23a6502] waiting for daemon to start
    daemon.go:328: [dea5bc23a6502] daemon started
    daemon.go:283: [dea5bc23a6502] exiting daemon
=== RUN   TestConfigsCreateAndDelete
--- PASS: TestConfigsCreateAndDelete (2.15s)
    daemon.go:296: [d8f82c0dc95bc] waiting for daemon to start
    daemon.go:328: [d8f82c0dc95bc] daemon started
    daemon.go:283: [d8f82c0dc95bc] exiting daemon
=== RUN   TestConfigsUpdate
--- PASS: TestConfigsUpdate (2.07s)
    daemon.go:296: [dcf6b85402beb] waiting for daemon to start
    daemon.go:328: [dcf6b85402beb] daemon started
    daemon.go:283: [dcf6b85402beb] exiting daemon
=== RUN   TestTemplatedConfig
--- PASS: TestTemplatedConfig (2.55s)
    daemon.go:296: [dd8b9517baff5] waiting for daemon to start
    daemon.go:328: [dd8b9517baff5] daemon started
    daemon.go:283: [dd8b9517baff5] exiting daemon
=== RUN   TestConfigInspect
--- PASS: TestConfigInspect (2.07s)
    daemon.go:296: [d67b59502e700] waiting for daemon to start
    daemon.go:328: [d67b59502e700] daemon started
    daemon.go:283: [d67b59502e700] exiting daemon
=== RUN   TestConfigCreateWithLabels
--- PASS: TestConfigCreateWithLabels (2.17s)
    daemon.go:296: [d10f52423a8e6] waiting for daemon to start
    daemon.go:328: [d10f52423a8e6] daemon started
    daemon.go:283: [d10f52423a8e6] exiting daemon
=== RUN   TestConfigCreateResolve
--- PASS: TestConfigCreateResolve (2.05s)
    daemon.go:296: [d93f5d48421a1] waiting for daemon to start
    daemon.go:328: [d93f5d48421a1] daemon started
    daemon.go:283: [d93f5d48421a1] exiting daemon
PASS
Running /go/src/github.com/docker/docker/integration/service
INFO: Testing against a local daemon
=== RUN   TestServiceCreateInit
=== RUN   TestServiceCreateInit/daemonInitDisabled
=== RUN   TestServiceCreateInit/daemonInitEnabled
--- PASS: TestServiceCreateInit (8.04s)
    --- PASS: TestServiceCreateInit/daemonInitDisabled (3.95s)
        daemon.go:296: [da7f400c1a936] waiting for daemon to start
        daemon.go:328: [da7f400c1a936] daemon started
        daemon.go:283: [da7f400c1a936] exiting daemon
    --- PASS: TestServiceCreateInit/daemonInitEnabled (4.07s)
        daemon.go:296: [d4844d18b21a0] waiting for daemon to start
        daemon.go:328: [d4844d18b21a0] daemon started
        daemon.go:283: [d4844d18b21a0] exiting daemon
=== RUN   TestCreateServiceMultipleTimes
--- PASS: TestCreateServiceMultipleTimes (24.85s)
    daemon.go:296: [d2fd99e40e0ba] waiting for daemon to start
    daemon.go:328: [d2fd99e40e0ba] daemon started
    daemon.go:283: [d2fd99e40e0ba] exiting daemon
=== RUN   TestCreateServiceConflict
--- PASS: TestCreateServiceConflict (2.12s)
    daemon.go:296: [d83d753f3208d] waiting for daemon to start
    daemon.go:328: [d83d753f3208d] daemon started
    daemon.go:283: [d83d753f3208d] exiting daemon
=== RUN   TestCreateWithDuplicateNetworkNames
--- PASS: TestCreateWithDuplicateNetworkNames (12.96s)
    daemon.go:296: [d9a53695a92c7] waiting for daemon to start
    daemon.go:328: [d9a53695a92c7] daemon started
    daemon.go:283: [d9a53695a92c7] exiting daemon
=== RUN   TestCreateServiceSecretFileMode
--- PASS: TestCreateServiceSecretFileMode (2.62s)
    daemon.go:296: [de3fc6e9df044] waiting for daemon to start
    daemon.go:328: [de3fc6e9df044] daemon started
    daemon.go:283: [de3fc6e9df044] exiting daemon
=== RUN   TestCreateServiceConfigFileMode
--- PASS: TestCreateServiceConfigFileMode (2.57s)
    daemon.go:296: [de11012cd21d3] waiting for daemon to start
    daemon.go:328: [de11012cd21d3] daemon started
    daemon.go:283: [de11012cd21d3] exiting daemon
=== RUN   TestCreateServiceSysctls
--- PASS: TestCreateServiceSysctls (3.27s)
    daemon.go:296: [d2eeb322e9e02] waiting for daemon to start
    daemon.go:328: [d2eeb322e9e02] daemon started
    daemon.go:283: [d2eeb322e9e02] exiting daemon
=== RUN   TestInspect
--- PASS: TestInspect (2.06s)
    daemon.go:296: [d6e09336c5457] waiting for daemon to start
    daemon.go:328: [d6e09336c5457] daemon started
    daemon.go:283: [d6e09336c5457] exiting daemon
=== RUN   TestDockerNetworkConnectAlias
--- PASS: TestDockerNetworkConnectAlias (4.10s)
    daemon.go:296: [d37e9f8aa9085] waiting for daemon to start
    daemon.go:328: [d37e9f8aa9085] daemon started
    daemon.go:283: [d37e9f8aa9085] exiting daemon
=== RUN   TestServicePlugin
--- PASS: TestServicePlugin (35.11s)
    daemon.go:296: [d496badfe23fd] waiting for daemon to start
    daemon.go:328: [d496badfe23fd] daemon started
    daemon.go:283: [d496badfe23fd] exiting daemon
    daemon.go:296: [d3fe3e08842f2] waiting for daemon to start
    daemon.go:328: [d3fe3e08842f2] daemon started
    daemon.go:296: [d33bcbb2cbdfe] waiting for daemon to start
    daemon.go:328: [d33bcbb2cbdfe] daemon started
    daemon.go:296: [d2ceaa274a6fe] waiting for daemon to start
    daemon.go:328: [d2ceaa274a6fe] daemon started
    daemon.go:283: [d2ceaa274a6fe] exiting daemon
    daemon.go:283: [d33bcbb2cbdfe] exiting daemon
    daemon.go:283: [d3fe3e08842f2] exiting daemon
PASS
Running /go/src/github.com/docker/docker/integration/network
INFO: Testing against a local daemon
=== RUN   TestNetworkCreateDelete
--- PASS: TestNetworkCreateDelete (0.11s)
=== RUN   TestDockerNetworkDeletePreferID
--- PASS: TestDockerNetworkDeletePreferID (0.27s)
=== RUN   TestInspectNetwork
--- PASS: TestInspectNetwork (25.68s)
    daemon.go:296: [d95cdf83e56ca] waiting for daemon to start
    daemon.go:328: [d95cdf83e56ca] daemon started
    daemon.go:283: [d95cdf83e56ca] exiting daemon
=== RUN   TestRunContainerWithBridgeNone
--- PASS: TestRunContainerWithBridgeNone (1.99s)
    daemon.go:296: [db16d2833c4bd] waiting for daemon to start
    daemon.go:328: [db16d2833c4bd] daemon started
    daemon.go:283: [db16d2833c4bd] exiting daemon
=== RUN   TestNetworkInvalidJSON
=== RUN   TestNetworkInvalidJSON//networks/create
=== PAUSE TestNetworkInvalidJSON//networks/create
=== RUN   TestNetworkInvalidJSON//networks/bridge/connect
=== PAUSE TestNetworkInvalidJSON//networks/bridge/connect
=== RUN   TestNetworkInvalidJSON//networks/bridge/disconnect
=== PAUSE TestNetworkInvalidJSON//networks/bridge/disconnect
=== CONT  TestNetworkInvalidJSON//networks/create
=== CONT  TestNetworkInvalidJSON//networks/bridge/disconnect
=== CONT  TestNetworkInvalidJSON//networks/bridge/connect
--- PASS: TestNetworkInvalidJSON (0.02s)
    --- PASS: TestNetworkInvalidJSON//networks/bridge/disconnect (0.00s)
    --- PASS: TestNetworkInvalidJSON//networks/create (0.00s)
    --- PASS: TestNetworkInvalidJSON//networks/bridge/connect (0.00s)
=== RUN   TestDaemonRestartWithLiveRestore
--- PASS: TestDaemonRestartWithLiveRestore (1.04s)
    daemon.go:296: [d75d3245b0a18] waiting for daemon to start
    daemon.go:328: [d75d3245b0a18] daemon started
    daemon.go:283: [d75d3245b0a18] exiting daemon
    daemon.go:296: [d75d3245b0a18] waiting for daemon to start
    daemon.go:328: [d75d3245b0a18] daemon started
    daemon.go:283: [d75d3245b0a18] exiting daemon
=== RUN   TestDaemonDefaultNetworkPools
--- PASS: TestDaemonDefaultNetworkPools (0.64s)
    daemon.go:296: [df2c366eba981] waiting for daemon to start
    daemon.go:328: [df2c366eba981] daemon started
    daemon.go:283: [df2c366eba981] exiting daemon
=== RUN   TestDaemonRestartWithExistingNetwork
--- PASS: TestDaemonRestartWithExistingNetwork (1.10s)
    daemon.go:296: [de2d09f8ad8eb] waiting for daemon to start
    daemon.go:328: [de2d09f8ad8eb] daemon started
    daemon.go:283: [de2d09f8ad8eb] exiting daemon
    daemon.go:296: [de2d09f8ad8eb] waiting for daemon to start
    daemon.go:328: [de2d09f8ad8eb] daemon started
    daemon.go:283: [de2d09f8ad8eb] exiting daemon
=== RUN   TestDaemonRestartWithExistingNetworkWithDefaultPoolRange
--- PASS: TestDaemonRestartWithExistingNetworkWithDefaultPoolRange (1.17s)
    daemon.go:296: [dd5b815e065ad] waiting for daemon to start
    daemon.go:328: [dd5b815e065ad] daemon started
    daemon.go:283: [dd5b815e065ad] exiting daemon
    daemon.go:296: [dd5b815e065ad] waiting for daemon to start
    daemon.go:328: [dd5b815e065ad] daemon started
    daemon.go:283: [dd5b815e065ad] exiting daemon
=== RUN   TestDaemonWithBipAndDefaultNetworkPool
--- PASS: TestDaemonWithBipAndDefaultNetworkPool (0.54s)
    daemon.go:296: [d699e0c4894b5] waiting for daemon to start
    daemon.go:328: [d699e0c4894b5] daemon started
    daemon.go:283: [d699e0c4894b5] exiting daemon
=== RUN   TestServiceWithPredefinedNetwork
--- PASS: TestServiceWithPredefinedNetwork (2.02s)
    daemon.go:296: [d0f825ee86e32] waiting for daemon to start
    daemon.go:328: [d0f825ee86e32] daemon started
    daemon.go:283: [d0f825ee86e32] exiting daemon
=== RUN   TestServiceRemoveKeepsIngressNetwork
--- PASS: TestServiceRemoveKeepsIngressNetwork (12.13s)
    daemon.go:296: [d761d1656dee3] waiting for daemon to start
    daemon.go:328: [d761d1656dee3] daemon started
    daemon.go:283: [d761d1656dee3] exiting daemon
=== RUN   TestServiceWithDataPathPortInit
--- PASS: TestServiceWithDataPathPortInit (4.34s)
    daemon.go:296: [d6f48ae0be6e8] waiting for daemon to start
    daemon.go:328: [d6f48ae0be6e8] daemon started
    daemon.go:283: [d6f48ae0be6e8] exiting daemon
    daemon.go:296: [df909ab284ee4] waiting for daemon to start
    daemon.go:328: [df909ab284ee4] daemon started
    daemon.go:283: [df909ab284ee4] exiting daemon
=== RUN   TestServiceWithDefaultAddressPoolInit
--- FAIL: TestServiceWithDefaultAddressPoolInit (1.42s)
    daemon.go:296: [d4928a9b04ded] waiting for daemon to start
    daemon.go:328: [d4928a9b04ded] daemon started
    service_test.go:415: TestServiceWithDefaultAddressPoolInit: NetworkInspect: {Name:saanvisthiraTestServiceWithDefaultAddressPoolInit ID:o0rykvqxzd81txfnzbyahw8ju Created:2018-12-24 13:04:20.090012903 +0000 UTC Scope:swarm Driver: EnableIPv6:false IPAM:{Driver: Options:map[] Config:[]} Internal:false Attachable:false Ingress:false ConfigFrom:{Network:} ConfigOnly:false Containers:map[] Options:map[] Labels:map[] Peers:[] Services:map[]}
    service_test.go:416: assertion failed: expression is false: len(out.IPAM.Config) > 0
FAIL
---> Making bundle: .integration-daemon-stop (in bundles/test-integration)
/go/src/github.com/docker/docker/hack/make/.integration-daemon-stop: line 10: wait: pid 10148 is not a child of this shell
warning: PID 10148 from bundles/test-integration/d4928a9b04ded/docker.pid had a nonzero exit code
Clearing AppArmor profiles cache:.
All profile caches have been cleared, but no profiles have been unloaded.
Unloading profiles will leave already running processes permanently
unconfined, which can lead to unexpected situations.

To set a process to complain mode, use the command line tool
'aa-complain'. To really tear down all profiles, run the init script
with the 'teardown' option."
Removing test suite binaries
Build step 'Execute shell' marked build as failure
Set build name.
New build name is '#38426'
[PostBuildScript] - Executing post build scripts.
[Docker-PRs] $ /bin/sh -xe /tmp/jenkins4023797754883335867.sh
+ echo Ensuring container killed.
Ensuring container killed.
+ docker rm -vf docker-pr52236
Error: No such container: docker-pr52236
+ true
+ echo Chowning /workspace to jenkins user
Chowning /workspace to jenkins user
+ id -u
+ id -g
+ docker run --rm -v /home/ubuntu/workspace/Docker-PRs:/workspace busybox chown -R 1000:1000 /workspace
Unable to find image 'busybox:latest' locally
latest: Pulling from library/busybox
90e01955edcd: Pulling fs layer
90e01955edcd: Verifying Checksum
90e01955edcd: Download complete
90e01955edcd: Pull complete
Digest: sha256:2a03a6059f21e150ae84b0973863609494aad70f0a80eaeb64bddd8d92465812
Status: Downloaded newer image for busybox:latest
[Docker-PRs] $ /bin/sh -xe /tmp/jenkins590524119642299943.sh
+ echo Creating bundles.tar.gz
Creating bundles.tar.gz
+ xargs tar -czf bundles.tar.gz
+ find bundles -name *.log -o -name *.prof -o -name integration.test
Archiving artifacts
Notifying endpoint with url 'https://leeroy.dockerproject.org/notification/jenkins'
[WS-CLEANUP] Deleting project workspace...[WS-CLEANUP] done
Finished: FAILURE
