Started by user Gordon
Notifying endpoint with url 'https://leeroy.dockerproject.org/notification/jenkins'
[EnvInject] - Loading node environment variables.
Building remotely on ppc64le-ubuntu-30 (linux ppc64le-ubuntu-1604 ppc64le) in workspace /home/docker/workspace/Docker-PRs-powerpc
Running Prebuild steps
[Docker-PRs-powerpc] $ /bin/sh -xe /tmp/jenkins6847474596603893570.sh
+ id -u
+ id -g
+ sudo chown -R 1001:1001 /home/docker/workspace/Docker-PRs-powerpc/bundles
Success build forhudson.tasks.Shell@39ff8a96
Wiping out workspace first.
Cloning the remote Git repository
Cloning repository https://github.com/moby/moby.git
 > git init /home/docker/workspace/Docker-PRs-powerpc # timeout=10
Fetching upstream changes from https://github.com/moby/moby.git
 > git --version # timeout=10
 > git fetch --tags --progress https://github.com/moby/moby.git +refs/heads/*:refs/remotes/origin/*
 > git config remote.origin.url https://github.com/moby/moby.git # timeout=10
 > git config --add remote.origin.fetch +refs/heads/*:refs/remotes/origin/* # timeout=10
 > git config remote.origin.url https://github.com/moby/moby.git # timeout=10
Fetching upstream changes from https://github.com/moby/moby.git
 > git fetch --tags --progress https://github.com/moby/moby.git +refs/heads/*:refs/remotes/origin/*
 > git rev-parse origin/master^{commit} # timeout=10
Checking out Revision b4842cfe88b39af42416429396aee10d1fe7c3d6 (origin/master)
 > git config core.sparsecheckout # timeout=10
 > git checkout -f b4842cfe88b39af42416429396aee10d1fe7c3d6
Commit message: "Merge pull request #38354 from thaJeztah/fix_ipam_swagger"
 > git rev-list --no-walk b4842cfe88b39af42416429396aee10d1fe7c3d6 # timeout=10
Set build name.
New build name is '#38526'
[Set GitHub commit status (universal)] PENDING on repos [] (sha:b4842cf) with context:Docker-PRs-powerpc
[Docker-PRs-powerpc] $ /bin/bash /tmp/jenkins8980056097655744756.sh
From https://github.com/moby/moby
 * [new ref]         refs/pull/38526/head -> origin/pr/38526
Merge made by the 'recursive' strategy.
 Dockerfile | 27 ++++++++++++---------------
 1 file changed, 12 insertions(+), 15 deletions(-)
Sending build context to Docker daemon  45.11MB
Step 1/94 : FROM golang:1.11.4 AS base
1.11.4: Pulling from library/golang
56fd7f7cdb66: Pulling fs layer
9f635fa148b3: Pulling fs layer
f8c0099cf676: Pulling fs layer
ac453cf9be46: Pulling fs layer
87753e667bd2: Pulling fs layer
fd06104180c0: Pulling fs layer
c571c0ef23fa: Pulling fs layer
87753e667bd2: Waiting
ac453cf9be46: Waiting
fd06104180c0: Waiting
c571c0ef23fa: Waiting
f8c0099cf676: Verifying Checksum
f8c0099cf676: Download complete
9f635fa148b3: Verifying Checksum
9f635fa148b3: Download complete
56fd7f7cdb66: Verifying Checksum
56fd7f7cdb66: Download complete
ac453cf9be46: Verifying Checksum
ac453cf9be46: Download complete
c571c0ef23fa: Verifying Checksum
c571c0ef23fa: Download complete
87753e667bd2: Verifying Checksum
87753e667bd2: Download complete
56fd7f7cdb66: Pull complete
9f635fa148b3: Pull complete
f8c0099cf676: Pull complete
fd06104180c0: Verifying Checksum
fd06104180c0: Download complete
ac453cf9be46: Pull complete
87753e667bd2: Pull complete
fd06104180c0: Pull complete
c571c0ef23fa: Pull complete
Digest: sha256:4f1cd313c3d59faa0ca93910f9d853bd74be7afbf6f6997aee06924415ec7dc9
Status: Downloaded newer image for golang:1.11.4
 ---> c35b367ad4c4
Step 2/94 : ARG APT_MIRROR=deb.debian.org
 ---> Running in e1ccebb3fe36
Removing intermediate container e1ccebb3fe36
 ---> 3aeb9e51ab69
Step 3/94 : RUN sed -ri "s/(httpredir|deb).debian.org/$APT_MIRROR/g" /etc/apt/sources.list
 ---> Running in bd8380dbb559
Removing intermediate container bd8380dbb559
 ---> aaba1667363e
Step 4/94 : FROM base AS criu
 ---> aaba1667363e
Step 5/94 : ENV CRIU_VERSION 3.6
 ---> Running in 4f673875701a
Removing intermediate container 4f673875701a
 ---> ef7c982506d9
Step 6/94 : RUN apt-get update && apt-get install -y 	libnet-dev 	libprotobuf-c0-dev 	libprotobuf-dev 	libnl-3-dev 	libcap-dev 	protobuf-compiler 	protobuf-c-compiler 	python-protobuf 	&& mkdir -p /usr/src/criu 	&& curl -sSL https://github.com/checkpoint-restore/criu/archive/v${CRIU_VERSION}.tar.gz | tar -C /usr/src/criu/ -xz --strip-components=1 	&& cd /usr/src/criu 	&& make 	&& make PREFIX=/build/ install-criu
 ---> Running in 82053bccaf31
Ign:1 http://cdn-fastly.deb.debian.org/debian stretch InRelease
Get:2 http://security.debian.org/debian-security stretch/updates InRelease [94.3 kB]
Get:3 http://cdn-fastly.deb.debian.org/debian stretch-updates InRelease [91.0 kB]
Get:4 http://cdn-fastly.deb.debian.org/debian stretch Release [118 kB]
Get:5 http://cdn-fastly.deb.debian.org/debian stretch Release.gpg [2434 B]
Get:6 http://security.debian.org/debian-security stretch/updates/main ppc64el Packages [443 kB]
Get:7 http://cdn-fastly.deb.debian.org/debian stretch-updates/main ppc64el Packages [5096 B]
Get:8 http://cdn-fastly.deb.debian.org/debian stretch/main ppc64el Packages [6910 kB]
Fetched 7664 kB in 3s (2133 kB/s)
Reading package lists...
Reading package lists...
Building dependency tree...
Reading state information...
The following additional packages will be installed:
  libnet1 libnl-3-200 libprotobuf-c1 libprotobuf-lite10 libprotobuf10
  libprotoc10 python-pkg-resources zlib1g-dev
Suggested packages:
  manpages-dev python-setuptools
The following NEW packages will be installed:
  libcap-dev libnet1 libnet1-dev libnl-3-200 libnl-3-dev libprotobuf-c-dev
  libprotobuf-c1 libprotobuf-dev libprotobuf-lite10 libprotobuf10 libprotoc10
  protobuf-c-compiler protobuf-compiler python-pkg-resources python-protobuf
  zlib1g-dev
0 upgraded, 16 newly installed, 0 to remove and 1 not upgraded.
Need to get 3548 kB of archives.
After this operation, 21.2 MB of additional disk space will be used.
Get:1 http://cdn-fastly.deb.debian.org/debian stretch/main ppc64el libnet1 ppc64el 1.1.6+dfsg-3 [57.6 kB]
Get:2 http://cdn-fastly.deb.debian.org/debian stretch/main ppc64el libcap-dev ppc64el 1:2.25-1 [29.7 kB]
Get:3 http://cdn-fastly.deb.debian.org/debian stretch/main ppc64el libnet1-dev ppc64el 1.1.6+dfsg-3 [117 kB]
Get:4 http://cdn-fastly.deb.debian.org/debian stretch/main ppc64el libnl-3-200 ppc64el 3.2.27-2 [55.9 kB]
Get:5 http://cdn-fastly.deb.debian.org/debian stretch/main ppc64el libnl-3-dev ppc64el 3.2.27-2 [95.0 kB]
Get:6 http://cdn-fastly.deb.debian.org/debian stretch/main ppc64el libprotobuf-c1 ppc64el 1.2.1-2 [24.6 kB]
Get:7 http://cdn-fastly.deb.debian.org/debian stretch/main ppc64el libprotobuf-c-dev ppc64el 1.2.1-2 [32.0 kB]
Get:8 http://cdn-fastly.deb.debian.org/debian stretch/main ppc64el zlib1g-dev ppc64el 1:1.2.8.dfsg-5 [205 kB]
Get:9 http://cdn-fastly.deb.debian.org/debian stretch/main ppc64el libprotobuf10 ppc64el 3.0.0-9 [658 kB]
Get:10 http://cdn-fastly.deb.debian.org/debian stretch/main ppc64el libprotobuf-lite10 ppc64el 3.0.0-9 [124 kB]
Get:11 http://cdn-fastly.deb.debian.org/debian stretch/main ppc64el libprotobuf-dev ppc64el 3.0.0-9 [974 kB]
Get:12 http://cdn-fastly.deb.debian.org/debian stretch/main ppc64el libprotoc10 ppc64el 3.0.0-9 [589 kB]
Get:13 http://cdn-fastly.deb.debian.org/debian stretch/main ppc64el protobuf-c-compiler ppc64el 1.2.1-2 [75.2 kB]
Get:14 http://cdn-fastly.deb.debian.org/debian stretch/main ppc64el protobuf-compiler ppc64el 3.0.0-9 [53.0 kB]
Get:15 http://cdn-fastly.deb.debian.org/debian stretch/main ppc64el python-pkg-resources all 33.1.1-1 [166 kB]
Get:16 http://cdn-fastly.deb.debian.org/debian stretch/main ppc64el python-protobuf ppc64el 3.0.0-9 [291 kB]
debconf: delaying package configuration, since apt-utils is not installed
Fetched 3548 kB in 0s (5533 kB/s)
Selecting previously unselected package libnet1:ppc64el.
(Reading database ... (Reading database ... 5%(Reading database ... 10%(Reading database ... 15%(Reading database ... 20%(Reading database ... 25%(Reading database ... 30%(Reading database ... 35%(Reading database ... 40%(Reading database ... 45%(Reading database ... 50%(Reading database ... 55%(Reading database ... 60%(Reading database ... 65%(Reading database ... 70%(Reading database ... 75%(Reading database ... 80%(Reading database ... 85%(Reading database ... 90%(Reading database ... 95%(Reading database ... 100%(Reading database ... 14948 files and directories currently installed.)
Preparing to unpack .../00-libnet1_1.1.6+dfsg-3_ppc64el.deb ...
Unpacking libnet1:ppc64el (1.1.6+dfsg-3) ...
Selecting previously unselected package libcap-dev:ppc64el.
Preparing to unpack .../01-libcap-dev_1%3a2.25-1_ppc64el.deb ...
Unpacking libcap-dev:ppc64el (1:2.25-1) ...
Selecting previously unselected package libnet1-dev.
Preparing to unpack .../02-libnet1-dev_1.1.6+dfsg-3_ppc64el.deb ...
Unpacking libnet1-dev (1.1.6+dfsg-3) ...
Selecting previously unselected package libnl-3-200:ppc64el.
Preparing to unpack .../03-libnl-3-200_3.2.27-2_ppc64el.deb ...
Unpacking libnl-3-200:ppc64el (3.2.27-2) ...
Selecting previously unselected package libnl-3-dev:ppc64el.
Preparing to unpack .../04-libnl-3-dev_3.2.27-2_ppc64el.deb ...
Unpacking libnl-3-dev:ppc64el (3.2.27-2) ...
Selecting previously unselected package libprotobuf-c1:ppc64el.
Preparing to unpack .../05-libprotobuf-c1_1.2.1-2_ppc64el.deb ...
Unpacking libprotobuf-c1:ppc64el (1.2.1-2) ...
Selecting previously unselected package libprotobuf-c-dev:ppc64el.
Preparing to unpack .../06-libprotobuf-c-dev_1.2.1-2_ppc64el.deb ...
Unpacking libprotobuf-c-dev:ppc64el (1.2.1-2) ...
Selecting previously unselected package zlib1g-dev:ppc64el.
Preparing to unpack .../07-zlib1g-dev_1%3a1.2.8.dfsg-5_ppc64el.deb ...
Unpacking zlib1g-dev:ppc64el (1:1.2.8.dfsg-5) ...
Selecting previously unselected package libprotobuf10:ppc64el.
Preparing to unpack .../08-libprotobuf10_3.0.0-9_ppc64el.deb ...
Unpacking libprotobuf10:ppc64el (3.0.0-9) ...
Selecting previously unselected package libprotobuf-lite10:ppc64el.
Preparing to unpack .../09-libprotobuf-lite10_3.0.0-9_ppc64el.deb ...
Unpacking libprotobuf-lite10:ppc64el (3.0.0-9) ...
Selecting previously unselected package libprotobuf-dev:ppc64el.
Preparing to unpack .../10-libprotobuf-dev_3.0.0-9_ppc64el.deb ...
Unpacking libprotobuf-dev:ppc64el (3.0.0-9) ...
Selecting previously unselected package libprotoc10:ppc64el.
Preparing to unpack .../11-libprotoc10_3.0.0-9_ppc64el.deb ...
Unpacking libprotoc10:ppc64el (3.0.0-9) ...
Selecting previously unselected package protobuf-c-compiler.
Preparing to unpack .../12-protobuf-c-compiler_1.2.1-2_ppc64el.deb ...
Unpacking protobuf-c-compiler (1.2.1-2) ...
Selecting previously unselected package protobuf-compiler.
Preparing to unpack .../13-protobuf-compiler_3.0.0-9_ppc64el.deb ...
Unpacking protobuf-compiler (3.0.0-9) ...
Selecting previously unselected package python-pkg-resources.
Preparing to unpack .../14-python-pkg-resources_33.1.1-1_all.deb ...
Unpacking python-pkg-resources (33.1.1-1) ...
Selecting previously unselected package python-protobuf.
Preparing to unpack .../15-python-protobuf_3.0.0-9_ppc64el.deb ...
Unpacking python-protobuf (3.0.0-9) ...
Setting up libnet1:ppc64el (1.1.6+dfsg-3) ...
Setting up libprotobuf-c1:ppc64el (1.2.1-2) ...
Setting up python-pkg-resources (33.1.1-1) ...
Setting up libnet1-dev (1.1.6+dfsg-3) ...
Setting up libprotobuf10:ppc64el (3.0.0-9) ...
Processing triggers for libc-bin (2.24-11+deb9u3) ...
Setting up python-protobuf (3.0.0-9) ...
Setting up libcap-dev:ppc64el (1:2.25-1) ...
Setting up libprotobuf-c-dev:ppc64el (1.2.1-2) ...
Setting up libnl-3-200:ppc64el (3.2.27-2) ...
Setting up libprotobuf-lite10:ppc64el (3.0.0-9) ...
Setting up libprotoc10:ppc64el (3.0.0-9) ...
Setting up protobuf-c-compiler (1.2.1-2) ...
Setting up zlib1g-dev:ppc64el (1:1.2.8.dfsg-5) ...
Setting up protobuf-compiler (3.0.0-9) ...
Setting up libprotobuf-dev:ppc64el (3.0.0-9) ...
Setting up libnl-3-dev:ppc64el (3.2.27-2) ...
Processing triggers for libc-bin (2.24-11+deb9u3) ...
fatal: Not a git repository (or any of the parent directories): .git
  GEN      .gitid
  GEN      criu/include/version.h
  GEN      include/common/asm
  PBCC     images/google/protobuf/descriptor.pb-c.c
  PBCC     images/opts.pb-c.c
  PBCC     images/sit.pb-c.c
  DEP      images/google/protobuf/descriptor.pb-c.d
  DEP      images/opts.pb-c.d
  DEP      images/sit.pb-c.d
  PBCC     images/macvlan.pb-c.c
  DEP      images/macvlan.pb-c.d
  PBCC     images/autofs.pb-c.c
  DEP      images/autofs.pb-c.d
  PBCC     images/sysctl.pb-c.c
  DEP      images/sysctl.pb-c.d
  PBCC     images/time.pb-c.c
  DEP      images/time.pb-c.d
  PBCC     images/binfmt-misc.pb-c.c
  DEP      images/binfmt-misc.pb-c.d
  PBCC     images/seccomp.pb-c.c
  DEP      images/seccomp.pb-c.d
  PBCC     images/userns.pb-c.c
  DEP      images/userns.pb-c.d
  PBCC     images/cgroup.pb-c.c
  DEP      images/cgroup.pb-c.d
  PBCC     images/fown.pb-c.c
  PBCC     images/ext-file.pb-c.c
  DEP      images/fown.pb-c.d
  DEP      images/ext-file.pb-c.d
  PBCC     images/rpc.pb-c.c
  DEP      images/rpc.pb-c.d
  PBCC     images/siginfo.pb-c.c
  DEP      images/siginfo.pb-c.d
  PBCC     images/pagemap.pb-c.c
  DEP      images/pagemap.pb-c.d
  PBCC     images/rlimit.pb-c.c
  DEP      images/rlimit.pb-c.d
  PBCC     images/file-lock.pb-c.c
  DEP      images/file-lock.pb-c.d
  PBCC     images/tty.pb-c.c
  DEP      images/tty.pb-c.d
  PBCC     images/tun.pb-c.c
  PBCC     images/netdev.pb-c.c
  DEP      images/tun.pb-c.d
  DEP      images/netdev.pb-c.d
  PBCC     images/vma.pb-c.c
  DEP      images/vma.pb-c.d
  PBCC     images/creds.pb-c.c
  DEP      images/creds.pb-c.d
  PBCC     images/utsns.pb-c.c
  DEP      images/utsns.pb-c.d
  PBCC     images/ipc-desc.pb-c.c
  PBCC     images/ipc-sem.pb-c.c
  DEP      images/ipc-desc.pb-c.d
  DEP      images/ipc-sem.pb-c.d
  PBCC     images/ipc-msg.pb-c.c
  DEP      images/ipc-msg.pb-c.d
  PBCC     images/ipc-shm.pb-c.c
  DEP      images/ipc-shm.pb-c.d
  PBCC     images/ipc-var.pb-c.c
  DEP      images/ipc-var.pb-c.d
  PBCC     images/sk-opts.pb-c.c
  PBCC     images/packet-sock.pb-c.c
  DEP      images/sk-opts.pb-c.d
  DEP      images/packet-sock.pb-c.d
  PBCC     images/sk-netlink.pb-c.c
  DEP      images/sk-netlink.pb-c.d
  PBCC     images/sk-inet.pb-c.c
  DEP      images/sk-inet.pb-c.d
  PBCC     images/sk-unix.pb-c.c
  DEP      images/sk-unix.pb-c.d
  PBCC     images/mm.pb-c.c
  DEP      images/mm.pb-c.d
  PBCC     images/timerfd.pb-c.c
  DEP      images/timerfd.pb-c.d
  PBCC     images/timer.pb-c.c
  DEP      images/timer.pb-c.d
  PBCC     images/sa.pb-c.c
  DEP      images/sa.pb-c.d
  PBCC     images/pipe-data.pb-c.c
  DEP      images/pipe-data.pb-c.d
  PBCC     images/mnt.pb-c.c
  DEP      images/mnt.pb-c.d
  PBCC     images/sk-packet.pb-c.c
  DEP      images/sk-packet.pb-c.d
  PBCC     images/tcp-stream.pb-c.c
  DEP      images/tcp-stream.pb-c.d
  PBCC     images/pipe.pb-c.c
  DEP      images/pipe.pb-c.d
  PBCC     images/pstree.pb-c.c
  DEP      images/pstree.pb-c.d
  PBCC     images/fs.pb-c.c
  DEP      images/fs.pb-c.d
  PBCC     images/signalfd.pb-c.c
  DEP      images/signalfd.pb-c.d
  PBCC     images/fh.pb-c.c
  PBCC     images/fsnotify.pb-c.c
  DEP      images/fh.pb-c.d
  DEP      images/fsnotify.pb-c.d
  PBCC     images/eventpoll.pb-c.c
  DEP      images/eventpoll.pb-c.d
  PBCC     images/eventfd.pb-c.c
  DEP      images/eventfd.pb-c.d
  PBCC     images/remap-file-path.pb-c.c
  DEP      images/remap-file-path.pb-c.d
  PBCC     images/fifo.pb-c.c
  DEP      images/fifo.pb-c.d
  PBCC     images/ghost-file.pb-c.c
  DEP      images/ghost-file.pb-c.d
  PBCC     images/regfile.pb-c.c
  DEP      images/regfile.pb-c.d
  PBCC     images/ns.pb-c.c
  DEP      images/ns.pb-c.d
  PBCC     images/fdinfo.pb-c.c
  DEP      images/fdinfo.pb-c.d
  PBCC     images/core-aarch64.pb-c.c
  PBCC     images/core-arm.pb-c.c
  PBCC     images/core-ppc64.pb-c.c
  PBCC     images/core-s390.pb-c.c
  PBCC     images/core-x86.pb-c.c
  PBCC     images/core.pb-c.c
  PBCC     images/inventory.pb-c.c
  DEP      images/core-aarch64.pb-c.d
  DEP      images/core-arm.pb-c.d
  DEP      images/core-ppc64.pb-c.d
  DEP      images/core-s390.pb-c.d
  DEP      images/core-x86.pb-c.d
  DEP      images/core.pb-c.d
  DEP      images/inventory.pb-c.d
  PBCC     images/cpuinfo.pb-c.c
  DEP      images/cpuinfo.pb-c.d
  PBCC     images/stats.pb-c.c
  DEP      images/stats.pb-c.d
make[1]: Nothing to be done for 'all'.
  CC       images/stats.o
  CC       images/core.o
  CC       images/core-x86.o
  CC       images/core-arm.o
  CC       images/core-aarch64.o
  CC       images/core-ppc64.o
  CC       images/core-s390.o
  CC       images/cpuinfo.o
  CC       images/inventory.o
  CC       images/fdinfo.o
  CC       images/fown.o
  CC       images/ns.o
  CC       images/regfile.o
  CC       images/ghost-file.o
  CC       images/fifo.o
  CC       images/remap-file-path.o
  CC       images/eventfd.o
  CC       images/eventpoll.o
  CC       images/fh.o
  CC       images/fsnotify.o
  CC       images/signalfd.o
  CC       images/fs.o
  CC       images/pstree.o
  CC       images/pipe.o
  CC       images/tcp-stream.o
  CC       images/sk-packet.o
  CC       images/mnt.o
  CC       images/pipe-data.o
  CC       images/sa.o
  CC       images/timer.o
  CC       images/timerfd.o
  CC       images/mm.o
  CC       images/sk-opts.o
  CC       images/sk-unix.o
  CC       images/sk-inet.o
  CC       images/tun.o
  CC       images/sk-netlink.o
  CC       images/packet-sock.o
  CC       images/ipc-var.o
  CC       images/ipc-desc.o
  CC       images/ipc-shm.o
  CC       images/ipc-msg.o
  CC       images/ipc-sem.o
  CC       images/utsns.o
  CC       images/creds.o
  CC       images/vma.o
  CC       images/netdev.o
  CC       images/tty.o
  CC       images/file-lock.o
  CC       images/rlimit.o
  CC       images/pagemap.o
  CC       images/siginfo.o
  CC       images/rpc.o
  CC       images/ext-file.o
  CC       images/cgroup.o
  CC       images/userns.o
  CC       images/google/protobuf/descriptor.o
  CC       images/opts.o
  CC       images/seccomp.o
  CC       images/binfmt-misc.o
  CC       images/time.o
  CC       images/sysctl.o
  CC       images/autofs.o
  CC       images/macvlan.o
  CC       images/sit.o
  LINK     images/built-in.o
  GEN      compel/include/asm
  GEN      compel/include/version.h
touch .config
  GEN      criu/include/config.h
  GEN      compel/plugins/include/uapi/std/syscall-codes.h
  GEN      compel/plugins/include/uapi/std/syscall.h
  GEN      compel/arch/ppc64/plugins/std/syscalls/syscalls.S
  DEP      compel/arch/ppc64/plugins/std/syscalls/syscalls.d
  DEP      compel/arch/ppc64/plugins/std/memcmp.d
  DEP      compel/arch/ppc64/plugins/std/memcpy.d
  DEP      compel/arch/ppc64/plugins/std/parasite-head.d
  GEN      compel/plugins/include/uapi/std/asm/syscall-types.h
  DEP      compel/plugins/std/infect.d
  DEP      compel/plugins/std/string.d
  DEP      compel/plugins/std/log.d
  DEP      compel/plugins/std/fds.d
  DEP      compel/plugins/std/std.d
  DEP      compel/plugins/shmem/shmem.d
  DEP      compel/plugins/fds/fds.d
  CC       compel/plugins/std/std.o
  CC       compel/plugins/std/fds.o
  CC       compel/plugins/std/log.o
  CC       compel/plugins/std/string.o
  CC       compel/plugins/std/infect.o
  CC       compel/arch/ppc64/plugins/std/parasite-head.o
  CC       compel/arch/ppc64/plugins/std/memcpy.o
  CC       compel/arch/ppc64/plugins/std/memcmp.o
  CC       compel/arch/ppc64/plugins/std/syscalls/syscalls.o
  AR       compel/plugins/std.lib.a
  CC       compel/plugins/fds/fds.o
  AR       compel/plugins/fds.lib.a
  HOSTDEP  compel/src/lib/log-host.d
  HOSTDEP  compel/src/lib/handle-elf-host.d
  HOSTDEP  compel/arch/ppc64/src/lib/handle-elf-host.d
  HOSTDEP  compel/src/main-host.d
  DEP      compel/src/main.d
  DEP      compel/src/lib/handle-elf.d
  DEP      compel/arch/ppc64/src/lib/handle-elf.d
  DEP      compel/src/lib/ptrace.d
  DEP      compel/src/lib/infect.d
  DEP      compel/src/lib/infect-util.d
  DEP      compel/src/lib/infect-rpc.d
  DEP      compel/arch/ppc64/src/lib/infect.d
  DEP      compel/arch/ppc64/src/lib/cpu.d
  DEP      compel/src/lib/log.d
  CC       compel/src/lib/log.o
  CC       compel/arch/ppc64/src/lib/cpu.o
  CC       compel/arch/ppc64/src/lib/infect.o
  CC       compel/src/lib/infect-rpc.o
  CC       compel/src/lib/infect-util.o
  CC       compel/src/lib/infect.o
  CC       compel/src/lib/ptrace.o
  AR       compel/libcompel.a
  HOSTCC   compel/src/main-host.o
  HOSTCC   compel/arch/ppc64/src/lib/handle-elf-host.o
  HOSTCC   compel/src/lib/handle-elf-host.o
  HOSTCC   compel/src/lib/log-host.o
  HOSTLINK compel/compel-host-bin
  DEP      soccr/soccr.d
  CC       soccr/soccr.o
  AR       soccr/libsoccr.a
make[1]: 'soccr/libsoccr.a' is up to date.
  DEP      criu/arch/ppc64/sigframe.d
  DEP      criu/arch/ppc64/crtools.d
  DEP      criu/arch/ppc64/cpu.d
  CC       criu/arch/ppc64/cpu.o
  CC       criu/arch/ppc64/crtools.o
  CC       criu/arch/ppc64/sigframe.o
  LINK     criu/arch/ppc64/crtools.built-in.o
  DEP      criu/arch/ppc64/misc.d
  DEP      criu/arch/ppc64/vdso-trampoline.d
  DEP      criu/arch/ppc64/vdso-pie.d
  DEP      criu/pie/parasite-vdso.d
  DEP      criu/pie/util-vdso.d
  DEP      criu/pie/util.d
  CC       criu/pie/util.o
  CC       criu/pie/util-vdso.o
  CC       criu/pie/parasite-vdso.o
  CC       criu/arch/ppc64/vdso-pie.o
  CC       criu/arch/ppc64/vdso-trampoline.o
  CC       criu/arch/ppc64/misc.o
  AR       criu/pie/pie.lib.a
  DEP      criu/pie/restorer.d
  DEP      criu/arch/ppc64/restorer.d
  DEP      criu/pie/parasite.d
  CC       criu/pie/parasite.o
  LINK     criu/pie/parasite.built-in.o
  GEN      criu/pie/parasite-blob.h
  CC       criu/arch/ppc64/restorer.o
  CC       criu/pie/restorer.o
  LINK     criu/pie/restorer.built-in.o
  GEN      criu/pie/restorer-blob.h
  DEP      criu/vdso.d
  DEP      criu/uts_ns.d
  DEP      criu/util.d
  DEP      criu/uffd.d
  DEP      criu/tun.d
  DEP      criu/tty.d
  DEP      criu/timerfd.d
  DEP      criu/sysfs_parse.d
  DEP      criu/sysctl.d
  DEP      criu/string.d
  DEP      criu/stats.d
  DEP      criu/sockets.d
  DEP      criu/sk-unix.d
  DEP      criu/sk-tcp.d
  DEP      criu/sk-queue.d
  DEP      criu/sk-packet.d
  DEP      criu/sk-netlink.d
  DEP      criu/sk-inet.d
  DEP      criu/signalfd.d
  DEP      criu/sigframe.d
  DEP      criu/shmem.d
  DEP      criu/seize.d
  DEP      criu/seccomp.d
  DEP      criu/rst-malloc.d
  DEP      criu/rbtree.d
  DEP      criu/pstree.d
  DEP      criu/protobuf.d
  GEN      criu/protobuf-desc-gen.h
  DEP      criu/protobuf-desc.d
  DEP      criu/proc_parse.d
  DEP      criu/plugin.d
  DEP      criu/pipes.d
  DEP      criu/pie-util.d
  DEP      criu/pie-util-vdso.d
  DEP      criu/pie-util-vdso-elf32.d
  DEP      criu/path.d
  DEP      criu/parasite-syscall.d
  DEP      criu/pagemap.d
  DEP      criu/pagemap-cache.d
  DEP      criu/page-xfer.d
  DEP      criu/page-pipe.d
  DEP      criu/netfilter.d
  DEP      criu/net.d
  DEP      criu/namespaces.d
  DEP      criu/mount.d
  DEP      criu/mem.d
  DEP      criu/lsm.d
  DEP      criu/log.d
  DEP      criu/libnetlink.d
  DEP      criu/kerndat.d
  DEP      criu/kcmp-ids.d
  DEP      criu/irmap.d
  DEP      criu/ipc_ns.d
  DEP      criu/image.d
  DEP      criu/image-desc.d
  DEP      criu/fsnotify.d
  DEP      criu/filesystems.d
  DEP      criu/files.d
  DEP      criu/files-reg.d
  DEP      criu/files-ext.d
  DEP      criu/file-lock.d
  DEP      criu/file-ids.d
  DEP      criu/fifo.d
  DEP      criu/fdstore.d
  DEP      criu/fault-injection.d
  DEP      criu/external.d
  DEP      criu/eventpoll.d
  DEP      criu/eventfd.d
  DEP      criu/crtools.d
  DEP      criu/cr-service.d
  DEP      criu/cr-restore.d
  DEP      criu/cr-errno.d
  DEP      criu/cr-dump.d
  DEP      criu/cr-dedup.d
  DEP      criu/cr-check.d
  DEP      criu/clone-noasan.d
  DEP      criu/cgroup.d
  DEP      criu/cgroup-props.d
  DEP      criu/bitmap.d
  DEP      criu/bfd.d
  DEP      criu/autofs.d
  DEP      criu/aio.d
  DEP      criu/action-scripts.d
  CC       criu/action-scripts.o
  CC       criu/aio.o
  CC       criu/autofs.o
  CC       criu/bfd.o
  CC       criu/bitmap.o
  CC       criu/cgroup-props.o
  CC       criu/cgroup.o
  CC       criu/clone-noasan.o
  CC       criu/cr-check.o
  CC       criu/cr-dedup.o
  CC       criu/cr-dump.o
  CC       criu/cr-errno.o
  CC       criu/cr-restore.o
  CC       criu/cr-service.o
  CC       criu/crtools.o
  CC       criu/eventfd.o
  CC       criu/eventpoll.o
  CC       criu/external.o
  CC       criu/fault-injection.o
  CC       criu/fdstore.o
  CC       criu/fifo.o
  CC       criu/file-ids.o
  CC       criu/file-lock.o
  CC       criu/files-ext.o
  CC       criu/files-reg.o
  CC       criu/files.o
  CC       criu/filesystems.o
  CC       criu/fsnotify.o
  CC       criu/image-desc.o
  CC       criu/image.o
  CC       criu/ipc_ns.o
  CC       criu/irmap.o
  CC       criu/kcmp-ids.o
  CC       criu/kerndat.o
  CC       criu/libnetlink.o
  CC       criu/log.o
  CC       criu/lsm.o
  CC       criu/mem.o
  CC       criu/mount.o
  CC       criu/namespaces.o
  CC       criu/net.o
  CC       criu/netfilter.o
  CC       criu/page-pipe.o
  CC       criu/page-xfer.o
  CC       criu/pagemap-cache.o
  CC       criu/pagemap.o
  CC       criu/parasite-syscall.o
  CC       criu/path.o
  CC       criu/pie-util-vdso-elf32.o
  CC       criu/pie-util-vdso.o
  CC       criu/pie-util.o
  CC       criu/pipes.o
  CC       criu/plugin.o
  CC       criu/proc_parse.o
  CC       criu/protobuf-desc.o
  CC       criu/protobuf.o
  CC       criu/pstree.o
  CC       criu/rbtree.o
  CC       criu/rst-malloc.o
  CC       criu/seccomp.o
  CC       criu/seize.o
  CC       criu/shmem.o
  CC       criu/sigframe.o
  CC       criu/signalfd.o
  CC       criu/sk-inet.o
  CC       criu/sk-netlink.o
  CC       criu/sk-packet.o
  CC       criu/sk-queue.o
  CC       criu/sk-tcp.o
  CC       criu/sk-unix.o
  CC       criu/sockets.o
  CC       criu/stats.o
  CC       criu/string.o
  CC       criu/sysctl.o
  CC       criu/sysfs_parse.o
  CC       criu/timerfd.o
  CC       criu/tty.o
  CC       criu/tun.o
  CC       criu/uffd.o
  CC       criu/util.o
  CC       criu/uts_ns.o
  CC       criu/vdso.o
  LINK     criu/built-in.o
  LINK     criu/criu
  DEP      lib/c/criu.d
  CC       images/rpc.pb-c.o
  CC       lib/c/criu.o
  LINK     lib/c/built-in.o
  LINK     lib/c/libcriu.so
  GEN      magic.py
fatal: Not a git repository (or any of the parent directories): .git
make[1]: Nothing to be done for 'all'.
make[1]: 'images/built-in.o' is up to date.
make[1]: 'compel/plugins/std.lib.a' is up to date.
make[1]: 'compel/plugins/fds.lib.a' is up to date.
make[1]: 'compel/libcompel.a' is up to date.
make[1]: 'compel/compel-host-bin' is up to date.
make[1]: Nothing to be done for 'all'.
make[1]: 'soccr/libsoccr.a' is up to date.
make[2]: Nothing to be done for 'all'.
make[2]: Nothing to be done for 'all'.
make[2]: Nothing to be done for 'all'.
make[2]: Nothing to be done for 'all'.
make[2]: Nothing to be done for 'all'.
make[2]: Nothing to be done for 'all'.
make[2]: Nothing to be done for 'all'.
make[2]: Nothing to be done for 'all'.
  INSTALL  criu/criu
Removing intermediate container 82053bccaf31
 ---> 805416e4085d
Step 7/94 : FROM base AS registry
 ---> aaba1667363e
Step 8/94 : ENV REGISTRY_COMMIT_SCHEMA1 ec87e9b6971d831f0eff752ddb54fb64693e51cd
 ---> Running in c9258143652b
Removing intermediate container c9258143652b
 ---> bc2a851a4a51
Step 9/94 : ENV REGISTRY_COMMIT 47a064d4195a9b56133891bbb13620c3ac83a827
 ---> Running in 010b560dc32f
Removing intermediate container 010b560dc32f
 ---> 7c73565319bf
Step 10/94 : RUN set -x 	&& export GOPATH="$(mktemp -d)" 	&& git clone https://github.com/docker/distribution.git "$GOPATH/src/github.com/docker/distribution" 	&& (cd "$GOPATH/src/github.com/docker/distribution" && git checkout -q "$REGISTRY_COMMIT") 	&& GOPATH="$GOPATH/src/github.com/docker/distribution/Godeps/_workspace:$GOPATH" 		go build -buildmode=pie -o /build/registry-v2 github.com/docker/distribution/cmd/registry 	&& case $(dpkg --print-architecture) in 		amd64|ppc64*|s390x) 		(cd "$GOPATH/src/github.com/docker/distribution" && git checkout -q "$REGISTRY_COMMIT_SCHEMA1"); 		GOPATH="$GOPATH/src/github.com/docker/distribution/Godeps/_workspace:$GOPATH"; 			go build -buildmode=pie -o /build/registry-v2-schema1 github.com/docker/distribution/cmd/registry; 		;; 	   esac 	&& rm -rf "$GOPATH"
 ---> Running in 57112eda39a5
+ mktemp -d
+ export GOPATH=/tmp/tmp.nFUrZu0fSw
+ git clone https://github.com/docker/distribution.git /tmp/tmp.nFUrZu0fSw/src/github.com/docker/distribution
Cloning into '/tmp/tmp.nFUrZu0fSw/src/github.com/docker/distribution'...
+ cd /tmp/tmp.nFUrZu0fSw/src/github.com/docker/distribution
+ git checkout -q 47a064d4195a9b56133891bbb13620c3ac83a827
+ GOPATH=/tmp/tmp.nFUrZu0fSw/src/github.com/docker/distribution/Godeps/_workspace:/tmp/tmp.nFUrZu0fSw go build -buildmode=pie -o /build/registry-v2 github.com/docker/distribution/cmd/registry
+ dpkg --print-architecture
+ cd /tmp/tmp.nFUrZu0fSw/src/github.com/docker/distribution
+ git checkout -q ec87e9b6971d831f0eff752ddb54fb64693e51cd
+ GOPATH=/tmp/tmp.nFUrZu0fSw/src/github.com/docker/distribution/Godeps/_workspace:/tmp/tmp.nFUrZu0fSw
+ go build -buildmode=pie -o /build/registry-v2-schema1 github.com/docker/distribution/cmd/registry
+ rm -rf /tmp/tmp.nFUrZu0fSw/src/github.com/docker/distribution/Godeps/_workspace:/tmp/tmp.nFUrZu0fSw
Removing intermediate container 57112eda39a5
 ---> 0c98a6465480
Step 11/94 : FROM base AS docker-py
 ---> aaba1667363e
Step 12/94 : ENV DOCKER_PY_COMMIT 55a62c26e7384b4020448ad68ee4fbe922be8836
 ---> Running in 7f4ead99951c
Removing intermediate container 7f4ead99951c
 ---> 6ea2077b34fc
Step 13/94 : RUN git clone https://github.com/docker/docker-py.git /build 	&& cd /build 	&& git checkout -q $DOCKER_PY_COMMIT
 ---> Running in b6db1a85f89a
Cloning into '/build'...
Removing intermediate container b6db1a85f89a
 ---> ba06c9acff61
Step 14/94 : FROM base AS swagger
 ---> aaba1667363e
Step 15/94 : ENV GO_SWAGGER_COMMIT c28258affb0b6251755d92489ef685af8d4ff3eb
 ---> Running in 337a563d523c
Removing intermediate container 337a563d523c
 ---> eff23c31e874
Step 16/94 : RUN set -x 	&& export GOPATH="$(mktemp -d)" 	&& git clone https://github.com/go-swagger/go-swagger.git "$GOPATH/src/github.com/go-swagger/go-swagger" 	&& (cd "$GOPATH/src/github.com/go-swagger/go-swagger" && git checkout -q "$GO_SWAGGER_COMMIT") 	&& go build -o /build/swagger github.com/go-swagger/go-swagger/cmd/swagger 	&& rm -rf "$GOPATH"
 ---> Running in 0cd494bcaa3e
+ mktemp -d
+ export GOPATH=/tmp/tmp.Km7mec4sVn
+ git clone https://github.com/go-swagger/go-swagger.git /tmp/tmp.Km7mec4sVn/src/github.com/go-swagger/go-swagger
Cloning into '/tmp/tmp.Km7mec4sVn/src/github.com/go-swagger/go-swagger'...
+ cd /tmp/tmp.Km7mec4sVn/src/github.com/go-swagger/go-swagger
+ git checkout -q c28258affb0b6251755d92489ef685af8d4ff3eb
+ go build -o /build/swagger github.com/go-swagger/go-swagger/cmd/swagger
+ rm -rf /tmp/tmp.Km7mec4sVn
Removing intermediate container 0cd494bcaa3e
 ---> 2ed87de3a669
Step 17/94 : FROM base AS frozen-images
 ---> aaba1667363e
Step 18/94 : RUN apt-get update && apt-get install -y jq ca-certificates --no-install-recommends
 ---> Running in f6c24952432c
Ign:1 http://cdn-fastly.deb.debian.org/debian stretch InRelease
Get:2 http://security.debian.org/debian-security stretch/updates InRelease [94.3 kB]
Get:3 http://cdn-fastly.deb.debian.org/debian stretch-updates InRelease [91.0 kB]
Get:4 http://cdn-fastly.deb.debian.org/debian stretch Release [118 kB]
Get:5 http://cdn-fastly.deb.debian.org/debian stretch Release.gpg [2434 B]
Get:6 http://security.debian.org/debian-security stretch/updates/main ppc64el Packages [443 kB]
Get:7 http://cdn-fastly.deb.debian.org/debian stretch-updates/main ppc64el Packages [5096 B]
Get:8 http://cdn-fastly.deb.debian.org/debian stretch/main ppc64el Packages [6910 kB]
Fetched 7664 kB in 3s (2369 kB/s)
Reading package lists...
Reading package lists...
Building dependency tree...
Reading state information...
ca-certificates is already the newest version (20161130+nmu1+deb9u1).
The following additional packages will be installed:
  libjq1 libonig4
The following NEW packages will be installed:
  jq libjq1 libonig4
0 upgraded, 3 newly installed, 0 to remove and 1 not upgraded.
Need to get 310 kB of archives.
After this operation, 1267 kB of additional disk space will be used.
Get:1 http://cdn-fastly.deb.debian.org/debian stretch/main ppc64el libonig4 ppc64el 6.1.3-2 [140 kB]
Get:2 http://cdn-fastly.deb.debian.org/debian stretch/main ppc64el libjq1 ppc64el 1.5+dfsg-1.3 [111 kB]
Get:3 http://cdn-fastly.deb.debian.org/debian stretch/main ppc64el jq ppc64el 1.5+dfsg-1.3 [58.9 kB]
debconf: delaying package configuration, since apt-utils is not installed
Fetched 310 kB in 0s (2356 kB/s)
Selecting previously unselected package libonig4:ppc64el.
(Reading database ... (Reading database ... 5%(Reading database ... 10%(Reading database ... 15%(Reading database ... 20%(Reading database ... 25%(Reading database ... 30%(Reading database ... 35%(Reading database ... 40%(Reading database ... 45%(Reading database ... 50%(Reading database ... 55%(Reading database ... 60%(Reading database ... 65%(Reading database ... 70%(Reading database ... 75%(Reading database ... 80%(Reading database ... 85%(Reading database ... 90%(Reading database ... 95%(Reading database ... 100%(Reading database ... 14948 files and directories currently installed.)
Preparing to unpack .../libonig4_6.1.3-2_ppc64el.deb ...
Unpacking libonig4:ppc64el (6.1.3-2) ...
Selecting previously unselected package libjq1:ppc64el.
Preparing to unpack .../libjq1_1.5+dfsg-1.3_ppc64el.deb ...
Unpacking libjq1:ppc64el (1.5+dfsg-1.3) ...
Selecting previously unselected package jq.
Preparing to unpack .../jq_1.5+dfsg-1.3_ppc64el.deb ...
Unpacking jq (1.5+dfsg-1.3) ...
Setting up libonig4:ppc64el (6.1.3-2) ...
Setting up libjq1:ppc64el (1.5+dfsg-1.3) ...
Processing triggers for libc-bin (2.24-11+deb9u3) ...
Setting up jq (1.5+dfsg-1.3) ...
Removing intermediate container f6c24952432c
 ---> 8b4436669779
Step 19/94 : COPY contrib/download-frozen-image-v2.sh /
 ---> dfd74b2194fd
Step 20/94 : RUN /download-frozen-image-v2.sh /build 	buildpack-deps:jessie@sha256:dd86dced7c9cd2a724e779730f0a53f93b7ef42228d4344b25ce9a42a1486251 	busybox:latest@sha256:bbc3a03235220b170ba48a157dd097dd1379299370e1ed99ce976df0355d24f0 	busybox:glibc@sha256:0b55a30394294ab23b9afd58fab94e61a923f5834fba7ddbae7f8e0c11ba85e6 	debian:jessie@sha256:287a20c5f73087ab406e6b364833e3fb7b3ae63ca0eb3486555dc27ed32c6e60 	hello-world:latest@sha256:be0cd392e45be79ffeffa6b05338b98ebb16c87b255f48e297ec7f98e123905c
 ---> Running in f9be83462de4
Downloading 'library/buildpack-deps:jessie@sha256:dd86dced7c9cd2a724e779730f0a53f93b7ef42228d4344b25ce9a42a1486251' (4 layers)...
######################################################################## 100.0%
#####                                                                      7.4%################                                                          23.2%#################################                                         47.1%###################################################                       71.5%#############################################################             86.1%######################################################################## 100.0%
######################################################################## 100.0%
#################                                                         24.6%##########################################                                58.5%######################################################################## 100.0%
######################################################################## 100.0%
####                                                                       6.6%#######################                                                   32.3%########################################                                  55.6%#########################################################                 80.4%######################################################################## 100.0%
######################################################################## 100.0%
#                                                                          1.8%#####                                                                      7.6%########                                                                  11.8%##############                                                            19.8%#####################                                                     29.5%###########################                                               38.9%#################################                                         46.7%#######################################                                   55.3%##############################################                            64.0%####################################################                      73.0%###########################################################               83.1%############################################################              83.4%#################################################################         91.6%######################################################################## 100.0%

Downloading 'library/busybox:latest@sha256:bbc3a03235220b170ba48a157dd097dd1379299370e1ed99ce976df0355d24f0' (1 layers)...
######################################################################## 100.0%
######################################################################## 100.0%

Downloading 'library/busybox:glibc@sha256:0b55a30394294ab23b9afd58fab94e61a923f5834fba7ddbae7f8e0c11ba85e6' (1 layers)...
######################################################################## 100.0%
######################################################################## 100.0%

Downloading 'library/debian:jessie@sha256:287a20c5f73087ab406e6b364833e3fb7b3ae63ca0eb3486555dc27ed32c6e60' (1 layers)...
skipping existing c8c2d4a6b2e3

Downloading 'library/hello-world:latest@sha256:be0cd392e45be79ffeffa6b05338b98ebb16c87b255f48e297ec7f98e123905c' (1 layers)...
######################################################################## 100.0%
######################################################################## 100.0%

Download of images into '/build' complete.
Use something like the following to load the result into a Docker daemon:
  tar -cC '/build' . | docker load
Removing intermediate container f9be83462de4
 ---> e74cdaf8f85b
Step 21/94 : FROM base AS runtime-dev
 ---> aaba1667363e
Step 22/94 : RUN apt-get update && apt-get install -y 	libapparmor-dev 	libseccomp-dev
 ---> Running in 09af47f8a754
Ign:1 http://cdn-fastly.deb.debian.org/debian stretch InRelease
Get:2 http://cdn-fastly.deb.debian.org/debian stretch-updates InRelease [91.0 kB]
Get:3 http://cdn-fastly.deb.debian.org/debian stretch Release [118 kB]
Get:4 http://cdn-fastly.deb.debian.org/debian stretch Release.gpg [2434 B]
Get:5 http://security.debian.org/debian-security stretch/updates InRelease [94.3 kB]
Get:6 http://cdn-fastly.deb.debian.org/debian stretch-updates/main ppc64el Packages [5096 B]
Get:7 http://cdn-fastly.deb.debian.org/debian stretch/main ppc64el Packages [6910 kB]
Get:8 http://security.debian.org/debian-security stretch/updates/main ppc64el Packages [443 kB]
Fetched 7664 kB in 2s (2803 kB/s)
Reading package lists...
Reading package lists...
Building dependency tree...
Reading state information...
The following additional packages will be installed:
  libapparmor1 libseccomp2
Suggested packages:
  seccomp
The following NEW packages will be installed:
  libapparmor-dev libapparmor1 libseccomp-dev libseccomp2
0 upgraded, 4 newly installed, 0 to remove and 1 not upgraded.
Need to get 296 kB of archives.
After this operation, 1346 kB of additional disk space will be used.
Get:1 http://cdn-fastly.deb.debian.org/debian stretch/main ppc64el libseccomp2 ppc64el 2.3.1-2.1+deb9u1 [39.6 kB]
Get:2 http://cdn-fastly.deb.debian.org/debian stretch/main ppc64el libseccomp-dev ppc64el 2.3.1-2.1+deb9u1 [61.1 kB]
Get:3 http://cdn-fastly.deb.debian.org/debian stretch/main ppc64el libapparmor1 ppc64el 2.11.0-3+deb9u2 [77.1 kB]
Get:4 http://cdn-fastly.deb.debian.org/debian stretch/main ppc64el libapparmor-dev ppc64el 2.11.0-3+deb9u2 [118 kB]
debconf: delaying package configuration, since apt-utils is not installed
Fetched 296 kB in 0s (2523 kB/s)
Selecting previously unselected package libseccomp2:ppc64el.
(Reading database ... (Reading database ... 5%(Reading database ... 10%(Reading database ... 15%(Reading database ... 20%(Reading database ... 25%(Reading database ... 30%(Reading database ... 35%(Reading database ... 40%(Reading database ... 45%(Reading database ... 50%(Reading database ... 55%(Reading database ... 60%(Reading database ... 65%(Reading database ... 70%(Reading database ... 75%(Reading database ... 80%(Reading database ... 85%(Reading database ... 90%(Reading database ... 95%(Reading database ... 100%(Reading database ... 14948 files and directories currently installed.)
Preparing to unpack .../libseccomp2_2.3.1-2.1+deb9u1_ppc64el.deb ...
Unpacking libseccomp2:ppc64el (2.3.1-2.1+deb9u1) ...
Selecting previously unselected package libseccomp-dev:ppc64el.
Preparing to unpack .../libseccomp-dev_2.3.1-2.1+deb9u1_ppc64el.deb ...
Unpacking libseccomp-dev:ppc64el (2.3.1-2.1+deb9u1) ...
Selecting previously unselected package libapparmor1:ppc64el.
Preparing to unpack .../libapparmor1_2.11.0-3+deb9u2_ppc64el.deb ...
Unpacking libapparmor1:ppc64el (2.11.0-3+deb9u2) ...
Selecting previously unselected package libapparmor-dev:ppc64el.
Preparing to unpack .../libapparmor-dev_2.11.0-3+deb9u2_ppc64el.deb ...
Unpacking libapparmor-dev:ppc64el (2.11.0-3+deb9u2) ...
Processing triggers for libc-bin (2.24-11+deb9u3) ...
Setting up libseccomp2:ppc64el (2.3.1-2.1+deb9u1) ...
Setting up libapparmor1:ppc64el (2.11.0-3+deb9u2) ...
Setting up libseccomp-dev:ppc64el (2.3.1-2.1+deb9u1) ...
Setting up libapparmor-dev:ppc64el (2.11.0-3+deb9u2) ...
Processing triggers for libc-bin (2.24-11+deb9u3) ...
Removing intermediate container 09af47f8a754
 ---> 4174e1ecee2c
Step 23/94 : FROM base AS tomlv
 ---> aaba1667363e
Step 24/94 : ENV INSTALL_BINARY_NAME=tomlv
 ---> Running in bfaa80cec4ba
Removing intermediate container bfaa80cec4ba
 ---> d4675cd54c49
Step 25/94 : COPY hack/dockerfile/install/install.sh ./install.sh
 ---> cc58d2cad7c6
Step 26/94 : COPY hack/dockerfile/install/$INSTALL_BINARY_NAME.installer ./
 ---> 13161918d297
Step 27/94 : RUN PREFIX=/build ./install.sh $INSTALL_BINARY_NAME
 ---> Running in a4e392710168
+ RM_GOPATH=0
+ TMP_GOPATH=
+ : /build
+ [[ -z '' ]]
++ mktemp -d
+ export GOPATH=/tmp/tmp.ZLLMML2ojc
+ GOPATH=/tmp/tmp.ZLLMML2ojc
+ RM_GOPATH=1
++ dirname ./install.sh
+ dir=.
+ bin=tomlv
+ shift
+ [[ ! -f ./tomlv.installer ]]
+ . ./tomlv.installer
++ TOMLV_COMMIT=3012a1dbe2e4bd1391d42b32f0577cb7bbc7f005
+ install_tomlv
+ echo 'Install tomlv version 3012a1dbe2e4bd1391d42b32f0577cb7bbc7f005'
+ git clone https://github.com/BurntSushi/toml.git /tmp/tmp.ZLLMML2ojc/src/github.com/BurntSushi/toml
Install tomlv version 3012a1dbe2e4bd1391d42b32f0577cb7bbc7f005
Cloning into '/tmp/tmp.ZLLMML2ojc/src/github.com/BurntSushi/toml'...
+ cd /tmp/tmp.ZLLMML2ojc/src/github.com/BurntSushi/toml
+ git checkout -q 3012a1dbe2e4bd1391d42b32f0577cb7bbc7f005
+ go build -v -buildmode=pie -o /build/tomlv github.com/BurntSushi/toml/cmd/tomlv
internal/race
errors
internal/cpu
runtime/internal/atomic
runtime/internal/sys
sync/atomic
math
internal/testlog
math/bits
internal/bytealg
unicode/utf8
unicode
encoding
runtime
runtime/cgo
strconv
sync
io
reflect
syscall
bytes
strings
bufio
path
text/tabwriter
internal/syscall/unix
time
internal/poll
sort
os
path/filepath
fmt
io/ioutil
log
flag
github.com/BurntSushi/toml
github.com/BurntSushi/toml/cmd/tomlv
Removing intermediate container a4e392710168
 ---> f4b3ed085e76
Step 28/94 : FROM base AS vndr
 ---> aaba1667363e
Step 29/94 : ENV INSTALL_BINARY_NAME=vndr
 ---> Running in e106a9c5b16b
Removing intermediate container e106a9c5b16b
 ---> 4fb5364e1673
Step 30/94 : COPY hack/dockerfile/install/install.sh ./install.sh
 ---> 0dcf43f462f3
Step 31/94 : COPY hack/dockerfile/install/$INSTALL_BINARY_NAME.installer ./
 ---> cc4f6d7b594a
Step 32/94 : RUN PREFIX=/build ./install.sh $INSTALL_BINARY_NAME
 ---> Running in 3d2785941026
+ RM_GOPATH=0
+ TMP_GOPATH=
+ : /build
+ [[ -z '' ]]
++ mktemp -d
+ export GOPATH=/tmp/tmp.rq8z1mUbe0
+ GOPATH=/tmp/tmp.rq8z1mUbe0
+ RM_GOPATH=1
++ dirname ./install.sh
Install vndr version 81cb8916aad3c8d06193f008dba3e16f82851f52
+ dir=.
+ bin=vndr
+ shift
+ [[ ! -f ./vndr.installer ]]
+ . ./vndr.installer
++ VNDR_COMMIT=81cb8916aad3c8d06193f008dba3e16f82851f52
+ install_vndr
+ echo 'Install vndr version 81cb8916aad3c8d06193f008dba3e16f82851f52'
+ git clone https://github.com/LK4D4/vndr.git /tmp/tmp.rq8z1mUbe0/src/github.com/LK4D4/vndr
Cloning into '/tmp/tmp.rq8z1mUbe0/src/github.com/LK4D4/vndr'...
+ cd /tmp/tmp.rq8z1mUbe0/src/github.com/LK4D4/vndr
+ git checkout -q 81cb8916aad3c8d06193f008dba3e16f82851f52
+ go build -buildmode=pie -v -o /build/vndr .
internal/race
errors
internal/cpu
runtime/internal/atomic
runtime/internal/sys
sync/atomic
unicode
unicode/utf8
internal/bytealg
math
internal/testlog
runtime
math/bits
encoding
unicode/utf16
container/list
crypto/internal/subtle
crypto/subtle
vendor/golang_org/x/crypto/cryptobyte/asn1
vendor/golang_org/x/net/dns/dnsmessage
strconv
internal/nettrace
runtime/cgo
crypto/rc4
sync
io
github.com/LK4D4/vndr/godl/singleflight
reflect
syscall
math/rand
bytes
strings
bufio
path
hash
crypto/cipher
hash/crc32
crypto
crypto/aes
time
internal/syscall/unix
crypto/internal/randutil
crypto/sha512
crypto/hmac
crypto/md5
crypto/sha1
crypto/sha256
internal/singleflight
vendor/golang_org/x/text/transform
internal/poll
encoding/binary
sort
os
regexp/syntax
crypto/des
encoding/base64
vendor/golang_org/x/crypto/internal/chacha20
encoding/pem
vendor/golang_org/x/crypto/poly1305
vendor/golang_org/x/crypto/chacha20poly1305
vendor/golang_org/x/crypto/curve25519
path/filepath
fmt
io/ioutil
regexp
net/url
go/token
flag
go/scanner
text/template/parse
log
encoding/json
go/ast
encoding/xml
text/template
compress/flate
context
go/parser
math/big
compress/gzip
encoding/hex
go/doc
vendor/golang_org/x/text/unicode/bidi
net
vendor/golang_org/x/text/secure/bidirule
vendor/golang_org/x/text/unicode/norm
github.com/LK4D4/vndr/build
crypto/rand
crypto/elliptic
encoding/asn1
crypto/rsa
crypto/dsa
vendor/golang_org/x/net/idna
crypto/ecdsa
crypto/x509/pkix
vendor/golang_org/x/crypto/cryptobyte
vendor/golang_org/x/net/http2/hpack
mime
mime/quotedprintable
net/http/internal
os/exec
vendor/golang_org/x/net/http/httpproxy
net/textproto
crypto/x509
vendor/golang_org/x/net/http/httpguts
mime/multipart
crypto/tls
net/http/httptrace
net/http
github.com/LK4D4/vndr/godl
github.com/LK4D4/vndr
Removing intermediate container 3d2785941026
 ---> 3f9edf930bc2
Step 33/94 : FROM base AS containerd
 ---> aaba1667363e
Step 34/94 : RUN apt-get update && apt-get install -y btrfs-tools
 ---> Running in 4a1b855a031c
Get:1 http://security.debian.org/debian-security stretch/updates InRelease [94.3 kB]
Ign:2 http://cdn-fastly.deb.debian.org/debian stretch InRelease
Get:3 http://cdn-fastly.deb.debian.org/debian stretch-updates InRelease [91.0 kB]
Get:4 http://cdn-fastly.deb.debian.org/debian stretch Release [118 kB]
Get:5 http://cdn-fastly.deb.debian.org/debian stretch Release.gpg [2434 B]
Get:6 http://security.debian.org/debian-security stretch/updates/main ppc64el Packages [443 kB]
Get:7 http://cdn-fastly.deb.debian.org/debian stretch-updates/main ppc64el Packages [5096 B]
Get:8 http://cdn-fastly.deb.debian.org/debian stretch/main ppc64el Packages [6910 kB]
Fetched 7664 kB in 2s (2563 kB/s)
Reading package lists...
Reading package lists...
Building dependency tree...
Reading state information...
The following additional packages will be installed:
  btrfs-progs liblzo2-2
The following NEW packages will be installed:
  btrfs-progs btrfs-tools liblzo2-2
0 upgraded, 3 newly installed, 0 to remove and 1 not upgraded.
Need to get 588 kB of archives.
After this operation, 5005 kB of additional disk space will be used.
Get:1 http://cdn-fastly.deb.debian.org/debian stretch/main ppc64el liblzo2-2 ppc64el 2.08-1.2+b2 [51.0 kB]
Get:2 http://cdn-fastly.deb.debian.org/debian stretch/main ppc64el btrfs-progs ppc64el 4.7.3-1 [520 kB]
Get:3 http://cdn-fastly.deb.debian.org/debian stretch/main ppc64el btrfs-tools ppc64el 4.7.3-1 [16.9 kB]
debconf: delaying package configuration, since apt-utils is not installed
Fetched 588 kB in 0s (2457 kB/s)
Selecting previously unselected package liblzo2-2:ppc64el.
(Reading database ... (Reading database ... 5%(Reading database ... 10%(Reading database ... 15%(Reading database ... 20%(Reading database ... 25%(Reading database ... 30%(Reading database ... 35%(Reading database ... 40%(Reading database ... 45%(Reading database ... 50%(Reading database ... 55%(Reading database ... 60%(Reading database ... 65%(Reading database ... 70%(Reading database ... 75%(Reading database ... 80%(Reading database ... 85%(Reading database ... 90%(Reading database ... 95%(Reading database ... 100%(Reading database ... 14948 files and directories currently installed.)
Preparing to unpack .../liblzo2-2_2.08-1.2+b2_ppc64el.deb ...
Unpacking liblzo2-2:ppc64el (2.08-1.2+b2) ...
Selecting previously unselected package btrfs-progs.
Preparing to unpack .../btrfs-progs_4.7.3-1_ppc64el.deb ...
Unpacking btrfs-progs (4.7.3-1) ...
Selecting previously unselected package btrfs-tools.
Preparing to unpack .../btrfs-tools_4.7.3-1_ppc64el.deb ...
Unpacking btrfs-tools (4.7.3-1) ...
Processing triggers for libc-bin (2.24-11+deb9u3) ...
Setting up liblzo2-2:ppc64el (2.08-1.2+b2) ...
Setting up btrfs-progs (4.7.3-1) ...
Setting up btrfs-tools (4.7.3-1) ...
Processing triggers for libc-bin (2.24-11+deb9u3) ...
Removing intermediate container 4a1b855a031c
 ---> 8151c6eb9b2c
Step 35/94 : ENV INSTALL_BINARY_NAME=containerd
 ---> Running in 5f730eff14b5
Removing intermediate container 5f730eff14b5
 ---> 3c4a3e4564e6
Step 36/94 : COPY hack/dockerfile/install/install.sh ./install.sh
 ---> 87e336c41f44
Step 37/94 : COPY hack/dockerfile/install/$INSTALL_BINARY_NAME.installer ./
 ---> dcbc02ad03aa
Step 38/94 : RUN PREFIX=/build ./install.sh $INSTALL_BINARY_NAME
 ---> Running in e4fac1cade2a
+ RM_GOPATH=0
+ TMP_GOPATH=
+ : /build
+ [[ -z '' ]]
++ mktemp -d
+ export GOPATH=/tmp/tmp.OR523RpOZP
+ GOPATH=/tmp/tmp.OR523RpOZP
+ RM_GOPATH=1
++ dirname ./install.sh
+ dir=.
+ bin=containerd
+ shift
+ [[ ! -f ./containerd.installer ]]
+ . ./containerd.installer
++ CONTAINERD_COMMIT=9754871865f7fe2f4e74d43e2fc7ccd237edcbce
+ install_containerd
+ echo 'Install containerd version 9754871865f7fe2f4e74d43e2fc7ccd237edcbce'
+ git clone https://github.com/containerd/containerd.git /tmp/tmp.OR523RpOZP/src/github.com/containerd/containerd
Install containerd version 9754871865f7fe2f4e74d43e2fc7ccd237edcbce
Cloning into '/tmp/tmp.OR523RpOZP/src/github.com/containerd/containerd'...
+ cd /tmp/tmp.OR523RpOZP/src/github.com/containerd/containerd
+ git checkout -q 9754871865f7fe2f4e74d43e2fc7ccd237edcbce
+ export 'BUILDTAGS=netgo osusergo static_build'
+ BUILDTAGS='netgo osusergo static_build'
+ export EXTRA_FLAGS=-buildmode=pie
+ EXTRA_FLAGS=-buildmode=pie
+ export 'EXTRA_LDFLAGS=-extldflags "-fno-PIC -static"'
+ EXTRA_LDFLAGS='-extldflags "-fno-PIC -static"'
+ '[' '' == dynamic ']'
+ make
 bin/ctr
 bin/containerd
 bin/containerd-stress
 bin/containerd-shim
 bin/containerd-shim-runc-v1
 binaries
+ mkdir -p /build
+ cp bin/containerd /build/containerd
+ cp bin/containerd-shim /build/containerd-shim
+ cp bin/ctr /build/ctr
Removing intermediate container e4fac1cade2a
 ---> b83ff59a9d8c
Step 39/94 : FROM base AS proxy
 ---> aaba1667363e
Step 40/94 : ENV INSTALL_BINARY_NAME=proxy
 ---> Running in 0f0de4b7663c
Removing intermediate container 0f0de4b7663c
 ---> 69fea615c5d9
Step 41/94 : COPY hack/dockerfile/install/install.sh ./install.sh
 ---> 72f737c2fbf4
Step 42/94 : COPY hack/dockerfile/install/$INSTALL_BINARY_NAME.installer ./
 ---> cd8742b6a564
Step 43/94 : RUN PREFIX=/build ./install.sh $INSTALL_BINARY_NAME
 ---> Running in 2b05b07ebedc
+ RM_GOPATH=0
+ TMP_GOPATH=
+ : /build
+ [[ -z '' ]]
++ mktemp -d
+ export GOPATH=/tmp/tmp.eqoZSfTDwi
+ GOPATH=/tmp/tmp.eqoZSfTDwi
+ RM_GOPATH=1
++ dirname ./install.sh
+ dir=.
+ bin=proxy
+ shift
+ [[ ! -f ./proxy.installer ]]
+ . ./proxy.installer
++ LIBNETWORK_COMMIT=1a06131fb8a047d919f7deaf02a4c414d7884b83
+ install_proxy
+ case "$1" in
Install docker-proxy version 1a06131fb8a047d919f7deaf02a4c414d7884b83
+ export CGO_ENABLED=0
+ CGO_ENABLED=0
+ _install_proxy
+ echo 'Install docker-proxy version 1a06131fb8a047d919f7deaf02a4c414d7884b83'
+ git clone https://github.com/docker/libnetwork.git /tmp/tmp.eqoZSfTDwi/src/github.com/docker/libnetwork
Cloning into '/tmp/tmp.eqoZSfTDwi/src/github.com/docker/libnetwork'...
+ cd /tmp/tmp.eqoZSfTDwi/src/github.com/docker/libnetwork
+ git checkout -q 1a06131fb8a047d919f7deaf02a4c414d7884b83
+ go build -ldflags= -o /build/docker-proxy github.com/docker/libnetwork/cmd/proxy
Removing intermediate container 2b05b07ebedc
 ---> cfcf2bc102d4
Step 44/94 : FROM base AS gometalinter
 ---> aaba1667363e
Step 45/94 : ENV INSTALL_BINARY_NAME=gometalinter
 ---> Running in aa414904d0b9
Removing intermediate container aa414904d0b9
 ---> 8e1fa889fbcc
Step 46/94 : COPY hack/dockerfile/install/install.sh ./install.sh
 ---> 4c59f3121d0e
Step 47/94 : COPY hack/dockerfile/install/$INSTALL_BINARY_NAME.installer ./
 ---> 5477f26222ec
Step 48/94 : RUN PREFIX=/build ./install.sh $INSTALL_BINARY_NAME
 ---> Running in 25293fde07af
+ RM_GOPATH=0
+ TMP_GOPATH=
+ : /build
+ [[ -z '' ]]
++ mktemp -d
+ export GOPATH=/tmp/tmp.t3DRKAyRC9
+ GOPATH=/tmp/tmp.t3DRKAyRC9
+ RM_GOPATH=1
++ dirname ./install.sh
Installing gometalinter version v2.0.6
+ dir=.
+ bin=gometalinter
+ shift
+ [[ ! -f ./gometalinter.installer ]]
+ . ./gometalinter.installer
++ GOMETALINTER_COMMIT=v2.0.6
+ install_gometalinter
+ echo 'Installing gometalinter version v2.0.6'
+ go get -d github.com/alecthomas/gometalinter
+ cd /tmp/tmp.t3DRKAyRC9/src/github.com/alecthomas/gometalinter
+ git checkout -q v2.0.6
+ go build -buildmode=pie -o /build/gometalinter github.com/alecthomas/gometalinter
+ GOBIN=/build
+ /build/gometalinter --install
Installing:
  deadcode
  dupl
  errcheck
  gas
  gochecknoglobals
  gochecknoinits
  goconst
  gocyclo
  goimports
  golint
  gosimple
  gotype
  gotypex
  ineffassign
  interfacer
  lll
  maligned
  megacheck
  misspell
  nakedret
  safesql
  staticcheck
  structcheck
  unconvert
  unparam
  unused
  varcheck
Removing intermediate container 25293fde07af
 ---> c1748230436a
Step 49/94 : FROM base AS dockercli
 ---> aaba1667363e
Step 50/94 : ENV INSTALL_BINARY_NAME=dockercli
 ---> Running in a70a57f05e13
Removing intermediate container a70a57f05e13
 ---> 2d980a26ae58
Step 51/94 : COPY hack/dockerfile/install/install.sh ./install.sh
 ---> a05d642634b4
Step 52/94 : COPY hack/dockerfile/install/$INSTALL_BINARY_NAME.installer ./
 ---> 3d4392ab7c3a
Step 53/94 : RUN PREFIX=/build ./install.sh $INSTALL_BINARY_NAME
 ---> Running in 1563500153e5
+ RM_GOPATH=0
+ TMP_GOPATH=
+ : /build
+ [[ -z '' ]]
++ mktemp -d
+ export GOPATH=/tmp/tmp.pEvA3GpSfG
+ GOPATH=/tmp/tmp.pEvA3GpSfG
+ RM_GOPATH=1
++ dirname ./install.sh
+ dir=.
+ bin=dockercli
+ shift
+ [[ ! -f ./dockercli.installer ]]
+ . ./dockercli.installer
++ DOCKERCLI_CHANNEL=edge
++ DOCKERCLI_VERSION=17.06.0-ce
+ install_dockercli
Install docker/cli version 17.06.0-ce from edge
+ echo 'Install docker/cli version 17.06.0-ce from edge'
++ uname -m
+ arch=ppc64le
+ '[' ppc64le '!=' x86_64 ']'
+ '[' ppc64le '!=' s390x ']'
+ build_dockercli
+ git clone https://github.com/docker/docker-ce /tmp/tmp.pEvA3GpSfG/tmp/docker-ce
Cloning into '/tmp/tmp.pEvA3GpSfG/tmp/docker-ce'...
+ cd /tmp/tmp.pEvA3GpSfG/tmp/docker-ce
+ git checkout -q v17.06.0-ce
+ mkdir -p /tmp/tmp.pEvA3GpSfG/src/github.com/docker
+ mv components/cli /tmp/tmp.pEvA3GpSfG/src/github.com/docker/cli
+ go build -buildmode=pie -o /build/docker github.com/docker/cli/cmd/docker
+ return
Removing intermediate container 1563500153e5
 ---> 2334f2b82545
Step 54/94 : FROM runtime-dev AS runc
 ---> 4174e1ecee2c
Step 55/94 : ENV INSTALL_BINARY_NAME=runc
 ---> Running in 3690822ef30f
Removing intermediate container 3690822ef30f
 ---> 39706486c2de
Step 56/94 : COPY hack/dockerfile/install/install.sh ./install.sh
 ---> 537cc19b4f79
Step 57/94 : COPY hack/dockerfile/install/$INSTALL_BINARY_NAME.installer ./
 ---> c6215687e801
Step 58/94 : RUN PREFIX=/build ./install.sh $INSTALL_BINARY_NAME
 ---> Running in c5c50c69acf7
+ RM_GOPATH=0
+ TMP_GOPATH=
+ : /build
+ [[ -z '' ]]
++ mktemp -d
+ export GOPATH=/tmp/tmp.mJQRdHIZC5
+ GOPATH=/tmp/tmp.mJQRdHIZC5
+ RM_GOPATH=1
++ dirname ./install.sh
+ dir=.
+ bin=runc
+ shift
+ [[ ! -f ./runc.installer ]]
+ . ./runc.installer
++ RUNC_COMMIT=96ec2177ae841256168fcf76954f7177af9446eb
+ install_runc
+ uname -r
+ grep -q '^3\.10\.0.*\.el7\.'
+ RUNC_BUILDTAGS='seccomp apparmor selinux '
+ echo 'Install runc version 96ec2177ae841256168fcf76954f7177af9446eb (build tags: seccomp apparmor selinux )'
Install runc version 96ec2177ae841256168fcf76954f7177af9446eb (build tags: seccomp apparmor selinux )
+ git clone https://github.com/opencontainers/runc.git /tmp/tmp.mJQRdHIZC5/src/github.com/opencontainers/runc
Cloning into '/tmp/tmp.mJQRdHIZC5/src/github.com/opencontainers/runc'...
+ cd /tmp/tmp.mJQRdHIZC5/src/github.com/opencontainers/runc
+ git checkout -q 96ec2177ae841256168fcf76954f7177af9446eb
+ '[' -z '' ']'
+ target=static
+ make 'BUILDTAGS=seccomp apparmor selinux ' static
CGO_ENABLED=1 go build  -tags "seccomp apparmor selinux  netgo osusergo static_build" -installsuffix netgo -ldflags "-w -extldflags -static -X main.gitCommit="96ec2177ae841256168fcf76954f7177af9446eb" -X main.version=1.0.0-rc6+dev " -o runc .
CGO_ENABLED=1 go build  -tags "seccomp apparmor selinux  netgo osusergo static_build" -installsuffix netgo -ldflags "-w -extldflags -static -X main.gitCommit="96ec2177ae841256168fcf76954f7177af9446eb" -X main.version=1.0.0-rc6+dev " -o contrib/cmd/recvtty/recvtty ./contrib/cmd/recvtty
+ mkdir -p /build
+ cp runc /build/runc
Removing intermediate container c5c50c69acf7
 ---> bb8b19dbf032
Step 59/94 : FROM base AS tini
 ---> aaba1667363e
Step 60/94 : RUN apt-get update && apt-get install -y cmake vim-common
 ---> Running in 762cca3c0635
Get:1 http://security.debian.org/debian-security stretch/updates InRelease [94.3 kB]
Ign:2 http://cdn-fastly.deb.debian.org/debian stretch InRelease
Get:3 http://security.debian.org/debian-security stretch/updates/main ppc64el Packages [443 kB]
Get:4 http://cdn-fastly.deb.debian.org/debian stretch-updates InRelease [91.0 kB]
Get:5 http://cdn-fastly.deb.debian.org/debian stretch Release [118 kB]
Get:6 http://cdn-fastly.deb.debian.org/debian stretch-updates/main ppc64el Packages [5096 B]
Get:7 http://cdn-fastly.deb.debian.org/debian stretch Release.gpg [2434 B]
Get:8 http://cdn-fastly.deb.debian.org/debian stretch/main ppc64el Packages [6910 kB]
Fetched 7664 kB in 3s (2225 kB/s)
Reading package lists...
Reading package lists...
Building dependency tree...
Reading state information...
The following additional packages will be installed:
  cmake-data libarchive13 libgpm2 libicu57 libjsoncpp1 liblzo2-2 libuv1
  libxml2 sgml-base vim vim-runtime xml-core xxd
Suggested packages:
  codeblocks eclipse ninja-build lrzip gpm sgml-base-doc ctags vim-doc
  vim-scripts debhelper
The following NEW packages will be installed:
  cmake cmake-data libarchive13 libgpm2 libicu57 libjsoncpp1 liblzo2-2 libuv1
  libxml2 sgml-base vim vim-common vim-runtime xml-core xxd
0 upgraded, 15 newly installed, 0 to remove and 1 not upgraded.
Need to get 19.7 MB of archives.
After this operation, 91.7 MB of additional disk space will be used.
Get:1 http://security.debian.org/debian-security stretch/updates/main ppc64el libarchive13 ppc64el 3.2.2-2+deb9u1 [272 kB]
Get:2 http://cdn-fastly.deb.debian.org/debian stretch/main ppc64el cmake-data all 3.7.2-1 [1216 kB]
Get:3 http://cdn-fastly.deb.debian.org/debian stretch/main ppc64el liblzo2-2 ppc64el 2.08-1.2+b2 [51.0 kB]
Get:4 http://cdn-fastly.deb.debian.org/debian stretch/main ppc64el libicu57 ppc64el 57.1-6+deb9u2 [7667 kB]
Get:5 http://cdn-fastly.deb.debian.org/debian stretch/main ppc64el libxml2 ppc64el 2.9.4+dfsg1-2.2+deb9u2 [830 kB]
Get:6 http://cdn-fastly.deb.debian.org/debian stretch/main ppc64el libjsoncpp1 ppc64el 1.7.4-3 [75.8 kB]
Get:7 http://cdn-fastly.deb.debian.org/debian stretch/main ppc64el libuv1 ppc64el 1.9.1-3 [78.3 kB]
Get:8 http://cdn-fastly.deb.debian.org/debian stretch/main ppc64el cmake ppc64el 3.7.2-1 [2872 kB]
Get:9 http://cdn-fastly.deb.debian.org/debian stretch/main ppc64el sgml-base all 1.29 [14.8 kB]
Get:10 http://cdn-fastly.deb.debian.org/debian stretch/main ppc64el xxd ppc64el 2:8.0.0197-4+deb9u1 [132 kB]
Get:11 http://cdn-fastly.deb.debian.org/debian stretch/main ppc64el vim-common all 2:8.0.0197-4+deb9u1 [159 kB]
Get:12 http://cdn-fastly.deb.debian.org/debian stretch/main ppc64el libgpm2 ppc64el 1.20.4-6.2+b1 [33.9 kB]
Get:13 http://cdn-fastly.deb.debian.org/debian stretch/main ppc64el vim-runtime all 2:8.0.0197-4+deb9u1 [5407 kB]
Get:14 http://cdn-fastly.deb.debian.org/debian stretch/main ppc64el vim ppc64el 2:8.0.0197-4+deb9u1 [913 kB]
Get:15 http://cdn-fastly.deb.debian.org/debian stretch/main ppc64el xml-core all 0.17 [23.2 kB]
debconf: delaying package configuration, since apt-utils is not installed
Fetched 19.7 MB in 2s (8845 kB/s)
Selecting previously unselected package cmake-data.
(Reading database ... (Reading database ... 5%(Reading database ... 10%(Reading database ... 15%(Reading database ... 20%(Reading database ... 25%(Reading database ... 30%(Reading database ... 35%(Reading database ... 40%(Reading database ... 45%(Reading database ... 50%(Reading database ... 55%(Reading database ... 60%(Reading database ... 65%(Reading database ... 70%(Reading database ... 75%(Reading database ... 80%(Reading database ... 85%(Reading database ... 90%(Reading database ... 95%(Reading database ... 100%(Reading database ... 14948 files and directories currently installed.)
Preparing to unpack .../00-cmake-data_3.7.2-1_all.deb ...
Unpacking cmake-data (3.7.2-1) ...
Selecting previously unselected package liblzo2-2:ppc64el.
Preparing to unpack .../01-liblzo2-2_2.08-1.2+b2_ppc64el.deb ...
Unpacking liblzo2-2:ppc64el (2.08-1.2+b2) ...
Selecting previously unselected package libicu57:ppc64el.
Preparing to unpack .../02-libicu57_57.1-6+deb9u2_ppc64el.deb ...
Unpacking libicu57:ppc64el (57.1-6+deb9u2) ...
Selecting previously unselected package libxml2:ppc64el.
Preparing to unpack .../03-libxml2_2.9.4+dfsg1-2.2+deb9u2_ppc64el.deb ...
Unpacking libxml2:ppc64el (2.9.4+dfsg1-2.2+deb9u2) ...
Selecting previously unselected package libarchive13:ppc64el.
Preparing to unpack .../04-libarchive13_3.2.2-2+deb9u1_ppc64el.deb ...
Unpacking libarchive13:ppc64el (3.2.2-2+deb9u1) ...
Selecting previously unselected package libjsoncpp1:ppc64el.
Preparing to unpack .../05-libjsoncpp1_1.7.4-3_ppc64el.deb ...
Unpacking libjsoncpp1:ppc64el (1.7.4-3) ...
Selecting previously unselected package libuv1:ppc64el.
Preparing to unpack .../06-libuv1_1.9.1-3_ppc64el.deb ...
Unpacking libuv1:ppc64el (1.9.1-3) ...
Selecting previously unselected package cmake.
Preparing to unpack .../07-cmake_3.7.2-1_ppc64el.deb ...
Unpacking cmake (3.7.2-1) ...
Selecting previously unselected package sgml-base.
Preparing to unpack .../08-sgml-base_1.29_all.deb ...
Unpacking sgml-base (1.29) ...
Selecting previously unselected package xxd.
Preparing to unpack .../09-xxd_2%3a8.0.0197-4+deb9u1_ppc64el.deb ...
Unpacking xxd (2:8.0.0197-4+deb9u1) ...
Selecting previously unselected package vim-common.
Preparing to unpack .../10-vim-common_2%3a8.0.0197-4+deb9u1_all.deb ...
Unpacking vim-common (2:8.0.0197-4+deb9u1) ...
Selecting previously unselected package libgpm2:ppc64el.
Preparing to unpack .../11-libgpm2_1.20.4-6.2+b1_ppc64el.deb ...
Unpacking libgpm2:ppc64el (1.20.4-6.2+b1) ...
Selecting previously unselected package vim-runtime.
Preparing to unpack .../12-vim-runtime_2%3a8.0.0197-4+deb9u1_all.deb ...
Adding 'diversion of /usr/share/vim/vim80/doc/help.txt to /usr/share/vim/vim80/doc/help.txt.vim-tiny by vim-runtime'
Adding 'diversion of /usr/share/vim/vim80/doc/tags to /usr/share/vim/vim80/doc/tags.vim-tiny by vim-runtime'
Unpacking vim-runtime (2:8.0.0197-4+deb9u1) ...
Selecting previously unselected package vim.
Preparing to unpack .../13-vim_2%3a8.0.0197-4+deb9u1_ppc64el.deb ...
Unpacking vim (2:8.0.0197-4+deb9u1) ...
Selecting previously unselected package xml-core.
Preparing to unpack .../14-xml-core_0.17_all.deb ...
Unpacking xml-core (0.17) ...
Processing triggers for mime-support (3.60) ...
Setting up xxd (2:8.0.0197-4+deb9u1) ...
Setting up libgpm2:ppc64el (1.20.4-6.2+b1) ...
Setting up libuv1:ppc64el (1.9.1-3) ...
Setting up cmake-data (3.7.2-1) ...
Setting up sgml-base (1.29) ...
Setting up libicu57:ppc64el (57.1-6+deb9u2) ...
Setting up libxml2:ppc64el (2.9.4+dfsg1-2.2+deb9u2) ...
Processing triggers for libc-bin (2.24-11+deb9u3) ...
Setting up vim-common (2:8.0.0197-4+deb9u1) ...
Setting up vim-runtime (2:8.0.0197-4+deb9u1) ...
Setting up xml-core (0.17) ...
Setting up liblzo2-2:ppc64el (2.08-1.2+b2) ...
Setting up libjsoncpp1:ppc64el (1.7.4-3) ...
Setting up vim (2:8.0.0197-4+deb9u1) ...
update-alternatives: using /usr/bin/vim.basic to provide /usr/bin/vim (vim) in auto mode
update-alternatives: using /usr/bin/vim.basic to provide /usr/bin/vimdiff (vimdiff) in auto mode
update-alternatives: using /usr/bin/vim.basic to provide /usr/bin/rvim (rvim) in auto mode
update-alternatives: using /usr/bin/vim.basic to provide /usr/bin/rview (rview) in auto mode
update-alternatives: using /usr/bin/vim.basic to provide /usr/bin/vi (vi) in auto mode
update-alternatives: using /usr/bin/vim.basic to provide /usr/bin/view (view) in auto mode
update-alternatives: using /usr/bin/vim.basic to provide /usr/bin/ex (ex) in auto mode
update-alternatives: using /usr/bin/vim.basic to provide /usr/bin/editor (editor) in auto mode
Setting up libarchive13:ppc64el (3.2.2-2+deb9u1) ...
Setting up cmake (3.7.2-1) ...
Processing triggers for sgml-base (1.29) ...
Processing triggers for libc-bin (2.24-11+deb9u3) ...
Removing intermediate container 762cca3c0635
 ---> b86b9b5c8a2e
Step 61/94 : COPY hack/dockerfile/install/install.sh ./install.sh
 ---> 24d0d9abb7da
Step 62/94 : ENV INSTALL_BINARY_NAME=tini
 ---> Running in 2eb0f9d0343c
Removing intermediate container 2eb0f9d0343c
 ---> 999a60bafd36
Step 63/94 : COPY hack/dockerfile/install/$INSTALL_BINARY_NAME.installer ./
 ---> 643b170c8b33
Step 64/94 : RUN PREFIX=/build ./install.sh $INSTALL_BINARY_NAME
 ---> Running in 42efa81602aa
+ RM_GOPATH=0
+ TMP_GOPATH=
+ : /build
+ [[ -z '' ]]
++ mktemp -d
+ export GOPATH=/tmp/tmp.NmBwFcFCiA
+ GOPATH=/tmp/tmp.NmBwFcFCiA
+ RM_GOPATH=1
++ dirname ./install.sh
Install tini version fec3683b971d9c3ef73f284f176672c44b448662
+ dir=.
+ bin=tini
+ shift
+ [[ ! -f ./tini.installer ]]
+ . ./tini.installer
++ TINI_COMMIT=fec3683b971d9c3ef73f284f176672c44b448662
+ install_tini
+ echo 'Install tini version fec3683b971d9c3ef73f284f176672c44b448662'
+ git clone https://github.com/krallin/tini.git /tmp/tmp.NmBwFcFCiA/tini
Cloning into '/tmp/tmp.NmBwFcFCiA/tini'...
+ cd /tmp/tmp.NmBwFcFCiA/tini
+ git checkout -q fec3683b971d9c3ef73f284f176672c44b448662
+ cmake .
-- The C compiler identification is GNU 6.3.0
-- Check for working C compiler: /usr/bin/cc
-- Check for working C compiler: /usr/bin/cc -- works
-- Detecting C compiler ABI info
-- Detecting C compiler ABI info - done
-- Detecting C compile features
-- Detecting C compile features - done
-- Performing Test HAS_BUILTIN_FORTIFY
-- Performing Test HAS_BUILTIN_FORTIFY - Failed
-- Configuring done
-- Generating done
-- Build files have been written to: /tmp/tmp.NmBwFcFCiA/tini
+ make tini-static
Scanning dependencies of target tini-static
[ 50%] Building C object CMakeFiles/tini-static.dir/src/tini.c.o
[100%] Linking C executable tini-static
[100%] Built target tini-static
+ mkdir -p /build
+ cp tini-static /build/docker-init
Removing intermediate container 42efa81602aa
 ---> 120fc88c95d1
Step 65/94 : FROM runtime-dev AS dev
 ---> 4174e1ecee2c
Step 66/94 : RUN groupadd -r docker
 ---> Running in b02ee353bea1
Removing intermediate container b02ee353bea1
 ---> 8f28f859314a
Step 67/94 : RUN useradd --create-home --gid docker unprivilegeduser
 ---> Running in 38a15c0296be
Removing intermediate container 38a15c0296be
 ---> 10cc35bd165f
Step 68/94 : RUN ln -sfv /go/src/github.com/docker/docker/.bashrc ~/.bashrc
 ---> Running in 23bf3f9e7657
'/root/.bashrc' -> '/go/src/github.com/docker/docker/.bashrc'
Removing intermediate container 23bf3f9e7657
 ---> adfd1cb44025
Step 69/94 : RUN echo "source /usr/share/bash-completion/bash_completion" >> /etc/bash.bashrc
 ---> Running in f8ffb1029664
Removing intermediate container f8ffb1029664
 ---> e91735a9176b
Step 70/94 : RUN ln -s /usr/local/completion/bash/docker /etc/bash_completion.d/docker
 ---> Running in 431a7d3ab8f0
Removing intermediate container 431a7d3ab8f0
 ---> 4bda4f6f882c
Step 71/94 : RUN ldconfig
 ---> Running in 8e03d35b7832
Removing intermediate container 8e03d35b7832
 ---> 289ee9844d62
Step 72/94 : RUN apt-get update && apt-get install -y 	apparmor 	aufs-tools 	bash-completion 	btrfs-tools 	iptables 	jq 	libcap2-bin 	libdevmapper-dev 	libudev-dev 	libsystemd-dev 	binutils-mingw-w64 	g++-mingw-w64-x86-64 	net-tools 	pigz 	python-dev 	python-pip 	python-setuptools 	python-wheel 	thin-provisioning-tools 	vim 	vim-common 	xfsprogs 	zip 	bzip2 	xz-utils 	--no-install-recommends
 ---> Running in 61810b766e50
Hit:1 http://security.debian.org/debian-security stretch/updates InRelease
Ign:2 http://cdn-fastly.deb.debian.org/debian stretch InRelease
Hit:3 http://cdn-fastly.deb.debian.org/debian stretch-updates InRelease
Hit:4 http://cdn-fastly.deb.debian.org/debian stretch Release
Reading package lists...
Reading package lists...
Building dependency tree...
Reading state information...
The following additional packages will be installed:
  binutils-mingw-w64-i686 binutils-mingw-w64-x86-64 btrfs-progs dh-python
  dmsetup gcc-mingw-w64-base gcc-mingw-w64-x86-64 libaio1 libapparmor-perl
  libdevmapper-event1.02.1 libdevmapper1.02.1 libexpat1-dev libgpm2 libip4tc0
  libip6tc0 libiptc0 libjq1 liblzo2-2 libmpdec2 libnetfilter-conntrack3
  libnfnetlink0 libonig4 libpcre16-3 libpcre3-dev libpcre32-3 libpcrecpp0v5
  libpython-dev libpython2.7 libpython2.7-dev libpython3-stdlib
  libpython3.5-minimal libpython3.5-stdlib libreadline5 libselinux1-dev
  libsepol1-dev libxtables12 mingw-w64-common mingw-w64-x86-64-dev
  python-pip-whl python-pkg-resources python2.7-dev python3 python3-minimal
  python3.5 python3.5-minimal vim-runtime xxd
Suggested packages:
  apparmor-profiles apparmor-profiles-extra apparmor-utils bzip2-doc
  gcc-6-locales kmod gpm wine64 python-setuptools-doc python3-doc python3-tk
  python3-venv python3.5-venv python3.5-doc binfmt-support ctags vim-doc
  vim-scripts xfsdump acl attr quota
Recommended packages:
  aufs-dkms libpam-cap build-essential python-all-dev python-keyring
  python-keyrings.alt python-xdg unzip
The following NEW packages will be installed:
  apparmor aufs-tools bash-completion binutils-mingw-w64
  binutils-mingw-w64-i686 binutils-mingw-w64-x86-64 btrfs-progs btrfs-tools
  bzip2 dh-python dmsetup g++-mingw-w64-x86-64 gcc-mingw-w64-base
  gcc-mingw-w64-x86-64 iptables jq libaio1 libapparmor-perl libcap2-bin
  libdevmapper-dev libdevmapper-event1.02.1 libdevmapper1.02.1 libexpat1-dev
  libgpm2 libip4tc0 libip6tc0 libiptc0 libjq1 liblzo2-2 libmpdec2
  libnetfilter-conntrack3 libnfnetlink0 libonig4 libpcre16-3 libpcre3-dev
  libpcre32-3 libpcrecpp0v5 libpython-dev libpython2.7 libpython2.7-dev
  libpython3-stdlib libpython3.5-minimal libpython3.5-stdlib libreadline5
  libselinux1-dev libsepol1-dev libsystemd-dev libudev-dev libxtables12
  mingw-w64-common mingw-w64-x86-64-dev net-tools pigz python-dev python-pip
  python-pip-whl python-pkg-resources python-setuptools python-wheel
  python2.7-dev python3 python3-minimal python3.5 python3.5-minimal
  thin-provisioning-tools vim vim-common vim-runtime xfsprogs xxd xz-utils zip
0 upgraded, 72 newly installed, 0 to remove and 1 not upgraded.
Need to get 117 MB of archives.
After this operation, 632 MB of additional disk space will be used.
Get:1 http://cdn-fastly.deb.debian.org/debian stretch/main ppc64el bash-completion all 1:2.1-4.3 [178 kB]
Get:2 http://cdn-fastly.deb.debian.org/debian stretch/main ppc64el libnfnetlink0 ppc64el 1.0.1-3 [12.8 kB]
Get:3 http://cdn-fastly.deb.debian.org/debian stretch/main ppc64el libpcrecpp0v5 ppc64el 2:8.39-3 [152 kB]
Get:4 http://cdn-fastly.deb.debian.org/debian stretch/main ppc64el libudev-dev ppc64el 232-25+deb9u6 [91.3 kB]
Get:5 http://cdn-fastly.deb.debian.org/debian stretch/main ppc64el libpython3.5-minimal ppc64el 3.5.3-1+deb9u1 [574 kB]
Get:6 http://cdn-fastly.deb.debian.org/debian stretch/main ppc64el python3.5-minimal ppc64el 3.5.3-1+deb9u1 [1704 kB]
Get:7 http://cdn-fastly.deb.debian.org/debian stretch/main ppc64el python3-minimal ppc64el 3.5.3-1 [35.3 kB]
Get:8 http://cdn-fastly.deb.debian.org/debian stretch/main ppc64el libmpdec2 ppc64el 2.4.2-1 [81.9 kB]
Get:9 http://cdn-fastly.deb.debian.org/debian stretch/main ppc64el libpython3.5-stdlib ppc64el 3.5.3-1+deb9u1 [2179 kB]
Get:10 http://cdn-fastly.deb.debian.org/debian stretch/main ppc64el python3.5 ppc64el 3.5.3-1+deb9u1 [229 kB]
Get:11 http://cdn-fastly.deb.debian.org/debian stretch/main ppc64el libpython3-stdlib ppc64el 3.5.3-1 [18.6 kB]
Get:12 http://cdn-fastly.deb.debian.org/debian stretch/main ppc64el dh-python all 2.20170125 [86.8 kB]
Get:13 http://cdn-fastly.deb.debian.org/debian stretch/main ppc64el python3 ppc64el 3.5.3-1 [21.6 kB]
Get:14 http://cdn-fastly.deb.debian.org/debian stretch/main ppc64el pigz ppc64el 2.3.4-1 [49.4 kB]
Get:15 http://cdn-fastly.deb.debian.org/debian stretch/main ppc64el libip4tc0 ppc64el 1.6.0+snapshot20161117-6 [67.6 kB]
Get:16 http://cdn-fastly.deb.debian.org/debian stretch/main ppc64el libip6tc0 ppc64el 1.6.0+snapshot20161117-6 [67.9 kB]
Get:17 http://cdn-fastly.deb.debian.org/debian stretch/main ppc64el libiptc0 ppc64el 1.6.0+snapshot20161117-6 [57.8 kB]
Get:18 http://cdn-fastly.deb.debian.org/debian stretch/main ppc64el libxtables12 ppc64el 1.6.0+snapshot20161117-6 [74.7 kB]
Get:19 http://cdn-fastly.deb.debian.org/debian stretch/main ppc64el libnetfilter-conntrack3 ppc64el 1.0.6-2 [34.7 kB]
Get:20 http://cdn-fastly.deb.debian.org/debian stretch/main ppc64el iptables ppc64el 1.6.0+snapshot20161117-6 [278 kB]
Get:21 http://cdn-fastly.deb.debian.org/debian stretch/main ppc64el xxd ppc64el 2:8.0.0197-4+deb9u1 [132 kB]
Get:22 http://cdn-fastly.deb.debian.org/debian stretch/main ppc64el vim-common all 2:8.0.0197-4+deb9u1 [159 kB]
Get:23 http://cdn-fastly.deb.debian.org/debian stretch/main ppc64el bzip2 ppc64el 1.0.6-8.1 [46.3 kB]
Get:24 http://cdn-fastly.deb.debian.org/debian stretch/main ppc64el libgpm2 ppc64el 1.20.4-6.2+b1 [33.9 kB]
Get:25 http://cdn-fastly.deb.debian.org/debian stretch/main ppc64el xz-utils ppc64el 5.2.2-1.2+b1 [262 kB]
Get:26 http://cdn-fastly.deb.debian.org/debian stretch/main ppc64el aufs-tools ppc64el 1:4.1+20161219-1 [102 kB]
Get:27 http://cdn-fastly.deb.debian.org/debian stretch/main ppc64el liblzo2-2 ppc64el 2.08-1.2+b2 [51.0 kB]
Get:28 http://cdn-fastly.deb.debian.org/debian stretch/main ppc64el btrfs-progs ppc64el 4.7.3-1 [520 kB]
Get:29 http://cdn-fastly.deb.debian.org/debian stretch/main ppc64el btrfs-tools ppc64el 4.7.3-1 [16.9 kB]
Get:30 http://cdn-fastly.deb.debian.org/debian stretch/main ppc64el libdevmapper1.02.1 ppc64el 2:1.02.137-2 [150 kB]
Get:31 http://cdn-fastly.deb.debian.org/debian stretch/main ppc64el dmsetup ppc64el 2:1.02.137-2 [102 kB]
Get:32 http://cdn-fastly.deb.debian.org/debian stretch/main ppc64el libonig4 ppc64el 6.1.3-2 [140 kB]
Get:33 http://cdn-fastly.deb.debian.org/debian stretch/main ppc64el libjq1 ppc64el 1.5+dfsg-1.3 [111 kB]
Get:34 http://cdn-fastly.deb.debian.org/debian stretch/main ppc64el jq ppc64el 1.5+dfsg-1.3 [58.9 kB]
Get:35 http://cdn-fastly.deb.debian.org/debian stretch/main ppc64el libaio1 ppc64el 0.3.110-3 [9514 B]
Get:36 http://cdn-fastly.deb.debian.org/debian stretch/main ppc64el libcap2-bin ppc64el 1:2.25-1 [27.2 kB]
Get:37 http://cdn-fastly.deb.debian.org/debian stretch/main ppc64el libdevmapper-event1.02.1 ppc64el 2:1.02.137-2 [41.0 kB]
Get:38 http://cdn-fastly.deb.debian.org/debian stretch/main ppc64el libsepol1-dev ppc64el 2.6-2 [294 kB]
Get:39 http://cdn-fastly.deb.debian.org/debian stretch/main ppc64el libpcre16-3 ppc64el 2:8.39-3 [239 kB]
Get:40 http://cdn-fastly.deb.debian.org/debian stretch/main ppc64el libpcre32-3 ppc64el 2:8.39-3 [232 kB]
Get:41 http://cdn-fastly.deb.debian.org/debian stretch/main ppc64el libpcre3-dev ppc64el 2:8.39-3 [586 kB]
Get:42 http://cdn-fastly.deb.debian.org/debian stretch/main ppc64el libselinux1-dev ppc64el 2.6-3+b3 [183 kB]
Get:43 http://cdn-fastly.deb.debian.org/debian stretch/main ppc64el libdevmapper-dev ppc64el 2:1.02.137-2 [68.6 kB]
Get:44 http://cdn-fastly.deb.debian.org/debian stretch/main ppc64el libexpat1-dev ppc64el 2.2.0-2+deb9u1 [126 kB]
Get:45 http://cdn-fastly.deb.debian.org/debian stretch/main ppc64el libpython2.7 ppc64el 2.7.13-2+deb9u3 [962 kB]
Get:46 http://cdn-fastly.deb.debian.org/debian stretch/main ppc64el libpython2.7-dev ppc64el 2.7.13-2+deb9u3 [28.2 MB]
Get:47 http://cdn-fastly.deb.debian.org/debian stretch/main ppc64el libpython-dev ppc64el 2.7.13-2 [20.1 kB]
Get:48 http://cdn-fastly.deb.debian.org/debian stretch/main ppc64el libreadline5 ppc64el 5.2+dfsg-3+b1 [111 kB]
Get:49 http://cdn-fastly.deb.debian.org/debian stretch/main ppc64el libsystemd-dev ppc64el 232-25+deb9u6 [1716 kB]
Get:50 http://cdn-fastly.deb.debian.org/debian stretch/main ppc64el net-tools ppc64el 1.60+git20161116.90da8a0-1 [235 kB]
Get:51 http://cdn-fastly.deb.debian.org/debian stretch/main ppc64el python2.7-dev ppc64el 2.7.13-2+deb9u3 [288 kB]
Get:52 http://cdn-fastly.deb.debian.org/debian stretch/main ppc64el python-dev ppc64el 2.7.13-2 [1126 B]
Get:53 http://cdn-fastly.deb.debian.org/debian stretch/main ppc64el python-pip-whl all 9.0.1-2 [1406 kB]
Get:54 http://cdn-fastly.deb.debian.org/debian stretch/main ppc64el python-pip all 9.0.1-2 [179 kB]
Get:55 http://cdn-fastly.deb.debian.org/debian stretch/main ppc64el python-pkg-resources all 33.1.1-1 [166 kB]
Get:56 http://cdn-fastly.deb.debian.org/debian stretch/main ppc64el python-setuptools all 33.1.1-1 [297 kB]
Get:57 http://cdn-fastly.deb.debian.org/debian stretch/main ppc64el python-wheel all 0.29.0-2 [51.7 kB]
Get:58 http://cdn-fastly.deb.debian.org/debian stretch/main ppc64el thin-provisioning-tools ppc64el 0.6.1-4+b1 [326 kB]
Get:59 http://cdn-fastly.deb.debian.org/debian stretch/main ppc64el vim-runtime all 2:8.0.0197-4+deb9u1 [5407 kB]
Get:60 http://cdn-fastly.deb.debian.org/debian stretch/main ppc64el vim ppc64el 2:8.0.0197-4+deb9u1 [913 kB]
Get:61 http://cdn-fastly.deb.debian.org/debian stretch/main ppc64el xfsprogs ppc64el 4.9.0+nmu1 [729 kB]
Get:62 http://cdn-fastly.deb.debian.org/debian stretch/main ppc64el zip ppc64el 3.0-11+b1 [223 kB]
Get:63 http://cdn-fastly.deb.debian.org/debian stretch/main ppc64el libapparmor-perl ppc64el 2.11.0-3+deb9u2 [78.9 kB]
Get:64 http://cdn-fastly.deb.debian.org/debian stretch/main ppc64el apparmor ppc64el 2.11.0-3+deb9u2 [527 kB]
Get:65 http://cdn-fastly.deb.debian.org/debian stretch/main ppc64el binutils-mingw-w64-i686 ppc64el 2.28-5+7.4+b4 [1957 kB]
Get:66 http://cdn-fastly.deb.debian.org/debian stretch/main ppc64el binutils-mingw-w64-x86-64 ppc64el 2.28-5+7.4+b4 [2454 kB]
Get:67 http://cdn-fastly.deb.debian.org/debian stretch/main ppc64el binutils-mingw-w64 all 2.27.90.20161231-1+7.4 [136 kB]
Get:68 http://cdn-fastly.deb.debian.org/debian stretch/main ppc64el mingw-w64-common all 5.0.1-1 [4764 kB]
Get:69 http://cdn-fastly.deb.debian.org/debian stretch/main ppc64el mingw-w64-x86-64-dev all 5.0.1-1 [3342 kB]
Get:70 http://cdn-fastly.deb.debian.org/debian stretch/main ppc64el gcc-mingw-w64-base ppc64el 6.3.0-18+19.3+b3 [170 kB]
Get:71 http://cdn-fastly.deb.debian.org/debian stretch/main ppc64el gcc-mingw-w64-x86-64 ppc64el 6.3.0-18+19.3+b3 [31.0 MB]
Get:72 http://cdn-fastly.deb.debian.org/debian stretch/main ppc64el g++-mingw-w64-x86-64 ppc64el 6.3.0-18+19.3+b3 [21.6 MB]
debconf: delaying package configuration, since apt-utils is not installed
Fetched 117 MB in 5s (22.3 MB/s)
Selecting previously unselected package bash-completion.
(Reading database ... (Reading database ... 5%(Reading database ... 10%(Reading database ... 15%(Reading database ... 20%(Reading database ... 25%(Reading database ... 30%(Reading database ... 35%(Reading database ... 40%(Reading database ... 45%(Reading database ... 50%(Reading database ... 55%(Reading database ... 60%(Reading database ... 65%(Reading database ... 70%(Reading database ... 75%(Reading database ... 80%(Reading database ... 85%(Reading database ... 90%(Reading database ... 95%(Reading database ... 100%(Reading database ... 15018 files and directories currently installed.)
Preparing to unpack .../00-bash-completion_1%3a2.1-4.3_all.deb ...
Unpacking bash-completion (1:2.1-4.3) ...
Selecting previously unselected package libnfnetlink0:ppc64el.
Preparing to unpack .../01-libnfnetlink0_1.0.1-3_ppc64el.deb ...
Unpacking libnfnetlink0:ppc64el (1.0.1-3) ...
Selecting previously unselected package libpcrecpp0v5:ppc64el.
Preparing to unpack .../02-libpcrecpp0v5_2%3a8.39-3_ppc64el.deb ...
Unpacking libpcrecpp0v5:ppc64el (2:8.39-3) ...
Selecting previously unselected package libudev-dev:ppc64el.
Preparing to unpack .../03-libudev-dev_232-25+deb9u6_ppc64el.deb ...
Unpacking libudev-dev:ppc64el (232-25+deb9u6) ...
Selecting previously unselected package libpython3.5-minimal:ppc64el.
Preparing to unpack .../04-libpython3.5-minimal_3.5.3-1+deb9u1_ppc64el.deb ...
Unpacking libpython3.5-minimal:ppc64el (3.5.3-1+deb9u1) ...
Selecting previously unselected package python3.5-minimal.
Preparing to unpack .../05-python3.5-minimal_3.5.3-1+deb9u1_ppc64el.deb ...
Unpacking python3.5-minimal (3.5.3-1+deb9u1) ...
Selecting previously unselected package python3-minimal.
Preparing to unpack .../06-python3-minimal_3.5.3-1_ppc64el.deb ...
Unpacking python3-minimal (3.5.3-1) ...
Selecting previously unselected package libmpdec2:ppc64el.
Preparing to unpack .../07-libmpdec2_2.4.2-1_ppc64el.deb ...
Unpacking libmpdec2:ppc64el (2.4.2-1) ...
Selecting previously unselected package libpython3.5-stdlib:ppc64el.
Preparing to unpack .../08-libpython3.5-stdlib_3.5.3-1+deb9u1_ppc64el.deb ...
Unpacking libpython3.5-stdlib:ppc64el (3.5.3-1+deb9u1) ...
Selecting previously unselected package python3.5.
Preparing to unpack .../09-python3.5_3.5.3-1+deb9u1_ppc64el.deb ...
Unpacking python3.5 (3.5.3-1+deb9u1) ...
Selecting previously unselected package libpython3-stdlib:ppc64el.
Preparing to unpack .../10-libpython3-stdlib_3.5.3-1_ppc64el.deb ...
Unpacking libpython3-stdlib:ppc64el (3.5.3-1) ...
Selecting previously unselected package dh-python.
Preparing to unpack .../11-dh-python_2.20170125_all.deb ...
Unpacking dh-python (2.20170125) ...
Setting up libpython3.5-minimal:ppc64el (3.5.3-1+deb9u1) ...
Setting up python3.5-minimal (3.5.3-1+deb9u1) ...
Setting up python3-minimal (3.5.3-1) ...
Selecting previously unselected package python3.
(Reading database ... (Reading database ... 5%(Reading database ... 10%(Reading database ... 15%(Reading database ... 20%(Reading database ... 25%(Reading database ... 30%(Reading database ... 35%(Reading database ... 40%(Reading database ... 45%(Reading database ... 50%(Reading database ... 55%(Reading database ... 60%(Reading database ... 65%(Reading database ... 70%(Reading database ... 75%(Reading database ... 80%(Reading database ... 85%(Reading database ... 90%(Reading database ... 95%(Reading database ... 100%(Reading database ... 16595 files and directories currently installed.)
Preparing to unpack .../00-python3_3.5.3-1_ppc64el.deb ...
Unpacking python3 (3.5.3-1) ...
Selecting previously unselected package pigz.
Preparing to unpack .../01-pigz_2.3.4-1_ppc64el.deb ...
Unpacking pigz (2.3.4-1) ...
Selecting previously unselected package libip4tc0:ppc64el.
Preparing to unpack .../02-libip4tc0_1.6.0+snapshot20161117-6_ppc64el.deb ...
Unpacking libip4tc0:ppc64el (1.6.0+snapshot20161117-6) ...
Selecting previously unselected package libip6tc0:ppc64el.
Preparing to unpack .../03-libip6tc0_1.6.0+snapshot20161117-6_ppc64el.deb ...
Unpacking libip6tc0:ppc64el (1.6.0+snapshot20161117-6) ...
Selecting previously unselected package libiptc0:ppc64el.
Preparing to unpack .../04-libiptc0_1.6.0+snapshot20161117-6_ppc64el.deb ...
Unpacking libiptc0:ppc64el (1.6.0+snapshot20161117-6) ...
Selecting previously unselected package libxtables12:ppc64el.
Preparing to unpack .../05-libxtables12_1.6.0+snapshot20161117-6_ppc64el.deb ...
Unpacking libxtables12:ppc64el (1.6.0+snapshot20161117-6) ...
Selecting previously unselected package libnetfilter-conntrack3:ppc64el.
Preparing to unpack .../06-libnetfilter-conntrack3_1.0.6-2_ppc64el.deb ...
Unpacking libnetfilter-conntrack3:ppc64el (1.0.6-2) ...
Selecting previously unselected package iptables.
Preparing to unpack .../07-iptables_1.6.0+snapshot20161117-6_ppc64el.deb ...
Unpacking iptables (1.6.0+snapshot20161117-6) ...
Selecting previously unselected package xxd.
Preparing to unpack .../08-xxd_2%3a8.0.0197-4+deb9u1_ppc64el.deb ...
Unpacking xxd (2:8.0.0197-4+deb9u1) ...
Selecting previously unselected package vim-common.
Preparing to unpack .../09-vim-common_2%3a8.0.0197-4+deb9u1_all.deb ...
Unpacking vim-common (2:8.0.0197-4+deb9u1) ...
Selecting previously unselected package bzip2.
Preparing to unpack .../10-bzip2_1.0.6-8.1_ppc64el.deb ...
Unpacking bzip2 (1.0.6-8.1) ...
Selecting previously unselected package libgpm2:ppc64el.
Preparing to unpack .../11-libgpm2_1.20.4-6.2+b1_ppc64el.deb ...
Unpacking libgpm2:ppc64el (1.20.4-6.2+b1) ...
Selecting previously unselected package xz-utils.
Preparing to unpack .../12-xz-utils_5.2.2-1.2+b1_ppc64el.deb ...
Unpacking xz-utils (5.2.2-1.2+b1) ...
Selecting previously unselected package aufs-tools.
Preparing to unpack .../13-aufs-tools_1%3a4.1+20161219-1_ppc64el.deb ...
Unpacking aufs-tools (1:4.1+20161219-1) ...
Selecting previously unselected package liblzo2-2:ppc64el.
Preparing to unpack .../14-liblzo2-2_2.08-1.2+b2_ppc64el.deb ...
Unpacking liblzo2-2:ppc64el (2.08-1.2+b2) ...
Selecting previously unselected package btrfs-progs.
Preparing to unpack .../15-btrfs-progs_4.7.3-1_ppc64el.deb ...
Unpacking btrfs-progs (4.7.3-1) ...
Selecting previously unselected package btrfs-tools.
Preparing to unpack .../16-btrfs-tools_4.7.3-1_ppc64el.deb ...
Unpacking btrfs-tools (4.7.3-1) ...
Selecting previously unselected package libdevmapper1.02.1:ppc64el.
Preparing to unpack .../17-libdevmapper1.02.1_2%3a1.02.137-2_ppc64el.deb ...
Unpacking libdevmapper1.02.1:ppc64el (2:1.02.137-2) ...
Selecting previously unselected package dmsetup.
Preparing to unpack .../18-dmsetup_2%3a1.02.137-2_ppc64el.deb ...
Unpacking dmsetup (2:1.02.137-2) ...
Selecting previously unselected package libonig4:ppc64el.
Preparing to unpack .../19-libonig4_6.1.3-2_ppc64el.deb ...
Unpacking libonig4:ppc64el (6.1.3-2) ...
Selecting previously unselected package libjq1:ppc64el.
Preparing to unpack .../20-libjq1_1.5+dfsg-1.3_ppc64el.deb ...
Unpacking libjq1:ppc64el (1.5+dfsg-1.3) ...
Selecting previously unselected package jq.
Preparing to unpack .../21-jq_1.5+dfsg-1.3_ppc64el.deb ...
Unpacking jq (1.5+dfsg-1.3) ...
Selecting previously unselected package libaio1:ppc64el.
Preparing to unpack .../22-libaio1_0.3.110-3_ppc64el.deb ...
Unpacking libaio1:ppc64el (0.3.110-3) ...
Selecting previously unselected package libcap2-bin.
Preparing to unpack .../23-libcap2-bin_1%3a2.25-1_ppc64el.deb ...
Unpacking libcap2-bin (1:2.25-1) ...
Selecting previously unselected package libdevmapper-event1.02.1:ppc64el.
Preparing to unpack .../24-libdevmapper-event1.02.1_2%3a1.02.137-2_ppc64el.deb ...
Unpacking libdevmapper-event1.02.1:ppc64el (2:1.02.137-2) ...
Selecting previously unselected package libsepol1-dev:ppc64el.
Preparing to unpack .../25-libsepol1-dev_2.6-2_ppc64el.deb ...
Unpacking libsepol1-dev:ppc64el (2.6-2) ...
Selecting previously unselected package libpcre16-3:ppc64el.
Preparing to unpack .../26-libpcre16-3_2%3a8.39-3_ppc64el.deb ...
Unpacking libpcre16-3:ppc64el (2:8.39-3) ...
Selecting previously unselected package libpcre32-3:ppc64el.
Preparing to unpack .../27-libpcre32-3_2%3a8.39-3_ppc64el.deb ...
Unpacking libpcre32-3:ppc64el (2:8.39-3) ...
Selecting previously unselected package libpcre3-dev:ppc64el.
Preparing to unpack .../28-libpcre3-dev_2%3a8.39-3_ppc64el.deb ...
Unpacking libpcre3-dev:ppc64el (2:8.39-3) ...
Selecting previously unselected package libselinux1-dev:ppc64el.
Preparing to unpack .../29-libselinux1-dev_2.6-3+b3_ppc64el.deb ...
Unpacking libselinux1-dev:ppc64el (2.6-3+b3) ...
Selecting previously unselected package libdevmapper-dev:ppc64el.
Preparing to unpack .../30-libdevmapper-dev_2%3a1.02.137-2_ppc64el.deb ...
Unpacking libdevmapper-dev:ppc64el (2:1.02.137-2) ...
Selecting previously unselected package libexpat1-dev:ppc64el.
Preparing to unpack .../31-libexpat1-dev_2.2.0-2+deb9u1_ppc64el.deb ...
Unpacking libexpat1-dev:ppc64el (2.2.0-2+deb9u1) ...
Selecting previously unselected package libpython2.7:ppc64el.
Preparing to unpack .../32-libpython2.7_2.7.13-2+deb9u3_ppc64el.deb ...
Unpacking libpython2.7:ppc64el (2.7.13-2+deb9u3) ...
Selecting previously unselected package libpython2.7-dev:ppc64el.
Preparing to unpack .../33-libpython2.7-dev_2.7.13-2+deb9u3_ppc64el.deb ...
Unpacking libpython2.7-dev:ppc64el (2.7.13-2+deb9u3) ...
Selecting previously unselected package libpython-dev:ppc64el.
Preparing to unpack .../34-libpython-dev_2.7.13-2_ppc64el.deb ...
Unpacking libpython-dev:ppc64el (2.7.13-2) ...
Selecting previously unselected package libreadline5:ppc64el.
Preparing to unpack .../35-libreadline5_5.2+dfsg-3+b1_ppc64el.deb ...
Unpacking libreadline5:ppc64el (5.2+dfsg-3+b1) ...
Selecting previously unselected package libsystemd-dev:ppc64el.
Preparing to unpack .../36-libsystemd-dev_232-25+deb9u6_ppc64el.deb ...
Unpacking libsystemd-dev:ppc64el (232-25+deb9u6) ...
Selecting previously unselected package net-tools.
Preparing to unpack .../37-net-tools_1.60+git20161116.90da8a0-1_ppc64el.deb ...
Unpacking net-tools (1.60+git20161116.90da8a0-1) ...
Selecting previously unselected package python2.7-dev.
Preparing to unpack .../38-python2.7-dev_2.7.13-2+deb9u3_ppc64el.deb ...
Unpacking python2.7-dev (2.7.13-2+deb9u3) ...
Selecting previously unselected package python-dev.
Preparing to unpack .../39-python-dev_2.7.13-2_ppc64el.deb ...
Unpacking python-dev (2.7.13-2) ...
Selecting previously unselected package python-pip-whl.
Preparing to unpack .../40-python-pip-whl_9.0.1-2_all.deb ...
Unpacking python-pip-whl (9.0.1-2) ...
Selecting previously unselected package python-pip.
Preparing to unpack .../41-python-pip_9.0.1-2_all.deb ...
Unpacking python-pip (9.0.1-2) ...
Selecting previously unselected package python-pkg-resources.
Preparing to unpack .../42-python-pkg-resources_33.1.1-1_all.deb ...
Unpacking python-pkg-resources (33.1.1-1) ...
Selecting previously unselected package python-setuptools.
Preparing to unpack .../43-python-setuptools_33.1.1-1_all.deb ...
Unpacking python-setuptools (33.1.1-1) ...
Selecting previously unselected package python-wheel.
Preparing to unpack .../44-python-wheel_0.29.0-2_all.deb ...
Unpacking python-wheel (0.29.0-2) ...
Selecting previously unselected package thin-provisioning-tools.
Preparing to unpack .../45-thin-provisioning-tools_0.6.1-4+b1_ppc64el.deb ...
Unpacking thin-provisioning-tools (0.6.1-4+b1) ...
Selecting previously unselected package vim-runtime.
Preparing to unpack .../46-vim-runtime_2%3a8.0.0197-4+deb9u1_all.deb ...
Adding 'diversion of /usr/share/vim/vim80/doc/help.txt to /usr/share/vim/vim80/doc/help.txt.vim-tiny by vim-runtime'
Adding 'diversion of /usr/share/vim/vim80/doc/tags to /usr/share/vim/vim80/doc/tags.vim-tiny by vim-runtime'
Unpacking vim-runtime (2:8.0.0197-4+deb9u1) ...
Selecting previously unselected package vim.
Preparing to unpack .../47-vim_2%3a8.0.0197-4+deb9u1_ppc64el.deb ...
Unpacking vim (2:8.0.0197-4+deb9u1) ...
Selecting previously unselected package xfsprogs.
Preparing to unpack .../48-xfsprogs_4.9.0+nmu1_ppc64el.deb ...
Unpacking xfsprogs (4.9.0+nmu1) ...
Selecting previously unselected package zip.
Preparing to unpack .../49-zip_3.0-11+b1_ppc64el.deb ...
Unpacking zip (3.0-11+b1) ...
Selecting previously unselected package libapparmor-perl.
Preparing to unpack .../50-libapparmor-perl_2.11.0-3+deb9u2_ppc64el.deb ...
Unpacking libapparmor-perl (2.11.0-3+deb9u2) ...
Selecting previously unselected package apparmor.
Preparing to unpack .../51-apparmor_2.11.0-3+deb9u2_ppc64el.deb ...
Unpacking apparmor (2.11.0-3+deb9u2) ...
Selecting previously unselected package binutils-mingw-w64-i686.
Preparing to unpack .../52-binutils-mingw-w64-i686_2.28-5+7.4+b4_ppc64el.deb ...
Unpacking binutils-mingw-w64-i686 (2.28-5+7.4+b4) ...
Selecting previously unselected package binutils-mingw-w64-x86-64.
Preparing to unpack .../53-binutils-mingw-w64-x86-64_2.28-5+7.4+b4_ppc64el.deb ...
Unpacking binutils-mingw-w64-x86-64 (2.28-5+7.4+b4) ...
Selecting previously unselected package binutils-mingw-w64.
Preparing to unpack .../54-binutils-mingw-w64_2.27.90.20161231-1+7.4_all.deb ...
Unpacking binutils-mingw-w64 (2.27.90.20161231-1+7.4) ...
Selecting previously unselected package mingw-w64-common.
Preparing to unpack .../55-mingw-w64-common_5.0.1-1_all.deb ...
Unpacking mingw-w64-common (5.0.1-1) ...
Selecting previously unselected package mingw-w64-x86-64-dev.
Preparing to unpack .../56-mingw-w64-x86-64-dev_5.0.1-1_all.deb ...
Unpacking mingw-w64-x86-64-dev (5.0.1-1) ...
Selecting previously unselected package gcc-mingw-w64-base.
Preparing to unpack .../57-gcc-mingw-w64-base_6.3.0-18+19.3+b3_ppc64el.deb ...
Unpacking gcc-mingw-w64-base (6.3.0-18+19.3+b3) ...
Selecting previously unselected package gcc-mingw-w64-x86-64.
Preparing to unpack .../58-gcc-mingw-w64-x86-64_6.3.0-18+19.3+b3_ppc64el.deb ...
Unpacking gcc-mingw-w64-x86-64 (6.3.0-18+19.3+b3) ...
Selecting previously unselected package g++-mingw-w64-x86-64.
Preparing to unpack .../59-g++-mingw-w64-x86-64_6.3.0-18+19.3+b3_ppc64el.deb ...
Unpacking g++-mingw-w64-x86-64 (6.3.0-18+19.3+b3) ...
Setting up aufs-tools (1:4.1+20161219-1) ...
Setting up binutils-mingw-w64-x86-64 (2.28-5+7.4+b4) ...
Setting up libsepol1-dev:ppc64el (2.6-2) ...
Setting up python-pip-whl (9.0.1-2) ...
Setting up libip4tc0:ppc64el (1.6.0+snapshot20161117-6) ...
Processing triggers for mime-support (3.60) ...
Setting up xxd (2:8.0.0197-4+deb9u1) ...
Setting up libgpm2:ppc64el (1.20.4-6.2+b1) ...
Setting up libcap2-bin (1:2.25-1) ...
Setting up binutils-mingw-w64-i686 (2.28-5+7.4+b4) ...
Setting up binutils-mingw-w64 (2.27.90.20161231-1+7.4) ...
Setting up bash-completion (1:2.1-4.3) ...
Setting up libonig4:ppc64el (6.1.3-2) ...
Setting up python-wheel (0.29.0-2) ...
Setting up python-pkg-resources (33.1.1-1) ...
Setting up zip (3.0-11+b1) ...
Setting up bzip2 (1.0.6-8.1) ...
Setting up gcc-mingw-w64-base (6.3.0-18+19.3+b3) ...
Setting up libjq1:ppc64el (1.5+dfsg-1.3) ...
Processing triggers for libc-bin (2.24-11+deb9u3) ...
Setting up libaio1:ppc64el (0.3.110-3) ...
Setting up libxtables12:ppc64el (1.6.0+snapshot20161117-6) ...
Setting up xz-utils (5.2.2-1.2+b1) ...
update-alternatives: using /usr/bin/xz to provide /usr/bin/lzma (lzma) in auto mode
Setting up thin-provisioning-tools (0.6.1-4+b1) ...
Setting up libpython2.7:ppc64el (2.7.13-2+deb9u3) ...
Setting up vim-common (2:8.0.0197-4+deb9u1) ...
Setting up libexpat1-dev:ppc64el (2.2.0-2+deb9u1) ...
Setting up libpcrecpp0v5:ppc64el (2:8.39-3) ...
Setting up libpcre32-3:ppc64el (2:8.39-3) ...
Setting up libnfnetlink0:ppc64el (1.0.1-3) ...
Setting up vim-runtime (2:8.0.0197-4+deb9u1) ...
Setting up libsystemd-dev:ppc64el (232-25+deb9u6) ...
Setting up libpython2.7-dev:ppc64el (2.7.13-2+deb9u3) ...
Setting up libpcre16-3:ppc64el (2:8.39-3) ...
Setting up libreadline5:ppc64el (5.2+dfsg-3+b1) ...
Setting up net-tools (1.60+git20161116.90da8a0-1) ...
Setting up python-pip (9.0.1-2) ...
Setting up libudev-dev:ppc64el (232-25+deb9u6) ...
Setting up python2.7-dev (2.7.13-2+deb9u3) ...
Setting up pigz (2.3.4-1) ...
Setting up libapparmor-perl (2.11.0-3+deb9u2) ...
Setting up libmpdec2:ppc64el (2.4.2-1) ...
Setting up libip6tc0:ppc64el (1.6.0+snapshot20161117-6) ...
Setting up mingw-w64-common (5.0.1-1) ...
Setting up liblzo2-2:ppc64el (2.08-1.2+b2) ...
Setting up libpython-dev:ppc64el (2.7.13-2) ...
Setting up python-setuptools (33.1.1-1) ...
Setting up jq (1.5+dfsg-1.3) ...
Setting up libpcre3-dev:ppc64el (2:8.39-3) ...
Setting up libnetfilter-conntrack3:ppc64el (1.0.6-2) ...
Setting up xfsprogs (4.9.0+nmu1) ...
Setting up vim (2:8.0.0197-4+deb9u1) ...
update-alternatives: using /usr/bin/vim.basic to provide /usr/bin/vim (vim) in auto mode
update-alternatives: using /usr/bin/vim.basic to provide /usr/bin/vimdiff (vimdiff) in auto mode
update-alternatives: using /usr/bin/vim.basic to provide /usr/bin/rvim (rvim) in auto mode
update-alternatives: using /usr/bin/vim.basic to provide /usr/bin/rview (rview) in auto mode
update-alternatives: using /usr/bin/vim.basic to provide /usr/bin/vi (vi) in auto mode
update-alternatives: using /usr/bin/vim.basic to provide /usr/bin/view (view) in auto mode
update-alternatives: using /usr/bin/vim.basic to provide /usr/bin/ex (ex) in auto mode
update-alternatives: using /usr/bin/vim.basic to provide /usr/bin/editor (editor) in auto mode
Setting up python-dev (2.7.13-2) ...
Setting up libpython3.5-stdlib:ppc64el (3.5.3-1+deb9u1) ...
Setting up libiptc0:ppc64el (1.6.0+snapshot20161117-6) ...
Setting up mingw-w64-x86-64-dev (5.0.1-1) ...
Setting up iptables (1.6.0+snapshot20161117-6) ...
Setting up btrfs-progs (4.7.3-1) ...
Setting up libselinux1-dev:ppc64el (2.6-3+b3) ...
Setting up python3.5 (3.5.3-1+deb9u1) ...
Setting up libpython3-stdlib:ppc64el (3.5.3-1) ...
Setting up gcc-mingw-w64-x86-64 (6.3.0-18+19.3+b3) ...
update-alternatives: using /usr/bin/x86_64-w64-mingw32-gcc-posix to provide /usr/bin/x86_64-w64-mingw32-gcc (x86_64-w64-mingw32-gcc) in auto mode
update-alternatives: warning: skip creation of /usr/bin/x86_64-w64-mingw32-gcc-6 because associated file /usr/bin/x86_64-w64-mingw32-gcc-6-posix (of link group x86_64-w64-mingw32-gcc) doesn't exist
update-alternatives: using /usr/bin/x86_64-w64-mingw32-gcc-win32 to provide /usr/bin/x86_64-w64-mingw32-gcc (x86_64-w64-mingw32-gcc) in auto mode
update-alternatives: warning: skip creation of /usr/bin/x86_64-w64-mingw32-gcc-6 because associated file /usr/bin/x86_64-w64-mingw32-gcc-6-win32 (of link group x86_64-w64-mingw32-gcc) doesn't exist
Setting up btrfs-tools (4.7.3-1) ...
Setting up g++-mingw-w64-x86-64 (6.3.0-18+19.3+b3) ...
update-alternatives: using /usr/bin/x86_64-w64-mingw32-g++-posix to provide /usr/bin/x86_64-w64-mingw32-g++ (x86_64-w64-mingw32-g++) in auto mode
update-alternatives: using /usr/bin/x86_64-w64-mingw32-g++-win32 to provide /usr/bin/x86_64-w64-mingw32-g++ (x86_64-w64-mingw32-g++) in auto mode
Setting up python3 (3.5.3-1) ...
running python rtupdate hooks for python3.5...
running python post-rtupdate hooks for python3.5...
Setting up apparmor (2.11.0-3+deb9u2) ...
debconf: unable to initialize frontend: Dialog
debconf: (TERM is not set, so the dialog frontend is not usable.)
debconf: falling back to frontend: Readline
update-rc.d: warning: start and stop actions are no longer supported; falling back to defaults
diff: /var/lib/apparmor/profiles/.apparmor.md5sums: No such file or directory
Setting up libdevmapper1.02.1:ppc64el (2:1.02.137-2) ...
Setting up libdevmapper-event1.02.1:ppc64el (2:1.02.137-2) ...
Setting up dmsetup (2:1.02.137-2) ...
Setting up dh-python (2.20170125) ...
Setting up libdevmapper-dev:ppc64el (2:1.02.137-2) ...
Processing triggers for libc-bin (2.24-11+deb9u3) ...
Removing intermediate container 61810b766e50
 ---> e7ffc4a34c7c
Step 73/94 : RUN	pip install yamllint==1.5.0
 ---> Running in 5427d989bc18
Collecting yamllint==1.5.0
  Downloading https://files.pythonhosted.org/packages/64/93/2a2e99b04f4a2f2adb26f4f543770310bf6303b3af492345c4a700d14f4e/yamllint-1.5.0-py2.py3-none-any.whl
Collecting pyyaml (from yamllint==1.5.0)
  Downloading https://files.pythonhosted.org/packages/9e/a3/1d13970c3f36777c583f136c136f804d70f500168edc1edea6daa7200769/PyYAML-3.13.tar.gz (270kB)
Building wheels for collected packages: pyyaml
  Running setup.py bdist_wheel for pyyaml: started
  Running setup.py bdist_wheel for pyyaml: finished with status 'done'
  Stored in directory: /root/.cache/pip/wheels/ad/da/0c/74eb680767247273e2cf2723482cb9c924fe70af57c334513f
Successfully built pyyaml
Installing collected packages: pyyaml, yamllint
Successfully installed pyyaml-3.13 yamllint-1.5.0
Removing intermediate container 5427d989bc18
 ---> 64dc2ff8f2f6
Step 74/94 : COPY --from=docker-py /build/ /docker-py
 ---> 3aa7d789d000
Step 75/94 : RUN cd /docker-py && pip install -r requirements.txt -r test-requirements.txt
 ---> Running in c4489d614e26
Ignoring cryptography: markers 'python_version == "3.3"' don't match your environment
Ignoring cryptography: markers 'python_version > "3.3"' don't match your environment
Ignoring pypiwin32: markers 'sys_platform == "win32" and python_version < "3.6"' don't match your environment
Ignoring pypiwin32: markers 'sys_platform == "win32" and python_version >= "3.6"' don't match your environment
Ignoring urllib3: markers 'python_version == "3.3"' don't match your environment
Ignoring flake8: markers 'python_version == "3.3"' don't match your environment
Ignoring pytest: markers 'python_version == "3.3"' don't match your environment
Ignoring pytest-cov: markers 'python_version == "3.3"' don't match your environment
Collecting appdirs==1.4.3 (from -r requirements.txt (line 1))
  Downloading https://files.pythonhosted.org/packages/56/eb/810e700ed1349edde4cbdc1b2a21e28cdf115f9faf263f6bbf8447c1abf3/appdirs-1.4.3-py2.py3-none-any.whl
Collecting asn1crypto==0.22.0 (from -r requirements.txt (line 2))
  Downloading https://files.pythonhosted.org/packages/97/ba/7e8117d8efcee589f4d96dd2b2eb1d997f96d27d214cf2b7134ad8acf6ab/asn1crypto-0.22.0-py2.py3-none-any.whl (97kB)
Collecting backports.ssl-match-hostname==3.5.0.1 (from -r requirements.txt (line 3))
  Downloading https://files.pythonhosted.org/packages/76/21/2dc61178a2038a5cb35d14b61467c6ac632791ed05131dda72c20e7b9e23/backports.ssl_match_hostname-3.5.0.1.tar.gz
Collecting cffi==1.10.0 (from -r requirements.txt (line 4))
  Downloading https://files.pythonhosted.org/packages/5b/b9/790f8eafcdab455bcd3bd908161f802c9ce5adbf702a83aa7712fcc345b7/cffi-1.10.0.tar.gz (418kB)
Collecting docker-pycreds==0.4.0 (from -r requirements.txt (line 7))
  Downloading https://files.pythonhosted.org/packages/f5/e8/f6bd1eee09314e7e6dee49cbe2c5e22314ccdb38db16c9fc72d2fa80d054/docker_pycreds-0.4.0-py2.py3-none-any.whl
Collecting enum34==1.1.6 (from -r requirements.txt (line 8))
  Downloading https://files.pythonhosted.org/packages/c5/db/e56e6b4bbac7c4a06de1c50de6fe1ef3810018ae11732a50f15f62c7d050/enum34-1.1.6-py2-none-any.whl
Collecting idna==2.5 (from -r requirements.txt (line 9))
  Downloading https://files.pythonhosted.org/packages/11/7d/9bbbd7bb35f34b0169542487d2a8859e44306bb2e6a4455d491800a5621f/idna-2.5-py2.py3-none-any.whl (55kB)
Collecting ipaddress==1.0.18 (from -r requirements.txt (line 10))
  Downloading https://files.pythonhosted.org/packages/17/93/28f4dd560780dd70fe75ce7e2662869770dfac181f6bbb472179ea8da516/ipaddress-1.0.18-py2-none-any.whl
Collecting packaging==16.8 (from -r requirements.txt (line 11))
  Downloading https://files.pythonhosted.org/packages/87/1b/c39b7c65b5612812b83d6cab7ef2885eac9f6beb0b7b8a7071a186aea3b1/packaging-16.8-py2.py3-none-any.whl
Collecting paramiko==2.4.2 (from -r requirements.txt (line 12))
  Downloading https://files.pythonhosted.org/packages/cf/ae/94e70d49044ccc234bfdba20114fa947d7ba6eb68a2e452d89b920e62227/paramiko-2.4.2-py2.py3-none-any.whl (193kB)
Collecting pycparser==2.17 (from -r requirements.txt (line 13))
  Downloading https://files.pythonhosted.org/packages/be/64/1bb257ffb17d01f4a38d7ce686809a736837ad4371bcc5c42ba7a715c3ac/pycparser-2.17.tar.gz (231kB)
Collecting pyOpenSSL==18.0.0 (from -r requirements.txt (line 14))
  Downloading https://files.pythonhosted.org/packages/96/af/9d29e6bd40823061aea2e0574ccb2fcf72bfd6130ce53d32773ec375458c/pyOpenSSL-18.0.0-py2.py3-none-any.whl (53kB)
Collecting pyparsing==2.2.0 (from -r requirements.txt (line 15))
  Downloading https://files.pythonhosted.org/packages/6a/8a/718fd7d3458f9fab8e67186b00abdd345b639976bc7fb3ae722e1b026a50/pyparsing-2.2.0-py2.py3-none-any.whl (56kB)
Collecting requests==2.20.0 (from -r requirements.txt (line 18))
  Downloading https://files.pythonhosted.org/packages/f1/ca/10332a30cb25b627192b4ea272c351bce3ca1091e541245cccbace6051d8/requests-2.20.0-py2.py3-none-any.whl (60kB)
Requirement already satisfied: six==1.10.0 in /usr/lib/python2.7/dist-packages (from -r requirements.txt (line 19))
Collecting websocket-client==0.40.0 (from -r requirements.txt (line 20))
  Downloading https://files.pythonhosted.org/packages/a7/2b/0039154583cb0489c8e18313aa91ccd140ada103289c5c5d31d80fd6d186/websocket_client-0.40.0.tar.gz (196kB)
Collecting coverage==4.5.2 (from -r test-requirements.txt (line 1))
  Downloading https://files.pythonhosted.org/packages/fb/af/ce7b0fe063ee0142786ee53ad6197979491ce0785567b6d8be751d2069e8/coverage-4.5.2.tar.gz (384kB)
Collecting flake8==3.6.0 (from -r test-requirements.txt (line 2))
  Downloading https://files.pythonhosted.org/packages/34/a6/49e2849a0e5464e1b5d621f63bc8453066f0f367bb3b744a33fca0bc1ddd/flake8-3.6.0-py2.py3-none-any.whl (68kB)
Collecting mock==1.0.1 (from -r test-requirements.txt (line 4))
  Downloading https://files.pythonhosted.org/packages/a2/52/7edcd94f0afb721a2d559a5b9aae8af4f8f2c79bc63fdbe8a8a6c9b23bbe/mock-1.0.1.tar.gz (818kB)
Collecting pytest==4.1.0 (from -r test-requirements.txt (line 6))
  Downloading https://files.pythonhosted.org/packages/95/6a/4122affe57eb3857874ef959a73f362e51b23812b96c92e073b16e1effd0/pytest-4.1.0-py2.py3-none-any.whl (215kB)
Collecting pytest-cov==2.6.1 (from -r test-requirements.txt (line 7))
  Downloading https://files.pythonhosted.org/packages/7d/b5/92f32674ab954f80499ac73347bfeb815545ea295439c12b0ef3ac8f0975/pytest_cov-2.6.1-py2.py3-none-any.whl
Collecting pytest-timeout==1.3.3 (from -r test-requirements.txt (line 9))
  Downloading https://files.pythonhosted.org/packages/58/92/f60ea2e27074d6f97c8aaf21e34d1f838eb623e4b8070680846c65318a10/pytest_timeout-1.3.3-py2.py3-none-any.whl
Collecting pynacl>=1.0.1 (from paramiko==2.4.2->-r requirements.txt (line 12))
  Downloading https://files.pythonhosted.org/packages/61/ab/2ac6dea8489fa713e2b4c6c5b549cc962dd4a842b5998d9e80cf8440b7cd/PyNaCl-1.3.0.tar.gz (3.4MB)
    Complete output from command python setup.py egg_info:
    Package libffi was not found in the pkg-config search path.
    Perhaps you should add the directory containing `libffi.pc'
    to the PKG_CONFIG_PATH environment variable
    No package 'libffi' found
    Package libffi was not found in the pkg-config search path.
    Perhaps you should add the directory containing `libffi.pc'
    to the PKG_CONFIG_PATH environment variable
    No package 'libffi' found
    Package libffi was not found in the pkg-config search path.
    Perhaps you should add the directory containing `libffi.pc'
    to the PKG_CONFIG_PATH environment variable
    No package 'libffi' found
    Package libffi was not found in the pkg-config search path.
    Perhaps you should add the directory containing `libffi.pc'
    to the PKG_CONFIG_PATH environment variable
    No package 'libffi' found
    Package libffi was not found in the pkg-config search path.
    Perhaps you should add the directory containing `libffi.pc'
    to the PKG_CONFIG_PATH environment variable
    No package 'libffi' found
    c/_cffi_backend.c:15:17: fatal error: ffi.h: No such file or directory
     #include <ffi.h>
                     ^
    compilation terminated.
    Traceback (most recent call last):
      File "<string>", line 1, in <module>
      File "/tmp/pip-build-VUs0zO/pynacl/setup.py", line 255, in <module>
        "Programming Language :: Python :: 3.7",
      File "/usr/lib/python2.7/distutils/core.py", line 111, in setup
        _setup_distribution = dist = klass(attrs)
      File "/usr/lib/python2.7/dist-packages/setuptools/dist.py", line 317, in __init__
        self.fetch_build_eggs(attrs['setup_requires'])
      File "/usr/lib/python2.7/dist-packages/setuptools/dist.py", line 372, in fetch_build_eggs
        replace_conflicting=True,
      File "/usr/lib/python2.7/dist-packages/pkg_resources/__init__.py", line 846, in resolve
        dist = best[req.key] = env.best_match(req, ws, installer)
      File "/usr/lib/python2.7/dist-packages/pkg_resources/__init__.py", line 1118, in best_match
        return self.obtain(req, installer)
      File "/usr/lib/python2.7/dist-packages/pkg_resources/__init__.py", line 1130, in obtain
        return installer(requirement)
      File "/usr/lib/python2.7/dist-packages/setuptools/dist.py", line 440, in fetch_build_egg
        return cmd.easy_install(req)
      File "/usr/lib/python2.7/dist-packages/setuptools/command/easy_install.py", line 699, in easy_install
        return self.install_item(spec, dist.location, tmpdir, deps)
      File "/usr/lib/python2.7/dist-packages/setuptools/command/easy_install.py", line 725, in install_item
        dists = self.install_eggs(spec, download, tmpdir)
      File "/usr/lib/python2.7/dist-packages/setuptools/command/easy_install.py", line 906, in install_eggs
        return self.build_and_install(setup_script, setup_base)
      File "/usr/lib/python2.7/dist-packages/setuptools/command/easy_install.py", line 1145, in build_and_install
        self.run_setup(setup_script, setup_base, args)
      File "/usr/lib/python2.7/dist-packages/setuptools/command/easy_install.py", line 1133, in run_setup
        raise DistutilsError("Setup script exited with %s" % (v.args[0],))
    distutils.errors.DistutilsError: Setup script exited with error: command 'powerpc64le-linux-gnu-gcc' failed with exit status 1
    
    ----------------------------------------
Command "python setup.py egg_info" failed with error code 1 in /tmp/pip-build-VUs0zO/pynacl/
Removing intermediate container c4489d614e26
The command '/bin/sh -c cd /docker-py && pip install -r requirements.txt -r test-requirements.txt' returned a non-zero code: 1
Unable to find image 'docker-powerpc:c159589' locally
docker: Error response from daemon: pull access denied for docker-powerpc, repository does not exist or may require 'docker login'.
See 'docker run --help'.
Build step 'Execute shell' marked build as failure
Set build name.
New build name is '#38526'
Performing Post build task...
Match found for : : True
Logical operation result is TRUE
Running script  : 
[Docker-PRs-powerpc] $ /bin/sh -xe /tmp/jenkins3850522911129657070.sh
POST BUILD TASK : SUCCESS
END OF POST BUILD TASK : 0
[PostBuildScript] - Executing post build scripts.
[Docker-PRs-powerpc] $ /bin/sh -xe /tmp/jenkins5058052001572280130.sh
+ echo Chowning /workspace to jenkins user
Chowning /workspace to jenkins user
+ id -u
+ id -g
+ docker run --rm -v /home/docker/workspace/Docker-PRs-powerpc:/workspace ppc64le/busybox chown -R 1001:1001 /workspace
Unable to find image 'ppc64le/busybox:latest' locally
latest: Pulling from ppc64le/busybox
1580a7fbce05: Pulling fs layer
1580a7fbce05: Verifying Checksum
1580a7fbce05: Download complete
1580a7fbce05: Pull complete
Digest: sha256:dddeeefa525ee375a4001a37f2cd981ee8c23df49e4e9f1084c1e9a1029f1491
Status: Downloaded newer image for ppc64le/busybox:latest
[Docker-PRs-powerpc] $ /bin/sh -xe /tmp/jenkins4551763576326264525.sh
+ echo Creating bundles.tar.gz
Creating bundles.tar.gz
+ find bundles -name *.log
+ xargs tar -czf bundles.tar.gz
find: bundles: No such file or directory
tar: Cowardly refusing to create an empty archive
Try 'tar --help' or 'tar --usage' for more information.
+ true
Sending e-mails to: tophj@linux.vnet.ibm.com christy@linux.vnet.ibm.com
Archiving artifacts
Notifying endpoint with url 'https://leeroy.dockerproject.org/notification/jenkins'
[WS-CLEANUP] Deleting project workspace...[WS-CLEANUP] done
Finished: FAILURE
