Started by user Gordon
Notifying endpoint with url 'https://leeroy.dockerproject.org/notification/jenkins'
[EnvInject] - Loading node environment variables.
Building remotely on ubuntu-1604-overlay2-stable (i-01a974f5a0fcc2232) (x86_64 ec2 ubuntu overlay2 linux ubuntu-1604 ubuntu-1604-overlay2-stable amd64 docker us-west-2) in workspace /home/ubuntu/workspace/Docker-PRs
Wiping out workspace first.
Cloning the remote Git repository
Cloning repository https://github.com/moby/moby.git
 > git init /home/ubuntu/workspace/Docker-PRs # timeout=10
Fetching upstream changes from https://github.com/moby/moby.git
 > git --version # timeout=10
 > git fetch --tags --progress https://github.com/moby/moby.git +refs/heads/*:refs/remotes/origin/*
 > git config remote.origin.url https://github.com/moby/moby.git # timeout=10
 > git config --add remote.origin.fetch +refs/heads/*:refs/remotes/origin/* # timeout=10
 > git config remote.origin.url https://github.com/moby/moby.git # timeout=10
Fetching upstream changes from https://github.com/moby/moby.git
 > git fetch --tags --progress https://github.com/moby/moby.git +refs/heads/*:refs/remotes/origin/*
 > git rev-parse origin/master^{commit} # timeout=10
Checking out Revision 2cb26cfe9cbf8a64c5046c74d65f4528b22e67f4 (origin/master)
 > git config core.sparsecheckout # timeout=10
 > git checkout -f 2cb26cfe9cbf8a64c5046c74d65f4528b22e67f4
Commit message: "Merge pull request #38301 from cyphar/waitgroup-limits"
 > git rev-list --no-walk 2cb26cfe9cbf8a64c5046c74d65f4528b22e67f4 # timeout=10
Set build name.
New build name is '#35621'
[Docker-PRs] $ /bin/bash /tmp/jenkins824011852376575151.sh
From https://github.com/moby/moby
 * [new ref]         refs/pull/35621/head -> origin/pr/35621
Auto-merging daemon/container_operations_unix.go
Auto-merging api/server/router/container/container_routes.go
Merge made by the 'recursive' strategy.
 api/server/router/container/container_routes.go | 7 +++++++
 daemon/config/config_unix.go                    | 2 +-
 daemon/container_operations_unix.go             | 2 +-
 3 files changed, 9 insertions(+), 2 deletions(-)
Sending build context to Docker daemon  45.09MB
Step 1/93 : FROM golang:1.11.4 AS base
 ---> 2422e4d43e15
Step 2/93 : ARG APT_MIRROR=deb.debian.org
 ---> Using cache
 ---> b8009ae5237d
Step 3/93 : RUN sed -ri "s/(httpredir|deb).debian.org/$APT_MIRROR/g" /etc/apt/sources.list
 ---> Using cache
 ---> f81e333b303c
Step 4/93 : FROM base AS criu
 ---> f81e333b303c
Step 5/93 : ENV CRIU_VERSION 3.6
 ---> Using cache
 ---> b4f687ddb31e
Step 6/93 : RUN apt-get update && apt-get install -y 	libnet-dev 	libprotobuf-c0-dev 	libprotobuf-dev 	libnl-3-dev 	libcap-dev 	protobuf-compiler 	protobuf-c-compiler 	python-protobuf 	&& mkdir -p /usr/src/criu 	&& curl -sSL https://github.com/checkpoint-restore/criu/archive/v${CRIU_VERSION}.tar.gz | tar -C /usr/src/criu/ -xz --strip-components=1 	&& cd /usr/src/criu 	&& make 	&& make PREFIX=/build/ install-criu
 ---> Using cache
 ---> 532c06bca6f8
Step 7/93 : FROM base AS registry
 ---> f81e333b303c
Step 8/93 : ENV REGISTRY_COMMIT_SCHEMA1 ec87e9b6971d831f0eff752ddb54fb64693e51cd
 ---> Using cache
 ---> 8de85ea68a7b
Step 9/93 : ENV REGISTRY_COMMIT 47a064d4195a9b56133891bbb13620c3ac83a827
 ---> Using cache
 ---> 5f4c62d0ebb5
Step 10/93 : RUN set -x 	&& export GOPATH="$(mktemp -d)" 	&& git clone https://github.com/docker/distribution.git "$GOPATH/src/github.com/docker/distribution" 	&& (cd "$GOPATH/src/github.com/docker/distribution" && git checkout -q "$REGISTRY_COMMIT") 	&& GOPATH="$GOPATH/src/github.com/docker/distribution/Godeps/_workspace:$GOPATH" 		go build -buildmode=pie -o /build/registry-v2 github.com/docker/distribution/cmd/registry 	&& case $(dpkg --print-architecture) in 		amd64|ppc64*|s390x) 		(cd "$GOPATH/src/github.com/docker/distribution" && git checkout -q "$REGISTRY_COMMIT_SCHEMA1"); 		GOPATH="$GOPATH/src/github.com/docker/distribution/Godeps/_workspace:$GOPATH"; 			go build -buildmode=pie -o /build/registry-v2-schema1 github.com/docker/distribution/cmd/registry; 		;; 	   esac 	&& rm -rf "$GOPATH"
 ---> Using cache
 ---> 598202e7443f
Step 11/93 : FROM base AS docker-py
 ---> f81e333b303c
Step 12/93 : ENV DOCKER_PY_COMMIT 8b246db271a85d6541dc458838627e89c683e42f
 ---> Using cache
 ---> 8d95c4dcbb28
Step 13/93 : RUN git clone https://github.com/docker/docker-py.git /build 	&& cd /build 	&& git checkout -q $DOCKER_PY_COMMIT
 ---> Using cache
 ---> e900ee40e806
Step 14/93 : FROM base AS swagger
 ---> f81e333b303c
Step 15/93 : ENV GO_SWAGGER_COMMIT c28258affb0b6251755d92489ef685af8d4ff3eb
 ---> Using cache
 ---> d54a3a365772
Step 16/93 : RUN set -x 	&& export GOPATH="$(mktemp -d)" 	&& git clone https://github.com/go-swagger/go-swagger.git "$GOPATH/src/github.com/go-swagger/go-swagger" 	&& (cd "$GOPATH/src/github.com/go-swagger/go-swagger" && git checkout -q "$GO_SWAGGER_COMMIT") 	&& go build -o /build/swagger github.com/go-swagger/go-swagger/cmd/swagger 	&& rm -rf "$GOPATH"
 ---> Using cache
 ---> c4ce86b4d68b
Step 17/93 : FROM base AS frozen-images
 ---> f81e333b303c
Step 18/93 : RUN apt-get update && apt-get install -y jq ca-certificates --no-install-recommends
 ---> Using cache
 ---> 50c554621042
Step 19/93 : COPY contrib/download-frozen-image-v2.sh /
 ---> Using cache
 ---> 5e639a96b014
Step 20/93 : RUN /download-frozen-image-v2.sh /build 	buildpack-deps:jessie@sha256:dd86dced7c9cd2a724e779730f0a53f93b7ef42228d4344b25ce9a42a1486251 	busybox:latest@sha256:bbc3a03235220b170ba48a157dd097dd1379299370e1ed99ce976df0355d24f0 	busybox:glibc@sha256:0b55a30394294ab23b9afd58fab94e61a923f5834fba7ddbae7f8e0c11ba85e6 	debian:jessie@sha256:287a20c5f73087ab406e6b364833e3fb7b3ae63ca0eb3486555dc27ed32c6e60 	hello-world:latest@sha256:be0cd392e45be79ffeffa6b05338b98ebb16c87b255f48e297ec7f98e123905c
 ---> Using cache
 ---> 3ca741d8f480
Step 21/93 : FROM base AS runtime-dev
 ---> f81e333b303c
Step 22/93 : RUN apt-get update && apt-get install -y 	libapparmor-dev 	libseccomp-dev
 ---> Using cache
 ---> 0a1327e3aab9
Step 23/93 : FROM base AS tomlv
 ---> f81e333b303c
Step 24/93 : ENV INSTALL_BINARY_NAME=tomlv
 ---> Using cache
 ---> c6f01f378180
Step 25/93 : COPY hack/dockerfile/install/install.sh ./install.sh
 ---> Using cache
 ---> f9768e7bf4fd
Step 26/93 : COPY hack/dockerfile/install/$INSTALL_BINARY_NAME.installer ./
 ---> Using cache
 ---> e1c0a5712008
Step 27/93 : RUN PREFIX=/build/ ./install.sh $INSTALL_BINARY_NAME
 ---> Using cache
 ---> d8efd1560124
Step 28/93 : FROM base AS vndr
 ---> f81e333b303c
Step 29/93 : ENV INSTALL_BINARY_NAME=vndr
 ---> Using cache
 ---> 96d7e93f9341
Step 30/93 : COPY hack/dockerfile/install/install.sh ./install.sh
 ---> Using cache
 ---> 03726dcdd751
Step 31/93 : COPY hack/dockerfile/install/$INSTALL_BINARY_NAME.installer ./
 ---> Using cache
 ---> a8898f1dd0ae
Step 32/93 : RUN PREFIX=/build/ ./install.sh $INSTALL_BINARY_NAME
 ---> Using cache
 ---> e77dba69aa76
Step 33/93 : FROM base AS containerd
 ---> f81e333b303c
Step 34/93 : RUN apt-get update && apt-get install -y btrfs-tools
 ---> Using cache
 ---> d9be898da8aa
Step 35/93 : ENV INSTALL_BINARY_NAME=containerd
 ---> Using cache
 ---> c168f67d8f5b
Step 36/93 : COPY hack/dockerfile/install/install.sh ./install.sh
 ---> Using cache
 ---> 2a820ecbb568
Step 37/93 : COPY hack/dockerfile/install/$INSTALL_BINARY_NAME.installer ./
 ---> Using cache
 ---> 9d0db0c907da
Step 38/93 : RUN PREFIX=/build/ ./install.sh $INSTALL_BINARY_NAME
 ---> Using cache
 ---> 9e351d398557
Step 39/93 : FROM base AS proxy
 ---> f81e333b303c
Step 40/93 : ENV INSTALL_BINARY_NAME=proxy
 ---> Using cache
 ---> 0010c6598dc0
Step 41/93 : COPY hack/dockerfile/install/install.sh ./install.sh
 ---> Using cache
 ---> ad4ebe702e6e
Step 42/93 : COPY hack/dockerfile/install/$INSTALL_BINARY_NAME.installer ./
 ---> Using cache
 ---> b73bd275f531
Step 43/93 : RUN PREFIX=/build/ ./install.sh $INSTALL_BINARY_NAME
 ---> Using cache
 ---> cf0cc65029be
Step 44/93 : FROM base AS gometalinter
 ---> f81e333b303c
Step 45/93 : ENV INSTALL_BINARY_NAME=gometalinter
 ---> Using cache
 ---> 67cb98e23257
Step 46/93 : COPY hack/dockerfile/install/install.sh ./install.sh
 ---> Using cache
 ---> 060852352499
Step 47/93 : COPY hack/dockerfile/install/$INSTALL_BINARY_NAME.installer ./
 ---> Using cache
 ---> 9b7cd10669b1
Step 48/93 : RUN PREFIX=/build/ ./install.sh $INSTALL_BINARY_NAME
 ---> Using cache
 ---> a96ca48c33d7
Step 49/93 : FROM base AS dockercli
 ---> f81e333b303c
Step 50/93 : ENV INSTALL_BINARY_NAME=dockercli
 ---> Using cache
 ---> f8e132f4d3c2
Step 51/93 : COPY hack/dockerfile/install/install.sh ./install.sh
 ---> Using cache
 ---> 9af5fc5f710c
Step 52/93 : COPY hack/dockerfile/install/$INSTALL_BINARY_NAME.installer ./
 ---> Using cache
 ---> 48c671ae9345
Step 53/93 : RUN PREFIX=/build/ ./install.sh $INSTALL_BINARY_NAME
 ---> Using cache
 ---> 7ddf9704808a
Step 54/93 : FROM runtime-dev AS runc
 ---> 0a1327e3aab9
Step 55/93 : ENV INSTALL_BINARY_NAME=runc
 ---> Using cache
 ---> 4239d2995ca5
Step 56/93 : COPY hack/dockerfile/install/install.sh ./install.sh
 ---> Using cache
 ---> 9ce29de1b6a5
Step 57/93 : COPY hack/dockerfile/install/$INSTALL_BINARY_NAME.installer ./
 ---> Using cache
 ---> a1560cc57d48
Step 58/93 : RUN PREFIX=/build/ ./install.sh $INSTALL_BINARY_NAME
 ---> Using cache
 ---> 98342617c361
Step 59/93 : FROM base AS tini
 ---> f81e333b303c
Step 60/93 : RUN apt-get update && apt-get install -y cmake vim-common
 ---> Using cache
 ---> f6fd2a307dd5
Step 61/93 : COPY hack/dockerfile/install/install.sh ./install.sh
 ---> Using cache
 ---> a51123495257
Step 62/93 : ENV INSTALL_BINARY_NAME=tini
 ---> Using cache
 ---> f96901ad3500
Step 63/93 : COPY hack/dockerfile/install/$INSTALL_BINARY_NAME.installer ./
 ---> Using cache
 ---> 585844747197
Step 64/93 : RUN PREFIX=/build/ ./install.sh $INSTALL_BINARY_NAME
 ---> Using cache
 ---> 13dde81bc4c0
Step 65/93 : FROM runtime-dev AS dev
 ---> 0a1327e3aab9
Step 66/93 : RUN groupadd -r docker
 ---> Using cache
 ---> 073a74a0c074
Step 67/93 : RUN useradd --create-home --gid docker unprivilegeduser
 ---> Using cache
 ---> 564531a5f0d3
Step 68/93 : RUN ln -sfv /go/src/github.com/docker/docker/.bashrc ~/.bashrc
 ---> Using cache
 ---> f9abada891e8
Step 69/93 : RUN echo "source /usr/share/bash-completion/bash_completion" >> /etc/bash.bashrc
 ---> Using cache
 ---> 8e3e8022a06b
Step 70/93 : RUN ln -s /usr/local/completion/bash/docker /etc/bash_completion.d/docker
 ---> Using cache
 ---> 55ce18e900c9
Step 71/93 : RUN ldconfig
 ---> Using cache
 ---> 0eff8f5f4273
Step 72/93 : RUN apt-get update && apt-get install -y 	apparmor 	aufs-tools 	bash-completion 	btrfs-tools 	iptables 	jq 	libcap2-bin 	libdevmapper-dev 	libudev-dev 	libsystemd-dev 	binutils-mingw-w64 	g++-mingw-w64-x86-64 	net-tools 	pigz 	python-backports.ssl-match-hostname 	python-dev 	python-mock 	python-pip 	python-requests 	python-setuptools 	python-websocket 	python-wheel 	thin-provisioning-tools 	vim 	vim-common 	xfsprogs 	zip 	bzip2 	xz-utils 	--no-install-recommends
 ---> Using cache
 ---> 68b3f4b205ea
Step 73/93 : COPY --from=swagger /build/swagger* /usr/local/bin/
 ---> Using cache
 ---> edc8861886a0
Step 74/93 : COPY --from=frozen-images /build/ /docker-frozen-images
 ---> Using cache
 ---> bc7a3fcb3c53
Step 75/93 : COPY --from=gometalinter /build/ /usr/local/bin/
 ---> Using cache
 ---> 0ee6a21fabb5
Step 76/93 : COPY --from=tomlv /build/ /usr/local/bin/
 ---> Using cache
 ---> ccf3530943b9
Step 77/93 : COPY --from=vndr /build/ /usr/local/bin/
 ---> Using cache
 ---> 3ae98a22c4ff
Step 78/93 : COPY --from=tini /build/ /usr/local/bin/
 ---> Using cache
 ---> 9c91a07c4203
Step 79/93 : COPY --from=runc /build/ /usr/local/bin/
 ---> Using cache
 ---> a08e262bc58d
Step 80/93 : COPY --from=containerd /build/ /usr/local/bin/
 ---> Using cache
 ---> 56d0d7c6a62e
Step 81/93 : COPY --from=proxy /build/ /usr/local/bin/
 ---> Using cache
 ---> f5774ad3d08d
Step 82/93 : COPY --from=dockercli /build/ /usr/local/cli
 ---> Using cache
 ---> c2cebc81484f
Step 83/93 : COPY --from=registry /build/registry* /usr/local/bin/
 ---> Using cache
 ---> 01e336128300
Step 84/93 : COPY --from=criu /build/ /usr/local/
 ---> Using cache
 ---> 53d360519074
Step 85/93 : COPY --from=docker-py /build/ /docker-py
 ---> Using cache
 ---> c44b438b1634
Step 86/93 : RUN cd /docker-py 	&& pip install docker-pycreds==0.2.1 	&& pip install yamllint==1.5.0 	&& pip install -r test-requirements.txt
 ---> Using cache
 ---> 4aab0632722b
Step 87/93 : ENV PATH=/usr/local/cli:$PATH
 ---> Using cache
 ---> e1a14d74c06d
Step 88/93 : ENV DOCKER_BUILDTAGS apparmor seccomp selinux
 ---> Using cache
 ---> a79bc045361c
Step 89/93 : ENV GOMETALINTER_OPTS="--deadline=2m"
 ---> Using cache
 ---> 469a1337525a
Step 90/93 : WORKDIR /go/src/github.com/docker/docker
 ---> Using cache
 ---> 12e4768fb9e4
Step 91/93 : VOLUME /var/lib/docker
 ---> Using cache
 ---> 60edfb10d8b2
Step 92/93 : ENTRYPOINT ["hack/dind"]
 ---> Using cache
 ---> bbb0a20f533a
Step 93/93 : COPY . /go/src/github.com/docker/docker
 ---> 5c9cb3a08416
Successfully built 5c9cb3a08416
Successfully tagged docker:c08be9f
Congratulations!  All commits are properly signed with the DCO!
Congratulations!  "./pkg/..." is safely isolated from internal code.
No api/types/ or api/swagger.yaml changes in diff.
Congratulations!  No testing.T found.
Congratulations!  All toml source files changed here have valid syntax.
Congratulations!  Changelog CHANGELOG.md is well-formed.
Congratulations!  Changelog CHANGELOG.md dates are in descending order.
Congratulations!  No new tests added to integration-cli.
?   	github.com/docker/docker/api	[no test files]
ok  	github.com/docker/docker/api/server	0.004s	coverage: 7.9% of statements
?   	github.com/docker/docker/api/server/backend/build	[no test files]
ok  	github.com/docker/docker/api/server/httputils	0.004s	coverage: 11.1% of statements
ok  	github.com/docker/docker/api/server/middleware	0.004s	coverage: 43.4% of statements
?   	github.com/docker/docker/api/server/router	[no test files]
?   	github.com/docker/docker/api/server/router/build	[no test files]
?   	github.com/docker/docker/api/server/router/checkpoint	[no test files]
?   	github.com/docker/docker/api/server/router/container	[no test files]
?   	github.com/docker/docker/api/server/router/debug	[no test files]
?   	github.com/docker/docker/api/server/router/distribution	[no test files]
?   	github.com/docker/docker/api/server/router/image	[no test files]
?   	github.com/docker/docker/api/server/router/network	[no test files]
?   	github.com/docker/docker/api/server/router/plugin	[no test files]
?   	github.com/docker/docker/api/server/router/session	[no test files]
?   	github.com/docker/docker/api/server/router/swarm	[no test files]
?   	github.com/docker/docker/api/server/router/system	[no test files]
?   	github.com/docker/docker/api/server/router/volume	[no test files]
?   	github.com/docker/docker/api/types	[no test files]
?   	github.com/docker/docker/api/types/backend	[no test files]
?   	github.com/docker/docker/api/types/blkiodev	[no test files]
?   	github.com/docker/docker/api/types/container	[no test files]
?   	github.com/docker/docker/api/types/events	[no test files]
ok  	github.com/docker/docker/api/types/filters	0.003s	coverage: 94.2% of statements
?   	github.com/docker/docker/api/types/image	[no test files]
?   	github.com/docker/docker/api/types/mount	[no test files]
?   	github.com/docker/docker/api/types/network	[no test files]
?   	github.com/docker/docker/api/types/plugins/logdriver	[no test files]
?   	github.com/docker/docker/api/types/registry	[no test files]
ok  	github.com/docker/docker/api/types/strslice	0.002s	coverage: 90.0% of statements
?   	github.com/docker/docker/api/types/swarm	[no test files]
?   	github.com/docker/docker/api/types/swarm/runtime	[no test files]
ok  	github.com/docker/docker/api/types/time	0.002s	coverage: 100.0% of statements
ok  	github.com/docker/docker/api/types/versions	0.002s	coverage: 75.0% of statements
?   	github.com/docker/docker/api/types/versions/v1p19	[no test files]
?   	github.com/docker/docker/api/types/versions/v1p20	[no test files]
?   	github.com/docker/docker/api/types/volume	[no test files]
?   	github.com/docker/docker/builder	[no test files]
?   	github.com/docker/docker/builder/builder-next	[no test files]
?   	github.com/docker/docker/builder/builder-next/adapters/containerimage	[no test files]
?   	github.com/docker/docker/builder/builder-next/adapters/snapshot	[no test files]
?   	github.com/docker/docker/builder/builder-next/exporter	[no test files]
?   	github.com/docker/docker/builder/builder-next/imagerefchecker	[no test files]
?   	github.com/docker/docker/builder/builder-next/worker	[no test files]
ok  	github.com/docker/docker/builder/dockerfile	0.408s	coverage: 45.4% of statements
ok  	github.com/docker/docker/builder/dockerignore	0.002s	coverage: 96.8% of statements
ok  	github.com/docker/docker/builder/fscache	0.112s	coverage: 69.2% of statements
ok  	github.com/docker/docker/builder/remotecontext	0.156s	coverage: 13.7% of statements
ok  	github.com/docker/docker/builder/remotecontext/git	0.634s	coverage: 78.8% of statements
?   	github.com/docker/docker/cli	[no test files]
?   	github.com/docker/docker/cli/config	[no test files]
ok  	github.com/docker/docker/cli/debug	0.002s	coverage: 100.0% of statements
ok  	github.com/docker/docker/client	0.098s	coverage: 75.6% of statements
ok  	github.com/docker/docker/cmd/dockerd	0.047s	coverage: 31.4% of statements
ok  	github.com/docker/docker/cmd/dockerd/hack	0.002s	coverage: 72.9% of statements
ok  	github.com/docker/docker/container	0.114s	coverage: 35.6% of statements
?   	github.com/docker/docker/container/stream	[no test files]
?   	github.com/docker/docker/contrib/apparmor	[no test files]
?   	github.com/docker/docker/contrib/docker-device-tool	[no test files]
?   	github.com/docker/docker/contrib/httpserver	[no test files]
ok  	github.com/docker/docker/daemon	12.126s	coverage: 17.1% of statements
ok  	github.com/docker/docker/daemon/cluster	0.031s	coverage: 0.5% of statements
ok  	github.com/docker/docker/daemon/cluster/controllers/plugin	0.009s	coverage: 65.3% of statements
ok  	github.com/docker/docker/daemon/cluster/convert	0.007s	coverage: 28.0% of statements
?   	github.com/docker/docker/daemon/cluster/executor	[no test files]
ok  	github.com/docker/docker/daemon/cluster/executor/container	3.433s	coverage: 12.7% of statements
?   	github.com/docker/docker/daemon/cluster/provider	[no test files]
ok  	github.com/docker/docker/daemon/config	0.032s	coverage: 84.8% of statements
ok  	github.com/docker/docker/daemon/discovery	0.004s	coverage: 30.4% of statements
ok  	github.com/docker/docker/daemon/events	0.057s	coverage: 50.0% of statements
?   	github.com/docker/docker/daemon/events/testutils	[no test files]
?   	github.com/docker/docker/daemon/exec	[no test files]
ok  	github.com/docker/docker/daemon/graphdriver	0.004s	coverage: 2.2% of statements
ok  	github.com/docker/docker/daemon/graphdriver/aufs	5.132s	coverage: 73.6% of statements
ok  	github.com/docker/docker/daemon/graphdriver/btrfs	0.004s	coverage: 2.9% of statements
ok  	github.com/docker/docker/daemon/graphdriver/copy	0.175s	coverage: 57.0% of statements
ok  	github.com/docker/docker/daemon/graphdriver/devmapper	2.210s	coverage: 46.1% of statements
?   	github.com/docker/docker/daemon/graphdriver/graphtest	[no test files]
ok  	github.com/docker/docker/daemon/graphdriver/overlay	0.728s	coverage: 50.8% of statements
ok  	github.com/docker/docker/daemon/graphdriver/overlay2	2.089s	coverage: 56.8% of statements
?   	github.com/docker/docker/daemon/graphdriver/overlayutils	[no test files]
ok  	github.com/docker/docker/daemon/graphdriver/quota	0.306s	coverage: 75.2% of statements
?   	github.com/docker/docker/daemon/graphdriver/register	[no test files]
ok  	github.com/docker/docker/daemon/graphdriver/vfs	0.006s	coverage: 70.5% of statements
ok  	github.com/docker/docker/daemon/graphdriver/zfs	0.005s	coverage: 3.0% of statements
ok  	github.com/docker/docker/daemon/images	0.010s	coverage: 4.9% of statements
?   	github.com/docker/docker/daemon/initlayer	[no test files]
ok  	github.com/docker/docker/daemon/links	0.002s	coverage: 93.0% of statements
?   	github.com/docker/docker/daemon/listeners	[no test files]
ok  	github.com/docker/docker/daemon/logger	0.214s	coverage: 43.7% of statements
ok  	github.com/docker/docker/daemon/logger/awslogs	0.114s	coverage: 71.4% of statements
?   	github.com/docker/docker/daemon/logger/fluentd	[no test files]
?   	github.com/docker/docker/daemon/logger/gcplogs	[no test files]
ok  	github.com/docker/docker/daemon/logger/gelf	0.005s	coverage: 68.2% of statements
ok  	github.com/docker/docker/daemon/logger/journald	0.004s	coverage: 26.2% of statements
ok  	github.com/docker/docker/daemon/logger/jsonfilelog	0.006s	coverage: 62.1% of statements
ok  	github.com/docker/docker/daemon/logger/jsonfilelog/jsonlog	0.004s	coverage: 88.3% of statements
ok  	github.com/docker/docker/daemon/logger/local	0.012s	coverage: 74.7% of statements
?   	github.com/docker/docker/daemon/logger/logentries	[no test files]
ok  	github.com/docker/docker/daemon/logger/loggerutils	0.008s	coverage: 18.6% of statements
ok  	github.com/docker/docker/daemon/logger/splunk	1.486s	coverage: 84.5% of statements
ok  	github.com/docker/docker/daemon/logger/syslog	0.004s	coverage: 22.8% of statements
ok  	github.com/docker/docker/daemon/logger/templates	0.002s	coverage: 8.3% of statements
?   	github.com/docker/docker/daemon/names	[no test files]
ok  	github.com/docker/docker/daemon/network	0.003s	coverage: 57.1% of statements
?   	github.com/docker/docker/daemon/stats	[no test files]
ok  	github.com/docker/docker/distribution	1.097s	coverage: 16.8% of statements
ok  	github.com/docker/docker/distribution/metadata	0.028s	coverage: 48.2% of statements
?   	github.com/docker/docker/distribution/utils	[no test files]
ok  	github.com/docker/docker/distribution/xfer	1.432s	coverage: 83.9% of statements
?   	github.com/docker/docker/dockerversion	[no test files]
ok  	github.com/docker/docker/errdefs	0.002s	coverage: 76.6% of statements
ok  	github.com/docker/docker/image	0.017s	coverage: 86.3% of statements
ok  	github.com/docker/docker/image/cache	0.006s	coverage: 19.2% of statements
?   	github.com/docker/docker/image/tarexport	[no test files]
ok  	github.com/docker/docker/image/v1	0.007s	coverage: 25.0% of statements
ok  	github.com/docker/docker/internal/procfs	0.002s	coverage: 78.4% of statements
?   	github.com/docker/docker/internal/test	[no test files]
?   	github.com/docker/docker/internal/test/daemon	[no test files]
?   	github.com/docker/docker/internal/test/environment	[no test files]
?   	github.com/docker/docker/internal/test/fakecontext	[no test files]
?   	github.com/docker/docker/internal/test/fakegit	[no test files]
?   	github.com/docker/docker/internal/test/fakestorage	[no test files]
?   	github.com/docker/docker/internal/test/fixtures/load	[no test files]
?   	github.com/docker/docker/internal/test/fixtures/plugin	[no test files]
?   	github.com/docker/docker/internal/test/fixtures/plugin/basic	[no test files]
?   	github.com/docker/docker/internal/test/registry	[no test files]
?   	github.com/docker/docker/internal/test/request	[no test files]
ok  	github.com/docker/docker/internal/testutil	0.002s	coverage: 62.5% of statements
ok  	github.com/docker/docker/layer	7.478s	coverage: 71.4% of statements
ok  	github.com/docker/docker/libcontainerd	0.028s	coverage: 3.4% of statements
?   	github.com/docker/docker/libcontainerd/supervisor	[no test files]
?   	github.com/docker/docker/oci	[no test files]
?   	github.com/docker/docker/oci/caps	[no test files]
ok  	github.com/docker/docker/opts	0.017s	coverage: 68.4% of statements
ok  	github.com/docker/docker/pkg/aaparser	0.002s	coverage: 50.0% of statements
ok  	github.com/docker/docker/pkg/archive	0.316s	coverage: 81.9% of statements
ok  	github.com/docker/docker/pkg/authorization	0.128s	coverage: 66.7% of statements
ok  	github.com/docker/docker/pkg/broadcaster	0.002s	coverage: 100.0% of statements
ok  	github.com/docker/docker/pkg/chrootarchive	2.805s	coverage: 37.0% of statements
?   	github.com/docker/docker/pkg/containerfs	[no test files]
?   	github.com/docker/docker/pkg/devicemapper	[no test files]
ok  	github.com/docker/docker/pkg/directory	0.003s	coverage: 80.0% of statements
ok  	github.com/docker/docker/pkg/discovery	0.003s	coverage: 58.3% of statements
ok  	github.com/docker/docker/pkg/discovery/file	0.003s	coverage: 92.9% of statements
ok  	github.com/docker/docker/pkg/discovery/kv	3.062s	coverage: 84.1% of statements
ok  	github.com/docker/docker/pkg/discovery/memory	0.002s	coverage: 92.3% of statements
ok  	github.com/docker/docker/pkg/discovery/nodes	0.003s	coverage: 93.8% of statements
ok  	github.com/docker/docker/pkg/dmesg	0.003s	coverage: 83.3% of statements
ok  	github.com/docker/docker/pkg/filenotify	0.603s	coverage: 66.3% of statements
ok  	github.com/docker/docker/pkg/fileutils	0.006s	coverage: 89.5% of statements
ok  	github.com/docker/docker/pkg/fsutils	0.155s	coverage: 85.1% of statements
ok  	github.com/docker/docker/pkg/homedir	0.003s	coverage: 41.7% of statements
ok  	github.com/docker/docker/pkg/idtools	0.351s	coverage: 70.2% of statements
ok  	github.com/docker/docker/pkg/ioutils	0.387s	coverage: 69.1% of statements
ok  	github.com/docker/docker/pkg/jsonmessage	0.003s	coverage: 88.3% of statements
ok  	github.com/docker/docker/pkg/locker	0.011s	coverage: 88.9% of statements
ok  	github.com/docker/docker/pkg/longpath	0.002s	coverage: 100.0% of statements
?   	github.com/docker/docker/pkg/loopback	[no test files]
ok  	github.com/docker/docker/pkg/mount	0.456s	coverage: 68.6% of statements
ok  	github.com/docker/docker/pkg/namesgenerator	0.002s	coverage: 85.7% of statements
?   	github.com/docker/docker/pkg/namesgenerator/cmd/names-generator	[no test files]
ok  	github.com/docker/docker/pkg/parsers	0.002s	coverage: 97.0% of statements
ok  	github.com/docker/docker/pkg/parsers/kernel	0.002s	coverage: 60.0% of statements
ok  	github.com/docker/docker/pkg/parsers/operatingsystem	0.003s	coverage: 90.0% of statements
ok  	github.com/docker/docker/pkg/pidfile	0.002s	coverage: 82.4% of statements
?   	github.com/docker/docker/pkg/platform	[no test files]
?   	github.com/docker/docker/pkg/plugingetter	[no test files]
ok  	github.com/docker/docker/pkg/plugins	33.616s	coverage: 76.8% of statements
ok  	github.com/docker/docker/pkg/plugins/pluginrpc-gen	0.009s	coverage: 56.8% of statements
?   	github.com/docker/docker/pkg/plugins/pluginrpc-gen/fixtures	[no test files]
?   	github.com/docker/docker/pkg/plugins/pluginrpc-gen/fixtures/otherfixture	[no test files]
ok  	github.com/docker/docker/pkg/plugins/transport	0.003s	coverage: 85.7% of statements
ok  	github.com/docker/docker/pkg/pools	0.002s	coverage: 87.9% of statements
ok  	github.com/docker/docker/pkg/progress	0.002s	coverage: 75.9% of statements
ok  	github.com/docker/docker/pkg/pubsub	1.037s	coverage: 72.7% of statements
ok  	github.com/docker/docker/pkg/reexec	0.008s	coverage: 82.4% of statements
ok  	github.com/docker/docker/pkg/signal	2.361s	coverage: 61.0% of statements
?   	github.com/docker/docker/pkg/signal/testfiles	[no test files]
ok  	github.com/docker/docker/pkg/stdcopy	0.003s	coverage: 100.0% of statements
ok  	github.com/docker/docker/pkg/streamformatter	0.003s	coverage: 66.2% of statements
ok  	github.com/docker/docker/pkg/stringid	0.002s	coverage: 76.0% of statements
ok  	github.com/docker/docker/pkg/symlink	0.006s	coverage: 87.7% of statements
ok  	github.com/docker/docker/pkg/sysinfo	0.004s	coverage: 75.8% of statements
ok  	github.com/docker/docker/pkg/system	0.023s	coverage: 36.1% of statements
ok  	github.com/docker/docker/pkg/tailfile	0.017s	coverage: 88.6% of statements
ok  	github.com/docker/docker/pkg/tarsum	0.047s	coverage: 89.3% of statements
ok  	github.com/docker/docker/pkg/term	0.003s	coverage: 84.8% of statements
ok  	github.com/docker/docker/pkg/term/windows	0.002s	coverage: 0.0% of statements [no tests to run]
ok  	github.com/docker/docker/pkg/truncindex	0.103s	coverage: 91.5% of statements
ok  	github.com/docker/docker/pkg/urlutil	0.002s	coverage: 100.0% of statements
ok  	github.com/docker/docker/pkg/useragent	0.002s	coverage: 88.9% of statements
ok  	github.com/docker/docker/plugin	0.532s	coverage: 27.3% of statements
ok  	github.com/docker/docker/plugin/executor/containerd	0.007s	coverage: 33.3% of statements
ok  	github.com/docker/docker/plugin/v2	0.003s	coverage: 14.5% of statements
?   	github.com/docker/docker/profiles/apparmor	[no test files]
ok  	github.com/docker/docker/profiles/seccomp	0.004s	coverage: 79.4% of statements
ok  	github.com/docker/docker/reference	0.006s	coverage: 84.4% of statements
ok  	github.com/docker/docker/registry	0.106s	coverage: 57.0% of statements
ok  	github.com/docker/docker/registry/resumable	0.016s	coverage: 100.0% of statements
ok  	github.com/docker/docker/restartmanager	0.002s	coverage: 49.0% of statements
ok  	github.com/docker/docker/runconfig	0.007s	coverage: 68.2% of statements
?   	github.com/docker/docker/runconfig/opts	[no test files]
?   	github.com/docker/docker/volume	[no test files]
ok  	github.com/docker/docker/volume/drivers	0.005s	coverage: 36.1% of statements
ok  	github.com/docker/docker/volume/local	0.017s	coverage: 73.0% of statements
ok  	github.com/docker/docker/volume/mounts	0.028s	coverage: 66.8% of statements
ok  	github.com/docker/docker/volume/service	0.014s	coverage: 73.0% of statements
?   	github.com/docker/docker/volume/service/opts	[no test files]
?   	github.com/docker/docker/volume/testutils	[no test files]

  _____          _
 / ____|        | |
| |     ___   __| | ___  ___ _____   __
| |    / _ \ / _` |/ _ \/ __/ _ \ \ / /
| |___| (_) | (_| |  __/ (_| (_) \ V /
 \_____\___/ \__,_|\___|\___\___/ \_/
                              Bash-0b37652


x> No CI provider detected.
    Testing inside Docker? http://docs.codecov.io/docs/testing-with-docker
    Testing with Tox? https://docs.codecov.io/docs/python#section-testing-with-tox
    project root: .
--> token set from env
    Yaml found at: codecov.yml
    -> Found 1 reports
==> Detecting git/mercurial file structure
==> Reading reports
    + coverage.txt bytes=1662573
==> Appending adjustments
    http://docs.codecov.io/docs/fixing-reports
    + Found adjustments
==> Gzipping contents
==> Uploading reports
    url: https://codecov.io
    query: branch=&commit=552543d0798f3be88cf1127e681aa1e5b0c3493f&build=&build_url=&name=&tag=&slug=moby%2Fmoby&service=&flags=&pr=&job=
    -> Pinging Codecov
    -> Uploading
    -> View reports at https://codecov.io/github/moby/moby/commit/552543d0798f3be88cf1127e681aa1e5b0c3493f

Removing bundles/

---> Making bundle: binary-daemon (in bundles/binary-daemon)
Building: bundles/binary-daemon/dockerd-dev
Created binary: bundles/binary-daemon/dockerd-dev
Copying nested executables into bundles/binary-daemon

---> Making bundle: dynbinary (in bundles/dynbinary)
Building: bundles/dynbinary-daemon/dockerd-dev
Created binary: bundles/dynbinary-daemon/dockerd-dev

---> Making bundle: test-docker-py (in bundles/test-docker-py)
---> Making bundle: .integration-daemon-start (in bundles/test-docker-py)
Using test binary docker
/etc/init.d/apparmor: 130: /etc/init.d/apparmor: systemd-detect-virt: not found
Starting AppArmor profiles:Warning from stdin (line 1): /sbin/apparmor_parser: cannot use or update cache, disable, or force-complain via stdin
Warning failed to create cache: (null)
.
INFO: Waiting for daemon to start...
Starting dockerd
.
============================= test session starts ==============================
platform linux2 -- Python 2.7.13, pytest-2.9.1, py-1.7.0, pluggy-0.3.1
rootdir: /docker-py, inifile: pytest.ini
plugins: cov-2.1.0
collected 338 items

../../../../../docker-py/tests/integration/api_build_test.py ....s..s........
../../../../../docker-py/tests/integration/api_client_test.py .......
../../../../../docker-py/tests/integration/api_config_test.py .....
../../../../../docker-py/tests/integration/api_container_test.py ....x....x.......x............................................................
../../../../../docker-py/tests/integration/api_exec_test.py .............
../../../../../docker-py/tests/integration/api_healthcheck_test.py ....
../../../../../docker-py/tests/integration/api_image_test.py ...s........s....
../../../../../docker-py/tests/integration/api_network_test.py ...........................
../../../../../docker-py/tests/integration/api_plugin_test.py ...........
../../../../../docker-py/tests/integration/api_secret_test.py .....
../../../../../docker-py/tests/integration/api_service_test.py ......................................................
../../../../../docker-py/tests/integration/api_swarm_test.py ..s...x......
../../../../../docker-py/tests/integration/api_volume_test.py .........
../../../../../docker-py/tests/integration/client_test.py ....
../../../../../docker-py/tests/integration/errors_test.py .
../../../../../docker-py/tests/integration/models_containers_test.py ..............................
../../../../../docker-py/tests/integration/models_images_test.py .............
../../../../../docker-py/tests/integration/models_networks_test.py ....
../../../../../docker-py/tests/integration/models_nodes_test.py .
../../../../../docker-py/tests/integration/models_resources_test.py .
../../../../../docker-py/tests/integration/models_services_test.py ..............X.
../../../../../docker-py/tests/integration/models_swarm_test.py .
../../../../../docker-py/tests/integration/models_volumes_test.py ..
../../../../../docker-py/tests/integration/regression_test.py ......

 generated xml file: /go/src/github.com/docker/docker/bundles/test-docker-py/results.xml 
=========================== short test summary info ============================
XFAIL ../../../../../docker-py/tests/integration/api_container_test.py::CreateContainerTest::test_create_with_cpu_rt_options
  CONFIG_RT_GROUP_SCHED isn't enabled
XFAIL ../../../../../docker-py/tests/integration/api_container_test.py::CreateContainerTest::test_create_with_init_path
  init-path removed in 17.05.0
XFAIL ../../../../../docker-py/tests/integration/api_container_test.py::CreateContainerTest::test_create_with_storage_opt
  Not supported on most drivers
XFAIL ../../../../../docker-py/tests/integration/api_swarm_test.py::SwarmTest::test_init_swarm_with_log_driver
  This doesn't seem to be taken into account by the engine
SKIP [1] tests/integration/api_image_test.py:289: Doesn't work inside a container - FIXME
SKIP [1] /docker-py/tests/integration/api_swarm_test.py:31: Test stalls the engine on 1.12.0
SKIP [3] /docker-py/tests/helpers.py:69: Feature requires Docker Engine experimental mode
======== 328 passed, 5 skipped, 4 xfailed, 1 xpassed in 352.20 seconds =========
---> Making bundle: .integration-daemon-stop (in bundles/test-docker-py)
Clearing AppArmor profiles cache:.
All profile caches have been cleared, but no profiles have been unloaded.
Unloading profiles will leave already running processes permanently
unconfined, which can lead to unexpected situations.

To set a process to complain mode, use the command line tool
'aa-complain'. To really tear down all profiles, run the init script
with the 'teardown' option."

---> Making bundle: test-integration (in bundles/test-integration)
Building test suite binary ./integration-cli/test.main
Building test suite binary ./integration/plugin/test.main
Building test suite binary ./integration/plugin/authz/test.main
Building test suite binary ./integration/plugin/logging/test.main
Building test suite binary ./integration/plugin/logging/cmd/test.main
Building test suite binary ./integration/plugin/logging/cmd/close_on_start/test.main
Building test suite binary ./integration/plugin/logging/cmd/dummy/test.main
Building test suite binary ./integration/plugin/common/test.main
Building test suite binary ./integration/plugin/volumes/test.main
Building test suite binary ./integration/plugin/volumes/cmd/test.main
Building test suite binary ./integration/plugin/volumes/cmd/dummy/test.main
Building test suite binary ./integration/plugin/graphdriver/test.main
Building test suite binary ./integration/config/test.main
Building test suite binary ./integration/service/test.main
Building test suite binary ./integration/network/test.main
Building test suite binary ./integration/network/ipvlan/test.main
Building test suite binary ./integration/network/macvlan/test.main
Building test suite binary ./integration/secret/test.main
Building test suite binary ./integration/session/test.main
Building test suite binary ./integration/container/test.main
Building test suite binary ./integration/build/test.main
Building test suite binary ./integration/volume/test.main
Building test suite binary ./integration/system/test.main
Building test suite binary ./integration/image/test.main
---> Making bundle: .integration-daemon-start (in bundles/test-integration)
Using test binary docker
/etc/init.d/apparmor: 130: /etc/init.d/apparmor: systemd-detect-virt: not found
Starting AppArmor profiles:Warning from stdin (line 1): /sbin/apparmor_parser: cannot use or update cache, disable, or force-complain via stdin
Warning failed to create cache: (null)
.
INFO: Waiting for daemon to start...
Starting dockerd
.
---> Making bundle: .integration-daemon-setup (in bundles/test-integration)
---> Making bundle: .ensure-emptyfs (in bundles/test-integration)
Error: No such image: emptyfs
Running integration-test (iteration 1)
Running /go/src/github.com/docker/docker/integration/plugin
testing: warning: no tests to run
PASS
Running /go/src/github.com/docker/docker/integration/plugin/authz
Loaded image: buildpack-deps:jessie
The image busybox:latest already exists, renaming the old one with ID sha256:59788edf1f3e78cd0ebe6ce1446e9d10788225db3dedcfd1a59f764bad2b2690 to empty string
Loaded image: busybox:latest
Loaded image: busybox:glibc
Loaded image: debian:jessie
The image hello-world:latest already exists, renaming the old one with ID sha256:4ab4c602aa5eed5528a6620ff18a1dc4faef0e1ab3a5eddeddb410714478c67f to empty string
Loaded image: hello-world:latest
INFO: Testing against a local daemon
=== RUN   TestAuthZPluginAllowRequest
--- PASS: TestAuthZPluginAllowRequest (7.60s)
    daemon.go:296: [dc3180cc85333] waiting for daemon to start
    daemon.go:328: [dc3180cc85333] daemon started
    daemon.go:283: [dc3180cc85333] exiting daemon
=== RUN   TestAuthZPluginTLS
--- PASS: TestAuthZPluginTLS (3.20s)
    daemon.go:296: [da34fd03af40d] waiting for daemon to start
    daemon.go:328: [da34fd03af40d] daemon started
    daemon.go:283: [da34fd03af40d] exiting daemon
=== RUN   TestAuthZPluginDenyRequest
--- PASS: TestAuthZPluginDenyRequest (3.06s)
    daemon.go:296: [d13720f243245] waiting for daemon to start
    daemon.go:328: [d13720f243245] daemon started
    daemon.go:283: [d13720f243245] exiting daemon
=== RUN   TestAuthZPluginAPIDenyResponse
--- PASS: TestAuthZPluginAPIDenyResponse (0.54s)
    daemon.go:296: [de6e5279b0641] waiting for daemon to start
    daemon.go:328: [de6e5279b0641] daemon started
    daemon.go:283: [de6e5279b0641] exiting daemon
=== RUN   TestAuthZPluginDenyResponse
--- PASS: TestAuthZPluginDenyResponse (0.54s)
    daemon.go:296: [d18c13748e314] waiting for daemon to start
    daemon.go:328: [d18c13748e314] daemon started
    daemon.go:283: [d18c13748e314] exiting daemon
=== RUN   TestAuthZPluginAllowEventStream
--- PASS: TestAuthZPluginAllowEventStream (1.20s)
    daemon.go:296: [d5920ac4a6f86] waiting for daemon to start
    daemon.go:328: [d5920ac4a6f86] daemon started
    daemon.go:283: [d5920ac4a6f86] exiting daemon
=== RUN   TestAuthZPluginErrorResponse
--- PASS: TestAuthZPluginErrorResponse (0.53s)
    daemon.go:296: [d24816e601e4c] waiting for daemon to start
    daemon.go:328: [d24816e601e4c] daemon started
    daemon.go:283: [d24816e601e4c] exiting daemon
=== RUN   TestAuthZPluginErrorRequest
--- PASS: TestAuthZPluginErrorRequest (0.54s)
    daemon.go:296: [dda583bfb5295] waiting for daemon to start
    daemon.go:328: [dda583bfb5295] daemon started
    daemon.go:283: [dda583bfb5295] exiting daemon
=== RUN   TestAuthZPluginEnsureNoDuplicatePluginRegistration
--- PASS: TestAuthZPluginEnsureNoDuplicatePluginRegistration (0.54s)
    daemon.go:296: [d07ea7ec58d55] waiting for daemon to start
    daemon.go:328: [d07ea7ec58d55] daemon started
    daemon.go:283: [d07ea7ec58d55] exiting daemon
=== RUN   TestAuthZPluginEnsureLoadImportWorking
--- PASS: TestAuthZPluginEnsureLoadImportWorking (1.44s)
    daemon.go:296: [d01d2df3fd261] waiting for daemon to start
    daemon.go:328: [d01d2df3fd261] daemon started
    daemon.go:283: [d01d2df3fd261] exiting daemon
=== RUN   TestAuthzPluginEnsureContainerCopyToFrom
--- PASS: TestAuthzPluginEnsureContainerCopyToFrom (1.51s)
    daemon.go:296: [d3c87678440b4] waiting for daemon to start
    daemon.go:328: [d3c87678440b4] daemon started
    daemon.go:283: [d3c87678440b4] exiting daemon
=== RUN   TestAuthZPluginHeader
--- PASS: TestAuthZPluginHeader (0.72s)
    daemon.go:296: [d506ffce0b261] waiting for daemon to start
    daemon.go:328: [d506ffce0b261] daemon started
    daemon.go:283: [d506ffce0b261] exiting daemon
=== RUN   TestAuthZPluginV2AllowNonVolumeRequest
--- PASS: TestAuthZPluginV2AllowNonVolumeRequest (6.98s)
    daemon.go:296: [d82bebeea3880] waiting for daemon to start
    daemon.go:328: [d82bebeea3880] daemon started
    daemon.go:283: [d82bebeea3880] exiting daemon
    daemon.go:296: [d82bebeea3880] waiting for daemon to start
    daemon.go:328: [d82bebeea3880] daemon started
    daemon.go:283: [d82bebeea3880] exiting daemon
=== RUN   TestAuthZPluginV2Disable
--- PASS: TestAuthZPluginV2Disable (6.22s)
    daemon.go:296: [d92967b5fc8d2] waiting for daemon to start
    daemon.go:328: [d92967b5fc8d2] daemon started
    daemon.go:283: [d92967b5fc8d2] exiting daemon
    daemon.go:296: [d92967b5fc8d2] waiting for daemon to start
    daemon.go:328: [d92967b5fc8d2] daemon started
    daemon.go:283: [d92967b5fc8d2] exiting daemon
=== RUN   TestAuthZPluginV2RejectVolumeRequests
--- PASS: TestAuthZPluginV2RejectVolumeRequests (5.84s)
    daemon.go:296: [d89c54865c6e2] waiting for daemon to start
    daemon.go:328: [d89c54865c6e2] daemon started
    daemon.go:283: [d89c54865c6e2] exiting daemon
    daemon.go:296: [d89c54865c6e2] waiting for daemon to start
    daemon.go:328: [d89c54865c6e2] daemon started
    daemon.go:283: [d89c54865c6e2] exiting daemon
=== RUN   TestAuthZPluginV2BadManifestFailsDaemonStart
--- PASS: TestAuthZPluginV2BadManifestFailsDaemonStart (14.39s)
    daemon.go:296: [d709b213efa75] waiting for daemon to start
    daemon.go:328: [d709b213efa75] daemon started
    daemon.go:283: [d709b213efa75] exiting daemon
    daemon.go:296: [d709b213efa75] waiting for daemon to start
    daemon.go:296: [d709b213efa75] waiting for daemon to start
    daemon.go:283: [d709b213efa75] exiting daemon
    daemon.go:296: [d709b213efa75] waiting for daemon to start
    daemon.go:328: [d709b213efa75] daemon started
    daemon.go:283: [d709b213efa75] exiting daemon
=== RUN   TestAuthZPluginV2NonexistentFailsDaemonStart
--- PASS: TestAuthZPluginV2NonexistentFailsDaemonStart (16.53s)
    daemon.go:296: [d0fd97eefd51b] waiting for daemon to start
    daemon.go:328: [d0fd97eefd51b] daemon started
    daemon.go:283: [d0fd97eefd51b] exiting daemon
    daemon.go:296: [d0fd97eefd51b] waiting for daemon to start
    daemon.go:296: [d0fd97eefd51b] waiting for daemon to start
    daemon.go:296: [d0fd97eefd51b] waiting for daemon to start
    daemon.go:328: [d0fd97eefd51b] daemon started
    daemon.go:283: [d0fd97eefd51b] exiting daemon
PASS
Running /go/src/github.com/docker/docker/integration/plugin/logging
INFO: Testing against a local daemon
=== RUN   TestContinueAfterPluginCrash
=== PAUSE TestContinueAfterPluginCrash
=== RUN   TestDaemonStartWithLogOpt
=== PAUSE TestDaemonStartWithLogOpt
=== CONT  TestContinueAfterPluginCrash
=== CONT  TestDaemonStartWithLogOpt
--- PASS: TestDaemonStartWithLogOpt (13.93s)
    daemon.go:296: [dc5bdfd66fddd] waiting for daemon to start
    daemon.go:328: [dc5bdfd66fddd] daemon started
    daemon.go:283: [dc5bdfd66fddd] exiting daemon
    daemon.go:296: [dc5bdfd66fddd] waiting for daemon to start
    daemon.go:328: [dc5bdfd66fddd] daemon started
    daemon.go:283: [dc5bdfd66fddd] exiting daemon
--- PASS: TestContinueAfterPluginCrash (19.19s)
    daemon.go:296: [d682a8cef6808] waiting for daemon to start
    daemon.go:328: [d682a8cef6808] daemon started
    daemon.go:283: [d682a8cef6808] exiting daemon
PASS
Running /go/src/github.com/docker/docker/integration/plugin/logging/cmd
testing: warning: no tests to run
PASS
Running /go/src/github.com/docker/docker/integration/plugin/logging/cmd/close_on_start
testing: warning: no tests to run
PASS
Running /go/src/github.com/docker/docker/integration/plugin/logging/cmd/dummy
testing: warning: no tests to run
PASS
Running /go/src/github.com/docker/docker/integration/plugin/common
INFO: Testing against a local daemon
=== RUN   TestPluginInvalidJSON
=== RUN   TestPluginInvalidJSON//plugins/foobar/set
=== PAUSE TestPluginInvalidJSON//plugins/foobar/set
=== CONT  TestPluginInvalidJSON//plugins/foobar/set
--- PASS: TestPluginInvalidJSON (0.02s)
    --- PASS: TestPluginInvalidJSON//plugins/foobar/set (0.00s)
PASS
Running /go/src/github.com/docker/docker/integration/plugin/volumes
INFO: Testing against a local daemon
=== RUN   TestPluginWithDevMounts
=== PAUSE TestPluginWithDevMounts
=== CONT  TestPluginWithDevMounts
--- PASS: TestPluginWithDevMounts (1.78s)
    daemon.go:296: [da8c8b6619881] waiting for daemon to start
    daemon.go:328: [da8c8b6619881] daemon started
    daemon.go:283: [da8c8b6619881] exiting daemon
PASS
Running /go/src/github.com/docker/docker/integration/plugin/volumes/cmd
testing: warning: no tests to run
PASS
Running /go/src/github.com/docker/docker/integration/plugin/volumes/cmd/dummy
testing: warning: no tests to run
PASS
Running /go/src/github.com/docker/docker/integration/plugin/graphdriver
INFO: Testing against a local daemon
=== RUN   TestExternalGraphDriver
=== RUN   TestExternalGraphDriver/json
=== RUN   TestExternalGraphDriver/spec
=== RUN   TestExternalGraphDriver/pull
--- PASS: TestExternalGraphDriver (7.35s)
    daemon.go:296: [dc80e6c4a764c] waiting for daemon to start
    daemon.go:328: [dc80e6c4a764c] daemon started
    daemon.go:283: [dc80e6c4a764c] exiting daemon
    daemon.go:296: [dc80e6c4a764c] waiting for daemon to start
    daemon.go:328: [dc80e6c4a764c] daemon started
    daemon.go:283: [dc80e6c4a764c] exiting daemon
    --- PASS: TestExternalGraphDriver/json (1.81s)
    daemon.go:296: [dc80e6c4a764c] waiting for daemon to start
    daemon.go:328: [dc80e6c4a764c] daemon started
    daemon.go:283: [dc80e6c4a764c] exiting daemon
    daemon.go:296: [dc80e6c4a764c] waiting for daemon to start
    daemon.go:328: [dc80e6c4a764c] daemon started
    daemon.go:283: [dc80e6c4a764c] exiting daemon
    --- PASS: TestExternalGraphDriver/spec (1.69s)
    daemon.go:296: [dc80e6c4a764c] waiting for daemon to start
    daemon.go:328: [dc80e6c4a764c] daemon started
    daemon.go:283: [dc80e6c4a764c] exiting daemon
    --- PASS: TestExternalGraphDriver/pull (3.43s)
=== RUN   TestGraphdriverPluginV2
--- PASS: TestGraphdriverPluginV2 (6.68s)
    daemon.go:296: [d0f4e1ed06546] waiting for daemon to start
    daemon.go:328: [d0f4e1ed06546] daemon started
    daemon.go:283: [d0f4e1ed06546] exiting daemon
    daemon.go:296: [d0f4e1ed06546] waiting for daemon to start
    daemon.go:328: [d0f4e1ed06546] daemon started
    daemon.go:283: [d0f4e1ed06546] exiting daemon
PASS
Running /go/src/github.com/docker/docker/integration/config
INFO: Testing against a local daemon
=== RUN   TestConfigList
--- PASS: TestConfigList (2.14s)
    daemon.go:296: [deeb88658859e] waiting for daemon to start
    daemon.go:328: [deeb88658859e] daemon started
    daemon.go:283: [deeb88658859e] exiting daemon
=== RUN   TestConfigsCreateAndDelete
--- PASS: TestConfigsCreateAndDelete (2.05s)
    daemon.go:296: [d25ea0942cb98] waiting for daemon to start
    daemon.go:328: [d25ea0942cb98] daemon started
    daemon.go:283: [d25ea0942cb98] exiting daemon
=== RUN   TestConfigsUpdate
--- PASS: TestConfigsUpdate (2.20s)
    daemon.go:296: [d4bdce1cb1ed8] waiting for daemon to start
    daemon.go:328: [d4bdce1cb1ed8] daemon started
    daemon.go:283: [d4bdce1cb1ed8] exiting daemon
=== RUN   TestTemplatedConfig
--- PASS: TestTemplatedConfig (2.52s)
    daemon.go:296: [d8051e6200a82] waiting for daemon to start
    daemon.go:328: [d8051e6200a82] daemon started
    daemon.go:283: [d8051e6200a82] exiting daemon
=== RUN   TestConfigInspect
--- PASS: TestConfigInspect (2.07s)
    daemon.go:296: [d0a595d0c76f1] waiting for daemon to start
    daemon.go:328: [d0a595d0c76f1] daemon started
    daemon.go:283: [d0a595d0c76f1] exiting daemon
=== RUN   TestConfigCreateWithLabels
--- PASS: TestConfigCreateWithLabels (2.07s)
    daemon.go:296: [d2977c458fca2] waiting for daemon to start
    daemon.go:328: [d2977c458fca2] daemon started
    daemon.go:283: [d2977c458fca2] exiting daemon
=== RUN   TestConfigCreateResolve
--- PASS: TestConfigCreateResolve (2.05s)
    daemon.go:296: [dd1cbbb6421a4] waiting for daemon to start
    daemon.go:328: [dd1cbbb6421a4] daemon started
    daemon.go:283: [dd1cbbb6421a4] exiting daemon
PASS
Running /go/src/github.com/docker/docker/integration/service
INFO: Testing against a local daemon
=== RUN   TestServiceCreateInit
=== RUN   TestServiceCreateInit/daemonInitDisabled
=== RUN   TestServiceCreateInit/daemonInitEnabled
--- PASS: TestServiceCreateInit (7.81s)
    --- PASS: TestServiceCreateInit/daemonInitDisabled (3.89s)
        daemon.go:296: [d7e9699e85840] waiting for daemon to start
        daemon.go:328: [d7e9699e85840] daemon started
        daemon.go:283: [d7e9699e85840] exiting daemon
    --- PASS: TestServiceCreateInit/daemonInitEnabled (3.90s)
        daemon.go:296: [d60becc2c406b] waiting for daemon to start
        daemon.go:328: [d60becc2c406b] daemon started
        daemon.go:283: [d60becc2c406b] exiting daemon
=== RUN   TestCreateServiceMultipleTimes
--- PASS: TestCreateServiceMultipleTimes (23.24s)
    daemon.go:296: [dc5869f5b4652] waiting for daemon to start
    daemon.go:328: [dc5869f5b4652] daemon started
    daemon.go:283: [dc5869f5b4652] exiting daemon
=== RUN   TestCreateServiceConflict
--- PASS: TestCreateServiceConflict (2.16s)
    daemon.go:296: [dc98192dbeea0] waiting for daemon to start
    daemon.go:328: [dc98192dbeea0] daemon started
    daemon.go:283: [dc98192dbeea0] exiting daemon
=== RUN   TestCreateWithDuplicateNetworkNames
--- PASS: TestCreateWithDuplicateNetworkNames (12.99s)
    daemon.go:296: [d47130c5e567d] waiting for daemon to start
    daemon.go:328: [d47130c5e567d] daemon started
    daemon.go:283: [d47130c5e567d] exiting daemon
=== RUN   TestCreateServiceSecretFileMode
--- PASS: TestCreateServiceSecretFileMode (2.67s)
    daemon.go:296: [dc7c36961bf4a] waiting for daemon to start
    daemon.go:328: [dc7c36961bf4a] daemon started
    daemon.go:283: [dc7c36961bf4a] exiting daemon
=== RUN   TestCreateServiceConfigFileMode
--- PASS: TestCreateServiceConfigFileMode (2.56s)
    daemon.go:296: [dcffdc6810f7e] waiting for daemon to start
    daemon.go:328: [dcffdc6810f7e] daemon started
    daemon.go:283: [dcffdc6810f7e] exiting daemon
=== RUN   TestCreateServiceSysctls
--- PASS: TestCreateServiceSysctls (3.14s)
    daemon.go:296: [d94a76bf91494] waiting for daemon to start
    daemon.go:328: [d94a76bf91494] daemon started
    daemon.go:283: [d94a76bf91494] exiting daemon
=== RUN   TestInspect
--- PASS: TestInspect (2.16s)
    daemon.go:296: [df8311a304007] waiting for daemon to start
    daemon.go:328: [df8311a304007] daemon started
    daemon.go:283: [df8311a304007] exiting daemon
=== RUN   TestDockerNetworkConnectAlias
--- PASS: TestDockerNetworkConnectAlias (5.00s)
    daemon.go:296: [dfcb95f333bcf] waiting for daemon to start
    daemon.go:328: [dfcb95f333bcf] daemon started
    daemon.go:283: [dfcb95f333bcf] exiting daemon
=== RUN   TestServicePlugin
--- PASS: TestServicePlugin (35.06s)
    daemon.go:296: [d6ca06039da5d] waiting for daemon to start
    daemon.go:328: [d6ca06039da5d] daemon started
    daemon.go:283: [d6ca06039da5d] exiting daemon
    daemon.go:296: [d7069065061d8] waiting for daemon to start
    daemon.go:328: [d7069065061d8] daemon started
    daemon.go:296: [df8c67fa814dc] waiting for daemon to start
    daemon.go:328: [df8c67fa814dc] daemon started
    daemon.go:296: [d6f2e5f9cb1a7] waiting for daemon to start
    daemon.go:328: [d6f2e5f9cb1a7] daemon started
    daemon.go:283: [d6f2e5f9cb1a7] exiting daemon
    daemon.go:283: [df8c67fa814dc] exiting daemon
    daemon.go:283: [d7069065061d8] exiting daemon
PASS
Running /go/src/github.com/docker/docker/integration/network
INFO: Testing against a local daemon
=== RUN   TestNetworkCreateDelete
--- PASS: TestNetworkCreateDelete (0.11s)
=== RUN   TestDockerNetworkDeletePreferID
--- PASS: TestDockerNetworkDeletePreferID (0.27s)
=== RUN   TestInspectNetwork
--- PASS: TestInspectNetwork (23.99s)
    daemon.go:296: [d76818e548727] waiting for daemon to start
    daemon.go:328: [d76818e548727] daemon started
    daemon.go:283: [d76818e548727] exiting daemon
=== RUN   TestRunContainerWithBridgeNone
--- PASS: TestRunContainerWithBridgeNone (1.93s)
    daemon.go:296: [d1972079e8306] waiting for daemon to start
    daemon.go:328: [d1972079e8306] daemon started
    daemon.go:283: [d1972079e8306] exiting daemon
=== RUN   TestNetworkInvalidJSON
=== RUN   TestNetworkInvalidJSON//networks/create
=== PAUSE TestNetworkInvalidJSON//networks/create
=== RUN   TestNetworkInvalidJSON//networks/bridge/connect
=== PAUSE TestNetworkInvalidJSON//networks/bridge/connect
=== RUN   TestNetworkInvalidJSON//networks/bridge/disconnect
=== PAUSE TestNetworkInvalidJSON//networks/bridge/disconnect
=== CONT  TestNetworkInvalidJSON//networks/create
=== CONT  TestNetworkInvalidJSON//networks/bridge/disconnect
=== CONT  TestNetworkInvalidJSON//networks/bridge/connect
--- PASS: TestNetworkInvalidJSON (0.02s)
    --- PASS: TestNetworkInvalidJSON//networks/create (0.00s)
    --- PASS: TestNetworkInvalidJSON//networks/bridge/disconnect (0.00s)
    --- PASS: TestNetworkInvalidJSON//networks/bridge/connect (0.00s)
=== RUN   TestDaemonRestartWithLiveRestore
--- PASS: TestDaemonRestartWithLiveRestore (1.02s)
    daemon.go:296: [d85f1f8ef3233] waiting for daemon to start
    daemon.go:328: [d85f1f8ef3233] daemon started
    daemon.go:283: [d85f1f8ef3233] exiting daemon
    daemon.go:296: [d85f1f8ef3233] waiting for daemon to start
    daemon.go:328: [d85f1f8ef3233] daemon started
    daemon.go:283: [d85f1f8ef3233] exiting daemon
=== RUN   TestDaemonDefaultNetworkPools
--- PASS: TestDaemonDefaultNetworkPools (0.65s)
    daemon.go:296: [d38bc08a74107] waiting for daemon to start
    daemon.go:328: [d38bc08a74107] daemon started
    daemon.go:283: [d38bc08a74107] exiting daemon
=== RUN   TestDaemonRestartWithExistingNetwork
--- PASS: TestDaemonRestartWithExistingNetwork (1.10s)
    daemon.go:296: [d2fce43da85a2] waiting for daemon to start
    daemon.go:328: [d2fce43da85a2] daemon started
    daemon.go:283: [d2fce43da85a2] exiting daemon
    daemon.go:296: [d2fce43da85a2] waiting for daemon to start
    daemon.go:328: [d2fce43da85a2] daemon started
    daemon.go:283: [d2fce43da85a2] exiting daemon
=== RUN   TestDaemonRestartWithExistingNetworkWithDefaultPoolRange
--- PASS: TestDaemonRestartWithExistingNetworkWithDefaultPoolRange (1.18s)
    daemon.go:296: [d7136a3b52f77] waiting for daemon to start
    daemon.go:328: [d7136a3b52f77] daemon started
    daemon.go:283: [d7136a3b52f77] exiting daemon
    daemon.go:296: [d7136a3b52f77] waiting for daemon to start
    daemon.go:328: [d7136a3b52f77] daemon started
    daemon.go:283: [d7136a3b52f77] exiting daemon
=== RUN   TestDaemonWithBipAndDefaultNetworkPool
--- PASS: TestDaemonWithBipAndDefaultNetworkPool (0.54s)
    daemon.go:296: [dc2b4e933e76b] waiting for daemon to start
    daemon.go:328: [dc2b4e933e76b] daemon started
    daemon.go:283: [dc2b4e933e76b] exiting daemon
=== RUN   TestServiceWithPredefinedNetwork
--- PASS: TestServiceWithPredefinedNetwork (2.05s)
    daemon.go:296: [dd8f87c9d35d8] waiting for daemon to start
    daemon.go:328: [dd8f87c9d35d8] daemon started
    daemon.go:283: [dd8f87c9d35d8] exiting daemon
=== RUN   TestServiceRemoveKeepsIngressNetwork
--- PASS: TestServiceRemoveKeepsIngressNetwork (11.99s)
    daemon.go:296: [d9d0de23611a2] waiting for daemon to start
    daemon.go:328: [d9d0de23611a2] daemon started
    daemon.go:283: [d9d0de23611a2] exiting daemon
=== RUN   TestServiceWithDataPathPortInit
--- PASS: TestServiceWithDataPathPortInit (4.26s)
    daemon.go:296: [dc342fcffacdf] waiting for daemon to start
    daemon.go:328: [dc342fcffacdf] daemon started
    daemon.go:283: [dc342fcffacdf] exiting daemon
    daemon.go:296: [d931e26265558] waiting for daemon to start
    daemon.go:328: [d931e26265558] daemon started
    daemon.go:283: [d931e26265558] exiting daemon
=== RUN   TestServiceWithDefaultAddressPoolInit
--- PASS: TestServiceWithDefaultAddressPoolInit (4.26s)
    daemon.go:296: [d4aa59ee3e59c] waiting for daemon to start
    daemon.go:328: [d4aa59ee3e59c] daemon started
    service_test.go:415: TestServiceWithDefaultAddressPoolInit: NetworkInspect: {Name:saanvisthiraTestServiceWithDefaultAddressPoolInit ID:2uugv7b2jlurz4uq2pg592rn9 Created:2018-12-21 18:50:50.945280138 +0000 UTC Scope:swarm Driver:overlay EnableIPv6:false IPAM:{Driver:default Options:map[] Config:[{Subnet:20.20.0.0/24 IPRange: Gateway:20.20.0.1 AuxAddress:map[]}]} Internal:false Attachable:false Ingress:false ConfigFrom:{Network:} ConfigOnly:false Containers:map[] Options:map[com.docker.network.driver.overlay.vxlanid_list:4097] Labels:map[] Peers:[] Services:map[]}
    daemon.go:283: [d4aa59ee3e59c] exiting daemon
    daemon.go:296: [db071e2208c8a] waiting for daemon to start
    daemon.go:328: [db071e2208c8a] daemon started
    daemon.go:283: [db071e2208c8a] exiting daemon
PASS
Running /go/src/github.com/docker/docker/integration/network/ipvlan
INFO: Testing against a local daemon
=== RUN   TestDockerNetworkIpvlanPersistance
--- PASS: TestDockerNetworkIpvlanPersistance (1.28s)
    daemon.go:296: [d9b9a2188a30c] waiting for daemon to start
    daemon.go:328: [d9b9a2188a30c] daemon started
    daemon.go:283: [d9b9a2188a30c] exiting daemon
    daemon.go:296: [d9b9a2188a30c] waiting for daemon to start
    daemon.go:328: [d9b9a2188a30c] daemon started
    daemon.go:283: [d9b9a2188a30c] exiting daemon
=== RUN   TestDockerNetworkIpvlan
=== RUN   TestDockerNetworkIpvlan/Subinterface
=== RUN   TestDockerNetworkIpvlan/OverlapParent
=== RUN   TestDockerNetworkIpvlan/L2NilParent
=== RUN   TestDockerNetworkIpvlan/L2InternalMode
=== RUN   TestDockerNetworkIpvlan/L3NilParent
=== RUN   TestDockerNetworkIpvlan/L3InternalMode
=== RUN   TestDockerNetworkIpvlan/L2MultiSubnet
=== RUN   TestDockerNetworkIpvlan/L3MultiSubnet
=== RUN   TestDockerNetworkIpvlan/Addressing
--- PASS: TestDockerNetworkIpvlan (109.43s)
    daemon.go:296: [dbf418ef1894e] waiting for daemon to start
    daemon.go:328: [dbf418ef1894e] daemon started
    --- PASS: TestDockerNetworkIpvlan/Subinterface (0.07s)
    daemon.go:283: [dbf418ef1894e] exiting daemon
    daemon.go:296: [dc626376dafac] waiting for daemon to start
    daemon.go:328: [dc626376dafac] daemon started
    --- PASS: TestDockerNetworkIpvlan/OverlapParent (0.04s)
    daemon.go:283: [dc626376dafac] exiting daemon
    daemon.go:296: [d487d10f2e1f5] waiting for daemon to start
    daemon.go:328: [d487d10f2e1f5] daemon started
    --- PASS: TestDockerNetworkIpvlan/L2NilParent (0.80s)
    daemon.go:283: [d487d10f2e1f5] exiting daemon
    daemon.go:296: [da19eaa2bc899] waiting for daemon to start
    daemon.go:328: [da19eaa2bc899] daemon started
    --- PASS: TestDockerNetworkIpvlan/L2InternalMode (1.81s)
    daemon.go:283: [da19eaa2bc899] exiting daemon
    daemon.go:296: [d21d8d33d86fa] waiting for daemon to start
    daemon.go:328: [d21d8d33d86fa] daemon started
    --- PASS: TestDockerNetworkIpvlan/L3NilParent (15.84s)
    daemon.go:283: [d21d8d33d86fa] exiting daemon
    daemon.go:296: [db667ab81b9e0] waiting for daemon to start
    daemon.go:328: [db667ab81b9e0] daemon started
    --- PASS: TestDockerNetworkIpvlan/L3InternalMode (16.84s)
    daemon.go:283: [db667ab81b9e0] exiting daemon
    daemon.go:296: [df478f41277a7] waiting for daemon to start
    daemon.go:328: [df478f41277a7] daemon started
    --- PASS: TestDockerNetworkIpvlan/L2MultiSubnet (17.14s)
    daemon.go:283: [df478f41277a7] exiting daemon
    daemon.go:296: [d0cfb674a5eca] waiting for daemon to start
    daemon.go:328: [d0cfb674a5eca] daemon started
    --- PASS: TestDockerNetworkIpvlan/L3MultiSubnet (17.12s)
    daemon.go:283: [d0cfb674a5eca] exiting daemon
    daemon.go:296: [d1652458b9114] waiting for daemon to start
    daemon.go:328: [d1652458b9114] daemon started
    --- PASS: TestDockerNetworkIpvlan/Addressing (31.21s)
    daemon.go:283: [d1652458b9114] exiting daemon
PASS
Running /go/src/github.com/docker/docker/integration/network/macvlan
INFO: Testing against a local daemon
=== RUN   TestDockerNetworkMacvlanPersistance
--- PASS: TestDockerNetworkMacvlanPersistance (1.27s)
    daemon.go:296: [d3f5b24a56e21] waiting for daemon to start
    daemon.go:328: [d3f5b24a56e21] daemon started
    daemon.go:283: [d3f5b24a56e21] exiting daemon
    daemon.go:296: [d3f5b24a56e21] waiting for daemon to start
    daemon.go:328: [d3f5b24a56e21] daemon started
    daemon.go:283: [d3f5b24a56e21] exiting daemon
=== RUN   TestDockerNetworkMacvlan
=== RUN   TestDockerNetworkMacvlan/Subinterface
=== RUN   TestDockerNetworkMacvlan/OverlapParent
=== RUN   TestDockerNetworkMacvlan/NilParent
=== RUN   TestDockerNetworkMacvlan/InternalMode
=== RUN   TestDockerNetworkMacvlan/Addressing
--- PASS: TestDockerNetworkMacvlan (22.83s)
    daemon.go:296: [d6ba8a10911cd] waiting for daemon to start
    daemon.go:328: [d6ba8a10911cd] daemon started
    --- PASS: TestDockerNetworkMacvlan/Subinterface (0.07s)
    daemon.go:283: [d6ba8a10911cd] exiting daemon
    daemon.go:296: [df4ff1bf64ec5] waiting for daemon to start
    daemon.go:328: [df4ff1bf64ec5] daemon started
    --- PASS: TestDockerNetworkMacvlan/OverlapParent (0.07s)
    daemon.go:283: [df4ff1bf64ec5] exiting daemon
    daemon.go:296: [dd082b0f70410] waiting for daemon to start
    daemon.go:328: [dd082b0f70410] daemon started
    --- PASS: TestDockerNetworkMacvlan/NilParent (0.83s)
    daemon.go:283: [dd082b0f70410] exiting daemon
    daemon.go:296: [d92a575eb5341] waiting for daemon to start
    daemon.go:328: [d92a575eb5341] daemon started
    --- PASS: TestDockerNetworkMacvlan/InternalMode (1.81s)
    daemon.go:283: [d92a575eb5341] exiting daemon
    daemon.go:296: [dbd15c88e187c] waiting for daemon to start
    daemon.go:328: [dbd15c88e187c] daemon started
    --- PASS: TestDockerNetworkMacvlan/Addressing (15.65s)
    daemon.go:283: [dbd15c88e187c] exiting daemon
PASS
Running /go/src/github.com/docker/docker/integration/secret
INFO: Testing against a local daemon
=== RUN   TestSecretInspect
--- PASS: TestSecretInspect (2.06s)
    daemon.go:296: [df4f624c4c6b3] waiting for daemon to start
    daemon.go:328: [df4f624c4c6b3] daemon started
    daemon.go:283: [df4f624c4c6b3] exiting daemon
=== RUN   TestSecretList
--- PASS: TestSecretList (2.11s)
    daemon.go:296: [d9a39bf0839aa] waiting for daemon to start
    daemon.go:328: [d9a39bf0839aa] daemon started
    daemon.go:283: [d9a39bf0839aa] exiting daemon
=== RUN   TestSecretsCreateAndDelete
--- PASS: TestSecretsCreateAndDelete (2.16s)
    daemon.go:296: [d70a7f4277768] waiting for daemon to start
    daemon.go:328: [d70a7f4277768] daemon started
    daemon.go:283: [d70a7f4277768] exiting daemon
=== RUN   TestSecretsUpdate
--- PASS: TestSecretsUpdate (2.09s)
    daemon.go:296: [d693ff75eb772] waiting for daemon to start
    daemon.go:328: [d693ff75eb772] daemon started
    daemon.go:283: [d693ff75eb772] exiting daemon
=== RUN   TestTemplatedSecret
--- PASS: TestTemplatedSecret (2.66s)
    daemon.go:296: [db975d7f63657] waiting for daemon to start
    daemon.go:328: [db975d7f63657] daemon started
    daemon.go:283: [db975d7f63657] exiting daemon
=== RUN   TestSecretCreateResolve
--- PASS: TestSecretCreateResolve (2.06s)
    daemon.go:296: [d0bdfac067b21] waiting for daemon to start
    daemon.go:328: [d0bdfac067b21] daemon started
    daemon.go:283: [d0bdfac067b21] exiting daemon
PASS
Running /go/src/github.com/docker/docker/integration/session
INFO: Testing against a local daemon
=== RUN   TestSessionCreate
--- SKIP: TestSessionCreate (0.00s)
    session_test.go:14: !testEnv.DaemonInfo.ExperimentalBuild
=== RUN   TestSessionCreateWithBadUpgrade
--- SKIP: TestSessionCreateWithBadUpgrade (0.00s)
    session_test.go:31: !testEnv.DaemonInfo.ExperimentalBuild
PASS
Running /go/src/github.com/docker/docker/integration/container
INFO: Testing against a local daemon
=== RUN   TestContainerInvalidJSON
=== RUN   TestContainerInvalidJSON//containers/foobar/copy
=== PAUSE TestContainerInvalidJSON//containers/foobar/copy
=== RUN   TestContainerInvalidJSON//containers/foobar/exec
=== PAUSE TestContainerInvalidJSON//containers/foobar/exec
=== RUN   TestContainerInvalidJSON//exec/foobar/start
=== PAUSE TestContainerInvalidJSON//exec/foobar/start
=== CONT  TestContainerInvalidJSON//containers/foobar/copy
=== CONT  TestContainerInvalidJSON//exec/foobar/start
=== CONT  TestContainerInvalidJSON//containers/foobar/exec
--- PASS: TestContainerInvalidJSON (0.02s)
    --- PASS: TestContainerInvalidJSON//exec/foobar/start (0.00s)
    --- PASS: TestContainerInvalidJSON//containers/foobar/copy (0.00s)
    --- PASS: TestContainerInvalidJSON//containers/foobar/exec (0.00s)
=== RUN   TestCopyFromContainerPathDoesNotExist
--- PASS: TestCopyFromContainerPathDoesNotExist (0.07s)
=== RUN   TestCopyFromContainerPathIsNotDir
--- PASS: TestCopyFromContainerPathIsNotDir (0.06s)
=== RUN   TestCopyToContainerPathDoesNotExist
--- PASS: TestCopyToContainerPathDoesNotExist (0.07s)
=== RUN   TestCopyToContainerPathIsNotDir
--- PASS: TestCopyToContainerPathIsNotDir (0.06s)
=== RUN   TestCreateFailsWhenIdentifierDoesNotExist
=== RUN   TestCreateFailsWhenIdentifierDoesNotExist/image_and_tag
=== PAUSE TestCreateFailsWhenIdentifierDoesNotExist/image_and_tag
=== RUN   TestCreateFailsWhenIdentifierDoesNotExist/image_no_tag
=== PAUSE TestCreateFailsWhenIdentifierDoesNotExist/image_no_tag
=== RUN   TestCreateFailsWhenIdentifierDoesNotExist/digest
=== PAUSE TestCreateFailsWhenIdentifierDoesNotExist/digest
=== CONT  TestCreateFailsWhenIdentifierDoesNotExist/image_and_tag
=== CONT  TestCreateFailsWhenIdentifierDoesNotExist/digest
=== CONT  TestCreateFailsWhenIdentifierDoesNotExist/image_no_tag
--- PASS: TestCreateFailsWhenIdentifierDoesNotExist (0.02s)
    --- PASS: TestCreateFailsWhenIdentifierDoesNotExist/image_and_tag (0.00s)
    --- PASS: TestCreateFailsWhenIdentifierDoesNotExist/image_no_tag (0.00s)
    --- PASS: TestCreateFailsWhenIdentifierDoesNotExist/digest (0.01s)
=== RUN   TestCreateWithInvalidEnv
=== RUN   TestCreateWithInvalidEnv/0
=== PAUSE TestCreateWithInvalidEnv/0
=== RUN   TestCreateWithInvalidEnv/1
=== PAUSE TestCreateWithInvalidEnv/1
=== RUN   TestCreateWithInvalidEnv/2
=== PAUSE TestCreateWithInvalidEnv/2
=== CONT  TestCreateWithInvalidEnv/0
=== CONT  TestCreateWithInvalidEnv/2
=== CONT  TestCreateWithInvalidEnv/1
--- PASS: TestCreateWithInvalidEnv (0.02s)
    --- PASS: TestCreateWithInvalidEnv/0 (0.00s)
    --- PASS: TestCreateWithInvalidEnv/2 (0.00s)
    --- PASS: TestCreateWithInvalidEnv/1 (0.00s)
=== RUN   TestCreateTmpfsMountsTarget
--- PASS: TestCreateTmpfsMountsTarget (0.02s)
=== RUN   TestCreateWithCustomMaskedPaths
--- PASS: TestCreateWithCustomMaskedPaths (1.49s)
=== RUN   TestCreateWithCustomReadonlyPaths
--- PASS: TestCreateWithCustomReadonlyPaths (1.52s)
=== RUN   TestCreateWithInvalidHealthcheckParams
=== RUN   TestCreateWithInvalidHealthcheckParams/test_invalid_Interval_in_Healthcheck:_less_than_0s
=== PAUSE TestCreateWithInvalidHealthcheckParams/test_invalid_Interval_in_Healthcheck:_less_than_0s
=== RUN   TestCreateWithInvalidHealthcheckParams/test_invalid_Interval_in_Healthcheck:_larger_than_0s_but_less_than_1ms
=== PAUSE TestCreateWithInvalidHealthcheckParams/test_invalid_Interval_in_Healthcheck:_larger_than_0s_but_less_than_1ms
=== RUN   TestCreateWithInvalidHealthcheckParams/test_invalid_Timeout_in_Healthcheck:_less_than_1ms
=== PAUSE TestCreateWithInvalidHealthcheckParams/test_invalid_Timeout_in_Healthcheck:_less_than_1ms
=== RUN   TestCreateWithInvalidHealthcheckParams/test_invalid_Retries_in_Healthcheck:_less_than_0
=== PAUSE TestCreateWithInvalidHealthcheckParams/test_invalid_Retries_in_Healthcheck:_less_than_0
=== RUN   TestCreateWithInvalidHealthcheckParams/test_invalid_StartPeriod_in_Healthcheck:_not_0_and_less_than_1ms
=== PAUSE TestCreateWithInvalidHealthcheckParams/test_invalid_StartPeriod_in_Healthcheck:_not_0_and_less_than_1ms
=== CONT  TestCreateWithInvalidHealthcheckParams/test_invalid_Interval_in_Healthcheck:_less_than_0s
=== CONT  TestCreateWithInvalidHealthcheckParams/test_invalid_Retries_in_Healthcheck:_less_than_0
=== CONT  TestCreateWithInvalidHealthcheckParams/test_invalid_StartPeriod_in_Healthcheck:_not_0_and_less_than_1ms
=== CONT  TestCreateWithInvalidHealthcheckParams/test_invalid_Timeout_in_Healthcheck:_less_than_1ms
=== CONT  TestCreateWithInvalidHealthcheckParams/test_invalid_Interval_in_Healthcheck:_larger_than_0s_but_less_than_1ms
--- PASS: TestCreateWithInvalidHealthcheckParams (0.03s)
    --- PASS: TestCreateWithInvalidHealthcheckParams/test_invalid_Retries_in_Healthcheck:_less_than_0 (0.00s)
    --- PASS: TestCreateWithInvalidHealthcheckParams/test_invalid_Interval_in_Healthcheck:_less_than_0s (0.00s)
    --- PASS: TestCreateWithInvalidHealthcheckParams/test_invalid_StartPeriod_in_Healthcheck:_not_0_and_less_than_1ms (0.00s)
    --- PASS: TestCreateWithInvalidHealthcheckParams/test_invalid_Timeout_in_Healthcheck:_less_than_1ms (0.00s)
    --- PASS: TestCreateWithInvalidHealthcheckParams/test_invalid_Interval_in_Healthcheck:_larger_than_0s_but_less_than_1ms (0.00s)
=== RUN   TestContainerStartOnDaemonRestart
=== PAUSE TestContainerStartOnDaemonRestart
=== RUN   TestDiff
--- PASS: TestDiff (0.52s)
=== RUN   TestExecWithCloseStdin
--- PASS: TestExecWithCloseStdin (0.61s)
=== RUN   TestExec
--- PASS: TestExec (0.62s)
=== RUN   TestExportContainerAndImportImage
--- PASS: TestExportContainerAndImportImage (0.67s)
=== RUN   TestExportContainerAfterDaemonRestart
--- PASS: TestExportContainerAfterDaemonRestart (1.27s)
    daemon.go:296: [de6e8aad0b697] waiting for daemon to start
    daemon.go:328: [de6e8aad0b697] daemon started
    daemon.go:283: [de6e8aad0b697] exiting daemon
    daemon.go:296: [de6e8aad0b697] waiting for daemon to start
    daemon.go:328: [de6e8aad0b697] daemon started
    daemon.go:283: [de6e8aad0b697] exiting daemon
=== RUN   TestHealthCheckWorkdir
--- PASS: TestHealthCheckWorkdir (0.79s)
=== RUN   TestInspectCpusetInConfigPre120
--- PASS: TestInspectCpusetInConfigPre120 (0.49s)
=== RUN   TestIpcModeNone
--- PASS: TestIpcModeNone (0.61s)
=== RUN   TestIpcModePrivate
--- PASS: TestIpcModePrivate (0.61s)
    ipcmode_test.go:88: [testIpcPrivateShareable] ipcmode: private, ipcdev: 0:58, shared: false, mustBeShared: false
=== RUN   TestIpcModeShareable
--- PASS: TestIpcModeShareable (0.62s)
    ipcmode_test.go:88: [testIpcPrivateShareable] ipcmode: shareable, ipcdev: 0:52, shared: true, mustBeShared: true
=== RUN   TestAPIIpcModeShareableAndContainer
--- PASS: TestAPIIpcModeShareableAndContainer (1.84s)
=== RUN   TestAPIIpcModeHost
--- PASS: TestAPIIpcModeHost (0.52s)
=== RUN   TestDaemonIpcModeShareable
--- PASS: TestDaemonIpcModeShareable (1.32s)
    daemon.go:296: [d95b6fec0bd43] waiting for daemon to start
    daemon.go:328: [d95b6fec0bd43] daemon started
    ipcmode_test.go:256: [testDaemonIpcPrivateShareable] ipcdev: 0:60, shared: true, mustBeShared: true
    daemon.go:283: [d95b6fec0bd43] exiting daemon
=== RUN   TestDaemonIpcModePrivate
--- PASS: TestDaemonIpcModePrivate (1.33s)
    daemon.go:296: [d468c8b0bc073] waiting for daemon to start
    daemon.go:328: [d468c8b0bc073] daemon started
    ipcmode_test.go:256: [testDaemonIpcPrivateShareable] ipcdev: 0:66, shared: false, mustBeShared: false
    daemon.go:283: [d468c8b0bc073] exiting daemon
=== RUN   TestDaemonIpcModePrivateFromConfig
--- PASS: TestDaemonIpcModePrivateFromConfig (1.32s)
    daemon.go:296: [d2eb1d3faec71] waiting for daemon to start
    daemon.go:328: [d2eb1d3faec71] daemon started
    ipcmode_test.go:256: [testDaemonIpcPrivateShareable] ipcdev: 0:66, shared: false, mustBeShared: false
    daemon.go:283: [d2eb1d3faec71] exiting daemon
=== RUN   TestDaemonIpcModeShareableFromConfig
--- PASS: TestDaemonIpcModeShareableFromConfig (1.30s)
    daemon.go:296: [d49dc2a02c965] waiting for daemon to start
    daemon.go:328: [d49dc2a02c965] daemon started
    ipcmode_test.go:256: [testDaemonIpcPrivateShareable] ipcdev: 0:60, shared: true, mustBeShared: true
    daemon.go:283: [d49dc2a02c965] exiting daemon
=== RUN   TestKillContainerInvalidSignal
--- PASS: TestKillContainerInvalidSignal (0.51s)
=== RUN   TestKillContainer
=== RUN   TestKillContainer/no_signal
=== RUN   TestKillContainer/non_killing_signal
=== RUN   TestKillContainer/killing_signal
--- PASS: TestKillContainer (1.62s)
    --- PASS: TestKillContainer/no_signal (0.50s)
    --- PASS: TestKillContainer/non_killing_signal (0.36s)
    --- PASS: TestKillContainer/killing_signal (0.50s)
=== RUN   TestKillWithStopSignalAndRestartPolicies
=== RUN   TestKillWithStopSignalAndRestartPolicies/same-signal-disables-restart-policy
=== RUN   TestKillWithStopSignalAndRestartPolicies/different-signal-keep-restart-policy
--- PASS: TestKillWithStopSignalAndRestartPolicies (1.06s)
    --- PASS: TestKillWithStopSignalAndRestartPolicies/same-signal-disables-restart-policy (0.48s)
    --- PASS: TestKillWithStopSignalAndRestartPolicies/different-signal-keep-restart-policy (0.38s)
=== RUN   TestKillStoppedContainer
--- PASS: TestKillStoppedContainer (0.08s)
=== RUN   TestKillStoppedContainerAPIPre120
--- PASS: TestKillStoppedContainerAPIPre120 (0.06s)
=== RUN   TestKillDifferentUserContainer
--- PASS: TestKillDifferentUserContainer (0.52s)
=== RUN   TestInspectOomKilledTrue
--- SKIP: TestInspectOomKilledTrue (0.00s)
    kill_test.go:153: testEnv.DaemonInfo.OSType == "windows" || !testEnv.DaemonInfo.MemoryLimit || !testEnv.DaemonInfo.SwapLimit
=== RUN   TestInspectOomKilledFalse
--- SKIP: TestInspectOomKilledFalse (0.00s)
    kill_test.go:171: testEnv.DaemonInfo.OSType == "windows" || !testEnv.DaemonInfo.MemoryLimit || !testEnv.DaemonInfo.SwapLimit
=== RUN   TestLinksEtcHostsContentMatch
--- PASS: TestLinksEtcHostsContentMatch (0.44s)
=== RUN   TestLinksContainerNames
--- PASS: TestLinksContainerNames (1.05s)
=== RUN   TestLogsFollowTailEmpty
--- PASS: TestLogsFollowTailEmpty (0.50s)
=== RUN   TestContainerNetworkMountsNoChown
--- PASS: TestContainerNetworkMountsNoChown (0.50s)
=== RUN   TestMountDaemonRoot
=== PAUSE TestMountDaemonRoot
=== RUN   TestContainerBindMountNonRecursive
--- PASS: TestContainerBindMountNonRecursive (1.26s)
=== RUN   TestNetworkNat
--- PASS: TestNetworkNat (0.49s)
=== RUN   TestNetworkLocalhostTCPNat
--- PASS: TestNetworkLocalhostTCPNat (0.53s)
=== RUN   TestNetworkLoopbackNat
--- PASS: TestNetworkLoopbackNat (0.73s)
=== RUN   TestPause
--- PASS: TestPause (0.54s)
=== RUN   TestPauseFailsOnWindowsServerContainers
--- SKIP: TestPauseFailsOnWindowsServerContainers (0.00s)
    pause_test.go:54: testEnv.DaemonInfo.OSType != "windows" || testEnv.DaemonInfo.Isolation != "process"
=== RUN   TestPauseStopPausedContainer
--- PASS: TestPauseStopPausedContainer (0.55s)
=== RUN   TestPsFilter
--- PASS: TestPsFilter (0.16s)
=== RUN   TestRemoveContainerWithRemovedVolume
--- PASS: TestRemoveContainerWithRemovedVolume (0.51s)
=== RUN   TestRemoveContainerWithVolume
--- PASS: TestRemoveContainerWithVolume (0.52s)
=== RUN   TestRemoveContainerRunning
--- PASS: TestRemoveContainerRunning (0.52s)
=== RUN   TestRemoveContainerForceRemoveRunning
--- PASS: TestRemoveContainerForceRemoveRunning (0.51s)
=== RUN   TestRemoveInvalidContainer
--- PASS: TestRemoveInvalidContainer (0.02s)
=== RUN   TestRenameLinkedContainer
--- PASS: TestRenameLinkedContainer (2.06s)
=== RUN   TestRenameStoppedContainer
--- PASS: TestRenameStoppedContainer (0.55s)
=== RUN   TestRenameRunningContainerAndReuse
--- PASS: TestRenameRunningContainerAndReuse (1.05s)
=== RUN   TestRenameInvalidName
--- PASS: TestRenameInvalidName (0.51s)
=== RUN   TestRenameAnonymousContainer
--- PASS: TestRenameAnonymousContainer (1.75s)
=== RUN   TestRenameContainerWithSameName
--- PASS: TestRenameContainerWithSameName (0.52s)
=== RUN   TestRenameContainerWithLinkedContainer
--- PASS: TestRenameContainerWithLinkedContainer (1.04s)
=== RUN   TestResize
--- PASS: TestResize (0.51s)
=== RUN   TestResizeWithInvalidSize
--- PASS: TestResizeWithInvalidSize (0.55s)
=== RUN   TestResizeWhenContainerNotStarted
--- PASS: TestResizeWhenContainerNotStarted (0.52s)
=== RUN   TestDaemonRestartKillContainers
=== RUN   TestDaemonRestartKillContainers/live-restore=false/container_without_restart_policy/kill-daemon
=== PAUSE TestDaemonRestartKillContainers/live-restore=false/container_without_restart_policy/kill-daemon
=== RUN   TestDaemonRestartKillContainers/live-restore=false/container_without_restart_policy/stop-daemon
=== PAUSE TestDaemonRestartKillContainers/live-restore=false/container_without_restart_policy/stop-daemon
=== RUN   TestDaemonRestartKillContainers/live-restore=true/container_without_restart_policy/kill-daemon
=== PAUSE TestDaemonRestartKillContainers/live-restore=true/container_without_restart_policy/kill-daemon
=== RUN   TestDaemonRestartKillContainers/live-restore=true/container_without_restart_policy/stop-daemon
=== PAUSE TestDaemonRestartKillContainers/live-restore=true/container_without_restart_policy/stop-daemon
=== RUN   TestDaemonRestartKillContainers/live-restore=false/container_with_restart=always/kill-daemon
=== PAUSE TestDaemonRestartKillContainers/live-restore=false/container_with_restart=always/kill-daemon
=== RUN   TestDaemonRestartKillContainers/live-restore=false/container_with_restart=always/stop-daemon
=== PAUSE TestDaemonRestartKillContainers/live-restore=false/container_with_restart=always/stop-daemon
=== RUN   TestDaemonRestartKillContainers/live-restore=true/container_with_restart=always/kill-daemon
=== PAUSE TestDaemonRestartKillContainers/live-restore=true/container_with_restart=always/kill-daemon
=== RUN   TestDaemonRestartKillContainers/live-restore=true/container_with_restart=always/stop-daemon
=== PAUSE TestDaemonRestartKillContainers/live-restore=true/container_with_restart=always/stop-daemon
=== RUN   TestDaemonRestartKillContainers/live-restore=false/container_created_should_not_be_restarted/kill-daemon
=== PAUSE TestDaemonRestartKillContainers/live-restore=false/container_created_should_not_be_restarted/kill-daemon
=== RUN   TestDaemonRestartKillContainers/live-restore=false/container_created_should_not_be_restarted/stop-daemon
=== PAUSE TestDaemonRestartKillContainers/live-restore=false/container_created_should_not_be_restarted/stop-daemon
=== RUN   TestDaemonRestartKillContainers/live-restore=true/container_created_should_not_be_restarted/stop-daemon
=== PAUSE TestDaemonRestartKillContainers/live-restore=true/container_created_should_not_be_restarted/stop-daemon
=== RUN   TestDaemonRestartKillContainers/live-restore=true/container_created_should_not_be_restarted/kill-daemon
=== PAUSE TestDaemonRestartKillContainers/live-restore=true/container_created_should_not_be_restarted/kill-daemon
=== CONT  TestDaemonRestartKillContainers/live-restore=false/container_without_restart_policy/kill-daemon
=== CONT  TestDaemonRestartKillContainers/live-restore=true/container_with_restart=always/kill-daemon
=== CONT  TestDaemonRestartKillContainers/live-restore=false/container_with_restart=always/stop-daemon
=== CONT  TestDaemonRestartKillContainers/live-restore=false/container_with_restart=always/kill-daemon
=== CONT  TestDaemonRestartKillContainers/live-restore=true/container_without_restart_policy/stop-daemon
=== CONT  TestDaemonRestartKillContainers/live-restore=true/container_without_restart_policy/kill-daemon
=== CONT  TestDaemonRestartKillContainers/live-restore=false/container_without_restart_policy/stop-daemon
=== CONT  TestDaemonRestartKillContainers/live-restore=false/container_created_should_not_be_restarted/stop-daemon
=== CONT  TestDaemonRestartKillContainers/live-restore=true/container_created_should_not_be_restarted/kill-daemon
=== CONT  TestDaemonRestartKillContainers/live-restore=true/container_created_should_not_be_restarted/stop-daemon
=== CONT  TestDaemonRestartKillContainers/live-restore=false/container_created_should_not_be_restarted/kill-daemon
=== CONT  TestDaemonRestartKillContainers/live-restore=true/container_with_restart=always/stop-daemon
--- PASS: TestDaemonRestartKillContainers (0.00s)
    --- PASS: TestDaemonRestartKillContainers/live-restore=false/container_without_restart_policy/kill-daemon (1.85s)
        daemon.go:296: [d2d6b9f4dcdb0] waiting for daemon to start
        daemon.go:328: [d2d6b9f4dcdb0] daemon started
        daemon.go:296: [d2d6b9f4dcdb0] waiting for daemon to start
        daemon.go:328: [d2d6b9f4dcdb0] daemon started
        daemon.go:283: [d2d6b9f4dcdb0] exiting daemon
    --- PASS: TestDaemonRestartKillContainers/live-restore=true/container_with_restart=always/kill-daemon (2.06s)
        daemon.go:296: [dd38c16dfd838] waiting for daemon to start
        daemon.go:328: [dd38c16dfd838] daemon started
        daemon.go:296: [dd38c16dfd838] waiting for daemon to start
        daemon.go:328: [dd38c16dfd838] daemon started
    --- PASS: TestDaemonRestartKillContainers/live-restore=false/container_with_restart=always/stop-daemon (2.24s)
        daemon.go:296: [d6b422e96e486] waiting for daemon to start
        daemon.go:328: [d6b422e96e486] daemon started
        daemon.go:283: [d6b422e96e486] exiting daemon
        daemon.go:296: [d6b422e96e486] waiting for daemon to start
        daemon.go:328: [d6b422e96e486] daemon started
        daemon.go:283: [d6b422e96e486] exiting daemon
    --- PASS: TestDaemonRestartKillContainers/live-restore=false/container_with_restart=always/kill-daemon (2.24s)
        daemon.go:296: [db4a100ee41a2] waiting for daemon to start
        daemon.go:328: [db4a100ee41a2] daemon started
        daemon.go:296: [db4a100ee41a2] waiting for daemon to start
        daemon.go:328: [db4a100ee41a2] daemon started
        daemon.go:283: [db4a100ee41a2] exiting daemon
    --- PASS: TestDaemonRestartKillContainers/live-restore=true/container_without_restart_policy/stop-daemon (1.86s)
        daemon.go:296: [d2158b99092ab] waiting for daemon to start
        daemon.go:328: [d2158b99092ab] daemon started
        daemon.go:283: [d2158b99092ab] exiting daemon
        daemon.go:296: [d2158b99092ab] waiting for daemon to start
        daemon.go:328: [d2158b99092ab] daemon started
        daemon.go:283: [d2158b99092ab] exiting daemon
    --- PASS: TestDaemonRestartKillContainers/live-restore=true/container_without_restart_policy/kill-daemon (1.92s)
        daemon.go:296: [de9e6848a3cf4] waiting for daemon to start
        daemon.go:328: [de9e6848a3cf4] daemon started
        daemon.go:296: [de9e6848a3cf4] waiting for daemon to start
        daemon.go:328: [de9e6848a3cf4] daemon started
        daemon.go:283: [de9e6848a3cf4] exiting daemon
    --- PASS: TestDaemonRestartKillContainers/live-restore=false/container_created_should_not_be_restarted/stop-daemon (1.36s)
        daemon.go:296: [d65a871c52ccf] waiting for daemon to start
        daemon.go:328: [d65a871c52ccf] daemon started
        daemon.go:283: [d65a871c52ccf] exiting daemon
        daemon.go:296: [d65a871c52ccf] waiting for daemon to start
        daemon.go:328: [d65a871c52ccf] daemon started
        daemon.go:283: [d65a871c52ccf] exiting daemon
    --- PASS: TestDaemonRestartKillContainers/live-restore=false/container_without_restart_policy/stop-daemon (1.88s)
        daemon.go:296: [d7d28e0f3b0fb] waiting for daemon to start
        daemon.go:328: [d7d28e0f3b0fb] daemon started
        daemon.go:283: [d7d28e0f3b0fb] exiting daemon
        daemon.go:296: [d7d28e0f3b0fb] waiting for daemon to start
        daemon.go:328: [d7d28e0f3b0fb] daemon started
        daemon.go:283: [d7d28e0f3b0fb] exiting daemon
    --- PASS: TestDaemonRestartKillContainers/live-restore=true/container_created_should_not_be_restarted/kill-daemon (1.29s)
        daemon.go:296: [da0bbd80abd50] waiting for daemon to start
        daemon.go:328: [da0bbd80abd50] daemon started
        daemon.go:296: [da0bbd80abd50] waiting for daemon to start
        daemon.go:328: [da0bbd80abd50] daemon started
        daemon.go:283: [da0bbd80abd50] exiting daemon
    --- PASS: TestDaemonRestartKillContainers/live-restore=true/container_created_should_not_be_restarted/stop-daemon (1.32s)
        daemon.go:296: [d2bec4c9c383f] waiting for daemon to start
        daemon.go:328: [d2bec4c9c383f] daemon started
        daemon.go:283: [d2bec4c9c383f] exiting daemon
        daemon.go:296: [d2bec4c9c383f] waiting for daemon to start
        daemon.go:328: [d2bec4c9c383f] daemon started
        daemon.go:283: [d2bec4c9c383f] exiting daemon
    --- PASS: TestDaemonRestartKillContainers/live-restore=false/container_created_should_not_be_restarted/kill-daemon (1.28s)
        daemon.go:296: [daf031ce661fa] waiting for daemon to start
        daemon.go:328: [daf031ce661fa] daemon started
        daemon.go:296: [daf031ce661fa] waiting for daemon to start
        daemon.go:328: [daf031ce661fa] daemon started
        daemon.go:283: [daf031ce661fa] exiting daemon
    --- PASS: TestDaemonRestartKillContainers/live-restore=true/container_with_restart=always/stop-daemon (1.76s)
        daemon.go:296: [d119f9c13fd34] waiting for daemon to start
        daemon.go:328: [d119f9c13fd34] daemon started
        daemon.go:283: [d119f9c13fd34] exiting daemon
        daemon.go:296: [d119f9c13fd34] waiting for daemon to start
        daemon.go:328: [d119f9c13fd34] daemon started
        daemon.go:283: [d119f9c13fd34] exiting daemon
=== RUN   TestKernelTCPMemory
--- PASS: TestKernelTCPMemory (0.64s)
=== RUN   TestNISDomainname
--- PASS: TestNISDomainname (0.71s)
=== RUN   TestStats
--- PASS: TestStats (2.15s)
=== RUN   TestStopContainerWithTimeout
=== RUN   TestStopContainerWithTimeout/0
=== PAUSE TestStopContainerWithTimeout/0
=== RUN   TestStopContainerWithTimeout/1
=== PAUSE TestStopContainerWithTimeout/1
=== RUN   TestStopContainerWithTimeout/3
=== PAUSE TestStopContainerWithTimeout/3
=== RUN   TestStopContainerWithTimeout/-1
=== PAUSE TestStopContainerWithTimeout/-1
=== CONT  TestStopContainerWithTimeout/0
=== CONT  TestStopContainerWithTimeout/3
=== CONT  TestStopContainerWithTimeout/1
=== CONT  TestStopContainerWithTimeout/-1
--- PASS: TestStopContainerWithTimeout (0.02s)
    --- PASS: TestStopContainerWithTimeout/0 (0.63s)
    --- PASS: TestStopContainerWithTimeout/1 (1.54s)
    --- PASS: TestStopContainerWithTimeout/3 (2.58s)
    --- PASS: TestStopContainerWithTimeout/-1 (2.51s)
=== RUN   TestDeleteDevicemapper
--- SKIP: TestDeleteDevicemapper (0.00s)
    stop_linux_test.go:75: testEnv.DaemonInfo.Driver != "devicemapper"
=== RUN   TestStopContainerWithRestartPolicyAlways
--- PASS: TestStopContainerWithRestartPolicyAlways (1.43s)
=== RUN   TestUpdateMemory
--- SKIP: TestUpdateMemory (0.00s)
    update_linux_test.go:22: !testEnv.DaemonInfo.SwapLimit
=== RUN   TestUpdateCPUQuota
=== PAUSE TestUpdateCPUQuota
=== RUN   TestUpdateRestartPolicy
--- PASS: TestUpdateRestartPolicy (11.28s)
=== RUN   TestUpdateRestartWithAutoRemove
--- PASS: TestUpdateRestartWithAutoRemove (0.52s)
=== RUN   TestWaitNonBlocked
=== RUN   TestWaitNonBlocked/wait-nonblocking-exit-0
=== PAUSE TestWaitNonBlocked/wait-nonblocking-exit-0
=== RUN   TestWaitNonBlocked/wait-nonblocking-exit-random
=== PAUSE TestWaitNonBlocked/wait-nonblocking-exit-random
=== CONT  TestWaitNonBlocked/wait-nonblocking-exit-0
=== CONT  TestWaitNonBlocked/wait-nonblocking-exit-random
--- PASS: TestWaitNonBlocked (0.02s)
    --- PASS: TestWaitNonBlocked/wait-nonblocking-exit-0 (0.64s)
    --- PASS: TestWaitNonBlocked/wait-nonblocking-exit-random (0.68s)
=== RUN   TestWaitBlocked
=== RUN   TestWaitBlocked/test-wait-blocked-exit-zero
=== PAUSE TestWaitBlocked/test-wait-blocked-exit-zero
=== RUN   TestWaitBlocked/test-wait-blocked-exit-random
=== PAUSE TestWaitBlocked/test-wait-blocked-exit-random
=== CONT  TestWaitBlocked/test-wait-blocked-exit-zero
=== CONT  TestWaitBlocked/test-wait-blocked-exit-random
--- PASS: TestWaitBlocked (0.03s)
    --- PASS: TestWaitBlocked/test-wait-blocked-exit-zero (0.78s)
    --- PASS: TestWaitBlocked/test-wait-blocked-exit-random (0.82s)
=== CONT  TestContainerStartOnDaemonRestart
=== CONT  TestUpdateCPUQuota
--- PASS: TestUpdateCPUQuota (1.51s)
=== CONT  TestMountDaemonRoot
=== RUN   TestMountDaemonRoot/default
=== PAUSE TestMountDaemonRoot/default
=== RUN   TestMountDaemonRoot/private
=== PAUSE TestMountDaemonRoot/private
=== RUN   TestMountDaemonRoot/rprivate
=== PAUSE TestMountDaemonRoot/rprivate
=== RUN   TestMountDaemonRoot/slave
=== PAUSE TestMountDaemonRoot/slave
=== RUN   TestMountDaemonRoot/rslave
=== PAUSE TestMountDaemonRoot/rslave
=== RUN   TestMountDaemonRoot/shared
=== PAUSE TestMountDaemonRoot/shared
=== RUN   TestMountDaemonRoot/rshared
=== PAUSE TestMountDaemonRoot/rshared
=== CONT  TestMountDaemonRoot/default
=== RUN   TestMountDaemonRoot/default/bind_root
=== PAUSE TestMountDaemonRoot/default/bind_root
=== RUN   TestMountDaemonRoot/default/bind_subpath
=== PAUSE TestMountDaemonRoot/default/bind_subpath
=== RUN   TestMountDaemonRoot/default/mount_root
=== PAUSE TestMountDaemonRoot/default/mount_root
=== RUN   TestMountDaemonRoot/default/mount_subpath
=== PAUSE TestMountDaemonRoot/default/mount_subpath
=== CONT  TestMountDaemonRoot/rslave
=== RUN   TestMountDaemonRoot/rslave/bind_root
=== PAUSE TestMountDaemonRoot/rslave/bind_root
=== RUN   TestMountDaemonRoot/rslave/bind_subpath
=== PAUSE TestMountDaemonRoot/rslave/bind_subpath
=== RUN   TestMountDaemonRoot/rslave/mount_root
=== PAUSE TestMountDaemonRoot/rslave/mount_root
=== RUN   TestMountDaemonRoot/rslave/mount_subpath
=== PAUSE TestMountDaemonRoot/rslave/mount_subpath
=== CONT  TestMountDaemonRoot/rshared
=== RUN   TestMountDaemonRoot/rshared/bind_subpath
=== PAUSE TestMountDaemonRoot/rshared/bind_subpath
=== RUN   TestMountDaemonRoot/rshared/mount_root
=== PAUSE TestMountDaemonRoot/rshared/mount_root
=== RUN   TestMountDaemonRoot/rshared/mount_subpath
=== PAUSE TestMountDaemonRoot/rshared/mount_subpath
=== RUN   TestMountDaemonRoot/rshared/bind_root
=== PAUSE TestMountDaemonRoot/rshared/bind_root
=== CONT  TestMountDaemonRoot/shared
=== RUN   TestMountDaemonRoot/shared/mount_root
=== PAUSE TestMountDaemonRoot/shared/mount_root
=== RUN   TestMountDaemonRoot/shared/mount_subpath
=== PAUSE TestMountDaemonRoot/shared/mount_subpath
=== RUN   TestMountDaemonRoot/shared/bind_root
=== PAUSE TestMountDaemonRoot/shared/bind_root
=== RUN   TestMountDaemonRoot/shared/bind_subpath
=== PAUSE TestMountDaemonRoot/shared/bind_subpath
=== CONT  TestMountDaemonRoot/rprivate
=== RUN   TestMountDaemonRoot/rprivate/bind_root
=== PAUSE TestMountDaemonRoot/rprivate/bind_root
=== RUN   TestMountDaemonRoot/rprivate/bind_subpath
=== PAUSE TestMountDaemonRoot/rprivate/bind_subpath
=== RUN   TestMountDaemonRoot/rprivate/mount_root
=== PAUSE TestMountDaemonRoot/rprivate/mount_root
=== RUN   TestMountDaemonRoot/rprivate/mount_subpath
=== PAUSE TestMountDaemonRoot/rprivate/mount_subpath
=== CONT  TestMountDaemonRoot/slave
=== RUN   TestMountDaemonRoot/slave/bind_root
=== PAUSE TestMountDaemonRoot/slave/bind_root
=== RUN   TestMountDaemonRoot/slave/bind_subpath
=== PAUSE TestMountDaemonRoot/slave/bind_subpath
=== RUN   TestMountDaemonRoot/slave/mount_root
=== PAUSE TestMountDaemonRoot/slave/mount_root
=== RUN   TestMountDaemonRoot/slave/mount_subpath
=== PAUSE TestMountDaemonRoot/slave/mount_subpath
=== CONT  TestMountDaemonRoot/private
=== RUN   TestMountDaemonRoot/private/mount_subpath
=== PAUSE TestMountDaemonRoot/private/mount_subpath
=== RUN   TestMountDaemonRoot/private/bind_root
=== PAUSE TestMountDaemonRoot/private/bind_root
=== RUN   TestMountDaemonRoot/private/bind_subpath
=== PAUSE TestMountDaemonRoot/private/bind_subpath
=== RUN   TestMountDaemonRoot/private/mount_root
=== PAUSE TestMountDaemonRoot/private/mount_root
=== CONT  TestMountDaemonRoot/default/bind_root
=== CONT  TestMountDaemonRoot/default/mount_root
=== CONT  TestMountDaemonRoot/default/mount_subpath
=== CONT  TestMountDaemonRoot/default/bind_subpath
=== CONT  TestMountDaemonRoot/rslave/bind_root
=== CONT  TestMountDaemonRoot/rslave/mount_root
=== CONT  TestMountDaemonRoot/rslave/mount_subpath
=== CONT  TestMountDaemonRoot/rslave/bind_subpath
=== CONT  TestMountDaemonRoot/rshared/bind_subpath
=== CONT  TestMountDaemonRoot/rshared/mount_subpath
=== CONT  TestMountDaemonRoot/rshared/bind_root
=== CONT  TestMountDaemonRoot/rshared/mount_root
=== CONT  TestMountDaemonRoot/shared/mount_root
=== CONT  TestMountDaemonRoot/shared/bind_root
--- PASS: TestContainerStartOnDaemonRestart (2.31s)
    daemon.go:296: [d5e714b7912c5] waiting for daemon to start
    daemon.go:328: [d5e714b7912c5] daemon started
    daemon.go:296: [d5e714b7912c5] waiting for daemon to start
    daemon.go:328: [d5e714b7912c5] daemon started
    daemon.go:283: [d5e714b7912c5] exiting daemon
=== CONT  TestMountDaemonRoot/shared/bind_subpath
=== CONT  TestMountDaemonRoot/shared/mount_subpath
=== CONT  TestMountDaemonRoot/rprivate/bind_root
=== CONT  TestMountDaemonRoot/rprivate/mount_root
=== CONT  TestMountDaemonRoot/rprivate/mount_subpath
=== CONT  TestMountDaemonRoot/rprivate/bind_subpath
=== CONT  TestMountDaemonRoot/slave/bind_root
=== CONT  TestMountDaemonRoot/slave/mount_root
=== CONT  TestMountDaemonRoot/slave/mount_subpath
=== CONT  TestMountDaemonRoot/slave/bind_subpath
=== CONT  TestMountDaemonRoot/private/mount_subpath
=== CONT  TestMountDaemonRoot/private/bind_subpath
=== CONT  TestMountDaemonRoot/private/mount_root
=== CONT  TestMountDaemonRoot/private/bind_root
--- PASS: TestMountDaemonRoot (0.04s)
    --- PASS: TestMountDaemonRoot/default (0.00s)
        --- PASS: TestMountDaemonRoot/default/bind_root (0.05s)
        --- PASS: TestMountDaemonRoot/default/mount_root (0.06s)
        --- PASS: TestMountDaemonRoot/default/mount_subpath (0.07s)
        --- PASS: TestMountDaemonRoot/default/bind_subpath (0.07s)
    --- PASS: TestMountDaemonRoot/rslave (0.00s)
        --- PASS: TestMountDaemonRoot/rslave/bind_root (0.06s)
        --- PASS: TestMountDaemonRoot/rslave/mount_root (0.06s)
        --- PASS: TestMountDaemonRoot/rslave/mount_subpath (0.05s)
        --- PASS: TestMountDaemonRoot/rslave/bind_subpath (0.06s)
    --- PASS: TestMountDaemonRoot/rshared (0.00s)
        --- PASS: TestMountDaemonRoot/rshared/bind_subpath (0.06s)
        --- PASS: TestMountDaemonRoot/rshared/mount_subpath (0.05s)
        --- PASS: TestMountDaemonRoot/rshared/bind_root (0.06s)
        --- PASS: TestMountDaemonRoot/rshared/mount_root (0.05s)
    --- PASS: TestMountDaemonRoot/shared (0.00s)
        --- PASS: TestMountDaemonRoot/shared/mount_root (0.05s)
        --- PASS: TestMountDaemonRoot/shared/bind_root (0.06s)
        --- PASS: TestMountDaemonRoot/shared/bind_subpath (0.06s)
        --- PASS: TestMountDaemonRoot/shared/mount_subpath (0.06s)
    --- PASS: TestMountDaemonRoot/rprivate (0.00s)
        --- PASS: TestMountDaemonRoot/rprivate/bind_root (0.06s)
        --- PASS: TestMountDaemonRoot/rprivate/mount_root (0.07s)
        --- PASS: TestMountDaemonRoot/rprivate/mount_subpath (0.07s)
        --- PASS: TestMountDaemonRoot/rprivate/bind_subpath (0.06s)
    --- PASS: TestMountDaemonRoot/slave (0.00s)
        --- PASS: TestMountDaemonRoot/slave/bind_root (0.06s)
        --- PASS: TestMountDaemonRoot/slave/mount_root (0.06s)
        --- PASS: TestMountDaemonRoot/slave/mount_subpath (0.06s)
        --- PASS: TestMountDaemonRoot/slave/bind_subpath (0.07s)
    --- PASS: TestMountDaemonRoot/private (0.00s)
        --- PASS: TestMountDaemonRoot/private/mount_subpath (0.07s)
        --- PASS: TestMountDaemonRoot/private/bind_subpath (0.06s)
        --- PASS: TestMountDaemonRoot/private/mount_root (0.06s)
        --- PASS: TestMountDaemonRoot/private/bind_root (0.04s)
PASS
Running /go/src/github.com/docker/docker/integration/build
INFO: Testing against a local daemon
=== RUN   TestBuildWithSession
--- PASS: TestBuildWithSession (5.42s)
    daemon.go:296: [d3da928677763] waiting for daemon to start
    daemon.go:328: [d3da928677763] daemon started
    daemon.go:283: [d3da928677763] exiting daemon
=== RUN   TestBuildSquashParent
--- SKIP: TestBuildSquashParent (0.00s)
    build_squash_test.go:23: !testEnv.DaemonInfo.ExperimentalBuild
=== RUN   TestBuildWithRemoveAndForceRemove
=== PAUSE TestBuildWithRemoveAndForceRemove
=== RUN   TestBuildMultiStageParentConfig
--- PASS: TestBuildMultiStageParentConfig (34.34s)
    build_test.go:176: [{-1 1545418487 sha256:2527830d969347e2bb66cab3972f5ac82413ea962004e496fc8344089ea34925 map[] sha256:51dd1896fbf006142705362637937ccea081e09219e661fd436b97f4f9bba23b [] [build1:latest] -1 1129289 1129289} {-1 1545418486 sha256:1dfc68feb1e535440fddad7903580462189dd45c476be97a5249ce5c8d3bca67 map[] sha256:2c996dc864023d1f666267f81d1030fa5e5af8bb7be9cf50772608d6fdae15c5 [<none>@<none>] [<none>:<none>] -1 1129289 1129289} {-1 1545418482 sha256:6dbfaefbd6e63b4e1f197b7222dd72c14ebd9a9887900fe9dfdc49f0d5e368ae map[] sha256:c43450b613dfb2397f85d38e48f05def64aaa130f247461c06c9e9082ee080e6 [<none>@<none>] [<none>:<none>] -1 1129315 1129315} {-1 1545417848 sha256:52cc5f09feb4e1eb37669286b720ed1f4355b4c0176c3e610f99f1d5e61f93f6 map[] sha256:3f53bb00af943dfdf815650be70c0fa7b426e56a66f5e3362b47a129d57d5991 [] [dup-txt-tag:latest] -1 4409032 4409032} {-1 1545417846 sha256:516128cc23832538aac3928eb630d62e55af8eb967810507640e84e9f8a6165d map[] sha256:3f53bb00af943dfdf815650be70c0fa7b426e56a66f5e3362b47a129d57d5991 [] [some-tag:latest] -1 4409032 4409032} {-1 1545351807 sha256:eec2d71b4945e8e974f8ecc4334673fc0c9b6666b1936966df1828e6e8a71400 map[]  [alpine@sha256:b894cf1fe97eec6905af1761bff0a7c3e03a214d0271a76eaf42985ece38845c] [alpine:3.5] -1 3991674 3991674} {-1 1545351787 sha256:b955fa398a69d4ba8a8ee9ccad0d09789fc4bf22237bb062113890001a7144d5 map[]  [alpine@sha256:e957c05b82f0de9f553045850110ec523b6799fb5259f8f3c5c57a655ecf57c9] [alpine:3.4] -1 4811422 4811422} {-1 1545351768 sha256:4253f833edc5020a6c9ab9659f4a2093f73053ccd6bca97738b8a56b6365db24 map[]  [alpine@sha256:69dbff8d2a3e94f14daea4b968137fb5ccd5b83b5f248e5606a7781a8efd19bf] [alpine:3.3] -1 4817652 4817652} {-1 1545351748 sha256:7aa5410358f6024756ed218e690063ed94aa34275c4b23da173c739bc845c0e3 map[]  [alpine@sha256:787437a49c1a08c9158286e18749d107ea8a1ed9c88d10aa5ec94c5f089ccd4b] [alpine:3.2] -1 5264504 5264504} {-1 1545351728 sha256:9f5479c8fc7de1adab7ade224d6960c4a24a981343df8636095c752470da3fe4 map[]  [alpine@sha256:9669765749d18ce4e1f744eae748cd35d7157306abe36cb46d93631f493b3ef8] [alpine:3.1] -1 5042632 5042632} {-1 1545351710 sha256:dacde26455ab47a96ed5b69e8a64a43f07b27956a95065f78d601c33b4a59ab4 map[]  [alpine@sha256:72fac243935dc4398718b67c2469eafa6ccdca0c6af3ae365d5bba92400c69cd] [alpine:edge] -1 5270854 5270854} {-1 1545351690 sha256:3f53bb00af943dfdf815650be70c0fa7b426e56a66f5e3362b47a129d57d5991 map[]  [alpine@sha256:46e71df1e5191ab8b8034c5189e325258ec44ea739bba1e5645cff83c9048ff1] [alpine:3.8 alpine:latest] -1 4409032 4409032} {-1 1545351671 sha256:9bea9e12e381b8cc4d57145d4e98dc2a53b544e121efbc316a9d4e08e24af97c map[]  [alpine@sha256:0c842418b34ffd6a134dad2e19d6b1f63b98881c2ec67ffd1e6be6b69e97998a] [alpine:3.7] -1 4202236 4202236} {-1 1545351645 sha256:dc58420c6c139fc7244477b484dbe0734cd54dd988edd13d54ccee48482303d3 map[]  [alpine@sha256:9c47dad65db1f3894530d2e3fa6b335c8178b32fd57cd27d6a4bf5d6771d3964] [alpine:3.6] -1 4023450 4023450} {-1 1538500774 sha256:59788edf1f3e78cd0ebe6ce1446e9d10788225db3dedcfd1a59f764bad2b2690 map[]  [busybox@sha256:2a03a6059f21e150ae84b0973863609494aad70f0a80eaeb64bddd8d92465812] [] -1 1154353 1154353} {-1 1536348339 sha256:4ab4c602aa5eed5528a6620ff18a1dc4faef0e1ab3a5eddeddb410714478c67f map[]  [hello-world@sha256:0add3ace90ecb4adbf7777e9aacf18357296e799f81cabc9fde470971e499788 hello-world@sha256:d5c7d767f5ba807f9b363aa4db87d75ab030404a670880e16aedff16f605484b] [hello-world:linux] -1 1840 1840} {-1 1516768215 sha256:2bbf44aed9f866d88c0e7d006d4ffe8d53186a12ffd6dca5e1baa59ba3024b85 map[]  [] [busybox:glibc] -1 4403842 4403842} {-1 1511223798 sha256:f2a91732366c0332ccd7afd2a5c4ff2b9af81f549370f7a19acd460f87686bc7 map[]  [hello-world@sha256:083de497cff944f969d8499ab94f07134c50bcf5e6b9559b27182d3fa80ce3f7] [hello-world:frozen] -1 1848 1848} {-1 1509809246 sha256:cb92533ca5cc26b3e36c11b6007fb838a8d2ea73a24faf738084c57ce193b944 map[]  [] [buildpack-deps:jessie] -1 614674590 614674590} {-1 1509772896 sha256:25fc9eb3417fa06d0d7fc83706b1ef5855dd1a8767fc29476b49e4edf8230867 map[]  [] [debian:jessie] -1 123385136 123385136} {-1 1509748757 sha256:6ad733544a6317992a6fac4eb19fe1df577d4dec7529efec28a5bd0edad0fd30 map[]  [] [busybox:latest] -1 1129289 1129289} {-1 1453141967 sha256:93f518ec2c41722d6c21e55f96cef4dc4c9ba521cab51a757b1d7272b393902f map[]  [alpine@sha256:9f08005dff552038f0ad2f46b8e65ff3d25641747d3912e3ea8da6785046561a] [alpine:2.7] -1 4707853 4707853} {-1 1453141959 sha256:e738dfbe7a10356ea998e8acc7493c0bfae5ed919ad7eb99550ab60d7f47e214 map[]  [alpine@sha256:e9cec9aec697d8b9d450edd32860ecd363f2f3174c8338beb5f809422d182c63] [alpine:2.6] -1 4497178 4497178} {-1 1442598274 sha256:9875fb006e07a63f7e2a1713a8a73c71663be95bce7c122a36205cd1cd9c93eb map[]  [busybox@sha256:f8cdcf3eb8fac77a9b24f37bc440feea024a5d3ec9a33f1d0a4c42c5df6a49c3] [busybox:buildroot-2014.02] -1 2429728 2429728} {-1 1371157430 sha256:11f64303f0f7ffdc71f001788132bca5346831939a956e3e975c93267d89a16d map[]  [] [emptyfs:latest] -1 0 0}]
=== RUN   TestBuildLabelWithTargets
--- PASS: TestBuildLabelWithTargets (8.00s)
=== RUN   TestBuildWithEmptyLayers
--- PASS: TestBuildWithEmptyLayers (3.00s)
=== RUN   TestBuildMultiStageOnBuild
--- PASS: TestBuildMultiStageOnBuild (5.02s)
=== RUN   TestBuildUncleanTarFilenames
--- PASS: TestBuildUncleanTarFilenames (0.73s)
=== RUN   TestBuildMultiStageLayerLeak
--- PASS: TestBuildMultiStageLayerLeak (4.28s)
=== RUN   TestBuildWithHugeFile
--- PASS: TestBuildWithHugeFile (144.88s)
=== CONT  TestBuildWithRemoveAndForceRemove
=== RUN   TestBuildWithRemoveAndForceRemove/successful_build_with_no_removal
=== PAUSE TestBuildWithRemoveAndForceRemove/successful_build_with_no_removal
=== RUN   TestBuildWithRemoveAndForceRemove/successful_build_with_remove
=== PAUSE TestBuildWithRemoveAndForceRemove/successful_build_with_remove
=== RUN   TestBuildWithRemoveAndForceRemove/successful_build_with_remove_and_force_remove
=== PAUSE TestBuildWithRemoveAndForceRemove/successful_build_with_remove_and_force_remove
=== RUN   TestBuildWithRemoveAndForceRemove/failed_build_with_no_removal
=== PAUSE TestBuildWithRemoveAndForceRemove/failed_build_with_no_removal
=== RUN   TestBuildWithRemoveAndForceRemove/failed_build_with_remove
=== PAUSE TestBuildWithRemoveAndForceRemove/failed_build_with_remove
=== RUN   TestBuildWithRemoveAndForceRemove/failed_build_with_remove_and_force_remove
=== PAUSE TestBuildWithRemoveAndForceRemove/failed_build_with_remove_and_force_remove
=== CONT  TestBuildWithRemoveAndForceRemove/successful_build_with_no_removal
=== CONT  TestBuildWithRemoveAndForceRemove/failed_build_with_remove_and_force_remove
=== CONT  TestBuildWithRemoveAndForceRemove/failed_build_with_remove
=== CONT  TestBuildWithRemoveAndForceRemove/failed_build_with_no_removal
=== CONT  TestBuildWithRemoveAndForceRemove/successful_build_with_remove_and_force_remove
=== CONT  TestBuildWithRemoveAndForceRemove/successful_build_with_remove
--- PASS: TestBuildWithRemoveAndForceRemove (0.04s)
    --- PASS: TestBuildWithRemoveAndForceRemove/failed_build_with_remove_and_force_remove (1.74s)
    --- PASS: TestBuildWithRemoveAndForceRemove/successful_build_with_no_removal (1.78s)
    --- PASS: TestBuildWithRemoveAndForceRemove/failed_build_with_no_removal (1.95s)
    --- PASS: TestBuildWithRemoveAndForceRemove/failed_build_with_remove (2.03s)
    --- PASS: TestBuildWithRemoveAndForceRemove/successful_build_with_remove_and_force_remove (2.02s)
    --- PASS: TestBuildWithRemoveAndForceRemove/successful_build_with_remove (2.03s)
PASS
Running /go/src/github.com/docker/docker/integration/volume
INFO: Testing against a local daemon
=== RUN   TestVolumesCreateAndList
--- PASS: TestVolumesCreateAndList (0.06s)
=== RUN   TestVolumesRemove
--- PASS: TestVolumesRemove (0.07s)
=== RUN   TestVolumesInspect
--- PASS: TestVolumesInspect (0.02s)
=== RUN   TestVolumesInvalidJSON
=== RUN   TestVolumesInvalidJSON//volumes/create
=== PAUSE TestVolumesInvalidJSON//volumes/create
=== CONT  TestVolumesInvalidJSON//volumes/create
--- PASS: TestVolumesInvalidJSON (0.02s)
    --- PASS: TestVolumesInvalidJSON//volumes/create (0.00s)
PASS
Running /go/src/github.com/docker/docker/integration/system
INFO: Testing against a local daemon
=== RUN   TestCgroupDriverSystemdMemoryLimit
=== PAUSE TestCgroupDriverSystemdMemoryLimit
=== RUN   TestEventsExecDie
--- PASS: TestEventsExecDie (0.60s)
=== RUN   TestEventsBackwardsCompatible
--- PASS: TestEventsBackwardsCompatible (0.08s)
=== RUN   TestInfoBinaryCommits
--- PASS: TestInfoBinaryCommits (0.01s)
=== RUN   TestInfoAPIVersioned
--- PASS: TestInfoAPIVersioned (0.01s)
=== RUN   TestInfoAPI
--- PASS: TestInfoAPI (0.01s)
=== RUN   TestInfoAPIWarnings
--- PASS: TestInfoAPIWarnings (0.71s)
    daemon.go:296: [df21c1b362f04] waiting for daemon to start
    daemon.go:328: [df21c1b362f04] daemon started
    daemon.go:283: [df21c1b362f04] exiting daemon
=== RUN   TestLoginFailsWithBadCredentials
--- PASS: TestLoginFailsWithBadCredentials (1.51s)
=== RUN   TestVersion
--- PASS: TestVersion (0.00s)
=== CONT  TestCgroupDriverSystemdMemoryLimit
--- SKIP: TestCgroupDriverSystemdMemoryLimit (0.00s)
    cgroupdriver_systemd_test.go:35: systemd not available
PASS
Running /go/src/github.com/docker/docker/integration/image
INFO: Testing against a local daemon
=== RUN   TestCommitInheritsEnv
--- PASS: TestCommitInheritsEnv (1.65s)
=== RUN   TestImportExtremelyLargeImageWorks
--- PASS: TestImportExtremelyLargeImageWorks (123.62s)
=== RUN   TestImagesFilterMultiReference
--- PASS: TestImagesFilterMultiReference (0.06s)
=== RUN   TestRemoveImageOrphaning
--- PASS: TestRemoveImageOrphaning (1.32s)
=== RUN   TestTagUnprefixedRepoByNameOrName
--- PASS: TestTagUnprefixedRepoByNameOrName (0.04s)
=== RUN   TestTagInvalidReference
--- PASS: TestTagInvalidReference (0.02s)
=== RUN   TestTagValidPrefixedRepo
--- PASS: TestTagValidPrefixedRepo (0.05s)
=== RUN   TestTagExistedNameWithoutForce
--- PASS: TestTagExistedNameWithoutForce (0.03s)
=== RUN   TestTagOfficialNames
--- PASS: TestTagOfficialNames (0.06s)
=== RUN   TestTagMatchesDigest
--- PASS: TestTagMatchesDigest (0.03s)
PASS
Running /go/src/github.com/docker/docker/integration-cli
INFO: Testing against a local daemon
PASS: docker_api_test.go:36: DockerSuite.TestAPIClientVersionOldNotSupported	0.007s
PASS: docker_api_network_test.go:239: DockerSuite.TestAPICreateDeletePredefinedNetworks	0.008s
PASS: docker_api_test.go:60: DockerSuite.TestAPIErrorJSON	0.002s
PASS: docker_api_test.go:91: DockerSuite.TestAPIErrorNotFoundJSON	0.001s
PASS: docker_api_test.go:102: DockerSuite.TestAPIErrorNotFoundPlainText	0.001s
PASS: docker_api_test.go:74: DockerSuite.TestAPIErrorPlainText	0.007s
PASS: docker_api_test.go:24: DockerSuite.TestAPIGetEnabledCORS	0.001s
PASS: docker_api_images_test.go:90: DockerSuite.TestAPIImagesDelete	1.190s
PASS: docker_api_images_test.go:22: DockerSuite.TestAPIImagesFilter	0.080s
PASS: docker_api_images_test.go:114: DockerSuite.TestAPIImagesHistory	0.858s
PASS: docker_api_images_test.go:140: DockerSuite.TestAPIImagesImportBadSrc	0.318s
PASS: docker_api_images_test.go:60: DockerSuite.TestAPIImagesSaveAndLoad	0.764s
PASS: docker_api_images_test.go:175: DockerSuite.TestAPIImagesSearchJSONContentType	0.757s
PASS: docker_api_images_test.go:187: DockerSuite.TestAPIImagesSizeCompatibility	0.010s
PASS: docker_api_network_test.go:129: DockerSuite.TestAPINetworkConnectDisconnect	0.579s
PASS: docker_api_network_test.go:29: DockerSuite.TestAPINetworkCreateCheckDuplicate	0.076s
PASS: docker_api_network_test.go:67: DockerSuite.TestAPINetworkFilter	0.003s
PASS: docker_api_network_test.go:20: DockerSuite.TestAPINetworkGetDefaults	0.003s
PASS: docker_api_network_test.go:170: DockerSuite.TestAPINetworkIPAMMultipleBridgeNetworks	0.530s
PASS: docker_api_network_test.go:73: DockerSuite.TestAPINetworkInspectBridge	0.365s
PASS: docker_api_network_test.go:98: DockerSuite.TestAPINetworkInspectUserDefinedNetwork	0.102s
PASS: docker_api_test.go:18: DockerSuite.TestAPIOptionsRoute	0.001s
PASS: docker_api_stats_test.go:263: DockerSuite.TestAPIStatsContainerNotFound	0.001s
PASS: docker_api_stats_test.go:99: DockerSuite.TestAPIStatsNetworkStats	3.652s
PASS: docker_api_stats_test.go:166: DockerSuite.TestAPIStatsNetworkStatsVersioning	1.811s
PASS: docker_api_stats_test.go:277: DockerSuite.TestAPIStatsNoStreamConnectedContainers	1.802s
PASS: docker_api_stats_test.go:25: DockerSuite.TestAPIStatsNoStreamGetCpu	1.687s
PASS: docker_api_stats_test.go:64: DockerSuite.TestAPIStatsStoppedContainerInGoroutines	0.542s
PASS: docker_cli_run_test.go:3181: DockerSuite.TestAppArmorDeniesChmodProc	0.518s
PASS: docker_cli_run_test.go:3159: DockerSuite.TestAppArmorDeniesPtrace	0.537s
PASS: docker_cli_run_test.go:3171: DockerSuite.TestAppArmorTraceSelf	0.503s
PASS: docker_cli_attach_unix_test.go:61: DockerSuite.TestAttachAfterDetach	1.449s
PASS: docker_cli_attach_unix_test.go:18: DockerSuite.TestAttachClosedOnContainerStop	1.496s
PASS: docker_cli_attach_unix_test.go:126: DockerSuite.TestAttachDetach	0.473s
PASS: docker_cli_attach_test.go:135: DockerSuite.TestAttachDisconnect	0.329s
PASS: docker_cli_attach_test.go:20: DockerSuite.TestAttachMultipleAndRestart	1.524s
PASS: docker_cli_attach_test.go:168: DockerSuite.TestAttachPausedContainer	0.358s
PASS: docker_cli_attach_test.go:90: DockerSuite.TestAttachTTYWithoutStdin	0.358s
PASS: docker_api_build_test.go:160: DockerSuite.TestBuildAPIBuildGitWithF	1.537s
PASS: docker_api_build_test.go:26: DockerSuite.TestBuildAPIDockerFileRemote	1.987s
PASS: docker_api_build_test.go:181: DockerSuite.TestBuildAPIDoubleDockerfile	0.980s
PASS: docker_api_build_test.go:142: DockerSuite.TestBuildAPILowerDockerfile	0.988s
PASS: docker_api_build_test.go:57: DockerSuite.TestBuildAPIRemoteTarballContext	0.003s
PASS: docker_api_build_test.go:88: DockerSuite.TestBuildAPIRemoteTarballContextWithCustomDockerfile	0.958s
PASS: docker_api_build_test.go:203: DockerSuite.TestBuildAPIUnnormalizedTarPaths	1.975s
PASS: docker_cli_build_test.go:573: DockerSuite.TestBuildAddAndCopyFileWithWhitespace	28.049s
PASS: docker_cli_build_test.go:926: DockerSuite.TestBuildAddBadLinks	0.925s
PASS: docker_cli_build_test.go:1006: DockerSuite.TestBuildAddBadLinksVolume	2.989s
PASS: docker_cli_build_test.go:2885: DockerSuite.TestBuildAddBrokenTar	0.148s
PASS: docker_api_build_test.go:479: DockerSuite.TestBuildAddCacheOnFileChange	1.813s
PASS: docker_cli_build_unix_test.go:87: DockerSuite.TestBuildAddChangeOwnership	2.977s
PASS: docker_cli_build_test.go:1863: DockerSuite.TestBuildAddCurrentDirWithCache	2.703s
PASS: docker_cli_build_test.go:1910: DockerSuite.TestBuildAddCurrentDirWithoutCache	1.377s
PASS: docker_cli_build_test.go:751: DockerSuite.TestBuildAddDirContentToExistingDir	8.832s
PASS: docker_cli_build_test.go:737: DockerSuite.TestBuildAddDirContentToRoot	4.983s
PASS: docker_cli_build_test.go:2189: DockerSuite.TestBuildAddFileNotFound	0.074s
PASS: docker_cli_build_test.go:1997: DockerSuite.TestBuildAddLocalAndRemoteFilesWithAndWithoutCache	3.897s
PASS: docker_cli_build_test.go:1807: DockerSuite.TestBuildAddMultipleLocalFileWithAndWithoutCache	6.982s
PASS: docker_cli_build_test.go:2936: DockerSuite.TestBuildAddNonTar	1.951s
PASS: docker_cli_build_test.go:785: DockerSuite.TestBuildAddOrCopyEtcToRootShouldNotConflict	0.456s
PASS: docker_cli_build_test.go:797: DockerSuite.TestBuildAddPreservesFilesSpecialBits	4.479s
PASS: docker_cli_build_test.go:1954: DockerSuite.TestBuildAddRemoteFileMTime	3.323s
PASS: docker_cli_build_test.go:1929: DockerSuite.TestBuildAddRemoteFileWithAndWithoutCache	0.759s
PASS: docker_api_build_test.go:364: DockerSuite.TestBuildAddRemoteNoDecompress	1.823s
PASS: docker_cli_build_test.go:2815: DockerSuite.TestBuildAddScript	3.988s
PASS: docker_cli_build_test.go:505: DockerSuite.TestBuildAddSingleFileToExistDir	8.978s
PASS: docker_cli_build_test.go:722: DockerSuite.TestBuildAddSingleFileToNonExistingDir	5.980s
PASS: docker_cli_build_test.go:466: DockerSuite.TestBuildAddSingleFileToRoot	3.979s
PASS: docker_cli_build_test.go:482: DockerSuite.TestBuildAddSingleFileToWorkdir	0.963s
PASS: docker_cli_build_test.go:2831: DockerSuite.TestBuildAddTar	12.980s
PASS: docker_cli_build_test.go:2949: DockerSuite.TestBuildAddTarXz	1.966s
PASS: docker_cli_build_test.go:2998: DockerSuite.TestBuildAddTarXzGz	1.970s
PASS: docker_cli_build_test.go:2245: DockerSuite.TestBuildAddToSymlinkDest	4.961s
PASS: docker_cli_build_test.go:767: DockerSuite.TestBuildAddWholeDirToRoot	7.959s
PASS: docker_cli_build_test.go:1440: DockerSuite.TestBuildBlankName	0.228s
PASS: docker_cli_build_test.go:4089: DockerSuite.TestBuildBuildTimeArg	3.223s
PASS: docker_cli_build_test.go:4461: DockerSuite.TestBuildBuildTimeArgBuiltinArg	2.964s
PASS: docker_cli_build_test.go:4183: DockerSuite.TestBuildBuildTimeArgCacheHit	1.558s
PASS: docker_cli_build_test.go:4207: DockerSuite.TestBuildBuildTimeArgCacheMissExtraArg	2.872s
PASS: docker_cli_build_test.go:4238: DockerSuite.TestBuildBuildTimeArgCacheMissSameArgDiffVal	1.975s
PASS: docker_cli_build_test.go:4484: DockerSuite.TestBuildBuildTimeArgDefaultOverride	4.455s
PASS: docker_cli_build_test.go:4623: DockerSuite.TestBuildBuildTimeArgDefinitionWithNoEnvInjection	1.465s
PASS: docker_cli_build_test.go:4607: DockerSuite.TestBuildBuildTimeArgEmptyValVariants	5.965s
PASS: docker_cli_build_test.go:4526: DockerSuite.TestBuildBuildTimeArgEnv	17.979s
PASS: docker_cli_build_test.go:4319: DockerSuite.TestBuildBuildTimeArgExpansion	14.044s
PASS: docker_cli_build_test.go:4409: DockerSuite.TestBuildBuildTimeArgExpansionOverride	5.384s
PASS: docker_cli_build_test.go:4122: DockerSuite.TestBuildBuildTimeArgHistory	0.507s
PASS: docker_cli_build_test.go:4263: DockerSuite.TestBuildBuildTimeArgOverrideArgDefinedBeforeEnv	2.490s
PASS: docker_cli_build_test.go:4292: DockerSuite.TestBuildBuildTimeArgOverrideEnvDefinedBeforeArg	3.934s
PASS: docker_cli_build_test.go:4586: DockerSuite.TestBuildBuildTimeArgQuotedValVariants	8.453s
PASS: docker_cli_build_test.go:4510: DockerSuite.TestBuildBuildTimeArgUnconsumedArg	1.985s
PASS: docker_cli_build_test.go:4437: DockerSuite.TestBuildBuildTimeArgUntrustedDefinedAfterUse	2.470s
PASS: docker_cli_build_test.go:371: DockerSuite.TestBuildCacheAdd	0.457s
PASS: docker_cli_build_test.go:4760: DockerSuite.TestBuildCacheBrokenSymlink	1.974s
PASS: docker_cli_build_test.go:5411: DockerSuite.TestBuildCacheFrom	8.013s
PASS: docker_cli_build_test.go:5389: DockerSuite.TestBuildCacheFromEqualDiffIDsLength	2.039s
PASS: docker_cli_build_test.go:4872: DockerSuite.TestBuildCacheRootSource	1.843s
PASS: docker_cli_build_unix_test.go:133: DockerSuite.TestBuildCancellationKillsSleep	0.478s
PASS: docker_api_build_test.go:408: DockerSuite.TestBuildChownOnCopy	7.369s
PASS: docker_cli_build_test.go:3574: DockerSuite.TestBuildChownSingleFile	2.972s
PASS: docker_cli_build_test.go:3137: DockerSuite.TestBuildCleanupCmdOnEntrypoint	3.001s
PASS: docker_cli_build_test.go:3156: DockerSuite.TestBuildClearCmd	1.972s
PASS: docker_cli_build_test.go:1577: DockerSuite.TestBuildCmd	0.976s
PASS: docker_cli_build_test.go:3240: DockerSuite.TestBuildCmdJSONNoShDashC	0.974s
PASS: docker_cli_build_test.go:3199: DockerSuite.TestBuildCmdShDashC	0.979s
SKIP: docker_cli_build_test.go:5339: DockerSuite.TestBuildCmdShellArgsEscaped (unmatched requirement DaemonIsWindows)
PASS: docker_cli_build_test.go:3214: DockerSuite.TestBuildCmdSpaces	3.970s
PASS: docker_cli_build_test.go:2645: DockerSuite.TestBuildCommentsShebangs	5.969s
PASS: docker_cli_build_test.go:1773: DockerSuite.TestBuildConditionalCache	2.082s
PASS: docker_cli_build_test.go:5600: DockerSuite.TestBuildContChar	2.879s
PASS: docker_cli_build_test.go:3973: DockerSuite.TestBuildContainerWithCgroupParent	0.972s
PASS: docker_cli_build_test.go:1512: DockerSuite.TestBuildContextCleanup	0.976s
PASS: docker_cli_build_test.go:1534: DockerSuite.TestBuildContextCleanupFailedBuild	0.484s
PASS: docker_cli_build_test.go:2045: DockerSuite.TestBuildContextTarGzip	1.482s
PASS: docker_cli_build_test.go:2049: DockerSuite.TestBuildContextTarNoCompression	0.986s
PASS: docker_cli_build_test.go:521: DockerSuite.TestBuildCopyAddMultipleFiles	13.987s
PASS: docker_api_build_test.go:438: DockerSuite.TestBuildCopyCacheOnFileChange	1.957s
PASS: docker_cli_build_test.go:1839: DockerSuite.TestBuildCopyDirButNotFile	0.347s
PASS: docker_cli_build_test.go:893: DockerSuite.TestBuildCopyDirContentToExistDir	3.607s
PASS: docker_cli_build_test.go:879: DockerSuite.TestBuildCopyDirContentToRoot	4.970s
PASS: docker_cli_build_test.go:6024: DockerSuite.TestBuildCopyFileDotWithWorkdir	2.972s
SKIP: docker_cli_build_test.go:606: DockerSuite.TestBuildCopyFileWithWhitespaceOnWindows (unmatched requirement DaemonIsWindows)
SKIP: docker_cli_build_test.go:5897: DockerSuite.TestBuildCopyFromForbidWindowsRelativePaths (unmatched requirement DaemonIsWindows)
SKIP: docker_cli_build_test.go:5880: DockerSuite.TestBuildCopyFromForbidWindowsSystemPaths (unmatched requirement DaemonIsWindows)
SKIP: docker_cli_build_test.go:5915: DockerSuite.TestBuildCopyFromWindowsIsCaseInsensitive (unmatched requirement DaemonIsWindows)
PASS: docker_cli_build_test.go:848: DockerSuite.TestBuildCopySingleFileToExistDir	4.880s
PASS: docker_cli_build_test.go:864: DockerSuite.TestBuildCopySingleFileToNonExistDir	5.983s
PASS: docker_cli_build_test.go:810: DockerSuite.TestBuildCopySingleFileToRoot	3.984s
PASS: docker_cli_build_test.go:826: DockerSuite.TestBuildCopySingleFileToWorkdir	0.974s
PASS: docker_cli_build_test.go:909: DockerSuite.TestBuildCopyWholeDirToRoot	6.979s
PASS: docker_cli_build_test.go:636: DockerSuite.TestBuildCopyWildcard	8.078s
PASS: docker_cli_build_test.go:696: DockerSuite.TestBuildCopyWildcardCache	0.946s
PASS: docker_cli_build_test.go:676: DockerSuite.TestBuildCopyWildcardInName	1.870s
PASS: docker_cli_build_test.go:5140: DockerSuite.TestBuildDeleteCommittedFile	3.970s
PASS: docker_cli_build_test.go:2068: DockerSuite.TestBuildDockerfileStdin	1.983s
PASS: docker_cli_build_test.go:2088: DockerSuite.TestBuildDockerfileStdinConflict	0.012s
PASS: docker_cli_build_test.go:2102: DockerSuite.TestBuildDockerfileStdinDockerignore	1.402s
PASS: docker_cli_build_test.go:2106: DockerSuite.TestBuildDockerfileStdinDockerignoreIgnored	0.995s
PASS: docker_cli_build_test.go:2098: DockerSuite.TestBuildDockerfileStdinNoExtraFiles	0.959s
PASS: docker_cli_build_test.go:2296: DockerSuite.TestBuildDockerignore	11.459s
PASS: docker_cli_build_test.go:2334: DockerSuite.TestBuildDockerignoreCleanPaths	1.984s
PASS: docker_cli_build_test.go:5150: DockerSuite.TestBuildDockerignoreComment	3.984s
PASS: docker_cli_build_test.go:2348: DockerSuite.TestBuildDockerignoreExceptions	12.987s
PASS: docker_cli_build_test.go:2445: DockerSuite.TestBuildDockerignoreTouchDockerfile	1.262s
PASS: docker_cli_build_test.go:2521: DockerSuite.TestBuildDockerignoringBadExclusion	0.013s
PASS: docker_cli_build_test.go:2393: DockerSuite.TestBuildDockerignoringDockerfile	5.658s
PASS: docker_cli_build_test.go:2432: DockerSuite.TestBuildDockerignoringDockerignore	2.979s
PASS: docker_cli_build_test.go:2504: DockerSuite.TestBuildDockerignoringOnlyDotfiles	2.970s
PASS: docker_cli_build_test.go:2411: DockerSuite.TestBuildDockerignoringRenamedDockerfile	7.971s
PASS: docker_cli_build_test.go:2487: DockerSuite.TestBuildDockerignoringWholeDir	2.979s
PASS: docker_cli_build_test.go:2560: DockerSuite.TestBuildDockerignoringWildDirs	2.966s
PASS: docker_cli_build_test.go:2538: DockerSuite.TestBuildDockerignoringWildTopDir	18.995s
PASS: docker_cli_build_test.go:3944: DockerSuite.TestBuildDotDotFile	0.080s
PASS: docker_cli_build_test.go:2634: DockerSuite.TestBuildEOLInLine	4.857s
PASS: docker_cli_build_test.go:3168: DockerSuite.TestBuildEmptyCmd	0.990s
PASS: docker_cli_build_test.go:1704: DockerSuite.TestBuildEmptyEntrypoint	0.986s
PASS: docker_cli_build_test.go:1681: DockerSuite.TestBuildEmptyEntrypointInheritance	1.972s
PASS: docker_cli_build_test.go:3936: DockerSuite.TestBuildEmptyScratch	0.077s
PASS: docker_cli_build_test.go:3961: DockerSuite.TestBuildEmptyStringVolume	0.869s
PASS: docker_cli_build_test.go:1718: DockerSuite.TestBuildEntrypoint	0.989s
PASS: docker_cli_build_test.go:3251: DockerSuite.TestBuildEntrypointCanBeOverriddenByChild	2.481s
PASS: docker_cli_build_test.go:3271: DockerSuite.TestBuildEntrypointCanBeOverriddenByChildInspect	1.970s
PASS: docker_cli_build_test.go:2170: DockerSuite.TestBuildEntrypointRunCleanup	3.446s
PASS: docker_cli_build_test.go:1469: DockerSuite.TestBuildEnv	2.984s
PASS: docker_cli_build_test.go:302: DockerSuite.TestBuildEnvEscapes	2.463s
PASS: docker_cli_build_test.go:319: DockerSuite.TestBuildEnvOverwrite	0.958s
PASS: docker_cli_build_test.go:2715: DockerSuite.TestBuildEnvUsage	16.454s
PASS: docker_cli_build_test.go:2746: DockerSuite.TestBuildEnvUsage2	46.982s
PASS: docker_cli_build_test.go:147: DockerSuite.TestBuildEnvironmentReplacementAddCopy	7.962s
PASS: docker_cli_build_test.go:171: DockerSuite.TestBuildEnvironmentReplacementEnv	18.989s
PASS: docker_cli_build_test.go:102: DockerSuite.TestBuildEnvironmentReplacementExpose	3.962s
PASS: docker_cli_build_test.go:60: DockerSuite.TestBuildEnvironmentReplacementUser	1.960s
PASS: docker_cli_build_test.go:77: DockerSuite.TestBuildEnvironmentReplacementVolume	1.966s
PASS: docker_cli_build_test.go:127: DockerSuite.TestBuildEnvironmentReplacementWorkdir	2.973s
SKIP: docker_cli_build_test.go:5317: DockerSuite.TestBuildEscapeNotBackslashWordTest (unmatched requirement DaemonIsWindows)
PASS: docker_cli_build_test.go:2263: DockerSuite.TestBuildEscapeWhitespace	0.936s
PASS: docker_cli_build_test.go:3302: DockerSuite.TestBuildExoticShellInterpolation	12.954s
PASS: docker_cli_build_test.go:1590: DockerSuite.TestBuildExpose	0.965s
PASS: docker_cli_build_test.go:1604: DockerSuite.TestBuildExposeMorePorts	1.058s
PASS: docker_cli_build_test.go:1653: DockerSuite.TestBuildExposeOrder	0.956s
PASS: docker_cli_build_test.go:1669: DockerSuite.TestBuildExposeUpperCaseProto	0.852s
PASS: docker_cli_build_test.go:2227: DockerSuite.TestBuildFails	0.528s
PASS: docker_cli_build_test.go:4897: DockerSuite.TestBuildFailsGitNotCallable	0.033s
PASS: docker_cli_build_test.go:4817: DockerSuite.TestBuildFollowSymlinkToDir	1.843s
PASS: docker_cli_build_test.go:4787: DockerSuite.TestBuildFollowSymlinkToFile	1.970s
PASS: docker_cli_build_test.go:1170: DockerSuite.TestBuildForceRm	1.957s
PASS: docker_cli_build_test.go:3051: DockerSuite.TestBuildFromGit	2.476s
PASS: docker_cli_build_test.go:3070: DockerSuite.TestBuildFromGitWithContext	0.979s
PASS: docker_cli_build_test.go:3089: DockerSuite.TestBuildFromGitWithF	0.949s
PASS: docker_cli_build_test.go:3701: DockerSuite.TestBuildFromMixedcaseDockerfile	1.970s
PASS: docker_cli_build_test.go:3777: DockerSuite.TestBuildFromOfficialNames	0.555s
PASS: docker_cli_build_test.go:3102: DockerSuite.TestBuildFromRemoteTarball	0.408s
PASS: docker_cli_build_test.go:3752: DockerSuite.TestBuildFromStdinWithF	2.968s
PASS: docker_cli_build_test.go:3725: DockerSuite.TestBuildFromURLWithF	2.984s
PASS: docker_cli_build_test.go:234: DockerSuite.TestBuildHandleEscapesInVolume	5.995s
PASS: docker_cli_history_test.go:16: DockerSuite.TestBuildHistory	25.967s
PASS: docker_cli_build_test.go:6157: DockerSuite.TestBuildIidFile	1.961s
PASS: docker_cli_build_test.go:6182: DockerSuite.TestBuildIidFileCleanupOnFail	0.478s
PASS: docker_cli_build_test.go:2206: DockerSuite.TestBuildInheritance	1.478s
PASS: docker_cli_build_test.go:5954: DockerSuite.TestBuildIntermediateTarget	0.253s
PASS: docker_cli_build_test.go:3191: DockerSuite.TestBuildInvalidTag	0.013s
PASS: docker_cli_build_test.go:34: DockerSuite.TestBuildJSONEmptyRun	0.663s
PASS: docker_cli_build_test.go:4923: DockerSuite.TestBuildLabel	1.974s
PASS: docker_cli_build_test.go:4954: DockerSuite.TestBuildLabelCacheCommit	0.972s
PASS: docker_cli_build_test.go:4975: DockerSuite.TestBuildLabelMultiple	1.978s
PASS: docker_cli_build_test.go:4940: DockerSuite.TestBuildLabelOneNode	0.985s
PASS: docker_cli_build_test.go:3373: DockerSuite.TestBuildLabels	1.978s
PASS: docker_cli_build_test.go:3385: DockerSuite.TestBuildLabelsCache	2.053s
PASS: docker_cli_build_test.go:5061: DockerSuite.TestBuildLabelsOverride	11.896s
PASS: docker_cli_build_test.go:391: DockerSuite.TestBuildLastModified	5.449s
PASS: docker_cli_build_test.go:2623: DockerSuite.TestBuildLineBreak	4.417s
PASS: docker_cli_build_test.go:6086: DockerSuite.TestBuildLineErrorOnBuild	0.084s
PASS: docker_cli_build_test.go:6097: DockerSuite.TestBuildLineErrorUnknownInstruction	0.075s
PASS: docker_cli_build_test.go:6128: DockerSuite.TestBuildLineErrorWithComments	0.069s
PASS: docker_cli_build_test.go:6111: DockerSuite.TestBuildLineErrorWithEmptyLines	0.078s
PASS: docker_cli_build_test.go:1267: DockerSuite.TestBuildMaintainer	0.615s
PASS: docker_cli_build_test.go:3891: DockerSuite.TestBuildMissingArgs	1.090s
PASS: docker_cli_build_test.go:444: DockerSuite.TestBuildModifyFileInFolder	2.877s
PASS: docker_cli_build_test.go:5934: DockerSuite.TestBuildMulitStageResetScratch	1.967s
PASS: docker_cli_build_test.go:4637: DockerSuite.TestBuildMultiStageArg	6.001s
PASS: docker_cli_build_test.go:5505: DockerSuite.TestBuildMultiStageCache	1.019s
PASS: docker_cli_build_test.go:5684: DockerSuite.TestBuildMultiStageCopyFromErrors	2.290s
PASS: docker_cli_build_test.go:5626: DockerSuite.TestBuildMultiStageCopyFromSyntax	15.585s
PASS: docker_cli_build_test.go:4661: DockerSuite.TestBuildMultiStageGlobalArg	4.927s
PASS: docker_cli_build_test.go:5764: DockerSuite.TestBuildMultiStageImplicitFrom	1.877s
PASS: docker_cli_build_test.go:5731: DockerSuite.TestBuildMultiStageMultipleBuilds	3.957s
SKIP: docker_cli_build_test.go:5846: DockerSuite.TestBuildMultiStageMultipleBuildsWindows (unmatched requirement DaemonIsWindows)
PASS: docker_cli_build_test.go:5821: DockerSuite.TestBuildMultiStageNameVariants	6.401s
PASS: docker_cli_build_test.go:4686: DockerSuite.TestBuildMultiStageUnusedArg	2.952s
PASS: docker_cli_build_test.go:4747: DockerSuite.TestBuildMultipleTags	0.477s
PASS: docker_cli_build_test.go:5541: DockerSuite.TestBuildNetContainer	1.445s
PASS: docker_cli_build_test.go:5529: DockerSuite.TestBuildNetNone	0.434s
PASS: docker_cli_build_test.go:2053: DockerSuite.TestBuildNoContext	1.279s
PASS: docker_cli_build_test.go:4001: DockerSuite.TestBuildNoDupOutput	1.472s
PASS: docker_cli_build_test.go:4706: DockerSuite.TestBuildNoNamedVolume	1.460s
PASS: docker_cli_build_test.go:3498: DockerSuite.TestBuildNotVerboseFailure	0.301s
PASS: docker_cli_build_test.go:3526: DockerSuite.TestBuildNotVerboseFailureRemote	0.147s
PASS: docker_cli_build_test.go:3477: DockerSuite.TestBuildNotVerboseFailureWithNonExistImage	2.420s
PASS: docker_cli_build_test.go:3426: DockerSuite.TestBuildNotVerboseSuccess	0.282s
PASS: docker_cli_build_test.go:4051: DockerSuite.TestBuildNullStringInAddCopyVolume	2.271s
PASS: docker_cli_build_test.go:2236: DockerSuite.TestBuildOnBuild	2.985s
PASS: docker_api_build_test.go:285: DockerSuite.TestBuildOnBuildCache	2.969s
PASS: docker_cli_build_test.go:337: DockerSuite.TestBuildOnBuildCmdEntrypointJSON	6.488s
PASS: docker_cli_build_test.go:354: DockerSuite.TestBuildOnBuildEntrypointJSON	2.954s
PASS: docker_cli_build_test.go:1733: DockerSuite.TestBuildOnBuildLimitedInheritance	3.562s
PASS: docker_cli_build_test.go:278: DockerSuite.TestBuildOnBuildLowercase	1.894s
PASS: docker_cli_build_test.go:3181: DockerSuite.TestBuildOnBuildOutput	2.980s
PASS: docker_api_build_test.go:260: DockerSuite.TestBuildOnBuildWithCopy	1.114s
PASS: docker_cli_build_test.go:5992: DockerSuite.TestBuildOpaqueDirectory	3.849s
PASS: docker_cli_build_test.go:1483: DockerSuite.TestBuildPATH	7.992s
PASS: docker_cli_build_test.go:4029: DockerSuite.TestBuildRUNErrMsg	0.549s
PASS: docker_cli_build_test.go:3951: DockerSuite.TestBuildRUNoneJSON	1.366s
PASS: docker_cli_build_test.go:1401: DockerSuite.TestBuildRelativeCopy	19.987s
PASS: docker_cli_build_test.go:1294: DockerSuite.TestBuildRelativeWorkdir	6.994s
PASS: docker_cli_build_unix_test.go:27: DockerSuite.TestBuildResourceConstraintsAreUsed	2.481s
PASS: docker_cli_build_test.go:1189: DockerSuite.TestBuildRm	3.446s
PASS: docker_cli_build_test.go:3295: DockerSuite.TestBuildRunShEntrypoint	1.457s
PASS: docker_cli_build_test.go:1751: DockerSuite.TestBuildSameDockerfileWithAndWithoutCache	5.436s
PASS: docker_api_build_test.go:520: DockerSuite.TestBuildScratchCopy	0.956s
PASS: docker_cli_build_test.go:6142: DockerSuite.TestBuildSetCommandWithDefinedShell	2.004s
PASS: docker_cli_build_test.go:41: DockerSuite.TestBuildShCmdJSONEntrypoint	2.469s
PASS: docker_cli_build_test.go:5264: DockerSuite.TestBuildShellEntrypoint	1.950s
PASS: docker_cli_build_test.go:5279: DockerSuite.TestBuildShellInherited	1.472s
PASS: docker_cli_build_test.go:5228: DockerSuite.TestBuildShellMultiple	6.499s
PASS: docker_cli_build_test.go:5292: DockerSuite.TestBuildShellNotJSON	0.082s
PASS: docker_cli_build_test.go:5211: DockerSuite.TestBuildShellUpdatesConfig	0.373s
SKIP: docker_cli_build_test.go:5305: DockerSuite.TestBuildShellWindowsPowershell (unmatched requirement DaemonIsWindows)
PASS: docker_cli_build_test.go:3795: DockerSuite.TestBuildSpaces	0.298s
PASS: docker_cli_build_test.go:3858: DockerSuite.TestBuildSpacesWithQuotes	0.693s
PASS: docker_cli_build_test.go:4018: DockerSuite.TestBuildStartsFromOne	0.084s
PASS: docker_cli_build_test.go:3556: DockerSuite.TestBuildStderr	0.812s
PASS: docker_cli_build_test.go:5360: DockerSuite.TestBuildStepsWithProgress	4.981s
PASS: docker_cli_build_test.go:4071: DockerSuite.TestBuildStopSignal	1.315s
PASS: docker_cli_build_test.go:4851: DockerSuite.TestBuildSymlinkBasename	0.956s
PASS: docker_cli_build_test.go:3598: DockerSuite.TestBuildSymlinkBreakout	1.456s
PASS: docker_cli_build_test.go:4723: DockerSuite.TestBuildTagEvent	0.998s
PASS: docker_cli_build_test.go:4143: DockerSuite.TestBuildTimeArgHistoryExclusions	3.084s
PASS: docker_cli_build_test.go:1280: DockerSuite.TestBuildUser	2.878s
PASS: docker_cli_build_test.go:554: DockerSuite.TestBuildUsernamespaceValidateRemappedRoot	5.990s
PASS: docker_cli_build_test.go:2659: DockerSuite.TestBuildUsersAndGroups	29.968s
PASS: docker_cli_build_test.go:3344: DockerSuite.TestBuildVerboseOut	0.968s
PASS: docker_cli_build_test.go:2281: DockerSuite.TestBuildVerifyIntString	0.992s
PASS: docker_cli_build_test.go:3327: DockerSuite.TestBuildVerifySingleQuoteFails	1.460s
PASS: docker_cli_build_test.go:3878: DockerSuite.TestBuildVolumeFileExistsinContainer	1.517s
PASS: docker_cli_build_test.go:3671: DockerSuite.TestBuildVolumesRetainContents	3.456s
SKIP: docker_cli_build_test.go:1347: DockerSuite.TestBuildWindowsAddCopyPathProcessing (unmatched requirement DaemonIsWindows)
SKIP: docker_cli_build_test.go:6037: DockerSuite.TestBuildWindowsEnvCaseInsensitive (unmatched requirement DaemonIsWindows)
SKIP: docker_cli_build_test.go:6007: DockerSuite.TestBuildWindowsUser (unmatched requirement DaemonIsWindows)
SKIP: docker_cli_build_test.go:1336: DockerSuite.TestBuildWindowsWorkdirProcessing (unmatched requirement DaemonIsWindows)
PASS: docker_cli_build_test.go:5557: DockerSuite.TestBuildWithExtraHost	2.372s
PASS: docker_cli_build_test.go:5573: DockerSuite.TestBuildWithExtraHostInvalidFormat	0.056s
PASS: docker_cli_build_test.go:5371: DockerSuite.TestBuildWithFailure	0.628s
PASS: docker_cli_build_test.go:1049: DockerSuite.TestBuildWithInaccessibleFilesInContext	0.512s
PASS: docker_cli_build_test.go:3358: DockerSuite.TestBuildWithTabs	0.724s
PASS: docker_cli_build_test.go:5184: DockerSuite.TestBuildWithUTF8BOM	0.084s
PASS: docker_cli_build_test.go:5194: DockerSuite.TestBuildWithUTF8BOMDockerignore	3.856s
PASS: docker_cli_build_test.go:2150: DockerSuite.TestBuildWithVolumeOwnership	2.507s
PASS: docker_cli_build_test.go:1232: DockerSuite.TestBuildWithVolumes	4.471s
PASS: docker_cli_build_test.go:6072: DockerSuite.TestBuildWorkdirCmd	1.038s
PASS: docker_cli_build_test.go:6051: DockerSuite.TestBuildWorkdirImageCmd	1.912s
SKIP: docker_cli_build_test.go:4912: DockerSuite.TestBuildWorkdirWindowsPath (unmatched requirement DaemonIsWindows)
PASS: docker_cli_build_test.go:1380: DockerSuite.TestBuildWorkdirWithEnvVariables	3.955s
PASS: docker_cli_build_test.go:3653: DockerSuite.TestBuildXZHost	3.956s
PASS: docker_cli_proxy_test.go:12: DockerSuite.TestCLIProxyDisableProxyUnixSock	0.023s
SKIP: docker_cli_sni_test.go:16: DockerSuite.TestClientSetsTLSServerName (Flakey test)
PASS: docker_cli_run_test.go:3683: DockerSuite.TestCmdCannotBeInvoked	0.459s
PASS: docker_cli_commit_test.go:12: DockerSuite.TestCommitAfterContainerIsDone	1.406s
PASS: docker_cli_commit_test.go:106: DockerSuite.TestCommitChange	1.074s
PASS: docker_cli_commit_test.go:156: DockerSuite.TestCommitChangeLabels	0.877s
PASS: docker_cli_commit_test.go:67: DockerSuite.TestCommitHardlink	1.460s
PASS: docker_cli_commit_test.go:56: DockerSuite.TestCommitNewFile	1.908s
PASS: docker_cli_commit_test.go:42: DockerSuite.TestCommitPausedContainer	0.473s
PASS: docker_cli_commit_test.go:87: DockerSuite.TestCommitTTY	1.274s
PASS: docker_cli_images_test.go:103: DockerSuite.TestCommitWithFilterLabel	1.451s
PASS: docker_cli_commit_test.go:96: DockerSuite.TestCommitWithHostBindMount	1.424s
PASS: docker_cli_commit_test.go:26: DockerSuite.TestCommitWithoutPause	1.473s
PASS: docker_cli_netmode_test.go:55: DockerSuite.TestConflictContainerNetworkAndLinks	0.014s
PASS: docker_cli_netmode_test.go:62: DockerSuite.TestConflictContainerNetworkHostAndLinks	0.014s
PASS: docker_cli_netmode_test.go:76: DockerSuite.TestConflictNetworkModeAndOptions	0.084s
PASS: docker_cli_netmode_test.go:69: DockerSuite.TestConflictNetworkModeNetHostAndOptions	0.014s
PASS: docker_api_containers_test.go:543: DockerSuite.TestContainerAPIBadPort	0.003s
PASS: docker_api_containers_test.go:1289: DockerSuite.TestContainerAPIChunkedEncoding	0.031s
PASS: docker_api_containers_test.go:489: DockerSuite.TestContainerAPICommit	1.252s
PASS: docker_api_containers_test.go:511: DockerSuite.TestContainerAPICommitWithLabelInConfig	1.943s
PASS: docker_api_containers_test.go:1155: DockerSuite.TestContainerAPICopyContainerNotFoundPr124	0.001s
PASS: docker_api_containers_test.go:1070: DockerSuite.TestContainerAPICopyNotExistsAnyMore	0.536s
PASS: docker_api_containers_test.go:1083: DockerSuite.TestContainerAPICopyPre124	0.546s
PASS: docker_api_containers_test.go:1113: DockerSuite.TestContainerAPICopyResourcePathEmptyPre124	0.526s
PASS: docker_api_containers_test.go:1134: DockerSuite.TestContainerAPICopyResourcePathNotFoundPre124	0.575s
PASS: docker_api_containers_test.go:570: DockerSuite.TestContainerAPICreate	0.501s
PASS: docker_api_containers_test.go:649: DockerSuite.TestContainerAPICreateBridgeNetworkMode	0.038s
PASS: docker_api_containers_test.go:587: DockerSuite.TestContainerAPICreateEmptyConfig	0.002s
PASS: docker_api_containers_test.go:1902: DockerSuite.TestContainerAPICreateMountsBindRead	0.479s
PASS: docker_api_containers_test.go:599: DockerSuite.TestContainerAPICreateMultipleNetworksConfig	0.003s
PASS: docker_api_containers_test.go:1409: DockerSuite.TestContainerAPICreateNoHostConfig118	0.039s
PASS: docker_api_containers_test.go:655: DockerSuite.TestContainerAPICreateOtherNetworkModes	0.070s
PASS: docker_api_containers_test.go:684: DockerSuite.TestContainerAPICreateWithCpuSharesCpuset	0.060s
PASS: docker_api_containers_test.go:626: DockerSuite.TestContainerAPICreateWithHostName	0.034s
PASS: docker_api_containers_test.go:1166: DockerSuite.TestContainerAPIDelete	0.559s
PASS: docker_api_containers_test.go:1239: DockerSuite.TestContainerAPIDeleteConflict	0.352s
PASS: docker_api_containers_test.go:1191: DockerSuite.TestContainerAPIDeleteForce	0.550s
PASS: docker_api_containers_test.go:1182: DockerSuite.TestContainerAPIDeleteNotExist	0.001s
PASS: docker_api_containers_test.go:1208: DockerSuite.TestContainerAPIDeleteRemoveLinks	0.776s
PASS: docker_api_containers_test.go:1254: DockerSuite.TestContainerAPIDeleteRemoveVolume	0.566s
PASS: docker_api_containers_test.go:1648: DockerSuite.TestContainerAPIDeleteWithEmptyName	0.001s
PASS: docker_api_containers_test.go:41: DockerSuite.TestContainerAPIGetAll	0.530s
PASS: docker_api_containers_test.go:167: DockerSuite.TestContainerAPIGetChanges	0.511s
PASS: docker_api_containers_test.go:140: DockerSuite.TestContainerAPIGetExport	0.496s
PASS: docker_api_containers_test.go:61: DockerSuite.TestContainerAPIGetJSONNoFieldsOmitted	0.527s
PASS: docker_api_containers_test.go:756: DockerSuite.TestContainerAPIInvalidPortSyntax	0.003s
PASS: docker_api_containers_test.go:957: DockerSuite.TestContainerAPIKill	0.536s
PASS: docker_api_containers_test.go:404: DockerSuite.TestContainerAPIPause	0.391s
PASS: docker_api_containers_test.go:1309: DockerSuite.TestContainerAPIPostContainerStop	0.549s
PASS: docker_api_containers_test.go:872: DockerSuite.TestContainerAPIPostCreateNull	0.070s
PASS: docker_api_containers_test.go:107: DockerSuite.TestContainerAPIPsOmitFields	0.332s
PASS: docker_api_containers_test.go:940: DockerSuite.TestContainerAPIRename	0.507s
PASS: docker_api_containers_test.go:972: DockerSuite.TestContainerAPIRestart	0.850s
PASS: docker_api_containers_test.go:986: DockerSuite.TestContainerAPIRestartNotimeoutParam	0.882s
PASS: docker_api_containers_test.go:854: DockerSuite.TestContainerAPIRestartPolicyDefaultRetryCount	0.035s
PASS: docker_api_containers_test.go:782: DockerSuite.TestContainerAPIRestartPolicyInvalidPolicyName	0.002s
PASS: docker_api_containers_test.go:830: DockerSuite.TestContainerAPIRestartPolicyNegativeRetryCount	0.002s
PASS: docker_api_containers_test.go:806: DockerSuite.TestContainerAPIRestartPolicyRetryMismatch	0.004s
PASS: docker_api_containers_test.go:1002: DockerSuite.TestContainerAPIStart	0.319s
PASS: docker_api_containers_test.go:1657: DockerSuite.TestContainerAPIStatsWithNetworkDisabled	4.344s
PASS: docker_api_containers_test.go:1028: DockerSuite.TestContainerAPIStop	0.528s
PASS: docker_api_containers_test.go:435: DockerSuite.TestContainerAPITop	0.373s
SKIP: docker_api_containers_test.go:458: DockerSuite.TestContainerAPITopWindows (unmatched requirement DaemonIsWindows)
PASS: docker_api_containers_test.go:715: DockerSuite.TestContainerAPIVerifyHeader	0.056s
PASS: docker_api_containers_test.go:1047: DockerSuite.TestContainerAPIWait	2.501s
PASS: docker_api_containers_test.go:2198: DockerSuite.TestContainerKillCustomStopSignal	0.532s
PASS: docker_cli_run_test.go:2410: DockerSuite.TestContainerNetworkMode	0.647s
PASS: docker_cli_run_test.go:3531: DockerSuite.TestContainerRestartInMultipleNetworks	2.270s
PASS: docker_cli_run_test.go:3563: DockerSuite.TestContainerWithConflictingHostNetworks	0.284s
PASS: docker_cli_run_test.go:3594: DockerSuite.TestContainerWithConflictingNoneNetwork	0.781s
PASS: docker_cli_run_test.go:3577: DockerSuite.TestContainerWithConflictingSharedNetwork	0.651s
PASS: docker_api_containers_test.go:1933: DockerSuite.TestContainersAPICreateMountsCreate	20.742s
PASS: docker_api_containers_test.go:2148: DockerSuite.TestContainersAPICreateMountsTmpfs	1.011s
PASS: docker_api_containers_test.go:1706: DockerSuite.TestContainersAPICreateMountsValidation	0.223s
PASS: docker_cli_run_test.go:3467: DockerSuite.TestContainersInMultipleNetworks	1.149s
PASS: docker_cli_run_test.go:3459: DockerSuite.TestContainersInUserDefinedNetwork	0.986s
PASS: docker_cli_run_test.go:3486: DockerSuite.TestContainersNetworkIsolation	1.428s
PASS: docker_cli_cp_test.go:582: DockerSuite.TestCopyAndRestart	1.072s
PASS: docker_cli_cp_test.go:603: DockerSuite.TestCopyCreatedContainer	0.085s
PASS: docker_cli_cp_test.go:128: DockerSuite.TestCpAbsolutePath	0.555s
PASS: docker_cli_cp_test.go:171: DockerSuite.TestCpAbsoluteSymlink	0.571s
PASS: docker_cli_cp_to_container_unix_test.go:41: DockerSuite.TestCpCheckDestOwnership	0.711s
PASS: docker_cli_cp_from_container_test.go:119: DockerSuite.TestCpFromCaseA	0.564s
PASS: docker_cli_cp_from_container_test.go:139: DockerSuite.TestCpFromCaseB	0.569s
PASS: docker_cli_cp_from_container_test.go:157: DockerSuite.TestCpFromCaseC	0.576s
PASS: docker_cli_cp_from_container_test.go:182: DockerSuite.TestCpFromCaseD	0.635s
PASS: docker_cli_cp_from_container_test.go:222: DockerSuite.TestCpFromCaseE	0.612s
PASS: docker_cli_cp_from_container_test.go:251: DockerSuite.TestCpFromCaseF	0.586s
PASS: docker_cli_cp_from_container_test.go:274: DockerSuite.TestCpFromCaseG	0.650s
PASS: docker_cli_cp_from_container_test.go:313: DockerSuite.TestCpFromCaseH	0.623s
PASS: docker_cli_cp_from_container_test.go:343: DockerSuite.TestCpFromCaseI	0.566s
PASS: docker_cli_cp_from_container_test.go:367: DockerSuite.TestCpFromCaseJ	0.635s
PASS: docker_cli_cp_from_container_test.go:24: DockerSuite.TestCpFromSymlinkDestination	0.780s
PASS: docker_cli_cp_test.go:209: DockerSuite.TestCpFromSymlinkToDirectory	0.607s
PASS: docker_cli_cp_test.go:38: DockerSuite.TestCpGarbagePath	0.568s
PASS: docker_cli_cp_test.go:29: DockerSuite.TestCpLocalOnly	0.014s
PASS: docker_cli_cp_test.go:562: DockerSuite.TestCpNameHasColon	0.574s
PASS: docker_cli_cp_test.go:80: DockerSuite.TestCpRelativePath	0.558s
PASS: docker_cli_cp_test.go:405: DockerSuite.TestCpSpecialFiles	0.658s
PASS: docker_cli_cp_test.go:337: DockerSuite.TestCpSymlinkComponent	0.568s
PASS: docker_cli_cp_test.go:616: DockerSuite.TestCpSymlinkFromConToHostFollowSymlink	0.730s
PASS: docker_cli_cp_to_container_test.go:123: DockerSuite.TestCpToCaseA	1.127s
PASS: docker_cli_cp_to_container_test.go:144: DockerSuite.TestCpToCaseB	0.565s
PASS: docker_cli_cp_to_container_test.go:165: DockerSuite.TestCpToCaseC	1.669s
PASS: docker_cli_cp_to_container_test.go:192: DockerSuite.TestCpToCaseD	3.263s
PASS: docker_cli_cp_to_container_test.go:238: DockerSuite.TestCpToCaseE	2.286s
PASS: docker_cli_cp_to_container_test.go:273: DockerSuite.TestCpToCaseF	0.556s
PASS: docker_cli_cp_to_container_test.go:296: DockerSuite.TestCpToCaseG	3.276s
PASS: docker_cli_cp_to_container_test.go:342: DockerSuite.TestCpToCaseH	2.262s
PASS: docker_cli_cp_to_container_test.go:378: DockerSuite.TestCpToCaseI	0.565s
PASS: docker_cli_cp_to_container_test.go:402: DockerSuite.TestCpToCaseJ	3.276s
PASS: docker_cli_cp_to_container_unix_test.go:17: DockerSuite.TestCpToContainerWithPermissions	5.912s
PASS: docker_cli_cp_test.go:521: DockerSuite.TestCpToDot	0.582s
PASS: docker_cli_cp_to_container_test.go:445: DockerSuite.TestCpToErrReadOnlyRootfs	1.047s
PASS: docker_cli_cp_to_container_test.go:472: DockerSuite.TestCpToErrReadOnlyVolume	1.196s
PASS: docker_cli_cp_test.go:543: DockerSuite.TestCpToStdout	0.568s
PASS: docker_cli_cp_to_container_test.go:22: DockerSuite.TestCpToSymlinkDestination	2.592s
PASS: docker_cli_cp_test.go:257: DockerSuite.TestCpToSymlinkToDirectory	0.259s
PASS: docker_cli_cp_test.go:381: DockerSuite.TestCpUnprivilegedUser	0.565s
PASS: docker_cli_cp_test.go:452: DockerSuite.TestCpVolumePath	1.049s
PASS: docker_cli_create_test.go:327: DockerSuite.TestCreate64ByteHexID	0.058s
PASS: docker_cli_create_test.go:21: DockerSuite.TestCreateArgs	0.065s
PASS: docker_cli_create_test.go:260: DockerSuite.TestCreateByImageID	1.836s
PASS: docker_cli_create_test.go:163: DockerSuite.TestCreateEchoStdout	0.507s
SKIP: docker_cli_create_test.go:59: DockerSuite.TestCreateGrowRootfs (unmatched requirement Devicemapper)
PASS: docker_cli_create_test.go:83: DockerSuite.TestCreateHostConfig	0.062s
PASS: docker_cli_create_test.go:222: DockerSuite.TestCreateHostnameWithNumber	0.495s
PASS: docker_cli_create_test.go:205: DockerSuite.TestCreateLabelFromImage	0.738s
PASS: docker_cli_create_test.go:192: DockerSuite.TestCreateLabels	0.060s
PASS: docker_cli_create_test.go:250: DockerSuite.TestCreateModeIpcContainer	0.094s
PASS: docker_cli_create_test.go:233: DockerSuite.TestCreateRM	0.150s
SKIP: docker_cli_create_test.go:73: DockerSuite.TestCreateShrinkRootfs (unmatched requirement Devicemapper)
PASS: docker_cli_create_test.go:293: DockerSuite.TestCreateStopSignal	0.058s
PASS: docker_cli_create_test.go:362: DockerSuite.TestCreateStopTimeout	0.123s
PASS: docker_cli_create_test.go:335: DockerSuite.TestCreateUnsetEntrypoint	3.776s
PASS: docker_cli_create_test.go:173: DockerSuite.TestCreateVolumesCreated	0.066s
PASS: docker_cli_create_test.go:316: DockerSuite.TestCreateWithInvalidLogOpts	0.032s
PASS: docker_cli_create_test.go:134: DockerSuite.TestCreateWithLargePortRange	2.679s
PASS: docker_cli_create_test.go:105: DockerSuite.TestCreateWithPortRange	0.059s
PASS: docker_api_containers_test.go:916: DockerSuite.TestCreateWithTooLowMemoryLimit	0.003s
PASS: docker_cli_create_test.go:302: DockerSuite.TestCreateWithWorkdir	0.059s
PASS: docker_deprecated_api_v124_test.go:70: DockerSuite.TestDeprecatedContainerAPIStartDupVolumeBinds	0.036s
PASS: docker_deprecated_api_v124_test.go:20: DockerSuite.TestDeprecatedContainerAPIStartHostConfig	0.048s
PASS: docker_deprecated_api_v124_test.go:39: DockerSuite.TestDeprecatedContainerAPIStartVolumeBinds	0.331s
PASS: docker_deprecated_api_v124_test.go:103: DockerSuite.TestDeprecatedContainerAPIStartVolumesFrom	0.873s
PASS: docker_deprecated_api_v124_test.go:136: DockerSuite.TestDeprecatedPostContainerBindNormalVolume	0.415s
PASS: docker_deprecated_api_v124_test.go:198: DockerSuite.TestDeprecatedPostContainersStartWithLinksInHostConfig	0.685s
PASS: docker_deprecated_api_v124_test.go:216: DockerSuite.TestDeprecatedPostContainersStartWithLinksInHostConfigIdLinked	1.059s
PASS: docker_deprecated_api_v124_test.go:181: DockerSuite.TestDeprecatedPostContainersStartWithoutLinksInHostConfig	0.358s
PASS: docker_deprecated_api_v124_test.go:235: DockerSuite.TestDeprecatedStartWithNilDNS	0.364s
PASS: docker_deprecated_api_v124_test.go:156: DockerSuite.TestDeprecatedStartWithTooLowMemoryLimit	0.064s
PASS: docker_cli_run_test.go:2995: DockerSuite.TestDevicePermissions	0.500s
PASS: docker_cli_run_test.go:3706: DockerSuite.TestDockerFails	0.013s
PASS: docker_cli_network_unix_test.go:449: DockerSuite.TestDockerInspectMultipleNetwork	0.013s
PASS: docker_cli_network_unix_test.go:459: DockerSuite.TestDockerInspectMultipleNetworksIncludingNonexistent	0.037s
PASS: docker_cli_network_unix_test.go:498: DockerSuite.TestDockerInspectNetworkWithContainerName	0.810s
PASS: docker_cli_network_unix_test.go:1622: DockerSuite.TestDockerNetworkConnectFailsNoInspectChange	0.615s
PASS: docker_cli_network_unix_test.go:403: DockerSuite.TestDockerNetworkDeleteMultiple	0.771s
PASS: docker_cli_network_unix_test.go:398: DockerSuite.TestDockerNetworkDeleteNotExists	0.015s
PASS: docker_cli_network_unix_test.go:427: DockerSuite.TestDockerNetworkInspect	0.025s
PASS: docker_cli_network_unix_test.go:438: DockerSuite.TestDockerNetworkInspectWithID	0.079s
PASS: docker_cli_network_unix_test.go:1637: DockerSuite.TestDockerNetworkInternalMode	5.202s
PASS: docker_cli_volume_test.go:490: DockerSuite.TestDuplicateMountpointsForVolumesFrom	2.807s
PASS: docker_cli_volume_test.go:532: DockerSuite.TestDuplicateMountpointsForVolumesFromAndBind	1.968s
PASS: docker_cli_volume_test.go:576: DockerSuite.TestDuplicateMountpointsForVolumesFromAndMounts	1.455s
PASS: docker_cli_network_unix_test.go:1614: DockerSuite.TestEmbeddedDNSInvalidInput	1.420s
PASS: docker_cli_events_test.go:479: DockerSuite.TestEventsAttach	0.587s
PASS: docker_cli_events_test.go:410: DockerSuite.TestEventsCommit	0.719s
PASS: docker_cli_events_test.go:84: DockerSuite.TestEventsContainerEvents	0.560s
PASS: docker_cli_events_test.go:103: DockerSuite.TestEventsContainerEventsAttrSort	0.534s
PASS: docker_cli_events_test.go:126: DockerSuite.TestEventsContainerEventsSinceUnixEpoch	0.591s
PASS: docker_cli_events_unix_test.go:143: DockerSuite.TestEventsContainerFilterBeforeCreate	1.322s
PASS: docker_cli_events_unix_test.go:129: DockerSuite.TestEventsContainerFilterByName	0.708s
PASS: docker_cli_events_test.go:659: DockerSuite.TestEventsContainerRestart	2.304s
PASS: docker_cli_events_unix_test.go:223: DockerSuite.TestEventsContainerWithMultiNetwork	1.907s
PASS: docker_cli_events_test.go:427: DockerSuite.TestEventsCopy	1.054s
PASS: docker_cli_events_test.go:372: DockerSuite.TestEventsFilterContainer	1.083s
PASS: docker_cli_events_test.go:649: DockerSuite.TestEventsFilterImageInContainerAction	0.377s
PASS: docker_cli_events_test.go:342: DockerSuite.TestEventsFilterImageLabels	1.197s
PASS: docker_cli_events_test.go:287: DockerSuite.TestEventsFilterImageName	0.704s
PASS: docker_cli_events_test.go:316: DockerSuite.TestEventsFilterLabels	0.769s
PASS: docker_cli_events_unix_test.go:377: DockerSuite.TestEventsFilterNetworkID	0.073s
PASS: docker_cli_events_test.go:565: DockerSuite.TestEventsFilterType	0.987s
PASS: docker_cli_events_unix_test.go:344: DockerSuite.TestEventsFilterVolumeAndNetworkType	0.070s
PASS: docker_cli_events_unix_test.go:363: DockerSuite.TestEventsFilterVolumeID	0.025s
PASS: docker_cli_events_test.go:271: DockerSuite.TestEventsFilters	1.017s
PASS: docker_cli_events_test.go:728: DockerSuite.TestEventsFormat	1.031s
PASS: docker_cli_events_test.go:761: DockerSuite.TestEventsFormatBadField	0.017s
PASS: docker_cli_events_test.go:751: DockerSuite.TestEventsFormatBadFunc	0.012s
PASS: docker_cli_events_test.go:183: DockerSuite.TestEventsImageImport	0.495s
PASS: docker_cli_events_test.go:207: DockerSuite.TestEventsImageLoad	0.233s
PASS: docker_cli_events_test.go:164: DockerSuite.TestEventsImagePull	1.775s
PASS: docker_cli_events_test.go:146: DockerSuite.TestEventsImageTag	1.030s
PASS: docker_cli_events_unix_test.go:305: DockerSuite.TestEventsImageUntagDelete	0.947s
SKIP: docker_cli_events_unix_test.go:51: DockerSuite.TestEventsOOMDisableFalse (unmatched requirement swapMemorySupport)
SKIP: docker_cli_events_unix_test.go:81: DockerSuite.TestEventsOOMDisableTrue (unmatched requirement swapMemorySupport)
PASS: docker_cli_events_test.go:246: DockerSuite.TestEventsPluginOps	4.524s
PASS: docker_cli_events_unix_test.go:24: DockerSuite.TestEventsRedirectStdout	0.514s
PASS: docker_cli_events_test.go:517: DockerSuite.TestEventsRename	0.560s
PASS: docker_cli_events_test.go:456: DockerSuite.TestEventsResize	0.552s
PASS: docker_cli_events_test.go:699: DockerSuite.TestEventsSinceInTheFuture	0.389s
PASS: docker_cli_events_test.go:619: DockerSuite.TestEventsSpecialFiltersWithExecCreate	0.491s
PASS: docker_cli_events_unix_test.go:251: DockerSuite.TestEventsStreaming	0.532s
PASS: docker_cli_events_test.go:26: DockerSuite.TestEventsTimestampFormats	2.779s
PASS: docker_cli_events_test.go:528: DockerSuite.TestEventsTop	0.591s
PASS: docker_cli_events_test.go:61: DockerSuite.TestEventsUntag	2.572s
PASS: docker_cli_events_test.go:711: DockerSuite.TestEventsUntilInThePast	0.975s
PASS: docker_cli_exec_test.go:28: DockerSuite.TestExec	0.464s
PASS: docker_api_exec_test.go:66: DockerSuite.TestExecAPICreateContainerPaused	0.354s
PASS: docker_api_exec_test.go:25: DockerSuite.TestExecAPICreateNoCmd	0.324s
PASS: docker_api_exec_test.go:43: DockerSuite.TestExecAPICreateNoValidContentType	0.362s
PASS: docker_api_exec_test.go:87: DockerSuite.TestExecAPIStart	1.031s
PASS: docker_api_exec_test.go:124: DockerSuite.TestExecAPIStartBackwardsCompatible	0.396s
PASS: docker_api_exec_test.go:114: DockerSuite.TestExecAPIStartEnsureHeaders	0.431s
PASS: docker_api_exec_test.go:196: DockerSuite.TestExecAPIStartInvalidCommand	0.419s
PASS: docker_api_exec_test.go:139: DockerSuite.TestExecAPIStartMultipleTimesError	0.403s
PASS: docker_api_exec_test.go:180: DockerSuite.TestExecAPIStartValidCommand	0.422s
PASS: docker_api_exec_test.go:149: DockerSuite.TestExecAPIStartWithDetach	0.403s
PASS: docker_cli_exec_test.go:75: DockerSuite.TestExecAfterContainerRestart	1.005s
PASS: docker_cli_exec_test.go:256: DockerSuite.TestExecCgroup	1.009s
PASS: docker_cli_exec_test.go:108: DockerSuite.TestExecEnv	0.445s
PASS: docker_cli_exec_test.go:537: DockerSuite.TestExecEnvLinksHost	0.756s
PASS: docker_cli_exec_test.go:134: DockerSuite.TestExecExitStatus	0.441s
PASS: docker_cli_exec_test.go:309: DockerSuite.TestExecInspectID	1.699s
PASS: docker_cli_exec_test.go:39: DockerSuite.TestExecInteractive	0.433s
PASS: docker_cli_exec_unix_test.go:18: DockerSuite.TestExecInteractiveStdinClose	0.429s
PASS: docker_cli_exec_test.go:493: DockerSuite.TestExecOnReadonlyContainer	0.436s
PASS: docker_cli_exec_test.go:214: DockerSuite.TestExecParseError	0.356s
PASS: docker_cli_exec_test.go:141: DockerSuite.TestExecPausedContainer	0.360s
PASS: docker_api_exec_resize_test.go:18: DockerSuite.TestExecResizeAPIHeightWidthNoInt	0.325s
PASS: docker_api_exec_resize_test.go:34: DockerSuite.TestExecResizeImmediatelyAfterExecStart	1.202s
PASS: docker_cli_exec_test.go:123: DockerSuite.TestExecSetEnv	0.473s
PASS: docker_cli_exec_test.go:513: DockerSuite.TestExecStartFails	0.444s
PASS: docker_api_exec_test.go:214: DockerSuite.TestExecStateCleanup	10.825s
PASS: docker_cli_exec_test.go:228: DockerSuite.TestExecStopNotHanging	0.569s
PASS: docker_cli_exec_unix_test.go:47: DockerSuite.TestExecTTY	0.412s
PASS: docker_cli_exec_test.go:156: DockerSuite.TestExecTTYCloseStdin	0.488s
PASS: docker_cli_exec_test.go:177: DockerSuite.TestExecTTYWithoutStdin	0.359s
PASS: docker_cli_exec_test.go:501: DockerSuite.TestExecUlimits	0.462s
SKIP: docker_cli_exec_test.go:546: DockerSuite.TestExecWindowsOpenHandles (unmatched requirement DaemonIsWindows)
SKIP: docker_cli_exec_test.go:527: DockerSuite.TestExecWindowsPathNotWiped (unmatched requirement DaemonIsWindows)
PASS: docker_cli_exec_test.go:480: DockerSuite.TestExecWithImageUser	2.522s
PASS: docker_cli_exec_unix_test.go:89: DockerSuite.TestExecWithNoTERM	0.545s
PASS: docker_cli_exec_test.go:449: DockerSuite.TestExecWithPrivileged	0.719s
PASS: docker_cli_exec_unix_test.go:77: DockerSuite.TestExecWithTERM	0.434s
PASS: docker_cli_exec_test.go:436: DockerSuite.TestExecWithUser	0.535s
PASS: docker_api_containers_test.go:190: DockerSuite.TestGetContainerStats	4.568s
PASS: docker_api_containers_test.go:338: DockerSuite.TestGetContainerStatsNoStream	4.530s
PASS: docker_api_containers_test.go:230: DockerSuite.TestGetContainerStatsRmRunning	1.642s
PASS: docker_api_containers_test.go:297: DockerSuite.TestGetContainerStatsStream	4.552s
PASS: docker_api_attach_test.go:25: DockerSuite.TestGetContainersAttachWebsocket	0.357s
PASS: docker_api_attach_test.go:89: DockerSuite.TestGetContainersWsAttachContainerNotFound	0.001s
PASS: docker_api_containers_test.go:378: DockerSuite.TestGetStoppedContainerStats	0.050s
PASS: docker_cli_health_test.go:39: DockerSuite.TestHealth	23.243s
PASS: docker_cli_history_test.go:58: DockerSuite.TestHistoryExistentImage	0.013s
PASS: docker_cli_history_test.go:86: DockerSuite.TestHistoryHumanOptionFalse	0.013s
PASS: docker_cli_history_test.go:104: DockerSuite.TestHistoryHumanOptionTrue	0.012s
PASS: docker_cli_history_test.go:67: DockerSuite.TestHistoryImageWithComment	0.868s
PASS: docker_cli_history_test.go:62: DockerSuite.TestHistoryNonExistentImage	0.013s
PASS: docker_cli_images_test.go:225: DockerSuite.TestImagesEnsureDanglingImageOnlyListedOnce	0.987s
PASS: docker_cli_images_test.go:20: DockerSuite.TestImagesEnsureImageIsListed	0.017s
PASS: docker_cli_images_test.go:44: DockerSuite.TestImagesEnsureImageWithBadTagIsNotListed	0.016s
PASS: docker_cli_images_test.go:25: DockerSuite.TestImagesEnsureImageWithTagIsListed	0.082s
PASS: docker_cli_images_test.go:299: DockerSuite.TestImagesEnsureImagesFromBusyboxShown	0.782s
PASS: docker_cli_images_test.go:282: DockerSuite.TestImagesEnsureImagesFromScratchShown	0.965s
PASS: docker_cli_images_test.go:259: DockerSuite.TestImagesEnsureOnlyHeadsImagesShown	1.993s
PASS: docker_cli_images_test.go:69: DockerSuite.TestImagesErrorWithInvalidFilterNameTest	0.013s
PASS: docker_cli_images_test.go:75: DockerSuite.TestImagesFilterLabelMatch	2.975s
PASS: docker_cli_images_test.go:314: DockerSuite.TestImagesFilterNameWithPort	0.064s
PASS: docker_cli_images_test.go:115: DockerSuite.TestImagesFilterSinceAndBefore	2.998s
PASS: docker_cli_images_test.go:185: DockerSuite.TestImagesFilterSpaceTrimCase	0.592s
PASS: docker_cli_images_test.go:327: DockerSuite.TestImagesFormat	0.053s
PASS: docker_cli_images_test.go:343: DockerSuite.TestImagesFormatDefaultFormat	1.143s
PASS: docker_cli_images_test.go:49: DockerSuite.TestImagesOrderedByCreationDate	5.000s
PASS: docker_cli_images_test.go:253: DockerSuite.TestImagesWithIncorrectFilter	0.013s
PASS: docker_cli_import_test.go:36: DockerSuite.TestImportBadURL	0.098s
PASS: docker_cli_import_test.go:18: DockerSuite.TestImportDisplay	1.044s
PASS: docker_cli_import_test.go:47: DockerSuite.TestImportFile	1.162s
PASS: docker_cli_import_test.go:122: DockerSuite.TestImportFileNonExistentFile	0.012s
PASS: docker_cli_import_test.go:91: DockerSuite.TestImportFileWithMessage	1.167s
PASS: docker_cli_import_test.go:68: DockerSuite.TestImportGzipped	1.240s
PASS: docker_cli_import_test.go:127: DockerSuite.TestImportWithQuotedChanges	1.179s
PASS: docker_cli_info_test.go:177: DockerSuite.TestInfoDebug	0.532s
PASS: docker_cli_info_test.go:106: DockerSuite.TestInfoDiscoveryAdvertiseInterfaceName	0.881s
PASS: docker_cli_info_test.go:72: DockerSuite.TestInfoDiscoveryBackend	0.533s
PASS: docker_cli_info_test.go:89: DockerSuite.TestInfoDiscoveryInvalidAdvertise	0.094s
PASS: docker_cli_info_test.go:143: DockerSuite.TestInfoDisplaysPausedContainers	0.402s
PASS: docker_cli_info_test.go:130: DockerSuite.TestInfoDisplaysRunningContainers	0.368s
PASS: docker_cli_info_test.go:160: DockerSuite.TestInfoDisplaysStoppedContainers	0.596s
PASS: docker_cli_info_test.go:16: DockerSuite.TestInfoEnsureSucceeds	0.021s
PASS: docker_cli_info_test.go:60: DockerSuite.TestInfoFormat	0.038s
PASS: docker_cli_info_unix_test.go:10: DockerSuite.TestInfoSecurityOptions	0.019s
PASS: docker_cli_info_test.go:195: DockerSuite.TestInsecureRegistries	0.541s
PASS: docker_api_inspect_test.go:147: DockerSuite.TestInspectAPIBridgeNetworkSettings120	0.359s
PASS: docker_api_inspect_test.go:164: DockerSuite.TestInspectAPIBridgeNetworkSettings121	0.361s
PASS: docker_api_inspect_test.go:17: DockerSuite.TestInspectAPIContainerResponse	0.353s
PASS: docker_api_inspect_test.go:84: DockerSuite.TestInspectAPIContainerVolumeDriver	0.333s
PASS: docker_api_inspect_test.go:61: DockerSuite.TestInspectAPIContainerVolumeDriverLegacy	0.356s
PASS: docker_api_inspect_test.go:123: DockerSuite.TestInspectAPIEmptyFieldsInConfigPre121	0.333s
PASS: docker_api_inspect_test.go:108: DockerSuite.TestInspectAPIImageResponse	0.020s
PASS: docker_cli_network_unix_test.go:1035: DockerSuite.TestInspectAPIMultipleNetworks	0.595s
PASS: docker_cli_inspect_test.go:413: DockerSuite.TestInspectAmpersand	0.500s
PASS: docker_cli_inspect_test.go:206: DockerSuite.TestInspectBindMountPoint	0.353s
PASS: docker_cli_inspect_test.go:341: DockerSuite.TestInspectByPrefix	0.058s
PASS: docker_cli_inspect_test.go:141: DockerSuite.TestInspectContainerFilterInt	0.398s
SKIP: docker_cli_inspect_test.go:181: DockerSuite.TestInspectContainerGraphDriver (unmatched requirement Devicemapper)
PASS: docker_cli_inspect_test.go:391: DockerSuite.TestInspectContainerNetworkCustom	0.434s
PASS: docker_cli_inspect_test.go:379: DockerSuite.TestInspectContainerNetworkDefault	0.382s
PASS: docker_cli_inspect_test.go:44: DockerSuite.TestInspectDefault	0.348s
PASS: docker_cli_inspect_test.go:371: DockerSuite.TestInspectHistory	1.253s
PASS: docker_cli_inspect_test.go:24: DockerSuite.TestInspectImage	0.013s
PASS: docker_cli_inspect_test.go:125: DockerSuite.TestInspectImageFilterInt	0.024s
SKIP: docker_cli_inspect_test.go:163: DockerSuite.TestInspectImageGraphDriver (unmatched requirement Devicemapper)
PASS: docker_cli_inspect_test.go:38: DockerSuite.TestInspectInt64	0.371s
PASS: docker_cli_inspect_test.go:333: DockerSuite.TestInspectJSONFields	0.363s
PASS: docker_cli_inspect_test.go:283: DockerSuite.TestInspectLogConfigNoType	0.072s
PASS: docker_cli_inspect_test.go:238: DockerSuite.TestInspectNamedMountPoint	0.365s
PASS: docker_cli_inspect_test.go:296: DockerSuite.TestInspectNoSizeFlagContainer	0.361s
PASS: docker_cli_inspect_test.go:423: DockerSuite.TestInspectPlugin	4.382s
PASS: docker_cli_inspect_test.go:402: DockerSuite.TestInspectRootFS	0.016s
PASS: docker_cli_inspect_test.go:308: DockerSuite.TestInspectSizeFlagContainer	0.338s
PASS: docker_cli_inspect_test.go:55: DockerSuite.TestInspectStatus	0.634s
PASS: docker_cli_inspect_test.go:352: DockerSuite.TestInspectStopWhenNotFound	0.692s
PASS: docker_cli_inspect_test.go:319: DockerSuite.TestInspectTemplateError	0.376s
PASS: docker_cli_inspect_test.go:262: DockerSuite.TestInspectTimesAsRFC3339Nano	0.548s
PASS: docker_cli_inspect_test.go:80: DockerSuite.TestInspectTypeFlagContainer	0.379s
PASS: docker_cli_inspect_test.go:102: DockerSuite.TestInspectTypeFlagWithImage	0.352s
PASS: docker_cli_inspect_test.go:113: DockerSuite.TestInspectTypeFlagWithInvalidValue	0.346s
PASS: docker_cli_inspect_test.go:90: DockerSuite.TestInspectTypeFlagWithNoContainer	0.336s
PASS: docker_cli_inspect_test.go:454: DockerSuite.TestInspectUnknownObject	0.027s
PASS: docker_cli_run_unix_test.go:1157: DockerSuite.TestLegacyRunNoNewPrivSetuid	5.463s
PASS: docker_cli_links_test.go:200: DockerSuite.TestLinkShortDefinition	0.724s
PASS: docker_cli_links_test.go:191: DockerSuite.TestLinksEnvs	0.848s
PASS: docker_cli_links_test.go:227: DockerSuite.TestLinksEtcHostsRegularFile	0.334s
PASS: docker_cli_links_test.go:140: DockerSuite.TestLinksHostsFilesInject	0.875s
PASS: docker_cli_links_test.go:93: DockerSuite.TestLinksInspectLinksStarted	1.050s
PASS: docker_cli_links_test.go:112: DockerSuite.TestLinksInspectLinksStopped	0.987s
PASS: docker_cli_links_test.go:24: DockerSuite.TestLinksInvalidContainerTarget	0.067s
PASS: docker_cli_links_test.go:234: DockerSuite.TestLinksMultipleWithSameName	1.200s
PASS: docker_cli_links_test.go:216: DockerSuite.TestLinksNetworkHostContainer	0.279s
PASS: docker_cli_links_test.go:132: DockerSuite.TestLinksNotStartedParentNotFail	0.379s
PASS: docker_cli_links_test.go:36: DockerSuite.TestLinksPingLinkedContainers	8.064s
PASS: docker_cli_links_test.go:80: DockerSuite.TestLinksPingLinkedContainersAfterRename	1.687s
PASS: docker_cli_exec_test.go:379: DockerSuite.TestLinksPingLinkedContainersOnRename	0.890s
PASS: docker_cli_links_test.go:15: DockerSuite.TestLinksPingUnlinkedContainers	0.531s
PASS: docker_cli_links_test.go:158: DockerSuite.TestLinksUpdateOnRestart	1.457s
PASS: docker_cli_save_load_unix_test.go:91: DockerSuite.TestLoadNoStdinFail	0.015s
PASS: docker_cli_save_load_test.go:332: DockerSuite.TestLoadZeroSizeLayer	0.305s
PASS: docker_cli_login_test.go:11: DockerSuite.TestLoginWithoutTTY	0.020s
PASS: docker_api_logs_test.go:87: DockerSuite.TestLogsAPIContainerNotFound	0.001s
PASS: docker_api_logs_test.go:72: DockerSuite.TestLogsAPIFollowEmptyOutput	0.331s
PASS: docker_api_logs_test.go:59: DockerSuite.TestLogsAPINoStdoutNorStderr	0.321s
PASS: docker_api_logs_test.go:151: DockerSuite.TestLogsAPIUntil	3.499s
PASS: docker_api_logs_test.go:189: DockerSuite.TestLogsAPIUntilDefaultValue	0.502s
PASS: docker_api_logs_test.go:94: DockerSuite.TestLogsAPIUntilFutureFollow	4.324s
PASS: docker_api_logs_test.go:23: DockerSuite.TestLogsAPIWithStdout	0.359s
PASS: docker_cli_logs_test.go:318: DockerSuite.TestLogsCLIContainerNotFound	0.013s
PASS: docker_cli_logs_test.go:24: DockerSuite.TestLogsContainerBiggerThanPage	0.772s
PASS: docker_cli_logs_test.go:29: DockerSuite.TestLogsContainerMuchBiggerThanPage	0.750s
PASS: docker_cli_logs_test.go:19: DockerSuite.TestLogsContainerSmallerThanPage	0.776s
PASS: docker_cli_logs_test.go:300: DockerSuite.TestLogsFollowGoroutinesNoOutput	0.758s
PASS: docker_cli_logs_test.go:272: DockerSuite.TestLogsFollowGoroutinesWithStdout	0.585s
PASS: docker_cli_logs_test.go:214: DockerSuite.TestLogsFollowSlowStdoutConsumer	2.255s
PASS: docker_cli_logs_test.go:124: DockerSuite.TestLogsFollowStopped	0.508s
PASS: docker_cli_logs_test.go:66: DockerSuite.TestLogsSeparateStderr	0.505s
PASS: docker_cli_logs_test.go:145: DockerSuite.TestLogsSince	6.574s
PASS: docker_cli_logs_test.go:180: DockerSuite.TestLogsSinceFutureFollow	5.406s
PASS: docker_cli_logs_test.go:77: DockerSuite.TestLogsStderrInStdout	0.507s
PASS: docker_cli_logs_test.go:92: DockerSuite.TestLogsTail	0.584s
PASS: docker_cli_logs_test.go:41: DockerSuite.TestLogsTimestamps	0.490s
PASS: docker_cli_logs_test.go:325: DockerSuite.TestLogsWithDetails	0.500s
PASS: docker_cli_run_test.go:2909: DockerSuite.TestMountIntoProc	0.276s
PASS: docker_cli_run_test.go:2918: DockerSuite.TestMountIntoSys	0.477s
PASS: docker_cli_netmode_test.go:33: DockerSuite.TestNetHostname	1.546s
PASS: docker_cli_netmode_test.go:26: DockerSuite.TestNetHostnameWithNetHost	0.311s
PASS: docker_cli_events_unix_test.go:196: DockerSuite.TestNetworkEvents	0.645s
PASS: docker_cli_run_test.go:3513: DockerSuite.TestNetworkRmWithActiveContainers	1.002s
PASS: docker_cli_run_test.go:2695: DockerSuite.TestPermissionsPtsReadonlyRootfs	0.501s
PASS: docker_cli_plugins_test.go:76: DockerSuite.TestPluginActive	4.451s
PASS: docker_cli_plugins_test.go:99: DockerSuite.TestPluginActiveNetwork	9.559s
SKIP: docker_cli_plugins_test.go:344: DockerSuite.TestPluginInspectOnWindows (unmatched requirement DaemonIsWindows)
PASS: docker_cli_plugins_test.go:150: DockerSuite.TestPluginInstallDisableVolumeLs	3.647s
PASS: docker_cli_plugins_logdriver_test.go:12: DockerSuite.TestPluginLogDriver	5.129s
PASS: docker_cli_plugins_logdriver_test.go:32: DockerSuite.TestPluginLogDriverInfoList	3.887s
PASS: docker_cli_plugins_test.go:474: DockerSuite.TestPluginMetricsCollector	4.892s
PASS: docker_cli_plugins_test.go:442: DockerSuite.TestPluginUpgrade	9.151s
PASS: docker_cli_port_test.go:329: DockerSuite.TestPortBindingOnSandbox	1.230s
PASS: docker_cli_port_test.go:307: DockerSuite.TestPortExposeHostBinding	1.097s
PASS: docker_cli_port_test.go:285: DockerSuite.TestPortHostBinding	1.130s
PASS: docker_cli_port_test.go:15: DockerSuite.TestPortList	6.831s
PASS: docker_api_containers_test.go:1325: DockerSuite.TestPostContainerAPICreateWithStringOrSliceEntrypoint	1.006s
PASS: docker_api_attach_test.go:99: DockerSuite.TestPostContainersAttach	5.308s
PASS: docker_api_attach_test.go:78: DockerSuite.TestPostContainersAttachContainerNotFound	0.001s
PASS: docker_api_containers_test.go:1589: DockerSuite.TestPostContainersCreateMemorySwappinessHostConfigOmitted	0.045s
PASS: docker_api_containers_test.go:1503: DockerSuite.TestPostContainersCreateShmSizeHostConfigOmitted	0.469s
PASS: docker_api_containers_test.go:1485: DockerSuite.TestPostContainersCreateShmSizeNegative	0.003s
PASS: docker_api_containers_test.go:1531: DockerSuite.TestPostContainersCreateShmSizeOmitted	0.472s
PASS: docker_api_containers_test.go:1614: DockerSuite.TestPostContainersCreateWithOomScoreAdjInvalidRange	0.005s
PASS: docker_api_containers_test.go:1558: DockerSuite.TestPostContainersCreateWithShmSize	0.485s
PASS: docker_api_containers_test.go:1380: DockerSuite.TestPostContainersCreateWithStringOrSliceCapAddDrop	0.074s
PASS: docker_api_containers_test.go:1353: DockerSuite.TestPostContainersCreateWithStringOrSliceCmd	0.974s
PASS: docker_api_containers_test.go:1452: DockerSuite.TestPostContainersCreateWithWrongCpusetValues	0.005s
PASS: docker_cli_prune_unix_test.go:133: DockerSuite.TestPruneContainerLabel	3.035s
PASS: docker_cli_prune_unix_test.go:113: DockerSuite.TestPruneContainerUntil	1.061s
PASS: docker_cli_prune_unix_test.go:249: DockerSuite.TestPruneNetworkLabel	0.359s
PASS: docker_cli_prune_unix_test.go:191: DockerSuite.TestPruneVolumeLabel	0.138s
PASS: docker_cli_ps_test.go:794: DockerSuite.TestPsByOrder	1.377s
PASS: docker_cli_ps_test.go:547: DockerSuite.TestPsImageIDAfterUpdate	1.421s
PASS: docker_cli_ps_test.go:19: DockerSuite.TestPsListContainersBase	1.653s
PASS: docker_cli_ps_test.go:306: DockerSuite.TestPsListContainersFilterAncestorImage	5.246s
PASS: docker_cli_ps_test.go:516: DockerSuite.TestPsListContainersFilterCreated	0.088s
PASS: docker_cli_ps_test.go:437: DockerSuite.TestPsListContainersFilterExited	2.404s
PASS: docker_cli_ps_test.go:227: DockerSuite.TestPsListContainersFilterHealth	5.949s
PASS: docker_cli_ps_test.go:270: DockerSuite.TestPsListContainersFilterID	0.745s
PASS: docker_cli_ps_test.go:401: DockerSuite.TestPsListContainersFilterLabel	1.596s
PASS: docker_cli_ps_test.go:284: DockerSuite.TestPsListContainersFilterName	0.859s
PASS: docker_cli_ps_test.go:714: DockerSuite.TestPsListContainersFilterNetwork	0.706s
PASS: docker_cli_ps_test.go:813: DockerSuite.TestPsListContainersFilterPorts	0.741s
PASS: docker_cli_ps_test.go:180: DockerSuite.TestPsListContainersFilterStatus	1.304s
PASS: docker_cli_ps_test.go:140: DockerSuite.TestPsListContainersSize	1.009s
PASS: docker_cli_ps_test.go:849: DockerSuite.TestPsNotShowLinknamesOfDeletedContainer	0.162s
PASS: docker_cli_ps_test.go:596: DockerSuite.TestPsNotShowPortsOfStoppedContainer	0.593s
PASS: docker_cli_ps_test.go:470: DockerSuite.TestPsRightTagName	1.050s
PASS: docker_cli_ps_test.go:614: DockerSuite.TestPsShowMounts	1.128s
PASS: docker_cli_run_test.go:3144: DockerSuite.TestPtraceContainerProcsFromHost	0.367s
SKIP: docker_cli_pull_test.go:263: DockerSuite.TestPullLinuxImageFailsOnWindows (unmatched requirement DaemonIsWindows)
PASS: docker_cli_pull_test.go:270: DockerSuite.TestPullWindowsImageFailsOnLinux	1.849s
PASS: docker_cli_push_test.go:291: DockerSuite.TestPushToCentralRegistryUnauthorized	1.345s
PASS: docker_cli_push_test.go:38: DockerSuite.TestPushUnprefixedRepo	1.743s
PASS: docker_api_containers_test.go:1425: DockerSuite.TestPutContainerArchiveErrSymlinkInVolumeToReadOnlyRootfs	0.641s
PASS: docker_cli_restart_test.go:297: DockerSuite.TestRestartAutoRemoveContainer	1.091s
PASS: docker_cli_restart_test.go:166: DockerSuite.TestRestartContainerSuccess	0.870s
PASS: docker_cli_restart_test.go:151: DockerSuite.TestRestartContainerwithGoodContainer	0.499s
PASS: docker_cli_restart_test.go:266: DockerSuite.TestRestartContainerwithRestartPolicy	5.670s
PASS: docker_cli_restart_test.go:78: DockerSuite.TestRestartDisconnectedContainer	0.884s
PASS: docker_cli_restart_test.go:236: DockerSuite.TestRestartPolicyAfterRestart	1.423s
PASS: docker_cli_restart_test.go:103: DockerSuite.TestRestartPolicyAlways	0.082s
PASS: docker_cli_restart_test.go:95: DockerSuite.TestRestartPolicyNO	0.068s
PASS: docker_cli_restart_test.go:116: DockerSuite.TestRestartPolicyOnFailure	0.219s
PASS: docker_cli_restart_test.go:30: DockerSuite.TestRestartRunningContainer	1.907s
PASS: docker_cli_restart_test.go:13: DockerSuite.TestRestartStoppedContainer	1.003s
PASS: docker_cli_restart_test.go:192: DockerSuite.TestRestartWithPolicyUserDefinedNetwork	1.800s
PASS: docker_cli_restart_test.go:53: DockerSuite.TestRestartWithVolumes	0.898s
PASS: docker_cli_rmi_test.go:217: DockerSuite.TestRmiBlank	0.013s
PASS: docker_cli_rmi_test.go:327: DockerSuite.TestRmiByIDHardConflict	0.086s
PASS: docker_cli_rmi_test.go:227: DockerSuite.TestRmiContainerImageNotFound	4.237s
PASS: docker_cli_rmi_test.go:171: DockerSuite.TestRmiForceWithExistingContainers	1.455s
PASS: docker_cli_rmi_test.go:199: DockerSuite.TestRmiForceWithMultipleRepositories	0.498s
PASS: docker_cli_rmi_test.go:144: DockerSuite.TestRmiImageIDForceWithRunningContainersAndMultipleTags	1.320s
PASS: docker_cli_rmi_test.go:106: DockerSuite.TestRmiImgIDForce	1.503s
PASS: docker_cli_rmi_test.go:65: DockerSuite.TestRmiImgIDMultipleTag	1.464s
PASS: docker_cli_rmi_test.go:297: DockerSuite.TestRmiParentImageFail	1.340s
PASS: docker_cli_rmi_test.go:37: DockerSuite.TestRmiTag	0.185s
PASS: docker_cli_rmi_test.go:159: DockerSuite.TestRmiTagWithExistingContainers	0.519s
PASS: docker_cli_rmi_test.go:253: DockerSuite.TestRmiUntagHistoryLayer	4.228s
PASS: docker_cli_rmi_test.go:16: DockerSuite.TestRmiWithContainerFails	0.426s
PASS: docker_cli_rmi_test.go:185: DockerSuite.TestRmiWithMultipleRepositories	1.214s
PASS: docker_cli_rmi_test.go:310: DockerSuite.TestRmiWithParentInUse	1.963s
PASS: docker_cli_run_test.go:4522: DockerSuite.TestRunAddDeviceCgroupRule	1.010s
PASS: docker_cli_run_test.go:1580: DockerSuite.TestRunAddHost	0.526s
PASS: docker_cli_run_test.go:4039: DockerSuite.TestRunAddHostInHostMode	0.343s
PASS: docker_cli_run_test.go:1172: DockerSuite.TestRunAddingOptionalDevices	0.512s
PASS: docker_cli_run_test.go:1190: DockerSuite.TestRunAddingOptionalDevicesInvalidMode	0.015s
PASS: docker_cli_run_test.go:1181: DockerSuite.TestRunAddingOptionalDevicesNoSrc	0.483s
PASS: docker_cli_run_test.go:2061: DockerSuite.TestRunAllocatePortInReservedRange	0.695s
PASS: docker_cli_run_test.go:1231: DockerSuite.TestRunAllowBindMountingRoot	0.508s
PASS: docker_cli_run_test.go:2266: DockerSuite.TestRunAllowPortRangeThroughExpose	0.399s
PASS: docker_cli_run_test.go:2624: DockerSuite.TestRunAllowPortRangeThroughPublish	0.384s
PASS: docker_cli_run_unix_test.go:1329: DockerSuite.TestRunApparmorProcDirectory	0.950s
PASS: docker_cli_run_test.go:573: DockerSuite.TestRunApplyVolumesFromBeforeVolumes	1.017s
PASS: docker_cli_run_unix_test.go:97: DockerSuite.TestRunAttachDetach	0.475s
PASS: docker_cli_run_unix_test.go:242: DockerSuite.TestRunAttachDetachFromConfig	0.477s
PASS: docker_cli_run_unix_test.go:148: DockerSuite.TestRunAttachDetachFromFlag	0.471s
PASS: docker_cli_run_unix_test.go:209: DockerSuite.TestRunAttachDetachFromInvalidFlag	0.354s
PASS: docker_cli_run_unix_test.go:325: DockerSuite.TestRunAttachDetachKeysOverrideConfig	0.462s
PASS: docker_cli_run_test.go:3920: DockerSuite.TestRunAttachFailedNoLeak	0.701s
PASS: docker_cli_run_unix_test.go:407: DockerSuite.TestRunAttachInvalidDetachKeySequencePreserved	0.629s
PASS: docker_cli_run_test.go:1592: DockerSuite.TestRunAttachStdErrOnlyTTYMode	0.516s
PASS: docker_cli_run_test.go:1608: DockerSuite.TestRunAttachStdOutAndErrTTYMode	0.512s
PASS: docker_cli_run_test.go:1600: DockerSuite.TestRunAttachStdOutOnlyTTYMode	0.515s
PASS: docker_cli_run_test.go:1617: DockerSuite.TestRunAttachWithDetach	0.029s
PASS: docker_cli_run_test.go:1882: DockerSuite.TestRunBindMounts	1.531s
PASS: docker_cli_run_test.go:1053: DockerSuite.TestRunCapAddALLCanDownInterface	0.503s
PASS: docker_cli_run_test.go:1063: DockerSuite.TestRunCapAddALLDropNetAdminCanDownInterface	0.494s
PASS: docker_cli_run_test.go:3008: DockerSuite.TestRunCapAddCHOWN	0.534s
PASS: docker_cli_run_test.go:1043: DockerSuite.TestRunCapAddCanDownInterface	0.498s
PASS: docker_cli_run_test.go:1034: DockerSuite.TestRunCapAddInvalid	0.119s
PASS: docker_cli_run_test.go:3194: DockerSuite.TestRunCapAddSYSTIME	0.498s
PASS: docker_cli_run_test.go:1024: DockerSuite.TestRunCapDropALLAddMknodCanMknod	0.463s
PASS: docker_cli_run_test.go:1012: DockerSuite.TestRunCapDropALLCannotMknod	0.514s
PASS: docker_cli_run_test.go:986: DockerSuite.TestRunCapDropCannotMknod	0.492s
PASS: docker_cli_run_test.go:999: DockerSuite.TestRunCapDropCannotMknodLowerCase	0.483s
PASS: docker_cli_run_test.go:977: DockerSuite.TestRunCapDropInvalid	0.112s
PASS: docker_cli_run_test.go:1964: DockerSuite.TestRunCidFileCheckIDLength	0.339s
PASS: docker_cli_run_test.go:1933: DockerSuite.TestRunCidFileCleanupIfEmpty	0.027s
PASS: docker_cli_run_test.go:1695: DockerSuite.TestRunCleanupCmdOnEntrypoint	1.941s
PASS: docker_cli_run_test.go:3336: DockerSuite.TestRunContainerNetModeWithDNSMacHosts	0.364s
PASS: docker_cli_run_test.go:3360: DockerSuite.TestRunContainerNetModeWithExposePort	0.397s
PASS: docker_cli_run_test.go:922: DockerSuite.TestRunContainerNetwork	0.522s
PASS: docker_cli_run_test.go:3327: DockerSuite.TestRunContainerNetworkModeToSelf	0.062s
PASS: docker_cli_run_test.go:3311: DockerSuite.TestRunContainerWithCgroupMountRO	0.499s
PASS: docker_cli_run_test.go:3237: DockerSuite.TestRunContainerWithCgroupParent	1.055s
PASS: docker_cli_run_test.go:2734: DockerSuite.TestRunContainerWithReadonlyEtcHostsAndLinkedContainer	0.827s
PASS: docker_cli_run_test.go:2683: DockerSuite.TestRunContainerWithReadonlyRootfs	1.008s
PASS: docker_cli_run_test.go:2756: DockerSuite.TestRunContainerWithReadonlyRootfsWithAddHostFlag	0.513s
PASS: docker_cli_run_test.go:2746: DockerSuite.TestRunContainerWithReadonlyRootfsWithDNSFlag	0.494s
PASS: docker_cli_run_test.go:2793: DockerSuite.TestRunContainerWithRmFlagCannotStartContainer	0.474s
PASS: docker_cli_run_test.go:2779: DockerSuite.TestRunContainerWithRmFlagExitCodeNotEqualToZero	0.542s
PASS: docker_cli_run_test.go:2679: DockerSuite.TestRunContainerWithWritableRootfs	0.503s
PASS: docker_cli_run_test.go:1680: DockerSuite.TestRunCopyVolumeContent	1.903s
PASS: docker_cli_run_test.go:1662: DockerSuite.TestRunCopyVolumeUIDGID	3.976s
PASS: docker_cli_run_test.go:3202: DockerSuite.TestRunCreateContainerFailedCleanUp	0.078s
PASS: docker_cli_run_test.go:612: DockerSuite.TestRunCreateVolume	0.515s
PASS: docker_cli_run_test.go:2153: DockerSuite.TestRunCreateVolumeEtc	1.509s
PASS: docker_cli_run_test.go:622: DockerSuite.TestRunCreateVolumeWithSymlink	1.814s
PASS: docker_cli_run_test.go:378: DockerSuite.TestRunCreateVolumesInSymlinkDir	2.897s
PASS: docker_cli_run_test.go:422: DockerSuite.TestRunCreateVolumesInSymlinkDir2	3.001s
SKIP: docker_cli_run_test.go:4146: DockerSuite.TestRunCredentialSpecFailures (unmatched requirement DaemonIsWindows)
SKIP: docker_cli_run_test.go:4166: DockerSuite.TestRunCredentialSpecWellFormed (unmatched requirement DaemonIsWindows)
PASS: docker_cli_run_test.go:1254: DockerSuite.TestRunDNSDefaultOptions	0.510s
PASS: docker_cli_run_test.go:4004: DockerSuite.TestRunDNSInHostMode	1.635s
PASS: docker_cli_run_test.go:1288: DockerSuite.TestRunDNSOptions	0.960s
PASS: docker_cli_run_test.go:1322: DockerSuite.TestRunDNSOptionsBasedOnHostResolvConf	1.526s
PASS: docker_cli_run_test.go:1312: DockerSuite.TestRunDNSRepeatOptions	0.507s
PASS: docker_cli_run_test.go:2026: DockerSuite.TestRunDeallocatePortOnMissingIptablesRule	0.918s
PASS: docker_cli_run_test.go:121: DockerSuite.TestRunDetachedContainerIDPrinting	0.522s
SKIP: docker_cli_run_unix_test.go:83: DockerSuite.TestRunDeviceDirectory (Host does not have /dev/snd)
PASS: docker_cli_run_test.go:1141: DockerSuite.TestRunDeviceNumbers	0.511s
PASS: docker_cli_run_unix_test.go:1357: DockerSuite.TestRunDeviceSymlink	1.113s
PASS: docker_cli_run_test.go:1240: DockerSuite.TestRunDisallowBindMountingRootToRoot	0.048s
PASS: docker_cli_run_test.go:4173: DockerSuite.TestRunDuplicateMount	0.506s
PASS: docker_cli_run_test.go:51: DockerSuite.TestRunEchoNamedContainer	0.637s
PASS: docker_cli_run_test.go:43: DockerSuite.TestRunEchoStdout	0.515s
PASS: docker_cli_run_unix_test.go:538: DockerSuite.TestRunEchoStdoutWithCPUSharesAndMemoryLimit	0.533s
PASS: docker_cli_run_test.go:4259: DockerSuite.TestRunEmptyEnv	0.038s
PASS: docker_cli_run_test.go:1871: DockerSuite.TestRunEntrypoint	0.498s
PASS: docker_cli_run_test.go:817: DockerSuite.TestRunEnvironment	0.513s
PASS: docker_cli_run_test.go:856: DockerSuite.TestRunEnvironmentErase	0.555s
PASS: docker_cli_run_test.go:889: DockerSuite.TestRunEnvironmentOverride	0.538s
PASS: docker_cli_run_test.go:699: DockerSuite.TestRunExitCode	0.516s
PASS: docker_cli_run_test.go:90: DockerSuite.TestRunExitCodeOne	0.531s
PASS: docker_cli_run_test.go:85: DockerSuite.TestRunExitCodeZero	0.496s
PASS: docker_cli_run_test.go:1734: DockerSuite.TestRunExitOnStdinClose	0.546s
PASS: docker_cli_run_test.go:2289: DockerSuite.TestRunExposePort	0.018s
PASS: docker_cli_run_test.go:948: DockerSuite.TestRunFullHostnameSet	0.477s
PASS: docker_cli_run_test.go:1075: DockerSuite.TestRunGroupAdd	0.516s
PASS: docker_cli_run_test.go:4501: DockerSuite.TestRunHostnameFQDN	1.023s
PASS: docker_cli_run_test.go:4514: DockerSuite.TestRunHostnameInHostMode	0.334s
SKIP: docker_cli_run_test.go:4242: DockerSuite.TestRunHypervIsolationWithCPUCountCPUSharesAndCPUPercent (unmatched requirement DaemonIsWindows)
PASS: docker_cli_run_test.go:3726: DockerSuite.TestRunInitLayerPathOwnership	3.961s
PASS: docker_cli_run_test.go:2004: DockerSuite.TestRunInspectMacAddress	0.369s
PASS: docker_cli_run_test.go:1791: DockerSuite.TestRunInteractiveWithRestartPolicy	11.032s
PASS: docker_cli_run_unix_test.go:767: DockerSuite.TestRunInvalidCPUShares	0.622s
PASS: docker_cli_run_test.go:3272: DockerSuite.TestRunInvalidCgroupParent	1.083s
PASS: docker_cli_run_unix_test.go:729: DockerSuite.TestRunInvalidCpusetCpusFlagValue	0.018s
PASS: docker_cli_run_unix_test.go:748: DockerSuite.TestRunInvalidCpusetMemsFlagValue	0.016s
PASS: docker_cli_run_test.go:3714: DockerSuite.TestRunInvalidReference	0.012s
PASS: docker_cli_run_test.go:60: DockerSuite.TestRunLeakyFileDescriptors	0.510s
PASS: docker_cli_run_test.go:3381: DockerSuite.TestRunLinkToContainerNetMode	1.429s
PASS: docker_cli_run_test.go:193: DockerSuite.TestRunLinksContainerWithContainerID	0.819s
PASS: docker_cli_run_test.go:178: DockerSuite.TestRunLinksContainerWithContainerName	0.882s
PASS: docker_cli_run_test.go:72: DockerSuite.TestRunLookupGoogleDNS	0.871s
PASS: docker_cli_run_test.go:3391: DockerSuite.TestRunLoopbackOnlyExistsWhenNetworkingDisabled	0.394s
PASS: docker_cli_run_test.go:3417: DockerSuite.TestRunLoopbackWhenNetworkDisabled	0.413s
PASS: docker_cli_run_test.go:1199: DockerSuite.TestRunModeHostname	0.870s
PASS: docker_cli_run_test.go:2317: DockerSuite.TestRunModeIpcContainerNotExists	0.017s
PASS: docker_cli_run_test.go:2326: DockerSuite.TestRunModeIpcContainerNotRunning	0.164s
PASS: docker_cli_run_test.go:2295: DockerSuite.TestRunModeIpcHost	0.981s
PASS: docker_cli_run_test.go:3425: DockerSuite.TestRunModeNetContainerHostname	0.752s
PASS: docker_cli_run_test.go:2339: DockerSuite.TestRunModePIDContainer	0.863s
PASS: docker_cli_run_test.go:2364: DockerSuite.TestRunModePIDContainerNotExists	0.020s
PASS: docker_cli_run_test.go:2373: DockerSuite.TestRunModePIDContainerNotRunning	0.162s
PASS: docker_cli_run_test.go:2431: DockerSuite.TestRunModePIDHost	0.967s
PASS: docker_cli_run_test.go:2453: DockerSuite.TestRunModeUTSHost	1.018s
PASS: docker_cli_run_test.go:4321: DockerSuite.TestRunMount	4.945s
PASS: docker_cli_run_test.go:2082: DockerSuite.TestRunMountOrdering	0.499s
PASS: docker_cli_run_test.go:4309: DockerSuite.TestRunMountReadOnlyDevShm	0.486s
PASS: docker_cli_run_test.go:2386: DockerSuite.TestRunMountShmMqueueFromHost	0.835s
PASS: docker_cli_run_test.go:582: DockerSuite.TestRunMultipleVolumesFrom	1.536s
PASS: docker_cli_exec_test.go:395: DockerSuite.TestRunMutableNetworkFiles	2.139s
PASS: docker_cli_run_test.go:3214: DockerSuite.TestRunNamedVolume	1.561s
PASS: docker_cli_run_test.go:3858: DockerSuite.TestRunNamedVolumeCopyImageData	1.887s
PASS: docker_cli_run_test.go:3872: DockerSuite.TestRunNamedVolumeNotRemoved	1.141s
PASS: docker_cli_run_test.go:3889: DockerSuite.TestRunNamedVolumesFromNotRemoved	0.999s
PASS: docker_cli_run_test.go:3851: DockerSuite.TestRunNamedVolumesMountedAsShared	0.048s
PASS: docker_cli_run_test.go:2606: DockerSuite.TestRunNetContainerWhichHost	0.545s
PASS: docker_cli_run_test.go:2575: DockerSuite.TestRunNetHost	0.933s
PASS: docker_cli_run_test.go:931: DockerSuite.TestRunNetHostNotAllowedWithLinks	0.506s
PASS: docker_cli_run_test.go:2597: DockerSuite.TestRunNetHostTwiceSameName	0.673s
PASS: docker_cli_run_test.go:3069: DockerSuite.TestRunNetworkFilesBindMount	1.485s
PASS: docker_cli_run_test.go:3093: DockerSuite.TestRunNetworkFilesBindMountRO	1.488s
PASS: docker_cli_run_test.go:3115: DockerSuite.TestRunNetworkFilesBindMountROFilesystem	2.994s
PASS: docker_cli_run_test.go:3438: DockerSuite.TestRunNetworkNotInitializedNoneMode	0.321s
PASS: docker_cli_run_test.go:521: DockerSuite.TestRunNoDupVolumes	0.129s
PASS: docker_cli_run_unix_test.go:1144: DockerSuite.TestRunNoNewPrivSetuid	1.489s
PASS: docker_cli_run_test.go:2194: DockerSuite.TestRunNoOutputFromPullInStdout	0.998s
PASS: docker_cli_run_test.go:3663: DockerSuite.TestRunNonExecutableCmd	0.455s
PASS: docker_cli_run_test.go:3672: DockerSuite.TestRunNonExistingCmd	0.442s
PASS: docker_cli_run_test.go:3697: DockerSuite.TestRunNonExistingImage	1.009s
PASS: docker_cli_run_test.go:2558: DockerSuite.TestRunNonLocalMacAddress	0.509s
PASS: docker_cli_run_test.go:1404: DockerSuite.TestRunNonRootUserResolvName	0.865s
SKIP: docker_cli_run_unix_test.go:617: DockerSuite.TestRunOOMExitCode (unmatched requirement swapMemorySupport)
PASS: docker_cli_run_test.go:2806: DockerSuite.TestRunPIDHostWithChildIsKillable	0.547s
PASS: docker_cli_run_unix_test.go:1406: DockerSuite.TestRunPIDsLimit	0.518s
PASS: docker_cli_run_test.go:2494: DockerSuite.TestRunPortFromDockerRangeInUse	0.723s
PASS: docker_cli_run_test.go:2042: DockerSuite.TestRunPortInUse	0.457s
PASS: docker_cli_run_unix_test.go:1417: DockerSuite.TestRunPrivilegedAllowedDevices	0.426s
PASS: docker_cli_run_test.go:957: DockerSuite.TestRunPrivilegedCanMknod	0.461s
PASS: docker_cli_run_test.go:1086: DockerSuite.TestRunPrivilegedCanMount	0.445s
PASS: docker_cli_run_test.go:1125: DockerSuite.TestRunProcNotWritableInNonPrivilegedContainers	0.535s
PASS: docker_cli_run_test.go:1133: DockerSuite.TestRunProcWritableInPrivilegedContainers	0.482s
SKIP: docker_cli_run_test.go:4224: DockerSuite.TestRunProcessIsolationWithCPUCountCPUSharesAndCPUPercent (unmatched requirement DaemonIsWindows)
PASS: docker_cli_run_test.go:2983: DockerSuite.TestRunPublishPort	0.331s
PASS: docker_cli_run_test.go:2886: DockerSuite.TestRunReadFilteredProc	0.467s
SKIP: docker_cli_run_test.go:2865: DockerSuite.TestRunReadProcLatency (kernel doesn't have latency_stats configured)
PASS: docker_cli_run_test.go:2850: DockerSuite.TestRunReadProcTimer	0.510s
PASS: docker_cli_run_unix_test.go:34: DockerSuite.TestRunRedirectStdout	1.022s
SKIP: docker_cli_run_test.go:1426: DockerSuite.TestRunResolvconfUpdate (Unstable test, to be re-activated once #19937 is resolved)
PASS: docker_cli_run_test.go:2656: DockerSuite.TestRunRestartMaxRetries	2.301s
PASS: docker_cli_run_test.go:2127: DockerSuite.TestRunReuseBindVolumeThatIsSymlink	0.989s
PASS: docker_cli_run_test.go:4057: DockerSuite.TestRunRm	0.534s
PASS: docker_cli_run_test.go:4047: DockerSuite.TestRunRmAndWait	3.483s
PASS: docker_cli_run_test.go:4068: DockerSuite.TestRunRmPre125Api	0.537s
PASS: docker_cli_run_test.go:1220: DockerSuite.TestRunRootWorkdir	0.494s
PASS: docker_cli_run_unix_test.go:1050: DockerSuite.TestRunSeccompAllowPrivCloneUserns	3.271s
PASS: docker_cli_run_unix_test.go:1070: DockerSuite.TestRunSeccompAllowSetrlimit	1.327s
PASS: docker_cli_run_unix_test.go:1077: DockerSuite.TestRunSeccompDefaultProfileAcct	17.219s
PASS: docker_cli_run_unix_test.go:1107: DockerSuite.TestRunSeccompDefaultProfileNS	20.524s
PASS: docker_cli_run_unix_test.go:1062: DockerSuite.TestRunSeccompProfileAllow32Bit	1.341s
PASS: docker_cli_run_unix_test.go:952: DockerSuite.TestRunSeccompProfileDenyChmod	0.486s
PASS: docker_cli_run_unix_test.go:1025: DockerSuite.TestRunSeccompProfileDenyCloneUserns	1.491s
PASS: docker_cli_run_unix_test.go:923: DockerSuite.TestRunSeccompProfileDenyUnshare	1.304s
PASS: docker_cli_run_unix_test.go:987: DockerSuite.TestRunSeccompProfileDenyUnshareUserns	1.300s
PASS: docker_cli_run_unix_test.go:1037: DockerSuite.TestRunSeccompUnconfinedCloneUserns	1.284s
PASS: docker_cli_run_unix_test.go:1348: DockerSuite.TestRunSeccompWithDefaultProfile	1.486s
PASS: docker_cli_run_test.go:2648: DockerSuite.TestRunSetDefaultRestartPolicy	0.356s
PASS: docker_cli_run_test.go:1988: DockerSuite.TestRunSetMacAddress	0.496s
PASS: docker_cli_run_test.go:2238: DockerSuite.TestRunSlowStdoutConsumer	2.451s
PASS: docker_cli_run_test.go:1625: DockerSuite.TestRunState	0.905s
PASS: docker_cli_run_test.go:3617: DockerSuite.TestRunStdinBlockedAfterContainerExit	0.527s
PASS: docker_cli_run_test.go:97: DockerSuite.TestRunStdinPipe	0.550s
PASS: docker_cli_run_test.go:4132: DockerSuite.TestRunStoppedLoggingDriverNoLeak	0.163s
SKIP: docker_cli_run_unix_test.go:719: DockerSuite.TestRunSwapLessThanMemoryLimit (unmatched requirement swapMemorySupport)
PASS: docker_cli_run_test.go:1109: DockerSuite.TestRunSysNotWritableInNonPrivilegedContainers	0.503s
PASS: docker_cli_run_test.go:1117: DockerSuite.TestRunSysWritableInPrivilegedContainers	0.437s
PASS: docker_cli_run_unix_test.go:892: DockerSuite.TestRunSysctls	1.028s
PASS: docker_cli_run_test.go:2478: DockerSuite.TestRunTLSVerify	0.042s
PASS: docker_cli_run_test.go:2526: DockerSuite.TestRunTTYWithPipe	0.011s
PASS: docker_cli_run_test.go:1157: DockerSuite.TestRunThatCharacterDevicesActLikeCharacterDevices	0.505s
PASS: docker_cli_run_unix_test.go:819: DockerSuite.TestRunTmpfsMounts	1.719s
PASS: docker_cli_run_unix_test.go:811: DockerSuite.TestRunTmpfsMountsEnsureOrdered	0.507s
PASS: docker_cli_run_unix_test.go:840: DockerSuite.TestRunTmpfsMountsOverrideImageVolumes	2.283s
PASS: docker_cli_run_unix_test.go:852: DockerSuite.TestRunTmpfsMountsWithOptions	3.355s
PASS: docker_cli_run_test.go:795: DockerSuite.TestRunTwoConcurrentContainers	2.770s
PASS: docker_cli_run_test.go:967: DockerSuite.TestRunUnprivilegedCanMknod	0.576s
PASS: docker_cli_run_test.go:1096: DockerSuite.TestRunUnprivilegedCannotMount	0.508s
PASS: docker_cli_run_test.go:1166: DockerSuite.TestRunUnprivilegedWithChroot	0.517s
PASS: docker_cli_run_test.go:4080: DockerSuite.TestRunUnsetEntrypoint	3.757s
PASS: docker_cli_run_test.go:2925: DockerSuite.TestRunUnshareProc	6.329s
PASS: docker_cli_run_test.go:736: DockerSuite.TestRunUserByID	0.514s
PASS: docker_cli_run_test.go:746: DockerSuite.TestRunUserByIDBig	0.118s
PASS: docker_cli_run_test.go:759: DockerSuite.TestRunUserByIDNegative	0.114s
PASS: docker_cli_run_test.go:772: DockerSuite.TestRunUserByIDZero	0.516s
PASS: docker_cli_run_test.go:726: DockerSuite.TestRunUserByName	0.522s
PASS: docker_cli_run_test.go:715: DockerSuite.TestRunUserDefaults	0.526s
SKIP: docker_cli_run_unix_test.go:1426: DockerSuite.TestRunUserDeviceAllowed (Host does not have /dev/snd/timer)
PASS: docker_cli_run_test.go:785: DockerSuite.TestRunUserNotFound	0.124s
PASS: docker_cli_run_test.go:593: DockerSuite.TestRunVerifyContainerID	0.326s
PASS: docker_cli_run_test.go:3969: DockerSuite.TestRunVolumeCopyFlag	4.552s
PASS: docker_cli_run_test.go:3962: DockerSuite.TestRunVolumeWithOneCharacter	0.505s
PASS: docker_cli_run_test.go:2207: DockerSuite.TestRunVolumesCleanPaths	1.600s
PASS: docker_cli_run_test.go:473: DockerSuite.TestRunVolumesFromInReadWriteMode	1.575s
PASS: docker_cli_run_test.go:452: DockerSuite.TestRunVolumesFromInReadonlyModeFails	1.036s
PASS: docker_cli_run_test.go:2766: DockerSuite.TestRunVolumesFromRestartAfterRemoved	1.415s
PASS: docker_cli_run_test.go:658: DockerSuite.TestRunVolumesFromSymlinkPath	3.089s
PASS: docker_cli_run_test.go:446: DockerSuite.TestRunVolumesMountedAsReadonly	0.486s
PASS: docker_cli_run_test.go:3771: DockerSuite.TestRunVolumesMountedAsShared	0.464s
PASS: docker_cli_run_test.go:3802: DockerSuite.TestRunVolumesMountedAsSlave	0.452s
SKIP: docker_cli_run_test.go:4194: DockerSuite.TestRunWindowsWithCPUCount (unmatched requirement DaemonIsWindows)
SKIP: docker_cli_run_test.go:4214: DockerSuite.TestRunWindowsWithCPUPercent (unmatched requirement DaemonIsWindows)
SKIP: docker_cli_run_test.go:4204: DockerSuite.TestRunWindowsWithCPUShares (unmatched requirement DaemonIsWindows)
PASS: docker_cli_run_test.go:1856: DockerSuite.TestRunWithBadDevice	0.148s
PASS: docker_cli_run_unix_test.go:568: DockerSuite.TestRunWithBlkioWeight	0.535s
PASS: docker_cli_run_unix_test.go:458: DockerSuite.TestRunWithCPUQuota	0.609s
PASS: docker_cli_run_unix_test.go:526: DockerSuite.TestRunWithCPUShares	0.491s
PASS: docker_cli_run_unix_test.go:469: DockerSuite.TestRunWithCpuPeriod	1.092s
PASS: docker_cli_run_unix_test.go:546: DockerSuite.TestRunWithCpusetCpus	0.522s
PASS: docker_cli_run_unix_test.go:557: DockerSuite.TestRunWithCpusetMems	0.527s
PASS: docker_cli_run_test.go:341: DockerSuite.TestRunWithDaemonFlags	0.011s
PASS: docker_cli_run_unix_test.go:785: DockerSuite.TestRunWithDefaultShmSize	0.509s
PASS: docker_cli_run_unix_test.go:579: DockerSuite.TestRunWithInvalidBlkioWeight	0.015s
PASS: docker_cli_run_unix_test.go:483: DockerSuite.TestRunWithInvalidCpuPeriod	0.044s
PASS: docker_cli_run_unix_test.go:512: DockerSuite.TestRunWithInvalidKernelMemory	0.024s
PASS: docker_cli_run_test.go:2018: DockerSuite.TestRunWithInvalidMacAddress	0.011s
PASS: docker_cli_run_unix_test.go:593: DockerSuite.TestRunWithInvalidPathforBlkioDeviceReadBps	0.115s
PASS: docker_cli_run_unix_test.go:605: DockerSuite.TestRunWithInvalidPathforBlkioDeviceReadIOps	0.136s
PASS: docker_cli_run_unix_test.go:599: DockerSuite.TestRunWithInvalidPathforBlkioDeviceWriteBps	0.118s
PASS: docker_cli_run_unix_test.go:611: DockerSuite.TestRunWithInvalidPathforBlkioDeviceWriteIOps	0.116s
PASS: docker_cli_run_unix_test.go:587: DockerSuite.TestRunWithInvalidPathforBlkioWeightDevice	0.134s
PASS: docker_cli_run_unix_test.go:499: DockerSuite.TestRunWithKernelMemory	0.549s
PASS: docker_cli_run_unix_test.go:637: DockerSuite.TestRunWithMemoryLimit	0.556s
PASS: docker_cli_run_unix_test.go:682: DockerSuite.TestRunWithMemoryReservation	0.547s
PASS: docker_cli_run_unix_test.go:693: DockerSuite.TestRunWithMemoryReservationInvalid	0.031s
PASS: docker_cli_run_unix_test.go:1563: DockerSuite.TestRunWithNanoCPUs	0.549s
PASS: docker_cli_run_test.go:282: DockerSuite.TestRunWithNetAliasOnDefaultNetworks	0.171s
PASS: docker_cli_run_test.go:3743: DockerSuite.TestRunWithOomScoreAdj	0.509s
PASS: docker_cli_run_test.go:3754: DockerSuite.TestRunWithOomScoreAdjInvalidRange	0.039s
PASS: docker_cli_run_unix_test.go:798: DockerSuite.TestRunWithShmSize	0.519s
PASS: docker_cli_run_unix_test.go:660: DockerSuite.TestRunWithSwappiness	0.528s
PASS: docker_cli_run_unix_test.go:670: DockerSuite.TestRunWithSwappinessInvalid	0.029s
PASS: docker_cli_run_test.go:2829: DockerSuite.TestRunWithTooSmallMemoryLimit	0.017s
PASS: docker_cli_run_test.go:3226: DockerSuite.TestRunWithUlimits	0.498s
PASS: docker_cli_run_test.go:348: DockerSuite.TestRunWithVolumesFromExited	1.019s
PASS: docker_cli_run_unix_test.go:62: DockerSuite.TestRunWithVolumesIsRecursive	0.521s
SKIP: docker_cli_run_unix_test.go:653: DockerSuite.TestRunWithoutMemoryswapLimit (unmatched requirement swapMemorySupport)
PASS: docker_cli_run_test.go:159: DockerSuite.TestRunWithoutNetworking	0.426s
PASS: docker_cli_run_test.go:1720: DockerSuite.TestRunWorkdirExistsAndIsFile	0.059s
PASS: docker_cli_run_test.go:136: DockerSuite.TestRunWorkingDirectory	1.025s
PASS: docker_cli_run_test.go:3042: DockerSuite.TestRunWriteFilteredProc	0.476s
PASS: docker_cli_run_test.go:1808: DockerSuite.TestRunWriteSpecialFilesAndNotCommit	1.647s
PASS: docker_cli_run_test.go:2841: DockerSuite.TestRunWriteToProcAsound	0.482s
PASS: docker_cli_run_test.go:3640: DockerSuite.TestRunWrongCpusetCpusFlagValue	0.032s
PASS: docker_cli_run_test.go:3651: DockerSuite.TestRunWrongCpusetMemsFlagValue	0.016s
PASS: docker_cli_save_load_test.go:157: DockerSuite.TestSaveAndLoadRepoFlags	1.034s
PASS: docker_cli_save_load_unix_test.go:22: DockerSuite.TestSaveAndLoadRepoStdout	1.010s
PASS: docker_cli_save_load_unix_test.go:73: DockerSuite.TestSaveAndLoadWithProgressBar	1.065s
PASS: docker_cli_save_load_test.go:99: DockerSuite.TestSaveCheckTimes	0.048s
PASS: docker_cli_save_load_test.go:258: DockerSuite.TestSaveDirectoryPermissions	1.744s
PASS: docker_cli_save_load_test.go:118: DockerSuite.TestSaveImageId	0.085s
PASS: docker_cli_save_load_test.go:379: DockerSuite.TestSaveLoadNoTag	1.065s
PASS: docker_cli_save_load_test.go:340: DockerSuite.TestSaveLoadParents	2.072s
PASS: docker_cli_save_load_test.go:188: DockerSuite.TestSaveMultipleNames	0.048s
PASS: docker_cli_save_load_test.go:206: DockerSuite.TestSaveRepoWithMultipleImages	1.638s
PASS: docker_cli_save_load_test.go:84: DockerSuite.TestSaveSingleTag	0.068s
PASS: docker_cli_save_load_test.go:178: DockerSuite.TestSaveWithNoExistImage	0.012s
PASS: docker_cli_save_load_test.go:26: DockerSuite.TestSaveXzAndLoadRepoStdout	1.425s
PASS: docker_cli_save_load_test.go:55: DockerSuite.TestSaveXzGzAndLoadRepoStdout	1.980s
PASS: docker_cli_search_test.go:47: DockerSuite.TestSearchCmdOptions	4.253s
PASS: docker_cli_search_test.go:12: DockerSuite.TestSearchOnCentralRegistry	0.753s
PASS: docker_cli_search_test.go:96: DockerSuite.TestSearchOnCentralRegistryWithDash	0.680s
PASS: docker_cli_search_test.go:19: DockerSuite.TestSearchStarsOptionWithWrongParameter	0.094s
PASS: docker_cli_search_test.go:103: DockerSuite.TestSearchWithLimit	1.801s
PASS: docker_cli_run_test.go:4278: DockerSuite.TestSlowStdinClosing	2.080s
PASS: docker_cli_start_test.go:44: DockerSuite.TestStartAttachCorrectExitCode	4.990s
PASS: docker_cli_start_test.go:145: DockerSuite.TestStartAttachMultipleContainers	1.658s
PASS: docker_cli_start_test.go:15: DockerSuite.TestStartAttachReturnsOnError	0.702s
PASS: docker_cli_start_test.go:57: DockerSuite.TestStartAttachSilent	1.010s
PASS: docker_cli_start_test.go:174: DockerSuite.TestStartAttachWithRename	2.600s
PASS: docker_cli_start_test.go:109: DockerSuite.TestStartMultipleContainers	1.364s
PASS: docker_cli_start_test.go:94: DockerSuite.TestStartPausedContainer	0.394s
PASS: docker_cli_start_test.go:69: DockerSuite.TestStartRecordError	1.023s
PASS: docker_cli_start_test.go:189: DockerSuite.TestStartReturnCorrectExitCode	1.270s
PASS: docker_cli_stats_test.go:122: DockerSuite.TestStatsAllNewContainersAdded	1.206s
PASS: docker_cli_stats_test.go:93: DockerSuite.TestStatsAllNoStream	2.608s
PASS: docker_cli_stats_test.go:57: DockerSuite.TestStatsAllRunningNoStream	2.769s
PASS: docker_cli_stats_test.go:44: DockerSuite.TestStatsContainerNotFound	3.027s
PASS: docker_cli_stats_test.go:163: DockerSuite.TestStatsFormatAll	4.552s
PASS: docker_cli_stats_test.go:15: DockerSuite.TestStatsNoStream	2.774s
PASS: docker_cli_run_unix_test.go:707: DockerSuite.TestStopContainerSignal	1.528s
PASS: docker_cli_top_test.go:11: DockerSuite.TestTopMultipleArgs	0.361s
PASS: docker_cli_top_test.go:26: DockerSuite.TestTopNonPrivileged	0.605s
PASS: docker_cli_top_test.go:61: DockerSuite.TestTopPrivileged	0.573s
SKIP: docker_cli_top_test.go:50: DockerSuite.TestTopWindowsCoreProcesses (unmatched requirement DaemonIsWindows)
PASS: docker_cli_run_test.go:3450: DockerSuite.TestTwoContainersInNetHost	0.701s
PASS: docker_cli_port_test.go:212: DockerSuite.TestUnpublishedPortsInPsOutput	2.235s
PASS: docker_cli_health_test.go:147: DockerSuite.TestUnsetEnvVarHealthCheck	4.410s
PASS: docker_cli_update_unix_test.go:103: DockerSuite.TestUpdateContainerInvalidValue	0.403s
PASS: docker_cli_update_unix_test.go:115: DockerSuite.TestUpdateContainerWithoutFlags	0.374s
SKIP: docker_cli_update_unix_test.go:202: DockerSuite.TestUpdateInvalidSwapMemory (unmatched requirement swapMemorySupport)
PASS: docker_cli_update_unix_test.go:125: DockerSuite.TestUpdateKernelMemory	0.498s
PASS: docker_cli_update_unix_test.go:139: DockerSuite.TestUpdateKernelMemoryUninitialized	1.160s
SKIP: docker_cli_update_unix_test.go:258: DockerSuite.TestUpdateMemoryWithSwapMemory (unmatched requirement swapMemorySupport)
PASS: docker_cli_update_unix_test.go:272: DockerSuite.TestUpdateNotAffectMonitorRestartPolicy	0.905s
PASS: docker_cli_update_unix_test.go:68: DockerSuite.TestUpdatePausedContainer	0.514s
PASS: docker_cli_update_unix_test.go:22: DockerSuite.TestUpdateRunningContainer	0.513s
PASS: docker_cli_update_unix_test.go:37: DockerSuite.TestUpdateRunningContainerWithRestart	1.064s
PASS: docker_cli_update_unix_test.go:227: DockerSuite.TestUpdateStats	3.823s
PASS: docker_cli_update_unix_test.go:53: DockerSuite.TestUpdateStoppedContainer	1.021s
SKIP: docker_cli_update_unix_test.go:186: DockerSuite.TestUpdateSwapMemoryOnly (unmatched requirement swapMemorySupport)
PASS: docker_cli_update_unix_test.go:300: DockerSuite.TestUpdateWithNanoCPUs	0.639s
PASS: docker_cli_update_unix_test.go:85: DockerSuite.TestUpdateWithUntouchedFields	0.492s
PASS: docker_cli_run_test.go:293: DockerSuite.TestUserDefinedNetworkAlias	2.322s
PASS: docker_cli_network_unix_test.go:1536: DockerSuite.TestUserDefinedNetworkConnectDisconnectAlias	2.060s
PASS: docker_cli_network_unix_test.go:1462: DockerSuite.TestUserDefinedNetworkConnectDisconnectLink	1.607s
PASS: docker_cli_network_unix_test.go:1591: DockerSuite.TestUserDefinedNetworkConnectivity	1.143s
PASS: docker_cli_run_test.go:208: DockerSuite.TestUserDefinedNetworkLinks	1.962s
PASS: docker_cli_run_test.go:244: DockerSuite.TestUserDefinedNetworkLinksWithRestart	2.680s
PASS: docker_cli_run_unix_test.go:1168: DockerSuite.TestUserNoEffectiveCapabilitiesChown	1.543s
PASS: docker_cli_run_unix_test.go:1289: DockerSuite.TestUserNoEffectiveCapabilitiesChroot	1.798s
PASS: docker_cli_run_unix_test.go:1186: DockerSuite.TestUserNoEffectiveCapabilitiesDacOverride	1.025s
PASS: docker_cli_run_unix_test.go:1199: DockerSuite.TestUserNoEffectiveCapabilitiesFowner	1.010s
PASS: docker_cli_run_unix_test.go:1307: DockerSuite.TestUserNoEffectiveCapabilitiesMknod	1.507s
PASS: docker_cli_run_unix_test.go:1253: DockerSuite.TestUserNoEffectiveCapabilitiesNetBindService	6.174s
PASS: docker_cli_run_unix_test.go:1271: DockerSuite.TestUserNoEffectiveCapabilitiesNetRaw	5.930s
PASS: docker_cli_run_unix_test.go:1233: DockerSuite.TestUserNoEffectiveCapabilitiesSetgid	5.990s
PASS: docker_cli_run_unix_test.go:1215: DockerSuite.TestUserNoEffectiveCapabilitiesSetuid	6.014s
PASS: docker_cli_volume_test.go:22: DockerSuite.TestVolumeCLICreate	15.060s
PASS: docker_cli_volume_test.go:298: DockerSuite.TestVolumeCLICreateLabel	0.026s
PASS: docker_cli_volume_test.go:310: DockerSuite.TestVolumeCLICreateLabelMultiple	0.037s
PASS: docker_cli_volume_test.go:274: DockerSuite.TestVolumeCLICreateWithOpts	0.543s
PASS: docker_cli_volume_test.go:38: DockerSuite.TestVolumeCLIInspect	0.077s
PASS: docker_cli_volume_test.go:55: DockerSuite.TestVolumeCLIInspectMulti	0.052s
PASS: docker_cli_volume_test.go:264: DockerSuite.TestVolumeCLIInspectTmplError	0.025s
PASS: docker_cli_volume_test.go:72: DockerSuite.TestVolumeCLILs	0.547s
PASS: docker_cli_volume_test.go:193: DockerSuite.TestVolumeCLILsErrorWithInvalidFilterName	0.019s
PASS: docker_cli_volume_test.go:143: DockerSuite.TestVolumeCLILsFilterDangling	0.680s
PASS: docker_cli_volume_test.go:367: DockerSuite.TestVolumeCLILsFilterDrivers	0.074s
PASS: docker_cli_volume_test.go:337: DockerSuite.TestVolumeCLILsFilterLabels	0.071s
PASS: docker_cli_volume_test.go:199: DockerSuite.TestVolumeCLILsWithIncorrectFilterValue	0.013s
PASS: docker_cli_volume_test.go:241: DockerSuite.TestVolumeCLINoArgs	0.037s
PASS: docker_cli_volume_test.go:205: DockerSuite.TestVolumeCLIRm	1.690s
PASS: docker_cli_volume_test.go:406: DockerSuite.TestVolumeCLIRmForce	0.082s
PASS: docker_cli_volume_test.go:430: DockerSuite.TestVolumeCLIRmForceInUse	0.170s
PASS: docker_cli_volume_test.go:398: DockerSuite.TestVolumeCLIRmForceUsage	0.040s
PASS: docker_cli_volume_test.go:468: DockerSuite.TestVolumeCliInspectWithVolumeOpts	0.052s
PASS: docker_cli_events_unix_test.go:168: DockerSuite.TestVolumeEvents	0.583s
PASS: docker_cli_run_test.go:3019: DockerSuite.TestVolumeFromMixedRWOptions	1.605s
PASS: docker_cli_volume_test.go:85: DockerSuite.TestVolumeLsFormat	0.054s
PASS: docker_cli_volume_test.go:94: DockerSuite.TestVolumeLsFormatDefaultFormat	0.054s
PASS: docker_cli_run_test.go:496: DockerSuite.TestVolumesFromGetsProperMode	2.047s
PASS: docker_cli_run_test.go:2174: DockerSuite.TestVolumesNoCopyData	3.905s
SKIP: docker_cli_run_test.go:4537: DockerSuite.TestWindowsRunAsSystem (unmatched requirement DaemonIsWindowsAtLeastBuild.func1)
PASS: docker_cli_by_digest_test.go:184: DockerRegistrySuite.TestBuildByDigest	2.197s
PASS: docker_api_build_test.go:327: DockerRegistrySuite.TestBuildCopyFromForcePull	1.857s
PASS: docker_cli_build_test.go:5791: DockerRegistrySuite.TestBuildMultiStageImplicitPull	2.381s
PASS: docker_cli_pull_local_test.go:197: DockerRegistrySuite.TestConcurrentPullMultipleTags	7.102s
PASS: docker_cli_push_test.go:199: DockerRegistrySuite.TestConcurrentPush	8.094s
PASS: docker_cli_by_digest_test.go:130: DockerRegistrySuite.TestCreateByDigest	1.264s
PASS: docker_cli_push_test.go:207: DockerRegistrySuite.TestCrossRepositoryLayerPush	0.811s
PASS: docker_cli_by_digest_test.go:447: DockerRegistrySuite.TestDeleteImageByIDOnlyPulledByDigest	1.024s
PASS: docker_cli_by_digest_test.go:493: DockerRegistrySuite.TestDeleteImageWithDigestAndMultiRepoTag	1.867s
PASS: docker_cli_by_digest_test.go:466: DockerRegistrySuite.TestDeleteImageWithDigestAndTag	1.839s
PASS: docker_cli_events_test.go:545: DockerRegistrySuite.TestEventsImageFilterPush	1.839s
PASS: docker_cli_by_digest_test.go:391: DockerRegistrySuite.TestInspectImageWithDigests	1.811s
PASS: docker_cli_by_digest_test.go:318: DockerRegistrySuite.TestListDanglingImagesWithDigests	1.959s
PASS: docker_cli_by_digest_test.go:241: DockerRegistrySuite.TestListImagesWithDigests	2.808s
PASS: docker_cli_by_digest_test.go:228: DockerRegistrySuite.TestListImagesWithoutDigests	1.868s
PASS: docker_cli_by_digest_test.go:410: DockerRegistrySuite.TestPsListContainersFilterAncestorImageByDigest	3.582s
PASS: docker_cli_by_digest_test.go:105: DockerRegistrySuite.TestPullByDigest	1.150s
PASS: docker_cli_by_digest_test.go:122: DockerRegistrySuite.TestPullByDigestNoFallback	0.019s
PASS: docker_cli_by_digest_test.go:79: DockerRegistrySuite.TestPullByTagDisplaysDigest	1.715s
PASS: docker_cli_by_digest_test.go:612: DockerRegistrySuite.TestPullFailsWithAlteredLayer	0.878s
PASS: docker_cli_by_digest_test.go:530: DockerRegistrySuite.TestPullFailsWithAlteredManifest	0.848s
PASS: docker_cli_pull_local_test.go:258: DockerRegistrySuite.TestPullIDStability	5.041s
PASS: docker_cli_pull_local_test.go:54: DockerRegistrySuite.TestPullImageWithAliases	0.305s
PASS: docker_cli_pull_local_test.go:286: DockerRegistrySuite.TestPullManifestList	1.385s
PASS: docker_cli_pull_local_test.go:278: DockerRegistrySuite.TestPullNoLayers	0.586s
PASS: docker_cli_push_test.go:69: DockerRegistrySuite.TestPushBadTag	0.013s
PASS: docker_cli_push_test.go:29: DockerRegistrySuite.TestPushBusyboxImage	0.188s
PASS: docker_cli_push_test.go:145: DockerRegistrySuite.TestPushEmptyLayer	0.161s
PASS: docker_cli_push_test.go:114: DockerRegistrySuite.TestPushMultipleTags	0.227s
PASS: docker_cli_push_test.go:52: DockerRegistrySuite.TestPushUntagged	0.013s
PASS: docker_cli_by_digest_test.go:161: DockerRegistrySuite.TestRemoveImageByDigest	1.046s
PASS: docker_cli_by_digest_test.go:143: DockerRegistrySuite.TestRunByDigest	2.289s
PASS: docker_cli_pull_local_test.go:451: DockerRegistrySuite.TestRunImplicitPullWithNoTag	0.753s
PASS: docker_cli_by_digest_test.go:209: DockerRegistrySuite.TestTagByDigest	1.476s
PASS: docker_cli_registry_user_agent_test.go:73: DockerRegistrySuite.TestUserAgentPassThrough	0.845s
PASS: docker_cli_v2_only_test.go:27: DockerRegistrySuite.TestV2Only	0.673s
PASS: docker_cli_pull_local_test.go:201: DockerSchema1RegistrySuite.TestConcurrentPullMultipleTags	7.393s
PASS: docker_cli_push_test.go:203: DockerSchema1RegistrySuite.TestConcurrentPush	8.089s
PASS: docker_cli_push_test.go:248: DockerSchema1RegistrySuite.TestCrossRepositoryLayerPushNotSupported	0.943s
PASS: docker_cli_by_digest_test.go:109: DockerSchema1RegistrySuite.TestPullByDigest	1.138s
PASS: docker_cli_by_digest_test.go:126: DockerSchema1RegistrySuite.TestPullByDigestNoFallback	0.017s
PASS: docker_cli_by_digest_test.go:83: DockerSchema1RegistrySuite.TestPullByTagDisplaysDigest	1.736s
PASS: docker_cli_by_digest_test.go:655: DockerSchema1RegistrySuite.TestPullFailsWithAlteredLayer	0.885s
PASS: docker_cli_by_digest_test.go:570: DockerSchema1RegistrySuite.TestPullFailsWithAlteredManifest	0.875s
PASS: docker_cli_pull_local_test.go:262: DockerSchema1RegistrySuite.TestPullIDStability	5.062s
PASS: docker_cli_pull_local_test.go:58: DockerSchema1RegistrySuite.TestPullImageWithAliases	0.346s
PASS: docker_cli_pull_local_test.go:282: DockerSchema1RegistrySuite.TestPullNoLayers	0.994s
PASS: docker_cli_push_test.go:73: DockerSchema1RegistrySuite.TestPushBadTag	0.013s
PASS: docker_cli_push_test.go:33: DockerSchema1RegistrySuite.TestPushBusyboxImage	0.207s
PASS: docker_cli_push_test.go:149: DockerSchema1RegistrySuite.TestPushEmptyLayer	0.161s
PASS: docker_cli_push_test.go:118: DockerSchema1RegistrySuite.TestPushMultipleTags	0.273s
PASS: docker_cli_push_test.go:56: DockerSchema1RegistrySuite.TestPushUntagged	0.013s
PASS: docker_cli_build_test.go:5001: DockerRegistryAuthHtpasswdSuite.TestBuildFromAuthenticatedRegistry	1.522s
PASS: docker_cli_build_test.go:5019: DockerRegistryAuthHtpasswdSuite.TestBuildWithExternalAuth	0.392s
PASS: docker_cli_login_test.go:22: DockerRegistryAuthHtpasswdSuite.TestLoginToPrivateRegistry	0.052s
PASS: docker_cli_logout_test.go:15: DockerRegistryAuthHtpasswdSuite.TestLogoutWithExternalAuth	1.011s
PASS: docker_cli_logout_test.go:67: DockerRegistryAuthHtpasswdSuite.TestLogoutWithWrongHostnamesStored	0.109s
PASS: docker_cli_pull_local_test.go:415: DockerRegistryAuthHtpasswdSuite.TestPullWithExternalAuth	0.300s
PASS: docker_cli_pull_local_test.go:370: DockerRegistryAuthHtpasswdSuite.TestPullWithExternalAuthLoginWithScheme	0.434s
PASS: docker_cli_push_test.go:281: DockerRegistryAuthHtpasswdSuite.TestPushNoCredentialsNoRetry	0.037s
PASS: docker_cli_push_test.go:343: DockerRegistryAuthTokenSuite.TestPushMisconfiguredTokenServiceResponseError	5.141s
PASS: docker_cli_push_test.go:371: DockerRegistryAuthTokenSuite.TestPushMisconfiguredTokenServiceResponseNoToken	0.139s
PASS: docker_cli_push_test.go:330: DockerRegistryAuthTokenSuite.TestPushMisconfiguredTokenServiceResponseUnauthorized	0.139s
PASS: docker_cli_push_test.go:358: DockerRegistryAuthTokenSuite.TestPushMisconfiguredTokenServiceResponseUnparsable	0.138s
PASS: docker_cli_push_test.go:318: DockerRegistryAuthTokenSuite.TestPushTokenServiceUnauthResponse	0.140s
PASS: docker_cli_daemon_test.go:1745: DockerDaemonSuite.TestBridgeIPIsExcludedFromAllocatorPool	3.770s
PASS: docker_cli_daemon_test.go:2374: DockerDaemonSuite.TestBuildOnDisabledBridgeNetworkDaemon	1.206s
PASS: docker_cli_proxy_test.go:23: DockerDaemonSuite.TestCLIProxyProxyTCPSock	0.540s
PASS: docker_cli_daemon_test.go:1432: DockerDaemonSuite.TestCleanupMountsAfterDaemonAndContainerKill	1.847s
PASS: docker_cli_daemon_test.go:2005: DockerDaemonSuite.TestCleanupMountsAfterDaemonCrash	1.784s
PASS: docker_cli_daemon_test.go:1470: DockerDaemonSuite.TestCleanupMountsAfterGracefulShutdown	1.270s
PASS: docker_cli_daemon_test.go:523: DockerDaemonSuite.TestDaemonAllocatesListeningPort	1.036s
PASS: docker_cli_daemon_test.go:582: DockerDaemonSuite.TestDaemonBridgeExternal	1.874s
PASS: docker_cli_daemon_test.go:752: DockerDaemonSuite.TestDaemonBridgeFixedCIDREqualBridgeNetwork	1.811s
PASS: docker_cli_daemon_test.go:704: DockerDaemonSuite.TestDaemonBridgeFixedCidr	2.376s
PASS: docker_cli_daemon_test.go:727: DockerDaemonSuite.TestDaemonBridgeFixedCidr2	2.436s
PASS: docker_cli_daemon_test.go:642: DockerDaemonSuite.TestDaemonBridgeIP	1.830s
PASS: docker_cli_daemon_test.go:612: DockerDaemonSuite.TestDaemonBridgeNone	1.242s
PASS: docker_cli_daemon_test.go:1857: DockerDaemonSuite.TestDaemonCgroupParent	1.764s
PASS: docker_cli_daemon_test.go:1669: DockerDaemonSuite.TestDaemonCorruptedFluentdAddress	0.041s
PASS: docker_cli_daemon_test.go:1661: DockerDaemonSuite.TestDaemonCorruptedLogDriverAddress	0.040s
PASS: docker_cli_daemon_test.go:2389: DockerDaemonSuite.TestDaemonDNSFlagsInHostMode	1.071s
PASS: docker_cli_daemon_test.go:2185: DockerDaemonSuite.TestDaemonDebugLog	0.514s
PASS: docker_cli_daemon_test.go:791: DockerDaemonSuite.TestDaemonDefaultGatewayIPv4Explicit	1.794s
PASS: docker_cli_daemon_test.go:813: DockerDaemonSuite.TestDaemonDefaultGatewayIPv4ExplicitOutsideContainerSubnet	1.263s
PASS: docker_cli_daemon_test.go:770: DockerDaemonSuite.TestDaemonDefaultGatewayIPv4Implicit	1.873s
PASS: docker_cli_daemon_test.go:824: DockerDaemonSuite.TestDaemonDefaultNetworkInvalidClusterConfig	1.055s
PASS: docker_cli_daemon_test.go:2205: DockerDaemonSuite.TestDaemonDiscoveryBackendConfigReload	0.544s
PASS: docker_cli_events_unix_test.go:391: DockerDaemonSuite.TestDaemonEvents	3.551s
PASS: docker_cli_events_unix_test.go:460: DockerDaemonSuite.TestDaemonEventsWithFilters	3.591s
PASS: docker_cli_daemon_test.go:567: DockerDaemonSuite.TestDaemonExitOnFailure	0.043s
PASS: docker_cli_daemon_test.go:496: DockerDaemonSuite.TestDaemonFlagD	0.510s
PASS: docker_cli_daemon_test.go:505: DockerDaemonSuite.TestDaemonFlagDebug	0.509s
PASS: docker_cli_daemon_test.go:514: DockerDaemonSuite.TestDaemonFlagDebugLogLevelFatal	0.515s
PASS: docker_cli_daemon_test.go:906: DockerDaemonSuite.TestDaemonICCLinkExpose	2.203s
SKIP: docker_cli_daemon_test.go:870: DockerDaemonSuite.TestDaemonICCPing (unmatched requirement bridgeNfIptables)
PASS: docker_cli_daemon_test.go:841: DockerDaemonSuite.TestDaemonIP	1.938s
SKIP: docker_cli_daemon_test.go:355: DockerDaemonSuite.TestDaemonIPv6Enabled (unmatched requirement IPv6)
PASS: docker_cli_daemon_test.go:414: DockerDaemonSuite.TestDaemonIPv6FixedCIDR	1.207s
PASS: docker_cli_daemon_test.go:441: DockerDaemonSuite.TestDaemonIPv6FixedCIDRAndMac	1.186s
PASS: docker_cli_daemon_test.go:460: DockerDaemonSuite.TestDaemonIPv6HostMode	1.086s
PASS: docker_cli_daemon_test.go:293: DockerDaemonSuite.TestDaemonIptablesClean	1.292s
PASS: docker_cli_daemon_test.go:311: DockerDaemonSuite.TestDaemonIptablesCreate	1.777s
PASS: docker_cli_daemon_test.go:547: DockerDaemonSuite.TestDaemonKeyGeneration	0.520s
PASS: docker_cli_daemon_plugins_test.go:72: DockerDaemonSuite.TestDaemonKillLiveRestoreWithPlugins	5.573s
PASS: docker_cli_daemon_plugins_test.go:161: DockerDaemonSuite.TestDaemonKillWithPlugins	5.886s
time="2018-12-21T19:35:35Z" level=warning msg="Running modprobe nf_nat failed with message: ``, error: exec: \"modprobe\": executable file not found in $PATH"
time="2018-12-21T19:35:35Z" level=warning msg="Running modprobe xt_conntrack failed with message: ``, error: exec: \"modprobe\": executable file not found in $PATH"
PASS: docker_cli_daemon_test.go:932: DockerDaemonSuite.TestDaemonLinksIpTablesRulesWhenLinkAndUnlink	2.484s
PASS: docker_cli_daemon_test.go:477: DockerDaemonSuite.TestDaemonLogLevelDebug	0.510s
PASS: docker_cli_daemon_test.go:486: DockerDaemonSuite.TestDaemonLogLevelFatal	0.510s
PASS: docker_cli_daemon_test.go:473: DockerDaemonSuite.TestDaemonLogLevelWrong	0.035s
PASS: docker_cli_daemon_test.go:2251: DockerDaemonSuite.TestDaemonLogOptions	1.060s
PASS: docker_cli_daemon_test.go:1031: DockerDaemonSuite.TestDaemonLoggingDriverDefault	1.261s
PASS: docker_cli_daemon_test.go:1069: DockerDaemonSuite.TestDaemonLoggingDriverDefaultOverride	1.262s
PASS: docker_cli_daemon_test.go:1086: DockerDaemonSuite.TestDaemonLoggingDriverNone	1.243s
PASS: docker_cli_daemon_test.go:1143: DockerDaemonSuite.TestDaemonLoggingDriverNoneLogsError	1.214s
PASS: docker_cli_daemon_test.go:1103: DockerDaemonSuite.TestDaemonLoggingDriverNoneOverride	1.277s
PASS: docker_cli_daemon_test.go:1155: DockerDaemonSuite.TestDaemonLoggingDriverShouldBeIgnoredForBuild	2.085s
PASS: docker_cli_daemon_test.go:2264: DockerDaemonSuite.TestDaemonMaxConcurrency	0.511s
PASS: docker_cli_daemon_test.go:2276: DockerDaemonSuite.TestDaemonMaxConcurrencyWithConfigFile	3.519s
PASS: docker_cli_daemon_test.go:2317: DockerDaemonSuite.TestDaemonMaxConcurrencyWithConfigFileReload	6.511s
PASS: docker_cli_daemon_test.go:1772: DockerDaemonSuite.TestDaemonNoSpaceLeftOnDeviceError	4.878s
PASS: docker_cli_daemon_test.go:1503: DockerDaemonSuite.TestDaemonRestartCleanupNetns	1.816s
PASS: docker_cli_daemon_test.go:1799: DockerDaemonSuite.TestDaemonRestartContainerLinksRestart	6.945s

----------------------------------------------------------------------
FAIL: docker_cli_daemon_test.go:2966: DockerDaemonSuite.TestDaemonRestartIpcMode

[d146f274be974] waiting for daemon to start
[d146f274be974] daemon started

docker_cli_daemon_test.go:2983:
    c.Assert(m, checker.Equals, "private")
... obtained string = "shareable"
... expected string = "private"

[d146f274be974] exiting daemon

----------------------------------------------------------------------
PASS: docker_cli_daemon_test.go:1244: DockerDaemonSuite.TestDaemonRestartKillWait	1.798s
PASS: docker_cli_daemon_test.go:1649: DockerDaemonSuite.TestDaemonRestartLocalVolumes	1.064s
PASS: docker_cli_daemon_test.go:170: DockerDaemonSuite.TestDaemonRestartOnFailure	3.581s
PASS: docker_cli_daemon_test.go:1013: DockerDaemonSuite.TestDaemonRestartRenameContainer	2.094s
PASS: docker_cli_network_unix_test.go:1667: DockerDaemonSuite.TestDaemonRestartRestoreBridgeNetwork	3.623s
PASS: docker_cli_daemon_test.go:1636: DockerDaemonSuite.TestDaemonRestartRmVolumeInUse	1.301s
PASS: docker_cli_daemon_test.go:2604: DockerDaemonSuite.TestDaemonRestartSaveContainerExitCode	1.738s
PASS: docker_cli_daemon_test.go:120: DockerDaemonSuite.TestDaemonRestartUnlessStopped	3.720s
PASS: docker_cli_daemon_test.go:2580: DockerDaemonSuite.TestDaemonRestartWithAutoRemoveContainer	2.275s
PASS: docker_cli_daemon_test.go:684: DockerDaemonSuite.TestDaemonRestartWithBridgeIPChange	1.553s
PASS: docker_cli_daemon_test.go:1490: DockerDaemonSuite.TestDaemonRestartWithContainerRunning	1.798s
PASS: docker_cli_daemon_test.go:1564: DockerDaemonSuite.TestDaemonRestartWithContainerWithRestartPolicyAlways	1.814s
SKIP: docker_cli_daemon_test.go:224: DockerDaemonSuite.TestDaemonRestartWithIncreasedBasesize (unmatched requirement Devicemapper)
SKIP: docker_cli_daemon_test.go:204: DockerDaemonSuite.TestDaemonRestartWithInvalidBasesize (unmatched requirement Devicemapper)
PASS: docker_cli_daemon_test.go:1955: DockerDaemonSuite.TestDaemonRestartWithKilledRunningContainer	2.650s
PASS: docker_cli_daemon_test.go:1884: DockerDaemonSuite.TestDaemonRestartWithLinks	3.079s
PASS: docker_cli_daemon_test.go:1907: DockerDaemonSuite.TestDaemonRestartWithNames	2.268s
PASS: docker_cli_daemon_test.go:1603: DockerDaemonSuite.TestDaemonRestartWithPausedContainer	2.077s
PASS: docker_cli_daemon_plugins_test.go:45: DockerDaemonSuite.TestDaemonRestartWithPluginDisabled	4.736s
PASS: docker_cli_daemon_plugins_test.go:16: DockerDaemonSuite.TestDaemonRestartWithPluginEnabled	6.157s
PASS: docker_cli_daemon_test.go:60: DockerDaemonSuite.TestDaemonRestartWithRunningContainersPorts	2.263s
PASS: docker_cli_daemon_test.go:1420: DockerDaemonSuite.TestDaemonRestartWithSocketAsVolume	2.284s
PASS: docker_cli_daemon_test.go:2052: DockerDaemonSuite.TestDaemonRestartWithUnpausedRunningContainer	1.884s
PASS: docker_cli_daemon_test.go:94: DockerDaemonSuite.TestDaemonRestartWithVolumesRefs	2.371s
PASS: docker_cli_daemon_plugins_test.go:98: DockerDaemonSuite.TestDaemonShutdownLiveRestoreWithPlugins	5.610s
PASS: docker_cli_daemon_test.go:2676: DockerDaemonSuite.TestDaemonShutdownTimeout	1.261s
PASS: docker_cli_daemon_test.go:2697: DockerDaemonSuite.TestDaemonShutdownTimeoutWithConfigFile	3.510s
PASS: docker_cli_daemon_plugins_test.go:123: DockerDaemonSuite.TestDaemonShutdownWithPlugins	6.989s
PASS: docker_cli_daemon_test.go:277: DockerDaemonSuite.TestDaemonStartBridgeWithoutIPAssociation	1.037s
PASS: docker_cli_daemon_test.go:199: DockerDaemonSuite.TestDaemonStartIptablesFalse	0.510s
PASS: docker_cli_daemon_test.go:1686: DockerDaemonSuite.TestDaemonStartWithDefaultTLSHost	0.538s
PASS: docker_cli_daemon_test.go:2941: DockerDaemonSuite.TestDaemonStartWithIpcModes	2.273s
PASS: docker_cli_daemon_test.go:2135: DockerDaemonSuite.TestDaemonStartWithoutColors	1.029s
PASS: docker_cli_daemon_test.go:1677: DockerDaemonSuite.TestDaemonStartWithoutHost	0.510s
PASS: docker_cli_daemon_test.go:1541: DockerDaemonSuite.TestDaemonTLSVerifyIssue13964	0.523s
PASS: docker_cli_daemon_test.go:965: DockerDaemonSuite.TestDaemonUlimitDefaults	2.237s
PASS: docker_cli_daemon_test.go:1170: DockerDaemonSuite.TestDaemonUnixSockCleanedUp	0.520s
PASS: docker_cli_userns_test.go:24: DockerDaemonSuite.TestDaemonUserNamespaceRootSetting	1.466s
PASS: docker_cli_daemon_test.go:1587: DockerDaemonSuite.TestDaemonWideLogConfig	1.110s
PASS: docker_cli_daemon_test.go:2645: DockerDaemonSuite.TestDaemonWithUserlandProxyPath	2.955s
PASS: docker_cli_daemon_test.go:1191: DockerDaemonSuite.TestDaemonWithWrongkey	0.562s
PASS: docker_cli_network_unix_test.go:807: DockerDaemonSuite.TestDockerNetworkNoDiscoveryDefaultBridgeNetwork	3.223s
PASS: docker_cli_exec_test.go:87: DockerDaemonSuite.TestExecAfterDaemonRestart	2.203s
PASS: docker_cli_daemon_test.go:2731: DockerDaemonSuite.TestExecWithUserAfterLiveRestore	12.132s
PASS: docker_cli_daemon_test.go:3006: DockerDaemonSuite.TestFailedPluginRemove	4.609s
PASS: docker_cli_daemon_test.go:1278: DockerDaemonSuite.TestHTTPSInfo	0.534s
PASS: docker_cli_daemon_test.go:1341: DockerDaemonSuite.TestHTTPSInfoRogueCert	0.526s
PASS: docker_cli_daemon_test.go:1370: DockerDaemonSuite.TestHTTPSInfoRogueServerCert	0.525s
PASS: docker_cli_daemon_test.go:1306: DockerDaemonSuite.TestHTTPSRun	1.236s
PASS: docker_cli_daemon_test.go:51: DockerDaemonSuite.TestLegacyDaemonCommand	0.000s
PASS: docker_cli_daemon_plugins_test.go:303: DockerDaemonSuite.TestPluginListFilterCapability	4.521s
PASS: docker_cli_daemon_plugins_test.go:275: DockerDaemonSuite.TestPluginListFilterEnabled	4.583s
PASS: docker_cli_daemon_plugins_test.go:234: DockerDaemonSuite.TestPluginVolumeRemoveOnRestart	5.972s
PASS: docker_cli_prune_unix_test.go:81: DockerDaemonSuite.TestPruneImageDangling	1.034s
PASS: docker_cli_prune_unix_test.go:270: DockerDaemonSuite.TestPruneImageLabel	2.915s
PASS: docker_cli_info_test.go:212: DockerDaemonSuite.TestRegistryMirrors	0.530s
PASS: docker_cli_daemon_test.go:2759: DockerDaemonSuite.TestRemoveContainerAfterLiveRestore	2.383s
PASS: docker_cli_daemon_test.go:2792: DockerDaemonSuite.TestRestartPolicyWithLiveRestore	2.395s
PASS: docker_cli_daemon_test.go:2109: DockerDaemonSuite.TestRunLinksChanged	3.005s
PASS: docker_cli_run_unix_test.go:1443: DockerDaemonSuite.TestRunSeccompJSONNewFormat	1.191s
PASS: docker_cli_run_unix_test.go:1494: DockerDaemonSuite.TestRunSeccompJSONNoArchAndArchMap	0.843s
PASS: docker_cli_run_unix_test.go:1468: DockerDaemonSuite.TestRunSeccompJSONNoNameAndNames	0.842s
PASS: docker_cli_run_unix_test.go:1531: DockerDaemonSuite.TestRunWithDaemonDefaultSeccompProfile	2.288s
PASS: docker_cli_daemon_test.go:2521: DockerDaemonSuite.TestRunWithRuntimeFromCommandLine	5.002s
PASS: docker_cli_daemon_test.go:2403: DockerDaemonSuite.TestRunWithRuntimeFromConfigFile	6.759s
PASS: docker_cli_run_test.go:4110: DockerDaemonSuite.TestRunWithUlimitAndDaemonDefault	1.451s
PASS: docker_cli_daemon_test.go:2849: DockerDaemonSuite.TestShmSize	1.247s
PASS: docker_cli_daemon_test.go:2866: DockerDaemonSuite.TestShmSizeReload	1.796s
PASS: docker_cli_daemon_test.go:1332: DockerDaemonSuite.TestTLSVerify	0.044s
PASS: docker_cli_daemon_plugins_test.go:188: DockerDaemonSuite.TestVolumePlugin	8.608s
PASS: docker_api_swarm_test.go:885: DockerSwarmSuite.TestAPIDuplicateNetworks	1.411s
PASS: docker_api_swarm_test.go:1012: DockerSwarmSuite.TestAPINetworkInspectWithScope	1.313s
PASS: docker_api_swarm_service_test.go:33: DockerSwarmSuite.TestAPIServiceUpdatePort	2.385s
PASS: docker_api_swarm_test.go:185: DockerSwarmSuite.TestAPISwarmCAHash	12.132s
PASS: docker_api_swarm_test.go:869: DockerSwarmSuite.TestAPISwarmErrorHandling	0.736s
PASS: docker_api_swarm_test.go:540: DockerSwarmSuite.TestAPISwarmForceNewCluster	14.051s
SKIP: docker_api_swarm_test.go:916: DockerSwarmSuite.TestAPISwarmHealthcheckNone (Root cause of Issue #36386 is needed)
PASS: docker_api_swarm_test.go:35: DockerSwarmSuite.TestAPISwarmInit	14.528s
PASS: docker_api_swarm_test.go:522: DockerSwarmSuite.TestAPISwarmInvalidAddress	0.711s
PASS: docker_api_swarm_test.go:81: DockerSwarmSuite.TestAPISwarmJoinToken	47.547s
PASS: docker_api_swarm_test.go:296: DockerSwarmSuite.TestAPISwarmLeaderElection	20.192s
PASS: docker_api_swarm_test.go:271: DockerSwarmSuite.TestAPISwarmLeaderProxy	4.005s
PASS: docker_api_swarm_test.go:423: DockerSwarmSuite.TestAPISwarmLeaveOnPendingJoin	22.792s
PASS: docker_api_swarm_test.go:400: DockerSwarmSuite.TestAPISwarmLeaveRemovesContainer	3.020s
PASS: docker_api_swarm_node_test.go:14: DockerSwarmSuite.TestAPISwarmListNodes	3.068s
PASS: docker_api_swarm_test.go:472: DockerSwarmSuite.TestAPISwarmManagerRestore	22.364s
PASS: docker_api_swarm_node_test.go:75: DockerSwarmSuite.TestAPISwarmNodeDrainPause	12.646s
PASS: docker_api_swarm_node_test.go:46: DockerSwarmSuite.TestAPISwarmNodeRemove	29.597s
PASS: docker_api_swarm_node_test.go:33: DockerSwarmSuite.TestAPISwarmNodeUpdate	1.293s
PASS: docker_api_swarm_test.go:201: DockerSwarmSuite.TestAPISwarmPromoteDemote	7.428s
PASS: docker_api_swarm_test.go:359: DockerSwarmSuite.TestAPISwarmRaftQuorum	49.289s
PASS: docker_api_swarm_test.go:776: DockerSwarmSuite.TestAPISwarmRestartCluster	30.415s
PASS: docker_api_swarm_test.go:453: DockerSwarmSuite.TestAPISwarmRestoreOnPendingJoin	21.753s
PASS: docker_api_swarm_test.go:498: DockerSwarmSuite.TestAPISwarmScaleNoRollingUpdate	2.972s
PASS: docker_api_swarm_service_test.go:403: DockerSwarmSuite.TestAPISwarmServiceConstraintLabel	6.504s
PASS: docker_api_swarm_service_test.go:351: DockerSwarmSuite.TestAPISwarmServiceConstraintRole	5.038s
PASS: docker_api_swarm_service_test.go:498: DockerSwarmSuite.TestAPISwarmServicePlacementPrefs	4.038s
PASS: docker_api_swarm_service_test.go:62: DockerSwarmSuite.TestAPISwarmServicesCreate	4.999s
PASS: docker_api_swarm_service_test.go:124: DockerSwarmSuite.TestAPISwarmServicesCreateGlobal	5.972s
PASS: docker_api_swarm_service_test.go:54: DockerSwarmSuite.TestAPISwarmServicesEmptyList	1.381s
PASS: docker_api_swarm_service_test.go:311: DockerSwarmSuite.TestAPISwarmServicesFailedUpdate	10.742s
PASS: docker_api_swarm_service_test.go:96: DockerSwarmSuite.TestAPISwarmServicesMultipleAgents	18.296s
PASS: docker_api_swarm_service_test.go:540: DockerSwarmSuite.TestAPISwarmServicesStateReporting	8.705s
PASS: docker_api_swarm_service_test.go:142: DockerSwarmSuite.TestAPISwarmServicesUpdate	26.373s
PASS: docker_api_swarm_service_test.go:202: DockerSwarmSuite.TestAPISwarmServicesUpdateStartFirst	22.876s
PASS: docker_api_swarm_test.go:841: DockerSwarmSuite.TestAPISwarmServicesUpdateWithName	3.226s
PASS: docker_api_swarm_test.go:861: DockerSwarmSuite.TestAPISwarmUnlockNotLocked	0.911s
PASS: docker_cli_swarm_test.go:945: DockerSwarmSuite.TestDNSConfig	2.185s
PASS: docker_cli_swarm_test.go:972: DockerSwarmSuite.TestDNSConfigUpdate	2.014s
PASS: docker_cli_swarm_test.go:1412: DockerSwarmSuite.TestExtraHosts	2.273s
PASS: docker_cli_swarm_test.go:1606: DockerSwarmSuite.TestNetworkInspectWithDuplicateNames	1.639s
PASS: docker_cli_swarm_test.go:393: DockerSwarmSuite.TestOverlayAttachable	2.628s
PASS: docker_cli_swarm_test.go:415: DockerSwarmSuite.TestOverlayAttachableOnSwarmLeave	3.168s
PASS: docker_cli_swarm_test.go:442: DockerSwarmSuite.TestOverlayAttachableReleaseResourcesOnFailure	22.908s
PASS: docker_cli_prune_unix_test.go:42: DockerSwarmSuite.TestPruneNetwork	9.635s
PASS: docker_cli_swarm_test.go:597: DockerSwarmSuite.TestPsListContainersFilterIsTask	2.559s
PASS: docker_cli_service_create_test.go:361: DockerSwarmSuite.TestServiceCreateMountTmpfs	1.918s
PASS: docker_cli_service_create_test.go:18: DockerSwarmSuite.TestServiceCreateMountVolume	2.010s
PASS: docker_cli_service_create_test.go:313: DockerSwarmSuite.TestServiceCreateWithConfigReferencedTwice	2.326s
PASS: docker_cli_service_create_test.go:214: DockerSwarmSuite.TestServiceCreateWithConfigSimple	1.473s
PASS: docker_cli_service_create_test.go:248: DockerSwarmSuite.TestServiceCreateWithConfigSourceTargetPaths	2.435s
PASS: docker_cli_service_create_test.go:414: DockerSwarmSuite.TestServiceCreateWithNetworkAlias	17.014s
PASS: docker_cli_service_create_test.go:166: DockerSwarmSuite.TestServiceCreateWithSecretReferencedTwice	2.185s
PASS: docker_cli_service_create_test.go:66: DockerSwarmSuite.TestServiceCreateWithSecretSimple	1.361s
PASS: docker_cli_service_create_test.go:100: DockerSwarmSuite.TestServiceCreateWithSecretSourceTargetPaths	2.483s
PASS: docker_cli_service_health_test.go:20: DockerSwarmSuite.TestServiceHealthRun	6.462s
PASS: docker_cli_service_health_test.go:82: DockerSwarmSuite.TestServiceHealthStart	4.501s
PASS: docker_cli_service_logs_test.go:24: DockerSwarmSuite.TestServiceLogs	2.397s
PASS: docker_cli_service_logs_test.go:71: DockerSwarmSuite.TestServiceLogsCompleteness	2.117s
PASS: docker_cli_service_logs_test.go:343: DockerSwarmSuite.TestServiceLogsDetails	2.094s
PASS: docker_cli_service_logs_test.go:157: DockerSwarmSuite.TestServiceLogsFollow	2.264s
PASS: docker_cli_service_logs_test.go:294: DockerSwarmSuite.TestServiceLogsNoHangDeletedContainer	14.290s
PASS: docker_cli_service_logs_test.go:122: DockerSwarmSuite.TestServiceLogsSince	2.345s
PASS: docker_cli_service_logs_test.go:256: DockerSwarmSuite.TestServiceLogsTTY	2.199s
PASS: docker_cli_service_logs_test.go:98: DockerSwarmSuite.TestServiceLogsTail	2.241s
PASS: docker_cli_service_logs_test.go:203: DockerSwarmSuite.TestServiceLogsTaskLogs	2.388s
PASS: docker_cli_service_scale_test.go:13: DockerSwarmSuite.TestServiceScale	1.510s
PASS: docker_cli_service_update_test.go:97: DockerSwarmSuite.TestServiceUpdateConfigs	1.489s
PASS: docker_cli_service_update_test.go:14: DockerSwarmSuite.TestServiceUpdateLabel	1.553s
PASS: docker_cli_service_update_test.go:55: DockerSwarmSuite.TestServiceUpdateSecrets	1.551s
PASS: docker_cli_swarm_test.go:1387: DockerSwarmSuite.TestSwarmAlternateLockUnlock	17.792s
PASS: docker_cli_swarm_test.go:1966: DockerSwarmSuite.TestSwarmClusterEventsConfig	1.417s
PASS: docker_cli_swarm_test.go:1927: DockerSwarmSuite.TestSwarmClusterEventsNetwork	1.459s
PASS: docker_cli_swarm_test.go:1897: DockerSwarmSuite.TestSwarmClusterEventsNode	4.168s
PASS: docker_cli_swarm_test.go:1813: DockerSwarmSuite.TestSwarmClusterEventsScope	7.371s
PASS: docker_cli_swarm_test.go:1946: DockerSwarmSuite.TestSwarmClusterEventsSecret	1.444s
PASS: docker_cli_swarm_test.go:1857: DockerSwarmSuite.TestSwarmClusterEventsService	14.993s
PASS: docker_cli_swarm_test.go:1793: DockerSwarmSuite.TestSwarmClusterEventsSource	3.534s
PASS: docker_cli_swarm_test.go:1834: DockerSwarmSuite.TestSwarmClusterEventsType	7.365s
PASS: docker_cli_swarm_test.go:1316: DockerSwarmSuite.TestSwarmClusterRotateUnlockKey	87.498s
PASS: docker_cli_swarm_test.go:365: DockerSwarmSuite.TestSwarmContainerAttachByNetworkId	3.190s
PASS: docker_cli_swarm_test.go:318: DockerSwarmSuite.TestSwarmContainerAutoStart	6.585s
PASS: docker_cli_swarm_test.go:340: DockerSwarmSuite.TestSwarmContainerEndpointOptions	6.672s
PASS: docker_cli_swarm_test.go:520: DockerSwarmSuite.TestSwarmCreateServiceWithNoIngressNetwork	1.461s
PASS: docker_cli_swarm_test.go:145: DockerSwarmSuite.TestSwarmIncompatibleDaemon	3.082s
PASS: docker_cli_swarm_test.go:466: DockerSwarmSuite.TestSwarmIngressNetwork	1.585s
PASS: docker_cli_swarm_test.go:83: DockerSwarmSuite.TestSwarmInit	2.842s
SKIP: docker_cli_swarm_test.go:126: DockerSwarmSuite.TestSwarmInitIPv6 (unmatched requirement IPv6)
PASS: docker_cli_swarm_test.go:1053: DockerSwarmSuite.TestSwarmInitLocked	6.011s
PASS: docker_cli_swarm_test.go:138: DockerSwarmSuite.TestSwarmInitUnspecifiedAdvertiseAddr	0.733s
PASS: docker_cli_swarm_test.go:1731: DockerSwarmSuite.TestSwarmInitUnspecifiedDataPathAddr	0.741s
PASS: docker_cli_swarm_test.go:1574: DockerSwarmSuite.TestSwarmInitWithDrain	1.421s
PASS: docker_cli_swarm_test.go:1743: DockerSwarmSuite.TestSwarmJoinLeave	53.302s
PASS: docker_cli_swarm_test.go:1189: DockerSwarmSuite.TestSwarmJoinPromoteLocked	39.597s
PASS: docker_cli_swarm_test.go:1546: DockerSwarmSuite.TestSwarmJoinWithDrain	2.777s
PASS: docker_cli_swarm_test.go:1095: DockerSwarmSuite.TestSwarmLeaveLocked	3.477s
PASS: docker_cli_swarm_test.go:1128: DockerSwarmSuite.TestSwarmLockUnlockCluster	95.964s
PASS: docker_cli_swarm_test.go:1435: DockerSwarmSuite.TestSwarmManagerAddress	3.033s
PASS: docker_cli_swarm_test.go:1505: DockerSwarmSuite.TestSwarmNetworkCreateDup	1.773s
PASS: docker_cli_swarm_test.go:1482: DockerSwarmSuite.TestSwarmNetworkCreateIssue27866	1.357s
PASS: docker_cli_swarm_test.go:1456: DockerSwarmSuite.TestSwarmNetworkIPAMOptions	3.577s
PASS: docker_cli_swarm_test.go:798: DockerSwarmSuite.TestSwarmNetworkPlugin	1.411s
PASS: docker_cli_swarm_unix_test.go:57: DockerSwarmSuite.TestSwarmNetworkPluginV2	47.038s
PASS: docker_cli_swarm_test.go:228: DockerSwarmSuite.TestSwarmNodeListFilter	1.452s
PASS: docker_cli_swarm_test.go:247: DockerSwarmSuite.TestSwarmNodeTaskListFilter	2.449s
PASS: docker_cli_swarm_test.go:274: DockerSwarmSuite.TestSwarmPublishAdd	1.525s
PASS: docker_cli_swarm_test.go:1527: DockerSwarmSuite.TestSwarmPublishDuplicatePorts	2.512s
PASS: docker_cli_swarm_test.go:1585: DockerSwarmSuite.TestSwarmReadonlyRootfs	2.062s
PASS: docker_api_swarm_test.go:943: DockerSwarmSuite.TestSwarmRepeatedRootRotation	14.812s
PASS: docker_cli_swarm_test.go:1248: DockerSwarmSuite.TestSwarmRotateUnlockKey	12.716s
PASS: docker_cli_swarm_test.go:817: DockerSwarmSuite.TestSwarmServiceEnvFile	1.437s
PASS: docker_cli_swarm_test.go:187: DockerSwarmSuite.TestSwarmServiceListFilter	1.515s
PASS: docker_cli_swarm_test.go:1700: DockerSwarmSuite.TestSwarmServiceLsFilterMode	2.298s
PASS: docker_cli_swarm_test.go:906: DockerSwarmSuite.TestSwarmServiceNetworkUpdate	6.188s
PASS: docker_cli_swarm_test.go:835: DockerSwarmSuite.TestSwarmServiceTTY	14.383s
PASS: docker_cli_swarm_test.go:883: DockerSwarmSuite.TestSwarmServiceTTYUpdate	2.099s
PASS: docker_cli_swarm_test.go:169: DockerSwarmSuite.TestSwarmServiceTemplatingHostname	2.098s
PASS: docker_cli_swarm_test.go:296: DockerSwarmSuite.TestSwarmServiceWithGroup	2.056s
PASS: docker_cli_swarm_test.go:1672: DockerSwarmSuite.TestSwarmStopSignal	2.243s
PASS: docker_cli_swarm_test.go:539: DockerSwarmSuite.TestSwarmTaskListFilter	1.831s
PASS: docker_cli_swarm_test.go:35: DockerSwarmSuite.TestSwarmUpdate	1.500s
PASS: docker_cli_swarm_unix_test.go:15: DockerSwarmSuite.TestSwarmVolumePlugin	21.946s
PASS: docker_cli_swarm_test.go:1028: DockerSwarmSuite.TestUnlockEngineAndUnlockedSwarm	1.447s
PASS: docker_api_swarm_test.go:163: DockerSwarmSuite.TestUpdateSwarmAddExternalCA	1.396s
time="2018-12-21T20:07:30Z" level=info msg="Attempting next endpoint for push after error: Get https://127.0.0.1:5000/v2/: http: server gave HTTP response to HTTPS client"
PASS: docker_cli_plugins_test.go:31: DockerPluginSuite.TestPluginBasicOps	1.034s
PASS: docker_cli_plugins_test.go:262: DockerPluginSuite.TestPluginCreate	0.125s
PASS: docker_cli_plugins_test.go:240: DockerPluginSuite.TestPluginEnableDisableNegative	1.019s
PASS: docker_cli_plugins_test.go:62: DockerPluginSuite.TestPluginForceRemove	1.015s
PASS: docker_cli_plugins_test.go:354: DockerPluginSuite.TestPluginIDPrefix	1.423s
PASS: docker_cli_plugins_test.go:294: DockerPluginSuite.TestPluginInspect	1.093s
time="2018-12-21T20:09:06Z" level=info msg="Attempting next endpoint for push after error: Get https://127.0.0.1:5000/v2/: http: server gave HTTP response to HTTPS client"
PASS: docker_cli_plugins_test.go:210: DockerPluginSuite.TestPluginInstallArgs	0.814s
PASS: docker_cli_plugins_test.go:126: DockerPluginSuite.TestPluginInstallDisable	1.043s
PASS: docker_cli_plugins_test.go:226: DockerPluginSuite.TestPluginInstallImage	0.185s
PASS: docker_cli_plugins_test.go:411: DockerPluginSuite.TestPluginListDefaultFormat	0.567s
PASS: docker_cli_plugins_test.go:159: DockerPluginSuite.TestPluginSet	0.636s
PASS: docker_cli_external_volume_driver_unix_test.go:446: DockerExternalVolumeSuite.TestExternalVolumeDriverBindExternalVolume	0.371s
PASS: docker_cli_external_volume_driver_unix_test.go:545: DockerExternalVolumeSuite.TestExternalVolumeDriverCapabilities	0.588s
PASS: docker_cli_external_volume_driver_unix_test.go:352: DockerExternalVolumeSuite.TestExternalVolumeDriverDeleteContainer	1.299s
PASS: docker_cli_external_volume_driver_unix_test.go:475: DockerExternalVolumeSuite.TestExternalVolumeDriverGet	15.046s
PASS: docker_cli_external_volume_driver_unix_test.go:508: DockerExternalVolumeSuite.TestExternalVolumeDriverGetEmptyResponse	0.541s
PASS: docker_cli_external_volume_driver_unix_test.go:461: DockerExternalVolumeSuite.TestExternalVolumeDriverList	15.034s
PASS: docker_cli_external_volume_driver_unix_test.go:373: DockerExternalVolumeSuite.TestExternalVolumeDriverLookupNotBlocked	0.115s
PASS: docker_cli_external_volume_driver_unix_test.go:536: DockerExternalVolumeSuite.TestExternalVolumeDriverMountID	1.254s
PASS: docker_cli_external_volume_driver_unix_test.go:297: DockerExternalVolumeSuite.TestExternalVolumeDriverNamed	1.307s
PASS: docker_cli_external_volume_driver_unix_test.go:559: DockerExternalVolumeSuite.TestExternalVolumeDriverOutOfBandDelete	0.792s
PASS: docker_cli_external_volume_driver_unix_test.go:523: DockerExternalVolumeSuite.TestExternalVolumeDriverPathCalls	15.543s
PASS: docker_cli_external_volume_driver_unix_test.go:409: DockerExternalVolumeSuite.TestExternalVolumeDriverRetryNotImmediatelyExists	4.273s
PASS: docker_cli_external_volume_driver_unix_test.go:618: DockerExternalVolumeSuite.TestExternalVolumeDriverUnmountOnCp	1.386s
PASS: docker_cli_external_volume_driver_unix_test.go:608: DockerExternalVolumeSuite.TestExternalVolumeDriverUnmountOnMountFail	0.925s
PASS: docker_cli_external_volume_driver_unix_test.go:319: DockerExternalVolumeSuite.TestExternalVolumeDriverUnnamed	1.313s
PASS: docker_cli_external_volume_driver_unix_test.go:333: DockerExternalVolumeSuite.TestExternalVolumeDriverVolumesFrom	1.838s
PASS: docker_cli_external_volume_driver_unix_test.go:495: DockerExternalVolumeSuite.TestExternalVolumeDriverWithDaemonRestart	1.095s
PASS: docker_cli_external_volume_driver_unix_test.go:285: DockerExternalVolumeSuite.TestVolumeCLICreateOptionConflict	0.050s
PASS: docker_cli_network_unix_test.go:1787: DockerNetworkSuite.TestConntrackFlowsLeak	3.625s
PASS: docker_deprecated_api_v124_unix_test.go:14: DockerNetworkSuite.TestDeprecatedDockerNetworkStartAPIWithHostconfig	0.464s
PASS: docker_cli_network_unix_test.go:865: DockerNetworkSuite.TestDockerNetworkAnonymousEndpoint	2.749s
PASS: docker_cli_network_unix_test.go:539: DockerNetworkSuite.TestDockerNetworkConnectDisconnect	1.228s
PASS: docker_cli_network_unix_test.go:1258: DockerNetworkSuite.TestDockerNetworkConnectDisconnectToStoppedContainer	2.513s
PASS: docker_cli_network_unix_test.go:1192: DockerNetworkSuite.TestDockerNetworkConnectDisconnectWithPortMapping	0.948s
PASS: docker_cli_network_unix_test.go:1415: DockerNetworkSuite.TestDockerNetworkConnectLinkLocalIP	4.468s
PASS: docker_cli_network_unix_test.go:1308: DockerNetworkSuite.TestDockerNetworkConnectPreferredIP	1.720s
PASS: docker_cli_network_unix_test.go:1344: DockerNetworkSuite.TestDockerNetworkConnectPreferredIPStoppedContainer	1.025s
PASS: docker_cli_network_unix_test.go:1158: DockerNetworkSuite.TestDockerNetworkConnectToHostFromOtherNetwork	0.460s
PASS: docker_cli_network_unix_test.go:1523: DockerNetworkSuite.TestDockerNetworkConnectWithAliasOnDefaultNetworks	0.358s
PASS: docker_cli_network_unix_test.go:1229: DockerNetworkSuite.TestDockerNetworkConnectWithMac	0.533s
PASS: docker_cli_network_unix_test.go:1175: DockerNetworkSuite.TestDockerNetworkConnectWithPortMapping	0.517s
PASS: docker_cli_network_unix_test.go:374: DockerNetworkSuite.TestDockerNetworkCreateDelete	0.131s
PASS: docker_cli_network_unix_test.go:1655: DockerNetworkSuite.TestDockerNetworkCreateDeleteSpecialCharacters	0.262s
PASS: docker_cli_network_unix_test.go:298: DockerNetworkSuite.TestDockerNetworkCreateHostBind	0.510s
PASS: docker_cli_network_unix_test.go:382: DockerNetworkSuite.TestDockerNetworkCreateLabel	0.144s
PASS: docker_cli_network_unix_test.go:289: DockerNetworkSuite.TestDockerNetworkCreatePredefined	0.048s
PASS: docker_cli_network_unix_test.go:633: DockerNetworkSuite.TestDockerNetworkCustomIPAM	0.140s
PASS: docker_cli_network_unix_test.go:1292: DockerNetworkSuite.TestDockerNetworkDisconnectContainerNonexistingNetwork	0.747s
PASS: docker_cli_network_unix_test.go:1503: DockerNetworkSuite.TestDockerNetworkDisconnectDefault	0.601s
PASS: docker_cli_network_unix_test.go:1773: DockerNetworkSuite.TestDockerNetworkDisconnectFromBridge	0.076s
PASS: docker_cli_network_unix_test.go:1167: DockerNetworkSuite.TestDockerNetworkDisconnectFromHost	0.250s
PASS: docker_cli_network_unix_test.go:768: DockerNetworkSuite.TestDockerNetworkDriverOptions	0.064s
PASS: docker_cli_network_unix_test.go:979: DockerNetworkSuite.TestDockerNetworkDriverUngracefulRestart	2.191s
PASS: docker_cli_network_unix_test.go:1737: DockerNetworkSuite.TestDockerNetworkFlagAlias	1.853s
PASS: docker_cli_network_unix_test.go:1132: DockerNetworkSuite.TestDockerNetworkHostModeUngracefulDaemonRestart	7.320s
PASS: docker_cli_network_unix_test.go:744: DockerNetworkSuite.TestDockerNetworkIPAMInvalidCombinations	0.174s
PASS: docker_cli_network_unix_test.go:592: DockerNetworkSuite.TestDockerNetworkIPAMMultipleNetworks	0.737s
PASS: docker_cli_network_unix_test.go:649: DockerNetworkSuite.TestDockerNetworkIPAMOptions	0.063s
PASS: docker_cli_network_unix_test.go:1241: DockerNetworkSuite.TestDockerNetworkInspectCreatedContainer	0.060s
PASS: docker_cli_network_unix_test.go:725: DockerNetworkSuite.TestDockerNetworkInspectCustomSpecified	0.140s
PASS: docker_cli_network_unix_test.go:706: DockerNetworkSuite.TestDockerNetworkInspectCustomUnspecified	0.131s
PASS: docker_cli_network_unix_test.go:678: DockerNetworkSuite.TestDockerNetworkInspectDefault	0.002s
PASS: docker_cli_network_unix_test.go:926: DockerNetworkSuite.TestDockerNetworkLinkOnDefaultNetworkOnly	1.645s
PASS: docker_cli_network_unix_test.go:282: DockerNetworkSuite.TestDockerNetworkLsDefault	0.037s
SKIP: docker_cli_network_unix_test.go:318: DockerNetworkSuite.TestDockerNetworkLsFilter (unmatched requirement OnlyDefaultNetworks)
PASS: docker_cli_network_unix_test.go:1020: DockerNetworkSuite.TestDockerNetworkMacInspect	0.508s
PASS: docker_cli_network_unix_test.go:1086: DockerNetworkSuite.TestDockerNetworkMultipleNetworksGracefulDaemonRestart	2.955s
PASS: docker_cli_network_unix_test.go:1105: DockerNetworkSuite.TestDockerNetworkMultipleNetworksUngracefulDaemonRestart	2.582s
PASS: docker_cli_network_unix_test.go:662: DockerNetworkSuite.TestDockerNetworkNullIPAMDriver	0.036s
PASS: docker_cli_network_unix_test.go:952: DockerNetworkSuite.TestDockerNetworkOverlayPortMapping	0.502s
PASS: docker_cli_network_unix_test.go:1247: DockerNetworkSuite.TestDockerNetworkRestartWithMultipleNetworks	1.269s
PASS: docker_cli_network_unix_test.go:309: DockerNetworkSuite.TestDockerNetworkRmPredefined	0.050s
PASS: docker_cli_network_unix_test.go:1126: DockerNetworkSuite.TestDockerNetworkRunNetByID	0.436s
PASS: docker_cli_network_unix_test.go:1367: DockerNetworkSuite.TestDockerNetworkUnsupportedRequiredIP	0.505s
PASS: docker_cli_network_unix_test.go:1749: DockerNetworkSuite.TestDockerNetworkValidateIP	0.674s
PASS: docker_cli_network_unix_test.go:783: DockerNetworkSuite.TestDockerPluginV2NetworkDriver	9.361s
PASS: docker_cli_pull_test.go:194: DockerHubPullSuite.TestPullAllTagsFromCentralRegistry	5.569s
PASS: docker_cli_pull_test.go:238: DockerHubPullSuite.TestPullClientDisconnect	3.124s
PASS: docker_cli_pull_test.go:17: DockerHubPullSuite.TestPullFromCentralRegistry	1.985s
PASS: docker_cli_pull_test.go:116: DockerHubPullSuite.TestPullFromCentralRegistryImplicitRefParts	10.677s
PASS: docker_cli_pull_test.go:41: DockerHubPullSuite.TestPullNonExistingImage	1.116s
PASS: docker_cli_pull_test.go:184: DockerHubPullSuite.TestPullScratchNotAllowed	0.022s
OOPS: 1475 passed, 51 skipped, 1 FAILED
--- FAIL: Test (5554.65s)
FAIL
---> Making bundle: .integration-daemon-stop (in bundles/test-integration)
/go/src/github.com/docker/docker/hack/make/.integration-daemon-stop: line 10: wait: pid 14303 is not a child of this shell
warning: PID 14303 from bundles/test-integration/db814c089a469/docker.pid had a nonzero exit code
Clearing AppArmor profiles cache:.
All profile caches have been cleared, but no profiles have been unloaded.
Unloading profiles will leave already running processes permanently
unconfined, which can lead to unexpected situations.

To set a process to complain mode, use the command line tool
'aa-complain'. To really tear down all profiles, run the init script
with the 'teardown' option."
Removing test suite binaries
Build step 'Execute shell' marked build as failure
Set build name.
New build name is '#35621'
[PostBuildScript] - Executing post build scripts.
[Docker-PRs] $ /bin/sh -xe /tmp/jenkins787761083081979907.sh
+ echo Ensuring container killed.
Ensuring container killed.
+ docker rm -vf docker-pr52166
Error: No such container: docker-pr52166
+ true
+ echo Chowning /workspace to jenkins user
Chowning /workspace to jenkins user
+ id -u
+ id -g
+ docker run --rm -v /home/ubuntu/workspace/Docker-PRs:/workspace busybox chown -R 1000:1000 /workspace
[Docker-PRs] $ /bin/sh -xe /tmp/jenkins7387835646120696621.sh
+ echo Creating bundles.tar.gz
Creating bundles.tar.gz
+ find+ xargs tar -czf bundles.tar.gz
 bundles -name *.log -o -name *.prof -o -name integration.test
Archiving artifacts
Notifying endpoint with url 'https://leeroy.dockerproject.org/notification/jenkins'
[WS-CLEANUP] Deleting project workspace...[WS-CLEANUP] done
Finished: FAILURE
