Started by user Gordon
Notifying endpoint with url 'https://leeroy.dockerproject.org/notification/jenkins'
[EnvInject] - Loading node environment variables.
Building remotely on s390x-ubuntu-32 (linux s390x-ubuntu-1604 s390x) in workspace /home/jenkins/workspace/Docker-PRs-s390x
Running Prebuild steps
[Docker-PRs-s390x] $ /bin/sh -xe /tmp/jenkins6937630242673710064.sh
+ pwd
+ id -u
+ id -g
+ docker run --rm -v /home/jenkins/workspace/Docker-PRs-s390x:/workspace s390x/busybox chown -R 1001:1001 /workspace
Success build forhudson.tasks.Shell@54493290
Wiping out workspace first.
Cloning the remote Git repository
Cloning repository https://github.com/moby/moby.git
 > git init /home/jenkins/workspace/Docker-PRs-s390x # timeout=10
Fetching upstream changes from https://github.com/moby/moby.git
 > git --version # timeout=10
 > git fetch --tags --progress https://github.com/moby/moby.git +refs/heads/*:refs/remotes/origin/*
 > git config remote.origin.url https://github.com/moby/moby.git # timeout=10
 > git config --add remote.origin.fetch +refs/heads/*:refs/remotes/origin/* # timeout=10
 > git config remote.origin.url https://github.com/moby/moby.git # timeout=10
Fetching upstream changes from https://github.com/moby/moby.git
 > git fetch --tags --progress https://github.com/moby/moby.git +refs/heads/*:refs/remotes/origin/*
 > git rev-parse origin/master^{commit} # timeout=10
Checking out Revision 3f7898cfcd537fed9f5df64ae0d11e7a2fa83208 (origin/master)
 > git config core.sparsecheckout # timeout=10
 > git checkout -f 3f7898cfcd537fed9f5df64ae0d11e7a2fa83208
Commit message: "Merge pull request #38451 from thaJeztah/skip_test_info_warnings"
 > git rev-list --no-walk 626022d0f64d3fab10c80523c03613a8b3869cfb # timeout=10
Set build name.
New build name is '#38472'
[Docker-PRs-s390x] $ /bin/bash /tmp/jenkins1564785457975152747.sh
From https://github.com/moby/moby
 * [new ref]         refs/pull/38472/head -> origin/pr/38472
Merge made by the 'recursive' strategy.
 integration/build/build_test.go | 7 -------
 1 file changed, 7 deletions(-)
Sending build context to Docker daemon   45.1MB
Step 1/94 : FROM golang:1.11.4 AS base
1.11.4: Pulling from library/golang
c5e4ba148bd1: Pulling fs layer
e4ab879437b7: Pulling fs layer
a26d08cd7690: Pulling fs layer
05dfbcf77830: Pulling fs layer
8c8a7e70110e: Pulling fs layer
3455ff1f6719: Pulling fs layer
f5c4a8ef739f: Pulling fs layer
05dfbcf77830: Waiting
8c8a7e70110e: Waiting
3455ff1f6719: Waiting
f5c4a8ef739f: Waiting
e4ab879437b7: Verifying Checksum
e4ab879437b7: Download complete
a26d08cd7690: Verifying Checksum
a26d08cd7690: Download complete
c5e4ba148bd1: Verifying Checksum
c5e4ba148bd1: Download complete
8c8a7e70110e: Verifying Checksum
8c8a7e70110e: Download complete
f5c4a8ef739f: Verifying Checksum
f5c4a8ef739f: Download complete
05dfbcf77830: Verifying Checksum
05dfbcf77830: Download complete
c5e4ba148bd1: Pull complete
3455ff1f6719: Verifying Checksum
3455ff1f6719: Download complete
e4ab879437b7: Pull complete
a26d08cd7690: Pull complete
05dfbcf77830: Pull complete
8c8a7e70110e: Pull complete
3455ff1f6719: Pull complete
f5c4a8ef739f: Pull complete
Digest: sha256:4f1cd313c3d59faa0ca93910f9d853bd74be7afbf6f6997aee06924415ec7dc9
Status: Downloaded newer image for golang:1.11.4
 ---> ee5c1a481166
Step 2/94 : ARG APT_MIRROR=deb.debian.org
 ---> Running in 82c735c91bcc
Removing intermediate container 82c735c91bcc
 ---> 3277ee28c6d8
Step 3/94 : RUN sed -ri "s/(httpredir|deb).debian.org/$APT_MIRROR/g" /etc/apt/sources.list
 ---> Running in 96b0a6c084ce
Removing intermediate container 96b0a6c084ce
 ---> c22dc461ffc4
Step 4/94 : FROM base AS criu
 ---> c22dc461ffc4
Step 5/94 : ENV CRIU_VERSION 3.6
 ---> Running in dba550a973df
Removing intermediate container dba550a973df
 ---> d907764374cc
Step 6/94 : RUN apt-get update && apt-get install -y 	libnet-dev 	libprotobuf-c0-dev 	libprotobuf-dev 	libnl-3-dev 	libcap-dev 	protobuf-compiler 	protobuf-c-compiler 	python-protobuf 	&& mkdir -p /usr/src/criu 	&& curl -sSL https://github.com/checkpoint-restore/criu/archive/v${CRIU_VERSION}.tar.gz | tar -C /usr/src/criu/ -xz --strip-components=1 	&& cd /usr/src/criu 	&& make 	&& make PREFIX=/build/ install-criu
 ---> Running in 72cf5f17afa4
Ign:1 http://cdn-fastly.deb.debian.org/debian stretch InRelease
Get:2 http://cdn-fastly.deb.debian.org/debian stretch-updates InRelease [91.0 kB]
Get:3 http://security.debian.org/debian-security stretch/updates InRelease [94.3 kB]
Get:4 http://cdn-fastly.deb.debian.org/debian stretch Release [118 kB]
Get:5 http://cdn-fastly.deb.debian.org/debian stretch Release.gpg [2434 B]
Get:6 http://security.debian.org/debian-security stretch/updates/main s390x Packages [447 kB]
Get:7 http://cdn-fastly.deb.debian.org/debian stretch-updates/main s390x Packages [5100 B]
Get:8 http://cdn-fastly.deb.debian.org/debian stretch/main s390x Packages [6859 kB]
Fetched 7616 kB in 1s (5023 kB/s)
Reading package lists...
Reading package lists...
Building dependency tree...
Reading state information...
The following additional packages will be installed:
  libnet1 libnl-3-200 libprotobuf-c1 libprotobuf-lite10 libprotobuf10
  libprotoc10 python-pkg-resources zlib1g-dev
Suggested packages:
  manpages-dev python-setuptools
The following NEW packages will be installed:
  libcap-dev libnet1 libnet1-dev libnl-3-200 libnl-3-dev libprotobuf-c-dev
  libprotobuf-c1 libprotobuf-dev libprotobuf-lite10 libprotobuf10 libprotoc10
  protobuf-c-compiler protobuf-compiler python-pkg-resources python-protobuf
  zlib1g-dev
0 upgraded, 16 newly installed, 0 to remove and 1 not upgraded.
Need to get 3476 kB of archives.
After this operation, 20.2 MB of additional disk space will be used.
Get:1 http://cdn-fastly.deb.debian.org/debian stretch/main s390x libnet1 s390x 1.1.6+dfsg-3 [57.1 kB]
Get:2 http://cdn-fastly.deb.debian.org/debian stretch/main s390x libcap-dev s390x 1:2.25-1 [30.1 kB]
Get:3 http://cdn-fastly.deb.debian.org/debian stretch/main s390x libnet1-dev s390x 1.1.6+dfsg-3 [114 kB]
Get:4 http://cdn-fastly.deb.debian.org/debian stretch/main s390x libnl-3-200 s390x 3.2.27-2 [59.3 kB]
Get:5 http://cdn-fastly.deb.debian.org/debian stretch/main s390x libnl-3-dev s390x 3.2.27-2 [96.2 kB]
Get:6 http://cdn-fastly.deb.debian.org/debian stretch/main s390x libprotobuf-c1 s390x 1.2.1-2 [25.1 kB]
Get:7 http://cdn-fastly.deb.debian.org/debian stretch/main s390x libprotobuf-c-dev s390x 1.2.1-2 [32.5 kB]
Get:8 http://cdn-fastly.deb.debian.org/debian stretch/main s390x zlib1g-dev s390x 1:1.2.8.dfsg-5 [204 kB]
Get:9 http://cdn-fastly.deb.debian.org/debian stretch/main s390x libprotobuf10 s390x 3.0.0-9 [648 kB]
Get:10 http://cdn-fastly.deb.debian.org/debian stretch/main s390x libprotobuf-lite10 s390x 3.0.0-9 [123 kB]
Get:11 http://cdn-fastly.deb.debian.org/debian stretch/main s390x libprotobuf-dev s390x 3.0.0-9 [925 kB]
Get:12 http://cdn-fastly.deb.debian.org/debian stretch/main s390x libprotoc10 s390x 3.0.0-9 [580 kB]
Get:13 http://cdn-fastly.deb.debian.org/debian stretch/main s390x protobuf-c-compiler s390x 1.2.1-2 [73.1 kB]
Get:14 http://cdn-fastly.deb.debian.org/debian stretch/main s390x protobuf-compiler s390x 3.0.0-9 [52.6 kB]
Get:15 http://cdn-fastly.deb.debian.org/debian stretch/main s390x python-pkg-resources all 33.1.1-1 [166 kB]
Get:16 http://cdn-fastly.deb.debian.org/debian stretch/main s390x python-protobuf s390x 3.0.0-9 [288 kB]
debconf: delaying package configuration, since apt-utils is not installed
Fetched 3476 kB in 1s (2610 kB/s)
Selecting previously unselected package libnet1:s390x.
(Reading database ... (Reading database ... 5%(Reading database ... 10%(Reading database ... 15%(Reading database ... 20%(Reading database ... 25%(Reading database ... 30%(Reading database ... 35%(Reading database ... 40%(Reading database ... 45%(Reading database ... 50%(Reading database ... 55%(Reading database ... 60%(Reading database ... 65%(Reading database ... 70%(Reading database ... 75%(Reading database ... 80%(Reading database ... 85%(Reading database ... 90%(Reading database ... 95%(Reading database ... 100%(Reading database ... 14826 files and directories currently installed.)
Preparing to unpack .../00-libnet1_1.1.6+dfsg-3_s390x.deb ...
Unpacking libnet1:s390x (1.1.6+dfsg-3) ...
Selecting previously unselected package libcap-dev:s390x.
Preparing to unpack .../01-libcap-dev_1%3a2.25-1_s390x.deb ...
Unpacking libcap-dev:s390x (1:2.25-1) ...
Selecting previously unselected package libnet1-dev.
Preparing to unpack .../02-libnet1-dev_1.1.6+dfsg-3_s390x.deb ...
Unpacking libnet1-dev (1.1.6+dfsg-3) ...
Selecting previously unselected package libnl-3-200:s390x.
Preparing to unpack .../03-libnl-3-200_3.2.27-2_s390x.deb ...
Unpacking libnl-3-200:s390x (3.2.27-2) ...
Selecting previously unselected package libnl-3-dev:s390x.
Preparing to unpack .../04-libnl-3-dev_3.2.27-2_s390x.deb ...
Unpacking libnl-3-dev:s390x (3.2.27-2) ...
Selecting previously unselected package libprotobuf-c1:s390x.
Preparing to unpack .../05-libprotobuf-c1_1.2.1-2_s390x.deb ...
Unpacking libprotobuf-c1:s390x (1.2.1-2) ...
Selecting previously unselected package libprotobuf-c-dev:s390x.
Preparing to unpack .../06-libprotobuf-c-dev_1.2.1-2_s390x.deb ...
Unpacking libprotobuf-c-dev:s390x (1.2.1-2) ...
Selecting previously unselected package zlib1g-dev:s390x.
Preparing to unpack .../07-zlib1g-dev_1%3a1.2.8.dfsg-5_s390x.deb ...
Unpacking zlib1g-dev:s390x (1:1.2.8.dfsg-5) ...
Selecting previously unselected package libprotobuf10:s390x.
Preparing to unpack .../08-libprotobuf10_3.0.0-9_s390x.deb ...
Unpacking libprotobuf10:s390x (3.0.0-9) ...
Selecting previously unselected package libprotobuf-lite10:s390x.
Preparing to unpack .../09-libprotobuf-lite10_3.0.0-9_s390x.deb ...
Unpacking libprotobuf-lite10:s390x (3.0.0-9) ...
Selecting previously unselected package libprotobuf-dev:s390x.
Preparing to unpack .../10-libprotobuf-dev_3.0.0-9_s390x.deb ...
Unpacking libprotobuf-dev:s390x (3.0.0-9) ...
Selecting previously unselected package libprotoc10:s390x.
Preparing to unpack .../11-libprotoc10_3.0.0-9_s390x.deb ...
Unpacking libprotoc10:s390x (3.0.0-9) ...
Selecting previously unselected package protobuf-c-compiler.
Preparing to unpack .../12-protobuf-c-compiler_1.2.1-2_s390x.deb ...
Unpacking protobuf-c-compiler (1.2.1-2) ...
Selecting previously unselected package protobuf-compiler.
Preparing to unpack .../13-protobuf-compiler_3.0.0-9_s390x.deb ...
Unpacking protobuf-compiler (3.0.0-9) ...
Selecting previously unselected package python-pkg-resources.
Preparing to unpack .../14-python-pkg-resources_33.1.1-1_all.deb ...
Unpacking python-pkg-resources (33.1.1-1) ...
Selecting previously unselected package python-protobuf.
Preparing to unpack .../15-python-protobuf_3.0.0-9_s390x.deb ...
Unpacking python-protobuf (3.0.0-9) ...
Setting up libnet1:s390x (1.1.6+dfsg-3) ...
Setting up libprotobuf-c1:s390x (1.2.1-2) ...
Setting up python-pkg-resources (33.1.1-1) ...
Setting up libnet1-dev (1.1.6+dfsg-3) ...
Setting up libprotobuf10:s390x (3.0.0-9) ...
Processing triggers for libc-bin (2.24-11+deb9u3) ...
Setting up python-protobuf (3.0.0-9) ...
Setting up libcap-dev:s390x (1:2.25-1) ...
Setting up libprotobuf-c-dev:s390x (1.2.1-2) ...
Setting up libnl-3-200:s390x (3.2.27-2) ...
Setting up libprotobuf-lite10:s390x (3.0.0-9) ...
Setting up libprotoc10:s390x (3.0.0-9) ...
Setting up protobuf-c-compiler (1.2.1-2) ...
Setting up zlib1g-dev:s390x (1:1.2.8.dfsg-5) ...
Setting up protobuf-compiler (3.0.0-9) ...
Setting up libprotobuf-dev:s390x (3.0.0-9) ...
Setting up libnl-3-dev:s390x (3.2.27-2) ...
Processing triggers for libc-bin (2.24-11+deb9u3) ...
fatal: Not a git repository (or any of the parent directories): .git
  GEN      .gitid
  GEN      criu/include/version.h
  GEN      include/common/asm
  PBCC     images/google/protobuf/descriptor.pb-c.c
  PBCC     images/opts.pb-c.c
  PBCC     images/sit.pb-c.c
  DEP      images/google/protobuf/descriptor.pb-c.d
  DEP      images/opts.pb-c.d
  DEP      images/sit.pb-c.d
  PBCC     images/macvlan.pb-c.c
  DEP      images/macvlan.pb-c.d
  PBCC     images/autofs.pb-c.c
  DEP      images/autofs.pb-c.d
  PBCC     images/sysctl.pb-c.c
  DEP      images/sysctl.pb-c.d
  PBCC     images/time.pb-c.c
  DEP      images/time.pb-c.d
  PBCC     images/binfmt-misc.pb-c.c
  DEP      images/binfmt-misc.pb-c.d
  PBCC     images/seccomp.pb-c.c
  DEP      images/seccomp.pb-c.d
  PBCC     images/userns.pb-c.c
  DEP      images/userns.pb-c.d
  PBCC     images/cgroup.pb-c.c
  DEP      images/cgroup.pb-c.d
  PBCC     images/fown.pb-c.c
  PBCC     images/ext-file.pb-c.c
  DEP      images/fown.pb-c.d
  DEP      images/ext-file.pb-c.d
  PBCC     images/rpc.pb-c.c
  DEP      images/rpc.pb-c.d
  PBCC     images/siginfo.pb-c.c
  DEP      images/siginfo.pb-c.d
  PBCC     images/pagemap.pb-c.c
  DEP      images/pagemap.pb-c.d
  PBCC     images/rlimit.pb-c.c
  DEP      images/rlimit.pb-c.d
  PBCC     images/file-lock.pb-c.c
  DEP      images/file-lock.pb-c.d
  PBCC     images/tty.pb-c.c
  DEP      images/tty.pb-c.d
  PBCC     images/tun.pb-c.c
  PBCC     images/netdev.pb-c.c
  DEP      images/tun.pb-c.d
  DEP      images/netdev.pb-c.d
  PBCC     images/vma.pb-c.c
  DEP      images/vma.pb-c.d
  PBCC     images/creds.pb-c.c
  DEP      images/creds.pb-c.d
  PBCC     images/utsns.pb-c.c
  DEP      images/utsns.pb-c.d
  PBCC     images/ipc-desc.pb-c.c
  PBCC     images/ipc-sem.pb-c.c
  DEP      images/ipc-desc.pb-c.d
  DEP      images/ipc-sem.pb-c.d
  PBCC     images/ipc-msg.pb-c.c
  DEP      images/ipc-msg.pb-c.d
  PBCC     images/ipc-shm.pb-c.c
  DEP      images/ipc-shm.pb-c.d
  PBCC     images/ipc-var.pb-c.c
  DEP      images/ipc-var.pb-c.d
  PBCC     images/sk-opts.pb-c.c
  PBCC     images/packet-sock.pb-c.c
  DEP      images/sk-opts.pb-c.d
  DEP      images/packet-sock.pb-c.d
  PBCC     images/sk-netlink.pb-c.c
  DEP      images/sk-netlink.pb-c.d
  PBCC     images/sk-inet.pb-c.c
  DEP      images/sk-inet.pb-c.d
  PBCC     images/sk-unix.pb-c.c
  DEP      images/sk-unix.pb-c.d
  PBCC     images/mm.pb-c.c
  DEP      images/mm.pb-c.d
  PBCC     images/timerfd.pb-c.c
  DEP      images/timerfd.pb-c.d
  PBCC     images/timer.pb-c.c
  DEP      images/timer.pb-c.d
  PBCC     images/sa.pb-c.c
  DEP      images/sa.pb-c.d
  PBCC     images/pipe-data.pb-c.c
  DEP      images/pipe-data.pb-c.d
  PBCC     images/mnt.pb-c.c
  DEP      images/mnt.pb-c.d
  PBCC     images/sk-packet.pb-c.c
  DEP      images/sk-packet.pb-c.d
  PBCC     images/tcp-stream.pb-c.c
  DEP      images/tcp-stream.pb-c.d
  PBCC     images/pipe.pb-c.c
  DEP      images/pipe.pb-c.d
  PBCC     images/pstree.pb-c.c
  DEP      images/pstree.pb-c.d
  PBCC     images/fs.pb-c.c
  DEP      images/fs.pb-c.d
  PBCC     images/signalfd.pb-c.c
  DEP      images/signalfd.pb-c.d
  PBCC     images/fh.pb-c.c
  PBCC     images/fsnotify.pb-c.c
  DEP      images/fh.pb-c.d
  DEP      images/fsnotify.pb-c.d
  PBCC     images/eventpoll.pb-c.c
  DEP      images/eventpoll.pb-c.d
  PBCC     images/eventfd.pb-c.c
  DEP      images/eventfd.pb-c.d
  PBCC     images/remap-file-path.pb-c.c
  DEP      images/remap-file-path.pb-c.d
  PBCC     images/fifo.pb-c.c
  DEP      images/fifo.pb-c.d
  PBCC     images/ghost-file.pb-c.c
  DEP      images/ghost-file.pb-c.d
  PBCC     images/regfile.pb-c.c
  DEP      images/regfile.pb-c.d
  PBCC     images/ns.pb-c.c
  DEP      images/ns.pb-c.d
  PBCC     images/fdinfo.pb-c.c
  DEP      images/fdinfo.pb-c.d
  PBCC     images/core-aarch64.pb-c.c
  PBCC     images/core-arm.pb-c.c
  PBCC     images/core-ppc64.pb-c.c
  PBCC     images/core-s390.pb-c.c
  PBCC     images/core-x86.pb-c.c
  PBCC     images/core.pb-c.c
  PBCC     images/inventory.pb-c.c
  DEP      images/core-aarch64.pb-c.d
  DEP      images/core-arm.pb-c.d
  DEP      images/core-ppc64.pb-c.d
  DEP      images/core-s390.pb-c.d
  DEP      images/core-x86.pb-c.d
  DEP      images/core.pb-c.d
  DEP      images/inventory.pb-c.d
  PBCC     images/cpuinfo.pb-c.c
  DEP      images/cpuinfo.pb-c.d
  PBCC     images/stats.pb-c.c
  DEP      images/stats.pb-c.d
make[1]: Nothing to be done for 'all'.
  CC       images/stats.o
  CC       images/core.o
  CC       images/core-x86.o
  CC       images/core-arm.o
  CC       images/core-aarch64.o
  CC       images/core-ppc64.o
  CC       images/core-s390.o
  CC       images/cpuinfo.o
  CC       images/inventory.o
  CC       images/fdinfo.o
  CC       images/fown.o
  CC       images/ns.o
  CC       images/regfile.o
  CC       images/ghost-file.o
  CC       images/fifo.o
  CC       images/remap-file-path.o
  CC       images/eventfd.o
  CC       images/eventpoll.o
  CC       images/fh.o
  CC       images/fsnotify.o
  CC       images/signalfd.o
  CC       images/fs.o
  CC       images/pstree.o
  CC       images/pipe.o
  CC       images/tcp-stream.o
  CC       images/sk-packet.o
  CC       images/mnt.o
  CC       images/pipe-data.o
  CC       images/sa.o
  CC       images/timer.o
  CC       images/timerfd.o
  CC       images/mm.o
  CC       images/sk-opts.o
  CC       images/sk-unix.o
  CC       images/sk-inet.o
  CC       images/tun.o
  CC       images/sk-netlink.o
  CC       images/packet-sock.o
  CC       images/ipc-var.o
  CC       images/ipc-desc.o
  CC       images/ipc-shm.o
  CC       images/ipc-msg.o
  CC       images/ipc-sem.o
  CC       images/utsns.o
  CC       images/creds.o
  CC       images/vma.o
  CC       images/netdev.o
  CC       images/tty.o
  CC       images/file-lock.o
  CC       images/rlimit.o
  CC       images/pagemap.o
  CC       images/siginfo.o
  CC       images/rpc.o
  CC       images/ext-file.o
  CC       images/cgroup.o
  CC       images/userns.o
  CC       images/google/protobuf/descriptor.o
  CC       images/opts.o
  CC       images/seccomp.o
  CC       images/binfmt-misc.o
  CC       images/time.o
  CC       images/sysctl.o
  CC       images/autofs.o
  CC       images/macvlan.o
  CC       images/sit.o
  LINK     images/built-in.o
  GEN      compel/include/asm
  GEN      compel/include/version.h
touch .config
  GEN      criu/include/config.h
  DEP      compel/arch/s390/plugins/std/syscalls/syscalls-s390.d
  GEN      compel/plugins/include/uapi/std/syscall-codes.h
  GEN      compel/plugins/include/uapi/std/syscall.h
  GEN      compel/arch/s390/plugins/std/syscalls/syscalls.S
  DEP      compel/arch/s390/plugins/std/syscalls/syscalls.d
  DEP      compel/arch/s390/plugins/std/parasite-head.d
  GEN      compel/plugins/include/uapi/std/asm/syscall-types.h
  DEP      compel/plugins/std/infect.d
  DEP      compel/plugins/std/string.d
  DEP      compel/plugins/std/log.d
  DEP      compel/plugins/std/fds.d
  DEP      compel/plugins/std/std.d
  DEP      compel/plugins/shmem/shmem.d
  DEP      compel/plugins/fds/fds.d
  CC       compel/plugins/std/std.o
  CC       compel/plugins/std/fds.o
  CC       compel/plugins/std/log.o
  CC       compel/plugins/std/string.o
  CC       compel/plugins/std/infect.o
  CC       compel/arch/s390/plugins/std/parasite-head.o
  CC       compel/arch/s390/plugins/std/syscalls/syscalls.o
  CC       compel/arch/s390/plugins/std/syscalls/syscalls-s390.o
  AR       compel/plugins/std.lib.a
  CC       compel/plugins/fds/fds.o
  AR       compel/plugins/fds.lib.a
  HOSTDEP  compel/src/lib/log-host.d
  HOSTDEP  compel/src/lib/handle-elf-host.d
  HOSTDEP  compel/arch/s390/src/lib/handle-elf-host.d
  HOSTDEP  compel/src/main-host.d
  DEP      compel/src/main.d
  DEP      compel/src/lib/handle-elf.d
  DEP      compel/arch/s390/src/lib/handle-elf.d
  DEP      compel/src/lib/ptrace.d
  DEP      compel/src/lib/infect.d
  DEP      compel/src/lib/infect-util.d
  DEP      compel/src/lib/infect-rpc.d
  DEP      compel/arch/s390/src/lib/infect.d
  DEP      compel/arch/s390/src/lib/cpu.d
  DEP      compel/src/lib/log.d
  CC       compel/src/lib/log.o
  CC       compel/arch/s390/src/lib/cpu.o
  CC       compel/arch/s390/src/lib/infect.o
  CC       compel/src/lib/infect-rpc.o
  CC       compel/src/lib/infect-util.o
  CC       compel/src/lib/infect.o
  CC       compel/src/lib/ptrace.o
  AR       compel/libcompel.a
  HOSTCC   compel/src/main-host.o
  HOSTCC   compel/arch/s390/src/lib/handle-elf-host.o
  HOSTCC   compel/src/lib/handle-elf-host.o
  HOSTCC   compel/src/lib/log-host.o
  HOSTLINK compel/compel-host-bin
  DEP      soccr/soccr.d
  CC       soccr/soccr.o
  AR       soccr/libsoccr.a
make[1]: 'soccr/libsoccr.a' is up to date.
  DEP      criu/arch/s390/sigframe.d
  DEP      criu/arch/s390/crtools.d
  DEP      criu/arch/s390/cpu.d
  CC       criu/arch/s390/cpu.o
  CC       criu/arch/s390/crtools.o
  CC       criu/arch/s390/sigframe.o
  LINK     criu/arch/s390/crtools.built-in.o
  DEP      criu/arch/s390/vdso-pie.d
  DEP      criu/pie/parasite-vdso.d
  DEP      criu/pie/util-vdso.d
  DEP      criu/pie/util.d
  CC       criu/pie/util.o
  CC       criu/pie/util-vdso.o
  CC       criu/pie/parasite-vdso.o
  CC       criu/arch/s390/vdso-pie.o
  AR       criu/pie/pie.lib.a
  DEP      criu/pie/restorer.d
  DEP      criu/arch/s390/restorer.d
  DEP      criu/pie/parasite.d
  CC       criu/pie/parasite.o
  LINK     criu/pie/parasite.built-in.o
  GEN      criu/pie/parasite-blob.h
  CC       criu/arch/s390/restorer.o
  CC       criu/pie/restorer.o
  LINK     criu/pie/restorer.built-in.o
  GEN      criu/pie/restorer-blob.h
  DEP      criu/vdso.d
  DEP      criu/uts_ns.d
  DEP      criu/util.d
  DEP      criu/uffd.d
  DEP      criu/tun.d
  DEP      criu/tty.d
  DEP      criu/timerfd.d
  DEP      criu/sysfs_parse.d
  DEP      criu/sysctl.d
  DEP      criu/string.d
  DEP      criu/stats.d
  DEP      criu/sockets.d
  DEP      criu/sk-unix.d
  DEP      criu/sk-tcp.d
  DEP      criu/sk-queue.d
  DEP      criu/sk-packet.d
  DEP      criu/sk-netlink.d
  DEP      criu/sk-inet.d
  DEP      criu/signalfd.d
  DEP      criu/sigframe.d
  DEP      criu/shmem.d
  DEP      criu/seize.d
  DEP      criu/seccomp.d
  DEP      criu/rst-malloc.d
  DEP      criu/rbtree.d
  DEP      criu/pstree.d
  DEP      criu/protobuf.d
  GEN      criu/protobuf-desc-gen.h
  DEP      criu/protobuf-desc.d
  DEP      criu/proc_parse.d
  DEP      criu/plugin.d
  DEP      criu/pipes.d
  DEP      criu/pie-util.d
  DEP      criu/pie-util-vdso.d
  DEP      criu/pie-util-vdso-elf32.d
  DEP      criu/path.d
  DEP      criu/parasite-syscall.d
  DEP      criu/pagemap.d
  DEP      criu/pagemap-cache.d
  DEP      criu/page-xfer.d
  DEP      criu/page-pipe.d
  DEP      criu/netfilter.d
  DEP      criu/net.d
  DEP      criu/namespaces.d
  DEP      criu/mount.d
  DEP      criu/mem.d
  DEP      criu/lsm.d
  DEP      criu/log.d
  DEP      criu/libnetlink.d
  DEP      criu/kerndat.d
  DEP      criu/kcmp-ids.d
  DEP      criu/irmap.d
  DEP      criu/ipc_ns.d
  DEP      criu/image.d
  DEP      criu/image-desc.d
  DEP      criu/fsnotify.d
  DEP      criu/filesystems.d
  DEP      criu/files.d
  DEP      criu/files-reg.d
  DEP      criu/files-ext.d
  DEP      criu/file-lock.d
  DEP      criu/file-ids.d
  DEP      criu/fifo.d
  DEP      criu/fdstore.d
  DEP      criu/fault-injection.d
  DEP      criu/external.d
  DEP      criu/eventpoll.d
  DEP      criu/eventfd.d
  DEP      criu/crtools.d
  DEP      criu/cr-service.d
  DEP      criu/cr-restore.d
  DEP      criu/cr-errno.d
  DEP      criu/cr-dump.d
  DEP      criu/cr-dedup.d
  DEP      criu/cr-check.d
  DEP      criu/clone-noasan.d
  DEP      criu/cgroup.d
  DEP      criu/cgroup-props.d
  DEP      criu/bitmap.d
  DEP      criu/bfd.d
  DEP      criu/autofs.d
  DEP      criu/aio.d
  DEP      criu/action-scripts.d
  CC       criu/action-scripts.o
  CC       criu/aio.o
  CC       criu/autofs.o
  CC       criu/bfd.o
  CC       criu/bitmap.o
  CC       criu/cgroup-props.o
  CC       criu/cgroup.o
  CC       criu/clone-noasan.o
  CC       criu/cr-check.o
  CC       criu/cr-dedup.o
  CC       criu/cr-dump.o
  CC       criu/cr-errno.o
  CC       criu/cr-restore.o
  CC       criu/cr-service.o
  CC       criu/crtools.o
  CC       criu/eventfd.o
  CC       criu/eventpoll.o
  CC       criu/external.o
  CC       criu/fault-injection.o
  CC       criu/fdstore.o
  CC       criu/fifo.o
  CC       criu/file-ids.o
  CC       criu/file-lock.o
  CC       criu/files-ext.o
  CC       criu/files-reg.o
  CC       criu/files.o
  CC       criu/filesystems.o
  CC       criu/fsnotify.o
  CC       criu/image-desc.o
  CC       criu/image.o
  CC       criu/ipc_ns.o
  CC       criu/irmap.o
  CC       criu/kcmp-ids.o
  CC       criu/kerndat.o
  CC       criu/libnetlink.o
  CC       criu/log.o
  CC       criu/lsm.o
  CC       criu/mem.o
  CC       criu/mount.o
  CC       criu/namespaces.o
  CC       criu/net.o
  CC       criu/netfilter.o
  CC       criu/page-pipe.o
  CC       criu/page-xfer.o
  CC       criu/pagemap-cache.o
  CC       criu/pagemap.o
  CC       criu/parasite-syscall.o
  CC       criu/path.o
  CC       criu/pie-util-vdso-elf32.o
  CC       criu/pie-util-vdso.o
  CC       criu/pie-util.o
  CC       criu/pipes.o
  CC       criu/plugin.o
  CC       criu/proc_parse.o
  CC       criu/protobuf-desc.o
  CC       criu/protobuf.o
  CC       criu/pstree.o
  CC       criu/rbtree.o
  CC       criu/rst-malloc.o
  CC       criu/seccomp.o
  CC       criu/seize.o
  CC       criu/shmem.o
  CC       criu/sigframe.o
  CC       criu/signalfd.o
  CC       criu/sk-inet.o
  CC       criu/sk-netlink.o
  CC       criu/sk-packet.o
  CC       criu/sk-queue.o
  CC       criu/sk-tcp.o
  CC       criu/sk-unix.o
  CC       criu/sockets.o
  CC       criu/stats.o
  CC       criu/string.o
  CC       criu/sysctl.o
  CC       criu/sysfs_parse.o
  CC       criu/timerfd.o
  CC       criu/tty.o
  CC       criu/tun.o
  CC       criu/uffd.o
  CC       criu/util.o
  CC       criu/uts_ns.o
  CC       criu/vdso.o
  LINK     criu/built-in.o
  LINK     criu/criu
  DEP      lib/c/criu.d
  CC       images/rpc.pb-c.o
  CC       lib/c/criu.o
  LINK     lib/c/built-in.o
  LINK     lib/c/libcriu.so
  GEN      magic.py
fatal: Not a git repository (or any of the parent directories): .git
make[1]: Nothing to be done for 'all'.
make[1]: 'images/built-in.o' is up to date.
make[1]: 'compel/plugins/std.lib.a' is up to date.
make[1]: 'compel/plugins/fds.lib.a' is up to date.
make[1]: 'compel/libcompel.a' is up to date.
make[1]: 'compel/compel-host-bin' is up to date.
make[1]: Nothing to be done for 'all'.
make[1]: 'soccr/libsoccr.a' is up to date.
make[2]: Nothing to be done for 'all'.
make[2]: Nothing to be done for 'all'.
make[2]: Nothing to be done for 'all'.
make[2]: Nothing to be done for 'all'.
make[2]: Nothing to be done for 'all'.
make[2]: Nothing to be done for 'all'.
make[2]: Nothing to be done for 'all'.
make[2]: Nothing to be done for 'all'.
  INSTALL  criu/criu
Removing intermediate container 72cf5f17afa4
 ---> ab778d4ab48a
Step 7/94 : FROM base AS registry
 ---> c22dc461ffc4
Step 8/94 : ENV REGISTRY_COMMIT_SCHEMA1 ec87e9b6971d831f0eff752ddb54fb64693e51cd
 ---> Running in 81443a38fc3c
Removing intermediate container 81443a38fc3c
 ---> c215edb65def
Step 9/94 : ENV REGISTRY_COMMIT 47a064d4195a9b56133891bbb13620c3ac83a827
 ---> Running in 16ee35146a30
Removing intermediate container 16ee35146a30
 ---> ce839427ee67
Step 10/94 : RUN set -x 	&& export GOPATH="$(mktemp -d)" 	&& git clone https://github.com/docker/distribution.git "$GOPATH/src/github.com/docker/distribution" 	&& (cd "$GOPATH/src/github.com/docker/distribution" && git checkout -q "$REGISTRY_COMMIT") 	&& GOPATH="$GOPATH/src/github.com/docker/distribution/Godeps/_workspace:$GOPATH" 		go build -buildmode=pie -o /build/registry-v2 github.com/docker/distribution/cmd/registry 	&& case $(dpkg --print-architecture) in 		amd64|ppc64*|s390x) 		(cd "$GOPATH/src/github.com/docker/distribution" && git checkout -q "$REGISTRY_COMMIT_SCHEMA1"); 		GOPATH="$GOPATH/src/github.com/docker/distribution/Godeps/_workspace:$GOPATH"; 			go build -buildmode=pie -o /build/registry-v2-schema1 github.com/docker/distribution/cmd/registry; 		;; 	   esac 	&& rm -rf "$GOPATH"
 ---> Running in ec1ce1c580c4
+ mktemp -d
+ export GOPATH=/tmp/tmp.Om1vTROolE
+ git clone https://github.com/docker/distribution.git /tmp/tmp.Om1vTROolE/src/github.com/docker/distribution
Cloning into '/tmp/tmp.Om1vTROolE/src/github.com/docker/distribution'...
+ cd /tmp/tmp.Om1vTROolE/src/github.com/docker/distribution
+ git checkout -q 47a064d4195a9b56133891bbb13620c3ac83a827
+ GOPATH=/tmp/tmp.Om1vTROolE/src/github.com/docker/distribution/Godeps/_workspace:/tmp/tmp.Om1vTROolE go build -buildmode=pie -o /build/registry-v2 github.com/docker/distribution/cmd/registry
+ dpkg --print-architecture
+ cd /tmp/tmp.Om1vTROolE/src/github.com/docker/distribution
+ git checkout -q ec87e9b6971d831f0eff752ddb54fb64693e51cd
+ GOPATH=/tmp/tmp.Om1vTROolE/src/github.com/docker/distribution/Godeps/_workspace:/tmp/tmp.Om1vTROolE
+ go build -buildmode=pie -o /build/registry-v2-schema1 github.com/docker/distribution/cmd/registry
+ rm -rf /tmp/tmp.Om1vTROolE/src/github.com/docker/distribution/Godeps/_workspace:/tmp/tmp.Om1vTROolE
Removing intermediate container ec1ce1c580c4
 ---> 3ef03ea7c5ed
Step 11/94 : FROM base AS docker-py
 ---> c22dc461ffc4
Step 12/94 : ENV DOCKER_PY_COMMIT 8b246db271a85d6541dc458838627e89c683e42f
 ---> Running in 16a986a77728
Removing intermediate container 16a986a77728
 ---> ee88d84e20b1
Step 13/94 : RUN git clone https://github.com/docker/docker-py.git /build 	&& cd /build 	&& git checkout -q $DOCKER_PY_COMMIT
 ---> Running in 5d403df253d2
Cloning into '/build'...
Removing intermediate container 5d403df253d2
 ---> b73829bddd47
Step 14/94 : FROM base AS swagger
 ---> c22dc461ffc4
Step 15/94 : ENV GO_SWAGGER_COMMIT c28258affb0b6251755d92489ef685af8d4ff3eb
 ---> Running in f42836544afe
Removing intermediate container f42836544afe
 ---> d8677509e13b
Step 16/94 : RUN set -x 	&& export GOPATH="$(mktemp -d)" 	&& git clone https://github.com/go-swagger/go-swagger.git "$GOPATH/src/github.com/go-swagger/go-swagger" 	&& (cd "$GOPATH/src/github.com/go-swagger/go-swagger" && git checkout -q "$GO_SWAGGER_COMMIT") 	&& go build -o /build/swagger github.com/go-swagger/go-swagger/cmd/swagger 	&& rm -rf "$GOPATH"
 ---> Running in 941dd3cd80ef
+ mktemp -d
+ export GOPATH=/tmp/tmp.Xuz9btHF90
+ git clone https://github.com/go-swagger/go-swagger.git /tmp/tmp.Xuz9btHF90/src/github.com/go-swagger/go-swagger
Cloning into '/tmp/tmp.Xuz9btHF90/src/github.com/go-swagger/go-swagger'...
+ cd /tmp/tmp.Xuz9btHF90/src/github.com/go-swagger/go-swagger
+ git checkout -q c28258affb0b6251755d92489ef685af8d4ff3eb
+ go build -o /build/swagger github.com/go-swagger/go-swagger/cmd/swagger
+ rm -rf /tmp/tmp.Xuz9btHF90
Removing intermediate container 941dd3cd80ef
 ---> ea8c7e5e4ec3
Step 17/94 : FROM base AS frozen-images
 ---> c22dc461ffc4
Step 18/94 : RUN apt-get update && apt-get install -y jq ca-certificates --no-install-recommends
 ---> Running in 0bea6aaaf1e0
Ign:1 http://cdn-fastly.deb.debian.org/debian stretch InRelease
Get:2 http://cdn-fastly.deb.debian.org/debian stretch-updates InRelease [91.0 kB]
Get:3 http://cdn-fastly.deb.debian.org/debian stretch Release [118 kB]
Get:4 http://cdn-fastly.deb.debian.org/debian stretch Release.gpg [2434 B]
Get:5 http://cdn-fastly.deb.debian.org/debian stretch-updates/main s390x Packages [5100 B]
Get:6 http://cdn-fastly.deb.debian.org/debian stretch/main s390x Packages [6859 kB]
Get:7 http://security.debian.org/debian-security stretch/updates InRelease [94.3 kB]
Get:8 http://security.debian.org/debian-security stretch/updates/main s390x Packages [447 kB]
Fetched 7616 kB in 1s (5023 kB/s)
Reading package lists...
Reading package lists...
Building dependency tree...
Reading state information...
ca-certificates is already the newest version (20161130+nmu1+deb9u1).
The following additional packages will be installed:
  libjq1 libonig4
The following NEW packages will be installed:
  jq libjq1 libonig4
0 upgraded, 3 newly installed, 0 to remove and 1 not upgraded.
Need to get 328 kB of archives.
After this operation, 1263 kB of additional disk space will be used.
Get:1 http://cdn-fastly.deb.debian.org/debian stretch/main s390x libonig4 s390x 6.1.3-2 [142 kB]
Get:2 http://cdn-fastly.deb.debian.org/debian stretch/main s390x libjq1 s390x 1.5+dfsg-1.3 [126 kB]
Get:3 http://cdn-fastly.deb.debian.org/debian stretch/main s390x jq s390x 1.5+dfsg-1.3 [59.2 kB]
debconf: delaying package configuration, since apt-utils is not installed
Fetched 328 kB in 0s (2329 kB/s)
Selecting previously unselected package libonig4:s390x.
(Reading database ... (Reading database ... 5%(Reading database ... 10%(Reading database ... 15%(Reading database ... 20%(Reading database ... 25%(Reading database ... 30%(Reading database ... 35%(Reading database ... 40%(Reading database ... 45%(Reading database ... 50%(Reading database ... 55%(Reading database ... 60%(Reading database ... 65%(Reading database ... 70%(Reading database ... 75%(Reading database ... 80%(Reading database ... 85%(Reading database ... 90%(Reading database ... 95%(Reading database ... 100%(Reading database ... 14826 files and directories currently installed.)
Preparing to unpack .../libonig4_6.1.3-2_s390x.deb ...
Unpacking libonig4:s390x (6.1.3-2) ...
Selecting previously unselected package libjq1:s390x.
Preparing to unpack .../libjq1_1.5+dfsg-1.3_s390x.deb ...
Unpacking libjq1:s390x (1.5+dfsg-1.3) ...
Selecting previously unselected package jq.
Preparing to unpack .../jq_1.5+dfsg-1.3_s390x.deb ...
Unpacking jq (1.5+dfsg-1.3) ...
Setting up libonig4:s390x (6.1.3-2) ...
Setting up libjq1:s390x (1.5+dfsg-1.3) ...
Processing triggers for libc-bin (2.24-11+deb9u3) ...
Setting up jq (1.5+dfsg-1.3) ...
Removing intermediate container 0bea6aaaf1e0
 ---> 06bd5482a030
Step 19/94 : COPY contrib/download-frozen-image-v2.sh /
 ---> e819087d9ab4
Step 20/94 : RUN /download-frozen-image-v2.sh /build 	buildpack-deps:jessie@sha256:dd86dced7c9cd2a724e779730f0a53f93b7ef42228d4344b25ce9a42a1486251 	busybox:latest@sha256:bbc3a03235220b170ba48a157dd097dd1379299370e1ed99ce976df0355d24f0 	busybox:glibc@sha256:0b55a30394294ab23b9afd58fab94e61a923f5834fba7ddbae7f8e0c11ba85e6 	debian:jessie@sha256:287a20c5f73087ab406e6b364833e3fb7b3ae63ca0eb3486555dc27ed32c6e60 	hello-world:latest@sha256:be0cd392e45be79ffeffa6b05338b98ebb16c87b255f48e297ec7f98e123905c
 ---> Running in 30fffc50379c
Downloading 'library/buildpack-deps:jessie@sha256:dd86dced7c9cd2a724e779730f0a53f93b7ef42228d4344b25ce9a42a1486251' (4 layers)...
######################################################################## 100.0%
#######                                                                   11.1%##################                                                        25.7%#############################                                             40.3%#######################################                                   55.0%##################################################                        69.6%############################################################              84.2%#######################################################################   98.9%######################################################################## 100.0%
######################################################################## 100.0%
#####################                                                     30.1%##################################################                        69.7%######################################################################## 100.0%
######################################################################## 100.0%
#########                                                                 13.5%######################                                                    31.3%###################################                                       49.1%################################################                          66.9%#############################################################             84.7%######################################################################## 100.0%
######################################################################## 100.0%
###                                                                        5.0%#######                                                                   10.7%############                                                              17.3%#################                                                         23.9%#####################                                                     30.5%##########################                                                37.2%###############################                                           43.8%####################################                                      50.4%#########################################                                 57.0%#############################################                             63.6%##################################################                        70.2%#######################################################                   76.9%############################################################              83.5%################################################################          90.1%#####################################################################     96.7%######################################################################## 100.0%

Downloading 'library/busybox:latest@sha256:bbc3a03235220b170ba48a157dd097dd1379299370e1ed99ce976df0355d24f0' (1 layers)...
######################################################################## 100.0%
######################################################################## 100.0%

Downloading 'library/busybox:glibc@sha256:0b55a30394294ab23b9afd58fab94e61a923f5834fba7ddbae7f8e0c11ba85e6' (1 layers)...
######################################################################## 100.0%
######################################################################## 100.0%

Downloading 'library/debian:jessie@sha256:287a20c5f73087ab406e6b364833e3fb7b3ae63ca0eb3486555dc27ed32c6e60' (1 layers)...
skipping existing b63cc5f62c21

Downloading 'library/hello-world:latest@sha256:be0cd392e45be79ffeffa6b05338b98ebb16c87b255f48e297ec7f98e123905c' (1 layers)...
######################################################################## 100.0%
######################################################################## 100.0%

Download of images into '/build' complete.
Use something like the following to load the result into a Docker daemon:
  tar -cC '/build' . | docker load
Removing intermediate container 30fffc50379c
 ---> 3331cd0e689f
Step 21/94 : FROM base AS runtime-dev
 ---> c22dc461ffc4
Step 22/94 : RUN apt-get update && apt-get install -y 	libapparmor-dev 	libseccomp-dev
 ---> Running in e2a6389b020b
Get:1 http://security.debian.org/debian-security stretch/updates InRelease [94.3 kB]
Ign:2 http://cdn-fastly.deb.debian.org/debian stretch InRelease
Get:3 http://cdn-fastly.deb.debian.org/debian stretch-updates InRelease [91.0 kB]
Get:4 http://security.debian.org/debian-security stretch/updates/main s390x Packages [447 kB]
Get:5 http://cdn-fastly.deb.debian.org/debian stretch Release [118 kB]
Get:6 http://cdn-fastly.deb.debian.org/debian stretch Release.gpg [2434 B]
Get:7 http://cdn-fastly.deb.debian.org/debian stretch-updates/main s390x Packages [5100 B]
Get:8 http://cdn-fastly.deb.debian.org/debian stretch/main s390x Packages [6859 kB]
Fetched 7616 kB in 1s (4009 kB/s)
Reading package lists...
Reading package lists...
Building dependency tree...
Reading state information...
The following additional packages will be installed:
  libapparmor1 libseccomp2
Suggested packages:
  seccomp
The following NEW packages will be installed:
  libapparmor-dev libapparmor1 libseccomp-dev libseccomp2
0 upgraded, 4 newly installed, 0 to remove and 1 not upgraded.
Need to get 301 kB of archives.
After this operation, 1402 kB of additional disk space will be used.
Get:1 http://cdn-fastly.deb.debian.org/debian stretch/main s390x libseccomp2 s390x 2.3.1-2.1+deb9u1 [41.3 kB]
Get:2 http://cdn-fastly.deb.debian.org/debian stretch/main s390x libseccomp-dev s390x 2.3.1-2.1+deb9u1 [61.6 kB]
Get:3 http://cdn-fastly.deb.debian.org/debian stretch/main s390x libapparmor1 s390x 2.11.0-3+deb9u2 [78.6 kB]
Get:4 http://cdn-fastly.deb.debian.org/debian stretch/main s390x libapparmor-dev s390x 2.11.0-3+deb9u2 [119 kB]
debconf: delaying package configuration, since apt-utils is not installed
Fetched 301 kB in 0s (1257 kB/s)
Selecting previously unselected package libseccomp2:s390x.
(Reading database ... (Reading database ... 5%(Reading database ... 10%(Reading database ... 15%(Reading database ... 20%(Reading database ... 25%(Reading database ... 30%(Reading database ... 35%(Reading database ... 40%(Reading database ... 45%(Reading database ... 50%(Reading database ... 55%(Reading database ... 60%(Reading database ... 65%(Reading database ... 70%(Reading database ... 75%(Reading database ... 80%(Reading database ... 85%(Reading database ... 90%(Reading database ... 95%(Reading database ... 100%(Reading database ... 14826 files and directories currently installed.)
Preparing to unpack .../libseccomp2_2.3.1-2.1+deb9u1_s390x.deb ...
Unpacking libseccomp2:s390x (2.3.1-2.1+deb9u1) ...
Selecting previously unselected package libseccomp-dev:s390x.
Preparing to unpack .../libseccomp-dev_2.3.1-2.1+deb9u1_s390x.deb ...
Unpacking libseccomp-dev:s390x (2.3.1-2.1+deb9u1) ...
Selecting previously unselected package libapparmor1:s390x.
Preparing to unpack .../libapparmor1_2.11.0-3+deb9u2_s390x.deb ...
Unpacking libapparmor1:s390x (2.11.0-3+deb9u2) ...
Selecting previously unselected package libapparmor-dev:s390x.
Preparing to unpack .../libapparmor-dev_2.11.0-3+deb9u2_s390x.deb ...
Unpacking libapparmor-dev:s390x (2.11.0-3+deb9u2) ...
Processing triggers for libc-bin (2.24-11+deb9u3) ...
Setting up libseccomp2:s390x (2.3.1-2.1+deb9u1) ...
Setting up libapparmor1:s390x (2.11.0-3+deb9u2) ...
Setting up libseccomp-dev:s390x (2.3.1-2.1+deb9u1) ...
Setting up libapparmor-dev:s390x (2.11.0-3+deb9u2) ...
Processing triggers for libc-bin (2.24-11+deb9u3) ...
Removing intermediate container e2a6389b020b
 ---> e1a8643d66a2
Step 23/94 : FROM base AS tomlv
 ---> c22dc461ffc4
Step 24/94 : ENV INSTALL_BINARY_NAME=tomlv
 ---> Running in f29f3ff754db
Removing intermediate container f29f3ff754db
 ---> d907a716c3b6
Step 25/94 : COPY hack/dockerfile/install/install.sh ./install.sh
 ---> 29888eb28868
Step 26/94 : COPY hack/dockerfile/install/$INSTALL_BINARY_NAME.installer ./
 ---> 34b60dbb14a9
Step 27/94 : RUN PREFIX=/build ./install.sh $INSTALL_BINARY_NAME
 ---> Running in e3c45821c072
+ RM_GOPATH=0
+ TMP_GOPATH=
+ : /build
+ [[ -z '' ]]
Install tomlv version 3012a1dbe2e4bd1391d42b32f0577cb7bbc7f005
++ mktemp -d
+ export GOPATH=/tmp/tmp.wtv1Qsq8Ms
+ GOPATH=/tmp/tmp.wtv1Qsq8Ms
+ RM_GOPATH=1
++ dirname ./install.sh
+ dir=.
+ bin=tomlv
+ shift
+ [[ ! -f ./tomlv.installer ]]
+ . ./tomlv.installer
++ TOMLV_COMMIT=3012a1dbe2e4bd1391d42b32f0577cb7bbc7f005
+ install_tomlv
+ echo 'Install tomlv version 3012a1dbe2e4bd1391d42b32f0577cb7bbc7f005'
+ git clone https://github.com/BurntSushi/toml.git /tmp/tmp.wtv1Qsq8Ms/src/github.com/BurntSushi/toml
Cloning into '/tmp/tmp.wtv1Qsq8Ms/src/github.com/BurntSushi/toml'...
+ cd /tmp/tmp.wtv1Qsq8Ms/src/github.com/BurntSushi/toml
+ git checkout -q 3012a1dbe2e4bd1391d42b32f0577cb7bbc7f005
+ go build -v -buildmode=pie -o /build/tomlv github.com/BurntSushi/toml/cmd/tomlv
internal/race
errors
internal/cpu
runtime/internal/atomic
runtime/internal/sys
sync/atomic
internal/bytealg
math
runtime
internal/testlog
math/bits
unicode/utf8
strconv
unicode
encoding
runtime/cgo
sync
io
syscall
reflect
time
internal/poll
internal/syscall/unix
os
sort
strings
fmt
bytes
bufio
path/filepath
flag
io/ioutil
github.com/BurntSushi/toml
log
path
text/tabwriter
github.com/BurntSushi/toml/cmd/tomlv
Removing intermediate container e3c45821c072
 ---> 4204bca12fd4
Step 28/94 : FROM base AS vndr
 ---> c22dc461ffc4
Step 29/94 : ENV INSTALL_BINARY_NAME=vndr
 ---> Running in e406d189c104
Removing intermediate container e406d189c104
 ---> a7e534143114
Step 30/94 : COPY hack/dockerfile/install/install.sh ./install.sh
 ---> f8da0c6420b5
Step 31/94 : COPY hack/dockerfile/install/$INSTALL_BINARY_NAME.installer ./
 ---> 38c435d505f4
Step 32/94 : RUN PREFIX=/build ./install.sh $INSTALL_BINARY_NAME
 ---> Running in 5ce48ae768ca
+ RM_GOPATH=0
+ TMP_GOPATH=
+ : /build
+ [[ -z '' ]]
++ mktemp -d
+ export GOPATH=/tmp/tmp.z9uiRi3Du3
+ GOPATH=/tmp/tmp.z9uiRi3Du3
+ RM_GOPATH=1
++ dirname ./install.sh
+ dir=.
+ bin=vndr
+ shift
+ [[ ! -f ./vndr.installer ]]
+ . ./vndr.installer
++ VNDR_COMMIT=81cb8916aad3c8d06193f008dba3e16f82851f52
+ install_vndr
+ echo 'Install vndr version 81cb8916aad3c8d06193f008dba3e16f82851f52'
+ git clone https://github.com/LK4D4/vndr.git /tmp/tmp.z9uiRi3Du3/src/github.com/LK4D4/vndr
Cloning into '/tmp/tmp.z9uiRi3Du3/src/github.com/LK4D4/vndr'...
Install vndr version 81cb8916aad3c8d06193f008dba3e16f82851f52
+ cd /tmp/tmp.z9uiRi3Du3/src/github.com/LK4D4/vndr
+ git checkout -q 81cb8916aad3c8d06193f008dba3e16f82851f52
+ go build -buildmode=pie -v -o /build/vndr .
errors
internal/cpu
internal/race
runtime/internal/atomic
runtime/internal/sys
internal/bytealg
sync/atomic
unicode
runtime
unicode/utf8
math
internal/testlog
math/bits
strconv
encoding
unicode/utf16
container/list
crypto/internal/subtle
crypto/subtle
crypto/rc4
vendor/golang_org/x/crypto/cryptobyte/asn1
vendor/golang_org/x/net/dns/dnsmessage
internal/nettrace
runtime/cgo
sync
io
syscall
bytes
bufio
reflect
time
internal/poll
internal/syscall/unix
os
strings
fmt
sort
path/filepath
path
flag
go/token
go/scanner
regexp/syntax
go/ast
regexp
io/ioutil
net/url
text/template/parse
go/parser
text/template
log
encoding/binary
encoding/base64
encoding/json
go/doc
github.com/LK4D4/vndr/build
encoding/xml
github.com/LK4D4/vndr/godl/singleflight
compress/flate
hash
context
hash/crc32
compress/gzip
crypto/cipher
math/rand
crypto/aes
math/big
crypto
crypto/des
crypto/internal/randutil
crypto/sha512
crypto/hmac
crypto/md5
crypto/sha1
crypto/sha256
encoding/hex
encoding/pem
internal/singleflight
net
crypto/rand
crypto/elliptic
encoding/asn1
crypto/ecdsa
crypto/rsa
crypto/dsa
crypto/x509/pkix
vendor/golang_org/x/crypto/cryptobyte
vendor/golang_org/x/crypto/internal/chacha20
vendor/golang_org/x/crypto/poly1305
vendor/golang_org/x/crypto/chacha20poly1305
vendor/golang_org/x/crypto/curve25519
vendor/golang_org/x/text/transform
vendor/golang_org/x/text/unicode/bidi
vendor/golang_org/x/text/secure/bidirule
crypto/x509
vendor/golang_org/x/text/unicode/norm
crypto/tls
vendor/golang_org/x/net/idna
net/textproto
vendor/golang_org/x/net/http/httpguts
vendor/golang_org/x/net/http/httpproxy
vendor/golang_org/x/net/http2/hpack
mime
mime/quotedprintable
net/http/httptrace
mime/multipart
net/http/internal
os/exec
net/http
github.com/LK4D4/vndr/godl
github.com/LK4D4/vndr
Removing intermediate container 5ce48ae768ca
 ---> 00bde065f495
Step 33/94 : FROM base AS containerd
 ---> c22dc461ffc4
Step 34/94 : RUN apt-get update && apt-get install -y btrfs-tools
 ---> Running in 7873b3081ee8
Ign:1 http://cdn-fastly.deb.debian.org/debian stretch InRelease
Get:2 http://cdn-fastly.deb.debian.org/debian stretch-updates InRelease [91.0 kB]
Get:3 http://cdn-fastly.deb.debian.org/debian stretch Release [118 kB]
Get:4 http://cdn-fastly.deb.debian.org/debian stretch Release.gpg [2434 B]
Get:5 http://security.debian.org/debian-security stretch/updates InRelease [94.3 kB]
Get:6 http://cdn-fastly.deb.debian.org/debian stretch-updates/main s390x Packages [5100 B]
Get:7 http://cdn-fastly.deb.debian.org/debian stretch/main s390x Packages [6859 kB]
Get:8 http://security.debian.org/debian-security stretch/updates/main s390x Packages [447 kB]
Fetched 7616 kB in 1s (4538 kB/s)
Reading package lists...
Reading package lists...
Building dependency tree...
Reading state information...
The following additional packages will be installed:
  btrfs-progs liblzo2-2
The following NEW packages will be installed:
  btrfs-progs btrfs-tools liblzo2-2
0 upgraded, 3 newly installed, 0 to remove and 1 not upgraded.
Need to get 668 kB of archives.
After this operation, 5446 kB of additional disk space will be used.
Get:1 http://cdn-fastly.deb.debian.org/debian stretch/main s390x liblzo2-2 s390x 2.08-1.2+b2 [55.8 kB]
Get:2 http://cdn-fastly.deb.debian.org/debian stretch/main s390x btrfs-progs s390x 4.7.3-1 [595 kB]
Get:3 http://cdn-fastly.deb.debian.org/debian stretch/main s390x btrfs-tools s390x 4.7.3-1 [16.9 kB]
debconf: delaying package configuration, since apt-utils is not installed
Fetched 668 kB in 0s (5770 kB/s)
Selecting previously unselected package liblzo2-2:s390x.
(Reading database ... (Reading database ... 5%(Reading database ... 10%(Reading database ... 15%(Reading database ... 20%(Reading database ... 25%(Reading database ... 30%(Reading database ... 35%(Reading database ... 40%(Reading database ... 45%(Reading database ... 50%(Reading database ... 55%(Reading database ... 60%(Reading database ... 65%(Reading database ... 70%(Reading database ... 75%(Reading database ... 80%(Reading database ... 85%(Reading database ... 90%(Reading database ... 95%(Reading database ... 100%(Reading database ... 14826 files and directories currently installed.)
Preparing to unpack .../liblzo2-2_2.08-1.2+b2_s390x.deb ...
Unpacking liblzo2-2:s390x (2.08-1.2+b2) ...
Selecting previously unselected package btrfs-progs.
Preparing to unpack .../btrfs-progs_4.7.3-1_s390x.deb ...
Unpacking btrfs-progs (4.7.3-1) ...
Selecting previously unselected package btrfs-tools.
Preparing to unpack .../btrfs-tools_4.7.3-1_s390x.deb ...
Unpacking btrfs-tools (4.7.3-1) ...
Processing triggers for libc-bin (2.24-11+deb9u3) ...
Setting up liblzo2-2:s390x (2.08-1.2+b2) ...
Setting up btrfs-progs (4.7.3-1) ...
Setting up btrfs-tools (4.7.3-1) ...
Processing triggers for libc-bin (2.24-11+deb9u3) ...
Removing intermediate container 7873b3081ee8
 ---> d1744dcbf7ee
Step 35/94 : ENV INSTALL_BINARY_NAME=containerd
 ---> Running in f964e281d7e5
Removing intermediate container f964e281d7e5
 ---> 5c3f62f01ddc
Step 36/94 : COPY hack/dockerfile/install/install.sh ./install.sh
 ---> bf89e1726123
Step 37/94 : COPY hack/dockerfile/install/$INSTALL_BINARY_NAME.installer ./
 ---> 4c0b9d59dbd9
Step 38/94 : RUN PREFIX=/build ./install.sh $INSTALL_BINARY_NAME
 ---> Running in 768095b4a1e1
+ RM_GOPATH=0
+ TMP_GOPATH=
+ : /build
+ [[ -z '' ]]
++ mktemp -d
+ export GOPATH=/tmp/tmp.iOpYKnQlfX
+ GOPATH=/tmp/tmp.iOpYKnQlfX
+ RM_GOPATH=1
++ dirname ./install.sh
+ dir=.
+ bin=containerd
+ shift
+ [[ ! -f ./containerd.installer ]]
+ . ./containerd.installer
++ CONTAINERD_COMMIT=aa5e000c963756778ab3ebd1a12c67449c503a34
+ install_containerd
+ echo 'Install containerd version aa5e000c963756778ab3ebd1a12c67449c503a34'
+ git clone https://github.com/containerd/containerd.git /tmp/tmp.iOpYKnQlfX/src/github.com/containerd/containerd
Install containerd version aa5e000c963756778ab3ebd1a12c67449c503a34
Cloning into '/tmp/tmp.iOpYKnQlfX/src/github.com/containerd/containerd'...
+ cd /tmp/tmp.iOpYKnQlfX/src/github.com/containerd/containerd
+ git checkout -q aa5e000c963756778ab3ebd1a12c67449c503a34
+ export 'BUILDTAGS=netgo osusergo static_build'
+ BUILDTAGS='netgo osusergo static_build'
+ export EXTRA_FLAGS=-buildmode=pie
+ EXTRA_FLAGS=-buildmode=pie
+ export 'EXTRA_LDFLAGS=-extldflags "-fno-PIC -static"'
+ EXTRA_LDFLAGS='-extldflags "-fno-PIC -static"'
+ '[' '' == dynamic ']'
+ make
 bin/ctr
 bin/containerd
 bin/containerd-stress
 bin/containerd-shim
 bin/containerd-shim-runc-v1
 binaries
+ mkdir -p /build
+ cp bin/containerd /build/containerd
+ cp bin/containerd-shim /build/containerd-shim
+ cp bin/ctr /build/ctr
Removing intermediate container 768095b4a1e1
 ---> e34a91e290a7
Step 39/94 : FROM base AS proxy
 ---> c22dc461ffc4
Step 40/94 : ENV INSTALL_BINARY_NAME=proxy
 ---> Running in fea93e1558e6
Removing intermediate container fea93e1558e6
 ---> 7b2b014e7629
Step 41/94 : COPY hack/dockerfile/install/install.sh ./install.sh
 ---> 6d8281f11c94
Step 42/94 : COPY hack/dockerfile/install/$INSTALL_BINARY_NAME.installer ./
 ---> ec5afdea38c8
Step 43/94 : RUN PREFIX=/build ./install.sh $INSTALL_BINARY_NAME
 ---> Running in b0b53b1c42d0
+ RM_GOPATH=0
+ TMP_GOPATH=
+ : /build
+ [[ -z '' ]]
++ mktemp -d
+ export GOPATH=/tmp/tmp.bJNM8pjWpE
+ GOPATH=/tmp/tmp.bJNM8pjWpE
+ RM_GOPATH=1
++ dirname ./install.sh
+ dir=.
+ bin=proxy
+ shift
+ [[ ! -f ./proxy.installer ]]
+ . ./proxy.installer
++ LIBNETWORK_COMMIT=1a06131fb8a047d919f7deaf02a4c414d7884b83
+ install_proxy
+ case "$1" in
+ export CGO_ENABLED=0
+ CGO_ENABLED=0
+ _install_proxy
+ echo 'Install docker-proxy version 1a06131fb8a047d919f7deaf02a4c414d7884b83'
+ git clone https://github.com/docker/libnetwork.git /tmp/tmp.bJNM8pjWpE/src/github.com/docker/libnetwork
Cloning into '/tmp/tmp.bJNM8pjWpE/src/github.com/docker/libnetwork'...
Install docker-proxy version 1a06131fb8a047d919f7deaf02a4c414d7884b83
+ cd /tmp/tmp.bJNM8pjWpE/src/github.com/docker/libnetwork
+ git checkout -q 1a06131fb8a047d919f7deaf02a4c414d7884b83
+ go build -ldflags= -o /build/docker-proxy github.com/docker/libnetwork/cmd/proxy
Removing intermediate container b0b53b1c42d0
 ---> 73370fbb99cb
Step 44/94 : FROM base AS gometalinter
 ---> c22dc461ffc4
Step 45/94 : ENV INSTALL_BINARY_NAME=gometalinter
 ---> Running in 094528c3bd84
Removing intermediate container 094528c3bd84
 ---> e62f31a36aea
Step 46/94 : COPY hack/dockerfile/install/install.sh ./install.sh
 ---> f602ef617ee8
Step 47/94 : COPY hack/dockerfile/install/$INSTALL_BINARY_NAME.installer ./
 ---> d2727f1a45b5
Step 48/94 : RUN PREFIX=/build ./install.sh $INSTALL_BINARY_NAME
 ---> Running in 7de1dbd62dca
+ RM_GOPATH=0
+ TMP_GOPATH=
+ : /build
+ [[ -z '' ]]
++ mktemp -d
+ export GOPATH=/tmp/tmp.9o8MMyPFSz
+ GOPATH=/tmp/tmp.9o8MMyPFSz
+ RM_GOPATH=1
++ dirname ./install.sh
+ dir=.
+ bin=gometalinter
+ shift
+ [[ ! -f ./gometalinter.installer ]]
+ . ./gometalinter.installer
++ GOMETALINTER_COMMIT=v2.0.6
+ install_gometalinter
+ echo 'Installing gometalinter version v2.0.6'
+ go get -d github.com/alecthomas/gometalinter
Installing gometalinter version v2.0.6
+ cd /tmp/tmp.9o8MMyPFSz/src/github.com/alecthomas/gometalinter
+ git checkout -q v2.0.6
+ go build -buildmode=pie -o /build/gometalinter github.com/alecthomas/gometalinter
+ GOBIN=/build
+ /build/gometalinter --install
Installing:
  deadcode
  dupl
  errcheck
  gas
  gochecknoglobals
  gochecknoinits
  goconst
  gocyclo
  goimports
  golint
  gosimple
  gotype
  gotypex
  ineffassign
  interfacer
  lll
  maligned
  megacheck
  misspell
  nakedret
  safesql
  staticcheck
  structcheck
  unconvert
  unparam
  unused
  varcheck
Removing intermediate container 7de1dbd62dca
 ---> 0a922867a577
Step 49/94 : FROM base AS dockercli
 ---> c22dc461ffc4
Step 50/94 : ENV INSTALL_BINARY_NAME=dockercli
 ---> Running in cbb206d7b892
Removing intermediate container cbb206d7b892
 ---> e150c6062e4a
Step 51/94 : COPY hack/dockerfile/install/install.sh ./install.sh
 ---> 0091d3f011ac
Step 52/94 : COPY hack/dockerfile/install/$INSTALL_BINARY_NAME.installer ./
 ---> 60733b6d46d7
Step 53/94 : RUN PREFIX=/build ./install.sh $INSTALL_BINARY_NAME
 ---> Running in 90e448c41521
+ RM_GOPATH=0
+ TMP_GOPATH=
+ : /build
+ [[ -z '' ]]
++ mktemp -d
+ export GOPATH=/tmp/tmp.8xXv47ZpQE
+ GOPATH=/tmp/tmp.8xXv47ZpQE
+ RM_GOPATH=1
++ dirname ./install.sh
+ dir=.
+ bin=dockercli
+ shift
+ [[ ! -f ./dockercli.installer ]]
+ . ./dockercli.installer
++ DOCKERCLI_CHANNEL=edge
++ DOCKERCLI_VERSION=17.06.0-ce
+ install_dockercli
+ echo 'Install docker/cli version 17.06.0-ce from edge'
++ uname -m
+ arch=s390x
+ '[' s390x '!=' x86_64 ']'
+ '[' s390x '!=' s390x ']'
+ url=https://download.docker.com/linux/static
+ tar -xz docker/docker
Install docker/cli version 17.06.0-ce from edge
+ curl -Ls https://download.docker.com/linux/static/edge/s390x/docker-17.06.0-ce.tgz
+ mkdir -p /build
+ mv docker/docker /build/
+ rmdir docker
Removing intermediate container 90e448c41521
 ---> 67876ac19f07
Step 54/94 : FROM runtime-dev AS runc
 ---> e1a8643d66a2
Step 55/94 : ENV INSTALL_BINARY_NAME=runc
 ---> Running in fca6bfb2075f
Removing intermediate container fca6bfb2075f
 ---> a87af73ab9b4
Step 56/94 : COPY hack/dockerfile/install/install.sh ./install.sh
 ---> 74273083ed8e
Step 57/94 : COPY hack/dockerfile/install/$INSTALL_BINARY_NAME.installer ./
 ---> 543a192de341
Step 58/94 : RUN PREFIX=/build ./install.sh $INSTALL_BINARY_NAME
 ---> Running in 2aab13897596
+ RM_GOPATH=0
+ TMP_GOPATH=
+ : /build
+ [[ -z '' ]]
++ mktemp -d
+ export GOPATH=/tmp/tmp.2uBK5Jq42S
+ GOPATH=/tmp/tmp.2uBK5Jq42S
+ RM_GOPATH=1
++ dirname ./install.sh
+ dir=.
+ bin=runc
+ shift
+ [[ ! -f ./runc.installer ]]
+ . ./runc.installer
++ RUNC_COMMIT=96ec2177ae841256168fcf76954f7177af9446eb
+ install_runc
+ grep -q '^3\.10\.0.*\.el7\.'
+ uname -r
+ RUNC_BUILDTAGS='seccomp apparmor selinux '
+ echo 'Install runc version 96ec2177ae841256168fcf76954f7177af9446eb (build tags: seccomp apparmor selinux )'
+ git clone https://github.com/opencontainers/runc.git /tmp/tmp.2uBK5Jq42S/src/github.com/opencontainers/runc
Cloning into '/tmp/tmp.2uBK5Jq42S/src/github.com/opencontainers/runc'...
Install runc version 96ec2177ae841256168fcf76954f7177af9446eb (build tags: seccomp apparmor selinux )
+ cd /tmp/tmp.2uBK5Jq42S/src/github.com/opencontainers/runc
+ git checkout -q 96ec2177ae841256168fcf76954f7177af9446eb
+ '[' -z '' ']'
+ target=static
+ make 'BUILDTAGS=seccomp apparmor selinux ' static
CGO_ENABLED=1 go build  -tags "seccomp apparmor selinux  netgo osusergo static_build" -installsuffix netgo -ldflags "-w -extldflags -static -X main.gitCommit="96ec2177ae841256168fcf76954f7177af9446eb" -X main.version=1.0.0-rc6+dev " -o runc .
CGO_ENABLED=1 go build  -tags "seccomp apparmor selinux  netgo osusergo static_build" -installsuffix netgo -ldflags "-w -extldflags -static -X main.gitCommit="96ec2177ae841256168fcf76954f7177af9446eb" -X main.version=1.0.0-rc6+dev " -o contrib/cmd/recvtty/recvtty ./contrib/cmd/recvtty
+ mkdir -p /build
+ cp runc /build/runc
Removing intermediate container 2aab13897596
 ---> 4adc48c4a5f6
Step 59/94 : FROM base AS tini
 ---> c22dc461ffc4
Step 60/94 : RUN apt-get update && apt-get install -y cmake vim-common
 ---> Running in 46991f039c7d
Get:1 http://security.debian.org/debian-security stretch/updates InRelease [94.3 kB]
Ign:2 http://cdn-fastly.deb.debian.org/debian stretch InRelease
Get:3 http://cdn-fastly.deb.debian.org/debian stretch-updates InRelease [91.0 kB]
Get:4 http://cdn-fastly.deb.debian.org/debian stretch Release [118 kB]
Get:5 http://cdn-fastly.deb.debian.org/debian stretch Release.gpg [2434 B]
Get:6 http://security.debian.org/debian-security stretch/updates/main s390x Packages [447 kB]
Get:7 http://cdn-fastly.deb.debian.org/debian stretch-updates/main s390x Packages [5100 B]
Get:8 http://cdn-fastly.deb.debian.org/debian stretch/main s390x Packages [6859 kB]
Fetched 7616 kB in 1s (4319 kB/s)
Reading package lists...
Reading package lists...
Building dependency tree...
Reading state information...
The following additional packages will be installed:
  cmake-data libarchive13 libgpm2 libicu57 libjsoncpp1 liblzo2-2 libuv1
  libxml2 sgml-base vim vim-runtime xml-core xxd
Suggested packages:
  codeblocks eclipse ninja-build lrzip gpm sgml-base-doc ctags vim-doc
  vim-scripts debhelper
The following NEW packages will be installed:
  cmake cmake-data libarchive13 libgpm2 libicu57 libjsoncpp1 liblzo2-2 libuv1
  libxml2 sgml-base vim vim-common vim-runtime xml-core xxd
0 upgraded, 15 newly installed, 0 to remove and 1 not upgraded.
Need to get 19.7 MB of archives.
After this operation, 90.8 MB of additional disk space will be used.
Get:1 http://cdn-fastly.deb.debian.org/debian stretch/main s390x cmake-data all 3.7.2-1 [1216 kB]
Get:2 http://security.debian.org/debian-security stretch/updates/main s390x libarchive13 s390x 3.2.2-2+deb9u1 [283 kB]
Get:3 http://cdn-fastly.deb.debian.org/debian stretch/main s390x liblzo2-2 s390x 2.08-1.2+b2 [55.8 kB]
Get:4 http://cdn-fastly.deb.debian.org/debian stretch/main s390x libicu57 s390x 57.1-6+deb9u2 [7531 kB]
Get:5 http://cdn-fastly.deb.debian.org/debian stretch/main s390x libxml2 s390x 2.9.4+dfsg1-2.2+deb9u2 [853 kB]
Get:6 http://cdn-fastly.deb.debian.org/debian stretch/main s390x libjsoncpp1 s390x 1.7.4-3 [73.6 kB]
Get:7 http://cdn-fastly.deb.debian.org/debian stretch/main s390x libuv1 s390x 1.9.1-3 [82.4 kB]
Get:8 http://cdn-fastly.deb.debian.org/debian stretch/main s390x cmake s390x 3.7.2-1 [2797 kB]
Get:9 http://cdn-fastly.deb.debian.org/debian stretch/main s390x sgml-base all 1.29 [14.8 kB]
Get:10 http://cdn-fastly.deb.debian.org/debian stretch/main s390x xxd s390x 2:8.0.0197-4+deb9u1 [131 kB]
Get:11 http://cdn-fastly.deb.debian.org/debian stretch/main s390x vim-common all 2:8.0.0197-4+deb9u1 [159 kB]
Get:12 http://cdn-fastly.deb.debian.org/debian stretch/main s390x libgpm2 s390x 1.20.4-6.2+b1 [34.4 kB]
Get:13 http://cdn-fastly.deb.debian.org/debian stretch/main s390x vim-runtime all 2:8.0.0197-4+deb9u1 [5407 kB]
Get:14 http://cdn-fastly.deb.debian.org/debian stretch/main s390x vim s390x 2:8.0.0197-4+deb9u1 [992 kB]
Get:15 http://cdn-fastly.deb.debian.org/debian stretch/main s390x xml-core all 0.17 [23.2 kB]
debconf: delaying package configuration, since apt-utils is not installed
Fetched 19.7 MB in 2s (8435 kB/s)
Selecting previously unselected package cmake-data.
(Reading database ... (Reading database ... 5%(Reading database ... 10%(Reading database ... 15%(Reading database ... 20%(Reading database ... 25%(Reading database ... 30%(Reading database ... 35%(Reading database ... 40%(Reading database ... 45%(Reading database ... 50%(Reading database ... 55%(Reading database ... 60%(Reading database ... 65%(Reading database ... 70%(Reading database ... 75%(Reading database ... 80%(Reading database ... 85%(Reading database ... 90%(Reading database ... 95%(Reading database ... 100%(Reading database ... 14826 files and directories currently installed.)
Preparing to unpack .../00-cmake-data_3.7.2-1_all.deb ...
Unpacking cmake-data (3.7.2-1) ...
Selecting previously unselected package liblzo2-2:s390x.
Preparing to unpack .../01-liblzo2-2_2.08-1.2+b2_s390x.deb ...
Unpacking liblzo2-2:s390x (2.08-1.2+b2) ...
Selecting previously unselected package libicu57:s390x.
Preparing to unpack .../02-libicu57_57.1-6+deb9u2_s390x.deb ...
Unpacking libicu57:s390x (57.1-6+deb9u2) ...
Selecting previously unselected package libxml2:s390x.
Preparing to unpack .../03-libxml2_2.9.4+dfsg1-2.2+deb9u2_s390x.deb ...
Unpacking libxml2:s390x (2.9.4+dfsg1-2.2+deb9u2) ...
Selecting previously unselected package libarchive13:s390x.
Preparing to unpack .../04-libarchive13_3.2.2-2+deb9u1_s390x.deb ...
Unpacking libarchive13:s390x (3.2.2-2+deb9u1) ...
Selecting previously unselected package libjsoncpp1:s390x.
Preparing to unpack .../05-libjsoncpp1_1.7.4-3_s390x.deb ...
Unpacking libjsoncpp1:s390x (1.7.4-3) ...
Selecting previously unselected package libuv1:s390x.
Preparing to unpack .../06-libuv1_1.9.1-3_s390x.deb ...
Unpacking libuv1:s390x (1.9.1-3) ...
Selecting previously unselected package cmake.
Preparing to unpack .../07-cmake_3.7.2-1_s390x.deb ...
Unpacking cmake (3.7.2-1) ...
Selecting previously unselected package sgml-base.
Preparing to unpack .../08-sgml-base_1.29_all.deb ...
Unpacking sgml-base (1.29) ...
Selecting previously unselected package xxd.
Preparing to unpack .../09-xxd_2%3a8.0.0197-4+deb9u1_s390x.deb ...
Unpacking xxd (2:8.0.0197-4+deb9u1) ...
Selecting previously unselected package vim-common.
Preparing to unpack .../10-vim-common_2%3a8.0.0197-4+deb9u1_all.deb ...
Unpacking vim-common (2:8.0.0197-4+deb9u1) ...
Selecting previously unselected package libgpm2:s390x.
Preparing to unpack .../11-libgpm2_1.20.4-6.2+b1_s390x.deb ...
Unpacking libgpm2:s390x (1.20.4-6.2+b1) ...
Selecting previously unselected package vim-runtime.
Preparing to unpack .../12-vim-runtime_2%3a8.0.0197-4+deb9u1_all.deb ...
Adding 'diversion of /usr/share/vim/vim80/doc/help.txt to /usr/share/vim/vim80/doc/help.txt.vim-tiny by vim-runtime'
Adding 'diversion of /usr/share/vim/vim80/doc/tags to /usr/share/vim/vim80/doc/tags.vim-tiny by vim-runtime'
Unpacking vim-runtime (2:8.0.0197-4+deb9u1) ...
Selecting previously unselected package vim.
Preparing to unpack .../13-vim_2%3a8.0.0197-4+deb9u1_s390x.deb ...
Unpacking vim (2:8.0.0197-4+deb9u1) ...
Selecting previously unselected package xml-core.
Preparing to unpack .../14-xml-core_0.17_all.deb ...
Unpacking xml-core (0.17) ...
Processing triggers for mime-support (3.60) ...
Setting up xxd (2:8.0.0197-4+deb9u1) ...
Setting up libgpm2:s390x (1.20.4-6.2+b1) ...
Setting up libuv1:s390x (1.9.1-3) ...
Setting up cmake-data (3.7.2-1) ...
Setting up sgml-base (1.29) ...
Setting up libicu57:s390x (57.1-6+deb9u2) ...
Setting up libxml2:s390x (2.9.4+dfsg1-2.2+deb9u2) ...
Processing triggers for libc-bin (2.24-11+deb9u3) ...
Setting up vim-common (2:8.0.0197-4+deb9u1) ...
Setting up vim-runtime (2:8.0.0197-4+deb9u1) ...
Setting up xml-core (0.17) ...
Setting up liblzo2-2:s390x (2.08-1.2+b2) ...
Setting up libjsoncpp1:s390x (1.7.4-3) ...
Setting up vim (2:8.0.0197-4+deb9u1) ...
update-alternatives: using /usr/bin/vim.basic to provide /usr/bin/vim (vim) in auto mode
update-alternatives: using /usr/bin/vim.basic to provide /usr/bin/vimdiff (vimdiff) in auto mode
update-alternatives: using /usr/bin/vim.basic to provide /usr/bin/rvim (rvim) in auto mode
update-alternatives: using /usr/bin/vim.basic to provide /usr/bin/rview (rview) in auto mode
update-alternatives: using /usr/bin/vim.basic to provide /usr/bin/vi (vi) in auto mode
update-alternatives: using /usr/bin/vim.basic to provide /usr/bin/view (view) in auto mode
update-alternatives: using /usr/bin/vim.basic to provide /usr/bin/ex (ex) in auto mode
update-alternatives: using /usr/bin/vim.basic to provide /usr/bin/editor (editor) in auto mode
Setting up libarchive13:s390x (3.2.2-2+deb9u1) ...
Setting up cmake (3.7.2-1) ...
Processing triggers for sgml-base (1.29) ...
Processing triggers for libc-bin (2.24-11+deb9u3) ...
Removing intermediate container 46991f039c7d
 ---> aaa58c724aab
Step 61/94 : COPY hack/dockerfile/install/install.sh ./install.sh
 ---> 6efc7dde44d9
Step 62/94 : ENV INSTALL_BINARY_NAME=tini
 ---> Running in c653ed7f2c31
Removing intermediate container c653ed7f2c31
 ---> b80776f1c856
Step 63/94 : COPY hack/dockerfile/install/$INSTALL_BINARY_NAME.installer ./
 ---> 98634353d60b
Step 64/94 : RUN PREFIX=/build ./install.sh $INSTALL_BINARY_NAME
 ---> Running in 2a4155491674
+ RM_GOPATH=0
+ TMP_GOPATH=
+ : /build
+ [[ -z '' ]]
++ mktemp -d
+ export GOPATH=/tmp/tmp.UrtmabqJiF
+ GOPATH=/tmp/tmp.UrtmabqJiF
+ RM_GOPATH=1
++ dirname ./install.sh
+ dir=.
+ bin=tini
+ shift
+ [[ ! -f ./tini.installer ]]
+ . ./tini.installer
++ TINI_COMMIT=fec3683b971d9c3ef73f284f176672c44b448662
+ install_tini
+ echo 'Install tini version fec3683b971d9c3ef73f284f176672c44b448662'
+ git clone https://github.com/krallin/tini.git /tmp/tmp.UrtmabqJiF/tini
Cloning into '/tmp/tmp.UrtmabqJiF/tini'...
Install tini version fec3683b971d9c3ef73f284f176672c44b448662
+ cd /tmp/tmp.UrtmabqJiF/tini
+ git checkout -q fec3683b971d9c3ef73f284f176672c44b448662
+ cmake .
-- The C compiler identification is GNU 6.3.0
-- Check for working C compiler: /usr/bin/cc
-- Check for working C compiler: /usr/bin/cc -- works
-- Detecting C compiler ABI info
-- Detecting C compiler ABI info - done
-- Detecting C compile features
-- Detecting C compile features - done
-- Performing Test HAS_BUILTIN_FORTIFY
-- Performing Test HAS_BUILTIN_FORTIFY - Failed
-- Configuring done
-- Generating done
-- Build files have been written to: /tmp/tmp.UrtmabqJiF/tini
+ make tini-static
Scanning dependencies of target tini-static
[ 50%] Building C object CMakeFiles/tini-static.dir/src/tini.c.o
[100%] Linking C executable tini-static
[100%] Built target tini-static
+ mkdir -p /build
+ cp tini-static /build/docker-init
Removing intermediate container 2a4155491674
 ---> 70eceb1e3a05
Step 65/94 : FROM runtime-dev AS dev
 ---> e1a8643d66a2
Step 66/94 : RUN groupadd -r docker
 ---> Running in 9dbe9717aa47
Removing intermediate container 9dbe9717aa47
 ---> 3ddade053106
Step 67/94 : RUN useradd --create-home --gid docker unprivilegeduser
 ---> Running in e8323a72d3e3
Removing intermediate container e8323a72d3e3
 ---> 4c8076aa0b1a
Step 68/94 : RUN ln -sfv /go/src/github.com/docker/docker/.bashrc ~/.bashrc
 ---> Running in 5445241f10b4
'/root/.bashrc' -> '/go/src/github.com/docker/docker/.bashrc'
Removing intermediate container 5445241f10b4
 ---> d75a5e68cd0e
Step 69/94 : RUN echo "source /usr/share/bash-completion/bash_completion" >> /etc/bash.bashrc
 ---> Running in b4dc7abe840d
Removing intermediate container b4dc7abe840d
 ---> 87e0cf82d051
Step 70/94 : RUN ln -s /usr/local/completion/bash/docker /etc/bash_completion.d/docker
 ---> Running in 54b166f5f69a
Removing intermediate container 54b166f5f69a
 ---> f53bf7f4dd66
Step 71/94 : RUN ldconfig
 ---> Running in 7f9412cd6262
Removing intermediate container 7f9412cd6262
 ---> 4367ff3da3f6
Step 72/94 : RUN apt-get update && apt-get install -y 	apparmor 	aufs-tools 	bash-completion 	btrfs-tools 	iptables 	jq 	libcap2-bin 	libdevmapper-dev 	libudev-dev 	libsystemd-dev 	binutils-mingw-w64 	g++-mingw-w64-x86-64 	net-tools 	pigz 	python-backports.ssl-match-hostname 	python-dev 	python-mock 	python-pip 	python-requests 	python-setuptools 	python-websocket 	python-wheel 	thin-provisioning-tools 	vim 	vim-common 	xfsprogs 	zip 	bzip2 	xz-utils 	--no-install-recommends
 ---> Running in 9d9fcde318ba
Hit:1 http://security.debian.org/debian-security stretch/updates InRelease
Ign:2 http://cdn-fastly.deb.debian.org/debian stretch InRelease
Hit:3 http://cdn-fastly.deb.debian.org/debian stretch-updates InRelease
Hit:4 http://cdn-fastly.deb.debian.org/debian stretch Release
Reading package lists...
Reading package lists...
Building dependency tree...
Reading state information...
The following additional packages will be installed:
  binutils-mingw-w64-i686 binutils-mingw-w64-x86-64 btrfs-progs dh-python
  dmsetup gcc-mingw-w64-base gcc-mingw-w64-x86-64 libaio1 libapparmor-perl
  libdevmapper-event1.02.1 libdevmapper1.02.1 libexpat1-dev libgpm2 libip4tc0
  libip6tc0 libiptc0 libjq1 liblzo2-2 libmpdec2 libnetfilter-conntrack3
  libnfnetlink0 libonig4 libpcre16-3 libpcre3-dev libpcre32-3 libpcrecpp0v5
  libpython-dev libpython2.7 libpython2.7-dev libpython3-stdlib
  libpython3.5-minimal libpython3.5-stdlib libreadline5 libselinux1-dev
  libsepol1-dev libxtables12 mingw-w64-common mingw-w64-x86-64-dev
  python-chardet python-funcsigs python-pbr python-pip-whl
  python-pkg-resources python-urllib3 python2.7-dev python3 python3-minimal
  python3.5 python3.5-minimal vim-runtime xxd
Suggested packages:
  apparmor-profiles apparmor-profiles-extra apparmor-utils bzip2-doc
  gcc-6-locales kmod gpm wine64 python-funcsigs-doc python-mock-doc
  python-cryptography python-idna python-openssl python-socks
  python-setuptools-doc python-ntlm python3-doc python3-tk python3-venv
  python3.5-venv python3.5-doc binfmt-support ctags vim-doc vim-scripts
  xfsdump acl attr quota
Recommended packages:
  aufs-dkms libpam-cap build-essential python-all-dev python-cryptography
  python-idna python-ipaddress python-openssl python-keyring
  python-keyrings.alt python-xdg unzip
The following NEW packages will be installed:
  apparmor aufs-tools bash-completion binutils-mingw-w64
  binutils-mingw-w64-i686 binutils-mingw-w64-x86-64 btrfs-progs btrfs-tools
  bzip2 dh-python dmsetup g++-mingw-w64-x86-64 gcc-mingw-w64-base
  gcc-mingw-w64-x86-64 iptables jq libaio1 libapparmor-perl libcap2-bin
  libdevmapper-dev libdevmapper-event1.02.1 libdevmapper1.02.1 libexpat1-dev
  libgpm2 libip4tc0 libip6tc0 libiptc0 libjq1 liblzo2-2 libmpdec2
  libnetfilter-conntrack3 libnfnetlink0 libonig4 libpcre16-3 libpcre3-dev
  libpcre32-3 libpcrecpp0v5 libpython-dev libpython2.7 libpython2.7-dev
  libpython3-stdlib libpython3.5-minimal libpython3.5-stdlib libreadline5
  libselinux1-dev libsepol1-dev libsystemd-dev libudev-dev libxtables12
  mingw-w64-common mingw-w64-x86-64-dev net-tools pigz
  python-backports.ssl-match-hostname python-chardet python-dev
  python-funcsigs python-mock python-pbr python-pip python-pip-whl
  python-pkg-resources python-requests python-setuptools python-urllib3
  python-websocket python-wheel python2.7-dev python3 python3-minimal
  python3.5 python3.5-minimal thin-provisioning-tools vim vim-common
  vim-runtime xfsprogs xxd xz-utils zip
0 upgraded, 80 newly installed, 0 to remove and 1 not upgraded.
Need to get 118 MB of archives.
After this operation, 613 MB of additional disk space will be used.
Get:1 http://cdn-fastly.deb.debian.org/debian stretch/main s390x bash-completion all 1:2.1-4.3 [178 kB]
Get:2 http://cdn-fastly.deb.debian.org/debian stretch/main s390x libnfnetlink0 s390x 1.0.1-3 [13.7 kB]
Get:3 http://cdn-fastly.deb.debian.org/debian stretch/main s390x libpcrecpp0v5 s390x 2:8.39-3 [151 kB]
Get:4 http://cdn-fastly.deb.debian.org/debian stretch/main s390x libudev-dev s390x 232-25+deb9u6 [91.3 kB]
Get:5 http://cdn-fastly.deb.debian.org/debian stretch/main s390x libpython3.5-minimal s390x 3.5.3-1+deb9u1 [569 kB]
Get:6 http://cdn-fastly.deb.debian.org/debian stretch/main s390x python3.5-minimal s390x 3.5.3-1+deb9u1 [1563 kB]
Get:7 http://cdn-fastly.deb.debian.org/debian stretch/main s390x python3-minimal s390x 3.5.3-1 [35.3 kB]
Get:8 http://cdn-fastly.deb.debian.org/debian stretch/main s390x libmpdec2 s390x 2.4.2-1 [83.6 kB]
Get:9 http://cdn-fastly.deb.debian.org/debian stretch/main s390x libpython3.5-stdlib s390x 3.5.3-1+deb9u1 [2119 kB]
Get:10 http://cdn-fastly.deb.debian.org/debian stretch/main s390x python3.5 s390x 3.5.3-1+deb9u1 [229 kB]
Get:11 http://cdn-fastly.deb.debian.org/debian stretch/main s390x libpython3-stdlib s390x 3.5.3-1 [18.6 kB]
Get:12 http://cdn-fastly.deb.debian.org/debian stretch/main s390x dh-python all 2.20170125 [86.8 kB]
Get:13 http://cdn-fastly.deb.debian.org/debian stretch/main s390x python3 s390x 3.5.3-1 [21.6 kB]
Get:14 http://cdn-fastly.deb.debian.org/debian stretch/main s390x pigz s390x 2.3.4-1 [51.1 kB]
Get:15 http://cdn-fastly.deb.debian.org/debian stretch/main s390x libip4tc0 s390x 1.6.0+snapshot20161117-6 [67.9 kB]
Get:16 http://cdn-fastly.deb.debian.org/debian stretch/main s390x libip6tc0 s390x 1.6.0+snapshot20161117-6 [68.2 kB]
Get:17 http://cdn-fastly.deb.debian.org/debian stretch/main s390x libiptc0 s390x 1.6.0+snapshot20161117-6 [57.6 kB]
Get:18 http://cdn-fastly.deb.debian.org/debian stretch/main s390x libxtables12 s390x 1.6.0+snapshot20161117-6 [75.3 kB]
Get:19 http://cdn-fastly.deb.debian.org/debian stretch/main s390x libnetfilter-conntrack3 s390x 1.0.6-2 [37.1 kB]
Get:20 http://cdn-fastly.deb.debian.org/debian stretch/main s390x iptables s390x 1.6.0+snapshot20161117-6 [282 kB]
Get:21 http://cdn-fastly.deb.debian.org/debian stretch/main s390x xxd s390x 2:8.0.0197-4+deb9u1 [131 kB]
Get:22 http://cdn-fastly.deb.debian.org/debian stretch/main s390x vim-common all 2:8.0.0197-4+deb9u1 [159 kB]
Get:23 http://cdn-fastly.deb.debian.org/debian stretch/main s390x bzip2 s390x 1.0.6-8.1 [48.1 kB]
Get:24 http://cdn-fastly.deb.debian.org/debian stretch/main s390x libgpm2 s390x 1.20.4-6.2+b1 [34.4 kB]
Get:25 http://cdn-fastly.deb.debian.org/debian stretch/main s390x xz-utils s390x 5.2.2-1.2+b1 [263 kB]
Get:26 http://cdn-fastly.deb.debian.org/debian stretch/main s390x aufs-tools s390x 1:4.1+20161219-1 [102 kB]
Get:27 http://cdn-fastly.deb.debian.org/debian stretch/main s390x liblzo2-2 s390x 2.08-1.2+b2 [55.8 kB]
Get:28 http://cdn-fastly.deb.debian.org/debian stretch/main s390x btrfs-progs s390x 4.7.3-1 [595 kB]
Get:29 http://cdn-fastly.deb.debian.org/debian stretch/main s390x btrfs-tools s390x 4.7.3-1 [16.9 kB]
Get:30 http://cdn-fastly.deb.debian.org/debian stretch/main s390x libdevmapper1.02.1 s390x 2:1.02.137-2 [160 kB]
Get:31 http://cdn-fastly.deb.debian.org/debian stretch/main s390x dmsetup s390x 2:1.02.137-2 [104 kB]
Get:32 http://cdn-fastly.deb.debian.org/debian stretch/main s390x libonig4 s390x 6.1.3-2 [142 kB]
Get:33 http://cdn-fastly.deb.debian.org/debian stretch/main s390x libjq1 s390x 1.5+dfsg-1.3 [126 kB]
Get:34 http://cdn-fastly.deb.debian.org/debian stretch/main s390x jq s390x 1.5+dfsg-1.3 [59.2 kB]
Get:35 http://cdn-fastly.deb.debian.org/debian stretch/main s390x libaio1 s390x 0.3.110-3 [9482 B]
Get:36 http://cdn-fastly.deb.debian.org/debian stretch/main s390x libcap2-bin s390x 1:2.25-1 [26.8 kB]
Get:37 http://cdn-fastly.deb.debian.org/debian stretch/main s390x libdevmapper-event1.02.1 s390x 2:1.02.137-2 [41.0 kB]
Get:38 http://cdn-fastly.deb.debian.org/debian stretch/main s390x libsepol1-dev s390x 2.6-2 [293 kB]
Get:39 http://cdn-fastly.deb.debian.org/debian stretch/main s390x libpcre16-3 s390x 2:8.39-3 [189 kB]
Get:40 http://cdn-fastly.deb.debian.org/debian stretch/main s390x libpcre32-3 s390x 2:8.39-3 [184 kB]
Get:41 http://cdn-fastly.deb.debian.org/debian stretch/main s390x libpcre3-dev s390x 2:8.39-3 [488 kB]
Get:42 http://cdn-fastly.deb.debian.org/debian stretch/main s390x libselinux1-dev s390x 2.6-3+b3 [182 kB]
Get:43 http://cdn-fastly.deb.debian.org/debian stretch/main s390x libdevmapper-dev s390x 2:1.02.137-2 [68.6 kB]
Get:44 http://cdn-fastly.deb.debian.org/debian stretch/main s390x libexpat1-dev s390x 2.2.0-2+deb9u1 [131 kB]
Get:45 http://cdn-fastly.deb.debian.org/debian stretch/main s390x libpython2.7 s390x 2.7.13-2+deb9u3 [999 kB]
Get:46 http://cdn-fastly.deb.debian.org/debian stretch/main s390x libpython2.7-dev s390x 2.7.13-2+deb9u3 [28.0 MB]
Get:47 http://cdn-fastly.deb.debian.org/debian stretch/main s390x libpython-dev s390x 2.7.13-2 [20.0 kB]
Get:48 http://cdn-fastly.deb.debian.org/debian stretch/main s390x libreadline5 s390x 5.2+dfsg-3+b1 [120 kB]
Get:49 http://cdn-fastly.deb.debian.org/debian stretch/main s390x libsystemd-dev s390x 232-25+deb9u6 [1761 kB]
Get:50 http://cdn-fastly.deb.debian.org/debian stretch/main s390x net-tools s390x 1.60+git20161116.90da8a0-1 [243 kB]
Get:51 http://cdn-fastly.deb.debian.org/debian stretch/main s390x python-backports.ssl-match-hostname all 3.5.0.1-1 [6980 B]
Get:52 http://cdn-fastly.deb.debian.org/debian stretch/main s390x python-pkg-resources all 33.1.1-1 [166 kB]
Get:53 http://cdn-fastly.deb.debian.org/debian stretch/main s390x python-chardet all 2.3.0-2 [96.0 kB]
Get:54 http://cdn-fastly.deb.debian.org/debian stretch/main s390x python2.7-dev s390x 2.7.13-2+deb9u3 [288 kB]
Get:55 http://cdn-fastly.deb.debian.org/debian stretch/main s390x python-dev s390x 2.7.13-2 [1132 B]
Get:56 http://cdn-fastly.deb.debian.org/debian stretch/main s390x python-funcsigs all 1.0.2-3 [13.3 kB]
Get:57 http://cdn-fastly.deb.debian.org/debian stretch/main s390x python-pbr all 1.10.0-1 [52.4 kB]
Get:58 http://cdn-fastly.deb.debian.org/debian stretch/main s390x python-pip-whl all 9.0.1-2 [1406 kB]
Get:59 http://cdn-fastly.deb.debian.org/debian stretch/main s390x python-pip all 9.0.1-2 [179 kB]
Get:60 http://cdn-fastly.deb.debian.org/debian stretch/main s390x python-urllib3 all 1.19.1-1 [77.5 kB]
Get:61 http://cdn-fastly.deb.debian.org/debian stretch/main s390x python-requests all 2.12.4-1 [101 kB]
Get:62 http://cdn-fastly.deb.debian.org/debian stretch/main s390x python-setuptools all 33.1.1-1 [297 kB]
Get:63 http://cdn-fastly.deb.debian.org/debian stretch/main s390x python-websocket all 0.37.0-2 [31.5 kB]
Get:64 http://cdn-fastly.deb.debian.org/debian stretch/main s390x python-wheel all 0.29.0-2 [51.7 kB]
Get:65 http://cdn-fastly.deb.debian.org/debian stretch/main s390x thin-provisioning-tools s390x 0.6.1-4+b1 [321 kB]
Get:66 http://cdn-fastly.deb.debian.org/debian stretch/main s390x vim-runtime all 2:8.0.0197-4+deb9u1 [5407 kB]
Get:67 http://cdn-fastly.deb.debian.org/debian stretch/main s390x vim s390x 2:8.0.0197-4+deb9u1 [992 kB]
Get:68 http://cdn-fastly.deb.debian.org/debian stretch/main s390x xfsprogs s390x 4.9.0+nmu1 [786 kB]
Get:69 http://cdn-fastly.deb.debian.org/debian stretch/main s390x zip s390x 3.0-11+b1 [232 kB]
Get:70 http://cdn-fastly.deb.debian.org/debian stretch/main s390x libapparmor-perl s390x 2.11.0-3+deb9u2 [82.5 kB]
Get:71 http://cdn-fastly.deb.debian.org/debian stretch/main s390x apparmor s390x 2.11.0-3+deb9u2 [532 kB]
Get:72 http://cdn-fastly.deb.debian.org/debian stretch/main s390x binutils-mingw-w64-i686 s390x 2.28-5+7.4+b4 [2151 kB]
Get:73 http://cdn-fastly.deb.debian.org/debian stretch/main s390x binutils-mingw-w64-x86-64 s390x 2.28-5+7.4+b4 [2722 kB]
Get:74 http://cdn-fastly.deb.debian.org/debian stretch/main s390x binutils-mingw-w64 all 2.27.90.20161231-1+7.4 [136 kB]
Get:75 http://cdn-fastly.deb.debian.org/debian stretch/main s390x mingw-w64-common all 5.0.1-1 [4764 kB]
Get:76 http://cdn-fastly.deb.debian.org/debian stretch/main s390x mingw-w64-x86-64-dev all 5.0.1-1 [3342 kB]
Get:77 http://cdn-fastly.deb.debian.org/debian stretch/main s390x gcc-mingw-w64-base s390x 6.3.0-18+19.3+b3 [170 kB]
Get:78 http://cdn-fastly.deb.debian.org/debian stretch/main s390x gcc-mingw-w64-x86-64 s390x 6.3.0-18+19.3+b3 [31.4 MB]
Get:79 http://cdn-fastly.deb.debian.org/debian stretch/main s390x g++-mingw-w64-x86-64 s390x 6.3.0-18+19.3+b3 [21.7 MB]
Get:80 http://cdn-fastly.deb.debian.org/debian stretch/main s390x python-mock all 2.0.0-3 [59.8 kB]
debconf: delaying package configuration, since apt-utils is not installed
Fetched 118 MB in 10s (11.0 MB/s)
Selecting previously unselected package bash-completion.
(Reading database ... (Reading database ... 5%(Reading database ... 10%(Reading database ... 15%(Reading database ... 20%(Reading database ... 25%(Reading database ... 30%(Reading database ... 35%(Reading database ... 40%(Reading database ... 45%(Reading database ... 50%(Reading database ... 55%(Reading database ... 60%(Reading database ... 65%(Reading database ... 70%(Reading database ... 75%(Reading database ... 80%(Reading database ... 85%(Reading database ... 90%(Reading database ... 95%(Reading database ... 100%(Reading database ... 14896 files and directories currently installed.)
Preparing to unpack .../00-bash-completion_1%3a2.1-4.3_all.deb ...
Unpacking bash-completion (1:2.1-4.3) ...
Selecting previously unselected package libnfnetlink0:s390x.
Preparing to unpack .../01-libnfnetlink0_1.0.1-3_s390x.deb ...
Unpacking libnfnetlink0:s390x (1.0.1-3) ...
Selecting previously unselected package libpcrecpp0v5:s390x.
Preparing to unpack .../02-libpcrecpp0v5_2%3a8.39-3_s390x.deb ...
Unpacking libpcrecpp0v5:s390x (2:8.39-3) ...
Selecting previously unselected package libudev-dev:s390x.
Preparing to unpack .../03-libudev-dev_232-25+deb9u6_s390x.deb ...
Unpacking libudev-dev:s390x (232-25+deb9u6) ...
Selecting previously unselected package libpython3.5-minimal:s390x.
Preparing to unpack .../04-libpython3.5-minimal_3.5.3-1+deb9u1_s390x.deb ...
Unpacking libpython3.5-minimal:s390x (3.5.3-1+deb9u1) ...
Selecting previously unselected package python3.5-minimal.
Preparing to unpack .../05-python3.5-minimal_3.5.3-1+deb9u1_s390x.deb ...
Unpacking python3.5-minimal (3.5.3-1+deb9u1) ...
Selecting previously unselected package python3-minimal.
Preparing to unpack .../06-python3-minimal_3.5.3-1_s390x.deb ...
Unpacking python3-minimal (3.5.3-1) ...
Selecting previously unselected package libmpdec2:s390x.
Preparing to unpack .../07-libmpdec2_2.4.2-1_s390x.deb ...
Unpacking libmpdec2:s390x (2.4.2-1) ...
Selecting previously unselected package libpython3.5-stdlib:s390x.
Preparing to unpack .../08-libpython3.5-stdlib_3.5.3-1+deb9u1_s390x.deb ...
Unpacking libpython3.5-stdlib:s390x (3.5.3-1+deb9u1) ...
Selecting previously unselected package python3.5.
Preparing to unpack .../09-python3.5_3.5.3-1+deb9u1_s390x.deb ...
Unpacking python3.5 (3.5.3-1+deb9u1) ...
Selecting previously unselected package libpython3-stdlib:s390x.
Preparing to unpack .../10-libpython3-stdlib_3.5.3-1_s390x.deb ...
Unpacking libpython3-stdlib:s390x (3.5.3-1) ...
Selecting previously unselected package dh-python.
Preparing to unpack .../11-dh-python_2.20170125_all.deb ...
Unpacking dh-python (2.20170125) ...
Setting up libpython3.5-minimal:s390x (3.5.3-1+deb9u1) ...
Setting up python3.5-minimal (3.5.3-1+deb9u1) ...
Setting up python3-minimal (3.5.3-1) ...
Selecting previously unselected package python3.
(Reading database ... (Reading database ... 5%(Reading database ... 10%(Reading database ... 15%(Reading database ... 20%(Reading database ... 25%(Reading database ... 30%(Reading database ... 35%(Reading database ... 40%(Reading database ... 45%(Reading database ... 50%(Reading database ... 55%(Reading database ... 60%(Reading database ... 65%(Reading database ... 70%(Reading database ... 75%(Reading database ... 80%(Reading database ... 85%(Reading database ... 90%(Reading database ... 95%(Reading database ... 100%(Reading database ... 16473 files and directories currently installed.)
Preparing to unpack .../00-python3_3.5.3-1_s390x.deb ...
Unpacking python3 (3.5.3-1) ...
Selecting previously unselected package pigz.
Preparing to unpack .../01-pigz_2.3.4-1_s390x.deb ...
Unpacking pigz (2.3.4-1) ...
Selecting previously unselected package libip4tc0:s390x.
Preparing to unpack .../02-libip4tc0_1.6.0+snapshot20161117-6_s390x.deb ...
Unpacking libip4tc0:s390x (1.6.0+snapshot20161117-6) ...
Selecting previously unselected package libip6tc0:s390x.
Preparing to unpack .../03-libip6tc0_1.6.0+snapshot20161117-6_s390x.deb ...
Unpacking libip6tc0:s390x (1.6.0+snapshot20161117-6) ...
Selecting previously unselected package libiptc0:s390x.
Preparing to unpack .../04-libiptc0_1.6.0+snapshot20161117-6_s390x.deb ...
Unpacking libiptc0:s390x (1.6.0+snapshot20161117-6) ...
Selecting previously unselected package libxtables12:s390x.
Preparing to unpack .../05-libxtables12_1.6.0+snapshot20161117-6_s390x.deb ...
Unpacking libxtables12:s390x (1.6.0+snapshot20161117-6) ...
Selecting previously unselected package libnetfilter-conntrack3:s390x.
Preparing to unpack .../06-libnetfilter-conntrack3_1.0.6-2_s390x.deb ...
Unpacking libnetfilter-conntrack3:s390x (1.0.6-2) ...
Selecting previously unselected package iptables.
Preparing to unpack .../07-iptables_1.6.0+snapshot20161117-6_s390x.deb ...
Unpacking iptables (1.6.0+snapshot20161117-6) ...
Selecting previously unselected package xxd.
Preparing to unpack .../08-xxd_2%3a8.0.0197-4+deb9u1_s390x.deb ...
Unpacking xxd (2:8.0.0197-4+deb9u1) ...
Selecting previously unselected package vim-common.
Preparing to unpack .../09-vim-common_2%3a8.0.0197-4+deb9u1_all.deb ...
Unpacking vim-common (2:8.0.0197-4+deb9u1) ...
Selecting previously unselected package bzip2.
Preparing to unpack .../10-bzip2_1.0.6-8.1_s390x.deb ...
Unpacking bzip2 (1.0.6-8.1) ...
Selecting previously unselected package libgpm2:s390x.
Preparing to unpack .../11-libgpm2_1.20.4-6.2+b1_s390x.deb ...
Unpacking libgpm2:s390x (1.20.4-6.2+b1) ...
Selecting previously unselected package xz-utils.
Preparing to unpack .../12-xz-utils_5.2.2-1.2+b1_s390x.deb ...
Unpacking xz-utils (5.2.2-1.2+b1) ...
Selecting previously unselected package aufs-tools.
Preparing to unpack .../13-aufs-tools_1%3a4.1+20161219-1_s390x.deb ...
Unpacking aufs-tools (1:4.1+20161219-1) ...
Selecting previously unselected package liblzo2-2:s390x.
Preparing to unpack .../14-liblzo2-2_2.08-1.2+b2_s390x.deb ...
Unpacking liblzo2-2:s390x (2.08-1.2+b2) ...
Selecting previously unselected package btrfs-progs.
Preparing to unpack .../15-btrfs-progs_4.7.3-1_s390x.deb ...
Unpacking btrfs-progs (4.7.3-1) ...
Selecting previously unselected package btrfs-tools.
Preparing to unpack .../16-btrfs-tools_4.7.3-1_s390x.deb ...
Unpacking btrfs-tools (4.7.3-1) ...
Selecting previously unselected package libdevmapper1.02.1:s390x.
Preparing to unpack .../17-libdevmapper1.02.1_2%3a1.02.137-2_s390x.deb ...
Unpacking libdevmapper1.02.1:s390x (2:1.02.137-2) ...
Selecting previously unselected package dmsetup.
Preparing to unpack .../18-dmsetup_2%3a1.02.137-2_s390x.deb ...
Unpacking dmsetup (2:1.02.137-2) ...
Selecting previously unselected package libonig4:s390x.
Preparing to unpack .../19-libonig4_6.1.3-2_s390x.deb ...
Unpacking libonig4:s390x (6.1.3-2) ...
Selecting previously unselected package libjq1:s390x.
Preparing to unpack .../20-libjq1_1.5+dfsg-1.3_s390x.deb ...
Unpacking libjq1:s390x (1.5+dfsg-1.3) ...
Selecting previously unselected package jq.
Preparing to unpack .../21-jq_1.5+dfsg-1.3_s390x.deb ...
Unpacking jq (1.5+dfsg-1.3) ...
Selecting previously unselected package libaio1:s390x.
Preparing to unpack .../22-libaio1_0.3.110-3_s390x.deb ...
Unpacking libaio1:s390x (0.3.110-3) ...
Selecting previously unselected package libcap2-bin.
Preparing to unpack .../23-libcap2-bin_1%3a2.25-1_s390x.deb ...
Unpacking libcap2-bin (1:2.25-1) ...
Selecting previously unselected package libdevmapper-event1.02.1:s390x.
Preparing to unpack .../24-libdevmapper-event1.02.1_2%3a1.02.137-2_s390x.deb ...
Unpacking libdevmapper-event1.02.1:s390x (2:1.02.137-2) ...
Selecting previously unselected package libsepol1-dev:s390x.
Preparing to unpack .../25-libsepol1-dev_2.6-2_s390x.deb ...
Unpacking libsepol1-dev:s390x (2.6-2) ...
Selecting previously unselected package libpcre16-3:s390x.
Preparing to unpack .../26-libpcre16-3_2%3a8.39-3_s390x.deb ...
Unpacking libpcre16-3:s390x (2:8.39-3) ...
Selecting previously unselected package libpcre32-3:s390x.
Preparing to unpack .../27-libpcre32-3_2%3a8.39-3_s390x.deb ...
Unpacking libpcre32-3:s390x (2:8.39-3) ...
Selecting previously unselected package libpcre3-dev:s390x.
Preparing to unpack .../28-libpcre3-dev_2%3a8.39-3_s390x.deb ...
Unpacking libpcre3-dev:s390x (2:8.39-3) ...
Selecting previously unselected package libselinux1-dev:s390x.
Preparing to unpack .../29-libselinux1-dev_2.6-3+b3_s390x.deb ...
Unpacking libselinux1-dev:s390x (2.6-3+b3) ...
Selecting previously unselected package libdevmapper-dev:s390x.
Preparing to unpack .../30-libdevmapper-dev_2%3a1.02.137-2_s390x.deb ...
Unpacking libdevmapper-dev:s390x (2:1.02.137-2) ...
Selecting previously unselected package libexpat1-dev:s390x.
Preparing to unpack .../31-libexpat1-dev_2.2.0-2+deb9u1_s390x.deb ...
Unpacking libexpat1-dev:s390x (2.2.0-2+deb9u1) ...
Selecting previously unselected package libpython2.7:s390x.
Preparing to unpack .../32-libpython2.7_2.7.13-2+deb9u3_s390x.deb ...
Unpacking libpython2.7:s390x (2.7.13-2+deb9u3) ...
Selecting previously unselected package libpython2.7-dev:s390x.
Preparing to unpack .../33-libpython2.7-dev_2.7.13-2+deb9u3_s390x.deb ...
Unpacking libpython2.7-dev:s390x (2.7.13-2+deb9u3) ...
Selecting previously unselected package libpython-dev:s390x.
Preparing to unpack .../34-libpython-dev_2.7.13-2_s390x.deb ...
Unpacking libpython-dev:s390x (2.7.13-2) ...
Selecting previously unselected package libreadline5:s390x.
Preparing to unpack .../35-libreadline5_5.2+dfsg-3+b1_s390x.deb ...
Unpacking libreadline5:s390x (5.2+dfsg-3+b1) ...
Selecting previously unselected package libsystemd-dev:s390x.
Preparing to unpack .../36-libsystemd-dev_232-25+deb9u6_s390x.deb ...
Unpacking libsystemd-dev:s390x (232-25+deb9u6) ...
Selecting previously unselected package net-tools.
Preparing to unpack .../37-net-tools_1.60+git20161116.90da8a0-1_s390x.deb ...
Unpacking net-tools (1.60+git20161116.90da8a0-1) ...
Selecting previously unselected package python-backports.ssl-match-hostname.
Preparing to unpack .../38-python-backports.ssl-match-hostname_3.5.0.1-1_all.deb ...
Unpacking python-backports.ssl-match-hostname (3.5.0.1-1) ...
Selecting previously unselected package python-pkg-resources.
Preparing to unpack .../39-python-pkg-resources_33.1.1-1_all.deb ...
Unpacking python-pkg-resources (33.1.1-1) ...
Selecting previously unselected package python-chardet.
Preparing to unpack .../40-python-chardet_2.3.0-2_all.deb ...
Unpacking python-chardet (2.3.0-2) ...
Selecting previously unselected package python2.7-dev.
Preparing to unpack .../41-python2.7-dev_2.7.13-2+deb9u3_s390x.deb ...
Unpacking python2.7-dev (2.7.13-2+deb9u3) ...
Selecting previously unselected package python-dev.
Preparing to unpack .../42-python-dev_2.7.13-2_s390x.deb ...
Unpacking python-dev (2.7.13-2) ...
Selecting previously unselected package python-funcsigs.
Preparing to unpack .../43-python-funcsigs_1.0.2-3_all.deb ...
Unpacking python-funcsigs (1.0.2-3) ...
Selecting previously unselected package python-pbr.
Preparing to unpack .../44-python-pbr_1.10.0-1_all.deb ...
Unpacking python-pbr (1.10.0-1) ...
Selecting previously unselected package python-pip-whl.
Preparing to unpack .../45-python-pip-whl_9.0.1-2_all.deb ...
Unpacking python-pip-whl (9.0.1-2) ...
Selecting previously unselected package python-pip.
Preparing to unpack .../46-python-pip_9.0.1-2_all.deb ...
Unpacking python-pip (9.0.1-2) ...
Selecting previously unselected package python-urllib3.
Preparing to unpack .../47-python-urllib3_1.19.1-1_all.deb ...
Unpacking python-urllib3 (1.19.1-1) ...
Selecting previously unselected package python-requests.
Preparing to unpack .../48-python-requests_2.12.4-1_all.deb ...
Unpacking python-requests (2.12.4-1) ...
Selecting previously unselected package python-setuptools.
Preparing to unpack .../49-python-setuptools_33.1.1-1_all.deb ...
Unpacking python-setuptools (33.1.1-1) ...
Selecting previously unselected package python-websocket.
Preparing to unpack .../50-python-websocket_0.37.0-2_all.deb ...
Unpacking python-websocket (0.37.0-2) ...
Selecting previously unselected package python-wheel.
Preparing to unpack .../51-python-wheel_0.29.0-2_all.deb ...
Unpacking python-wheel (0.29.0-2) ...
Selecting previously unselected package thin-provisioning-tools.
Preparing to unpack .../52-thin-provisioning-tools_0.6.1-4+b1_s390x.deb ...
Unpacking thin-provisioning-tools (0.6.1-4+b1) ...
Selecting previously unselected package vim-runtime.
Preparing to unpack .../53-vim-runtime_2%3a8.0.0197-4+deb9u1_all.deb ...
Adding 'diversion of /usr/share/vim/vim80/doc/help.txt to /usr/share/vim/vim80/doc/help.txt.vim-tiny by vim-runtime'
Adding 'diversion of /usr/share/vim/vim80/doc/tags to /usr/share/vim/vim80/doc/tags.vim-tiny by vim-runtime'
Unpacking vim-runtime (2:8.0.0197-4+deb9u1) ...
Selecting previously unselected package vim.
Preparing to unpack .../54-vim_2%3a8.0.0197-4+deb9u1_s390x.deb ...
Unpacking vim (2:8.0.0197-4+deb9u1) ...
Selecting previously unselected package xfsprogs.
Preparing to unpack .../55-xfsprogs_4.9.0+nmu1_s390x.deb ...
Unpacking xfsprogs (4.9.0+nmu1) ...
Selecting previously unselected package zip.
Preparing to unpack .../56-zip_3.0-11+b1_s390x.deb ...
Unpacking zip (3.0-11+b1) ...
Selecting previously unselected package libapparmor-perl.
Preparing to unpack .../57-libapparmor-perl_2.11.0-3+deb9u2_s390x.deb ...
Unpacking libapparmor-perl (2.11.0-3+deb9u2) ...
Selecting previously unselected package apparmor.
Preparing to unpack .../58-apparmor_2.11.0-3+deb9u2_s390x.deb ...
Unpacking apparmor (2.11.0-3+deb9u2) ...
Selecting previously unselected package binutils-mingw-w64-i686.
Preparing to unpack .../59-binutils-mingw-w64-i686_2.28-5+7.4+b4_s390x.deb ...
Unpacking binutils-mingw-w64-i686 (2.28-5+7.4+b4) ...
Selecting previously unselected package binutils-mingw-w64-x86-64.
Preparing to unpack .../60-binutils-mingw-w64-x86-64_2.28-5+7.4+b4_s390x.deb ...
Unpacking binutils-mingw-w64-x86-64 (2.28-5+7.4+b4) ...
Selecting previously unselected package binutils-mingw-w64.
Preparing to unpack .../61-binutils-mingw-w64_2.27.90.20161231-1+7.4_all.deb ...
Unpacking binutils-mingw-w64 (2.27.90.20161231-1+7.4) ...
Selecting previously unselected package mingw-w64-common.
Preparing to unpack .../62-mingw-w64-common_5.0.1-1_all.deb ...
Unpacking mingw-w64-common (5.0.1-1) ...
Selecting previously unselected package mingw-w64-x86-64-dev.
Preparing to unpack .../63-mingw-w64-x86-64-dev_5.0.1-1_all.deb ...
Unpacking mingw-w64-x86-64-dev (5.0.1-1) ...
Selecting previously unselected package gcc-mingw-w64-base.
Preparing to unpack .../64-gcc-mingw-w64-base_6.3.0-18+19.3+b3_s390x.deb ...
Unpacking gcc-mingw-w64-base (6.3.0-18+19.3+b3) ...
Selecting previously unselected package gcc-mingw-w64-x86-64.
Preparing to unpack .../65-gcc-mingw-w64-x86-64_6.3.0-18+19.3+b3_s390x.deb ...
Unpacking gcc-mingw-w64-x86-64 (6.3.0-18+19.3+b3) ...
Selecting previously unselected package g++-mingw-w64-x86-64.
Preparing to unpack .../66-g++-mingw-w64-x86-64_6.3.0-18+19.3+b3_s390x.deb ...
Unpacking g++-mingw-w64-x86-64 (6.3.0-18+19.3+b3) ...
Selecting previously unselected package python-mock.
Preparing to unpack .../67-python-mock_2.0.0-3_all.deb ...
Unpacking python-mock (2.0.0-3) ...
Setting up aufs-tools (1:4.1+20161219-1) ...
Setting up binutils-mingw-w64-x86-64 (2.28-5+7.4+b4) ...
Setting up libsepol1-dev:s390x (2.6-2) ...
Setting up python-pip-whl (9.0.1-2) ...
Setting up python-urllib3 (1.19.1-1) ...
Setting up libip4tc0:s390x (1.6.0+snapshot20161117-6) ...
Processing triggers for mime-support (3.60) ...
Setting up xxd (2:8.0.0197-4+deb9u1) ...
Setting up libgpm2:s390x (1.20.4-6.2+b1) ...
Setting up libcap2-bin (1:2.25-1) ...
Setting up binutils-mingw-w64-i686 (2.28-5+7.4+b4) ...
Setting up binutils-mingw-w64 (2.27.90.20161231-1+7.4) ...
Setting up bash-completion (1:2.1-4.3) ...
Setting up libonig4:s390x (6.1.3-2) ...
Setting up python-wheel (0.29.0-2) ...
Setting up python-pkg-resources (33.1.1-1) ...
Setting up zip (3.0-11+b1) ...
Setting up python-backports.ssl-match-hostname (3.5.0.1-1) ...
Setting up bzip2 (1.0.6-8.1) ...
Setting up python-websocket (0.37.0-2) ...
update-alternatives: using /usr/bin/python2-wsdump to provide /usr/bin/wsdump (wsdump) in auto mode
Setting up gcc-mingw-w64-base (6.3.0-18+19.3+b3) ...
Setting up libjq1:s390x (1.5+dfsg-1.3) ...
Processing triggers for libc-bin (2.24-11+deb9u3) ...
Setting up libaio1:s390x (0.3.110-3) ...
Setting up libxtables12:s390x (1.6.0+snapshot20161117-6) ...
Setting up xz-utils (5.2.2-1.2+b1) ...
update-alternatives: using /usr/bin/xz to provide /usr/bin/lzma (lzma) in auto mode
Setting up python-pbr (1.10.0-1) ...
update-alternatives: using /usr/bin/python2-pbr to provide /usr/bin/pbr (pbr) in auto mode
Setting up thin-provisioning-tools (0.6.1-4+b1) ...
Setting up libpython2.7:s390x (2.7.13-2+deb9u3) ...
Setting up vim-common (2:8.0.0197-4+deb9u1) ...
Setting up python-funcsigs (1.0.2-3) ...
Setting up libexpat1-dev:s390x (2.2.0-2+deb9u1) ...
Setting up libpcrecpp0v5:s390x (2:8.39-3) ...
Setting up libpcre32-3:s390x (2:8.39-3) ...
Setting up libnfnetlink0:s390x (1.0.1-3) ...
Setting up vim-runtime (2:8.0.0197-4+deb9u1) ...
Setting up libsystemd-dev:s390x (232-25+deb9u6) ...
Setting up libpython2.7-dev:s390x (2.7.13-2+deb9u3) ...
Setting up libpcre16-3:s390x (2:8.39-3) ...
Setting up libreadline5:s390x (5.2+dfsg-3+b1) ...
Setting up net-tools (1.60+git20161116.90da8a0-1) ...
Setting up python-pip (9.0.1-2) ...
Setting up libudev-dev:s390x (232-25+deb9u6) ...
Setting up python2.7-dev (2.7.13-2+deb9u3) ...
Setting up pigz (2.3.4-1) ...
Setting up libapparmor-perl (2.11.0-3+deb9u2) ...
Setting up libmpdec2:s390x (2.4.2-1) ...
Setting up libip6tc0:s390x (1.6.0+snapshot20161117-6) ...
Setting up mingw-w64-common (5.0.1-1) ...
Setting up liblzo2-2:s390x (2.08-1.2+b2) ...
Setting up libpython-dev:s390x (2.7.13-2) ...
Setting up python-setuptools (33.1.1-1) ...
Setting up jq (1.5+dfsg-1.3) ...
Setting up libpcre3-dev:s390x (2:8.39-3) ...
Setting up libnetfilter-conntrack3:s390x (1.0.6-2) ...
Setting up python-chardet (2.3.0-2) ...
Setting up xfsprogs (4.9.0+nmu1) ...
Setting up vim (2:8.0.0197-4+deb9u1) ...
update-alternatives: using /usr/bin/vim.basic to provide /usr/bin/vim (vim) in auto mode
update-alternatives: using /usr/bin/vim.basic to provide /usr/bin/vimdiff (vimdiff) in auto mode
update-alternatives: using /usr/bin/vim.basic to provide /usr/bin/rvim (rvim) in auto mode
update-alternatives: using /usr/bin/vim.basic to provide /usr/bin/rview (rview) in auto mode
update-alternatives: using /usr/bin/vim.basic to provide /usr/bin/vi (vi) in auto mode
update-alternatives: using /usr/bin/vim.basic to provide /usr/bin/view (view) in auto mode
update-alternatives: using /usr/bin/vim.basic to provide /usr/bin/ex (ex) in auto mode
update-alternatives: using /usr/bin/vim.basic to provide /usr/bin/editor (editor) in auto mode
Setting up python-dev (2.7.13-2) ...
Setting up libpython3.5-stdlib:s390x (3.5.3-1+deb9u1) ...
Setting up python-mock (2.0.0-3) ...
Setting up libiptc0:s390x (1.6.0+snapshot20161117-6) ...
Setting up mingw-w64-x86-64-dev (5.0.1-1) ...
Setting up iptables (1.6.0+snapshot20161117-6) ...
Setting up btrfs-progs (4.7.3-1) ...
Setting up python-requests (2.12.4-1) ...
Setting up libselinux1-dev:s390x (2.6-3+b3) ...
Setting up python3.5 (3.5.3-1+deb9u1) ...
Setting up libpython3-stdlib:s390x (3.5.3-1) ...
Setting up gcc-mingw-w64-x86-64 (6.3.0-18+19.3+b3) ...
update-alternatives: using /usr/bin/x86_64-w64-mingw32-gcc-posix to provide /usr/bin/x86_64-w64-mingw32-gcc (x86_64-w64-mingw32-gcc) in auto mode
update-alternatives: warning: skip creation of /usr/bin/x86_64-w64-mingw32-gcc-6 because associated file /usr/bin/x86_64-w64-mingw32-gcc-6-posix (of link group x86_64-w64-mingw32-gcc) doesn't exist
update-alternatives: using /usr/bin/x86_64-w64-mingw32-gcc-win32 to provide /usr/bin/x86_64-w64-mingw32-gcc (x86_64-w64-mingw32-gcc) in auto mode
update-alternatives: warning: skip creation of /usr/bin/x86_64-w64-mingw32-gcc-6 because associated file /usr/bin/x86_64-w64-mingw32-gcc-6-win32 (of link group x86_64-w64-mingw32-gcc) doesn't exist
Setting up btrfs-tools (4.7.3-1) ...
Setting up g++-mingw-w64-x86-64 (6.3.0-18+19.3+b3) ...
update-alternatives: using /usr/bin/x86_64-w64-mingw32-g++-posix to provide /usr/bin/x86_64-w64-mingw32-g++ (x86_64-w64-mingw32-g++) in auto mode
update-alternatives: using /usr/bin/x86_64-w64-mingw32-g++-win32 to provide /usr/bin/x86_64-w64-mingw32-g++ (x86_64-w64-mingw32-g++) in auto mode
Setting up python3 (3.5.3-1) ...
running python rtupdate hooks for python3.5...
running python post-rtupdate hooks for python3.5...
Setting up apparmor (2.11.0-3+deb9u2) ...
debconf: unable to initialize frontend: Dialog
debconf: (TERM is not set, so the dialog frontend is not usable.)
debconf: falling back to frontend: Readline
update-rc.d: warning: start and stop actions are no longer supported; falling back to defaults
diff: /var/lib/apparmor/profiles/.apparmor.md5sums: No such file or directory
Setting up libdevmapper1.02.1:s390x (2:1.02.137-2) ...
Setting up libdevmapper-event1.02.1:s390x (2:1.02.137-2) ...
Setting up dmsetup (2:1.02.137-2) ...
Setting up dh-python (2.20170125) ...
Setting up libdevmapper-dev:s390x (2:1.02.137-2) ...
Processing triggers for libc-bin (2.24-11+deb9u3) ...
Removing intermediate container 9d9fcde318ba
 ---> 23e39f31f80c
Step 73/94 : COPY --from=swagger /build/swagger* /usr/local/bin/
 ---> ccf5265b4787
Step 74/94 : COPY --from=frozen-images /build/ /docker-frozen-images
 ---> dd6134de5ff1
Step 75/94 : COPY --from=gometalinter /build/ /usr/local/bin/
 ---> f99ff226b0c4
Step 76/94 : COPY --from=tomlv /build/ /usr/local/bin/
 ---> 4f40594a4d57
Step 77/94 : COPY --from=vndr /build/ /usr/local/bin/
 ---> 4f3944b6a3f6
Step 78/94 : COPY --from=tini /build/ /usr/local/bin/
 ---> 3e9ea887a605
Step 79/94 : COPY --from=runc /build/ /usr/local/bin/
 ---> 1ab7b114e712
Step 80/94 : COPY --from=containerd /build/ /usr/local/bin/
 ---> 0d2c1fa7ed01
Step 81/94 : COPY --from=proxy /build/ /usr/local/bin/
 ---> a8e71ed56777
Step 82/94 : COPY --from=dockercli /build/ /usr/local/cli
 ---> 77df82790c49
Step 83/94 : COPY --from=registry /build/registry* /usr/local/bin/
 ---> 7f63657a5894
Step 84/94 : COPY --from=criu /build/ /usr/local/
 ---> d79aa89fa591
Step 85/94 : COPY --from=docker-py /build/ /docker-py
 ---> fb7982c64614
Step 86/94 : RUN cd /docker-py 	&& pip install docker-pycreds==0.2.1 	&& pip install yamllint==1.5.0 	&& pip install -r test-requirements.txt
 ---> Running in b9e84f5147e2
Collecting docker-pycreds==0.2.1
  Downloading https://files.pythonhosted.org/packages/ff/ec/14e976222468249cc50df4a031e5922581747b52dc96a0b1d5d73fee8f0e/docker_pycreds-0.2.1-py2.py3-none-any.whl
Requirement already satisfied: six>=1.4.0 in /usr/lib/python2.7/dist-packages (from docker-pycreds==0.2.1)
Installing collected packages: docker-pycreds
Successfully installed docker-pycreds-0.2.1
Collecting yamllint==1.5.0
  Downloading https://files.pythonhosted.org/packages/64/93/2a2e99b04f4a2f2adb26f4f543770310bf6303b3af492345c4a700d14f4e/yamllint-1.5.0-py2.py3-none-any.whl
Collecting pyyaml (from yamllint==1.5.0)
  Downloading https://files.pythonhosted.org/packages/9e/a3/1d13970c3f36777c583f136c136f804d70f500168edc1edea6daa7200769/PyYAML-3.13.tar.gz (270kB)
Building wheels for collected packages: pyyaml
  Running setup.py bdist_wheel for pyyaml: started
  Running setup.py bdist_wheel for pyyaml: finished with status 'done'
  Stored in directory: /root/.cache/pip/wheels/ad/da/0c/74eb680767247273e2cf2723482cb9c924fe70af57c334513f
Successfully built pyyaml
Installing collected packages: pyyaml, yamllint
Successfully installed pyyaml-3.13 yamllint-1.5.0
Collecting mock==1.0.1 (from -r test-requirements.txt (line 1))
  Downloading https://files.pythonhosted.org/packages/a2/52/7edcd94f0afb721a2d559a5b9aae8af4f8f2c79bc63fdbe8a8a6c9b23bbe/mock-1.0.1.tar.gz (818kB)
Collecting pytest==2.9.1 (from -r test-requirements.txt (line 2))
  Downloading https://files.pythonhosted.org/packages/61/49/c299eeaea69ed31338a58762b5185c56044fc2e09434694742ca2306a514/pytest-2.9.1-py2.py3-none-any.whl (161kB)
Collecting coverage==3.7.1 (from -r test-requirements.txt (line 3))
  Downloading https://files.pythonhosted.org/packages/09/4f/89b06c7fdc09687bca507dc411c342556ef9c5a3b26756137a4878ff19bf/coverage-3.7.1.tar.gz (284kB)
Collecting pytest-cov==2.1.0 (from -r test-requirements.txt (line 4))
  Downloading https://files.pythonhosted.org/packages/f2/9b/03b7d51c74d8f7088e37043dcf4f59faed359c56e7d016e2627108072679/pytest_cov-2.1.0-py2.py3-none-any.whl
Collecting flake8==3.4.1 (from -r test-requirements.txt (line 5))
  Downloading https://files.pythonhosted.org/packages/b2/d3/e80ea2616e3871ae22459c415c63d64b9bd744c92267482670fcdbcea72d/flake8-3.4.1-py2.py3-none-any.whl (68kB)
Collecting py>=1.4.29 (from pytest==2.9.1->-r test-requirements.txt (line 2))
  Downloading https://files.pythonhosted.org/packages/3e/c7/3da685ef117d42ac8d71af525208759742dd235f8094221fdaafcd3dba8f/py-1.7.0-py2.py3-none-any.whl (83kB)
Collecting enum34; python_version < "3.4" (from flake8==3.4.1->-r test-requirements.txt (line 5))
  Downloading https://files.pythonhosted.org/packages/c5/db/e56e6b4bbac7c4a06de1c50de6fe1ef3810018ae11732a50f15f62c7d050/enum34-1.1.6-py2-none-any.whl
Collecting configparser; python_version < "3.2" (from flake8==3.4.1->-r test-requirements.txt (line 5))
  Downloading https://files.pythonhosted.org/packages/7c/69/c2ce7e91c89dc073eb1aa74c0621c3eefbffe8216b3f9af9d3885265c01c/configparser-3.5.0.tar.gz
Collecting pycodestyle<2.4.0,>=2.0.0 (from flake8==3.4.1->-r test-requirements.txt (line 5))
  Downloading https://files.pythonhosted.org/packages/e4/81/78fe51eb4038d1388b7217dd63770b0f428370207125047312886c923b26/pycodestyle-2.3.1-py2.py3-none-any.whl (45kB)
Collecting mccabe<0.7.0,>=0.6.0 (from flake8==3.4.1->-r test-requirements.txt (line 5))
  Downloading https://files.pythonhosted.org/packages/87/89/479dc97e18549e21354893e4ee4ef36db1d237534982482c3681ee6e7b57/mccabe-0.6.1-py2.py3-none-any.whl
Collecting pyflakes<1.6.0,>=1.5.0 (from flake8==3.4.1->-r test-requirements.txt (line 5))
  Downloading https://files.pythonhosted.org/packages/27/49/924098b3b85c286696f37e014475d79471ffc44509613af420645a3c12cb/pyflakes-1.5.0-py2.py3-none-any.whl (225kB)
Building wheels for collected packages: mock, coverage, configparser
  Running setup.py bdist_wheel for mock: started
  Running setup.py bdist_wheel for mock: finished with status 'done'
  Stored in directory: /root/.cache/pip/wheels/7e/72/92/744b532c779242b57aab4bcba80c312b30c069bbd60025e7e6
  Running setup.py bdist_wheel for coverage: started
  Running setup.py bdist_wheel for coverage: finished with status 'done'
  Stored in directory: /root/.cache/pip/wheels/68/58/66/f1fc9afad272df0df0fa38cdef34ee2d5d8d6a85f4eb5acab5
  Running setup.py bdist_wheel for configparser: started
  Running setup.py bdist_wheel for configparser: finished with status 'done'
  Stored in directory: /root/.cache/pip/wheels/a3/61/79/424ef897a2f3b14684a7de5d89e8600b460b89663e6ce9d17c
Successfully built mock coverage configparser
Installing collected packages: mock, py, pytest, coverage, pytest-cov, enum34, configparser, pycodestyle, mccabe, pyflakes, flake8
  Found existing installation: mock 2.0.0
    Not uninstalling mock at /usr/lib/python2.7/dist-packages, outside environment /usr
Successfully installed configparser-3.5.0 coverage-3.7.1 enum34-1.1.6 flake8-3.4.1 mccabe-0.6.1 mock-1.0.1 py-1.7.0 pycodestyle-2.3.1 pyflakes-1.5.0 pytest-2.9.1 pytest-cov-2.1.0
Removing intermediate container b9e84f5147e2
 ---> 93ef8345ab85
Step 87/94 : ENV PATH=/usr/local/cli:$PATH
 ---> Running in c663b9e72b78
Removing intermediate container c663b9e72b78
 ---> d74bb4ba63dc
Step 88/94 : ENV DOCKER_BUILDTAGS apparmor seccomp selinux
 ---> Running in 89546b64b730
Removing intermediate container 89546b64b730
 ---> 4c586f61ef56
Step 89/94 : ENV GOMETALINTER_OPTS="--deadline=2m"
 ---> Running in e3d2127a5f03
Removing intermediate container e3d2127a5f03
 ---> d652e8c1a5a2
Step 90/94 : WORKDIR /go/src/github.com/docker/docker
 ---> Running in cd22e57cb7bb
Removing intermediate container cd22e57cb7bb
 ---> e02a3b40ca49
Step 91/94 : VOLUME /var/lib/docker
 ---> Running in b439b7170abe
Removing intermediate container b439b7170abe
 ---> b4181f0b90ca
Step 92/94 : ENTRYPOINT ["hack/dind"]
 ---> Running in 85f8085a7edd
Removing intermediate container 85f8085a7edd
 ---> d413412eb6b4
Step 93/94 : FROM dev AS final
 ---> d413412eb6b4
Step 94/94 : COPY . /go/src/github.com/docker/docker
 ---> 1840f199f892
Successfully built 1840f199f892
Successfully tagged docker-s390x:6d0dce6
?   	github.com/docker/docker/api	[no test files]
ok  	github.com/docker/docker/api/server	0.004s	coverage: 7.9% of statements
?   	github.com/docker/docker/api/server/backend/build	[no test files]
ok  	github.com/docker/docker/api/server/httputils	0.004s	coverage: 11.1% of statements
ok  	github.com/docker/docker/api/server/middleware	0.004s	coverage: 43.4% of statements
?   	github.com/docker/docker/api/server/router	[no test files]
?   	github.com/docker/docker/api/server/router/build	[no test files]
?   	github.com/docker/docker/api/server/router/checkpoint	[no test files]
?   	github.com/docker/docker/api/server/router/container	[no test files]
?   	github.com/docker/docker/api/server/router/debug	[no test files]
?   	github.com/docker/docker/api/server/router/distribution	[no test files]
?   	github.com/docker/docker/api/server/router/image	[no test files]
?   	github.com/docker/docker/api/server/router/network	[no test files]
?   	github.com/docker/docker/api/server/router/plugin	[no test files]
?   	github.com/docker/docker/api/server/router/session	[no test files]
?   	github.com/docker/docker/api/server/router/swarm	[no test files]
?   	github.com/docker/docker/api/server/router/system	[no test files]
?   	github.com/docker/docker/api/server/router/volume	[no test files]
?   	github.com/docker/docker/api/types	[no test files]
?   	github.com/docker/docker/api/types/backend	[no test files]
?   	github.com/docker/docker/api/types/blkiodev	[no test files]
?   	github.com/docker/docker/api/types/container	[no test files]
?   	github.com/docker/docker/api/types/events	[no test files]
ok  	github.com/docker/docker/api/types/filters	0.003s	coverage: 94.2% of statements
?   	github.com/docker/docker/api/types/image	[no test files]
?   	github.com/docker/docker/api/types/mount	[no test files]
?   	github.com/docker/docker/api/types/network	[no test files]
?   	github.com/docker/docker/api/types/plugins/logdriver	[no test files]
?   	github.com/docker/docker/api/types/registry	[no test files]
ok  	github.com/docker/docker/api/types/strslice	0.002s	coverage: 90.0% of statements
?   	github.com/docker/docker/api/types/swarm	[no test files]
?   	github.com/docker/docker/api/types/swarm/runtime	[no test files]
ok  	github.com/docker/docker/api/types/time	0.002s	coverage: 100.0% of statements
ok  	github.com/docker/docker/api/types/versions	0.003s	coverage: 75.0% of statements
?   	github.com/docker/docker/api/types/versions/v1p19	[no test files]
?   	github.com/docker/docker/api/types/versions/v1p20	[no test files]
?   	github.com/docker/docker/api/types/volume	[no test files]
?   	github.com/docker/docker/builder	[no test files]
?   	github.com/docker/docker/builder/builder-next	[no test files]
?   	github.com/docker/docker/builder/builder-next/adapters/containerimage	[no test files]
?   	github.com/docker/docker/builder/builder-next/adapters/snapshot	[no test files]
?   	github.com/docker/docker/builder/builder-next/exporter	[no test files]
?   	github.com/docker/docker/builder/builder-next/imagerefchecker	[no test files]
?   	github.com/docker/docker/builder/builder-next/worker	[no test files]
ok  	github.com/docker/docker/builder/dockerfile	0.812s	coverage: 45.4% of statements
ok  	github.com/docker/docker/builder/dockerignore	0.002s	coverage: 96.8% of statements
ok  	github.com/docker/docker/builder/fscache	0.110s	coverage: 69.2% of statements
ok  	github.com/docker/docker/builder/remotecontext	0.296s	coverage: 13.7% of statements
ok  	github.com/docker/docker/builder/remotecontext/git	0.493s	coverage: 78.8% of statements
?   	github.com/docker/docker/cli	[no test files]
?   	github.com/docker/docker/cli/config	[no test files]
ok  	github.com/docker/docker/cli/debug	0.002s	coverage: 100.0% of statements
ok  	github.com/docker/docker/client	0.134s	coverage: 75.6% of statements
ok  	github.com/docker/docker/cmd/dockerd	0.036s	coverage: 31.4% of statements
ok  	github.com/docker/docker/cmd/dockerd/hack	0.002s	coverage: 72.9% of statements
ok  	github.com/docker/docker/container	0.114s	coverage: 35.4% of statements
?   	github.com/docker/docker/container/stream	[no test files]
?   	github.com/docker/docker/contrib/apparmor	[no test files]
?   	github.com/docker/docker/contrib/docker-device-tool	[no test files]
?   	github.com/docker/docker/contrib/httpserver	[no test files]
ok  	github.com/docker/docker/daemon	12.226s	coverage: 17.1% of statements
ok  	github.com/docker/docker/daemon/cluster	0.027s	coverage: 0.5% of statements
ok  	github.com/docker/docker/daemon/cluster/controllers/plugin	0.007s	coverage: 65.3% of statements
ok  	github.com/docker/docker/daemon/cluster/convert	0.007s	coverage: 28.0% of statements
?   	github.com/docker/docker/daemon/cluster/executor	[no test files]
ok  	github.com/docker/docker/daemon/cluster/executor/container	3.431s	coverage: 12.7% of statements
?   	github.com/docker/docker/daemon/cluster/provider	[no test files]
ok  	github.com/docker/docker/daemon/config	0.027s	coverage: 84.8% of statements
ok  	github.com/docker/docker/daemon/discovery	0.004s	coverage: 30.4% of statements
ok  	github.com/docker/docker/daemon/events	0.058s	coverage: 50.0% of statements
?   	github.com/docker/docker/daemon/events/testutils	[no test files]
?   	github.com/docker/docker/daemon/exec	[no test files]
ok  	github.com/docker/docker/daemon/graphdriver	0.006s	coverage: 2.2% of statements
ok  	github.com/docker/docker/daemon/graphdriver/aufs	10.782s	coverage: 73.6% of statements
ok  	github.com/docker/docker/daemon/graphdriver/btrfs	0.005s	coverage: 2.9% of statements
ok  	github.com/docker/docker/daemon/graphdriver/copy	0.187s	coverage: 57.0% of statements
ok  	github.com/docker/docker/daemon/graphdriver/devmapper	4.599s	coverage: 46.1% of statements
?   	github.com/docker/docker/daemon/graphdriver/graphtest	[no test files]
ok  	github.com/docker/docker/daemon/graphdriver/overlay	1.732s	coverage: 50.8% of statements
ok  	github.com/docker/docker/daemon/graphdriver/overlay2	5.022s	coverage: 56.8% of statements
?   	github.com/docker/docker/daemon/graphdriver/overlayutils	[no test files]
ok  	github.com/docker/docker/daemon/graphdriver/quota	0.665s	coverage: 75.2% of statements
?   	github.com/docker/docker/daemon/graphdriver/register	[no test files]
ok  	github.com/docker/docker/daemon/graphdriver/vfs	0.007s	coverage: 70.5% of statements
ok  	github.com/docker/docker/daemon/graphdriver/zfs	0.004s	coverage: 3.0% of statements
ok  	github.com/docker/docker/daemon/images	0.010s	coverage: 4.9% of statements
?   	github.com/docker/docker/daemon/initlayer	[no test files]
ok  	github.com/docker/docker/daemon/links	0.002s	coverage: 93.0% of statements
?   	github.com/docker/docker/daemon/listeners	[no test files]
ok  	github.com/docker/docker/daemon/logger	0.215s	coverage: 43.7% of statements
ok  	github.com/docker/docker/daemon/logger/awslogs	0.096s	coverage: 78.2% of statements
?   	github.com/docker/docker/daemon/logger/fluentd	[no test files]
?   	github.com/docker/docker/daemon/logger/gcplogs	[no test files]
ok  	github.com/docker/docker/daemon/logger/gelf	0.005s	coverage: 68.2% of statements
ok  	github.com/docker/docker/daemon/logger/journald	0.004s	coverage: 26.2% of statements
ok  	github.com/docker/docker/daemon/logger/jsonfilelog	0.005s	coverage: 62.1% of statements
ok  	github.com/docker/docker/daemon/logger/jsonfilelog/jsonlog	0.009s	coverage: 88.3% of statements
ok  	github.com/docker/docker/daemon/logger/local	0.011s	coverage: 74.7% of statements
?   	github.com/docker/docker/daemon/logger/logentries	[no test files]
ok  	github.com/docker/docker/daemon/logger/loggerutils	0.011s	coverage: 18.6% of statements
ok  	github.com/docker/docker/daemon/logger/splunk	1.525s	coverage: 84.5% of statements
ok  	github.com/docker/docker/daemon/logger/syslog	0.004s	coverage: 47.8% of statements
ok  	github.com/docker/docker/daemon/logger/templates	0.002s	coverage: 8.3% of statements
?   	github.com/docker/docker/daemon/names	[no test files]
ok  	github.com/docker/docker/daemon/network	0.003s	coverage: 57.1% of statements
?   	github.com/docker/docker/daemon/stats	[no test files]
ok  	github.com/docker/docker/distribution	0.265s	coverage: 16.8% of statements
ok  	github.com/docker/docker/distribution/metadata	0.029s	coverage: 48.2% of statements
?   	github.com/docker/docker/distribution/utils	[no test files]
ok  	github.com/docker/docker/distribution/xfer	1.428s	coverage: 83.9% of statements
?   	github.com/docker/docker/dockerversion	[no test files]
ok  	github.com/docker/docker/errdefs	0.002s	coverage: 76.0% of statements
ok  	github.com/docker/docker/image	0.016s	coverage: 86.3% of statements
ok  	github.com/docker/docker/image/cache	0.007s	coverage: 19.2% of statements
?   	github.com/docker/docker/image/tarexport	[no test files]
ok  	github.com/docker/docker/image/v1	0.007s	coverage: 25.0% of statements
ok  	github.com/docker/docker/internal/procfs	0.002s	coverage: 78.4% of statements
?   	github.com/docker/docker/internal/test	[no test files]
?   	github.com/docker/docker/internal/test/daemon	[no test files]
?   	github.com/docker/docker/internal/test/environment	[no test files]
?   	github.com/docker/docker/internal/test/fakecontext	[no test files]
?   	github.com/docker/docker/internal/test/fakegit	[no test files]
?   	github.com/docker/docker/internal/test/fakestorage	[no test files]
?   	github.com/docker/docker/internal/test/fixtures/load	[no test files]
?   	github.com/docker/docker/internal/test/fixtures/plugin	[no test files]
?   	github.com/docker/docker/internal/test/fixtures/plugin/basic	[no test files]
?   	github.com/docker/docker/internal/test/registry	[no test files]
?   	github.com/docker/docker/internal/test/request	[no test files]
ok  	github.com/docker/docker/internal/testutil	0.002s	coverage: 62.5% of statements
ok  	github.com/docker/docker/layer	7.946s	coverage: 71.4% of statements
ok  	github.com/docker/docker/libcontainerd	0.029s	coverage: 3.4% of statements
?   	github.com/docker/docker/libcontainerd/supervisor	[no test files]
?   	github.com/docker/docker/oci	[no test files]
?   	github.com/docker/docker/oci/caps	[no test files]
ok  	github.com/docker/docker/opts	0.024s	coverage: 68.4% of statements
ok  	github.com/docker/docker/pkg/aaparser	0.002s	coverage: 50.0% of statements
ok  	github.com/docker/docker/pkg/archive	0.360s	coverage: 82.3% of statements
ok  	github.com/docker/docker/pkg/authorization	0.664s	coverage: 66.7% of statements
ok  	github.com/docker/docker/pkg/broadcaster	0.002s	coverage: 100.0% of statements
ok  	github.com/docker/docker/pkg/chrootarchive	3.269s	coverage: 37.0% of statements
?   	github.com/docker/docker/pkg/containerfs	[no test files]
?   	github.com/docker/docker/pkg/devicemapper	[no test files]
ok  	github.com/docker/docker/pkg/directory	0.002s	coverage: 80.0% of statements
ok  	github.com/docker/docker/pkg/discovery	0.003s	coverage: 58.3% of statements
ok  	github.com/docker/docker/pkg/discovery/file	0.003s	coverage: 97.6% of statements
ok  	github.com/docker/docker/pkg/discovery/kv	3.105s	coverage: 84.1% of statements
ok  	github.com/docker/docker/pkg/discovery/memory	0.002s	coverage: 92.3% of statements
ok  	github.com/docker/docker/pkg/discovery/nodes	0.002s	coverage: 93.8% of statements
ok  	github.com/docker/docker/pkg/dmesg	0.002s	coverage: 83.3% of statements
ok  	github.com/docker/docker/pkg/filenotify	0.603s	coverage: 66.3% of statements
ok  	github.com/docker/docker/pkg/fileutils	0.007s	coverage: 89.5% of statements
ok  	github.com/docker/docker/pkg/fsutils	0.357s	coverage: 85.1% of statements
ok  	github.com/docker/docker/pkg/homedir	0.003s	coverage: 41.7% of statements
ok  	github.com/docker/docker/pkg/idtools	0.298s	coverage: 70.2% of statements
ok  	github.com/docker/docker/pkg/ioutils	0.360s	coverage: 70.0% of statements
ok  	github.com/docker/docker/pkg/jsonmessage	0.004s	coverage: 88.3% of statements
ok  	github.com/docker/docker/pkg/locker	0.019s	coverage: 88.9% of statements
ok  	github.com/docker/docker/pkg/longpath	0.002s	coverage: 100.0% of statements
?   	github.com/docker/docker/pkg/loopback	[no test files]
ok  	github.com/docker/docker/pkg/mount	1.043s	coverage: 68.6% of statements
ok  	github.com/docker/docker/pkg/namesgenerator	0.002s	coverage: 85.7% of statements
?   	github.com/docker/docker/pkg/namesgenerator/cmd/names-generator	[no test files]
ok  	github.com/docker/docker/pkg/parsers	0.002s	coverage: 97.0% of statements
ok  	github.com/docker/docker/pkg/parsers/kernel	0.002s	coverage: 60.0% of statements
ok  	github.com/docker/docker/pkg/parsers/operatingsystem	0.002s	coverage: 90.0% of statements
ok  	github.com/docker/docker/pkg/pidfile	0.002s	coverage: 82.4% of statements
?   	github.com/docker/docker/pkg/platform	[no test files]
?   	github.com/docker/docker/pkg/plugingetter	[no test files]
ok  	github.com/docker/docker/pkg/plugins	33.618s	coverage: 76.8% of statements
ok  	github.com/docker/docker/pkg/plugins/pluginrpc-gen	0.010s	coverage: 56.8% of statements
?   	github.com/docker/docker/pkg/plugins/pluginrpc-gen/fixtures	[no test files]
?   	github.com/docker/docker/pkg/plugins/pluginrpc-gen/fixtures/otherfixture	[no test files]
ok  	github.com/docker/docker/pkg/plugins/transport	0.003s	coverage: 85.7% of statements
ok  	github.com/docker/docker/pkg/pools	0.003s	coverage: 87.9% of statements
ok  	github.com/docker/docker/pkg/progress	0.002s	coverage: 75.9% of statements
ok  	github.com/docker/docker/pkg/pubsub	1.038s	coverage: 72.7% of statements
ok  	github.com/docker/docker/pkg/reexec	0.005s	coverage: 82.4% of statements
ok  	github.com/docker/docker/pkg/signal	2.417s	coverage: 61.0% of statements
?   	github.com/docker/docker/pkg/signal/testfiles	[no test files]
ok  	github.com/docker/docker/pkg/stdcopy	0.003s	coverage: 100.0% of statements
ok  	github.com/docker/docker/pkg/streamformatter	0.004s	coverage: 66.2% of statements
ok  	github.com/docker/docker/pkg/stringid	0.002s	coverage: 76.0% of statements
ok  	github.com/docker/docker/pkg/symlink	0.006s	coverage: 87.7% of statements
ok  	github.com/docker/docker/pkg/sysinfo	0.004s	coverage: 75.8% of statements
ok  	github.com/docker/docker/pkg/system	0.029s	coverage: 36.1% of statements
ok  	github.com/docker/docker/pkg/tailfile	0.016s	coverage: 88.6% of statements
ok  	github.com/docker/docker/pkg/tarsum	0.041s	coverage: 89.3% of statements
ok  	github.com/docker/docker/pkg/term	0.003s	coverage: 84.8% of statements
ok  	github.com/docker/docker/pkg/term/windows	0.003s	coverage: 0.0% of statements [no tests to run]
ok  	github.com/docker/docker/pkg/truncindex	0.102s	coverage: 91.5% of statements
ok  	github.com/docker/docker/pkg/urlutil	0.002s	coverage: 100.0% of statements
ok  	github.com/docker/docker/pkg/useragent	0.002s	coverage: 88.9% of statements
ok  	github.com/docker/docker/plugin	0.562s	coverage: 27.3% of statements
ok  	github.com/docker/docker/plugin/executor/containerd	0.008s	coverage: 33.3% of statements
ok  	github.com/docker/docker/plugin/v2	0.003s	coverage: 14.5% of statements
?   	github.com/docker/docker/profiles/apparmor	[no test files]
ok  	github.com/docker/docker/profiles/seccomp	0.003s	coverage: 81.0% of statements
ok  	github.com/docker/docker/reference	0.008s	coverage: 84.4% of statements
ok  	github.com/docker/docker/registry	0.175s	coverage: 57.0% of statements
ok  	github.com/docker/docker/registry/resumable	0.015s	coverage: 100.0% of statements
ok  	github.com/docker/docker/restartmanager	0.002s	coverage: 47.1% of statements
ok  	github.com/docker/docker/runconfig	0.007s	coverage: 68.2% of statements
?   	github.com/docker/docker/runconfig/opts	[no test files]
?   	github.com/docker/docker/volume	[no test files]
ok  	github.com/docker/docker/volume/drivers	0.005s	coverage: 36.1% of statements
ok  	github.com/docker/docker/volume/local	0.032s	coverage: 73.0% of statements
ok  	github.com/docker/docker/volume/mounts	0.036s	coverage: 66.8% of statements
ok  	github.com/docker/docker/volume/service	0.011s	coverage: 73.0% of statements
?   	github.com/docker/docker/volume/service/opts	[no test files]
?   	github.com/docker/docker/volume/testutils	[no test files]

Removing bundles/

---> Making bundle: dynbinary (in bundles/dynbinary)
Building: bundles/dynbinary-daemon/dockerd-dev
Created binary: bundles/dynbinary-daemon/dockerd-dev

---> Making bundle: test-integration (in bundles/test-integration)
Building test suite binary ./integration-cli/test.main
Building test suite binary ./integration/config/test.main
Building test suite binary ./integration/secret/test.main
Building test suite binary ./integration/session/test.main
Building test suite binary ./integration/plugin/test.main
Building test suite binary ./integration/plugin/logging/test.main
Building test suite binary ./integration/plugin/logging/cmd/test.main
Building test suite binary ./integration/plugin/logging/cmd/dummy/test.main
Building test suite binary ./integration/plugin/logging/cmd/close_on_start/test.main
Building test suite binary ./integration/plugin/authz/test.main
Building test suite binary ./integration/plugin/graphdriver/test.main
Building test suite binary ./integration/plugin/common/test.main
Building test suite binary ./integration/plugin/volumes/test.main
Building test suite binary ./integration/plugin/volumes/cmd/test.main
Building test suite binary ./integration/plugin/volumes/cmd/dummy/test.main
Building test suite binary ./integration/container/test.main
Building test suite binary ./integration/system/test.main
Building test suite binary ./integration/volume/test.main
Building test suite binary ./integration/build/test.main
Building test suite binary ./integration/network/test.main
Building test suite binary ./integration/network/ipvlan/test.main
Building test suite binary ./integration/network/macvlan/test.main
Building test suite binary ./integration/service/test.main
Building test suite binary ./integration/image/test.main
---> Making bundle: .integration-daemon-start (in bundles/test-integration)
Using test binary docker
/etc/init.d/apparmor: 130: /etc/init.d/apparmor: systemd-detect-virt: not found
Starting AppArmor profiles:Warning from stdin (line 1): /sbin/apparmor_parser: cannot use or update cache, disable, or force-complain via stdin
Warning failed to create cache: (null)
.
INFO: Waiting for daemon to start...
Starting dockerd
.
---> Making bundle: .integration-daemon-setup (in bundles/test-integration)
---> Making bundle: .ensure-emptyfs (in bundles/test-integration)
Error: No such image: emptyfs
Running integration-test (iteration 1)
Running /go/src/github.com/docker/docker/integration/config
Loaded image: buildpack-deps:jessie
Loaded image: busybox:latest
Loaded image: busybox:glibc
Loaded image: debian:jessie
Loaded image: hello-world:latest
INFO: Testing against a local daemon
=== RUN   TestConfigList
--- PASS: TestConfigList (2.94s)
    daemon.go:296: [dc4a4f104ef6b] waiting for daemon to start
    daemon.go:328: [dc4a4f104ef6b] daemon started
    daemon.go:283: [dc4a4f104ef6b] exiting daemon
=== RUN   TestConfigsCreateAndDelete
--- PASS: TestConfigsCreateAndDelete (3.03s)
    daemon.go:296: [d51238af33c89] waiting for daemon to start
    daemon.go:328: [d51238af33c89] daemon started
    daemon.go:283: [d51238af33c89] exiting daemon
=== RUN   TestConfigsUpdate
--- PASS: TestConfigsUpdate (3.03s)
    daemon.go:296: [d1c1f214e6714] waiting for daemon to start
    daemon.go:328: [d1c1f214e6714] daemon started
    daemon.go:283: [d1c1f214e6714] exiting daemon
=== RUN   TestTemplatedConfig
--- PASS: TestTemplatedConfig (3.57s)
    daemon.go:296: [d4d9ef728677c] waiting for daemon to start
    daemon.go:328: [d4d9ef728677c] daemon started
    daemon.go:283: [d4d9ef728677c] exiting daemon
=== RUN   TestConfigInspect
--- PASS: TestConfigInspect (2.98s)
    daemon.go:296: [d0422667e2e9e] waiting for daemon to start
    daemon.go:328: [d0422667e2e9e] daemon started
    daemon.go:283: [d0422667e2e9e] exiting daemon
=== RUN   TestConfigCreateWithLabels
--- PASS: TestConfigCreateWithLabels (2.86s)
    daemon.go:296: [d5ce5189da7ed] waiting for daemon to start
    daemon.go:328: [d5ce5189da7ed] daemon started
    daemon.go:283: [d5ce5189da7ed] exiting daemon
=== RUN   TestConfigCreateResolve
--- PASS: TestConfigCreateResolve (2.94s)
    daemon.go:296: [da41a6bee961b] waiting for daemon to start
    daemon.go:328: [da41a6bee961b] daemon started
    daemon.go:283: [da41a6bee961b] exiting daemon
PASS
Running /go/src/github.com/docker/docker/integration/secret
INFO: Testing against a local daemon
=== RUN   TestSecretInspect
--- PASS: TestSecretInspect (2.85s)
    daemon.go:296: [d12bd2dc6dc1d] waiting for daemon to start
    daemon.go:328: [d12bd2dc6dc1d] daemon started
    daemon.go:283: [d12bd2dc6dc1d] exiting daemon
=== RUN   TestSecretList
--- PASS: TestSecretList (2.92s)
    daemon.go:296: [df25b118aff06] waiting for daemon to start
    daemon.go:328: [df25b118aff06] daemon started
    daemon.go:283: [df25b118aff06] exiting daemon
=== RUN   TestSecretsCreateAndDelete
--- PASS: TestSecretsCreateAndDelete (3.18s)
    daemon.go:296: [d478dcf60ae84] waiting for daemon to start
    daemon.go:328: [d478dcf60ae84] daemon started
    daemon.go:283: [d478dcf60ae84] exiting daemon
=== RUN   TestSecretsUpdate
--- PASS: TestSecretsUpdate (3.04s)
    daemon.go:296: [d39ba7c52961a] waiting for daemon to start
    daemon.go:328: [d39ba7c52961a] daemon started
    daemon.go:283: [d39ba7c52961a] exiting daemon
=== RUN   TestTemplatedSecret
--- PASS: TestTemplatedSecret (3.41s)
    daemon.go:296: [d780180c19e08] waiting for daemon to start
    daemon.go:328: [d780180c19e08] daemon started
    daemon.go:283: [d780180c19e08] exiting daemon
=== RUN   TestSecretCreateResolve
--- PASS: TestSecretCreateResolve (3.01s)
    daemon.go:296: [d9b8c8fdfc7ae] waiting for daemon to start
    daemon.go:328: [d9b8c8fdfc7ae] daemon started
    daemon.go:283: [d9b8c8fdfc7ae] exiting daemon
PASS
Running /go/src/github.com/docker/docker/integration/session
INFO: Testing against a local daemon
=== RUN   TestSessionCreate
--- SKIP: TestSessionCreate (0.00s)
    session_test.go:14: !testEnv.DaemonInfo.ExperimentalBuild
=== RUN   TestSessionCreateWithBadUpgrade
--- SKIP: TestSessionCreateWithBadUpgrade (0.00s)
    session_test.go:31: !testEnv.DaemonInfo.ExperimentalBuild
PASS
Running /go/src/github.com/docker/docker/integration/plugin
testing: warning: no tests to run
PASS
Running /go/src/github.com/docker/docker/integration/plugin/logging
INFO: Testing against a local daemon
=== RUN   TestContinueAfterPluginCrash
=== PAUSE TestContinueAfterPluginCrash
=== RUN   TestDaemonStartWithLogOpt
=== PAUSE TestDaemonStartWithLogOpt
=== CONT  TestContinueAfterPluginCrash
=== CONT  TestDaemonStartWithLogOpt
--- PASS: TestDaemonStartWithLogOpt (8.56s)
    daemon.go:296: [d8b568159bc13] waiting for daemon to start
    daemon.go:328: [d8b568159bc13] daemon started
    daemon.go:283: [d8b568159bc13] exiting daemon
    daemon.go:296: [d8b568159bc13] waiting for daemon to start
    daemon.go:328: [d8b568159bc13] daemon started
    daemon.go:283: [d8b568159bc13] exiting daemon
--- PASS: TestContinueAfterPluginCrash (13.90s)
    daemon.go:296: [d43dc3386f03b] waiting for daemon to start
    daemon.go:328: [d43dc3386f03b] daemon started
    daemon.go:283: [d43dc3386f03b] exiting daemon
PASS
Running /go/src/github.com/docker/docker/integration/plugin/logging/cmd
testing: warning: no tests to run
PASS
Running /go/src/github.com/docker/docker/integration/plugin/logging/cmd/dummy
testing: warning: no tests to run
PASS
Running /go/src/github.com/docker/docker/integration/plugin/logging/cmd/close_on_start
testing: warning: no tests to run
PASS
Running /go/src/github.com/docker/docker/integration/plugin/authz
INFO: Testing against a local daemon
=== RUN   TestAuthZPluginAllowRequest
--- PASS: TestAuthZPluginAllowRequest (1.62s)
    daemon.go:296: [da10fc243b327] waiting for daemon to start
    daemon.go:328: [da10fc243b327] daemon started
    daemon.go:283: [da10fc243b327] exiting daemon
=== RUN   TestAuthZPluginTLS
--- PASS: TestAuthZPluginTLS (0.54s)
    daemon.go:296: [d75d1951db814] waiting for daemon to start
    daemon.go:328: [d75d1951db814] daemon started
    daemon.go:283: [d75d1951db814] exiting daemon
=== RUN   TestAuthZPluginDenyRequest
--- PASS: TestAuthZPluginDenyRequest (0.54s)
    daemon.go:296: [d722db6f3537c] waiting for daemon to start
    daemon.go:328: [d722db6f3537c] daemon started
    daemon.go:283: [d722db6f3537c] exiting daemon
=== RUN   TestAuthZPluginAPIDenyResponse
--- PASS: TestAuthZPluginAPIDenyResponse (0.54s)
    daemon.go:296: [df10d2d75b53b] waiting for daemon to start
    daemon.go:328: [df10d2d75b53b] daemon started
    daemon.go:283: [df10d2d75b53b] exiting daemon
=== RUN   TestAuthZPluginDenyResponse
--- PASS: TestAuthZPluginDenyResponse (0.54s)
    daemon.go:296: [df179873f9122] waiting for daemon to start
    daemon.go:328: [df179873f9122] daemon started
    daemon.go:283: [df179873f9122] exiting daemon
=== RUN   TestAuthZPluginAllowEventStream
--- PASS: TestAuthZPluginAllowEventStream (1.75s)
    daemon.go:296: [d79d12fd0e7cb] waiting for daemon to start
    daemon.go:328: [d79d12fd0e7cb] daemon started
    daemon.go:283: [d79d12fd0e7cb] exiting daemon
=== RUN   TestAuthZPluginErrorResponse
--- PASS: TestAuthZPluginErrorResponse (0.54s)
    daemon.go:296: [d2ee14d24b2bb] waiting for daemon to start
    daemon.go:328: [d2ee14d24b2bb] daemon started
    daemon.go:283: [d2ee14d24b2bb] exiting daemon
=== RUN   TestAuthZPluginErrorRequest
--- PASS: TestAuthZPluginErrorRequest (0.53s)
    daemon.go:296: [deb17e72a5dd0] waiting for daemon to start
    daemon.go:328: [deb17e72a5dd0] daemon started
    daemon.go:283: [deb17e72a5dd0] exiting daemon
=== RUN   TestAuthZPluginEnsureNoDuplicatePluginRegistration
--- PASS: TestAuthZPluginEnsureNoDuplicatePluginRegistration (0.54s)
    daemon.go:296: [daae7943d2582] waiting for daemon to start
    daemon.go:328: [daae7943d2582] daemon started
    daemon.go:283: [daae7943d2582] exiting daemon
=== RUN   TestAuthZPluginEnsureLoadImportWorking
--- PASS: TestAuthZPluginEnsureLoadImportWorking (2.12s)
    daemon.go:296: [dd241243705ca] waiting for daemon to start
    daemon.go:328: [dd241243705ca] daemon started
    daemon.go:283: [dd241243705ca] exiting daemon
=== RUN   TestAuthzPluginEnsureContainerCopyToFrom
--- PASS: TestAuthzPluginEnsureContainerCopyToFrom (2.06s)
    daemon.go:296: [dff2d34f225fc] waiting for daemon to start
    daemon.go:328: [dff2d34f225fc] daemon started
    daemon.go:283: [dff2d34f225fc] exiting daemon
=== RUN   TestAuthZPluginHeader
--- PASS: TestAuthZPluginHeader (0.85s)
    daemon.go:296: [d18248c512326] waiting for daemon to start
    daemon.go:328: [d18248c512326] daemon started
    daemon.go:283: [d18248c512326] exiting daemon
=== RUN   TestAuthZPluginV2AllowNonVolumeRequest
--- SKIP: TestAuthZPluginV2AllowNonVolumeRequest (0.00s)
    authz_plugin_v2_test.go:43: os.Getenv("DOCKER_ENGINE_GOARCH") != "amd64"
=== RUN   TestAuthZPluginV2Disable
--- SKIP: TestAuthZPluginV2Disable (0.00s)
    authz_plugin_v2_test.go:67: os.Getenv("DOCKER_ENGINE_GOARCH") != "amd64"
=== RUN   TestAuthZPluginV2RejectVolumeRequests
--- SKIP: TestAuthZPluginV2RejectVolumeRequests (0.00s)
    authz_plugin_v2_test.go:94: os.Getenv("DOCKER_ENGINE_GOARCH") != "amd64"
=== RUN   TestAuthZPluginV2BadManifestFailsDaemonStart
--- SKIP: TestAuthZPluginV2BadManifestFailsDaemonStart (0.00s)
    authz_plugin_v2_test.go:130: os.Getenv("DOCKER_ENGINE_GOARCH") != "amd64"
=== RUN   TestAuthZPluginV2NonexistentFailsDaemonStart
--- PASS: TestAuthZPluginV2NonexistentFailsDaemonStart (16.53s)
    daemon.go:296: [dbbdbe6c0aff2] waiting for daemon to start
    daemon.go:328: [dbbdbe6c0aff2] daemon started
    daemon.go:283: [dbbdbe6c0aff2] exiting daemon
    daemon.go:296: [dbbdbe6c0aff2] waiting for daemon to start
    daemon.go:296: [dbbdbe6c0aff2] waiting for daemon to start
    daemon.go:296: [dbbdbe6c0aff2] waiting for daemon to start
    daemon.go:328: [dbbdbe6c0aff2] daemon started
    daemon.go:283: [dbbdbe6c0aff2] exiting daemon
PASS
Running /go/src/github.com/docker/docker/integration/plugin/graphdriver
INFO: Testing against a local daemon
=== RUN   TestExternalGraphDriver
=== RUN   TestExternalGraphDriver/json
=== RUN   TestExternalGraphDriver/spec
=== RUN   TestExternalGraphDriver/pull
--- PASS: TestExternalGraphDriver (6.76s)
    daemon.go:296: [d69d6a9adbf95] waiting for daemon to start
    daemon.go:328: [d69d6a9adbf95] daemon started
    daemon.go:283: [d69d6a9adbf95] exiting daemon
    daemon.go:296: [d69d6a9adbf95] waiting for daemon to start
    daemon.go:328: [d69d6a9adbf95] daemon started
    daemon.go:283: [d69d6a9adbf95] exiting daemon
    --- PASS: TestExternalGraphDriver/json (2.45s)
    daemon.go:296: [d69d6a9adbf95] waiting for daemon to start
    daemon.go:328: [d69d6a9adbf95] daemon started
    daemon.go:283: [d69d6a9adbf95] exiting daemon
    daemon.go:296: [d69d6a9adbf95] waiting for daemon to start
    daemon.go:328: [d69d6a9adbf95] daemon started
    daemon.go:283: [d69d6a9adbf95] exiting daemon
    --- PASS: TestExternalGraphDriver/spec (2.08s)
    daemon.go:296: [d69d6a9adbf95] waiting for daemon to start
    daemon.go:328: [d69d6a9adbf95] daemon started
    daemon.go:283: [d69d6a9adbf95] exiting daemon
    --- PASS: TestExternalGraphDriver/pull (2.08s)
=== RUN   TestGraphdriverPluginV2
--- SKIP: TestGraphdriverPluginV2 (0.06s)
    external_test.go:410: os.Getenv("DOCKER_ENGINE_GOARCH") != "amd64"
PASS
Running /go/src/github.com/docker/docker/integration/plugin/common
INFO: Testing against a local daemon
=== RUN   TestPluginInvalidJSON
=== RUN   TestPluginInvalidJSON//plugins/foobar/set
=== PAUSE TestPluginInvalidJSON//plugins/foobar/set
=== CONT  TestPluginInvalidJSON//plugins/foobar/set
--- PASS: TestPluginInvalidJSON (0.03s)
    --- PASS: TestPluginInvalidJSON//plugins/foobar/set (0.00s)
PASS
Running /go/src/github.com/docker/docker/integration/plugin/volumes
INFO: Testing against a local daemon
=== RUN   TestPluginWithDevMounts
=== PAUSE TestPluginWithDevMounts
=== CONT  TestPluginWithDevMounts
--- PASS: TestPluginWithDevMounts (1.90s)
    daemon.go:296: [db6d17f640419] waiting for daemon to start
    daemon.go:328: [db6d17f640419] daemon started
    daemon.go:283: [db6d17f640419] exiting daemon
PASS
Running /go/src/github.com/docker/docker/integration/plugin/volumes/cmd
testing: warning: no tests to run
PASS
Running /go/src/github.com/docker/docker/integration/plugin/volumes/cmd/dummy
testing: warning: no tests to run
PASS
Running /go/src/github.com/docker/docker/integration/container
INFO: Testing against a local daemon
=== RUN   TestContainerInvalidJSON
=== RUN   TestContainerInvalidJSON//containers/foobar/copy
=== PAUSE TestContainerInvalidJSON//containers/foobar/copy
=== RUN   TestContainerInvalidJSON//containers/foobar/exec
=== PAUSE TestContainerInvalidJSON//containers/foobar/exec
=== RUN   TestContainerInvalidJSON//exec/foobar/start
=== PAUSE TestContainerInvalidJSON//exec/foobar/start
=== CONT  TestContainerInvalidJSON//containers/foobar/copy
=== CONT  TestContainerInvalidJSON//exec/foobar/start
=== CONT  TestContainerInvalidJSON//containers/foobar/exec
--- PASS: TestContainerInvalidJSON (0.01s)
    --- PASS: TestContainerInvalidJSON//containers/foobar/copy (0.00s)
    --- PASS: TestContainerInvalidJSON//exec/foobar/start (0.00s)
    --- PASS: TestContainerInvalidJSON//containers/foobar/exec (0.00s)
=== RUN   TestCopyFromContainerPathDoesNotExist
--- PASS: TestCopyFromContainerPathDoesNotExist (0.07s)
=== RUN   TestCopyFromContainerPathIsNotDir
--- PASS: TestCopyFromContainerPathIsNotDir (0.07s)
=== RUN   TestCopyToContainerPathDoesNotExist
--- PASS: TestCopyToContainerPathDoesNotExist (0.06s)
=== RUN   TestCopyToContainerPathIsNotDir
--- PASS: TestCopyToContainerPathIsNotDir (0.05s)
=== RUN   TestCreateFailsWhenIdentifierDoesNotExist
=== RUN   TestCreateFailsWhenIdentifierDoesNotExist/image_and_tag
=== PAUSE TestCreateFailsWhenIdentifierDoesNotExist/image_and_tag
=== RUN   TestCreateFailsWhenIdentifierDoesNotExist/image_no_tag
=== PAUSE TestCreateFailsWhenIdentifierDoesNotExist/image_no_tag
=== RUN   TestCreateFailsWhenIdentifierDoesNotExist/digest
=== PAUSE TestCreateFailsWhenIdentifierDoesNotExist/digest
=== CONT  TestCreateFailsWhenIdentifierDoesNotExist/image_and_tag
=== CONT  TestCreateFailsWhenIdentifierDoesNotExist/digest
=== CONT  TestCreateFailsWhenIdentifierDoesNotExist/image_no_tag
--- PASS: TestCreateFailsWhenIdentifierDoesNotExist (0.01s)
    --- PASS: TestCreateFailsWhenIdentifierDoesNotExist/digest (0.00s)
    --- PASS: TestCreateFailsWhenIdentifierDoesNotExist/image_and_tag (0.00s)
    --- PASS: TestCreateFailsWhenIdentifierDoesNotExist/image_no_tag (0.00s)
=== RUN   TestCreateWithInvalidEnv
=== RUN   TestCreateWithInvalidEnv/0
=== PAUSE TestCreateWithInvalidEnv/0
=== RUN   TestCreateWithInvalidEnv/1
=== PAUSE TestCreateWithInvalidEnv/1
=== RUN   TestCreateWithInvalidEnv/2
=== PAUSE TestCreateWithInvalidEnv/2
=== CONT  TestCreateWithInvalidEnv/0
=== CONT  TestCreateWithInvalidEnv/2
=== CONT  TestCreateWithInvalidEnv/1
--- PASS: TestCreateWithInvalidEnv (0.01s)
    --- PASS: TestCreateWithInvalidEnv/0 (0.00s)
    --- PASS: TestCreateWithInvalidEnv/2 (0.00s)
    --- PASS: TestCreateWithInvalidEnv/1 (0.00s)
=== RUN   TestCreateTmpfsMountsTarget
--- PASS: TestCreateTmpfsMountsTarget (0.01s)
=== RUN   TestCreateWithCustomMaskedPaths
--- PASS: TestCreateWithCustomMaskedPaths (2.46s)
=== RUN   TestCreateWithCustomReadonlyPaths
--- PASS: TestCreateWithCustomReadonlyPaths (2.73s)
=== RUN   TestCreateWithInvalidHealthcheckParams
=== RUN   TestCreateWithInvalidHealthcheckParams/test_invalid_Interval_in_Healthcheck:_less_than_0s
=== PAUSE TestCreateWithInvalidHealthcheckParams/test_invalid_Interval_in_Healthcheck:_less_than_0s
=== RUN   TestCreateWithInvalidHealthcheckParams/test_invalid_Interval_in_Healthcheck:_larger_than_0s_but_less_than_1ms
=== PAUSE TestCreateWithInvalidHealthcheckParams/test_invalid_Interval_in_Healthcheck:_larger_than_0s_but_less_than_1ms
=== RUN   TestCreateWithInvalidHealthcheckParams/test_invalid_Timeout_in_Healthcheck:_less_than_1ms
=== PAUSE TestCreateWithInvalidHealthcheckParams/test_invalid_Timeout_in_Healthcheck:_less_than_1ms
=== RUN   TestCreateWithInvalidHealthcheckParams/test_invalid_Retries_in_Healthcheck:_less_than_0
=== PAUSE TestCreateWithInvalidHealthcheckParams/test_invalid_Retries_in_Healthcheck:_less_than_0
=== RUN   TestCreateWithInvalidHealthcheckParams/test_invalid_StartPeriod_in_Healthcheck:_not_0_and_less_than_1ms
=== PAUSE TestCreateWithInvalidHealthcheckParams/test_invalid_StartPeriod_in_Healthcheck:_not_0_and_less_than_1ms
=== CONT  TestCreateWithInvalidHealthcheckParams/test_invalid_Interval_in_Healthcheck:_less_than_0s
=== CONT  TestCreateWithInvalidHealthcheckParams/test_invalid_Retries_in_Healthcheck:_less_than_0
=== CONT  TestCreateWithInvalidHealthcheckParams/test_invalid_StartPeriod_in_Healthcheck:_not_0_and_less_than_1ms
=== CONT  TestCreateWithInvalidHealthcheckParams/test_invalid_Timeout_in_Healthcheck:_less_than_1ms
=== CONT  TestCreateWithInvalidHealthcheckParams/test_invalid_Interval_in_Healthcheck:_larger_than_0s_but_less_than_1ms
--- PASS: TestCreateWithInvalidHealthcheckParams (0.01s)
    --- PASS: TestCreateWithInvalidHealthcheckParams/test_invalid_Interval_in_Healthcheck:_less_than_0s (0.01s)
    --- PASS: TestCreateWithInvalidHealthcheckParams/test_invalid_Retries_in_Healthcheck:_less_than_0 (0.01s)
    --- PASS: TestCreateWithInvalidHealthcheckParams/test_invalid_Timeout_in_Healthcheck:_less_than_1ms (0.00s)
    --- PASS: TestCreateWithInvalidHealthcheckParams/test_invalid_StartPeriod_in_Healthcheck:_not_0_and_less_than_1ms (0.00s)
    --- PASS: TestCreateWithInvalidHealthcheckParams/test_invalid_Interval_in_Healthcheck:_larger_than_0s_but_less_than_1ms (0.01s)
=== RUN   TestContainerStartOnDaemonRestart
=== PAUSE TestContainerStartOnDaemonRestart
=== RUN   TestDiff
--- PASS: TestDiff (0.83s)
=== RUN   TestExecWithCloseStdin
--- PASS: TestExecWithCloseStdin (1.02s)
=== RUN   TestExec
--- PASS: TestExec (0.94s)
=== RUN   TestExportContainerAndImportImage
--- PASS: TestExportContainerAndImportImage (1.05s)
=== RUN   TestExportContainerAfterDaemonRestart
--- PASS: TestExportContainerAfterDaemonRestart (1.41s)
    daemon.go:296: [da0ea3016b798] waiting for daemon to start
    daemon.go:328: [da0ea3016b798] daemon started
    daemon.go:283: [da0ea3016b798] exiting daemon
    daemon.go:296: [da0ea3016b798] waiting for daemon to start
    daemon.go:328: [da0ea3016b798] daemon started
    daemon.go:283: [da0ea3016b798] exiting daemon
=== RUN   TestHealthCheckWorkdir
--- PASS: TestHealthCheckWorkdir (1.06s)
=== RUN   TestInspectCpusetInConfigPre120
--- PASS: TestInspectCpusetInConfigPre120 (0.94s)
=== RUN   TestIpcModeNone
--- PASS: TestIpcModeNone (0.88s)
=== RUN   TestIpcModePrivate
--- PASS: TestIpcModePrivate (0.98s)
    ipcmode_test.go:88: [testIpcPrivateShareable] ipcmode: private, ipcdev: 0:293, shared: false, mustBeShared: false
=== RUN   TestIpcModeShareable
--- PASS: TestIpcModeShareable (1.02s)
    ipcmode_test.go:88: [testIpcPrivateShareable] ipcmode: shareable, ipcdev: 0:287, shared: true, mustBeShared: true
=== RUN   TestAPIIpcModeShareableAndContainer
--- PASS: TestAPIIpcModeShareableAndContainer (2.73s)
=== RUN   TestAPIIpcModeHost
--- PASS: TestAPIIpcModeHost (0.75s)
=== RUN   TestDaemonIpcModeShareable
--- PASS: TestDaemonIpcModeShareable (1.72s)
    daemon.go:296: [d8ea957256b54] waiting for daemon to start
    daemon.go:328: [d8ea957256b54] daemon started
    ipcmode_test.go:256: [testDaemonIpcPrivateShareable] ipcdev: 0:294, shared: true, mustBeShared: true
    daemon.go:283: [d8ea957256b54] exiting daemon
=== RUN   TestDaemonIpcModePrivate
--- PASS: TestDaemonIpcModePrivate (1.68s)
    daemon.go:296: [d027c34511038] waiting for daemon to start
    daemon.go:328: [d027c34511038] daemon started
    ipcmode_test.go:256: [testDaemonIpcPrivateShareable] ipcdev: 0:300, shared: false, mustBeShared: false
    daemon.go:283: [d027c34511038] exiting daemon
=== RUN   TestDaemonIpcModePrivateFromConfig
--- PASS: TestDaemonIpcModePrivateFromConfig (1.67s)
    daemon.go:296: [d058ed144a99d] waiting for daemon to start
    daemon.go:328: [d058ed144a99d] daemon started
    ipcmode_test.go:256: [testDaemonIpcPrivateShareable] ipcdev: 0:300, shared: false, mustBeShared: false
    daemon.go:283: [d058ed144a99d] exiting daemon
=== RUN   TestDaemonIpcModeShareableFromConfig
--- PASS: TestDaemonIpcModeShareableFromConfig (1.78s)
    daemon.go:296: [dda2f964c8478] waiting for daemon to start
    daemon.go:328: [dda2f964c8478] daemon started
    ipcmode_test.go:256: [testDaemonIpcPrivateShareable] ipcdev: 0:294, shared: true, mustBeShared: true
    daemon.go:283: [dda2f964c8478] exiting daemon
=== RUN   TestKillContainerInvalidSignal
--- PASS: TestKillContainerInvalidSignal (0.90s)
=== RUN   TestKillContainer
=== RUN   TestKillContainer/no_signal
=== RUN   TestKillContainer/non_killing_signal
=== RUN   TestKillContainer/killing_signal
--- PASS: TestKillContainer (2.68s)
    --- PASS: TestKillContainer/no_signal (0.87s)
    --- PASS: TestKillContainer/non_killing_signal (0.59s)
    --- PASS: TestKillContainer/killing_signal (0.81s)
=== RUN   TestKillWithStopSignalAndRestartPolicies
=== RUN   TestKillWithStopSignalAndRestartPolicies/same-signal-disables-restart-policy
=== RUN   TestKillWithStopSignalAndRestartPolicies/different-signal-keep-restart-policy
--- PASS: TestKillWithStopSignalAndRestartPolicies (1.91s)
    --- PASS: TestKillWithStopSignalAndRestartPolicies/same-signal-disables-restart-policy (0.93s)
    --- PASS: TestKillWithStopSignalAndRestartPolicies/different-signal-keep-restart-policy (0.63s)
=== RUN   TestKillStoppedContainer
--- PASS: TestKillStoppedContainer (0.06s)
=== RUN   TestKillStoppedContainerAPIPre120
--- PASS: TestKillStoppedContainerAPIPre120 (0.07s)
=== RUN   TestKillDifferentUserContainer
--- PASS: TestKillDifferentUserContainer (0.81s)
=== RUN   TestInspectOomKilledTrue
--- SKIP: TestInspectOomKilledTrue (0.00s)
    kill_test.go:153: testEnv.DaemonInfo.OSType == "windows" || !testEnv.DaemonInfo.MemoryLimit || !testEnv.DaemonInfo.SwapLimit
=== RUN   TestInspectOomKilledFalse
--- SKIP: TestInspectOomKilledFalse (0.00s)
    kill_test.go:171: testEnv.DaemonInfo.OSType == "windows" || !testEnv.DaemonInfo.MemoryLimit || !testEnv.DaemonInfo.SwapLimit
=== RUN   TestLinksEtcHostsContentMatch
--- PASS: TestLinksEtcHostsContentMatch (0.63s)
=== RUN   TestLinksContainerNames
--- PASS: TestLinksContainerNames (1.84s)
=== RUN   TestLogsFollowTailEmpty
--- PASS: TestLogsFollowTailEmpty (0.91s)
=== RUN   TestContainerNetworkMountsNoChown
--- PASS: TestContainerNetworkMountsNoChown (0.86s)
=== RUN   TestMountDaemonRoot
=== PAUSE TestMountDaemonRoot
=== RUN   TestContainerBindMountNonRecursive
--- PASS: TestContainerBindMountNonRecursive (1.96s)
=== RUN   TestNetworkNat
--- PASS: TestNetworkNat (0.88s)
=== RUN   TestNetworkLocalhostTCPNat
--- PASS: TestNetworkLocalhostTCPNat (0.88s)
=== RUN   TestNetworkLoopbackNat
--- PASS: TestNetworkLoopbackNat (1.12s)
=== RUN   TestPause
--- PASS: TestPause (0.88s)
=== RUN   TestPauseFailsOnWindowsServerContainers
--- SKIP: TestPauseFailsOnWindowsServerContainers (0.00s)
    pause_test.go:54: testEnv.DaemonInfo.OSType != "windows" || testEnv.DaemonInfo.Isolation != "process"
=== RUN   TestPauseStopPausedContainer
--- PASS: TestPauseStopPausedContainer (0.92s)
=== RUN   TestPsFilter
--- PASS: TestPsFilter (0.21s)
=== RUN   TestRemoveContainerWithRemovedVolume
--- PASS: TestRemoveContainerWithRemovedVolume (0.67s)
=== RUN   TestRemoveContainerWithVolume
--- PASS: TestRemoveContainerWithVolume (0.85s)
=== RUN   TestRemoveContainerRunning
--- PASS: TestRemoveContainerRunning (0.90s)
=== RUN   TestRemoveContainerForceRemoveRunning
--- PASS: TestRemoveContainerForceRemoveRunning (0.93s)
=== RUN   TestRemoveInvalidContainer
--- PASS: TestRemoveInvalidContainer (0.01s)
=== RUN   TestRenameLinkedContainer
--- PASS: TestRenameLinkedContainer (3.51s)
=== RUN   TestRenameStoppedContainer
--- PASS: TestRenameStoppedContainer (0.96s)
=== RUN   TestRenameRunningContainerAndReuse
--- PASS: TestRenameRunningContainerAndReuse (1.60s)
=== RUN   TestRenameInvalidName
--- PASS: TestRenameInvalidName (0.94s)
=== RUN   TestRenameAnonymousContainer
--- PASS: TestRenameAnonymousContainer (3.41s)
=== RUN   TestRenameContainerWithSameName
--- PASS: TestRenameContainerWithSameName (0.79s)
=== RUN   TestRenameContainerWithLinkedContainer
--- PASS: TestRenameContainerWithLinkedContainer (1.79s)
=== RUN   TestResize
--- PASS: TestResize (0.92s)
=== RUN   TestResizeWithInvalidSize
--- PASS: TestResizeWithInvalidSize (1.02s)
=== RUN   TestResizeWhenContainerNotStarted
--- PASS: TestResizeWhenContainerNotStarted (0.96s)
=== RUN   TestDaemonRestartKillContainers
=== RUN   TestDaemonRestartKillContainers/live-restore=false/container_without_restart_policy/kill-daemon
=== PAUSE TestDaemonRestartKillContainers/live-restore=false/container_without_restart_policy/kill-daemon
=== RUN   TestDaemonRestartKillContainers/live-restore=false/container_without_restart_policy/stop-daemon
=== PAUSE TestDaemonRestartKillContainers/live-restore=false/container_without_restart_policy/stop-daemon
=== RUN   TestDaemonRestartKillContainers/live-restore=true/container_without_restart_policy/kill-daemon
=== PAUSE TestDaemonRestartKillContainers/live-restore=true/container_without_restart_policy/kill-daemon
=== RUN   TestDaemonRestartKillContainers/live-restore=true/container_without_restart_policy/stop-daemon
=== PAUSE TestDaemonRestartKillContainers/live-restore=true/container_without_restart_policy/stop-daemon
=== RUN   TestDaemonRestartKillContainers/live-restore=false/container_with_restart=always/kill-daemon
=== PAUSE TestDaemonRestartKillContainers/live-restore=false/container_with_restart=always/kill-daemon
=== RUN   TestDaemonRestartKillContainers/live-restore=false/container_with_restart=always/stop-daemon
=== PAUSE TestDaemonRestartKillContainers/live-restore=false/container_with_restart=always/stop-daemon
=== RUN   TestDaemonRestartKillContainers/live-restore=true/container_with_restart=always/kill-daemon
=== PAUSE TestDaemonRestartKillContainers/live-restore=true/container_with_restart=always/kill-daemon
=== RUN   TestDaemonRestartKillContainers/live-restore=true/container_with_restart=always/stop-daemon
=== PAUSE TestDaemonRestartKillContainers/live-restore=true/container_with_restart=always/stop-daemon
=== RUN   TestDaemonRestartKillContainers/live-restore=false/container_created_should_not_be_restarted/kill-daemon
=== PAUSE TestDaemonRestartKillContainers/live-restore=false/container_created_should_not_be_restarted/kill-daemon
=== RUN   TestDaemonRestartKillContainers/live-restore=false/container_created_should_not_be_restarted/stop-daemon
=== PAUSE TestDaemonRestartKillContainers/live-restore=false/container_created_should_not_be_restarted/stop-daemon
=== RUN   TestDaemonRestartKillContainers/live-restore=true/container_created_should_not_be_restarted/kill-daemon
=== PAUSE TestDaemonRestartKillContainers/live-restore=true/container_created_should_not_be_restarted/kill-daemon
=== RUN   TestDaemonRestartKillContainers/live-restore=true/container_created_should_not_be_restarted/stop-daemon
=== PAUSE TestDaemonRestartKillContainers/live-restore=true/container_created_should_not_be_restarted/stop-daemon
=== CONT  TestDaemonRestartKillContainers/live-restore=false/container_without_restart_policy/kill-daemon
=== CONT  TestDaemonRestartKillContainers/live-restore=true/container_with_restart=always/kill-daemon
=== CONT  TestDaemonRestartKillContainers/live-restore=true/container_created_should_not_be_restarted/stop-daemon
=== CONT  TestDaemonRestartKillContainers/live-restore=true/container_created_should_not_be_restarted/kill-daemon
=== CONT  TestDaemonRestartKillContainers/live-restore=false/container_created_should_not_be_restarted/stop-daemon
=== CONT  TestDaemonRestartKillContainers/live-restore=false/container_created_should_not_be_restarted/kill-daemon
=== CONT  TestDaemonRestartKillContainers/live-restore=true/container_with_restart=always/stop-daemon
=== CONT  TestDaemonRestartKillContainers/live-restore=true/container_without_restart_policy/stop-daemon
=== CONT  TestDaemonRestartKillContainers/live-restore=false/container_with_restart=always/stop-daemon
=== CONT  TestDaemonRestartKillContainers/live-restore=false/container_with_restart=always/kill-daemon
=== CONT  TestDaemonRestartKillContainers/live-restore=true/container_without_restart_policy/kill-daemon
=== CONT  TestDaemonRestartKillContainers/live-restore=false/container_without_restart_policy/stop-daemon
--- PASS: TestDaemonRestartKillContainers (0.01s)
    --- PASS: TestDaemonRestartKillContainers/live-restore=false/container_without_restart_policy/kill-daemon (1.78s)
        daemon.go:296: [d39cb25bb2d83] waiting for daemon to start
        daemon.go:328: [d39cb25bb2d83] daemon started
        daemon.go:296: [d39cb25bb2d83] waiting for daemon to start
        daemon.go:328: [d39cb25bb2d83] daemon started
        daemon.go:283: [d39cb25bb2d83] exiting daemon
    --- PASS: TestDaemonRestartKillContainers/live-restore=true/container_created_should_not_be_restarted/stop-daemon (1.44s)
        daemon.go:296: [dd6edd94bd192] waiting for daemon to start
        daemon.go:328: [dd6edd94bd192] daemon started
        daemon.go:283: [dd6edd94bd192] exiting daemon
        daemon.go:296: [dd6edd94bd192] waiting for daemon to start
        daemon.go:328: [dd6edd94bd192] daemon started
        daemon.go:283: [dd6edd94bd192] exiting daemon
    --- PASS: TestDaemonRestartKillContainers/live-restore=true/container_with_restart=always/kill-daemon (3.26s)
        daemon.go:296: [dbafb59614fcd] waiting for daemon to start
        daemon.go:328: [dbafb59614fcd] daemon started
        daemon.go:296: [dbafb59614fcd] waiting for daemon to start
        daemon.go:328: [dbafb59614fcd] daemon started
        daemon.go:283: [dbafb59614fcd] exiting daemon
    --- PASS: TestDaemonRestartKillContainers/live-restore=true/container_created_should_not_be_restarted/kill-daemon (1.46s)
        daemon.go:296: [d13d260681e6d] waiting for daemon to start
        daemon.go:328: [d13d260681e6d] daemon started
        daemon.go:296: [d13d260681e6d] waiting for daemon to start
        daemon.go:328: [d13d260681e6d] daemon started
        daemon.go:283: [d13d260681e6d] exiting daemon
    --- PASS: TestDaemonRestartKillContainers/live-restore=false/container_created_should_not_be_restarted/stop-daemon (1.52s)
        daemon.go:296: [d759aab5bd3f2] waiting for daemon to start
        daemon.go:328: [d759aab5bd3f2] daemon started
        daemon.go:283: [d759aab5bd3f2] exiting daemon
        daemon.go:296: [d759aab5bd3f2] waiting for daemon to start
        daemon.go:328: [d759aab5bd3f2] daemon started
        daemon.go:283: [d759aab5bd3f2] exiting daemon
    --- PASS: TestDaemonRestartKillContainers/live-restore=false/container_created_should_not_be_restarted/kill-daemon (1.45s)
        daemon.go:296: [d3530efe09bdd] waiting for daemon to start
        daemon.go:328: [d3530efe09bdd] daemon started
        daemon.go:296: [d3530efe09bdd] waiting for daemon to start
        daemon.go:328: [d3530efe09bdd] daemon started
        daemon.go:283: [d3530efe09bdd] exiting daemon
    --- PASS: TestDaemonRestartKillContainers/live-restore=true/container_with_restart=always/stop-daemon (2.26s)
        daemon.go:296: [dd30ece5e2fd7] waiting for daemon to start
        daemon.go:328: [dd30ece5e2fd7] daemon started
        daemon.go:283: [dd30ece5e2fd7] exiting daemon
        daemon.go:296: [dd30ece5e2fd7] waiting for daemon to start
        daemon.go:328: [dd30ece5e2fd7] daemon started
        daemon.go:283: [dd30ece5e2fd7] exiting daemon
    --- PASS: TestDaemonRestartKillContainers/live-restore=true/container_without_restart_policy/stop-daemon (2.38s)
        daemon.go:296: [db0f6b806fd7e] waiting for daemon to start
        daemon.go:328: [db0f6b806fd7e] daemon started
        daemon.go:283: [db0f6b806fd7e] exiting daemon
        daemon.go:296: [db0f6b806fd7e] waiting for daemon to start
        daemon.go:328: [db0f6b806fd7e] daemon started
        daemon.go:283: [db0f6b806fd7e] exiting daemon
    --- PASS: TestDaemonRestartKillContainers/live-restore=false/container_with_restart=always/stop-daemon (2.75s)
        daemon.go:296: [dd03b22d583f7] waiting for daemon to start
        daemon.go:328: [dd03b22d583f7] daemon started
        daemon.go:283: [dd03b22d583f7] exiting daemon
        daemon.go:296: [dd03b22d583f7] waiting for daemon to start
        daemon.go:328: [dd03b22d583f7] daemon started
        daemon.go:283: [dd03b22d583f7] exiting daemon
    --- PASS: TestDaemonRestartKillContainers/live-restore=false/container_with_restart=always/kill-daemon (2.79s)
        daemon.go:296: [d551fe11633c3] waiting for daemon to start
        daemon.go:328: [d551fe11633c3] daemon started
        daemon.go:296: [d551fe11633c3] waiting for daemon to start
        daemon.go:328: [d551fe11633c3] daemon started
        daemon.go:283: [d551fe11633c3] exiting daemon
    --- PASS: TestDaemonRestartKillContainers/live-restore=true/container_without_restart_policy/kill-daemon (2.25s)
        daemon.go:296: [de62790bcdced] waiting for daemon to start
        daemon.go:328: [de62790bcdced] daemon started
        daemon.go:296: [de62790bcdced] waiting for daemon to start
        daemon.go:328: [de62790bcdced] daemon started
        daemon.go:283: [de62790bcdced] exiting daemon
    --- PASS: TestDaemonRestartKillContainers/live-restore=false/container_without_restart_policy/stop-daemon (2.21s)
        daemon.go:296: [d0fb86811b1de] waiting for daemon to start
        daemon.go:328: [d0fb86811b1de] daemon started
        daemon.go:283: [d0fb86811b1de] exiting daemon
        daemon.go:296: [d0fb86811b1de] waiting for daemon to start
        daemon.go:328: [d0fb86811b1de] daemon started
        daemon.go:283: [d0fb86811b1de] exiting daemon
=== RUN   TestKernelTCPMemory
--- PASS: TestKernelTCPMemory (0.86s)
=== RUN   TestNISDomainname
--- PASS: TestNISDomainname (1.06s)
=== RUN   TestStats
--- PASS: TestStats (2.72s)
=== RUN   TestStopContainerWithTimeout
=== RUN   TestStopContainerWithTimeout/0
=== PAUSE TestStopContainerWithTimeout/0
=== RUN   TestStopContainerWithTimeout/1
=== PAUSE TestStopContainerWithTimeout/1
=== RUN   TestStopContainerWithTimeout/3
=== PAUSE TestStopContainerWithTimeout/3
=== RUN   TestStopContainerWithTimeout/-1
=== PAUSE TestStopContainerWithTimeout/-1
=== CONT  TestStopContainerWithTimeout/0
=== CONT  TestStopContainerWithTimeout/-1
=== CONT  TestStopContainerWithTimeout/3
=== CONT  TestStopContainerWithTimeout/1
--- PASS: TestStopContainerWithTimeout (0.01s)
    --- PASS: TestStopContainerWithTimeout/0 (1.05s)
    --- PASS: TestStopContainerWithTimeout/-1 (3.01s)
    --- PASS: TestStopContainerWithTimeout/3 (2.89s)
    --- PASS: TestStopContainerWithTimeout/1 (1.87s)
=== RUN   TestDeleteDevicemapper
--- SKIP: TestDeleteDevicemapper (0.00s)
    stop_linux_test.go:75: testEnv.DaemonInfo.Driver != "devicemapper"
=== RUN   TestStopContainerWithRestartPolicyAlways
--- PASS: TestStopContainerWithRestartPolicyAlways (3.11s)
=== RUN   TestUpdateMemory
--- SKIP: TestUpdateMemory (0.00s)
    update_linux_test.go:22: !testEnv.DaemonInfo.SwapLimit
=== RUN   TestUpdateCPUQuota
=== PAUSE TestUpdateCPUQuota
=== RUN   TestUpdateRestartPolicy
--- PASS: TestUpdateRestartPolicy (12.96s)
=== RUN   TestUpdateRestartWithAutoRemove
--- PASS: TestUpdateRestartWithAutoRemove (0.88s)
=== RUN   TestWaitNonBlocked
=== RUN   TestWaitNonBlocked/wait-nonblocking-exit-0
=== PAUSE TestWaitNonBlocked/wait-nonblocking-exit-0
=== RUN   TestWaitNonBlocked/wait-nonblocking-exit-random
=== PAUSE TestWaitNonBlocked/wait-nonblocking-exit-random
=== CONT  TestWaitNonBlocked/wait-nonblocking-exit-0
=== CONT  TestWaitNonBlocked/wait-nonblocking-exit-random
--- PASS: TestWaitNonBlocked (0.01s)
    --- PASS: TestWaitNonBlocked/wait-nonblocking-exit-0 (1.04s)
    --- PASS: TestWaitNonBlocked/wait-nonblocking-exit-random (1.11s)
=== RUN   TestWaitBlocked
=== RUN   TestWaitBlocked/test-wait-blocked-exit-zero
=== PAUSE TestWaitBlocked/test-wait-blocked-exit-zero
=== RUN   TestWaitBlocked/test-wait-blocked-exit-random
=== PAUSE TestWaitBlocked/test-wait-blocked-exit-random
=== CONT  TestWaitBlocked/test-wait-blocked-exit-zero
=== CONT  TestWaitBlocked/test-wait-blocked-exit-random
--- PASS: TestWaitBlocked (0.02s)
    --- PASS: TestWaitBlocked/test-wait-blocked-exit-random (0.94s)
    --- PASS: TestWaitBlocked/test-wait-blocked-exit-zero (1.00s)
=== CONT  TestContainerStartOnDaemonRestart
=== CONT  TestUpdateCPUQuota
--- PASS: TestUpdateCPUQuota (1.37s)
=== CONT  TestMountDaemonRoot
=== RUN   TestMountDaemonRoot/default
=== PAUSE TestMountDaemonRoot/default
=== RUN   TestMountDaemonRoot/private
=== PAUSE TestMountDaemonRoot/private
=== RUN   TestMountDaemonRoot/rprivate
=== PAUSE TestMountDaemonRoot/rprivate
=== RUN   TestMountDaemonRoot/slave
=== PAUSE TestMountDaemonRoot/slave
=== RUN   TestMountDaemonRoot/rslave
=== PAUSE TestMountDaemonRoot/rslave
=== RUN   TestMountDaemonRoot/shared
=== PAUSE TestMountDaemonRoot/shared
=== RUN   TestMountDaemonRoot/rshared
=== PAUSE TestMountDaemonRoot/rshared
=== CONT  TestMountDaemonRoot/default
=== RUN   TestMountDaemonRoot/default/bind_root
=== PAUSE TestMountDaemonRoot/default/bind_root
=== RUN   TestMountDaemonRoot/default/bind_subpath
=== PAUSE TestMountDaemonRoot/default/bind_subpath
=== RUN   TestMountDaemonRoot/default/mount_root
=== PAUSE TestMountDaemonRoot/default/mount_root
=== RUN   TestMountDaemonRoot/default/mount_subpath
=== PAUSE TestMountDaemonRoot/default/mount_subpath
=== CONT  TestMountDaemonRoot/default/bind_root
=== CONT  TestMountDaemonRoot/rshared
=== RUN   TestMountDaemonRoot/rshared/bind_root
=== PAUSE TestMountDaemonRoot/rshared/bind_root
=== RUN   TestMountDaemonRoot/rshared/bind_subpath
=== PAUSE TestMountDaemonRoot/rshared/bind_subpath
=== RUN   TestMountDaemonRoot/rshared/mount_root
=== PAUSE TestMountDaemonRoot/rshared/mount_root
=== RUN   TestMountDaemonRoot/rshared/mount_subpath
=== PAUSE TestMountDaemonRoot/rshared/mount_subpath
=== CONT  TestMountDaemonRoot/shared
=== RUN   TestMountDaemonRoot/shared/bind_root
=== PAUSE TestMountDaemonRoot/shared/bind_root
=== RUN   TestMountDaemonRoot/shared/bind_subpath
=== PAUSE TestMountDaemonRoot/shared/bind_subpath
=== RUN   TestMountDaemonRoot/shared/mount_root
=== PAUSE TestMountDaemonRoot/shared/mount_root
=== RUN   TestMountDaemonRoot/shared/mount_subpath
=== PAUSE TestMountDaemonRoot/shared/mount_subpath
=== CONT  TestMountDaemonRoot/rslave
=== RUN   TestMountDaemonRoot/rslave/bind_root
=== PAUSE TestMountDaemonRoot/rslave/bind_root
=== RUN   TestMountDaemonRoot/rslave/bind_subpath
=== PAUSE TestMountDaemonRoot/rslave/bind_subpath
=== RUN   TestMountDaemonRoot/rslave/mount_root
=== PAUSE TestMountDaemonRoot/rslave/mount_root
=== RUN   TestMountDaemonRoot/rslave/mount_subpath
=== PAUSE TestMountDaemonRoot/rslave/mount_subpath
=== CONT  TestMountDaemonRoot/slave
=== RUN   TestMountDaemonRoot/slave/mount_subpath
=== PAUSE TestMountDaemonRoot/slave/mount_subpath
=== RUN   TestMountDaemonRoot/slave/bind_root
=== PAUSE TestMountDaemonRoot/slave/bind_root
=== RUN   TestMountDaemonRoot/slave/bind_subpath
=== PAUSE TestMountDaemonRoot/slave/bind_subpath
=== RUN   TestMountDaemonRoot/slave/mount_root
=== PAUSE TestMountDaemonRoot/slave/mount_root
=== CONT  TestMountDaemonRoot/rprivate
=== RUN   TestMountDaemonRoot/rprivate/mount_subpath
=== PAUSE TestMountDaemonRoot/rprivate/mount_subpath
=== RUN   TestMountDaemonRoot/rprivate/bind_root
=== PAUSE TestMountDaemonRoot/rprivate/bind_root
=== RUN   TestMountDaemonRoot/rprivate/bind_subpath
=== PAUSE TestMountDaemonRoot/rprivate/bind_subpath
=== RUN   TestMountDaemonRoot/rprivate/mount_root
=== PAUSE TestMountDaemonRoot/rprivate/mount_root
=== CONT  TestMountDaemonRoot/private
=== RUN   TestMountDaemonRoot/private/bind_root
=== PAUSE TestMountDaemonRoot/private/bind_root
=== RUN   TestMountDaemonRoot/private/bind_subpath
=== PAUSE TestMountDaemonRoot/private/bind_subpath
=== RUN   TestMountDaemonRoot/private/mount_root
=== PAUSE TestMountDaemonRoot/private/mount_root
=== RUN   TestMountDaemonRoot/private/mount_subpath
=== PAUSE TestMountDaemonRoot/private/mount_subpath
=== CONT  TestMountDaemonRoot/default/mount_subpath
=== CONT  TestMountDaemonRoot/default/mount_root
=== CONT  TestMountDaemonRoot/default/bind_subpath
=== CONT  TestMountDaemonRoot/rshared/bind_root
=== CONT  TestMountDaemonRoot/shared/bind_root
=== CONT  TestMountDaemonRoot/rshared/mount_subpath
=== CONT  TestMountDaemonRoot/rshared/mount_root
=== CONT  TestMountDaemonRoot/rshared/bind_subpath
=== CONT  TestMountDaemonRoot/rslave/bind_root
=== CONT  TestMountDaemonRoot/shared/mount_subpath
=== CONT  TestMountDaemonRoot/shared/mount_root
=== CONT  TestMountDaemonRoot/shared/bind_subpath
=== CONT  TestMountDaemonRoot/slave/mount_subpath
=== CONT  TestMountDaemonRoot/rslave/mount_subpath
=== CONT  TestMountDaemonRoot/rslave/mount_root
=== CONT  TestMountDaemonRoot/rslave/bind_subpath
=== CONT  TestMountDaemonRoot/rprivate/mount_subpath
=== CONT  TestMountDaemonRoot/slave/mount_root
=== CONT  TestMountDaemonRoot/slave/bind_subpath
=== CONT  TestMountDaemonRoot/slave/bind_root
=== CONT  TestMountDaemonRoot/private/bind_root
=== CONT  TestMountDaemonRoot/rprivate/mount_root
=== CONT  TestMountDaemonRoot/rprivate/bind_subpath
=== CONT  TestMountDaemonRoot/rprivate/bind_root
=== CONT  TestMountDaemonRoot/private/mount_subpath
=== CONT  TestMountDaemonRoot/private/mount_root
=== CONT  TestMountDaemonRoot/private/bind_subpath
--- PASS: TestMountDaemonRoot (0.01s)
    --- PASS: TestMountDaemonRoot/default (0.00s)
        --- PASS: TestMountDaemonRoot/default/bind_root (0.07s)
        --- PASS: TestMountDaemonRoot/default/mount_subpath (0.07s)
        --- PASS: TestMountDaemonRoot/default/mount_root (0.06s)
        --- PASS: TestMountDaemonRoot/default/bind_subpath (0.08s)
    --- PASS: TestMountDaemonRoot/rshared (0.00s)
        --- PASS: TestMountDaemonRoot/rshared/bind_root (0.06s)
        --- PASS: TestMountDaemonRoot/rshared/mount_subpath (0.06s)
        --- PASS: TestMountDaemonRoot/rshared/mount_root (0.06s)
        --- PASS: TestMountDaemonRoot/rshared/bind_subpath (0.06s)
    --- PASS: TestMountDaemonRoot/shared (0.00s)
        --- PASS: TestMountDaemonRoot/shared/bind_root (0.04s)
        --- PASS: TestMountDaemonRoot/shared/mount_subpath (0.05s)
        --- PASS: TestMountDaemonRoot/shared/mount_root (0.05s)
        --- PASS: TestMountDaemonRoot/shared/bind_subpath (0.04s)
    --- PASS: TestMountDaemonRoot/rslave (0.00s)
        --- PASS: TestMountDaemonRoot/rslave/bind_root (0.06s)
        --- PASS: TestMountDaemonRoot/rslave/mount_subpath (0.06s)
        --- PASS: TestMountDaemonRoot/rslave/mount_root (0.07s)
        --- PASS: TestMountDaemonRoot/rslave/bind_subpath (0.05s)
    --- PASS: TestMountDaemonRoot/slave (0.00s)
        --- PASS: TestMountDaemonRoot/slave/mount_subpath (0.07s)
        --- PASS: TestMountDaemonRoot/slave/mount_root (0.04s)
        --- PASS: TestMountDaemonRoot/slave/bind_subpath (0.04s)
        --- PASS: TestMountDaemonRoot/slave/bind_root (0.06s)
    --- PASS: TestMountDaemonRoot/rprivate (0.00s)
        --- PASS: TestMountDaemonRoot/rprivate/mount_subpath (0.04s)
        --- PASS: TestMountDaemonRoot/rprivate/mount_root (0.05s)
        --- PASS: TestMountDaemonRoot/rprivate/bind_subpath (0.05s)
        --- PASS: TestMountDaemonRoot/rprivate/bind_root (0.05s)
    --- PASS: TestMountDaemonRoot/private (0.00s)
        --- PASS: TestMountDaemonRoot/private/bind_root (0.09s)
        --- PASS: TestMountDaemonRoot/private/mount_subpath (0.04s)
        --- PASS: TestMountDaemonRoot/private/mount_root (0.04s)
        --- PASS: TestMountDaemonRoot/private/bind_subpath (0.07s)
--- PASS: TestContainerStartOnDaemonRestart (3.28s)
    daemon.go:296: [dccbbba98fd04] waiting for daemon to start
    daemon.go:328: [dccbbba98fd04] daemon started
    daemon.go:296: [dccbbba98fd04] waiting for daemon to start
    daemon.go:328: [dccbbba98fd04] daemon started
    daemon.go:283: [dccbbba98fd04] exiting daemon
PASS
Running /go/src/github.com/docker/docker/integration/system
INFO: Testing against a local daemon
=== RUN   TestCgroupDriverSystemdMemoryLimit
=== PAUSE TestCgroupDriverSystemdMemoryLimit
=== RUN   TestEventsExecDie
--- PASS: TestEventsExecDie (0.98s)
=== RUN   TestEventsBackwardsCompatible
--- PASS: TestEventsBackwardsCompatible (0.06s)
=== RUN   TestInfoBinaryCommits
--- PASS: TestInfoBinaryCommits (0.01s)
=== RUN   TestInfoAPIVersioned
--- PASS: TestInfoAPIVersioned (0.02s)
=== RUN   TestInfoAPI
--- PASS: TestInfoAPI (0.01s)
=== RUN   TestInfoAPIWarnings
--- PASS: TestInfoAPIWarnings (0.82s)
    daemon.go:296: [dd8b834174492] waiting for daemon to start
    daemon.go:328: [dd8b834174492] daemon started
    daemon.go:283: [dd8b834174492] exiting daemon
=== RUN   TestLoginFailsWithBadCredentials
--- PASS: TestLoginFailsWithBadCredentials (0.43s)
=== RUN   TestVersion
--- PASS: TestVersion (0.01s)
=== CONT  TestCgroupDriverSystemdMemoryLimit
--- SKIP: TestCgroupDriverSystemdMemoryLimit (0.00s)
    cgroupdriver_systemd_test.go:35: systemd not available
PASS
Running /go/src/github.com/docker/docker/integration/volume
INFO: Testing against a local daemon
=== RUN   TestVolumesCreateAndList
--- PASS: TestVolumesCreateAndList (0.01s)
=== RUN   TestVolumesRemove
--- PASS: TestVolumesRemove (0.09s)
=== RUN   TestVolumesInspect
--- PASS: TestVolumesInspect (0.01s)
=== RUN   TestVolumesInvalidJSON
=== RUN   TestVolumesInvalidJSON//volumes/create
=== PAUSE TestVolumesInvalidJSON//volumes/create
=== CONT  TestVolumesInvalidJSON//volumes/create
--- PASS: TestVolumesInvalidJSON (0.01s)
    --- PASS: TestVolumesInvalidJSON//volumes/create (0.00s)
PASS
Running /go/src/github.com/docker/docker/integration/build
INFO: Testing against a local daemon
=== RUN   TestBuildWithSession
--- PASS: TestBuildWithSession (4.82s)
    daemon.go:296: [debf6294fa8ac] waiting for daemon to start
    daemon.go:328: [debf6294fa8ac] daemon started
    daemon.go:283: [debf6294fa8ac] exiting daemon
=== RUN   TestBuildSquashParent
--- SKIP: TestBuildSquashParent (0.00s)
    build_squash_test.go:23: !testEnv.DaemonInfo.ExperimentalBuild
=== RUN   TestBuildWithRemoveAndForceRemove
=== PAUSE TestBuildWithRemoveAndForceRemove
=== RUN   TestBuildMultiStageParentConfig
--- PASS: TestBuildMultiStageParentConfig (4.59s)
=== RUN   TestBuildLabelWithTargets
--- PASS: TestBuildLabelWithTargets (8.00s)
=== RUN   TestBuildWithEmptyLayers
--- PASS: TestBuildWithEmptyLayers (3.00s)
=== RUN   TestBuildMultiStageOnBuild
--- PASS: TestBuildMultiStageOnBuild (5.01s)
=== RUN   TestBuildUncleanTarFilenames
--- PASS: TestBuildUncleanTarFilenames (1.39s)
=== RUN   TestBuildMultiStageLayerLeak
--- PASS: TestBuildMultiStageLayerLeak (4.62s)
=== RUN   TestBuildWithHugeFile
--- PASS: TestBuildWithHugeFile (25.36s)
=== CONT  TestBuildWithRemoveAndForceRemove
=== RUN   TestBuildWithRemoveAndForceRemove/successful_build_with_no_removal
=== PAUSE TestBuildWithRemoveAndForceRemove/successful_build_with_no_removal
=== RUN   TestBuildWithRemoveAndForceRemove/successful_build_with_remove
=== PAUSE TestBuildWithRemoveAndForceRemove/successful_build_with_remove
=== RUN   TestBuildWithRemoveAndForceRemove/successful_build_with_remove_and_force_remove
=== PAUSE TestBuildWithRemoveAndForceRemove/successful_build_with_remove_and_force_remove
=== RUN   TestBuildWithRemoveAndForceRemove/failed_build_with_no_removal
=== PAUSE TestBuildWithRemoveAndForceRemove/failed_build_with_no_removal
=== RUN   TestBuildWithRemoveAndForceRemove/failed_build_with_remove
=== PAUSE TestBuildWithRemoveAndForceRemove/failed_build_with_remove
=== RUN   TestBuildWithRemoveAndForceRemove/failed_build_with_remove_and_force_remove
=== PAUSE TestBuildWithRemoveAndForceRemove/failed_build_with_remove_and_force_remove
=== CONT  TestBuildWithRemoveAndForceRemove/successful_build_with_no_removal
=== CONT  TestBuildWithRemoveAndForceRemove/failed_build_with_no_removal
=== CONT  TestBuildWithRemoveAndForceRemove/successful_build_with_remove_and_force_remove
=== CONT  TestBuildWithRemoveAndForceRemove/successful_build_with_remove
=== CONT  TestBuildWithRemoveAndForceRemove/failed_build_with_remove_and_force_remove
=== CONT  TestBuildWithRemoveAndForceRemove/failed_build_with_remove
--- PASS: TestBuildWithRemoveAndForceRemove (0.03s)
    --- PASS: TestBuildWithRemoveAndForceRemove/successful_build_with_no_removal (2.78s)
    --- PASS: TestBuildWithRemoveAndForceRemove/failed_build_with_no_removal (2.86s)
    --- PASS: TestBuildWithRemoveAndForceRemove/successful_build_with_remove_and_force_remove (2.74s)
    --- PASS: TestBuildWithRemoveAndForceRemove/successful_build_with_remove (2.76s)
    --- PASS: TestBuildWithRemoveAndForceRemove/failed_build_with_remove_and_force_remove (3.06s)
    --- PASS: TestBuildWithRemoveAndForceRemove/failed_build_with_remove (3.04s)
PASS
Running /go/src/github.com/docker/docker/integration/network
INFO: Testing against a local daemon
=== RUN   TestNetworkCreateDelete
--- PASS: TestNetworkCreateDelete (0.22s)
=== RUN   TestDockerNetworkDeletePreferID
--- PASS: TestDockerNetworkDeletePreferID (0.56s)
=== RUN   TestInspectNetwork
--- PASS: TestInspectNetwork (27.23s)
    daemon.go:296: [d95fa328dba0a] waiting for daemon to start
    daemon.go:328: [d95fa328dba0a] daemon started
    daemon.go:283: [d95fa328dba0a] exiting daemon
=== RUN   TestRunContainerWithBridgeNone
--- PASS: TestRunContainerWithBridgeNone (2.32s)
    daemon.go:296: [d00035cde47c2] waiting for daemon to start
    daemon.go:328: [d00035cde47c2] daemon started
    daemon.go:283: [d00035cde47c2] exiting daemon
=== RUN   TestNetworkInvalidJSON
=== RUN   TestNetworkInvalidJSON//networks/create
=== PAUSE TestNetworkInvalidJSON//networks/create
=== RUN   TestNetworkInvalidJSON//networks/bridge/connect
=== PAUSE TestNetworkInvalidJSON//networks/bridge/connect
=== RUN   TestNetworkInvalidJSON//networks/bridge/disconnect
=== PAUSE TestNetworkInvalidJSON//networks/bridge/disconnect
=== CONT  TestNetworkInvalidJSON//networks/create
=== CONT  TestNetworkInvalidJSON//networks/bridge/disconnect
=== CONT  TestNetworkInvalidJSON//networks/bridge/connect
--- PASS: TestNetworkInvalidJSON (0.02s)
    --- PASS: TestNetworkInvalidJSON//networks/bridge/disconnect (0.00s)
    --- PASS: TestNetworkInvalidJSON//networks/create (0.00s)
    --- PASS: TestNetworkInvalidJSON//networks/bridge/connect (0.01s)
=== RUN   TestDaemonRestartWithLiveRestore
--- PASS: TestDaemonRestartWithLiveRestore (1.05s)
    daemon.go:296: [d46be76cf603b] waiting for daemon to start
    daemon.go:328: [d46be76cf603b] daemon started
    daemon.go:283: [d46be76cf603b] exiting daemon
    daemon.go:296: [d46be76cf603b] waiting for daemon to start
    daemon.go:328: [d46be76cf603b] daemon started
    daemon.go:283: [d46be76cf603b] exiting daemon
=== RUN   TestDaemonDefaultNetworkPools
--- PASS: TestDaemonDefaultNetworkPools (0.81s)
    daemon.go:296: [d1a50fac55e14] waiting for daemon to start
    daemon.go:328: [d1a50fac55e14] daemon started
    daemon.go:283: [d1a50fac55e14] exiting daemon
=== RUN   TestDaemonRestartWithExistingNetwork
--- PASS: TestDaemonRestartWithExistingNetwork (1.18s)
    daemon.go:296: [db055a78217e8] waiting for daemon to start
    daemon.go:328: [db055a78217e8] daemon started
    daemon.go:283: [db055a78217e8] exiting daemon
    daemon.go:296: [db055a78217e8] waiting for daemon to start
    daemon.go:328: [db055a78217e8] daemon started
    daemon.go:283: [db055a78217e8] exiting daemon
=== RUN   TestDaemonRestartWithExistingNetworkWithDefaultPoolRange
--- PASS: TestDaemonRestartWithExistingNetworkWithDefaultPoolRange (1.30s)
    daemon.go:296: [dba892c22b1d5] waiting for daemon to start
    daemon.go:328: [dba892c22b1d5] daemon started
    daemon.go:283: [dba892c22b1d5] exiting daemon
    daemon.go:296: [dba892c22b1d5] waiting for daemon to start
    daemon.go:328: [dba892c22b1d5] daemon started
    daemon.go:283: [dba892c22b1d5] exiting daemon
=== RUN   TestDaemonWithBipAndDefaultNetworkPool
--- PASS: TestDaemonWithBipAndDefaultNetworkPool (0.58s)
    daemon.go:296: [dc44dcf627aa8] waiting for daemon to start
    daemon.go:328: [dc44dcf627aa8] daemon started
    daemon.go:283: [dc44dcf627aa8] exiting daemon
=== RUN   TestServiceWithPredefinedNetwork
--- PASS: TestServiceWithPredefinedNetwork (2.96s)
    daemon.go:296: [df3828e6fae50] waiting for daemon to start
    daemon.go:328: [df3828e6fae50] daemon started
    daemon.go:283: [df3828e6fae50] exiting daemon
=== RUN   TestServiceRemoveKeepsIngressNetwork
--- PASS: TestServiceRemoveKeepsIngressNetwork (12.95s)
    daemon.go:296: [d804fb75e7c14] waiting for daemon to start
    daemon.go:328: [d804fb75e7c14] daemon started
    daemon.go:283: [d804fb75e7c14] exiting daemon
=== RUN   TestServiceWithDataPathPortInit
--- PASS: TestServiceWithDataPathPortInit (5.34s)
    daemon.go:296: [d977ba38a1700] waiting for daemon to start
    daemon.go:328: [d977ba38a1700] daemon started
    daemon.go:283: [d977ba38a1700] exiting daemon
    daemon.go:296: [db6d80443df91] waiting for daemon to start
    daemon.go:328: [db6d80443df91] daemon started
    daemon.go:283: [db6d80443df91] exiting daemon
=== RUN   TestServiceWithDefaultAddressPoolInit
--- PASS: TestServiceWithDefaultAddressPoolInit (5.71s)
    daemon.go:296: [d040872c160b6] waiting for daemon to start
    daemon.go:328: [d040872c160b6] daemon started
    service_test.go:415: TestServiceWithDefaultAddressPoolInit: NetworkInspect: {Name:saanvisthiraTestServiceWithDefaultAddressPoolInit ID:snh1ehrh09n0z85cyssuw5abd Created:2019-01-03 10:20:57.236175934 +0000 UTC Scope:swarm Driver:overlay EnableIPv6:false IPAM:{Driver:default Options:map[] Config:[{Subnet:20.20.0.0/24 IPRange: Gateway:20.20.0.1 AuxAddress:map[]}]} Internal:false Attachable:false Ingress:false ConfigFrom:{Network:} ConfigOnly:false Containers:map[] Options:map[com.docker.network.driver.overlay.vxlanid_list:4097] Labels:map[] Peers:[] Services:map[]}
    daemon.go:283: [d040872c160b6] exiting daemon
    daemon.go:296: [dd503343b2f68] waiting for daemon to start
    daemon.go:328: [dd503343b2f68] daemon started
    daemon.go:283: [dd503343b2f68] exiting daemon
PASS
Running /go/src/github.com/docker/docker/integration/network/ipvlan
INFO: Testing against a local daemon
=== RUN   TestDockerNetworkIpvlanPersistance
--- PASS: TestDockerNetworkIpvlanPersistance (1.35s)
    daemon.go:296: [dcbe94f6d5b73] waiting for daemon to start
    daemon.go:328: [dcbe94f6d5b73] daemon started
    daemon.go:283: [dcbe94f6d5b73] exiting daemon
    daemon.go:296: [dcbe94f6d5b73] waiting for daemon to start
    daemon.go:328: [dcbe94f6d5b73] daemon started
    daemon.go:283: [dcbe94f6d5b73] exiting daemon
=== RUN   TestDockerNetworkIpvlan
=== RUN   TestDockerNetworkIpvlan/Subinterface
=== RUN   TestDockerNetworkIpvlan/OverlapParent
=== RUN   TestDockerNetworkIpvlan/L2NilParent
=== RUN   TestDockerNetworkIpvlan/L2InternalMode
=== RUN   TestDockerNetworkIpvlan/L3NilParent
=== RUN   TestDockerNetworkIpvlan/L3InternalMode
=== RUN   TestDockerNetworkIpvlan/L2MultiSubnet
=== RUN   TestDockerNetworkIpvlan/L3MultiSubnet
=== RUN   TestDockerNetworkIpvlan/Addressing
--- PASS: TestDockerNetworkIpvlan (114.59s)
    daemon.go:296: [d4067370f22e2] waiting for daemon to start
    daemon.go:328: [d4067370f22e2] daemon started
    --- PASS: TestDockerNetworkIpvlan/Subinterface (0.11s)
    daemon.go:283: [d4067370f22e2] exiting daemon
    daemon.go:296: [db318f69c40ca] waiting for daemon to start
    daemon.go:328: [db318f69c40ca] daemon started
    --- PASS: TestDockerNetworkIpvlan/OverlapParent (0.06s)
    daemon.go:283: [db318f69c40ca] exiting daemon
    daemon.go:296: [d2dd1b9832e49] waiting for daemon to start
    daemon.go:328: [d2dd1b9832e49] daemon started
    --- PASS: TestDockerNetworkIpvlan/L2NilParent (1.10s)
    daemon.go:283: [d2dd1b9832e49] exiting daemon
    daemon.go:296: [d561a1466f21c] waiting for daemon to start
    daemon.go:328: [d561a1466f21c] daemon started
    --- PASS: TestDockerNetworkIpvlan/L2InternalMode (2.14s)
    daemon.go:283: [d561a1466f21c] exiting daemon
    daemon.go:296: [da295a6bac0df] waiting for daemon to start
    daemon.go:328: [da295a6bac0df] daemon started
    --- PASS: TestDockerNetworkIpvlan/L3NilParent (16.13s)
    daemon.go:283: [da295a6bac0df] exiting daemon
    daemon.go:296: [d23cd2fe45bbc] waiting for daemon to start
    daemon.go:328: [d23cd2fe45bbc] daemon started
    --- PASS: TestDockerNetworkIpvlan/L3InternalMode (17.11s)
    daemon.go:283: [d23cd2fe45bbc] exiting daemon
    daemon.go:296: [d624f18d88fe5] waiting for daemon to start
    daemon.go:328: [d624f18d88fe5] daemon started
    --- PASS: TestDockerNetworkIpvlan/L2MultiSubnet (17.64s)
    daemon.go:283: [d624f18d88fe5] exiting daemon
    daemon.go:296: [de360b8327b9b] waiting for daemon to start
    daemon.go:328: [de360b8327b9b] daemon started
    --- PASS: TestDockerNetworkIpvlan/L3MultiSubnet (17.65s)
    daemon.go:283: [de360b8327b9b] exiting daemon
    daemon.go:296: [da1beb64e6d4e] waiting for daemon to start
    daemon.go:328: [da1beb64e6d4e] daemon started
    --- PASS: TestDockerNetworkIpvlan/Addressing (31.55s)
    daemon.go:283: [da1beb64e6d4e] exiting daemon
PASS
Running /go/src/github.com/docker/docker/integration/network/macvlan
INFO: Testing against a local daemon
=== RUN   TestDockerNetworkMacvlanPersistance
--- PASS: TestDockerNetworkMacvlanPersistance (1.41s)
    daemon.go:296: [df0eedb114b17] waiting for daemon to start
    daemon.go:328: [df0eedb114b17] daemon started
    daemon.go:283: [df0eedb114b17] exiting daemon
    daemon.go:296: [df0eedb114b17] waiting for daemon to start
    daemon.go:328: [df0eedb114b17] daemon started
    daemon.go:283: [df0eedb114b17] exiting daemon
=== RUN   TestDockerNetworkMacvlan
=== RUN   TestDockerNetworkMacvlan/Subinterface
=== RUN   TestDockerNetworkMacvlan/OverlapParent
=== RUN   TestDockerNetworkMacvlan/NilParent
=== RUN   TestDockerNetworkMacvlan/InternalMode
=== RUN   TestDockerNetworkMacvlan/Addressing
--- PASS: TestDockerNetworkMacvlan (24.62s)
    daemon.go:296: [d5d7bafc158cf] waiting for daemon to start
    daemon.go:328: [d5d7bafc158cf] daemon started
    --- PASS: TestDockerNetworkMacvlan/Subinterface (0.06s)
    daemon.go:283: [d5d7bafc158cf] exiting daemon
    daemon.go:296: [dc9a5c3efbf3f] waiting for daemon to start
    daemon.go:328: [dc9a5c3efbf3f] daemon started
    --- PASS: TestDockerNetworkMacvlan/OverlapParent (0.09s)
    daemon.go:283: [dc9a5c3efbf3f] exiting daemon
    daemon.go:296: [df2dbf425e52a] waiting for daemon to start
    daemon.go:328: [df2dbf425e52a] daemon started
    --- PASS: TestDockerNetworkMacvlan/NilParent (1.10s)
    daemon.go:283: [df2dbf425e52a] exiting daemon
    daemon.go:296: [d7b40debd4239] waiting for daemon to start
    daemon.go:328: [d7b40debd4239] daemon started
    --- PASS: TestDockerNetworkMacvlan/InternalMode (2.14s)
    daemon.go:283: [d7b40debd4239] exiting daemon
    daemon.go:296: [d8dfe49b79eed] waiting for daemon to start
    daemon.go:328: [d8dfe49b79eed] daemon started
    --- PASS: TestDockerNetworkMacvlan/Addressing (15.80s)
    daemon.go:283: [d8dfe49b79eed] exiting daemon
PASS
Running /go/src/github.com/docker/docker/integration/service
INFO: Testing against a local daemon
=== RUN   TestServiceCreateInit
=== RUN   TestServiceCreateInit/daemonInitDisabled
=== RUN   TestServiceCreateInit/daemonInitEnabled
--- PASS: TestServiceCreateInit (10.14s)
    --- PASS: TestServiceCreateInit/daemonInitDisabled (4.98s)
        daemon.go:296: [d8030a62ef248] waiting for daemon to start
        daemon.go:328: [d8030a62ef248] daemon started
        daemon.go:283: [d8030a62ef248] exiting daemon
    --- PASS: TestServiceCreateInit/daemonInitEnabled (5.15s)
        daemon.go:296: [d5c072a4611e9] waiting for daemon to start
        daemon.go:328: [d5c072a4611e9] daemon started
        daemon.go:283: [d5c072a4611e9] exiting daemon
=== RUN   TestCreateServiceMultipleTimes
--- PASS: TestCreateServiceMultipleTimes (26.73s)
    daemon.go:296: [d05fdf24bf61a] waiting for daemon to start
    daemon.go:328: [d05fdf24bf61a] daemon started
    daemon.go:283: [d05fdf24bf61a] exiting daemon
=== RUN   TestCreateServiceConflict
--- PASS: TestCreateServiceConflict (2.88s)
    daemon.go:296: [dc11ba6cb95f2] waiting for daemon to start
    daemon.go:328: [dc11ba6cb95f2] daemon started
    daemon.go:283: [dc11ba6cb95f2] exiting daemon
=== RUN   TestCreateServiceMaxReplicas
--- PASS: TestCreateServiceMaxReplicas (3.56s)
    daemon.go:296: [d378fe561646c] waiting for daemon to start
    daemon.go:328: [d378fe561646c] daemon started
    daemon.go:283: [d378fe561646c] exiting daemon
=== RUN   TestCreateWithDuplicateNetworkNames
--- PASS: TestCreateWithDuplicateNetworkNames (14.97s)
    daemon.go:296: [d492f149834e6] waiting for daemon to start
    daemon.go:328: [d492f149834e6] daemon started
    daemon.go:283: [d492f149834e6] exiting daemon
=== RUN   TestCreateServiceSecretFileMode
--- PASS: TestCreateServiceSecretFileMode (3.58s)
    daemon.go:296: [dee63a228de39] waiting for daemon to start
    daemon.go:328: [dee63a228de39] daemon started
    daemon.go:283: [dee63a228de39] exiting daemon
=== RUN   TestCreateServiceConfigFileMode
--- PASS: TestCreateServiceConfigFileMode (3.55s)
    daemon.go:296: [df5cf6b1c5949] waiting for daemon to start
    daemon.go:328: [df5cf6b1c5949] daemon started
    daemon.go:283: [df5cf6b1c5949] exiting daemon
=== RUN   TestCreateServiceSysctls
--- PASS: TestCreateServiceSysctls (4.17s)
    daemon.go:296: [da7d1843d81a1] waiting for daemon to start
    daemon.go:328: [da7d1843d81a1] daemon started
    daemon.go:283: [da7d1843d81a1] exiting daemon
=== RUN   TestInspect
--- PASS: TestInspect (2.86s)
    daemon.go:296: [d2021041ae1cd] waiting for daemon to start
    daemon.go:328: [d2021041ae1cd] daemon started
    daemon.go:283: [d2021041ae1cd] exiting daemon
=== RUN   TestDockerNetworkConnectAlias
--- PASS: TestDockerNetworkConnectAlias (5.90s)
    daemon.go:296: [d7431c1505b44] waiting for daemon to start
    daemon.go:328: [d7431c1505b44] daemon started
    daemon.go:283: [d7431c1505b44] exiting daemon
=== RUN   TestServicePlugin
--- SKIP: TestServicePlugin (0.01s)
    plugin_test.go:26: os.Getenv("DOCKER_ENGINE_GOARCH") != "amd64"
=== RUN   TestServiceUpdateLabel
--- PASS: TestServiceUpdateLabel (2.92s)
    daemon.go:296: [d31cd2f45a2e5] waiting for daemon to start
    daemon.go:328: [d31cd2f45a2e5] daemon started
    daemon.go:283: [d31cd2f45a2e5] exiting daemon
=== RUN   TestServiceUpdateSecrets
--- PASS: TestServiceUpdateSecrets (2.86s)
    daemon.go:296: [df91e35dba6ae] waiting for daemon to start
    daemon.go:328: [df91e35dba6ae] daemon started
    daemon.go:283: [df91e35dba6ae] exiting daemon
=== RUN   TestServiceUpdateConfigs
--- FAIL: TestServiceUpdateConfigs (2.90s)
    daemon.go:296: [d71f662248879] waiting for daemon to start
    daemon.go:328: [d71f662248879] daemon started
    update_test.go:188: assertion failed: error is not nil: Error response from daemon: rpc error: code = Unknown desc = update out of sequence
    daemon.go:283: [d71f662248879] exiting daemon
FAIL
---> Making bundle: .integration-daemon-stop (in bundles/test-integration)
Clearing AppArmor profiles cache:.
All profile caches have been cleared, but no profiles have been unloaded.
Unloading profiles will leave already running processes permanently
unconfined, which can lead to unexpected situations.

To set a process to complain mode, use the command line tool
'aa-complain'. To really tear down all profiles, run the init script
with the 'teardown' option."
Removing test suite binaries
Build step 'Execute shell' marked build as failure
Set build name.
New build name is '#38472'
[PostBuildScript] - Executing post build scripts.
[Docker-PRs-s390x] $ /bin/sh -xe /tmp/jenkins4883319002006908374.sh
+ echo Chowning /workspace to jenkins user
Chowning /workspace to jenkins user
+ id -u
+ id -g
+ docker run --rm -v /home/jenkins/workspace/Docker-PRs-s390x:/workspace s390x/busybox chown -R 1001:1001 /workspace
[Docker-PRs-s390x] $ /bin/sh -xe /tmp/jenkins4537047305273949616.sh
+ echo Creating bundles.tar.gz
Creating bundles.tar.gz
+ xargs tar -czf bundles.tar.gz
+ find bundles -name *.log
Archiving artifacts
Notifying endpoint with url 'https://leeroy.dockerproject.org/notification/jenkins'
Finished: FAILURE
