Started by user Gordon
Notifying endpoint with url 'https://leeroy.dockerproject.org/notification/jenkins'
[EnvInject] - Loading node environment variables.
Building remotely on s390x-ubuntu-30 (linux s390x-ubuntu-1604 s390x) in workspace /home/jenkins/workspace/Docker-PRs-s390x
Running Prebuild steps
[Docker-PRs-s390x] $ /bin/sh -xe /tmp/jenkins978695640241219904.sh
+ pwd
+ id -u
+ id -g
+ docker run --rm -v /home/jenkins/workspace/Docker-PRs-s390x:/workspace s390x/busybox chown -R 1001:1001 /workspace
Success build forhudson.tasks.Shell@54493290
Wiping out workspace first.
Cloning the remote Git repository
Cloning repository https://github.com/moby/moby.git
 > git init /home/jenkins/workspace/Docker-PRs-s390x # timeout=10
Fetching upstream changes from https://github.com/moby/moby.git
 > git --version # timeout=10
 > git fetch --tags --progress https://github.com/moby/moby.git +refs/heads/*:refs/remotes/origin/*
 > git config remote.origin.url https://github.com/moby/moby.git # timeout=10
 > git config --add remote.origin.fetch +refs/heads/*:refs/remotes/origin/* # timeout=10
 > git config remote.origin.url https://github.com/moby/moby.git # timeout=10
Fetching upstream changes from https://github.com/moby/moby.git
 > git fetch --tags --progress https://github.com/moby/moby.git +refs/heads/*:refs/remotes/origin/*
 > git rev-parse origin/master^{commit} # timeout=10
Checking out Revision de640c9f4932d851316a0a72470c4d3446f6f5ac (origin/master)
 > git config core.sparsecheckout # timeout=10
 > git checkout -f de640c9f4932d851316a0a72470c4d3446f6f5ac
Commit message: "Merge pull request #38038 from AkihiroSuda/ubuntu-overlayfs"
 > git rev-list --no-walk de640c9f4932d851316a0a72470c4d3446f6f5ac # timeout=10
Set build name.
New build name is '#38050'
[Docker-PRs-s390x] $ /bin/bash /tmp/jenkins2799689220852732772.sh
From https://github.com/moby/moby
 * [new ref]         refs/pull/38050/head -> origin/pr/38050
Updating de640c9..fda1329
Fast-forward
 Dockerfile                                    | 14 +++++
 cmd/dockerd/config_common_unix.go             | 23 ++++++++
 cmd/dockerd/config_unix.go                    |  4 +-
 cmd/dockerd/daemon.go                         | 34 +++++++++---
 cmd/dockerd/daemon_unix.go                    | 25 ++++++++-
 contrib/dockerd-rootless.sh                   | 36 +++++++++++++
 daemon/config/config_unix.go                  |  6 +++
 daemon/config/config_windows.go               |  5 ++
 daemon/daemon.go                              |  1 +
 daemon/info.go                                |  3 ++
 daemon/info_unix.go                           |  4 ++
 daemon/info_windows.go                        |  4 ++
 daemon/oci_linux.go                           |  9 +++-
 docs/rootless.md                              | 76 +++++++++++++++++++++++++++
 hack/dockerfile/install/rootlesskit.installer | 33 ++++++++++++
 hack/dockerfile/install/slirp4netns.installer | 27 ++++++++++
 hack/make/.binary-setup                       |  3 ++
 hack/make/binary-daemon                       |  3 +-
 hack/make/install-binary                      |  3 ++
 opts/hosts.go                                 | 20 ++++++-
 opts/hosts_test.go                            |  4 +-
 pkg/sysinfo/sysinfo_linux.go                  |  4 +-
 rootless/doc.go                               |  2 +
 rootless/rootless.go                          | 22 ++++++++
 rootless/specconv/specconv_linux.go           | 38 ++++++++++++++
 25 files changed, 387 insertions(+), 16 deletions(-)
 create mode 100755 contrib/dockerd-rootless.sh
 create mode 100644 docs/rootless.md
 create mode 100755 hack/dockerfile/install/rootlesskit.installer
 create mode 100755 hack/dockerfile/install/slirp4netns.installer
 create mode 100644 rootless/doc.go
 create mode 100644 rootless/rootless.go
 create mode 100644 rootless/specconv/specconv_linux.go
Sending build context to Docker daemon  45.13MB
Step 1/108 : FROM golang:1.11.4 AS base
 ---> ee5c1a481166
Step 2/108 : ARG APT_MIRROR=deb.debian.org
 ---> Using cache
 ---> 9f149abe6638
Step 3/108 : RUN sed -ri "s/(httpredir|deb).debian.org/$APT_MIRROR/g" /etc/apt/sources.list
 ---> Using cache
 ---> f05c08270050
Step 4/108 : FROM base AS criu
 ---> f05c08270050
Step 5/108 : ENV CRIU_VERSION 3.6
 ---> Using cache
 ---> df8b47214600
Step 6/108 : RUN apt-get update && apt-get install -y 	libnet-dev 	libprotobuf-c0-dev 	libprotobuf-dev 	libnl-3-dev 	libcap-dev 	protobuf-compiler 	protobuf-c-compiler 	python-protobuf 	&& mkdir -p /usr/src/criu 	&& curl -sSL https://github.com/checkpoint-restore/criu/archive/v${CRIU_VERSION}.tar.gz | tar -C /usr/src/criu/ -xz --strip-components=1 	&& cd /usr/src/criu 	&& make 	&& make PREFIX=/build/ install-criu
 ---> Using cache
 ---> dc23ff4af8d1
Step 7/108 : FROM base AS registry
 ---> f05c08270050
Step 8/108 : ENV REGISTRY_COMMIT_SCHEMA1 ec87e9b6971d831f0eff752ddb54fb64693e51cd
 ---> Using cache
 ---> ea1582776825
Step 9/108 : ENV REGISTRY_COMMIT 47a064d4195a9b56133891bbb13620c3ac83a827
 ---> Using cache
 ---> 91da1d598fa9
Step 10/108 : RUN set -x 	&& export GOPATH="$(mktemp -d)" 	&& git clone https://github.com/docker/distribution.git "$GOPATH/src/github.com/docker/distribution" 	&& (cd "$GOPATH/src/github.com/docker/distribution" && git checkout -q "$REGISTRY_COMMIT") 	&& GOPATH="$GOPATH/src/github.com/docker/distribution/Godeps/_workspace:$GOPATH" 		go build -buildmode=pie -o /build/registry-v2 github.com/docker/distribution/cmd/registry 	&& case $(dpkg --print-architecture) in 		amd64|ppc64*|s390x) 		(cd "$GOPATH/src/github.com/docker/distribution" && git checkout -q "$REGISTRY_COMMIT_SCHEMA1"); 		GOPATH="$GOPATH/src/github.com/docker/distribution/Godeps/_workspace:$GOPATH"; 			go build -buildmode=pie -o /build/registry-v2-schema1 github.com/docker/distribution/cmd/registry; 		;; 	   esac 	&& rm -rf "$GOPATH"
 ---> Using cache
 ---> fe13e08ce258
Step 11/108 : FROM base AS docker-py
 ---> f05c08270050
Step 12/108 : ENV DOCKER_PY_COMMIT 8b246db271a85d6541dc458838627e89c683e42f
 ---> Using cache
 ---> a6617886d174
Step 13/108 : RUN git clone https://github.com/docker/docker-py.git /build 	&& cd /build 	&& git checkout -q $DOCKER_PY_COMMIT
 ---> Using cache
 ---> 7b05b19b88b7
Step 14/108 : FROM base AS swagger
 ---> f05c08270050
Step 15/108 : ENV GO_SWAGGER_COMMIT c28258affb0b6251755d92489ef685af8d4ff3eb
 ---> Using cache
 ---> d2fee411b95f
Step 16/108 : RUN set -x 	&& export GOPATH="$(mktemp -d)" 	&& git clone https://github.com/go-swagger/go-swagger.git "$GOPATH/src/github.com/go-swagger/go-swagger" 	&& (cd "$GOPATH/src/github.com/go-swagger/go-swagger" && git checkout -q "$GO_SWAGGER_COMMIT") 	&& go build -o /build/swagger github.com/go-swagger/go-swagger/cmd/swagger 	&& rm -rf "$GOPATH"
 ---> Using cache
 ---> 0d4ae38b076e
Step 17/108 : FROM base AS frozen-images
 ---> f05c08270050
Step 18/108 : RUN apt-get update && apt-get install -y jq ca-certificates --no-install-recommends
 ---> Using cache
 ---> 9acfdf8d946a
Step 19/108 : COPY contrib/download-frozen-image-v2.sh /
 ---> Using cache
 ---> 7add62e4d56b
Step 20/108 : RUN /download-frozen-image-v2.sh /build 	buildpack-deps:jessie@sha256:dd86dced7c9cd2a724e779730f0a53f93b7ef42228d4344b25ce9a42a1486251 	busybox:latest@sha256:bbc3a03235220b170ba48a157dd097dd1379299370e1ed99ce976df0355d24f0 	busybox:glibc@sha256:0b55a30394294ab23b9afd58fab94e61a923f5834fba7ddbae7f8e0c11ba85e6 	debian:jessie@sha256:287a20c5f73087ab406e6b364833e3fb7b3ae63ca0eb3486555dc27ed32c6e60 	hello-world:latest@sha256:be0cd392e45be79ffeffa6b05338b98ebb16c87b255f48e297ec7f98e123905c
 ---> Using cache
 ---> 88c1f457360f
Step 21/108 : FROM base AS runtime-dev
 ---> f05c08270050
Step 22/108 : RUN apt-get update && apt-get install -y 	libapparmor-dev 	libseccomp-dev
 ---> Using cache
 ---> d45f66fcd18f
Step 23/108 : FROM base AS tomlv
 ---> f05c08270050
Step 24/108 : ENV INSTALL_BINARY_NAME=tomlv
 ---> Using cache
 ---> c31db1785516
Step 25/108 : COPY hack/dockerfile/install/install.sh ./install.sh
 ---> Using cache
 ---> 59ff21bda1d4
Step 26/108 : COPY hack/dockerfile/install/$INSTALL_BINARY_NAME.installer ./
 ---> Using cache
 ---> c09031b3138f
Step 27/108 : RUN PREFIX=/build ./install.sh $INSTALL_BINARY_NAME
 ---> Using cache
 ---> 9a1a287957ea
Step 28/108 : FROM base AS vndr
 ---> f05c08270050
Step 29/108 : ENV INSTALL_BINARY_NAME=vndr
 ---> Using cache
 ---> 71de3e666e1c
Step 30/108 : COPY hack/dockerfile/install/install.sh ./install.sh
 ---> Using cache
 ---> bfcf28681583
Step 31/108 : COPY hack/dockerfile/install/$INSTALL_BINARY_NAME.installer ./
 ---> Using cache
 ---> 12d56686ae80
Step 32/108 : RUN PREFIX=/build ./install.sh $INSTALL_BINARY_NAME
 ---> Using cache
 ---> fb2f61c7cc62
Step 33/108 : FROM base AS containerd
 ---> f05c08270050
Step 34/108 : RUN apt-get update && apt-get install -y btrfs-tools
 ---> Using cache
 ---> 082b619ba950
Step 35/108 : ENV INSTALL_BINARY_NAME=containerd
 ---> Using cache
 ---> a9f7c72cf8d1
Step 36/108 : COPY hack/dockerfile/install/install.sh ./install.sh
 ---> Using cache
 ---> be4b0aec5dde
Step 37/108 : COPY hack/dockerfile/install/$INSTALL_BINARY_NAME.installer ./
 ---> Using cache
 ---> 102a552711f5
Step 38/108 : RUN PREFIX=/build ./install.sh $INSTALL_BINARY_NAME
 ---> Using cache
 ---> 7a135f669deb
Step 39/108 : FROM base AS proxy
 ---> f05c08270050
Step 40/108 : ENV INSTALL_BINARY_NAME=proxy
 ---> Using cache
 ---> feca9e8c0793
Step 41/108 : COPY hack/dockerfile/install/install.sh ./install.sh
 ---> Using cache
 ---> 7c08bea6918c
Step 42/108 : COPY hack/dockerfile/install/$INSTALL_BINARY_NAME.installer ./
 ---> Using cache
 ---> 136e47a66729
Step 43/108 : RUN PREFIX=/build ./install.sh $INSTALL_BINARY_NAME
 ---> Using cache
 ---> b334df3fbbcc
Step 44/108 : FROM base AS gometalinter
 ---> f05c08270050
Step 45/108 : ENV INSTALL_BINARY_NAME=gometalinter
 ---> Using cache
 ---> 373a69a16ee0
Step 46/108 : COPY hack/dockerfile/install/install.sh ./install.sh
 ---> Using cache
 ---> 7103236ffdde
Step 47/108 : COPY hack/dockerfile/install/$INSTALL_BINARY_NAME.installer ./
 ---> Using cache
 ---> 91dcb393ddb1
Step 48/108 : RUN PREFIX=/build ./install.sh $INSTALL_BINARY_NAME
 ---> Using cache
 ---> 3f5183cdc14c
Step 49/108 : FROM base AS dockercli
 ---> f05c08270050
Step 50/108 : ENV INSTALL_BINARY_NAME=dockercli
 ---> Using cache
 ---> ce90bd59c358
Step 51/108 : COPY hack/dockerfile/install/install.sh ./install.sh
 ---> Using cache
 ---> 46e2c1f3d30f
Step 52/108 : COPY hack/dockerfile/install/$INSTALL_BINARY_NAME.installer ./
 ---> Using cache
 ---> e87cb0ba369f
Step 53/108 : RUN PREFIX=/build ./install.sh $INSTALL_BINARY_NAME
 ---> Using cache
 ---> 3c7d5fedc7a4
Step 54/108 : FROM runtime-dev AS runc
 ---> d45f66fcd18f
Step 55/108 : ENV INSTALL_BINARY_NAME=runc
 ---> Using cache
 ---> 480dbf6f0711
Step 56/108 : COPY hack/dockerfile/install/install.sh ./install.sh
 ---> Using cache
 ---> 9aeb128dcabc
Step 57/108 : COPY hack/dockerfile/install/$INSTALL_BINARY_NAME.installer ./
 ---> Using cache
 ---> aed7083bd6c5
Step 58/108 : RUN PREFIX=/build ./install.sh $INSTALL_BINARY_NAME
 ---> Using cache
 ---> 2393b289d360
Step 59/108 : FROM base AS tini
 ---> f05c08270050
Step 60/108 : RUN apt-get update && apt-get install -y cmake vim-common
 ---> Using cache
 ---> 8efc8b27093f
Step 61/108 : COPY hack/dockerfile/install/install.sh ./install.sh
 ---> Using cache
 ---> ba91b8e881eb
Step 62/108 : ENV INSTALL_BINARY_NAME=tini
 ---> Using cache
 ---> b5ec200ce841
Step 63/108 : COPY hack/dockerfile/install/$INSTALL_BINARY_NAME.installer ./
 ---> Using cache
 ---> 104c52c47361
Step 64/108 : RUN PREFIX=/build ./install.sh $INSTALL_BINARY_NAME
 ---> Using cache
 ---> 99dc0bb8c877
Step 65/108 : FROM base AS rootlesskit
 ---> f05c08270050
Step 66/108 : ENV INSTALL_BINARY_NAME=rootlesskit
 ---> Using cache
 ---> a4518eadb5c9
Step 67/108 : COPY hack/dockerfile/install/install.sh ./install.sh
 ---> Using cache
 ---> 6142542cc8ac
Step 68/108 : COPY hack/dockerfile/install/$INSTALL_BINARY_NAME.installer ./
 ---> Using cache
 ---> 20ca4dd87d54
Step 69/108 : RUN PREFIX=/build/ ./install.sh $INSTALL_BINARY_NAME
 ---> Using cache
 ---> ff7018e8c0dd
Step 70/108 : COPY ./contrib/dockerd-rootless.sh /build
 ---> Using cache
 ---> 50ac8eca3886
Step 71/108 : FROM base AS slirp4netns
 ---> f05c08270050
Step 72/108 : RUN apt-get update && apt-get install -y automake autotools-dev libtool
 ---> Using cache
 ---> 3a0a3068b528
Step 73/108 : ENV INSTALL_BINARY_NAME=slirp4netns
 ---> Using cache
 ---> 8c0a1788d651
Step 74/108 : COPY hack/dockerfile/install/install.sh ./install.sh
 ---> Using cache
 ---> 956d862e8bdb
Step 75/108 : COPY hack/dockerfile/install/$INSTALL_BINARY_NAME.installer ./
 ---> Using cache
 ---> 75d28680f2e5
Step 76/108 : RUN PREFIX=/build/ ./install.sh $INSTALL_BINARY_NAME
 ---> Using cache
 ---> 4e321ee75af6
Step 77/108 : FROM runtime-dev AS dev
 ---> d45f66fcd18f
Step 78/108 : RUN groupadd -r docker
 ---> Using cache
 ---> e99aca30946f
Step 79/108 : RUN useradd --create-home --gid docker unprivilegeduser
 ---> Using cache
 ---> f8e81a781664
Step 80/108 : RUN ln -sfv /go/src/github.com/docker/docker/.bashrc ~/.bashrc
 ---> Using cache
 ---> c3d8cdfced46
Step 81/108 : RUN echo "source /usr/share/bash-completion/bash_completion" >> /etc/bash.bashrc
 ---> Using cache
 ---> c0903e85d8d8
Step 82/108 : RUN ln -s /usr/local/completion/bash/docker /etc/bash_completion.d/docker
 ---> Using cache
 ---> bc753963aad1
Step 83/108 : RUN ldconfig
 ---> Using cache
 ---> 36158b26d229
Step 84/108 : RUN apt-get update && apt-get install -y 	apparmor 	aufs-tools 	bash-completion 	btrfs-tools 	iptables 	jq 	libcap2-bin 	libdevmapper-dev 	libudev-dev 	libsystemd-dev 	binutils-mingw-w64 	g++-mingw-w64-x86-64 	net-tools 	pigz 	python-backports.ssl-match-hostname 	python-dev 	python-mock 	python-pip 	python-requests 	python-setuptools 	python-websocket 	python-wheel 	thin-provisioning-tools 	vim 	vim-common 	xfsprogs 	zip 	bzip2 	xz-utils 	--no-install-recommends
 ---> Using cache
 ---> 73711eded33a
Step 85/108 : COPY --from=swagger /build/swagger* /usr/local/bin/
 ---> Using cache
 ---> 9acdce29f19f
Step 86/108 : COPY --from=frozen-images /build/ /docker-frozen-images
 ---> Using cache
 ---> f6e551c379ea
Step 87/108 : COPY --from=gometalinter /build/ /usr/local/bin/
 ---> Using cache
 ---> d04e5ade0696
Step 88/108 : COPY --from=tomlv /build/ /usr/local/bin/
 ---> Using cache
 ---> d2ae3b12aa00
Step 89/108 : COPY --from=vndr /build/ /usr/local/bin/
 ---> Using cache
 ---> cae226d2c117
Step 90/108 : COPY --from=tini /build/ /usr/local/bin/
 ---> Using cache
 ---> 249acc21149a
Step 91/108 : COPY --from=runc /build/ /usr/local/bin/
 ---> Using cache
 ---> fbbe9d325700
Step 92/108 : COPY --from=containerd /build/ /usr/local/bin/
 ---> Using cache
 ---> cac12fda07fc
Step 93/108 : COPY --from=proxy /build/ /usr/local/bin/
 ---> Using cache
 ---> 8cfb1c5d9406
Step 94/108 : COPY --from=dockercli /build/ /usr/local/cli
 ---> Using cache
 ---> e5b0570b8d17
Step 95/108 : COPY --from=registry /build/registry* /usr/local/bin/
 ---> Using cache
 ---> f2040a9528ea
Step 96/108 : COPY --from=criu /build/ /usr/local/
 ---> Using cache
 ---> c8dd63a0e25a
Step 97/108 : COPY --from=docker-py /build/ /docker-py
 ---> Using cache
 ---> 0d1e9ea56e0e
Step 98/108 : RUN cd /docker-py 	&& pip install docker-pycreds==0.2.1 	&& pip install yamllint==1.5.0 	&& pip install -r test-requirements.txt
 ---> Using cache
 ---> 0e773f832a6b
Step 99/108 : COPY --from=rootlesskit /build/ /usr/local/bin/
 ---> Using cache
 ---> 3cc38751bdeb
Step 100/108 : COPY --from=slirp4netns /build/ /usr/local/bin/
 ---> Using cache
 ---> b1d817096855
Step 101/108 : ENV PATH=/usr/local/cli:$PATH
 ---> Using cache
 ---> 157aa7e2128b
Step 102/108 : ENV DOCKER_BUILDTAGS apparmor seccomp selinux
 ---> Using cache
 ---> 1b681fe145b8
Step 103/108 : ENV GOMETALINTER_OPTS="--deadline=2m"
 ---> Using cache
 ---> e457dc5ebe37
Step 104/108 : WORKDIR /go/src/github.com/docker/docker
 ---> Using cache
 ---> f23fa2edeaf5
Step 105/108 : VOLUME /var/lib/docker
 ---> Using cache
 ---> 3a7102eeacb2
Step 106/108 : ENTRYPOINT ["hack/dind"]
 ---> Using cache
 ---> 3ab3a24d5593
Step 107/108 : FROM dev AS final
 ---> 3ab3a24d5593
Step 108/108 : COPY . /go/src/github.com/docker/docker
 ---> Using cache
 ---> 201d4c50ee71
Successfully built 201d4c50ee71
Successfully tagged docker-s390x:fda1329
?   	github.com/docker/docker/api	[no test files]
ok  	github.com/docker/docker/api/server	0.005s	coverage: 7.9% of statements
?   	github.com/docker/docker/api/server/backend/build	[no test files]
ok  	github.com/docker/docker/api/server/httputils	0.004s	coverage: 11.1% of statements
ok  	github.com/docker/docker/api/server/middleware	0.003s	coverage: 43.4% of statements
?   	github.com/docker/docker/api/server/router	[no test files]
?   	github.com/docker/docker/api/server/router/build	[no test files]
?   	github.com/docker/docker/api/server/router/checkpoint	[no test files]
?   	github.com/docker/docker/api/server/router/container	[no test files]
?   	github.com/docker/docker/api/server/router/debug	[no test files]
?   	github.com/docker/docker/api/server/router/distribution	[no test files]
?   	github.com/docker/docker/api/server/router/image	[no test files]
?   	github.com/docker/docker/api/server/router/network	[no test files]
?   	github.com/docker/docker/api/server/router/plugin	[no test files]
?   	github.com/docker/docker/api/server/router/session	[no test files]
?   	github.com/docker/docker/api/server/router/swarm	[no test files]
?   	github.com/docker/docker/api/server/router/system	[no test files]
?   	github.com/docker/docker/api/server/router/volume	[no test files]
?   	github.com/docker/docker/api/types	[no test files]
?   	github.com/docker/docker/api/types/backend	[no test files]
?   	github.com/docker/docker/api/types/blkiodev	[no test files]
?   	github.com/docker/docker/api/types/container	[no test files]
?   	github.com/docker/docker/api/types/events	[no test files]
ok  	github.com/docker/docker/api/types/filters	0.003s	coverage: 94.2% of statements
?   	github.com/docker/docker/api/types/image	[no test files]
?   	github.com/docker/docker/api/types/mount	[no test files]
?   	github.com/docker/docker/api/types/network	[no test files]
?   	github.com/docker/docker/api/types/plugins/logdriver	[no test files]
?   	github.com/docker/docker/api/types/registry	[no test files]
ok  	github.com/docker/docker/api/types/strslice	0.002s	coverage: 90.0% of statements
?   	github.com/docker/docker/api/types/swarm	[no test files]
?   	github.com/docker/docker/api/types/swarm/runtime	[no test files]
ok  	github.com/docker/docker/api/types/time	0.002s	coverage: 100.0% of statements
ok  	github.com/docker/docker/api/types/versions	0.002s	coverage: 75.0% of statements
?   	github.com/docker/docker/api/types/versions/v1p19	[no test files]
?   	github.com/docker/docker/api/types/versions/v1p20	[no test files]
?   	github.com/docker/docker/api/types/volume	[no test files]
?   	github.com/docker/docker/builder	[no test files]
?   	github.com/docker/docker/builder/builder-next	[no test files]
?   	github.com/docker/docker/builder/builder-next/adapters/containerimage	[no test files]
?   	github.com/docker/docker/builder/builder-next/adapters/snapshot	[no test files]
?   	github.com/docker/docker/builder/builder-next/exporter	[no test files]
?   	github.com/docker/docker/builder/builder-next/imagerefchecker	[no test files]
?   	github.com/docker/docker/builder/builder-next/worker	[no test files]
ok  	github.com/docker/docker/builder/dockerfile	0.798s	coverage: 45.4% of statements
ok  	github.com/docker/docker/builder/dockerignore	0.002s	coverage: 96.8% of statements
ok  	github.com/docker/docker/builder/fscache	0.110s	coverage: 69.2% of statements
ok  	github.com/docker/docker/builder/remotecontext	0.318s	coverage: 13.7% of statements
ok  	github.com/docker/docker/builder/remotecontext/git	0.656s	coverage: 78.8% of statements
?   	github.com/docker/docker/cli	[no test files]
?   	github.com/docker/docker/cli/config	[no test files]
ok  	github.com/docker/docker/cli/debug	0.002s	coverage: 100.0% of statements
ok  	github.com/docker/docker/client	0.298s	coverage: 75.6% of statements
ok  	github.com/docker/docker/cmd/dockerd	0.029s	coverage: 30.3% of statements
ok  	github.com/docker/docker/cmd/dockerd/hack	0.003s	coverage: 72.9% of statements
ok  	github.com/docker/docker/container	0.112s	coverage: 35.6% of statements
?   	github.com/docker/docker/container/stream	[no test files]
?   	github.com/docker/docker/contrib/apparmor	[no test files]
?   	github.com/docker/docker/contrib/docker-device-tool	[no test files]
?   	github.com/docker/docker/contrib/httpserver	[no test files]
ok  	github.com/docker/docker/daemon	12.210s	coverage: 17.1% of statements
ok  	github.com/docker/docker/daemon/cluster	0.025s	coverage: 0.5% of statements
ok  	github.com/docker/docker/daemon/cluster/controllers/plugin	0.008s	coverage: 65.3% of statements
ok  	github.com/docker/docker/daemon/cluster/convert	0.006s	coverage: 28.0% of statements
?   	github.com/docker/docker/daemon/cluster/executor	[no test files]
ok  	github.com/docker/docker/daemon/cluster/executor/container	3.435s	coverage: 12.6% of statements
?   	github.com/docker/docker/daemon/cluster/provider	[no test files]
ok  	github.com/docker/docker/daemon/config	0.025s	coverage: 84.4% of statements
ok  	github.com/docker/docker/daemon/discovery	0.004s	coverage: 30.4% of statements
ok  	github.com/docker/docker/daemon/events	0.057s	coverage: 50.0% of statements
?   	github.com/docker/docker/daemon/events/testutils	[no test files]
?   	github.com/docker/docker/daemon/exec	[no test files]
ok  	github.com/docker/docker/daemon/graphdriver	0.003s	coverage: 2.2% of statements
ok  	github.com/docker/docker/daemon/graphdriver/aufs	10.369s	coverage: 73.6% of statements
ok  	github.com/docker/docker/daemon/graphdriver/btrfs	0.004s	coverage: 2.9% of statements
ok  	github.com/docker/docker/daemon/graphdriver/copy	0.192s	coverage: 57.0% of statements
ok  	github.com/docker/docker/daemon/graphdriver/devmapper	4.624s	coverage: 45.9% of statements
?   	github.com/docker/docker/daemon/graphdriver/graphtest	[no test files]
ok  	github.com/docker/docker/daemon/graphdriver/overlay	1.834s	coverage: 50.8% of statements
ok  	github.com/docker/docker/daemon/graphdriver/overlay2	4.620s	coverage: 56.8% of statements
?   	github.com/docker/docker/daemon/graphdriver/overlayutils	[no test files]
ok  	github.com/docker/docker/daemon/graphdriver/quota	0.612s	coverage: 75.2% of statements
?   	github.com/docker/docker/daemon/graphdriver/register	[no test files]
ok  	github.com/docker/docker/daemon/graphdriver/vfs	0.005s	coverage: 70.5% of statements
ok  	github.com/docker/docker/daemon/graphdriver/zfs	0.004s	coverage: 3.0% of statements
ok  	github.com/docker/docker/daemon/images	0.008s	coverage: 4.9% of statements
?   	github.com/docker/docker/daemon/initlayer	[no test files]
ok  	github.com/docker/docker/daemon/links	0.002s	coverage: 93.0% of statements
?   	github.com/docker/docker/daemon/listeners	[no test files]
ok  	github.com/docker/docker/daemon/logger	0.213s	coverage: 43.7% of statements
ok  	github.com/docker/docker/daemon/logger/awslogs	0.081s	coverage: 78.2% of statements
?   	github.com/docker/docker/daemon/logger/fluentd	[no test files]
?   	github.com/docker/docker/daemon/logger/gcplogs	[no test files]
ok  	github.com/docker/docker/daemon/logger/gelf	0.004s	coverage: 68.2% of statements
ok  	github.com/docker/docker/daemon/logger/journald	0.003s	coverage: 26.2% of statements
ok  	github.com/docker/docker/daemon/logger/jsonfilelog	0.005s	coverage: 62.1% of statements
ok  	github.com/docker/docker/daemon/logger/jsonfilelog/jsonlog	0.007s	coverage: 88.3% of statements
ok  	github.com/docker/docker/daemon/logger/local	0.011s	coverage: 74.7% of statements
?   	github.com/docker/docker/daemon/logger/logentries	[no test files]
ok  	github.com/docker/docker/daemon/logger/loggerutils	0.008s	coverage: 18.6% of statements
ok  	github.com/docker/docker/daemon/logger/splunk	1.493s	coverage: 84.5% of statements
ok  	github.com/docker/docker/daemon/logger/syslog	0.004s	coverage: 47.8% of statements
ok  	github.com/docker/docker/daemon/logger/templates	0.002s	coverage: 8.3% of statements
?   	github.com/docker/docker/daemon/names	[no test files]
ok  	github.com/docker/docker/daemon/network	0.002s	coverage: 57.1% of statements
?   	github.com/docker/docker/daemon/stats	[no test files]
ok  	github.com/docker/docker/distribution	0.377s	coverage: 16.8% of statements
ok  	github.com/docker/docker/distribution/metadata	0.028s	coverage: 48.2% of statements
?   	github.com/docker/docker/distribution/utils	[no test files]
ok  	github.com/docker/docker/distribution/xfer	1.427s	coverage: 83.9% of statements
?   	github.com/docker/docker/dockerversion	[no test files]
ok  	github.com/docker/docker/errdefs	0.002s	coverage: 76.0% of statements
ok  	github.com/docker/docker/image	0.018s	coverage: 86.3% of statements
ok  	github.com/docker/docker/image/cache	0.005s	coverage: 19.2% of statements
?   	github.com/docker/docker/image/tarexport	[no test files]
ok  	github.com/docker/docker/image/v1	0.006s	coverage: 25.0% of statements
ok  	github.com/docker/docker/internal/procfs	0.002s	coverage: 78.4% of statements
?   	github.com/docker/docker/internal/test	[no test files]
?   	github.com/docker/docker/internal/test/daemon	[no test files]
?   	github.com/docker/docker/internal/test/environment	[no test files]
?   	github.com/docker/docker/internal/test/fakecontext	[no test files]
?   	github.com/docker/docker/internal/test/fakegit	[no test files]
?   	github.com/docker/docker/internal/test/fakestorage	[no test files]
?   	github.com/docker/docker/internal/test/fixtures/load	[no test files]
?   	github.com/docker/docker/internal/test/fixtures/plugin	[no test files]
?   	github.com/docker/docker/internal/test/fixtures/plugin/basic	[no test files]
?   	github.com/docker/docker/internal/test/registry	[no test files]
?   	github.com/docker/docker/internal/test/request	[no test files]
ok  	github.com/docker/docker/internal/testutil	0.002s	coverage: 62.5% of statements
ok  	github.com/docker/docker/layer	7.876s	coverage: 71.4% of statements
ok  	github.com/docker/docker/libcontainerd	0.027s	coverage: 3.4% of statements
?   	github.com/docker/docker/libcontainerd/supervisor	[no test files]
?   	github.com/docker/docker/oci	[no test files]
?   	github.com/docker/docker/oci/caps	[no test files]
ok  	github.com/docker/docker/opts	0.020s	coverage: 67.9% of statements
ok  	github.com/docker/docker/pkg/aaparser	0.002s	coverage: 50.0% of statements
ok  	github.com/docker/docker/pkg/archive	0.623s	coverage: 76.6% of statements
ok  	github.com/docker/docker/pkg/authorization	0.270s	coverage: 66.7% of statements
ok  	github.com/docker/docker/pkg/broadcaster	0.002s	coverage: 100.0% of statements
ok  	github.com/docker/docker/pkg/chrootarchive	3.228s	coverage: 37.0% of statements
?   	github.com/docker/docker/pkg/containerfs	[no test files]
?   	github.com/docker/docker/pkg/devicemapper	[no test files]
ok  	github.com/docker/docker/pkg/directory	0.002s	coverage: 80.0% of statements
ok  	github.com/docker/docker/pkg/discovery	0.003s	coverage: 58.3% of statements
ok  	github.com/docker/docker/pkg/discovery/file	0.003s	coverage: 92.9% of statements
ok  	github.com/docker/docker/pkg/discovery/kv	3.105s	coverage: 84.1% of statements
ok  	github.com/docker/docker/pkg/discovery/memory	0.002s	coverage: 92.3% of statements
ok  	github.com/docker/docker/pkg/discovery/nodes	0.002s	coverage: 93.8% of statements
ok  	github.com/docker/docker/pkg/dmesg	0.002s	coverage: 83.3% of statements
ok  	github.com/docker/docker/pkg/filenotify	0.603s	coverage: 66.3% of statements
ok  	github.com/docker/docker/pkg/fileutils	0.006s	coverage: 89.5% of statements
ok  	github.com/docker/docker/pkg/fsutils	0.437s	coverage: 85.1% of statements
ok  	github.com/docker/docker/pkg/homedir	0.003s	coverage: 41.7% of statements
ok  	github.com/docker/docker/pkg/idtools	0.517s	coverage: 70.2% of statements
ok  	github.com/docker/docker/pkg/ioutils	0.361s	coverage: 70.4% of statements
ok  	github.com/docker/docker/pkg/jsonmessage	0.003s	coverage: 88.3% of statements
ok  	github.com/docker/docker/pkg/locker	0.036s	coverage: 88.9% of statements
ok  	github.com/docker/docker/pkg/longpath	0.002s	coverage: 100.0% of statements
?   	github.com/docker/docker/pkg/loopback	[no test files]
ok  	github.com/docker/docker/pkg/mount	1.010s	coverage: 68.6% of statements
ok  	github.com/docker/docker/pkg/namesgenerator	0.002s	coverage: 85.7% of statements
?   	github.com/docker/docker/pkg/namesgenerator/cmd/names-generator	[no test files]
ok  	github.com/docker/docker/pkg/parsers	0.002s	coverage: 97.0% of statements
ok  	github.com/docker/docker/pkg/parsers/kernel	0.002s	coverage: 60.0% of statements
ok  	github.com/docker/docker/pkg/parsers/operatingsystem	0.002s	coverage: 90.0% of statements
ok  	github.com/docker/docker/pkg/pidfile	0.002s	coverage: 82.4% of statements
?   	github.com/docker/docker/pkg/platform	[no test files]
?   	github.com/docker/docker/pkg/plugingetter	[no test files]
ok  	github.com/docker/docker/pkg/plugins	33.617s	coverage: 76.8% of statements
ok  	github.com/docker/docker/pkg/plugins/pluginrpc-gen	0.009s	coverage: 56.8% of statements
?   	github.com/docker/docker/pkg/plugins/pluginrpc-gen/fixtures	[no test files]
?   	github.com/docker/docker/pkg/plugins/pluginrpc-gen/fixtures/otherfixture	[no test files]
ok  	github.com/docker/docker/pkg/plugins/transport	0.002s	coverage: 85.7% of statements
ok  	github.com/docker/docker/pkg/pools	0.002s	coverage: 87.9% of statements
ok  	github.com/docker/docker/pkg/progress	0.002s	coverage: 75.9% of statements
ok  	github.com/docker/docker/pkg/pubsub	1.046s	coverage: 72.7% of statements
ok  	github.com/docker/docker/pkg/reexec	0.005s	coverage: 82.4% of statements
ok  	github.com/docker/docker/pkg/signal	2.398s	coverage: 61.0% of statements
?   	github.com/docker/docker/pkg/signal/testfiles	[no test files]
ok  	github.com/docker/docker/pkg/stdcopy	0.006s	coverage: 100.0% of statements
ok  	github.com/docker/docker/pkg/streamformatter	0.002s	coverage: 66.2% of statements
ok  	github.com/docker/docker/pkg/stringid	0.002s	coverage: 76.0% of statements
ok  	github.com/docker/docker/pkg/symlink	0.006s	coverage: 87.7% of statements
ok  	github.com/docker/docker/pkg/sysinfo	0.003s	coverage: 75.9% of statements
ok  	github.com/docker/docker/pkg/system	0.033s	coverage: 36.1% of statements
ok  	github.com/docker/docker/pkg/tailfile	0.023s	coverage: 88.6% of statements
ok  	github.com/docker/docker/pkg/tarsum	0.034s	coverage: 89.3% of statements
ok  	github.com/docker/docker/pkg/term	0.003s	coverage: 84.8% of statements
ok  	github.com/docker/docker/pkg/term/windows	0.002s	coverage: 0.0% of statements [no tests to run]
ok  	github.com/docker/docker/pkg/truncindex	0.102s	coverage: 91.5% of statements
ok  	github.com/docker/docker/pkg/urlutil	0.002s	coverage: 100.0% of statements
ok  	github.com/docker/docker/pkg/useragent	0.002s	coverage: 88.9% of statements
ok  	github.com/docker/docker/plugin	0.548s	coverage: 27.3% of statements
ok  	github.com/docker/docker/plugin/executor/containerd	0.007s	coverage: 33.3% of statements
ok  	github.com/docker/docker/plugin/v2	0.003s	coverage: 14.5% of statements
?   	github.com/docker/docker/profiles/apparmor	[no test files]
ok  	github.com/docker/docker/profiles/seccomp	0.004s	coverage: 81.0% of statements
ok  	github.com/docker/docker/reference	0.006s	coverage: 84.4% of statements
ok  	github.com/docker/docker/registry	0.160s	coverage: 57.0% of statements
ok  	github.com/docker/docker/registry/resumable	0.014s	coverage: 100.0% of statements
ok  	github.com/docker/docker/restartmanager	0.002s	coverage: 49.0% of statements
?   	github.com/docker/docker/rootless	[no test files]
?   	github.com/docker/docker/rootless/specconv	[no test files]
ok  	github.com/docker/docker/runconfig	0.007s	coverage: 68.2% of statements
?   	github.com/docker/docker/runconfig/opts	[no test files]
?   	github.com/docker/docker/volume	[no test files]
ok  	github.com/docker/docker/volume/drivers	0.004s	coverage: 36.1% of statements
ok  	github.com/docker/docker/volume/local	0.047s	coverage: 73.0% of statements
ok  	github.com/docker/docker/volume/mounts	0.025s	coverage: 66.8% of statements
ok  	github.com/docker/docker/volume/service	0.012s	coverage: 73.0% of statements
?   	github.com/docker/docker/volume/service/opts	[no test files]
?   	github.com/docker/docker/volume/testutils	[no test files]

Removing bundles/

---> Making bundle: dynbinary (in bundles/dynbinary)
Building: bundles/dynbinary-daemon/dockerd-dev
Created binary: bundles/dynbinary-daemon/dockerd-dev

---> Making bundle: test-integration (in bundles/test-integration)
Building test suite binary ./integration-cli/test.main
Building test suite binary ./integration/config/test.main
Building test suite binary ./integration/secret/test.main
Building test suite binary ./integration/session/test.main
Building test suite binary ./integration/plugin/test.main
Building test suite binary ./integration/plugin/logging/test.main
Building test suite binary ./integration/plugin/logging/cmd/test.main
Building test suite binary ./integration/plugin/logging/cmd/dummy/test.main
Building test suite binary ./integration/plugin/logging/cmd/close_on_start/test.main
Building test suite binary ./integration/plugin/authz/test.main
Building test suite binary ./integration/plugin/graphdriver/test.main
Building test suite binary ./integration/plugin/common/test.main
Building test suite binary ./integration/plugin/volumes/test.main
Building test suite binary ./integration/plugin/volumes/cmd/test.main
Building test suite binary ./integration/plugin/volumes/cmd/dummy/test.main
Building test suite binary ./integration/container/test.main
Building test suite binary ./integration/system/test.main
Building test suite binary ./integration/volume/test.main
Building test suite binary ./integration/build/test.main
Building test suite binary ./integration/network/test.main
Building test suite binary ./integration/network/ipvlan/test.main
Building test suite binary ./integration/network/macvlan/test.main
Building test suite binary ./integration/service/test.main
Building test suite binary ./integration/image/test.main
---> Making bundle: .integration-daemon-start (in bundles/test-integration)
Using test binary docker
/etc/init.d/apparmor: 130: /etc/init.d/apparmor: systemd-detect-virt: not found
Starting AppArmor profiles:Warning from stdin (line 1): /sbin/apparmor_parser: cannot use or update cache, disable, or force-complain via stdin
Warning failed to create cache: (null)
.
INFO: Waiting for daemon to start...
Starting dockerd
.
---> Making bundle: .integration-daemon-setup (in bundles/test-integration)
---> Making bundle: .ensure-emptyfs (in bundles/test-integration)
Error: No such image: emptyfs
Running integration-test (iteration 1)
Running /go/src/github.com/docker/docker/integration/config
Loaded image: buildpack-deps:jessie
Loaded image: busybox:latest
Loaded image: busybox:glibc
Loaded image: debian:jessie
Loaded image: hello-world:latest
INFO: Testing against a local daemon
=== RUN   TestConfigList
--- PASS: TestConfigList (2.90s)
    daemon.go:296: [dd5cb5a809eae] waiting for daemon to start
    daemon.go:328: [dd5cb5a809eae] daemon started
    daemon.go:283: [dd5cb5a809eae] exiting daemon
=== RUN   TestConfigsCreateAndDelete
--- PASS: TestConfigsCreateAndDelete (2.89s)
    daemon.go:296: [d0716ebde9afc] waiting for daemon to start
    daemon.go:328: [d0716ebde9afc] daemon started
    daemon.go:283: [d0716ebde9afc] exiting daemon
=== RUN   TestConfigsUpdate
--- PASS: TestConfigsUpdate (2.88s)
    daemon.go:296: [dc6de414310e1] waiting for daemon to start
    daemon.go:328: [dc6de414310e1] daemon started
    daemon.go:283: [dc6de414310e1] exiting daemon
=== RUN   TestTemplatedConfig
--- PASS: TestTemplatedConfig (3.38s)
    daemon.go:296: [d6aecc96f4a94] waiting for daemon to start
    daemon.go:328: [d6aecc96f4a94] daemon started
    daemon.go:283: [d6aecc96f4a94] exiting daemon
=== RUN   TestConfigInspect
--- PASS: TestConfigInspect (2.99s)
    daemon.go:296: [dd61ec22aff8c] waiting for daemon to start
    daemon.go:328: [dd61ec22aff8c] daemon started
    daemon.go:283: [dd61ec22aff8c] exiting daemon
=== RUN   TestConfigCreateWithLabels
--- PASS: TestConfigCreateWithLabels (2.77s)
    daemon.go:296: [d82089b28924d] waiting for daemon to start
    daemon.go:328: [d82089b28924d] daemon started
    daemon.go:283: [d82089b28924d] exiting daemon
=== RUN   TestConfigCreateResolve
--- PASS: TestConfigCreateResolve (2.87s)
    daemon.go:296: [dff3baa40aa58] waiting for daemon to start
    daemon.go:328: [dff3baa40aa58] daemon started
    daemon.go:283: [dff3baa40aa58] exiting daemon
PASS
Running /go/src/github.com/docker/docker/integration/secret
INFO: Testing against a local daemon
=== RUN   TestSecretInspect
--- PASS: TestSecretInspect (2.38s)
    daemon.go:296: [d198107f5a80a] waiting for daemon to start
    daemon.go:328: [d198107f5a80a] daemon started
    daemon.go:283: [d198107f5a80a] exiting daemon
=== RUN   TestSecretList
--- PASS: TestSecretList (2.93s)
    daemon.go:296: [d18bb92690b01] waiting for daemon to start
    daemon.go:328: [d18bb92690b01] daemon started
    daemon.go:283: [d18bb92690b01] exiting daemon
=== RUN   TestSecretsCreateAndDelete
--- PASS: TestSecretsCreateAndDelete (2.76s)
    daemon.go:296: [d4dc6681f914d] waiting for daemon to start
    daemon.go:328: [d4dc6681f914d] daemon started
    daemon.go:283: [d4dc6681f914d] exiting daemon
=== RUN   TestSecretsUpdate
--- PASS: TestSecretsUpdate (3.07s)
    daemon.go:296: [d354912a44f9b] waiting for daemon to start
    daemon.go:328: [d354912a44f9b] daemon started
    daemon.go:283: [d354912a44f9b] exiting daemon
=== RUN   TestTemplatedSecret
--- PASS: TestTemplatedSecret (2.95s)
    daemon.go:296: [d02e4fe2c6a78] waiting for daemon to start
    daemon.go:328: [d02e4fe2c6a78] daemon started
    daemon.go:283: [d02e4fe2c6a78] exiting daemon
=== RUN   TestSecretCreateResolve
--- PASS: TestSecretCreateResolve (2.86s)
    daemon.go:296: [db3db809dc2c6] waiting for daemon to start
    daemon.go:328: [db3db809dc2c6] daemon started
    daemon.go:283: [db3db809dc2c6] exiting daemon
PASS
Running /go/src/github.com/docker/docker/integration/session
INFO: Testing against a local daemon
=== RUN   TestSessionCreate
--- SKIP: TestSessionCreate (0.00s)
    session_test.go:14: !testEnv.DaemonInfo.ExperimentalBuild
=== RUN   TestSessionCreateWithBadUpgrade
--- SKIP: TestSessionCreateWithBadUpgrade (0.00s)
    session_test.go:31: !testEnv.DaemonInfo.ExperimentalBuild
PASS
Running /go/src/github.com/docker/docker/integration/plugin
testing: warning: no tests to run
PASS
Running /go/src/github.com/docker/docker/integration/plugin/logging
INFO: Testing against a local daemon
=== RUN   TestContinueAfterPluginCrash
=== PAUSE TestContinueAfterPluginCrash
=== RUN   TestDaemonStartWithLogOpt
=== PAUSE TestDaemonStartWithLogOpt
=== CONT  TestContinueAfterPluginCrash
=== CONT  TestDaemonStartWithLogOpt
--- PASS: TestDaemonStartWithLogOpt (8.51s)
    daemon.go:296: [ddafd799988ba] waiting for daemon to start
    daemon.go:328: [ddafd799988ba] daemon started
    daemon.go:283: [ddafd799988ba] exiting daemon
    daemon.go:296: [ddafd799988ba] waiting for daemon to start
    daemon.go:328: [ddafd799988ba] daemon started
    daemon.go:283: [ddafd799988ba] exiting daemon
--- PASS: TestContinueAfterPluginCrash (13.80s)
    daemon.go:296: [d94ab01da0160] waiting for daemon to start
    daemon.go:328: [d94ab01da0160] daemon started
    daemon.go:283: [d94ab01da0160] exiting daemon
PASS
Running /go/src/github.com/docker/docker/integration/plugin/logging/cmd
testing: warning: no tests to run
PASS
Running /go/src/github.com/docker/docker/integration/plugin/logging/cmd/dummy
testing: warning: no tests to run
PASS
Running /go/src/github.com/docker/docker/integration/plugin/logging/cmd/close_on_start
testing: warning: no tests to run
PASS
Running /go/src/github.com/docker/docker/integration/plugin/authz
INFO: Testing against a local daemon
=== RUN   TestAuthZPluginAllowRequest
--- PASS: TestAuthZPluginAllowRequest (1.56s)
    daemon.go:296: [d786bc889c2f1] waiting for daemon to start
    daemon.go:328: [d786bc889c2f1] daemon started
    daemon.go:283: [d786bc889c2f1] exiting daemon
=== RUN   TestAuthZPluginTLS
--- PASS: TestAuthZPluginTLS (0.53s)
    daemon.go:296: [d9ae0392088d2] waiting for daemon to start
    daemon.go:328: [d9ae0392088d2] daemon started
    daemon.go:283: [d9ae0392088d2] exiting daemon
=== RUN   TestAuthZPluginDenyRequest
--- PASS: TestAuthZPluginDenyRequest (0.53s)
    daemon.go:296: [db7f52e49e1cb] waiting for daemon to start
    daemon.go:328: [db7f52e49e1cb] daemon started
    daemon.go:283: [db7f52e49e1cb] exiting daemon
=== RUN   TestAuthZPluginAPIDenyResponse
--- PASS: TestAuthZPluginAPIDenyResponse (0.53s)
    daemon.go:296: [d2d0a7a0acece] waiting for daemon to start
    daemon.go:328: [d2d0a7a0acece] daemon started
    daemon.go:283: [d2d0a7a0acece] exiting daemon
=== RUN   TestAuthZPluginDenyResponse
--- PASS: TestAuthZPluginDenyResponse (0.53s)
    daemon.go:296: [d6d4d59c03b1e] waiting for daemon to start
    daemon.go:328: [d6d4d59c03b1e] daemon started
    daemon.go:283: [d6d4d59c03b1e] exiting daemon
=== RUN   TestAuthZPluginAllowEventStream
--- PASS: TestAuthZPluginAllowEventStream (1.57s)
    daemon.go:296: [d32fe253d3ebb] waiting for daemon to start
    daemon.go:328: [d32fe253d3ebb] daemon started
    daemon.go:283: [d32fe253d3ebb] exiting daemon
=== RUN   TestAuthZPluginErrorResponse
--- PASS: TestAuthZPluginErrorResponse (0.53s)
    daemon.go:296: [dfd85863003c4] waiting for daemon to start
    daemon.go:328: [dfd85863003c4] daemon started
    daemon.go:283: [dfd85863003c4] exiting daemon
=== RUN   TestAuthZPluginErrorRequest
--- PASS: TestAuthZPluginErrorRequest (0.53s)
    daemon.go:296: [d1477480e507b] waiting for daemon to start
    daemon.go:328: [d1477480e507b] daemon started
    daemon.go:283: [d1477480e507b] exiting daemon
=== RUN   TestAuthZPluginEnsureNoDuplicatePluginRegistration
--- PASS: TestAuthZPluginEnsureNoDuplicatePluginRegistration (0.53s)
    daemon.go:296: [d122cf6238135] waiting for daemon to start
    daemon.go:328: [d122cf6238135] daemon started
    daemon.go:283: [d122cf6238135] exiting daemon
=== RUN   TestAuthZPluginEnsureLoadImportWorking
--- PASS: TestAuthZPluginEnsureLoadImportWorking (1.91s)
    daemon.go:296: [de750bb7eca4d] waiting for daemon to start
    daemon.go:328: [de750bb7eca4d] daemon started
    daemon.go:283: [de750bb7eca4d] exiting daemon
=== RUN   TestAuthzPluginEnsureContainerCopyToFrom
--- PASS: TestAuthzPluginEnsureContainerCopyToFrom (2.03s)
    daemon.go:296: [d9a97cbc5ed58] waiting for daemon to start
    daemon.go:328: [d9a97cbc5ed58] daemon started
    daemon.go:283: [d9a97cbc5ed58] exiting daemon
=== RUN   TestAuthZPluginHeader
--- PASS: TestAuthZPluginHeader (0.81s)
    daemon.go:296: [d8546beb9611e] waiting for daemon to start
    daemon.go:328: [d8546beb9611e] daemon started
    daemon.go:283: [d8546beb9611e] exiting daemon
=== RUN   TestAuthZPluginV2AllowNonVolumeRequest
--- SKIP: TestAuthZPluginV2AllowNonVolumeRequest (0.00s)
    authz_plugin_v2_test.go:43: os.Getenv("DOCKER_ENGINE_GOARCH") != "amd64"
=== RUN   TestAuthZPluginV2Disable
--- SKIP: TestAuthZPluginV2Disable (0.00s)
    authz_plugin_v2_test.go:67: os.Getenv("DOCKER_ENGINE_GOARCH") != "amd64"
=== RUN   TestAuthZPluginV2RejectVolumeRequests
--- SKIP: TestAuthZPluginV2RejectVolumeRequests (0.00s)
    authz_plugin_v2_test.go:94: os.Getenv("DOCKER_ENGINE_GOARCH") != "amd64"
=== RUN   TestAuthZPluginV2BadManifestFailsDaemonStart
--- SKIP: TestAuthZPluginV2BadManifestFailsDaemonStart (0.00s)
    authz_plugin_v2_test.go:130: os.Getenv("DOCKER_ENGINE_GOARCH") != "amd64"
=== RUN   TestAuthZPluginV2NonexistentFailsDaemonStart
--- PASS: TestAuthZPluginV2NonexistentFailsDaemonStart (16.53s)
    daemon.go:296: [ded03d64d9eb3] waiting for daemon to start
    daemon.go:328: [ded03d64d9eb3] daemon started
    daemon.go:283: [ded03d64d9eb3] exiting daemon
    daemon.go:296: [ded03d64d9eb3] waiting for daemon to start
    daemon.go:296: [ded03d64d9eb3] waiting for daemon to start
    daemon.go:296: [ded03d64d9eb3] waiting for daemon to start
    daemon.go:328: [ded03d64d9eb3] daemon started
    daemon.go:283: [ded03d64d9eb3] exiting daemon
PASS
Running /go/src/github.com/docker/docker/integration/plugin/graphdriver
INFO: Testing against a local daemon
=== RUN   TestExternalGraphDriver
=== RUN   TestExternalGraphDriver/json
=== RUN   TestExternalGraphDriver/spec
=== RUN   TestExternalGraphDriver/pull
--- PASS: TestExternalGraphDriver (6.50s)
    daemon.go:296: [da4d47183d524] waiting for daemon to start
    daemon.go:328: [da4d47183d524] daemon started
    daemon.go:283: [da4d47183d524] exiting daemon
    daemon.go:296: [da4d47183d524] waiting for daemon to start
    daemon.go:328: [da4d47183d524] daemon started
    daemon.go:283: [da4d47183d524] exiting daemon
    --- PASS: TestExternalGraphDriver/json (2.13s)
    daemon.go:296: [da4d47183d524] waiting for daemon to start
    daemon.go:328: [da4d47183d524] daemon started
    daemon.go:283: [da4d47183d524] exiting daemon
    daemon.go:296: [da4d47183d524] waiting for daemon to start
    daemon.go:328: [da4d47183d524] daemon started
    daemon.go:283: [da4d47183d524] exiting daemon
    --- PASS: TestExternalGraphDriver/spec (2.15s)
    daemon.go:296: [da4d47183d524] waiting for daemon to start
    daemon.go:328: [da4d47183d524] daemon started
    daemon.go:283: [da4d47183d524] exiting daemon
    --- PASS: TestExternalGraphDriver/pull (2.06s)
=== RUN   TestGraphdriverPluginV2
--- SKIP: TestGraphdriverPluginV2 (0.14s)
    external_test.go:410: os.Getenv("DOCKER_ENGINE_GOARCH") != "amd64"
PASS
Running /go/src/github.com/docker/docker/integration/plugin/common
INFO: Testing against a local daemon
=== RUN   TestPluginInvalidJSON
=== RUN   TestPluginInvalidJSON//plugins/foobar/set
=== PAUSE TestPluginInvalidJSON//plugins/foobar/set
=== CONT  TestPluginInvalidJSON//plugins/foobar/set
--- PASS: TestPluginInvalidJSON (0.01s)
    --- PASS: TestPluginInvalidJSON//plugins/foobar/set (0.00s)
PASS
Running /go/src/github.com/docker/docker/integration/plugin/volumes
INFO: Testing against a local daemon
=== RUN   TestPluginWithDevMounts
=== PAUSE TestPluginWithDevMounts
=== CONT  TestPluginWithDevMounts
--- PASS: TestPluginWithDevMounts (1.89s)
    daemon.go:296: [dad646540e3fd] waiting for daemon to start
    daemon.go:328: [dad646540e3fd] daemon started
    daemon.go:283: [dad646540e3fd] exiting daemon
PASS
Running /go/src/github.com/docker/docker/integration/plugin/volumes/cmd
testing: warning: no tests to run
PASS
Running /go/src/github.com/docker/docker/integration/plugin/volumes/cmd/dummy
testing: warning: no tests to run
PASS
Running /go/src/github.com/docker/docker/integration/container
INFO: Testing against a local daemon
=== RUN   TestContainerInvalidJSON
=== RUN   TestContainerInvalidJSON//containers/foobar/copy
=== PAUSE TestContainerInvalidJSON//containers/foobar/copy
=== RUN   TestContainerInvalidJSON//containers/foobar/exec
=== PAUSE TestContainerInvalidJSON//containers/foobar/exec
=== RUN   TestContainerInvalidJSON//exec/foobar/start
=== PAUSE TestContainerInvalidJSON//exec/foobar/start
=== CONT  TestContainerInvalidJSON//containers/foobar/copy
=== CONT  TestContainerInvalidJSON//exec/foobar/start
=== CONT  TestContainerInvalidJSON//containers/foobar/exec
--- PASS: TestContainerInvalidJSON (0.01s)
    --- PASS: TestContainerInvalidJSON//exec/foobar/start (0.00s)
    --- PASS: TestContainerInvalidJSON//containers/foobar/copy (0.00s)
    --- PASS: TestContainerInvalidJSON//containers/foobar/exec (0.00s)
=== RUN   TestCopyFromContainerPathDoesNotExist
--- PASS: TestCopyFromContainerPathDoesNotExist (0.06s)
=== RUN   TestCopyFromContainerPathIsNotDir
--- PASS: TestCopyFromContainerPathIsNotDir (0.05s)
=== RUN   TestCopyToContainerPathDoesNotExist
--- PASS: TestCopyToContainerPathDoesNotExist (0.06s)
=== RUN   TestCopyToContainerPathIsNotDir
--- PASS: TestCopyToContainerPathIsNotDir (0.06s)
=== RUN   TestCreateFailsWhenIdentifierDoesNotExist
=== RUN   TestCreateFailsWhenIdentifierDoesNotExist/image_and_tag
=== PAUSE TestCreateFailsWhenIdentifierDoesNotExist/image_and_tag
=== RUN   TestCreateFailsWhenIdentifierDoesNotExist/image_no_tag
=== PAUSE TestCreateFailsWhenIdentifierDoesNotExist/image_no_tag
=== RUN   TestCreateFailsWhenIdentifierDoesNotExist/digest
=== PAUSE TestCreateFailsWhenIdentifierDoesNotExist/digest
=== CONT  TestCreateFailsWhenIdentifierDoesNotExist/image_and_tag
=== CONT  TestCreateFailsWhenIdentifierDoesNotExist/digest
=== CONT  TestCreateFailsWhenIdentifierDoesNotExist/image_no_tag
--- PASS: TestCreateFailsWhenIdentifierDoesNotExist (0.00s)
    --- PASS: TestCreateFailsWhenIdentifierDoesNotExist/image_and_tag (0.00s)
    --- PASS: TestCreateFailsWhenIdentifierDoesNotExist/digest (0.00s)
    --- PASS: TestCreateFailsWhenIdentifierDoesNotExist/image_no_tag (0.00s)
=== RUN   TestCreateWithInvalidEnv
=== RUN   TestCreateWithInvalidEnv/0
=== PAUSE TestCreateWithInvalidEnv/0
=== RUN   TestCreateWithInvalidEnv/1
=== PAUSE TestCreateWithInvalidEnv/1
=== RUN   TestCreateWithInvalidEnv/2
=== PAUSE TestCreateWithInvalidEnv/2
=== CONT  TestCreateWithInvalidEnv/0
=== CONT  TestCreateWithInvalidEnv/2
=== CONT  TestCreateWithInvalidEnv/1
--- PASS: TestCreateWithInvalidEnv (0.00s)
    --- PASS: TestCreateWithInvalidEnv/0 (0.00s)
    --- PASS: TestCreateWithInvalidEnv/2 (0.00s)
    --- PASS: TestCreateWithInvalidEnv/1 (0.00s)
=== RUN   TestCreateTmpfsMountsTarget
--- PASS: TestCreateTmpfsMountsTarget (0.01s)
=== RUN   TestCreateWithCustomMaskedPaths
--- PASS: TestCreateWithCustomMaskedPaths (2.57s)
=== RUN   TestCreateWithCustomReadonlyPaths
--- PASS: TestCreateWithCustomReadonlyPaths (2.70s)
=== RUN   TestCreateWithInvalidHealthcheckParams
=== RUN   TestCreateWithInvalidHealthcheckParams/test_invalid_Interval_in_Healthcheck:_less_than_0s
=== PAUSE TestCreateWithInvalidHealthcheckParams/test_invalid_Interval_in_Healthcheck:_less_than_0s
=== RUN   TestCreateWithInvalidHealthcheckParams/test_invalid_Interval_in_Healthcheck:_larger_than_0s_but_less_than_1ms
=== PAUSE TestCreateWithInvalidHealthcheckParams/test_invalid_Interval_in_Healthcheck:_larger_than_0s_but_less_than_1ms
=== RUN   TestCreateWithInvalidHealthcheckParams/test_invalid_Timeout_in_Healthcheck:_less_than_1ms
=== PAUSE TestCreateWithInvalidHealthcheckParams/test_invalid_Timeout_in_Healthcheck:_less_than_1ms
=== RUN   TestCreateWithInvalidHealthcheckParams/test_invalid_Retries_in_Healthcheck:_less_than_0
=== PAUSE TestCreateWithInvalidHealthcheckParams/test_invalid_Retries_in_Healthcheck:_less_than_0
=== RUN   TestCreateWithInvalidHealthcheckParams/test_invalid_StartPeriod_in_Healthcheck:_not_0_and_less_than_1ms
=== PAUSE TestCreateWithInvalidHealthcheckParams/test_invalid_StartPeriod_in_Healthcheck:_not_0_and_less_than_1ms
=== CONT  TestCreateWithInvalidHealthcheckParams/test_invalid_Interval_in_Healthcheck:_less_than_0s
=== CONT  TestCreateWithInvalidHealthcheckParams/test_invalid_StartPeriod_in_Healthcheck:_not_0_and_less_than_1ms
=== CONT  TestCreateWithInvalidHealthcheckParams/test_invalid_Retries_in_Healthcheck:_less_than_0
=== CONT  TestCreateWithInvalidHealthcheckParams/test_invalid_Timeout_in_Healthcheck:_less_than_1ms
=== CONT  TestCreateWithInvalidHealthcheckParams/test_invalid_Interval_in_Healthcheck:_larger_than_0s_but_less_than_1ms
--- PASS: TestCreateWithInvalidHealthcheckParams (0.01s)
    --- PASS: TestCreateWithInvalidHealthcheckParams/test_invalid_Interval_in_Healthcheck:_less_than_0s (0.01s)
    --- PASS: TestCreateWithInvalidHealthcheckParams/test_invalid_StartPeriod_in_Healthcheck:_not_0_and_less_than_1ms (0.01s)
    --- PASS: TestCreateWithInvalidHealthcheckParams/test_invalid_Retries_in_Healthcheck:_less_than_0 (0.00s)
    --- PASS: TestCreateWithInvalidHealthcheckParams/test_invalid_Interval_in_Healthcheck:_larger_than_0s_but_less_than_1ms (0.00s)
    --- PASS: TestCreateWithInvalidHealthcheckParams/test_invalid_Timeout_in_Healthcheck:_less_than_1ms (0.00s)
=== RUN   TestContainerStartOnDaemonRestart
=== PAUSE TestContainerStartOnDaemonRestart
=== RUN   TestDiff
--- PASS: TestDiff (0.83s)
=== RUN   TestExecWithCloseStdin
--- PASS: TestExecWithCloseStdin (1.02s)
=== RUN   TestExec
--- PASS: TestExec (0.94s)
=== RUN   TestExportContainerAndImportImage
--- PASS: TestExportContainerAndImportImage (1.07s)
=== RUN   TestExportContainerAfterDaemonRestart
--- PASS: TestExportContainerAfterDaemonRestart (1.39s)
    daemon.go:296: [d683b8209d692] waiting for daemon to start
    daemon.go:328: [d683b8209d692] daemon started
    daemon.go:283: [d683b8209d692] exiting daemon
    daemon.go:296: [d683b8209d692] waiting for daemon to start
    daemon.go:328: [d683b8209d692] daemon started
    daemon.go:283: [d683b8209d692] exiting daemon
=== RUN   TestHealthCheckWorkdir
--- PASS: TestHealthCheckWorkdir (0.99s)
=== RUN   TestInspectCpusetInConfigPre120
--- PASS: TestInspectCpusetInConfigPre120 (0.90s)
=== RUN   TestIpcModeNone
--- PASS: TestIpcModeNone (0.96s)
=== RUN   TestIpcModePrivate
--- PASS: TestIpcModePrivate (1.00s)
    ipcmode_test.go:87: [testIpcPrivateShareable] ipcmode: private, ipcdev: 0:377, shared: false, mustBeShared: false
=== RUN   TestIpcModeShareable
--- PASS: TestIpcModeShareable (1.01s)
    ipcmode_test.go:87: [testIpcPrivateShareable] ipcmode: shareable, ipcdev: 0:371, shared: true, mustBeShared: true
=== RUN   TestAPIIpcModeShareableAndContainer
--- PASS: TestAPIIpcModeShareableAndContainer (2.75s)
=== RUN   TestAPIIpcModeHost
--- PASS: TestAPIIpcModeHost (0.77s)
=== RUN   TestDaemonIpcModeShareable
--- PASS: TestDaemonIpcModeShareable (1.73s)
    daemon.go:296: [dc720e0b39d6b] waiting for daemon to start
    daemon.go:328: [dc720e0b39d6b] daemon started
    ipcmode_test.go:255: [testDaemonIpcPrivateShareable] ipcdev: 0:378, shared: true, mustBeShared: true
    daemon.go:283: [dc720e0b39d6b] exiting daemon
=== RUN   TestDaemonIpcModePrivate
--- PASS: TestDaemonIpcModePrivate (1.67s)
    daemon.go:296: [de48775549d76] waiting for daemon to start
    daemon.go:328: [de48775549d76] daemon started
    ipcmode_test.go:255: [testDaemonIpcPrivateShareable] ipcdev: 0:384, shared: false, mustBeShared: false
    daemon.go:283: [de48775549d76] exiting daemon
=== RUN   TestDaemonIpcModePrivateFromConfig
--- PASS: TestDaemonIpcModePrivateFromConfig (1.63s)
    daemon.go:296: [d5eb2f3e06fb8] waiting for daemon to start
    daemon.go:328: [d5eb2f3e06fb8] daemon started
    ipcmode_test.go:255: [testDaemonIpcPrivateShareable] ipcdev: 0:384, shared: false, mustBeShared: false
    daemon.go:283: [d5eb2f3e06fb8] exiting daemon
=== RUN   TestDaemonIpcModeShareableFromConfig
--- PASS: TestDaemonIpcModeShareableFromConfig (1.69s)
    daemon.go:296: [ddebbe4e8f865] waiting for daemon to start
    daemon.go:328: [ddebbe4e8f865] daemon started
    ipcmode_test.go:255: [testDaemonIpcPrivateShareable] ipcdev: 0:378, shared: true, mustBeShared: true
    daemon.go:283: [ddebbe4e8f865] exiting daemon
=== RUN   TestKillContainerInvalidSignal
--- PASS: TestKillContainerInvalidSignal (0.86s)
=== RUN   TestKillContainer
=== RUN   TestKillContainer/no_signal
=== RUN   TestKillContainer/non_killing_signal
=== RUN   TestKillContainer/killing_signal
--- PASS: TestKillContainer (2.50s)
    --- PASS: TestKillContainer/no_signal (0.83s)
    --- PASS: TestKillContainer/non_killing_signal (0.55s)
    --- PASS: TestKillContainer/killing_signal (0.76s)
=== RUN   TestKillWithStopSignalAndRestartPolicies
=== RUN   TestKillWithStopSignalAndRestartPolicies/same-signal-disables-restart-policy
=== RUN   TestKillWithStopSignalAndRestartPolicies/different-signal-keep-restart-policy
--- PASS: TestKillWithStopSignalAndRestartPolicies (1.79s)
    --- PASS: TestKillWithStopSignalAndRestartPolicies/same-signal-disables-restart-policy (0.89s)
    --- PASS: TestKillWithStopSignalAndRestartPolicies/different-signal-keep-restart-policy (0.55s)
=== RUN   TestKillStoppedContainer
--- PASS: TestKillStoppedContainer (0.05s)
=== RUN   TestKillStoppedContainerAPIPre120
--- PASS: TestKillStoppedContainerAPIPre120 (0.05s)
=== RUN   TestKillDifferentUserContainer
--- PASS: TestKillDifferentUserContainer (0.80s)
=== RUN   TestInspectOomKilledTrue
--- SKIP: TestInspectOomKilledTrue (0.00s)
    kill_test.go:153: testEnv.DaemonInfo.OSType == "windows" || !testEnv.DaemonInfo.MemoryLimit || !testEnv.DaemonInfo.SwapLimit
=== RUN   TestInspectOomKilledFalse
--- SKIP: TestInspectOomKilledFalse (0.00s)
    kill_test.go:171: testEnv.DaemonInfo.OSType == "windows" || !testEnv.DaemonInfo.MemoryLimit || !testEnv.DaemonInfo.SwapLimit
=== RUN   TestLinksEtcHostsContentMatch
--- PASS: TestLinksEtcHostsContentMatch (0.58s)
=== RUN   TestLinksContainerNames
--- PASS: TestLinksContainerNames (1.55s)
=== RUN   TestLogsFollowTailEmpty
--- PASS: TestLogsFollowTailEmpty (0.87s)
=== RUN   TestContainerNetworkMountsNoChown
--- PASS: TestContainerNetworkMountsNoChown (0.91s)
=== RUN   TestMountDaemonRoot
=== RUN   TestMountDaemonRoot/default
=== PAUSE TestMountDaemonRoot/default
=== RUN   TestMountDaemonRoot/private
=== PAUSE TestMountDaemonRoot/private
=== RUN   TestMountDaemonRoot/rprivate
=== PAUSE TestMountDaemonRoot/rprivate
=== RUN   TestMountDaemonRoot/slave
=== PAUSE TestMountDaemonRoot/slave
=== RUN   TestMountDaemonRoot/rslave
=== PAUSE TestMountDaemonRoot/rslave
=== RUN   TestMountDaemonRoot/shared
=== PAUSE TestMountDaemonRoot/shared
=== RUN   TestMountDaemonRoot/rshared
=== PAUSE TestMountDaemonRoot/rshared
=== CONT  TestMountDaemonRoot/default
=== RUN   TestMountDaemonRoot/default/bind_root
=== PAUSE TestMountDaemonRoot/default/bind_root
=== RUN   TestMountDaemonRoot/default/bind_subpath
=== PAUSE TestMountDaemonRoot/default/bind_subpath
=== RUN   TestMountDaemonRoot/default/mount_root
=== PAUSE TestMountDaemonRoot/default/mount_root
=== RUN   TestMountDaemonRoot/default/mount_subpath
=== PAUSE TestMountDaemonRoot/default/mount_subpath
=== CONT  TestMountDaemonRoot/default/bind_root
=== CONT  TestMountDaemonRoot/rshared
=== RUN   TestMountDaemonRoot/rshared/bind_subpath
=== PAUSE TestMountDaemonRoot/rshared/bind_subpath
=== RUN   TestMountDaemonRoot/rshared/mount_root
=== PAUSE TestMountDaemonRoot/rshared/mount_root
=== RUN   TestMountDaemonRoot/rshared/mount_subpath
=== PAUSE TestMountDaemonRoot/rshared/mount_subpath
=== RUN   TestMountDaemonRoot/rshared/bind_root
=== PAUSE TestMountDaemonRoot/rshared/bind_root
=== CONT  TestMountDaemonRoot/rshared/bind_subpath
=== CONT  TestMountDaemonRoot/shared
=== RUN   TestMountDaemonRoot/shared/bind_root
=== PAUSE TestMountDaemonRoot/shared/bind_root
=== RUN   TestMountDaemonRoot/shared/bind_subpath
=== PAUSE TestMountDaemonRoot/shared/bind_subpath
=== RUN   TestMountDaemonRoot/shared/mount_root
=== PAUSE TestMountDaemonRoot/shared/mount_root
=== RUN   TestMountDaemonRoot/shared/mount_subpath
=== PAUSE TestMountDaemonRoot/shared/mount_subpath
=== CONT  TestMountDaemonRoot/rslave
=== RUN   TestMountDaemonRoot/rslave/bind_subpath
=== PAUSE TestMountDaemonRoot/rslave/bind_subpath
=== RUN   TestMountDaemonRoot/rslave/mount_root
=== PAUSE TestMountDaemonRoot/rslave/mount_root
=== RUN   TestMountDaemonRoot/rslave/mount_subpath
=== PAUSE TestMountDaemonRoot/rslave/mount_subpath
=== RUN   TestMountDaemonRoot/rslave/bind_root
=== PAUSE TestMountDaemonRoot/rslave/bind_root
=== CONT  TestMountDaemonRoot/slave
=== RUN   TestMountDaemonRoot/slave/bind_root
=== PAUSE TestMountDaemonRoot/slave/bind_root
=== RUN   TestMountDaemonRoot/slave/bind_subpath
=== PAUSE TestMountDaemonRoot/slave/bind_subpath
=== RUN   TestMountDaemonRoot/slave/mount_root
=== PAUSE TestMountDaemonRoot/slave/mount_root
=== RUN   TestMountDaemonRoot/slave/mount_subpath
=== PAUSE TestMountDaemonRoot/slave/mount_subpath
=== CONT  TestMountDaemonRoot/rprivate
=== RUN   TestMountDaemonRoot/rprivate/bind_subpath
=== PAUSE TestMountDaemonRoot/rprivate/bind_subpath
=== RUN   TestMountDaemonRoot/rprivate/mount_root
=== PAUSE TestMountDaemonRoot/rprivate/mount_root
=== RUN   TestMountDaemonRoot/rprivate/mount_subpath
=== PAUSE TestMountDaemonRoot/rprivate/mount_subpath
=== RUN   TestMountDaemonRoot/rprivate/bind_root
=== PAUSE TestMountDaemonRoot/rprivate/bind_root
=== CONT  TestMountDaemonRoot/private
=== RUN   TestMountDaemonRoot/private/bind_root
=== PAUSE TestMountDaemonRoot/private/bind_root
=== RUN   TestMountDaemonRoot/private/bind_subpath
=== PAUSE TestMountDaemonRoot/private/bind_subpath
=== RUN   TestMountDaemonRoot/private/mount_root
=== PAUSE TestMountDaemonRoot/private/mount_root
=== RUN   TestMountDaemonRoot/private/mount_subpath
=== PAUSE TestMountDaemonRoot/private/mount_subpath
=== CONT  TestMountDaemonRoot/default/mount_subpath
=== CONT  TestMountDaemonRoot/default/mount_root
=== CONT  TestMountDaemonRoot/default/bind_subpath
=== CONT  TestMountDaemonRoot/rshared/bind_root
=== CONT  TestMountDaemonRoot/rshared/mount_subpath
=== CONT  TestMountDaemonRoot/rshared/mount_root
=== CONT  TestMountDaemonRoot/shared/bind_root
=== CONT  TestMountDaemonRoot/rslave/bind_subpath
=== CONT  TestMountDaemonRoot/shared/mount_subpath
=== CONT  TestMountDaemonRoot/shared/mount_root
=== CONT  TestMountDaemonRoot/shared/bind_subpath
=== CONT  TestMountDaemonRoot/slave/bind_root
=== CONT  TestMountDaemonRoot/rslave/bind_root
=== CONT  TestMountDaemonRoot/rslave/mount_subpath
=== CONT  TestMountDaemonRoot/rslave/mount_root
=== CONT  TestMountDaemonRoot/slave/mount_root
=== CONT  TestMountDaemonRoot/slave/mount_subpath
=== CONT  TestMountDaemonRoot/slave/bind_subpath
=== CONT  TestMountDaemonRoot/rprivate/bind_subpath
=== CONT  TestMountDaemonRoot/rprivate/mount_subpath
=== CONT  TestMountDaemonRoot/rprivate/bind_root
=== CONT  TestMountDaemonRoot/rprivate/mount_root
=== CONT  TestMountDaemonRoot/private/bind_root
=== CONT  TestMountDaemonRoot/private/mount_root
=== CONT  TestMountDaemonRoot/private/mount_subpath
=== CONT  TestMountDaemonRoot/private/bind_subpath
--- PASS: TestMountDaemonRoot (0.02s)
    --- PASS: TestMountDaemonRoot/default (0.00s)
        --- PASS: TestMountDaemonRoot/default/bind_root (0.07s)
        --- PASS: TestMountDaemonRoot/default/mount_subpath (0.06s)
        --- PASS: TestMountDaemonRoot/default/bind_subpath (0.08s)
        --- PASS: TestMountDaemonRoot/default/mount_root (0.14s)
    --- PASS: TestMountDaemonRoot/rshared (0.00s)
        --- PASS: TestMountDaemonRoot/rshared/bind_subpath (0.12s)
        --- PASS: TestMountDaemonRoot/rshared/bind_root (0.06s)
        --- PASS: TestMountDaemonRoot/rshared/mount_subpath (0.09s)
        --- PASS: TestMountDaemonRoot/rshared/mount_root (0.13s)
    --- PASS: TestMountDaemonRoot/shared (0.00s)
        --- PASS: TestMountDaemonRoot/shared/bind_root (0.07s)
        --- PASS: TestMountDaemonRoot/shared/mount_subpath (0.08s)
        --- PASS: TestMountDaemonRoot/shared/mount_root (0.08s)
        --- PASS: TestMountDaemonRoot/shared/bind_subpath (0.08s)
    --- PASS: TestMountDaemonRoot/rslave (0.00s)
        --- PASS: TestMountDaemonRoot/rslave/bind_subpath (0.09s)
        --- PASS: TestMountDaemonRoot/rslave/bind_root (0.09s)
        --- PASS: TestMountDaemonRoot/rslave/mount_subpath (0.09s)
        --- PASS: TestMountDaemonRoot/rslave/mount_root (0.10s)
    --- PASS: TestMountDaemonRoot/slave (0.00s)
        --- PASS: TestMountDaemonRoot/slave/bind_root (0.09s)
        --- PASS: TestMountDaemonRoot/slave/mount_root (0.09s)
        --- PASS: TestMountDaemonRoot/slave/mount_subpath (0.07s)
        --- PASS: TestMountDaemonRoot/slave/bind_subpath (0.08s)
    --- PASS: TestMountDaemonRoot/rprivate (0.00s)
        --- PASS: TestMountDaemonRoot/rprivate/bind_subpath (0.07s)
        --- PASS: TestMountDaemonRoot/rprivate/mount_subpath (0.08s)
        --- PASS: TestMountDaemonRoot/rprivate/bind_root (0.10s)
        --- PASS: TestMountDaemonRoot/rprivate/mount_root (0.08s)
    --- PASS: TestMountDaemonRoot/private (0.00s)
        --- PASS: TestMountDaemonRoot/private/bind_root (0.06s)
        --- PASS: TestMountDaemonRoot/private/mount_root (0.08s)
        --- PASS: TestMountDaemonRoot/private/mount_subpath (0.08s)
        --- PASS: TestMountDaemonRoot/private/bind_subpath (0.05s)
=== RUN   TestContainerBindMountNonRecursive
--- PASS: TestContainerBindMountNonRecursive (1.88s)
=== RUN   TestNetworkNat
--- PASS: TestNetworkNat (0.86s)
=== RUN   TestNetworkLocalhostTCPNat
--- PASS: TestNetworkLocalhostTCPNat (0.90s)
=== RUN   TestNetworkLoopbackNat
--- PASS: TestNetworkLoopbackNat (1.23s)
=== RUN   TestPause
--- PASS: TestPause (0.98s)
=== RUN   TestPauseFailsOnWindowsServerContainers
--- SKIP: TestPauseFailsOnWindowsServerContainers (0.00s)
    pause_test.go:54: testEnv.DaemonInfo.OSType != "windows" || testEnv.DaemonInfo.Isolation != "process"
=== RUN   TestPauseStopPausedContainer
--- PASS: TestPauseStopPausedContainer (0.88s)
=== RUN   TestPsFilter
--- PASS: TestPsFilter (0.16s)
=== RUN   TestRemoveContainerWithRemovedVolume
--- PASS: TestRemoveContainerWithRemovedVolume (0.73s)
=== RUN   TestRemoveContainerWithVolume
--- PASS: TestRemoveContainerWithVolume (0.86s)
=== RUN   TestRemoveContainerRunning
--- PASS: TestRemoveContainerRunning (0.91s)
=== RUN   TestRemoveContainerForceRemoveRunning
--- PASS: TestRemoveContainerForceRemoveRunning (0.89s)
=== RUN   TestRemoveInvalidContainer
--- PASS: TestRemoveInvalidContainer (0.01s)
=== RUN   TestRenameLinkedContainer
--- PASS: TestRenameLinkedContainer (3.37s)
=== RUN   TestRenameStoppedContainer
--- PASS: TestRenameStoppedContainer (0.92s)
=== RUN   TestRenameRunningContainerAndReuse
--- PASS: TestRenameRunningContainerAndReuse (1.64s)
=== RUN   TestRenameInvalidName
--- PASS: TestRenameInvalidName (0.88s)
=== RUN   TestRenameAnonymousContainer
--- PASS: TestRenameAnonymousContainer (2.99s)
=== RUN   TestRenameContainerWithSameName
--- PASS: TestRenameContainerWithSameName (0.79s)
=== RUN   TestRenameContainerWithLinkedContainer
--- PASS: TestRenameContainerWithLinkedContainer (1.68s)
=== RUN   TestResize
--- PASS: TestResize (0.91s)
=== RUN   TestResizeWithInvalidSize
--- PASS: TestResizeWithInvalidSize (0.94s)
=== RUN   TestResizeWhenContainerNotStarted
--- PASS: TestResizeWhenContainerNotStarted (0.89s)
=== RUN   TestDaemonRestartKillContainers
=== RUN   TestDaemonRestartKillContainers/live-restore=false/container_without_restart_policy/kill-daemon
=== PAUSE TestDaemonRestartKillContainers/live-restore=false/container_without_restart_policy/kill-daemon
=== RUN   TestDaemonRestartKillContainers/live-restore=false/container_without_restart_policy/stop-daemon
=== PAUSE TestDaemonRestartKillContainers/live-restore=false/container_without_restart_policy/stop-daemon
=== RUN   TestDaemonRestartKillContainers/live-restore=true/container_without_restart_policy/stop-daemon
=== PAUSE TestDaemonRestartKillContainers/live-restore=true/container_without_restart_policy/stop-daemon
=== RUN   TestDaemonRestartKillContainers/live-restore=true/container_without_restart_policy/kill-daemon
=== PAUSE TestDaemonRestartKillContainers/live-restore=true/container_without_restart_policy/kill-daemon
=== RUN   TestDaemonRestartKillContainers/live-restore=false/container_with_restart=always/kill-daemon
=== PAUSE TestDaemonRestartKillContainers/live-restore=false/container_with_restart=always/kill-daemon
=== RUN   TestDaemonRestartKillContainers/live-restore=false/container_with_restart=always/stop-daemon
=== PAUSE TestDaemonRestartKillContainers/live-restore=false/container_with_restart=always/stop-daemon
=== RUN   TestDaemonRestartKillContainers/live-restore=true/container_with_restart=always/kill-daemon
=== PAUSE TestDaemonRestartKillContainers/live-restore=true/container_with_restart=always/kill-daemon
=== RUN   TestDaemonRestartKillContainers/live-restore=true/container_with_restart=always/stop-daemon
=== PAUSE TestDaemonRestartKillContainers/live-restore=true/container_with_restart=always/stop-daemon
=== RUN   TestDaemonRestartKillContainers/live-restore=false/container_created_should_not_be_restarted/kill-daemon
=== PAUSE TestDaemonRestartKillContainers/live-restore=false/container_created_should_not_be_restarted/kill-daemon
=== RUN   TestDaemonRestartKillContainers/live-restore=false/container_created_should_not_be_restarted/stop-daemon
=== PAUSE TestDaemonRestartKillContainers/live-restore=false/container_created_should_not_be_restarted/stop-daemon
=== RUN   TestDaemonRestartKillContainers/live-restore=true/container_created_should_not_be_restarted/kill-daemon
=== PAUSE TestDaemonRestartKillContainers/live-restore=true/container_created_should_not_be_restarted/kill-daemon
=== RUN   TestDaemonRestartKillContainers/live-restore=true/container_created_should_not_be_restarted/stop-daemon
=== PAUSE TestDaemonRestartKillContainers/live-restore=true/container_created_should_not_be_restarted/stop-daemon
=== CONT  TestDaemonRestartKillContainers/live-restore=false/container_without_restart_policy/kill-daemon
=== CONT  TestDaemonRestartKillContainers/live-restore=true/container_with_restart=always/kill-daemon
=== CONT  TestDaemonRestartKillContainers/live-restore=false/container_with_restart=always/stop-daemon
=== CONT  TestDaemonRestartKillContainers/live-restore=false/container_with_restart=always/kill-daemon
=== CONT  TestDaemonRestartKillContainers/live-restore=true/container_without_restart_policy/kill-daemon
=== CONT  TestDaemonRestartKillContainers/live-restore=true/container_without_restart_policy/stop-daemon
=== CONT  TestDaemonRestartKillContainers/live-restore=false/container_without_restart_policy/stop-daemon
=== CONT  TestDaemonRestartKillContainers/live-restore=false/container_created_should_not_be_restarted/stop-daemon
=== CONT  TestDaemonRestartKillContainers/live-restore=true/container_created_should_not_be_restarted/stop-daemon
=== CONT  TestDaemonRestartKillContainers/live-restore=true/container_created_should_not_be_restarted/kill-daemon
=== CONT  TestDaemonRestartKillContainers/live-restore=false/container_created_should_not_be_restarted/kill-daemon
=== CONT  TestDaemonRestartKillContainers/live-restore=true/container_with_restart=always/stop-daemon
--- PASS: TestDaemonRestartKillContainers (0.01s)
    --- PASS: TestDaemonRestartKillContainers/live-restore=false/container_without_restart_policy/kill-daemon (1.79s)
        daemon.go:296: [d054b009df8b3] waiting for daemon to start
        daemon.go:328: [d054b009df8b3] daemon started
        daemon.go:296: [d054b009df8b3] waiting for daemon to start
        daemon.go:328: [d054b009df8b3] daemon started
        daemon.go:283: [d054b009df8b3] exiting daemon
    --- PASS: TestDaemonRestartKillContainers/live-restore=true/container_with_restart=always/kill-daemon (3.13s)
        daemon.go:296: [d9ef4e853a21c] waiting for daemon to start
        daemon.go:328: [d9ef4e853a21c] daemon started
        daemon.go:296: [d9ef4e853a21c] waiting for daemon to start
        daemon.go:328: [d9ef4e853a21c] daemon started
        daemon.go:283: [d9ef4e853a21c] exiting daemon
    --- PASS: TestDaemonRestartKillContainers/live-restore=false/container_with_restart=always/stop-daemon (2.71s)
        daemon.go:296: [d8a5489ade283] waiting for daemon to start
        daemon.go:328: [d8a5489ade283] daemon started
        daemon.go:283: [d8a5489ade283] exiting daemon
        daemon.go:296: [d8a5489ade283] waiting for daemon to start
        daemon.go:328: [d8a5489ade283] daemon started
        daemon.go:283: [d8a5489ade283] exiting daemon
    --- PASS: TestDaemonRestartKillContainers/live-restore=false/container_with_restart=always/kill-daemon (2.72s)
        daemon.go:296: [d3cadc4bb44e9] waiting for daemon to start
        daemon.go:328: [d3cadc4bb44e9] daemon started
        daemon.go:296: [d3cadc4bb44e9] waiting for daemon to start
        daemon.go:328: [d3cadc4bb44e9] daemon started
        daemon.go:283: [d3cadc4bb44e9] exiting daemon
    --- PASS: TestDaemonRestartKillContainers/live-restore=true/container_without_restart_policy/kill-daemon (2.16s)
        daemon.go:296: [dc8dd2064a58e] waiting for daemon to start
        daemon.go:328: [dc8dd2064a58e] daemon started
        daemon.go:296: [dc8dd2064a58e] waiting for daemon to start
        daemon.go:328: [dc8dd2064a58e] daemon started
        daemon.go:283: [dc8dd2064a58e] exiting daemon
    --- PASS: TestDaemonRestartKillContainers/live-restore=true/container_without_restart_policy/stop-daemon (2.21s)
        daemon.go:296: [d93331f145443] waiting for daemon to start
        daemon.go:328: [d93331f145443] daemon started
        daemon.go:283: [d93331f145443] exiting daemon
        daemon.go:296: [d93331f145443] waiting for daemon to start
        daemon.go:328: [d93331f145443] daemon started
        daemon.go:283: [d93331f145443] exiting daemon
    --- PASS: TestDaemonRestartKillContainers/live-restore=false/container_without_restart_policy/stop-daemon (2.29s)
        daemon.go:296: [d6fa55d827445] waiting for daemon to start
        daemon.go:328: [d6fa55d827445] daemon started
        daemon.go:283: [d6fa55d827445] exiting daemon
        daemon.go:296: [d6fa55d827445] waiting for daemon to start
        daemon.go:328: [d6fa55d827445] daemon started
        daemon.go:283: [d6fa55d827445] exiting daemon
    --- PASS: TestDaemonRestartKillContainers/live-restore=false/container_created_should_not_be_restarted/stop-daemon (1.38s)
        daemon.go:296: [d170c0d6ccba3] waiting for daemon to start
        daemon.go:328: [d170c0d6ccba3] daemon started
        daemon.go:283: [d170c0d6ccba3] exiting daemon
        daemon.go:296: [d170c0d6ccba3] waiting for daemon to start
        daemon.go:328: [d170c0d6ccba3] daemon started
        daemon.go:283: [d170c0d6ccba3] exiting daemon
    --- PASS: TestDaemonRestartKillContainers/live-restore=true/container_created_should_not_be_restarted/stop-daemon (1.39s)
        daemon.go:296: [dcf8850711042] waiting for daemon to start
        daemon.go:328: [dcf8850711042] daemon started
        daemon.go:283: [dcf8850711042] exiting daemon
        daemon.go:296: [dcf8850711042] waiting for daemon to start
        daemon.go:328: [dcf8850711042] daemon started
        daemon.go:283: [dcf8850711042] exiting daemon
    --- PASS: TestDaemonRestartKillContainers/live-restore=true/container_created_should_not_be_restarted/kill-daemon (1.40s)
        daemon.go:296: [d57cb47a07117] waiting for daemon to start
        daemon.go:328: [d57cb47a07117] daemon started
        daemon.go:296: [d57cb47a07117] waiting for daemon to start
        daemon.go:328: [d57cb47a07117] daemon started
        daemon.go:283: [d57cb47a07117] exiting daemon
    --- PASS: TestDaemonRestartKillContainers/live-restore=false/container_created_should_not_be_restarted/kill-daemon (1.43s)
        daemon.go:296: [dba959791b854] waiting for daemon to start
        daemon.go:328: [dba959791b854] daemon started
        daemon.go:296: [dba959791b854] waiting for daemon to start
        daemon.go:328: [dba959791b854] daemon started
        daemon.go:283: [dba959791b854] exiting daemon
    --- PASS: TestDaemonRestartKillContainers/live-restore=true/container_with_restart=always/stop-daemon (2.12s)
        daemon.go:296: [d958101fc7992] waiting for daemon to start
        daemon.go:328: [d958101fc7992] daemon started
        daemon.go:283: [d958101fc7992] exiting daemon
        daemon.go:296: [d958101fc7992] waiting for daemon to start
        daemon.go:328: [d958101fc7992] daemon started
        daemon.go:283: [d958101fc7992] exiting daemon
=== RUN   TestKernelTCPMemory
--- PASS: TestKernelTCPMemory (1.01s)
=== RUN   TestNISDomainname
--- PASS: TestNISDomainname (1.07s)
=== RUN   TestStats
--- PASS: TestStats (2.45s)
=== RUN   TestStopContainerWithTimeout
=== RUN   TestStopContainerWithTimeout/0
=== PAUSE TestStopContainerWithTimeout/0
=== RUN   TestStopContainerWithTimeout/1
=== PAUSE TestStopContainerWithTimeout/1
=== RUN   TestStopContainerWithTimeout/3
=== PAUSE TestStopContainerWithTimeout/3
=== RUN   TestStopContainerWithTimeout/-1
=== PAUSE TestStopContainerWithTimeout/-1
=== CONT  TestStopContainerWithTimeout/0
=== CONT  TestStopContainerWithTimeout/-1
=== CONT  TestStopContainerWithTimeout/3
=== CONT  TestStopContainerWithTimeout/1
--- PASS: TestStopContainerWithTimeout (0.01s)
    --- PASS: TestStopContainerWithTimeout/0 (1.02s)
    --- PASS: TestStopContainerWithTimeout/-1 (2.87s)
    --- PASS: TestStopContainerWithTimeout/3 (2.90s)
    --- PASS: TestStopContainerWithTimeout/1 (1.90s)
=== RUN   TestDeleteDevicemapper
--- SKIP: TestDeleteDevicemapper (0.00s)
    stop_linux_test.go:74: testEnv.DaemonInfo.Driver != "devicemapper"
=== RUN   TestStopContainerWithRestartPolicyAlways
--- PASS: TestStopContainerWithRestartPolicyAlways (3.23s)
=== RUN   TestUpdateMemory
--- SKIP: TestUpdateMemory (0.00s)
    update_linux_test.go:21: !testEnv.DaemonInfo.SwapLimit
=== RUN   TestUpdateCPUQuota
--- PASS: TestUpdateCPUQuota (1.15s)
=== RUN   TestUpdateRestartPolicy
--- PASS: TestUpdateRestartPolicy (12.79s)
=== RUN   TestUpdateRestartWithAutoRemove
--- PASS: TestUpdateRestartWithAutoRemove (0.88s)
=== RUN   TestWaitNonBlocked
=== RUN   TestWaitNonBlocked/wait-nonblocking-exit-0
=== PAUSE TestWaitNonBlocked/wait-nonblocking-exit-0
=== RUN   TestWaitNonBlocked/wait-nonblocking-exit-random
=== PAUSE TestWaitNonBlocked/wait-nonblocking-exit-random
=== CONT  TestWaitNonBlocked/wait-nonblocking-exit-0
=== CONT  TestWaitNonBlocked/wait-nonblocking-exit-random
--- PASS: TestWaitNonBlocked (0.01s)
    --- PASS: TestWaitNonBlocked/wait-nonblocking-exit-random (0.99s)
    --- PASS: TestWaitNonBlocked/wait-nonblocking-exit-0 (1.08s)
=== RUN   TestWaitBlocked
=== RUN   TestWaitBlocked/test-wait-blocked-exit-zero
=== PAUSE TestWaitBlocked/test-wait-blocked-exit-zero
=== RUN   TestWaitBlocked/test-wait-blocked-exit-random
=== PAUSE TestWaitBlocked/test-wait-blocked-exit-random
=== CONT  TestWaitBlocked/test-wait-blocked-exit-zero
=== CONT  TestWaitBlocked/test-wait-blocked-exit-random
--- PASS: TestWaitBlocked (0.02s)
    --- PASS: TestWaitBlocked/test-wait-blocked-exit-zero (0.88s)
    --- PASS: TestWaitBlocked/test-wait-blocked-exit-random (0.98s)
=== CONT  TestContainerStartOnDaemonRestart
--- PASS: TestContainerStartOnDaemonRestart (2.77s)
    daemon.go:296: [d0ce50709bb61] waiting for daemon to start
    daemon.go:328: [d0ce50709bb61] daemon started
    daemon.go:296: [d0ce50709bb61] waiting for daemon to start
    daemon.go:328: [d0ce50709bb61] daemon started
    daemon.go:283: [d0ce50709bb61] exiting daemon
PASS
Running /go/src/github.com/docker/docker/integration/system
INFO: Testing against a local daemon
=== RUN   TestCgroupDriverSystemdMemoryLimit
=== PAUSE TestCgroupDriverSystemdMemoryLimit
=== RUN   TestEventsExecDie
--- PASS: TestEventsExecDie (1.00s)
=== RUN   TestEventsBackwardsCompatible
--- PASS: TestEventsBackwardsCompatible (0.06s)
=== RUN   TestInfoBinaryCommits
--- PASS: TestInfoBinaryCommits (0.02s)
=== RUN   TestInfoAPIVersioned
--- PASS: TestInfoAPIVersioned (0.02s)
=== RUN   TestInfoAPI
--- PASS: TestInfoAPI (0.02s)
=== RUN   TestInfoAPIWarnings
--- PASS: TestInfoAPIWarnings (0.80s)
    daemon.go:296: [de35d79bdaee8] waiting for daemon to start
    daemon.go:328: [de35d79bdaee8] daemon started
    daemon.go:283: [de35d79bdaee8] exiting daemon
=== RUN   TestLoginFailsWithBadCredentials
--- PASS: TestLoginFailsWithBadCredentials (0.41s)
=== RUN   TestVersion
--- PASS: TestVersion (0.01s)
=== CONT  TestCgroupDriverSystemdMemoryLimit
--- SKIP: TestCgroupDriverSystemdMemoryLimit (0.00s)
    cgroupdriver_systemd_test.go:35: systemd not available
PASS
Running /go/src/github.com/docker/docker/integration/volume
INFO: Testing against a local daemon
=== RUN   TestVolumesCreateAndList
--- PASS: TestVolumesCreateAndList (0.03s)
=== RUN   TestVolumesRemove
--- PASS: TestVolumesRemove (0.08s)
=== RUN   TestVolumesInspect
--- PASS: TestVolumesInspect (0.02s)
=== RUN   TestVolumesInvalidJSON
=== RUN   TestVolumesInvalidJSON//volumes/create
=== PAUSE TestVolumesInvalidJSON//volumes/create
=== CONT  TestVolumesInvalidJSON//volumes/create
--- PASS: TestVolumesInvalidJSON (0.01s)
    --- PASS: TestVolumesInvalidJSON//volumes/create (0.00s)
PASS
Running /go/src/github.com/docker/docker/integration/build
INFO: Testing against a local daemon
=== RUN   TestBuildWithSession
--- PASS: TestBuildWithSession (4.70s)
    daemon.go:296: [d5202676da505] waiting for daemon to start
    daemon.go:328: [d5202676da505] daemon started
    daemon.go:283: [d5202676da505] exiting daemon
=== RUN   TestBuildSquashParent
--- SKIP: TestBuildSquashParent (0.00s)
    build_squash_test.go:23: !testEnv.DaemonInfo.ExperimentalBuild
=== RUN   TestBuildWithRemoveAndForceRemove
=== RUN   TestBuildWithRemoveAndForceRemove/successful_build_with_no_removal
=== PAUSE TestBuildWithRemoveAndForceRemove/successful_build_with_no_removal
=== RUN   TestBuildWithRemoveAndForceRemove/successful_build_with_remove
=== PAUSE TestBuildWithRemoveAndForceRemove/successful_build_with_remove
=== RUN   TestBuildWithRemoveAndForceRemove/successful_build_with_remove_and_force_remove
=== PAUSE TestBuildWithRemoveAndForceRemove/successful_build_with_remove_and_force_remove
=== RUN   TestBuildWithRemoveAndForceRemove/failed_build_with_no_removal
=== PAUSE TestBuildWithRemoveAndForceRemove/failed_build_with_no_removal
=== RUN   TestBuildWithRemoveAndForceRemove/failed_build_with_remove
=== PAUSE TestBuildWithRemoveAndForceRemove/failed_build_with_remove
=== RUN   TestBuildWithRemoveAndForceRemove/failed_build_with_remove_and_force_remove
=== PAUSE TestBuildWithRemoveAndForceRemove/failed_build_with_remove_and_force_remove
=== CONT  TestBuildWithRemoveAndForceRemove/successful_build_with_no_removal
=== CONT  TestBuildWithRemoveAndForceRemove/failed_build_with_remove_and_force_remove
=== CONT  TestBuildWithRemoveAndForceRemove/failed_build_with_remove
=== CONT  TestBuildWithRemoveAndForceRemove/failed_build_with_no_removal
=== CONT  TestBuildWithRemoveAndForceRemove/successful_build_with_remove_and_force_remove
=== CONT  TestBuildWithRemoveAndForceRemove/successful_build_with_remove
--- PASS: TestBuildWithRemoveAndForceRemove (0.01s)
    --- PASS: TestBuildWithRemoveAndForceRemove/successful_build_with_no_removal (2.51s)
    --- PASS: TestBuildWithRemoveAndForceRemove/failed_build_with_remove_and_force_remove (2.54s)
    --- PASS: TestBuildWithRemoveAndForceRemove/failed_build_with_remove (2.98s)
    --- PASS: TestBuildWithRemoveAndForceRemove/failed_build_with_no_removal (3.03s)
    --- PASS: TestBuildWithRemoveAndForceRemove/successful_build_with_remove_and_force_remove (2.04s)
    --- PASS: TestBuildWithRemoveAndForceRemove/successful_build_with_remove (2.80s)
=== RUN   TestBuildMultiStageParentConfig
--- PASS: TestBuildMultiStageParentConfig (34.26s)
    build_test.go:175: [{-1 1546597305 sha256:774970aaba6bbb19ef2dbe1cfd1dfe93feb2adc1a163f6dbd12ddf4de6c3dac9 map[] sha256:8ae85b2e9b38bf6a719e39f671345303d20d6023544fe06809b05ecc6279403f [] [build1:latest] -1 4459754 4459754} {-1 1546597304 sha256:2ec1f58dbfb2a2e11c0e46e8ff69ea64a0fe29e6ca8883099e1786ba665bb37c map[] sha256:1a5abe1cbbf5dcaabbf3a1bf7028be3835b772b40377fb09600977f51fbc8253 [<none>@<none>] [<none>:<none>] -1 4459754 4459754} {-1 1546597300 sha256:43723e9181fa0aea078ba45896af33eb3cd25c39bcc7abf94b26d0078e073efa map[] sha256:36e9590454976dc0eb44c15bc80fe4fbd52aaa91df37ec76cd3ed245e1a12829 [<none>@<none>] [<none>:<none>] -1 4459754 4459754} {-1 1546597300 sha256:eb5f609122dbe754956a3a77a43c5c3920b8c7b5e26cf5f4eda45577f031818a map[] sha256:36e9590454976dc0eb44c15bc80fe4fbd52aaa91df37ec76cd3ed245e1a12829 [<none>@<none>] [<none>:<none>] -1 4459754 4459754} {-1 1546597297 sha256:53093bba7532bdb4ce839933e066d904789a62a2baffec07124a99905789a471 map[] sha256:36e9590454976dc0eb44c15bc80fe4fbd52aaa91df37ec76cd3ed245e1a12829 [<none>@<none>] [<none>:<none>] -1 4459754 4459754} {-1 1546597297 sha256:737ac75a15f06a74808e0ca6fa94e7599e938eae0422b64fa1d3f5e3069cc303 map[] sha256:36e9590454976dc0eb44c15bc80fe4fbd52aaa91df37ec76cd3ed245e1a12829 [<none>@<none>] [<none>:<none>] -1 4459754 4459754} {-1 1546597294 sha256:b911ca14dd78e42d24f183a31626ae2d1ef66aa9c3aae7125a39e8eba0355c74 map[] sha256:36e9590454976dc0eb44c15bc80fe4fbd52aaa91df37ec76cd3ed245e1a12829 [<none>@<none>] [<none>:<none>] -1 4459754 4459754} {-1 1546597294 sha256:ac5100086dba8f59a8b47290dc26fe0e65d4683c39ddaf88ee823e4698e3a3ab map[] sha256:36e9590454976dc0eb44c15bc80fe4fbd52aaa91df37ec76cd3ed245e1a12829 [<none>@<none>] [<none>:<none>] -1 4459754 4459754} {-1 1546597292 sha256:05a9f49572a2905ac8487d488c906d45c3143d8778ee47a151aa53950ab5fa2b map[] sha256:961ea4845f168661dfe1b4487afc99d66e9966757f20d635614c39e082d2d6b5 [<none>@<none>] [<none>:<none>] -1 4459780 4459780} {-1 1516785504 sha256:1e1e09d79a9fd4fa5faae6a9f150ecfe3e403a3efdfb78666c67227e656988b2 map[]  [] [busybox:glibc] -1 4476202 4476202} {-1 1511271291 sha256:3ab301db05ea4e52e26aadb6daabc1222e58c0be7cfa2b8945443d801b6b9585 map[]  [] [hello-world:frozen] -1 1976 1976} {-1 1509640958 sha256:9b0236353396efce03211408c208e6f90f31e7636682fa01f5eb4e38bbf571d6 map[]  [] [buildpack-deps:jessie] -1 595217275 595217275} {-1 1509610708 sha256:36e9590454976dc0eb44c15bc80fe4fbd52aaa91df37ec76cd3ed245e1a12829 map[]  [] [busybox:latest] -1 4459754 4459754} {-1 1507585344 sha256:de6513af1fcb9db380e4954f276ea347858dcb7bff0299953aa25c4abd54bc0b map[]  [] [debian:jessie] -1 129082379 129082379} {-1 1371157430 sha256:11f64303f0f7ffdc71f001788132bca5346831939a956e3e975c93267d89a16d map[]  [] [emptyfs:latest] -1 0 0}]
=== RUN   TestBuildLabelWithTargets
--- PASS: TestBuildLabelWithTargets (8.00s)
=== RUN   TestBuildWithEmptyLayers
--- PASS: TestBuildWithEmptyLayers (3.00s)
=== RUN   TestBuildMultiStageOnBuild
--- PASS: TestBuildMultiStageOnBuild (5.02s)
=== RUN   TestBuildUncleanTarFilenames
--- PASS: TestBuildUncleanTarFilenames (1.19s)
=== RUN   TestBuildMultiStageLayerLeak
--- PASS: TestBuildMultiStageLayerLeak (4.81s)
=== RUN   TestBuildWithHugeFile
--- PASS: TestBuildWithHugeFile (25.34s)
PASS
Running /go/src/github.com/docker/docker/integration/network
INFO: Testing against a local daemon
=== RUN   TestNetworkCreateDelete
--- PASS: TestNetworkCreateDelete (0.26s)
=== RUN   TestDockerNetworkDeletePreferID
--- PASS: TestDockerNetworkDeletePreferID (0.52s)
=== RUN   TestInspectNetwork
--- PASS: TestInspectNetwork (26.33s)
    daemon.go:296: [d03cd349391ab] waiting for daemon to start
    daemon.go:328: [d03cd349391ab] daemon started
    daemon.go:283: [d03cd349391ab] exiting daemon
=== RUN   TestRunContainerWithBridgeNone
--- PASS: TestRunContainerWithBridgeNone (2.46s)
    daemon.go:296: [d7d1467da716a] waiting for daemon to start
    daemon.go:328: [d7d1467da716a] daemon started
    daemon.go:283: [d7d1467da716a] exiting daemon
=== RUN   TestNetworkInvalidJSON
=== RUN   TestNetworkInvalidJSON//networks/create
=== PAUSE TestNetworkInvalidJSON//networks/create
=== RUN   TestNetworkInvalidJSON//networks/bridge/connect
=== PAUSE TestNetworkInvalidJSON//networks/bridge/connect
=== RUN   TestNetworkInvalidJSON//networks/bridge/disconnect
=== PAUSE TestNetworkInvalidJSON//networks/bridge/disconnect
=== CONT  TestNetworkInvalidJSON//networks/create
=== CONT  TestNetworkInvalidJSON//networks/bridge/disconnect
=== CONT  TestNetworkInvalidJSON//networks/bridge/connect
--- PASS: TestNetworkInvalidJSON (0.02s)
    --- PASS: TestNetworkInvalidJSON//networks/create (0.00s)
    --- PASS: TestNetworkInvalidJSON//networks/bridge/connect (0.00s)
    --- PASS: TestNetworkInvalidJSON//networks/bridge/disconnect (0.00s)
=== RUN   TestDaemonRestartWithLiveRestore
--- PASS: TestDaemonRestartWithLiveRestore (1.04s)
    daemon.go:296: [de2a63c530133] waiting for daemon to start
    daemon.go:328: [de2a63c530133] daemon started
    daemon.go:283: [de2a63c530133] exiting daemon
    daemon.go:296: [de2a63c530133] waiting for daemon to start
    daemon.go:328: [de2a63c530133] daemon started
    daemon.go:283: [de2a63c530133] exiting daemon
=== RUN   TestDaemonDefaultNetworkPools
--- PASS: TestDaemonDefaultNetworkPools (0.76s)
    daemon.go:296: [d30526be186f3] waiting for daemon to start
    daemon.go:328: [d30526be186f3] daemon started
    daemon.go:283: [d30526be186f3] exiting daemon
=== RUN   TestDaemonRestartWithExistingNetwork
--- PASS: TestDaemonRestartWithExistingNetwork (1.19s)
    daemon.go:296: [d8df7a7da37d2] waiting for daemon to start
    daemon.go:328: [d8df7a7da37d2] daemon started
    daemon.go:283: [d8df7a7da37d2] exiting daemon
    daemon.go:296: [d8df7a7da37d2] waiting for daemon to start
    daemon.go:328: [d8df7a7da37d2] daemon started
    daemon.go:283: [d8df7a7da37d2] exiting daemon
=== RUN   TestDaemonRestartWithExistingNetworkWithDefaultPoolRange
--- PASS: TestDaemonRestartWithExistingNetworkWithDefaultPoolRange (1.28s)
    daemon.go:296: [d90efe1b8d347] waiting for daemon to start
    daemon.go:328: [d90efe1b8d347] daemon started
    daemon.go:283: [d90efe1b8d347] exiting daemon
    daemon.go:296: [d90efe1b8d347] waiting for daemon to start
    daemon.go:328: [d90efe1b8d347] daemon started
    daemon.go:283: [d90efe1b8d347] exiting daemon
=== RUN   TestDaemonWithBipAndDefaultNetworkPool
--- PASS: TestDaemonWithBipAndDefaultNetworkPool (0.60s)
    daemon.go:296: [de228c4513e7f] waiting for daemon to start
    daemon.go:328: [de228c4513e7f] daemon started
    daemon.go:283: [de228c4513e7f] exiting daemon
=== RUN   TestServiceWithPredefinedNetwork
--- PASS: TestServiceWithPredefinedNetwork (2.80s)
    daemon.go:296: [d82ab36723269] waiting for daemon to start
    daemon.go:328: [d82ab36723269] daemon started
    daemon.go:283: [d82ab36723269] exiting daemon
=== RUN   TestServiceRemoveKeepsIngressNetwork
--- PASS: TestServiceRemoveKeepsIngressNetwork (12.83s)
    daemon.go:296: [d06a5a2e09c8e] waiting for daemon to start
    daemon.go:328: [d06a5a2e09c8e] daemon started
    daemon.go:283: [d06a5a2e09c8e] exiting daemon
=== RUN   TestServiceWithDataPathPortInit
--- PASS: TestServiceWithDataPathPortInit (5.60s)
    daemon.go:296: [dc86e3b98a5fd] waiting for daemon to start
    daemon.go:328: [dc86e3b98a5fd] daemon started
    daemon.go:283: [dc86e3b98a5fd] exiting daemon
    daemon.go:296: [d08d5af5d8d70] waiting for daemon to start
    daemon.go:328: [d08d5af5d8d70] daemon started
    daemon.go:283: [d08d5af5d8d70] exiting daemon
=== RUN   TestServiceWithDefaultAddressPoolInit
--- PASS: TestServiceWithDefaultAddressPoolInit (5.73s)
    daemon.go:296: [dfa56c1ae289e] waiting for daemon to start
    daemon.go:328: [dfa56c1ae289e] daemon started
    service_test.go:415: TestServiceWithDefaultAddressPoolInit: NetworkInspect: {Name:saanvisthiraTestServiceWithDefaultAddressPoolInit ID:dn34e1jadjdki7l3rze86r17d Created:2019-01-04 10:24:00.973528138 +0000 UTC Scope:swarm Driver:overlay EnableIPv6:false IPAM:{Driver:default Options:map[] Config:[{Subnet:20.20.0.0/24 IPRange: Gateway:20.20.0.1 AuxAddress:map[]}]} Internal:false Attachable:false Ingress:false ConfigFrom:{Network:} ConfigOnly:false Containers:map[] Options:map[com.docker.network.driver.overlay.vxlanid_list:4097] Labels:map[] Peers:[] Services:map[]}
    daemon.go:283: [dfa56c1ae289e] exiting daemon
    daemon.go:296: [d4ebd73b79829] waiting for daemon to start
    daemon.go:328: [d4ebd73b79829] daemon started
    daemon.go:283: [d4ebd73b79829] exiting daemon
PASS
Running /go/src/github.com/docker/docker/integration/network/ipvlan
INFO: Testing against a local daemon
=== RUN   TestDockerNetworkIpvlanPersistance
--- PASS: TestDockerNetworkIpvlanPersistance (1.39s)
    daemon.go:296: [d9e8a25670a82] waiting for daemon to start
    daemon.go:328: [d9e8a25670a82] daemon started
    daemon.go:283: [d9e8a25670a82] exiting daemon
    daemon.go:296: [d9e8a25670a82] waiting for daemon to start
    daemon.go:328: [d9e8a25670a82] daemon started
    daemon.go:283: [d9e8a25670a82] exiting daemon
=== RUN   TestDockerNetworkIpvlan
=== RUN   TestDockerNetworkIpvlan/Subinterface
=== RUN   TestDockerNetworkIpvlan/OverlapParent
=== RUN   TestDockerNetworkIpvlan/L2NilParent
=== RUN   TestDockerNetworkIpvlan/L2InternalMode
=== RUN   TestDockerNetworkIpvlan/L3NilParent
=== RUN   TestDockerNetworkIpvlan/L3InternalMode
=== RUN   TestDockerNetworkIpvlan/L2MultiSubnet
=== RUN   TestDockerNetworkIpvlan/L3MultiSubnet
=== RUN   TestDockerNetworkIpvlan/Addressing
--- PASS: TestDockerNetworkIpvlan (114.46s)
    daemon.go:296: [d63dd501ece26] waiting for daemon to start
    daemon.go:328: [d63dd501ece26] daemon started
    --- PASS: TestDockerNetworkIpvlan/Subinterface (0.11s)
    daemon.go:283: [d63dd501ece26] exiting daemon
    daemon.go:296: [d0261239be889] waiting for daemon to start
    daemon.go:328: [d0261239be889] daemon started
    --- PASS: TestDockerNetworkIpvlan/OverlapParent (0.08s)
    daemon.go:283: [d0261239be889] exiting daemon
    daemon.go:296: [dd460ba2a58c3] waiting for daemon to start
    daemon.go:328: [dd460ba2a58c3] daemon started
    --- PASS: TestDockerNetworkIpvlan/L2NilParent (1.10s)
    daemon.go:283: [dd460ba2a58c3] exiting daemon
    daemon.go:296: [d7c4475b26b96] waiting for daemon to start
    daemon.go:328: [d7c4475b26b96] daemon started
    --- PASS: TestDockerNetworkIpvlan/L2InternalMode (2.11s)
    daemon.go:283: [d7c4475b26b96] exiting daemon
    daemon.go:296: [d27990dd1137d] waiting for daemon to start
    daemon.go:328: [d27990dd1137d] daemon started
    --- PASS: TestDockerNetworkIpvlan/L3NilParent (16.07s)
    daemon.go:283: [d27990dd1137d] exiting daemon
    daemon.go:296: [d8937b78adf67] waiting for daemon to start
    daemon.go:328: [d8937b78adf67] daemon started
    --- PASS: TestDockerNetworkIpvlan/L3InternalMode (17.09s)
    daemon.go:283: [d8937b78adf67] exiting daemon
    daemon.go:296: [d6d9ec5d5f524] waiting for daemon to start
    daemon.go:328: [d6d9ec5d5f524] daemon started
    --- PASS: TestDockerNetworkIpvlan/L2MultiSubnet (17.72s)
    daemon.go:283: [d6d9ec5d5f524] exiting daemon
    daemon.go:296: [d55b3c91cfee0] waiting for daemon to start
    daemon.go:328: [d55b3c91cfee0] daemon started
    --- PASS: TestDockerNetworkIpvlan/L3MultiSubnet (17.68s)
    daemon.go:283: [d55b3c91cfee0] exiting daemon
    daemon.go:296: [d2ee2d8990f7d] waiting for daemon to start
    daemon.go:328: [d2ee2d8990f7d] daemon started
    --- PASS: TestDockerNetworkIpvlan/Addressing (31.56s)
    daemon.go:283: [d2ee2d8990f7d] exiting daemon
PASS
Running /go/src/github.com/docker/docker/integration/network/macvlan
INFO: Testing against a local daemon
=== RUN   TestDockerNetworkMacvlanPersistance
--- PASS: TestDockerNetworkMacvlanPersistance (1.42s)
    daemon.go:296: [d6e3cd9212713] waiting for daemon to start
    daemon.go:328: [d6e3cd9212713] daemon started
    daemon.go:283: [d6e3cd9212713] exiting daemon
    daemon.go:296: [d6e3cd9212713] waiting for daemon to start
    daemon.go:328: [d6e3cd9212713] daemon started
    daemon.go:283: [d6e3cd9212713] exiting daemon
=== RUN   TestDockerNetworkMacvlan
=== RUN   TestDockerNetworkMacvlan/Subinterface
=== RUN   TestDockerNetworkMacvlan/OverlapParent
=== RUN   TestDockerNetworkMacvlan/NilParent
=== RUN   TestDockerNetworkMacvlan/InternalMode
=== RUN   TestDockerNetworkMacvlan/Addressing
--- PASS: TestDockerNetworkMacvlan (24.59s)
    daemon.go:296: [dfd5d4a009f59] waiting for daemon to start
    daemon.go:328: [dfd5d4a009f59] daemon started
    --- PASS: TestDockerNetworkMacvlan/Subinterface (0.09s)
    daemon.go:283: [dfd5d4a009f59] exiting daemon
    daemon.go:296: [d112bedad1371] waiting for daemon to start
    daemon.go:328: [d112bedad1371] daemon started
    --- PASS: TestDockerNetworkMacvlan/OverlapParent (0.09s)
    daemon.go:283: [d112bedad1371] exiting daemon
    daemon.go:296: [d069bac572b46] waiting for daemon to start
    daemon.go:328: [d069bac572b46] daemon started
    --- PASS: TestDockerNetworkMacvlan/NilParent (1.13s)
    daemon.go:283: [d069bac572b46] exiting daemon
    daemon.go:296: [d9435eae3aab3] waiting for daemon to start
    daemon.go:328: [d9435eae3aab3] daemon started
    --- PASS: TestDockerNetworkMacvlan/InternalMode (2.10s)
    daemon.go:283: [d9435eae3aab3] exiting daemon
    daemon.go:296: [d5445b0a17fe6] waiting for daemon to start
    daemon.go:328: [d5445b0a17fe6] daemon started
    --- PASS: TestDockerNetworkMacvlan/Addressing (15.82s)
    daemon.go:283: [d5445b0a17fe6] exiting daemon
PASS
Running /go/src/github.com/docker/docker/integration/service
INFO: Testing against a local daemon
=== RUN   TestServiceCreateInit
=== RUN   TestServiceCreateInit/daemonInitDisabled
=== RUN   TestServiceCreateInit/daemonInitEnabled
--- PASS: TestServiceCreateInit (9.81s)
    --- PASS: TestServiceCreateInit/daemonInitDisabled (5.14s)
        daemon.go:296: [de815d6a13295] waiting for daemon to start
        daemon.go:328: [de815d6a13295] daemon started
        daemon.go:283: [de815d6a13295] exiting daemon
    --- PASS: TestServiceCreateInit/daemonInitEnabled (4.65s)
        daemon.go:296: [dd6bbe3133062] waiting for daemon to start
        daemon.go:328: [dd6bbe3133062] daemon started
        daemon.go:283: [dd6bbe3133062] exiting daemon
=== RUN   TestCreateServiceMultipleTimes
--- PASS: TestCreateServiceMultipleTimes (27.29s)
    daemon.go:296: [d6cbdec4ecb3c] waiting for daemon to start
    daemon.go:328: [d6cbdec4ecb3c] daemon started
    daemon.go:283: [d6cbdec4ecb3c] exiting daemon
=== RUN   TestCreateServiceConflict
--- PASS: TestCreateServiceConflict (2.91s)
    daemon.go:296: [d8e77c9b1e009] waiting for daemon to start
    daemon.go:328: [d8e77c9b1e009] daemon started
    daemon.go:283: [d8e77c9b1e009] exiting daemon
=== RUN   TestCreateServiceMaxReplicas
--- PASS: TestCreateServiceMaxReplicas (3.72s)
    daemon.go:296: [d961591c7a55f] waiting for daemon to start
    daemon.go:328: [d961591c7a55f] daemon started
    daemon.go:283: [d961591c7a55f] exiting daemon
=== RUN   TestCreateWithDuplicateNetworkNames
--- PASS: TestCreateWithDuplicateNetworkNames (15.07s)
    daemon.go:296: [dde24d21024fb] waiting for daemon to start
    daemon.go:328: [dde24d21024fb] daemon started
    daemon.go:283: [dde24d21024fb] exiting daemon
=== RUN   TestCreateServiceSecretFileMode
--- FAIL: TestCreateServiceSecretFileMode (33.34s)
    daemon.go:296: [d54006354283b] waiting for daemon to start
    daemon.go:328: [d54006354283b] daemon started
    create_test.go:296: timeout hit after 30s: task count at 1 waiting for 0
    daemon.go:283: [d54006354283b] exiting daemon
=== RUN   TestCreateServiceConfigFileMode
--- PASS: TestCreateServiceConfigFileMode (3.43s)
    daemon.go:296: [dda250b2d6010] waiting for daemon to start
    daemon.go:328: [dda250b2d6010] daemon started
    daemon.go:283: [dda250b2d6010] exiting daemon
=== RUN   TestCreateServiceSysctls
--- PASS: TestCreateServiceSysctls (4.00s)
    daemon.go:296: [d3a33b8ca7b7d] waiting for daemon to start
    daemon.go:328: [d3a33b8ca7b7d] daemon started
    daemon.go:283: [d3a33b8ca7b7d] exiting daemon
=== RUN   TestInspect
--- PASS: TestInspect (2.31s)
    daemon.go:296: [dff1ff5b92854] waiting for daemon to start
    daemon.go:328: [dff1ff5b92854] daemon started
    daemon.go:283: [dff1ff5b92854] exiting daemon
=== RUN   TestDockerNetworkConnectAlias
--- PASS: TestDockerNetworkConnectAlias (5.82s)
    daemon.go:296: [da9082912bc5f] waiting for daemon to start
    daemon.go:328: [da9082912bc5f] daemon started
    daemon.go:283: [da9082912bc5f] exiting daemon
=== RUN   TestServicePlugin
--- SKIP: TestServicePlugin (0.00s)
    plugin_test.go:26: os.Getenv("DOCKER_ENGINE_GOARCH") != "amd64"
=== RUN   TestServiceUpdateLabel
--- PASS: TestServiceUpdateLabel (2.84s)
    daemon.go:296: [d0946341e38f4] waiting for daemon to start
    daemon.go:328: [d0946341e38f4] daemon started
    daemon.go:283: [d0946341e38f4] exiting daemon
=== RUN   TestServiceUpdateSecrets
--- FAIL: TestServiceUpdateSecrets (2.77s)
    daemon.go:296: [d916a4bfbfb85] waiting for daemon to start
    daemon.go:328: [d916a4bfbfb85] daemon started
    update_test.go:126: assertion failed: error is not nil: Error response from daemon: rpc error: code = Unknown desc = update out of sequence
    daemon.go:283: [d916a4bfbfb85] exiting daemon
=== RUN   TestServiceUpdateConfigs
--- FAIL: TestServiceUpdateConfigs (2.81s)
    daemon.go:296: [d7ed0fa020eca] waiting for daemon to start
    daemon.go:328: [d7ed0fa020eca] daemon started
    update_test.go:188: assertion failed: error is not nil: Error response from daemon: rpc error: code = Unknown desc = update out of sequence
    daemon.go:283: [d7ed0fa020eca] exiting daemon
FAIL
---> Making bundle: .integration-daemon-stop (in bundles/test-integration)
Clearing AppArmor profiles cache:.
All profile caches have been cleared, but no profiles have been unloaded.
Unloading profiles will leave already running processes permanently
unconfined, which can lead to unexpected situations.

To set a process to complain mode, use the command line tool
'aa-complain'. To really tear down all profiles, run the init script
with the 'teardown' option."
Removing test suite binaries
Build step 'Execute shell' marked build as failure
Set build name.
New build name is '#38050'
[PostBuildScript] - Executing post build scripts.
[Docker-PRs-s390x] $ /bin/sh -xe /tmp/jenkins1811451827824647400.sh
+ echo Chowning /workspace to jenkins user
Chowning /workspace to jenkins user
+ id -u
+ id -g
+ docker run --rm -v /home/jenkins/workspace/Docker-PRs-s390x:/workspace s390x/busybox chown -R 1001:1001 /workspace
[Docker-PRs-s390x] $ /bin/sh -xe /tmp/jenkins7442777596406453749.sh
+ echo Creating bundles.tar.gz
Creating bundles.tar.gz
+ xargs tar -czf bundles.tar.gz
+ find bundles -name *.log
Archiving artifacts
Notifying endpoint with url 'https://leeroy.dockerproject.org/notification/jenkins'
Finished: FAILURE
