Started by user Gordon
Notifying endpoint with url 'https://leeroy.dockerproject.org/notification/jenkins'
[EnvInject] - Loading node environment variables.
Building remotely on s390x-ubuntu-28 (linux s390x-ubuntu-1604 s390x) in workspace /home/jenkins/workspace/Docker-PRs-s390x
Running Prebuild steps
[Docker-PRs-s390x] $ /bin/sh -xe /tmp/jenkins7145747686852375311.sh
+ pwd
+ id -u
+ id -g
+ docker run --rm -v /home/jenkins/workspace/Docker-PRs-s390x:/workspace s390x/busybox chown -R 1001:1001 /workspace
Success build forhudson.tasks.Shell@54493290
Wiping out workspace first.
Cloning the remote Git repository
Cloning repository https://github.com/moby/moby.git
 > git init /home/jenkins/workspace/Docker-PRs-s390x # timeout=10
Fetching upstream changes from https://github.com/moby/moby.git
 > git --version # timeout=10
 > git fetch --tags --progress https://github.com/moby/moby.git +refs/heads/*:refs/remotes/origin/*
 > git config remote.origin.url https://github.com/moby/moby.git # timeout=10
 > git config --add remote.origin.fetch +refs/heads/*:refs/remotes/origin/* # timeout=10
 > git config remote.origin.url https://github.com/moby/moby.git # timeout=10
Fetching upstream changes from https://github.com/moby/moby.git
 > git fetch --tags --progress https://github.com/moby/moby.git +refs/heads/*:refs/remotes/origin/*
 > git rev-parse origin/master^{commit} # timeout=10
Checking out Revision de640c9f4932d851316a0a72470c4d3446f6f5ac (origin/master)
 > git config core.sparsecheckout # timeout=10
 > git checkout -f de640c9f4932d851316a0a72470c4d3446f6f5ac
Commit message: "Merge pull request #38038 from AkihiroSuda/ubuntu-overlayfs"
 > git rev-list --no-walk de640c9f4932d851316a0a72470c4d3446f6f5ac # timeout=10
Set build name.
New build name is '#38474'
[Docker-PRs-s390x] $ /bin/bash /tmp/jenkins4990855774477797769.sh
From https://github.com/moby/moby
 * [new ref]         refs/pull/38474/head -> origin/pr/38474
Updating de640c9..dc70637
Fast-forward
 integration/service/update_test.go | 22 ++++++++++++++++++++--
 1 file changed, 20 insertions(+), 2 deletions(-)
Sending build context to Docker daemon  45.11MB
Step 1/94 : FROM golang:1.11.4 AS base
 ---> ee5c1a481166
Step 2/94 : ARG APT_MIRROR=deb.debian.org
 ---> Using cache
 ---> 3bab6269eacd
Step 3/94 : RUN sed -ri "s/(httpredir|deb).debian.org/$APT_MIRROR/g" /etc/apt/sources.list
 ---> Using cache
 ---> 0a22bd73e9dd
Step 4/94 : FROM base AS criu
 ---> 0a22bd73e9dd
Step 5/94 : ENV CRIU_VERSION 3.6
 ---> Using cache
 ---> 369b28a29f33
Step 6/94 : RUN apt-get update && apt-get install -y 	libnet-dev 	libprotobuf-c0-dev 	libprotobuf-dev 	libnl-3-dev 	libcap-dev 	protobuf-compiler 	protobuf-c-compiler 	python-protobuf 	&& mkdir -p /usr/src/criu 	&& curl -sSL https://github.com/checkpoint-restore/criu/archive/v${CRIU_VERSION}.tar.gz | tar -C /usr/src/criu/ -xz --strip-components=1 	&& cd /usr/src/criu 	&& make 	&& make PREFIX=/build/ install-criu
 ---> Using cache
 ---> 75473703bed2
Step 7/94 : FROM base AS registry
 ---> 0a22bd73e9dd
Step 8/94 : ENV REGISTRY_COMMIT_SCHEMA1 ec87e9b6971d831f0eff752ddb54fb64693e51cd
 ---> Using cache
 ---> c8974662c1fa
Step 9/94 : ENV REGISTRY_COMMIT 47a064d4195a9b56133891bbb13620c3ac83a827
 ---> Using cache
 ---> bacd13cf7874
Step 10/94 : RUN set -x 	&& export GOPATH="$(mktemp -d)" 	&& git clone https://github.com/docker/distribution.git "$GOPATH/src/github.com/docker/distribution" 	&& (cd "$GOPATH/src/github.com/docker/distribution" && git checkout -q "$REGISTRY_COMMIT") 	&& GOPATH="$GOPATH/src/github.com/docker/distribution/Godeps/_workspace:$GOPATH" 		go build -buildmode=pie -o /build/registry-v2 github.com/docker/distribution/cmd/registry 	&& case $(dpkg --print-architecture) in 		amd64|ppc64*|s390x) 		(cd "$GOPATH/src/github.com/docker/distribution" && git checkout -q "$REGISTRY_COMMIT_SCHEMA1"); 		GOPATH="$GOPATH/src/github.com/docker/distribution/Godeps/_workspace:$GOPATH"; 			go build -buildmode=pie -o /build/registry-v2-schema1 github.com/docker/distribution/cmd/registry; 		;; 	   esac 	&& rm -rf "$GOPATH"
 ---> Using cache
 ---> 33e178f793bf
Step 11/94 : FROM base AS docker-py
 ---> 0a22bd73e9dd
Step 12/94 : ENV DOCKER_PY_COMMIT 8b246db271a85d6541dc458838627e89c683e42f
 ---> Using cache
 ---> 70404bc96df2
Step 13/94 : RUN git clone https://github.com/docker/docker-py.git /build 	&& cd /build 	&& git checkout -q $DOCKER_PY_COMMIT
 ---> Using cache
 ---> 064b8d1f6504
Step 14/94 : FROM base AS swagger
 ---> 0a22bd73e9dd
Step 15/94 : ENV GO_SWAGGER_COMMIT c28258affb0b6251755d92489ef685af8d4ff3eb
 ---> Using cache
 ---> 2de58c257533
Step 16/94 : RUN set -x 	&& export GOPATH="$(mktemp -d)" 	&& git clone https://github.com/go-swagger/go-swagger.git "$GOPATH/src/github.com/go-swagger/go-swagger" 	&& (cd "$GOPATH/src/github.com/go-swagger/go-swagger" && git checkout -q "$GO_SWAGGER_COMMIT") 	&& go build -o /build/swagger github.com/go-swagger/go-swagger/cmd/swagger 	&& rm -rf "$GOPATH"
 ---> Using cache
 ---> 415a1949140d
Step 17/94 : FROM base AS frozen-images
 ---> 0a22bd73e9dd
Step 18/94 : RUN apt-get update && apt-get install -y jq ca-certificates --no-install-recommends
 ---> Using cache
 ---> 4d1298311bf2
Step 19/94 : COPY contrib/download-frozen-image-v2.sh /
 ---> Using cache
 ---> 31e87449d2d0
Step 20/94 : RUN /download-frozen-image-v2.sh /build 	buildpack-deps:jessie@sha256:dd86dced7c9cd2a724e779730f0a53f93b7ef42228d4344b25ce9a42a1486251 	busybox:latest@sha256:bbc3a03235220b170ba48a157dd097dd1379299370e1ed99ce976df0355d24f0 	busybox:glibc@sha256:0b55a30394294ab23b9afd58fab94e61a923f5834fba7ddbae7f8e0c11ba85e6 	debian:jessie@sha256:287a20c5f73087ab406e6b364833e3fb7b3ae63ca0eb3486555dc27ed32c6e60 	hello-world:latest@sha256:be0cd392e45be79ffeffa6b05338b98ebb16c87b255f48e297ec7f98e123905c
 ---> Using cache
 ---> 6a2761cd23b5
Step 21/94 : FROM base AS runtime-dev
 ---> 0a22bd73e9dd
Step 22/94 : RUN apt-get update && apt-get install -y 	libapparmor-dev 	libseccomp-dev
 ---> Using cache
 ---> 3492ef9e61fe
Step 23/94 : FROM base AS tomlv
 ---> 0a22bd73e9dd
Step 24/94 : ENV INSTALL_BINARY_NAME=tomlv
 ---> Using cache
 ---> ac06eace80c2
Step 25/94 : COPY hack/dockerfile/install/install.sh ./install.sh
 ---> Using cache
 ---> c198c49f83be
Step 26/94 : COPY hack/dockerfile/install/$INSTALL_BINARY_NAME.installer ./
 ---> Using cache
 ---> c46845629752
Step 27/94 : RUN PREFIX=/build ./install.sh $INSTALL_BINARY_NAME
 ---> Using cache
 ---> be226c5c34fc
Step 28/94 : FROM base AS vndr
 ---> 0a22bd73e9dd
Step 29/94 : ENV INSTALL_BINARY_NAME=vndr
 ---> Using cache
 ---> 435eed4afec4
Step 30/94 : COPY hack/dockerfile/install/install.sh ./install.sh
 ---> Using cache
 ---> ab5a3681805c
Step 31/94 : COPY hack/dockerfile/install/$INSTALL_BINARY_NAME.installer ./
 ---> Using cache
 ---> be49a86a500a
Step 32/94 : RUN PREFIX=/build ./install.sh $INSTALL_BINARY_NAME
 ---> Using cache
 ---> 1ed44b80a44a
Step 33/94 : FROM base AS containerd
 ---> 0a22bd73e9dd
Step 34/94 : RUN apt-get update && apt-get install -y btrfs-tools
 ---> Using cache
 ---> ac798c216c28
Step 35/94 : ENV INSTALL_BINARY_NAME=containerd
 ---> Using cache
 ---> a29d52803b41
Step 36/94 : COPY hack/dockerfile/install/install.sh ./install.sh
 ---> Using cache
 ---> 21636a2a08bd
Step 37/94 : COPY hack/dockerfile/install/$INSTALL_BINARY_NAME.installer ./
 ---> Using cache
 ---> f16207565949
Step 38/94 : RUN PREFIX=/build ./install.sh $INSTALL_BINARY_NAME
 ---> Using cache
 ---> 8470a332679b
Step 39/94 : FROM base AS proxy
 ---> 0a22bd73e9dd
Step 40/94 : ENV INSTALL_BINARY_NAME=proxy
 ---> Using cache
 ---> dbd733aa6c25
Step 41/94 : COPY hack/dockerfile/install/install.sh ./install.sh
 ---> Using cache
 ---> 9212409085bf
Step 42/94 : COPY hack/dockerfile/install/$INSTALL_BINARY_NAME.installer ./
 ---> Using cache
 ---> 1bf7a5a011f4
Step 43/94 : RUN PREFIX=/build ./install.sh $INSTALL_BINARY_NAME
 ---> Using cache
 ---> 5afcfe30b945
Step 44/94 : FROM base AS gometalinter
 ---> 0a22bd73e9dd
Step 45/94 : ENV INSTALL_BINARY_NAME=gometalinter
 ---> Using cache
 ---> 70f7df5bf830
Step 46/94 : COPY hack/dockerfile/install/install.sh ./install.sh
 ---> Using cache
 ---> 616944ea0b3f
Step 47/94 : COPY hack/dockerfile/install/$INSTALL_BINARY_NAME.installer ./
 ---> Using cache
 ---> 4bf07852acdc
Step 48/94 : RUN PREFIX=/build ./install.sh $INSTALL_BINARY_NAME
 ---> Using cache
 ---> 8043fbf49263
Step 49/94 : FROM base AS dockercli
 ---> 0a22bd73e9dd
Step 50/94 : ENV INSTALL_BINARY_NAME=dockercli
 ---> Using cache
 ---> af1ade2f84b0
Step 51/94 : COPY hack/dockerfile/install/install.sh ./install.sh
 ---> Using cache
 ---> 3e35a395707e
Step 52/94 : COPY hack/dockerfile/install/$INSTALL_BINARY_NAME.installer ./
 ---> Using cache
 ---> b09d2d2217f9
Step 53/94 : RUN PREFIX=/build ./install.sh $INSTALL_BINARY_NAME
 ---> Using cache
 ---> 75893ade8bc3
Step 54/94 : FROM runtime-dev AS runc
 ---> 3492ef9e61fe
Step 55/94 : ENV INSTALL_BINARY_NAME=runc
 ---> Using cache
 ---> 560b34a5e652
Step 56/94 : COPY hack/dockerfile/install/install.sh ./install.sh
 ---> Using cache
 ---> 090af275d78f
Step 57/94 : COPY hack/dockerfile/install/$INSTALL_BINARY_NAME.installer ./
 ---> Using cache
 ---> 983f286306fe
Step 58/94 : RUN PREFIX=/build ./install.sh $INSTALL_BINARY_NAME
 ---> Using cache
 ---> 583a6d387a30
Step 59/94 : FROM base AS tini
 ---> 0a22bd73e9dd
Step 60/94 : RUN apt-get update && apt-get install -y cmake vim-common
 ---> Using cache
 ---> cbafeae4fd55
Step 61/94 : COPY hack/dockerfile/install/install.sh ./install.sh
 ---> Using cache
 ---> 9aee1a3d977e
Step 62/94 : ENV INSTALL_BINARY_NAME=tini
 ---> Using cache
 ---> 5adb19b6d058
Step 63/94 : COPY hack/dockerfile/install/$INSTALL_BINARY_NAME.installer ./
 ---> Using cache
 ---> 67d6fa454d28
Step 64/94 : RUN PREFIX=/build ./install.sh $INSTALL_BINARY_NAME
 ---> Using cache
 ---> 6a53d078fd88
Step 65/94 : FROM runtime-dev AS dev
 ---> 3492ef9e61fe
Step 66/94 : RUN groupadd -r docker
 ---> Using cache
 ---> e27b46fd968f
Step 67/94 : RUN useradd --create-home --gid docker unprivilegeduser
 ---> Using cache
 ---> 4a23b1e77f1c
Step 68/94 : RUN ln -sfv /go/src/github.com/docker/docker/.bashrc ~/.bashrc
 ---> Using cache
 ---> 307ae378998c
Step 69/94 : RUN echo "source /usr/share/bash-completion/bash_completion" >> /etc/bash.bashrc
 ---> Using cache
 ---> 6234751ab294
Step 70/94 : RUN ln -s /usr/local/completion/bash/docker /etc/bash_completion.d/docker
 ---> Using cache
 ---> 65d1a56a0657
Step 71/94 : RUN ldconfig
 ---> Using cache
 ---> 7fcd0a44b9f9
Step 72/94 : RUN apt-get update && apt-get install -y 	apparmor 	aufs-tools 	bash-completion 	btrfs-tools 	iptables 	jq 	libcap2-bin 	libdevmapper-dev 	libudev-dev 	libsystemd-dev 	binutils-mingw-w64 	g++-mingw-w64-x86-64 	net-tools 	pigz 	python-backports.ssl-match-hostname 	python-dev 	python-mock 	python-pip 	python-requests 	python-setuptools 	python-websocket 	python-wheel 	thin-provisioning-tools 	vim 	vim-common 	xfsprogs 	zip 	bzip2 	xz-utils 	--no-install-recommends
 ---> Using cache
 ---> 0b84e97af5de
Step 73/94 : COPY --from=swagger /build/swagger* /usr/local/bin/
 ---> Using cache
 ---> 18b4f6ae8851
Step 74/94 : COPY --from=frozen-images /build/ /docker-frozen-images
 ---> Using cache
 ---> 66de4d0fa523
Step 75/94 : COPY --from=gometalinter /build/ /usr/local/bin/
 ---> Using cache
 ---> 01d084d39716
Step 76/94 : COPY --from=tomlv /build/ /usr/local/bin/
 ---> Using cache
 ---> ba471298d7a6
Step 77/94 : COPY --from=vndr /build/ /usr/local/bin/
 ---> Using cache
 ---> 564c7eb0660d
Step 78/94 : COPY --from=tini /build/ /usr/local/bin/
 ---> Using cache
 ---> be2efc596694
Step 79/94 : COPY --from=runc /build/ /usr/local/bin/
 ---> Using cache
 ---> e06dfcf687c4
Step 80/94 : COPY --from=containerd /build/ /usr/local/bin/
 ---> Using cache
 ---> f586f7ab519a
Step 81/94 : COPY --from=proxy /build/ /usr/local/bin/
 ---> Using cache
 ---> ebf91ff35111
Step 82/94 : COPY --from=dockercli /build/ /usr/local/cli
 ---> Using cache
 ---> 7b7a88996624
Step 83/94 : COPY --from=registry /build/registry* /usr/local/bin/
 ---> Using cache
 ---> 46c60094d351
Step 84/94 : COPY --from=criu /build/ /usr/local/
 ---> Using cache
 ---> ed7187ee5b54
Step 85/94 : COPY --from=docker-py /build/ /docker-py
 ---> Using cache
 ---> e1e00ac2c863
Step 86/94 : RUN cd /docker-py 	&& pip install docker-pycreds==0.2.1 	&& pip install yamllint==1.5.0 	&& pip install -r test-requirements.txt
 ---> Using cache
 ---> 0979e4fe0e94
Step 87/94 : ENV PATH=/usr/local/cli:$PATH
 ---> Using cache
 ---> f26566c794e6
Step 88/94 : ENV DOCKER_BUILDTAGS apparmor seccomp selinux
 ---> Using cache
 ---> d75dc9601a9d
Step 89/94 : ENV GOMETALINTER_OPTS="--deadline=2m"
 ---> Using cache
 ---> d71e60ce5a83
Step 90/94 : WORKDIR /go/src/github.com/docker/docker
 ---> Using cache
 ---> 3e1b85c63c51
Step 91/94 : VOLUME /var/lib/docker
 ---> Using cache
 ---> 922e7a3af620
Step 92/94 : ENTRYPOINT ["hack/dind"]
 ---> Using cache
 ---> 51fa8b9cd724
Step 93/94 : FROM dev AS final
 ---> 51fa8b9cd724
Step 94/94 : COPY . /go/src/github.com/docker/docker
 ---> dfb458b64af6
Successfully built dfb458b64af6
Successfully tagged docker-s390x:dc70637
?   	github.com/docker/docker/api	[no test files]
ok  	github.com/docker/docker/api/server	0.005s	coverage: 7.9% of statements
?   	github.com/docker/docker/api/server/backend/build	[no test files]
ok  	github.com/docker/docker/api/server/httputils	0.004s	coverage: 11.1% of statements
ok  	github.com/docker/docker/api/server/middleware	0.004s	coverage: 43.4% of statements
?   	github.com/docker/docker/api/server/router	[no test files]
?   	github.com/docker/docker/api/server/router/build	[no test files]
?   	github.com/docker/docker/api/server/router/checkpoint	[no test files]
?   	github.com/docker/docker/api/server/router/container	[no test files]
?   	github.com/docker/docker/api/server/router/debug	[no test files]
?   	github.com/docker/docker/api/server/router/distribution	[no test files]
?   	github.com/docker/docker/api/server/router/image	[no test files]
?   	github.com/docker/docker/api/server/router/network	[no test files]
?   	github.com/docker/docker/api/server/router/plugin	[no test files]
?   	github.com/docker/docker/api/server/router/session	[no test files]
?   	github.com/docker/docker/api/server/router/swarm	[no test files]
?   	github.com/docker/docker/api/server/router/system	[no test files]
?   	github.com/docker/docker/api/server/router/volume	[no test files]
?   	github.com/docker/docker/api/types	[no test files]
?   	github.com/docker/docker/api/types/backend	[no test files]
?   	github.com/docker/docker/api/types/blkiodev	[no test files]
?   	github.com/docker/docker/api/types/container	[no test files]
?   	github.com/docker/docker/api/types/events	[no test files]
ok  	github.com/docker/docker/api/types/filters	0.003s	coverage: 94.2% of statements
?   	github.com/docker/docker/api/types/image	[no test files]
?   	github.com/docker/docker/api/types/mount	[no test files]
?   	github.com/docker/docker/api/types/network	[no test files]
?   	github.com/docker/docker/api/types/plugins/logdriver	[no test files]
?   	github.com/docker/docker/api/types/registry	[no test files]
ok  	github.com/docker/docker/api/types/strslice	0.002s	coverage: 90.0% of statements
?   	github.com/docker/docker/api/types/swarm	[no test files]
?   	github.com/docker/docker/api/types/swarm/runtime	[no test files]
ok  	github.com/docker/docker/api/types/time	0.002s	coverage: 100.0% of statements
ok  	github.com/docker/docker/api/types/versions	0.002s	coverage: 75.0% of statements
?   	github.com/docker/docker/api/types/versions/v1p19	[no test files]
?   	github.com/docker/docker/api/types/versions/v1p20	[no test files]
?   	github.com/docker/docker/api/types/volume	[no test files]
?   	github.com/docker/docker/builder	[no test files]
?   	github.com/docker/docker/builder/builder-next	[no test files]
?   	github.com/docker/docker/builder/builder-next/adapters/containerimage	[no test files]
?   	github.com/docker/docker/builder/builder-next/adapters/snapshot	[no test files]
?   	github.com/docker/docker/builder/builder-next/exporter	[no test files]
?   	github.com/docker/docker/builder/builder-next/imagerefchecker	[no test files]
?   	github.com/docker/docker/builder/builder-next/worker	[no test files]
ok  	github.com/docker/docker/builder/dockerfile	0.810s	coverage: 45.4% of statements
ok  	github.com/docker/docker/builder/dockerignore	0.004s	coverage: 96.8% of statements
ok  	github.com/docker/docker/builder/fscache	0.110s	coverage: 69.2% of statements
ok  	github.com/docker/docker/builder/remotecontext	0.284s	coverage: 13.7% of statements
ok  	github.com/docker/docker/builder/remotecontext/git	0.617s	coverage: 78.8% of statements
?   	github.com/docker/docker/cli	[no test files]
?   	github.com/docker/docker/cli/config	[no test files]
ok  	github.com/docker/docker/cli/debug	0.002s	coverage: 100.0% of statements
ok  	github.com/docker/docker/client	0.240s	coverage: 75.6% of statements
ok  	github.com/docker/docker/cmd/dockerd	0.044s	coverage: 31.4% of statements
ok  	github.com/docker/docker/cmd/dockerd/hack	0.003s	coverage: 72.9% of statements
ok  	github.com/docker/docker/container	0.112s	coverage: 35.4% of statements
?   	github.com/docker/docker/container/stream	[no test files]
?   	github.com/docker/docker/contrib/apparmor	[no test files]
?   	github.com/docker/docker/contrib/docker-device-tool	[no test files]
?   	github.com/docker/docker/contrib/httpserver	[no test files]
ok  	github.com/docker/docker/daemon	12.221s	coverage: 17.1% of statements
ok  	github.com/docker/docker/daemon/cluster	0.029s	coverage: 0.5% of statements
ok  	github.com/docker/docker/daemon/cluster/controllers/plugin	0.012s	coverage: 65.3% of statements
ok  	github.com/docker/docker/daemon/cluster/convert	0.006s	coverage: 28.0% of statements
?   	github.com/docker/docker/daemon/cluster/executor	[no test files]
ok  	github.com/docker/docker/daemon/cluster/executor/container	3.436s	coverage: 12.7% of statements
?   	github.com/docker/docker/daemon/cluster/provider	[no test files]
ok  	github.com/docker/docker/daemon/config	0.027s	coverage: 84.8% of statements
ok  	github.com/docker/docker/daemon/discovery	0.004s	coverage: 30.4% of statements
ok  	github.com/docker/docker/daemon/events	0.058s	coverage: 50.0% of statements
?   	github.com/docker/docker/daemon/events/testutils	[no test files]
?   	github.com/docker/docker/daemon/exec	[no test files]
ok  	github.com/docker/docker/daemon/graphdriver	0.004s	coverage: 2.2% of statements
ok  	github.com/docker/docker/daemon/graphdriver/aufs	11.546s	coverage: 73.6% of statements
ok  	github.com/docker/docker/daemon/graphdriver/btrfs	0.004s	coverage: 2.9% of statements
ok  	github.com/docker/docker/daemon/graphdriver/copy	0.189s	coverage: 57.0% of statements
ok  	github.com/docker/docker/daemon/graphdriver/devmapper	4.009s	coverage: 45.9% of statements
?   	github.com/docker/docker/daemon/graphdriver/graphtest	[no test files]
ok  	github.com/docker/docker/daemon/graphdriver/overlay	1.689s	coverage: 50.8% of statements
ok  	github.com/docker/docker/daemon/graphdriver/overlay2	5.057s	coverage: 56.8% of statements
?   	github.com/docker/docker/daemon/graphdriver/overlayutils	[no test files]
ok  	github.com/docker/docker/daemon/graphdriver/quota	0.667s	coverage: 75.2% of statements
?   	github.com/docker/docker/daemon/graphdriver/register	[no test files]
ok  	github.com/docker/docker/daemon/graphdriver/vfs	0.005s	coverage: 70.5% of statements
ok  	github.com/docker/docker/daemon/graphdriver/zfs	0.005s	coverage: 3.0% of statements
ok  	github.com/docker/docker/daemon/images	0.010s	coverage: 4.9% of statements
?   	github.com/docker/docker/daemon/initlayer	[no test files]
ok  	github.com/docker/docker/daemon/links	0.002s	coverage: 93.0% of statements
?   	github.com/docker/docker/daemon/listeners	[no test files]
ok  	github.com/docker/docker/daemon/logger	0.215s	coverage: 43.7% of statements
ok  	github.com/docker/docker/daemon/logger/awslogs	0.074s	coverage: 78.2% of statements
?   	github.com/docker/docker/daemon/logger/fluentd	[no test files]
?   	github.com/docker/docker/daemon/logger/gcplogs	[no test files]
ok  	github.com/docker/docker/daemon/logger/gelf	0.005s	coverage: 68.2% of statements
ok  	github.com/docker/docker/daemon/logger/journald	0.004s	coverage: 26.2% of statements
ok  	github.com/docker/docker/daemon/logger/jsonfilelog	0.006s	coverage: 62.1% of statements
ok  	github.com/docker/docker/daemon/logger/jsonfilelog/jsonlog	0.011s	coverage: 88.3% of statements
ok  	github.com/docker/docker/daemon/logger/local	0.013s	coverage: 74.7% of statements
?   	github.com/docker/docker/daemon/logger/logentries	[no test files]
ok  	github.com/docker/docker/daemon/logger/loggerutils	0.007s	coverage: 18.6% of statements
ok  	github.com/docker/docker/daemon/logger/splunk	1.532s	coverage: 84.5% of statements
ok  	github.com/docker/docker/daemon/logger/syslog	0.004s	coverage: 47.8% of statements
ok  	github.com/docker/docker/daemon/logger/templates	0.002s	coverage: 8.3% of statements
?   	github.com/docker/docker/daemon/names	[no test files]
ok  	github.com/docker/docker/daemon/network	0.003s	coverage: 57.1% of statements
?   	github.com/docker/docker/daemon/stats	[no test files]
ok  	github.com/docker/docker/distribution	0.267s	coverage: 16.8% of statements
ok  	github.com/docker/docker/distribution/metadata	0.026s	coverage: 48.2% of statements
?   	github.com/docker/docker/distribution/utils	[no test files]
ok  	github.com/docker/docker/distribution/xfer	1.429s	coverage: 83.4% of statements
?   	github.com/docker/docker/dockerversion	[no test files]
ok  	github.com/docker/docker/errdefs	0.002s	coverage: 76.0% of statements
ok  	github.com/docker/docker/image	0.015s	coverage: 86.3% of statements
ok  	github.com/docker/docker/image/cache	0.006s	coverage: 19.2% of statements
?   	github.com/docker/docker/image/tarexport	[no test files]
ok  	github.com/docker/docker/image/v1	0.006s	coverage: 25.0% of statements
ok  	github.com/docker/docker/internal/procfs	0.003s	coverage: 78.4% of statements
?   	github.com/docker/docker/internal/test	[no test files]
?   	github.com/docker/docker/internal/test/daemon	[no test files]
?   	github.com/docker/docker/internal/test/environment	[no test files]
?   	github.com/docker/docker/internal/test/fakecontext	[no test files]
?   	github.com/docker/docker/internal/test/fakegit	[no test files]
?   	github.com/docker/docker/internal/test/fakestorage	[no test files]
?   	github.com/docker/docker/internal/test/fixtures/load	[no test files]
?   	github.com/docker/docker/internal/test/fixtures/plugin	[no test files]
?   	github.com/docker/docker/internal/test/fixtures/plugin/basic	[no test files]
?   	github.com/docker/docker/internal/test/registry	[no test files]
?   	github.com/docker/docker/internal/test/request	[no test files]
ok  	github.com/docker/docker/internal/testutil	0.003s	coverage: 62.5% of statements
ok  	github.com/docker/docker/layer	7.922s	coverage: 71.4% of statements
ok  	github.com/docker/docker/libcontainerd	0.028s	coverage: 3.4% of statements
?   	github.com/docker/docker/libcontainerd/supervisor	[no test files]
?   	github.com/docker/docker/oci	[no test files]
?   	github.com/docker/docker/oci/caps	[no test files]
ok  	github.com/docker/docker/opts	0.019s	coverage: 68.4% of statements
ok  	github.com/docker/docker/pkg/aaparser	0.002s	coverage: 50.0% of statements
ok  	github.com/docker/docker/pkg/archive	0.507s	coverage: 76.6% of statements
ok  	github.com/docker/docker/pkg/authorization	0.482s	coverage: 66.7% of statements
ok  	github.com/docker/docker/pkg/broadcaster	0.002s	coverage: 100.0% of statements
ok  	github.com/docker/docker/pkg/chrootarchive	3.259s	coverage: 37.0% of statements
?   	github.com/docker/docker/pkg/containerfs	[no test files]
?   	github.com/docker/docker/pkg/devicemapper	[no test files]
ok  	github.com/docker/docker/pkg/directory	0.003s	coverage: 80.0% of statements
ok  	github.com/docker/docker/pkg/discovery	0.004s	coverage: 58.3% of statements
ok  	github.com/docker/docker/pkg/discovery/file	0.003s	coverage: 92.9% of statements
ok  	github.com/docker/docker/pkg/discovery/kv	3.109s	coverage: 84.1% of statements
ok  	github.com/docker/docker/pkg/discovery/memory	0.003s	coverage: 92.3% of statements
ok  	github.com/docker/docker/pkg/discovery/nodes	0.003s	coverage: 93.8% of statements
ok  	github.com/docker/docker/pkg/dmesg	0.003s	coverage: 83.3% of statements
ok  	github.com/docker/docker/pkg/filenotify	0.603s	coverage: 66.3% of statements
ok  	github.com/docker/docker/pkg/fileutils	0.005s	coverage: 89.5% of statements
ok  	github.com/docker/docker/pkg/fsutils	0.398s	coverage: 85.1% of statements
ok  	github.com/docker/docker/pkg/homedir	0.003s	coverage: 41.7% of statements
ok  	github.com/docker/docker/pkg/idtools	0.344s	coverage: 70.2% of statements
ok  	github.com/docker/docker/pkg/ioutils	0.352s	coverage: 69.1% of statements
ok  	github.com/docker/docker/pkg/jsonmessage	0.003s	coverage: 88.3% of statements
ok  	github.com/docker/docker/pkg/locker	0.008s	coverage: 88.9% of statements
ok  	github.com/docker/docker/pkg/longpath	0.002s	coverage: 100.0% of statements
?   	github.com/docker/docker/pkg/loopback	[no test files]
ok  	github.com/docker/docker/pkg/mount	0.993s	coverage: 68.6% of statements
ok  	github.com/docker/docker/pkg/namesgenerator	0.002s	coverage: 85.7% of statements
?   	github.com/docker/docker/pkg/namesgenerator/cmd/names-generator	[no test files]
ok  	github.com/docker/docker/pkg/parsers	0.002s	coverage: 97.0% of statements
ok  	github.com/docker/docker/pkg/parsers/kernel	0.002s	coverage: 60.0% of statements
ok  	github.com/docker/docker/pkg/parsers/operatingsystem	0.002s	coverage: 90.0% of statements
ok  	github.com/docker/docker/pkg/pidfile	0.002s	coverage: 82.4% of statements
?   	github.com/docker/docker/pkg/platform	[no test files]
?   	github.com/docker/docker/pkg/plugingetter	[no test files]
ok  	github.com/docker/docker/pkg/plugins	33.619s	coverage: 76.8% of statements
ok  	github.com/docker/docker/pkg/plugins/pluginrpc-gen	0.008s	coverage: 56.8% of statements
?   	github.com/docker/docker/pkg/plugins/pluginrpc-gen/fixtures	[no test files]
?   	github.com/docker/docker/pkg/plugins/pluginrpc-gen/fixtures/otherfixture	[no test files]
ok  	github.com/docker/docker/pkg/plugins/transport	0.003s	coverage: 85.7% of statements
ok  	github.com/docker/docker/pkg/pools	0.003s	coverage: 87.9% of statements
ok  	github.com/docker/docker/pkg/progress	0.002s	coverage: 75.9% of statements
ok  	github.com/docker/docker/pkg/pubsub	1.041s	coverage: 72.7% of statements
ok  	github.com/docker/docker/pkg/reexec	0.005s	coverage: 82.4% of statements
ok  	github.com/docker/docker/pkg/signal	2.410s	coverage: 61.0% of statements
?   	github.com/docker/docker/pkg/signal/testfiles	[no test files]
ok  	github.com/docker/docker/pkg/stdcopy	0.003s	coverage: 100.0% of statements
ok  	github.com/docker/docker/pkg/streamformatter	0.003s	coverage: 66.2% of statements
ok  	github.com/docker/docker/pkg/stringid	0.002s	coverage: 76.0% of statements
ok  	github.com/docker/docker/pkg/symlink	0.007s	coverage: 87.7% of statements
ok  	github.com/docker/docker/pkg/sysinfo	0.004s	coverage: 75.8% of statements
ok  	github.com/docker/docker/pkg/system	0.037s	coverage: 36.1% of statements
ok  	github.com/docker/docker/pkg/tailfile	0.012s	coverage: 88.6% of statements
ok  	github.com/docker/docker/pkg/tarsum	0.032s	coverage: 89.3% of statements
ok  	github.com/docker/docker/pkg/term	0.003s	coverage: 84.8% of statements
ok  	github.com/docker/docker/pkg/term/windows	0.002s	coverage: 0.0% of statements [no tests to run]
ok  	github.com/docker/docker/pkg/truncindex	0.103s	coverage: 91.5% of statements
ok  	github.com/docker/docker/pkg/urlutil	0.002s	coverage: 100.0% of statements
ok  	github.com/docker/docker/pkg/useragent	0.002s	coverage: 88.9% of statements
ok  	github.com/docker/docker/plugin	0.544s	coverage: 27.3% of statements
ok  	github.com/docker/docker/plugin/executor/containerd	0.007s	coverage: 33.3% of statements
ok  	github.com/docker/docker/plugin/v2	0.004s	coverage: 14.5% of statements
?   	github.com/docker/docker/profiles/apparmor	[no test files]
ok  	github.com/docker/docker/profiles/seccomp	0.003s	coverage: 81.0% of statements
ok  	github.com/docker/docker/reference	0.006s	coverage: 83.7% of statements
ok  	github.com/docker/docker/registry	0.151s	coverage: 57.0% of statements
ok  	github.com/docker/docker/registry/resumable	0.015s	coverage: 100.0% of statements
ok  	github.com/docker/docker/restartmanager	0.002s	coverage: 47.1% of statements
ok  	github.com/docker/docker/runconfig	0.007s	coverage: 68.2% of statements
?   	github.com/docker/docker/runconfig/opts	[no test files]
?   	github.com/docker/docker/volume	[no test files]
ok  	github.com/docker/docker/volume/drivers	0.004s	coverage: 36.1% of statements
ok  	github.com/docker/docker/volume/local	0.035s	coverage: 73.0% of statements
ok  	github.com/docker/docker/volume/mounts	0.026s	coverage: 66.8% of statements
ok  	github.com/docker/docker/volume/service	0.009s	coverage: 73.0% of statements
?   	github.com/docker/docker/volume/service/opts	[no test files]
?   	github.com/docker/docker/volume/testutils	[no test files]

Removing bundles/

---> Making bundle: dynbinary (in bundles/dynbinary)
Building: bundles/dynbinary-daemon/dockerd-dev
Created binary: bundles/dynbinary-daemon/dockerd-dev

---> Making bundle: test-integration (in bundles/test-integration)
Building test suite binary ./integration-cli/test.main
Building test suite binary ./integration/config/test.main
Building test suite binary ./integration/secret/test.main
Building test suite binary ./integration/session/test.main
Building test suite binary ./integration/plugin/test.main
Building test suite binary ./integration/plugin/logging/test.main
Building test suite binary ./integration/plugin/logging/cmd/test.main
Building test suite binary ./integration/plugin/logging/cmd/dummy/test.main
Building test suite binary ./integration/plugin/logging/cmd/close_on_start/test.main
Building test suite binary ./integration/plugin/authz/test.main
Building test suite binary ./integration/plugin/graphdriver/test.main
Building test suite binary ./integration/plugin/common/test.main
Building test suite binary ./integration/plugin/volumes/test.main
Building test suite binary ./integration/plugin/volumes/cmd/test.main
Building test suite binary ./integration/plugin/volumes/cmd/dummy/test.main
Building test suite binary ./integration/container/test.main
Building test suite binary ./integration/system/test.main
Building test suite binary ./integration/volume/test.main
Building test suite binary ./integration/build/test.main
Building test suite binary ./integration/network/test.main
Building test suite binary ./integration/network/ipvlan/test.main
Building test suite binary ./integration/network/macvlan/test.main
Building test suite binary ./integration/service/test.main
Building test suite binary ./integration/image/test.main
---> Making bundle: .integration-daemon-start (in bundles/test-integration)
Using test binary docker
/etc/init.d/apparmor: 130: /etc/init.d/apparmor: systemd-detect-virt: not found
Starting AppArmor profiles:Warning from stdin (line 1): /sbin/apparmor_parser: cannot use or update cache, disable, or force-complain via stdin
Warning failed to create cache: (null)
.
Starting dockerd
INFO: Waiting for daemon to start...
.
---> Making bundle: .integration-daemon-setup (in bundles/test-integration)
---> Making bundle: .ensure-emptyfs (in bundles/test-integration)
Error: No such image: emptyfs
Running integration-test (iteration 1)
Running /go/src/github.com/docker/docker/integration/config
Loaded image: buildpack-deps:jessie
Loaded image: busybox:latest
Loaded image: busybox:glibc
Loaded image: debian:jessie
Loaded image: hello-world:latest
INFO: Testing against a local daemon
=== RUN   TestConfigList
--- PASS: TestConfigList (2.81s)
    daemon.go:296: [d47c7bfb117e7] waiting for daemon to start
    daemon.go:328: [d47c7bfb117e7] daemon started
    daemon.go:283: [d47c7bfb117e7] exiting daemon
=== RUN   TestConfigsCreateAndDelete
--- PASS: TestConfigsCreateAndDelete (2.77s)
    daemon.go:296: [dc8ce76a3898c] waiting for daemon to start
    daemon.go:328: [dc8ce76a3898c] daemon started
    daemon.go:283: [dc8ce76a3898c] exiting daemon
=== RUN   TestConfigsUpdate
--- PASS: TestConfigsUpdate (2.83s)
    daemon.go:296: [de30975a4ed6c] waiting for daemon to start
    daemon.go:328: [de30975a4ed6c] daemon started
    daemon.go:283: [de30975a4ed6c] exiting daemon
=== RUN   TestTemplatedConfig
--- PASS: TestTemplatedConfig (3.28s)
    daemon.go:296: [d88dc71e89fca] waiting for daemon to start
    daemon.go:328: [d88dc71e89fca] daemon started
    daemon.go:283: [d88dc71e89fca] exiting daemon
=== RUN   TestConfigInspect
--- PASS: TestConfigInspect (2.90s)
    daemon.go:296: [dcb9f2c615c3e] waiting for daemon to start
    daemon.go:328: [dcb9f2c615c3e] daemon started
    daemon.go:283: [dcb9f2c615c3e] exiting daemon
=== RUN   TestConfigCreateWithLabels
--- PASS: TestConfigCreateWithLabels (3.05s)
    daemon.go:296: [d086a5301b274] waiting for daemon to start
    daemon.go:328: [d086a5301b274] daemon started
    daemon.go:283: [d086a5301b274] exiting daemon
=== RUN   TestConfigCreateResolve
--- PASS: TestConfigCreateResolve (3.24s)
    daemon.go:296: [df067da539776] waiting for daemon to start
    daemon.go:328: [df067da539776] daemon started
    daemon.go:283: [df067da539776] exiting daemon
PASS
Running /go/src/github.com/docker/docker/integration/secret
INFO: Testing against a local daemon
=== RUN   TestSecretInspect
--- PASS: TestSecretInspect (3.93s)
    daemon.go:296: [d5995a2f0d4dd] waiting for daemon to start
    daemon.go:328: [d5995a2f0d4dd] daemon started
    daemon.go:283: [d5995a2f0d4dd] exiting daemon
=== RUN   TestSecretList
--- PASS: TestSecretList (3.28s)
    daemon.go:296: [da0b83ff233f5] waiting for daemon to start
    daemon.go:328: [da0b83ff233f5] daemon started
    daemon.go:283: [da0b83ff233f5] exiting daemon
=== RUN   TestSecretsCreateAndDelete
--- PASS: TestSecretsCreateAndDelete (3.90s)
    daemon.go:296: [ddfa4455efb59] waiting for daemon to start
    daemon.go:328: [ddfa4455efb59] daemon started
    daemon.go:283: [ddfa4455efb59] exiting daemon
=== RUN   TestSecretsUpdate
--- PASS: TestSecretsUpdate (3.23s)
    daemon.go:296: [d79b884951aca] waiting for daemon to start
    daemon.go:328: [d79b884951aca] daemon started
    daemon.go:283: [d79b884951aca] exiting daemon
=== RUN   TestTemplatedSecret
--- PASS: TestTemplatedSecret (4.13s)
    daemon.go:296: [d49fa947e2f17] waiting for daemon to start
    daemon.go:328: [d49fa947e2f17] daemon started
    daemon.go:283: [d49fa947e2f17] exiting daemon
=== RUN   TestSecretCreateResolve
--- PASS: TestSecretCreateResolve (2.88s)
    daemon.go:296: [da33ca4c73fb1] waiting for daemon to start
    daemon.go:328: [da33ca4c73fb1] daemon started
    daemon.go:283: [da33ca4c73fb1] exiting daemon
PASS
Running /go/src/github.com/docker/docker/integration/session
INFO: Testing against a local daemon
=== RUN   TestSessionCreate
--- SKIP: TestSessionCreate (0.00s)
    session_test.go:14: !testEnv.DaemonInfo.ExperimentalBuild
=== RUN   TestSessionCreateWithBadUpgrade
--- SKIP: TestSessionCreateWithBadUpgrade (0.00s)
    session_test.go:31: !testEnv.DaemonInfo.ExperimentalBuild
PASS
Running /go/src/github.com/docker/docker/integration/plugin
testing: warning: no tests to run
PASS
Running /go/src/github.com/docker/docker/integration/plugin/logging
INFO: Testing against a local daemon
=== RUN   TestContinueAfterPluginCrash
=== PAUSE TestContinueAfterPluginCrash
=== RUN   TestDaemonStartWithLogOpt
=== PAUSE TestDaemonStartWithLogOpt
=== CONT  TestContinueAfterPluginCrash
=== CONT  TestDaemonStartWithLogOpt
--- PASS: TestDaemonStartWithLogOpt (8.20s)
    daemon.go:296: [db41704d663ad] waiting for daemon to start
    daemon.go:328: [db41704d663ad] daemon started
    daemon.go:283: [db41704d663ad] exiting daemon
    daemon.go:296: [db41704d663ad] waiting for daemon to start
    daemon.go:328: [db41704d663ad] daemon started
    daemon.go:283: [db41704d663ad] exiting daemon
--- PASS: TestContinueAfterPluginCrash (13.89s)
    daemon.go:296: [df79f4cc984d0] waiting for daemon to start
    daemon.go:328: [df79f4cc984d0] daemon started
    daemon.go:283: [df79f4cc984d0] exiting daemon
PASS
Running /go/src/github.com/docker/docker/integration/plugin/logging/cmd
testing: warning: no tests to run
PASS
Running /go/src/github.com/docker/docker/integration/plugin/logging/cmd/dummy
testing: warning: no tests to run
PASS
Running /go/src/github.com/docker/docker/integration/plugin/logging/cmd/close_on_start
testing: warning: no tests to run
PASS
Running /go/src/github.com/docker/docker/integration/plugin/authz
INFO: Testing against a local daemon
=== RUN   TestAuthZPluginAllowRequest
--- PASS: TestAuthZPluginAllowRequest (1.60s)
    daemon.go:296: [d0b3013143e67] waiting for daemon to start
    daemon.go:328: [d0b3013143e67] daemon started
    daemon.go:283: [d0b3013143e67] exiting daemon
=== RUN   TestAuthZPluginTLS
--- PASS: TestAuthZPluginTLS (0.53s)
    daemon.go:296: [db5d4733a3fed] waiting for daemon to start
    daemon.go:328: [db5d4733a3fed] daemon started
    daemon.go:283: [db5d4733a3fed] exiting daemon
=== RUN   TestAuthZPluginDenyRequest
--- PASS: TestAuthZPluginDenyRequest (0.53s)
    daemon.go:296: [d43265a52caa1] waiting for daemon to start
    daemon.go:328: [d43265a52caa1] daemon started
    daemon.go:283: [d43265a52caa1] exiting daemon
=== RUN   TestAuthZPluginAPIDenyResponse
--- PASS: TestAuthZPluginAPIDenyResponse (0.53s)
    daemon.go:296: [d93e053d98177] waiting for daemon to start
    daemon.go:328: [d93e053d98177] daemon started
    daemon.go:283: [d93e053d98177] exiting daemon
=== RUN   TestAuthZPluginDenyResponse
--- PASS: TestAuthZPluginDenyResponse (0.53s)
    daemon.go:296: [d57c853c509b2] waiting for daemon to start
    daemon.go:328: [d57c853c509b2] daemon started
    daemon.go:283: [d57c853c509b2] exiting daemon
=== RUN   TestAuthZPluginAllowEventStream
--- PASS: TestAuthZPluginAllowEventStream (1.55s)
    daemon.go:296: [d370ecba1dac3] waiting for daemon to start
    daemon.go:328: [d370ecba1dac3] daemon started
    daemon.go:283: [d370ecba1dac3] exiting daemon
=== RUN   TestAuthZPluginErrorResponse
--- PASS: TestAuthZPluginErrorResponse (0.53s)
    daemon.go:296: [db8f1e2a39b76] waiting for daemon to start
    daemon.go:328: [db8f1e2a39b76] daemon started
    daemon.go:283: [db8f1e2a39b76] exiting daemon
=== RUN   TestAuthZPluginErrorRequest
--- PASS: TestAuthZPluginErrorRequest (0.53s)
    daemon.go:296: [dbbcbd662e944] waiting for daemon to start
    daemon.go:328: [dbbcbd662e944] daemon started
    daemon.go:283: [dbbcbd662e944] exiting daemon
=== RUN   TestAuthZPluginEnsureNoDuplicatePluginRegistration
--- PASS: TestAuthZPluginEnsureNoDuplicatePluginRegistration (0.53s)
    daemon.go:296: [df3bf75e29e2c] waiting for daemon to start
    daemon.go:328: [df3bf75e29e2c] daemon started
    daemon.go:283: [df3bf75e29e2c] exiting daemon
=== RUN   TestAuthZPluginEnsureLoadImportWorking
--- PASS: TestAuthZPluginEnsureLoadImportWorking (1.92s)
    daemon.go:296: [d29e63d28d737] waiting for daemon to start
    daemon.go:328: [d29e63d28d737] daemon started
    daemon.go:283: [d29e63d28d737] exiting daemon
=== RUN   TestAuthzPluginEnsureContainerCopyToFrom
--- PASS: TestAuthzPluginEnsureContainerCopyToFrom (1.93s)
    daemon.go:296: [d4b7ea0ef2d60] waiting for daemon to start
    daemon.go:328: [d4b7ea0ef2d60] daemon started
    daemon.go:283: [d4b7ea0ef2d60] exiting daemon
=== RUN   TestAuthZPluginHeader
--- PASS: TestAuthZPluginHeader (0.82s)
    daemon.go:296: [d35780c029964] waiting for daemon to start
    daemon.go:328: [d35780c029964] daemon started
    daemon.go:283: [d35780c029964] exiting daemon
=== RUN   TestAuthZPluginV2AllowNonVolumeRequest
--- SKIP: TestAuthZPluginV2AllowNonVolumeRequest (0.00s)
    authz_plugin_v2_test.go:43: os.Getenv("DOCKER_ENGINE_GOARCH") != "amd64"
=== RUN   TestAuthZPluginV2Disable
--- SKIP: TestAuthZPluginV2Disable (0.00s)
    authz_plugin_v2_test.go:67: os.Getenv("DOCKER_ENGINE_GOARCH") != "amd64"
=== RUN   TestAuthZPluginV2RejectVolumeRequests
--- SKIP: TestAuthZPluginV2RejectVolumeRequests (0.00s)
    authz_plugin_v2_test.go:94: os.Getenv("DOCKER_ENGINE_GOARCH") != "amd64"
=== RUN   TestAuthZPluginV2BadManifestFailsDaemonStart
--- SKIP: TestAuthZPluginV2BadManifestFailsDaemonStart (0.00s)
    authz_plugin_v2_test.go:130: os.Getenv("DOCKER_ENGINE_GOARCH") != "amd64"
=== RUN   TestAuthZPluginV2NonexistentFailsDaemonStart
--- PASS: TestAuthZPluginV2NonexistentFailsDaemonStart (16.51s)
    daemon.go:296: [d1bf99096359f] waiting for daemon to start
    daemon.go:328: [d1bf99096359f] daemon started
    daemon.go:283: [d1bf99096359f] exiting daemon
    daemon.go:296: [d1bf99096359f] waiting for daemon to start
    daemon.go:296: [d1bf99096359f] waiting for daemon to start
    daemon.go:296: [d1bf99096359f] waiting for daemon to start
    daemon.go:328: [d1bf99096359f] daemon started
    daemon.go:283: [d1bf99096359f] exiting daemon
PASS
Running /go/src/github.com/docker/docker/integration/plugin/graphdriver
INFO: Testing against a local daemon
=== RUN   TestExternalGraphDriver
=== RUN   TestExternalGraphDriver/json
=== RUN   TestExternalGraphDriver/spec
=== RUN   TestExternalGraphDriver/pull
--- PASS: TestExternalGraphDriver (6.32s)
    daemon.go:296: [d229eb64a74ed] waiting for daemon to start
    daemon.go:328: [d229eb64a74ed] daemon started
    daemon.go:283: [d229eb64a74ed] exiting daemon
    daemon.go:296: [d229eb64a74ed] waiting for daemon to start
    daemon.go:328: [d229eb64a74ed] daemon started
    daemon.go:283: [d229eb64a74ed] exiting daemon
    --- PASS: TestExternalGraphDriver/json (2.05s)
    daemon.go:296: [d229eb64a74ed] waiting for daemon to start
    daemon.go:328: [d229eb64a74ed] daemon started
    daemon.go:283: [d229eb64a74ed] exiting daemon
    daemon.go:296: [d229eb64a74ed] waiting for daemon to start
    daemon.go:328: [d229eb64a74ed] daemon started
    daemon.go:283: [d229eb64a74ed] exiting daemon
    --- PASS: TestExternalGraphDriver/spec (2.08s)
    daemon.go:296: [d229eb64a74ed] waiting for daemon to start
    daemon.go:328: [d229eb64a74ed] daemon started
    daemon.go:283: [d229eb64a74ed] exiting daemon
    --- PASS: TestExternalGraphDriver/pull (2.03s)
=== RUN   TestGraphdriverPluginV2
--- SKIP: TestGraphdriverPluginV2 (0.06s)
    external_test.go:410: os.Getenv("DOCKER_ENGINE_GOARCH") != "amd64"
PASS
Running /go/src/github.com/docker/docker/integration/plugin/common
INFO: Testing against a local daemon
=== RUN   TestPluginInvalidJSON
=== RUN   TestPluginInvalidJSON//plugins/foobar/set
=== PAUSE TestPluginInvalidJSON//plugins/foobar/set
=== CONT  TestPluginInvalidJSON//plugins/foobar/set
--- PASS: TestPluginInvalidJSON (0.02s)
    --- PASS: TestPluginInvalidJSON//plugins/foobar/set (0.00s)
PASS
Running /go/src/github.com/docker/docker/integration/plugin/volumes
INFO: Testing against a local daemon
=== RUN   TestPluginWithDevMounts
=== PAUSE TestPluginWithDevMounts
=== CONT  TestPluginWithDevMounts
--- PASS: TestPluginWithDevMounts (1.86s)
    daemon.go:296: [deb2896978f9c] waiting for daemon to start
    daemon.go:328: [deb2896978f9c] daemon started
    daemon.go:283: [deb2896978f9c] exiting daemon
PASS
Running /go/src/github.com/docker/docker/integration/plugin/volumes/cmd
testing: warning: no tests to run
PASS
Running /go/src/github.com/docker/docker/integration/plugin/volumes/cmd/dummy
testing: warning: no tests to run
PASS
Running /go/src/github.com/docker/docker/integration/container
INFO: Testing against a local daemon
=== RUN   TestContainerInvalidJSON
=== RUN   TestContainerInvalidJSON//containers/foobar/copy
=== PAUSE TestContainerInvalidJSON//containers/foobar/copy
=== RUN   TestContainerInvalidJSON//containers/foobar/exec
=== PAUSE TestContainerInvalidJSON//containers/foobar/exec
=== RUN   TestContainerInvalidJSON//exec/foobar/start
=== PAUSE TestContainerInvalidJSON//exec/foobar/start
=== CONT  TestContainerInvalidJSON//containers/foobar/copy
=== CONT  TestContainerInvalidJSON//exec/foobar/start
=== CONT  TestContainerInvalidJSON//containers/foobar/exec
--- PASS: TestContainerInvalidJSON (0.01s)
    --- PASS: TestContainerInvalidJSON//exec/foobar/start (0.00s)
    --- PASS: TestContainerInvalidJSON//containers/foobar/copy (0.00s)
    --- PASS: TestContainerInvalidJSON//containers/foobar/exec (0.00s)
=== RUN   TestCopyFromContainerPathDoesNotExist
--- PASS: TestCopyFromContainerPathDoesNotExist (0.07s)
=== RUN   TestCopyFromContainerPathIsNotDir
--- PASS: TestCopyFromContainerPathIsNotDir (0.06s)
=== RUN   TestCopyToContainerPathDoesNotExist
--- PASS: TestCopyToContainerPathDoesNotExist (0.06s)
=== RUN   TestCopyToContainerPathIsNotDir
--- PASS: TestCopyToContainerPathIsNotDir (0.07s)
=== RUN   TestCreateFailsWhenIdentifierDoesNotExist
=== RUN   TestCreateFailsWhenIdentifierDoesNotExist/image_and_tag
=== PAUSE TestCreateFailsWhenIdentifierDoesNotExist/image_and_tag
=== RUN   TestCreateFailsWhenIdentifierDoesNotExist/image_no_tag
=== PAUSE TestCreateFailsWhenIdentifierDoesNotExist/image_no_tag
=== RUN   TestCreateFailsWhenIdentifierDoesNotExist/digest
=== PAUSE TestCreateFailsWhenIdentifierDoesNotExist/digest
=== CONT  TestCreateFailsWhenIdentifierDoesNotExist/image_and_tag
=== CONT  TestCreateFailsWhenIdentifierDoesNotExist/digest
=== CONT  TestCreateFailsWhenIdentifierDoesNotExist/image_no_tag
--- PASS: TestCreateFailsWhenIdentifierDoesNotExist (0.01s)
    --- PASS: TestCreateFailsWhenIdentifierDoesNotExist/image_and_tag (0.00s)
    --- PASS: TestCreateFailsWhenIdentifierDoesNotExist/image_no_tag (0.00s)
    --- PASS: TestCreateFailsWhenIdentifierDoesNotExist/digest (0.00s)
=== RUN   TestCreateWithInvalidEnv
=== RUN   TestCreateWithInvalidEnv/0
=== PAUSE TestCreateWithInvalidEnv/0
=== RUN   TestCreateWithInvalidEnv/1
=== PAUSE TestCreateWithInvalidEnv/1
=== RUN   TestCreateWithInvalidEnv/2
=== PAUSE TestCreateWithInvalidEnv/2
=== CONT  TestCreateWithInvalidEnv/0
=== CONT  TestCreateWithInvalidEnv/2
=== CONT  TestCreateWithInvalidEnv/1
--- PASS: TestCreateWithInvalidEnv (0.00s)
    --- PASS: TestCreateWithInvalidEnv/0 (0.00s)
    --- PASS: TestCreateWithInvalidEnv/2 (0.00s)
    --- PASS: TestCreateWithInvalidEnv/1 (0.00s)
=== RUN   TestCreateTmpfsMountsTarget
--- PASS: TestCreateTmpfsMountsTarget (0.02s)
=== RUN   TestCreateWithCustomMaskedPaths
--- PASS: TestCreateWithCustomMaskedPaths (2.39s)
=== RUN   TestCreateWithCustomReadonlyPaths
--- PASS: TestCreateWithCustomReadonlyPaths (2.44s)
=== RUN   TestCreateWithInvalidHealthcheckParams
=== RUN   TestCreateWithInvalidHealthcheckParams/test_invalid_Interval_in_Healthcheck:_less_than_0s
=== PAUSE TestCreateWithInvalidHealthcheckParams/test_invalid_Interval_in_Healthcheck:_less_than_0s
=== RUN   TestCreateWithInvalidHealthcheckParams/test_invalid_Interval_in_Healthcheck:_larger_than_0s_but_less_than_1ms
=== PAUSE TestCreateWithInvalidHealthcheckParams/test_invalid_Interval_in_Healthcheck:_larger_than_0s_but_less_than_1ms
=== RUN   TestCreateWithInvalidHealthcheckParams/test_invalid_Timeout_in_Healthcheck:_less_than_1ms
=== PAUSE TestCreateWithInvalidHealthcheckParams/test_invalid_Timeout_in_Healthcheck:_less_than_1ms
=== RUN   TestCreateWithInvalidHealthcheckParams/test_invalid_Retries_in_Healthcheck:_less_than_0
=== PAUSE TestCreateWithInvalidHealthcheckParams/test_invalid_Retries_in_Healthcheck:_less_than_0
=== RUN   TestCreateWithInvalidHealthcheckParams/test_invalid_StartPeriod_in_Healthcheck:_not_0_and_less_than_1ms
=== PAUSE TestCreateWithInvalidHealthcheckParams/test_invalid_StartPeriod_in_Healthcheck:_not_0_and_less_than_1ms
=== CONT  TestCreateWithInvalidHealthcheckParams/test_invalid_Interval_in_Healthcheck:_less_than_0s
=== CONT  TestCreateWithInvalidHealthcheckParams/test_invalid_StartPeriod_in_Healthcheck:_not_0_and_less_than_1ms
=== CONT  TestCreateWithInvalidHealthcheckParams/test_invalid_Retries_in_Healthcheck:_less_than_0
=== CONT  TestCreateWithInvalidHealthcheckParams/test_invalid_Timeout_in_Healthcheck:_less_than_1ms
=== CONT  TestCreateWithInvalidHealthcheckParams/test_invalid_Interval_in_Healthcheck:_larger_than_0s_but_less_than_1ms
--- PASS: TestCreateWithInvalidHealthcheckParams (0.02s)
    --- PASS: TestCreateWithInvalidHealthcheckParams/test_invalid_StartPeriod_in_Healthcheck:_not_0_and_less_than_1ms (0.00s)
    --- PASS: TestCreateWithInvalidHealthcheckParams/test_invalid_Retries_in_Healthcheck:_less_than_0 (0.00s)
    --- PASS: TestCreateWithInvalidHealthcheckParams/test_invalid_Timeout_in_Healthcheck:_less_than_1ms (0.00s)
    --- PASS: TestCreateWithInvalidHealthcheckParams/test_invalid_Interval_in_Healthcheck:_larger_than_0s_but_less_than_1ms (0.00s)
    --- PASS: TestCreateWithInvalidHealthcheckParams/test_invalid_Interval_in_Healthcheck:_less_than_0s (0.01s)
=== RUN   TestContainerStartOnDaemonRestart
=== PAUSE TestContainerStartOnDaemonRestart
=== RUN   TestDiff
--- PASS: TestDiff (0.91s)
=== RUN   TestExecWithCloseStdin
--- PASS: TestExecWithCloseStdin (1.01s)
=== RUN   TestExec
--- PASS: TestExec (0.98s)
=== RUN   TestExportContainerAndImportImage
--- PASS: TestExportContainerAndImportImage (1.05s)
=== RUN   TestExportContainerAfterDaemonRestart
--- PASS: TestExportContainerAfterDaemonRestart (1.38s)
    daemon.go:296: [dacc7796b1bb4] waiting for daemon to start
    daemon.go:328: [dacc7796b1bb4] daemon started
    daemon.go:283: [dacc7796b1bb4] exiting daemon
    daemon.go:296: [dacc7796b1bb4] waiting for daemon to start
    daemon.go:328: [dacc7796b1bb4] daemon started
    daemon.go:283: [dacc7796b1bb4] exiting daemon
=== RUN   TestHealthCheckWorkdir
--- PASS: TestHealthCheckWorkdir (1.06s)
=== RUN   TestInspectCpusetInConfigPre120
--- PASS: TestInspectCpusetInConfigPre120 (0.92s)
=== RUN   TestIpcModeNone
--- PASS: TestIpcModeNone (0.97s)
=== RUN   TestIpcModePrivate
--- PASS: TestIpcModePrivate (1.01s)
    ipcmode_test.go:87: [testIpcPrivateShareable] ipcmode: private, ipcdev: 0:56, shared: false, mustBeShared: false
=== RUN   TestIpcModeShareable
--- PASS: TestIpcModeShareable (1.03s)
    ipcmode_test.go:87: [testIpcPrivateShareable] ipcmode: shareable, ipcdev: 0:50, shared: true, mustBeShared: true
=== RUN   TestAPIIpcModeShareableAndContainer
--- PASS: TestAPIIpcModeShareableAndContainer (2.68s)
=== RUN   TestAPIIpcModeHost
--- PASS: TestAPIIpcModeHost (0.79s)
=== RUN   TestDaemonIpcModeShareable
--- PASS: TestDaemonIpcModeShareable (1.59s)
    daemon.go:296: [da0b11204934e] waiting for daemon to start
    daemon.go:328: [da0b11204934e] daemon started
    ipcmode_test.go:255: [testDaemonIpcPrivateShareable] ipcdev: 0:57, shared: true, mustBeShared: true
    daemon.go:283: [da0b11204934e] exiting daemon
=== RUN   TestDaemonIpcModePrivate
--- PASS: TestDaemonIpcModePrivate (1.60s)
    daemon.go:296: [d7d84b02c9840] waiting for daemon to start
    daemon.go:328: [d7d84b02c9840] daemon started
    ipcmode_test.go:255: [testDaemonIpcPrivateShareable] ipcdev: 0:63, shared: false, mustBeShared: false
    daemon.go:283: [d7d84b02c9840] exiting daemon
=== RUN   TestDaemonIpcModePrivateFromConfig
--- PASS: TestDaemonIpcModePrivateFromConfig (1.62s)
    daemon.go:296: [d312020431c26] waiting for daemon to start
    daemon.go:328: [d312020431c26] daemon started
    ipcmode_test.go:255: [testDaemonIpcPrivateShareable] ipcdev: 0:63, shared: false, mustBeShared: false
    daemon.go:283: [d312020431c26] exiting daemon
=== RUN   TestDaemonIpcModeShareableFromConfig
--- PASS: TestDaemonIpcModeShareableFromConfig (1.61s)
    daemon.go:296: [d392495dc4fd1] waiting for daemon to start
    daemon.go:328: [d392495dc4fd1] daemon started
    ipcmode_test.go:255: [testDaemonIpcPrivateShareable] ipcdev: 0:57, shared: true, mustBeShared: true
    daemon.go:283: [d392495dc4fd1] exiting daemon
=== RUN   TestKillContainerInvalidSignal
--- PASS: TestKillContainerInvalidSignal (0.85s)
=== RUN   TestKillContainer
=== RUN   TestKillContainer/no_signal
=== RUN   TestKillContainer/non_killing_signal
=== RUN   TestKillContainer/killing_signal
--- PASS: TestKillContainer (2.54s)
    --- PASS: TestKillContainer/no_signal (0.83s)
    --- PASS: TestKillContainer/non_killing_signal (0.59s)
    --- PASS: TestKillContainer/killing_signal (0.75s)
=== RUN   TestKillWithStopSignalAndRestartPolicies
=== RUN   TestKillWithStopSignalAndRestartPolicies/same-signal-disables-restart-policy
=== RUN   TestKillWithStopSignalAndRestartPolicies/different-signal-keep-restart-policy
--- PASS: TestKillWithStopSignalAndRestartPolicies (1.70s)
    --- PASS: TestKillWithStopSignalAndRestartPolicies/same-signal-disables-restart-policy (0.83s)
    --- PASS: TestKillWithStopSignalAndRestartPolicies/different-signal-keep-restart-policy (0.53s)
=== RUN   TestKillStoppedContainer
--- PASS: TestKillStoppedContainer (0.05s)
=== RUN   TestKillStoppedContainerAPIPre120
--- PASS: TestKillStoppedContainerAPIPre120 (0.06s)
=== RUN   TestKillDifferentUserContainer
--- PASS: TestKillDifferentUserContainer (0.74s)
=== RUN   TestInspectOomKilledTrue
--- SKIP: TestInspectOomKilledTrue (0.00s)
    kill_test.go:153: testEnv.DaemonInfo.OSType == "windows" || !testEnv.DaemonInfo.MemoryLimit || !testEnv.DaemonInfo.SwapLimit
=== RUN   TestInspectOomKilledFalse
--- SKIP: TestInspectOomKilledFalse (0.00s)
    kill_test.go:171: testEnv.DaemonInfo.OSType == "windows" || !testEnv.DaemonInfo.MemoryLimit || !testEnv.DaemonInfo.SwapLimit
=== RUN   TestLinksEtcHostsContentMatch
--- PASS: TestLinksEtcHostsContentMatch (0.58s)
=== RUN   TestLinksContainerNames
--- PASS: TestLinksContainerNames (1.48s)
=== RUN   TestLogsFollowTailEmpty
--- PASS: TestLogsFollowTailEmpty (0.89s)
=== RUN   TestContainerNetworkMountsNoChown
--- PASS: TestContainerNetworkMountsNoChown (0.84s)
=== RUN   TestMountDaemonRoot
=== RUN   TestMountDaemonRoot/default
=== PAUSE TestMountDaemonRoot/default
=== RUN   TestMountDaemonRoot/private
=== PAUSE TestMountDaemonRoot/private
=== RUN   TestMountDaemonRoot/rprivate
=== PAUSE TestMountDaemonRoot/rprivate
=== RUN   TestMountDaemonRoot/slave
=== PAUSE TestMountDaemonRoot/slave
=== RUN   TestMountDaemonRoot/rslave
=== PAUSE TestMountDaemonRoot/rslave
=== RUN   TestMountDaemonRoot/shared
=== PAUSE TestMountDaemonRoot/shared
=== RUN   TestMountDaemonRoot/rshared
=== PAUSE TestMountDaemonRoot/rshared
=== CONT  TestMountDaemonRoot/default
=== RUN   TestMountDaemonRoot/default/bind_root
=== PAUSE TestMountDaemonRoot/default/bind_root
=== RUN   TestMountDaemonRoot/default/bind_subpath
=== PAUSE TestMountDaemonRoot/default/bind_subpath
=== RUN   TestMountDaemonRoot/default/mount_root
=== PAUSE TestMountDaemonRoot/default/mount_root
=== RUN   TestMountDaemonRoot/default/mount_subpath
=== PAUSE TestMountDaemonRoot/default/mount_subpath
=== CONT  TestMountDaemonRoot/default/bind_root
=== CONT  TestMountDaemonRoot/rshared
=== RUN   TestMountDaemonRoot/rshared/bind_root
=== PAUSE TestMountDaemonRoot/rshared/bind_root
=== RUN   TestMountDaemonRoot/rshared/bind_subpath
=== PAUSE TestMountDaemonRoot/rshared/bind_subpath
=== RUN   TestMountDaemonRoot/rshared/mount_root
=== PAUSE TestMountDaemonRoot/rshared/mount_root
=== RUN   TestMountDaemonRoot/rshared/mount_subpath
=== PAUSE TestMountDaemonRoot/rshared/mount_subpath
=== CONT  TestMountDaemonRoot/rshared/bind_root
=== CONT  TestMountDaemonRoot/shared
=== RUN   TestMountDaemonRoot/shared/bind_root
=== PAUSE TestMountDaemonRoot/shared/bind_root
=== RUN   TestMountDaemonRoot/shared/bind_subpath
=== PAUSE TestMountDaemonRoot/shared/bind_subpath
=== RUN   TestMountDaemonRoot/shared/mount_root
=== PAUSE TestMountDaemonRoot/shared/mount_root
=== RUN   TestMountDaemonRoot/shared/mount_subpath
=== PAUSE TestMountDaemonRoot/shared/mount_subpath
=== CONT  TestMountDaemonRoot/rslave
=== RUN   TestMountDaemonRoot/rslave/mount_root
=== PAUSE TestMountDaemonRoot/rslave/mount_root
=== RUN   TestMountDaemonRoot/rslave/mount_subpath
=== PAUSE TestMountDaemonRoot/rslave/mount_subpath
=== RUN   TestMountDaemonRoot/rslave/bind_root
=== PAUSE TestMountDaemonRoot/rslave/bind_root
=== RUN   TestMountDaemonRoot/rslave/bind_subpath
=== PAUSE TestMountDaemonRoot/rslave/bind_subpath
=== CONT  TestMountDaemonRoot/slave
=== RUN   TestMountDaemonRoot/slave/mount_root
=== PAUSE TestMountDaemonRoot/slave/mount_root
=== RUN   TestMountDaemonRoot/slave/mount_subpath
=== PAUSE TestMountDaemonRoot/slave/mount_subpath
=== RUN   TestMountDaemonRoot/slave/bind_root
=== PAUSE TestMountDaemonRoot/slave/bind_root
=== RUN   TestMountDaemonRoot/slave/bind_subpath
=== PAUSE TestMountDaemonRoot/slave/bind_subpath
=== CONT  TestMountDaemonRoot/rprivate
=== RUN   TestMountDaemonRoot/rprivate/bind_root
=== PAUSE TestMountDaemonRoot/rprivate/bind_root
=== RUN   TestMountDaemonRoot/rprivate/bind_subpath
=== PAUSE TestMountDaemonRoot/rprivate/bind_subpath
=== RUN   TestMountDaemonRoot/rprivate/mount_root
=== PAUSE TestMountDaemonRoot/rprivate/mount_root
=== RUN   TestMountDaemonRoot/rprivate/mount_subpath
=== PAUSE TestMountDaemonRoot/rprivate/mount_subpath
=== CONT  TestMountDaemonRoot/private
=== RUN   TestMountDaemonRoot/private/mount_root
=== PAUSE TestMountDaemonRoot/private/mount_root
=== RUN   TestMountDaemonRoot/private/mount_subpath
=== PAUSE TestMountDaemonRoot/private/mount_subpath
=== RUN   TestMountDaemonRoot/private/bind_root
=== PAUSE TestMountDaemonRoot/private/bind_root
=== RUN   TestMountDaemonRoot/private/bind_subpath
=== PAUSE TestMountDaemonRoot/private/bind_subpath
=== CONT  TestMountDaemonRoot/default/mount_subpath
=== CONT  TestMountDaemonRoot/default/mount_root
=== CONT  TestMountDaemonRoot/default/bind_subpath
=== CONT  TestMountDaemonRoot/rshared/mount_subpath
=== CONT  TestMountDaemonRoot/rshared/mount_root
=== CONT  TestMountDaemonRoot/rshared/bind_subpath
=== CONT  TestMountDaemonRoot/shared/bind_root
=== CONT  TestMountDaemonRoot/rslave/mount_root
=== CONT  TestMountDaemonRoot/shared/mount_subpath
=== CONT  TestMountDaemonRoot/shared/mount_root
=== CONT  TestMountDaemonRoot/shared/bind_subpath
=== CONT  TestMountDaemonRoot/slave/mount_root
=== CONT  TestMountDaemonRoot/rslave/bind_subpath
=== CONT  TestMountDaemonRoot/rslave/bind_root
=== CONT  TestMountDaemonRoot/rslave/mount_subpath
=== CONT  TestMountDaemonRoot/rprivate/bind_root
=== CONT  TestMountDaemonRoot/slave/bind_subpath
=== CONT  TestMountDaemonRoot/slave/bind_root
=== CONT  TestMountDaemonRoot/slave/mount_subpath
=== CONT  TestMountDaemonRoot/private/mount_root
=== CONT  TestMountDaemonRoot/rprivate/mount_subpath
=== CONT  TestMountDaemonRoot/rprivate/mount_root
=== CONT  TestMountDaemonRoot/rprivate/bind_subpath
=== CONT  TestMountDaemonRoot/private/bind_subpath
=== CONT  TestMountDaemonRoot/private/bind_root
=== CONT  TestMountDaemonRoot/private/mount_subpath
--- PASS: TestMountDaemonRoot (0.02s)
    --- PASS: TestMountDaemonRoot/default (0.00s)
        --- PASS: TestMountDaemonRoot/default/bind_root (0.09s)
        --- PASS: TestMountDaemonRoot/default/mount_subpath (0.10s)
        --- PASS: TestMountDaemonRoot/default/mount_root (0.12s)
        --- PASS: TestMountDaemonRoot/default/bind_subpath (0.09s)
    --- PASS: TestMountDaemonRoot/rshared (0.00s)
        --- PASS: TestMountDaemonRoot/rshared/bind_root (0.11s)
        --- PASS: TestMountDaemonRoot/rshared/mount_subpath (0.09s)
        --- PASS: TestMountDaemonRoot/rshared/mount_root (0.09s)
        --- PASS: TestMountDaemonRoot/rshared/bind_subpath (0.10s)
    --- PASS: TestMountDaemonRoot/shared (0.00s)
        --- PASS: TestMountDaemonRoot/shared/bind_root (0.07s)
        --- PASS: TestMountDaemonRoot/shared/mount_subpath (0.09s)
        --- PASS: TestMountDaemonRoot/shared/mount_root (0.09s)
        --- PASS: TestMountDaemonRoot/shared/bind_subpath (0.08s)
    --- PASS: TestMountDaemonRoot/rslave (0.00s)
        --- PASS: TestMountDaemonRoot/rslave/mount_root (0.09s)
        --- PASS: TestMountDaemonRoot/rslave/bind_subpath (0.12s)
        --- PASS: TestMountDaemonRoot/rslave/bind_root (0.06s)
        --- PASS: TestMountDaemonRoot/rslave/mount_subpath (0.09s)
    --- PASS: TestMountDaemonRoot/slave (0.00s)
        --- PASS: TestMountDaemonRoot/slave/mount_root (0.08s)
        --- PASS: TestMountDaemonRoot/slave/bind_subpath (0.06s)
        --- PASS: TestMountDaemonRoot/slave/bind_root (0.07s)
        --- PASS: TestMountDaemonRoot/slave/mount_subpath (0.08s)
    --- PASS: TestMountDaemonRoot/rprivate (0.00s)
        --- PASS: TestMountDaemonRoot/rprivate/bind_root (0.13s)
        --- PASS: TestMountDaemonRoot/rprivate/mount_subpath (0.08s)
        --- PASS: TestMountDaemonRoot/rprivate/mount_root (0.07s)
        --- PASS: TestMountDaemonRoot/rprivate/bind_subpath (0.08s)
    --- PASS: TestMountDaemonRoot/private (0.00s)
        --- PASS: TestMountDaemonRoot/private/mount_root (0.09s)
        --- PASS: TestMountDaemonRoot/private/bind_subpath (0.07s)
        --- PASS: TestMountDaemonRoot/private/bind_root (0.08s)
        --- PASS: TestMountDaemonRoot/private/mount_subpath (0.06s)
=== RUN   TestContainerBindMountNonRecursive
--- PASS: TestContainerBindMountNonRecursive (1.82s)
=== RUN   TestNetworkNat
--- PASS: TestNetworkNat (0.86s)
=== RUN   TestNetworkLocalhostTCPNat
--- PASS: TestNetworkLocalhostTCPNat (0.96s)
=== RUN   TestNetworkLoopbackNat
--- PASS: TestNetworkLoopbackNat (1.14s)
=== RUN   TestPause
--- PASS: TestPause (0.94s)
=== RUN   TestPauseFailsOnWindowsServerContainers
--- SKIP: TestPauseFailsOnWindowsServerContainers (0.00s)
    pause_test.go:54: testEnv.DaemonInfo.OSType != "windows" || testEnv.DaemonInfo.Isolation != "process"
=== RUN   TestPauseStopPausedContainer
--- PASS: TestPauseStopPausedContainer (0.91s)
=== RUN   TestPsFilter
--- PASS: TestPsFilter (0.16s)
=== RUN   TestRemoveContainerWithRemovedVolume
--- PASS: TestRemoveContainerWithRemovedVolume (0.77s)
=== RUN   TestRemoveContainerWithVolume
--- PASS: TestRemoveContainerWithVolume (0.92s)
=== RUN   TestRemoveContainerRunning
--- PASS: TestRemoveContainerRunning (0.75s)
=== RUN   TestRemoveContainerForceRemoveRunning
--- PASS: TestRemoveContainerForceRemoveRunning (0.84s)
=== RUN   TestRemoveInvalidContainer
--- PASS: TestRemoveInvalidContainer (0.01s)
=== RUN   TestRenameLinkedContainer
--- PASS: TestRenameLinkedContainer (3.27s)
=== RUN   TestRenameStoppedContainer
--- PASS: TestRenameStoppedContainer (0.83s)
=== RUN   TestRenameRunningContainerAndReuse
--- PASS: TestRenameRunningContainerAndReuse (1.61s)
=== RUN   TestRenameInvalidName
--- PASS: TestRenameInvalidName (0.92s)
=== RUN   TestRenameAnonymousContainer
--- PASS: TestRenameAnonymousContainer (2.89s)
=== RUN   TestRenameContainerWithSameName
--- PASS: TestRenameContainerWithSameName (0.79s)
=== RUN   TestRenameContainerWithLinkedContainer
--- PASS: TestRenameContainerWithLinkedContainer (1.57s)
=== RUN   TestResize
--- PASS: TestResize (0.86s)
=== RUN   TestResizeWithInvalidSize
--- PASS: TestResizeWithInvalidSize (0.95s)
=== RUN   TestResizeWhenContainerNotStarted
--- PASS: TestResizeWhenContainerNotStarted (0.89s)
=== RUN   TestDaemonRestartKillContainers
=== RUN   TestDaemonRestartKillContainers/live-restore=false/container_without_restart_policy/kill-daemon
=== PAUSE TestDaemonRestartKillContainers/live-restore=false/container_without_restart_policy/kill-daemon
=== RUN   TestDaemonRestartKillContainers/live-restore=false/container_without_restart_policy/stop-daemon
=== PAUSE TestDaemonRestartKillContainers/live-restore=false/container_without_restart_policy/stop-daemon
=== RUN   TestDaemonRestartKillContainers/live-restore=true/container_without_restart_policy/stop-daemon
=== PAUSE TestDaemonRestartKillContainers/live-restore=true/container_without_restart_policy/stop-daemon
=== RUN   TestDaemonRestartKillContainers/live-restore=true/container_without_restart_policy/kill-daemon
=== PAUSE TestDaemonRestartKillContainers/live-restore=true/container_without_restart_policy/kill-daemon
=== RUN   TestDaemonRestartKillContainers/live-restore=false/container_with_restart=always/stop-daemon
=== PAUSE TestDaemonRestartKillContainers/live-restore=false/container_with_restart=always/stop-daemon
=== RUN   TestDaemonRestartKillContainers/live-restore=false/container_with_restart=always/kill-daemon
=== PAUSE TestDaemonRestartKillContainers/live-restore=false/container_with_restart=always/kill-daemon
=== RUN   TestDaemonRestartKillContainers/live-restore=true/container_with_restart=always/kill-daemon
=== PAUSE TestDaemonRestartKillContainers/live-restore=true/container_with_restart=always/kill-daemon
=== RUN   TestDaemonRestartKillContainers/live-restore=true/container_with_restart=always/stop-daemon
=== PAUSE TestDaemonRestartKillContainers/live-restore=true/container_with_restart=always/stop-daemon
=== RUN   TestDaemonRestartKillContainers/live-restore=false/container_created_should_not_be_restarted/kill-daemon
=== PAUSE TestDaemonRestartKillContainers/live-restore=false/container_created_should_not_be_restarted/kill-daemon
=== RUN   TestDaemonRestartKillContainers/live-restore=false/container_created_should_not_be_restarted/stop-daemon
=== PAUSE TestDaemonRestartKillContainers/live-restore=false/container_created_should_not_be_restarted/stop-daemon
=== RUN   TestDaemonRestartKillContainers/live-restore=true/container_created_should_not_be_restarted/kill-daemon
=== PAUSE TestDaemonRestartKillContainers/live-restore=true/container_created_should_not_be_restarted/kill-daemon
=== RUN   TestDaemonRestartKillContainers/live-restore=true/container_created_should_not_be_restarted/stop-daemon
=== PAUSE TestDaemonRestartKillContainers/live-restore=true/container_created_should_not_be_restarted/stop-daemon
=== CONT  TestDaemonRestartKillContainers/live-restore=false/container_without_restart_policy/kill-daemon
=== CONT  TestDaemonRestartKillContainers/live-restore=true/container_with_restart=always/kill-daemon
=== CONT  TestDaemonRestartKillContainers/live-restore=false/container_with_restart=always/kill-daemon
=== CONT  TestDaemonRestartKillContainers/live-restore=false/container_with_restart=always/stop-daemon
=== CONT  TestDaemonRestartKillContainers/live-restore=true/container_without_restart_policy/kill-daemon
=== CONT  TestDaemonRestartKillContainers/live-restore=true/container_without_restart_policy/stop-daemon
=== CONT  TestDaemonRestartKillContainers/live-restore=false/container_without_restart_policy/stop-daemon
=== CONT  TestDaemonRestartKillContainers/live-restore=false/container_created_should_not_be_restarted/stop-daemon
=== CONT  TestDaemonRestartKillContainers/live-restore=true/container_created_should_not_be_restarted/stop-daemon
=== CONT  TestDaemonRestartKillContainers/live-restore=true/container_created_should_not_be_restarted/kill-daemon
=== CONT  TestDaemonRestartKillContainers/live-restore=false/container_created_should_not_be_restarted/kill-daemon
=== CONT  TestDaemonRestartKillContainers/live-restore=true/container_with_restart=always/stop-daemon
--- PASS: TestDaemonRestartKillContainers (0.00s)
    --- PASS: TestDaemonRestartKillContainers/live-restore=false/container_without_restart_policy/kill-daemon (1.95s)
        daemon.go:296: [d56eeaa68c59f] waiting for daemon to start
        daemon.go:328: [d56eeaa68c59f] daemon started
        daemon.go:296: [d56eeaa68c59f] waiting for daemon to start
        daemon.go:328: [d56eeaa68c59f] daemon started
        daemon.go:283: [d56eeaa68c59f] exiting daemon
    --- PASS: TestDaemonRestartKillContainers/live-restore=true/container_with_restart=always/kill-daemon (2.39s)
        daemon.go:296: [d5b0a1dba7e4b] waiting for daemon to start
        daemon.go:328: [d5b0a1dba7e4b] daemon started
        daemon.go:296: [d5b0a1dba7e4b] waiting for daemon to start
        daemon.go:328: [d5b0a1dba7e4b] daemon started
        daemon.go:283: [d5b0a1dba7e4b] exiting daemon
    --- PASS: TestDaemonRestartKillContainers/live-restore=false/container_with_restart=always/kill-daemon (2.79s)
        daemon.go:296: [d9e40efac7f43] waiting for daemon to start
        daemon.go:328: [d9e40efac7f43] daemon started
        daemon.go:296: [d9e40efac7f43] waiting for daemon to start
        daemon.go:328: [d9e40efac7f43] daemon started
        daemon.go:283: [d9e40efac7f43] exiting daemon
    --- PASS: TestDaemonRestartKillContainers/live-restore=false/container_with_restart=always/stop-daemon (2.67s)
        daemon.go:296: [df449a7e806fa] waiting for daemon to start
        daemon.go:328: [df449a7e806fa] daemon started
        daemon.go:283: [df449a7e806fa] exiting daemon
        daemon.go:296: [df449a7e806fa] waiting for daemon to start
        daemon.go:328: [df449a7e806fa] daemon started
        daemon.go:283: [df449a7e806fa] exiting daemon
    --- PASS: TestDaemonRestartKillContainers/live-restore=true/container_without_restart_policy/kill-daemon (2.21s)
        daemon.go:296: [d860a2eefb21a] waiting for daemon to start
        daemon.go:328: [d860a2eefb21a] daemon started
        daemon.go:296: [d860a2eefb21a] waiting for daemon to start
        daemon.go:328: [d860a2eefb21a] daemon started
        daemon.go:283: [d860a2eefb21a] exiting daemon
    --- PASS: TestDaemonRestartKillContainers/live-restore=true/container_without_restart_policy/stop-daemon (2.21s)
        daemon.go:296: [de89c04846dfa] waiting for daemon to start
        daemon.go:328: [de89c04846dfa] daemon started
        daemon.go:283: [de89c04846dfa] exiting daemon
        daemon.go:296: [de89c04846dfa] waiting for daemon to start
        daemon.go:328: [de89c04846dfa] daemon started
        daemon.go:283: [de89c04846dfa] exiting daemon
    --- PASS: TestDaemonRestartKillContainers/live-restore=false/container_created_should_not_be_restarted/stop-daemon (1.44s)
        daemon.go:296: [dff8fa4c77856] waiting for daemon to start
        daemon.go:328: [dff8fa4c77856] daemon started
        daemon.go:283: [dff8fa4c77856] exiting daemon
        daemon.go:296: [dff8fa4c77856] waiting for daemon to start
        daemon.go:328: [dff8fa4c77856] daemon started
        daemon.go:283: [dff8fa4c77856] exiting daemon
    --- PASS: TestDaemonRestartKillContainers/live-restore=false/container_without_restart_policy/stop-daemon (2.13s)
        daemon.go:296: [d1ef993980314] waiting for daemon to start
        daemon.go:328: [d1ef993980314] daemon started
        daemon.go:283: [d1ef993980314] exiting daemon
        daemon.go:296: [d1ef993980314] waiting for daemon to start
        daemon.go:328: [d1ef993980314] daemon started
        daemon.go:283: [d1ef993980314] exiting daemon
    --- PASS: TestDaemonRestartKillContainers/live-restore=true/container_created_should_not_be_restarted/stop-daemon (1.41s)
        daemon.go:296: [dc8c9ecef2878] waiting for daemon to start
        daemon.go:328: [dc8c9ecef2878] daemon started
        daemon.go:283: [dc8c9ecef2878] exiting daemon
        daemon.go:296: [dc8c9ecef2878] waiting for daemon to start
        daemon.go:328: [dc8c9ecef2878] daemon started
        daemon.go:283: [dc8c9ecef2878] exiting daemon
    --- PASS: TestDaemonRestartKillContainers/live-restore=true/container_created_should_not_be_restarted/kill-daemon (1.46s)
        daemon.go:296: [de5ffbc61a072] waiting for daemon to start
        daemon.go:328: [de5ffbc61a072] daemon started
        daemon.go:296: [de5ffbc61a072] waiting for daemon to start
        daemon.go:328: [de5ffbc61a072] daemon started
        daemon.go:283: [de5ffbc61a072] exiting daemon
    --- PASS: TestDaemonRestartKillContainers/live-restore=false/container_created_should_not_be_restarted/kill-daemon (1.40s)
        daemon.go:296: [d1d9aee18562f] waiting for daemon to start
        daemon.go:328: [d1d9aee18562f] daemon started
        daemon.go:296: [d1d9aee18562f] waiting for daemon to start
        daemon.go:328: [d1d9aee18562f] daemon started
        daemon.go:283: [d1d9aee18562f] exiting daemon
    --- PASS: TestDaemonRestartKillContainers/live-restore=true/container_with_restart=always/stop-daemon (2.17s)
        daemon.go:296: [dee5f094db183] waiting for daemon to start
        daemon.go:328: [dee5f094db183] daemon started
        daemon.go:283: [dee5f094db183] exiting daemon
        daemon.go:296: [dee5f094db183] waiting for daemon to start
        daemon.go:328: [dee5f094db183] daemon started
        daemon.go:283: [dee5f094db183] exiting daemon
=== RUN   TestKernelTCPMemory
--- PASS: TestKernelTCPMemory (0.99s)
=== RUN   TestNISDomainname
--- PASS: TestNISDomainname (1.01s)
=== RUN   TestStats
--- PASS: TestStats (2.84s)
=== RUN   TestStopContainerWithTimeout
=== RUN   TestStopContainerWithTimeout/0
=== PAUSE TestStopContainerWithTimeout/0
=== RUN   TestStopContainerWithTimeout/1
=== PAUSE TestStopContainerWithTimeout/1
=== RUN   TestStopContainerWithTimeout/3
=== PAUSE TestStopContainerWithTimeout/3
=== RUN   TestStopContainerWithTimeout/-1
=== PAUSE TestStopContainerWithTimeout/-1
=== CONT  TestStopContainerWithTimeout/0
=== CONT  TestStopContainerWithTimeout/-1
=== CONT  TestStopContainerWithTimeout/3
=== CONT  TestStopContainerWithTimeout/1
--- PASS: TestStopContainerWithTimeout (0.01s)
    --- PASS: TestStopContainerWithTimeout/0 (0.93s)
    --- PASS: TestStopContainerWithTimeout/-1 (2.85s)
    --- PASS: TestStopContainerWithTimeout/3 (2.90s)
    --- PASS: TestStopContainerWithTimeout/1 (1.93s)
=== RUN   TestDeleteDevicemapper
--- SKIP: TestDeleteDevicemapper (0.00s)
    stop_linux_test.go:74: testEnv.DaemonInfo.Driver != "devicemapper"
=== RUN   TestStopContainerWithRestartPolicyAlways
--- PASS: TestStopContainerWithRestartPolicyAlways (3.33s)
=== RUN   TestUpdateMemory
--- SKIP: TestUpdateMemory (0.00s)
    update_linux_test.go:21: !testEnv.DaemonInfo.SwapLimit
=== RUN   TestUpdateCPUQuota
--- PASS: TestUpdateCPUQuota (1.30s)
=== RUN   TestUpdateRestartPolicy
--- PASS: TestUpdateRestartPolicy (12.80s)
=== RUN   TestUpdateRestartWithAutoRemove
--- PASS: TestUpdateRestartWithAutoRemove (0.87s)
=== RUN   TestWaitNonBlocked
=== RUN   TestWaitNonBlocked/wait-nonblocking-exit-0
=== PAUSE TestWaitNonBlocked/wait-nonblocking-exit-0
=== RUN   TestWaitNonBlocked/wait-nonblocking-exit-random
=== PAUSE TestWaitNonBlocked/wait-nonblocking-exit-random
=== CONT  TestWaitNonBlocked/wait-nonblocking-exit-0
=== CONT  TestWaitNonBlocked/wait-nonblocking-exit-random
--- PASS: TestWaitNonBlocked (0.01s)
    --- PASS: TestWaitNonBlocked/wait-nonblocking-exit-random (1.02s)
    --- PASS: TestWaitNonBlocked/wait-nonblocking-exit-0 (1.09s)
=== RUN   TestWaitBlocked
=== RUN   TestWaitBlocked/test-wait-blocked-exit-zero
=== PAUSE TestWaitBlocked/test-wait-blocked-exit-zero
=== RUN   TestWaitBlocked/test-wait-blocked-exit-random
=== PAUSE TestWaitBlocked/test-wait-blocked-exit-random
=== CONT  TestWaitBlocked/test-wait-blocked-exit-zero
=== CONT  TestWaitBlocked/test-wait-blocked-exit-random
--- PASS: TestWaitBlocked (0.02s)
    --- PASS: TestWaitBlocked/test-wait-blocked-exit-zero (0.98s)
    --- PASS: TestWaitBlocked/test-wait-blocked-exit-random (1.06s)
=== CONT  TestContainerStartOnDaemonRestart
--- PASS: TestContainerStartOnDaemonRestart (2.80s)
    daemon.go:296: [d17476600640f] waiting for daemon to start
    daemon.go:328: [d17476600640f] daemon started
    daemon.go:296: [d17476600640f] waiting for daemon to start
    daemon.go:328: [d17476600640f] daemon started
    daemon.go:283: [d17476600640f] exiting daemon
PASS
Running /go/src/github.com/docker/docker/integration/system
INFO: Testing against a local daemon
=== RUN   TestCgroupDriverSystemdMemoryLimit
=== PAUSE TestCgroupDriverSystemdMemoryLimit
=== RUN   TestEventsExecDie
--- PASS: TestEventsExecDie (0.95s)
=== RUN   TestEventsBackwardsCompatible
--- PASS: TestEventsBackwardsCompatible (0.06s)
=== RUN   TestInfoBinaryCommits
--- PASS: TestInfoBinaryCommits (0.02s)
=== RUN   TestInfoAPIVersioned
--- PASS: TestInfoAPIVersioned (0.01s)
=== RUN   TestInfoAPI
--- PASS: TestInfoAPI (0.02s)
=== RUN   TestInfoAPIWarnings
--- PASS: TestInfoAPIWarnings (0.84s)
    daemon.go:296: [d4a1e2565d619] waiting for daemon to start
    daemon.go:328: [d4a1e2565d619] daemon started
    daemon.go:283: [d4a1e2565d619] exiting daemon
=== RUN   TestLoginFailsWithBadCredentials
--- PASS: TestLoginFailsWithBadCredentials (0.37s)
=== RUN   TestVersion
--- PASS: TestVersion (0.02s)
=== CONT  TestCgroupDriverSystemdMemoryLimit
--- SKIP: TestCgroupDriverSystemdMemoryLimit (0.00s)
    cgroupdriver_systemd_test.go:35: systemd not available
PASS
Running /go/src/github.com/docker/docker/integration/volume
INFO: Testing against a local daemon
=== RUN   TestVolumesCreateAndList
--- PASS: TestVolumesCreateAndList (0.02s)
=== RUN   TestVolumesRemove
--- PASS: TestVolumesRemove (0.07s)
=== RUN   TestVolumesInspect
--- PASS: TestVolumesInspect (0.01s)
=== RUN   TestVolumesInvalidJSON
=== RUN   TestVolumesInvalidJSON//volumes/create
=== PAUSE TestVolumesInvalidJSON//volumes/create
=== CONT  TestVolumesInvalidJSON//volumes/create
--- PASS: TestVolumesInvalidJSON (0.02s)
    --- PASS: TestVolumesInvalidJSON//volumes/create (0.00s)
PASS
Running /go/src/github.com/docker/docker/integration/build
INFO: Testing against a local daemon
=== RUN   TestBuildWithSession
--- PASS: TestBuildWithSession (4.63s)
    daemon.go:296: [d4d2efbc2bac8] waiting for daemon to start
    daemon.go:328: [d4d2efbc2bac8] daemon started
    daemon.go:283: [d4d2efbc2bac8] exiting daemon
=== RUN   TestBuildSquashParent
--- SKIP: TestBuildSquashParent (0.00s)
    build_squash_test.go:23: !testEnv.DaemonInfo.ExperimentalBuild
=== RUN   TestBuildWithRemoveAndForceRemove
=== RUN   TestBuildWithRemoveAndForceRemove/successful_build_with_no_removal
=== PAUSE TestBuildWithRemoveAndForceRemove/successful_build_with_no_removal
=== RUN   TestBuildWithRemoveAndForceRemove/successful_build_with_remove
=== PAUSE TestBuildWithRemoveAndForceRemove/successful_build_with_remove
=== RUN   TestBuildWithRemoveAndForceRemove/successful_build_with_remove_and_force_remove
=== PAUSE TestBuildWithRemoveAndForceRemove/successful_build_with_remove_and_force_remove
=== RUN   TestBuildWithRemoveAndForceRemove/failed_build_with_no_removal
=== PAUSE TestBuildWithRemoveAndForceRemove/failed_build_with_no_removal
=== RUN   TestBuildWithRemoveAndForceRemove/failed_build_with_remove
=== PAUSE TestBuildWithRemoveAndForceRemove/failed_build_with_remove
=== RUN   TestBuildWithRemoveAndForceRemove/failed_build_with_remove_and_force_remove
=== PAUSE TestBuildWithRemoveAndForceRemove/failed_build_with_remove_and_force_remove
=== CONT  TestBuildWithRemoveAndForceRemove/successful_build_with_no_removal
=== CONT  TestBuildWithRemoveAndForceRemove/failed_build_with_remove_and_force_remove
=== CONT  TestBuildWithRemoveAndForceRemove/failed_build_with_remove
=== CONT  TestBuildWithRemoveAndForceRemove/failed_build_with_no_removal
=== CONT  TestBuildWithRemoveAndForceRemove/successful_build_with_remove_and_force_remove
=== CONT  TestBuildWithRemoveAndForceRemove/successful_build_with_remove
--- PASS: TestBuildWithRemoveAndForceRemove (0.02s)
    --- PASS: TestBuildWithRemoveAndForceRemove/successful_build_with_no_removal (2.53s)
    --- PASS: TestBuildWithRemoveAndForceRemove/failed_build_with_remove_and_force_remove (2.59s)
    --- PASS: TestBuildWithRemoveAndForceRemove/failed_build_with_remove (2.94s)
    --- PASS: TestBuildWithRemoveAndForceRemove/failed_build_with_no_removal (2.90s)
    --- PASS: TestBuildWithRemoveAndForceRemove/successful_build_with_remove_and_force_remove (3.06s)
    --- PASS: TestBuildWithRemoveAndForceRemove/successful_build_with_remove (3.11s)
=== RUN   TestBuildMultiStageParentConfig
--- PASS: TestBuildMultiStageParentConfig (34.98s)
    build_test.go:175: [{-1 1546617643 sha256:1ef291b8cffa29c42e474f58a2195190f754f55ba3367cc71eb02b44df30f97e map[] sha256:65e0ae27604c88d1b2b027c4b6e634f6ef895f94eb0e25b765ba552ec002d967 [] [build1:latest] -1 4459754 4459754} {-1 1546617642 sha256:a816ed8b1b2526ae3036bd1473632a05d203407f9d7da9bba1c46555937fee27 map[] sha256:1d116786fab31848760b66ca0756b4f49b170dabcba9386aa6ed33bda8c8408f [<none>@<none>] [<none>:<none>] -1 4459754 4459754} {-1 1546617637 sha256:df1f41933d01df0f05fc54b0948caeaec99b6d79302d63e341ec3b0628662765 map[] sha256:36e9590454976dc0eb44c15bc80fe4fbd52aaa91df37ec76cd3ed245e1a12829 [<none>@<none>] [<none>:<none>] -1 4459754 4459754} {-1 1546617637 sha256:060278eb7cf4ec94c1c02b52b85d77c8b1e81711c0aefbfe68cf6fbfa8989be0 map[] sha256:36e9590454976dc0eb44c15bc80fe4fbd52aaa91df37ec76cd3ed245e1a12829 [<none>@<none>] [<none>:<none>] -1 4459754 4459754} {-1 1546617634 sha256:7d1c868bea6aa42b757494fffbd53633b04ceb89f1292d94d84c57f6273e992d map[] sha256:36e9590454976dc0eb44c15bc80fe4fbd52aaa91df37ec76cd3ed245e1a12829 [<none>@<none>] [<none>:<none>] -1 4459754 4459754} {-1 1546617634 sha256:e4cf75d68cecfee32b26153087e8cf5675df247f173952202f119f9fad8ee4ff map[] sha256:36e9590454976dc0eb44c15bc80fe4fbd52aaa91df37ec76cd3ed245e1a12829 [<none>@<none>] [<none>:<none>] -1 4459754 4459754} {-1 1546617631 sha256:67439415574d110471c35ff531708e30642d7f70bee3376cab8562924392c94a map[] sha256:36e9590454976dc0eb44c15bc80fe4fbd52aaa91df37ec76cd3ed245e1a12829 [<none>@<none>] [<none>:<none>] -1 4459754 4459754} {-1 1546617631 sha256:4626aea7f814d89ae6490e79bff9f96dbeb19a38f114cfb9f45ec02ff9aadb66 map[] sha256:36e9590454976dc0eb44c15bc80fe4fbd52aaa91df37ec76cd3ed245e1a12829 [<none>@<none>] [<none>:<none>] -1 4459754 4459754} {-1 1546617629 sha256:80effb5139b0e138bb89a35dd7ea1618f336c022665ba09db7b8fafc59b3f226 map[] sha256:f3d962b5f227c0c7ecaa384fb0191af397e457bfabb793333f9021fefa4f3a5b [<none>@<none>] [<none>:<none>] -1 4459780 4459780} {-1 1516785504 sha256:1e1e09d79a9fd4fa5faae6a9f150ecfe3e403a3efdfb78666c67227e656988b2 map[]  [] [busybox:glibc] -1 4476202 4476202} {-1 1511271291 sha256:3ab301db05ea4e52e26aadb6daabc1222e58c0be7cfa2b8945443d801b6b9585 map[]  [] [hello-world:frozen] -1 1976 1976} {-1 1509640958 sha256:9b0236353396efce03211408c208e6f90f31e7636682fa01f5eb4e38bbf571d6 map[]  [] [buildpack-deps:jessie] -1 595217275 595217275} {-1 1509610708 sha256:36e9590454976dc0eb44c15bc80fe4fbd52aaa91df37ec76cd3ed245e1a12829 map[]  [] [busybox:latest] -1 4459754 4459754} {-1 1507585344 sha256:de6513af1fcb9db380e4954f276ea347858dcb7bff0299953aa25c4abd54bc0b map[]  [] [debian:jessie] -1 129082379 129082379} {-1 1371157430 sha256:11f64303f0f7ffdc71f001788132bca5346831939a956e3e975c93267d89a16d map[]  [] [emptyfs:latest] -1 0 0}]
=== RUN   TestBuildLabelWithTargets
--- PASS: TestBuildLabelWithTargets (8.01s)
=== RUN   TestBuildWithEmptyLayers
--- PASS: TestBuildWithEmptyLayers (2.99s)
=== RUN   TestBuildMultiStageOnBuild
--- PASS: TestBuildMultiStageOnBuild (5.02s)
=== RUN   TestBuildUncleanTarFilenames
--- PASS: TestBuildUncleanTarFilenames (1.19s)
=== RUN   TestBuildMultiStageLayerLeak
--- PASS: TestBuildMultiStageLayerLeak (4.81s)
=== RUN   TestBuildWithHugeFile
--- PASS: TestBuildWithHugeFile (24.62s)
PASS
Running /go/src/github.com/docker/docker/integration/network
INFO: Testing against a local daemon
=== RUN   TestNetworkCreateDelete
--- PASS: TestNetworkCreateDelete (0.21s)
=== RUN   TestDockerNetworkDeletePreferID
--- PASS: TestDockerNetworkDeletePreferID (0.56s)
=== RUN   TestInspectNetwork
--- PASS: TestInspectNetwork (27.39s)
    daemon.go:296: [d6795ca78fa00] waiting for daemon to start
    daemon.go:328: [d6795ca78fa00] daemon started
    daemon.go:283: [d6795ca78fa00] exiting daemon
=== RUN   TestRunContainerWithBridgeNone
--- PASS: TestRunContainerWithBridgeNone (2.47s)
    daemon.go:296: [d6e0a383a5ca9] waiting for daemon to start
    daemon.go:328: [d6e0a383a5ca9] daemon started
    daemon.go:283: [d6e0a383a5ca9] exiting daemon
=== RUN   TestNetworkInvalidJSON
=== RUN   TestNetworkInvalidJSON//networks/create
=== PAUSE TestNetworkInvalidJSON//networks/create
=== RUN   TestNetworkInvalidJSON//networks/bridge/connect
=== PAUSE TestNetworkInvalidJSON//networks/bridge/connect
=== RUN   TestNetworkInvalidJSON//networks/bridge/disconnect
=== PAUSE TestNetworkInvalidJSON//networks/bridge/disconnect
=== CONT  TestNetworkInvalidJSON//networks/create
=== CONT  TestNetworkInvalidJSON//networks/bridge/disconnect
=== CONT  TestNetworkInvalidJSON//networks/bridge/connect
--- PASS: TestNetworkInvalidJSON (0.02s)
    --- PASS: TestNetworkInvalidJSON//networks/create (0.00s)
    --- PASS: TestNetworkInvalidJSON//networks/bridge/disconnect (0.00s)
    --- PASS: TestNetworkInvalidJSON//networks/bridge/connect (0.01s)
=== RUN   TestDaemonRestartWithLiveRestore
--- PASS: TestDaemonRestartWithLiveRestore (1.05s)
    daemon.go:296: [de960efcaa876] waiting for daemon to start
    daemon.go:328: [de960efcaa876] daemon started
    daemon.go:283: [de960efcaa876] exiting daemon
    daemon.go:296: [de960efcaa876] waiting for daemon to start
    daemon.go:328: [de960efcaa876] daemon started
    daemon.go:283: [de960efcaa876] exiting daemon
=== RUN   TestDaemonDefaultNetworkPools
--- PASS: TestDaemonDefaultNetworkPools (0.80s)
    daemon.go:296: [ddc739e178712] waiting for daemon to start
    daemon.go:328: [ddc739e178712] daemon started
    daemon.go:283: [ddc739e178712] exiting daemon
=== RUN   TestDaemonRestartWithExistingNetwork
--- PASS: TestDaemonRestartWithExistingNetwork (1.19s)
    daemon.go:296: [d276764a61815] waiting for daemon to start
    daemon.go:328: [d276764a61815] daemon started
    daemon.go:283: [d276764a61815] exiting daemon
    daemon.go:296: [d276764a61815] waiting for daemon to start
    daemon.go:328: [d276764a61815] daemon started
    daemon.go:283: [d276764a61815] exiting daemon
=== RUN   TestDaemonRestartWithExistingNetworkWithDefaultPoolRange
--- PASS: TestDaemonRestartWithExistingNetworkWithDefaultPoolRange (1.32s)
    daemon.go:296: [d38e62168dd19] waiting for daemon to start
    daemon.go:328: [d38e62168dd19] daemon started
    daemon.go:283: [d38e62168dd19] exiting daemon
    daemon.go:296: [d38e62168dd19] waiting for daemon to start
    daemon.go:328: [d38e62168dd19] daemon started
    daemon.go:283: [d38e62168dd19] exiting daemon
=== RUN   TestDaemonWithBipAndDefaultNetworkPool
--- PASS: TestDaemonWithBipAndDefaultNetworkPool (0.61s)
    daemon.go:296: [d3d91ff4520ec] waiting for daemon to start
    daemon.go:328: [d3d91ff4520ec] daemon started
    daemon.go:283: [d3d91ff4520ec] exiting daemon
=== RUN   TestServiceWithPredefinedNetwork
--- PASS: TestServiceWithPredefinedNetwork (2.89s)
    daemon.go:296: [da73be416984e] waiting for daemon to start
    daemon.go:328: [da73be416984e] daemon started
    daemon.go:283: [da73be416984e] exiting daemon
=== RUN   TestServiceRemoveKeepsIngressNetwork
--- PASS: TestServiceRemoveKeepsIngressNetwork (12.90s)
    daemon.go:296: [dc693a6850542] waiting for daemon to start
    daemon.go:328: [dc693a6850542] daemon started
    daemon.go:283: [dc693a6850542] exiting daemon
=== RUN   TestServiceWithDataPathPortInit
--- PASS: TestServiceWithDataPathPortInit (5.72s)
    daemon.go:296: [d2c3f8e2db8ae] waiting for daemon to start
    daemon.go:328: [d2c3f8e2db8ae] daemon started
    daemon.go:283: [d2c3f8e2db8ae] exiting daemon
    daemon.go:296: [d24817f87b774] waiting for daemon to start
    daemon.go:328: [d24817f87b774] daemon started
    daemon.go:283: [d24817f87b774] exiting daemon
=== RUN   TestServiceWithDefaultAddressPoolInit
--- PASS: TestServiceWithDefaultAddressPoolInit (5.89s)
    daemon.go:296: [d808ad182495b] waiting for daemon to start
    daemon.go:328: [d808ad182495b] daemon started
    service_test.go:415: TestServiceWithDefaultAddressPoolInit: NetworkInspect: {Name:saanvisthiraTestServiceWithDefaultAddressPoolInit ID:5zef3uc0wmgg887j12k2vi78z Created:2019-01-04 16:02:59.500250072 +0000 UTC Scope:swarm Driver:overlay EnableIPv6:false IPAM:{Driver:default Options:map[] Config:[{Subnet:20.20.0.0/24 IPRange: Gateway:20.20.0.1 AuxAddress:map[]}]} Internal:false Attachable:false Ingress:false ConfigFrom:{Network:} ConfigOnly:false Containers:map[] Options:map[com.docker.network.driver.overlay.vxlanid_list:4097] Labels:map[] Peers:[] Services:map[]}
    daemon.go:283: [d808ad182495b] exiting daemon
    daemon.go:296: [d4aad28e5da55] waiting for daemon to start
    daemon.go:328: [d4aad28e5da55] daemon started
    daemon.go:283: [d4aad28e5da55] exiting daemon
PASS
Running /go/src/github.com/docker/docker/integration/network/ipvlan
INFO: Testing against a local daemon
=== RUN   TestDockerNetworkIpvlanPersistance
--- PASS: TestDockerNetworkIpvlanPersistance (1.43s)
    daemon.go:296: [da076e18cc33c] waiting for daemon to start
    daemon.go:328: [da076e18cc33c] daemon started
    daemon.go:283: [da076e18cc33c] exiting daemon
    daemon.go:296: [da076e18cc33c] waiting for daemon to start
    daemon.go:328: [da076e18cc33c] daemon started
    daemon.go:283: [da076e18cc33c] exiting daemon
=== RUN   TestDockerNetworkIpvlan
=== RUN   TestDockerNetworkIpvlan/Subinterface
=== RUN   TestDockerNetworkIpvlan/OverlapParent
=== RUN   TestDockerNetworkIpvlan/L2NilParent
=== RUN   TestDockerNetworkIpvlan/L2InternalMode
=== RUN   TestDockerNetworkIpvlan/L3NilParent
=== RUN   TestDockerNetworkIpvlan/L3InternalMode
=== RUN   TestDockerNetworkIpvlan/L2MultiSubnet
=== RUN   TestDockerNetworkIpvlan/L3MultiSubnet
=== RUN   TestDockerNetworkIpvlan/Addressing
--- PASS: TestDockerNetworkIpvlan (115.22s)
    daemon.go:296: [d9dab849b98dd] waiting for daemon to start
    daemon.go:328: [d9dab849b98dd] daemon started
    --- PASS: TestDockerNetworkIpvlan/Subinterface (0.11s)
    daemon.go:283: [d9dab849b98dd] exiting daemon
    daemon.go:296: [d5ed8c0da1533] waiting for daemon to start
    daemon.go:328: [d5ed8c0da1533] daemon started
    --- PASS: TestDockerNetworkIpvlan/OverlapParent (0.07s)
    daemon.go:283: [d5ed8c0da1533] exiting daemon
    daemon.go:296: [d44e8b0b5cb3f] waiting for daemon to start
    daemon.go:328: [d44e8b0b5cb3f] daemon started
    --- PASS: TestDockerNetworkIpvlan/L2NilParent (1.16s)
    daemon.go:283: [d44e8b0b5cb3f] exiting daemon
    daemon.go:296: [dd83f5e8cb783] waiting for daemon to start
    daemon.go:328: [dd83f5e8cb783] daemon started
    --- PASS: TestDockerNetworkIpvlan/L2InternalMode (2.09s)
    daemon.go:283: [dd83f5e8cb783] exiting daemon
    daemon.go:296: [d3e0924e2c2b7] waiting for daemon to start
    daemon.go:328: [d3e0924e2c2b7] daemon started
    --- PASS: TestDockerNetworkIpvlan/L3NilParent (16.11s)
    daemon.go:283: [d3e0924e2c2b7] exiting daemon
    daemon.go:296: [d03e15992e3a9] waiting for daemon to start
    daemon.go:328: [d03e15992e3a9] daemon started
    --- PASS: TestDockerNetworkIpvlan/L3InternalMode (17.20s)
    daemon.go:283: [d03e15992e3a9] exiting daemon
    daemon.go:296: [d062f87c2eaa1] waiting for daemon to start
    daemon.go:328: [d062f87c2eaa1] daemon started
    --- PASS: TestDockerNetworkIpvlan/L2MultiSubnet (17.88s)
    daemon.go:283: [d062f87c2eaa1] exiting daemon
    daemon.go:296: [dd563ffa4d793] waiting for daemon to start
    daemon.go:328: [dd563ffa4d793] daemon started
    --- PASS: TestDockerNetworkIpvlan/L3MultiSubnet (17.90s)
    daemon.go:283: [dd563ffa4d793] exiting daemon
    daemon.go:296: [d7f0a569c7162] waiting for daemon to start
    daemon.go:328: [d7f0a569c7162] daemon started
    --- PASS: TestDockerNetworkIpvlan/Addressing (31.61s)
    daemon.go:283: [d7f0a569c7162] exiting daemon
PASS
Running /go/src/github.com/docker/docker/integration/network/macvlan
INFO: Testing against a local daemon
=== RUN   TestDockerNetworkMacvlanPersistance
--- PASS: TestDockerNetworkMacvlanPersistance (1.41s)
    daemon.go:296: [d78faab33b215] waiting for daemon to start
    daemon.go:328: [d78faab33b215] daemon started
    daemon.go:283: [d78faab33b215] exiting daemon
    daemon.go:296: [d78faab33b215] waiting for daemon to start
    daemon.go:328: [d78faab33b215] daemon started
    daemon.go:283: [d78faab33b215] exiting daemon
=== RUN   TestDockerNetworkMacvlan
=== RUN   TestDockerNetworkMacvlan/Subinterface
=== RUN   TestDockerNetworkMacvlan/OverlapParent
=== RUN   TestDockerNetworkMacvlan/NilParent
=== RUN   TestDockerNetworkMacvlan/InternalMode
=== RUN   TestDockerNetworkMacvlan/Addressing
--- PASS: TestDockerNetworkMacvlan (24.59s)
    daemon.go:296: [d023025245d13] waiting for daemon to start
    daemon.go:328: [d023025245d13] daemon started
    --- PASS: TestDockerNetworkMacvlan/Subinterface (0.08s)
    daemon.go:283: [d023025245d13] exiting daemon
    daemon.go:296: [d5bbedad340a1] waiting for daemon to start
    daemon.go:328: [d5bbedad340a1] daemon started
    --- PASS: TestDockerNetworkMacvlan/OverlapParent (0.12s)
    daemon.go:283: [d5bbedad340a1] exiting daemon
    daemon.go:296: [d1b0d9e52db64] waiting for daemon to start
    daemon.go:328: [d1b0d9e52db64] daemon started
    --- PASS: TestDockerNetworkMacvlan/NilParent (1.09s)
    daemon.go:283: [d1b0d9e52db64] exiting daemon
    daemon.go:296: [d342fbdfbd48c] waiting for daemon to start
    daemon.go:328: [d342fbdfbd48c] daemon started
    --- PASS: TestDockerNetworkMacvlan/InternalMode (2.02s)
    daemon.go:283: [d342fbdfbd48c] exiting daemon
    daemon.go:296: [d9e2987b3d69e] waiting for daemon to start
    daemon.go:328: [d9e2987b3d69e] daemon started
    --- PASS: TestDockerNetworkMacvlan/Addressing (15.80s)
    daemon.go:283: [d9e2987b3d69e] exiting daemon
PASS
Running /go/src/github.com/docker/docker/integration/service
INFO: Testing against a local daemon
=== RUN   TestServiceCreateInit
=== RUN   TestServiceCreateInit/daemonInitDisabled
=== RUN   TestServiceCreateInit/daemonInitEnabled
--- PASS: TestServiceCreateInit (10.16s)
    --- PASS: TestServiceCreateInit/daemonInitDisabled (5.08s)
        daemon.go:296: [de05eb2084a22] waiting for daemon to start
        daemon.go:328: [de05eb2084a22] daemon started
        daemon.go:283: [de05eb2084a22] exiting daemon
    --- PASS: TestServiceCreateInit/daemonInitEnabled (5.07s)
        daemon.go:296: [d5a0fdc1a0da5] waiting for daemon to start
        daemon.go:328: [d5a0fdc1a0da5] daemon started
        daemon.go:283: [d5a0fdc1a0da5] exiting daemon
=== RUN   TestCreateServiceMultipleTimes
--- PASS: TestCreateServiceMultipleTimes (26.21s)
    daemon.go:296: [dad4a99ff80c0] waiting for daemon to start
    daemon.go:328: [dad4a99ff80c0] daemon started
    daemon.go:283: [dad4a99ff80c0] exiting daemon
=== RUN   TestCreateServiceConflict
--- PASS: TestCreateServiceConflict (2.84s)
    daemon.go:296: [d56a64e00b566] waiting for daemon to start
    daemon.go:328: [d56a64e00b566] daemon started
    daemon.go:283: [d56a64e00b566] exiting daemon
=== RUN   TestCreateServiceMaxReplicas
--- PASS: TestCreateServiceMaxReplicas (3.75s)
    daemon.go:296: [d78aa0d9462f8] waiting for daemon to start
    daemon.go:328: [d78aa0d9462f8] daemon started
    daemon.go:283: [d78aa0d9462f8] exiting daemon
=== RUN   TestCreateWithDuplicateNetworkNames
--- PASS: TestCreateWithDuplicateNetworkNames (14.23s)
    daemon.go:296: [d6c2158a32945] waiting for daemon to start
    daemon.go:328: [d6c2158a32945] daemon started
    daemon.go:283: [d6c2158a32945] exiting daemon
=== RUN   TestCreateServiceSecretFileMode
--- PASS: TestCreateServiceSecretFileMode (3.64s)
    daemon.go:296: [d2d2d61683b5c] waiting for daemon to start
    daemon.go:328: [d2d2d61683b5c] daemon started
    daemon.go:283: [d2d2d61683b5c] exiting daemon
=== RUN   TestCreateServiceConfigFileMode
--- PASS: TestCreateServiceConfigFileMode (3.65s)
    daemon.go:296: [d498f84de7bb1] waiting for daemon to start
    daemon.go:328: [d498f84de7bb1] daemon started
    daemon.go:283: [d498f84de7bb1] exiting daemon
=== RUN   TestCreateServiceSysctls
--- PASS: TestCreateServiceSysctls (4.34s)
    daemon.go:296: [d8d745dbc5641] waiting for daemon to start
    daemon.go:328: [d8d745dbc5641] daemon started
    daemon.go:283: [d8d745dbc5641] exiting daemon
=== RUN   TestInspect
--- PASS: TestInspect (2.95s)
    daemon.go:296: [d9db09b14d2f4] waiting for daemon to start
    daemon.go:328: [d9db09b14d2f4] daemon started
    daemon.go:283: [d9db09b14d2f4] exiting daemon
=== RUN   TestDockerNetworkConnectAlias
--- PASS: TestDockerNetworkConnectAlias (5.99s)
    daemon.go:296: [dd30f7cfcdb5f] waiting for daemon to start
    daemon.go:328: [dd30f7cfcdb5f] daemon started
    daemon.go:283: [dd30f7cfcdb5f] exiting daemon
=== RUN   TestServicePlugin
--- SKIP: TestServicePlugin (0.01s)
    plugin_test.go:26: os.Getenv("DOCKER_ENGINE_GOARCH") != "amd64"
=== RUN   TestServiceUpdateLabel
--- FAIL: TestServiceUpdateLabel (32.49s)
    daemon.go:296: [d37a134289d5f] waiting for daemon to start
    daemon.go:328: [d37a134289d5f] daemon started
    update_test.go:36: timeout hit after 30s: waiting for service whaery33wgutdgjczatr5rgw0 to be updated, task-count: 1
    daemon.go:283: [d37a134289d5f] exiting daemon
=== RUN   TestServiceUpdateSecrets
--- PASS: TestServiceUpdateSecrets (15.85s)
    daemon.go:296: [d0f1b40788923] waiting for daemon to start
    daemon.go:328: [d0f1b40788923] daemon started
    daemon.go:283: [d0f1b40788923] exiting daemon
=== RUN   TestServiceUpdateConfigs
--- FAIL: TestServiceUpdateConfigs (32.08s)
    daemon.go:296: [dcf13d5775b2b] waiting for daemon to start
    daemon.go:328: [dcf13d5775b2b] daemon started
    update_test.go:159: timeout hit after 30s: waiting for service wna912vbjzmg6d1j9xvgcadq1 to be updated, task-count: 1
    daemon.go:283: [dcf13d5775b2b] exiting daemon
FAIL
---> Making bundle: .integration-daemon-stop (in bundles/test-integration)
Clearing AppArmor profiles cache:.
All profile caches have been cleared, but no profiles have been unloaded.
Unloading profiles will leave already running processes permanently
unconfined, which can lead to unexpected situations.

To set a process to complain mode, use the command line tool
'aa-complain'. To really tear down all profiles, run the init script
with the 'teardown' option."
Removing test suite binaries
Build step 'Execute shell' marked build as failure
Set build name.
New build name is '#38474'
[PostBuildScript] - Executing post build scripts.
[Docker-PRs-s390x] $ /bin/sh -xe /tmp/jenkins2168755827638934095.sh
+ echo Chowning /workspace to jenkins user
Chowning /workspace to jenkins user
+ id -u
+ id -g
+ docker run --rm -v /home/jenkins/workspace/Docker-PRs-s390x:/workspace s390x/busybox chown -R 1001:1001 /workspace
[Docker-PRs-s390x] $ /bin/sh -xe /tmp/jenkins6099533375902197703.sh
+ echo Creating bundles.tar.gz
Creating bundles.tar.gz
+ xargs tar -czf bundles.tar.gz
+ find bundles -name *.log
Archiving artifacts
Notifying endpoint with url 'https://leeroy.dockerproject.org/notification/jenkins'
Finished: FAILURE
