Started by user Gordon
Notifying endpoint with url 'https://leeroy.dockerproject.org/notification/jenkins'
[EnvInject] - Loading node environment variables.
Building remotely on azure-windows-rs5-1 (windows-rs5) in workspace /gopath/src/github.com/docker/docker
Wiping out workspace first.
Cloning the remote Git repository
Cloning repository https://github.com/moby/moby.git
 > git init C:\gopath\src\github.com\docker\docker # timeout=10
Fetching upstream changes from https://github.com/moby/moby.git
 > git --version # timeout=10
 > git fetch --tags --progress https://github.com/moby/moby.git +refs/heads/*:refs/remotes/origin/*
 > git config remote.origin.url https://github.com/moby/moby.git # timeout=10
 > git config --add remote.origin.fetch +refs/heads/*:refs/remotes/origin/* # timeout=10
 > git config remote.origin.url https://github.com/moby/moby.git # timeout=10
Fetching upstream changes from https://github.com/moby/moby.git
 > git fetch --tags --progress https://github.com/moby/moby.git +refs/heads/*:refs/remotes/origin/*
 > git rev-parse "origin/master^{commit}" # timeout=10
Checking out Revision e0e9942dc5466884e7b2ef5c509a9dab33c4a01a (origin/master)
 > git config core.sparsecheckout # timeout=10
 > git checkout -f e0e9942dc5466884e7b2ef5c509a9dab33c4a01a
Commit message: "Merge pull request #38419 from thaJeztah/fix_nuke_everything"
 > git rev-list --no-walk e0e9942dc5466884e7b2ef5c509a9dab33c4a01a # timeout=10
Set build name.
New build name is '#38410'
[docker] $ sh -xe C:\Users\jenkins\jenkins676553499737444439.sh
+ git fetch origin +refs/pull/38410/head:refs/remotes/origin/pr/38410
From https://github.com/moby/moby
 * [new ref]               refs/pull/38410/head -> origin/pr/38410
+ git merge origin/pr/38410
Updating e0e9942dc5..c5b47c0dfd
Fast-forward
 Dockerfile.windows  | 123 +++++++++++++++-------------------------------------
 hack/ci/windows.ps1 |  33 +++++++-------
 2 files changed, 51 insertions(+), 105 deletions(-)
[docker] $ powershell.exe -NonInteractive -ExecutionPolicy ByPass "& 'C:\Users\jenkins\jenkins7330227747331701406.ps1'"

INFO: executeCI.ps1 starting at Wed Jan  2 16:11:24 CUT 2019

INFO: Script version 28-Aug-2018 09:33 PDT
INFO: Running git version 2.18.0.windows.1
INFO: Branch:rs5_release Build:17763.1.180914-1434
INFO: Environment variables:

Name                           Value                                                                                   
----                           -----                                                                                   
_                              /cygdrive/c/ProgramData/Oracle/Java/javapath/java                                       
ALLUSERSPROFILE                C:\ProgramData                                                                          
APPDATA                        C:\Users\jenkins\AppData\Roaming                                                        
BASE_BRANCH                    master                                                                                  
BUILD_CAUSE                    MANUALTRIGGER                                                                           
BUILD_CAUSE_MANUALTRIGGER      true                                                                                    
BUILD_DISPLAY_NAME             #38410                                                                                  
BUILD_ID                       954                                                                                     
BUILD_NUMBER                   954                                                                                     
BUILD_TAG                      jenkins-Docker-PRs-WoW-RS5-Process-954                                                  
BUILD_URL                      https://jenkins.dockerproject.org/job/Docker-PRs-WoW-RS5-Process/954/                   
CommonProgramFiles             C:\Program Files\Common Files                                                           
CommonProgramFiles(x86)        C:\Program Files (x86)\Common Files                                                     
CommonProgramW6432             C:\Program Files\Common Files                                                           
COMPUTERNAME                   jenkins-rs5-1                                                                           
COMSPEC                        C:\Windows\system32\cmd.exe                                                             
ConfigSet                      rs                                                                                      
CYGWIN                         binmode ntsec                                                                           
DriverData                     C:\Windows\System32\Drivers\DriverData                                                  
EXECUTOR_NUMBER                0                                                                                       
GIT_AUTHOR_EMAIL               janky@dockerproject.org                                                                 
GIT_AUTHOR_NAME                Docker Jenkins                                                                          
GIT_BASE_REPO                  moby/moby                                                                               
GIT_BRANCH                     origin/master                                                                           
GIT_COMMIT                     e0e9942dc5466884e7b2ef5c509a9dab33c4a01a                                                
GIT_COMMITTER_EMAIL            janky@dockerproject.org                                                                 
GIT_COMMITTER_NAME             Docker Jenkins                                                                          
GIT_HEAD_REPO                  thaJeztah/docker                                                                        
GIT_PREVIOUS_COMMIT            e0e9942dc5466884e7b2ef5c509a9dab33c4a01a                                                
GIT_PREVIOUS_SUCCESSFUL_COMMIT e0e9942dc5466884e7b2ef5c509a9dab33c4a01a                                                
GIT_SHA1                       c5b47c0dfd8b361df6adf04696a7616c03106c55                                                
GIT_URL                        https://github.com/moby/moby.git                                                        
GITHUB_URL                     https://github.com/moby/moby/pull/38410                                                 
HOME                           C:\cygwin\home\jenkins                                                                  
HOMEDRIVE                      C:                                                                                      
HOMEPATH                       \cygwin\home\jenkins                                                                    
HUDSON_COOKIE                  9836b251-639a-448e-a8a4-7179acb5ca3c                                                    
HUDSON_HOME                    /var/jenkins_home                                                                       
HUDSON_SERVER_COOKIE           5654907fc74b1465                                                                        
HUDSON_URL                     https://jenkins.dockerproject.org/                                                      
JENKINS_HOME                   /var/jenkins_home                                                                       
JENKINS_SERVER_COOKIE          5654907fc74b1465                                                                        
JENKINS_URL                    https://jenkins.dockerproject.org/                                                      
JOB_BASE_NAME                  Docker-PRs-WoW-RS5-Process                                                              
JOB_DISPLAY_URL                https://jenkins.dockerproject.org/job/Docker-PRs-WoW-RS5-Process/display/redirect       
JOB_NAME                       Docker-PRs-WoW-RS5-Process                                                              
JOB_URL                        https://jenkins.dockerproject.org/job/Docker-PRs-WoW-RS5-Process/                       
LOCALAPPDATA                   C:\Users\jenkins\AppData\Local                                                          
LOGNAME                        jenkins                                                                                 
LOGONSERVER                    \\jenkins-rs5-1                                                                         
MAIL                           /var/spool/mail//jenkins                                                                
NODE_LABELS                    azure-windows-rs5-1 windows-rs5                                                         
NODE_NAME                      azure-windows-rs5-1                                                                     
NUMBER_OF_PROCESSORS           4                                                                                       
OLDPWD                         /home/jenkins                                                                           
OS                             Windows_NT                                                                              
PATH                           C:\cygwin\bin;C:\ProgramData\Oracle\Java\javapath;C:\pstools;C:\Program Files\Notepad...
PATHEXT                        .COM;.EXE;.BAT;.CMD;.VBS;.VBE;.JS;.JSE;.WSF;.WSH;.MSC;.CPL                              
PR                             38410                                                                                   
PROCESSOR_ARCHITECTURE         AMD64                                                                                   
PROCESSOR_IDENTIFIER           Intel64 Family 6 Model 79 Stepping 1, GenuineIntel                                      
PROCESSOR_LEVEL                6                                                                                       
PROCESSOR_REVISION             4f01                                                                                    
ProgramData                    C:\ProgramData                                                                          
PROGRAMFILES                   C:\Program Files                                                                        
ProgramFiles(x86)              C:\Program Files (x86)                                                                  
ProgramW6432                   C:\Program Files                                                                        
PSExecutionPolicyPreference    Bypass                                                                                  
PSModulePath                   C:\Users\jenkins\Documents\WindowsPowerShell\Modules;C:\Program Files\WindowsPowerShe...
PUBLIC                         C:\Users\Public                                                                         
PWD                            /cygdrive/c/workspace                                                                   
ROOT_BUILD_CAUSE               MANUALTRIGGER                                                                           
ROOT_BUILD_CAUSE_MANUALTRIGGER true                                                                                    
RUN_CHANGES_DISPLAY_URL        https://jenkins.dockerproject.org/job/Docker-PRs-WoW-RS5-Process/954/display/redirect...
RUN_DISPLAY_URL                https://jenkins.dockerproject.org/job/Docker-PRs-WoW-RS5-Process/954/display/redirect   
SHELL                          /bin/bash                                                                               
SHLVL                          1                                                                                       
SOURCES_DRIVE                  c                                                                                       
SOURCES_SUBDIR                 gopath                                                                                  
SSH_CLIENT                     52.88.204.51 10333 22                                                                   
SSH_CONNECTION                 52.88.204.51 10333 10.0.0.19 22                                                         
SYSTEMDRIVE                    C:                                                                                      
SYSTEMROOT                     C:\Windows                                                                              
TEMP                           d:\temp                                                                                 
TESTRUN_DRIVE                  d                                                                                       
TESTRUN_SUBDIR                 CI                                                                                      
USER                           jenkins                                                                                 
USERDOMAIN                     jenkins-rs5-1                                                                           
USERNAME                       jenkins                                                                                 
USERPROFILE                    C:\Users\jenkins                                                                        
WINDIR                         C:\Windows                                                                              
WORKSPACE                      /gopath/src/github.com/docker/docker                                                    



INFO: PR#38410 (https://github.com/docker/docker/pull/38410)
INFO: Sources under c:\gopath\...
INFO: Test run under d:\CI\...
INFO: Running in C:\gopath\src\github.com\docker\docker
INFO: docker/docker repository was found
INFO: Image microsoft/windowsservercore:latest is already loaded in the control daemon
INFO: Version of microsoft/windowsservercore:latest is '10.0.17763.1'
INFO: Docker version of control daemon

Client:
 Version:           master-dockerproject-2018-09-18
 API version:       1.39
 Go version:        go1.10.4
 Git commit:        b4180e87
 Built:             Tue Sep 18 23:49:29 2018
 OS/Arch:           windows/amd64
 Experimental:      false

Server:
 Engine:
  Version:          master-dockerproject-2018-09-18
  API version:      1.39 (minimum version 1.24)
  Go version:       go1.11
  Git commit:       d6a7c22
  Built:            Tue Sep 18 23:58:14 2018
  OS/Arch:          windows/amd64
  Experimental:     false

INFO: Docker info of control daemon

Containers: 0
 Running: 0
 Paused: 0
 Stopped: 0
Images: 7
Server Version: master-dockerproject-2018-09-18
Storage Driver: windowsfilter
 Windows: 
Logging Driver: json-file
Plugins:
 Volume: local
 Network: ics l2bridge l2tunnel nat null overlay transparent
 Log: awslogs etwlogs fluentd gcplogs gelf json-file local logentries splunk syslog
Swarm: inactive
Default Isolation: process
Kernel Version: 10.0 17763 (17763.1.amd64fre.rs5_release.180914-1434)
Operating System: Windows Server 2019 Datacenter Version 1809 (OS Build 17763.1)
OSType: windows
Architecture: x86_64
CPUs: 4
Total Memory: 16GiB
Name: jenkins-rs5-1
ID: QKEY:7HYX:LBB6:2Q4I:GGFQ:KOP2:MNA6:T5K5:N5EH:4Y4H:VOB4:KDPM
Docker Root Dir: D:\control
Debug Mode (client): false
Debug Mode (server): false
Registry: https://index.docker.io/v1/
Labels:
Experimental: false
Insecure Registries:
 127.0.0.0/8
Live Restore Enabled: false


INFO: Commit hash is c5b47c0dfd
INFO: Nuke-Everything...
INFO: Container count on control daemon to delete is 0
INFO: Nuking d:\CI
ERROR:  hcsshim::DestroyLayer - Win32 API call returned error r1=0x80070020 err=The process cannot access the file because it is being used by another process.id=CI flavour=0
INFO: Location for testing is d:\CI\CI-c5b47c0dfd
INFO: Validating GOLang consistency in Dockerfile.windows...


INFO: Building the image from Dockerfile.windows at 01/02/2019 16:11:32...

Sending build context to Docker daemon  46.38MB

Step 1/17 : FROM golang:1.11.4-windowsservercore AS compiler
1.11.4-windowsservercore: Pulling from library/golang
65014b3c3121: Already exists
783e312e2ddb: Pulling fs layer
dac309d9decd: Pulling fs layer
05d0db5dd056: Pulling fs layer
35b069247613: Pulling fs layer
15f14f62b0d6: Pulling fs layer
be6848f384f1: Pulling fs layer
332c9b494faf: Pulling fs layer
3d50dadef564: Pulling fs layer
7e1db8003fd6: Pulling fs layer
951cab53ddfb: Pulling fs layer
aabb848f27d0: Pulling fs layer
236af845894c: Pulling fs layer
35b069247613: Waiting
15f14f62b0d6: Waiting
be6848f384f1: Waiting
332c9b494faf: Waiting
3d50dadef564: Waiting
7e1db8003fd6: Waiting
951cab53ddfb: Waiting
aabb848f27d0: Waiting
236af845894c: Waiting
05d0db5dd056: Download complete
dac309d9decd: Verifying Checksum
dac309d9decd: Download complete
35b069247613: Verifying Checksum
35b069247613: Download complete
15f14f62b0d6: Verifying Checksum
15f14f62b0d6: Download complete
be6848f384f1: Verifying Checksum
be6848f384f1: Download complete
3d50dadef564: Verifying Checksum
3d50dadef564: Download complete
332c9b494faf: Verifying Checksum
332c9b494faf: Download complete
7e1db8003fd6: Verifying Checksum
7e1db8003fd6: Download complete
951cab53ddfb: Verifying Checksum
951cab53ddfb: Download complete
236af845894c: Verifying Checksum
236af845894c: Download complete
aabb848f27d0: Verifying Checksum
aabb848f27d0: Download complete
783e312e2ddb: Verifying Checksum
783e312e2ddb: Download complete
783e312e2ddb: Pull complete
dac309d9decd: Pull complete
05d0db5dd056: Pull complete
35b069247613: Pull complete
15f14f62b0d6: Pull complete
be6848f384f1: Pull complete
332c9b494faf: Pull complete
3d50dadef564: Pull complete
7e1db8003fd6: Pull complete
951cab53ddfb: Pull complete
aabb848f27d0: Pull complete
236af845894c: Pull complete
Digest: sha256:ab3e3748fd75311fad63777b09a38892d8352d08ce76648d9c1a5c76dd7581af
Status: Downloaded newer image for golang:1.11.4-windowsservercore
 ---> 80f4bebb2043
Step 2/17 : ADD https://raw.githubusercontent.com/jhowardmsft/docker-tdmgcc/master/gcc.zip C:\

 ---> 104e34c25d5e
Step 3/17 : ADD https://raw.githubusercontent.com/jhowardmsft/docker-tdmgcc/master/runtime.zip C:\

 ---> 13f8b6a62d76
Step 4/17 : ADD https://raw.githubusercontent.com/jhowardmsft/docker-tdmgcc/master/binutils.zip C:\

 ---> 44e66dfbe88a
Step 5/17 : RUN   Write-Host INFO: Expanding compiler 1 of 3...;   Expand-Archive C:\gcc.zip -DestinationPath C:\gcc -Force;   Write-Host INFO: Expanding compiler 2 of 3...;   Expand-Archive C:\runtime.zip -DestinationPath C:\gcc -Force;   Write-Host INFO: Expanding compiler 3 of 3...;   Expand-Archive C:\binutils.zip -DestinationPath C:\gcc -Force;
 ---> Running in 9aa9c6acabe2
INFO: Expanding compiler 1 of 3...
INFO: Expanding compiler 2 of 3...
INFO: Expanding compiler 3 of 3...
Removing intermediate container 9aa9c6acabe2
 ---> 2c87e0a592fe
Step 6/17 : FROM golang:1.11.4-windowsservercore AS busybox
 ---> 80f4bebb2043
Step 7/17 : ARG BUSYBOX_VERSION=w32-FRP-2501-g858091c25
 ---> Running in c676d3e508ce
Removing intermediate container c676d3e508ce
 ---> f916a114d347
Step 8/17 : ADD http://frippery.org/files/busybox/busybox-${BUSYBOX_VERSION}.exe C:\busybox\busybox.exe

 ---> 6bb4e9fc2f2b
Step 9/17 : RUN   Write-Host 'INFO: Setting up busybox symlinks ...';   C:\busybox\busybox.exe --list ^|ForEach-Object {$nul = cmd /c mklink C:\busybox\$_.exe busybox.exe}
 ---> Running in 50a381827d27
INFO: Setting up busybox symlinks ...
Cannot create a file when that file already exists.
Removing intermediate container 50a381827d27
 ---> 2b04fc22edd9
Step 10/17 : FROM golang:1.11.4-windowsservercore
 ---> 80f4bebb2043
Step 11/17 : ENV FROM_DOCKERFILE=1
 ---> Running in f074467f4a59
Removing intermediate container f074467f4a59
 ---> 30a5f6247c2c
Step 12/17 : RUN   Write-Host INFO: Configuring git core.autocrlf...;   C:\git\cmd\git config --global core.autocrlf true;     Write-Host 'INFO: Creating temp folder for unit tests...';   New-Item -ItemType Directory -Path C:\tmp;     Write-Host 'INFO: Updating PATH ...';   $env:PATH = 'C:\busybox;C:\gcc\bin;' + $env:PATH;   [Environment]::SetEnvironmentVariable('PATH', $env:PATH, [EnvironmentVariableTarget]::Machine);     Write-Host INFO: Completed;
 ---> Running in 8e9bcf90023e
INFO: Configuring git core.autocrlf...
INFO: Creating temp folder for unit tests...


    Directory: C:\


Mode                LastWriteTime         Length Name                          
----                -------------         ------ ----                          
d-----         1/2/2019   4:14 PM                tmp                           
INFO: Updating PATH ...
INFO: Completed


Removing intermediate container 8e9bcf90023e
 ---> f68887b3142a
Step 13/17 : ENTRYPOINT ["powershell.exe"]
 ---> Running in b90229a2e895
Removing intermediate container b90229a2e895
 ---> a4e1f8ba17e2
Step 14/17 : WORKDIR ${GOPATH}\src\github.com\docker\docker
 ---> Running in 975b6d4f5d78
Removing intermediate container 975b6d4f5d78
 ---> 1c16a2d62460
Step 15/17 : COPY --from=compiler C:\gcc C:\gcc
 ---> b81bdb276f97
Step 16/17 : COPY --from=busybox C:\busybox C:\busybox
 ---> 17ab950593a3
Step 17/17 : COPY . .
 ---> 3fe93eec103c
Successfully built 3fe93eec103c
Successfully tagged docker:latest
INFO: Image build ended at 01/02/2019 16:15:55. Duration:00:04:23.4284264


INFO: Building the test binaries at 01/02/2019 16:15:56...
INFO: make.ps1 starting at 01/02/2019 16:16:00
INFO: Git commit (c5b47c0dfd) assumed from DOCKER_GITCOMMIT environment variable
INFO: Invoking autogen...
INFO: Building daemon...
INFO: Downloading docker/cli version 17.06.0-ce from edge...

 ________   ____  __.
 \_____  \ |    |/ _|
 /   |   \|      <
 /    |    \    |  \
 \_______  /____|__ \
         \/        \/

INFO: make.ps1 ended at 01/02/2019 16:17:03
INFO: Binaries build ended at 01/02/2019 16:17:05. Duration:00:01:09.2737938
INFO: Copying the built daemon binary to d:\CI\CI-c5b47c0dfd\binary\dockerd-c5b47c0dfd.exe...
INFO: Copying the built client binary to d:\CI\CI-c5b47c0dfd\binary\docker-c5b47c0dfd.exe...
INFO: Copying dockerversion from the container...
INFO: Copying the golang package from the container to d:\CI\CI-c5b47c0dfd\go...
INFO: Updating the golang and path environment variables
INFO: GOPATH=c:\gopath
INFO: go version go1.11.4 windows/amd64
INFO: Starting a daemon under test...
INFO: Args: -H tcp://0.0.0.0:2357 --data-root d:\CI\CI-c5b47c0dfd\daemon --pidfile d:\CI\CI-c5b47c0dfd\docker.pid
INFO: Process started successfully.
INFO: Waiting for the daemon under test to start...
INFO: Daemon under test started and replied!
INFO: Docker version of the daemon under test

Client:
 Version:      17.06.0-ce
 API version:  1.30
 Go version:   go1.8.3
 Git commit:   02c1d87
 Built:        Fri Jun 23 21:30:30 2017
 OS/Arch:      windows/amd64

Server:
 Version:      0.0.0-dev
 API version:  1.40 (minimum version 1.24)
 Go version:   go1.11.4
 Git commit:   c5b47c0dfd
 Built:        01/02/2019 16:16:00
 OS/Arch:      windows/amd64
 Experimental: false

INFO: Docker info of the daemon under test

Containers: 0
 Running: 0
 Paused: 0
 Stopped: 0
Images: 0
Server Version: 0.0.0-dev
Storage Driver: windowsfilter
 Windows: 
Logging Driver: json-file
Plugins: 
 Volume: local
 Network: ics l2bridge l2tunnel nat null overlay transparent
 Log: awslogs etwlogs fluentd gcplogs gelf json-file local logentries splunk syslog
Swarm: inactive
Default Isolation: process
Kernel Version: 10.0 17763 (17763.1.amd64fre.rs5_release.180914-1434)
Operating System: Windows Server 2019 Datacenter Version 1809 (OS Build 17763.1)
OSType: windows
Architecture: x86_64
CPUs: 4
Total Memory: 16GiB
Name: jenkins-rs5-1
ID: ANIZ:PWRE:F7T6:CR3R:5F32:CXOE:43HD:67C3:YRNQ:QLYL:PV7A:SLWR
Docker Root Dir: D:\CI\CI-c5b47c0dfd\daemon
Debug Mode (client): false
Debug Mode (server): false
Registry: https://index.docker.io/v1/
Labels:
Experimental: false
Insecure Registries:
 127.0.0.0/8
Live Restore Enabled: false


INFO: Docker images of the daemon under test

REPOSITORY          TAG                 IMAGE ID            CREATED             SIZE

INFO: Base image for tests is microsoft/windowsservercore
INFO: Loading windowsservercore .tar from disk into the daemon under test. This may take some time...
Loaded image: microsoft/windowsservercore:10.0.17763.1
Loaded image: microsoft/windowsservercore:latest
INFO: docker load of windowsservercore  into daemon under test completed successfully
INFO: Version of microsoft/windowsservercore:latest is '10.0.17763.1'
INFO: Running validation tests at 01/02/2019 16:19:51...
INFO: make.ps1 starting at 01/02/2019 16:19:51
INFO: Validating Developer Certificate of Origin...
Congratulations!  All commits are properly signed with the DCO!
INFO: Validating go formatting on changed files...
Congratulations!  All Go source files are properly formatted.
INFO: Validating pkg import isolation...
Congratulations!  ".\pkg\*.go" is safely isolated from internal code.
INFO: make.ps1 ended at 01/02/2019 16:19:53
INFO: Validation tests ended at 01/02/2019 16:19:53. Duration:00:00:01.4115280
INFO: Running unit tests at 01/02/2019 16:19:53...
INFO: make.ps1 starting at 01/02/2019 16:19:56
INFO: Git commit (c5b47c0dfd) assumed from DOCKER_GITCOMMIT environment variable
INFO: Invoking autogen...
INFO: Running unit tests...
?   	github.com/docker/docker/api	[no test files]
ok  	github.com/docker/docker/api/server	0.213s	coverage: 7.9% of statements
?   	github.com/docker/docker/api/server/backend/build	[no test files]
ok  	github.com/docker/docker/api/server/httputils	0.060s	coverage: 11.1% of statements
ok  	github.com/docker/docker/api/server/middleware	0.060s	coverage: 43.4% of statements
?   	github.com/docker/docker/api/server/router	[no test files]
?   	github.com/docker/docker/api/server/router/build	[no test files]
?   	github.com/docker/docker/api/server/router/checkpoint	[no test files]
?   	github.com/docker/docker/api/server/router/container	[no test files]
?   	github.com/docker/docker/api/server/router/debug	[no test files]
?   	github.com/docker/docker/api/server/router/distribution	[no test files]
?   	github.com/docker/docker/api/server/router/image	[no test files]
?   	github.com/docker/docker/api/server/router/network	[no test files]
?   	github.com/docker/docker/api/server/router/plugin	[no test files]
?   	github.com/docker/docker/api/server/router/session	[no test files]
?   	github.com/docker/docker/api/server/router/swarm	[no test files]
?   	github.com/docker/docker/api/server/router/system	[no test files]
?   	github.com/docker/docker/api/server/router/volume	[no test files]
?   	github.com/docker/docker/api/types	[no test files]
?   	github.com/docker/docker/api/types/backend	[no test files]
?   	github.com/docker/docker/api/types/blkiodev	[no test files]
?   	github.com/docker/docker/api/types/container	[no test files]
?   	github.com/docker/docker/api/types/events	[no test files]
ok  	github.com/docker/docker/api/types/filters	0.051s	coverage: 94.2% of statements
?   	github.com/docker/docker/api/types/image	[no test files]
?   	github.com/docker/docker/api/types/mount	[no test files]
?   	github.com/docker/docker/api/types/network	[no test files]
?   	github.com/docker/docker/api/types/plugins/logdriver	[no test files]
?   	github.com/docker/docker/api/types/registry	[no test files]
ok  	github.com/docker/docker/api/types/strslice	0.048s	coverage: 90.0% of statements
?   	github.com/docker/docker/api/types/swarm	[no test files]
?   	github.com/docker/docker/api/types/swarm/runtime	[no test files]
ok  	github.com/docker/docker/api/types/time	0.343s	coverage: 100.0% of statements
ok  	github.com/docker/docker/api/types/versions	0.042s	coverage: 75.0% of statements
?   	github.com/docker/docker/api/types/versions/v1p19	[no test files]
?   	github.com/docker/docker/api/types/versions/v1p20	[no test files]
?   	github.com/docker/docker/api/types/volume	[no test files]
?   	github.com/docker/docker/autogen/winresources/docker	[no test files]
?   	github.com/docker/docker/autogen/winresources/dockerd	[no test files]
?   	github.com/docker/docker/builder	[no test files]
?   	github.com/docker/docker/builder/builder-next	[no test files]
?   	github.com/docker/docker/builder/builder-next/adapters/containerimage	[no test files]
?   	github.com/docker/docker/builder/builder-next/adapters/snapshot	[no test files]
?   	github.com/docker/docker/builder/builder-next/exporter	[no test files]
?   	github.com/docker/docker/builder/builder-next/imagerefchecker	[no test files]
?   	github.com/docker/docker/builder/builder-next/worker	[no test files]
ok  	github.com/docker/docker/builder/dockerfile	0.183s	coverage: 43.2% of statements
ok  	github.com/docker/docker/builder/dockerignore	0.045s	coverage: 96.8% of statements
ok  	github.com/docker/docker/builder/fscache	0.727s	coverage: 69.2% of statements
ok  	github.com/docker/docker/builder/remotecontext	0.224s	coverage: 9.3% of statements
ok  	github.com/docker/docker/builder/remotecontext/git	30.330s	coverage: 78.8% of statements
?   	github.com/docker/docker/cli	[no test files]
?   	github.com/docker/docker/cli/config	[no test files]
ok  	github.com/docker/docker/cli/debug	0.074s	coverage: 100.0% of statements
ok  	github.com/docker/docker/client	0.375s	coverage: 75.1% of statements
ok  	github.com/docker/docker/cmd/dockerd	0.213s	coverage: 18.0% of statements
ok  	github.com/docker/docker/container	0.283s	coverage: 42.8% of statements
?   	github.com/docker/docker/container/stream	[no test files]
?   	github.com/docker/docker/contrib/apparmor	[no test files]
?   	github.com/docker/docker/contrib/docker-device-tool	[no test files]
?   	github.com/docker/docker/contrib/httpserver	[no test files]
ok  	github.com/docker/docker/daemon	2.844s	coverage: 8.3% of statements
ok  	github.com/docker/docker/daemon/cluster	0.368s	coverage: 0.5% of statements
ok  	github.com/docker/docker/daemon/cluster/controllers/plugin	0.158s	coverage: 65.3% of statements
ok  	github.com/docker/docker/daemon/cluster/convert	0.345s	coverage: 28.0% of statements
?   	github.com/docker/docker/daemon/cluster/executor	[no test files]
ok  	github.com/docker/docker/daemon/cluster/executor/container	1.226s	coverage: 9.9% of statements
?   	github.com/docker/docker/daemon/cluster/provider	[no test files]
ok  	github.com/docker/docker/daemon/config	0.467s	coverage: 81.8% of statements
ok  	github.com/docker/docker/daemon/discovery	0.270s	coverage: 30.4% of statements
ok  	github.com/docker/docker/daemon/events	0.382s	coverage: 50.0% of statements
?   	github.com/docker/docker/daemon/events/testutils	[no test files]
?   	github.com/docker/docker/daemon/exec	[no test files]
ok  	github.com/docker/docker/daemon/graphdriver	0.291s	coverage: 2.3% of statements
?   	github.com/docker/docker/daemon/graphdriver/btrfs	[no test files]
?   	github.com/docker/docker/daemon/graphdriver/devmapper	[no test files]
?   	github.com/docker/docker/daemon/graphdriver/graphtest	[no test files]
?   	github.com/docker/docker/daemon/graphdriver/lcow	[no test files]
?   	github.com/docker/docker/daemon/graphdriver/overlay	[no test files]
?   	github.com/docker/docker/daemon/graphdriver/overlay2	[no test files]
?   	github.com/docker/docker/daemon/graphdriver/quota	[no test files]
?   	github.com/docker/docker/daemon/graphdriver/register	[no test files]
?   	github.com/docker/docker/daemon/graphdriver/vfs	[no test files]
?   	github.com/docker/docker/daemon/graphdriver/windows	[no test files]
?   	github.com/docker/docker/daemon/graphdriver/zfs	[no test files]
ok  	github.com/docker/docker/daemon/images	0.137s	coverage: 4.9% of statements
?   	github.com/docker/docker/daemon/initlayer	[no test files]
ok  	github.com/docker/docker/daemon/links	0.039s	coverage: 93.0% of statements
?   	github.com/docker/docker/daemon/listeners	[no test files]
ok  	github.com/docker/docker/daemon/logger	0.588s	coverage: 44.0% of statements
ok  	github.com/docker/docker/daemon/logger/awslogs	0.408s	coverage: 71.4% of statements
?   	github.com/docker/docker/daemon/logger/etwlogs	[no test files]
?   	github.com/docker/docker/daemon/logger/fluentd	[no test files]
?   	github.com/docker/docker/daemon/logger/gcplogs	[no test files]
?   	github.com/docker/docker/daemon/logger/gelf	[no test files]
?   	github.com/docker/docker/daemon/logger/journald	[no test files]
ok  	github.com/docker/docker/daemon/logger/jsonfilelog	0.361s	coverage: 62.1% of statements
ok  	github.com/docker/docker/daemon/logger/jsonfilelog/jsonlog	0.218s	coverage: 88.3% of statements
ok  	github.com/docker/docker/daemon/logger/local	0.366s	coverage: 74.7% of statements
?   	github.com/docker/docker/daemon/logger/logentries	[no test files]
ok  	github.com/docker/docker/daemon/logger/loggerutils	0.076s	coverage: 18.1% of statements
ok  	github.com/docker/docker/daemon/logger/splunk	2.370s	coverage: 84.5% of statements
ok  	github.com/docker/docker/daemon/logger/syslog	0.062s	coverage: 47.8% of statements
ok  	github.com/docker/docker/daemon/logger/templates	0.051s	coverage: 8.3% of statements
?   	github.com/docker/docker/daemon/names	[no test files]
?   	github.com/docker/docker/daemon/network	[no test files]
?   	github.com/docker/docker/daemon/stats	[no test files]
ok  	github.com/docker/docker/distribution	1.215s	coverage: 15.6% of statements
ok  	github.com/docker/docker/distribution/metadata	1.270s	coverage: 48.2% of statements
?   	github.com/docker/docker/distribution/utils	[no test files]
ok  	github.com/docker/docker/distribution/xfer	1.595s	coverage: 62.7% of statements
?   	github.com/docker/docker/dockerversion	[no test files]
ok  	github.com/docker/docker/errdefs	0.034s	coverage: 76.6% of statements
ok  	github.com/docker/docker/hack/integration-cli-on-swarm/agent/master	0.042s	coverage: 11.3% of statements
?   	github.com/docker/docker/hack/integration-cli-on-swarm/agent/types	[no test files]
?   	github.com/docker/docker/hack/integration-cli-on-swarm/agent/worker	[no test files]
ok  	github.com/docker/docker/hack/integration-cli-on-swarm/host	0.076s	coverage: 3.6% of statements
ok  	github.com/docker/docker/image	0.859s	coverage: 86.3% of statements
ok  	github.com/docker/docker/image/cache	0.110s	coverage: 19.2% of statements
?   	github.com/docker/docker/image/tarexport	[no test files]
ok  	github.com/docker/docker/image/v1	0.125s	coverage: 25.0% of statements
?   	github.com/docker/docker/internal/test	[no test files]
?   	github.com/docker/docker/internal/test/daemon	[no test files]
?   	github.com/docker/docker/internal/test/environment	[no test files]
?   	github.com/docker/docker/internal/test/fakecontext	[no test files]
?   	github.com/docker/docker/internal/test/fakegit	[no test files]
?   	github.com/docker/docker/internal/test/fakestorage	[no test files]
?   	github.com/docker/docker/internal/test/fixtures/load	[no test files]
?   	github.com/docker/docker/internal/test/fixtures/plugin	[no test files]
?   	github.com/docker/docker/internal/test/fixtures/plugin/basic	[no test files]
?   	github.com/docker/docker/internal/test/registry	[no test files]
?   	github.com/docker/docker/internal/test/request	[no test files]
ok  	github.com/docker/docker/internal/testutil	0.135s	coverage: 62.5% of statements
ok  	github.com/docker/docker/layer	0.352s	coverage: 28.2% of statements
ok  	github.com/docker/docker/libcontainerd	0.088s	coverage: 3.7% of statements
?   	github.com/docker/docker/libcontainerd/supervisor	[no test files]
?   	github.com/docker/docker/oci	[no test files]
?   	github.com/docker/docker/oci/caps	[no test files]
ok  	github.com/docker/docker/opts	0.099s	coverage: 68.7% of statements
ok  	github.com/docker/docker/pkg/aaparser	0.056s	coverage: 50.0% of statements
--- FAIL: TestIsArchivePathTar (0.17s)
    archive_test.go:87: Did not recognise valid tar path as archive
--- FAIL: TestDecompressStreamGzip (0.11s)
    archive_test.go:104: Failed to open file archive.gz: open C:\Users\ContainerAdministrator\AppData\Local\Temp\archive.gz: The system cannot find the file specified.
--- FAIL: TestDecompressStreamBzip2 (0.08s)
    archive_test.go:104: Failed to open file archive.bz2: open C:\Users\ContainerAdministrator\AppData\Local\Temp\archive.bz2: The system cannot find the file specified.
--- FAIL: TestUntarPathWithInvalidDest (0.09s)
    archive_test.go:287: assertion failed: error is not nil: exit status 1
--- FAIL: TestUntarPath (0.10s)
    archive_test.go:331: assertion failed: error is not nil: exit status 1
--- FAIL: TestUntarPathWithDestinationFile (0.09s)
    archive_test.go:365: exit status 1
--- FAIL: TestUntarPathWithDestinationSrcFileAsFolder (0.11s)
    archive_test.go:402: exit status 1
breakoutError: "..\\victim\\dotdot" is outside of "C:\\Users\\ContainerAdministrator\\AppData\\Local\\Temp\\docker-TestUntarInvalidFilenames152557834\\dest"
breakoutError: invalid hardlink "C:\\Users\\ContainerAdministrator\\AppData\\Local\\Temp\\docker-TestUntarInvalidHardlink388302267\\victim\\hello" -> "../victim/hello"
breakoutError: invalid hardlink "C:\\Users\\ContainerAdministrator\\AppData\\Local\\Temp\\docker-TestUntarInvalidHardlink014976478\\victim\\hello" -> "/../victim/hello"
breakoutError: invalid hardlink "C:\\Users\\ContainerAdministrator\\AppData\\Local\\Temp\\docker-TestUntarInvalidHardlink745761189\\victim" -> "../victim"
breakoutError: invalid hardlink "C:\\Users\\ContainerAdministrator\\AppData\\Local\\Temp\\docker-TestUntarInvalidHardlink953700544\\victim" -> "../victim"
breakoutError: invalid hardlink "C:\\Users\\ContainerAdministrator\\AppData\\Local\\Temp\\docker-TestUntarInvalidHardlink844598559\\victim" -> "../victim"
breakoutError: invalid hardlink "C:\\Users\\ContainerAdministrator\\AppData\\Local\\Temp\\docker-TestUntarInvalidHardlink965193202\\victim" -> "../victim"
breakoutError: invalid symlink "C:\\Users\\ContainerAdministrator\\AppData\\Local\\Temp\\docker-TestUntarInvalidSymlink711320233\\dest\\dotdot" -> "../victim/hello"
breakoutError: invalid symlink "C:\\Users\\ContainerAdministrator\\AppData\\Local\\Temp\\docker-TestUntarInvalidSymlink179382260\\dest\\slash-dotdot" -> "/../victim/hello"
breakoutError: invalid symlink "C:\\Users\\ContainerAdministrator\\AppData\\Local\\Temp\\docker-TestUntarInvalidSymlink186847939\\dest\\loophole-victim" -> "../victim"
breakoutError: invalid symlink "C:\\Users\\ContainerAdministrator\\AppData\\Local\\Temp\\docker-TestUntarInvalidSymlink360830790\\dest\\loophole-victim" -> "../victim"
breakoutError: invalid symlink "C:\\Users\\ContainerAdministrator\\AppData\\Local\\Temp\\docker-TestUntarInvalidSymlink197489645\\dest\\loophole-victim" -> "../victim"
breakoutError: invalid symlink "C:\\Users\\ContainerAdministrator\\AppData\\Local\\Temp\\docker-TestUntarInvalidSymlink927347816\\dest\\loophole-victim" -> "../victim"
breakoutError: invalid symlink "C:\\Users\\ContainerAdministrator\\AppData\\Local\\Temp\\docker-TestUntarInvalidSymlink240019623\\dest\\dir\\loophole" -> "../../victim"
--- FAIL: TestDisablePigz (0.13s)
    archive_test.go:1308: Test will not check full path when Pigz not installed
    archive_test.go:104: Failed to open file archive.gz: open C:\Users\ContainerAdministrator\AppData\Local\Temp\archive.gz: The system cannot find the file specified.
--- FAIL: TestPigz (0.09s)
    archive_test.go:104: Failed to open file archive.gz: open C:\Users\ContainerAdministrator\AppData\Local\Temp\archive.gz: The system cannot find the file specified.
breakoutError: "..\\victim\\dotdot" is outside of "C:\\Users\\ContainerAdministrator\\AppData\\Local\\Temp\\docker-TestApplyLayerInvalidFilenames798918107\\dest"
breakoutError: invalid hardlink "C:\\Users\\ContainerAdministrator\\AppData\\Local\\Temp\\docker-TestApplyLayerInvalidHardlink751019717\\victim\\hello" -> "../victim/hello"
breakoutError: invalid hardlink "C:\\Users\\ContainerAdministrator\\AppData\\Local\\Temp\\docker-TestApplyLayerInvalidHardlink596171104\\victim\\hello" -> "/../victim/hello"
breakoutError: invalid hardlink "C:\\Users\\ContainerAdministrator\\AppData\\Local\\Temp\\docker-TestApplyLayerInvalidHardlink785984831\\victim" -> "../victim"
breakoutError: invalid hardlink "C:\\Users\\ContainerAdministrator\\AppData\\Local\\Temp\\docker-TestApplyLayerInvalidHardlink800723858\\victim" -> "../victim"
breakoutError: invalid hardlink "C:\\Users\\ContainerAdministrator\\AppData\\Local\\Temp\\docker-TestApplyLayerInvalidHardlink591945673\\victim" -> "../victim"
breakoutError: invalid hardlink "C:\\Users\\ContainerAdministrator\\AppData\\Local\\Temp\\docker-TestApplyLayerInvalidHardlink937879188\\victim" -> "../victim"
breakoutError: invalid symlink "C:\\Users\\ContainerAdministrator\\AppData\\Local\\Temp\\docker-TestApplyLayerInvalidSymlink541461731\\dest\\dotdot" -> "../victim/hello"
breakoutError: invalid symlink "C:\\Users\\ContainerAdministrator\\AppData\\Local\\Temp\\docker-TestApplyLayerInvalidSymlink858469094\\dest\\slash-dotdot" -> "/../victim/hello"
breakoutError: invalid symlink "C:\\Users\\ContainerAdministrator\\AppData\\Local\\Temp\\docker-TestApplyLayerInvalidSymlink281815309\\dest\\loophole-victim" -> "../victim"
breakoutError: invalid symlink "C:\\Users\\ContainerAdministrator\\AppData\\Local\\Temp\\docker-TestApplyLayerInvalidSymlink737483528\\dest\\loophole-victim" -> "../victim"
breakoutError: invalid symlink "C:\\Users\\ContainerAdministrator\\AppData\\Local\\Temp\\docker-TestApplyLayerInvalidSymlink209144007\\dest\\loophole-victim" -> "../victim"
breakoutError: invalid symlink "C:\\Users\\ContainerAdministrator\\AppData\\Local\\Temp\\docker-TestApplyLayerInvalidSymlink162945914\\dest\\loophole-victim" -> "../victim"
FAIL
coverage: 60.8% of statements
FAIL	github.com/docker/docker/pkg/archive	9.456s
ok  	github.com/docker/docker/pkg/authorization	0.459s	coverage: 26.2% of statements
ok  	github.com/docker/docker/pkg/broadcaster	0.068s	coverage: 100.0% of statements
ok  	github.com/docker/docker/pkg/chrootarchive	0.104s	coverage: 13.3% of statements
?   	github.com/docker/docker/pkg/containerfs	[no test files]
?   	github.com/docker/docker/pkg/devicemapper	[no test files]
ok  	github.com/docker/docker/pkg/directory	0.057s	coverage: 80.0% of statements
ok  	github.com/docker/docker/pkg/discovery	0.062s	coverage: 58.3% of statements
ok  	github.com/docker/docker/pkg/discovery/file	0.078s	coverage: 92.9% of statements
ok  	github.com/docker/docker/pkg/discovery/kv	3.236s	coverage: 84.1% of statements
ok  	github.com/docker/docker/pkg/discovery/memory	0.064s	coverage: 92.3% of statements
ok  	github.com/docker/docker/pkg/discovery/nodes	0.086s	coverage: 93.8% of statements
ok  	github.com/docker/docker/pkg/filenotify	0.046s	coverage: 38.2% of statements
ok  	github.com/docker/docker/pkg/fileutils	0.074s	coverage: 87.7% of statements
ok  	github.com/docker/docker/pkg/homedir	0.038s	coverage: 75.0% of statements
?   	github.com/docker/docker/pkg/idtools	[no test files]
ok  	github.com/docker/docker/pkg/ioutils	0.582s	coverage: 69.1% of statements
ok  	github.com/docker/docker/pkg/jsonmessage	0.222s	coverage: 88.3% of statements
ok  	github.com/docker/docker/pkg/locker	0.088s	coverage: 88.9% of statements
ok  	github.com/docker/docker/pkg/longpath	0.054s	coverage: 100.0% of statements
?   	github.com/docker/docker/pkg/mount	[no test files]
ok  	github.com/docker/docker/pkg/namesgenerator	0.045s	coverage: 85.7% of statements
?   	github.com/docker/docker/pkg/namesgenerator/cmd/names-generator	[no test files]
ok  	github.com/docker/docker/pkg/parsers	0.036s	coverage: 97.0% of statements
?   	github.com/docker/docker/pkg/parsers/kernel	[no test files]
?   	github.com/docker/docker/pkg/parsers/operatingsystem	[no test files]
ok  	github.com/docker/docker/pkg/pidfile	0.055s	coverage: 82.6% of statements
?   	github.com/docker/docker/pkg/platform	[no test files]
?   	github.com/docker/docker/pkg/plugingetter	[no test files]
ok  	github.com/docker/docker/pkg/plugins	35.044s	coverage: 73.6% of statements
ok  	github.com/docker/docker/pkg/plugins/pluginrpc-gen	0.052s	coverage: 56.8% of statements
?   	github.com/docker/docker/pkg/plugins/pluginrpc-gen/fixtures	[no test files]
?   	github.com/docker/docker/pkg/plugins/pluginrpc-gen/fixtures/otherfixture	[no test files]
ok  	github.com/docker/docker/pkg/plugins/transport	0.041s	coverage: 85.7% of statements
ok  	github.com/docker/docker/pkg/pools	0.043s	coverage: 87.9% of statements
ok  	github.com/docker/docker/pkg/progress	0.036s	coverage: 75.9% of statements
ok  	github.com/docker/docker/pkg/pubsub	1.092s	coverage: 72.7% of statements
ok  	github.com/docker/docker/pkg/reexec	0.090s	coverage: 82.4% of statements
ok  	github.com/docker/docker/pkg/signal	0.042s	coverage: 20.3% of statements
?   	github.com/docker/docker/pkg/signal/testfiles	[no test files]
ok  	github.com/docker/docker/pkg/stdcopy	0.039s	coverage: 100.0% of statements
ok  	github.com/docker/docker/pkg/streamformatter	0.079s	coverage: 66.2% of statements
ok  	github.com/docker/docker/pkg/stringid	0.033s	coverage: 76.0% of statements
?   	github.com/docker/docker/pkg/symlink	[no test files]
ok  	github.com/docker/docker/pkg/sysinfo	0.046s	coverage: 38.2% of statements
ok  	github.com/docker/docker/pkg/system	0.056s	coverage: 12.7% of statements
ok  	github.com/docker/docker/pkg/tailfile	0.060s	coverage: 88.6% of statements
ok  	github.com/docker/docker/pkg/tarsum	0.130s	coverage: 89.3% of statements
ok  	github.com/docker/docker/pkg/term	0.054s	coverage: 30.8% of statements
ok  	github.com/docker/docker/pkg/term/windows	0.039s	coverage: 0.0% of statements [no tests to run]
ok  	github.com/docker/docker/pkg/truncindex	0.146s	coverage: 91.5% of statements
ok  	github.com/docker/docker/pkg/urlutil	0.038s	coverage: 100.0% of statements
ok  	github.com/docker/docker/pkg/useragent	0.033s	coverage: 88.9% of statements
ok  	github.com/docker/docker/plugin	0.106s	coverage: 12.0% of statements
ok  	github.com/docker/docker/plugin/executor/containerd	0.079s	coverage: 33.3% of statements
ok  	github.com/docker/docker/plugin/v2	0.048s	coverage: 20.1% of statements
ok  	github.com/docker/docker/reference	0.145s	coverage: 84.4% of statements
ok  	github.com/docker/docker/registry	0.277s	coverage: 51.3% of statements
ok  	github.com/docker/docker/registry/resumable	0.223s	coverage: 100.0% of statements
ok  	github.com/docker/docker/restartmanager	0.039s	coverage: 49.0% of statements
ok  	github.com/docker/docker/runconfig	0.044s	coverage: 54.5% of statements
?   	github.com/docker/docker/runconfig/opts	[no test files]
?   	github.com/docker/docker/volume	[no test files]
ok  	github.com/docker/docker/volume/drivers	0.047s	coverage: 36.1% of statements
ok  	github.com/docker/docker/volume/local	0.084s	coverage: 37.7% of statements
ok  	github.com/docker/docker/volume/mounts	0.087s	coverage: 66.3% of statements
ok  	github.com/docker/docker/volume/service	0.267s	coverage: 70.3% of statements
?   	github.com/docker/docker/volume/service/opts	[no test files]
?   	github.com/docker/docker/volume/testutils	[no test files]

ERROR: make.ps1 failed:
Unit tests failed
At C:\gopath\src\github.com\docker\docker\hack\make.ps1:320 char:32
+     if ($LASTEXITCODE -ne 0) { Throw "Unit tests failed" }
+                                ~~~~~~~~~~~~~~~~~~~~~~~~~

___________      .__.__             .___
\_   _____/____  |__|  |   ____   __| _/
 |    __) \__  \ |  |  | _/ __ \ / __ | 
 |     \   / __ \|  |  |_\  ___// /_/ | 
 \___  /  (____  /__|____/\___  >____ | 
     \/        \/             \/     \/ 

INFO: make.ps1 ended at 01/02/2019 16:23:14


ERROR: Failed 'ERROR: Unit tests failed' at 01/02/2019 16:23:15
At C:\gopath\src\github.com\docker\docker\hack\ci\windows.ps1:747 char:17
+                 Throw "ERROR: Unit tests failed"
+                 ~~~~~~~~~~~~~~~~~~~~~~~~~~~~~~~~



INFO: Tidying up at end of run
INFO: Saving daemon under test log (d:\CI\CI-c5b47c0dfd\dut.err) to d:\temp\CIDUT.log
INFO: Nuke-Everything...
INFO: Container count on control daemon to delete is 2
e380d162be46
9b86283aa98e
INFO: Non-base image count on control daemon to delete is 4
Deleted: sha256:2b04fc22edd9e401f0b7647ecc8becafdad19c05c6684c2c4774f75e1224dae1
Deleted: sha256:be3b643aad58d3e97deb9057e5d0c26ffcc5ca21dd848dabf862334152dc4d01
Deleted: sha256:6bb4e9fc2f2bd28853c342523f2be75fb87173ac8c9f824c5a78c7a97eecf997
Deleted: sha256:2af49c6905ddc5ebd608a9da06c1c3b2945d6fd5fbfedfa34f02a78e116317b2
Deleted: sha256:f916a114d3471456d9930d2740761a67640b8a51f2425bc9e88709fac2c3a183
Deleted: sha256:7917f81301858b0a1decd06f9229fec9f937f6c9c5bc43eda48bd098d98a28c5
Deleted: sha256:2c87e0a592fe087a3d02b770fb35c078d48849cc99791e1171d17c201550ffb2
Deleted: sha256:73c45245540003b7a892c2d0aeec0a49e1b460dcbca7e1a92d326ce6faa156e3
Deleted: sha256:44e66dfbe88a792a9f90a8e15dc7a1f64e7ed4c2dd47c28718630cb9bf4fc05f
Deleted: sha256:6e96e122e0d942778a47f9883f53b43cb86134246105fb8ee463c81684b8daf1
Deleted: sha256:13f8b6a62d76cb11266cd9a06652eae15d2dc6fa5728d1f3efde470deffb2a54
Deleted: sha256:3ce28f6600766297fd855414b6b26563168d9c966f2a176d311ceb42b6b47ec6
Deleted: sha256:104e34c25d5e2ecad8cabd69d01463a60aa965a8734607a2aee4dd63f5fcebeb
Deleted: sha256:f90ab97245918a2d72c8b5e64ba1b7faf1efc621b2dbd005cf1add674bb78a90
Deleted: sha256:eb16c3eaf511b67217b88a84d0ca44de041e121696782f86e4a555b81ef5e479
Deleted: sha256:5b95a1ecefd4df821c88aefbdbaaba4f748bd84c2408a1781a2df66d19f8646c
Deleted: sha256:eb2986d38b865a1d108bdc3b54cfc9eab7d851b992ade2178f7bf3954b5125a3
Deleted: sha256:637578a9cda3697a15a41c4f410480cdd76360f0346e41423b0109fe99c45ad3
Deleted: sha256:1edabf9d7c5503eea9d482e5040813dbc40498a9176b9040ff842b7f2e3e7022
Deleted: sha256:4420e8c2ad5159a43cddf1b5f7db493dbff897981c08cb441e3d31361331b204
Deleted: sha256:ced3b8f9f679015c3e4a081eab179d768a59e6a24b7b66be97064d1b61c20ebe
Deleted: sha256:fb533ec6a72a554c7fb799bd2c453e5217dd490c9113db17fa42de39d276af9d
Deleted: sha256:92dd16c08469e0c11cc4b7b045c38b647a7539b420bf3a492b5b8ed00159cea3
Deleted: sha256:3c4df9f6173ea57a8d5027421b5026f2de483003da2bc68d01e3336062ba9b73
Deleted: sha256:9801fd69b32cd171df825f568009dfa857b191a1a2ba363ea67bfd2f7bdeba43
Deleted: sha256:17892a4865695d8f70bbb483193f6ad291096ae08b6ecf90b8222fa39a33df56
INFO: Killing daemon with PID 25548
INFO: Tidying pidfile d:\CI\CI-c5b47c0dfd\docker.pid
INFO: Stopping possible daemon pid 25548
INFO: Nuking d:\CI
ERROR:  hcsshim::DestroyLayer - Win32 API call returned error r1=0x80070020 err=The process cannot access the file because it is being used by another process.id=CI flavour=0

INFO: executeCI.ps1 exiting at Wed Jan  2 16:23:25 CUT 2019. Duration 00:12:00.7198967

Build step 'Windows PowerShell' marked build as failure
Set build name.
New build name is '#38410'
[PostBuildScript] - Executing post build scripts.
Notifying endpoint with url 'https://leeroy.dockerproject.org/notification/jenkins'
Finished: FAILURE
