Started by user Gordon
Notifying endpoint with url 'https://leeroy.dockerproject.org/notification/jenkins'
[EnvInject] - Loading node environment variables.
Building remotely on azure-windows-rs5-1 (windows-rs5) in workspace /gopath/src/github.com/docker/docker
Wiping out workspace first.
Cloning the remote Git repository
Cloning repository https://github.com/moby/moby.git
 > git init C:\gopath\src\github.com\docker\docker # timeout=10
Fetching upstream changes from https://github.com/moby/moby.git
 > git --version # timeout=10
 > git fetch --tags --progress https://github.com/moby/moby.git +refs/heads/*:refs/remotes/origin/*
 > git config remote.origin.url https://github.com/moby/moby.git # timeout=10
 > git config --add remote.origin.fetch +refs/heads/*:refs/remotes/origin/* # timeout=10
 > git config remote.origin.url https://github.com/moby/moby.git # timeout=10
Fetching upstream changes from https://github.com/moby/moby.git
 > git fetch --tags --progress https://github.com/moby/moby.git +refs/heads/*:refs/remotes/origin/*
 > git rev-parse "origin/master^{commit}" # timeout=10
Checking out Revision e0e9942dc5466884e7b2ef5c509a9dab33c4a01a (origin/master)
 > git config core.sparsecheckout # timeout=10
 > git checkout -f e0e9942dc5466884e7b2ef5c509a9dab33c4a01a
Commit message: "Merge pull request #38419 from thaJeztah/fix_nuke_everything"
 > git rev-list --no-walk e0e9942dc5466884e7b2ef5c509a9dab33c4a01a # timeout=10
Set build name.
New build name is '#38473'
[docker] $ sh -xe C:\Users\jenkins\jenkins7478303657698835023.sh
+ git fetch origin +refs/pull/38473/head:refs/remotes/origin/pr/38473
From https://github.com/moby/moby
 * [new ref]               refs/pull/38473/head -> origin/pr/38473
+ git merge origin/pr/38473
Updating e0e9942dc5..6309b7dcc3
Fast-forward
 integration/build/build_test.go            |  3 +--
 integration/container/create_test.go       | 10 +++++-----
 integration/container/diff_test.go         |  3 +--
 integration/container/exec_test.go         |  5 ++---
 integration/container/export_test.go       |  3 +--
 integration/container/health_test.go       |  3 +--
 integration/container/ipcmode_test.go      |  5 ++---
 integration/container/kill_test.go         | 12 ++++++------
 integration/container/links_linux_test.go  |  5 ++---
 integration/container/logs_test.go         |  3 +--
 integration/container/mounts_linux_test.go |  6 +++---
 integration/container/nat_test.go          | 10 ++++++----
 integration/container/pause_test.go        |  6 +++---
 integration/container/ps_test.go           |  3 +--
 integration/container/remove_test.go       | 11 +++++------
 integration/container/rename_test.go       | 15 +++++++--------
 integration/container/resize_test.go       |  7 +++----
 integration/container/run_linux_test.go    |  5 ++---
 integration/container/stats_test.go        |  3 +--
 integration/container/stop_linux_test.go   |  5 ++---
 integration/container/stop_test.go         |  3 +--
 integration/container/stop_windows_test.go |  3 +--
 integration/container/update_linux_test.go |  5 ++---
 integration/container/update_test.go       |  5 ++---
 integration/image/commit_test.go           |  3 +--
 integration/image/import_test.go           |  4 ++--
 integration/image/list_test.go             |  3 +--
 integration/image/remove_test.go           |  3 +--
 integration/image/tag_test.go              | 13 ++++++-------
 integration/network/delete_test.go         | 13 +++++--------
 integration/system/event_test.go           |  4 ++--
 integration/system/info_linux_test.go      |  4 ++--
 integration/system/info_test.go            |  4 ++--
 integration/system/login_test.go           |  4 ++--
 integration/system/version_test.go         |  4 ++--
 integration/volume/volume_test.go          |  6 +++---
 36 files changed, 90 insertions(+), 114 deletions(-)
[docker] $ powershell.exe -NonInteractive -ExecutionPolicy ByPass "& 'C:\Users\jenkins\jenkins2059510397976008599.ps1'"

INFO: executeCI.ps1 starting at Wed Jan  2 14:13:18 CUT 2019

INFO: Script version 28-Aug-2018 09:33 PDT
INFO: Running git version 2.18.0.windows.1
INFO: Branch:rs5_release Build:17763.1.180914-1434
INFO: Environment variables:

Name                           Value                                                                                   
----                           -----                                                                                   
_                              /cygdrive/c/ProgramData/Oracle/Java/javapath/java                                       
ALLUSERSPROFILE                C:\ProgramData                                                                          
APPDATA                        C:\Users\jenkins\AppData\Roaming                                                        
BASE_BRANCH                    master                                                                                  
BUILD_CAUSE                    MANUALTRIGGER                                                                           
BUILD_CAUSE_MANUALTRIGGER      true                                                                                    
BUILD_DISPLAY_NAME             #38473                                                                                  
BUILD_ID                       949                                                                                     
BUILD_NUMBER                   949                                                                                     
BUILD_TAG                      jenkins-Docker-PRs-WoW-RS5-Process-949                                                  
BUILD_URL                      https://jenkins.dockerproject.org/job/Docker-PRs-WoW-RS5-Process/949/                   
CommonProgramFiles             C:\Program Files\Common Files                                                           
CommonProgramFiles(x86)        C:\Program Files (x86)\Common Files                                                     
CommonProgramW6432             C:\Program Files\Common Files                                                           
COMPUTERNAME                   jenkins-rs5-1                                                                           
COMSPEC                        C:\Windows\system32\cmd.exe                                                             
ConfigSet                      rs                                                                                      
CYGWIN                         binmode ntsec                                                                           
DriverData                     C:\Windows\System32\Drivers\DriverData                                                  
EXECUTOR_NUMBER                0                                                                                       
GIT_AUTHOR_EMAIL               janky@dockerproject.org                                                                 
GIT_AUTHOR_NAME                Docker Jenkins                                                                          
GIT_BASE_REPO                  moby/moby                                                                               
GIT_BRANCH                     origin/master                                                                           
GIT_COMMIT                     e0e9942dc5466884e7b2ef5c509a9dab33c4a01a                                                
GIT_COMMITTER_EMAIL            janky@dockerproject.org                                                                 
GIT_COMMITTER_NAME             Docker Jenkins                                                                          
GIT_HEAD_REPO                  thaJeztah/docker                                                                        
GIT_PREVIOUS_COMMIT            e0e9942dc5466884e7b2ef5c509a9dab33c4a01a                                                
GIT_PREVIOUS_SUCCESSFUL_COMMIT e0e9942dc5466884e7b2ef5c509a9dab33c4a01a                                                
GIT_SHA1                       6309b7dcc30ff75ef6666d3c93272801ef17bcbe                                                
GIT_URL                        https://github.com/moby/moby.git                                                        
GITHUB_URL                     https://github.com/moby/moby/pull/38473                                                 
HOME                           C:\cygwin\home\jenkins                                                                  
HOMEDRIVE                      C:                                                                                      
HOMEPATH                       \cygwin\home\jenkins                                                                    
HUDSON_COOKIE                  f06cace5-54ea-477c-ac62-29edb9d933b2                                                    
HUDSON_HOME                    /var/jenkins_home                                                                       
HUDSON_SERVER_COOKIE           5654907fc74b1465                                                                        
HUDSON_URL                     https://jenkins.dockerproject.org/                                                      
JENKINS_HOME                   /var/jenkins_home                                                                       
JENKINS_SERVER_COOKIE          5654907fc74b1465                                                                        
JENKINS_URL                    https://jenkins.dockerproject.org/                                                      
JOB_BASE_NAME                  Docker-PRs-WoW-RS5-Process                                                              
JOB_DISPLAY_URL                https://jenkins.dockerproject.org/job/Docker-PRs-WoW-RS5-Process/display/redirect       
JOB_NAME                       Docker-PRs-WoW-RS5-Process                                                              
JOB_URL                        https://jenkins.dockerproject.org/job/Docker-PRs-WoW-RS5-Process/                       
LOCALAPPDATA                   C:\Users\jenkins\AppData\Local                                                          
LOGNAME                        jenkins                                                                                 
LOGONSERVER                    \\jenkins-rs5-1                                                                         
MAIL                           /var/spool/mail//jenkins                                                                
NODE_LABELS                    azure-windows-rs5-1 windows-rs5                                                         
NODE_NAME                      azure-windows-rs5-1                                                                     
NUMBER_OF_PROCESSORS           4                                                                                       
OLDPWD                         /home/jenkins                                                                           
OS                             Windows_NT                                                                              
PATH                           C:\cygwin\bin;C:\ProgramData\Oracle\Java\javapath;C:\pstools;C:\Program Files\Notepad...
PATHEXT                        .COM;.EXE;.BAT;.CMD;.VBS;.VBE;.JS;.JSE;.WSF;.WSH;.MSC;.CPL                              
PR                             38473                                                                                   
PROCESSOR_ARCHITECTURE         AMD64                                                                                   
PROCESSOR_IDENTIFIER           Intel64 Family 6 Model 79 Stepping 1, GenuineIntel                                      
PROCESSOR_LEVEL                6                                                                                       
PROCESSOR_REVISION             4f01                                                                                    
ProgramData                    C:\ProgramData                                                                          
PROGRAMFILES                   C:\Program Files                                                                        
ProgramFiles(x86)              C:\Program Files (x86)                                                                  
ProgramW6432                   C:\Program Files                                                                        
PSExecutionPolicyPreference    Bypass                                                                                  
PSModulePath                   C:\Users\jenkins\Documents\WindowsPowerShell\Modules;C:\Program Files\WindowsPowerShe...
PUBLIC                         C:\Users\Public                                                                         
PWD                            /cygdrive/c/workspace                                                                   
ROOT_BUILD_CAUSE               MANUALTRIGGER                                                                           
ROOT_BUILD_CAUSE_MANUALTRIGGER true                                                                                    
RUN_CHANGES_DISPLAY_URL        https://jenkins.dockerproject.org/job/Docker-PRs-WoW-RS5-Process/949/display/redirect...
RUN_DISPLAY_URL                https://jenkins.dockerproject.org/job/Docker-PRs-WoW-RS5-Process/949/display/redirect   
SHELL                          /bin/bash                                                                               
SHLVL                          1                                                                                       
SOURCES_DRIVE                  c                                                                                       
SOURCES_SUBDIR                 gopath                                                                                  
SSH_CLIENT                     52.88.204.51 10333 22                                                                   
SSH_CONNECTION                 52.88.204.51 10333 10.0.0.19 22                                                         
SYSTEMDRIVE                    C:                                                                                      
SYSTEMROOT                     C:\Windows                                                                              
TEMP                           d:\temp                                                                                 
TESTRUN_DRIVE                  d                                                                                       
TESTRUN_SUBDIR                 CI                                                                                      
USER                           jenkins                                                                                 
USERDOMAIN                     jenkins-rs5-1                                                                           
USERNAME                       jenkins                                                                                 
USERPROFILE                    C:\Users\jenkins                                                                        
WINDIR                         C:\Windows                                                                              
WORKSPACE                      /gopath/src/github.com/docker/docker                                                    



INFO: PR#38473 (https://github.com/docker/docker/pull/38473)
INFO: Sources under c:\gopath\...
INFO: Test run under d:\CI\...
INFO: Running in C:\gopath\src\github.com\docker\docker
INFO: docker/docker repository was found
INFO: Image microsoft/windowsservercore:latest is already loaded in the control daemon
INFO: Version of microsoft/windowsservercore:latest is '10.0.17763.1'
INFO: Docker version of control daemon

Client:
 Version:           master-dockerproject-2018-09-18
 API version:       1.39
 Go version:        go1.10.4
 Git commit:        b4180e87
 Built:             Tue Sep 18 23:49:29 2018
 OS/Arch:           windows/amd64
 Experimental:      false

Server:
 Engine:
  Version:          master-dockerproject-2018-09-18
  API version:      1.39 (minimum version 1.24)
  Go version:       go1.11
  Git commit:       d6a7c22
  Built:            Tue Sep 18 23:58:14 2018
  OS/Arch:          windows/amd64
  Experimental:     false

INFO: Docker info of control daemon

Containers: 2
 Running: 0
 Paused: 0
 Stopped: 2
Images: 8
Server Version: master-dockerproject-2018-09-18
Storage Driver: windowsfilter
 Windows: 
Logging Driver: json-file
Plugins:
 Volume: local
 Network: ics l2bridge l2tunnel nat null overlay transparent
 Log: awslogs etwlogs fluentd gcplogs gelf json-file local logentries splunk syslog
Swarm: inactive
Default Isolation: process
Kernel Version: 10.0 17763 (17763.1.amd64fre.rs5_release.180914-1434)
Operating System: Windows Server 2019 Datacenter Version 1809 (OS Build 17763.1)
OSType: windows
Architecture: x86_64
CPUs: 4
Total Memory: 16GiB
Name: jenkins-rs5-1
ID: QKEY:7HYX:LBB6:2Q4I:GGFQ:KOP2:MNA6:T5K5:N5EH:4Y4H:VOB4:KDPM
Docker Root Dir: D:\control
Debug Mode (client): false
Debug Mode (server): false
Registry: https://index.docker.io/v1/
Labels:
Experimental: false
Insecure Registries:
 127.0.0.0/8
Live Restore Enabled: false


INFO: Commit hash is 6309b7dcc3
INFO: Nuke-Everything...
INFO: Container count on control daemon to delete is 2
c622d3087ff0
03d54d86bd54
INFO: Non-base image count on control daemon to delete is 1
Deleted: sha256:5d679070efb672b1fe766a03b6d48d18ae2846d19b241be31fec920934b999e4
Deleted: sha256:86ed976dd0dfcf8e0f890cd678f0a8888ba068c7fb9654361e29d613d6015982


__GENUS          : 2
__CLASS          : __PARAMETERS
__SUPERCLASS     : 
__DYNASTY        : __PARAMETERS
__RELPATH        : 
__PROPERTY_COUNT : 1
__DERIVATION     : {}
__SERVER         : 
__NAMESPACE      : 
__PATH           : 
ReturnValue      : 0
PSComputerName   : 

INFO: Nuking d:\CI
ERROR:  hcsshim::DestroyLayer - Win32 API call returned error r1=0x80070020 err=The process cannot access the file because it is being used by another process.id=CI flavour=0
INFO: Location for testing is d:\CI\CI-6309b7dcc3
INFO: Validating GOLang consistency in Dockerfile.windows...


INFO: Building the image from Dockerfile.windows at 01/02/2019 14:13:23...

Sending build context to Docker daemon  46.38MB

Step 1/7 : FROM microsoft/windowsservercore
 ---> e523d49b4b94
Step 2/7 : SHELL ["powershell", "-Command", "$ErrorActionPreference = 'Stop'; $ProgressPreference = 'SilentlyContinue';"]
 ---> Using cache
 ---> 9801fd69b32c
Step 3/7 : ENV GO_VERSION=1.11.4     GIT_VERSION=2.11.1     GOPATH=C:\go     FROM_DOCKERFILE=1
 ---> Using cache
 ---> 92dd16c08469
Step 4/7 : RUN   Function Test-Nano() {     $EditionId = (Get-ItemProperty -Path 'HKLM:\SOFTWARE\Microsoft\Windows NT\CurrentVersion' -Name 'EditionID').EditionId;     return (($EditionId -eq 'ServerStandardNano') -or ($EditionId -eq 'ServerDataCenterNano') -or ($EditionId -eq 'NanoServer'));   }    Function Download-File([string] $source, [string] $target) {     if (Test-Nano) {       $handler = New-Object System.Net.Http.HttpClientHandler;       $client = New-Object System.Net.Http.HttpClient($handler);       $client.Timeout = New-Object System.TimeSpan(0, 30, 0);       $cancelTokenSource = [System.Threading.CancellationTokenSource]::new();       $responseMsg = $client.GetAsync([System.Uri]::new($source), $cancelTokenSource.Token);       $responseMsg.Wait();       if (!$responseMsg.IsCanceled) {         $response = $responseMsg.Result;         if ($response.IsSuccessStatusCode) {           $downloadedFileStream = [System.IO.FileStream]::new($target, [System.IO.FileMode]::Create, [System.IO.FileAccess]::Write);           $copyStreamOp = $response.Content.CopyToAsync($downloadedFileStream);           $copyStreamOp.Wait();           $downloadedFileStream.Close();           if ($copyStreamOp.Exception -ne $null) { throw $copyStreamOp.Exception }         }       } else {       Throw ("Failed to download " + $source)       }    } else {       $webClient = New-Object System.Net.WebClient;       $webClient.DownloadFile($source, $target);     }   }     setx /M PATH $('C:\git\cmd;C:\git\usr\bin;'+$Env:PATH+';C:\gcc\bin;C:\go\bin');     Write-Host INFO: Downloading git...;   $location='https://www.nuget.org/api/v2/package/GitForWindows/'+$Env:GIT_VERSION;   Download-File $location C:\gitsetup.zip;     Write-Host INFO: Downloading go...;   Download-File $('https://golang.org/dl/go'+$Env:GO_VERSION+'.windows-amd64.zip') C:\go.zip;     Write-Host INFO: Downloading compiler 1 of 3...;   Download-File https://raw.githubusercontent.com/jhowardmsft/docker-tdmgcc/master/gcc.zip C:\gcc.zip;     Write-Host INFO: Downloading compiler 2 of 3...;   Download-File https://raw.githubusercontent.com/jhowardmsft/docker-tdmgcc/master/runtime.zip C:\runtime.zip;     Write-Host INFO: Downloading compiler 3 of 3...;   Download-File https://raw.githubusercontent.com/jhowardmsft/docker-tdmgcc/master/binutils.zip C:\binutils.zip;     Write-Host INFO: Extracting git...;   Expand-Archive C:\gitsetup.zip C:\git-tmp;   New-Item -Type Directory C:\git | Out-Null;   Move-Item C:\git-tmp\tools\* C:\git\.;   Remove-Item -Recurse -Force C:\git-tmp;     Write-Host INFO: Expanding go...;   Expand-Archive C:\go.zip -DestinationPath C:\;     Write-Host INFO: Expanding compiler 1 of 3...;   Expand-Archive C:\gcc.zip -DestinationPath C:\gcc -Force;   Write-Host INFO: Expanding compiler 2 of 3...;   Expand-Archive C:\runtime.zip -DestinationPath C:\gcc -Force;   Write-Host INFO: Expanding compiler 3 of 3...;   Expand-Archive C:\binutils.zip -DestinationPath C:\gcc -Force;     Write-Host INFO: Removing downloaded files...;   Remove-Item C:\gcc.zip;   Remove-Item C:\runtime.zip;   Remove-Item C:\binutils.zip;   Remove-Item C:\gitsetup.zip;     Write-Host INFO: Creating source directory...;   New-Item -ItemType Directory -Path C:\go\src\github.com\docker\docker | Out-Null;     Write-Host INFO: Configuring git core.autocrlf...;   C:\git\cmd\git config --global core.autocrlf true;     Write-Host INFO: Completed
 ---> Using cache
 ---> ced3b8f9f679
Step 5/7 : ENTRYPOINT ["powershell.exe"]
 ---> Using cache
 ---> 1edabf9d7c55
Step 6/7 : WORKDIR C:\go\src\github.com\docker\docker
 ---> Using cache
 ---> eb2986d38b86
Step 7/7 : COPY . .
 ---> 41be7d788731
Successfully built 41be7d788731
Successfully tagged docker:latest
INFO: Image build ended at 01/02/2019 14:13:54. Duration:00:00:30.9221334


INFO: Building the test binaries at 01/02/2019 14:13:54...
INFO: make.ps1 starting at 01/02/2019 14:13:56
INFO: Git commit (6309b7dcc3) assumed from DOCKER_GITCOMMIT environment variable
INFO: Invoking autogen...
INFO: Building daemon...
INFO: Downloading docker/cli version 17.06.0-ce from edge...

 ________   ____  __.
 \_____  \ |    |/ _|
 /   |   \|      <
 /    |    \    |  \
 \_______  /____|__ \
         \/        \/

INFO: make.ps1 ended at 01/02/2019 14:14:56
INFO: Binaries build ended at 01/02/2019 14:14:58. Duration:00:01:03.3132672
INFO: Copying the built daemon binary to d:\CI\CI-6309b7dcc3\binary\dockerd-6309b7dcc3.exe...
INFO: Copying the built client binary to d:\CI\CI-6309b7dcc3\binary\docker-6309b7dcc3.exe...
INFO: Copying dockerversion from the container...
INFO: Copying the golang package from the container to d:\CI\CI-6309b7dcc3\installer\go.zip...
INFO: Extracting go.zip to d:\CI\CI-6309b7dcc3\go
INFO: Extraction ended at 01/02/2019 14:15:22. Duration:00:00:20.6600422
INFO: Updating the golang and path environment variables
INFO: GOPATH=c:\gopath
INFO: go version go1.11.4 windows/amd64
INFO: Starting a daemon under test...
INFO: Args: -H tcp://0.0.0.0:2357 --data-root d:\CI\CI-6309b7dcc3\daemon --pidfile d:\CI\CI-6309b7dcc3\docker.pid
INFO: Process started successfully.
INFO: Waiting for the daemon under test to start...
INFO: Daemon under test started and replied!
INFO: Docker version of the daemon under test

Client:
 Version:      17.06.0-ce
 API version:  1.30
 Go version:   go1.8.3
 Git commit:   02c1d87
 Built:        Fri Jun 23 21:30:30 2017
 OS/Arch:      windows/amd64

Server:
 Version:      0.0.0-dev
 API version:  1.40 (minimum version 1.24)
 Go version:   go1.11.4
 Git commit:   6309b7dcc3
 Built:        01/02/2019 14:13:56
 OS/Arch:      windows/amd64
 Experimental: false

INFO: Docker info of the daemon under test

Containers: 0
 Running: 0
 Paused: 0
 Stopped: 0
Images: 0
Server Version: 0.0.0-dev
Storage Driver: windowsfilter
 Windows: 
Logging Driver: json-file
Plugins: 
 Volume: local
 Network: ics l2bridge l2tunnel nat null overlay transparent
 Log: awslogs etwlogs fluentd gcplogs gelf json-file local logentries splunk syslog
Swarm: inactive
Default Isolation: process
Kernel Version: 10.0 17763 (17763.1.amd64fre.rs5_release.180914-1434)
Operating System: Windows Server 2019 Datacenter Version 1809 (OS Build 17763.1)
OSType: windows
Architecture: x86_64
CPUs: 4
Total Memory: 16GiB
Name: jenkins-rs5-1
ID: 5FXZ:DXWT:PYMI:AWQ3:J57Y:GML5:JHNE:BWWZ:SPYY:4XOE:V7IW:GOU4
Docker Root Dir: D:\CI\CI-6309b7dcc3\daemon
Debug Mode (client): false
Debug Mode (server): false
Registry: https://index.docker.io/v1/
Labels:
Experimental: false
Insecure Registries:
 127.0.0.0/8
Live Restore Enabled: false


INFO: Docker images of the daemon under test

REPOSITORY          TAG                 IMAGE ID            CREATED             SIZE

INFO: Base image for tests is microsoft/windowsservercore
INFO: Loading windowsservercore .tar from disk into the daemon under test. This may take some time...
Loaded image: microsoft/windowsservercore:10.0.17763.1
Loaded image: microsoft/windowsservercore:latest
INFO: docker load of windowsservercore  into daemon under test completed successfully
INFO: Version of microsoft/windowsservercore:latest is '10.0.17763.1'
INFO: Running validation tests at 01/02/2019 14:17:43...
INFO: make.ps1 starting at 01/02/2019 14:17:43
INFO: Validating Developer Certificate of Origin...
Congratulations!  All commits are properly signed with the DCO!
INFO: Validating go formatting on changed files...
Checking integration\build\build_test.go
Checking integration\container\create_test.go
Checking integration\container\diff_test.go
Checking integration\container\exec_test.go
Checking integration\container\export_test.go
Checking integration\container\health_test.go
Checking integration\container\ipcmode_test.go
Checking integration\container\kill_test.go
Checking integration\container\links_linux_test.go
Checking integration\container\logs_test.go
Checking integration\container\mounts_linux_test.go
Checking integration\container\nat_test.go
Checking integration\container\pause_test.go
Checking integration\container\ps_test.go
Checking integration\container\remove_test.go
Checking integration\container\rename_test.go
Checking integration\container\resize_test.go
Checking integration\container\run_linux_test.go
Checking integration\container\stats_test.go
Checking integration\container\stop_linux_test.go
Checking integration\container\stop_test.go
Checking integration\container\stop_windows_test.go
Checking integration\container\update_linux_test.go
Checking integration\container\update_test.go
Checking integration\image\commit_test.go
Checking integration\image\import_test.go
Checking integration\image\list_test.go
Checking integration\image\remove_test.go
Checking integration\image\tag_test.go
Checking integration\network\delete_test.go
Checking integration\system\event_test.go
Checking integration\system\info_linux_test.go
Checking integration\system\info_test.go
Checking integration\system\login_test.go
Checking integration\system\version_test.go
Checking integration\volume\volume_test.go
Congratulations!  All Go source files are properly formatted.
INFO: Validating pkg import isolation...
Congratulations!  ".\pkg\*.go" is safely isolated from internal code.
INFO: make.ps1 ended at 01/02/2019 14:17:46
INFO: Validation tests ended at 01/02/2019 14:17:46. Duration:00:00:03.0126512
INFO: Running unit tests at 01/02/2019 14:17:46...
INFO: make.ps1 starting at 01/02/2019 14:17:48
INFO: Git commit (6309b7dcc3) assumed from DOCKER_GITCOMMIT environment variable
INFO: Invoking autogen...
INFO: Running unit tests...
?   	github.com/docker/docker/api	[no test files]
ok  	github.com/docker/docker/api/server	0.066s	coverage: 7.9% of statements
?   	github.com/docker/docker/api/server/backend/build	[no test files]
ok  	github.com/docker/docker/api/server/httputils	0.060s	coverage: 11.1% of statements
ok  	github.com/docker/docker/api/server/middleware	0.059s	coverage: 43.4% of statements
?   	github.com/docker/docker/api/server/router	[no test files]
?   	github.com/docker/docker/api/server/router/build	[no test files]
?   	github.com/docker/docker/api/server/router/checkpoint	[no test files]
?   	github.com/docker/docker/api/server/router/container	[no test files]
?   	github.com/docker/docker/api/server/router/debug	[no test files]
?   	github.com/docker/docker/api/server/router/distribution	[no test files]
?   	github.com/docker/docker/api/server/router/image	[no test files]
?   	github.com/docker/docker/api/server/router/network	[no test files]
?   	github.com/docker/docker/api/server/router/plugin	[no test files]
?   	github.com/docker/docker/api/server/router/session	[no test files]
?   	github.com/docker/docker/api/server/router/swarm	[no test files]
?   	github.com/docker/docker/api/server/router/system	[no test files]
?   	github.com/docker/docker/api/server/router/volume	[no test files]
?   	github.com/docker/docker/api/types	[no test files]
?   	github.com/docker/docker/api/types/backend	[no test files]
?   	github.com/docker/docker/api/types/blkiodev	[no test files]
?   	github.com/docker/docker/api/types/container	[no test files]
?   	github.com/docker/docker/api/types/events	[no test files]
ok  	github.com/docker/docker/api/types/filters	0.057s	coverage: 94.2% of statements
?   	github.com/docker/docker/api/types/image	[no test files]
?   	github.com/docker/docker/api/types/mount	[no test files]
?   	github.com/docker/docker/api/types/network	[no test files]
?   	github.com/docker/docker/api/types/plugins/logdriver	[no test files]
?   	github.com/docker/docker/api/types/registry	[no test files]
ok  	github.com/docker/docker/api/types/strslice	0.062s	coverage: 90.0% of statements
?   	github.com/docker/docker/api/types/swarm	[no test files]
?   	github.com/docker/docker/api/types/swarm/runtime	[no test files]
ok  	github.com/docker/docker/api/types/time	0.353s	coverage: 100.0% of statements
ok  	github.com/docker/docker/api/types/versions	0.036s	coverage: 75.0% of statements
?   	github.com/docker/docker/api/types/versions/v1p19	[no test files]
?   	github.com/docker/docker/api/types/versions/v1p20	[no test files]
?   	github.com/docker/docker/api/types/volume	[no test files]
?   	github.com/docker/docker/autogen/winresources/docker	[no test files]
?   	github.com/docker/docker/autogen/winresources/dockerd	[no test files]
?   	github.com/docker/docker/builder	[no test files]
?   	github.com/docker/docker/builder/builder-next	[no test files]
?   	github.com/docker/docker/builder/builder-next/adapters/containerimage	[no test files]
?   	github.com/docker/docker/builder/builder-next/adapters/snapshot	[no test files]
?   	github.com/docker/docker/builder/builder-next/exporter	[no test files]
?   	github.com/docker/docker/builder/builder-next/imagerefchecker	[no test files]
?   	github.com/docker/docker/builder/builder-next/worker	[no test files]
ok  	github.com/docker/docker/builder/dockerfile	0.201s	coverage: 43.2% of statements
ok  	github.com/docker/docker/builder/dockerignore	0.037s	coverage: 96.8% of statements
ok  	github.com/docker/docker/builder/fscache	0.668s	coverage: 69.2% of statements
ok  	github.com/docker/docker/builder/remotecontext	0.220s	coverage: 9.3% of statements
ok  	github.com/docker/docker/builder/remotecontext/git	28.848s	coverage: 78.8% of statements
?   	github.com/docker/docker/cli	[no test files]
?   	github.com/docker/docker/cli/config	[no test files]
ok  	github.com/docker/docker/cli/debug	0.061s	coverage: 100.0% of statements
ok  	github.com/docker/docker/client	0.352s	coverage: 75.1% of statements
ok  	github.com/docker/docker/cmd/dockerd	0.178s	coverage: 18.0% of statements
ok  	github.com/docker/docker/container	0.443s	coverage: 42.8% of statements
?   	github.com/docker/docker/container/stream	[no test files]
?   	github.com/docker/docker/contrib/apparmor	[no test files]
?   	github.com/docker/docker/contrib/docker-device-tool	[no test files]
?   	github.com/docker/docker/contrib/httpserver	[no test files]
ok  	github.com/docker/docker/daemon	2.680s	coverage: 8.3% of statements
ok  	github.com/docker/docker/daemon/cluster	0.793s	coverage: 0.5% of statements
ok  	github.com/docker/docker/daemon/cluster/controllers/plugin	0.174s	coverage: 65.3% of statements
ok  	github.com/docker/docker/daemon/cluster/convert	0.312s	coverage: 28.0% of statements
?   	github.com/docker/docker/daemon/cluster/executor	[no test files]
ok  	github.com/docker/docker/daemon/cluster/executor/container	0.774s	coverage: 9.9% of statements
?   	github.com/docker/docker/daemon/cluster/provider	[no test files]
ok  	github.com/docker/docker/daemon/config	0.399s	coverage: 81.8% of statements
ok  	github.com/docker/docker/daemon/discovery	0.099s	coverage: 30.4% of statements
ok  	github.com/docker/docker/daemon/events	0.250s	coverage: 50.0% of statements
?   	github.com/docker/docker/daemon/events/testutils	[no test files]
?   	github.com/docker/docker/daemon/exec	[no test files]
ok  	github.com/docker/docker/daemon/graphdriver	0.085s	coverage: 2.3% of statements
?   	github.com/docker/docker/daemon/graphdriver/btrfs	[no test files]
?   	github.com/docker/docker/daemon/graphdriver/devmapper	[no test files]
?   	github.com/docker/docker/daemon/graphdriver/graphtest	[no test files]
?   	github.com/docker/docker/daemon/graphdriver/lcow	[no test files]
?   	github.com/docker/docker/daemon/graphdriver/overlay	[no test files]
?   	github.com/docker/docker/daemon/graphdriver/overlay2	[no test files]
?   	github.com/docker/docker/daemon/graphdriver/quota	[no test files]
?   	github.com/docker/docker/daemon/graphdriver/register	[no test files]
?   	github.com/docker/docker/daemon/graphdriver/vfs	[no test files]
?   	github.com/docker/docker/daemon/graphdriver/windows	[no test files]
?   	github.com/docker/docker/daemon/graphdriver/zfs	[no test files]
ok  	github.com/docker/docker/daemon/images	0.183s	coverage: 4.9% of statements
?   	github.com/docker/docker/daemon/initlayer	[no test files]
ok  	github.com/docker/docker/daemon/links	0.035s	coverage: 93.0% of statements
?   	github.com/docker/docker/daemon/listeners	[no test files]
ok  	github.com/docker/docker/daemon/logger	0.544s	coverage: 44.0% of statements
ok  	github.com/docker/docker/daemon/logger/awslogs	0.525s	coverage: 71.7% of statements
?   	github.com/docker/docker/daemon/logger/etwlogs	[no test files]
?   	github.com/docker/docker/daemon/logger/fluentd	[no test files]
?   	github.com/docker/docker/daemon/logger/gcplogs	[no test files]
?   	github.com/docker/docker/daemon/logger/gelf	[no test files]
?   	github.com/docker/docker/daemon/logger/journald	[no test files]
ok  	github.com/docker/docker/daemon/logger/jsonfilelog	0.476s	coverage: 62.1% of statements
ok  	github.com/docker/docker/daemon/logger/jsonfilelog/jsonlog	0.216s	coverage: 88.3% of statements
ok  	github.com/docker/docker/daemon/logger/local	0.259s	coverage: 74.7% of statements
?   	github.com/docker/docker/daemon/logger/logentries	[no test files]
ok  	github.com/docker/docker/daemon/logger/loggerutils	0.110s	coverage: 18.1% of statements
ok  	github.com/docker/docker/daemon/logger/splunk	2.175s	coverage: 84.5% of statements
ok  	github.com/docker/docker/daemon/logger/syslog	0.058s	coverage: 47.8% of statements
ok  	github.com/docker/docker/daemon/logger/templates	0.053s	coverage: 8.3% of statements
?   	github.com/docker/docker/daemon/names	[no test files]
?   	github.com/docker/docker/daemon/network	[no test files]
?   	github.com/docker/docker/daemon/stats	[no test files]
ok  	github.com/docker/docker/distribution	1.212s	coverage: 15.6% of statements
ok  	github.com/docker/docker/distribution/metadata	1.488s	coverage: 48.2% of statements
?   	github.com/docker/docker/distribution/utils	[no test files]
ok  	github.com/docker/docker/distribution/xfer	1.679s	coverage: 62.2% of statements
?   	github.com/docker/docker/dockerversion	[no test files]
ok  	github.com/docker/docker/errdefs	0.028s	coverage: 76.6% of statements
ok  	github.com/docker/docker/hack/integration-cli-on-swarm/agent/master	0.035s	coverage: 11.3% of statements
?   	github.com/docker/docker/hack/integration-cli-on-swarm/agent/types	[no test files]
?   	github.com/docker/docker/hack/integration-cli-on-swarm/agent/worker	[no test files]
ok  	github.com/docker/docker/hack/integration-cli-on-swarm/host	0.066s	coverage: 3.6% of statements
ok  	github.com/docker/docker/image	0.768s	coverage: 86.3% of statements
ok  	github.com/docker/docker/image/cache	0.114s	coverage: 19.2% of statements
?   	github.com/docker/docker/image/tarexport	[no test files]
ok  	github.com/docker/docker/image/v1	0.122s	coverage: 25.0% of statements
?   	github.com/docker/docker/internal/test	[no test files]
?   	github.com/docker/docker/internal/test/daemon	[no test files]
?   	github.com/docker/docker/internal/test/environment	[no test files]
?   	github.com/docker/docker/internal/test/fakecontext	[no test files]
?   	github.com/docker/docker/internal/test/fakegit	[no test files]
?   	github.com/docker/docker/internal/test/fakestorage	[no test files]
?   	github.com/docker/docker/internal/test/fixtures/load	[no test files]
?   	github.com/docker/docker/internal/test/fixtures/plugin	[no test files]
?   	github.com/docker/docker/internal/test/fixtures/plugin/basic	[no test files]
?   	github.com/docker/docker/internal/test/registry	[no test files]
?   	github.com/docker/docker/internal/test/request	[no test files]
ok  	github.com/docker/docker/internal/testutil	0.147s	coverage: 62.5% of statements
ok  	github.com/docker/docker/layer	0.336s	coverage: 28.2% of statements
ok  	github.com/docker/docker/libcontainerd	0.076s	coverage: 3.7% of statements
?   	github.com/docker/docker/libcontainerd/supervisor	[no test files]
?   	github.com/docker/docker/oci	[no test files]
?   	github.com/docker/docker/oci/caps	[no test files]
ok  	github.com/docker/docker/opts	0.081s	coverage: 68.7% of statements
ok  	github.com/docker/docker/pkg/aaparser	0.038s	coverage: 50.0% of statements
ok  	github.com/docker/docker/pkg/archive	9.112s	coverage: 62.2% of statements
ok  	github.com/docker/docker/pkg/authorization	0.709s	coverage: 26.2% of statements
ok  	github.com/docker/docker/pkg/broadcaster	0.037s	coverage: 100.0% of statements
ok  	github.com/docker/docker/pkg/chrootarchive	0.108s	coverage: 13.3% of statements
?   	github.com/docker/docker/pkg/containerfs	[no test files]
?   	github.com/docker/docker/pkg/devicemapper	[no test files]
ok  	github.com/docker/docker/pkg/directory	0.074s	coverage: 80.0% of statements
ok  	github.com/docker/docker/pkg/discovery	0.059s	coverage: 58.3% of statements
ok  	github.com/docker/docker/pkg/discovery/file	0.064s	coverage: 92.9% of statements
ok  	github.com/docker/docker/pkg/discovery/kv	3.301s	coverage: 84.1% of statements
ok  	github.com/docker/docker/pkg/discovery/memory	0.048s	coverage: 92.3% of statements
ok  	github.com/docker/docker/pkg/discovery/nodes	0.036s	coverage: 93.8% of statements
ok  	github.com/docker/docker/pkg/filenotify	0.050s	coverage: 43.8% of statements
ok  	github.com/docker/docker/pkg/fileutils	0.081s	coverage: 87.7% of statements
ok  	github.com/docker/docker/pkg/homedir	0.046s	coverage: 75.0% of statements
?   	github.com/docker/docker/pkg/idtools	[no test files]
ok  	github.com/docker/docker/pkg/ioutils	0.588s	coverage: 69.1% of statements
ok  	github.com/docker/docker/pkg/jsonmessage	0.205s	coverage: 88.3% of statements
ok  	github.com/docker/docker/pkg/locker	0.055s	coverage: 88.9% of statements
ok  	github.com/docker/docker/pkg/longpath	0.039s	coverage: 100.0% of statements
?   	github.com/docker/docker/pkg/mount	[no test files]
ok  	github.com/docker/docker/pkg/namesgenerator	0.047s	coverage: 85.7% of statements
?   	github.com/docker/docker/pkg/namesgenerator/cmd/names-generator	[no test files]
ok  	github.com/docker/docker/pkg/parsers	0.048s	coverage: 97.0% of statements
?   	github.com/docker/docker/pkg/parsers/kernel	[no test files]
?   	github.com/docker/docker/pkg/parsers/operatingsystem	[no test files]
ok  	github.com/docker/docker/pkg/pidfile	0.083s	coverage: 82.6% of statements
?   	github.com/docker/docker/pkg/platform	[no test files]
?   	github.com/docker/docker/pkg/plugingetter	[no test files]
2019/01/02 14:20:24 http: panic serving 127.0.0.1:49221: Plugin not ready
goroutine 23 [running]:
net/http.(*conn).serve.func1(0xc000050a00)
	c:/go/src/net/http/server.go:1746 +0xd7
panic(0x7eb7c0, 0x8f3fc0)
	c:/go/src/runtime/panic.go:513 +0x1c7
github.com/docker/docker/pkg/plugins.TestFailOnce.func1(0x8fbf20, 0xc000152000, 0xc0000fa300)
	c:/go/src/github.com/docker/docker/pkg/plugins/client_test.go:55 +0x56
net/http.HandlerFunc.ServeHTTP(0xc00003c030, 0x8fbf20, 0xc000152000, 0xc0000fa300)
	c:/go/src/net/http/server.go:1964 +0x4b
net/http.(*ServeMux).ServeHTTP(0xc000106060, 0x8fbf20, 0xc000152000, 0xc0000fa300)
	c:/go/src/net/http/server.go:2361 +0x12e
net/http.serverHandler.ServeHTTP(0xc000116000, 0x8fbf20, 0xc000152000, 0xc0000fa300)
	c:/go/src/net/http/server.go:2741 +0xb2
net/http.(*conn).serve(0xc000050a00, 0x8fc2a0, 0xc0000549c0)
	c:/go/src/net/http/server.go:1847 +0x64d
created by net/http.(*Server).Serve
	c:/go/src/net/http/server.go:2851 +0x2fc
time="2019-01-02T14:20:24Z" level=warning msg="Unable to connect to plugin: 127.0.0.1:49220/Test.FailOnce: Post http://127.0.0.1:49220/Test.FailOnce: EOF, retrying in 1s"
time="2019-01-02T14:20:26Z" level=warning msg="Unable to connect to plugin: 127.0.0.1:49225/Test.Echo: Post http://127.0.0.1:49225/Test.Echo: net/http: request canceled (Client.Timeout exceeded while awaiting headers), retrying in 1s"
time="2019-01-02T14:20:27Z" level=warning msg="Unable to connect to plugin: 127.0.0.1:49225/Test.Echo: Post http://127.0.0.1:49225/Test.Echo: net/http: request canceled (Client.Timeout exceeded while awaiting headers), retrying in 2s"
time="2019-01-02T14:20:30Z" level=warning msg="Unable to connect to plugin: 127.0.0.1:49225/Test.Echo: Post http://127.0.0.1:49225/Test.Echo: net/http: request canceled (Client.Timeout exceeded while awaiting headers), retrying in 4s"
time="2019-01-02T14:20:34Z" level=warning msg="Unable to connect to plugin: 127.0.0.1:49225/Test.Echo: Post http://127.0.0.1:49225/Test.Echo: net/http: request canceled (Client.Timeout exceeded while awaiting headers), retrying in 8s"
--- FAIL: TestClientWithRequestTimeout (0.00s)
    client_test.go:259: assertion failed: 
        --- context.DeadlineExceeded
        +++ err
        :
        	-: context.deadlineExceededError{}
        	+: &net.OpError{Op: "dial", Net: "tcp", Addr: s"127.0.0.1:49296", Err: &poll.TimeoutError{}}
        
time="2019-01-02T14:20:43Z" level=warning msg="Unable to locate plugin: vegetable, retrying in 1s"
time="2019-01-02T14:20:44Z" level=warning msg="Unable to locate plugin: vegetable, retrying in 2s"
time="2019-01-02T14:20:46Z" level=warning msg="Unable to locate plugin: vegetable, retrying in 4s"
time="2019-01-02T14:20:50Z" level=warning msg="Unable to locate plugin: vegetable, retrying in 8s"
FAIL
coverage: 73.6% of statements
FAIL	github.com/docker/docker/pkg/plugins	34.995s
ok  	github.com/docker/docker/pkg/plugins/pluginrpc-gen	0.044s	coverage: 56.8% of statements
?   	github.com/docker/docker/pkg/plugins/pluginrpc-gen/fixtures	[no test files]
?   	github.com/docker/docker/pkg/plugins/pluginrpc-gen/fixtures/otherfixture	[no test files]
ok  	github.com/docker/docker/pkg/plugins/transport	0.057s	coverage: 85.7% of statements
ok  	github.com/docker/docker/pkg/pools	0.075s	coverage: 87.9% of statements
ok  	github.com/docker/docker/pkg/progress	0.035s	coverage: 75.9% of statements
ok  	github.com/docker/docker/pkg/pubsub	1.085s	coverage: 72.7% of statements
ok  	github.com/docker/docker/pkg/reexec	0.084s	coverage: 82.4% of statements
ok  	github.com/docker/docker/pkg/signal	0.035s	coverage: 20.3% of statements
?   	github.com/docker/docker/pkg/signal/testfiles	[no test files]
ok  	github.com/docker/docker/pkg/stdcopy	0.036s	coverage: 100.0% of statements
ok  	github.com/docker/docker/pkg/streamformatter	0.040s	coverage: 66.2% of statements
ok  	github.com/docker/docker/pkg/stringid	0.037s	coverage: 76.0% of statements
?   	github.com/docker/docker/pkg/symlink	[no test files]
ok  	github.com/docker/docker/pkg/sysinfo	0.033s	coverage: 38.2% of statements
ok  	github.com/docker/docker/pkg/system	0.047s	coverage: 12.7% of statements
ok  	github.com/docker/docker/pkg/tailfile	0.055s	coverage: 88.6% of statements
ok  	github.com/docker/docker/pkg/tarsum	0.129s	coverage: 89.3% of statements
ok  	github.com/docker/docker/pkg/term	0.037s	coverage: 30.8% of statements
ok  	github.com/docker/docker/pkg/term/windows	0.039s	coverage: 0.0% of statements [no tests to run]
ok  	github.com/docker/docker/pkg/truncindex	0.148s	coverage: 91.5% of statements
ok  	github.com/docker/docker/pkg/urlutil	0.034s	coverage: 100.0% of statements
ok  	github.com/docker/docker/pkg/useragent	0.052s	coverage: 88.9% of statements
ok  	github.com/docker/docker/plugin	0.087s	coverage: 12.0% of statements
ok  	github.com/docker/docker/plugin/executor/containerd	0.077s	coverage: 33.3% of statements
ok  	github.com/docker/docker/plugin/v2	0.038s	coverage: 20.1% of statements
ok  	github.com/docker/docker/reference	0.147s	coverage: 84.4% of statements
ok  	github.com/docker/docker/registry	0.245s	coverage: 51.3% of statements
ok  	github.com/docker/docker/registry/resumable	0.199s	coverage: 100.0% of statements
ok  	github.com/docker/docker/restartmanager	0.043s	coverage: 49.0% of statements
ok  	github.com/docker/docker/runconfig	0.045s	coverage: 54.5% of statements
?   	github.com/docker/docker/runconfig/opts	[no test files]
?   	github.com/docker/docker/volume	[no test files]
ok  	github.com/docker/docker/volume/drivers	0.071s	coverage: 36.1% of statements
ok  	github.com/docker/docker/volume/local	0.070s	coverage: 37.7% of statements
ok  	github.com/docker/docker/volume/mounts	0.073s	coverage: 66.3% of statements
ok  	github.com/docker/docker/volume/service	0.282s	coverage: 70.3% of statements
?   	github.com/docker/docker/volume/service/opts	[no test files]
?   	github.com/docker/docker/volume/testutils	[no test files]

ERROR: make.ps1 failed:
Unit tests failed
At C:\go\src\github.com\docker\docker\hack\make.ps1:320 char:32
+     if ($LASTEXITCODE -ne 0) { Throw "Unit tests failed" }
+                                ~~~~~~~~~~~~~~~~~~~~~~~~~

___________      .__.__             .___
\_   _____/____  |__|  |   ____   __| _/
 |    __) \__  \ |  |  | _/ __ \ / __ | 
 |     \   / __ \|  |  |_\  ___// /_/ | 
 \___  /  (____  /__|____/\___  >____ | 
     \/        \/             \/     \/ 

INFO: make.ps1 ended at 01/02/2019 14:21:00


ERROR: Failed 'ERROR: Unit tests failed' at 01/02/2019 14:21:01
At C:\gopath\src\github.com\docker\docker\hack\ci\windows.ps1:750 char:17
+                 Throw "ERROR: Unit tests failed"
+                 ~~~~~~~~~~~~~~~~~~~~~~~~~~~~~~~~



INFO: Tidying up at end of run
INFO: Saving daemon under test log (d:\CI\CI-6309b7dcc3\dut.err) to d:\temp\CIDUT.log
INFO: Nuke-Everything...
INFO: Container count on control daemon to delete is 2
deff45bb7deb
0ffeaaf7d0dd
INFO: Non-base image count on control daemon to delete is 1
Deleted: sha256:8806254db361d53ff090df1adb7d513cbe96cb4cd8b3f9a79f5673b6e4ba1143
Deleted: sha256:0006e815728a2770feba1625a28d1238d18da83bfc00aeda8ce6a27f45b3d4bd
INFO: Killing daemon with PID 14060
INFO: Tidying pidfile d:\CI\CI-6309b7dcc3\docker.pid
INFO: Stopping possible daemon pid 14060
INFO: Nuking d:\CI
ERROR:  hcsshim::DestroyLayer - Win32 API call returned error r1=0x80070020 err=The process cannot access the file because it is being used by another process.id=CI flavour=0

INFO: executeCI.ps1 exiting at Wed Jan  2 14:21:05 CUT 2019. Duration 00:07:46.9105538



Build step 'Windows PowerShell' marked build as failure
Set build name.
New build name is '#38473'
[PostBuildScript] - Executing post build scripts.
Notifying endpoint with url 'https://leeroy.dockerproject.org/notification/jenkins'
Finished: FAILURE
