Started by user Gordon
Notifying endpoint with url 'https://leeroy.dockerproject.org/notification/jenkins'
[EnvInject] - Loading node environment variables.
Building remotely on ubuntu-1604-aufs-stable (i-0265653341c4f6413) (docker-edge ubuntu aufs docker-stable docker ubuntu-1604-aufs-edge x86_64 ec2 linux ubuntu-1604-aufs ubuntu-1604 amd64 ubuntu-1604-aufs-stable us-west-2) in workspace /home/ubuntu/workspace/Docker-PRs-experimental
Wiping out workspace first.
Cloning the remote Git repository
Cloning repository https://github.com/moby/moby.git
 > git init /home/ubuntu/workspace/Docker-PRs-experimental # timeout=10
Fetching upstream changes from https://github.com/moby/moby.git
 > git --version # timeout=10
 > git fetch --tags --progress https://github.com/moby/moby.git +refs/heads/*:refs/remotes/origin/*
 > git config remote.origin.url https://github.com/moby/moby.git # timeout=10
 > git config --add remote.origin.fetch +refs/heads/*:refs/remotes/origin/* # timeout=10
 > git config remote.origin.url https://github.com/moby/moby.git # timeout=10
Fetching upstream changes from https://github.com/moby/moby.git
 > git fetch --tags --progress https://github.com/moby/moby.git +refs/heads/*:refs/remotes/origin/*
 > git rev-parse origin/master^{commit} # timeout=10
Checking out Revision e0e9942dc5466884e7b2ef5c509a9dab33c4a01a (origin/master)
 > git config core.sparsecheckout # timeout=10
 > git checkout -f e0e9942dc5466884e7b2ef5c509a9dab33c4a01a
Commit message: "Merge pull request #38419 from thaJeztah/fix_nuke_everything"
 > git rev-list --no-walk e0e9942dc5466884e7b2ef5c509a9dab33c4a01a # timeout=10
Set build name.
New build name is '#38467'
[Docker-PRs-experimental] $ /bin/bash /tmp/jenkins6087980114461087968.sh
From https://github.com/moby/moby
 * [new ref]         refs/pull/38467/head -> origin/pr/38467
Merge made by the 'recursive' strategy.
 api/server/httputils/errors.go      | 101 +++++++++++++++++++++++++++++++
 api/server/httputils/errors_test.go | 115 ++++++++++++++++++++++++++++++++++++
 client/checkpoint_create_test.go    |   4 ++
 client/checkpoint_delete_test.go    |   4 ++
 client/checkpoint_list_test.go      |   4 ++
 client/config_create_test.go        |   4 ++
 client/config_inspect_test.go       |   4 ++
 client/config_list_test.go          |   4 ++
 client/config_remove_test.go        |   4 ++
 client/config_update_test.go        |   4 ++
 client/container_commit_test.go     |   4 ++
 client/container_copy_test.go       |  10 ++++
 client/container_create.go          |   4 --
 client/container_create_test.go     |   9 ++-
 client/container_diff_test.go       |   5 +-
 client/container_exec_test.go       |  10 ++++
 client/container_export_test.go     |   5 ++
 client/container_inspect_test.go    |   4 ++
 client/container_kill_test.go       |   5 ++
 client/container_list_test.go       |   4 ++
 client/container_pause_test.go      |   5 ++
 client/container_rename_test.go     |   5 ++
 client/container_resize_test.go     |   7 +++
 client/container_restart_test.go    |   5 ++
 client/container_start_test.go      |   4 ++
 client/container_stats_test.go      |   5 ++
 client/container_stop_test.go       |   5 ++
 client/container_top_test.go        |   4 ++
 client/container_unpause_test.go    |   5 ++
 client/container_update_test.go     |   4 ++
 client/container_wait_test.go       |   4 ++
 client/disk_usage_test.go           |   4 ++
 client/errors.go                    |  27 +++++----
 client/events_test.go               |   4 ++
 client/image_build_test.go          |   4 ++
 client/image_create_test.go         |   4 ++
 client/image_history_test.go        |   4 ++
 client/image_import_test.go         |   4 ++
 client/image_inspect_test.go        |   4 ++
 client/image_list_test.go           |   4 ++
 client/image_load_test.go           |   5 ++
 client/image_pull_test.go           |   4 ++
 client/image_push_test.go           |   4 ++
 client/image_save_test.go           |   5 ++
 client/image_search_test.go         |   4 ++
 client/image_tag_test.go            |   5 ++
 client/info_test.go                 |   8 ++-
 client/network_connect_test.go      |   4 ++
 client/network_create_test.go       |   4 ++
 client/network_disconnect_test.go   |   4 ++
 client/network_list_test.go         |   4 ++
 client/network_prune_test.go        |   4 ++
 client/network_remove_test.go       |   5 ++
 client/node_inspect_test.go         |   4 ++
 client/node_list_test.go            |   4 ++
 client/node_remove_test.go          |   4 ++
 client/node_update_test.go          |   4 ++
 client/ping.go                      |   6 +-
 client/plugin_disable_test.go       |   4 ++
 client/plugin_enable_test.go        |   4 ++
 client/plugin_inspect_test.go       |   4 ++
 client/plugin_list_test.go          |   4 ++
 client/plugin_push_test.go          |   5 ++
 client/plugin_remove_test.go        |   4 ++
 client/plugin_set_test.go           |   5 ++
 client/request.go                   |  18 +++---
 client/request_test.go              |   4 ++
 client/secret_create_test.go        |   4 ++
 client/secret_inspect_test.go       |   4 ++
 client/secret_list_test.go          |   4 ++
 client/secret_remove_test.go        |   4 ++
 client/secret_update_test.go        |   4 ++
 client/service_create_test.go       |   4 ++
 client/service_inspect_test.go      |   4 ++
 client/service_list_test.go         |   4 ++
 client/service_update_test.go       |   4 ++
 client/swarm_init_test.go           |   4 ++
 client/swarm_inspect_test.go        |   4 ++
 client/swarm_join_test.go           |   4 ++
 client/swarm_leave_test.go          |   5 ++
 client/swarm_unlock_test.go         |   4 ++
 client/swarm_update_test.go         |   4 ++
 client/task_inspect_test.go         |   4 ++
 client/task_list_test.go            |   4 ++
 client/volume_create_test.go        |   4 ++
 client/volume_list_test.go          |   4 ++
 client/volume_remove_test.go        |   5 ++
 errdefs/helpers.go                  |  55 +++++++++--------
 88 files changed, 637 insertions(+), 54 deletions(-)
 create mode 100644 api/server/httputils/errors_test.go
Sending build context to Docker daemon  45.11MB
Step 1/94 : FROM golang:1.11.4 AS base
 ---> 343df9d12b7b
Step 2/94 : ARG APT_MIRROR=deb.debian.org
 ---> Using cache
 ---> 2a9208490dce
Step 3/94 : RUN sed -ri "s/(httpredir|deb).debian.org/$APT_MIRROR/g" /etc/apt/sources.list
 ---> Using cache
 ---> 2614a854b7b1
Step 4/94 : FROM base AS criu
 ---> 2614a854b7b1
Step 5/94 : ENV CRIU_VERSION 3.6
 ---> Using cache
 ---> 98a50ab09b5f
Step 6/94 : RUN apt-get update && apt-get install -y 	libnet-dev 	libprotobuf-c0-dev 	libprotobuf-dev 	libnl-3-dev 	libcap-dev 	protobuf-compiler 	protobuf-c-compiler 	python-protobuf 	&& mkdir -p /usr/src/criu 	&& curl -sSL https://github.com/checkpoint-restore/criu/archive/v${CRIU_VERSION}.tar.gz | tar -C /usr/src/criu/ -xz --strip-components=1 	&& cd /usr/src/criu 	&& make 	&& make PREFIX=/build/ install-criu
 ---> Using cache
 ---> 6e42fa550a33
Step 7/94 : FROM base AS registry
 ---> 2614a854b7b1
Step 8/94 : ENV REGISTRY_COMMIT_SCHEMA1 ec87e9b6971d831f0eff752ddb54fb64693e51cd
 ---> Using cache
 ---> d8f7a1062f5e
Step 9/94 : ENV REGISTRY_COMMIT 47a064d4195a9b56133891bbb13620c3ac83a827
 ---> Using cache
 ---> eddc82d6de22
Step 10/94 : RUN set -x 	&& export GOPATH="$(mktemp -d)" 	&& git clone https://github.com/docker/distribution.git "$GOPATH/src/github.com/docker/distribution" 	&& (cd "$GOPATH/src/github.com/docker/distribution" && git checkout -q "$REGISTRY_COMMIT") 	&& GOPATH="$GOPATH/src/github.com/docker/distribution/Godeps/_workspace:$GOPATH" 		go build -buildmode=pie -o /build/registry-v2 github.com/docker/distribution/cmd/registry 	&& case $(dpkg --print-architecture) in 		amd64|ppc64*|s390x) 		(cd "$GOPATH/src/github.com/docker/distribution" && git checkout -q "$REGISTRY_COMMIT_SCHEMA1"); 		GOPATH="$GOPATH/src/github.com/docker/distribution/Godeps/_workspace:$GOPATH"; 			go build -buildmode=pie -o /build/registry-v2-schema1 github.com/docker/distribution/cmd/registry; 		;; 	   esac 	&& rm -rf "$GOPATH"
 ---> Using cache
 ---> 9af90df51601
Step 11/94 : FROM base AS docker-py
 ---> 2614a854b7b1
Step 12/94 : ENV DOCKER_PY_COMMIT 8b246db271a85d6541dc458838627e89c683e42f
 ---> Using cache
 ---> 168198ffdc78
Step 13/94 : RUN git clone https://github.com/docker/docker-py.git /build 	&& cd /build 	&& git checkout -q $DOCKER_PY_COMMIT
 ---> Using cache
 ---> 13f90b4ee455
Step 14/94 : FROM base AS swagger
 ---> 2614a854b7b1
Step 15/94 : ENV GO_SWAGGER_COMMIT c28258affb0b6251755d92489ef685af8d4ff3eb
 ---> Using cache
 ---> 17b3007baafe
Step 16/94 : RUN set -x 	&& export GOPATH="$(mktemp -d)" 	&& git clone https://github.com/go-swagger/go-swagger.git "$GOPATH/src/github.com/go-swagger/go-swagger" 	&& (cd "$GOPATH/src/github.com/go-swagger/go-swagger" && git checkout -q "$GO_SWAGGER_COMMIT") 	&& go build -o /build/swagger github.com/go-swagger/go-swagger/cmd/swagger 	&& rm -rf "$GOPATH"
 ---> Using cache
 ---> 60b6c84d0f36
Step 17/94 : FROM base AS frozen-images
 ---> 2614a854b7b1
Step 18/94 : RUN apt-get update && apt-get install -y jq ca-certificates --no-install-recommends
 ---> Using cache
 ---> e1ffca7d3c4d
Step 19/94 : COPY contrib/download-frozen-image-v2.sh /
 ---> Using cache
 ---> a745797c8e63
Step 20/94 : RUN /download-frozen-image-v2.sh /build 	buildpack-deps:jessie@sha256:dd86dced7c9cd2a724e779730f0a53f93b7ef42228d4344b25ce9a42a1486251 	busybox:latest@sha256:bbc3a03235220b170ba48a157dd097dd1379299370e1ed99ce976df0355d24f0 	busybox:glibc@sha256:0b55a30394294ab23b9afd58fab94e61a923f5834fba7ddbae7f8e0c11ba85e6 	debian:jessie@sha256:287a20c5f73087ab406e6b364833e3fb7b3ae63ca0eb3486555dc27ed32c6e60 	hello-world:latest@sha256:be0cd392e45be79ffeffa6b05338b98ebb16c87b255f48e297ec7f98e123905c
 ---> Using cache
 ---> 020bf4aa7002
Step 21/94 : FROM base AS runtime-dev
 ---> 2614a854b7b1
Step 22/94 : RUN apt-get update && apt-get install -y 	libapparmor-dev 	libseccomp-dev
 ---> Using cache
 ---> 11d24ad1c127
Step 23/94 : FROM base AS tomlv
 ---> 2614a854b7b1
Step 24/94 : ENV INSTALL_BINARY_NAME=tomlv
 ---> Using cache
 ---> 9624c271d08c
Step 25/94 : COPY hack/dockerfile/install/install.sh ./install.sh
 ---> Using cache
 ---> f2919978acf6
Step 26/94 : COPY hack/dockerfile/install/$INSTALL_BINARY_NAME.installer ./
 ---> Using cache
 ---> 593958bb2754
Step 27/94 : RUN PREFIX=/build ./install.sh $INSTALL_BINARY_NAME
 ---> Using cache
 ---> 85396e4e1543
Step 28/94 : FROM base AS vndr
 ---> 2614a854b7b1
Step 29/94 : ENV INSTALL_BINARY_NAME=vndr
 ---> Using cache
 ---> bf0f8b10cc13
Step 30/94 : COPY hack/dockerfile/install/install.sh ./install.sh
 ---> Using cache
 ---> 18d40dfd9702
Step 31/94 : COPY hack/dockerfile/install/$INSTALL_BINARY_NAME.installer ./
 ---> Using cache
 ---> c4a3efb07835
Step 32/94 : RUN PREFIX=/build ./install.sh $INSTALL_BINARY_NAME
 ---> Using cache
 ---> ffbdb892ec72
Step 33/94 : FROM base AS containerd
 ---> 2614a854b7b1
Step 34/94 : RUN apt-get update && apt-get install -y btrfs-tools
 ---> Using cache
 ---> 1be2045fa014
Step 35/94 : ENV INSTALL_BINARY_NAME=containerd
 ---> Using cache
 ---> da3199275780
Step 36/94 : COPY hack/dockerfile/install/install.sh ./install.sh
 ---> Using cache
 ---> c8347874168f
Step 37/94 : COPY hack/dockerfile/install/$INSTALL_BINARY_NAME.installer ./
 ---> Using cache
 ---> c362ab268ec2
Step 38/94 : RUN PREFIX=/build ./install.sh $INSTALL_BINARY_NAME
 ---> Using cache
 ---> e04c55ef6979
Step 39/94 : FROM base AS proxy
 ---> 2614a854b7b1
Step 40/94 : ENV INSTALL_BINARY_NAME=proxy
 ---> Using cache
 ---> 0550afee418d
Step 41/94 : COPY hack/dockerfile/install/install.sh ./install.sh
 ---> Using cache
 ---> f1cf562b611f
Step 42/94 : COPY hack/dockerfile/install/$INSTALL_BINARY_NAME.installer ./
 ---> Using cache
 ---> 955059f5e059
Step 43/94 : RUN PREFIX=/build ./install.sh $INSTALL_BINARY_NAME
 ---> Using cache
 ---> 21507fb204a3
Step 44/94 : FROM base AS gometalinter
 ---> 2614a854b7b1
Step 45/94 : ENV INSTALL_BINARY_NAME=gometalinter
 ---> Using cache
 ---> 3b878bda68df
Step 46/94 : COPY hack/dockerfile/install/install.sh ./install.sh
 ---> Using cache
 ---> 614d84b7786e
Step 47/94 : COPY hack/dockerfile/install/$INSTALL_BINARY_NAME.installer ./
 ---> Using cache
 ---> e922df43837f
Step 48/94 : RUN PREFIX=/build ./install.sh $INSTALL_BINARY_NAME
 ---> Using cache
 ---> 336783467b19
Step 49/94 : FROM base AS dockercli
 ---> 2614a854b7b1
Step 50/94 : ENV INSTALL_BINARY_NAME=dockercli
 ---> Using cache
 ---> 1e015f5cad03
Step 51/94 : COPY hack/dockerfile/install/install.sh ./install.sh
 ---> Using cache
 ---> c16b08f41fb9
Step 52/94 : COPY hack/dockerfile/install/$INSTALL_BINARY_NAME.installer ./
 ---> Using cache
 ---> 234833e1f2de
Step 53/94 : RUN PREFIX=/build ./install.sh $INSTALL_BINARY_NAME
 ---> Using cache
 ---> 2de353c6bf9c
Step 54/94 : FROM runtime-dev AS runc
 ---> 11d24ad1c127
Step 55/94 : ENV INSTALL_BINARY_NAME=runc
 ---> Using cache
 ---> 9a0d0a1dcfcd
Step 56/94 : COPY hack/dockerfile/install/install.sh ./install.sh
 ---> Using cache
 ---> 98688840a509
Step 57/94 : COPY hack/dockerfile/install/$INSTALL_BINARY_NAME.installer ./
 ---> Using cache
 ---> 65b06e726dc5
Step 58/94 : RUN PREFIX=/build ./install.sh $INSTALL_BINARY_NAME
 ---> Using cache
 ---> 8915341476d0
Step 59/94 : FROM base AS tini
 ---> 2614a854b7b1
Step 60/94 : RUN apt-get update && apt-get install -y cmake vim-common
 ---> Using cache
 ---> f8285906a9c4
Step 61/94 : COPY hack/dockerfile/install/install.sh ./install.sh
 ---> Using cache
 ---> c3b9ed70b044
Step 62/94 : ENV INSTALL_BINARY_NAME=tini
 ---> Using cache
 ---> 05a9e4cd452d
Step 63/94 : COPY hack/dockerfile/install/$INSTALL_BINARY_NAME.installer ./
 ---> Using cache
 ---> e7614164951e
Step 64/94 : RUN PREFIX=/build ./install.sh $INSTALL_BINARY_NAME
 ---> Using cache
 ---> b6279e8d8e62
Step 65/94 : FROM runtime-dev AS dev
 ---> 11d24ad1c127
Step 66/94 : RUN groupadd -r docker
 ---> Using cache
 ---> d5387ec05664
Step 67/94 : RUN useradd --create-home --gid docker unprivilegeduser
 ---> Using cache
 ---> 02bbb1939fea
Step 68/94 : RUN ln -sfv /go/src/github.com/docker/docker/.bashrc ~/.bashrc
 ---> Using cache
 ---> 6cb1b422cd54
Step 69/94 : RUN echo "source /usr/share/bash-completion/bash_completion" >> /etc/bash.bashrc
 ---> Using cache
 ---> b1de597aa162
Step 70/94 : RUN ln -s /usr/local/completion/bash/docker /etc/bash_completion.d/docker
 ---> Using cache
 ---> 0a4cd02c9f8b
Step 71/94 : RUN ldconfig
 ---> Using cache
 ---> 114804196c83
Step 72/94 : RUN apt-get update && apt-get install -y 	apparmor 	aufs-tools 	bash-completion 	btrfs-tools 	iptables 	jq 	libcap2-bin 	libdevmapper-dev 	libudev-dev 	libsystemd-dev 	binutils-mingw-w64 	g++-mingw-w64-x86-64 	net-tools 	pigz 	python-backports.ssl-match-hostname 	python-dev 	python-mock 	python-pip 	python-requests 	python-setuptools 	python-websocket 	python-wheel 	thin-provisioning-tools 	vim 	vim-common 	xfsprogs 	zip 	bzip2 	xz-utils 	--no-install-recommends
 ---> Using cache
 ---> 0d6581e58af5
Step 73/94 : COPY --from=swagger /build/swagger* /usr/local/bin/
 ---> Using cache
 ---> 68e480477d70
Step 74/94 : COPY --from=frozen-images /build/ /docker-frozen-images
 ---> Using cache
 ---> 7645e6122794
Step 75/94 : COPY --from=gometalinter /build/ /usr/local/bin/
 ---> Using cache
 ---> a49d1c6bf36d
Step 76/94 : COPY --from=tomlv /build/ /usr/local/bin/
 ---> Using cache
 ---> 6fe1d24b91fc
Step 77/94 : COPY --from=vndr /build/ /usr/local/bin/
 ---> Using cache
 ---> d79432896251
Step 78/94 : COPY --from=tini /build/ /usr/local/bin/
 ---> Using cache
 ---> 1aadf6100244
Step 79/94 : COPY --from=runc /build/ /usr/local/bin/
 ---> Using cache
 ---> 8c724b18766d
Step 80/94 : COPY --from=containerd /build/ /usr/local/bin/
 ---> Using cache
 ---> f1325ef9f3b7
Step 81/94 : COPY --from=proxy /build/ /usr/local/bin/
 ---> Using cache
 ---> aaad12a54f81
Step 82/94 : COPY --from=dockercli /build/ /usr/local/cli
 ---> Using cache
 ---> fd85d4d74766
Step 83/94 : COPY --from=registry /build/registry* /usr/local/bin/
 ---> Using cache
 ---> ec8b61a24b16
Step 84/94 : COPY --from=criu /build/ /usr/local/
 ---> Using cache
 ---> 6c084400c303
Step 85/94 : COPY --from=docker-py /build/ /docker-py
 ---> Using cache
 ---> d088d68e4be7
Step 86/94 : RUN cd /docker-py 	&& pip install docker-pycreds==0.2.1 	&& pip install yamllint==1.5.0 	&& pip install -r test-requirements.txt
 ---> Using cache
 ---> e23c27044fce
Step 87/94 : ENV PATH=/usr/local/cli:$PATH
 ---> Using cache
 ---> f14f06bb9dad
Step 88/94 : ENV DOCKER_BUILDTAGS apparmor seccomp selinux
 ---> Using cache
 ---> 337d2462e34b
Step 89/94 : ENV GOMETALINTER_OPTS="--deadline=2m"
 ---> Using cache
 ---> 4aed34bce7d1
Step 90/94 : WORKDIR /go/src/github.com/docker/docker
 ---> Using cache
 ---> e08b58fc6724
Step 91/94 : VOLUME /var/lib/docker
 ---> Using cache
 ---> 462a73fcc222
Step 92/94 : ENTRYPOINT ["hack/dind"]
 ---> Using cache
 ---> 94767f0e2b65
Step 93/94 : FROM dev AS final
 ---> 94767f0e2b65
Step 94/94 : COPY . /go/src/github.com/docker/docker
 ---> 461d879266bc
Successfully built 461d879266bc
Successfully tagged docker:844dc0b-exp

Removing bundles/

---> Making bundle: binary-daemon (in bundles/binary-daemon)
Building: bundles/binary-daemon/dockerd-dev
Created binary: bundles/binary-daemon/dockerd-dev
Copying nested executables into bundles/binary-daemon

---> Making bundle: test-integration (in bundles/test-integration)
Building test suite binary ./integration-cli/test.main
Building test suite binary ./integration/plugin/test.main
Building test suite binary ./integration/plugin/authz/test.main
Building test suite binary ./integration/plugin/logging/test.main
Building test suite binary ./integration/plugin/logging/cmd/test.main
Building test suite binary ./integration/plugin/logging/cmd/close_on_start/test.main
Building test suite binary ./integration/plugin/logging/cmd/dummy/test.main
Building test suite binary ./integration/plugin/common/test.main
Building test suite binary ./integration/plugin/volumes/test.main
Building test suite binary ./integration/plugin/volumes/cmd/test.main
Building test suite binary ./integration/plugin/volumes/cmd/dummy/test.main
Building test suite binary ./integration/plugin/graphdriver/test.main
Building test suite binary ./integration/config/test.main
Building test suite binary ./integration/service/test.main
Building test suite binary ./integration/network/test.main
Building test suite binary ./integration/network/ipvlan/test.main
Building test suite binary ./integration/network/macvlan/test.main
Building test suite binary ./integration/secret/test.main
Building test suite binary ./integration/session/test.main
Building test suite binary ./integration/container/test.main
Building test suite binary ./integration/build/test.main
Building test suite binary ./integration/volume/test.main
Building test suite binary ./integration/system/test.main
Building test suite binary ./integration/image/test.main
---> Making bundle: .integration-daemon-start (in bundles/test-integration)
Using test binary docker
# DOCKER_EXPERIMENTAL is set: starting daemon with experimental features enabled! 
/etc/init.d/apparmor: 130: /etc/init.d/apparmor: systemd-detect-virt: not found
Starting AppArmor profiles:Warning from stdin (line 1): /sbin/apparmor_parser: cannot use or update cache, disable, or force-complain via stdin
Warning failed to create cache: (null)
.
INFO: Waiting for daemon to start...
Starting dockerd
.
---> Making bundle: .integration-daemon-setup (in bundles/test-integration)
---> Making bundle: .ensure-emptyfs (in bundles/test-integration)
Error: No such image: emptyfs
Running integration-test (iteration 1)
Running /go/src/github.com/docker/docker/integration/plugin
testing: warning: no tests to run
PASS
Running /go/src/github.com/docker/docker/integration/plugin/authz
Loaded image: buildpack-deps:jessie
Loaded image: busybox:latest
Loaded image: busybox:glibc
Loaded image: debian:jessie
Loaded image: hello-world:latest
INFO: Testing against a local daemon
=== RUN   TestAuthZPluginAllowRequest
--- PASS: TestAuthZPluginAllowRequest (4.03s)
    daemon.go:296: [d3c7b3003c329] waiting for daemon to start
    daemon.go:328: [d3c7b3003c329] daemon started
    daemon.go:283: [d3c7b3003c329] exiting daemon
=== RUN   TestAuthZPluginTLS
--- PASS: TestAuthZPluginTLS (3.07s)
    daemon.go:296: [df1095c40a849] waiting for daemon to start
    daemon.go:328: [df1095c40a849] daemon started
    daemon.go:283: [df1095c40a849] exiting daemon
=== RUN   TestAuthZPluginDenyRequest
--- PASS: TestAuthZPluginDenyRequest (2.86s)
    daemon.go:296: [d9f7795bab0ca] waiting for daemon to start
    daemon.go:328: [d9f7795bab0ca] daemon started
    daemon.go:283: [d9f7795bab0ca] exiting daemon
=== RUN   TestAuthZPluginAPIDenyResponse
--- PASS: TestAuthZPluginAPIDenyResponse (1.04s)
    daemon.go:296: [d1a12be1decf6] waiting for daemon to start
    daemon.go:328: [d1a12be1decf6] daemon started
    daemon.go:283: [d1a12be1decf6] exiting daemon
=== RUN   TestAuthZPluginDenyResponse
--- PASS: TestAuthZPluginDenyResponse (0.52s)
    daemon.go:296: [d0da75973569f] waiting for daemon to start
    daemon.go:328: [d0da75973569f] daemon started
    daemon.go:283: [d0da75973569f] exiting daemon
=== RUN   TestAuthZPluginAllowEventStream
--- PASS: TestAuthZPluginAllowEventStream (1.24s)
    daemon.go:296: [d3af660dfd5d9] waiting for daemon to start
    daemon.go:328: [d3af660dfd5d9] daemon started
    daemon.go:283: [d3af660dfd5d9] exiting daemon
=== RUN   TestAuthZPluginErrorResponse
--- PASS: TestAuthZPluginErrorResponse (0.52s)
    daemon.go:296: [d2cbdbf169e2e] waiting for daemon to start
    daemon.go:328: [d2cbdbf169e2e] daemon started
    daemon.go:283: [d2cbdbf169e2e] exiting daemon
=== RUN   TestAuthZPluginErrorRequest
--- PASS: TestAuthZPluginErrorRequest (0.53s)
    daemon.go:296: [d47367949cd76] waiting for daemon to start
    daemon.go:328: [d47367949cd76] daemon started
    daemon.go:283: [d47367949cd76] exiting daemon
=== RUN   TestAuthZPluginEnsureNoDuplicatePluginRegistration
--- PASS: TestAuthZPluginEnsureNoDuplicatePluginRegistration (0.52s)
    daemon.go:296: [df33c15e3d667] waiting for daemon to start
    daemon.go:328: [df33c15e3d667] daemon started
    daemon.go:283: [df33c15e3d667] exiting daemon
=== RUN   TestAuthZPluginEnsureLoadImportWorking
--- PASS: TestAuthZPluginEnsureLoadImportWorking (1.46s)
    daemon.go:296: [d93641edee0d2] waiting for daemon to start
    daemon.go:328: [d93641edee0d2] daemon started
    daemon.go:283: [d93641edee0d2] exiting daemon
=== RUN   TestAuthzPluginEnsureContainerCopyToFrom
--- PASS: TestAuthzPluginEnsureContainerCopyToFrom (1.50s)
    daemon.go:296: [d123cf6cbf0d4] waiting for daemon to start
    daemon.go:328: [d123cf6cbf0d4] daemon started
    daemon.go:283: [d123cf6cbf0d4] exiting daemon
=== RUN   TestAuthZPluginHeader
--- PASS: TestAuthZPluginHeader (0.71s)
    daemon.go:296: [db3b902cd4e21] waiting for daemon to start
    daemon.go:328: [db3b902cd4e21] daemon started
    daemon.go:283: [db3b902cd4e21] exiting daemon
=== RUN   TestAuthZPluginV2AllowNonVolumeRequest
--- PASS: TestAuthZPluginV2AllowNonVolumeRequest (6.56s)
    daemon.go:296: [d8fd9ecfd98da] waiting for daemon to start
    daemon.go:328: [d8fd9ecfd98da] daemon started
    daemon.go:283: [d8fd9ecfd98da] exiting daemon
    daemon.go:296: [d8fd9ecfd98da] waiting for daemon to start
    daemon.go:328: [d8fd9ecfd98da] daemon started
    daemon.go:283: [d8fd9ecfd98da] exiting daemon
=== RUN   TestAuthZPluginV2Disable
--- PASS: TestAuthZPluginV2Disable (5.78s)
    daemon.go:296: [d56c1fbb7b452] waiting for daemon to start
    daemon.go:328: [d56c1fbb7b452] daemon started
    daemon.go:283: [d56c1fbb7b452] exiting daemon
    daemon.go:296: [d56c1fbb7b452] waiting for daemon to start
    daemon.go:328: [d56c1fbb7b452] daemon started
    daemon.go:283: [d56c1fbb7b452] exiting daemon
=== RUN   TestAuthZPluginV2RejectVolumeRequests
--- PASS: TestAuthZPluginV2RejectVolumeRequests (5.62s)
    daemon.go:296: [d28ccbf5b31ee] waiting for daemon to start
    daemon.go:328: [d28ccbf5b31ee] daemon started
    daemon.go:283: [d28ccbf5b31ee] exiting daemon
    daemon.go:296: [d28ccbf5b31ee] waiting for daemon to start
    daemon.go:328: [d28ccbf5b31ee] daemon started
    daemon.go:283: [d28ccbf5b31ee] exiting daemon
=== RUN   TestAuthZPluginV2BadManifestFailsDaemonStart
--- PASS: TestAuthZPluginV2BadManifestFailsDaemonStart (13.60s)
    daemon.go:296: [d715e3ce8a525] waiting for daemon to start
    daemon.go:328: [d715e3ce8a525] daemon started
    daemon.go:283: [d715e3ce8a525] exiting daemon
    daemon.go:296: [d715e3ce8a525] waiting for daemon to start
    daemon.go:296: [d715e3ce8a525] waiting for daemon to start
    daemon.go:283: [d715e3ce8a525] exiting daemon
    daemon.go:296: [d715e3ce8a525] waiting for daemon to start
    daemon.go:328: [d715e3ce8a525] daemon started
    daemon.go:283: [d715e3ce8a525] exiting daemon
=== RUN   TestAuthZPluginV2NonexistentFailsDaemonStart
--- PASS: TestAuthZPluginV2NonexistentFailsDaemonStart (16.51s)
    daemon.go:296: [df11f4eb27942] waiting for daemon to start
    daemon.go:328: [df11f4eb27942] daemon started
    daemon.go:283: [df11f4eb27942] exiting daemon
    daemon.go:296: [df11f4eb27942] waiting for daemon to start
    daemon.go:296: [df11f4eb27942] waiting for daemon to start
    daemon.go:296: [df11f4eb27942] waiting for daemon to start
    daemon.go:328: [df11f4eb27942] daemon started
    daemon.go:283: [df11f4eb27942] exiting daemon
PASS
Running /go/src/github.com/docker/docker/integration/plugin/logging
INFO: Testing against a local daemon
=== RUN   TestContinueAfterPluginCrash
=== PAUSE TestContinueAfterPluginCrash
=== RUN   TestDaemonStartWithLogOpt
=== PAUSE TestDaemonStartWithLogOpt
=== CONT  TestContinueAfterPluginCrash
=== CONT  TestDaemonStartWithLogOpt
--- PASS: TestDaemonStartWithLogOpt (13.28s)
    daemon.go:296: [d56310e56efb7] waiting for daemon to start
    daemon.go:328: [d56310e56efb7] daemon started
    daemon.go:283: [d56310e56efb7] exiting daemon
    daemon.go:296: [d56310e56efb7] waiting for daemon to start
    daemon.go:328: [d56310e56efb7] daemon started
    daemon.go:283: [d56310e56efb7] exiting daemon
--- PASS: TestContinueAfterPluginCrash (18.67s)
    daemon.go:296: [d8a7a444eb8c4] waiting for daemon to start
    daemon.go:328: [d8a7a444eb8c4] daemon started
    daemon.go:283: [d8a7a444eb8c4] exiting daemon
PASS
Running /go/src/github.com/docker/docker/integration/plugin/logging/cmd
testing: warning: no tests to run
PASS
Running /go/src/github.com/docker/docker/integration/plugin/logging/cmd/close_on_start
testing: warning: no tests to run
PASS
Running /go/src/github.com/docker/docker/integration/plugin/logging/cmd/dummy
testing: warning: no tests to run
PASS
Running /go/src/github.com/docker/docker/integration/plugin/common
INFO: Testing against a local daemon
=== RUN   TestPluginInvalidJSON
=== RUN   TestPluginInvalidJSON//plugins/foobar/set
=== PAUSE TestPluginInvalidJSON//plugins/foobar/set
=== CONT  TestPluginInvalidJSON//plugins/foobar/set
--- PASS: TestPluginInvalidJSON (0.01s)
    --- PASS: TestPluginInvalidJSON//plugins/foobar/set (0.00s)
PASS
Running /go/src/github.com/docker/docker/integration/plugin/volumes
INFO: Testing against a local daemon
=== RUN   TestPluginWithDevMounts
=== PAUSE TestPluginWithDevMounts
=== CONT  TestPluginWithDevMounts
--- PASS: TestPluginWithDevMounts (1.75s)
    daemon.go:296: [dcf34dda58923] waiting for daemon to start
    daemon.go:328: [dcf34dda58923] daemon started
    daemon.go:283: [dcf34dda58923] exiting daemon
PASS
Running /go/src/github.com/docker/docker/integration/plugin/volumes/cmd
testing: warning: no tests to run
PASS
Running /go/src/github.com/docker/docker/integration/plugin/volumes/cmd/dummy
testing: warning: no tests to run
PASS
Running /go/src/github.com/docker/docker/integration/plugin/graphdriver
INFO: Testing against a local daemon
=== RUN   TestExternalGraphDriver
=== RUN   TestExternalGraphDriver/json
=== RUN   TestExternalGraphDriver/spec
=== RUN   TestExternalGraphDriver/pull
--- PASS: TestExternalGraphDriver (6.94s)
    daemon.go:296: [dfd413d0fbc74] waiting for daemon to start
    daemon.go:328: [dfd413d0fbc74] daemon started
    daemon.go:283: [dfd413d0fbc74] exiting daemon
    daemon.go:296: [dfd413d0fbc74] waiting for daemon to start
    daemon.go:328: [dfd413d0fbc74] daemon started
    daemon.go:283: [dfd413d0fbc74] exiting daemon
    --- PASS: TestExternalGraphDriver/json (1.71s)
    daemon.go:296: [dfd413d0fbc74] waiting for daemon to start
    daemon.go:328: [dfd413d0fbc74] daemon started
    daemon.go:283: [dfd413d0fbc74] exiting daemon
    daemon.go:296: [dfd413d0fbc74] waiting for daemon to start
    daemon.go:328: [dfd413d0fbc74] daemon started
    daemon.go:283: [dfd413d0fbc74] exiting daemon
    --- PASS: TestExternalGraphDriver/spec (1.70s)
    daemon.go:296: [dfd413d0fbc74] waiting for daemon to start
    daemon.go:328: [dfd413d0fbc74] daemon started
    daemon.go:283: [dfd413d0fbc74] exiting daemon
    --- PASS: TestExternalGraphDriver/pull (3.08s)
=== RUN   TestGraphdriverPluginV2
--- SKIP: TestGraphdriverPluginV2 (0.32s)
    external_test.go:411: !requirement.Overlay2Supported(testEnv.DaemonInfo.KernelVersion)
PASS
Running /go/src/github.com/docker/docker/integration/config
INFO: Testing against a local daemon
=== RUN   TestConfigList
--- PASS: TestConfigList (2.09s)
    daemon.go:296: [dc31653e8d9a6] waiting for daemon to start
    daemon.go:328: [dc31653e8d9a6] daemon started
    daemon.go:283: [dc31653e8d9a6] exiting daemon
=== RUN   TestConfigsCreateAndDelete
--- PASS: TestConfigsCreateAndDelete (2.04s)
    daemon.go:296: [d8dc84d4ca3d3] waiting for daemon to start
    daemon.go:328: [d8dc84d4ca3d3] daemon started
    daemon.go:283: [d8dc84d4ca3d3] exiting daemon
=== RUN   TestConfigsUpdate
--- PASS: TestConfigsUpdate (2.11s)
    daemon.go:296: [dedfcb330788f] waiting for daemon to start
    daemon.go:328: [dedfcb330788f] daemon started
    daemon.go:283: [dedfcb330788f] exiting daemon
=== RUN   TestTemplatedConfig
--- PASS: TestTemplatedConfig (2.64s)
    daemon.go:296: [d20169c49e333] waiting for daemon to start
    daemon.go:328: [d20169c49e333] daemon started
    daemon.go:283: [d20169c49e333] exiting daemon
=== RUN   TestConfigInspect
--- PASS: TestConfigInspect (2.06s)
    daemon.go:296: [d28f6926db779] waiting for daemon to start
    daemon.go:328: [d28f6926db779] daemon started
    daemon.go:283: [d28f6926db779] exiting daemon
=== RUN   TestConfigCreateWithLabels
--- PASS: TestConfigCreateWithLabels (2.14s)
    daemon.go:296: [d9b901b648aa9] waiting for daemon to start
    daemon.go:328: [d9b901b648aa9] daemon started
    daemon.go:283: [d9b901b648aa9] exiting daemon
=== RUN   TestConfigCreateResolve
--- PASS: TestConfigCreateResolve (2.12s)
    daemon.go:296: [d7709ea04c63d] waiting for daemon to start
    daemon.go:328: [d7709ea04c63d] daemon started
    daemon.go:283: [d7709ea04c63d] exiting daemon
PASS
Running /go/src/github.com/docker/docker/integration/service
INFO: Testing against a local daemon
=== RUN   TestServiceCreateInit
=== RUN   TestServiceCreateInit/daemonInitDisabled
=== RUN   TestServiceCreateInit/daemonInitEnabled
--- PASS: TestServiceCreateInit (7.97s)
    --- PASS: TestServiceCreateInit/daemonInitDisabled (4.08s)
        daemon.go:296: [dd01cd705b331] waiting for daemon to start
        daemon.go:328: [dd01cd705b331] daemon started
        daemon.go:283: [dd01cd705b331] exiting daemon
    --- PASS: TestServiceCreateInit/daemonInitEnabled (3.88s)
        daemon.go:296: [d4229ee5ba841] waiting for daemon to start
        daemon.go:328: [d4229ee5ba841] daemon started
        daemon.go:283: [d4229ee5ba841] exiting daemon
=== RUN   TestCreateServiceMultipleTimes
--- PASS: TestCreateServiceMultipleTimes (24.94s)
    daemon.go:296: [de018b4a620fd] waiting for daemon to start
    daemon.go:328: [de018b4a620fd] daemon started
    daemon.go:283: [de018b4a620fd] exiting daemon
=== RUN   TestCreateServiceConflict
--- PASS: TestCreateServiceConflict (2.13s)
    daemon.go:296: [d8283a5092eac] waiting for daemon to start
    daemon.go:328: [d8283a5092eac] daemon started
    daemon.go:283: [d8283a5092eac] exiting daemon
=== RUN   TestCreateServiceMaxReplicas
--- PASS: TestCreateServiceMaxReplicas (2.79s)
    daemon.go:296: [de94275127cda] waiting for daemon to start
    daemon.go:328: [de94275127cda] daemon started
    daemon.go:283: [de94275127cda] exiting daemon
=== RUN   TestCreateWithDuplicateNetworkNames
--- PASS: TestCreateWithDuplicateNetworkNames (12.92s)
    daemon.go:296: [dc2228e94b1e8] waiting for daemon to start
    daemon.go:328: [dc2228e94b1e8] daemon started
    daemon.go:283: [dc2228e94b1e8] exiting daemon
=== RUN   TestCreateServiceSecretFileMode
--- PASS: TestCreateServiceSecretFileMode (2.65s)
    daemon.go:296: [d6cc4f9124f4a] waiting for daemon to start
    daemon.go:328: [d6cc4f9124f4a] daemon started
    daemon.go:283: [d6cc4f9124f4a] exiting daemon
=== RUN   TestCreateServiceConfigFileMode
--- PASS: TestCreateServiceConfigFileMode (2.69s)
    daemon.go:296: [dad4c9e875d50] waiting for daemon to start
    daemon.go:328: [dad4c9e875d50] daemon started
    daemon.go:283: [dad4c9e875d50] exiting daemon
=== RUN   TestCreateServiceSysctls
--- PASS: TestCreateServiceSysctls (3.18s)
    daemon.go:296: [d0c4aff727a7c] waiting for daemon to start
    daemon.go:328: [d0c4aff727a7c] daemon started
    daemon.go:283: [d0c4aff727a7c] exiting daemon
=== RUN   TestInspect
--- PASS: TestInspect (2.09s)
    daemon.go:296: [ddf005fd305e9] waiting for daemon to start
    daemon.go:328: [ddf005fd305e9] daemon started
    daemon.go:283: [ddf005fd305e9] exiting daemon
=== RUN   TestDockerNetworkConnectAlias
--- PASS: TestDockerNetworkConnectAlias (3.95s)
    daemon.go:296: [d66dbc510c9b6] waiting for daemon to start
    daemon.go:328: [d66dbc510c9b6] daemon started
    daemon.go:283: [d66dbc510c9b6] exiting daemon
=== RUN   TestServicePlugin
--- PASS: TestServicePlugin (34.92s)
    daemon.go:296: [d942e4d0af9c1] waiting for daemon to start
    daemon.go:328: [d942e4d0af9c1] daemon started
    daemon.go:283: [d942e4d0af9c1] exiting daemon
    daemon.go:296: [da21fda94a751] waiting for daemon to start
    daemon.go:328: [da21fda94a751] daemon started
    daemon.go:296: [d3f7dee77cc06] waiting for daemon to start
    daemon.go:328: [d3f7dee77cc06] daemon started
    daemon.go:296: [dcd237f665430] waiting for daemon to start
    daemon.go:328: [dcd237f665430] daemon started
    daemon.go:283: [dcd237f665430] exiting daemon
    daemon.go:283: [d3f7dee77cc06] exiting daemon
    daemon.go:283: [da21fda94a751] exiting daemon
=== RUN   TestServiceUpdateLabel
--- PASS: TestServiceUpdateLabel (2.12s)
    daemon.go:296: [d3e9fab3cd06a] waiting for daemon to start
    daemon.go:328: [d3e9fab3cd06a] daemon started
    daemon.go:283: [d3e9fab3cd06a] exiting daemon
=== RUN   TestServiceUpdateSecrets
--- PASS: TestServiceUpdateSecrets (2.11s)
    daemon.go:296: [d56ef38060790] waiting for daemon to start
    daemon.go:328: [d56ef38060790] daemon started
    daemon.go:283: [d56ef38060790] exiting daemon
=== RUN   TestServiceUpdateConfigs
--- FAIL: TestServiceUpdateConfigs (2.13s)
    daemon.go:296: [df82c5c3e13a3] waiting for daemon to start
    daemon.go:328: [df82c5c3e13a3] daemon started
    update_test.go:188: assertion failed: error is not nil: Error response from daemon: rpc error: code = Unknown desc = update out of sequence
    daemon.go:283: [df82c5c3e13a3] exiting daemon
FAIL
---> Making bundle: .integration-daemon-stop (in bundles/test-integration)
Clearing AppArmor profiles cache:.
All profile caches have been cleared, but no profiles have been unloaded.
Unloading profiles will leave already running processes permanently
unconfined, which can lead to unexpected situations.

To set a process to complain mode, use the command line tool
'aa-complain'. To really tear down all profiles, run the init script
with the 'teardown' option."
Removing test suite binaries
Build step 'Execute shell' marked build as failure
Set build name.
New build name is '#38467'
[PostBuildScript] - Executing post build scripts.
[Docker-PRs-experimental] $ /bin/sh -xe /tmp/jenkins2593404008605913780.sh
+ echo Ensuring container killed.
Ensuring container killed.
+ docker rm -vf docker-pr-exp43497
Error: No such container: docker-pr-exp43497
+ true
+ echo Chowning /workspace to jenkins user
Chowning /workspace to jenkins user
+ id -u
+ id -g
+ docker run --rm -v /home/ubuntu/workspace/Docker-PRs-experimental:/workspace busybox chown -R 1000:1000 /workspace
[Docker-PRs-experimental] $ /bin/sh -xe /tmp/jenkins1210245229510800607.sh
+ echo Creating bundles.tar.gz
Creating bundles.tar.gz
+ + xargs tar -czf bundles.tar.gz
find bundles -name *.log
Archiving artifacts
Notifying endpoint with url 'https://leeroy.dockerproject.org/notification/jenkins'
[WS-CLEANUP] Deleting project workspace...[WS-CLEANUP] done
Finished: FAILURE
