Started by user Gordon
Notifying endpoint with url 'https://leeroy.dockerproject.org/notification/jenkins'
[EnvInject] - Loading node environment variables.
Building remotely on s390x-ubuntu-28 (linux s390x-ubuntu-1604 s390x) in workspace /home/jenkins/workspace/Docker-PRs-s390x
Running Prebuild steps
[Docker-PRs-s390x] $ /bin/sh -xe /tmp/jenkins7275145259274856536.sh
+ pwd
+ id -u
+ id -g
+ docker run --rm -v /home/jenkins/workspace/Docker-PRs-s390x:/workspace s390x/busybox chown -R 1001:1001 /workspace
Unable to find image 's390x/busybox:latest' locally
latest: Pulling from s390x/busybox
e27cb5f7cb08: Pulling fs layer
e27cb5f7cb08: Verifying Checksum
e27cb5f7cb08: Download complete
e27cb5f7cb08: Pull complete
Digest: sha256:a96ac102195557231128367b35920c085157ee8c5e378cb2842147f0b71e9d58
Status: Downloaded newer image for s390x/busybox:latest
Success build forhudson.tasks.Shell@54493290
Wiping out workspace first.
Cloning the remote Git repository
Cloning repository https://github.com/moby/moby.git
 > git init /home/jenkins/workspace/Docker-PRs-s390x # timeout=10
Fetching upstream changes from https://github.com/moby/moby.git
 > git --version # timeout=10
 > git fetch --tags --progress https://github.com/moby/moby.git +refs/heads/*:refs/remotes/origin/*
 > git config remote.origin.url https://github.com/moby/moby.git # timeout=10
 > git config --add remote.origin.fetch +refs/heads/*:refs/remotes/origin/* # timeout=10
 > git config remote.origin.url https://github.com/moby/moby.git # timeout=10
Fetching upstream changes from https://github.com/moby/moby.git
 > git fetch --tags --progress https://github.com/moby/moby.git +refs/heads/*:refs/remotes/origin/*
 > git rev-parse origin/master^{commit} # timeout=10
Checking out Revision 77df18c24acf62778f132d30a058d559a0b8b2ba (origin/master)
 > git config core.sparsecheckout # timeout=10
 > git checkout -f 77df18c24acf62778f132d30a058d559a0b8b2ba
Commit message: "Merge pull request #38509 from thaJeztah/bump_containerd_v1.2.2"
 > git rev-list --no-walk 77df18c24acf62778f132d30a058d559a0b8b2ba # timeout=10
Set build name.
New build name is '#38515'
[Docker-PRs-s390x] $ /bin/bash /tmp/jenkins96099955674228848.sh
From https://github.com/moby/moby
 * [new ref]         refs/pull/38515/head -> origin/pr/38515
Merge made by the 'recursive' strategy.
 integration/plugin/authz/authz_plugin_test.go | 14 ++------------
 1 file changed, 2 insertions(+), 12 deletions(-)
Sending build context to Docker daemon  45.11MB
Step 1/94 : FROM golang:1.11.4 AS base
1.11.4: Pulling from library/golang
c5e4ba148bd1: Pulling fs layer
e4ab879437b7: Pulling fs layer
a26d08cd7690: Pulling fs layer
05dfbcf77830: Pulling fs layer
8c8a7e70110e: Pulling fs layer
3455ff1f6719: Pulling fs layer
f5c4a8ef739f: Pulling fs layer
05dfbcf77830: Waiting
8c8a7e70110e: Waiting
3455ff1f6719: Waiting
f5c4a8ef739f: Waiting
a26d08cd7690: Verifying Checksum
a26d08cd7690: Download complete
e4ab879437b7: Verifying Checksum
e4ab879437b7: Download complete
05dfbcf77830: Verifying Checksum
05dfbcf77830: Download complete
c5e4ba148bd1: Verifying Checksum
c5e4ba148bd1: Download complete
f5c4a8ef739f: Download complete
8c8a7e70110e: Verifying Checksum
8c8a7e70110e: Download complete
3455ff1f6719: Verifying Checksum
3455ff1f6719: Download complete
c5e4ba148bd1: Pull complete
e4ab879437b7: Pull complete
a26d08cd7690: Pull complete
05dfbcf77830: Pull complete
8c8a7e70110e: Pull complete
3455ff1f6719: Pull complete
f5c4a8ef739f: Pull complete
Digest: sha256:4f1cd313c3d59faa0ca93910f9d853bd74be7afbf6f6997aee06924415ec7dc9
Status: Downloaded newer image for golang:1.11.4
 ---> ee5c1a481166
Step 2/94 : ARG APT_MIRROR=deb.debian.org
 ---> Running in b353f5dabee6
Removing intermediate container b353f5dabee6
 ---> 606491852a57
Step 3/94 : RUN sed -ri "s/(httpredir|deb).debian.org/$APT_MIRROR/g" /etc/apt/sources.list
 ---> Running in dada4fe0d91c
Removing intermediate container dada4fe0d91c
 ---> 252dd7014f69
Step 4/94 : FROM base AS criu
 ---> 252dd7014f69
Step 5/94 : ENV CRIU_VERSION 3.6
 ---> Running in 74fd8cadfd6b
Removing intermediate container 74fd8cadfd6b
 ---> 1ed6f839dc22
Step 6/94 : RUN apt-get update && apt-get install -y 	libnet-dev 	libprotobuf-c0-dev 	libprotobuf-dev 	libnl-3-dev 	libcap-dev 	protobuf-compiler 	protobuf-c-compiler 	python-protobuf 	&& mkdir -p /usr/src/criu 	&& curl -sSL https://github.com/checkpoint-restore/criu/archive/v${CRIU_VERSION}.tar.gz | tar -C /usr/src/criu/ -xz --strip-components=1 	&& cd /usr/src/criu 	&& make 	&& make PREFIX=/build/ install-criu
 ---> Running in 5e4c78f86c42
Get:1 http://security.debian.org/debian-security stretch/updates InRelease [94.3 kB]
Ign:2 http://cdn-fastly.deb.debian.org/debian stretch InRelease
Get:3 http://cdn-fastly.deb.debian.org/debian stretch-updates InRelease [91.0 kB]
Get:4 http://security.debian.org/debian-security stretch/updates/main s390x Packages [447 kB]
Get:5 http://cdn-fastly.deb.debian.org/debian stretch Release [118 kB]
Get:6 http://cdn-fastly.deb.debian.org/debian stretch Release.gpg [2434 B]
Get:7 http://cdn-fastly.deb.debian.org/debian stretch-updates/main s390x Packages [5100 B]
Get:8 http://cdn-fastly.deb.debian.org/debian stretch/main s390x Packages [6859 kB]
Fetched 7616 kB in 1s (4500 kB/s)
Reading package lists...
Reading package lists...
Building dependency tree...
Reading state information...
The following additional packages will be installed:
  libnet1 libnl-3-200 libprotobuf-c1 libprotobuf-lite10 libprotobuf10
  libprotoc10 python-pkg-resources zlib1g-dev
Suggested packages:
  manpages-dev python-setuptools
The following NEW packages will be installed:
  libcap-dev libnet1 libnet1-dev libnl-3-200 libnl-3-dev libprotobuf-c-dev
  libprotobuf-c1 libprotobuf-dev libprotobuf-lite10 libprotobuf10 libprotoc10
  protobuf-c-compiler protobuf-compiler python-pkg-resources python-protobuf
  zlib1g-dev
0 upgraded, 16 newly installed, 0 to remove and 1 not upgraded.
Need to get 3476 kB of archives.
After this operation, 20.2 MB of additional disk space will be used.
Get:1 http://cdn-fastly.deb.debian.org/debian stretch/main s390x libnet1 s390x 1.1.6+dfsg-3 [57.1 kB]
Get:2 http://cdn-fastly.deb.debian.org/debian stretch/main s390x libcap-dev s390x 1:2.25-1 [30.1 kB]
Get:3 http://cdn-fastly.deb.debian.org/debian stretch/main s390x libnet1-dev s390x 1.1.6+dfsg-3 [114 kB]
Get:4 http://cdn-fastly.deb.debian.org/debian stretch/main s390x libnl-3-200 s390x 3.2.27-2 [59.3 kB]
Get:5 http://cdn-fastly.deb.debian.org/debian stretch/main s390x libnl-3-dev s390x 3.2.27-2 [96.2 kB]
Get:6 http://cdn-fastly.deb.debian.org/debian stretch/main s390x libprotobuf-c1 s390x 1.2.1-2 [25.1 kB]
Get:7 http://cdn-fastly.deb.debian.org/debian stretch/main s390x libprotobuf-c-dev s390x 1.2.1-2 [32.5 kB]
Get:8 http://cdn-fastly.deb.debian.org/debian stretch/main s390x zlib1g-dev s390x 1:1.2.8.dfsg-5 [204 kB]
Get:9 http://cdn-fastly.deb.debian.org/debian stretch/main s390x libprotobuf10 s390x 3.0.0-9 [648 kB]
Get:10 http://cdn-fastly.deb.debian.org/debian stretch/main s390x libprotobuf-lite10 s390x 3.0.0-9 [123 kB]
Get:11 http://cdn-fastly.deb.debian.org/debian stretch/main s390x libprotobuf-dev s390x 3.0.0-9 [925 kB]
Get:12 http://cdn-fastly.deb.debian.org/debian stretch/main s390x libprotoc10 s390x 3.0.0-9 [580 kB]
Get:13 http://cdn-fastly.deb.debian.org/debian stretch/main s390x protobuf-c-compiler s390x 1.2.1-2 [73.1 kB]
Get:14 http://cdn-fastly.deb.debian.org/debian stretch/main s390x protobuf-compiler s390x 3.0.0-9 [52.6 kB]
Get:15 http://cdn-fastly.deb.debian.org/debian stretch/main s390x python-pkg-resources all 33.1.1-1 [166 kB]
Get:16 http://cdn-fastly.deb.debian.org/debian stretch/main s390x python-protobuf s390x 3.0.0-9 [288 kB]
debconf: delaying package configuration, since apt-utils is not installed
Fetched 3476 kB in 0s (8557 kB/s)
Selecting previously unselected package libnet1:s390x.
(Reading database ... (Reading database ... 5%(Reading database ... 10%(Reading database ... 15%(Reading database ... 20%(Reading database ... 25%(Reading database ... 30%(Reading database ... 35%(Reading database ... 40%(Reading database ... 45%(Reading database ... 50%(Reading database ... 55%(Reading database ... 60%(Reading database ... 65%(Reading database ... 70%(Reading database ... 75%(Reading database ... 80%(Reading database ... 85%(Reading database ... 90%(Reading database ... 95%(Reading database ... 100%(Reading database ... 14826 files and directories currently installed.)
Preparing to unpack .../00-libnet1_1.1.6+dfsg-3_s390x.deb ...
Unpacking libnet1:s390x (1.1.6+dfsg-3) ...
Selecting previously unselected package libcap-dev:s390x.
Preparing to unpack .../01-libcap-dev_1%3a2.25-1_s390x.deb ...
Unpacking libcap-dev:s390x (1:2.25-1) ...
Selecting previously unselected package libnet1-dev.
Preparing to unpack .../02-libnet1-dev_1.1.6+dfsg-3_s390x.deb ...
Unpacking libnet1-dev (1.1.6+dfsg-3) ...
Selecting previously unselected package libnl-3-200:s390x.
Preparing to unpack .../03-libnl-3-200_3.2.27-2_s390x.deb ...
Unpacking libnl-3-200:s390x (3.2.27-2) ...
Selecting previously unselected package libnl-3-dev:s390x.
Preparing to unpack .../04-libnl-3-dev_3.2.27-2_s390x.deb ...
Unpacking libnl-3-dev:s390x (3.2.27-2) ...
Selecting previously unselected package libprotobuf-c1:s390x.
Preparing to unpack .../05-libprotobuf-c1_1.2.1-2_s390x.deb ...
Unpacking libprotobuf-c1:s390x (1.2.1-2) ...
Selecting previously unselected package libprotobuf-c-dev:s390x.
Preparing to unpack .../06-libprotobuf-c-dev_1.2.1-2_s390x.deb ...
Unpacking libprotobuf-c-dev:s390x (1.2.1-2) ...
Selecting previously unselected package zlib1g-dev:s390x.
Preparing to unpack .../07-zlib1g-dev_1%3a1.2.8.dfsg-5_s390x.deb ...
Unpacking zlib1g-dev:s390x (1:1.2.8.dfsg-5) ...
Selecting previously unselected package libprotobuf10:s390x.
Preparing to unpack .../08-libprotobuf10_3.0.0-9_s390x.deb ...
Unpacking libprotobuf10:s390x (3.0.0-9) ...
Selecting previously unselected package libprotobuf-lite10:s390x.
Preparing to unpack .../09-libprotobuf-lite10_3.0.0-9_s390x.deb ...
Unpacking libprotobuf-lite10:s390x (3.0.0-9) ...
Selecting previously unselected package libprotobuf-dev:s390x.
Preparing to unpack .../10-libprotobuf-dev_3.0.0-9_s390x.deb ...
Unpacking libprotobuf-dev:s390x (3.0.0-9) ...
Selecting previously unselected package libprotoc10:s390x.
Preparing to unpack .../11-libprotoc10_3.0.0-9_s390x.deb ...
Unpacking libprotoc10:s390x (3.0.0-9) ...
Selecting previously unselected package protobuf-c-compiler.
Preparing to unpack .../12-protobuf-c-compiler_1.2.1-2_s390x.deb ...
Unpacking protobuf-c-compiler (1.2.1-2) ...
Selecting previously unselected package protobuf-compiler.
Preparing to unpack .../13-protobuf-compiler_3.0.0-9_s390x.deb ...
Unpacking protobuf-compiler (3.0.0-9) ...
Selecting previously unselected package python-pkg-resources.
Preparing to unpack .../14-python-pkg-resources_33.1.1-1_all.deb ...
Unpacking python-pkg-resources (33.1.1-1) ...
Selecting previously unselected package python-protobuf.
Preparing to unpack .../15-python-protobuf_3.0.0-9_s390x.deb ...
Unpacking python-protobuf (3.0.0-9) ...
Setting up libnet1:s390x (1.1.6+dfsg-3) ...
Setting up libprotobuf-c1:s390x (1.2.1-2) ...
Setting up python-pkg-resources (33.1.1-1) ...
Setting up libnet1-dev (1.1.6+dfsg-3) ...
Setting up libprotobuf10:s390x (3.0.0-9) ...
Processing triggers for libc-bin (2.24-11+deb9u3) ...
Setting up python-protobuf (3.0.0-9) ...
Setting up libcap-dev:s390x (1:2.25-1) ...
Setting up libprotobuf-c-dev:s390x (1.2.1-2) ...
Setting up libnl-3-200:s390x (3.2.27-2) ...
Setting up libprotobuf-lite10:s390x (3.0.0-9) ...
Setting up libprotoc10:s390x (3.0.0-9) ...
Setting up protobuf-c-compiler (1.2.1-2) ...
Setting up zlib1g-dev:s390x (1:1.2.8.dfsg-5) ...
Setting up protobuf-compiler (3.0.0-9) ...
Setting up libprotobuf-dev:s390x (3.0.0-9) ...
Setting up libnl-3-dev:s390x (3.2.27-2) ...
Processing triggers for libc-bin (2.24-11+deb9u3) ...
fatal: Not a git repository (or any of the parent directories): .git
  GEN      .gitid
  GEN      criu/include/version.h
  GEN      include/common/asm
  PBCC     images/google/protobuf/descriptor.pb-c.c
  PBCC     images/opts.pb-c.c
  PBCC     images/sit.pb-c.c
  DEP      images/google/protobuf/descriptor.pb-c.d
  DEP      images/opts.pb-c.d
  DEP      images/sit.pb-c.d
  PBCC     images/macvlan.pb-c.c
  DEP      images/macvlan.pb-c.d
  PBCC     images/autofs.pb-c.c
  DEP      images/autofs.pb-c.d
  PBCC     images/sysctl.pb-c.c
  DEP      images/sysctl.pb-c.d
  PBCC     images/time.pb-c.c
  DEP      images/time.pb-c.d
  PBCC     images/binfmt-misc.pb-c.c
  DEP      images/binfmt-misc.pb-c.d
  PBCC     images/seccomp.pb-c.c
  DEP      images/seccomp.pb-c.d
  PBCC     images/userns.pb-c.c
  DEP      images/userns.pb-c.d
  PBCC     images/cgroup.pb-c.c
  DEP      images/cgroup.pb-c.d
  PBCC     images/fown.pb-c.c
  PBCC     images/ext-file.pb-c.c
  DEP      images/fown.pb-c.d
  DEP      images/ext-file.pb-c.d
  PBCC     images/rpc.pb-c.c
  DEP      images/rpc.pb-c.d
  PBCC     images/siginfo.pb-c.c
  DEP      images/siginfo.pb-c.d
  PBCC     images/pagemap.pb-c.c
  DEP      images/pagemap.pb-c.d
  PBCC     images/rlimit.pb-c.c
  DEP      images/rlimit.pb-c.d
  PBCC     images/file-lock.pb-c.c
  DEP      images/file-lock.pb-c.d
  PBCC     images/tty.pb-c.c
  DEP      images/tty.pb-c.d
  PBCC     images/tun.pb-c.c
  PBCC     images/netdev.pb-c.c
  DEP      images/tun.pb-c.d
  DEP      images/netdev.pb-c.d
  PBCC     images/vma.pb-c.c
  DEP      images/vma.pb-c.d
  PBCC     images/creds.pb-c.c
  DEP      images/creds.pb-c.d
  PBCC     images/utsns.pb-c.c
  DEP      images/utsns.pb-c.d
  PBCC     images/ipc-desc.pb-c.c
  PBCC     images/ipc-sem.pb-c.c
  DEP      images/ipc-desc.pb-c.d
  DEP      images/ipc-sem.pb-c.d
  PBCC     images/ipc-msg.pb-c.c
  DEP      images/ipc-msg.pb-c.d
  PBCC     images/ipc-shm.pb-c.c
  DEP      images/ipc-shm.pb-c.d
  PBCC     images/ipc-var.pb-c.c
  DEP      images/ipc-var.pb-c.d
  PBCC     images/sk-opts.pb-c.c
  PBCC     images/packet-sock.pb-c.c
  DEP      images/sk-opts.pb-c.d
  DEP      images/packet-sock.pb-c.d
  PBCC     images/sk-netlink.pb-c.c
  DEP      images/sk-netlink.pb-c.d
  PBCC     images/sk-inet.pb-c.c
  DEP      images/sk-inet.pb-c.d
  PBCC     images/sk-unix.pb-c.c
  DEP      images/sk-unix.pb-c.d
  PBCC     images/mm.pb-c.c
  DEP      images/mm.pb-c.d
  PBCC     images/timerfd.pb-c.c
  DEP      images/timerfd.pb-c.d
  PBCC     images/timer.pb-c.c
  DEP      images/timer.pb-c.d
  PBCC     images/sa.pb-c.c
  DEP      images/sa.pb-c.d
  PBCC     images/pipe-data.pb-c.c
  DEP      images/pipe-data.pb-c.d
  PBCC     images/mnt.pb-c.c
  DEP      images/mnt.pb-c.d
  PBCC     images/sk-packet.pb-c.c
  DEP      images/sk-packet.pb-c.d
  PBCC     images/tcp-stream.pb-c.c
  DEP      images/tcp-stream.pb-c.d
  PBCC     images/pipe.pb-c.c
  DEP      images/pipe.pb-c.d
  PBCC     images/pstree.pb-c.c
  DEP      images/pstree.pb-c.d
  PBCC     images/fs.pb-c.c
  DEP      images/fs.pb-c.d
  PBCC     images/signalfd.pb-c.c
  DEP      images/signalfd.pb-c.d
  PBCC     images/fh.pb-c.c
  PBCC     images/fsnotify.pb-c.c
  DEP      images/fh.pb-c.d
  DEP      images/fsnotify.pb-c.d
  PBCC     images/eventpoll.pb-c.c
  DEP      images/eventpoll.pb-c.d
  PBCC     images/eventfd.pb-c.c
  DEP      images/eventfd.pb-c.d
  PBCC     images/remap-file-path.pb-c.c
  DEP      images/remap-file-path.pb-c.d
  PBCC     images/fifo.pb-c.c
  DEP      images/fifo.pb-c.d
  PBCC     images/ghost-file.pb-c.c
  DEP      images/ghost-file.pb-c.d
  PBCC     images/regfile.pb-c.c
  DEP      images/regfile.pb-c.d
  PBCC     images/ns.pb-c.c
  DEP      images/ns.pb-c.d
  PBCC     images/fdinfo.pb-c.c
  DEP      images/fdinfo.pb-c.d
  PBCC     images/core-aarch64.pb-c.c
  PBCC     images/core-arm.pb-c.c
  PBCC     images/core-ppc64.pb-c.c
  PBCC     images/core-s390.pb-c.c
  PBCC     images/core-x86.pb-c.c
  PBCC     images/core.pb-c.c
  PBCC     images/inventory.pb-c.c
  DEP      images/core-aarch64.pb-c.d
  DEP      images/core-arm.pb-c.d
  DEP      images/core-ppc64.pb-c.d
  DEP      images/core-s390.pb-c.d
  DEP      images/core-x86.pb-c.d
  DEP      images/core.pb-c.d
  DEP      images/inventory.pb-c.d
  PBCC     images/cpuinfo.pb-c.c
  DEP      images/cpuinfo.pb-c.d
  PBCC     images/stats.pb-c.c
  DEP      images/stats.pb-c.d
make[1]: Nothing to be done for 'all'.
  CC       images/stats.o
  CC       images/core.o
  CC       images/core-x86.o
  CC       images/core-arm.o
  CC       images/core-aarch64.o
  CC       images/core-ppc64.o
  CC       images/core-s390.o
  CC       images/cpuinfo.o
  CC       images/inventory.o
  CC       images/fdinfo.o
  CC       images/fown.o
  CC       images/ns.o
  CC       images/regfile.o
  CC       images/ghost-file.o
  CC       images/fifo.o
  CC       images/remap-file-path.o
  CC       images/eventfd.o
  CC       images/eventpoll.o
  CC       images/fh.o
  CC       images/fsnotify.o
  CC       images/signalfd.o
  CC       images/fs.o
  CC       images/pstree.o
  CC       images/pipe.o
  CC       images/tcp-stream.o
  CC       images/sk-packet.o
  CC       images/mnt.o
  CC       images/pipe-data.o
  CC       images/sa.o
  CC       images/timer.o
  CC       images/timerfd.o
  CC       images/mm.o
  CC       images/sk-opts.o
  CC       images/sk-unix.o
  CC       images/sk-inet.o
  CC       images/tun.o
  CC       images/sk-netlink.o
  CC       images/packet-sock.o
  CC       images/ipc-var.o
  CC       images/ipc-desc.o
  CC       images/ipc-shm.o
  CC       images/ipc-msg.o
  CC       images/ipc-sem.o
  CC       images/utsns.o
  CC       images/creds.o
  CC       images/vma.o
  CC       images/netdev.o
  CC       images/tty.o
  CC       images/file-lock.o
  CC       images/rlimit.o
  CC       images/pagemap.o
  CC       images/siginfo.o
  CC       images/rpc.o
  CC       images/ext-file.o
  CC       images/cgroup.o
  CC       images/userns.o
  CC       images/google/protobuf/descriptor.o
  CC       images/opts.o
  CC       images/seccomp.o
  CC       images/binfmt-misc.o
  CC       images/time.o
  CC       images/sysctl.o
  CC       images/autofs.o
  CC       images/macvlan.o
  CC       images/sit.o
  LINK     images/built-in.o
  GEN      compel/include/asm
  GEN      compel/include/version.h
touch .config
  GEN      criu/include/config.h
  DEP      compel/arch/s390/plugins/std/syscalls/syscalls-s390.d
  GEN      compel/plugins/include/uapi/std/syscall-codes.h
  GEN      compel/plugins/include/uapi/std/syscall.h
  GEN      compel/arch/s390/plugins/std/syscalls/syscalls.S
  DEP      compel/arch/s390/plugins/std/syscalls/syscalls.d
  DEP      compel/arch/s390/plugins/std/parasite-head.d
  GEN      compel/plugins/include/uapi/std/asm/syscall-types.h
  DEP      compel/plugins/std/infect.d
  DEP      compel/plugins/std/string.d
  DEP      compel/plugins/std/log.d
  DEP      compel/plugins/std/fds.d
  DEP      compel/plugins/std/std.d
  DEP      compel/plugins/shmem/shmem.d
  DEP      compel/plugins/fds/fds.d
  CC       compel/plugins/std/std.o
  CC       compel/plugins/std/fds.o
  CC       compel/plugins/std/log.o
  CC       compel/plugins/std/string.o
  CC       compel/plugins/std/infect.o
  CC       compel/arch/s390/plugins/std/parasite-head.o
  CC       compel/arch/s390/plugins/std/syscalls/syscalls.o
  CC       compel/arch/s390/plugins/std/syscalls/syscalls-s390.o
  AR       compel/plugins/std.lib.a
  CC       compel/plugins/fds/fds.o
  AR       compel/plugins/fds.lib.a
  HOSTDEP  compel/src/lib/log-host.d
  HOSTDEP  compel/src/lib/handle-elf-host.d
  HOSTDEP  compel/arch/s390/src/lib/handle-elf-host.d
  HOSTDEP  compel/src/main-host.d
  DEP      compel/src/main.d
  DEP      compel/src/lib/handle-elf.d
  DEP      compel/arch/s390/src/lib/handle-elf.d
  DEP      compel/src/lib/ptrace.d
  DEP      compel/src/lib/infect.d
  DEP      compel/src/lib/infect-util.d
  DEP      compel/src/lib/infect-rpc.d
  DEP      compel/arch/s390/src/lib/infect.d
  DEP      compel/arch/s390/src/lib/cpu.d
  DEP      compel/src/lib/log.d
  CC       compel/src/lib/log.o
  CC       compel/arch/s390/src/lib/cpu.o
  CC       compel/arch/s390/src/lib/infect.o
  CC       compel/src/lib/infect-rpc.o
  CC       compel/src/lib/infect-util.o
  CC       compel/src/lib/infect.o
  CC       compel/src/lib/ptrace.o
  AR       compel/libcompel.a
  HOSTCC   compel/src/main-host.o
  HOSTCC   compel/arch/s390/src/lib/handle-elf-host.o
  HOSTCC   compel/src/lib/handle-elf-host.o
  HOSTCC   compel/src/lib/log-host.o
  HOSTLINK compel/compel-host-bin
  DEP      soccr/soccr.d
  CC       soccr/soccr.o
  AR       soccr/libsoccr.a
make[1]: 'soccr/libsoccr.a' is up to date.
  DEP      criu/arch/s390/sigframe.d
  DEP      criu/arch/s390/crtools.d
  DEP      criu/arch/s390/cpu.d
  CC       criu/arch/s390/cpu.o
  CC       criu/arch/s390/crtools.o
  CC       criu/arch/s390/sigframe.o
  LINK     criu/arch/s390/crtools.built-in.o
  DEP      criu/arch/s390/vdso-pie.d
  DEP      criu/pie/parasite-vdso.d
  DEP      criu/pie/util-vdso.d
  DEP      criu/pie/util.d
  CC       criu/pie/util.o
  CC       criu/pie/util-vdso.o
  CC       criu/pie/parasite-vdso.o
  CC       criu/arch/s390/vdso-pie.o
  AR       criu/pie/pie.lib.a
  DEP      criu/pie/restorer.d
  DEP      criu/arch/s390/restorer.d
  DEP      criu/pie/parasite.d
  CC       criu/pie/parasite.o
  LINK     criu/pie/parasite.built-in.o
  GEN      criu/pie/parasite-blob.h
  CC       criu/arch/s390/restorer.o
  CC       criu/pie/restorer.o
  LINK     criu/pie/restorer.built-in.o
  GEN      criu/pie/restorer-blob.h
  DEP      criu/vdso.d
  DEP      criu/uts_ns.d
  DEP      criu/util.d
  DEP      criu/uffd.d
  DEP      criu/tun.d
  DEP      criu/tty.d
  DEP      criu/timerfd.d
  DEP      criu/sysfs_parse.d
  DEP      criu/sysctl.d
  DEP      criu/string.d
  DEP      criu/stats.d
  DEP      criu/sockets.d
  DEP      criu/sk-unix.d
  DEP      criu/sk-tcp.d
  DEP      criu/sk-queue.d
  DEP      criu/sk-packet.d
  DEP      criu/sk-netlink.d
  DEP      criu/sk-inet.d
  DEP      criu/signalfd.d
  DEP      criu/sigframe.d
  DEP      criu/shmem.d
  DEP      criu/seize.d
  DEP      criu/seccomp.d
  DEP      criu/rst-malloc.d
  DEP      criu/rbtree.d
  DEP      criu/pstree.d
  DEP      criu/protobuf.d
  GEN      criu/protobuf-desc-gen.h
  DEP      criu/protobuf-desc.d
  DEP      criu/proc_parse.d
  DEP      criu/plugin.d
  DEP      criu/pipes.d
  DEP      criu/pie-util.d
  DEP      criu/pie-util-vdso.d
  DEP      criu/pie-util-vdso-elf32.d
  DEP      criu/path.d
  DEP      criu/parasite-syscall.d
  DEP      criu/pagemap.d
  DEP      criu/pagemap-cache.d
  DEP      criu/page-xfer.d
  DEP      criu/page-pipe.d
  DEP      criu/netfilter.d
  DEP      criu/net.d
  DEP      criu/namespaces.d
  DEP      criu/mount.d
  DEP      criu/mem.d
  DEP      criu/lsm.d
  DEP      criu/log.d
  DEP      criu/libnetlink.d
  DEP      criu/kerndat.d
  DEP      criu/kcmp-ids.d
  DEP      criu/irmap.d
  DEP      criu/ipc_ns.d
  DEP      criu/image.d
  DEP      criu/image-desc.d
  DEP      criu/fsnotify.d
  DEP      criu/filesystems.d
  DEP      criu/files.d
  DEP      criu/files-reg.d
  DEP      criu/files-ext.d
  DEP      criu/file-lock.d
  DEP      criu/file-ids.d
  DEP      criu/fifo.d
  DEP      criu/fdstore.d
  DEP      criu/fault-injection.d
  DEP      criu/external.d
  DEP      criu/eventpoll.d
  DEP      criu/eventfd.d
  DEP      criu/crtools.d
  DEP      criu/cr-service.d
  DEP      criu/cr-restore.d
  DEP      criu/cr-errno.d
  DEP      criu/cr-dump.d
  DEP      criu/cr-dedup.d
  DEP      criu/cr-check.d
  DEP      criu/clone-noasan.d
  DEP      criu/cgroup.d
  DEP      criu/cgroup-props.d
  DEP      criu/bitmap.d
  DEP      criu/bfd.d
  DEP      criu/autofs.d
  DEP      criu/aio.d
  DEP      criu/action-scripts.d
  CC       criu/action-scripts.o
  CC       criu/aio.o
  CC       criu/autofs.o
  CC       criu/bfd.o
  CC       criu/bitmap.o
  CC       criu/cgroup-props.o
  CC       criu/cgroup.o
  CC       criu/clone-noasan.o
  CC       criu/cr-check.o
  CC       criu/cr-dedup.o
  CC       criu/cr-dump.o
  CC       criu/cr-errno.o
  CC       criu/cr-restore.o
  CC       criu/cr-service.o
  CC       criu/crtools.o
  CC       criu/eventfd.o
  CC       criu/eventpoll.o
  CC       criu/external.o
  CC       criu/fault-injection.o
  CC       criu/fdstore.o
  CC       criu/fifo.o
  CC       criu/file-ids.o
  CC       criu/file-lock.o
  CC       criu/files-ext.o
  CC       criu/files-reg.o
  CC       criu/files.o
  CC       criu/filesystems.o
  CC       criu/fsnotify.o
  CC       criu/image-desc.o
  CC       criu/image.o
  CC       criu/ipc_ns.o
  CC       criu/irmap.o
  CC       criu/kcmp-ids.o
  CC       criu/kerndat.o
  CC       criu/libnetlink.o
  CC       criu/log.o
  CC       criu/lsm.o
  CC       criu/mem.o
  CC       criu/mount.o
  CC       criu/namespaces.o
  CC       criu/net.o
  CC       criu/netfilter.o
  CC       criu/page-pipe.o
  CC       criu/page-xfer.o
  CC       criu/pagemap-cache.o
  CC       criu/pagemap.o
  CC       criu/parasite-syscall.o
  CC       criu/path.o
  CC       criu/pie-util-vdso-elf32.o
  CC       criu/pie-util-vdso.o
  CC       criu/pie-util.o
  CC       criu/pipes.o
  CC       criu/plugin.o
  CC       criu/proc_parse.o
  CC       criu/protobuf-desc.o
  CC       criu/protobuf.o
  CC       criu/pstree.o
  CC       criu/rbtree.o
  CC       criu/rst-malloc.o
  CC       criu/seccomp.o
  CC       criu/seize.o
  CC       criu/shmem.o
  CC       criu/sigframe.o
  CC       criu/signalfd.o
  CC       criu/sk-inet.o
  CC       criu/sk-netlink.o
  CC       criu/sk-packet.o
  CC       criu/sk-queue.o
  CC       criu/sk-tcp.o
  CC       criu/sk-unix.o
  CC       criu/sockets.o
  CC       criu/stats.o
  CC       criu/string.o
  CC       criu/sysctl.o
  CC       criu/sysfs_parse.o
  CC       criu/timerfd.o
  CC       criu/tty.o
  CC       criu/tun.o
  CC       criu/uffd.o
  CC       criu/util.o
  CC       criu/uts_ns.o
  CC       criu/vdso.o
  LINK     criu/built-in.o
  LINK     criu/criu
  DEP      lib/c/criu.d
  CC       images/rpc.pb-c.o
  CC       lib/c/criu.o
  LINK     lib/c/built-in.o
  LINK     lib/c/libcriu.so
  GEN      magic.py
fatal: Not a git repository (or any of the parent directories): .git
make[1]: Nothing to be done for 'all'.
make[1]: 'images/built-in.o' is up to date.
make[1]: 'compel/plugins/std.lib.a' is up to date.
make[1]: 'compel/plugins/fds.lib.a' is up to date.
make[1]: 'compel/libcompel.a' is up to date.
make[1]: 'compel/compel-host-bin' is up to date.
make[1]: Nothing to be done for 'all'.
make[1]: 'soccr/libsoccr.a' is up to date.
make[2]: Nothing to be done for 'all'.
make[2]: Nothing to be done for 'all'.
make[2]: Nothing to be done for 'all'.
make[2]: Nothing to be done for 'all'.
make[2]: Nothing to be done for 'all'.
make[2]: Nothing to be done for 'all'.
make[2]: Nothing to be done for 'all'.
make[2]: Nothing to be done for 'all'.
  INSTALL  criu/criu
Removing intermediate container 5e4c78f86c42
 ---> 544fe7415abf
Step 7/94 : FROM base AS registry
 ---> 252dd7014f69
Step 8/94 : ENV REGISTRY_COMMIT_SCHEMA1 ec87e9b6971d831f0eff752ddb54fb64693e51cd
 ---> Running in 35678e8a7a79
Removing intermediate container 35678e8a7a79
 ---> 5e3213792986
Step 9/94 : ENV REGISTRY_COMMIT 47a064d4195a9b56133891bbb13620c3ac83a827
 ---> Running in 094d8c895c6f
Removing intermediate container 094d8c895c6f
 ---> 6359159dee07
Step 10/94 : RUN set -x 	&& export GOPATH="$(mktemp -d)" 	&& git clone https://github.com/docker/distribution.git "$GOPATH/src/github.com/docker/distribution" 	&& (cd "$GOPATH/src/github.com/docker/distribution" && git checkout -q "$REGISTRY_COMMIT") 	&& GOPATH="$GOPATH/src/github.com/docker/distribution/Godeps/_workspace:$GOPATH" 		go build -buildmode=pie -o /build/registry-v2 github.com/docker/distribution/cmd/registry 	&& case $(dpkg --print-architecture) in 		amd64|ppc64*|s390x) 		(cd "$GOPATH/src/github.com/docker/distribution" && git checkout -q "$REGISTRY_COMMIT_SCHEMA1"); 		GOPATH="$GOPATH/src/github.com/docker/distribution/Godeps/_workspace:$GOPATH"; 			go build -buildmode=pie -o /build/registry-v2-schema1 github.com/docker/distribution/cmd/registry; 		;; 	   esac 	&& rm -rf "$GOPATH"
 ---> Running in bbbe87ae80af
+ mktemp -d
+ export GOPATH=/tmp/tmp.zLOELyNeii
+ git clone https://github.com/docker/distribution.git /tmp/tmp.zLOELyNeii/src/github.com/docker/distribution
Cloning into '/tmp/tmp.zLOELyNeii/src/github.com/docker/distribution'...
+ cd /tmp/tmp.zLOELyNeii/src/github.com/docker/distribution
+ git checkout -q 47a064d4195a9b56133891bbb13620c3ac83a827
+ GOPATH=/tmp/tmp.zLOELyNeii/src/github.com/docker/distribution/Godeps/_workspace:/tmp/tmp.zLOELyNeii go build -buildmode=pie -o /build/registry-v2 github.com/docker/distribution/cmd/registry
+ dpkg --print-architecture
+ cd /tmp/tmp.zLOELyNeii/src/github.com/docker/distribution
+ git checkout -q ec87e9b6971d831f0eff752ddb54fb64693e51cd
+ GOPATH=/tmp/tmp.zLOELyNeii/src/github.com/docker/distribution/Godeps/_workspace:/tmp/tmp.zLOELyNeii
+ go build -buildmode=pie -o /build/registry-v2-schema1 github.com/docker/distribution/cmd/registry
+ rm -rf /tmp/tmp.zLOELyNeii/src/github.com/docker/distribution/Godeps/_workspace:/tmp/tmp.zLOELyNeii
Removing intermediate container bbbe87ae80af
 ---> 6071043d1dc5
Step 11/94 : FROM base AS docker-py
 ---> 252dd7014f69
Step 12/94 : ENV DOCKER_PY_COMMIT 8b246db271a85d6541dc458838627e89c683e42f
 ---> Running in dbda3b71c09d
Removing intermediate container dbda3b71c09d
 ---> 086a29f7b16a
Step 13/94 : RUN git clone https://github.com/docker/docker-py.git /build 	&& cd /build 	&& git checkout -q $DOCKER_PY_COMMIT
 ---> Running in 25479b06406b
Cloning into '/build'...
Removing intermediate container 25479b06406b
 ---> 5c680dd74935
Step 14/94 : FROM base AS swagger
 ---> 252dd7014f69
Step 15/94 : ENV GO_SWAGGER_COMMIT c28258affb0b6251755d92489ef685af8d4ff3eb
 ---> Running in 68d8970c999f
Removing intermediate container 68d8970c999f
 ---> 5429c9f69b63
Step 16/94 : RUN set -x 	&& export GOPATH="$(mktemp -d)" 	&& git clone https://github.com/go-swagger/go-swagger.git "$GOPATH/src/github.com/go-swagger/go-swagger" 	&& (cd "$GOPATH/src/github.com/go-swagger/go-swagger" && git checkout -q "$GO_SWAGGER_COMMIT") 	&& go build -o /build/swagger github.com/go-swagger/go-swagger/cmd/swagger 	&& rm -rf "$GOPATH"
 ---> Running in 8ab6968788dc
+ mktemp -d
+ export GOPATH=/tmp/tmp.XAc9AD3DI0
+ git clone https://github.com/go-swagger/go-swagger.git /tmp/tmp.XAc9AD3DI0/src/github.com/go-swagger/go-swagger
Cloning into '/tmp/tmp.XAc9AD3DI0/src/github.com/go-swagger/go-swagger'...
+ cd /tmp/tmp.XAc9AD3DI0/src/github.com/go-swagger/go-swagger
+ git checkout -q c28258affb0b6251755d92489ef685af8d4ff3eb
+ go build -o /build/swagger github.com/go-swagger/go-swagger/cmd/swagger
+ rm -rf /tmp/tmp.XAc9AD3DI0
Removing intermediate container 8ab6968788dc
 ---> 0c1c632edd78
Step 17/94 : FROM base AS frozen-images
 ---> 252dd7014f69
Step 18/94 : RUN apt-get update && apt-get install -y jq ca-certificates --no-install-recommends
 ---> Running in 72a69996cc44
Get:1 http://security.debian.org/debian-security stretch/updates InRelease [94.3 kB]
Get:2 http://security.debian.org/debian-security stretch/updates/main s390x Packages [447 kB]
Ign:3 http://cdn-fastly.deb.debian.org/debian stretch InRelease
Get:4 http://cdn-fastly.deb.debian.org/debian stretch-updates InRelease [91.0 kB]
Get:5 http://cdn-fastly.deb.debian.org/debian stretch Release [118 kB]
Get:6 http://cdn-fastly.deb.debian.org/debian stretch-updates/main s390x Packages [5100 B]
Get:7 http://cdn-fastly.deb.debian.org/debian stretch Release.gpg [2434 B]
Get:8 http://cdn-fastly.deb.debian.org/debian stretch/main s390x Packages [6859 kB]
Fetched 7616 kB in 2s (3042 kB/s)
Reading package lists...
Reading package lists...
Building dependency tree...
Reading state information...
ca-certificates is already the newest version (20161130+nmu1+deb9u1).
The following additional packages will be installed:
  libjq1 libonig4
The following NEW packages will be installed:
  jq libjq1 libonig4
0 upgraded, 3 newly installed, 0 to remove and 1 not upgraded.
Need to get 328 kB of archives.
After this operation, 1263 kB of additional disk space will be used.
Get:1 http://cdn-fastly.deb.debian.org/debian stretch/main s390x libonig4 s390x 6.1.3-2 [142 kB]
Get:2 http://cdn-fastly.deb.debian.org/debian stretch/main s390x libjq1 s390x 1.5+dfsg-1.3 [126 kB]
Get:3 http://cdn-fastly.deb.debian.org/debian stretch/main s390x jq s390x 1.5+dfsg-1.3 [59.2 kB]
debconf: delaying package configuration, since apt-utils is not installed
Fetched 328 kB in 0s (575 kB/s)
Selecting previously unselected package libonig4:s390x.
(Reading database ... (Reading database ... 5%(Reading database ... 10%(Reading database ... 15%(Reading database ... 20%(Reading database ... 25%(Reading database ... 30%(Reading database ... 35%(Reading database ... 40%(Reading database ... 45%(Reading database ... 50%(Reading database ... 55%(Reading database ... 60%(Reading database ... 65%(Reading database ... 70%(Reading database ... 75%(Reading database ... 80%(Reading database ... 85%(Reading database ... 90%(Reading database ... 95%(Reading database ... 100%(Reading database ... 14826 files and directories currently installed.)
Preparing to unpack .../libonig4_6.1.3-2_s390x.deb ...
Unpacking libonig4:s390x (6.1.3-2) ...
Selecting previously unselected package libjq1:s390x.
Preparing to unpack .../libjq1_1.5+dfsg-1.3_s390x.deb ...
Unpacking libjq1:s390x (1.5+dfsg-1.3) ...
Selecting previously unselected package jq.
Preparing to unpack .../jq_1.5+dfsg-1.3_s390x.deb ...
Unpacking jq (1.5+dfsg-1.3) ...
Setting up libonig4:s390x (6.1.3-2) ...
Setting up libjq1:s390x (1.5+dfsg-1.3) ...
Processing triggers for libc-bin (2.24-11+deb9u3) ...
Setting up jq (1.5+dfsg-1.3) ...
Removing intermediate container 72a69996cc44
 ---> 55bfc49c9255
Step 19/94 : COPY contrib/download-frozen-image-v2.sh /
 ---> 189ea351e086
Step 20/94 : RUN /download-frozen-image-v2.sh /build 	buildpack-deps:jessie@sha256:dd86dced7c9cd2a724e779730f0a53f93b7ef42228d4344b25ce9a42a1486251 	busybox:latest@sha256:bbc3a03235220b170ba48a157dd097dd1379299370e1ed99ce976df0355d24f0 	busybox:glibc@sha256:0b55a30394294ab23b9afd58fab94e61a923f5834fba7ddbae7f8e0c11ba85e6 	debian:jessie@sha256:287a20c5f73087ab406e6b364833e3fb7b3ae63ca0eb3486555dc27ed32c6e60 	hello-world:latest@sha256:be0cd392e45be79ffeffa6b05338b98ebb16c87b255f48e297ec7f98e123905c
 ---> Running in 2bdb9357f5a4
Downloading 'library/buildpack-deps:jessie@sha256:dd86dced7c9cd2a724e779730f0a53f93b7ef42228d4344b25ce9a42a1486251' (4 layers)...
######################################################################## 100.0%
########                                                                  11.3%##################                                                        25.9%#############################                                             40.6%##################################                                        47.8%############################################                              62.5%#####################################################                     74.7%################################################################          89.3%######################################################################## 100.0%
######################################################################## 100.0%
################                                                          22.4%############################################                              61.9%######################################################################## 100.0%
######################################################################## 100.0%
########                                                                  11.5%#####################                                                     29.3%#################################                                         47.1%##############################################                            64.9%##########################################################                81.7%#####################################################################     97.1%######################################################################## 100.0%
######################################################################## 100.0%
##                                                                         3.2%#######                                                                    9.8%###########                                                               16.4%################                                                          23.0%#####################                                                     29.7%##########################                                                36.3%##############################                                            41.9%##################################                                        48.6%#######################################                                   54.7%###########################################                               60.3%################################################                          67.0%####################################################                      73.6%#########################################################                 80.2%#############################################################             85.9%##################################################################        92.5%######################################################################    98.1%######################################################################## 100.0%

Downloading 'library/busybox:latest@sha256:bbc3a03235220b170ba48a157dd097dd1379299370e1ed99ce976df0355d24f0' (1 layers)...
######################################################################## 100.0%
######################################################################## 100.0%

Downloading 'library/busybox:glibc@sha256:0b55a30394294ab23b9afd58fab94e61a923f5834fba7ddbae7f8e0c11ba85e6' (1 layers)...
######################################################################## 100.0%
######################################################################## 100.0%

Downloading 'library/debian:jessie@sha256:287a20c5f73087ab406e6b364833e3fb7b3ae63ca0eb3486555dc27ed32c6e60' (1 layers)...
skipping existing b63cc5f62c21

Downloading 'library/hello-world:latest@sha256:be0cd392e45be79ffeffa6b05338b98ebb16c87b255f48e297ec7f98e123905c' (1 layers)...
######################################################################## 100.0%
######################################################################## 100.0%

Download of images into '/build' complete.
Use something like the following to load the result into a Docker daemon:
  tar -cC '/build' . | docker load
Removing intermediate container 2bdb9357f5a4
 ---> 5415c2b0456a
Step 21/94 : FROM base AS runtime-dev
 ---> 252dd7014f69
Step 22/94 : RUN apt-get update && apt-get install -y 	libapparmor-dev 	libseccomp-dev
 ---> Running in ebe42e71e1d8
Get:1 http://security.debian.org/debian-security stretch/updates InRelease [94.3 kB]
Ign:2 http://cdn-fastly.deb.debian.org/debian stretch InRelease
Get:3 http://cdn-fastly.deb.debian.org/debian stretch-updates InRelease [91.0 kB]
Get:4 http://security.debian.org/debian-security stretch/updates/main s390x Packages [447 kB]
Get:5 http://cdn-fastly.deb.debian.org/debian stretch Release [118 kB]
Get:6 http://cdn-fastly.deb.debian.org/debian stretch-updates/main s390x Packages [5100 B]
Get:7 http://cdn-fastly.deb.debian.org/debian stretch Release.gpg [2434 B]
Get:8 http://cdn-fastly.deb.debian.org/debian stretch/main s390x Packages [6859 kB]
Fetched 7616 kB in 2s (3153 kB/s)
Reading package lists...
Reading package lists...
Building dependency tree...
Reading state information...
The following additional packages will be installed:
  libapparmor1 libseccomp2
Suggested packages:
  seccomp
The following NEW packages will be installed:
  libapparmor-dev libapparmor1 libseccomp-dev libseccomp2
0 upgraded, 4 newly installed, 0 to remove and 1 not upgraded.
Need to get 301 kB of archives.
After this operation, 1402 kB of additional disk space will be used.
Get:1 http://cdn-fastly.deb.debian.org/debian stretch/main s390x libseccomp2 s390x 2.3.1-2.1+deb9u1 [41.3 kB]
Get:2 http://cdn-fastly.deb.debian.org/debian stretch/main s390x libseccomp-dev s390x 2.3.1-2.1+deb9u1 [61.6 kB]
Get:3 http://cdn-fastly.deb.debian.org/debian stretch/main s390x libapparmor1 s390x 2.11.0-3+deb9u2 [78.6 kB]
Get:4 http://cdn-fastly.deb.debian.org/debian stretch/main s390x libapparmor-dev s390x 2.11.0-3+deb9u2 [119 kB]
debconf: delaying package configuration, since apt-utils is not installed
Fetched 301 kB in 0s (615 kB/s)
Selecting previously unselected package libseccomp2:s390x.
(Reading database ... (Reading database ... 5%(Reading database ... 10%(Reading database ... 15%(Reading database ... 20%(Reading database ... 25%(Reading database ... 30%(Reading database ... 35%(Reading database ... 40%(Reading database ... 45%(Reading database ... 50%(Reading database ... 55%(Reading database ... 60%(Reading database ... 65%(Reading database ... 70%(Reading database ... 75%(Reading database ... 80%(Reading database ... 85%(Reading database ... 90%(Reading database ... 95%(Reading database ... 100%(Reading database ... 14826 files and directories currently installed.)
Preparing to unpack .../libseccomp2_2.3.1-2.1+deb9u1_s390x.deb ...
Unpacking libseccomp2:s390x (2.3.1-2.1+deb9u1) ...
Selecting previously unselected package libseccomp-dev:s390x.
Preparing to unpack .../libseccomp-dev_2.3.1-2.1+deb9u1_s390x.deb ...
Unpacking libseccomp-dev:s390x (2.3.1-2.1+deb9u1) ...
Selecting previously unselected package libapparmor1:s390x.
Preparing to unpack .../libapparmor1_2.11.0-3+deb9u2_s390x.deb ...
Unpacking libapparmor1:s390x (2.11.0-3+deb9u2) ...
Selecting previously unselected package libapparmor-dev:s390x.
Preparing to unpack .../libapparmor-dev_2.11.0-3+deb9u2_s390x.deb ...
Unpacking libapparmor-dev:s390x (2.11.0-3+deb9u2) ...
Processing triggers for libc-bin (2.24-11+deb9u3) ...
Setting up libseccomp2:s390x (2.3.1-2.1+deb9u1) ...
Setting up libapparmor1:s390x (2.11.0-3+deb9u2) ...
Setting up libseccomp-dev:s390x (2.3.1-2.1+deb9u1) ...
Setting up libapparmor-dev:s390x (2.11.0-3+deb9u2) ...
Processing triggers for libc-bin (2.24-11+deb9u3) ...
Removing intermediate container ebe42e71e1d8
 ---> 0f4646f59014
Step 23/94 : FROM base AS tomlv
 ---> 252dd7014f69
Step 24/94 : ENV INSTALL_BINARY_NAME=tomlv
 ---> Running in 977ba795ee5d
Removing intermediate container 977ba795ee5d
 ---> 3b7914df90b5
Step 25/94 : COPY hack/dockerfile/install/install.sh ./install.sh
 ---> fe7c78ddaf45
Step 26/94 : COPY hack/dockerfile/install/$INSTALL_BINARY_NAME.installer ./
 ---> e6115ef796c6
Step 27/94 : RUN PREFIX=/build ./install.sh $INSTALL_BINARY_NAME
 ---> Running in 87f02aa010d5
+ RM_GOPATH=0
+ TMP_GOPATH=
+ : /build
+ [[ -z '' ]]
++ mktemp -d
+ export GOPATH=/tmp/tmp.X7yNn4OW5L
+ GOPATH=/tmp/tmp.X7yNn4OW5L
+ RM_GOPATH=1
++ dirname ./install.sh
+ dir=.
+ bin=tomlv
+ shift
+ [[ ! -f ./tomlv.installer ]]
+ . ./tomlv.installer
++ TOMLV_COMMIT=3012a1dbe2e4bd1391d42b32f0577cb7bbc7f005
+ install_tomlv
+ echo 'Install tomlv version 3012a1dbe2e4bd1391d42b32f0577cb7bbc7f005'
+ git clone https://github.com/BurntSushi/toml.git /tmp/tmp.X7yNn4OW5L/src/github.com/BurntSushi/toml
Cloning into '/tmp/tmp.X7yNn4OW5L/src/github.com/BurntSushi/toml'...
Install tomlv version 3012a1dbe2e4bd1391d42b32f0577cb7bbc7f005
+ cd /tmp/tmp.X7yNn4OW5L/src/github.com/BurntSushi/toml
+ git checkout -q 3012a1dbe2e4bd1391d42b32f0577cb7bbc7f005
+ go build -v -buildmode=pie -o /build/tomlv github.com/BurntSushi/toml/cmd/tomlv
internal/race
errors
runtime/internal/atomic
internal/cpu
runtime/internal/sys
internal/bytealg
sync/atomic
math
runtime
internal/testlog
math/bits
unicode/utf8
strconv
unicode
encoding
runtime/cgo
sync
io
syscall
reflect
time
internal/poll
internal/syscall/unix
os
sort
strings
bytes
fmt
bufio
path/filepath
flag
io/ioutil
github.com/BurntSushi/toml
log
path
text/tabwriter
github.com/BurntSushi/toml/cmd/tomlv
Removing intermediate container 87f02aa010d5
 ---> cde38bce1718
Step 28/94 : FROM base AS vndr
 ---> 252dd7014f69
Step 29/94 : ENV INSTALL_BINARY_NAME=vndr
 ---> Running in 7f3fcf87aa0a
Removing intermediate container 7f3fcf87aa0a
 ---> bc1f6960b98c
Step 30/94 : COPY hack/dockerfile/install/install.sh ./install.sh
 ---> 40be833a1f9c
Step 31/94 : COPY hack/dockerfile/install/$INSTALL_BINARY_NAME.installer ./
 ---> 61a94cec1223
Step 32/94 : RUN PREFIX=/build ./install.sh $INSTALL_BINARY_NAME
 ---> Running in a0a022404e38
+ RM_GOPATH=0
+ TMP_GOPATH=
+ : /build
+ [[ -z '' ]]
++ mktemp -d
+ export GOPATH=/tmp/tmp.GwqtAhqEw7
+ GOPATH=/tmp/tmp.GwqtAhqEw7
+ RM_GOPATH=1
++ dirname ./install.sh
+ dir=.
+ bin=vndr
+ shift
+ [[ ! -f ./vndr.installer ]]
+ . ./vndr.installer
++ VNDR_COMMIT=81cb8916aad3c8d06193f008dba3e16f82851f52
+ install_vndr
+ echo 'Install vndr version 81cb8916aad3c8d06193f008dba3e16f82851f52'
+ git clone https://github.com/LK4D4/vndr.git /tmp/tmp.GwqtAhqEw7/src/github.com/LK4D4/vndr
Install vndr version 81cb8916aad3c8d06193f008dba3e16f82851f52
Cloning into '/tmp/tmp.GwqtAhqEw7/src/github.com/LK4D4/vndr'...
+ cd /tmp/tmp.GwqtAhqEw7/src/github.com/LK4D4/vndr
+ git checkout -q 81cb8916aad3c8d06193f008dba3e16f82851f52
+ go build -buildmode=pie -v -o /build/vndr .
errors
internal/race
internal/cpu
runtime/internal/atomic
runtime/internal/sys
sync/atomic
internal/bytealg
unicode
runtime
unicode/utf8
math
internal/testlog
math/bits
strconv
encoding
unicode/utf16
container/list
crypto/internal/subtle
crypto/subtle
crypto/rc4
vendor/golang_org/x/crypto/cryptobyte/asn1
vendor/golang_org/x/net/dns/dnsmessage
internal/nettrace
runtime/cgo
sync
io
syscall
bytes
bufio
reflect
time
internal/poll
internal/syscall/unix
os
strings
fmt
sort
path/filepath
path
regexp/syntax
flag
go/token
go/scanner
go/ast
regexp
io/ioutil
net/url
text/template/parse
go/parser
text/template
log
encoding/binary
encoding/base64
encoding/json
go/doc
github.com/LK4D4/vndr/build
encoding/xml
github.com/LK4D4/vndr/godl/singleflight
compress/flate
hash
hash/crc32
context
compress/gzip
crypto/cipher
math/rand
crypto/aes
math/big
crypto
crypto/des
crypto/internal/randutil
crypto/sha512
crypto/hmac
crypto/md5
crypto/sha1
crypto/sha256
encoding/hex
encoding/pem
internal/singleflight
net
crypto/rand
crypto/elliptic
encoding/asn1
crypto/ecdsa
crypto/rsa
crypto/dsa
crypto/x509/pkix
vendor/golang_org/x/crypto/cryptobyte
vendor/golang_org/x/crypto/internal/chacha20
vendor/golang_org/x/crypto/poly1305
vendor/golang_org/x/crypto/chacha20poly1305
vendor/golang_org/x/crypto/curve25519
vendor/golang_org/x/text/transform
vendor/golang_org/x/text/unicode/bidi
crypto/x509
vendor/golang_org/x/text/secure/bidirule
vendor/golang_org/x/text/unicode/norm
crypto/tls
vendor/golang_org/x/net/idna
net/textproto
vendor/golang_org/x/net/http/httpguts
vendor/golang_org/x/net/http/httpproxy
vendor/golang_org/x/net/http2/hpack
mime
mime/quotedprintable
net/http/httptrace
net/http/internal
mime/multipart
os/exec
net/http
github.com/LK4D4/vndr/godl
github.com/LK4D4/vndr
Removing intermediate container a0a022404e38
 ---> e111d1f19398
Step 33/94 : FROM base AS containerd
 ---> 252dd7014f69
Step 34/94 : RUN apt-get update && apt-get install -y btrfs-tools
 ---> Running in 39c309731308
Ign:1 http://cdn-fastly.deb.debian.org/debian stretch InRelease
Get:2 http://cdn-fastly.deb.debian.org/debian stretch-updates InRelease [91.0 kB]
Get:3 http://cdn-fastly.deb.debian.org/debian stretch Release [118 kB]
Get:4 http://cdn-fastly.deb.debian.org/debian stretch Release.gpg [2434 B]
Get:5 http://security.debian.org/debian-security stretch/updates InRelease [94.3 kB]
Get:6 http://cdn-fastly.deb.debian.org/debian stretch-updates/main s390x Packages [5100 B]
Get:7 http://cdn-fastly.deb.debian.org/debian stretch/main s390x Packages [6859 kB]
Get:8 http://security.debian.org/debian-security stretch/updates/main s390x Packages [447 kB]
Fetched 7616 kB in 2s (3539 kB/s)
Reading package lists...
Reading package lists...
Building dependency tree...
Reading state information...
The following additional packages will be installed:
  btrfs-progs liblzo2-2
The following NEW packages will be installed:
  btrfs-progs btrfs-tools liblzo2-2
0 upgraded, 3 newly installed, 0 to remove and 1 not upgraded.
Need to get 668 kB of archives.
After this operation, 5446 kB of additional disk space will be used.
Get:1 http://cdn-fastly.deb.debian.org/debian stretch/main s390x liblzo2-2 s390x 2.08-1.2+b2 [55.8 kB]
Get:2 http://cdn-fastly.deb.debian.org/debian stretch/main s390x btrfs-progs s390x 4.7.3-1 [595 kB]
Get:3 http://cdn-fastly.deb.debian.org/debian stretch/main s390x btrfs-tools s390x 4.7.3-1 [16.9 kB]
debconf: delaying package configuration, since apt-utils is not installed
Fetched 668 kB in 0s (3156 kB/s)
Selecting previously unselected package liblzo2-2:s390x.
(Reading database ... (Reading database ... 5%(Reading database ... 10%(Reading database ... 15%(Reading database ... 20%(Reading database ... 25%(Reading database ... 30%(Reading database ... 35%(Reading database ... 40%(Reading database ... 45%(Reading database ... 50%(Reading database ... 55%(Reading database ... 60%(Reading database ... 65%(Reading database ... 70%(Reading database ... 75%(Reading database ... 80%(Reading database ... 85%(Reading database ... 90%(Reading database ... 95%(Reading database ... 100%(Reading database ... 14826 files and directories currently installed.)
Preparing to unpack .../liblzo2-2_2.08-1.2+b2_s390x.deb ...
Unpacking liblzo2-2:s390x (2.08-1.2+b2) ...
Selecting previously unselected package btrfs-progs.
Preparing to unpack .../btrfs-progs_4.7.3-1_s390x.deb ...
Unpacking btrfs-progs (4.7.3-1) ...
Selecting previously unselected package btrfs-tools.
Preparing to unpack .../btrfs-tools_4.7.3-1_s390x.deb ...
Unpacking btrfs-tools (4.7.3-1) ...
Processing triggers for libc-bin (2.24-11+deb9u3) ...
Setting up liblzo2-2:s390x (2.08-1.2+b2) ...
Setting up btrfs-progs (4.7.3-1) ...
Setting up btrfs-tools (4.7.3-1) ...
Processing triggers for libc-bin (2.24-11+deb9u3) ...
Removing intermediate container 39c309731308
 ---> a649187845e3
Step 35/94 : ENV INSTALL_BINARY_NAME=containerd
 ---> Running in 205288ac6d96
Removing intermediate container 205288ac6d96
 ---> 82df013007aa
Step 36/94 : COPY hack/dockerfile/install/install.sh ./install.sh
 ---> 8497b6507c05
Step 37/94 : COPY hack/dockerfile/install/$INSTALL_BINARY_NAME.installer ./
 ---> 2e521d5975d3
Step 38/94 : RUN PREFIX=/build ./install.sh $INSTALL_BINARY_NAME
 ---> Running in de492229f021
+ RM_GOPATH=0
+ TMP_GOPATH=
+ : /build
+ [[ -z '' ]]
++ mktemp -d
Install containerd version 9754871865f7fe2f4e74d43e2fc7ccd237edcbce
+ export GOPATH=/tmp/tmp.mNYxN7LXV1
+ GOPATH=/tmp/tmp.mNYxN7LXV1
+ RM_GOPATH=1
++ dirname ./install.sh
+ dir=.
+ bin=containerd
+ shift
+ [[ ! -f ./containerd.installer ]]
+ . ./containerd.installer
++ CONTAINERD_COMMIT=9754871865f7fe2f4e74d43e2fc7ccd237edcbce
+ install_containerd
+ echo 'Install containerd version 9754871865f7fe2f4e74d43e2fc7ccd237edcbce'
+ git clone https://github.com/containerd/containerd.git /tmp/tmp.mNYxN7LXV1/src/github.com/containerd/containerd
Cloning into '/tmp/tmp.mNYxN7LXV1/src/github.com/containerd/containerd'...
+ cd /tmp/tmp.mNYxN7LXV1/src/github.com/containerd/containerd
+ git checkout -q 9754871865f7fe2f4e74d43e2fc7ccd237edcbce
+ export 'BUILDTAGS=netgo osusergo static_build'
+ BUILDTAGS='netgo osusergo static_build'
+ export EXTRA_FLAGS=-buildmode=pie
+ EXTRA_FLAGS=-buildmode=pie
+ export 'EXTRA_LDFLAGS=-extldflags "-fno-PIC -static"'
+ EXTRA_LDFLAGS='-extldflags "-fno-PIC -static"'
+ '[' '' == dynamic ']'
+ make
 bin/ctr
 bin/containerd
 bin/containerd-stress
 bin/containerd-shim
 bin/containerd-shim-runc-v1
 binaries
+ mkdir -p /build
+ cp bin/containerd /build/containerd
+ cp bin/containerd-shim /build/containerd-shim
+ cp bin/ctr /build/ctr
Removing intermediate container de492229f021
 ---> 914f697cf5fb
Step 39/94 : FROM base AS proxy
 ---> 252dd7014f69
Step 40/94 : ENV INSTALL_BINARY_NAME=proxy
 ---> Running in 7b6fe2cca871
Removing intermediate container 7b6fe2cca871
 ---> 42e80aa1663d
Step 41/94 : COPY hack/dockerfile/install/install.sh ./install.sh
 ---> 8a534a97d68b
Step 42/94 : COPY hack/dockerfile/install/$INSTALL_BINARY_NAME.installer ./
 ---> 8ebd85aa0835
Step 43/94 : RUN PREFIX=/build ./install.sh $INSTALL_BINARY_NAME
 ---> Running in 692823005c88
+ RM_GOPATH=0
+ TMP_GOPATH=
+ : /build
+ [[ -z '' ]]
++ mktemp -d
Install docker-proxy version 1a06131fb8a047d919f7deaf02a4c414d7884b83
+ export GOPATH=/tmp/tmp.ZZIybxC2fD
+ GOPATH=/tmp/tmp.ZZIybxC2fD
+ RM_GOPATH=1
++ dirname ./install.sh
+ dir=.
+ bin=proxy
+ shift
+ [[ ! -f ./proxy.installer ]]
+ . ./proxy.installer
++ LIBNETWORK_COMMIT=1a06131fb8a047d919f7deaf02a4c414d7884b83
+ install_proxy
+ case "$1" in
+ export CGO_ENABLED=0
+ CGO_ENABLED=0
+ _install_proxy
+ echo 'Install docker-proxy version 1a06131fb8a047d919f7deaf02a4c414d7884b83'
+ git clone https://github.com/docker/libnetwork.git /tmp/tmp.ZZIybxC2fD/src/github.com/docker/libnetwork
Cloning into '/tmp/tmp.ZZIybxC2fD/src/github.com/docker/libnetwork'...
+ cd /tmp/tmp.ZZIybxC2fD/src/github.com/docker/libnetwork
+ git checkout -q 1a06131fb8a047d919f7deaf02a4c414d7884b83
+ go build -ldflags= -o /build/docker-proxy github.com/docker/libnetwork/cmd/proxy
Removing intermediate container 692823005c88
 ---> a916e0b26050
Step 44/94 : FROM base AS gometalinter
 ---> 252dd7014f69
Step 45/94 : ENV INSTALL_BINARY_NAME=gometalinter
 ---> Running in 0a9c9b23b7e3
Removing intermediate container 0a9c9b23b7e3
 ---> 53de88404d34
Step 46/94 : COPY hack/dockerfile/install/install.sh ./install.sh
 ---> e298e3e6c5b5
Step 47/94 : COPY hack/dockerfile/install/$INSTALL_BINARY_NAME.installer ./
 ---> 8e561680f10c
Step 48/94 : RUN PREFIX=/build ./install.sh $INSTALL_BINARY_NAME
 ---> Running in 02575c941dff
+ RM_GOPATH=0
+ TMP_GOPATH=
+ : /build
+ [[ -z '' ]]
++ mktemp -d
+ export GOPATH=/tmp/tmp.lhNIZVwiVe
+ GOPATH=/tmp/tmp.lhNIZVwiVe
+ RM_GOPATH=1
++ dirname ./install.sh
+ dir=.
+ bin=gometalinter
+ shift
+ [[ ! -f ./gometalinter.installer ]]
+ . ./gometalinter.installer
++ GOMETALINTER_COMMIT=v2.0.6
+ install_gometalinter
+ echo 'Installing gometalinter version v2.0.6'
+ go get -d github.com/alecthomas/gometalinter
Installing gometalinter version v2.0.6
+ cd /tmp/tmp.lhNIZVwiVe/src/github.com/alecthomas/gometalinter
+ git checkout -q v2.0.6
+ go build -buildmode=pie -o /build/gometalinter github.com/alecthomas/gometalinter
+ GOBIN=/build
+ /build/gometalinter --install
Installing:
  deadcode
  dupl
  errcheck
  gas
  gochecknoglobals
  gochecknoinits
  goconst
  gocyclo
  goimports
  golint
  gosimple
  gotype
  gotypex
  ineffassign
  interfacer
  lll
  maligned
  megacheck
  misspell
  nakedret
  safesql
  staticcheck
  structcheck
  unconvert
  unparam
  unused
  varcheck
Removing intermediate container 02575c941dff
 ---> 9b9b94e10bd9
Step 49/94 : FROM base AS dockercli
 ---> 252dd7014f69
Step 50/94 : ENV INSTALL_BINARY_NAME=dockercli
 ---> Running in 4bae08bfbe54
Removing intermediate container 4bae08bfbe54
 ---> bfca048667ef
Step 51/94 : COPY hack/dockerfile/install/install.sh ./install.sh
 ---> c3328378ce5e
Step 52/94 : COPY hack/dockerfile/install/$INSTALL_BINARY_NAME.installer ./
 ---> 4565e47fd0b2
Step 53/94 : RUN PREFIX=/build ./install.sh $INSTALL_BINARY_NAME
 ---> Running in 48aa68fa1b41
+ RM_GOPATH=0
+ TMP_GOPATH=
+ : /build
+ [[ -z '' ]]
++ mktemp -d
+ export GOPATH=/tmp/tmp.mcGUXXO2JZ
+ GOPATH=/tmp/tmp.mcGUXXO2JZ
+ RM_GOPATH=1
++ dirname ./install.sh
+ dir=.
+ bin=dockercli
+ shift
+ [[ ! -f ./dockercli.installer ]]
+ . ./dockercli.installer
++ DOCKERCLI_CHANNEL=edge
++ DOCKERCLI_VERSION=17.06.0-ce
+ install_dockercli
+ echo 'Install docker/cli version 17.06.0-ce from edge'
Install docker/cli version 17.06.0-ce from edge
++ uname -m
+ arch=s390x
+ '[' s390x '!=' x86_64 ']'
+ '[' s390x '!=' s390x ']'
+ url=https://download.docker.com/linux/static
+ curl -Ls https://download.docker.com/linux/static/edge/s390x/docker-17.06.0-ce.tgz
+ tar -xz docker/docker
+ mkdir -p /build
+ mv docker/docker /build/
+ rmdir docker
Removing intermediate container 48aa68fa1b41
 ---> 2e4d3424af86
Step 54/94 : FROM runtime-dev AS runc
 ---> 0f4646f59014
Step 55/94 : ENV INSTALL_BINARY_NAME=runc
 ---> Running in 65c7eb3ef0c1
Removing intermediate container 65c7eb3ef0c1
 ---> b24ecf7677ac
Step 56/94 : COPY hack/dockerfile/install/install.sh ./install.sh
 ---> dc460d217521
Step 57/94 : COPY hack/dockerfile/install/$INSTALL_BINARY_NAME.installer ./
 ---> 21fffa465c03
Step 58/94 : RUN PREFIX=/build ./install.sh $INSTALL_BINARY_NAME
 ---> Running in 04af09188aca
+ RM_GOPATH=0
+ TMP_GOPATH=
+ : /build
+ [[ -z '' ]]
++ mktemp -d
+ export GOPATH=/tmp/tmp.12MZJNRh2R
+ GOPATH=/tmp/tmp.12MZJNRh2R
+ RM_GOPATH=1
++ dirname ./install.sh
+ dir=.
+ bin=runc
+ shift
+ [[ ! -f ./runc.installer ]]
+ . ./runc.installer
++ RUNC_COMMIT=96ec2177ae841256168fcf76954f7177af9446eb
+ install_runc
+ grep -q '^3\.10\.0.*\.el7\.'
+ uname -r
+ RUNC_BUILDTAGS='seccomp apparmor selinux '
+ echo 'Install runc version 96ec2177ae841256168fcf76954f7177af9446eb (build tags: seccomp apparmor selinux )'
+ git clone https://github.com/opencontainers/runc.git /tmp/tmp.12MZJNRh2R/src/github.com/opencontainers/runc
Cloning into '/tmp/tmp.12MZJNRh2R/src/github.com/opencontainers/runc'...
Install runc version 96ec2177ae841256168fcf76954f7177af9446eb (build tags: seccomp apparmor selinux )
+ cd /tmp/tmp.12MZJNRh2R/src/github.com/opencontainers/runc
+ git checkout -q 96ec2177ae841256168fcf76954f7177af9446eb
+ '[' -z '' ']'
+ target=static
+ make 'BUILDTAGS=seccomp apparmor selinux ' static
CGO_ENABLED=1 go build  -tags "seccomp apparmor selinux  netgo osusergo static_build" -installsuffix netgo -ldflags "-w -extldflags -static -X main.gitCommit="96ec2177ae841256168fcf76954f7177af9446eb" -X main.version=1.0.0-rc6+dev " -o runc .
CGO_ENABLED=1 go build  -tags "seccomp apparmor selinux  netgo osusergo static_build" -installsuffix netgo -ldflags "-w -extldflags -static -X main.gitCommit="96ec2177ae841256168fcf76954f7177af9446eb" -X main.version=1.0.0-rc6+dev " -o contrib/cmd/recvtty/recvtty ./contrib/cmd/recvtty
+ mkdir -p /build
+ cp runc /build/runc
Removing intermediate container 04af09188aca
 ---> cf6936be23cd
Step 59/94 : FROM base AS tini
 ---> 252dd7014f69
Step 60/94 : RUN apt-get update && apt-get install -y cmake vim-common
 ---> Running in 6cfe8a85a571
Ign:1 http://cdn-fastly.deb.debian.org/debian stretch InRelease
Get:2 http://cdn-fastly.deb.debian.org/debian stretch-updates InRelease [91.0 kB]
Get:3 http://cdn-fastly.deb.debian.org/debian stretch Release [118 kB]
Get:4 http://cdn-fastly.deb.debian.org/debian stretch Release.gpg [2434 B]
Get:5 http://cdn-fastly.deb.debian.org/debian stretch-updates/main s390x Packages [5100 B]
Get:6 http://security.debian.org/debian-security stretch/updates InRelease [94.3 kB]
Get:7 http://cdn-fastly.deb.debian.org/debian stretch/main s390x Packages [6859 kB]
Get:8 http://security.debian.org/debian-security stretch/updates/main s390x Packages [447 kB]
Fetched 7616 kB in 1s (3882 kB/s)
Reading package lists...
Reading package lists...
Building dependency tree...
Reading state information...
The following additional packages will be installed:
  cmake-data libarchive13 libgpm2 libicu57 libjsoncpp1 liblzo2-2 libuv1
  libxml2 sgml-base vim vim-runtime xml-core xxd
Suggested packages:
  codeblocks eclipse ninja-build lrzip gpm sgml-base-doc ctags vim-doc
  vim-scripts debhelper
The following NEW packages will be installed:
  cmake cmake-data libarchive13 libgpm2 libicu57 libjsoncpp1 liblzo2-2 libuv1
  libxml2 sgml-base vim vim-common vim-runtime xml-core xxd
0 upgraded, 15 newly installed, 0 to remove and 1 not upgraded.
Need to get 19.7 MB of archives.
After this operation, 90.8 MB of additional disk space will be used.
Get:1 http://security.debian.org/debian-security stretch/updates/main s390x libarchive13 s390x 3.2.2-2+deb9u1 [283 kB]
Get:2 http://cdn-fastly.deb.debian.org/debian stretch/main s390x cmake-data all 3.7.2-1 [1216 kB]
Get:3 http://cdn-fastly.deb.debian.org/debian stretch/main s390x liblzo2-2 s390x 2.08-1.2+b2 [55.8 kB]
Get:4 http://cdn-fastly.deb.debian.org/debian stretch/main s390x libicu57 s390x 57.1-6+deb9u2 [7531 kB]
Get:5 http://cdn-fastly.deb.debian.org/debian stretch/main s390x libxml2 s390x 2.9.4+dfsg1-2.2+deb9u2 [853 kB]
Get:6 http://cdn-fastly.deb.debian.org/debian stretch/main s390x libjsoncpp1 s390x 1.7.4-3 [73.6 kB]
Get:7 http://cdn-fastly.deb.debian.org/debian stretch/main s390x libuv1 s390x 1.9.1-3 [82.4 kB]
Get:8 http://cdn-fastly.deb.debian.org/debian stretch/main s390x cmake s390x 3.7.2-1 [2797 kB]
Get:9 http://cdn-fastly.deb.debian.org/debian stretch/main s390x sgml-base all 1.29 [14.8 kB]
Get:10 http://cdn-fastly.deb.debian.org/debian stretch/main s390x xxd s390x 2:8.0.0197-4+deb9u1 [131 kB]
Get:11 http://cdn-fastly.deb.debian.org/debian stretch/main s390x vim-common all 2:8.0.0197-4+deb9u1 [159 kB]
Get:12 http://cdn-fastly.deb.debian.org/debian stretch/main s390x libgpm2 s390x 1.20.4-6.2+b1 [34.4 kB]
Get:13 http://cdn-fastly.deb.debian.org/debian stretch/main s390x vim-runtime all 2:8.0.0197-4+deb9u1 [5407 kB]
Get:14 http://cdn-fastly.deb.debian.org/debian stretch/main s390x vim s390x 2:8.0.0197-4+deb9u1 [992 kB]
Get:15 http://cdn-fastly.deb.debian.org/debian stretch/main s390x xml-core all 0.17 [23.2 kB]
debconf: delaying package configuration, since apt-utils is not installed
Fetched 19.7 MB in 2s (8171 kB/s)
Selecting previously unselected package cmake-data.
(Reading database ... (Reading database ... 5%(Reading database ... 10%(Reading database ... 15%(Reading database ... 20%(Reading database ... 25%(Reading database ... 30%(Reading database ... 35%(Reading database ... 40%(Reading database ... 45%(Reading database ... 50%(Reading database ... 55%(Reading database ... 60%(Reading database ... 65%(Reading database ... 70%(Reading database ... 75%(Reading database ... 80%(Reading database ... 85%(Reading database ... 90%(Reading database ... 95%(Reading database ... 100%(Reading database ... 14826 files and directories currently installed.)
Preparing to unpack .../00-cmake-data_3.7.2-1_all.deb ...
Unpacking cmake-data (3.7.2-1) ...
Selecting previously unselected package liblzo2-2:s390x.
Preparing to unpack .../01-liblzo2-2_2.08-1.2+b2_s390x.deb ...
Unpacking liblzo2-2:s390x (2.08-1.2+b2) ...
Selecting previously unselected package libicu57:s390x.
Preparing to unpack .../02-libicu57_57.1-6+deb9u2_s390x.deb ...
Unpacking libicu57:s390x (57.1-6+deb9u2) ...
Selecting previously unselected package libxml2:s390x.
Preparing to unpack .../03-libxml2_2.9.4+dfsg1-2.2+deb9u2_s390x.deb ...
Unpacking libxml2:s390x (2.9.4+dfsg1-2.2+deb9u2) ...
Selecting previously unselected package libarchive13:s390x.
Preparing to unpack .../04-libarchive13_3.2.2-2+deb9u1_s390x.deb ...
Unpacking libarchive13:s390x (3.2.2-2+deb9u1) ...
Selecting previously unselected package libjsoncpp1:s390x.
Preparing to unpack .../05-libjsoncpp1_1.7.4-3_s390x.deb ...
Unpacking libjsoncpp1:s390x (1.7.4-3) ...
Selecting previously unselected package libuv1:s390x.
Preparing to unpack .../06-libuv1_1.9.1-3_s390x.deb ...
Unpacking libuv1:s390x (1.9.1-3) ...
Selecting previously unselected package cmake.
Preparing to unpack .../07-cmake_3.7.2-1_s390x.deb ...
Unpacking cmake (3.7.2-1) ...
Selecting previously unselected package sgml-base.
Preparing to unpack .../08-sgml-base_1.29_all.deb ...
Unpacking sgml-base (1.29) ...
Selecting previously unselected package xxd.
Preparing to unpack .../09-xxd_2%3a8.0.0197-4+deb9u1_s390x.deb ...
Unpacking xxd (2:8.0.0197-4+deb9u1) ...
Selecting previously unselected package vim-common.
Preparing to unpack .../10-vim-common_2%3a8.0.0197-4+deb9u1_all.deb ...
Unpacking vim-common (2:8.0.0197-4+deb9u1) ...
Selecting previously unselected package libgpm2:s390x.
Preparing to unpack .../11-libgpm2_1.20.4-6.2+b1_s390x.deb ...
Unpacking libgpm2:s390x (1.20.4-6.2+b1) ...
Selecting previously unselected package vim-runtime.
Preparing to unpack .../12-vim-runtime_2%3a8.0.0197-4+deb9u1_all.deb ...
Adding 'diversion of /usr/share/vim/vim80/doc/help.txt to /usr/share/vim/vim80/doc/help.txt.vim-tiny by vim-runtime'
Adding 'diversion of /usr/share/vim/vim80/doc/tags to /usr/share/vim/vim80/doc/tags.vim-tiny by vim-runtime'
Unpacking vim-runtime (2:8.0.0197-4+deb9u1) ...
Selecting previously unselected package vim.
Preparing to unpack .../13-vim_2%3a8.0.0197-4+deb9u1_s390x.deb ...
Unpacking vim (2:8.0.0197-4+deb9u1) ...
Selecting previously unselected package xml-core.
Preparing to unpack .../14-xml-core_0.17_all.deb ...
Unpacking xml-core (0.17) ...
Processing triggers for mime-support (3.60) ...
Setting up xxd (2:8.0.0197-4+deb9u1) ...
Setting up libgpm2:s390x (1.20.4-6.2+b1) ...
Setting up libuv1:s390x (1.9.1-3) ...
Setting up cmake-data (3.7.2-1) ...
Setting up sgml-base (1.29) ...
Setting up libicu57:s390x (57.1-6+deb9u2) ...
Setting up libxml2:s390x (2.9.4+dfsg1-2.2+deb9u2) ...
Processing triggers for libc-bin (2.24-11+deb9u3) ...
Setting up vim-common (2:8.0.0197-4+deb9u1) ...
Setting up vim-runtime (2:8.0.0197-4+deb9u1) ...
Setting up xml-core (0.17) ...
Setting up liblzo2-2:s390x (2.08-1.2+b2) ...
Setting up libjsoncpp1:s390x (1.7.4-3) ...
Setting up vim (2:8.0.0197-4+deb9u1) ...
update-alternatives: using /usr/bin/vim.basic to provide /usr/bin/vim (vim) in auto mode
update-alternatives: using /usr/bin/vim.basic to provide /usr/bin/vimdiff (vimdiff) in auto mode
update-alternatives: using /usr/bin/vim.basic to provide /usr/bin/rvim (rvim) in auto mode
update-alternatives: using /usr/bin/vim.basic to provide /usr/bin/rview (rview) in auto mode
update-alternatives: using /usr/bin/vim.basic to provide /usr/bin/vi (vi) in auto mode
update-alternatives: using /usr/bin/vim.basic to provide /usr/bin/view (view) in auto mode
update-alternatives: using /usr/bin/vim.basic to provide /usr/bin/ex (ex) in auto mode
update-alternatives: using /usr/bin/vim.basic to provide /usr/bin/editor (editor) in auto mode
Setting up libarchive13:s390x (3.2.2-2+deb9u1) ...
Setting up cmake (3.7.2-1) ...
Processing triggers for sgml-base (1.29) ...
Processing triggers for libc-bin (2.24-11+deb9u3) ...
Removing intermediate container 6cfe8a85a571
 ---> 8a0f291b4a63
Step 61/94 : COPY hack/dockerfile/install/install.sh ./install.sh
 ---> 1cb92fdcc685
Step 62/94 : ENV INSTALL_BINARY_NAME=tini
 ---> Running in 99e63fe7c768
Removing intermediate container 99e63fe7c768
 ---> 3664d4a2856f
Step 63/94 : COPY hack/dockerfile/install/$INSTALL_BINARY_NAME.installer ./
 ---> 1514a6ac0e97
Step 64/94 : RUN PREFIX=/build ./install.sh $INSTALL_BINARY_NAME
 ---> Running in 13c433aa69ae
+ RM_GOPATH=0
+ TMP_GOPATH=
+ : /build
+ [[ -z '' ]]
++ mktemp -d
+ export GOPATH=/tmp/tmp.O26Ot1ikxw
+ GOPATH=/tmp/tmp.O26Ot1ikxw
+ RM_GOPATH=1
++ dirname ./install.sh
+ dir=.
+ bin=tini
+ shift
+ [[ ! -f ./tini.installer ]]
+ . ./tini.installer
++ TINI_COMMIT=fec3683b971d9c3ef73f284f176672c44b448662
+ install_tini
+ echo 'Install tini version fec3683b971d9c3ef73f284f176672c44b448662'
+ git clone https://github.com/krallin/tini.git /tmp/tmp.O26Ot1ikxw/tini
Cloning into '/tmp/tmp.O26Ot1ikxw/tini'...
Install tini version fec3683b971d9c3ef73f284f176672c44b448662
+ cd /tmp/tmp.O26Ot1ikxw/tini
+ git checkout -q fec3683b971d9c3ef73f284f176672c44b448662
+ cmake .
-- The C compiler identification is GNU 6.3.0
-- Check for working C compiler: /usr/bin/cc
-- Check for working C compiler: /usr/bin/cc -- works
-- Detecting C compiler ABI info
-- Detecting C compiler ABI info - done
-- Detecting C compile features
-- Detecting C compile features - done
-- Performing Test HAS_BUILTIN_FORTIFY
-- Performing Test HAS_BUILTIN_FORTIFY - Failed
-- Configuring done
-- Generating done
-- Build files have been written to: /tmp/tmp.O26Ot1ikxw/tini
+ make tini-static
Scanning dependencies of target tini-static
[ 50%] Building C object CMakeFiles/tini-static.dir/src/tini.c.o
[100%] Linking C executable tini-static
[100%] Built target tini-static
+ mkdir -p /build
+ cp tini-static /build/docker-init
Removing intermediate container 13c433aa69ae
 ---> cd44446f1232
Step 65/94 : FROM runtime-dev AS dev
 ---> 0f4646f59014
Step 66/94 : RUN groupadd -r docker
 ---> Running in 3c755a3659a4
Removing intermediate container 3c755a3659a4
 ---> 8dd2c091fe2e
Step 67/94 : RUN useradd --create-home --gid docker unprivilegeduser
 ---> Running in 597a52a19883
Removing intermediate container 597a52a19883
 ---> 7e417a2a8157
Step 68/94 : RUN ln -sfv /go/src/github.com/docker/docker/.bashrc ~/.bashrc
 ---> Running in b6e5bc4e6890
'/root/.bashrc' -> '/go/src/github.com/docker/docker/.bashrc'
Removing intermediate container b6e5bc4e6890
 ---> 35c313ee6161
Step 69/94 : RUN echo "source /usr/share/bash-completion/bash_completion" >> /etc/bash.bashrc
 ---> Running in bf04a186f911
Removing intermediate container bf04a186f911
 ---> 164f20dedfd9
Step 70/94 : RUN ln -s /usr/local/completion/bash/docker /etc/bash_completion.d/docker
 ---> Running in 198cffd09d44
Removing intermediate container 198cffd09d44
 ---> c636b53e7fe2
Step 71/94 : RUN ldconfig
 ---> Running in b063940f44eb
Removing intermediate container b063940f44eb
 ---> c8cdcae56b6c
Step 72/94 : RUN apt-get update && apt-get install -y 	apparmor 	aufs-tools 	bash-completion 	btrfs-tools 	iptables 	jq 	libcap2-bin 	libdevmapper-dev 	libudev-dev 	libsystemd-dev 	binutils-mingw-w64 	g++-mingw-w64-x86-64 	net-tools 	pigz 	python-backports.ssl-match-hostname 	python-dev 	python-mock 	python-pip 	python-requests 	python-setuptools 	python-websocket 	python-wheel 	thin-provisioning-tools 	vim 	vim-common 	xfsprogs 	zip 	bzip2 	xz-utils 	--no-install-recommends
 ---> Running in c90ab14ac50f
Hit:1 http://security.debian.org/debian-security stretch/updates InRelease
Ign:2 http://cdn-fastly.deb.debian.org/debian stretch InRelease
Hit:3 http://cdn-fastly.deb.debian.org/debian stretch-updates InRelease
Hit:4 http://cdn-fastly.deb.debian.org/debian stretch Release
Reading package lists...
Reading package lists...
Building dependency tree...
Reading state information...
The following additional packages will be installed:
  binutils-mingw-w64-i686 binutils-mingw-w64-x86-64 btrfs-progs dh-python
  dmsetup gcc-mingw-w64-base gcc-mingw-w64-x86-64 libaio1 libapparmor-perl
  libdevmapper-event1.02.1 libdevmapper1.02.1 libexpat1-dev libgpm2 libip4tc0
  libip6tc0 libiptc0 libjq1 liblzo2-2 libmpdec2 libnetfilter-conntrack3
  libnfnetlink0 libonig4 libpcre16-3 libpcre3-dev libpcre32-3 libpcrecpp0v5
  libpython-dev libpython2.7 libpython2.7-dev libpython3-stdlib
  libpython3.5-minimal libpython3.5-stdlib libreadline5 libselinux1-dev
  libsepol1-dev libxtables12 mingw-w64-common mingw-w64-x86-64-dev
  python-chardet python-funcsigs python-pbr python-pip-whl
  python-pkg-resources python-urllib3 python2.7-dev python3 python3-minimal
  python3.5 python3.5-minimal vim-runtime xxd
Suggested packages:
  apparmor-profiles apparmor-profiles-extra apparmor-utils bzip2-doc
  gcc-6-locales kmod gpm wine64 python-funcsigs-doc python-mock-doc
  python-cryptography python-idna python-openssl python-socks
  python-setuptools-doc python-ntlm python3-doc python3-tk python3-venv
  python3.5-venv python3.5-doc binfmt-support ctags vim-doc vim-scripts
  xfsdump acl attr quota
Recommended packages:
  aufs-dkms libpam-cap build-essential python-all-dev python-cryptography
  python-idna python-ipaddress python-openssl python-keyring
  python-keyrings.alt python-xdg unzip
The following NEW packages will be installed:
  apparmor aufs-tools bash-completion binutils-mingw-w64
  binutils-mingw-w64-i686 binutils-mingw-w64-x86-64 btrfs-progs btrfs-tools
  bzip2 dh-python dmsetup g++-mingw-w64-x86-64 gcc-mingw-w64-base
  gcc-mingw-w64-x86-64 iptables jq libaio1 libapparmor-perl libcap2-bin
  libdevmapper-dev libdevmapper-event1.02.1 libdevmapper1.02.1 libexpat1-dev
  libgpm2 libip4tc0 libip6tc0 libiptc0 libjq1 liblzo2-2 libmpdec2
  libnetfilter-conntrack3 libnfnetlink0 libonig4 libpcre16-3 libpcre3-dev
  libpcre32-3 libpcrecpp0v5 libpython-dev libpython2.7 libpython2.7-dev
  libpython3-stdlib libpython3.5-minimal libpython3.5-stdlib libreadline5
  libselinux1-dev libsepol1-dev libsystemd-dev libudev-dev libxtables12
  mingw-w64-common mingw-w64-x86-64-dev net-tools pigz
  python-backports.ssl-match-hostname python-chardet python-dev
  python-funcsigs python-mock python-pbr python-pip python-pip-whl
  python-pkg-resources python-requests python-setuptools python-urllib3
  python-websocket python-wheel python2.7-dev python3 python3-minimal
  python3.5 python3.5-minimal thin-provisioning-tools vim vim-common
  vim-runtime xfsprogs xxd xz-utils zip
0 upgraded, 80 newly installed, 0 to remove and 1 not upgraded.
Need to get 118 MB of archives.
After this operation, 613 MB of additional disk space will be used.
Get:1 http://cdn-fastly.deb.debian.org/debian stretch/main s390x bash-completion all 1:2.1-4.3 [178 kB]
Get:2 http://cdn-fastly.deb.debian.org/debian stretch/main s390x libnfnetlink0 s390x 1.0.1-3 [13.7 kB]
Get:3 http://cdn-fastly.deb.debian.org/debian stretch/main s390x libpcrecpp0v5 s390x 2:8.39-3 [151 kB]
Get:4 http://cdn-fastly.deb.debian.org/debian stretch/main s390x libudev-dev s390x 232-25+deb9u6 [91.3 kB]
Get:5 http://cdn-fastly.deb.debian.org/debian stretch/main s390x libpython3.5-minimal s390x 3.5.3-1+deb9u1 [569 kB]
Get:6 http://cdn-fastly.deb.debian.org/debian stretch/main s390x python3.5-minimal s390x 3.5.3-1+deb9u1 [1563 kB]
Get:7 http://cdn-fastly.deb.debian.org/debian stretch/main s390x python3-minimal s390x 3.5.3-1 [35.3 kB]
Get:8 http://cdn-fastly.deb.debian.org/debian stretch/main s390x libmpdec2 s390x 2.4.2-1 [83.6 kB]
Get:9 http://cdn-fastly.deb.debian.org/debian stretch/main s390x libpython3.5-stdlib s390x 3.5.3-1+deb9u1 [2119 kB]
Get:10 http://cdn-fastly.deb.debian.org/debian stretch/main s390x python3.5 s390x 3.5.3-1+deb9u1 [229 kB]
Get:11 http://cdn-fastly.deb.debian.org/debian stretch/main s390x libpython3-stdlib s390x 3.5.3-1 [18.6 kB]
Get:12 http://cdn-fastly.deb.debian.org/debian stretch/main s390x dh-python all 2.20170125 [86.8 kB]
Get:13 http://cdn-fastly.deb.debian.org/debian stretch/main s390x python3 s390x 3.5.3-1 [21.6 kB]
Get:14 http://cdn-fastly.deb.debian.org/debian stretch/main s390x pigz s390x 2.3.4-1 [51.1 kB]
Get:15 http://cdn-fastly.deb.debian.org/debian stretch/main s390x libip4tc0 s390x 1.6.0+snapshot20161117-6 [67.9 kB]
Get:16 http://cdn-fastly.deb.debian.org/debian stretch/main s390x libip6tc0 s390x 1.6.0+snapshot20161117-6 [68.2 kB]
Get:17 http://cdn-fastly.deb.debian.org/debian stretch/main s390x libiptc0 s390x 1.6.0+snapshot20161117-6 [57.6 kB]
Get:18 http://cdn-fastly.deb.debian.org/debian stretch/main s390x libxtables12 s390x 1.6.0+snapshot20161117-6 [75.3 kB]
Get:19 http://cdn-fastly.deb.debian.org/debian stretch/main s390x libnetfilter-conntrack3 s390x 1.0.6-2 [37.1 kB]
Get:20 http://cdn-fastly.deb.debian.org/debian stretch/main s390x iptables s390x 1.6.0+snapshot20161117-6 [282 kB]
Get:21 http://cdn-fastly.deb.debian.org/debian stretch/main s390x xxd s390x 2:8.0.0197-4+deb9u1 [131 kB]
Get:22 http://cdn-fastly.deb.debian.org/debian stretch/main s390x vim-common all 2:8.0.0197-4+deb9u1 [159 kB]
Get:23 http://cdn-fastly.deb.debian.org/debian stretch/main s390x bzip2 s390x 1.0.6-8.1 [48.1 kB]
Get:24 http://cdn-fastly.deb.debian.org/debian stretch/main s390x libgpm2 s390x 1.20.4-6.2+b1 [34.4 kB]
Get:25 http://cdn-fastly.deb.debian.org/debian stretch/main s390x xz-utils s390x 5.2.2-1.2+b1 [263 kB]
Get:26 http://cdn-fastly.deb.debian.org/debian stretch/main s390x aufs-tools s390x 1:4.1+20161219-1 [102 kB]
Get:27 http://cdn-fastly.deb.debian.org/debian stretch/main s390x liblzo2-2 s390x 2.08-1.2+b2 [55.8 kB]
Get:28 http://cdn-fastly.deb.debian.org/debian stretch/main s390x btrfs-progs s390x 4.7.3-1 [595 kB]
Get:29 http://cdn-fastly.deb.debian.org/debian stretch/main s390x btrfs-tools s390x 4.7.3-1 [16.9 kB]
Get:30 http://cdn-fastly.deb.debian.org/debian stretch/main s390x libdevmapper1.02.1 s390x 2:1.02.137-2 [160 kB]
Get:31 http://cdn-fastly.deb.debian.org/debian stretch/main s390x dmsetup s390x 2:1.02.137-2 [104 kB]
Get:32 http://cdn-fastly.deb.debian.org/debian stretch/main s390x libonig4 s390x 6.1.3-2 [142 kB]
Get:33 http://cdn-fastly.deb.debian.org/debian stretch/main s390x libjq1 s390x 1.5+dfsg-1.3 [126 kB]
Get:34 http://cdn-fastly.deb.debian.org/debian stretch/main s390x jq s390x 1.5+dfsg-1.3 [59.2 kB]
Get:35 http://cdn-fastly.deb.debian.org/debian stretch/main s390x libaio1 s390x 0.3.110-3 [9482 B]
Get:36 http://cdn-fastly.deb.debian.org/debian stretch/main s390x libcap2-bin s390x 1:2.25-1 [26.8 kB]
Get:37 http://cdn-fastly.deb.debian.org/debian stretch/main s390x libdevmapper-event1.02.1 s390x 2:1.02.137-2 [41.0 kB]
Get:38 http://cdn-fastly.deb.debian.org/debian stretch/main s390x libsepol1-dev s390x 2.6-2 [293 kB]
Get:39 http://cdn-fastly.deb.debian.org/debian stretch/main s390x libpcre16-3 s390x 2:8.39-3 [189 kB]
Get:40 http://cdn-fastly.deb.debian.org/debian stretch/main s390x libpcre32-3 s390x 2:8.39-3 [184 kB]
Get:41 http://cdn-fastly.deb.debian.org/debian stretch/main s390x libpcre3-dev s390x 2:8.39-3 [488 kB]
Get:42 http://cdn-fastly.deb.debian.org/debian stretch/main s390x libselinux1-dev s390x 2.6-3+b3 [182 kB]
Get:43 http://cdn-fastly.deb.debian.org/debian stretch/main s390x libdevmapper-dev s390x 2:1.02.137-2 [68.6 kB]
Get:44 http://cdn-fastly.deb.debian.org/debian stretch/main s390x libexpat1-dev s390x 2.2.0-2+deb9u1 [131 kB]
Get:45 http://cdn-fastly.deb.debian.org/debian stretch/main s390x libpython2.7 s390x 2.7.13-2+deb9u3 [999 kB]
Get:46 http://cdn-fastly.deb.debian.org/debian stretch/main s390x libpython2.7-dev s390x 2.7.13-2+deb9u3 [28.0 MB]
Get:47 http://cdn-fastly.deb.debian.org/debian stretch/main s390x libpython-dev s390x 2.7.13-2 [20.0 kB]
Get:48 http://cdn-fastly.deb.debian.org/debian stretch/main s390x libreadline5 s390x 5.2+dfsg-3+b1 [120 kB]
Get:49 http://cdn-fastly.deb.debian.org/debian stretch/main s390x libsystemd-dev s390x 232-25+deb9u6 [1761 kB]
Get:50 http://cdn-fastly.deb.debian.org/debian stretch/main s390x net-tools s390x 1.60+git20161116.90da8a0-1 [243 kB]
Get:51 http://cdn-fastly.deb.debian.org/debian stretch/main s390x python-backports.ssl-match-hostname all 3.5.0.1-1 [6980 B]
Get:52 http://cdn-fastly.deb.debian.org/debian stretch/main s390x python-pkg-resources all 33.1.1-1 [166 kB]
Get:53 http://cdn-fastly.deb.debian.org/debian stretch/main s390x python-chardet all 2.3.0-2 [96.0 kB]
Get:54 http://cdn-fastly.deb.debian.org/debian stretch/main s390x python2.7-dev s390x 2.7.13-2+deb9u3 [288 kB]
Get:55 http://cdn-fastly.deb.debian.org/debian stretch/main s390x python-dev s390x 2.7.13-2 [1132 B]
Get:56 http://cdn-fastly.deb.debian.org/debian stretch/main s390x python-funcsigs all 1.0.2-3 [13.3 kB]
Get:57 http://cdn-fastly.deb.debian.org/debian stretch/main s390x python-pbr all 1.10.0-1 [52.4 kB]
Get:58 http://cdn-fastly.deb.debian.org/debian stretch/main s390x python-pip-whl all 9.0.1-2 [1406 kB]
Get:59 http://cdn-fastly.deb.debian.org/debian stretch/main s390x python-pip all 9.0.1-2 [179 kB]
Get:60 http://cdn-fastly.deb.debian.org/debian stretch/main s390x python-urllib3 all 1.19.1-1 [77.5 kB]
Get:61 http://cdn-fastly.deb.debian.org/debian stretch/main s390x python-requests all 2.12.4-1 [101 kB]
Get:62 http://cdn-fastly.deb.debian.org/debian stretch/main s390x python-setuptools all 33.1.1-1 [297 kB]
Get:63 http://cdn-fastly.deb.debian.org/debian stretch/main s390x python-websocket all 0.37.0-2 [31.5 kB]
Get:64 http://cdn-fastly.deb.debian.org/debian stretch/main s390x python-wheel all 0.29.0-2 [51.7 kB]
Get:65 http://cdn-fastly.deb.debian.org/debian stretch/main s390x thin-provisioning-tools s390x 0.6.1-4+b1 [321 kB]
Get:66 http://cdn-fastly.deb.debian.org/debian stretch/main s390x vim-runtime all 2:8.0.0197-4+deb9u1 [5407 kB]
Get:67 http://cdn-fastly.deb.debian.org/debian stretch/main s390x vim s390x 2:8.0.0197-4+deb9u1 [992 kB]
Get:68 http://cdn-fastly.deb.debian.org/debian stretch/main s390x xfsprogs s390x 4.9.0+nmu1 [786 kB]
Get:69 http://cdn-fastly.deb.debian.org/debian stretch/main s390x zip s390x 3.0-11+b1 [232 kB]
Get:70 http://cdn-fastly.deb.debian.org/debian stretch/main s390x libapparmor-perl s390x 2.11.0-3+deb9u2 [82.5 kB]
Get:71 http://cdn-fastly.deb.debian.org/debian stretch/main s390x apparmor s390x 2.11.0-3+deb9u2 [532 kB]
Get:72 http://cdn-fastly.deb.debian.org/debian stretch/main s390x binutils-mingw-w64-i686 s390x 2.28-5+7.4+b4 [2151 kB]
Get:73 http://cdn-fastly.deb.debian.org/debian stretch/main s390x binutils-mingw-w64-x86-64 s390x 2.28-5+7.4+b4 [2722 kB]
Get:74 http://cdn-fastly.deb.debian.org/debian stretch/main s390x binutils-mingw-w64 all 2.27.90.20161231-1+7.4 [136 kB]
Get:75 http://cdn-fastly.deb.debian.org/debian stretch/main s390x mingw-w64-common all 5.0.1-1 [4764 kB]
Get:76 http://cdn-fastly.deb.debian.org/debian stretch/main s390x mingw-w64-x86-64-dev all 5.0.1-1 [3342 kB]
Get:77 http://cdn-fastly.deb.debian.org/debian stretch/main s390x gcc-mingw-w64-base s390x 6.3.0-18+19.3+b3 [170 kB]
Get:78 http://cdn-fastly.deb.debian.org/debian stretch/main s390x gcc-mingw-w64-x86-64 s390x 6.3.0-18+19.3+b3 [31.4 MB]
Get:79 http://cdn-fastly.deb.debian.org/debian stretch/main s390x g++-mingw-w64-x86-64 s390x 6.3.0-18+19.3+b3 [21.7 MB]
Get:80 http://cdn-fastly.deb.debian.org/debian stretch/main s390x python-mock all 2.0.0-3 [59.8 kB]
debconf: delaying package configuration, since apt-utils is not installed
Fetched 118 MB in 8s (14.4 MB/s)
Selecting previously unselected package bash-completion.
(Reading database ... (Reading database ... 5%(Reading database ... 10%(Reading database ... 15%(Reading database ... 20%(Reading database ... 25%(Reading database ... 30%(Reading database ... 35%(Reading database ... 40%(Reading database ... 45%(Reading database ... 50%(Reading database ... 55%(Reading database ... 60%(Reading database ... 65%(Reading database ... 70%(Reading database ... 75%(Reading database ... 80%(Reading database ... 85%(Reading database ... 90%(Reading database ... 95%(Reading database ... 100%(Reading database ... 14896 files and directories currently installed.)
Preparing to unpack .../00-bash-completion_1%3a2.1-4.3_all.deb ...
Unpacking bash-completion (1:2.1-4.3) ...
Selecting previously unselected package libnfnetlink0:s390x.
Preparing to unpack .../01-libnfnetlink0_1.0.1-3_s390x.deb ...
Unpacking libnfnetlink0:s390x (1.0.1-3) ...
Selecting previously unselected package libpcrecpp0v5:s390x.
Preparing to unpack .../02-libpcrecpp0v5_2%3a8.39-3_s390x.deb ...
Unpacking libpcrecpp0v5:s390x (2:8.39-3) ...
Selecting previously unselected package libudev-dev:s390x.
Preparing to unpack .../03-libudev-dev_232-25+deb9u6_s390x.deb ...
Unpacking libudev-dev:s390x (232-25+deb9u6) ...
Selecting previously unselected package libpython3.5-minimal:s390x.
Preparing to unpack .../04-libpython3.5-minimal_3.5.3-1+deb9u1_s390x.deb ...
Unpacking libpython3.5-minimal:s390x (3.5.3-1+deb9u1) ...
Selecting previously unselected package python3.5-minimal.
Preparing to unpack .../05-python3.5-minimal_3.5.3-1+deb9u1_s390x.deb ...
Unpacking python3.5-minimal (3.5.3-1+deb9u1) ...
Selecting previously unselected package python3-minimal.
Preparing to unpack .../06-python3-minimal_3.5.3-1_s390x.deb ...
Unpacking python3-minimal (3.5.3-1) ...
Selecting previously unselected package libmpdec2:s390x.
Preparing to unpack .../07-libmpdec2_2.4.2-1_s390x.deb ...
Unpacking libmpdec2:s390x (2.4.2-1) ...
Selecting previously unselected package libpython3.5-stdlib:s390x.
Preparing to unpack .../08-libpython3.5-stdlib_3.5.3-1+deb9u1_s390x.deb ...
Unpacking libpython3.5-stdlib:s390x (3.5.3-1+deb9u1) ...
Selecting previously unselected package python3.5.
Preparing to unpack .../09-python3.5_3.5.3-1+deb9u1_s390x.deb ...
Unpacking python3.5 (3.5.3-1+deb9u1) ...
Selecting previously unselected package libpython3-stdlib:s390x.
Preparing to unpack .../10-libpython3-stdlib_3.5.3-1_s390x.deb ...
Unpacking libpython3-stdlib:s390x (3.5.3-1) ...
Selecting previously unselected package dh-python.
Preparing to unpack .../11-dh-python_2.20170125_all.deb ...
Unpacking dh-python (2.20170125) ...
Setting up libpython3.5-minimal:s390x (3.5.3-1+deb9u1) ...
Setting up python3.5-minimal (3.5.3-1+deb9u1) ...
Setting up python3-minimal (3.5.3-1) ...
Selecting previously unselected package python3.
(Reading database ... (Reading database ... 5%(Reading database ... 10%(Reading database ... 15%(Reading database ... 20%(Reading database ... 25%(Reading database ... 30%(Reading database ... 35%(Reading database ... 40%(Reading database ... 45%(Reading database ... 50%(Reading database ... 55%(Reading database ... 60%(Reading database ... 65%(Reading database ... 70%(Reading database ... 75%(Reading database ... 80%(Reading database ... 85%(Reading database ... 90%(Reading database ... 95%(Reading database ... 100%(Reading database ... 16473 files and directories currently installed.)
Preparing to unpack .../00-python3_3.5.3-1_s390x.deb ...
Unpacking python3 (3.5.3-1) ...
Selecting previously unselected package pigz.
Preparing to unpack .../01-pigz_2.3.4-1_s390x.deb ...
Unpacking pigz (2.3.4-1) ...
Selecting previously unselected package libip4tc0:s390x.
Preparing to unpack .../02-libip4tc0_1.6.0+snapshot20161117-6_s390x.deb ...
Unpacking libip4tc0:s390x (1.6.0+snapshot20161117-6) ...
Selecting previously unselected package libip6tc0:s390x.
Preparing to unpack .../03-libip6tc0_1.6.0+snapshot20161117-6_s390x.deb ...
Unpacking libip6tc0:s390x (1.6.0+snapshot20161117-6) ...
Selecting previously unselected package libiptc0:s390x.
Preparing to unpack .../04-libiptc0_1.6.0+snapshot20161117-6_s390x.deb ...
Unpacking libiptc0:s390x (1.6.0+snapshot20161117-6) ...
Selecting previously unselected package libxtables12:s390x.
Preparing to unpack .../05-libxtables12_1.6.0+snapshot20161117-6_s390x.deb ...
Unpacking libxtables12:s390x (1.6.0+snapshot20161117-6) ...
Selecting previously unselected package libnetfilter-conntrack3:s390x.
Preparing to unpack .../06-libnetfilter-conntrack3_1.0.6-2_s390x.deb ...
Unpacking libnetfilter-conntrack3:s390x (1.0.6-2) ...
Selecting previously unselected package iptables.
Preparing to unpack .../07-iptables_1.6.0+snapshot20161117-6_s390x.deb ...
Unpacking iptables (1.6.0+snapshot20161117-6) ...
Selecting previously unselected package xxd.
Preparing to unpack .../08-xxd_2%3a8.0.0197-4+deb9u1_s390x.deb ...
Unpacking xxd (2:8.0.0197-4+deb9u1) ...
Selecting previously unselected package vim-common.
Preparing to unpack .../09-vim-common_2%3a8.0.0197-4+deb9u1_all.deb ...
Unpacking vim-common (2:8.0.0197-4+deb9u1) ...
Selecting previously unselected package bzip2.
Preparing to unpack .../10-bzip2_1.0.6-8.1_s390x.deb ...
Unpacking bzip2 (1.0.6-8.1) ...
Selecting previously unselected package libgpm2:s390x.
Preparing to unpack .../11-libgpm2_1.20.4-6.2+b1_s390x.deb ...
Unpacking libgpm2:s390x (1.20.4-6.2+b1) ...
Selecting previously unselected package xz-utils.
Preparing to unpack .../12-xz-utils_5.2.2-1.2+b1_s390x.deb ...
Unpacking xz-utils (5.2.2-1.2+b1) ...
Selecting previously unselected package aufs-tools.
Preparing to unpack .../13-aufs-tools_1%3a4.1+20161219-1_s390x.deb ...
Unpacking aufs-tools (1:4.1+20161219-1) ...
Selecting previously unselected package liblzo2-2:s390x.
Preparing to unpack .../14-liblzo2-2_2.08-1.2+b2_s390x.deb ...
Unpacking liblzo2-2:s390x (2.08-1.2+b2) ...
Selecting previously unselected package btrfs-progs.
Preparing to unpack .../15-btrfs-progs_4.7.3-1_s390x.deb ...
Unpacking btrfs-progs (4.7.3-1) ...
Selecting previously unselected package btrfs-tools.
Preparing to unpack .../16-btrfs-tools_4.7.3-1_s390x.deb ...
Unpacking btrfs-tools (4.7.3-1) ...
Selecting previously unselected package libdevmapper1.02.1:s390x.
Preparing to unpack .../17-libdevmapper1.02.1_2%3a1.02.137-2_s390x.deb ...
Unpacking libdevmapper1.02.1:s390x (2:1.02.137-2) ...
Selecting previously unselected package dmsetup.
Preparing to unpack .../18-dmsetup_2%3a1.02.137-2_s390x.deb ...
Unpacking dmsetup (2:1.02.137-2) ...
Selecting previously unselected package libonig4:s390x.
Preparing to unpack .../19-libonig4_6.1.3-2_s390x.deb ...
Unpacking libonig4:s390x (6.1.3-2) ...
Selecting previously unselected package libjq1:s390x.
Preparing to unpack .../20-libjq1_1.5+dfsg-1.3_s390x.deb ...
Unpacking libjq1:s390x (1.5+dfsg-1.3) ...
Selecting previously unselected package jq.
Preparing to unpack .../21-jq_1.5+dfsg-1.3_s390x.deb ...
Unpacking jq (1.5+dfsg-1.3) ...
Selecting previously unselected package libaio1:s390x.
Preparing to unpack .../22-libaio1_0.3.110-3_s390x.deb ...
Unpacking libaio1:s390x (0.3.110-3) ...
Selecting previously unselected package libcap2-bin.
Preparing to unpack .../23-libcap2-bin_1%3a2.25-1_s390x.deb ...
Unpacking libcap2-bin (1:2.25-1) ...
Selecting previously unselected package libdevmapper-event1.02.1:s390x.
Preparing to unpack .../24-libdevmapper-event1.02.1_2%3a1.02.137-2_s390x.deb ...
Unpacking libdevmapper-event1.02.1:s390x (2:1.02.137-2) ...
Selecting previously unselected package libsepol1-dev:s390x.
Preparing to unpack .../25-libsepol1-dev_2.6-2_s390x.deb ...
Unpacking libsepol1-dev:s390x (2.6-2) ...
Selecting previously unselected package libpcre16-3:s390x.
Preparing to unpack .../26-libpcre16-3_2%3a8.39-3_s390x.deb ...
Unpacking libpcre16-3:s390x (2:8.39-3) ...
Selecting previously unselected package libpcre32-3:s390x.
Preparing to unpack .../27-libpcre32-3_2%3a8.39-3_s390x.deb ...
Unpacking libpcre32-3:s390x (2:8.39-3) ...
Selecting previously unselected package libpcre3-dev:s390x.
Preparing to unpack .../28-libpcre3-dev_2%3a8.39-3_s390x.deb ...
Unpacking libpcre3-dev:s390x (2:8.39-3) ...
Selecting previously unselected package libselinux1-dev:s390x.
Preparing to unpack .../29-libselinux1-dev_2.6-3+b3_s390x.deb ...
Unpacking libselinux1-dev:s390x (2.6-3+b3) ...
Selecting previously unselected package libdevmapper-dev:s390x.
Preparing to unpack .../30-libdevmapper-dev_2%3a1.02.137-2_s390x.deb ...
Unpacking libdevmapper-dev:s390x (2:1.02.137-2) ...
Selecting previously unselected package libexpat1-dev:s390x.
Preparing to unpack .../31-libexpat1-dev_2.2.0-2+deb9u1_s390x.deb ...
Unpacking libexpat1-dev:s390x (2.2.0-2+deb9u1) ...
Selecting previously unselected package libpython2.7:s390x.
Preparing to unpack .../32-libpython2.7_2.7.13-2+deb9u3_s390x.deb ...
Unpacking libpython2.7:s390x (2.7.13-2+deb9u3) ...
Selecting previously unselected package libpython2.7-dev:s390x.
Preparing to unpack .../33-libpython2.7-dev_2.7.13-2+deb9u3_s390x.deb ...
Unpacking libpython2.7-dev:s390x (2.7.13-2+deb9u3) ...
Selecting previously unselected package libpython-dev:s390x.
Preparing to unpack .../34-libpython-dev_2.7.13-2_s390x.deb ...
Unpacking libpython-dev:s390x (2.7.13-2) ...
Selecting previously unselected package libreadline5:s390x.
Preparing to unpack .../35-libreadline5_5.2+dfsg-3+b1_s390x.deb ...
Unpacking libreadline5:s390x (5.2+dfsg-3+b1) ...
Selecting previously unselected package libsystemd-dev:s390x.
Preparing to unpack .../36-libsystemd-dev_232-25+deb9u6_s390x.deb ...
Unpacking libsystemd-dev:s390x (232-25+deb9u6) ...
Selecting previously unselected package net-tools.
Preparing to unpack .../37-net-tools_1.60+git20161116.90da8a0-1_s390x.deb ...
Unpacking net-tools (1.60+git20161116.90da8a0-1) ...
Selecting previously unselected package python-backports.ssl-match-hostname.
Preparing to unpack .../38-python-backports.ssl-match-hostname_3.5.0.1-1_all.deb ...
Unpacking python-backports.ssl-match-hostname (3.5.0.1-1) ...
Selecting previously unselected package python-pkg-resources.
Preparing to unpack .../39-python-pkg-resources_33.1.1-1_all.deb ...
Unpacking python-pkg-resources (33.1.1-1) ...
Selecting previously unselected package python-chardet.
Preparing to unpack .../40-python-chardet_2.3.0-2_all.deb ...
Unpacking python-chardet (2.3.0-2) ...
Selecting previously unselected package python2.7-dev.
Preparing to unpack .../41-python2.7-dev_2.7.13-2+deb9u3_s390x.deb ...
Unpacking python2.7-dev (2.7.13-2+deb9u3) ...
Selecting previously unselected package python-dev.
Preparing to unpack .../42-python-dev_2.7.13-2_s390x.deb ...
Unpacking python-dev (2.7.13-2) ...
Selecting previously unselected package python-funcsigs.
Preparing to unpack .../43-python-funcsigs_1.0.2-3_all.deb ...
Unpacking python-funcsigs (1.0.2-3) ...
Selecting previously unselected package python-pbr.
Preparing to unpack .../44-python-pbr_1.10.0-1_all.deb ...
Unpacking python-pbr (1.10.0-1) ...
Selecting previously unselected package python-pip-whl.
Preparing to unpack .../45-python-pip-whl_9.0.1-2_all.deb ...
Unpacking python-pip-whl (9.0.1-2) ...
Selecting previously unselected package python-pip.
Preparing to unpack .../46-python-pip_9.0.1-2_all.deb ...
Unpacking python-pip (9.0.1-2) ...
Selecting previously unselected package python-urllib3.
Preparing to unpack .../47-python-urllib3_1.19.1-1_all.deb ...
Unpacking python-urllib3 (1.19.1-1) ...
Selecting previously unselected package python-requests.
Preparing to unpack .../48-python-requests_2.12.4-1_all.deb ...
Unpacking python-requests (2.12.4-1) ...
Selecting previously unselected package python-setuptools.
Preparing to unpack .../49-python-setuptools_33.1.1-1_all.deb ...
Unpacking python-setuptools (33.1.1-1) ...
Selecting previously unselected package python-websocket.
Preparing to unpack .../50-python-websocket_0.37.0-2_all.deb ...
Unpacking python-websocket (0.37.0-2) ...
Selecting previously unselected package python-wheel.
Preparing to unpack .../51-python-wheel_0.29.0-2_all.deb ...
Unpacking python-wheel (0.29.0-2) ...
Selecting previously unselected package thin-provisioning-tools.
Preparing to unpack .../52-thin-provisioning-tools_0.6.1-4+b1_s390x.deb ...
Unpacking thin-provisioning-tools (0.6.1-4+b1) ...
Selecting previously unselected package vim-runtime.
Preparing to unpack .../53-vim-runtime_2%3a8.0.0197-4+deb9u1_all.deb ...
Adding 'diversion of /usr/share/vim/vim80/doc/help.txt to /usr/share/vim/vim80/doc/help.txt.vim-tiny by vim-runtime'
Adding 'diversion of /usr/share/vim/vim80/doc/tags to /usr/share/vim/vim80/doc/tags.vim-tiny by vim-runtime'
Unpacking vim-runtime (2:8.0.0197-4+deb9u1) ...
Selecting previously unselected package vim.
Preparing to unpack .../54-vim_2%3a8.0.0197-4+deb9u1_s390x.deb ...
Unpacking vim (2:8.0.0197-4+deb9u1) ...
Selecting previously unselected package xfsprogs.
Preparing to unpack .../55-xfsprogs_4.9.0+nmu1_s390x.deb ...
Unpacking xfsprogs (4.9.0+nmu1) ...
Selecting previously unselected package zip.
Preparing to unpack .../56-zip_3.0-11+b1_s390x.deb ...
Unpacking zip (3.0-11+b1) ...
Selecting previously unselected package libapparmor-perl.
Preparing to unpack .../57-libapparmor-perl_2.11.0-3+deb9u2_s390x.deb ...
Unpacking libapparmor-perl (2.11.0-3+deb9u2) ...
Selecting previously unselected package apparmor.
Preparing to unpack .../58-apparmor_2.11.0-3+deb9u2_s390x.deb ...
Unpacking apparmor (2.11.0-3+deb9u2) ...
Selecting previously unselected package binutils-mingw-w64-i686.
Preparing to unpack .../59-binutils-mingw-w64-i686_2.28-5+7.4+b4_s390x.deb ...
Unpacking binutils-mingw-w64-i686 (2.28-5+7.4+b4) ...
Selecting previously unselected package binutils-mingw-w64-x86-64.
Preparing to unpack .../60-binutils-mingw-w64-x86-64_2.28-5+7.4+b4_s390x.deb ...
Unpacking binutils-mingw-w64-x86-64 (2.28-5+7.4+b4) ...
Selecting previously unselected package binutils-mingw-w64.
Preparing to unpack .../61-binutils-mingw-w64_2.27.90.20161231-1+7.4_all.deb ...
Unpacking binutils-mingw-w64 (2.27.90.20161231-1+7.4) ...
Selecting previously unselected package mingw-w64-common.
Preparing to unpack .../62-mingw-w64-common_5.0.1-1_all.deb ...
Unpacking mingw-w64-common (5.0.1-1) ...
Selecting previously unselected package mingw-w64-x86-64-dev.
Preparing to unpack .../63-mingw-w64-x86-64-dev_5.0.1-1_all.deb ...
Unpacking mingw-w64-x86-64-dev (5.0.1-1) ...
Selecting previously unselected package gcc-mingw-w64-base.
Preparing to unpack .../64-gcc-mingw-w64-base_6.3.0-18+19.3+b3_s390x.deb ...
Unpacking gcc-mingw-w64-base (6.3.0-18+19.3+b3) ...
Selecting previously unselected package gcc-mingw-w64-x86-64.
Preparing to unpack .../65-gcc-mingw-w64-x86-64_6.3.0-18+19.3+b3_s390x.deb ...
Unpacking gcc-mingw-w64-x86-64 (6.3.0-18+19.3+b3) ...
Selecting previously unselected package g++-mingw-w64-x86-64.
Preparing to unpack .../66-g++-mingw-w64-x86-64_6.3.0-18+19.3+b3_s390x.deb ...
Unpacking g++-mingw-w64-x86-64 (6.3.0-18+19.3+b3) ...
Selecting previously unselected package python-mock.
Preparing to unpack .../67-python-mock_2.0.0-3_all.deb ...
Unpacking python-mock (2.0.0-3) ...
Setting up aufs-tools (1:4.1+20161219-1) ...
Setting up binutils-mingw-w64-x86-64 (2.28-5+7.4+b4) ...
Setting up libsepol1-dev:s390x (2.6-2) ...
Setting up python-pip-whl (9.0.1-2) ...
Setting up python-urllib3 (1.19.1-1) ...
Setting up libip4tc0:s390x (1.6.0+snapshot20161117-6) ...
Processing triggers for mime-support (3.60) ...
Setting up xxd (2:8.0.0197-4+deb9u1) ...
Setting up libgpm2:s390x (1.20.4-6.2+b1) ...
Setting up libcap2-bin (1:2.25-1) ...
Setting up binutils-mingw-w64-i686 (2.28-5+7.4+b4) ...
Setting up binutils-mingw-w64 (2.27.90.20161231-1+7.4) ...
Setting up bash-completion (1:2.1-4.3) ...
Setting up libonig4:s390x (6.1.3-2) ...
Setting up python-wheel (0.29.0-2) ...
Setting up python-pkg-resources (33.1.1-1) ...
Setting up zip (3.0-11+b1) ...
Setting up python-backports.ssl-match-hostname (3.5.0.1-1) ...
Setting up bzip2 (1.0.6-8.1) ...
Setting up python-websocket (0.37.0-2) ...
update-alternatives: using /usr/bin/python2-wsdump to provide /usr/bin/wsdump (wsdump) in auto mode
Setting up gcc-mingw-w64-base (6.3.0-18+19.3+b3) ...
Setting up libjq1:s390x (1.5+dfsg-1.3) ...
Processing triggers for libc-bin (2.24-11+deb9u3) ...
Setting up libaio1:s390x (0.3.110-3) ...
Setting up libxtables12:s390x (1.6.0+snapshot20161117-6) ...
Setting up xz-utils (5.2.2-1.2+b1) ...
update-alternatives: using /usr/bin/xz to provide /usr/bin/lzma (lzma) in auto mode
Setting up python-pbr (1.10.0-1) ...
update-alternatives: using /usr/bin/python2-pbr to provide /usr/bin/pbr (pbr) in auto mode
Setting up thin-provisioning-tools (0.6.1-4+b1) ...
Setting up libpython2.7:s390x (2.7.13-2+deb9u3) ...
Setting up vim-common (2:8.0.0197-4+deb9u1) ...
Setting up python-funcsigs (1.0.2-3) ...
Setting up libexpat1-dev:s390x (2.2.0-2+deb9u1) ...
Setting up libpcrecpp0v5:s390x (2:8.39-3) ...
Setting up libpcre32-3:s390x (2:8.39-3) ...
Setting up libnfnetlink0:s390x (1.0.1-3) ...
Setting up vim-runtime (2:8.0.0197-4+deb9u1) ...
Setting up libsystemd-dev:s390x (232-25+deb9u6) ...
Setting up libpython2.7-dev:s390x (2.7.13-2+deb9u3) ...
Setting up libpcre16-3:s390x (2:8.39-3) ...
Setting up libreadline5:s390x (5.2+dfsg-3+b1) ...
Setting up net-tools (1.60+git20161116.90da8a0-1) ...
Setting up python-pip (9.0.1-2) ...
Setting up libudev-dev:s390x (232-25+deb9u6) ...
Setting up python2.7-dev (2.7.13-2+deb9u3) ...
Setting up pigz (2.3.4-1) ...
Setting up libapparmor-perl (2.11.0-3+deb9u2) ...
Setting up libmpdec2:s390x (2.4.2-1) ...
Setting up libip6tc0:s390x (1.6.0+snapshot20161117-6) ...
Setting up mingw-w64-common (5.0.1-1) ...
Setting up liblzo2-2:s390x (2.08-1.2+b2) ...
Setting up libpython-dev:s390x (2.7.13-2) ...
Setting up python-setuptools (33.1.1-1) ...
Setting up jq (1.5+dfsg-1.3) ...
Setting up libpcre3-dev:s390x (2:8.39-3) ...
Setting up libnetfilter-conntrack3:s390x (1.0.6-2) ...
Setting up python-chardet (2.3.0-2) ...
Setting up xfsprogs (4.9.0+nmu1) ...
Setting up vim (2:8.0.0197-4+deb9u1) ...
update-alternatives: using /usr/bin/vim.basic to provide /usr/bin/vim (vim) in auto mode
update-alternatives: using /usr/bin/vim.basic to provide /usr/bin/vimdiff (vimdiff) in auto mode
update-alternatives: using /usr/bin/vim.basic to provide /usr/bin/rvim (rvim) in auto mode
update-alternatives: using /usr/bin/vim.basic to provide /usr/bin/rview (rview) in auto mode
update-alternatives: using /usr/bin/vim.basic to provide /usr/bin/vi (vi) in auto mode
update-alternatives: using /usr/bin/vim.basic to provide /usr/bin/view (view) in auto mode
update-alternatives: using /usr/bin/vim.basic to provide /usr/bin/ex (ex) in auto mode
update-alternatives: using /usr/bin/vim.basic to provide /usr/bin/editor (editor) in auto mode
Setting up python-dev (2.7.13-2) ...
Setting up libpython3.5-stdlib:s390x (3.5.3-1+deb9u1) ...
Setting up python-mock (2.0.0-3) ...
Setting up libiptc0:s390x (1.6.0+snapshot20161117-6) ...
Setting up mingw-w64-x86-64-dev (5.0.1-1) ...
Setting up iptables (1.6.0+snapshot20161117-6) ...
Setting up btrfs-progs (4.7.3-1) ...
Setting up python-requests (2.12.4-1) ...
Setting up libselinux1-dev:s390x (2.6-3+b3) ...
Setting up python3.5 (3.5.3-1+deb9u1) ...
Setting up libpython3-stdlib:s390x (3.5.3-1) ...
Setting up gcc-mingw-w64-x86-64 (6.3.0-18+19.3+b3) ...
update-alternatives: using /usr/bin/x86_64-w64-mingw32-gcc-posix to provide /usr/bin/x86_64-w64-mingw32-gcc (x86_64-w64-mingw32-gcc) in auto mode
update-alternatives: warning: skip creation of /usr/bin/x86_64-w64-mingw32-gcc-6 because associated file /usr/bin/x86_64-w64-mingw32-gcc-6-posix (of link group x86_64-w64-mingw32-gcc) doesn't exist
update-alternatives: using /usr/bin/x86_64-w64-mingw32-gcc-win32 to provide /usr/bin/x86_64-w64-mingw32-gcc (x86_64-w64-mingw32-gcc) in auto mode
update-alternatives: warning: skip creation of /usr/bin/x86_64-w64-mingw32-gcc-6 because associated file /usr/bin/x86_64-w64-mingw32-gcc-6-win32 (of link group x86_64-w64-mingw32-gcc) doesn't exist
Setting up btrfs-tools (4.7.3-1) ...
Setting up g++-mingw-w64-x86-64 (6.3.0-18+19.3+b3) ...
update-alternatives: using /usr/bin/x86_64-w64-mingw32-g++-posix to provide /usr/bin/x86_64-w64-mingw32-g++ (x86_64-w64-mingw32-g++) in auto mode
update-alternatives: using /usr/bin/x86_64-w64-mingw32-g++-win32 to provide /usr/bin/x86_64-w64-mingw32-g++ (x86_64-w64-mingw32-g++) in auto mode
Setting up python3 (3.5.3-1) ...
running python rtupdate hooks for python3.5...
running python post-rtupdate hooks for python3.5...
Setting up apparmor (2.11.0-3+deb9u2) ...
debconf: unable to initialize frontend: Dialog
debconf: (TERM is not set, so the dialog frontend is not usable.)
debconf: falling back to frontend: Readline
update-rc.d: warning: start and stop actions are no longer supported; falling back to defaults
diff: /var/lib/apparmor/profiles/.apparmor.md5sums: No such file or directory
Setting up libdevmapper1.02.1:s390x (2:1.02.137-2) ...
Setting up libdevmapper-event1.02.1:s390x (2:1.02.137-2) ...
Setting up dmsetup (2:1.02.137-2) ...
Setting up dh-python (2.20170125) ...
Setting up libdevmapper-dev:s390x (2:1.02.137-2) ...
Processing triggers for libc-bin (2.24-11+deb9u3) ...
Removing intermediate container c90ab14ac50f
 ---> 25cd5e4c67c5
Step 73/94 : COPY --from=swagger /build/swagger* /usr/local/bin/
 ---> ff1aa46a370a
Step 74/94 : COPY --from=frozen-images /build/ /docker-frozen-images
 ---> 0108e8ce4e24
Step 75/94 : COPY --from=gometalinter /build/ /usr/local/bin/
 ---> 062dd4782413
Step 76/94 : COPY --from=tomlv /build/ /usr/local/bin/
 ---> e071b7e59da4
Step 77/94 : COPY --from=vndr /build/ /usr/local/bin/
 ---> 2d5cc1ae8fd2
Step 78/94 : COPY --from=tini /build/ /usr/local/bin/
 ---> 6356d8b1f547
Step 79/94 : COPY --from=runc /build/ /usr/local/bin/
 ---> c2c5a77b875d
Step 80/94 : COPY --from=containerd /build/ /usr/local/bin/
 ---> 822d0a64be4e
Step 81/94 : COPY --from=proxy /build/ /usr/local/bin/
 ---> 10cee4da7828
Step 82/94 : COPY --from=dockercli /build/ /usr/local/cli
 ---> 8d75e759e0c7
Step 83/94 : COPY --from=registry /build/registry* /usr/local/bin/
 ---> f8783682d26c
Step 84/94 : COPY --from=criu /build/ /usr/local/
 ---> 03f8b722874d
Step 85/94 : COPY --from=docker-py /build/ /docker-py
 ---> a629db0b7f17
Step 86/94 : RUN cd /docker-py 	&& pip install docker-pycreds==0.2.1 	&& pip install yamllint==1.5.0 	&& pip install -r test-requirements.txt
 ---> Running in d0facfa0ab35
Collecting docker-pycreds==0.2.1
  Downloading https://files.pythonhosted.org/packages/ff/ec/14e976222468249cc50df4a031e5922581747b52dc96a0b1d5d73fee8f0e/docker_pycreds-0.2.1-py2.py3-none-any.whl
Requirement already satisfied: six>=1.4.0 in /usr/lib/python2.7/dist-packages (from docker-pycreds==0.2.1)
Installing collected packages: docker-pycreds
Successfully installed docker-pycreds-0.2.1
Collecting yamllint==1.5.0
  Downloading https://files.pythonhosted.org/packages/64/93/2a2e99b04f4a2f2adb26f4f543770310bf6303b3af492345c4a700d14f4e/yamllint-1.5.0-py2.py3-none-any.whl
Collecting pyyaml (from yamllint==1.5.0)
  Downloading https://files.pythonhosted.org/packages/9e/a3/1d13970c3f36777c583f136c136f804d70f500168edc1edea6daa7200769/PyYAML-3.13.tar.gz (270kB)
Building wheels for collected packages: pyyaml
  Running setup.py bdist_wheel for pyyaml: started
  Running setup.py bdist_wheel for pyyaml: finished with status 'done'
  Stored in directory: /root/.cache/pip/wheels/ad/da/0c/74eb680767247273e2cf2723482cb9c924fe70af57c334513f
Successfully built pyyaml
Installing collected packages: pyyaml, yamllint
Successfully installed pyyaml-3.13 yamllint-1.5.0
Collecting mock==1.0.1 (from -r test-requirements.txt (line 1))
  Downloading https://files.pythonhosted.org/packages/a2/52/7edcd94f0afb721a2d559a5b9aae8af4f8f2c79bc63fdbe8a8a6c9b23bbe/mock-1.0.1.tar.gz (818kB)
Collecting pytest==2.9.1 (from -r test-requirements.txt (line 2))
  Downloading https://files.pythonhosted.org/packages/61/49/c299eeaea69ed31338a58762b5185c56044fc2e09434694742ca2306a514/pytest-2.9.1-py2.py3-none-any.whl (161kB)
Collecting coverage==3.7.1 (from -r test-requirements.txt (line 3))
  Downloading https://files.pythonhosted.org/packages/09/4f/89b06c7fdc09687bca507dc411c342556ef9c5a3b26756137a4878ff19bf/coverage-3.7.1.tar.gz (284kB)
Collecting pytest-cov==2.1.0 (from -r test-requirements.txt (line 4))
  Downloading https://files.pythonhosted.org/packages/f2/9b/03b7d51c74d8f7088e37043dcf4f59faed359c56e7d016e2627108072679/pytest_cov-2.1.0-py2.py3-none-any.whl
Collecting flake8==3.4.1 (from -r test-requirements.txt (line 5))
  Downloading https://files.pythonhosted.org/packages/b2/d3/e80ea2616e3871ae22459c415c63d64b9bd744c92267482670fcdbcea72d/flake8-3.4.1-py2.py3-none-any.whl (68kB)
Collecting py>=1.4.29 (from pytest==2.9.1->-r test-requirements.txt (line 2))
  Downloading https://files.pythonhosted.org/packages/3e/c7/3da685ef117d42ac8d71af525208759742dd235f8094221fdaafcd3dba8f/py-1.7.0-py2.py3-none-any.whl (83kB)
Collecting mccabe<0.7.0,>=0.6.0 (from flake8==3.4.1->-r test-requirements.txt (line 5))
  Downloading https://files.pythonhosted.org/packages/87/89/479dc97e18549e21354893e4ee4ef36db1d237534982482c3681ee6e7b57/mccabe-0.6.1-py2.py3-none-any.whl
Collecting enum34; python_version < "3.4" (from flake8==3.4.1->-r test-requirements.txt (line 5))
  Downloading https://files.pythonhosted.org/packages/c5/db/e56e6b4bbac7c4a06de1c50de6fe1ef3810018ae11732a50f15f62c7d050/enum34-1.1.6-py2-none-any.whl
Collecting configparser; python_version < "3.2" (from flake8==3.4.1->-r test-requirements.txt (line 5))
  Downloading https://files.pythonhosted.org/packages/7c/69/c2ce7e91c89dc073eb1aa74c0621c3eefbffe8216b3f9af9d3885265c01c/configparser-3.5.0.tar.gz
Collecting pycodestyle<2.4.0,>=2.0.0 (from flake8==3.4.1->-r test-requirements.txt (line 5))
  Downloading https://files.pythonhosted.org/packages/e4/81/78fe51eb4038d1388b7217dd63770b0f428370207125047312886c923b26/pycodestyle-2.3.1-py2.py3-none-any.whl (45kB)
Collecting pyflakes<1.6.0,>=1.5.0 (from flake8==3.4.1->-r test-requirements.txt (line 5))
  Downloading https://files.pythonhosted.org/packages/27/49/924098b3b85c286696f37e014475d79471ffc44509613af420645a3c12cb/pyflakes-1.5.0-py2.py3-none-any.whl (225kB)
Building wheels for collected packages: mock, coverage, configparser
  Running setup.py bdist_wheel for mock: started
  Running setup.py bdist_wheel for mock: finished with status 'done'
  Stored in directory: /root/.cache/pip/wheels/7e/72/92/744b532c779242b57aab4bcba80c312b30c069bbd60025e7e6
  Running setup.py bdist_wheel for coverage: started
  Running setup.py bdist_wheel for coverage: finished with status 'done'
  Stored in directory: /root/.cache/pip/wheels/68/58/66/f1fc9afad272df0df0fa38cdef34ee2d5d8d6a85f4eb5acab5
  Running setup.py bdist_wheel for configparser: started
  Running setup.py bdist_wheel for configparser: finished with status 'done'
  Stored in directory: /root/.cache/pip/wheels/a3/61/79/424ef897a2f3b14684a7de5d89e8600b460b89663e6ce9d17c
Successfully built mock coverage configparser
Installing collected packages: mock, py, pytest, coverage, pytest-cov, mccabe, enum34, configparser, pycodestyle, pyflakes, flake8
  Found existing installation: mock 2.0.0
    Not uninstalling mock at /usr/lib/python2.7/dist-packages, outside environment /usr
Successfully installed configparser-3.5.0 coverage-3.7.1 enum34-1.1.6 flake8-3.4.1 mccabe-0.6.1 mock-1.0.1 py-1.7.0 pycodestyle-2.3.1 pyflakes-1.5.0 pytest-2.9.1 pytest-cov-2.1.0
Removing intermediate container d0facfa0ab35
 ---> 462f979eef9d
Step 87/94 : ENV PATH=/usr/local/cli:$PATH
 ---> Running in 72b4063ac0da
Removing intermediate container 72b4063ac0da
 ---> 17df175522ab
Step 88/94 : ENV DOCKER_BUILDTAGS apparmor seccomp selinux
 ---> Running in d9b9686da5f3
Removing intermediate container d9b9686da5f3
 ---> 2d123d4e2b9a
Step 89/94 : ENV GOMETALINTER_OPTS="--deadline=2m"
 ---> Running in 4ac79d784fc5
Removing intermediate container 4ac79d784fc5
 ---> 739386b0ab4c
Step 90/94 : WORKDIR /go/src/github.com/docker/docker
 ---> Running in cfcbf7d2628c
Removing intermediate container cfcbf7d2628c
 ---> 1f24bb917407
Step 91/94 : VOLUME /var/lib/docker
 ---> Running in 78169a65e053
Removing intermediate container 78169a65e053
 ---> 4c55814cfbdc
Step 92/94 : ENTRYPOINT ["hack/dind"]
 ---> Running in 113f59bf5794
Removing intermediate container 113f59bf5794
 ---> 3631f84051e2
Step 93/94 : FROM dev AS final
 ---> 3631f84051e2
Step 94/94 : COPY . /go/src/github.com/docker/docker
 ---> 125ea4a76115
Successfully built 125ea4a76115
Successfully tagged docker-s390x:36cc401
?   	github.com/docker/docker/api	[no test files]
ok  	github.com/docker/docker/api/server	0.004s	coverage: 7.9% of statements
?   	github.com/docker/docker/api/server/backend/build	[no test files]
ok  	github.com/docker/docker/api/server/httputils	0.004s	coverage: 11.1% of statements
ok  	github.com/docker/docker/api/server/middleware	0.004s	coverage: 43.4% of statements
?   	github.com/docker/docker/api/server/router	[no test files]
?   	github.com/docker/docker/api/server/router/build	[no test files]
?   	github.com/docker/docker/api/server/router/checkpoint	[no test files]
?   	github.com/docker/docker/api/server/router/container	[no test files]
?   	github.com/docker/docker/api/server/router/debug	[no test files]
?   	github.com/docker/docker/api/server/router/distribution	[no test files]
?   	github.com/docker/docker/api/server/router/image	[no test files]
?   	github.com/docker/docker/api/server/router/network	[no test files]
?   	github.com/docker/docker/api/server/router/plugin	[no test files]
?   	github.com/docker/docker/api/server/router/session	[no test files]
?   	github.com/docker/docker/api/server/router/swarm	[no test files]
?   	github.com/docker/docker/api/server/router/system	[no test files]
?   	github.com/docker/docker/api/server/router/volume	[no test files]
?   	github.com/docker/docker/api/types	[no test files]
?   	github.com/docker/docker/api/types/backend	[no test files]
?   	github.com/docker/docker/api/types/blkiodev	[no test files]
?   	github.com/docker/docker/api/types/container	[no test files]
?   	github.com/docker/docker/api/types/events	[no test files]
ok  	github.com/docker/docker/api/types/filters	0.003s	coverage: 94.2% of statements
?   	github.com/docker/docker/api/types/image	[no test files]
?   	github.com/docker/docker/api/types/mount	[no test files]
?   	github.com/docker/docker/api/types/network	[no test files]
?   	github.com/docker/docker/api/types/plugins/logdriver	[no test files]
?   	github.com/docker/docker/api/types/registry	[no test files]
ok  	github.com/docker/docker/api/types/strslice	0.002s	coverage: 90.0% of statements
?   	github.com/docker/docker/api/types/swarm	[no test files]
?   	github.com/docker/docker/api/types/swarm/runtime	[no test files]
ok  	github.com/docker/docker/api/types/time	0.002s	coverage: 100.0% of statements
ok  	github.com/docker/docker/api/types/versions	0.002s	coverage: 75.0% of statements
?   	github.com/docker/docker/api/types/versions/v1p19	[no test files]
?   	github.com/docker/docker/api/types/versions/v1p20	[no test files]
?   	github.com/docker/docker/api/types/volume	[no test files]
?   	github.com/docker/docker/builder	[no test files]
?   	github.com/docker/docker/builder/builder-next	[no test files]
?   	github.com/docker/docker/builder/builder-next/adapters/containerimage	[no test files]
?   	github.com/docker/docker/builder/builder-next/adapters/snapshot	[no test files]
?   	github.com/docker/docker/builder/builder-next/exporter	[no test files]
?   	github.com/docker/docker/builder/builder-next/imagerefchecker	[no test files]
?   	github.com/docker/docker/builder/builder-next/worker	[no test files]
ok  	github.com/docker/docker/builder/dockerfile	0.729s	coverage: 45.4% of statements
ok  	github.com/docker/docker/builder/dockerignore	0.002s	coverage: 96.8% of statements
ok  	github.com/docker/docker/builder/fscache	0.111s	coverage: 69.2% of statements
ok  	github.com/docker/docker/builder/remotecontext	0.289s	coverage: 13.7% of statements
ok  	github.com/docker/docker/builder/remotecontext/git	0.457s	coverage: 78.8% of statements
?   	github.com/docker/docker/cli	[no test files]
?   	github.com/docker/docker/cli/config	[no test files]
ok  	github.com/docker/docker/cli/debug	0.002s	coverage: 100.0% of statements
ok  	github.com/docker/docker/client	0.132s	coverage: 75.6% of statements
ok  	github.com/docker/docker/cmd/dockerd	0.034s	coverage: 31.4% of statements
ok  	github.com/docker/docker/cmd/dockerd/hack	0.002s	coverage: 72.9% of statements
ok  	github.com/docker/docker/container	0.112s	coverage: 35.6% of statements
?   	github.com/docker/docker/container/stream	[no test files]
?   	github.com/docker/docker/contrib/apparmor	[no test files]
?   	github.com/docker/docker/contrib/docker-device-tool	[no test files]
?   	github.com/docker/docker/contrib/httpserver	[no test files]
ok  	github.com/docker/docker/daemon	12.194s	coverage: 17.1% of statements
ok  	github.com/docker/docker/daemon/cluster	0.035s	coverage: 0.5% of statements
ok  	github.com/docker/docker/daemon/cluster/controllers/plugin	0.008s	coverage: 65.3% of statements
ok  	github.com/docker/docker/daemon/cluster/convert	0.006s	coverage: 28.0% of statements
?   	github.com/docker/docker/daemon/cluster/executor	[no test files]
ok  	github.com/docker/docker/daemon/cluster/executor/container	3.430s	coverage: 12.7% of statements
?   	github.com/docker/docker/daemon/cluster/provider	[no test files]
ok  	github.com/docker/docker/daemon/config	0.029s	coverage: 84.8% of statements
ok  	github.com/docker/docker/daemon/discovery	0.005s	coverage: 30.4% of statements
ok  	github.com/docker/docker/daemon/events	0.058s	coverage: 50.0% of statements
?   	github.com/docker/docker/daemon/events/testutils	[no test files]
?   	github.com/docker/docker/daemon/exec	[no test files]
ok  	github.com/docker/docker/daemon/graphdriver	0.006s	coverage: 2.2% of statements
ok  	github.com/docker/docker/daemon/graphdriver/aufs	11.016s	coverage: 73.6% of statements
ok  	github.com/docker/docker/daemon/graphdriver/btrfs	0.004s	coverage: 2.9% of statements
ok  	github.com/docker/docker/daemon/graphdriver/copy	0.190s	coverage: 57.0% of statements
ok  	github.com/docker/docker/daemon/graphdriver/devmapper	4.185s	coverage: 45.9% of statements
?   	github.com/docker/docker/daemon/graphdriver/graphtest	[no test files]
ok  	github.com/docker/docker/daemon/graphdriver/overlay	1.716s	coverage: 50.8% of statements
ok  	github.com/docker/docker/daemon/graphdriver/overlay2	4.846s	coverage: 56.8% of statements
?   	github.com/docker/docker/daemon/graphdriver/overlayutils	[no test files]
ok  	github.com/docker/docker/daemon/graphdriver/quota	0.625s	coverage: 75.2% of statements
?   	github.com/docker/docker/daemon/graphdriver/register	[no test files]
ok  	github.com/docker/docker/daemon/graphdriver/vfs	0.005s	coverage: 70.5% of statements
ok  	github.com/docker/docker/daemon/graphdriver/zfs	0.004s	coverage: 3.0% of statements
ok  	github.com/docker/docker/daemon/images	0.010s	coverage: 4.9% of statements
?   	github.com/docker/docker/daemon/initlayer	[no test files]
ok  	github.com/docker/docker/daemon/links	0.002s	coverage: 93.0% of statements
?   	github.com/docker/docker/daemon/listeners	[no test files]
ok  	github.com/docker/docker/daemon/logger	0.214s	coverage: 43.7% of statements
ok  	github.com/docker/docker/daemon/logger/awslogs	0.085s	coverage: 78.2% of statements
?   	github.com/docker/docker/daemon/logger/fluentd	[no test files]
?   	github.com/docker/docker/daemon/logger/gcplogs	[no test files]
ok  	github.com/docker/docker/daemon/logger/gelf	0.005s	coverage: 68.2% of statements
ok  	github.com/docker/docker/daemon/logger/journald	0.004s	coverage: 26.2% of statements
ok  	github.com/docker/docker/daemon/logger/jsonfilelog	0.006s	coverage: 62.1% of statements
ok  	github.com/docker/docker/daemon/logger/jsonfilelog/jsonlog	0.003s	coverage: 88.3% of statements
ok  	github.com/docker/docker/daemon/logger/local	0.011s	coverage: 74.7% of statements
?   	github.com/docker/docker/daemon/logger/logentries	[no test files]
ok  	github.com/docker/docker/daemon/logger/loggerutils	0.008s	coverage: 18.6% of statements
ok  	github.com/docker/docker/daemon/logger/splunk	1.505s	coverage: 84.5% of statements
ok  	github.com/docker/docker/daemon/logger/syslog	0.004s	coverage: 47.8% of statements
ok  	github.com/docker/docker/daemon/logger/templates	0.002s	coverage: 8.3% of statements
?   	github.com/docker/docker/daemon/names	[no test files]
ok  	github.com/docker/docker/daemon/network	0.003s	coverage: 57.1% of statements
?   	github.com/docker/docker/daemon/stats	[no test files]
ok  	github.com/docker/docker/distribution	0.271s	coverage: 16.8% of statements
ok  	github.com/docker/docker/distribution/metadata	0.025s	coverage: 48.2% of statements
?   	github.com/docker/docker/distribution/utils	[no test files]
ok  	github.com/docker/docker/distribution/xfer	1.427s	coverage: 83.9% of statements
?   	github.com/docker/docker/dockerversion	[no test files]
ok  	github.com/docker/docker/errdefs	0.002s	coverage: 76.0% of statements
ok  	github.com/docker/docker/image	0.015s	coverage: 86.3% of statements
ok  	github.com/docker/docker/image/cache	0.006s	coverage: 19.2% of statements
?   	github.com/docker/docker/image/tarexport	[no test files]
ok  	github.com/docker/docker/image/v1	0.006s	coverage: 25.0% of statements
ok  	github.com/docker/docker/internal/procfs	0.002s	coverage: 78.4% of statements
?   	github.com/docker/docker/internal/test	[no test files]
?   	github.com/docker/docker/internal/test/daemon	[no test files]
?   	github.com/docker/docker/internal/test/environment	[no test files]
?   	github.com/docker/docker/internal/test/fakecontext	[no test files]
?   	github.com/docker/docker/internal/test/fakegit	[no test files]
?   	github.com/docker/docker/internal/test/fakestorage	[no test files]
?   	github.com/docker/docker/internal/test/fixtures/load	[no test files]
?   	github.com/docker/docker/internal/test/fixtures/plugin	[no test files]
?   	github.com/docker/docker/internal/test/fixtures/plugin/basic	[no test files]
?   	github.com/docker/docker/internal/test/registry	[no test files]
?   	github.com/docker/docker/internal/test/request	[no test files]
ok  	github.com/docker/docker/internal/testutil	0.002s	coverage: 62.5% of statements
ok  	github.com/docker/docker/layer	7.769s	coverage: 71.4% of statements
ok  	github.com/docker/docker/libcontainerd	0.027s	coverage: 3.4% of statements
?   	github.com/docker/docker/libcontainerd/supervisor	[no test files]
?   	github.com/docker/docker/oci	[no test files]
?   	github.com/docker/docker/oci/caps	[no test files]
ok  	github.com/docker/docker/opts	0.022s	coverage: 68.4% of statements
ok  	github.com/docker/docker/pkg/aaparser	0.002s	coverage: 50.0% of statements
ok  	github.com/docker/docker/pkg/archive	0.487s	coverage: 77.2% of statements
ok  	github.com/docker/docker/pkg/authorization	0.297s	coverage: 66.7% of statements
ok  	github.com/docker/docker/pkg/broadcaster	0.002s	coverage: 100.0% of statements
ok  	github.com/docker/docker/pkg/chrootarchive	3.230s	coverage: 37.0% of statements
?   	github.com/docker/docker/pkg/containerfs	[no test files]
?   	github.com/docker/docker/pkg/devicemapper	[no test files]
ok  	github.com/docker/docker/pkg/directory	0.002s	coverage: 80.0% of statements
ok  	github.com/docker/docker/pkg/discovery	0.003s	coverage: 58.3% of statements
ok  	github.com/docker/docker/pkg/discovery/file	0.003s	coverage: 97.6% of statements
ok  	github.com/docker/docker/pkg/discovery/kv	3.102s	coverage: 84.1% of statements
ok  	github.com/docker/docker/pkg/discovery/memory	0.002s	coverage: 92.3% of statements
ok  	github.com/docker/docker/pkg/discovery/nodes	0.002s	coverage: 93.8% of statements
ok  	github.com/docker/docker/pkg/dmesg	0.002s	coverage: 83.3% of statements
ok  	github.com/docker/docker/pkg/filenotify	0.603s	coverage: 66.3% of statements
ok  	github.com/docker/docker/pkg/fileutils	0.006s	coverage: 89.5% of statements
ok  	github.com/docker/docker/pkg/fsutils	0.372s	coverage: 85.1% of statements
ok  	github.com/docker/docker/pkg/homedir	0.003s	coverage: 41.7% of statements
ok  	github.com/docker/docker/pkg/idtools	0.185s	coverage: 70.2% of statements
ok  	github.com/docker/docker/pkg/ioutils	0.326s	coverage: 70.0% of statements
ok  	github.com/docker/docker/pkg/jsonmessage	0.003s	coverage: 88.3% of statements
ok  	github.com/docker/docker/pkg/locker	0.013s	coverage: 88.9% of statements
ok  	github.com/docker/docker/pkg/longpath	0.002s	coverage: 100.0% of statements
?   	github.com/docker/docker/pkg/loopback	[no test files]
ok  	github.com/docker/docker/pkg/mount	1.015s	coverage: 68.6% of statements
ok  	github.com/docker/docker/pkg/namesgenerator	0.002s	coverage: 85.7% of statements
?   	github.com/docker/docker/pkg/namesgenerator/cmd/names-generator	[no test files]
ok  	github.com/docker/docker/pkg/parsers	0.002s	coverage: 97.0% of statements
ok  	github.com/docker/docker/pkg/parsers/kernel	0.001s	coverage: 60.0% of statements
ok  	github.com/docker/docker/pkg/parsers/operatingsystem	0.002s	coverage: 90.0% of statements
ok  	github.com/docker/docker/pkg/pidfile	0.002s	coverage: 82.4% of statements
?   	github.com/docker/docker/pkg/platform	[no test files]
?   	github.com/docker/docker/pkg/plugingetter	[no test files]
ok  	github.com/docker/docker/pkg/plugins	33.618s	coverage: 76.8% of statements
ok  	github.com/docker/docker/pkg/plugins/pluginrpc-gen	0.009s	coverage: 56.8% of statements
?   	github.com/docker/docker/pkg/plugins/pluginrpc-gen/fixtures	[no test files]
?   	github.com/docker/docker/pkg/plugins/pluginrpc-gen/fixtures/otherfixture	[no test files]
ok  	github.com/docker/docker/pkg/plugins/transport	0.003s	coverage: 85.7% of statements
ok  	github.com/docker/docker/pkg/pools	0.002s	coverage: 87.9% of statements
ok  	github.com/docker/docker/pkg/progress	0.002s	coverage: 75.9% of statements
ok  	github.com/docker/docker/pkg/pubsub	1.036s	coverage: 72.7% of statements
ok  	github.com/docker/docker/pkg/reexec	0.004s	coverage: 82.4% of statements
ok  	github.com/docker/docker/pkg/signal	2.392s	coverage: 61.0% of statements
?   	github.com/docker/docker/pkg/signal/testfiles	[no test files]
ok  	github.com/docker/docker/pkg/stdcopy	0.003s	coverage: 100.0% of statements
ok  	github.com/docker/docker/pkg/streamformatter	0.003s	coverage: 66.2% of statements
ok  	github.com/docker/docker/pkg/stringid	0.002s	coverage: 76.0% of statements
ok  	github.com/docker/docker/pkg/symlink	0.006s	coverage: 87.7% of statements
ok  	github.com/docker/docker/pkg/sysinfo	0.003s	coverage: 75.8% of statements
ok  	github.com/docker/docker/pkg/system	0.035s	coverage: 36.1% of statements
ok  	github.com/docker/docker/pkg/tailfile	0.013s	coverage: 88.6% of statements
ok  	github.com/docker/docker/pkg/tarsum	0.031s	coverage: 89.3% of statements
ok  	github.com/docker/docker/pkg/term	0.003s	coverage: 84.8% of statements
ok  	github.com/docker/docker/pkg/term/windows	0.001s	coverage: 0.0% of statements [no tests to run]
ok  	github.com/docker/docker/pkg/truncindex	0.102s	coverage: 91.5% of statements
ok  	github.com/docker/docker/pkg/urlutil	0.002s	coverage: 100.0% of statements
ok  	github.com/docker/docker/pkg/useragent	0.001s	coverage: 88.9% of statements
ok  	github.com/docker/docker/plugin	0.552s	coverage: 27.3% of statements
ok  	github.com/docker/docker/plugin/executor/containerd	0.007s	coverage: 33.3% of statements
ok  	github.com/docker/docker/plugin/v2	0.003s	coverage: 14.5% of statements
?   	github.com/docker/docker/profiles/apparmor	[no test files]
ok  	github.com/docker/docker/profiles/seccomp	0.003s	coverage: 81.0% of statements
ok  	github.com/docker/docker/reference	0.006s	coverage: 84.4% of statements
ok  	github.com/docker/docker/registry	0.157s	coverage: 57.0% of statements
ok  	github.com/docker/docker/registry/resumable	0.015s	coverage: 100.0% of statements
ok  	github.com/docker/docker/restartmanager	0.002s	coverage: 49.0% of statements
ok  	github.com/docker/docker/runconfig	0.006s	coverage: 68.2% of statements
?   	github.com/docker/docker/runconfig/opts	[no test files]
?   	github.com/docker/docker/volume	[no test files]
ok  	github.com/docker/docker/volume/drivers	0.005s	coverage: 36.1% of statements
ok  	github.com/docker/docker/volume/local	0.037s	coverage: 73.0% of statements
ok  	github.com/docker/docker/volume/mounts	0.027s	coverage: 66.8% of statements
ok  	github.com/docker/docker/volume/service	0.011s	coverage: 73.0% of statements
?   	github.com/docker/docker/volume/service/opts	[no test files]
?   	github.com/docker/docker/volume/testutils	[no test files]

Removing bundles/

---> Making bundle: dynbinary (in bundles/dynbinary)
Building: bundles/dynbinary-daemon/dockerd-dev
Created binary: bundles/dynbinary-daemon/dockerd-dev

---> Making bundle: test-integration (in bundles/test-integration)
Building test suite binary ./integration-cli/test.main
Building test suite binary ./integration/config/test.main
Building test suite binary ./integration/secret/test.main
Building test suite binary ./integration/session/test.main
Building test suite binary ./integration/plugin/test.main
Building test suite binary ./integration/plugin/logging/test.main
Building test suite binary ./integration/plugin/logging/cmd/test.main
Building test suite binary ./integration/plugin/logging/cmd/dummy/test.main
Building test suite binary ./integration/plugin/logging/cmd/close_on_start/test.main
Building test suite binary ./integration/plugin/authz/test.main
Building test suite binary ./integration/plugin/graphdriver/test.main
Building test suite binary ./integration/plugin/common/test.main
Building test suite binary ./integration/plugin/volumes/test.main
Building test suite binary ./integration/plugin/volumes/cmd/test.main
Building test suite binary ./integration/plugin/volumes/cmd/dummy/test.main
Building test suite binary ./integration/container/test.main
Building test suite binary ./integration/system/test.main
Building test suite binary ./integration/volume/test.main
Building test suite binary ./integration/build/test.main
Building test suite binary ./integration/network/test.main
Building test suite binary ./integration/network/ipvlan/test.main
Building test suite binary ./integration/network/macvlan/test.main
Building test suite binary ./integration/service/test.main
Building test suite binary ./integration/image/test.main
---> Making bundle: .integration-daemon-start (in bundles/test-integration)
Using test binary docker
/etc/init.d/apparmor: 130: /etc/init.d/apparmor: systemd-detect-virt: not found
Starting AppArmor profiles:Warning from stdin (line 1): /sbin/apparmor_parser: cannot use or update cache, disable, or force-complain via stdin
Warning failed to create cache: (null)
.
INFO: Waiting for daemon to start...
Starting dockerd
.
---> Making bundle: .integration-daemon-setup (in bundles/test-integration)
---> Making bundle: .ensure-emptyfs (in bundles/test-integration)
Error: No such image: emptyfs
Running integration-test (iteration 1)
Running /go/src/github.com/docker/docker/integration/config
Loaded image: buildpack-deps:jessie
Loaded image: busybox:latest
Loaded image: busybox:glibc
Loaded image: debian:jessie
Loaded image: hello-world:latest
INFO: Testing against a local daemon
=== RUN   TestConfigList
--- PASS: TestConfigList (3.19s)
    daemon.go:296: [d1105aab93b62] waiting for daemon to start
    daemon.go:328: [d1105aab93b62] daemon started
    daemon.go:283: [d1105aab93b62] exiting daemon
=== RUN   TestConfigsCreateAndDelete
--- PASS: TestConfigsCreateAndDelete (2.81s)
    daemon.go:296: [d72eaa8ecf5ef] waiting for daemon to start
    daemon.go:328: [d72eaa8ecf5ef] daemon started
    daemon.go:283: [d72eaa8ecf5ef] exiting daemon
=== RUN   TestConfigsUpdate
--- PASS: TestConfigsUpdate (2.95s)
    daemon.go:296: [d2215cfc9ea65] waiting for daemon to start
    daemon.go:328: [d2215cfc9ea65] daemon started
    daemon.go:283: [d2215cfc9ea65] exiting daemon
=== RUN   TestTemplatedConfig
--- PASS: TestTemplatedConfig (3.52s)
    daemon.go:296: [dccf555054d3c] waiting for daemon to start
    daemon.go:328: [dccf555054d3c] daemon started
    daemon.go:283: [dccf555054d3c] exiting daemon
=== RUN   TestConfigInspect
--- PASS: TestConfigInspect (2.86s)
    daemon.go:296: [dd6a4dd402b93] waiting for daemon to start
    daemon.go:328: [dd6a4dd402b93] daemon started
    daemon.go:283: [dd6a4dd402b93] exiting daemon
=== RUN   TestConfigCreateWithLabels
--- PASS: TestConfigCreateWithLabels (2.37s)
    daemon.go:296: [d1dede33499d7] waiting for daemon to start
    daemon.go:328: [d1dede33499d7] daemon started
    daemon.go:283: [d1dede33499d7] exiting daemon
=== RUN   TestConfigCreateResolve
--- PASS: TestConfigCreateResolve (2.88s)
    daemon.go:296: [ddee30f1d0c34] waiting for daemon to start
    daemon.go:328: [ddee30f1d0c34] daemon started
    daemon.go:283: [ddee30f1d0c34] exiting daemon
PASS
Running /go/src/github.com/docker/docker/integration/secret
INFO: Testing against a local daemon
=== RUN   TestSecretInspect
--- PASS: TestSecretInspect (2.84s)
    daemon.go:296: [df932adc05ae0] waiting for daemon to start
    daemon.go:328: [df932adc05ae0] daemon started
    daemon.go:283: [df932adc05ae0] exiting daemon
=== RUN   TestSecretList
--- PASS: TestSecretList (2.86s)
    daemon.go:296: [d4054784e6479] waiting for daemon to start
    daemon.go:328: [d4054784e6479] daemon started
    daemon.go:283: [d4054784e6479] exiting daemon
=== RUN   TestSecretsCreateAndDelete
--- PASS: TestSecretsCreateAndDelete (2.34s)
    daemon.go:296: [decc3b491e978] waiting for daemon to start
    daemon.go:328: [decc3b491e978] daemon started
    daemon.go:283: [decc3b491e978] exiting daemon
=== RUN   TestSecretsUpdate
--- PASS: TestSecretsUpdate (2.96s)
    daemon.go:296: [d1e99e28fab18] waiting for daemon to start
    daemon.go:328: [d1e99e28fab18] daemon started
    daemon.go:283: [d1e99e28fab18] exiting daemon
=== RUN   TestTemplatedSecret
--- PASS: TestTemplatedSecret (3.45s)
    daemon.go:296: [de842f4704c63] waiting for daemon to start
    daemon.go:328: [de842f4704c63] daemon started
    daemon.go:283: [de842f4704c63] exiting daemon
=== RUN   TestSecretCreateResolve
--- PASS: TestSecretCreateResolve (2.78s)
    daemon.go:296: [d7d86529bceb3] waiting for daemon to start
    daemon.go:328: [d7d86529bceb3] daemon started
    daemon.go:283: [d7d86529bceb3] exiting daemon
PASS
Running /go/src/github.com/docker/docker/integration/session
INFO: Testing against a local daemon
=== RUN   TestSessionCreate
--- SKIP: TestSessionCreate (0.00s)
    session_test.go:14: !testEnv.DaemonInfo.ExperimentalBuild
=== RUN   TestSessionCreateWithBadUpgrade
--- SKIP: TestSessionCreateWithBadUpgrade (0.00s)
    session_test.go:31: !testEnv.DaemonInfo.ExperimentalBuild
PASS
Running /go/src/github.com/docker/docker/integration/plugin
testing: warning: no tests to run
PASS
Running /go/src/github.com/docker/docker/integration/plugin/logging
INFO: Testing against a local daemon
=== RUN   TestContinueAfterPluginCrash
=== PAUSE TestContinueAfterPluginCrash
=== RUN   TestDaemonStartWithLogOpt
=== PAUSE TestDaemonStartWithLogOpt
=== CONT  TestContinueAfterPluginCrash
=== CONT  TestDaemonStartWithLogOpt
--- PASS: TestDaemonStartWithLogOpt (8.03s)
    daemon.go:296: [d4bb40f478457] waiting for daemon to start
    daemon.go:328: [d4bb40f478457] daemon started
    daemon.go:283: [d4bb40f478457] exiting daemon
    daemon.go:296: [d4bb40f478457] waiting for daemon to start
    daemon.go:328: [d4bb40f478457] daemon started
    daemon.go:283: [d4bb40f478457] exiting daemon
--- PASS: TestContinueAfterPluginCrash (13.33s)
    daemon.go:296: [debf910b80487] waiting for daemon to start
    daemon.go:328: [debf910b80487] daemon started
    daemon.go:283: [debf910b80487] exiting daemon
PASS
Running /go/src/github.com/docker/docker/integration/plugin/logging/cmd
testing: warning: no tests to run
PASS
Running /go/src/github.com/docker/docker/integration/plugin/logging/cmd/dummy
testing: warning: no tests to run
PASS
Running /go/src/github.com/docker/docker/integration/plugin/logging/cmd/close_on_start
testing: warning: no tests to run
PASS
Running /go/src/github.com/docker/docker/integration/plugin/authz
INFO: Testing against a local daemon
=== RUN   TestAuthZPluginAllowRequest
--- PASS: TestAuthZPluginAllowRequest (1.54s)
    daemon.go:296: [d60563d5e15a8] waiting for daemon to start
    daemon.go:328: [d60563d5e15a8] daemon started
    daemon.go:283: [d60563d5e15a8] exiting daemon
=== RUN   TestAuthZPluginTLS
--- PASS: TestAuthZPluginTLS (0.54s)
    daemon.go:296: [db0285a5a3caa] waiting for daemon to start
    daemon.go:328: [db0285a5a3caa] daemon started
    daemon.go:283: [db0285a5a3caa] exiting daemon
=== RUN   TestAuthZPluginDenyRequest
--- PASS: TestAuthZPluginDenyRequest (0.53s)
    daemon.go:296: [dfdb958f6124e] waiting for daemon to start
    daemon.go:328: [dfdb958f6124e] daemon started
    daemon.go:283: [dfdb958f6124e] exiting daemon
=== RUN   TestAuthZPluginAPIDenyResponse
--- PASS: TestAuthZPluginAPIDenyResponse (0.53s)
    daemon.go:296: [d76e51f787aa6] waiting for daemon to start
    daemon.go:328: [d76e51f787aa6] daemon started
    daemon.go:283: [d76e51f787aa6] exiting daemon
=== RUN   TestAuthZPluginDenyResponse
--- PASS: TestAuthZPluginDenyResponse (0.53s)
    daemon.go:296: [d09c4d56f101d] waiting for daemon to start
    daemon.go:328: [d09c4d56f101d] daemon started
    daemon.go:283: [d09c4d56f101d] exiting daemon
=== RUN   TestAuthZPluginAllowEventStream
--- PASS: TestAuthZPluginAllowEventStream (1.56s)
    daemon.go:296: [dc114471e507f] waiting for daemon to start
    daemon.go:328: [dc114471e507f] daemon started
    daemon.go:283: [dc114471e507f] exiting daemon
=== RUN   TestAuthZPluginErrorResponse
--- PASS: TestAuthZPluginErrorResponse (0.52s)
    daemon.go:296: [de1024e9230ca] waiting for daemon to start
    daemon.go:328: [de1024e9230ca] daemon started
    daemon.go:283: [de1024e9230ca] exiting daemon
=== RUN   TestAuthZPluginErrorRequest
--- PASS: TestAuthZPluginErrorRequest (0.53s)
    daemon.go:296: [d26fdd2a542b8] waiting for daemon to start
    daemon.go:328: [d26fdd2a542b8] daemon started
    daemon.go:283: [d26fdd2a542b8] exiting daemon
=== RUN   TestAuthZPluginEnsureNoDuplicatePluginRegistration
--- PASS: TestAuthZPluginEnsureNoDuplicatePluginRegistration (0.52s)
    daemon.go:296: [d5f54a70eed37] waiting for daemon to start
    daemon.go:328: [d5f54a70eed37] daemon started
    daemon.go:283: [d5f54a70eed37] exiting daemon
=== RUN   TestAuthZPluginEnsureLoadImportWorking
--- PASS: TestAuthZPluginEnsureLoadImportWorking (1.83s)
    daemon.go:296: [d7a6f867cc73a] waiting for daemon to start
    daemon.go:328: [d7a6f867cc73a] daemon started
    daemon.go:283: [d7a6f867cc73a] exiting daemon
=== RUN   TestAuthzPluginEnsureContainerCopyToFrom
--- PASS: TestAuthzPluginEnsureContainerCopyToFrom (2.13s)
    daemon.go:296: [d84e3063dc51c] waiting for daemon to start
    daemon.go:328: [d84e3063dc51c] daemon started
    daemon.go:283: [d84e3063dc51c] exiting daemon
=== RUN   TestAuthZPluginHeader
--- PASS: TestAuthZPluginHeader (0.79s)
    daemon.go:296: [d5ee164da337e] waiting for daemon to start
    daemon.go:328: [d5ee164da337e] daemon started
    daemon.go:283: [d5ee164da337e] exiting daemon
=== RUN   TestAuthZPluginV2AllowNonVolumeRequest
--- SKIP: TestAuthZPluginV2AllowNonVolumeRequest (0.00s)
    authz_plugin_v2_test.go:43: os.Getenv("DOCKER_ENGINE_GOARCH") != "amd64"
=== RUN   TestAuthZPluginV2Disable
--- SKIP: TestAuthZPluginV2Disable (0.00s)
    authz_plugin_v2_test.go:65: os.Getenv("DOCKER_ENGINE_GOARCH") != "amd64"
=== RUN   TestAuthZPluginV2RejectVolumeRequests
--- SKIP: TestAuthZPluginV2RejectVolumeRequests (0.00s)
    authz_plugin_v2_test.go:91: os.Getenv("DOCKER_ENGINE_GOARCH") != "amd64"
=== RUN   TestAuthZPluginV2BadManifestFailsDaemonStart
--- SKIP: TestAuthZPluginV2BadManifestFailsDaemonStart (0.00s)
    authz_plugin_v2_test.go:126: os.Getenv("DOCKER_ENGINE_GOARCH") != "amd64"
=== RUN   TestAuthZPluginV2NonexistentFailsDaemonStart
--- PASS: TestAuthZPluginV2NonexistentFailsDaemonStart (16.48s)
    daemon.go:296: [dc05b3dc4bddb] waiting for daemon to start
    daemon.go:328: [dc05b3dc4bddb] daemon started
    daemon.go:283: [dc05b3dc4bddb] exiting daemon
    daemon.go:296: [dc05b3dc4bddb] waiting for daemon to start
    daemon.go:296: [dc05b3dc4bddb] waiting for daemon to start
    daemon.go:296: [dc05b3dc4bddb] waiting for daemon to start
    daemon.go:328: [dc05b3dc4bddb] daemon started
    daemon.go:283: [dc05b3dc4bddb] exiting daemon
PASS
Running /go/src/github.com/docker/docker/integration/plugin/graphdriver
INFO: Testing against a local daemon
=== RUN   TestExternalGraphDriver
=== RUN   TestExternalGraphDriver/json
=== RUN   TestExternalGraphDriver/spec
=== RUN   TestExternalGraphDriver/pull
--- PASS: TestExternalGraphDriver (6.34s)
    daemon.go:296: [d82e8ce0283e0] waiting for daemon to start
    daemon.go:328: [d82e8ce0283e0] daemon started
    daemon.go:283: [d82e8ce0283e0] exiting daemon
    daemon.go:296: [d82e8ce0283e0] waiting for daemon to start
    daemon.go:328: [d82e8ce0283e0] daemon started
    daemon.go:283: [d82e8ce0283e0] exiting daemon
    --- PASS: TestExternalGraphDriver/json (2.03s)
    daemon.go:296: [d82e8ce0283e0] waiting for daemon to start
    daemon.go:328: [d82e8ce0283e0] daemon started
    daemon.go:283: [d82e8ce0283e0] exiting daemon
    daemon.go:296: [d82e8ce0283e0] waiting for daemon to start
    daemon.go:328: [d82e8ce0283e0] daemon started
    daemon.go:283: [d82e8ce0283e0] exiting daemon
    --- PASS: TestExternalGraphDriver/spec (2.06s)
    daemon.go:296: [d82e8ce0283e0] waiting for daemon to start
    daemon.go:328: [d82e8ce0283e0] daemon started
    daemon.go:283: [d82e8ce0283e0] exiting daemon
    --- PASS: TestExternalGraphDriver/pull (2.07s)
=== RUN   TestGraphdriverPluginV2
--- SKIP: TestGraphdriverPluginV2 (0.06s)
    external_test.go:410: os.Getenv("DOCKER_ENGINE_GOARCH") != "amd64"
PASS
Running /go/src/github.com/docker/docker/integration/plugin/common
INFO: Testing against a local daemon
=== RUN   TestPluginInvalidJSON
=== RUN   TestPluginInvalidJSON//plugins/foobar/set
=== PAUSE TestPluginInvalidJSON//plugins/foobar/set
=== CONT  TestPluginInvalidJSON//plugins/foobar/set
--- PASS: TestPluginInvalidJSON (0.01s)
    --- PASS: TestPluginInvalidJSON//plugins/foobar/set (0.00s)
PASS
Running /go/src/github.com/docker/docker/integration/plugin/volumes
INFO: Testing against a local daemon
=== RUN   TestPluginWithDevMounts
=== PAUSE TestPluginWithDevMounts
=== CONT  TestPluginWithDevMounts
--- PASS: TestPluginWithDevMounts (1.88s)
    daemon.go:296: [d0c4f73e62e29] waiting for daemon to start
    daemon.go:328: [d0c4f73e62e29] daemon started
    daemon.go:283: [d0c4f73e62e29] exiting daemon
PASS
Running /go/src/github.com/docker/docker/integration/plugin/volumes/cmd
testing: warning: no tests to run
PASS
Running /go/src/github.com/docker/docker/integration/plugin/volumes/cmd/dummy
testing: warning: no tests to run
PASS
Running /go/src/github.com/docker/docker/integration/container
INFO: Testing against a local daemon
=== RUN   TestContainerInvalidJSON
=== RUN   TestContainerInvalidJSON//containers/foobar/copy
=== PAUSE TestContainerInvalidJSON//containers/foobar/copy
=== RUN   TestContainerInvalidJSON//containers/foobar/exec
=== PAUSE TestContainerInvalidJSON//containers/foobar/exec
=== RUN   TestContainerInvalidJSON//exec/foobar/start
=== PAUSE TestContainerInvalidJSON//exec/foobar/start
=== CONT  TestContainerInvalidJSON//containers/foobar/copy
=== CONT  TestContainerInvalidJSON//exec/foobar/start
=== CONT  TestContainerInvalidJSON//containers/foobar/exec
--- PASS: TestContainerInvalidJSON (0.01s)
    --- PASS: TestContainerInvalidJSON//containers/foobar/copy (0.00s)
    --- PASS: TestContainerInvalidJSON//exec/foobar/start (0.00s)
    --- PASS: TestContainerInvalidJSON//containers/foobar/exec (0.00s)
=== RUN   TestCopyFromContainerPathDoesNotExist
--- PASS: TestCopyFromContainerPathDoesNotExist (0.06s)
=== RUN   TestCopyFromContainerPathIsNotDir
--- PASS: TestCopyFromContainerPathIsNotDir (0.08s)
=== RUN   TestCopyToContainerPathDoesNotExist
--- PASS: TestCopyToContainerPathDoesNotExist (0.06s)
=== RUN   TestCopyToContainerPathIsNotDir
--- PASS: TestCopyToContainerPathIsNotDir (0.06s)
=== RUN   TestCreateFailsWhenIdentifierDoesNotExist
=== RUN   TestCreateFailsWhenIdentifierDoesNotExist/image_and_tag
=== PAUSE TestCreateFailsWhenIdentifierDoesNotExist/image_and_tag
=== RUN   TestCreateFailsWhenIdentifierDoesNotExist/image_no_tag
=== PAUSE TestCreateFailsWhenIdentifierDoesNotExist/image_no_tag
=== RUN   TestCreateFailsWhenIdentifierDoesNotExist/digest
=== PAUSE TestCreateFailsWhenIdentifierDoesNotExist/digest
=== CONT  TestCreateFailsWhenIdentifierDoesNotExist/image_and_tag
=== CONT  TestCreateFailsWhenIdentifierDoesNotExist/digest
=== CONT  TestCreateFailsWhenIdentifierDoesNotExist/image_no_tag
--- PASS: TestCreateFailsWhenIdentifierDoesNotExist (0.00s)
    --- PASS: TestCreateFailsWhenIdentifierDoesNotExist/digest (0.00s)
    --- PASS: TestCreateFailsWhenIdentifierDoesNotExist/image_no_tag (0.00s)
    --- PASS: TestCreateFailsWhenIdentifierDoesNotExist/image_and_tag (0.00s)
=== RUN   TestCreateWithInvalidEnv
=== RUN   TestCreateWithInvalidEnv/0
=== PAUSE TestCreateWithInvalidEnv/0
=== RUN   TestCreateWithInvalidEnv/1
=== PAUSE TestCreateWithInvalidEnv/1
=== RUN   TestCreateWithInvalidEnv/2
=== PAUSE TestCreateWithInvalidEnv/2
=== CONT  TestCreateWithInvalidEnv/0
=== CONT  TestCreateWithInvalidEnv/2
=== CONT  TestCreateWithInvalidEnv/1
--- PASS: TestCreateWithInvalidEnv (0.00s)
    --- PASS: TestCreateWithInvalidEnv/2 (0.00s)
    --- PASS: TestCreateWithInvalidEnv/1 (0.00s)
    --- PASS: TestCreateWithInvalidEnv/0 (0.00s)
=== RUN   TestCreateTmpfsMountsTarget
--- PASS: TestCreateTmpfsMountsTarget (0.01s)
=== RUN   TestCreateWithCustomMaskedPaths
--- PASS: TestCreateWithCustomMaskedPaths (2.42s)
=== RUN   TestCreateWithCustomReadonlyPaths
--- PASS: TestCreateWithCustomReadonlyPaths (2.57s)
=== RUN   TestCreateWithInvalidHealthcheckParams
=== RUN   TestCreateWithInvalidHealthcheckParams/test_invalid_Interval_in_Healthcheck:_less_than_0s
=== PAUSE TestCreateWithInvalidHealthcheckParams/test_invalid_Interval_in_Healthcheck:_less_than_0s
=== RUN   TestCreateWithInvalidHealthcheckParams/test_invalid_Interval_in_Healthcheck:_larger_than_0s_but_less_than_1ms
=== PAUSE TestCreateWithInvalidHealthcheckParams/test_invalid_Interval_in_Healthcheck:_larger_than_0s_but_less_than_1ms
=== RUN   TestCreateWithInvalidHealthcheckParams/test_invalid_Timeout_in_Healthcheck:_less_than_1ms
=== PAUSE TestCreateWithInvalidHealthcheckParams/test_invalid_Timeout_in_Healthcheck:_less_than_1ms
=== RUN   TestCreateWithInvalidHealthcheckParams/test_invalid_Retries_in_Healthcheck:_less_than_0
=== PAUSE TestCreateWithInvalidHealthcheckParams/test_invalid_Retries_in_Healthcheck:_less_than_0
=== RUN   TestCreateWithInvalidHealthcheckParams/test_invalid_StartPeriod_in_Healthcheck:_not_0_and_less_than_1ms
=== PAUSE TestCreateWithInvalidHealthcheckParams/test_invalid_StartPeriod_in_Healthcheck:_not_0_and_less_than_1ms
=== CONT  TestCreateWithInvalidHealthcheckParams/test_invalid_Interval_in_Healthcheck:_less_than_0s
=== CONT  TestCreateWithInvalidHealthcheckParams/test_invalid_StartPeriod_in_Healthcheck:_not_0_and_less_than_1ms
=== CONT  TestCreateWithInvalidHealthcheckParams/test_invalid_Retries_in_Healthcheck:_less_than_0
=== CONT  TestCreateWithInvalidHealthcheckParams/test_invalid_Timeout_in_Healthcheck:_less_than_1ms
=== CONT  TestCreateWithInvalidHealthcheckParams/test_invalid_Interval_in_Healthcheck:_larger_than_0s_but_less_than_1ms
--- PASS: TestCreateWithInvalidHealthcheckParams (0.01s)
    --- PASS: TestCreateWithInvalidHealthcheckParams/test_invalid_StartPeriod_in_Healthcheck:_not_0_and_less_than_1ms (0.00s)
    --- PASS: TestCreateWithInvalidHealthcheckParams/test_invalid_Retries_in_Healthcheck:_less_than_0 (0.00s)
    --- PASS: TestCreateWithInvalidHealthcheckParams/test_invalid_Timeout_in_Healthcheck:_less_than_1ms (0.00s)
    --- PASS: TestCreateWithInvalidHealthcheckParams/test_invalid_Interval_in_Healthcheck:_larger_than_0s_but_less_than_1ms (0.00s)
    --- PASS: TestCreateWithInvalidHealthcheckParams/test_invalid_Interval_in_Healthcheck:_less_than_0s (0.01s)
=== RUN   TestContainerStartOnDaemonRestart
=== PAUSE TestContainerStartOnDaemonRestart
=== RUN   TestDiff
--- PASS: TestDiff (0.86s)
=== RUN   TestExecWithCloseStdin
--- PASS: TestExecWithCloseStdin (1.03s)
=== RUN   TestExec
--- PASS: TestExec (1.05s)
=== RUN   TestExportContainerAndImportImage
--- PASS: TestExportContainerAndImportImage (1.05s)
=== RUN   TestExportContainerAfterDaemonRestart
--- PASS: TestExportContainerAfterDaemonRestart (1.37s)
    daemon.go:296: [da1accd4fe6bc] waiting for daemon to start
    daemon.go:328: [da1accd4fe6bc] daemon started
    daemon.go:283: [da1accd4fe6bc] exiting daemon
    daemon.go:296: [da1accd4fe6bc] waiting for daemon to start
    daemon.go:328: [da1accd4fe6bc] daemon started
    daemon.go:283: [da1accd4fe6bc] exiting daemon
=== RUN   TestHealthCheckWorkdir
--- PASS: TestHealthCheckWorkdir (1.06s)
=== RUN   TestInspectCpusetInConfigPre120
--- PASS: TestInspectCpusetInConfigPre120 (0.88s)
=== RUN   TestIpcModeNone
--- PASS: TestIpcModeNone (0.96s)
=== RUN   TestIpcModePrivate
--- PASS: TestIpcModePrivate (0.95s)
    ipcmode_linux_test.go:87: [testIpcPrivateShareable] ipcmode: private, ipcdev: 0:56, shared: false, mustBeShared: false
=== RUN   TestIpcModeShareable
--- PASS: TestIpcModeShareable (1.05s)
    ipcmode_linux_test.go:87: [testIpcPrivateShareable] ipcmode: shareable, ipcdev: 0:50, shared: true, mustBeShared: true
=== RUN   TestAPIIpcModeShareableAndContainer
--- PASS: TestAPIIpcModeShareableAndContainer (2.70s)
=== RUN   TestAPIIpcModeHost
--- PASS: TestAPIIpcModeHost (0.73s)
=== RUN   TestDaemonIpcModeShareable
--- PASS: TestDaemonIpcModeShareable (1.67s)
    daemon.go:296: [d4a12092041bb] waiting for daemon to start
    daemon.go:328: [d4a12092041bb] daemon started
    ipcmode_linux_test.go:255: [testDaemonIpcPrivateShareable] ipcdev: 0:57, shared: true, mustBeShared: true
    daemon.go:283: [d4a12092041bb] exiting daemon
=== RUN   TestDaemonIpcModePrivate
--- PASS: TestDaemonIpcModePrivate (1.59s)
    daemon.go:296: [dcecd455f856c] waiting for daemon to start
    daemon.go:328: [dcecd455f856c] daemon started
    ipcmode_linux_test.go:255: [testDaemonIpcPrivateShareable] ipcdev: 0:63, shared: false, mustBeShared: false
    daemon.go:283: [dcecd455f856c] exiting daemon
=== RUN   TestDaemonIpcModePrivateFromConfig
--- PASS: TestDaemonIpcModePrivateFromConfig (1.63s)
    daemon.go:296: [d89c3273d73e4] waiting for daemon to start
    daemon.go:328: [d89c3273d73e4] daemon started
    ipcmode_linux_test.go:255: [testDaemonIpcPrivateShareable] ipcdev: 0:63, shared: false, mustBeShared: false
    daemon.go:283: [d89c3273d73e4] exiting daemon
=== RUN   TestDaemonIpcModeShareableFromConfig
--- PASS: TestDaemonIpcModeShareableFromConfig (1.63s)
    daemon.go:296: [de272c1c4296d] waiting for daemon to start
    daemon.go:328: [de272c1c4296d] daemon started
    ipcmode_linux_test.go:255: [testDaemonIpcPrivateShareable] ipcdev: 0:57, shared: true, mustBeShared: true
    daemon.go:283: [de272c1c4296d] exiting daemon
=== RUN   TestKillContainerInvalidSignal
--- PASS: TestKillContainerInvalidSignal (0.92s)
=== RUN   TestKillContainer
=== RUN   TestKillContainer/no_signal
=== RUN   TestKillContainer/non_killing_signal
=== RUN   TestKillContainer/killing_signal
--- PASS: TestKillContainer (2.54s)
    --- PASS: TestKillContainer/no_signal (0.89s)
    --- PASS: TestKillContainer/non_killing_signal (0.55s)
    --- PASS: TestKillContainer/killing_signal (0.72s)
=== RUN   TestKillWithStopSignalAndRestartPolicies
=== RUN   TestKillWithStopSignalAndRestartPolicies/same-signal-disables-restart-policy
=== RUN   TestKillWithStopSignalAndRestartPolicies/different-signal-keep-restart-policy
--- PASS: TestKillWithStopSignalAndRestartPolicies (1.73s)
    --- PASS: TestKillWithStopSignalAndRestartPolicies/same-signal-disables-restart-policy (0.82s)
    --- PASS: TestKillWithStopSignalAndRestartPolicies/different-signal-keep-restart-policy (0.55s)
=== RUN   TestKillStoppedContainer
--- PASS: TestKillStoppedContainer (0.06s)
=== RUN   TestKillStoppedContainerAPIPre120
--- PASS: TestKillStoppedContainerAPIPre120 (0.06s)
=== RUN   TestKillDifferentUserContainer
--- PASS: TestKillDifferentUserContainer (0.77s)
=== RUN   TestInspectOomKilledTrue
--- SKIP: TestInspectOomKilledTrue (0.00s)
    kill_test.go:153: testEnv.DaemonInfo.OSType == "windows" || !testEnv.DaemonInfo.MemoryLimit || !testEnv.DaemonInfo.SwapLimit
=== RUN   TestInspectOomKilledFalse
--- SKIP: TestInspectOomKilledFalse (0.00s)
    kill_test.go:171: testEnv.DaemonInfo.OSType == "windows" || !testEnv.DaemonInfo.MemoryLimit || !testEnv.DaemonInfo.SwapLimit
=== RUN   TestLinksEtcHostsContentMatch
--- PASS: TestLinksEtcHostsContentMatch (0.57s)
=== RUN   TestLinksContainerNames
--- PASS: TestLinksContainerNames (1.47s)
=== RUN   TestLogsFollowTailEmpty
--- PASS: TestLogsFollowTailEmpty (0.87s)
=== RUN   TestContainerNetworkMountsNoChown
--- PASS: TestContainerNetworkMountsNoChown (0.96s)
=== RUN   TestMountDaemonRoot
=== RUN   TestMountDaemonRoot/default
=== PAUSE TestMountDaemonRoot/default
=== RUN   TestMountDaemonRoot/private
=== PAUSE TestMountDaemonRoot/private
=== RUN   TestMountDaemonRoot/rprivate
=== PAUSE TestMountDaemonRoot/rprivate
=== RUN   TestMountDaemonRoot/slave
=== PAUSE TestMountDaemonRoot/slave
=== RUN   TestMountDaemonRoot/rslave
=== PAUSE TestMountDaemonRoot/rslave
=== RUN   TestMountDaemonRoot/shared
=== PAUSE TestMountDaemonRoot/shared
=== RUN   TestMountDaemonRoot/rshared
=== PAUSE TestMountDaemonRoot/rshared
=== CONT  TestMountDaemonRoot/default
=== CONT  TestMountDaemonRoot/rslave
=== RUN   TestMountDaemonRoot/default/mount_root
=== PAUSE TestMountDaemonRoot/default/mount_root
=== RUN   TestMountDaemonRoot/default/mount_subpath
=== PAUSE TestMountDaemonRoot/default/mount_subpath
=== RUN   TestMountDaemonRoot/default/bind_root
=== PAUSE TestMountDaemonRoot/default/bind_root
=== RUN   TestMountDaemonRoot/rslave/bind_subpath
=== PAUSE TestMountDaemonRoot/rslave/bind_subpath
=== RUN   TestMountDaemonRoot/rslave/mount_root
=== PAUSE TestMountDaemonRoot/rslave/mount_root
=== RUN   TestMountDaemonRoot/rslave/mount_subpath
=== PAUSE TestMountDaemonRoot/rslave/mount_subpath
=== RUN   TestMountDaemonRoot/rslave/bind_root
=== PAUSE TestMountDaemonRoot/rslave/bind_root
=== RUN   TestMountDaemonRoot/default/bind_subpath
=== PAUSE TestMountDaemonRoot/default/bind_subpath
=== CONT  TestMountDaemonRoot/rshared
=== RUN   TestMountDaemonRoot/rshared/bind_root
=== CONT  TestMountDaemonRoot/shared
=== PAUSE TestMountDaemonRoot/rshared/bind_root
=== RUN   TestMountDaemonRoot/shared/bind_root
=== RUN   TestMountDaemonRoot/rshared/bind_subpath
=== PAUSE TestMountDaemonRoot/shared/bind_root
=== PAUSE TestMountDaemonRoot/rshared/bind_subpath
=== RUN   TestMountDaemonRoot/shared/bind_subpath
=== RUN   TestMountDaemonRoot/rshared/mount_root
=== PAUSE TestMountDaemonRoot/shared/bind_subpath
=== RUN   TestMountDaemonRoot/shared/mount_root
=== PAUSE TestMountDaemonRoot/rshared/mount_root
=== PAUSE TestMountDaemonRoot/shared/mount_root
=== RUN   TestMountDaemonRoot/rshared/mount_subpath
=== RUN   TestMountDaemonRoot/shared/mount_subpath
=== PAUSE TestMountDaemonRoot/rshared/mount_subpath
=== PAUSE TestMountDaemonRoot/shared/mount_subpath
=== CONT  TestMountDaemonRoot/rprivate
=== RUN   TestMountDaemonRoot/rprivate/bind_root
=== CONT  TestMountDaemonRoot/slave
=== PAUSE TestMountDaemonRoot/rprivate/bind_root
=== RUN   TestMountDaemonRoot/rprivate/bind_subpath
=== RUN   TestMountDaemonRoot/slave/mount_subpath
=== PAUSE TestMountDaemonRoot/rprivate/bind_subpath
=== PAUSE TestMountDaemonRoot/slave/mount_subpath
=== RUN   TestMountDaemonRoot/rprivate/mount_root
=== PAUSE TestMountDaemonRoot/rprivate/mount_root
=== RUN   TestMountDaemonRoot/rprivate/mount_subpath
=== PAUSE TestMountDaemonRoot/rprivate/mount_subpath
=== RUN   TestMountDaemonRoot/slave/bind_root
=== PAUSE TestMountDaemonRoot/slave/bind_root
=== RUN   TestMountDaemonRoot/slave/bind_subpath
=== PAUSE TestMountDaemonRoot/slave/bind_subpath
=== CONT  TestMountDaemonRoot/private
=== RUN   TestMountDaemonRoot/slave/mount_root
=== PAUSE TestMountDaemonRoot/slave/mount_root
=== RUN   TestMountDaemonRoot/private/mount_subpath
=== CONT  TestMountDaemonRoot/rslave/bind_subpath
=== PAUSE TestMountDaemonRoot/private/mount_subpath
=== RUN   TestMountDaemonRoot/private/bind_root
=== PAUSE TestMountDaemonRoot/private/bind_root
=== RUN   TestMountDaemonRoot/private/bind_subpath
=== PAUSE TestMountDaemonRoot/private/bind_subpath
=== RUN   TestMountDaemonRoot/private/mount_root
=== PAUSE TestMountDaemonRoot/private/mount_root
=== CONT  TestMountDaemonRoot/default/mount_root
=== CONT  TestMountDaemonRoot/rslave/bind_root
=== CONT  TestMountDaemonRoot/rslave/mount_subpath
=== CONT  TestMountDaemonRoot/rslave/mount_root
=== CONT  TestMountDaemonRoot/default/bind_root
=== CONT  TestMountDaemonRoot/default/bind_subpath
=== CONT  TestMountDaemonRoot/default/mount_subpath
=== CONT  TestMountDaemonRoot/rshared/bind_root
=== CONT  TestMountDaemonRoot/shared/bind_root
=== CONT  TestMountDaemonRoot/rshared/mount_subpath
=== CONT  TestMountDaemonRoot/rshared/mount_root
=== CONT  TestMountDaemonRoot/rshared/bind_subpath
=== CONT  TestMountDaemonRoot/shared/mount_root
=== CONT  TestMountDaemonRoot/shared/mount_subpath
=== CONT  TestMountDaemonRoot/shared/bind_subpath
=== CONT  TestMountDaemonRoot/rprivate/bind_root
=== CONT  TestMountDaemonRoot/rprivate/mount_subpath
=== CONT  TestMountDaemonRoot/slave/mount_subpath
=== CONT  TestMountDaemonRoot/rprivate/mount_root
=== CONT  TestMountDaemonRoot/rprivate/bind_subpath
=== CONT  TestMountDaemonRoot/private/mount_subpath
=== CONT  TestMountDaemonRoot/slave/mount_root
=== CONT  TestMountDaemonRoot/slave/bind_subpath
=== CONT  TestMountDaemonRoot/slave/bind_root
=== CONT  TestMountDaemonRoot/private/bind_subpath
=== CONT  TestMountDaemonRoot/private/mount_root
=== CONT  TestMountDaemonRoot/private/bind_root
--- PASS: TestMountDaemonRoot (0.03s)
    --- PASS: TestMountDaemonRoot/rslave (0.00s)
        --- PASS: TestMountDaemonRoot/rslave/bind_subpath (0.09s)
        --- PASS: TestMountDaemonRoot/rslave/bind_root (0.09s)
        --- PASS: TestMountDaemonRoot/rslave/mount_subpath (0.06s)
        --- PASS: TestMountDaemonRoot/rslave/mount_root (0.08s)
    --- PASS: TestMountDaemonRoot/default (0.00s)
        --- PASS: TestMountDaemonRoot/default/mount_root (0.13s)
        --- PASS: TestMountDaemonRoot/default/bind_root (0.10s)
        --- PASS: TestMountDaemonRoot/default/bind_subpath (0.08s)
        --- PASS: TestMountDaemonRoot/default/mount_subpath (0.09s)
    --- PASS: TestMountDaemonRoot/rshared (0.00s)
        --- PASS: TestMountDaemonRoot/rshared/bind_root (0.08s)
        --- PASS: TestMountDaemonRoot/rshared/mount_subpath (0.09s)
        --- PASS: TestMountDaemonRoot/rshared/mount_root (0.06s)
        --- PASS: TestMountDaemonRoot/rshared/bind_subpath (0.12s)
    --- PASS: TestMountDaemonRoot/shared (0.00s)
        --- PASS: TestMountDaemonRoot/shared/bind_root (0.08s)
        --- PASS: TestMountDaemonRoot/shared/mount_root (0.07s)
        --- PASS: TestMountDaemonRoot/shared/mount_subpath (0.06s)
        --- PASS: TestMountDaemonRoot/shared/bind_subpath (0.08s)
    --- PASS: TestMountDaemonRoot/rprivate (0.00s)
        --- PASS: TestMountDaemonRoot/rprivate/bind_root (0.07s)
        --- PASS: TestMountDaemonRoot/rprivate/mount_subpath (0.08s)
        --- PASS: TestMountDaemonRoot/rprivate/mount_root (0.08s)
        --- PASS: TestMountDaemonRoot/rprivate/bind_subpath (0.08s)
    --- PASS: TestMountDaemonRoot/slave (0.00s)
        --- PASS: TestMountDaemonRoot/slave/mount_subpath (0.08s)
        --- PASS: TestMountDaemonRoot/slave/mount_root (0.08s)
        --- PASS: TestMountDaemonRoot/slave/bind_subpath (0.09s)
        --- PASS: TestMountDaemonRoot/slave/bind_root (0.09s)
    --- PASS: TestMountDaemonRoot/private (0.00s)
        --- PASS: TestMountDaemonRoot/private/mount_subpath (0.08s)
        --- PASS: TestMountDaemonRoot/private/bind_subpath (0.08s)
        --- PASS: TestMountDaemonRoot/private/mount_root (0.08s)
        --- PASS: TestMountDaemonRoot/private/bind_root (0.06s)
=== RUN   TestContainerBindMountNonRecursive
--- PASS: TestContainerBindMountNonRecursive (1.89s)
=== RUN   TestNetworkNat
--- PASS: TestNetworkNat (0.80s)
=== RUN   TestNetworkLocalhostTCPNat
--- PASS: TestNetworkLocalhostTCPNat (0.98s)
=== RUN   TestNetworkLoopbackNat
--- PASS: TestNetworkLoopbackNat (1.06s)
=== RUN   TestPause
--- PASS: TestPause (0.95s)
=== RUN   TestPauseFailsOnWindowsServerContainers
--- SKIP: TestPauseFailsOnWindowsServerContainers (0.00s)
    pause_test.go:54: testEnv.DaemonInfo.OSType != "windows" || testEnv.DaemonInfo.Isolation != "process"
=== RUN   TestPauseStopPausedContainer
--- PASS: TestPauseStopPausedContainer (0.86s)
=== RUN   TestPsFilter
--- PASS: TestPsFilter (0.15s)
=== RUN   TestRemoveContainerWithRemovedVolume
--- PASS: TestRemoveContainerWithRemovedVolume (0.69s)
=== RUN   TestRemoveContainerWithVolume
--- PASS: TestRemoveContainerWithVolume (0.87s)
=== RUN   TestRemoveContainerRunning
--- PASS: TestRemoveContainerRunning (0.83s)
=== RUN   TestRemoveContainerForceRemoveRunning
--- PASS: TestRemoveContainerForceRemoveRunning (0.90s)
=== RUN   TestRemoveInvalidContainer
--- PASS: TestRemoveInvalidContainer (0.01s)
=== RUN   TestRenameLinkedContainer
--- PASS: TestRenameLinkedContainer (3.35s)
=== RUN   TestRenameStoppedContainer
--- PASS: TestRenameStoppedContainer (0.90s)
=== RUN   TestRenameRunningContainerAndReuse
--- PASS: TestRenameRunningContainerAndReuse (1.72s)
=== RUN   TestRenameInvalidName
--- PASS: TestRenameInvalidName (0.91s)
=== RUN   TestRenameAnonymousContainer
--- PASS: TestRenameAnonymousContainer (2.81s)
=== RUN   TestRenameContainerWithSameName
--- PASS: TestRenameContainerWithSameName (0.75s)
=== RUN   TestRenameContainerWithLinkedContainer
--- PASS: TestRenameContainerWithLinkedContainer (1.66s)
=== RUN   TestResize
--- PASS: TestResize (0.94s)
=== RUN   TestResizeWithInvalidSize
--- PASS: TestResizeWithInvalidSize (0.93s)
=== RUN   TestResizeWhenContainerNotStarted
--- PASS: TestResizeWhenContainerNotStarted (0.82s)
=== RUN   TestDaemonRestartKillContainers
=== RUN   TestDaemonRestartKillContainers/live-restore=false/container_without_restart_policy/kill-daemon
=== PAUSE TestDaemonRestartKillContainers/live-restore=false/container_without_restart_policy/kill-daemon
=== RUN   TestDaemonRestartKillContainers/live-restore=false/container_without_restart_policy/stop-daemon
=== PAUSE TestDaemonRestartKillContainers/live-restore=false/container_without_restart_policy/stop-daemon
=== RUN   TestDaemonRestartKillContainers/live-restore=true/container_without_restart_policy/kill-daemon
=== PAUSE TestDaemonRestartKillContainers/live-restore=true/container_without_restart_policy/kill-daemon
=== RUN   TestDaemonRestartKillContainers/live-restore=true/container_without_restart_policy/stop-daemon
=== PAUSE TestDaemonRestartKillContainers/live-restore=true/container_without_restart_policy/stop-daemon
=== RUN   TestDaemonRestartKillContainers/live-restore=false/container_with_restart=always/stop-daemon
=== PAUSE TestDaemonRestartKillContainers/live-restore=false/container_with_restart=always/stop-daemon
=== RUN   TestDaemonRestartKillContainers/live-restore=false/container_with_restart=always/kill-daemon
=== PAUSE TestDaemonRestartKillContainers/live-restore=false/container_with_restart=always/kill-daemon
=== RUN   TestDaemonRestartKillContainers/live-restore=true/container_with_restart=always/kill-daemon
=== PAUSE TestDaemonRestartKillContainers/live-restore=true/container_with_restart=always/kill-daemon
=== RUN   TestDaemonRestartKillContainers/live-restore=true/container_with_restart=always/stop-daemon
=== PAUSE TestDaemonRestartKillContainers/live-restore=true/container_with_restart=always/stop-daemon
=== RUN   TestDaemonRestartKillContainers/live-restore=false/container_created_should_not_be_restarted/kill-daemon
=== PAUSE TestDaemonRestartKillContainers/live-restore=false/container_created_should_not_be_restarted/kill-daemon
=== RUN   TestDaemonRestartKillContainers/live-restore=false/container_created_should_not_be_restarted/stop-daemon
=== PAUSE TestDaemonRestartKillContainers/live-restore=false/container_created_should_not_be_restarted/stop-daemon
=== RUN   TestDaemonRestartKillContainers/live-restore=true/container_created_should_not_be_restarted/kill-daemon
=== PAUSE TestDaemonRestartKillContainers/live-restore=true/container_created_should_not_be_restarted/kill-daemon
=== RUN   TestDaemonRestartKillContainers/live-restore=true/container_created_should_not_be_restarted/stop-daemon
=== PAUSE TestDaemonRestartKillContainers/live-restore=true/container_created_should_not_be_restarted/stop-daemon
=== CONT  TestDaemonRestartKillContainers/live-restore=false/container_without_restart_policy/kill-daemon
=== CONT  TestDaemonRestartKillContainers/live-restore=true/container_with_restart=always/kill-daemon
=== CONT  TestDaemonRestartKillContainers/live-restore=false/container_with_restart=always/kill-daemon
=== CONT  TestDaemonRestartKillContainers/live-restore=false/container_with_restart=always/stop-daemon
=== CONT  TestDaemonRestartKillContainers/live-restore=true/container_without_restart_policy/stop-daemon
=== CONT  TestDaemonRestartKillContainers/live-restore=true/container_without_restart_policy/kill-daemon
=== CONT  TestDaemonRestartKillContainers/live-restore=false/container_without_restart_policy/stop-daemon
=== CONT  TestDaemonRestartKillContainers/live-restore=false/container_created_should_not_be_restarted/stop-daemon
=== CONT  TestDaemonRestartKillContainers/live-restore=true/container_created_should_not_be_restarted/stop-daemon
=== CONT  TestDaemonRestartKillContainers/live-restore=true/container_created_should_not_be_restarted/kill-daemon
=== CONT  TestDaemonRestartKillContainers/live-restore=false/container_created_should_not_be_restarted/kill-daemon
=== CONT  TestDaemonRestartKillContainers/live-restore=true/container_with_restart=always/stop-daemon
--- PASS: TestDaemonRestartKillContainers (0.00s)
    --- PASS: TestDaemonRestartKillContainers/live-restore=false/container_without_restart_policy/kill-daemon (1.76s)
        daemon.go:296: [d91508c32a51e] waiting for daemon to start
        daemon.go:328: [d91508c32a51e] daemon started
        daemon.go:296: [d91508c32a51e] waiting for daemon to start
        daemon.go:328: [d91508c32a51e] daemon started
        daemon.go:283: [d91508c32a51e] exiting daemon
    --- PASS: TestDaemonRestartKillContainers/live-restore=true/container_with_restart=always/kill-daemon (3.05s)
        daemon.go:296: [db63ff78b4048] waiting for daemon to start
        daemon.go:328: [db63ff78b4048] daemon started
        daemon.go:296: [db63ff78b4048] waiting for daemon to start
        daemon.go:328: [db63ff78b4048] daemon started
        daemon.go:283: [db63ff78b4048] exiting daemon
    --- PASS: TestDaemonRestartKillContainers/live-restore=false/container_with_restart=always/kill-daemon (2.75s)
        daemon.go:296: [d0719be78fa6f] waiting for daemon to start
        daemon.go:328: [d0719be78fa6f] daemon started
        daemon.go:296: [d0719be78fa6f] waiting for daemon to start
        daemon.go:328: [d0719be78fa6f] daemon started
        daemon.go:283: [d0719be78fa6f] exiting daemon
    --- PASS: TestDaemonRestartKillContainers/live-restore=false/container_with_restart=always/stop-daemon (2.65s)
        daemon.go:296: [dc77ade60b0cf] waiting for daemon to start
        daemon.go:328: [dc77ade60b0cf] daemon started
        daemon.go:283: [dc77ade60b0cf] exiting daemon
        daemon.go:296: [dc77ade60b0cf] waiting for daemon to start
        daemon.go:328: [dc77ade60b0cf] daemon started
        daemon.go:283: [dc77ade60b0cf] exiting daemon
    --- PASS: TestDaemonRestartKillContainers/live-restore=true/container_without_restart_policy/stop-daemon (2.17s)
        daemon.go:296: [dc57a77949d79] waiting for daemon to start
        daemon.go:328: [dc57a77949d79] daemon started
        daemon.go:283: [dc57a77949d79] exiting daemon
        daemon.go:296: [dc57a77949d79] waiting for daemon to start
        daemon.go:328: [dc57a77949d79] daemon started
        daemon.go:283: [dc57a77949d79] exiting daemon
    --- PASS: TestDaemonRestartKillContainers/live-restore=true/container_without_restart_policy/kill-daemon (2.42s)
        daemon.go:296: [d6f175af44199] waiting for daemon to start
        daemon.go:328: [d6f175af44199] daemon started
        daemon.go:296: [d6f175af44199] waiting for daemon to start
        daemon.go:328: [d6f175af44199] daemon started
        daemon.go:283: [d6f175af44199] exiting daemon
    --- PASS: TestDaemonRestartKillContainers/live-restore=false/container_without_restart_policy/stop-daemon (2.15s)
        daemon.go:296: [d309c9c916e95] waiting for daemon to start
        daemon.go:328: [d309c9c916e95] daemon started
        daemon.go:283: [d309c9c916e95] exiting daemon
        daemon.go:296: [d309c9c916e95] waiting for daemon to start
        daemon.go:328: [d309c9c916e95] daemon started
        daemon.go:283: [d309c9c916e95] exiting daemon
    --- PASS: TestDaemonRestartKillContainers/live-restore=false/container_created_should_not_be_restarted/stop-daemon (1.37s)
        daemon.go:296: [ddbdb80afea31] waiting for daemon to start
        daemon.go:328: [ddbdb80afea31] daemon started
        daemon.go:283: [ddbdb80afea31] exiting daemon
        daemon.go:296: [ddbdb80afea31] waiting for daemon to start
        daemon.go:328: [ddbdb80afea31] daemon started
        daemon.go:283: [ddbdb80afea31] exiting daemon
    --- PASS: TestDaemonRestartKillContainers/live-restore=true/container_created_should_not_be_restarted/stop-daemon (1.42s)
        daemon.go:296: [dbcfa04f12b8e] waiting for daemon to start
        daemon.go:328: [dbcfa04f12b8e] daemon started
        daemon.go:283: [dbcfa04f12b8e] exiting daemon
        daemon.go:296: [dbcfa04f12b8e] waiting for daemon to start
        daemon.go:328: [dbcfa04f12b8e] daemon started
        daemon.go:283: [dbcfa04f12b8e] exiting daemon
    --- PASS: TestDaemonRestartKillContainers/live-restore=true/container_created_should_not_be_restarted/kill-daemon (1.36s)
        daemon.go:296: [d8eae81abd838] waiting for daemon to start
        daemon.go:328: [d8eae81abd838] daemon started
        daemon.go:296: [d8eae81abd838] waiting for daemon to start
        daemon.go:328: [d8eae81abd838] daemon started
        daemon.go:283: [d8eae81abd838] exiting daemon
    --- PASS: TestDaemonRestartKillContainers/live-restore=false/container_created_should_not_be_restarted/kill-daemon (1.45s)
        daemon.go:296: [d2f66f8458808] waiting for daemon to start
        daemon.go:328: [d2f66f8458808] daemon started
        daemon.go:296: [d2f66f8458808] waiting for daemon to start
        daemon.go:328: [d2f66f8458808] daemon started
        daemon.go:283: [d2f66f8458808] exiting daemon
    --- PASS: TestDaemonRestartKillContainers/live-restore=true/container_with_restart=always/stop-daemon (2.05s)
        daemon.go:296: [dcc91ae75ce50] waiting for daemon to start
        daemon.go:328: [dcc91ae75ce50] daemon started
        daemon.go:283: [dcc91ae75ce50] exiting daemon
        daemon.go:296: [dcc91ae75ce50] waiting for daemon to start
        daemon.go:328: [dcc91ae75ce50] daemon started
        daemon.go:283: [dcc91ae75ce50] exiting daemon
=== RUN   TestKernelTCPMemory
--- PASS: TestKernelTCPMemory (0.95s)
=== RUN   TestNISDomainname
--- PASS: TestNISDomainname (1.03s)
=== RUN   TestStats
--- PASS: TestStats (2.82s)
=== RUN   TestStopContainerWithTimeout
=== RUN   TestStopContainerWithTimeout/0
=== PAUSE TestStopContainerWithTimeout/0
=== RUN   TestStopContainerWithTimeout/1
=== PAUSE TestStopContainerWithTimeout/1
=== RUN   TestStopContainerWithTimeout/3
=== PAUSE TestStopContainerWithTimeout/3
=== RUN   TestStopContainerWithTimeout/-1
=== PAUSE TestStopContainerWithTimeout/-1
=== CONT  TestStopContainerWithTimeout/0
=== CONT  TestStopContainerWithTimeout/-1
=== CONT  TestStopContainerWithTimeout/3
=== CONT  TestStopContainerWithTimeout/1
--- PASS: TestStopContainerWithTimeout (0.01s)
    --- PASS: TestStopContainerWithTimeout/0 (0.99s)
    --- PASS: TestStopContainerWithTimeout/-1 (3.06s)
    --- PASS: TestStopContainerWithTimeout/3 (2.90s)
    --- PASS: TestStopContainerWithTimeout/1 (1.88s)
=== RUN   TestDeleteDevicemapper
--- SKIP: TestDeleteDevicemapper (0.00s)
    stop_linux_test.go:74: testEnv.DaemonInfo.Driver != "devicemapper"
=== RUN   TestStopContainerWithRestartPolicyAlways
--- PASS: TestStopContainerWithRestartPolicyAlways (3.23s)
=== RUN   TestUpdateMemory
--- SKIP: TestUpdateMemory (0.01s)
    update_linux_test.go:21: !testEnv.DaemonInfo.SwapLimit
=== RUN   TestUpdateCPUQuota
--- PASS: TestUpdateCPUQuota (1.26s)
=== RUN   TestUpdateRestartPolicy
--- PASS: TestUpdateRestartPolicy (12.85s)
=== RUN   TestUpdateRestartWithAutoRemove
--- PASS: TestUpdateRestartWithAutoRemove (1.01s)
=== RUN   TestWaitNonBlocked
=== RUN   TestWaitNonBlocked/wait-nonblocking-exit-0
=== PAUSE TestWaitNonBlocked/wait-nonblocking-exit-0
=== RUN   TestWaitNonBlocked/wait-nonblocking-exit-random
=== PAUSE TestWaitNonBlocked/wait-nonblocking-exit-random
=== CONT  TestWaitNonBlocked/wait-nonblocking-exit-0
=== CONT  TestWaitNonBlocked/wait-nonblocking-exit-random
--- PASS: TestWaitNonBlocked (0.01s)
    --- PASS: TestWaitNonBlocked/wait-nonblocking-exit-random (0.93s)
    --- PASS: TestWaitNonBlocked/wait-nonblocking-exit-0 (1.00s)
=== RUN   TestWaitBlocked
=== RUN   TestWaitBlocked/test-wait-blocked-exit-zero
=== PAUSE TestWaitBlocked/test-wait-blocked-exit-zero
=== RUN   TestWaitBlocked/test-wait-blocked-exit-random
=== PAUSE TestWaitBlocked/test-wait-blocked-exit-random
=== CONT  TestWaitBlocked/test-wait-blocked-exit-zero
=== CONT  TestWaitBlocked/test-wait-blocked-exit-random
--- PASS: TestWaitBlocked (0.01s)
    --- PASS: TestWaitBlocked/test-wait-blocked-exit-random (1.07s)
    --- PASS: TestWaitBlocked/test-wait-blocked-exit-zero (1.16s)
=== CONT  TestContainerStartOnDaemonRestart
--- PASS: TestContainerStartOnDaemonRestart (2.90s)
    daemon.go:296: [dc4633ff30b09] waiting for daemon to start
    daemon.go:328: [dc4633ff30b09] daemon started
    daemon.go:296: [dc4633ff30b09] waiting for daemon to start
    daemon.go:328: [dc4633ff30b09] daemon started
    daemon.go:283: [dc4633ff30b09] exiting daemon
PASS
Running /go/src/github.com/docker/docker/integration/system
INFO: Testing against a local daemon
=== RUN   TestCgroupDriverSystemdMemoryLimit
=== PAUSE TestCgroupDriverSystemdMemoryLimit
=== RUN   TestEventsExecDie
--- PASS: TestEventsExecDie (0.87s)
=== RUN   TestEventsBackwardsCompatible
--- PASS: TestEventsBackwardsCompatible (0.07s)
=== RUN   TestInfoBinaryCommits
--- PASS: TestInfoBinaryCommits (0.02s)
=== RUN   TestInfoAPIVersioned
--- PASS: TestInfoAPIVersioned (0.01s)
=== RUN   TestInfoAPI
--- PASS: TestInfoAPI (0.02s)
=== RUN   TestInfoAPIWarnings
--- PASS: TestInfoAPIWarnings (0.80s)
    daemon.go:296: [df098c78a5db1] waiting for daemon to start
    daemon.go:328: [df098c78a5db1] daemon started
    daemon.go:283: [df098c78a5db1] exiting daemon
=== RUN   TestLoginFailsWithBadCredentials
--- PASS: TestLoginFailsWithBadCredentials (0.44s)
=== RUN   TestVersion
--- PASS: TestVersion (0.01s)
=== CONT  TestCgroupDriverSystemdMemoryLimit
--- SKIP: TestCgroupDriverSystemdMemoryLimit (0.00s)
    cgroupdriver_systemd_test.go:35: systemd not available
PASS
Running /go/src/github.com/docker/docker/integration/volume
INFO: Testing against a local daemon
=== RUN   TestVolumesCreateAndList
--- PASS: TestVolumesCreateAndList (0.04s)
=== RUN   TestVolumesRemove
--- PASS: TestVolumesRemove (0.13s)
=== RUN   TestVolumesInspect
--- PASS: TestVolumesInspect (0.02s)
=== RUN   TestVolumesInvalidJSON
=== RUN   TestVolumesInvalidJSON//volumes/create
=== PAUSE TestVolumesInvalidJSON//volumes/create
=== CONT  TestVolumesInvalidJSON//volumes/create
--- PASS: TestVolumesInvalidJSON (0.01s)
    --- PASS: TestVolumesInvalidJSON//volumes/create (0.00s)
PASS
Running /go/src/github.com/docker/docker/integration/build
INFO: Testing against a local daemon
=== RUN   TestBuildWithSession
--- PASS: TestBuildWithSession (4.83s)
    daemon.go:296: [d955731ca6e0b] waiting for daemon to start
    daemon.go:328: [d955731ca6e0b] daemon started
    daemon.go:283: [d955731ca6e0b] exiting daemon
=== RUN   TestBuildSquashParent
--- SKIP: TestBuildSquashParent (0.00s)
    build_squash_test.go:23: !testEnv.DaemonInfo.ExperimentalBuild
=== RUN   TestBuildWithRemoveAndForceRemove
=== RUN   TestBuildWithRemoveAndForceRemove/successful_build_with_no_removal
=== PAUSE TestBuildWithRemoveAndForceRemove/successful_build_with_no_removal
=== RUN   TestBuildWithRemoveAndForceRemove/successful_build_with_remove
=== PAUSE TestBuildWithRemoveAndForceRemove/successful_build_with_remove
=== RUN   TestBuildWithRemoveAndForceRemove/successful_build_with_remove_and_force_remove
=== PAUSE TestBuildWithRemoveAndForceRemove/successful_build_with_remove_and_force_remove
=== RUN   TestBuildWithRemoveAndForceRemove/failed_build_with_no_removal
=== PAUSE TestBuildWithRemoveAndForceRemove/failed_build_with_no_removal
=== RUN   TestBuildWithRemoveAndForceRemove/failed_build_with_remove
=== PAUSE TestBuildWithRemoveAndForceRemove/failed_build_with_remove
=== RUN   TestBuildWithRemoveAndForceRemove/failed_build_with_remove_and_force_remove
=== PAUSE TestBuildWithRemoveAndForceRemove/failed_build_with_remove_and_force_remove
=== CONT  TestBuildWithRemoveAndForceRemove/successful_build_with_no_removal
=== CONT  TestBuildWithRemoveAndForceRemove/failed_build_with_no_removal
=== CONT  TestBuildWithRemoveAndForceRemove/successful_build_with_remove_and_force_remove
=== CONT  TestBuildWithRemoveAndForceRemove/successful_build_with_remove
=== CONT  TestBuildWithRemoveAndForceRemove/failed_build_with_remove_and_force_remove
=== CONT  TestBuildWithRemoveAndForceRemove/failed_build_with_remove
--- PASS: TestBuildWithRemoveAndForceRemove (0.02s)
    --- PASS: TestBuildWithRemoveAndForceRemove/failed_build_with_no_removal (2.80s)
    --- PASS: TestBuildWithRemoveAndForceRemove/successful_build_with_no_removal (2.88s)
    --- PASS: TestBuildWithRemoveAndForceRemove/successful_build_with_remove_and_force_remove (2.18s)
    --- PASS: TestBuildWithRemoveAndForceRemove/successful_build_with_remove (3.08s)
    --- PASS: TestBuildWithRemoveAndForceRemove/failed_build_with_remove_and_force_remove (2.96s)
    --- PASS: TestBuildWithRemoveAndForceRemove/failed_build_with_remove (2.06s)
=== RUN   TestBuildMultiStageParentConfig
--- PASS: TestBuildMultiStageParentConfig (34.86s)
    build_test.go:175: [{-1 1547004442 sha256:efb48d3101701f8393c2a85d9d31af2c6fe129c5c440abdaa515a642a04fd811 map[] sha256:4cdbcb58b7455d470667a4cbd6cbd9207de5047587eae01bde534a6222aa581c [] [build1:latest] -1 4459754 4459754} {-1 1547004441 sha256:fd9d22f77d51073517e91c940b6435bf667c5a27989a852a8529b789356d55d1 map[] sha256:4bbdc04f51ce618584b402e91c87ee201cccdc84bc8fb29b1d78e5acfc62ca4c [<none>@<none>] [<none>:<none>] -1 4459754 4459754} {-1 1547004437 sha256:e6638875d45dcbf75fea3e71acfeb8a5c5ab701669e65f713c5f79307bcea127 map[] sha256:36e9590454976dc0eb44c15bc80fe4fbd52aaa91df37ec76cd3ed245e1a12829 [<none>@<none>] [<none>:<none>] -1 4459754 4459754} {-1 1547004436 sha256:5ee6ee50fcbfa78d0ee95f6c50e9dffe0649a855549965e88f452fe6ab9d6280 map[] sha256:36e9590454976dc0eb44c15bc80fe4fbd52aaa91df37ec76cd3ed245e1a12829 [<none>@<none>] [<none>:<none>] -1 4459754 4459754} {-1 1547004434 sha256:cd1901fc1b6c6a8205277b8dc7a0d62c24c20288586322b0a2b27df18c03a09e map[] sha256:36e9590454976dc0eb44c15bc80fe4fbd52aaa91df37ec76cd3ed245e1a12829 [<none>@<none>] [<none>:<none>] -1 4459754 4459754} {-1 1547004434 sha256:b44e10232f2b23c6881d215e5ed39439b78c1385e4e15f2c9fc20113f8afe04b map[] sha256:36e9590454976dc0eb44c15bc80fe4fbd52aaa91df37ec76cd3ed245e1a12829 [<none>@<none>] [<none>:<none>] -1 4459754 4459754} {-1 1547004431 sha256:d44b491e13dbe982474fa5097c348e13fe71b788cd5597ebeda39eab14700ce6 map[] sha256:36e9590454976dc0eb44c15bc80fe4fbd52aaa91df37ec76cd3ed245e1a12829 [<none>@<none>] [<none>:<none>] -1 4459754 4459754} {-1 1547004431 sha256:68876ab2435b18b1cf20cef495228b635b2957664a85f44d9029b9f406fc0f07 map[] sha256:36e9590454976dc0eb44c15bc80fe4fbd52aaa91df37ec76cd3ed245e1a12829 [<none>@<none>] [<none>:<none>] -1 4459754 4459754} {-1 1516785504 sha256:1e1e09d79a9fd4fa5faae6a9f150ecfe3e403a3efdfb78666c67227e656988b2 map[]  [] [busybox:glibc] -1 4476202 4476202} {-1 1511271291 sha256:3ab301db05ea4e52e26aadb6daabc1222e58c0be7cfa2b8945443d801b6b9585 map[]  [] [hello-world:frozen] -1 1976 1976} {-1 1509640958 sha256:9b0236353396efce03211408c208e6f90f31e7636682fa01f5eb4e38bbf571d6 map[]  [] [buildpack-deps:jessie] -1 595217275 595217275} {-1 1509610708 sha256:36e9590454976dc0eb44c15bc80fe4fbd52aaa91df37ec76cd3ed245e1a12829 map[]  [] [busybox:latest] -1 4459754 4459754} {-1 1507585344 sha256:de6513af1fcb9db380e4954f276ea347858dcb7bff0299953aa25c4abd54bc0b map[]  [] [debian:jessie] -1 129082379 129082379} {-1 1371157430 sha256:11f64303f0f7ffdc71f001788132bca5346831939a956e3e975c93267d89a16d map[]  [] [emptyfs:latest] -1 0 0}]
=== RUN   TestBuildLabelWithTargets
--- PASS: TestBuildLabelWithTargets (8.00s)
=== RUN   TestBuildWithEmptyLayers
--- PASS: TestBuildWithEmptyLayers (3.00s)
=== RUN   TestBuildMultiStageOnBuild
--- PASS: TestBuildMultiStageOnBuild (5.01s)
=== RUN   TestBuildUncleanTarFilenames
--- PASS: TestBuildUncleanTarFilenames (1.16s)
=== RUN   TestBuildMultiStageLayerLeak
--- PASS: TestBuildMultiStageLayerLeak (4.84s)
=== RUN   TestBuildWithHugeFile
--- PASS: TestBuildWithHugeFile (24.92s)
PASS
Running /go/src/github.com/docker/docker/integration/network
INFO: Testing against a local daemon
=== RUN   TestNetworkCreateDelete
--- PASS: TestNetworkCreateDelete (0.20s)
=== RUN   TestDockerNetworkDeletePreferID
--- PASS: TestDockerNetworkDeletePreferID (0.52s)
=== RUN   TestInspectNetwork
--- PASS: TestInspectNetwork (27.19s)
    daemon.go:296: [da88a5c6cea20] waiting for daemon to start
    daemon.go:328: [da88a5c6cea20] daemon started
    daemon.go:283: [da88a5c6cea20] exiting daemon
=== RUN   TestRunContainerWithBridgeNone
--- PASS: TestRunContainerWithBridgeNone (2.33s)
    daemon.go:296: [db6259f41d801] waiting for daemon to start
    daemon.go:328: [db6259f41d801] daemon started
    daemon.go:283: [db6259f41d801] exiting daemon
=== RUN   TestNetworkInvalidJSON
=== RUN   TestNetworkInvalidJSON//networks/create
=== PAUSE TestNetworkInvalidJSON//networks/create
=== RUN   TestNetworkInvalidJSON//networks/bridge/connect
=== PAUSE TestNetworkInvalidJSON//networks/bridge/connect
=== RUN   TestNetworkInvalidJSON//networks/bridge/disconnect
=== PAUSE TestNetworkInvalidJSON//networks/bridge/disconnect
=== CONT  TestNetworkInvalidJSON//networks/create
=== CONT  TestNetworkInvalidJSON//networks/bridge/disconnect
=== CONT  TestNetworkInvalidJSON//networks/bridge/connect
--- PASS: TestNetworkInvalidJSON (0.02s)
    --- PASS: TestNetworkInvalidJSON//networks/bridge/disconnect (0.00s)
    --- PASS: TestNetworkInvalidJSON//networks/bridge/connect (0.00s)
    --- PASS: TestNetworkInvalidJSON//networks/create (0.00s)
=== RUN   TestDaemonRestartWithLiveRestore
--- PASS: TestDaemonRestartWithLiveRestore (1.04s)
    daemon.go:296: [d39f1f09e587d] waiting for daemon to start
    daemon.go:328: [d39f1f09e587d] daemon started
    daemon.go:283: [d39f1f09e587d] exiting daemon
    daemon.go:296: [d39f1f09e587d] waiting for daemon to start
    daemon.go:328: [d39f1f09e587d] daemon started
    daemon.go:283: [d39f1f09e587d] exiting daemon
=== RUN   TestDaemonDefaultNetworkPools
--- PASS: TestDaemonDefaultNetworkPools (0.78s)
    daemon.go:296: [d3f13b1499b6e] waiting for daemon to start
    daemon.go:328: [d3f13b1499b6e] daemon started
    daemon.go:283: [d3f13b1499b6e] exiting daemon
=== RUN   TestDaemonRestartWithExistingNetwork
--- PASS: TestDaemonRestartWithExistingNetwork (1.18s)
    daemon.go:296: [dd62e3c7d06f9] waiting for daemon to start
    daemon.go:328: [dd62e3c7d06f9] daemon started
    daemon.go:283: [dd62e3c7d06f9] exiting daemon
    daemon.go:296: [dd62e3c7d06f9] waiting for daemon to start
    daemon.go:328: [dd62e3c7d06f9] daemon started
    daemon.go:283: [dd62e3c7d06f9] exiting daemon
=== RUN   TestDaemonRestartWithExistingNetworkWithDefaultPoolRange
--- PASS: TestDaemonRestartWithExistingNetworkWithDefaultPoolRange (1.31s)
    daemon.go:296: [d4c6736f97a32] waiting for daemon to start
    daemon.go:328: [d4c6736f97a32] daemon started
    daemon.go:283: [d4c6736f97a32] exiting daemon
    daemon.go:296: [d4c6736f97a32] waiting for daemon to start
    daemon.go:328: [d4c6736f97a32] daemon started
    daemon.go:283: [d4c6736f97a32] exiting daemon
=== RUN   TestDaemonWithBipAndDefaultNetworkPool
--- PASS: TestDaemonWithBipAndDefaultNetworkPool (0.60s)
    daemon.go:296: [db81b785ec6d0] waiting for daemon to start
    daemon.go:328: [db81b785ec6d0] daemon started
    daemon.go:283: [db81b785ec6d0] exiting daemon
=== RUN   TestServiceWithPredefinedNetwork
--- PASS: TestServiceWithPredefinedNetwork (2.74s)
    daemon.go:296: [d73b0d75f2604] waiting for daemon to start
    daemon.go:328: [d73b0d75f2604] daemon started
    daemon.go:283: [d73b0d75f2604] exiting daemon
=== RUN   TestServiceRemoveKeepsIngressNetwork
--- PASS: TestServiceRemoveKeepsIngressNetwork (12.82s)
    daemon.go:296: [dbad825f6197d] waiting for daemon to start
    daemon.go:328: [dbad825f6197d] daemon started
    daemon.go:283: [dbad825f6197d] exiting daemon
=== RUN   TestServiceWithDataPathPortInit
--- PASS: TestServiceWithDataPathPortInit (5.78s)
    daemon.go:296: [da735f36745d5] waiting for daemon to start
    daemon.go:328: [da735f36745d5] daemon started
    daemon.go:283: [da735f36745d5] exiting daemon
    daemon.go:296: [d4c69dd845b02] waiting for daemon to start
    daemon.go:328: [d4c69dd845b02] daemon started
    daemon.go:283: [d4c69dd845b02] exiting daemon
=== RUN   TestServiceWithDefaultAddressPoolInit
--- PASS: TestServiceWithDefaultAddressPoolInit (5.86s)
    daemon.go:296: [dca5f49ebf757] waiting for daemon to start
    daemon.go:328: [dca5f49ebf757] daemon started
    service_test.go:420: TestServiceWithDefaultAddressPoolInit: NetworkInspect: {Name:saanvisthiraTestServiceWithDefaultAddressPoolInit ID:ydqcec9k514hextmllcsoimzp Created:2019-01-09 03:29:38.36380413 +0000 UTC Scope:swarm Driver:overlay EnableIPv6:false IPAM:{Driver:default Options:map[] Config:[{Subnet:20.20.0.0/24 IPRange: Gateway:20.20.0.1 AuxAddress:map[]}]} Internal:false Attachable:false Ingress:false ConfigFrom:{Network:} ConfigOnly:false Containers:map[] Options:map[com.docker.network.driver.overlay.vxlanid_list:4097] Labels:map[] Peers:[] Services:map[]}
    daemon.go:283: [dca5f49ebf757] exiting daemon
    daemon.go:296: [d31560ce44ad9] waiting for daemon to start
    daemon.go:328: [d31560ce44ad9] daemon started
    daemon.go:283: [d31560ce44ad9] exiting daemon
PASS
Running /go/src/github.com/docker/docker/integration/network/ipvlan
INFO: Testing against a local daemon
=== RUN   TestDockerNetworkIpvlanPersistance
--- PASS: TestDockerNetworkIpvlanPersistance (1.39s)
    daemon.go:296: [dc40acf381129] waiting for daemon to start
    daemon.go:328: [dc40acf381129] daemon started
    daemon.go:283: [dc40acf381129] exiting daemon
    daemon.go:296: [dc40acf381129] waiting for daemon to start
    daemon.go:328: [dc40acf381129] daemon started
    daemon.go:283: [dc40acf381129] exiting daemon
=== RUN   TestDockerNetworkIpvlan
=== RUN   TestDockerNetworkIpvlan/Subinterface
=== RUN   TestDockerNetworkIpvlan/OverlapParent
=== RUN   TestDockerNetworkIpvlan/L2NilParent
=== RUN   TestDockerNetworkIpvlan/L2InternalMode
=== RUN   TestDockerNetworkIpvlan/L3NilParent
=== RUN   TestDockerNetworkIpvlan/L3InternalMode
=== RUN   TestDockerNetworkIpvlan/L2MultiSubnet
=== RUN   TestDockerNetworkIpvlan/L3MultiSubnet
=== RUN   TestDockerNetworkIpvlan/Addressing
--- PASS: TestDockerNetworkIpvlan (114.75s)
    daemon.go:296: [d248569c0fe50] waiting for daemon to start
    daemon.go:328: [d248569c0fe50] daemon started
    --- PASS: TestDockerNetworkIpvlan/Subinterface (0.09s)
    daemon.go:283: [d248569c0fe50] exiting daemon
    daemon.go:296: [d92ee2bfedc5c] waiting for daemon to start
    daemon.go:328: [d92ee2bfedc5c] daemon started
    --- PASS: TestDockerNetworkIpvlan/OverlapParent (0.07s)
    daemon.go:283: [d92ee2bfedc5c] exiting daemon
    daemon.go:296: [d8383e9f0167d] waiting for daemon to start
    daemon.go:328: [d8383e9f0167d] daemon started
    --- PASS: TestDockerNetworkIpvlan/L2NilParent (1.16s)
    daemon.go:283: [d8383e9f0167d] exiting daemon
    daemon.go:296: [dd5ee71bd3303] waiting for daemon to start
    daemon.go:328: [dd5ee71bd3303] daemon started
    --- PASS: TestDockerNetworkIpvlan/L2InternalMode (2.17s)
    daemon.go:283: [dd5ee71bd3303] exiting daemon
    daemon.go:296: [d7f89284e1491] waiting for daemon to start
    daemon.go:328: [d7f89284e1491] daemon started
    --- PASS: TestDockerNetworkIpvlan/L3NilParent (16.12s)
    daemon.go:283: [d7f89284e1491] exiting daemon
    daemon.go:296: [d0119ae49960b] waiting for daemon to start
    daemon.go:328: [d0119ae49960b] daemon started
    --- PASS: TestDockerNetworkIpvlan/L3InternalMode (17.14s)
    daemon.go:283: [d0119ae49960b] exiting daemon
    daemon.go:296: [d708575421eb5] waiting for daemon to start
    daemon.go:328: [d708575421eb5] daemon started
    --- PASS: TestDockerNetworkIpvlan/L2MultiSubnet (17.79s)
    daemon.go:283: [d708575421eb5] exiting daemon
    daemon.go:296: [da58273144a79] waiting for daemon to start
    daemon.go:328: [da58273144a79] daemon started
    --- PASS: TestDockerNetworkIpvlan/L3MultiSubnet (17.66s)
    daemon.go:283: [da58273144a79] exiting daemon
    daemon.go:296: [d439efcf6ebfd] waiting for daemon to start
    daemon.go:328: [d439efcf6ebfd] daemon started
    --- PASS: TestDockerNetworkIpvlan/Addressing (31.55s)
    daemon.go:283: [d439efcf6ebfd] exiting daemon
PASS
Running /go/src/github.com/docker/docker/integration/network/macvlan
INFO: Testing against a local daemon
=== RUN   TestDockerNetworkMacvlanPersistance
--- PASS: TestDockerNetworkMacvlanPersistance (1.38s)
    daemon.go:296: [d73bf3a601d65] waiting for daemon to start
    daemon.go:328: [d73bf3a601d65] daemon started
    daemon.go:283: [d73bf3a601d65] exiting daemon
    daemon.go:296: [d73bf3a601d65] waiting for daemon to start
    daemon.go:328: [d73bf3a601d65] daemon started
    daemon.go:283: [d73bf3a601d65] exiting daemon
=== RUN   TestDockerNetworkMacvlan
=== RUN   TestDockerNetworkMacvlan/Subinterface
=== RUN   TestDockerNetworkMacvlan/OverlapParent
=== RUN   TestDockerNetworkMacvlan/NilParent
=== RUN   TestDockerNetworkMacvlan/InternalMode
=== RUN   TestDockerNetworkMacvlan/Addressing
--- PASS: TestDockerNetworkMacvlan (24.62s)
    daemon.go:296: [d752aacb75968] waiting for daemon to start
    daemon.go:328: [d752aacb75968] daemon started
    --- PASS: TestDockerNetworkMacvlan/Subinterface (0.08s)
    daemon.go:283: [d752aacb75968] exiting daemon
    daemon.go:296: [dbed250461004] waiting for daemon to start
    daemon.go:328: [dbed250461004] daemon started
    --- PASS: TestDockerNetworkMacvlan/OverlapParent (0.10s)
    daemon.go:283: [dbed250461004] exiting daemon
    daemon.go:296: [d13182acb81eb] waiting for daemon to start
    daemon.go:328: [d13182acb81eb] daemon started
    --- PASS: TestDockerNetworkMacvlan/NilParent (1.11s)
    daemon.go:283: [d13182acb81eb] exiting daemon
    daemon.go:296: [db36864505d15] waiting for daemon to start
    daemon.go:328: [db36864505d15] daemon started
    --- PASS: TestDockerNetworkMacvlan/InternalMode (2.11s)
    daemon.go:283: [db36864505d15] exiting daemon
    daemon.go:296: [d99797443c6f6] waiting for daemon to start
    daemon.go:328: [d99797443c6f6] daemon started
    --- PASS: TestDockerNetworkMacvlan/Addressing (15.75s)
    daemon.go:283: [d99797443c6f6] exiting daemon
PASS
Running /go/src/github.com/docker/docker/integration/service
INFO: Testing against a local daemon
=== RUN   TestServiceCreateInit
=== RUN   TestServiceCreateInit/daemonInitDisabled
=== RUN   TestServiceCreateInit/daemonInitEnabled
--- PASS: TestServiceCreateInit (10.50s)
    --- PASS: TestServiceCreateInit/daemonInitDisabled (5.25s)
        daemon.go:296: [d40552767f257] waiting for daemon to start
        daemon.go:328: [d40552767f257] daemon started
        daemon.go:283: [d40552767f257] exiting daemon
    --- PASS: TestServiceCreateInit/daemonInitEnabled (5.23s)
        daemon.go:296: [d13b848237e56] waiting for daemon to start
        daemon.go:328: [d13b848237e56] daemon started
        daemon.go:283: [d13b848237e56] exiting daemon
=== RUN   TestCreateServiceMultipleTimes
--- PASS: TestCreateServiceMultipleTimes (27.59s)
    daemon.go:296: [df03fa4f877b8] waiting for daemon to start
    daemon.go:328: [df03fa4f877b8] daemon started
    daemon.go:283: [df03fa4f877b8] exiting daemon
=== RUN   TestCreateServiceConflict
--- PASS: TestCreateServiceConflict (2.89s)
    daemon.go:296: [d4f35fd1ea515] waiting for daemon to start
    daemon.go:328: [d4f35fd1ea515] daemon started
    daemon.go:283: [d4f35fd1ea515] exiting daemon
=== RUN   TestCreateServiceMaxReplicas
--- PASS: TestCreateServiceMaxReplicas (3.14s)
    daemon.go:296: [d5a05c3862de5] waiting for daemon to start
    daemon.go:328: [d5a05c3862de5] daemon started
    daemon.go:283: [d5a05c3862de5] exiting daemon
=== RUN   TestCreateWithDuplicateNetworkNames
--- PASS: TestCreateWithDuplicateNetworkNames (13.49s)
    daemon.go:296: [df113a647b8ef] waiting for daemon to start
    daemon.go:328: [df113a647b8ef] daemon started
    daemon.go:283: [df113a647b8ef] exiting daemon
=== RUN   TestCreateServiceSecretFileMode
--- PASS: TestCreateServiceSecretFileMode (3.46s)
    daemon.go:296: [d492358cabc10] waiting for daemon to start
    daemon.go:328: [d492358cabc10] daemon started
    daemon.go:283: [d492358cabc10] exiting daemon
=== RUN   TestCreateServiceConfigFileMode
--- PASS: TestCreateServiceConfigFileMode (2.93s)
    daemon.go:296: [d67c211d6ca3c] waiting for daemon to start
    daemon.go:328: [d67c211d6ca3c] daemon started
    daemon.go:283: [d67c211d6ca3c] exiting daemon
=== RUN   TestCreateServiceSysctls
--- PASS: TestCreateServiceSysctls (4.09s)
    daemon.go:296: [d087aa8c7c927] waiting for daemon to start
    daemon.go:328: [d087aa8c7c927] daemon started
    daemon.go:283: [d087aa8c7c927] exiting daemon
=== RUN   TestInspect
--- PASS: TestInspect (2.91s)
    daemon.go:296: [d953886111efa] waiting for daemon to start
    daemon.go:328: [d953886111efa] daemon started
    daemon.go:283: [d953886111efa] exiting daemon
=== RUN   TestDockerNetworkConnectAlias
--- PASS: TestDockerNetworkConnectAlias (6.86s)
    daemon.go:296: [d5782c144da0d] waiting for daemon to start
    daemon.go:328: [d5782c144da0d] daemon started
    daemon.go:283: [d5782c144da0d] exiting daemon
=== RUN   TestServicePlugin
--- SKIP: TestServicePlugin (0.01s)
    plugin_test.go:26: os.Getenv("DOCKER_ENGINE_GOARCH") != "amd64"
=== RUN   TestServiceUpdateLabel
--- PASS: TestServiceUpdateLabel (2.87s)
    daemon.go:296: [d9a3ddf8445d2] waiting for daemon to start
    daemon.go:328: [d9a3ddf8445d2] daemon started
    daemon.go:283: [d9a3ddf8445d2] exiting daemon
=== RUN   TestServiceUpdateSecrets
--- FAIL: TestServiceUpdateSecrets (2.94s)
    daemon.go:296: [d5eb58188a17e] waiting for daemon to start
    daemon.go:328: [d5eb58188a17e] daemon started
    update_test.go:126: assertion failed: error is not nil: Error response from daemon: rpc error: code = Unknown desc = update out of sequence
    daemon.go:283: [d5eb58188a17e] exiting daemon
=== RUN   TestServiceUpdateConfigs
--- PASS: TestServiceUpdateConfigs (8.62s)
    daemon.go:296: [dd9f9eaf860af] waiting for daemon to start
    daemon.go:328: [dd9f9eaf860af] daemon started
    daemon.go:283: [dd9f9eaf860af] exiting daemon
FAIL
---> Making bundle: .integration-daemon-stop (in bundles/test-integration)
Clearing AppArmor profiles cache:.
All profile caches have been cleared, but no profiles have been unloaded.
Unloading profiles will leave already running processes permanently
unconfined, which can lead to unexpected situations.

To set a process to complain mode, use the command line tool
'aa-complain'. To really tear down all profiles, run the init script
with the 'teardown' option."
Removing test suite binaries
Build step 'Execute shell' marked build as failure
Set build name.
New build name is '#38515'
[PostBuildScript] - Executing post build scripts.
[Docker-PRs-s390x] $ /bin/sh -xe /tmp/jenkins6120881095771438042.sh
+ echo Chowning /workspace to jenkins user
Chowning /workspace to jenkins user
+ id -u
+ id -g
+ docker run --rm -v /home/jenkins/workspace/Docker-PRs-s390x:/workspace s390x/busybox chown -R 1001:1001 /workspace
[Docker-PRs-s390x] $ /bin/sh -xe /tmp/jenkins6280718876880442077.sh
+ echo Creating bundles.tar.gz
Creating bundles.tar.gz
+ xargs tar -czf bundles.tar.gz
+ find bundles -name *.log
Archiving artifacts
Notifying endpoint with url 'https://leeroy.dockerproject.org/notification/jenkins'
Finished: FAILURE
