Started by user Gordon
Notifying endpoint with url 'https://leeroy.dockerproject.org/notification/jenkins'
[EnvInject] - Loading node environment variables.
Building remotely on azure-windows-rs1-8 (windows-rs1) in workspace /gopath/src/github.com/docker/docker
Wiping out workspace first.
Cloning the remote Git repository
Cloning repository https://github.com/moby/moby.git
 > git init C:\gopath\src\github.com\docker\docker # timeout=10
Fetching upstream changes from https://github.com/moby/moby.git
 > git --version # timeout=10
 > git fetch --tags --progress https://github.com/moby/moby.git +refs/heads/*:refs/remotes/origin/*
 > git config remote.origin.url https://github.com/moby/moby.git # timeout=10
 > git config --add remote.origin.fetch +refs/heads/*:refs/remotes/origin/* # timeout=10
 > git config remote.origin.url https://github.com/moby/moby.git # timeout=10
Fetching upstream changes from https://github.com/moby/moby.git
 > git fetch --tags --progress https://github.com/moby/moby.git +refs/heads/*:refs/remotes/origin/*
 > git rev-parse "origin/master^{commit}" # timeout=10
Checking out Revision f76d6a078d881f410c00e8d900dcdfc2e026c841 (origin/master)
 > git config core.sparsecheckout # timeout=10
 > git checkout -f f76d6a078d881f410c00e8d900dcdfc2e026c841
Commit message: "Merge pull request #38370 from farnasirim/36413-bind-dir-skip-copy"
 > git rev-list --no-walk f76d6a078d881f410c00e8d900dcdfc2e026c841 # timeout=10
Set build name.
New build name is '#38432'
[docker] $ sh -xe C:\Users\jenkins\jenkins6738045258472633963.sh
+ git fetch origin +refs/pull/38432/head:refs/remotes/origin/pr/38432
From https://github.com/moby/moby
 * [new ref]               refs/pull/38432/head -> origin/pr/38432
+ git merge origin/pr/38432
Merge made by the 'recursive' strategy.
 hack/ci/windows.ps1                                |   7 +-
 integration-cli/check_test.go                      |   3 +-
 integration-cli/docker_api_swarm_node_test.go      |   2 -
 integration-cli/docker_api_swarm_service_test.go   |  79 ---------
 .../docker_api_swarm_service_unix_test.go          |  90 ++++++++++
 integration-cli/docker_api_swarm_test.go           |   2 -
 integration-cli/docker_cli_swarm_test.go           | 196 ---------------------
 integration-cli/docker_cli_swarm_unix_test.go      | 195 ++++++++++++++++++++
 internal/test/daemon/daemon.go                     |   5 -
 internal/test/daemon/daemon_unix.go                |   6 +
 internal/test/daemon/daemon_windows.go             |   6 +
 internal/test/daemon/swarm.go                      |   4 -
 internal/test/daemon/swarm_unix.go                 |   7 +
 internal/test/daemon/swarm_windows.go              |   7 +
 14 files changed, 316 insertions(+), 293 deletions(-)
 create mode 100644 integration-cli/docker_api_swarm_service_unix_test.go
 create mode 100644 internal/test/daemon/swarm_unix.go
 create mode 100644 internal/test/daemon/swarm_windows.go
[docker] $ powershell.exe -NonInteractive -ExecutionPolicy ByPass "& 'C:\Users\jenkins\jenkins5481961469709305956.ps1'"
NEW entrypoint

INFO: executeCI.ps1 starting at Mon Dec 31 13:53:11 CUT 2018

INFO: Script version 28-Aug-2018 09:33 PDT
INFO: Running git version 2.18.0.windows.1
INFO: Branch:rs1_release Build:14393.2312.180607-1919
INFO: Environment variables:

Name                           Value                                                                                   
----                           -----                                                                                   
_                              /cygdrive/c/ProgramData/Oracle/Java/javapath/java                                       
ALLUSERSPROFILE                C:\ProgramData                                                                          
APPDATA                        C:\Users\jenkins\AppData\Roaming                                                        
BASE_BRANCH                    master                                                                                  
BUILD_CAUSE                    MANUALTRIGGER                                                                           
BUILD_CAUSE_MANUALTRIGGER      true                                                                                    
BUILD_DISPLAY_NAME             #38432                                                                                  
BUILD_ID                       23475                                                                                   
BUILD_NUMBER                   23475                                                                                   
BUILD_TAG                      jenkins-Docker-PRs-WoW-RS1-23475                                                        
BUILD_URL                      https://jenkins.dockerproject.org/job/Docker-PRs-WoW-RS1/23475/                         
CommonProgramFiles             C:\Program Files\Common Files                                                           
CommonProgramFiles(x86)        C:\Program Files (x86)\Common Files                                                     
CommonProgramW6432             C:\Program Files\Common Files                                                           
COMPUTERNAME                   jenkins-rs1-8                                                                           
COMSPEC                        C:\Windows\system32\cmd.exe                                                             
ConfigSet                      rs                                                                                      
CYGWIN                         binmode ntsec                                                                           
EXECUTOR_NUMBER                0                                                                                       
GIT_AUTHOR_EMAIL               janky@dockerproject.org                                                                 
GIT_AUTHOR_NAME                Docker Jenkins                                                                          
GIT_BASE_REPO                  moby/moby                                                                               
GIT_BRANCH                     origin/master                                                                           
GIT_COMMIT                     f76d6a078d881f410c00e8d900dcdfc2e026c841                                                
GIT_COMMITTER_EMAIL            janky@dockerproject.org                                                                 
GIT_COMMITTER_NAME             Docker Jenkins                                                                          
GIT_HEAD_REPO                  olljanat/moby                                                                           
GIT_PREVIOUS_COMMIT            f76d6a078d881f410c00e8d900dcdfc2e026c841                                                
GIT_PREVIOUS_SUCCESSFUL_COMMIT f76d6a078d881f410c00e8d900dcdfc2e026c841                                                
GIT_SHA1                       73562519698eada583fca8de129cc6376b81d9c2                                                
GIT_URL                        https://github.com/moby/moby.git                                                        
GITHUB_URL                     https://github.com/moby/moby/pull/38432                                                 
HOME                           C:\cygwin\home\jenkins                                                                  
HOMEDRIVE                      C:                                                                                      
HOMEPATH                       \cygwin\home\jenkins                                                                    
HUDSON_COOKIE                  922b68d6-f014-4cbd-a0ec-78e48e3293e6                                                    
HUDSON_HOME                    /var/jenkins_home                                                                       
HUDSON_SERVER_COOKIE           5654907fc74b1465                                                                        
HUDSON_URL                     https://jenkins.dockerproject.org/                                                      
INTEGRATION_TEST_NAME          DockerSwarmSuite                                                                        
JENKINS_HOME                   /var/jenkins_home                                                                       
JENKINS_SERVER_COOKIE          5654907fc74b1465                                                                        
JENKINS_URL                    https://jenkins.dockerproject.org/                                                      
JOB_BASE_NAME                  Docker-PRs-WoW-RS1                                                                      
JOB_DISPLAY_URL                https://jenkins.dockerproject.org/job/Docker-PRs-WoW-RS1/display/redirect               
JOB_NAME                       Docker-PRs-WoW-RS1                                                                      
JOB_URL                        https://jenkins.dockerproject.org/job/Docker-PRs-WoW-RS1/                               
LOCALAPPDATA                   C:\Users\jenkins\AppData\Local                                                          
LOGNAME                        jenkins                                                                                 
LOGONSERVER                    \\jenkins-rs1-8                                                                         
MAIL                           /var/spool/mail//jenkins                                                                
NODE_LABELS                    azure-windows-rs1-8 windows-rs1                                                         
NODE_NAME                      azure-windows-rs1-8                                                                     
NUMBER_OF_PROCESSORS           4                                                                                       
OLDPWD                         /home/jenkins                                                                           
OS                             Windows_NT                                                                              
PATH                           C:\cygwin\bin;C:\ProgramData\Oracle\Java\javapath;C:\pstools;C:\Program Files\Notepad...
PATHEXT                        .COM;.EXE;.BAT;.CMD;.VBS;.VBE;.JS;.JSE;.WSF;.WSH;.MSC;.CPL                              
PR                             38432                                                                                   
PROCESSOR_ARCHITECTURE         AMD64                                                                                   
PROCESSOR_IDENTIFIER           Intel64 Family 6 Model 79 Stepping 1, GenuineIntel                                      
PROCESSOR_LEVEL                6                                                                                       
PROCESSOR_REVISION             4f01                                                                                    
ProgramData                    C:\ProgramData                                                                          
PROGRAMFILES                   C:\Program Files                                                                        
ProgramFiles(x86)              C:\Program Files (x86)                                                                  
ProgramW6432                   C:\Program Files                                                                        
PSExecutionPolicyPreference    Bypass                                                                                  
PSModulePath                   C:\Users\jenkins\Documents\WindowsPowerShell\Modules;C:\Program Files\WindowsPowerShe...
PUBLIC                         C:\Users\Public                                                                         
PWD                            /cygdrive/c/workspace                                                                   
ROOT_BUILD_CAUSE               MANUALTRIGGER                                                                           
ROOT_BUILD_CAUSE_MANUALTRIGGER true                                                                                    
RUN_CHANGES_DISPLAY_URL        https://jenkins.dockerproject.org/job/Docker-PRs-WoW-RS1/23475/display/redirect?page=...
RUN_DISPLAY_URL                https://jenkins.dockerproject.org/job/Docker-PRs-WoW-RS1/23475/display/redirect         
SHELL                          /bin/bash                                                                               
SHLVL                          1                                                                                       
SKIP_UNIT_TESTS                yes                                                                                     
SKIP_VALIDATION_TESTS          yes                                                                                     
SOURCES_DRIVE                  c                                                                                       
SOURCES_SUBDIR                 gopath                                                                                  
SSH_CLIENT                     52.88.204.51 57075 22                                                                   
SSH_CONNECTION                 52.88.204.51 57075 10.0.0.14 22                                                         
SYSTEMDRIVE                    C:                                                                                      
SYSTEMROOT                     C:\Windows                                                                              
TEMP                           d:\temp                                                                                 
TESTRUN_DRIVE                  d                                                                                       
TESTRUN_SUBDIR                 CI                                                                                      
USER                           jenkins                                                                                 
USERDOMAIN                     jenkins-rs1-8                                                                           
USERNAME                       jenkins                                                                                 
USERPROFILE                    C:\Users\jenkins                                                                        
WINDIR                         C:\Windows                                                                              
WORKSPACE                      /gopath/src/github.com/docker/docker                                                    



INFO: PR#38432 (https://github.com/docker/docker/pull/38432)
INFO: Sources under c:\gopath\...
INFO: Test run under d:\CI\...
INFO: Running in C:\gopath\src\github.com\docker\docker
INFO: docker/docker repository was found
INFO: Image microsoft/windowsservercore:latest is already loaded in the control daemon
INFO: Version of microsoft/windowsservercore:latest is '10.0.14393.2312'
INFO: Docker version of control daemon

Client:
 Version:           master-dockerproject-2018-10-09
 API version:       1.39
 Go version:        go1.10.4
 Git commit:        ab50c2f2
 Built:             Tue Oct  9 23:49:39 2018
 OS/Arch:           windows/amd64
 Experimental:      false

Server:
 Engine:
  Version:          master-dockerproject-2018-10-09
  API version:      1.39 (minimum version 1.24)
  Go version:       go1.11.1
  Git commit:       82a4797
  Built:            Tue Oct  9 23:58:23 2018
  OS/Arch:          windows/amd64
  Experimental:     false

INFO: Docker info of control daemon

Containers: 0
 Running: 0
 Paused: 0
 Stopped: 0
Images: 44
Server Version: master-dockerproject-2018-10-09
Storage Driver: windowsfilter
 Windows: 
Logging Driver: json-file
Plugins:
 Volume: local
 Network: ics l2bridge l2tunnel nat null overlay transparent
 Log: awslogs etwlogs fluentd gcplogs gelf json-file local logentries splunk syslog
Swarm: inactive
Default Isolation: process
Kernel Version: 10.0 14393 (14393.2312.amd64fre.rs1_release.180607-1919)
Operating System: Windows Server 2016 Datacenter Version 1607 (OS Build 14393.2312)
OSType: windows
Architecture: x86_64
CPUs: 4
Total Memory: 14GiB
Name: jenkins-rs1-8
ID: ZMZN:J5EJ:R2N2:JXXY:ZS7X:ZNHC:RBRB:NFFK:XUVA:ITCL:GP5Y:RX4I
Docker Root Dir: D:\control
Debug Mode (client): false
Debug Mode (server): false
Registry: https://index.docker.io/v1/
Labels:
Experimental: false
Insecure Registries:
 127.0.0.0/8
Live Restore Enabled: false


INFO: Commit hash is 55f9a7eec9
INFO: Nuke-Everything...
INFO: Container count on control daemon to delete is 0
INFO: Non-base image count on control daemon to delete is 22
"docker rmi" requires at least 1 argument.
See 'docker rmi --help'.

Usage:  docker rmi [OPTIONS] IMAGE [IMAGE...]

Remove one or more images
INFO: Nuking d:\CI
INFO: Zapped successfully
INFO: Location for testing is d:\CI\CI-55f9a7eec9
INFO: Validating GOLang consistency in Dockerfile.windows...


INFO: Building the image from Dockerfile.windows at 12/31/2018 13:53:13...

Sending build context to Docker daemon  46.38MB

Step 1/7 : FROM microsoft/windowsservercore
 ---> eb1805404161
Step 2/7 : SHELL ["powershell", "-Command", "$ErrorActionPreference = 'Stop'; $ProgressPreference = 'SilentlyContinue';"]
 ---> Using cache
 ---> 2ee68bc47118
Step 3/7 : ENV GO_VERSION=1.11.4     GIT_VERSION=2.11.1     GOPATH=C:\go     FROM_DOCKERFILE=1
 ---> Using cache
 ---> ab8c1e29091e
Step 4/7 : RUN   Function Test-Nano() {     $EditionId = (Get-ItemProperty -Path 'HKLM:\SOFTWARE\Microsoft\Windows NT\CurrentVersion' -Name 'EditionID').EditionId;     return (($EditionId -eq 'ServerStandardNano') -or ($EditionId -eq 'ServerDataCenterNano') -or ($EditionId -eq 'NanoServer'));   }    Function Download-File([string] $source, [string] $target) {     if (Test-Nano) {       $handler = New-Object System.Net.Http.HttpClientHandler;       $client = New-Object System.Net.Http.HttpClient($handler);       $client.Timeout = New-Object System.TimeSpan(0, 30, 0);       $cancelTokenSource = [System.Threading.CancellationTokenSource]::new();       $responseMsg = $client.GetAsync([System.Uri]::new($source), $cancelTokenSource.Token);       $responseMsg.Wait();       if (!$responseMsg.IsCanceled) {         $response = $responseMsg.Result;         if ($response.IsSuccessStatusCode) {           $downloadedFileStream = [System.IO.FileStream]::new($target, [System.IO.FileMode]::Create, [System.IO.FileAccess]::Write);           $copyStreamOp = $response.Content.CopyToAsync($downloadedFileStream);           $copyStreamOp.Wait();           $downloadedFileStream.Close();           if ($copyStreamOp.Exception -ne $null) { throw $copyStreamOp.Exception }         }       } else {       Throw ("Failed to download " + $source)       }    } else {       $webClient = New-Object System.Net.WebClient;       $webClient.DownloadFile($source, $target);     }   }     setx /M PATH $('C:\git\cmd;C:\git\usr\bin;'+$Env:PATH+';C:\gcc\bin;C:\go\bin');     Write-Host INFO: Downloading git...;   $location='https://www.nuget.org/api/v2/package/GitForWindows/'+$Env:GIT_VERSION;   Download-File $location C:\gitsetup.zip;     Write-Host INFO: Downloading go...;   Download-File $('https://golang.org/dl/go'+$Env:GO_VERSION+'.windows-amd64.zip') C:\go.zip;     Write-Host INFO: Downloading compiler 1 of 3...;   Download-File https://raw.githubusercontent.com/jhowardmsft/docker-tdmgcc/master/gcc.zip C:\gcc.zip;     Write-Host INFO: Downloading compiler 2 of 3...;   Download-File https://raw.githubusercontent.com/jhowardmsft/docker-tdmgcc/master/runtime.zip C:\runtime.zip;     Write-Host INFO: Downloading compiler 3 of 3...;   Download-File https://raw.githubusercontent.com/jhowardmsft/docker-tdmgcc/master/binutils.zip C:\binutils.zip;     Write-Host INFO: Extracting git...;   Expand-Archive C:\gitsetup.zip C:\git-tmp;   New-Item -Type Directory C:\git | Out-Null;   Move-Item C:\git-tmp\tools\* C:\git\.;   Remove-Item -Recurse -Force C:\git-tmp;     Write-Host INFO: Expanding go...;   Expand-Archive C:\go.zip -DestinationPath C:\;     Write-Host INFO: Expanding compiler 1 of 3...;   Expand-Archive C:\gcc.zip -DestinationPath C:\gcc -Force;   Write-Host INFO: Expanding compiler 2 of 3...;   Expand-Archive C:\runtime.zip -DestinationPath C:\gcc -Force;   Write-Host INFO: Expanding compiler 3 of 3...;   Expand-Archive C:\binutils.zip -DestinationPath C:\gcc -Force;     Write-Host INFO: Removing downloaded files...;   Remove-Item C:\gcc.zip;   Remove-Item C:\runtime.zip;   Remove-Item C:\binutils.zip;   Remove-Item C:\gitsetup.zip;     Write-Host INFO: Creating source directory...;   New-Item -ItemType Directory -Path C:\go\src\github.com\docker\docker | Out-Null;     Write-Host INFO: Configuring git core.autocrlf...;   C:\git\cmd\git config --global core.autocrlf true;     Write-Host INFO: Completed
 ---> Using cache
 ---> a26c32cec10b
Step 5/7 : ENTRYPOINT ["powershell.exe"]
 ---> Using cache
 ---> 35c62843c866
Step 6/7 : WORKDIR C:\go\src\github.com\docker\docker
 ---> Using cache
 ---> 2c8594fbbb92
Step 7/7 : COPY . .
 ---> 46baceb317e2
Successfully built 46baceb317e2
Successfully tagged docker:latest
INFO: Image build ended at 12/31/2018 13:53:47. Duration:00:00:34.3432153


INFO: Building the test binaries at 12/31/2018 13:53:47...
INFO: make.ps1 starting at 12/31/2018 13:54:02
INFO: Git commit (55f9a7eec9) assumed from DOCKER_GITCOMMIT environment variable
INFO: Invoking autogen...
INFO: Building daemon...
INFO: Downloading docker/cli version 17.06.0-ce from edge...

 ________   ____  __.
 \_____  \ |    |/ _|
 /   |   \|      <
 /    |    \    |  \
 \_______  /____|__ \
         \/        \/

INFO: make.ps1 ended at 12/31/2018 13:54:52
INFO: Binaries build ended at 12/31/2018 13:54:54. Duration:00:01:06.4548896
INFO: Copying the built daemon binary to d:\CI\CI-55f9a7eec9\binary\dockerd-55f9a7eec9.exe...
INFO: Copying the built client binary to d:\CI\CI-55f9a7eec9\binary\docker-55f9a7eec9.exe...
INFO: Copying dockerversion from the container...
INFO: Copying the golang package from the container to d:\CI\CI-55f9a7eec9\installer\go.zip...
INFO: Extracting go.zip to d:\CI\CI-55f9a7eec9\go
INFO: Extraction ended at 12/31/2018 13:55:18. Duration:00:00:21.8769267
INFO: Updating the golang and path environment variables
INFO: GOPATH=c:\gopath
INFO: go version go1.11.4 windows/amd64
INFO: Starting a daemon under test...
INFO: Args: -H tcp://0.0.0.0:2357 --data-root d:\CI\CI-55f9a7eec9\daemon --pidfile d:\CI\CI-55f9a7eec9\docker.pid
INFO: Process started successfully.
INFO: Waiting for the daemon under test to start...
INFO: Daemon under test started and replied!
INFO: Docker version of the daemon under test

Client:
 Version:      17.06.0-ce
 API version:  1.30
 Go version:   go1.8.3
 Git commit:   02c1d87
 Built:        Fri Jun 23 21:30:30 2017
 OS/Arch:      windows/amd64

Server:
 Version:      0.0.0-dev
 API version:  1.40 (minimum version 1.24)
 Go version:   go1.11.4
 Git commit:   55f9a7eec9
 Built:        12/31/2018 13:54:03
 OS/Arch:      windows/amd64
 Experimental: false

INFO: Docker info of the daemon under test

Containers: 0
 Running: 0
 Paused: 0
 Stopped: 0
Images: 0
Server Version: 0.0.0-dev
Storage Driver: windowsfilter
 Windows: 
Logging Driver: json-file
Plugins: 
 Volume: local
 Network: ics l2bridge l2tunnel nat null overlay transparent
 Log: awslogs etwlogs fluentd gcplogs gelf json-file local logentries splunk syslog
Swarm: inactive
Default Isolation: process
Kernel Version: 10.0 14393 (14393.2312.amd64fre.rs1_release.180607-1919)
Operating System: Windows Server 2016 Datacenter Version 1607 (OS Build 14393.2312)
OSType: windows
Architecture: x86_64
CPUs: 4
Total Memory: 14GiB
Name: jenkins-rs1-8
ID: D57M:3V3G:EOZS:UBAI:Z323:64ZW:DOMX:SG5A:62K7:KHBP:6NRY:R6GW
Docker Root Dir: D:\CI\CI-55f9a7eec9\daemon
Debug Mode (client): false
Debug Mode (server): false
Registry: https://index.docker.io/v1/
Labels:
Experimental: false
Insecure Registries:
 127.0.0.0/8
Live Restore Enabled: false


INFO: Docker images of the daemon under test

REPOSITORY          TAG                 IMAGE ID            CREATED             SIZE

INFO: Base image for tests is microsoft/windowsservercore
INFO: Loading windowsservercore .tar from disk into the daemon under test. This may take some time...
Loaded image: microsoft/windowsservercore:10.0.14393.2312
Loaded image: microsoft/windowsservercore:latest
INFO: docker load of windowsservercore  into daemon under test completed successfully
INFO: Version of microsoft/windowsservercore:latest is '10.0.14393.2312'
WARN: Skipping validation tests
WARN: Skipping unit tests
INFO: Building busybox
Downloading build context from remote url: https://raw.githubusercontent.com/jhowardmsft/busybox/v1.1/Dockerfile     701B
Downloading build context from remote url: https://raw.githubusercontent.com/jhowardmsft/busybox/v1.1/Dockerfile     701B

Sending build context to Docker daemon   2.56kB

Step 1/6 : FROM microsoft/windowsservercore
 ---> eb1805404161
Step 2/6 : RUN mkdir C:\tmp && mkdir C:\bin
 ---> Running in 618bca84ca1a
Removing intermediate container 618bca84ca1a
 ---> a96ab8575a4a
Step 3/6 : ADD http://frippery.org/files/busybox/busybox.exe /bin/

 ---> 4f4a9010c4c5
Step 4/6 : RUN setx /M PATH "C:\bin;%PATH%"
 ---> Running in e235a929627c

SUCCESS: Specified value was saved.
Removing intermediate container e235a929627c
 ---> 87d8b36b4220
Step 5/6 : RUN powershell busybox.exe --list ^|%{$nul = cmd /c mklink C:\bin\$_.exe busybox.exe}
 ---> Running in 48172ccffd2b
Cannot create a file when that file already exists.
Removing intermediate container 48172ccffd2b
 ---> 21745452723a
Step 6/6 : CMD ["sh"]
 ---> Running in 0aa0a3866446
Removing intermediate container 0aa0a3866446
 ---> 8d9f3f493197
Successfully built 8d9f3f493197
Successfully tagged busybox:latest
INFO: Docker images of the daemon under test

REPOSITORY                    TAG                 IMAGE ID            CREATED                  SIZE
busybox                       latest              8d9f3f493197        Less than a second ago   7.19GB
microsoft/windowsservercore   10.0.14393.2312     eb1805404161        6 months ago             7.15GB
microsoft/windowsservercore   latest              eb1805404161        6 months ago             7.15GB

INFO: Running integration tests at 12/31/2018 13:59:20...
WARN: Only running integration tests matching DockerSwarmSuite
INFO: Integration tests being run from the host:
INFO: go test "-check.v" "-check.f" "DockerSwarmSuite" "-tags" "autogen" "-check.timeout" "10m" "-test.timeout" "200m" 
INFO: DOCKER_HOST at tcp://127.0.0.1:2357
INFO: Windows Base image is  microsoft/windowsservercore
INFO: Testing against a local daemon

----------------------------------------------------------------------
FAIL: docker_api_swarm_test.go:883: DockerSwarmSuite.TestAPIDuplicateNetworks

[d08bd7282c3d1] waiting for daemon to start
[d08bd7282c3d1] exiting daemon
docker_api_swarm_test.go:884:
    d := s.AddDaemon(c, true, true)
c:/gopath/src/github.com/docker/docker/internal/test/daemon/daemon.go:202:
    t.Fatalf("failed to start daemon with arguments %v : %v", args, err)
... Error: failed to start daemon with arguments [--swarm-default-advertise-addr=lo] : [d08bd7282c3d1] Daemon exited during startup: exit status 1


----------------------------------------------------------------------
FAIL: docker_api_swarm_test.go:1010: DockerSwarmSuite.TestAPINetworkInspectWithScope

[d6aff3608ed15] waiting for daemon to start
[d6aff3608ed15] exiting daemon
docker_api_swarm_test.go:1011:
    d := s.AddDaemon(c, true, true)
c:/gopath/src/github.com/docker/docker/internal/test/daemon/daemon.go:202:
    t.Fatalf("failed to start daemon with arguments %v : %v", args, err)
... Error: failed to start daemon with arguments [--swarm-default-advertise-addr=lo] : [d6aff3608ed15] Daemon exited during startup: exit status 1


----------------------------------------------------------------------
FAIL: docker_api_swarm_service_test.go:28: DockerSwarmSuite.TestAPIServiceUpdatePort

[d47fa577d59e8] waiting for daemon to start
[d47fa577d59e8] exiting daemon
docker_api_swarm_service_test.go:29:
    d := s.AddDaemon(c, true, true)
c:/gopath/src/github.com/docker/docker/internal/test/daemon/daemon.go:202:
    t.Fatalf("failed to start daemon with arguments %v : %v", args, err)
... Error: failed to start daemon with arguments [--swarm-default-advertise-addr=lo] : [d47fa577d59e8] Daemon exited during startup: exit status 1


----------------------------------------------------------------------
FAIL: docker_api_swarm_test.go:183: DockerSwarmSuite.TestAPISwarmCAHash

[dcc21c30c426d] waiting for daemon to start
[dcc21c30c426d] exiting daemon
docker_api_swarm_test.go:184:
    d1 := s.AddDaemon(c, true, true)
c:/gopath/src/github.com/docker/docker/internal/test/daemon/daemon.go:202:
    t.Fatalf("failed to start daemon with arguments %v : %v", args, err)
... Error: failed to start daemon with arguments [--swarm-default-advertise-addr=lo] : [dcc21c30c426d] Daemon exited during startup: exit status 1


----------------------------------------------------------------------
FAIL: docker_api_swarm_test.go:867: DockerSwarmSuite.TestAPISwarmErrorHandling

[de5a59d4547cc] waiting for daemon to start
[de5a59d4547cc] exiting daemon
docker_api_swarm_test.go:871:
    d := s.AddDaemon(c, false, false)
c:/gopath/src/github.com/docker/docker/internal/test/daemon/daemon.go:202:
    t.Fatalf("failed to start daemon with arguments %v : %v", args, err)
... Error: failed to start daemon with arguments [--swarm-default-advertise-addr=lo] : [de5a59d4547cc] Daemon exited during startup: exit status 1


----------------------------------------------------------------------
FAIL: docker_api_swarm_test.go:538: DockerSwarmSuite.TestAPISwarmForceNewCluster

[dda1b4fbe2a25] waiting for daemon to start
[dda1b4fbe2a25] exiting daemon
docker_api_swarm_test.go:539:
    d1 := s.AddDaemon(c, true, true)
c:/gopath/src/github.com/docker/docker/internal/test/daemon/daemon.go:202:
    t.Fatalf("failed to start daemon with arguments %v : %v", args, err)
... Error: failed to start daemon with arguments [--swarm-default-advertise-addr=lo] : [dda1b4fbe2a25] Daemon exited during startup: exit status 1


----------------------------------------------------------------------
SKIP: docker_api_swarm_test.go:914: DockerSwarmSuite.TestAPISwarmHealthcheckNone (Root cause of Issue #36386 is needed)

----------------------------------------------------------------------
FAIL: docker_api_swarm_test.go:33: DockerSwarmSuite.TestAPISwarmInit

[dd6f028dc40d9] waiting for daemon to start
[dd6f028dc40d9] exiting daemon
docker_api_swarm_test.go:35:
    // todo: should find a better way to verify that components are running than /info
    d1 := s.AddDaemon(c, true, true)
c:/gopath/src/github.com/docker/docker/internal/test/daemon/daemon.go:202:
    t.Fatalf("failed to start daemon with arguments %v : %v", args, err)
... Error: failed to start daemon with arguments [--swarm-default-advertise-addr=lo] : [dd6f028dc40d9] Daemon exited during startup: exit status 1


----------------------------------------------------------------------
FAIL: docker_api_swarm_test.go:520: DockerSwarmSuite.TestAPISwarmInvalidAddress

[da9a2e530b1ba] waiting for daemon to start
[da9a2e530b1ba] exiting daemon
docker_api_swarm_test.go:521:
    d := s.AddDaemon(c, false, false)
c:/gopath/src/github.com/docker/docker/internal/test/daemon/daemon.go:202:
    t.Fatalf("failed to start daemon with arguments %v : %v", args, err)
... Error: failed to start daemon with arguments [--swarm-default-advertise-addr=lo] : [da9a2e530b1ba] Daemon exited during startup: exit status 1


----------------------------------------------------------------------
FAIL: docker_api_swarm_test.go:79: DockerSwarmSuite.TestAPISwarmJoinToken

[d45f57cf9f99a] waiting for daemon to start
[d45f57cf9f99a] exiting daemon
docker_api_swarm_test.go:80:
    d1 := s.AddDaemon(c, false, false)
c:/gopath/src/github.com/docker/docker/internal/test/daemon/daemon.go:202:
    t.Fatalf("failed to start daemon with arguments %v : %v", args, err)
... Error: failed to start daemon with arguments [--swarm-default-advertise-addr=lo] : [d45f57cf9f99a] Daemon exited during startup: exit status 1


----------------------------------------------------------------------
FAIL: docker_api_swarm_test.go:294: DockerSwarmSuite.TestAPISwarmLeaderElection

[dbb78ddc0676a] waiting for daemon to start
[dbb78ddc0676a] exiting daemon
docker_api_swarm_test.go:296:
    // Create 3 nodes
    d1 := s.AddDaemon(c, true, true)
c:/gopath/src/github.com/docker/docker/internal/test/daemon/daemon.go:202:
    t.Fatalf("failed to start daemon with arguments %v : %v", args, err)
... Error: failed to start daemon with arguments [--swarm-default-advertise-addr=lo] : [dbb78ddc0676a] Daemon exited during startup: exit status 1


----------------------------------------------------------------------
FAIL: docker_api_swarm_test.go:269: DockerSwarmSuite.TestAPISwarmLeaderProxy

[d8a0d7f39d48c] waiting for daemon to start
[d8a0d7f39d48c] exiting daemon
docker_api_swarm_test.go:271:
    // add three managers, one of these is leader
    d1 := s.AddDaemon(c, true, true)
c:/gopath/src/github.com/docker/docker/internal/test/daemon/daemon.go:202:
    t.Fatalf("failed to start daemon with arguments %v : %v", args, err)
... Error: failed to start daemon with arguments [--swarm-default-advertise-addr=lo] : [d8a0d7f39d48c] Daemon exited during startup: exit status 1


----------------------------------------------------------------------
FAIL: docker_api_swarm_test.go:421: DockerSwarmSuite.TestAPISwarmLeaveOnPendingJoin

[de15571955791] waiting for daemon to start
[de15571955791] exiting daemon
docker_api_swarm_test.go:423:
    s.AddDaemon(c, true, true)
c:/gopath/src/github.com/docker/docker/internal/test/daemon/daemon.go:202:
    t.Fatalf("failed to start daemon with arguments %v : %v", args, err)
... Error: failed to start daemon with arguments [--swarm-default-advertise-addr=lo] : [de15571955791] Daemon exited during startup: exit status 1


----------------------------------------------------------------------
FAIL: docker_api_swarm_test.go:398: DockerSwarmSuite.TestAPISwarmLeaveRemovesContainer

[d8b2a539044a7] waiting for daemon to start
[d8b2a539044a7] exiting daemon
docker_api_swarm_test.go:399:
    d := s.AddDaemon(c, true, true)
c:/gopath/src/github.com/docker/docker/internal/test/daemon/daemon.go:202:
    t.Fatalf("failed to start daemon with arguments %v : %v", args, err)
... Error: failed to start daemon with arguments [--swarm-default-advertise-addr=lo] : [d8b2a539044a7] Daemon exited during startup: exit status 1


----------------------------------------------------------------------
FAIL: docker_api_swarm_node_test.go:12: DockerSwarmSuite.TestAPISwarmListNodes

[da74f7f8ffea2] waiting for daemon to start
[da74f7f8ffea2] exiting daemon
docker_api_swarm_node_test.go:13:
    d1 := s.AddDaemon(c, true, true)
c:/gopath/src/github.com/docker/docker/internal/test/daemon/daemon.go:202:
    t.Fatalf("failed to start daemon with arguments %v : %v", args, err)
... Error: failed to start daemon with arguments [--swarm-default-advertise-addr=lo] : [da74f7f8ffea2] Daemon exited during startup: exit status 1


----------------------------------------------------------------------
FAIL: docker_api_swarm_test.go:470: DockerSwarmSuite.TestAPISwarmManagerRestore

[d0eb92c4949f2] waiting for daemon to start
[d0eb92c4949f2] exiting daemon
docker_api_swarm_test.go:471:
    d1 := s.AddDaemon(c, true, true)
c:/gopath/src/github.com/docker/docker/internal/test/daemon/daemon.go:202:
    t.Fatalf("failed to start daemon with arguments %v : %v", args, err)
... Error: failed to start daemon with arguments [--swarm-default-advertise-addr=lo] : [d0eb92c4949f2] Daemon exited during startup: exit status 1


----------------------------------------------------------------------
FAIL: docker_api_swarm_node_test.go:73: DockerSwarmSuite.TestAPISwarmNodeDrainPause

[d22336275adde] waiting for daemon to start
[d22336275adde] exiting daemon
docker_api_swarm_node_test.go:74:
    d1 := s.AddDaemon(c, true, true)
c:/gopath/src/github.com/docker/docker/internal/test/daemon/daemon.go:202:
    t.Fatalf("failed to start daemon with arguments %v : %v", args, err)
... Error: failed to start daemon with arguments [--swarm-default-advertise-addr=lo] : [d22336275adde] Daemon exited during startup: exit status 1


----------------------------------------------------------------------
FAIL: docker_api_swarm_node_test.go:44: DockerSwarmSuite.TestAPISwarmNodeRemove

[de8626d89823d] waiting for daemon to start
[de8626d89823d] exiting daemon
docker_api_swarm_node_test.go:46:
    d1 := s.AddDaemon(c, true, true)
c:/gopath/src/github.com/docker/docker/internal/test/daemon/daemon.go:202:
    t.Fatalf("failed to start daemon with arguments %v : %v", args, err)
... Error: failed to start daemon with arguments [--swarm-default-advertise-addr=lo] : [de8626d89823d] Daemon exited during startup: exit status 1


----------------------------------------------------------------------
FAIL: docker_api_swarm_node_test.go:31: DockerSwarmSuite.TestAPISwarmNodeUpdate

[d204ffa8290a3] waiting for daemon to start
[d204ffa8290a3] exiting daemon
docker_api_swarm_node_test.go:32:
    d := s.AddDaemon(c, true, true)
c:/gopath/src/github.com/docker/docker/internal/test/daemon/daemon.go:202:
    t.Fatalf("failed to start daemon with arguments %v : %v", args, err)
... Error: failed to start daemon with arguments [--swarm-default-advertise-addr=lo] : [d204ffa8290a3] Daemon exited during startup: exit status 1


----------------------------------------------------------------------
FAIL: docker_api_swarm_test.go:199: DockerSwarmSuite.TestAPISwarmPromoteDemote

[dcda96804eb03] waiting for daemon to start
[dcda96804eb03] exiting daemon
docker_api_swarm_test.go:200:
    d1 := s.AddDaemon(c, false, false)
c:/gopath/src/github.com/docker/docker/internal/test/daemon/daemon.go:202:
    t.Fatalf("failed to start daemon with arguments %v : %v", args, err)
... Error: failed to start daemon with arguments [--swarm-default-advertise-addr=lo] : [dcda96804eb03] Daemon exited during startup: exit status 1


----------------------------------------------------------------------
FAIL: docker_api_swarm_test.go:357: DockerSwarmSuite.TestAPISwarmRaftQuorum

[d09d82648a2e2] waiting for daemon to start
[d09d82648a2e2] exiting daemon
docker_api_swarm_test.go:358:
    d1 := s.AddDaemon(c, true, true)
c:/gopath/src/github.com/docker/docker/internal/test/daemon/daemon.go:202:
    t.Fatalf("failed to start daemon with arguments %v : %v", args, err)
... Error: failed to start daemon with arguments [--swarm-default-advertise-addr=lo] : [d09d82648a2e2] Daemon exited during startup: exit status 1


----------------------------------------------------------------------
FAIL: docker_api_swarm_test.go:774: DockerSwarmSuite.TestAPISwarmRestartCluster

[d7f6525127e47] waiting for daemon to start
[d7f6525127e47] exiting daemon
docker_api_swarm_test.go:779:
    manager := s.AddDaemon(c, true, true)
c:/gopath/src/github.com/docker/docker/internal/test/daemon/daemon.go:202:
    t.Fatalf("failed to start daemon with arguments %v : %v", args, err)
... Error: failed to start daemon with arguments [--swarm-default-advertise-addr=lo] : [d7f6525127e47] Daemon exited during startup: exit status 1


----------------------------------------------------------------------
FAIL: docker_api_swarm_test.go:451: DockerSwarmSuite.TestAPISwarmRestoreOnPendingJoin

[de2ffd7fb3fe2] waiting for daemon to start
[de2ffd7fb3fe2] exiting daemon
docker_api_swarm_test.go:453:
    d := s.AddDaemon(c, false, false)
c:/gopath/src/github.com/docker/docker/internal/test/daemon/daemon.go:202:
    t.Fatalf("failed to start daemon with arguments %v : %v", args, err)
... Error: failed to start daemon with arguments [--swarm-default-advertise-addr=lo] : [de2ffd7fb3fe2] Daemon exited during startup: exit status 1


----------------------------------------------------------------------
FAIL: docker_api_swarm_test.go:496: DockerSwarmSuite.TestAPISwarmScaleNoRollingUpdate

[dd1e717c84e15] waiting for daemon to start
[dd1e717c84e15] exiting daemon
docker_api_swarm_test.go:497:
    d := s.AddDaemon(c, true, true)
c:/gopath/src/github.com/docker/docker/internal/test/daemon/daemon.go:202:
    t.Fatalf("failed to start daemon with arguments %v : %v", args, err)
... Error: failed to start daemon with arguments [--swarm-default-advertise-addr=lo] : [dd1e717c84e15] Daemon exited during startup: exit status 1


----------------------------------------------------------------------
FAIL: docker_api_swarm_service_test.go:398: DockerSwarmSuite.TestAPISwarmServiceConstraintLabel

[d100014492db6] waiting for daemon to start
[d100014492db6] exiting daemon
docker_api_swarm_service_test.go:402:
    daemons[i] = s.AddDaemon(c, true, i == 0)
c:/gopath/src/github.com/docker/docker/internal/test/daemon/daemon.go:202:
    t.Fatalf("failed to start daemon with arguments %v : %v", args, err)
... Error: failed to start daemon with arguments [--swarm-default-advertise-addr=lo] : [d100014492db6] Daemon exited during startup: exit status 1


----------------------------------------------------------------------
FAIL: docker_api_swarm_service_test.go:346: DockerSwarmSuite.TestAPISwarmServiceConstraintRole

[de453aa47b453] waiting for daemon to start
[de453aa47b453] exiting daemon
docker_api_swarm_service_test.go:350:
    daemons[i] = s.AddDaemon(c, true, i == 0)
c:/gopath/src/github.com/docker/docker/internal/test/daemon/daemon.go:202:
    t.Fatalf("failed to start daemon with arguments %v : %v", args, err)
... Error: failed to start daemon with arguments [--swarm-default-advertise-addr=lo] : [de453aa47b453] Daemon exited during startup: exit status 1


----------------------------------------------------------------------
FAIL: docker_api_swarm_service_test.go:493: DockerSwarmSuite.TestAPISwarmServicePlacementPrefs

[d5f6c710c3ebe] waiting for daemon to start
[d5f6c710c3ebe] exiting daemon
docker_api_swarm_service_test.go:497:
    daemons[i] = s.AddDaemon(c, true, i == 0)
c:/gopath/src/github.com/docker/docker/internal/test/daemon/daemon.go:202:
    t.Fatalf("failed to start daemon with arguments %v : %v", args, err)
... Error: failed to start daemon with arguments [--swarm-default-advertise-addr=lo] : [d5f6c710c3ebe] Daemon exited during startup: exit status 1


----------------------------------------------------------------------
FAIL: docker_api_swarm_service_test.go:57: DockerSwarmSuite.TestAPISwarmServicesCreate

[d2c8910bf3cb5] waiting for daemon to start
[d2c8910bf3cb5] exiting daemon
docker_api_swarm_service_test.go:58:
    d := s.AddDaemon(c, true, true)
c:/gopath/src/github.com/docker/docker/internal/test/daemon/daemon.go:202:
    t.Fatalf("failed to start daemon with arguments %v : %v", args, err)
... Error: failed to start daemon with arguments [--swarm-default-advertise-addr=lo] : [d2c8910bf3cb5] Daemon exited during startup: exit status 1


----------------------------------------------------------------------
FAIL: docker_api_swarm_service_test.go:119: DockerSwarmSuite.TestAPISwarmServicesCreateGlobal

[db32cf1233203] waiting for daemon to start
[db32cf1233203] exiting daemon
docker_api_swarm_service_test.go:120:
    d1 := s.AddDaemon(c, true, true)
c:/gopath/src/github.com/docker/docker/internal/test/daemon/daemon.go:202:
    t.Fatalf("failed to start daemon with arguments %v : %v", args, err)
... Error: failed to start daemon with arguments [--swarm-default-advertise-addr=lo] : [db32cf1233203] Daemon exited during startup: exit status 1


----------------------------------------------------------------------
FAIL: docker_api_swarm_service_test.go:49: DockerSwarmSuite.TestAPISwarmServicesEmptyList

[d0c172c35ebd7] waiting for daemon to start
[d0c172c35ebd7] exiting daemon
docker_api_swarm_service_test.go:50:
    d := s.AddDaemon(c, true, true)
c:/gopath/src/github.com/docker/docker/internal/test/daemon/daemon.go:202:
    t.Fatalf("failed to start daemon with arguments %v : %v", args, err)
... Error: failed to start daemon with arguments [--swarm-default-advertise-addr=lo] : [d0c172c35ebd7] Daemon exited during startup: exit status 1


----------------------------------------------------------------------
FAIL: docker_api_swarm_service_test.go:306: DockerSwarmSuite.TestAPISwarmServicesFailedUpdate

[de313729b498b] waiting for daemon to start
[de313729b498b] exiting daemon
docker_api_swarm_service_test.go:310:
    daemons[i] = s.AddDaemon(c, true, i == 0)
c:/gopath/src/github.com/docker/docker/internal/test/daemon/daemon.go:202:
    t.Fatalf("failed to start daemon with arguments %v : %v", args, err)
... Error: failed to start daemon with arguments [--swarm-default-advertise-addr=lo] : [de313729b498b] Daemon exited during startup: exit status 1


----------------------------------------------------------------------
FAIL: docker_api_swarm_service_test.go:91: DockerSwarmSuite.TestAPISwarmServicesMultipleAgents

[d2502e048ce8c] waiting for daemon to start
[d2502e048ce8c] exiting daemon
docker_api_swarm_service_test.go:92:
    d1 := s.AddDaemon(c, true, true)
c:/gopath/src/github.com/docker/docker/internal/test/daemon/daemon.go:202:
    t.Fatalf("failed to start daemon with arguments %v : %v", args, err)
... Error: failed to start daemon with arguments [--swarm-default-advertise-addr=lo] : [d2502e048ce8c] Daemon exited during startup: exit status 1


----------------------------------------------------------------------
FAIL: docker_api_swarm_service_test.go:137: DockerSwarmSuite.TestAPISwarmServicesUpdate

[d51ab8e8275e4] waiting for daemon to start
[d51ab8e8275e4] exiting daemon
docker_api_swarm_service_test.go:141:
    daemons[i] = s.AddDaemon(c, true, i == 0)
c:/gopath/src/github.com/docker/docker/internal/test/daemon/daemon.go:202:
    t.Fatalf("failed to start daemon with arguments %v : %v", args, err)
... Error: failed to start daemon with arguments [--swarm-default-advertise-addr=lo] : [d51ab8e8275e4] Daemon exited during startup: exit status 1


----------------------------------------------------------------------
FAIL: docker_api_swarm_service_test.go:197: DockerSwarmSuite.TestAPISwarmServicesUpdateStartFirst

[d2d9596dd2c3b] waiting for daemon to start
[d2d9596dd2c3b] exiting daemon
docker_api_swarm_service_test.go:198:
    d := s.AddDaemon(c, true, true)
c:/gopath/src/github.com/docker/docker/internal/test/daemon/daemon.go:202:
    t.Fatalf("failed to start daemon with arguments %v : %v", args, err)
... Error: failed to start daemon with arguments [--swarm-default-advertise-addr=lo] : [d2d9596dd2c3b] Daemon exited during startup: exit status 1


----------------------------------------------------------------------
FAIL: docker_api_swarm_test.go:839: DockerSwarmSuite.TestAPISwarmServicesUpdateWithName

[d7f1591d11462] waiting for daemon to start
[d7f1591d11462] exiting daemon
docker_api_swarm_test.go:840:
    d := s.AddDaemon(c, true, true)
c:/gopath/src/github.com/docker/docker/internal/test/daemon/daemon.go:202:
    t.Fatalf("failed to start daemon with arguments %v : %v", args, err)
... Error: failed to start daemon with arguments [--swarm-default-advertise-addr=lo] : [d7f1591d11462] Daemon exited during startup: exit status 1


----------------------------------------------------------------------
FAIL: docker_api_swarm_test.go:859: DockerSwarmSuite.TestAPISwarmUnlockNotLocked

[d33013992523f] waiting for daemon to start
[d33013992523f] exiting daemon
docker_api_swarm_test.go:860:
    d := s.AddDaemon(c, true, true)
c:/gopath/src/github.com/docker/docker/internal/test/daemon/daemon.go:202:
    t.Fatalf("failed to start daemon with arguments %v : %v", args, err)
... Error: failed to start daemon with arguments [--swarm-default-advertise-addr=lo] : [d33013992523f] Daemon exited during startup: exit status 1


----------------------------------------------------------------------
FAIL: docker_cli_swarm_test.go:749: DockerSwarmSuite.TestDNSConfig

[d115e9e1c970c] waiting for daemon to start
[d115e9e1c970c] exiting daemon
docker_cli_swarm_test.go:750:
    d := s.AddDaemon(c, true, true)
c:/gopath/src/github.com/docker/docker/internal/test/daemon/daemon.go:202:
    t.Fatalf("failed to start daemon with arguments %v : %v", args, err)
... Error: failed to start daemon with arguments [--swarm-default-advertise-addr=lo] : [d115e9e1c970c] Daemon exited during startup: exit status 1


----------------------------------------------------------------------
FAIL: docker_cli_swarm_test.go:776: DockerSwarmSuite.TestDNSConfigUpdate

[d82dfe7ad6844] waiting for daemon to start
[d82dfe7ad6844] exiting daemon
docker_cli_swarm_test.go:777:
    d := s.AddDaemon(c, true, true)
c:/gopath/src/github.com/docker/docker/internal/test/daemon/daemon.go:202:
    t.Fatalf("failed to start daemon with arguments %v : %v", args, err)
... Error: failed to start daemon with arguments [--swarm-default-advertise-addr=lo] : [d82dfe7ad6844] Daemon exited during startup: exit status 1


----------------------------------------------------------------------
FAIL: docker_cli_swarm_test.go:1216: DockerSwarmSuite.TestExtraHosts

[dbeb8fb96c9e1] waiting for daemon to start
[dbeb8fb96c9e1] exiting daemon
docker_cli_swarm_test.go:1217:
    d := s.AddDaemon(c, true, true)
c:/gopath/src/github.com/docker/docker/internal/test/daemon/daemon.go:202:
    t.Fatalf("failed to start daemon with arguments %v : %v", args, err)
... Error: failed to start daemon with arguments [--swarm-default-advertise-addr=lo] : [dbeb8fb96c9e1] Daemon exited during startup: exit status 1


----------------------------------------------------------------------
FAIL: docker_cli_swarm_test.go:1410: DockerSwarmSuite.TestNetworkInspectWithDuplicateNames

[da3d8c8905819] waiting for daemon to start
[da3d8c8905819] exiting daemon
docker_cli_swarm_test.go:1411:
    d := s.AddDaemon(c, true, true)
c:/gopath/src/github.com/docker/docker/internal/test/daemon/daemon.go:202:
    t.Fatalf("failed to start daemon with arguments %v : %v", args, err)
... Error: failed to start daemon with arguments [--swarm-default-advertise-addr=lo] : [da3d8c8905819] Daemon exited during startup: exit status 1


----------------------------------------------------------------------
FAIL: docker_cli_swarm_test.go:383: DockerSwarmSuite.TestOverlayAttachable

[d851e4fad29a1] waiting for daemon to start
[d851e4fad29a1] exiting daemon
docker_cli_swarm_test.go:384:
    d := s.AddDaemon(c, true, true)
c:/gopath/src/github.com/docker/docker/internal/test/daemon/daemon.go:202:
    t.Fatalf("failed to start daemon with arguments %v : %v", args, err)
... Error: failed to start daemon with arguments [--swarm-default-advertise-addr=lo] : [d851e4fad29a1] Daemon exited during startup: exit status 1


----------------------------------------------------------------------
FAIL: docker_cli_swarm_test.go:405: DockerSwarmSuite.TestOverlayAttachableOnSwarmLeave

[d44196d33c51d] waiting for daemon to start
[d44196d33c51d] exiting daemon
docker_cli_swarm_test.go:406:
    d := s.AddDaemon(c, true, true)
c:/gopath/src/github.com/docker/docker/internal/test/daemon/daemon.go:202:
    t.Fatalf("failed to start daemon with arguments %v : %v", args, err)
... Error: failed to start daemon with arguments [--swarm-default-advertise-addr=lo] : [d44196d33c51d] Daemon exited during startup: exit status 1


----------------------------------------------------------------------
FAIL: docker_cli_swarm_test.go:432: DockerSwarmSuite.TestOverlayAttachableReleaseResourcesOnFailure

[d328b694950c3] waiting for daemon to start
[d328b694950c3] exiting daemon
docker_cli_swarm_test.go:433:
    d := s.AddDaemon(c, true, true)
c:/gopath/src/github.com/docker/docker/internal/test/daemon/daemon.go:202:
    t.Fatalf("failed to start daemon with arguments %v : %v", args, err)
... Error: failed to start daemon with arguments [--swarm-default-advertise-addr=lo] : [d328b694950c3] Daemon exited during startup: exit status 1


----------------------------------------------------------------------
FAIL: docker_cli_swarm_test.go:587: DockerSwarmSuite.TestPsListContainersFilterIsTask

[dd2ff55d3d6a0] waiting for daemon to start
[dd2ff55d3d6a0] exiting daemon
docker_cli_swarm_test.go:588:
    d := s.AddDaemon(c, true, true)
c:/gopath/src/github.com/docker/docker/internal/test/daemon/daemon.go:202:
    t.Fatalf("failed to start daemon with arguments %v : %v", args, err)
... Error: failed to start daemon with arguments [--swarm-default-advertise-addr=lo] : [dd2ff55d3d6a0] Daemon exited during startup: exit status 1


----------------------------------------------------------------------
FAIL: docker_cli_swarm_test.go:1191: DockerSwarmSuite.TestSwarmAlternateLockUnlock

[dbd460f94ff04] waiting for daemon to start
[dbd460f94ff04] exiting daemon
docker_cli_swarm_test.go:1192:
    d := s.AddDaemon(c, true, true)
c:/gopath/src/github.com/docker/docker/internal/test/daemon/daemon.go:202:
    t.Fatalf("failed to start daemon with arguments %v : %v", args, err)
... Error: failed to start daemon with arguments [--swarm-default-advertise-addr=lo] : [dbd460f94ff04] Daemon exited during startup: exit status 1


----------------------------------------------------------------------
FAIL: docker_cli_swarm_test.go:1770: DockerSwarmSuite.TestSwarmClusterEventsConfig

[d59ba69e59960] waiting for daemon to start
[d59ba69e59960] exiting daemon
docker_cli_swarm_test.go:1771:
    d := s.AddDaemon(c, true, true)
c:/gopath/src/github.com/docker/docker/internal/test/daemon/daemon.go:202:
    t.Fatalf("failed to start daemon with arguments %v : %v", args, err)
... Error: failed to start daemon with arguments [--swarm-default-advertise-addr=lo] : [d59ba69e59960] Daemon exited during startup: exit status 1


----------------------------------------------------------------------
FAIL: docker_cli_swarm_test.go:1731: DockerSwarmSuite.TestSwarmClusterEventsNetwork

[d1bea3f8cd4b0] waiting for daemon to start
[d1bea3f8cd4b0] exiting daemon
docker_cli_swarm_test.go:1732:
    d := s.AddDaemon(c, true, true)
c:/gopath/src/github.com/docker/docker/internal/test/daemon/daemon.go:202:
    t.Fatalf("failed to start daemon with arguments %v : %v", args, err)
... Error: failed to start daemon with arguments [--swarm-default-advertise-addr=lo] : [d1bea3f8cd4b0] Daemon exited during startup: exit status 1


----------------------------------------------------------------------
FAIL: docker_cli_swarm_test.go:1701: DockerSwarmSuite.TestSwarmClusterEventsNode

[dfae791ae27c8] waiting for daemon to start
[dfae791ae27c8] exiting daemon
docker_cli_swarm_test.go:1702:
    d1 := s.AddDaemon(c, true, true)
c:/gopath/src/github.com/docker/docker/internal/test/daemon/daemon.go:202:
    t.Fatalf("failed to start daemon with arguments %v : %v", args, err)
... Error: failed to start daemon with arguments [--swarm-default-advertise-addr=lo] : [dfae791ae27c8] Daemon exited during startup: exit status 1


----------------------------------------------------------------------
FAIL: docker_cli_swarm_test.go:1617: DockerSwarmSuite.TestSwarmClusterEventsScope

[db3a9d11ddeec] waiting for daemon to start
[db3a9d11ddeec] exiting daemon
docker_cli_swarm_test.go:1618:
    d := s.AddDaemon(c, true, true)
c:/gopath/src/github.com/docker/docker/internal/test/daemon/daemon.go:202:
    t.Fatalf("failed to start daemon with arguments %v : %v", args, err)
... Error: failed to start daemon with arguments [--swarm-default-advertise-addr=lo] : [db3a9d11ddeec] Daemon exited during startup: exit status 1


----------------------------------------------------------------------
FAIL: docker_cli_swarm_test.go:1750: DockerSwarmSuite.TestSwarmClusterEventsSecret

[d468a394dc29d] waiting for daemon to start
[d468a394dc29d] exiting daemon
docker_cli_swarm_test.go:1751:
    d := s.AddDaemon(c, true, true)
c:/gopath/src/github.com/docker/docker/internal/test/daemon/daemon.go:202:
    t.Fatalf("failed to start daemon with arguments %v : %v", args, err)
... Error: failed to start daemon with arguments [--swarm-default-advertise-addr=lo] : [d468a394dc29d] Daemon exited during startup: exit status 1


----------------------------------------------------------------------
FAIL: docker_cli_swarm_test.go:1661: DockerSwarmSuite.TestSwarmClusterEventsService

[d6ab74d5c0725] waiting for daemon to start
[d6ab74d5c0725] exiting daemon
docker_cli_swarm_test.go:1662:
    d := s.AddDaemon(c, true, true)
c:/gopath/src/github.com/docker/docker/internal/test/daemon/daemon.go:202:
    t.Fatalf("failed to start daemon with arguments %v : %v", args, err)
... Error: failed to start daemon with arguments [--swarm-default-advertise-addr=lo] : [d6ab74d5c0725] Daemon exited during startup: exit status 1


----------------------------------------------------------------------
FAIL: docker_cli_swarm_test.go:1597: DockerSwarmSuite.TestSwarmClusterEventsSource

[d52e2c3af902b] waiting for daemon to start
[d52e2c3af902b] exiting daemon
docker_cli_swarm_test.go:1598:
    d1 := s.AddDaemon(c, true, true)
c:/gopath/src/github.com/docker/docker/internal/test/daemon/daemon.go:202:
    t.Fatalf("failed to start daemon with arguments %v : %v", args, err)
... Error: failed to start daemon with arguments [--swarm-default-advertise-addr=lo] : [d52e2c3af902b] Daemon exited during startup: exit status 1


----------------------------------------------------------------------
FAIL: docker_cli_swarm_test.go:1638: DockerSwarmSuite.TestSwarmClusterEventsType

[d0e464ae01dc3] waiting for daemon to start
[d0e464ae01dc3] exiting daemon
docker_cli_swarm_test.go:1639:
    d := s.AddDaemon(c, true, true)
c:/gopath/src/github.com/docker/docker/internal/test/daemon/daemon.go:202:
    t.Fatalf("failed to start daemon with arguments %v : %v", args, err)
... Error: failed to start daemon with arguments [--swarm-default-advertise-addr=lo] : [d0e464ae01dc3] Daemon exited during startup: exit status 1


----------------------------------------------------------------------
FAIL: docker_cli_swarm_test.go:1120: DockerSwarmSuite.TestSwarmClusterRotateUnlockKey

[deeadf1de431c] waiting for daemon to start
[deeadf1de431c] exiting daemon
docker_cli_swarm_test.go:1121:
    d1 := s.AddDaemon(c, true, true) // leader - don't restart this one, we don't want leader election delays
c:/gopath/src/github.com/docker/docker/internal/test/daemon/daemon.go:202:
    t.Fatalf("failed to start daemon with arguments %v : %v", args, err)
... Error: failed to start daemon with arguments [--swarm-default-advertise-addr=lo] : [deeadf1de431c] Daemon exited during startup: exit status 1


----------------------------------------------------------------------
FAIL: docker_cli_swarm_test.go:355: DockerSwarmSuite.TestSwarmContainerAttachByNetworkId

[da321db77e3b5] waiting for daemon to start
[da321db77e3b5] exiting daemon
docker_cli_swarm_test.go:356:
    d := s.AddDaemon(c, true, true)
c:/gopath/src/github.com/docker/docker/internal/test/daemon/daemon.go:202:
    t.Fatalf("failed to start daemon with arguments %v : %v", args, err)
... Error: failed to start daemon with arguments [--swarm-default-advertise-addr=lo] : [da321db77e3b5] Daemon exited during startup: exit status 1


----------------------------------------------------------------------
FAIL: docker_cli_swarm_test.go:308: DockerSwarmSuite.TestSwarmContainerAutoStart

[d57278665cb27] waiting for daemon to start
[d57278665cb27] exiting daemon
docker_cli_swarm_test.go:309:
    d := s.AddDaemon(c, true, true)
c:/gopath/src/github.com/docker/docker/internal/test/daemon/daemon.go:202:
    t.Fatalf("failed to start daemon with arguments %v : %v", args, err)
... Error: failed to start daemon with arguments [--swarm-default-advertise-addr=lo] : [d57278665cb27] Daemon exited during startup: exit status 1


----------------------------------------------------------------------
FAIL: docker_cli_swarm_test.go:330: DockerSwarmSuite.TestSwarmContainerEndpointOptions

[deafeab3e15cb] waiting for daemon to start
[deafeab3e15cb] exiting daemon
docker_cli_swarm_test.go:331:
    d := s.AddDaemon(c, true, true)
c:/gopath/src/github.com/docker/docker/internal/test/daemon/daemon.go:202:
    t.Fatalf("failed to start daemon with arguments %v : %v", args, err)
... Error: failed to start daemon with arguments [--swarm-default-advertise-addr=lo] : [deafeab3e15cb] Daemon exited during startup: exit status 1


----------------------------------------------------------------------
FAIL: docker_cli_swarm_test.go:510: DockerSwarmSuite.TestSwarmCreateServiceWithNoIngressNetwork

[dc2b5a29b6761] waiting for daemon to start
[dc2b5a29b6761] exiting daemon
docker_cli_swarm_test.go:511:
    d := s.AddDaemon(c, true, true)
c:/gopath/src/github.com/docker/docker/internal/test/daemon/daemon.go:202:
    t.Fatalf("failed to start daemon with arguments %v : %v", args, err)
... Error: failed to start daemon with arguments [--swarm-default-advertise-addr=lo] : [dc2b5a29b6761] Daemon exited during startup: exit status 1


----------------------------------------------------------------------
FAIL: docker_cli_swarm_test.go:135: DockerSwarmSuite.TestSwarmIncompatibleDaemon

[d04d6e7538bcc] waiting for daemon to start
[d04d6e7538bcc] exiting daemon
docker_cli_swarm_test.go:137:
    // init swarm mode and stop a daemon
    d := s.AddDaemon(c, true, true)
c:/gopath/src/github.com/docker/docker/internal/test/daemon/daemon.go:202:
    t.Fatalf("failed to start daemon with arguments %v : %v", args, err)
... Error: failed to start daemon with arguments [--swarm-default-advertise-addr=lo] : [d04d6e7538bcc] Daemon exited during startup: exit status 1


----------------------------------------------------------------------
FAIL: docker_cli_swarm_test.go:456: DockerSwarmSuite.TestSwarmIngressNetwork

[dee43bf26943b] waiting for daemon to start
[dee43bf26943b] exiting daemon
docker_cli_swarm_test.go:457:
    d := s.AddDaemon(c, true, true)
c:/gopath/src/github.com/docker/docker/internal/test/daemon/daemon.go:202:
    t.Fatalf("failed to start daemon with arguments %v : %v", args, err)
... Error: failed to start daemon with arguments [--swarm-default-advertise-addr=lo] : [dee43bf26943b] Daemon exited during startup: exit status 1


----------------------------------------------------------------------
FAIL: docker_cli_swarm_test.go:73: DockerSwarmSuite.TestSwarmInit

[d3b097886efea] waiting for daemon to start
[d3b097886efea] exiting daemon
docker_cli_swarm_test.go:74:
    d := s.AddDaemon(c, false, false)
c:/gopath/src/github.com/docker/docker/internal/test/daemon/daemon.go:202:
    t.Fatalf("failed to start daemon with arguments %v : %v", args, err)
... Error: failed to start daemon with arguments [--swarm-default-advertise-addr=lo] : [d3b097886efea] Daemon exited during startup: exit status 1


----------------------------------------------------------------------
SKIP: docker_cli_swarm_test.go:116: DockerSwarmSuite.TestSwarmInitIPv6 (unmatched requirement IPv6)

----------------------------------------------------------------------
FAIL: docker_cli_swarm_test.go:857: DockerSwarmSuite.TestSwarmInitLocked

[dc8824323242d] waiting for daemon to start
[dc8824323242d] exiting daemon
docker_cli_swarm_test.go:858:
    d := s.AddDaemon(c, false, false)
c:/gopath/src/github.com/docker/docker/internal/test/daemon/daemon.go:202:
    t.Fatalf("failed to start daemon with arguments %v : %v", args, err)
... Error: failed to start daemon with arguments [--swarm-default-advertise-addr=lo] : [dc8824323242d] Daemon exited during startup: exit status 1


----------------------------------------------------------------------
FAIL: docker_cli_swarm_test.go:128: DockerSwarmSuite.TestSwarmInitUnspecifiedAdvertiseAddr

[d84b9a7b5b8d3] waiting for daemon to start
[d84b9a7b5b8d3] exiting daemon
docker_cli_swarm_test.go:129:
    d := s.AddDaemon(c, false, false)
c:/gopath/src/github.com/docker/docker/internal/test/daemon/daemon.go:202:
    t.Fatalf("failed to start daemon with arguments %v : %v", args, err)
... Error: failed to start daemon with arguments [--swarm-default-advertise-addr=lo] : [d84b9a7b5b8d3] Daemon exited during startup: exit status 1


----------------------------------------------------------------------
FAIL: docker_cli_swarm_test.go:1535: DockerSwarmSuite.TestSwarmInitUnspecifiedDataPathAddr

[ddd7c31ac9919] waiting for daemon to start
[ddd7c31ac9919] exiting daemon
docker_cli_swarm_test.go:1536:
    d := s.AddDaemon(c, false, false)
c:/gopath/src/github.com/docker/docker/internal/test/daemon/daemon.go:202:
    t.Fatalf("failed to start daemon with arguments %v : %v", args, err)
... Error: failed to start daemon with arguments [--swarm-default-advertise-addr=lo] : [ddd7c31ac9919] Daemon exited during startup: exit status 1


----------------------------------------------------------------------
FAIL: docker_cli_swarm_test.go:1378: DockerSwarmSuite.TestSwarmInitWithDrain

[d868969b8057c] waiting for daemon to start
[d868969b8057c] exiting daemon
docker_cli_swarm_test.go:1379:
    d := s.AddDaemon(c, false, false)
c:/gopath/src/github.com/docker/docker/internal/test/daemon/daemon.go:202:
    t.Fatalf("failed to start daemon with arguments %v : %v", args, err)
... Error: failed to start daemon with arguments [--swarm-default-advertise-addr=lo] : [d868969b8057c] Daemon exited during startup: exit status 1


----------------------------------------------------------------------
FAIL: docker_cli_swarm_test.go:1547: DockerSwarmSuite.TestSwarmJoinLeave

[db5ca6bb9b6cf] waiting for daemon to start
[db5ca6bb9b6cf] exiting daemon
docker_cli_swarm_test.go:1548:
    d := s.AddDaemon(c, true, true)
c:/gopath/src/github.com/docker/docker/internal/test/daemon/daemon.go:202:
    t.Fatalf("failed to start daemon with arguments %v : %v", args, err)
... Error: failed to start daemon with arguments [--swarm-default-advertise-addr=lo] : [db5ca6bb9b6cf] Daemon exited during startup: exit status 1


----------------------------------------------------------------------
FAIL: docker_cli_swarm_test.go:993: DockerSwarmSuite.TestSwarmJoinPromoteLocked

[dec4c3384f7f3] waiting for daemon to start
[dec4c3384f7f3] exiting daemon
docker_cli_swarm_test.go:994:
    d1 := s.AddDaemon(c, true, true)
c:/gopath/src/github.com/docker/docker/internal/test/daemon/daemon.go:202:
    t.Fatalf("failed to start daemon with arguments %v : %v", args, err)
... Error: failed to start daemon with arguments [--swarm-default-advertise-addr=lo] : [dec4c3384f7f3] Daemon exited during startup: exit status 1


----------------------------------------------------------------------
FAIL: docker_cli_swarm_test.go:1350: DockerSwarmSuite.TestSwarmJoinWithDrain

[db69888bc6f05] waiting for daemon to start
[db69888bc6f05] exiting daemon
docker_cli_swarm_test.go:1351:
    d := s.AddDaemon(c, true, true)
c:/gopath/src/github.com/docker/docker/internal/test/daemon/daemon.go:202:
    t.Fatalf("failed to start daemon with arguments %v : %v", args, err)
... Error: failed to start daemon with arguments [--swarm-default-advertise-addr=lo] : [db69888bc6f05] Daemon exited during startup: exit status 1


----------------------------------------------------------------------
FAIL: docker_cli_swarm_test.go:899: DockerSwarmSuite.TestSwarmLeaveLocked

[da3de888d6c65] waiting for daemon to start
[da3de888d6c65] exiting daemon
docker_cli_swarm_test.go:900:
    d := s.AddDaemon(c, false, false)
c:/gopath/src/github.com/docker/docker/internal/test/daemon/daemon.go:202:
    t.Fatalf("failed to start daemon with arguments %v : %v", args, err)
... Error: failed to start daemon with arguments [--swarm-default-advertise-addr=lo] : [da3de888d6c65] Daemon exited during startup: exit status 1


----------------------------------------------------------------------
FAIL: docker_cli_swarm_test.go:932: DockerSwarmSuite.TestSwarmLockUnlockCluster

[ded44cfc16ef6] waiting for daemon to start
[ded44cfc16ef6] exiting daemon
docker_cli_swarm_test.go:933:
    d1 := s.AddDaemon(c, true, true)
c:/gopath/src/github.com/docker/docker/internal/test/daemon/daemon.go:202:
    t.Fatalf("failed to start daemon with arguments %v : %v", args, err)
... Error: failed to start daemon with arguments [--swarm-default-advertise-addr=lo] : [ded44cfc16ef6] Daemon exited during startup: exit status 1


----------------------------------------------------------------------
FAIL: docker_cli_swarm_test.go:1239: DockerSwarmSuite.TestSwarmManagerAddress

[d6a0a8db50e9d] waiting for daemon to start
[d6a0a8db50e9d] exiting daemon
docker_cli_swarm_test.go:1240:
    d1 := s.AddDaemon(c, true, true)
c:/gopath/src/github.com/docker/docker/internal/test/daemon/daemon.go:202:
    t.Fatalf("failed to start daemon with arguments %v : %v", args, err)
... Error: failed to start daemon with arguments [--swarm-default-advertise-addr=lo] : [d6a0a8db50e9d] Daemon exited during startup: exit status 1


----------------------------------------------------------------------
FAIL: docker_cli_swarm_test.go:1309: DockerSwarmSuite.TestSwarmNetworkCreateDup

[d8e62cf0c8e33] waiting for daemon to start
[d8e62cf0c8e33] exiting daemon
docker_cli_swarm_test.go:1310:
    d := s.AddDaemon(c, true, true)
c:/gopath/src/github.com/docker/docker/internal/test/daemon/daemon.go:202:
    t.Fatalf("failed to start daemon with arguments %v : %v", args, err)
... Error: failed to start daemon with arguments [--swarm-default-advertise-addr=lo] : [d8e62cf0c8e33] Daemon exited during startup: exit status 1


----------------------------------------------------------------------
FAIL: docker_cli_swarm_test.go:1286: DockerSwarmSuite.TestSwarmNetworkCreateIssue27866

[d28527f0b49b8] waiting for daemon to start
[d28527f0b49b8] exiting daemon
docker_cli_swarm_test.go:1287:
    d := s.AddDaemon(c, true, true)
c:/gopath/src/github.com/docker/docker/internal/test/daemon/daemon.go:202:
    t.Fatalf("failed to start daemon with arguments %v : %v", args, err)
... Error: failed to start daemon with arguments [--swarm-default-advertise-addr=lo] : [d28527f0b49b8] Daemon exited during startup: exit status 1


----------------------------------------------------------------------
FAIL: docker_cli_swarm_test.go:1260: DockerSwarmSuite.TestSwarmNetworkIPAMOptions

[db766653a9aee] waiting for daemon to start
[db766653a9aee] exiting daemon
docker_cli_swarm_test.go:1261:
    d := s.AddDaemon(c, true, true)
c:/gopath/src/github.com/docker/docker/internal/test/daemon/daemon.go:202:
    t.Fatalf("failed to start daemon with arguments %v : %v", args, err)
... Error: failed to start daemon with arguments [--swarm-default-advertise-addr=lo] : [db766653a9aee] Daemon exited during startup: exit status 1


----------------------------------------------------------------------
FAIL: docker_cli_swarm_test.go:218: DockerSwarmSuite.TestSwarmNodeListFilter

[d79e2b8e5c62f] waiting for daemon to start
[d79e2b8e5c62f] exiting daemon
docker_cli_swarm_test.go:219:
    d := s.AddDaemon(c, true, true)
c:/gopath/src/github.com/docker/docker/internal/test/daemon/daemon.go:202:
    t.Fatalf("failed to start daemon with arguments %v : %v", args, err)
... Error: failed to start daemon with arguments [--swarm-default-advertise-addr=lo] : [d79e2b8e5c62f] Daemon exited during startup: exit status 1


----------------------------------------------------------------------
FAIL: docker_cli_swarm_test.go:237: DockerSwarmSuite.TestSwarmNodeTaskListFilter

[de1f1339ed5af] waiting for daemon to start
[de1f1339ed5af] exiting daemon
docker_cli_swarm_test.go:238:
    d := s.AddDaemon(c, true, true)
c:/gopath/src/github.com/docker/docker/internal/test/daemon/daemon.go:202:
    t.Fatalf("failed to start daemon with arguments %v : %v", args, err)
... Error: failed to start daemon with arguments [--swarm-default-advertise-addr=lo] : [de1f1339ed5af] Daemon exited during startup: exit status 1


----------------------------------------------------------------------
FAIL: docker_cli_swarm_test.go:264: DockerSwarmSuite.TestSwarmPublishAdd

[d4445b09538cc] waiting for daemon to start
[d4445b09538cc] exiting daemon
docker_cli_swarm_test.go:265:
    d := s.AddDaemon(c, true, true)
c:/gopath/src/github.com/docker/docker/internal/test/daemon/daemon.go:202:
    t.Fatalf("failed to start daemon with arguments %v : %v", args, err)
... Error: failed to start daemon with arguments [--swarm-default-advertise-addr=lo] : [d4445b09538cc] Daemon exited during startup: exit status 1


----------------------------------------------------------------------
FAIL: docker_cli_swarm_test.go:1331: DockerSwarmSuite.TestSwarmPublishDuplicatePorts

[ddb53a7afe3a8] waiting for daemon to start
[ddb53a7afe3a8] exiting daemon
docker_cli_swarm_test.go:1332:
    d := s.AddDaemon(c, true, true)
c:/gopath/src/github.com/docker/docker/internal/test/daemon/daemon.go:202:
    t.Fatalf("failed to start daemon with arguments %v : %v", args, err)
... Error: failed to start daemon with arguments [--swarm-default-advertise-addr=lo] : [ddb53a7afe3a8] Daemon exited during startup: exit status 1


----------------------------------------------------------------------
SKIP: docker_cli_swarm_test.go:1389: DockerSwarmSuite.TestSwarmReadonlyRootfs (unmatched requirement DaemonIsLinux)

----------------------------------------------------------------------
FAIL: docker_api_swarm_test.go:941: DockerSwarmSuite.TestSwarmRepeatedRootRotation

[d206c36396c3d] waiting for daemon to start
[d206c36396c3d] exiting daemon
docker_api_swarm_test.go:942:
    m := s.AddDaemon(c, true, true)
c:/gopath/src/github.com/docker/docker/internal/test/daemon/daemon.go:202:
    t.Fatalf("failed to start daemon with arguments %v : %v", args, err)
... Error: failed to start daemon with arguments [--swarm-default-advertise-addr=lo] : [d206c36396c3d] Daemon exited during startup: exit status 1


----------------------------------------------------------------------
FAIL: docker_cli_swarm_test.go:1052: DockerSwarmSuite.TestSwarmRotateUnlockKey

[d9acceec94ad6] waiting for daemon to start
[d9acceec94ad6] exiting daemon
docker_cli_swarm_test.go:1053:
    d := s.AddDaemon(c, true, true)
c:/gopath/src/github.com/docker/docker/internal/test/daemon/daemon.go:202:
    t.Fatalf("failed to start daemon with arguments %v : %v", args, err)
... Error: failed to start daemon with arguments [--swarm-default-advertise-addr=lo] : [d9acceec94ad6] Daemon exited during startup: exit status 1


----------------------------------------------------------------------
FAIL: docker_cli_swarm_test.go:621: DockerSwarmSuite.TestSwarmServiceEnvFile

[dc9d62990fb40] waiting for daemon to start
[dc9d62990fb40] exiting daemon
docker_cli_swarm_test.go:622:
    d := s.AddDaemon(c, true, true)
c:/gopath/src/github.com/docker/docker/internal/test/daemon/daemon.go:202:
    t.Fatalf("failed to start daemon with arguments %v : %v", args, err)
... Error: failed to start daemon with arguments [--swarm-default-advertise-addr=lo] : [dc9d62990fb40] Daemon exited during startup: exit status 1


----------------------------------------------------------------------
FAIL: docker_cli_swarm_test.go:177: DockerSwarmSuite.TestSwarmServiceListFilter

[d8ebb021ffb3b] waiting for daemon to start
[d8ebb021ffb3b] exiting daemon
docker_cli_swarm_test.go:178:
    d := s.AddDaemon(c, true, true)
c:/gopath/src/github.com/docker/docker/internal/test/daemon/daemon.go:202:
    t.Fatalf("failed to start daemon with arguments %v : %v", args, err)
... Error: failed to start daemon with arguments [--swarm-default-advertise-addr=lo] : [d8ebb021ffb3b] Daemon exited during startup: exit status 1


----------------------------------------------------------------------
FAIL: docker_cli_swarm_test.go:1504: DockerSwarmSuite.TestSwarmServiceLsFilterMode

[dab7ad7f5584c] waiting for daemon to start
[dab7ad7f5584c] exiting daemon
docker_cli_swarm_test.go:1505:
    d := s.AddDaemon(c, true, true)
c:/gopath/src/github.com/docker/docker/internal/test/daemon/daemon.go:202:
    t.Fatalf("failed to start daemon with arguments %v : %v", args, err)
... Error: failed to start daemon with arguments [--swarm-default-advertise-addr=lo] : [dab7ad7f5584c] Daemon exited during startup: exit status 1


----------------------------------------------------------------------
FAIL: docker_cli_swarm_test.go:710: DockerSwarmSuite.TestSwarmServiceNetworkUpdate

[db1220238d7d2] waiting for daemon to start
[db1220238d7d2] exiting daemon
docker_cli_swarm_test.go:711:
    d := s.AddDaemon(c, true, true)
c:/gopath/src/github.com/docker/docker/internal/test/daemon/daemon.go:202:
    t.Fatalf("failed to start daemon with arguments %v : %v", args, err)
... Error: failed to start daemon with arguments [--swarm-default-advertise-addr=lo] : [db1220238d7d2] Daemon exited during startup: exit status 1


----------------------------------------------------------------------
FAIL: docker_cli_swarm_test.go:639: DockerSwarmSuite.TestSwarmServiceTTY

[d9bc25f80ef96] waiting for daemon to start
[d9bc25f80ef96] exiting daemon
docker_cli_swarm_test.go:640:
    d := s.AddDaemon(c, true, true)
c:/gopath/src/github.com/docker/docker/internal/test/daemon/daemon.go:202:
    t.Fatalf("failed to start daemon with arguments %v : %v", args, err)
... Error: failed to start daemon with arguments [--swarm-default-advertise-addr=lo] : [d9bc25f80ef96] Daemon exited during startup: exit status 1


----------------------------------------------------------------------
FAIL: docker_cli_swarm_test.go:687: DockerSwarmSuite.TestSwarmServiceTTYUpdate

[d1b81983c5c68] waiting for daemon to start
[d1b81983c5c68] exiting daemon
docker_cli_swarm_test.go:688:
    d := s.AddDaemon(c, true, true)
c:/gopath/src/github.com/docker/docker/internal/test/daemon/daemon.go:202:
    t.Fatalf("failed to start daemon with arguments %v : %v", args, err)
... Error: failed to start daemon with arguments [--swarm-default-advertise-addr=lo] : [d1b81983c5c68] Daemon exited during startup: exit status 1


----------------------------------------------------------------------
FAIL: docker_cli_swarm_test.go:159: DockerSwarmSuite.TestSwarmServiceTemplatingHostname

[d2bd19ac6083e] waiting for daemon to start
[d2bd19ac6083e] exiting daemon
docker_cli_swarm_test.go:160:
    d := s.AddDaemon(c, true, true)
c:/gopath/src/github.com/docker/docker/internal/test/daemon/daemon.go:202:
    t.Fatalf("failed to start daemon with arguments %v : %v", args, err)
... Error: failed to start daemon with arguments [--swarm-default-advertise-addr=lo] : [d2bd19ac6083e] Daemon exited during startup: exit status 1


----------------------------------------------------------------------
FAIL: docker_cli_swarm_test.go:286: DockerSwarmSuite.TestSwarmServiceWithGroup

[dcc7a00641cb2] waiting for daemon to start
[dcc7a00641cb2] exiting daemon
docker_cli_swarm_test.go:287:
    d := s.AddDaemon(c, true, true)
c:/gopath/src/github.com/docker/docker/internal/test/daemon/daemon.go:202:
    t.Fatalf("failed to start daemon with arguments %v : %v", args, err)
... Error: failed to start daemon with arguments [--swarm-default-advertise-addr=lo] : [dcc7a00641cb2] Daemon exited during startup: exit status 1


----------------------------------------------------------------------
SKIP: docker_cli_swarm_test.go:1476: DockerSwarmSuite.TestSwarmStopSignal (unmatched requirement DaemonIsLinux)

----------------------------------------------------------------------
FAIL: docker_cli_swarm_test.go:529: DockerSwarmSuite.TestSwarmTaskListFilter

[db131964947c9] waiting for daemon to start
[db131964947c9] exiting daemon
docker_cli_swarm_test.go:530:
    d := s.AddDaemon(c, true, true)
c:/gopath/src/github.com/docker/docker/internal/test/daemon/daemon.go:202:
    t.Fatalf("failed to start daemon with arguments %v : %v", args, err)
... Error: failed to start daemon with arguments [--swarm-default-advertise-addr=lo] : [db131964947c9] Daemon exited during startup: exit status 1


----------------------------------------------------------------------
FAIL: docker_cli_swarm_test.go:25: DockerSwarmSuite.TestSwarmUpdate

[d7c239c41fdde] waiting for daemon to start
[d7c239c41fdde] exiting daemon
docker_cli_swarm_test.go:26:
    d := s.AddDaemon(c, true, true)
c:/gopath/src/github.com/docker/docker/internal/test/daemon/daemon.go:202:
    t.Fatalf("failed to start daemon with arguments %v : %v", args, err)
... Error: failed to start daemon with arguments [--swarm-default-advertise-addr=lo] : [d7c239c41fdde] Daemon exited during startup: exit status 1


----------------------------------------------------------------------
FAIL: docker_cli_swarm_test.go:832: DockerSwarmSuite.TestUnlockEngineAndUnlockedSwarm

[d75c3a66d28a6] waiting for daemon to start
[d75c3a66d28a6] exiting daemon
docker_cli_swarm_test.go:833:
    d := s.AddDaemon(c, false, false)
c:/gopath/src/github.com/docker/docker/internal/test/daemon/daemon.go:202:
    t.Fatalf("failed to start daemon with arguments %v : %v", args, err)
... Error: failed to start daemon with arguments [--swarm-default-advertise-addr=lo] : [d75c3a66d28a6] Daemon exited during startup: exit status 1


----------------------------------------------------------------------
FAIL: docker_api_swarm_test.go:161: DockerSwarmSuite.TestUpdateSwarmAddExternalCA

[d358eed107f65] waiting for daemon to start
[d358eed107f65] exiting daemon
docker_api_swarm_test.go:162:
    d1 := s.AddDaemon(c, false, false)
c:/gopath/src/github.com/docker/docker/internal/test/daemon/daemon.go:202:
    t.Fatalf("failed to start daemon with arguments %v : %v", args, err)
... Error: failed to start daemon with arguments [--swarm-default-advertise-addr=lo] : [d358eed107f65] Daemon exited during startup: exit status 1

OOPS: 0 passed, 4 skipped, 91 FAILED
--- FAIL: Test (11.24s)
FAIL
exit status 1
FAIL	github.com/docker/docker/integration-cli	11.348s


ERROR: Failed 'ERROR: Integration tests failed at 12/31/2018 13:59:45. Duration:00:00:24.7978676' at 12/31/2018 13:59:45
At C:\gopath\src\github.com\docker\docker\hack\ci\windows.ps1:851 char:17
+ ...             Throw "ERROR: Integration tests failed at $(Get-Date). Du ...
+                 ~~~~~~~~~~~~~~~~~~~~~~~~~~~~~~~~~~~~~~~~~~~~~~~~~~~~~~~~~



INFO: Tidying up at end of run
INFO: Saving daemon under test log (d:\CI\CI-55f9a7eec9\dut.err) to d:\temp\CIDUT.log
INFO: Nuke-Everything...
INFO: Container count on control daemon to delete is 1
68445aad88ab
INFO: Non-base image count on control daemon to delete is 23
"docker rmi" requires at least 1 argument.
See 'docker rmi --help'.

Usage:  docker rmi [OPTIONS] IMAGE [IMAGE...]

Remove one or more images
INFO: Killing daemon with PID 908
INFO: Tidying pidfile d:\CI\CI-55f9a7eec9\docker.pid
INFO: Stopping possible daemon pid 908
ERROR: The process "908" not found.
INFO: Nuking d:\CI
INFO: Zapped successfully

INFO: executeCI.ps1 exiting at Mon Dec 31 14:00:09 CUT 2018. Duration 00:06:57.3107473

Build step 'Windows PowerShell' marked build as failure
Set build name.
New build name is '#38432'
[PostBuildScript] - Executing post build scripts.
Notifying endpoint with url 'https://leeroy.dockerproject.org/notification/jenkins'
Finished: FAILURE
