Started by user Gordon
Notifying endpoint with url 'https://leeroy.dockerproject.org/notification/jenkins'
[EnvInject] - Loading node environment variables.
Building remotely on azure-windows-rs1-3 (windows-rs1) in workspace /gopath/src/github.com/docker/docker
Wiping out workspace first.
Cloning the remote Git repository
Cloning repository https://github.com/moby/moby.git
 > git init C:\gopath\src\github.com\docker\docker # timeout=10
Fetching upstream changes from https://github.com/moby/moby.git
 > git --version # timeout=10
 > git fetch --tags --progress https://github.com/moby/moby.git +refs/heads/*:refs/remotes/origin/*
 > git config remote.origin.url https://github.com/moby/moby.git # timeout=10
 > git config --add remote.origin.fetch +refs/heads/*:refs/remotes/origin/* # timeout=10
 > git config remote.origin.url https://github.com/moby/moby.git # timeout=10
Fetching upstream changes from https://github.com/moby/moby.git
 > git fetch --tags --progress https://github.com/moby/moby.git +refs/heads/*:refs/remotes/origin/*
 > git rev-parse "origin/master^{commit}" # timeout=10
Checking out Revision f76d6a078d881f410c00e8d900dcdfc2e026c841 (origin/master)
 > git config core.sparsecheckout # timeout=10
 > git checkout -f f76d6a078d881f410c00e8d900dcdfc2e026c841
Commit message: "Merge pull request #38370 from farnasirim/36413-bind-dir-skip-copy"
 > git rev-list --no-walk f76d6a078d881f410c00e8d900dcdfc2e026c841 # timeout=10
Set build name.
New build name is '#38432'
[docker] $ sh -xe C:\Users\jenkins\jenkins4027669376132129796.sh
+ git fetch origin +refs/pull/38432/head:refs/remotes/origin/pr/38432
From https://github.com/moby/moby
 * [new ref]               refs/pull/38432/head -> origin/pr/38432
+ git merge origin/pr/38432
Merge made by the 'recursive' strategy.
 hack/ci/windows.ps1                                |   9 +-
 integration-cli/check_test.go                      |   3 +-
 integration-cli/docker_api_swarm_node_test.go      |   2 -
 integration-cli/docker_api_swarm_service_test.go   |  79 ---------
 .../docker_api_swarm_service_unix_test.go          |  90 ++++++++++
 integration-cli/docker_api_swarm_test.go           |   2 -
 integration-cli/docker_cli_swarm_test.go           | 196 ---------------------
 integration-cli/docker_cli_swarm_unix_test.go      | 195 ++++++++++++++++++++
 internal/test/daemon/daemon.go                     |   5 -
 internal/test/daemon/daemon_unix.go                |   6 +
 internal/test/daemon/daemon_windows.go             |   6 +
 internal/test/daemon/swarm.go                      |   4 -
 internal/test/daemon/swarm_unix.go                 |   7 +
 internal/test/daemon/swarm_windows.go              |   7 +
 14 files changed, 317 insertions(+), 294 deletions(-)
 create mode 100644 integration-cli/docker_api_swarm_service_unix_test.go
 create mode 100644 internal/test/daemon/swarm_unix.go
 create mode 100644 internal/test/daemon/swarm_windows.go
[docker] $ powershell.exe -NonInteractive -ExecutionPolicy ByPass "& 'C:\Users\jenkins\jenkins105104031964280481.ps1'"
NEW entrypoint

INFO: executeCI.ps1 starting at Mon Dec 31 14:39:24 CUT 2018

INFO: Script version 28-Aug-2018 09:33 PDT
INFO: Running git version 2.18.0.windows.1
INFO: Branch:rs1_release Build:14393.2312.180607-1919
INFO: Environment variables:

Name                           Value                                                                                   
----                           -----                                                                                   
_                              /cygdrive/c/ProgramData/Oracle/Java/javapath/java                                       
ALLUSERSPROFILE                C:\ProgramData                                                                          
APPDATA                        C:\Users\jenkins\AppData\Roaming                                                        
BASE_BRANCH                    master                                                                                  
BUILD_CAUSE                    MANUALTRIGGER                                                                           
BUILD_CAUSE_MANUALTRIGGER      true                                                                                    
BUILD_DISPLAY_NAME             #38432                                                                                  
BUILD_ID                       23479                                                                                   
BUILD_NUMBER                   23479                                                                                   
BUILD_TAG                      jenkins-Docker-PRs-WoW-RS1-23479                                                        
BUILD_URL                      https://jenkins.dockerproject.org/job/Docker-PRs-WoW-RS1/23479/                         
CommonProgramFiles             C:\Program Files\Common Files                                                           
CommonProgramFiles(x86)        C:\Program Files (x86)\Common Files                                                     
CommonProgramW6432             C:\Program Files\Common Files                                                           
COMPUTERNAME                   jenkins-rs1-3                                                                           
COMSPEC                        C:\Windows\system32\cmd.exe                                                             
ConfigSet                      rs                                                                                      
CYGWIN                         binmode ntsec                                                                           
EXECUTOR_NUMBER                0                                                                                       
GIT_AUTHOR_EMAIL               janky@dockerproject.org                                                                 
GIT_AUTHOR_NAME                Docker Jenkins                                                                          
GIT_BASE_REPO                  moby/moby                                                                               
GIT_BRANCH                     origin/master                                                                           
GIT_COMMIT                     f76d6a078d881f410c00e8d900dcdfc2e026c841                                                
GIT_COMMITTER_EMAIL            janky@dockerproject.org                                                                 
GIT_COMMITTER_NAME             Docker Jenkins                                                                          
GIT_HEAD_REPO                  olljanat/moby                                                                           
GIT_PREVIOUS_COMMIT            f76d6a078d881f410c00e8d900dcdfc2e026c841                                                
GIT_PREVIOUS_SUCCESSFUL_COMMIT f76d6a078d881f410c00e8d900dcdfc2e026c841                                                
GIT_SHA1                       f17391289cda007630a69fbc11c364a79da39e6a                                                
GIT_URL                        https://github.com/moby/moby.git                                                        
GITHUB_URL                     https://github.com/moby/moby/pull/38432                                                 
HOME                           C:\cygwin\home\jenkins                                                                  
HOMEDRIVE                      C:                                                                                      
HOMEPATH                       \cygwin\home\jenkins                                                                    
HUDSON_COOKIE                  5f3093f2-9ac8-4303-8a54-bc0c8a735bc3                                                    
HUDSON_HOME                    /var/jenkins_home                                                                       
HUDSON_SERVER_COOKIE           5654907fc74b1465                                                                        
HUDSON_URL                     https://jenkins.dockerproject.org/                                                      
INTEGRATION_TEST_NAME          DockerSwarmSuite                                                                        
JENKINS_HOME                   /var/jenkins_home                                                                       
JENKINS_SERVER_COOKIE          5654907fc74b1465                                                                        
JENKINS_URL                    https://jenkins.dockerproject.org/                                                      
JOB_BASE_NAME                  Docker-PRs-WoW-RS1                                                                      
JOB_DISPLAY_URL                https://jenkins.dockerproject.org/job/Docker-PRs-WoW-RS1/display/redirect               
JOB_NAME                       Docker-PRs-WoW-RS1                                                                      
JOB_URL                        https://jenkins.dockerproject.org/job/Docker-PRs-WoW-RS1/                               
LOCALAPPDATA                   C:\Users\jenkins\AppData\Local                                                          
LOGNAME                        jenkins                                                                                 
LOGONSERVER                    \\jenkins-rs1-3                                                                         
MAIL                           /var/spool/mail//jenkins                                                                
NODE_LABELS                    azure-windows-rs1-3 windows-rs1                                                         
NODE_NAME                      azure-windows-rs1-3                                                                     
NUMBER_OF_PROCESSORS           4                                                                                       
OLDPWD                         /home/jenkins                                                                           
OS                             Windows_NT                                                                              
PATH                           C:\cygwin\bin;C:\ProgramData\Oracle\Java\javapath;C:\pstools;C:\Program Files\Notepad...
PATHEXT                        .COM;.EXE;.BAT;.CMD;.VBS;.VBE;.JS;.JSE;.WSF;.WSH;.MSC;.CPL                              
PR                             38432                                                                                   
PROCESSOR_ARCHITECTURE         AMD64                                                                                   
PROCESSOR_IDENTIFIER           Intel64 Family 6 Model 79 Stepping 1, GenuineIntel                                      
PROCESSOR_LEVEL                6                                                                                       
PROCESSOR_REVISION             4f01                                                                                    
ProgramData                    C:\ProgramData                                                                          
PROGRAMFILES                   C:\Program Files                                                                        
ProgramFiles(x86)              C:\Program Files (x86)                                                                  
ProgramW6432                   C:\Program Files                                                                        
PSExecutionPolicyPreference    Bypass                                                                                  
PSModulePath                   C:\Users\jenkins\Documents\WindowsPowerShell\Modules;C:\Program Files\WindowsPowerShe...
PUBLIC                         C:\Users\Public                                                                         
PWD                            /cygdrive/c/workspace                                                                   
ROOT_BUILD_CAUSE               MANUALTRIGGER                                                                           
ROOT_BUILD_CAUSE_MANUALTRIGGER true                                                                                    
RUN_CHANGES_DISPLAY_URL        https://jenkins.dockerproject.org/job/Docker-PRs-WoW-RS1/23479/display/redirect?page=...
RUN_DISPLAY_URL                https://jenkins.dockerproject.org/job/Docker-PRs-WoW-RS1/23479/display/redirect         
SHELL                          /bin/bash                                                                               
SHLVL                          1                                                                                       
SKIP_UNIT_TESTS                yes                                                                                     
SKIP_VALIDATION_TESTS          yes                                                                                     
SOURCES_DRIVE                  c                                                                                       
SOURCES_SUBDIR                 gopath                                                                                  
SSH_CLIENT                     52.88.204.51 15996 22                                                                   
SSH_CONNECTION                 52.88.204.51 15996 10.0.0.12 22                                                         
SYSTEMDRIVE                    C:                                                                                      
SYSTEMROOT                     C:\Windows                                                                              
TEMP                           d:\temp                                                                                 
TESTRUN_DRIVE                  d                                                                                       
TESTRUN_SUBDIR                 CI                                                                                      
USER                           jenkins                                                                                 
USERDOMAIN                     jenkins-rs1-3                                                                           
USERNAME                       jenkins                                                                                 
USERPROFILE                    C:\Users\jenkins                                                                        
WINDIR                         C:\Windows                                                                              
WORKSPACE                      /gopath/src/github.com/docker/docker                                                    



INFO: PR#38432 (https://github.com/docker/docker/pull/38432)
INFO: Sources under c:\gopath\...
INFO: Test run under d:\CI\...
INFO: Running in C:\gopath\src\github.com\docker\docker
INFO: docker/docker repository was found
INFO: Image microsoft/windowsservercore:latest is already loaded in the control daemon
INFO: Version of microsoft/windowsservercore:latest is '10.0.14393.2312'
INFO: Docker version of control daemon

Client:
 Version:           master-dockerproject-2018-10-09
 API version:       1.39
 Go version:        go1.10.4
 Git commit:        ab50c2f2
 Built:             Tue Oct  9 23:49:39 2018
 OS/Arch:           windows/amd64
 Experimental:      false

Server:
 Engine:
  Version:          master-dockerproject-2018-10-09
  API version:      1.39 (minimum version 1.24)
  Go version:       go1.11.1
  Git commit:       82a4797
  Built:            Tue Oct  9 23:58:23 2018
  OS/Arch:          windows/amd64
  Experimental:     false

INFO: Docker info of control daemon

Containers: 0
 Running: 0
 Paused: 0
 Stopped: 0
Images: 7
Server Version: master-dockerproject-2018-10-09
Storage Driver: windowsfilter
 Windows: 
Logging Driver: json-file
Plugins:
 Volume: local
 Network: ics l2bridge l2tunnel nat null overlay transparent
 Log: awslogs etwlogs fluentd gcplogs gelf json-file local logentries splunk syslog
Swarm: inactive
Default Isolation: process
Kernel Version: 10.0 14393 (14393.2312.amd64fre.rs1_release.180607-1919)
Operating System: Windows Server 2016 Datacenter Version 1607 (OS Build 14393.2312)
OSType: windows
Architecture: x86_64
CPUs: 4
Total Memory: 14GiB
Name: jenkins-rs1-3
ID: ST22:AQMQ:EU4D:3GXY:7YK3:ZLTB:THON:6IRY:XA7E:M3BI:5RVG:LIOT
Docker Root Dir: D:\control
Debug Mode (client): false
Debug Mode (server): false
Registry: https://index.docker.io/v1/
Labels:
Experimental: false
Insecure Registries:
 127.0.0.0/8
Live Restore Enabled: false


INFO: Commit hash is aed75b5e00
INFO: Nuke-Everything...
INFO: Container count on control daemon to delete is 0
INFO: Nuking d:\CI
INFO: Zapped successfully
INFO: Location for testing is d:\CI\CI-aed75b5e00
INFO: Validating GOLang consistency in Dockerfile.windows...


INFO: Building the image from Dockerfile.windows at 12/31/2018 14:39:26...

Sending build context to Docker daemon  46.38MB

Step 1/7 : FROM microsoft/windowsservercore
 ---> eb1805404161
Step 2/7 : SHELL ["powershell", "-Command", "$ErrorActionPreference = 'Stop'; $ProgressPreference = 'SilentlyContinue';"]
 ---> Using cache
 ---> 9b42496e1aea
Step 3/7 : ENV GO_VERSION=1.11.4     GIT_VERSION=2.11.1     GOPATH=C:\go     FROM_DOCKERFILE=1
 ---> Using cache
 ---> f2effea86537
Step 4/7 : RUN   Function Test-Nano() {     $EditionId = (Get-ItemProperty -Path 'HKLM:\SOFTWARE\Microsoft\Windows NT\CurrentVersion' -Name 'EditionID').EditionId;     return (($EditionId -eq 'ServerStandardNano') -or ($EditionId -eq 'ServerDataCenterNano') -or ($EditionId -eq 'NanoServer'));   }    Function Download-File([string] $source, [string] $target) {     if (Test-Nano) {       $handler = New-Object System.Net.Http.HttpClientHandler;       $client = New-Object System.Net.Http.HttpClient($handler);       $client.Timeout = New-Object System.TimeSpan(0, 30, 0);       $cancelTokenSource = [System.Threading.CancellationTokenSource]::new();       $responseMsg = $client.GetAsync([System.Uri]::new($source), $cancelTokenSource.Token);       $responseMsg.Wait();       if (!$responseMsg.IsCanceled) {         $response = $responseMsg.Result;         if ($response.IsSuccessStatusCode) {           $downloadedFileStream = [System.IO.FileStream]::new($target, [System.IO.FileMode]::Create, [System.IO.FileAccess]::Write);           $copyStreamOp = $response.Content.CopyToAsync($downloadedFileStream);           $copyStreamOp.Wait();           $downloadedFileStream.Close();           if ($copyStreamOp.Exception -ne $null) { throw $copyStreamOp.Exception }         }       } else {       Throw ("Failed to download " + $source)       }    } else {       $webClient = New-Object System.Net.WebClient;       $webClient.DownloadFile($source, $target);     }   }     setx /M PATH $('C:\git\cmd;C:\git\usr\bin;'+$Env:PATH+';C:\gcc\bin;C:\go\bin');     Write-Host INFO: Downloading git...;   $location='https://www.nuget.org/api/v2/package/GitForWindows/'+$Env:GIT_VERSION;   Download-File $location C:\gitsetup.zip;     Write-Host INFO: Downloading go...;   Download-File $('https://golang.org/dl/go'+$Env:GO_VERSION+'.windows-amd64.zip') C:\go.zip;     Write-Host INFO: Downloading compiler 1 of 3...;   Download-File https://raw.githubusercontent.com/jhowardmsft/docker-tdmgcc/master/gcc.zip C:\gcc.zip;     Write-Host INFO: Downloading compiler 2 of 3...;   Download-File https://raw.githubusercontent.com/jhowardmsft/docker-tdmgcc/master/runtime.zip C:\runtime.zip;     Write-Host INFO: Downloading compiler 3 of 3...;   Download-File https://raw.githubusercontent.com/jhowardmsft/docker-tdmgcc/master/binutils.zip C:\binutils.zip;     Write-Host INFO: Extracting git...;   Expand-Archive C:\gitsetup.zip C:\git-tmp;   New-Item -Type Directory C:\git | Out-Null;   Move-Item C:\git-tmp\tools\* C:\git\.;   Remove-Item -Recurse -Force C:\git-tmp;     Write-Host INFO: Expanding go...;   Expand-Archive C:\go.zip -DestinationPath C:\;     Write-Host INFO: Expanding compiler 1 of 3...;   Expand-Archive C:\gcc.zip -DestinationPath C:\gcc -Force;   Write-Host INFO: Expanding compiler 2 of 3...;   Expand-Archive C:\runtime.zip -DestinationPath C:\gcc -Force;   Write-Host INFO: Expanding compiler 3 of 3...;   Expand-Archive C:\binutils.zip -DestinationPath C:\gcc -Force;     Write-Host INFO: Removing downloaded files...;   Remove-Item C:\gcc.zip;   Remove-Item C:\runtime.zip;   Remove-Item C:\binutils.zip;   Remove-Item C:\gitsetup.zip;     Write-Host INFO: Creating source directory...;   New-Item -ItemType Directory -Path C:\go\src\github.com\docker\docker | Out-Null;     Write-Host INFO: Configuring git core.autocrlf...;   C:\git\cmd\git config --global core.autocrlf true;     Write-Host INFO: Completed
 ---> Using cache
 ---> c9af12fc4480
Step 5/7 : ENTRYPOINT ["powershell.exe"]
 ---> Using cache
 ---> f9e9fa35e9d4
Step 6/7 : WORKDIR C:\go\src\github.com\docker\docker
 ---> Using cache
 ---> 30cee57bd49a
Step 7/7 : COPY . .
 ---> b97c945e294e
Successfully built b97c945e294e
Successfully tagged docker:latest
INFO: Image build ended at 12/31/2018 14:40:04. Duration:00:00:38.0212314


INFO: Building the test binaries at 12/31/2018 14:40:04...
INFO: make.ps1 starting at 12/31/2018 14:40:21
INFO: Git commit (aed75b5e00) assumed from DOCKER_GITCOMMIT environment variable
INFO: Invoking autogen...
INFO: Building daemon...
INFO: Downloading docker/cli version 17.06.0-ce from edge...

 ________   ____  __.
 \_____  \ |    |/ _|
 /   |   \|      <
 /    |    \    |  \
 \_______  /____|__ \
         \/        \/

INFO: make.ps1 ended at 12/31/2018 14:41:13
INFO: Binaries build ended at 12/31/2018 14:41:15. Duration:00:01:10.5876672
INFO: Copying the built daemon binary to d:\CI\CI-aed75b5e00\binary\dockerd-aed75b5e00.exe...
INFO: Copying the built client binary to d:\CI\CI-aed75b5e00\binary\docker-aed75b5e00.exe...
INFO: Copying dockerversion from the container...
INFO: Copying the golang package from the container to d:\CI\CI-aed75b5e00\installer\go.zip...
INFO: Extracting go.zip to d:\CI\CI-aed75b5e00\go
INFO: Extraction ended at 12/31/2018 14:41:39. Duration:00:00:22.7650534
INFO: Updating the golang and path environment variables
INFO: GOPATH=c:\gopath
INFO: go version go1.11.4 windows/amd64
INFO: Starting a daemon under test...
INFO: Args: -H tcp://0.0.0.0:2357 --data-root d:\CI\CI-aed75b5e00\daemon --pidfile d:\CI\CI-aed75b5e00\docker.pid
INFO: Process started successfully.
INFO: Waiting for the daemon under test to start...
INFO: Daemon under test started and replied!
INFO: Docker version of the daemon under test

Client:
 Version:      17.06.0-ce
 API version:  1.30
 Go version:   go1.8.3
 Git commit:   02c1d87
 Built:        Fri Jun 23 21:30:30 2017
 OS/Arch:      windows/amd64

Server:
 Version:      0.0.0-dev
 API version:  1.40 (minimum version 1.24)
 Go version:   go1.11.4
 Git commit:   aed75b5e00
 Built:        12/31/2018 14:40:22
 OS/Arch:      windows/amd64
 Experimental: false

INFO: Docker info of the daemon under test

Containers: 0
 Running: 0
 Paused: 0
 Stopped: 0
Images: 0
Server Version: 0.0.0-dev
Storage Driver: windowsfilter
 Windows: 
Logging Driver: json-file
Plugins: 
 Volume: local
 Network: ics l2bridge l2tunnel nat null overlay transparent
 Log: awslogs etwlogs fluentd gcplogs gelf json-file local logentries splunk syslog
Swarm: inactive
Default Isolation: process
Kernel Version: 10.0 14393 (14393.2312.amd64fre.rs1_release.180607-1919)
Operating System: Windows Server 2016 Datacenter Version 1607 (OS Build 14393.2312)
OSType: windows
Architecture: x86_64
CPUs: 4
Total Memory: 14GiB
Name: jenkins-rs1-3
ID: CIC7:WLZX:4ZGO:PFY2:7D7D:RWLZ:SOZV:F7JY:IXAM:J2AQ:O3JR:UBT7
Docker Root Dir: D:\CI\CI-aed75b5e00\daemon
Debug Mode (client): false
Debug Mode (server): false
Registry: https://index.docker.io/v1/
Labels:
Experimental: false
Insecure Registries:
 127.0.0.0/8
Live Restore Enabled: false


INFO: Docker images of the daemon under test

REPOSITORY          TAG                 IMAGE ID            CREATED             SIZE

INFO: Base image for tests is microsoft/windowsservercore
INFO: Loading windowsservercore .tar from disk into the daemon under test. This may take some time...
Loaded image: microsoft/windowsservercore:10.0.14393.2312
Loaded image: microsoft/windowsservercore:latest
INFO: docker load of windowsservercore  into daemon under test completed successfully
INFO: Version of microsoft/windowsservercore:latest is '10.0.14393.2312'
WARN: Skipping validation tests
WARN: Skipping unit tests
INFO: Building busybox
Downloading build context from remote url: https://raw.githubusercontent.com/jhowardmsft/busybox/v1.1/Dockerfile     701B
Downloading build context from remote url: https://raw.githubusercontent.com/jhowardmsft/busybox/v1.1/Dockerfile     701B

Sending build context to Docker daemon   2.56kB

Step 1/6 : FROM microsoft/windowsservercore
 ---> eb1805404161
Step 2/6 : RUN mkdir C:\tmp && mkdir C:\bin
 ---> Running in 3c476c48f5fe
Removing intermediate container 3c476c48f5fe
 ---> f8ccf2dab51e
Step 3/6 : ADD http://frippery.org/files/busybox/busybox.exe /bin/

 ---> 8cf7e32dbf20
Step 4/6 : RUN setx /M PATH "C:\bin;%PATH%"
 ---> Running in c8f7ab775b8d

SUCCESS: Specified value was saved.
Removing intermediate container c8f7ab775b8d
 ---> 2521fd9387d4
Step 5/6 : RUN powershell busybox.exe --list ^|%{$nul = cmd /c mklink C:\bin\$_.exe busybox.exe}
 ---> Running in 2f1ac59ab0c3
Cannot create a file when that file already exists.
Removing intermediate container 2f1ac59ab0c3
 ---> aec6a310f9d0
Step 6/6 : CMD ["sh"]
 ---> Running in c2caa3458ca6
Removing intermediate container c2caa3458ca6
 ---> 831c66b8c2f3
Successfully built 831c66b8c2f3
Successfully tagged busybox:latest
INFO: Docker images of the daemon under test

REPOSITORY                    TAG                 IMAGE ID            CREATED             SIZE
busybox                       latest              831c66b8c2f3        1 second ago        7.19GB
microsoft/windowsservercore   10.0.14393.2312     eb1805404161        6 months ago        7.15GB
microsoft/windowsservercore   latest              eb1805404161        6 months ago        7.15GB

INFO: Running integration tests at 12/31/2018 14:45:55...
WARN: Only running integration tests matching DockerSwarmSuite
INFO: Integration tests being run from the host:
INFO: go test "-check.v" "-check.f" "DockerSwarmSuite" "-tags" "autogen" "-check.timeout" "10m" "-test.timeout" "200m" 
INFO: DOCKER_HOST at tcp://127.0.0.1:2357
INFO: Windows Base image is  microsoft/windowsservercore
INFO: Testing against a local daemon

----------------------------------------------------------------------
FAIL: docker_api_swarm_test.go:883: DockerSwarmSuite.TestAPIDuplicateNetworks

[d0d0759a760ad] waiting for daemon to start
[d0d0759a760ad] exiting daemon
docker_api_swarm_test.go:884:
    d := s.AddDaemon(c, true, true)
c:/gopath/src/github.com/docker/docker/internal/test/daemon/daemon.go:202:
    t.Fatalf("failed to start daemon with arguments %v : %v", args, err)
... Error: failed to start daemon with arguments [--swarm-default-advertise-addr=lo] : [d0d0759a760ad] Daemon exited during startup: exit status 1


----------------------------------------------------------------------
FAIL: docker_api_swarm_test.go:1010: DockerSwarmSuite.TestAPINetworkInspectWithScope

[d1bc87f28bb14] waiting for daemon to start
[d1bc87f28bb14] exiting daemon
docker_api_swarm_test.go:1011:
    d := s.AddDaemon(c, true, true)
c:/gopath/src/github.com/docker/docker/internal/test/daemon/daemon.go:202:
    t.Fatalf("failed to start daemon with arguments %v : %v", args, err)
... Error: failed to start daemon with arguments [--swarm-default-advertise-addr=lo] : [d1bc87f28bb14] Daemon exited during startup: exit status 1


----------------------------------------------------------------------
FAIL: docker_api_swarm_service_test.go:28: DockerSwarmSuite.TestAPIServiceUpdatePort

[dfb13075b41c1] waiting for daemon to start
[dfb13075b41c1] exiting daemon
docker_api_swarm_service_test.go:29:
    d := s.AddDaemon(c, true, true)
c:/gopath/src/github.com/docker/docker/internal/test/daemon/daemon.go:202:
    t.Fatalf("failed to start daemon with arguments %v : %v", args, err)
... Error: failed to start daemon with arguments [--swarm-default-advertise-addr=lo] : [dfb13075b41c1] Daemon exited during startup: exit status 1


----------------------------------------------------------------------
FAIL: docker_api_swarm_test.go:183: DockerSwarmSuite.TestAPISwarmCAHash

[db26b89474b6a] waiting for daemon to start
[db26b89474b6a] exiting daemon
docker_api_swarm_test.go:184:
    d1 := s.AddDaemon(c, true, true)
c:/gopath/src/github.com/docker/docker/internal/test/daemon/daemon.go:202:
    t.Fatalf("failed to start daemon with arguments %v : %v", args, err)
... Error: failed to start daemon with arguments [--swarm-default-advertise-addr=lo] : [db26b89474b6a] Daemon exited during startup: exit status 1


----------------------------------------------------------------------
FAIL: docker_api_swarm_test.go:867: DockerSwarmSuite.TestAPISwarmErrorHandling

[db5c43a4d77a5] waiting for daemon to start
[db5c43a4d77a5] exiting daemon
docker_api_swarm_test.go:871:
    d := s.AddDaemon(c, false, false)
c:/gopath/src/github.com/docker/docker/internal/test/daemon/daemon.go:202:
    t.Fatalf("failed to start daemon with arguments %v : %v", args, err)
... Error: failed to start daemon with arguments [--swarm-default-advertise-addr=lo] : [db5c43a4d77a5] Daemon exited during startup: exit status 1


----------------------------------------------------------------------
FAIL: docker_api_swarm_test.go:538: DockerSwarmSuite.TestAPISwarmForceNewCluster

[db9318e8802b3] waiting for daemon to start
[db9318e8802b3] exiting daemon
docker_api_swarm_test.go:539:
    d1 := s.AddDaemon(c, true, true)
c:/gopath/src/github.com/docker/docker/internal/test/daemon/daemon.go:202:
    t.Fatalf("failed to start daemon with arguments %v : %v", args, err)
... Error: failed to start daemon with arguments [--swarm-default-advertise-addr=lo] : [db9318e8802b3] Daemon exited during startup: exit status 1


----------------------------------------------------------------------
SKIP: docker_api_swarm_test.go:914: DockerSwarmSuite.TestAPISwarmHealthcheckNone (Root cause of Issue #36386 is needed)

----------------------------------------------------------------------
FAIL: docker_api_swarm_test.go:33: DockerSwarmSuite.TestAPISwarmInit

[d5d4161840475] waiting for daemon to start
[d5d4161840475] exiting daemon
docker_api_swarm_test.go:35:
    // todo: should find a better way to verify that components are running than /info
    d1 := s.AddDaemon(c, true, true)
c:/gopath/src/github.com/docker/docker/internal/test/daemon/daemon.go:202:
    t.Fatalf("failed to start daemon with arguments %v : %v", args, err)
... Error: failed to start daemon with arguments [--swarm-default-advertise-addr=lo] : [d5d4161840475] Daemon exited during startup: exit status 1


----------------------------------------------------------------------
FAIL: docker_api_swarm_test.go:520: DockerSwarmSuite.TestAPISwarmInvalidAddress

[de6c1cd82b580] waiting for daemon to start
[de6c1cd82b580] exiting daemon
docker_api_swarm_test.go:521:
    d := s.AddDaemon(c, false, false)
c:/gopath/src/github.com/docker/docker/internal/test/daemon/daemon.go:202:
    t.Fatalf("failed to start daemon with arguments %v : %v", args, err)
... Error: failed to start daemon with arguments [--swarm-default-advertise-addr=lo] : [de6c1cd82b580] Daemon exited during startup: exit status 1


----------------------------------------------------------------------
FAIL: docker_api_swarm_test.go:79: DockerSwarmSuite.TestAPISwarmJoinToken

[d3a9d00ff7240] waiting for daemon to start
[d3a9d00ff7240] exiting daemon
docker_api_swarm_test.go:80:
    d1 := s.AddDaemon(c, false, false)
c:/gopath/src/github.com/docker/docker/internal/test/daemon/daemon.go:202:
    t.Fatalf("failed to start daemon with arguments %v : %v", args, err)
... Error: failed to start daemon with arguments [--swarm-default-advertise-addr=lo] : [d3a9d00ff7240] Daemon exited during startup: exit status 1


----------------------------------------------------------------------
FAIL: docker_api_swarm_test.go:294: DockerSwarmSuite.TestAPISwarmLeaderElection

[da32c5f9f3805] waiting for daemon to start
[da32c5f9f3805] exiting daemon
docker_api_swarm_test.go:296:
    // Create 3 nodes
    d1 := s.AddDaemon(c, true, true)
c:/gopath/src/github.com/docker/docker/internal/test/daemon/daemon.go:202:
    t.Fatalf("failed to start daemon with arguments %v : %v", args, err)
... Error: failed to start daemon with arguments [--swarm-default-advertise-addr=lo] : [da32c5f9f3805] Daemon exited during startup: exit status 1


----------------------------------------------------------------------
FAIL: docker_api_swarm_test.go:269: DockerSwarmSuite.TestAPISwarmLeaderProxy

[de745c27d495a] waiting for daemon to start
[de745c27d495a] exiting daemon
docker_api_swarm_test.go:271:
    // add three managers, one of these is leader
    d1 := s.AddDaemon(c, true, true)
c:/gopath/src/github.com/docker/docker/internal/test/daemon/daemon.go:202:
    t.Fatalf("failed to start daemon with arguments %v : %v", args, err)
... Error: failed to start daemon with arguments [--swarm-default-advertise-addr=lo] : [de745c27d495a] Daemon exited during startup: exit status 1


----------------------------------------------------------------------
FAIL: docker_api_swarm_test.go:421: DockerSwarmSuite.TestAPISwarmLeaveOnPendingJoin

[d563f31132cef] waiting for daemon to start
[d563f31132cef] exiting daemon
docker_api_swarm_test.go:423:
    s.AddDaemon(c, true, true)
c:/gopath/src/github.com/docker/docker/internal/test/daemon/daemon.go:202:
    t.Fatalf("failed to start daemon with arguments %v : %v", args, err)
... Error: failed to start daemon with arguments [--swarm-default-advertise-addr=lo] : [d563f31132cef] Daemon exited during startup: exit status 1


----------------------------------------------------------------------
FAIL: docker_api_swarm_test.go:398: DockerSwarmSuite.TestAPISwarmLeaveRemovesContainer

[dd9f1d96fa1fc] waiting for daemon to start
[dd9f1d96fa1fc] exiting daemon
docker_api_swarm_test.go:399:
    d := s.AddDaemon(c, true, true)
c:/gopath/src/github.com/docker/docker/internal/test/daemon/daemon.go:202:
    t.Fatalf("failed to start daemon with arguments %v : %v", args, err)
... Error: failed to start daemon with arguments [--swarm-default-advertise-addr=lo] : [dd9f1d96fa1fc] Daemon exited during startup: exit status 1


----------------------------------------------------------------------
FAIL: docker_api_swarm_node_test.go:12: DockerSwarmSuite.TestAPISwarmListNodes

[da5a66da5a739] waiting for daemon to start
[da5a66da5a739] exiting daemon
docker_api_swarm_node_test.go:13:
    d1 := s.AddDaemon(c, true, true)
c:/gopath/src/github.com/docker/docker/internal/test/daemon/daemon.go:202:
    t.Fatalf("failed to start daemon with arguments %v : %v", args, err)
... Error: failed to start daemon with arguments [--swarm-default-advertise-addr=lo] : [da5a66da5a739] Daemon exited during startup: exit status 1


----------------------------------------------------------------------
FAIL: docker_api_swarm_test.go:470: DockerSwarmSuite.TestAPISwarmManagerRestore

[d2c3bfa990947] waiting for daemon to start
[d2c3bfa990947] exiting daemon
docker_api_swarm_test.go:471:
    d1 := s.AddDaemon(c, true, true)
c:/gopath/src/github.com/docker/docker/internal/test/daemon/daemon.go:202:
    t.Fatalf("failed to start daemon with arguments %v : %v", args, err)
... Error: failed to start daemon with arguments [--swarm-default-advertise-addr=lo] : [d2c3bfa990947] Daemon exited during startup: exit status 1


----------------------------------------------------------------------
FAIL: docker_api_swarm_node_test.go:73: DockerSwarmSuite.TestAPISwarmNodeDrainPause

[dcc32b3617fa8] waiting for daemon to start
[dcc32b3617fa8] exiting daemon
docker_api_swarm_node_test.go:74:
    d1 := s.AddDaemon(c, true, true)
c:/gopath/src/github.com/docker/docker/internal/test/daemon/daemon.go:202:
    t.Fatalf("failed to start daemon with arguments %v : %v", args, err)
... Error: failed to start daemon with arguments [--swarm-default-advertise-addr=lo] : [dcc32b3617fa8] Daemon exited during startup: exit status 1


----------------------------------------------------------------------
FAIL: docker_api_swarm_node_test.go:44: DockerSwarmSuite.TestAPISwarmNodeRemove

[d63413b12c91a] waiting for daemon to start
[d63413b12c91a] exiting daemon
docker_api_swarm_node_test.go:46:
    d1 := s.AddDaemon(c, true, true)
c:/gopath/src/github.com/docker/docker/internal/test/daemon/daemon.go:202:
    t.Fatalf("failed to start daemon with arguments %v : %v", args, err)
... Error: failed to start daemon with arguments [--swarm-default-advertise-addr=lo] : [d63413b12c91a] Daemon exited during startup: exit status 1


----------------------------------------------------------------------
FAIL: docker_api_swarm_node_test.go:31: DockerSwarmSuite.TestAPISwarmNodeUpdate

[d3a16daac7828] waiting for daemon to start
[d3a16daac7828] exiting daemon
docker_api_swarm_node_test.go:32:
    d := s.AddDaemon(c, true, true)
c:/gopath/src/github.com/docker/docker/internal/test/daemon/daemon.go:202:
    t.Fatalf("failed to start daemon with arguments %v : %v", args, err)
... Error: failed to start daemon with arguments [--swarm-default-advertise-addr=lo] : [d3a16daac7828] Daemon exited during startup: exit status 1


----------------------------------------------------------------------
FAIL: docker_api_swarm_test.go:199: DockerSwarmSuite.TestAPISwarmPromoteDemote

[d1476bc89c806] waiting for daemon to start
[d1476bc89c806] exiting daemon
docker_api_swarm_test.go:200:
    d1 := s.AddDaemon(c, false, false)
c:/gopath/src/github.com/docker/docker/internal/test/daemon/daemon.go:202:
    t.Fatalf("failed to start daemon with arguments %v : %v", args, err)
... Error: failed to start daemon with arguments [--swarm-default-advertise-addr=lo] : [d1476bc89c806] Daemon exited during startup: exit status 1


----------------------------------------------------------------------
FAIL: docker_api_swarm_test.go:357: DockerSwarmSuite.TestAPISwarmRaftQuorum

[d58e19036ef73] waiting for daemon to start
[d58e19036ef73] exiting daemon
docker_api_swarm_test.go:358:
    d1 := s.AddDaemon(c, true, true)
c:/gopath/src/github.com/docker/docker/internal/test/daemon/daemon.go:202:
    t.Fatalf("failed to start daemon with arguments %v : %v", args, err)
... Error: failed to start daemon with arguments [--swarm-default-advertise-addr=lo] : [d58e19036ef73] Daemon exited during startup: exit status 1


----------------------------------------------------------------------
FAIL: docker_api_swarm_test.go:774: DockerSwarmSuite.TestAPISwarmRestartCluster

[d47706ca7c59f] waiting for daemon to start
[d47706ca7c59f] exiting daemon
docker_api_swarm_test.go:779:
    manager := s.AddDaemon(c, true, true)
c:/gopath/src/github.com/docker/docker/internal/test/daemon/daemon.go:202:
    t.Fatalf("failed to start daemon with arguments %v : %v", args, err)
... Error: failed to start daemon with arguments [--swarm-default-advertise-addr=lo] : [d47706ca7c59f] Daemon exited during startup: exit status 1


----------------------------------------------------------------------
FAIL: docker_api_swarm_test.go:451: DockerSwarmSuite.TestAPISwarmRestoreOnPendingJoin

[de8b4e85de311] waiting for daemon to start
[de8b4e85de311] exiting daemon
docker_api_swarm_test.go:453:
    d := s.AddDaemon(c, false, false)
c:/gopath/src/github.com/docker/docker/internal/test/daemon/daemon.go:202:
    t.Fatalf("failed to start daemon with arguments %v : %v", args, err)
... Error: failed to start daemon with arguments [--swarm-default-advertise-addr=lo] : [de8b4e85de311] Daemon exited during startup: exit status 1


----------------------------------------------------------------------
FAIL: docker_api_swarm_test.go:496: DockerSwarmSuite.TestAPISwarmScaleNoRollingUpdate

[dc0589c3560c4] waiting for daemon to start
[dc0589c3560c4] exiting daemon
docker_api_swarm_test.go:497:
    d := s.AddDaemon(c, true, true)
c:/gopath/src/github.com/docker/docker/internal/test/daemon/daemon.go:202:
    t.Fatalf("failed to start daemon with arguments %v : %v", args, err)
... Error: failed to start daemon with arguments [--swarm-default-advertise-addr=lo] : [dc0589c3560c4] Daemon exited during startup: exit status 1


----------------------------------------------------------------------
FAIL: docker_api_swarm_service_test.go:398: DockerSwarmSuite.TestAPISwarmServiceConstraintLabel

[d92122476feb1] waiting for daemon to start
[d92122476feb1] exiting daemon
docker_api_swarm_service_test.go:402:
    daemons[i] = s.AddDaemon(c, true, i == 0)
c:/gopath/src/github.com/docker/docker/internal/test/daemon/daemon.go:202:
    t.Fatalf("failed to start daemon with arguments %v : %v", args, err)
... Error: failed to start daemon with arguments [--swarm-default-advertise-addr=lo] : [d92122476feb1] Daemon exited during startup: exit status 1


----------------------------------------------------------------------
FAIL: docker_api_swarm_service_test.go:346: DockerSwarmSuite.TestAPISwarmServiceConstraintRole

[d104bb62a72c5] waiting for daemon to start
[d104bb62a72c5] exiting daemon
docker_api_swarm_service_test.go:350:
    daemons[i] = s.AddDaemon(c, true, i == 0)
c:/gopath/src/github.com/docker/docker/internal/test/daemon/daemon.go:202:
    t.Fatalf("failed to start daemon with arguments %v : %v", args, err)
... Error: failed to start daemon with arguments [--swarm-default-advertise-addr=lo] : [d104bb62a72c5] Daemon exited during startup: exit status 1


----------------------------------------------------------------------
FAIL: docker_api_swarm_service_test.go:493: DockerSwarmSuite.TestAPISwarmServicePlacementPrefs

[de1b30fe9ed9b] waiting for daemon to start
[de1b30fe9ed9b] exiting daemon
docker_api_swarm_service_test.go:497:
    daemons[i] = s.AddDaemon(c, true, i == 0)
c:/gopath/src/github.com/docker/docker/internal/test/daemon/daemon.go:202:
    t.Fatalf("failed to start daemon with arguments %v : %v", args, err)
... Error: failed to start daemon with arguments [--swarm-default-advertise-addr=lo] : [de1b30fe9ed9b] Daemon exited during startup: exit status 1


----------------------------------------------------------------------
FAIL: docker_api_swarm_service_test.go:57: DockerSwarmSuite.TestAPISwarmServicesCreate

[d57b18e2a6721] waiting for daemon to start
[d57b18e2a6721] exiting daemon
docker_api_swarm_service_test.go:58:
    d := s.AddDaemon(c, true, true)
c:/gopath/src/github.com/docker/docker/internal/test/daemon/daemon.go:202:
    t.Fatalf("failed to start daemon with arguments %v : %v", args, err)
... Error: failed to start daemon with arguments [--swarm-default-advertise-addr=lo] : [d57b18e2a6721] Daemon exited during startup: exit status 1


----------------------------------------------------------------------
FAIL: docker_api_swarm_service_test.go:119: DockerSwarmSuite.TestAPISwarmServicesCreateGlobal

[dbc63ac5171e6] waiting for daemon to start
[dbc63ac5171e6] exiting daemon
docker_api_swarm_service_test.go:120:
    d1 := s.AddDaemon(c, true, true)
c:/gopath/src/github.com/docker/docker/internal/test/daemon/daemon.go:202:
    t.Fatalf("failed to start daemon with arguments %v : %v", args, err)
... Error: failed to start daemon with arguments [--swarm-default-advertise-addr=lo] : [dbc63ac5171e6] Daemon exited during startup: exit status 1


----------------------------------------------------------------------
FAIL: docker_api_swarm_service_test.go:49: DockerSwarmSuite.TestAPISwarmServicesEmptyList

[d59ea0350aa0c] waiting for daemon to start
[d59ea0350aa0c] exiting daemon
docker_api_swarm_service_test.go:50:
    d := s.AddDaemon(c, true, true)
c:/gopath/src/github.com/docker/docker/internal/test/daemon/daemon.go:202:
    t.Fatalf("failed to start daemon with arguments %v : %v", args, err)
... Error: failed to start daemon with arguments [--swarm-default-advertise-addr=lo] : [d59ea0350aa0c] Daemon exited during startup: exit status 1


----------------------------------------------------------------------
FAIL: docker_api_swarm_service_test.go:306: DockerSwarmSuite.TestAPISwarmServicesFailedUpdate

[d07549aa32b42] waiting for daemon to start
[d07549aa32b42] exiting daemon
docker_api_swarm_service_test.go:310:
    daemons[i] = s.AddDaemon(c, true, i == 0)
c:/gopath/src/github.com/docker/docker/internal/test/daemon/daemon.go:202:
    t.Fatalf("failed to start daemon with arguments %v : %v", args, err)
... Error: failed to start daemon with arguments [--swarm-default-advertise-addr=lo] : [d07549aa32b42] Daemon exited during startup: exit status 1


----------------------------------------------------------------------
FAIL: docker_api_swarm_service_test.go:91: DockerSwarmSuite.TestAPISwarmServicesMultipleAgents

[d4bd02fd9f5af] waiting for daemon to start
[d4bd02fd9f5af] exiting daemon
docker_api_swarm_service_test.go:92:
    d1 := s.AddDaemon(c, true, true)
c:/gopath/src/github.com/docker/docker/internal/test/daemon/daemon.go:202:
    t.Fatalf("failed to start daemon with arguments %v : %v", args, err)
... Error: failed to start daemon with arguments [--swarm-default-advertise-addr=lo] : [d4bd02fd9f5af] Daemon exited during startup: exit status 1


----------------------------------------------------------------------
FAIL: docker_api_swarm_service_test.go:137: DockerSwarmSuite.TestAPISwarmServicesUpdate

[d458c2cc70b13] waiting for daemon to start
[d458c2cc70b13] exiting daemon
docker_api_swarm_service_test.go:141:
    daemons[i] = s.AddDaemon(c, true, i == 0)
c:/gopath/src/github.com/docker/docker/internal/test/daemon/daemon.go:202:
    t.Fatalf("failed to start daemon with arguments %v : %v", args, err)
... Error: failed to start daemon with arguments [--swarm-default-advertise-addr=lo] : [d458c2cc70b13] Daemon exited during startup: exit status 1


----------------------------------------------------------------------
FAIL: docker_api_swarm_service_test.go:197: DockerSwarmSuite.TestAPISwarmServicesUpdateStartFirst

[d32340001e887] waiting for daemon to start
[d32340001e887] exiting daemon
docker_api_swarm_service_test.go:198:
    d := s.AddDaemon(c, true, true)
c:/gopath/src/github.com/docker/docker/internal/test/daemon/daemon.go:202:
    t.Fatalf("failed to start daemon with arguments %v : %v", args, err)
... Error: failed to start daemon with arguments [--swarm-default-advertise-addr=lo] : [d32340001e887] Daemon exited during startup: exit status 1


----------------------------------------------------------------------
FAIL: docker_api_swarm_test.go:839: DockerSwarmSuite.TestAPISwarmServicesUpdateWithName

[da0c83751959b] waiting for daemon to start
[da0c83751959b] exiting daemon
docker_api_swarm_test.go:840:
    d := s.AddDaemon(c, true, true)
c:/gopath/src/github.com/docker/docker/internal/test/daemon/daemon.go:202:
    t.Fatalf("failed to start daemon with arguments %v : %v", args, err)
... Error: failed to start daemon with arguments [--swarm-default-advertise-addr=lo] : [da0c83751959b] Daemon exited during startup: exit status 1


----------------------------------------------------------------------
FAIL: docker_api_swarm_test.go:859: DockerSwarmSuite.TestAPISwarmUnlockNotLocked

[d0756198d9ede] waiting for daemon to start
[d0756198d9ede] exiting daemon
docker_api_swarm_test.go:860:
    d := s.AddDaemon(c, true, true)
c:/gopath/src/github.com/docker/docker/internal/test/daemon/daemon.go:202:
    t.Fatalf("failed to start daemon with arguments %v : %v", args, err)
... Error: failed to start daemon with arguments [--swarm-default-advertise-addr=lo] : [d0756198d9ede] Daemon exited during startup: exit status 1


----------------------------------------------------------------------
FAIL: docker_cli_swarm_test.go:749: DockerSwarmSuite.TestDNSConfig

[d43ff35e37258] waiting for daemon to start
[d43ff35e37258] exiting daemon
docker_cli_swarm_test.go:750:
    d := s.AddDaemon(c, true, true)
c:/gopath/src/github.com/docker/docker/internal/test/daemon/daemon.go:202:
    t.Fatalf("failed to start daemon with arguments %v : %v", args, err)
... Error: failed to start daemon with arguments [--swarm-default-advertise-addr=lo] : [d43ff35e37258] Daemon exited during startup: exit status 1


----------------------------------------------------------------------
FAIL: docker_cli_swarm_test.go:776: DockerSwarmSuite.TestDNSConfigUpdate

[d1952069b0d56] waiting for daemon to start
[d1952069b0d56] exiting daemon
docker_cli_swarm_test.go:777:
    d := s.AddDaemon(c, true, true)
c:/gopath/src/github.com/docker/docker/internal/test/daemon/daemon.go:202:
    t.Fatalf("failed to start daemon with arguments %v : %v", args, err)
... Error: failed to start daemon with arguments [--swarm-default-advertise-addr=lo] : [d1952069b0d56] Daemon exited during startup: exit status 1


----------------------------------------------------------------------
FAIL: docker_cli_swarm_test.go:1216: DockerSwarmSuite.TestExtraHosts

[d2440103c27d0] waiting for daemon to start
[d2440103c27d0] exiting daemon
docker_cli_swarm_test.go:1217:
    d := s.AddDaemon(c, true, true)
c:/gopath/src/github.com/docker/docker/internal/test/daemon/daemon.go:202:
    t.Fatalf("failed to start daemon with arguments %v : %v", args, err)
... Error: failed to start daemon with arguments [--swarm-default-advertise-addr=lo] : [d2440103c27d0] Daemon exited during startup: exit status 1


----------------------------------------------------------------------
FAIL: docker_cli_swarm_test.go:1410: DockerSwarmSuite.TestNetworkInspectWithDuplicateNames

[d400fba0ed0e8] waiting for daemon to start
[d400fba0ed0e8] exiting daemon
docker_cli_swarm_test.go:1411:
    d := s.AddDaemon(c, true, true)
c:/gopath/src/github.com/docker/docker/internal/test/daemon/daemon.go:202:
    t.Fatalf("failed to start daemon with arguments %v : %v", args, err)
... Error: failed to start daemon with arguments [--swarm-default-advertise-addr=lo] : [d400fba0ed0e8] Daemon exited during startup: exit status 1


----------------------------------------------------------------------
FAIL: docker_cli_swarm_test.go:383: DockerSwarmSuite.TestOverlayAttachable

[d3d10b8e84f05] waiting for daemon to start
[d3d10b8e84f05] exiting daemon
docker_cli_swarm_test.go:384:
    d := s.AddDaemon(c, true, true)
c:/gopath/src/github.com/docker/docker/internal/test/daemon/daemon.go:202:
    t.Fatalf("failed to start daemon with arguments %v : %v", args, err)
... Error: failed to start daemon with arguments [--swarm-default-advertise-addr=lo] : [d3d10b8e84f05] Daemon exited during startup: exit status 1


----------------------------------------------------------------------
FAIL: docker_cli_swarm_test.go:405: DockerSwarmSuite.TestOverlayAttachableOnSwarmLeave

[d07292a5ec2cd] waiting for daemon to start
[d07292a5ec2cd] exiting daemon
docker_cli_swarm_test.go:406:
    d := s.AddDaemon(c, true, true)
c:/gopath/src/github.com/docker/docker/internal/test/daemon/daemon.go:202:
    t.Fatalf("failed to start daemon with arguments %v : %v", args, err)
... Error: failed to start daemon with arguments [--swarm-default-advertise-addr=lo] : [d07292a5ec2cd] Daemon exited during startup: exit status 1


----------------------------------------------------------------------
FAIL: docker_cli_swarm_test.go:432: DockerSwarmSuite.TestOverlayAttachableReleaseResourcesOnFailure

[d55074934291a] waiting for daemon to start
[d55074934291a] exiting daemon
docker_cli_swarm_test.go:433:
    d := s.AddDaemon(c, true, true)
c:/gopath/src/github.com/docker/docker/internal/test/daemon/daemon.go:202:
    t.Fatalf("failed to start daemon with arguments %v : %v", args, err)
... Error: failed to start daemon with arguments [--swarm-default-advertise-addr=lo] : [d55074934291a] Daemon exited during startup: exit status 1


----------------------------------------------------------------------
FAIL: docker_cli_swarm_test.go:587: DockerSwarmSuite.TestPsListContainersFilterIsTask

[d73c44cd9e41b] waiting for daemon to start
[d73c44cd9e41b] exiting daemon
docker_cli_swarm_test.go:588:
    d := s.AddDaemon(c, true, true)
c:/gopath/src/github.com/docker/docker/internal/test/daemon/daemon.go:202:
    t.Fatalf("failed to start daemon with arguments %v : %v", args, err)
... Error: failed to start daemon with arguments [--swarm-default-advertise-addr=lo] : [d73c44cd9e41b] Daemon exited during startup: exit status 1


----------------------------------------------------------------------
FAIL: docker_cli_swarm_test.go:1191: DockerSwarmSuite.TestSwarmAlternateLockUnlock

[da8b3adece05d] waiting for daemon to start
[da8b3adece05d] exiting daemon
docker_cli_swarm_test.go:1192:
    d := s.AddDaemon(c, true, true)
c:/gopath/src/github.com/docker/docker/internal/test/daemon/daemon.go:202:
    t.Fatalf("failed to start daemon with arguments %v : %v", args, err)
... Error: failed to start daemon with arguments [--swarm-default-advertise-addr=lo] : [da8b3adece05d] Daemon exited during startup: exit status 1


----------------------------------------------------------------------
FAIL: docker_cli_swarm_test.go:1770: DockerSwarmSuite.TestSwarmClusterEventsConfig

[dfa8b926c0f7a] waiting for daemon to start
[dfa8b926c0f7a] exiting daemon
docker_cli_swarm_test.go:1771:
    d := s.AddDaemon(c, true, true)
c:/gopath/src/github.com/docker/docker/internal/test/daemon/daemon.go:202:
    t.Fatalf("failed to start daemon with arguments %v : %v", args, err)
... Error: failed to start daemon with arguments [--swarm-default-advertise-addr=lo] : [dfa8b926c0f7a] Daemon exited during startup: exit status 1


----------------------------------------------------------------------
FAIL: docker_cli_swarm_test.go:1731: DockerSwarmSuite.TestSwarmClusterEventsNetwork

[de6e4dd15dcca] waiting for daemon to start
[de6e4dd15dcca] exiting daemon
docker_cli_swarm_test.go:1732:
    d := s.AddDaemon(c, true, true)
c:/gopath/src/github.com/docker/docker/internal/test/daemon/daemon.go:202:
    t.Fatalf("failed to start daemon with arguments %v : %v", args, err)
... Error: failed to start daemon with arguments [--swarm-default-advertise-addr=lo] : [de6e4dd15dcca] Daemon exited during startup: exit status 1


----------------------------------------------------------------------
FAIL: docker_cli_swarm_test.go:1701: DockerSwarmSuite.TestSwarmClusterEventsNode

[d27b22c0515dd] waiting for daemon to start
[d27b22c0515dd] exiting daemon
docker_cli_swarm_test.go:1702:
    d1 := s.AddDaemon(c, true, true)
c:/gopath/src/github.com/docker/docker/internal/test/daemon/daemon.go:202:
    t.Fatalf("failed to start daemon with arguments %v : %v", args, err)
... Error: failed to start daemon with arguments [--swarm-default-advertise-addr=lo] : [d27b22c0515dd] Daemon exited during startup: exit status 1


----------------------------------------------------------------------
FAIL: docker_cli_swarm_test.go:1617: DockerSwarmSuite.TestSwarmClusterEventsScope

[df1242df5c9ec] waiting for daemon to start
[df1242df5c9ec] exiting daemon
docker_cli_swarm_test.go:1618:
    d := s.AddDaemon(c, true, true)
c:/gopath/src/github.com/docker/docker/internal/test/daemon/daemon.go:202:
    t.Fatalf("failed to start daemon with arguments %v : %v", args, err)
... Error: failed to start daemon with arguments [--swarm-default-advertise-addr=lo] : [df1242df5c9ec] Daemon exited during startup: exit status 1


----------------------------------------------------------------------
FAIL: docker_cli_swarm_test.go:1750: DockerSwarmSuite.TestSwarmClusterEventsSecret

[d15f58b21cf1b] waiting for daemon to start
[d15f58b21cf1b] exiting daemon
docker_cli_swarm_test.go:1751:
    d := s.AddDaemon(c, true, true)
c:/gopath/src/github.com/docker/docker/internal/test/daemon/daemon.go:202:
    t.Fatalf("failed to start daemon with arguments %v : %v", args, err)
... Error: failed to start daemon with arguments [--swarm-default-advertise-addr=lo] : [d15f58b21cf1b] Daemon exited during startup: exit status 1


----------------------------------------------------------------------
FAIL: docker_cli_swarm_test.go:1661: DockerSwarmSuite.TestSwarmClusterEventsService

[df7bc2ffcffb9] waiting for daemon to start
[df7bc2ffcffb9] exiting daemon
docker_cli_swarm_test.go:1662:
    d := s.AddDaemon(c, true, true)
c:/gopath/src/github.com/docker/docker/internal/test/daemon/daemon.go:202:
    t.Fatalf("failed to start daemon with arguments %v : %v", args, err)
... Error: failed to start daemon with arguments [--swarm-default-advertise-addr=lo] : [df7bc2ffcffb9] Daemon exited during startup: exit status 1


----------------------------------------------------------------------
FAIL: docker_cli_swarm_test.go:1597: DockerSwarmSuite.TestSwarmClusterEventsSource

[d8ec5fad1f1c2] waiting for daemon to start
[d8ec5fad1f1c2] exiting daemon
docker_cli_swarm_test.go:1598:
    d1 := s.AddDaemon(c, true, true)
c:/gopath/src/github.com/docker/docker/internal/test/daemon/daemon.go:202:
    t.Fatalf("failed to start daemon with arguments %v : %v", args, err)
... Error: failed to start daemon with arguments [--swarm-default-advertise-addr=lo] : [d8ec5fad1f1c2] Daemon exited during startup: exit status 1


----------------------------------------------------------------------
FAIL: docker_cli_swarm_test.go:1638: DockerSwarmSuite.TestSwarmClusterEventsType

[d1df0b70f940b] waiting for daemon to start
[d1df0b70f940b] exiting daemon
docker_cli_swarm_test.go:1639:
    d := s.AddDaemon(c, true, true)
c:/gopath/src/github.com/docker/docker/internal/test/daemon/daemon.go:202:
    t.Fatalf("failed to start daemon with arguments %v : %v", args, err)
... Error: failed to start daemon with arguments [--swarm-default-advertise-addr=lo] : [d1df0b70f940b] Daemon exited during startup: exit status 1


----------------------------------------------------------------------
FAIL: docker_cli_swarm_test.go:1120: DockerSwarmSuite.TestSwarmClusterRotateUnlockKey

[d73d4fc799fb9] waiting for daemon to start
[d73d4fc799fb9] exiting daemon
docker_cli_swarm_test.go:1121:
    d1 := s.AddDaemon(c, true, true) // leader - don't restart this one, we don't want leader election delays
c:/gopath/src/github.com/docker/docker/internal/test/daemon/daemon.go:202:
    t.Fatalf("failed to start daemon with arguments %v : %v", args, err)
... Error: failed to start daemon with arguments [--swarm-default-advertise-addr=lo] : [d73d4fc799fb9] Daemon exited during startup: exit status 1


----------------------------------------------------------------------
FAIL: docker_cli_swarm_test.go:355: DockerSwarmSuite.TestSwarmContainerAttachByNetworkId

[dc3554d2a5b6b] waiting for daemon to start
[dc3554d2a5b6b] exiting daemon
docker_cli_swarm_test.go:356:
    d := s.AddDaemon(c, true, true)
c:/gopath/src/github.com/docker/docker/internal/test/daemon/daemon.go:202:
    t.Fatalf("failed to start daemon with arguments %v : %v", args, err)
... Error: failed to start daemon with arguments [--swarm-default-advertise-addr=lo] : [dc3554d2a5b6b] Daemon exited during startup: exit status 1


----------------------------------------------------------------------
FAIL: docker_cli_swarm_test.go:308: DockerSwarmSuite.TestSwarmContainerAutoStart

[d04d5c5d1530a] waiting for daemon to start
[d04d5c5d1530a] exiting daemon
docker_cli_swarm_test.go:309:
    d := s.AddDaemon(c, true, true)
c:/gopath/src/github.com/docker/docker/internal/test/daemon/daemon.go:202:
    t.Fatalf("failed to start daemon with arguments %v : %v", args, err)
... Error: failed to start daemon with arguments [--swarm-default-advertise-addr=lo] : [d04d5c5d1530a] Daemon exited during startup: exit status 1


----------------------------------------------------------------------
FAIL: docker_cli_swarm_test.go:330: DockerSwarmSuite.TestSwarmContainerEndpointOptions

[dccd0ad58f889] waiting for daemon to start
[dccd0ad58f889] exiting daemon
docker_cli_swarm_test.go:331:
    d := s.AddDaemon(c, true, true)
c:/gopath/src/github.com/docker/docker/internal/test/daemon/daemon.go:202:
    t.Fatalf("failed to start daemon with arguments %v : %v", args, err)
... Error: failed to start daemon with arguments [--swarm-default-advertise-addr=lo] : [dccd0ad58f889] Daemon exited during startup: exit status 1


----------------------------------------------------------------------
FAIL: docker_cli_swarm_test.go:510: DockerSwarmSuite.TestSwarmCreateServiceWithNoIngressNetwork

[d13272769cb56] waiting for daemon to start
[d13272769cb56] exiting daemon
docker_cli_swarm_test.go:511:
    d := s.AddDaemon(c, true, true)
c:/gopath/src/github.com/docker/docker/internal/test/daemon/daemon.go:202:
    t.Fatalf("failed to start daemon with arguments %v : %v", args, err)
... Error: failed to start daemon with arguments [--swarm-default-advertise-addr=lo] : [d13272769cb56] Daemon exited during startup: exit status 1


----------------------------------------------------------------------
FAIL: docker_cli_swarm_test.go:135: DockerSwarmSuite.TestSwarmIncompatibleDaemon

[d15434c3e3c3c] waiting for daemon to start
[d15434c3e3c3c] exiting daemon
docker_cli_swarm_test.go:137:
    // init swarm mode and stop a daemon
    d := s.AddDaemon(c, true, true)
c:/gopath/src/github.com/docker/docker/internal/test/daemon/daemon.go:202:
    t.Fatalf("failed to start daemon with arguments %v : %v", args, err)
... Error: failed to start daemon with arguments [--swarm-default-advertise-addr=lo] : [d15434c3e3c3c] Daemon exited during startup: exit status 1


----------------------------------------------------------------------
FAIL: docker_cli_swarm_test.go:456: DockerSwarmSuite.TestSwarmIngressNetwork

[d6a09cc4bd2da] waiting for daemon to start
[d6a09cc4bd2da] exiting daemon
docker_cli_swarm_test.go:457:
    d := s.AddDaemon(c, true, true)
c:/gopath/src/github.com/docker/docker/internal/test/daemon/daemon.go:202:
    t.Fatalf("failed to start daemon with arguments %v : %v", args, err)
... Error: failed to start daemon with arguments [--swarm-default-advertise-addr=lo] : [d6a09cc4bd2da] Daemon exited during startup: exit status 1


----------------------------------------------------------------------
FAIL: docker_cli_swarm_test.go:73: DockerSwarmSuite.TestSwarmInit

[df8d4a8e0df3f] waiting for daemon to start
[df8d4a8e0df3f] exiting daemon
docker_cli_swarm_test.go:74:
    d := s.AddDaemon(c, false, false)
c:/gopath/src/github.com/docker/docker/internal/test/daemon/daemon.go:202:
    t.Fatalf("failed to start daemon with arguments %v : %v", args, err)
... Error: failed to start daemon with arguments [--swarm-default-advertise-addr=lo] : [df8d4a8e0df3f] Daemon exited during startup: exit status 1


----------------------------------------------------------------------
SKIP: docker_cli_swarm_test.go:116: DockerSwarmSuite.TestSwarmInitIPv6 (unmatched requirement IPv6)

----------------------------------------------------------------------
FAIL: docker_cli_swarm_test.go:857: DockerSwarmSuite.TestSwarmInitLocked

[dbd40cbc61e19] waiting for daemon to start
[dbd40cbc61e19] exiting daemon
docker_cli_swarm_test.go:858:
    d := s.AddDaemon(c, false, false)
c:/gopath/src/github.com/docker/docker/internal/test/daemon/daemon.go:202:
    t.Fatalf("failed to start daemon with arguments %v : %v", args, err)
... Error: failed to start daemon with arguments [--swarm-default-advertise-addr=lo] : [dbd40cbc61e19] Daemon exited during startup: exit status 1


----------------------------------------------------------------------
FAIL: docker_cli_swarm_test.go:128: DockerSwarmSuite.TestSwarmInitUnspecifiedAdvertiseAddr

[d7e6b39e34e72] waiting for daemon to start
[d7e6b39e34e72] exiting daemon
docker_cli_swarm_test.go:129:
    d := s.AddDaemon(c, false, false)
c:/gopath/src/github.com/docker/docker/internal/test/daemon/daemon.go:202:
    t.Fatalf("failed to start daemon with arguments %v : %v", args, err)
... Error: failed to start daemon with arguments [--swarm-default-advertise-addr=lo] : [d7e6b39e34e72] Daemon exited during startup: exit status 1


----------------------------------------------------------------------
FAIL: docker_cli_swarm_test.go:1535: DockerSwarmSuite.TestSwarmInitUnspecifiedDataPathAddr

[d3dad2f56d0fc] waiting for daemon to start
[d3dad2f56d0fc] exiting daemon
docker_cli_swarm_test.go:1536:
    d := s.AddDaemon(c, false, false)
c:/gopath/src/github.com/docker/docker/internal/test/daemon/daemon.go:202:
    t.Fatalf("failed to start daemon with arguments %v : %v", args, err)
... Error: failed to start daemon with arguments [--swarm-default-advertise-addr=lo] : [d3dad2f56d0fc] Daemon exited during startup: exit status 1


----------------------------------------------------------------------
FAIL: docker_cli_swarm_test.go:1378: DockerSwarmSuite.TestSwarmInitWithDrain

[d3ecef727b8c2] waiting for daemon to start
[d3ecef727b8c2] exiting daemon
docker_cli_swarm_test.go:1379:
    d := s.AddDaemon(c, false, false)
c:/gopath/src/github.com/docker/docker/internal/test/daemon/daemon.go:202:
    t.Fatalf("failed to start daemon with arguments %v : %v", args, err)
... Error: failed to start daemon with arguments [--swarm-default-advertise-addr=lo] : [d3ecef727b8c2] Daemon exited during startup: exit status 1


----------------------------------------------------------------------
FAIL: docker_cli_swarm_test.go:1547: DockerSwarmSuite.TestSwarmJoinLeave

[d3b3e0b9e8a07] waiting for daemon to start
[d3b3e0b9e8a07] exiting daemon
docker_cli_swarm_test.go:1548:
    d := s.AddDaemon(c, true, true)
c:/gopath/src/github.com/docker/docker/internal/test/daemon/daemon.go:202:
    t.Fatalf("failed to start daemon with arguments %v : %v", args, err)
... Error: failed to start daemon with arguments [--swarm-default-advertise-addr=lo] : [d3b3e0b9e8a07] Daemon exited during startup: exit status 1


----------------------------------------------------------------------
FAIL: docker_cli_swarm_test.go:993: DockerSwarmSuite.TestSwarmJoinPromoteLocked

[d1c7a3fd32f5d] waiting for daemon to start
[d1c7a3fd32f5d] exiting daemon
docker_cli_swarm_test.go:994:
    d1 := s.AddDaemon(c, true, true)
c:/gopath/src/github.com/docker/docker/internal/test/daemon/daemon.go:202:
    t.Fatalf("failed to start daemon with arguments %v : %v", args, err)
... Error: failed to start daemon with arguments [--swarm-default-advertise-addr=lo] : [d1c7a3fd32f5d] Daemon exited during startup: exit status 1


----------------------------------------------------------------------
FAIL: docker_cli_swarm_test.go:1350: DockerSwarmSuite.TestSwarmJoinWithDrain

[dd31a3264c4e4] waiting for daemon to start
[dd31a3264c4e4] exiting daemon
docker_cli_swarm_test.go:1351:
    d := s.AddDaemon(c, true, true)
c:/gopath/src/github.com/docker/docker/internal/test/daemon/daemon.go:202:
    t.Fatalf("failed to start daemon with arguments %v : %v", args, err)
... Error: failed to start daemon with arguments [--swarm-default-advertise-addr=lo] : [dd31a3264c4e4] Daemon exited during startup: exit status 1


----------------------------------------------------------------------
FAIL: docker_cli_swarm_test.go:899: DockerSwarmSuite.TestSwarmLeaveLocked

[dfcaf53729490] waiting for daemon to start
[dfcaf53729490] exiting daemon
docker_cli_swarm_test.go:900:
    d := s.AddDaemon(c, false, false)
c:/gopath/src/github.com/docker/docker/internal/test/daemon/daemon.go:202:
    t.Fatalf("failed to start daemon with arguments %v : %v", args, err)
... Error: failed to start daemon with arguments [--swarm-default-advertise-addr=lo] : [dfcaf53729490] Daemon exited during startup: exit status 1


----------------------------------------------------------------------
FAIL: docker_cli_swarm_test.go:932: DockerSwarmSuite.TestSwarmLockUnlockCluster

[d9e2d44477eb6] waiting for daemon to start
[d9e2d44477eb6] exiting daemon
docker_cli_swarm_test.go:933:
    d1 := s.AddDaemon(c, true, true)
c:/gopath/src/github.com/docker/docker/internal/test/daemon/daemon.go:202:
    t.Fatalf("failed to start daemon with arguments %v : %v", args, err)
... Error: failed to start daemon with arguments [--swarm-default-advertise-addr=lo] : [d9e2d44477eb6] Daemon exited during startup: exit status 1


----------------------------------------------------------------------
FAIL: docker_cli_swarm_test.go:1239: DockerSwarmSuite.TestSwarmManagerAddress

[d769b4142e91e] waiting for daemon to start
[d769b4142e91e] exiting daemon
docker_cli_swarm_test.go:1240:
    d1 := s.AddDaemon(c, true, true)
c:/gopath/src/github.com/docker/docker/internal/test/daemon/daemon.go:202:
    t.Fatalf("failed to start daemon with arguments %v : %v", args, err)
... Error: failed to start daemon with arguments [--swarm-default-advertise-addr=lo] : [d769b4142e91e] Daemon exited during startup: exit status 1


----------------------------------------------------------------------
FAIL: docker_cli_swarm_test.go:1309: DockerSwarmSuite.TestSwarmNetworkCreateDup

[da31b26c5f0b9] waiting for daemon to start
[da31b26c5f0b9] exiting daemon
docker_cli_swarm_test.go:1310:
    d := s.AddDaemon(c, true, true)
c:/gopath/src/github.com/docker/docker/internal/test/daemon/daemon.go:202:
    t.Fatalf("failed to start daemon with arguments %v : %v", args, err)
... Error: failed to start daemon with arguments [--swarm-default-advertise-addr=lo] : [da31b26c5f0b9] Daemon exited during startup: exit status 1


----------------------------------------------------------------------
FAIL: docker_cli_swarm_test.go:1286: DockerSwarmSuite.TestSwarmNetworkCreateIssue27866

[d7153da5fb6ff] waiting for daemon to start
[d7153da5fb6ff] exiting daemon
docker_cli_swarm_test.go:1287:
    d := s.AddDaemon(c, true, true)
c:/gopath/src/github.com/docker/docker/internal/test/daemon/daemon.go:202:
    t.Fatalf("failed to start daemon with arguments %v : %v", args, err)
... Error: failed to start daemon with arguments [--swarm-default-advertise-addr=lo] : [d7153da5fb6ff] Daemon exited during startup: exit status 1


----------------------------------------------------------------------
FAIL: docker_cli_swarm_test.go:1260: DockerSwarmSuite.TestSwarmNetworkIPAMOptions

[d89ed73d64ccf] waiting for daemon to start
[d89ed73d64ccf] exiting daemon
docker_cli_swarm_test.go:1261:
    d := s.AddDaemon(c, true, true)
c:/gopath/src/github.com/docker/docker/internal/test/daemon/daemon.go:202:
    t.Fatalf("failed to start daemon with arguments %v : %v", args, err)
... Error: failed to start daemon with arguments [--swarm-default-advertise-addr=lo] : [d89ed73d64ccf] Daemon exited during startup: exit status 1


----------------------------------------------------------------------
FAIL: docker_cli_swarm_test.go:218: DockerSwarmSuite.TestSwarmNodeListFilter

[d056e0c5b2643] waiting for daemon to start
[d056e0c5b2643] exiting daemon
docker_cli_swarm_test.go:219:
    d := s.AddDaemon(c, true, true)
c:/gopath/src/github.com/docker/docker/internal/test/daemon/daemon.go:202:
    t.Fatalf("failed to start daemon with arguments %v : %v", args, err)
... Error: failed to start daemon with arguments [--swarm-default-advertise-addr=lo] : [d056e0c5b2643] Daemon exited during startup: exit status 1


----------------------------------------------------------------------
FAIL: docker_cli_swarm_test.go:237: DockerSwarmSuite.TestSwarmNodeTaskListFilter

[d14b78f6bfdf4] waiting for daemon to start
[d14b78f6bfdf4] exiting daemon
docker_cli_swarm_test.go:238:
    d := s.AddDaemon(c, true, true)
c:/gopath/src/github.com/docker/docker/internal/test/daemon/daemon.go:202:
    t.Fatalf("failed to start daemon with arguments %v : %v", args, err)
... Error: failed to start daemon with arguments [--swarm-default-advertise-addr=lo] : [d14b78f6bfdf4] Daemon exited during startup: exit status 1


----------------------------------------------------------------------
FAIL: docker_cli_swarm_test.go:264: DockerSwarmSuite.TestSwarmPublishAdd

[d8896f6764f68] waiting for daemon to start
[d8896f6764f68] exiting daemon
docker_cli_swarm_test.go:265:
    d := s.AddDaemon(c, true, true)
c:/gopath/src/github.com/docker/docker/internal/test/daemon/daemon.go:202:
    t.Fatalf("failed to start daemon with arguments %v : %v", args, err)
... Error: failed to start daemon with arguments [--swarm-default-advertise-addr=lo] : [d8896f6764f68] Daemon exited during startup: exit status 1


----------------------------------------------------------------------
FAIL: docker_cli_swarm_test.go:1331: DockerSwarmSuite.TestSwarmPublishDuplicatePorts

[d65ffdb68e7bc] waiting for daemon to start
[d65ffdb68e7bc] exiting daemon
docker_cli_swarm_test.go:1332:
    d := s.AddDaemon(c, true, true)
c:/gopath/src/github.com/docker/docker/internal/test/daemon/daemon.go:202:
    t.Fatalf("failed to start daemon with arguments %v : %v", args, err)
... Error: failed to start daemon with arguments [--swarm-default-advertise-addr=lo] : [d65ffdb68e7bc] Daemon exited during startup: exit status 1


----------------------------------------------------------------------
SKIP: docker_cli_swarm_test.go:1389: DockerSwarmSuite.TestSwarmReadonlyRootfs (unmatched requirement DaemonIsLinux)

----------------------------------------------------------------------
FAIL: docker_api_swarm_test.go:941: DockerSwarmSuite.TestSwarmRepeatedRootRotation

[dff986fdc4697] waiting for daemon to start
[dff986fdc4697] exiting daemon
docker_api_swarm_test.go:942:
    m := s.AddDaemon(c, true, true)
c:/gopath/src/github.com/docker/docker/internal/test/daemon/daemon.go:202:
    t.Fatalf("failed to start daemon with arguments %v : %v", args, err)
... Error: failed to start daemon with arguments [--swarm-default-advertise-addr=lo] : [dff986fdc4697] Daemon exited during startup: exit status 1


----------------------------------------------------------------------
FAIL: docker_cli_swarm_test.go:1052: DockerSwarmSuite.TestSwarmRotateUnlockKey

[da82de4760224] waiting for daemon to start
[da82de4760224] exiting daemon
docker_cli_swarm_test.go:1053:
    d := s.AddDaemon(c, true, true)
c:/gopath/src/github.com/docker/docker/internal/test/daemon/daemon.go:202:
    t.Fatalf("failed to start daemon with arguments %v : %v", args, err)
... Error: failed to start daemon with arguments [--swarm-default-advertise-addr=lo] : [da82de4760224] Daemon exited during startup: exit status 1


----------------------------------------------------------------------
FAIL: docker_cli_swarm_test.go:621: DockerSwarmSuite.TestSwarmServiceEnvFile

[d54589aeccef4] waiting for daemon to start
[d54589aeccef4] exiting daemon
docker_cli_swarm_test.go:622:
    d := s.AddDaemon(c, true, true)
c:/gopath/src/github.com/docker/docker/internal/test/daemon/daemon.go:202:
    t.Fatalf("failed to start daemon with arguments %v : %v", args, err)
... Error: failed to start daemon with arguments [--swarm-default-advertise-addr=lo] : [d54589aeccef4] Daemon exited during startup: exit status 1


----------------------------------------------------------------------
FAIL: docker_cli_swarm_test.go:177: DockerSwarmSuite.TestSwarmServiceListFilter

[d02744cfdc970] waiting for daemon to start
[d02744cfdc970] exiting daemon
docker_cli_swarm_test.go:178:
    d := s.AddDaemon(c, true, true)
c:/gopath/src/github.com/docker/docker/internal/test/daemon/daemon.go:202:
    t.Fatalf("failed to start daemon with arguments %v : %v", args, err)
... Error: failed to start daemon with arguments [--swarm-default-advertise-addr=lo] : [d02744cfdc970] Daemon exited during startup: exit status 1


----------------------------------------------------------------------
FAIL: docker_cli_swarm_test.go:1504: DockerSwarmSuite.TestSwarmServiceLsFilterMode

[d699d835dce20] waiting for daemon to start
[d699d835dce20] exiting daemon
docker_cli_swarm_test.go:1505:
    d := s.AddDaemon(c, true, true)
c:/gopath/src/github.com/docker/docker/internal/test/daemon/daemon.go:202:
    t.Fatalf("failed to start daemon with arguments %v : %v", args, err)
... Error: failed to start daemon with arguments [--swarm-default-advertise-addr=lo] : [d699d835dce20] Daemon exited during startup: exit status 1


----------------------------------------------------------------------
FAIL: docker_cli_swarm_test.go:710: DockerSwarmSuite.TestSwarmServiceNetworkUpdate

[dfc50852f1637] waiting for daemon to start
[dfc50852f1637] exiting daemon
docker_cli_swarm_test.go:711:
    d := s.AddDaemon(c, true, true)
c:/gopath/src/github.com/docker/docker/internal/test/daemon/daemon.go:202:
    t.Fatalf("failed to start daemon with arguments %v : %v", args, err)
... Error: failed to start daemon with arguments [--swarm-default-advertise-addr=lo] : [dfc50852f1637] Daemon exited during startup: exit status 1


----------------------------------------------------------------------
FAIL: docker_cli_swarm_test.go:639: DockerSwarmSuite.TestSwarmServiceTTY

[d13d05ef83572] waiting for daemon to start
[d13d05ef83572] exiting daemon
docker_cli_swarm_test.go:640:
    d := s.AddDaemon(c, true, true)
c:/gopath/src/github.com/docker/docker/internal/test/daemon/daemon.go:202:
    t.Fatalf("failed to start daemon with arguments %v : %v", args, err)
... Error: failed to start daemon with arguments [--swarm-default-advertise-addr=lo] : [d13d05ef83572] Daemon exited during startup: exit status 1


----------------------------------------------------------------------
FAIL: docker_cli_swarm_test.go:687: DockerSwarmSuite.TestSwarmServiceTTYUpdate

[dcef057b84c29] waiting for daemon to start
[dcef057b84c29] exiting daemon
docker_cli_swarm_test.go:688:
    d := s.AddDaemon(c, true, true)
c:/gopath/src/github.com/docker/docker/internal/test/daemon/daemon.go:202:
    t.Fatalf("failed to start daemon with arguments %v : %v", args, err)
... Error: failed to start daemon with arguments [--swarm-default-advertise-addr=lo] : [dcef057b84c29] Daemon exited during startup: exit status 1


----------------------------------------------------------------------
FAIL: docker_cli_swarm_test.go:159: DockerSwarmSuite.TestSwarmServiceTemplatingHostname

[d8f17f3b7f3af] waiting for daemon to start
[d8f17f3b7f3af] exiting daemon
docker_cli_swarm_test.go:160:
    d := s.AddDaemon(c, true, true)
c:/gopath/src/github.com/docker/docker/internal/test/daemon/daemon.go:202:
    t.Fatalf("failed to start daemon with arguments %v : %v", args, err)
... Error: failed to start daemon with arguments [--swarm-default-advertise-addr=lo] : [d8f17f3b7f3af] Daemon exited during startup: exit status 1


----------------------------------------------------------------------
FAIL: docker_cli_swarm_test.go:286: DockerSwarmSuite.TestSwarmServiceWithGroup

[d885a65dda69c] waiting for daemon to start
[d885a65dda69c] exiting daemon
docker_cli_swarm_test.go:287:
    d := s.AddDaemon(c, true, true)
c:/gopath/src/github.com/docker/docker/internal/test/daemon/daemon.go:202:
    t.Fatalf("failed to start daemon with arguments %v : %v", args, err)
... Error: failed to start daemon with arguments [--swarm-default-advertise-addr=lo] : [d885a65dda69c] Daemon exited during startup: exit status 1


----------------------------------------------------------------------
SKIP: docker_cli_swarm_test.go:1476: DockerSwarmSuite.TestSwarmStopSignal (unmatched requirement DaemonIsLinux)

----------------------------------------------------------------------
FAIL: docker_cli_swarm_test.go:529: DockerSwarmSuite.TestSwarmTaskListFilter

[d94b1cf030be8] waiting for daemon to start
[d94b1cf030be8] exiting daemon
docker_cli_swarm_test.go:530:
    d := s.AddDaemon(c, true, true)
c:/gopath/src/github.com/docker/docker/internal/test/daemon/daemon.go:202:
    t.Fatalf("failed to start daemon with arguments %v : %v", args, err)
... Error: failed to start daemon with arguments [--swarm-default-advertise-addr=lo] : [d94b1cf030be8] Daemon exited during startup: exit status 1


----------------------------------------------------------------------
FAIL: docker_cli_swarm_test.go:25: DockerSwarmSuite.TestSwarmUpdate

[dd35e61a1ae90] waiting for daemon to start
[dd35e61a1ae90] exiting daemon
docker_cli_swarm_test.go:26:
    d := s.AddDaemon(c, true, true)
c:/gopath/src/github.com/docker/docker/internal/test/daemon/daemon.go:202:
    t.Fatalf("failed to start daemon with arguments %v : %v", args, err)
... Error: failed to start daemon with arguments [--swarm-default-advertise-addr=lo] : [dd35e61a1ae90] Daemon exited during startup: exit status 1


----------------------------------------------------------------------
FAIL: docker_cli_swarm_test.go:832: DockerSwarmSuite.TestUnlockEngineAndUnlockedSwarm

[d4198b75891df] waiting for daemon to start
[d4198b75891df] exiting daemon
docker_cli_swarm_test.go:833:
    d := s.AddDaemon(c, false, false)
c:/gopath/src/github.com/docker/docker/internal/test/daemon/daemon.go:202:
    t.Fatalf("failed to start daemon with arguments %v : %v", args, err)
... Error: failed to start daemon with arguments [--swarm-default-advertise-addr=lo] : [d4198b75891df] Daemon exited during startup: exit status 1


----------------------------------------------------------------------
FAIL: docker_api_swarm_test.go:161: DockerSwarmSuite.TestUpdateSwarmAddExternalCA

[db9a4721d1c8f] waiting for daemon to start
[db9a4721d1c8f] exiting daemon
docker_api_swarm_test.go:162:
    d1 := s.AddDaemon(c, false, false)
c:/gopath/src/github.com/docker/docker/internal/test/daemon/daemon.go:202:
    t.Fatalf("failed to start daemon with arguments %v : %v", args, err)
... Error: failed to start daemon with arguments [--swarm-default-advertise-addr=lo] : [db9a4721d1c8f] Daemon exited during startup: exit status 1

OOPS: 0 passed, 4 skipped, 91 FAILED
--- FAIL: Test (12.82s)
FAIL
exit status 1
FAIL	github.com/docker/docker/integration-cli	12.952s


ERROR: Failed 'ERROR: Integration tests failed at 12/31/2018 14:46:16. Duration:00:00:21.1581040' at 12/31/2018 14:46:16
At C:\gopath\src\github.com\docker\docker\hack\ci\windows.ps1:851 char:17
+ ...             Throw "ERROR: Integration tests failed at $(Get-Date). Du ...
+                 ~~~~~~~~~~~~~~~~~~~~~~~~~~~~~~~~~~~~~~~~~~~~~~~~~~~~~~~~~



INFO: Tidying up at end of run
INFO: Saving daemon under test log (d:\CI\CI-aed75b5e00\dut.err) to d:\temp\CIDUT.log
INFO: Nuke-Everything...
INFO: Container count on control daemon to delete is 1
d025133fb675
INFO: Non-base image count on control daemon to delete is 1
Deleted: sha256:8f1479a37c25e68f980403642e110ff6415454969db078fae2d71a610d8d60e5
Deleted: sha256:ee284527a2c6997875c37b988034fcc4c98348acaad2e4c3ff40ab87bd8d348e
INFO: Killing daemon with PID 5680
INFO: Tidying pidfile d:\CI\CI-aed75b5e00\docker.pid
INFO: Stopping possible daemon pid 5680
ERROR: The process "5680" not found.
INFO: Nuking d:\CI
INFO: Zapped successfully

INFO: executeCI.ps1 exiting at Mon Dec 31 14:46:44 CUT 2018. Duration 00:07:19.4996095

Build step 'Windows PowerShell' marked build as failure
Set build name.
New build name is '#38432'
[PostBuildScript] - Executing post build scripts.
Notifying endpoint with url 'https://leeroy.dockerproject.org/notification/jenkins'
Finished: FAILURE
