Started by user Gordon
Notifying endpoint with url 'https://leeroy.dockerproject.org/notification/jenkins'
[EnvInject] - Loading node environment variables.
Building remotely on ppc64le-ubuntu-33 (linux ppc64le-ubuntu-1604 ppc64le) in workspace /home/docker/workspace/Docker-PRs-powerpc
Running Prebuild steps
[Docker-PRs-powerpc] $ /bin/sh -xe /tmp/jenkins6448557917430916506.sh
+ id -u
+ id -g
+ sudo chown -R 1001:1001 /home/docker/workspace/Docker-PRs-powerpc/bundles
Success build forhudson.tasks.Shell@606cc55d
No credentials specified
Wiping out workspace first.
Cloning the remote Git repository
Cloning repository https://github.com/moby/moby.git
 > git init /home/docker/workspace/Docker-PRs-powerpc # timeout=10
Fetching upstream changes from https://github.com/moby/moby.git
 > git --version # timeout=10
 > git fetch --tags --progress https://github.com/moby/moby.git +refs/heads/*:refs/remotes/origin/*
 > git config remote.origin.url https://github.com/moby/moby.git # timeout=10
 > git config --add remote.origin.fetch +refs/heads/*:refs/remotes/origin/* # timeout=10
 > git config remote.origin.url https://github.com/moby/moby.git # timeout=10
Fetching upstream changes from https://github.com/moby/moby.git
 > git fetch --tags --progress https://github.com/moby/moby.git +refs/heads/*:refs/remotes/origin/*
 > git rev-parse origin/master^{commit} # timeout=10
Checking out Revision 8d760280a232f98d92440539e1e8a8f66c213bdb (origin/master)
 > git config core.sparsecheckout # timeout=10
 > git checkout -f 8d760280a232f98d92440539e1e8a8f66c213bdb
Commit message: "Merge pull request #39275 from wiktor-k/move-var-run-to-run"
 > git rev-list --no-walk 8d760280a232f98d92440539e1e8a8f66c213bdb # timeout=10
Set build name.
New build name is '#39294'
[Set GitHub commit status (universal)] PENDING on repos [] (sha:8d76028) with context:Docker-PRs-powerpc
[Docker-PRs-powerpc] $ /bin/bash /tmp/jenkins7481766117674941650.sh
From https://github.com/moby/moby
 * [new ref]         refs/pull/39294/head -> origin/pr/39294
Updating 8d76028..e7fbe8e
Fast-forward
 .dockerignore                                      |   1 -
 .github/CODEOWNERS                                 |   1 -
 .gitignore                                         |   1 -
 Makefile                                           |  18 --
 hack/integration-cli-on-swarm/README.md            |  68 -------
 hack/integration-cli-on-swarm/agent/Dockerfile     |   6 -
 hack/integration-cli-on-swarm/agent/master/call.go | 132 --------------
 .../agent/master/master.go                         |  65 -------
 hack/integration-cli-on-swarm/agent/master/set.go  |  28 ---
 .../agent/master/set_test.go                       |  63 -------
 hack/integration-cli-on-swarm/agent/types/types.go |  18 --
 hack/integration-cli-on-swarm/agent/vendor.conf    |   2 -
 .../vendor/github.com/bfirsh/funker-go/LICENSE     | 191 --------------------
 .../vendor/github.com/bfirsh/funker-go/call.go     |  50 ------
 .../vendor/github.com/bfirsh/funker-go/handle.go   |  54 ------
 .../agent/worker/executor.go                       | 118 ------------
 .../agent/worker/worker.go                         |  69 -------
 hack/integration-cli-on-swarm/host/compose.go      | 122 -------------
 hack/integration-cli-on-swarm/host/dockercmd.go    |  63 -------
 hack/integration-cli-on-swarm/host/enumerate.go    |  55 ------
 .../host/enumerate_test.go                         |  84 ---------
 hack/integration-cli-on-swarm/host/host.go         | 198 ---------------------
 hack/integration-cli-on-swarm/host/volume.go       |  88 ---------
 hack/make/build-integration-test-binary            |   2 +-
 24 files changed, 1 insertion(+), 1496 deletions(-)
 delete mode 100644 hack/integration-cli-on-swarm/README.md
 delete mode 100644 hack/integration-cli-on-swarm/agent/Dockerfile
 delete mode 100644 hack/integration-cli-on-swarm/agent/master/call.go
 delete mode 100644 hack/integration-cli-on-swarm/agent/master/master.go
 delete mode 100644 hack/integration-cli-on-swarm/agent/master/set.go
 delete mode 100644 hack/integration-cli-on-swarm/agent/master/set_test.go
 delete mode 100644 hack/integration-cli-on-swarm/agent/types/types.go
 delete mode 100644 hack/integration-cli-on-swarm/agent/vendor.conf
 delete mode 100644 hack/integration-cli-on-swarm/agent/vendor/github.com/bfirsh/funker-go/LICENSE
 delete mode 100644 hack/integration-cli-on-swarm/agent/vendor/github.com/bfirsh/funker-go/call.go
 delete mode 100644 hack/integration-cli-on-swarm/agent/vendor/github.com/bfirsh/funker-go/handle.go
 delete mode 100644 hack/integration-cli-on-swarm/agent/worker/executor.go
 delete mode 100644 hack/integration-cli-on-swarm/agent/worker/worker.go
 delete mode 100644 hack/integration-cli-on-swarm/host/compose.go
 delete mode 100644 hack/integration-cli-on-swarm/host/dockercmd.go
 delete mode 100644 hack/integration-cli-on-swarm/host/enumerate.go
 delete mode 100644 hack/integration-cli-on-swarm/host/enumerate_test.go
 delete mode 100644 hack/integration-cli-on-swarm/host/host.go
 delete mode 100644 hack/integration-cli-on-swarm/host/volume.go
Sending build context to Docker daemon  47.93MB
Step 1/112 : ARG CROSS="false"
Step 2/112 : FROM golang:1.12.5 AS base
1.12.5: Pulling from library/golang
c6c4df30bc4f: Pulling fs layer
bb8b6d64c781: Pulling fs layer
663d68dc2e12: Pulling fs layer
cb9e53310a32: Pulling fs layer
adda1ed7fac4: Pulling fs layer
081da8db1356: Pulling fs layer
ccc1417e31a3: Pulling fs layer
cb9e53310a32: Waiting
081da8db1356: Waiting
adda1ed7fac4: Waiting
ccc1417e31a3: Waiting
663d68dc2e12: Verifying Checksum
663d68dc2e12: Download complete
bb8b6d64c781: Verifying Checksum
bb8b6d64c781: Download complete
c6c4df30bc4f: Verifying Checksum
c6c4df30bc4f: Download complete
cb9e53310a32: Verifying Checksum
cb9e53310a32: Download complete
ccc1417e31a3: Verifying Checksum
ccc1417e31a3: Download complete
adda1ed7fac4: Verifying Checksum
adda1ed7fac4: Download complete
c6c4df30bc4f: Pull complete
bb8b6d64c781: Pull complete
663d68dc2e12: Pull complete
081da8db1356: Verifying Checksum
081da8db1356: Download complete
cb9e53310a32: Pull complete
adda1ed7fac4: Pull complete
081da8db1356: Pull complete
ccc1417e31a3: Pull complete
Digest: sha256:cf0b9f69ad1edd652a7f74a1586080b15bf6f688c545044407e28805066ef2cb
Status: Downloaded newer image for golang:1.12.5
 ---> 72b3a9c5fedc
Step 3/112 : ARG APT_MIRROR=deb.debian.org
 ---> Running in f709b888e63c
Removing intermediate container f709b888e63c
 ---> b5668c2f16a0
Step 4/112 : RUN sed -ri "s/(httpredir|deb).debian.org/$APT_MIRROR/g" /etc/apt/sources.list
 ---> Running in b0a0b6f0fb6e
Removing intermediate container b0a0b6f0fb6e
 ---> 5f99f2f1b2c1
Step 5/112 : FROM base AS criu
 ---> 5f99f2f1b2c1
Step 6/112 : ENV CRIU_VERSION 3.11
 ---> Running in e6e57755daf2
Removing intermediate container e6e57755daf2
 ---> f992a380a045
Step 7/112 : RUN apt-get update && apt-get install -y 	libnet-dev 	libprotobuf-c0-dev 	libprotobuf-dev 	libnl-3-dev 	libcap-dev 	protobuf-compiler 	protobuf-c-compiler 	python-protobuf 	&& mkdir -p /usr/src/criu 	&& curl -sSL https://github.com/checkpoint-restore/criu/archive/v${CRIU_VERSION}.tar.gz | tar -C /usr/src/criu/ -xz --strip-components=1 	&& cd /usr/src/criu 	&& make 	&& make PREFIX=/build/ install-criu
 ---> Running in fbc9dbd727ab
Get:1 http://security.debian.org/debian-security stretch/updates InRelease [94.3 kB]
Ign:2 http://cdn-fastly.deb.debian.org/debian stretch InRelease
Get:3 http://cdn-fastly.deb.debian.org/debian stretch-updates InRelease [91.0 kB]
Get:4 http://cdn-fastly.deb.debian.org/debian stretch Release [118 kB]
Get:5 http://cdn-fastly.deb.debian.org/debian stretch Release.gpg [2434 B]
Get:6 http://security.debian.org/debian-security stretch/updates/main ppc64el Packages [470 kB]
Get:7 http://cdn-fastly.deb.debian.org/debian stretch-updates/main ppc64el Packages [27.1 kB]
Get:8 http://cdn-fastly.deb.debian.org/debian stretch/main ppc64el Packages [6903 kB]
Fetched 7706 kB in 2s (3191 kB/s)
Reading package lists...
Reading package lists...
Building dependency tree...
Reading state information...
The following additional packages will be installed:
  libnet1 libnl-3-200 libprotobuf-c1 libprotobuf-lite10 libprotobuf10
  libprotoc10 python-pkg-resources zlib1g-dev
Suggested packages:
  manpages-dev python-setuptools
The following NEW packages will be installed:
  libcap-dev libnet1 libnet1-dev libnl-3-200 libnl-3-dev libprotobuf-c-dev
  libprotobuf-c1 libprotobuf-dev libprotobuf-lite10 libprotobuf10 libprotoc10
  protobuf-c-compiler protobuf-compiler python-pkg-resources python-protobuf
  zlib1g-dev
0 upgraded, 16 newly installed, 0 to remove and 1 not upgraded.
Need to get 3548 kB of archives.
After this operation, 21.2 MB of additional disk space will be used.
Get:1 http://cdn-fastly.deb.debian.org/debian stretch/main ppc64el libnet1 ppc64el 1.1.6+dfsg-3 [57.6 kB]
Get:2 http://cdn-fastly.deb.debian.org/debian stretch/main ppc64el libcap-dev ppc64el 1:2.25-1 [29.7 kB]
Get:3 http://cdn-fastly.deb.debian.org/debian stretch/main ppc64el libnet1-dev ppc64el 1.1.6+dfsg-3 [117 kB]
Get:4 http://cdn-fastly.deb.debian.org/debian stretch/main ppc64el libnl-3-200 ppc64el 3.2.27-2 [55.9 kB]
Get:5 http://cdn-fastly.deb.debian.org/debian stretch/main ppc64el libnl-3-dev ppc64el 3.2.27-2 [95.0 kB]
Get:6 http://cdn-fastly.deb.debian.org/debian stretch/main ppc64el libprotobuf-c1 ppc64el 1.2.1-2 [24.6 kB]
Get:7 http://cdn-fastly.deb.debian.org/debian stretch/main ppc64el libprotobuf-c-dev ppc64el 1.2.1-2 [32.0 kB]
Get:8 http://cdn-fastly.deb.debian.org/debian stretch/main ppc64el zlib1g-dev ppc64el 1:1.2.8.dfsg-5 [205 kB]
Get:9 http://cdn-fastly.deb.debian.org/debian stretch/main ppc64el libprotobuf10 ppc64el 3.0.0-9 [658 kB]
Get:10 http://cdn-fastly.deb.debian.org/debian stretch/main ppc64el libprotobuf-lite10 ppc64el 3.0.0-9 [124 kB]
Get:11 http://cdn-fastly.deb.debian.org/debian stretch/main ppc64el libprotobuf-dev ppc64el 3.0.0-9 [974 kB]
Get:12 http://cdn-fastly.deb.debian.org/debian stretch/main ppc64el libprotoc10 ppc64el 3.0.0-9 [589 kB]
Get:13 http://cdn-fastly.deb.debian.org/debian stretch/main ppc64el protobuf-c-compiler ppc64el 1.2.1-2 [75.2 kB]
Get:14 http://cdn-fastly.deb.debian.org/debian stretch/main ppc64el protobuf-compiler ppc64el 3.0.0-9 [53.0 kB]
Get:15 http://cdn-fastly.deb.debian.org/debian stretch/main ppc64el python-pkg-resources all 33.1.1-1 [166 kB]
Get:16 http://cdn-fastly.deb.debian.org/debian stretch/main ppc64el python-protobuf ppc64el 3.0.0-9 [291 kB]
[91mdebconf: delaying package configuration, since apt-utils is not installed
[0mFetched 3548 kB in 0s (5084 kB/s)
Selecting previously unselected package libnet1:ppc64el.
(Reading database ... (Reading database ... 5%(Reading database ... 10%(Reading database ... 15%(Reading database ... 20%(Reading database ... 25%(Reading database ... 30%(Reading database ... 35%(Reading database ... 40%(Reading database ... 45%(Reading database ... 50%(Reading database ... 55%(Reading database ... 60%(Reading database ... 65%(Reading database ... 70%(Reading database ... 75%(Reading database ... 80%(Reading database ... 85%(Reading database ... 90%(Reading database ... 95%(Reading database ... 100%(Reading database ... 14949 files and directories currently installed.)
Preparing to unpack .../00-libnet1_1.1.6+dfsg-3_ppc64el.deb ...
Unpacking libnet1:ppc64el (1.1.6+dfsg-3) ...
Selecting previously unselected package libcap-dev:ppc64el.
Preparing to unpack .../01-libcap-dev_1%3a2.25-1_ppc64el.deb ...
Unpacking libcap-dev:ppc64el (1:2.25-1) ...
Selecting previously unselected package libnet1-dev.
Preparing to unpack .../02-libnet1-dev_1.1.6+dfsg-3_ppc64el.deb ...
Unpacking libnet1-dev (1.1.6+dfsg-3) ...
Selecting previously unselected package libnl-3-200:ppc64el.
Preparing to unpack .../03-libnl-3-200_3.2.27-2_ppc64el.deb ...
Unpacking libnl-3-200:ppc64el (3.2.27-2) ...
Selecting previously unselected package libnl-3-dev:ppc64el.
Preparing to unpack .../04-libnl-3-dev_3.2.27-2_ppc64el.deb ...
Unpacking libnl-3-dev:ppc64el (3.2.27-2) ...
Selecting previously unselected package libprotobuf-c1:ppc64el.
Preparing to unpack .../05-libprotobuf-c1_1.2.1-2_ppc64el.deb ...
Unpacking libprotobuf-c1:ppc64el (1.2.1-2) ...
Selecting previously unselected package libprotobuf-c-dev:ppc64el.
Preparing to unpack .../06-libprotobuf-c-dev_1.2.1-2_ppc64el.deb ...
Unpacking libprotobuf-c-dev:ppc64el (1.2.1-2) ...
Selecting previously unselected package zlib1g-dev:ppc64el.
Preparing to unpack .../07-zlib1g-dev_1%3a1.2.8.dfsg-5_ppc64el.deb ...
Unpacking zlib1g-dev:ppc64el (1:1.2.8.dfsg-5) ...
Selecting previously unselected package libprotobuf10:ppc64el.
Preparing to unpack .../08-libprotobuf10_3.0.0-9_ppc64el.deb ...
Unpacking libprotobuf10:ppc64el (3.0.0-9) ...
Selecting previously unselected package libprotobuf-lite10:ppc64el.
Preparing to unpack .../09-libprotobuf-lite10_3.0.0-9_ppc64el.deb ...
Unpacking libprotobuf-lite10:ppc64el (3.0.0-9) ...
Selecting previously unselected package libprotobuf-dev:ppc64el.
Preparing to unpack .../10-libprotobuf-dev_3.0.0-9_ppc64el.deb ...
Unpacking libprotobuf-dev:ppc64el (3.0.0-9) ...
Selecting previously unselected package libprotoc10:ppc64el.
Preparing to unpack .../11-libprotoc10_3.0.0-9_ppc64el.deb ...
Unpacking libprotoc10:ppc64el (3.0.0-9) ...
Selecting previously unselected package protobuf-c-compiler.
Preparing to unpack .../12-protobuf-c-compiler_1.2.1-2_ppc64el.deb ...
Unpacking protobuf-c-compiler (1.2.1-2) ...
Selecting previously unselected package protobuf-compiler.
Preparing to unpack .../13-protobuf-compiler_3.0.0-9_ppc64el.deb ...
Unpacking protobuf-compiler (3.0.0-9) ...
Selecting previously unselected package python-pkg-resources.
Preparing to unpack .../14-python-pkg-resources_33.1.1-1_all.deb ...
Unpacking python-pkg-resources (33.1.1-1) ...
Selecting previously unselected package python-protobuf.
Preparing to unpack .../15-python-protobuf_3.0.0-9_ppc64el.deb ...
Unpacking python-protobuf (3.0.0-9) ...
Setting up libnet1:ppc64el (1.1.6+dfsg-3) ...
Setting up libprotobuf-c1:ppc64el (1.2.1-2) ...
Setting up python-pkg-resources (33.1.1-1) ...
Setting up libnet1-dev (1.1.6+dfsg-3) ...
Setting up libprotobuf10:ppc64el (3.0.0-9) ...
Processing triggers for libc-bin (2.24-11+deb9u4) ...
Setting up python-protobuf (3.0.0-9) ...
Setting up libcap-dev:ppc64el (1:2.25-1) ...
Setting up libprotobuf-c-dev:ppc64el (1.2.1-2) ...
Setting up libnl-3-200:ppc64el (3.2.27-2) ...
Setting up libprotobuf-lite10:ppc64el (3.0.0-9) ...
Setting up libprotoc10:ppc64el (3.0.0-9) ...
Setting up protobuf-c-compiler (1.2.1-2) ...
Setting up zlib1g-dev:ppc64el (1:1.2.8.dfsg-5) ...
Setting up protobuf-compiler (3.0.0-9) ...
Setting up libprotobuf-dev:ppc64el (3.0.0-9) ...
Setting up libnl-3-dev:ppc64el (3.2.27-2) ...
Processing triggers for libc-bin (2.24-11+deb9u4) ...
[91mfatal: Not a git repository (or any of the parent directories): .git
[0m  GEN      .gitid
  GEN      criu/include/version.h
  GEN      include/common/asm
  PBCC     images/google/protobuf/descriptor.pb-c.c
  PBCC     images/opts.pb-c.c
  PBCC     images/sit.pb-c.c
  DEP      images/google/protobuf/descriptor.pb-c.d
  DEP      images/opts.pb-c.d
  DEP      images/sit.pb-c.d
  PBCC     images/macvlan.pb-c.c
  DEP      images/macvlan.pb-c.d
  PBCC     images/autofs.pb-c.c
  DEP      images/autofs.pb-c.d
  PBCC     images/sysctl.pb-c.c
  DEP      images/sysctl.pb-c.d
  PBCC     images/time.pb-c.c
  DEP      images/time.pb-c.d
  PBCC     images/binfmt-misc.pb-c.c
  DEP      images/binfmt-misc.pb-c.d
  PBCC     images/seccomp.pb-c.c
  DEP      images/seccomp.pb-c.d
  PBCC     images/userns.pb-c.c
  DEP      images/userns.pb-c.d
  PBCC     images/cgroup.pb-c.c
  DEP      images/cgroup.pb-c.d
  PBCC     images/fown.pb-c.c
  PBCC     images/ext-file.pb-c.c
  DEP      images/fown.pb-c.d
  DEP      images/ext-file.pb-c.d
  PBCC     images/rpc.pb-c.c
  DEP      images/rpc.pb-c.d
  PBCC     images/siginfo.pb-c.c
  DEP      images/siginfo.pb-c.d
  PBCC     images/pagemap.pb-c.c
  DEP      images/pagemap.pb-c.d
  PBCC     images/rlimit.pb-c.c
  DEP      images/rlimit.pb-c.d
  PBCC     images/file-lock.pb-c.c
  DEP      images/file-lock.pb-c.d
  PBCC     images/tty.pb-c.c
  DEP      images/tty.pb-c.d
  PBCC     images/tun.pb-c.c
  PBCC     images/netdev.pb-c.c
  DEP      images/tun.pb-c.d
  DEP      images/netdev.pb-c.d
  PBCC     images/vma.pb-c.c
  DEP      images/vma.pb-c.d
  PBCC     images/creds.pb-c.c
  DEP      images/creds.pb-c.d
  PBCC     images/utsns.pb-c.c
  DEP      images/utsns.pb-c.d
  PBCC     images/ipc-desc.pb-c.c
  PBCC     images/ipc-sem.pb-c.c
  DEP      images/ipc-desc.pb-c.d
  DEP      images/ipc-sem.pb-c.d
  PBCC     images/ipc-msg.pb-c.c
  DEP      images/ipc-msg.pb-c.d
  PBCC     images/ipc-shm.pb-c.c
  DEP      images/ipc-shm.pb-c.d
  PBCC     images/ipc-var.pb-c.c
  DEP      images/ipc-var.pb-c.d
  PBCC     images/sk-opts.pb-c.c
  PBCC     images/packet-sock.pb-c.c
  DEP      images/sk-opts.pb-c.d
  DEP      images/packet-sock.pb-c.d
  PBCC     images/sk-netlink.pb-c.c
  DEP      images/sk-netlink.pb-c.d
  PBCC     images/sk-inet.pb-c.c
  DEP      images/sk-inet.pb-c.d
  PBCC     images/sk-unix.pb-c.c
  DEP      images/sk-unix.pb-c.d
  PBCC     images/mm.pb-c.c
  DEP      images/mm.pb-c.d
  PBCC     images/timerfd.pb-c.c
  DEP      images/timerfd.pb-c.d
  PBCC     images/timer.pb-c.c
  DEP      images/timer.pb-c.d
  PBCC     images/sa.pb-c.c
  DEP      images/sa.pb-c.d
  PBCC     images/pipe-data.pb-c.c
  DEP      images/pipe-data.pb-c.d
  PBCC     images/mnt.pb-c.c
  DEP      images/mnt.pb-c.d
  PBCC     images/sk-packet.pb-c.c
  DEP      images/sk-packet.pb-c.d
  PBCC     images/tcp-stream.pb-c.c
  DEP      images/tcp-stream.pb-c.d
  PBCC     images/pipe.pb-c.c
  DEP      images/pipe.pb-c.d
  PBCC     images/pstree.pb-c.c
  DEP      images/pstree.pb-c.d
  PBCC     images/fs.pb-c.c
  DEP      images/fs.pb-c.d
  PBCC     images/signalfd.pb-c.c
  DEP      images/signalfd.pb-c.d
  PBCC     images/fh.pb-c.c
  PBCC     images/fsnotify.pb-c.c
  DEP      images/fh.pb-c.d
  DEP      images/fsnotify.pb-c.d
  PBCC     images/eventpoll.pb-c.c
  DEP      images/eventpoll.pb-c.d
  PBCC     images/eventfd.pb-c.c
  DEP      images/eventfd.pb-c.d
  PBCC     images/remap-file-path.pb-c.c
  DEP      images/remap-file-path.pb-c.d
  PBCC     images/fifo.pb-c.c
  DEP      images/fifo.pb-c.d
  PBCC     images/ghost-file.pb-c.c
  DEP      images/ghost-file.pb-c.d
  PBCC     images/regfile.pb-c.c
  DEP      images/regfile.pb-c.d
  PBCC     images/ns.pb-c.c
  DEP      images/ns.pb-c.d
  PBCC     images/fdinfo.pb-c.c
  DEP      images/fdinfo.pb-c.d
  PBCC     images/core-aarch64.pb-c.c
  PBCC     images/core-arm.pb-c.c
  PBCC     images/core-ppc64.pb-c.c
  PBCC     images/core-s390.pb-c.c
  PBCC     images/core-x86.pb-c.c
  PBCC     images/core.pb-c.c
  PBCC     images/inventory.pb-c.c
  DEP      images/core-aarch64.pb-c.d
  DEP      images/core-arm.pb-c.d
  DEP      images/core-ppc64.pb-c.d
  DEP      images/core-s390.pb-c.d
  DEP      images/core-x86.pb-c.d
  DEP      images/core.pb-c.d
  DEP      images/inventory.pb-c.d
  PBCC     images/cpuinfo.pb-c.c
  DEP      images/cpuinfo.pb-c.d
  PBCC     images/stats.pb-c.c
  DEP      images/stats.pb-c.d
make[1]: Nothing to be done for 'all'.
  CC       images/stats.o
  CC       images/core.o
  CC       images/core-x86.o
  CC       images/core-arm.o
  CC       images/core-aarch64.o
  CC       images/core-ppc64.o
  CC       images/core-s390.o
  CC       images/cpuinfo.o
  CC       images/inventory.o
  CC       images/fdinfo.o
  CC       images/fown.o
  CC       images/ns.o
  CC       images/regfile.o
  CC       images/ghost-file.o
  CC       images/fifo.o
  CC       images/remap-file-path.o
  CC       images/eventfd.o
  CC       images/eventpoll.o
  CC       images/fh.o
  CC       images/fsnotify.o
  CC       images/signalfd.o
  CC       images/fs.o
  CC       images/pstree.o
  CC       images/pipe.o
  CC       images/tcp-stream.o
  CC       images/sk-packet.o
  CC       images/mnt.o
  CC       images/pipe-data.o
  CC       images/sa.o
  CC       images/timer.o
  CC       images/timerfd.o
  CC       images/mm.o
  CC       images/sk-opts.o
  CC       images/sk-unix.o
  CC       images/sk-inet.o
  CC       images/tun.o
  CC       images/sk-netlink.o
  CC       images/packet-sock.o
  CC       images/ipc-var.o
  CC       images/ipc-desc.o
  CC       images/ipc-shm.o
  CC       images/ipc-msg.o
  CC       images/ipc-sem.o
  CC       images/utsns.o
  CC       images/creds.o
  CC       images/vma.o
  CC       images/netdev.o
  CC       images/tty.o
  CC       images/file-lock.o
  CC       images/rlimit.o
  CC       images/pagemap.o
  CC       images/siginfo.o
  CC       images/rpc.o
  CC       images/ext-file.o
  CC       images/cgroup.o
  CC       images/userns.o
  CC       images/google/protobuf/descriptor.o
  CC       images/opts.o
  CC       images/seccomp.o
  CC       images/binfmt-misc.o
  CC       images/time.o
  CC       images/sysctl.o
  CC       images/autofs.o
  CC       images/macvlan.o
  CC       images/sit.o
  LINK     images/built-in.o
  GEN      compel/include/asm
  GEN      compel/include/version.h
touch .config
  GEN      include/common/config.h
  GEN      compel/plugins/include/uapi/std/syscall-codes.h
  GEN      compel/plugins/include/uapi/std/syscall.h
  GEN      compel/arch/ppc64/plugins/std/syscalls/syscalls.S
  DEP      compel/arch/ppc64/plugins/std/syscalls/syscalls.d
  DEP      compel/arch/ppc64/plugins/std/memcmp.d
  DEP      compel/arch/ppc64/plugins/std/memcpy.d
  DEP      compel/arch/ppc64/plugins/std/parasite-head.d
  GEN      compel/plugins/include/uapi/std/asm/syscall-types.h
  DEP      compel/plugins/std/infect.d
  DEP      compel/plugins/std/string.d
  DEP      compel/plugins/std/log.d
  DEP      compel/plugins/std/fds.d
  DEP      compel/plugins/std/std.d
  DEP      compel/plugins/shmem/shmem.d
  DEP      compel/plugins/fds/fds.d
  CC       compel/plugins/std/std.o
  CC       compel/plugins/std/fds.o
  CC       compel/plugins/std/log.o
  CC       compel/plugins/std/string.o
  CC       compel/plugins/std/infect.o
  CC       compel/arch/ppc64/plugins/std/parasite-head.o
  CC       compel/arch/ppc64/plugins/std/memcpy.o
  CC       compel/arch/ppc64/plugins/std/memcmp.o
  CC       compel/arch/ppc64/plugins/std/syscalls/syscalls.o
  AR       compel/plugins/std.lib.a
  CC       compel/plugins/fds/fds.o
  AR       compel/plugins/fds.lib.a
  HOSTDEP  compel/src/lib/handle-elf-host.d
  HOSTDEP  compel/arch/ppc64/src/lib/handle-elf-host.d
  HOSTDEP  compel/src/lib/log-host.d
  HOSTDEP  compel/src/main-host.d
  DEP      compel/src/lib/ptrace.d
  DEP      compel/src/lib/infect.d
  DEP      compel/src/lib/infect-util.d
  DEP      compel/src/lib/infect-rpc.d
  DEP      compel/src/lib/handle-elf.d
  DEP      compel/arch/ppc64/src/lib/handle-elf.d
  DEP      compel/arch/ppc64/src/lib/infect.d
  DEP      compel/arch/ppc64/src/lib/cpu.d
  DEP      compel/src/lib/log.d
  DEP      compel/src/main.d
  CC       compel/src/lib/log.o
  CC       compel/arch/ppc64/src/lib/cpu.o
  CC       compel/arch/ppc64/src/lib/infect.o
  CC       compel/arch/ppc64/src/lib/handle-elf.o
  CC       compel/src/lib/handle-elf.o
  CC       compel/src/lib/infect-rpc.o
  CC       compel/src/lib/infect-util.o
  CC       compel/src/lib/infect.o
  CC       compel/src/lib/ptrace.o
  AR       compel/libcompel.a
  HOSTCC   compel/src/main-host.o
  HOSTCC   compel/src/lib/log-host.o
  HOSTCC   compel/arch/ppc64/src/lib/handle-elf-host.o
  HOSTCC   compel/src/lib/handle-elf-host.o
  HOSTLINK compel/compel-host-bin
  DEP      soccr/soccr.d
  CC       soccr/soccr.o
  AR       soccr/libsoccr.a
make[1]: 'soccr/libsoccr.a' is up to date.
  DEP      criu/arch/ppc64/sigframe.d
  DEP      criu/arch/ppc64/crtools.d
  DEP      criu/arch/ppc64/cpu.d
  CC       criu/arch/ppc64/cpu.o
  CC       criu/arch/ppc64/crtools.o
  CC       criu/arch/ppc64/sigframe.o
  LINK     criu/arch/ppc64/crtools.built-in.o
  DEP      criu/arch/ppc64/misc.d
  DEP      criu/arch/ppc64/vdso-trampoline.d
  DEP      criu/arch/ppc64/vdso-pie.d
  DEP      criu/pie/parasite-vdso.d
  DEP      criu/pie/util-vdso.d
  DEP      criu/pie/util.d
  CC       criu/pie/util.o
  CC       criu/pie/util-vdso.o
  CC       criu/pie/parasite-vdso.o
  CC       criu/arch/ppc64/vdso-pie.o
  CC       criu/arch/ppc64/vdso-trampoline.o
  CC       criu/arch/ppc64/misc.o
  AR       criu/pie/pie.lib.a
  DEP      criu/pie/restorer.d
  DEP      criu/arch/ppc64/restorer.d
  DEP      criu/pie/parasite.d
  CC       criu/pie/parasite.o
  LINK     criu/pie/parasite.built-in.o
  GEN      criu/pie/parasite-blob.h
  CC       criu/arch/ppc64/restorer.o
  CC       criu/pie/restorer.o
  LINK     criu/pie/restorer.built-in.o
  GEN      criu/pie/restorer-blob.h
  DEP      criu/vdso.d
  DEP      criu/uts_ns.d
  DEP      criu/util.d
  DEP      criu/uffd.d
  DEP      criu/tun.d
  DEP      criu/tty.d
  DEP      criu/timerfd.d
  DEP      criu/sysfs_parse.d
  DEP      criu/sysctl.d
  DEP      criu/string.d
  DEP      criu/stats.d
  DEP      criu/sockets.d
  DEP      criu/sk-unix.d
  DEP      criu/sk-tcp.d
  DEP      criu/sk-queue.d
  DEP      criu/sk-packet.d
  DEP      criu/sk-netlink.d
  DEP      criu/sk-inet.d
  DEP      criu/signalfd.d
  DEP      criu/sigframe.d
  DEP      criu/shmem.d
  DEP      criu/seize.d
  DEP      criu/seccomp.d
  DEP      criu/rst-malloc.d
  DEP      criu/rbtree.d
  DEP      criu/pstree.d
  DEP      criu/protobuf.d
  GEN      criu/protobuf-desc-gen.h
  DEP      criu/protobuf-desc.d
  DEP      criu/proc_parse.d
  DEP      criu/plugin.d
  DEP      criu/pipes.d
  DEP      criu/pie-util.d
  DEP      criu/pie-util-vdso.d
  DEP      criu/pie-util-vdso-elf32.d
  DEP      criu/path.d
  DEP      criu/parasite-syscall.d
  DEP      criu/pagemap.d
  DEP      criu/pagemap-cache.d
  DEP      criu/page-xfer.d
  DEP      criu/page-pipe.d
  DEP      criu/netfilter.d
  DEP      criu/net.d
  DEP      criu/namespaces.d
  DEP      criu/mount.d
  DEP      criu/mem.d
  DEP      criu/lsm.d
  DEP      criu/log.d
  DEP      criu/libnetlink.d
  DEP      criu/kerndat.d
  DEP      criu/kcmp-ids.d
  DEP      criu/irmap.d
  DEP      criu/ipc_ns.d
  DEP      criu/image.d
  DEP      criu/image-desc.d
  DEP      criu/fsnotify.d
  DEP      criu/filesystems.d
  DEP      criu/files.d
  DEP      criu/files-reg.d
  DEP      criu/files-ext.d
  DEP      criu/file-lock.d
  DEP      criu/file-ids.d
  DEP      criu/fifo.d
  DEP      criu/fdstore.d
  DEP      criu/fault-injection.d
  DEP      criu/external.d
  DEP      criu/eventpoll.d
  DEP      criu/eventfd.d
  DEP      criu/crtools.d
  DEP      criu/cr-service.d
  DEP      criu/cr-restore.d
  DEP      criu/cr-errno.d
  DEP      criu/cr-dump.d
  DEP      criu/cr-dedup.d
  DEP      criu/cr-check.d
  DEP      criu/config.d
  DEP      criu/clone-noasan.d
  DEP      criu/cgroup.d
  DEP      criu/cgroup-props.d
  DEP      criu/bitmap.d
  DEP      criu/bfd.d
  DEP      criu/autofs.d
  DEP      criu/aio.d
  DEP      criu/action-scripts.d
  CC       criu/action-scripts.o
  CC       criu/aio.o
  CC       criu/autofs.o
  CC       criu/bfd.o
  CC       criu/bitmap.o
  CC       criu/cgroup-props.o
  CC       criu/cgroup.o
  CC       criu/clone-noasan.o
  CC       criu/config.o
  CC       criu/cr-check.o
  CC       criu/cr-dedup.o
  CC       criu/cr-dump.o
  CC       criu/cr-errno.o
  CC       criu/cr-restore.o
  CC       criu/cr-service.o
  CC       criu/crtools.o
  CC       criu/eventfd.o
  CC       criu/eventpoll.o
  CC       criu/external.o
  CC       criu/fault-injection.o
  CC       criu/fdstore.o
  CC       criu/fifo.o
  CC       criu/file-ids.o
  CC       criu/file-lock.o
  CC       criu/files-ext.o
  CC       criu/files-reg.o
  CC       criu/files.o
  CC       criu/filesystems.o
  CC       criu/fsnotify.o
  CC       criu/image-desc.o
  CC       criu/image.o
  CC       criu/ipc_ns.o
  CC       criu/irmap.o
  CC       criu/kcmp-ids.o
  CC       criu/kerndat.o
  CC       criu/libnetlink.o
  CC       criu/log.o
  CC       criu/lsm.o
  CC       criu/mem.o
  CC       criu/mount.o
  CC       criu/namespaces.o
  CC       criu/net.o
  CC       criu/netfilter.o
  CC       criu/page-pipe.o
  CC       criu/page-xfer.o
  CC       criu/pagemap-cache.o
  CC       criu/pagemap.o
  CC       criu/parasite-syscall.o
  CC       criu/path.o
  CC       criu/pie-util-vdso-elf32.o
  CC       criu/pie-util-vdso.o
  CC       criu/pie-util.o
  CC       criu/pipes.o
  CC       criu/plugin.o
  CC       criu/proc_parse.o
  CC       criu/protobuf-desc.o
  CC       criu/protobuf.o
  CC       criu/pstree.o
  CC       criu/rbtree.o
  CC       criu/rst-malloc.o
  CC       criu/seccomp.o
  CC       criu/seize.o
  CC       criu/shmem.o
  CC       criu/sigframe.o
  CC       criu/signalfd.o
  CC       criu/sk-inet.o
  CC       criu/sk-netlink.o
  CC       criu/sk-packet.o
  CC       criu/sk-queue.o
  CC       criu/sk-tcp.o
  CC       criu/sk-unix.o
  CC       criu/sockets.o
  CC       criu/stats.o
  CC       criu/string.o
  CC       criu/sysctl.o
  CC       criu/sysfs_parse.o
  CC       criu/timerfd.o
  CC       criu/tty.o
  CC       criu/tun.o
  CC       criu/uffd.o
  CC       criu/util.o
  CC       criu/uts_ns.o
  CC       criu/vdso.o
  LINK     criu/built-in.o
  LINK     criu/criu
  DEP      lib/c/criu.d
  CC       images/rpc.pb-c.o
  CC       lib/c/criu.o
  LINK     lib/c/built-in.o
  LINK     lib/c/libcriu.so
  GEN      magic.py
[91mfatal: Not a git repository (or any of the parent directories): .git
[0mmake[1]: Nothing to be done for 'all'.
make[1]: 'images/built-in.o' is up to date.
make[1]: 'compel/plugins/std.lib.a' is up to date.
make[1]: 'compel/plugins/fds.lib.a' is up to date.
make[1]: 'compel/libcompel.a' is up to date.
make[1]: 'compel/compel-host-bin' is up to date.
make[1]: Nothing to be done for 'all'.
make[1]: 'soccr/libsoccr.a' is up to date.
make[2]: Nothing to be done for 'all'.
make[2]: Nothing to be done for 'all'.
make[2]: Nothing to be done for 'all'.
make[2]: Nothing to be done for 'all'.
make[2]: Nothing to be done for 'all'.
make[2]: Nothing to be done for 'all'.
make[2]: Nothing to be done for 'all'.
make[2]: Nothing to be done for 'all'.
  INSTALL  criu/criu
Removing intermediate container fbc9dbd727ab
 ---> c9500b908927
Step 8/112 : FROM base AS registry
 ---> 5f99f2f1b2c1
Step 9/112 : ENV REGISTRY_COMMIT 47a064d4195a9b56133891bbb13620c3ac83a827
 ---> Running in e10b5d5f11c4
Removing intermediate container e10b5d5f11c4
 ---> 0cd43ce0f456
Step 10/112 : RUN set -x 	&& export GOPATH="$(mktemp -d)" 	&& git clone https://github.com/docker/distribution.git "$GOPATH/src/github.com/docker/distribution" 	&& (cd "$GOPATH/src/github.com/docker/distribution" && git checkout -q "$REGISTRY_COMMIT") 	&& GOPATH="$GOPATH/src/github.com/docker/distribution/Godeps/_workspace:$GOPATH" 		go build -buildmode=pie -o /build/registry-v2 github.com/docker/distribution/cmd/registry 	&& rm -rf "$GOPATH"
 ---> Running in 8ac6316c726c
[91m+ mktemp -d
[0m[91m+ export GOPATH=/tmp/tmp.t20a2doqq1
+ git clone https://github.com/docker/distribution.git /tmp/tmp.t20a2doqq1/src/github.com/docker/distribution
[0m[91mCloning into '/tmp/tmp.t20a2doqq1/src/github.com/docker/distribution'...
[0m[91m+ cd /tmp/tmp.t20a2doqq1/src/github.com/docker/distribution
+ git checkout -q 47a064d4195a9b56133891bbb13620c3ac83a827
[0m[91m+ GOPATH=/tmp/tmp.t20a2doqq1/src/github.com/docker/distribution/Godeps/_workspace:/tmp/tmp.t20a2doqq1 go build -buildmode=pie -o /build/registry-v2 github.com/docker/distribution/cmd/registry
[0m[91m+ rm -rf /tmp/tmp.t20a2doqq1
[0mRemoving intermediate container 8ac6316c726c
 ---> 80c51bd804a5
Step 11/112 : FROM base AS docker-py
 ---> 5f99f2f1b2c1
Step 12/112 : ENV DOCKER_PY_COMMIT ac922192959870774ad8428344d9faa0555f7ba6
 ---> Running in 4de9d7c346f9
Removing intermediate container 4de9d7c346f9
 ---> d39e924526f2
Step 13/112 : RUN git clone https://github.com/docker/docker-py.git /build 	&& cd /build 	&& git checkout -q $DOCKER_PY_COMMIT
 ---> Running in 5b8852a97e87
[91mCloning into '/build'...
[0mRemoving intermediate container 5b8852a97e87
 ---> 5fd6c1a9037d
Step 14/112 : FROM base AS swagger
 ---> 5f99f2f1b2c1
Step 15/112 : ENV GO_SWAGGER_COMMIT c28258affb0b6251755d92489ef685af8d4ff3eb
 ---> Running in a9ff2bb39ff4
Removing intermediate container a9ff2bb39ff4
 ---> b5b0bafd90b0
Step 16/112 : RUN set -x 	&& export GOPATH="$(mktemp -d)" 	&& git clone https://github.com/go-swagger/go-swagger.git "$GOPATH/src/github.com/go-swagger/go-swagger" 	&& (cd "$GOPATH/src/github.com/go-swagger/go-swagger" && git checkout -q "$GO_SWAGGER_COMMIT") 	&& go build -o /build/swagger github.com/go-swagger/go-swagger/cmd/swagger 	&& rm -rf "$GOPATH"
 ---> Running in 43637b28ddd7
[91m+ mktemp -d
[0m[91m+ export GOPATH=/tmp/tmp.QAJByasOt9
+ git clone https://github.com/go-swagger/go-swagger.git /tmp/tmp.QAJByasOt9/src/github.com/go-swagger/go-swagger
[0m[91mCloning into '/tmp/tmp.QAJByasOt9/src/github.com/go-swagger/go-swagger'...
[0m[91m+ cd /tmp/tmp.QAJByasOt9/src/github.com/go-swagger/go-swagger
+ git checkout -q c28258affb0b6251755d92489ef685af8d4ff3eb
[0m[91m+ go build -o /build/swagger github.com/go-swagger/go-swagger/cmd/swagger
[0m[91m+ rm -rf /tmp/tmp.QAJByasOt9
[0mRemoving intermediate container 43637b28ddd7
 ---> 49b1d6812d3c
Step 17/112 : FROM base AS frozen-images
 ---> 5f99f2f1b2c1
Step 18/112 : RUN apt-get update && apt-get install -y jq ca-certificates --no-install-recommends
 ---> Running in 141376a13ebf
Get:1 http://security.debian.org/debian-security stretch/updates InRelease [94.3 kB]
Ign:2 http://cdn-fastly.deb.debian.org/debian stretch InRelease
Get:3 http://cdn-fastly.deb.debian.org/debian stretch-updates InRelease [91.0 kB]
Get:4 http://cdn-fastly.deb.debian.org/debian stretch Release [118 kB]
Get:5 http://cdn-fastly.deb.debian.org/debian stretch Release.gpg [2434 B]
Get:6 http://security.debian.org/debian-security stretch/updates/main ppc64el Packages [470 kB]
Get:7 http://cdn-fastly.deb.debian.org/debian stretch-updates/main ppc64el Packages [27.1 kB]
Get:8 http://cdn-fastly.deb.debian.org/debian stretch/main ppc64el Packages [6903 kB]
Fetched 7706 kB in 2s (3271 kB/s)
Reading package lists...
Reading package lists...
Building dependency tree...
Reading state information...
ca-certificates is already the newest version (20161130+nmu1+deb9u1).
The following additional packages will be installed:
  libjq1 libonig4
The following NEW packages will be installed:
  jq libjq1 libonig4
0 upgraded, 3 newly installed, 0 to remove and 1 not upgraded.
Need to get 310 kB of archives.
After this operation, 1267 kB of additional disk space will be used.
Get:1 http://cdn-fastly.deb.debian.org/debian stretch/main ppc64el libonig4 ppc64el 6.1.3-2 [140 kB]
Get:2 http://cdn-fastly.deb.debian.org/debian stretch/main ppc64el libjq1 ppc64el 1.5+dfsg-1.3 [111 kB]
Get:3 http://cdn-fastly.deb.debian.org/debian stretch/main ppc64el jq ppc64el 1.5+dfsg-1.3 [58.9 kB]
[91mdebconf: delaying package configuration, since apt-utils is not installed
[0mFetched 310 kB in 0s (3175 kB/s)
Selecting previously unselected package libonig4:ppc64el.
(Reading database ... (Reading database ... 5%(Reading database ... 10%(Reading database ... 15%(Reading database ... 20%(Reading database ... 25%(Reading database ... 30%(Reading database ... 35%(Reading database ... 40%(Reading database ... 45%(Reading database ... 50%(Reading database ... 55%(Reading database ... 60%(Reading database ... 65%(Reading database ... 70%(Reading database ... 75%(Reading database ... 80%(Reading database ... 85%(Reading database ... 90%(Reading database ... 95%(Reading database ... 100%(Reading database ... 14949 files and directories currently installed.)
Preparing to unpack .../libonig4_6.1.3-2_ppc64el.deb ...
Unpacking libonig4:ppc64el (6.1.3-2) ...
Selecting previously unselected package libjq1:ppc64el.
Preparing to unpack .../libjq1_1.5+dfsg-1.3_ppc64el.deb ...
Unpacking libjq1:ppc64el (1.5+dfsg-1.3) ...
Selecting previously unselected package jq.
Preparing to unpack .../jq_1.5+dfsg-1.3_ppc64el.deb ...
Unpacking jq (1.5+dfsg-1.3) ...
Setting up libonig4:ppc64el (6.1.3-2) ...
Setting up libjq1:ppc64el (1.5+dfsg-1.3) ...
Processing triggers for libc-bin (2.24-11+deb9u4) ...
Setting up jq (1.5+dfsg-1.3) ...
Removing intermediate container 141376a13ebf
 ---> 156d3fc23bf8
Step 19/112 : COPY contrib/download-frozen-image-v2.sh /
 ---> 2ea3f4c2f56a
Step 20/112 : RUN /download-frozen-image-v2.sh /build 	buildpack-deps:jessie@sha256:dd86dced7c9cd2a724e779730f0a53f93b7ef42228d4344b25ce9a42a1486251 	busybox:latest@sha256:bbc3a03235220b170ba48a157dd097dd1379299370e1ed99ce976df0355d24f0 	busybox:glibc@sha256:0b55a30394294ab23b9afd58fab94e61a923f5834fba7ddbae7f8e0c11ba85e6 	debian:jessie@sha256:287a20c5f73087ab406e6b364833e3fb7b3ae63ca0eb3486555dc27ed32c6e60 	hello-world:latest@sha256:be0cd392e45be79ffeffa6b05338b98ebb16c87b255f48e297ec7f98e123905c
 ---> Running in 9eb061747f3e
Downloading 'library/buildpack-deps:jessie@sha256:dd86dced7c9cd2a724e779730f0a53f93b7ef42228d4344b25ce9a42a1486251' (4 layers)...
[91m########################################################[0m[91m################ 100.0%
[0m[91m###                            [0m[91m                  [0m[91m           [0m[91m               5.4%[0m[91m############                       [0m[91m                                       16.8%[0m[91m##########################       [0m[91m                                         36.9%[0m[91m###########################[0m[91m#############                                  56.7%[0m[91m################################[0m[91m########################                  78.9%[0m[91m##########################################[0m[91m############################## [0m[91m100.0%
[0m[91m####################################[0m[91m#################################### 100.0%
[0m[91m############################                                             [0m[91m 4[0m[91m0.0%[0m[91m#########################################[0m[91m####################            [0m[91m 85.8%[0m[91m#################################[0m[91m########################[0m[91m############### 100[0m[91m.0%[0m[91m
[0m[91m#####################################[0m[91m########################[0m[91m######[0m[91m##### [0m[91m100[0m[91m.0%[0m[91m
[0m[91m#                                                                          2.3%[0m[91m######[0m[91m#                                     [0m[91m             [0m[91m                 10.7%[0m[91m################                                                          22.6%[0m[91m#########################[0m[91m########            [0m[91m                          [0m[91m   47.2%[0m[91m########################[0m[91m############################                      72.3%[0m[91m#######[0m[91m################################################################   99.8%[0m[91m######################################################################## 100.0%
[0m[91m############################################[0m[91m############################ [0m[91m100[0m[91m.0%
[0m[91m###    [0m[91m                                         [0m[91m              [0m[91m           [0m[91m  5.4%[0m[91m#########                                                                 13.8%[0m[91m############                [0m[91m                                              17.5%[0m[91m##################                                                        25.6%[0m[91m#########################[0m[91m                                                 34.7%[0m[91m##########################[0m[91m#####                  [0m[91m            [0m[91m            [0m[91m 44.0%[0m[91m######[0m[91m###############################      [0m[91m                      [0m[91m         51.7%[0m[91m##########################################                                59[0m[91m.5%[0m[91m#############################[0m[91m####################        [0m[91m                [0m[91m 68.9[0m[91m%[0m[91m######[0m[91m################################################   [0m[91m                [0m[91m 75.1%[0m[91m#######[0m[91m##############################################[0m[91m#######         [0m[91m     84.6%[0m[91m#############################[0m[91m############################[0m[91m####[0m[91m#[0m[91m###         91.3%[0m[91m##########################[0m[91m############################################## [0m[91m100.0%
[0m
Downloading 'library/busybox:latest@sha256:bbc3a03235220b170ba48a157dd097dd1379299370e1ed99ce976df0355d24f0' (1 layers)...
[91m################################[0m[91m###################[0m[91m#######[0m[91m######[0m[91m#####[0m[91m### [0m[91m10[0m[91m0.0%
[0m[91m#########################[0m[91m################[0m[91m########[0m[91m#####[0m[91m########[0m[91m#####[0m[91m#####[0m[91m 1[0m[91m00.0%[0m[91m
[0m
Downloading 'library/busybox:glibc@sha256:0b55a30394294ab23b9afd58fab94e61a923f5834fba7ddbae7f8e0c11ba85e6' (1 layers)...
[91m##################################[0m[91m####################[0m[91m######[0m[91m#######[0m[91m#####[0m[91m 1[0m[91m00.0%[0m[91m
[0m[91m#############################[0m[91m###################[0m[91m#####[0m[91m#####[0m[91m#######[0m[91m######[0m[91m# [0m[91m100[0m[91m.0%
[0m
Downloading 'library/debian:jessie@sha256:287a20c5f73087ab406e6b364833e3fb7b3ae63ca0eb3486555dc27ed32c6e60' (1 layers)...
skipping existing c8c2d4a6b2e3

Downloading 'library/hello-world:latest@sha256:be0cd392e45be79ffeffa6b05338b98ebb16c87b255f48e297ec7f98e123905c' (1 layers)...
[91m##################################[0m[91m##############[0m[91m######[0m[91m#####[0m[91m#####[0m[91m#####[0m[91m### [0m[91m100.0%[0m[91m
[0m[91m##########################[0m[91m####################[0m[91m########[0m[91m#####[0m[91m#######[0m[91m#####[0m[91m# [0m[91m100[0m[91m.0%[0m[91m
[0m
Download of images into '/build' complete.
Use something like the following to load the result into a Docker daemon:
  tar -cC '/build' . | docker load
Removing intermediate container 9eb061747f3e
 ---> 1f1d453ef124
Step 21/112 : FROM base AS cross-false
 ---> 5f99f2f1b2c1
Step 22/112 : FROM base AS cross-true
 ---> 5f99f2f1b2c1
Step 23/112 : RUN dpkg --add-architecture armhf
 ---> Running in ff733cac1314
Removing intermediate container ff733cac1314
 ---> 12be0af33fd6
Step 24/112 : RUN dpkg --add-architecture arm64
 ---> Running in ddc6dc72b9a7
Removing intermediate container ddc6dc72b9a7
 ---> 69e2143c9ccf
Step 25/112 : RUN dpkg --add-architecture armel
 ---> Running in 8e9bb154cc50
Removing intermediate container 8e9bb154cc50
 ---> 112bfc511faf
Step 26/112 : RUN if [ "$(go env GOHOSTARCH)" = "amd64" ]; then 	apt-get update 	&& apt-get install -y --no-install-recommends 		crossbuild-essential-armhf 		crossbuild-essential-arm64 		crossbuild-essential-armel; 	fi
 ---> Running in e906736f53be
Removing intermediate container e906736f53be
 ---> b21063725aec
Step 27/112 : FROM cross-${CROSS} as dev-base
 ---> 5f99f2f1b2c1
Step 28/112 : FROM dev-base AS runtime-dev-cross-false
 ---> 5f99f2f1b2c1
Step 29/112 : RUN apt-get update && apt-get install -y 	libapparmor-dev 	libseccomp-dev
 ---> Running in 0d3840f07541
Get:1 http://security.debian.org/debian-security stretch/updates InRelease [94.3 kB]
Ign:2 http://cdn-fastly.deb.debian.org/debian stretch InRelease
Get:3 http://cdn-fastly.deb.debian.org/debian stretch-updates InRelease [91.0 kB]
Get:4 http://cdn-fastly.deb.debian.org/debian stretch Release [118 kB]
Get:5 http://cdn-fastly.deb.debian.org/debian stretch Release.gpg [2434 B]
Get:6 http://security.debian.org/debian-security stretch/updates/main ppc64el Packages [470 kB]
Get:7 http://cdn-fastly.deb.debian.org/debian stretch-updates/main ppc64el Packages [27.1 kB]
Get:8 http://cdn-fastly.deb.debian.org/debian stretch/main ppc64el Packages [6903 kB]
Fetched 7706 kB in 2s (3304 kB/s)
Reading package lists...
Reading package lists...
Building dependency tree...
Reading state information...
The following additional packages will be installed:
  libapparmor1 libseccomp2
Suggested packages:
  seccomp
The following NEW packages will be installed:
  libapparmor-dev libapparmor1 libseccomp-dev libseccomp2
0 upgraded, 4 newly installed, 0 to remove and 1 not upgraded.
Need to get 296 kB of archives.
After this operation, 1346 kB of additional disk space will be used.
Get:1 http://cdn-fastly.deb.debian.org/debian stretch/main ppc64el libseccomp2 ppc64el 2.3.1-2.1+deb9u1 [39.6 kB]
Get:2 http://cdn-fastly.deb.debian.org/debian stretch/main ppc64el libseccomp-dev ppc64el 2.3.1-2.1+deb9u1 [61.1 kB]
Get:3 http://cdn-fastly.deb.debian.org/debian stretch/main ppc64el libapparmor1 ppc64el 2.11.0-3+deb9u2 [77.1 kB]
Get:4 http://cdn-fastly.deb.debian.org/debian stretch/main ppc64el libapparmor-dev ppc64el 2.11.0-3+deb9u2 [118 kB]
[91mdebconf: delaying package configuration, since apt-utils is not installed
[0mFetched 296 kB in 0s (3355 kB/s)
Selecting previously unselected package libseccomp2:ppc64el.
(Reading database ... (Reading database ... 5%(Reading database ... 10%(Reading database ... 15%(Reading database ... 20%(Reading database ... 25%(Reading database ... 30%(Reading database ... 35%(Reading database ... 40%(Reading database ... 45%(Reading database ... 50%(Reading database ... 55%(Reading database ... 60%(Reading database ... 65%(Reading database ... 70%(Reading database ... 75%(Reading database ... 80%(Reading database ... 85%(Reading database ... 90%(Reading database ... 95%(Reading database ... 100%(Reading database ... 14949 files and directories currently installed.)
Preparing to unpack .../libseccomp2_2.3.1-2.1+deb9u1_ppc64el.deb ...
Unpacking libseccomp2:ppc64el (2.3.1-2.1+deb9u1) ...
Selecting previously unselected package libseccomp-dev:ppc64el.
Preparing to unpack .../libseccomp-dev_2.3.1-2.1+deb9u1_ppc64el.deb ...
Unpacking libseccomp-dev:ppc64el (2.3.1-2.1+deb9u1) ...
Selecting previously unselected package libapparmor1:ppc64el.
Preparing to unpack .../libapparmor1_2.11.0-3+deb9u2_ppc64el.deb ...
Unpacking libapparmor1:ppc64el (2.11.0-3+deb9u2) ...
Selecting previously unselected package libapparmor-dev:ppc64el.
Preparing to unpack .../libapparmor-dev_2.11.0-3+deb9u2_ppc64el.deb ...
Unpacking libapparmor-dev:ppc64el (2.11.0-3+deb9u2) ...
Processing triggers for libc-bin (2.24-11+deb9u4) ...
Setting up libseccomp2:ppc64el (2.3.1-2.1+deb9u1) ...
Setting up libapparmor1:ppc64el (2.11.0-3+deb9u2) ...
Setting up libseccomp-dev:ppc64el (2.3.1-2.1+deb9u1) ...
Setting up libapparmor-dev:ppc64el (2.11.0-3+deb9u2) ...
Processing triggers for libc-bin (2.24-11+deb9u4) ...
Removing intermediate container 0d3840f07541
 ---> a672ace35ed0
Step 30/112 : FROM cross-true AS runtime-dev-cross-true
 ---> b21063725aec
Step 31/112 : RUN if [ "$(go env GOHOSTARCH)" = "amd64" ]; then 	apt-get update 	&& apt-get install -y 		libseccomp-dev:armhf 		libseccomp-dev:arm64 		libseccomp-dev:armel 		libapparmor-dev:armhf 		libapparmor-dev:arm64 		libapparmor-dev:armel 		libapparmor-dev 		libseccomp-dev; 	fi
 ---> Running in d529521301c4
Removing intermediate container d529521301c4
 ---> ee032d6bae8c
Step 32/112 : FROM runtime-dev-cross-${CROSS} AS runtime-dev
 ---> a672ace35ed0
Step 33/112 : FROM base AS tomlv
 ---> 5f99f2f1b2c1
Step 34/112 : ENV INSTALL_BINARY_NAME=tomlv
 ---> Running in d08ccd445804
Removing intermediate container d08ccd445804
 ---> bff3c9864c89
Step 35/112 : COPY hack/dockerfile/install/install.sh ./install.sh
 ---> 32179fbb1620
Step 36/112 : COPY hack/dockerfile/install/$INSTALL_BINARY_NAME.installer ./
 ---> 8b2af9bb0d9a
Step 37/112 : RUN PREFIX=/build ./install.sh $INSTALL_BINARY_NAME
 ---> Running in 811e3620e23b
[91m+ RM_GOPATH=0
+ TMP_GOPATH=
+ : /build
[0m[91m+ '[' -z '' ']'
[0m[91m++ mktemp -d
[0m[91m+ export GOPATH=/tmp/tmp.Cieh0pY9Oh
+ GOPATH=/tmp/tmp.Cieh0pY9Oh
+ RM_GOPATH=1
[0m[91m++ dirname ./install.sh
[0m[91m+ dir=.
[0mInstall tomlv version 3012a1dbe2e4bd1391d42b32f0577cb7bbc7f005
[91m+ bin=tomlv
+ shift
+ '[' '!' -f ./tomlv.installer ']'
+ . ./tomlv.installer
++ TOMLV_COMMIT=3012a1dbe2e4bd1391d42b32f0577cb7bbc7f005
+ install_tomlv
+ echo 'Install tomlv version 3012a1dbe2e4bd1391d42b32f0577cb7bbc7f005'
+ git clone https://github.com/BurntSushi/toml.git /tmp/tmp.Cieh0pY9Oh/src/github.com/BurntSushi/toml
[0m[91mCloning into '/tmp/tmp.Cieh0pY9Oh/src/github.com/BurntSushi/toml'...
[0m[91m+ cd /tmp/tmp.Cieh0pY9Oh/src/github.com/BurntSushi/toml
[0m[91m+ git checkout -q 3012a1dbe2e4bd1391d42b32f0577cb7bbc7f005
[0m[91m+ go build -v -buildmode=pie -o /build/tomlv github.com/BurntSushi/toml/cmd/tomlv
[0m[91mmath/bits
[0m[91merrors
[0m[91minternal/cpu
[0m[91mruntime/internal/atomic
[0m[91mruntime/internal/sys
[0m[91mruntime/internal/math
[0m[91minternal/bytealg
[0m[91municode/utf8
[0m[91mmath
[0m[91minternal/race
[0m[91msync/atomic
[0m[91municode
[0m[91mruntime
[0m[91minternal/testlog
[0m[91mencoding
[0m[91mruntime/cgo
[0m[91mstrconv
[0m[91msync
[0m[91mio
[0m[91mreflect
[0m[91msyscall
[0m[91mbytes
[0m[91mstrings
[0m[91mbufio
[0m[91mpath
[0m[91mtext/tabwriter
[0m[91minternal/syscall/unix
[0m[91mtime
[0m[91msort
[0m[91minternal/poll
[0m[91minternal/fmtsort
[0m[91mos
[0m[91mpath/filepath
[0m[91mfmt
[0m[91mio/ioutil
[0m[91mlog
[0m[91mflag
[0m[91mgithub.com/BurntSushi/toml
[0m[91mgithub.com/BurntSushi/toml/cmd/tomlv
[0mRemoving intermediate container 811e3620e23b
 ---> 85da6161e73a
Step 38/112 : FROM base AS vndr
 ---> 5f99f2f1b2c1
Step 39/112 : ENV INSTALL_BINARY_NAME=vndr
 ---> Running in f3d20a523264
Removing intermediate container f3d20a523264
 ---> 3d9f56d7fd78
Step 40/112 : COPY hack/dockerfile/install/install.sh ./install.sh
 ---> d7bc00195dea
Step 41/112 : COPY hack/dockerfile/install/$INSTALL_BINARY_NAME.installer ./
 ---> 2578e3a32902
Step 42/112 : RUN PREFIX=/build ./install.sh $INSTALL_BINARY_NAME
 ---> Running in 414ab4d5b191
[91m+ RM_GOPATH=0
+ TMP_GOPATH=
[0m[91m+ : /build
[0m[91m+ '[' -z '' ']'
[0m[91m++ mktemp -d
[0m[91m+ export GOPATH=/tmp/tmp.Nlnc5Mol4z
+ GOPATH=/tmp/tmp.Nlnc5Mol4z
+ RM_GOPATH=1
[0m[91m++ dirname ./install.sh
[0m[91m+ dir=.
[0m[91m+ bin=vndr
+ shift
[0m[91m+ '[' '!' -f ./vndr.installer ']'
[0m[91m+ . ./vndr.installer
[0m[91m++ VNDR_COMMIT=81cb8916aad3c8d06193f008dba3e16f82851f52
[0m[91m+ install_vndr
[0m[91m+ echo 'Install vndr version 81cb8916aad3c8d06193f008dba3e16f82851f52'
+ git clone https://github.com/LK4D4/vndr.git /tmp/tmp.Nlnc5Mol4z/src/github.com/LK4D4/vndr
[0mInstall vndr version 81cb8916aad3c8d06193f008dba3e16f82851f52
[91mCloning into '/tmp/tmp.Nlnc5Mol4z/src/github.com/LK4D4/vndr'...
[0m[91m+ cd /tmp/tmp.Nlnc5Mol4z/src/github.com/LK4D4/vndr
+ git checkout -q 81cb8916aad3c8d06193f008dba3e16f82851f52
[0m[91m+ go build -buildmode=pie -v -o /build/vndr .
[0m[91minternal/race
[0m[91minternal/cpu
[0m[91merrors
[0m[91mruntime/internal/sys
[0m[91msync/atomic
[0m[91mruntime/internal/atomic
[0m[91mruntime/internal/math
[0m[91municode
[0m[91minternal/bytealg
[0m[91municode/utf8
[0m[91mmath/bits
[0m[91minternal/testlog
[0m[91mencoding
[0m[91mruntime
[0m[91mmath
[0m[91municode/utf16
[0m[91mcontainer/list
[0m[91mcrypto/internal/subtle
[0m[91mcrypto/subtle
[0m[91minternal/x/crypto/cryptobyte/asn1
[0m[91minternal/nettrace
[0m[91minternal/x/net/dns/dnsmessage
[0m[91mruntime/cgo
[0m[91mstrconv
[0m[91mcrypto/rc4
[0m[91msync
[0m[91mgithub.com/LK4D4/vndr/godl/singleflight
[0m[91mio
[0m[91mreflect
[0m[91msyscall
[0m[91mmath/rand
[0m[91minternal/singleflight
[0m[91mbytes
[0m[91mstrings
[0m[91mbufio
[0m[91mhash
[0m[91mhash/crc32
[0m[91mpath
[0m[91mcrypto
[0m[91mcrypto/internal/randutil
[0m[91mtime
[0m[91minternal/syscall/unix
[0m[91mcrypto/sha512
[0m[91mcrypto/hmac
[0m[91mcrypto/sha1
[0m[91mcrypto/sha256
[0m[91minternal/x/crypto/hkdf
[0m[91minternal/x/text/transform
[0m[91msort
encoding/binary
[0m[91minternal/poll
[0m[91minternal/fmtsort
[0m[91mregexp/syntax
[0m[91mencoding/base64
[0m[91mcrypto/cipher
[0m[91mos
[0m[91mcrypto/md5
[0m[91mcrypto/aes
[0m[91mcrypto/des
[0m[91mencoding/pem
[0m[91minternal/x/crypto/internal/chacha20
[0m[91minternal/x/crypto/poly1305
[0m[91minternal/x/crypto/curve25519
[0m[91mfmt
[0m[91mpath/filepath
[0m[91minternal/x/crypto/chacha20poly1305
[0m[91mregexp
[0m[91mio/ioutil
[0m[91mgo/token
[0m[91mnet/url
[0m[91mflag
[0m[91mtext/template/parse
[0m[91mgo/scanner
[0m[91mlog
[0m[91mencoding/json
[0m[91mgo/ast
[0m[91mencoding/xml
[0m[91mtext/template
[0m[91mgo/parser
[0m[91mcompress/flate
[0m[91mcontext
[0m[91mmath/big
[0m[91mgo/doc
[0m[91mencoding/hex
[0m[91mcompress/gzip
[0m[91mnet
[0m[91minternal/x/text/unicode/bidi
[0m[91mgithub.com/LK4D4/vndr/build
[0m[91minternal/x/text/secure/bidirule
[0m[91minternal/x/text/unicode/norm
[0m[91minternal/x/net/http2/hpack
[0m[91mcrypto/rand
[0m[91mcrypto/elliptic
[0m[91mencoding/asn1
[0m[91mcrypto/rsa
[0m[91mcrypto/dsa
[0m[91minternal/x/net/idna
[0m[91mmime
[0m[91mcrypto/ecdsa
[0m[91mcrypto/x509/pkix
[0m[91minternal/x/crypto/cryptobyte
[0m[91mmime/quotedprintable
[0m[91mnet/http/internal
[0m[91mos/exec
[0m[91minternal/x/net/http/httpproxy
[0m[91mnet/textproto
[0m[91mcrypto/x509
[0m[91minternal/x/net/http/httpguts
mime/multipart
[0m[91mcrypto/tls
[0m[91mnet/http/httptrace
[0m[91mnet/http
[0m[91mgithub.com/LK4D4/vndr/godl
[0m[91mgithub.com/LK4D4/vndr
[0mRemoving intermediate container 414ab4d5b191
 ---> b6086bd635ed
Step 43/112 : FROM dev-base AS containerd
 ---> 5f99f2f1b2c1
Step 44/112 : RUN apt-get update && apt-get install -y btrfs-tools
 ---> Running in 40d6e451079a
Ign:1 http://cdn-fastly.deb.debian.org/debian stretch InRelease
Get:2 http://cdn-fastly.deb.debian.org/debian stretch-updates InRelease [91.0 kB]
Get:3 http://security.debian.org/debian-security stretch/updates InRelease [94.3 kB]
Get:4 http://cdn-fastly.deb.debian.org/debian stretch Release [118 kB]
Get:5 http://cdn-fastly.deb.debian.org/debian stretch Release.gpg [2434 B]
Get:6 http://cdn-fastly.deb.debian.org/debian stretch-updates/main ppc64el Packages [27.1 kB]
Get:7 http://security.debian.org/debian-security stretch/updates/main ppc64el Packages [470 kB]
Get:8 http://cdn-fastly.deb.debian.org/debian stretch/main ppc64el Packages [6903 kB]
Fetched 7706 kB in 2s (2853 kB/s)
Reading package lists...
Reading package lists...
Building dependency tree...
Reading state information...
The following additional packages will be installed:
  btrfs-progs liblzo2-2
The following NEW packages will be installed:
  btrfs-progs btrfs-tools liblzo2-2
0 upgraded, 3 newly installed, 0 to remove and 1 not upgraded.
Need to get 588 kB of archives.
After this operation, 5005 kB of additional disk space will be used.
Get:1 http://cdn-fastly.deb.debian.org/debian stretch/main ppc64el liblzo2-2 ppc64el 2.08-1.2+b2 [51.0 kB]
Get:2 http://cdn-fastly.deb.debian.org/debian stretch/main ppc64el btrfs-progs ppc64el 4.7.3-1 [520 kB]
Get:3 http://cdn-fastly.deb.debian.org/debian stretch/main ppc64el btrfs-tools ppc64el 4.7.3-1 [16.9 kB]
[91mdebconf: delaying package configuration, since apt-utils is not installed
[0mFetched 588 kB in 0s (5191 kB/s)
Selecting previously unselected package liblzo2-2:ppc64el.
(Reading database ... (Reading database ... 5%(Reading database ... 10%(Reading database ... 15%(Reading database ... 20%(Reading database ... 25%(Reading database ... 30%(Reading database ... 35%(Reading database ... 40%(Reading database ... 45%(Reading database ... 50%(Reading database ... 55%(Reading database ... 60%(Reading database ... 65%(Reading database ... 70%(Reading database ... 75%(Reading database ... 80%(Reading database ... 85%(Reading database ... 90%(Reading database ... 95%(Reading database ... 100%(Reading database ... 14949 files and directories currently installed.)
Preparing to unpack .../liblzo2-2_2.08-1.2+b2_ppc64el.deb ...
Unpacking liblzo2-2:ppc64el (2.08-1.2+b2) ...
Selecting previously unselected package btrfs-progs.
Preparing to unpack .../btrfs-progs_4.7.3-1_ppc64el.deb ...
Unpacking btrfs-progs (4.7.3-1) ...
Selecting previously unselected package btrfs-tools.
Preparing to unpack .../btrfs-tools_4.7.3-1_ppc64el.deb ...
Unpacking btrfs-tools (4.7.3-1) ...
Processing triggers for libc-bin (2.24-11+deb9u4) ...
Setting up liblzo2-2:ppc64el (2.08-1.2+b2) ...
Setting up btrfs-progs (4.7.3-1) ...
Setting up btrfs-tools (4.7.3-1) ...
Processing triggers for libc-bin (2.24-11+deb9u4) ...
Removing intermediate container 40d6e451079a
 ---> 2d9d9fcb841e
Step 45/112 : ENV INSTALL_BINARY_NAME=containerd
 ---> Running in 315e4d11ff03
Removing intermediate container 315e4d11ff03
 ---> b95dd963670a
Step 46/112 : COPY hack/dockerfile/install/install.sh ./install.sh
 ---> 36beeee95676
Step 47/112 : COPY hack/dockerfile/install/$INSTALL_BINARY_NAME.installer ./
 ---> 793729695993
Step 48/112 : RUN PREFIX=/build ./install.sh $INSTALL_BINARY_NAME
 ---> Running in 9a1d93166018
[91m+ RM_GOPATH=0
+ TMP_GOPATH=
+ : /build
[0m[91m+ '[' -z '' ']'
[0m[91m++ mktemp -d
[0m[91m+ export GOPATH=/tmp/tmp.CLpNJrwHht
+ GOPATH=/tmp/tmp.CLpNJrwHht
+ RM_GOPATH=1
[0m[91m++ dirname ./install.sh
[0m[91m+ dir=.
[0m[91m+ bin=containerd
+ shift
[0m[91m+ '[' '!' -f ./containerd.installer ']'
[0m[91m+ . ./containerd.installer
++ CONTAINERD_COMMIT=894b81a4b802e4eb2a91d1ce216b8817763c29fb
+ install_containerd
+ echo 'Install containerd version 894b81a4b802e4eb2a91d1ce216b8817763c29fb'
+ git clone https://github.com/containerd/containerd.git /tmp/tmp.CLpNJrwHht/src/github.com/containerd/containerd
[0mInstall containerd version 894b81a4b802e4eb2a91d1ce216b8817763c29fb
[91mCloning into '/tmp/tmp.CLpNJrwHht/src/github.com/containerd/containerd'...
[0m[91m+ cd /tmp/tmp.CLpNJrwHht/src/github.com/containerd/containerd
[0m[91m+ git checkout -q 894b81a4b802e4eb2a91d1ce216b8817763c29fb
[0m[91m+ export 'BUILDTAGS=netgo osusergo static_build'
+ BUILDTAGS='netgo osusergo static_build'
+ export EXTRA_FLAGS=-buildmode=pie
+ EXTRA_FLAGS=-buildmode=pie
+ export 'EXTRA_LDFLAGS=-extldflags "-fno-PIC -static"'
+ EXTRA_LDFLAGS='-extldflags "-fno-PIC -static"'
+ '[' '' = dynamic ']'
[0m[91m+ make
[0m🇩 bin/ctr
🇩 bin/containerd
🇩 bin/containerd-stress
🇩 bin/containerd-shim
🇩 bin/containerd-shim-runc-v1
🇩 binaries
[91m+ mkdir -p /build
[0m[91m+ cp bin/containerd /build/containerd
[0m[91m+ cp bin/containerd-shim /build/containerd-shim
[0m[91m+ cp bin/ctr /build/ctr
[0mRemoving intermediate container 9a1d93166018
 ---> 06c51e85fe93
Step 49/112 : FROM dev-base AS proxy
 ---> 5f99f2f1b2c1
Step 50/112 : ENV INSTALL_BINARY_NAME=proxy
 ---> Running in cc35d154f2db
Removing intermediate container cc35d154f2db
 ---> c6a9c14f1820
Step 51/112 : COPY hack/dockerfile/install/install.sh ./install.sh
 ---> f072d259c355
Step 52/112 : COPY hack/dockerfile/install/$INSTALL_BINARY_NAME.installer ./
 ---> c96a87f7c22b
Step 53/112 : RUN PREFIX=/build ./install.sh $INSTALL_BINARY_NAME
 ---> Running in 4b87f39eeb09
[91m+ RM_GOPATH=0
+ TMP_GOPATH=
+ : /build
[0m[91m+ '[' -z '' ']'
[0m[91m++ mktemp -d
[0m[91m+ export GOPATH=/tmp/tmp.YjjWF5dOZn
+ GOPATH=/tmp/tmp.YjjWF5dOZn
+ RM_GOPATH=1
[0m[91m++ dirname ./install.sh
[0m[91m+ dir=.
+ bin=proxy
+ shift
+ '[' '!' -f ./proxy.installer ']'
+ . ./proxy.installer
++ LIBNETWORK_COMMIT=5ac07abef4eee176423fdc1b870d435258e2d381
[0m[91m+ install_proxy
[0m[91m+ case "$1" in
[0m[91m+ export CGO_ENABLED=0
+ CGO_ENABLED=0
+ _install_proxy
+ echo 'Install docker-proxy version 5ac07abef4eee176423fdc1b870d435258e2d381'
+ git clone https://github.com/docker/libnetwork.git /tmp/tmp.YjjWF5dOZn/src/github.com/docker/libnetwork
[0mInstall docker-proxy version 5ac07abef4eee176423fdc1b870d435258e2d381
[91mCloning into '/tmp/tmp.YjjWF5dOZn/src/github.com/docker/libnetwork'...
[0m[91m+ cd /tmp/tmp.YjjWF5dOZn/src/github.com/docker/libnetwork
[0m[91m+ git checkout -q 5ac07abef4eee176423fdc1b870d435258e2d381
[0m[91m+ go build -ldflags= -o /build/docker-proxy github.com/docker/libnetwork/cmd/proxy
[0mRemoving intermediate container 4b87f39eeb09
 ---> 71fe8b9c2382
Step 54/112 : FROM base AS gometalinter
 ---> 5f99f2f1b2c1
Step 55/112 : ENV INSTALL_BINARY_NAME=gometalinter
 ---> Running in 87010159c568
Removing intermediate container 87010159c568
 ---> 6332bd1f8ae9
Step 56/112 : COPY hack/dockerfile/install/install.sh ./install.sh
 ---> 1e2d76f8560a
Step 57/112 : COPY hack/dockerfile/install/$INSTALL_BINARY_NAME.installer ./
 ---> ddaf75158cf2
Step 58/112 : RUN PREFIX=/build ./install.sh $INSTALL_BINARY_NAME
 ---> Running in f59a48c789ed
[91m+ RM_GOPATH=0
+ TMP_GOPATH=
+ : /build
[0m[91m+ '[' -z '' ']'
[0m[91m++ mktemp -d
[0m[91m+ export GOPATH=/tmp/tmp.I4558j0Nm0
+ GOPATH=/tmp/tmp.I4558j0Nm0
+ RM_GOPATH=1
[0m[91m++ dirname ./install.sh
[0m[91m+ dir=.
[0m[91m+ bin=gometalinter
+ shift
+ '[' '!' -f ./gometalinter.installer ']'
+ . ./gometalinter.installer
++ GOMETALINTER_COMMIT=v2.0.6
+ install_gometalinter
+ echo 'Installing gometalinter version v2.0.6'
+ go get -d github.com/alecthomas/gometalinter
[0mInstalling gometalinter version v2.0.6
[91m+ cd /tmp/tmp.I4558j0Nm0/src/github.com/alecthomas/gometalinter
[0m[91m+ git checkout -q v2.0.6
[0m[91m+ go build -buildmode=pie -o /build/gometalinter github.com/alecthomas/gometalinter
[0m[91m+ GOBIN=/build
+ /build/gometalinter --install
[0mInstalling:
  deadcode
  dupl
  errcheck
  gas
  gochecknoglobals
  gochecknoinits
  goconst
  gocyclo
  goimports
  golint
  gosimple
  gotype
  gotypex
  ineffassign
  interfacer
  lll
  maligned
  megacheck
  misspell
  nakedret
  safesql
  staticcheck
  structcheck
  unconvert
  unparam
  unused
  varcheck
Removing intermediate container f59a48c789ed
 ---> 59db977df112
Step 59/112 : FROM dev-base AS dockercli
 ---> 5f99f2f1b2c1
Step 60/112 : ENV INSTALL_BINARY_NAME=dockercli
 ---> Running in ba744ca76b5c
Removing intermediate container ba744ca76b5c
 ---> 631c33ce9d5e
Step 61/112 : COPY hack/dockerfile/install/install.sh ./install.sh
 ---> 72380e925208
Step 62/112 : COPY hack/dockerfile/install/$INSTALL_BINARY_NAME.installer ./
 ---> 4fde0d424d4f
Step 63/112 : RUN PREFIX=/build ./install.sh $INSTALL_BINARY_NAME
 ---> Running in 47b8a7328aeb
[91m+ RM_GOPATH=0
+ TMP_GOPATH=
+ : /build
+ '[' -z '' ']'
[0m[91m++ mktemp -d
[0m[91m+ export GOPATH=/tmp/tmp.N5y2t9a2Xy
+ GOPATH=/tmp/tmp.N5y2t9a2Xy
[0m[91m+ RM_GOPATH=1
[0m[91m++ dirname ./install.sh
[0m[91m+ dir=.
[0m[91m+ bin=dockercli
+ shift
[0mInstall docker/cli version 17.06.2-ce from stable
[91m+ '[' '!' -f ./dockercli.installer ']'
+ . ./dockercli.installer
++ DOCKERCLI_CHANNEL=stable
++ DOCKERCLI_VERSION=17.06.2-ce
+ install_dockercli
+ echo 'Install docker/cli version 17.06.2-ce from stable'
++ uname -m
[0m[91m+ arch=ppc64le
[0m[91m+ '[' ppc64le '!=' x86_64 ']'
+ '[' ppc64le '!=' s390x ']'
[0m[91m+ '[' ppc64le '!=' armhf ']'
+ build_dockercli
+ git clone https://github.com/docker/docker-ce /tmp/tmp.N5y2t9a2Xy/tmp/docker-ce
[0m[91mCloning into '/tmp/tmp.N5y2t9a2Xy/tmp/docker-ce'...
[0m[91m+ cd /tmp/tmp.N5y2t9a2Xy/tmp/docker-ce
[0m[91m+ git checkout -q v17.06.2-ce
[0m[91m+ mkdir -p /tmp/tmp.N5y2t9a2Xy/src/github.com/docker
[0m[91m+ mv components/cli /tmp/tmp.N5y2t9a2Xy/src/github.com/docker/cli
[0m[91m+ go build -buildmode=pie -o /build/docker github.com/docker/cli/cmd/docker
[0m[91m+ return
[0mRemoving intermediate container 47b8a7328aeb
 ---> edf1eae56761
Step 64/112 : FROM runtime-dev AS runc
 ---> a672ace35ed0
Step 65/112 : ENV INSTALL_BINARY_NAME=runc
 ---> Running in 6690fcc7f742
Removing intermediate container 6690fcc7f742
 ---> 39c07144f73b
Step 66/112 : COPY hack/dockerfile/install/install.sh ./install.sh
 ---> 4b73f43a83a7
Step 67/112 : COPY hack/dockerfile/install/$INSTALL_BINARY_NAME.installer ./
 ---> 39d4bedb5deb
Step 68/112 : RUN PREFIX=/build ./install.sh $INSTALL_BINARY_NAME
 ---> Running in 4a862fb57157
[91m+ RM_GOPATH=0
+ TMP_GOPATH=
+ : /build
[0m[91m+ '[' -z '' ']'
[0m[91m++ mktemp -d
[0m[91m+ export GOPATH=/tmp/tmp.28nDB7ccyq
+ GOPATH=/tmp/tmp.28nDB7ccyq
+ RM_GOPATH=1
[0m[91m++ dirname ./install.sh
[0m[91m+ dir=.
[0m[91m+ bin=runc
+ shift
[0m[91m+ '[' '!' -f ./runc.installer ']'
+ . ./runc.installer
[0m[91m++ RUNC_COMMIT=425e105d5a03fabd737a126ad93d62a9eeede87f
[0m[91m+ install_runc
+ uname -r
+ grep -q '^3\.10\.0.*\.el7\.'
[0m[91m+ RUNC_BUILDTAGS='seccomp apparmor selinux '
+ echo 'Install runc version 425e105d5a03fabd737a126ad93d62a9eeede87f (build tags: seccomp apparmor selinux )'
[0mInstall runc version 425e105d5a03fabd737a126ad93d62a9eeede87f (build tags: seccomp apparmor selinux )
[91m+ git clone https://github.com/opencontainers/runc.git /tmp/tmp.28nDB7ccyq/src/github.com/opencontainers/runc
[0m[91mCloning into '/tmp/tmp.28nDB7ccyq/src/github.com/opencontainers/runc'...
[0m[91m+ cd /tmp/tmp.28nDB7ccyq/src/github.com/opencontainers/runc
[0m[91m+ git checkout -q 425e105d5a03fabd737a126ad93d62a9eeede87f
[0m[91m+ '[' -z '' ']'
+ target=static
[0m[91m+ make 'BUILDTAGS=seccomp apparmor selinux ' static
[0mCGO_ENABLED=1 go build  -tags "seccomp apparmor selinux  netgo osusergo static_build" -installsuffix netgo -ldflags "-w -extldflags -static -X main.gitCommit="425e105d5a03fabd737a126ad93d62a9eeede87f" -X main.version=1.0.0-rc8 " -o runc .
CGO_ENABLED=1 go build  -tags "seccomp apparmor selinux  netgo osusergo static_build" -installsuffix netgo -ldflags "-w -extldflags -static -X main.gitCommit="425e105d5a03fabd737a126ad93d62a9eeede87f" -X main.version=1.0.0-rc8 " -o contrib/cmd/recvtty/recvtty ./contrib/cmd/recvtty
[91m+ mkdir -p /build
[0m[91m+ cp runc /build/runc
[0mRemoving intermediate container 4a862fb57157
 ---> e319f7e926df
Step 69/112 : FROM dev-base AS tini
 ---> 5f99f2f1b2c1
Step 70/112 : RUN apt-get update && apt-get install -y cmake vim-common
 ---> Running in 483e2b02e0ba
Ign:1 http://cdn-fastly.deb.debian.org/debian stretch InRelease
Get:2 http://security.debian.org/debian-security stretch/updates InRelease [94.3 kB]
Get:3 http://cdn-fastly.deb.debian.org/debian stretch-updates InRelease [91.0 kB]
Get:4 http://cdn-fastly.deb.debian.org/debian stretch Release [118 kB]
Get:5 http://cdn-fastly.deb.debian.org/debian stretch Release.gpg [2434 B]
Get:6 http://security.debian.org/debian-security stretch/updates/main ppc64el Packages [470 kB]
Get:7 http://cdn-fastly.deb.debian.org/debian stretch-updates/main ppc64el Packages [27.1 kB]
Get:8 http://cdn-fastly.deb.debian.org/debian stretch/main ppc64el Packages [6903 kB]
Fetched 7706 kB in 2s (3067 kB/s)
Reading package lists...
Reading package lists...
Building dependency tree...
Reading state information...
The following additional packages will be installed:
  cmake-data libarchive13 libgpm2 libicu57 libjsoncpp1 liblzo2-2 libuv1
  libxml2 sgml-base vim vim-runtime xml-core xxd
Suggested packages:
  codeblocks eclipse ninja-build lrzip gpm sgml-base-doc ctags vim-doc
  vim-scripts debhelper
The following NEW packages will be installed:
  cmake cmake-data libarchive13 libgpm2 libicu57 libjsoncpp1 liblzo2-2 libuv1
  libxml2 sgml-base vim vim-common vim-runtime xml-core xxd
0 upgraded, 15 newly installed, 0 to remove and 1 not upgraded.
Need to get 19.7 MB of archives.
After this operation, 91.7 MB of additional disk space will be used.
Get:1 http://cdn-fastly.deb.debian.org/debian stretch/main ppc64el cmake-data all 3.7.2-1 [1216 kB]
Get:2 http://cdn-fastly.deb.debian.org/debian stretch/main ppc64el liblzo2-2 ppc64el 2.08-1.2+b2 [51.0 kB]
Get:3 http://cdn-fastly.deb.debian.org/debian stretch/main ppc64el libicu57 ppc64el 57.1-6+deb9u2 [7667 kB]
Get:4 http://cdn-fastly.deb.debian.org/debian stretch/main ppc64el libxml2 ppc64el 2.9.4+dfsg1-2.2+deb9u2 [830 kB]
Get:5 http://cdn-fastly.deb.debian.org/debian stretch/main ppc64el libarchive13 ppc64el 3.2.2-2+deb9u1 [272 kB]
Get:6 http://cdn-fastly.deb.debian.org/debian stretch/main ppc64el libjsoncpp1 ppc64el 1.7.4-3 [75.8 kB]
Get:7 http://cdn-fastly.deb.debian.org/debian stretch/main ppc64el libuv1 ppc64el 1.9.1-3 [78.3 kB]
Get:8 http://cdn-fastly.deb.debian.org/debian stretch/main ppc64el cmake ppc64el 3.7.2-1 [2872 kB]
Get:9 http://cdn-fastly.deb.debian.org/debian stretch/main ppc64el sgml-base all 1.29 [14.8 kB]
Get:10 http://cdn-fastly.deb.debian.org/debian stretch/main ppc64el xxd ppc64el 2:8.0.0197-4+deb9u1 [132 kB]
Get:11 http://cdn-fastly.deb.debian.org/debian stretch/main ppc64el vim-common all 2:8.0.0197-4+deb9u1 [159 kB]
Get:12 http://cdn-fastly.deb.debian.org/debian stretch/main ppc64el libgpm2 ppc64el 1.20.4-6.2+b1 [33.9 kB]
Get:13 http://cdn-fastly.deb.debian.org/debian stretch/main ppc64el vim-runtime all 2:8.0.0197-4+deb9u1 [5407 kB]
Get:14 http://cdn-fastly.deb.debian.org/debian stretch/main ppc64el vim ppc64el 2:8.0.0197-4+deb9u1 [913 kB]
Get:15 http://cdn-fastly.deb.debian.org/debian stretch/main ppc64el xml-core all 0.17 [23.2 kB]
[91mdebconf: delaying package configuration, since apt-utils is not installed
[0mFetched 19.7 MB in 1s (16.6 MB/s)
Selecting previously unselected package cmake-data.
(Reading database ... (Reading database ... 5%(Reading database ... 10%(Reading database ... 15%(Reading database ... 20%(Reading database ... 25%(Reading database ... 30%(Reading database ... 35%(Reading database ... 40%(Reading database ... 45%(Reading database ... 50%(Reading database ... 55%(Reading database ... 60%(Reading database ... 65%(Reading database ... 70%(Reading database ... 75%(Reading database ... 80%(Reading database ... 85%(Reading database ... 90%(Reading database ... 95%(Reading database ... 100%(Reading database ... 14949 files and directories currently installed.)
Preparing to unpack .../00-cmake-data_3.7.2-1_all.deb ...
Unpacking cmake-data (3.7.2-1) ...
Selecting previously unselected package liblzo2-2:ppc64el.
Preparing to unpack .../01-liblzo2-2_2.08-1.2+b2_ppc64el.deb ...
Unpacking liblzo2-2:ppc64el (2.08-1.2+b2) ...
Selecting previously unselected package libicu57:ppc64el.
Preparing to unpack .../02-libicu57_57.1-6+deb9u2_ppc64el.deb ...
Unpacking libicu57:ppc64el (57.1-6+deb9u2) ...
Selecting previously unselected package libxml2:ppc64el.
Preparing to unpack .../03-libxml2_2.9.4+dfsg1-2.2+deb9u2_ppc64el.deb ...
Unpacking libxml2:ppc64el (2.9.4+dfsg1-2.2+deb9u2) ...
Selecting previously unselected package libarchive13:ppc64el.
Preparing to unpack .../04-libarchive13_3.2.2-2+deb9u1_ppc64el.deb ...
Unpacking libarchive13:ppc64el (3.2.2-2+deb9u1) ...
Selecting previously unselected package libjsoncpp1:ppc64el.
Preparing to unpack .../05-libjsoncpp1_1.7.4-3_ppc64el.deb ...
Unpacking libjsoncpp1:ppc64el (1.7.4-3) ...
Selecting previously unselected package libuv1:ppc64el.
Preparing to unpack .../06-libuv1_1.9.1-3_ppc64el.deb ...
Unpacking libuv1:ppc64el (1.9.1-3) ...
Selecting previously unselected package cmake.
Preparing to unpack .../07-cmake_3.7.2-1_ppc64el.deb ...
Unpacking cmake (3.7.2-1) ...
Selecting previously unselected package sgml-base.
Preparing to unpack .../08-sgml-base_1.29_all.deb ...
Unpacking sgml-base (1.29) ...
Selecting previously unselected package xxd.
Preparing to unpack .../09-xxd_2%3a8.0.0197-4+deb9u1_ppc64el.deb ...
Unpacking xxd (2:8.0.0197-4+deb9u1) ...
Selecting previously unselected package vim-common.
Preparing to unpack .../10-vim-common_2%3a8.0.0197-4+deb9u1_all.deb ...
Unpacking vim-common (2:8.0.0197-4+deb9u1) ...
Selecting previously unselected package libgpm2:ppc64el.
Preparing to unpack .../11-libgpm2_1.20.4-6.2+b1_ppc64el.deb ...
Unpacking libgpm2:ppc64el (1.20.4-6.2+b1) ...
Selecting previously unselected package vim-runtime.
Preparing to unpack .../12-vim-runtime_2%3a8.0.0197-4+deb9u1_all.deb ...
Adding 'diversion of /usr/share/vim/vim80/doc/help.txt to /usr/share/vim/vim80/doc/help.txt.vim-tiny by vim-runtime'
Adding 'diversion of /usr/share/vim/vim80/doc/tags to /usr/share/vim/vim80/doc/tags.vim-tiny by vim-runtime'
Unpacking vim-runtime (2:8.0.0197-4+deb9u1) ...
Selecting previously unselected package vim.
Preparing to unpack .../13-vim_2%3a8.0.0197-4+deb9u1_ppc64el.deb ...
Unpacking vim (2:8.0.0197-4+deb9u1) ...
Selecting previously unselected package xml-core.
Preparing to unpack .../14-xml-core_0.17_all.deb ...
Unpacking xml-core (0.17) ...
Processing triggers for mime-support (3.60) ...
Setting up xxd (2:8.0.0197-4+deb9u1) ...
Setting up libgpm2:ppc64el (1.20.4-6.2+b1) ...
Setting up libuv1:ppc64el (1.9.1-3) ...
Setting up cmake-data (3.7.2-1) ...
Setting up sgml-base (1.29) ...
Setting up libicu57:ppc64el (57.1-6+deb9u2) ...
Setting up libxml2:ppc64el (2.9.4+dfsg1-2.2+deb9u2) ...
Processing triggers for libc-bin (2.24-11+deb9u4) ...
Setting up vim-common (2:8.0.0197-4+deb9u1) ...
Setting up vim-runtime (2:8.0.0197-4+deb9u1) ...
Setting up xml-core (0.17) ...
Setting up liblzo2-2:ppc64el (2.08-1.2+b2) ...
Setting up libjsoncpp1:ppc64el (1.7.4-3) ...
Setting up vim (2:8.0.0197-4+deb9u1) ...
update-alternatives: using /usr/bin/vim.basic to provide /usr/bin/vim (vim) in auto mode
update-alternatives: using /usr/bin/vim.basic to provide /usr/bin/vimdiff (vimdiff) in auto mode
update-alternatives: using /usr/bin/vim.basic to provide /usr/bin/rvim (rvim) in auto mode
update-alternatives: using /usr/bin/vim.basic to provide /usr/bin/rview (rview) in auto mode
update-alternatives: using /usr/bin/vim.basic to provide /usr/bin/vi (vi) in auto mode
update-alternatives: using /usr/bin/vim.basic to provide /usr/bin/view (view) in auto mode
update-alternatives: using /usr/bin/vim.basic to provide /usr/bin/ex (ex) in auto mode
update-alternatives: using /usr/bin/vim.basic to provide /usr/bin/editor (editor) in auto mode
Setting up libarchive13:ppc64el (3.2.2-2+deb9u1) ...
Setting up cmake (3.7.2-1) ...
Processing triggers for sgml-base (1.29) ...
Processing triggers for libc-bin (2.24-11+deb9u4) ...
Removing intermediate container 483e2b02e0ba
 ---> 5984ba02c69a
Step 71/112 : COPY hack/dockerfile/install/install.sh ./install.sh
 ---> 5c6c51ba4a2d
Step 72/112 : ENV INSTALL_BINARY_NAME=tini
 ---> Running in b03d94c78296
Removing intermediate container b03d94c78296
 ---> 7dfda2d28c05
Step 73/112 : COPY hack/dockerfile/install/$INSTALL_BINARY_NAME.installer ./
 ---> 1959ea4324cf
Step 74/112 : RUN PREFIX=/build ./install.sh $INSTALL_BINARY_NAME
 ---> Running in 6a7bb4ba119d
[91m+ RM_GOPATH=0
+ TMP_GOPATH=
[0m[91m+ : /build
+ '[' -z '' ']'
[0m[91m++ mktemp -d
[0m[91m+ export GOPATH=/tmp/tmp.G0sDn4or5l
+ GOPATH=/tmp/tmp.G0sDn4or5l
+ RM_GOPATH=1
[0m[91m++ dirname ./install.sh
[0m[91m+ dir=.
[0m[91m+ bin=tini
[0m[91m+ shift
+ '[' '!' -f ./tini.installer ']'
+ . ./tini.installer
++ TINI_COMMIT=fec3683b971d9c3ef73f284f176672c44b448662
[0m[91m+ install_tini
[0mInstall tini version fec3683b971d9c3ef73f284f176672c44b448662
[91m+ echo 'Install tini version fec3683b971d9c3ef73f284f176672c44b448662'
+ git clone https://github.com/krallin/tini.git /tmp/tmp.G0sDn4or5l/tini
[0m[91mCloning into '/tmp/tmp.G0sDn4or5l/tini'...
[0m[91m+ cd /tmp/tmp.G0sDn4or5l/tini
[0m[91m+ git checkout -q fec3683b971d9c3ef73f284f176672c44b448662
[0m[91m+ cmake .
[0m-- The C compiler identification is GNU 6.3.0
-- Check for working C compiler: /usr/bin/cc
-- Check for working C compiler: /usr/bin/cc -- works
-- Detecting C compiler ABI info
-- Detecting C compiler ABI info - done
-- Detecting C compile features
-- Detecting C compile features - done
-- Performing Test HAS_BUILTIN_FORTIFY
-- Performing Test HAS_BUILTIN_FORTIFY - Failed
-- Configuring done
-- Generating done
-- Build files have been written to: /tmp/tmp.G0sDn4or5l/tini
[91m+ make tini-static
[0mScanning dependencies of target tini-static
[ 50%] Building C object CMakeFiles/tini-static.dir/src/tini.c.o
[100%] Linking C executable tini-static
[100%] Built target tini-static
[91m+ mkdir -p /build
[0m[91m+ cp tini-static /build/docker-init
[0mRemoving intermediate container 6a7bb4ba119d
 ---> 99bf86793744
Step 75/112 : FROM dev-base AS rootlesskit
 ---> 5f99f2f1b2c1
Step 76/112 : ENV INSTALL_BINARY_NAME=rootlesskit
 ---> Running in fd4237349686
Removing intermediate container fd4237349686
 ---> 9953b28e809b
Step 77/112 : COPY hack/dockerfile/install/install.sh ./install.sh
 ---> d1d001052ad5
Step 78/112 : COPY hack/dockerfile/install/$INSTALL_BINARY_NAME.installer ./
 ---> c418ed761ea8
Step 79/112 : RUN PREFIX=/build/ ./install.sh $INSTALL_BINARY_NAME
 ---> Running in 02ca04cf5481
[91m+ RM_GOPATH=0
+ TMP_GOPATH=
[0m[91m+ : /build/
+ '[' -z '' ']'
[0m[91m++ mktemp -d
[0m[91m+ export GOPATH=/tmp/tmp.4kG5bWv3k9
+ GOPATH=/tmp/tmp.4kG5bWv3k9
+ RM_GOPATH=1
[0m[91m++ dirname ./install.sh
[0m[91m+ dir=.
[0m[91m+ bin=rootlesskit
+ shift
[0m[91m+ '[' '!' -f ./rootlesskit.installer ']'
[0m[91m+ . ./rootlesskit.installer
[0m[91m++ ROOTLESSKIT_COMMIT=27a0c7a2483732b33d4192c1d178c83c6b9e202d
+ install_rootlesskit
+ case "$1" in
+ export CGO_ENABLED=0
+ CGO_ENABLED=0
+ _install_rootlesskit
+ echo 'Install rootlesskit version 27a0c7a2483732b33d4192c1d178c83c6b9e202d'
+ git clone https://github.com/rootless-containers/rootlesskit.git /tmp/tmp.4kG5bWv3k9/src/github.com/rootless-containers/rootlesskit
[0mInstall rootlesskit version 27a0c7a2483732b33d4192c1d178c83c6b9e202d
[91mCloning into '/tmp/tmp.4kG5bWv3k9/src/github.com/rootless-containers/rootlesskit'...
[0m[91m+ cd /tmp/tmp.4kG5bWv3k9/src/github.com/rootless-containers/rootlesskit
[0m[91m+ git checkout -q 27a0c7a2483732b33d4192c1d178c83c6b9e202d
[0m[91m+ for f in rootlesskit rootlesskit-docker-proxy
[0m[91m+ go build -ldflags= -o /build//rootlesskit github.com/rootless-containers/rootlesskit/cmd/rootlesskit
[0m[91m+ for f in rootlesskit rootlesskit-docker-proxy
+ go build -ldflags= -o /build//rootlesskit-docker-proxy github.com/rootless-containers/rootlesskit/cmd/rootlesskit-docker-proxy
[0mRemoving intermediate container 02ca04cf5481
 ---> 695e952ef399
Step 80/112 : COPY ./contrib/dockerd-rootless.sh /build
 ---> 5dd31ef9deb3
Step 81/112 : FROM runtime-dev AS dev
 ---> a672ace35ed0
Step 82/112 : RUN groupadd -r docker
 ---> Running in 3db2488a8f82
Removing intermediate container 3db2488a8f82
 ---> 3442e75b0a6a
Step 83/112 : RUN useradd --create-home --gid docker unprivilegeduser
 ---> Running in 16f6c3203570
Removing intermediate container 16f6c3203570
 ---> e3b8eae3c357
Step 84/112 : RUN ln -sfv /go/src/github.com/docker/docker/.bashrc ~/.bashrc
 ---> Running in 1a13f245a4f6
'/root/.bashrc' -> '/go/src/github.com/docker/docker/.bashrc'
Removing intermediate container 1a13f245a4f6
 ---> 3a4b5ab38327
Step 85/112 : RUN echo "source /usr/share/bash-completion/bash_completion" >> /etc/bash.bashrc
 ---> Running in 008823ed37ff
Removing intermediate container 008823ed37ff
 ---> 3bfaad11a7dd
Step 86/112 : RUN ln -s /usr/local/completion/bash/docker /etc/bash_completion.d/docker
 ---> Running in ca57824c487e
Removing intermediate container ca57824c487e
 ---> e70e51683a26
Step 87/112 : RUN ldconfig
 ---> Running in df708cc67682
Removing intermediate container df708cc67682
 ---> 22d729416e14
Step 88/112 : RUN apt-get update && apt-get install -y 	apparmor 	aufs-tools 	bash-completion 	btrfs-tools 	iptables 	jq 	libcap2-bin 	libdevmapper-dev 	libffi-dev 	libssl-dev 	libudev-dev 	libsystemd-dev 	binutils-mingw-w64 	g++-mingw-w64-x86-64 	net-tools 	pigz 	python-backports.ssl-match-hostname 	python-dev 	python-cffi 	python-mock 	python-pip 	python-requests 	python-setuptools 	python-websocket 	python-wheel 	thin-provisioning-tools 	vim 	vim-common 	xfsprogs 	zip 	bzip2 	xz-utils 	libprotobuf-c1 	libnet1 	libnl-3-200 	--no-install-recommends
 ---> Running in 46f1f59c90cd
Hit:1 http://security.debian.org/debian-security stretch/updates InRelease
Ign:2 http://cdn-fastly.deb.debian.org/debian stretch InRelease
Hit:3 http://cdn-fastly.deb.debian.org/debian stretch-updates InRelease
Hit:4 http://cdn-fastly.deb.debian.org/debian stretch Release
Reading package lists...
Reading package lists...
Building dependency tree...
Reading state information...
The following additional packages will be installed:
  binutils-mingw-w64-i686 binutils-mingw-w64-x86-64 btrfs-progs dh-python
  dmsetup gcc-mingw-w64-base gcc-mingw-w64-x86-64 libaio1 libapparmor-perl
  libdevmapper-event1.02.1 libdevmapper1.02.1 libexpat1-dev libgpm2 libip4tc0
  libip6tc0 libiptc0 libjq1 liblzo2-2 libmpdec2 libnetfilter-conntrack3
  libnfnetlink0 libonig4 libpcre16-3 libpcre3-dev libpcre32-3 libpcrecpp0v5
  libpython-dev libpython2.7 libpython2.7-dev libpython3-stdlib
  libpython3.5-minimal libpython3.5-stdlib libreadline5 libselinux1-dev
  libsepol1-dev libxtables12 mingw-w64-common mingw-w64-x86-64-dev
  python-cffi-backend python-chardet python-funcsigs python-pbr python-pip-whl
  python-pkg-resources python-ply python-pycparser python-urllib3
  python2.7-dev python3 python3-minimal python3.5 python3.5-minimal
  vim-runtime xxd
Suggested packages:
  apparmor-profiles apparmor-profiles-extra apparmor-utils bzip2-doc
  gcc-6-locales kmod gpm wine64 python-funcsigs-doc python-mock-doc
  python-ply-doc python-cryptography python-idna python-openssl python-socks
  python-setuptools-doc python-ntlm python3-doc python3-tk python3-venv
  python3.5-venv python3.5-doc binfmt-support ctags vim-doc vim-scripts
  xfsdump acl attr quota
Recommended packages:
  aufs-dkms libpam-cap libssl-doc build-essential python-all-dev
  python-cryptography python-idna python-ipaddress python-openssl
  python-keyring python-keyrings.alt python-xdg unzip
The following NEW packages will be installed:
  apparmor aufs-tools bash-completion binutils-mingw-w64
  binutils-mingw-w64-i686 binutils-mingw-w64-x86-64 btrfs-progs btrfs-tools
  bzip2 dh-python dmsetup g++-mingw-w64-x86-64 gcc-mingw-w64-base
  gcc-mingw-w64-x86-64 iptables jq libaio1 libapparmor-perl libcap2-bin
  libdevmapper-dev libdevmapper-event1.02.1 libdevmapper1.02.1 libexpat1-dev
  libffi-dev libgpm2 libip4tc0 libip6tc0 libiptc0 libjq1 liblzo2-2 libmpdec2
  libnet1 libnetfilter-conntrack3 libnfnetlink0 libnl-3-200 libonig4
  libpcre16-3 libpcre3-dev libpcre32-3 libpcrecpp0v5 libprotobuf-c1
  libpython-dev libpython2.7 libpython2.7-dev libpython3-stdlib
  libpython3.5-minimal libpython3.5-stdlib libreadline5 libselinux1-dev
  libsepol1-dev libssl-dev libsystemd-dev libudev-dev libxtables12
  mingw-w64-common mingw-w64-x86-64-dev net-tools pigz
  python-backports.ssl-match-hostname python-cffi python-cffi-backend
  python-chardet python-dev python-funcsigs python-mock python-pbr python-pip
  python-pip-whl python-pkg-resources python-ply python-pycparser
  python-requests python-setuptools python-urllib3 python-websocket
  python-wheel python2.7-dev python3 python3-minimal python3.5
  python3.5-minimal thin-provisioning-tools vim vim-common vim-runtime
  xfsprogs xxd xz-utils zip
0 upgraded, 89 newly installed, 0 to remove and 1 not upgraded.
Need to get 119 MB of archives.
After this operation, 644 MB of additional disk space will be used.
Get:1 http://cdn-fastly.deb.debian.org/debian stretch/main ppc64el bash-completion all 1:2.1-4.3 [178 kB]
Get:2 http://cdn-fastly.deb.debian.org/debian stretch/main ppc64el libnet1 ppc64el 1.1.6+dfsg-3 [57.6 kB]
Get:3 http://cdn-fastly.deb.debian.org/debian stretch/main ppc64el libnfnetlink0 ppc64el 1.0.1-3 [12.8 kB]
Get:4 http://cdn-fastly.deb.debian.org/debian stretch/main ppc64el libpcrecpp0v5 ppc64el 2:8.39-3 [152 kB]
Get:5 http://cdn-fastly.deb.debian.org/debian stretch/main ppc64el libudev-dev ppc64el 232-25+deb9u11 [92.4 kB]
Get:6 http://cdn-fastly.deb.debian.org/debian stretch/main ppc64el libpython3.5-minimal ppc64el 3.5.3-1+deb9u1 [574 kB]
Get:7 http://cdn-fastly.deb.debian.org/debian stretch/main ppc64el python3.5-minimal ppc64el 3.5.3-1+deb9u1 [1704 kB]
Get:8 http://cdn-fastly.deb.debian.org/debian stretch/main ppc64el python3-minimal ppc64el 3.5.3-1 [35.3 kB]
Get:9 http://cdn-fastly.deb.debian.org/debian stretch/main ppc64el libmpdec2 ppc64el 2.4.2-1 [81.9 kB]
Get:10 http://cdn-fastly.deb.debian.org/debian stretch/main ppc64el libpython3.5-stdlib ppc64el 3.5.3-1+deb9u1 [2179 kB]
Get:11 http://cdn-fastly.deb.debian.org/debian stretch/main ppc64el python3.5 ppc64el 3.5.3-1+deb9u1 [229 kB]
Get:12 http://cdn-fastly.deb.debian.org/debian stretch/main ppc64el libpython3-stdlib ppc64el 3.5.3-1 [18.6 kB]
Get:13 http://cdn-fastly.deb.debian.org/debian stretch/main ppc64el dh-python all 2.20170125 [86.8 kB]
Get:14 http://cdn-fastly.deb.debian.org/debian stretch/main ppc64el python3 ppc64el 3.5.3-1 [21.6 kB]
Get:15 http://cdn-fastly.deb.debian.org/debian stretch/main ppc64el pigz ppc64el 2.3.4-1 [49.4 kB]
Get:16 http://cdn-fastly.deb.debian.org/debian stretch/main ppc64el libip4tc0 ppc64el 1.6.0+snapshot20161117-6 [67.6 kB]
Get:17 http://cdn-fastly.deb.debian.org/debian stretch/main ppc64el libip6tc0 ppc64el 1.6.0+snapshot20161117-6 [67.9 kB]
Get:18 http://cdn-fastly.deb.debian.org/debian stretch/main ppc64el libiptc0 ppc64el 1.6.0+snapshot20161117-6 [57.8 kB]
Get:19 http://cdn-fastly.deb.debian.org/debian stretch/main ppc64el libxtables12 ppc64el 1.6.0+snapshot20161117-6 [74.7 kB]
Get:20 http://cdn-fastly.deb.debian.org/debian stretch/main ppc64el libnetfilter-conntrack3 ppc64el 1.0.6-2 [34.7 kB]
Get:21 http://cdn-fastly.deb.debian.org/debian stretch/main ppc64el iptables ppc64el 1.6.0+snapshot20161117-6 [278 kB]
Get:22 http://cdn-fastly.deb.debian.org/debian stretch/main ppc64el xxd ppc64el 2:8.0.0197-4+deb9u1 [132 kB]
Get:23 http://cdn-fastly.deb.debian.org/debian stretch/main ppc64el vim-common all 2:8.0.0197-4+deb9u1 [159 kB]
Get:24 http://cdn-fastly.deb.debian.org/debian stretch/main ppc64el bzip2 ppc64el 1.0.6-8.1 [46.3 kB]
Get:25 http://cdn-fastly.deb.debian.org/debian stretch/main ppc64el libgpm2 ppc64el 1.20.4-6.2+b1 [33.9 kB]
Get:26 http://cdn-fastly.deb.debian.org/debian stretch/main ppc64el xz-utils ppc64el 5.2.2-1.2+b1 [262 kB]
Get:27 http://cdn-fastly.deb.debian.org/debian stretch/main ppc64el aufs-tools ppc64el 1:4.1+20161219-1 [102 kB]
Get:28 http://cdn-fastly.deb.debian.org/debian stretch/main ppc64el liblzo2-2 ppc64el 2.08-1.2+b2 [51.0 kB]
Get:29 http://cdn-fastly.deb.debian.org/debian stretch/main ppc64el btrfs-progs ppc64el 4.7.3-1 [520 kB]
Get:30 http://cdn-fastly.deb.debian.org/debian stretch/main ppc64el btrfs-tools ppc64el 4.7.3-1 [16.9 kB]
Get:31 http://cdn-fastly.deb.debian.org/debian stretch/main ppc64el libdevmapper1.02.1 ppc64el 2:1.02.137-2 [150 kB]
Get:32 http://cdn-fastly.deb.debian.org/debian stretch/main ppc64el dmsetup ppc64el 2:1.02.137-2 [102 kB]
Get:33 http://cdn-fastly.deb.debian.org/debian stretch/main ppc64el libonig4 ppc64el 6.1.3-2 [140 kB]
Get:34 http://cdn-fastly.deb.debian.org/debian stretch/main ppc64el libjq1 ppc64el 1.5+dfsg-1.3 [111 kB]
Get:35 http://cdn-fastly.deb.debian.org/debian stretch/main ppc64el jq ppc64el 1.5+dfsg-1.3 [58.9 kB]
Get:36 http://cdn-fastly.deb.debian.org/debian stretch/main ppc64el libaio1 ppc64el 0.3.110-3 [9514 B]
Get:37 http://cdn-fastly.deb.debian.org/debian stretch/main ppc64el libcap2-bin ppc64el 1:2.25-1 [27.2 kB]
Get:38 http://cdn-fastly.deb.debian.org/debian stretch/main ppc64el libdevmapper-event1.02.1 ppc64el 2:1.02.137-2 [41.0 kB]
Get:39 http://cdn-fastly.deb.debian.org/debian stretch/main ppc64el libsepol1-dev ppc64el 2.6-2 [294 kB]
Get:40 http://cdn-fastly.deb.debian.org/debian stretch/main ppc64el libpcre16-3 ppc64el 2:8.39-3 [239 kB]
Get:41 http://cdn-fastly.deb.debian.org/debian stretch/main ppc64el libpcre32-3 ppc64el 2:8.39-3 [232 kB]
Get:42 http://cdn-fastly.deb.debian.org/debian stretch/main ppc64el libpcre3-dev ppc64el 2:8.39-3 [586 kB]
Get:43 http://cdn-fastly.deb.debian.org/debian stretch/main ppc64el libselinux1-dev ppc64el 2.6-3+b3 [183 kB]
Get:44 http://cdn-fastly.deb.debian.org/debian stretch/main ppc64el libdevmapper-dev ppc64el 2:1.02.137-2 [68.6 kB]
Get:45 http://cdn-fastly.deb.debian.org/debian stretch/main ppc64el libexpat1-dev ppc64el 2.2.0-2+deb9u1 [126 kB]
Get:46 http://cdn-fastly.deb.debian.org/debian stretch/main ppc64el libffi-dev ppc64el 3.2.1-6 [159 kB]
Get:47 http://cdn-fastly.deb.debian.org/debian stretch/main ppc64el libnl-3-200 ppc64el 3.2.27-2 [55.9 kB]
Get:48 http://cdn-fastly.deb.debian.org/debian stretch/main ppc64el libprotobuf-c1 ppc64el 1.2.1-2 [24.6 kB]
Get:49 http://cdn-fastly.deb.debian.org/debian stretch/main ppc64el libpython2.7 ppc64el 2.7.13-2+deb9u3 [962 kB]
Get:50 http://cdn-fastly.deb.debian.org/debian stretch/main ppc64el libpython2.7-dev ppc64el 2.7.13-2+deb9u3 [28.2 MB]
Get:51 http://cdn-fastly.deb.debian.org/debian stretch/main ppc64el libpython-dev ppc64el 2.7.13-2 [20.1 kB]
Get:52 http://cdn-fastly.deb.debian.org/debian stretch/main ppc64el libreadline5 ppc64el 5.2+dfsg-3+b1 [111 kB]
Get:53 http://cdn-fastly.deb.debian.org/debian stretch/main ppc64el libssl-dev ppc64el 1.1.0j-1~deb9u1 [1281 kB]
Get:54 http://cdn-fastly.deb.debian.org/debian stretch/main ppc64el libsystemd-dev ppc64el 232-25+deb9u11 [1717 kB]
Get:55 http://cdn-fastly.deb.debian.org/debian stretch/main ppc64el net-tools ppc64el 1.60+git20161116.90da8a0-1 [235 kB]
Get:56 http://cdn-fastly.deb.debian.org/debian stretch/main ppc64el python-backports.ssl-match-hostname all 3.5.0.1-1 [6980 B]
Get:57 http://cdn-fastly.deb.debian.org/debian stretch/main ppc64el python-cffi-backend ppc64el 1.9.1-2 [63.8 kB]
Get:58 http://cdn-fastly.deb.debian.org/debian stretch/main ppc64el python-ply all 3.9-1 [64.3 kB]
Get:59 http://cdn-fastly.deb.debian.org/debian stretch/main ppc64el python-pycparser all 2.17-2 [63.3 kB]
Get:60 http://cdn-fastly.deb.debian.org/debian stretch/main ppc64el python-cffi all 1.9.1-2 [73.2 kB]
Get:61 http://cdn-fastly.deb.debian.org/debian stretch/main ppc64el python-pkg-resources all 33.1.1-1 [166 kB]
Get:62 http://cdn-fastly.deb.debian.org/debian stretch/main ppc64el python-chardet all 2.3.0-2 [96.0 kB]
Get:63 http://cdn-fastly.deb.debian.org/debian stretch/main ppc64el python2.7-dev ppc64el 2.7.13-2+deb9u3 [288 kB]
Get:64 http://cdn-fastly.deb.debian.org/debian stretch/main ppc64el python-dev ppc64el 2.7.13-2 [1126 B]
Get:65 http://cdn-fastly.deb.debian.org/debian stretch/main ppc64el python-funcsigs all 1.0.2-3 [13.3 kB]
Get:66 http://cdn-fastly.deb.debian.org/debian stretch/main ppc64el python-pbr all 1.10.0-1 [52.4 kB]
Get:67 http://cdn-fastly.deb.debian.org/debian stretch/main ppc64el python-pip-whl all 9.0.1-2+deb9u1 [1399 kB]
Get:68 http://cdn-fastly.deb.debian.org/debian stretch/main ppc64el python-pip all 9.0.1-2+deb9u1 [179 kB]
Get:69 http://cdn-fastly.deb.debian.org/debian stretch/main ppc64el python-urllib3 all 1.19.1-1 [77.5 kB]
Get:70 http://cdn-fastly.deb.debian.org/debian stretch/main ppc64el python-requests all 2.12.4-1 [101 kB]
Get:71 http://cdn-fastly.deb.debian.org/debian stretch/main ppc64el python-setuptools all 33.1.1-1 [297 kB]
Get:72 http://cdn-fastly.deb.debian.org/debian stretch/main ppc64el python-websocket all 0.37.0-2 [31.5 kB]
Get:73 http://cdn-fastly.deb.debian.org/debian stretch/main ppc64el python-wheel all 0.29.0-2 [51.7 kB]
Get:74 http://cdn-fastly.deb.debian.org/debian stretch/main ppc64el thin-provisioning-tools ppc64el 0.6.1-4+b1 [326 kB]
Get:75 http://cdn-fastly.deb.debian.org/debian stretch/main ppc64el vim-runtime all 2:8.0.0197-4+deb9u1 [5407 kB]
Get:76 http://cdn-fastly.deb.debian.org/debian stretch/main ppc64el vim ppc64el 2:8.0.0197-4+deb9u1 [913 kB]
Get:77 http://cdn-fastly.deb.debian.org/debian stretch/main ppc64el xfsprogs ppc64el 4.9.0+nmu1 [729 kB]
Get:78 http://cdn-fastly.deb.debian.org/debian stretch/main ppc64el zip ppc64el 3.0-11+b1 [223 kB]
Get:79 http://cdn-fastly.deb.debian.org/debian stretch/main ppc64el libapparmor-perl ppc64el 2.11.0-3+deb9u2 [78.9 kB]
Get:80 http://cdn-fastly.deb.debian.org/debian stretch/main ppc64el apparmor ppc64el 2.11.0-3+deb9u2 [527 kB]
Get:81 http://cdn-fastly.deb.debian.org/debian stretch/main ppc64el binutils-mingw-w64-i686 ppc64el 2.28-5+7.4+b4 [1957 kB]
Get:82 http://cdn-fastly.deb.debian.org/debian stretch/main ppc64el binutils-mingw-w64-x86-64 ppc64el 2.28-5+7.4+b4 [2454 kB]
Get:83 http://cdn-fastly.deb.debian.org/debian stretch/main ppc64el binutils-mingw-w64 all 2.27.90.20161231-1+7.4 [136 kB]
Get:84 http://cdn-fastly.deb.debian.org/debian stretch/main ppc64el mingw-w64-common all 5.0.1-1 [4764 kB]
Get:85 http://cdn-fastly.deb.debian.org/debian stretch/main ppc64el mingw-w64-x86-64-dev all 5.0.1-1 [3342 kB]
Get:86 http://cdn-fastly.deb.debian.org/debian stretch/main ppc64el gcc-mingw-w64-base ppc64el 6.3.0-18+19.3+b3 [170 kB]
Get:87 http://cdn-fastly.deb.debian.org/debian stretch/main ppc64el gcc-mingw-w64-x86-64 ppc64el 6.3.0-18+19.3+b3 [31.0 MB]
Get:88 http://cdn-fastly.deb.debian.org/debian stretch/main ppc64el g++-mingw-w64-x86-64 ppc64el 6.3.0-18+19.3+b3 [21.6 MB]
Get:89 http://cdn-fastly.deb.debian.org/debian stretch/main ppc64el python-mock all 2.0.0-3 [59.8 kB]
[91mdebconf: delaying package configuration, since apt-utils is not installed
[0mFetched 119 MB in 3s (31.9 MB/s)
Selecting previously unselected package bash-completion.
(Reading database ... (Reading database ... 5%(Reading database ... 10%(Reading database ... 15%(Reading database ... 20%(Reading database ... 25%(Reading database ... 30%(Reading database ... 35%(Reading database ... 40%(Reading database ... 45%(Reading database ... 50%(Reading database ... 55%(Reading database ... 60%(Reading database ... 65%(Reading database ... 70%(Reading database ... 75%(Reading database ... 80%(Reading database ... 85%(Reading database ... 90%(Reading database ... 95%(Reading database ... 100%(Reading database ... 15019 files and directories currently installed.)
Preparing to unpack .../00-bash-completion_1%3a2.1-4.3_all.deb ...
Unpacking bash-completion (1:2.1-4.3) ...
Selecting previously unselected package libnet1:ppc64el.
Preparing to unpack .../01-libnet1_1.1.6+dfsg-3_ppc64el.deb ...
Unpacking libnet1:ppc64el (1.1.6+dfsg-3) ...
Selecting previously unselected package libnfnetlink0:ppc64el.
Preparing to unpack .../02-libnfnetlink0_1.0.1-3_ppc64el.deb ...
Unpacking libnfnetlink0:ppc64el (1.0.1-3) ...
Selecting previously unselected package libpcrecpp0v5:ppc64el.
Preparing to unpack .../03-libpcrecpp0v5_2%3a8.39-3_ppc64el.deb ...
Unpacking libpcrecpp0v5:ppc64el (2:8.39-3) ...
Selecting previously unselected package libudev-dev:ppc64el.
Preparing to unpack .../04-libudev-dev_232-25+deb9u11_ppc64el.deb ...
Unpacking libudev-dev:ppc64el (232-25+deb9u11) ...
Selecting previously unselected package libpython3.5-minimal:ppc64el.
Preparing to unpack .../05-libpython3.5-minimal_3.5.3-1+deb9u1_ppc64el.deb ...
Unpacking libpython3.5-minimal:ppc64el (3.5.3-1+deb9u1) ...
Selecting previously unselected package python3.5-minimal.
Preparing to unpack .../06-python3.5-minimal_3.5.3-1+deb9u1_ppc64el.deb ...
Unpacking python3.5-minimal (3.5.3-1+deb9u1) ...
Selecting previously unselected package python3-minimal.
Preparing to unpack .../07-python3-minimal_3.5.3-1_ppc64el.deb ...
Unpacking python3-minimal (3.5.3-1) ...
Selecting previously unselected package libmpdec2:ppc64el.
Preparing to unpack .../08-libmpdec2_2.4.2-1_ppc64el.deb ...
Unpacking libmpdec2:ppc64el (2.4.2-1) ...
Selecting previously unselected package libpython3.5-stdlib:ppc64el.
Preparing to unpack .../09-libpython3.5-stdlib_3.5.3-1+deb9u1_ppc64el.deb ...
Unpacking libpython3.5-stdlib:ppc64el (3.5.3-1+deb9u1) ...
Selecting previously unselected package python3.5.
Preparing to unpack .../10-python3.5_3.5.3-1+deb9u1_ppc64el.deb ...
Unpacking python3.5 (3.5.3-1+deb9u1) ...
Selecting previously unselected package libpython3-stdlib:ppc64el.
Preparing to unpack .../11-libpython3-stdlib_3.5.3-1_ppc64el.deb ...
Unpacking libpython3-stdlib:ppc64el (3.5.3-1) ...
Selecting previously unselected package dh-python.
Preparing to unpack .../12-dh-python_2.20170125_all.deb ...
Unpacking dh-python (2.20170125) ...
Setting up libpython3.5-minimal:ppc64el (3.5.3-1+deb9u1) ...
Setting up python3.5-minimal (3.5.3-1+deb9u1) ...
Setting up python3-minimal (3.5.3-1) ...
Selecting previously unselected package python3.
(Reading database ... (Reading database ... 5%(Reading database ... 10%(Reading database ... 15%(Reading database ... 20%(Reading database ... 25%(Reading database ... 30%(Reading database ... 35%(Reading database ... 40%(Reading database ... 45%(Reading database ... 50%(Reading database ... 55%(Reading database ... 60%(Reading database ... 65%(Reading database ... 70%(Reading database ... 75%(Reading database ... 80%(Reading database ... 85%(Reading database ... 90%(Reading database ... 95%(Reading database ... 100%(Reading database ... 16605 files and directories currently installed.)
Preparing to unpack .../00-python3_3.5.3-1_ppc64el.deb ...
Unpacking python3 (3.5.3-1) ...
Selecting previously unselected package pigz.
Preparing to unpack .../01-pigz_2.3.4-1_ppc64el.deb ...
Unpacking pigz (2.3.4-1) ...
Selecting previously unselected package libip4tc0:ppc64el.
Preparing to unpack .../02-libip4tc0_1.6.0+snapshot20161117-6_ppc64el.deb ...
Unpacking libip4tc0:ppc64el (1.6.0+snapshot20161117-6) ...
Selecting previously unselected package libip6tc0:ppc64el.
Preparing to unpack .../03-libip6tc0_1.6.0+snapshot20161117-6_ppc64el.deb ...
Unpacking libip6tc0:ppc64el (1.6.0+snapshot20161117-6) ...
Selecting previously unselected package libiptc0:ppc64el.
Preparing to unpack .../04-libiptc0_1.6.0+snapshot20161117-6_ppc64el.deb ...
Unpacking libiptc0:ppc64el (1.6.0+snapshot20161117-6) ...
Selecting previously unselected package libxtables12:ppc64el.
Preparing to unpack .../05-libxtables12_1.6.0+snapshot20161117-6_ppc64el.deb ...
Unpacking libxtables12:ppc64el (1.6.0+snapshot20161117-6) ...
Selecting previously unselected package libnetfilter-conntrack3:ppc64el.
Preparing to unpack .../06-libnetfilter-conntrack3_1.0.6-2_ppc64el.deb ...
Unpacking libnetfilter-conntrack3:ppc64el (1.0.6-2) ...
Selecting previously unselected package iptables.
Preparing to unpack .../07-iptables_1.6.0+snapshot20161117-6_ppc64el.deb ...
Unpacking iptables (1.6.0+snapshot20161117-6) ...
Selecting previously unselected package xxd.
Preparing to unpack .../08-xxd_2%3a8.0.0197-4+deb9u1_ppc64el.deb ...
Unpacking xxd (2:8.0.0197-4+deb9u1) ...
Selecting previously unselected package vim-common.
Preparing to unpack .../09-vim-common_2%3a8.0.0197-4+deb9u1_all.deb ...
Unpacking vim-common (2:8.0.0197-4+deb9u1) ...
Selecting previously unselected package bzip2.
Preparing to unpack .../10-bzip2_1.0.6-8.1_ppc64el.deb ...
Unpacking bzip2 (1.0.6-8.1) ...
Selecting previously unselected package libgpm2:ppc64el.
Preparing to unpack .../11-libgpm2_1.20.4-6.2+b1_ppc64el.deb ...
Unpacking libgpm2:ppc64el (1.20.4-6.2+b1) ...
Selecting previously unselected package xz-utils.
Preparing to unpack .../12-xz-utils_5.2.2-1.2+b1_ppc64el.deb ...
Unpacking xz-utils (5.2.2-1.2+b1) ...
Selecting previously unselected package aufs-tools.
Preparing to unpack .../13-aufs-tools_1%3a4.1+20161219-1_ppc64el.deb ...
Unpacking aufs-tools (1:4.1+20161219-1) ...
Selecting previously unselected package liblzo2-2:ppc64el.
Preparing to unpack .../14-liblzo2-2_2.08-1.2+b2_ppc64el.deb ...
Unpacking liblzo2-2:ppc64el (2.08-1.2+b2) ...
Selecting previously unselected package btrfs-progs.
Preparing to unpack .../15-btrfs-progs_4.7.3-1_ppc64el.deb ...
Unpacking btrfs-progs (4.7.3-1) ...
Selecting previously unselected package btrfs-tools.
Preparing to unpack .../16-btrfs-tools_4.7.3-1_ppc64el.deb ...
Unpacking btrfs-tools (4.7.3-1) ...
Selecting previously unselected package libdevmapper1.02.1:ppc64el.
Preparing to unpack .../17-libdevmapper1.02.1_2%3a1.02.137-2_ppc64el.deb ...
Unpacking libdevmapper1.02.1:ppc64el (2:1.02.137-2) ...
Selecting previously unselected package dmsetup.
Preparing to unpack .../18-dmsetup_2%3a1.02.137-2_ppc64el.deb ...
Unpacking dmsetup (2:1.02.137-2) ...
Selecting previously unselected package libonig4:ppc64el.
Preparing to unpack .../19-libonig4_6.1.3-2_ppc64el.deb ...
Unpacking libonig4:ppc64el (6.1.3-2) ...
Selecting previously unselected package libjq1:ppc64el.
Preparing to unpack .../20-libjq1_1.5+dfsg-1.3_ppc64el.deb ...
Unpacking libjq1:ppc64el (1.5+dfsg-1.3) ...
Selecting previously unselected package jq.
Preparing to unpack .../21-jq_1.5+dfsg-1.3_ppc64el.deb ...
Unpacking jq (1.5+dfsg-1.3) ...
Selecting previously unselected package libaio1:ppc64el.
Preparing to unpack .../22-libaio1_0.3.110-3_ppc64el.deb ...
Unpacking libaio1:ppc64el (0.3.110-3) ...
Selecting previously unselected package libcap2-bin.
Preparing to unpack .../23-libcap2-bin_1%3a2.25-1_ppc64el.deb ...
Unpacking libcap2-bin (1:2.25-1) ...
Selecting previously unselected package libdevmapper-event1.02.1:ppc64el.
Preparing to unpack .../24-libdevmapper-event1.02.1_2%3a1.02.137-2_ppc64el.deb ...
Unpacking libdevmapper-event1.02.1:ppc64el (2:1.02.137-2) ...
Selecting previously unselected package libsepol1-dev:ppc64el.
Preparing to unpack .../25-libsepol1-dev_2.6-2_ppc64el.deb ...
Unpacking libsepol1-dev:ppc64el (2.6-2) ...
Selecting previously unselected package libpcre16-3:ppc64el.
Preparing to unpack .../26-libpcre16-3_2%3a8.39-3_ppc64el.deb ...
Unpacking libpcre16-3:ppc64el (2:8.39-3) ...
Selecting previously unselected package libpcre32-3:ppc64el.
Preparing to unpack .../27-libpcre32-3_2%3a8.39-3_ppc64el.deb ...
Unpacking libpcre32-3:ppc64el (2:8.39-3) ...
Selecting previously unselected package libpcre3-dev:ppc64el.
Preparing to unpack .../28-libpcre3-dev_2%3a8.39-3_ppc64el.deb ...
Unpacking libpcre3-dev:ppc64el (2:8.39-3) ...
Selecting previously unselected package libselinux1-dev:ppc64el.
Preparing to unpack .../29-libselinux1-dev_2.6-3+b3_ppc64el.deb ...
Unpacking libselinux1-dev:ppc64el (2.6-3+b3) ...
Selecting previously unselected package libdevmapper-dev:ppc64el.
Preparing to unpack .../30-libdevmapper-dev_2%3a1.02.137-2_ppc64el.deb ...
Unpacking libdevmapper-dev:ppc64el (2:1.02.137-2) ...
Selecting previously unselected package libexpat1-dev:ppc64el.
Preparing to unpack .../31-libexpat1-dev_2.2.0-2+deb9u1_ppc64el.deb ...
Unpacking libexpat1-dev:ppc64el (2.2.0-2+deb9u1) ...
Selecting previously unselected package libffi-dev:ppc64el.
Preparing to unpack .../32-libffi-dev_3.2.1-6_ppc64el.deb ...
Unpacking libffi-dev:ppc64el (3.2.1-6) ...
Selecting previously unselected package libnl-3-200:ppc64el.
Preparing to unpack .../33-libnl-3-200_3.2.27-2_ppc64el.deb ...
Unpacking libnl-3-200:ppc64el (3.2.27-2) ...
Selecting previously unselected package libprotobuf-c1:ppc64el.
Preparing to unpack .../34-libprotobuf-c1_1.2.1-2_ppc64el.deb ...
Unpacking libprotobuf-c1:ppc64el (1.2.1-2) ...
Selecting previously unselected package libpython2.7:ppc64el.
Preparing to unpack .../35-libpython2.7_2.7.13-2+deb9u3_ppc64el.deb ...
Unpacking libpython2.7:ppc64el (2.7.13-2+deb9u3) ...
Selecting previously unselected package libpython2.7-dev:ppc64el.
Preparing to unpack .../36-libpython2.7-dev_2.7.13-2+deb9u3_ppc64el.deb ...
Unpacking libpython2.7-dev:ppc64el (2.7.13-2+deb9u3) ...
Selecting previously unselected package libpython-dev:ppc64el.
Preparing to unpack .../37-libpython-dev_2.7.13-2_ppc64el.deb ...
Unpacking libpython-dev:ppc64el (2.7.13-2) ...
Selecting previously unselected package libreadline5:ppc64el.
Preparing to unpack .../38-libreadline5_5.2+dfsg-3+b1_ppc64el.deb ...
Unpacking libreadline5:ppc64el (5.2+dfsg-3+b1) ...
Selecting previously unselected package libssl-dev:ppc64el.
Preparing to unpack .../39-libssl-dev_1.1.0j-1~deb9u1_ppc64el.deb ...
Unpacking libssl-dev:ppc64el (1.1.0j-1~deb9u1) ...
Selecting previously unselected package libsystemd-dev:ppc64el.
Preparing to unpack .../40-libsystemd-dev_232-25+deb9u11_ppc64el.deb ...
Unpacking libsystemd-dev:ppc64el (232-25+deb9u11) ...
Selecting previously unselected package net-tools.
Preparing to unpack .../41-net-tools_1.60+git20161116.90da8a0-1_ppc64el.deb ...
Unpacking net-tools (1.60+git20161116.90da8a0-1) ...
Selecting previously unselected package python-backports.ssl-match-hostname.
Preparing to unpack .../42-python-backports.ssl-match-hostname_3.5.0.1-1_all.deb ...
Unpacking python-backports.ssl-match-hostname (3.5.0.1-1) ...
Selecting previously unselected package python-cffi-backend.
Preparing to unpack .../43-python-cffi-backend_1.9.1-2_ppc64el.deb ...
Unpacking python-cffi-backend (1.9.1-2) ...
Selecting previously unselected package python-ply.
Preparing to unpack .../44-python-ply_3.9-1_all.deb ...
Unpacking python-ply (3.9-1) ...
Selecting previously unselected package python-pycparser.
Preparing to unpack .../45-python-pycparser_2.17-2_all.deb ...
Unpacking python-pycparser (2.17-2) ...
Selecting previously unselected package python-cffi.
Preparing to unpack .../46-python-cffi_1.9.1-2_all.deb ...
Unpacking python-cffi (1.9.1-2) ...
Selecting previously unselected package python-pkg-resources.
Preparing to unpack .../47-python-pkg-resources_33.1.1-1_all.deb ...
Unpacking python-pkg-resources (33.1.1-1) ...
Selecting previously unselected package python-chardet.
Preparing to unpack .../48-python-chardet_2.3.0-2_all.deb ...
Unpacking python-chardet (2.3.0-2) ...
Selecting previously unselected package python2.7-dev.
Preparing to unpack .../49-python2.7-dev_2.7.13-2+deb9u3_ppc64el.deb ...
Unpacking python2.7-dev (2.7.13-2+deb9u3) ...
Selecting previously unselected package python-dev.
Preparing to unpack .../50-python-dev_2.7.13-2_ppc64el.deb ...
Unpacking python-dev (2.7.13-2) ...
Selecting previously unselected package python-funcsigs.
Preparing to unpack .../51-python-funcsigs_1.0.2-3_all.deb ...
Unpacking python-funcsigs (1.0.2-3) ...
Selecting previously unselected package python-pbr.
Preparing to unpack .../52-python-pbr_1.10.0-1_all.deb ...
Unpacking python-pbr (1.10.0-1) ...
Selecting previously unselected package python-pip-whl.
Preparing to unpack .../53-python-pip-whl_9.0.1-2+deb9u1_all.deb ...
Unpacking python-pip-whl (9.0.1-2+deb9u1) ...
Selecting previously unselected package python-pip.
Preparing to unpack .../54-python-pip_9.0.1-2+deb9u1_all.deb ...
Unpacking python-pip (9.0.1-2+deb9u1) ...
Selecting previously unselected package python-urllib3.
Preparing to unpack .../55-python-urllib3_1.19.1-1_all.deb ...
Unpacking python-urllib3 (1.19.1-1) ...
Selecting previously unselected package python-requests.
Preparing to unpack .../56-python-requests_2.12.4-1_all.deb ...
Unpacking python-requests (2.12.4-1) ...
Selecting previously unselected package python-setuptools.
Preparing to unpack .../57-python-setuptools_33.1.1-1_all.deb ...
Unpacking python-setuptools (33.1.1-1) ...
Selecting previously unselected package python-websocket.
Preparing to unpack .../58-python-websocket_0.37.0-2_all.deb ...
Unpacking python-websocket (0.37.0-2) ...
Selecting previously unselected package python-wheel.
Preparing to unpack .../59-python-wheel_0.29.0-2_all.deb ...
Unpacking python-wheel (0.29.0-2) ...
Selecting previously unselected package thin-provisioning-tools.
Preparing to unpack .../60-thin-provisioning-tools_0.6.1-4+b1_ppc64el.deb ...
Unpacking thin-provisioning-tools (0.6.1-4+b1) ...
Selecting previously unselected package vim-runtime.
Preparing to unpack .../61-vim-runtime_2%3a8.0.0197-4+deb9u1_all.deb ...
Adding 'diversion of /usr/share/vim/vim80/doc/help.txt to /usr/share/vim/vim80/doc/help.txt.vim-tiny by vim-runtime'
Adding 'diversion of /usr/share/vim/vim80/doc/tags to /usr/share/vim/vim80/doc/tags.vim-tiny by vim-runtime'
Unpacking vim-runtime (2:8.0.0197-4+deb9u1) ...
Selecting previously unselected package vim.
Preparing to unpack .../62-vim_2%3a8.0.0197-4+deb9u1_ppc64el.deb ...
Unpacking vim (2:8.0.0197-4+deb9u1) ...
Selecting previously unselected package xfsprogs.
Preparing to unpack .../63-xfsprogs_4.9.0+nmu1_ppc64el.deb ...
Unpacking xfsprogs (4.9.0+nmu1) ...
Selecting previously unselected package zip.
Preparing to unpack .../64-zip_3.0-11+b1_ppc64el.deb ...
Unpacking zip (3.0-11+b1) ...
Selecting previously unselected package libapparmor-perl.
Preparing to unpack .../65-libapparmor-perl_2.11.0-3+deb9u2_ppc64el.deb ...
Unpacking libapparmor-perl (2.11.0-3+deb9u2) ...
Selecting previously unselected package apparmor.
Preparing to unpack .../66-apparmor_2.11.0-3+deb9u2_ppc64el.deb ...
Unpacking apparmor (2.11.0-3+deb9u2) ...
Selecting previously unselected package binutils-mingw-w64-i686.
Preparing to unpack .../67-binutils-mingw-w64-i686_2.28-5+7.4+b4_ppc64el.deb ...
Unpacking binutils-mingw-w64-i686 (2.28-5+7.4+b4) ...
Selecting previously unselected package binutils-mingw-w64-x86-64.
Preparing to unpack .../68-binutils-mingw-w64-x86-64_2.28-5+7.4+b4_ppc64el.deb ...
Unpacking binutils-mingw-w64-x86-64 (2.28-5+7.4+b4) ...
Selecting previously unselected package binutils-mingw-w64.
Preparing to unpack .../69-binutils-mingw-w64_2.27.90.20161231-1+7.4_all.deb ...
Unpacking binutils-mingw-w64 (2.27.90.20161231-1+7.4) ...
Selecting previously unselected package mingw-w64-common.
Preparing to unpack .../70-mingw-w64-common_5.0.1-1_all.deb ...
Unpacking mingw-w64-common (5.0.1-1) ...
Selecting previously unselected package mingw-w64-x86-64-dev.
Preparing to unpack .../71-mingw-w64-x86-64-dev_5.0.1-1_all.deb ...
Unpacking mingw-w64-x86-64-dev (5.0.1-1) ...
Selecting previously unselected package gcc-mingw-w64-base.
Preparing to unpack .../72-gcc-mingw-w64-base_6.3.0-18+19.3+b3_ppc64el.deb ...
Unpacking gcc-mingw-w64-base (6.3.0-18+19.3+b3) ...
Selecting previously unselected package gcc-mingw-w64-x86-64.
Preparing to unpack .../73-gcc-mingw-w64-x86-64_6.3.0-18+19.3+b3_ppc64el.deb ...
Unpacking gcc-mingw-w64-x86-64 (6.3.0-18+19.3+b3) ...
Selecting previously unselected package g++-mingw-w64-x86-64.
Preparing to unpack .../74-g++-mingw-w64-x86-64_6.3.0-18+19.3+b3_ppc64el.deb ...
Unpacking g++-mingw-w64-x86-64 (6.3.0-18+19.3+b3) ...
Selecting previously unselected package python-mock.
Preparing to unpack .../75-python-mock_2.0.0-3_all.deb ...
Unpacking python-mock (2.0.0-3) ...
Setting up aufs-tools (1:4.1+20161219-1) ...
Setting up binutils-mingw-w64-x86-64 (2.28-5+7.4+b4) ...
Setting up libsepol1-dev:ppc64el (2.6-2) ...
Setting up python-pip-whl (9.0.1-2+deb9u1) ...
Setting up python-urllib3 (1.19.1-1) ...
Setting up libnet1:ppc64el (1.1.6+dfsg-3) ...
Setting up libip4tc0:ppc64el (1.6.0+snapshot20161117-6) ...
Processing triggers for mime-support (3.60) ...
Setting up xxd (2:8.0.0197-4+deb9u1) ...
Setting up libgpm2:ppc64el (1.20.4-6.2+b1) ...
Setting up libcap2-bin (1:2.25-1) ...
Setting up binutils-mingw-w64-i686 (2.28-5+7.4+b4) ...
Setting up binutils-mingw-w64 (2.27.90.20161231-1+7.4) ...
Setting up python-ply (3.9-1) ...
Setting up bash-completion (1:2.1-4.3) ...
Setting up libssl-dev:ppc64el (1.1.0j-1~deb9u1) ...
Setting up libonig4:ppc64el (6.1.3-2) ...
Setting up python-wheel (0.29.0-2) ...
Setting up libffi-dev:ppc64el (3.2.1-6) ...
Setting up libprotobuf-c1:ppc64el (1.2.1-2) ...
Setting up python-pkg-resources (33.1.1-1) ...
Setting up zip (3.0-11+b1) ...
Setting up python-backports.ssl-match-hostname (3.5.0.1-1) ...
Setting up bzip2 (1.0.6-8.1) ...
Setting up python-websocket (0.37.0-2) ...
update-alternatives: using /usr/bin/python2-wsdump to provide /usr/bin/wsdump (wsdump) in auto mode
Setting up gcc-mingw-w64-base (6.3.0-18+19.3+b3) ...
Setting up libjq1:ppc64el (1.5+dfsg-1.3) ...
Setting up python-cffi-backend (1.9.1-2) ...
Processing triggers for libc-bin (2.24-11+deb9u4) ...
Setting up libaio1:ppc64el (0.3.110-3) ...
Setting up libxtables12:ppc64el (1.6.0+snapshot20161117-6) ...
Setting up xz-utils (5.2.2-1.2+b1) ...
update-alternatives: using /usr/bin/xz to provide /usr/bin/lzma (lzma) in auto mode
Setting up python-pbr (1.10.0-1) ...
update-alternatives: using /usr/bin/python2-pbr to provide /usr/bin/pbr (pbr) in auto mode
Setting up thin-provisioning-tools (0.6.1-4+b1) ...
Setting up libpython2.7:ppc64el (2.7.13-2+deb9u3) ...
Setting up vim-common (2:8.0.0197-4+deb9u1) ...
Setting up python-funcsigs (1.0.2-3) ...
Setting up libexpat1-dev:ppc64el (2.2.0-2+deb9u1) ...
Setting up libpcrecpp0v5:ppc64el (2:8.39-3) ...
Setting up libpcre32-3:ppc64el (2:8.39-3) ...
Setting up libnfnetlink0:ppc64el (1.0.1-3) ...
Setting up vim-runtime (2:8.0.0197-4+deb9u1) ...
Setting up libsystemd-dev:ppc64el (232-25+deb9u11) ...
Setting up libpython2.7-dev:ppc64el (2.7.13-2+deb9u3) ...
Setting up libpcre16-3:ppc64el (2:8.39-3) ...
Setting up libreadline5:ppc64el (5.2+dfsg-3+b1) ...
Setting up libnl-3-200:ppc64el (3.2.27-2) ...
Setting up net-tools (1.60+git20161116.90da8a0-1) ...
Setting up python-pip (9.0.1-2+deb9u1) ...
Setting up libudev-dev:ppc64el (232-25+deb9u11) ...
Setting up python2.7-dev (2.7.13-2+deb9u3) ...
Setting up pigz (2.3.4-1) ...
Setting up libapparmor-perl (2.11.0-3+deb9u2) ...
Setting up libmpdec2:ppc64el (2.4.2-1) ...
Setting up libip6tc0:ppc64el (1.6.0+snapshot20161117-6) ...
Setting up mingw-w64-common (5.0.1-1) ...
Setting up liblzo2-2:ppc64el (2.08-1.2+b2) ...
Setting up libpython-dev:ppc64el (2.7.13-2) ...
Setting up python-setuptools (33.1.1-1) ...
Setting up jq (1.5+dfsg-1.3) ...
Setting up libpcre3-dev:ppc64el (2:8.39-3) ...
Setting up libnetfilter-conntrack3:ppc64el (1.0.6-2) ...
Setting up python-chardet (2.3.0-2) ...
Setting up xfsprogs (4.9.0+nmu1) ...
Setting up python-pycparser (2.17-2) ...
Setting up vim (2:8.0.0197-4+deb9u1) ...
update-alternatives: using /usr/bin/vim.basic to provide /usr/bin/vim (vim) in auto mode
update-alternatives: using /usr/bin/vim.basic to provide /usr/bin/vimdiff (vimdiff) in auto mode
update-alternatives: using /usr/bin/vim.basic to provide /usr/bin/rvim (rvim) in auto mode
update-alternatives: using /usr/bin/vim.basic to provide /usr/bin/rview (rview) in auto mode
update-alternatives: using /usr/bin/vim.basic to provide /usr/bin/vi (vi) in auto mode
update-alternatives: using /usr/bin/vim.basic to provide /usr/bin/view (view) in auto mode
update-alternatives: using /usr/bin/vim.basic to provide /usr/bin/ex (ex) in auto mode
update-alternatives: using /usr/bin/vim.basic to provide /usr/bin/editor (editor) in auto mode
Setting up python-dev (2.7.13-2) ...
Setting up libpython3.5-stdlib:ppc64el (3.5.3-1+deb9u1) ...
Setting up python-mock (2.0.0-3) ...
Setting up libiptc0:ppc64el (1.6.0+snapshot20161117-6) ...
Setting up mingw-w64-x86-64-dev (5.0.1-1) ...
Setting up iptables (1.6.0+snapshot20161117-6) ...
Setting up btrfs-progs (4.7.3-1) ...
Setting up python-cffi (1.9.1-2) ...
Setting up python-requests (2.12.4-1) ...
Setting up libselinux1-dev:ppc64el (2.6-3+b3) ...
Setting up python3.5 (3.5.3-1+deb9u1) ...
Setting up libpython3-stdlib:ppc64el (3.5.3-1) ...
Setting up gcc-mingw-w64-x86-64 (6.3.0-18+19.3+b3) ...
update-alternatives: using /usr/bin/x86_64-w64-mingw32-gcc-posix to provide /usr/bin/x86_64-w64-mingw32-gcc (x86_64-w64-mingw32-gcc) in auto mode
update-alternatives: warning: skip creation of /usr/bin/x86_64-w64-mingw32-gcc-6 because associated file /usr/bin/x86_64-w64-mingw32-gcc-6-posix (of link group x86_64-w64-mingw32-gcc) doesn't exist
update-alternatives: using /usr/bin/x86_64-w64-mingw32-gcc-win32 to provide /usr/bin/x86_64-w64-mingw32-gcc (x86_64-w64-mingw32-gcc) in auto mode
update-alternatives: warning: skip creation of /usr/bin/x86_64-w64-mingw32-gcc-6 because associated file /usr/bin/x86_64-w64-mingw32-gcc-6-win32 (of link group x86_64-w64-mingw32-gcc) doesn't exist
Setting up btrfs-tools (4.7.3-1) ...
Setting up g++-mingw-w64-x86-64 (6.3.0-18+19.3+b3) ...
update-alternatives: using /usr/bin/x86_64-w64-mingw32-g++-posix to provide /usr/bin/x86_64-w64-mingw32-g++ (x86_64-w64-mingw32-g++) in auto mode
update-alternatives: using /usr/bin/x86_64-w64-mingw32-g++-win32 to provide /usr/bin/x86_64-w64-mingw32-g++ (x86_64-w64-mingw32-g++) in auto mode
Setting up python3 (3.5.3-1) ...
running python rtupdate hooks for python3.5...
running python post-rtupdate hooks for python3.5...
Setting up apparmor (2.11.0-3+deb9u2) ...
debconf: unable to initialize frontend: Dialog
debconf: (TERM is not set, so the dialog frontend is not usable.)
debconf: falling back to frontend: Readline
update-rc.d: warning: start and stop actions are no longer supported; falling back to defaults
diff: /var/lib/apparmor/profiles/.apparmor.md5sums: No such file or directory
Setting up libdevmapper1.02.1:ppc64el (2:1.02.137-2) ...
Setting up libdevmapper-event1.02.1:ppc64el (2:1.02.137-2) ...
Setting up dmsetup (2:1.02.137-2) ...
Setting up dh-python (2.20170125) ...
Setting up libdevmapper-dev:ppc64el (2:1.02.137-2) ...
Processing triggers for libc-bin (2.24-11+deb9u4) ...
Removing intermediate container 46f1f59c90cd
 ---> 55476de30c03
Step 89/112 : COPY --from=swagger /build/swagger* /usr/local/bin/
 ---> d7f51e5d1a2e
Step 90/112 : COPY --from=frozen-images /build/ /docker-frozen-images
 ---> 9fff6aca775a
Step 91/112 : COPY --from=gometalinter /build/ /usr/local/bin/
 ---> c6e70ce8e3de
Step 92/112 : COPY --from=tomlv /build/ /usr/local/bin/
 ---> 3aa1fcbe3a3b
Step 93/112 : COPY --from=vndr /build/ /usr/local/bin/
 ---> 0661fd9c7fd7
Step 94/112 : COPY --from=tini /build/ /usr/local/bin/
 ---> 1c61e12cea6e
Step 95/112 : COPY --from=runc /build/ /usr/local/bin/
 ---> d85cc58e6a03
Step 96/112 : COPY --from=containerd /build/ /usr/local/bin/
 ---> dfe0d18a1be1
Step 97/112 : COPY --from=proxy /build/ /usr/local/bin/
 ---> 3cec89919bca
Step 98/112 : COPY --from=dockercli /build/ /usr/local/cli
 ---> 3243c3a720b4
Step 99/112 : COPY --from=registry /build/registry* /usr/local/bin/
 ---> 3c67c37570bd
Step 100/112 : COPY --from=criu /build/ /usr/local/
 ---> eb5784b23071
Step 101/112 : COPY --from=docker-py /build/ /docker-py
 ---> 2b64f1c1d7f7
Step 102/112 : RUN cd /docker-py 	&& pip install docker-pycreds==0.4.0 	&& pip install paramiko==2.4.2 	&& pip install yamllint==1.5.0 	&& pip install -r test-requirements.txt
 ---> Running in ce095761e53a
Collecting docker-pycreds==0.4.0
  Downloading https://files.pythonhosted.org/packages/f5/e8/f6bd1eee09314e7e6dee49cbe2c5e22314ccdb38db16c9fc72d2fa80d054/docker_pycreds-0.4.0-py2.py3-none-any.whl
Requirement already satisfied: six>=1.4.0 in /usr/lib/python2.7/dist-packages (from docker-pycreds==0.4.0)
Installing collected packages: docker-pycreds
Successfully installed docker-pycreds-0.4.0
Collecting paramiko==2.4.2
  Downloading https://files.pythonhosted.org/packages/cf/ae/94e70d49044ccc234bfdba20114fa947d7ba6eb68a2e452d89b920e62227/paramiko-2.4.2-py2.py3-none-any.whl (193kB)
Collecting pynacl>=1.0.1 (from paramiko==2.4.2)
  Downloading https://files.pythonhosted.org/packages/61/ab/2ac6dea8489fa713e2b4c6c5b549cc962dd4a842b5998d9e80cf8440b7cd/PyNaCl-1.3.0.tar.gz (3.4MB)
Collecting cryptography>=1.5 (from paramiko==2.4.2)
  Downloading https://files.pythonhosted.org/packages/c2/95/f43d02315f4ec074219c6e3124a87eba1d2d12196c2767fadfdc07a83884/cryptography-2.7.tar.gz (495kB)
Collecting bcrypt>=3.1.3 (from paramiko==2.4.2)
  Downloading https://files.pythonhosted.org/packages/ce/3a/3d540b9f5ee8d92ce757eebacf167b9deedb8e30aedec69a2a072b2399bb/bcrypt-3.1.6.tar.gz (42kB)
Collecting pyasn1>=0.1.7 (from paramiko==2.4.2)
  Downloading https://files.pythonhosted.org/packages/7b/7c/c9386b82a25115cccf1903441bba3cbadcfae7b678a20167347fa8ded34c/pyasn1-0.4.5-py2.py3-none-any.whl (73kB)
Requirement already satisfied: cffi>=1.4.1 in /usr/lib/python2.7/dist-packages (from pynacl>=1.0.1->paramiko==2.4.2)
Requirement already satisfied: six in /usr/lib/python2.7/dist-packages (from pynacl>=1.0.1->paramiko==2.4.2)
Collecting asn1crypto>=0.21.0 (from cryptography>=1.5->paramiko==2.4.2)
  Downloading https://files.pythonhosted.org/packages/ea/cd/35485615f45f30a510576f1a56d1e0a7ad7bd8ab5ed7cdc600ef7cd06222/asn1crypto-0.24.0-py2.py3-none-any.whl (101kB)
Collecting enum34 (from cryptography>=1.5->paramiko==2.4.2)
  Downloading https://files.pythonhosted.org/packages/c5/db/e56e6b4bbac7c4a06de1c50de6fe1ef3810018ae11732a50f15f62c7d050/enum34-1.1.6-py2-none-any.whl
Collecting ipaddress (from cryptography>=1.5->paramiko==2.4.2)
  Downloading https://files.pythonhosted.org/packages/fc/d0/7fc3a811e011d4b388be48a0e381db8d990042df54aa4ef4599a31d39853/ipaddress-1.0.22-py2.py3-none-any.whl
Building wheels for collected packages: pynacl, cryptography, bcrypt
  Running setup.py bdist_wheel for pynacl: started
  Running setup.py bdist_wheel for pynacl: still running...
  Running setup.py bdist_wheel for pynacl: still running...
  Running setup.py bdist_wheel for pynacl: finished with status 'done'
  Stored in directory: /root/.cache/pip/wheels/c1/10/e7/66597ff71adf8cb7403527243c4b57c66a0d1dfdd8adf2eae4
  Running setup.py bdist_wheel for cryptography: started
  Running setup.py bdist_wheel for cryptography: finished with status 'done'
  Stored in directory: /root/.cache/pip/wheels/d0/02/96/64b1439e5409591b6b0294d1da2f66a4ae4f0548d1bdb225b7
  Running setup.py bdist_wheel for bcrypt: started
  Running setup.py bdist_wheel for bcrypt: finished with status 'done'
  Stored in directory: /root/.cache/pip/wheels/6c/f0/60/8a8ebee44d14d3d6696f1e78960500777cb5b579caf33c1fe3
Successfully built pynacl cryptography bcrypt
Installing collected packages: pynacl, asn1crypto, enum34, ipaddress, cryptography, bcrypt, pyasn1, paramiko
Successfully installed asn1crypto-0.24.0 bcrypt-3.1.6 cryptography-2.7 enum34-1.1.6 ipaddress-1.0.22 paramiko-2.4.2 pyasn1-0.4.5 pynacl-1.3.0
Collecting yamllint==1.5.0
  Downloading https://files.pythonhosted.org/packages/64/93/2a2e99b04f4a2f2adb26f4f543770310bf6303b3af492345c4a700d14f4e/yamllint-1.5.0-py2.py3-none-any.whl
Collecting pyyaml (from yamllint==1.5.0)
  Downloading https://files.pythonhosted.org/packages/9f/2c/9417b5c774792634834e730932745bc09a7d36754ca00acf1ccd1ac2594d/PyYAML-5.1.tar.gz (274kB)
Building wheels for collected packages: pyyaml
  Running setup.py bdist_wheel for pyyaml: started
  Running setup.py bdist_wheel for pyyaml: finished with status 'done'
  Stored in directory: /root/.cache/pip/wheels/ad/56/bc/1522f864feb2a358ea6f1a92b4798d69ac783a28e80567a18b
Successfully built pyyaml
Installing collected packages: pyyaml, yamllint
Successfully installed pyyaml-5.1 yamllint-1.5.0
[91mIgnoring flake8: markers 'python_version == "3.3"' don't match your environment
[0m[91mIgnoring pytest: markers 'python_version == "3.3"' don't match your environment
[0m[91mIgnoring pytest-cov: markers 'python_version == "3.3"' don't match your environment
[0mCollecting coverage==4.5.2 (from -r test-requirements.txt (line 1))
  Downloading https://files.pythonhosted.org/packages/fb/af/ce7b0fe063ee0142786ee53ad6197979491ce0785567b6d8be751d2069e8/coverage-4.5.2.tar.gz (384kB)
Collecting flake8==3.6.0 (from -r test-requirements.txt (line 2))
  Downloading https://files.pythonhosted.org/packages/34/a6/49e2849a0e5464e1b5d621f63bc8453066f0f367bb3b744a33fca0bc1ddd/flake8-3.6.0-py2.py3-none-any.whl (68kB)
Collecting mock==1.0.1 (from -r test-requirements.txt (line 4))
  Downloading https://files.pythonhosted.org/packages/a2/52/7edcd94f0afb721a2d559a5b9aae8af4f8f2c79bc63fdbe8a8a6c9b23bbe/mock-1.0.1.tar.gz (818kB)
Collecting pytest==4.1.0 (from -r test-requirements.txt (line 6))
  Downloading https://files.pythonhosted.org/packages/95/6a/4122affe57eb3857874ef959a73f362e51b23812b96c92e073b16e1effd0/pytest-4.1.0-py2.py3-none-any.whl (215kB)
Collecting pytest-cov==2.6.1 (from -r test-requirements.txt (line 7))
  Downloading https://files.pythonhosted.org/packages/7d/b5/92f32674ab954f80499ac73347bfeb815545ea295439c12b0ef3ac8f0975/pytest_cov-2.6.1-py2.py3-none-any.whl
Collecting pytest-timeout==1.3.3 (from -r test-requirements.txt (line 9))
  Downloading https://files.pythonhosted.org/packages/58/92/f60ea2e27074d6f97c8aaf21e34d1f838eb623e4b8070680846c65318a10/pytest_timeout-1.3.3-py2.py3-none-any.whl
Collecting configparser; python_version < "3.2" (from flake8==3.6.0->-r test-requirements.txt (line 2))
  Downloading https://files.pythonhosted.org/packages/ba/05/6c96328e92e625fc31445d24d75a2c92ef9ba34fc5b037fe69693c362a0d/configparser-3.7.4-py2.py3-none-any.whl
Requirement already satisfied: setuptools>=30 in /usr/lib/python2.7/dist-packages (from flake8==3.6.0->-r test-requirements.txt (line 2))
Collecting pycodestyle<2.5.0,>=2.4.0 (from flake8==3.6.0->-r test-requirements.txt (line 2))
  Downloading https://files.pythonhosted.org/packages/e5/c6/ce130213489969aa58610042dff1d908c25c731c9575af6935c2dfad03aa/pycodestyle-2.4.0-py2.py3-none-any.whl (62kB)
Requirement already satisfied: enum34; python_version < "3.4" in /usr/local/lib/python2.7/dist-packages (from flake8==3.6.0->-r test-requirements.txt (line 2))
Collecting mccabe<0.7.0,>=0.6.0 (from flake8==3.6.0->-r test-requirements.txt (line 2))
  Downloading https://files.pythonhosted.org/packages/87/89/479dc97e18549e21354893e4ee4ef36db1d237534982482c3681ee6e7b57/mccabe-0.6.1-py2.py3-none-any.whl
Collecting pyflakes<2.1.0,>=2.0.0 (from flake8==3.6.0->-r test-requirements.txt (line 2))
  Downloading https://files.pythonhosted.org/packages/44/98/af7a72c9a543b1487d92813c648cb9b9adfbc96faef5455d60f4439aa99b/pyflakes-2.0.0-py2.py3-none-any.whl (53kB)
Collecting attrs>=17.4.0 (from pytest==4.1.0->-r test-requirements.txt (line 6))
  Downloading https://files.pythonhosted.org/packages/23/96/d828354fa2dbdf216eaa7b7de0db692f12c234f7ef888cc14980ef40d1d2/attrs-19.1.0-py2.py3-none-any.whl
Collecting pluggy>=0.7 (from pytest==4.1.0->-r test-requirements.txt (line 6))
  Downloading https://files.pythonhosted.org/packages/06/ee/de89e0582276e3551df3110088bf20844de2b0e7df2748406876cc78e021/pluggy-0.12.0-py2.py3-none-any.whl
Collecting more-itertools>=4.0.0 (from pytest==4.1.0->-r test-requirements.txt (line 6))
  Downloading https://files.pythonhosted.org/packages/2f/9d/dcfe59e213093695f108508af1214cf9cd95cc5489e46877ec5cb56369e5/more_itertools-5.0.0-py2-none-any.whl (52kB)
Collecting pathlib2>=2.2.0; python_version < "3.6" (from pytest==4.1.0->-r test-requirements.txt (line 6))
  Downloading https://files.pythonhosted.org/packages/2a/46/c696dcf1c7aad917b39b875acdc5451975e3a9b4890dca8329983201c97a/pathlib2-2.3.3-py2.py3-none-any.whl
Requirement already satisfied: funcsigs; python_version < "3.0" in /usr/lib/python2.7/dist-packages (from pytest==4.1.0->-r test-requirements.txt (line 6))
Requirement already satisfied: six>=1.10.0 in /usr/lib/python2.7/dist-packages (from pytest==4.1.0->-r test-requirements.txt (line 6))
Collecting py>=1.5.0 (from pytest==4.1.0->-r test-requirements.txt (line 6))
  Downloading https://files.pythonhosted.org/packages/76/bc/394ad449851729244a97857ee14d7cba61ddb268dce3db538ba2f2ba1f0f/py-1.8.0-py2.py3-none-any.whl (83kB)
Collecting atomicwrites>=1.0 (from pytest==4.1.0->-r test-requirements.txt (line 6))
  Downloading https://files.pythonhosted.org/packages/52/90/6155aa926f43f2b2a22b01be7241be3bfd1ceaf7d0b3267213e8127d41f4/atomicwrites-1.3.0-py2.py3-none-any.whl
Collecting importlib-metadata>=0.12 (from pluggy>=0.7->pytest==4.1.0->-r test-requirements.txt (line 6))
  Downloading https://files.pythonhosted.org/packages/7f/72/5e13a37e989bdb54ac3f52808e122cbd9b878ac980f932dc237ff64f8a00/importlib_metadata-0.17-py2.py3-none-any.whl
Collecting scandir; python_version < "3.5" (from pathlib2>=2.2.0; python_version < "3.6"->pytest==4.1.0->-r test-requirements.txt (line 6))
  Downloading https://files.pythonhosted.org/packages/df/f5/9c052db7bd54d0cbf1bc0bb6554362bba1012d03e5888950a4f5c5dadc4e/scandir-1.10.0.tar.gz
Collecting zipp>=0.5 (from importlib-metadata>=0.12->pluggy>=0.7->pytest==4.1.0->-r test-requirements.txt (line 6))
  Downloading https://files.pythonhosted.org/packages/a0/0f/9bf71d438d2e9d5fd0e4569ea4d1a2b6f5a524c234c6d221b494298bb4d1/zipp-0.5.1-py2.py3-none-any.whl
Collecting contextlib2; python_version < "3" (from importlib-metadata>=0.12->pluggy>=0.7->pytest==4.1.0->-r test-requirements.txt (line 6))
  Downloading https://files.pythonhosted.org/packages/a2/71/8273a7eeed0aff6a854237ab5453bc9aa67deb49df4832801c21f0ff3782/contextlib2-0.5.5-py2.py3-none-any.whl
Building wheels for collected packages: coverage, mock, scandir
  Running setup.py bdist_wheel for coverage: started
  Running setup.py bdist_wheel for coverage: finished with status 'done'
  Stored in directory: /root/.cache/pip/wheels/df/22/59/f868f589c4010f2463a3eb49d55344e5ae7d8c3921cdadea86
  Running setup.py bdist_wheel for mock: started
  Running setup.py bdist_wheel for mock: finished with status 'done'
  Stored in directory: /root/.cache/pip/wheels/7e/72/92/744b532c779242b57aab4bcba80c312b30c069bbd60025e7e6
  Running setup.py bdist_wheel for scandir: started
  Running setup.py bdist_wheel for scandir: finished with status 'done'
  Stored in directory: /root/.cache/pip/wheels/91/95/75/19c98a91239878abbc7c59970abd3b4e0438a7dd5b61778335
Successfully built coverage mock scandir
Installing collected packages: coverage, configparser, pycodestyle, mccabe, pyflakes, flake8, mock, attrs, zipp, contextlib2, scandir, pathlib2, importlib-metadata, pluggy, more-itertools, py, atomicwrites, pytest, pytest-cov, pytest-timeout
  Found existing installation: mock 2.0.0
    Not uninstalling mock at /usr/lib/python2.7/dist-packages, outside environment /usr
Successfully installed atomicwrites-1.3.0 attrs-19.1.0 configparser-3.7.4 contextlib2-0.5.5 coverage-4.5.2 flake8-3.6.0 importlib-metadata-0.17 mccabe-0.6.1 mock-1.0.1 more-itertools-5.0.0 pathlib2-2.3.3 pluggy-0.12.0 py-1.8.0 pycodestyle-2.4.0 pyflakes-2.0.0 pytest-4.1.0 pytest-cov-2.6.1 pytest-timeout-1.3.3 scandir-1.10.0 zipp-0.5.1
Removing intermediate container ce095761e53a
 ---> e73e59a0149f
Step 103/112 : COPY --from=rootlesskit /build/ /usr/local/bin/
 ---> ada3945c21ac
Step 104/112 : COPY --from=djs55/vpnkit@sha256:e508a17cfacc8fd39261d5b4e397df2b953690da577e2c987a47630cd0c42f8e /vpnkit /usr/local/bin/vpnkit.x86_64
sha256:e508a17cfacc8fd39261d5b4e397df2b953690da577e2c987a47630cd0c42f8e: Pulling from djs55/vpnkit
bad55c542dc9: Pulling fs layer
bad55c542dc9: Verifying Checksum
bad55c542dc9: Download complete
bad55c542dc9: Pull complete
Digest: sha256:e508a17cfacc8fd39261d5b4e397df2b953690da577e2c987a47630cd0c42f8e
Status: Downloaded newer image for djs55/vpnkit@sha256:e508a17cfacc8fd39261d5b4e397df2b953690da577e2c987a47630cd0c42f8e
 ---> e8e79f91b044
Step 105/112 : ENV PATH=/usr/local/cli:$PATH
 ---> Running in ac6c7bafd5db
Removing intermediate container ac6c7bafd5db
 ---> f022c69f498b
Step 106/112 : ENV DOCKER_BUILDTAGS apparmor seccomp selinux
 ---> Running in 7c59b06b211f
Removing intermediate container 7c59b06b211f
 ---> 32f872d3c72b
Step 107/112 : ENV GOMETALINTER_OPTS="--deadline=2m"
 ---> Running in 1b9b67354ec1
Removing intermediate container 1b9b67354ec1
 ---> 0a38d7e3f8e4
Step 108/112 : WORKDIR /go/src/github.com/docker/docker
 ---> Running in 9f2c49695dd5
Removing intermediate container 9f2c49695dd5
 ---> 73a1175c00d9
Step 109/112 : VOLUME /var/lib/docker
 ---> Running in 23f1057a3d3d
Removing intermediate container 23f1057a3d3d
 ---> 92b91b781ba7
Step 110/112 : ENTRYPOINT ["hack/dind"]
 ---> Running in 31608129719a
Removing intermediate container 31608129719a
 ---> 6c1af3d33ec3
Step 111/112 : FROM dev AS final
 ---> 6c1af3d33ec3
Step 112/112 : COPY . /go/src/github.com/docker/docker
 ---> 72114e4d1fe4
Successfully built 72114e4d1fe4
Successfully tagged docker-powerpc:e7fbe8e
?   	github.com/docker/docker/api	[no test files]
ok  	github.com/docker/docker/api/server	0.005s	coverage: 7.9% of statements
?   	github.com/docker/docker/api/server/backend/build	[no test files]
ok  	github.com/docker/docker/api/server/httputils	0.005s	coverage: 14.7% of statements
ok  	github.com/docker/docker/api/server/middleware	0.006s	coverage: 43.4% of statements
?   	github.com/docker/docker/api/server/router	[no test files]
?   	github.com/docker/docker/api/server/router/build	[no test files]
?   	github.com/docker/docker/api/server/router/checkpoint	[no test files]
?   	github.com/docker/docker/api/server/router/container	[no test files]
?   	github.com/docker/docker/api/server/router/debug	[no test files]
?   	github.com/docker/docker/api/server/router/distribution	[no test files]
?   	github.com/docker/docker/api/server/router/grpc	[no test files]
?   	github.com/docker/docker/api/server/router/image	[no test files]
?   	github.com/docker/docker/api/server/router/network	[no test files]
?   	github.com/docker/docker/api/server/router/plugin	[no test files]
?   	github.com/docker/docker/api/server/router/session	[no test files]
ok  	github.com/docker/docker/api/server/router/swarm	0.005s	coverage: 3.1% of statements
?   	github.com/docker/docker/api/server/router/system	[no test files]
?   	github.com/docker/docker/api/server/router/volume	[no test files]
?   	github.com/docker/docker/api/types	[no test files]
?   	github.com/docker/docker/api/types/backend	[no test files]
?   	github.com/docker/docker/api/types/blkiodev	[no test files]
?   	github.com/docker/docker/api/types/container	[no test files]
?   	github.com/docker/docker/api/types/events	[no test files]
ok  	github.com/docker/docker/api/types/filters	0.004s	coverage: 95.2% of statements
?   	github.com/docker/docker/api/types/image	[no test files]
?   	github.com/docker/docker/api/types/mount	[no test files]
?   	github.com/docker/docker/api/types/network	[no test files]
?   	github.com/docker/docker/api/types/plugins/logdriver	[no test files]
?   	github.com/docker/docker/api/types/registry	[no test files]
ok  	github.com/docker/docker/api/types/strslice	0.003s	coverage: 90.0% of statements
?   	github.com/docker/docker/api/types/swarm	[no test files]
?   	github.com/docker/docker/api/types/swarm/runtime	[no test files]
ok  	github.com/docker/docker/api/types/time	0.004s	coverage: 100.0% of statements
ok  	github.com/docker/docker/api/types/versions	0.003s	coverage: 75.0% of statements
?   	github.com/docker/docker/api/types/versions/v1p19	[no test files]
?   	github.com/docker/docker/api/types/versions/v1p20	[no test files]
?   	github.com/docker/docker/api/types/volume	[no test files]
?   	github.com/docker/docker/builder	[no test files]
?   	github.com/docker/docker/builder/builder-next	[no test files]
?   	github.com/docker/docker/builder/builder-next/adapters/containerimage	[no test files]
?   	github.com/docker/docker/builder/builder-next/adapters/localinlinecache	[no test files]
?   	github.com/docker/docker/builder/builder-next/adapters/snapshot	[no test files]
?   	github.com/docker/docker/builder/builder-next/exporter	[no test files]
?   	github.com/docker/docker/builder/builder-next/imagerefchecker	[no test files]
?   	github.com/docker/docker/builder/builder-next/worker	[no test files]
ok  	github.com/docker/docker/builder/dockerfile	0.507s	coverage: 45.1% of statements
ok  	github.com/docker/docker/builder/dockerignore	0.002s	coverage: 96.8% of statements
ok  	github.com/docker/docker/builder/fscache	0.120s	coverage: 69.2% of statements
ok  	github.com/docker/docker/builder/remotecontext	0.199s	coverage: 13.6% of statements
ok  	github.com/docker/docker/builder/remotecontext/git	1.024s	coverage: 85.1% of statements
?   	github.com/docker/docker/cli	[no test files]
?   	github.com/docker/docker/cli/config	[no test files]
ok  	github.com/docker/docker/cli/debug	0.003s	coverage: 100.0% of statements
ok  	github.com/docker/docker/client	0.268s	coverage: 75.8% of statements
ok  	github.com/docker/docker/cmd/dockerd	0.072s	coverage: 29.0% of statements
ok  	github.com/docker/docker/cmd/dockerd/hack	0.003s	coverage: 72.9% of statements
ok  	github.com/docker/docker/container	0.123s	coverage: 35.3% of statements
?   	github.com/docker/docker/container/stream	[no test files]
?   	github.com/docker/docker/contrib/apparmor	[no test files]
?   	github.com/docker/docker/contrib/docker-device-tool	[no test files]
?   	github.com/docker/docker/contrib/httpserver	[no test files]
ok  	github.com/docker/docker/daemon	12.168s	coverage: 17.4% of statements
ok  	github.com/docker/docker/daemon/cluster	0.058s	coverage: 0.5% of statements
ok  	github.com/docker/docker/daemon/cluster/controllers/plugin	0.014s	coverage: 65.3% of statements
ok  	github.com/docker/docker/daemon/cluster/convert	0.012s	coverage: 35.8% of statements
?   	github.com/docker/docker/daemon/cluster/executor	[no test files]
ok  	github.com/docker/docker/daemon/cluster/executor/container	3.457s	coverage: 13.7% of statements
?   	github.com/docker/docker/daemon/cluster/provider	[no test files]
ok  	github.com/docker/docker/daemon/config	0.056s	coverage: 84.2% of statements
ok  	github.com/docker/docker/daemon/discovery	0.005s	coverage: 30.4% of statements
ok  	github.com/docker/docker/daemon/events	0.062s	coverage: 50.0% of statements
?   	github.com/docker/docker/daemon/events/testutils	[no test files]
?   	github.com/docker/docker/daemon/exec	[no test files]
ok  	github.com/docker/docker/daemon/graphdriver	0.006s	coverage: 2.2% of statements
ok  	github.com/docker/docker/daemon/graphdriver/aufs	5.474s	coverage: 68.8% of statements
ok  	github.com/docker/docker/daemon/graphdriver/btrfs	0.007s	coverage: 2.9% of statements
ok  	github.com/docker/docker/daemon/graphdriver/copy	0.565s	coverage: 57.0% of statements
ok  	github.com/docker/docker/daemon/graphdriver/devmapper	2.474s	coverage: 46.1% of statements
?   	github.com/docker/docker/daemon/graphdriver/graphtest	[no test files]
ok  	github.com/docker/docker/daemon/graphdriver/overlay	0.995s	coverage: 50.8% of statements
ok  	github.com/docker/docker/daemon/graphdriver/overlay2	1.967s	coverage: 52.4% of statements
?   	github.com/docker/docker/daemon/graphdriver/overlayutils	[no test files]
ok  	github.com/docker/docker/daemon/graphdriver/quota	0.327s	coverage: 75.2% of statements
?   	github.com/docker/docker/daemon/graphdriver/register	[no test files]
ok  	github.com/docker/docker/daemon/graphdriver/vfs	0.009s	coverage: 58.0% of statements
ok  	github.com/docker/docker/daemon/graphdriver/zfs	0.008s	coverage: 3.0% of statements
ok  	github.com/docker/docker/daemon/images	0.017s	coverage: 4.9% of statements
?   	github.com/docker/docker/daemon/initlayer	[no test files]
ok  	github.com/docker/docker/daemon/links	0.003s	coverage: 93.0% of statements
?   	github.com/docker/docker/daemon/listeners	[no test files]
ok  	github.com/docker/docker/daemon/logger	0.231s	coverage: 42.7% of statements
ok  	github.com/docker/docker/daemon/logger/awslogs	0.289s	coverage: 78.2% of statements
?   	github.com/docker/docker/daemon/logger/fluentd	[no test files]
?   	github.com/docker/docker/daemon/logger/gcplogs	[no test files]
ok  	github.com/docker/docker/daemon/logger/gelf	0.007s	coverage: 68.2% of statements
ok  	github.com/docker/docker/daemon/logger/journald	0.006s	coverage: 26.2% of statements
ok  	github.com/docker/docker/daemon/logger/jsonfilelog	0.008s	coverage: 62.1% of statements
ok  	github.com/docker/docker/daemon/logger/jsonfilelog/jsonlog	0.005s	coverage: 88.3% of statements
ok  	github.com/docker/docker/daemon/logger/local	0.031s	coverage: 74.7% of statements
?   	github.com/docker/docker/daemon/logger/logentries	[no test files]
ok  	github.com/docker/docker/daemon/logger/loggerutils	0.011s	coverage: 18.6% of statements
ok  	github.com/docker/docker/daemon/logger/splunk	1.846s	coverage: 84.5% of statements
ok  	github.com/docker/docker/daemon/logger/syslog	0.007s	coverage: 47.8% of statements
ok  	github.com/docker/docker/daemon/logger/templates	0.003s	coverage: 8.3% of statements
?   	github.com/docker/docker/daemon/names	[no test files]
ok  	github.com/docker/docker/daemon/network	0.005s	coverage: 63.8% of statements
?   	github.com/docker/docker/daemon/stats	[no test files]
ok  	github.com/docker/docker/distribution	0.348s	coverage: 17.0% of statements
ok  	github.com/docker/docker/distribution/metadata	0.065s	coverage: 48.2% of statements
?   	github.com/docker/docker/distribution/utils	[no test files]
ok  	github.com/docker/docker/distribution/xfer	1.428s	coverage: 83.9% of statements
?   	github.com/docker/docker/dockerversion	[no test files]
ok  	github.com/docker/docker/errdefs	0.005s	coverage: 51.6% of statements
ok  	github.com/docker/docker/image	0.031s	coverage: 86.4% of statements
ok  	github.com/docker/docker/image/cache	0.010s	coverage: 19.2% of statements
?   	github.com/docker/docker/image/tarexport	[no test files]
ok  	github.com/docker/docker/image/v1	0.011s	coverage: 25.0% of statements
ok  	github.com/docker/docker/internal/procfs	0.004s	coverage: 78.4% of statements
?   	github.com/docker/docker/internal/test	[no test files]
?   	github.com/docker/docker/internal/test/daemon	[no test files]
?   	github.com/docker/docker/internal/test/environment	[no test files]
?   	github.com/docker/docker/internal/test/fakecontext	[no test files]
?   	github.com/docker/docker/internal/test/fakegit	[no test files]
?   	github.com/docker/docker/internal/test/fakestorage	[no test files]
?   	github.com/docker/docker/internal/test/fixtures/load	[no test files]
?   	github.com/docker/docker/internal/test/fixtures/plugin	[no test files]
?   	github.com/docker/docker/internal/test/fixtures/plugin/basic	[no test files]
?   	github.com/docker/docker/internal/test/registry	[no test files]
?   	github.com/docker/docker/internal/test/request	[no test files]
ok  	github.com/docker/docker/internal/testutil	0.004s	coverage: 62.5% of statements
ok  	github.com/docker/docker/layer	7.366s	coverage: 72.1% of statements
?   	github.com/docker/docker/libcontainerd	[no test files]
ok  	github.com/docker/docker/libcontainerd/queue	0.022s	coverage: 100.0% of statements
?   	github.com/docker/docker/libcontainerd/remote	[no test files]
?   	github.com/docker/docker/libcontainerd/supervisor	[no test files]
?   	github.com/docker/docker/libcontainerd/types	[no test files]
?   	github.com/docker/docker/oci	[no test files]
?   	github.com/docker/docker/oci/caps	[no test files]
ok  	github.com/docker/docker/opts	0.035s	coverage: 67.3% of statements
ok  	github.com/docker/docker/pkg/aaparser	0.002s	coverage: 50.0% of statements
ok  	github.com/docker/docker/pkg/archive	0.751s	coverage: 77.0% of statements
ok  	github.com/docker/docker/pkg/authorization	0.871s	coverage: 66.7% of statements
ok  	github.com/docker/docker/pkg/broadcaster	0.002s	coverage: 100.0% of statements
ok  	github.com/docker/docker/pkg/capabilities	0.003s	coverage: 87.5% of statements
ok  	github.com/docker/docker/pkg/chrootarchive	3.456s	coverage: 37.0% of statements
?   	github.com/docker/docker/pkg/containerfs	[no test files]
?   	github.com/docker/docker/pkg/devicemapper	[no test files]
ok  	github.com/docker/docker/pkg/directory	0.004s	coverage: 80.0% of statements
ok  	github.com/docker/docker/pkg/discovery	0.005s	coverage: 58.3% of statements
ok  	github.com/docker/docker/pkg/discovery/file	0.004s	coverage: 97.6% of statements
ok  	github.com/docker/docker/pkg/discovery/kv	3.157s	coverage: 84.1% of statements
ok  	github.com/docker/docker/pkg/discovery/memory	0.003s	coverage: 92.3% of statements
ok  	github.com/docker/docker/pkg/discovery/nodes	0.004s	coverage: 93.8% of statements
ok  	github.com/docker/docker/pkg/dmesg	0.004s	coverage: 83.3% of statements
ok  	github.com/docker/docker/pkg/filenotify	0.603s	coverage: 66.3% of statements
ok  	github.com/docker/docker/pkg/fileutils	0.010s	coverage: 89.5% of statements
ok  	github.com/docker/docker/pkg/fsutils	0.189s	coverage: 85.1% of statements
ok  	github.com/docker/docker/pkg/homedir	0.004s	coverage: 10.2% of statements
ok  	github.com/docker/docker/pkg/idtools	0.268s	coverage: 70.2% of statements
ok  	github.com/docker/docker/pkg/ioutils	1.053s	coverage: 69.1% of statements
ok  	github.com/docker/docker/pkg/jsonmessage	0.004s	coverage: 91.7% of statements
ok  	github.com/docker/docker/pkg/locker	0.020s	coverage: 88.9% of statements
ok  	github.com/docker/docker/pkg/longpath	0.002s	coverage: 100.0% of statements
?   	github.com/docker/docker/pkg/loopback	[no test files]
ok  	github.com/docker/docker/pkg/mount	0.436s	coverage: 69.6% of statements
ok  	github.com/docker/docker/pkg/namesgenerator	0.003s	coverage: 85.7% of statements
?   	github.com/docker/docker/pkg/namesgenerator/cmd/names-generator	[no test files]
ok  	github.com/docker/docker/pkg/parsers	0.003s	coverage: 97.0% of statements
ok  	github.com/docker/docker/pkg/parsers/kernel	0.003s	coverage: 60.0% of statements
ok  	github.com/docker/docker/pkg/parsers/operatingsystem	0.003s	coverage: 90.0% of statements
ok  	github.com/docker/docker/pkg/pidfile	0.003s	coverage: 82.4% of statements
?   	github.com/docker/docker/pkg/platform	[no test files]
?   	github.com/docker/docker/pkg/plugingetter	[no test files]
ok  	github.com/docker/docker/pkg/plugins	33.623s	coverage: 76.8% of statements
ok  	github.com/docker/docker/pkg/plugins/pluginrpc-gen	0.012s	coverage: 56.8% of statements
?   	github.com/docker/docker/pkg/plugins/pluginrpc-gen/fixtures	[no test files]
?   	github.com/docker/docker/pkg/plugins/pluginrpc-gen/fixtures/otherfixture	[no test files]
ok  	github.com/docker/docker/pkg/plugins/transport	0.003s	coverage: 85.7% of statements
ok  	github.com/docker/docker/pkg/pools	0.003s	coverage: 87.9% of statements
ok  	github.com/docker/docker/pkg/progress	0.002s	coverage: 75.9% of statements
ok  	github.com/docker/docker/pkg/pubsub	1.088s	coverage: 72.7% of statements
ok  	github.com/docker/docker/pkg/reexec	0.008s	coverage: 82.4% of statements
ok  	github.com/docker/docker/pkg/signal	3.787s	coverage: 61.0% of statements
?   	github.com/docker/docker/pkg/signal/testfiles	[no test files]
ok  	github.com/docker/docker/pkg/stdcopy	0.004s	coverage: 100.0% of statements
ok  	github.com/docker/docker/pkg/streamformatter	0.004s	coverage: 66.2% of statements
ok  	github.com/docker/docker/pkg/stringid	0.003s	coverage: 76.0% of statements
ok  	github.com/docker/docker/pkg/symlink	0.013s	coverage: 87.7% of statements
ok  	github.com/docker/docker/pkg/sysinfo	0.008s	coverage: 81.2% of statements
ok  	github.com/docker/docker/pkg/system	0.022s	coverage: 35.8% of statements
ok  	github.com/docker/docker/pkg/tailfile	0.024s	coverage: 88.6% of statements
ok  	github.com/docker/docker/pkg/tarsum	0.112s	coverage: 89.3% of statements
ok  	github.com/docker/docker/pkg/term	0.005s	coverage: 85.9% of statements
ok  	github.com/docker/docker/pkg/term/windows	0.003s	coverage: 0.0% of statements [no tests to run]
ok  	github.com/docker/docker/pkg/truncindex	0.103s	coverage: 91.5% of statements
ok  	github.com/docker/docker/pkg/urlutil	0.002s	coverage: 100.0% of statements
ok  	github.com/docker/docker/pkg/useragent	0.002s	coverage: 88.9% of statements
ok  	github.com/docker/docker/plugin	0.547s	coverage: 27.3% of statements
?   	github.com/docker/docker/plugin/executor/containerd	[no test files]
ok  	github.com/docker/docker/plugin/v2	0.005s	coverage: 14.5% of statements
?   	github.com/docker/docker/profiles/apparmor	[no test files]
ok  	github.com/docker/docker/profiles/seccomp	0.007s	coverage: 69.1% of statements
ok  	github.com/docker/docker/reference	0.010s	coverage: 83.7% of statements
ok  	github.com/docker/docker/registry	0.222s	coverage: 56.9% of statements
ok  	github.com/docker/docker/registry/resumable	0.017s	coverage: 100.0% of statements
ok  	github.com/docker/docker/restartmanager	0.003s	coverage: 49.0% of statements
?   	github.com/docker/docker/rootless	[no test files]
?   	github.com/docker/docker/rootless/specconv	[no test files]
ok  	github.com/docker/docker/runconfig	0.014s	coverage: 68.2% of statements
?   	github.com/docker/docker/runconfig/opts	[no test files]
?   	github.com/docker/docker/volume	[no test files]
ok  	github.com/docker/docker/volume/drivers	0.007s	coverage: 36.1% of statements
ok  	github.com/docker/docker/volume/local	0.024s	coverage: 73.0% of statements
ok  	github.com/docker/docker/volume/mounts	0.040s	coverage: 67.0% of statements
ok  	github.com/docker/docker/volume/service	0.024s	coverage: 73.0% of statements
?   	github.com/docker/docker/volume/service/opts	[no test files]
?   	github.com/docker/docker/volume/testutils	[no test files]

Removing bundles/

---> Making bundle: dynbinary (in bundles/dynbinary)
Building: bundles/dynbinary-daemon/dockerd-dev
GOOS="" GOARCH="" GOARM=""
Created binary: bundles/dynbinary-daemon/dockerd-dev

---> Making bundle: test-integration (in bundles/test-integration)
Building test suite binary ./integration-cli/test.main
Building test suite binary ./integration/plugin/test.main
Building test suite binary ./integration/plugin/volumes/test.main
Building test suite binary ./integration/plugin/volumes/cmd/test.main
Building test suite binary ./integration/plugin/volumes/cmd/dummy/test.main
Building test suite binary ./integration/plugin/common/test.main
Building test suite binary ./integration/plugin/graphdriver/test.main
Building test suite binary ./integration/plugin/logging/test.main
Building test suite binary ./integration/plugin/logging/cmd/test.main
Building test suite binary ./integration/plugin/logging/cmd/close_on_start/test.main
Building test suite binary ./integration/plugin/logging/cmd/dummy/test.main
Building test suite binary ./integration/plugin/authz/test.main
Building test suite binary ./integration/session/test.main
Building test suite binary ./integration/system/test.main
Building test suite binary ./integration/build/test.main
Building test suite binary ./integration/network/test.main
Building test suite binary ./integration/network/macvlan/test.main
Building test suite binary ./integration/network/ipvlan/test.main
Building test suite binary ./integration/secret/test.main
Building test suite binary ./integration/service/test.main
Building test suite binary ./integration/config/test.main
Building test suite binary ./integration/image/test.main
Building test suite binary ./integration/container/test.main
Building test suite binary ./integration/volume/test.main
---> Making bundle: .integration-daemon-start (in bundles/test-integration)
Using test binary docker
/etc/init.d/apparmor: 130: /etc/init.d/apparmor: systemd-detect-virt: not found
Starting AppArmor profiles:Warning from stdin (line 1): /sbin/apparmor_parser: cannot use or update cache, disable, or force-complain via stdin
Warning failed to create cache: (null)
.
INFO: Waiting for daemon to start...
Starting dockerd
.
---> Making bundle: .integration-daemon-setup (in bundles/test-integration)
---> Making bundle: .ensure-emptyfs (in bundles/test-integration)
Error: No such image: emptyfs
Running integration-test (iteration 1)
Running /go/src/github.com/docker/docker/integration/plugin
testing: warning: no tests to run
PASS
Running /go/src/github.com/docker/docker/integration/plugin/volumes
Loaded image: buildpack-deps:jessie
Loaded image: busybox:latest
Loaded image: busybox:glibc
Loaded image: debian:jessie
Loaded image: hello-world:latest
INFO: Testing against a local daemon
=== RUN   TestPluginWithDevMounts
=== PAUSE TestPluginWithDevMounts
=== CONT  TestPluginWithDevMounts
--- PASS: TestPluginWithDevMounts (8.99s)
    mounts_test.go:23: Creating a new daemon
    daemon.go:317: [d7b5a19092f09] waiting for daemon to start
    daemon.go:335: [d7b5a19092f09] daemon started
    daemon.go:445: [d7b5a19092f09] Stopping daemon
    daemon.go:284: [d7b5a19092f09] exiting daemon
    daemon.go:432: [d7b5a19092f09] Daemon stopped
PASS
Running /go/src/github.com/docker/docker/integration/plugin/volumes/cmd
testing: warning: no tests to run
PASS
Running /go/src/github.com/docker/docker/integration/plugin/volumes/cmd/dummy
testing: warning: no tests to run
PASS
Running /go/src/github.com/docker/docker/integration/plugin/common
INFO: Testing against a local daemon
=== RUN   TestPluginInvalidJSON
=== RUN   TestPluginInvalidJSON//plugins/foobar/set
=== PAUSE TestPluginInvalidJSON//plugins/foobar/set
=== CONT  TestPluginInvalidJSON//plugins/foobar/set
--- PASS: TestPluginInvalidJSON (0.01s)
    --- PASS: TestPluginInvalidJSON//plugins/foobar/set (0.00s)
PASS
Running /go/src/github.com/docker/docker/integration/plugin/graphdriver
INFO: Testing against a local daemon
=== RUN   TestExternalGraphDriver
=== RUN   TestExternalGraphDriver/json
=== RUN   TestExternalGraphDriver/spec
=== RUN   TestExternalGraphDriver/pull
--- PASS: TestExternalGraphDriver (6.59s)
    external_test.go:57: Creating a new daemon
    daemon.go:317: [daed04418b899] waiting for daemon to start
    daemon.go:335: [daed04418b899] daemon started
    daemon.go:445: [daed04418b899] Stopping daemon
    daemon.go:284: [daed04418b899] exiting daemon
    daemon.go:432: [daed04418b899] Daemon stopped
    daemon.go:317: [daed04418b899] waiting for daemon to start
    daemon.go:335: [daed04418b899] daemon started
    daemon.go:445: [daed04418b899] Stopping daemon
    daemon.go:284: [daed04418b899] exiting daemon
    daemon.go:432: [daed04418b899] Daemon stopped
    --- PASS: TestExternalGraphDriver/json (2.04s)
    daemon.go:317: [daed04418b899] waiting for daemon to start
    daemon.go:335: [daed04418b899] daemon started
    daemon.go:445: [daed04418b899] Stopping daemon
    daemon.go:284: [daed04418b899] exiting daemon
    daemon.go:432: [daed04418b899] Daemon stopped
    daemon.go:317: [daed04418b899] waiting for daemon to start
    daemon.go:335: [daed04418b899] daemon started
    daemon.go:445: [daed04418b899] Stopping daemon
    daemon.go:284: [daed04418b899] exiting daemon
    daemon.go:432: [daed04418b899] Daemon stopped
    --- PASS: TestExternalGraphDriver/spec (2.00s)
    daemon.go:317: [daed04418b899] waiting for daemon to start
    daemon.go:335: [daed04418b899] daemon started
    daemon.go:445: [daed04418b899] Stopping daemon
    daemon.go:284: [daed04418b899] exiting daemon
    daemon.go:432: [daed04418b899] Daemon stopped
    --- PASS: TestExternalGraphDriver/pull (2.25s)
=== RUN   TestGraphdriverPluginV2
--- SKIP: TestGraphdriverPluginV2 (0.08s)
    external_test.go:410: os.Getenv("DOCKER_ENGINE_GOARCH") != "amd64"
PASS
Running /go/src/github.com/docker/docker/integration/plugin/logging
INFO: Testing against a local daemon
=== RUN   TestContinueAfterPluginCrash
=== PAUSE TestContinueAfterPluginCrash
=== RUN   TestDaemonStartWithLogOpt
=== PAUSE TestDaemonStartWithLogOpt
=== CONT  TestContinueAfterPluginCrash
=== CONT  TestDaemonStartWithLogOpt
--- PASS: TestDaemonStartWithLogOpt (3.94s)
    validation_test.go:23: Creating a new daemon
    daemon.go:317: [d8f948a4c7a94] waiting for daemon to start
    daemon.go:335: [d8f948a4c7a94] daemon started
    daemon.go:445: [d8f948a4c7a94] Stopping daemon
    daemon.go:284: [d8f948a4c7a94] exiting daemon
    daemon.go:432: [d8f948a4c7a94] Daemon stopped
    daemon.go:317: [d8f948a4c7a94] waiting for daemon to start
    daemon.go:335: [d8f948a4c7a94] daemon started
    daemon.go:445: [d8f948a4c7a94] Stopping daemon
    daemon.go:284: [d8f948a4c7a94] exiting daemon
    daemon.go:432: [d8f948a4c7a94] Daemon stopped
--- PASS: TestContinueAfterPluginCrash (11.11s)
    logging_linux_test.go:22: Creating a new daemon
    daemon.go:317: [dd8a400ed3dc8] waiting for daemon to start
    daemon.go:335: [dd8a400ed3dc8] daemon started
    daemon.go:445: [dd8a400ed3dc8] Stopping daemon
    daemon.go:284: [dd8a400ed3dc8] exiting daemon
    daemon.go:432: [dd8a400ed3dc8] Daemon stopped
PASS
Running /go/src/github.com/docker/docker/integration/plugin/logging/cmd
testing: warning: no tests to run
PASS
Running /go/src/github.com/docker/docker/integration/plugin/logging/cmd/close_on_start
testing: warning: no tests to run
PASS
Running /go/src/github.com/docker/docker/integration/plugin/logging/cmd/dummy
testing: warning: no tests to run
PASS
Running /go/src/github.com/docker/docker/integration/plugin/authz
INFO: Testing against a local daemon
=== RUN   TestAuthZPluginAllowRequest
--- PASS: TestAuthZPluginAllowRequest (1.63s)
    main_test.go:54: Creating a new daemon
    daemon.go:317: [d704e3f16c1a8] waiting for daemon to start
    daemon.go:335: [d704e3f16c1a8] daemon started
    daemon.go:445: [d704e3f16c1a8] Stopping daemon
    daemon.go:284: [d704e3f16c1a8] exiting daemon
    daemon.go:432: [d704e3f16c1a8] Daemon stopped
=== RUN   TestAuthZPluginTLS
--- PASS: TestAuthZPluginTLS (0.55s)
    main_test.go:54: Creating a new daemon
    daemon.go:317: [d690f590c2fda] waiting for daemon to start
    daemon.go:335: [d690f590c2fda] daemon started
    daemon.go:445: [d690f590c2fda] Stopping daemon
    daemon.go:284: [d690f590c2fda] exiting daemon
    daemon.go:432: [d690f590c2fda] Daemon stopped
=== RUN   TestAuthZPluginDenyRequest
--- PASS: TestAuthZPluginDenyRequest (0.53s)
    main_test.go:54: Creating a new daemon
    daemon.go:317: [d8b0d0aed7887] waiting for daemon to start
    daemon.go:335: [d8b0d0aed7887] daemon started
    daemon.go:445: [d8b0d0aed7887] Stopping daemon
    daemon.go:284: [d8b0d0aed7887] exiting daemon
    daemon.go:432: [d8b0d0aed7887] Daemon stopped
=== RUN   TestAuthZPluginAPIDenyResponse
--- PASS: TestAuthZPluginAPIDenyResponse (0.53s)
    main_test.go:54: Creating a new daemon
    daemon.go:317: [de5793b450db2] waiting for daemon to start
    daemon.go:335: [de5793b450db2] daemon started
    daemon.go:445: [de5793b450db2] Stopping daemon
    daemon.go:284: [de5793b450db2] exiting daemon
    daemon.go:432: [de5793b450db2] Daemon stopped
=== RUN   TestAuthZPluginDenyResponse
--- PASS: TestAuthZPluginDenyResponse (0.54s)
    main_test.go:54: Creating a new daemon
    daemon.go:317: [df07c08fba3f5] waiting for daemon to start
    daemon.go:335: [df07c08fba3f5] daemon started
    daemon.go:445: [df07c08fba3f5] Stopping daemon
    daemon.go:284: [df07c08fba3f5] exiting daemon
    daemon.go:432: [df07c08fba3f5] Daemon stopped
=== RUN   TestAuthZPluginAllowEventStream
--- PASS: TestAuthZPluginAllowEventStream (1.65s)
    main_test.go:54: Creating a new daemon
    daemon.go:317: [d5dbc9ddef83c] waiting for daemon to start
    daemon.go:335: [d5dbc9ddef83c] daemon started
    daemon.go:445: [d5dbc9ddef83c] Stopping daemon
    daemon.go:284: [d5dbc9ddef83c] exiting daemon
    daemon.go:432: [d5dbc9ddef83c] Daemon stopped
=== RUN   TestAuthZPluginErrorResponse
--- PASS: TestAuthZPluginErrorResponse (0.55s)
    main_test.go:54: Creating a new daemon
    daemon.go:317: [dbaf0071c3388] waiting for daemon to start
    daemon.go:335: [dbaf0071c3388] daemon started
    daemon.go:445: [dbaf0071c3388] Stopping daemon
    daemon.go:284: [dbaf0071c3388] exiting daemon
    daemon.go:432: [dbaf0071c3388] Daemon stopped
=== RUN   TestAuthZPluginErrorRequest
--- PASS: TestAuthZPluginErrorRequest (0.54s)
    main_test.go:54: Creating a new daemon
    daemon.go:317: [da1af292c9628] waiting for daemon to start
    daemon.go:335: [da1af292c9628] daemon started
    daemon.go:445: [da1af292c9628] Stopping daemon
    daemon.go:284: [da1af292c9628] exiting daemon
    daemon.go:432: [da1af292c9628] Daemon stopped
=== RUN   TestAuthZPluginEnsureNoDuplicatePluginRegistration
--- PASS: TestAuthZPluginEnsureNoDuplicatePluginRegistration (0.54s)
    main_test.go:54: Creating a new daemon
    daemon.go:317: [dadeefcf311e6] waiting for daemon to start
    daemon.go:335: [dadeefcf311e6] daemon started
    daemon.go:445: [dadeefcf311e6] Stopping daemon
    daemon.go:284: [dadeefcf311e6] exiting daemon
    daemon.go:432: [dadeefcf311e6] Daemon stopped
=== RUN   TestAuthZPluginEnsureLoadImportWorking
--- PASS: TestAuthZPluginEnsureLoadImportWorking (2.05s)
    main_test.go:54: Creating a new daemon
    daemon.go:317: [d5a0029b31f33] waiting for daemon to start
    daemon.go:335: [d5a0029b31f33] daemon started
    daemon.go:445: [d5a0029b31f33] Stopping daemon
    daemon.go:284: [d5a0029b31f33] exiting daemon
    daemon.go:432: [d5a0029b31f33] Daemon stopped
=== RUN   TestAuthzPluginEnsureContainerCopyToFrom
--- PASS: TestAuthzPluginEnsureContainerCopyToFrom (2.02s)
    main_test.go:54: Creating a new daemon
    daemon.go:317: [d4fb7708beb8c] waiting for daemon to start
    daemon.go:335: [d4fb7708beb8c] daemon started
    daemon.go:445: [d4fb7708beb8c] Stopping daemon
    daemon.go:284: [d4fb7708beb8c] exiting daemon
    daemon.go:432: [d4fb7708beb8c] Daemon stopped
=== RUN   TestAuthZPluginHeader
--- PASS: TestAuthZPluginHeader (0.91s)
    main_test.go:54: Creating a new daemon
    daemon.go:317: [dd99e3f6c6505] waiting for daemon to start
    daemon.go:335: [dd99e3f6c6505] daemon started
    daemon.go:445: [dd99e3f6c6505] Stopping daemon
    daemon.go:284: [dd99e3f6c6505] exiting daemon
    daemon.go:432: [dd99e3f6c6505] Daemon stopped
=== RUN   TestAuthZPluginV2AllowNonVolumeRequest
--- SKIP: TestAuthZPluginV2AllowNonVolumeRequest (0.00s)
    authz_plugin_v2_test.go:43: os.Getenv("DOCKER_ENGINE_GOARCH") != "amd64"
=== RUN   TestAuthZPluginV2Disable
--- SKIP: TestAuthZPluginV2Disable (0.00s)
    authz_plugin_v2_test.go:65: os.Getenv("DOCKER_ENGINE_GOARCH") != "amd64"
=== RUN   TestAuthZPluginV2RejectVolumeRequests
--- SKIP: TestAuthZPluginV2RejectVolumeRequests (0.00s)
    authz_plugin_v2_test.go:91: os.Getenv("DOCKER_ENGINE_GOARCH") != "amd64"
=== RUN   TestAuthZPluginV2BadManifestFailsDaemonStart
--- SKIP: TestAuthZPluginV2BadManifestFailsDaemonStart (0.00s)
    authz_plugin_v2_test.go:126: os.Getenv("DOCKER_ENGINE_GOARCH") != "amd64"
=== RUN   TestAuthZPluginV2NonexistentFailsDaemonStart
--- PASS: TestAuthZPluginV2NonexistentFailsDaemonStart (16.64s)
    main_test.go:54: Creating a new daemon
    daemon.go:317: [d59e61aad9c30] waiting for daemon to start
    daemon.go:335: [d59e61aad9c30] daemon started
    daemon.go:445: [d59e61aad9c30] Stopping daemon
    daemon.go:284: [d59e61aad9c30] exiting daemon
    daemon.go:432: [d59e61aad9c30] Daemon stopped
    daemon.go:317: [d59e61aad9c30] waiting for daemon to start
    daemon.go:327: [d59e61aad9c30] error pinging daemon on start: Get http://%2Ftmp%2Fdocker-integration%2Fd59e61aad9c30.sock/_ping: context deadline exceeded
    daemon.go:317: [d59e61aad9c30] waiting for daemon to start
    daemon.go:327: [d59e61aad9c30] error pinging daemon on start: Get http://%2Ftmp%2Fdocker-integration%2Fd59e61aad9c30.sock/_ping: context deadline exceeded
    daemon.go:317: [d59e61aad9c30] waiting for daemon to start
    daemon.go:327: [d59e61aad9c30] error pinging daemon on start: Get http://%2Ftmp%2Fdocker-integration%2Fd59e61aad9c30.sock/_ping: context deadline exceeded
    daemon.go:317: [d59e61aad9c30] waiting for daemon to start
    daemon.go:327: [d59e61aad9c30] error pinging daemon on start: Get http://%2Ftmp%2Fdocker-integration%2Fd59e61aad9c30.sock/_ping: context deadline exceeded
    daemon.go:317: [d59e61aad9c30] waiting for daemon to start
    daemon.go:327: [d59e61aad9c30] error pinging daemon on start: Get http://%2Ftmp%2Fdocker-integration%2Fd59e61aad9c30.sock/_ping: context deadline exceeded
    daemon.go:317: [d59e61aad9c30] waiting for daemon to start
    daemon.go:327: [d59e61aad9c30] error pinging daemon on start: Get http://%2Ftmp%2Fdocker-integration%2Fd59e61aad9c30.sock/_ping: context deadline exceeded
    daemon.go:317: [d59e61aad9c30] waiting for daemon to start
    daemon.go:327: [d59e61aad9c30] error pinging daemon on start: Get http://%2Ftmp%2Fdocker-integration%2Fd59e61aad9c30.sock/_ping: context deadline exceeded
    daemon.go:317: [d59e61aad9c30] waiting for daemon to start
    daemon.go:327: [d59e61aad9c30] error pinging daemon on start: Get http://%2Ftmp%2Fdocker-integration%2Fd59e61aad9c30.sock/_ping: read unix @->/tmp/docker-integration/d59e61aad9c30.sock: read: connection reset by peer
    daemon.go:317: [d59e61aad9c30] waiting for daemon to start
    daemon.go:327: [d59e61aad9c30] error pinging daemon on start: Get http://%2Ftmp%2Fdocker-integration%2Fd59e61aad9c30.sock/_ping: dial unix /tmp/docker-integration/d59e61aad9c30.sock: connect: connection refused
    daemon.go:317: [d59e61aad9c30] waiting for daemon to start
    daemon.go:284: [d59e61aad9c30] exiting daemon
    daemon.go:317: [d59e61aad9c30] waiting for daemon to start
    daemon.go:335: [d59e61aad9c30] daemon started
    daemon.go:445: [d59e61aad9c30] Stopping daemon
    daemon.go:284: [d59e61aad9c30] exiting daemon
    daemon.go:432: [d59e61aad9c30] Daemon stopped
PASS
Running /go/src/github.com/docker/docker/integration/session
INFO: Testing against a local daemon
=== RUN   TestSessionCreate
--- PASS: TestSessionCreate (0.93s)
    session_test.go:22: Creating a new daemon
    daemon.go:317: [d77a8450776ae] waiting for daemon to start
    daemon.go:335: [d77a8450776ae] daemon started
    daemon.go:445: [d77a8450776ae] Stopping daemon
    daemon.go:284: [d77a8450776ae] exiting daemon
    daemon.go:432: [d77a8450776ae] Daemon stopped
=== RUN   TestSessionCreateWithBadUpgrade
--- PASS: TestSessionCreateWithBadUpgrade (0.92s)
    session_test.go:50: Creating a new daemon
    daemon.go:317: [dfb81b281c0be] waiting for daemon to start
    daemon.go:335: [dfb81b281c0be] daemon started
    daemon.go:445: [dfb81b281c0be] Stopping daemon
    daemon.go:284: [dfb81b281c0be] exiting daemon
    daemon.go:432: [dfb81b281c0be] Daemon stopped
PASS
Running /go/src/github.com/docker/docker/integration/system
INFO: Testing against a local daemon
=== RUN   TestCgroupDriverSystemdMemoryLimit
--- SKIP: TestCgroupDriverSystemdMemoryLimit (0.00s)
    cgroupdriver_systemd_test.go:32: !hasSystemd()
=== RUN   TestEventsExecDie
--- PASS: TestEventsExecDie (0.88s)
=== RUN   TestEventsBackwardsCompatible
--- PASS: TestEventsBackwardsCompatible (0.09s)
=== RUN   TestInfoBinaryCommits
--- PASS: TestInfoBinaryCommits (0.02s)
=== RUN   TestInfoAPIVersioned
--- PASS: TestInfoAPIVersioned (0.01s)
=== RUN   TestInfoAPI
--- PASS: TestInfoAPI (0.02s)
=== RUN   TestInfoAPIWarnings
--- PASS: TestInfoAPIWarnings (0.91s)
    info_test.go:49: Creating a new daemon
    daemon.go:317: [d449e2568b4f1] waiting for daemon to start
    daemon.go:335: [d449e2568b4f1] daemon started
    daemon.go:445: [d449e2568b4f1] Stopping daemon
    daemon.go:284: [d449e2568b4f1] exiting daemon
    daemon.go:432: [d449e2568b4f1] Daemon stopped
=== RUN   TestLoginFailsWithBadCredentials
--- PASS: TestLoginFailsWithBadCredentials (0.57s)
=== RUN   TestPingCacheHeaders
--- PASS: TestPingCacheHeaders (0.02s)
=== RUN   TestPingGet
--- PASS: TestPingGet (0.01s)
=== RUN   TestPingHead
--- PASS: TestPingHead (0.02s)
=== RUN   TestUUIDGeneration
--- PASS: TestUUIDGeneration (0.03s)
=== RUN   TestVersion
--- PASS: TestVersion (0.02s)
PASS
Running /go/src/github.com/docker/docker/integration/build
INFO: Testing against a local daemon
=== RUN   TestCgroupNamespacesBuild
--- PASS: TestCgroupNamespacesBuild (1.67s)
    build_cgroupns_linux_test.go:42: Creating a new daemon
    daemon.go:317: [dd7628bb5f4b0] waiting for daemon to start
    daemon.go:335: [dd7628bb5f4b0] daemon started
    daemon.go:445: [dd7628bb5f4b0] Stopping daemon
    daemon.go:284: [dd7628bb5f4b0] exiting daemon
    daemon.go:432: [dd7628bb5f4b0] Daemon stopped
=== RUN   TestCgroupNamespacesBuildDaemonHostMode
--- PASS: TestCgroupNamespacesBuildDaemonHostMode (1.68s)
    build_cgroupns_linux_test.go:42: Creating a new daemon
    daemon.go:317: [d01937c9a5bac] waiting for daemon to start
    daemon.go:335: [d01937c9a5bac] daemon started
    daemon.go:445: [d01937c9a5bac] Stopping daemon
    daemon.go:284: [d01937c9a5bac] exiting daemon
    daemon.go:432: [d01937c9a5bac] Daemon stopped
=== RUN   TestBuildWithSession
--- PASS: TestBuildWithSession (5.10s)
    build_session_test.go:31: Creating a new daemon
    daemon.go:317: [d21ee7292d993] waiting for daemon to start
    daemon.go:335: [d21ee7292d993] daemon started
    daemon.go:445: [d21ee7292d993] Stopping daemon
    daemon.go:284: [d21ee7292d993] exiting daemon
    daemon.go:432: [d21ee7292d993] Daemon stopped
=== RUN   TestBuildSquashParent
--- PASS: TestBuildSquashParent (8.63s)
    build_squash_test.go:29: Creating a new daemon
    daemon.go:317: [d544a34aacd90] waiting for daemon to start
    daemon.go:335: [d544a34aacd90] daemon started
    daemon.go:445: [d544a34aacd90] Stopping daemon
    daemon.go:284: [d544a34aacd90] exiting daemon
    daemon.go:432: [d544a34aacd90] Daemon stopped
=== RUN   TestBuildWithRemoveAndForceRemove
=== RUN   TestBuildWithRemoveAndForceRemove/successful_build_with_no_removal
=== PAUSE TestBuildWithRemoveAndForceRemove/successful_build_with_no_removal
=== RUN   TestBuildWithRemoveAndForceRemove/successful_build_with_remove
=== PAUSE TestBuildWithRemoveAndForceRemove/successful_build_with_remove
=== RUN   TestBuildWithRemoveAndForceRemove/successful_build_with_remove_and_force_remove
=== PAUSE TestBuildWithRemoveAndForceRemove/successful_build_with_remove_and_force_remove
=== RUN   TestBuildWithRemoveAndForceRemove/failed_build_with_no_removal
=== PAUSE TestBuildWithRemoveAndForceRemove/failed_build_with_no_removal
=== RUN   TestBuildWithRemoveAndForceRemove/failed_build_with_remove
=== PAUSE TestBuildWithRemoveAndForceRemove/failed_build_with_remove
=== RUN   TestBuildWithRemoveAndForceRemove/failed_build_with_remove_and_force_remove
=== PAUSE TestBuildWithRemoveAndForceRemove/failed_build_with_remove_and_force_remove
=== CONT  TestBuildWithRemoveAndForceRemove/successful_build_with_no_removal
=== CONT  TestBuildWithRemoveAndForceRemove/failed_build_with_no_removal
=== CONT  TestBuildWithRemoveAndForceRemove/failed_build_with_remove_and_force_remove
=== CONT  TestBuildWithRemoveAndForceRemove/failed_build_with_remove
=== CONT  TestBuildWithRemoveAndForceRemove/successful_build_with_remove_and_force_remove
=== CONT  TestBuildWithRemoveAndForceRemove/successful_build_with_remove
--- PASS: TestBuildWithRemoveAndForceRemove (0.01s)
    --- PASS: TestBuildWithRemoveAndForceRemove/failed_build_with_remove_and_force_remove (3.69s)
    --- PASS: TestBuildWithRemoveAndForceRemove/failed_build_with_no_removal (3.69s)
    --- PASS: TestBuildWithRemoveAndForceRemove/successful_build_with_no_removal (3.86s)
    --- PASS: TestBuildWithRemoveAndForceRemove/failed_build_with_remove (3.86s)
    --- PASS: TestBuildWithRemoveAndForceRemove/successful_build_with_remove (2.50s)
    --- PASS: TestBuildWithRemoveAndForceRemove/successful_build_with_remove_and_force_remove (2.55s)
=== RUN   TestBuildMultiStageParentConfig
--- PASS: TestBuildMultiStageParentConfig (5.00s)
=== RUN   TestBuildLabelWithTargets
--- PASS: TestBuildLabelWithTargets (8.00s)
=== RUN   TestBuildWithEmptyLayers
--- PASS: TestBuildWithEmptyLayers (3.01s)
=== RUN   TestBuildMultiStageOnBuild
--- PASS: TestBuildMultiStageOnBuild (5.02s)
=== RUN   TestBuildUncleanTarFilenames
--- PASS: TestBuildUncleanTarFilenames (1.14s)
=== RUN   TestBuildMultiStageLayerLeak
--- PASS: TestBuildMultiStageLayerLeak (4.87s)
=== RUN   TestBuildWithHugeFile
--- PASS: TestBuildWithHugeFile (81.07s)
=== RUN   TestBuildWithEmptyDockerfile
=== RUN   TestBuildWithEmptyDockerfile/empty-dockerfile
=== PAUSE TestBuildWithEmptyDockerfile/empty-dockerfile
=== RUN   TestBuildWithEmptyDockerfile/empty-lines-dockerfile
=== PAUSE TestBuildWithEmptyDockerfile/empty-lines-dockerfile
=== RUN   TestBuildWithEmptyDockerfile/comment-only-dockerfile
=== PAUSE TestBuildWithEmptyDockerfile/comment-only-dockerfile
=== CONT  TestBuildWithEmptyDockerfile/empty-dockerfile
=== CONT  TestBuildWithEmptyDockerfile/comment-only-dockerfile
=== CONT  TestBuildWithEmptyDockerfile/empty-lines-dockerfile
--- PASS: TestBuildWithEmptyDockerfile (0.06s)
    --- PASS: TestBuildWithEmptyDockerfile/empty-lines-dockerfile (0.30s)
    --- PASS: TestBuildWithEmptyDockerfile/comment-only-dockerfile (0.30s)
    --- PASS: TestBuildWithEmptyDockerfile/empty-dockerfile (0.30s)
=== RUN   TestBuildPreserveOwnership
=== RUN   TestBuildPreserveOwnership/copy_from
=== RUN   TestBuildPreserveOwnership/copy_from_chowned
--- PASS: TestBuildPreserveOwnership (10.52s)
    --- PASS: TestBuildPreserveOwnership/copy_from (6.51s)
    --- PASS: TestBuildPreserveOwnership/copy_from_chowned (4.00s)
PASS
Running /go/src/github.com/docker/docker/integration/network
INFO: Testing against a local daemon
=== RUN   TestNetworkCreateDelete
--- PASS: TestNetworkCreateDelete (0.25s)
=== RUN   TestDockerNetworkDeletePreferID
--- PASS: TestDockerNetworkDeletePreferID (0.60s)
=== RUN   TestInspectNetwork
=== RUN   TestInspectNetwork/full_network_id
=== RUN   TestInspectNetwork/partial_network_id
=== RUN   TestInspectNetwork/network_name
=== RUN   TestInspectNetwork/network_name_and_swarm_scope
--- PASS: TestInspectNetwork (8.48s)
    inspect_test.go:18: Creating a new daemon
    daemon.go:317: [dacdb2563f7f2] waiting for daemon to start
    daemon.go:335: [dacdb2563f7f2] daemon started
    --- PASS: TestInspectNetwork/full_network_id (0.00s)
    --- PASS: TestInspectNetwork/partial_network_id (0.00s)
    --- PASS: TestInspectNetwork/network_name (0.00s)
    --- PASS: TestInspectNetwork/network_name_and_swarm_scope (0.00s)
    daemon.go:445: [dacdb2563f7f2] Stopping daemon
    daemon.go:284: [dacdb2563f7f2] exiting daemon
    daemon.go:432: [dacdb2563f7f2] Daemon stopped
=== RUN   TestRunContainerWithBridgeNone
--- PASS: TestRunContainerWithBridgeNone (2.84s)
    network_test.go:25: Creating a new daemon
    daemon.go:317: [d5cd940042b72] waiting for daemon to start
    daemon.go:335: [d5cd940042b72] daemon started
    daemon.go:445: [d5cd940042b72] Stopping daemon
    daemon.go:284: [d5cd940042b72] exiting daemon
    daemon.go:432: [d5cd940042b72] Daemon stopped
=== RUN   TestNetworkInvalidJSON
=== RUN   TestNetworkInvalidJSON//networks/create
=== PAUSE TestNetworkInvalidJSON//networks/create
=== RUN   TestNetworkInvalidJSON//networks/bridge/connect
=== PAUSE TestNetworkInvalidJSON//networks/bridge/connect
=== RUN   TestNetworkInvalidJSON//networks/bridge/disconnect
=== PAUSE TestNetworkInvalidJSON//networks/bridge/disconnect
=== CONT  TestNetworkInvalidJSON//networks/create
=== CONT  TestNetworkInvalidJSON//networks/bridge/disconnect
=== CONT  TestNetworkInvalidJSON//networks/bridge/connect
--- PASS: TestNetworkInvalidJSON (0.04s)
    --- PASS: TestNetworkInvalidJSON//networks/bridge/connect (0.00s)
    --- PASS: TestNetworkInvalidJSON//networks/bridge/disconnect (0.00s)
    --- PASS: TestNetworkInvalidJSON//networks/create (0.00s)
=== RUN   TestDaemonRestartWithLiveRestore
--- PASS: TestDaemonRestartWithLiveRestore (1.05s)
    service_test.go:32: Creating a new daemon
    daemon.go:317: [d19ffb4d8ac65] waiting for daemon to start
    daemon.go:335: [d19ffb4d8ac65] daemon started
    daemon.go:445: [d19ffb4d8ac65] Stopping daemon
    daemon.go:284: [d19ffb4d8ac65] exiting daemon
    daemon.go:432: [d19ffb4d8ac65] Daemon stopped
    daemon.go:317: [d19ffb4d8ac65] waiting for daemon to start
    daemon.go:335: [d19ffb4d8ac65] daemon started
    daemon.go:445: [d19ffb4d8ac65] Stopping daemon
    daemon.go:284: [d19ffb4d8ac65] exiting daemon
    daemon.go:432: [d19ffb4d8ac65] Daemon stopped
=== RUN   TestDaemonDefaultNetworkPools
--- PASS: TestDaemonDefaultNetworkPools (0.78s)
    service_test.go:57: Creating a new daemon
    daemon.go:317: [dfb1ad48b62ea] waiting for daemon to start
    daemon.go:335: [dfb1ad48b62ea] daemon started
    daemon.go:445: [dfb1ad48b62ea] Stopping daemon
    daemon.go:284: [dfb1ad48b62ea] exiting daemon
    daemon.go:432: [dfb1ad48b62ea] Daemon stopped
=== RUN   TestDaemonRestartWithExistingNetwork
--- PASS: TestDaemonRestartWithExistingNetwork (1.16s)
    service_test.go:98: Creating a new daemon
    daemon.go:317: [d3cdb0f53ea61] waiting for daemon to start
    daemon.go:335: [d3cdb0f53ea61] daemon started
    daemon.go:445: [d3cdb0f53ea61] Stopping daemon
    daemon.go:284: [d3cdb0f53ea61] exiting daemon
    daemon.go:432: [d3cdb0f53ea61] Daemon stopped
    daemon.go:317: [d3cdb0f53ea61] waiting for daemon to start
    daemon.go:335: [d3cdb0f53ea61] daemon started
    daemon.go:445: [d3cdb0f53ea61] Stopping daemon
    daemon.go:284: [d3cdb0f53ea61] exiting daemon
    daemon.go:432: [d3cdb0f53ea61] Daemon stopped
=== RUN   TestDaemonRestartWithExistingNetworkWithDefaultPoolRange
--- PASS: TestDaemonRestartWithExistingNetworkWithDefaultPoolRange (1.34s)
    service_test.go:131: Creating a new daemon
    daemon.go:317: [d0f16653986ab] waiting for daemon to start
    daemon.go:335: [d0f16653986ab] daemon started
    daemon.go:445: [d0f16653986ab] Stopping daemon
    daemon.go:284: [d0f16653986ab] exiting daemon
    daemon.go:432: [d0f16653986ab] Daemon stopped
    daemon.go:317: [d0f16653986ab] waiting for daemon to start
    daemon.go:335: [d0f16653986ab] daemon started
    daemon.go:445: [d0f16653986ab] Stopping daemon
    daemon.go:284: [d0f16653986ab] exiting daemon
    daemon.go:432: [d0f16653986ab] Daemon stopped
=== RUN   TestDaemonWithBipAndDefaultNetworkPool
--- PASS: TestDaemonWithBipAndDefaultNetworkPool (0.58s)
    service_test.go:181: Creating a new daemon
    daemon.go:317: [da89613641b04] waiting for daemon to start
    daemon.go:335: [da89613641b04] daemon started
    daemon.go:445: [da89613641b04] Stopping daemon
    daemon.go:284: [da89613641b04] exiting daemon
    daemon.go:432: [da89613641b04] Daemon stopped
=== RUN   TestServiceWithPredefinedNetwork
--- PASS: TestServiceWithPredefinedNetwork (2.26s)
    service_test.go:203: Creating a new daemon
    daemon.go:317: [d69005d55df39] waiting for daemon to start
    daemon.go:335: [d69005d55df39] daemon started
    daemon.go:445: [d69005d55df39] Stopping daemon
    daemon.go:284: [d69005d55df39] exiting daemon
    daemon.go:432: [d69005d55df39] Daemon stopped
=== RUN   TestServiceRemoveKeepsIngressNetwork
--- FAIL: TestServiceRemoveKeepsIngressNetwork (32.60s)
    service_test.go:232: Creating a new daemon
    daemon.go:317: [df261dc915cbf] waiting for daemon to start
    daemon.go:335: [df261dc915cbf] daemon started
    service_test.go:265: timeout hit after 30s: waiting for all tasks to be removed: task count at 1
    daemon.go:445: [df261dc915cbf] Stopping daemon
    daemon.go:284: [df261dc915cbf] exiting daemon
    daemon.go:432: [df261dc915cbf] Daemon stopped
=== RUN   TestServiceWithDataPathPortInit
--- PASS: TestServiceWithDataPathPortInit (4.55s)
    service_test.go:337: Creating a new daemon
    daemon.go:317: [dff9629a97439] waiting for daemon to start
    daemon.go:335: [dff9629a97439] daemon started
    daemon.go:445: [dff9629a97439] Stopping daemon
    daemon.go:284: [dff9629a97439] exiting daemon
    daemon.go:432: [dff9629a97439] Daemon stopped
    service_test.go:365: Creating a new daemon
    daemon.go:317: [d0b8f6467649d] waiting for daemon to start
    daemon.go:335: [d0b8f6467649d] daemon started
    daemon.go:445: [d0b8f6467649d] Stopping daemon
    daemon.go:284: [d0b8f6467649d] exiting daemon
    daemon.go:432: [d0b8f6467649d] Daemon stopped
=== RUN   TestServiceWithDefaultAddressPoolInit
--- PASS: TestServiceWithDefaultAddressPoolInit (4.46s)
    service_test.go:396: Creating a new daemon
    daemon.go:317: [d26831c7e0f5f] waiting for daemon to start
    daemon.go:335: [d26831c7e0f5f] daemon started
    service_test.go:421: TestServiceWithDefaultAddressPoolInit: NetworkInspect: {Name:saanvisthiraTestServiceWithDefaultAddressPoolInit ID:cki0l8i8bhd26evgmagg8eh91 Created:2019-05-31 20:25:29.736999349 +0000 UTC Scope:swarm Driver:overlay EnableIPv6:false IPAM:{Driver:default Options:map[] Config:[{Subnet:20.20.0.0/24 IPRange: Gateway:20.20.0.1 AuxAddress:map[]}]} Internal:false Attachable:false Ingress:false ConfigFrom:{Network:} ConfigOnly:false Containers:map[] Options:map[com.docker.network.driver.overlay.vxlanid_list:4097] Labels:map[] Peers:[] Services:map[]}
    daemon.go:445: [d26831c7e0f5f] Stopping daemon
    daemon.go:284: [d26831c7e0f5f] exiting daemon
    daemon.go:432: [d26831c7e0f5f] Daemon stopped
    service_test.go:434: Creating a new daemon
    daemon.go:317: [ddb543fca3c1b] waiting for daemon to start
    daemon.go:335: [ddb543fca3c1b] daemon started
    daemon.go:445: [ddb543fca3c1b] Stopping daemon
    daemon.go:284: [ddb543fca3c1b] exiting daemon
    daemon.go:432: [ddb543fca3c1b] Daemon stopped
FAIL
---> Making bundle: .integration-daemon-stop (in bundles/test-integration)
Clearing AppArmor profiles cache:.
All profile caches have been cleared, but no profiles have been unloaded.
Unloading profiles will leave already running processes permanently
unconfined, which can lead to unexpected situations.

To set a process to complain mode, use the command line tool
'aa-complain'. To really tear down all profiles, run the init script
with the 'teardown' option."
Removing test suite binaries
Build step 'Execute shell' marked build as failure
Set build name.
New build name is '#39294'
Performing Post build task...
Match found for : : True
Logical operation result is TRUE
Running script  : 
[Docker-PRs-powerpc] $ /bin/sh -xe /tmp/jenkins1052073092281497094.sh
POST BUILD TASK : SUCCESS
END OF POST BUILD TASK : 0
[PostBuildScript] - Executing post build scripts.
[Docker-PRs-powerpc] $ /bin/sh -xe /tmp/jenkins8195623014996493878.sh
+ echo Chowning /workspace to jenkins user
Chowning /workspace to jenkins user
+ id -u
+ id -g
+ docker run --rm -v /home/docker/workspace/Docker-PRs-powerpc:/workspace ppc64le/busybox chown -R 1001:1001 /workspace
Unable to find image 'ppc64le/busybox:latest' locally
latest: Pulling from ppc64le/busybox
b18bb9483cb4: Pulling fs layer
b18bb9483cb4: Verifying Checksum
b18bb9483cb4: Download complete
b18bb9483cb4: Pull complete
Digest: sha256:a09f03056efb5d3facb5077a9e58e83e9bba74ad4d343b2afa92c70b5ae01e2b
Status: Downloaded newer image for ppc64le/busybox:latest
[Docker-PRs-powerpc] $ /bin/sh -xe /tmp/jenkins6801161711967475612.sh
+ echo Creating bundles.tar.gz
Creating bundles.tar.gz
+ find bundles -name *.log
+ xargs tar -czf bundles.tar.gz
Sending e-mails to: tophj@linux.vnet.ibm.com christy@linux.vnet.ibm.com
Archiving artifacts
Notifying endpoint with url 'https://leeroy.dockerproject.org/notification/jenkins'
[WS-CLEANUP] Deleting project workspace...[WS-CLEANUP] done
Finished: FAILURE
