Started by user Gordon
Notifying endpoint with url 'https://leeroy.dockerproject.org/notification/jenkins'
[EnvInject] - Loading node environment variables.
Building remotely on ppc64le-ubuntu-28 (linux ppc64le-ubuntu-1604 ppc64le) in workspace /home/docker/workspace/Docker-PRs-powerpc
Running Prebuild steps
[Docker-PRs-powerpc] $ /bin/sh -xe /tmp/jenkins981557119313269648.sh
+ id -u
+ id -g
+ sudo chown -R 1001:1001 /home/docker/workspace/Docker-PRs-powerpc/bundles
chown: cannot access '/home/docker/workspace/Docker-PRs-powerpc/bundles': No such file or directory
Failed build for hudson.tasks.Shell@39ff8a96
Wiping out workspace first.
Cloning the remote Git repository
Cloning repository https://github.com/moby/moby.git
 > git init /home/docker/workspace/Docker-PRs-powerpc # timeout=10
Fetching upstream changes from https://github.com/moby/moby.git
 > git --version # timeout=10
 > git fetch --tags --progress https://github.com/moby/moby.git +refs/heads/*:refs/remotes/origin/*
 > git config remote.origin.url https://github.com/moby/moby.git # timeout=10
 > git config --add remote.origin.fetch +refs/heads/*:refs/remotes/origin/* # timeout=10
 > git config remote.origin.url https://github.com/moby/moby.git # timeout=10
Fetching upstream changes from https://github.com/moby/moby.git
 > git fetch --tags --progress https://github.com/moby/moby.git +refs/heads/*:refs/remotes/origin/*
 > git rev-parse origin/master^{commit} # timeout=10
Checking out Revision 2ee53a42db814c513770421f1b0d48f27faeadea (origin/master)
 > git config core.sparsecheckout # timeout=10
 > git checkout -f 2ee53a42db814c513770421f1b0d48f27faeadea
Commit message: "Merge pull request #38490 from kolyshkin/test-rename-anon-ct"
 > git rev-list --no-walk 2ee53a42db814c513770421f1b0d48f27faeadea # timeout=10
Set build name.
New build name is '#38380'
[Set GitHub commit status (universal)] PENDING on repos [] (sha:2ee53a4) with context:Docker-PRs-powerpc
[Docker-PRs-powerpc] $ /bin/bash /tmp/jenkins7592789521007234970.sh
From https://github.com/moby/moby
 * [new ref]         refs/pull/38380/head -> origin/pr/38380
Merge made by the 'recursive' strategy.
 api/server/router/container/container_routes.go |  5 ++
 api/swagger.yaml                                | 12 +++-
 api/types/container/host_config.go              |  7 ++-
 daemon/oci_linux.go                             |  7 ++-
 daemon/oci_windows.go                           |  9 ++-
 docs/api/version-history.md                     |  3 +
 integration/container/create_test.go            | 73 +++++++++++++++++++++++++
 oci/caps/utils.go                               | 26 +++++++--
 oci/defaults.go                                 | 11 ++--
 oci/oci.go                                      | 15 +----
 10 files changed, 136 insertions(+), 32 deletions(-)
Sending build context to Docker daemon  45.11MB
Step 1/94 : FROM golang:1.11.4 AS base
 ---> c35b367ad4c4
Step 2/94 : ARG APT_MIRROR=deb.debian.org
 ---> Using cache
 ---> 98c9ffc95404
Step 3/94 : RUN sed -ri "s/(httpredir|deb).debian.org/$APT_MIRROR/g" /etc/apt/sources.list
 ---> Using cache
 ---> 4bbc811f6c6d
Step 4/94 : FROM base AS criu
 ---> 4bbc811f6c6d
Step 5/94 : ENV CRIU_VERSION 3.6
 ---> Using cache
 ---> 53d9fc8f3c66
Step 6/94 : RUN apt-get update && apt-get install -y 	libnet-dev 	libprotobuf-c0-dev 	libprotobuf-dev 	libnl-3-dev 	libcap-dev 	protobuf-compiler 	protobuf-c-compiler 	python-protobuf 	&& mkdir -p /usr/src/criu 	&& curl -sSL https://github.com/checkpoint-restore/criu/archive/v${CRIU_VERSION}.tar.gz | tar -C /usr/src/criu/ -xz --strip-components=1 	&& cd /usr/src/criu 	&& make 	&& make PREFIX=/build/ install-criu
 ---> Using cache
 ---> d3bd912e0a3c
Step 7/94 : FROM base AS registry
 ---> 4bbc811f6c6d
Step 8/94 : ENV REGISTRY_COMMIT_SCHEMA1 ec87e9b6971d831f0eff752ddb54fb64693e51cd
 ---> Using cache
 ---> ebee38e13505
Step 9/94 : ENV REGISTRY_COMMIT 47a064d4195a9b56133891bbb13620c3ac83a827
 ---> Using cache
 ---> b3619718a070
Step 10/94 : RUN set -x 	&& export GOPATH="$(mktemp -d)" 	&& git clone https://github.com/docker/distribution.git "$GOPATH/src/github.com/docker/distribution" 	&& (cd "$GOPATH/src/github.com/docker/distribution" && git checkout -q "$REGISTRY_COMMIT") 	&& GOPATH="$GOPATH/src/github.com/docker/distribution/Godeps/_workspace:$GOPATH" 		go build -buildmode=pie -o /build/registry-v2 github.com/docker/distribution/cmd/registry 	&& case $(dpkg --print-architecture) in 		amd64|ppc64*|s390x) 		(cd "$GOPATH/src/github.com/docker/distribution" && git checkout -q "$REGISTRY_COMMIT_SCHEMA1"); 		GOPATH="$GOPATH/src/github.com/docker/distribution/Godeps/_workspace:$GOPATH"; 			go build -buildmode=pie -o /build/registry-v2-schema1 github.com/docker/distribution/cmd/registry; 		;; 	   esac 	&& rm -rf "$GOPATH"
 ---> Using cache
 ---> c539e6f25b9b
Step 11/94 : FROM base AS docker-py
 ---> 4bbc811f6c6d
Step 12/94 : ENV DOCKER_PY_COMMIT 8b246db271a85d6541dc458838627e89c683e42f
 ---> Using cache
 ---> 99a107ca4ed8
Step 13/94 : RUN git clone https://github.com/docker/docker-py.git /build 	&& cd /build 	&& git checkout -q $DOCKER_PY_COMMIT
 ---> Using cache
 ---> 10938b9a32b3
Step 14/94 : FROM base AS swagger
 ---> 4bbc811f6c6d
Step 15/94 : ENV GO_SWAGGER_COMMIT c28258affb0b6251755d92489ef685af8d4ff3eb
 ---> Using cache
 ---> 8f2b2df62820
Step 16/94 : RUN set -x 	&& export GOPATH="$(mktemp -d)" 	&& git clone https://github.com/go-swagger/go-swagger.git "$GOPATH/src/github.com/go-swagger/go-swagger" 	&& (cd "$GOPATH/src/github.com/go-swagger/go-swagger" && git checkout -q "$GO_SWAGGER_COMMIT") 	&& go build -o /build/swagger github.com/go-swagger/go-swagger/cmd/swagger 	&& rm -rf "$GOPATH"
 ---> Using cache
 ---> 277bd8cea90d
Step 17/94 : FROM base AS frozen-images
 ---> 4bbc811f6c6d
Step 18/94 : RUN apt-get update && apt-get install -y jq ca-certificates --no-install-recommends
 ---> Using cache
 ---> e5dbd2dc2c0c
Step 19/94 : COPY contrib/download-frozen-image-v2.sh /
 ---> Using cache
 ---> 127b0503ae66
Step 20/94 : RUN /download-frozen-image-v2.sh /build 	buildpack-deps:jessie@sha256:dd86dced7c9cd2a724e779730f0a53f93b7ef42228d4344b25ce9a42a1486251 	busybox:latest@sha256:bbc3a03235220b170ba48a157dd097dd1379299370e1ed99ce976df0355d24f0 	busybox:glibc@sha256:0b55a30394294ab23b9afd58fab94e61a923f5834fba7ddbae7f8e0c11ba85e6 	debian:jessie@sha256:287a20c5f73087ab406e6b364833e3fb7b3ae63ca0eb3486555dc27ed32c6e60 	hello-world:latest@sha256:be0cd392e45be79ffeffa6b05338b98ebb16c87b255f48e297ec7f98e123905c
 ---> Using cache
 ---> e65d1f3dc39d
Step 21/94 : FROM base AS runtime-dev
 ---> 4bbc811f6c6d
Step 22/94 : RUN apt-get update && apt-get install -y 	libapparmor-dev 	libseccomp-dev
 ---> Using cache
 ---> c83b7e7d9643
Step 23/94 : FROM base AS tomlv
 ---> 4bbc811f6c6d
Step 24/94 : ENV INSTALL_BINARY_NAME=tomlv
 ---> Using cache
 ---> 12f90e13da25
Step 25/94 : COPY hack/dockerfile/install/install.sh ./install.sh
 ---> Using cache
 ---> 0d6fbbbf47c6
Step 26/94 : COPY hack/dockerfile/install/$INSTALL_BINARY_NAME.installer ./
 ---> Using cache
 ---> 82b5f2fa4456
Step 27/94 : RUN PREFIX=/build ./install.sh $INSTALL_BINARY_NAME
 ---> Using cache
 ---> 2d8f57b07083
Step 28/94 : FROM base AS vndr
 ---> 4bbc811f6c6d
Step 29/94 : ENV INSTALL_BINARY_NAME=vndr
 ---> Using cache
 ---> 67ed27599467
Step 30/94 : COPY hack/dockerfile/install/install.sh ./install.sh
 ---> Using cache
 ---> d73b8a8b7c04
Step 31/94 : COPY hack/dockerfile/install/$INSTALL_BINARY_NAME.installer ./
 ---> Using cache
 ---> 1b1a50d03413
Step 32/94 : RUN PREFIX=/build ./install.sh $INSTALL_BINARY_NAME
 ---> Using cache
 ---> bd952ab289e2
Step 33/94 : FROM base AS containerd
 ---> 4bbc811f6c6d
Step 34/94 : RUN apt-get update && apt-get install -y btrfs-tools
 ---> Using cache
 ---> 3d5fdb740a37
Step 35/94 : ENV INSTALL_BINARY_NAME=containerd
 ---> Using cache
 ---> c925bcc24829
Step 36/94 : COPY hack/dockerfile/install/install.sh ./install.sh
 ---> Using cache
 ---> bcb38973855a
Step 37/94 : COPY hack/dockerfile/install/$INSTALL_BINARY_NAME.installer ./
 ---> Using cache
 ---> 8f3ec5424957
Step 38/94 : RUN PREFIX=/build ./install.sh $INSTALL_BINARY_NAME
 ---> Running in 4184570365e5
+ RM_GOPATH=0
+ TMP_GOPATH=
+ : /build
+ [[ -z '' ]]
++ mktemp -d
+ export GOPATH=/tmp/tmp.Xl609vwrsu
+ GOPATH=/tmp/tmp.Xl609vwrsu
+ RM_GOPATH=1
++ dirname ./install.sh
+ dir=.
+ bin=containerd
+ shift
Install containerd version aa5e000c963756778ab3ebd1a12c67449c503a34
+ [[ ! -f ./containerd.installer ]]
+ . ./containerd.installer
++ CONTAINERD_COMMIT=aa5e000c963756778ab3ebd1a12c67449c503a34
+ install_containerd
+ echo 'Install containerd version aa5e000c963756778ab3ebd1a12c67449c503a34'
+ git clone https://github.com/containerd/containerd.git /tmp/tmp.Xl609vwrsu/src/github.com/containerd/containerd
Cloning into '/tmp/tmp.Xl609vwrsu/src/github.com/containerd/containerd'...
+ cd /tmp/tmp.Xl609vwrsu/src/github.com/containerd/containerd
+ git checkout -q aa5e000c963756778ab3ebd1a12c67449c503a34
+ export 'BUILDTAGS=netgo osusergo static_build'
+ BUILDTAGS='netgo osusergo static_build'
+ export EXTRA_FLAGS=-buildmode=pie
+ EXTRA_FLAGS=-buildmode=pie
+ export 'EXTRA_LDFLAGS=-extldflags "-fno-PIC -static"'
+ EXTRA_LDFLAGS='-extldflags "-fno-PIC -static"'
+ '[' '' == dynamic ']'
+ make
ðŸ‡© bin/ctr
ðŸ‡© bin/containerd
ðŸ‡© bin/containerd-stress
ðŸ‡© bin/containerd-shim
ðŸ‡© bin/containerd-shim-runc-v1
ðŸ‡© binaries
+ mkdir -p /build
+ cp bin/containerd /build/containerd
+ cp bin/containerd-shim /build/containerd-shim
+ cp bin/ctr /build/ctr
Removing intermediate container 4184570365e5
 ---> ff3f9e09a0c2
Step 39/94 : FROM base AS proxy
 ---> 4bbc811f6c6d
Step 40/94 : ENV INSTALL_BINARY_NAME=proxy
 ---> Running in 811b908049af
Removing intermediate container 811b908049af
 ---> 36eb3a6cfb3f
Step 41/94 : COPY hack/dockerfile/install/install.sh ./install.sh
 ---> 57b9faab0fc7
Step 42/94 : COPY hack/dockerfile/install/$INSTALL_BINARY_NAME.installer ./
 ---> a76de1cec604
Step 43/94 : RUN PREFIX=/build ./install.sh $INSTALL_BINARY_NAME
 ---> Running in 9342afd52219
+ RM_GOPATH=0
+ TMP_GOPATH=
+ : /build
+ [[ -z '' ]]
++ mktemp -d
+ export GOPATH=/tmp/tmp.cdOhXGfws4
+ GOPATH=/tmp/tmp.cdOhXGfws4
+ RM_GOPATH=1
++ dirname ./install.sh
+ dir=.
Install docker-proxy version 1a06131fb8a047d919f7deaf02a4c414d7884b83
+ bin=proxy
+ shift
+ [[ ! -f ./proxy.installer ]]
+ . ./proxy.installer
++ LIBNETWORK_COMMIT=1a06131fb8a047d919f7deaf02a4c414d7884b83
+ install_proxy
+ case "$1" in
+ export CGO_ENABLED=0
+ CGO_ENABLED=0
+ _install_proxy
+ echo 'Install docker-proxy version 1a06131fb8a047d919f7deaf02a4c414d7884b83'
+ git clone https://github.com/docker/libnetwork.git /tmp/tmp.cdOhXGfws4/src/github.com/docker/libnetwork
Cloning into '/tmp/tmp.cdOhXGfws4/src/github.com/docker/libnetwork'...
+ cd /tmp/tmp.cdOhXGfws4/src/github.com/docker/libnetwork
+ git checkout -q 1a06131fb8a047d919f7deaf02a4c414d7884b83
+ go build -ldflags= -o /build/docker-proxy github.com/docker/libnetwork/cmd/proxy
Removing intermediate container 9342afd52219
 ---> 7ee987f6d7e0
Step 44/94 : FROM base AS gometalinter
 ---> 4bbc811f6c6d
Step 45/94 : ENV INSTALL_BINARY_NAME=gometalinter
 ---> Running in 3da42f21d0d1
Removing intermediate container 3da42f21d0d1
 ---> b5452281cb0b
Step 46/94 : COPY hack/dockerfile/install/install.sh ./install.sh
 ---> c2153ef1530e
Step 47/94 : COPY hack/dockerfile/install/$INSTALL_BINARY_NAME.installer ./
 ---> 6a2ab1f786ba
Step 48/94 : RUN PREFIX=/build ./install.sh $INSTALL_BINARY_NAME
 ---> Running in 17f4c5539ba5
+ RM_GOPATH=0
+ TMP_GOPATH=
+ : /build
+ [[ -z '' ]]
++ mktemp -d
+ export GOPATH=/tmp/tmp.8JYzc3OViN
+ GOPATH=/tmp/tmp.8JYzc3OViN
+ RM_GOPATH=1
++ dirname ./install.sh
+ dir=.
Installing gometalinter version v2.0.6
+ bin=gometalinter
+ shift
+ [[ ! -f ./gometalinter.installer ]]
+ . ./gometalinter.installer
++ GOMETALINTER_COMMIT=v2.0.6
+ install_gometalinter
+ echo 'Installing gometalinter version v2.0.6'
+ go get -d github.com/alecthomas/gometalinter
+ cd /tmp/tmp.8JYzc3OViN/src/github.com/alecthomas/gometalinter
+ git checkout -q v2.0.6
+ go build -buildmode=pie -o /build/gometalinter github.com/alecthomas/gometalinter
+ GOBIN=/build
+ /build/gometalinter --install
Installing:
  deadcode
  dupl
  errcheck
  gas
  gochecknoglobals
  gochecknoinits
  goconst
  gocyclo
  goimports
  golint
  gosimple
  gotype
  gotypex
  ineffassign
  interfacer
  lll
  maligned
  megacheck
  misspell
  nakedret
  safesql
  staticcheck
  structcheck
  unconvert
  unparam
  unused
  varcheck
Removing intermediate container 17f4c5539ba5
 ---> 755ec51f84f5
Step 49/94 : FROM base AS dockercli
 ---> 4bbc811f6c6d
Step 50/94 : ENV INSTALL_BINARY_NAME=dockercli
 ---> Running in a5ee849189c3
Removing intermediate container a5ee849189c3
 ---> 970996ed46e2
Step 51/94 : COPY hack/dockerfile/install/install.sh ./install.sh
 ---> fa6c4163e8a4
Step 52/94 : COPY hack/dockerfile/install/$INSTALL_BINARY_NAME.installer ./
 ---> 41dc507281cf
Step 53/94 : RUN PREFIX=/build ./install.sh $INSTALL_BINARY_NAME
 ---> Running in a2dd18586366
+ RM_GOPATH=0
+ TMP_GOPATH=
+ : /build
+ [[ -z '' ]]
++ mktemp -d
+ export GOPATH=/tmp/tmp.3zUEmocK6W
+ GOPATH=/tmp/tmp.3zUEmocK6W
+ RM_GOPATH=1
++ dirname ./install.sh
Install docker/cli version 17.06.0-ce from edge
+ dir=.
+ bin=dockercli
+ shift
+ [[ ! -f ./dockercli.installer ]]
+ . ./dockercli.installer
++ DOCKERCLI_CHANNEL=edge
++ DOCKERCLI_VERSION=17.06.0-ce
+ install_dockercli
+ echo 'Install docker/cli version 17.06.0-ce from edge'
++ uname -m
+ arch=ppc64le
+ '[' ppc64le '!=' x86_64 ']'
+ '[' ppc64le '!=' s390x ']'
+ build_dockercli
+ git clone https://github.com/docker/docker-ce /tmp/tmp.3zUEmocK6W/tmp/docker-ce
Cloning into '/tmp/tmp.3zUEmocK6W/tmp/docker-ce'...
+ cd /tmp/tmp.3zUEmocK6W/tmp/docker-ce
+ git checkout -q v17.06.0-ce
+ mkdir -p /tmp/tmp.3zUEmocK6W/src/github.com/docker
+ mv components/cli /tmp/tmp.3zUEmocK6W/src/github.com/docker/cli
+ go build -buildmode=pie -o /build/docker github.com/docker/cli/cmd/docker
+ return
Removing intermediate container a2dd18586366
 ---> 15bd5ac47c0c
Step 54/94 : FROM runtime-dev AS runc
 ---> c83b7e7d9643
Step 55/94 : ENV INSTALL_BINARY_NAME=runc
 ---> Running in 70be7c2a7366
Removing intermediate container 70be7c2a7366
 ---> 172ecb6d7dbb
Step 56/94 : COPY hack/dockerfile/install/install.sh ./install.sh
 ---> 1b631e8cc80c
Step 57/94 : COPY hack/dockerfile/install/$INSTALL_BINARY_NAME.installer ./
 ---> 5575a3800186
Step 58/94 : RUN PREFIX=/build ./install.sh $INSTALL_BINARY_NAME
 ---> Running in 57a12a46c7a6
+ RM_GOPATH=0
+ TMP_GOPATH=
+ : /build
+ [[ -z '' ]]
++ mktemp -d
+ export GOPATH=/tmp/tmp.uuiWeUcWPT
+ GOPATH=/tmp/tmp.uuiWeUcWPT
+ RM_GOPATH=1
++ dirname ./install.sh
+ dir=.
+ bin=runc
+ shift
+ [[ ! -f ./runc.installer ]]
+ . ./runc.installer
++ RUNC_COMMIT=96ec2177ae841256168fcf76954f7177af9446eb
+ install_runc
+ uname -r
+ grep -q '^3\.10\.0.*\.el7\.'
+ RUNC_BUILDTAGS='seccomp apparmor selinux '
+ echo 'Install runc version 96ec2177ae841256168fcf76954f7177af9446eb (build tags: seccomp apparmor selinux )'
+ git clone https://github.com/opencontainers/runc.git /tmp/tmp.uuiWeUcWPT/src/github.com/opencontainers/runc
Install runc version 96ec2177ae841256168fcf76954f7177af9446eb (build tags: seccomp apparmor selinux )
Cloning into '/tmp/tmp.uuiWeUcWPT/src/github.com/opencontainers/runc'...
+ cd /tmp/tmp.uuiWeUcWPT/src/github.com/opencontainers/runc
+ git checkout -q 96ec2177ae841256168fcf76954f7177af9446eb
+ '[' -z '' ']'
+ target=static
+ make 'BUILDTAGS=seccomp apparmor selinux ' static
CGO_ENABLED=1 go build  -tags "seccomp apparmor selinux  netgo osusergo static_build" -installsuffix netgo -ldflags "-w -extldflags -static -X main.gitCommit="96ec2177ae841256168fcf76954f7177af9446eb" -X main.version=1.0.0-rc6+dev " -o runc .
CGO_ENABLED=1 go build  -tags "seccomp apparmor selinux  netgo osusergo static_build" -installsuffix netgo -ldflags "-w -extldflags -static -X main.gitCommit="96ec2177ae841256168fcf76954f7177af9446eb" -X main.version=1.0.0-rc6+dev " -o contrib/cmd/recvtty/recvtty ./contrib/cmd/recvtty
+ mkdir -p /build
+ cp runc /build/runc
Removing intermediate container 57a12a46c7a6
 ---> 174d05d28fb3
Step 59/94 : FROM base AS tini
 ---> 4bbc811f6c6d
Step 60/94 : RUN apt-get update && apt-get install -y cmake vim-common
 ---> Running in 0743e2d5dddc
Ign:1 http://cdn-fastly.deb.debian.org/debian stretch InRelease
Get:2 http://security.debian.org/debian-security stretch/updates InRelease [94.3 kB]
Get:3 http://cdn-fastly.deb.debian.org/debian stretch-updates InRelease [91.0 kB]
Get:4 http://cdn-fastly.deb.debian.org/debian stretch Release [118 kB]
Get:5 http://cdn-fastly.deb.debian.org/debian stretch Release.gpg [2434 B]
Get:6 http://cdn-fastly.deb.debian.org/debian stretch-updates/main ppc64el Packages [5096 B]
Get:7 http://security.debian.org/debian-security stretch/updates/main ppc64el Packages [443 kB]
Get:8 http://cdn-fastly.deb.debian.org/debian stretch/main ppc64el Packages [6910 kB]
Fetched 7664 kB in 2s (3141 kB/s)
Reading package lists...
Reading package lists...
Building dependency tree...
Reading state information...
The following additional packages will be installed:
  cmake-data libarchive13 libgpm2 libicu57 libjsoncpp1 liblzo2-2 libuv1
  libxml2 sgml-base vim vim-runtime xml-core xxd
Suggested packages:
  codeblocks eclipse ninja-build lrzip gpm sgml-base-doc ctags vim-doc
  vim-scripts debhelper
The following NEW packages will be installed:
  cmake cmake-data libarchive13 libgpm2 libicu57 libjsoncpp1 liblzo2-2 libuv1
  libxml2 sgml-base vim vim-common vim-runtime xml-core xxd
0 upgraded, 15 newly installed, 0 to remove and 1 not upgraded.
Need to get 19.7 MB of archives.
After this operation, 91.7 MB of additional disk space will be used.
Get:1 http://cdn-fastly.deb.debian.org/debian stretch/main ppc64el cmake-data all 3.7.2-1 [1216 kB]
Get:2 http://security.debian.org/debian-security stretch/updates/main ppc64el libarchive13 ppc64el 3.2.2-2+deb9u1 [272 kB]
Get:3 http://cdn-fastly.deb.debian.org/debian stretch/main ppc64el liblzo2-2 ppc64el 2.08-1.2+b2 [51.0 kB]
Get:4 http://cdn-fastly.deb.debian.org/debian stretch/main ppc64el libicu57 ppc64el 57.1-6+deb9u2 [7667 kB]
Get:5 http://cdn-fastly.deb.debian.org/debian stretch/main ppc64el libxml2 ppc64el 2.9.4+dfsg1-2.2+deb9u2 [830 kB]
Get:6 http://cdn-fastly.deb.debian.org/debian stretch/main ppc64el libjsoncpp1 ppc64el 1.7.4-3 [75.8 kB]
Get:7 http://cdn-fastly.deb.debian.org/debian stretch/main ppc64el libuv1 ppc64el 1.9.1-3 [78.3 kB]
Get:8 http://cdn-fastly.deb.debian.org/debian stretch/main ppc64el cmake ppc64el 3.7.2-1 [2872 kB]
Get:9 http://cdn-fastly.deb.debian.org/debian stretch/main ppc64el sgml-base all 1.29 [14.8 kB]
Get:10 http://cdn-fastly.deb.debian.org/debian stretch/main ppc64el xxd ppc64el 2:8.0.0197-4+deb9u1 [132 kB]
Get:11 http://cdn-fastly.deb.debian.org/debian stretch/main ppc64el vim-common all 2:8.0.0197-4+deb9u1 [159 kB]
Get:12 http://cdn-fastly.deb.debian.org/debian stretch/main ppc64el libgpm2 ppc64el 1.20.4-6.2+b1 [33.9 kB]
Get:13 http://cdn-fastly.deb.debian.org/debian stretch/main ppc64el vim-runtime all 2:8.0.0197-4+deb9u1 [5407 kB]
Get:14 http://cdn-fastly.deb.debian.org/debian stretch/main ppc64el vim ppc64el 2:8.0.0197-4+deb9u1 [913 kB]
Get:15 http://cdn-fastly.deb.debian.org/debian stretch/main ppc64el xml-core all 0.17 [23.2 kB]
debconf: delaying package configuration, since apt-utils is not installed
Fetched 19.7 MB in 0s (32.3 MB/s)
Selecting previously unselected package cmake-data.
(Reading database ... (Reading database ... 5%(Reading database ... 10%(Reading database ... 15%(Reading database ... 20%(Reading database ... 25%(Reading database ... 30%(Reading database ... 35%(Reading database ... 40%(Reading database ... 45%(Reading database ... 50%(Reading database ... 55%(Reading database ... 60%(Reading database ... 65%(Reading database ... 70%(Reading database ... 75%(Reading database ... 80%(Reading database ... 85%(Reading database ... 90%(Reading database ... 95%(Reading database ... 100%(Reading database ... 14948 files and directories currently installed.)
Preparing to unpack .../00-cmake-data_3.7.2-1_all.deb ...
Unpacking cmake-data (3.7.2-1) ...
Selecting previously unselected package liblzo2-2:ppc64el.
Preparing to unpack .../01-liblzo2-2_2.08-1.2+b2_ppc64el.deb ...
Unpacking liblzo2-2:ppc64el (2.08-1.2+b2) ...
Selecting previously unselected package libicu57:ppc64el.
Preparing to unpack .../02-libicu57_57.1-6+deb9u2_ppc64el.deb ...
Unpacking libicu57:ppc64el (57.1-6+deb9u2) ...
Selecting previously unselected package libxml2:ppc64el.
Preparing to unpack .../03-libxml2_2.9.4+dfsg1-2.2+deb9u2_ppc64el.deb ...
Unpacking libxml2:ppc64el (2.9.4+dfsg1-2.2+deb9u2) ...
Selecting previously unselected package libarchive13:ppc64el.
Preparing to unpack .../04-libarchive13_3.2.2-2+deb9u1_ppc64el.deb ...
Unpacking libarchive13:ppc64el (3.2.2-2+deb9u1) ...
Selecting previously unselected package libjsoncpp1:ppc64el.
Preparing to unpack .../05-libjsoncpp1_1.7.4-3_ppc64el.deb ...
Unpacking libjsoncpp1:ppc64el (1.7.4-3) ...
Selecting previously unselected package libuv1:ppc64el.
Preparing to unpack .../06-libuv1_1.9.1-3_ppc64el.deb ...
Unpacking libuv1:ppc64el (1.9.1-3) ...
Selecting previously unselected package cmake.
Preparing to unpack .../07-cmake_3.7.2-1_ppc64el.deb ...
Unpacking cmake (3.7.2-1) ...
Selecting previously unselected package sgml-base.
Preparing to unpack .../08-sgml-base_1.29_all.deb ...
Unpacking sgml-base (1.29) ...
Selecting previously unselected package xxd.
Preparing to unpack .../09-xxd_2%3a8.0.0197-4+deb9u1_ppc64el.deb ...
Unpacking xxd (2:8.0.0197-4+deb9u1) ...
Selecting previously unselected package vim-common.
Preparing to unpack .../10-vim-common_2%3a8.0.0197-4+deb9u1_all.deb ...
Unpacking vim-common (2:8.0.0197-4+deb9u1) ...
Selecting previously unselected package libgpm2:ppc64el.
Preparing to unpack .../11-libgpm2_1.20.4-6.2+b1_ppc64el.deb ...
Unpacking libgpm2:ppc64el (1.20.4-6.2+b1) ...
Selecting previously unselected package vim-runtime.
Preparing to unpack .../12-vim-runtime_2%3a8.0.0197-4+deb9u1_all.deb ...
Adding 'diversion of /usr/share/vim/vim80/doc/help.txt to /usr/share/vim/vim80/doc/help.txt.vim-tiny by vim-runtime'
Adding 'diversion of /usr/share/vim/vim80/doc/tags to /usr/share/vim/vim80/doc/tags.vim-tiny by vim-runtime'
Unpacking vim-runtime (2:8.0.0197-4+deb9u1) ...
Selecting previously unselected package vim.
Preparing to unpack .../13-vim_2%3a8.0.0197-4+deb9u1_ppc64el.deb ...
Unpacking vim (2:8.0.0197-4+deb9u1) ...
Selecting previously unselected package xml-core.
Preparing to unpack .../14-xml-core_0.17_all.deb ...
Unpacking xml-core (0.17) ...
Processing triggers for mime-support (3.60) ...
Setting up xxd (2:8.0.0197-4+deb9u1) ...
Setting up libgpm2:ppc64el (1.20.4-6.2+b1) ...
Setting up libuv1:ppc64el (1.9.1-3) ...
Setting up cmake-data (3.7.2-1) ...
Setting up sgml-base (1.29) ...
Setting up libicu57:ppc64el (57.1-6+deb9u2) ...
Setting up libxml2:ppc64el (2.9.4+dfsg1-2.2+deb9u2) ...
Processing triggers for libc-bin (2.24-11+deb9u3) ...
Setting up vim-common (2:8.0.0197-4+deb9u1) ...
Setting up vim-runtime (2:8.0.0197-4+deb9u1) ...
Setting up xml-core (0.17) ...
Setting up liblzo2-2:ppc64el (2.08-1.2+b2) ...
Setting up libjsoncpp1:ppc64el (1.7.4-3) ...
Setting up vim (2:8.0.0197-4+deb9u1) ...
update-alternatives: using /usr/bin/vim.basic to provide /usr/bin/vim (vim) in auto mode
update-alternatives: using /usr/bin/vim.basic to provide /usr/bin/vimdiff (vimdiff) in auto mode
update-alternatives: using /usr/bin/vim.basic to provide /usr/bin/rvim (rvim) in auto mode
update-alternatives: using /usr/bin/vim.basic to provide /usr/bin/rview (rview) in auto mode
update-alternatives: using /usr/bin/vim.basic to provide /usr/bin/vi (vi) in auto mode
update-alternatives: using /usr/bin/vim.basic to provide /usr/bin/view (view) in auto mode
update-alternatives: using /usr/bin/vim.basic to provide /usr/bin/ex (ex) in auto mode
update-alternatives: using /usr/bin/vim.basic to provide /usr/bin/editor (editor) in auto mode
Setting up libarchive13:ppc64el (3.2.2-2+deb9u1) ...
Setting up cmake (3.7.2-1) ...
Processing triggers for sgml-base (1.29) ...
Processing triggers for libc-bin (2.24-11+deb9u3) ...
Removing intermediate container 0743e2d5dddc
 ---> 63137893d697
Step 61/94 : COPY hack/dockerfile/install/install.sh ./install.sh
 ---> b05c60515407
Step 62/94 : ENV INSTALL_BINARY_NAME=tini
 ---> Running in 885ae55d91e3
Removing intermediate container 885ae55d91e3
 ---> 497a94846c87
Step 63/94 : COPY hack/dockerfile/install/$INSTALL_BINARY_NAME.installer ./
 ---> b8947ed92e0e
Step 64/94 : RUN PREFIX=/build ./install.sh $INSTALL_BINARY_NAME
 ---> Running in eb991d9393ef
+ RM_GOPATH=0
+ TMP_GOPATH=
+ : /build
+ [[ -z '' ]]
++ mktemp -d
+ export GOPATH=/tmp/tmp.Kcks6rKMAX
+ GOPATH=/tmp/tmp.Kcks6rKMAX
+ RM_GOPATH=1
++ dirname ./install.sh
+ dir=.
+ bin=tini
+ shift
+ [[ ! -f ./tini.installer ]]
+ . ./tini.installer
++ TINI_COMMIT=fec3683b971d9c3ef73f284f176672c44b448662
Install tini version fec3683b971d9c3ef73f284f176672c44b448662
+ install_tini
+ echo 'Install tini version fec3683b971d9c3ef73f284f176672c44b448662'
+ git clone https://github.com/krallin/tini.git /tmp/tmp.Kcks6rKMAX/tini
Cloning into '/tmp/tmp.Kcks6rKMAX/tini'...
+ cd /tmp/tmp.Kcks6rKMAX/tini
+ git checkout -q fec3683b971d9c3ef73f284f176672c44b448662
+ cmake .
-- The C compiler identification is GNU 6.3.0
-- Check for working C compiler: /usr/bin/cc
-- Check for working C compiler: /usr/bin/cc -- works
-- Detecting C compiler ABI info
-- Detecting C compiler ABI info - done
-- Detecting C compile features
-- Detecting C compile features - done
-- Performing Test HAS_BUILTIN_FORTIFY
-- Performing Test HAS_BUILTIN_FORTIFY - Failed
-- Configuring done
-- Generating done
-- Build files have been written to: /tmp/tmp.Kcks6rKMAX/tini
+ make tini-static
Scanning dependencies of target tini-static
[ 50%] Building C object CMakeFiles/tini-static.dir/src/tini.c.o
[100%] Linking C executable tini-static
[100%] Built target tini-static
+ mkdir -p /build
+ cp tini-static /build/docker-init
Removing intermediate container eb991d9393ef
 ---> 1b95fef83184
Step 65/94 : FROM runtime-dev AS dev
 ---> c83b7e7d9643
Step 66/94 : RUN groupadd -r docker
 ---> Running in 0f8ca666f6f0
Removing intermediate container 0f8ca666f6f0
 ---> 9c0cc8e7d1b9
Step 67/94 : RUN useradd --create-home --gid docker unprivilegeduser
 ---> Running in 5df8f46f4a0a
Removing intermediate container 5df8f46f4a0a
 ---> 8be73b685b6b
Step 68/94 : RUN ln -sfv /go/src/github.com/docker/docker/.bashrc ~/.bashrc
 ---> Running in 1470569e6f5a
'/root/.bashrc' -> '/go/src/github.com/docker/docker/.bashrc'
Removing intermediate container 1470569e6f5a
 ---> a869ebaa0055
Step 69/94 : RUN echo "source /usr/share/bash-completion/bash_completion" >> /etc/bash.bashrc
 ---> Running in 043d3588d9d3
Removing intermediate container 043d3588d9d3
 ---> a1957744cbec
Step 70/94 : RUN ln -s /usr/local/completion/bash/docker /etc/bash_completion.d/docker
 ---> Running in 0f1e87325b7f
Removing intermediate container 0f1e87325b7f
 ---> e5c4217a1bf5
Step 71/94 : RUN ldconfig
 ---> Running in 954c73816a9f
Removing intermediate container 954c73816a9f
 ---> 64a176e8ebc5
Step 72/94 : RUN apt-get update && apt-get install -y 	apparmor 	aufs-tools 	bash-completion 	btrfs-tools 	iptables 	jq 	libcap2-bin 	libdevmapper-dev 	libudev-dev 	libsystemd-dev 	binutils-mingw-w64 	g++-mingw-w64-x86-64 	net-tools 	pigz 	python-backports.ssl-match-hostname 	python-dev 	python-mock 	python-pip 	python-requests 	python-setuptools 	python-websocket 	python-wheel 	thin-provisioning-tools 	vim 	vim-common 	xfsprogs 	zip 	bzip2 	xz-utils 	--no-install-recommends
 ---> Running in 7618e59d2933
Hit:1 http://security.debian.org/debian-security stretch/updates InRelease
Ign:2 http://cdn-fastly.deb.debian.org/debian stretch InRelease
Hit:3 http://cdn-fastly.deb.debian.org/debian stretch-updates InRelease
Hit:4 http://cdn-fastly.deb.debian.org/debian stretch Release
Reading package lists...
Reading package lists...
Building dependency tree...
Reading state information...
The following additional packages will be installed:
  binutils-mingw-w64-i686 binutils-mingw-w64-x86-64 btrfs-progs dh-python
  dmsetup gcc-mingw-w64-base gcc-mingw-w64-x86-64 libaio1 libapparmor-perl
  libdevmapper-event1.02.1 libdevmapper1.02.1 libexpat1-dev libgpm2 libip4tc0
  libip6tc0 libiptc0 libjq1 liblzo2-2 libmpdec2 libnetfilter-conntrack3
  libnfnetlink0 libonig4 libpcre16-3 libpcre3-dev libpcre32-3 libpcrecpp0v5
  libpython-dev libpython2.7 libpython2.7-dev libpython3-stdlib
  libpython3.5-minimal libpython3.5-stdlib libreadline5 libselinux1-dev
  libsepol1-dev libxtables12 mingw-w64-common mingw-w64-x86-64-dev
  python-chardet python-funcsigs python-pbr python-pip-whl
  python-pkg-resources python-urllib3 python2.7-dev python3 python3-minimal
  python3.5 python3.5-minimal vim-runtime xxd
Suggested packages:
  apparmor-profiles apparmor-profiles-extra apparmor-utils bzip2-doc
  gcc-6-locales kmod gpm wine64 python-funcsigs-doc python-mock-doc
  python-cryptography python-idna python-openssl python-socks
  python-setuptools-doc python-ntlm python3-doc python3-tk python3-venv
  python3.5-venv python3.5-doc binfmt-support ctags vim-doc vim-scripts
  xfsdump acl attr quota
Recommended packages:
  aufs-dkms libpam-cap build-essential python-all-dev python-cryptography
  python-idna python-ipaddress python-openssl python-keyring
  python-keyrings.alt python-xdg unzip
The following NEW packages will be installed:
  apparmor aufs-tools bash-completion binutils-mingw-w64
  binutils-mingw-w64-i686 binutils-mingw-w64-x86-64 btrfs-progs btrfs-tools
  bzip2 dh-python dmsetup g++-mingw-w64-x86-64 gcc-mingw-w64-base
  gcc-mingw-w64-x86-64 iptables jq libaio1 libapparmor-perl libcap2-bin
  libdevmapper-dev libdevmapper-event1.02.1 libdevmapper1.02.1 libexpat1-dev
  libgpm2 libip4tc0 libip6tc0 libiptc0 libjq1 liblzo2-2 libmpdec2
  libnetfilter-conntrack3 libnfnetlink0 libonig4 libpcre16-3 libpcre3-dev
  libpcre32-3 libpcrecpp0v5 libpython-dev libpython2.7 libpython2.7-dev
  libpython3-stdlib libpython3.5-minimal libpython3.5-stdlib libreadline5
  libselinux1-dev libsepol1-dev libsystemd-dev libudev-dev libxtables12
  mingw-w64-common mingw-w64-x86-64-dev net-tools pigz
  python-backports.ssl-match-hostname python-chardet python-dev
  python-funcsigs python-mock python-pbr python-pip python-pip-whl
  python-pkg-resources python-requests python-setuptools python-urllib3
  python-websocket python-wheel python2.7-dev python3 python3-minimal
  python3.5 python3.5-minimal thin-provisioning-tools vim vim-common
  vim-runtime xfsprogs xxd xz-utils zip
0 upgraded, 80 newly installed, 0 to remove and 1 not upgraded.
Need to get 117 MB of archives.
After this operation, 635 MB of additional disk space will be used.
Get:1 http://cdn-fastly.deb.debian.org/debian stretch/main ppc64el bash-completion all 1:2.1-4.3 [178 kB]
Get:2 http://cdn-fastly.deb.debian.org/debian stretch/main ppc64el libnfnetlink0 ppc64el 1.0.1-3 [12.8 kB]
Get:3 http://cdn-fastly.deb.debian.org/debian stretch/main ppc64el libpcrecpp0v5 ppc64el 2:8.39-3 [152 kB]
Get:4 http://cdn-fastly.deb.debian.org/debian stretch/main ppc64el libudev-dev ppc64el 232-25+deb9u6 [91.3 kB]
Get:5 http://cdn-fastly.deb.debian.org/debian stretch/main ppc64el libpython3.5-minimal ppc64el 3.5.3-1+deb9u1 [574 kB]
Get:6 http://cdn-fastly.deb.debian.org/debian stretch/main ppc64el python3.5-minimal ppc64el 3.5.3-1+deb9u1 [1704 kB]
Get:7 http://cdn-fastly.deb.debian.org/debian stretch/main ppc64el python3-minimal ppc64el 3.5.3-1 [35.3 kB]
Get:8 http://cdn-fastly.deb.debian.org/debian stretch/main ppc64el libmpdec2 ppc64el 2.4.2-1 [81.9 kB]
Get:9 http://cdn-fastly.deb.debian.org/debian stretch/main ppc64el libpython3.5-stdlib ppc64el 3.5.3-1+deb9u1 [2179 kB]
Get:10 http://cdn-fastly.deb.debian.org/debian stretch/main ppc64el python3.5 ppc64el 3.5.3-1+deb9u1 [229 kB]
Get:11 http://cdn-fastly.deb.debian.org/debian stretch/main ppc64el libpython3-stdlib ppc64el 3.5.3-1 [18.6 kB]
Get:12 http://cdn-fastly.deb.debian.org/debian stretch/main ppc64el dh-python all 2.20170125 [86.8 kB]
Get:13 http://cdn-fastly.deb.debian.org/debian stretch/main ppc64el python3 ppc64el 3.5.3-1 [21.6 kB]
Get:14 http://cdn-fastly.deb.debian.org/debian stretch/main ppc64el pigz ppc64el 2.3.4-1 [49.4 kB]
Get:15 http://cdn-fastly.deb.debian.org/debian stretch/main ppc64el libip4tc0 ppc64el 1.6.0+snapshot20161117-6 [67.6 kB]
Get:16 http://cdn-fastly.deb.debian.org/debian stretch/main ppc64el libip6tc0 ppc64el 1.6.0+snapshot20161117-6 [67.9 kB]
Get:17 http://cdn-fastly.deb.debian.org/debian stretch/main ppc64el libiptc0 ppc64el 1.6.0+snapshot20161117-6 [57.8 kB]
Get:18 http://cdn-fastly.deb.debian.org/debian stretch/main ppc64el libxtables12 ppc64el 1.6.0+snapshot20161117-6 [74.7 kB]
Get:19 http://cdn-fastly.deb.debian.org/debian stretch/main ppc64el libnetfilter-conntrack3 ppc64el 1.0.6-2 [34.7 kB]
Get:20 http://cdn-fastly.deb.debian.org/debian stretch/main ppc64el iptables ppc64el 1.6.0+snapshot20161117-6 [278 kB]
Get:21 http://cdn-fastly.deb.debian.org/debian stretch/main ppc64el xxd ppc64el 2:8.0.0197-4+deb9u1 [132 kB]
Get:22 http://cdn-fastly.deb.debian.org/debian stretch/main ppc64el vim-common all 2:8.0.0197-4+deb9u1 [159 kB]
Get:23 http://cdn-fastly.deb.debian.org/debian stretch/main ppc64el bzip2 ppc64el 1.0.6-8.1 [46.3 kB]
Get:24 http://cdn-fastly.deb.debian.org/debian stretch/main ppc64el libgpm2 ppc64el 1.20.4-6.2+b1 [33.9 kB]
Get:25 http://cdn-fastly.deb.debian.org/debian stretch/main ppc64el xz-utils ppc64el 5.2.2-1.2+b1 [262 kB]
Get:26 http://cdn-fastly.deb.debian.org/debian stretch/main ppc64el aufs-tools ppc64el 1:4.1+20161219-1 [102 kB]
Get:27 http://cdn-fastly.deb.debian.org/debian stretch/main ppc64el liblzo2-2 ppc64el 2.08-1.2+b2 [51.0 kB]
Get:28 http://cdn-fastly.deb.debian.org/debian stretch/main ppc64el btrfs-progs ppc64el 4.7.3-1 [520 kB]
Get:29 http://cdn-fastly.deb.debian.org/debian stretch/main ppc64el btrfs-tools ppc64el 4.7.3-1 [16.9 kB]
Get:30 http://cdn-fastly.deb.debian.org/debian stretch/main ppc64el libdevmapper1.02.1 ppc64el 2:1.02.137-2 [150 kB]
Get:31 http://cdn-fastly.deb.debian.org/debian stretch/main ppc64el dmsetup ppc64el 2:1.02.137-2 [102 kB]
Get:32 http://cdn-fastly.deb.debian.org/debian stretch/main ppc64el libonig4 ppc64el 6.1.3-2 [140 kB]
Get:33 http://cdn-fastly.deb.debian.org/debian stretch/main ppc64el libjq1 ppc64el 1.5+dfsg-1.3 [111 kB]
Get:34 http://cdn-fastly.deb.debian.org/debian stretch/main ppc64el jq ppc64el 1.5+dfsg-1.3 [58.9 kB]
Get:35 http://cdn-fastly.deb.debian.org/debian stretch/main ppc64el libaio1 ppc64el 0.3.110-3 [9514 B]
Get:36 http://cdn-fastly.deb.debian.org/debian stretch/main ppc64el libcap2-bin ppc64el 1:2.25-1 [27.2 kB]
Get:37 http://cdn-fastly.deb.debian.org/debian stretch/main ppc64el libdevmapper-event1.02.1 ppc64el 2:1.02.137-2 [41.0 kB]
Get:38 http://cdn-fastly.deb.debian.org/debian stretch/main ppc64el libsepol1-dev ppc64el 2.6-2 [294 kB]
Get:39 http://cdn-fastly.deb.debian.org/debian stretch/main ppc64el libpcre16-3 ppc64el 2:8.39-3 [239 kB]
Get:40 http://cdn-fastly.deb.debian.org/debian stretch/main ppc64el libpcre32-3 ppc64el 2:8.39-3 [232 kB]
Get:41 http://cdn-fastly.deb.debian.org/debian stretch/main ppc64el libpcre3-dev ppc64el 2:8.39-3 [586 kB]
Get:42 http://cdn-fastly.deb.debian.org/debian stretch/main ppc64el libselinux1-dev ppc64el 2.6-3+b3 [183 kB]
Get:43 http://cdn-fastly.deb.debian.org/debian stretch/main ppc64el libdevmapper-dev ppc64el 2:1.02.137-2 [68.6 kB]
Get:44 http://cdn-fastly.deb.debian.org/debian stretch/main ppc64el libexpat1-dev ppc64el 2.2.0-2+deb9u1 [126 kB]
Get:45 http://cdn-fastly.deb.debian.org/debian stretch/main ppc64el libpython2.7 ppc64el 2.7.13-2+deb9u3 [962 kB]
Get:46 http://cdn-fastly.deb.debian.org/debian stretch/main ppc64el libpython2.7-dev ppc64el 2.7.13-2+deb9u3 [28.2 MB]
Get:47 http://cdn-fastly.deb.debian.org/debian stretch/main ppc64el libpython-dev ppc64el 2.7.13-2 [20.1 kB]
Get:48 http://cdn-fastly.deb.debian.org/debian stretch/main ppc64el libreadline5 ppc64el 5.2+dfsg-3+b1 [111 kB]
Get:49 http://cdn-fastly.deb.debian.org/debian stretch/main ppc64el libsystemd-dev ppc64el 232-25+deb9u6 [1716 kB]
Get:50 http://cdn-fastly.deb.debian.org/debian stretch/main ppc64el net-tools ppc64el 1.60+git20161116.90da8a0-1 [235 kB]
Get:51 http://cdn-fastly.deb.debian.org/debian stretch/main ppc64el python-backports.ssl-match-hostname all 3.5.0.1-1 [6980 B]
Get:52 http://cdn-fastly.deb.debian.org/debian stretch/main ppc64el python-pkg-resources all 33.1.1-1 [166 kB]
Get:53 http://cdn-fastly.deb.debian.org/debian stretch/main ppc64el python-chardet all 2.3.0-2 [96.0 kB]
Get:54 http://cdn-fastly.deb.debian.org/debian stretch/main ppc64el python2.7-dev ppc64el 2.7.13-2+deb9u3 [288 kB]
Get:55 http://cdn-fastly.deb.debian.org/debian stretch/main ppc64el python-dev ppc64el 2.7.13-2 [1126 B]
Get:56 http://cdn-fastly.deb.debian.org/debian stretch/main ppc64el python-funcsigs all 1.0.2-3 [13.3 kB]
Get:57 http://cdn-fastly.deb.debian.org/debian stretch/main ppc64el python-pbr all 1.10.0-1 [52.4 kB]
Get:58 http://cdn-fastly.deb.debian.org/debian stretch/main ppc64el python-pip-whl all 9.0.1-2 [1406 kB]
Get:59 http://cdn-fastly.deb.debian.org/debian stretch/main ppc64el python-pip all 9.0.1-2 [179 kB]
Get:60 http://cdn-fastly.deb.debian.org/debian stretch/main ppc64el python-urllib3 all 1.19.1-1 [77.5 kB]
Get:61 http://cdn-fastly.deb.debian.org/debian stretch/main ppc64el python-requests all 2.12.4-1 [101 kB]
Get:62 http://cdn-fastly.deb.debian.org/debian stretch/main ppc64el python-setuptools all 33.1.1-1 [297 kB]
Get:63 http://cdn-fastly.deb.debian.org/debian stretch/main ppc64el python-websocket all 0.37.0-2 [31.5 kB]
Get:64 http://cdn-fastly.deb.debian.org/debian stretch/main ppc64el python-wheel all 0.29.0-2 [51.7 kB]
Get:65 http://cdn-fastly.deb.debian.org/debian stretch/main ppc64el thin-provisioning-tools ppc64el 0.6.1-4+b1 [326 kB]
Get:66 http://cdn-fastly.deb.debian.org/debian stretch/main ppc64el vim-runtime all 2:8.0.0197-4+deb9u1 [5407 kB]
Get:67 http://cdn-fastly.deb.debian.org/debian stretch/main ppc64el vim ppc64el 2:8.0.0197-4+deb9u1 [913 kB]
Get:68 http://cdn-fastly.deb.debian.org/debian stretch/main ppc64el xfsprogs ppc64el 4.9.0+nmu1 [729 kB]
Get:69 http://cdn-fastly.deb.debian.org/debian stretch/main ppc64el zip ppc64el 3.0-11+b1 [223 kB]
Get:70 http://cdn-fastly.deb.debian.org/debian stretch/main ppc64el libapparmor-perl ppc64el 2.11.0-3+deb9u2 [78.9 kB]
Get:71 http://cdn-fastly.deb.debian.org/debian stretch/main ppc64el apparmor ppc64el 2.11.0-3+deb9u2 [527 kB]
Get:72 http://cdn-fastly.deb.debian.org/debian stretch/main ppc64el binutils-mingw-w64-i686 ppc64el 2.28-5+7.4+b4 [1957 kB]
Get:73 http://cdn-fastly.deb.debian.org/debian stretch/main ppc64el binutils-mingw-w64-x86-64 ppc64el 2.28-5+7.4+b4 [2454 kB]
Get:74 http://cdn-fastly.deb.debian.org/debian stretch/main ppc64el binutils-mingw-w64 all 2.27.90.20161231-1+7.4 [136 kB]
Get:75 http://cdn-fastly.deb.debian.org/debian stretch/main ppc64el mingw-w64-common all 5.0.1-1 [4764 kB]
Get:76 http://cdn-fastly.deb.debian.org/debian stretch/main ppc64el mingw-w64-x86-64-dev all 5.0.1-1 [3342 kB]
Get:77 http://cdn-fastly.deb.debian.org/debian stretch/main ppc64el gcc-mingw-w64-base ppc64el 6.3.0-18+19.3+b3 [170 kB]
Get:78 http://cdn-fastly.deb.debian.org/debian stretch/main ppc64el gcc-mingw-w64-x86-64 ppc64el 6.3.0-18+19.3+b3 [31.0 MB]
Get:79 http://cdn-fastly.deb.debian.org/debian stretch/main ppc64el g++-mingw-w64-x86-64 ppc64el 6.3.0-18+19.3+b3 [21.6 MB]
Get:80 http://cdn-fastly.deb.debian.org/debian stretch/main ppc64el python-mock all 2.0.0-3 [59.8 kB]
debconf: delaying package configuration, since apt-utils is not installed
Fetched 117 MB in 4s (27.0 MB/s)
Selecting previously unselected package bash-completion.
(Reading database ... (Reading database ... 5%(Reading database ... 10%(Reading database ... 15%(Reading database ... 20%(Reading database ... 25%(Reading database ... 30%(Reading database ... 35%(Reading database ... 40%(Reading database ... 45%(Reading database ... 50%(Reading database ... 55%(Reading database ... 60%(Reading database ... 65%(Reading database ... 70%(Reading database ... 75%(Reading database ... 80%(Reading database ... 85%(Reading database ... 90%(Reading database ... 95%(Reading database ... 100%(Reading database ... 15018 files and directories currently installed.)
Preparing to unpack .../00-bash-completion_1%3a2.1-4.3_all.deb ...
Unpacking bash-completion (1:2.1-4.3) ...
Selecting previously unselected package libnfnetlink0:ppc64el.
Preparing to unpack .../01-libnfnetlink0_1.0.1-3_ppc64el.deb ...
Unpacking libnfnetlink0:ppc64el (1.0.1-3) ...
Selecting previously unselected package libpcrecpp0v5:ppc64el.
Preparing to unpack .../02-libpcrecpp0v5_2%3a8.39-3_ppc64el.deb ...
Unpacking libpcrecpp0v5:ppc64el (2:8.39-3) ...
Selecting previously unselected package libudev-dev:ppc64el.
Preparing to unpack .../03-libudev-dev_232-25+deb9u6_ppc64el.deb ...
Unpacking libudev-dev:ppc64el (232-25+deb9u6) ...
Selecting previously unselected package libpython3.5-minimal:ppc64el.
Preparing to unpack .../04-libpython3.5-minimal_3.5.3-1+deb9u1_ppc64el.deb ...
Unpacking libpython3.5-minimal:ppc64el (3.5.3-1+deb9u1) ...
Selecting previously unselected package python3.5-minimal.
Preparing to unpack .../05-python3.5-minimal_3.5.3-1+deb9u1_ppc64el.deb ...
Unpacking python3.5-minimal (3.5.3-1+deb9u1) ...
Selecting previously unselected package python3-minimal.
Preparing to unpack .../06-python3-minimal_3.5.3-1_ppc64el.deb ...
Unpacking python3-minimal (3.5.3-1) ...
Selecting previously unselected package libmpdec2:ppc64el.
Preparing to unpack .../07-libmpdec2_2.4.2-1_ppc64el.deb ...
Unpacking libmpdec2:ppc64el (2.4.2-1) ...
Selecting previously unselected package libpython3.5-stdlib:ppc64el.
Preparing to unpack .../08-libpython3.5-stdlib_3.5.3-1+deb9u1_ppc64el.deb ...
Unpacking libpython3.5-stdlib:ppc64el (3.5.3-1+deb9u1) ...
Selecting previously unselected package python3.5.
Preparing to unpack .../09-python3.5_3.5.3-1+deb9u1_ppc64el.deb ...
Unpacking python3.5 (3.5.3-1+deb9u1) ...
Selecting previously unselected package libpython3-stdlib:ppc64el.
Preparing to unpack .../10-libpython3-stdlib_3.5.3-1_ppc64el.deb ...
Unpacking libpython3-stdlib:ppc64el (3.5.3-1) ...
Selecting previously unselected package dh-python.
Preparing to unpack .../11-dh-python_2.20170125_all.deb ...
Unpacking dh-python (2.20170125) ...
Setting up libpython3.5-minimal:ppc64el (3.5.3-1+deb9u1) ...
Setting up python3.5-minimal (3.5.3-1+deb9u1) ...
Setting up python3-minimal (3.5.3-1) ...
Selecting previously unselected package python3.
(Reading database ... (Reading database ... 5%(Reading database ... 10%(Reading database ... 15%(Reading database ... 20%(Reading database ... 25%(Reading database ... 30%(Reading database ... 35%(Reading database ... 40%(Reading database ... 45%(Reading database ... 50%(Reading database ... 55%(Reading database ... 60%(Reading database ... 65%(Reading database ... 70%(Reading database ... 75%(Reading database ... 80%(Reading database ... 85%(Reading database ... 90%(Reading database ... 95%(Reading database ... 100%(Reading database ... 16595 files and directories currently installed.)
Preparing to unpack .../00-python3_3.5.3-1_ppc64el.deb ...
Unpacking python3 (3.5.3-1) ...
Selecting previously unselected package pigz.
Preparing to unpack .../01-pigz_2.3.4-1_ppc64el.deb ...
Unpacking pigz (2.3.4-1) ...
Selecting previously unselected package libip4tc0:ppc64el.
Preparing to unpack .../02-libip4tc0_1.6.0+snapshot20161117-6_ppc64el.deb ...
Unpacking libip4tc0:ppc64el (1.6.0+snapshot20161117-6) ...
Selecting previously unselected package libip6tc0:ppc64el.
Preparing to unpack .../03-libip6tc0_1.6.0+snapshot20161117-6_ppc64el.deb ...
Unpacking libip6tc0:ppc64el (1.6.0+snapshot20161117-6) ...
Selecting previously unselected package libiptc0:ppc64el.
Preparing to unpack .../04-libiptc0_1.6.0+snapshot20161117-6_ppc64el.deb ...
Unpacking libiptc0:ppc64el (1.6.0+snapshot20161117-6) ...
Selecting previously unselected package libxtables12:ppc64el.
Preparing to unpack .../05-libxtables12_1.6.0+snapshot20161117-6_ppc64el.deb ...
Unpacking libxtables12:ppc64el (1.6.0+snapshot20161117-6) ...
Selecting previously unselected package libnetfilter-conntrack3:ppc64el.
Preparing to unpack .../06-libnetfilter-conntrack3_1.0.6-2_ppc64el.deb ...
Unpacking libnetfilter-conntrack3:ppc64el (1.0.6-2) ...
Selecting previously unselected package iptables.
Preparing to unpack .../07-iptables_1.6.0+snapshot20161117-6_ppc64el.deb ...
Unpacking iptables (1.6.0+snapshot20161117-6) ...
Selecting previously unselected package xxd.
Preparing to unpack .../08-xxd_2%3a8.0.0197-4+deb9u1_ppc64el.deb ...
Unpacking xxd (2:8.0.0197-4+deb9u1) ...
Selecting previously unselected package vim-common.
Preparing to unpack .../09-vim-common_2%3a8.0.0197-4+deb9u1_all.deb ...
Unpacking vim-common (2:8.0.0197-4+deb9u1) ...
Selecting previously unselected package bzip2.
Preparing to unpack .../10-bzip2_1.0.6-8.1_ppc64el.deb ...
Unpacking bzip2 (1.0.6-8.1) ...
Selecting previously unselected package libgpm2:ppc64el.
Preparing to unpack .../11-libgpm2_1.20.4-6.2+b1_ppc64el.deb ...
Unpacking libgpm2:ppc64el (1.20.4-6.2+b1) ...
Selecting previously unselected package xz-utils.
Preparing to unpack .../12-xz-utils_5.2.2-1.2+b1_ppc64el.deb ...
Unpacking xz-utils (5.2.2-1.2+b1) ...
Selecting previously unselected package aufs-tools.
Preparing to unpack .../13-aufs-tools_1%3a4.1+20161219-1_ppc64el.deb ...
Unpacking aufs-tools (1:4.1+20161219-1) ...
Selecting previously unselected package liblzo2-2:ppc64el.
Preparing to unpack .../14-liblzo2-2_2.08-1.2+b2_ppc64el.deb ...
Unpacking liblzo2-2:ppc64el (2.08-1.2+b2) ...
Selecting previously unselected package btrfs-progs.
Preparing to unpack .../15-btrfs-progs_4.7.3-1_ppc64el.deb ...
Unpacking btrfs-progs (4.7.3-1) ...
Selecting previously unselected package btrfs-tools.
Preparing to unpack .../16-btrfs-tools_4.7.3-1_ppc64el.deb ...
Unpacking btrfs-tools (4.7.3-1) ...
Selecting previously unselected package libdevmapper1.02.1:ppc64el.
Preparing to unpack .../17-libdevmapper1.02.1_2%3a1.02.137-2_ppc64el.deb ...
Unpacking libdevmapper1.02.1:ppc64el (2:1.02.137-2) ...
Selecting previously unselected package dmsetup.
Preparing to unpack .../18-dmsetup_2%3a1.02.137-2_ppc64el.deb ...
Unpacking dmsetup (2:1.02.137-2) ...
Selecting previously unselected package libonig4:ppc64el.
Preparing to unpack .../19-libonig4_6.1.3-2_ppc64el.deb ...
Unpacking libonig4:ppc64el (6.1.3-2) ...
Selecting previously unselected package libjq1:ppc64el.
Preparing to unpack .../20-libjq1_1.5+dfsg-1.3_ppc64el.deb ...
Unpacking libjq1:ppc64el (1.5+dfsg-1.3) ...
Selecting previously unselected package jq.
Preparing to unpack .../21-jq_1.5+dfsg-1.3_ppc64el.deb ...
Unpacking jq (1.5+dfsg-1.3) ...
Selecting previously unselected package libaio1:ppc64el.
Preparing to unpack .../22-libaio1_0.3.110-3_ppc64el.deb ...
Unpacking libaio1:ppc64el (0.3.110-3) ...
Selecting previously unselected package libcap2-bin.
Preparing to unpack .../23-libcap2-bin_1%3a2.25-1_ppc64el.deb ...
Unpacking libcap2-bin (1:2.25-1) ...
Selecting previously unselected package libdevmapper-event1.02.1:ppc64el.
Preparing to unpack .../24-libdevmapper-event1.02.1_2%3a1.02.137-2_ppc64el.deb ...
Unpacking libdevmapper-event1.02.1:ppc64el (2:1.02.137-2) ...
Selecting previously unselected package libsepol1-dev:ppc64el.
Preparing to unpack .../25-libsepol1-dev_2.6-2_ppc64el.deb ...
Unpacking libsepol1-dev:ppc64el (2.6-2) ...
Selecting previously unselected package libpcre16-3:ppc64el.
Preparing to unpack .../26-libpcre16-3_2%3a8.39-3_ppc64el.deb ...
Unpacking libpcre16-3:ppc64el (2:8.39-3) ...
Selecting previously unselected package libpcre32-3:ppc64el.
Preparing to unpack .../27-libpcre32-3_2%3a8.39-3_ppc64el.deb ...
Unpacking libpcre32-3:ppc64el (2:8.39-3) ...
Selecting previously unselected package libpcre3-dev:ppc64el.
Preparing to unpack .../28-libpcre3-dev_2%3a8.39-3_ppc64el.deb ...
Unpacking libpcre3-dev:ppc64el (2:8.39-3) ...
Selecting previously unselected package libselinux1-dev:ppc64el.
Preparing to unpack .../29-libselinux1-dev_2.6-3+b3_ppc64el.deb ...
Unpacking libselinux1-dev:ppc64el (2.6-3+b3) ...
Selecting previously unselected package libdevmapper-dev:ppc64el.
Preparing to unpack .../30-libdevmapper-dev_2%3a1.02.137-2_ppc64el.deb ...
Unpacking libdevmapper-dev:ppc64el (2:1.02.137-2) ...
Selecting previously unselected package libexpat1-dev:ppc64el.
Preparing to unpack .../31-libexpat1-dev_2.2.0-2+deb9u1_ppc64el.deb ...
Unpacking libexpat1-dev:ppc64el (2.2.0-2+deb9u1) ...
Selecting previously unselected package libpython2.7:ppc64el.
Preparing to unpack .../32-libpython2.7_2.7.13-2+deb9u3_ppc64el.deb ...
Unpacking libpython2.7:ppc64el (2.7.13-2+deb9u3) ...
Selecting previously unselected package libpython2.7-dev:ppc64el.
Preparing to unpack .../33-libpython2.7-dev_2.7.13-2+deb9u3_ppc64el.deb ...
Unpacking libpython2.7-dev:ppc64el (2.7.13-2+deb9u3) ...
Selecting previously unselected package libpython-dev:ppc64el.
Preparing to unpack .../34-libpython-dev_2.7.13-2_ppc64el.deb ...
Unpacking libpython-dev:ppc64el (2.7.13-2) ...
Selecting previously unselected package libreadline5:ppc64el.
Preparing to unpack .../35-libreadline5_5.2+dfsg-3+b1_ppc64el.deb ...
Unpacking libreadline5:ppc64el (5.2+dfsg-3+b1) ...
Selecting previously unselected package libsystemd-dev:ppc64el.
Preparing to unpack .../36-libsystemd-dev_232-25+deb9u6_ppc64el.deb ...
Unpacking libsystemd-dev:ppc64el (232-25+deb9u6) ...
Selecting previously unselected package net-tools.
Preparing to unpack .../37-net-tools_1.60+git20161116.90da8a0-1_ppc64el.deb ...
Unpacking net-tools (1.60+git20161116.90da8a0-1) ...
Selecting previously unselected package python-backports.ssl-match-hostname.
Preparing to unpack .../38-python-backports.ssl-match-hostname_3.5.0.1-1_all.deb ...
Unpacking python-backports.ssl-match-hostname (3.5.0.1-1) ...
Selecting previously unselected package python-pkg-resources.
Preparing to unpack .../39-python-pkg-resources_33.1.1-1_all.deb ...
Unpacking python-pkg-resources (33.1.1-1) ...
Selecting previously unselected package python-chardet.
Preparing to unpack .../40-python-chardet_2.3.0-2_all.deb ...
Unpacking python-chardet (2.3.0-2) ...
Selecting previously unselected package python2.7-dev.
Preparing to unpack .../41-python2.7-dev_2.7.13-2+deb9u3_ppc64el.deb ...
Unpacking python2.7-dev (2.7.13-2+deb9u3) ...
Selecting previously unselected package python-dev.
Preparing to unpack .../42-python-dev_2.7.13-2_ppc64el.deb ...
Unpacking python-dev (2.7.13-2) ...
Selecting previously unselected package python-funcsigs.
Preparing to unpack .../43-python-funcsigs_1.0.2-3_all.deb ...
Unpacking python-funcsigs (1.0.2-3) ...
Selecting previously unselected package python-pbr.
Preparing to unpack .../44-python-pbr_1.10.0-1_all.deb ...
Unpacking python-pbr (1.10.0-1) ...
Selecting previously unselected package python-pip-whl.
Preparing to unpack .../45-python-pip-whl_9.0.1-2_all.deb ...
Unpacking python-pip-whl (9.0.1-2) ...
Selecting previously unselected package python-pip.
Preparing to unpack .../46-python-pip_9.0.1-2_all.deb ...
Unpacking python-pip (9.0.1-2) ...
Selecting previously unselected package python-urllib3.
Preparing to unpack .../47-python-urllib3_1.19.1-1_all.deb ...
Unpacking python-urllib3 (1.19.1-1) ...
Selecting previously unselected package python-requests.
Preparing to unpack .../48-python-requests_2.12.4-1_all.deb ...
Unpacking python-requests (2.12.4-1) ...
Selecting previously unselected package python-setuptools.
Preparing to unpack .../49-python-setuptools_33.1.1-1_all.deb ...
Unpacking python-setuptools (33.1.1-1) ...
Selecting previously unselected package python-websocket.
Preparing to unpack .../50-python-websocket_0.37.0-2_all.deb ...
Unpacking python-websocket (0.37.0-2) ...
Selecting previously unselected package python-wheel.
Preparing to unpack .../51-python-wheel_0.29.0-2_all.deb ...
Unpacking python-wheel (0.29.0-2) ...
Selecting previously unselected package thin-provisioning-tools.
Preparing to unpack .../52-thin-provisioning-tools_0.6.1-4+b1_ppc64el.deb ...
Unpacking thin-provisioning-tools (0.6.1-4+b1) ...
Selecting previously unselected package vim-runtime.
Preparing to unpack .../53-vim-runtime_2%3a8.0.0197-4+deb9u1_all.deb ...
Adding 'diversion of /usr/share/vim/vim80/doc/help.txt to /usr/share/vim/vim80/doc/help.txt.vim-tiny by vim-runtime'
Adding 'diversion of /usr/share/vim/vim80/doc/tags to /usr/share/vim/vim80/doc/tags.vim-tiny by vim-runtime'
Unpacking vim-runtime (2:8.0.0197-4+deb9u1) ...
Selecting previously unselected package vim.
Preparing to unpack .../54-vim_2%3a8.0.0197-4+deb9u1_ppc64el.deb ...
Unpacking vim (2:8.0.0197-4+deb9u1) ...
Selecting previously unselected package xfsprogs.
Preparing to unpack .../55-xfsprogs_4.9.0+nmu1_ppc64el.deb ...
Unpacking xfsprogs (4.9.0+nmu1) ...
Selecting previously unselected package zip.
Preparing to unpack .../56-zip_3.0-11+b1_ppc64el.deb ...
Unpacking zip (3.0-11+b1) ...
Selecting previously unselected package libapparmor-perl.
Preparing to unpack .../57-libapparmor-perl_2.11.0-3+deb9u2_ppc64el.deb ...
Unpacking libapparmor-perl (2.11.0-3+deb9u2) ...
Selecting previously unselected package apparmor.
Preparing to unpack .../58-apparmor_2.11.0-3+deb9u2_ppc64el.deb ...
Unpacking apparmor (2.11.0-3+deb9u2) ...
Selecting previously unselected package binutils-mingw-w64-i686.
Preparing to unpack .../59-binutils-mingw-w64-i686_2.28-5+7.4+b4_ppc64el.deb ...
Unpacking binutils-mingw-w64-i686 (2.28-5+7.4+b4) ...
Selecting previously unselected package binutils-mingw-w64-x86-64.
Preparing to unpack .../60-binutils-mingw-w64-x86-64_2.28-5+7.4+b4_ppc64el.deb ...
Unpacking binutils-mingw-w64-x86-64 (2.28-5+7.4+b4) ...
Selecting previously unselected package binutils-mingw-w64.
Preparing to unpack .../61-binutils-mingw-w64_2.27.90.20161231-1+7.4_all.deb ...
Unpacking binutils-mingw-w64 (2.27.90.20161231-1+7.4) ...
Selecting previously unselected package mingw-w64-common.
Preparing to unpack .../62-mingw-w64-common_5.0.1-1_all.deb ...
Unpacking mingw-w64-common (5.0.1-1) ...
Selecting previously unselected package mingw-w64-x86-64-dev.
Preparing to unpack .../63-mingw-w64-x86-64-dev_5.0.1-1_all.deb ...
Unpacking mingw-w64-x86-64-dev (5.0.1-1) ...
Selecting previously unselected package gcc-mingw-w64-base.
Preparing to unpack .../64-gcc-mingw-w64-base_6.3.0-18+19.3+b3_ppc64el.deb ...
Unpacking gcc-mingw-w64-base (6.3.0-18+19.3+b3) ...
Selecting previously unselected package gcc-mingw-w64-x86-64.
Preparing to unpack .../65-gcc-mingw-w64-x86-64_6.3.0-18+19.3+b3_ppc64el.deb ...
Unpacking gcc-mingw-w64-x86-64 (6.3.0-18+19.3+b3) ...
Selecting previously unselected package g++-mingw-w64-x86-64.
Preparing to unpack .../66-g++-mingw-w64-x86-64_6.3.0-18+19.3+b3_ppc64el.deb ...
Unpacking g++-mingw-w64-x86-64 (6.3.0-18+19.3+b3) ...
Selecting previously unselected package python-mock.
Preparing to unpack .../67-python-mock_2.0.0-3_all.deb ...
Unpacking python-mock (2.0.0-3) ...
Setting up aufs-tools (1:4.1+20161219-1) ...
Setting up binutils-mingw-w64-x86-64 (2.28-5+7.4+b4) ...
Setting up libsepol1-dev:ppc64el (2.6-2) ...
Setting up python-pip-whl (9.0.1-2) ...
Setting up python-urllib3 (1.19.1-1) ...
Setting up libip4tc0:ppc64el (1.6.0+snapshot20161117-6) ...
Processing triggers for mime-support (3.60) ...
Setting up xxd (2:8.0.0197-4+deb9u1) ...
Setting up libgpm2:ppc64el (1.20.4-6.2+b1) ...
Setting up libcap2-bin (1:2.25-1) ...
Setting up binutils-mingw-w64-i686 (2.28-5+7.4+b4) ...
Setting up binutils-mingw-w64 (2.27.90.20161231-1+7.4) ...
Setting up bash-completion (1:2.1-4.3) ...
Setting up libonig4:ppc64el (6.1.3-2) ...
Setting up python-wheel (0.29.0-2) ...
Setting up python-pkg-resources (33.1.1-1) ...
Setting up zip (3.0-11+b1) ...
Setting up python-backports.ssl-match-hostname (3.5.0.1-1) ...
Setting up bzip2 (1.0.6-8.1) ...
Setting up python-websocket (0.37.0-2) ...
update-alternatives: using /usr/bin/python2-wsdump to provide /usr/bin/wsdump (wsdump) in auto mode
Setting up gcc-mingw-w64-base (6.3.0-18+19.3+b3) ...
Setting up libjq1:ppc64el (1.5+dfsg-1.3) ...
Processing triggers for libc-bin (2.24-11+deb9u3) ...
Setting up libaio1:ppc64el (0.3.110-3) ...
Setting up libxtables12:ppc64el (1.6.0+snapshot20161117-6) ...
Setting up xz-utils (5.2.2-1.2+b1) ...
update-alternatives: using /usr/bin/xz to provide /usr/bin/lzma (lzma) in auto mode
Setting up python-pbr (1.10.0-1) ...
update-alternatives: using /usr/bin/python2-pbr to provide /usr/bin/pbr (pbr) in auto mode
Setting up thin-provisioning-tools (0.6.1-4+b1) ...
Setting up libpython2.7:ppc64el (2.7.13-2+deb9u3) ...
Setting up vim-common (2:8.0.0197-4+deb9u1) ...
Setting up python-funcsigs (1.0.2-3) ...
Setting up libexpat1-dev:ppc64el (2.2.0-2+deb9u1) ...
Setting up libpcrecpp0v5:ppc64el (2:8.39-3) ...
Setting up libpcre32-3:ppc64el (2:8.39-3) ...
Setting up libnfnetlink0:ppc64el (1.0.1-3) ...
Setting up vim-runtime (2:8.0.0197-4+deb9u1) ...
Setting up libsystemd-dev:ppc64el (232-25+deb9u6) ...
Setting up libpython2.7-dev:ppc64el (2.7.13-2+deb9u3) ...
Setting up libpcre16-3:ppc64el (2:8.39-3) ...
Setting up libreadline5:ppc64el (5.2+dfsg-3+b1) ...
Setting up net-tools (1.60+git20161116.90da8a0-1) ...
Setting up python-pip (9.0.1-2) ...
Setting up libudev-dev:ppc64el (232-25+deb9u6) ...
Setting up python2.7-dev (2.7.13-2+deb9u3) ...
Setting up pigz (2.3.4-1) ...
Setting up libapparmor-perl (2.11.0-3+deb9u2) ...
Setting up libmpdec2:ppc64el (2.4.2-1) ...
Setting up libip6tc0:ppc64el (1.6.0+snapshot20161117-6) ...
Setting up mingw-w64-common (5.0.1-1) ...
Setting up liblzo2-2:ppc64el (2.08-1.2+b2) ...
Setting up libpython-dev:ppc64el (2.7.13-2) ...
Setting up python-setuptools (33.1.1-1) ...
Setting up jq (1.5+dfsg-1.3) ...
Setting up libpcre3-dev:ppc64el (2:8.39-3) ...
Setting up libnetfilter-conntrack3:ppc64el (1.0.6-2) ...
Setting up python-chardet (2.3.0-2) ...
Setting up xfsprogs (4.9.0+nmu1) ...
Setting up vim (2:8.0.0197-4+deb9u1) ...
update-alternatives: using /usr/bin/vim.basic to provide /usr/bin/vim (vim) in auto mode
update-alternatives: using /usr/bin/vim.basic to provide /usr/bin/vimdiff (vimdiff) in auto mode
update-alternatives: using /usr/bin/vim.basic to provide /usr/bin/rvim (rvim) in auto mode
update-alternatives: using /usr/bin/vim.basic to provide /usr/bin/rview (rview) in auto mode
update-alternatives: using /usr/bin/vim.basic to provide /usr/bin/vi (vi) in auto mode
update-alternatives: using /usr/bin/vim.basic to provide /usr/bin/view (view) in auto mode
update-alternatives: using /usr/bin/vim.basic to provide /usr/bin/ex (ex) in auto mode
update-alternatives: using /usr/bin/vim.basic to provide /usr/bin/editor (editor) in auto mode
Setting up python-dev (2.7.13-2) ...
Setting up libpython3.5-stdlib:ppc64el (3.5.3-1+deb9u1) ...
Setting up python-mock (2.0.0-3) ...
Setting up libiptc0:ppc64el (1.6.0+snapshot20161117-6) ...
Setting up mingw-w64-x86-64-dev (5.0.1-1) ...
Setting up iptables (1.6.0+snapshot20161117-6) ...
Setting up btrfs-progs (4.7.3-1) ...
Setting up python-requests (2.12.4-1) ...
Setting up libselinux1-dev:ppc64el (2.6-3+b3) ...
Setting up python3.5 (3.5.3-1+deb9u1) ...
Setting up libpython3-stdlib:ppc64el (3.5.3-1) ...
Setting up gcc-mingw-w64-x86-64 (6.3.0-18+19.3+b3) ...
update-alternatives: using /usr/bin/x86_64-w64-mingw32-gcc-posix to provide /usr/bin/x86_64-w64-mingw32-gcc (x86_64-w64-mingw32-gcc) in auto mode
update-alternatives: warning: skip creation of /usr/bin/x86_64-w64-mingw32-gcc-6 because associated file /usr/bin/x86_64-w64-mingw32-gcc-6-posix (of link group x86_64-w64-mingw32-gcc) doesn't exist
update-alternatives: using /usr/bin/x86_64-w64-mingw32-gcc-win32 to provide /usr/bin/x86_64-w64-mingw32-gcc (x86_64-w64-mingw32-gcc) in auto mode
update-alternatives: warning: skip creation of /usr/bin/x86_64-w64-mingw32-gcc-6 because associated file /usr/bin/x86_64-w64-mingw32-gcc-6-win32 (of link group x86_64-w64-mingw32-gcc) doesn't exist
Setting up btrfs-tools (4.7.3-1) ...
Setting up g++-mingw-w64-x86-64 (6.3.0-18+19.3+b3) ...
update-alternatives: using /usr/bin/x86_64-w64-mingw32-g++-posix to provide /usr/bin/x86_64-w64-mingw32-g++ (x86_64-w64-mingw32-g++) in auto mode
update-alternatives: using /usr/bin/x86_64-w64-mingw32-g++-win32 to provide /usr/bin/x86_64-w64-mingw32-g++ (x86_64-w64-mingw32-g++) in auto mode
Setting up python3 (3.5.3-1) ...
running python rtupdate hooks for python3.5...
running python post-rtupdate hooks for python3.5...
Setting up apparmor (2.11.0-3+deb9u2) ...
debconf: unable to initialize frontend: Dialog
debconf: (TERM is not set, so the dialog frontend is not usable.)
debconf: falling back to frontend: Readline
update-rc.d: warning: start and stop actions are no longer supported; falling back to defaults
diff: /var/lib/apparmor/profiles/.apparmor.md5sums: No such file or directory
Setting up libdevmapper1.02.1:ppc64el (2:1.02.137-2) ...
Setting up libdevmapper-event1.02.1:ppc64el (2:1.02.137-2) ...
Setting up dmsetup (2:1.02.137-2) ...
Setting up dh-python (2.20170125) ...
Setting up libdevmapper-dev:ppc64el (2:1.02.137-2) ...
Processing triggers for libc-bin (2.24-11+deb9u3) ...
Removing intermediate container 7618e59d2933
 ---> 23aff8f7c4a6
Step 73/94 : COPY --from=swagger /build/swagger* /usr/local/bin/
 ---> cd4c551d9def
Step 74/94 : COPY --from=frozen-images /build/ /docker-frozen-images
 ---> 2de229f27257
Step 75/94 : COPY --from=gometalinter /build/ /usr/local/bin/
 ---> 440224bf242b
Step 76/94 : COPY --from=tomlv /build/ /usr/local/bin/
 ---> f164ecbd35df
Step 77/94 : COPY --from=vndr /build/ /usr/local/bin/
 ---> 2427cb8acaea
Step 78/94 : COPY --from=tini /build/ /usr/local/bin/
 ---> a08d2da465eb
Step 79/94 : COPY --from=runc /build/ /usr/local/bin/
 ---> 4ed7440f79d9
Step 80/94 : COPY --from=containerd /build/ /usr/local/bin/
 ---> c4a9fd60d52f
Step 81/94 : COPY --from=proxy /build/ /usr/local/bin/
 ---> fd5dec9247fe
Step 82/94 : COPY --from=dockercli /build/ /usr/local/cli
 ---> 14adb57d39a3
Step 83/94 : COPY --from=registry /build/registry* /usr/local/bin/
 ---> 40e0a1bfff5d
Step 84/94 : COPY --from=criu /build/ /usr/local/
 ---> 1ffddc0a1a0c
Step 85/94 : COPY --from=docker-py /build/ /docker-py
 ---> 4454ba29747a
Step 86/94 : RUN cd /docker-py 	&& pip install docker-pycreds==0.2.1 	&& pip install yamllint==1.5.0 	&& pip install -r test-requirements.txt
 ---> Running in d520969640ff
Collecting docker-pycreds==0.2.1
  Downloading https://files.pythonhosted.org/packages/ff/ec/14e976222468249cc50df4a031e5922581747b52dc96a0b1d5d73fee8f0e/docker_pycreds-0.2.1-py2.py3-none-any.whl
Requirement already satisfied: six>=1.4.0 in /usr/lib/python2.7/dist-packages (from docker-pycreds==0.2.1)
Installing collected packages: docker-pycreds
Successfully installed docker-pycreds-0.2.1
Collecting yamllint==1.5.0
  Downloading https://files.pythonhosted.org/packages/64/93/2a2e99b04f4a2f2adb26f4f543770310bf6303b3af492345c4a700d14f4e/yamllint-1.5.0-py2.py3-none-any.whl
Collecting pyyaml (from yamllint==1.5.0)
  Downloading https://files.pythonhosted.org/packages/9e/a3/1d13970c3f36777c583f136c136f804d70f500168edc1edea6daa7200769/PyYAML-3.13.tar.gz (270kB)
Building wheels for collected packages: pyyaml
  Running setup.py bdist_wheel for pyyaml: started
  Running setup.py bdist_wheel for pyyaml: finished with status 'done'
  Stored in directory: /root/.cache/pip/wheels/ad/da/0c/74eb680767247273e2cf2723482cb9c924fe70af57c334513f
Successfully built pyyaml
Installing collected packages: pyyaml, yamllint
Successfully installed pyyaml-3.13 yamllint-1.5.0
Collecting mock==1.0.1 (from -r test-requirements.txt (line 1))
  Downloading https://files.pythonhosted.org/packages/a2/52/7edcd94f0afb721a2d559a5b9aae8af4f8f2c79bc63fdbe8a8a6c9b23bbe/mock-1.0.1.tar.gz (818kB)
Collecting pytest==2.9.1 (from -r test-requirements.txt (line 2))
  Downloading https://files.pythonhosted.org/packages/61/49/c299eeaea69ed31338a58762b5185c56044fc2e09434694742ca2306a514/pytest-2.9.1-py2.py3-none-any.whl (161kB)
Collecting coverage==3.7.1 (from -r test-requirements.txt (line 3))
  Downloading https://files.pythonhosted.org/packages/09/4f/89b06c7fdc09687bca507dc411c342556ef9c5a3b26756137a4878ff19bf/coverage-3.7.1.tar.gz (284kB)
Collecting pytest-cov==2.1.0 (from -r test-requirements.txt (line 4))
  Downloading https://files.pythonhosted.org/packages/f2/9b/03b7d51c74d8f7088e37043dcf4f59faed359c56e7d016e2627108072679/pytest_cov-2.1.0-py2.py3-none-any.whl
Collecting flake8==3.4.1 (from -r test-requirements.txt (line 5))
  Downloading https://files.pythonhosted.org/packages/b2/d3/e80ea2616e3871ae22459c415c63d64b9bd744c92267482670fcdbcea72d/flake8-3.4.1-py2.py3-none-any.whl (68kB)
Collecting py>=1.4.29 (from pytest==2.9.1->-r test-requirements.txt (line 2))
  Downloading https://files.pythonhosted.org/packages/3e/c7/3da685ef117d42ac8d71af525208759742dd235f8094221fdaafcd3dba8f/py-1.7.0-py2.py3-none-any.whl (83kB)
Collecting pycodestyle<2.4.0,>=2.0.0 (from flake8==3.4.1->-r test-requirements.txt (line 5))
  Downloading https://files.pythonhosted.org/packages/e4/81/78fe51eb4038d1388b7217dd63770b0f428370207125047312886c923b26/pycodestyle-2.3.1-py2.py3-none-any.whl (45kB)
Collecting enum34; python_version < "3.4" (from flake8==3.4.1->-r test-requirements.txt (line 5))
  Downloading https://files.pythonhosted.org/packages/c5/db/e56e6b4bbac7c4a06de1c50de6fe1ef3810018ae11732a50f15f62c7d050/enum34-1.1.6-py2-none-any.whl
Collecting configparser; python_version < "3.2" (from flake8==3.4.1->-r test-requirements.txt (line 5))
  Downloading https://files.pythonhosted.org/packages/7c/69/c2ce7e91c89dc073eb1aa74c0621c3eefbffe8216b3f9af9d3885265c01c/configparser-3.5.0.tar.gz
Collecting pyflakes<1.6.0,>=1.5.0 (from flake8==3.4.1->-r test-requirements.txt (line 5))
  Downloading https://files.pythonhosted.org/packages/27/49/924098b3b85c286696f37e014475d79471ffc44509613af420645a3c12cb/pyflakes-1.5.0-py2.py3-none-any.whl (225kB)
Collecting mccabe<0.7.0,>=0.6.0 (from flake8==3.4.1->-r test-requirements.txt (line 5))
  Downloading https://files.pythonhosted.org/packages/87/89/479dc97e18549e21354893e4ee4ef36db1d237534982482c3681ee6e7b57/mccabe-0.6.1-py2.py3-none-any.whl
Building wheels for collected packages: mock, coverage, configparser
  Running setup.py bdist_wheel for mock: started
  Running setup.py bdist_wheel for mock: finished with status 'done'
  Stored in directory: /root/.cache/pip/wheels/7e/72/92/744b532c779242b57aab4bcba80c312b30c069bbd60025e7e6
  Running setup.py bdist_wheel for coverage: started
  Running setup.py bdist_wheel for coverage: finished with status 'done'
  Stored in directory: /root/.cache/pip/wheels/68/58/66/f1fc9afad272df0df0fa38cdef34ee2d5d8d6a85f4eb5acab5
  Running setup.py bdist_wheel for configparser: started
  Running setup.py bdist_wheel for configparser: finished with status 'done'
  Stored in directory: /root/.cache/pip/wheels/a3/61/79/424ef897a2f3b14684a7de5d89e8600b460b89663e6ce9d17c
Successfully built mock coverage configparser
Installing collected packages: mock, py, pytest, coverage, pytest-cov, pycodestyle, enum34, configparser, pyflakes, mccabe, flake8
  Found existing installation: mock 2.0.0
    Not uninstalling mock at /usr/lib/python2.7/dist-packages, outside environment /usr
Successfully installed configparser-3.5.0 coverage-3.7.1 enum34-1.1.6 flake8-3.4.1 mccabe-0.6.1 mock-1.0.1 py-1.7.0 pycodestyle-2.3.1 pyflakes-1.5.0 pytest-2.9.1 pytest-cov-2.1.0
Removing intermediate container d520969640ff
 ---> 655dfaa97741
Step 87/94 : ENV PATH=/usr/local/cli:$PATH
 ---> Running in 1a08ef9ccade
Removing intermediate container 1a08ef9ccade
 ---> f85fa27cc05b
Step 88/94 : ENV DOCKER_BUILDTAGS apparmor seccomp selinux
 ---> Running in 1b58b6a71370
Removing intermediate container 1b58b6a71370
 ---> 316693af70da
Step 89/94 : ENV GOMETALINTER_OPTS="--deadline=2m"
 ---> Running in 365412cbbd01
Removing intermediate container 365412cbbd01
 ---> f407fd862b6a
Step 90/94 : WORKDIR /go/src/github.com/docker/docker
 ---> Running in 98610ac022c9
Removing intermediate container 98610ac022c9
 ---> 14229c5c5d42
Step 91/94 : VOLUME /var/lib/docker
 ---> Running in ab1380f50b76
Removing intermediate container ab1380f50b76
 ---> 8b0bfc8611bc
Step 92/94 : ENTRYPOINT ["hack/dind"]
 ---> Running in 290a1417e52b
Removing intermediate container 290a1417e52b
 ---> cbedfe405cb6
Step 93/94 : FROM dev AS final
 ---> cbedfe405cb6
Step 94/94 : COPY . /go/src/github.com/docker/docker
 ---> 5943e9e5d652
Successfully built 5943e9e5d652
Successfully tagged docker-powerpc:1054854
?   	github.com/docker/docker/api	[no test files]
ok  	github.com/docker/docker/api/server	0.005s	coverage: 7.9% of statements
?   	github.com/docker/docker/api/server/backend/build	[no test files]
ok  	github.com/docker/docker/api/server/httputils	0.006s	coverage: 11.1% of statements
ok  	github.com/docker/docker/api/server/middleware	0.006s	coverage: 43.4% of statements
?   	github.com/docker/docker/api/server/router	[no test files]
?   	github.com/docker/docker/api/server/router/build	[no test files]
?   	github.com/docker/docker/api/server/router/checkpoint	[no test files]
?   	github.com/docker/docker/api/server/router/container	[no test files]
?   	github.com/docker/docker/api/server/router/debug	[no test files]
?   	github.com/docker/docker/api/server/router/distribution	[no test files]
?   	github.com/docker/docker/api/server/router/image	[no test files]
?   	github.com/docker/docker/api/server/router/network	[no test files]
?   	github.com/docker/docker/api/server/router/plugin	[no test files]
?   	github.com/docker/docker/api/server/router/session	[no test files]
?   	github.com/docker/docker/api/server/router/swarm	[no test files]
?   	github.com/docker/docker/api/server/router/system	[no test files]
?   	github.com/docker/docker/api/server/router/volume	[no test files]
?   	github.com/docker/docker/api/types	[no test files]
?   	github.com/docker/docker/api/types/backend	[no test files]
?   	github.com/docker/docker/api/types/blkiodev	[no test files]
?   	github.com/docker/docker/api/types/container	[no test files]
?   	github.com/docker/docker/api/types/events	[no test files]
ok  	github.com/docker/docker/api/types/filters	0.005s	coverage: 94.2% of statements
?   	github.com/docker/docker/api/types/image	[no test files]
?   	github.com/docker/docker/api/types/mount	[no test files]
?   	github.com/docker/docker/api/types/network	[no test files]
?   	github.com/docker/docker/api/types/plugins/logdriver	[no test files]
?   	github.com/docker/docker/api/types/registry	[no test files]
ok  	github.com/docker/docker/api/types/strslice	0.003s	coverage: 90.0% of statements
?   	github.com/docker/docker/api/types/swarm	[no test files]
?   	github.com/docker/docker/api/types/swarm/runtime	[no test files]
ok  	github.com/docker/docker/api/types/time	0.004s	coverage: 100.0% of statements
ok  	github.com/docker/docker/api/types/versions	0.003s	coverage: 75.0% of statements
?   	github.com/docker/docker/api/types/versions/v1p19	[no test files]
?   	github.com/docker/docker/api/types/versions/v1p20	[no test files]
?   	github.com/docker/docker/api/types/volume	[no test files]
?   	github.com/docker/docker/builder	[no test files]
?   	github.com/docker/docker/builder/builder-next	[no test files]
?   	github.com/docker/docker/builder/builder-next/adapters/containerimage	[no test files]
?   	github.com/docker/docker/builder/builder-next/adapters/snapshot	[no test files]
?   	github.com/docker/docker/builder/builder-next/exporter	[no test files]
?   	github.com/docker/docker/builder/builder-next/imagerefchecker	[no test files]
?   	github.com/docker/docker/builder/builder-next/worker	[no test files]
ok  	github.com/docker/docker/builder/dockerfile	0.517s	coverage: 45.4% of statements
ok  	github.com/docker/docker/builder/dockerignore	0.003s	coverage: 96.8% of statements
ok  	github.com/docker/docker/builder/fscache	0.122s	coverage: 69.2% of statements
ok  	github.com/docker/docker/builder/remotecontext	0.222s	coverage: 13.7% of statements
ok  	github.com/docker/docker/builder/remotecontext/git	1.197s	coverage: 78.8% of statements
?   	github.com/docker/docker/cli	[no test files]
?   	github.com/docker/docker/cli/config	[no test files]
ok  	github.com/docker/docker/cli/debug	0.003s	coverage: 100.0% of statements
ok  	github.com/docker/docker/client	0.299s	coverage: 75.6% of statements
ok  	github.com/docker/docker/cmd/dockerd	0.068s	coverage: 31.4% of statements
ok  	github.com/docker/docker/cmd/dockerd/hack	0.003s	coverage: 72.9% of statements
ok  	github.com/docker/docker/container	0.126s	coverage: 35.6% of statements
?   	github.com/docker/docker/container/stream	[no test files]
?   	github.com/docker/docker/contrib/apparmor	[no test files]
?   	github.com/docker/docker/contrib/docker-device-tool	[no test files]
?   	github.com/docker/docker/contrib/httpserver	[no test files]
ok  	github.com/docker/docker/daemon	12.184s	coverage: 17.1% of statements
ok  	github.com/docker/docker/daemon/cluster	0.067s	coverage: 0.5% of statements
ok  	github.com/docker/docker/daemon/cluster/controllers/plugin	0.015s	coverage: 65.3% of statements
ok  	github.com/docker/docker/daemon/cluster/convert	0.013s	coverage: 28.0% of statements
?   	github.com/docker/docker/daemon/cluster/executor	[no test files]
ok  	github.com/docker/docker/daemon/cluster/executor/container	3.465s	coverage: 12.7% of statements
?   	github.com/docker/docker/daemon/cluster/provider	[no test files]
ok  	github.com/docker/docker/daemon/config	0.053s	coverage: 84.8% of statements
ok  	github.com/docker/docker/daemon/discovery	0.006s	coverage: 30.4% of statements
ok  	github.com/docker/docker/daemon/events	0.063s	coverage: 50.0% of statements
?   	github.com/docker/docker/daemon/events/testutils	[no test files]
?   	github.com/docker/docker/daemon/exec	[no test files]
ok  	github.com/docker/docker/daemon/graphdriver	0.007s	coverage: 2.2% of statements
ok  	github.com/docker/docker/daemon/graphdriver/aufs	7.539s	coverage: 72.3% of statements
ok  	github.com/docker/docker/daemon/graphdriver/btrfs	0.007s	coverage: 2.9% of statements
ok  	github.com/docker/docker/daemon/graphdriver/copy	0.568s	coverage: 57.0% of statements
ok  	github.com/docker/docker/daemon/graphdriver/devmapper	2.467s	coverage: 46.1% of statements
?   	github.com/docker/docker/daemon/graphdriver/graphtest	[no test files]
ok  	github.com/docker/docker/daemon/graphdriver/overlay	1.152s	coverage: 50.8% of statements
ok  	github.com/docker/docker/daemon/graphdriver/overlay2	2.713s	coverage: 57.0% of statements
?   	github.com/docker/docker/daemon/graphdriver/overlayutils	[no test files]
ok  	github.com/docker/docker/daemon/graphdriver/quota	0.295s	coverage: 75.2% of statements
?   	github.com/docker/docker/daemon/graphdriver/register	[no test files]
ok  	github.com/docker/docker/daemon/graphdriver/vfs	0.010s	coverage: 70.5% of statements
ok  	github.com/docker/docker/daemon/graphdriver/zfs	0.008s	coverage: 3.0% of statements
ok  	github.com/docker/docker/daemon/images	0.019s	coverage: 4.9% of statements
?   	github.com/docker/docker/daemon/initlayer	[no test files]
ok  	github.com/docker/docker/daemon/links	0.003s	coverage: 93.0% of statements
?   	github.com/docker/docker/daemon/listeners	[no test files]
ok  	github.com/docker/docker/daemon/logger	0.233s	coverage: 43.7% of statements
ok  	github.com/docker/docker/daemon/logger/awslogs	0.305s	coverage: 78.2% of statements
?   	github.com/docker/docker/daemon/logger/fluentd	[no test files]
?   	github.com/docker/docker/daemon/logger/gcplogs	[no test files]
ok  	github.com/docker/docker/daemon/logger/gelf	0.008s	coverage: 68.2% of statements
ok  	github.com/docker/docker/daemon/logger/journald	0.006s	coverage: 26.2% of statements
ok  	github.com/docker/docker/daemon/logger/jsonfilelog	0.009s	coverage: 62.1% of statements
ok  	github.com/docker/docker/daemon/logger/jsonfilelog/jsonlog	0.005s	coverage: 88.3% of statements
ok  	github.com/docker/docker/daemon/logger/local	0.027s	coverage: 74.7% of statements
?   	github.com/docker/docker/daemon/logger/logentries	[no test files]
ok  	github.com/docker/docker/daemon/logger/loggerutils	0.008s	coverage: 18.6% of statements
ok  	github.com/docker/docker/daemon/logger/splunk	1.937s	coverage: 84.5% of statements
ok  	github.com/docker/docker/daemon/logger/syslog	0.008s	coverage: 47.8% of statements
ok  	github.com/docker/docker/daemon/logger/templates	0.003s	coverage: 8.3% of statements
?   	github.com/docker/docker/daemon/names	[no test files]
ok  	github.com/docker/docker/daemon/network	0.004s	coverage: 57.1% of statements
?   	github.com/docker/docker/daemon/stats	[no test files]
ok  	github.com/docker/docker/distribution	0.454s	coverage: 16.8% of statements
ok  	github.com/docker/docker/distribution/metadata	0.078s	coverage: 48.2% of statements
?   	github.com/docker/docker/distribution/utils	[no test files]
ok  	github.com/docker/docker/distribution/xfer	1.430s	coverage: 83.9% of statements
?   	github.com/docker/docker/dockerversion	[no test files]
ok  	github.com/docker/docker/errdefs	0.005s	coverage: 76.0% of statements
ok  	github.com/docker/docker/image	0.036s	coverage: 86.3% of statements
ok  	github.com/docker/docker/image/cache	0.011s	coverage: 19.2% of statements
?   	github.com/docker/docker/image/tarexport	[no test files]
ok  	github.com/docker/docker/image/v1	0.012s	coverage: 25.0% of statements
ok  	github.com/docker/docker/internal/procfs	0.004s	coverage: 78.4% of statements
?   	github.com/docker/docker/internal/test	[no test files]
?   	github.com/docker/docker/internal/test/daemon	[no test files]
?   	github.com/docker/docker/internal/test/environment	[no test files]
?   	github.com/docker/docker/internal/test/fakecontext	[no test files]
?   	github.com/docker/docker/internal/test/fakegit	[no test files]
?   	github.com/docker/docker/internal/test/fakestorage	[no test files]
?   	github.com/docker/docker/internal/test/fixtures/load	[no test files]
?   	github.com/docker/docker/internal/test/fixtures/plugin	[no test files]
?   	github.com/docker/docker/internal/test/fixtures/plugin/basic	[no test files]
?   	github.com/docker/docker/internal/test/registry	[no test files]
?   	github.com/docker/docker/internal/test/request	[no test files]
ok  	github.com/docker/docker/internal/testutil	0.004s	coverage: 62.5% of statements
ok  	github.com/docker/docker/layer	7.936s	coverage: 71.4% of statements
ok  	github.com/docker/docker/libcontainerd	0.035s	coverage: 3.4% of statements
?   	github.com/docker/docker/libcontainerd/supervisor	[no test files]
?   	github.com/docker/docker/oci	[no test files]
?   	github.com/docker/docker/oci/caps	[no test files]
ok  	github.com/docker/docker/opts	0.034s	coverage: 68.4% of statements
ok  	github.com/docker/docker/pkg/aaparser	0.003s	coverage: 50.0% of statements
ok  	github.com/docker/docker/pkg/archive	0.947s	coverage: 76.6% of statements
ok  	github.com/docker/docker/pkg/authorization	0.898s	coverage: 66.7% of statements
ok  	github.com/docker/docker/pkg/broadcaster	0.003s	coverage: 100.0% of statements
ok  	github.com/docker/docker/pkg/chrootarchive	3.548s	coverage: 37.0% of statements
?   	github.com/docker/docker/pkg/containerfs	[no test files]
?   	github.com/docker/docker/pkg/devicemapper	[no test files]
ok  	github.com/docker/docker/pkg/directory	0.004s	coverage: 80.0% of statements
ok  	github.com/docker/docker/pkg/discovery	0.005s	coverage: 58.3% of statements
ok  	github.com/docker/docker/pkg/discovery/file	0.005s	coverage: 97.6% of statements
ok  	github.com/docker/docker/pkg/discovery/kv	3.171s	coverage: 84.1% of statements
ok  	github.com/docker/docker/pkg/discovery/memory	0.003s	coverage: 92.3% of statements
ok  	github.com/docker/docker/pkg/discovery/nodes	0.003s	coverage: 93.8% of statements
ok  	github.com/docker/docker/pkg/dmesg	0.004s	coverage: 83.3% of statements
ok  	github.com/docker/docker/pkg/filenotify	0.603s	coverage: 66.3% of statements
ok  	github.com/docker/docker/pkg/fileutils	0.011s	coverage: 89.5% of statements
ok  	github.com/docker/docker/pkg/fsutils	0.179s	coverage: 85.1% of statements
ok  	github.com/docker/docker/pkg/homedir	0.004s	coverage: 41.7% of statements
ok  	github.com/docker/docker/pkg/idtools	0.300s	coverage: 70.2% of statements
ok  	github.com/docker/docker/pkg/ioutils	1.126s	coverage: 69.1% of statements
ok  	github.com/docker/docker/pkg/jsonmessage	0.006s	coverage: 88.3% of statements
ok  	github.com/docker/docker/pkg/locker	0.026s	coverage: 88.9% of statements
ok  	github.com/docker/docker/pkg/longpath	0.003s	coverage: 100.0% of statements
?   	github.com/docker/docker/pkg/loopback	[no test files]
ok  	github.com/docker/docker/pkg/mount	0.455s	coverage: 68.6% of statements
ok  	github.com/docker/docker/pkg/namesgenerator	0.003s	coverage: 85.7% of statements
?   	github.com/docker/docker/pkg/namesgenerator/cmd/names-generator	[no test files]
ok  	github.com/docker/docker/pkg/parsers	0.003s	coverage: 97.0% of statements
ok  	github.com/docker/docker/pkg/parsers/kernel	0.003s	coverage: 60.0% of statements
ok  	github.com/docker/docker/pkg/parsers/operatingsystem	0.003s	coverage: 90.0% of statements
ok  	github.com/docker/docker/pkg/pidfile	0.003s	coverage: 82.4% of statements
?   	github.com/docker/docker/pkg/platform	[no test files]
?   	github.com/docker/docker/pkg/plugingetter	[no test files]
ok  	github.com/docker/docker/pkg/plugins	33.622s	coverage: 76.8% of statements
ok  	github.com/docker/docker/pkg/plugins/pluginrpc-gen	0.012s	coverage: 56.8% of statements
?   	github.com/docker/docker/pkg/plugins/pluginrpc-gen/fixtures	[no test files]
?   	github.com/docker/docker/pkg/plugins/pluginrpc-gen/fixtures/otherfixture	[no test files]
ok  	github.com/docker/docker/pkg/plugins/transport	0.004s	coverage: 85.7% of statements
ok  	github.com/docker/docker/pkg/pools	0.003s	coverage: 87.9% of statements
ok  	github.com/docker/docker/pkg/progress	0.003s	coverage: 75.9% of statements
ok  	github.com/docker/docker/pkg/pubsub	1.080s	coverage: 72.7% of statements
ok  	github.com/docker/docker/pkg/reexec	0.007s	coverage: 82.4% of statements
ok  	github.com/docker/docker/pkg/signal	2.787s	coverage: 61.0% of statements
?   	github.com/docker/docker/pkg/signal/testfiles	[no test files]
ok  	github.com/docker/docker/pkg/stdcopy	0.004s	coverage: 100.0% of statements
ok  	github.com/docker/docker/pkg/streamformatter	0.004s	coverage: 66.2% of statements
ok  	github.com/docker/docker/pkg/stringid	0.004s	coverage: 76.0% of statements
ok  	github.com/docker/docker/pkg/symlink	0.017s	coverage: 87.7% of statements
ok  	github.com/docker/docker/pkg/sysinfo	0.007s	coverage: 75.2% of statements
ok  	github.com/docker/docker/pkg/system	0.023s	coverage: 36.1% of statements
ok  	github.com/docker/docker/pkg/tailfile	0.026s	coverage: 88.6% of statements
ok  	github.com/docker/docker/pkg/tarsum	0.118s	coverage: 89.3% of statements
ok  	github.com/docker/docker/pkg/term	0.005s	coverage: 85.9% of statements
ok  	github.com/docker/docker/pkg/term/windows	0.002s	coverage: 0.0% of statements [no tests to run]
ok  	github.com/docker/docker/pkg/truncindex	0.103s	coverage: 91.5% of statements
ok  	github.com/docker/docker/pkg/urlutil	0.002s	coverage: 100.0% of statements
ok  	github.com/docker/docker/pkg/useragent	0.003s	coverage: 88.9% of statements
ok  	github.com/docker/docker/plugin	0.550s	coverage: 27.3% of statements
ok  	github.com/docker/docker/plugin/executor/containerd	0.012s	coverage: 33.3% of statements
ok  	github.com/docker/docker/plugin/v2	0.005s	coverage: 14.5% of statements
?   	github.com/docker/docker/profiles/apparmor	[no test files]
ok  	github.com/docker/docker/profiles/seccomp	0.007s	coverage: 71.4% of statements
ok  	github.com/docker/docker/reference	0.012s	coverage: 84.4% of statements
ok  	github.com/docker/docker/registry	0.240s	coverage: 57.0% of statements
ok  	github.com/docker/docker/registry/resumable	0.018s	coverage: 100.0% of statements
ok  	github.com/docker/docker/restartmanager	0.003s	coverage: 49.0% of statements
ok  	github.com/docker/docker/runconfig	0.014s	coverage: 68.2% of statements
?   	github.com/docker/docker/runconfig/opts	[no test files]
?   	github.com/docker/docker/volume	[no test files]
ok  	github.com/docker/docker/volume/drivers	0.007s	coverage: 36.1% of statements
ok  	github.com/docker/docker/volume/local	0.026s	coverage: 73.0% of statements
ok  	github.com/docker/docker/volume/mounts	0.049s	coverage: 66.8% of statements
ok  	github.com/docker/docker/volume/service	0.026s	coverage: 73.0% of statements
?   	github.com/docker/docker/volume/service/opts	[no test files]
?   	github.com/docker/docker/volume/testutils	[no test files]

Removing bundles/

---> Making bundle: dynbinary (in bundles/dynbinary)
Building: bundles/dynbinary-daemon/dockerd-dev
Created binary: bundles/dynbinary-daemon/dockerd-dev

---> Making bundle: test-integration (in bundles/test-integration)
Building test suite binary ./integration-cli/test.main
Building test suite binary ./integration/plugin/test.main
Building test suite binary ./integration/plugin/volumes/test.main
Building test suite binary ./integration/plugin/volumes/cmd/test.main
Building test suite binary ./integration/plugin/volumes/cmd/dummy/test.main
Building test suite binary ./integration/plugin/common/test.main
Building test suite binary ./integration/plugin/graphdriver/test.main
Building test suite binary ./integration/plugin/logging/test.main
Building test suite binary ./integration/plugin/logging/cmd/test.main
Building test suite binary ./integration/plugin/logging/cmd/close_on_start/test.main
Building test suite binary ./integration/plugin/logging/cmd/dummy/test.main
Building test suite binary ./integration/plugin/authz/test.main
Building test suite binary ./integration/session/test.main
Building test suite binary ./integration/system/test.main
Building test suite binary ./integration/build/test.main
Building test suite binary ./integration/network/test.main
Building test suite binary ./integration/network/macvlan/test.main
Building test suite binary ./integration/network/ipvlan/test.main
Building test suite binary ./integration/secret/test.main
Building test suite binary ./integration/service/test.main
Building test suite binary ./integration/config/test.main
Building test suite binary ./integration/image/test.main
Building test suite binary ./integration/container/test.main
Building test suite binary ./integration/volume/test.main
---> Making bundle: .integration-daemon-start (in bundles/test-integration)
Using test binary docker
/etc/init.d/apparmor: 130: /etc/init.d/apparmor: systemd-detect-virt: not found
Starting AppArmor profiles:Warning from stdin (line 1): /sbin/apparmor_parser: cannot use or update cache, disable, or force-complain via stdin
Warning failed to create cache: (null)
.
INFO: Waiting for daemon to start...
Starting dockerd
.
---> Making bundle: .integration-daemon-setup (in bundles/test-integration)
---> Making bundle: .ensure-emptyfs (in bundles/test-integration)
Error: No such image: emptyfs
Running integration-test (iteration 1)
Running /go/src/github.com/docker/docker/integration/plugin
testing: warning: no tests to run
PASS
Running /go/src/github.com/docker/docker/integration/plugin/volumes
Loaded image: buildpack-deps:jessie
Loaded image: busybox:latest
Loaded image: busybox:glibc
Loaded image: debian:jessie
Loaded image: hello-world:latest
INFO: Testing against a local daemon
=== RUN   TestPluginWithDevMounts
=== PAUSE TestPluginWithDevMounts
=== CONT  TestPluginWithDevMounts
--- PASS: TestPluginWithDevMounts (8.18s)
    daemon.go:296: [d7f0797802836] waiting for daemon to start
    daemon.go:328: [d7f0797802836] daemon started
    daemon.go:283: [d7f0797802836] exiting daemon
PASS
Running /go/src/github.com/docker/docker/integration/plugin/volumes/cmd
testing: warning: no tests to run
PASS
Running /go/src/github.com/docker/docker/integration/plugin/volumes/cmd/dummy
testing: warning: no tests to run
PASS
Running /go/src/github.com/docker/docker/integration/plugin/common
INFO: Testing against a local daemon
=== RUN   TestPluginInvalidJSON
=== RUN   TestPluginInvalidJSON//plugins/foobar/set
=== PAUSE TestPluginInvalidJSON//plugins/foobar/set
=== CONT  TestPluginInvalidJSON//plugins/foobar/set
--- PASS: TestPluginInvalidJSON (0.01s)
    --- PASS: TestPluginInvalidJSON//plugins/foobar/set (0.00s)
PASS
Running /go/src/github.com/docker/docker/integration/plugin/graphdriver
INFO: Testing against a local daemon
=== RUN   TestExternalGraphDriver
=== RUN   TestExternalGraphDriver/json
=== RUN   TestExternalGraphDriver/spec
=== RUN   TestExternalGraphDriver/pull
--- PASS: TestExternalGraphDriver (6.82s)
    daemon.go:296: [dc18d04f1723d] waiting for daemon to start
    daemon.go:328: [dc18d04f1723d] daemon started
    daemon.go:283: [dc18d04f1723d] exiting daemon
    daemon.go:296: [dc18d04f1723d] waiting for daemon to start
    daemon.go:328: [dc18d04f1723d] daemon started
    daemon.go:283: [dc18d04f1723d] exiting daemon
    --- PASS: TestExternalGraphDriver/json (2.10s)
    daemon.go:296: [dc18d04f1723d] waiting for daemon to start
    daemon.go:328: [dc18d04f1723d] daemon started
    daemon.go:283: [dc18d04f1723d] exiting daemon
    daemon.go:296: [dc18d04f1723d] waiting for daemon to start
    daemon.go:328: [dc18d04f1723d] daemon started
    daemon.go:283: [dc18d04f1723d] exiting daemon
    --- PASS: TestExternalGraphDriver/spec (2.10s)
    daemon.go:296: [dc18d04f1723d] waiting for daemon to start
    daemon.go:328: [dc18d04f1723d] daemon started
    daemon.go:283: [dc18d04f1723d] exiting daemon
    --- PASS: TestExternalGraphDriver/pull (2.23s)
=== RUN   TestGraphdriverPluginV2
--- SKIP: TestGraphdriverPluginV2 (0.06s)
    external_test.go:410: os.Getenv("DOCKER_ENGINE_GOARCH") != "amd64"
PASS
Running /go/src/github.com/docker/docker/integration/plugin/logging
INFO: Testing against a local daemon
=== RUN   TestContinueAfterPluginCrash
=== PAUSE TestContinueAfterPluginCrash
=== RUN   TestDaemonStartWithLogOpt
=== PAUSE TestDaemonStartWithLogOpt
=== CONT  TestContinueAfterPluginCrash
=== CONT  TestDaemonStartWithLogOpt
--- PASS: TestDaemonStartWithLogOpt (4.28s)
    daemon.go:296: [dd8d751a420d4] waiting for daemon to start
    daemon.go:328: [dd8d751a420d4] daemon started
    daemon.go:283: [dd8d751a420d4] exiting daemon
    daemon.go:296: [dd8d751a420d4] waiting for daemon to start
    daemon.go:328: [dd8d751a420d4] daemon started
    daemon.go:283: [dd8d751a420d4] exiting daemon
--- PASS: TestContinueAfterPluginCrash (15.76s)
    daemon.go:296: [d5f20b0cdd8d6] waiting for daemon to start
    daemon.go:328: [d5f20b0cdd8d6] daemon started
    daemon.go:283: [d5f20b0cdd8d6] exiting daemon
PASS
Running /go/src/github.com/docker/docker/integration/plugin/logging/cmd
testing: warning: no tests to run
PASS
Running /go/src/github.com/docker/docker/integration/plugin/logging/cmd/close_on_start
testing: warning: no tests to run
PASS
Running /go/src/github.com/docker/docker/integration/plugin/logging/cmd/dummy
testing: warning: no tests to run
PASS
Running /go/src/github.com/docker/docker/integration/plugin/authz
INFO: Testing against a local daemon
=== RUN   TestAuthZPluginAllowRequest
--- PASS: TestAuthZPluginAllowRequest (1.63s)
    daemon.go:296: [d1f47d2e21b38] waiting for daemon to start
    daemon.go:328: [d1f47d2e21b38] daemon started
    daemon.go:283: [d1f47d2e21b38] exiting daemon
=== RUN   TestAuthZPluginTLS
--- PASS: TestAuthZPluginTLS (0.54s)
    daemon.go:296: [d73eb5e78a78c] waiting for daemon to start
    daemon.go:328: [d73eb5e78a78c] daemon started
    daemon.go:283: [d73eb5e78a78c] exiting daemon
=== RUN   TestAuthZPluginDenyRequest
--- PASS: TestAuthZPluginDenyRequest (0.53s)
    daemon.go:296: [d5f283b93d589] waiting for daemon to start
    daemon.go:328: [d5f283b93d589] daemon started
    daemon.go:283: [d5f283b93d589] exiting daemon
=== RUN   TestAuthZPluginAPIDenyResponse
--- PASS: TestAuthZPluginAPIDenyResponse (0.54s)
    daemon.go:296: [d2a79fdfd7ac8] waiting for daemon to start
    daemon.go:328: [d2a79fdfd7ac8] daemon started
    daemon.go:283: [d2a79fdfd7ac8] exiting daemon
=== RUN   TestAuthZPluginDenyResponse
--- PASS: TestAuthZPluginDenyResponse (0.54s)
    daemon.go:296: [d2717d6b2ee2a] waiting for daemon to start
    daemon.go:328: [d2717d6b2ee2a] daemon started
    daemon.go:283: [d2717d6b2ee2a] exiting daemon
=== RUN   TestAuthZPluginAllowEventStream
--- PASS: TestAuthZPluginAllowEventStream (1.66s)
    daemon.go:296: [d3b742e6bae51] waiting for daemon to start
    daemon.go:328: [d3b742e6bae51] daemon started
    daemon.go:283: [d3b742e6bae51] exiting daemon
=== RUN   TestAuthZPluginErrorResponse
--- PASS: TestAuthZPluginErrorResponse (0.53s)
    daemon.go:296: [dfb4bb7ae60c4] waiting for daemon to start
    daemon.go:328: [dfb4bb7ae60c4] daemon started
    daemon.go:283: [dfb4bb7ae60c4] exiting daemon
=== RUN   TestAuthZPluginErrorRequest
--- PASS: TestAuthZPluginErrorRequest (0.54s)
    daemon.go:296: [d23af62548c2a] waiting for daemon to start
    daemon.go:328: [d23af62548c2a] daemon started
    daemon.go:283: [d23af62548c2a] exiting daemon
=== RUN   TestAuthZPluginEnsureNoDuplicatePluginRegistration
--- PASS: TestAuthZPluginEnsureNoDuplicatePluginRegistration (0.54s)
    daemon.go:296: [d703f9757a43e] waiting for daemon to start
    daemon.go:328: [d703f9757a43e] daemon started
    daemon.go:283: [d703f9757a43e] exiting daemon
=== RUN   TestAuthZPluginEnsureLoadImportWorking
--- PASS: TestAuthZPluginEnsureLoadImportWorking (2.14s)
    daemon.go:296: [d0265691410e8] waiting for daemon to start
    daemon.go:328: [d0265691410e8] daemon started
    daemon.go:283: [d0265691410e8] exiting daemon
=== RUN   TestAuthzPluginEnsureContainerCopyToFrom
--- PASS: TestAuthzPluginEnsureContainerCopyToFrom (2.05s)
    daemon.go:296: [de95adef797e2] waiting for daemon to start
    daemon.go:328: [de95adef797e2] daemon started
    daemon.go:283: [de95adef797e2] exiting daemon
=== RUN   TestAuthZPluginHeader
--- PASS: TestAuthZPluginHeader (0.94s)
    daemon.go:296: [d579a4724e565] waiting for daemon to start
    daemon.go:328: [d579a4724e565] daemon started
    daemon.go:283: [d579a4724e565] exiting daemon
=== RUN   TestAuthZPluginV2AllowNonVolumeRequest
--- SKIP: TestAuthZPluginV2AllowNonVolumeRequest (0.00s)
    authz_plugin_v2_test.go:43: os.Getenv("DOCKER_ENGINE_GOARCH") != "amd64"
=== RUN   TestAuthZPluginV2Disable
--- SKIP: TestAuthZPluginV2Disable (0.00s)
    authz_plugin_v2_test.go:65: os.Getenv("DOCKER_ENGINE_GOARCH") != "amd64"
=== RUN   TestAuthZPluginV2RejectVolumeRequests
--- SKIP: TestAuthZPluginV2RejectVolumeRequests (0.00s)
    authz_plugin_v2_test.go:91: os.Getenv("DOCKER_ENGINE_GOARCH") != "amd64"
=== RUN   TestAuthZPluginV2BadManifestFailsDaemonStart
--- SKIP: TestAuthZPluginV2BadManifestFailsDaemonStart (0.00s)
    authz_plugin_v2_test.go:126: os.Getenv("DOCKER_ENGINE_GOARCH") != "amd64"
=== RUN   TestAuthZPluginV2NonexistentFailsDaemonStart
--- PASS: TestAuthZPluginV2NonexistentFailsDaemonStart (16.63s)
    daemon.go:296: [d5657a93ef27d] waiting for daemon to start
    daemon.go:328: [d5657a93ef27d] daemon started
    daemon.go:283: [d5657a93ef27d] exiting daemon
    daemon.go:296: [d5657a93ef27d] waiting for daemon to start
    daemon.go:296: [d5657a93ef27d] waiting for daemon to start
    daemon.go:296: [d5657a93ef27d] waiting for daemon to start
    daemon.go:328: [d5657a93ef27d] daemon started
    daemon.go:283: [d5657a93ef27d] exiting daemon
PASS
Running /go/src/github.com/docker/docker/integration/session
INFO: Testing against a local daemon
=== RUN   TestSessionCreate
--- SKIP: TestSessionCreate (0.00s)
    session_test.go:14: !testEnv.DaemonInfo.ExperimentalBuild
=== RUN   TestSessionCreateWithBadUpgrade
--- SKIP: TestSessionCreateWithBadUpgrade (0.00s)
    session_test.go:31: !testEnv.DaemonInfo.ExperimentalBuild
PASS
Running /go/src/github.com/docker/docker/integration/system
INFO: Testing against a local daemon
=== RUN   TestCgroupDriverSystemdMemoryLimit
=== PAUSE TestCgroupDriverSystemdMemoryLimit
=== RUN   TestEventsExecDie
--- PASS: TestEventsExecDie (0.85s)
=== RUN   TestEventsBackwardsCompatible
--- PASS: TestEventsBackwardsCompatible (0.14s)
=== RUN   TestInfoBinaryCommits
--- PASS: TestInfoBinaryCommits (0.02s)
=== RUN   TestInfoAPIVersioned
--- PASS: TestInfoAPIVersioned (0.01s)
=== RUN   TestInfoAPI
--- PASS: TestInfoAPI (0.03s)
=== RUN   TestInfoAPIWarnings
--- PASS: TestInfoAPIWarnings (0.94s)
    daemon.go:296: [d05e5b4bf88f2] waiting for daemon to start
    daemon.go:328: [d05e5b4bf88f2] daemon started
    daemon.go:283: [d05e5b4bf88f2] exiting daemon
=== RUN   TestLoginFailsWithBadCredentials
--- PASS: TestLoginFailsWithBadCredentials (0.60s)
=== RUN   TestVersion
--- PASS: TestVersion (0.01s)
=== CONT  TestCgroupDriverSystemdMemoryLimit
--- SKIP: TestCgroupDriverSystemdMemoryLimit (0.00s)
    cgroupdriver_systemd_test.go:35: systemd not available
PASS
Running /go/src/github.com/docker/docker/integration/build
INFO: Testing against a local daemon
=== RUN   TestBuildWithSession
--- PASS: TestBuildWithSession (4.97s)
    daemon.go:296: [dfbbc3201b526] waiting for daemon to start
    daemon.go:328: [dfbbc3201b526] daemon started
    daemon.go:283: [dfbbc3201b526] exiting daemon
=== RUN   TestBuildSquashParent
--- SKIP: TestBuildSquashParent (0.00s)
    build_squash_test.go:23: !testEnv.DaemonInfo.ExperimentalBuild
=== RUN   TestBuildWithRemoveAndForceRemove
=== RUN   TestBuildWithRemoveAndForceRemove/successful_build_with_no_removal
=== PAUSE TestBuildWithRemoveAndForceRemove/successful_build_with_no_removal
=== RUN   TestBuildWithRemoveAndForceRemove/successful_build_with_remove
=== PAUSE TestBuildWithRemoveAndForceRemove/successful_build_with_remove
=== RUN   TestBuildWithRemoveAndForceRemove/successful_build_with_remove_and_force_remove
=== PAUSE TestBuildWithRemoveAndForceRemove/successful_build_with_remove_and_force_remove
=== RUN   TestBuildWithRemoveAndForceRemove/failed_build_with_no_removal
=== PAUSE TestBuildWithRemoveAndForceRemove/failed_build_with_no_removal
=== RUN   TestBuildWithRemoveAndForceRemove/failed_build_with_remove
=== PAUSE TestBuildWithRemoveAndForceRemove/failed_build_with_remove
=== RUN   TestBuildWithRemoveAndForceRemove/failed_build_with_remove_and_force_remove
=== PAUSE TestBuildWithRemoveAndForceRemove/failed_build_with_remove_and_force_remove
=== CONT  TestBuildWithRemoveAndForceRemove/successful_build_with_no_removal
=== CONT  TestBuildWithRemoveAndForceRemove/failed_build_with_remove_and_force_remove
=== CONT  TestBuildWithRemoveAndForceRemove/successful_build_with_remove_and_force_remove
=== CONT  TestBuildWithRemoveAndForceRemove/failed_build_with_no_removal
=== CONT  TestBuildWithRemoveAndForceRemove/failed_build_with_remove
=== CONT  TestBuildWithRemoveAndForceRemove/successful_build_with_remove
--- PASS: TestBuildWithRemoveAndForceRemove (0.02s)
    --- PASS: TestBuildWithRemoveAndForceRemove/failed_build_with_remove_and_force_remove (3.58s)
    --- PASS: TestBuildWithRemoveAndForceRemove/successful_build_with_no_removal (3.61s)
    --- PASS: TestBuildWithRemoveAndForceRemove/successful_build_with_remove_and_force_remove (4.09s)
    --- PASS: TestBuildWithRemoveAndForceRemove/failed_build_with_no_removal (4.21s)
    --- PASS: TestBuildWithRemoveAndForceRemove/failed_build_with_remove (3.17s)
    --- PASS: TestBuildWithRemoveAndForceRemove/successful_build_with_remove (3.20s)
=== RUN   TestBuildMultiStageParentConfig
--- PASS: TestBuildMultiStageParentConfig (35.03s)
    build_test.go:175: [{-1 1546693130 sha256:4e1d4b1f23f354ecb9429a1988a2096d5f99f0791698f8345e1669ad1aa93e17 map[] sha256:54715a0ad835931a493cc574ea689ee9bd59abef12876f5367c279921a051069 [] [build1:latest] -1 4807482 4807482} {-1 1546693129 sha256:5b0e5e5574ad87b3c5ca462684cf787c70ef0e5cc84defc53d6f9eac28477ca8 map[] sha256:344a93ea2d32ade9fca0f570376f740d6c02ea85bc6344183479d0a1ae20f882 [<none>@<none>] [<none>:<none>] -1 4807482 4807482} {-1 1546693124 sha256:11784bccb38ce695c43c29187f667050b7eed3863600fd96b33c2ac9a0730fb8 map[] sha256:f4279da41337a9ba1488d945c0a04271f1bb9ddaf7831deefff8db201bf21381 [<none>@<none>] [<none>:<none>] -1 4807482 4807482} {-1 1546693124 sha256:ee9ddf099505677e2044c72e29efd7c84a739e61c5aae200efe41d941e7f7886 map[] sha256:f4279da41337a9ba1488d945c0a04271f1bb9ddaf7831deefff8db201bf21381 [<none>@<none>] [<none>:<none>] -1 4807482 4807482} {-1 1546693121 sha256:567904c60dd958a983ffb99f1ddce7f353e7f1dab979b31c408f37d1a14aa7f3 map[] sha256:f4279da41337a9ba1488d945c0a04271f1bb9ddaf7831deefff8db201bf21381 [<none>@<none>] [<none>:<none>] -1 4807482 4807482} {-1 1546693121 sha256:521cacc6f71ad299afca9f93a2b488d196f73fa8999cffb93471a2d910aeafb5 map[] sha256:f4279da41337a9ba1488d945c0a04271f1bb9ddaf7831deefff8db201bf21381 [<none>@<none>] [<none>:<none>] -1 4807482 4807482} {-1 1546693121 sha256:1f18063893722e6d5031a2adb7242cd1d27a455be88c56992b29c71b595dc9bc map[] sha256:f4279da41337a9ba1488d945c0a04271f1bb9ddaf7831deefff8db201bf21381 [<none>@<none>] [<none>:<none>] -1 4807482 4807482} {-1 1546693121 sha256:b8653c5af8517c6243e0f3d0ccd4dad8a6dab21b8b5e80542d16f0e8babdcff6 map[] sha256:f4279da41337a9ba1488d945c0a04271f1bb9ddaf7831deefff8db201bf21381 [<none>@<none>] [<none>:<none>] -1 4807482 4807482} {-1 1546693118 sha256:f099a3ebaa32d0831822d0e16dd54a60141958c220bca261d1b16ff102f246d7 map[] sha256:d9043724929103eeebab4661547232c16c58cb8dcdb1ead34b5593bf8710dede [<none>@<none>] [<none>:<none>] -1 4807508 4807508} {-1 1516819588 sha256:d12e8bfe0af697eb3cba07724f25d85fec150d7046b08359491939f7dcbf7d67 map[]  [] [busybox:glibc] -1 4873042 4873042} {-1 1511259801 sha256:39a904c076ffc85abeef8dbb200513e3c4c83fb085656e11b530998e58a5dab6 map[]  [] [hello-world:frozen] -1 65872 65872} {-1 1509644787 sha256:f4279da41337a9ba1488d945c0a04271f1bb9ddaf7831deefff8db201bf21381 map[]  [] [busybox:latest] -1 4807482 4807482} {-1 1509640471 sha256:ca7ff5204daea1f006dd998fbb4546c8bace764ce28594de2c7a3576ef0c4c54 map[]  [] [buildpack-deps:jessie] -1 620753482 620753482} {-1 1507585373 sha256:bbc5e06449ba698238017ac07e630080c1e5096a7ca4d4643705a58ddc4631c1 map[]  [] [debian:jessie] -1 127941509 127941509} {-1 1371157430 sha256:11f64303f0f7ffdc71f001788132bca5346831939a956e3e975c93267d89a16d map[]  [] [emptyfs:latest] -1 0 0}]
=== RUN   TestBuildLabelWithTargets
--- PASS: TestBuildLabelWithTargets (7.99s)
=== RUN   TestBuildWithEmptyLayers
--- PASS: TestBuildWithEmptyLayers (3.01s)
=== RUN   TestBuildMultiStageOnBuild
--- PASS: TestBuildMultiStageOnBuild (5.06s)
=== RUN   TestBuildUncleanTarFilenames
--- PASS: TestBuildUncleanTarFilenames (1.14s)
=== RUN   TestBuildMultiStageLayerLeak
--- PASS: TestBuildMultiStageLayerLeak (4.86s)
=== RUN   TestBuildWithHugeFile
--- PASS: TestBuildWithHugeFile (83.35s)
PASS
Running /go/src/github.com/docker/docker/integration/network
INFO: Testing against a local daemon
=== RUN   TestNetworkCreateDelete
--- PASS: TestNetworkCreateDelete (0.24s)
=== RUN   TestDockerNetworkDeletePreferID
--- PASS: TestDockerNetworkDeletePreferID (0.62s)
=== RUN   TestInspectNetwork
--- PASS: TestInspectNetwork (26.20s)
    daemon.go:296: [dedb5508442d2] waiting for daemon to start
    daemon.go:328: [dedb5508442d2] daemon started
    daemon.go:283: [dedb5508442d2] exiting daemon
=== RUN   TestRunContainerWithBridgeNone
--- PASS: TestRunContainerWithBridgeNone (2.74s)
    daemon.go:296: [dbb784b37986c] waiting for daemon to start
    daemon.go:328: [dbb784b37986c] daemon started
    daemon.go:283: [dbb784b37986c] exiting daemon
=== RUN   TestNetworkInvalidJSON
=== RUN   TestNetworkInvalidJSON//networks/create
=== PAUSE TestNetworkInvalidJSON//networks/create
=== RUN   TestNetworkInvalidJSON//networks/bridge/connect
=== PAUSE TestNetworkInvalidJSON//networks/bridge/connect
=== RUN   TestNetworkInvalidJSON//networks/bridge/disconnect
=== PAUSE TestNetworkInvalidJSON//networks/bridge/disconnect
=== CONT  TestNetworkInvalidJSON//networks/create
=== CONT  TestNetworkInvalidJSON//networks/bridge/disconnect
=== CONT  TestNetworkInvalidJSON//networks/bridge/connect
--- PASS: TestNetworkInvalidJSON (0.03s)
    --- PASS: TestNetworkInvalidJSON//networks/bridge/disconnect (0.00s)
    --- PASS: TestNetworkInvalidJSON//networks/bridge/connect (0.00s)
    --- PASS: TestNetworkInvalidJSON//networks/create (0.00s)
=== RUN   TestDaemonRestartWithLiveRestore
--- PASS: TestDaemonRestartWithLiveRestore (1.04s)
    daemon.go:296: [d3035b134d349] waiting for daemon to start
    daemon.go:328: [d3035b134d349] daemon started
    daemon.go:283: [d3035b134d349] exiting daemon
    daemon.go:296: [d3035b134d349] waiting for daemon to start
    daemon.go:328: [d3035b134d349] daemon started
    daemon.go:283: [d3035b134d349] exiting daemon
=== RUN   TestDaemonDefaultNetworkPools
--- PASS: TestDaemonDefaultNetworkPools (0.79s)
    daemon.go:296: [d78cfdb920edd] waiting for daemon to start
    daemon.go:328: [d78cfdb920edd] daemon started
    daemon.go:283: [d78cfdb920edd] exiting daemon
=== RUN   TestDaemonRestartWithExistingNetwork
--- PASS: TestDaemonRestartWithExistingNetwork (1.18s)
    daemon.go:296: [da8df6a9a7025] waiting for daemon to start
    daemon.go:328: [da8df6a9a7025] daemon started
    daemon.go:283: [da8df6a9a7025] exiting daemon
    daemon.go:296: [da8df6a9a7025] waiting for daemon to start
    daemon.go:328: [da8df6a9a7025] daemon started
    daemon.go:283: [da8df6a9a7025] exiting daemon
=== RUN   TestDaemonRestartWithExistingNetworkWithDefaultPoolRange
--- PASS: TestDaemonRestartWithExistingNetworkWithDefaultPoolRange (1.40s)
    daemon.go:296: [dd03a4943ef84] waiting for daemon to start
    daemon.go:328: [dd03a4943ef84] daemon started
    daemon.go:283: [dd03a4943ef84] exiting daemon
    daemon.go:296: [dd03a4943ef84] waiting for daemon to start
    daemon.go:328: [dd03a4943ef84] daemon started
    daemon.go:283: [dd03a4943ef84] exiting daemon
=== RUN   TestDaemonWithBipAndDefaultNetworkPool
--- PASS: TestDaemonWithBipAndDefaultNetworkPool (0.57s)
    daemon.go:296: [dce294b742890] waiting for daemon to start
    daemon.go:328: [dce294b742890] daemon started
    daemon.go:283: [dce294b742890] exiting daemon
=== RUN   TestServiceWithPredefinedNetwork
--- PASS: TestServiceWithPredefinedNetwork (2.29s)
    daemon.go:296: [d4fa499446ef6] waiting for daemon to start
    daemon.go:328: [d4fa499446ef6] daemon started
    daemon.go:283: [d4fa499446ef6] exiting daemon
=== RUN   TestServiceRemoveKeepsIngressNetwork
--- PASS: TestServiceRemoveKeepsIngressNetwork (12.23s)
    daemon.go:296: [d8e89da63103f] waiting for daemon to start
    daemon.go:328: [d8e89da63103f] daemon started
    daemon.go:283: [d8e89da63103f] exiting daemon
=== RUN   TestServiceWithDataPathPortInit
--- PASS: TestServiceWithDataPathPortInit (4.52s)
    daemon.go:296: [d65c033871699] waiting for daemon to start
    daemon.go:328: [d65c033871699] daemon started
    daemon.go:283: [d65c033871699] exiting daemon
    daemon.go:296: [dc907700b279c] waiting for daemon to start
    daemon.go:328: [dc907700b279c] daemon started
    daemon.go:283: [dc907700b279c] exiting daemon
=== RUN   TestServiceWithDefaultAddressPoolInit
--- PASS: TestServiceWithDefaultAddressPoolInit (4.62s)
    daemon.go:296: [dab05e9c91922] waiting for daemon to start
    daemon.go:328: [dab05e9c91922] daemon started
    service_test.go:420: TestServiceWithDefaultAddressPoolInit: NetworkInspect: {Name:saanvisthiraTestServiceWithDefaultAddressPoolInit ID:kpx5617vljminiw9bqeyoprmn Created:2019-01-05 13:02:01.514195859 +0000 UTC Scope:swarm Driver:overlay EnableIPv6:false IPAM:{Driver:default Options:map[] Config:[{Subnet:20.20.0.0/24 IPRange: Gateway:20.20.0.1 AuxAddress:map[]}]} Internal:false Attachable:false Ingress:false ConfigFrom:{Network:} ConfigOnly:false Containers:map[] Options:map[com.docker.network.driver.overlay.vxlanid_list:4097] Labels:map[] Peers:[] Services:map[]}
    daemon.go:283: [dab05e9c91922] exiting daemon
    daemon.go:296: [d1612c02cf051] waiting for daemon to start
    daemon.go:328: [d1612c02cf051] daemon started
    daemon.go:283: [d1612c02cf051] exiting daemon
PASS
Running /go/src/github.com/docker/docker/integration/network/macvlan
INFO: Testing against a local daemon
=== RUN   TestDockerNetworkMacvlanPersistance
--- PASS: TestDockerNetworkMacvlanPersistance (1.50s)
    daemon.go:296: [da245712a584a] waiting for daemon to start
    daemon.go:328: [da245712a584a] daemon started
    daemon.go:283: [da245712a584a] exiting daemon
    daemon.go:296: [da245712a584a] waiting for daemon to start
    daemon.go:328: [da245712a584a] daemon started
    daemon.go:283: [da245712a584a] exiting daemon
=== RUN   TestDockerNetworkMacvlan
=== RUN   TestDockerNetworkMacvlan/Subinterface
=== RUN   TestDockerNetworkMacvlan/OverlapParent
=== RUN   TestDockerNetworkMacvlan/NilParent
=== RUN   TestDockerNetworkMacvlan/InternalMode
=== RUN   TestDockerNetworkMacvlan/Addressing
--- PASS: TestDockerNetworkMacvlan (25.63s)
    daemon.go:296: [d8754cad6a058] waiting for daemon to start
    daemon.go:328: [d8754cad6a058] daemon started
    --- PASS: TestDockerNetworkMacvlan/Subinterface (0.08s)
    daemon.go:283: [d8754cad6a058] exiting daemon
    daemon.go:296: [d82fc7027e5d1] waiting for daemon to start
    daemon.go:328: [d82fc7027e5d1] daemon started
    --- PASS: TestDockerNetworkMacvlan/OverlapParent (0.09s)
    daemon.go:283: [d82fc7027e5d1] exiting daemon
    daemon.go:296: [d3019dc7512bf] waiting for daemon to start
    daemon.go:328: [d3019dc7512bf] daemon started
    --- PASS: TestDockerNetworkMacvlan/NilParent (1.37s)
    daemon.go:283: [d3019dc7512bf] exiting daemon
    daemon.go:296: [deafd67bd5477] waiting for daemon to start
    daemon.go:328: [deafd67bd5477] daemon started
    --- PASS: TestDockerNetworkMacvlan/InternalMode (2.42s)
    daemon.go:283: [deafd67bd5477] exiting daemon
    daemon.go:296: [d07e7eb257ed8] waiting for daemon to start
    daemon.go:328: [d07e7eb257ed8] daemon started
    --- PASS: TestDockerNetworkMacvlan/Addressing (16.06s)
    daemon.go:283: [d07e7eb257ed8] exiting daemon
PASS
Running /go/src/github.com/docker/docker/integration/network/ipvlan
INFO: Testing against a local daemon
=== RUN   TestDockerNetworkIpvlanPersistance
--- PASS: TestDockerNetworkIpvlanPersistance (1.54s)
    daemon.go:296: [d40a077cced58] waiting for daemon to start
    daemon.go:328: [d40a077cced58] daemon started
    daemon.go:283: [d40a077cced58] exiting daemon
    daemon.go:296: [d40a077cced58] waiting for daemon to start
    daemon.go:328: [d40a077cced58] daemon started
    daemon.go:283: [d40a077cced58] exiting daemon
=== RUN   TestDockerNetworkIpvlan
=== RUN   TestDockerNetworkIpvlan/Subinterface
=== RUN   TestDockerNetworkIpvlan/OverlapParent
=== RUN   TestDockerNetworkIpvlan/L2NilParent
=== RUN   TestDockerNetworkIpvlan/L2InternalMode
=== RUN   TestDockerNetworkIpvlan/L3NilParent
=== RUN   TestDockerNetworkIpvlan/L3InternalMode
=== RUN   TestDockerNetworkIpvlan/L2MultiSubnet
=== RUN   TestDockerNetworkIpvlan/L3MultiSubnet
=== RUN   TestDockerNetworkIpvlan/Addressing
--- PASS: TestDockerNetworkIpvlan (118.55s)
    daemon.go:296: [da4ab07269b86] waiting for daemon to start
    daemon.go:328: [da4ab07269b86] daemon started
    --- PASS: TestDockerNetworkIpvlan/Subinterface (0.10s)
    daemon.go:283: [da4ab07269b86] exiting daemon
    daemon.go:296: [d941880a80fdd] waiting for daemon to start
    daemon.go:328: [d941880a80fdd] daemon started
    --- PASS: TestDockerNetworkIpvlan/OverlapParent (0.07s)
    daemon.go:283: [d941880a80fdd] exiting daemon
    daemon.go:296: [d6e4c24f74ea7] waiting for daemon to start
    daemon.go:328: [d6e4c24f74ea7] daemon started
    --- PASS: TestDockerNetworkIpvlan/L2NilParent (1.39s)
    daemon.go:283: [d6e4c24f74ea7] exiting daemon
    daemon.go:296: [d294b9e5d2417] waiting for daemon to start
    daemon.go:328: [d294b9e5d2417] daemon started
    --- PASS: TestDockerNetworkIpvlan/L2InternalMode (2.41s)
    daemon.go:283: [d294b9e5d2417] exiting daemon
    daemon.go:296: [db4d7ee6b7d0d] waiting for daemon to start
    daemon.go:328: [db4d7ee6b7d0d] daemon started
    --- PASS: TestDockerNetworkIpvlan/L3NilParent (16.40s)
    daemon.go:283: [db4d7ee6b7d0d] exiting daemon
    daemon.go:296: [dabaf01ffc283] waiting for daemon to start
    daemon.go:328: [dabaf01ffc283] daemon started
    --- PASS: TestDockerNetworkIpvlan/L3InternalMode (17.39s)
    daemon.go:283: [dabaf01ffc283] exiting daemon
    daemon.go:296: [db7ac2056f808] waiting for daemon to start
    daemon.go:328: [db7ac2056f808] daemon started
    --- PASS: TestDockerNetworkIpvlan/L2MultiSubnet (18.65s)
    daemon.go:283: [db7ac2056f808] exiting daemon
    daemon.go:296: [d8da57e2399e5] waiting for daemon to start
    daemon.go:328: [d8da57e2399e5] daemon started
    --- PASS: TestDockerNetworkIpvlan/L3MultiSubnet (18.66s)
    daemon.go:283: [d8da57e2399e5] exiting daemon
    daemon.go:296: [d16433794ac07] waiting for daemon to start
    daemon.go:328: [d16433794ac07] daemon started
    --- PASS: TestDockerNetworkIpvlan/Addressing (32.11s)
    daemon.go:283: [d16433794ac07] exiting daemon
PASS
Running /go/src/github.com/docker/docker/integration/secret
INFO: Testing against a local daemon
=== RUN   TestSecretInspect
--- PASS: TestSecretInspect (2.24s)
    daemon.go:296: [dea71f750cee1] waiting for daemon to start
    daemon.go:328: [dea71f750cee1] daemon started
    daemon.go:283: [dea71f750cee1] exiting daemon
=== RUN   TestSecretList
--- PASS: TestSecretList (2.30s)
    daemon.go:296: [d32c5799eff5c] waiting for daemon to start
    daemon.go:328: [d32c5799eff5c] daemon started
    daemon.go:283: [d32c5799eff5c] exiting daemon
=== RUN   TestSecretsCreateAndDelete
--- PASS: TestSecretsCreateAndDelete (2.20s)
    daemon.go:296: [d0bd142eee4ff] waiting for daemon to start
    daemon.go:328: [d0bd142eee4ff] daemon started
    daemon.go:283: [d0bd142eee4ff] exiting daemon
=== RUN   TestSecretsUpdate
--- PASS: TestSecretsUpdate (2.19s)
    daemon.go:296: [d0b3d17cc7324] waiting for daemon to start
    daemon.go:328: [d0b3d17cc7324] daemon started
    daemon.go:283: [d0b3d17cc7324] exiting daemon
=== RUN   TestTemplatedSecret
--- PASS: TestTemplatedSecret (2.92s)
    daemon.go:296: [dc726ea260c61] waiting for daemon to start
    daemon.go:328: [dc726ea260c61] daemon started
    daemon.go:283: [dc726ea260c61] exiting daemon
=== RUN   TestSecretCreateResolve
--- PASS: TestSecretCreateResolve (2.26s)
    daemon.go:296: [dcb91348946c6] waiting for daemon to start
    daemon.go:328: [dcb91348946c6] daemon started
    daemon.go:283: [dcb91348946c6] exiting daemon
PASS
Running /go/src/github.com/docker/docker/integration/service
INFO: Testing against a local daemon
=== RUN   TestServiceCreateInit
=== RUN   TestServiceCreateInit/daemonInitDisabled
=== RUN   TestServiceCreateInit/daemonInitEnabled
--- PASS: TestServiceCreateInit (8.86s)
    --- PASS: TestServiceCreateInit/daemonInitDisabled (4.48s)
        daemon.go:296: [d7cb0a4a5250a] waiting for daemon to start
        daemon.go:328: [d7cb0a4a5250a] daemon started
        daemon.go:283: [d7cb0a4a5250a] exiting daemon
    --- PASS: TestServiceCreateInit/daemonInitEnabled (4.37s)
        daemon.go:296: [d73e844bd3c5e] waiting for daemon to start
        daemon.go:328: [d73e844bd3c5e] daemon started
        daemon.go:283: [d73e844bd3c5e] exiting daemon
=== RUN   TestCreateServiceMultipleTimes
--- PASS: TestCreateServiceMultipleTimes (26.56s)
    daemon.go:296: [d9c4b7ebe5556] waiting for daemon to start
    daemon.go:328: [d9c4b7ebe5556] daemon started
    daemon.go:283: [d9c4b7ebe5556] exiting daemon
=== RUN   TestCreateServiceConflict
--- PASS: TestCreateServiceConflict (2.30s)
    daemon.go:296: [d9b4ea29a69cd] waiting for daemon to start
    daemon.go:328: [d9b4ea29a69cd] daemon started
    daemon.go:283: [d9b4ea29a69cd] exiting daemon
=== RUN   TestCreateServiceMaxReplicas
--- PASS: TestCreateServiceMaxReplicas (3.11s)
    daemon.go:296: [d57a16a8acbce] waiting for daemon to start
    daemon.go:328: [d57a16a8acbce] daemon started
    daemon.go:283: [d57a16a8acbce] exiting daemon
=== RUN   TestCreateWithDuplicateNetworkNames
--- PASS: TestCreateWithDuplicateNetworkNames (14.46s)
    daemon.go:296: [d7252a16fab45] waiting for daemon to start
    daemon.go:328: [d7252a16fab45] daemon started
    daemon.go:283: [d7252a16fab45] exiting daemon
=== RUN   TestCreateServiceSecretFileMode
--- PASS: TestCreateServiceSecretFileMode (2.87s)
    daemon.go:296: [d7c74002c1218] waiting for daemon to start
    daemon.go:328: [d7c74002c1218] daemon started
    daemon.go:283: [d7c74002c1218] exiting daemon
=== RUN   TestCreateServiceConfigFileMode
--- PASS: TestCreateServiceConfigFileMode (2.74s)
    daemon.go:296: [df5ec949d0571] waiting for daemon to start
    daemon.go:328: [df5ec949d0571] daemon started
    daemon.go:283: [df5ec949d0571] exiting daemon
=== RUN   TestCreateServiceSysctls
--- PASS: TestCreateServiceSysctls (3.60s)
    daemon.go:296: [d2b06084cacee] waiting for daemon to start
    daemon.go:328: [d2b06084cacee] daemon started
    daemon.go:283: [d2b06084cacee] exiting daemon
=== RUN   TestInspect
--- PASS: TestInspect (2.30s)
    daemon.go:296: [d997c9128bc7b] waiting for daemon to start
    daemon.go:328: [d997c9128bc7b] daemon started
    daemon.go:283: [d997c9128bc7b] exiting daemon
=== RUN   TestDockerNetworkConnectAlias
--- PASS: TestDockerNetworkConnectAlias (4.81s)
    daemon.go:296: [d6ce91fe24f15] waiting for daemon to start
    daemon.go:328: [d6ce91fe24f15] daemon started
    daemon.go:283: [d6ce91fe24f15] exiting daemon
=== RUN   TestServicePlugin
--- SKIP: TestServicePlugin (0.00s)
    plugin_test.go:26: os.Getenv("DOCKER_ENGINE_GOARCH") != "amd64"
=== RUN   TestServiceUpdateLabel
--- PASS: TestServiceUpdateLabel (2.23s)
    daemon.go:296: [d29499c686cc7] waiting for daemon to start
    daemon.go:328: [d29499c686cc7] daemon started
    daemon.go:283: [d29499c686cc7] exiting daemon
=== RUN   TestServiceUpdateSecrets
--- FAIL: TestServiceUpdateSecrets (2.27s)
    daemon.go:296: [d28148221dfaa] waiting for daemon to start
    daemon.go:328: [d28148221dfaa] daemon started
    update_test.go:126: assertion failed: error is not nil: Error response from daemon: rpc error: code = Unknown desc = update out of sequence
    daemon.go:283: [d28148221dfaa] exiting daemon
=== RUN   TestServiceUpdateConfigs
--- PASS: TestServiceUpdateConfigs (14.73s)
    daemon.go:296: [d69493d53e45c] waiting for daemon to start
    daemon.go:328: [d69493d53e45c] daemon started
    daemon.go:283: [d69493d53e45c] exiting daemon
FAIL
---> Making bundle: .integration-daemon-stop (in bundles/test-integration)
Clearing AppArmor profiles cache:.
All profile caches have been cleared, but no profiles have been unloaded.
Unloading profiles will leave already running processes permanently
unconfined, which can lead to unexpected situations.

To set a process to complain mode, use the command line tool
'aa-complain'. To really tear down all profiles, run the init script
with the 'teardown' option."
Removing test suite binaries
Build step 'Execute shell' marked build as failure
Set build name.
New build name is '#38380'
Performing Post build task...
Match found for : : True
Logical operation result is TRUE
Running script  : 
[Docker-PRs-powerpc] $ /bin/sh -xe /tmp/jenkins7476019339184823440.sh
POST BUILD TASK : SUCCESS
END OF POST BUILD TASK : 0
[PostBuildScript] - Executing post build scripts.
[Docker-PRs-powerpc] $ /bin/sh -xe /tmp/jenkins2618187323227598592.sh
+ echo Chowning /workspace to jenkins user
Chowning /workspace to jenkins user
+ id -u
+ id -g
+ docker run --rm -v /home/docker/workspace/Docker-PRs-powerpc:/workspace ppc64le/busybox chown -R 1001:1001 /workspace
[Docker-PRs-powerpc] $ /bin/sh -xe /tmp/jenkins4837692332658929103.sh
+ echo Creating bundles.tar.gz
Creating bundles.tar.gz
+ find bundles -name *.log
+ xargs tar -czf bundles.tar.gz
Sending e-mails to: tophj@linux.vnet.ibm.com christy@linux.vnet.ibm.com
Archiving artifacts
Notifying endpoint with url 'https://leeroy.dockerproject.org/notification/jenkins'
[WS-CLEANUP] Deleting project workspace...[WS-CLEANUP] done
Finished: FAILURE
