Started by user Gordon
Notifying endpoint with url 'https://leeroy.dockerproject.org/notification/jenkins'
[EnvInject] - Loading node environment variables.
Building remotely on ubuntu-1604-aufs-stable (i-000c8b1e9f33f3e41) (docker-edge ubuntu aufs docker-stable docker ubuntu-1604-aufs-edge x86_64 ec2 linux ubuntu-1604-aufs ubuntu-1604 amd64 ubuntu-1604-aufs-stable us-west-2) in workspace /home/ubuntu/workspace/Docker-PRs-experimental
Wiping out workspace first.
Cloning the remote Git repository
Cloning repository https://github.com/moby/moby.git
 > git init /home/ubuntu/workspace/Docker-PRs-experimental # timeout=10
Fetching upstream changes from https://github.com/moby/moby.git
 > git --version # timeout=10
 > git fetch --tags --progress https://github.com/moby/moby.git +refs/heads/*:refs/remotes/origin/*
 > git config remote.origin.url https://github.com/moby/moby.git # timeout=10
 > git config --add remote.origin.fetch +refs/heads/*:refs/remotes/origin/* # timeout=10
 > git config remote.origin.url https://github.com/moby/moby.git # timeout=10
Fetching upstream changes from https://github.com/moby/moby.git
 > git fetch --tags --progress https://github.com/moby/moby.git +refs/heads/*:refs/remotes/origin/*
 > git rev-parse origin/master^{commit} # timeout=10
Checking out Revision f9dbd383bb6e31d97ec276ef7dbf69e89bc22f66 (origin/master)
 > git config core.sparsecheckout # timeout=10
 > git checkout -f f9dbd383bb6e31d97ec276ef7dbf69e89bc22f66
Commit message: "Merge pull request #38418 from thaJeztah/mega_power"
 > git rev-list --no-walk f9dbd383bb6e31d97ec276ef7dbf69e89bc22f66 # timeout=10
Set build name.
New build name is '#38487'
[Docker-PRs-experimental] $ /bin/bash /tmp/jenkins4679818931257896557.sh
From https://github.com/moby/moby
 * [new ref]         refs/pull/38487/head -> origin/pr/38487
Auto-merging integration/build/build_test.go
Merge made by the 'recursive' strategy.
 builder/remotecontext/detect.go                    | 16 +++++--
 integration/build/build_test.go                    | 55 +++++++++++++++++++++
 vendor.conf                                        |  2 +-
 vendor/github.com/moby/buildkit/README.md          | 56 +++++-----------------
 .../dockerfile/dockerfile2llb/convert_secrets.go   | 16 +++++++
 .../dockerfile/dockerfile2llb/convert_ssh.go       | 17 ++++++-
 .../dockerfile/instructions/commands_runmount.go   | 35 ++++++++++++++
 .../buildkit/frontend/dockerfile/parser/parser.go  |  5 ++
 .../moby/buildkit/snapshot/snapshotter.go          |  2 +-
 .../moby/buildkit/solver/llbsolver/ops/exec.go     |  4 +-
 vendor/github.com/moby/buildkit/vendor.conf        |  8 ++--
 11 files changed, 158 insertions(+), 58 deletions(-)
Sending build context to Docker daemon  45.11MB
Step 1/94 : FROM golang:1.11.4 AS base
 ---> 343df9d12b7b
Step 2/94 : ARG APT_MIRROR=deb.debian.org
 ---> Using cache
 ---> 8d664fe329d8
Step 3/94 : RUN sed -ri "s/(httpredir|deb).debian.org/$APT_MIRROR/g" /etc/apt/sources.list
 ---> Using cache
 ---> 501af566f97a
Step 4/94 : FROM base AS criu
 ---> 501af566f97a
Step 5/94 : ENV CRIU_VERSION 3.6
 ---> Using cache
 ---> 47dea23f290d
Step 6/94 : RUN apt-get update && apt-get install -y 	libnet-dev 	libprotobuf-c0-dev 	libprotobuf-dev 	libnl-3-dev 	libcap-dev 	protobuf-compiler 	protobuf-c-compiler 	python-protobuf 	&& mkdir -p /usr/src/criu 	&& curl -sSL https://github.com/checkpoint-restore/criu/archive/v${CRIU_VERSION}.tar.gz | tar -C /usr/src/criu/ -xz --strip-components=1 	&& cd /usr/src/criu 	&& make 	&& make PREFIX=/build/ install-criu
 ---> Using cache
 ---> 01dcfbeee030
Step 7/94 : FROM base AS registry
 ---> 501af566f97a
Step 8/94 : ENV REGISTRY_COMMIT_SCHEMA1 ec87e9b6971d831f0eff752ddb54fb64693e51cd
 ---> Using cache
 ---> 73ac69fdc826
Step 9/94 : ENV REGISTRY_COMMIT 47a064d4195a9b56133891bbb13620c3ac83a827
 ---> Using cache
 ---> 41c37fee396f
Step 10/94 : RUN set -x 	&& export GOPATH="$(mktemp -d)" 	&& git clone https://github.com/docker/distribution.git "$GOPATH/src/github.com/docker/distribution" 	&& (cd "$GOPATH/src/github.com/docker/distribution" && git checkout -q "$REGISTRY_COMMIT") 	&& GOPATH="$GOPATH/src/github.com/docker/distribution/Godeps/_workspace:$GOPATH" 		go build -buildmode=pie -o /build/registry-v2 github.com/docker/distribution/cmd/registry 	&& case $(dpkg --print-architecture) in 		amd64|ppc64*|s390x) 		(cd "$GOPATH/src/github.com/docker/distribution" && git checkout -q "$REGISTRY_COMMIT_SCHEMA1"); 		GOPATH="$GOPATH/src/github.com/docker/distribution/Godeps/_workspace:$GOPATH"; 			go build -buildmode=pie -o /build/registry-v2-schema1 github.com/docker/distribution/cmd/registry; 		;; 	   esac 	&& rm -rf "$GOPATH"
 ---> Using cache
 ---> 52feb714dd9d
Step 11/94 : FROM base AS docker-py
 ---> 501af566f97a
Step 12/94 : ENV DOCKER_PY_COMMIT 8b246db271a85d6541dc458838627e89c683e42f
 ---> Using cache
 ---> cf360b83776b
Step 13/94 : RUN git clone https://github.com/docker/docker-py.git /build 	&& cd /build 	&& git checkout -q $DOCKER_PY_COMMIT
 ---> Using cache
 ---> 2865a1e6fb8c
Step 14/94 : FROM base AS swagger
 ---> 501af566f97a
Step 15/94 : ENV GO_SWAGGER_COMMIT c28258affb0b6251755d92489ef685af8d4ff3eb
 ---> Using cache
 ---> e5acc9b4aef1
Step 16/94 : RUN set -x 	&& export GOPATH="$(mktemp -d)" 	&& git clone https://github.com/go-swagger/go-swagger.git "$GOPATH/src/github.com/go-swagger/go-swagger" 	&& (cd "$GOPATH/src/github.com/go-swagger/go-swagger" && git checkout -q "$GO_SWAGGER_COMMIT") 	&& go build -o /build/swagger github.com/go-swagger/go-swagger/cmd/swagger 	&& rm -rf "$GOPATH"
 ---> Using cache
 ---> 5e47684e95a4
Step 17/94 : FROM base AS frozen-images
 ---> 501af566f97a
Step 18/94 : RUN apt-get update && apt-get install -y jq ca-certificates --no-install-recommends
 ---> Using cache
 ---> e18c9e1cff96
Step 19/94 : COPY contrib/download-frozen-image-v2.sh /
 ---> Using cache
 ---> 47125ebde0ed
Step 20/94 : RUN /download-frozen-image-v2.sh /build 	buildpack-deps:jessie@sha256:dd86dced7c9cd2a724e779730f0a53f93b7ef42228d4344b25ce9a42a1486251 	busybox:latest@sha256:bbc3a03235220b170ba48a157dd097dd1379299370e1ed99ce976df0355d24f0 	busybox:glibc@sha256:0b55a30394294ab23b9afd58fab94e61a923f5834fba7ddbae7f8e0c11ba85e6 	debian:jessie@sha256:287a20c5f73087ab406e6b364833e3fb7b3ae63ca0eb3486555dc27ed32c6e60 	hello-world:latest@sha256:be0cd392e45be79ffeffa6b05338b98ebb16c87b255f48e297ec7f98e123905c
 ---> Using cache
 ---> e65485458fed
Step 21/94 : FROM base AS runtime-dev
 ---> 501af566f97a
Step 22/94 : RUN apt-get update && apt-get install -y 	libapparmor-dev 	libseccomp-dev
 ---> Using cache
 ---> e5ddc2c83d27
Step 23/94 : FROM base AS tomlv
 ---> 501af566f97a
Step 24/94 : ENV INSTALL_BINARY_NAME=tomlv
 ---> Using cache
 ---> 8fb4376a700e
Step 25/94 : COPY hack/dockerfile/install/install.sh ./install.sh
 ---> Using cache
 ---> f6162905fad0
Step 26/94 : COPY hack/dockerfile/install/$INSTALL_BINARY_NAME.installer ./
 ---> Using cache
 ---> f55961a8d090
Step 27/94 : RUN PREFIX=/build ./install.sh $INSTALL_BINARY_NAME
 ---> Using cache
 ---> 3237dcab00d6
Step 28/94 : FROM base AS vndr
 ---> 501af566f97a
Step 29/94 : ENV INSTALL_BINARY_NAME=vndr
 ---> Using cache
 ---> 9a17db196009
Step 30/94 : COPY hack/dockerfile/install/install.sh ./install.sh
 ---> Using cache
 ---> cc292741f39f
Step 31/94 : COPY hack/dockerfile/install/$INSTALL_BINARY_NAME.installer ./
 ---> Using cache
 ---> 32c371dc4aeb
Step 32/94 : RUN PREFIX=/build ./install.sh $INSTALL_BINARY_NAME
 ---> Using cache
 ---> 67e7674a5046
Step 33/94 : FROM base AS containerd
 ---> 501af566f97a
Step 34/94 : RUN apt-get update && apt-get install -y btrfs-tools
 ---> Using cache
 ---> 83b5293955ea
Step 35/94 : ENV INSTALL_BINARY_NAME=containerd
 ---> Using cache
 ---> 28c8dab34eb2
Step 36/94 : COPY hack/dockerfile/install/install.sh ./install.sh
 ---> Using cache
 ---> 142cb1574537
Step 37/94 : COPY hack/dockerfile/install/$INSTALL_BINARY_NAME.installer ./
 ---> Using cache
 ---> 317317910847
Step 38/94 : RUN PREFIX=/build ./install.sh $INSTALL_BINARY_NAME
 ---> Using cache
 ---> 06fa4a3be038
Step 39/94 : FROM base AS proxy
 ---> 501af566f97a
Step 40/94 : ENV INSTALL_BINARY_NAME=proxy
 ---> Using cache
 ---> 506f9c8afd59
Step 41/94 : COPY hack/dockerfile/install/install.sh ./install.sh
 ---> Using cache
 ---> ed68af8cb34c
Step 42/94 : COPY hack/dockerfile/install/$INSTALL_BINARY_NAME.installer ./
 ---> Using cache
 ---> 952448e60912
Step 43/94 : RUN PREFIX=/build ./install.sh $INSTALL_BINARY_NAME
 ---> Using cache
 ---> 8b948626ab39
Step 44/94 : FROM base AS gometalinter
 ---> 501af566f97a
Step 45/94 : ENV INSTALL_BINARY_NAME=gometalinter
 ---> Using cache
 ---> fc27ad485efb
Step 46/94 : COPY hack/dockerfile/install/install.sh ./install.sh
 ---> Using cache
 ---> 0ff987c4100b
Step 47/94 : COPY hack/dockerfile/install/$INSTALL_BINARY_NAME.installer ./
 ---> Using cache
 ---> 3ff6f7accd7e
Step 48/94 : RUN PREFIX=/build ./install.sh $INSTALL_BINARY_NAME
 ---> Using cache
 ---> e75023b68e37
Step 49/94 : FROM base AS dockercli
 ---> 501af566f97a
Step 50/94 : ENV INSTALL_BINARY_NAME=dockercli
 ---> Using cache
 ---> 45df97abc427
Step 51/94 : COPY hack/dockerfile/install/install.sh ./install.sh
 ---> Using cache
 ---> f24616151bba
Step 52/94 : COPY hack/dockerfile/install/$INSTALL_BINARY_NAME.installer ./
 ---> Using cache
 ---> 63002258aeff
Step 53/94 : RUN PREFIX=/build ./install.sh $INSTALL_BINARY_NAME
 ---> Using cache
 ---> f52c47162663
Step 54/94 : FROM runtime-dev AS runc
 ---> e5ddc2c83d27
Step 55/94 : ENV INSTALL_BINARY_NAME=runc
 ---> Using cache
 ---> 8601bd91d532
Step 56/94 : COPY hack/dockerfile/install/install.sh ./install.sh
 ---> Using cache
 ---> 82588158c480
Step 57/94 : COPY hack/dockerfile/install/$INSTALL_BINARY_NAME.installer ./
 ---> Using cache
 ---> d1d62ebebcf3
Step 58/94 : RUN PREFIX=/build ./install.sh $INSTALL_BINARY_NAME
 ---> Using cache
 ---> 79ddabc2d6a4
Step 59/94 : FROM base AS tini
 ---> 501af566f97a
Step 60/94 : RUN apt-get update && apt-get install -y cmake vim-common
 ---> Using cache
 ---> 10077808211e
Step 61/94 : COPY hack/dockerfile/install/install.sh ./install.sh
 ---> Using cache
 ---> 353fa407bcca
Step 62/94 : ENV INSTALL_BINARY_NAME=tini
 ---> Using cache
 ---> 890495642807
Step 63/94 : COPY hack/dockerfile/install/$INSTALL_BINARY_NAME.installer ./
 ---> Using cache
 ---> cc518e40c6bc
Step 64/94 : RUN PREFIX=/build ./install.sh $INSTALL_BINARY_NAME
 ---> Using cache
 ---> af872a00aed9
Step 65/94 : FROM runtime-dev AS dev
 ---> e5ddc2c83d27
Step 66/94 : RUN groupadd -r docker
 ---> Using cache
 ---> 23dbf4af70ca
Step 67/94 : RUN useradd --create-home --gid docker unprivilegeduser
 ---> Using cache
 ---> a38cca8b7270
Step 68/94 : RUN ln -sfv /go/src/github.com/docker/docker/.bashrc ~/.bashrc
 ---> Using cache
 ---> 53d9bfc536e1
Step 69/94 : RUN echo "source /usr/share/bash-completion/bash_completion" >> /etc/bash.bashrc
 ---> Using cache
 ---> e975ffa955dd
Step 70/94 : RUN ln -s /usr/local/completion/bash/docker /etc/bash_completion.d/docker
 ---> Using cache
 ---> 4e5014e9e165
Step 71/94 : RUN ldconfig
 ---> Using cache
 ---> b4463d480c9a
Step 72/94 : RUN apt-get update && apt-get install -y 	apparmor 	aufs-tools 	bash-completion 	btrfs-tools 	iptables 	jq 	libcap2-bin 	libdevmapper-dev 	libudev-dev 	libsystemd-dev 	binutils-mingw-w64 	g++-mingw-w64-x86-64 	net-tools 	pigz 	python-backports.ssl-match-hostname 	python-dev 	python-mock 	python-pip 	python-requests 	python-setuptools 	python-websocket 	python-wheel 	thin-provisioning-tools 	vim 	vim-common 	xfsprogs 	zip 	bzip2 	xz-utils 	--no-install-recommends
 ---> Using cache
 ---> b2e200e1e75f
Step 73/94 : COPY --from=swagger /build/swagger* /usr/local/bin/
 ---> Using cache
 ---> 5897570a126d
Step 74/94 : COPY --from=frozen-images /build/ /docker-frozen-images
 ---> Using cache
 ---> d41f058e3571
Step 75/94 : COPY --from=gometalinter /build/ /usr/local/bin/
 ---> Using cache
 ---> 4c05b05442c1
Step 76/94 : COPY --from=tomlv /build/ /usr/local/bin/
 ---> Using cache
 ---> fa9841953f60
Step 77/94 : COPY --from=vndr /build/ /usr/local/bin/
 ---> Using cache
 ---> 73bea8245385
Step 78/94 : COPY --from=tini /build/ /usr/local/bin/
 ---> Using cache
 ---> f6310a9aad65
Step 79/94 : COPY --from=runc /build/ /usr/local/bin/
 ---> Using cache
 ---> 3a7e7cdc7b5d
Step 80/94 : COPY --from=containerd /build/ /usr/local/bin/
 ---> Using cache
 ---> caa94f1a3e3b
Step 81/94 : COPY --from=proxy /build/ /usr/local/bin/
 ---> Using cache
 ---> 8317b50e2df5
Step 82/94 : COPY --from=dockercli /build/ /usr/local/cli
 ---> Using cache
 ---> fe9bf3992a91
Step 83/94 : COPY --from=registry /build/registry* /usr/local/bin/
 ---> Using cache
 ---> 3a950b630ae4
Step 84/94 : COPY --from=criu /build/ /usr/local/
 ---> Using cache
 ---> e02b6587372e
Step 85/94 : COPY --from=docker-py /build/ /docker-py
 ---> Using cache
 ---> 22ba1f9bf602
Step 86/94 : RUN cd /docker-py 	&& pip install docker-pycreds==0.2.1 	&& pip install yamllint==1.5.0 	&& pip install -r test-requirements.txt
 ---> Using cache
 ---> 528702fcd735
Step 87/94 : ENV PATH=/usr/local/cli:$PATH
 ---> Using cache
 ---> 44df82f8cee1
Step 88/94 : ENV DOCKER_BUILDTAGS apparmor seccomp selinux
 ---> Using cache
 ---> 6048b9d23262
Step 89/94 : ENV GOMETALINTER_OPTS="--deadline=2m"
 ---> Using cache
 ---> 41c9b608c9c0
Step 90/94 : WORKDIR /go/src/github.com/docker/docker
 ---> Using cache
 ---> cd6b29fd70aa
Step 91/94 : VOLUME /var/lib/docker
 ---> Using cache
 ---> 81e849209549
Step 92/94 : ENTRYPOINT ["hack/dind"]
 ---> Using cache
 ---> 870ac75c6cb9
Step 93/94 : FROM dev AS final
 ---> 870ac75c6cb9
Step 94/94 : COPY . /go/src/github.com/docker/docker
 ---> Using cache
 ---> 66de11596a64
Successfully built 66de11596a64
Successfully tagged docker:9a1af9b-exp

Removing bundles/

---> Making bundle: binary-daemon (in bundles/binary-daemon)
Building: bundles/binary-daemon/dockerd-dev
Created binary: bundles/binary-daemon/dockerd-dev
Copying nested executables into bundles/binary-daemon

---> Making bundle: test-integration (in bundles/test-integration)
Building test suite binary ./integration-cli/test.main
Building test suite binary ./integration/plugin/test.main
Building test suite binary ./integration/plugin/authz/test.main
Building test suite binary ./integration/plugin/logging/test.main
Building test suite binary ./integration/plugin/logging/cmd/test.main
Building test suite binary ./integration/plugin/logging/cmd/close_on_start/test.main
Building test suite binary ./integration/plugin/logging/cmd/dummy/test.main
Building test suite binary ./integration/plugin/common/test.main
Building test suite binary ./integration/plugin/volumes/test.main
Building test suite binary ./integration/plugin/volumes/cmd/test.main
Building test suite binary ./integration/plugin/volumes/cmd/dummy/test.main
Building test suite binary ./integration/plugin/graphdriver/test.main
Building test suite binary ./integration/config/test.main
Building test suite binary ./integration/service/test.main
Building test suite binary ./integration/network/test.main
Building test suite binary ./integration/network/ipvlan/test.main
Building test suite binary ./integration/network/macvlan/test.main
Building test suite binary ./integration/secret/test.main
Building test suite binary ./integration/session/test.main
Building test suite binary ./integration/container/test.main
Building test suite binary ./integration/build/test.main
Building test suite binary ./integration/volume/test.main
Building test suite binary ./integration/system/test.main
Building test suite binary ./integration/image/test.main
---> Making bundle: .integration-daemon-start (in bundles/test-integration)
Using test binary docker
# DOCKER_EXPERIMENTAL is set: starting daemon with experimental features enabled! 
/etc/init.d/apparmor: 130: /etc/init.d/apparmor: systemd-detect-virt: not found
Starting AppArmor profiles:Warning from stdin (line 1): /sbin/apparmor_parser: cannot use or update cache, disable, or force-complain via stdin
Warning failed to create cache: (null)
.
INFO: Waiting for daemon to start...
Starting dockerd
.
---> Making bundle: .integration-daemon-setup (in bundles/test-integration)
---> Making bundle: .ensure-emptyfs (in bundles/test-integration)
Error: No such image: emptyfs
Running integration-test (iteration 1)
Running /go/src/github.com/docker/docker/integration/plugin
testing: warning: no tests to run
PASS
Running /go/src/github.com/docker/docker/integration/plugin/authz
Loaded image: buildpack-deps:jessie
Loaded image: busybox:latest
Loaded image: busybox:glibc
Loaded image: debian:jessie
Loaded image: hello-world:latest
INFO: Testing against a local daemon
=== RUN   TestAuthZPluginAllowRequest
--- PASS: TestAuthZPluginAllowRequest (3.48s)
    daemon.go:296: [d2528f2105c86] waiting for daemon to start
    daemon.go:328: [d2528f2105c86] daemon started
    daemon.go:283: [d2528f2105c86] exiting daemon
=== RUN   TestAuthZPluginTLS
--- PASS: TestAuthZPluginTLS (0.53s)
    daemon.go:296: [dba886c6cc36a] waiting for daemon to start
    daemon.go:328: [dba886c6cc36a] daemon started
    daemon.go:283: [dba886c6cc36a] exiting daemon
=== RUN   TestAuthZPluginDenyRequest
--- PASS: TestAuthZPluginDenyRequest (0.53s)
    daemon.go:296: [d731775f073a2] waiting for daemon to start
    daemon.go:328: [d731775f073a2] daemon started
    daemon.go:283: [d731775f073a2] exiting daemon
=== RUN   TestAuthZPluginAPIDenyResponse
--- PASS: TestAuthZPluginAPIDenyResponse (0.52s)
    daemon.go:296: [d2a8a99d46ce2] waiting for daemon to start
    daemon.go:328: [d2a8a99d46ce2] daemon started
    daemon.go:283: [d2a8a99d46ce2] exiting daemon
=== RUN   TestAuthZPluginDenyResponse
--- PASS: TestAuthZPluginDenyResponse (0.52s)
    daemon.go:296: [dec1bec7cc649] waiting for daemon to start
    daemon.go:328: [dec1bec7cc649] daemon started
    daemon.go:283: [dec1bec7cc649] exiting daemon
=== RUN   TestAuthZPluginAllowEventStream
--- PASS: TestAuthZPluginAllowEventStream (5.44s)
    daemon.go:296: [df02315aa3dc9] waiting for daemon to start
    daemon.go:328: [df02315aa3dc9] daemon started
    daemon.go:283: [df02315aa3dc9] exiting daemon
=== RUN   TestAuthZPluginErrorResponse
--- PASS: TestAuthZPluginErrorResponse (3.12s)
    daemon.go:296: [d39f034ac1cfa] waiting for daemon to start
    daemon.go:328: [d39f034ac1cfa] daemon started
    daemon.go:283: [d39f034ac1cfa] exiting daemon
=== RUN   TestAuthZPluginErrorRequest
--- PASS: TestAuthZPluginErrorRequest (1.93s)
    daemon.go:296: [dd89282919529] waiting for daemon to start
    daemon.go:328: [dd89282919529] daemon started
    daemon.go:283: [dd89282919529] exiting daemon
=== RUN   TestAuthZPluginEnsureNoDuplicatePluginRegistration
--- PASS: TestAuthZPluginEnsureNoDuplicatePluginRegistration (0.52s)
    daemon.go:296: [dfd8d41b3851c] waiting for daemon to start
    daemon.go:328: [dfd8d41b3851c] daemon started
    daemon.go:283: [dfd8d41b3851c] exiting daemon
=== RUN   TestAuthZPluginEnsureLoadImportWorking
--- PASS: TestAuthZPluginEnsureLoadImportWorking (1.44s)
    daemon.go:296: [d1462b61e2b60] waiting for daemon to start
    daemon.go:328: [d1462b61e2b60] daemon started
    daemon.go:283: [d1462b61e2b60] exiting daemon
=== RUN   TestAuthzPluginEnsureContainerCopyToFrom
--- PASS: TestAuthzPluginEnsureContainerCopyToFrom (1.50s)
    daemon.go:296: [d799cad0bb20e] waiting for daemon to start
    daemon.go:328: [d799cad0bb20e] daemon started
    daemon.go:283: [d799cad0bb20e] exiting daemon
=== RUN   TestAuthZPluginHeader
--- PASS: TestAuthZPluginHeader (0.71s)
    daemon.go:296: [d0457822d4b30] waiting for daemon to start
    daemon.go:328: [d0457822d4b30] daemon started
    daemon.go:283: [d0457822d4b30] exiting daemon
=== RUN   TestAuthZPluginV2AllowNonVolumeRequest
--- PASS: TestAuthZPluginV2AllowNonVolumeRequest (6.56s)
    daemon.go:296: [dfa1859679d02] waiting for daemon to start
    daemon.go:328: [dfa1859679d02] daemon started
    daemon.go:283: [dfa1859679d02] exiting daemon
    daemon.go:296: [dfa1859679d02] waiting for daemon to start
    daemon.go:328: [dfa1859679d02] daemon started
    daemon.go:283: [dfa1859679d02] exiting daemon
=== RUN   TestAuthZPluginV2Disable
--- PASS: TestAuthZPluginV2Disable (5.82s)
    daemon.go:296: [dedfdde1ba16b] waiting for daemon to start
    daemon.go:328: [dedfdde1ba16b] daemon started
    daemon.go:283: [dedfdde1ba16b] exiting daemon
    daemon.go:296: [dedfdde1ba16b] waiting for daemon to start
    daemon.go:328: [dedfdde1ba16b] daemon started
    daemon.go:283: [dedfdde1ba16b] exiting daemon
=== RUN   TestAuthZPluginV2RejectVolumeRequests
--- PASS: TestAuthZPluginV2RejectVolumeRequests (5.78s)
    daemon.go:296: [d227ce668dc03] waiting for daemon to start
    daemon.go:328: [d227ce668dc03] daemon started
    daemon.go:283: [d227ce668dc03] exiting daemon
    daemon.go:296: [d227ce668dc03] waiting for daemon to start
    daemon.go:328: [d227ce668dc03] daemon started
    daemon.go:283: [d227ce668dc03] exiting daemon
=== RUN   TestAuthZPluginV2BadManifestFailsDaemonStart
--- PASS: TestAuthZPluginV2BadManifestFailsDaemonStart (13.84s)
    daemon.go:296: [dd9c2834b7359] waiting for daemon to start
    daemon.go:328: [dd9c2834b7359] daemon started
    daemon.go:283: [dd9c2834b7359] exiting daemon
    daemon.go:296: [dd9c2834b7359] waiting for daemon to start
    daemon.go:296: [dd9c2834b7359] waiting for daemon to start
    daemon.go:283: [dd9c2834b7359] exiting daemon
    daemon.go:296: [dd9c2834b7359] waiting for daemon to start
    daemon.go:328: [dd9c2834b7359] daemon started
    daemon.go:283: [dd9c2834b7359] exiting daemon
=== RUN   TestAuthZPluginV2NonexistentFailsDaemonStart
--- PASS: TestAuthZPluginV2NonexistentFailsDaemonStart (16.52s)
    daemon.go:296: [d5d3b7ac7216a] waiting for daemon to start
    daemon.go:328: [d5d3b7ac7216a] daemon started
    daemon.go:283: [d5d3b7ac7216a] exiting daemon
    daemon.go:296: [d5d3b7ac7216a] waiting for daemon to start
    daemon.go:296: [d5d3b7ac7216a] waiting for daemon to start
    daemon.go:296: [d5d3b7ac7216a] waiting for daemon to start
    daemon.go:328: [d5d3b7ac7216a] daemon started
    daemon.go:283: [d5d3b7ac7216a] exiting daemon
PASS
Running /go/src/github.com/docker/docker/integration/plugin/logging
INFO: Testing against a local daemon
=== RUN   TestContinueAfterPluginCrash
=== PAUSE TestContinueAfterPluginCrash
=== RUN   TestDaemonStartWithLogOpt
=== PAUSE TestDaemonStartWithLogOpt
=== CONT  TestContinueAfterPluginCrash
=== CONT  TestDaemonStartWithLogOpt
--- PASS: TestDaemonStartWithLogOpt (14.22s)
    daemon.go:296: [d16c710520f27] waiting for daemon to start
    daemon.go:328: [d16c710520f27] daemon started
    daemon.go:283: [d16c710520f27] exiting daemon
    daemon.go:296: [d16c710520f27] waiting for daemon to start
    daemon.go:328: [d16c710520f27] daemon started
    daemon.go:283: [d16c710520f27] exiting daemon
--- PASS: TestContinueAfterPluginCrash (18.98s)
    daemon.go:296: [d43efb4eb0dda] waiting for daemon to start
    daemon.go:328: [d43efb4eb0dda] daemon started
    daemon.go:283: [d43efb4eb0dda] exiting daemon
PASS
Running /go/src/github.com/docker/docker/integration/plugin/logging/cmd
testing: warning: no tests to run
PASS
Running /go/src/github.com/docker/docker/integration/plugin/logging/cmd/close_on_start
testing: warning: no tests to run
PASS
Running /go/src/github.com/docker/docker/integration/plugin/logging/cmd/dummy
testing: warning: no tests to run
PASS
Running /go/src/github.com/docker/docker/integration/plugin/common
INFO: Testing against a local daemon
=== RUN   TestPluginInvalidJSON
=== RUN   TestPluginInvalidJSON//plugins/foobar/set
=== PAUSE TestPluginInvalidJSON//plugins/foobar/set
=== CONT  TestPluginInvalidJSON//plugins/foobar/set
--- PASS: TestPluginInvalidJSON (0.01s)
    --- PASS: TestPluginInvalidJSON//plugins/foobar/set (0.00s)
PASS
Running /go/src/github.com/docker/docker/integration/plugin/volumes
INFO: Testing against a local daemon
=== RUN   TestPluginWithDevMounts
=== PAUSE TestPluginWithDevMounts
=== CONT  TestPluginWithDevMounts
--- PASS: TestPluginWithDevMounts (1.76s)
    daemon.go:296: [da09ac92443de] waiting for daemon to start
    daemon.go:328: [da09ac92443de] daemon started
    daemon.go:283: [da09ac92443de] exiting daemon
PASS
Running /go/src/github.com/docker/docker/integration/plugin/volumes/cmd
testing: warning: no tests to run
PASS
Running /go/src/github.com/docker/docker/integration/plugin/volumes/cmd/dummy
testing: warning: no tests to run
PASS
Running /go/src/github.com/docker/docker/integration/plugin/graphdriver
INFO: Testing against a local daemon
=== RUN   TestExternalGraphDriver
=== RUN   TestExternalGraphDriver/json
=== RUN   TestExternalGraphDriver/spec
=== RUN   TestExternalGraphDriver/pull
--- PASS: TestExternalGraphDriver (6.96s)
    daemon.go:296: [d57ca567d4e82] waiting for daemon to start
    daemon.go:328: [d57ca567d4e82] daemon started
    daemon.go:283: [d57ca567d4e82] exiting daemon
    daemon.go:296: [d57ca567d4e82] waiting for daemon to start
    daemon.go:328: [d57ca567d4e82] daemon started
    daemon.go:283: [d57ca567d4e82] exiting daemon
    --- PASS: TestExternalGraphDriver/json (1.72s)
    daemon.go:296: [d57ca567d4e82] waiting for daemon to start
    daemon.go:328: [d57ca567d4e82] daemon started
    daemon.go:283: [d57ca567d4e82] exiting daemon
    daemon.go:296: [d57ca567d4e82] waiting for daemon to start
    daemon.go:328: [d57ca567d4e82] daemon started
    daemon.go:283: [d57ca567d4e82] exiting daemon
    --- PASS: TestExternalGraphDriver/spec (1.73s)
    daemon.go:296: [d57ca567d4e82] waiting for daemon to start
    daemon.go:328: [d57ca567d4e82] daemon started
    daemon.go:283: [d57ca567d4e82] exiting daemon
    --- PASS: TestExternalGraphDriver/pull (3.05s)
=== RUN   TestGraphdriverPluginV2
--- PASS: TestGraphdriverPluginV2 (6.48s)
    daemon.go:296: [d8eddd77a5801] waiting for daemon to start
    daemon.go:328: [d8eddd77a5801] daemon started
    daemon.go:283: [d8eddd77a5801] exiting daemon
    daemon.go:296: [d8eddd77a5801] waiting for daemon to start
    daemon.go:328: [d8eddd77a5801] daemon started
    daemon.go:283: [d8eddd77a5801] exiting daemon
PASS
Running /go/src/github.com/docker/docker/integration/config
INFO: Testing against a local daemon
=== RUN   TestConfigList
--- PASS: TestConfigList (2.06s)
    daemon.go:296: [d01457b2632fe] waiting for daemon to start
    daemon.go:328: [d01457b2632fe] daemon started
    daemon.go:283: [d01457b2632fe] exiting daemon
=== RUN   TestConfigsCreateAndDelete
--- PASS: TestConfigsCreateAndDelete (2.04s)
    daemon.go:296: [d80612fb329ed] waiting for daemon to start
    daemon.go:328: [d80612fb329ed] daemon started
    daemon.go:283: [d80612fb329ed] exiting daemon
=== RUN   TestConfigsUpdate
--- PASS: TestConfigsUpdate (2.03s)
    daemon.go:296: [d632f26787640] waiting for daemon to start
    daemon.go:328: [d632f26787640] daemon started
    daemon.go:283: [d632f26787640] exiting daemon
=== RUN   TestTemplatedConfig
--- PASS: TestTemplatedConfig (2.66s)
    daemon.go:296: [dc21ec58cb03e] waiting for daemon to start
    daemon.go:328: [dc21ec58cb03e] daemon started
    daemon.go:283: [dc21ec58cb03e] exiting daemon
=== RUN   TestConfigInspect
--- PASS: TestConfigInspect (2.07s)
    daemon.go:296: [dba59f73ba533] waiting for daemon to start
    daemon.go:328: [dba59f73ba533] daemon started
    daemon.go:283: [dba59f73ba533] exiting daemon
=== RUN   TestConfigCreateWithLabels
--- PASS: TestConfigCreateWithLabels (2.03s)
    daemon.go:296: [decadb58043e6] waiting for daemon to start
    daemon.go:328: [decadb58043e6] daemon started
    daemon.go:283: [decadb58043e6] exiting daemon
=== RUN   TestConfigCreateResolve
--- PASS: TestConfigCreateResolve (2.02s)
    daemon.go:296: [dc06f6d3d8948] waiting for daemon to start
    daemon.go:328: [dc06f6d3d8948] daemon started
    daemon.go:283: [dc06f6d3d8948] exiting daemon
PASS
Running /go/src/github.com/docker/docker/integration/service
INFO: Testing against a local daemon
=== RUN   TestServiceCreateInit
=== RUN   TestServiceCreateInit/daemonInitDisabled
=== RUN   TestServiceCreateInit/daemonInitEnabled
--- PASS: TestServiceCreateInit (7.91s)
    --- PASS: TestServiceCreateInit/daemonInitDisabled (3.96s)
        daemon.go:296: [d7426aed55df3] waiting for daemon to start
        daemon.go:328: [d7426aed55df3] daemon started
        daemon.go:283: [d7426aed55df3] exiting daemon
    --- PASS: TestServiceCreateInit/daemonInitEnabled (3.94s)
        daemon.go:296: [d723831a16c77] waiting for daemon to start
        daemon.go:328: [d723831a16c77] daemon started
        daemon.go:283: [d723831a16c77] exiting daemon
=== RUN   TestCreateServiceMultipleTimes
--- PASS: TestCreateServiceMultipleTimes (24.94s)
    daemon.go:296: [d84e85ed40e6e] waiting for daemon to start
    daemon.go:328: [d84e85ed40e6e] daemon started
    daemon.go:283: [d84e85ed40e6e] exiting daemon
=== RUN   TestCreateServiceConflict
--- PASS: TestCreateServiceConflict (2.05s)
    daemon.go:296: [d71c26cc62fba] waiting for daemon to start
    daemon.go:328: [d71c26cc62fba] daemon started
    daemon.go:283: [d71c26cc62fba] exiting daemon
=== RUN   TestCreateServiceMaxReplicas
--- PASS: TestCreateServiceMaxReplicas (2.74s)
    daemon.go:296: [dbef25567b3e1] waiting for daemon to start
    daemon.go:328: [dbef25567b3e1] daemon started
    daemon.go:283: [dbef25567b3e1] exiting daemon
=== RUN   TestCreateWithDuplicateNetworkNames
--- PASS: TestCreateWithDuplicateNetworkNames (12.83s)
    daemon.go:296: [db23bf8271beb] waiting for daemon to start
    daemon.go:328: [db23bf8271beb] daemon started
    daemon.go:283: [db23bf8271beb] exiting daemon
=== RUN   TestCreateServiceSecretFileMode
--- PASS: TestCreateServiceSecretFileMode (2.61s)
    daemon.go:296: [d7bf7219889c5] waiting for daemon to start
    daemon.go:328: [d7bf7219889c5] daemon started
    daemon.go:283: [d7bf7219889c5] exiting daemon
=== RUN   TestCreateServiceConfigFileMode
--- PASS: TestCreateServiceConfigFileMode (2.59s)
    daemon.go:296: [df3c2a4d65577] waiting for daemon to start
    daemon.go:328: [df3c2a4d65577] daemon started
    daemon.go:283: [df3c2a4d65577] exiting daemon
=== RUN   TestCreateServiceSysctls
--- PASS: TestCreateServiceSysctls (3.23s)
    daemon.go:296: [da3d397e27129] waiting for daemon to start
    daemon.go:328: [da3d397e27129] daemon started
    daemon.go:283: [da3d397e27129] exiting daemon
=== RUN   TestInspect
--- PASS: TestInspect (2.03s)
    daemon.go:296: [db0918c05aef0] waiting for daemon to start
    daemon.go:328: [db0918c05aef0] daemon started
    daemon.go:283: [db0918c05aef0] exiting daemon
=== RUN   TestDockerNetworkConnectAlias
--- PASS: TestDockerNetworkConnectAlias (3.92s)
    daemon.go:296: [d860d86c3038b] waiting for daemon to start
    daemon.go:328: [d860d86c3038b] daemon started
    daemon.go:283: [d860d86c3038b] exiting daemon
=== RUN   TestServicePlugin
--- PASS: TestServicePlugin (34.96s)
    daemon.go:296: [d6bbcf294bfaf] waiting for daemon to start
    daemon.go:328: [d6bbcf294bfaf] daemon started
    daemon.go:283: [d6bbcf294bfaf] exiting daemon
    daemon.go:296: [decfa4aa34d1d] waiting for daemon to start
    daemon.go:328: [decfa4aa34d1d] daemon started
    daemon.go:296: [db6d73569678e] waiting for daemon to start
    daemon.go:328: [db6d73569678e] daemon started
    daemon.go:296: [d5a9dc5a7a39c] waiting for daemon to start
    daemon.go:328: [d5a9dc5a7a39c] daemon started
    daemon.go:283: [d5a9dc5a7a39c] exiting daemon
    daemon.go:283: [db6d73569678e] exiting daemon
    daemon.go:283: [decfa4aa34d1d] exiting daemon
=== RUN   TestServiceUpdateLabel
--- PASS: TestServiceUpdateLabel (2.04s)
    daemon.go:296: [d0cb8a170d96f] waiting for daemon to start
    daemon.go:328: [d0cb8a170d96f] daemon started
    daemon.go:283: [d0cb8a170d96f] exiting daemon
=== RUN   TestServiceUpdateSecrets
--- PASS: TestServiceUpdateSecrets (7.46s)
    daemon.go:296: [daae0839f25df] waiting for daemon to start
    daemon.go:328: [daae0839f25df] daemon started
    daemon.go:283: [daae0839f25df] exiting daemon
=== RUN   TestServiceUpdateConfigs
--- FAIL: TestServiceUpdateConfigs (2.05s)
    daemon.go:296: [d73550301c308] waiting for daemon to start
    daemon.go:328: [d73550301c308] daemon started
    update_test.go:188: assertion failed: error is not nil: Error response from daemon: rpc error: code = Unknown desc = update out of sequence
    daemon.go:283: [d73550301c308] exiting daemon
FAIL
---> Making bundle: .integration-daemon-stop (in bundles/test-integration)
Clearing AppArmor profiles cache:.
All profile caches have been cleared, but no profiles have been unloaded.
Unloading profiles will leave already running processes permanently
unconfined, which can lead to unexpected situations.

To set a process to complain mode, use the command line tool
'aa-complain'. To really tear down all profiles, run the init script
with the 'teardown' option."
Removing test suite binaries
Build step 'Execute shell' marked build as failure
Set build name.
New build name is '#38487'
[PostBuildScript] - Executing post build scripts.
[Docker-PRs-experimental] $ /bin/sh -xe /tmp/jenkins1482842302263443873.sh
+ echo Ensuring container killed.
Ensuring container killed.
+ docker rm -vf docker-pr-exp43618
Error: No such container: docker-pr-exp43618
+ true
+ echo Chowning /workspace to jenkins user
Chowning /workspace to jenkins user
+ id -u
+ id -g
+ docker run --rm -v /home/ubuntu/workspace/Docker-PRs-experimental:/workspace busybox chown -R 1000:1000 /workspace
[Docker-PRs-experimental] $ /bin/sh -xe /tmp/jenkins8268512995992109127.sh
+ echo Creating bundles.tar.gz
Creating bundles.tar.gz
+ find bundles -name *.log
+ xargs tar -czf bundles.tar.gz
Archiving artifacts
Notifying endpoint with url 'https://leeroy.dockerproject.org/notification/jenkins'
[WS-CLEANUP] Deleting project workspace...[WS-CLEANUP] done
Finished: FAILURE
