Started by user Gordon
Notifying endpoint with url 'https://leeroy.dockerproject.org/notification/jenkins'
[EnvInject] - Loading node environment variables.
Building remotely on ubuntu-1604-aufs-stable (i-062501639f3414556) (docker-edge ubuntu aufs docker-stable docker ubuntu-1604-aufs-edge x86_64 ec2 linux ubuntu-1604-aufs ubuntu-1604 amd64 ubuntu-1604-aufs-stable us-west-2) in workspace /home/ubuntu/workspace/Docker-PRs-experimental
Wiping out workspace first.
Cloning the remote Git repository
Cloning repository https://github.com/moby/moby.git
 > git init /home/ubuntu/workspace/Docker-PRs-experimental # timeout=10
Fetching upstream changes from https://github.com/moby/moby.git
 > git --version # timeout=10
 > git fetch --tags --progress https://github.com/moby/moby.git +refs/heads/*:refs/remotes/origin/*
 > git config remote.origin.url https://github.com/moby/moby.git # timeout=10
 > git config --add remote.origin.fetch +refs/heads/*:refs/remotes/origin/* # timeout=10
 > git config remote.origin.url https://github.com/moby/moby.git # timeout=10
Fetching upstream changes from https://github.com/moby/moby.git
 > git fetch --tags --progress https://github.com/moby/moby.git +refs/heads/*:refs/remotes/origin/*
 > git rev-parse origin/master^{commit} # timeout=10
Checking out Revision 77df18c24acf62778f132d30a058d559a0b8b2ba (origin/master)
 > git config core.sparsecheckout # timeout=10
 > git checkout -f 77df18c24acf62778f132d30a058d559a0b8b2ba
Commit message: "Merge pull request #38509 from thaJeztah/bump_containerd_v1.2.2"
 > git rev-list --no-walk 77df18c24acf62778f132d30a058d559a0b8b2ba # timeout=10
Set build name.
New build name is '#38465'
[Docker-PRs-experimental] $ /bin/bash /tmp/jenkins7590600309464325145.sh
From https://github.com/moby/moby
 * [new ref]         refs/pull/38465/head -> origin/pr/38465
Merge made by the 'recursive' strategy.
 volume/mounts/lcow_parser.go    |   4 +-
 volume/mounts/parser_test.go    | 180 ++++++++++++++++++++--------------------
 volume/mounts/validate.go       |   5 ++
 volume/mounts/windows_parser.go |  42 ++++++----
 4 files changed, 123 insertions(+), 108 deletions(-)
Sending build context to Docker daemon  45.11MB
Step 1/94 : FROM golang:1.11.4 AS base
 ---> 343df9d12b7b
Step 2/94 : ARG APT_MIRROR=deb.debian.org
 ---> Using cache
 ---> 5c99f94249a1
Step 3/94 : RUN sed -ri "s/(httpredir|deb).debian.org/$APT_MIRROR/g" /etc/apt/sources.list
 ---> Using cache
 ---> 8a500eaec034
Step 4/94 : FROM base AS criu
 ---> 8a500eaec034
Step 5/94 : ENV CRIU_VERSION 3.6
 ---> Using cache
 ---> 2f9a3e43539c
Step 6/94 : RUN apt-get update && apt-get install -y 	libnet-dev 	libprotobuf-c0-dev 	libprotobuf-dev 	libnl-3-dev 	libcap-dev 	protobuf-compiler 	protobuf-c-compiler 	python-protobuf 	&& mkdir -p /usr/src/criu 	&& curl -sSL https://github.com/checkpoint-restore/criu/archive/v${CRIU_VERSION}.tar.gz | tar -C /usr/src/criu/ -xz --strip-components=1 	&& cd /usr/src/criu 	&& make 	&& make PREFIX=/build/ install-criu
 ---> Using cache
 ---> cd2068c1159c
Step 7/94 : FROM base AS registry
 ---> 8a500eaec034
Step 8/94 : ENV REGISTRY_COMMIT_SCHEMA1 ec87e9b6971d831f0eff752ddb54fb64693e51cd
 ---> Using cache
 ---> 4f951c9be253
Step 9/94 : ENV REGISTRY_COMMIT 47a064d4195a9b56133891bbb13620c3ac83a827
 ---> Using cache
 ---> f49a1c9e1f8b
Step 10/94 : RUN set -x 	&& export GOPATH="$(mktemp -d)" 	&& git clone https://github.com/docker/distribution.git "$GOPATH/src/github.com/docker/distribution" 	&& (cd "$GOPATH/src/github.com/docker/distribution" && git checkout -q "$REGISTRY_COMMIT") 	&& GOPATH="$GOPATH/src/github.com/docker/distribution/Godeps/_workspace:$GOPATH" 		go build -buildmode=pie -o /build/registry-v2 github.com/docker/distribution/cmd/registry 	&& case $(dpkg --print-architecture) in 		amd64|ppc64*|s390x) 		(cd "$GOPATH/src/github.com/docker/distribution" && git checkout -q "$REGISTRY_COMMIT_SCHEMA1"); 		GOPATH="$GOPATH/src/github.com/docker/distribution/Godeps/_workspace:$GOPATH"; 			go build -buildmode=pie -o /build/registry-v2-schema1 github.com/docker/distribution/cmd/registry; 		;; 	   esac 	&& rm -rf "$GOPATH"
 ---> Using cache
 ---> fccbc6502d25
Step 11/94 : FROM base AS docker-py
 ---> 8a500eaec034
Step 12/94 : ENV DOCKER_PY_COMMIT 8b246db271a85d6541dc458838627e89c683e42f
 ---> Using cache
 ---> 754d8c65428b
Step 13/94 : RUN git clone https://github.com/docker/docker-py.git /build 	&& cd /build 	&& git checkout -q $DOCKER_PY_COMMIT
 ---> Using cache
 ---> 3706c5e6f266
Step 14/94 : FROM base AS swagger
 ---> 8a500eaec034
Step 15/94 : ENV GO_SWAGGER_COMMIT c28258affb0b6251755d92489ef685af8d4ff3eb
 ---> Using cache
 ---> 1a108f256d6f
Step 16/94 : RUN set -x 	&& export GOPATH="$(mktemp -d)" 	&& git clone https://github.com/go-swagger/go-swagger.git "$GOPATH/src/github.com/go-swagger/go-swagger" 	&& (cd "$GOPATH/src/github.com/go-swagger/go-swagger" && git checkout -q "$GO_SWAGGER_COMMIT") 	&& go build -o /build/swagger github.com/go-swagger/go-swagger/cmd/swagger 	&& rm -rf "$GOPATH"
 ---> Using cache
 ---> 6ccaa29b8304
Step 17/94 : FROM base AS frozen-images
 ---> 8a500eaec034
Step 18/94 : RUN apt-get update && apt-get install -y jq ca-certificates --no-install-recommends
 ---> Using cache
 ---> 2998213c32e7
Step 19/94 : COPY contrib/download-frozen-image-v2.sh /
 ---> Using cache
 ---> 193e72606195
Step 20/94 : RUN /download-frozen-image-v2.sh /build 	buildpack-deps:jessie@sha256:dd86dced7c9cd2a724e779730f0a53f93b7ef42228d4344b25ce9a42a1486251 	busybox:latest@sha256:bbc3a03235220b170ba48a157dd097dd1379299370e1ed99ce976df0355d24f0 	busybox:glibc@sha256:0b55a30394294ab23b9afd58fab94e61a923f5834fba7ddbae7f8e0c11ba85e6 	debian:jessie@sha256:287a20c5f73087ab406e6b364833e3fb7b3ae63ca0eb3486555dc27ed32c6e60 	hello-world:latest@sha256:be0cd392e45be79ffeffa6b05338b98ebb16c87b255f48e297ec7f98e123905c
 ---> Using cache
 ---> c696bcf04908
Step 21/94 : FROM base AS runtime-dev
 ---> 8a500eaec034
Step 22/94 : RUN apt-get update && apt-get install -y 	libapparmor-dev 	libseccomp-dev
 ---> Using cache
 ---> 1f9dc05b580e
Step 23/94 : FROM base AS tomlv
 ---> 8a500eaec034
Step 24/94 : ENV INSTALL_BINARY_NAME=tomlv
 ---> Using cache
 ---> 2651aaca916c
Step 25/94 : COPY hack/dockerfile/install/install.sh ./install.sh
 ---> Using cache
 ---> a119e215126d
Step 26/94 : COPY hack/dockerfile/install/$INSTALL_BINARY_NAME.installer ./
 ---> Using cache
 ---> 4e38205017fb
Step 27/94 : RUN PREFIX=/build ./install.sh $INSTALL_BINARY_NAME
 ---> Using cache
 ---> 190162a75351
Step 28/94 : FROM base AS vndr
 ---> 8a500eaec034
Step 29/94 : ENV INSTALL_BINARY_NAME=vndr
 ---> Using cache
 ---> 809e1e2f1394
Step 30/94 : COPY hack/dockerfile/install/install.sh ./install.sh
 ---> Using cache
 ---> 1bbffcd89faf
Step 31/94 : COPY hack/dockerfile/install/$INSTALL_BINARY_NAME.installer ./
 ---> Using cache
 ---> 5c188ea39c51
Step 32/94 : RUN PREFIX=/build ./install.sh $INSTALL_BINARY_NAME
 ---> Using cache
 ---> 98f52559f8fe
Step 33/94 : FROM base AS containerd
 ---> 8a500eaec034
Step 34/94 : RUN apt-get update && apt-get install -y btrfs-tools
 ---> Using cache
 ---> 31142edb35b3
Step 35/94 : ENV INSTALL_BINARY_NAME=containerd
 ---> Using cache
 ---> 120ef2bb04ef
Step 36/94 : COPY hack/dockerfile/install/install.sh ./install.sh
 ---> Using cache
 ---> 13229fbda649
Step 37/94 : COPY hack/dockerfile/install/$INSTALL_BINARY_NAME.installer ./
 ---> Using cache
 ---> c83e87bfba29
Step 38/94 : RUN PREFIX=/build ./install.sh $INSTALL_BINARY_NAME
 ---> Using cache
 ---> e01b94c8d9c9
Step 39/94 : FROM base AS proxy
 ---> 8a500eaec034
Step 40/94 : ENV INSTALL_BINARY_NAME=proxy
 ---> Using cache
 ---> 9bc4ff69db9c
Step 41/94 : COPY hack/dockerfile/install/install.sh ./install.sh
 ---> Using cache
 ---> af54ff661e8a
Step 42/94 : COPY hack/dockerfile/install/$INSTALL_BINARY_NAME.installer ./
 ---> Using cache
 ---> e3f92e0c809d
Step 43/94 : RUN PREFIX=/build ./install.sh $INSTALL_BINARY_NAME
 ---> Using cache
 ---> 1433cb4b3070
Step 44/94 : FROM base AS gometalinter
 ---> 8a500eaec034
Step 45/94 : ENV INSTALL_BINARY_NAME=gometalinter
 ---> Using cache
 ---> 57657663ceef
Step 46/94 : COPY hack/dockerfile/install/install.sh ./install.sh
 ---> Using cache
 ---> 05e8aa9ad5c0
Step 47/94 : COPY hack/dockerfile/install/$INSTALL_BINARY_NAME.installer ./
 ---> Using cache
 ---> 9d4693782ec3
Step 48/94 : RUN PREFIX=/build ./install.sh $INSTALL_BINARY_NAME
 ---> Using cache
 ---> 35fb4e162e34
Step 49/94 : FROM base AS dockercli
 ---> 8a500eaec034
Step 50/94 : ENV INSTALL_BINARY_NAME=dockercli
 ---> Using cache
 ---> c45b23f8be4c
Step 51/94 : COPY hack/dockerfile/install/install.sh ./install.sh
 ---> Using cache
 ---> ba94cfdb652d
Step 52/94 : COPY hack/dockerfile/install/$INSTALL_BINARY_NAME.installer ./
 ---> Using cache
 ---> 3cee88d3160d
Step 53/94 : RUN PREFIX=/build ./install.sh $INSTALL_BINARY_NAME
 ---> Using cache
 ---> ceb60c329401
Step 54/94 : FROM runtime-dev AS runc
 ---> 1f9dc05b580e
Step 55/94 : ENV INSTALL_BINARY_NAME=runc
 ---> Using cache
 ---> c0d72b05beb3
Step 56/94 : COPY hack/dockerfile/install/install.sh ./install.sh
 ---> Using cache
 ---> 9dbb917adffb
Step 57/94 : COPY hack/dockerfile/install/$INSTALL_BINARY_NAME.installer ./
 ---> Using cache
 ---> b6def6e109bf
Step 58/94 : RUN PREFIX=/build ./install.sh $INSTALL_BINARY_NAME
 ---> Using cache
 ---> 4779c299aa76
Step 59/94 : FROM base AS tini
 ---> 8a500eaec034
Step 60/94 : RUN apt-get update && apt-get install -y cmake vim-common
 ---> Using cache
 ---> 8885c4c6a563
Step 61/94 : COPY hack/dockerfile/install/install.sh ./install.sh
 ---> Using cache
 ---> c5fb15890376
Step 62/94 : ENV INSTALL_BINARY_NAME=tini
 ---> Using cache
 ---> b01fbd80d945
Step 63/94 : COPY hack/dockerfile/install/$INSTALL_BINARY_NAME.installer ./
 ---> Using cache
 ---> 327518fe8bb1
Step 64/94 : RUN PREFIX=/build ./install.sh $INSTALL_BINARY_NAME
 ---> Using cache
 ---> a49f06da6b53
Step 65/94 : FROM runtime-dev AS dev
 ---> 1f9dc05b580e
Step 66/94 : RUN groupadd -r docker
 ---> Using cache
 ---> 27ed62c97bdd
Step 67/94 : RUN useradd --create-home --gid docker unprivilegeduser
 ---> Using cache
 ---> 7f723dfda101
Step 68/94 : RUN ln -sfv /go/src/github.com/docker/docker/.bashrc ~/.bashrc
 ---> Using cache
 ---> adfa2b54c5e8
Step 69/94 : RUN echo "source /usr/share/bash-completion/bash_completion" >> /etc/bash.bashrc
 ---> Using cache
 ---> 416f19d97953
Step 70/94 : RUN ln -s /usr/local/completion/bash/docker /etc/bash_completion.d/docker
 ---> Using cache
 ---> d8ce800af563
Step 71/94 : RUN ldconfig
 ---> Using cache
 ---> 71c11ca56d42
Step 72/94 : RUN apt-get update && apt-get install -y 	apparmor 	aufs-tools 	bash-completion 	btrfs-tools 	iptables 	jq 	libcap2-bin 	libdevmapper-dev 	libudev-dev 	libsystemd-dev 	binutils-mingw-w64 	g++-mingw-w64-x86-64 	net-tools 	pigz 	python-backports.ssl-match-hostname 	python-dev 	python-mock 	python-pip 	python-requests 	python-setuptools 	python-websocket 	python-wheel 	thin-provisioning-tools 	vim 	vim-common 	xfsprogs 	zip 	bzip2 	xz-utils 	--no-install-recommends
 ---> Using cache
 ---> 0dec1aa2f4ed
Step 73/94 : COPY --from=swagger /build/swagger* /usr/local/bin/
 ---> Using cache
 ---> 6a7ab388aff4
Step 74/94 : COPY --from=frozen-images /build/ /docker-frozen-images
 ---> Using cache
 ---> a32e1e6c44fa
Step 75/94 : COPY --from=gometalinter /build/ /usr/local/bin/
 ---> Using cache
 ---> 5468ad40e653
Step 76/94 : COPY --from=tomlv /build/ /usr/local/bin/
 ---> Using cache
 ---> a4f3f84365bb
Step 77/94 : COPY --from=vndr /build/ /usr/local/bin/
 ---> Using cache
 ---> 740f1eedcfe8
Step 78/94 : COPY --from=tini /build/ /usr/local/bin/
 ---> Using cache
 ---> eab0e80fff87
Step 79/94 : COPY --from=runc /build/ /usr/local/bin/
 ---> Using cache
 ---> c49ba7a37955
Step 80/94 : COPY --from=containerd /build/ /usr/local/bin/
 ---> Using cache
 ---> 29082962fc6a
Step 81/94 : COPY --from=proxy /build/ /usr/local/bin/
 ---> Using cache
 ---> c164bac45704
Step 82/94 : COPY --from=dockercli /build/ /usr/local/cli
 ---> Using cache
 ---> fffe049fbafe
Step 83/94 : COPY --from=registry /build/registry* /usr/local/bin/
 ---> Using cache
 ---> b0a37712f93c
Step 84/94 : COPY --from=criu /build/ /usr/local/
 ---> Using cache
 ---> ef898ef5d116
Step 85/94 : COPY --from=docker-py /build/ /docker-py
 ---> Using cache
 ---> 4d8e23efbd4b
Step 86/94 : RUN cd /docker-py 	&& pip install docker-pycreds==0.2.1 	&& pip install yamllint==1.5.0 	&& pip install -r test-requirements.txt
 ---> Using cache
 ---> 55e3fac18118
Step 87/94 : ENV PATH=/usr/local/cli:$PATH
 ---> Using cache
 ---> 3666d94ae5b2
Step 88/94 : ENV DOCKER_BUILDTAGS apparmor seccomp selinux
 ---> Using cache
 ---> 8b7571e812ac
Step 89/94 : ENV GOMETALINTER_OPTS="--deadline=2m"
 ---> Using cache
 ---> 954f4cd2fe14
Step 90/94 : WORKDIR /go/src/github.com/docker/docker
 ---> Using cache
 ---> a659c1947477
Step 91/94 : VOLUME /var/lib/docker
 ---> Using cache
 ---> a3deb407cb1b
Step 92/94 : ENTRYPOINT ["hack/dind"]
 ---> Using cache
 ---> bbbf3d632ba9
Step 93/94 : FROM dev AS final
 ---> bbbf3d632ba9
Step 94/94 : COPY . /go/src/github.com/docker/docker
 ---> f214cc8f3b96
Successfully built f214cc8f3b96
Successfully tagged docker:071a8d4-exp

Removing bundles/

---> Making bundle: binary-daemon (in bundles/binary-daemon)
Building: bundles/binary-daemon/dockerd-dev
Created binary: bundles/binary-daemon/dockerd-dev
Copying nested executables into bundles/binary-daemon

---> Making bundle: test-integration (in bundles/test-integration)
Building test suite binary ./integration-cli/test.main
Building test suite binary ./integration/plugin/test.main
Building test suite binary ./integration/plugin/authz/test.main
Building test suite binary ./integration/plugin/logging/test.main
Building test suite binary ./integration/plugin/logging/cmd/test.main
Building test suite binary ./integration/plugin/logging/cmd/close_on_start/test.main
Building test suite binary ./integration/plugin/logging/cmd/dummy/test.main
Building test suite binary ./integration/plugin/common/test.main
Building test suite binary ./integration/plugin/volumes/test.main
Building test suite binary ./integration/plugin/volumes/cmd/test.main
Building test suite binary ./integration/plugin/volumes/cmd/dummy/test.main
Building test suite binary ./integration/plugin/graphdriver/test.main
Building test suite binary ./integration/config/test.main
Building test suite binary ./integration/service/test.main
Building test suite binary ./integration/network/test.main
Building test suite binary ./integration/network/ipvlan/test.main
Building test suite binary ./integration/network/macvlan/test.main
Building test suite binary ./integration/secret/test.main
Building test suite binary ./integration/session/test.main
Building test suite binary ./integration/container/test.main
Building test suite binary ./integration/build/test.main
Building test suite binary ./integration/volume/test.main
Building test suite binary ./integration/system/test.main
Building test suite binary ./integration/image/test.main
---> Making bundle: .integration-daemon-start (in bundles/test-integration)
Using test binary docker
# DOCKER_EXPERIMENTAL is set: starting daemon with experimental features enabled! 
/etc/init.d/apparmor: 130: /etc/init.d/apparmor: systemd-detect-virt: not found
Starting AppArmor profiles:Warning from stdin (line 1): /sbin/apparmor_parser: cannot use or update cache, disable, or force-complain via stdin
Warning failed to create cache: (null)
.
INFO: Waiting for daemon to start...
Starting dockerd
.
---> Making bundle: .integration-daemon-setup (in bundles/test-integration)
---> Making bundle: .ensure-emptyfs (in bundles/test-integration)
Error: No such image: emptyfs
Running integration-test (iteration 1)
Running /go/src/github.com/docker/docker/integration/plugin
testing: warning: no tests to run
PASS
Running /go/src/github.com/docker/docker/integration/plugin/authz
Loaded image: buildpack-deps:jessie
Loaded image: busybox:latest
Loaded image: busybox:glibc
Loaded image: debian:jessie
Loaded image: hello-world:latest
INFO: Testing against a local daemon
=== RUN   TestAuthZPluginAllowRequest
--- PASS: TestAuthZPluginAllowRequest (2.69s)
    daemon.go:296: [d81a7161d078c] waiting for daemon to start
    daemon.go:328: [d81a7161d078c] daemon started
    daemon.go:283: [d81a7161d078c] exiting daemon
=== RUN   TestAuthZPluginTLS
--- PASS: TestAuthZPluginTLS (0.53s)
    daemon.go:296: [dae2053ab3b97] waiting for daemon to start
    daemon.go:328: [dae2053ab3b97] daemon started
    daemon.go:283: [dae2053ab3b97] exiting daemon
=== RUN   TestAuthZPluginDenyRequest
--- PASS: TestAuthZPluginDenyRequest (0.52s)
    daemon.go:296: [daf1ba79491b3] waiting for daemon to start
    daemon.go:328: [daf1ba79491b3] daemon started
    daemon.go:283: [daf1ba79491b3] exiting daemon
=== RUN   TestAuthZPluginAPIDenyResponse
--- PASS: TestAuthZPluginAPIDenyResponse (0.52s)
    daemon.go:296: [db947f0c6c345] waiting for daemon to start
    daemon.go:328: [db947f0c6c345] daemon started
    daemon.go:283: [db947f0c6c345] exiting daemon
=== RUN   TestAuthZPluginDenyResponse
--- PASS: TestAuthZPluginDenyResponse (0.52s)
    daemon.go:296: [dd926d2e1ee6f] waiting for daemon to start
    daemon.go:328: [dd926d2e1ee6f] daemon started
    daemon.go:283: [dd926d2e1ee6f] exiting daemon
=== RUN   TestAuthZPluginAllowEventStream
--- PASS: TestAuthZPluginAllowEventStream (1.25s)
    daemon.go:296: [da7917cccc4c4] waiting for daemon to start
    daemon.go:328: [da7917cccc4c4] daemon started
    daemon.go:283: [da7917cccc4c4] exiting daemon
=== RUN   TestAuthZPluginErrorResponse
--- PASS: TestAuthZPluginErrorResponse (0.53s)
    daemon.go:296: [d767d491f7b0f] waiting for daemon to start
    daemon.go:328: [d767d491f7b0f] daemon started
    daemon.go:283: [d767d491f7b0f] exiting daemon
=== RUN   TestAuthZPluginErrorRequest
--- PASS: TestAuthZPluginErrorRequest (0.53s)
    daemon.go:296: [d13c6d730df12] waiting for daemon to start
    daemon.go:328: [d13c6d730df12] daemon started
    daemon.go:283: [d13c6d730df12] exiting daemon
=== RUN   TestAuthZPluginEnsureNoDuplicatePluginRegistration
--- PASS: TestAuthZPluginEnsureNoDuplicatePluginRegistration (3.22s)
    daemon.go:296: [dbff99ccd55b4] waiting for daemon to start
    daemon.go:328: [dbff99ccd55b4] daemon started
    daemon.go:283: [dbff99ccd55b4] exiting daemon
=== RUN   TestAuthZPluginEnsureLoadImportWorking
--- PASS: TestAuthZPluginEnsureLoadImportWorking (6.11s)
    daemon.go:296: [d4545212d3857] waiting for daemon to start
    daemon.go:328: [d4545212d3857] daemon started
    daemon.go:283: [d4545212d3857] exiting daemon
=== RUN   TestAuthzPluginEnsureContainerCopyToFrom
--- PASS: TestAuthzPluginEnsureContainerCopyToFrom (1.50s)
    daemon.go:296: [dd37618dd1c37] waiting for daemon to start
    daemon.go:328: [dd37618dd1c37] daemon started
    daemon.go:283: [dd37618dd1c37] exiting daemon
=== RUN   TestAuthZPluginHeader
--- PASS: TestAuthZPluginHeader (0.72s)
    daemon.go:296: [d4eec33821861] waiting for daemon to start
    daemon.go:328: [d4eec33821861] daemon started
    daemon.go:283: [d4eec33821861] exiting daemon
=== RUN   TestAuthZPluginV2AllowNonVolumeRequest
--- PASS: TestAuthZPluginV2AllowNonVolumeRequest (6.74s)
    daemon.go:296: [da09e085c6b17] waiting for daemon to start
    daemon.go:328: [da09e085c6b17] daemon started
    daemon.go:283: [da09e085c6b17] exiting daemon
    daemon.go:296: [da09e085c6b17] waiting for daemon to start
    daemon.go:328: [da09e085c6b17] daemon started
    daemon.go:283: [da09e085c6b17] exiting daemon
=== RUN   TestAuthZPluginV2Disable
--- PASS: TestAuthZPluginV2Disable (5.92s)
    daemon.go:296: [d017b764b8de4] waiting for daemon to start
    daemon.go:328: [d017b764b8de4] daemon started
    daemon.go:283: [d017b764b8de4] exiting daemon
    daemon.go:296: [d017b764b8de4] waiting for daemon to start
    daemon.go:328: [d017b764b8de4] daemon started
    daemon.go:283: [d017b764b8de4] exiting daemon
=== RUN   TestAuthZPluginV2RejectVolumeRequests
--- PASS: TestAuthZPluginV2RejectVolumeRequests (5.68s)
    daemon.go:296: [d6a6145d5a1b0] waiting for daemon to start
    daemon.go:328: [d6a6145d5a1b0] daemon started
    daemon.go:283: [d6a6145d5a1b0] exiting daemon
    daemon.go:296: [d6a6145d5a1b0] waiting for daemon to start
    daemon.go:328: [d6a6145d5a1b0] daemon started
    daemon.go:283: [d6a6145d5a1b0] exiting daemon
=== RUN   TestAuthZPluginV2BadManifestFailsDaemonStart
--- PASS: TestAuthZPluginV2BadManifestFailsDaemonStart (13.76s)
    daemon.go:296: [de0f5c18ddbd1] waiting for daemon to start
    daemon.go:328: [de0f5c18ddbd1] daemon started
    daemon.go:283: [de0f5c18ddbd1] exiting daemon
    daemon.go:296: [de0f5c18ddbd1] waiting for daemon to start
    daemon.go:296: [de0f5c18ddbd1] waiting for daemon to start
    daemon.go:296: [de0f5c18ddbd1] waiting for daemon to start
    daemon.go:283: [de0f5c18ddbd1] exiting daemon
    daemon.go:328: [de0f5c18ddbd1] daemon started
    daemon.go:283: [de0f5c18ddbd1] exiting daemon
=== RUN   TestAuthZPluginV2NonexistentFailsDaemonStart
--- PASS: TestAuthZPluginV2NonexistentFailsDaemonStart (16.53s)
    daemon.go:296: [dddafc28f61d5] waiting for daemon to start
    daemon.go:328: [dddafc28f61d5] daemon started
    daemon.go:283: [dddafc28f61d5] exiting daemon
    daemon.go:296: [dddafc28f61d5] waiting for daemon to start
    daemon.go:296: [dddafc28f61d5] waiting for daemon to start
    daemon.go:296: [dddafc28f61d5] waiting for daemon to start
    daemon.go:328: [dddafc28f61d5] daemon started
    daemon.go:283: [dddafc28f61d5] exiting daemon
PASS
Running /go/src/github.com/docker/docker/integration/plugin/logging
INFO: Testing against a local daemon
=== RUN   TestContinueAfterPluginCrash
=== PAUSE TestContinueAfterPluginCrash
=== RUN   TestDaemonStartWithLogOpt
=== PAUSE TestDaemonStartWithLogOpt
=== CONT  TestContinueAfterPluginCrash
=== CONT  TestDaemonStartWithLogOpt
--- PASS: TestDaemonStartWithLogOpt (12.34s)
    daemon.go:296: [db43af5290ee0] waiting for daemon to start
    daemon.go:328: [db43af5290ee0] daemon started
    daemon.go:283: [db43af5290ee0] exiting daemon
    daemon.go:296: [db43af5290ee0] waiting for daemon to start
    daemon.go:328: [db43af5290ee0] daemon started
    daemon.go:283: [db43af5290ee0] exiting daemon
--- PASS: TestContinueAfterPluginCrash (19.48s)
    daemon.go:296: [d56a667bf3407] waiting for daemon to start
    daemon.go:328: [d56a667bf3407] daemon started
    daemon.go:283: [d56a667bf3407] exiting daemon
PASS
Running /go/src/github.com/docker/docker/integration/plugin/logging/cmd
testing: warning: no tests to run
PASS
Running /go/src/github.com/docker/docker/integration/plugin/logging/cmd/close_on_start
testing: warning: no tests to run
PASS
Running /go/src/github.com/docker/docker/integration/plugin/logging/cmd/dummy
testing: warning: no tests to run
PASS
Running /go/src/github.com/docker/docker/integration/plugin/common
INFO: Testing against a local daemon
=== RUN   TestPluginInvalidJSON
=== RUN   TestPluginInvalidJSON//plugins/foobar/set
=== PAUSE TestPluginInvalidJSON//plugins/foobar/set
=== CONT  TestPluginInvalidJSON//plugins/foobar/set
--- PASS: TestPluginInvalidJSON (0.01s)
    --- PASS: TestPluginInvalidJSON//plugins/foobar/set (0.00s)
PASS
Running /go/src/github.com/docker/docker/integration/plugin/volumes
INFO: Testing against a local daemon
=== RUN   TestPluginWithDevMounts
=== PAUSE TestPluginWithDevMounts
=== CONT  TestPluginWithDevMounts
--- PASS: TestPluginWithDevMounts (1.73s)
    daemon.go:296: [d036d3f6f4633] waiting for daemon to start
    daemon.go:328: [d036d3f6f4633] daemon started
    daemon.go:283: [d036d3f6f4633] exiting daemon
PASS
Running /go/src/github.com/docker/docker/integration/plugin/volumes/cmd
testing: warning: no tests to run
PASS
Running /go/src/github.com/docker/docker/integration/plugin/volumes/cmd/dummy
testing: warning: no tests to run
PASS
Running /go/src/github.com/docker/docker/integration/plugin/graphdriver
INFO: Testing against a local daemon
=== RUN   TestExternalGraphDriver
=== RUN   TestExternalGraphDriver/json
=== RUN   TestExternalGraphDriver/spec
=== RUN   TestExternalGraphDriver/pull
--- PASS: TestExternalGraphDriver (7.04s)
    daemon.go:296: [d007cdeaf9ef6] waiting for daemon to start
    daemon.go:328: [d007cdeaf9ef6] daemon started
    daemon.go:283: [d007cdeaf9ef6] exiting daemon
    daemon.go:296: [d007cdeaf9ef6] waiting for daemon to start
    daemon.go:328: [d007cdeaf9ef6] daemon started
    daemon.go:283: [d007cdeaf9ef6] exiting daemon
    --- PASS: TestExternalGraphDriver/json (1.73s)
    daemon.go:296: [d007cdeaf9ef6] waiting for daemon to start
    daemon.go:328: [d007cdeaf9ef6] daemon started
    daemon.go:283: [d007cdeaf9ef6] exiting daemon
    daemon.go:296: [d007cdeaf9ef6] waiting for daemon to start
    daemon.go:328: [d007cdeaf9ef6] daemon started
    daemon.go:283: [d007cdeaf9ef6] exiting daemon
    --- PASS: TestExternalGraphDriver/spec (1.71s)
    daemon.go:296: [d007cdeaf9ef6] waiting for daemon to start
    daemon.go:328: [d007cdeaf9ef6] daemon started
    daemon.go:283: [d007cdeaf9ef6] exiting daemon
    --- PASS: TestExternalGraphDriver/pull (3.13s)
=== RUN   TestGraphdriverPluginV2
--- SKIP: TestGraphdriverPluginV2 (0.34s)
    external_test.go:411: !requirement.Overlay2Supported(testEnv.DaemonInfo.KernelVersion)
PASS
Running /go/src/github.com/docker/docker/integration/config
INFO: Testing against a local daemon
=== RUN   TestConfigList
--- PASS: TestConfigList (2.07s)
    daemon.go:296: [d9bf577d1ca83] waiting for daemon to start
    daemon.go:328: [d9bf577d1ca83] daemon started
    daemon.go:283: [d9bf577d1ca83] exiting daemon
=== RUN   TestConfigsCreateAndDelete
--- PASS: TestConfigsCreateAndDelete (2.06s)
    daemon.go:296: [d37a34ef01c38] waiting for daemon to start
    daemon.go:328: [d37a34ef01c38] daemon started
    daemon.go:283: [d37a34ef01c38] exiting daemon
=== RUN   TestConfigsUpdate
--- PASS: TestConfigsUpdate (2.09s)
    daemon.go:296: [da3acca0ea285] waiting for daemon to start
    daemon.go:328: [da3acca0ea285] daemon started
    daemon.go:283: [da3acca0ea285] exiting daemon
=== RUN   TestTemplatedConfig
--- PASS: TestTemplatedConfig (2.68s)
    daemon.go:296: [d62c14882e97f] waiting for daemon to start
    daemon.go:328: [d62c14882e97f] daemon started
    daemon.go:283: [d62c14882e97f] exiting daemon
=== RUN   TestConfigInspect
--- PASS: TestConfigInspect (2.12s)
    daemon.go:296: [d85452f47c3c5] waiting for daemon to start
    daemon.go:328: [d85452f47c3c5] daemon started
    daemon.go:283: [d85452f47c3c5] exiting daemon
=== RUN   TestConfigCreateWithLabels
--- PASS: TestConfigCreateWithLabels (2.01s)
    daemon.go:296: [dbfcbd3ca2f4e] waiting for daemon to start
    daemon.go:328: [dbfcbd3ca2f4e] daemon started
    daemon.go:283: [dbfcbd3ca2f4e] exiting daemon
=== RUN   TestConfigCreateResolve
--- PASS: TestConfigCreateResolve (2.15s)
    daemon.go:296: [dd6cfe3ab44d6] waiting for daemon to start
    daemon.go:328: [dd6cfe3ab44d6] daemon started
    daemon.go:283: [dd6cfe3ab44d6] exiting daemon
PASS
Running /go/src/github.com/docker/docker/integration/service
INFO: Testing against a local daemon
=== RUN   TestServiceCreateInit
=== RUN   TestServiceCreateInit/daemonInitDisabled
=== RUN   TestServiceCreateInit/daemonInitEnabled
--- PASS: TestServiceCreateInit (7.70s)
    --- PASS: TestServiceCreateInit/daemonInitDisabled (3.90s)
        daemon.go:296: [dc6ca37fc28d2] waiting for daemon to start
        daemon.go:328: [dc6ca37fc28d2] daemon started
        daemon.go:283: [dc6ca37fc28d2] exiting daemon
    --- PASS: TestServiceCreateInit/daemonInitEnabled (3.80s)
        daemon.go:296: [db503018e2582] waiting for daemon to start
        daemon.go:328: [db503018e2582] daemon started
        daemon.go:283: [db503018e2582] exiting daemon
=== RUN   TestCreateServiceMultipleTimes
--- PASS: TestCreateServiceMultipleTimes (24.16s)
    daemon.go:296: [d6a9d3b60a899] waiting for daemon to start
    daemon.go:328: [d6a9d3b60a899] daemon started
    daemon.go:283: [d6a9d3b60a899] exiting daemon
=== RUN   TestCreateServiceConflict
--- PASS: TestCreateServiceConflict (2.04s)
    daemon.go:296: [dd8e1dccca381] waiting for daemon to start
    daemon.go:328: [dd8e1dccca381] daemon started
    daemon.go:283: [dd8e1dccca381] exiting daemon
=== RUN   TestCreateServiceMaxReplicas
--- PASS: TestCreateServiceMaxReplicas (2.81s)
    daemon.go:296: [d1f7bd3bd8053] waiting for daemon to start
    daemon.go:328: [d1f7bd3bd8053] daemon started
    daemon.go:283: [d1f7bd3bd8053] exiting daemon
=== RUN   TestCreateWithDuplicateNetworkNames
--- PASS: TestCreateWithDuplicateNetworkNames (12.98s)
    daemon.go:296: [d563e4719e763] waiting for daemon to start
    daemon.go:328: [d563e4719e763] daemon started
    daemon.go:283: [d563e4719e763] exiting daemon
=== RUN   TestCreateServiceSecretFileMode
--- PASS: TestCreateServiceSecretFileMode (2.66s)
    daemon.go:296: [dcc81a3035a65] waiting for daemon to start
    daemon.go:328: [dcc81a3035a65] daemon started
    daemon.go:283: [dcc81a3035a65] exiting daemon
=== RUN   TestCreateServiceConfigFileMode
--- PASS: TestCreateServiceConfigFileMode (2.53s)
    daemon.go:296: [dc4db0fc74a7f] waiting for daemon to start
    daemon.go:328: [dc4db0fc74a7f] daemon started
    daemon.go:283: [dc4db0fc74a7f] exiting daemon
=== RUN   TestCreateServiceSysctls
--- PASS: TestCreateServiceSysctls (3.23s)
    daemon.go:296: [d7aae256e6c8e] waiting for daemon to start
    daemon.go:328: [d7aae256e6c8e] daemon started
    daemon.go:283: [d7aae256e6c8e] exiting daemon
=== RUN   TestInspect
--- PASS: TestInspect (2.05s)
    daemon.go:296: [d0ac9295f5118] waiting for daemon to start
    daemon.go:328: [d0ac9295f5118] daemon started
    daemon.go:283: [d0ac9295f5118] exiting daemon
=== RUN   TestDockerNetworkConnectAlias
--- PASS: TestDockerNetworkConnectAlias (3.96s)
    daemon.go:296: [de7b58d693846] waiting for daemon to start
    daemon.go:328: [de7b58d693846] daemon started
    daemon.go:283: [de7b58d693846] exiting daemon
=== RUN   TestServicePlugin
--- PASS: TestServicePlugin (34.81s)
    daemon.go:296: [d78246eaa6ab2] waiting for daemon to start
    daemon.go:328: [d78246eaa6ab2] daemon started
    daemon.go:283: [d78246eaa6ab2] exiting daemon
    daemon.go:296: [d7daac46be479] waiting for daemon to start
    daemon.go:328: [d7daac46be479] daemon started
    daemon.go:296: [d5d95f8298673] waiting for daemon to start
    daemon.go:328: [d5d95f8298673] daemon started
    daemon.go:296: [d25dd4851df37] waiting for daemon to start
    daemon.go:328: [d25dd4851df37] daemon started
    daemon.go:283: [d25dd4851df37] exiting daemon
    daemon.go:283: [d5d95f8298673] exiting daemon
    daemon.go:283: [d7daac46be479] exiting daemon
=== RUN   TestServiceUpdateLabel
--- PASS: TestServiceUpdateLabel (2.06s)
    daemon.go:296: [dd6b520fad901] waiting for daemon to start
    daemon.go:328: [dd6b520fad901] daemon started
    daemon.go:283: [dd6b520fad901] exiting daemon
=== RUN   TestServiceUpdateSecrets
--- FAIL: TestServiceUpdateSecrets (2.04s)
    daemon.go:296: [d6d35176ae691] waiting for daemon to start
    daemon.go:328: [d6d35176ae691] daemon started
    update_test.go:126: assertion failed: error is not nil: Error response from daemon: rpc error: code = Unknown desc = update out of sequence
    daemon.go:283: [d6d35176ae691] exiting daemon
=== RUN   TestServiceUpdateConfigs
--- FAIL: TestServiceUpdateConfigs (31.83s)
    daemon.go:296: [de270e5f19d20] waiting for daemon to start
    daemon.go:328: [de270e5f19d20] daemon started
    update_test.go:189: timeout hit after 30s: waiting for service mknu0ubzgf9u28kdnu2v5l7rc to be updated, state: updating, message: update in progress
    daemon.go:283: [de270e5f19d20] exiting daemon
FAIL
---> Making bundle: .integration-daemon-stop (in bundles/test-integration)
Clearing AppArmor profiles cache:.
All profile caches have been cleared, but no profiles have been unloaded.
Unloading profiles will leave already running processes permanently
unconfined, which can lead to unexpected situations.

To set a process to complain mode, use the command line tool
'aa-complain'. To really tear down all profiles, run the init script
with the 'teardown' option."
Removing test suite binaries
Build step 'Execute shell' marked build as failure
Set build name.
New build name is '#38465'
[PostBuildScript] - Executing post build scripts.
[Docker-PRs-experimental] $ /bin/sh -xe /tmp/jenkins6615662777659073411.sh
+ echo Ensuring container killed.
Ensuring container killed.
+ docker rm -vf docker-pr-exp43625
Error: No such container: docker-pr-exp43625
+ true
+ echo Chowning /workspace to jenkins user
Chowning /workspace to jenkins user
+ id -u
+ id -g
+ docker run --rm -v /home/ubuntu/workspace/Docker-PRs-experimental:/workspace busybox chown -R 1000:1000 /workspace
[Docker-PRs-experimental] $ /bin/sh -xe /tmp/jenkins787028061728783376.sh
+ echo Creating bundles.tar.gz
Creating bundles.tar.gz
+ xargs tar -czf bundles.tar.gz
+ find bundles -name *.log
Archiving artifacts
Notifying endpoint with url 'https://leeroy.dockerproject.org/notification/jenkins'
[WS-CLEANUP] Deleting project workspace...[WS-CLEANUP] done
Finished: FAILURE
