Started by user Gordon
Notifying endpoint with url 'https://leeroy.dockerproject.org/notification/jenkins'
[EnvInject] - Loading node environment variables.
Building remotely on ubuntu-1604-aufs-stable (i-002426f1684264444) (docker-edge ubuntu aufs docker-stable docker ubuntu-1604-aufs-edge x86_64 ec2 linux ubuntu-1604-aufs ubuntu-1604 amd64 ubuntu-1604-aufs-stable us-west-2) in workspace /home/ubuntu/workspace/Docker-PRs-experimental
Wiping out workspace first.
Cloning the remote Git repository
Cloning repository https://github.com/moby/moby.git
 > git init /home/ubuntu/workspace/Docker-PRs-experimental # timeout=10
Fetching upstream changes from https://github.com/moby/moby.git
 > git --version # timeout=10
 > git fetch --tags --progress https://github.com/moby/moby.git +refs/heads/*:refs/remotes/origin/*
 > git config remote.origin.url https://github.com/moby/moby.git # timeout=10
 > git config --add remote.origin.fetch +refs/heads/*:refs/remotes/origin/* # timeout=10
 > git config remote.origin.url https://github.com/moby/moby.git # timeout=10
Fetching upstream changes from https://github.com/moby/moby.git
 > git fetch --tags --progress https://github.com/moby/moby.git +refs/heads/*:refs/remotes/origin/*
 > git rev-parse origin/master^{commit} # timeout=10
Checking out Revision 77df18c24acf62778f132d30a058d559a0b8b2ba (origin/master)
 > git config core.sparsecheckout # timeout=10
 > git checkout -f 77df18c24acf62778f132d30a058d559a0b8b2ba
Commit message: "Merge pull request #38509 from thaJeztah/bump_containerd_v1.2.2"
 > git rev-list --no-walk 77df18c24acf62778f132d30a058d559a0b8b2ba # timeout=10
Set build name.
New build name is '#38487'
[Docker-PRs-experimental] $ /bin/bash /tmp/jenkins6157948579745809128.sh
From https://github.com/moby/moby
 * [new ref]         refs/pull/38487/head -> origin/pr/38487
Auto-merging vendor.conf
Auto-merging integration/build/build_test.go
Merge made by the 'recursive' strategy.
 builder/remotecontext/detect.go                    | 16 +++++--
 integration/build/build_test.go                    | 55 +++++++++++++++++++++
 vendor.conf                                        |  2 +-
 vendor/github.com/moby/buildkit/README.md          | 56 +++++-----------------
 .../dockerfile/dockerfile2llb/convert_secrets.go   | 16 +++++++
 .../dockerfile/dockerfile2llb/convert_ssh.go       | 17 ++++++-
 .../dockerfile/instructions/commands_runmount.go   | 35 ++++++++++++++
 .../buildkit/frontend/dockerfile/parser/parser.go  |  5 ++
 .../moby/buildkit/snapshot/snapshotter.go          |  2 +-
 .../moby/buildkit/solver/llbsolver/ops/exec.go     |  4 +-
 vendor/github.com/moby/buildkit/vendor.conf        |  8 ++--
 11 files changed, 158 insertions(+), 58 deletions(-)
Sending build context to Docker daemon  45.11MB
Step 1/94 : FROM golang:1.11.4 AS base
 ---> 343df9d12b7b
Step 2/94 : ARG APT_MIRROR=deb.debian.org
 ---> Using cache
 ---> 96e675316a86
Step 3/94 : RUN sed -ri "s/(httpredir|deb).debian.org/$APT_MIRROR/g" /etc/apt/sources.list
 ---> Using cache
 ---> efa7caf945a4
Step 4/94 : FROM base AS criu
 ---> efa7caf945a4
Step 5/94 : ENV CRIU_VERSION 3.6
 ---> Using cache
 ---> 419a0affa01b
Step 6/94 : RUN apt-get update && apt-get install -y 	libnet-dev 	libprotobuf-c0-dev 	libprotobuf-dev 	libnl-3-dev 	libcap-dev 	protobuf-compiler 	protobuf-c-compiler 	python-protobuf 	&& mkdir -p /usr/src/criu 	&& curl -sSL https://github.com/checkpoint-restore/criu/archive/v${CRIU_VERSION}.tar.gz | tar -C /usr/src/criu/ -xz --strip-components=1 	&& cd /usr/src/criu 	&& make 	&& make PREFIX=/build/ install-criu
 ---> Using cache
 ---> 8f4dfeebd78e
Step 7/94 : FROM base AS registry
 ---> efa7caf945a4
Step 8/94 : ENV REGISTRY_COMMIT_SCHEMA1 ec87e9b6971d831f0eff752ddb54fb64693e51cd
 ---> Using cache
 ---> d842c4cd8d86
Step 9/94 : ENV REGISTRY_COMMIT 47a064d4195a9b56133891bbb13620c3ac83a827
 ---> Using cache
 ---> e99887e484fa
Step 10/94 : RUN set -x 	&& export GOPATH="$(mktemp -d)" 	&& git clone https://github.com/docker/distribution.git "$GOPATH/src/github.com/docker/distribution" 	&& (cd "$GOPATH/src/github.com/docker/distribution" && git checkout -q "$REGISTRY_COMMIT") 	&& GOPATH="$GOPATH/src/github.com/docker/distribution/Godeps/_workspace:$GOPATH" 		go build -buildmode=pie -o /build/registry-v2 github.com/docker/distribution/cmd/registry 	&& case $(dpkg --print-architecture) in 		amd64|ppc64*|s390x) 		(cd "$GOPATH/src/github.com/docker/distribution" && git checkout -q "$REGISTRY_COMMIT_SCHEMA1"); 		GOPATH="$GOPATH/src/github.com/docker/distribution/Godeps/_workspace:$GOPATH"; 			go build -buildmode=pie -o /build/registry-v2-schema1 github.com/docker/distribution/cmd/registry; 		;; 	   esac 	&& rm -rf "$GOPATH"
 ---> Using cache
 ---> 4888ad8e98b8
Step 11/94 : FROM base AS docker-py
 ---> efa7caf945a4
Step 12/94 : ENV DOCKER_PY_COMMIT 8b246db271a85d6541dc458838627e89c683e42f
 ---> Using cache
 ---> 83d318b107af
Step 13/94 : RUN git clone https://github.com/docker/docker-py.git /build 	&& cd /build 	&& git checkout -q $DOCKER_PY_COMMIT
 ---> Using cache
 ---> 91b25e7c6904
Step 14/94 : FROM base AS swagger
 ---> efa7caf945a4
Step 15/94 : ENV GO_SWAGGER_COMMIT c28258affb0b6251755d92489ef685af8d4ff3eb
 ---> Using cache
 ---> 34382c922f46
Step 16/94 : RUN set -x 	&& export GOPATH="$(mktemp -d)" 	&& git clone https://github.com/go-swagger/go-swagger.git "$GOPATH/src/github.com/go-swagger/go-swagger" 	&& (cd "$GOPATH/src/github.com/go-swagger/go-swagger" && git checkout -q "$GO_SWAGGER_COMMIT") 	&& go build -o /build/swagger github.com/go-swagger/go-swagger/cmd/swagger 	&& rm -rf "$GOPATH"
 ---> Using cache
 ---> 91f21526f709
Step 17/94 : FROM base AS frozen-images
 ---> efa7caf945a4
Step 18/94 : RUN apt-get update && apt-get install -y jq ca-certificates --no-install-recommends
 ---> Using cache
 ---> f8736d37c6fc
Step 19/94 : COPY contrib/download-frozen-image-v2.sh /
 ---> Using cache
 ---> 6d4505e71a21
Step 20/94 : RUN /download-frozen-image-v2.sh /build 	buildpack-deps:jessie@sha256:dd86dced7c9cd2a724e779730f0a53f93b7ef42228d4344b25ce9a42a1486251 	busybox:latest@sha256:bbc3a03235220b170ba48a157dd097dd1379299370e1ed99ce976df0355d24f0 	busybox:glibc@sha256:0b55a30394294ab23b9afd58fab94e61a923f5834fba7ddbae7f8e0c11ba85e6 	debian:jessie@sha256:287a20c5f73087ab406e6b364833e3fb7b3ae63ca0eb3486555dc27ed32c6e60 	hello-world:latest@sha256:be0cd392e45be79ffeffa6b05338b98ebb16c87b255f48e297ec7f98e123905c
 ---> Using cache
 ---> 2d2cbf53634c
Step 21/94 : FROM base AS runtime-dev
 ---> efa7caf945a4
Step 22/94 : RUN apt-get update && apt-get install -y 	libapparmor-dev 	libseccomp-dev
 ---> Using cache
 ---> 3e8057bdfe12
Step 23/94 : FROM base AS tomlv
 ---> efa7caf945a4
Step 24/94 : ENV INSTALL_BINARY_NAME=tomlv
 ---> Using cache
 ---> 85d479f7caa8
Step 25/94 : COPY hack/dockerfile/install/install.sh ./install.sh
 ---> Using cache
 ---> 99e8b9ce418e
Step 26/94 : COPY hack/dockerfile/install/$INSTALL_BINARY_NAME.installer ./
 ---> Using cache
 ---> 6ceff4d4e561
Step 27/94 : RUN PREFIX=/build ./install.sh $INSTALL_BINARY_NAME
 ---> Using cache
 ---> 14f153418f8f
Step 28/94 : FROM base AS vndr
 ---> efa7caf945a4
Step 29/94 : ENV INSTALL_BINARY_NAME=vndr
 ---> Using cache
 ---> e89ae48e7e8d
Step 30/94 : COPY hack/dockerfile/install/install.sh ./install.sh
 ---> Using cache
 ---> 6abeaf912c5b
Step 31/94 : COPY hack/dockerfile/install/$INSTALL_BINARY_NAME.installer ./
 ---> Using cache
 ---> 8935ecbc2397
Step 32/94 : RUN PREFIX=/build ./install.sh $INSTALL_BINARY_NAME
 ---> Using cache
 ---> 466eed85ed9b
Step 33/94 : FROM base AS containerd
 ---> efa7caf945a4
Step 34/94 : RUN apt-get update && apt-get install -y btrfs-tools
 ---> Using cache
 ---> 60c639a78675
Step 35/94 : ENV INSTALL_BINARY_NAME=containerd
 ---> Using cache
 ---> cf3f7927d38a
Step 36/94 : COPY hack/dockerfile/install/install.sh ./install.sh
 ---> Using cache
 ---> 5ce9b801de84
Step 37/94 : COPY hack/dockerfile/install/$INSTALL_BINARY_NAME.installer ./
 ---> Using cache
 ---> a6f5bb03917c
Step 38/94 : RUN PREFIX=/build ./install.sh $INSTALL_BINARY_NAME
 ---> Using cache
 ---> 9cf868e26dbf
Step 39/94 : FROM base AS proxy
 ---> efa7caf945a4
Step 40/94 : ENV INSTALL_BINARY_NAME=proxy
 ---> Using cache
 ---> b6d3cc3751b4
Step 41/94 : COPY hack/dockerfile/install/install.sh ./install.sh
 ---> Using cache
 ---> 6c4d5aeb2342
Step 42/94 : COPY hack/dockerfile/install/$INSTALL_BINARY_NAME.installer ./
 ---> Using cache
 ---> a3484815715e
Step 43/94 : RUN PREFIX=/build ./install.sh $INSTALL_BINARY_NAME
 ---> Using cache
 ---> 6936f0b39635
Step 44/94 : FROM base AS gometalinter
 ---> efa7caf945a4
Step 45/94 : ENV INSTALL_BINARY_NAME=gometalinter
 ---> Using cache
 ---> de38929b495a
Step 46/94 : COPY hack/dockerfile/install/install.sh ./install.sh
 ---> Using cache
 ---> cbd9961520ed
Step 47/94 : COPY hack/dockerfile/install/$INSTALL_BINARY_NAME.installer ./
 ---> Using cache
 ---> 54ee9b58f7cd
Step 48/94 : RUN PREFIX=/build ./install.sh $INSTALL_BINARY_NAME
 ---> Using cache
 ---> 9af87d0df245
Step 49/94 : FROM base AS dockercli
 ---> efa7caf945a4
Step 50/94 : ENV INSTALL_BINARY_NAME=dockercli
 ---> Using cache
 ---> 0bd517905680
Step 51/94 : COPY hack/dockerfile/install/install.sh ./install.sh
 ---> Using cache
 ---> e520fb50c827
Step 52/94 : COPY hack/dockerfile/install/$INSTALL_BINARY_NAME.installer ./
 ---> Using cache
 ---> 084723f6370b
Step 53/94 : RUN PREFIX=/build ./install.sh $INSTALL_BINARY_NAME
 ---> Using cache
 ---> 4bb936253e7e
Step 54/94 : FROM runtime-dev AS runc
 ---> 3e8057bdfe12
Step 55/94 : ENV INSTALL_BINARY_NAME=runc
 ---> Using cache
 ---> 191d6bd495ef
Step 56/94 : COPY hack/dockerfile/install/install.sh ./install.sh
 ---> Using cache
 ---> 35f4d86ef944
Step 57/94 : COPY hack/dockerfile/install/$INSTALL_BINARY_NAME.installer ./
 ---> Using cache
 ---> 51eb53f69c4a
Step 58/94 : RUN PREFIX=/build ./install.sh $INSTALL_BINARY_NAME
 ---> Using cache
 ---> ae044d56b383
Step 59/94 : FROM base AS tini
 ---> efa7caf945a4
Step 60/94 : RUN apt-get update && apt-get install -y cmake vim-common
 ---> Using cache
 ---> fd909fca3761
Step 61/94 : COPY hack/dockerfile/install/install.sh ./install.sh
 ---> Using cache
 ---> 83465a2beb69
Step 62/94 : ENV INSTALL_BINARY_NAME=tini
 ---> Using cache
 ---> b58dd2ee6ab9
Step 63/94 : COPY hack/dockerfile/install/$INSTALL_BINARY_NAME.installer ./
 ---> Using cache
 ---> ba6cc1373d9f
Step 64/94 : RUN PREFIX=/build ./install.sh $INSTALL_BINARY_NAME
 ---> Using cache
 ---> de79767c533c
Step 65/94 : FROM runtime-dev AS dev
 ---> 3e8057bdfe12
Step 66/94 : RUN groupadd -r docker
 ---> Using cache
 ---> eb0f240975bf
Step 67/94 : RUN useradd --create-home --gid docker unprivilegeduser
 ---> Using cache
 ---> dbfa32f77d9a
Step 68/94 : RUN ln -sfv /go/src/github.com/docker/docker/.bashrc ~/.bashrc
 ---> Using cache
 ---> 82df74537750
Step 69/94 : RUN echo "source /usr/share/bash-completion/bash_completion" >> /etc/bash.bashrc
 ---> Using cache
 ---> 16e6e16119ea
Step 70/94 : RUN ln -s /usr/local/completion/bash/docker /etc/bash_completion.d/docker
 ---> Using cache
 ---> 1fde87eb4e23
Step 71/94 : RUN ldconfig
 ---> Using cache
 ---> d0d12f7c027b
Step 72/94 : RUN apt-get update && apt-get install -y 	apparmor 	aufs-tools 	bash-completion 	btrfs-tools 	iptables 	jq 	libcap2-bin 	libdevmapper-dev 	libudev-dev 	libsystemd-dev 	binutils-mingw-w64 	g++-mingw-w64-x86-64 	net-tools 	pigz 	python-backports.ssl-match-hostname 	python-dev 	python-mock 	python-pip 	python-requests 	python-setuptools 	python-websocket 	python-wheel 	thin-provisioning-tools 	vim 	vim-common 	xfsprogs 	zip 	bzip2 	xz-utils 	--no-install-recommends
 ---> Using cache
 ---> 32848e66c0ff
Step 73/94 : COPY --from=swagger /build/swagger* /usr/local/bin/
 ---> Using cache
 ---> fb81bf8dfadf
Step 74/94 : COPY --from=frozen-images /build/ /docker-frozen-images
 ---> Using cache
 ---> 9bc6cc09346c
Step 75/94 : COPY --from=gometalinter /build/ /usr/local/bin/
 ---> Using cache
 ---> 42bfd9b81acb
Step 76/94 : COPY --from=tomlv /build/ /usr/local/bin/
 ---> Using cache
 ---> 3f712abf17bb
Step 77/94 : COPY --from=vndr /build/ /usr/local/bin/
 ---> Using cache
 ---> 834ac4aa4fcb
Step 78/94 : COPY --from=tini /build/ /usr/local/bin/
 ---> Using cache
 ---> 456f43bfd21e
Step 79/94 : COPY --from=runc /build/ /usr/local/bin/
 ---> Using cache
 ---> d40401c436e3
Step 80/94 : COPY --from=containerd /build/ /usr/local/bin/
 ---> Using cache
 ---> 79e74c276bd8
Step 81/94 : COPY --from=proxy /build/ /usr/local/bin/
 ---> Using cache
 ---> 5adbf63ac7f2
Step 82/94 : COPY --from=dockercli /build/ /usr/local/cli
 ---> Using cache
 ---> 70ad22edebe8
Step 83/94 : COPY --from=registry /build/registry* /usr/local/bin/
 ---> Using cache
 ---> 67781c2c2f29
Step 84/94 : COPY --from=criu /build/ /usr/local/
 ---> Using cache
 ---> 525ca1ed4547
Step 85/94 : COPY --from=docker-py /build/ /docker-py
 ---> Using cache
 ---> 5b38f0ff2dd2
Step 86/94 : RUN cd /docker-py 	&& pip install docker-pycreds==0.2.1 	&& pip install yamllint==1.5.0 	&& pip install -r test-requirements.txt
 ---> Using cache
 ---> 00d862bf2beb
Step 87/94 : ENV PATH=/usr/local/cli:$PATH
 ---> Using cache
 ---> 6832da7ea6a3
Step 88/94 : ENV DOCKER_BUILDTAGS apparmor seccomp selinux
 ---> Using cache
 ---> 7ee3f2f61b15
Step 89/94 : ENV GOMETALINTER_OPTS="--deadline=2m"
 ---> Using cache
 ---> e08a73c4e322
Step 90/94 : WORKDIR /go/src/github.com/docker/docker
 ---> Using cache
 ---> 3dd9528a8b2b
Step 91/94 : VOLUME /var/lib/docker
 ---> Using cache
 ---> df2590c583e3
Step 92/94 : ENTRYPOINT ["hack/dind"]
 ---> Using cache
 ---> 73f9022a61e6
Step 93/94 : FROM dev AS final
 ---> 73f9022a61e6
Step 94/94 : COPY . /go/src/github.com/docker/docker
 ---> 6e2462266234
Successfully built 6e2462266234
Successfully tagged docker:35203d8-exp

Removing bundles/

---> Making bundle: binary-daemon (in bundles/binary-daemon)
Building: bundles/binary-daemon/dockerd-dev
Created binary: bundles/binary-daemon/dockerd-dev
Copying nested executables into bundles/binary-daemon

---> Making bundle: test-integration (in bundles/test-integration)
Building test suite binary ./integration-cli/test.main
Building test suite binary ./integration/plugin/test.main
Building test suite binary ./integration/plugin/authz/test.main
Building test suite binary ./integration/plugin/logging/test.main
Building test suite binary ./integration/plugin/logging/cmd/test.main
Building test suite binary ./integration/plugin/logging/cmd/close_on_start/test.main
Building test suite binary ./integration/plugin/logging/cmd/dummy/test.main
Building test suite binary ./integration/plugin/common/test.main
Building test suite binary ./integration/plugin/volumes/test.main
Building test suite binary ./integration/plugin/volumes/cmd/test.main
Building test suite binary ./integration/plugin/volumes/cmd/dummy/test.main
Building test suite binary ./integration/plugin/graphdriver/test.main
Building test suite binary ./integration/config/test.main
Building test suite binary ./integration/service/test.main
Building test suite binary ./integration/network/test.main
Building test suite binary ./integration/network/ipvlan/test.main
Building test suite binary ./integration/network/macvlan/test.main
Building test suite binary ./integration/secret/test.main
Building test suite binary ./integration/session/test.main
Building test suite binary ./integration/container/test.main
Building test suite binary ./integration/build/test.main
Building test suite binary ./integration/volume/test.main
Building test suite binary ./integration/system/test.main
Building test suite binary ./integration/image/test.main
---> Making bundle: .integration-daemon-start (in bundles/test-integration)
Using test binary docker
# DOCKER_EXPERIMENTAL is set: starting daemon with experimental features enabled! 
/etc/init.d/apparmor: 130: /etc/init.d/apparmor: systemd-detect-virt: not found
Starting AppArmor profiles:Warning from stdin (line 1): /sbin/apparmor_parser: cannot use or update cache, disable, or force-complain via stdin
Warning failed to create cache: (null)
.
INFO: Waiting for daemon to start...
Starting dockerd
.
---> Making bundle: .integration-daemon-setup (in bundles/test-integration)
---> Making bundle: .ensure-emptyfs (in bundles/test-integration)
Error: No such image: emptyfs
Running integration-test (iteration 1)
Running /go/src/github.com/docker/docker/integration/plugin
testing: warning: no tests to run
PASS
Running /go/src/github.com/docker/docker/integration/plugin/authz
Loaded image: buildpack-deps:jessie
Loaded image: busybox:latest
Loaded image: busybox:glibc
Loaded image: debian:jessie
Loaded image: hello-world:latest
INFO: Testing against a local daemon
=== RUN   TestAuthZPluginAllowRequest
--- PASS: TestAuthZPluginAllowRequest (2.98s)
    daemon.go:296: [dac2472900230] waiting for daemon to start
    daemon.go:328: [dac2472900230] daemon started
    daemon.go:283: [dac2472900230] exiting daemon
=== RUN   TestAuthZPluginTLS
--- PASS: TestAuthZPluginTLS (0.53s)
    daemon.go:296: [dcf3a03ab5a65] waiting for daemon to start
    daemon.go:328: [dcf3a03ab5a65] daemon started
    daemon.go:283: [dcf3a03ab5a65] exiting daemon
=== RUN   TestAuthZPluginDenyRequest
--- PASS: TestAuthZPluginDenyRequest (0.52s)
    daemon.go:296: [d8c78ccfc73bc] waiting for daemon to start
    daemon.go:328: [d8c78ccfc73bc] daemon started
    daemon.go:283: [d8c78ccfc73bc] exiting daemon
=== RUN   TestAuthZPluginAPIDenyResponse
--- PASS: TestAuthZPluginAPIDenyResponse (0.52s)
    daemon.go:296: [dca1e21c9cda1] waiting for daemon to start
    daemon.go:328: [dca1e21c9cda1] daemon started
    daemon.go:283: [dca1e21c9cda1] exiting daemon
=== RUN   TestAuthZPluginDenyResponse
--- PASS: TestAuthZPluginDenyResponse (0.52s)
    daemon.go:296: [d7816165d4656] waiting for daemon to start
    daemon.go:328: [d7816165d4656] daemon started
    daemon.go:283: [d7816165d4656] exiting daemon
=== RUN   TestAuthZPluginAllowEventStream
--- PASS: TestAuthZPluginAllowEventStream (1.27s)
    daemon.go:296: [d4c2cec151d68] waiting for daemon to start
    daemon.go:328: [d4c2cec151d68] daemon started
    daemon.go:283: [d4c2cec151d68] exiting daemon
=== RUN   TestAuthZPluginErrorResponse
--- PASS: TestAuthZPluginErrorResponse (0.52s)
    daemon.go:296: [d80d6dff28b48] waiting for daemon to start
    daemon.go:328: [d80d6dff28b48] daemon started
    daemon.go:283: [d80d6dff28b48] exiting daemon
=== RUN   TestAuthZPluginErrorRequest
--- PASS: TestAuthZPluginErrorRequest (0.53s)
    daemon.go:296: [daacd07a7663a] waiting for daemon to start
    daemon.go:328: [daacd07a7663a] daemon started
    daemon.go:283: [daacd07a7663a] exiting daemon
=== RUN   TestAuthZPluginEnsureNoDuplicatePluginRegistration
--- PASS: TestAuthZPluginEnsureNoDuplicatePluginRegistration (2.70s)
    daemon.go:296: [dd80419b24444] waiting for daemon to start
    daemon.go:328: [dd80419b24444] daemon started
    daemon.go:283: [dd80419b24444] exiting daemon
=== RUN   TestAuthZPluginEnsureLoadImportWorking
--- PASS: TestAuthZPluginEnsureLoadImportWorking (6.90s)
    daemon.go:296: [d57683af0704d] waiting for daemon to start
    daemon.go:328: [d57683af0704d] daemon started
    daemon.go:283: [d57683af0704d] exiting daemon
=== RUN   TestAuthzPluginEnsureContainerCopyToFrom
--- PASS: TestAuthzPluginEnsureContainerCopyToFrom (1.49s)
    daemon.go:296: [db2725201fe90] waiting for daemon to start
    daemon.go:328: [db2725201fe90] daemon started
    daemon.go:283: [db2725201fe90] exiting daemon
=== RUN   TestAuthZPluginHeader
--- PASS: TestAuthZPluginHeader (0.73s)
    daemon.go:296: [d14c9429be8ea] waiting for daemon to start
    daemon.go:328: [d14c9429be8ea] daemon started
    daemon.go:283: [d14c9429be8ea] exiting daemon
=== RUN   TestAuthZPluginV2AllowNonVolumeRequest
--- PASS: TestAuthZPluginV2AllowNonVolumeRequest (6.69s)
    daemon.go:296: [d2d6b2c12263c] waiting for daemon to start
    daemon.go:328: [d2d6b2c12263c] daemon started
    daemon.go:283: [d2d6b2c12263c] exiting daemon
    daemon.go:296: [d2d6b2c12263c] waiting for daemon to start
    daemon.go:328: [d2d6b2c12263c] daemon started
    daemon.go:283: [d2d6b2c12263c] exiting daemon
=== RUN   TestAuthZPluginV2Disable
--- PASS: TestAuthZPluginV2Disable (5.81s)
    daemon.go:296: [d579d84cecafd] waiting for daemon to start
    daemon.go:328: [d579d84cecafd] daemon started
    daemon.go:283: [d579d84cecafd] exiting daemon
    daemon.go:296: [d579d84cecafd] waiting for daemon to start
    daemon.go:328: [d579d84cecafd] daemon started
    daemon.go:283: [d579d84cecafd] exiting daemon
=== RUN   TestAuthZPluginV2RejectVolumeRequests
--- PASS: TestAuthZPluginV2RejectVolumeRequests (5.85s)
    daemon.go:296: [dd695efafe311] waiting for daemon to start
    daemon.go:328: [dd695efafe311] daemon started
    daemon.go:283: [dd695efafe311] exiting daemon
    daemon.go:296: [dd695efafe311] waiting for daemon to start
    daemon.go:328: [dd695efafe311] daemon started
    daemon.go:283: [dd695efafe311] exiting daemon
=== RUN   TestAuthZPluginV2BadManifestFailsDaemonStart
--- PASS: TestAuthZPluginV2BadManifestFailsDaemonStart (13.83s)
    daemon.go:296: [d0b0652463575] waiting for daemon to start
    daemon.go:328: [d0b0652463575] daemon started
    daemon.go:283: [d0b0652463575] exiting daemon
    daemon.go:296: [d0b0652463575] waiting for daemon to start
    daemon.go:296: [d0b0652463575] waiting for daemon to start
    daemon.go:283: [d0b0652463575] exiting daemon
    daemon.go:296: [d0b0652463575] waiting for daemon to start
    daemon.go:328: [d0b0652463575] daemon started
    daemon.go:283: [d0b0652463575] exiting daemon
=== RUN   TestAuthZPluginV2NonexistentFailsDaemonStart
--- PASS: TestAuthZPluginV2NonexistentFailsDaemonStart (16.56s)
    daemon.go:296: [d04e3aa091169] waiting for daemon to start
    daemon.go:328: [d04e3aa091169] daemon started
    daemon.go:283: [d04e3aa091169] exiting daemon
    daemon.go:296: [d04e3aa091169] waiting for daemon to start
    daemon.go:296: [d04e3aa091169] waiting for daemon to start
    daemon.go:296: [d04e3aa091169] waiting for daemon to start
    daemon.go:328: [d04e3aa091169] daemon started
    daemon.go:283: [d04e3aa091169] exiting daemon
PASS
Running /go/src/github.com/docker/docker/integration/plugin/logging
INFO: Testing against a local daemon
=== RUN   TestContinueAfterPluginCrash
=== PAUSE TestContinueAfterPluginCrash
=== RUN   TestDaemonStartWithLogOpt
=== PAUSE TestDaemonStartWithLogOpt
=== CONT  TestContinueAfterPluginCrash
=== CONT  TestDaemonStartWithLogOpt
--- PASS: TestDaemonStartWithLogOpt (15.22s)
    daemon.go:296: [dfdb179d6916a] waiting for daemon to start
    daemon.go:328: [dfdb179d6916a] daemon started
    daemon.go:283: [dfdb179d6916a] exiting daemon
    daemon.go:296: [dfdb179d6916a] waiting for daemon to start
    daemon.go:328: [dfdb179d6916a] daemon started
    daemon.go:283: [dfdb179d6916a] exiting daemon
--- PASS: TestContinueAfterPluginCrash (19.64s)
    daemon.go:296: [dc79a729e5229] waiting for daemon to start
    daemon.go:328: [dc79a729e5229] daemon started
    daemon.go:283: [dc79a729e5229] exiting daemon
PASS
Running /go/src/github.com/docker/docker/integration/plugin/logging/cmd
testing: warning: no tests to run
PASS
Running /go/src/github.com/docker/docker/integration/plugin/logging/cmd/close_on_start
testing: warning: no tests to run
PASS
Running /go/src/github.com/docker/docker/integration/plugin/logging/cmd/dummy
testing: warning: no tests to run
PASS
Running /go/src/github.com/docker/docker/integration/plugin/common
INFO: Testing against a local daemon
=== RUN   TestPluginInvalidJSON
=== RUN   TestPluginInvalidJSON//plugins/foobar/set
=== PAUSE TestPluginInvalidJSON//plugins/foobar/set
=== CONT  TestPluginInvalidJSON//plugins/foobar/set
--- PASS: TestPluginInvalidJSON (0.01s)
    --- PASS: TestPluginInvalidJSON//plugins/foobar/set (0.00s)
PASS
Running /go/src/github.com/docker/docker/integration/plugin/volumes
INFO: Testing against a local daemon
=== RUN   TestPluginWithDevMounts
=== PAUSE TestPluginWithDevMounts
=== CONT  TestPluginWithDevMounts
--- PASS: TestPluginWithDevMounts (1.78s)
    daemon.go:296: [d4c2c141a46b6] waiting for daemon to start
    daemon.go:328: [d4c2c141a46b6] daemon started
    daemon.go:283: [d4c2c141a46b6] exiting daemon
PASS
Running /go/src/github.com/docker/docker/integration/plugin/volumes/cmd
testing: warning: no tests to run
PASS
Running /go/src/github.com/docker/docker/integration/plugin/volumes/cmd/dummy
testing: warning: no tests to run
PASS
Running /go/src/github.com/docker/docker/integration/plugin/graphdriver
INFO: Testing against a local daemon
=== RUN   TestExternalGraphDriver
=== RUN   TestExternalGraphDriver/json
=== RUN   TestExternalGraphDriver/spec
=== RUN   TestExternalGraphDriver/pull
--- PASS: TestExternalGraphDriver (7.00s)
    daemon.go:296: [d25649e4ace00] waiting for daemon to start
    daemon.go:328: [d25649e4ace00] daemon started
    daemon.go:283: [d25649e4ace00] exiting daemon
    daemon.go:296: [d25649e4ace00] waiting for daemon to start
    daemon.go:328: [d25649e4ace00] daemon started
    daemon.go:283: [d25649e4ace00] exiting daemon
    --- PASS: TestExternalGraphDriver/json (1.75s)
    daemon.go:296: [d25649e4ace00] waiting for daemon to start
    daemon.go:328: [d25649e4ace00] daemon started
    daemon.go:283: [d25649e4ace00] exiting daemon
    daemon.go:296: [d25649e4ace00] waiting for daemon to start
    daemon.go:328: [d25649e4ace00] daemon started
    daemon.go:283: [d25649e4ace00] exiting daemon
    --- PASS: TestExternalGraphDriver/spec (1.71s)
    daemon.go:296: [d25649e4ace00] waiting for daemon to start
    daemon.go:328: [d25649e4ace00] daemon started
    daemon.go:283: [d25649e4ace00] exiting daemon
    --- PASS: TestExternalGraphDriver/pull (3.11s)
=== RUN   TestGraphdriverPluginV2
--- SKIP: TestGraphdriverPluginV2 (0.35s)
    external_test.go:411: !requirement.Overlay2Supported(testEnv.DaemonInfo.KernelVersion)
PASS
Running /go/src/github.com/docker/docker/integration/config
INFO: Testing against a local daemon
=== RUN   TestConfigList
--- PASS: TestConfigList (2.03s)
    daemon.go:296: [d2c5be4726c4c] waiting for daemon to start
    daemon.go:328: [d2c5be4726c4c] daemon started
    daemon.go:283: [d2c5be4726c4c] exiting daemon
=== RUN   TestConfigsCreateAndDelete
--- PASS: TestConfigsCreateAndDelete (2.04s)
    daemon.go:296: [db1fa8c2fdf9f] waiting for daemon to start
    daemon.go:328: [db1fa8c2fdf9f] daemon started
    daemon.go:283: [db1fa8c2fdf9f] exiting daemon
=== RUN   TestConfigsUpdate
--- PASS: TestConfigsUpdate (2.05s)
    daemon.go:296: [d10c8bec93172] waiting for daemon to start
    daemon.go:328: [d10c8bec93172] daemon started
    daemon.go:283: [d10c8bec93172] exiting daemon
=== RUN   TestTemplatedConfig
--- PASS: TestTemplatedConfig (2.67s)
    daemon.go:296: [df58abfe2db38] waiting for daemon to start
    daemon.go:328: [df58abfe2db38] daemon started
    daemon.go:283: [df58abfe2db38] exiting daemon
=== RUN   TestConfigInspect
--- PASS: TestConfigInspect (2.06s)
    daemon.go:296: [d3fa471a52bd3] waiting for daemon to start
    daemon.go:328: [d3fa471a52bd3] daemon started
    daemon.go:283: [d3fa471a52bd3] exiting daemon
=== RUN   TestConfigCreateWithLabels
--- PASS: TestConfigCreateWithLabels (2.06s)
    daemon.go:296: [d278ac612edf5] waiting for daemon to start
    daemon.go:328: [d278ac612edf5] daemon started
    daemon.go:283: [d278ac612edf5] exiting daemon
=== RUN   TestConfigCreateResolve
--- PASS: TestConfigCreateResolve (2.04s)
    daemon.go:296: [d2e635f4c46c9] waiting for daemon to start
    daemon.go:328: [d2e635f4c46c9] daemon started
    daemon.go:283: [d2e635f4c46c9] exiting daemon
PASS
Running /go/src/github.com/docker/docker/integration/service
INFO: Testing against a local daemon
=== RUN   TestServiceCreateInit
=== RUN   TestServiceCreateInit/daemonInitDisabled
=== RUN   TestServiceCreateInit/daemonInitEnabled
--- PASS: TestServiceCreateInit (7.98s)
    --- PASS: TestServiceCreateInit/daemonInitDisabled (4.04s)
        daemon.go:296: [d7c857b66e17d] waiting for daemon to start
        daemon.go:328: [d7c857b66e17d] daemon started
        daemon.go:283: [d7c857b66e17d] exiting daemon
    --- PASS: TestServiceCreateInit/daemonInitEnabled (3.94s)
        daemon.go:296: [d671f5be7e9b6] waiting for daemon to start
        daemon.go:328: [d671f5be7e9b6] daemon started
        daemon.go:283: [d671f5be7e9b6] exiting daemon
=== RUN   TestCreateServiceMultipleTimes
--- PASS: TestCreateServiceMultipleTimes (22.64s)
    daemon.go:296: [dd380571f0d3c] waiting for daemon to start
    daemon.go:328: [dd380571f0d3c] daemon started
    daemon.go:283: [dd380571f0d3c] exiting daemon
=== RUN   TestCreateServiceConflict
--- PASS: TestCreateServiceConflict (2.05s)
    daemon.go:296: [d1e62b6e6f989] waiting for daemon to start
    daemon.go:328: [d1e62b6e6f989] daemon started
    daemon.go:283: [d1e62b6e6f989] exiting daemon
=== RUN   TestCreateServiceMaxReplicas
--- PASS: TestCreateServiceMaxReplicas (2.79s)
    daemon.go:296: [dc36ce7de9ab4] waiting for daemon to start
    daemon.go:328: [dc36ce7de9ab4] daemon started
    daemon.go:283: [dc36ce7de9ab4] exiting daemon
=== RUN   TestCreateWithDuplicateNetworkNames
--- PASS: TestCreateWithDuplicateNetworkNames (12.95s)
    daemon.go:296: [d36e6f1f5be9a] waiting for daemon to start
    daemon.go:328: [d36e6f1f5be9a] daemon started
    daemon.go:283: [d36e6f1f5be9a] exiting daemon
=== RUN   TestCreateServiceSecretFileMode
--- PASS: TestCreateServiceSecretFileMode (2.57s)
    daemon.go:296: [dfed44db081a9] waiting for daemon to start
    daemon.go:328: [dfed44db081a9] daemon started
    daemon.go:283: [dfed44db081a9] exiting daemon
=== RUN   TestCreateServiceConfigFileMode
--- PASS: TestCreateServiceConfigFileMode (2.57s)
    daemon.go:296: [d618a842a077e] waiting for daemon to start
    daemon.go:328: [d618a842a077e] daemon started
    daemon.go:283: [d618a842a077e] exiting daemon
=== RUN   TestCreateServiceSysctls
--- PASS: TestCreateServiceSysctls (3.13s)
    daemon.go:296: [dcfc29f3de525] waiting for daemon to start
    daemon.go:328: [dcfc29f3de525] daemon started
    daemon.go:283: [dcfc29f3de525] exiting daemon
=== RUN   TestInspect
--- PASS: TestInspect (2.03s)
    daemon.go:296: [d65431c032a9c] waiting for daemon to start
    daemon.go:328: [d65431c032a9c] daemon started
    daemon.go:283: [d65431c032a9c] exiting daemon
=== RUN   TestDockerNetworkConnectAlias
--- PASS: TestDockerNetworkConnectAlias (3.96s)
    daemon.go:296: [d24b3ef600515] waiting for daemon to start
    daemon.go:328: [d24b3ef600515] daemon started
    daemon.go:283: [d24b3ef600515] exiting daemon
=== RUN   TestServicePlugin
--- PASS: TestServicePlugin (35.04s)
    daemon.go:296: [d4b1975621567] waiting for daemon to start
    daemon.go:328: [d4b1975621567] daemon started
    daemon.go:283: [d4b1975621567] exiting daemon
    daemon.go:296: [d18294d8c25df] waiting for daemon to start
    daemon.go:328: [d18294d8c25df] daemon started
    daemon.go:296: [d37ea1a655db1] waiting for daemon to start
    daemon.go:328: [d37ea1a655db1] daemon started
    daemon.go:296: [d71e647a64537] waiting for daemon to start
    daemon.go:328: [d71e647a64537] daemon started
    daemon.go:283: [d71e647a64537] exiting daemon
    daemon.go:283: [d37ea1a655db1] exiting daemon
    daemon.go:283: [d18294d8c25df] exiting daemon
=== RUN   TestServiceUpdateLabel
--- PASS: TestServiceUpdateLabel (2.06s)
    daemon.go:296: [d36abefe58ccf] waiting for daemon to start
    daemon.go:328: [d36abefe58ccf] daemon started
    daemon.go:283: [d36abefe58ccf] exiting daemon
=== RUN   TestServiceUpdateSecrets
--- PASS: TestServiceUpdateSecrets (2.14s)
    daemon.go:296: [d24595cb9f94d] waiting for daemon to start
    daemon.go:328: [d24595cb9f94d] daemon started
    daemon.go:283: [d24595cb9f94d] exiting daemon
=== RUN   TestServiceUpdateConfigs
--- PASS: TestServiceUpdateConfigs (7.65s)
    daemon.go:296: [d754db037aefc] waiting for daemon to start
    daemon.go:328: [d754db037aefc] daemon started
    daemon.go:283: [d754db037aefc] exiting daemon
PASS
Running /go/src/github.com/docker/docker/integration/network
INFO: Testing against a local daemon
=== RUN   TestNetworkCreateDelete
--- PASS: TestNetworkCreateDelete (0.13s)
=== RUN   TestDockerNetworkDeletePreferID
--- PASS: TestDockerNetworkDeletePreferID (0.26s)
=== RUN   TestInspectNetwork
--- PASS: TestInspectNetwork (23.80s)
    daemon.go:296: [d5ec6e71159e7] waiting for daemon to start
    daemon.go:328: [d5ec6e71159e7] daemon started
    daemon.go:283: [d5ec6e71159e7] exiting daemon
=== RUN   TestRunContainerWithBridgeNone
--- PASS: TestRunContainerWithBridgeNone (2.09s)
    daemon.go:296: [da8ab1d8772be] waiting for daemon to start
    daemon.go:328: [da8ab1d8772be] daemon started
    daemon.go:283: [da8ab1d8772be] exiting daemon
=== RUN   TestNetworkInvalidJSON
=== RUN   TestNetworkInvalidJSON//networks/create
=== PAUSE TestNetworkInvalidJSON//networks/create
=== RUN   TestNetworkInvalidJSON//networks/bridge/connect
=== PAUSE TestNetworkInvalidJSON//networks/bridge/connect
=== RUN   TestNetworkInvalidJSON//networks/bridge/disconnect
=== PAUSE TestNetworkInvalidJSON//networks/bridge/disconnect
=== CONT  TestNetworkInvalidJSON//networks/create
=== CONT  TestNetworkInvalidJSON//networks/bridge/disconnect
=== CONT  TestNetworkInvalidJSON//networks/bridge/connect
--- PASS: TestNetworkInvalidJSON (0.01s)
    --- PASS: TestNetworkInvalidJSON//networks/bridge/disconnect (0.00s)
    --- PASS: TestNetworkInvalidJSON//networks/create (0.00s)
    --- PASS: TestNetworkInvalidJSON//networks/bridge/connect (0.00s)
=== RUN   TestDaemonRestartWithLiveRestore
--- PASS: TestDaemonRestartWithLiveRestore (1.03s)
    daemon.go:296: [deb509872574e] waiting for daemon to start
    daemon.go:328: [deb509872574e] daemon started
    daemon.go:283: [deb509872574e] exiting daemon
    daemon.go:296: [deb509872574e] waiting for daemon to start
    daemon.go:328: [deb509872574e] daemon started
    daemon.go:283: [deb509872574e] exiting daemon
=== RUN   TestDaemonDefaultNetworkPools
--- PASS: TestDaemonDefaultNetworkPools (0.66s)
    daemon.go:296: [d331ed003d23b] waiting for daemon to start
    daemon.go:328: [d331ed003d23b] daemon started
    daemon.go:283: [d331ed003d23b] exiting daemon
=== RUN   TestDaemonRestartWithExistingNetwork
--- PASS: TestDaemonRestartWithExistingNetwork (1.10s)
    daemon.go:296: [d96c2c9acfd5a] waiting for daemon to start
    daemon.go:328: [d96c2c9acfd5a] daemon started
    daemon.go:283: [d96c2c9acfd5a] exiting daemon
    daemon.go:296: [d96c2c9acfd5a] waiting for daemon to start
    daemon.go:328: [d96c2c9acfd5a] daemon started
    daemon.go:283: [d96c2c9acfd5a] exiting daemon
=== RUN   TestDaemonRestartWithExistingNetworkWithDefaultPoolRange
--- PASS: TestDaemonRestartWithExistingNetworkWithDefaultPoolRange (1.18s)
    daemon.go:296: [d61f67974c10c] waiting for daemon to start
    daemon.go:328: [d61f67974c10c] daemon started
    daemon.go:283: [d61f67974c10c] exiting daemon
    daemon.go:296: [d61f67974c10c] waiting for daemon to start
    daemon.go:328: [d61f67974c10c] daemon started
    daemon.go:283: [d61f67974c10c] exiting daemon
=== RUN   TestDaemonWithBipAndDefaultNetworkPool
--- PASS: TestDaemonWithBipAndDefaultNetworkPool (0.55s)
    daemon.go:296: [df30499adfea0] waiting for daemon to start
    daemon.go:328: [df30499adfea0] daemon started
    daemon.go:283: [df30499adfea0] exiting daemon
=== RUN   TestServiceWithPredefinedNetwork
--- PASS: TestServiceWithPredefinedNetwork (2.15s)
    daemon.go:296: [da91144c95837] waiting for daemon to start
    daemon.go:328: [da91144c95837] daemon started
    daemon.go:283: [da91144c95837] exiting daemon
=== RUN   TestServiceRemoveKeepsIngressNetwork
--- PASS: TestServiceRemoveKeepsIngressNetwork (12.14s)
    daemon.go:296: [d5511de0cf7bf] waiting for daemon to start
    daemon.go:328: [d5511de0cf7bf] daemon started
    daemon.go:283: [d5511de0cf7bf] exiting daemon
=== RUN   TestServiceWithDataPathPortInit
--- PASS: TestServiceWithDataPathPortInit (4.27s)
    daemon.go:296: [d629cef7f4932] waiting for daemon to start
    daemon.go:328: [d629cef7f4932] daemon started
    daemon.go:283: [d629cef7f4932] exiting daemon
    daemon.go:296: [d15022a12f451] waiting for daemon to start
    daemon.go:328: [d15022a12f451] daemon started
    daemon.go:283: [d15022a12f451] exiting daemon
=== RUN   TestServiceWithDefaultAddressPoolInit
--- FAIL: TestServiceWithDefaultAddressPoolInit (1.28s)
    daemon.go:296: [d38c8a3f9fff9] waiting for daemon to start
    daemon.go:328: [d38c8a3f9fff9] daemon started
    service_test.go:420: TestServiceWithDefaultAddressPoolInit: NetworkInspect: {Name:saanvisthiraTestServiceWithDefaultAddressPoolInit ID:2e1jfqltui460afgk05cgwr5r Created:2019-01-08 17:19:21.726166875 +0000 UTC Scope:swarm Driver: EnableIPv6:false IPAM:{Driver: Options:map[] Config:[]} Internal:false Attachable:false Ingress:false ConfigFrom:{Network:} ConfigOnly:false Containers:map[] Options:map[] Labels:map[] Peers:[] Services:map[]}
    service_test.go:421: assertion failed: expression is false: len(out.IPAM.Config) > 0
FAIL
---> Making bundle: .integration-daemon-stop (in bundles/test-integration)
/go/src/github.com/docker/docker/hack/make/.integration-daemon-stop: line 10: wait: pid 28965 is not a child of this shell
warning: PID 28965 from bundles/test-integration/d38c8a3f9fff9/docker.pid had a nonzero exit code
Clearing AppArmor profiles cache:.
All profile caches have been cleared, but no profiles have been unloaded.
Unloading profiles will leave already running processes permanently
unconfined, which can lead to unexpected situations.

To set a process to complain mode, use the command line tool
'aa-complain'. To really tear down all profiles, run the init script
with the 'teardown' option."
Removing test suite binaries
Build step 'Execute shell' marked build as failure
Set build name.
New build name is '#38487'
[PostBuildScript] - Executing post build scripts.
[Docker-PRs-experimental] $ /bin/sh -xe /tmp/jenkins7238722977824373083.sh
+ echo Ensuring container killed.
Ensuring container killed.
+ docker rm -vf docker-pr-exp43631
Error: No such container: docker-pr-exp43631
+ true
+ echo Chowning /workspace to jenkins user
Chowning /workspace to jenkins user
+ id -u
+ id -g
+ docker run --rm -v /home/ubuntu/workspace/Docker-PRs-experimental:/workspace busybox chown -R 1000:1000 /workspace
[Docker-PRs-experimental] $ /bin/sh -xe /tmp/jenkins2367582608848157244.sh
+ echo Creating bundles.tar.gz
Creating bundles.tar.gz
+ find bundles -name *.log
+ xargs tar -czf bundles.tar.gz
Archiving artifacts
Notifying endpoint with url 'https://leeroy.dockerproject.org/notification/jenkins'
[WS-CLEANUP] Deleting project workspace...[WS-CLEANUP] done
Finished: FAILURE
