Started by user Gordon
Notifying endpoint with url 'https://leeroy.dockerproject.org/notification/jenkins'
[EnvInject] - Loading node environment variables.
Building remotely on ubuntu-1604-aufs-stable (i-0a2db9449f5f6c094) (docker-edge ubuntu aufs docker-stable docker ubuntu-1604-aufs-edge x86_64 ec2 linux ubuntu-1604-aufs ubuntu-1604 amd64 ubuntu-1604-aufs-stable us-west-2) in workspace /home/ubuntu/workspace/Docker-PRs-experimental
Wiping out workspace first.
Cloning the remote Git repository
Cloning repository https://github.com/moby/moby.git
 > git init /home/ubuntu/workspace/Docker-PRs-experimental # timeout=10
Fetching upstream changes from https://github.com/moby/moby.git
 > git --version # timeout=10
 > git fetch --tags --progress https://github.com/moby/moby.git +refs/heads/*:refs/remotes/origin/*
 > git config remote.origin.url https://github.com/moby/moby.git # timeout=10
 > git config --add remote.origin.fetch +refs/heads/*:refs/remotes/origin/* # timeout=10
 > git config remote.origin.url https://github.com/moby/moby.git # timeout=10
Fetching upstream changes from https://github.com/moby/moby.git
 > git fetch --tags --progress https://github.com/moby/moby.git +refs/heads/*:refs/remotes/origin/*
 > git rev-parse origin/master^{commit} # timeout=10
Checking out Revision 3f7898cfcd537fed9f5df64ae0d11e7a2fa83208 (origin/master)
 > git config core.sparsecheckout # timeout=10
 > git checkout -f 3f7898cfcd537fed9f5df64ae0d11e7a2fa83208
Commit message: "Merge pull request #38451 from thaJeztah/skip_test_info_warnings"
 > git rev-list --no-walk 626022d0f64d3fab10c80523c03613a8b3869cfb # timeout=10
Set build name.
New build name is '#38477'
[Docker-PRs-experimental] $ /bin/bash /tmp/jenkins7404232204012475100.sh
From https://github.com/moby/moby
 * [new ref]         refs/pull/38477/head -> origin/pr/38477
Merge made by the 'recursive' strategy.
 daemon/logger/awslogs/cloudwatchlogs_test.go | 10 ++++------
 1 file changed, 4 insertions(+), 6 deletions(-)
Sending build context to Docker daemon   45.1MB
Step 1/94 : FROM golang:1.11.4 AS base
 ---> 343df9d12b7b
Step 2/94 : ARG APT_MIRROR=deb.debian.org
 ---> Using cache
 ---> 88a2262091cd
Step 3/94 : RUN sed -ri "s/(httpredir|deb).debian.org/$APT_MIRROR/g" /etc/apt/sources.list
 ---> Using cache
 ---> 7dc7c3837e86
Step 4/94 : FROM base AS criu
 ---> 7dc7c3837e86
Step 5/94 : ENV CRIU_VERSION 3.6
 ---> Using cache
 ---> e9da001765cd
Step 6/94 : RUN apt-get update && apt-get install -y 	libnet-dev 	libprotobuf-c0-dev 	libprotobuf-dev 	libnl-3-dev 	libcap-dev 	protobuf-compiler 	protobuf-c-compiler 	python-protobuf 	&& mkdir -p /usr/src/criu 	&& curl -sSL https://github.com/checkpoint-restore/criu/archive/v${CRIU_VERSION}.tar.gz | tar -C /usr/src/criu/ -xz --strip-components=1 	&& cd /usr/src/criu 	&& make 	&& make PREFIX=/build/ install-criu
 ---> Using cache
 ---> 219738f8ce46
Step 7/94 : FROM base AS registry
 ---> 7dc7c3837e86
Step 8/94 : ENV REGISTRY_COMMIT_SCHEMA1 ec87e9b6971d831f0eff752ddb54fb64693e51cd
 ---> Using cache
 ---> 456410339a4c
Step 9/94 : ENV REGISTRY_COMMIT 47a064d4195a9b56133891bbb13620c3ac83a827
 ---> Using cache
 ---> 1586708d0c14
Step 10/94 : RUN set -x 	&& export GOPATH="$(mktemp -d)" 	&& git clone https://github.com/docker/distribution.git "$GOPATH/src/github.com/docker/distribution" 	&& (cd "$GOPATH/src/github.com/docker/distribution" && git checkout -q "$REGISTRY_COMMIT") 	&& GOPATH="$GOPATH/src/github.com/docker/distribution/Godeps/_workspace:$GOPATH" 		go build -buildmode=pie -o /build/registry-v2 github.com/docker/distribution/cmd/registry 	&& case $(dpkg --print-architecture) in 		amd64|ppc64*|s390x) 		(cd "$GOPATH/src/github.com/docker/distribution" && git checkout -q "$REGISTRY_COMMIT_SCHEMA1"); 		GOPATH="$GOPATH/src/github.com/docker/distribution/Godeps/_workspace:$GOPATH"; 			go build -buildmode=pie -o /build/registry-v2-schema1 github.com/docker/distribution/cmd/registry; 		;; 	   esac 	&& rm -rf "$GOPATH"
 ---> Using cache
 ---> f6557b299e42
Step 11/94 : FROM base AS docker-py
 ---> 7dc7c3837e86
Step 12/94 : ENV DOCKER_PY_COMMIT 8b246db271a85d6541dc458838627e89c683e42f
 ---> Using cache
 ---> f190ab92747e
Step 13/94 : RUN git clone https://github.com/docker/docker-py.git /build 	&& cd /build 	&& git checkout -q $DOCKER_PY_COMMIT
 ---> Using cache
 ---> 8dd0f194068b
Step 14/94 : FROM base AS swagger
 ---> 7dc7c3837e86
Step 15/94 : ENV GO_SWAGGER_COMMIT c28258affb0b6251755d92489ef685af8d4ff3eb
 ---> Using cache
 ---> 319caf20cfdf
Step 16/94 : RUN set -x 	&& export GOPATH="$(mktemp -d)" 	&& git clone https://github.com/go-swagger/go-swagger.git "$GOPATH/src/github.com/go-swagger/go-swagger" 	&& (cd "$GOPATH/src/github.com/go-swagger/go-swagger" && git checkout -q "$GO_SWAGGER_COMMIT") 	&& go build -o /build/swagger github.com/go-swagger/go-swagger/cmd/swagger 	&& rm -rf "$GOPATH"
 ---> Using cache
 ---> 5bd421e3429f
Step 17/94 : FROM base AS frozen-images
 ---> 7dc7c3837e86
Step 18/94 : RUN apt-get update && apt-get install -y jq ca-certificates --no-install-recommends
 ---> Using cache
 ---> c8f71a6f2b8b
Step 19/94 : COPY contrib/download-frozen-image-v2.sh /
 ---> Using cache
 ---> 98d694e74542
Step 20/94 : RUN /download-frozen-image-v2.sh /build 	buildpack-deps:jessie@sha256:dd86dced7c9cd2a724e779730f0a53f93b7ef42228d4344b25ce9a42a1486251 	busybox:latest@sha256:bbc3a03235220b170ba48a157dd097dd1379299370e1ed99ce976df0355d24f0 	busybox:glibc@sha256:0b55a30394294ab23b9afd58fab94e61a923f5834fba7ddbae7f8e0c11ba85e6 	debian:jessie@sha256:287a20c5f73087ab406e6b364833e3fb7b3ae63ca0eb3486555dc27ed32c6e60 	hello-world:latest@sha256:be0cd392e45be79ffeffa6b05338b98ebb16c87b255f48e297ec7f98e123905c
 ---> Using cache
 ---> 99c161d9d91c
Step 21/94 : FROM base AS runtime-dev
 ---> 7dc7c3837e86
Step 22/94 : RUN apt-get update && apt-get install -y 	libapparmor-dev 	libseccomp-dev
 ---> Using cache
 ---> 90269685d62a
Step 23/94 : FROM base AS tomlv
 ---> 7dc7c3837e86
Step 24/94 : ENV INSTALL_BINARY_NAME=tomlv
 ---> Using cache
 ---> 76f16f6bd594
Step 25/94 : COPY hack/dockerfile/install/install.sh ./install.sh
 ---> Using cache
 ---> f3f9b9ebb63c
Step 26/94 : COPY hack/dockerfile/install/$INSTALL_BINARY_NAME.installer ./
 ---> Using cache
 ---> 35973a23af5d
Step 27/94 : RUN PREFIX=/build ./install.sh $INSTALL_BINARY_NAME
 ---> Using cache
 ---> e41aa73101af
Step 28/94 : FROM base AS vndr
 ---> 7dc7c3837e86
Step 29/94 : ENV INSTALL_BINARY_NAME=vndr
 ---> Using cache
 ---> 25488d8ad82f
Step 30/94 : COPY hack/dockerfile/install/install.sh ./install.sh
 ---> Using cache
 ---> 87efd713a983
Step 31/94 : COPY hack/dockerfile/install/$INSTALL_BINARY_NAME.installer ./
 ---> Using cache
 ---> df9cdf7a9b3d
Step 32/94 : RUN PREFIX=/build ./install.sh $INSTALL_BINARY_NAME
 ---> Using cache
 ---> 694c17c613a2
Step 33/94 : FROM base AS containerd
 ---> 7dc7c3837e86
Step 34/94 : RUN apt-get update && apt-get install -y btrfs-tools
 ---> Using cache
 ---> cc1234d0d15e
Step 35/94 : ENV INSTALL_BINARY_NAME=containerd
 ---> Using cache
 ---> 2c115799efdd
Step 36/94 : COPY hack/dockerfile/install/install.sh ./install.sh
 ---> Using cache
 ---> 95db09d30936
Step 37/94 : COPY hack/dockerfile/install/$INSTALL_BINARY_NAME.installer ./
 ---> Using cache
 ---> 9e4ad01d14c3
Step 38/94 : RUN PREFIX=/build ./install.sh $INSTALL_BINARY_NAME
 ---> Using cache
 ---> bb8688415198
Step 39/94 : FROM base AS proxy
 ---> 7dc7c3837e86
Step 40/94 : ENV INSTALL_BINARY_NAME=proxy
 ---> Using cache
 ---> 10390c7e7d7d
Step 41/94 : COPY hack/dockerfile/install/install.sh ./install.sh
 ---> Using cache
 ---> dd7c6acd38bf
Step 42/94 : COPY hack/dockerfile/install/$INSTALL_BINARY_NAME.installer ./
 ---> Using cache
 ---> 408cdee50b39
Step 43/94 : RUN PREFIX=/build ./install.sh $INSTALL_BINARY_NAME
 ---> Using cache
 ---> 41d843671645
Step 44/94 : FROM base AS gometalinter
 ---> 7dc7c3837e86
Step 45/94 : ENV INSTALL_BINARY_NAME=gometalinter
 ---> Using cache
 ---> 6ba7560634c7
Step 46/94 : COPY hack/dockerfile/install/install.sh ./install.sh
 ---> Using cache
 ---> df0c46741835
Step 47/94 : COPY hack/dockerfile/install/$INSTALL_BINARY_NAME.installer ./
 ---> Using cache
 ---> 2c62776b04f2
Step 48/94 : RUN PREFIX=/build ./install.sh $INSTALL_BINARY_NAME
 ---> Using cache
 ---> ffc98db71c73
Step 49/94 : FROM base AS dockercli
 ---> 7dc7c3837e86
Step 50/94 : ENV INSTALL_BINARY_NAME=dockercli
 ---> Using cache
 ---> 7807b56ee539
Step 51/94 : COPY hack/dockerfile/install/install.sh ./install.sh
 ---> Using cache
 ---> 7c17a7e5127f
Step 52/94 : COPY hack/dockerfile/install/$INSTALL_BINARY_NAME.installer ./
 ---> Using cache
 ---> 9548c88cac33
Step 53/94 : RUN PREFIX=/build ./install.sh $INSTALL_BINARY_NAME
 ---> Using cache
 ---> de4c3798bd90
Step 54/94 : FROM runtime-dev AS runc
 ---> 90269685d62a
Step 55/94 : ENV INSTALL_BINARY_NAME=runc
 ---> Using cache
 ---> d5447c71361d
Step 56/94 : COPY hack/dockerfile/install/install.sh ./install.sh
 ---> Using cache
 ---> 9283dff7f4bc
Step 57/94 : COPY hack/dockerfile/install/$INSTALL_BINARY_NAME.installer ./
 ---> Using cache
 ---> 1762b415ecb0
Step 58/94 : RUN PREFIX=/build ./install.sh $INSTALL_BINARY_NAME
 ---> Using cache
 ---> ef973600c149
Step 59/94 : FROM base AS tini
 ---> 7dc7c3837e86
Step 60/94 : RUN apt-get update && apt-get install -y cmake vim-common
 ---> Using cache
 ---> 8d45227c2bb4
Step 61/94 : COPY hack/dockerfile/install/install.sh ./install.sh
 ---> Using cache
 ---> 958062cee1a1
Step 62/94 : ENV INSTALL_BINARY_NAME=tini
 ---> Using cache
 ---> 3e243512f1dc
Step 63/94 : COPY hack/dockerfile/install/$INSTALL_BINARY_NAME.installer ./
 ---> Using cache
 ---> 851edfb68770
Step 64/94 : RUN PREFIX=/build ./install.sh $INSTALL_BINARY_NAME
 ---> Using cache
 ---> f0a7083a474f
Step 65/94 : FROM runtime-dev AS dev
 ---> 90269685d62a
Step 66/94 : RUN groupadd -r docker
 ---> Using cache
 ---> dbcf356a398c
Step 67/94 : RUN useradd --create-home --gid docker unprivilegeduser
 ---> Using cache
 ---> f425287e994f
Step 68/94 : RUN ln -sfv /go/src/github.com/docker/docker/.bashrc ~/.bashrc
 ---> Using cache
 ---> 8ad855046244
Step 69/94 : RUN echo "source /usr/share/bash-completion/bash_completion" >> /etc/bash.bashrc
 ---> Using cache
 ---> 85f7d1f7cba9
Step 70/94 : RUN ln -s /usr/local/completion/bash/docker /etc/bash_completion.d/docker
 ---> Using cache
 ---> 784df88076ab
Step 71/94 : RUN ldconfig
 ---> Using cache
 ---> 251a38461278
Step 72/94 : RUN apt-get update && apt-get install -y 	apparmor 	aufs-tools 	bash-completion 	btrfs-tools 	iptables 	jq 	libcap2-bin 	libdevmapper-dev 	libudev-dev 	libsystemd-dev 	binutils-mingw-w64 	g++-mingw-w64-x86-64 	net-tools 	pigz 	python-backports.ssl-match-hostname 	python-dev 	python-mock 	python-pip 	python-requests 	python-setuptools 	python-websocket 	python-wheel 	thin-provisioning-tools 	vim 	vim-common 	xfsprogs 	zip 	bzip2 	xz-utils 	--no-install-recommends
 ---> Using cache
 ---> 942b926e9a76
Step 73/94 : COPY --from=swagger /build/swagger* /usr/local/bin/
 ---> Using cache
 ---> 98c4457a6998
Step 74/94 : COPY --from=frozen-images /build/ /docker-frozen-images
 ---> Using cache
 ---> b0b9db39d3d4
Step 75/94 : COPY --from=gometalinter /build/ /usr/local/bin/
 ---> Using cache
 ---> 6a79828f0b2d
Step 76/94 : COPY --from=tomlv /build/ /usr/local/bin/
 ---> Using cache
 ---> a7f334a3a884
Step 77/94 : COPY --from=vndr /build/ /usr/local/bin/
 ---> Using cache
 ---> 68c479761440
Step 78/94 : COPY --from=tini /build/ /usr/local/bin/
 ---> Using cache
 ---> 2cbb400ec119
Step 79/94 : COPY --from=runc /build/ /usr/local/bin/
 ---> Using cache
 ---> 189d9ca244ec
Step 80/94 : COPY --from=containerd /build/ /usr/local/bin/
 ---> Using cache
 ---> 8cb8c737508b
Step 81/94 : COPY --from=proxy /build/ /usr/local/bin/
 ---> Using cache
 ---> 785277bd4478
Step 82/94 : COPY --from=dockercli /build/ /usr/local/cli
 ---> Using cache
 ---> ff9fd30a0182
Step 83/94 : COPY --from=registry /build/registry* /usr/local/bin/
 ---> Using cache
 ---> 18a0c268def3
Step 84/94 : COPY --from=criu /build/ /usr/local/
 ---> Using cache
 ---> 6a4c1be58750
Step 85/94 : COPY --from=docker-py /build/ /docker-py
 ---> Using cache
 ---> b3d61e95214f
Step 86/94 : RUN cd /docker-py 	&& pip install docker-pycreds==0.2.1 	&& pip install yamllint==1.5.0 	&& pip install -r test-requirements.txt
 ---> Using cache
 ---> 5b378e8415f2
Step 87/94 : ENV PATH=/usr/local/cli:$PATH
 ---> Using cache
 ---> 57279b60bfc1
Step 88/94 : ENV DOCKER_BUILDTAGS apparmor seccomp selinux
 ---> Using cache
 ---> 19ec4be6671f
Step 89/94 : ENV GOMETALINTER_OPTS="--deadline=2m"
 ---> Using cache
 ---> 751b4212402a
Step 90/94 : WORKDIR /go/src/github.com/docker/docker
 ---> Using cache
 ---> 4edb692678d4
Step 91/94 : VOLUME /var/lib/docker
 ---> Using cache
 ---> 7f57513654e1
Step 92/94 : ENTRYPOINT ["hack/dind"]
 ---> Using cache
 ---> 321b75ffce6b
Step 93/94 : FROM dev AS final
 ---> 321b75ffce6b
Step 94/94 : COPY . /go/src/github.com/docker/docker
 ---> 0794c8538573
Successfully built 0794c8538573
Successfully tagged docker:c7de09c-exp

Removing bundles/

---> Making bundle: binary-daemon (in bundles/binary-daemon)
Building: bundles/binary-daemon/dockerd-dev
Created binary: bundles/binary-daemon/dockerd-dev
Copying nested executables into bundles/binary-daemon

---> Making bundle: test-integration (in bundles/test-integration)
Building test suite binary ./integration-cli/test.main
Building test suite binary ./integration/plugin/test.main
Building test suite binary ./integration/plugin/authz/test.main
Building test suite binary ./integration/plugin/logging/test.main
Building test suite binary ./integration/plugin/logging/cmd/test.main
Building test suite binary ./integration/plugin/logging/cmd/close_on_start/test.main
Building test suite binary ./integration/plugin/logging/cmd/dummy/test.main
Building test suite binary ./integration/plugin/common/test.main
Building test suite binary ./integration/plugin/volumes/test.main
Building test suite binary ./integration/plugin/volumes/cmd/test.main
Building test suite binary ./integration/plugin/volumes/cmd/dummy/test.main
Building test suite binary ./integration/plugin/graphdriver/test.main
Building test suite binary ./integration/config/test.main
Building test suite binary ./integration/service/test.main
Building test suite binary ./integration/network/test.main
Building test suite binary ./integration/network/ipvlan/test.main
Building test suite binary ./integration/network/macvlan/test.main
Building test suite binary ./integration/secret/test.main
Building test suite binary ./integration/session/test.main
Building test suite binary ./integration/container/test.main
Building test suite binary ./integration/build/test.main
Building test suite binary ./integration/volume/test.main
Building test suite binary ./integration/system/test.main
Building test suite binary ./integration/image/test.main
---> Making bundle: .integration-daemon-start (in bundles/test-integration)
Using test binary docker
# DOCKER_EXPERIMENTAL is set: starting daemon with experimental features enabled! 
/etc/init.d/apparmor: 130: /etc/init.d/apparmor: systemd-detect-virt: not found
Starting AppArmor profiles:Warning from stdin (line 1): /sbin/apparmor_parser: cannot use or update cache, disable, or force-complain via stdin
Warning failed to create cache: (null)
.
INFO: Waiting for daemon to start...
Starting dockerd
.
---> Making bundle: .integration-daemon-setup (in bundles/test-integration)
---> Making bundle: .ensure-emptyfs (in bundles/test-integration)
Error: No such image: emptyfs
Running integration-test (iteration 1)
Running /go/src/github.com/docker/docker/integration/plugin
testing: warning: no tests to run
PASS
Running /go/src/github.com/docker/docker/integration/plugin/authz
Loaded image: buildpack-deps:jessie
Loaded image: busybox:latest
Loaded image: busybox:glibc
Loaded image: debian:jessie
Loaded image: hello-world:latest
INFO: Testing against a local daemon
=== RUN   TestAuthZPluginAllowRequest
--- PASS: TestAuthZPluginAllowRequest (4.03s)
    daemon.go:296: [d8f67e7fea278] waiting for daemon to start
    daemon.go:328: [d8f67e7fea278] daemon started
    daemon.go:283: [d8f67e7fea278] exiting daemon
=== RUN   TestAuthZPluginTLS
--- PASS: TestAuthZPluginTLS (0.53s)
    daemon.go:296: [d388779aa87fa] waiting for daemon to start
    daemon.go:328: [d388779aa87fa] daemon started
    daemon.go:283: [d388779aa87fa] exiting daemon
=== RUN   TestAuthZPluginDenyRequest
--- PASS: TestAuthZPluginDenyRequest (0.52s)
    daemon.go:296: [dcab59a24f8d1] waiting for daemon to start
    daemon.go:328: [dcab59a24f8d1] daemon started
    daemon.go:283: [dcab59a24f8d1] exiting daemon
=== RUN   TestAuthZPluginAPIDenyResponse
--- PASS: TestAuthZPluginAPIDenyResponse (0.52s)
    daemon.go:296: [d5270a9c694e0] waiting for daemon to start
    daemon.go:328: [d5270a9c694e0] daemon started
    daemon.go:283: [d5270a9c694e0] exiting daemon
=== RUN   TestAuthZPluginDenyResponse
--- PASS: TestAuthZPluginDenyResponse (0.52s)
    daemon.go:296: [d04f730da1ad0] waiting for daemon to start
    daemon.go:328: [d04f730da1ad0] daemon started
    daemon.go:283: [d04f730da1ad0] exiting daemon
=== RUN   TestAuthZPluginAllowEventStream
--- PASS: TestAuthZPluginAllowEventStream (1.24s)
    daemon.go:296: [df97ded9c4531] waiting for daemon to start
    daemon.go:328: [df97ded9c4531] daemon started
    daemon.go:283: [df97ded9c4531] exiting daemon
=== RUN   TestAuthZPluginErrorResponse
--- PASS: TestAuthZPluginErrorResponse (0.52s)
    daemon.go:296: [d19a69bc4dc13] waiting for daemon to start
    daemon.go:328: [d19a69bc4dc13] daemon started
    daemon.go:283: [d19a69bc4dc13] exiting daemon
=== RUN   TestAuthZPluginErrorRequest
--- PASS: TestAuthZPluginErrorRequest (0.52s)
    daemon.go:296: [d14a4adc45b43] waiting for daemon to start
    daemon.go:328: [d14a4adc45b43] daemon started
    daemon.go:283: [d14a4adc45b43] exiting daemon
=== RUN   TestAuthZPluginEnsureNoDuplicatePluginRegistration
--- PASS: TestAuthZPluginEnsureNoDuplicatePluginRegistration (1.38s)
    daemon.go:296: [db260e0c9abca] waiting for daemon to start
    daemon.go:328: [db260e0c9abca] daemon started
    daemon.go:283: [db260e0c9abca] exiting daemon
=== RUN   TestAuthZPluginEnsureLoadImportWorking
--- PASS: TestAuthZPluginEnsureLoadImportWorking (9.14s)
    daemon.go:296: [df41d742346da] waiting for daemon to start
    daemon.go:328: [df41d742346da] daemon started
    daemon.go:283: [df41d742346da] exiting daemon
=== RUN   TestAuthzPluginEnsureContainerCopyToFrom
--- PASS: TestAuthzPluginEnsureContainerCopyToFrom (1.67s)
    daemon.go:296: [d33fa11ad47eb] waiting for daemon to start
    daemon.go:328: [d33fa11ad47eb] daemon started
    daemon.go:283: [d33fa11ad47eb] exiting daemon
=== RUN   TestAuthZPluginHeader
--- PASS: TestAuthZPluginHeader (0.72s)
    daemon.go:296: [da08f2e681af2] waiting for daemon to start
    daemon.go:328: [da08f2e681af2] daemon started
    daemon.go:283: [da08f2e681af2] exiting daemon
=== RUN   TestAuthZPluginV2AllowNonVolumeRequest
--- PASS: TestAuthZPluginV2AllowNonVolumeRequest (6.59s)
    daemon.go:296: [db8754cb7dbd7] waiting for daemon to start
    daemon.go:328: [db8754cb7dbd7] daemon started
    daemon.go:283: [db8754cb7dbd7] exiting daemon
    daemon.go:296: [db8754cb7dbd7] waiting for daemon to start
    daemon.go:328: [db8754cb7dbd7] daemon started
    daemon.go:283: [db8754cb7dbd7] exiting daemon
=== RUN   TestAuthZPluginV2Disable
--- PASS: TestAuthZPluginV2Disable (5.85s)
    daemon.go:296: [df80e1619fbf8] waiting for daemon to start
    daemon.go:328: [df80e1619fbf8] daemon started
    daemon.go:283: [df80e1619fbf8] exiting daemon
    daemon.go:296: [df80e1619fbf8] waiting for daemon to start
    daemon.go:328: [df80e1619fbf8] daemon started
    daemon.go:283: [df80e1619fbf8] exiting daemon
=== RUN   TestAuthZPluginV2RejectVolumeRequests
--- PASS: TestAuthZPluginV2RejectVolumeRequests (5.68s)
    daemon.go:296: [dfa0b2ec7b0e8] waiting for daemon to start
    daemon.go:328: [dfa0b2ec7b0e8] daemon started
    daemon.go:283: [dfa0b2ec7b0e8] exiting daemon
    daemon.go:296: [dfa0b2ec7b0e8] waiting for daemon to start
    daemon.go:328: [dfa0b2ec7b0e8] daemon started
    daemon.go:283: [dfa0b2ec7b0e8] exiting daemon
=== RUN   TestAuthZPluginV2BadManifestFailsDaemonStart
--- PASS: TestAuthZPluginV2BadManifestFailsDaemonStart (14.31s)
    daemon.go:296: [d358e9bda0885] waiting for daemon to start
    daemon.go:328: [d358e9bda0885] daemon started
    daemon.go:283: [d358e9bda0885] exiting daemon
    daemon.go:296: [d358e9bda0885] waiting for daemon to start
    daemon.go:296: [d358e9bda0885] waiting for daemon to start
    daemon.go:283: [d358e9bda0885] exiting daemon
    daemon.go:296: [d358e9bda0885] waiting for daemon to start
    daemon.go:328: [d358e9bda0885] daemon started
    daemon.go:283: [d358e9bda0885] exiting daemon
=== RUN   TestAuthZPluginV2NonexistentFailsDaemonStart
--- PASS: TestAuthZPluginV2NonexistentFailsDaemonStart (16.52s)
    daemon.go:296: [d4952aed83dfe] waiting for daemon to start
    daemon.go:328: [d4952aed83dfe] daemon started
    daemon.go:283: [d4952aed83dfe] exiting daemon
    daemon.go:296: [d4952aed83dfe] waiting for daemon to start
    daemon.go:296: [d4952aed83dfe] waiting for daemon to start
    daemon.go:296: [d4952aed83dfe] waiting for daemon to start
    daemon.go:328: [d4952aed83dfe] daemon started
    daemon.go:283: [d4952aed83dfe] exiting daemon
PASS
Running /go/src/github.com/docker/docker/integration/plugin/logging
INFO: Testing against a local daemon
=== RUN   TestContinueAfterPluginCrash
=== PAUSE TestContinueAfterPluginCrash
=== RUN   TestDaemonStartWithLogOpt
=== PAUSE TestDaemonStartWithLogOpt
=== CONT  TestContinueAfterPluginCrash
=== CONT  TestDaemonStartWithLogOpt
--- PASS: TestDaemonStartWithLogOpt (12.10s)
    daemon.go:296: [d96d57c5793ce] waiting for daemon to start
    daemon.go:328: [d96d57c5793ce] daemon started
    daemon.go:283: [d96d57c5793ce] exiting daemon
    daemon.go:296: [d96d57c5793ce] waiting for daemon to start
    daemon.go:328: [d96d57c5793ce] daemon started
    daemon.go:283: [d96d57c5793ce] exiting daemon
--- PASS: TestContinueAfterPluginCrash (17.68s)
    daemon.go:296: [d524c482a0107] waiting for daemon to start
    daemon.go:328: [d524c482a0107] daemon started
    daemon.go:283: [d524c482a0107] exiting daemon
PASS
Running /go/src/github.com/docker/docker/integration/plugin/logging/cmd
testing: warning: no tests to run
PASS
Running /go/src/github.com/docker/docker/integration/plugin/logging/cmd/close_on_start
testing: warning: no tests to run
PASS
Running /go/src/github.com/docker/docker/integration/plugin/logging/cmd/dummy
testing: warning: no tests to run
PASS
Running /go/src/github.com/docker/docker/integration/plugin/common
INFO: Testing against a local daemon
=== RUN   TestPluginInvalidJSON
=== RUN   TestPluginInvalidJSON//plugins/foobar/set
=== PAUSE TestPluginInvalidJSON//plugins/foobar/set
=== CONT  TestPluginInvalidJSON//plugins/foobar/set
--- PASS: TestPluginInvalidJSON (0.01s)
    --- PASS: TestPluginInvalidJSON//plugins/foobar/set (0.00s)
PASS
Running /go/src/github.com/docker/docker/integration/plugin/volumes
INFO: Testing against a local daemon
=== RUN   TestPluginWithDevMounts
=== PAUSE TestPluginWithDevMounts
=== CONT  TestPluginWithDevMounts
--- PASS: TestPluginWithDevMounts (1.75s)
    daemon.go:296: [df3aac821827b] waiting for daemon to start
    daemon.go:328: [df3aac821827b] daemon started
    daemon.go:283: [df3aac821827b] exiting daemon
PASS
Running /go/src/github.com/docker/docker/integration/plugin/volumes/cmd
testing: warning: no tests to run
PASS
Running /go/src/github.com/docker/docker/integration/plugin/volumes/cmd/dummy
testing: warning: no tests to run
PASS
Running /go/src/github.com/docker/docker/integration/plugin/graphdriver
INFO: Testing against a local daemon
=== RUN   TestExternalGraphDriver
=== RUN   TestExternalGraphDriver/json
=== RUN   TestExternalGraphDriver/spec
=== RUN   TestExternalGraphDriver/pull
--- PASS: TestExternalGraphDriver (7.13s)
    daemon.go:296: [d46008983323e] waiting for daemon to start
    daemon.go:328: [d46008983323e] daemon started
    daemon.go:283: [d46008983323e] exiting daemon
    daemon.go:296: [d46008983323e] waiting for daemon to start
    daemon.go:328: [d46008983323e] daemon started
    daemon.go:283: [d46008983323e] exiting daemon
    --- PASS: TestExternalGraphDriver/json (1.73s)
    daemon.go:296: [d46008983323e] waiting for daemon to start
    daemon.go:328: [d46008983323e] daemon started
    daemon.go:283: [d46008983323e] exiting daemon
    daemon.go:296: [d46008983323e] waiting for daemon to start
    daemon.go:328: [d46008983323e] daemon started
    daemon.go:283: [d46008983323e] exiting daemon
    --- PASS: TestExternalGraphDriver/spec (1.74s)
    daemon.go:296: [d46008983323e] waiting for daemon to start
    daemon.go:328: [d46008983323e] daemon started
    daemon.go:283: [d46008983323e] exiting daemon
    --- PASS: TestExternalGraphDriver/pull (3.17s)
=== RUN   TestGraphdriverPluginV2
--- SKIP: TestGraphdriverPluginV2 (0.35s)
    external_test.go:411: !requirement.Overlay2Supported(testEnv.DaemonInfo.KernelVersion)
PASS
Running /go/src/github.com/docker/docker/integration/config
INFO: Testing against a local daemon
=== RUN   TestConfigList
--- PASS: TestConfigList (2.09s)
    daemon.go:296: [dbb9f7c174d6a] waiting for daemon to start
    daemon.go:328: [dbb9f7c174d6a] daemon started
    daemon.go:283: [dbb9f7c174d6a] exiting daemon
=== RUN   TestConfigsCreateAndDelete
--- PASS: TestConfigsCreateAndDelete (1.95s)
    daemon.go:296: [de0aa66da8bc3] waiting for daemon to start
    daemon.go:328: [de0aa66da8bc3] daemon started
    daemon.go:283: [de0aa66da8bc3] exiting daemon
=== RUN   TestConfigsUpdate
--- PASS: TestConfigsUpdate (2.01s)
    daemon.go:296: [ddcb24894dc38] waiting for daemon to start
    daemon.go:328: [ddcb24894dc38] daemon started
    daemon.go:283: [ddcb24894dc38] exiting daemon
=== RUN   TestTemplatedConfig
--- PASS: TestTemplatedConfig (2.56s)
    daemon.go:296: [dadf8326f5314] waiting for daemon to start
    daemon.go:328: [dadf8326f5314] daemon started
    daemon.go:283: [dadf8326f5314] exiting daemon
=== RUN   TestConfigInspect
--- PASS: TestConfigInspect (2.03s)
    daemon.go:296: [d2e7846b254b6] waiting for daemon to start
    daemon.go:328: [d2e7846b254b6] daemon started
    daemon.go:283: [d2e7846b254b6] exiting daemon
=== RUN   TestConfigCreateWithLabels
--- PASS: TestConfigCreateWithLabels (2.18s)
    daemon.go:296: [d03168a848b1b] waiting for daemon to start
    daemon.go:328: [d03168a848b1b] daemon started
    daemon.go:283: [d03168a848b1b] exiting daemon
=== RUN   TestConfigCreateResolve
--- PASS: TestConfigCreateResolve (2.04s)
    daemon.go:296: [db6c351d13f76] waiting for daemon to start
    daemon.go:328: [db6c351d13f76] daemon started
    daemon.go:283: [db6c351d13f76] exiting daemon
PASS
Running /go/src/github.com/docker/docker/integration/service
INFO: Testing against a local daemon
=== RUN   TestServiceCreateInit
=== RUN   TestServiceCreateInit/daemonInitDisabled
=== RUN   TestServiceCreateInit/daemonInitEnabled
--- PASS: TestServiceCreateInit (7.83s)
    --- PASS: TestServiceCreateInit/daemonInitDisabled (3.90s)
        daemon.go:296: [d99b0712db54f] waiting for daemon to start
        daemon.go:328: [d99b0712db54f] daemon started
        daemon.go:283: [d99b0712db54f] exiting daemon
    --- PASS: TestServiceCreateInit/daemonInitEnabled (3.92s)
        daemon.go:296: [d7d60221cbbfb] waiting for daemon to start
        daemon.go:328: [d7d60221cbbfb] daemon started
        daemon.go:283: [d7d60221cbbfb] exiting daemon
=== RUN   TestCreateServiceMultipleTimes
--- PASS: TestCreateServiceMultipleTimes (22.96s)
    daemon.go:296: [d4b718eb6d474] waiting for daemon to start
    daemon.go:328: [d4b718eb6d474] daemon started
    daemon.go:283: [d4b718eb6d474] exiting daemon
=== RUN   TestCreateServiceConflict
--- PASS: TestCreateServiceConflict (2.01s)
    daemon.go:296: [de75d16d701f2] waiting for daemon to start
    daemon.go:328: [de75d16d701f2] daemon started
    daemon.go:283: [de75d16d701f2] exiting daemon
=== RUN   TestCreateServiceMaxReplicas
--- PASS: TestCreateServiceMaxReplicas (2.70s)
    daemon.go:296: [d9f146217e32d] waiting for daemon to start
    daemon.go:328: [d9f146217e32d] daemon started
    daemon.go:283: [d9f146217e32d] exiting daemon
=== RUN   TestCreateWithDuplicateNetworkNames
--- PASS: TestCreateWithDuplicateNetworkNames (12.81s)
    daemon.go:296: [da9a4f4364858] waiting for daemon to start
    daemon.go:328: [da9a4f4364858] daemon started
    daemon.go:283: [da9a4f4364858] exiting daemon
=== RUN   TestCreateServiceSecretFileMode
--- PASS: TestCreateServiceSecretFileMode (2.57s)
    daemon.go:296: [de7f62816a693] waiting for daemon to start
    daemon.go:328: [de7f62816a693] daemon started
    daemon.go:283: [de7f62816a693] exiting daemon
=== RUN   TestCreateServiceConfigFileMode
--- PASS: TestCreateServiceConfigFileMode (2.56s)
    daemon.go:296: [d96e49b1d6a7d] waiting for daemon to start
    daemon.go:328: [d96e49b1d6a7d] daemon started
    daemon.go:283: [d96e49b1d6a7d] exiting daemon
=== RUN   TestCreateServiceSysctls
--- PASS: TestCreateServiceSysctls (3.20s)
    daemon.go:296: [d964bb398629f] waiting for daemon to start
    daemon.go:328: [d964bb398629f] daemon started
    daemon.go:283: [d964bb398629f] exiting daemon
=== RUN   TestInspect
--- PASS: TestInspect (2.02s)
    daemon.go:296: [da835270a1521] waiting for daemon to start
    daemon.go:328: [da835270a1521] daemon started
    daemon.go:283: [da835270a1521] exiting daemon
=== RUN   TestDockerNetworkConnectAlias
--- PASS: TestDockerNetworkConnectAlias (3.97s)
    daemon.go:296: [d485b14c24fdc] waiting for daemon to start
    daemon.go:328: [d485b14c24fdc] daemon started
    daemon.go:283: [d485b14c24fdc] exiting daemon
=== RUN   TestServicePlugin
--- PASS: TestServicePlugin (35.19s)
    daemon.go:296: [d66c457664888] waiting for daemon to start
    daemon.go:328: [d66c457664888] daemon started
    daemon.go:283: [d66c457664888] exiting daemon
    daemon.go:296: [d1fb5577d646d] waiting for daemon to start
    daemon.go:328: [d1fb5577d646d] daemon started
    daemon.go:296: [db223c7f492d4] waiting for daemon to start
    daemon.go:328: [db223c7f492d4] daemon started
    daemon.go:296: [d6adef2f29a5f] waiting for daemon to start
    daemon.go:328: [d6adef2f29a5f] daemon started
    daemon.go:283: [d6adef2f29a5f] exiting daemon
    daemon.go:283: [db223c7f492d4] exiting daemon
    daemon.go:283: [d1fb5577d646d] exiting daemon
=== RUN   TestServiceUpdateLabel
--- PASS: TestServiceUpdateLabel (2.12s)
    daemon.go:296: [d47cc81f6a164] waiting for daemon to start
    daemon.go:328: [d47cc81f6a164] daemon started
    daemon.go:283: [d47cc81f6a164] exiting daemon
=== RUN   TestServiceUpdateSecrets
--- FAIL: TestServiceUpdateSecrets (2.00s)
    daemon.go:296: [d3b9b4a902c46] waiting for daemon to start
    daemon.go:328: [d3b9b4a902c46] daemon started
    update_test.go:126: assertion failed: error is not nil: Error response from daemon: rpc error: code = Unknown desc = update out of sequence
    daemon.go:283: [d3b9b4a902c46] exiting daemon
=== RUN   TestServiceUpdateConfigs
--- PASS: TestServiceUpdateConfigs (2.04s)
    daemon.go:296: [da9b0686044a9] waiting for daemon to start
    daemon.go:328: [da9b0686044a9] daemon started
    daemon.go:283: [da9b0686044a9] exiting daemon
FAIL
---> Making bundle: .integration-daemon-stop (in bundles/test-integration)
Clearing AppArmor profiles cache:.
All profile caches have been cleared, but no profiles have been unloaded.
Unloading profiles will leave already running processes permanently
unconfined, which can lead to unexpected situations.

To set a process to complain mode, use the command line tool
'aa-complain'. To really tear down all profiles, run the init script
with the 'teardown' option."
Removing test suite binaries
Build step 'Execute shell' marked build as failure
Set build name.
New build name is '#38477'
[PostBuildScript] - Executing post build scripts.
[Docker-PRs-experimental] $ /bin/sh -xe /tmp/jenkins3061551849127040334.sh
+ echo Ensuring container killed.
Ensuring container killed.
+ docker rm -vf docker-pr-exp43532
Error: No such container: docker-pr-exp43532
+ true
+ echo Chowning /workspace to jenkins user
Chowning /workspace to jenkins user
+ id -u
+ id -g
+ docker run --rm -v /home/ubuntu/workspace/Docker-PRs-experimental:/workspace busybox chown -R 1000:1000 /workspace
Unable to find image 'busybox:latest' locally
latest: Pulling from library/busybox
57c14dd66db0: Pulling fs layer
57c14dd66db0: Verifying Checksum
57c14dd66db0: Download complete
57c14dd66db0: Pull complete
Digest: sha256:7964ad52e396a6e045c39b5a44438424ac52e12e4d5a25d94895f2058cb863a0
Status: Downloaded newer image for busybox:latest
[Docker-PRs-experimental] $ /bin/sh -xe /tmp/jenkins5909956315679125268.sh
+ echo Creating bundles.tar.gz
Creating bundles.tar.gz
+ + xargs tar -czf bundles.tar.gz
find bundles -name *.log
Archiving artifacts
Notifying endpoint with url 'https://leeroy.dockerproject.org/notification/jenkins'
[WS-CLEANUP] Deleting project workspace...[WS-CLEANUP] done
Finished: FAILURE
