Started by user Gordon
Notifying endpoint with url 'https://leeroy.dockerproject.org/notification/jenkins'
[EnvInject] - Loading node environment variables.
Building remotely on azure-windows-rs5-1 (windows-rs5) in workspace /gopath/src/github.com/docker/docker
Wiping out workspace first.
Cloning the remote Git repository
Cloning repository https://github.com/moby/moby.git
 > git init C:\gopath\src\github.com\docker\docker # timeout=10
Fetching upstream changes from https://github.com/moby/moby.git
 > git --version # timeout=10
 > git fetch --tags --progress https://github.com/moby/moby.git +refs/heads/*:refs/remotes/origin/*
 > git config remote.origin.url https://github.com/moby/moby.git # timeout=10
 > git config --add remote.origin.fetch +refs/heads/*:refs/remotes/origin/* # timeout=10
 > git config remote.origin.url https://github.com/moby/moby.git # timeout=10
Fetching upstream changes from https://github.com/moby/moby.git
 > git fetch --tags --progress https://github.com/moby/moby.git +refs/heads/*:refs/remotes/origin/*
 > git rev-parse "origin/master^{commit}" # timeout=10
Checking out Revision f76d6a078d881f410c00e8d900dcdfc2e026c841 (origin/master)
 > git config core.sparsecheckout # timeout=10
 > git checkout -f f76d6a078d881f410c00e8d900dcdfc2e026c841
Commit message: "Merge pull request #38370 from farnasirim/36413-bind-dir-skip-copy"
 > git rev-list --no-walk f76d6a078d881f410c00e8d900dcdfc2e026c841 # timeout=10
Set build name.
New build name is '#38432'
[docker] $ sh -xe C:\Users\jenkins\jenkins8628095281618328869.sh
+ git fetch origin +refs/pull/38432/head:refs/remotes/origin/pr/38432
From https://github.com/moby/moby
 * [new ref]               refs/pull/38432/head -> origin/pr/38432
+ git merge origin/pr/38432
Merge made by the 'recursive' strategy.
 hack/ci/windows.ps1                                |   7 +-
 integration-cli/check_test.go                      |   3 +-
 integration-cli/docker_api_swarm_node_test.go      |   2 -
 integration-cli/docker_api_swarm_service_test.go   |  79 ---------
 .../docker_api_swarm_service_unix_test.go          |  90 ++++++++++
 integration-cli/docker_api_swarm_test.go           |   2 -
 integration-cli/docker_cli_swarm_test.go           | 196 ---------------------
 integration-cli/docker_cli_swarm_unix_test.go      | 195 ++++++++++++++++++++
 internal/test/daemon/daemon.go                     |   7 +-
 internal/test/daemon/daemon_unix.go                |   6 +
 internal/test/daemon/daemon_windows.go             |   6 +
 internal/test/daemon/swarm.go                      |   4 -
 internal/test/daemon/swarm_unix.go                 |   7 +
 internal/test/daemon/swarm_windows.go              |   7 +
 14 files changed, 317 insertions(+), 294 deletions(-)
 create mode 100644 integration-cli/docker_api_swarm_service_unix_test.go
 create mode 100644 internal/test/daemon/swarm_unix.go
 create mode 100644 internal/test/daemon/swarm_windows.go
[docker] $ powershell.exe -NonInteractive -ExecutionPolicy ByPass "& 'C:\Users\jenkins\jenkins4645518967696771407.ps1'"

INFO: executeCI.ps1 starting at Mon Dec 31 14:12:52 CUT 2018

INFO: Script version 28-Aug-2018 09:33 PDT
INFO: Running git version 2.18.0.windows.1
INFO: Branch:rs5_release Build:17763.1.180914-1434
INFO: Environment variables:

Name                           Value                                                                                   
----                           -----                                                                                   
_                              /cygdrive/c/ProgramData/Oracle/Java/javapath/java                                       
ALLUSERSPROFILE                C:\ProgramData                                                                          
APPDATA                        C:\Users\jenkins\AppData\Roaming                                                        
BASE_BRANCH                    master                                                                                  
BUILD_CAUSE                    MANUALTRIGGER                                                                           
BUILD_CAUSE_MANUALTRIGGER      true                                                                                    
BUILD_DISPLAY_NAME             #38432                                                                                  
BUILD_ID                       917                                                                                     
BUILD_NUMBER                   917                                                                                     
BUILD_TAG                      jenkins-Docker-PRs-WoW-RS5-Process-917                                                  
BUILD_URL                      https://jenkins.dockerproject.org/job/Docker-PRs-WoW-RS5-Process/917/                   
CommonProgramFiles             C:\Program Files\Common Files                                                           
CommonProgramFiles(x86)        C:\Program Files (x86)\Common Files                                                     
CommonProgramW6432             C:\Program Files\Common Files                                                           
COMPUTERNAME                   jenkins-rs5-1                                                                           
COMSPEC                        C:\Windows\system32\cmd.exe                                                             
ConfigSet                      rs                                                                                      
CYGWIN                         binmode ntsec                                                                           
DriverData                     C:\Windows\System32\Drivers\DriverData                                                  
EXECUTOR_NUMBER                0                                                                                       
GIT_AUTHOR_EMAIL               janky@dockerproject.org                                                                 
GIT_AUTHOR_NAME                Docker Jenkins                                                                          
GIT_BASE_REPO                  moby/moby                                                                               
GIT_BRANCH                     origin/master                                                                           
GIT_COMMIT                     f76d6a078d881f410c00e8d900dcdfc2e026c841                                                
GIT_COMMITTER_EMAIL            janky@dockerproject.org                                                                 
GIT_COMMITTER_NAME             Docker Jenkins                                                                          
GIT_HEAD_REPO                  olljanat/moby                                                                           
GIT_PREVIOUS_COMMIT            f76d6a078d881f410c00e8d900dcdfc2e026c841                                                
GIT_PREVIOUS_SUCCESSFUL_COMMIT f76d6a078d881f410c00e8d900dcdfc2e026c841                                                
GIT_SHA1                       8b607d7dee7a51f372ca0484d1da0b489f328279                                                
GIT_URL                        https://github.com/moby/moby.git                                                        
GITHUB_URL                     https://github.com/moby/moby/pull/38432                                                 
HOME                           C:\cygwin\home\jenkins                                                                  
HOMEDRIVE                      C:                                                                                      
HOMEPATH                       \cygwin\home\jenkins                                                                    
HUDSON_COOKIE                  c3a11e03-ae30-41f2-8771-5625ba2370d6                                                    
HUDSON_HOME                    /var/jenkins_home                                                                       
HUDSON_SERVER_COOKIE           5654907fc74b1465                                                                        
HUDSON_URL                     https://jenkins.dockerproject.org/                                                      
INTEGRATION_TEST_NAME          DockerSwarmSuite                                                                        
JENKINS_HOME                   /var/jenkins_home                                                                       
JENKINS_SERVER_COOKIE          5654907fc74b1465                                                                        
JENKINS_URL                    https://jenkins.dockerproject.org/                                                      
JOB_BASE_NAME                  Docker-PRs-WoW-RS5-Process                                                              
JOB_DISPLAY_URL                https://jenkins.dockerproject.org/job/Docker-PRs-WoW-RS5-Process/display/redirect       
JOB_NAME                       Docker-PRs-WoW-RS5-Process                                                              
JOB_URL                        https://jenkins.dockerproject.org/job/Docker-PRs-WoW-RS5-Process/                       
LOCALAPPDATA                   C:\Users\jenkins\AppData\Local                                                          
LOGNAME                        jenkins                                                                                 
LOGONSERVER                    \\jenkins-rs5-1                                                                         
MAIL                           /var/spool/mail//jenkins                                                                
NODE_LABELS                    azure-windows-rs5-1 windows-rs5                                                         
NODE_NAME                      azure-windows-rs5-1                                                                     
NUMBER_OF_PROCESSORS           4                                                                                       
OLDPWD                         /home/jenkins                                                                           
OS                             Windows_NT                                                                              
PATH                           C:\cygwin\bin;C:\ProgramData\Oracle\Java\javapath;C:\pstools;C:\Program Files\Notepad...
PATHEXT                        .COM;.EXE;.BAT;.CMD;.VBS;.VBE;.JS;.JSE;.WSF;.WSH;.MSC;.CPL                              
PR                             38432                                                                                   
PROCESSOR_ARCHITECTURE         AMD64                                                                                   
PROCESSOR_IDENTIFIER           Intel64 Family 6 Model 79 Stepping 1, GenuineIntel                                      
PROCESSOR_LEVEL                6                                                                                       
PROCESSOR_REVISION             4f01                                                                                    
ProgramData                    C:\ProgramData                                                                          
PROGRAMFILES                   C:\Program Files                                                                        
ProgramFiles(x86)              C:\Program Files (x86)                                                                  
ProgramW6432                   C:\Program Files                                                                        
PSExecutionPolicyPreference    Bypass                                                                                  
PSModulePath                   C:\Users\jenkins\Documents\WindowsPowerShell\Modules;C:\Program Files\WindowsPowerShe...
PUBLIC                         C:\Users\Public                                                                         
PWD                            /cygdrive/c/workspace                                                                   
ROOT_BUILD_CAUSE               MANUALTRIGGER                                                                           
ROOT_BUILD_CAUSE_MANUALTRIGGER true                                                                                    
RUN_CHANGES_DISPLAY_URL        https://jenkins.dockerproject.org/job/Docker-PRs-WoW-RS5-Process/917/display/redirect...
RUN_DISPLAY_URL                https://jenkins.dockerproject.org/job/Docker-PRs-WoW-RS5-Process/917/display/redirect   
SHELL                          /bin/bash                                                                               
SHLVL                          1                                                                                       
SKIP_UNIT_TESTS                yes                                                                                     
SKIP_VALIDATION_TESTS          yes                                                                                     
SOURCES_DRIVE                  c                                                                                       
SOURCES_SUBDIR                 gopath                                                                                  
SSH_CLIENT                     52.88.204.51 10333 22                                                                   
SSH_CONNECTION                 52.88.204.51 10333 10.0.0.19 22                                                         
SYSTEMDRIVE                    C:                                                                                      
SYSTEMROOT                     C:\Windows                                                                              
TEMP                           d:\temp                                                                                 
TESTRUN_DRIVE                  d                                                                                       
TESTRUN_SUBDIR                 CI                                                                                      
USER                           jenkins                                                                                 
USERDOMAIN                     jenkins-rs5-1                                                                           
USERNAME                       jenkins                                                                                 
USERPROFILE                    C:\Users\jenkins                                                                        
WINDIR                         C:\Windows                                                                              
WORKSPACE                      /gopath/src/github.com/docker/docker                                                    



INFO: PR#38432 (https://github.com/docker/docker/pull/38432)
INFO: Sources under c:\gopath\...
INFO: Test run under d:\CI\...
INFO: Running in C:\gopath\src\github.com\docker\docker
INFO: docker/docker repository was found
INFO: Image microsoft/windowsservercore:latest is already loaded in the control daemon
INFO: Version of microsoft/windowsservercore:latest is '10.0.17763.1'
INFO: Docker version of control daemon

Client:
 Version:           master-dockerproject-2018-09-18
 API version:       1.39
 Go version:        go1.10.4
 Git commit:        b4180e87
 Built:             Tue Sep 18 23:49:29 2018
 OS/Arch:           windows/amd64
 Experimental:      false

Server:
 Engine:
  Version:          master-dockerproject-2018-09-18
  API version:      1.39 (minimum version 1.24)
  Go version:       go1.11
  Git commit:       d6a7c22
  Built:            Tue Sep 18 23:58:14 2018
  OS/Arch:          windows/amd64
  Experimental:     false

INFO: Docker info of control daemon

Containers: 0
 Running: 0
 Paused: 0
 Stopped: 0
Images: 55
Server Version: master-dockerproject-2018-09-18
Storage Driver: windowsfilter
 Windows: 
Logging Driver: json-file
Plugins:
 Volume: local
 Network: ics l2bridge l2tunnel nat null overlay transparent
 Log: awslogs etwlogs fluentd gcplogs gelf json-file local logentries splunk syslog
Swarm: inactive
Default Isolation: process
Kernel Version: 10.0 17763 (17763.1.amd64fre.rs5_release.180914-1434)
Operating System: Windows Server 2019 Datacenter Version 1809 (OS Build 17763.1)
OSType: windows
Architecture: x86_64
CPUs: 4
Total Memory: 16GiB
Name: jenkins-rs5-1
ID: QKEY:7HYX:LBB6:2Q4I:GGFQ:KOP2:MNA6:T5K5:N5EH:4Y4H:VOB4:KDPM
Docker Root Dir: D:\control
Debug Mode (client): false
Debug Mode (server): false
Registry: https://index.docker.io/v1/
Labels:
Experimental: false
Insecure Registries:
 127.0.0.0/8
Live Restore Enabled: false


INFO: Commit hash is 164a6a2704
INFO: Nuke-Everything...
INFO: Container count on control daemon to delete is 0
INFO: Non-base image count on control daemon to delete is 42
INFO: Nuking d:\CI
ERROR:  hcsshim::DestroyLayer - Win32 API call returned error r1=0x80070020 err=The process cannot access the file because it is being used by another process.id=CI flavour=0
INFO: Location for testing is d:\CI\CI-164a6a2704
INFO: Validating GOLang consistency in Dockerfile.windows...


INFO: Building the image from Dockerfile.windows at 12/31/2018 14:12:56...

Sending build context to Docker daemon  46.38MB

Step 1/7 : FROM microsoft/windowsservercore
 ---> e523d49b4b94
Step 2/7 : SHELL ["powershell", "-Command", "$ErrorActionPreference = 'Stop'; $ProgressPreference = 'SilentlyContinue';"]
 ---> Using cache
 ---> 9801fd69b32c
Step 3/7 : ENV GO_VERSION=1.11.4     GIT_VERSION=2.11.1     GOPATH=C:\go     FROM_DOCKERFILE=1
 ---> Using cache
 ---> 92dd16c08469
Step 4/7 : RUN   Function Test-Nano() {     $EditionId = (Get-ItemProperty -Path 'HKLM:\SOFTWARE\Microsoft\Windows NT\CurrentVersion' -Name 'EditionID').EditionId;     return (($EditionId -eq 'ServerStandardNano') -or ($EditionId -eq 'ServerDataCenterNano') -or ($EditionId -eq 'NanoServer'));   }    Function Download-File([string] $source, [string] $target) {     if (Test-Nano) {       $handler = New-Object System.Net.Http.HttpClientHandler;       $client = New-Object System.Net.Http.HttpClient($handler);       $client.Timeout = New-Object System.TimeSpan(0, 30, 0);       $cancelTokenSource = [System.Threading.CancellationTokenSource]::new();       $responseMsg = $client.GetAsync([System.Uri]::new($source), $cancelTokenSource.Token);       $responseMsg.Wait();       if (!$responseMsg.IsCanceled) {         $response = $responseMsg.Result;         if ($response.IsSuccessStatusCode) {           $downloadedFileStream = [System.IO.FileStream]::new($target, [System.IO.FileMode]::Create, [System.IO.FileAccess]::Write);           $copyStreamOp = $response.Content.CopyToAsync($downloadedFileStream);           $copyStreamOp.Wait();           $downloadedFileStream.Close();           if ($copyStreamOp.Exception -ne $null) { throw $copyStreamOp.Exception }         }       } else {       Throw ("Failed to download " + $source)       }    } else {       $webClient = New-Object System.Net.WebClient;       $webClient.DownloadFile($source, $target);     }   }     setx /M PATH $('C:\git\cmd;C:\git\usr\bin;'+$Env:PATH+';C:\gcc\bin;C:\go\bin');     Write-Host INFO: Downloading git...;   $location='https://www.nuget.org/api/v2/package/GitForWindows/'+$Env:GIT_VERSION;   Download-File $location C:\gitsetup.zip;     Write-Host INFO: Downloading go...;   Download-File $('https://golang.org/dl/go'+$Env:GO_VERSION+'.windows-amd64.zip') C:\go.zip;     Write-Host INFO: Downloading compiler 1 of 3...;   Download-File https://raw.githubusercontent.com/jhowardmsft/docker-tdmgcc/master/gcc.zip C:\gcc.zip;     Write-Host INFO: Downloading compiler 2 of 3...;   Download-File https://raw.githubusercontent.com/jhowardmsft/docker-tdmgcc/master/runtime.zip C:\runtime.zip;     Write-Host INFO: Downloading compiler 3 of 3...;   Download-File https://raw.githubusercontent.com/jhowardmsft/docker-tdmgcc/master/binutils.zip C:\binutils.zip;     Write-Host INFO: Extracting git...;   Expand-Archive C:\gitsetup.zip C:\git-tmp;   New-Item -Type Directory C:\git | Out-Null;   Move-Item C:\git-tmp\tools\* C:\git\.;   Remove-Item -Recurse -Force C:\git-tmp;     Write-Host INFO: Expanding go...;   Expand-Archive C:\go.zip -DestinationPath C:\;     Write-Host INFO: Expanding compiler 1 of 3...;   Expand-Archive C:\gcc.zip -DestinationPath C:\gcc -Force;   Write-Host INFO: Expanding compiler 2 of 3...;   Expand-Archive C:\runtime.zip -DestinationPath C:\gcc -Force;   Write-Host INFO: Expanding compiler 3 of 3...;   Expand-Archive C:\binutils.zip -DestinationPath C:\gcc -Force;     Write-Host INFO: Removing downloaded files...;   Remove-Item C:\gcc.zip;   Remove-Item C:\runtime.zip;   Remove-Item C:\binutils.zip;   Remove-Item C:\gitsetup.zip;     Write-Host INFO: Creating source directory...;   New-Item -ItemType Directory -Path C:\go\src\github.com\docker\docker | Out-Null;     Write-Host INFO: Configuring git core.autocrlf...;   C:\git\cmd\git config --global core.autocrlf true;     Write-Host INFO: Completed
 ---> Using cache
 ---> ced3b8f9f679
Step 5/7 : ENTRYPOINT ["powershell.exe"]
 ---> Using cache
 ---> 1edabf9d7c55
Step 6/7 : WORKDIR C:\go\src\github.com\docker\docker
 ---> Using cache
 ---> eb2986d38b86
Step 7/7 : COPY . .
 ---> e99258001941
Successfully built e99258001941
Successfully tagged docker:latest
INFO: Image build ended at 12/31/2018 14:13:29. Duration:00:00:32.9258770


INFO: Building the test binaries at 12/31/2018 14:13:29...
INFO: make.ps1 starting at 12/31/2018 14:13:31
INFO: Git commit (164a6a2704) assumed from DOCKER_GITCOMMIT environment variable
INFO: Invoking autogen...
INFO: Building daemon...
INFO: Downloading docker/cli version 17.06.0-ce from edge...

 ________   ____  __.
 \_____  \ |    |/ _|
 /   |   \|      <
 /    |    \    |  \
 \_______  /____|__ \
         \/        \/

INFO: make.ps1 ended at 12/31/2018 14:14:35
INFO: Binaries build ended at 12/31/2018 14:14:36. Duration:00:01:07.0742510
INFO: Copying the built daemon binary to d:\CI\CI-164a6a2704\binary\dockerd-164a6a2704.exe...
INFO: Copying the built client binary to d:\CI\CI-164a6a2704\binary\docker-164a6a2704.exe...
INFO: Copying dockerversion from the container...
INFO: Copying the golang package from the container to d:\CI\CI-164a6a2704\installer\go.zip...
INFO: Extracting go.zip to d:\CI\CI-164a6a2704\go
INFO: Extraction ended at 12/31/2018 14:15:01. Duration:00:00:22.3154230
INFO: Updating the golang and path environment variables
INFO: GOPATH=c:\gopath
INFO: go version go1.11.4 windows/amd64
INFO: Starting a daemon under test...
INFO: Args: -H tcp://0.0.0.0:2357 --data-root d:\CI\CI-164a6a2704\daemon --pidfile d:\CI\CI-164a6a2704\docker.pid
INFO: Process started successfully.
INFO: Waiting for the daemon under test to start...
INFO: Daemon under test started and replied!
INFO: Docker version of the daemon under test

Client:
 Version:      17.06.0-ce
 API version:  1.30
 Go version:   go1.8.3
 Git commit:   02c1d87
 Built:        Fri Jun 23 21:30:30 2017
 OS/Arch:      windows/amd64

Server:
 Version:      0.0.0-dev
 API version:  1.40 (minimum version 1.24)
 Go version:   go1.11.4
 Git commit:   164a6a2704
 Built:        12/31/2018 14:13:31
 OS/Arch:      windows/amd64
 Experimental: false

INFO: Docker info of the daemon under test

Containers: 0
 Running: 0
 Paused: 0
 Stopped: 0
Images: 0
Server Version: 0.0.0-dev
Storage Driver: windowsfilter
 Windows: 
Logging Driver: json-file
Plugins: 
 Volume: local
 Network: ics l2bridge l2tunnel nat null overlay transparent
 Log: awslogs etwlogs fluentd gcplogs gelf json-file local logentries splunk syslog
Swarm: inactive
Default Isolation: process
Kernel Version: 10.0 17763 (17763.1.amd64fre.rs5_release.180914-1434)
Operating System: Windows Server 2019 Datacenter Version 1809 (OS Build 17763.1)
OSType: windows
Architecture: x86_64
CPUs: 4
Total Memory: 16GiB
Name: jenkins-rs5-1
ID: KZNC:IXDE:IDDB:PXIP:RNDN:PFWN:5TJV:RWLJ:2FC4:UZM7:ZSSB:4DFE
Docker Root Dir: D:\CI\CI-164a6a2704\daemon
Debug Mode (client): false
Debug Mode (server): false
Registry: https://index.docker.io/v1/
Labels:
Experimental: false
Insecure Registries:
 127.0.0.0/8
Live Restore Enabled: false


INFO: Docker images of the daemon under test

REPOSITORY          TAG                 IMAGE ID            CREATED             SIZE

INFO: Base image for tests is microsoft/windowsservercore
INFO: Loading windowsservercore .tar from disk into the daemon under test. This may take some time...
Loaded image: microsoft/windowsservercore:10.0.17763.1
Loaded image: microsoft/windowsservercore:latest
INFO: docker load of windowsservercore  into daemon under test completed successfully
INFO: Version of microsoft/windowsservercore:latest is '10.0.17763.1'
WARN: Skipping validation tests
WARN: Skipping unit tests
INFO: Building busybox
Downloading build context from remote url: https://raw.githubusercontent.com/jhowardmsft/busybox/v1.1/Dockerfile     701B
Downloading build context from remote url: https://raw.githubusercontent.com/jhowardmsft/busybox/v1.1/Dockerfile     701B

Sending build context to Docker daemon   2.56kB

Step 1/6 : FROM microsoft/windowsservercore
 ---> e523d49b4b94
Step 2/6 : RUN mkdir C:\tmp && mkdir C:\bin
 ---> Running in 3af77914b5e9
Removing intermediate container 3af77914b5e9
 ---> bd6c30180870
Step 3/6 : ADD http://frippery.org/files/busybox/busybox.exe /bin/

 ---> e17df44de366
Step 4/6 : RUN setx /M PATH "C:\bin;%PATH%"
 ---> Running in 42909dcc1d87

SUCCESS: Specified value was saved.
Removing intermediate container 42909dcc1d87
 ---> eb92f083d6f8
Step 5/6 : RUN powershell busybox.exe --list ^|%{$nul = cmd /c mklink C:\bin\$_.exe busybox.exe}
 ---> Running in 3701deebe446
Cannot create a file when that file already exists.
Removing intermediate container 3701deebe446
 ---> 065bdacd7902
Step 6/6 : CMD ["sh"]
 ---> Running in 0376b872e93c
Removing intermediate container 0376b872e93c
 ---> 9a2dd3cdb2b6
Successfully built 9a2dd3cdb2b6
Successfully tagged busybox:latest
INFO: Docker images of the daemon under test

REPOSITORY                    TAG                 IMAGE ID            CREATED                  SIZE
busybox                       latest              9a2dd3cdb2b6        Less than a second ago   3.49GB
microsoft/windowsservercore   10.0.17763.1        e523d49b4b94        3 months ago             3.47GB
microsoft/windowsservercore   latest              e523d49b4b94        3 months ago             3.47GB

INFO: Running integration tests at 12/31/2018 14:17:40...
WARN: Only running integration tests matching DockerSwarmSuite
INFO: Integration tests being run from the host:
INFO: go test "-check.v" "-check.f" "DockerSwarmSuite" "-tags" "autogen" "-check.timeout" "10m" "-test.timeout" "200m" 
INFO: DOCKER_HOST at tcp://127.0.0.1:2357
INFO: Windows Base image is  microsoft/windowsservercore
INFO: Testing against a local daemon

----------------------------------------------------------------------
FAIL: docker_api_swarm_test.go:883: DockerSwarmSuite.TestAPIDuplicateNetworks

[dcb6941648dc1] waiting for daemon to start
[dcb6941648dc1] exiting daemon
docker_api_swarm_test.go:884:
    d := s.AddDaemon(c, true, true)
c:/gopath/src/github.com/docker/docker/internal/test/daemon/daemon.go:202:
    t.Fatalf("failed to start daemon with arguments %v : %v", args, err.Error())
... Error: failed to start daemon with arguments [--swarm-default-advertise-addr=lo] : [dcb6941648dc1] Daemon exited during startup: exit status 1


----------------------------------------------------------------------
FAIL: docker_api_swarm_test.go:1010: DockerSwarmSuite.TestAPINetworkInspectWithScope

[d7eda2acc83eb] waiting for daemon to start
[d7eda2acc83eb] exiting daemon
docker_api_swarm_test.go:1011:
    d := s.AddDaemon(c, true, true)
c:/gopath/src/github.com/docker/docker/internal/test/daemon/daemon.go:202:
    t.Fatalf("failed to start daemon with arguments %v : %v", args, err.Error())
... Error: failed to start daemon with arguments [--swarm-default-advertise-addr=lo] : [d7eda2acc83eb] Daemon exited during startup: exit status 1


----------------------------------------------------------------------
FAIL: docker_api_swarm_service_test.go:28: DockerSwarmSuite.TestAPIServiceUpdatePort

[d4349d9a91daf] waiting for daemon to start
[d4349d9a91daf] exiting daemon
docker_api_swarm_service_test.go:29:
    d := s.AddDaemon(c, true, true)
c:/gopath/src/github.com/docker/docker/internal/test/daemon/daemon.go:202:
    t.Fatalf("failed to start daemon with arguments %v : %v", args, err.Error())
... Error: failed to start daemon with arguments [--swarm-default-advertise-addr=lo] : [d4349d9a91daf] Daemon exited during startup: exit status 1


----------------------------------------------------------------------
FAIL: docker_api_swarm_test.go:183: DockerSwarmSuite.TestAPISwarmCAHash

[d94d45f11f70e] waiting for daemon to start
[d94d45f11f70e] exiting daemon
docker_api_swarm_test.go:184:
    d1 := s.AddDaemon(c, true, true)
c:/gopath/src/github.com/docker/docker/internal/test/daemon/daemon.go:202:
    t.Fatalf("failed to start daemon with arguments %v : %v", args, err.Error())
... Error: failed to start daemon with arguments [--swarm-default-advertise-addr=lo] : [d94d45f11f70e] Daemon exited during startup: exit status 1


----------------------------------------------------------------------
FAIL: docker_api_swarm_test.go:867: DockerSwarmSuite.TestAPISwarmErrorHandling

[d2a6bed2e0bda] waiting for daemon to start
[d2a6bed2e0bda] exiting daemon
docker_api_swarm_test.go:871:
    d := s.AddDaemon(c, false, false)
c:/gopath/src/github.com/docker/docker/internal/test/daemon/daemon.go:202:
    t.Fatalf("failed to start daemon with arguments %v : %v", args, err.Error())
... Error: failed to start daemon with arguments [--swarm-default-advertise-addr=lo] : [d2a6bed2e0bda] Daemon exited during startup: exit status 1


----------------------------------------------------------------------
FAIL: docker_api_swarm_test.go:538: DockerSwarmSuite.TestAPISwarmForceNewCluster

[de34a21dcbbaf] waiting for daemon to start
[de34a21dcbbaf] exiting daemon
docker_api_swarm_test.go:539:
    d1 := s.AddDaemon(c, true, true)
c:/gopath/src/github.com/docker/docker/internal/test/daemon/daemon.go:202:
    t.Fatalf("failed to start daemon with arguments %v : %v", args, err.Error())
... Error: failed to start daemon with arguments [--swarm-default-advertise-addr=lo] : [de34a21dcbbaf] Daemon exited during startup: exit status 1


----------------------------------------------------------------------
SKIP: docker_api_swarm_test.go:914: DockerSwarmSuite.TestAPISwarmHealthcheckNone (Root cause of Issue #36386 is needed)

----------------------------------------------------------------------
FAIL: docker_api_swarm_test.go:33: DockerSwarmSuite.TestAPISwarmInit

[d7d4ca7cffb75] waiting for daemon to start
[d7d4ca7cffb75] exiting daemon
docker_api_swarm_test.go:35:
    // todo: should find a better way to verify that components are running than /info
    d1 := s.AddDaemon(c, true, true)
c:/gopath/src/github.com/docker/docker/internal/test/daemon/daemon.go:202:
    t.Fatalf("failed to start daemon with arguments %v : %v", args, err.Error())
... Error: failed to start daemon with arguments [--swarm-default-advertise-addr=lo] : [d7d4ca7cffb75] Daemon exited during startup: exit status 1


----------------------------------------------------------------------
FAIL: docker_api_swarm_test.go:520: DockerSwarmSuite.TestAPISwarmInvalidAddress

[d610d37b3cad7] waiting for daemon to start
[d610d37b3cad7] exiting daemon
docker_api_swarm_test.go:521:
    d := s.AddDaemon(c, false, false)
c:/gopath/src/github.com/docker/docker/internal/test/daemon/daemon.go:202:
    t.Fatalf("failed to start daemon with arguments %v : %v", args, err.Error())
... Error: failed to start daemon with arguments [--swarm-default-advertise-addr=lo] : [d610d37b3cad7] Daemon exited during startup: exit status 1


----------------------------------------------------------------------
FAIL: docker_api_swarm_test.go:79: DockerSwarmSuite.TestAPISwarmJoinToken

[d395cba925173] waiting for daemon to start
[d395cba925173] exiting daemon
docker_api_swarm_test.go:80:
    d1 := s.AddDaemon(c, false, false)
c:/gopath/src/github.com/docker/docker/internal/test/daemon/daemon.go:202:
    t.Fatalf("failed to start daemon with arguments %v : %v", args, err.Error())
... Error: failed to start daemon with arguments [--swarm-default-advertise-addr=lo] : [d395cba925173] Daemon exited during startup: exit status 1


----------------------------------------------------------------------
FAIL: docker_api_swarm_test.go:294: DockerSwarmSuite.TestAPISwarmLeaderElection

[d406896190c8c] waiting for daemon to start
[d406896190c8c] exiting daemon
docker_api_swarm_test.go:296:
    // Create 3 nodes
    d1 := s.AddDaemon(c, true, true)
c:/gopath/src/github.com/docker/docker/internal/test/daemon/daemon.go:202:
    t.Fatalf("failed to start daemon with arguments %v : %v", args, err.Error())
... Error: failed to start daemon with arguments [--swarm-default-advertise-addr=lo] : [d406896190c8c] Daemon exited during startup: exit status 1


----------------------------------------------------------------------
FAIL: docker_api_swarm_test.go:269: DockerSwarmSuite.TestAPISwarmLeaderProxy

[def83e5df00ca] waiting for daemon to start
[def83e5df00ca] exiting daemon
docker_api_swarm_test.go:271:
    // add three managers, one of these is leader
    d1 := s.AddDaemon(c, true, true)
c:/gopath/src/github.com/docker/docker/internal/test/daemon/daemon.go:202:
    t.Fatalf("failed to start daemon with arguments %v : %v", args, err.Error())
... Error: failed to start daemon with arguments [--swarm-default-advertise-addr=lo] : [def83e5df00ca] Daemon exited during startup: exit status 1


----------------------------------------------------------------------
FAIL: docker_api_swarm_test.go:421: DockerSwarmSuite.TestAPISwarmLeaveOnPendingJoin

[dcb13ab89316a] waiting for daemon to start
[dcb13ab89316a] exiting daemon
docker_api_swarm_test.go:423:
    s.AddDaemon(c, true, true)
c:/gopath/src/github.com/docker/docker/internal/test/daemon/daemon.go:202:
    t.Fatalf("failed to start daemon with arguments %v : %v", args, err.Error())
... Error: failed to start daemon with arguments [--swarm-default-advertise-addr=lo] : [dcb13ab89316a] Daemon exited during startup: exit status 1


----------------------------------------------------------------------
FAIL: docker_api_swarm_test.go:398: DockerSwarmSuite.TestAPISwarmLeaveRemovesContainer

[d7b6dbf844697] waiting for daemon to start
[d7b6dbf844697] exiting daemon
docker_api_swarm_test.go:399:
    d := s.AddDaemon(c, true, true)
c:/gopath/src/github.com/docker/docker/internal/test/daemon/daemon.go:202:
    t.Fatalf("failed to start daemon with arguments %v : %v", args, err.Error())
... Error: failed to start daemon with arguments [--swarm-default-advertise-addr=lo] : [d7b6dbf844697] Daemon exited during startup: exit status 1


----------------------------------------------------------------------
FAIL: docker_api_swarm_node_test.go:12: DockerSwarmSuite.TestAPISwarmListNodes

[d4f59b12d9450] waiting for daemon to start
[d4f59b12d9450] exiting daemon
docker_api_swarm_node_test.go:13:
    d1 := s.AddDaemon(c, true, true)
c:/gopath/src/github.com/docker/docker/internal/test/daemon/daemon.go:202:
    t.Fatalf("failed to start daemon with arguments %v : %v", args, err.Error())
... Error: failed to start daemon with arguments [--swarm-default-advertise-addr=lo] : [d4f59b12d9450] Daemon exited during startup: exit status 1


----------------------------------------------------------------------
FAIL: docker_api_swarm_test.go:470: DockerSwarmSuite.TestAPISwarmManagerRestore

[df3563e577424] waiting for daemon to start
[df3563e577424] exiting daemon
docker_api_swarm_test.go:471:
    d1 := s.AddDaemon(c, true, true)
c:/gopath/src/github.com/docker/docker/internal/test/daemon/daemon.go:202:
    t.Fatalf("failed to start daemon with arguments %v : %v", args, err.Error())
... Error: failed to start daemon with arguments [--swarm-default-advertise-addr=lo] : [df3563e577424] Daemon exited during startup: exit status 1


----------------------------------------------------------------------
FAIL: docker_api_swarm_node_test.go:73: DockerSwarmSuite.TestAPISwarmNodeDrainPause

[d115248d5889c] waiting for daemon to start
[d115248d5889c] exiting daemon
docker_api_swarm_node_test.go:74:
    d1 := s.AddDaemon(c, true, true)
c:/gopath/src/github.com/docker/docker/internal/test/daemon/daemon.go:202:
    t.Fatalf("failed to start daemon with arguments %v : %v", args, err.Error())
... Error: failed to start daemon with arguments [--swarm-default-advertise-addr=lo] : [d115248d5889c] Daemon exited during startup: exit status 1


----------------------------------------------------------------------
FAIL: docker_api_swarm_node_test.go:44: DockerSwarmSuite.TestAPISwarmNodeRemove

[dd957b029c5fa] waiting for daemon to start
[dd957b029c5fa] exiting daemon
docker_api_swarm_node_test.go:46:
    d1 := s.AddDaemon(c, true, true)
c:/gopath/src/github.com/docker/docker/internal/test/daemon/daemon.go:202:
    t.Fatalf("failed to start daemon with arguments %v : %v", args, err.Error())
... Error: failed to start daemon with arguments [--swarm-default-advertise-addr=lo] : [dd957b029c5fa] Daemon exited during startup: exit status 1


----------------------------------------------------------------------
FAIL: docker_api_swarm_node_test.go:31: DockerSwarmSuite.TestAPISwarmNodeUpdate

[da8977ef97fb9] waiting for daemon to start
[da8977ef97fb9] exiting daemon
docker_api_swarm_node_test.go:32:
    d := s.AddDaemon(c, true, true)
c:/gopath/src/github.com/docker/docker/internal/test/daemon/daemon.go:202:
    t.Fatalf("failed to start daemon with arguments %v : %v", args, err.Error())
... Error: failed to start daemon with arguments [--swarm-default-advertise-addr=lo] : [da8977ef97fb9] Daemon exited during startup: exit status 1


----------------------------------------------------------------------
FAIL: docker_api_swarm_test.go:199: DockerSwarmSuite.TestAPISwarmPromoteDemote

[dbc051c62c91b] waiting for daemon to start
[dbc051c62c91b] exiting daemon
docker_api_swarm_test.go:200:
    d1 := s.AddDaemon(c, false, false)
c:/gopath/src/github.com/docker/docker/internal/test/daemon/daemon.go:202:
    t.Fatalf("failed to start daemon with arguments %v : %v", args, err.Error())
... Error: failed to start daemon with arguments [--swarm-default-advertise-addr=lo] : [dbc051c62c91b] Daemon exited during startup: exit status 1


----------------------------------------------------------------------
FAIL: docker_api_swarm_test.go:357: DockerSwarmSuite.TestAPISwarmRaftQuorum

[d4f6192e52a5b] waiting for daemon to start
[d4f6192e52a5b] exiting daemon
docker_api_swarm_test.go:358:
    d1 := s.AddDaemon(c, true, true)
c:/gopath/src/github.com/docker/docker/internal/test/daemon/daemon.go:202:
    t.Fatalf("failed to start daemon with arguments %v : %v", args, err.Error())
... Error: failed to start daemon with arguments [--swarm-default-advertise-addr=lo] : [d4f6192e52a5b] Daemon exited during startup: exit status 1


----------------------------------------------------------------------
FAIL: docker_api_swarm_test.go:774: DockerSwarmSuite.TestAPISwarmRestartCluster

[d3e61ef55743a] waiting for daemon to start
[d3e61ef55743a] exiting daemon
docker_api_swarm_test.go:779:
    manager := s.AddDaemon(c, true, true)
c:/gopath/src/github.com/docker/docker/internal/test/daemon/daemon.go:202:
    t.Fatalf("failed to start daemon with arguments %v : %v", args, err.Error())
... Error: failed to start daemon with arguments [--swarm-default-advertise-addr=lo] : [d3e61ef55743a] Daemon exited during startup: exit status 1


----------------------------------------------------------------------
FAIL: docker_api_swarm_test.go:451: DockerSwarmSuite.TestAPISwarmRestoreOnPendingJoin

[d19f4cf8ef88d] waiting for daemon to start
[d19f4cf8ef88d] exiting daemon
docker_api_swarm_test.go:453:
    d := s.AddDaemon(c, false, false)
c:/gopath/src/github.com/docker/docker/internal/test/daemon/daemon.go:202:
    t.Fatalf("failed to start daemon with arguments %v : %v", args, err.Error())
... Error: failed to start daemon with arguments [--swarm-default-advertise-addr=lo] : [d19f4cf8ef88d] Daemon exited during startup: exit status 1


----------------------------------------------------------------------
FAIL: docker_api_swarm_test.go:496: DockerSwarmSuite.TestAPISwarmScaleNoRollingUpdate

[de63c8b01624b] waiting for daemon to start
[de63c8b01624b] exiting daemon
docker_api_swarm_test.go:497:
    d := s.AddDaemon(c, true, true)
c:/gopath/src/github.com/docker/docker/internal/test/daemon/daemon.go:202:
    t.Fatalf("failed to start daemon with arguments %v : %v", args, err.Error())
... Error: failed to start daemon with arguments [--swarm-default-advertise-addr=lo] : [de63c8b01624b] Daemon exited during startup: exit status 1


----------------------------------------------------------------------
FAIL: docker_api_swarm_service_test.go:398: DockerSwarmSuite.TestAPISwarmServiceConstraintLabel

[d5076b9caf385] waiting for daemon to start
[d5076b9caf385] exiting daemon
docker_api_swarm_service_test.go:402:
    daemons[i] = s.AddDaemon(c, true, i == 0)
c:/gopath/src/github.com/docker/docker/internal/test/daemon/daemon.go:202:
    t.Fatalf("failed to start daemon with arguments %v : %v", args, err.Error())
... Error: failed to start daemon with arguments [--swarm-default-advertise-addr=lo] : [d5076b9caf385] Daemon exited during startup: exit status 1


----------------------------------------------------------------------
FAIL: docker_api_swarm_service_test.go:346: DockerSwarmSuite.TestAPISwarmServiceConstraintRole

[dd85cb66cb060] waiting for daemon to start
[dd85cb66cb060] exiting daemon
docker_api_swarm_service_test.go:350:
    daemons[i] = s.AddDaemon(c, true, i == 0)
c:/gopath/src/github.com/docker/docker/internal/test/daemon/daemon.go:202:
    t.Fatalf("failed to start daemon with arguments %v : %v", args, err.Error())
... Error: failed to start daemon with arguments [--swarm-default-advertise-addr=lo] : [dd85cb66cb060] Daemon exited during startup: exit status 1


----------------------------------------------------------------------
FAIL: docker_api_swarm_service_test.go:493: DockerSwarmSuite.TestAPISwarmServicePlacementPrefs

[df98fe8f7503d] waiting for daemon to start
[df98fe8f7503d] exiting daemon
docker_api_swarm_service_test.go:497:
    daemons[i] = s.AddDaemon(c, true, i == 0)
c:/gopath/src/github.com/docker/docker/internal/test/daemon/daemon.go:202:
    t.Fatalf("failed to start daemon with arguments %v : %v", args, err.Error())
... Error: failed to start daemon with arguments [--swarm-default-advertise-addr=lo] : [df98fe8f7503d] Daemon exited during startup: exit status 1


----------------------------------------------------------------------
FAIL: docker_api_swarm_service_test.go:57: DockerSwarmSuite.TestAPISwarmServicesCreate

[d244c28cb88ec] waiting for daemon to start
[d244c28cb88ec] exiting daemon
docker_api_swarm_service_test.go:58:
    d := s.AddDaemon(c, true, true)
c:/gopath/src/github.com/docker/docker/internal/test/daemon/daemon.go:202:
    t.Fatalf("failed to start daemon with arguments %v : %v", args, err.Error())
... Error: failed to start daemon with arguments [--swarm-default-advertise-addr=lo] : [d244c28cb88ec] Daemon exited during startup: exit status 1


----------------------------------------------------------------------
FAIL: docker_api_swarm_service_test.go:119: DockerSwarmSuite.TestAPISwarmServicesCreateGlobal

[d993d60a95d1c] waiting for daemon to start
[d993d60a95d1c] exiting daemon
docker_api_swarm_service_test.go:120:
    d1 := s.AddDaemon(c, true, true)
c:/gopath/src/github.com/docker/docker/internal/test/daemon/daemon.go:202:
    t.Fatalf("failed to start daemon with arguments %v : %v", args, err.Error())
... Error: failed to start daemon with arguments [--swarm-default-advertise-addr=lo] : [d993d60a95d1c] Daemon exited during startup: exit status 1


----------------------------------------------------------------------
FAIL: docker_api_swarm_service_test.go:49: DockerSwarmSuite.TestAPISwarmServicesEmptyList

[df45cabf736eb] waiting for daemon to start
[df45cabf736eb] exiting daemon
docker_api_swarm_service_test.go:50:
    d := s.AddDaemon(c, true, true)
c:/gopath/src/github.com/docker/docker/internal/test/daemon/daemon.go:202:
    t.Fatalf("failed to start daemon with arguments %v : %v", args, err.Error())
... Error: failed to start daemon with arguments [--swarm-default-advertise-addr=lo] : [df45cabf736eb] Daemon exited during startup: exit status 1


----------------------------------------------------------------------
FAIL: docker_api_swarm_service_test.go:306: DockerSwarmSuite.TestAPISwarmServicesFailedUpdate

[d07639ba50d1c] waiting for daemon to start
[d07639ba50d1c] exiting daemon
docker_api_swarm_service_test.go:310:
    daemons[i] = s.AddDaemon(c, true, i == 0)
c:/gopath/src/github.com/docker/docker/internal/test/daemon/daemon.go:202:
    t.Fatalf("failed to start daemon with arguments %v : %v", args, err.Error())
... Error: failed to start daemon with arguments [--swarm-default-advertise-addr=lo] : [d07639ba50d1c] Daemon exited during startup: exit status 1


----------------------------------------------------------------------
FAIL: docker_api_swarm_service_test.go:91: DockerSwarmSuite.TestAPISwarmServicesMultipleAgents

[d5350841f2351] waiting for daemon to start
[d5350841f2351] exiting daemon
docker_api_swarm_service_test.go:92:
    d1 := s.AddDaemon(c, true, true)
c:/gopath/src/github.com/docker/docker/internal/test/daemon/daemon.go:202:
    t.Fatalf("failed to start daemon with arguments %v : %v", args, err.Error())
... Error: failed to start daemon with arguments [--swarm-default-advertise-addr=lo] : [d5350841f2351] Daemon exited during startup: exit status 1


----------------------------------------------------------------------
FAIL: docker_api_swarm_service_test.go:137: DockerSwarmSuite.TestAPISwarmServicesUpdate

[dcd604565c088] waiting for daemon to start
[dcd604565c088] exiting daemon
docker_api_swarm_service_test.go:141:
    daemons[i] = s.AddDaemon(c, true, i == 0)
c:/gopath/src/github.com/docker/docker/internal/test/daemon/daemon.go:202:
    t.Fatalf("failed to start daemon with arguments %v : %v", args, err.Error())
... Error: failed to start daemon with arguments [--swarm-default-advertise-addr=lo] : [dcd604565c088] Daemon exited during startup: exit status 1


----------------------------------------------------------------------
FAIL: docker_api_swarm_service_test.go:197: DockerSwarmSuite.TestAPISwarmServicesUpdateStartFirst

[d0e453d5294c0] waiting for daemon to start
[d0e453d5294c0] exiting daemon
docker_api_swarm_service_test.go:198:
    d := s.AddDaemon(c, true, true)
c:/gopath/src/github.com/docker/docker/internal/test/daemon/daemon.go:202:
    t.Fatalf("failed to start daemon with arguments %v : %v", args, err.Error())
... Error: failed to start daemon with arguments [--swarm-default-advertise-addr=lo] : [d0e453d5294c0] Daemon exited during startup: exit status 1


----------------------------------------------------------------------
FAIL: docker_api_swarm_test.go:839: DockerSwarmSuite.TestAPISwarmServicesUpdateWithName

[daf2aa71643ce] waiting for daemon to start
[daf2aa71643ce] exiting daemon
docker_api_swarm_test.go:840:
    d := s.AddDaemon(c, true, true)
c:/gopath/src/github.com/docker/docker/internal/test/daemon/daemon.go:202:
    t.Fatalf("failed to start daemon with arguments %v : %v", args, err.Error())
... Error: failed to start daemon with arguments [--swarm-default-advertise-addr=lo] : [daf2aa71643ce] Daemon exited during startup: exit status 1


----------------------------------------------------------------------
FAIL: docker_api_swarm_test.go:859: DockerSwarmSuite.TestAPISwarmUnlockNotLocked

[ddd6caa5cde31] waiting for daemon to start
[ddd6caa5cde31] exiting daemon
docker_api_swarm_test.go:860:
    d := s.AddDaemon(c, true, true)
c:/gopath/src/github.com/docker/docker/internal/test/daemon/daemon.go:202:
    t.Fatalf("failed to start daemon with arguments %v : %v", args, err.Error())
... Error: failed to start daemon with arguments [--swarm-default-advertise-addr=lo] : [ddd6caa5cde31] Daemon exited during startup: exit status 1


----------------------------------------------------------------------
FAIL: docker_cli_swarm_test.go:749: DockerSwarmSuite.TestDNSConfig

[d8e7c8685f624] waiting for daemon to start
[d8e7c8685f624] exiting daemon
docker_cli_swarm_test.go:750:
    d := s.AddDaemon(c, true, true)
c:/gopath/src/github.com/docker/docker/internal/test/daemon/daemon.go:202:
    t.Fatalf("failed to start daemon with arguments %v : %v", args, err.Error())
... Error: failed to start daemon with arguments [--swarm-default-advertise-addr=lo] : [d8e7c8685f624] Daemon exited during startup: exit status 1


----------------------------------------------------------------------
FAIL: docker_cli_swarm_test.go:776: DockerSwarmSuite.TestDNSConfigUpdate

[d970e06c1134e] waiting for daemon to start
[d970e06c1134e] exiting daemon
docker_cli_swarm_test.go:777:
    d := s.AddDaemon(c, true, true)
c:/gopath/src/github.com/docker/docker/internal/test/daemon/daemon.go:202:
    t.Fatalf("failed to start daemon with arguments %v : %v", args, err.Error())
... Error: failed to start daemon with arguments [--swarm-default-advertise-addr=lo] : [d970e06c1134e] Daemon exited during startup: exit status 1


----------------------------------------------------------------------
FAIL: docker_cli_swarm_test.go:1216: DockerSwarmSuite.TestExtraHosts

[db16964f9e04d] waiting for daemon to start
[db16964f9e04d] exiting daemon
docker_cli_swarm_test.go:1217:
    d := s.AddDaemon(c, true, true)
c:/gopath/src/github.com/docker/docker/internal/test/daemon/daemon.go:202:
    t.Fatalf("failed to start daemon with arguments %v : %v", args, err.Error())
... Error: failed to start daemon with arguments [--swarm-default-advertise-addr=lo] : [db16964f9e04d] Daemon exited during startup: exit status 1


----------------------------------------------------------------------
FAIL: docker_cli_swarm_test.go:1410: DockerSwarmSuite.TestNetworkInspectWithDuplicateNames

[dcb11a3b3a790] waiting for daemon to start
[dcb11a3b3a790] exiting daemon
docker_cli_swarm_test.go:1411:
    d := s.AddDaemon(c, true, true)
c:/gopath/src/github.com/docker/docker/internal/test/daemon/daemon.go:202:
    t.Fatalf("failed to start daemon with arguments %v : %v", args, err.Error())
... Error: failed to start daemon with arguments [--swarm-default-advertise-addr=lo] : [dcb11a3b3a790] Daemon exited during startup: exit status 1


----------------------------------------------------------------------
FAIL: docker_cli_swarm_test.go:383: DockerSwarmSuite.TestOverlayAttachable

[d2f6a47e6ba22] waiting for daemon to start
[d2f6a47e6ba22] exiting daemon
docker_cli_swarm_test.go:384:
    d := s.AddDaemon(c, true, true)
c:/gopath/src/github.com/docker/docker/internal/test/daemon/daemon.go:202:
    t.Fatalf("failed to start daemon with arguments %v : %v", args, err.Error())
... Error: failed to start daemon with arguments [--swarm-default-advertise-addr=lo] : [d2f6a47e6ba22] Daemon exited during startup: exit status 1


----------------------------------------------------------------------
FAIL: docker_cli_swarm_test.go:405: DockerSwarmSuite.TestOverlayAttachableOnSwarmLeave

[d3ee092bf2772] waiting for daemon to start
[d3ee092bf2772] exiting daemon
docker_cli_swarm_test.go:406:
    d := s.AddDaemon(c, true, true)
c:/gopath/src/github.com/docker/docker/internal/test/daemon/daemon.go:202:
    t.Fatalf("failed to start daemon with arguments %v : %v", args, err.Error())
... Error: failed to start daemon with arguments [--swarm-default-advertise-addr=lo] : [d3ee092bf2772] Daemon exited during startup: exit status 1


----------------------------------------------------------------------
FAIL: docker_cli_swarm_test.go:432: DockerSwarmSuite.TestOverlayAttachableReleaseResourcesOnFailure

[dfd7763d572f4] waiting for daemon to start
[dfd7763d572f4] exiting daemon
docker_cli_swarm_test.go:433:
    d := s.AddDaemon(c, true, true)
c:/gopath/src/github.com/docker/docker/internal/test/daemon/daemon.go:202:
    t.Fatalf("failed to start daemon with arguments %v : %v", args, err.Error())
... Error: failed to start daemon with arguments [--swarm-default-advertise-addr=lo] : [dfd7763d572f4] Daemon exited during startup: exit status 1


----------------------------------------------------------------------
FAIL: docker_cli_swarm_test.go:587: DockerSwarmSuite.TestPsListContainersFilterIsTask

[d298e9a666040] waiting for daemon to start
[d298e9a666040] exiting daemon
docker_cli_swarm_test.go:588:
    d := s.AddDaemon(c, true, true)
c:/gopath/src/github.com/docker/docker/internal/test/daemon/daemon.go:202:
    t.Fatalf("failed to start daemon with arguments %v : %v", args, err.Error())
... Error: failed to start daemon with arguments [--swarm-default-advertise-addr=lo] : [d298e9a666040] Daemon exited during startup: exit status 1


----------------------------------------------------------------------
FAIL: docker_cli_swarm_test.go:1191: DockerSwarmSuite.TestSwarmAlternateLockUnlock

[d60cbab08e850] waiting for daemon to start
[d60cbab08e850] exiting daemon
docker_cli_swarm_test.go:1192:
    d := s.AddDaemon(c, true, true)
c:/gopath/src/github.com/docker/docker/internal/test/daemon/daemon.go:202:
    t.Fatalf("failed to start daemon with arguments %v : %v", args, err.Error())
... Error: failed to start daemon with arguments [--swarm-default-advertise-addr=lo] : [d60cbab08e850] Daemon exited during startup: exit status 1


----------------------------------------------------------------------
FAIL: docker_cli_swarm_test.go:1770: DockerSwarmSuite.TestSwarmClusterEventsConfig

[d2978a5264bbd] waiting for daemon to start
[d2978a5264bbd] exiting daemon
docker_cli_swarm_test.go:1771:
    d := s.AddDaemon(c, true, true)
c:/gopath/src/github.com/docker/docker/internal/test/daemon/daemon.go:202:
    t.Fatalf("failed to start daemon with arguments %v : %v", args, err.Error())
... Error: failed to start daemon with arguments [--swarm-default-advertise-addr=lo] : [d2978a5264bbd] Daemon exited during startup: exit status 1


----------------------------------------------------------------------
FAIL: docker_cli_swarm_test.go:1731: DockerSwarmSuite.TestSwarmClusterEventsNetwork

[d567265281b87] waiting for daemon to start
[d567265281b87] exiting daemon
docker_cli_swarm_test.go:1732:
    d := s.AddDaemon(c, true, true)
c:/gopath/src/github.com/docker/docker/internal/test/daemon/daemon.go:202:
    t.Fatalf("failed to start daemon with arguments %v : %v", args, err.Error())
... Error: failed to start daemon with arguments [--swarm-default-advertise-addr=lo] : [d567265281b87] Daemon exited during startup: exit status 1


----------------------------------------------------------------------
FAIL: docker_cli_swarm_test.go:1701: DockerSwarmSuite.TestSwarmClusterEventsNode

[d3141620ad556] waiting for daemon to start
[d3141620ad556] exiting daemon
docker_cli_swarm_test.go:1702:
    d1 := s.AddDaemon(c, true, true)
c:/gopath/src/github.com/docker/docker/internal/test/daemon/daemon.go:202:
    t.Fatalf("failed to start daemon with arguments %v : %v", args, err.Error())
... Error: failed to start daemon with arguments [--swarm-default-advertise-addr=lo] : [d3141620ad556] Daemon exited during startup: exit status 1


----------------------------------------------------------------------
FAIL: docker_cli_swarm_test.go:1617: DockerSwarmSuite.TestSwarmClusterEventsScope

[dd4586f5334eb] waiting for daemon to start
[dd4586f5334eb] exiting daemon
docker_cli_swarm_test.go:1618:
    d := s.AddDaemon(c, true, true)
c:/gopath/src/github.com/docker/docker/internal/test/daemon/daemon.go:202:
    t.Fatalf("failed to start daemon with arguments %v : %v", args, err.Error())
... Error: failed to start daemon with arguments [--swarm-default-advertise-addr=lo] : [dd4586f5334eb] Daemon exited during startup: exit status 1


----------------------------------------------------------------------
FAIL: docker_cli_swarm_test.go:1750: DockerSwarmSuite.TestSwarmClusterEventsSecret

[dc7fe5a6a5c3c] waiting for daemon to start
[dc7fe5a6a5c3c] exiting daemon
docker_cli_swarm_test.go:1751:
    d := s.AddDaemon(c, true, true)
c:/gopath/src/github.com/docker/docker/internal/test/daemon/daemon.go:202:
    t.Fatalf("failed to start daemon with arguments %v : %v", args, err.Error())
... Error: failed to start daemon with arguments [--swarm-default-advertise-addr=lo] : [dc7fe5a6a5c3c] Daemon exited during startup: exit status 1


----------------------------------------------------------------------
FAIL: docker_cli_swarm_test.go:1661: DockerSwarmSuite.TestSwarmClusterEventsService

[d983961e826b5] waiting for daemon to start
[d983961e826b5] exiting daemon
docker_cli_swarm_test.go:1662:
    d := s.AddDaemon(c, true, true)
c:/gopath/src/github.com/docker/docker/internal/test/daemon/daemon.go:202:
    t.Fatalf("failed to start daemon with arguments %v : %v", args, err.Error())
... Error: failed to start daemon with arguments [--swarm-default-advertise-addr=lo] : [d983961e826b5] Daemon exited during startup: exit status 1


----------------------------------------------------------------------
FAIL: docker_cli_swarm_test.go:1597: DockerSwarmSuite.TestSwarmClusterEventsSource

[dcdb3f575e65b] waiting for daemon to start
[dcdb3f575e65b] exiting daemon
docker_cli_swarm_test.go:1598:
    d1 := s.AddDaemon(c, true, true)
c:/gopath/src/github.com/docker/docker/internal/test/daemon/daemon.go:202:
    t.Fatalf("failed to start daemon with arguments %v : %v", args, err.Error())
... Error: failed to start daemon with arguments [--swarm-default-advertise-addr=lo] : [dcdb3f575e65b] Daemon exited during startup: exit status 1


----------------------------------------------------------------------
FAIL: docker_cli_swarm_test.go:1638: DockerSwarmSuite.TestSwarmClusterEventsType

[d7ef313f40d93] waiting for daemon to start
[d7ef313f40d93] exiting daemon
docker_cli_swarm_test.go:1639:
    d := s.AddDaemon(c, true, true)
c:/gopath/src/github.com/docker/docker/internal/test/daemon/daemon.go:202:
    t.Fatalf("failed to start daemon with arguments %v : %v", args, err.Error())
... Error: failed to start daemon with arguments [--swarm-default-advertise-addr=lo] : [d7ef313f40d93] Daemon exited during startup: exit status 1


----------------------------------------------------------------------
FAIL: docker_cli_swarm_test.go:1120: DockerSwarmSuite.TestSwarmClusterRotateUnlockKey

[d47c7179dda97] waiting for daemon to start
[d47c7179dda97] exiting daemon
docker_cli_swarm_test.go:1121:
    d1 := s.AddDaemon(c, true, true) // leader - don't restart this one, we don't want leader election delays
c:/gopath/src/github.com/docker/docker/internal/test/daemon/daemon.go:202:
    t.Fatalf("failed to start daemon with arguments %v : %v", args, err.Error())
... Error: failed to start daemon with arguments [--swarm-default-advertise-addr=lo] : [d47c7179dda97] Daemon exited during startup: exit status 1


----------------------------------------------------------------------
FAIL: docker_cli_swarm_test.go:355: DockerSwarmSuite.TestSwarmContainerAttachByNetworkId

[dbdaccfc1469a] waiting for daemon to start
[dbdaccfc1469a] exiting daemon
docker_cli_swarm_test.go:356:
    d := s.AddDaemon(c, true, true)
c:/gopath/src/github.com/docker/docker/internal/test/daemon/daemon.go:202:
    t.Fatalf("failed to start daemon with arguments %v : %v", args, err.Error())
... Error: failed to start daemon with arguments [--swarm-default-advertise-addr=lo] : [dbdaccfc1469a] Daemon exited during startup: exit status 1


----------------------------------------------------------------------
FAIL: docker_cli_swarm_test.go:308: DockerSwarmSuite.TestSwarmContainerAutoStart

[d47fa9a2a3fea] waiting for daemon to start
[d47fa9a2a3fea] exiting daemon
docker_cli_swarm_test.go:309:
    d := s.AddDaemon(c, true, true)
c:/gopath/src/github.com/docker/docker/internal/test/daemon/daemon.go:202:
    t.Fatalf("failed to start daemon with arguments %v : %v", args, err.Error())
... Error: failed to start daemon with arguments [--swarm-default-advertise-addr=lo] : [d47fa9a2a3fea] Daemon exited during startup: exit status 1


----------------------------------------------------------------------
FAIL: docker_cli_swarm_test.go:330: DockerSwarmSuite.TestSwarmContainerEndpointOptions

[d7d069c340b8a] waiting for daemon to start
[d7d069c340b8a] exiting daemon
docker_cli_swarm_test.go:331:
    d := s.AddDaemon(c, true, true)
c:/gopath/src/github.com/docker/docker/internal/test/daemon/daemon.go:202:
    t.Fatalf("failed to start daemon with arguments %v : %v", args, err.Error())
... Error: failed to start daemon with arguments [--swarm-default-advertise-addr=lo] : [d7d069c340b8a] Daemon exited during startup: exit status 1


----------------------------------------------------------------------
FAIL: docker_cli_swarm_test.go:510: DockerSwarmSuite.TestSwarmCreateServiceWithNoIngressNetwork

[db85aa8dd491f] waiting for daemon to start
[db85aa8dd491f] exiting daemon
docker_cli_swarm_test.go:511:
    d := s.AddDaemon(c, true, true)
c:/gopath/src/github.com/docker/docker/internal/test/daemon/daemon.go:202:
    t.Fatalf("failed to start daemon with arguments %v : %v", args, err.Error())
... Error: failed to start daemon with arguments [--swarm-default-advertise-addr=lo] : [db85aa8dd491f] Daemon exited during startup: exit status 1


----------------------------------------------------------------------
FAIL: docker_cli_swarm_test.go:135: DockerSwarmSuite.TestSwarmIncompatibleDaemon

[df076aa6dff00] waiting for daemon to start
[df076aa6dff00] exiting daemon
docker_cli_swarm_test.go:137:
    // init swarm mode and stop a daemon
    d := s.AddDaemon(c, true, true)
c:/gopath/src/github.com/docker/docker/internal/test/daemon/daemon.go:202:
    t.Fatalf("failed to start daemon with arguments %v : %v", args, err.Error())
... Error: failed to start daemon with arguments [--swarm-default-advertise-addr=lo] : [df076aa6dff00] Daemon exited during startup: exit status 1


----------------------------------------------------------------------
FAIL: docker_cli_swarm_test.go:456: DockerSwarmSuite.TestSwarmIngressNetwork

[de88ba527d997] waiting for daemon to start
[de88ba527d997] exiting daemon
docker_cli_swarm_test.go:457:
    d := s.AddDaemon(c, true, true)
c:/gopath/src/github.com/docker/docker/internal/test/daemon/daemon.go:202:
    t.Fatalf("failed to start daemon with arguments %v : %v", args, err.Error())
... Error: failed to start daemon with arguments [--swarm-default-advertise-addr=lo] : [de88ba527d997] Daemon exited during startup: exit status 1


----------------------------------------------------------------------
FAIL: docker_cli_swarm_test.go:73: DockerSwarmSuite.TestSwarmInit

[d7450733218be] waiting for daemon to start
[d7450733218be] exiting daemon
docker_cli_swarm_test.go:74:
    d := s.AddDaemon(c, false, false)
c:/gopath/src/github.com/docker/docker/internal/test/daemon/daemon.go:202:
    t.Fatalf("failed to start daemon with arguments %v : %v", args, err.Error())
... Error: failed to start daemon with arguments [--swarm-default-advertise-addr=lo] : [d7450733218be] Daemon exited during startup: exit status 1


----------------------------------------------------------------------
SKIP: docker_cli_swarm_test.go:116: DockerSwarmSuite.TestSwarmInitIPv6 (unmatched requirement IPv6)

----------------------------------------------------------------------
FAIL: docker_cli_swarm_test.go:857: DockerSwarmSuite.TestSwarmInitLocked

[d3d534386d888] waiting for daemon to start
[d3d534386d888] exiting daemon
docker_cli_swarm_test.go:858:
    d := s.AddDaemon(c, false, false)
c:/gopath/src/github.com/docker/docker/internal/test/daemon/daemon.go:202:
    t.Fatalf("failed to start daemon with arguments %v : %v", args, err.Error())
... Error: failed to start daemon with arguments [--swarm-default-advertise-addr=lo] : [d3d534386d888] Daemon exited during startup: exit status 1


----------------------------------------------------------------------
FAIL: docker_cli_swarm_test.go:128: DockerSwarmSuite.TestSwarmInitUnspecifiedAdvertiseAddr

[d39d3ec652dde] waiting for daemon to start
[d39d3ec652dde] exiting daemon
docker_cli_swarm_test.go:129:
    d := s.AddDaemon(c, false, false)
c:/gopath/src/github.com/docker/docker/internal/test/daemon/daemon.go:202:
    t.Fatalf("failed to start daemon with arguments %v : %v", args, err.Error())
... Error: failed to start daemon with arguments [--swarm-default-advertise-addr=lo] : [d39d3ec652dde] Daemon exited during startup: exit status 1


----------------------------------------------------------------------
FAIL: docker_cli_swarm_test.go:1535: DockerSwarmSuite.TestSwarmInitUnspecifiedDataPathAddr

[dddfd6b8ed066] waiting for daemon to start
[dddfd6b8ed066] exiting daemon
docker_cli_swarm_test.go:1536:
    d := s.AddDaemon(c, false, false)
c:/gopath/src/github.com/docker/docker/internal/test/daemon/daemon.go:202:
    t.Fatalf("failed to start daemon with arguments %v : %v", args, err.Error())
... Error: failed to start daemon with arguments [--swarm-default-advertise-addr=lo] : [dddfd6b8ed066] Daemon exited during startup: exit status 1


----------------------------------------------------------------------
FAIL: docker_cli_swarm_test.go:1378: DockerSwarmSuite.TestSwarmInitWithDrain

[d27d4804ae232] waiting for daemon to start
[d27d4804ae232] exiting daemon
docker_cli_swarm_test.go:1379:
    d := s.AddDaemon(c, false, false)
c:/gopath/src/github.com/docker/docker/internal/test/daemon/daemon.go:202:
    t.Fatalf("failed to start daemon with arguments %v : %v", args, err.Error())
... Error: failed to start daemon with arguments [--swarm-default-advertise-addr=lo] : [d27d4804ae232] Daemon exited during startup: exit status 1


----------------------------------------------------------------------
FAIL: docker_cli_swarm_test.go:1547: DockerSwarmSuite.TestSwarmJoinLeave

[d0354fc973113] waiting for daemon to start
[d0354fc973113] exiting daemon
docker_cli_swarm_test.go:1548:
    d := s.AddDaemon(c, true, true)
c:/gopath/src/github.com/docker/docker/internal/test/daemon/daemon.go:202:
    t.Fatalf("failed to start daemon with arguments %v : %v", args, err.Error())
... Error: failed to start daemon with arguments [--swarm-default-advertise-addr=lo] : [d0354fc973113] Daemon exited during startup: exit status 1


----------------------------------------------------------------------
FAIL: docker_cli_swarm_test.go:993: DockerSwarmSuite.TestSwarmJoinPromoteLocked

[ddfb29770951b] waiting for daemon to start
[ddfb29770951b] exiting daemon
docker_cli_swarm_test.go:994:
    d1 := s.AddDaemon(c, true, true)
c:/gopath/src/github.com/docker/docker/internal/test/daemon/daemon.go:202:
    t.Fatalf("failed to start daemon with arguments %v : %v", args, err.Error())
... Error: failed to start daemon with arguments [--swarm-default-advertise-addr=lo] : [ddfb29770951b] Daemon exited during startup: exit status 1


----------------------------------------------------------------------
FAIL: docker_cli_swarm_test.go:1350: DockerSwarmSuite.TestSwarmJoinWithDrain

[d190e08c0293d] waiting for daemon to start
[d190e08c0293d] exiting daemon
docker_cli_swarm_test.go:1351:
    d := s.AddDaemon(c, true, true)
c:/gopath/src/github.com/docker/docker/internal/test/daemon/daemon.go:202:
    t.Fatalf("failed to start daemon with arguments %v : %v", args, err.Error())
... Error: failed to start daemon with arguments [--swarm-default-advertise-addr=lo] : [d190e08c0293d] Daemon exited during startup: exit status 1


----------------------------------------------------------------------
FAIL: docker_cli_swarm_test.go:899: DockerSwarmSuite.TestSwarmLeaveLocked

[d9b87a20332f9] waiting for daemon to start
[d9b87a20332f9] exiting daemon
docker_cli_swarm_test.go:900:
    d := s.AddDaemon(c, false, false)
c:/gopath/src/github.com/docker/docker/internal/test/daemon/daemon.go:202:
    t.Fatalf("failed to start daemon with arguments %v : %v", args, err.Error())
... Error: failed to start daemon with arguments [--swarm-default-advertise-addr=lo] : [d9b87a20332f9] Daemon exited during startup: exit status 1


----------------------------------------------------------------------
FAIL: docker_cli_swarm_test.go:932: DockerSwarmSuite.TestSwarmLockUnlockCluster

[df3eebb624ce0] waiting for daemon to start
[df3eebb624ce0] exiting daemon
docker_cli_swarm_test.go:933:
    d1 := s.AddDaemon(c, true, true)
c:/gopath/src/github.com/docker/docker/internal/test/daemon/daemon.go:202:
    t.Fatalf("failed to start daemon with arguments %v : %v", args, err.Error())
... Error: failed to start daemon with arguments [--swarm-default-advertise-addr=lo] : [df3eebb624ce0] Daemon exited during startup: exit status 1


----------------------------------------------------------------------
FAIL: docker_cli_swarm_test.go:1239: DockerSwarmSuite.TestSwarmManagerAddress

[d96379e096bc4] waiting for daemon to start
[d96379e096bc4] exiting daemon
docker_cli_swarm_test.go:1240:
    d1 := s.AddDaemon(c, true, true)
c:/gopath/src/github.com/docker/docker/internal/test/daemon/daemon.go:202:
    t.Fatalf("failed to start daemon with arguments %v : %v", args, err.Error())
... Error: failed to start daemon with arguments [--swarm-default-advertise-addr=lo] : [d96379e096bc4] Daemon exited during startup: exit status 1


----------------------------------------------------------------------
FAIL: docker_cli_swarm_test.go:1309: DockerSwarmSuite.TestSwarmNetworkCreateDup

[d791a19464b92] waiting for daemon to start
[d791a19464b92] exiting daemon
docker_cli_swarm_test.go:1310:
    d := s.AddDaemon(c, true, true)
c:/gopath/src/github.com/docker/docker/internal/test/daemon/daemon.go:202:
    t.Fatalf("failed to start daemon with arguments %v : %v", args, err.Error())
... Error: failed to start daemon with arguments [--swarm-default-advertise-addr=lo] : [d791a19464b92] Daemon exited during startup: exit status 1


----------------------------------------------------------------------
FAIL: docker_cli_swarm_test.go:1286: DockerSwarmSuite.TestSwarmNetworkCreateIssue27866

[d795b9bfae414] waiting for daemon to start
[d795b9bfae414] exiting daemon
docker_cli_swarm_test.go:1287:
    d := s.AddDaemon(c, true, true)
c:/gopath/src/github.com/docker/docker/internal/test/daemon/daemon.go:202:
    t.Fatalf("failed to start daemon with arguments %v : %v", args, err.Error())
... Error: failed to start daemon with arguments [--swarm-default-advertise-addr=lo] : [d795b9bfae414] Daemon exited during startup: exit status 1


----------------------------------------------------------------------
FAIL: docker_cli_swarm_test.go:1260: DockerSwarmSuite.TestSwarmNetworkIPAMOptions

[d7617f61f7ed7] waiting for daemon to start
[d7617f61f7ed7] exiting daemon
docker_cli_swarm_test.go:1261:
    d := s.AddDaemon(c, true, true)
c:/gopath/src/github.com/docker/docker/internal/test/daemon/daemon.go:202:
    t.Fatalf("failed to start daemon with arguments %v : %v", args, err.Error())
... Error: failed to start daemon with arguments [--swarm-default-advertise-addr=lo] : [d7617f61f7ed7] Daemon exited during startup: exit status 1


----------------------------------------------------------------------
FAIL: docker_cli_swarm_test.go:218: DockerSwarmSuite.TestSwarmNodeListFilter

[dd4950f57cf30] waiting for daemon to start
[dd4950f57cf30] exiting daemon
docker_cli_swarm_test.go:219:
    d := s.AddDaemon(c, true, true)
c:/gopath/src/github.com/docker/docker/internal/test/daemon/daemon.go:202:
    t.Fatalf("failed to start daemon with arguments %v : %v", args, err.Error())
... Error: failed to start daemon with arguments [--swarm-default-advertise-addr=lo] : [dd4950f57cf30] Daemon exited during startup: exit status 1


----------------------------------------------------------------------
FAIL: docker_cli_swarm_test.go:237: DockerSwarmSuite.TestSwarmNodeTaskListFilter

[d73a6097b12cf] waiting for daemon to start
[d73a6097b12cf] exiting daemon
docker_cli_swarm_test.go:238:
    d := s.AddDaemon(c, true, true)
c:/gopath/src/github.com/docker/docker/internal/test/daemon/daemon.go:202:
    t.Fatalf("failed to start daemon with arguments %v : %v", args, err.Error())
... Error: failed to start daemon with arguments [--swarm-default-advertise-addr=lo] : [d73a6097b12cf] Daemon exited during startup: exit status 1


----------------------------------------------------------------------
FAIL: docker_cli_swarm_test.go:264: DockerSwarmSuite.TestSwarmPublishAdd

[dcf753f13e1c0] waiting for daemon to start
[dcf753f13e1c0] exiting daemon
docker_cli_swarm_test.go:265:
    d := s.AddDaemon(c, true, true)
c:/gopath/src/github.com/docker/docker/internal/test/daemon/daemon.go:202:
    t.Fatalf("failed to start daemon with arguments %v : %v", args, err.Error())
... Error: failed to start daemon with arguments [--swarm-default-advertise-addr=lo] : [dcf753f13e1c0] Daemon exited during startup: exit status 1


----------------------------------------------------------------------
FAIL: docker_cli_swarm_test.go:1331: DockerSwarmSuite.TestSwarmPublishDuplicatePorts

[d3b9677ea2438] waiting for daemon to start
[d3b9677ea2438] exiting daemon
docker_cli_swarm_test.go:1332:
    d := s.AddDaemon(c, true, true)
c:/gopath/src/github.com/docker/docker/internal/test/daemon/daemon.go:202:
    t.Fatalf("failed to start daemon with arguments %v : %v", args, err.Error())
... Error: failed to start daemon with arguments [--swarm-default-advertise-addr=lo] : [d3b9677ea2438] Daemon exited during startup: exit status 1


----------------------------------------------------------------------
SKIP: docker_cli_swarm_test.go:1389: DockerSwarmSuite.TestSwarmReadonlyRootfs (unmatched requirement DaemonIsLinux)

----------------------------------------------------------------------
FAIL: docker_api_swarm_test.go:941: DockerSwarmSuite.TestSwarmRepeatedRootRotation

[d5f43be0d6b16] waiting for daemon to start
[d5f43be0d6b16] exiting daemon
docker_api_swarm_test.go:942:
    m := s.AddDaemon(c, true, true)
c:/gopath/src/github.com/docker/docker/internal/test/daemon/daemon.go:202:
    t.Fatalf("failed to start daemon with arguments %v : %v", args, err.Error())
... Error: failed to start daemon with arguments [--swarm-default-advertise-addr=lo] : [d5f43be0d6b16] Daemon exited during startup: exit status 1


----------------------------------------------------------------------
FAIL: docker_cli_swarm_test.go:1052: DockerSwarmSuite.TestSwarmRotateUnlockKey

[d724ecc318ea3] waiting for daemon to start
[d724ecc318ea3] exiting daemon
docker_cli_swarm_test.go:1053:
    d := s.AddDaemon(c, true, true)
c:/gopath/src/github.com/docker/docker/internal/test/daemon/daemon.go:202:
    t.Fatalf("failed to start daemon with arguments %v : %v", args, err.Error())
... Error: failed to start daemon with arguments [--swarm-default-advertise-addr=lo] : [d724ecc318ea3] Daemon exited during startup: exit status 1


----------------------------------------------------------------------
FAIL: docker_cli_swarm_test.go:621: DockerSwarmSuite.TestSwarmServiceEnvFile

[d687bf72a77dc] waiting for daemon to start
[d687bf72a77dc] exiting daemon
docker_cli_swarm_test.go:622:
    d := s.AddDaemon(c, true, true)
c:/gopath/src/github.com/docker/docker/internal/test/daemon/daemon.go:202:
    t.Fatalf("failed to start daemon with arguments %v : %v", args, err.Error())
... Error: failed to start daemon with arguments [--swarm-default-advertise-addr=lo] : [d687bf72a77dc] Daemon exited during startup: exit status 1


----------------------------------------------------------------------
FAIL: docker_cli_swarm_test.go:177: DockerSwarmSuite.TestSwarmServiceListFilter

[d0912c0e579bc] waiting for daemon to start
[d0912c0e579bc] exiting daemon
docker_cli_swarm_test.go:178:
    d := s.AddDaemon(c, true, true)
c:/gopath/src/github.com/docker/docker/internal/test/daemon/daemon.go:202:
    t.Fatalf("failed to start daemon with arguments %v : %v", args, err.Error())
... Error: failed to start daemon with arguments [--swarm-default-advertise-addr=lo] : [d0912c0e579bc] Daemon exited during startup: exit status 1


----------------------------------------------------------------------
FAIL: docker_cli_swarm_test.go:1504: DockerSwarmSuite.TestSwarmServiceLsFilterMode

[dffbf173fa206] waiting for daemon to start
[dffbf173fa206] exiting daemon
docker_cli_swarm_test.go:1505:
    d := s.AddDaemon(c, true, true)
c:/gopath/src/github.com/docker/docker/internal/test/daemon/daemon.go:202:
    t.Fatalf("failed to start daemon with arguments %v : %v", args, err.Error())
... Error: failed to start daemon with arguments [--swarm-default-advertise-addr=lo] : [dffbf173fa206] Daemon exited during startup: exit status 1


----------------------------------------------------------------------
FAIL: docker_cli_swarm_test.go:710: DockerSwarmSuite.TestSwarmServiceNetworkUpdate

[db41fc7a2cd30] waiting for daemon to start
[db41fc7a2cd30] exiting daemon
docker_cli_swarm_test.go:711:
    d := s.AddDaemon(c, true, true)
c:/gopath/src/github.com/docker/docker/internal/test/daemon/daemon.go:202:
    t.Fatalf("failed to start daemon with arguments %v : %v", args, err.Error())
... Error: failed to start daemon with arguments [--swarm-default-advertise-addr=lo] : [db41fc7a2cd30] Daemon exited during startup: exit status 1


----------------------------------------------------------------------
FAIL: docker_cli_swarm_test.go:639: DockerSwarmSuite.TestSwarmServiceTTY

[d180840a57259] waiting for daemon to start
[d180840a57259] exiting daemon
docker_cli_swarm_test.go:640:
    d := s.AddDaemon(c, true, true)
c:/gopath/src/github.com/docker/docker/internal/test/daemon/daemon.go:202:
    t.Fatalf("failed to start daemon with arguments %v : %v", args, err.Error())
... Error: failed to start daemon with arguments [--swarm-default-advertise-addr=lo] : [d180840a57259] Daemon exited during startup: exit status 1


----------------------------------------------------------------------
FAIL: docker_cli_swarm_test.go:687: DockerSwarmSuite.TestSwarmServiceTTYUpdate

[deff474561946] waiting for daemon to start
[deff474561946] exiting daemon
docker_cli_swarm_test.go:688:
    d := s.AddDaemon(c, true, true)
c:/gopath/src/github.com/docker/docker/internal/test/daemon/daemon.go:202:
    t.Fatalf("failed to start daemon with arguments %v : %v", args, err.Error())
... Error: failed to start daemon with arguments [--swarm-default-advertise-addr=lo] : [deff474561946] Daemon exited during startup: exit status 1


----------------------------------------------------------------------
FAIL: docker_cli_swarm_test.go:159: DockerSwarmSuite.TestSwarmServiceTemplatingHostname

[d1989b973c45a] waiting for daemon to start
[d1989b973c45a] exiting daemon
docker_cli_swarm_test.go:160:
    d := s.AddDaemon(c, true, true)
c:/gopath/src/github.com/docker/docker/internal/test/daemon/daemon.go:202:
    t.Fatalf("failed to start daemon with arguments %v : %v", args, err.Error())
... Error: failed to start daemon with arguments [--swarm-default-advertise-addr=lo] : [d1989b973c45a] Daemon exited during startup: exit status 1


----------------------------------------------------------------------
FAIL: docker_cli_swarm_test.go:286: DockerSwarmSuite.TestSwarmServiceWithGroup

[ded2ed596f653] waiting for daemon to start
[ded2ed596f653] exiting daemon
docker_cli_swarm_test.go:287:
    d := s.AddDaemon(c, true, true)
c:/gopath/src/github.com/docker/docker/internal/test/daemon/daemon.go:202:
    t.Fatalf("failed to start daemon with arguments %v : %v", args, err.Error())
... Error: failed to start daemon with arguments [--swarm-default-advertise-addr=lo] : [ded2ed596f653] Daemon exited during startup: exit status 1


----------------------------------------------------------------------
SKIP: docker_cli_swarm_test.go:1476: DockerSwarmSuite.TestSwarmStopSignal (unmatched requirement DaemonIsLinux)

----------------------------------------------------------------------
FAIL: docker_cli_swarm_test.go:529: DockerSwarmSuite.TestSwarmTaskListFilter

[d527a153ac7a1] waiting for daemon to start
[d527a153ac7a1] exiting daemon
docker_cli_swarm_test.go:530:
    d := s.AddDaemon(c, true, true)
c:/gopath/src/github.com/docker/docker/internal/test/daemon/daemon.go:202:
    t.Fatalf("failed to start daemon with arguments %v : %v", args, err.Error())
... Error: failed to start daemon with arguments [--swarm-default-advertise-addr=lo] : [d527a153ac7a1] Daemon exited during startup: exit status 1


----------------------------------------------------------------------
FAIL: docker_cli_swarm_test.go:25: DockerSwarmSuite.TestSwarmUpdate

[de174ea396528] waiting for daemon to start
[de174ea396528] exiting daemon
docker_cli_swarm_test.go:26:
    d := s.AddDaemon(c, true, true)
c:/gopath/src/github.com/docker/docker/internal/test/daemon/daemon.go:202:
    t.Fatalf("failed to start daemon with arguments %v : %v", args, err.Error())
... Error: failed to start daemon with arguments [--swarm-default-advertise-addr=lo] : [de174ea396528] Daemon exited during startup: exit status 1


----------------------------------------------------------------------
FAIL: docker_cli_swarm_test.go:832: DockerSwarmSuite.TestUnlockEngineAndUnlockedSwarm

[d90a5405330ad] waiting for daemon to start
[d90a5405330ad] exiting daemon
docker_cli_swarm_test.go:833:
    d := s.AddDaemon(c, false, false)
c:/gopath/src/github.com/docker/docker/internal/test/daemon/daemon.go:202:
    t.Fatalf("failed to start daemon with arguments %v : %v", args, err.Error())
... Error: failed to start daemon with arguments [--swarm-default-advertise-addr=lo] : [d90a5405330ad] Daemon exited during startup: exit status 1


----------------------------------------------------------------------
FAIL: docker_api_swarm_test.go:161: DockerSwarmSuite.TestUpdateSwarmAddExternalCA

[da6d0f30e54e7] waiting for daemon to start
[da6d0f30e54e7] exiting daemon
docker_api_swarm_test.go:162:
    d1 := s.AddDaemon(c, false, false)
c:/gopath/src/github.com/docker/docker/internal/test/daemon/daemon.go:202:
    t.Fatalf("failed to start daemon with arguments %v : %v", args, err.Error())
... Error: failed to start daemon with arguments [--swarm-default-advertise-addr=lo] : [da6d0f30e54e7] Daemon exited during startup: exit status 1

OOPS: 0 passed, 4 skipped, 91 FAILED
--- FAIL: Test (10.05s)
FAIL
exit status 1
FAIL	github.com/docker/docker/integration-cli	10.146s


ERROR: Failed 'ERROR: Integration tests failed at 12/31/2018 14:18:00. Duration:00:00:19.8805173' at 12/31/2018 14:18:00
At C:\gopath\src\github.com\docker\docker\hack\ci\windows.ps1:851 char:17
+ ...             Throw "ERROR: Integration tests failed at $(Get-Date). Du ...
+                 ~~~~~~~~~~~~~~~~~~~~~~~~~~~~~~~~~~~~~~~~~~~~~~~~~~~~~~~~~



INFO: Tidying up at end of run
INFO: Saving daemon under test log (d:\CI\CI-164a6a2704\dut.err) to d:\temp\CIDUT.log
INFO: Nuke-Everything...
INFO: Container count on control daemon to delete is 1
d4a79ec07c00
INFO: Non-base image count on control daemon to delete is 43
INFO: Killing daemon with PID 19736
INFO: Tidying pidfile d:\CI\CI-164a6a2704\docker.pid
INFO: Stopping possible daemon pid 19736
INFO: Nuking d:\CI
ERROR:  hcsshim::DestroyLayer - Win32 API call returned error r1=0x80070020 err=The process cannot access the file because it is being used by another process.id=CI flavour=0

INFO: executeCI.ps1 exiting at Mon Dec 31 14:18:03 CUT 2018. Duration 00:05:11.5846954

Build step 'Windows PowerShell' marked build as failure
Set build name.
New build name is '#38432'
[PostBuildScript] - Executing post build scripts.
Notifying endpoint with url 'https://leeroy.dockerproject.org/notification/jenkins'
Finished: FAILURE
