Started by user Gordon
Notifying endpoint with url 'https://leeroy.dockerproject.org/notification/jenkins'
[EnvInject] - Loading node environment variables.
Building remotely on azure-windows-rs5-2 (windows-rs5) in workspace /gopath/src/github.com/docker/docker
Wiping out workspace first.
Cloning the remote Git repository
Cloning repository https://github.com/moby/moby.git
 > git init C:\gopath\src\github.com\docker\docker # timeout=10
Fetching upstream changes from https://github.com/moby/moby.git
 > git --version # timeout=10
 > git fetch --tags --progress https://github.com/moby/moby.git +refs/heads/*:refs/remotes/origin/*
 > git config remote.origin.url https://github.com/moby/moby.git # timeout=10
 > git config --add remote.origin.fetch +refs/heads/*:refs/remotes/origin/* # timeout=10
 > git config remote.origin.url https://github.com/moby/moby.git # timeout=10
Fetching upstream changes from https://github.com/moby/moby.git
 > git fetch --tags --progress https://github.com/moby/moby.git +refs/heads/*:refs/remotes/origin/*
 > git rev-parse "origin/master^{commit}" # timeout=10
Checking out Revision f76d6a078d881f410c00e8d900dcdfc2e026c841 (origin/master)
 > git config core.sparsecheckout # timeout=10
 > git checkout -f f76d6a078d881f410c00e8d900dcdfc2e026c841
Commit message: "Merge pull request #38370 from farnasirim/36413-bind-dir-skip-copy"
 > git rev-list --no-walk f76d6a078d881f410c00e8d900dcdfc2e026c841 # timeout=10
Set build name.
New build name is '#38432'
[docker] $ sh -xe C:\Users\jenkins\jenkins7207519054496597188.sh
+ git fetch origin +refs/pull/38432/head:refs/remotes/origin/pr/38432
From https://github.com/moby/moby
 * [new ref]               refs/pull/38432/head -> origin/pr/38432
+ git merge origin/pr/38432
Merge made by the 'recursive' strategy.
 hack/ci/windows.ps1                                |   7 +-
 integration-cli/check_test.go                      |   3 +-
 integration-cli/docker_api_swarm_node_test.go      |   2 -
 integration-cli/docker_api_swarm_service_test.go   |  79 ---------
 .../docker_api_swarm_service_unix_test.go          |  90 ++++++++++
 integration-cli/docker_api_swarm_test.go           |   2 -
 integration-cli/docker_cli_swarm_test.go           | 196 ---------------------
 integration-cli/docker_cli_swarm_unix_test.go      | 195 ++++++++++++++++++++
 internal/test/daemon/daemon.go                     |   5 -
 internal/test/daemon/daemon_unix.go                |   6 +
 internal/test/daemon/daemon_windows.go             |   6 +
 internal/test/daemon/swarm.go                      |   4 -
 internal/test/daemon/swarm_unix.go                 |   7 +
 internal/test/daemon/swarm_windows.go              |   7 +
 14 files changed, 316 insertions(+), 293 deletions(-)
 create mode 100644 integration-cli/docker_api_swarm_service_unix_test.go
 create mode 100644 internal/test/daemon/swarm_unix.go
 create mode 100644 internal/test/daemon/swarm_windows.go
[docker] $ powershell.exe -NonInteractive -ExecutionPolicy ByPass "& 'C:\Users\jenkins\jenkins920068424148046318.ps1'"

INFO: executeCI.ps1 starting at Mon Dec 31 13:52:53 CUT 2018

INFO: Script version 28-Aug-2018 09:33 PDT
INFO: Running git version 2.18.0.windows.1
INFO: Branch:rs5_release Build:17763.1.180914-1434
INFO: Environment variables:

Name                           Value                                                                                   
----                           -----                                                                                   
_                              /cygdrive/c/ProgramData/Oracle/Java/javapath/java                                       
ALLUSERSPROFILE                C:\ProgramData                                                                          
APPDATA                        C:\Users\jenkins\AppData\Roaming                                                        
BASE_BRANCH                    master                                                                                  
BUILD_CAUSE                    MANUALTRIGGER                                                                           
BUILD_CAUSE_MANUALTRIGGER      true                                                                                    
BUILD_DISPLAY_NAME             #38432                                                                                  
BUILD_ID                       916                                                                                     
BUILD_NUMBER                   916                                                                                     
BUILD_TAG                      jenkins-Docker-PRs-WoW-RS5-Process-916                                                  
BUILD_URL                      https://jenkins.dockerproject.org/job/Docker-PRs-WoW-RS5-Process/916/                   
CommonProgramFiles             C:\Program Files\Common Files                                                           
CommonProgramFiles(x86)        C:\Program Files (x86)\Common Files                                                     
CommonProgramW6432             C:\Program Files\Common Files                                                           
COMPUTERNAME                   jenkins-rs5-2                                                                           
COMSPEC                        C:\Windows\system32\cmd.exe                                                             
ConfigSet                      rs                                                                                      
CYGWIN                         binmode ntsec                                                                           
DriverData                     C:\Windows\System32\Drivers\DriverData                                                  
EXECUTOR_NUMBER                0                                                                                       
GIT_AUTHOR_EMAIL               janky@dockerproject.org                                                                 
GIT_AUTHOR_NAME                Docker Jenkins                                                                          
GIT_BASE_REPO                  moby/moby                                                                               
GIT_BRANCH                     origin/master                                                                           
GIT_COMMIT                     f76d6a078d881f410c00e8d900dcdfc2e026c841                                                
GIT_COMMITTER_EMAIL            janky@dockerproject.org                                                                 
GIT_COMMITTER_NAME             Docker Jenkins                                                                          
GIT_HEAD_REPO                  olljanat/moby                                                                           
GIT_PREVIOUS_COMMIT            f76d6a078d881f410c00e8d900dcdfc2e026c841                                                
GIT_PREVIOUS_SUCCESSFUL_COMMIT f76d6a078d881f410c00e8d900dcdfc2e026c841                                                
GIT_SHA1                       73562519698eada583fca8de129cc6376b81d9c2                                                
GIT_URL                        https://github.com/moby/moby.git                                                        
GITHUB_URL                     https://github.com/moby/moby/pull/38432                                                 
HOME                           C:\cygwin\home\jenkins                                                                  
HOMEDRIVE                      C:                                                                                      
HOMEPATH                       \cygwin\home\jenkins                                                                    
HUDSON_COOKIE                  3cabfc87-7f70-4e82-9df1-1e2141914671                                                    
HUDSON_HOME                    /var/jenkins_home                                                                       
HUDSON_SERVER_COOKIE           5654907fc74b1465                                                                        
HUDSON_URL                     https://jenkins.dockerproject.org/                                                      
INTEGRATION_TEST_NAME          DockerSwarmSuite                                                                        
JENKINS_HOME                   /var/jenkins_home                                                                       
JENKINS_SERVER_COOKIE          5654907fc74b1465                                                                        
JENKINS_URL                    https://jenkins.dockerproject.org/                                                      
JOB_BASE_NAME                  Docker-PRs-WoW-RS5-Process                                                              
JOB_DISPLAY_URL                https://jenkins.dockerproject.org/job/Docker-PRs-WoW-RS5-Process/display/redirect       
JOB_NAME                       Docker-PRs-WoW-RS5-Process                                                              
JOB_URL                        https://jenkins.dockerproject.org/job/Docker-PRs-WoW-RS5-Process/                       
LOCALAPPDATA                   C:\Users\jenkins\AppData\Local                                                          
LOGNAME                        jenkins                                                                                 
LOGONSERVER                    \\jenkins-rs5-2                                                                         
MAIL                           /var/spool/mail//jenkins                                                                
NODE_LABELS                    azure-windows-rs5-2 windows-rs5                                                         
NODE_NAME                      azure-windows-rs5-2                                                                     
NUMBER_OF_PROCESSORS           4                                                                                       
OLDPWD                         /home/jenkins                                                                           
OS                             Windows_NT                                                                              
PATH                           C:\cygwin\bin;C:\ProgramData\Oracle\Java\javapath;C:\pstools;C:\Program Files\Notepad...
PATHEXT                        .COM;.EXE;.BAT;.CMD;.VBS;.VBE;.JS;.JSE;.WSF;.WSH;.MSC;.CPL                              
PR                             38432                                                                                   
PROCESSOR_ARCHITECTURE         AMD64                                                                                   
PROCESSOR_IDENTIFIER           Intel64 Family 6 Model 79 Stepping 1, GenuineIntel                                      
PROCESSOR_LEVEL                6                                                                                       
PROCESSOR_REVISION             4f01                                                                                    
ProgramData                    C:\ProgramData                                                                          
PROGRAMFILES                   C:\Program Files                                                                        
ProgramFiles(x86)              C:\Program Files (x86)                                                                  
ProgramW6432                   C:\Program Files                                                                        
PSExecutionPolicyPreference    Bypass                                                                                  
PSModulePath                   C:\Users\jenkins\Documents\WindowsPowerShell\Modules;C:\Program Files\WindowsPowerShe...
PUBLIC                         C:\Users\Public                                                                         
PWD                            /cygdrive/c/workspace                                                                   
ROOT_BUILD_CAUSE               MANUALTRIGGER                                                                           
ROOT_BUILD_CAUSE_MANUALTRIGGER true                                                                                    
RUN_CHANGES_DISPLAY_URL        https://jenkins.dockerproject.org/job/Docker-PRs-WoW-RS5-Process/916/display/redirect...
RUN_DISPLAY_URL                https://jenkins.dockerproject.org/job/Docker-PRs-WoW-RS5-Process/916/display/redirect   
SHELL                          /bin/bash                                                                               
SHLVL                          1                                                                                       
SKIP_UNIT_TESTS                yes                                                                                     
SKIP_VALIDATION_TESTS          yes                                                                                     
SOURCES_DRIVE                  c                                                                                       
SOURCES_SUBDIR                 gopath                                                                                  
SSH_CLIENT                     52.88.204.51 46979 22                                                                   
SSH_CONNECTION                 52.88.204.51 46979 10.0.0.21 22                                                         
SYSTEMDRIVE                    C:                                                                                      
SYSTEMROOT                     C:\Windows                                                                              
TEMP                           d:\temp                                                                                 
TESTRUN_DRIVE                  d                                                                                       
TESTRUN_SUBDIR                 CI                                                                                      
USER                           jenkins                                                                                 
USERDOMAIN                     jenkins-rs5-2                                                                           
USERNAME                       jenkins                                                                                 
USERPROFILE                    C:\Users\jenkins                                                                        
WINDIR                         C:\Windows                                                                              
WORKSPACE                      /gopath/src/github.com/docker/docker                                                    



INFO: PR#38432 (https://github.com/docker/docker/pull/38432)
INFO: Sources under c:\gopath\...
INFO: Test run under d:\CI\...
INFO: Running in C:\gopath\src\github.com\docker\docker
INFO: docker/docker repository was found
INFO: Image microsoft/windowsservercore:latest is already loaded in the control daemon
INFO: Version of microsoft/windowsservercore:latest is '10.0.17763.1'
INFO: Docker version of control daemon

Client:
 Version:           master-dockerproject-2018-09-18
 API version:       1.39
 Go version:        go1.10.4
 Git commit:        b4180e87
 Built:             Tue Sep 18 23:49:29 2018
 OS/Arch:           windows/amd64
 Experimental:      false

Server:
 Engine:
  Version:          master-dockerproject-2018-09-18
  API version:      1.39 (minimum version 1.24)
  Go version:       go1.11
  Git commit:       d6a7c22
  Built:            Tue Sep 18 23:58:14 2018
  OS/Arch:          windows/amd64
  Experimental:     false

INFO: Docker info of control daemon

Containers: 0
 Running: 0
 Paused: 0
 Stopped: 0
Images: 7
Server Version: master-dockerproject-2018-09-18
Storage Driver: windowsfilter
 Windows: 
Logging Driver: json-file
Plugins:
 Volume: local
 Network: ics l2bridge l2tunnel nat null overlay transparent
 Log: awslogs etwlogs fluentd gcplogs gelf json-file local logentries splunk syslog
Swarm: inactive
Default Isolation: process
Kernel Version: 10.0 17763 (17763.1.amd64fre.rs5_release.180914-1434)
Operating System: Windows Server 2019 Datacenter Version 1809 (OS Build 17763.1)
OSType: windows
Architecture: x86_64
CPUs: 4
Total Memory: 16GiB
Name: jenkins-rs5-2
ID: MVRJ:ZJZM:J33H:P3FY:TDVA:MMIJ:GADO:SKKO:I2UB:KHSQ:Z642:ST2M
Docker Root Dir: D:\control
Debug Mode (client): false
Debug Mode (server): false
Registry: https://index.docker.io/v1/
Labels:
Experimental: false
Insecure Registries:
 127.0.0.0/8
Live Restore Enabled: false


INFO: Commit hash is 73f2eb62fa
INFO: Nuke-Everything...
INFO: Container count on control daemon to delete is 0
INFO: Nuking d:\CI
ERROR:  hcsshim::DestroyLayer - Win32 API call returned error r1=0x80070020 err=The process cannot access the file because it is being used by another process.id=CI flavour=0
INFO: Location for testing is d:\CI\CI-73f2eb62fa
INFO: Validating GOLang consistency in Dockerfile.windows...


INFO: Building the image from Dockerfile.windows at 12/31/2018 13:52:57...

Sending build context to Docker daemon  46.38MB

Step 1/7 : FROM microsoft/windowsservercore
 ---> e523d49b4b94
Step 2/7 : SHELL ["powershell", "-Command", "$ErrorActionPreference = 'Stop'; $ProgressPreference = 'SilentlyContinue';"]
 ---> Using cache
 ---> 527e359caaa1
Step 3/7 : ENV GO_VERSION=1.11.4     GIT_VERSION=2.11.1     GOPATH=C:\go     FROM_DOCKERFILE=1
 ---> Using cache
 ---> 9fda0fa6832c
Step 4/7 : RUN   Function Test-Nano() {     $EditionId = (Get-ItemProperty -Path 'HKLM:\SOFTWARE\Microsoft\Windows NT\CurrentVersion' -Name 'EditionID').EditionId;     return (($EditionId -eq 'ServerStandardNano') -or ($EditionId -eq 'ServerDataCenterNano') -or ($EditionId -eq 'NanoServer'));   }    Function Download-File([string] $source, [string] $target) {     if (Test-Nano) {       $handler = New-Object System.Net.Http.HttpClientHandler;       $client = New-Object System.Net.Http.HttpClient($handler);       $client.Timeout = New-Object System.TimeSpan(0, 30, 0);       $cancelTokenSource = [System.Threading.CancellationTokenSource]::new();       $responseMsg = $client.GetAsync([System.Uri]::new($source), $cancelTokenSource.Token);       $responseMsg.Wait();       if (!$responseMsg.IsCanceled) {         $response = $responseMsg.Result;         if ($response.IsSuccessStatusCode) {           $downloadedFileStream = [System.IO.FileStream]::new($target, [System.IO.FileMode]::Create, [System.IO.FileAccess]::Write);           $copyStreamOp = $response.Content.CopyToAsync($downloadedFileStream);           $copyStreamOp.Wait();           $downloadedFileStream.Close();           if ($copyStreamOp.Exception -ne $null) { throw $copyStreamOp.Exception }         }       } else {       Throw ("Failed to download " + $source)       }    } else {       $webClient = New-Object System.Net.WebClient;       $webClient.DownloadFile($source, $target);     }   }     setx /M PATH $('C:\git\cmd;C:\git\usr\bin;'+$Env:PATH+';C:\gcc\bin;C:\go\bin');     Write-Host INFO: Downloading git...;   $location='https://www.nuget.org/api/v2/package/GitForWindows/'+$Env:GIT_VERSION;   Download-File $location C:\gitsetup.zip;     Write-Host INFO: Downloading go...;   Download-File $('https://golang.org/dl/go'+$Env:GO_VERSION+'.windows-amd64.zip') C:\go.zip;     Write-Host INFO: Downloading compiler 1 of 3...;   Download-File https://raw.githubusercontent.com/jhowardmsft/docker-tdmgcc/master/gcc.zip C:\gcc.zip;     Write-Host INFO: Downloading compiler 2 of 3...;   Download-File https://raw.githubusercontent.com/jhowardmsft/docker-tdmgcc/master/runtime.zip C:\runtime.zip;     Write-Host INFO: Downloading compiler 3 of 3...;   Download-File https://raw.githubusercontent.com/jhowardmsft/docker-tdmgcc/master/binutils.zip C:\binutils.zip;     Write-Host INFO: Extracting git...;   Expand-Archive C:\gitsetup.zip C:\git-tmp;   New-Item -Type Directory C:\git | Out-Null;   Move-Item C:\git-tmp\tools\* C:\git\.;   Remove-Item -Recurse -Force C:\git-tmp;     Write-Host INFO: Expanding go...;   Expand-Archive C:\go.zip -DestinationPath C:\;     Write-Host INFO: Expanding compiler 1 of 3...;   Expand-Archive C:\gcc.zip -DestinationPath C:\gcc -Force;   Write-Host INFO: Expanding compiler 2 of 3...;   Expand-Archive C:\runtime.zip -DestinationPath C:\gcc -Force;   Write-Host INFO: Expanding compiler 3 of 3...;   Expand-Archive C:\binutils.zip -DestinationPath C:\gcc -Force;     Write-Host INFO: Removing downloaded files...;   Remove-Item C:\gcc.zip;   Remove-Item C:\runtime.zip;   Remove-Item C:\binutils.zip;   Remove-Item C:\gitsetup.zip;     Write-Host INFO: Creating source directory...;   New-Item -ItemType Directory -Path C:\go\src\github.com\docker\docker | Out-Null;     Write-Host INFO: Configuring git core.autocrlf...;   C:\git\cmd\git config --global core.autocrlf true;     Write-Host INFO: Completed
 ---> Using cache
 ---> 9294127bb133
Step 5/7 : ENTRYPOINT ["powershell.exe"]
 ---> Using cache
 ---> 50e5881bd088
Step 6/7 : WORKDIR C:\go\src\github.com\docker\docker
 ---> Using cache
 ---> 4fca7a7a3797
Step 7/7 : COPY . .
 ---> cf4e424aa666
Successfully built cf4e424aa666
Successfully tagged docker:latest
INFO: Image build ended at 12/31/2018 13:53:30. Duration:00:00:32.8172157


INFO: Building the test binaries at 12/31/2018 13:53:30...
INFO: make.ps1 starting at 12/31/2018 13:53:33
INFO: Git commit (73f2eb62fa) assumed from DOCKER_GITCOMMIT environment variable
INFO: Invoking autogen...
INFO: Building daemon...
INFO: Downloading docker/cli version 17.06.0-ce from edge...

 ________   ____  __.
 \_____  \ |    |/ _|
 /   |   \|      <
 /    |    \    |  \
 \_______  /____|__ \
         \/        \/

INFO: make.ps1 ended at 12/31/2018 13:54:39
INFO: Binaries build ended at 12/31/2018 13:54:41. Duration:00:01:10.4478922
INFO: Copying the built daemon binary to d:\CI\CI-73f2eb62fa\binary\dockerd-73f2eb62fa.exe...
INFO: Copying the built client binary to d:\CI\CI-73f2eb62fa\binary\docker-73f2eb62fa.exe...
INFO: Copying dockerversion from the container...
INFO: Copying the golang package from the container to d:\CI\CI-73f2eb62fa\installer\go.zip...
INFO: Extracting go.zip to d:\CI\CI-73f2eb62fa\go
INFO: Extraction ended at 12/31/2018 13:55:06. Duration:00:00:22.2397508
INFO: Updating the golang and path environment variables
INFO: GOPATH=c:\gopath
INFO: go version go1.11.4 windows/amd64
INFO: Starting a daemon under test...
INFO: Args: -H tcp://0.0.0.0:2357 --data-root d:\CI\CI-73f2eb62fa\daemon --pidfile d:\CI\CI-73f2eb62fa\docker.pid
INFO: Process started successfully.
INFO: Waiting for the daemon under test to start...
INFO: Daemon under test started and replied!
INFO: Docker version of the daemon under test

Client:
 Version:      17.06.0-ce
 API version:  1.30
 Go version:   go1.8.3
 Git commit:   02c1d87
 Built:        Fri Jun 23 21:30:30 2017
 OS/Arch:      windows/amd64

Server:
 Version:      0.0.0-dev
 API version:  1.40 (minimum version 1.24)
 Go version:   go1.11.4
 Git commit:   73f2eb62fa
 Built:        12/31/2018 13:53:33
 OS/Arch:      windows/amd64
 Experimental: false

INFO: Docker info of the daemon under test

Containers: 0
 Running: 0
 Paused: 0
 Stopped: 0
Images: 0
Server Version: 0.0.0-dev
Storage Driver: windowsfilter
 Windows: 
Logging Driver: json-file
Plugins: 
 Volume: local
 Network: ics l2bridge l2tunnel nat null overlay transparent
 Log: awslogs etwlogs fluentd gcplogs gelf json-file local logentries splunk syslog
Swarm: inactive
Default Isolation: process
Kernel Version: 10.0 17763 (17763.1.amd64fre.rs5_release.180914-1434)
Operating System: Windows Server 2019 Datacenter Version 1809 (OS Build 17763.1)
OSType: windows
Architecture: x86_64
CPUs: 4
Total Memory: 16GiB
Name: jenkins-rs5-2
ID: SXO2:JNLU:LLYD:5ZP7:3FHD:WUJH:TXXN:LET6:AUG2:SCM2:75FS:AROC
Docker Root Dir: D:\CI\CI-73f2eb62fa\daemon
Debug Mode (client): false
Debug Mode (server): false
Registry: https://index.docker.io/v1/
Labels:
Experimental: false
Insecure Registries:
 127.0.0.0/8
Live Restore Enabled: false


INFO: Docker images of the daemon under test

REPOSITORY          TAG                 IMAGE ID            CREATED             SIZE

INFO: Base image for tests is microsoft/windowsservercore
INFO: Loading windowsservercore .tar from disk into the daemon under test. This may take some time...
Loaded image: microsoft/windowsservercore:10.0.17763.1
Loaded image: microsoft/windowsservercore:latest
INFO: docker load of windowsservercore  into daemon under test completed successfully
INFO: Version of microsoft/windowsservercore:latest is '10.0.17763.1'
WARN: Skipping validation tests
WARN: Skipping unit tests
INFO: Building busybox
Downloading build context from remote url: https://raw.githubusercontent.com/jhowardmsft/busybox/v1.1/Dockerfile     701B
Downloading build context from remote url: https://raw.githubusercontent.com/jhowardmsft/busybox/v1.1/Dockerfile     701B

Sending build context to Docker daemon   2.56kB

Step 1/6 : FROM microsoft/windowsservercore
 ---> e523d49b4b94
Step 2/6 : RUN mkdir C:\tmp && mkdir C:\bin
 ---> Running in 0d6ca2baf42a
Removing intermediate container 0d6ca2baf42a
 ---> 18f85c3afd84
Step 3/6 : ADD http://frippery.org/files/busybox/busybox.exe /bin/

 ---> af7987bdaa60
Step 4/6 : RUN setx /M PATH "C:\bin;%PATH%"
 ---> Running in cc8f1805841e

SUCCESS: Specified value was saved.
Removing intermediate container cc8f1805841e
 ---> ac1fbb9a29e1
Step 5/6 : RUN powershell busybox.exe --list ^|%{$nul = cmd /c mklink C:\bin\$_.exe busybox.exe}
 ---> Running in 9d00f6fdd4ec
Cannot create a file when that file already exists.
Removing intermediate container 9d00f6fdd4ec
 ---> f3b592425fcd
Step 6/6 : CMD ["sh"]
 ---> Running in 1641b979b8ef
Removing intermediate container 1641b979b8ef
 ---> 0c6adc79e10c
Successfully built 0c6adc79e10c
Successfully tagged busybox:latest
INFO: Docker images of the daemon under test

REPOSITORY                    TAG                 IMAGE ID            CREATED                  SIZE
busybox                       latest              0c6adc79e10c        Less than a second ago   3.49GB
microsoft/windowsservercore   10.0.17763.1        e523d49b4b94        3 months ago             3.47GB
microsoft/windowsservercore   latest              e523d49b4b94        3 months ago             3.47GB

INFO: Running integration tests at 12/31/2018 13:57:48...
WARN: Only running integration tests matching DockerSwarmSuite
INFO: Integration tests being run from the host:
INFO: go test "-check.v" "-check.f" "DockerSwarmSuite" "-tags" "autogen" "-check.timeout" "10m" "-test.timeout" "200m" 
INFO: DOCKER_HOST at tcp://127.0.0.1:2357
INFO: Windows Base image is  microsoft/windowsservercore
INFO: Testing against a local daemon

----------------------------------------------------------------------
FAIL: docker_api_swarm_test.go:883: DockerSwarmSuite.TestAPIDuplicateNetworks

[d2961a1f11c50] waiting for daemon to start
[d2961a1f11c50] exiting daemon
docker_api_swarm_test.go:884:
    d := s.AddDaemon(c, true, true)
c:/gopath/src/github.com/docker/docker/internal/test/daemon/daemon.go:202:
    t.Fatalf("failed to start daemon with arguments %v : %v", args, err)
... Error: failed to start daemon with arguments [--swarm-default-advertise-addr=lo] : [d2961a1f11c50] Daemon exited during startup: exit status 1


----------------------------------------------------------------------
FAIL: docker_api_swarm_test.go:1010: DockerSwarmSuite.TestAPINetworkInspectWithScope

[dcd3bd5547a40] waiting for daemon to start
[dcd3bd5547a40] exiting daemon
docker_api_swarm_test.go:1011:
    d := s.AddDaemon(c, true, true)
c:/gopath/src/github.com/docker/docker/internal/test/daemon/daemon.go:202:
    t.Fatalf("failed to start daemon with arguments %v : %v", args, err)
... Error: failed to start daemon with arguments [--swarm-default-advertise-addr=lo] : [dcd3bd5547a40] Daemon exited during startup: exit status 1


----------------------------------------------------------------------
FAIL: docker_api_swarm_service_test.go:28: DockerSwarmSuite.TestAPIServiceUpdatePort

[de2a2d7a7a579] waiting for daemon to start
[de2a2d7a7a579] exiting daemon
docker_api_swarm_service_test.go:29:
    d := s.AddDaemon(c, true, true)
c:/gopath/src/github.com/docker/docker/internal/test/daemon/daemon.go:202:
    t.Fatalf("failed to start daemon with arguments %v : %v", args, err)
... Error: failed to start daemon with arguments [--swarm-default-advertise-addr=lo] : [de2a2d7a7a579] Daemon exited during startup: exit status 1


----------------------------------------------------------------------
FAIL: docker_api_swarm_test.go:183: DockerSwarmSuite.TestAPISwarmCAHash

[d74336f000ba2] waiting for daemon to start
[d74336f000ba2] exiting daemon
docker_api_swarm_test.go:184:
    d1 := s.AddDaemon(c, true, true)
c:/gopath/src/github.com/docker/docker/internal/test/daemon/daemon.go:202:
    t.Fatalf("failed to start daemon with arguments %v : %v", args, err)
... Error: failed to start daemon with arguments [--swarm-default-advertise-addr=lo] : [d74336f000ba2] Daemon exited during startup: exit status 1


----------------------------------------------------------------------
FAIL: docker_api_swarm_test.go:867: DockerSwarmSuite.TestAPISwarmErrorHandling

[de5a318d2bb36] waiting for daemon to start
[de5a318d2bb36] exiting daemon
docker_api_swarm_test.go:871:
    d := s.AddDaemon(c, false, false)
c:/gopath/src/github.com/docker/docker/internal/test/daemon/daemon.go:202:
    t.Fatalf("failed to start daemon with arguments %v : %v", args, err)
... Error: failed to start daemon with arguments [--swarm-default-advertise-addr=lo] : [de5a318d2bb36] Daemon exited during startup: exit status 1


----------------------------------------------------------------------
FAIL: docker_api_swarm_test.go:538: DockerSwarmSuite.TestAPISwarmForceNewCluster

[d2b8eee3a9a7e] waiting for daemon to start
[d2b8eee3a9a7e] exiting daemon
docker_api_swarm_test.go:539:
    d1 := s.AddDaemon(c, true, true)
c:/gopath/src/github.com/docker/docker/internal/test/daemon/daemon.go:202:
    t.Fatalf("failed to start daemon with arguments %v : %v", args, err)
... Error: failed to start daemon with arguments [--swarm-default-advertise-addr=lo] : [d2b8eee3a9a7e] Daemon exited during startup: exit status 1


----------------------------------------------------------------------
SKIP: docker_api_swarm_test.go:914: DockerSwarmSuite.TestAPISwarmHealthcheckNone (Root cause of Issue #36386 is needed)

----------------------------------------------------------------------
FAIL: docker_api_swarm_test.go:33: DockerSwarmSuite.TestAPISwarmInit

[dda3db5ea6ebf] waiting for daemon to start
[dda3db5ea6ebf] exiting daemon
docker_api_swarm_test.go:35:
    // todo: should find a better way to verify that components are running than /info
    d1 := s.AddDaemon(c, true, true)
c:/gopath/src/github.com/docker/docker/internal/test/daemon/daemon.go:202:
    t.Fatalf("failed to start daemon with arguments %v : %v", args, err)
... Error: failed to start daemon with arguments [--swarm-default-advertise-addr=lo] : [dda3db5ea6ebf] Daemon exited during startup: exit status 1


----------------------------------------------------------------------
FAIL: docker_api_swarm_test.go:520: DockerSwarmSuite.TestAPISwarmInvalidAddress

[d66b62dcd7561] waiting for daemon to start
[d66b62dcd7561] exiting daemon
docker_api_swarm_test.go:521:
    d := s.AddDaemon(c, false, false)
c:/gopath/src/github.com/docker/docker/internal/test/daemon/daemon.go:202:
    t.Fatalf("failed to start daemon with arguments %v : %v", args, err)
... Error: failed to start daemon with arguments [--swarm-default-advertise-addr=lo] : [d66b62dcd7561] Daemon exited during startup: exit status 1


----------------------------------------------------------------------
FAIL: docker_api_swarm_test.go:79: DockerSwarmSuite.TestAPISwarmJoinToken

[dad907f1eac2d] waiting for daemon to start
[dad907f1eac2d] exiting daemon
docker_api_swarm_test.go:80:
    d1 := s.AddDaemon(c, false, false)
c:/gopath/src/github.com/docker/docker/internal/test/daemon/daemon.go:202:
    t.Fatalf("failed to start daemon with arguments %v : %v", args, err)
... Error: failed to start daemon with arguments [--swarm-default-advertise-addr=lo] : [dad907f1eac2d] Daemon exited during startup: exit status 1


----------------------------------------------------------------------
FAIL: docker_api_swarm_test.go:294: DockerSwarmSuite.TestAPISwarmLeaderElection

[df62d612e7d64] waiting for daemon to start
[df62d612e7d64] exiting daemon
docker_api_swarm_test.go:296:
    // Create 3 nodes
    d1 := s.AddDaemon(c, true, true)
c:/gopath/src/github.com/docker/docker/internal/test/daemon/daemon.go:202:
    t.Fatalf("failed to start daemon with arguments %v : %v", args, err)
... Error: failed to start daemon with arguments [--swarm-default-advertise-addr=lo] : [df62d612e7d64] Daemon exited during startup: exit status 1


----------------------------------------------------------------------
FAIL: docker_api_swarm_test.go:269: DockerSwarmSuite.TestAPISwarmLeaderProxy

[d3bc13d04c4cd] waiting for daemon to start
[d3bc13d04c4cd] exiting daemon
docker_api_swarm_test.go:271:
    // add three managers, one of these is leader
    d1 := s.AddDaemon(c, true, true)
c:/gopath/src/github.com/docker/docker/internal/test/daemon/daemon.go:202:
    t.Fatalf("failed to start daemon with arguments %v : %v", args, err)
... Error: failed to start daemon with arguments [--swarm-default-advertise-addr=lo] : [d3bc13d04c4cd] Daemon exited during startup: exit status 1


----------------------------------------------------------------------
FAIL: docker_api_swarm_test.go:421: DockerSwarmSuite.TestAPISwarmLeaveOnPendingJoin

[df44eef1f2c0a] waiting for daemon to start
[df44eef1f2c0a] exiting daemon
docker_api_swarm_test.go:423:
    s.AddDaemon(c, true, true)
c:/gopath/src/github.com/docker/docker/internal/test/daemon/daemon.go:202:
    t.Fatalf("failed to start daemon with arguments %v : %v", args, err)
... Error: failed to start daemon with arguments [--swarm-default-advertise-addr=lo] : [df44eef1f2c0a] Daemon exited during startup: exit status 1


----------------------------------------------------------------------
FAIL: docker_api_swarm_test.go:398: DockerSwarmSuite.TestAPISwarmLeaveRemovesContainer

[d7ffb7fb248dc] waiting for daemon to start
[d7ffb7fb248dc] exiting daemon
docker_api_swarm_test.go:399:
    d := s.AddDaemon(c, true, true)
c:/gopath/src/github.com/docker/docker/internal/test/daemon/daemon.go:202:
    t.Fatalf("failed to start daemon with arguments %v : %v", args, err)
... Error: failed to start daemon with arguments [--swarm-default-advertise-addr=lo] : [d7ffb7fb248dc] Daemon exited during startup: exit status 1


----------------------------------------------------------------------
FAIL: docker_api_swarm_node_test.go:12: DockerSwarmSuite.TestAPISwarmListNodes

[d7229c529cfe6] waiting for daemon to start
[d7229c529cfe6] exiting daemon
docker_api_swarm_node_test.go:13:
    d1 := s.AddDaemon(c, true, true)
c:/gopath/src/github.com/docker/docker/internal/test/daemon/daemon.go:202:
    t.Fatalf("failed to start daemon with arguments %v : %v", args, err)
... Error: failed to start daemon with arguments [--swarm-default-advertise-addr=lo] : [d7229c529cfe6] Daemon exited during startup: exit status 1


----------------------------------------------------------------------
FAIL: docker_api_swarm_test.go:470: DockerSwarmSuite.TestAPISwarmManagerRestore

[df69d41f90ef0] waiting for daemon to start
[df69d41f90ef0] exiting daemon
docker_api_swarm_test.go:471:
    d1 := s.AddDaemon(c, true, true)
c:/gopath/src/github.com/docker/docker/internal/test/daemon/daemon.go:202:
    t.Fatalf("failed to start daemon with arguments %v : %v", args, err)
... Error: failed to start daemon with arguments [--swarm-default-advertise-addr=lo] : [df69d41f90ef0] Daemon exited during startup: exit status 1


----------------------------------------------------------------------
FAIL: docker_api_swarm_node_test.go:73: DockerSwarmSuite.TestAPISwarmNodeDrainPause

[d6fb64e84014e] waiting for daemon to start
[d6fb64e84014e] exiting daemon
docker_api_swarm_node_test.go:74:
    d1 := s.AddDaemon(c, true, true)
c:/gopath/src/github.com/docker/docker/internal/test/daemon/daemon.go:202:
    t.Fatalf("failed to start daemon with arguments %v : %v", args, err)
... Error: failed to start daemon with arguments [--swarm-default-advertise-addr=lo] : [d6fb64e84014e] Daemon exited during startup: exit status 1


----------------------------------------------------------------------
FAIL: docker_api_swarm_node_test.go:44: DockerSwarmSuite.TestAPISwarmNodeRemove

[d3f04968b7bd4] waiting for daemon to start
[d3f04968b7bd4] exiting daemon
docker_api_swarm_node_test.go:46:
    d1 := s.AddDaemon(c, true, true)
c:/gopath/src/github.com/docker/docker/internal/test/daemon/daemon.go:202:
    t.Fatalf("failed to start daemon with arguments %v : %v", args, err)
... Error: failed to start daemon with arguments [--swarm-default-advertise-addr=lo] : [d3f04968b7bd4] Daemon exited during startup: exit status 1


----------------------------------------------------------------------
FAIL: docker_api_swarm_node_test.go:31: DockerSwarmSuite.TestAPISwarmNodeUpdate

[d5c142866cda6] waiting for daemon to start
[d5c142866cda6] exiting daemon
docker_api_swarm_node_test.go:32:
    d := s.AddDaemon(c, true, true)
c:/gopath/src/github.com/docker/docker/internal/test/daemon/daemon.go:202:
    t.Fatalf("failed to start daemon with arguments %v : %v", args, err)
... Error: failed to start daemon with arguments [--swarm-default-advertise-addr=lo] : [d5c142866cda6] Daemon exited during startup: exit status 1


----------------------------------------------------------------------
FAIL: docker_api_swarm_test.go:199: DockerSwarmSuite.TestAPISwarmPromoteDemote

[db4378ecc29f2] waiting for daemon to start
[db4378ecc29f2] exiting daemon
docker_api_swarm_test.go:200:
    d1 := s.AddDaemon(c, false, false)
c:/gopath/src/github.com/docker/docker/internal/test/daemon/daemon.go:202:
    t.Fatalf("failed to start daemon with arguments %v : %v", args, err)
... Error: failed to start daemon with arguments [--swarm-default-advertise-addr=lo] : [db4378ecc29f2] Daemon exited during startup: exit status 1


----------------------------------------------------------------------
FAIL: docker_api_swarm_test.go:357: DockerSwarmSuite.TestAPISwarmRaftQuorum

[de1016844b065] waiting for daemon to start
[de1016844b065] exiting daemon
docker_api_swarm_test.go:358:
    d1 := s.AddDaemon(c, true, true)
c:/gopath/src/github.com/docker/docker/internal/test/daemon/daemon.go:202:
    t.Fatalf("failed to start daemon with arguments %v : %v", args, err)
... Error: failed to start daemon with arguments [--swarm-default-advertise-addr=lo] : [de1016844b065] Daemon exited during startup: exit status 1


----------------------------------------------------------------------
FAIL: docker_api_swarm_test.go:774: DockerSwarmSuite.TestAPISwarmRestartCluster

[de66dc9602049] waiting for daemon to start
[de66dc9602049] exiting daemon
docker_api_swarm_test.go:779:
    manager := s.AddDaemon(c, true, true)
c:/gopath/src/github.com/docker/docker/internal/test/daemon/daemon.go:202:
    t.Fatalf("failed to start daemon with arguments %v : %v", args, err)
... Error: failed to start daemon with arguments [--swarm-default-advertise-addr=lo] : [de66dc9602049] Daemon exited during startup: exit status 1


----------------------------------------------------------------------
FAIL: docker_api_swarm_test.go:451: DockerSwarmSuite.TestAPISwarmRestoreOnPendingJoin

[d4950b6efc052] waiting for daemon to start
[d4950b6efc052] exiting daemon
docker_api_swarm_test.go:453:
    d := s.AddDaemon(c, false, false)
c:/gopath/src/github.com/docker/docker/internal/test/daemon/daemon.go:202:
    t.Fatalf("failed to start daemon with arguments %v : %v", args, err)
... Error: failed to start daemon with arguments [--swarm-default-advertise-addr=lo] : [d4950b6efc052] Daemon exited during startup: exit status 1


----------------------------------------------------------------------
FAIL: docker_api_swarm_test.go:496: DockerSwarmSuite.TestAPISwarmScaleNoRollingUpdate

[da0332fbbb0b4] waiting for daemon to start
[da0332fbbb0b4] exiting daemon
docker_api_swarm_test.go:497:
    d := s.AddDaemon(c, true, true)
c:/gopath/src/github.com/docker/docker/internal/test/daemon/daemon.go:202:
    t.Fatalf("failed to start daemon with arguments %v : %v", args, err)
... Error: failed to start daemon with arguments [--swarm-default-advertise-addr=lo] : [da0332fbbb0b4] Daemon exited during startup: exit status 1


----------------------------------------------------------------------
FAIL: docker_api_swarm_service_test.go:398: DockerSwarmSuite.TestAPISwarmServiceConstraintLabel

[d06002c75076e] waiting for daemon to start
[d06002c75076e] exiting daemon
docker_api_swarm_service_test.go:402:
    daemons[i] = s.AddDaemon(c, true, i == 0)
c:/gopath/src/github.com/docker/docker/internal/test/daemon/daemon.go:202:
    t.Fatalf("failed to start daemon with arguments %v : %v", args, err)
... Error: failed to start daemon with arguments [--swarm-default-advertise-addr=lo] : [d06002c75076e] Daemon exited during startup: exit status 1


----------------------------------------------------------------------
FAIL: docker_api_swarm_service_test.go:346: DockerSwarmSuite.TestAPISwarmServiceConstraintRole

[de823278f1801] waiting for daemon to start
[de823278f1801] exiting daemon
docker_api_swarm_service_test.go:350:
    daemons[i] = s.AddDaemon(c, true, i == 0)
c:/gopath/src/github.com/docker/docker/internal/test/daemon/daemon.go:202:
    t.Fatalf("failed to start daemon with arguments %v : %v", args, err)
... Error: failed to start daemon with arguments [--swarm-default-advertise-addr=lo] : [de823278f1801] Daemon exited during startup: exit status 1


----------------------------------------------------------------------
FAIL: docker_api_swarm_service_test.go:493: DockerSwarmSuite.TestAPISwarmServicePlacementPrefs

[d630b91249180] waiting for daemon to start
[d630b91249180] exiting daemon
docker_api_swarm_service_test.go:497:
    daemons[i] = s.AddDaemon(c, true, i == 0)
c:/gopath/src/github.com/docker/docker/internal/test/daemon/daemon.go:202:
    t.Fatalf("failed to start daemon with arguments %v : %v", args, err)
... Error: failed to start daemon with arguments [--swarm-default-advertise-addr=lo] : [d630b91249180] Daemon exited during startup: exit status 1


----------------------------------------------------------------------
FAIL: docker_api_swarm_service_test.go:57: DockerSwarmSuite.TestAPISwarmServicesCreate

[d32693ca620c6] waiting for daemon to start
[d32693ca620c6] exiting daemon
docker_api_swarm_service_test.go:58:
    d := s.AddDaemon(c, true, true)
c:/gopath/src/github.com/docker/docker/internal/test/daemon/daemon.go:202:
    t.Fatalf("failed to start daemon with arguments %v : %v", args, err)
... Error: failed to start daemon with arguments [--swarm-default-advertise-addr=lo] : [d32693ca620c6] Daemon exited during startup: exit status 1


----------------------------------------------------------------------
FAIL: docker_api_swarm_service_test.go:119: DockerSwarmSuite.TestAPISwarmServicesCreateGlobal

[dd9fd15ebd85d] waiting for daemon to start
[dd9fd15ebd85d] exiting daemon
docker_api_swarm_service_test.go:120:
    d1 := s.AddDaemon(c, true, true)
c:/gopath/src/github.com/docker/docker/internal/test/daemon/daemon.go:202:
    t.Fatalf("failed to start daemon with arguments %v : %v", args, err)
... Error: failed to start daemon with arguments [--swarm-default-advertise-addr=lo] : [dd9fd15ebd85d] Daemon exited during startup: exit status 1


----------------------------------------------------------------------
FAIL: docker_api_swarm_service_test.go:49: DockerSwarmSuite.TestAPISwarmServicesEmptyList

[d69ad527b5069] waiting for daemon to start
[d69ad527b5069] exiting daemon
docker_api_swarm_service_test.go:50:
    d := s.AddDaemon(c, true, true)
c:/gopath/src/github.com/docker/docker/internal/test/daemon/daemon.go:202:
    t.Fatalf("failed to start daemon with arguments %v : %v", args, err)
... Error: failed to start daemon with arguments [--swarm-default-advertise-addr=lo] : [d69ad527b5069] Daemon exited during startup: exit status 1


----------------------------------------------------------------------
FAIL: docker_api_swarm_service_test.go:306: DockerSwarmSuite.TestAPISwarmServicesFailedUpdate

[d6a2edbc0052e] waiting for daemon to start
[d6a2edbc0052e] exiting daemon
docker_api_swarm_service_test.go:310:
    daemons[i] = s.AddDaemon(c, true, i == 0)
c:/gopath/src/github.com/docker/docker/internal/test/daemon/daemon.go:202:
    t.Fatalf("failed to start daemon with arguments %v : %v", args, err)
... Error: failed to start daemon with arguments [--swarm-default-advertise-addr=lo] : [d6a2edbc0052e] Daemon exited during startup: exit status 1


----------------------------------------------------------------------
FAIL: docker_api_swarm_service_test.go:91: DockerSwarmSuite.TestAPISwarmServicesMultipleAgents

[d19b93e3bd220] waiting for daemon to start
[d19b93e3bd220] exiting daemon
docker_api_swarm_service_test.go:92:
    d1 := s.AddDaemon(c, true, true)
c:/gopath/src/github.com/docker/docker/internal/test/daemon/daemon.go:202:
    t.Fatalf("failed to start daemon with arguments %v : %v", args, err)
... Error: failed to start daemon with arguments [--swarm-default-advertise-addr=lo] : [d19b93e3bd220] Daemon exited during startup: exit status 1


----------------------------------------------------------------------
FAIL: docker_api_swarm_service_test.go:137: DockerSwarmSuite.TestAPISwarmServicesUpdate

[d412191b1352d] waiting for daemon to start
[d412191b1352d] exiting daemon
docker_api_swarm_service_test.go:141:
    daemons[i] = s.AddDaemon(c, true, i == 0)
c:/gopath/src/github.com/docker/docker/internal/test/daemon/daemon.go:202:
    t.Fatalf("failed to start daemon with arguments %v : %v", args, err)
... Error: failed to start daemon with arguments [--swarm-default-advertise-addr=lo] : [d412191b1352d] Daemon exited during startup: exit status 1


----------------------------------------------------------------------
FAIL: docker_api_swarm_service_test.go:197: DockerSwarmSuite.TestAPISwarmServicesUpdateStartFirst

[d9667f4d2096f] waiting for daemon to start
[d9667f4d2096f] exiting daemon
docker_api_swarm_service_test.go:198:
    d := s.AddDaemon(c, true, true)
c:/gopath/src/github.com/docker/docker/internal/test/daemon/daemon.go:202:
    t.Fatalf("failed to start daemon with arguments %v : %v", args, err)
... Error: failed to start daemon with arguments [--swarm-default-advertise-addr=lo] : [d9667f4d2096f] Daemon exited during startup: exit status 1


----------------------------------------------------------------------
FAIL: docker_api_swarm_test.go:839: DockerSwarmSuite.TestAPISwarmServicesUpdateWithName

[dbbfdccb0daa3] waiting for daemon to start
[dbbfdccb0daa3] exiting daemon
docker_api_swarm_test.go:840:
    d := s.AddDaemon(c, true, true)
c:/gopath/src/github.com/docker/docker/internal/test/daemon/daemon.go:202:
    t.Fatalf("failed to start daemon with arguments %v : %v", args, err)
... Error: failed to start daemon with arguments [--swarm-default-advertise-addr=lo] : [dbbfdccb0daa3] Daemon exited during startup: exit status 1


----------------------------------------------------------------------
FAIL: docker_api_swarm_test.go:859: DockerSwarmSuite.TestAPISwarmUnlockNotLocked

[d315d1218e9aa] waiting for daemon to start
[d315d1218e9aa] exiting daemon
docker_api_swarm_test.go:860:
    d := s.AddDaemon(c, true, true)
c:/gopath/src/github.com/docker/docker/internal/test/daemon/daemon.go:202:
    t.Fatalf("failed to start daemon with arguments %v : %v", args, err)
... Error: failed to start daemon with arguments [--swarm-default-advertise-addr=lo] : [d315d1218e9aa] Daemon exited during startup: exit status 1


----------------------------------------------------------------------
FAIL: docker_cli_swarm_test.go:749: DockerSwarmSuite.TestDNSConfig

[d3634c0d4fb2e] waiting for daemon to start
[d3634c0d4fb2e] exiting daemon
docker_cli_swarm_test.go:750:
    d := s.AddDaemon(c, true, true)
c:/gopath/src/github.com/docker/docker/internal/test/daemon/daemon.go:202:
    t.Fatalf("failed to start daemon with arguments %v : %v", args, err)
... Error: failed to start daemon with arguments [--swarm-default-advertise-addr=lo] : [d3634c0d4fb2e] Daemon exited during startup: exit status 1


----------------------------------------------------------------------
FAIL: docker_cli_swarm_test.go:776: DockerSwarmSuite.TestDNSConfigUpdate

[de03fcddc91ea] waiting for daemon to start
[de03fcddc91ea] exiting daemon
docker_cli_swarm_test.go:777:
    d := s.AddDaemon(c, true, true)
c:/gopath/src/github.com/docker/docker/internal/test/daemon/daemon.go:202:
    t.Fatalf("failed to start daemon with arguments %v : %v", args, err)
... Error: failed to start daemon with arguments [--swarm-default-advertise-addr=lo] : [de03fcddc91ea] Daemon exited during startup: exit status 1


----------------------------------------------------------------------
FAIL: docker_cli_swarm_test.go:1216: DockerSwarmSuite.TestExtraHosts

[dad369c5b7454] waiting for daemon to start
[dad369c5b7454] exiting daemon
docker_cli_swarm_test.go:1217:
    d := s.AddDaemon(c, true, true)
c:/gopath/src/github.com/docker/docker/internal/test/daemon/daemon.go:202:
    t.Fatalf("failed to start daemon with arguments %v : %v", args, err)
... Error: failed to start daemon with arguments [--swarm-default-advertise-addr=lo] : [dad369c5b7454] Daemon exited during startup: exit status 1


----------------------------------------------------------------------
FAIL: docker_cli_swarm_test.go:1410: DockerSwarmSuite.TestNetworkInspectWithDuplicateNames

[d59cf1e2485e9] waiting for daemon to start
[d59cf1e2485e9] exiting daemon
docker_cli_swarm_test.go:1411:
    d := s.AddDaemon(c, true, true)
c:/gopath/src/github.com/docker/docker/internal/test/daemon/daemon.go:202:
    t.Fatalf("failed to start daemon with arguments %v : %v", args, err)
... Error: failed to start daemon with arguments [--swarm-default-advertise-addr=lo] : [d59cf1e2485e9] Daemon exited during startup: exit status 1


----------------------------------------------------------------------
FAIL: docker_cli_swarm_test.go:383: DockerSwarmSuite.TestOverlayAttachable

[daffe14827a29] waiting for daemon to start
[daffe14827a29] exiting daemon
docker_cli_swarm_test.go:384:
    d := s.AddDaemon(c, true, true)
c:/gopath/src/github.com/docker/docker/internal/test/daemon/daemon.go:202:
    t.Fatalf("failed to start daemon with arguments %v : %v", args, err)
... Error: failed to start daemon with arguments [--swarm-default-advertise-addr=lo] : [daffe14827a29] Daemon exited during startup: exit status 1


----------------------------------------------------------------------
FAIL: docker_cli_swarm_test.go:405: DockerSwarmSuite.TestOverlayAttachableOnSwarmLeave

[dd0eeabed0cf9] waiting for daemon to start
[dd0eeabed0cf9] exiting daemon
docker_cli_swarm_test.go:406:
    d := s.AddDaemon(c, true, true)
c:/gopath/src/github.com/docker/docker/internal/test/daemon/daemon.go:202:
    t.Fatalf("failed to start daemon with arguments %v : %v", args, err)
... Error: failed to start daemon with arguments [--swarm-default-advertise-addr=lo] : [dd0eeabed0cf9] Daemon exited during startup: exit status 1


----------------------------------------------------------------------
FAIL: docker_cli_swarm_test.go:432: DockerSwarmSuite.TestOverlayAttachableReleaseResourcesOnFailure

[dba59feea0f42] waiting for daemon to start
[dba59feea0f42] exiting daemon
docker_cli_swarm_test.go:433:
    d := s.AddDaemon(c, true, true)
c:/gopath/src/github.com/docker/docker/internal/test/daemon/daemon.go:202:
    t.Fatalf("failed to start daemon with arguments %v : %v", args, err)
... Error: failed to start daemon with arguments [--swarm-default-advertise-addr=lo] : [dba59feea0f42] Daemon exited during startup: exit status 1


----------------------------------------------------------------------
FAIL: docker_cli_swarm_test.go:587: DockerSwarmSuite.TestPsListContainersFilterIsTask

[d2d24f7df3824] waiting for daemon to start
[d2d24f7df3824] exiting daemon
docker_cli_swarm_test.go:588:
    d := s.AddDaemon(c, true, true)
c:/gopath/src/github.com/docker/docker/internal/test/daemon/daemon.go:202:
    t.Fatalf("failed to start daemon with arguments %v : %v", args, err)
... Error: failed to start daemon with arguments [--swarm-default-advertise-addr=lo] : [d2d24f7df3824] Daemon exited during startup: exit status 1


----------------------------------------------------------------------
FAIL: docker_cli_swarm_test.go:1191: DockerSwarmSuite.TestSwarmAlternateLockUnlock

[dc5c917f3a7d6] waiting for daemon to start
[dc5c917f3a7d6] exiting daemon
docker_cli_swarm_test.go:1192:
    d := s.AddDaemon(c, true, true)
c:/gopath/src/github.com/docker/docker/internal/test/daemon/daemon.go:202:
    t.Fatalf("failed to start daemon with arguments %v : %v", args, err)
... Error: failed to start daemon with arguments [--swarm-default-advertise-addr=lo] : [dc5c917f3a7d6] Daemon exited during startup: exit status 1


----------------------------------------------------------------------
FAIL: docker_cli_swarm_test.go:1770: DockerSwarmSuite.TestSwarmClusterEventsConfig

[de4d6669d2d7f] waiting for daemon to start
[de4d6669d2d7f] exiting daemon
docker_cli_swarm_test.go:1771:
    d := s.AddDaemon(c, true, true)
c:/gopath/src/github.com/docker/docker/internal/test/daemon/daemon.go:202:
    t.Fatalf("failed to start daemon with arguments %v : %v", args, err)
... Error: failed to start daemon with arguments [--swarm-default-advertise-addr=lo] : [de4d6669d2d7f] Daemon exited during startup: exit status 1


----------------------------------------------------------------------
FAIL: docker_cli_swarm_test.go:1731: DockerSwarmSuite.TestSwarmClusterEventsNetwork

[db698c79bddf8] waiting for daemon to start
[db698c79bddf8] exiting daemon
docker_cli_swarm_test.go:1732:
    d := s.AddDaemon(c, true, true)
c:/gopath/src/github.com/docker/docker/internal/test/daemon/daemon.go:202:
    t.Fatalf("failed to start daemon with arguments %v : %v", args, err)
... Error: failed to start daemon with arguments [--swarm-default-advertise-addr=lo] : [db698c79bddf8] Daemon exited during startup: exit status 1


----------------------------------------------------------------------
FAIL: docker_cli_swarm_test.go:1701: DockerSwarmSuite.TestSwarmClusterEventsNode

[df0164c3bd229] waiting for daemon to start
[df0164c3bd229] exiting daemon
docker_cli_swarm_test.go:1702:
    d1 := s.AddDaemon(c, true, true)
c:/gopath/src/github.com/docker/docker/internal/test/daemon/daemon.go:202:
    t.Fatalf("failed to start daemon with arguments %v : %v", args, err)
... Error: failed to start daemon with arguments [--swarm-default-advertise-addr=lo] : [df0164c3bd229] Daemon exited during startup: exit status 1


----------------------------------------------------------------------
FAIL: docker_cli_swarm_test.go:1617: DockerSwarmSuite.TestSwarmClusterEventsScope

[de577308887d1] waiting for daemon to start
[de577308887d1] exiting daemon
docker_cli_swarm_test.go:1618:
    d := s.AddDaemon(c, true, true)
c:/gopath/src/github.com/docker/docker/internal/test/daemon/daemon.go:202:
    t.Fatalf("failed to start daemon with arguments %v : %v", args, err)
... Error: failed to start daemon with arguments [--swarm-default-advertise-addr=lo] : [de577308887d1] Daemon exited during startup: exit status 1


----------------------------------------------------------------------
FAIL: docker_cli_swarm_test.go:1750: DockerSwarmSuite.TestSwarmClusterEventsSecret

[df02faefe3f0c] waiting for daemon to start
[df02faefe3f0c] exiting daemon
docker_cli_swarm_test.go:1751:
    d := s.AddDaemon(c, true, true)
c:/gopath/src/github.com/docker/docker/internal/test/daemon/daemon.go:202:
    t.Fatalf("failed to start daemon with arguments %v : %v", args, err)
... Error: failed to start daemon with arguments [--swarm-default-advertise-addr=lo] : [df02faefe3f0c] Daemon exited during startup: exit status 1


----------------------------------------------------------------------
FAIL: docker_cli_swarm_test.go:1661: DockerSwarmSuite.TestSwarmClusterEventsService

[de2368809be33] waiting for daemon to start
[de2368809be33] exiting daemon
docker_cli_swarm_test.go:1662:
    d := s.AddDaemon(c, true, true)
c:/gopath/src/github.com/docker/docker/internal/test/daemon/daemon.go:202:
    t.Fatalf("failed to start daemon with arguments %v : %v", args, err)
... Error: failed to start daemon with arguments [--swarm-default-advertise-addr=lo] : [de2368809be33] Daemon exited during startup: exit status 1


----------------------------------------------------------------------
FAIL: docker_cli_swarm_test.go:1597: DockerSwarmSuite.TestSwarmClusterEventsSource

[dd301ce325f04] waiting for daemon to start
[dd301ce325f04] exiting daemon
docker_cli_swarm_test.go:1598:
    d1 := s.AddDaemon(c, true, true)
c:/gopath/src/github.com/docker/docker/internal/test/daemon/daemon.go:202:
    t.Fatalf("failed to start daemon with arguments %v : %v", args, err)
... Error: failed to start daemon with arguments [--swarm-default-advertise-addr=lo] : [dd301ce325f04] Daemon exited during startup: exit status 1


----------------------------------------------------------------------
FAIL: docker_cli_swarm_test.go:1638: DockerSwarmSuite.TestSwarmClusterEventsType

[de4431882d645] waiting for daemon to start
[de4431882d645] exiting daemon
docker_cli_swarm_test.go:1639:
    d := s.AddDaemon(c, true, true)
c:/gopath/src/github.com/docker/docker/internal/test/daemon/daemon.go:202:
    t.Fatalf("failed to start daemon with arguments %v : %v", args, err)
... Error: failed to start daemon with arguments [--swarm-default-advertise-addr=lo] : [de4431882d645] Daemon exited during startup: exit status 1


----------------------------------------------------------------------
FAIL: docker_cli_swarm_test.go:1120: DockerSwarmSuite.TestSwarmClusterRotateUnlockKey

[dd60632d0caad] waiting for daemon to start
[dd60632d0caad] exiting daemon
docker_cli_swarm_test.go:1121:
    d1 := s.AddDaemon(c, true, true) // leader - don't restart this one, we don't want leader election delays
c:/gopath/src/github.com/docker/docker/internal/test/daemon/daemon.go:202:
    t.Fatalf("failed to start daemon with arguments %v : %v", args, err)
... Error: failed to start daemon with arguments [--swarm-default-advertise-addr=lo] : [dd60632d0caad] Daemon exited during startup: exit status 1


----------------------------------------------------------------------
FAIL: docker_cli_swarm_test.go:355: DockerSwarmSuite.TestSwarmContainerAttachByNetworkId

[d2c55f24effbb] waiting for daemon to start
[d2c55f24effbb] exiting daemon
docker_cli_swarm_test.go:356:
    d := s.AddDaemon(c, true, true)
c:/gopath/src/github.com/docker/docker/internal/test/daemon/daemon.go:202:
    t.Fatalf("failed to start daemon with arguments %v : %v", args, err)
... Error: failed to start daemon with arguments [--swarm-default-advertise-addr=lo] : [d2c55f24effbb] Daemon exited during startup: exit status 1


----------------------------------------------------------------------
FAIL: docker_cli_swarm_test.go:308: DockerSwarmSuite.TestSwarmContainerAutoStart

[dd229af5798a6] waiting for daemon to start
[dd229af5798a6] exiting daemon
docker_cli_swarm_test.go:309:
    d := s.AddDaemon(c, true, true)
c:/gopath/src/github.com/docker/docker/internal/test/daemon/daemon.go:202:
    t.Fatalf("failed to start daemon with arguments %v : %v", args, err)
... Error: failed to start daemon with arguments [--swarm-default-advertise-addr=lo] : [dd229af5798a6] Daemon exited during startup: exit status 1


----------------------------------------------------------------------
FAIL: docker_cli_swarm_test.go:330: DockerSwarmSuite.TestSwarmContainerEndpointOptions

[dac795a715944] waiting for daemon to start
[dac795a715944] exiting daemon
docker_cli_swarm_test.go:331:
    d := s.AddDaemon(c, true, true)
c:/gopath/src/github.com/docker/docker/internal/test/daemon/daemon.go:202:
    t.Fatalf("failed to start daemon with arguments %v : %v", args, err)
... Error: failed to start daemon with arguments [--swarm-default-advertise-addr=lo] : [dac795a715944] Daemon exited during startup: exit status 1


----------------------------------------------------------------------
FAIL: docker_cli_swarm_test.go:510: DockerSwarmSuite.TestSwarmCreateServiceWithNoIngressNetwork

[d849bf8a1051b] waiting for daemon to start
[d849bf8a1051b] exiting daemon
docker_cli_swarm_test.go:511:
    d := s.AddDaemon(c, true, true)
c:/gopath/src/github.com/docker/docker/internal/test/daemon/daemon.go:202:
    t.Fatalf("failed to start daemon with arguments %v : %v", args, err)
... Error: failed to start daemon with arguments [--swarm-default-advertise-addr=lo] : [d849bf8a1051b] Daemon exited during startup: exit status 1


----------------------------------------------------------------------
FAIL: docker_cli_swarm_test.go:135: DockerSwarmSuite.TestSwarmIncompatibleDaemon

[d1dd29c401103] waiting for daemon to start
[d1dd29c401103] exiting daemon
docker_cli_swarm_test.go:137:
    // init swarm mode and stop a daemon
    d := s.AddDaemon(c, true, true)
c:/gopath/src/github.com/docker/docker/internal/test/daemon/daemon.go:202:
    t.Fatalf("failed to start daemon with arguments %v : %v", args, err)
... Error: failed to start daemon with arguments [--swarm-default-advertise-addr=lo] : [d1dd29c401103] Daemon exited during startup: exit status 1


----------------------------------------------------------------------
FAIL: docker_cli_swarm_test.go:456: DockerSwarmSuite.TestSwarmIngressNetwork

[dfef8bab18fc5] waiting for daemon to start
[dfef8bab18fc5] exiting daemon
docker_cli_swarm_test.go:457:
    d := s.AddDaemon(c, true, true)
c:/gopath/src/github.com/docker/docker/internal/test/daemon/daemon.go:202:
    t.Fatalf("failed to start daemon with arguments %v : %v", args, err)
... Error: failed to start daemon with arguments [--swarm-default-advertise-addr=lo] : [dfef8bab18fc5] Daemon exited during startup: exit status 1


----------------------------------------------------------------------
FAIL: docker_cli_swarm_test.go:73: DockerSwarmSuite.TestSwarmInit

[d47256e4ba269] waiting for daemon to start
[d47256e4ba269] exiting daemon
docker_cli_swarm_test.go:74:
    d := s.AddDaemon(c, false, false)
c:/gopath/src/github.com/docker/docker/internal/test/daemon/daemon.go:202:
    t.Fatalf("failed to start daemon with arguments %v : %v", args, err)
... Error: failed to start daemon with arguments [--swarm-default-advertise-addr=lo] : [d47256e4ba269] Daemon exited during startup: exit status 1


----------------------------------------------------------------------
SKIP: docker_cli_swarm_test.go:116: DockerSwarmSuite.TestSwarmInitIPv6 (unmatched requirement IPv6)

----------------------------------------------------------------------
FAIL: docker_cli_swarm_test.go:857: DockerSwarmSuite.TestSwarmInitLocked

[d8aab9f9a4e6c] waiting for daemon to start
[d8aab9f9a4e6c] exiting daemon
docker_cli_swarm_test.go:858:
    d := s.AddDaemon(c, false, false)
c:/gopath/src/github.com/docker/docker/internal/test/daemon/daemon.go:202:
    t.Fatalf("failed to start daemon with arguments %v : %v", args, err)
... Error: failed to start daemon with arguments [--swarm-default-advertise-addr=lo] : [d8aab9f9a4e6c] Daemon exited during startup: exit status 1


----------------------------------------------------------------------
FAIL: docker_cli_swarm_test.go:128: DockerSwarmSuite.TestSwarmInitUnspecifiedAdvertiseAddr

[d1bf4e51355e6] waiting for daemon to start
[d1bf4e51355e6] exiting daemon
docker_cli_swarm_test.go:129:
    d := s.AddDaemon(c, false, false)
c:/gopath/src/github.com/docker/docker/internal/test/daemon/daemon.go:202:
    t.Fatalf("failed to start daemon with arguments %v : %v", args, err)
... Error: failed to start daemon with arguments [--swarm-default-advertise-addr=lo] : [d1bf4e51355e6] Daemon exited during startup: exit status 1


----------------------------------------------------------------------
FAIL: docker_cli_swarm_test.go:1535: DockerSwarmSuite.TestSwarmInitUnspecifiedDataPathAddr

[d98320d0f1eb1] waiting for daemon to start
[d98320d0f1eb1] exiting daemon
docker_cli_swarm_test.go:1536:
    d := s.AddDaemon(c, false, false)
c:/gopath/src/github.com/docker/docker/internal/test/daemon/daemon.go:202:
    t.Fatalf("failed to start daemon with arguments %v : %v", args, err)
... Error: failed to start daemon with arguments [--swarm-default-advertise-addr=lo] : [d98320d0f1eb1] Daemon exited during startup: exit status 1


----------------------------------------------------------------------
FAIL: docker_cli_swarm_test.go:1378: DockerSwarmSuite.TestSwarmInitWithDrain

[d1bdb6e845459] waiting for daemon to start
[d1bdb6e845459] exiting daemon
docker_cli_swarm_test.go:1379:
    d := s.AddDaemon(c, false, false)
c:/gopath/src/github.com/docker/docker/internal/test/daemon/daemon.go:202:
    t.Fatalf("failed to start daemon with arguments %v : %v", args, err)
... Error: failed to start daemon with arguments [--swarm-default-advertise-addr=lo] : [d1bdb6e845459] Daemon exited during startup: exit status 1


----------------------------------------------------------------------
FAIL: docker_cli_swarm_test.go:1547: DockerSwarmSuite.TestSwarmJoinLeave

[dd2a51c6953e6] waiting for daemon to start
[dd2a51c6953e6] exiting daemon
docker_cli_swarm_test.go:1548:
    d := s.AddDaemon(c, true, true)
c:/gopath/src/github.com/docker/docker/internal/test/daemon/daemon.go:202:
    t.Fatalf("failed to start daemon with arguments %v : %v", args, err)
... Error: failed to start daemon with arguments [--swarm-default-advertise-addr=lo] : [dd2a51c6953e6] Daemon exited during startup: exit status 1


----------------------------------------------------------------------
FAIL: docker_cli_swarm_test.go:993: DockerSwarmSuite.TestSwarmJoinPromoteLocked

[d17536437e65c] waiting for daemon to start
[d17536437e65c] exiting daemon
docker_cli_swarm_test.go:994:
    d1 := s.AddDaemon(c, true, true)
c:/gopath/src/github.com/docker/docker/internal/test/daemon/daemon.go:202:
    t.Fatalf("failed to start daemon with arguments %v : %v", args, err)
... Error: failed to start daemon with arguments [--swarm-default-advertise-addr=lo] : [d17536437e65c] Daemon exited during startup: exit status 1


----------------------------------------------------------------------
FAIL: docker_cli_swarm_test.go:1350: DockerSwarmSuite.TestSwarmJoinWithDrain

[dd0815988ed20] waiting for daemon to start
[dd0815988ed20] exiting daemon
docker_cli_swarm_test.go:1351:
    d := s.AddDaemon(c, true, true)
c:/gopath/src/github.com/docker/docker/internal/test/daemon/daemon.go:202:
    t.Fatalf("failed to start daemon with arguments %v : %v", args, err)
... Error: failed to start daemon with arguments [--swarm-default-advertise-addr=lo] : [dd0815988ed20] Daemon exited during startup: exit status 1


----------------------------------------------------------------------
FAIL: docker_cli_swarm_test.go:899: DockerSwarmSuite.TestSwarmLeaveLocked

[d594e92062e16] waiting for daemon to start
[d594e92062e16] exiting daemon
docker_cli_swarm_test.go:900:
    d := s.AddDaemon(c, false, false)
c:/gopath/src/github.com/docker/docker/internal/test/daemon/daemon.go:202:
    t.Fatalf("failed to start daemon with arguments %v : %v", args, err)
... Error: failed to start daemon with arguments [--swarm-default-advertise-addr=lo] : [d594e92062e16] Daemon exited during startup: exit status 1


----------------------------------------------------------------------
FAIL: docker_cli_swarm_test.go:932: DockerSwarmSuite.TestSwarmLockUnlockCluster

[d58a882934b1f] waiting for daemon to start
[d58a882934b1f] exiting daemon
docker_cli_swarm_test.go:933:
    d1 := s.AddDaemon(c, true, true)
c:/gopath/src/github.com/docker/docker/internal/test/daemon/daemon.go:202:
    t.Fatalf("failed to start daemon with arguments %v : %v", args, err)
... Error: failed to start daemon with arguments [--swarm-default-advertise-addr=lo] : [d58a882934b1f] Daemon exited during startup: exit status 1


----------------------------------------------------------------------
FAIL: docker_cli_swarm_test.go:1239: DockerSwarmSuite.TestSwarmManagerAddress

[d7d5a0d7d26d0] waiting for daemon to start
[d7d5a0d7d26d0] exiting daemon
docker_cli_swarm_test.go:1240:
    d1 := s.AddDaemon(c, true, true)
c:/gopath/src/github.com/docker/docker/internal/test/daemon/daemon.go:202:
    t.Fatalf("failed to start daemon with arguments %v : %v", args, err)
... Error: failed to start daemon with arguments [--swarm-default-advertise-addr=lo] : [d7d5a0d7d26d0] Daemon exited during startup: exit status 1


----------------------------------------------------------------------
FAIL: docker_cli_swarm_test.go:1309: DockerSwarmSuite.TestSwarmNetworkCreateDup

[df1ef37b58198] waiting for daemon to start
[df1ef37b58198] exiting daemon
docker_cli_swarm_test.go:1310:
    d := s.AddDaemon(c, true, true)
c:/gopath/src/github.com/docker/docker/internal/test/daemon/daemon.go:202:
    t.Fatalf("failed to start daemon with arguments %v : %v", args, err)
... Error: failed to start daemon with arguments [--swarm-default-advertise-addr=lo] : [df1ef37b58198] Daemon exited during startup: exit status 1


----------------------------------------------------------------------
FAIL: docker_cli_swarm_test.go:1286: DockerSwarmSuite.TestSwarmNetworkCreateIssue27866

[d8643e0bc4e12] waiting for daemon to start
[d8643e0bc4e12] exiting daemon
docker_cli_swarm_test.go:1287:
    d := s.AddDaemon(c, true, true)
c:/gopath/src/github.com/docker/docker/internal/test/daemon/daemon.go:202:
    t.Fatalf("failed to start daemon with arguments %v : %v", args, err)
... Error: failed to start daemon with arguments [--swarm-default-advertise-addr=lo] : [d8643e0bc4e12] Daemon exited during startup: exit status 1


----------------------------------------------------------------------
FAIL: docker_cli_swarm_test.go:1260: DockerSwarmSuite.TestSwarmNetworkIPAMOptions

[d1a98698c394e] waiting for daemon to start
[d1a98698c394e] exiting daemon
docker_cli_swarm_test.go:1261:
    d := s.AddDaemon(c, true, true)
c:/gopath/src/github.com/docker/docker/internal/test/daemon/daemon.go:202:
    t.Fatalf("failed to start daemon with arguments %v : %v", args, err)
... Error: failed to start daemon with arguments [--swarm-default-advertise-addr=lo] : [d1a98698c394e] Daemon exited during startup: exit status 1


----------------------------------------------------------------------
FAIL: docker_cli_swarm_test.go:218: DockerSwarmSuite.TestSwarmNodeListFilter

[de7a1fd15145e] waiting for daemon to start
[de7a1fd15145e] exiting daemon
docker_cli_swarm_test.go:219:
    d := s.AddDaemon(c, true, true)
c:/gopath/src/github.com/docker/docker/internal/test/daemon/daemon.go:202:
    t.Fatalf("failed to start daemon with arguments %v : %v", args, err)
... Error: failed to start daemon with arguments [--swarm-default-advertise-addr=lo] : [de7a1fd15145e] Daemon exited during startup: exit status 1


----------------------------------------------------------------------
FAIL: docker_cli_swarm_test.go:237: DockerSwarmSuite.TestSwarmNodeTaskListFilter

[da90720991ec8] waiting for daemon to start
[da90720991ec8] exiting daemon
docker_cli_swarm_test.go:238:
    d := s.AddDaemon(c, true, true)
c:/gopath/src/github.com/docker/docker/internal/test/daemon/daemon.go:202:
    t.Fatalf("failed to start daemon with arguments %v : %v", args, err)
... Error: failed to start daemon with arguments [--swarm-default-advertise-addr=lo] : [da90720991ec8] Daemon exited during startup: exit status 1


----------------------------------------------------------------------
FAIL: docker_cli_swarm_test.go:264: DockerSwarmSuite.TestSwarmPublishAdd

[d570f93a32591] waiting for daemon to start
[d570f93a32591] exiting daemon
docker_cli_swarm_test.go:265:
    d := s.AddDaemon(c, true, true)
c:/gopath/src/github.com/docker/docker/internal/test/daemon/daemon.go:202:
    t.Fatalf("failed to start daemon with arguments %v : %v", args, err)
... Error: failed to start daemon with arguments [--swarm-default-advertise-addr=lo] : [d570f93a32591] Daemon exited during startup: exit status 1


----------------------------------------------------------------------
FAIL: docker_cli_swarm_test.go:1331: DockerSwarmSuite.TestSwarmPublishDuplicatePorts

[d174cf6c7228c] waiting for daemon to start
[d174cf6c7228c] exiting daemon
docker_cli_swarm_test.go:1332:
    d := s.AddDaemon(c, true, true)
c:/gopath/src/github.com/docker/docker/internal/test/daemon/daemon.go:202:
    t.Fatalf("failed to start daemon with arguments %v : %v", args, err)
... Error: failed to start daemon with arguments [--swarm-default-advertise-addr=lo] : [d174cf6c7228c] Daemon exited during startup: exit status 1


----------------------------------------------------------------------
SKIP: docker_cli_swarm_test.go:1389: DockerSwarmSuite.TestSwarmReadonlyRootfs (unmatched requirement DaemonIsLinux)

----------------------------------------------------------------------
FAIL: docker_api_swarm_test.go:941: DockerSwarmSuite.TestSwarmRepeatedRootRotation

[da6b0194af5e8] waiting for daemon to start
[da6b0194af5e8] exiting daemon
docker_api_swarm_test.go:942:
    m := s.AddDaemon(c, true, true)
c:/gopath/src/github.com/docker/docker/internal/test/daemon/daemon.go:202:
    t.Fatalf("failed to start daemon with arguments %v : %v", args, err)
... Error: failed to start daemon with arguments [--swarm-default-advertise-addr=lo] : [da6b0194af5e8] Daemon exited during startup: exit status 1


----------------------------------------------------------------------
FAIL: docker_cli_swarm_test.go:1052: DockerSwarmSuite.TestSwarmRotateUnlockKey

[d0cb1b1df4dfe] waiting for daemon to start
[d0cb1b1df4dfe] exiting daemon
docker_cli_swarm_test.go:1053:
    d := s.AddDaemon(c, true, true)
c:/gopath/src/github.com/docker/docker/internal/test/daemon/daemon.go:202:
    t.Fatalf("failed to start daemon with arguments %v : %v", args, err)
... Error: failed to start daemon with arguments [--swarm-default-advertise-addr=lo] : [d0cb1b1df4dfe] Daemon exited during startup: exit status 1


----------------------------------------------------------------------
FAIL: docker_cli_swarm_test.go:621: DockerSwarmSuite.TestSwarmServiceEnvFile

[dbf57c822564b] waiting for daemon to start
[dbf57c822564b] exiting daemon
docker_cli_swarm_test.go:622:
    d := s.AddDaemon(c, true, true)
c:/gopath/src/github.com/docker/docker/internal/test/daemon/daemon.go:202:
    t.Fatalf("failed to start daemon with arguments %v : %v", args, err)
... Error: failed to start daemon with arguments [--swarm-default-advertise-addr=lo] : [dbf57c822564b] Daemon exited during startup: exit status 1


----------------------------------------------------------------------
FAIL: docker_cli_swarm_test.go:177: DockerSwarmSuite.TestSwarmServiceListFilter

[dc4c9cb346a5b] waiting for daemon to start
[dc4c9cb346a5b] exiting daemon
docker_cli_swarm_test.go:178:
    d := s.AddDaemon(c, true, true)
c:/gopath/src/github.com/docker/docker/internal/test/daemon/daemon.go:202:
    t.Fatalf("failed to start daemon with arguments %v : %v", args, err)
... Error: failed to start daemon with arguments [--swarm-default-advertise-addr=lo] : [dc4c9cb346a5b] Daemon exited during startup: exit status 1


----------------------------------------------------------------------
FAIL: docker_cli_swarm_test.go:1504: DockerSwarmSuite.TestSwarmServiceLsFilterMode

[dee1260e46c55] waiting for daemon to start
[dee1260e46c55] exiting daemon
docker_cli_swarm_test.go:1505:
    d := s.AddDaemon(c, true, true)
c:/gopath/src/github.com/docker/docker/internal/test/daemon/daemon.go:202:
    t.Fatalf("failed to start daemon with arguments %v : %v", args, err)
... Error: failed to start daemon with arguments [--swarm-default-advertise-addr=lo] : [dee1260e46c55] Daemon exited during startup: exit status 1


----------------------------------------------------------------------
FAIL: docker_cli_swarm_test.go:710: DockerSwarmSuite.TestSwarmServiceNetworkUpdate

[dcf256c630e26] waiting for daemon to start
[dcf256c630e26] exiting daemon
docker_cli_swarm_test.go:711:
    d := s.AddDaemon(c, true, true)
c:/gopath/src/github.com/docker/docker/internal/test/daemon/daemon.go:202:
    t.Fatalf("failed to start daemon with arguments %v : %v", args, err)
... Error: failed to start daemon with arguments [--swarm-default-advertise-addr=lo] : [dcf256c630e26] Daemon exited during startup: exit status 1


----------------------------------------------------------------------
FAIL: docker_cli_swarm_test.go:639: DockerSwarmSuite.TestSwarmServiceTTY

[deb487d789d76] waiting for daemon to start
[deb487d789d76] exiting daemon
docker_cli_swarm_test.go:640:
    d := s.AddDaemon(c, true, true)
c:/gopath/src/github.com/docker/docker/internal/test/daemon/daemon.go:202:
    t.Fatalf("failed to start daemon with arguments %v : %v", args, err)
... Error: failed to start daemon with arguments [--swarm-default-advertise-addr=lo] : [deb487d789d76] Daemon exited during startup: exit status 1


----------------------------------------------------------------------
FAIL: docker_cli_swarm_test.go:687: DockerSwarmSuite.TestSwarmServiceTTYUpdate

[db0c49a1d8c28] waiting for daemon to start
[db0c49a1d8c28] exiting daemon
docker_cli_swarm_test.go:688:
    d := s.AddDaemon(c, true, true)
c:/gopath/src/github.com/docker/docker/internal/test/daemon/daemon.go:202:
    t.Fatalf("failed to start daemon with arguments %v : %v", args, err)
... Error: failed to start daemon with arguments [--swarm-default-advertise-addr=lo] : [db0c49a1d8c28] Daemon exited during startup: exit status 1


----------------------------------------------------------------------
FAIL: docker_cli_swarm_test.go:159: DockerSwarmSuite.TestSwarmServiceTemplatingHostname

[d1e0c10449f28] waiting for daemon to start
[d1e0c10449f28] exiting daemon
docker_cli_swarm_test.go:160:
    d := s.AddDaemon(c, true, true)
c:/gopath/src/github.com/docker/docker/internal/test/daemon/daemon.go:202:
    t.Fatalf("failed to start daemon with arguments %v : %v", args, err)
... Error: failed to start daemon with arguments [--swarm-default-advertise-addr=lo] : [d1e0c10449f28] Daemon exited during startup: exit status 1


----------------------------------------------------------------------
FAIL: docker_cli_swarm_test.go:286: DockerSwarmSuite.TestSwarmServiceWithGroup

[d8b4cd2a3ceca] waiting for daemon to start
[d8b4cd2a3ceca] exiting daemon
docker_cli_swarm_test.go:287:
    d := s.AddDaemon(c, true, true)
c:/gopath/src/github.com/docker/docker/internal/test/daemon/daemon.go:202:
    t.Fatalf("failed to start daemon with arguments %v : %v", args, err)
... Error: failed to start daemon with arguments [--swarm-default-advertise-addr=lo] : [d8b4cd2a3ceca] Daemon exited during startup: exit status 1


----------------------------------------------------------------------
SKIP: docker_cli_swarm_test.go:1476: DockerSwarmSuite.TestSwarmStopSignal (unmatched requirement DaemonIsLinux)

----------------------------------------------------------------------
FAIL: docker_cli_swarm_test.go:529: DockerSwarmSuite.TestSwarmTaskListFilter

[d45a34eaf1795] waiting for daemon to start
[d45a34eaf1795] exiting daemon
docker_cli_swarm_test.go:530:
    d := s.AddDaemon(c, true, true)
c:/gopath/src/github.com/docker/docker/internal/test/daemon/daemon.go:202:
    t.Fatalf("failed to start daemon with arguments %v : %v", args, err)
... Error: failed to start daemon with arguments [--swarm-default-advertise-addr=lo] : [d45a34eaf1795] Daemon exited during startup: exit status 1


----------------------------------------------------------------------
FAIL: docker_cli_swarm_test.go:25: DockerSwarmSuite.TestSwarmUpdate

[daf03639e09cb] waiting for daemon to start
[daf03639e09cb] exiting daemon
docker_cli_swarm_test.go:26:
    d := s.AddDaemon(c, true, true)
c:/gopath/src/github.com/docker/docker/internal/test/daemon/daemon.go:202:
    t.Fatalf("failed to start daemon with arguments %v : %v", args, err)
... Error: failed to start daemon with arguments [--swarm-default-advertise-addr=lo] : [daf03639e09cb] Daemon exited during startup: exit status 1


----------------------------------------------------------------------
FAIL: docker_cli_swarm_test.go:832: DockerSwarmSuite.TestUnlockEngineAndUnlockedSwarm

[ded3c818a1914] waiting for daemon to start
[ded3c818a1914] exiting daemon
docker_cli_swarm_test.go:833:
    d := s.AddDaemon(c, false, false)
c:/gopath/src/github.com/docker/docker/internal/test/daemon/daemon.go:202:
    t.Fatalf("failed to start daemon with arguments %v : %v", args, err)
... Error: failed to start daemon with arguments [--swarm-default-advertise-addr=lo] : [ded3c818a1914] Daemon exited during startup: exit status 1


----------------------------------------------------------------------
FAIL: docker_api_swarm_test.go:161: DockerSwarmSuite.TestUpdateSwarmAddExternalCA

[dc2d9dc1286a2] waiting for daemon to start
[dc2d9dc1286a2] exiting daemon
docker_api_swarm_test.go:162:
    d1 := s.AddDaemon(c, false, false)
c:/gopath/src/github.com/docker/docker/internal/test/daemon/daemon.go:202:
    t.Fatalf("failed to start daemon with arguments %v : %v", args, err)
... Error: failed to start daemon with arguments [--swarm-default-advertise-addr=lo] : [dc2d9dc1286a2] Daemon exited during startup: exit status 1

OOPS: 0 passed, 4 skipped, 91 FAILED
--- FAIL: Test (12.74s)
FAIL
exit status 1
FAIL	github.com/docker/docker/integration-cli	12.848s


ERROR: Failed 'ERROR: Integration tests failed at 12/31/2018 13:58:09. Duration:00:00:20.8748897' at 12/31/2018 13:58:09
At C:\gopath\src\github.com\docker\docker\hack\ci\windows.ps1:851 char:17
+ ...             Throw "ERROR: Integration tests failed at $(Get-Date). Du ...
+                 ~~~~~~~~~~~~~~~~~~~~~~~~~~~~~~~~~~~~~~~~~~~~~~~~~~~~~~~~~



INFO: Tidying up at end of run
INFO: Saving daemon under test log (d:\CI\CI-73f2eb62fa\dut.err) to d:\temp\CIDUT.log
INFO: Nuke-Everything...
INFO: Container count on control daemon to delete is 1
14776a34f474
INFO: Non-base image count on control daemon to delete is 1
Deleted: sha256:6f1a651f5be0d9ec5b22c1ac41dfdd850df8ac93360949c9b63e950fecf2b43e
Deleted: sha256:5b1920fdc73bb7083ddd03afee38d1633ae49531839f06a3d1775cd7d8cfb8c6
INFO: Killing daemon with PID 21004
INFO: Tidying pidfile d:\CI\CI-73f2eb62fa\docker.pid
INFO: Stopping possible daemon pid 21004
INFO: Nuking d:\CI
ERROR:  hcsshim::DestroyLayer - Win32 API call returned error r1=0x80070020 err=The process cannot access the file because it is being used by another process.id=CI flavour=0

INFO: executeCI.ps1 exiting at Mon Dec 31 13:58:13 CUT 2018. Duration 00:05:19.8701331

Build step 'Windows PowerShell' marked build as failure
Set build name.
New build name is '#38432'
[PostBuildScript] - Executing post build scripts.
Notifying endpoint with url 'https://leeroy.dockerproject.org/notification/jenkins'
Finished: FAILURE
