Started by user Gordon
Notifying endpoint with url 'https://leeroy.dockerproject.org/notification/jenkins'
[EnvInject] - Loading node environment variables.
Building remotely on azure-windows-rs5-3 (windows-rs5) in workspace /gopath/src/github.com/docker/docker
Wiping out workspace first.
Cloning the remote Git repository
Cloning repository https://github.com/moby/moby.git
 > git init C:\gopath\src\github.com\docker\docker # timeout=10
Fetching upstream changes from https://github.com/moby/moby.git
 > git --version # timeout=10
 > git fetch --tags --progress https://github.com/moby/moby.git +refs/heads/*:refs/remotes/origin/*
 > git config remote.origin.url https://github.com/moby/moby.git # timeout=10
 > git config --add remote.origin.fetch +refs/heads/*:refs/remotes/origin/* # timeout=10
 > git config remote.origin.url https://github.com/moby/moby.git # timeout=10
Fetching upstream changes from https://github.com/moby/moby.git
 > git fetch --tags --progress https://github.com/moby/moby.git +refs/heads/*:refs/remotes/origin/*
 > git rev-parse "origin/master^{commit}" # timeout=10
Checking out Revision f76d6a078d881f410c00e8d900dcdfc2e026c841 (origin/master)
 > git config core.sparsecheckout # timeout=10
 > git checkout -f f76d6a078d881f410c00e8d900dcdfc2e026c841
Commit message: "Merge pull request #38370 from farnasirim/36413-bind-dir-skip-copy"
 > git rev-list --no-walk f76d6a078d881f410c00e8d900dcdfc2e026c841 # timeout=10
Set build name.
New build name is '#38432'
[docker] $ sh -xe C:\Users\jenkins\jenkins8832681362711485345.sh
+ git fetch origin +refs/pull/38432/head:refs/remotes/origin/pr/38432
From https://github.com/moby/moby
 * [new ref]               refs/pull/38432/head -> origin/pr/38432
+ git merge origin/pr/38432
Merge made by the 'recursive' strategy.
 hack/ci/windows.ps1                                |   9 +-
 integration-cli/check_test.go                      |   3 +-
 integration-cli/docker_api_swarm_node_test.go      |   2 -
 integration-cli/docker_api_swarm_service_test.go   |  79 ---------
 .../docker_api_swarm_service_unix_test.go          |  90 ++++++++++
 integration-cli/docker_api_swarm_test.go           |   2 -
 integration-cli/docker_cli_swarm_test.go           | 196 ---------------------
 integration-cli/docker_cli_swarm_unix_test.go      | 195 ++++++++++++++++++++
 internal/test/daemon/daemon.go                     |   5 -
 internal/test/daemon/daemon_unix.go                |   6 +
 internal/test/daemon/daemon_windows.go             |   6 +
 internal/test/daemon/swarm.go                      |   4 -
 internal/test/daemon/swarm_unix.go                 |   7 +
 internal/test/daemon/swarm_windows.go              |   7 +
 14 files changed, 317 insertions(+), 294 deletions(-)
 create mode 100644 integration-cli/docker_api_swarm_service_unix_test.go
 create mode 100644 internal/test/daemon/swarm_unix.go
 create mode 100644 internal/test/daemon/swarm_windows.go
[docker] $ powershell.exe -NonInteractive -ExecutionPolicy ByPass "& 'C:\Users\jenkins\jenkins292813831963082732.ps1'"

INFO: executeCI.ps1 starting at Mon Dec 31 14:38:54 CUT 2018

INFO: Script version 28-Aug-2018 09:33 PDT
INFO: Running git version 2.18.0.windows.1
INFO: Branch:rs5_release Build:17763.1.180914-1434
INFO: Environment variables:

Name                           Value                                                                                   
----                           -----                                                                                   
_                              /cygdrive/c/ProgramData/Oracle/Java/javapath/java                                       
ALLUSERSPROFILE                C:\ProgramData                                                                          
APPDATA                        C:\Users\jenkins\AppData\Roaming                                                        
BASE_BRANCH                    master                                                                                  
BUILD_CAUSE                    MANUALTRIGGER                                                                           
BUILD_CAUSE_MANUALTRIGGER      true                                                                                    
BUILD_DISPLAY_NAME             #38432                                                                                  
BUILD_ID                       920                                                                                     
BUILD_NUMBER                   920                                                                                     
BUILD_TAG                      jenkins-Docker-PRs-WoW-RS5-Process-920                                                  
BUILD_URL                      https://jenkins.dockerproject.org/job/Docker-PRs-WoW-RS5-Process/920/                   
CommonProgramFiles             C:\Program Files\Common Files                                                           
CommonProgramFiles(x86)        C:\Program Files (x86)\Common Files                                                     
CommonProgramW6432             C:\Program Files\Common Files                                                           
COMPUTERNAME                   jenkins-rs5-3                                                                           
COMSPEC                        C:\Windows\system32\cmd.exe                                                             
ConfigSet                      rs                                                                                      
CYGWIN                         binmode ntsec                                                                           
DriverData                     C:\Windows\System32\Drivers\DriverData                                                  
EXECUTOR_NUMBER                0                                                                                       
GIT_AUTHOR_EMAIL               janky@dockerproject.org                                                                 
GIT_AUTHOR_NAME                Docker Jenkins                                                                          
GIT_BASE_REPO                  moby/moby                                                                               
GIT_BRANCH                     origin/master                                                                           
GIT_COMMIT                     f76d6a078d881f410c00e8d900dcdfc2e026c841                                                
GIT_COMMITTER_EMAIL            janky@dockerproject.org                                                                 
GIT_COMMITTER_NAME             Docker Jenkins                                                                          
GIT_HEAD_REPO                  olljanat/moby                                                                           
GIT_PREVIOUS_COMMIT            f76d6a078d881f410c00e8d900dcdfc2e026c841                                                
GIT_PREVIOUS_SUCCESSFUL_COMMIT f76d6a078d881f410c00e8d900dcdfc2e026c841                                                
GIT_SHA1                       f17391289cda007630a69fbc11c364a79da39e6a                                                
GIT_URL                        https://github.com/moby/moby.git                                                        
GITHUB_URL                     https://github.com/moby/moby/pull/38432                                                 
HOME                           C:\cygwin\home\jenkins                                                                  
HOMEDRIVE                      C:                                                                                      
HOMEPATH                       \cygwin\home\jenkins                                                                    
HUDSON_COOKIE                  4ae745d5-f26c-42d1-af3c-7ecf9e131e83                                                    
HUDSON_HOME                    /var/jenkins_home                                                                       
HUDSON_SERVER_COOKIE           5654907fc74b1465                                                                        
HUDSON_URL                     https://jenkins.dockerproject.org/                                                      
INTEGRATION_TEST_NAME          DockerSwarmSuite                                                                        
JENKINS_HOME                   /var/jenkins_home                                                                       
JENKINS_SERVER_COOKIE          5654907fc74b1465                                                                        
JENKINS_URL                    https://jenkins.dockerproject.org/                                                      
JOB_BASE_NAME                  Docker-PRs-WoW-RS5-Process                                                              
JOB_DISPLAY_URL                https://jenkins.dockerproject.org/job/Docker-PRs-WoW-RS5-Process/display/redirect       
JOB_NAME                       Docker-PRs-WoW-RS5-Process                                                              
JOB_URL                        https://jenkins.dockerproject.org/job/Docker-PRs-WoW-RS5-Process/                       
LOCALAPPDATA                   C:\Users\jenkins\AppData\Local                                                          
LOGNAME                        jenkins                                                                                 
LOGONSERVER                    \\jenkins-rs5-3                                                                         
MAIL                           /var/spool/mail//jenkins                                                                
NODE_LABELS                    azure-windows-rs5-3 windows-rs5                                                         
NODE_NAME                      azure-windows-rs5-3                                                                     
NUMBER_OF_PROCESSORS           4                                                                                       
OLDPWD                         /home/jenkins                                                                           
OS                             Windows_NT                                                                              
PATH                           C:\cygwin\bin;C:\ProgramData\Oracle\Java\javapath;C:\pstools;C:\Program Files\Notepad...
PATHEXT                        .COM;.EXE;.BAT;.CMD;.VBS;.VBE;.JS;.JSE;.WSF;.WSH;.MSC;.CPL                              
PR                             38432                                                                                   
PROCESSOR_ARCHITECTURE         AMD64                                                                                   
PROCESSOR_IDENTIFIER           Intel64 Family 6 Model 79 Stepping 1, GenuineIntel                                      
PROCESSOR_LEVEL                6                                                                                       
PROCESSOR_REVISION             4f01                                                                                    
ProgramData                    C:\ProgramData                                                                          
PROGRAMFILES                   C:\Program Files                                                                        
ProgramFiles(x86)              C:\Program Files (x86)                                                                  
ProgramW6432                   C:\Program Files                                                                        
PSExecutionPolicyPreference    Bypass                                                                                  
PSModulePath                   C:\Users\jenkins\Documents\WindowsPowerShell\Modules;C:\Program Files\WindowsPowerShe...
PUBLIC                         C:\Users\Public                                                                         
PWD                            /cygdrive/c/workspace                                                                   
ROOT_BUILD_CAUSE               MANUALTRIGGER                                                                           
ROOT_BUILD_CAUSE_MANUALTRIGGER true                                                                                    
RUN_CHANGES_DISPLAY_URL        https://jenkins.dockerproject.org/job/Docker-PRs-WoW-RS5-Process/920/display/redirect...
RUN_DISPLAY_URL                https://jenkins.dockerproject.org/job/Docker-PRs-WoW-RS5-Process/920/display/redirect   
SHELL                          /bin/bash                                                                               
SHLVL                          1                                                                                       
SKIP_UNIT_TESTS                yes                                                                                     
SKIP_VALIDATION_TESTS          yes                                                                                     
SOURCES_DRIVE                  c                                                                                       
SOURCES_SUBDIR                 gopath                                                                                  
SSH_CLIENT                     52.88.204.51 61510 22                                                                   
SSH_CONNECTION                 52.88.204.51 61510 10.0.0.22 22                                                         
SYSTEMDRIVE                    C:                                                                                      
SYSTEMROOT                     C:\Windows                                                                              
TEMP                           d:\temp                                                                                 
TESTRUN_DRIVE                  d                                                                                       
TESTRUN_SUBDIR                 CI                                                                                      
USER                           jenkins                                                                                 
USERDOMAIN                     jenkins-rs5-3                                                                           
USERNAME                       jenkins                                                                                 
USERPROFILE                    C:\Users\jenkins                                                                        
WINDIR                         C:\Windows                                                                              
WORKSPACE                      /gopath/src/github.com/docker/docker                                                    



INFO: PR#38432 (https://github.com/docker/docker/pull/38432)
INFO: Sources under c:\gopath\...
INFO: Test run under d:\CI\...
INFO: Running in C:\gopath\src\github.com\docker\docker
INFO: docker/docker repository was found
INFO: Image microsoft/windowsservercore:latest is already loaded in the control daemon
INFO: Version of microsoft/windowsservercore:latest is '10.0.17763.1'
INFO: Docker version of control daemon

Client:
 Version:           master-dockerproject-2018-09-18
 API version:       1.39
 Go version:        go1.10.4
 Git commit:        b4180e87
 Built:             Tue Sep 18 23:49:29 2018
 OS/Arch:           windows/amd64
 Experimental:      false

Server:
 Engine:
  Version:          master-dockerproject-2018-09-18
  API version:      1.39 (minimum version 1.24)
  Go version:       go1.11
  Git commit:       d6a7c22
  Built:            Tue Sep 18 23:58:14 2018
  OS/Arch:          windows/amd64
  Experimental:     false

INFO: Docker info of control daemon

Containers: 0
 Running: 0
 Paused: 0
 Stopped: 0
Images: 72
Server Version: master-dockerproject-2018-09-18
Storage Driver: windowsfilter
 Windows: 
Logging Driver: json-file
Plugins:
 Volume: local
 Network: ics l2bridge l2tunnel nat null overlay transparent
 Log: awslogs etwlogs fluentd gcplogs gelf json-file local logentries splunk syslog
Swarm: inactive
Default Isolation: process
Kernel Version: 10.0 17763 (17763.1.amd64fre.rs5_release.180914-1434)
Operating System: Windows Server 2019 Datacenter Version 1809 (OS Build 17763.1)
OSType: windows
Architecture: x86_64
CPUs: 4
Total Memory: 16GiB
Name: jenkins-rs5-3
ID: VFNG:NZYD:MC7E:RLMT:2AKK:BC2T:AGT6:7L7P:NJJC:RIPT:SBSA:NIWO
Docker Root Dir: D:\control
Debug Mode (client): false
Debug Mode (server): false
Registry: https://index.docker.io/v1/
Labels:
Experimental: false
Insecure Registries:
 127.0.0.0/8
Live Restore Enabled: false


INFO: Commit hash is 3e76883946
INFO: Nuke-Everything...
INFO: Container count on control daemon to delete is 0
INFO: Non-base image count on control daemon to delete is 55
INFO: Nuking d:\CI
ERROR:  hcsshim::DestroyLayer - Win32 API call returned error r1=0x80070020 err=The process cannot access the file because it is being used by another process.id=CI flavour=0
INFO: Location for testing is d:\CI\CI-3e76883946
INFO: Validating GOLang consistency in Dockerfile.windows...


INFO: Building the image from Dockerfile.windows at 12/31/2018 14:38:58...

Sending build context to Docker daemon  46.38MB

Step 1/7 : FROM microsoft/windowsservercore
 ---> e523d49b4b94
Step 2/7 : SHELL ["powershell", "-Command", "$ErrorActionPreference = 'Stop'; $ProgressPreference = 'SilentlyContinue';"]
 ---> Using cache
 ---> 33a2d1ce14ae
Step 3/7 : ENV GO_VERSION=1.11.4     GIT_VERSION=2.11.1     GOPATH=C:\go     FROM_DOCKERFILE=1
 ---> Using cache
 ---> 269b72c80f07
Step 4/7 : RUN   Function Test-Nano() {     $EditionId = (Get-ItemProperty -Path 'HKLM:\SOFTWARE\Microsoft\Windows NT\CurrentVersion' -Name 'EditionID').EditionId;     return (($EditionId -eq 'ServerStandardNano') -or ($EditionId -eq 'ServerDataCenterNano') -or ($EditionId -eq 'NanoServer'));   }    Function Download-File([string] $source, [string] $target) {     if (Test-Nano) {       $handler = New-Object System.Net.Http.HttpClientHandler;       $client = New-Object System.Net.Http.HttpClient($handler);       $client.Timeout = New-Object System.TimeSpan(0, 30, 0);       $cancelTokenSource = [System.Threading.CancellationTokenSource]::new();       $responseMsg = $client.GetAsync([System.Uri]::new($source), $cancelTokenSource.Token);       $responseMsg.Wait();       if (!$responseMsg.IsCanceled) {         $response = $responseMsg.Result;         if ($response.IsSuccessStatusCode) {           $downloadedFileStream = [System.IO.FileStream]::new($target, [System.IO.FileMode]::Create, [System.IO.FileAccess]::Write);           $copyStreamOp = $response.Content.CopyToAsync($downloadedFileStream);           $copyStreamOp.Wait();           $downloadedFileStream.Close();           if ($copyStreamOp.Exception -ne $null) { throw $copyStreamOp.Exception }         }       } else {       Throw ("Failed to download " + $source)       }    } else {       $webClient = New-Object System.Net.WebClient;       $webClient.DownloadFile($source, $target);     }   }     setx /M PATH $('C:\git\cmd;C:\git\usr\bin;'+$Env:PATH+';C:\gcc\bin;C:\go\bin');     Write-Host INFO: Downloading git...;   $location='https://www.nuget.org/api/v2/package/GitForWindows/'+$Env:GIT_VERSION;   Download-File $location C:\gitsetup.zip;     Write-Host INFO: Downloading go...;   Download-File $('https://golang.org/dl/go'+$Env:GO_VERSION+'.windows-amd64.zip') C:\go.zip;     Write-Host INFO: Downloading compiler 1 of 3...;   Download-File https://raw.githubusercontent.com/jhowardmsft/docker-tdmgcc/master/gcc.zip C:\gcc.zip;     Write-Host INFO: Downloading compiler 2 of 3...;   Download-File https://raw.githubusercontent.com/jhowardmsft/docker-tdmgcc/master/runtime.zip C:\runtime.zip;     Write-Host INFO: Downloading compiler 3 of 3...;   Download-File https://raw.githubusercontent.com/jhowardmsft/docker-tdmgcc/master/binutils.zip C:\binutils.zip;     Write-Host INFO: Extracting git...;   Expand-Archive C:\gitsetup.zip C:\git-tmp;   New-Item -Type Directory C:\git | Out-Null;   Move-Item C:\git-tmp\tools\* C:\git\.;   Remove-Item -Recurse -Force C:\git-tmp;     Write-Host INFO: Expanding go...;   Expand-Archive C:\go.zip -DestinationPath C:\;     Write-Host INFO: Expanding compiler 1 of 3...;   Expand-Archive C:\gcc.zip -DestinationPath C:\gcc -Force;   Write-Host INFO: Expanding compiler 2 of 3...;   Expand-Archive C:\runtime.zip -DestinationPath C:\gcc -Force;   Write-Host INFO: Expanding compiler 3 of 3...;   Expand-Archive C:\binutils.zip -DestinationPath C:\gcc -Force;     Write-Host INFO: Removing downloaded files...;   Remove-Item C:\gcc.zip;   Remove-Item C:\runtime.zip;   Remove-Item C:\binutils.zip;   Remove-Item C:\gitsetup.zip;     Write-Host INFO: Creating source directory...;   New-Item -ItemType Directory -Path C:\go\src\github.com\docker\docker | Out-Null;     Write-Host INFO: Configuring git core.autocrlf...;   C:\git\cmd\git config --global core.autocrlf true;     Write-Host INFO: Completed
 ---> Using cache
 ---> 686f463e55f4
Step 5/7 : ENTRYPOINT ["powershell.exe"]
 ---> Using cache
 ---> d98835af7e35
Step 6/7 : WORKDIR C:\go\src\github.com\docker\docker
 ---> Using cache
 ---> e2393c791329
Step 7/7 : COPY . .
 ---> 6a68d91556c6
Successfully built 6a68d91556c6
Successfully tagged docker:latest
INFO: Image build ended at 12/31/2018 14:39:31. Duration:00:00:32.2554511


INFO: Building the test binaries at 12/31/2018 14:39:31...
INFO: make.ps1 starting at 12/31/2018 14:39:33
INFO: Git commit (3e76883946) assumed from DOCKER_GITCOMMIT environment variable
INFO: Invoking autogen...
INFO: Building daemon...
INFO: Downloading docker/cli version 17.06.0-ce from edge...

 ________   ____  __.
 \_____  \ |    |/ _|
 /   |   \|      <
 /    |    \    |  \
 \_______  /____|__ \
         \/        \/

INFO: make.ps1 ended at 12/31/2018 14:40:35
INFO: Binaries build ended at 12/31/2018 14:40:37. Duration:00:01:06.0280992
INFO: Copying the built daemon binary to d:\CI\CI-3e76883946\binary\dockerd-3e76883946.exe...
INFO: Copying the built client binary to d:\CI\CI-3e76883946\binary\docker-3e76883946.exe...
INFO: Copying dockerversion from the container...
INFO: Copying the golang package from the container to d:\CI\CI-3e76883946\installer\go.zip...
INFO: Extracting go.zip to d:\CI\CI-3e76883946\go
INFO: Extraction ended at 12/31/2018 14:41:00. Duration:00:00:20.7627049
INFO: Updating the golang and path environment variables
INFO: GOPATH=c:\gopath
INFO: go version go1.11.4 windows/amd64
INFO: Starting a daemon under test...
INFO: Args: -H tcp://0.0.0.0:2357 --data-root d:\CI\CI-3e76883946\daemon --pidfile d:\CI\CI-3e76883946\docker.pid
INFO: Process started successfully.
INFO: Waiting for the daemon under test to start...
INFO: Daemon under test started and replied!
INFO: Docker version of the daemon under test

Client:
 Version:      17.06.0-ce
 API version:  1.30
 Go version:   go1.8.3
 Git commit:   02c1d87
 Built:        Fri Jun 23 21:30:30 2017
 OS/Arch:      windows/amd64

Server:
 Version:      0.0.0-dev
 API version:  1.40 (minimum version 1.24)
 Go version:   go1.11.4
 Git commit:   3e76883946
 Built:        12/31/2018 14:39:33
 OS/Arch:      windows/amd64
 Experimental: false

INFO: Docker info of the daemon under test

Containers: 0
 Running: 0
 Paused: 0
 Stopped: 0
Images: 0
Server Version: 0.0.0-dev
Storage Driver: windowsfilter
 Windows: 
Logging Driver: json-file
Plugins: 
 Volume: local
 Network: ics l2bridge l2tunnel nat null overlay transparent
 Log: awslogs etwlogs fluentd gcplogs gelf json-file local logentries splunk syslog
Swarm: inactive
Default Isolation: process
Kernel Version: 10.0 17763 (17763.1.amd64fre.rs5_release.180914-1434)
Operating System: Windows Server 2019 Datacenter Version 1809 (OS Build 17763.1)
OSType: windows
Architecture: x86_64
CPUs: 4
Total Memory: 16GiB
Name: jenkins-rs5-3
ID: YZ5T:2LGS:2DA6:ZUWY:EC5V:BIDV:MQZK:ZEVN:CDAM:VJDF:L3HM:FGT4
Docker Root Dir: D:\CI\CI-3e76883946\daemon
Debug Mode (client): false
Debug Mode (server): false
Registry: https://index.docker.io/v1/
Labels:
Experimental: false
Insecure Registries:
 127.0.0.0/8
Live Restore Enabled: false


INFO: Docker images of the daemon under test

REPOSITORY          TAG                 IMAGE ID            CREATED             SIZE

INFO: Base image for tests is microsoft/windowsservercore
INFO: Loading windowsservercore .tar from disk into the daemon under test. This may take some time...
Loaded image: microsoft/windowsservercore:10.0.17763.1
Loaded image: microsoft/windowsservercore:latest
INFO: docker load of windowsservercore  into daemon under test completed successfully
INFO: Version of microsoft/windowsservercore:latest is '10.0.17763.1'
WARN: Skipping validation tests
WARN: Skipping unit tests
INFO: Building busybox
Downloading build context from remote url: https://raw.githubusercontent.com/jhowardmsft/busybox/v1.1/Dockerfile     701B
Downloading build context from remote url: https://raw.githubusercontent.com/jhowardmsft/busybox/v1.1/Dockerfile     701B

Sending build context to Docker daemon   2.56kB

Step 1/6 : FROM microsoft/windowsservercore
 ---> e523d49b4b94
Step 2/6 : RUN mkdir C:\tmp && mkdir C:\bin
 ---> Running in 0631afa3cd05
Removing intermediate container 0631afa3cd05
 ---> 392d4372064b
Step 3/6 : ADD http://frippery.org/files/busybox/busybox.exe /bin/

 ---> 9251ce5ccf6c
Step 4/6 : RUN setx /M PATH "C:\bin;%PATH%"
 ---> Running in 463aa5b018cc

SUCCESS: Specified value was saved.
Removing intermediate container 463aa5b018cc
 ---> cd76b3734751
Step 5/6 : RUN powershell busybox.exe --list ^|%{$nul = cmd /c mklink C:\bin\$_.exe busybox.exe}
 ---> Running in 0ddd38bd04a8
Cannot create a file when that file already exists.
Removing intermediate container 0ddd38bd04a8
 ---> 11de735ad976
Step 6/6 : CMD ["sh"]
 ---> Running in 7f1d4d6ae273
Removing intermediate container 7f1d4d6ae273
 ---> f0040386af5a
Successfully built f0040386af5a
Successfully tagged busybox:latest
INFO: Docker images of the daemon under test

REPOSITORY                    TAG                 IMAGE ID            CREATED                  SIZE
busybox                       latest              f0040386af5a        Less than a second ago   3.49GB
microsoft/windowsservercore   10.0.17763.1        e523d49b4b94        3 months ago             3.47GB
microsoft/windowsservercore   latest              e523d49b4b94        3 months ago             3.47GB

INFO: Running integration tests at 12/31/2018 14:43:55...
WARN: Only running integration tests matching DockerSwarmSuite
INFO: Integration tests being run from the host:
INFO: go test "-check.v" "-check.f" "DockerSwarmSuite" "-tags" "autogen" "-check.timeout" "10m" "-test.timeout" "200m" 
INFO: DOCKER_HOST at tcp://127.0.0.1:2357
INFO: Windows Base image is  microsoft/windowsservercore
INFO: Testing against a local daemon

----------------------------------------------------------------------
FAIL: docker_api_swarm_test.go:883: DockerSwarmSuite.TestAPIDuplicateNetworks

[d4020a89fc346] waiting for daemon to start
[d4020a89fc346] exiting daemon
docker_api_swarm_test.go:884:
    d := s.AddDaemon(c, true, true)
c:/gopath/src/github.com/docker/docker/internal/test/daemon/daemon.go:202:
    t.Fatalf("failed to start daemon with arguments %v : %v", args, err)
... Error: failed to start daemon with arguments [--swarm-default-advertise-addr=lo] : [d4020a89fc346] Daemon exited during startup: exit status 1


----------------------------------------------------------------------
FAIL: docker_api_swarm_test.go:1010: DockerSwarmSuite.TestAPINetworkInspectWithScope

[de6cdd2bcbb27] waiting for daemon to start
[de6cdd2bcbb27] exiting daemon
docker_api_swarm_test.go:1011:
    d := s.AddDaemon(c, true, true)
c:/gopath/src/github.com/docker/docker/internal/test/daemon/daemon.go:202:
    t.Fatalf("failed to start daemon with arguments %v : %v", args, err)
... Error: failed to start daemon with arguments [--swarm-default-advertise-addr=lo] : [de6cdd2bcbb27] Daemon exited during startup: exit status 1


----------------------------------------------------------------------
FAIL: docker_api_swarm_service_test.go:28: DockerSwarmSuite.TestAPIServiceUpdatePort

[dbc2dcf83c10f] waiting for daemon to start
[dbc2dcf83c10f] exiting daemon
docker_api_swarm_service_test.go:29:
    d := s.AddDaemon(c, true, true)
c:/gopath/src/github.com/docker/docker/internal/test/daemon/daemon.go:202:
    t.Fatalf("failed to start daemon with arguments %v : %v", args, err)
... Error: failed to start daemon with arguments [--swarm-default-advertise-addr=lo] : [dbc2dcf83c10f] Daemon exited during startup: exit status 1


----------------------------------------------------------------------
FAIL: docker_api_swarm_test.go:183: DockerSwarmSuite.TestAPISwarmCAHash

[db6c77f44b446] waiting for daemon to start
[db6c77f44b446] exiting daemon
docker_api_swarm_test.go:184:
    d1 := s.AddDaemon(c, true, true)
c:/gopath/src/github.com/docker/docker/internal/test/daemon/daemon.go:202:
    t.Fatalf("failed to start daemon with arguments %v : %v", args, err)
... Error: failed to start daemon with arguments [--swarm-default-advertise-addr=lo] : [db6c77f44b446] Daemon exited during startup: exit status 1


----------------------------------------------------------------------
FAIL: docker_api_swarm_test.go:867: DockerSwarmSuite.TestAPISwarmErrorHandling

[dc8ecc715a657] waiting for daemon to start
[dc8ecc715a657] exiting daemon
docker_api_swarm_test.go:871:
    d := s.AddDaemon(c, false, false)
c:/gopath/src/github.com/docker/docker/internal/test/daemon/daemon.go:202:
    t.Fatalf("failed to start daemon with arguments %v : %v", args, err)
... Error: failed to start daemon with arguments [--swarm-default-advertise-addr=lo] : [dc8ecc715a657] Daemon exited during startup: exit status 1


----------------------------------------------------------------------
FAIL: docker_api_swarm_test.go:538: DockerSwarmSuite.TestAPISwarmForceNewCluster

[d942fba5c7bed] waiting for daemon to start
[d942fba5c7bed] exiting daemon
docker_api_swarm_test.go:539:
    d1 := s.AddDaemon(c, true, true)
c:/gopath/src/github.com/docker/docker/internal/test/daemon/daemon.go:202:
    t.Fatalf("failed to start daemon with arguments %v : %v", args, err)
... Error: failed to start daemon with arguments [--swarm-default-advertise-addr=lo] : [d942fba5c7bed] Daemon exited during startup: exit status 1


----------------------------------------------------------------------
SKIP: docker_api_swarm_test.go:914: DockerSwarmSuite.TestAPISwarmHealthcheckNone (Root cause of Issue #36386 is needed)

----------------------------------------------------------------------
FAIL: docker_api_swarm_test.go:33: DockerSwarmSuite.TestAPISwarmInit

[d24c7b63fd6a4] waiting for daemon to start
[d24c7b63fd6a4] exiting daemon
docker_api_swarm_test.go:35:
    // todo: should find a better way to verify that components are running than /info
    d1 := s.AddDaemon(c, true, true)
c:/gopath/src/github.com/docker/docker/internal/test/daemon/daemon.go:202:
    t.Fatalf("failed to start daemon with arguments %v : %v", args, err)
... Error: failed to start daemon with arguments [--swarm-default-advertise-addr=lo] : [d24c7b63fd6a4] Daemon exited during startup: exit status 1


----------------------------------------------------------------------
FAIL: docker_api_swarm_test.go:520: DockerSwarmSuite.TestAPISwarmInvalidAddress

[dbd40a949229a] waiting for daemon to start
[dbd40a949229a] exiting daemon
docker_api_swarm_test.go:521:
    d := s.AddDaemon(c, false, false)
c:/gopath/src/github.com/docker/docker/internal/test/daemon/daemon.go:202:
    t.Fatalf("failed to start daemon with arguments %v : %v", args, err)
... Error: failed to start daemon with arguments [--swarm-default-advertise-addr=lo] : [dbd40a949229a] Daemon exited during startup: exit status 1


----------------------------------------------------------------------
FAIL: docker_api_swarm_test.go:79: DockerSwarmSuite.TestAPISwarmJoinToken

[d933ffcd9400b] waiting for daemon to start
[d933ffcd9400b] exiting daemon
docker_api_swarm_test.go:80:
    d1 := s.AddDaemon(c, false, false)
c:/gopath/src/github.com/docker/docker/internal/test/daemon/daemon.go:202:
    t.Fatalf("failed to start daemon with arguments %v : %v", args, err)
... Error: failed to start daemon with arguments [--swarm-default-advertise-addr=lo] : [d933ffcd9400b] Daemon exited during startup: exit status 1


----------------------------------------------------------------------
FAIL: docker_api_swarm_test.go:294: DockerSwarmSuite.TestAPISwarmLeaderElection

[d690c7c4d6c7f] waiting for daemon to start
[d690c7c4d6c7f] exiting daemon
docker_api_swarm_test.go:296:
    // Create 3 nodes
    d1 := s.AddDaemon(c, true, true)
c:/gopath/src/github.com/docker/docker/internal/test/daemon/daemon.go:202:
    t.Fatalf("failed to start daemon with arguments %v : %v", args, err)
... Error: failed to start daemon with arguments [--swarm-default-advertise-addr=lo] : [d690c7c4d6c7f] Daemon exited during startup: exit status 1


----------------------------------------------------------------------
FAIL: docker_api_swarm_test.go:269: DockerSwarmSuite.TestAPISwarmLeaderProxy

[d96e1ea776d9b] waiting for daemon to start
[d96e1ea776d9b] exiting daemon
docker_api_swarm_test.go:271:
    // add three managers, one of these is leader
    d1 := s.AddDaemon(c, true, true)
c:/gopath/src/github.com/docker/docker/internal/test/daemon/daemon.go:202:
    t.Fatalf("failed to start daemon with arguments %v : %v", args, err)
... Error: failed to start daemon with arguments [--swarm-default-advertise-addr=lo] : [d96e1ea776d9b] Daemon exited during startup: exit status 1


----------------------------------------------------------------------
FAIL: docker_api_swarm_test.go:421: DockerSwarmSuite.TestAPISwarmLeaveOnPendingJoin

[d1f247c6b53ca] waiting for daemon to start
[d1f247c6b53ca] exiting daemon
docker_api_swarm_test.go:423:
    s.AddDaemon(c, true, true)
c:/gopath/src/github.com/docker/docker/internal/test/daemon/daemon.go:202:
    t.Fatalf("failed to start daemon with arguments %v : %v", args, err)
... Error: failed to start daemon with arguments [--swarm-default-advertise-addr=lo] : [d1f247c6b53ca] Daemon exited during startup: exit status 1


----------------------------------------------------------------------
FAIL: docker_api_swarm_test.go:398: DockerSwarmSuite.TestAPISwarmLeaveRemovesContainer

[dc9703ad1f08a] waiting for daemon to start
[dc9703ad1f08a] exiting daemon
docker_api_swarm_test.go:399:
    d := s.AddDaemon(c, true, true)
c:/gopath/src/github.com/docker/docker/internal/test/daemon/daemon.go:202:
    t.Fatalf("failed to start daemon with arguments %v : %v", args, err)
... Error: failed to start daemon with arguments [--swarm-default-advertise-addr=lo] : [dc9703ad1f08a] Daemon exited during startup: exit status 1


----------------------------------------------------------------------
FAIL: docker_api_swarm_node_test.go:12: DockerSwarmSuite.TestAPISwarmListNodes

[dc69061a467b2] waiting for daemon to start
[dc69061a467b2] exiting daemon
docker_api_swarm_node_test.go:13:
    d1 := s.AddDaemon(c, true, true)
c:/gopath/src/github.com/docker/docker/internal/test/daemon/daemon.go:202:
    t.Fatalf("failed to start daemon with arguments %v : %v", args, err)
... Error: failed to start daemon with arguments [--swarm-default-advertise-addr=lo] : [dc69061a467b2] Daemon exited during startup: exit status 1


----------------------------------------------------------------------
FAIL: docker_api_swarm_test.go:470: DockerSwarmSuite.TestAPISwarmManagerRestore

[d1354552ecb24] waiting for daemon to start
[d1354552ecb24] exiting daemon
docker_api_swarm_test.go:471:
    d1 := s.AddDaemon(c, true, true)
c:/gopath/src/github.com/docker/docker/internal/test/daemon/daemon.go:202:
    t.Fatalf("failed to start daemon with arguments %v : %v", args, err)
... Error: failed to start daemon with arguments [--swarm-default-advertise-addr=lo] : [d1354552ecb24] Daemon exited during startup: exit status 1


----------------------------------------------------------------------
FAIL: docker_api_swarm_node_test.go:73: DockerSwarmSuite.TestAPISwarmNodeDrainPause

[dbfe871976654] waiting for daemon to start
[dbfe871976654] exiting daemon
docker_api_swarm_node_test.go:74:
    d1 := s.AddDaemon(c, true, true)
c:/gopath/src/github.com/docker/docker/internal/test/daemon/daemon.go:202:
    t.Fatalf("failed to start daemon with arguments %v : %v", args, err)
... Error: failed to start daemon with arguments [--swarm-default-advertise-addr=lo] : [dbfe871976654] Daemon exited during startup: exit status 1


----------------------------------------------------------------------
FAIL: docker_api_swarm_node_test.go:44: DockerSwarmSuite.TestAPISwarmNodeRemove

[d06ff92fb318a] waiting for daemon to start
[d06ff92fb318a] exiting daemon
docker_api_swarm_node_test.go:46:
    d1 := s.AddDaemon(c, true, true)
c:/gopath/src/github.com/docker/docker/internal/test/daemon/daemon.go:202:
    t.Fatalf("failed to start daemon with arguments %v : %v", args, err)
... Error: failed to start daemon with arguments [--swarm-default-advertise-addr=lo] : [d06ff92fb318a] Daemon exited during startup: exit status 1


----------------------------------------------------------------------
FAIL: docker_api_swarm_node_test.go:31: DockerSwarmSuite.TestAPISwarmNodeUpdate

[da67654d4e3b7] waiting for daemon to start
[da67654d4e3b7] exiting daemon
docker_api_swarm_node_test.go:32:
    d := s.AddDaemon(c, true, true)
c:/gopath/src/github.com/docker/docker/internal/test/daemon/daemon.go:202:
    t.Fatalf("failed to start daemon with arguments %v : %v", args, err)
... Error: failed to start daemon with arguments [--swarm-default-advertise-addr=lo] : [da67654d4e3b7] Daemon exited during startup: exit status 1


----------------------------------------------------------------------
FAIL: docker_api_swarm_test.go:199: DockerSwarmSuite.TestAPISwarmPromoteDemote

[d7423439ca8cf] waiting for daemon to start
[d7423439ca8cf] exiting daemon
docker_api_swarm_test.go:200:
    d1 := s.AddDaemon(c, false, false)
c:/gopath/src/github.com/docker/docker/internal/test/daemon/daemon.go:202:
    t.Fatalf("failed to start daemon with arguments %v : %v", args, err)
... Error: failed to start daemon with arguments [--swarm-default-advertise-addr=lo] : [d7423439ca8cf] Daemon exited during startup: exit status 1


----------------------------------------------------------------------
FAIL: docker_api_swarm_test.go:357: DockerSwarmSuite.TestAPISwarmRaftQuorum

[db091ba40d799] waiting for daemon to start
[db091ba40d799] exiting daemon
docker_api_swarm_test.go:358:
    d1 := s.AddDaemon(c, true, true)
c:/gopath/src/github.com/docker/docker/internal/test/daemon/daemon.go:202:
    t.Fatalf("failed to start daemon with arguments %v : %v", args, err)
... Error: failed to start daemon with arguments [--swarm-default-advertise-addr=lo] : [db091ba40d799] Daemon exited during startup: exit status 1


----------------------------------------------------------------------
FAIL: docker_api_swarm_test.go:774: DockerSwarmSuite.TestAPISwarmRestartCluster

[d765e1a076d37] waiting for daemon to start
[d765e1a076d37] exiting daemon
docker_api_swarm_test.go:779:
    manager := s.AddDaemon(c, true, true)
c:/gopath/src/github.com/docker/docker/internal/test/daemon/daemon.go:202:
    t.Fatalf("failed to start daemon with arguments %v : %v", args, err)
... Error: failed to start daemon with arguments [--swarm-default-advertise-addr=lo] : [d765e1a076d37] Daemon exited during startup: exit status 1


----------------------------------------------------------------------
FAIL: docker_api_swarm_test.go:451: DockerSwarmSuite.TestAPISwarmRestoreOnPendingJoin

[d211ab8490059] waiting for daemon to start
[d211ab8490059] exiting daemon
docker_api_swarm_test.go:453:
    d := s.AddDaemon(c, false, false)
c:/gopath/src/github.com/docker/docker/internal/test/daemon/daemon.go:202:
    t.Fatalf("failed to start daemon with arguments %v : %v", args, err)
... Error: failed to start daemon with arguments [--swarm-default-advertise-addr=lo] : [d211ab8490059] Daemon exited during startup: exit status 1


----------------------------------------------------------------------
FAIL: docker_api_swarm_test.go:496: DockerSwarmSuite.TestAPISwarmScaleNoRollingUpdate

[d7007f54e2340] waiting for daemon to start
[d7007f54e2340] exiting daemon
docker_api_swarm_test.go:497:
    d := s.AddDaemon(c, true, true)
c:/gopath/src/github.com/docker/docker/internal/test/daemon/daemon.go:202:
    t.Fatalf("failed to start daemon with arguments %v : %v", args, err)
... Error: failed to start daemon with arguments [--swarm-default-advertise-addr=lo] : [d7007f54e2340] Daemon exited during startup: exit status 1


----------------------------------------------------------------------
FAIL: docker_api_swarm_service_test.go:398: DockerSwarmSuite.TestAPISwarmServiceConstraintLabel

[d044e6ada717a] waiting for daemon to start
[d044e6ada717a] exiting daemon
docker_api_swarm_service_test.go:402:
    daemons[i] = s.AddDaemon(c, true, i == 0)
c:/gopath/src/github.com/docker/docker/internal/test/daemon/daemon.go:202:
    t.Fatalf("failed to start daemon with arguments %v : %v", args, err)
... Error: failed to start daemon with arguments [--swarm-default-advertise-addr=lo] : [d044e6ada717a] Daemon exited during startup: exit status 1


----------------------------------------------------------------------
FAIL: docker_api_swarm_service_test.go:346: DockerSwarmSuite.TestAPISwarmServiceConstraintRole

[d7fdabc42b3a3] waiting for daemon to start
[d7fdabc42b3a3] exiting daemon
docker_api_swarm_service_test.go:350:
    daemons[i] = s.AddDaemon(c, true, i == 0)
c:/gopath/src/github.com/docker/docker/internal/test/daemon/daemon.go:202:
    t.Fatalf("failed to start daemon with arguments %v : %v", args, err)
... Error: failed to start daemon with arguments [--swarm-default-advertise-addr=lo] : [d7fdabc42b3a3] Daemon exited during startup: exit status 1


----------------------------------------------------------------------
FAIL: docker_api_swarm_service_test.go:493: DockerSwarmSuite.TestAPISwarmServicePlacementPrefs

[d49f532d3891e] waiting for daemon to start
[d49f532d3891e] exiting daemon
docker_api_swarm_service_test.go:497:
    daemons[i] = s.AddDaemon(c, true, i == 0)
c:/gopath/src/github.com/docker/docker/internal/test/daemon/daemon.go:202:
    t.Fatalf("failed to start daemon with arguments %v : %v", args, err)
... Error: failed to start daemon with arguments [--swarm-default-advertise-addr=lo] : [d49f532d3891e] Daemon exited during startup: exit status 1


----------------------------------------------------------------------
FAIL: docker_api_swarm_service_test.go:57: DockerSwarmSuite.TestAPISwarmServicesCreate

[d2df9b924f76d] waiting for daemon to start
[d2df9b924f76d] exiting daemon
docker_api_swarm_service_test.go:58:
    d := s.AddDaemon(c, true, true)
c:/gopath/src/github.com/docker/docker/internal/test/daemon/daemon.go:202:
    t.Fatalf("failed to start daemon with arguments %v : %v", args, err)
... Error: failed to start daemon with arguments [--swarm-default-advertise-addr=lo] : [d2df9b924f76d] Daemon exited during startup: exit status 1


----------------------------------------------------------------------
FAIL: docker_api_swarm_service_test.go:119: DockerSwarmSuite.TestAPISwarmServicesCreateGlobal

[dd49c10962a16] waiting for daemon to start
[dd49c10962a16] exiting daemon
docker_api_swarm_service_test.go:120:
    d1 := s.AddDaemon(c, true, true)
c:/gopath/src/github.com/docker/docker/internal/test/daemon/daemon.go:202:
    t.Fatalf("failed to start daemon with arguments %v : %v", args, err)
... Error: failed to start daemon with arguments [--swarm-default-advertise-addr=lo] : [dd49c10962a16] Daemon exited during startup: exit status 1


----------------------------------------------------------------------
FAIL: docker_api_swarm_service_test.go:49: DockerSwarmSuite.TestAPISwarmServicesEmptyList

[df6b8458322a6] waiting for daemon to start
[df6b8458322a6] exiting daemon
docker_api_swarm_service_test.go:50:
    d := s.AddDaemon(c, true, true)
c:/gopath/src/github.com/docker/docker/internal/test/daemon/daemon.go:202:
    t.Fatalf("failed to start daemon with arguments %v : %v", args, err)
... Error: failed to start daemon with arguments [--swarm-default-advertise-addr=lo] : [df6b8458322a6] Daemon exited during startup: exit status 1


----------------------------------------------------------------------
FAIL: docker_api_swarm_service_test.go:306: DockerSwarmSuite.TestAPISwarmServicesFailedUpdate

[dac08c4029a3b] waiting for daemon to start
[dac08c4029a3b] exiting daemon
docker_api_swarm_service_test.go:310:
    daemons[i] = s.AddDaemon(c, true, i == 0)
c:/gopath/src/github.com/docker/docker/internal/test/daemon/daemon.go:202:
    t.Fatalf("failed to start daemon with arguments %v : %v", args, err)
... Error: failed to start daemon with arguments [--swarm-default-advertise-addr=lo] : [dac08c4029a3b] Daemon exited during startup: exit status 1


----------------------------------------------------------------------
FAIL: docker_api_swarm_service_test.go:91: DockerSwarmSuite.TestAPISwarmServicesMultipleAgents

[d7c3c7a794ed7] waiting for daemon to start
[d7c3c7a794ed7] exiting daemon
docker_api_swarm_service_test.go:92:
    d1 := s.AddDaemon(c, true, true)
c:/gopath/src/github.com/docker/docker/internal/test/daemon/daemon.go:202:
    t.Fatalf("failed to start daemon with arguments %v : %v", args, err)
... Error: failed to start daemon with arguments [--swarm-default-advertise-addr=lo] : [d7c3c7a794ed7] Daemon exited during startup: exit status 1


----------------------------------------------------------------------
FAIL: docker_api_swarm_service_test.go:137: DockerSwarmSuite.TestAPISwarmServicesUpdate

[dc00705cbcf28] waiting for daemon to start
[dc00705cbcf28] exiting daemon
docker_api_swarm_service_test.go:141:
    daemons[i] = s.AddDaemon(c, true, i == 0)
c:/gopath/src/github.com/docker/docker/internal/test/daemon/daemon.go:202:
    t.Fatalf("failed to start daemon with arguments %v : %v", args, err)
... Error: failed to start daemon with arguments [--swarm-default-advertise-addr=lo] : [dc00705cbcf28] Daemon exited during startup: exit status 1


----------------------------------------------------------------------
FAIL: docker_api_swarm_service_test.go:197: DockerSwarmSuite.TestAPISwarmServicesUpdateStartFirst

[d83a770d974b2] waiting for daemon to start
[d83a770d974b2] exiting daemon
docker_api_swarm_service_test.go:198:
    d := s.AddDaemon(c, true, true)
c:/gopath/src/github.com/docker/docker/internal/test/daemon/daemon.go:202:
    t.Fatalf("failed to start daemon with arguments %v : %v", args, err)
... Error: failed to start daemon with arguments [--swarm-default-advertise-addr=lo] : [d83a770d974b2] Daemon exited during startup: exit status 1


----------------------------------------------------------------------
FAIL: docker_api_swarm_test.go:839: DockerSwarmSuite.TestAPISwarmServicesUpdateWithName

[d919132a24667] waiting for daemon to start
[d919132a24667] exiting daemon
docker_api_swarm_test.go:840:
    d := s.AddDaemon(c, true, true)
c:/gopath/src/github.com/docker/docker/internal/test/daemon/daemon.go:202:
    t.Fatalf("failed to start daemon with arguments %v : %v", args, err)
... Error: failed to start daemon with arguments [--swarm-default-advertise-addr=lo] : [d919132a24667] Daemon exited during startup: exit status 1


----------------------------------------------------------------------
FAIL: docker_api_swarm_test.go:859: DockerSwarmSuite.TestAPISwarmUnlockNotLocked

[d8e353dfb96cc] waiting for daemon to start
[d8e353dfb96cc] exiting daemon
docker_api_swarm_test.go:860:
    d := s.AddDaemon(c, true, true)
c:/gopath/src/github.com/docker/docker/internal/test/daemon/daemon.go:202:
    t.Fatalf("failed to start daemon with arguments %v : %v", args, err)
... Error: failed to start daemon with arguments [--swarm-default-advertise-addr=lo] : [d8e353dfb96cc] Daemon exited during startup: exit status 1


----------------------------------------------------------------------
FAIL: docker_cli_swarm_test.go:749: DockerSwarmSuite.TestDNSConfig

[da2eaf55c9254] waiting for daemon to start
[da2eaf55c9254] exiting daemon
docker_cli_swarm_test.go:750:
    d := s.AddDaemon(c, true, true)
c:/gopath/src/github.com/docker/docker/internal/test/daemon/daemon.go:202:
    t.Fatalf("failed to start daemon with arguments %v : %v", args, err)
... Error: failed to start daemon with arguments [--swarm-default-advertise-addr=lo] : [da2eaf55c9254] Daemon exited during startup: exit status 1


----------------------------------------------------------------------
FAIL: docker_cli_swarm_test.go:776: DockerSwarmSuite.TestDNSConfigUpdate

[dd2c6d5c1df97] waiting for daemon to start
[dd2c6d5c1df97] exiting daemon
docker_cli_swarm_test.go:777:
    d := s.AddDaemon(c, true, true)
c:/gopath/src/github.com/docker/docker/internal/test/daemon/daemon.go:202:
    t.Fatalf("failed to start daemon with arguments %v : %v", args, err)
... Error: failed to start daemon with arguments [--swarm-default-advertise-addr=lo] : [dd2c6d5c1df97] Daemon exited during startup: exit status 1


----------------------------------------------------------------------
FAIL: docker_cli_swarm_test.go:1216: DockerSwarmSuite.TestExtraHosts

[d0aabe2d25b28] waiting for daemon to start
[d0aabe2d25b28] exiting daemon
docker_cli_swarm_test.go:1217:
    d := s.AddDaemon(c, true, true)
c:/gopath/src/github.com/docker/docker/internal/test/daemon/daemon.go:202:
    t.Fatalf("failed to start daemon with arguments %v : %v", args, err)
... Error: failed to start daemon with arguments [--swarm-default-advertise-addr=lo] : [d0aabe2d25b28] Daemon exited during startup: exit status 1


----------------------------------------------------------------------
FAIL: docker_cli_swarm_test.go:1410: DockerSwarmSuite.TestNetworkInspectWithDuplicateNames

[de9f95383fe18] waiting for daemon to start
[de9f95383fe18] exiting daemon
docker_cli_swarm_test.go:1411:
    d := s.AddDaemon(c, true, true)
c:/gopath/src/github.com/docker/docker/internal/test/daemon/daemon.go:202:
    t.Fatalf("failed to start daemon with arguments %v : %v", args, err)
... Error: failed to start daemon with arguments [--swarm-default-advertise-addr=lo] : [de9f95383fe18] Daemon exited during startup: exit status 1


----------------------------------------------------------------------
FAIL: docker_cli_swarm_test.go:383: DockerSwarmSuite.TestOverlayAttachable

[d0b0b0b1aa3b3] waiting for daemon to start
[d0b0b0b1aa3b3] exiting daemon
docker_cli_swarm_test.go:384:
    d := s.AddDaemon(c, true, true)
c:/gopath/src/github.com/docker/docker/internal/test/daemon/daemon.go:202:
    t.Fatalf("failed to start daemon with arguments %v : %v", args, err)
... Error: failed to start daemon with arguments [--swarm-default-advertise-addr=lo] : [d0b0b0b1aa3b3] Daemon exited during startup: exit status 1


----------------------------------------------------------------------
FAIL: docker_cli_swarm_test.go:405: DockerSwarmSuite.TestOverlayAttachableOnSwarmLeave

[dd7d7f885395e] waiting for daemon to start
[dd7d7f885395e] exiting daemon
docker_cli_swarm_test.go:406:
    d := s.AddDaemon(c, true, true)
c:/gopath/src/github.com/docker/docker/internal/test/daemon/daemon.go:202:
    t.Fatalf("failed to start daemon with arguments %v : %v", args, err)
... Error: failed to start daemon with arguments [--swarm-default-advertise-addr=lo] : [dd7d7f885395e] Daemon exited during startup: exit status 1


----------------------------------------------------------------------
FAIL: docker_cli_swarm_test.go:432: DockerSwarmSuite.TestOverlayAttachableReleaseResourcesOnFailure

[d25e850a98f10] waiting for daemon to start
[d25e850a98f10] exiting daemon
docker_cli_swarm_test.go:433:
    d := s.AddDaemon(c, true, true)
c:/gopath/src/github.com/docker/docker/internal/test/daemon/daemon.go:202:
    t.Fatalf("failed to start daemon with arguments %v : %v", args, err)
... Error: failed to start daemon with arguments [--swarm-default-advertise-addr=lo] : [d25e850a98f10] Daemon exited during startup: exit status 1


----------------------------------------------------------------------
FAIL: docker_cli_swarm_test.go:587: DockerSwarmSuite.TestPsListContainersFilterIsTask

[d646adc617bf5] waiting for daemon to start
[d646adc617bf5] exiting daemon
docker_cli_swarm_test.go:588:
    d := s.AddDaemon(c, true, true)
c:/gopath/src/github.com/docker/docker/internal/test/daemon/daemon.go:202:
    t.Fatalf("failed to start daemon with arguments %v : %v", args, err)
... Error: failed to start daemon with arguments [--swarm-default-advertise-addr=lo] : [d646adc617bf5] Daemon exited during startup: exit status 1


----------------------------------------------------------------------
FAIL: docker_cli_swarm_test.go:1191: DockerSwarmSuite.TestSwarmAlternateLockUnlock

[d27e5a1e1dc89] waiting for daemon to start
[d27e5a1e1dc89] exiting daemon
docker_cli_swarm_test.go:1192:
    d := s.AddDaemon(c, true, true)
c:/gopath/src/github.com/docker/docker/internal/test/daemon/daemon.go:202:
    t.Fatalf("failed to start daemon with arguments %v : %v", args, err)
... Error: failed to start daemon with arguments [--swarm-default-advertise-addr=lo] : [d27e5a1e1dc89] Daemon exited during startup: exit status 1


----------------------------------------------------------------------
FAIL: docker_cli_swarm_test.go:1770: DockerSwarmSuite.TestSwarmClusterEventsConfig

[d01ee7132b176] waiting for daemon to start
[d01ee7132b176] exiting daemon
docker_cli_swarm_test.go:1771:
    d := s.AddDaemon(c, true, true)
c:/gopath/src/github.com/docker/docker/internal/test/daemon/daemon.go:202:
    t.Fatalf("failed to start daemon with arguments %v : %v", args, err)
... Error: failed to start daemon with arguments [--swarm-default-advertise-addr=lo] : [d01ee7132b176] Daemon exited during startup: exit status 1


----------------------------------------------------------------------
FAIL: docker_cli_swarm_test.go:1731: DockerSwarmSuite.TestSwarmClusterEventsNetwork

[dd387507bbcf7] waiting for daemon to start
[dd387507bbcf7] exiting daemon
docker_cli_swarm_test.go:1732:
    d := s.AddDaemon(c, true, true)
c:/gopath/src/github.com/docker/docker/internal/test/daemon/daemon.go:202:
    t.Fatalf("failed to start daemon with arguments %v : %v", args, err)
... Error: failed to start daemon with arguments [--swarm-default-advertise-addr=lo] : [dd387507bbcf7] Daemon exited during startup: exit status 1


----------------------------------------------------------------------
FAIL: docker_cli_swarm_test.go:1701: DockerSwarmSuite.TestSwarmClusterEventsNode

[d7e16b5f044c0] waiting for daemon to start
[d7e16b5f044c0] exiting daemon
docker_cli_swarm_test.go:1702:
    d1 := s.AddDaemon(c, true, true)
c:/gopath/src/github.com/docker/docker/internal/test/daemon/daemon.go:202:
    t.Fatalf("failed to start daemon with arguments %v : %v", args, err)
... Error: failed to start daemon with arguments [--swarm-default-advertise-addr=lo] : [d7e16b5f044c0] Daemon exited during startup: exit status 1


----------------------------------------------------------------------
FAIL: docker_cli_swarm_test.go:1617: DockerSwarmSuite.TestSwarmClusterEventsScope

[d35e9878c83bc] waiting for daemon to start
[d35e9878c83bc] exiting daemon
docker_cli_swarm_test.go:1618:
    d := s.AddDaemon(c, true, true)
c:/gopath/src/github.com/docker/docker/internal/test/daemon/daemon.go:202:
    t.Fatalf("failed to start daemon with arguments %v : %v", args, err)
... Error: failed to start daemon with arguments [--swarm-default-advertise-addr=lo] : [d35e9878c83bc] Daemon exited during startup: exit status 1


----------------------------------------------------------------------
FAIL: docker_cli_swarm_test.go:1750: DockerSwarmSuite.TestSwarmClusterEventsSecret

[d30b92034af62] waiting for daemon to start
[d30b92034af62] exiting daemon
docker_cli_swarm_test.go:1751:
    d := s.AddDaemon(c, true, true)
c:/gopath/src/github.com/docker/docker/internal/test/daemon/daemon.go:202:
    t.Fatalf("failed to start daemon with arguments %v : %v", args, err)
... Error: failed to start daemon with arguments [--swarm-default-advertise-addr=lo] : [d30b92034af62] Daemon exited during startup: exit status 1


----------------------------------------------------------------------
FAIL: docker_cli_swarm_test.go:1661: DockerSwarmSuite.TestSwarmClusterEventsService

[d5d5a2ef14f7a] waiting for daemon to start
[d5d5a2ef14f7a] exiting daemon
docker_cli_swarm_test.go:1662:
    d := s.AddDaemon(c, true, true)
c:/gopath/src/github.com/docker/docker/internal/test/daemon/daemon.go:202:
    t.Fatalf("failed to start daemon with arguments %v : %v", args, err)
... Error: failed to start daemon with arguments [--swarm-default-advertise-addr=lo] : [d5d5a2ef14f7a] Daemon exited during startup: exit status 1


----------------------------------------------------------------------
FAIL: docker_cli_swarm_test.go:1597: DockerSwarmSuite.TestSwarmClusterEventsSource

[da2c8aa3cea51] waiting for daemon to start
[da2c8aa3cea51] exiting daemon
docker_cli_swarm_test.go:1598:
    d1 := s.AddDaemon(c, true, true)
c:/gopath/src/github.com/docker/docker/internal/test/daemon/daemon.go:202:
    t.Fatalf("failed to start daemon with arguments %v : %v", args, err)
... Error: failed to start daemon with arguments [--swarm-default-advertise-addr=lo] : [da2c8aa3cea51] Daemon exited during startup: exit status 1


----------------------------------------------------------------------
FAIL: docker_cli_swarm_test.go:1638: DockerSwarmSuite.TestSwarmClusterEventsType

[d9eb34a56f38e] waiting for daemon to start
[d9eb34a56f38e] exiting daemon
docker_cli_swarm_test.go:1639:
    d := s.AddDaemon(c, true, true)
c:/gopath/src/github.com/docker/docker/internal/test/daemon/daemon.go:202:
    t.Fatalf("failed to start daemon with arguments %v : %v", args, err)
... Error: failed to start daemon with arguments [--swarm-default-advertise-addr=lo] : [d9eb34a56f38e] Daemon exited during startup: exit status 1


----------------------------------------------------------------------
FAIL: docker_cli_swarm_test.go:1120: DockerSwarmSuite.TestSwarmClusterRotateUnlockKey

[d9c9049e8bc3d] waiting for daemon to start
[d9c9049e8bc3d] exiting daemon
docker_cli_swarm_test.go:1121:
    d1 := s.AddDaemon(c, true, true) // leader - don't restart this one, we don't want leader election delays
c:/gopath/src/github.com/docker/docker/internal/test/daemon/daemon.go:202:
    t.Fatalf("failed to start daemon with arguments %v : %v", args, err)
... Error: failed to start daemon with arguments [--swarm-default-advertise-addr=lo] : [d9c9049e8bc3d] Daemon exited during startup: exit status 1


----------------------------------------------------------------------
FAIL: docker_cli_swarm_test.go:355: DockerSwarmSuite.TestSwarmContainerAttachByNetworkId

[d530f0a19f87e] waiting for daemon to start
[d530f0a19f87e] exiting daemon
docker_cli_swarm_test.go:356:
    d := s.AddDaemon(c, true, true)
c:/gopath/src/github.com/docker/docker/internal/test/daemon/daemon.go:202:
    t.Fatalf("failed to start daemon with arguments %v : %v", args, err)
... Error: failed to start daemon with arguments [--swarm-default-advertise-addr=lo] : [d530f0a19f87e] Daemon exited during startup: exit status 1


----------------------------------------------------------------------
FAIL: docker_cli_swarm_test.go:308: DockerSwarmSuite.TestSwarmContainerAutoStart

[d8840bd1b17a9] waiting for daemon to start
[d8840bd1b17a9] exiting daemon
docker_cli_swarm_test.go:309:
    d := s.AddDaemon(c, true, true)
c:/gopath/src/github.com/docker/docker/internal/test/daemon/daemon.go:202:
    t.Fatalf("failed to start daemon with arguments %v : %v", args, err)
... Error: failed to start daemon with arguments [--swarm-default-advertise-addr=lo] : [d8840bd1b17a9] Daemon exited during startup: exit status 1


----------------------------------------------------------------------
FAIL: docker_cli_swarm_test.go:330: DockerSwarmSuite.TestSwarmContainerEndpointOptions

[d588935d17191] waiting for daemon to start
[d588935d17191] exiting daemon
docker_cli_swarm_test.go:331:
    d := s.AddDaemon(c, true, true)
c:/gopath/src/github.com/docker/docker/internal/test/daemon/daemon.go:202:
    t.Fatalf("failed to start daemon with arguments %v : %v", args, err)
... Error: failed to start daemon with arguments [--swarm-default-advertise-addr=lo] : [d588935d17191] Daemon exited during startup: exit status 1


----------------------------------------------------------------------
FAIL: docker_cli_swarm_test.go:510: DockerSwarmSuite.TestSwarmCreateServiceWithNoIngressNetwork

[daecbc1015314] waiting for daemon to start
[daecbc1015314] exiting daemon
docker_cli_swarm_test.go:511:
    d := s.AddDaemon(c, true, true)
c:/gopath/src/github.com/docker/docker/internal/test/daemon/daemon.go:202:
    t.Fatalf("failed to start daemon with arguments %v : %v", args, err)
... Error: failed to start daemon with arguments [--swarm-default-advertise-addr=lo] : [daecbc1015314] Daemon exited during startup: exit status 1


----------------------------------------------------------------------
FAIL: docker_cli_swarm_test.go:135: DockerSwarmSuite.TestSwarmIncompatibleDaemon

[d1b3fcdf5e778] waiting for daemon to start
[d1b3fcdf5e778] exiting daemon
docker_cli_swarm_test.go:137:
    // init swarm mode and stop a daemon
    d := s.AddDaemon(c, true, true)
c:/gopath/src/github.com/docker/docker/internal/test/daemon/daemon.go:202:
    t.Fatalf("failed to start daemon with arguments %v : %v", args, err)
... Error: failed to start daemon with arguments [--swarm-default-advertise-addr=lo] : [d1b3fcdf5e778] Daemon exited during startup: exit status 1


----------------------------------------------------------------------
FAIL: docker_cli_swarm_test.go:456: DockerSwarmSuite.TestSwarmIngressNetwork

[d2f5bae773756] waiting for daemon to start
[d2f5bae773756] exiting daemon
docker_cli_swarm_test.go:457:
    d := s.AddDaemon(c, true, true)
c:/gopath/src/github.com/docker/docker/internal/test/daemon/daemon.go:202:
    t.Fatalf("failed to start daemon with arguments %v : %v", args, err)
... Error: failed to start daemon with arguments [--swarm-default-advertise-addr=lo] : [d2f5bae773756] Daemon exited during startup: exit status 1


----------------------------------------------------------------------
FAIL: docker_cli_swarm_test.go:73: DockerSwarmSuite.TestSwarmInit

[db16f613b9f9e] waiting for daemon to start
[db16f613b9f9e] exiting daemon
docker_cli_swarm_test.go:74:
    d := s.AddDaemon(c, false, false)
c:/gopath/src/github.com/docker/docker/internal/test/daemon/daemon.go:202:
    t.Fatalf("failed to start daemon with arguments %v : %v", args, err)
... Error: failed to start daemon with arguments [--swarm-default-advertise-addr=lo] : [db16f613b9f9e] Daemon exited during startup: exit status 1


----------------------------------------------------------------------
SKIP: docker_cli_swarm_test.go:116: DockerSwarmSuite.TestSwarmInitIPv6 (unmatched requirement IPv6)

----------------------------------------------------------------------
FAIL: docker_cli_swarm_test.go:857: DockerSwarmSuite.TestSwarmInitLocked

[dde6a90fdcf17] waiting for daemon to start
[dde6a90fdcf17] exiting daemon
docker_cli_swarm_test.go:858:
    d := s.AddDaemon(c, false, false)
c:/gopath/src/github.com/docker/docker/internal/test/daemon/daemon.go:202:
    t.Fatalf("failed to start daemon with arguments %v : %v", args, err)
... Error: failed to start daemon with arguments [--swarm-default-advertise-addr=lo] : [dde6a90fdcf17] Daemon exited during startup: exit status 1


----------------------------------------------------------------------
FAIL: docker_cli_swarm_test.go:128: DockerSwarmSuite.TestSwarmInitUnspecifiedAdvertiseAddr

[d5f37568799ce] waiting for daemon to start
[d5f37568799ce] exiting daemon
docker_cli_swarm_test.go:129:
    d := s.AddDaemon(c, false, false)
c:/gopath/src/github.com/docker/docker/internal/test/daemon/daemon.go:202:
    t.Fatalf("failed to start daemon with arguments %v : %v", args, err)
... Error: failed to start daemon with arguments [--swarm-default-advertise-addr=lo] : [d5f37568799ce] Daemon exited during startup: exit status 1


----------------------------------------------------------------------
FAIL: docker_cli_swarm_test.go:1535: DockerSwarmSuite.TestSwarmInitUnspecifiedDataPathAddr

[df579e6bae2fc] waiting for daemon to start
[df579e6bae2fc] exiting daemon
docker_cli_swarm_test.go:1536:
    d := s.AddDaemon(c, false, false)
c:/gopath/src/github.com/docker/docker/internal/test/daemon/daemon.go:202:
    t.Fatalf("failed to start daemon with arguments %v : %v", args, err)
... Error: failed to start daemon with arguments [--swarm-default-advertise-addr=lo] : [df579e6bae2fc] Daemon exited during startup: exit status 1


----------------------------------------------------------------------
FAIL: docker_cli_swarm_test.go:1378: DockerSwarmSuite.TestSwarmInitWithDrain

[d9cf0d2e2dec6] waiting for daemon to start
[d9cf0d2e2dec6] exiting daemon
docker_cli_swarm_test.go:1379:
    d := s.AddDaemon(c, false, false)
c:/gopath/src/github.com/docker/docker/internal/test/daemon/daemon.go:202:
    t.Fatalf("failed to start daemon with arguments %v : %v", args, err)
... Error: failed to start daemon with arguments [--swarm-default-advertise-addr=lo] : [d9cf0d2e2dec6] Daemon exited during startup: exit status 1


----------------------------------------------------------------------
FAIL: docker_cli_swarm_test.go:1547: DockerSwarmSuite.TestSwarmJoinLeave

[d4bbc9f5b21f2] waiting for daemon to start
[d4bbc9f5b21f2] exiting daemon
docker_cli_swarm_test.go:1548:
    d := s.AddDaemon(c, true, true)
c:/gopath/src/github.com/docker/docker/internal/test/daemon/daemon.go:202:
    t.Fatalf("failed to start daemon with arguments %v : %v", args, err)
... Error: failed to start daemon with arguments [--swarm-default-advertise-addr=lo] : [d4bbc9f5b21f2] Daemon exited during startup: exit status 1


----------------------------------------------------------------------
FAIL: docker_cli_swarm_test.go:993: DockerSwarmSuite.TestSwarmJoinPromoteLocked

[d8d11c24f8dea] waiting for daemon to start
[d8d11c24f8dea] exiting daemon
docker_cli_swarm_test.go:994:
    d1 := s.AddDaemon(c, true, true)
c:/gopath/src/github.com/docker/docker/internal/test/daemon/daemon.go:202:
    t.Fatalf("failed to start daemon with arguments %v : %v", args, err)
... Error: failed to start daemon with arguments [--swarm-default-advertise-addr=lo] : [d8d11c24f8dea] Daemon exited during startup: exit status 1


----------------------------------------------------------------------
FAIL: docker_cli_swarm_test.go:1350: DockerSwarmSuite.TestSwarmJoinWithDrain

[da2a9819cfd50] waiting for daemon to start
[da2a9819cfd50] exiting daemon
docker_cli_swarm_test.go:1351:
    d := s.AddDaemon(c, true, true)
c:/gopath/src/github.com/docker/docker/internal/test/daemon/daemon.go:202:
    t.Fatalf("failed to start daemon with arguments %v : %v", args, err)
... Error: failed to start daemon with arguments [--swarm-default-advertise-addr=lo] : [da2a9819cfd50] Daemon exited during startup: exit status 1


----------------------------------------------------------------------
FAIL: docker_cli_swarm_test.go:899: DockerSwarmSuite.TestSwarmLeaveLocked

[de958be6f9a3c] waiting for daemon to start
[de958be6f9a3c] exiting daemon
docker_cli_swarm_test.go:900:
    d := s.AddDaemon(c, false, false)
c:/gopath/src/github.com/docker/docker/internal/test/daemon/daemon.go:202:
    t.Fatalf("failed to start daemon with arguments %v : %v", args, err)
... Error: failed to start daemon with arguments [--swarm-default-advertise-addr=lo] : [de958be6f9a3c] Daemon exited during startup: exit status 1


----------------------------------------------------------------------
FAIL: docker_cli_swarm_test.go:932: DockerSwarmSuite.TestSwarmLockUnlockCluster

[de633e15931b5] waiting for daemon to start
[de633e15931b5] exiting daemon
docker_cli_swarm_test.go:933:
    d1 := s.AddDaemon(c, true, true)
c:/gopath/src/github.com/docker/docker/internal/test/daemon/daemon.go:202:
    t.Fatalf("failed to start daemon with arguments %v : %v", args, err)
... Error: failed to start daemon with arguments [--swarm-default-advertise-addr=lo] : [de633e15931b5] Daemon exited during startup: exit status 1


----------------------------------------------------------------------
FAIL: docker_cli_swarm_test.go:1239: DockerSwarmSuite.TestSwarmManagerAddress

[d9d51981e8ffc] waiting for daemon to start
[d9d51981e8ffc] exiting daemon
docker_cli_swarm_test.go:1240:
    d1 := s.AddDaemon(c, true, true)
c:/gopath/src/github.com/docker/docker/internal/test/daemon/daemon.go:202:
    t.Fatalf("failed to start daemon with arguments %v : %v", args, err)
... Error: failed to start daemon with arguments [--swarm-default-advertise-addr=lo] : [d9d51981e8ffc] Daemon exited during startup: exit status 1


----------------------------------------------------------------------
FAIL: docker_cli_swarm_test.go:1309: DockerSwarmSuite.TestSwarmNetworkCreateDup

[de4d13a3ac243] waiting for daemon to start
[de4d13a3ac243] exiting daemon
docker_cli_swarm_test.go:1310:
    d := s.AddDaemon(c, true, true)
c:/gopath/src/github.com/docker/docker/internal/test/daemon/daemon.go:202:
    t.Fatalf("failed to start daemon with arguments %v : %v", args, err)
... Error: failed to start daemon with arguments [--swarm-default-advertise-addr=lo] : [de4d13a3ac243] Daemon exited during startup: exit status 1


----------------------------------------------------------------------
FAIL: docker_cli_swarm_test.go:1286: DockerSwarmSuite.TestSwarmNetworkCreateIssue27866

[d4d8afaec55b3] waiting for daemon to start
[d4d8afaec55b3] exiting daemon
docker_cli_swarm_test.go:1287:
    d := s.AddDaemon(c, true, true)
c:/gopath/src/github.com/docker/docker/internal/test/daemon/daemon.go:202:
    t.Fatalf("failed to start daemon with arguments %v : %v", args, err)
... Error: failed to start daemon with arguments [--swarm-default-advertise-addr=lo] : [d4d8afaec55b3] Daemon exited during startup: exit status 1


----------------------------------------------------------------------
FAIL: docker_cli_swarm_test.go:1260: DockerSwarmSuite.TestSwarmNetworkIPAMOptions

[d9dff73b52172] waiting for daemon to start
[d9dff73b52172] exiting daemon
docker_cli_swarm_test.go:1261:
    d := s.AddDaemon(c, true, true)
c:/gopath/src/github.com/docker/docker/internal/test/daemon/daemon.go:202:
    t.Fatalf("failed to start daemon with arguments %v : %v", args, err)
... Error: failed to start daemon with arguments [--swarm-default-advertise-addr=lo] : [d9dff73b52172] Daemon exited during startup: exit status 1


----------------------------------------------------------------------
FAIL: docker_cli_swarm_test.go:218: DockerSwarmSuite.TestSwarmNodeListFilter

[d5382bab9c391] waiting for daemon to start
[d5382bab9c391] exiting daemon
docker_cli_swarm_test.go:219:
    d := s.AddDaemon(c, true, true)
c:/gopath/src/github.com/docker/docker/internal/test/daemon/daemon.go:202:
    t.Fatalf("failed to start daemon with arguments %v : %v", args, err)
... Error: failed to start daemon with arguments [--swarm-default-advertise-addr=lo] : [d5382bab9c391] Daemon exited during startup: exit status 1


----------------------------------------------------------------------
FAIL: docker_cli_swarm_test.go:237: DockerSwarmSuite.TestSwarmNodeTaskListFilter

[de406cbb7333e] waiting for daemon to start
[de406cbb7333e] exiting daemon
docker_cli_swarm_test.go:238:
    d := s.AddDaemon(c, true, true)
c:/gopath/src/github.com/docker/docker/internal/test/daemon/daemon.go:202:
    t.Fatalf("failed to start daemon with arguments %v : %v", args, err)
... Error: failed to start daemon with arguments [--swarm-default-advertise-addr=lo] : [de406cbb7333e] Daemon exited during startup: exit status 1


----------------------------------------------------------------------
FAIL: docker_cli_swarm_test.go:264: DockerSwarmSuite.TestSwarmPublishAdd

[da0278b3f3995] waiting for daemon to start
[da0278b3f3995] exiting daemon
docker_cli_swarm_test.go:265:
    d := s.AddDaemon(c, true, true)
c:/gopath/src/github.com/docker/docker/internal/test/daemon/daemon.go:202:
    t.Fatalf("failed to start daemon with arguments %v : %v", args, err)
... Error: failed to start daemon with arguments [--swarm-default-advertise-addr=lo] : [da0278b3f3995] Daemon exited during startup: exit status 1


----------------------------------------------------------------------
FAIL: docker_cli_swarm_test.go:1331: DockerSwarmSuite.TestSwarmPublishDuplicatePorts

[da6039e0baf17] waiting for daemon to start
[da6039e0baf17] exiting daemon
docker_cli_swarm_test.go:1332:
    d := s.AddDaemon(c, true, true)
c:/gopath/src/github.com/docker/docker/internal/test/daemon/daemon.go:202:
    t.Fatalf("failed to start daemon with arguments %v : %v", args, err)
... Error: failed to start daemon with arguments [--swarm-default-advertise-addr=lo] : [da6039e0baf17] Daemon exited during startup: exit status 1


----------------------------------------------------------------------
SKIP: docker_cli_swarm_test.go:1389: DockerSwarmSuite.TestSwarmReadonlyRootfs (unmatched requirement DaemonIsLinux)

----------------------------------------------------------------------
FAIL: docker_api_swarm_test.go:941: DockerSwarmSuite.TestSwarmRepeatedRootRotation

[d99ea2b814782] waiting for daemon to start
[d99ea2b814782] exiting daemon
docker_api_swarm_test.go:942:
    m := s.AddDaemon(c, true, true)
c:/gopath/src/github.com/docker/docker/internal/test/daemon/daemon.go:202:
    t.Fatalf("failed to start daemon with arguments %v : %v", args, err)
... Error: failed to start daemon with arguments [--swarm-default-advertise-addr=lo] : [d99ea2b814782] Daemon exited during startup: exit status 1


----------------------------------------------------------------------
FAIL: docker_cli_swarm_test.go:1052: DockerSwarmSuite.TestSwarmRotateUnlockKey

[d34c058a06173] waiting for daemon to start
[d34c058a06173] exiting daemon
docker_cli_swarm_test.go:1053:
    d := s.AddDaemon(c, true, true)
c:/gopath/src/github.com/docker/docker/internal/test/daemon/daemon.go:202:
    t.Fatalf("failed to start daemon with arguments %v : %v", args, err)
... Error: failed to start daemon with arguments [--swarm-default-advertise-addr=lo] : [d34c058a06173] Daemon exited during startup: exit status 1


----------------------------------------------------------------------
FAIL: docker_cli_swarm_test.go:621: DockerSwarmSuite.TestSwarmServiceEnvFile

[d381edb43e01e] waiting for daemon to start
[d381edb43e01e] exiting daemon
docker_cli_swarm_test.go:622:
    d := s.AddDaemon(c, true, true)
c:/gopath/src/github.com/docker/docker/internal/test/daemon/daemon.go:202:
    t.Fatalf("failed to start daemon with arguments %v : %v", args, err)
... Error: failed to start daemon with arguments [--swarm-default-advertise-addr=lo] : [d381edb43e01e] Daemon exited during startup: exit status 1


----------------------------------------------------------------------
FAIL: docker_cli_swarm_test.go:177: DockerSwarmSuite.TestSwarmServiceListFilter

[d02a6c11a78a0] waiting for daemon to start
[d02a6c11a78a0] exiting daemon
docker_cli_swarm_test.go:178:
    d := s.AddDaemon(c, true, true)
c:/gopath/src/github.com/docker/docker/internal/test/daemon/daemon.go:202:
    t.Fatalf("failed to start daemon with arguments %v : %v", args, err)
... Error: failed to start daemon with arguments [--swarm-default-advertise-addr=lo] : [d02a6c11a78a0] Daemon exited during startup: exit status 1


----------------------------------------------------------------------
FAIL: docker_cli_swarm_test.go:1504: DockerSwarmSuite.TestSwarmServiceLsFilterMode

[db1f78e7a1ffc] waiting for daemon to start
[db1f78e7a1ffc] exiting daemon
docker_cli_swarm_test.go:1505:
    d := s.AddDaemon(c, true, true)
c:/gopath/src/github.com/docker/docker/internal/test/daemon/daemon.go:202:
    t.Fatalf("failed to start daemon with arguments %v : %v", args, err)
... Error: failed to start daemon with arguments [--swarm-default-advertise-addr=lo] : [db1f78e7a1ffc] Daemon exited during startup: exit status 1


----------------------------------------------------------------------
FAIL: docker_cli_swarm_test.go:710: DockerSwarmSuite.TestSwarmServiceNetworkUpdate

[dff9cc35339e1] waiting for daemon to start
[dff9cc35339e1] exiting daemon
docker_cli_swarm_test.go:711:
    d := s.AddDaemon(c, true, true)
c:/gopath/src/github.com/docker/docker/internal/test/daemon/daemon.go:202:
    t.Fatalf("failed to start daemon with arguments %v : %v", args, err)
... Error: failed to start daemon with arguments [--swarm-default-advertise-addr=lo] : [dff9cc35339e1] Daemon exited during startup: exit status 1


----------------------------------------------------------------------
FAIL: docker_cli_swarm_test.go:639: DockerSwarmSuite.TestSwarmServiceTTY

[d29c18cab34b5] waiting for daemon to start
[d29c18cab34b5] exiting daemon
docker_cli_swarm_test.go:640:
    d := s.AddDaemon(c, true, true)
c:/gopath/src/github.com/docker/docker/internal/test/daemon/daemon.go:202:
    t.Fatalf("failed to start daemon with arguments %v : %v", args, err)
... Error: failed to start daemon with arguments [--swarm-default-advertise-addr=lo] : [d29c18cab34b5] Daemon exited during startup: exit status 1


----------------------------------------------------------------------
FAIL: docker_cli_swarm_test.go:687: DockerSwarmSuite.TestSwarmServiceTTYUpdate

[db76142122385] waiting for daemon to start
[db76142122385] exiting daemon
docker_cli_swarm_test.go:688:
    d := s.AddDaemon(c, true, true)
c:/gopath/src/github.com/docker/docker/internal/test/daemon/daemon.go:202:
    t.Fatalf("failed to start daemon with arguments %v : %v", args, err)
... Error: failed to start daemon with arguments [--swarm-default-advertise-addr=lo] : [db76142122385] Daemon exited during startup: exit status 1


----------------------------------------------------------------------
FAIL: docker_cli_swarm_test.go:159: DockerSwarmSuite.TestSwarmServiceTemplatingHostname

[d9ff3f7374ae4] waiting for daemon to start
[d9ff3f7374ae4] exiting daemon
docker_cli_swarm_test.go:160:
    d := s.AddDaemon(c, true, true)
c:/gopath/src/github.com/docker/docker/internal/test/daemon/daemon.go:202:
    t.Fatalf("failed to start daemon with arguments %v : %v", args, err)
... Error: failed to start daemon with arguments [--swarm-default-advertise-addr=lo] : [d9ff3f7374ae4] Daemon exited during startup: exit status 1


----------------------------------------------------------------------
FAIL: docker_cli_swarm_test.go:286: DockerSwarmSuite.TestSwarmServiceWithGroup

[d7aecd484a6d5] waiting for daemon to start
[d7aecd484a6d5] exiting daemon
docker_cli_swarm_test.go:287:
    d := s.AddDaemon(c, true, true)
c:/gopath/src/github.com/docker/docker/internal/test/daemon/daemon.go:202:
    t.Fatalf("failed to start daemon with arguments %v : %v", args, err)
... Error: failed to start daemon with arguments [--swarm-default-advertise-addr=lo] : [d7aecd484a6d5] Daemon exited during startup: exit status 1


----------------------------------------------------------------------
SKIP: docker_cli_swarm_test.go:1476: DockerSwarmSuite.TestSwarmStopSignal (unmatched requirement DaemonIsLinux)

----------------------------------------------------------------------
FAIL: docker_cli_swarm_test.go:529: DockerSwarmSuite.TestSwarmTaskListFilter

[d006a54c89901] waiting for daemon to start
[d006a54c89901] exiting daemon
docker_cli_swarm_test.go:530:
    d := s.AddDaemon(c, true, true)
c:/gopath/src/github.com/docker/docker/internal/test/daemon/daemon.go:202:
    t.Fatalf("failed to start daemon with arguments %v : %v", args, err)
... Error: failed to start daemon with arguments [--swarm-default-advertise-addr=lo] : [d006a54c89901] Daemon exited during startup: exit status 1


----------------------------------------------------------------------
FAIL: docker_cli_swarm_test.go:25: DockerSwarmSuite.TestSwarmUpdate

[d0c797ae4040f] waiting for daemon to start
[d0c797ae4040f] exiting daemon
docker_cli_swarm_test.go:26:
    d := s.AddDaemon(c, true, true)
c:/gopath/src/github.com/docker/docker/internal/test/daemon/daemon.go:202:
    t.Fatalf("failed to start daemon with arguments %v : %v", args, err)
... Error: failed to start daemon with arguments [--swarm-default-advertise-addr=lo] : [d0c797ae4040f] Daemon exited during startup: exit status 1


----------------------------------------------------------------------
FAIL: docker_cli_swarm_test.go:832: DockerSwarmSuite.TestUnlockEngineAndUnlockedSwarm

[df1d68d9a4bc6] waiting for daemon to start
[df1d68d9a4bc6] exiting daemon
docker_cli_swarm_test.go:833:
    d := s.AddDaemon(c, false, false)
c:/gopath/src/github.com/docker/docker/internal/test/daemon/daemon.go:202:
    t.Fatalf("failed to start daemon with arguments %v : %v", args, err)
... Error: failed to start daemon with arguments [--swarm-default-advertise-addr=lo] : [df1d68d9a4bc6] Daemon exited during startup: exit status 1


----------------------------------------------------------------------
FAIL: docker_api_swarm_test.go:161: DockerSwarmSuite.TestUpdateSwarmAddExternalCA

[d4c2f8165adf4] waiting for daemon to start
[d4c2f8165adf4] exiting daemon
docker_api_swarm_test.go:162:
    d1 := s.AddDaemon(c, false, false)
c:/gopath/src/github.com/docker/docker/internal/test/daemon/daemon.go:202:
    t.Fatalf("failed to start daemon with arguments %v : %v", args, err)
... Error: failed to start daemon with arguments [--swarm-default-advertise-addr=lo] : [d4c2f8165adf4] Daemon exited during startup: exit status 1

OOPS: 0 passed, 4 skipped, 91 FAILED
--- FAIL: Test (10.57s)
FAIL
exit status 1
FAIL	github.com/docker/docker/integration-cli	10.675s


ERROR: Failed 'ERROR: Integration tests failed at 12/31/2018 14:44:13. Duration:00:00:17.9155459' at 12/31/2018 14:44:13
At C:\gopath\src\github.com\docker\docker\hack\ci\windows.ps1:851 char:17
+ ...             Throw "ERROR: Integration tests failed at $(Get-Date). Du ...
+                 ~~~~~~~~~~~~~~~~~~~~~~~~~~~~~~~~~~~~~~~~~~~~~~~~~~~~~~~~~



INFO: Tidying up at end of run
INFO: Saving daemon under test log (d:\CI\CI-3e76883946\dut.err) to d:\temp\CIDUT.log
INFO: Nuke-Everything...
INFO: Container count on control daemon to delete is 1
4199c2b64d5e
INFO: Non-base image count on control daemon to delete is 56
INFO: Killing daemon with PID 26284
INFO: Tidying pidfile d:\CI\CI-3e76883946\docker.pid
INFO: Stopping possible daemon pid 26284
INFO: Nuking d:\CI
ERROR:  hcsshim::DestroyLayer - Win32 API call returned error r1=0x80070020 err=The process cannot access the file because it is being used by another process.id=CI flavour=0

INFO: executeCI.ps1 exiting at Mon Dec 31 14:44:16 CUT 2018. Duration 00:05:21.7687073

Build step 'Windows PowerShell' marked build as failure
Set build name.
New build name is '#38432'
[PostBuildScript] - Executing post build scripts.
Notifying endpoint with url 'https://leeroy.dockerproject.org/notification/jenkins'
Finished: FAILURE
