Started by user Gordon
Notifying endpoint with url 'https://leeroy.dockerproject.org/notification/jenkins'
[EnvInject] - Loading node environment variables.
Building remotely on ubuntu-1604-overlay2-stable (i-0393a399f7825d19f) (x86_64 ec2 ubuntu overlay2 linux ubuntu-1604 ubuntu-1604-overlay2-stable amd64 docker us-west-2) in workspace /home/ubuntu/workspace/Docker-PRs
Wiping out workspace first.
Cloning the remote Git repository
Cloning repository https://github.com/moby/moby.git
 > git init /home/ubuntu/workspace/Docker-PRs # timeout=10
Fetching upstream changes from https://github.com/moby/moby.git
 > git --version # timeout=10
 > git fetch --tags --progress https://github.com/moby/moby.git +refs/heads/*:refs/remotes/origin/*
 > git config remote.origin.url https://github.com/moby/moby.git # timeout=10
 > git config --add remote.origin.fetch +refs/heads/*:refs/remotes/origin/* # timeout=10
 > git config remote.origin.url https://github.com/moby/moby.git # timeout=10
Fetching upstream changes from https://github.com/moby/moby.git
 > git fetch --tags --progress https://github.com/moby/moby.git +refs/heads/*:refs/remotes/origin/*
 > git rev-parse origin/master^{commit} # timeout=10
Checking out Revision 2cb26cfe9cbf8a64c5046c74d65f4528b22e67f4 (origin/master)
 > git config core.sparsecheckout # timeout=10
 > git checkout -f 2cb26cfe9cbf8a64c5046c74d65f4528b22e67f4
Commit message: "Merge pull request #38301 from cyphar/waitgroup-limits"
 > git rev-list --no-walk 2cb26cfe9cbf8a64c5046c74d65f4528b22e67f4 # timeout=10
Set build name.
New build name is '#34233'
[Docker-PRs] $ /bin/bash /tmp/jenkins6594152197977620092.sh
From https://github.com/moby/moby
 * [new ref]         refs/pull/34233/head -> origin/pr/34233
Updating 2cb26cf..6cf8d9d
Fast-forward
 integration-cli/docker_api_containers_test.go | 65 +++++++++++++++++++++++----
 volume/local/local.go                         |  8 ++++
 volume/local/local_unix.go                    |  4 ++
 volume/local/local_windows.go                 |  5 ++-
 4 files changed, 72 insertions(+), 10 deletions(-)
Sending build context to Docker daemon  45.09MB
Step 1/93 : FROM golang:1.11.4 AS base
 ---> 2422e4d43e15
Step 2/93 : ARG APT_MIRROR=deb.debian.org
 ---> Using cache
 ---> b99775f96396
Step 3/93 : RUN sed -ri "s/(httpredir|deb).debian.org/$APT_MIRROR/g" /etc/apt/sources.list
 ---> Using cache
 ---> d44f58aa6a94
Step 4/93 : FROM base AS criu
 ---> d44f58aa6a94
Step 5/93 : ENV CRIU_VERSION 3.6
 ---> Using cache
 ---> 7a25e32e5dec
Step 6/93 : RUN apt-get update && apt-get install -y 	libnet-dev 	libprotobuf-c0-dev 	libprotobuf-dev 	libnl-3-dev 	libcap-dev 	protobuf-compiler 	protobuf-c-compiler 	python-protobuf 	&& mkdir -p /usr/src/criu 	&& curl -sSL https://github.com/checkpoint-restore/criu/archive/v${CRIU_VERSION}.tar.gz | tar -C /usr/src/criu/ -xz --strip-components=1 	&& cd /usr/src/criu 	&& make 	&& make PREFIX=/build/ install-criu
 ---> Using cache
 ---> d8f7e057955d
Step 7/93 : FROM base AS registry
 ---> d44f58aa6a94
Step 8/93 : ENV REGISTRY_COMMIT_SCHEMA1 ec87e9b6971d831f0eff752ddb54fb64693e51cd
 ---> Using cache
 ---> dcf37d17c404
Step 9/93 : ENV REGISTRY_COMMIT 47a064d4195a9b56133891bbb13620c3ac83a827
 ---> Using cache
 ---> 75ec4ee8b018
Step 10/93 : RUN set -x 	&& export GOPATH="$(mktemp -d)" 	&& git clone https://github.com/docker/distribution.git "$GOPATH/src/github.com/docker/distribution" 	&& (cd "$GOPATH/src/github.com/docker/distribution" && git checkout -q "$REGISTRY_COMMIT") 	&& GOPATH="$GOPATH/src/github.com/docker/distribution/Godeps/_workspace:$GOPATH" 		go build -buildmode=pie -o /build/registry-v2 github.com/docker/distribution/cmd/registry 	&& case $(dpkg --print-architecture) in 		amd64|ppc64*|s390x) 		(cd "$GOPATH/src/github.com/docker/distribution" && git checkout -q "$REGISTRY_COMMIT_SCHEMA1"); 		GOPATH="$GOPATH/src/github.com/docker/distribution/Godeps/_workspace:$GOPATH"; 			go build -buildmode=pie -o /build/registry-v2-schema1 github.com/docker/distribution/cmd/registry; 		;; 	   esac 	&& rm -rf "$GOPATH"
 ---> Using cache
 ---> 4657e09d0d4f
Step 11/93 : FROM base AS docker-py
 ---> d44f58aa6a94
Step 12/93 : ENV DOCKER_PY_COMMIT 8b246db271a85d6541dc458838627e89c683e42f
 ---> Using cache
 ---> bfb29c88f436
Step 13/93 : RUN git clone https://github.com/docker/docker-py.git /build 	&& cd /build 	&& git checkout -q $DOCKER_PY_COMMIT
 ---> Using cache
 ---> ca7da05e31d3
Step 14/93 : FROM base AS swagger
 ---> d44f58aa6a94
Step 15/93 : ENV GO_SWAGGER_COMMIT c28258affb0b6251755d92489ef685af8d4ff3eb
 ---> Using cache
 ---> 2efeef3fbeee
Step 16/93 : RUN set -x 	&& export GOPATH="$(mktemp -d)" 	&& git clone https://github.com/go-swagger/go-swagger.git "$GOPATH/src/github.com/go-swagger/go-swagger" 	&& (cd "$GOPATH/src/github.com/go-swagger/go-swagger" && git checkout -q "$GO_SWAGGER_COMMIT") 	&& go build -o /build/swagger github.com/go-swagger/go-swagger/cmd/swagger 	&& rm -rf "$GOPATH"
 ---> Using cache
 ---> 4cbed22b19d9
Step 17/93 : FROM base AS frozen-images
 ---> d44f58aa6a94
Step 18/93 : RUN apt-get update && apt-get install -y jq ca-certificates --no-install-recommends
 ---> Using cache
 ---> ea2ab116f06a
Step 19/93 : COPY contrib/download-frozen-image-v2.sh /
 ---> Using cache
 ---> 886c99ce6a6f
Step 20/93 : RUN /download-frozen-image-v2.sh /build 	buildpack-deps:jessie@sha256:dd86dced7c9cd2a724e779730f0a53f93b7ef42228d4344b25ce9a42a1486251 	busybox:latest@sha256:bbc3a03235220b170ba48a157dd097dd1379299370e1ed99ce976df0355d24f0 	busybox:glibc@sha256:0b55a30394294ab23b9afd58fab94e61a923f5834fba7ddbae7f8e0c11ba85e6 	debian:jessie@sha256:287a20c5f73087ab406e6b364833e3fb7b3ae63ca0eb3486555dc27ed32c6e60 	hello-world:latest@sha256:be0cd392e45be79ffeffa6b05338b98ebb16c87b255f48e297ec7f98e123905c
 ---> Using cache
 ---> d50dc70bffd3
Step 21/93 : FROM base AS runtime-dev
 ---> d44f58aa6a94
Step 22/93 : RUN apt-get update && apt-get install -y 	libapparmor-dev 	libseccomp-dev
 ---> Using cache
 ---> 782b8f777214
Step 23/93 : FROM base AS tomlv
 ---> d44f58aa6a94
Step 24/93 : ENV INSTALL_BINARY_NAME=tomlv
 ---> Using cache
 ---> 702c33c20383
Step 25/93 : COPY hack/dockerfile/install/install.sh ./install.sh
 ---> Using cache
 ---> ed7580b4f90f
Step 26/93 : COPY hack/dockerfile/install/$INSTALL_BINARY_NAME.installer ./
 ---> Using cache
 ---> fb319466e18b
Step 27/93 : RUN PREFIX=/build/ ./install.sh $INSTALL_BINARY_NAME
 ---> Using cache
 ---> aeefdb78fcb1
Step 28/93 : FROM base AS vndr
 ---> d44f58aa6a94
Step 29/93 : ENV INSTALL_BINARY_NAME=vndr
 ---> Using cache
 ---> 922187ec9117
Step 30/93 : COPY hack/dockerfile/install/install.sh ./install.sh
 ---> Using cache
 ---> f7f144ea7699
Step 31/93 : COPY hack/dockerfile/install/$INSTALL_BINARY_NAME.installer ./
 ---> Using cache
 ---> 4d17248591ac
Step 32/93 : RUN PREFIX=/build/ ./install.sh $INSTALL_BINARY_NAME
 ---> Using cache
 ---> 459a1d1b12dd
Step 33/93 : FROM base AS containerd
 ---> d44f58aa6a94
Step 34/93 : RUN apt-get update && apt-get install -y btrfs-tools
 ---> Using cache
 ---> 1e61e58ce216
Step 35/93 : ENV INSTALL_BINARY_NAME=containerd
 ---> Using cache
 ---> 3f68b919b2b2
Step 36/93 : COPY hack/dockerfile/install/install.sh ./install.sh
 ---> Using cache
 ---> 92edbca04ca1
Step 37/93 : COPY hack/dockerfile/install/$INSTALL_BINARY_NAME.installer ./
 ---> Using cache
 ---> 744e0184cccc
Step 38/93 : RUN PREFIX=/build/ ./install.sh $INSTALL_BINARY_NAME
 ---> Using cache
 ---> 902bde191f57
Step 39/93 : FROM base AS proxy
 ---> d44f58aa6a94
Step 40/93 : ENV INSTALL_BINARY_NAME=proxy
 ---> Using cache
 ---> b9437851bc3d
Step 41/93 : COPY hack/dockerfile/install/install.sh ./install.sh
 ---> Using cache
 ---> cfe70cfac408
Step 42/93 : COPY hack/dockerfile/install/$INSTALL_BINARY_NAME.installer ./
 ---> Using cache
 ---> 44f7278bbad6
Step 43/93 : RUN PREFIX=/build/ ./install.sh $INSTALL_BINARY_NAME
 ---> Using cache
 ---> 80cf54fd82f9
Step 44/93 : FROM base AS gometalinter
 ---> d44f58aa6a94
Step 45/93 : ENV INSTALL_BINARY_NAME=gometalinter
 ---> Using cache
 ---> 686dd3e5532d
Step 46/93 : COPY hack/dockerfile/install/install.sh ./install.sh
 ---> Using cache
 ---> f6d4c0f42f9b
Step 47/93 : COPY hack/dockerfile/install/$INSTALL_BINARY_NAME.installer ./
 ---> Using cache
 ---> b7446a761071
Step 48/93 : RUN PREFIX=/build/ ./install.sh $INSTALL_BINARY_NAME
 ---> Using cache
 ---> 50ed940d3e27
Step 49/93 : FROM base AS dockercli
 ---> d44f58aa6a94
Step 50/93 : ENV INSTALL_BINARY_NAME=dockercli
 ---> Using cache
 ---> cd2c7d280dcf
Step 51/93 : COPY hack/dockerfile/install/install.sh ./install.sh
 ---> Using cache
 ---> 5eb7eae46931
Step 52/93 : COPY hack/dockerfile/install/$INSTALL_BINARY_NAME.installer ./
 ---> Using cache
 ---> c8fad706bddb
Step 53/93 : RUN PREFIX=/build/ ./install.sh $INSTALL_BINARY_NAME
 ---> Using cache
 ---> 9be6529c61f6
Step 54/93 : FROM runtime-dev AS runc
 ---> 782b8f777214
Step 55/93 : ENV INSTALL_BINARY_NAME=runc
 ---> Using cache
 ---> 1b7ae4cace91
Step 56/93 : COPY hack/dockerfile/install/install.sh ./install.sh
 ---> Using cache
 ---> 7e6dfa3292a4
Step 57/93 : COPY hack/dockerfile/install/$INSTALL_BINARY_NAME.installer ./
 ---> Using cache
 ---> c523b1abda8d
Step 58/93 : RUN PREFIX=/build/ ./install.sh $INSTALL_BINARY_NAME
 ---> Using cache
 ---> 74b6138ab58b
Step 59/93 : FROM base AS tini
 ---> d44f58aa6a94
Step 60/93 : RUN apt-get update && apt-get install -y cmake vim-common
 ---> Using cache
 ---> 53aa837b1ef6
Step 61/93 : COPY hack/dockerfile/install/install.sh ./install.sh
 ---> Using cache
 ---> b4ba0bc381a4
Step 62/93 : ENV INSTALL_BINARY_NAME=tini
 ---> Using cache
 ---> 68edd46f80ef
Step 63/93 : COPY hack/dockerfile/install/$INSTALL_BINARY_NAME.installer ./
 ---> Using cache
 ---> a0663868d5d7
Step 64/93 : RUN PREFIX=/build/ ./install.sh $INSTALL_BINARY_NAME
 ---> Using cache
 ---> 7bcfdc27282a
Step 65/93 : FROM runtime-dev AS dev
 ---> 782b8f777214
Step 66/93 : RUN groupadd -r docker
 ---> Using cache
 ---> ae1c59c6beda
Step 67/93 : RUN useradd --create-home --gid docker unprivilegeduser
 ---> Using cache
 ---> c11136a5effc
Step 68/93 : RUN ln -sfv /go/src/github.com/docker/docker/.bashrc ~/.bashrc
 ---> Using cache
 ---> 9a78bb5cb34a
Step 69/93 : RUN echo "source /usr/share/bash-completion/bash_completion" >> /etc/bash.bashrc
 ---> Using cache
 ---> c2755ef72f23
Step 70/93 : RUN ln -s /usr/local/completion/bash/docker /etc/bash_completion.d/docker
 ---> Using cache
 ---> 43569af4dc0a
Step 71/93 : RUN ldconfig
 ---> Using cache
 ---> a2b7858932e8
Step 72/93 : RUN apt-get update && apt-get install -y 	apparmor 	aufs-tools 	bash-completion 	btrfs-tools 	iptables 	jq 	libcap2-bin 	libdevmapper-dev 	libudev-dev 	libsystemd-dev 	binutils-mingw-w64 	g++-mingw-w64-x86-64 	net-tools 	pigz 	python-backports.ssl-match-hostname 	python-dev 	python-mock 	python-pip 	python-requests 	python-setuptools 	python-websocket 	python-wheel 	thin-provisioning-tools 	vim 	vim-common 	xfsprogs 	zip 	bzip2 	xz-utils 	--no-install-recommends
 ---> Using cache
 ---> 41db71af7e7a
Step 73/93 : COPY --from=swagger /build/swagger* /usr/local/bin/
 ---> Using cache
 ---> 19bda7fdfb39
Step 74/93 : COPY --from=frozen-images /build/ /docker-frozen-images
 ---> Using cache
 ---> f208492c16b2
Step 75/93 : COPY --from=gometalinter /build/ /usr/local/bin/
 ---> Using cache
 ---> 8a532d21f830
Step 76/93 : COPY --from=tomlv /build/ /usr/local/bin/
 ---> Using cache
 ---> afd827c88f3a
Step 77/93 : COPY --from=vndr /build/ /usr/local/bin/
 ---> Using cache
 ---> 57e040b468b2
Step 78/93 : COPY --from=tini /build/ /usr/local/bin/
 ---> Using cache
 ---> 6af76e99d719
Step 79/93 : COPY --from=runc /build/ /usr/local/bin/
 ---> Using cache
 ---> 0569ecc9823c
Step 80/93 : COPY --from=containerd /build/ /usr/local/bin/
 ---> Using cache
 ---> 0e9d51559ab8
Step 81/93 : COPY --from=proxy /build/ /usr/local/bin/
 ---> Using cache
 ---> 13731bb0baf4
Step 82/93 : COPY --from=dockercli /build/ /usr/local/cli
 ---> Using cache
 ---> 333a5a658e51
Step 83/93 : COPY --from=registry /build/registry* /usr/local/bin/
 ---> Using cache
 ---> ed2169cbe075
Step 84/93 : COPY --from=criu /build/ /usr/local/
 ---> Using cache
 ---> ef05428d5fdf
Step 85/93 : COPY --from=docker-py /build/ /docker-py
 ---> Using cache
 ---> f57725289cda
Step 86/93 : RUN cd /docker-py 	&& pip install docker-pycreds==0.2.1 	&& pip install yamllint==1.5.0 	&& pip install -r test-requirements.txt
 ---> Using cache
 ---> 30babdf9305c
Step 87/93 : ENV PATH=/usr/local/cli:$PATH
 ---> Using cache
 ---> 24b81a766b25
Step 88/93 : ENV DOCKER_BUILDTAGS apparmor seccomp selinux
 ---> Using cache
 ---> 6dbf5e9b59a3
Step 89/93 : ENV GOMETALINTER_OPTS="--deadline=2m"
 ---> Using cache
 ---> ffdfbca84d70
Step 90/93 : WORKDIR /go/src/github.com/docker/docker
 ---> Using cache
 ---> 85c90e9d40d0
Step 91/93 : VOLUME /var/lib/docker
 ---> Using cache
 ---> 6987d51fef87
Step 92/93 : ENTRYPOINT ["hack/dind"]
 ---> Using cache
 ---> d76cba61f836
Step 93/93 : COPY . /go/src/github.com/docker/docker
 ---> b7873879af4d
Successfully built b7873879af4d
Successfully tagged docker:6cf8d9d
Congratulations!  All commits are properly signed with the DCO!
Congratulations!  "./pkg/..." is safely isolated from internal code.
No api/types/ or api/swagger.yaml changes in diff.
Congratulations!  No testing.T found.
Congratulations!  All toml source files changed here have valid syntax.
Congratulations!  Changelog CHANGELOG.md is well-formed.
Congratulations!  Changelog CHANGELOG.md dates are in descending order.
Congratulations!  No new tests added to integration-cli.
?   	github.com/docker/docker/api	[no test files]
ok  	github.com/docker/docker/api/server	0.004s	coverage: 7.9% of statements
?   	github.com/docker/docker/api/server/backend/build	[no test files]
ok  	github.com/docker/docker/api/server/httputils	0.004s	coverage: 11.1% of statements
ok  	github.com/docker/docker/api/server/middleware	0.004s	coverage: 43.4% of statements
?   	github.com/docker/docker/api/server/router	[no test files]
?   	github.com/docker/docker/api/server/router/build	[no test files]
?   	github.com/docker/docker/api/server/router/checkpoint	[no test files]
?   	github.com/docker/docker/api/server/router/container	[no test files]
?   	github.com/docker/docker/api/server/router/debug	[no test files]
?   	github.com/docker/docker/api/server/router/distribution	[no test files]
?   	github.com/docker/docker/api/server/router/image	[no test files]
?   	github.com/docker/docker/api/server/router/network	[no test files]
?   	github.com/docker/docker/api/server/router/plugin	[no test files]
?   	github.com/docker/docker/api/server/router/session	[no test files]
?   	github.com/docker/docker/api/server/router/swarm	[no test files]
?   	github.com/docker/docker/api/server/router/system	[no test files]
?   	github.com/docker/docker/api/server/router/volume	[no test files]
?   	github.com/docker/docker/api/types	[no test files]
?   	github.com/docker/docker/api/types/backend	[no test files]
?   	github.com/docker/docker/api/types/blkiodev	[no test files]
?   	github.com/docker/docker/api/types/container	[no test files]
?   	github.com/docker/docker/api/types/events	[no test files]
ok  	github.com/docker/docker/api/types/filters	0.003s	coverage: 94.2% of statements
?   	github.com/docker/docker/api/types/image	[no test files]
?   	github.com/docker/docker/api/types/mount	[no test files]
?   	github.com/docker/docker/api/types/network	[no test files]
?   	github.com/docker/docker/api/types/plugins/logdriver	[no test files]
?   	github.com/docker/docker/api/types/registry	[no test files]
ok  	github.com/docker/docker/api/types/strslice	0.002s	coverage: 90.0% of statements
?   	github.com/docker/docker/api/types/swarm	[no test files]
?   	github.com/docker/docker/api/types/swarm/runtime	[no test files]
ok  	github.com/docker/docker/api/types/time	0.004s	coverage: 100.0% of statements
ok  	github.com/docker/docker/api/types/versions	0.002s	coverage: 75.0% of statements
?   	github.com/docker/docker/api/types/versions/v1p19	[no test files]
?   	github.com/docker/docker/api/types/versions/v1p20	[no test files]
?   	github.com/docker/docker/api/types/volume	[no test files]
?   	github.com/docker/docker/builder	[no test files]
?   	github.com/docker/docker/builder/builder-next	[no test files]
?   	github.com/docker/docker/builder/builder-next/adapters/containerimage	[no test files]
?   	github.com/docker/docker/builder/builder-next/adapters/snapshot	[no test files]
?   	github.com/docker/docker/builder/builder-next/exporter	[no test files]
?   	github.com/docker/docker/builder/builder-next/imagerefchecker	[no test files]
?   	github.com/docker/docker/builder/builder-next/worker	[no test files]
ok  	github.com/docker/docker/builder/dockerfile	0.372s	coverage: 45.4% of statements
ok  	github.com/docker/docker/builder/dockerignore	0.002s	coverage: 96.8% of statements
ok  	github.com/docker/docker/builder/fscache	0.111s	coverage: 69.2% of statements
ok  	github.com/docker/docker/builder/remotecontext	0.170s	coverage: 13.7% of statements
ok  	github.com/docker/docker/builder/remotecontext/git	0.659s	coverage: 78.8% of statements
?   	github.com/docker/docker/cli	[no test files]
?   	github.com/docker/docker/cli/config	[no test files]
ok  	github.com/docker/docker/cli/debug	0.002s	coverage: 100.0% of statements
ok  	github.com/docker/docker/client	0.226s	coverage: 75.6% of statements
ok  	github.com/docker/docker/cmd/dockerd	0.044s	coverage: 31.4% of statements
ok  	github.com/docker/docker/cmd/dockerd/hack	0.002s	coverage: 72.9% of statements
ok  	github.com/docker/docker/container	0.114s	coverage: 35.6% of statements
?   	github.com/docker/docker/container/stream	[no test files]
?   	github.com/docker/docker/contrib/apparmor	[no test files]
?   	github.com/docker/docker/contrib/docker-device-tool	[no test files]
?   	github.com/docker/docker/contrib/httpserver	[no test files]
ok  	github.com/docker/docker/daemon	12.127s	coverage: 17.1% of statements
ok  	github.com/docker/docker/daemon/cluster	0.031s	coverage: 0.5% of statements
ok  	github.com/docker/docker/daemon/cluster/controllers/plugin	0.008s	coverage: 65.3% of statements
ok  	github.com/docker/docker/daemon/cluster/convert	0.006s	coverage: 28.0% of statements
?   	github.com/docker/docker/daemon/cluster/executor	[no test files]
ok  	github.com/docker/docker/daemon/cluster/executor/container	3.433s	coverage: 12.7% of statements
?   	github.com/docker/docker/daemon/cluster/provider	[no test files]
ok  	github.com/docker/docker/daemon/config	0.024s	coverage: 84.8% of statements
ok  	github.com/docker/docker/daemon/discovery	0.004s	coverage: 30.4% of statements
ok  	github.com/docker/docker/daemon/events	0.057s	coverage: 50.0% of statements
?   	github.com/docker/docker/daemon/events/testutils	[no test files]
?   	github.com/docker/docker/daemon/exec	[no test files]
ok  	github.com/docker/docker/daemon/graphdriver	0.004s	coverage: 2.2% of statements
ok  	github.com/docker/docker/daemon/graphdriver/aufs	5.244s	coverage: 73.6% of statements
ok  	github.com/docker/docker/daemon/graphdriver/btrfs	0.004s	coverage: 2.9% of statements
ok  	github.com/docker/docker/daemon/graphdriver/copy	0.178s	coverage: 57.0% of statements
ok  	github.com/docker/docker/daemon/graphdriver/devmapper	2.070s	coverage: 45.9% of statements
?   	github.com/docker/docker/daemon/graphdriver/graphtest	[no test files]
ok  	github.com/docker/docker/daemon/graphdriver/overlay	0.744s	coverage: 50.8% of statements
ok  	github.com/docker/docker/daemon/graphdriver/overlay2	2.031s	coverage: 56.8% of statements
?   	github.com/docker/docker/daemon/graphdriver/overlayutils	[no test files]
ok  	github.com/docker/docker/daemon/graphdriver/quota	0.262s	coverage: 75.2% of statements
?   	github.com/docker/docker/daemon/graphdriver/register	[no test files]
ok  	github.com/docker/docker/daemon/graphdriver/vfs	0.006s	coverage: 70.5% of statements
ok  	github.com/docker/docker/daemon/graphdriver/zfs	0.004s	coverage: 3.0% of statements
ok  	github.com/docker/docker/daemon/images	0.010s	coverage: 4.9% of statements
?   	github.com/docker/docker/daemon/initlayer	[no test files]
ok  	github.com/docker/docker/daemon/links	0.002s	coverage: 93.0% of statements
?   	github.com/docker/docker/daemon/listeners	[no test files]
ok  	github.com/docker/docker/daemon/logger	0.218s	coverage: 43.7% of statements
ok  	github.com/docker/docker/daemon/logger/awslogs	0.112s	coverage: 71.7% of statements
?   	github.com/docker/docker/daemon/logger/fluentd	[no test files]
?   	github.com/docker/docker/daemon/logger/gcplogs	[no test files]
ok  	github.com/docker/docker/daemon/logger/gelf	0.004s	coverage: 68.2% of statements
ok  	github.com/docker/docker/daemon/logger/journald	0.004s	coverage: 26.2% of statements
ok  	github.com/docker/docker/daemon/logger/jsonfilelog	0.006s	coverage: 62.1% of statements
ok  	github.com/docker/docker/daemon/logger/jsonfilelog/jsonlog	0.003s	coverage: 88.3% of statements
ok  	github.com/docker/docker/daemon/logger/local	0.011s	coverage: 74.7% of statements
?   	github.com/docker/docker/daemon/logger/logentries	[no test files]
ok  	github.com/docker/docker/daemon/logger/loggerutils	0.008s	coverage: 18.6% of statements
ok  	github.com/docker/docker/daemon/logger/splunk	1.497s	coverage: 84.5% of statements
ok  	github.com/docker/docker/daemon/logger/syslog	0.004s	coverage: 22.8% of statements
ok  	github.com/docker/docker/daemon/logger/templates	0.002s	coverage: 8.3% of statements
?   	github.com/docker/docker/daemon/names	[no test files]
ok  	github.com/docker/docker/daemon/network	0.003s	coverage: 57.1% of statements
?   	github.com/docker/docker/daemon/stats	[no test files]
ok  	github.com/docker/docker/distribution	1.058s	coverage: 16.8% of statements
ok  	github.com/docker/docker/distribution/metadata	0.027s	coverage: 48.2% of statements
?   	github.com/docker/docker/distribution/utils	[no test files]
ok  	github.com/docker/docker/distribution/xfer	1.431s	coverage: 83.4% of statements
?   	github.com/docker/docker/dockerversion	[no test files]
ok  	github.com/docker/docker/errdefs	0.002s	coverage: 76.6% of statements
ok  	github.com/docker/docker/image	0.017s	coverage: 86.3% of statements
ok  	github.com/docker/docker/image/cache	0.006s	coverage: 19.2% of statements
?   	github.com/docker/docker/image/tarexport	[no test files]
ok  	github.com/docker/docker/image/v1	0.006s	coverage: 25.0% of statements
ok  	github.com/docker/docker/internal/procfs	0.002s	coverage: 78.4% of statements
?   	github.com/docker/docker/internal/test	[no test files]
?   	github.com/docker/docker/internal/test/daemon	[no test files]
?   	github.com/docker/docker/internal/test/environment	[no test files]
?   	github.com/docker/docker/internal/test/fakecontext	[no test files]
?   	github.com/docker/docker/internal/test/fakegit	[no test files]
?   	github.com/docker/docker/internal/test/fakestorage	[no test files]
?   	github.com/docker/docker/internal/test/fixtures/load	[no test files]
?   	github.com/docker/docker/internal/test/fixtures/plugin	[no test files]
?   	github.com/docker/docker/internal/test/fixtures/plugin/basic	[no test files]
?   	github.com/docker/docker/internal/test/registry	[no test files]
?   	github.com/docker/docker/internal/test/request	[no test files]
ok  	github.com/docker/docker/internal/testutil	0.002s	coverage: 62.5% of statements
ok  	github.com/docker/docker/layer	7.505s	coverage: 71.4% of statements
ok  	github.com/docker/docker/libcontainerd	0.028s	coverage: 3.4% of statements
?   	github.com/docker/docker/libcontainerd/supervisor	[no test files]
?   	github.com/docker/docker/oci	[no test files]
?   	github.com/docker/docker/oci/caps	[no test files]
ok  	github.com/docker/docker/opts	0.017s	coverage: 68.4% of statements
ok  	github.com/docker/docker/pkg/aaparser	0.002s	coverage: 50.0% of statements
ok  	github.com/docker/docker/pkg/archive	0.303s	coverage: 81.9% of statements
ok  	github.com/docker/docker/pkg/authorization	0.489s	coverage: 66.7% of statements
ok  	github.com/docker/docker/pkg/broadcaster	0.002s	coverage: 100.0% of statements
ok  	github.com/docker/docker/pkg/chrootarchive	2.846s	coverage: 37.0% of statements
?   	github.com/docker/docker/pkg/containerfs	[no test files]
?   	github.com/docker/docker/pkg/devicemapper	[no test files]
ok  	github.com/docker/docker/pkg/directory	0.002s	coverage: 80.0% of statements
ok  	github.com/docker/docker/pkg/discovery	0.004s	coverage: 58.3% of statements
ok  	github.com/docker/docker/pkg/discovery/file	0.004s	coverage: 92.9% of statements
ok  	github.com/docker/docker/pkg/discovery/kv	3.062s	coverage: 84.1% of statements
ok  	github.com/docker/docker/pkg/discovery/memory	0.003s	coverage: 92.3% of statements
ok  	github.com/docker/docker/pkg/discovery/nodes	0.003s	coverage: 93.8% of statements
ok  	github.com/docker/docker/pkg/dmesg	0.003s	coverage: 83.3% of statements
ok  	github.com/docker/docker/pkg/filenotify	0.603s	coverage: 66.3% of statements
ok  	github.com/docker/docker/pkg/fileutils	0.006s	coverage: 89.5% of statements
ok  	github.com/docker/docker/pkg/fsutils	0.154s	coverage: 85.1% of statements
ok  	github.com/docker/docker/pkg/homedir	0.003s	coverage: 41.7% of statements
ok  	github.com/docker/docker/pkg/idtools	0.334s	coverage: 70.2% of statements
ok  	github.com/docker/docker/pkg/ioutils	0.386s	coverage: 69.1% of statements
ok  	github.com/docker/docker/pkg/jsonmessage	0.005s	coverage: 88.3% of statements
ok  	github.com/docker/docker/pkg/locker	0.011s	coverage: 88.9% of statements
ok  	github.com/docker/docker/pkg/longpath	0.002s	coverage: 100.0% of statements
?   	github.com/docker/docker/pkg/loopback	[no test files]
ok  	github.com/docker/docker/pkg/mount	0.497s	coverage: 68.6% of statements
ok  	github.com/docker/docker/pkg/namesgenerator	0.002s	coverage: 85.7% of statements
?   	github.com/docker/docker/pkg/namesgenerator/cmd/names-generator	[no test files]
ok  	github.com/docker/docker/pkg/parsers	0.002s	coverage: 97.0% of statements
ok  	github.com/docker/docker/pkg/parsers/kernel	0.002s	coverage: 60.0% of statements
ok  	github.com/docker/docker/pkg/parsers/operatingsystem	0.002s	coverage: 90.0% of statements
ok  	github.com/docker/docker/pkg/pidfile	0.002s	coverage: 82.4% of statements
?   	github.com/docker/docker/pkg/platform	[no test files]
?   	github.com/docker/docker/pkg/plugingetter	[no test files]
ok  	github.com/docker/docker/pkg/plugins	33.617s	coverage: 76.8% of statements
ok  	github.com/docker/docker/pkg/plugins/pluginrpc-gen	0.008s	coverage: 56.8% of statements
?   	github.com/docker/docker/pkg/plugins/pluginrpc-gen/fixtures	[no test files]
?   	github.com/docker/docker/pkg/plugins/pluginrpc-gen/fixtures/otherfixture	[no test files]
ok  	github.com/docker/docker/pkg/plugins/transport	0.003s	coverage: 85.7% of statements
ok  	github.com/docker/docker/pkg/pools	0.002s	coverage: 87.9% of statements
ok  	github.com/docker/docker/pkg/progress	0.002s	coverage: 75.9% of statements
ok  	github.com/docker/docker/pkg/pubsub	1.037s	coverage: 72.7% of statements
ok  	github.com/docker/docker/pkg/reexec	0.007s	coverage: 82.4% of statements
ok  	github.com/docker/docker/pkg/signal	2.377s	coverage: 61.0% of statements
?   	github.com/docker/docker/pkg/signal/testfiles	[no test files]
ok  	github.com/docker/docker/pkg/stdcopy	0.003s	coverage: 100.0% of statements
ok  	github.com/docker/docker/pkg/streamformatter	0.003s	coverage: 66.2% of statements
ok  	github.com/docker/docker/pkg/stringid	0.002s	coverage: 76.0% of statements
ok  	github.com/docker/docker/pkg/symlink	0.007s	coverage: 87.7% of statements
ok  	github.com/docker/docker/pkg/sysinfo	0.004s	coverage: 75.8% of statements
ok  	github.com/docker/docker/pkg/system	0.016s	coverage: 36.1% of statements
ok  	github.com/docker/docker/pkg/tailfile	0.017s	coverage: 88.6% of statements
ok  	github.com/docker/docker/pkg/tarsum	0.052s	coverage: 89.3% of statements
ok  	github.com/docker/docker/pkg/term	0.003s	coverage: 84.8% of statements
ok  	github.com/docker/docker/pkg/term/windows	0.002s	coverage: 0.0% of statements [no tests to run]
ok  	github.com/docker/docker/pkg/truncindex	0.102s	coverage: 91.5% of statements
ok  	github.com/docker/docker/pkg/urlutil	0.002s	coverage: 100.0% of statements
ok  	github.com/docker/docker/pkg/useragent	0.002s	coverage: 88.9% of statements
ok  	github.com/docker/docker/plugin	0.534s	coverage: 27.3% of statements
ok  	github.com/docker/docker/plugin/executor/containerd	0.007s	coverage: 33.3% of statements
ok  	github.com/docker/docker/plugin/v2	0.003s	coverage: 14.5% of statements
?   	github.com/docker/docker/profiles/apparmor	[no test files]
ok  	github.com/docker/docker/profiles/seccomp	0.005s	coverage: 79.4% of statements
ok  	github.com/docker/docker/reference	0.006s	coverage: 84.4% of statements
ok  	github.com/docker/docker/registry	0.104s	coverage: 57.0% of statements
ok  	github.com/docker/docker/registry/resumable	0.016s	coverage: 100.0% of statements
ok  	github.com/docker/docker/restartmanager	0.002s	coverage: 49.0% of statements
ok  	github.com/docker/docker/runconfig	0.009s	coverage: 68.2% of statements
?   	github.com/docker/docker/runconfig/opts	[no test files]
?   	github.com/docker/docker/volume	[no test files]
ok  	github.com/docker/docker/volume/drivers	0.005s	coverage: 36.1% of statements
ok  	github.com/docker/docker/volume/local	0.019s	coverage: 72.6% of statements
ok  	github.com/docker/docker/volume/mounts	0.024s	coverage: 66.8% of statements
ok  	github.com/docker/docker/volume/service	0.013s	coverage: 73.0% of statements
?   	github.com/docker/docker/volume/service/opts	[no test files]
?   	github.com/docker/docker/volume/testutils	[no test files]

  _____          _
 / ____|        | |
| |     ___   __| | ___  ___ _____   __
| |    / _ \ / _` |/ _ \/ __/ _ \ \ / /
| |___| (_) | (_| |  __/ (_| (_) \ V /
 \_____\___/ \__,_|\___|\___\___/ \_/
                              Bash-0b37652


x> No CI provider detected.
    Testing inside Docker? http://docs.codecov.io/docs/testing-with-docker
    Testing with Tox? https://docs.codecov.io/docs/python#section-testing-with-tox
    project root: .
--> token set from env
    Yaml found at: codecov.yml
    -> Found 1 reports
==> Detecting git/mercurial file structure
==> Reading reports
    + coverage.txt bytes=1662893
==> Appending adjustments
    http://docs.codecov.io/docs/fixing-reports
    + Found adjustments
==> Gzipping contents
==> Uploading reports
    url: https://codecov.io
    query: branch=&commit=6cf8d9d31529b92eca1829115aba40d13a79fe69&build=&build_url=&name=&tag=&slug=moby%2Fmoby&service=&flags=&pr=&job=
    -> Pinging Codecov
    -> Uploading
    -> View reports at https://codecov.io/github/moby/moby/commit/6cf8d9d31529b92eca1829115aba40d13a79fe69

Removing bundles/

---> Making bundle: binary-daemon (in bundles/binary-daemon)
Building: bundles/binary-daemon/dockerd-dev
Created binary: bundles/binary-daemon/dockerd-dev
Copying nested executables into bundles/binary-daemon

---> Making bundle: dynbinary (in bundles/dynbinary)
Building: bundles/dynbinary-daemon/dockerd-dev
Created binary: bundles/dynbinary-daemon/dockerd-dev

---> Making bundle: test-docker-py (in bundles/test-docker-py)
---> Making bundle: .integration-daemon-start (in bundles/test-docker-py)
Using test binary docker
/etc/init.d/apparmor: 130: /etc/init.d/apparmor: systemd-detect-virt: not found
Starting AppArmor profiles:Warning from stdin (line 1): /sbin/apparmor_parser: cannot use or update cache, disable, or force-complain via stdin
Warning failed to create cache: (null)
.
INFO: Waiting for daemon to start...
Starting dockerd
.
============================= test session starts ==============================
platform linux2 -- Python 2.7.13, pytest-2.9.1, py-1.7.0, pluggy-0.3.1
rootdir: /docker-py, inifile: pytest.ini
plugins: cov-2.1.0
collected 338 items

../../../../../docker-py/tests/integration/api_build_test.py ....s..s........
../../../../../docker-py/tests/integration/api_client_test.py .......
../../../../../docker-py/tests/integration/api_config_test.py .....
../../../../../docker-py/tests/integration/api_container_test.py ....x....x.......x............................................................
../../../../../docker-py/tests/integration/api_exec_test.py .............
../../../../../docker-py/tests/integration/api_healthcheck_test.py ....
../../../../../docker-py/tests/integration/api_image_test.py ...s........s....
../../../../../docker-py/tests/integration/api_network_test.py ...........................
../../../../../docker-py/tests/integration/api_plugin_test.py ...........
../../../../../docker-py/tests/integration/api_secret_test.py .....
../../../../../docker-py/tests/integration/api_service_test.py ......................................................
../../../../../docker-py/tests/integration/api_swarm_test.py ..s...x......
../../../../../docker-py/tests/integration/api_volume_test.py .........
../../../../../docker-py/tests/integration/client_test.py ....
../../../../../docker-py/tests/integration/errors_test.py .
../../../../../docker-py/tests/integration/models_containers_test.py ..............................
../../../../../docker-py/tests/integration/models_images_test.py .............
../../../../../docker-py/tests/integration/models_networks_test.py ....
../../../../../docker-py/tests/integration/models_nodes_test.py .
../../../../../docker-py/tests/integration/models_resources_test.py .
../../../../../docker-py/tests/integration/models_services_test.py ..............X.
../../../../../docker-py/tests/integration/models_swarm_test.py .
../../../../../docker-py/tests/integration/models_volumes_test.py ..
../../../../../docker-py/tests/integration/regression_test.py ......

 generated xml file: /go/src/github.com/docker/docker/bundles/test-docker-py/results.xml 
=========================== short test summary info ============================
XFAIL ../../../../../docker-py/tests/integration/api_container_test.py::CreateContainerTest::test_create_with_cpu_rt_options
  CONFIG_RT_GROUP_SCHED isn't enabled
XFAIL ../../../../../docker-py/tests/integration/api_container_test.py::CreateContainerTest::test_create_with_init_path
  init-path removed in 17.05.0
XFAIL ../../../../../docker-py/tests/integration/api_container_test.py::CreateContainerTest::test_create_with_storage_opt
  Not supported on most drivers
XFAIL ../../../../../docker-py/tests/integration/api_swarm_test.py::SwarmTest::test_init_swarm_with_log_driver
  This doesn't seem to be taken into account by the engine
SKIP [1] tests/integration/api_image_test.py:289: Doesn't work inside a container - FIXME
SKIP [1] /docker-py/tests/integration/api_swarm_test.py:31: Test stalls the engine on 1.12.0
SKIP [3] /docker-py/tests/helpers.py:69: Feature requires Docker Engine experimental mode
======== 328 passed, 5 skipped, 4 xfailed, 1 xpassed in 353.07 seconds =========
---> Making bundle: .integration-daemon-stop (in bundles/test-docker-py)
Clearing AppArmor profiles cache:.
All profile caches have been cleared, but no profiles have been unloaded.
Unloading profiles will leave already running processes permanently
unconfined, which can lead to unexpected situations.

To set a process to complain mode, use the command line tool
'aa-complain'. To really tear down all profiles, run the init script
with the 'teardown' option."

---> Making bundle: test-integration (in bundles/test-integration)
Building test suite binary ./integration-cli/test.main
Building test suite binary ./integration/plugin/test.main
Building test suite binary ./integration/plugin/authz/test.main
Building test suite binary ./integration/plugin/logging/test.main
Building test suite binary ./integration/plugin/logging/cmd/test.main
Building test suite binary ./integration/plugin/logging/cmd/close_on_start/test.main
Building test suite binary ./integration/plugin/logging/cmd/dummy/test.main
Building test suite binary ./integration/plugin/common/test.main
Building test suite binary ./integration/plugin/volumes/test.main
Building test suite binary ./integration/plugin/volumes/cmd/test.main
Building test suite binary ./integration/plugin/volumes/cmd/dummy/test.main
Building test suite binary ./integration/plugin/graphdriver/test.main
Building test suite binary ./integration/config/test.main
Building test suite binary ./integration/service/test.main
Building test suite binary ./integration/network/test.main
Building test suite binary ./integration/network/ipvlan/test.main
Building test suite binary ./integration/network/macvlan/test.main
Building test suite binary ./integration/secret/test.main
Building test suite binary ./integration/session/test.main
Building test suite binary ./integration/container/test.main
Building test suite binary ./integration/build/test.main
Building test suite binary ./integration/volume/test.main
Building test suite binary ./integration/system/test.main
Building test suite binary ./integration/image/test.main
---> Making bundle: .integration-daemon-start (in bundles/test-integration)
Using test binary docker
/etc/init.d/apparmor: 130: /etc/init.d/apparmor: systemd-detect-virt: not found
Starting AppArmor profiles:Warning from stdin (line 1): /sbin/apparmor_parser: cannot use or update cache, disable, or force-complain via stdin
Warning failed to create cache: (null)
.
Starting dockerd
INFO: Waiting for daemon to start...
.
---> Making bundle: .integration-daemon-setup (in bundles/test-integration)
---> Making bundle: .ensure-emptyfs (in bundles/test-integration)
Error: No such image: emptyfs
Running integration-test (iteration 1)
Running /go/src/github.com/docker/docker/integration/plugin
testing: warning: no tests to run
PASS
Running /go/src/github.com/docker/docker/integration/plugin/authz
Loaded image: buildpack-deps:jessie
The image busybox:latest already exists, renaming the old one with ID sha256:59788edf1f3e78cd0ebe6ce1446e9d10788225db3dedcfd1a59f764bad2b2690 to empty string
Loaded image: busybox:latest
Loaded image: busybox:glibc
Loaded image: debian:jessie
The image hello-world:latest already exists, renaming the old one with ID sha256:4ab4c602aa5eed5528a6620ff18a1dc4faef0e1ab3a5eddeddb410714478c67f to empty string
Loaded image: hello-world:latest
INFO: Testing against a local daemon
=== RUN   TestAuthZPluginAllowRequest
--- PASS: TestAuthZPluginAllowRequest (7.65s)
    daemon.go:296: [dd4c900a6fb50] waiting for daemon to start
    daemon.go:328: [dd4c900a6fb50] daemon started
    daemon.go:283: [dd4c900a6fb50] exiting daemon
=== RUN   TestAuthZPluginTLS
--- PASS: TestAuthZPluginTLS (3.33s)
    daemon.go:296: [d6060e6e1f959] waiting for daemon to start
    daemon.go:328: [d6060e6e1f959] daemon started
    daemon.go:283: [d6060e6e1f959] exiting daemon
=== RUN   TestAuthZPluginDenyRequest
--- PASS: TestAuthZPluginDenyRequest (2.20s)
    daemon.go:296: [d96ec62fdd4d5] waiting for daemon to start
    daemon.go:328: [d96ec62fdd4d5] daemon started
    daemon.go:283: [d96ec62fdd4d5] exiting daemon
=== RUN   TestAuthZPluginAPIDenyResponse
--- PASS: TestAuthZPluginAPIDenyResponse (0.54s)
    daemon.go:296: [df9614fb44e63] waiting for daemon to start
    daemon.go:328: [df9614fb44e63] daemon started
    daemon.go:283: [df9614fb44e63] exiting daemon
=== RUN   TestAuthZPluginDenyResponse
--- PASS: TestAuthZPluginDenyResponse (0.53s)
    daemon.go:296: [d019996e35aa8] waiting for daemon to start
    daemon.go:328: [d019996e35aa8] daemon started
    daemon.go:283: [d019996e35aa8] exiting daemon
=== RUN   TestAuthZPluginAllowEventStream
--- PASS: TestAuthZPluginAllowEventStream (1.24s)
    daemon.go:296: [dc6b7cbeb9428] waiting for daemon to start
    daemon.go:328: [dc6b7cbeb9428] daemon started
    daemon.go:283: [dc6b7cbeb9428] exiting daemon
=== RUN   TestAuthZPluginErrorResponse
--- PASS: TestAuthZPluginErrorResponse (0.54s)
    daemon.go:296: [d3abbb6d80fe5] waiting for daemon to start
    daemon.go:328: [d3abbb6d80fe5] daemon started
    daemon.go:283: [d3abbb6d80fe5] exiting daemon
=== RUN   TestAuthZPluginErrorRequest
--- PASS: TestAuthZPluginErrorRequest (0.53s)
    daemon.go:296: [d5895ff773186] waiting for daemon to start
    daemon.go:328: [d5895ff773186] daemon started
    daemon.go:283: [d5895ff773186] exiting daemon
=== RUN   TestAuthZPluginEnsureNoDuplicatePluginRegistration
--- PASS: TestAuthZPluginEnsureNoDuplicatePluginRegistration (0.53s)
    daemon.go:296: [ddcd7b2f17ea0] waiting for daemon to start
    daemon.go:328: [ddcd7b2f17ea0] daemon started
    daemon.go:283: [ddcd7b2f17ea0] exiting daemon
=== RUN   TestAuthZPluginEnsureLoadImportWorking
--- PASS: TestAuthZPluginEnsureLoadImportWorking (1.44s)
    daemon.go:296: [d5035592a28cc] waiting for daemon to start
    daemon.go:328: [d5035592a28cc] daemon started
    daemon.go:283: [d5035592a28cc] exiting daemon
=== RUN   TestAuthzPluginEnsureContainerCopyToFrom
--- PASS: TestAuthzPluginEnsureContainerCopyToFrom (1.48s)
    daemon.go:296: [d2059e4013a7f] waiting for daemon to start
    daemon.go:328: [d2059e4013a7f] daemon started
    daemon.go:283: [d2059e4013a7f] exiting daemon
=== RUN   TestAuthZPluginHeader
--- PASS: TestAuthZPluginHeader (0.73s)
    daemon.go:296: [d84a1b33b3c9e] waiting for daemon to start
    daemon.go:328: [d84a1b33b3c9e] daemon started
    daemon.go:283: [d84a1b33b3c9e] exiting daemon
=== RUN   TestAuthZPluginV2AllowNonVolumeRequest
--- PASS: TestAuthZPluginV2AllowNonVolumeRequest (6.60s)
    daemon.go:296: [d9b7ef2ec00e5] waiting for daemon to start
    daemon.go:328: [d9b7ef2ec00e5] daemon started
    daemon.go:283: [d9b7ef2ec00e5] exiting daemon
    daemon.go:296: [d9b7ef2ec00e5] waiting for daemon to start
    daemon.go:328: [d9b7ef2ec00e5] daemon started
    daemon.go:283: [d9b7ef2ec00e5] exiting daemon
=== RUN   TestAuthZPluginV2Disable
--- PASS: TestAuthZPluginV2Disable (6.07s)
    daemon.go:296: [dd43239e7da3c] waiting for daemon to start
    daemon.go:328: [dd43239e7da3c] daemon started
    daemon.go:283: [dd43239e7da3c] exiting daemon
    daemon.go:296: [dd43239e7da3c] waiting for daemon to start
    daemon.go:328: [dd43239e7da3c] daemon started
    daemon.go:283: [dd43239e7da3c] exiting daemon
=== RUN   TestAuthZPluginV2RejectVolumeRequests
--- PASS: TestAuthZPluginV2RejectVolumeRequests (5.79s)
    daemon.go:296: [df98d2f1d046c] waiting for daemon to start
    daemon.go:328: [df98d2f1d046c] daemon started
    daemon.go:283: [df98d2f1d046c] exiting daemon
    daemon.go:296: [df98d2f1d046c] waiting for daemon to start
    daemon.go:328: [df98d2f1d046c] daemon started
    daemon.go:283: [df98d2f1d046c] exiting daemon
=== RUN   TestAuthZPluginV2BadManifestFailsDaemonStart
--- PASS: TestAuthZPluginV2BadManifestFailsDaemonStart (13.92s)
    daemon.go:296: [d3f91b0480fd9] waiting for daemon to start
    daemon.go:328: [d3f91b0480fd9] daemon started
    daemon.go:283: [d3f91b0480fd9] exiting daemon
    daemon.go:296: [d3f91b0480fd9] waiting for daemon to start
    daemon.go:296: [d3f91b0480fd9] waiting for daemon to start
    daemon.go:296: [d3f91b0480fd9] waiting for daemon to start
    daemon.go:283: [d3f91b0480fd9] exiting daemon
    daemon.go:328: [d3f91b0480fd9] daemon started
    daemon.go:283: [d3f91b0480fd9] exiting daemon
=== RUN   TestAuthZPluginV2NonexistentFailsDaemonStart
--- PASS: TestAuthZPluginV2NonexistentFailsDaemonStart (16.52s)
    daemon.go:296: [d26d7435dca08] waiting for daemon to start
    daemon.go:328: [d26d7435dca08] daemon started
    daemon.go:283: [d26d7435dca08] exiting daemon
    daemon.go:296: [d26d7435dca08] waiting for daemon to start
    daemon.go:296: [d26d7435dca08] waiting for daemon to start
    daemon.go:296: [d26d7435dca08] waiting for daemon to start
    daemon.go:328: [d26d7435dca08] daemon started
    daemon.go:283: [d26d7435dca08] exiting daemon
PASS
Running /go/src/github.com/docker/docker/integration/plugin/logging
INFO: Testing against a local daemon
=== RUN   TestContinueAfterPluginCrash
=== PAUSE TestContinueAfterPluginCrash
=== RUN   TestDaemonStartWithLogOpt
=== PAUSE TestDaemonStartWithLogOpt
=== CONT  TestContinueAfterPluginCrash
=== CONT  TestDaemonStartWithLogOpt
--- PASS: TestDaemonStartWithLogOpt (14.07s)
    daemon.go:296: [d331129f00753] waiting for daemon to start
    daemon.go:328: [d331129f00753] daemon started
    daemon.go:283: [d331129f00753] exiting daemon
    daemon.go:296: [d331129f00753] waiting for daemon to start
    daemon.go:328: [d331129f00753] daemon started
    daemon.go:283: [d331129f00753] exiting daemon
--- PASS: TestContinueAfterPluginCrash (17.74s)
    daemon.go:296: [da9188158f146] waiting for daemon to start
    daemon.go:328: [da9188158f146] daemon started
    daemon.go:283: [da9188158f146] exiting daemon
PASS
Running /go/src/github.com/docker/docker/integration/plugin/logging/cmd
testing: warning: no tests to run
PASS
Running /go/src/github.com/docker/docker/integration/plugin/logging/cmd/close_on_start
testing: warning: no tests to run
PASS
Running /go/src/github.com/docker/docker/integration/plugin/logging/cmd/dummy
testing: warning: no tests to run
PASS
Running /go/src/github.com/docker/docker/integration/plugin/common
INFO: Testing against a local daemon
=== RUN   TestPluginInvalidJSON
=== RUN   TestPluginInvalidJSON//plugins/foobar/set
=== PAUSE TestPluginInvalidJSON//plugins/foobar/set
=== CONT  TestPluginInvalidJSON//plugins/foobar/set
--- PASS: TestPluginInvalidJSON (0.02s)
    --- PASS: TestPluginInvalidJSON//plugins/foobar/set (0.00s)
PASS
Running /go/src/github.com/docker/docker/integration/plugin/volumes
INFO: Testing against a local daemon
=== RUN   TestPluginWithDevMounts
=== PAUSE TestPluginWithDevMounts
=== CONT  TestPluginWithDevMounts
--- PASS: TestPluginWithDevMounts (1.73s)
    daemon.go:296: [d22a0117f092f] waiting for daemon to start
    daemon.go:328: [d22a0117f092f] daemon started
    daemon.go:283: [d22a0117f092f] exiting daemon
PASS
Running /go/src/github.com/docker/docker/integration/plugin/volumes/cmd
testing: warning: no tests to run
PASS
Running /go/src/github.com/docker/docker/integration/plugin/volumes/cmd/dummy
testing: warning: no tests to run
PASS
Running /go/src/github.com/docker/docker/integration/plugin/graphdriver
INFO: Testing against a local daemon
=== RUN   TestExternalGraphDriver
=== RUN   TestExternalGraphDriver/json
=== RUN   TestExternalGraphDriver/spec
=== RUN   TestExternalGraphDriver/pull
--- PASS: TestExternalGraphDriver (7.03s)
    daemon.go:296: [da657f016b77b] waiting for daemon to start
    daemon.go:328: [da657f016b77b] daemon started
    daemon.go:283: [da657f016b77b] exiting daemon
    daemon.go:296: [da657f016b77b] waiting for daemon to start
    daemon.go:328: [da657f016b77b] daemon started
    daemon.go:283: [da657f016b77b] exiting daemon
    --- PASS: TestExternalGraphDriver/json (1.71s)
    daemon.go:296: [da657f016b77b] waiting for daemon to start
    daemon.go:328: [da657f016b77b] daemon started
    daemon.go:283: [da657f016b77b] exiting daemon
    daemon.go:296: [da657f016b77b] waiting for daemon to start
    daemon.go:328: [da657f016b77b] daemon started
    daemon.go:283: [da657f016b77b] exiting daemon
    --- PASS: TestExternalGraphDriver/spec (1.72s)
    daemon.go:296: [da657f016b77b] waiting for daemon to start
    daemon.go:328: [da657f016b77b] daemon started
    daemon.go:283: [da657f016b77b] exiting daemon
    --- PASS: TestExternalGraphDriver/pull (3.17s)
=== RUN   TestGraphdriverPluginV2
--- PASS: TestGraphdriverPluginV2 (6.59s)
    daemon.go:296: [d5a942b9c3dd3] waiting for daemon to start
    daemon.go:328: [d5a942b9c3dd3] daemon started
    daemon.go:283: [d5a942b9c3dd3] exiting daemon
    daemon.go:296: [d5a942b9c3dd3] waiting for daemon to start
    daemon.go:328: [d5a942b9c3dd3] daemon started
    daemon.go:283: [d5a942b9c3dd3] exiting daemon
PASS
Running /go/src/github.com/docker/docker/integration/config
INFO: Testing against a local daemon
=== RUN   TestConfigList
--- PASS: TestConfigList (2.03s)
    daemon.go:296: [d9137abbe5600] waiting for daemon to start
    daemon.go:328: [d9137abbe5600] daemon started
    daemon.go:283: [d9137abbe5600] exiting daemon
=== RUN   TestConfigsCreateAndDelete
--- PASS: TestConfigsCreateAndDelete (2.18s)
    daemon.go:296: [d387b537e34f3] waiting for daemon to start
    daemon.go:328: [d387b537e34f3] daemon started
    daemon.go:283: [d387b537e34f3] exiting daemon
=== RUN   TestConfigsUpdate
--- PASS: TestConfigsUpdate (2.15s)
    daemon.go:296: [d375eddf59625] waiting for daemon to start
    daemon.go:328: [d375eddf59625] daemon started
    daemon.go:283: [d375eddf59625] exiting daemon
=== RUN   TestTemplatedConfig
--- PASS: TestTemplatedConfig (2.60s)
    daemon.go:296: [db8e877498fa0] waiting for daemon to start
    daemon.go:328: [db8e877498fa0] daemon started
    daemon.go:283: [db8e877498fa0] exiting daemon
=== RUN   TestConfigInspect
--- PASS: TestConfigInspect (2.20s)
    daemon.go:296: [d8ec40195e8bf] waiting for daemon to start
    daemon.go:328: [d8ec40195e8bf] daemon started
    daemon.go:283: [d8ec40195e8bf] exiting daemon
=== RUN   TestConfigCreateWithLabels
--- PASS: TestConfigCreateWithLabels (2.06s)
    daemon.go:296: [d2f113b284c2d] waiting for daemon to start
    daemon.go:328: [d2f113b284c2d] daemon started
    daemon.go:283: [d2f113b284c2d] exiting daemon
=== RUN   TestConfigCreateResolve
--- PASS: TestConfigCreateResolve (2.03s)
    daemon.go:296: [d73fedc5f0028] waiting for daemon to start
    daemon.go:328: [d73fedc5f0028] daemon started
    daemon.go:283: [d73fedc5f0028] exiting daemon
PASS
Running /go/src/github.com/docker/docker/integration/service
INFO: Testing against a local daemon
=== RUN   TestServiceCreateInit
=== RUN   TestServiceCreateInit/daemonInitDisabled
=== RUN   TestServiceCreateInit/daemonInitEnabled
--- PASS: TestServiceCreateInit (7.73s)
    --- PASS: TestServiceCreateInit/daemonInitDisabled (3.82s)
        daemon.go:296: [d5c82804d255a] waiting for daemon to start
        daemon.go:328: [d5c82804d255a] daemon started
        daemon.go:283: [d5c82804d255a] exiting daemon
    --- PASS: TestServiceCreateInit/daemonInitEnabled (3.89s)
        daemon.go:296: [d4940ae094fe8] waiting for daemon to start
        daemon.go:328: [d4940ae094fe8] daemon started
        daemon.go:283: [d4940ae094fe8] exiting daemon
=== RUN   TestCreateServiceMultipleTimes
--- PASS: TestCreateServiceMultipleTimes (23.77s)
    daemon.go:296: [d7d834b09c371] waiting for daemon to start
    daemon.go:328: [d7d834b09c371] daemon started
    daemon.go:283: [d7d834b09c371] exiting daemon
=== RUN   TestCreateServiceConflict
--- PASS: TestCreateServiceConflict (2.06s)
    daemon.go:296: [d84f0ffdd8edb] waiting for daemon to start
    daemon.go:328: [d84f0ffdd8edb] daemon started
    daemon.go:283: [d84f0ffdd8edb] exiting daemon
=== RUN   TestCreateWithDuplicateNetworkNames
--- PASS: TestCreateWithDuplicateNetworkNames (13.01s)
    daemon.go:296: [d0c8a99b15814] waiting for daemon to start
    daemon.go:328: [d0c8a99b15814] daemon started
    daemon.go:283: [d0c8a99b15814] exiting daemon
=== RUN   TestCreateServiceSecretFileMode
--- PASS: TestCreateServiceSecretFileMode (2.60s)
    daemon.go:296: [d03605a30fe33] waiting for daemon to start
    daemon.go:328: [d03605a30fe33] daemon started
    daemon.go:283: [d03605a30fe33] exiting daemon
=== RUN   TestCreateServiceConfigFileMode
--- PASS: TestCreateServiceConfigFileMode (2.56s)
    daemon.go:296: [d580696bb2e98] waiting for daemon to start
    daemon.go:328: [d580696bb2e98] daemon started
    daemon.go:283: [d580696bb2e98] exiting daemon
=== RUN   TestCreateServiceSysctls
--- PASS: TestCreateServiceSysctls (3.31s)
    daemon.go:296: [d6f1e292300a3] waiting for daemon to start
    daemon.go:328: [d6f1e292300a3] daemon started
    daemon.go:283: [d6f1e292300a3] exiting daemon
=== RUN   TestInspect
--- PASS: TestInspect (2.03s)
    daemon.go:296: [d5472160e8aaa] waiting for daemon to start
    daemon.go:328: [d5472160e8aaa] daemon started
    daemon.go:283: [d5472160e8aaa] exiting daemon
=== RUN   TestDockerNetworkConnectAlias
--- PASS: TestDockerNetworkConnectAlias (4.00s)
    daemon.go:296: [d3dd831432f88] waiting for daemon to start
    daemon.go:328: [d3dd831432f88] daemon started
    daemon.go:283: [d3dd831432f88] exiting daemon
=== RUN   TestServicePlugin
--- PASS: TestServicePlugin (34.92s)
    daemon.go:296: [d5f685b16f643] waiting for daemon to start
    daemon.go:328: [d5f685b16f643] daemon started
    daemon.go:283: [d5f685b16f643] exiting daemon
    daemon.go:296: [d9234a284afdd] waiting for daemon to start
    daemon.go:328: [d9234a284afdd] daemon started
    daemon.go:296: [dd795f77eda6f] waiting for daemon to start
    daemon.go:328: [dd795f77eda6f] daemon started
    daemon.go:296: [d05632bcf4d97] waiting for daemon to start
    daemon.go:328: [d05632bcf4d97] daemon started
    daemon.go:283: [d05632bcf4d97] exiting daemon
    daemon.go:283: [dd795f77eda6f] exiting daemon
    daemon.go:283: [d9234a284afdd] exiting daemon
PASS
Running /go/src/github.com/docker/docker/integration/network
INFO: Testing against a local daemon
=== RUN   TestNetworkCreateDelete
--- PASS: TestNetworkCreateDelete (0.10s)
=== RUN   TestDockerNetworkDeletePreferID
--- PASS: TestDockerNetworkDeletePreferID (0.27s)
=== RUN   TestInspectNetwork
--- PASS: TestInspectNetwork (24.02s)
    daemon.go:296: [d660e62a6d245] waiting for daemon to start
    daemon.go:328: [d660e62a6d245] daemon started
    daemon.go:283: [d660e62a6d245] exiting daemon
=== RUN   TestRunContainerWithBridgeNone
--- PASS: TestRunContainerWithBridgeNone (2.03s)
    daemon.go:296: [d12ea8aa2f89c] waiting for daemon to start
    daemon.go:328: [d12ea8aa2f89c] daemon started
    daemon.go:283: [d12ea8aa2f89c] exiting daemon
=== RUN   TestNetworkInvalidJSON
=== RUN   TestNetworkInvalidJSON//networks/create
=== PAUSE TestNetworkInvalidJSON//networks/create
=== RUN   TestNetworkInvalidJSON//networks/bridge/connect
=== PAUSE TestNetworkInvalidJSON//networks/bridge/connect
=== RUN   TestNetworkInvalidJSON//networks/bridge/disconnect
=== PAUSE TestNetworkInvalidJSON//networks/bridge/disconnect
=== CONT  TestNetworkInvalidJSON//networks/create
=== CONT  TestNetworkInvalidJSON//networks/bridge/disconnect
=== CONT  TestNetworkInvalidJSON//networks/bridge/connect
--- PASS: TestNetworkInvalidJSON (0.03s)
    --- PASS: TestNetworkInvalidJSON//networks/create (0.00s)
    --- PASS: TestNetworkInvalidJSON//networks/bridge/disconnect (0.01s)
    --- PASS: TestNetworkInvalidJSON//networks/bridge/connect (0.00s)
=== RUN   TestDaemonRestartWithLiveRestore
--- PASS: TestDaemonRestartWithLiveRestore (1.03s)
    daemon.go:296: [da303634e227a] waiting for daemon to start
    daemon.go:328: [da303634e227a] daemon started
    daemon.go:283: [da303634e227a] exiting daemon
    daemon.go:296: [da303634e227a] waiting for daemon to start
    daemon.go:328: [da303634e227a] daemon started
    daemon.go:283: [da303634e227a] exiting daemon
=== RUN   TestDaemonDefaultNetworkPools
--- PASS: TestDaemonDefaultNetworkPools (0.65s)
    daemon.go:296: [d0f7157ae35fa] waiting for daemon to start
    daemon.go:328: [d0f7157ae35fa] daemon started
    daemon.go:283: [d0f7157ae35fa] exiting daemon
=== RUN   TestDaemonRestartWithExistingNetwork
--- PASS: TestDaemonRestartWithExistingNetwork (1.09s)
    daemon.go:296: [dfd6526638222] waiting for daemon to start
    daemon.go:328: [dfd6526638222] daemon started
    daemon.go:283: [dfd6526638222] exiting daemon
    daemon.go:296: [dfd6526638222] waiting for daemon to start
    daemon.go:328: [dfd6526638222] daemon started
    daemon.go:283: [dfd6526638222] exiting daemon
=== RUN   TestDaemonRestartWithExistingNetworkWithDefaultPoolRange
--- PASS: TestDaemonRestartWithExistingNetworkWithDefaultPoolRange (1.18s)
    daemon.go:296: [deeed46a96dd9] waiting for daemon to start
    daemon.go:328: [deeed46a96dd9] daemon started
    daemon.go:283: [deeed46a96dd9] exiting daemon
    daemon.go:296: [deeed46a96dd9] waiting for daemon to start
    daemon.go:328: [deeed46a96dd9] daemon started
    daemon.go:283: [deeed46a96dd9] exiting daemon
=== RUN   TestDaemonWithBipAndDefaultNetworkPool
--- PASS: TestDaemonWithBipAndDefaultNetworkPool (0.54s)
    daemon.go:296: [da861722efd13] waiting for daemon to start
    daemon.go:328: [da861722efd13] daemon started
    daemon.go:283: [da861722efd13] exiting daemon
=== RUN   TestServiceWithPredefinedNetwork
--- PASS: TestServiceWithPredefinedNetwork (2.06s)
    daemon.go:296: [d98507b8989a6] waiting for daemon to start
    daemon.go:328: [d98507b8989a6] daemon started
    daemon.go:283: [d98507b8989a6] exiting daemon
=== RUN   TestServiceRemoveKeepsIngressNetwork
--- PASS: TestServiceRemoveKeepsIngressNetwork (12.01s)
    daemon.go:296: [d270023b20ca9] waiting for daemon to start
    daemon.go:328: [d270023b20ca9] daemon started
    daemon.go:283: [d270023b20ca9] exiting daemon
=== RUN   TestServiceWithDataPathPortInit
--- PASS: TestServiceWithDataPathPortInit (4.10s)
    daemon.go:296: [dd7f9bb82d28a] waiting for daemon to start
    daemon.go:328: [dd7f9bb82d28a] daemon started
    daemon.go:283: [dd7f9bb82d28a] exiting daemon
    daemon.go:296: [d488bc85aa5d0] waiting for daemon to start
    daemon.go:328: [d488bc85aa5d0] daemon started
    daemon.go:283: [d488bc85aa5d0] exiting daemon
=== RUN   TestServiceWithDefaultAddressPoolInit
--- PASS: TestServiceWithDefaultAddressPoolInit (4.30s)
    daemon.go:296: [df884c9a93b0f] waiting for daemon to start
    daemon.go:328: [df884c9a93b0f] daemon started
    service_test.go:415: TestServiceWithDefaultAddressPoolInit: NetworkInspect: {Name:saanvisthiraTestServiceWithDefaultAddressPoolInit ID:7nhf8oh8yrligkyh4xtbesbhd Created:2018-12-22 02:05:22.830349976 +0000 UTC Scope:swarm Driver:overlay EnableIPv6:false IPAM:{Driver:default Options:map[] Config:[{Subnet:20.20.0.0/24 IPRange: Gateway:20.20.0.1 AuxAddress:map[]}]} Internal:false Attachable:false Ingress:false ConfigFrom:{Network:} ConfigOnly:false Containers:map[] Options:map[com.docker.network.driver.overlay.vxlanid_list:4097] Labels:map[] Peers:[] Services:map[]}
    daemon.go:283: [df884c9a93b0f] exiting daemon
    daemon.go:296: [da31bd11c8c9f] waiting for daemon to start
    daemon.go:328: [da31bd11c8c9f] daemon started
    daemon.go:283: [da31bd11c8c9f] exiting daemon
PASS
Running /go/src/github.com/docker/docker/integration/network/ipvlan
INFO: Testing against a local daemon
=== RUN   TestDockerNetworkIpvlanPersistance
--- PASS: TestDockerNetworkIpvlanPersistance (1.28s)
    daemon.go:296: [d8496a7f7142b] waiting for daemon to start
    daemon.go:328: [d8496a7f7142b] daemon started
    daemon.go:283: [d8496a7f7142b] exiting daemon
    daemon.go:296: [d8496a7f7142b] waiting for daemon to start
    daemon.go:328: [d8496a7f7142b] daemon started
    daemon.go:283: [d8496a7f7142b] exiting daemon
=== RUN   TestDockerNetworkIpvlan
=== RUN   TestDockerNetworkIpvlan/Subinterface
=== RUN   TestDockerNetworkIpvlan/OverlapParent
=== RUN   TestDockerNetworkIpvlan/L2NilParent
=== RUN   TestDockerNetworkIpvlan/L2InternalMode
=== RUN   TestDockerNetworkIpvlan/L3NilParent
=== RUN   TestDockerNetworkIpvlan/L3InternalMode
=== RUN   TestDockerNetworkIpvlan/L2MultiSubnet
=== RUN   TestDockerNetworkIpvlan/L3MultiSubnet
=== RUN   TestDockerNetworkIpvlan/Addressing
--- PASS: TestDockerNetworkIpvlan (109.86s)
    daemon.go:296: [dca6cd74bcfcc] waiting for daemon to start
    daemon.go:328: [dca6cd74bcfcc] daemon started
    --- PASS: TestDockerNetworkIpvlan/Subinterface (0.07s)
    daemon.go:283: [dca6cd74bcfcc] exiting daemon
    daemon.go:296: [d2ea451455823] waiting for daemon to start
    daemon.go:328: [d2ea451455823] daemon started
    --- PASS: TestDockerNetworkIpvlan/OverlapParent (0.05s)
    daemon.go:283: [d2ea451455823] exiting daemon
    daemon.go:296: [daaaf8eb5f1bc] waiting for daemon to start
    daemon.go:328: [daaaf8eb5f1bc] daemon started
    --- PASS: TestDockerNetworkIpvlan/L2NilParent (0.82s)
    daemon.go:283: [daaaf8eb5f1bc] exiting daemon
    daemon.go:296: [d6820bb3f3482] waiting for daemon to start
    daemon.go:328: [d6820bb3f3482] daemon started
    --- PASS: TestDockerNetworkIpvlan/L2InternalMode (1.87s)
    daemon.go:283: [d6820bb3f3482] exiting daemon
    daemon.go:296: [da35bed6124dc] waiting for daemon to start
    daemon.go:328: [da35bed6124dc] daemon started
    --- PASS: TestDockerNetworkIpvlan/L3NilParent (15.81s)
    daemon.go:283: [da35bed6124dc] exiting daemon
    daemon.go:296: [d99bc4dbb261a] waiting for daemon to start
    daemon.go:328: [d99bc4dbb261a] daemon started
    --- PASS: TestDockerNetworkIpvlan/L3InternalMode (16.87s)
    daemon.go:283: [d99bc4dbb261a] exiting daemon
    daemon.go:296: [dc59789dbbcbd] waiting for daemon to start
    daemon.go:328: [dc59789dbbcbd] daemon started
    --- PASS: TestDockerNetworkIpvlan/L2MultiSubnet (17.11s)
    daemon.go:283: [dc59789dbbcbd] exiting daemon
    daemon.go:296: [dac6b7275add8] waiting for daemon to start
    daemon.go:328: [dac6b7275add8] daemon started
    --- PASS: TestDockerNetworkIpvlan/L3MultiSubnet (17.13s)
    daemon.go:283: [dac6b7275add8] exiting daemon
    daemon.go:296: [d0ac34f9e6db5] waiting for daemon to start
    daemon.go:328: [d0ac34f9e6db5] daemon started
    --- PASS: TestDockerNetworkIpvlan/Addressing (31.24s)
    daemon.go:283: [d0ac34f9e6db5] exiting daemon
PASS
Running /go/src/github.com/docker/docker/integration/network/macvlan
INFO: Testing against a local daemon
=== RUN   TestDockerNetworkMacvlanPersistance
--- PASS: TestDockerNetworkMacvlanPersistance (1.26s)
    daemon.go:296: [d95558f085e9d] waiting for daemon to start
    daemon.go:328: [d95558f085e9d] daemon started
    daemon.go:283: [d95558f085e9d] exiting daemon
    daemon.go:296: [d95558f085e9d] waiting for daemon to start
    daemon.go:328: [d95558f085e9d] daemon started
    daemon.go:283: [d95558f085e9d] exiting daemon
=== RUN   TestDockerNetworkMacvlan
=== RUN   TestDockerNetworkMacvlan/Subinterface
=== RUN   TestDockerNetworkMacvlan/OverlapParent
=== RUN   TestDockerNetworkMacvlan/NilParent
=== RUN   TestDockerNetworkMacvlan/InternalMode
=== RUN   TestDockerNetworkMacvlan/Addressing
--- PASS: TestDockerNetworkMacvlan (22.85s)
    daemon.go:296: [d222026673f4e] waiting for daemon to start
    daemon.go:328: [d222026673f4e] daemon started
    --- PASS: TestDockerNetworkMacvlan/Subinterface (0.05s)
    daemon.go:283: [d222026673f4e] exiting daemon
    daemon.go:296: [dfe421bcdef90] waiting for daemon to start
    daemon.go:328: [dfe421bcdef90] daemon started
    --- PASS: TestDockerNetworkMacvlan/OverlapParent (0.07s)
    daemon.go:283: [dfe421bcdef90] exiting daemon
    daemon.go:296: [dc17390a9a4d2] waiting for daemon to start
    daemon.go:328: [dc17390a9a4d2] daemon started
    --- PASS: TestDockerNetworkMacvlan/NilParent (0.86s)
    daemon.go:283: [dc17390a9a4d2] exiting daemon
    daemon.go:296: [d1d969dcb5b8e] waiting for daemon to start
    daemon.go:328: [d1d969dcb5b8e] daemon started
    --- PASS: TestDockerNetworkMacvlan/InternalMode (1.81s)
    daemon.go:283: [d1d969dcb5b8e] exiting daemon
    daemon.go:296: [d14b06b3766f2] waiting for daemon to start
    daemon.go:328: [d14b06b3766f2] daemon started
    --- PASS: TestDockerNetworkMacvlan/Addressing (15.64s)
    daemon.go:283: [d14b06b3766f2] exiting daemon
PASS
Running /go/src/github.com/docker/docker/integration/secret
INFO: Testing against a local daemon
=== RUN   TestSecretInspect
--- PASS: TestSecretInspect (2.16s)
    daemon.go:296: [dae22b2d8bdba] waiting for daemon to start
    daemon.go:328: [dae22b2d8bdba] daemon started
    daemon.go:283: [dae22b2d8bdba] exiting daemon
=== RUN   TestSecretList
--- PASS: TestSecretList (2.15s)
    daemon.go:296: [d614ed7423d83] waiting for daemon to start
    daemon.go:328: [d614ed7423d83] daemon started
    daemon.go:283: [d614ed7423d83] exiting daemon
=== RUN   TestSecretsCreateAndDelete
--- PASS: TestSecretsCreateAndDelete (2.05s)
    daemon.go:296: [da48115569f7e] waiting for daemon to start
    daemon.go:328: [da48115569f7e] daemon started
    daemon.go:283: [da48115569f7e] exiting daemon
=== RUN   TestSecretsUpdate
--- PASS: TestSecretsUpdate (2.02s)
    daemon.go:296: [d30a349a181fa] waiting for daemon to start
    daemon.go:328: [d30a349a181fa] daemon started
    daemon.go:283: [d30a349a181fa] exiting daemon
=== RUN   TestTemplatedSecret
--- PASS: TestTemplatedSecret (2.58s)
    daemon.go:296: [db39847dc0191] waiting for daemon to start
    daemon.go:328: [db39847dc0191] daemon started
    daemon.go:283: [db39847dc0191] exiting daemon
=== RUN   TestSecretCreateResolve
--- PASS: TestSecretCreateResolve (2.08s)
    daemon.go:296: [db3806ce74e92] waiting for daemon to start
    daemon.go:328: [db3806ce74e92] daemon started
    daemon.go:283: [db3806ce74e92] exiting daemon
PASS
Running /go/src/github.com/docker/docker/integration/session
INFO: Testing against a local daemon
=== RUN   TestSessionCreate
--- SKIP: TestSessionCreate (0.00s)
    session_test.go:14: !testEnv.DaemonInfo.ExperimentalBuild
=== RUN   TestSessionCreateWithBadUpgrade
--- SKIP: TestSessionCreateWithBadUpgrade (0.00s)
    session_test.go:31: !testEnv.DaemonInfo.ExperimentalBuild
PASS
Running /go/src/github.com/docker/docker/integration/container
INFO: Testing against a local daemon
=== RUN   TestContainerInvalidJSON
=== RUN   TestContainerInvalidJSON//containers/foobar/copy
=== PAUSE TestContainerInvalidJSON//containers/foobar/copy
=== RUN   TestContainerInvalidJSON//containers/foobar/exec
=== PAUSE TestContainerInvalidJSON//containers/foobar/exec
=== RUN   TestContainerInvalidJSON//exec/foobar/start
=== PAUSE TestContainerInvalidJSON//exec/foobar/start
=== CONT  TestContainerInvalidJSON//containers/foobar/copy
=== CONT  TestContainerInvalidJSON//exec/foobar/start
=== CONT  TestContainerInvalidJSON//containers/foobar/exec
--- PASS: TestContainerInvalidJSON (0.02s)
    --- PASS: TestContainerInvalidJSON//exec/foobar/start (0.00s)
    --- PASS: TestContainerInvalidJSON//containers/foobar/copy (0.00s)
    --- PASS: TestContainerInvalidJSON//containers/foobar/exec (0.00s)
=== RUN   TestCopyFromContainerPathDoesNotExist
--- PASS: TestCopyFromContainerPathDoesNotExist (0.07s)
=== RUN   TestCopyFromContainerPathIsNotDir
--- PASS: TestCopyFromContainerPathIsNotDir (0.06s)
=== RUN   TestCopyToContainerPathDoesNotExist
--- PASS: TestCopyToContainerPathDoesNotExist (0.06s)
=== RUN   TestCopyToContainerPathIsNotDir
--- PASS: TestCopyToContainerPathIsNotDir (0.07s)
=== RUN   TestCreateFailsWhenIdentifierDoesNotExist
=== RUN   TestCreateFailsWhenIdentifierDoesNotExist/image_and_tag
=== PAUSE TestCreateFailsWhenIdentifierDoesNotExist/image_and_tag
=== RUN   TestCreateFailsWhenIdentifierDoesNotExist/image_no_tag
=== PAUSE TestCreateFailsWhenIdentifierDoesNotExist/image_no_tag
=== RUN   TestCreateFailsWhenIdentifierDoesNotExist/digest
=== PAUSE TestCreateFailsWhenIdentifierDoesNotExist/digest
=== CONT  TestCreateFailsWhenIdentifierDoesNotExist/image_and_tag
=== CONT  TestCreateFailsWhenIdentifierDoesNotExist/digest
=== CONT  TestCreateFailsWhenIdentifierDoesNotExist/image_no_tag
--- PASS: TestCreateFailsWhenIdentifierDoesNotExist (0.02s)
    --- PASS: TestCreateFailsWhenIdentifierDoesNotExist/digest (0.00s)
    --- PASS: TestCreateFailsWhenIdentifierDoesNotExist/image_no_tag (0.00s)
    --- PASS: TestCreateFailsWhenIdentifierDoesNotExist/image_and_tag (0.01s)
=== RUN   TestCreateWithInvalidEnv
=== RUN   TestCreateWithInvalidEnv/0
=== PAUSE TestCreateWithInvalidEnv/0
=== RUN   TestCreateWithInvalidEnv/1
=== PAUSE TestCreateWithInvalidEnv/1
=== RUN   TestCreateWithInvalidEnv/2
=== PAUSE TestCreateWithInvalidEnv/2
=== CONT  TestCreateWithInvalidEnv/0
=== CONT  TestCreateWithInvalidEnv/2
=== CONT  TestCreateWithInvalidEnv/1
--- PASS: TestCreateWithInvalidEnv (0.01s)
    --- PASS: TestCreateWithInvalidEnv/2 (0.00s)
    --- PASS: TestCreateWithInvalidEnv/0 (0.00s)
    --- PASS: TestCreateWithInvalidEnv/1 (0.00s)
=== RUN   TestCreateTmpfsMountsTarget
--- PASS: TestCreateTmpfsMountsTarget (0.02s)
=== RUN   TestCreateWithCustomMaskedPaths
--- PASS: TestCreateWithCustomMaskedPaths (1.48s)
=== RUN   TestCreateWithCustomReadonlyPaths
--- PASS: TestCreateWithCustomReadonlyPaths (1.52s)
=== RUN   TestCreateWithInvalidHealthcheckParams
=== RUN   TestCreateWithInvalidHealthcheckParams/test_invalid_Interval_in_Healthcheck:_less_than_0s
=== PAUSE TestCreateWithInvalidHealthcheckParams/test_invalid_Interval_in_Healthcheck:_less_than_0s
=== RUN   TestCreateWithInvalidHealthcheckParams/test_invalid_Interval_in_Healthcheck:_larger_than_0s_but_less_than_1ms
=== PAUSE TestCreateWithInvalidHealthcheckParams/test_invalid_Interval_in_Healthcheck:_larger_than_0s_but_less_than_1ms
=== RUN   TestCreateWithInvalidHealthcheckParams/test_invalid_Timeout_in_Healthcheck:_less_than_1ms
=== PAUSE TestCreateWithInvalidHealthcheckParams/test_invalid_Timeout_in_Healthcheck:_less_than_1ms
=== RUN   TestCreateWithInvalidHealthcheckParams/test_invalid_Retries_in_Healthcheck:_less_than_0
=== PAUSE TestCreateWithInvalidHealthcheckParams/test_invalid_Retries_in_Healthcheck:_less_than_0
=== RUN   TestCreateWithInvalidHealthcheckParams/test_invalid_StartPeriod_in_Healthcheck:_not_0_and_less_than_1ms
=== PAUSE TestCreateWithInvalidHealthcheckParams/test_invalid_StartPeriod_in_Healthcheck:_not_0_and_less_than_1ms
=== CONT  TestCreateWithInvalidHealthcheckParams/test_invalid_Interval_in_Healthcheck:_less_than_0s
=== CONT  TestCreateWithInvalidHealthcheckParams/test_invalid_StartPeriod_in_Healthcheck:_not_0_and_less_than_1ms
=== CONT  TestCreateWithInvalidHealthcheckParams/test_invalid_Retries_in_Healthcheck:_less_than_0
=== CONT  TestCreateWithInvalidHealthcheckParams/test_invalid_Timeout_in_Healthcheck:_less_than_1ms
=== CONT  TestCreateWithInvalidHealthcheckParams/test_invalid_Interval_in_Healthcheck:_larger_than_0s_but_less_than_1ms
--- PASS: TestCreateWithInvalidHealthcheckParams (0.02s)
    --- PASS: TestCreateWithInvalidHealthcheckParams/test_invalid_StartPeriod_in_Healthcheck:_not_0_and_less_than_1ms (0.01s)
    --- PASS: TestCreateWithInvalidHealthcheckParams/test_invalid_Retries_in_Healthcheck:_less_than_0 (0.00s)
    --- PASS: TestCreateWithInvalidHealthcheckParams/test_invalid_Interval_in_Healthcheck:_less_than_0s (0.01s)
    --- PASS: TestCreateWithInvalidHealthcheckParams/test_invalid_Timeout_in_Healthcheck:_less_than_1ms (0.00s)
    --- PASS: TestCreateWithInvalidHealthcheckParams/test_invalid_Interval_in_Healthcheck:_larger_than_0s_but_less_than_1ms (0.00s)
=== RUN   TestContainerStartOnDaemonRestart
=== PAUSE TestContainerStartOnDaemonRestart
=== RUN   TestDiff
--- PASS: TestDiff (0.55s)
=== RUN   TestExecWithCloseStdin
--- PASS: TestExecWithCloseStdin (0.61s)
=== RUN   TestExec
--- PASS: TestExec (0.65s)
=== RUN   TestExportContainerAndImportImage
--- PASS: TestExportContainerAndImportImage (0.64s)
=== RUN   TestExportContainerAfterDaemonRestart
--- PASS: TestExportContainerAfterDaemonRestart (1.27s)
    daemon.go:296: [daa40bfc128b5] waiting for daemon to start
    daemon.go:328: [daa40bfc128b5] daemon started
    daemon.go:283: [daa40bfc128b5] exiting daemon
    daemon.go:296: [daa40bfc128b5] waiting for daemon to start
    daemon.go:328: [daa40bfc128b5] daemon started
    daemon.go:283: [daa40bfc128b5] exiting daemon
=== RUN   TestHealthCheckWorkdir
--- PASS: TestHealthCheckWorkdir (0.83s)
=== RUN   TestInspectCpusetInConfigPre120
--- PASS: TestInspectCpusetInConfigPre120 (0.54s)
=== RUN   TestIpcModeNone
--- PASS: TestIpcModeNone (0.65s)
=== RUN   TestIpcModePrivate
--- PASS: TestIpcModePrivate (0.62s)
    ipcmode_test.go:88: [testIpcPrivateShareable] ipcmode: private, ipcdev: 0:58, shared: false, mustBeShared: false
=== RUN   TestIpcModeShareable
--- PASS: TestIpcModeShareable (0.63s)
    ipcmode_test.go:88: [testIpcPrivateShareable] ipcmode: shareable, ipcdev: 0:52, shared: true, mustBeShared: true
=== RUN   TestAPIIpcModeShareableAndContainer
--- PASS: TestAPIIpcModeShareableAndContainer (1.83s)
=== RUN   TestAPIIpcModeHost
--- PASS: TestAPIIpcModeHost (0.49s)
=== RUN   TestDaemonIpcModeShareable
--- PASS: TestDaemonIpcModeShareable (1.37s)
    daemon.go:296: [db5a7154561fd] waiting for daemon to start
    daemon.go:328: [db5a7154561fd] daemon started
    ipcmode_test.go:256: [testDaemonIpcPrivateShareable] ipcdev: 0:60, shared: true, mustBeShared: true
    daemon.go:283: [db5a7154561fd] exiting daemon
=== RUN   TestDaemonIpcModePrivate
--- PASS: TestDaemonIpcModePrivate (1.33s)
    daemon.go:296: [df0e3613376ee] waiting for daemon to start
    daemon.go:328: [df0e3613376ee] daemon started
    ipcmode_test.go:256: [testDaemonIpcPrivateShareable] ipcdev: 0:66, shared: false, mustBeShared: false
    daemon.go:283: [df0e3613376ee] exiting daemon
=== RUN   TestDaemonIpcModePrivateFromConfig
--- PASS: TestDaemonIpcModePrivateFromConfig (1.31s)
    daemon.go:296: [d897385c7ed4c] waiting for daemon to start
    daemon.go:328: [d897385c7ed4c] daemon started
    ipcmode_test.go:256: [testDaemonIpcPrivateShareable] ipcdev: 0:66, shared: false, mustBeShared: false
    daemon.go:283: [d897385c7ed4c] exiting daemon
=== RUN   TestDaemonIpcModeShareableFromConfig
--- PASS: TestDaemonIpcModeShareableFromConfig (1.33s)
    daemon.go:296: [df02ba4d185ed] waiting for daemon to start
    daemon.go:328: [df02ba4d185ed] daemon started
    ipcmode_test.go:256: [testDaemonIpcPrivateShareable] ipcdev: 0:60, shared: true, mustBeShared: true
    daemon.go:283: [df02ba4d185ed] exiting daemon
=== RUN   TestKillContainerInvalidSignal
--- PASS: TestKillContainerInvalidSignal (0.53s)
=== RUN   TestKillContainer
=== RUN   TestKillContainer/no_signal
=== RUN   TestKillContainer/non_killing_signal
=== RUN   TestKillContainer/killing_signal
--- PASS: TestKillContainer (1.59s)
    --- PASS: TestKillContainer/no_signal (0.50s)
    --- PASS: TestKillContainer/non_killing_signal (0.33s)
    --- PASS: TestKillContainer/killing_signal (0.54s)
=== RUN   TestKillWithStopSignalAndRestartPolicies
=== RUN   TestKillWithStopSignalAndRestartPolicies/same-signal-disables-restart-policy
=== RUN   TestKillWithStopSignalAndRestartPolicies/different-signal-keep-restart-policy
--- PASS: TestKillWithStopSignalAndRestartPolicies (1.05s)
    --- PASS: TestKillWithStopSignalAndRestartPolicies/same-signal-disables-restart-policy (0.48s)
    --- PASS: TestKillWithStopSignalAndRestartPolicies/different-signal-keep-restart-policy (0.35s)
=== RUN   TestKillStoppedContainer
--- PASS: TestKillStoppedContainer (0.07s)
=== RUN   TestKillStoppedContainerAPIPre120
--- PASS: TestKillStoppedContainerAPIPre120 (0.07s)
=== RUN   TestKillDifferentUserContainer
--- PASS: TestKillDifferentUserContainer (0.51s)
=== RUN   TestInspectOomKilledTrue
--- SKIP: TestInspectOomKilledTrue (0.00s)
    kill_test.go:153: testEnv.DaemonInfo.OSType == "windows" || !testEnv.DaemonInfo.MemoryLimit || !testEnv.DaemonInfo.SwapLimit
=== RUN   TestInspectOomKilledFalse
--- SKIP: TestInspectOomKilledFalse (0.00s)
    kill_test.go:171: testEnv.DaemonInfo.OSType == "windows" || !testEnv.DaemonInfo.MemoryLimit || !testEnv.DaemonInfo.SwapLimit
=== RUN   TestLinksEtcHostsContentMatch
--- PASS: TestLinksEtcHostsContentMatch (0.47s)
=== RUN   TestLinksContainerNames
--- PASS: TestLinksContainerNames (1.06s)
=== RUN   TestLogsFollowTailEmpty
--- PASS: TestLogsFollowTailEmpty (0.51s)
=== RUN   TestContainerNetworkMountsNoChown
--- PASS: TestContainerNetworkMountsNoChown (0.52s)
=== RUN   TestMountDaemonRoot
=== PAUSE TestMountDaemonRoot
=== RUN   TestContainerBindMountNonRecursive
--- PASS: TestContainerBindMountNonRecursive (1.27s)
=== RUN   TestNetworkNat
--- PASS: TestNetworkNat (0.52s)
=== RUN   TestNetworkLocalhostTCPNat
--- PASS: TestNetworkLocalhostTCPNat (0.56s)
=== RUN   TestNetworkLoopbackNat
--- PASS: TestNetworkLoopbackNat (0.76s)
=== RUN   TestPause
--- PASS: TestPause (0.54s)
=== RUN   TestPauseFailsOnWindowsServerContainers
--- SKIP: TestPauseFailsOnWindowsServerContainers (0.00s)
    pause_test.go:54: testEnv.DaemonInfo.OSType != "windows" || testEnv.DaemonInfo.Isolation != "process"
=== RUN   TestPauseStopPausedContainer
--- PASS: TestPauseStopPausedContainer (0.56s)
=== RUN   TestPsFilter
--- PASS: TestPsFilter (0.17s)
=== RUN   TestRemoveContainerWithRemovedVolume
--- PASS: TestRemoveContainerWithRemovedVolume (0.50s)
=== RUN   TestRemoveContainerWithVolume
--- PASS: TestRemoveContainerWithVolume (0.54s)
=== RUN   TestRemoveContainerRunning
--- PASS: TestRemoveContainerRunning (0.54s)
=== RUN   TestRemoveContainerForceRemoveRunning
--- PASS: TestRemoveContainerForceRemoveRunning (0.51s)
=== RUN   TestRemoveInvalidContainer
--- PASS: TestRemoveInvalidContainer (0.01s)
=== RUN   TestRenameLinkedContainer
--- PASS: TestRenameLinkedContainer (2.06s)
=== RUN   TestRenameStoppedContainer
--- PASS: TestRenameStoppedContainer (0.52s)
=== RUN   TestRenameRunningContainerAndReuse
--- PASS: TestRenameRunningContainerAndReuse (1.03s)
=== RUN   TestRenameInvalidName
--- PASS: TestRenameInvalidName (0.53s)
=== RUN   TestRenameAnonymousContainer
--- PASS: TestRenameAnonymousContainer (1.77s)
=== RUN   TestRenameContainerWithSameName
--- PASS: TestRenameContainerWithSameName (0.53s)
=== RUN   TestRenameContainerWithLinkedContainer
--- PASS: TestRenameContainerWithLinkedContainer (1.06s)
=== RUN   TestResize
--- PASS: TestResize (0.53s)
=== RUN   TestResizeWithInvalidSize
--- PASS: TestResizeWithInvalidSize (0.52s)
=== RUN   TestResizeWhenContainerNotStarted
--- PASS: TestResizeWhenContainerNotStarted (0.52s)
=== RUN   TestDaemonRestartKillContainers
=== RUN   TestDaemonRestartKillContainers/live-restore=false/container_without_restart_policy/kill-daemon
=== PAUSE TestDaemonRestartKillContainers/live-restore=false/container_without_restart_policy/kill-daemon
=== RUN   TestDaemonRestartKillContainers/live-restore=false/container_without_restart_policy/stop-daemon
=== PAUSE TestDaemonRestartKillContainers/live-restore=false/container_without_restart_policy/stop-daemon
=== RUN   TestDaemonRestartKillContainers/live-restore=true/container_without_restart_policy/kill-daemon
=== PAUSE TestDaemonRestartKillContainers/live-restore=true/container_without_restart_policy/kill-daemon
=== RUN   TestDaemonRestartKillContainers/live-restore=true/container_without_restart_policy/stop-daemon
=== PAUSE TestDaemonRestartKillContainers/live-restore=true/container_without_restart_policy/stop-daemon
=== RUN   TestDaemonRestartKillContainers/live-restore=false/container_with_restart=always/kill-daemon
=== PAUSE TestDaemonRestartKillContainers/live-restore=false/container_with_restart=always/kill-daemon
=== RUN   TestDaemonRestartKillContainers/live-restore=false/container_with_restart=always/stop-daemon
=== PAUSE TestDaemonRestartKillContainers/live-restore=false/container_with_restart=always/stop-daemon
=== RUN   TestDaemonRestartKillContainers/live-restore=true/container_with_restart=always/stop-daemon
=== PAUSE TestDaemonRestartKillContainers/live-restore=true/container_with_restart=always/stop-daemon
=== RUN   TestDaemonRestartKillContainers/live-restore=true/container_with_restart=always/kill-daemon
=== PAUSE TestDaemonRestartKillContainers/live-restore=true/container_with_restart=always/kill-daemon
=== RUN   TestDaemonRestartKillContainers/live-restore=false/container_created_should_not_be_restarted/kill-daemon
=== PAUSE TestDaemonRestartKillContainers/live-restore=false/container_created_should_not_be_restarted/kill-daemon
=== RUN   TestDaemonRestartKillContainers/live-restore=false/container_created_should_not_be_restarted/stop-daemon
=== PAUSE TestDaemonRestartKillContainers/live-restore=false/container_created_should_not_be_restarted/stop-daemon
=== RUN   TestDaemonRestartKillContainers/live-restore=true/container_created_should_not_be_restarted/kill-daemon
=== PAUSE TestDaemonRestartKillContainers/live-restore=true/container_created_should_not_be_restarted/kill-daemon
=== RUN   TestDaemonRestartKillContainers/live-restore=true/container_created_should_not_be_restarted/stop-daemon
=== PAUSE TestDaemonRestartKillContainers/live-restore=true/container_created_should_not_be_restarted/stop-daemon
=== CONT  TestDaemonRestartKillContainers/live-restore=false/container_without_restart_policy/kill-daemon
=== CONT  TestDaemonRestartKillContainers/live-restore=true/container_with_restart=always/stop-daemon
=== CONT  TestDaemonRestartKillContainers/live-restore=true/container_created_should_not_be_restarted/stop-daemon
=== CONT  TestDaemonRestartKillContainers/live-restore=true/container_created_should_not_be_restarted/kill-daemon
=== CONT  TestDaemonRestartKillContainers/live-restore=false/container_created_should_not_be_restarted/stop-daemon
=== CONT  TestDaemonRestartKillContainers/live-restore=false/container_created_should_not_be_restarted/kill-daemon
=== CONT  TestDaemonRestartKillContainers/live-restore=true/container_with_restart=always/kill-daemon
=== CONT  TestDaemonRestartKillContainers/live-restore=true/container_without_restart_policy/stop-daemon
=== CONT  TestDaemonRestartKillContainers/live-restore=false/container_with_restart=always/stop-daemon
=== CONT  TestDaemonRestartKillContainers/live-restore=false/container_with_restart=always/kill-daemon
=== CONT  TestDaemonRestartKillContainers/live-restore=true/container_without_restart_policy/kill-daemon
=== CONT  TestDaemonRestartKillContainers/live-restore=false/container_without_restart_policy/stop-daemon
--- PASS: TestDaemonRestartKillContainers (0.00s)
    --- PASS: TestDaemonRestartKillContainers/live-restore=true/container_with_restart=always/stop-daemon (1.80s)
        daemon.go:296: [df93776dc607c] waiting for daemon to start
        daemon.go:328: [df93776dc607c] daemon started
        daemon.go:283: [df93776dc607c] exiting daemon
        daemon.go:296: [df93776dc607c] waiting for daemon to start
        daemon.go:328: [df93776dc607c] daemon started
        daemon.go:283: [df93776dc607c] exiting daemon
    --- PASS: TestDaemonRestartKillContainers/live-restore=false/container_without_restart_policy/kill-daemon (2.30s)
        daemon.go:296: [d289b34130338] waiting for daemon to start
        daemon.go:328: [d289b34130338] daemon started
        daemon.go:296: [d289b34130338] waiting for daemon to start
        daemon.go:328: [d289b34130338] daemon started
        daemon.go:283: [d289b34130338] exiting daemon
    --- PASS: TestDaemonRestartKillContainers/live-restore=true/container_created_should_not_be_restarted/stop-daemon (1.34s)
        daemon.go:296: [d8b90bf6550d4] waiting for daemon to start
        daemon.go:328: [d8b90bf6550d4] daemon started
        daemon.go:283: [d8b90bf6550d4] exiting daemon
        daemon.go:296: [d8b90bf6550d4] waiting for daemon to start
        daemon.go:328: [d8b90bf6550d4] daemon started
        daemon.go:283: [d8b90bf6550d4] exiting daemon
    --- PASS: TestDaemonRestartKillContainers/live-restore=true/container_created_should_not_be_restarted/kill-daemon (1.27s)
        daemon.go:296: [de6c9a250db25] waiting for daemon to start
        daemon.go:328: [de6c9a250db25] daemon started
        daemon.go:296: [de6c9a250db25] waiting for daemon to start
        daemon.go:328: [de6c9a250db25] daemon started
        daemon.go:283: [de6c9a250db25] exiting daemon
    --- PASS: TestDaemonRestartKillContainers/live-restore=false/container_created_should_not_be_restarted/stop-daemon (1.33s)
        daemon.go:296: [dcd08183a1799] waiting for daemon to start
        daemon.go:328: [dcd08183a1799] daemon started
        daemon.go:283: [dcd08183a1799] exiting daemon
        daemon.go:296: [dcd08183a1799] waiting for daemon to start
        daemon.go:328: [dcd08183a1799] daemon started
        daemon.go:283: [dcd08183a1799] exiting daemon
    --- PASS: TestDaemonRestartKillContainers/live-restore=false/container_created_should_not_be_restarted/kill-daemon (1.28s)
        daemon.go:296: [d9578d2f3f3d4] waiting for daemon to start
        daemon.go:328: [d9578d2f3f3d4] daemon started
        daemon.go:296: [d9578d2f3f3d4] waiting for daemon to start
        daemon.go:328: [d9578d2f3f3d4] daemon started
        daemon.go:283: [d9578d2f3f3d4] exiting daemon
    --- PASS: TestDaemonRestartKillContainers/live-restore=true/container_with_restart=always/kill-daemon (1.78s)
        daemon.go:296: [dd9d0b680ce86] waiting for daemon to start
        daemon.go:328: [dd9d0b680ce86] daemon started
        daemon.go:296: [dd9d0b680ce86] waiting for daemon to start
        daemon.go:328: [dd9d0b680ce86] daemon started
        daemon.go:283: [dd9d0b680ce86] exiting daemon
    --- PASS: TestDaemonRestartKillContainers/live-restore=true/container_without_restart_policy/stop-daemon (1.82s)
        daemon.go:296: [d2863ffe1810c] waiting for daemon to start
        daemon.go:328: [d2863ffe1810c] daemon started
        daemon.go:283: [d2863ffe1810c] exiting daemon
        daemon.go:296: [d2863ffe1810c] waiting for daemon to start
        daemon.go:328: [d2863ffe1810c] daemon started
        daemon.go:283: [d2863ffe1810c] exiting daemon
    --- PASS: TestDaemonRestartKillContainers/live-restore=false/container_with_restart=always/stop-daemon (2.20s)
        daemon.go:296: [d2fcdc9f11957] waiting for daemon to start
        daemon.go:328: [d2fcdc9f11957] daemon started
        daemon.go:283: [d2fcdc9f11957] exiting daemon
        daemon.go:296: [d2fcdc9f11957] waiting for daemon to start
        daemon.go:328: [d2fcdc9f11957] daemon started
        daemon.go:283: [d2fcdc9f11957] exiting daemon
    --- PASS: TestDaemonRestartKillContainers/live-restore=false/container_with_restart=always/kill-daemon (2.18s)
        daemon.go:296: [deaa12c84e0f5] waiting for daemon to start
        daemon.go:328: [deaa12c84e0f5] daemon started
        daemon.go:296: [deaa12c84e0f5] waiting for daemon to start
        daemon.go:328: [deaa12c84e0f5] daemon started
        daemon.go:283: [deaa12c84e0f5] exiting daemon
    --- PASS: TestDaemonRestartKillContainers/live-restore=true/container_without_restart_policy/kill-daemon (1.81s)
        daemon.go:296: [db12e7f84bf9b] waiting for daemon to start
        daemon.go:328: [db12e7f84bf9b] daemon started
        daemon.go:296: [db12e7f84bf9b] waiting for daemon to start
        daemon.go:328: [db12e7f84bf9b] daemon started
        daemon.go:283: [db12e7f84bf9b] exiting daemon
    --- PASS: TestDaemonRestartKillContainers/live-restore=false/container_without_restart_policy/stop-daemon (1.89s)
        daemon.go:296: [dbfff11091ac9] waiting for daemon to start
        daemon.go:328: [dbfff11091ac9] daemon started
        daemon.go:283: [dbfff11091ac9] exiting daemon
        daemon.go:296: [dbfff11091ac9] waiting for daemon to start
        daemon.go:328: [dbfff11091ac9] daemon started
        daemon.go:283: [dbfff11091ac9] exiting daemon
=== RUN   TestKernelTCPMemory
--- PASS: TestKernelTCPMemory (0.64s)
=== RUN   TestNISDomainname
--- PASS: TestNISDomainname (0.74s)
=== RUN   TestStats
--- PASS: TestStats (2.33s)
=== RUN   TestStopContainerWithTimeout
=== RUN   TestStopContainerWithTimeout/0
=== PAUSE TestStopContainerWithTimeout/0
=== RUN   TestStopContainerWithTimeout/1
=== PAUSE TestStopContainerWithTimeout/1
=== RUN   TestStopContainerWithTimeout/3
=== PAUSE TestStopContainerWithTimeout/3
=== RUN   TestStopContainerWithTimeout/-1
=== PAUSE TestStopContainerWithTimeout/-1
=== CONT  TestStopContainerWithTimeout/0
=== CONT  TestStopContainerWithTimeout/-1
=== CONT  TestStopContainerWithTimeout/3
=== CONT  TestStopContainerWithTimeout/1
--- PASS: TestStopContainerWithTimeout (0.02s)
    --- PASS: TestStopContainerWithTimeout/0 (0.66s)
    --- PASS: TestStopContainerWithTimeout/-1 (2.60s)
    --- PASS: TestStopContainerWithTimeout/3 (2.50s)
    --- PASS: TestStopContainerWithTimeout/1 (1.52s)
=== RUN   TestDeleteDevicemapper
--- SKIP: TestDeleteDevicemapper (0.00s)
    stop_linux_test.go:75: testEnv.DaemonInfo.Driver != "devicemapper"
=== RUN   TestStopContainerWithRestartPolicyAlways
--- PASS: TestStopContainerWithRestartPolicyAlways (2.17s)
=== RUN   TestUpdateMemory
--- SKIP: TestUpdateMemory (0.00s)
    update_linux_test.go:22: !testEnv.DaemonInfo.SwapLimit
=== RUN   TestUpdateCPUQuota
=== PAUSE TestUpdateCPUQuota
=== RUN   TestUpdateRestartPolicy
--- PASS: TestUpdateRestartPolicy (11.36s)
=== RUN   TestUpdateRestartWithAutoRemove
--- PASS: TestUpdateRestartWithAutoRemove (0.57s)
=== RUN   TestWaitNonBlocked
=== RUN   TestWaitNonBlocked/wait-nonblocking-exit-0
=== PAUSE TestWaitNonBlocked/wait-nonblocking-exit-0
=== RUN   TestWaitNonBlocked/wait-nonblocking-exit-random
=== PAUSE TestWaitNonBlocked/wait-nonblocking-exit-random
=== CONT  TestWaitNonBlocked/wait-nonblocking-exit-0
=== CONT  TestWaitNonBlocked/wait-nonblocking-exit-random
--- PASS: TestWaitNonBlocked (0.02s)
    --- PASS: TestWaitNonBlocked/wait-nonblocking-exit-0 (0.69s)
    --- PASS: TestWaitNonBlocked/wait-nonblocking-exit-random (0.72s)
=== RUN   TestWaitBlocked
=== RUN   TestWaitBlocked/test-wait-blocked-exit-zero
=== PAUSE TestWaitBlocked/test-wait-blocked-exit-zero
=== RUN   TestWaitBlocked/test-wait-blocked-exit-random
=== PAUSE TestWaitBlocked/test-wait-blocked-exit-random
=== CONT  TestWaitBlocked/test-wait-blocked-exit-zero
=== CONT  TestWaitBlocked/test-wait-blocked-exit-random
--- PASS: TestWaitBlocked (0.02s)
    --- PASS: TestWaitBlocked/test-wait-blocked-exit-zero (0.81s)
    --- PASS: TestWaitBlocked/test-wait-blocked-exit-random (0.84s)
=== CONT  TestContainerStartOnDaemonRestart
=== CONT  TestUpdateCPUQuota
--- PASS: TestUpdateCPUQuota (1.53s)
=== CONT  TestMountDaemonRoot
=== RUN   TestMountDaemonRoot/default
=== PAUSE TestMountDaemonRoot/default
=== RUN   TestMountDaemonRoot/private
=== PAUSE TestMountDaemonRoot/private
=== RUN   TestMountDaemonRoot/rprivate
=== PAUSE TestMountDaemonRoot/rprivate
=== RUN   TestMountDaemonRoot/slave
=== PAUSE TestMountDaemonRoot/slave
=== RUN   TestMountDaemonRoot/rslave
=== PAUSE TestMountDaemonRoot/rslave
=== RUN   TestMountDaemonRoot/shared
=== PAUSE TestMountDaemonRoot/shared
=== RUN   TestMountDaemonRoot/rshared
=== PAUSE TestMountDaemonRoot/rshared
=== CONT  TestMountDaemonRoot/default
=== RUN   TestMountDaemonRoot/default/bind_root
=== PAUSE TestMountDaemonRoot/default/bind_root
=== RUN   TestMountDaemonRoot/default/bind_subpath
=== PAUSE TestMountDaemonRoot/default/bind_subpath
=== RUN   TestMountDaemonRoot/default/mount_root
=== PAUSE TestMountDaemonRoot/default/mount_root
=== RUN   TestMountDaemonRoot/default/mount_subpath
=== PAUSE TestMountDaemonRoot/default/mount_subpath
=== CONT  TestMountDaemonRoot/rslave
=== RUN   TestMountDaemonRoot/rslave/mount_subpath
=== PAUSE TestMountDaemonRoot/rslave/mount_subpath
=== RUN   TestMountDaemonRoot/rslave/bind_root
=== PAUSE TestMountDaemonRoot/rslave/bind_root
=== RUN   TestMountDaemonRoot/rslave/bind_subpath
=== PAUSE TestMountDaemonRoot/rslave/bind_subpath
=== RUN   TestMountDaemonRoot/rslave/mount_root
=== PAUSE TestMountDaemonRoot/rslave/mount_root
=== CONT  TestMountDaemonRoot/rshared
=== RUN   TestMountDaemonRoot/rshared/bind_root
=== PAUSE TestMountDaemonRoot/rshared/bind_root
=== RUN   TestMountDaemonRoot/rshared/bind_subpath
=== PAUSE TestMountDaemonRoot/rshared/bind_subpath
=== RUN   TestMountDaemonRoot/rshared/mount_root
=== PAUSE TestMountDaemonRoot/rshared/mount_root
=== RUN   TestMountDaemonRoot/rshared/mount_subpath
=== PAUSE TestMountDaemonRoot/rshared/mount_subpath
=== CONT  TestMountDaemonRoot/shared
=== RUN   TestMountDaemonRoot/shared/bind_root
=== PAUSE TestMountDaemonRoot/shared/bind_root
=== RUN   TestMountDaemonRoot/shared/bind_subpath
=== PAUSE TestMountDaemonRoot/shared/bind_subpath
=== RUN   TestMountDaemonRoot/shared/mount_root
=== PAUSE TestMountDaemonRoot/shared/mount_root
=== RUN   TestMountDaemonRoot/shared/mount_subpath
=== PAUSE TestMountDaemonRoot/shared/mount_subpath
=== CONT  TestMountDaemonRoot/rprivate
=== RUN   TestMountDaemonRoot/rprivate/bind_root
=== PAUSE TestMountDaemonRoot/rprivate/bind_root
=== RUN   TestMountDaemonRoot/rprivate/bind_subpath
=== PAUSE TestMountDaemonRoot/rprivate/bind_subpath
=== RUN   TestMountDaemonRoot/rprivate/mount_root
=== PAUSE TestMountDaemonRoot/rprivate/mount_root
=== RUN   TestMountDaemonRoot/rprivate/mount_subpath
=== PAUSE TestMountDaemonRoot/rprivate/mount_subpath
=== CONT  TestMountDaemonRoot/slave
=== RUN   TestMountDaemonRoot/slave/bind_subpath
=== PAUSE TestMountDaemonRoot/slave/bind_subpath
=== RUN   TestMountDaemonRoot/slave/mount_root
=== PAUSE TestMountDaemonRoot/slave/mount_root
=== RUN   TestMountDaemonRoot/slave/mount_subpath
=== PAUSE TestMountDaemonRoot/slave/mount_subpath
=== RUN   TestMountDaemonRoot/slave/bind_root
=== PAUSE TestMountDaemonRoot/slave/bind_root
=== CONT  TestMountDaemonRoot/private
=== RUN   TestMountDaemonRoot/private/bind_root
=== PAUSE TestMountDaemonRoot/private/bind_root
=== RUN   TestMountDaemonRoot/private/bind_subpath
=== PAUSE TestMountDaemonRoot/private/bind_subpath
=== RUN   TestMountDaemonRoot/private/mount_root
=== PAUSE TestMountDaemonRoot/private/mount_root
=== RUN   TestMountDaemonRoot/private/mount_subpath
=== PAUSE TestMountDaemonRoot/private/mount_subpath
=== CONT  TestMountDaemonRoot/default/bind_root
=== CONT  TestMountDaemonRoot/rslave/mount_subpath
=== CONT  TestMountDaemonRoot/default/mount_subpath
=== CONT  TestMountDaemonRoot/default/mount_root
=== CONT  TestMountDaemonRoot/default/bind_subpath
=== CONT  TestMountDaemonRoot/rslave/bind_subpath
=== CONT  TestMountDaemonRoot/rslave/mount_root
=== CONT  TestMountDaemonRoot/rslave/bind_root
=== CONT  TestMountDaemonRoot/rshared/bind_root
=== CONT  TestMountDaemonRoot/rshared/mount_root
=== CONT  TestMountDaemonRoot/rshared/mount_subpath
=== CONT  TestMountDaemonRoot/rshared/bind_subpath
=== CONT  TestMountDaemonRoot/shared/bind_root
--- PASS: TestContainerStartOnDaemonRestart (2.33s)
    daemon.go:296: [dd759b9470b8e] waiting for daemon to start
    daemon.go:328: [dd759b9470b8e] daemon started
    daemon.go:296: [dd759b9470b8e] waiting for daemon to start
    daemon.go:328: [dd759b9470b8e] daemon started
    daemon.go:283: [dd759b9470b8e] exiting daemon
=== CONT  TestMountDaemonRoot/shared/mount_root
=== CONT  TestMountDaemonRoot/shared/mount_subpath
=== CONT  TestMountDaemonRoot/shared/bind_subpath
=== CONT  TestMountDaemonRoot/rprivate/bind_root
=== CONT  TestMountDaemonRoot/rprivate/mount_root
=== CONT  TestMountDaemonRoot/rprivate/mount_subpath
=== CONT  TestMountDaemonRoot/rprivate/bind_subpath
=== CONT  TestMountDaemonRoot/slave/bind_subpath
=== CONT  TestMountDaemonRoot/private/bind_root
=== CONT  TestMountDaemonRoot/slave/bind_root
=== CONT  TestMountDaemonRoot/slave/mount_subpath
=== CONT  TestMountDaemonRoot/slave/mount_root
=== CONT  TestMountDaemonRoot/private/mount_root
=== CONT  TestMountDaemonRoot/private/mount_subpath
=== CONT  TestMountDaemonRoot/private/bind_subpath
--- PASS: TestMountDaemonRoot (0.01s)
    --- PASS: TestMountDaemonRoot/default (0.00s)
        --- PASS: TestMountDaemonRoot/default/bind_root (0.07s)
        --- PASS: TestMountDaemonRoot/default/mount_subpath (0.07s)
        --- PASS: TestMountDaemonRoot/default/mount_root (0.06s)
        --- PASS: TestMountDaemonRoot/default/bind_subpath (0.07s)
    --- PASS: TestMountDaemonRoot/rslave (0.00s)
        --- PASS: TestMountDaemonRoot/rslave/mount_subpath (0.06s)
        --- PASS: TestMountDaemonRoot/rslave/bind_subpath (0.06s)
        --- PASS: TestMountDaemonRoot/rslave/mount_root (0.06s)
        --- PASS: TestMountDaemonRoot/rslave/bind_root (0.07s)
    --- PASS: TestMountDaemonRoot/rshared (0.00s)
        --- PASS: TestMountDaemonRoot/rshared/bind_root (0.06s)
        --- PASS: TestMountDaemonRoot/rshared/mount_root (0.07s)
        --- PASS: TestMountDaemonRoot/rshared/mount_subpath (0.05s)
        --- PASS: TestMountDaemonRoot/rshared/bind_subpath (0.05s)
    --- PASS: TestMountDaemonRoot/shared (0.00s)
        --- PASS: TestMountDaemonRoot/shared/bind_root (0.08s)
        --- PASS: TestMountDaemonRoot/shared/mount_root (0.05s)
        --- PASS: TestMountDaemonRoot/shared/mount_subpath (0.06s)
        --- PASS: TestMountDaemonRoot/shared/bind_subpath (0.06s)
    --- PASS: TestMountDaemonRoot/rprivate (0.00s)
        --- PASS: TestMountDaemonRoot/rprivate/bind_root (0.06s)
        --- PASS: TestMountDaemonRoot/rprivate/mount_root (0.07s)
        --- PASS: TestMountDaemonRoot/rprivate/mount_subpath (0.07s)
        --- PASS: TestMountDaemonRoot/rprivate/bind_subpath (0.06s)
    --- PASS: TestMountDaemonRoot/slave (0.00s)
        --- PASS: TestMountDaemonRoot/slave/bind_subpath (0.06s)
        --- PASS: TestMountDaemonRoot/slave/bind_root (0.07s)
        --- PASS: TestMountDaemonRoot/slave/mount_subpath (0.07s)
        --- PASS: TestMountDaemonRoot/slave/mount_root (0.06s)
    --- PASS: TestMountDaemonRoot/private (0.00s)
        --- PASS: TestMountDaemonRoot/private/bind_root (0.06s)
        --- PASS: TestMountDaemonRoot/private/mount_root (0.06s)
        --- PASS: TestMountDaemonRoot/private/mount_subpath (0.06s)
        --- PASS: TestMountDaemonRoot/private/bind_subpath (0.06s)
PASS
Running /go/src/github.com/docker/docker/integration/build
INFO: Testing against a local daemon
=== RUN   TestBuildWithSession
--- PASS: TestBuildWithSession (5.30s)
    daemon.go:296: [d3fd7a8f627d5] waiting for daemon to start
    daemon.go:328: [d3fd7a8f627d5] daemon started
    daemon.go:283: [d3fd7a8f627d5] exiting daemon
=== RUN   TestBuildSquashParent
--- SKIP: TestBuildSquashParent (0.00s)
    build_squash_test.go:23: !testEnv.DaemonInfo.ExperimentalBuild
=== RUN   TestBuildWithRemoveAndForceRemove
=== PAUSE TestBuildWithRemoveAndForceRemove
=== RUN   TestBuildMultiStageParentConfig
--- PASS: TestBuildMultiStageParentConfig (34.38s)
    build_test.go:176: [{-1 1545444560 sha256:a02074dabf24994d64b6b35e24418ea08be616aafce375c78d5978e883061bca map[] sha256:62457a25d92a53daf85cc142b1e36ddd2b4a9fbbb211f104d84262a7497c9b77 [] [build1:latest] -1 1129289 1129289} {-1 1545444559 sha256:83bf6a6578a898fcac7bf1756bf70bb00a198a4ed870cd4679aaf6acd5c5434a map[] sha256:d0c5620212231f105a4f546e4b5633709f504550f91829f9facdf3f26dc0311f [<none>@<none>] [<none>:<none>] -1 1129289 1129289} {-1 1545444555 sha256:49ab19d801cbb3d958963cd81edfaf13bb2e5d83594757c84316c2319dac5a8a map[] sha256:fa5bc1cc5c50afe803ef184e405815bdbd004cb39cdcdab98dd53a83fdf9f22f [<none>@<none>] [<none>:<none>] -1 1129315 1129315} {-1 1545443924 sha256:e58de7aeef3fdd12d675a32df82227f5be1530f02dfccdcc83aa73b37caf834f map[] sha256:3f53bb00af943dfdf815650be70c0fa7b426e56a66f5e3362b47a129d57d5991 [] [dup-txt-tag:latest] -1 4409032 4409032} {-1 1545443922 sha256:97eae9cb91ea414af02e0781e26c0a6c36c55208881dc103399efcbafa08769d map[] sha256:3f53bb00af943dfdf815650be70c0fa7b426e56a66f5e3362b47a129d57d5991 [] [some-tag:latest] -1 4409032 4409032} {-1 1545351807 sha256:eec2d71b4945e8e974f8ecc4334673fc0c9b6666b1936966df1828e6e8a71400 map[]  [alpine@sha256:b894cf1fe97eec6905af1761bff0a7c3e03a214d0271a76eaf42985ece38845c] [alpine:3.5] -1 3991674 3991674} {-1 1545351787 sha256:b955fa398a69d4ba8a8ee9ccad0d09789fc4bf22237bb062113890001a7144d5 map[]  [alpine@sha256:e957c05b82f0de9f553045850110ec523b6799fb5259f8f3c5c57a655ecf57c9] [alpine:3.4] -1 4811422 4811422} {-1 1545351768 sha256:4253f833edc5020a6c9ab9659f4a2093f73053ccd6bca97738b8a56b6365db24 map[]  [alpine@sha256:69dbff8d2a3e94f14daea4b968137fb5ccd5b83b5f248e5606a7781a8efd19bf] [alpine:3.3] -1 4817652 4817652} {-1 1545351748 sha256:7aa5410358f6024756ed218e690063ed94aa34275c4b23da173c739bc845c0e3 map[]  [alpine@sha256:787437a49c1a08c9158286e18749d107ea8a1ed9c88d10aa5ec94c5f089ccd4b] [alpine:3.2] -1 5264504 5264504} {-1 1545351728 sha256:9f5479c8fc7de1adab7ade224d6960c4a24a981343df8636095c752470da3fe4 map[]  [alpine@sha256:9669765749d18ce4e1f744eae748cd35d7157306abe36cb46d93631f493b3ef8] [alpine:3.1] -1 5042632 5042632} {-1 1545351710 sha256:dacde26455ab47a96ed5b69e8a64a43f07b27956a95065f78d601c33b4a59ab4 map[]  [alpine@sha256:72fac243935dc4398718b67c2469eafa6ccdca0c6af3ae365d5bba92400c69cd] [alpine:edge] -1 5270854 5270854} {-1 1545351690 sha256:3f53bb00af943dfdf815650be70c0fa7b426e56a66f5e3362b47a129d57d5991 map[]  [alpine@sha256:46e71df1e5191ab8b8034c5189e325258ec44ea739bba1e5645cff83c9048ff1] [alpine:3.8 alpine:latest] -1 4409032 4409032} {-1 1545351671 sha256:9bea9e12e381b8cc4d57145d4e98dc2a53b544e121efbc316a9d4e08e24af97c map[]  [alpine@sha256:0c842418b34ffd6a134dad2e19d6b1f63b98881c2ec67ffd1e6be6b69e97998a] [alpine:3.7] -1 4202236 4202236} {-1 1545351645 sha256:dc58420c6c139fc7244477b484dbe0734cd54dd988edd13d54ccee48482303d3 map[]  [alpine@sha256:9c47dad65db1f3894530d2e3fa6b335c8178b32fd57cd27d6a4bf5d6771d3964] [alpine:3.6] -1 4023450 4023450} {-1 1538500774 sha256:59788edf1f3e78cd0ebe6ce1446e9d10788225db3dedcfd1a59f764bad2b2690 map[]  [busybox@sha256:2a03a6059f21e150ae84b0973863609494aad70f0a80eaeb64bddd8d92465812] [] -1 1154353 1154353} {-1 1536348339 sha256:4ab4c602aa5eed5528a6620ff18a1dc4faef0e1ab3a5eddeddb410714478c67f map[]  [hello-world@sha256:0add3ace90ecb4adbf7777e9aacf18357296e799f81cabc9fde470971e499788 hello-world@sha256:d5c7d767f5ba807f9b363aa4db87d75ab030404a670880e16aedff16f605484b] [hello-world:linux] -1 1840 1840} {-1 1516768215 sha256:2bbf44aed9f866d88c0e7d006d4ffe8d53186a12ffd6dca5e1baa59ba3024b85 map[]  [] [busybox:glibc] -1 4403842 4403842} {-1 1511223798 sha256:f2a91732366c0332ccd7afd2a5c4ff2b9af81f549370f7a19acd460f87686bc7 map[]  [hello-world@sha256:083de497cff944f969d8499ab94f07134c50bcf5e6b9559b27182d3fa80ce3f7] [hello-world:frozen] -1 1848 1848} {-1 1509809246 sha256:cb92533ca5cc26b3e36c11b6007fb838a8d2ea73a24faf738084c57ce193b944 map[]  [] [buildpack-deps:jessie] -1 614674590 614674590} {-1 1509772896 sha256:25fc9eb3417fa06d0d7fc83706b1ef5855dd1a8767fc29476b49e4edf8230867 map[]  [] [debian:jessie] -1 123385136 123385136} {-1 1509748757 sha256:6ad733544a6317992a6fac4eb19fe1df577d4dec7529efec28a5bd0edad0fd30 map[]  [] [busybox:latest] -1 1129289 1129289} {-1 1453141967 sha256:93f518ec2c41722d6c21e55f96cef4dc4c9ba521cab51a757b1d7272b393902f map[]  [alpine@sha256:9f08005dff552038f0ad2f46b8e65ff3d25641747d3912e3ea8da6785046561a] [alpine:2.7] -1 4707853 4707853} {-1 1453141959 sha256:e738dfbe7a10356ea998e8acc7493c0bfae5ed919ad7eb99550ab60d7f47e214 map[]  [alpine@sha256:e9cec9aec697d8b9d450edd32860ecd363f2f3174c8338beb5f809422d182c63] [alpine:2.6] -1 4497178 4497178} {-1 1442598274 sha256:9875fb006e07a63f7e2a1713a8a73c71663be95bce7c122a36205cd1cd9c93eb map[]  [busybox@sha256:f8cdcf3eb8fac77a9b24f37bc440feea024a5d3ec9a33f1d0a4c42c5df6a49c3] [busybox:buildroot-2014.02] -1 2429728 2429728} {-1 1371157430 sha256:11f64303f0f7ffdc71f001788132bca5346831939a956e3e975c93267d89a16d map[]  [] [emptyfs:latest] -1 0 0}]
=== RUN   TestBuildLabelWithTargets
--- PASS: TestBuildLabelWithTargets (8.00s)
=== RUN   TestBuildWithEmptyLayers
--- PASS: TestBuildWithEmptyLayers (3.00s)
=== RUN   TestBuildMultiStageOnBuild
--- PASS: TestBuildMultiStageOnBuild (5.02s)
=== RUN   TestBuildUncleanTarFilenames
--- PASS: TestBuildUncleanTarFilenames (0.76s)
=== RUN   TestBuildMultiStageLayerLeak
--- PASS: TestBuildMultiStageLayerLeak (4.25s)
=== RUN   TestBuildWithHugeFile
--- PASS: TestBuildWithHugeFile (144.85s)
=== CONT  TestBuildWithRemoveAndForceRemove
=== RUN   TestBuildWithRemoveAndForceRemove/successful_build_with_no_removal
=== PAUSE TestBuildWithRemoveAndForceRemove/successful_build_with_no_removal
=== RUN   TestBuildWithRemoveAndForceRemove/successful_build_with_remove
=== PAUSE TestBuildWithRemoveAndForceRemove/successful_build_with_remove
=== RUN   TestBuildWithRemoveAndForceRemove/successful_build_with_remove_and_force_remove
=== PAUSE TestBuildWithRemoveAndForceRemove/successful_build_with_remove_and_force_remove
=== RUN   TestBuildWithRemoveAndForceRemove/failed_build_with_no_removal
=== PAUSE TestBuildWithRemoveAndForceRemove/failed_build_with_no_removal
=== RUN   TestBuildWithRemoveAndForceRemove/failed_build_with_remove
=== PAUSE TestBuildWithRemoveAndForceRemove/failed_build_with_remove
=== RUN   TestBuildWithRemoveAndForceRemove/failed_build_with_remove_and_force_remove
=== PAUSE TestBuildWithRemoveAndForceRemove/failed_build_with_remove_and_force_remove
=== CONT  TestBuildWithRemoveAndForceRemove/successful_build_with_no_removal
=== CONT  TestBuildWithRemoveAndForceRemove/failed_build_with_no_removal
=== CONT  TestBuildWithRemoveAndForceRemove/failed_build_with_remove_and_force_remove
=== CONT  TestBuildWithRemoveAndForceRemove/failed_build_with_remove
=== CONT  TestBuildWithRemoveAndForceRemove/successful_build_with_remove_and_force_remove
=== CONT  TestBuildWithRemoveAndForceRemove/successful_build_with_remove
--- PASS: TestBuildWithRemoveAndForceRemove (0.03s)
    --- PASS: TestBuildWithRemoveAndForceRemove/successful_build_with_no_removal (1.82s)
    --- PASS: TestBuildWithRemoveAndForceRemove/failed_build_with_no_removal (1.84s)
    --- PASS: TestBuildWithRemoveAndForceRemove/failed_build_with_remove (1.94s)
    --- PASS: TestBuildWithRemoveAndForceRemove/failed_build_with_remove_and_force_remove (2.01s)
    --- PASS: TestBuildWithRemoveAndForceRemove/successful_build_with_remove (1.96s)
    --- PASS: TestBuildWithRemoveAndForceRemove/successful_build_with_remove_and_force_remove (2.05s)
PASS
Running /go/src/github.com/docker/docker/integration/volume
INFO: Testing against a local daemon
=== RUN   TestVolumesCreateAndList
--- PASS: TestVolumesCreateAndList (0.05s)
=== RUN   TestVolumesRemove
--- PASS: TestVolumesRemove (0.08s)
=== RUN   TestVolumesInspect
--- PASS: TestVolumesInspect (0.03s)
=== RUN   TestVolumesInvalidJSON
=== RUN   TestVolumesInvalidJSON//volumes/create
=== PAUSE TestVolumesInvalidJSON//volumes/create
=== CONT  TestVolumesInvalidJSON//volumes/create
--- PASS: TestVolumesInvalidJSON (0.03s)
    --- PASS: TestVolumesInvalidJSON//volumes/create (0.00s)
PASS
Running /go/src/github.com/docker/docker/integration/system
INFO: Testing against a local daemon
=== RUN   TestCgroupDriverSystemdMemoryLimit
=== PAUSE TestCgroupDriverSystemdMemoryLimit
=== RUN   TestEventsExecDie
--- PASS: TestEventsExecDie (0.62s)
=== RUN   TestEventsBackwardsCompatible
--- PASS: TestEventsBackwardsCompatible (0.08s)
=== RUN   TestInfoBinaryCommits
--- PASS: TestInfoBinaryCommits (0.01s)
=== RUN   TestInfoAPIVersioned
--- PASS: TestInfoAPIVersioned (0.01s)
=== RUN   TestInfoAPI
--- PASS: TestInfoAPI (0.01s)
=== RUN   TestInfoAPIWarnings
--- PASS: TestInfoAPIWarnings (0.72s)
    daemon.go:296: [de8525b67b13c] waiting for daemon to start
    daemon.go:328: [de8525b67b13c] daemon started
    daemon.go:283: [de8525b67b13c] exiting daemon
=== RUN   TestLoginFailsWithBadCredentials
--- PASS: TestLoginFailsWithBadCredentials (1.19s)
=== RUN   TestVersion
--- PASS: TestVersion (0.00s)
=== CONT  TestCgroupDriverSystemdMemoryLimit
--- SKIP: TestCgroupDriverSystemdMemoryLimit (0.00s)
    cgroupdriver_systemd_test.go:35: systemd not available
PASS
Running /go/src/github.com/docker/docker/integration/image
INFO: Testing against a local daemon
=== RUN   TestCommitInheritsEnv
--- PASS: TestCommitInheritsEnv (2.09s)
=== RUN   TestImportExtremelyLargeImageWorks
--- PASS: TestImportExtremelyLargeImageWorks (123.56s)
=== RUN   TestImagesFilterMultiReference
--- PASS: TestImagesFilterMultiReference (0.06s)
=== RUN   TestRemoveImageOrphaning
--- PASS: TestRemoveImageOrphaning (1.38s)
=== RUN   TestTagUnprefixedRepoByNameOrName
--- PASS: TestTagUnprefixedRepoByNameOrName (0.03s)
=== RUN   TestTagInvalidReference
--- PASS: TestTagInvalidReference (0.02s)
=== RUN   TestTagValidPrefixedRepo
--- PASS: TestTagValidPrefixedRepo (0.06s)
=== RUN   TestTagExistedNameWithoutForce
--- PASS: TestTagExistedNameWithoutForce (0.03s)
=== RUN   TestTagOfficialNames
--- PASS: TestTagOfficialNames (0.07s)
=== RUN   TestTagMatchesDigest
--- PASS: TestTagMatchesDigest (0.02s)
PASS
Running /go/src/github.com/docker/docker/integration-cli
INFO: Testing against a local daemon
PASS: docker_api_test.go:36: DockerSuite.TestAPIClientVersionOldNotSupported	0.004s
PASS: docker_api_network_test.go:239: DockerSuite.TestAPICreateDeletePredefinedNetworks	0.008s
PASS: docker_api_test.go:60: DockerSuite.TestAPIErrorJSON	0.002s
PASS: docker_api_test.go:91: DockerSuite.TestAPIErrorNotFoundJSON	0.001s
PASS: docker_api_test.go:102: DockerSuite.TestAPIErrorNotFoundPlainText	0.001s
PASS: docker_api_test.go:74: DockerSuite.TestAPIErrorPlainText	0.002s
PASS: docker_api_test.go:24: DockerSuite.TestAPIGetEnabledCORS	0.001s
PASS: docker_api_images_test.go:90: DockerSuite.TestAPIImagesDelete	1.330s
PASS: docker_api_images_test.go:22: DockerSuite.TestAPIImagesFilter	0.069s
PASS: docker_api_images_test.go:114: DockerSuite.TestAPIImagesHistory	0.863s
PASS: docker_api_images_test.go:140: DockerSuite.TestAPIImagesImportBadSrc	0.351s
PASS: docker_api_images_test.go:60: DockerSuite.TestAPIImagesSaveAndLoad	0.733s
PASS: docker_api_images_test.go:175: DockerSuite.TestAPIImagesSearchJSONContentType	0.812s
PASS: docker_api_images_test.go:187: DockerSuite.TestAPIImagesSizeCompatibility	0.010s
PASS: docker_api_network_test.go:129: DockerSuite.TestAPINetworkConnectDisconnect	0.626s
PASS: docker_api_network_test.go:29: DockerSuite.TestAPINetworkCreateCheckDuplicate	0.084s
PASS: docker_api_network_test.go:67: DockerSuite.TestAPINetworkFilter	0.002s
PASS: docker_api_network_test.go:20: DockerSuite.TestAPINetworkGetDefaults	0.003s
PASS: docker_api_network_test.go:170: DockerSuite.TestAPINetworkIPAMMultipleBridgeNetworks	0.505s
PASS: docker_api_network_test.go:73: DockerSuite.TestAPINetworkInspectBridge	0.347s
PASS: docker_api_network_test.go:98: DockerSuite.TestAPINetworkInspectUserDefinedNetwork	0.097s
PASS: docker_api_test.go:18: DockerSuite.TestAPIOptionsRoute	0.001s
PASS: docker_api_stats_test.go:263: DockerSuite.TestAPIStatsContainerNotFound	0.001s
PASS: docker_api_stats_test.go:99: DockerSuite.TestAPIStatsNetworkStats	4.254s
PASS: docker_api_stats_test.go:166: DockerSuite.TestAPIStatsNetworkStatsVersioning	1.790s
PASS: docker_api_stats_test.go:277: DockerSuite.TestAPIStatsNoStreamConnectedContainers	1.780s
PASS: docker_api_stats_test.go:25: DockerSuite.TestAPIStatsNoStreamGetCpu	1.696s
PASS: docker_api_stats_test.go:64: DockerSuite.TestAPIStatsStoppedContainerInGoroutines	0.366s
PASS: docker_cli_run_test.go:3181: DockerSuite.TestAppArmorDeniesChmodProc	0.495s
PASS: docker_cli_run_test.go:3159: DockerSuite.TestAppArmorDeniesPtrace	0.482s
PASS: docker_cli_run_test.go:3171: DockerSuite.TestAppArmorTraceSelf	0.499s
PASS: docker_cli_attach_unix_test.go:61: DockerSuite.TestAttachAfterDetach	1.486s
PASS: docker_cli_attach_unix_test.go:18: DockerSuite.TestAttachClosedOnContainerStop	1.517s
PASS: docker_cli_attach_unix_test.go:126: DockerSuite.TestAttachDetach	0.481s
PASS: docker_cli_attach_test.go:135: DockerSuite.TestAttachDisconnect	0.358s
PASS: docker_cli_attach_test.go:20: DockerSuite.TestAttachMultipleAndRestart	1.534s
PASS: docker_cli_attach_test.go:168: DockerSuite.TestAttachPausedContainer	0.356s
PASS: docker_cli_attach_test.go:90: DockerSuite.TestAttachTTYWithoutStdin	0.349s
PASS: docker_api_build_test.go:160: DockerSuite.TestBuildAPIBuildGitWithF	0.980s
PASS: docker_api_build_test.go:26: DockerSuite.TestBuildAPIDockerFileRemote	1.983s
PASS: docker_api_build_test.go:181: DockerSuite.TestBuildAPIDoubleDockerfile	0.989s
PASS: docker_api_build_test.go:142: DockerSuite.TestBuildAPILowerDockerfile	0.977s
PASS: docker_api_build_test.go:57: DockerSuite.TestBuildAPIRemoteTarballContext	0.003s
PASS: docker_api_build_test.go:88: DockerSuite.TestBuildAPIRemoteTarballContextWithCustomDockerfile	0.951s
PASS: docker_api_build_test.go:203: DockerSuite.TestBuildAPIUnnormalizedTarPaths	1.975s
PASS: docker_cli_build_test.go:573: DockerSuite.TestBuildAddAndCopyFileWithWhitespace	28.042s
PASS: docker_cli_build_test.go:926: DockerSuite.TestBuildAddBadLinks	0.921s
PASS: docker_cli_build_test.go:1006: DockerSuite.TestBuildAddBadLinksVolume	2.988s
PASS: docker_cli_build_test.go:2885: DockerSuite.TestBuildAddBrokenTar	0.141s
PASS: docker_api_build_test.go:479: DockerSuite.TestBuildAddCacheOnFileChange	1.821s
PASS: docker_cli_build_unix_test.go:87: DockerSuite.TestBuildAddChangeOwnership	2.991s
PASS: docker_cli_build_test.go:1863: DockerSuite.TestBuildAddCurrentDirWithCache	2.731s
PASS: docker_cli_build_test.go:1910: DockerSuite.TestBuildAddCurrentDirWithoutCache	1.369s
PASS: docker_cli_build_test.go:751: DockerSuite.TestBuildAddDirContentToExistingDir	8.830s
PASS: docker_cli_build_test.go:737: DockerSuite.TestBuildAddDirContentToRoot	4.974s
PASS: docker_cli_build_test.go:2189: DockerSuite.TestBuildAddFileNotFound	0.074s
PASS: docker_cli_build_test.go:1997: DockerSuite.TestBuildAddLocalAndRemoteFilesWithAndWithoutCache	3.887s
PASS: docker_cli_build_test.go:1807: DockerSuite.TestBuildAddMultipleLocalFileWithAndWithoutCache	6.982s
PASS: docker_cli_build_test.go:2936: DockerSuite.TestBuildAddNonTar	1.955s
PASS: docker_cli_build_test.go:785: DockerSuite.TestBuildAddOrCopyEtcToRootShouldNotConflict	0.451s
PASS: docker_cli_build_test.go:797: DockerSuite.TestBuildAddPreservesFilesSpecialBits	4.472s
PASS: docker_cli_build_test.go:1954: DockerSuite.TestBuildAddRemoteFileMTime	3.311s
PASS: docker_cli_build_test.go:1929: DockerSuite.TestBuildAddRemoteFileWithAndWithoutCache	0.778s
PASS: docker_api_build_test.go:364: DockerSuite.TestBuildAddRemoteNoDecompress	1.832s
PASS: docker_cli_build_test.go:2815: DockerSuite.TestBuildAddScript	3.989s
PASS: docker_cli_build_test.go:505: DockerSuite.TestBuildAddSingleFileToExistDir	8.976s
PASS: docker_cli_build_test.go:722: DockerSuite.TestBuildAddSingleFileToNonExistingDir	5.980s
PASS: docker_cli_build_test.go:466: DockerSuite.TestBuildAddSingleFileToRoot	3.979s
PASS: docker_cli_build_test.go:482: DockerSuite.TestBuildAddSingleFileToWorkdir	0.960s
PASS: docker_cli_build_test.go:2831: DockerSuite.TestBuildAddTar	12.982s
PASS: docker_cli_build_test.go:2949: DockerSuite.TestBuildAddTarXz	1.964s
PASS: docker_cli_build_test.go:2998: DockerSuite.TestBuildAddTarXzGz	1.961s
PASS: docker_cli_build_test.go:2245: DockerSuite.TestBuildAddToSymlinkDest	4.967s
PASS: docker_cli_build_test.go:767: DockerSuite.TestBuildAddWholeDirToRoot	7.969s
PASS: docker_cli_build_test.go:1440: DockerSuite.TestBuildBlankName	0.229s
PASS: docker_cli_build_test.go:4089: DockerSuite.TestBuildBuildTimeArg	3.258s
PASS: docker_cli_build_test.go:4461: DockerSuite.TestBuildBuildTimeArgBuiltinArg	2.883s
PASS: docker_cli_build_test.go:4183: DockerSuite.TestBuildBuildTimeArgCacheHit	1.609s
PASS: docker_cli_build_test.go:4207: DockerSuite.TestBuildBuildTimeArgCacheMissExtraArg	2.866s
PASS: docker_cli_build_test.go:4238: DockerSuite.TestBuildBuildTimeArgCacheMissSameArgDiffVal	1.976s
PASS: docker_cli_build_test.go:4484: DockerSuite.TestBuildBuildTimeArgDefaultOverride	4.465s
PASS: docker_cli_build_test.go:4623: DockerSuite.TestBuildBuildTimeArgDefinitionWithNoEnvInjection	1.452s
PASS: docker_cli_build_test.go:4607: DockerSuite.TestBuildBuildTimeArgEmptyValVariants	5.980s
PASS: docker_cli_build_test.go:4526: DockerSuite.TestBuildBuildTimeArgEnv	17.974s
PASS: docker_cli_build_test.go:4319: DockerSuite.TestBuildBuildTimeArgExpansion	14.042s
PASS: docker_cli_build_test.go:4409: DockerSuite.TestBuildBuildTimeArgExpansionOverride	5.420s
PASS: docker_cli_build_test.go:4122: DockerSuite.TestBuildBuildTimeArgHistory	0.467s
PASS: docker_cli_build_test.go:4263: DockerSuite.TestBuildBuildTimeArgOverrideArgDefinedBeforeEnv	2.470s
PASS: docker_cli_build_test.go:4292: DockerSuite.TestBuildBuildTimeArgOverrideEnvDefinedBeforeArg	3.962s
PASS: docker_cli_build_test.go:4586: DockerSuite.TestBuildBuildTimeArgQuotedValVariants	8.459s
PASS: docker_cli_build_test.go:4510: DockerSuite.TestBuildBuildTimeArgUnconsumedArg	1.979s
PASS: docker_cli_build_test.go:4437: DockerSuite.TestBuildBuildTimeArgUntrustedDefinedAfterUse	2.478s
PASS: docker_cli_build_test.go:371: DockerSuite.TestBuildCacheAdd	0.485s
PASS: docker_cli_build_test.go:4760: DockerSuite.TestBuildCacheBrokenSymlink	1.939s
PASS: docker_cli_build_test.go:5411: DockerSuite.TestBuildCacheFrom	8.015s
PASS: docker_cli_build_test.go:5389: DockerSuite.TestBuildCacheFromEqualDiffIDsLength	2.039s
PASS: docker_cli_build_test.go:4872: DockerSuite.TestBuildCacheRootSource	1.842s
PASS: docker_cli_build_unix_test.go:133: DockerSuite.TestBuildCancellationKillsSleep	0.494s
PASS: docker_api_build_test.go:408: DockerSuite.TestBuildChownOnCopy	7.342s
PASS: docker_cli_build_test.go:3574: DockerSuite.TestBuildChownSingleFile	2.983s
PASS: docker_cli_build_test.go:3137: DockerSuite.TestBuildCleanupCmdOnEntrypoint	3.002s
PASS: docker_cli_build_test.go:3156: DockerSuite.TestBuildClearCmd	1.970s
PASS: docker_cli_build_test.go:1577: DockerSuite.TestBuildCmd	0.975s
PASS: docker_cli_build_test.go:3240: DockerSuite.TestBuildCmdJSONNoShDashC	0.985s
PASS: docker_cli_build_test.go:3199: DockerSuite.TestBuildCmdShDashC	0.979s
SKIP: docker_cli_build_test.go:5339: DockerSuite.TestBuildCmdShellArgsEscaped (unmatched requirement DaemonIsWindows)
PASS: docker_cli_build_test.go:3214: DockerSuite.TestBuildCmdSpaces	3.970s
PASS: docker_cli_build_test.go:2645: DockerSuite.TestBuildCommentsShebangs	5.970s
PASS: docker_cli_build_test.go:1773: DockerSuite.TestBuildConditionalCache	2.078s
PASS: docker_cli_build_test.go:5600: DockerSuite.TestBuildContChar	2.883s
PASS: docker_cli_build_test.go:3973: DockerSuite.TestBuildContainerWithCgroupParent	0.982s
PASS: docker_cli_build_test.go:1512: DockerSuite.TestBuildContextCleanup	0.974s
PASS: docker_cli_build_test.go:1534: DockerSuite.TestBuildContextCleanupFailedBuild	0.488s
PASS: docker_cli_build_test.go:2045: DockerSuite.TestBuildContextTarGzip	1.474s
PASS: docker_cli_build_test.go:2049: DockerSuite.TestBuildContextTarNoCompression	0.986s
PASS: docker_cli_build_test.go:521: DockerSuite.TestBuildCopyAddMultipleFiles	13.986s
PASS: docker_api_build_test.go:438: DockerSuite.TestBuildCopyCacheOnFileChange	1.960s
PASS: docker_cli_build_test.go:1839: DockerSuite.TestBuildCopyDirButNotFile	0.358s
PASS: docker_cli_build_test.go:893: DockerSuite.TestBuildCopyDirContentToExistDir	3.601s
PASS: docker_cli_build_test.go:879: DockerSuite.TestBuildCopyDirContentToRoot	4.974s
PASS: docker_cli_build_test.go:6024: DockerSuite.TestBuildCopyFileDotWithWorkdir	2.977s
SKIP: docker_cli_build_test.go:606: DockerSuite.TestBuildCopyFileWithWhitespaceOnWindows (unmatched requirement DaemonIsWindows)
SKIP: docker_cli_build_test.go:5897: DockerSuite.TestBuildCopyFromForbidWindowsRelativePaths (unmatched requirement DaemonIsWindows)
SKIP: docker_cli_build_test.go:5880: DockerSuite.TestBuildCopyFromForbidWindowsSystemPaths (unmatched requirement DaemonIsWindows)
SKIP: docker_cli_build_test.go:5915: DockerSuite.TestBuildCopyFromWindowsIsCaseInsensitive (unmatched requirement DaemonIsWindows)
PASS: docker_cli_build_test.go:848: DockerSuite.TestBuildCopySingleFileToExistDir	4.882s
PASS: docker_cli_build_test.go:864: DockerSuite.TestBuildCopySingleFileToNonExistDir	5.986s
PASS: docker_cli_build_test.go:810: DockerSuite.TestBuildCopySingleFileToRoot	3.982s
PASS: docker_cli_build_test.go:826: DockerSuite.TestBuildCopySingleFileToWorkdir	0.979s
PASS: docker_cli_build_test.go:909: DockerSuite.TestBuildCopyWholeDirToRoot	6.974s
PASS: docker_cli_build_test.go:636: DockerSuite.TestBuildCopyWildcard	8.082s
PASS: docker_cli_build_test.go:696: DockerSuite.TestBuildCopyWildcardCache	0.959s
PASS: docker_cli_build_test.go:676: DockerSuite.TestBuildCopyWildcardInName	1.864s
PASS: docker_cli_build_test.go:5140: DockerSuite.TestBuildDeleteCommittedFile	3.977s
PASS: docker_cli_build_test.go:2068: DockerSuite.TestBuildDockerfileStdin	1.991s
PASS: docker_cli_build_test.go:2088: DockerSuite.TestBuildDockerfileStdinConflict	0.013s
PASS: docker_cli_build_test.go:2102: DockerSuite.TestBuildDockerfileStdinDockerignore	1.431s
PASS: docker_cli_build_test.go:2106: DockerSuite.TestBuildDockerfileStdinDockerignoreIgnored	0.927s
PASS: docker_cli_build_test.go:2098: DockerSuite.TestBuildDockerfileStdinNoExtraFiles	0.966s
PASS: docker_cli_build_test.go:2296: DockerSuite.TestBuildDockerignore	11.463s
PASS: docker_cli_build_test.go:2334: DockerSuite.TestBuildDockerignoreCleanPaths	1.983s
PASS: docker_cli_build_test.go:5150: DockerSuite.TestBuildDockerignoreComment	3.984s
PASS: docker_cli_build_test.go:2348: DockerSuite.TestBuildDockerignoreExceptions	12.985s
PASS: docker_cli_build_test.go:2445: DockerSuite.TestBuildDockerignoreTouchDockerfile	1.264s
PASS: docker_cli_build_test.go:2521: DockerSuite.TestBuildDockerignoringBadExclusion	0.013s
PASS: docker_cli_build_test.go:2393: DockerSuite.TestBuildDockerignoringDockerfile	5.641s
PASS: docker_cli_build_test.go:2432: DockerSuite.TestBuildDockerignoringDockerignore	2.979s
PASS: docker_cli_build_test.go:2504: DockerSuite.TestBuildDockerignoringOnlyDotfiles	2.980s
PASS: docker_cli_build_test.go:2411: DockerSuite.TestBuildDockerignoringRenamedDockerfile	7.974s
PASS: docker_cli_build_test.go:2487: DockerSuite.TestBuildDockerignoringWholeDir	2.978s
PASS: docker_cli_build_test.go:2560: DockerSuite.TestBuildDockerignoringWildDirs	2.974s
PASS: docker_cli_build_test.go:2538: DockerSuite.TestBuildDockerignoringWildTopDir	18.996s
PASS: docker_cli_build_test.go:3944: DockerSuite.TestBuildDotDotFile	0.081s
PASS: docker_cli_build_test.go:2634: DockerSuite.TestBuildEOLInLine	4.846s
PASS: docker_cli_build_test.go:3168: DockerSuite.TestBuildEmptyCmd	0.990s
PASS: docker_cli_build_test.go:1704: DockerSuite.TestBuildEmptyEntrypoint	0.986s
PASS: docker_cli_build_test.go:1681: DockerSuite.TestBuildEmptyEntrypointInheritance	1.979s
PASS: docker_cli_build_test.go:3936: DockerSuite.TestBuildEmptyScratch	0.082s
PASS: docker_cli_build_test.go:3961: DockerSuite.TestBuildEmptyStringVolume	0.864s
PASS: docker_cli_build_test.go:1718: DockerSuite.TestBuildEntrypoint	1.003s
PASS: docker_cli_build_test.go:3251: DockerSuite.TestBuildEntrypointCanBeOverriddenByChild	2.487s
PASS: docker_cli_build_test.go:3271: DockerSuite.TestBuildEntrypointCanBeOverriddenByChildInspect	1.959s
PASS: docker_cli_build_test.go:2170: DockerSuite.TestBuildEntrypointRunCleanup	3.461s
PASS: docker_cli_build_test.go:1469: DockerSuite.TestBuildEnv	2.975s
PASS: docker_cli_build_test.go:302: DockerSuite.TestBuildEnvEscapes	2.480s
PASS: docker_cli_build_test.go:319: DockerSuite.TestBuildEnvOverwrite	0.969s
PASS: docker_cli_build_test.go:2715: DockerSuite.TestBuildEnvUsage	16.459s
PASS: docker_cli_build_test.go:2746: DockerSuite.TestBuildEnvUsage2	46.982s
PASS: docker_cli_build_test.go:147: DockerSuite.TestBuildEnvironmentReplacementAddCopy	7.964s
PASS: docker_cli_build_test.go:171: DockerSuite.TestBuildEnvironmentReplacementEnv	18.981s
PASS: docker_cli_build_test.go:102: DockerSuite.TestBuildEnvironmentReplacementExpose	3.950s
PASS: docker_cli_build_test.go:60: DockerSuite.TestBuildEnvironmentReplacementUser	1.963s
PASS: docker_cli_build_test.go:77: DockerSuite.TestBuildEnvironmentReplacementVolume	1.966s
PASS: docker_cli_build_test.go:127: DockerSuite.TestBuildEnvironmentReplacementWorkdir	2.966s
SKIP: docker_cli_build_test.go:5317: DockerSuite.TestBuildEscapeNotBackslashWordTest (unmatched requirement DaemonIsWindows)
PASS: docker_cli_build_test.go:2263: DockerSuite.TestBuildEscapeWhitespace	1.000s
PASS: docker_cli_build_test.go:3302: DockerSuite.TestBuildExoticShellInterpolation	12.893s
PASS: docker_cli_build_test.go:1590: DockerSuite.TestBuildExpose	0.967s
PASS: docker_cli_build_test.go:1604: DockerSuite.TestBuildExposeMorePorts	1.048s
PASS: docker_cli_build_test.go:1653: DockerSuite.TestBuildExposeOrder	0.961s
PASS: docker_cli_build_test.go:1669: DockerSuite.TestBuildExposeUpperCaseProto	0.862s
PASS: docker_cli_build_test.go:2227: DockerSuite.TestBuildFails	0.578s
PASS: docker_cli_build_test.go:4897: DockerSuite.TestBuildFailsGitNotCallable	0.026s
PASS: docker_cli_build_test.go:4817: DockerSuite.TestBuildFollowSymlinkToDir	1.790s
PASS: docker_cli_build_test.go:4787: DockerSuite.TestBuildFollowSymlinkToFile	1.955s
PASS: docker_cli_build_test.go:1170: DockerSuite.TestBuildForceRm	1.962s
PASS: docker_cli_build_test.go:3051: DockerSuite.TestBuildFromGit	2.493s
PASS: docker_cli_build_test.go:3070: DockerSuite.TestBuildFromGitWithContext	0.974s
PASS: docker_cli_build_test.go:3089: DockerSuite.TestBuildFromGitWithF	0.956s
PASS: docker_cli_build_test.go:3701: DockerSuite.TestBuildFromMixedcaseDockerfile	1.976s
PASS: docker_cli_build_test.go:3777: DockerSuite.TestBuildFromOfficialNames	0.567s
PASS: docker_cli_build_test.go:3102: DockerSuite.TestBuildFromRemoteTarball	0.395s
PASS: docker_cli_build_test.go:3752: DockerSuite.TestBuildFromStdinWithF	2.967s
PASS: docker_cli_build_test.go:3725: DockerSuite.TestBuildFromURLWithF	2.982s
PASS: docker_cli_build_test.go:234: DockerSuite.TestBuildHandleEscapesInVolume	6.001s
PASS: docker_cli_history_test.go:16: DockerSuite.TestBuildHistory	25.965s
PASS: docker_cli_build_test.go:6157: DockerSuite.TestBuildIidFile	1.963s
PASS: docker_cli_build_test.go:6182: DockerSuite.TestBuildIidFileCleanupOnFail	0.478s
PASS: docker_cli_build_test.go:2206: DockerSuite.TestBuildInheritance	1.470s
PASS: docker_cli_build_test.go:5954: DockerSuite.TestBuildIntermediateTarget	0.262s
PASS: docker_cli_build_test.go:3191: DockerSuite.TestBuildInvalidTag	0.013s
PASS: docker_cli_build_test.go:34: DockerSuite.TestBuildJSONEmptyRun	0.719s
PASS: docker_cli_build_test.go:4923: DockerSuite.TestBuildLabel	1.910s
PASS: docker_cli_build_test.go:4954: DockerSuite.TestBuildLabelCacheCommit	0.978s
PASS: docker_cli_build_test.go:4975: DockerSuite.TestBuildLabelMultiple	1.969s
PASS: docker_cli_build_test.go:4940: DockerSuite.TestBuildLabelOneNode	0.985s
PASS: docker_cli_build_test.go:3373: DockerSuite.TestBuildLabels	1.980s
PASS: docker_cli_build_test.go:3385: DockerSuite.TestBuildLabelsCache	2.060s
PASS: docker_cli_build_test.go:5061: DockerSuite.TestBuildLabelsOverride	11.878s
PASS: docker_cli_build_test.go:391: DockerSuite.TestBuildLastModified	5.517s
PASS: docker_cli_build_test.go:2623: DockerSuite.TestBuildLineBreak	4.359s
PASS: docker_cli_build_test.go:6086: DockerSuite.TestBuildLineErrorOnBuild	0.073s
PASS: docker_cli_build_test.go:6097: DockerSuite.TestBuildLineErrorUnknownInstruction	0.071s
PASS: docker_cli_build_test.go:6128: DockerSuite.TestBuildLineErrorWithComments	0.077s
PASS: docker_cli_build_test.go:6111: DockerSuite.TestBuildLineErrorWithEmptyLines	0.070s
PASS: docker_cli_build_test.go:1267: DockerSuite.TestBuildMaintainer	0.615s
PASS: docker_cli_build_test.go:3891: DockerSuite.TestBuildMissingArgs	1.131s
PASS: docker_cli_build_test.go:444: DockerSuite.TestBuildModifyFileInFolder	2.840s
PASS: docker_cli_build_test.go:5934: DockerSuite.TestBuildMulitStageResetScratch	1.974s
PASS: docker_cli_build_test.go:4637: DockerSuite.TestBuildMultiStageArg	6.015s
PASS: docker_cli_build_test.go:5505: DockerSuite.TestBuildMultiStageCache	1.022s
PASS: docker_cli_build_test.go:5684: DockerSuite.TestBuildMultiStageCopyFromErrors	2.242s
PASS: docker_cli_build_test.go:5626: DockerSuite.TestBuildMultiStageCopyFromSyntax	15.626s
PASS: docker_cli_build_test.go:4661: DockerSuite.TestBuildMultiStageGlobalArg	4.916s
PASS: docker_cli_build_test.go:5764: DockerSuite.TestBuildMultiStageImplicitFrom	1.893s
PASS: docker_cli_build_test.go:5731: DockerSuite.TestBuildMultiStageMultipleBuilds	3.980s
SKIP: docker_cli_build_test.go:5846: DockerSuite.TestBuildMultiStageMultipleBuildsWindows (unmatched requirement DaemonIsWindows)
PASS: docker_cli_build_test.go:5821: DockerSuite.TestBuildMultiStageNameVariants	6.443s
PASS: docker_cli_build_test.go:4686: DockerSuite.TestBuildMultiStageUnusedArg	2.898s
PASS: docker_cli_build_test.go:4747: DockerSuite.TestBuildMultipleTags	0.489s
PASS: docker_cli_build_test.go:5541: DockerSuite.TestBuildNetContainer	1.439s
PASS: docker_cli_build_test.go:5529: DockerSuite.TestBuildNetNone	0.464s
PASS: docker_cli_build_test.go:2053: DockerSuite.TestBuildNoContext	1.356s
PASS: docker_cli_build_test.go:4001: DockerSuite.TestBuildNoDupOutput	1.381s
PASS: docker_cli_build_test.go:4706: DockerSuite.TestBuildNoNamedVolume	1.474s
PASS: docker_cli_build_test.go:3498: DockerSuite.TestBuildNotVerboseFailure	0.311s
PASS: docker_cli_build_test.go:3526: DockerSuite.TestBuildNotVerboseFailureRemote	0.107s
PASS: docker_cli_build_test.go:3477: DockerSuite.TestBuildNotVerboseFailureWithNonExistImage	2.465s
PASS: docker_cli_build_test.go:3426: DockerSuite.TestBuildNotVerboseSuccess	0.282s
PASS: docker_cli_build_test.go:4051: DockerSuite.TestBuildNullStringInAddCopyVolume	2.226s
PASS: docker_cli_build_test.go:2236: DockerSuite.TestBuildOnBuild	2.975s
PASS: docker_api_build_test.go:285: DockerSuite.TestBuildOnBuildCache	2.965s
PASS: docker_cli_build_test.go:337: DockerSuite.TestBuildOnBuildCmdEntrypointJSON	6.485s
PASS: docker_cli_build_test.go:354: DockerSuite.TestBuildOnBuildEntrypointJSON	2.965s
PASS: docker_cli_build_test.go:1733: DockerSuite.TestBuildOnBuildLimitedInheritance	3.520s
PASS: docker_cli_build_test.go:278: DockerSuite.TestBuildOnBuildLowercase	1.898s
PASS: docker_cli_build_test.go:3181: DockerSuite.TestBuildOnBuildOutput	2.980s
PASS: docker_api_build_test.go:260: DockerSuite.TestBuildOnBuildWithCopy	1.111s
PASS: docker_cli_build_test.go:5992: DockerSuite.TestBuildOpaqueDirectory	3.850s
PASS: docker_cli_build_test.go:1483: DockerSuite.TestBuildPATH	7.997s
PASS: docker_cli_build_test.go:4029: DockerSuite.TestBuildRUNErrMsg	0.706s
PASS: docker_cli_build_test.go:3951: DockerSuite.TestBuildRUNoneJSON	1.218s
PASS: docker_cli_build_test.go:1401: DockerSuite.TestBuildRelativeCopy	19.989s
PASS: docker_cli_build_test.go:1294: DockerSuite.TestBuildRelativeWorkdir	6.993s
PASS: docker_cli_build_unix_test.go:27: DockerSuite.TestBuildResourceConstraintsAreUsed	2.466s
PASS: docker_cli_build_test.go:1189: DockerSuite.TestBuildRm	3.464s
PASS: docker_cli_build_test.go:3295: DockerSuite.TestBuildRunShEntrypoint	1.455s
PASS: docker_cli_build_test.go:1751: DockerSuite.TestBuildSameDockerfileWithAndWithoutCache	5.445s
PASS: docker_api_build_test.go:520: DockerSuite.TestBuildScratchCopy	0.956s
PASS: docker_cli_build_test.go:6142: DockerSuite.TestBuildSetCommandWithDefinedShell	2.002s
PASS: docker_cli_build_test.go:41: DockerSuite.TestBuildShCmdJSONEntrypoint	2.497s
PASS: docker_cli_build_test.go:5264: DockerSuite.TestBuildShellEntrypoint	1.958s
PASS: docker_cli_build_test.go:5279: DockerSuite.TestBuildShellInherited	1.425s
PASS: docker_cli_build_test.go:5228: DockerSuite.TestBuildShellMultiple	6.493s
PASS: docker_cli_build_test.go:5292: DockerSuite.TestBuildShellNotJSON	0.088s
PASS: docker_cli_build_test.go:5211: DockerSuite.TestBuildShellUpdatesConfig	0.381s
SKIP: docker_cli_build_test.go:5305: DockerSuite.TestBuildShellWindowsPowershell (unmatched requirement DaemonIsWindows)
PASS: docker_cli_build_test.go:3795: DockerSuite.TestBuildSpaces	0.305s
PASS: docker_cli_build_test.go:3858: DockerSuite.TestBuildSpacesWithQuotes	0.708s
PASS: docker_cli_build_test.go:4018: DockerSuite.TestBuildStartsFromOne	0.074s
PASS: docker_cli_build_test.go:3556: DockerSuite.TestBuildStderr	0.811s
PASS: docker_cli_build_test.go:5360: DockerSuite.TestBuildStepsWithProgress	4.981s
PASS: docker_cli_build_test.go:4071: DockerSuite.TestBuildStopSignal	1.323s
PASS: docker_cli_build_test.go:4851: DockerSuite.TestBuildSymlinkBasename	0.925s
PASS: docker_cli_build_test.go:3598: DockerSuite.TestBuildSymlinkBreakout	1.467s
PASS: docker_cli_build_test.go:4723: DockerSuite.TestBuildTagEvent	0.992s
PASS: docker_cli_build_test.go:4143: DockerSuite.TestBuildTimeArgHistoryExclusions	3.091s
PASS: docker_cli_build_test.go:1280: DockerSuite.TestBuildUser	2.870s
PASS: docker_cli_build_test.go:554: DockerSuite.TestBuildUsernamespaceValidateRemappedRoot	5.992s
PASS: docker_cli_build_test.go:2659: DockerSuite.TestBuildUsersAndGroups	29.971s
PASS: docker_cli_build_test.go:3344: DockerSuite.TestBuildVerboseOut	0.973s
PASS: docker_cli_build_test.go:2281: DockerSuite.TestBuildVerifyIntString	0.992s
PASS: docker_cli_build_test.go:3327: DockerSuite.TestBuildVerifySingleQuoteFails	1.463s
PASS: docker_cli_build_test.go:3878: DockerSuite.TestBuildVolumeFileExistsinContainer	1.494s
PASS: docker_cli_build_test.go:3671: DockerSuite.TestBuildVolumesRetainContents	3.456s
SKIP: docker_cli_build_test.go:1347: DockerSuite.TestBuildWindowsAddCopyPathProcessing (unmatched requirement DaemonIsWindows)
SKIP: docker_cli_build_test.go:6037: DockerSuite.TestBuildWindowsEnvCaseInsensitive (unmatched requirement DaemonIsWindows)
SKIP: docker_cli_build_test.go:6007: DockerSuite.TestBuildWindowsUser (unmatched requirement DaemonIsWindows)
SKIP: docker_cli_build_test.go:1336: DockerSuite.TestBuildWindowsWorkdirProcessing (unmatched requirement DaemonIsWindows)
PASS: docker_cli_build_test.go:5557: DockerSuite.TestBuildWithExtraHost	2.363s
PASS: docker_cli_build_test.go:5573: DockerSuite.TestBuildWithExtraHostInvalidFormat	0.057s
PASS: docker_cli_build_test.go:5371: DockerSuite.TestBuildWithFailure	0.660s
PASS: docker_cli_build_test.go:1049: DockerSuite.TestBuildWithInaccessibleFilesInContext	0.529s
PASS: docker_cli_build_test.go:3358: DockerSuite.TestBuildWithTabs	0.712s
PASS: docker_cli_build_test.go:5184: DockerSuite.TestBuildWithUTF8BOM	0.084s
PASS: docker_cli_build_test.go:5194: DockerSuite.TestBuildWithUTF8BOMDockerignore	3.832s
PASS: docker_cli_build_test.go:2150: DockerSuite.TestBuildWithVolumeOwnership	2.475s
PASS: docker_cli_build_test.go:1232: DockerSuite.TestBuildWithVolumes	4.494s
PASS: docker_cli_build_test.go:6072: DockerSuite.TestBuildWorkdirCmd	1.044s
PASS: docker_cli_build_test.go:6051: DockerSuite.TestBuildWorkdirImageCmd	1.907s
SKIP: docker_cli_build_test.go:4912: DockerSuite.TestBuildWorkdirWindowsPath (unmatched requirement DaemonIsWindows)
PASS: docker_cli_build_test.go:1380: DockerSuite.TestBuildWorkdirWithEnvVariables	4.043s
PASS: docker_cli_build_test.go:3653: DockerSuite.TestBuildXZHost	3.864s
PASS: docker_cli_proxy_test.go:12: DockerSuite.TestCLIProxyDisableProxyUnixSock	0.022s
SKIP: docker_cli_sni_test.go:16: DockerSuite.TestClientSetsTLSServerName (Flakey test)
PASS: docker_cli_run_test.go:3683: DockerSuite.TestCmdCannotBeInvoked	0.434s
PASS: docker_cli_commit_test.go:12: DockerSuite.TestCommitAfterContainerIsDone	1.433s
PASS: docker_cli_commit_test.go:106: DockerSuite.TestCommitChange	1.060s
PASS: docker_cli_commit_test.go:156: DockerSuite.TestCommitChangeLabels	0.889s
PASS: docker_cli_commit_test.go:67: DockerSuite.TestCommitHardlink	1.439s
PASS: docker_cli_commit_test.go:56: DockerSuite.TestCommitNewFile	1.957s
PASS: docker_cli_commit_test.go:42: DockerSuite.TestCommitPausedContainer	0.475s
PASS: docker_cli_commit_test.go:87: DockerSuite.TestCommitTTY	1.228s
PASS: docker_cli_images_test.go:103: DockerSuite.TestCommitWithFilterLabel	1.440s
PASS: docker_cli_commit_test.go:96: DockerSuite.TestCommitWithHostBindMount	1.435s
PASS: docker_cli_commit_test.go:26: DockerSuite.TestCommitWithoutPause	1.457s
PASS: docker_cli_netmode_test.go:55: DockerSuite.TestConflictContainerNetworkAndLinks	0.023s
PASS: docker_cli_netmode_test.go:62: DockerSuite.TestConflictContainerNetworkHostAndLinks	0.014s
PASS: docker_cli_netmode_test.go:76: DockerSuite.TestConflictNetworkModeAndOptions	0.080s
PASS: docker_cli_netmode_test.go:69: DockerSuite.TestConflictNetworkModeNetHostAndOptions	0.012s
PASS: docker_api_containers_test.go:543: DockerSuite.TestContainerAPIBadPort	0.003s
PASS: docker_api_containers_test.go:1289: DockerSuite.TestContainerAPIChunkedEncoding	0.031s
PASS: docker_api_containers_test.go:489: DockerSuite.TestContainerAPICommit	1.220s
PASS: docker_api_containers_test.go:511: DockerSuite.TestContainerAPICommitWithLabelInConfig	1.967s
PASS: docker_api_containers_test.go:1155: DockerSuite.TestContainerAPICopyContainerNotFoundPr124	0.001s
PASS: docker_api_containers_test.go:1070: DockerSuite.TestContainerAPICopyNotExistsAnyMore	0.521s
PASS: docker_api_containers_test.go:1083: DockerSuite.TestContainerAPICopyPre124	0.567s
PASS: docker_api_containers_test.go:1113: DockerSuite.TestContainerAPICopyResourcePathEmptyPre124	0.504s
PASS: docker_api_containers_test.go:1134: DockerSuite.TestContainerAPICopyResourcePathNotFoundPre124	0.576s
PASS: docker_api_containers_test.go:570: DockerSuite.TestContainerAPICreate	0.501s
PASS: docker_api_containers_test.go:649: DockerSuite.TestContainerAPICreateBridgeNetworkMode	0.042s
PASS: docker_api_containers_test.go:587: DockerSuite.TestContainerAPICreateEmptyConfig	0.003s
PASS: docker_api_containers_test.go:1949: DockerSuite.TestContainerAPICreateMountsBindRead	0.489s
PASS: docker_api_containers_test.go:599: DockerSuite.TestContainerAPICreateMultipleNetworksConfig	0.003s
PASS: docker_api_containers_test.go:1409: DockerSuite.TestContainerAPICreateNoHostConfig118	0.039s
PASS: docker_api_containers_test.go:655: DockerSuite.TestContainerAPICreateOtherNetworkModes	0.070s
PASS: docker_api_containers_test.go:684: DockerSuite.TestContainerAPICreateWithCpuSharesCpuset	0.060s
PASS: docker_api_containers_test.go:626: DockerSuite.TestContainerAPICreateWithHostName	0.035s
PASS: docker_api_containers_test.go:1166: DockerSuite.TestContainerAPIDelete	0.558s
PASS: docker_api_containers_test.go:1239: DockerSuite.TestContainerAPIDeleteConflict	0.347s
PASS: docker_api_containers_test.go:1191: DockerSuite.TestContainerAPIDeleteForce	0.542s
PASS: docker_api_containers_test.go:1182: DockerSuite.TestContainerAPIDeleteNotExist	0.001s
PASS: docker_api_containers_test.go:1208: DockerSuite.TestContainerAPIDeleteRemoveLinks	0.804s
PASS: docker_api_containers_test.go:1254: DockerSuite.TestContainerAPIDeleteRemoveVolume	0.566s
PASS: docker_api_containers_test.go:1648: DockerSuite.TestContainerAPIDeleteWithEmptyName	0.001s
PASS: docker_api_containers_test.go:41: DockerSuite.TestContainerAPIGetAll	0.510s
PASS: docker_api_containers_test.go:167: DockerSuite.TestContainerAPIGetChanges	0.527s
PASS: docker_api_containers_test.go:140: DockerSuite.TestContainerAPIGetExport	0.501s
PASS: docker_api_containers_test.go:61: DockerSuite.TestContainerAPIGetJSONNoFieldsOmitted	0.524s
PASS: docker_api_containers_test.go:756: DockerSuite.TestContainerAPIInvalidPortSyntax	0.002s
PASS: docker_api_containers_test.go:957: DockerSuite.TestContainerAPIKill	0.546s
PASS: docker_api_containers_test.go:404: DockerSuite.TestContainerAPIPause	0.388s
PASS: docker_api_containers_test.go:1309: DockerSuite.TestContainerAPIPostContainerStop	0.583s
PASS: docker_api_containers_test.go:872: DockerSuite.TestContainerAPIPostCreateNull	0.075s
PASS: docker_api_containers_test.go:107: DockerSuite.TestContainerAPIPsOmitFields	0.341s
PASS: docker_api_containers_test.go:940: DockerSuite.TestContainerAPIRename	0.369s
PASS: docker_api_containers_test.go:972: DockerSuite.TestContainerAPIRestart	0.861s
PASS: docker_api_containers_test.go:986: DockerSuite.TestContainerAPIRestartNotimeoutParam	0.933s
PASS: docker_api_containers_test.go:854: DockerSuite.TestContainerAPIRestartPolicyDefaultRetryCount	0.033s
PASS: docker_api_containers_test.go:782: DockerSuite.TestContainerAPIRestartPolicyInvalidPolicyName	0.002s
PASS: docker_api_containers_test.go:830: DockerSuite.TestContainerAPIRestartPolicyNegativeRetryCount	0.002s
PASS: docker_api_containers_test.go:806: DockerSuite.TestContainerAPIRestartPolicyRetryMismatch	0.002s
PASS: docker_api_containers_test.go:1002: DockerSuite.TestContainerAPIStart	0.332s
PASS: docker_api_containers_test.go:1657: DockerSuite.TestContainerAPIStatsWithNetworkDisabled	4.352s
PASS: docker_api_containers_test.go:1028: DockerSuite.TestContainerAPIStop	0.549s
PASS: docker_api_containers_test.go:435: DockerSuite.TestContainerAPITop	0.375s
SKIP: docker_api_containers_test.go:458: DockerSuite.TestContainerAPITopWindows (unmatched requirement DaemonIsWindows)
PASS: docker_api_containers_test.go:715: DockerSuite.TestContainerAPIVerifyHeader	0.032s
PASS: docker_api_containers_test.go:1047: DockerSuite.TestContainerAPIWait	2.512s
PASS: docker_api_containers_test.go:2245: DockerSuite.TestContainerKillCustomStopSignal	0.537s
PASS: docker_cli_run_test.go:2410: DockerSuite.TestContainerNetworkMode	0.685s
PASS: docker_cli_run_test.go:3531: DockerSuite.TestContainerRestartInMultipleNetworks	2.299s
PASS: docker_cli_run_test.go:3563: DockerSuite.TestContainerWithConflictingHostNetworks	0.299s
PASS: docker_cli_run_test.go:3594: DockerSuite.TestContainerWithConflictingNoneNetwork	0.752s
PASS: docker_cli_run_test.go:3577: DockerSuite.TestContainerWithConflictingSharedNetwork	0.630s
PASS: docker_api_containers_test.go:1980: DockerSuite.TestContainersAPICreateMountsCreate	20.651s
PASS: docker_api_containers_test.go:2195: DockerSuite.TestContainersAPICreateMountsTmpfs	1.002s

----------------------------------------------------------------------
FAIL: docker_api_containers_test.go:1706: DockerSuite.TestContainersAPICreateMountsValidation

case 0
case 1
case 2
case 3
case 4
case 5
case 6
case 7
case 8
case 9
docker_api_containers_test.go:1942:
    c.Assert(err.Error(), checker.Contains, x.msg, check.Commentf("%v", cases[i].config))
... obtained string = "Error response from daemon: create missing-device-opt: missing required option: device"
... substring string = "missing required option: \"device\""
... {   false false false map[] false false false [] [] <nil> false busybox map[]  [] false  [] map[]  <nil> []}


----------------------------------------------------------------------
PASS: docker_cli_run_test.go:3467: DockerSuite.TestContainersInMultipleNetworks	1.205s
PASS: docker_cli_run_test.go:3459: DockerSuite.TestContainersInUserDefinedNetwork	0.972s
PASS: docker_cli_run_test.go:3486: DockerSuite.TestContainersNetworkIsolation	1.343s
PASS: docker_cli_cp_test.go:582: DockerSuite.TestCopyAndRestart	1.033s
PASS: docker_cli_cp_test.go:603: DockerSuite.TestCopyCreatedContainer	0.090s
PASS: docker_cli_cp_test.go:128: DockerSuite.TestCpAbsolutePath	0.559s
PASS: docker_cli_cp_test.go:171: DockerSuite.TestCpAbsoluteSymlink	0.559s
PASS: docker_cli_cp_to_container_unix_test.go:41: DockerSuite.TestCpCheckDestOwnership	0.731s
PASS: docker_cli_cp_from_container_test.go:119: DockerSuite.TestCpFromCaseA	0.568s
PASS: docker_cli_cp_from_container_test.go:139: DockerSuite.TestCpFromCaseB	0.549s
PASS: docker_cli_cp_from_container_test.go:157: DockerSuite.TestCpFromCaseC	0.588s
PASS: docker_cli_cp_from_container_test.go:182: DockerSuite.TestCpFromCaseD	0.628s
PASS: docker_cli_cp_from_container_test.go:222: DockerSuite.TestCpFromCaseE	0.599s
PASS: docker_cli_cp_from_container_test.go:251: DockerSuite.TestCpFromCaseF	0.573s
PASS: docker_cli_cp_from_container_test.go:274: DockerSuite.TestCpFromCaseG	0.614s
PASS: docker_cli_cp_from_container_test.go:313: DockerSuite.TestCpFromCaseH	0.643s
PASS: docker_cli_cp_from_container_test.go:343: DockerSuite.TestCpFromCaseI	0.573s
PASS: docker_cli_cp_from_container_test.go:367: DockerSuite.TestCpFromCaseJ	0.630s
PASS: docker_cli_cp_from_container_test.go:24: DockerSuite.TestCpFromSymlinkDestination	0.775s
PASS: docker_cli_cp_test.go:209: DockerSuite.TestCpFromSymlinkToDirectory	0.635s
PASS: docker_cli_cp_test.go:38: DockerSuite.TestCpGarbagePath	0.567s
PASS: docker_cli_cp_test.go:29: DockerSuite.TestCpLocalOnly	0.013s
PASS: docker_cli_cp_test.go:562: DockerSuite.TestCpNameHasColon	0.544s
PASS: docker_cli_cp_test.go:80: DockerSuite.TestCpRelativePath	0.589s
PASS: docker_cli_cp_test.go:405: DockerSuite.TestCpSpecialFiles	0.674s
PASS: docker_cli_cp_test.go:337: DockerSuite.TestCpSymlinkComponent	0.557s
PASS: docker_cli_cp_test.go:616: DockerSuite.TestCpSymlinkFromConToHostFollowSymlink	0.728s
PASS: docker_cli_cp_to_container_test.go:123: DockerSuite.TestCpToCaseA	1.207s
PASS: docker_cli_cp_to_container_test.go:144: DockerSuite.TestCpToCaseB	0.580s
PASS: docker_cli_cp_to_container_test.go:165: DockerSuite.TestCpToCaseC	1.664s
PASS: docker_cli_cp_to_container_test.go:192: DockerSuite.TestCpToCaseD	3.359s
PASS: docker_cli_cp_to_container_test.go:238: DockerSuite.TestCpToCaseE	2.237s
PASS: docker_cli_cp_to_container_test.go:273: DockerSuite.TestCpToCaseF	0.571s
PASS: docker_cli_cp_to_container_test.go:296: DockerSuite.TestCpToCaseG	3.264s
PASS: docker_cli_cp_to_container_test.go:342: DockerSuite.TestCpToCaseH	2.294s
PASS: docker_cli_cp_to_container_test.go:378: DockerSuite.TestCpToCaseI	0.565s
PASS: docker_cli_cp_to_container_test.go:402: DockerSuite.TestCpToCaseJ	3.317s
PASS: docker_cli_cp_to_container_unix_test.go:17: DockerSuite.TestCpToContainerWithPermissions	4.817s
PASS: docker_cli_cp_test.go:521: DockerSuite.TestCpToDot	0.585s
PASS: docker_cli_cp_to_container_test.go:445: DockerSuite.TestCpToErrReadOnlyRootfs	1.038s
PASS: docker_cli_cp_to_container_test.go:472: DockerSuite.TestCpToErrReadOnlyVolume	1.206s
PASS: docker_cli_cp_test.go:543: DockerSuite.TestCpToStdout	0.561s
PASS: docker_cli_cp_to_container_test.go:22: DockerSuite.TestCpToSymlinkDestination	2.640s
PASS: docker_cli_cp_test.go:257: DockerSuite.TestCpToSymlinkToDirectory	0.262s
PASS: docker_cli_cp_test.go:381: DockerSuite.TestCpUnprivilegedUser	0.577s
PASS: docker_cli_cp_test.go:452: DockerSuite.TestCpVolumePath	1.011s
PASS: docker_cli_create_test.go:327: DockerSuite.TestCreate64ByteHexID	0.059s
PASS: docker_cli_create_test.go:21: DockerSuite.TestCreateArgs	0.059s
PASS: docker_cli_create_test.go:260: DockerSuite.TestCreateByImageID	1.783s
PASS: docker_cli_create_test.go:163: DockerSuite.TestCreateEchoStdout	0.510s
SKIP: docker_cli_create_test.go:59: DockerSuite.TestCreateGrowRootfs (unmatched requirement Devicemapper)
PASS: docker_cli_create_test.go:83: DockerSuite.TestCreateHostConfig	0.063s
PASS: docker_cli_create_test.go:222: DockerSuite.TestCreateHostnameWithNumber	0.520s
PASS: docker_cli_create_test.go:205: DockerSuite.TestCreateLabelFromImage	0.754s
PASS: docker_cli_create_test.go:192: DockerSuite.TestCreateLabels	0.061s
PASS: docker_cli_create_test.go:250: DockerSuite.TestCreateModeIpcContainer	0.095s
PASS: docker_cli_create_test.go:233: DockerSuite.TestCreateRM	0.146s
SKIP: docker_cli_create_test.go:73: DockerSuite.TestCreateShrinkRootfs (unmatched requirement Devicemapper)
PASS: docker_cli_create_test.go:293: DockerSuite.TestCreateStopSignal	0.059s
PASS: docker_cli_create_test.go:362: DockerSuite.TestCreateStopTimeout	0.119s
PASS: docker_cli_create_test.go:335: DockerSuite.TestCreateUnsetEntrypoint	3.789s
PASS: docker_cli_create_test.go:173: DockerSuite.TestCreateVolumesCreated	0.064s
PASS: docker_cli_create_test.go:316: DockerSuite.TestCreateWithInvalidLogOpts	0.035s
PASS: docker_cli_create_test.go:134: DockerSuite.TestCreateWithLargePortRange	2.653s
PASS: docker_cli_create_test.go:105: DockerSuite.TestCreateWithPortRange	0.074s
PASS: docker_api_containers_test.go:916: DockerSuite.TestCreateWithTooLowMemoryLimit	0.003s
PASS: docker_cli_create_test.go:302: DockerSuite.TestCreateWithWorkdir	0.060s
PASS: docker_deprecated_api_v124_test.go:70: DockerSuite.TestDeprecatedContainerAPIStartDupVolumeBinds	0.033s
PASS: docker_deprecated_api_v124_test.go:20: DockerSuite.TestDeprecatedContainerAPIStartHostConfig	0.048s
PASS: docker_deprecated_api_v124_test.go:39: DockerSuite.TestDeprecatedContainerAPIStartVolumeBinds	0.356s
PASS: docker_deprecated_api_v124_test.go:103: DockerSuite.TestDeprecatedContainerAPIStartVolumesFrom	0.888s
PASS: docker_deprecated_api_v124_test.go:136: DockerSuite.TestDeprecatedPostContainerBindNormalVolume	0.427s
PASS: docker_deprecated_api_v124_test.go:198: DockerSuite.TestDeprecatedPostContainersStartWithLinksInHostConfig	0.713s
PASS: docker_deprecated_api_v124_test.go:216: DockerSuite.TestDeprecatedPostContainersStartWithLinksInHostConfigIdLinked	1.110s
PASS: docker_deprecated_api_v124_test.go:181: DockerSuite.TestDeprecatedPostContainersStartWithoutLinksInHostConfig	0.372s
PASS: docker_deprecated_api_v124_test.go:235: DockerSuite.TestDeprecatedStartWithNilDNS	0.371s
PASS: docker_deprecated_api_v124_test.go:156: DockerSuite.TestDeprecatedStartWithTooLowMemoryLimit	0.063s
PASS: docker_cli_run_test.go:2995: DockerSuite.TestDevicePermissions	0.495s
PASS: docker_cli_run_test.go:3706: DockerSuite.TestDockerFails	0.021s
PASS: docker_cli_network_unix_test.go:449: DockerSuite.TestDockerInspectMultipleNetwork	0.019s
PASS: docker_cli_network_unix_test.go:459: DockerSuite.TestDockerInspectMultipleNetworksIncludingNonexistent	0.038s
PASS: docker_cli_network_unix_test.go:498: DockerSuite.TestDockerInspectNetworkWithContainerName	0.759s
PASS: docker_cli_network_unix_test.go:1622: DockerSuite.TestDockerNetworkConnectFailsNoInspectChange	0.570s
PASS: docker_cli_network_unix_test.go:403: DockerSuite.TestDockerNetworkDeleteMultiple	0.723s
PASS: docker_cli_network_unix_test.go:398: DockerSuite.TestDockerNetworkDeleteNotExists	0.014s
PASS: docker_cli_network_unix_test.go:427: DockerSuite.TestDockerNetworkInspect	0.024s
PASS: docker_cli_network_unix_test.go:438: DockerSuite.TestDockerNetworkInspectWithID	0.079s
PASS: docker_cli_network_unix_test.go:1637: DockerSuite.TestDockerNetworkInternalMode	5.076s
PASS: docker_cli_volume_test.go:490: DockerSuite.TestDuplicateMountpointsForVolumesFrom	1.919s
PASS: docker_cli_volume_test.go:532: DockerSuite.TestDuplicateMountpointsForVolumesFromAndBind	2.021s
PASS: docker_cli_volume_test.go:576: DockerSuite.TestDuplicateMountpointsForVolumesFromAndMounts	1.505s
PASS: docker_cli_network_unix_test.go:1614: DockerSuite.TestEmbeddedDNSInvalidInput	1.411s
PASS: docker_cli_events_test.go:479: DockerSuite.TestEventsAttach	0.594s
PASS: docker_cli_events_test.go:410: DockerSuite.TestEventsCommit	1.580s
PASS: docker_cli_events_test.go:84: DockerSuite.TestEventsContainerEvents	0.541s
PASS: docker_cli_events_test.go:103: DockerSuite.TestEventsContainerEventsAttrSort	0.532s
PASS: docker_cli_events_test.go:126: DockerSuite.TestEventsContainerEventsSinceUnixEpoch	0.529s
PASS: docker_cli_events_unix_test.go:143: DockerSuite.TestEventsContainerFilterBeforeCreate	1.350s
PASS: docker_cli_events_unix_test.go:129: DockerSuite.TestEventsContainerFilterByName	0.716s
PASS: docker_cli_events_test.go:659: DockerSuite.TestEventsContainerRestart	2.275s
PASS: docker_cli_events_unix_test.go:223: DockerSuite.TestEventsContainerWithMultiNetwork	1.807s
PASS: docker_cli_events_test.go:427: DockerSuite.TestEventsCopy	1.319s
PASS: docker_cli_events_test.go:372: DockerSuite.TestEventsFilterContainer	1.094s
PASS: docker_cli_events_test.go:649: DockerSuite.TestEventsFilterImageInContainerAction	0.371s
PASS: docker_cli_events_test.go:342: DockerSuite.TestEventsFilterImageLabels	1.175s
PASS: docker_cli_events_test.go:287: DockerSuite.TestEventsFilterImageName	0.697s
PASS: docker_cli_events_test.go:316: DockerSuite.TestEventsFilterLabels	0.750s
PASS: docker_cli_events_unix_test.go:377: DockerSuite.TestEventsFilterNetworkID	0.071s
PASS: docker_cli_events_test.go:565: DockerSuite.TestEventsFilterType	1.030s
PASS: docker_cli_events_unix_test.go:344: DockerSuite.TestEventsFilterVolumeAndNetworkType	0.069s
PASS: docker_cli_events_unix_test.go:363: DockerSuite.TestEventsFilterVolumeID	0.026s
PASS: docker_cli_events_test.go:271: DockerSuite.TestEventsFilters	1.071s
PASS: docker_cli_events_test.go:728: DockerSuite.TestEventsFormat	1.031s
PASS: docker_cli_events_test.go:761: DockerSuite.TestEventsFormatBadField	0.011s
PASS: docker_cli_events_test.go:751: DockerSuite.TestEventsFormatBadFunc	0.013s
PASS: docker_cli_events_test.go:183: DockerSuite.TestEventsImageImport	0.534s
PASS: docker_cli_events_test.go:207: DockerSuite.TestEventsImageLoad	0.219s
PASS: docker_cli_events_test.go:164: DockerSuite.TestEventsImagePull	1.752s
PASS: docker_cli_events_test.go:146: DockerSuite.TestEventsImageTag	1.030s
PASS: docker_cli_events_unix_test.go:305: DockerSuite.TestEventsImageUntagDelete	0.925s
SKIP: docker_cli_events_unix_test.go:51: DockerSuite.TestEventsOOMDisableFalse (unmatched requirement swapMemorySupport)
SKIP: docker_cli_events_unix_test.go:81: DockerSuite.TestEventsOOMDisableTrue (unmatched requirement swapMemorySupport)
PASS: docker_cli_events_test.go:246: DockerSuite.TestEventsPluginOps	4.312s
PASS: docker_cli_events_unix_test.go:24: DockerSuite.TestEventsRedirectStdout	0.518s
PASS: docker_cli_events_test.go:517: DockerSuite.TestEventsRename	0.589s
PASS: docker_cli_events_test.go:456: DockerSuite.TestEventsResize	0.553s
PASS: docker_cli_events_test.go:699: DockerSuite.TestEventsSinceInTheFuture	0.400s
PASS: docker_cli_events_test.go:619: DockerSuite.TestEventsSpecialFiltersWithExecCreate	0.485s
PASS: docker_cli_events_unix_test.go:251: DockerSuite.TestEventsStreaming	0.549s
PASS: docker_cli_events_test.go:26: DockerSuite.TestEventsTimestampFormats	2.770s
PASS: docker_cli_events_test.go:528: DockerSuite.TestEventsTop	0.561s
PASS: docker_cli_events_test.go:61: DockerSuite.TestEventsUntag	2.577s
PASS: docker_cli_events_test.go:711: DockerSuite.TestEventsUntilInThePast	0.861s
PASS: docker_cli_exec_test.go:28: DockerSuite.TestExec	0.448s
PASS: docker_api_exec_test.go:66: DockerSuite.TestExecAPICreateContainerPaused	0.354s
PASS: docker_api_exec_test.go:25: DockerSuite.TestExecAPICreateNoCmd	0.341s
PASS: docker_api_exec_test.go:43: DockerSuite.TestExecAPICreateNoValidContentType	0.341s
PASS: docker_api_exec_test.go:87: DockerSuite.TestExecAPIStart	1.095s
PASS: docker_api_exec_test.go:124: DockerSuite.TestExecAPIStartBackwardsCompatible	0.403s
PASS: docker_api_exec_test.go:114: DockerSuite.TestExecAPIStartEnsureHeaders	0.414s
PASS: docker_api_exec_test.go:196: DockerSuite.TestExecAPIStartInvalidCommand	0.422s
PASS: docker_api_exec_test.go:139: DockerSuite.TestExecAPIStartMultipleTimesError	0.443s
PASS: docker_api_exec_test.go:180: DockerSuite.TestExecAPIStartValidCommand	0.432s
PASS: docker_api_exec_test.go:149: DockerSuite.TestExecAPIStartWithDetach	0.425s
PASS: docker_cli_exec_test.go:75: DockerSuite.TestExecAfterContainerRestart	0.976s
PASS: docker_cli_exec_test.go:256: DockerSuite.TestExecCgroup	0.983s
PASS: docker_cli_exec_test.go:108: DockerSuite.TestExecEnv	0.437s
PASS: docker_cli_exec_test.go:537: DockerSuite.TestExecEnvLinksHost	0.831s
PASS: docker_cli_exec_test.go:134: DockerSuite.TestExecExitStatus	0.449s
PASS: docker_cli_exec_test.go:309: DockerSuite.TestExecInspectID	2.660s
PASS: docker_cli_exec_test.go:39: DockerSuite.TestExecInteractive	0.464s
PASS: docker_cli_exec_unix_test.go:18: DockerSuite.TestExecInteractiveStdinClose	0.422s
PASS: docker_cli_exec_test.go:493: DockerSuite.TestExecOnReadonlyContainer	0.463s
PASS: docker_cli_exec_test.go:214: DockerSuite.TestExecParseError	0.369s
PASS: docker_cli_exec_test.go:141: DockerSuite.TestExecPausedContainer	0.367s
PASS: docker_api_exec_resize_test.go:18: DockerSuite.TestExecResizeAPIHeightWidthNoInt	0.329s
PASS: docker_api_exec_resize_test.go:34: DockerSuite.TestExecResizeImmediatelyAfterExecStart	1.253s
PASS: docker_cli_exec_test.go:123: DockerSuite.TestExecSetEnv	0.451s
PASS: docker_cli_exec_test.go:513: DockerSuite.TestExecStartFails	0.467s
PASS: docker_api_exec_test.go:214: DockerSuite.TestExecStateCleanup	10.820s
PASS: docker_cli_exec_test.go:228: DockerSuite.TestExecStopNotHanging	0.548s
PASS: docker_cli_exec_unix_test.go:47: DockerSuite.TestExecTTY	0.456s
PASS: docker_cli_exec_test.go:156: DockerSuite.TestExecTTYCloseStdin	0.469s
PASS: docker_cli_exec_test.go:177: DockerSuite.TestExecTTYWithoutStdin	0.351s
PASS: docker_cli_exec_test.go:501: DockerSuite.TestExecUlimits	0.439s
SKIP: docker_cli_exec_test.go:546: DockerSuite.TestExecWindowsOpenHandles (unmatched requirement DaemonIsWindows)
SKIP: docker_cli_exec_test.go:527: DockerSuite.TestExecWindowsPathNotWiped (unmatched requirement DaemonIsWindows)
PASS: docker_cli_exec_test.go:480: DockerSuite.TestExecWithImageUser	2.541s
PASS: docker_cli_exec_unix_test.go:89: DockerSuite.TestExecWithNoTERM	0.442s
PASS: docker_cli_exec_test.go:449: DockerSuite.TestExecWithPrivileged	0.749s
PASS: docker_cli_exec_unix_test.go:77: DockerSuite.TestExecWithTERM	0.450s
PASS: docker_cli_exec_test.go:436: DockerSuite.TestExecWithUser	0.548s
PASS: docker_api_containers_test.go:190: DockerSuite.TestGetContainerStats	4.536s
PASS: docker_api_containers_test.go:338: DockerSuite.TestGetContainerStatsNoStream	4.518s
PASS: docker_api_containers_test.go:230: DockerSuite.TestGetContainerStatsRmRunning	2.221s
PASS: docker_api_containers_test.go:297: DockerSuite.TestGetContainerStatsStream	4.545s
PASS: docker_api_attach_test.go:25: DockerSuite.TestGetContainersAttachWebsocket	0.334s
PASS: docker_api_attach_test.go:89: DockerSuite.TestGetContainersWsAttachContainerNotFound	0.001s
PASS: docker_api_containers_test.go:378: DockerSuite.TestGetStoppedContainerStats	0.056s
PASS: docker_cli_health_test.go:39: DockerSuite.TestHealth	22.791s
PASS: docker_cli_history_test.go:58: DockerSuite.TestHistoryExistentImage	0.013s
PASS: docker_cli_history_test.go:86: DockerSuite.TestHistoryHumanOptionFalse	0.013s
PASS: docker_cli_history_test.go:104: DockerSuite.TestHistoryHumanOptionTrue	0.012s
PASS: docker_cli_history_test.go:67: DockerSuite.TestHistoryImageWithComment	0.875s
PASS: docker_cli_history_test.go:62: DockerSuite.TestHistoryNonExistentImage	0.012s
PASS: docker_cli_images_test.go:225: DockerSuite.TestImagesEnsureDanglingImageOnlyListedOnce	0.990s
PASS: docker_cli_images_test.go:20: DockerSuite.TestImagesEnsureImageIsListed	0.021s
PASS: docker_cli_images_test.go:44: DockerSuite.TestImagesEnsureImageWithBadTagIsNotListed	0.017s
PASS: docker_cli_images_test.go:25: DockerSuite.TestImagesEnsureImageWithTagIsListed	0.082s
PASS: docker_cli_images_test.go:299: DockerSuite.TestImagesEnsureImagesFromBusyboxShown	0.776s
PASS: docker_cli_images_test.go:282: DockerSuite.TestImagesEnsureImagesFromScratchShown	0.973s
PASS: docker_cli_images_test.go:259: DockerSuite.TestImagesEnsureOnlyHeadsImagesShown	1.988s
PASS: docker_cli_images_test.go:69: DockerSuite.TestImagesErrorWithInvalidFilterNameTest	0.012s
PASS: docker_cli_images_test.go:75: DockerSuite.TestImagesFilterLabelMatch	2.966s
PASS: docker_cli_images_test.go:314: DockerSuite.TestImagesFilterNameWithPort	0.062s
PASS: docker_cli_images_test.go:115: DockerSuite.TestImagesFilterSinceAndBefore	2.987s
PASS: docker_cli_images_test.go:185: DockerSuite.TestImagesFilterSpaceTrimCase	0.627s
PASS: docker_cli_images_test.go:327: DockerSuite.TestImagesFormat	0.054s
PASS: docker_cli_images_test.go:343: DockerSuite.TestImagesFormatDefaultFormat	1.116s
PASS: docker_cli_images_test.go:49: DockerSuite.TestImagesOrderedByCreationDate	5.002s
PASS: docker_cli_images_test.go:253: DockerSuite.TestImagesWithIncorrectFilter	0.013s
PASS: docker_cli_import_test.go:36: DockerSuite.TestImportBadURL	0.058s
PASS: docker_cli_import_test.go:18: DockerSuite.TestImportDisplay	1.051s
PASS: docker_cli_import_test.go:47: DockerSuite.TestImportFile	1.196s
PASS: docker_cli_import_test.go:122: DockerSuite.TestImportFileNonExistentFile	0.013s
PASS: docker_cli_import_test.go:91: DockerSuite.TestImportFileWithMessage	1.157s
PASS: docker_cli_import_test.go:68: DockerSuite.TestImportGzipped	1.239s
PASS: docker_cli_import_test.go:127: DockerSuite.TestImportWithQuotedChanges	1.164s
PASS: docker_cli_info_test.go:177: DockerSuite.TestInfoDebug	0.532s
PASS: docker_cli_info_test.go:106: DockerSuite.TestInfoDiscoveryAdvertiseInterfaceName	0.932s
PASS: docker_cli_info_test.go:72: DockerSuite.TestInfoDiscoveryBackend	0.540s
PASS: docker_cli_info_test.go:89: DockerSuite.TestInfoDiscoveryInvalidAdvertise	0.096s
PASS: docker_cli_info_test.go:143: DockerSuite.TestInfoDisplaysPausedContainers	0.420s
PASS: docker_cli_info_test.go:130: DockerSuite.TestInfoDisplaysRunningContainers	0.370s
PASS: docker_cli_info_test.go:160: DockerSuite.TestInfoDisplaysStoppedContainers	0.593s
PASS: docker_cli_info_test.go:16: DockerSuite.TestInfoEnsureSucceeds	0.021s
PASS: docker_cli_info_test.go:60: DockerSuite.TestInfoFormat	0.039s
PASS: docker_cli_info_unix_test.go:10: DockerSuite.TestInfoSecurityOptions	0.020s
PASS: docker_cli_info_test.go:195: DockerSuite.TestInsecureRegistries	0.533s
PASS: docker_api_inspect_test.go:147: DockerSuite.TestInspectAPIBridgeNetworkSettings120	0.335s
PASS: docker_api_inspect_test.go:164: DockerSuite.TestInspectAPIBridgeNetworkSettings121	0.362s
PASS: docker_api_inspect_test.go:17: DockerSuite.TestInspectAPIContainerResponse	0.335s
PASS: docker_api_inspect_test.go:84: DockerSuite.TestInspectAPIContainerVolumeDriver	0.353s
PASS: docker_api_inspect_test.go:61: DockerSuite.TestInspectAPIContainerVolumeDriverLegacy	0.356s
PASS: docker_api_inspect_test.go:123: DockerSuite.TestInspectAPIEmptyFieldsInConfigPre121	0.345s
PASS: docker_api_inspect_test.go:108: DockerSuite.TestInspectAPIImageResponse	0.019s
PASS: docker_cli_network_unix_test.go:1035: DockerSuite.TestInspectAPIMultipleNetworks	0.593s
PASS: docker_cli_inspect_test.go:413: DockerSuite.TestInspectAmpersand	0.514s
PASS: docker_cli_inspect_test.go:206: DockerSuite.TestInspectBindMountPoint	0.374s
PASS: docker_cli_inspect_test.go:341: DockerSuite.TestInspectByPrefix	0.040s
PASS: docker_cli_inspect_test.go:141: DockerSuite.TestInspectContainerFilterInt	0.381s
SKIP: docker_cli_inspect_test.go:181: DockerSuite.TestInspectContainerGraphDriver (unmatched requirement Devicemapper)
PASS: docker_cli_inspect_test.go:391: DockerSuite.TestInspectContainerNetworkCustom	0.443s
PASS: docker_cli_inspect_test.go:379: DockerSuite.TestInspectContainerNetworkDefault	0.362s
PASS: docker_cli_inspect_test.go:44: DockerSuite.TestInspectDefault	0.367s
PASS: docker_cli_inspect_test.go:371: DockerSuite.TestInspectHistory	1.216s
PASS: docker_cli_inspect_test.go:24: DockerSuite.TestInspectImage	0.014s
PASS: docker_cli_inspect_test.go:125: DockerSuite.TestInspectImageFilterInt	0.024s
SKIP: docker_cli_inspect_test.go:163: DockerSuite.TestInspectImageGraphDriver (unmatched requirement Devicemapper)
PASS: docker_cli_inspect_test.go:38: DockerSuite.TestInspectInt64	0.363s
PASS: docker_cli_inspect_test.go:333: DockerSuite.TestInspectJSONFields	0.399s
PASS: docker_cli_inspect_test.go:283: DockerSuite.TestInspectLogConfigNoType	0.065s
PASS: docker_cli_inspect_test.go:238: DockerSuite.TestInspectNamedMountPoint	0.356s
PASS: docker_cli_inspect_test.go:296: DockerSuite.TestInspectNoSizeFlagContainer	0.345s
PASS: docker_cli_inspect_test.go:423: DockerSuite.TestInspectPlugin	4.419s
PASS: docker_cli_inspect_test.go:402: DockerSuite.TestInspectRootFS	0.014s
PASS: docker_cli_inspect_test.go:308: DockerSuite.TestInspectSizeFlagContainer	0.349s
PASS: docker_cli_inspect_test.go:55: DockerSuite.TestInspectStatus	0.652s
PASS: docker_cli_inspect_test.go:352: DockerSuite.TestInspectStopWhenNotFound	0.697s
PASS: docker_cli_inspect_test.go:319: DockerSuite.TestInspectTemplateError	0.362s
PASS: docker_cli_inspect_test.go:262: DockerSuite.TestInspectTimesAsRFC3339Nano	0.546s
PASS: docker_cli_inspect_test.go:80: DockerSuite.TestInspectTypeFlagContainer	0.354s
PASS: docker_cli_inspect_test.go:102: DockerSuite.TestInspectTypeFlagWithImage	0.348s
PASS: docker_cli_inspect_test.go:113: DockerSuite.TestInspectTypeFlagWithInvalidValue	0.443s
PASS: docker_cli_inspect_test.go:90: DockerSuite.TestInspectTypeFlagWithNoContainer	0.355s
PASS: docker_cli_inspect_test.go:454: DockerSuite.TestInspectUnknownObject	0.027s
PASS: docker_cli_run_unix_test.go:1157: DockerSuite.TestLegacyRunNoNewPrivSetuid	5.217s
PASS: docker_cli_links_test.go:200: DockerSuite.TestLinkShortDefinition	0.721s
PASS: docker_cli_links_test.go:191: DockerSuite.TestLinksEnvs	0.827s
PASS: docker_cli_links_test.go:227: DockerSuite.TestLinksEtcHostsRegularFile	0.316s
PASS: docker_cli_links_test.go:140: DockerSuite.TestLinksHostsFilesInject	0.879s
PASS: docker_cli_links_test.go:93: DockerSuite.TestLinksInspectLinksStarted	1.038s
PASS: docker_cli_links_test.go:112: DockerSuite.TestLinksInspectLinksStopped	1.009s
PASS: docker_cli_links_test.go:24: DockerSuite.TestLinksInvalidContainerTarget	0.057s
PASS: docker_cli_links_test.go:234: DockerSuite.TestLinksMultipleWithSameName	1.204s
PASS: docker_cli_links_test.go:216: DockerSuite.TestLinksNetworkHostContainer	0.290s
PASS: docker_cli_links_test.go:132: DockerSuite.TestLinksNotStartedParentNotFail	0.408s
PASS: docker_cli_links_test.go:36: DockerSuite.TestLinksPingLinkedContainers	8.172s
PASS: docker_cli_links_test.go:80: DockerSuite.TestLinksPingLinkedContainersAfterRename	1.599s
PASS: docker_cli_exec_test.go:379: DockerSuite.TestLinksPingLinkedContainersOnRename	0.889s
PASS: docker_cli_links_test.go:15: DockerSuite.TestLinksPingUnlinkedContainers	0.593s
PASS: docker_cli_links_test.go:158: DockerSuite.TestLinksUpdateOnRestart	1.530s
PASS: docker_cli_save_load_unix_test.go:91: DockerSuite.TestLoadNoStdinFail	0.021s
PASS: docker_cli_save_load_test.go:332: DockerSuite.TestLoadZeroSizeLayer	0.329s
PASS: docker_cli_login_test.go:11: DockerSuite.TestLoginWithoutTTY	0.019s
PASS: docker_api_logs_test.go:87: DockerSuite.TestLogsAPIContainerNotFound	0.001s
PASS: docker_api_logs_test.go:72: DockerSuite.TestLogsAPIFollowEmptyOutput	0.334s
PASS: docker_api_logs_test.go:59: DockerSuite.TestLogsAPINoStdoutNorStderr	0.333s
PASS: docker_api_logs_test.go:151: DockerSuite.TestLogsAPIUntil	4.556s
PASS: docker_api_logs_test.go:189: DockerSuite.TestLogsAPIUntilDefaultValue	0.757s
PASS: docker_api_logs_test.go:94: DockerSuite.TestLogsAPIUntilFutureFollow	4.328s
PASS: docker_api_logs_test.go:23: DockerSuite.TestLogsAPIWithStdout	0.365s
PASS: docker_cli_logs_test.go:318: DockerSuite.TestLogsCLIContainerNotFound	0.018s
PASS: docker_cli_logs_test.go:24: DockerSuite.TestLogsContainerBiggerThanPage	0.799s
PASS: docker_cli_logs_test.go:29: DockerSuite.TestLogsContainerMuchBiggerThanPage	0.785s
PASS: docker_cli_logs_test.go:19: DockerSuite.TestLogsContainerSmallerThanPage	0.769s
PASS: docker_cli_logs_test.go:300: DockerSuite.TestLogsFollowGoroutinesNoOutput	0.580s
PASS: docker_cli_logs_test.go:272: DockerSuite.TestLogsFollowGoroutinesWithStdout	0.600s
PASS: docker_cli_logs_test.go:214: DockerSuite.TestLogsFollowSlowStdoutConsumer	2.086s
PASS: docker_cli_logs_test.go:124: DockerSuite.TestLogsFollowStopped	0.528s
PASS: docker_cli_logs_test.go:66: DockerSuite.TestLogsSeparateStderr	0.510s
PASS: docker_cli_logs_test.go:145: DockerSuite.TestLogsSince	6.579s
PASS: docker_cli_logs_test.go:180: DockerSuite.TestLogsSinceFutureFollow	5.389s
PASS: docker_cli_logs_test.go:77: DockerSuite.TestLogsStderrInStdout	0.522s
PASS: docker_cli_logs_test.go:92: DockerSuite.TestLogsTail	0.579s
PASS: docker_cli_logs_test.go:41: DockerSuite.TestLogsTimestamps	0.520s
PASS: docker_cli_logs_test.go:325: DockerSuite.TestLogsWithDetails	0.519s
PASS: docker_cli_run_test.go:2909: DockerSuite.TestMountIntoProc	0.257s
PASS: docker_cli_run_test.go:2918: DockerSuite.TestMountIntoSys	0.512s
PASS: docker_cli_netmode_test.go:33: DockerSuite.TestNetHostname	1.586s
PASS: docker_cli_netmode_test.go:26: DockerSuite.TestNetHostnameWithNetHost	0.326s
PASS: docker_cli_events_unix_test.go:196: DockerSuite.TestNetworkEvents	0.732s
PASS: docker_cli_run_test.go:3513: DockerSuite.TestNetworkRmWithActiveContainers	1.021s
PASS: docker_cli_run_test.go:2695: DockerSuite.TestPermissionsPtsReadonlyRootfs	0.563s
PASS: docker_cli_plugins_test.go:76: DockerSuite.TestPluginActive	4.427s
PASS: docker_cli_plugins_test.go:99: DockerSuite.TestPluginActiveNetwork	9.769s
SKIP: docker_cli_plugins_test.go:344: DockerSuite.TestPluginInspectOnWindows (unmatched requirement DaemonIsWindows)
PASS: docker_cli_plugins_test.go:150: DockerSuite.TestPluginInstallDisableVolumeLs	3.573s
PASS: docker_cli_plugins_logdriver_test.go:12: DockerSuite.TestPluginLogDriver	5.055s
PASS: docker_cli_plugins_logdriver_test.go:32: DockerSuite.TestPluginLogDriverInfoList	3.864s
PASS: docker_cli_plugins_test.go:474: DockerSuite.TestPluginMetricsCollector	5.064s
PASS: docker_cli_plugins_test.go:442: DockerSuite.TestPluginUpgrade	9.155s
PASS: docker_cli_port_test.go:329: DockerSuite.TestPortBindingOnSandbox	1.197s
PASS: docker_cli_port_test.go:307: DockerSuite.TestPortExposeHostBinding	1.139s
PASS: docker_cli_port_test.go:285: DockerSuite.TestPortHostBinding	1.106s
PASS: docker_cli_port_test.go:15: DockerSuite.TestPortList	6.719s
PASS: docker_api_containers_test.go:1325: DockerSuite.TestPostContainerAPICreateWithStringOrSliceEntrypoint	1.027s
PASS: docker_api_attach_test.go:99: DockerSuite.TestPostContainersAttach	5.476s
PASS: docker_api_attach_test.go:78: DockerSuite.TestPostContainersAttachContainerNotFound	0.002s
PASS: docker_api_containers_test.go:1589: DockerSuite.TestPostContainersCreateMemorySwappinessHostConfigOmitted	0.041s
PASS: docker_api_containers_test.go:1503: DockerSuite.TestPostContainersCreateShmSizeHostConfigOmitted	0.491s
PASS: docker_api_containers_test.go:1485: DockerSuite.TestPostContainersCreateShmSizeNegative	0.003s
PASS: docker_api_containers_test.go:1531: DockerSuite.TestPostContainersCreateShmSizeOmitted	0.506s
PASS: docker_api_containers_test.go:1614: DockerSuite.TestPostContainersCreateWithOomScoreAdjInvalidRange	0.004s
PASS: docker_api_containers_test.go:1558: DockerSuite.TestPostContainersCreateWithShmSize	0.520s
PASS: docker_api_containers_test.go:1380: DockerSuite.TestPostContainersCreateWithStringOrSliceCapAddDrop	0.071s
PASS: docker_api_containers_test.go:1353: DockerSuite.TestPostContainersCreateWithStringOrSliceCmd	1.015s
PASS: docker_api_containers_test.go:1452: DockerSuite.TestPostContainersCreateWithWrongCpusetValues	0.005s
PASS: docker_cli_prune_unix_test.go:133: DockerSuite.TestPruneContainerLabel	3.485s
PASS: docker_cli_prune_unix_test.go:113: DockerSuite.TestPruneContainerUntil	1.103s
PASS: docker_cli_prune_unix_test.go:249: DockerSuite.TestPruneNetworkLabel	0.370s
PASS: docker_cli_prune_unix_test.go:191: DockerSuite.TestPruneVolumeLabel	0.151s
PASS: docker_cli_ps_test.go:794: DockerSuite.TestPsByOrder	1.368s
PASS: docker_cli_ps_test.go:547: DockerSuite.TestPsImageIDAfterUpdate	1.422s
PASS: docker_cli_ps_test.go:19: DockerSuite.TestPsListContainersBase	1.650s
PASS: docker_cli_ps_test.go:306: DockerSuite.TestPsListContainersFilterAncestorImage	5.326s
PASS: docker_cli_ps_test.go:516: DockerSuite.TestPsListContainersFilterCreated	0.093s
PASS: docker_cli_ps_test.go:437: DockerSuite.TestPsListContainersFilterExited	2.448s
PASS: docker_cli_ps_test.go:227: DockerSuite.TestPsListContainersFilterHealth	5.997s
PASS: docker_cli_ps_test.go:270: DockerSuite.TestPsListContainersFilterID	0.729s
PASS: docker_cli_ps_test.go:401: DockerSuite.TestPsListContainersFilterLabel	1.600s
PASS: docker_cli_ps_test.go:284: DockerSuite.TestPsListContainersFilterName	0.887s
PASS: docker_cli_ps_test.go:714: DockerSuite.TestPsListContainersFilterNetwork	0.757s
PASS: docker_cli_ps_test.go:813: DockerSuite.TestPsListContainersFilterPorts	0.777s
PASS: docker_cli_ps_test.go:180: DockerSuite.TestPsListContainersFilterStatus	1.333s
PASS: docker_cli_ps_test.go:140: DockerSuite.TestPsListContainersSize	0.967s
PASS: docker_cli_ps_test.go:849: DockerSuite.TestPsNotShowLinknamesOfDeletedContainer	0.156s
PASS: docker_cli_ps_test.go:596: DockerSuite.TestPsNotShowPortsOfStoppedContainer	0.617s
PASS: docker_cli_ps_test.go:470: DockerSuite.TestPsRightTagName	1.075s
PASS: docker_cli_ps_test.go:614: DockerSuite.TestPsShowMounts	1.223s
PASS: docker_cli_run_test.go:3144: DockerSuite.TestPtraceContainerProcsFromHost	0.366s
SKIP: docker_cli_pull_test.go:263: DockerSuite.TestPullLinuxImageFailsOnWindows (unmatched requirement DaemonIsWindows)
PASS: docker_cli_pull_test.go:270: DockerSuite.TestPullWindowsImageFailsOnLinux	1.897s
PASS: docker_cli_push_test.go:291: DockerSuite.TestPushToCentralRegistryUnauthorized	1.344s
PASS: docker_cli_push_test.go:38: DockerSuite.TestPushUnprefixedRepo	1.789s
PASS: docker_api_containers_test.go:1425: DockerSuite.TestPutContainerArchiveErrSymlinkInVolumeToReadOnlyRootfs	0.589s
PASS: docker_cli_restart_test.go:297: DockerSuite.TestRestartAutoRemoveContainer	1.086s
PASS: docker_cli_restart_test.go:166: DockerSuite.TestRestartContainerSuccess	0.901s
PASS: docker_cli_restart_test.go:151: DockerSuite.TestRestartContainerwithGoodContainer	0.516s
PASS: docker_cli_restart_test.go:266: DockerSuite.TestRestartContainerwithRestartPolicy	5.253s
PASS: docker_cli_restart_test.go:78: DockerSuite.TestRestartDisconnectedContainer	0.899s
PASS: docker_cli_restart_test.go:236: DockerSuite.TestRestartPolicyAfterRestart	1.471s
PASS: docker_cli_restart_test.go:103: DockerSuite.TestRestartPolicyAlways	0.083s
PASS: docker_cli_restart_test.go:95: DockerSuite.TestRestartPolicyNO	0.062s
PASS: docker_cli_restart_test.go:116: DockerSuite.TestRestartPolicyOnFailure	0.241s
PASS: docker_cli_restart_test.go:30: DockerSuite.TestRestartRunningContainer	1.927s
PASS: docker_cli_restart_test.go:13: DockerSuite.TestRestartStoppedContainer	1.067s
PASS: docker_cli_restart_test.go:192: DockerSuite.TestRestartWithPolicyUserDefinedNetwork	1.786s
PASS: docker_cli_restart_test.go:53: DockerSuite.TestRestartWithVolumes	0.947s
PASS: docker_cli_rmi_test.go:217: DockerSuite.TestRmiBlank	0.021s
PASS: docker_cli_rmi_test.go:327: DockerSuite.TestRmiByIDHardConflict	0.086s
PASS: docker_cli_rmi_test.go:227: DockerSuite.TestRmiContainerImageNotFound	4.926s
PASS: docker_cli_rmi_test.go:171: DockerSuite.TestRmiForceWithExistingContainers	1.446s
PASS: docker_cli_rmi_test.go:199: DockerSuite.TestRmiForceWithMultipleRepositories	0.498s
PASS: docker_cli_rmi_test.go:144: DockerSuite.TestRmiImageIDForceWithRunningContainersAndMultipleTags	1.298s
PASS: docker_cli_rmi_test.go:106: DockerSuite.TestRmiImgIDForce	0.703s
PASS: docker_cli_rmi_test.go:65: DockerSuite.TestRmiImgIDMultipleTag	1.360s
PASS: docker_cli_rmi_test.go:297: DockerSuite.TestRmiParentImageFail	1.302s
PASS: docker_cli_rmi_test.go:37: DockerSuite.TestRmiTag	0.196s
PASS: docker_cli_rmi_test.go:159: DockerSuite.TestRmiTagWithExistingContainers	0.546s
PASS: docker_cli_rmi_test.go:253: DockerSuite.TestRmiUntagHistoryLayer	4.199s
PASS: docker_cli_rmi_test.go:16: DockerSuite.TestRmiWithContainerFails	0.401s
PASS: docker_cli_rmi_test.go:185: DockerSuite.TestRmiWithMultipleRepositories	1.260s
PASS: docker_cli_rmi_test.go:310: DockerSuite.TestRmiWithParentInUse	1.950s
PASS: docker_cli_run_test.go:4522: DockerSuite.TestRunAddDeviceCgroupRule	1.051s
PASS: docker_cli_run_test.go:1580: DockerSuite.TestRunAddHost	0.520s
PASS: docker_cli_run_test.go:4039: DockerSuite.TestRunAddHostInHostMode	0.326s
PASS: docker_cli_run_test.go:1172: DockerSuite.TestRunAddingOptionalDevices	0.508s
PASS: docker_cli_run_test.go:1190: DockerSuite.TestRunAddingOptionalDevicesInvalidMode	0.013s
PASS: docker_cli_run_test.go:1181: DockerSuite.TestRunAddingOptionalDevicesNoSrc	0.506s
PASS: docker_cli_run_test.go:2061: DockerSuite.TestRunAllocatePortInReservedRange	0.739s
PASS: docker_cli_run_test.go:1231: DockerSuite.TestRunAllowBindMountingRoot	0.529s
PASS: docker_cli_run_test.go:2266: DockerSuite.TestRunAllowPortRangeThroughExpose	0.382s
PASS: docker_cli_run_test.go:2624: DockerSuite.TestRunAllowPortRangeThroughPublish	0.417s
PASS: docker_cli_run_unix_test.go:1329: DockerSuite.TestRunApparmorProcDirectory	0.975s
PASS: docker_cli_run_test.go:573: DockerSuite.TestRunApplyVolumesFromBeforeVolumes	1.013s
PASS: docker_cli_run_unix_test.go:97: DockerSuite.TestRunAttachDetach	0.492s
PASS: docker_cli_run_unix_test.go:242: DockerSuite.TestRunAttachDetachFromConfig	0.490s
PASS: docker_cli_run_unix_test.go:148: DockerSuite.TestRunAttachDetachFromFlag	0.467s
PASS: docker_cli_run_unix_test.go:209: DockerSuite.TestRunAttachDetachFromInvalidFlag	0.380s
PASS: docker_cli_run_unix_test.go:325: DockerSuite.TestRunAttachDetachKeysOverrideConfig	0.495s
PASS: docker_cli_run_test.go:3920: DockerSuite.TestRunAttachFailedNoLeak	0.714s
PASS: docker_cli_run_unix_test.go:407: DockerSuite.TestRunAttachInvalidDetachKeySequencePreserved	0.646s
PASS: docker_cli_run_test.go:1592: DockerSuite.TestRunAttachStdErrOnlyTTYMode	0.509s
PASS: docker_cli_run_test.go:1608: DockerSuite.TestRunAttachStdOutAndErrTTYMode	0.524s
PASS: docker_cli_run_test.go:1600: DockerSuite.TestRunAttachStdOutOnlyTTYMode	0.525s
PASS: docker_cli_run_test.go:1617: DockerSuite.TestRunAttachWithDetach	0.018s
PASS: docker_cli_run_test.go:1882: DockerSuite.TestRunBindMounts	1.598s
PASS: docker_cli_run_test.go:1053: DockerSuite.TestRunCapAddALLCanDownInterface	0.489s
PASS: docker_cli_run_test.go:1063: DockerSuite.TestRunCapAddALLDropNetAdminCanDownInterface	0.513s
PASS: docker_cli_run_test.go:3008: DockerSuite.TestRunCapAddCHOWN	0.515s
PASS: docker_cli_run_test.go:1043: DockerSuite.TestRunCapAddCanDownInterface	0.518s
PASS: docker_cli_run_test.go:1034: DockerSuite.TestRunCapAddInvalid	0.134s
PASS: docker_cli_run_test.go:3194: DockerSuite.TestRunCapAddSYSTIME	0.491s
PASS: docker_cli_run_test.go:1024: DockerSuite.TestRunCapDropALLAddMknodCanMknod	0.518s
PASS: docker_cli_run_test.go:1012: DockerSuite.TestRunCapDropALLCannotMknod	0.519s
PASS: docker_cli_run_test.go:986: DockerSuite.TestRunCapDropCannotMknod	0.522s
PASS: docker_cli_run_test.go:999: DockerSuite.TestRunCapDropCannotMknodLowerCase	0.529s
PASS: docker_cli_run_test.go:977: DockerSuite.TestRunCapDropInvalid	0.124s
PASS: docker_cli_run_test.go:1964: DockerSuite.TestRunCidFileCheckIDLength	0.343s
PASS: docker_cli_run_test.go:1933: DockerSuite.TestRunCidFileCleanupIfEmpty	0.016s
PASS: docker_cli_run_test.go:1695: DockerSuite.TestRunCleanupCmdOnEntrypoint	2.434s
PASS: docker_cli_run_test.go:3336: DockerSuite.TestRunContainerNetModeWithDNSMacHosts	0.385s
PASS: docker_cli_run_test.go:3360: DockerSuite.TestRunContainerNetModeWithExposePort	0.380s
PASS: docker_cli_run_test.go:922: DockerSuite.TestRunContainerNetwork	0.524s
PASS: docker_cli_run_test.go:3327: DockerSuite.TestRunContainerNetworkModeToSelf	0.069s
PASS: docker_cli_run_test.go:3311: DockerSuite.TestRunContainerWithCgroupMountRO	0.532s
PASS: docker_cli_run_test.go:3237: DockerSuite.TestRunContainerWithCgroupParent	1.044s
PASS: docker_cli_run_test.go:2734: DockerSuite.TestRunContainerWithReadonlyEtcHostsAndLinkedContainer	0.873s
PASS: docker_cli_run_test.go:2683: DockerSuite.TestRunContainerWithReadonlyRootfs	1.009s
PASS: docker_cli_run_test.go:2756: DockerSuite.TestRunContainerWithReadonlyRootfsWithAddHostFlag	0.494s
PASS: docker_cli_run_test.go:2746: DockerSuite.TestRunContainerWithReadonlyRootfsWithDNSFlag	0.533s
PASS: docker_cli_run_test.go:2793: DockerSuite.TestRunContainerWithRmFlagCannotStartContainer	0.507s
PASS: docker_cli_run_test.go:2779: DockerSuite.TestRunContainerWithRmFlagExitCodeNotEqualToZero	0.589s
PASS: docker_cli_run_test.go:2679: DockerSuite.TestRunContainerWithWritableRootfs	0.557s
PASS: docker_cli_run_test.go:1680: DockerSuite.TestRunCopyVolumeContent	1.646s
PASS: docker_cli_run_test.go:1662: DockerSuite.TestRunCopyVolumeUIDGID	3.954s
PASS: docker_cli_run_test.go:3202: DockerSuite.TestRunCreateContainerFailedCleanUp	0.072s
PASS: docker_cli_run_test.go:612: DockerSuite.TestRunCreateVolume	0.510s
PASS: docker_cli_run_test.go:2153: DockerSuite.TestRunCreateVolumeEtc	1.503s
PASS: docker_cli_run_test.go:622: DockerSuite.TestRunCreateVolumeWithSymlink	1.844s
PASS: docker_cli_run_test.go:378: DockerSuite.TestRunCreateVolumesInSymlinkDir	2.905s
PASS: docker_cli_run_test.go:422: DockerSuite.TestRunCreateVolumesInSymlinkDir2	2.972s
SKIP: docker_cli_run_test.go:4146: DockerSuite.TestRunCredentialSpecFailures (unmatched requirement DaemonIsWindows)
SKIP: docker_cli_run_test.go:4166: DockerSuite.TestRunCredentialSpecWellFormed (unmatched requirement DaemonIsWindows)
PASS: docker_cli_run_test.go:1254: DockerSuite.TestRunDNSDefaultOptions	0.496s
PASS: docker_cli_run_test.go:4004: DockerSuite.TestRunDNSInHostMode	1.600s
PASS: docker_cli_run_test.go:1288: DockerSuite.TestRunDNSOptions	0.977s
PASS: docker_cli_run_test.go:1322: DockerSuite.TestRunDNSOptionsBasedOnHostResolvConf	1.556s
PASS: docker_cli_run_test.go:1312: DockerSuite.TestRunDNSRepeatOptions	0.491s
PASS: docker_cli_run_test.go:2026: DockerSuite.TestRunDeallocatePortOnMissingIptablesRule	0.923s
PASS: docker_cli_run_test.go:121: DockerSuite.TestRunDetachedContainerIDPrinting	0.544s
SKIP: docker_cli_run_unix_test.go:83: DockerSuite.TestRunDeviceDirectory (Host does not have /dev/snd)
PASS: docker_cli_run_test.go:1141: DockerSuite.TestRunDeviceNumbers	0.536s
PASS: docker_cli_run_unix_test.go:1357: DockerSuite.TestRunDeviceSymlink	1.150s
PASS: docker_cli_run_test.go:1240: DockerSuite.TestRunDisallowBindMountingRootToRoot	0.051s
PASS: docker_cli_run_test.go:4173: DockerSuite.TestRunDuplicateMount	0.527s
PASS: docker_cli_run_test.go:51: DockerSuite.TestRunEchoNamedContainer	0.514s
PASS: docker_cli_run_test.go:43: DockerSuite.TestRunEchoStdout	0.535s
PASS: docker_cli_run_unix_test.go:538: DockerSuite.TestRunEchoStdoutWithCPUSharesAndMemoryLimit	0.548s
PASS: docker_cli_run_test.go:4259: DockerSuite.TestRunEmptyEnv	0.044s
PASS: docker_cli_run_test.go:1871: DockerSuite.TestRunEntrypoint	0.509s
PASS: docker_cli_run_test.go:817: DockerSuite.TestRunEnvironment	0.538s
PASS: docker_cli_run_test.go:856: DockerSuite.TestRunEnvironmentErase	0.531s
PASS: docker_cli_run_test.go:889: DockerSuite.TestRunEnvironmentOverride	0.516s
PASS: docker_cli_run_test.go:699: DockerSuite.TestRunExitCode	0.511s
PASS: docker_cli_run_test.go:90: DockerSuite.TestRunExitCodeOne	0.506s
PASS: docker_cli_run_test.go:85: DockerSuite.TestRunExitCodeZero	0.500s
PASS: docker_cli_run_test.go:1734: DockerSuite.TestRunExitOnStdinClose	0.542s
PASS: docker_cli_run_test.go:2289: DockerSuite.TestRunExposePort	0.015s
PASS: docker_cli_run_test.go:948: DockerSuite.TestRunFullHostnameSet	0.519s
PASS: docker_cli_run_test.go:1075: DockerSuite.TestRunGroupAdd	0.526s
PASS: docker_cli_run_test.go:4501: DockerSuite.TestRunHostnameFQDN	1.006s
PASS: docker_cli_run_test.go:4514: DockerSuite.TestRunHostnameInHostMode	0.339s
SKIP: docker_cli_run_test.go:4242: DockerSuite.TestRunHypervIsolationWithCPUCountCPUSharesAndCPUPercent (unmatched requirement DaemonIsWindows)
PASS: docker_cli_run_test.go:3726: DockerSuite.TestRunInitLayerPathOwnership	3.939s
PASS: docker_cli_run_test.go:2004: DockerSuite.TestRunInspectMacAddress	0.337s
PASS: docker_cli_run_test.go:1791: DockerSuite.TestRunInteractiveWithRestartPolicy	11.092s
PASS: docker_cli_run_unix_test.go:767: DockerSuite.TestRunInvalidCPUShares	0.619s
PASS: docker_cli_run_test.go:3272: DockerSuite.TestRunInvalidCgroupParent	1.023s
PASS: docker_cli_run_unix_test.go:729: DockerSuite.TestRunInvalidCpusetCpusFlagValue	0.018s
PASS: docker_cli_run_unix_test.go:748: DockerSuite.TestRunInvalidCpusetMemsFlagValue	0.015s
PASS: docker_cli_run_test.go:3714: DockerSuite.TestRunInvalidReference	0.012s
PASS: docker_cli_run_test.go:60: DockerSuite.TestRunLeakyFileDescriptors	0.482s
PASS: docker_cli_run_test.go:3381: DockerSuite.TestRunLinkToContainerNetMode	1.399s
PASS: docker_cli_run_test.go:193: DockerSuite.TestRunLinksContainerWithContainerID	0.843s
PASS: docker_cli_run_test.go:178: DockerSuite.TestRunLinksContainerWithContainerName	0.847s
PASS: docker_cli_run_test.go:72: DockerSuite.TestRunLookupGoogleDNS	0.878s
PASS: docker_cli_run_test.go:3391: DockerSuite.TestRunLoopbackOnlyExistsWhenNetworkingDisabled	0.419s
PASS: docker_cli_run_test.go:3417: DockerSuite.TestRunLoopbackWhenNetworkDisabled	0.415s
PASS: docker_cli_run_test.go:1199: DockerSuite.TestRunModeHostname	0.871s
PASS: docker_cli_run_test.go:2317: DockerSuite.TestRunModeIpcContainerNotExists	0.016s
PASS: docker_cli_run_test.go:2326: DockerSuite.TestRunModeIpcContainerNotRunning	0.163s
PASS: docker_cli_run_test.go:2295: DockerSuite.TestRunModeIpcHost	1.030s
PASS: docker_cli_run_test.go:3425: DockerSuite.TestRunModeNetContainerHostname	0.745s
PASS: docker_cli_run_test.go:2339: DockerSuite.TestRunModePIDContainer	0.888s
PASS: docker_cli_run_test.go:2364: DockerSuite.TestRunModePIDContainerNotExists	0.022s
PASS: docker_cli_run_test.go:2373: DockerSuite.TestRunModePIDContainerNotRunning	0.158s
PASS: docker_cli_run_test.go:2431: DockerSuite.TestRunModePIDHost	1.045s
PASS: docker_cli_run_test.go:2453: DockerSuite.TestRunModeUTSHost	1.045s
PASS: docker_cli_run_test.go:4321: DockerSuite.TestRunMount	4.976s
PASS: docker_cli_run_test.go:2082: DockerSuite.TestRunMountOrdering	0.503s
PASS: docker_cli_run_test.go:4309: DockerSuite.TestRunMountReadOnlyDevShm	0.485s
PASS: docker_cli_run_test.go:2386: DockerSuite.TestRunMountShmMqueueFromHost	0.808s
PASS: docker_cli_run_test.go:582: DockerSuite.TestRunMultipleVolumesFrom	1.528s
PASS: docker_cli_exec_test.go:395: DockerSuite.TestRunMutableNetworkFiles	2.184s
PASS: docker_cli_run_test.go:3214: DockerSuite.TestRunNamedVolume	1.536s
PASS: docker_cli_run_test.go:3858: DockerSuite.TestRunNamedVolumeCopyImageData	1.778s
PASS: docker_cli_run_test.go:3872: DockerSuite.TestRunNamedVolumeNotRemoved	1.138s
PASS: docker_cli_run_test.go:3889: DockerSuite.TestRunNamedVolumesFromNotRemoved	0.958s
PASS: docker_cli_run_test.go:3851: DockerSuite.TestRunNamedVolumesMountedAsShared	0.047s
PASS: docker_cli_run_test.go:2606: DockerSuite.TestRunNetContainerWhichHost	0.557s
PASS: docker_cli_run_test.go:2575: DockerSuite.TestRunNetHost	0.817s
PASS: docker_cli_run_test.go:931: DockerSuite.TestRunNetHostNotAllowedWithLinks	0.513s
PASS: docker_cli_run_test.go:2597: DockerSuite.TestRunNetHostTwiceSameName	0.660s
PASS: docker_cli_run_test.go:3069: DockerSuite.TestRunNetworkFilesBindMount	1.511s
PASS: docker_cli_run_test.go:3093: DockerSuite.TestRunNetworkFilesBindMountRO	1.521s
PASS: docker_cli_run_test.go:3115: DockerSuite.TestRunNetworkFilesBindMountROFilesystem	3.088s
PASS: docker_cli_run_test.go:3438: DockerSuite.TestRunNetworkNotInitializedNoneMode	0.306s
PASS: docker_cli_run_test.go:521: DockerSuite.TestRunNoDupVolumes	0.137s
PASS: docker_cli_run_unix_test.go:1144: DockerSuite.TestRunNoNewPrivSetuid	1.497s
PASS: docker_cli_run_test.go:2194: DockerSuite.TestRunNoOutputFromPullInStdout	1.005s
PASS: docker_cli_run_test.go:3663: DockerSuite.TestRunNonExecutableCmd	0.461s
PASS: docker_cli_run_test.go:3672: DockerSuite.TestRunNonExistingCmd	0.489s
PASS: docker_cli_run_test.go:3697: DockerSuite.TestRunNonExistingImage	1.142s
PASS: docker_cli_run_test.go:2558: DockerSuite.TestRunNonLocalMacAddress	0.515s
PASS: docker_cli_run_test.go:1404: DockerSuite.TestRunNonRootUserResolvName	0.916s
SKIP: docker_cli_run_unix_test.go:617: DockerSuite.TestRunOOMExitCode (unmatched requirement swapMemorySupport)
PASS: docker_cli_run_test.go:2806: DockerSuite.TestRunPIDHostWithChildIsKillable	0.514s
PASS: docker_cli_run_unix_test.go:1406: DockerSuite.TestRunPIDsLimit	0.511s
PASS: docker_cli_run_test.go:2494: DockerSuite.TestRunPortFromDockerRangeInUse	0.750s
PASS: docker_cli_run_test.go:2042: DockerSuite.TestRunPortInUse	0.446s
PASS: docker_cli_run_unix_test.go:1417: DockerSuite.TestRunPrivilegedAllowedDevices	0.479s
PASS: docker_cli_run_test.go:957: DockerSuite.TestRunPrivilegedCanMknod	0.441s
PASS: docker_cli_run_test.go:1086: DockerSuite.TestRunPrivilegedCanMount	0.458s
PASS: docker_cli_run_test.go:1125: DockerSuite.TestRunProcNotWritableInNonPrivilegedContainers	0.536s
PASS: docker_cli_run_test.go:1133: DockerSuite.TestRunProcWritableInPrivilegedContainers	0.462s
SKIP: docker_cli_run_test.go:4224: DockerSuite.TestRunProcessIsolationWithCPUCountCPUSharesAndCPUPercent (unmatched requirement DaemonIsWindows)
PASS: docker_cli_run_test.go:2983: DockerSuite.TestRunPublishPort	0.353s
PASS: docker_cli_run_test.go:2886: DockerSuite.TestRunReadFilteredProc	0.427s
SKIP: docker_cli_run_test.go:2865: DockerSuite.TestRunReadProcLatency (kernel doesn't have latency_stats configured)
PASS: docker_cli_run_test.go:2850: DockerSuite.TestRunReadProcTimer	0.507s
PASS: docker_cli_run_unix_test.go:34: DockerSuite.TestRunRedirectStdout	1.027s
SKIP: docker_cli_run_test.go:1426: DockerSuite.TestRunResolvconfUpdate (Unstable test, to be re-activated once #19937 is resolved)
PASS: docker_cli_run_test.go:2656: DockerSuite.TestRunRestartMaxRetries	2.314s
PASS: docker_cli_run_test.go:2127: DockerSuite.TestRunReuseBindVolumeThatIsSymlink	1.026s
PASS: docker_cli_run_test.go:4057: DockerSuite.TestRunRm	0.534s
PASS: docker_cli_run_test.go:4047: DockerSuite.TestRunRmAndWait	3.480s
PASS: docker_cli_run_test.go:4068: DockerSuite.TestRunRmPre125Api	0.535s
PASS: docker_cli_run_test.go:1220: DockerSuite.TestRunRootWorkdir	0.509s
PASS: docker_cli_run_unix_test.go:1050: DockerSuite.TestRunSeccompAllowPrivCloneUserns	3.494s
PASS: docker_cli_run_unix_test.go:1070: DockerSuite.TestRunSeccompAllowSetrlimit	1.334s
PASS: docker_cli_run_unix_test.go:1077: DockerSuite.TestRunSeccompDefaultProfileAcct	16.940s
PASS: docker_cli_run_unix_test.go:1107: DockerSuite.TestRunSeccompDefaultProfileNS	20.370s
PASS: docker_cli_run_unix_test.go:1062: DockerSuite.TestRunSeccompProfileAllow32Bit	1.372s
PASS: docker_cli_run_unix_test.go:952: DockerSuite.TestRunSeccompProfileDenyChmod	0.486s
PASS: docker_cli_run_unix_test.go:1025: DockerSuite.TestRunSeccompProfileDenyCloneUserns	1.779s
PASS: docker_cli_run_unix_test.go:923: DockerSuite.TestRunSeccompProfileDenyUnshare	1.524s
PASS: docker_cli_run_unix_test.go:987: DockerSuite.TestRunSeccompProfileDenyUnshareUserns	1.321s
PASS: docker_cli_run_unix_test.go:1037: DockerSuite.TestRunSeccompUnconfinedCloneUserns	1.296s
PASS: docker_cli_run_unix_test.go:1348: DockerSuite.TestRunSeccompWithDefaultProfile	1.365s
PASS: docker_cli_run_test.go:2648: DockerSuite.TestRunSetDefaultRestartPolicy	0.361s
PASS: docker_cli_run_test.go:1988: DockerSuite.TestRunSetMacAddress	0.532s
PASS: docker_cli_run_test.go:2238: DockerSuite.TestRunSlowStdoutConsumer	2.445s
PASS: docker_cli_run_test.go:1625: DockerSuite.TestRunState	0.934s
PASS: docker_cli_run_test.go:3617: DockerSuite.TestRunStdinBlockedAfterContainerExit	0.503s
PASS: docker_cli_run_test.go:97: DockerSuite.TestRunStdinPipe	0.584s
PASS: docker_cli_run_test.go:4132: DockerSuite.TestRunStoppedLoggingDriverNoLeak	0.167s
SKIP: docker_cli_run_unix_test.go:719: DockerSuite.TestRunSwapLessThanMemoryLimit (unmatched requirement swapMemorySupport)
PASS: docker_cli_run_test.go:1109: DockerSuite.TestRunSysNotWritableInNonPrivilegedContainers	0.528s
PASS: docker_cli_run_test.go:1117: DockerSuite.TestRunSysWritableInPrivilegedContainers	0.452s
PASS: docker_cli_run_unix_test.go:892: DockerSuite.TestRunSysctls	1.112s
PASS: docker_cli_run_test.go:2478: DockerSuite.TestRunTLSVerify	0.043s
PASS: docker_cli_run_test.go:2526: DockerSuite.TestRunTTYWithPipe	0.013s
PASS: docker_cli_run_test.go:1157: DockerSuite.TestRunThatCharacterDevicesActLikeCharacterDevices	0.505s
PASS: docker_cli_run_unix_test.go:819: DockerSuite.TestRunTmpfsMounts	1.725s
PASS: docker_cli_run_unix_test.go:811: DockerSuite.TestRunTmpfsMountsEnsureOrdered	0.510s
PASS: docker_cli_run_unix_test.go:840: DockerSuite.TestRunTmpfsMountsOverrideImageVolumes	2.469s
PASS: docker_cli_run_unix_test.go:852: DockerSuite.TestRunTmpfsMountsWithOptions	3.393s
PASS: docker_cli_run_test.go:795: DockerSuite.TestRunTwoConcurrentContainers	2.776s
PASS: docker_cli_run_test.go:967: DockerSuite.TestRunUnprivilegedCanMknod	0.587s
PASS: docker_cli_run_test.go:1096: DockerSuite.TestRunUnprivilegedCannotMount	0.515s
PASS: docker_cli_run_test.go:1166: DockerSuite.TestRunUnprivilegedWithChroot	0.534s
PASS: docker_cli_run_test.go:4080: DockerSuite.TestRunUnsetEntrypoint	4.647s
PASS: docker_cli_run_test.go:2925: DockerSuite.TestRunUnshareProc	4.792s
PASS: docker_cli_run_test.go:736: DockerSuite.TestRunUserByID	0.511s
PASS: docker_cli_run_test.go:746: DockerSuite.TestRunUserByIDBig	0.110s
PASS: docker_cli_run_test.go:759: DockerSuite.TestRunUserByIDNegative	0.114s
PASS: docker_cli_run_test.go:772: DockerSuite.TestRunUserByIDZero	0.497s
PASS: docker_cli_run_test.go:726: DockerSuite.TestRunUserByName	0.520s
PASS: docker_cli_run_test.go:715: DockerSuite.TestRunUserDefaults	0.520s
SKIP: docker_cli_run_unix_test.go:1426: DockerSuite.TestRunUserDeviceAllowed (Host does not have /dev/snd/timer)
PASS: docker_cli_run_test.go:785: DockerSuite.TestRunUserNotFound	0.116s
PASS: docker_cli_run_test.go:593: DockerSuite.TestRunVerifyContainerID	0.335s
PASS: docker_cli_run_test.go:3969: DockerSuite.TestRunVolumeCopyFlag	3.989s
PASS: docker_cli_run_test.go:3962: DockerSuite.TestRunVolumeWithOneCharacter	0.506s
PASS: docker_cli_run_test.go:2207: DockerSuite.TestRunVolumesCleanPaths	1.578s
PASS: docker_cli_run_test.go:473: DockerSuite.TestRunVolumesFromInReadWriteMode	1.576s
PASS: docker_cli_run_test.go:452: DockerSuite.TestRunVolumesFromInReadonlyModeFails	1.029s
PASS: docker_cli_run_test.go:2766: DockerSuite.TestRunVolumesFromRestartAfterRemoved	1.443s
PASS: docker_cli_run_test.go:658: DockerSuite.TestRunVolumesFromSymlinkPath	3.062s
PASS: docker_cli_run_test.go:446: DockerSuite.TestRunVolumesMountedAsReadonly	0.501s
PASS: docker_cli_run_test.go:3771: DockerSuite.TestRunVolumesMountedAsShared	0.469s
PASS: docker_cli_run_test.go:3802: DockerSuite.TestRunVolumesMountedAsSlave	0.483s
SKIP: docker_cli_run_test.go:4194: DockerSuite.TestRunWindowsWithCPUCount (unmatched requirement DaemonIsWindows)
SKIP: docker_cli_run_test.go:4214: DockerSuite.TestRunWindowsWithCPUPercent (unmatched requirement DaemonIsWindows)
SKIP: docker_cli_run_test.go:4204: DockerSuite.TestRunWindowsWithCPUShares (unmatched requirement DaemonIsWindows)
PASS: docker_cli_run_test.go:1856: DockerSuite.TestRunWithBadDevice	0.160s
PASS: docker_cli_run_unix_test.go:568: DockerSuite.TestRunWithBlkioWeight	0.542s
PASS: docker_cli_run_unix_test.go:458: DockerSuite.TestRunWithCPUQuota	0.636s
PASS: docker_cli_run_unix_test.go:526: DockerSuite.TestRunWithCPUShares	0.569s
PASS: docker_cli_run_unix_test.go:469: DockerSuite.TestRunWithCpuPeriod	1.003s
PASS: docker_cli_run_unix_test.go:546: DockerSuite.TestRunWithCpusetCpus	0.521s
PASS: docker_cli_run_unix_test.go:557: DockerSuite.TestRunWithCpusetMems	0.641s
PASS: docker_cli_run_test.go:341: DockerSuite.TestRunWithDaemonFlags	0.013s
PASS: docker_cli_run_unix_test.go:785: DockerSuite.TestRunWithDefaultShmSize	0.511s
PASS: docker_cli_run_unix_test.go:579: DockerSuite.TestRunWithInvalidBlkioWeight	0.029s
PASS: docker_cli_run_unix_test.go:483: DockerSuite.TestRunWithInvalidCpuPeriod	0.043s
PASS: docker_cli_run_unix_test.go:512: DockerSuite.TestRunWithInvalidKernelMemory	0.025s
PASS: docker_cli_run_test.go:2018: DockerSuite.TestRunWithInvalidMacAddress	0.012s
PASS: docker_cli_run_unix_test.go:593: DockerSuite.TestRunWithInvalidPathforBlkioDeviceReadBps	0.114s
PASS: docker_cli_run_unix_test.go:605: DockerSuite.TestRunWithInvalidPathforBlkioDeviceReadIOps	0.111s
PASS: docker_cli_run_unix_test.go:599: DockerSuite.TestRunWithInvalidPathforBlkioDeviceWriteBps	0.115s
PASS: docker_cli_run_unix_test.go:611: DockerSuite.TestRunWithInvalidPathforBlkioDeviceWriteIOps	0.122s
PASS: docker_cli_run_unix_test.go:587: DockerSuite.TestRunWithInvalidPathforBlkioWeightDevice	0.118s
PASS: docker_cli_run_unix_test.go:499: DockerSuite.TestRunWithKernelMemory	0.513s
PASS: docker_cli_run_unix_test.go:637: DockerSuite.TestRunWithMemoryLimit	0.524s
PASS: docker_cli_run_unix_test.go:682: DockerSuite.TestRunWithMemoryReservation	0.523s
PASS: docker_cli_run_unix_test.go:693: DockerSuite.TestRunWithMemoryReservationInvalid	0.037s
PASS: docker_cli_run_unix_test.go:1563: DockerSuite.TestRunWithNanoCPUs	0.539s
PASS: docker_cli_run_test.go:282: DockerSuite.TestRunWithNetAliasOnDefaultNetworks	0.175s
PASS: docker_cli_run_test.go:3743: DockerSuite.TestRunWithOomScoreAdj	0.490s
PASS: docker_cli_run_test.go:3754: DockerSuite.TestRunWithOomScoreAdjInvalidRange	0.039s
PASS: docker_cli_run_unix_test.go:798: DockerSuite.TestRunWithShmSize	0.546s
PASS: docker_cli_run_unix_test.go:660: DockerSuite.TestRunWithSwappiness	0.565s
PASS: docker_cli_run_unix_test.go:670: DockerSuite.TestRunWithSwappinessInvalid	0.022s
PASS: docker_cli_run_test.go:2829: DockerSuite.TestRunWithTooSmallMemoryLimit	0.015s
PASS: docker_cli_run_test.go:3226: DockerSuite.TestRunWithUlimits	0.501s
PASS: docker_cli_run_test.go:348: DockerSuite.TestRunWithVolumesFromExited	1.003s
PASS: docker_cli_run_unix_test.go:62: DockerSuite.TestRunWithVolumesIsRecursive	0.510s
SKIP: docker_cli_run_unix_test.go:653: DockerSuite.TestRunWithoutMemoryswapLimit (unmatched requirement swapMemorySupport)
PASS: docker_cli_run_test.go:159: DockerSuite.TestRunWithoutNetworking	0.394s
PASS: docker_cli_run_test.go:1720: DockerSuite.TestRunWorkdirExistsAndIsFile	0.058s
PASS: docker_cli_run_test.go:136: DockerSuite.TestRunWorkingDirectory	1.020s
PASS: docker_cli_run_test.go:3042: DockerSuite.TestRunWriteFilteredProc	0.463s
PASS: docker_cli_run_test.go:1808: DockerSuite.TestRunWriteSpecialFilesAndNotCommit	1.626s
PASS: docker_cli_run_test.go:2841: DockerSuite.TestRunWriteToProcAsound	0.504s
PASS: docker_cli_run_test.go:3640: DockerSuite.TestRunWrongCpusetCpusFlagValue	0.026s
PASS: docker_cli_run_test.go:3651: DockerSuite.TestRunWrongCpusetMemsFlagValue	0.016s
PASS: docker_cli_save_load_test.go:157: DockerSuite.TestSaveAndLoadRepoFlags	0.909s
PASS: docker_cli_save_load_unix_test.go:22: DockerSuite.TestSaveAndLoadRepoStdout	1.027s
PASS: docker_cli_save_load_unix_test.go:73: DockerSuite.TestSaveAndLoadWithProgressBar	1.047s
PASS: docker_cli_save_load_test.go:99: DockerSuite.TestSaveCheckTimes	0.046s
PASS: docker_cli_save_load_test.go:258: DockerSuite.TestSaveDirectoryPermissions	1.723s
PASS: docker_cli_save_load_test.go:118: DockerSuite.TestSaveImageId	0.079s
PASS: docker_cli_save_load_test.go:379: DockerSuite.TestSaveLoadNoTag	1.092s
PASS: docker_cli_save_load_test.go:340: DockerSuite.TestSaveLoadParents	2.112s
PASS: docker_cli_save_load_test.go:188: DockerSuite.TestSaveMultipleNames	0.058s
PASS: docker_cli_save_load_test.go:206: DockerSuite.TestSaveRepoWithMultipleImages	1.598s
PASS: docker_cli_save_load_test.go:84: DockerSuite.TestSaveSingleTag	0.068s
PASS: docker_cli_save_load_test.go:178: DockerSuite.TestSaveWithNoExistImage	0.013s
PASS: docker_cli_save_load_test.go:26: DockerSuite.TestSaveXzAndLoadRepoStdout	1.389s
PASS: docker_cli_save_load_test.go:55: DockerSuite.TestSaveXzGzAndLoadRepoStdout	1.997s
PASS: docker_cli_search_test.go:47: DockerSuite.TestSearchCmdOptions	4.223s
PASS: docker_cli_search_test.go:12: DockerSuite.TestSearchOnCentralRegistry	0.691s
PASS: docker_cli_search_test.go:96: DockerSuite.TestSearchOnCentralRegistryWithDash	0.710s
PASS: docker_cli_search_test.go:19: DockerSuite.TestSearchStarsOptionWithWrongParameter	0.093s
PASS: docker_cli_search_test.go:103: DockerSuite.TestSearchWithLimit	1.751s
PASS: docker_cli_run_test.go:4278: DockerSuite.TestSlowStdinClosing	2.055s
PASS: docker_cli_start_test.go:44: DockerSuite.TestStartAttachCorrectExitCode	5.012s
PASS: docker_cli_start_test.go:145: DockerSuite.TestStartAttachMultipleContainers	1.674s
PASS: docker_cli_start_test.go:15: DockerSuite.TestStartAttachReturnsOnError	0.700s
PASS: docker_cli_start_test.go:57: DockerSuite.TestStartAttachSilent	0.978s
PASS: docker_cli_start_test.go:174: DockerSuite.TestStartAttachWithRename	2.609s
PASS: docker_cli_start_test.go:109: DockerSuite.TestStartMultipleContainers	1.318s
PASS: docker_cli_start_test.go:94: DockerSuite.TestStartPausedContainer	0.383s
PASS: docker_cli_start_test.go:69: DockerSuite.TestStartRecordError	1.048s
PASS: docker_cli_start_test.go:189: DockerSuite.TestStartReturnCorrectExitCode	1.266s
PASS: docker_cli_stats_test.go:122: DockerSuite.TestStatsAllNewContainersAdded	1.258s
PASS: docker_cli_stats_test.go:93: DockerSuite.TestStatsAllNoStream	2.568s
PASS: docker_cli_stats_test.go:57: DockerSuite.TestStatsAllRunningNoStream	2.778s
PASS: docker_cli_stats_test.go:44: DockerSuite.TestStatsContainerNotFound	3.028s
PASS: docker_cli_stats_test.go:163: DockerSuite.TestStatsFormatAll	4.545s
PASS: docker_cli_stats_test.go:15: DockerSuite.TestStatsNoStream	2.784s
PASS: docker_cli_run_unix_test.go:707: DockerSuite.TestStopContainerSignal	1.518s
PASS: docker_cli_top_test.go:11: DockerSuite.TestTopMultipleArgs	0.370s
PASS: docker_cli_top_test.go:26: DockerSuite.TestTopNonPrivileged	0.600s
PASS: docker_cli_top_test.go:61: DockerSuite.TestTopPrivileged	0.507s
SKIP: docker_cli_top_test.go:50: DockerSuite.TestTopWindowsCoreProcesses (unmatched requirement DaemonIsWindows)
PASS: docker_cli_run_test.go:3450: DockerSuite.TestTwoContainersInNetHost	0.700s
PASS: docker_cli_port_test.go:212: DockerSuite.TestUnpublishedPortsInPsOutput	2.313s
PASS: docker_cli_health_test.go:147: DockerSuite.TestUnsetEnvVarHealthCheck	3.896s
PASS: docker_cli_update_unix_test.go:103: DockerSuite.TestUpdateContainerInvalidValue	0.390s
PASS: docker_cli_update_unix_test.go:115: DockerSuite.TestUpdateContainerWithoutFlags	0.384s
SKIP: docker_cli_update_unix_test.go:202: DockerSuite.TestUpdateInvalidSwapMemory (unmatched requirement swapMemorySupport)
PASS: docker_cli_update_unix_test.go:125: DockerSuite.TestUpdateKernelMemory	0.506s
PASS: docker_cli_update_unix_test.go:139: DockerSuite.TestUpdateKernelMemoryUninitialized	1.119s
SKIP: docker_cli_update_unix_test.go:258: DockerSuite.TestUpdateMemoryWithSwapMemory (unmatched requirement swapMemorySupport)
PASS: docker_cli_update_unix_test.go:272: DockerSuite.TestUpdateNotAffectMonitorRestartPolicy	0.910s
PASS: docker_cli_update_unix_test.go:68: DockerSuite.TestUpdatePausedContainer	0.542s
PASS: docker_cli_update_unix_test.go:22: DockerSuite.TestUpdateRunningContainer	0.482s
PASS: docker_cli_update_unix_test.go:37: DockerSuite.TestUpdateRunningContainerWithRestart	1.033s
PASS: docker_cli_update_unix_test.go:227: DockerSuite.TestUpdateStats	4.355s
PASS: docker_cli_update_unix_test.go:53: DockerSuite.TestUpdateStoppedContainer	1.056s
SKIP: docker_cli_update_unix_test.go:186: DockerSuite.TestUpdateSwapMemoryOnly (unmatched requirement swapMemorySupport)
PASS: docker_cli_update_unix_test.go:300: DockerSuite.TestUpdateWithNanoCPUs	0.651s
PASS: docker_cli_update_unix_test.go:85: DockerSuite.TestUpdateWithUntouchedFields	0.512s
PASS: docker_cli_run_test.go:293: DockerSuite.TestUserDefinedNetworkAlias	2.271s
PASS: docker_cli_network_unix_test.go:1536: DockerSuite.TestUserDefinedNetworkConnectDisconnectAlias	2.002s
PASS: docker_cli_network_unix_test.go:1462: DockerSuite.TestUserDefinedNetworkConnectDisconnectLink	1.606s
PASS: docker_cli_network_unix_test.go:1591: DockerSuite.TestUserDefinedNetworkConnectivity	1.182s
PASS: docker_cli_run_test.go:208: DockerSuite.TestUserDefinedNetworkLinks	1.952s
PASS: docker_cli_run_test.go:244: DockerSuite.TestUserDefinedNetworkLinksWithRestart	2.659s
PASS: docker_cli_run_unix_test.go:1168: DockerSuite.TestUserNoEffectiveCapabilitiesChown	1.538s
PASS: docker_cli_run_unix_test.go:1289: DockerSuite.TestUserNoEffectiveCapabilitiesChroot	1.549s
PASS: docker_cli_run_unix_test.go:1186: DockerSuite.TestUserNoEffectiveCapabilitiesDacOverride	0.970s
PASS: docker_cli_run_unix_test.go:1199: DockerSuite.TestUserNoEffectiveCapabilitiesFowner	0.980s
PASS: docker_cli_run_unix_test.go:1307: DockerSuite.TestUserNoEffectiveCapabilitiesMknod	1.534s
PASS: docker_cli_run_unix_test.go:1253: DockerSuite.TestUserNoEffectiveCapabilitiesNetBindService	5.885s
PASS: docker_cli_run_unix_test.go:1271: DockerSuite.TestUserNoEffectiveCapabilitiesNetRaw	6.019s
PASS: docker_cli_run_unix_test.go:1233: DockerSuite.TestUserNoEffectiveCapabilitiesSetgid	6.268s
PASS: docker_cli_run_unix_test.go:1215: DockerSuite.TestUserNoEffectiveCapabilitiesSetuid	6.069s
PASS: docker_cli_volume_test.go:22: DockerSuite.TestVolumeCLICreate	15.058s
PASS: docker_cli_volume_test.go:298: DockerSuite.TestVolumeCLICreateLabel	0.025s
PASS: docker_cli_volume_test.go:310: DockerSuite.TestVolumeCLICreateLabelMultiple	0.038s
PASS: docker_cli_volume_test.go:274: DockerSuite.TestVolumeCLICreateWithOpts	0.549s
PASS: docker_cli_volume_test.go:38: DockerSuite.TestVolumeCLIInspect	0.066s
PASS: docker_cli_volume_test.go:55: DockerSuite.TestVolumeCLIInspectMulti	0.051s
PASS: docker_cli_volume_test.go:264: DockerSuite.TestVolumeCLIInspectTmplError	0.025s
PASS: docker_cli_volume_test.go:72: DockerSuite.TestVolumeCLILs	0.558s
PASS: docker_cli_volume_test.go:193: DockerSuite.TestVolumeCLILsErrorWithInvalidFilterName	0.023s
PASS: docker_cli_volume_test.go:143: DockerSuite.TestVolumeCLILsFilterDangling	0.656s
PASS: docker_cli_volume_test.go:367: DockerSuite.TestVolumeCLILsFilterDrivers	0.073s
PASS: docker_cli_volume_test.go:337: DockerSuite.TestVolumeCLILsFilterLabels	0.072s
PASS: docker_cli_volume_test.go:199: DockerSuite.TestVolumeCLILsWithIncorrectFilterValue	0.012s
PASS: docker_cli_volume_test.go:241: DockerSuite.TestVolumeCLINoArgs	0.033s
PASS: docker_cli_volume_test.go:205: DockerSuite.TestVolumeCLIRm	1.688s
PASS: docker_cli_volume_test.go:406: DockerSuite.TestVolumeCLIRmForce	0.079s
PASS: docker_cli_volume_test.go:430: DockerSuite.TestVolumeCLIRmForceInUse	0.162s
PASS: docker_cli_volume_test.go:398: DockerSuite.TestVolumeCLIRmForceUsage	0.039s
PASS: docker_cli_volume_test.go:468: DockerSuite.TestVolumeCliInspectWithVolumeOpts	0.049s
PASS: docker_cli_events_unix_test.go:168: DockerSuite.TestVolumeEvents	0.557s
PASS: docker_cli_run_test.go:3019: DockerSuite.TestVolumeFromMixedRWOptions	1.544s
PASS: docker_cli_volume_test.go:85: DockerSuite.TestVolumeLsFormat	0.055s
PASS: docker_cli_volume_test.go:94: DockerSuite.TestVolumeLsFormatDefaultFormat	0.060s
PASS: docker_cli_run_test.go:496: DockerSuite.TestVolumesFromGetsProperMode	2.042s
PASS: docker_cli_run_test.go:2174: DockerSuite.TestVolumesNoCopyData	3.793s
SKIP: docker_cli_run_test.go:4537: DockerSuite.TestWindowsRunAsSystem (unmatched requirement DaemonIsWindowsAtLeastBuild.func1)
PASS: docker_cli_by_digest_test.go:184: DockerRegistrySuite.TestBuildByDigest	2.197s
PASS: docker_api_build_test.go:327: DockerRegistrySuite.TestBuildCopyFromForcePull	1.856s
PASS: docker_cli_build_test.go:5791: DockerRegistrySuite.TestBuildMultiStageImplicitPull	2.358s
PASS: docker_cli_pull_local_test.go:197: DockerRegistrySuite.TestConcurrentPullMultipleTags	7.132s
PASS: docker_cli_push_test.go:199: DockerRegistrySuite.TestConcurrentPush	8.037s
PASS: docker_cli_by_digest_test.go:130: DockerRegistrySuite.TestCreateByDigest	1.298s
PASS: docker_cli_push_test.go:207: DockerRegistrySuite.TestCrossRepositoryLayerPush	0.831s
PASS: docker_cli_by_digest_test.go:447: DockerRegistrySuite.TestDeleteImageByIDOnlyPulledByDigest	1.922s
PASS: docker_cli_by_digest_test.go:493: DockerRegistrySuite.TestDeleteImageWithDigestAndMultiRepoTag	1.957s
PASS: docker_cli_by_digest_test.go:466: DockerRegistrySuite.TestDeleteImageWithDigestAndTag	1.829s
PASS: docker_cli_events_test.go:545: DockerRegistrySuite.TestEventsImageFilterPush	1.828s
PASS: docker_cli_by_digest_test.go:391: DockerRegistrySuite.TestInspectImageWithDigests	1.814s
PASS: docker_cli_by_digest_test.go:318: DockerRegistrySuite.TestListDanglingImagesWithDigests	1.994s
PASS: docker_cli_by_digest_test.go:241: DockerRegistrySuite.TestListImagesWithDigests	2.772s
PASS: docker_cli_by_digest_test.go:228: DockerRegistrySuite.TestListImagesWithoutDigests	1.852s
PASS: docker_cli_by_digest_test.go:410: DockerRegistrySuite.TestPsListContainersFilterAncestorImageByDigest	3.584s
PASS: docker_cli_by_digest_test.go:105: DockerRegistrySuite.TestPullByDigest	1.114s
PASS: docker_cli_by_digest_test.go:122: DockerRegistrySuite.TestPullByDigestNoFallback	0.019s
PASS: docker_cli_by_digest_test.go:79: DockerRegistrySuite.TestPullByTagDisplaysDigest	1.731s
PASS: docker_cli_by_digest_test.go:612: DockerRegistrySuite.TestPullFailsWithAlteredLayer	0.882s
PASS: docker_cli_by_digest_test.go:530: DockerRegistrySuite.TestPullFailsWithAlteredManifest	1.772s
PASS: docker_cli_pull_local_test.go:258: DockerRegistrySuite.TestPullIDStability	5.146s
PASS: docker_cli_pull_local_test.go:54: DockerRegistrySuite.TestPullImageWithAliases	0.305s
PASS: docker_cli_pull_local_test.go:286: DockerRegistrySuite.TestPullManifestList	1.349s
PASS: docker_cli_pull_local_test.go:278: DockerRegistrySuite.TestPullNoLayers	0.587s
PASS: docker_cli_push_test.go:69: DockerRegistrySuite.TestPushBadTag	0.013s
PASS: docker_cli_push_test.go:29: DockerRegistrySuite.TestPushBusyboxImage	0.191s
PASS: docker_cli_push_test.go:145: DockerRegistrySuite.TestPushEmptyLayer	0.183s
PASS: docker_cli_push_test.go:114: DockerRegistrySuite.TestPushMultipleTags	0.227s
PASS: docker_cli_push_test.go:52: DockerRegistrySuite.TestPushUntagged	0.013s
PASS: docker_cli_by_digest_test.go:161: DockerRegistrySuite.TestRemoveImageByDigest	1.019s
PASS: docker_cli_by_digest_test.go:143: DockerRegistrySuite.TestRunByDigest	2.294s
PASS: docker_cli_pull_local_test.go:451: DockerRegistrySuite.TestRunImplicitPullWithNoTag	0.807s
PASS: docker_cli_by_digest_test.go:209: DockerRegistrySuite.TestTagByDigest	1.446s
PASS: docker_cli_registry_user_agent_test.go:73: DockerRegistrySuite.TestUserAgentPassThrough	0.862s
PASS: docker_cli_v2_only_test.go:27: DockerRegistrySuite.TestV2Only	0.665s
PASS: docker_cli_pull_local_test.go:201: DockerSchema1RegistrySuite.TestConcurrentPullMultipleTags	7.367s
PASS: docker_cli_push_test.go:203: DockerSchema1RegistrySuite.TestConcurrentPush	8.134s
PASS: docker_cli_push_test.go:248: DockerSchema1RegistrySuite.TestCrossRepositoryLayerPushNotSupported	0.954s
PASS: docker_cli_by_digest_test.go:109: DockerSchema1RegistrySuite.TestPullByDigest	1.125s
PASS: docker_cli_by_digest_test.go:126: DockerSchema1RegistrySuite.TestPullByDigestNoFallback	0.018s
PASS: docker_cli_by_digest_test.go:83: DockerSchema1RegistrySuite.TestPullByTagDisplaysDigest	1.722s
PASS: docker_cli_by_digest_test.go:655: DockerSchema1RegistrySuite.TestPullFailsWithAlteredLayer	1.788s
PASS: docker_cli_by_digest_test.go:570: DockerSchema1RegistrySuite.TestPullFailsWithAlteredManifest	0.900s
PASS: docker_cli_pull_local_test.go:262: DockerSchema1RegistrySuite.TestPullIDStability	5.179s
PASS: docker_cli_pull_local_test.go:58: DockerSchema1RegistrySuite.TestPullImageWithAliases	0.353s
PASS: docker_cli_pull_local_test.go:282: DockerSchema1RegistrySuite.TestPullNoLayers	0.940s
PASS: docker_cli_push_test.go:73: DockerSchema1RegistrySuite.TestPushBadTag	0.014s
PASS: docker_cli_push_test.go:33: DockerSchema1RegistrySuite.TestPushBusyboxImage	0.194s
PASS: docker_cli_push_test.go:149: DockerSchema1RegistrySuite.TestPushEmptyLayer	0.178s
PASS: docker_cli_push_test.go:118: DockerSchema1RegistrySuite.TestPushMultipleTags	0.278s
PASS: docker_cli_push_test.go:56: DockerSchema1RegistrySuite.TestPushUntagged	0.013s
PASS: docker_cli_build_test.go:5001: DockerRegistryAuthHtpasswdSuite.TestBuildFromAuthenticatedRegistry	1.504s
PASS: docker_cli_build_test.go:5019: DockerRegistryAuthHtpasswdSuite.TestBuildWithExternalAuth	0.405s
PASS: docker_cli_login_test.go:22: DockerRegistryAuthHtpasswdSuite.TestLoginToPrivateRegistry	0.055s
PASS: docker_cli_logout_test.go:15: DockerRegistryAuthHtpasswdSuite.TestLogoutWithExternalAuth	1.011s
PASS: docker_cli_logout_test.go:67: DockerRegistryAuthHtpasswdSuite.TestLogoutWithWrongHostnamesStored	0.109s
PASS: docker_cli_pull_local_test.go:415: DockerRegistryAuthHtpasswdSuite.TestPullWithExternalAuth	0.284s
PASS: docker_cli_pull_local_test.go:370: DockerRegistryAuthHtpasswdSuite.TestPullWithExternalAuthLoginWithScheme	0.444s
PASS: docker_cli_push_test.go:281: DockerRegistryAuthHtpasswdSuite.TestPushNoCredentialsNoRetry	0.039s
PASS: docker_cli_push_test.go:343: DockerRegistryAuthTokenSuite.TestPushMisconfiguredTokenServiceResponseError	5.142s
PASS: docker_cli_push_test.go:371: DockerRegistryAuthTokenSuite.TestPushMisconfiguredTokenServiceResponseNoToken	0.140s
PASS: docker_cli_push_test.go:330: DockerRegistryAuthTokenSuite.TestPushMisconfiguredTokenServiceResponseUnauthorized	0.140s
PASS: docker_cli_push_test.go:358: DockerRegistryAuthTokenSuite.TestPushMisconfiguredTokenServiceResponseUnparsable	0.140s
PASS: docker_cli_push_test.go:318: DockerRegistryAuthTokenSuite.TestPushTokenServiceUnauthResponse	0.140s
PASS: docker_cli_daemon_test.go:1745: DockerDaemonSuite.TestBridgeIPIsExcludedFromAllocatorPool	3.760s
PASS: docker_cli_daemon_test.go:2374: DockerDaemonSuite.TestBuildOnDisabledBridgeNetworkDaemon	2.125s
PASS: docker_cli_proxy_test.go:23: DockerDaemonSuite.TestCLIProxyProxyTCPSock	0.541s
PASS: docker_cli_daemon_test.go:1432: DockerDaemonSuite.TestCleanupMountsAfterDaemonAndContainerKill	1.785s
PASS: docker_cli_daemon_test.go:2005: DockerDaemonSuite.TestCleanupMountsAfterDaemonCrash	1.793s
PASS: docker_cli_daemon_test.go:1470: DockerDaemonSuite.TestCleanupMountsAfterGracefulShutdown	1.254s
PASS: docker_cli_daemon_test.go:523: DockerDaemonSuite.TestDaemonAllocatesListeningPort	1.051s
PASS: docker_cli_daemon_test.go:582: DockerDaemonSuite.TestDaemonBridgeExternal	1.930s
PASS: docker_cli_daemon_test.go:752: DockerDaemonSuite.TestDaemonBridgeFixedCIDREqualBridgeNetwork	1.819s
PASS: docker_cli_daemon_test.go:704: DockerDaemonSuite.TestDaemonBridgeFixedCidr	2.360s
PASS: docker_cli_daemon_test.go:727: DockerDaemonSuite.TestDaemonBridgeFixedCidr2	2.516s
PASS: docker_cli_daemon_test.go:642: DockerDaemonSuite.TestDaemonBridgeIP	1.835s
PASS: docker_cli_daemon_test.go:612: DockerDaemonSuite.TestDaemonBridgeNone	1.247s
PASS: docker_cli_daemon_test.go:1857: DockerDaemonSuite.TestDaemonCgroupParent	1.780s
PASS: docker_cli_daemon_test.go:1669: DockerDaemonSuite.TestDaemonCorruptedFluentdAddress	0.050s
PASS: docker_cli_daemon_test.go:1661: DockerDaemonSuite.TestDaemonCorruptedLogDriverAddress	0.044s
PASS: docker_cli_daemon_test.go:2389: DockerDaemonSuite.TestDaemonDNSFlagsInHostMode	1.096s
PASS: docker_cli_daemon_test.go:2185: DockerDaemonSuite.TestDaemonDebugLog	0.514s
PASS: docker_cli_daemon_test.go:791: DockerDaemonSuite.TestDaemonDefaultGatewayIPv4Explicit	1.804s
PASS: docker_cli_daemon_test.go:813: DockerDaemonSuite.TestDaemonDefaultGatewayIPv4ExplicitOutsideContainerSubnet	1.296s
PASS: docker_cli_daemon_test.go:770: DockerDaemonSuite.TestDaemonDefaultGatewayIPv4Implicit	1.828s
PASS: docker_cli_daemon_test.go:824: DockerDaemonSuite.TestDaemonDefaultNetworkInvalidClusterConfig	1.052s
PASS: docker_cli_daemon_test.go:2205: DockerDaemonSuite.TestDaemonDiscoveryBackendConfigReload	0.537s
PASS: docker_cli_events_unix_test.go:391: DockerDaemonSuite.TestDaemonEvents	3.543s
PASS: docker_cli_events_unix_test.go:460: DockerDaemonSuite.TestDaemonEventsWithFilters	3.589s
PASS: docker_cli_daemon_test.go:567: DockerDaemonSuite.TestDaemonExitOnFailure	0.037s
PASS: docker_cli_daemon_test.go:496: DockerDaemonSuite.TestDaemonFlagD	0.510s
PASS: docker_cli_daemon_test.go:505: DockerDaemonSuite.TestDaemonFlagDebug	0.510s
PASS: docker_cli_daemon_test.go:514: DockerDaemonSuite.TestDaemonFlagDebugLogLevelFatal	0.510s
PASS: docker_cli_daemon_test.go:906: DockerDaemonSuite.TestDaemonICCLinkExpose	2.223s
SKIP: docker_cli_daemon_test.go:870: DockerDaemonSuite.TestDaemonICCPing (unmatched requirement bridgeNfIptables)
PASS: docker_cli_daemon_test.go:841: DockerDaemonSuite.TestDaemonIP	1.923s
SKIP: docker_cli_daemon_test.go:355: DockerDaemonSuite.TestDaemonIPv6Enabled (unmatched requirement IPv6)
PASS: docker_cli_daemon_test.go:414: DockerDaemonSuite.TestDaemonIPv6FixedCIDR	1.179s
PASS: docker_cli_daemon_test.go:441: DockerDaemonSuite.TestDaemonIPv6FixedCIDRAndMac	1.176s
PASS: docker_cli_daemon_test.go:460: DockerDaemonSuite.TestDaemonIPv6HostMode	1.118s
PASS: docker_cli_daemon_test.go:293: DockerDaemonSuite.TestDaemonIptablesClean	1.276s
PASS: docker_cli_daemon_test.go:311: DockerDaemonSuite.TestDaemonIptablesCreate	1.801s
PASS: docker_cli_daemon_test.go:547: DockerDaemonSuite.TestDaemonKeyGeneration	0.520s
PASS: docker_cli_daemon_plugins_test.go:72: DockerDaemonSuite.TestDaemonKillLiveRestoreWithPlugins	6.115s
PASS: docker_cli_daemon_plugins_test.go:161: DockerDaemonSuite.TestDaemonKillWithPlugins	6.205s
time="2018-12-22T02:50:14Z" level=warning msg="Running modprobe nf_nat failed with message: ``, error: exec: \"modprobe\": executable file not found in $PATH"
time="2018-12-22T02:50:14Z" level=warning msg="Running modprobe xt_conntrack failed with message: ``, error: exec: \"modprobe\": executable file not found in $PATH"
PASS: docker_cli_daemon_test.go:932: DockerDaemonSuite.TestDaemonLinksIpTablesRulesWhenLinkAndUnlink	2.505s
PASS: docker_cli_daemon_test.go:477: DockerDaemonSuite.TestDaemonLogLevelDebug	0.510s
PASS: docker_cli_daemon_test.go:486: DockerDaemonSuite.TestDaemonLogLevelFatal	0.510s
PASS: docker_cli_daemon_test.go:473: DockerDaemonSuite.TestDaemonLogLevelWrong	0.036s
PASS: docker_cli_daemon_test.go:2251: DockerDaemonSuite.TestDaemonLogOptions	1.066s
PASS: docker_cli_daemon_test.go:1031: DockerDaemonSuite.TestDaemonLoggingDriverDefault	1.251s
PASS: docker_cli_daemon_test.go:1069: DockerDaemonSuite.TestDaemonLoggingDriverDefaultOverride	1.259s
PASS: docker_cli_daemon_test.go:1086: DockerDaemonSuite.TestDaemonLoggingDriverNone	1.240s
PASS: docker_cli_daemon_test.go:1143: DockerDaemonSuite.TestDaemonLoggingDriverNoneLogsError	1.286s
PASS: docker_cli_daemon_test.go:1103: DockerDaemonSuite.TestDaemonLoggingDriverNoneOverride	1.240s
PASS: docker_cli_daemon_test.go:1155: DockerDaemonSuite.TestDaemonLoggingDriverShouldBeIgnoredForBuild	2.121s
PASS: docker_cli_daemon_test.go:2264: DockerDaemonSuite.TestDaemonMaxConcurrency	0.510s
PASS: docker_cli_daemon_test.go:2276: DockerDaemonSuite.TestDaemonMaxConcurrencyWithConfigFile	3.518s
PASS: docker_cli_daemon_test.go:2317: DockerDaemonSuite.TestDaemonMaxConcurrencyWithConfigFileReload	6.511s
PASS: docker_cli_daemon_test.go:1772: DockerDaemonSuite.TestDaemonNoSpaceLeftOnDeviceError	4.660s
PASS: docker_cli_daemon_test.go:1503: DockerDaemonSuite.TestDaemonRestartCleanupNetns	1.844s
PASS: docker_cli_daemon_test.go:1799: DockerDaemonSuite.TestDaemonRestartContainerLinksRestart	7.160s
PASS: docker_cli_daemon_test.go:2966: DockerDaemonSuite.TestDaemonRestartIpcMode	2.159s
PASS: docker_cli_daemon_test.go:1244: DockerDaemonSuite.TestDaemonRestartKillWait	1.800s
PASS: docker_cli_daemon_test.go:1649: DockerDaemonSuite.TestDaemonRestartLocalVolumes	1.060s
PASS: docker_cli_daemon_test.go:170: DockerDaemonSuite.TestDaemonRestartOnFailure	3.594s
PASS: docker_cli_daemon_test.go:1013: DockerDaemonSuite.TestDaemonRestartRenameContainer	2.065s
PASS: docker_cli_network_unix_test.go:1667: DockerDaemonSuite.TestDaemonRestartRestoreBridgeNetwork	3.625s
PASS: docker_cli_daemon_test.go:1636: DockerDaemonSuite.TestDaemonRestartRmVolumeInUse	1.307s
PASS: docker_cli_daemon_test.go:2604: DockerDaemonSuite.TestDaemonRestartSaveContainerExitCode	1.748s
PASS: docker_cli_daemon_test.go:120: DockerDaemonSuite.TestDaemonRestartUnlessStopped	3.712s
PASS: docker_cli_daemon_test.go:2580: DockerDaemonSuite.TestDaemonRestartWithAutoRemoveContainer	2.287s
PASS: docker_cli_daemon_test.go:684: DockerDaemonSuite.TestDaemonRestartWithBridgeIPChange	1.551s
PASS: docker_cli_daemon_test.go:1490: DockerDaemonSuite.TestDaemonRestartWithContainerRunning	1.782s
PASS: docker_cli_daemon_test.go:1564: DockerDaemonSuite.TestDaemonRestartWithContainerWithRestartPolicyAlways	1.815s
SKIP: docker_cli_daemon_test.go:224: DockerDaemonSuite.TestDaemonRestartWithIncreasedBasesize (unmatched requirement Devicemapper)
SKIP: docker_cli_daemon_test.go:204: DockerDaemonSuite.TestDaemonRestartWithInvalidBasesize (unmatched requirement Devicemapper)
PASS: docker_cli_daemon_test.go:1955: DockerDaemonSuite.TestDaemonRestartWithKilledRunningContainer	2.646s
PASS: docker_cli_daemon_test.go:1884: DockerDaemonSuite.TestDaemonRestartWithLinks	3.146s
PASS: docker_cli_daemon_test.go:1907: DockerDaemonSuite.TestDaemonRestartWithNames	2.271s
PASS: docker_cli_daemon_test.go:1603: DockerDaemonSuite.TestDaemonRestartWithPausedContainer	2.090s
PASS: docker_cli_daemon_plugins_test.go:45: DockerDaemonSuite.TestDaemonRestartWithPluginDisabled	4.850s
PASS: docker_cli_daemon_plugins_test.go:16: DockerDaemonSuite.TestDaemonRestartWithPluginEnabled	5.964s
PASS: docker_cli_daemon_test.go:60: DockerDaemonSuite.TestDaemonRestartWithRunningContainersPorts	2.280s
PASS: docker_cli_daemon_test.go:1420: DockerDaemonSuite.TestDaemonRestartWithSocketAsVolume	2.263s
PASS: docker_cli_daemon_test.go:2052: DockerDaemonSuite.TestDaemonRestartWithUnpausedRunningContainer	1.878s
PASS: docker_cli_daemon_test.go:94: DockerDaemonSuite.TestDaemonRestartWithVolumesRefs	2.301s
PASS: docker_cli_daemon_plugins_test.go:98: DockerDaemonSuite.TestDaemonShutdownLiveRestoreWithPlugins	5.824s
PASS: docker_cli_daemon_test.go:2676: DockerDaemonSuite.TestDaemonShutdownTimeout	1.262s
PASS: docker_cli_daemon_test.go:2697: DockerDaemonSuite.TestDaemonShutdownTimeoutWithConfigFile	3.516s
PASS: docker_cli_daemon_plugins_test.go:123: DockerDaemonSuite.TestDaemonShutdownWithPlugins	6.984s
PASS: docker_cli_daemon_test.go:277: DockerDaemonSuite.TestDaemonStartBridgeWithoutIPAssociation	1.036s
PASS: docker_cli_daemon_test.go:199: DockerDaemonSuite.TestDaemonStartIptablesFalse	0.510s
PASS: docker_cli_daemon_test.go:1686: DockerDaemonSuite.TestDaemonStartWithDefaultTLSHost	0.540s
PASS: docker_cli_daemon_test.go:2941: DockerDaemonSuite.TestDaemonStartWithIpcModes	2.277s
PASS: docker_cli_daemon_test.go:2135: DockerDaemonSuite.TestDaemonStartWithoutColors	1.047s
PASS: docker_cli_daemon_test.go:1677: DockerDaemonSuite.TestDaemonStartWithoutHost	0.510s
PASS: docker_cli_daemon_test.go:1541: DockerDaemonSuite.TestDaemonTLSVerifyIssue13964	0.523s
PASS: docker_cli_daemon_test.go:965: DockerDaemonSuite.TestDaemonUlimitDefaults	2.265s
PASS: docker_cli_daemon_test.go:1170: DockerDaemonSuite.TestDaemonUnixSockCleanedUp	0.515s
PASS: docker_cli_userns_test.go:24: DockerDaemonSuite.TestDaemonUserNamespaceRootSetting	1.473s
PASS: docker_cli_daemon_test.go:1587: DockerDaemonSuite.TestDaemonWideLogConfig	1.066s
PASS: docker_cli_daemon_test.go:2645: DockerDaemonSuite.TestDaemonWithUserlandProxyPath	2.972s
PASS: docker_cli_daemon_test.go:1191: DockerDaemonSuite.TestDaemonWithWrongkey	0.558s
PASS: docker_cli_network_unix_test.go:807: DockerDaemonSuite.TestDockerNetworkNoDiscoveryDefaultBridgeNetwork	3.148s
PASS: docker_cli_exec_test.go:87: DockerDaemonSuite.TestExecAfterDaemonRestart	2.225s
PASS: docker_cli_daemon_test.go:2731: DockerDaemonSuite.TestExecWithUserAfterLiveRestore	12.098s
PASS: docker_cli_daemon_test.go:3006: DockerDaemonSuite.TestFailedPluginRemove	4.426s
PASS: docker_cli_daemon_test.go:1278: DockerDaemonSuite.TestHTTPSInfo	0.539s
PASS: docker_cli_daemon_test.go:1341: DockerDaemonSuite.TestHTTPSInfoRogueCert	0.533s
PASS: docker_cli_daemon_test.go:1370: DockerDaemonSuite.TestHTTPSInfoRogueServerCert	0.525s
PASS: docker_cli_daemon_test.go:1306: DockerDaemonSuite.TestHTTPSRun	1.252s
PASS: docker_cli_daemon_test.go:51: DockerDaemonSuite.TestLegacyDaemonCommand	0.000s
PASS: docker_cli_daemon_plugins_test.go:303: DockerDaemonSuite.TestPluginListFilterCapability	4.304s
PASS: docker_cli_daemon_plugins_test.go:275: DockerDaemonSuite.TestPluginListFilterEnabled	4.475s
PASS: docker_cli_daemon_plugins_test.go:234: DockerDaemonSuite.TestPluginVolumeRemoveOnRestart	5.792s
PASS: docker_cli_prune_unix_test.go:81: DockerDaemonSuite.TestPruneImageDangling	1.197s
PASS: docker_cli_prune_unix_test.go:270: DockerDaemonSuite.TestPruneImageLabel	1.974s
PASS: docker_cli_info_test.go:212: DockerDaemonSuite.TestRegistryMirrors	0.529s
PASS: docker_cli_daemon_test.go:2759: DockerDaemonSuite.TestRemoveContainerAfterLiveRestore	2.378s
PASS: docker_cli_daemon_test.go:2792: DockerDaemonSuite.TestRestartPolicyWithLiveRestore	2.382s
PASS: docker_cli_daemon_test.go:2109: DockerDaemonSuite.TestRunLinksChanged	3.016s
PASS: docker_cli_run_unix_test.go:1443: DockerDaemonSuite.TestRunSeccompJSONNewFormat	1.227s
PASS: docker_cli_run_unix_test.go:1494: DockerDaemonSuite.TestRunSeccompJSONNoArchAndArchMap	0.834s
PASS: docker_cli_run_unix_test.go:1468: DockerDaemonSuite.TestRunSeccompJSONNoNameAndNames	0.830s
PASS: docker_cli_run_unix_test.go:1531: DockerDaemonSuite.TestRunWithDaemonDefaultSeccompProfile	2.248s
PASS: docker_cli_daemon_test.go:2521: DockerDaemonSuite.TestRunWithRuntimeFromCommandLine	5.048s
PASS: docker_cli_daemon_test.go:2403: DockerDaemonSuite.TestRunWithRuntimeFromConfigFile	6.764s
PASS: docker_cli_run_test.go:4110: DockerDaemonSuite.TestRunWithUlimitAndDaemonDefault	1.533s
PASS: docker_cli_daemon_test.go:2849: DockerDaemonSuite.TestShmSize	1.265s
PASS: docker_cli_daemon_test.go:2866: DockerDaemonSuite.TestShmSizeReload	1.837s
PASS: docker_cli_daemon_test.go:1332: DockerDaemonSuite.TestTLSVerify	0.051s
PASS: docker_cli_daemon_plugins_test.go:188: DockerDaemonSuite.TestVolumePlugin	8.097s
PASS: docker_api_swarm_test.go:885: DockerSwarmSuite.TestAPIDuplicateNetworks	1.426s
PASS: docker_api_swarm_test.go:1012: DockerSwarmSuite.TestAPINetworkInspectWithScope	1.410s
PASS: docker_api_swarm_service_test.go:33: DockerSwarmSuite.TestAPIServiceUpdatePort	2.507s
PASS: docker_api_swarm_test.go:185: DockerSwarmSuite.TestAPISwarmCAHash	12.161s
PASS: docker_api_swarm_test.go:869: DockerSwarmSuite.TestAPISwarmErrorHandling	0.774s
PASS: docker_api_swarm_test.go:540: DockerSwarmSuite.TestAPISwarmForceNewCluster	13.963s
SKIP: docker_api_swarm_test.go:916: DockerSwarmSuite.TestAPISwarmHealthcheckNone (Root cause of Issue #36386 is needed)
PASS: docker_api_swarm_test.go:35: DockerSwarmSuite.TestAPISwarmInit	14.660s
PASS: docker_api_swarm_test.go:522: DockerSwarmSuite.TestAPISwarmInvalidAddress	0.722s
PASS: docker_api_swarm_test.go:81: DockerSwarmSuite.TestAPISwarmJoinToken	47.568s
PASS: docker_api_swarm_test.go:296: DockerSwarmSuite.TestAPISwarmLeaderElection	23.180s
PASS: docker_api_swarm_test.go:271: DockerSwarmSuite.TestAPISwarmLeaderProxy	3.980s
PASS: docker_api_swarm_test.go:423: DockerSwarmSuite.TestAPISwarmLeaveOnPendingJoin	22.811s
PASS: docker_api_swarm_test.go:400: DockerSwarmSuite.TestAPISwarmLeaveRemovesContainer	3.043s
PASS: docker_api_swarm_node_test.go:14: DockerSwarmSuite.TestAPISwarmListNodes	2.975s
PASS: docker_api_swarm_test.go:472: DockerSwarmSuite.TestAPISwarmManagerRestore	29.275s
PASS: docker_api_swarm_node_test.go:75: DockerSwarmSuite.TestAPISwarmNodeDrainPause	13.058s
PASS: docker_api_swarm_node_test.go:46: DockerSwarmSuite.TestAPISwarmNodeRemove	29.613s
PASS: docker_api_swarm_node_test.go:33: DockerSwarmSuite.TestAPISwarmNodeUpdate	1.295s
PASS: docker_api_swarm_test.go:201: DockerSwarmSuite.TestAPISwarmPromoteDemote	12.961s
PASS: docker_api_swarm_test.go:359: DockerSwarmSuite.TestAPISwarmRaftQuorum	57.001s
PASS: docker_api_swarm_test.go:776: DockerSwarmSuite.TestAPISwarmRestartCluster	23.473s
PASS: docker_api_swarm_test.go:453: DockerSwarmSuite.TestAPISwarmRestoreOnPendingJoin	21.713s
PASS: docker_api_swarm_test.go:498: DockerSwarmSuite.TestAPISwarmScaleNoRollingUpdate	3.026s
PASS: docker_api_swarm_service_test.go:403: DockerSwarmSuite.TestAPISwarmServiceConstraintLabel	6.639s
PASS: docker_api_swarm_service_test.go:351: DockerSwarmSuite.TestAPISwarmServiceConstraintRole	5.147s
PASS: docker_api_swarm_service_test.go:498: DockerSwarmSuite.TestAPISwarmServicePlacementPrefs	4.136s
PASS: docker_api_swarm_service_test.go:62: DockerSwarmSuite.TestAPISwarmServicesCreate	4.940s
PASS: docker_api_swarm_service_test.go:124: DockerSwarmSuite.TestAPISwarmServicesCreateGlobal	6.106s
PASS: docker_api_swarm_service_test.go:54: DockerSwarmSuite.TestAPISwarmServicesEmptyList	1.284s
PASS: docker_api_swarm_service_test.go:311: DockerSwarmSuite.TestAPISwarmServicesFailedUpdate	10.582s
PASS: docker_api_swarm_service_test.go:96: DockerSwarmSuite.TestAPISwarmServicesMultipleAgents	18.802s
PASS: docker_api_swarm_service_test.go:540: DockerSwarmSuite.TestAPISwarmServicesStateReporting	8.752s
PASS: docker_api_swarm_service_test.go:142: DockerSwarmSuite.TestAPISwarmServicesUpdate	26.297s
PASS: docker_api_swarm_service_test.go:202: DockerSwarmSuite.TestAPISwarmServicesUpdateStartFirst	23.013s
PASS: docker_api_swarm_test.go:841: DockerSwarmSuite.TestAPISwarmServicesUpdateWithName	3.304s
PASS: docker_api_swarm_test.go:861: DockerSwarmSuite.TestAPISwarmUnlockNotLocked	1.409s
PASS: docker_cli_swarm_test.go:945: DockerSwarmSuite.TestDNSConfig	2.250s
PASS: docker_cli_swarm_test.go:972: DockerSwarmSuite.TestDNSConfigUpdate	2.094s
PASS: docker_cli_swarm_test.go:1412: DockerSwarmSuite.TestExtraHosts	2.282s
PASS: docker_cli_swarm_test.go:1606: DockerSwarmSuite.TestNetworkInspectWithDuplicateNames	1.674s
PASS: docker_cli_swarm_test.go:393: DockerSwarmSuite.TestOverlayAttachable	2.665s
PASS: docker_cli_swarm_test.go:415: DockerSwarmSuite.TestOverlayAttachableOnSwarmLeave	3.280s
PASS: docker_cli_swarm_test.go:442: DockerSwarmSuite.TestOverlayAttachableReleaseResourcesOnFailure	23.047s
PASS: docker_cli_prune_unix_test.go:42: DockerSwarmSuite.TestPruneNetwork	9.664s
PASS: docker_cli_swarm_test.go:597: DockerSwarmSuite.TestPsListContainersFilterIsTask	2.457s
PASS: docker_cli_service_create_test.go:361: DockerSwarmSuite.TestServiceCreateMountTmpfs	2.069s
PASS: docker_cli_service_create_test.go:18: DockerSwarmSuite.TestServiceCreateMountVolume	2.067s
PASS: docker_cli_service_create_test.go:313: DockerSwarmSuite.TestServiceCreateWithConfigReferencedTwice	2.249s
PASS: docker_cli_service_create_test.go:214: DockerSwarmSuite.TestServiceCreateWithConfigSimple	1.496s
PASS: docker_cli_service_create_test.go:248: DockerSwarmSuite.TestServiceCreateWithConfigSourceTargetPaths	2.351s
PASS: docker_cli_service_create_test.go:414: DockerSwarmSuite.TestServiceCreateWithNetworkAlias	17.019s
PASS: docker_cli_service_create_test.go:166: DockerSwarmSuite.TestServiceCreateWithSecretReferencedTwice	2.157s
PASS: docker_cli_service_create_test.go:66: DockerSwarmSuite.TestServiceCreateWithSecretSimple	1.466s
PASS: docker_cli_service_create_test.go:100: DockerSwarmSuite.TestServiceCreateWithSecretSourceTargetPaths	2.406s
PASS: docker_cli_service_health_test.go:20: DockerSwarmSuite.TestServiceHealthRun	6.863s
PASS: docker_cli_service_health_test.go:82: DockerSwarmSuite.TestServiceHealthStart	4.605s
PASS: docker_cli_service_logs_test.go:24: DockerSwarmSuite.TestServiceLogs	2.394s
PASS: docker_cli_service_logs_test.go:71: DockerSwarmSuite.TestServiceLogsCompleteness	2.108s
PASS: docker_cli_service_logs_test.go:343: DockerSwarmSuite.TestServiceLogsDetails	2.100s
PASS: docker_cli_service_logs_test.go:157: DockerSwarmSuite.TestServiceLogsFollow	2.206s
PASS: docker_cli_service_logs_test.go:294: DockerSwarmSuite.TestServiceLogsNoHangDeletedContainer	14.249s
PASS: docker_cli_service_logs_test.go:122: DockerSwarmSuite.TestServiceLogsSince	2.427s
PASS: docker_cli_service_logs_test.go:256: DockerSwarmSuite.TestServiceLogsTTY	2.254s
PASS: docker_cli_service_logs_test.go:98: DockerSwarmSuite.TestServiceLogsTail	2.089s
PASS: docker_cli_service_logs_test.go:203: DockerSwarmSuite.TestServiceLogsTaskLogs	2.373s
PASS: docker_cli_service_scale_test.go:13: DockerSwarmSuite.TestServiceScale	1.424s
PASS: docker_cli_service_update_test.go:97: DockerSwarmSuite.TestServiceUpdateConfigs	1.513s
PASS: docker_cli_service_update_test.go:14: DockerSwarmSuite.TestServiceUpdateLabel	1.562s
PASS: docker_cli_service_update_test.go:55: DockerSwarmSuite.TestServiceUpdateSecrets	1.474s
PASS: docker_cli_swarm_test.go:1387: DockerSwarmSuite.TestSwarmAlternateLockUnlock	16.420s
PASS: docker_cli_swarm_test.go:1966: DockerSwarmSuite.TestSwarmClusterEventsConfig	1.430s
PASS: docker_cli_swarm_test.go:1927: DockerSwarmSuite.TestSwarmClusterEventsNetwork	1.471s
PASS: docker_cli_swarm_test.go:1897: DockerSwarmSuite.TestSwarmClusterEventsNode	4.134s
PASS: docker_cli_swarm_test.go:1813: DockerSwarmSuite.TestSwarmClusterEventsScope	7.382s
PASS: docker_cli_swarm_test.go:1946: DockerSwarmSuite.TestSwarmClusterEventsSecret	1.321s
PASS: docker_cli_swarm_test.go:1857: DockerSwarmSuite.TestSwarmClusterEventsService	14.836s
PASS: docker_cli_swarm_test.go:1793: DockerSwarmSuite.TestSwarmClusterEventsSource	3.561s
PASS: docker_cli_swarm_test.go:1834: DockerSwarmSuite.TestSwarmClusterEventsType	7.356s
PASS: docker_cli_swarm_test.go:1316: DockerSwarmSuite.TestSwarmClusterRotateUnlockKey	73.428s
PASS: docker_cli_swarm_test.go:365: DockerSwarmSuite.TestSwarmContainerAttachByNetworkId	3.127s
PASS: docker_cli_swarm_test.go:318: DockerSwarmSuite.TestSwarmContainerAutoStart	7.728s
PASS: docker_cli_swarm_test.go:340: DockerSwarmSuite.TestSwarmContainerEndpointOptions	6.198s
PASS: docker_cli_swarm_test.go:520: DockerSwarmSuite.TestSwarmCreateServiceWithNoIngressNetwork	1.445s
PASS: docker_cli_swarm_test.go:145: DockerSwarmSuite.TestSwarmIncompatibleDaemon	3.751s
PASS: docker_cli_swarm_test.go:466: DockerSwarmSuite.TestSwarmIngressNetwork	1.566s
PASS: docker_cli_swarm_test.go:83: DockerSwarmSuite.TestSwarmInit	2.712s
SKIP: docker_cli_swarm_test.go:126: DockerSwarmSuite.TestSwarmInitIPv6 (unmatched requirement IPv6)
PASS: docker_cli_swarm_test.go:1053: DockerSwarmSuite.TestSwarmInitLocked	5.456s
PASS: docker_cli_swarm_test.go:138: DockerSwarmSuite.TestSwarmInitUnspecifiedAdvertiseAddr	0.754s
PASS: docker_cli_swarm_test.go:1731: DockerSwarmSuite.TestSwarmInitUnspecifiedDataPathAddr	0.750s
PASS: docker_cli_swarm_test.go:1574: DockerSwarmSuite.TestSwarmInitWithDrain	1.439s
PASS: docker_cli_swarm_test.go:1743: DockerSwarmSuite.TestSwarmJoinLeave	53.234s
PASS: docker_cli_swarm_test.go:1189: DockerSwarmSuite.TestSwarmJoinPromoteLocked	36.117s
PASS: docker_cli_swarm_test.go:1546: DockerSwarmSuite.TestSwarmJoinWithDrain	2.705s
PASS: docker_cli_swarm_test.go:1095: DockerSwarmSuite.TestSwarmLeaveLocked	3.044s
PASS: docker_cli_swarm_test.go:1128: DockerSwarmSuite.TestSwarmLockUnlockCluster	98.664s
PASS: docker_cli_swarm_test.go:1435: DockerSwarmSuite.TestSwarmManagerAddress	3.151s
PASS: docker_cli_swarm_test.go:1505: DockerSwarmSuite.TestSwarmNetworkCreateDup	1.734s
PASS: docker_cli_swarm_test.go:1482: DockerSwarmSuite.TestSwarmNetworkCreateIssue27866	1.381s
PASS: docker_cli_swarm_test.go:1456: DockerSwarmSuite.TestSwarmNetworkIPAMOptions	2.717s
PASS: docker_cli_swarm_test.go:798: DockerSwarmSuite.TestSwarmNetworkPlugin	1.412s
PASS: docker_cli_swarm_unix_test.go:57: DockerSwarmSuite.TestSwarmNetworkPluginV2	47.059s
PASS: docker_cli_swarm_test.go:228: DockerSwarmSuite.TestSwarmNodeListFilter	1.552s
PASS: docker_cli_swarm_test.go:247: DockerSwarmSuite.TestSwarmNodeTaskListFilter	2.555s
PASS: docker_cli_swarm_test.go:274: DockerSwarmSuite.TestSwarmPublishAdd	1.531s
PASS: docker_cli_swarm_test.go:1527: DockerSwarmSuite.TestSwarmPublishDuplicatePorts	2.551s
PASS: docker_cli_swarm_test.go:1585: DockerSwarmSuite.TestSwarmReadonlyRootfs	2.199s
PASS: docker_api_swarm_test.go:943: DockerSwarmSuite.TestSwarmRepeatedRootRotation	14.985s
PASS: docker_cli_swarm_test.go:1248: DockerSwarmSuite.TestSwarmRotateUnlockKey	12.598s
PASS: docker_cli_swarm_test.go:817: DockerSwarmSuite.TestSwarmServiceEnvFile	1.454s
PASS: docker_cli_swarm_test.go:187: DockerSwarmSuite.TestSwarmServiceListFilter	1.557s
PASS: docker_cli_swarm_test.go:1700: DockerSwarmSuite.TestSwarmServiceLsFilterMode	2.431s
PASS: docker_cli_swarm_test.go:906: DockerSwarmSuite.TestSwarmServiceNetworkUpdate	6.836s
PASS: docker_cli_swarm_test.go:835: DockerSwarmSuite.TestSwarmServiceTTY	14.312s
PASS: docker_cli_swarm_test.go:883: DockerSwarmSuite.TestSwarmServiceTTYUpdate	2.147s
PASS: docker_cli_swarm_test.go:169: DockerSwarmSuite.TestSwarmServiceTemplatingHostname	2.114s
PASS: docker_cli_swarm_test.go:296: DockerSwarmSuite.TestSwarmServiceWithGroup	2.082s
PASS: docker_cli_swarm_test.go:1672: DockerSwarmSuite.TestSwarmStopSignal	2.133s
PASS: docker_cli_swarm_test.go:539: DockerSwarmSuite.TestSwarmTaskListFilter	1.716s
PASS: docker_cli_swarm_test.go:35: DockerSwarmSuite.TestSwarmUpdate	1.584s
PASS: docker_cli_swarm_unix_test.go:15: DockerSwarmSuite.TestSwarmVolumePlugin	21.977s
PASS: docker_cli_swarm_test.go:1028: DockerSwarmSuite.TestUnlockEngineAndUnlockedSwarm	1.351s
PASS: docker_api_swarm_test.go:163: DockerSwarmSuite.TestUpdateSwarmAddExternalCA	1.500s
time="2018-12-22T03:22:21Z" level=info msg="Attempting next endpoint for push after error: Get https://127.0.0.1:5000/v2/: http: server gave HTTP response to HTTPS client"
PASS: docker_cli_plugins_test.go:31: DockerPluginSuite.TestPluginBasicOps	1.044s
PASS: docker_cli_plugins_test.go:262: DockerPluginSuite.TestPluginCreate	0.129s
PASS: docker_cli_plugins_test.go:240: DockerPluginSuite.TestPluginEnableDisableNegative	1.031s
PASS: docker_cli_plugins_test.go:62: DockerPluginSuite.TestPluginForceRemove	1.009s
PASS: docker_cli_plugins_test.go:354: DockerPluginSuite.TestPluginIDPrefix	1.436s
PASS: docker_cli_plugins_test.go:294: DockerPluginSuite.TestPluginInspect	1.089s
time="2018-12-22T03:23:57Z" level=info msg="Attempting next endpoint for push after error: Get https://127.0.0.1:5000/v2/: http: server gave HTTP response to HTTPS client"
PASS: docker_cli_plugins_test.go:210: DockerPluginSuite.TestPluginInstallArgs	0.826s
PASS: docker_cli_plugins_test.go:126: DockerPluginSuite.TestPluginInstallDisable	1.050s
PASS: docker_cli_plugins_test.go:226: DockerPluginSuite.TestPluginInstallImage	0.188s
PASS: docker_cli_plugins_test.go:411: DockerPluginSuite.TestPluginListDefaultFormat	0.572s
PASS: docker_cli_plugins_test.go:159: DockerPluginSuite.TestPluginSet	0.635s
PASS: docker_cli_external_volume_driver_unix_test.go:446: DockerExternalVolumeSuite.TestExternalVolumeDriverBindExternalVolume	0.393s
PASS: docker_cli_external_volume_driver_unix_test.go:545: DockerExternalVolumeSuite.TestExternalVolumeDriverCapabilities	0.589s
PASS: docker_cli_external_volume_driver_unix_test.go:352: DockerExternalVolumeSuite.TestExternalVolumeDriverDeleteContainer	1.292s
PASS: docker_cli_external_volume_driver_unix_test.go:475: DockerExternalVolumeSuite.TestExternalVolumeDriverGet	15.046s
PASS: docker_cli_external_volume_driver_unix_test.go:508: DockerExternalVolumeSuite.TestExternalVolumeDriverGetEmptyResponse	0.540s
PASS: docker_cli_external_volume_driver_unix_test.go:461: DockerExternalVolumeSuite.TestExternalVolumeDriverList	15.031s
PASS: docker_cli_external_volume_driver_unix_test.go:373: DockerExternalVolumeSuite.TestExternalVolumeDriverLookupNotBlocked	0.116s
PASS: docker_cli_external_volume_driver_unix_test.go:536: DockerExternalVolumeSuite.TestExternalVolumeDriverMountID	1.272s
PASS: docker_cli_external_volume_driver_unix_test.go:297: DockerExternalVolumeSuite.TestExternalVolumeDriverNamed	1.298s
PASS: docker_cli_external_volume_driver_unix_test.go:559: DockerExternalVolumeSuite.TestExternalVolumeDriverOutOfBandDelete	0.815s
PASS: docker_cli_external_volume_driver_unix_test.go:523: DockerExternalVolumeSuite.TestExternalVolumeDriverPathCalls	15.543s
PASS: docker_cli_external_volume_driver_unix_test.go:409: DockerExternalVolumeSuite.TestExternalVolumeDriverRetryNotImmediatelyExists	4.319s
PASS: docker_cli_external_volume_driver_unix_test.go:618: DockerExternalVolumeSuite.TestExternalVolumeDriverUnmountOnCp	1.410s
PASS: docker_cli_external_volume_driver_unix_test.go:608: DockerExternalVolumeSuite.TestExternalVolumeDriverUnmountOnMountFail	0.963s
PASS: docker_cli_external_volume_driver_unix_test.go:319: DockerExternalVolumeSuite.TestExternalVolumeDriverUnnamed	1.303s
PASS: docker_cli_external_volume_driver_unix_test.go:333: DockerExternalVolumeSuite.TestExternalVolumeDriverVolumesFrom	1.841s
PASS: docker_cli_external_volume_driver_unix_test.go:495: DockerExternalVolumeSuite.TestExternalVolumeDriverWithDaemonRestart	1.071s
PASS: docker_cli_external_volume_driver_unix_test.go:285: DockerExternalVolumeSuite.TestVolumeCLICreateOptionConflict	0.050s
PASS: docker_cli_network_unix_test.go:1787: DockerNetworkSuite.TestConntrackFlowsLeak	3.788s
PASS: docker_deprecated_api_v124_unix_test.go:14: DockerNetworkSuite.TestDeprecatedDockerNetworkStartAPIWithHostconfig	0.466s
PASS: docker_cli_network_unix_test.go:865: DockerNetworkSuite.TestDockerNetworkAnonymousEndpoint	2.813s
PASS: docker_cli_network_unix_test.go:539: DockerNetworkSuite.TestDockerNetworkConnectDisconnect	1.281s
PASS: docker_cli_network_unix_test.go:1258: DockerNetworkSuite.TestDockerNetworkConnectDisconnectToStoppedContainer	2.495s
PASS: docker_cli_network_unix_test.go:1192: DockerNetworkSuite.TestDockerNetworkConnectDisconnectWithPortMapping	0.978s
PASS: docker_cli_network_unix_test.go:1415: DockerNetworkSuite.TestDockerNetworkConnectLinkLocalIP	4.619s
PASS: docker_cli_network_unix_test.go:1308: DockerNetworkSuite.TestDockerNetworkConnectPreferredIP	1.717s
PASS: docker_cli_network_unix_test.go:1344: DockerNetworkSuite.TestDockerNetworkConnectPreferredIPStoppedContainer	1.026s
PASS: docker_cli_network_unix_test.go:1158: DockerNetworkSuite.TestDockerNetworkConnectToHostFromOtherNetwork	0.492s
PASS: docker_cli_network_unix_test.go:1523: DockerNetworkSuite.TestDockerNetworkConnectWithAliasOnDefaultNetworks	0.352s
PASS: docker_cli_network_unix_test.go:1229: DockerNetworkSuite.TestDockerNetworkConnectWithMac	0.550s
PASS: docker_cli_network_unix_test.go:1175: DockerNetworkSuite.TestDockerNetworkConnectWithPortMapping	0.511s
PASS: docker_cli_network_unix_test.go:374: DockerNetworkSuite.TestDockerNetworkCreateDelete	0.131s
PASS: docker_cli_network_unix_test.go:1655: DockerNetworkSuite.TestDockerNetworkCreateDeleteSpecialCharacters	0.259s
PASS: docker_cli_network_unix_test.go:298: DockerNetworkSuite.TestDockerNetworkCreateHostBind	0.507s
PASS: docker_cli_network_unix_test.go:382: DockerNetworkSuite.TestDockerNetworkCreateLabel	0.154s
PASS: docker_cli_network_unix_test.go:289: DockerNetworkSuite.TestDockerNetworkCreatePredefined	0.047s
PASS: docker_cli_network_unix_test.go:633: DockerNetworkSuite.TestDockerNetworkCustomIPAM	0.158s
PASS: docker_cli_network_unix_test.go:1292: DockerNetworkSuite.TestDockerNetworkDisconnectContainerNonexistingNetwork	0.757s
PASS: docker_cli_network_unix_test.go:1503: DockerNetworkSuite.TestDockerNetworkDisconnectDefault	0.625s
PASS: docker_cli_network_unix_test.go:1773: DockerNetworkSuite.TestDockerNetworkDisconnectFromBridge	0.076s
PASS: docker_cli_network_unix_test.go:1167: DockerNetworkSuite.TestDockerNetworkDisconnectFromHost	0.281s
PASS: docker_cli_network_unix_test.go:768: DockerNetworkSuite.TestDockerNetworkDriverOptions	0.066s
PASS: docker_cli_network_unix_test.go:979: DockerNetworkSuite.TestDockerNetworkDriverUngracefulRestart	2.304s
PASS: docker_cli_network_unix_test.go:1737: DockerNetworkSuite.TestDockerNetworkFlagAlias	1.835s
PASS: docker_cli_network_unix_test.go:1132: DockerNetworkSuite.TestDockerNetworkHostModeUngracefulDaemonRestart	7.231s
PASS: docker_cli_network_unix_test.go:744: DockerNetworkSuite.TestDockerNetworkIPAMInvalidCombinations	0.181s
PASS: docker_cli_network_unix_test.go:592: DockerNetworkSuite.TestDockerNetworkIPAMMultipleNetworks	0.721s
PASS: docker_cli_network_unix_test.go:649: DockerNetworkSuite.TestDockerNetworkIPAMOptions	0.060s
PASS: docker_cli_network_unix_test.go:1241: DockerNetworkSuite.TestDockerNetworkInspectCreatedContainer	0.061s
PASS: docker_cli_network_unix_test.go:725: DockerNetworkSuite.TestDockerNetworkInspectCustomSpecified	0.145s
PASS: docker_cli_network_unix_test.go:706: DockerNetworkSuite.TestDockerNetworkInspectCustomUnspecified	0.134s
PASS: docker_cli_network_unix_test.go:678: DockerNetworkSuite.TestDockerNetworkInspectDefault	0.002s
PASS: docker_cli_network_unix_test.go:926: DockerNetworkSuite.TestDockerNetworkLinkOnDefaultNetworkOnly	1.655s
PASS: docker_cli_network_unix_test.go:282: DockerNetworkSuite.TestDockerNetworkLsDefault	0.038s
SKIP: docker_cli_network_unix_test.go:318: DockerNetworkSuite.TestDockerNetworkLsFilter (unmatched requirement OnlyDefaultNetworks)
PASS: docker_cli_network_unix_test.go:1020: DockerNetworkSuite.TestDockerNetworkMacInspect	0.525s
PASS: docker_cli_network_unix_test.go:1086: DockerNetworkSuite.TestDockerNetworkMultipleNetworksGracefulDaemonRestart	3.004s
PASS: docker_cli_network_unix_test.go:1105: DockerNetworkSuite.TestDockerNetworkMultipleNetworksUngracefulDaemonRestart	2.601s
PASS: docker_cli_network_unix_test.go:662: DockerNetworkSuite.TestDockerNetworkNullIPAMDriver	0.037s
PASS: docker_cli_network_unix_test.go:952: DockerNetworkSuite.TestDockerNetworkOverlayPortMapping	0.536s
PASS: docker_cli_network_unix_test.go:1247: DockerNetworkSuite.TestDockerNetworkRestartWithMultipleNetworks	1.246s
PASS: docker_cli_network_unix_test.go:309: DockerNetworkSuite.TestDockerNetworkRmPredefined	0.050s
PASS: docker_cli_network_unix_test.go:1126: DockerNetworkSuite.TestDockerNetworkRunNetByID	0.496s
PASS: docker_cli_network_unix_test.go:1367: DockerNetworkSuite.TestDockerNetworkUnsupportedRequiredIP	0.491s
PASS: docker_cli_network_unix_test.go:1749: DockerNetworkSuite.TestDockerNetworkValidateIP	0.628s
PASS: docker_cli_network_unix_test.go:783: DockerNetworkSuite.TestDockerPluginV2NetworkDriver	9.511s
PASS: docker_cli_pull_test.go:194: DockerHubPullSuite.TestPullAllTagsFromCentralRegistry	5.336s
PASS: docker_cli_pull_test.go:238: DockerHubPullSuite.TestPullClientDisconnect	3.057s
PASS: docker_cli_pull_test.go:17: DockerHubPullSuite.TestPullFromCentralRegistry	1.945s
PASS: docker_cli_pull_test.go:116: DockerHubPullSuite.TestPullFromCentralRegistryImplicitRefParts	10.479s
PASS: docker_cli_pull_test.go:41: DockerHubPullSuite.TestPullNonExistingImage	1.094s
PASS: docker_cli_pull_test.go:184: DockerHubPullSuite.TestPullScratchNotAllowed	0.022s
OOPS: 1475 passed, 51 skipped, 1 FAILED
--- FAIL: Test (5573.65s)
FAIL
---> Making bundle: .integration-daemon-stop (in bundles/test-integration)
/go/src/github.com/docker/docker/hack/make/.integration-daemon-stop: line 10: wait: pid 13887 is not a child of this shell
warning: PID 13887 from bundles/test-integration/d1876d838a622/docker.pid had a nonzero exit code
Clearing AppArmor profiles cache:.
All profile caches have been cleared, but no profiles have been unloaded.
Unloading profiles will leave already running processes permanently
unconfined, which can lead to unexpected situations.

To set a process to complain mode, use the command line tool
'aa-complain'. To really tear down all profiles, run the init script
with the 'teardown' option."
Removing test suite binaries
Build step 'Execute shell' marked build as failure
Set build name.
New build name is '#34233'
[PostBuildScript] - Executing post build scripts.
[Docker-PRs] $ /bin/sh -xe /tmp/jenkins8225949936353012279.sh
+ echo Ensuring container killed.
Ensuring container killed.
+ docker rm -vf docker-pr52175
Error: No such container: docker-pr52175
+ true
+ echo Chowning /workspace to jenkins user
Chowning /workspace to jenkins user
+ id -u
+ id -g
+ docker run --rm -v /home/ubuntu/workspace/Docker-PRs:/workspace busybox chown -R 1000:1000 /workspace
[Docker-PRs] $ /bin/sh -xe /tmp/jenkins2661721118743558503.sh
+ echo Creating bundles.tar.gz
Creating bundles.tar.gz
+ xargs tar -czf bundles.tar.gz
+ find bundles -name *.log -o -name *.prof -o -name integration.test
Archiving artifacts
Notifying endpoint with url 'https://leeroy.dockerproject.org/notification/jenkins'
[WS-CLEANUP] Deleting project workspace...[WS-CLEANUP] done
Finished: FAILURE
