Started by user Gordon
Notifying endpoint with url 'https://leeroy.dockerproject.org/notification/jenkins'
[EnvInject] - Loading node environment variables.
Building remotely on ubuntu-1604-overlay2-stable (i-00ab5195496429898) (x86_64 ec2 ubuntu overlay2 linux ubuntu-1604 ubuntu-1604-overlay2-stable amd64 docker us-west-2) in workspace /home/ubuntu/workspace/Docker-PRs
Wiping out workspace first.
Cloning the remote Git repository
Cloning repository https://github.com/moby/moby.git
 > git init /home/ubuntu/workspace/Docker-PRs # timeout=10
Fetching upstream changes from https://github.com/moby/moby.git
 > git --version # timeout=10
 > git fetch --tags --progress https://github.com/moby/moby.git +refs/heads/*:refs/remotes/origin/*
 > git config remote.origin.url https://github.com/moby/moby.git # timeout=10
 > git config --add remote.origin.fetch +refs/heads/*:refs/remotes/origin/* # timeout=10
 > git config remote.origin.url https://github.com/moby/moby.git # timeout=10
Fetching upstream changes from https://github.com/moby/moby.git
 > git fetch --tags --progress https://github.com/moby/moby.git +refs/heads/*:refs/remotes/origin/*
 > git rev-parse origin/master^{commit} # timeout=10
Checking out Revision 2cb26cfe9cbf8a64c5046c74d65f4528b22e67f4 (origin/master)
 > git config core.sparsecheckout # timeout=10
 > git checkout -f 2cb26cfe9cbf8a64c5046c74d65f4528b22e67f4
Commit message: "Merge pull request #38301 from cyphar/waitgroup-limits"
 > git rev-list --no-walk 2cb26cfe9cbf8a64c5046c74d65f4528b22e67f4 # timeout=10
Set build name.
New build name is '#38415'
[Docker-PRs] $ /bin/bash /tmp/jenkins5046783992549635696.sh
From https://github.com/moby/moby
 * [new ref]         refs/pull/38415/head -> origin/pr/38415
Updating 2cb26cf..4f5c4e1
Fast-forward
 builder/buildutil/session.go            |  58 +++++++
 builder/buildutil/util.go               | 258 ++++++++++++++++++++++++++++++++
 integration/build/build_session_test.go |  89 +++--------
 integration/build/build_squash_test.go  |  17 +--
 integration/build/build_test.go         | 141 ++++-------------
 5 files changed, 372 insertions(+), 191 deletions(-)
 create mode 100644 builder/buildutil/session.go
 create mode 100644 builder/buildutil/util.go
Sending build context to Docker daemon  45.09MB
Step 1/93 : FROM golang:1.11.4 AS base
 ---> 2422e4d43e15
Step 2/93 : ARG APT_MIRROR=deb.debian.org
 ---> Using cache
 ---> ed7d811a3737
Step 3/93 : RUN sed -ri "s/(httpredir|deb).debian.org/$APT_MIRROR/g" /etc/apt/sources.list
 ---> Using cache
 ---> 8a3dfa886b60
Step 4/93 : FROM base AS criu
 ---> 8a3dfa886b60
Step 5/93 : ENV CRIU_VERSION 3.6
 ---> Using cache
 ---> 590e533f5802
Step 6/93 : RUN apt-get update && apt-get install -y 	libnet-dev 	libprotobuf-c0-dev 	libprotobuf-dev 	libnl-3-dev 	libcap-dev 	protobuf-compiler 	protobuf-c-compiler 	python-protobuf 	&& mkdir -p /usr/src/criu 	&& curl -sSL https://github.com/checkpoint-restore/criu/archive/v${CRIU_VERSION}.tar.gz | tar -C /usr/src/criu/ -xz --strip-components=1 	&& cd /usr/src/criu 	&& make 	&& make PREFIX=/build/ install-criu
 ---> Using cache
 ---> 8deb8f68c11f
Step 7/93 : FROM base AS registry
 ---> 8a3dfa886b60
Step 8/93 : ENV REGISTRY_COMMIT_SCHEMA1 ec87e9b6971d831f0eff752ddb54fb64693e51cd
 ---> Using cache
 ---> 58b6e9b911a4
Step 9/93 : ENV REGISTRY_COMMIT 47a064d4195a9b56133891bbb13620c3ac83a827
 ---> Using cache
 ---> 8942ec361ef9
Step 10/93 : RUN set -x 	&& export GOPATH="$(mktemp -d)" 	&& git clone https://github.com/docker/distribution.git "$GOPATH/src/github.com/docker/distribution" 	&& (cd "$GOPATH/src/github.com/docker/distribution" && git checkout -q "$REGISTRY_COMMIT") 	&& GOPATH="$GOPATH/src/github.com/docker/distribution/Godeps/_workspace:$GOPATH" 		go build -buildmode=pie -o /build/registry-v2 github.com/docker/distribution/cmd/registry 	&& case $(dpkg --print-architecture) in 		amd64|ppc64*|s390x) 		(cd "$GOPATH/src/github.com/docker/distribution" && git checkout -q "$REGISTRY_COMMIT_SCHEMA1"); 		GOPATH="$GOPATH/src/github.com/docker/distribution/Godeps/_workspace:$GOPATH"; 			go build -buildmode=pie -o /build/registry-v2-schema1 github.com/docker/distribution/cmd/registry; 		;; 	   esac 	&& rm -rf "$GOPATH"
 ---> Using cache
 ---> e63d6234bdbb
Step 11/93 : FROM base AS docker-py
 ---> 8a3dfa886b60
Step 12/93 : ENV DOCKER_PY_COMMIT 8b246db271a85d6541dc458838627e89c683e42f
 ---> Using cache
 ---> e2d60bfc376d
Step 13/93 : RUN git clone https://github.com/docker/docker-py.git /build 	&& cd /build 	&& git checkout -q $DOCKER_PY_COMMIT
 ---> Using cache
 ---> ed46cfaf9e40
Step 14/93 : FROM base AS swagger
 ---> 8a3dfa886b60
Step 15/93 : ENV GO_SWAGGER_COMMIT c28258affb0b6251755d92489ef685af8d4ff3eb
 ---> Using cache
 ---> d52d38f94cdb
Step 16/93 : RUN set -x 	&& export GOPATH="$(mktemp -d)" 	&& git clone https://github.com/go-swagger/go-swagger.git "$GOPATH/src/github.com/go-swagger/go-swagger" 	&& (cd "$GOPATH/src/github.com/go-swagger/go-swagger" && git checkout -q "$GO_SWAGGER_COMMIT") 	&& go build -o /build/swagger github.com/go-swagger/go-swagger/cmd/swagger 	&& rm -rf "$GOPATH"
 ---> Using cache
 ---> e27094b97451
Step 17/93 : FROM base AS frozen-images
 ---> 8a3dfa886b60
Step 18/93 : RUN apt-get update && apt-get install -y jq ca-certificates --no-install-recommends
 ---> Using cache
 ---> 15cd986d8884
Step 19/93 : COPY contrib/download-frozen-image-v2.sh /
 ---> Using cache
 ---> f430eb66768f
Step 20/93 : RUN /download-frozen-image-v2.sh /build 	buildpack-deps:jessie@sha256:dd86dced7c9cd2a724e779730f0a53f93b7ef42228d4344b25ce9a42a1486251 	busybox:latest@sha256:bbc3a03235220b170ba48a157dd097dd1379299370e1ed99ce976df0355d24f0 	busybox:glibc@sha256:0b55a30394294ab23b9afd58fab94e61a923f5834fba7ddbae7f8e0c11ba85e6 	debian:jessie@sha256:287a20c5f73087ab406e6b364833e3fb7b3ae63ca0eb3486555dc27ed32c6e60 	hello-world:latest@sha256:be0cd392e45be79ffeffa6b05338b98ebb16c87b255f48e297ec7f98e123905c
 ---> Using cache
 ---> 8fce422a298d
Step 21/93 : FROM base AS runtime-dev
 ---> 8a3dfa886b60
Step 22/93 : RUN apt-get update && apt-get install -y 	libapparmor-dev 	libseccomp-dev
 ---> Using cache
 ---> 781cff916625
Step 23/93 : FROM base AS tomlv
 ---> 8a3dfa886b60
Step 24/93 : ENV INSTALL_BINARY_NAME=tomlv
 ---> Using cache
 ---> f4d8ea45f9b3
Step 25/93 : COPY hack/dockerfile/install/install.sh ./install.sh
 ---> Using cache
 ---> 502a893e1f81
Step 26/93 : COPY hack/dockerfile/install/$INSTALL_BINARY_NAME.installer ./
 ---> Using cache
 ---> ed3f942d48cf
Step 27/93 : RUN PREFIX=/build/ ./install.sh $INSTALL_BINARY_NAME
 ---> Using cache
 ---> 020b34ebed3b
Step 28/93 : FROM base AS vndr
 ---> 8a3dfa886b60
Step 29/93 : ENV INSTALL_BINARY_NAME=vndr
 ---> Using cache
 ---> 999ebdc5ddde
Step 30/93 : COPY hack/dockerfile/install/install.sh ./install.sh
 ---> Using cache
 ---> b9d701c96a54
Step 31/93 : COPY hack/dockerfile/install/$INSTALL_BINARY_NAME.installer ./
 ---> Using cache
 ---> afbbc9eae7f1
Step 32/93 : RUN PREFIX=/build/ ./install.sh $INSTALL_BINARY_NAME
 ---> Using cache
 ---> 183cc621bd03
Step 33/93 : FROM base AS containerd
 ---> 8a3dfa886b60
Step 34/93 : RUN apt-get update && apt-get install -y btrfs-tools
 ---> Using cache
 ---> ef58a8c4a7c8
Step 35/93 : ENV INSTALL_BINARY_NAME=containerd
 ---> Using cache
 ---> 5cff0c07fbde
Step 36/93 : COPY hack/dockerfile/install/install.sh ./install.sh
 ---> Using cache
 ---> f6ac85cef03e
Step 37/93 : COPY hack/dockerfile/install/$INSTALL_BINARY_NAME.installer ./
 ---> Using cache
 ---> 9fa5cd16fab6
Step 38/93 : RUN PREFIX=/build/ ./install.sh $INSTALL_BINARY_NAME
 ---> Using cache
 ---> 7079d659ecfc
Step 39/93 : FROM base AS proxy
 ---> 8a3dfa886b60
Step 40/93 : ENV INSTALL_BINARY_NAME=proxy
 ---> Using cache
 ---> ad21ee248d06
Step 41/93 : COPY hack/dockerfile/install/install.sh ./install.sh
 ---> Using cache
 ---> 593a6bee8d99
Step 42/93 : COPY hack/dockerfile/install/$INSTALL_BINARY_NAME.installer ./
 ---> Using cache
 ---> 6fe77e8f2fec
Step 43/93 : RUN PREFIX=/build/ ./install.sh $INSTALL_BINARY_NAME
 ---> Using cache
 ---> 6d6f10ea005c
Step 44/93 : FROM base AS gometalinter
 ---> 8a3dfa886b60
Step 45/93 : ENV INSTALL_BINARY_NAME=gometalinter
 ---> Using cache
 ---> bff47e3543d0
Step 46/93 : COPY hack/dockerfile/install/install.sh ./install.sh
 ---> Using cache
 ---> 2fa4410dcee1
Step 47/93 : COPY hack/dockerfile/install/$INSTALL_BINARY_NAME.installer ./
 ---> Using cache
 ---> 8665bd9a253e
Step 48/93 : RUN PREFIX=/build/ ./install.sh $INSTALL_BINARY_NAME
 ---> Using cache
 ---> c50d0f7f9f22
Step 49/93 : FROM base AS dockercli
 ---> 8a3dfa886b60
Step 50/93 : ENV INSTALL_BINARY_NAME=dockercli
 ---> Using cache
 ---> 2cd51e4763e9
Step 51/93 : COPY hack/dockerfile/install/install.sh ./install.sh
 ---> Using cache
 ---> fc2c0b63775d
Step 52/93 : COPY hack/dockerfile/install/$INSTALL_BINARY_NAME.installer ./
 ---> Using cache
 ---> f1de78df97e2
Step 53/93 : RUN PREFIX=/build/ ./install.sh $INSTALL_BINARY_NAME
 ---> Using cache
 ---> ae80ebf2babb
Step 54/93 : FROM runtime-dev AS runc
 ---> 781cff916625
Step 55/93 : ENV INSTALL_BINARY_NAME=runc
 ---> Using cache
 ---> fab1cfcad28e
Step 56/93 : COPY hack/dockerfile/install/install.sh ./install.sh
 ---> Using cache
 ---> 320316c76b92
Step 57/93 : COPY hack/dockerfile/install/$INSTALL_BINARY_NAME.installer ./
 ---> Using cache
 ---> a99784a99e85
Step 58/93 : RUN PREFIX=/build/ ./install.sh $INSTALL_BINARY_NAME
 ---> Using cache
 ---> c21078c36593
Step 59/93 : FROM base AS tini
 ---> 8a3dfa886b60
Step 60/93 : RUN apt-get update && apt-get install -y cmake vim-common
 ---> Using cache
 ---> 69432b567faf
Step 61/93 : COPY hack/dockerfile/install/install.sh ./install.sh
 ---> Using cache
 ---> 0c8643c1e9e0
Step 62/93 : ENV INSTALL_BINARY_NAME=tini
 ---> Using cache
 ---> 88ac8f35aa72
Step 63/93 : COPY hack/dockerfile/install/$INSTALL_BINARY_NAME.installer ./
 ---> Using cache
 ---> 4e27dd1ef94b
Step 64/93 : RUN PREFIX=/build/ ./install.sh $INSTALL_BINARY_NAME
 ---> Using cache
 ---> bb383c29db73
Step 65/93 : FROM runtime-dev AS dev
 ---> 781cff916625
Step 66/93 : RUN groupadd -r docker
 ---> Using cache
 ---> 9ea10f3e203b
Step 67/93 : RUN useradd --create-home --gid docker unprivilegeduser
 ---> Using cache
 ---> 8fa6a96998d4
Step 68/93 : RUN ln -sfv /go/src/github.com/docker/docker/.bashrc ~/.bashrc
 ---> Using cache
 ---> e18309a3ed28
Step 69/93 : RUN echo "source /usr/share/bash-completion/bash_completion" >> /etc/bash.bashrc
 ---> Using cache
 ---> 3c488f8c720a
Step 70/93 : RUN ln -s /usr/local/completion/bash/docker /etc/bash_completion.d/docker
 ---> Using cache
 ---> a156ec0123f5
Step 71/93 : RUN ldconfig
 ---> Using cache
 ---> 01b8c49d752f
Step 72/93 : RUN apt-get update && apt-get install -y 	apparmor 	aufs-tools 	bash-completion 	btrfs-tools 	iptables 	jq 	libcap2-bin 	libdevmapper-dev 	libudev-dev 	libsystemd-dev 	binutils-mingw-w64 	g++-mingw-w64-x86-64 	net-tools 	pigz 	python-backports.ssl-match-hostname 	python-dev 	python-mock 	python-pip 	python-requests 	python-setuptools 	python-websocket 	python-wheel 	thin-provisioning-tools 	vim 	vim-common 	xfsprogs 	zip 	bzip2 	xz-utils 	--no-install-recommends
 ---> Using cache
 ---> 1fca33da3a7b
Step 73/93 : COPY --from=swagger /build/swagger* /usr/local/bin/
 ---> Using cache
 ---> 6c058a9bd9f2
Step 74/93 : COPY --from=frozen-images /build/ /docker-frozen-images
 ---> Using cache
 ---> 03b143018351
Step 75/93 : COPY --from=gometalinter /build/ /usr/local/bin/
 ---> Using cache
 ---> eed62a46b960
Step 76/93 : COPY --from=tomlv /build/ /usr/local/bin/
 ---> Using cache
 ---> 718dbfa64419
Step 77/93 : COPY --from=vndr /build/ /usr/local/bin/
 ---> Using cache
 ---> 6fed31a6999d
Step 78/93 : COPY --from=tini /build/ /usr/local/bin/
 ---> Using cache
 ---> 57ad29d08b45
Step 79/93 : COPY --from=runc /build/ /usr/local/bin/
 ---> Using cache
 ---> f57c3cbffdd3
Step 80/93 : COPY --from=containerd /build/ /usr/local/bin/
 ---> Using cache
 ---> 4ca65e1b6d4d
Step 81/93 : COPY --from=proxy /build/ /usr/local/bin/
 ---> Using cache
 ---> d12d440082cb
Step 82/93 : COPY --from=dockercli /build/ /usr/local/cli
 ---> Using cache
 ---> 74ff233d9df5
Step 83/93 : COPY --from=registry /build/registry* /usr/local/bin/
 ---> Using cache
 ---> 385d5f7d5a4f
Step 84/93 : COPY --from=criu /build/ /usr/local/
 ---> Using cache
 ---> 94dc715f0c1f
Step 85/93 : COPY --from=docker-py /build/ /docker-py
 ---> Using cache
 ---> e2f835a18851
Step 86/93 : RUN cd /docker-py 	&& pip install docker-pycreds==0.2.1 	&& pip install yamllint==1.5.0 	&& pip install -r test-requirements.txt
 ---> Using cache
 ---> 0e679a85b043
Step 87/93 : ENV PATH=/usr/local/cli:$PATH
 ---> Using cache
 ---> a3bb84d7764d
Step 88/93 : ENV DOCKER_BUILDTAGS apparmor seccomp selinux
 ---> Using cache
 ---> 34187a387eaf
Step 89/93 : ENV GOMETALINTER_OPTS="--deadline=2m"
 ---> Using cache
 ---> a69fb30b1c70
Step 90/93 : WORKDIR /go/src/github.com/docker/docker
 ---> Using cache
 ---> d08f683c5669
Step 91/93 : VOLUME /var/lib/docker
 ---> Using cache
 ---> 7aa44112f97b
Step 92/93 : ENTRYPOINT ["hack/dind"]
 ---> Using cache
 ---> 78a295926124
Step 93/93 : COPY . /go/src/github.com/docker/docker
 ---> 222836648271
Successfully built 222836648271
Successfully tagged docker:4f5c4e1
Congratulations!  All commits are properly signed with the DCO!
Congratulations!  "./pkg/..." is safely isolated from internal code.
No api/types/ or api/swagger.yaml changes in diff.
Congratulations!  No testing.T found.
Congratulations!  All toml source files changed here have valid syntax.
Congratulations!  Changelog CHANGELOG.md is well-formed.
Congratulations!  Changelog CHANGELOG.md dates are in descending order.
Congratulations!  No new tests added to integration-cli.
?   	github.com/docker/docker/api	[no test files]
ok  	github.com/docker/docker/api/server	0.004s	coverage: 7.9% of statements
?   	github.com/docker/docker/api/server/backend/build	[no test files]
ok  	github.com/docker/docker/api/server/httputils	0.005s	coverage: 11.1% of statements
ok  	github.com/docker/docker/api/server/middleware	0.004s	coverage: 43.4% of statements
?   	github.com/docker/docker/api/server/router	[no test files]
?   	github.com/docker/docker/api/server/router/build	[no test files]
?   	github.com/docker/docker/api/server/router/checkpoint	[no test files]
?   	github.com/docker/docker/api/server/router/container	[no test files]
?   	github.com/docker/docker/api/server/router/debug	[no test files]
?   	github.com/docker/docker/api/server/router/distribution	[no test files]
?   	github.com/docker/docker/api/server/router/image	[no test files]
?   	github.com/docker/docker/api/server/router/network	[no test files]
?   	github.com/docker/docker/api/server/router/plugin	[no test files]
?   	github.com/docker/docker/api/server/router/session	[no test files]
?   	github.com/docker/docker/api/server/router/swarm	[no test files]
?   	github.com/docker/docker/api/server/router/system	[no test files]
?   	github.com/docker/docker/api/server/router/volume	[no test files]
?   	github.com/docker/docker/api/types	[no test files]
?   	github.com/docker/docker/api/types/backend	[no test files]
?   	github.com/docker/docker/api/types/blkiodev	[no test files]
?   	github.com/docker/docker/api/types/container	[no test files]
?   	github.com/docker/docker/api/types/events	[no test files]
ok  	github.com/docker/docker/api/types/filters	0.003s	coverage: 94.2% of statements
?   	github.com/docker/docker/api/types/image	[no test files]
?   	github.com/docker/docker/api/types/mount	[no test files]
?   	github.com/docker/docker/api/types/network	[no test files]
?   	github.com/docker/docker/api/types/plugins/logdriver	[no test files]
?   	github.com/docker/docker/api/types/registry	[no test files]
ok  	github.com/docker/docker/api/types/strslice	0.002s	coverage: 90.0% of statements
?   	github.com/docker/docker/api/types/swarm	[no test files]
?   	github.com/docker/docker/api/types/swarm/runtime	[no test files]
ok  	github.com/docker/docker/api/types/time	0.004s	coverage: 100.0% of statements
ok  	github.com/docker/docker/api/types/versions	0.002s	coverage: 75.0% of statements
?   	github.com/docker/docker/api/types/versions/v1p19	[no test files]
?   	github.com/docker/docker/api/types/versions/v1p20	[no test files]
?   	github.com/docker/docker/api/types/volume	[no test files]
?   	github.com/docker/docker/builder	[no test files]
?   	github.com/docker/docker/builder/builder-next	[no test files]
?   	github.com/docker/docker/builder/builder-next/adapters/containerimage	[no test files]
?   	github.com/docker/docker/builder/builder-next/adapters/snapshot	[no test files]
?   	github.com/docker/docker/builder/builder-next/exporter	[no test files]
?   	github.com/docker/docker/builder/builder-next/imagerefchecker	[no test files]
?   	github.com/docker/docker/builder/builder-next/worker	[no test files]
?   	github.com/docker/docker/builder/buildutil	[no test files]
ok  	github.com/docker/docker/builder/dockerfile	0.372s	coverage: 45.4% of statements
ok  	github.com/docker/docker/builder/dockerignore	0.002s	coverage: 96.8% of statements
ok  	github.com/docker/docker/builder/fscache	0.111s	coverage: 69.2% of statements
ok  	github.com/docker/docker/builder/remotecontext	0.148s	coverage: 13.7% of statements
ok  	github.com/docker/docker/builder/remotecontext/git	0.594s	coverage: 78.8% of statements
?   	github.com/docker/docker/cli	[no test files]
?   	github.com/docker/docker/cli/config	[no test files]
ok  	github.com/docker/docker/cli/debug	0.002s	coverage: 100.0% of statements
ok  	github.com/docker/docker/client	0.244s	coverage: 75.6% of statements
ok  	github.com/docker/docker/cmd/dockerd	0.048s	coverage: 31.4% of statements
ok  	github.com/docker/docker/cmd/dockerd/hack	0.002s	coverage: 72.9% of statements
ok  	github.com/docker/docker/container	0.113s	coverage: 35.6% of statements
?   	github.com/docker/docker/container/stream	[no test files]
?   	github.com/docker/docker/contrib/apparmor	[no test files]
?   	github.com/docker/docker/contrib/docker-device-tool	[no test files]
?   	github.com/docker/docker/contrib/httpserver	[no test files]
ok  	github.com/docker/docker/daemon	12.134s	coverage: 17.1% of statements
ok  	github.com/docker/docker/daemon/cluster	0.030s	coverage: 0.5% of statements
ok  	github.com/docker/docker/daemon/cluster/controllers/plugin	0.009s	coverage: 65.3% of statements
ok  	github.com/docker/docker/daemon/cluster/convert	0.007s	coverage: 28.0% of statements
?   	github.com/docker/docker/daemon/cluster/executor	[no test files]
ok  	github.com/docker/docker/daemon/cluster/executor/container	3.431s	coverage: 12.6% of statements
?   	github.com/docker/docker/daemon/cluster/provider	[no test files]
ok  	github.com/docker/docker/daemon/config	0.029s	coverage: 84.8% of statements
ok  	github.com/docker/docker/daemon/discovery	0.004s	coverage: 30.4% of statements
ok  	github.com/docker/docker/daemon/events	0.057s	coverage: 50.0% of statements
?   	github.com/docker/docker/daemon/events/testutils	[no test files]
?   	github.com/docker/docker/daemon/exec	[no test files]
ok  	github.com/docker/docker/daemon/graphdriver	0.004s	coverage: 2.2% of statements
ok  	github.com/docker/docker/daemon/graphdriver/aufs	5.113s	coverage: 73.6% of statements
ok  	github.com/docker/docker/daemon/graphdriver/btrfs	0.004s	coverage: 2.9% of statements
ok  	github.com/docker/docker/daemon/graphdriver/copy	0.174s	coverage: 57.0% of statements
ok  	github.com/docker/docker/daemon/graphdriver/devmapper	2.129s	coverage: 45.9% of statements
?   	github.com/docker/docker/daemon/graphdriver/graphtest	[no test files]
ok  	github.com/docker/docker/daemon/graphdriver/overlay	0.729s	coverage: 50.8% of statements
ok  	github.com/docker/docker/daemon/graphdriver/overlay2	2.159s	coverage: 56.8% of statements
?   	github.com/docker/docker/daemon/graphdriver/overlayutils	[no test files]
ok  	github.com/docker/docker/daemon/graphdriver/quota	0.254s	coverage: 75.2% of statements
?   	github.com/docker/docker/daemon/graphdriver/register	[no test files]
ok  	github.com/docker/docker/daemon/graphdriver/vfs	0.005s	coverage: 70.5% of statements
ok  	github.com/docker/docker/daemon/graphdriver/zfs	0.005s	coverage: 3.0% of statements
ok  	github.com/docker/docker/daemon/images	0.010s	coverage: 4.9% of statements
?   	github.com/docker/docker/daemon/initlayer	[no test files]
ok  	github.com/docker/docker/daemon/links	0.002s	coverage: 93.0% of statements
?   	github.com/docker/docker/daemon/listeners	[no test files]
ok  	github.com/docker/docker/daemon/logger	0.214s	coverage: 43.7% of statements
ok  	github.com/docker/docker/daemon/logger/awslogs	0.112s	coverage: 71.7% of statements
?   	github.com/docker/docker/daemon/logger/fluentd	[no test files]
?   	github.com/docker/docker/daemon/logger/gcplogs	[no test files]
ok  	github.com/docker/docker/daemon/logger/gelf	0.004s	coverage: 68.2% of statements
ok  	github.com/docker/docker/daemon/logger/journald	0.004s	coverage: 26.2% of statements
ok  	github.com/docker/docker/daemon/logger/jsonfilelog	0.006s	coverage: 62.1% of statements
ok  	github.com/docker/docker/daemon/logger/jsonfilelog/jsonlog	0.005s	coverage: 88.3% of statements
ok  	github.com/docker/docker/daemon/logger/local	0.011s	coverage: 74.7% of statements
?   	github.com/docker/docker/daemon/logger/logentries	[no test files]
ok  	github.com/docker/docker/daemon/logger/loggerutils	0.006s	coverage: 18.6% of statements
ok  	github.com/docker/docker/daemon/logger/splunk	1.489s	coverage: 84.5% of statements
ok  	github.com/docker/docker/daemon/logger/syslog	0.004s	coverage: 22.8% of statements
ok  	github.com/docker/docker/daemon/logger/templates	0.002s	coverage: 8.3% of statements
?   	github.com/docker/docker/daemon/names	[no test files]
ok  	github.com/docker/docker/daemon/network	0.002s	coverage: 57.1% of statements
?   	github.com/docker/docker/daemon/stats	[no test files]
ok  	github.com/docker/docker/distribution	1.121s	coverage: 16.8% of statements
ok  	github.com/docker/docker/distribution/metadata	0.027s	coverage: 48.2% of statements
?   	github.com/docker/docker/distribution/utils	[no test files]
ok  	github.com/docker/docker/distribution/xfer	1.431s	coverage: 83.9% of statements
?   	github.com/docker/docker/dockerversion	[no test files]
ok  	github.com/docker/docker/errdefs	0.002s	coverage: 76.6% of statements
ok  	github.com/docker/docker/image	0.016s	coverage: 86.3% of statements
ok  	github.com/docker/docker/image/cache	0.006s	coverage: 19.2% of statements
?   	github.com/docker/docker/image/tarexport	[no test files]
ok  	github.com/docker/docker/image/v1	0.006s	coverage: 25.0% of statements
ok  	github.com/docker/docker/internal/procfs	0.002s	coverage: 78.4% of statements
?   	github.com/docker/docker/internal/test	[no test files]
?   	github.com/docker/docker/internal/test/daemon	[no test files]
?   	github.com/docker/docker/internal/test/environment	[no test files]
?   	github.com/docker/docker/internal/test/fakecontext	[no test files]
?   	github.com/docker/docker/internal/test/fakegit	[no test files]
?   	github.com/docker/docker/internal/test/fakestorage	[no test files]
?   	github.com/docker/docker/internal/test/fixtures/load	[no test files]
?   	github.com/docker/docker/internal/test/fixtures/plugin	[no test files]
?   	github.com/docker/docker/internal/test/fixtures/plugin/basic	[no test files]
?   	github.com/docker/docker/internal/test/registry	[no test files]
?   	github.com/docker/docker/internal/test/request	[no test files]
ok  	github.com/docker/docker/internal/testutil	0.002s	coverage: 62.5% of statements
ok  	github.com/docker/docker/layer	7.132s	coverage: 71.4% of statements
ok  	github.com/docker/docker/libcontainerd	0.027s	coverage: 3.4% of statements
?   	github.com/docker/docker/libcontainerd/supervisor	[no test files]
?   	github.com/docker/docker/oci	[no test files]
?   	github.com/docker/docker/oci/caps	[no test files]
ok  	github.com/docker/docker/opts	0.016s	coverage: 68.4% of statements
ok  	github.com/docker/docker/pkg/aaparser	0.002s	coverage: 50.0% of statements
ok  	github.com/docker/docker/pkg/archive	0.278s	coverage: 82.3% of statements
ok  	github.com/docker/docker/pkg/authorization	0.111s	coverage: 66.7% of statements
ok  	github.com/docker/docker/pkg/broadcaster	0.002s	coverage: 100.0% of statements
ok  	github.com/docker/docker/pkg/chrootarchive	2.814s	coverage: 37.0% of statements
?   	github.com/docker/docker/pkg/containerfs	[no test files]
?   	github.com/docker/docker/pkg/devicemapper	[no test files]
ok  	github.com/docker/docker/pkg/directory	0.003s	coverage: 80.0% of statements
ok  	github.com/docker/docker/pkg/discovery	0.004s	coverage: 58.3% of statements
ok  	github.com/docker/docker/pkg/discovery/file	0.004s	coverage: 97.6% of statements
ok  	github.com/docker/docker/pkg/discovery/kv	3.062s	coverage: 84.1% of statements
ok  	github.com/docker/docker/pkg/discovery/memory	0.002s	coverage: 92.3% of statements
ok  	github.com/docker/docker/pkg/discovery/nodes	0.003s	coverage: 93.8% of statements
ok  	github.com/docker/docker/pkg/dmesg	0.003s	coverage: 83.3% of statements
ok  	github.com/docker/docker/pkg/filenotify	0.603s	coverage: 66.3% of statements
ok  	github.com/docker/docker/pkg/fileutils	0.006s	coverage: 89.5% of statements
ok  	github.com/docker/docker/pkg/fsutils	0.156s	coverage: 85.1% of statements
ok  	github.com/docker/docker/pkg/homedir	0.003s	coverage: 41.7% of statements
ok  	github.com/docker/docker/pkg/idtools	0.319s	coverage: 70.2% of statements
ok  	github.com/docker/docker/pkg/ioutils	0.382s	coverage: 69.1% of statements
ok  	github.com/docker/docker/pkg/jsonmessage	0.003s	coverage: 88.3% of statements
ok  	github.com/docker/docker/pkg/locker	0.011s	coverage: 88.9% of statements
ok  	github.com/docker/docker/pkg/longpath	0.002s	coverage: 100.0% of statements
?   	github.com/docker/docker/pkg/loopback	[no test files]
ok  	github.com/docker/docker/pkg/mount	0.483s	coverage: 68.6% of statements
ok  	github.com/docker/docker/pkg/namesgenerator	0.002s	coverage: 85.7% of statements
?   	github.com/docker/docker/pkg/namesgenerator/cmd/names-generator	[no test files]
ok  	github.com/docker/docker/pkg/parsers	0.002s	coverage: 97.0% of statements
ok  	github.com/docker/docker/pkg/parsers/kernel	0.002s	coverage: 60.0% of statements
ok  	github.com/docker/docker/pkg/parsers/operatingsystem	0.002s	coverage: 90.0% of statements
ok  	github.com/docker/docker/pkg/pidfile	0.002s	coverage: 82.4% of statements
?   	github.com/docker/docker/pkg/platform	[no test files]
?   	github.com/docker/docker/pkg/plugingetter	[no test files]
ok  	github.com/docker/docker/pkg/plugins	33.616s	coverage: 76.8% of statements
ok  	github.com/docker/docker/pkg/plugins/pluginrpc-gen	0.007s	coverage: 56.8% of statements
?   	github.com/docker/docker/pkg/plugins/pluginrpc-gen/fixtures	[no test files]
?   	github.com/docker/docker/pkg/plugins/pluginrpc-gen/fixtures/otherfixture	[no test files]
ok  	github.com/docker/docker/pkg/plugins/transport	0.002s	coverage: 85.7% of statements
ok  	github.com/docker/docker/pkg/pools	0.002s	coverage: 87.9% of statements
ok  	github.com/docker/docker/pkg/progress	0.002s	coverage: 75.9% of statements
ok  	github.com/docker/docker/pkg/pubsub	1.037s	coverage: 72.7% of statements
ok  	github.com/docker/docker/pkg/reexec	0.007s	coverage: 82.4% of statements
ok  	github.com/docker/docker/pkg/signal	2.379s	coverage: 61.0% of statements
?   	github.com/docker/docker/pkg/signal/testfiles	[no test files]
ok  	github.com/docker/docker/pkg/stdcopy	0.003s	coverage: 100.0% of statements
ok  	github.com/docker/docker/pkg/streamformatter	0.003s	coverage: 66.2% of statements
ok  	github.com/docker/docker/pkg/stringid	0.002s	coverage: 76.0% of statements
ok  	github.com/docker/docker/pkg/symlink	0.006s	coverage: 87.7% of statements
ok  	github.com/docker/docker/pkg/sysinfo	0.004s	coverage: 75.8% of statements
ok  	github.com/docker/docker/pkg/system	0.016s	coverage: 36.1% of statements
ok  	github.com/docker/docker/pkg/tailfile	0.017s	coverage: 88.6% of statements
ok  	github.com/docker/docker/pkg/tarsum	0.060s	coverage: 89.3% of statements
ok  	github.com/docker/docker/pkg/term	0.003s	coverage: 84.8% of statements
ok  	github.com/docker/docker/pkg/term/windows	0.002s	coverage: 0.0% of statements [no tests to run]
ok  	github.com/docker/docker/pkg/truncindex	0.102s	coverage: 91.5% of statements
ok  	github.com/docker/docker/pkg/urlutil	0.002s	coverage: 100.0% of statements
ok  	github.com/docker/docker/pkg/useragent	0.002s	coverage: 88.9% of statements
ok  	github.com/docker/docker/plugin	0.535s	coverage: 27.3% of statements
ok  	github.com/docker/docker/plugin/executor/containerd	0.007s	coverage: 33.3% of statements
ok  	github.com/docker/docker/plugin/v2	0.003s	coverage: 14.5% of statements
?   	github.com/docker/docker/profiles/apparmor	[no test files]
ok  	github.com/docker/docker/profiles/seccomp	0.005s	coverage: 79.4% of statements
ok  	github.com/docker/docker/reference	0.006s	coverage: 84.4% of statements
ok  	github.com/docker/docker/registry	0.105s	coverage: 57.0% of statements
ok  	github.com/docker/docker/registry/resumable	0.016s	coverage: 100.0% of statements
ok  	github.com/docker/docker/restartmanager	0.002s	coverage: 47.1% of statements
ok  	github.com/docker/docker/runconfig	0.009s	coverage: 68.2% of statements
?   	github.com/docker/docker/runconfig/opts	[no test files]
?   	github.com/docker/docker/volume	[no test files]
ok  	github.com/docker/docker/volume/drivers	0.005s	coverage: 36.1% of statements
ok  	github.com/docker/docker/volume/local	0.021s	coverage: 73.0% of statements
ok  	github.com/docker/docker/volume/mounts	0.025s	coverage: 66.8% of statements
ok  	github.com/docker/docker/volume/service	0.014s	coverage: 73.0% of statements
?   	github.com/docker/docker/volume/service/opts	[no test files]
?   	github.com/docker/docker/volume/testutils	[no test files]

  _____          _
 / ____|        | |
| |     ___   __| | ___  ___ _____   __
| |    / _ \ / _` |/ _ \/ __/ _ \ \ / /
| |___| (_) | (_| |  __/ (_| (_) \ V /
 \_____\___/ \__,_|\___|\___\___/ \_/
                              Bash-0b37652


x> No CI provider detected.
    Testing inside Docker? http://docs.codecov.io/docs/testing-with-docker
    Testing with Tox? https://docs.codecov.io/docs/python#section-testing-with-tox
    project root: .
--> token set from env
    Yaml found at: codecov.yml
    -> Found 1 reports
==> Detecting git/mercurial file structure
==> Reading reports
    + coverage.txt bytes=1662587
==> Appending adjustments
    http://docs.codecov.io/docs/fixing-reports
    + Found adjustments
==> Gzipping contents
==> Uploading reports
    url: https://codecov.io
    query: branch=&commit=4f5c4e1991ec24c4d70ff230dfdd660a0224f34e&build=&build_url=&name=&tag=&slug=moby%2Fmoby&service=&flags=&pr=&job=
    -> Pinging Codecov
    -> Uploading
    -> View reports at https://codecov.io/github/moby/moby/commit/4f5c4e1991ec24c4d70ff230dfdd660a0224f34e

Removing bundles/

---> Making bundle: binary-daemon (in bundles/binary-daemon)
Building: bundles/binary-daemon/dockerd-dev
Created binary: bundles/binary-daemon/dockerd-dev
Copying nested executables into bundles/binary-daemon

---> Making bundle: dynbinary (in bundles/dynbinary)
Building: bundles/dynbinary-daemon/dockerd-dev
Created binary: bundles/dynbinary-daemon/dockerd-dev

---> Making bundle: test-docker-py (in bundles/test-docker-py)
---> Making bundle: .integration-daemon-start (in bundles/test-docker-py)
Using test binary docker
/etc/init.d/apparmor: 130: /etc/init.d/apparmor: systemd-detect-virt: not found
Starting AppArmor profiles:Warning from stdin (line 1): /sbin/apparmor_parser: cannot use or update cache, disable, or force-complain via stdin
Warning failed to create cache: (null)
.
INFO: Waiting for daemon to start...
Starting dockerd
.
============================= test session starts ==============================
platform linux2 -- Python 2.7.13, pytest-2.9.1, py-1.7.0, pluggy-0.3.1
rootdir: /docker-py, inifile: pytest.ini
plugins: cov-2.1.0
collected 338 items

../../../../../docker-py/tests/integration/api_build_test.py ....s..s........
../../../../../docker-py/tests/integration/api_client_test.py .......
../../../../../docker-py/tests/integration/api_config_test.py .....
../../../../../docker-py/tests/integration/api_container_test.py ....x....x.......x............................................................
../../../../../docker-py/tests/integration/api_exec_test.py .............
../../../../../docker-py/tests/integration/api_healthcheck_test.py ....
../../../../../docker-py/tests/integration/api_image_test.py ...s........s....
../../../../../docker-py/tests/integration/api_network_test.py ...........................
../../../../../docker-py/tests/integration/api_plugin_test.py ...........
../../../../../docker-py/tests/integration/api_secret_test.py .....
../../../../../docker-py/tests/integration/api_service_test.py ......................................................
../../../../../docker-py/tests/integration/api_swarm_test.py ..s...x......
../../../../../docker-py/tests/integration/api_volume_test.py .........
../../../../../docker-py/tests/integration/client_test.py ....
../../../../../docker-py/tests/integration/errors_test.py .
../../../../../docker-py/tests/integration/models_containers_test.py ..............................
../../../../../docker-py/tests/integration/models_images_test.py .............
../../../../../docker-py/tests/integration/models_networks_test.py ....
../../../../../docker-py/tests/integration/models_nodes_test.py .
../../../../../docker-py/tests/integration/models_resources_test.py .
../../../../../docker-py/tests/integration/models_services_test.py ..............X.
../../../../../docker-py/tests/integration/models_swarm_test.py .
../../../../../docker-py/tests/integration/models_volumes_test.py ..
../../../../../docker-py/tests/integration/regression_test.py ......

 generated xml file: /go/src/github.com/docker/docker/bundles/test-docker-py/results.xml 
=========================== short test summary info ============================
XFAIL ../../../../../docker-py/tests/integration/api_container_test.py::CreateContainerTest::test_create_with_cpu_rt_options
  CONFIG_RT_GROUP_SCHED isn't enabled
XFAIL ../../../../../docker-py/tests/integration/api_container_test.py::CreateContainerTest::test_create_with_init_path
  init-path removed in 17.05.0
XFAIL ../../../../../docker-py/tests/integration/api_container_test.py::CreateContainerTest::test_create_with_storage_opt
  Not supported on most drivers
XFAIL ../../../../../docker-py/tests/integration/api_swarm_test.py::SwarmTest::test_init_swarm_with_log_driver
  This doesn't seem to be taken into account by the engine
SKIP [1] tests/integration/api_image_test.py:289: Doesn't work inside a container - FIXME
SKIP [1] /docker-py/tests/integration/api_swarm_test.py:31: Test stalls the engine on 1.12.0
SKIP [3] /docker-py/tests/helpers.py:69: Feature requires Docker Engine experimental mode
======== 328 passed, 5 skipped, 4 xfailed, 1 xpassed in 352.17 seconds =========
---> Making bundle: .integration-daemon-stop (in bundles/test-docker-py)
Clearing AppArmor profiles cache:.
All profile caches have been cleared, but no profiles have been unloaded.
Unloading profiles will leave already running processes permanently
unconfined, which can lead to unexpected situations.

To set a process to complain mode, use the command line tool
'aa-complain'. To really tear down all profiles, run the init script
with the 'teardown' option."

---> Making bundle: test-integration (in bundles/test-integration)
Building test suite binary ./integration-cli/test.main
Building test suite binary ./integration/plugin/test.main
Building test suite binary ./integration/plugin/authz/test.main
Building test suite binary ./integration/plugin/logging/test.main
Building test suite binary ./integration/plugin/logging/cmd/test.main
Building test suite binary ./integration/plugin/logging/cmd/close_on_start/test.main
Building test suite binary ./integration/plugin/logging/cmd/dummy/test.main
Building test suite binary ./integration/plugin/common/test.main
Building test suite binary ./integration/plugin/volumes/test.main
Building test suite binary ./integration/plugin/volumes/cmd/test.main
Building test suite binary ./integration/plugin/volumes/cmd/dummy/test.main
Building test suite binary ./integration/plugin/graphdriver/test.main
Building test suite binary ./integration/config/test.main
Building test suite binary ./integration/service/test.main
Building test suite binary ./integration/network/test.main
Building test suite binary ./integration/network/ipvlan/test.main
Building test suite binary ./integration/network/macvlan/test.main
Building test suite binary ./integration/secret/test.main
Building test suite binary ./integration/session/test.main
Building test suite binary ./integration/container/test.main
Building test suite binary ./integration/build/test.main
Building test suite binary ./integration/volume/test.main
Building test suite binary ./integration/system/test.main
Building test suite binary ./integration/image/test.main
---> Making bundle: .integration-daemon-start (in bundles/test-integration)
Using test binary docker
/etc/init.d/apparmor: 130: /etc/init.d/apparmor: systemd-detect-virt: not found
Starting AppArmor profiles:Warning from stdin (line 1): /sbin/apparmor_parser: cannot use or update cache, disable, or force-complain via stdin
Warning failed to create cache: (null)
.
INFO: Waiting for daemon to start...
Starting dockerd
.
---> Making bundle: .integration-daemon-setup (in bundles/test-integration)
---> Making bundle: .ensure-emptyfs (in bundles/test-integration)
Error: No such image: emptyfs
Running integration-test (iteration 1)
Running /go/src/github.com/docker/docker/integration/plugin
testing: warning: no tests to run
PASS
Running /go/src/github.com/docker/docker/integration/plugin/authz
Loaded image: buildpack-deps:jessie
The image busybox:latest already exists, renaming the old one with ID sha256:59788edf1f3e78cd0ebe6ce1446e9d10788225db3dedcfd1a59f764bad2b2690 to empty string
Loaded image: busybox:latest
Loaded image: busybox:glibc
Loaded image: debian:jessie
The image hello-world:latest already exists, renaming the old one with ID sha256:4ab4c602aa5eed5528a6620ff18a1dc4faef0e1ab3a5eddeddb410714478c67f to empty string
Loaded image: hello-world:latest
INFO: Testing against a local daemon
=== RUN   TestAuthZPluginAllowRequest
--- PASS: TestAuthZPluginAllowRequest (8.28s)
    daemon.go:296: [d9f06d0085077] waiting for daemon to start
    daemon.go:328: [d9f06d0085077] daemon started
    daemon.go:283: [d9f06d0085077] exiting daemon
=== RUN   TestAuthZPluginTLS
--- PASS: TestAuthZPluginTLS (3.10s)
    daemon.go:296: [dbc15dbce9d28] waiting for daemon to start
    daemon.go:328: [dbc15dbce9d28] daemon started
    daemon.go:283: [dbc15dbce9d28] exiting daemon
=== RUN   TestAuthZPluginDenyRequest
--- PASS: TestAuthZPluginDenyRequest (3.54s)
    daemon.go:296: [dbd70a1e1e00b] waiting for daemon to start
    daemon.go:328: [dbd70a1e1e00b] daemon started
    daemon.go:283: [dbd70a1e1e00b] exiting daemon
=== RUN   TestAuthZPluginAPIDenyResponse
--- PASS: TestAuthZPluginAPIDenyResponse (0.84s)
    daemon.go:296: [d0836e1c7d874] waiting for daemon to start
    daemon.go:328: [d0836e1c7d874] daemon started
    daemon.go:283: [d0836e1c7d874] exiting daemon
=== RUN   TestAuthZPluginDenyResponse
--- PASS: TestAuthZPluginDenyResponse (0.53s)
    daemon.go:296: [dbf6f108b4393] waiting for daemon to start
    daemon.go:328: [dbf6f108b4393] daemon started
    daemon.go:283: [dbf6f108b4393] exiting daemon
=== RUN   TestAuthZPluginAllowEventStream
--- PASS: TestAuthZPluginAllowEventStream (1.24s)
    daemon.go:296: [db16cff5549ac] waiting for daemon to start
    daemon.go:328: [db16cff5549ac] daemon started
    daemon.go:283: [db16cff5549ac] exiting daemon
=== RUN   TestAuthZPluginErrorResponse
--- PASS: TestAuthZPluginErrorResponse (0.53s)
    daemon.go:296: [d01f0d5411391] waiting for daemon to start
    daemon.go:328: [d01f0d5411391] daemon started
    daemon.go:283: [d01f0d5411391] exiting daemon
=== RUN   TestAuthZPluginErrorRequest
--- PASS: TestAuthZPluginErrorRequest (0.53s)
    daemon.go:296: [d01186301d67e] waiting for daemon to start
    daemon.go:328: [d01186301d67e] daemon started
    daemon.go:283: [d01186301d67e] exiting daemon
=== RUN   TestAuthZPluginEnsureNoDuplicatePluginRegistration
--- PASS: TestAuthZPluginEnsureNoDuplicatePluginRegistration (0.53s)
    daemon.go:296: [dfdb0396b0539] waiting for daemon to start
    daemon.go:328: [dfdb0396b0539] daemon started
    daemon.go:283: [dfdb0396b0539] exiting daemon
=== RUN   TestAuthZPluginEnsureLoadImportWorking
--- PASS: TestAuthZPluginEnsureLoadImportWorking (1.42s)
    daemon.go:296: [de8693680c032] waiting for daemon to start
    daemon.go:328: [de8693680c032] daemon started
    daemon.go:283: [de8693680c032] exiting daemon
=== RUN   TestAuthzPluginEnsureContainerCopyToFrom
--- PASS: TestAuthzPluginEnsureContainerCopyToFrom (1.49s)
    daemon.go:296: [d1d77d3abce88] waiting for daemon to start
    daemon.go:328: [d1d77d3abce88] daemon started
    daemon.go:283: [d1d77d3abce88] exiting daemon
=== RUN   TestAuthZPluginHeader
--- PASS: TestAuthZPluginHeader (0.74s)
    daemon.go:296: [d1fd286ed7f17] waiting for daemon to start
    daemon.go:328: [d1fd286ed7f17] daemon started
    daemon.go:283: [d1fd286ed7f17] exiting daemon
=== RUN   TestAuthZPluginV2AllowNonVolumeRequest
--- PASS: TestAuthZPluginV2AllowNonVolumeRequest (6.48s)
    daemon.go:296: [d3a79e789eadc] waiting for daemon to start
    daemon.go:328: [d3a79e789eadc] daemon started
    daemon.go:283: [d3a79e789eadc] exiting daemon
    daemon.go:296: [d3a79e789eadc] waiting for daemon to start
    daemon.go:328: [d3a79e789eadc] daemon started
    daemon.go:283: [d3a79e789eadc] exiting daemon
=== RUN   TestAuthZPluginV2Disable
--- PASS: TestAuthZPluginV2Disable (5.89s)
    daemon.go:296: [d38ad545c1f64] waiting for daemon to start
    daemon.go:328: [d38ad545c1f64] daemon started
    daemon.go:283: [d38ad545c1f64] exiting daemon
    daemon.go:296: [d38ad545c1f64] waiting for daemon to start
    daemon.go:328: [d38ad545c1f64] daemon started
    daemon.go:283: [d38ad545c1f64] exiting daemon
=== RUN   TestAuthZPluginV2RejectVolumeRequests
--- PASS: TestAuthZPluginV2RejectVolumeRequests (5.72s)
    daemon.go:296: [d902efee1dc3f] waiting for daemon to start
    daemon.go:328: [d902efee1dc3f] daemon started
    daemon.go:283: [d902efee1dc3f] exiting daemon
    daemon.go:296: [d902efee1dc3f] waiting for daemon to start
    daemon.go:328: [d902efee1dc3f] daemon started
    daemon.go:283: [d902efee1dc3f] exiting daemon
=== RUN   TestAuthZPluginV2BadManifestFailsDaemonStart
--- PASS: TestAuthZPluginV2BadManifestFailsDaemonStart (13.78s)
    daemon.go:296: [dfeca285aaa9b] waiting for daemon to start
    daemon.go:328: [dfeca285aaa9b] daemon started
    daemon.go:283: [dfeca285aaa9b] exiting daemon
    daemon.go:296: [dfeca285aaa9b] waiting for daemon to start
    daemon.go:296: [dfeca285aaa9b] waiting for daemon to start
    daemon.go:283: [dfeca285aaa9b] exiting daemon
    daemon.go:296: [dfeca285aaa9b] waiting for daemon to start
    daemon.go:328: [dfeca285aaa9b] daemon started
    daemon.go:283: [dfeca285aaa9b] exiting daemon
=== RUN   TestAuthZPluginV2NonexistentFailsDaemonStart
--- PASS: TestAuthZPluginV2NonexistentFailsDaemonStart (16.53s)
    daemon.go:296: [dd553c67a4699] waiting for daemon to start
    daemon.go:328: [dd553c67a4699] daemon started
    daemon.go:283: [dd553c67a4699] exiting daemon
    daemon.go:296: [dd553c67a4699] waiting for daemon to start
    daemon.go:296: [dd553c67a4699] waiting for daemon to start
    daemon.go:296: [dd553c67a4699] waiting for daemon to start
    daemon.go:328: [dd553c67a4699] daemon started
    daemon.go:283: [dd553c67a4699] exiting daemon
PASS
Running /go/src/github.com/docker/docker/integration/plugin/logging
INFO: Testing against a local daemon
=== RUN   TestContinueAfterPluginCrash
=== PAUSE TestContinueAfterPluginCrash
=== RUN   TestDaemonStartWithLogOpt
=== PAUSE TestDaemonStartWithLogOpt
=== CONT  TestContinueAfterPluginCrash
=== CONT  TestDaemonStartWithLogOpt
--- PASS: TestDaemonStartWithLogOpt (13.79s)
    daemon.go:296: [df749cef709c0] waiting for daemon to start
    daemon.go:328: [df749cef709c0] daemon started
    daemon.go:283: [df749cef709c0] exiting daemon
    daemon.go:296: [df749cef709c0] waiting for daemon to start
    daemon.go:328: [df749cef709c0] daemon started
    daemon.go:283: [df749cef709c0] exiting daemon
--- PASS: TestContinueAfterPluginCrash (19.32s)
    daemon.go:296: [d048e21a8f606] waiting for daemon to start
    daemon.go:328: [d048e21a8f606] daemon started
    daemon.go:283: [d048e21a8f606] exiting daemon
PASS
Running /go/src/github.com/docker/docker/integration/plugin/logging/cmd
testing: warning: no tests to run
PASS
Running /go/src/github.com/docker/docker/integration/plugin/logging/cmd/close_on_start
testing: warning: no tests to run
PASS
Running /go/src/github.com/docker/docker/integration/plugin/logging/cmd/dummy
testing: warning: no tests to run
PASS
Running /go/src/github.com/docker/docker/integration/plugin/common
INFO: Testing against a local daemon
=== RUN   TestPluginInvalidJSON
=== RUN   TestPluginInvalidJSON//plugins/foobar/set
=== PAUSE TestPluginInvalidJSON//plugins/foobar/set
=== CONT  TestPluginInvalidJSON//plugins/foobar/set
--- PASS: TestPluginInvalidJSON (0.02s)
    --- PASS: TestPluginInvalidJSON//plugins/foobar/set (0.00s)
PASS
Running /go/src/github.com/docker/docker/integration/plugin/volumes
INFO: Testing against a local daemon
=== RUN   TestPluginWithDevMounts
=== PAUSE TestPluginWithDevMounts
=== CONT  TestPluginWithDevMounts
--- PASS: TestPluginWithDevMounts (1.73s)
    daemon.go:296: [d77711a273d02] waiting for daemon to start
    daemon.go:328: [d77711a273d02] daemon started
    daemon.go:283: [d77711a273d02] exiting daemon
PASS
Running /go/src/github.com/docker/docker/integration/plugin/volumes/cmd
testing: warning: no tests to run
PASS
Running /go/src/github.com/docker/docker/integration/plugin/volumes/cmd/dummy
testing: warning: no tests to run
PASS
Running /go/src/github.com/docker/docker/integration/plugin/graphdriver
INFO: Testing against a local daemon
=== RUN   TestExternalGraphDriver
=== RUN   TestExternalGraphDriver/json
=== RUN   TestExternalGraphDriver/spec
=== RUN   TestExternalGraphDriver/pull
--- PASS: TestExternalGraphDriver (6.93s)
    daemon.go:296: [d525a99cd16c3] waiting for daemon to start
    daemon.go:328: [d525a99cd16c3] daemon started
    daemon.go:283: [d525a99cd16c3] exiting daemon
    daemon.go:296: [d525a99cd16c3] waiting for daemon to start
    daemon.go:328: [d525a99cd16c3] daemon started
    daemon.go:283: [d525a99cd16c3] exiting daemon
    --- PASS: TestExternalGraphDriver/json (1.72s)
    daemon.go:296: [d525a99cd16c3] waiting for daemon to start
    daemon.go:328: [d525a99cd16c3] daemon started
    daemon.go:283: [d525a99cd16c3] exiting daemon
    daemon.go:296: [d525a99cd16c3] waiting for daemon to start
    daemon.go:328: [d525a99cd16c3] daemon started
    daemon.go:283: [d525a99cd16c3] exiting daemon
    --- PASS: TestExternalGraphDriver/spec (1.71s)
    daemon.go:296: [d525a99cd16c3] waiting for daemon to start
    daemon.go:328: [d525a99cd16c3] daemon started
    daemon.go:283: [d525a99cd16c3] exiting daemon
    --- PASS: TestExternalGraphDriver/pull (3.05s)
=== RUN   TestGraphdriverPluginV2
--- PASS: TestGraphdriverPluginV2 (6.52s)
    daemon.go:296: [dec970da53621] waiting for daemon to start
    daemon.go:328: [dec970da53621] daemon started
    daemon.go:283: [dec970da53621] exiting daemon
    daemon.go:296: [dec970da53621] waiting for daemon to start
    daemon.go:328: [dec970da53621] daemon started
    daemon.go:283: [dec970da53621] exiting daemon
PASS
Running /go/src/github.com/docker/docker/integration/config
INFO: Testing against a local daemon
=== RUN   TestConfigList
--- PASS: TestConfigList (2.01s)
    daemon.go:296: [db25c397cf6d0] waiting for daemon to start
    daemon.go:328: [db25c397cf6d0] daemon started
    daemon.go:283: [db25c397cf6d0] exiting daemon
=== RUN   TestConfigsCreateAndDelete
--- PASS: TestConfigsCreateAndDelete (2.04s)
    daemon.go:296: [d0ea094116a52] waiting for daemon to start
    daemon.go:328: [d0ea094116a52] daemon started
    daemon.go:283: [d0ea094116a52] exiting daemon
=== RUN   TestConfigsUpdate
--- PASS: TestConfigsUpdate (2.03s)
    daemon.go:296: [d962cc9b8a39e] waiting for daemon to start
    daemon.go:328: [d962cc9b8a39e] daemon started
    daemon.go:283: [d962cc9b8a39e] exiting daemon
=== RUN   TestTemplatedConfig
--- PASS: TestTemplatedConfig (2.53s)
    daemon.go:296: [d11757c0939e3] waiting for daemon to start
    daemon.go:328: [d11757c0939e3] daemon started
    daemon.go:283: [d11757c0939e3] exiting daemon
=== RUN   TestConfigInspect
--- PASS: TestConfigInspect (2.08s)
    daemon.go:296: [d574ffdcf4941] waiting for daemon to start
    daemon.go:328: [d574ffdcf4941] daemon started
    daemon.go:283: [d574ffdcf4941] exiting daemon
=== RUN   TestConfigCreateWithLabels
--- PASS: TestConfigCreateWithLabels (2.06s)
    daemon.go:296: [dd8426411e1ed] waiting for daemon to start
    daemon.go:328: [dd8426411e1ed] daemon started
    daemon.go:283: [dd8426411e1ed] exiting daemon
=== RUN   TestConfigCreateResolve
--- PASS: TestConfigCreateResolve (2.08s)
    daemon.go:296: [d2aefd5ee3607] waiting for daemon to start
    daemon.go:328: [d2aefd5ee3607] daemon started
    daemon.go:283: [d2aefd5ee3607] exiting daemon
PASS
Running /go/src/github.com/docker/docker/integration/service
INFO: Testing against a local daemon
=== RUN   TestServiceCreateInit
=== RUN   TestServiceCreateInit/daemonInitDisabled
=== RUN   TestServiceCreateInit/daemonInitEnabled
--- PASS: TestServiceCreateInit (7.83s)
    --- PASS: TestServiceCreateInit/daemonInitDisabled (4.05s)
        daemon.go:296: [da20e5c3da9da] waiting for daemon to start
        daemon.go:328: [da20e5c3da9da] daemon started
        daemon.go:283: [da20e5c3da9da] exiting daemon
    --- PASS: TestServiceCreateInit/daemonInitEnabled (3.76s)
        daemon.go:296: [d527fae952342] waiting for daemon to start
        daemon.go:328: [d527fae952342] daemon started
        daemon.go:283: [d527fae952342] exiting daemon
=== RUN   TestCreateServiceMultipleTimes
--- PASS: TestCreateServiceMultipleTimes (24.10s)
    daemon.go:296: [d7724c70c3724] waiting for daemon to start
    daemon.go:328: [d7724c70c3724] daemon started
    daemon.go:283: [d7724c70c3724] exiting daemon
=== RUN   TestCreateServiceConflict
--- PASS: TestCreateServiceConflict (2.11s)
    daemon.go:296: [d394c8923bafb] waiting for daemon to start
    daemon.go:328: [d394c8923bafb] daemon started
    daemon.go:283: [d394c8923bafb] exiting daemon
=== RUN   TestCreateWithDuplicateNetworkNames
--- PASS: TestCreateWithDuplicateNetworkNames (13.87s)
    daemon.go:296: [d4b1da0fc8173] waiting for daemon to start
    daemon.go:328: [d4b1da0fc8173] daemon started
    daemon.go:283: [d4b1da0fc8173] exiting daemon
=== RUN   TestCreateServiceSecretFileMode
--- PASS: TestCreateServiceSecretFileMode (2.58s)
    daemon.go:296: [de7fba459c164] waiting for daemon to start
    daemon.go:328: [de7fba459c164] daemon started
    daemon.go:283: [de7fba459c164] exiting daemon
=== RUN   TestCreateServiceConfigFileMode
--- PASS: TestCreateServiceConfigFileMode (2.68s)
    daemon.go:296: [df2bc65c54b41] waiting for daemon to start
    daemon.go:328: [df2bc65c54b41] daemon started
    daemon.go:283: [df2bc65c54b41] exiting daemon
=== RUN   TestCreateServiceSysctls
--- PASS: TestCreateServiceSysctls (3.14s)
    daemon.go:296: [d7a59564fcece] waiting for daemon to start
    daemon.go:328: [d7a59564fcece] daemon started
    daemon.go:283: [d7a59564fcece] exiting daemon
=== RUN   TestInspect
--- PASS: TestInspect (2.03s)
    daemon.go:296: [d7e378b100147] waiting for daemon to start
    daemon.go:328: [d7e378b100147] daemon started
    daemon.go:283: [d7e378b100147] exiting daemon
=== RUN   TestDockerNetworkConnectAlias
--- PASS: TestDockerNetworkConnectAlias (3.92s)
    daemon.go:296: [d37732e543d32] waiting for daemon to start
    daemon.go:328: [d37732e543d32] daemon started
    daemon.go:283: [d37732e543d32] exiting daemon
=== RUN   TestServicePlugin
--- PASS: TestServicePlugin (34.52s)
    daemon.go:296: [d4941354c8831] waiting for daemon to start
    daemon.go:328: [d4941354c8831] daemon started
    daemon.go:283: [d4941354c8831] exiting daemon
    daemon.go:296: [d617ded599507] waiting for daemon to start
    daemon.go:328: [d617ded599507] daemon started
    daemon.go:296: [dbdbc980f6318] waiting for daemon to start
    daemon.go:328: [dbdbc980f6318] daemon started
    daemon.go:296: [dfb7ea339ac4c] waiting for daemon to start
    daemon.go:328: [dfb7ea339ac4c] daemon started
    daemon.go:283: [dfb7ea339ac4c] exiting daemon
    daemon.go:283: [dbdbc980f6318] exiting daemon
    daemon.go:283: [d617ded599507] exiting daemon
PASS
Running /go/src/github.com/docker/docker/integration/network
INFO: Testing against a local daemon
=== RUN   TestNetworkCreateDelete
--- PASS: TestNetworkCreateDelete (0.11s)
=== RUN   TestDockerNetworkDeletePreferID
--- PASS: TestDockerNetworkDeletePreferID (0.26s)
=== RUN   TestInspectNetwork
--- PASS: TestInspectNetwork (24.73s)
    daemon.go:296: [d1a7e2e39e306] waiting for daemon to start
    daemon.go:328: [d1a7e2e39e306] daemon started
    daemon.go:283: [d1a7e2e39e306] exiting daemon
=== RUN   TestRunContainerWithBridgeNone
--- PASS: TestRunContainerWithBridgeNone (1.97s)
    daemon.go:296: [dda27589e75e2] waiting for daemon to start
    daemon.go:328: [dda27589e75e2] daemon started
    daemon.go:283: [dda27589e75e2] exiting daemon
=== RUN   TestNetworkInvalidJSON
=== RUN   TestNetworkInvalidJSON//networks/create
=== PAUSE TestNetworkInvalidJSON//networks/create
=== RUN   TestNetworkInvalidJSON//networks/bridge/connect
=== PAUSE TestNetworkInvalidJSON//networks/bridge/connect
=== RUN   TestNetworkInvalidJSON//networks/bridge/disconnect
=== PAUSE TestNetworkInvalidJSON//networks/bridge/disconnect
=== CONT  TestNetworkInvalidJSON//networks/create
=== CONT  TestNetworkInvalidJSON//networks/bridge/disconnect
=== CONT  TestNetworkInvalidJSON//networks/bridge/connect
--- PASS: TestNetworkInvalidJSON (0.03s)
    --- PASS: TestNetworkInvalidJSON//networks/bridge/disconnect (0.00s)
    --- PASS: TestNetworkInvalidJSON//networks/create (0.00s)
    --- PASS: TestNetworkInvalidJSON//networks/bridge/connect (0.00s)
=== RUN   TestDaemonRestartWithLiveRestore
--- PASS: TestDaemonRestartWithLiveRestore (1.03s)
    daemon.go:296: [d7dec7d58a7cf] waiting for daemon to start
    daemon.go:328: [d7dec7d58a7cf] daemon started
    daemon.go:283: [d7dec7d58a7cf] exiting daemon
    daemon.go:296: [d7dec7d58a7cf] waiting for daemon to start
    daemon.go:328: [d7dec7d58a7cf] daemon started
    daemon.go:283: [d7dec7d58a7cf] exiting daemon
=== RUN   TestDaemonDefaultNetworkPools
--- PASS: TestDaemonDefaultNetworkPools (0.65s)
    daemon.go:296: [df8a2db6789c3] waiting for daemon to start
    daemon.go:328: [df8a2db6789c3] daemon started
    daemon.go:283: [df8a2db6789c3] exiting daemon
=== RUN   TestDaemonRestartWithExistingNetwork
--- PASS: TestDaemonRestartWithExistingNetwork (1.10s)
    daemon.go:296: [d54c2d8e0878a] waiting for daemon to start
    daemon.go:328: [d54c2d8e0878a] daemon started
    daemon.go:283: [d54c2d8e0878a] exiting daemon
    daemon.go:296: [d54c2d8e0878a] waiting for daemon to start
    daemon.go:328: [d54c2d8e0878a] daemon started
    daemon.go:283: [d54c2d8e0878a] exiting daemon
=== RUN   TestDaemonRestartWithExistingNetworkWithDefaultPoolRange
--- PASS: TestDaemonRestartWithExistingNetworkWithDefaultPoolRange (1.18s)
    daemon.go:296: [d3a32f182a83a] waiting for daemon to start
    daemon.go:328: [d3a32f182a83a] daemon started
    daemon.go:283: [d3a32f182a83a] exiting daemon
    daemon.go:296: [d3a32f182a83a] waiting for daemon to start
    daemon.go:328: [d3a32f182a83a] daemon started
    daemon.go:283: [d3a32f182a83a] exiting daemon
=== RUN   TestDaemonWithBipAndDefaultNetworkPool
--- PASS: TestDaemonWithBipAndDefaultNetworkPool (0.54s)
    daemon.go:296: [d122e38e6c43a] waiting for daemon to start
    daemon.go:328: [d122e38e6c43a] daemon started
    daemon.go:283: [d122e38e6c43a] exiting daemon
=== RUN   TestServiceWithPredefinedNetwork
--- PASS: TestServiceWithPredefinedNetwork (2.03s)
    daemon.go:296: [d76b020a191a7] waiting for daemon to start
    daemon.go:328: [d76b020a191a7] daemon started
    daemon.go:283: [d76b020a191a7] exiting daemon
=== RUN   TestServiceRemoveKeepsIngressNetwork
--- PASS: TestServiceRemoveKeepsIngressNetwork (12.01s)
    daemon.go:296: [dccce40e0d44a] waiting for daemon to start
    daemon.go:328: [dccce40e0d44a] daemon started
    daemon.go:283: [dccce40e0d44a] exiting daemon
=== RUN   TestServiceWithDataPathPortInit
--- PASS: TestServiceWithDataPathPortInit (4.22s)
    daemon.go:296: [da4ffec1b9d42] waiting for daemon to start
    daemon.go:328: [da4ffec1b9d42] daemon started
    daemon.go:283: [da4ffec1b9d42] exiting daemon
    daemon.go:296: [d3a59dd512d76] waiting for daemon to start
    daemon.go:328: [d3a59dd512d76] daemon started
    daemon.go:283: [d3a59dd512d76] exiting daemon
=== RUN   TestServiceWithDefaultAddressPoolInit
--- FAIL: TestServiceWithDefaultAddressPoolInit (1.32s)
    daemon.go:296: [ddb9f12235d7f] waiting for daemon to start
    daemon.go:328: [ddb9f12235d7f] daemon started
    service_test.go:415: TestServiceWithDefaultAddressPoolInit: NetworkInspect: {Name:saanvisthiraTestServiceWithDefaultAddressPoolInit ID:ktjauproo9j9cuacf09ki00ca Created:2018-12-22 03:03:09.705242163 +0000 UTC Scope:swarm Driver: EnableIPv6:false IPAM:{Driver: Options:map[] Config:[]} Internal:false Attachable:false Ingress:false ConfigFrom:{Network:} ConfigOnly:false Containers:map[] Options:map[] Labels:map[] Peers:[] Services:map[]}
    service_test.go:416: assertion failed: expression is false: len(out.IPAM.Config) > 0
FAIL
---> Making bundle: .integration-daemon-stop (in bundles/test-integration)
/go/src/github.com/docker/docker/hack/make/.integration-daemon-stop: line 10: wait: pid 10230 is not a child of this shell
warning: PID 10230 from bundles/test-integration/ddb9f12235d7f/docker.pid had a nonzero exit code
Clearing AppArmor profiles cache:.
All profile caches have been cleared, but no profiles have been unloaded.
Unloading profiles will leave already running processes permanently
unconfined, which can lead to unexpected situations.

To set a process to complain mode, use the command line tool
'aa-complain'. To really tear down all profiles, run the init script
with the 'teardown' option."
Removing test suite binaries
Build step 'Execute shell' marked build as failure
Set build name.
New build name is '#38415'
[PostBuildScript] - Executing post build scripts.
[Docker-PRs] $ /bin/sh -xe /tmp/jenkins5401513337871713149.sh
+ echo Ensuring container killed.
Ensuring container killed.
+ docker rm -vf docker-pr52179
Error: No such container: docker-pr52179
+ true
+ echo Chowning /workspace to jenkins user
Chowning /workspace to jenkins user
+ id -u
+ id -g
+ docker run --rm -v /home/ubuntu/workspace/Docker-PRs:/workspace busybox chown -R 1000:1000 /workspace
[Docker-PRs] $ /bin/sh -xe /tmp/jenkins4854800582926741749.sh
+ echo Creating bundles.tar.gz
Creating bundles.tar.gz
+ xargs tar -czf bundles.tar.gz
+ find bundles -name *.log -o -name *.prof -o -name integration.test
Archiving artifacts
Notifying endpoint with url 'https://leeroy.dockerproject.org/notification/jenkins'
[WS-CLEANUP] Deleting project workspace...[WS-CLEANUP] done
Finished: FAILURE
