Started by user Gordon
Notifying endpoint with url 'https://leeroy.dockerproject.org/notification/jenkins'
[EnvInject] - Loading node environment variables.
Building remotely on ubuntu-1604-aufs-stable (i-08c598125b2fb362a) (docker-edge ubuntu aufs docker-stable docker ubuntu-1604-aufs-edge x86_64 ec2 linux ubuntu-1604-aufs ubuntu-1604 amd64 ubuntu-1604-aufs-stable us-west-2) in workspace /home/ubuntu/workspace/Docker-PRs-experimental
Wiping out workspace first.
Cloning the remote Git repository
Cloning repository https://github.com/moby/moby.git
 > git init /home/ubuntu/workspace/Docker-PRs-experimental # timeout=10
Fetching upstream changes from https://github.com/moby/moby.git
 > git --version # timeout=10
 > git fetch --tags --progress https://github.com/moby/moby.git +refs/heads/*:refs/remotes/origin/*
 > git config remote.origin.url https://github.com/moby/moby.git # timeout=10
 > git config --add remote.origin.fetch +refs/heads/*:refs/remotes/origin/* # timeout=10
 > git config remote.origin.url https://github.com/moby/moby.git # timeout=10
Fetching upstream changes from https://github.com/moby/moby.git
 > git fetch --tags --progress https://github.com/moby/moby.git +refs/heads/*:refs/remotes/origin/*
 > git rev-parse origin/master^{commit} # timeout=10
Checking out Revision 545d00e7521414f648140b5834d41a072592a484 (origin/master)
 > git config core.sparsecheckout # timeout=10
 > git checkout -f 545d00e7521414f648140b5834d41a072592a484
Commit message: "Merge pull request #38416 from thaJeztah/fix_build_session_test"
 > git rev-list --no-walk 545d00e7521414f648140b5834d41a072592a484 # timeout=10
Set build name.
New build name is '#38465'
[Docker-PRs-experimental] $ /bin/bash /tmp/jenkins5230647473778900144.sh
From https://github.com/moby/moby
 * [new ref]         refs/pull/38465/head -> origin/pr/38465
Merge made by the 'recursive' strategy.
 volume/mounts/lcow_parser.go    |   4 +-
 volume/mounts/parser_test.go    | 180 ++++++++++++++++++++--------------------
 volume/mounts/validate.go       |   5 ++
 volume/mounts/windows_parser.go |  38 +++++----
 4 files changed, 119 insertions(+), 108 deletions(-)
Sending build context to Docker daemon  45.11MB
Step 1/94 : FROM golang:1.11.4 AS base
 ---> 343df9d12b7b
Step 2/94 : ARG APT_MIRROR=deb.debian.org
 ---> Using cache
 ---> d790e64aabf1
Step 3/94 : RUN sed -ri "s/(httpredir|deb).debian.org/$APT_MIRROR/g" /etc/apt/sources.list
 ---> Using cache
 ---> fac085a3c7ff
Step 4/94 : FROM base AS criu
 ---> fac085a3c7ff
Step 5/94 : ENV CRIU_VERSION 3.6
 ---> Using cache
 ---> 12511c24ad10
Step 6/94 : RUN apt-get update && apt-get install -y 	libnet-dev 	libprotobuf-c0-dev 	libprotobuf-dev 	libnl-3-dev 	libcap-dev 	protobuf-compiler 	protobuf-c-compiler 	python-protobuf 	&& mkdir -p /usr/src/criu 	&& curl -sSL https://github.com/checkpoint-restore/criu/archive/v${CRIU_VERSION}.tar.gz | tar -C /usr/src/criu/ -xz --strip-components=1 	&& cd /usr/src/criu 	&& make 	&& make PREFIX=/build/ install-criu
 ---> Using cache
 ---> 803fb70d0e1a
Step 7/94 : FROM base AS registry
 ---> fac085a3c7ff
Step 8/94 : ENV REGISTRY_COMMIT_SCHEMA1 ec87e9b6971d831f0eff752ddb54fb64693e51cd
 ---> Using cache
 ---> 7f5290347f56
Step 9/94 : ENV REGISTRY_COMMIT 47a064d4195a9b56133891bbb13620c3ac83a827
 ---> Using cache
 ---> 4cbf3b489fc4
Step 10/94 : RUN set -x 	&& export GOPATH="$(mktemp -d)" 	&& git clone https://github.com/docker/distribution.git "$GOPATH/src/github.com/docker/distribution" 	&& (cd "$GOPATH/src/github.com/docker/distribution" && git checkout -q "$REGISTRY_COMMIT") 	&& GOPATH="$GOPATH/src/github.com/docker/distribution/Godeps/_workspace:$GOPATH" 		go build -buildmode=pie -o /build/registry-v2 github.com/docker/distribution/cmd/registry 	&& case $(dpkg --print-architecture) in 		amd64|ppc64*|s390x) 		(cd "$GOPATH/src/github.com/docker/distribution" && git checkout -q "$REGISTRY_COMMIT_SCHEMA1"); 		GOPATH="$GOPATH/src/github.com/docker/distribution/Godeps/_workspace:$GOPATH"; 			go build -buildmode=pie -o /build/registry-v2-schema1 github.com/docker/distribution/cmd/registry; 		;; 	   esac 	&& rm -rf "$GOPATH"
 ---> Using cache
 ---> 5788e795bc9f
Step 11/94 : FROM base AS docker-py
 ---> fac085a3c7ff
Step 12/94 : ENV DOCKER_PY_COMMIT 8b246db271a85d6541dc458838627e89c683e42f
 ---> Using cache
 ---> 6483de9412fe
Step 13/94 : RUN git clone https://github.com/docker/docker-py.git /build 	&& cd /build 	&& git checkout -q $DOCKER_PY_COMMIT
 ---> Using cache
 ---> 0713ed53fcac
Step 14/94 : FROM base AS swagger
 ---> fac085a3c7ff
Step 15/94 : ENV GO_SWAGGER_COMMIT c28258affb0b6251755d92489ef685af8d4ff3eb
 ---> Using cache
 ---> 91e646667e7d
Step 16/94 : RUN set -x 	&& export GOPATH="$(mktemp -d)" 	&& git clone https://github.com/go-swagger/go-swagger.git "$GOPATH/src/github.com/go-swagger/go-swagger" 	&& (cd "$GOPATH/src/github.com/go-swagger/go-swagger" && git checkout -q "$GO_SWAGGER_COMMIT") 	&& go build -o /build/swagger github.com/go-swagger/go-swagger/cmd/swagger 	&& rm -rf "$GOPATH"
 ---> Using cache
 ---> 914bb933c870
Step 17/94 : FROM base AS frozen-images
 ---> fac085a3c7ff
Step 18/94 : RUN apt-get update && apt-get install -y jq ca-certificates --no-install-recommends
 ---> Using cache
 ---> 14df71ae3e6f
Step 19/94 : COPY contrib/download-frozen-image-v2.sh /
 ---> Using cache
 ---> c9513d7ed439
Step 20/94 : RUN /download-frozen-image-v2.sh /build 	buildpack-deps:jessie@sha256:dd86dced7c9cd2a724e779730f0a53f93b7ef42228d4344b25ce9a42a1486251 	busybox:latest@sha256:bbc3a03235220b170ba48a157dd097dd1379299370e1ed99ce976df0355d24f0 	busybox:glibc@sha256:0b55a30394294ab23b9afd58fab94e61a923f5834fba7ddbae7f8e0c11ba85e6 	debian:jessie@sha256:287a20c5f73087ab406e6b364833e3fb7b3ae63ca0eb3486555dc27ed32c6e60 	hello-world:latest@sha256:be0cd392e45be79ffeffa6b05338b98ebb16c87b255f48e297ec7f98e123905c
 ---> Using cache
 ---> 01953c015e17
Step 21/94 : FROM base AS runtime-dev
 ---> fac085a3c7ff
Step 22/94 : RUN apt-get update && apt-get install -y 	libapparmor-dev 	libseccomp-dev
 ---> Using cache
 ---> 7939da0413c2
Step 23/94 : FROM base AS tomlv
 ---> fac085a3c7ff
Step 24/94 : ENV INSTALL_BINARY_NAME=tomlv
 ---> Using cache
 ---> 5ef93011f894
Step 25/94 : COPY hack/dockerfile/install/install.sh ./install.sh
 ---> Using cache
 ---> 8a8be8a12ea7
Step 26/94 : COPY hack/dockerfile/install/$INSTALL_BINARY_NAME.installer ./
 ---> Using cache
 ---> e9232a2479d0
Step 27/94 : RUN PREFIX=/build ./install.sh $INSTALL_BINARY_NAME
 ---> Using cache
 ---> 65a13533413c
Step 28/94 : FROM base AS vndr
 ---> fac085a3c7ff
Step 29/94 : ENV INSTALL_BINARY_NAME=vndr
 ---> Using cache
 ---> 292722ab49ec
Step 30/94 : COPY hack/dockerfile/install/install.sh ./install.sh
 ---> Using cache
 ---> 77e07a19fae1
Step 31/94 : COPY hack/dockerfile/install/$INSTALL_BINARY_NAME.installer ./
 ---> Using cache
 ---> 40ed1b4aef58
Step 32/94 : RUN PREFIX=/build ./install.sh $INSTALL_BINARY_NAME
 ---> Using cache
 ---> 4fc711089827
Step 33/94 : FROM base AS containerd
 ---> fac085a3c7ff
Step 34/94 : RUN apt-get update && apt-get install -y btrfs-tools
 ---> Using cache
 ---> 108ecdc924c4
Step 35/94 : ENV INSTALL_BINARY_NAME=containerd
 ---> Using cache
 ---> af8108f513f5
Step 36/94 : COPY hack/dockerfile/install/install.sh ./install.sh
 ---> Using cache
 ---> e497cf1dd7c2
Step 37/94 : COPY hack/dockerfile/install/$INSTALL_BINARY_NAME.installer ./
 ---> Using cache
 ---> e92b79f68621
Step 38/94 : RUN PREFIX=/build ./install.sh $INSTALL_BINARY_NAME
 ---> Using cache
 ---> df61bcacf505
Step 39/94 : FROM base AS proxy
 ---> fac085a3c7ff
Step 40/94 : ENV INSTALL_BINARY_NAME=proxy
 ---> Using cache
 ---> 46a90e527033
Step 41/94 : COPY hack/dockerfile/install/install.sh ./install.sh
 ---> Using cache
 ---> bf8efc463b21
Step 42/94 : COPY hack/dockerfile/install/$INSTALL_BINARY_NAME.installer ./
 ---> Using cache
 ---> a420d7abc9ce
Step 43/94 : RUN PREFIX=/build ./install.sh $INSTALL_BINARY_NAME
 ---> Using cache
 ---> 06bfca64e0c8
Step 44/94 : FROM base AS gometalinter
 ---> fac085a3c7ff
Step 45/94 : ENV INSTALL_BINARY_NAME=gometalinter
 ---> Using cache
 ---> b43b34bf0709
Step 46/94 : COPY hack/dockerfile/install/install.sh ./install.sh
 ---> Using cache
 ---> 1fffd5e1b11a
Step 47/94 : COPY hack/dockerfile/install/$INSTALL_BINARY_NAME.installer ./
 ---> Using cache
 ---> d8a237f3e5c1
Step 48/94 : RUN PREFIX=/build ./install.sh $INSTALL_BINARY_NAME
 ---> Using cache
 ---> cfcdaf0a8cb6
Step 49/94 : FROM base AS dockercli
 ---> fac085a3c7ff
Step 50/94 : ENV INSTALL_BINARY_NAME=dockercli
 ---> Using cache
 ---> 9eed3de254e8
Step 51/94 : COPY hack/dockerfile/install/install.sh ./install.sh
 ---> Using cache
 ---> 624473445b9c
Step 52/94 : COPY hack/dockerfile/install/$INSTALL_BINARY_NAME.installer ./
 ---> Using cache
 ---> f2e8a6a4aaeb
Step 53/94 : RUN PREFIX=/build ./install.sh $INSTALL_BINARY_NAME
 ---> Using cache
 ---> 1223c990e7b4
Step 54/94 : FROM runtime-dev AS runc
 ---> 7939da0413c2
Step 55/94 : ENV INSTALL_BINARY_NAME=runc
 ---> Using cache
 ---> 25ae6ac58c79
Step 56/94 : COPY hack/dockerfile/install/install.sh ./install.sh
 ---> Using cache
 ---> d7c46cd72790
Step 57/94 : COPY hack/dockerfile/install/$INSTALL_BINARY_NAME.installer ./
 ---> Using cache
 ---> b62eeeb00393
Step 58/94 : RUN PREFIX=/build ./install.sh $INSTALL_BINARY_NAME
 ---> Using cache
 ---> a497e38366c3
Step 59/94 : FROM base AS tini
 ---> fac085a3c7ff
Step 60/94 : RUN apt-get update && apt-get install -y cmake vim-common
 ---> Using cache
 ---> df90da101cc9
Step 61/94 : COPY hack/dockerfile/install/install.sh ./install.sh
 ---> Using cache
 ---> d58808a4bca0
Step 62/94 : ENV INSTALL_BINARY_NAME=tini
 ---> Using cache
 ---> fccf40e720b0
Step 63/94 : COPY hack/dockerfile/install/$INSTALL_BINARY_NAME.installer ./
 ---> Using cache
 ---> 6d25353267f2
Step 64/94 : RUN PREFIX=/build ./install.sh $INSTALL_BINARY_NAME
 ---> Using cache
 ---> df68d7416d4a
Step 65/94 : FROM runtime-dev AS dev
 ---> 7939da0413c2
Step 66/94 : RUN groupadd -r docker
 ---> Using cache
 ---> 43680d6b803b
Step 67/94 : RUN useradd --create-home --gid docker unprivilegeduser
 ---> Using cache
 ---> 44f7536b65c6
Step 68/94 : RUN ln -sfv /go/src/github.com/docker/docker/.bashrc ~/.bashrc
 ---> Using cache
 ---> ad66cde79775
Step 69/94 : RUN echo "source /usr/share/bash-completion/bash_completion" >> /etc/bash.bashrc
 ---> Using cache
 ---> 195e05a34077
Step 70/94 : RUN ln -s /usr/local/completion/bash/docker /etc/bash_completion.d/docker
 ---> Using cache
 ---> ed67966dd52e
Step 71/94 : RUN ldconfig
 ---> Using cache
 ---> 09faf05e73c7
Step 72/94 : RUN apt-get update && apt-get install -y 	apparmor 	aufs-tools 	bash-completion 	btrfs-tools 	iptables 	jq 	libcap2-bin 	libdevmapper-dev 	libudev-dev 	libsystemd-dev 	binutils-mingw-w64 	g++-mingw-w64-x86-64 	net-tools 	pigz 	python-backports.ssl-match-hostname 	python-dev 	python-mock 	python-pip 	python-requests 	python-setuptools 	python-websocket 	python-wheel 	thin-provisioning-tools 	vim 	vim-common 	xfsprogs 	zip 	bzip2 	xz-utils 	--no-install-recommends
 ---> Using cache
 ---> 11cab3fc5932
Step 73/94 : COPY --from=swagger /build/swagger* /usr/local/bin/
 ---> Using cache
 ---> 4c3cd085cf90
Step 74/94 : COPY --from=frozen-images /build/ /docker-frozen-images
 ---> Using cache
 ---> cf28ecaf05cf
Step 75/94 : COPY --from=gometalinter /build/ /usr/local/bin/
 ---> Using cache
 ---> 2cef715308b4
Step 76/94 : COPY --from=tomlv /build/ /usr/local/bin/
 ---> Using cache
 ---> 2b8d611c945c
Step 77/94 : COPY --from=vndr /build/ /usr/local/bin/
 ---> Using cache
 ---> e0bfb59f3a0e
Step 78/94 : COPY --from=tini /build/ /usr/local/bin/
 ---> Using cache
 ---> 8be028235a6c
Step 79/94 : COPY --from=runc /build/ /usr/local/bin/
 ---> Using cache
 ---> a006a15a3ad4
Step 80/94 : COPY --from=containerd /build/ /usr/local/bin/
 ---> Using cache
 ---> 62a794034dcc
Step 81/94 : COPY --from=proxy /build/ /usr/local/bin/
 ---> Using cache
 ---> c178bfe96e26
Step 82/94 : COPY --from=dockercli /build/ /usr/local/cli
 ---> Using cache
 ---> 9c8678b6b81e
Step 83/94 : COPY --from=registry /build/registry* /usr/local/bin/
 ---> Using cache
 ---> 26ce1958e897
Step 84/94 : COPY --from=criu /build/ /usr/local/
 ---> Using cache
 ---> ed35d0b3bdf1
Step 85/94 : COPY --from=docker-py /build/ /docker-py
 ---> Using cache
 ---> be091b6af725
Step 86/94 : RUN cd /docker-py 	&& pip install docker-pycreds==0.2.1 	&& pip install yamllint==1.5.0 	&& pip install -r test-requirements.txt
 ---> Using cache
 ---> 211233b00a83
Step 87/94 : ENV PATH=/usr/local/cli:$PATH
 ---> Using cache
 ---> 1277229c4066
Step 88/94 : ENV DOCKER_BUILDTAGS apparmor seccomp selinux
 ---> Using cache
 ---> a1d847e969b6
Step 89/94 : ENV GOMETALINTER_OPTS="--deadline=2m"
 ---> Using cache
 ---> 5784716194d1
Step 90/94 : WORKDIR /go/src/github.com/docker/docker
 ---> Using cache
 ---> 7be81007ccd0
Step 91/94 : VOLUME /var/lib/docker
 ---> Using cache
 ---> af845e385bbc
Step 92/94 : ENTRYPOINT ["hack/dind"]
 ---> Using cache
 ---> 0dcb0bfc076b
Step 93/94 : FROM dev AS final
 ---> 0dcb0bfc076b
Step 94/94 : COPY . /go/src/github.com/docker/docker
 ---> Using cache
 ---> a2b1c7a614a3
Successfully built a2b1c7a614a3
Successfully tagged docker:c0cbce0-exp

Removing bundles/

---> Making bundle: binary-daemon (in bundles/binary-daemon)
Building: bundles/binary-daemon/dockerd-dev
Created binary: bundles/binary-daemon/dockerd-dev
Copying nested executables into bundles/binary-daemon

---> Making bundle: test-integration (in bundles/test-integration)
Building test suite binary ./integration-cli/test.main
Building test suite binary ./integration/plugin/test.main
Building test suite binary ./integration/plugin/authz/test.main
Building test suite binary ./integration/plugin/logging/test.main
Building test suite binary ./integration/plugin/logging/cmd/test.main
Building test suite binary ./integration/plugin/logging/cmd/close_on_start/test.main
Building test suite binary ./integration/plugin/logging/cmd/dummy/test.main
Building test suite binary ./integration/plugin/common/test.main
Building test suite binary ./integration/plugin/volumes/test.main
Building test suite binary ./integration/plugin/volumes/cmd/test.main
Building test suite binary ./integration/plugin/volumes/cmd/dummy/test.main
Building test suite binary ./integration/plugin/graphdriver/test.main
Building test suite binary ./integration/config/test.main
Building test suite binary ./integration/service/test.main
Building test suite binary ./integration/network/test.main
Building test suite binary ./integration/network/ipvlan/test.main
Building test suite binary ./integration/network/macvlan/test.main
Building test suite binary ./integration/secret/test.main
Building test suite binary ./integration/session/test.main
Building test suite binary ./integration/container/test.main
Building test suite binary ./integration/build/test.main
Building test suite binary ./integration/volume/test.main
Building test suite binary ./integration/system/test.main
Building test suite binary ./integration/image/test.main
---> Making bundle: .integration-daemon-start (in bundles/test-integration)
Using test binary docker
# DOCKER_EXPERIMENTAL is set: starting daemon with experimental features enabled! 
/etc/init.d/apparmor: 130: /etc/init.d/apparmor: systemd-detect-virt: not found
Starting AppArmor profiles:Warning from stdin (line 1): /sbin/apparmor_parser: cannot use or update cache, disable, or force-complain via stdin
Warning failed to create cache: (null)
.
INFO: Waiting for daemon to start...
Starting dockerd
.
---> Making bundle: .integration-daemon-setup (in bundles/test-integration)
---> Making bundle: .ensure-emptyfs (in bundles/test-integration)
Error: No such image: emptyfs
Running integration-test (iteration 1)
Running /go/src/github.com/docker/docker/integration/plugin
testing: warning: no tests to run
PASS
Running /go/src/github.com/docker/docker/integration/plugin/authz
Loaded image: buildpack-deps:jessie
Loaded image: busybox:latest
Loaded image: busybox:glibc
Loaded image: debian:jessie
Loaded image: hello-world:latest
INFO: Testing against a local daemon
=== RUN   TestAuthZPluginAllowRequest
--- PASS: TestAuthZPluginAllowRequest (3.31s)
    daemon.go:296: [d81cb64a5dc21] waiting for daemon to start
    daemon.go:328: [d81cb64a5dc21] daemon started
    daemon.go:283: [d81cb64a5dc21] exiting daemon
=== RUN   TestAuthZPluginTLS
--- PASS: TestAuthZPluginTLS (0.53s)
    daemon.go:296: [d0f2d7e55ae1c] waiting for daemon to start
    daemon.go:328: [d0f2d7e55ae1c] daemon started
    daemon.go:283: [d0f2d7e55ae1c] exiting daemon
=== RUN   TestAuthZPluginDenyRequest
--- PASS: TestAuthZPluginDenyRequest (0.52s)
    daemon.go:296: [da9c3c7399de0] waiting for daemon to start
    daemon.go:328: [da9c3c7399de0] daemon started
    daemon.go:283: [da9c3c7399de0] exiting daemon
=== RUN   TestAuthZPluginAPIDenyResponse
--- PASS: TestAuthZPluginAPIDenyResponse (0.52s)
    daemon.go:296: [daba7a2e7e2b3] waiting for daemon to start
    daemon.go:328: [daba7a2e7e2b3] daemon started
    daemon.go:283: [daba7a2e7e2b3] exiting daemon
=== RUN   TestAuthZPluginDenyResponse
--- PASS: TestAuthZPluginDenyResponse (0.52s)
    daemon.go:296: [d65b0076981a1] waiting for daemon to start
    daemon.go:328: [d65b0076981a1] daemon started
    daemon.go:283: [d65b0076981a1] exiting daemon
=== RUN   TestAuthZPluginAllowEventStream
--- PASS: TestAuthZPluginAllowEventStream (5.26s)
    daemon.go:296: [de63178f92de1] waiting for daemon to start
    daemon.go:328: [de63178f92de1] daemon started
    daemon.go:283: [de63178f92de1] exiting daemon
=== RUN   TestAuthZPluginErrorResponse
--- PASS: TestAuthZPluginErrorResponse (2.70s)
    daemon.go:296: [daf0250585e85] waiting for daemon to start
    daemon.go:328: [daf0250585e85] daemon started
    daemon.go:283: [daf0250585e85] exiting daemon
=== RUN   TestAuthZPluginErrorRequest
--- PASS: TestAuthZPluginErrorRequest (0.52s)
    daemon.go:296: [d6fdec0784a1e] waiting for daemon to start
    daemon.go:328: [d6fdec0784a1e] daemon started
    daemon.go:283: [d6fdec0784a1e] exiting daemon
=== RUN   TestAuthZPluginEnsureNoDuplicatePluginRegistration
--- PASS: TestAuthZPluginEnsureNoDuplicatePluginRegistration (0.53s)
    daemon.go:296: [d466729cd0606] waiting for daemon to start
    daemon.go:328: [d466729cd0606] daemon started
    daemon.go:283: [d466729cd0606] exiting daemon
=== RUN   TestAuthZPluginEnsureLoadImportWorking
--- PASS: TestAuthZPluginEnsureLoadImportWorking (1.45s)
    daemon.go:296: [db34a9d5b089d] waiting for daemon to start
    daemon.go:328: [db34a9d5b089d] daemon started
    daemon.go:283: [db34a9d5b089d] exiting daemon
=== RUN   TestAuthzPluginEnsureContainerCopyToFrom
--- PASS: TestAuthzPluginEnsureContainerCopyToFrom (1.52s)
    daemon.go:296: [d4f1a3e347fbd] waiting for daemon to start
    daemon.go:328: [d4f1a3e347fbd] daemon started
    daemon.go:283: [d4f1a3e347fbd] exiting daemon
=== RUN   TestAuthZPluginHeader
--- PASS: TestAuthZPluginHeader (0.72s)
    daemon.go:296: [d1e5c2317a214] waiting for daemon to start
    daemon.go:328: [d1e5c2317a214] daemon started
    daemon.go:283: [d1e5c2317a214] exiting daemon
=== RUN   TestAuthZPluginV2AllowNonVolumeRequest
--- PASS: TestAuthZPluginV2AllowNonVolumeRequest (6.62s)
    daemon.go:296: [d25b2765144b5] waiting for daemon to start
    daemon.go:328: [d25b2765144b5] daemon started
    daemon.go:283: [d25b2765144b5] exiting daemon
    daemon.go:296: [d25b2765144b5] waiting for daemon to start
    daemon.go:328: [d25b2765144b5] daemon started
    daemon.go:283: [d25b2765144b5] exiting daemon
=== RUN   TestAuthZPluginV2Disable
--- PASS: TestAuthZPluginV2Disable (6.66s)
    daemon.go:296: [debfbaeade6c2] waiting for daemon to start
    daemon.go:328: [debfbaeade6c2] daemon started
    daemon.go:283: [debfbaeade6c2] exiting daemon
    daemon.go:296: [debfbaeade6c2] waiting for daemon to start
    daemon.go:328: [debfbaeade6c2] daemon started
    daemon.go:283: [debfbaeade6c2] exiting daemon
=== RUN   TestAuthZPluginV2RejectVolumeRequests
--- PASS: TestAuthZPluginV2RejectVolumeRequests (5.70s)
    daemon.go:296: [d26062c4daa4e] waiting for daemon to start
    daemon.go:328: [d26062c4daa4e] daemon started
    daemon.go:283: [d26062c4daa4e] exiting daemon
    daemon.go:296: [d26062c4daa4e] waiting for daemon to start
    daemon.go:328: [d26062c4daa4e] daemon started
    daemon.go:283: [d26062c4daa4e] exiting daemon
=== RUN   TestAuthZPluginV2BadManifestFailsDaemonStart
--- PASS: TestAuthZPluginV2BadManifestFailsDaemonStart (13.67s)
    daemon.go:296: [df6dba34557a9] waiting for daemon to start
    daemon.go:328: [df6dba34557a9] daemon started
    daemon.go:283: [df6dba34557a9] exiting daemon
    daemon.go:296: [df6dba34557a9] waiting for daemon to start
    daemon.go:296: [df6dba34557a9] waiting for daemon to start
    daemon.go:283: [df6dba34557a9] exiting daemon
    daemon.go:296: [df6dba34557a9] waiting for daemon to start
    daemon.go:328: [df6dba34557a9] daemon started
    daemon.go:283: [df6dba34557a9] exiting daemon
=== RUN   TestAuthZPluginV2NonexistentFailsDaemonStart
--- PASS: TestAuthZPluginV2NonexistentFailsDaemonStart (16.51s)
    daemon.go:296: [d2eeb39f0c657] waiting for daemon to start
    daemon.go:328: [d2eeb39f0c657] daemon started
    daemon.go:283: [d2eeb39f0c657] exiting daemon
    daemon.go:296: [d2eeb39f0c657] waiting for daemon to start
    daemon.go:296: [d2eeb39f0c657] waiting for daemon to start
    daemon.go:296: [d2eeb39f0c657] waiting for daemon to start
    daemon.go:328: [d2eeb39f0c657] daemon started
    daemon.go:283: [d2eeb39f0c657] exiting daemon
PASS
Running /go/src/github.com/docker/docker/integration/plugin/logging
INFO: Testing against a local daemon
=== RUN   TestContinueAfterPluginCrash
=== PAUSE TestContinueAfterPluginCrash
=== RUN   TestDaemonStartWithLogOpt
=== PAUSE TestDaemonStartWithLogOpt
=== CONT  TestContinueAfterPluginCrash
=== CONT  TestDaemonStartWithLogOpt
--- PASS: TestDaemonStartWithLogOpt (13.68s)
    daemon.go:296: [de64b6c81ff9c] waiting for daemon to start
    daemon.go:328: [de64b6c81ff9c] daemon started
    daemon.go:283: [de64b6c81ff9c] exiting daemon
    daemon.go:296: [de64b6c81ff9c] waiting for daemon to start
    daemon.go:328: [de64b6c81ff9c] daemon started
    daemon.go:283: [de64b6c81ff9c] exiting daemon
--- PASS: TestContinueAfterPluginCrash (18.93s)
    daemon.go:296: [d8b6df919b35d] waiting for daemon to start
    daemon.go:328: [d8b6df919b35d] daemon started
    daemon.go:283: [d8b6df919b35d] exiting daemon
PASS
Running /go/src/github.com/docker/docker/integration/plugin/logging/cmd
testing: warning: no tests to run
PASS
Running /go/src/github.com/docker/docker/integration/plugin/logging/cmd/close_on_start
testing: warning: no tests to run
PASS
Running /go/src/github.com/docker/docker/integration/plugin/logging/cmd/dummy
testing: warning: no tests to run
PASS
Running /go/src/github.com/docker/docker/integration/plugin/common
INFO: Testing against a local daemon
=== RUN   TestPluginInvalidJSON
=== RUN   TestPluginInvalidJSON//plugins/foobar/set
=== PAUSE TestPluginInvalidJSON//plugins/foobar/set
=== CONT  TestPluginInvalidJSON//plugins/foobar/set
--- PASS: TestPluginInvalidJSON (0.01s)
    --- PASS: TestPluginInvalidJSON//plugins/foobar/set (0.00s)
PASS
Running /go/src/github.com/docker/docker/integration/plugin/volumes
INFO: Testing against a local daemon
=== RUN   TestPluginWithDevMounts
=== PAUSE TestPluginWithDevMounts
=== CONT  TestPluginWithDevMounts
--- PASS: TestPluginWithDevMounts (1.77s)
    daemon.go:296: [d571655d06e5c] waiting for daemon to start
    daemon.go:328: [d571655d06e5c] daemon started
    daemon.go:283: [d571655d06e5c] exiting daemon
PASS
Running /go/src/github.com/docker/docker/integration/plugin/volumes/cmd
testing: warning: no tests to run
PASS
Running /go/src/github.com/docker/docker/integration/plugin/volumes/cmd/dummy
testing: warning: no tests to run
PASS
Running /go/src/github.com/docker/docker/integration/plugin/graphdriver
INFO: Testing against a local daemon
=== RUN   TestExternalGraphDriver
=== RUN   TestExternalGraphDriver/json
=== RUN   TestExternalGraphDriver/spec
=== RUN   TestExternalGraphDriver/pull
--- PASS: TestExternalGraphDriver (6.94s)
    daemon.go:296: [d04bc0aea2fc1] waiting for daemon to start
    daemon.go:328: [d04bc0aea2fc1] daemon started
    daemon.go:283: [d04bc0aea2fc1] exiting daemon
    daemon.go:296: [d04bc0aea2fc1] waiting for daemon to start
    daemon.go:328: [d04bc0aea2fc1] daemon started
    daemon.go:283: [d04bc0aea2fc1] exiting daemon
    --- PASS: TestExternalGraphDriver/json (1.72s)
    daemon.go:296: [d04bc0aea2fc1] waiting for daemon to start
    daemon.go:328: [d04bc0aea2fc1] daemon started
    daemon.go:283: [d04bc0aea2fc1] exiting daemon
    daemon.go:296: [d04bc0aea2fc1] waiting for daemon to start
    daemon.go:328: [d04bc0aea2fc1] daemon started
    daemon.go:283: [d04bc0aea2fc1] exiting daemon
    --- PASS: TestExternalGraphDriver/spec (1.72s)
    daemon.go:296: [d04bc0aea2fc1] waiting for daemon to start
    daemon.go:328: [d04bc0aea2fc1] daemon started
    daemon.go:283: [d04bc0aea2fc1] exiting daemon
    --- PASS: TestExternalGraphDriver/pull (3.04s)
=== RUN   TestGraphdriverPluginV2
--- SKIP: TestGraphdriverPluginV2 (0.33s)
    external_test.go:411: !requirement.Overlay2Supported(testEnv.DaemonInfo.KernelVersion)
PASS
Running /go/src/github.com/docker/docker/integration/config
INFO: Testing against a local daemon
=== RUN   TestConfigList
--- PASS: TestConfigList (2.17s)
    daemon.go:296: [d400867ceabbc] waiting for daemon to start
    daemon.go:328: [d400867ceabbc] daemon started
    daemon.go:283: [d400867ceabbc] exiting daemon
=== RUN   TestConfigsCreateAndDelete
--- PASS: TestConfigsCreateAndDelete (2.11s)
    daemon.go:296: [db53419a7e3d2] waiting for daemon to start
    daemon.go:328: [db53419a7e3d2] daemon started
    daemon.go:283: [db53419a7e3d2] exiting daemon
=== RUN   TestConfigsUpdate
--- PASS: TestConfigsUpdate (2.12s)
    daemon.go:296: [dbf8933d0f9e7] waiting for daemon to start
    daemon.go:328: [dbf8933d0f9e7] daemon started
    daemon.go:283: [dbf8933d0f9e7] exiting daemon
=== RUN   TestTemplatedConfig
--- PASS: TestTemplatedConfig (2.65s)
    daemon.go:296: [d9be64a86e87a] waiting for daemon to start
    daemon.go:328: [d9be64a86e87a] daemon started
    daemon.go:283: [d9be64a86e87a] exiting daemon
=== RUN   TestConfigInspect
--- PASS: TestConfigInspect (2.00s)
    daemon.go:296: [daa33992fb16e] waiting for daemon to start
    daemon.go:328: [daa33992fb16e] daemon started
    daemon.go:283: [daa33992fb16e] exiting daemon
=== RUN   TestConfigCreateWithLabels
--- PASS: TestConfigCreateWithLabels (2.05s)
    daemon.go:296: [da49b06d6a5e5] waiting for daemon to start
    daemon.go:328: [da49b06d6a5e5] daemon started
    daemon.go:283: [da49b06d6a5e5] exiting daemon
=== RUN   TestConfigCreateResolve
--- PASS: TestConfigCreateResolve (2.16s)
    daemon.go:296: [d8bab3c4dc8ec] waiting for daemon to start
    daemon.go:328: [d8bab3c4dc8ec] daemon started
    daemon.go:283: [d8bab3c4dc8ec] exiting daemon
PASS
Running /go/src/github.com/docker/docker/integration/service
INFO: Testing against a local daemon
=== RUN   TestServiceCreateInit
=== RUN   TestServiceCreateInit/daemonInitDisabled
=== RUN   TestServiceCreateInit/daemonInitEnabled
--- PASS: TestServiceCreateInit (8.13s)
    --- PASS: TestServiceCreateInit/daemonInitDisabled (4.07s)
        daemon.go:296: [dd9cbc2cb76a3] waiting for daemon to start
        daemon.go:328: [dd9cbc2cb76a3] daemon started
        daemon.go:283: [dd9cbc2cb76a3] exiting daemon
    --- PASS: TestServiceCreateInit/daemonInitEnabled (4.06s)
        daemon.go:296: [dcad6e137473a] waiting for daemon to start
        daemon.go:328: [dcad6e137473a] daemon started
        daemon.go:283: [dcad6e137473a] exiting daemon
=== RUN   TestCreateServiceMultipleTimes
--- PASS: TestCreateServiceMultipleTimes (23.77s)
    daemon.go:296: [d209118b52ffc] waiting for daemon to start
    daemon.go:328: [d209118b52ffc] daemon started
    daemon.go:283: [d209118b52ffc] exiting daemon
=== RUN   TestCreateServiceConflict
--- PASS: TestCreateServiceConflict (2.17s)
    daemon.go:296: [dc10335dea243] waiting for daemon to start
    daemon.go:328: [dc10335dea243] daemon started
    daemon.go:283: [dc10335dea243] exiting daemon
=== RUN   TestCreateServiceMaxReplicas
--- PASS: TestCreateServiceMaxReplicas (2.85s)
    daemon.go:296: [dbaae0cdbe029] waiting for daemon to start
    daemon.go:328: [dbaae0cdbe029] daemon started
    daemon.go:283: [dbaae0cdbe029] exiting daemon
=== RUN   TestCreateWithDuplicateNetworkNames
--- PASS: TestCreateWithDuplicateNetworkNames (12.97s)
    daemon.go:296: [d6ad724d1a408] waiting for daemon to start
    daemon.go:328: [d6ad724d1a408] daemon started
    daemon.go:283: [d6ad724d1a408] exiting daemon
=== RUN   TestCreateServiceSecretFileMode
--- PASS: TestCreateServiceSecretFileMode (2.69s)
    daemon.go:296: [dec238c9e2a13] waiting for daemon to start
    daemon.go:328: [dec238c9e2a13] daemon started
    daemon.go:283: [dec238c9e2a13] exiting daemon
=== RUN   TestCreateServiceConfigFileMode
--- PASS: TestCreateServiceConfigFileMode (2.64s)
    daemon.go:296: [d39f9b02cfe85] waiting for daemon to start
    daemon.go:328: [d39f9b02cfe85] daemon started
    daemon.go:283: [d39f9b02cfe85] exiting daemon
=== RUN   TestCreateServiceSysctls
--- PASS: TestCreateServiceSysctls (3.21s)
    daemon.go:296: [d48e61ede50b7] waiting for daemon to start
    daemon.go:328: [d48e61ede50b7] daemon started
    daemon.go:283: [d48e61ede50b7] exiting daemon
=== RUN   TestInspect
--- PASS: TestInspect (2.16s)
    daemon.go:296: [d9cf3e3664732] waiting for daemon to start
    daemon.go:328: [d9cf3e3664732] daemon started
    daemon.go:283: [d9cf3e3664732] exiting daemon
=== RUN   TestDockerNetworkConnectAlias
--- PASS: TestDockerNetworkConnectAlias (4.02s)
    daemon.go:296: [d72551cc35cf9] waiting for daemon to start
    daemon.go:328: [d72551cc35cf9] daemon started
    daemon.go:283: [d72551cc35cf9] exiting daemon
=== RUN   TestServicePlugin
--- PASS: TestServicePlugin (34.92s)
    daemon.go:296: [d067bbc606e1c] waiting for daemon to start
    daemon.go:328: [d067bbc606e1c] daemon started
    daemon.go:283: [d067bbc606e1c] exiting daemon
    daemon.go:296: [d2ff992b32315] waiting for daemon to start
    daemon.go:328: [d2ff992b32315] daemon started
    daemon.go:296: [d2066654168b5] waiting for daemon to start
    daemon.go:328: [d2066654168b5] daemon started
    daemon.go:296: [d1e38ceeeab7a] waiting for daemon to start
    daemon.go:328: [d1e38ceeeab7a] daemon started
    daemon.go:283: [d1e38ceeeab7a] exiting daemon
    daemon.go:283: [d2066654168b5] exiting daemon
    daemon.go:283: [d2ff992b32315] exiting daemon
=== RUN   TestServiceUpdateLabel
--- PASS: TestServiceUpdateLabel (2.05s)
    daemon.go:296: [d88d045b393b0] waiting for daemon to start
    daemon.go:328: [d88d045b393b0] daemon started
    daemon.go:283: [d88d045b393b0] exiting daemon
=== RUN   TestServiceUpdateSecrets
--- PASS: TestServiceUpdateSecrets (2.18s)
    daemon.go:296: [d808ea57a78ef] waiting for daemon to start
    daemon.go:328: [d808ea57a78ef] daemon started
    daemon.go:283: [d808ea57a78ef] exiting daemon
=== RUN   TestServiceUpdateConfigs
--- FAIL: TestServiceUpdateConfigs (2.17s)
    daemon.go:296: [d2e1975508b94] waiting for daemon to start
    daemon.go:328: [d2e1975508b94] daemon started
    update_test.go:188: assertion failed: error is not nil: Error response from daemon: rpc error: code = Unknown desc = update out of sequence
    daemon.go:283: [d2e1975508b94] exiting daemon
FAIL
---> Making bundle: .integration-daemon-stop (in bundles/test-integration)
Clearing AppArmor profiles cache:.
All profile caches have been cleared, but no profiles have been unloaded.
Unloading profiles will leave already running processes permanently
unconfined, which can lead to unexpected situations.

To set a process to complain mode, use the command line tool
'aa-complain'. To really tear down all profiles, run the init script
with the 'teardown' option."
Removing test suite binaries
Build step 'Execute shell' marked build as failure
Set build name.
New build name is '#38465'
[PostBuildScript] - Executing post build scripts.
[Docker-PRs-experimental] $ /bin/sh -xe /tmp/jenkins384967017893624822.sh
+ echo Ensuring container killed.
Ensuring container killed.
+ docker rm -vf docker-pr-exp43612
Error: No such container: docker-pr-exp43612
+ true
+ echo Chowning /workspace to jenkins user
Chowning /workspace to jenkins user
+ id -u
+ id -g
+ docker run --rm -v /home/ubuntu/workspace/Docker-PRs-experimental:/workspace busybox chown -R 1000:1000 /workspace
[Docker-PRs-experimental] $ /bin/sh -xe /tmp/jenkins3325878692119670455.sh
+ echo Creating bundles.tar.gz
Creating bundles.tar.gz
+ xargs tar -czf bundles.tar.gz
+ find bundles -name *.log
Archiving artifacts
Notifying endpoint with url 'https://leeroy.dockerproject.org/notification/jenkins'
[WS-CLEANUP] Deleting project workspace...[WS-CLEANUP] done
Finished: FAILURE
