Started by user Gordon
Notifying endpoint with url 'https://leeroy.dockerproject.org/notification/jenkins'
[EnvInject] - Loading node environment variables.
Building remotely on s390x-ubuntu-27 (linux s390x-ubuntu-1604 s390x) in workspace /home/jenkins/workspace/Docker-PRs-s390x
Running Prebuild steps
[Docker-PRs-s390x] $ /bin/sh -xe /tmp/jenkins5599814795851959987.sh
+ pwd
+ id -u
+ id -g
+ docker run --rm -v /home/jenkins/workspace/Docker-PRs-s390x:/workspace s390x/busybox chown -R 1001:1001 /workspace
Success build forhudson.tasks.Shell@54493290
Wiping out workspace first.
Cloning the remote Git repository
Cloning repository https://github.com/moby/moby.git
 > git init /home/jenkins/workspace/Docker-PRs-s390x # timeout=10
Fetching upstream changes from https://github.com/moby/moby.git
 > git --version # timeout=10
 > git fetch --tags --progress https://github.com/moby/moby.git +refs/heads/*:refs/remotes/origin/*
 > git config remote.origin.url https://github.com/moby/moby.git # timeout=10
 > git config --add remote.origin.fetch +refs/heads/*:refs/remotes/origin/* # timeout=10
 > git config remote.origin.url https://github.com/moby/moby.git # timeout=10
Fetching upstream changes from https://github.com/moby/moby.git
 > git fetch --tags --progress https://github.com/moby/moby.git +refs/heads/*:refs/remotes/origin/*
 > git rev-parse origin/master^{commit} # timeout=10
Checking out Revision e0e9942dc5466884e7b2ef5c509a9dab33c4a01a (origin/master)
 > git config core.sparsecheckout # timeout=10
 > git checkout -f e0e9942dc5466884e7b2ef5c509a9dab33c4a01a
Commit message: "Merge pull request #38419 from thaJeztah/fix_nuke_everything"
 > git rev-list --no-walk e0e9942dc5466884e7b2ef5c509a9dab33c4a01a # timeout=10
Set build name.
New build name is '#38474'
[Docker-PRs-s390x] $ /bin/bash /tmp/jenkins5374716399116337659.sh
From https://github.com/moby/moby
 * [new ref]         refs/pull/38474/head -> origin/pr/38474
Updating e0e9942..75624b9
Fast-forward
 integration/service/update_test.go | 7 +++++--
 1 file changed, 5 insertions(+), 2 deletions(-)
Sending build context to Docker daemon   45.1MB
Step 1/94 : FROM golang:1.11.4 AS base
 ---> ee5c1a481166
Step 2/94 : ARG APT_MIRROR=deb.debian.org
 ---> Using cache
 ---> 0f21820dd49a
Step 3/94 : RUN sed -ri "s/(httpredir|deb).debian.org/$APT_MIRROR/g" /etc/apt/sources.list
 ---> Using cache
 ---> 10ab6995bb9a
Step 4/94 : FROM base AS criu
 ---> 10ab6995bb9a
Step 5/94 : ENV CRIU_VERSION 3.6
 ---> Using cache
 ---> d9de2a7bda8a
Step 6/94 : RUN apt-get update && apt-get install -y 	libnet-dev 	libprotobuf-c0-dev 	libprotobuf-dev 	libnl-3-dev 	libcap-dev 	protobuf-compiler 	protobuf-c-compiler 	python-protobuf 	&& mkdir -p /usr/src/criu 	&& curl -sSL https://github.com/checkpoint-restore/criu/archive/v${CRIU_VERSION}.tar.gz | tar -C /usr/src/criu/ -xz --strip-components=1 	&& cd /usr/src/criu 	&& make 	&& make PREFIX=/build/ install-criu
 ---> Using cache
 ---> a57c8699c5e1
Step 7/94 : FROM base AS registry
 ---> 10ab6995bb9a
Step 8/94 : ENV REGISTRY_COMMIT_SCHEMA1 ec87e9b6971d831f0eff752ddb54fb64693e51cd
 ---> Using cache
 ---> c148ee2972d5
Step 9/94 : ENV REGISTRY_COMMIT 47a064d4195a9b56133891bbb13620c3ac83a827
 ---> Using cache
 ---> e248244881f7
Step 10/94 : RUN set -x 	&& export GOPATH="$(mktemp -d)" 	&& git clone https://github.com/docker/distribution.git "$GOPATH/src/github.com/docker/distribution" 	&& (cd "$GOPATH/src/github.com/docker/distribution" && git checkout -q "$REGISTRY_COMMIT") 	&& GOPATH="$GOPATH/src/github.com/docker/distribution/Godeps/_workspace:$GOPATH" 		go build -buildmode=pie -o /build/registry-v2 github.com/docker/distribution/cmd/registry 	&& case $(dpkg --print-architecture) in 		amd64|ppc64*|s390x) 		(cd "$GOPATH/src/github.com/docker/distribution" && git checkout -q "$REGISTRY_COMMIT_SCHEMA1"); 		GOPATH="$GOPATH/src/github.com/docker/distribution/Godeps/_workspace:$GOPATH"; 			go build -buildmode=pie -o /build/registry-v2-schema1 github.com/docker/distribution/cmd/registry; 		;; 	   esac 	&& rm -rf "$GOPATH"
 ---> Using cache
 ---> 6b28044bde46
Step 11/94 : FROM base AS docker-py
 ---> 10ab6995bb9a
Step 12/94 : ENV DOCKER_PY_COMMIT 8b246db271a85d6541dc458838627e89c683e42f
 ---> Using cache
 ---> c3a5b5284bee
Step 13/94 : RUN git clone https://github.com/docker/docker-py.git /build 	&& cd /build 	&& git checkout -q $DOCKER_PY_COMMIT
 ---> Using cache
 ---> ec05f29e1588
Step 14/94 : FROM base AS swagger
 ---> 10ab6995bb9a
Step 15/94 : ENV GO_SWAGGER_COMMIT c28258affb0b6251755d92489ef685af8d4ff3eb
 ---> Using cache
 ---> 0952a52246f2
Step 16/94 : RUN set -x 	&& export GOPATH="$(mktemp -d)" 	&& git clone https://github.com/go-swagger/go-swagger.git "$GOPATH/src/github.com/go-swagger/go-swagger" 	&& (cd "$GOPATH/src/github.com/go-swagger/go-swagger" && git checkout -q "$GO_SWAGGER_COMMIT") 	&& go build -o /build/swagger github.com/go-swagger/go-swagger/cmd/swagger 	&& rm -rf "$GOPATH"
 ---> Using cache
 ---> b2747b2058da
Step 17/94 : FROM base AS frozen-images
 ---> 10ab6995bb9a
Step 18/94 : RUN apt-get update && apt-get install -y jq ca-certificates --no-install-recommends
 ---> Using cache
 ---> 16f5e94af9c6
Step 19/94 : COPY contrib/download-frozen-image-v2.sh /
 ---> Using cache
 ---> 92e618691575
Step 20/94 : RUN /download-frozen-image-v2.sh /build 	buildpack-deps:jessie@sha256:dd86dced7c9cd2a724e779730f0a53f93b7ef42228d4344b25ce9a42a1486251 	busybox:latest@sha256:bbc3a03235220b170ba48a157dd097dd1379299370e1ed99ce976df0355d24f0 	busybox:glibc@sha256:0b55a30394294ab23b9afd58fab94e61a923f5834fba7ddbae7f8e0c11ba85e6 	debian:jessie@sha256:287a20c5f73087ab406e6b364833e3fb7b3ae63ca0eb3486555dc27ed32c6e60 	hello-world:latest@sha256:be0cd392e45be79ffeffa6b05338b98ebb16c87b255f48e297ec7f98e123905c
 ---> Using cache
 ---> c4095d2abe25
Step 21/94 : FROM base AS runtime-dev
 ---> 10ab6995bb9a
Step 22/94 : RUN apt-get update && apt-get install -y 	libapparmor-dev 	libseccomp-dev
 ---> Using cache
 ---> 142bc7c180e1
Step 23/94 : FROM base AS tomlv
 ---> 10ab6995bb9a
Step 24/94 : ENV INSTALL_BINARY_NAME=tomlv
 ---> Using cache
 ---> 66e3305a53fa
Step 25/94 : COPY hack/dockerfile/install/install.sh ./install.sh
 ---> Using cache
 ---> f959d27086b2
Step 26/94 : COPY hack/dockerfile/install/$INSTALL_BINARY_NAME.installer ./
 ---> Using cache
 ---> b74e7430167a
Step 27/94 : RUN PREFIX=/build ./install.sh $INSTALL_BINARY_NAME
 ---> Using cache
 ---> 7bee8abc83fb
Step 28/94 : FROM base AS vndr
 ---> 10ab6995bb9a
Step 29/94 : ENV INSTALL_BINARY_NAME=vndr
 ---> Using cache
 ---> 5bf34a7306ac
Step 30/94 : COPY hack/dockerfile/install/install.sh ./install.sh
 ---> Using cache
 ---> f2c8db77583b
Step 31/94 : COPY hack/dockerfile/install/$INSTALL_BINARY_NAME.installer ./
 ---> Using cache
 ---> d62a4c631fd2
Step 32/94 : RUN PREFIX=/build ./install.sh $INSTALL_BINARY_NAME
 ---> Using cache
 ---> 16b75c1cf347
Step 33/94 : FROM base AS containerd
 ---> 10ab6995bb9a
Step 34/94 : RUN apt-get update && apt-get install -y btrfs-tools
 ---> Using cache
 ---> 66067d8e001c
Step 35/94 : ENV INSTALL_BINARY_NAME=containerd
 ---> Using cache
 ---> 85dcb32b3f5d
Step 36/94 : COPY hack/dockerfile/install/install.sh ./install.sh
 ---> Using cache
 ---> 6077734c643f
Step 37/94 : COPY hack/dockerfile/install/$INSTALL_BINARY_NAME.installer ./
 ---> Using cache
 ---> eac39e289943
Step 38/94 : RUN PREFIX=/build ./install.sh $INSTALL_BINARY_NAME
 ---> Using cache
 ---> b49b3de90f41
Step 39/94 : FROM base AS proxy
 ---> 10ab6995bb9a
Step 40/94 : ENV INSTALL_BINARY_NAME=proxy
 ---> Using cache
 ---> 63ac765d135d
Step 41/94 : COPY hack/dockerfile/install/install.sh ./install.sh
 ---> Using cache
 ---> 4625d94d9715
Step 42/94 : COPY hack/dockerfile/install/$INSTALL_BINARY_NAME.installer ./
 ---> Using cache
 ---> 9648570307e0
Step 43/94 : RUN PREFIX=/build ./install.sh $INSTALL_BINARY_NAME
 ---> Using cache
 ---> 769909ccd914
Step 44/94 : FROM base AS gometalinter
 ---> 10ab6995bb9a
Step 45/94 : ENV INSTALL_BINARY_NAME=gometalinter
 ---> Using cache
 ---> 213a1cac8f7d
Step 46/94 : COPY hack/dockerfile/install/install.sh ./install.sh
 ---> Using cache
 ---> 00d07756c463
Step 47/94 : COPY hack/dockerfile/install/$INSTALL_BINARY_NAME.installer ./
 ---> Using cache
 ---> 9bff96d8aa3d
Step 48/94 : RUN PREFIX=/build ./install.sh $INSTALL_BINARY_NAME
 ---> Using cache
 ---> e0356ce1017a
Step 49/94 : FROM base AS dockercli
 ---> 10ab6995bb9a
Step 50/94 : ENV INSTALL_BINARY_NAME=dockercli
 ---> Using cache
 ---> 30700b66bbd8
Step 51/94 : COPY hack/dockerfile/install/install.sh ./install.sh
 ---> Using cache
 ---> 67771ff23cac
Step 52/94 : COPY hack/dockerfile/install/$INSTALL_BINARY_NAME.installer ./
 ---> Using cache
 ---> 301eed76a041
Step 53/94 : RUN PREFIX=/build ./install.sh $INSTALL_BINARY_NAME
 ---> Using cache
 ---> fdddb1409311
Step 54/94 : FROM runtime-dev AS runc
 ---> 142bc7c180e1
Step 55/94 : ENV INSTALL_BINARY_NAME=runc
 ---> Using cache
 ---> da2f165266c8
Step 56/94 : COPY hack/dockerfile/install/install.sh ./install.sh
 ---> Using cache
 ---> 39d651b4ada6
Step 57/94 : COPY hack/dockerfile/install/$INSTALL_BINARY_NAME.installer ./
 ---> Using cache
 ---> 92c6dc7e0b19
Step 58/94 : RUN PREFIX=/build ./install.sh $INSTALL_BINARY_NAME
 ---> Using cache
 ---> 0bb67c6f1273
Step 59/94 : FROM base AS tini
 ---> 10ab6995bb9a
Step 60/94 : RUN apt-get update && apt-get install -y cmake vim-common
 ---> Using cache
 ---> f41dfc208ab7
Step 61/94 : COPY hack/dockerfile/install/install.sh ./install.sh
 ---> Using cache
 ---> e415efda5719
Step 62/94 : ENV INSTALL_BINARY_NAME=tini
 ---> Using cache
 ---> f4d2b71bf606
Step 63/94 : COPY hack/dockerfile/install/$INSTALL_BINARY_NAME.installer ./
 ---> Using cache
 ---> 2cc31d80ed63
Step 64/94 : RUN PREFIX=/build ./install.sh $INSTALL_BINARY_NAME
 ---> Using cache
 ---> f3199028f943
Step 65/94 : FROM runtime-dev AS dev
 ---> 142bc7c180e1
Step 66/94 : RUN groupadd -r docker
 ---> Using cache
 ---> e660932f96e1
Step 67/94 : RUN useradd --create-home --gid docker unprivilegeduser
 ---> Using cache
 ---> 6432ba764ebf
Step 68/94 : RUN ln -sfv /go/src/github.com/docker/docker/.bashrc ~/.bashrc
 ---> Using cache
 ---> 03ac116877a2
Step 69/94 : RUN echo "source /usr/share/bash-completion/bash_completion" >> /etc/bash.bashrc
 ---> Using cache
 ---> 2aa8d400a1ad
Step 70/94 : RUN ln -s /usr/local/completion/bash/docker /etc/bash_completion.d/docker
 ---> Using cache
 ---> fba210653ca9
Step 71/94 : RUN ldconfig
 ---> Using cache
 ---> 7b356fba2d1b
Step 72/94 : RUN apt-get update && apt-get install -y 	apparmor 	aufs-tools 	bash-completion 	btrfs-tools 	iptables 	jq 	libcap2-bin 	libdevmapper-dev 	libudev-dev 	libsystemd-dev 	binutils-mingw-w64 	g++-mingw-w64-x86-64 	net-tools 	pigz 	python-backports.ssl-match-hostname 	python-dev 	python-mock 	python-pip 	python-requests 	python-setuptools 	python-websocket 	python-wheel 	thin-provisioning-tools 	vim 	vim-common 	xfsprogs 	zip 	bzip2 	xz-utils 	--no-install-recommends
 ---> Using cache
 ---> 727073c80411
Step 73/94 : COPY --from=swagger /build/swagger* /usr/local/bin/
 ---> Using cache
 ---> 7ca50c82402f
Step 74/94 : COPY --from=frozen-images /build/ /docker-frozen-images
 ---> Using cache
 ---> 255aab404388
Step 75/94 : COPY --from=gometalinter /build/ /usr/local/bin/
 ---> Using cache
 ---> 2c0046ea8ab1
Step 76/94 : COPY --from=tomlv /build/ /usr/local/bin/
 ---> Using cache
 ---> 4d454c1532d7
Step 77/94 : COPY --from=vndr /build/ /usr/local/bin/
 ---> Using cache
 ---> efa3a0ede737
Step 78/94 : COPY --from=tini /build/ /usr/local/bin/
 ---> Using cache
 ---> d5d2692b7597
Step 79/94 : COPY --from=runc /build/ /usr/local/bin/
 ---> Using cache
 ---> 87376e4dda62
Step 80/94 : COPY --from=containerd /build/ /usr/local/bin/
 ---> Using cache
 ---> 7d96bdbdd889
Step 81/94 : COPY --from=proxy /build/ /usr/local/bin/
 ---> Using cache
 ---> a7c57e99b8b4
Step 82/94 : COPY --from=dockercli /build/ /usr/local/cli
 ---> Using cache
 ---> ab5f4c9f1343
Step 83/94 : COPY --from=registry /build/registry* /usr/local/bin/
 ---> Using cache
 ---> 6e2ae7eeb234
Step 84/94 : COPY --from=criu /build/ /usr/local/
 ---> Using cache
 ---> 24f6fa7062d6
Step 85/94 : COPY --from=docker-py /build/ /docker-py
 ---> Using cache
 ---> 73ccaff5fefa
Step 86/94 : RUN cd /docker-py 	&& pip install docker-pycreds==0.2.1 	&& pip install yamllint==1.5.0 	&& pip install -r test-requirements.txt
 ---> Using cache
 ---> 4d0a9f4bcce2
Step 87/94 : ENV PATH=/usr/local/cli:$PATH
 ---> Using cache
 ---> 6a12d50c2413
Step 88/94 : ENV DOCKER_BUILDTAGS apparmor seccomp selinux
 ---> Using cache
 ---> 83f4c845dfd8
Step 89/94 : ENV GOMETALINTER_OPTS="--deadline=2m"
 ---> Using cache
 ---> 9422549ff807
Step 90/94 : WORKDIR /go/src/github.com/docker/docker
 ---> Using cache
 ---> f1e54fb58b0a
Step 91/94 : VOLUME /var/lib/docker
 ---> Using cache
 ---> f47e6e8a8c20
Step 92/94 : ENTRYPOINT ["hack/dind"]
 ---> Using cache
 ---> a776c403798f
Step 93/94 : FROM dev AS final
 ---> a776c403798f
Step 94/94 : COPY . /go/src/github.com/docker/docker
 ---> 202aef8273ae
Successfully built 202aef8273ae
Successfully tagged docker-s390x:75624b9
?   	github.com/docker/docker/api	[no test files]
ok  	github.com/docker/docker/api/server	0.005s	coverage: 7.9% of statements
?   	github.com/docker/docker/api/server/backend/build	[no test files]
ok  	github.com/docker/docker/api/server/httputils	0.007s	coverage: 11.1% of statements
ok  	github.com/docker/docker/api/server/middleware	0.004s	coverage: 43.4% of statements
?   	github.com/docker/docker/api/server/router	[no test files]
?   	github.com/docker/docker/api/server/router/build	[no test files]
?   	github.com/docker/docker/api/server/router/checkpoint	[no test files]
?   	github.com/docker/docker/api/server/router/container	[no test files]
?   	github.com/docker/docker/api/server/router/debug	[no test files]
?   	github.com/docker/docker/api/server/router/distribution	[no test files]
?   	github.com/docker/docker/api/server/router/image	[no test files]
?   	github.com/docker/docker/api/server/router/network	[no test files]
?   	github.com/docker/docker/api/server/router/plugin	[no test files]
?   	github.com/docker/docker/api/server/router/session	[no test files]
?   	github.com/docker/docker/api/server/router/swarm	[no test files]
?   	github.com/docker/docker/api/server/router/system	[no test files]
?   	github.com/docker/docker/api/server/router/volume	[no test files]
?   	github.com/docker/docker/api/types	[no test files]
?   	github.com/docker/docker/api/types/backend	[no test files]
?   	github.com/docker/docker/api/types/blkiodev	[no test files]
?   	github.com/docker/docker/api/types/container	[no test files]
?   	github.com/docker/docker/api/types/events	[no test files]
ok  	github.com/docker/docker/api/types/filters	0.004s	coverage: 94.2% of statements
?   	github.com/docker/docker/api/types/image	[no test files]
?   	github.com/docker/docker/api/types/mount	[no test files]
?   	github.com/docker/docker/api/types/network	[no test files]
?   	github.com/docker/docker/api/types/plugins/logdriver	[no test files]
?   	github.com/docker/docker/api/types/registry	[no test files]
ok  	github.com/docker/docker/api/types/strslice	0.002s	coverage: 90.0% of statements
?   	github.com/docker/docker/api/types/swarm	[no test files]
?   	github.com/docker/docker/api/types/swarm/runtime	[no test files]
ok  	github.com/docker/docker/api/types/time	0.002s	coverage: 100.0% of statements
ok  	github.com/docker/docker/api/types/versions	0.002s	coverage: 75.0% of statements
?   	github.com/docker/docker/api/types/versions/v1p19	[no test files]
?   	github.com/docker/docker/api/types/versions/v1p20	[no test files]
?   	github.com/docker/docker/api/types/volume	[no test files]
?   	github.com/docker/docker/builder	[no test files]
?   	github.com/docker/docker/builder/builder-next	[no test files]
?   	github.com/docker/docker/builder/builder-next/adapters/containerimage	[no test files]
?   	github.com/docker/docker/builder/builder-next/adapters/snapshot	[no test files]
?   	github.com/docker/docker/builder/builder-next/exporter	[no test files]
?   	github.com/docker/docker/builder/builder-next/imagerefchecker	[no test files]
?   	github.com/docker/docker/builder/builder-next/worker	[no test files]
ok  	github.com/docker/docker/builder/dockerfile	0.810s	coverage: 45.4% of statements
ok  	github.com/docker/docker/builder/dockerignore	0.002s	coverage: 96.8% of statements
ok  	github.com/docker/docker/builder/fscache	0.114s	coverage: 69.2% of statements
ok  	github.com/docker/docker/builder/remotecontext	0.292s	coverage: 13.7% of statements
ok  	github.com/docker/docker/builder/remotecontext/git	0.504s	coverage: 78.8% of statements
?   	github.com/docker/docker/cli	[no test files]
?   	github.com/docker/docker/cli/config	[no test files]
ok  	github.com/docker/docker/cli/debug	0.002s	coverage: 100.0% of statements
ok  	github.com/docker/docker/client	0.133s	coverage: 75.6% of statements
ok  	github.com/docker/docker/cmd/dockerd	0.036s	coverage: 31.4% of statements
ok  	github.com/docker/docker/cmd/dockerd/hack	0.002s	coverage: 72.9% of statements
ok  	github.com/docker/docker/container	0.120s	coverage: 35.6% of statements
?   	github.com/docker/docker/container/stream	[no test files]
?   	github.com/docker/docker/contrib/apparmor	[no test files]
?   	github.com/docker/docker/contrib/docker-device-tool	[no test files]
?   	github.com/docker/docker/contrib/httpserver	[no test files]
ok  	github.com/docker/docker/daemon	12.395s	coverage: 17.1% of statements
ok  	github.com/docker/docker/daemon/cluster	0.037s	coverage: 0.5% of statements
ok  	github.com/docker/docker/daemon/cluster/controllers/plugin	0.012s	coverage: 65.3% of statements
ok  	github.com/docker/docker/daemon/cluster/convert	0.007s	coverage: 28.0% of statements
?   	github.com/docker/docker/daemon/cluster/executor	[no test files]
ok  	github.com/docker/docker/daemon/cluster/executor/container	3.431s	coverage: 12.7% of statements
?   	github.com/docker/docker/daemon/cluster/provider	[no test files]
ok  	github.com/docker/docker/daemon/config	0.030s	coverage: 84.8% of statements
ok  	github.com/docker/docker/daemon/discovery	0.005s	coverage: 30.4% of statements
ok  	github.com/docker/docker/daemon/events	0.060s	coverage: 50.0% of statements
?   	github.com/docker/docker/daemon/events/testutils	[no test files]
?   	github.com/docker/docker/daemon/exec	[no test files]
ok  	github.com/docker/docker/daemon/graphdriver	0.005s	coverage: 2.2% of statements
ok  	github.com/docker/docker/daemon/graphdriver/aufs	11.532s	coverage: 73.6% of statements
ok  	github.com/docker/docker/daemon/graphdriver/btrfs	0.004s	coverage: 2.9% of statements
ok  	github.com/docker/docker/daemon/graphdriver/copy	0.192s	coverage: 57.0% of statements
ok  	github.com/docker/docker/daemon/graphdriver/devmapper	4.503s	coverage: 46.1% of statements
?   	github.com/docker/docker/daemon/graphdriver/graphtest	[no test files]
ok  	github.com/docker/docker/daemon/graphdriver/overlay	1.802s	coverage: 50.8% of statements
ok  	github.com/docker/docker/daemon/graphdriver/overlay2	4.826s	coverage: 56.8% of statements
?   	github.com/docker/docker/daemon/graphdriver/overlayutils	[no test files]
ok  	github.com/docker/docker/daemon/graphdriver/quota	0.675s	coverage: 75.2% of statements
?   	github.com/docker/docker/daemon/graphdriver/register	[no test files]
ok  	github.com/docker/docker/daemon/graphdriver/vfs	0.005s	coverage: 70.5% of statements
ok  	github.com/docker/docker/daemon/graphdriver/zfs	0.009s	coverage: 3.0% of statements
ok  	github.com/docker/docker/daemon/images	0.015s	coverage: 4.9% of statements
?   	github.com/docker/docker/daemon/initlayer	[no test files]
ok  	github.com/docker/docker/daemon/links	0.002s	coverage: 93.0% of statements
?   	github.com/docker/docker/daemon/listeners	[no test files]
ok  	github.com/docker/docker/daemon/logger	0.218s	coverage: 43.7% of statements
ok  	github.com/docker/docker/daemon/logger/awslogs	0.101s	coverage: 71.7% of statements
?   	github.com/docker/docker/daemon/logger/fluentd	[no test files]
?   	github.com/docker/docker/daemon/logger/gcplogs	[no test files]
ok  	github.com/docker/docker/daemon/logger/gelf	0.005s	coverage: 68.2% of statements
ok  	github.com/docker/docker/daemon/logger/journald	0.004s	coverage: 26.2% of statements
ok  	github.com/docker/docker/daemon/logger/jsonfilelog	0.008s	coverage: 62.1% of statements
ok  	github.com/docker/docker/daemon/logger/jsonfilelog/jsonlog	0.004s	coverage: 88.3% of statements
ok  	github.com/docker/docker/daemon/logger/local	0.013s	coverage: 74.7% of statements
?   	github.com/docker/docker/daemon/logger/logentries	[no test files]
ok  	github.com/docker/docker/daemon/logger/loggerutils	0.009s	coverage: 18.6% of statements
ok  	github.com/docker/docker/daemon/logger/splunk	1.486s	coverage: 84.5% of statements
ok  	github.com/docker/docker/daemon/logger/syslog	0.005s	coverage: 47.8% of statements
ok  	github.com/docker/docker/daemon/logger/templates	0.002s	coverage: 8.3% of statements
?   	github.com/docker/docker/daemon/names	[no test files]
ok  	github.com/docker/docker/daemon/network	0.004s	coverage: 57.1% of statements
?   	github.com/docker/docker/daemon/stats	[no test files]
ok  	github.com/docker/docker/distribution	0.499s	coverage: 16.8% of statements
ok  	github.com/docker/docker/distribution/metadata	0.035s	coverage: 48.2% of statements
?   	github.com/docker/docker/distribution/utils	[no test files]
ok  	github.com/docker/docker/distribution/xfer	1.428s	coverage: 83.9% of statements
?   	github.com/docker/docker/dockerversion	[no test files]
ok  	github.com/docker/docker/errdefs	0.002s	coverage: 76.6% of statements
ok  	github.com/docker/docker/image	0.019s	coverage: 86.3% of statements
ok  	github.com/docker/docker/image/cache	0.007s	coverage: 19.2% of statements
?   	github.com/docker/docker/image/tarexport	[no test files]
ok  	github.com/docker/docker/image/v1	0.008s	coverage: 25.0% of statements
ok  	github.com/docker/docker/internal/procfs	0.003s	coverage: 78.4% of statements
?   	github.com/docker/docker/internal/test	[no test files]
?   	github.com/docker/docker/internal/test/daemon	[no test files]
?   	github.com/docker/docker/internal/test/environment	[no test files]
?   	github.com/docker/docker/internal/test/fakecontext	[no test files]
?   	github.com/docker/docker/internal/test/fakegit	[no test files]
?   	github.com/docker/docker/internal/test/fakestorage	[no test files]
?   	github.com/docker/docker/internal/test/fixtures/load	[no test files]
?   	github.com/docker/docker/internal/test/fixtures/plugin	[no test files]
?   	github.com/docker/docker/internal/test/fixtures/plugin/basic	[no test files]
?   	github.com/docker/docker/internal/test/registry	[no test files]
?   	github.com/docker/docker/internal/test/request	[no test files]
ok  	github.com/docker/docker/internal/testutil	0.004s	coverage: 62.5% of statements
ok  	github.com/docker/docker/layer	7.132s	coverage: 71.4% of statements
ok  	github.com/docker/docker/libcontainerd	0.028s	coverage: 3.4% of statements
?   	github.com/docker/docker/libcontainerd/supervisor	[no test files]
?   	github.com/docker/docker/oci	[no test files]
?   	github.com/docker/docker/oci/caps	[no test files]
ok  	github.com/docker/docker/opts	0.023s	coverage: 68.4% of statements
ok  	github.com/docker/docker/pkg/aaparser	0.003s	coverage: 50.0% of statements
ok  	github.com/docker/docker/pkg/archive	0.311s	coverage: 82.3% of statements
ok  	github.com/docker/docker/pkg/authorization	0.221s	coverage: 66.7% of statements
ok  	github.com/docker/docker/pkg/broadcaster	0.002s	coverage: 100.0% of statements
ok  	github.com/docker/docker/pkg/chrootarchive	3.283s	coverage: 37.0% of statements
?   	github.com/docker/docker/pkg/containerfs	[no test files]
?   	github.com/docker/docker/pkg/devicemapper	[no test files]
ok  	github.com/docker/docker/pkg/directory	0.003s	coverage: 80.0% of statements
ok  	github.com/docker/docker/pkg/discovery	0.003s	coverage: 58.3% of statements
ok  	github.com/docker/docker/pkg/discovery/file	0.004s	coverage: 97.6% of statements
ok  	github.com/docker/docker/pkg/discovery/kv	3.112s	coverage: 84.1% of statements
ok  	github.com/docker/docker/pkg/discovery/memory	0.002s	coverage: 92.3% of statements
ok  	github.com/docker/docker/pkg/discovery/nodes	0.002s	coverage: 93.8% of statements
ok  	github.com/docker/docker/pkg/dmesg	0.002s	coverage: 83.3% of statements
ok  	github.com/docker/docker/pkg/filenotify	0.604s	coverage: 66.3% of statements
ok  	github.com/docker/docker/pkg/fileutils	0.009s	coverage: 89.5% of statements
ok  	github.com/docker/docker/pkg/fsutils	0.396s	coverage: 85.1% of statements
ok  	github.com/docker/docker/pkg/homedir	0.004s	coverage: 41.7% of statements
ok  	github.com/docker/docker/pkg/idtools	0.188s	coverage: 70.2% of statements
ok  	github.com/docker/docker/pkg/ioutils	0.323s	coverage: 70.4% of statements
ok  	github.com/docker/docker/pkg/jsonmessage	0.004s	coverage: 88.3% of statements
ok  	github.com/docker/docker/pkg/locker	0.011s	coverage: 88.9% of statements
ok  	github.com/docker/docker/pkg/longpath	0.002s	coverage: 100.0% of statements
?   	github.com/docker/docker/pkg/loopback	[no test files]
ok  	github.com/docker/docker/pkg/mount	1.053s	coverage: 68.6% of statements
ok  	github.com/docker/docker/pkg/namesgenerator	0.002s	coverage: 85.7% of statements
?   	github.com/docker/docker/pkg/namesgenerator/cmd/names-generator	[no test files]
ok  	github.com/docker/docker/pkg/parsers	0.002s	coverage: 97.0% of statements
ok  	github.com/docker/docker/pkg/parsers/kernel	0.002s	coverage: 60.0% of statements
ok  	github.com/docker/docker/pkg/parsers/operatingsystem	0.002s	coverage: 90.0% of statements
ok  	github.com/docker/docker/pkg/pidfile	0.003s	coverage: 82.4% of statements
?   	github.com/docker/docker/pkg/platform	[no test files]
?   	github.com/docker/docker/pkg/plugingetter	[no test files]
ok  	github.com/docker/docker/pkg/plugins	33.618s	coverage: 76.8% of statements
ok  	github.com/docker/docker/pkg/plugins/pluginrpc-gen	0.009s	coverage: 56.8% of statements
?   	github.com/docker/docker/pkg/plugins/pluginrpc-gen/fixtures	[no test files]
?   	github.com/docker/docker/pkg/plugins/pluginrpc-gen/fixtures/otherfixture	[no test files]
ok  	github.com/docker/docker/pkg/plugins/transport	0.004s	coverage: 85.7% of statements
ok  	github.com/docker/docker/pkg/pools	0.003s	coverage: 87.9% of statements
ok  	github.com/docker/docker/pkg/progress	0.002s	coverage: 75.9% of statements
ok  	github.com/docker/docker/pkg/pubsub	1.038s	coverage: 72.7% of statements
ok  	github.com/docker/docker/pkg/reexec	0.004s	coverage: 82.4% of statements
ok  	github.com/docker/docker/pkg/signal	2.460s	coverage: 61.0% of statements
?   	github.com/docker/docker/pkg/signal/testfiles	[no test files]
ok  	github.com/docker/docker/pkg/stdcopy	0.006s	coverage: 100.0% of statements
ok  	github.com/docker/docker/pkg/streamformatter	0.003s	coverage: 66.2% of statements
ok  	github.com/docker/docker/pkg/stringid	0.002s	coverage: 76.0% of statements
ok  	github.com/docker/docker/pkg/symlink	0.008s	coverage: 87.7% of statements
ok  	github.com/docker/docker/pkg/sysinfo	0.004s	coverage: 75.8% of statements
ok  	github.com/docker/docker/pkg/system	0.035s	coverage: 36.1% of statements
ok  	github.com/docker/docker/pkg/tailfile	0.017s	coverage: 88.6% of statements
ok  	github.com/docker/docker/pkg/tarsum	0.038s	coverage: 89.3% of statements
ok  	github.com/docker/docker/pkg/term	0.003s	coverage: 84.8% of statements
ok  	github.com/docker/docker/pkg/term/windows	0.002s	coverage: 0.0% of statements [no tests to run]
ok  	github.com/docker/docker/pkg/truncindex	0.104s	coverage: 91.5% of statements
ok  	github.com/docker/docker/pkg/urlutil	0.002s	coverage: 100.0% of statements
ok  	github.com/docker/docker/pkg/useragent	0.002s	coverage: 88.9% of statements
ok  	github.com/docker/docker/plugin	0.545s	coverage: 27.3% of statements
ok  	github.com/docker/docker/plugin/executor/containerd	0.010s	coverage: 33.3% of statements
ok  	github.com/docker/docker/plugin/v2	0.005s	coverage: 14.5% of statements
?   	github.com/docker/docker/profiles/apparmor	[no test files]
ok  	github.com/docker/docker/profiles/seccomp	0.005s	coverage: 81.0% of statements
ok  	github.com/docker/docker/reference	0.007s	coverage: 84.4% of statements
ok  	github.com/docker/docker/registry	0.194s	coverage: 57.0% of statements
ok  	github.com/docker/docker/registry/resumable	0.015s	coverage: 100.0% of statements
ok  	github.com/docker/docker/restartmanager	0.002s	coverage: 49.0% of statements
ok  	github.com/docker/docker/runconfig	0.008s	coverage: 68.2% of statements
?   	github.com/docker/docker/runconfig/opts	[no test files]
?   	github.com/docker/docker/volume	[no test files]
ok  	github.com/docker/docker/volume/drivers	0.010s	coverage: 36.1% of statements
ok  	github.com/docker/docker/volume/local	0.043s	coverage: 73.0% of statements
ok  	github.com/docker/docker/volume/mounts	0.029s	coverage: 66.8% of statements
ok  	github.com/docker/docker/volume/service	0.016s	coverage: 73.0% of statements
?   	github.com/docker/docker/volume/service/opts	[no test files]
?   	github.com/docker/docker/volume/testutils	[no test files]

Removing bundles/

---> Making bundle: dynbinary (in bundles/dynbinary)
Building: bundles/dynbinary-daemon/dockerd-dev
Created binary: bundles/dynbinary-daemon/dockerd-dev

---> Making bundle: test-integration (in bundles/test-integration)
Building test suite binary ./integration-cli/test.main
Building test suite binary ./integration/config/test.main
Building test suite binary ./integration/secret/test.main
Building test suite binary ./integration/session/test.main
Building test suite binary ./integration/plugin/test.main
Building test suite binary ./integration/plugin/logging/test.main
Building test suite binary ./integration/plugin/logging/cmd/test.main
Building test suite binary ./integration/plugin/logging/cmd/dummy/test.main
Building test suite binary ./integration/plugin/logging/cmd/close_on_start/test.main
Building test suite binary ./integration/plugin/authz/test.main
Building test suite binary ./integration/plugin/graphdriver/test.main
Building test suite binary ./integration/plugin/common/test.main
Building test suite binary ./integration/plugin/volumes/test.main
Building test suite binary ./integration/plugin/volumes/cmd/test.main
Building test suite binary ./integration/plugin/volumes/cmd/dummy/test.main
Building test suite binary ./integration/container/test.main
Building test suite binary ./integration/system/test.main
Building test suite binary ./integration/volume/test.main
Building test suite binary ./integration/build/test.main
Building test suite binary ./integration/network/test.main
Building test suite binary ./integration/network/ipvlan/test.main
Building test suite binary ./integration/network/macvlan/test.main
Building test suite binary ./integration/service/test.main
Building test suite binary ./integration/image/test.main
---> Making bundle: .integration-daemon-start (in bundles/test-integration)
Using test binary docker
/etc/init.d/apparmor: 130: /etc/init.d/apparmor: systemd-detect-virt: not found
Starting AppArmor profiles:Warning from stdin (line 1): /sbin/apparmor_parser: cannot use or update cache, disable, or force-complain via stdin
Warning failed to create cache: (null)
.
Starting dockerd
INFO: Waiting for daemon to start...
.
---> Making bundle: .integration-daemon-setup (in bundles/test-integration)
---> Making bundle: .ensure-emptyfs (in bundles/test-integration)
Error: No such image: emptyfs
Running integration-test (iteration 1)
Running /go/src/github.com/docker/docker/integration/config
Loaded image: buildpack-deps:jessie
Loaded image: busybox:latest
Loaded image: busybox:glibc
Loaded image: debian:jessie
Loaded image: hello-world:latest
INFO: Testing against a local daemon
=== RUN   TestConfigList
--- PASS: TestConfigList (2.96s)
    daemon.go:296: [d780b142749ea] waiting for daemon to start
    daemon.go:328: [d780b142749ea] daemon started
    daemon.go:283: [d780b142749ea] exiting daemon
=== RUN   TestConfigsCreateAndDelete
--- PASS: TestConfigsCreateAndDelete (3.52s)
    daemon.go:296: [d239ec9025450] waiting for daemon to start
    daemon.go:328: [d239ec9025450] daemon started
    daemon.go:283: [d239ec9025450] exiting daemon
=== RUN   TestConfigsUpdate
--- PASS: TestConfigsUpdate (2.94s)
    daemon.go:296: [dbd97ef8cc73a] waiting for daemon to start
    daemon.go:328: [dbd97ef8cc73a] daemon started
    daemon.go:283: [dbd97ef8cc73a] exiting daemon
=== RUN   TestTemplatedConfig
--- PASS: TestTemplatedConfig (3.54s)
    daemon.go:296: [dd864d1301baa] waiting for daemon to start
    daemon.go:328: [dd864d1301baa] daemon started
    daemon.go:283: [dd864d1301baa] exiting daemon
=== RUN   TestConfigInspect
--- PASS: TestConfigInspect (3.00s)
    daemon.go:296: [d70e225f8351f] waiting for daemon to start
    daemon.go:328: [d70e225f8351f] daemon started
    daemon.go:283: [d70e225f8351f] exiting daemon
=== RUN   TestConfigCreateWithLabels
--- PASS: TestConfigCreateWithLabels (3.00s)
    daemon.go:296: [de57965ff6efc] waiting for daemon to start
    daemon.go:328: [de57965ff6efc] daemon started
    daemon.go:283: [de57965ff6efc] exiting daemon
=== RUN   TestConfigCreateResolve
--- PASS: TestConfigCreateResolve (2.94s)
    daemon.go:296: [d7c20b16df386] waiting for daemon to start
    daemon.go:328: [d7c20b16df386] daemon started
    daemon.go:283: [d7c20b16df386] exiting daemon
PASS
Running /go/src/github.com/docker/docker/integration/secret
INFO: Testing against a local daemon
=== RUN   TestSecretInspect
--- PASS: TestSecretInspect (3.06s)
    daemon.go:296: [de55971417304] waiting for daemon to start
    daemon.go:328: [de55971417304] daemon started
    daemon.go:283: [de55971417304] exiting daemon
=== RUN   TestSecretList
--- PASS: TestSecretList (3.05s)
    daemon.go:296: [dba99ddfe68c6] waiting for daemon to start
    daemon.go:328: [dba99ddfe68c6] daemon started
    daemon.go:283: [dba99ddfe68c6] exiting daemon
=== RUN   TestSecretsCreateAndDelete
--- PASS: TestSecretsCreateAndDelete (2.94s)
    daemon.go:296: [d40ad5f71c827] waiting for daemon to start
    daemon.go:328: [d40ad5f71c827] daemon started
    daemon.go:283: [d40ad5f71c827] exiting daemon
=== RUN   TestSecretsUpdate
--- PASS: TestSecretsUpdate (3.10s)
    daemon.go:296: [d64e9c40c4f8e] waiting for daemon to start
    daemon.go:328: [d64e9c40c4f8e] daemon started
    daemon.go:283: [d64e9c40c4f8e] exiting daemon
=== RUN   TestTemplatedSecret
--- PASS: TestTemplatedSecret (3.36s)
    daemon.go:296: [d16937a39ae7a] waiting for daemon to start
    daemon.go:328: [d16937a39ae7a] daemon started
    daemon.go:283: [d16937a39ae7a] exiting daemon
=== RUN   TestSecretCreateResolve
--- PASS: TestSecretCreateResolve (2.95s)
    daemon.go:296: [d88bd0b722daa] waiting for daemon to start
    daemon.go:328: [d88bd0b722daa] daemon started
    daemon.go:283: [d88bd0b722daa] exiting daemon
PASS
Running /go/src/github.com/docker/docker/integration/session
INFO: Testing against a local daemon
=== RUN   TestSessionCreate
--- SKIP: TestSessionCreate (0.00s)
    session_test.go:14: !testEnv.DaemonInfo.ExperimentalBuild
=== RUN   TestSessionCreateWithBadUpgrade
--- SKIP: TestSessionCreateWithBadUpgrade (0.00s)
    session_test.go:31: !testEnv.DaemonInfo.ExperimentalBuild
PASS
Running /go/src/github.com/docker/docker/integration/plugin
testing: warning: no tests to run
PASS
Running /go/src/github.com/docker/docker/integration/plugin/logging
INFO: Testing against a local daemon
=== RUN   TestContinueAfterPluginCrash
=== PAUSE TestContinueAfterPluginCrash
=== RUN   TestDaemonStartWithLogOpt
=== PAUSE TestDaemonStartWithLogOpt
=== CONT  TestContinueAfterPluginCrash
=== CONT  TestDaemonStartWithLogOpt
--- PASS: TestDaemonStartWithLogOpt (9.14s)
    daemon.go:296: [da7a459c0a678] waiting for daemon to start
    daemon.go:328: [da7a459c0a678] daemon started
    daemon.go:283: [da7a459c0a678] exiting daemon
    daemon.go:296: [da7a459c0a678] waiting for daemon to start
    daemon.go:328: [da7a459c0a678] daemon started
    daemon.go:283: [da7a459c0a678] exiting daemon
--- PASS: TestContinueAfterPluginCrash (13.14s)
    daemon.go:296: [de824cd0fa2a1] waiting for daemon to start
    daemon.go:328: [de824cd0fa2a1] daemon started
    daemon.go:283: [de824cd0fa2a1] exiting daemon
PASS
Running /go/src/github.com/docker/docker/integration/plugin/logging/cmd
testing: warning: no tests to run
PASS
Running /go/src/github.com/docker/docker/integration/plugin/logging/cmd/dummy
testing: warning: no tests to run
PASS
Running /go/src/github.com/docker/docker/integration/plugin/logging/cmd/close_on_start
testing: warning: no tests to run
PASS
Running /go/src/github.com/docker/docker/integration/plugin/authz
INFO: Testing against a local daemon
=== RUN   TestAuthZPluginAllowRequest
--- PASS: TestAuthZPluginAllowRequest (1.73s)
    daemon.go:296: [de64539da9c74] waiting for daemon to start
    daemon.go:328: [de64539da9c74] daemon started
    daemon.go:283: [de64539da9c74] exiting daemon
=== RUN   TestAuthZPluginTLS
--- PASS: TestAuthZPluginTLS (0.54s)
    daemon.go:296: [ddd5d128bbacd] waiting for daemon to start
    daemon.go:328: [ddd5d128bbacd] daemon started
    daemon.go:283: [ddd5d128bbacd] exiting daemon
=== RUN   TestAuthZPluginDenyRequest
--- PASS: TestAuthZPluginDenyRequest (0.53s)
    daemon.go:296: [dd97386c9a91d] waiting for daemon to start
    daemon.go:328: [dd97386c9a91d] daemon started
    daemon.go:283: [dd97386c9a91d] exiting daemon
=== RUN   TestAuthZPluginAPIDenyResponse
--- PASS: TestAuthZPluginAPIDenyResponse (0.54s)
    daemon.go:296: [d3212cdcca103] waiting for daemon to start
    daemon.go:328: [d3212cdcca103] daemon started
    daemon.go:283: [d3212cdcca103] exiting daemon
=== RUN   TestAuthZPluginDenyResponse
--- PASS: TestAuthZPluginDenyResponse (0.53s)
    daemon.go:296: [d36c0e5e3ecca] waiting for daemon to start
    daemon.go:328: [d36c0e5e3ecca] daemon started
    daemon.go:283: [d36c0e5e3ecca] exiting daemon
=== RUN   TestAuthZPluginAllowEventStream
--- PASS: TestAuthZPluginAllowEventStream (1.65s)
    daemon.go:296: [dfb2d7581ac72] waiting for daemon to start
    daemon.go:328: [dfb2d7581ac72] daemon started
    daemon.go:283: [dfb2d7581ac72] exiting daemon
=== RUN   TestAuthZPluginErrorResponse
--- PASS: TestAuthZPluginErrorResponse (0.53s)
    daemon.go:296: [dcd422fc61ce2] waiting for daemon to start
    daemon.go:328: [dcd422fc61ce2] daemon started
    daemon.go:283: [dcd422fc61ce2] exiting daemon
=== RUN   TestAuthZPluginErrorRequest
--- PASS: TestAuthZPluginErrorRequest (0.53s)
    daemon.go:296: [d581e5f325a9e] waiting for daemon to start
    daemon.go:328: [d581e5f325a9e] daemon started
    daemon.go:283: [d581e5f325a9e] exiting daemon
=== RUN   TestAuthZPluginEnsureNoDuplicatePluginRegistration
--- PASS: TestAuthZPluginEnsureNoDuplicatePluginRegistration (0.54s)
    daemon.go:296: [d5710f687f316] waiting for daemon to start
    daemon.go:328: [d5710f687f316] daemon started
    daemon.go:283: [d5710f687f316] exiting daemon
=== RUN   TestAuthZPluginEnsureLoadImportWorking
--- PASS: TestAuthZPluginEnsureLoadImportWorking (1.97s)
    daemon.go:296: [dc6add36d818e] waiting for daemon to start
    daemon.go:328: [dc6add36d818e] daemon started
    daemon.go:283: [dc6add36d818e] exiting daemon
=== RUN   TestAuthzPluginEnsureContainerCopyToFrom
--- PASS: TestAuthzPluginEnsureContainerCopyToFrom (2.11s)
    daemon.go:296: [d42ca73a8c48c] waiting for daemon to start
    daemon.go:328: [d42ca73a8c48c] daemon started
    daemon.go:283: [d42ca73a8c48c] exiting daemon
=== RUN   TestAuthZPluginHeader
--- PASS: TestAuthZPluginHeader (0.87s)
    daemon.go:296: [dcada4e3ca3a7] waiting for daemon to start
    daemon.go:328: [dcada4e3ca3a7] daemon started
    daemon.go:283: [dcada4e3ca3a7] exiting daemon
=== RUN   TestAuthZPluginV2AllowNonVolumeRequest
--- SKIP: TestAuthZPluginV2AllowNonVolumeRequest (0.00s)
    authz_plugin_v2_test.go:43: os.Getenv("DOCKER_ENGINE_GOARCH") != "amd64"
=== RUN   TestAuthZPluginV2Disable
--- SKIP: TestAuthZPluginV2Disable (0.00s)
    authz_plugin_v2_test.go:67: os.Getenv("DOCKER_ENGINE_GOARCH") != "amd64"
=== RUN   TestAuthZPluginV2RejectVolumeRequests
--- SKIP: TestAuthZPluginV2RejectVolumeRequests (0.00s)
    authz_plugin_v2_test.go:94: os.Getenv("DOCKER_ENGINE_GOARCH") != "amd64"
=== RUN   TestAuthZPluginV2BadManifestFailsDaemonStart
--- SKIP: TestAuthZPluginV2BadManifestFailsDaemonStart (0.00s)
    authz_plugin_v2_test.go:130: os.Getenv("DOCKER_ENGINE_GOARCH") != "amd64"
=== RUN   TestAuthZPluginV2NonexistentFailsDaemonStart
--- PASS: TestAuthZPluginV2NonexistentFailsDaemonStart (16.54s)
    daemon.go:296: [d48d8922eb3cd] waiting for daemon to start
    daemon.go:328: [d48d8922eb3cd] daemon started
    daemon.go:283: [d48d8922eb3cd] exiting daemon
    daemon.go:296: [d48d8922eb3cd] waiting for daemon to start
    daemon.go:296: [d48d8922eb3cd] waiting for daemon to start
    daemon.go:296: [d48d8922eb3cd] waiting for daemon to start
    daemon.go:328: [d48d8922eb3cd] daemon started
    daemon.go:283: [d48d8922eb3cd] exiting daemon
PASS
Running /go/src/github.com/docker/docker/integration/plugin/graphdriver
INFO: Testing against a local daemon
=== RUN   TestExternalGraphDriver
=== RUN   TestExternalGraphDriver/json
=== RUN   TestExternalGraphDriver/spec
=== RUN   TestExternalGraphDriver/pull
--- PASS: TestExternalGraphDriver (6.72s)
    daemon.go:296: [d882e38f9eb00] waiting for daemon to start
    daemon.go:328: [d882e38f9eb00] daemon started
    daemon.go:283: [d882e38f9eb00] exiting daemon
    daemon.go:296: [d882e38f9eb00] waiting for daemon to start
    daemon.go:328: [d882e38f9eb00] daemon started
    daemon.go:283: [d882e38f9eb00] exiting daemon
    --- PASS: TestExternalGraphDriver/json (2.21s)
    daemon.go:296: [d882e38f9eb00] waiting for daemon to start
    daemon.go:328: [d882e38f9eb00] daemon started
    daemon.go:283: [d882e38f9eb00] exiting daemon
    daemon.go:296: [d882e38f9eb00] waiting for daemon to start
    daemon.go:328: [d882e38f9eb00] daemon started
    daemon.go:283: [d882e38f9eb00] exiting daemon
    --- PASS: TestExternalGraphDriver/spec (2.13s)
    daemon.go:296: [d882e38f9eb00] waiting for daemon to start
    daemon.go:328: [d882e38f9eb00] daemon started
    daemon.go:283: [d882e38f9eb00] exiting daemon
    --- PASS: TestExternalGraphDriver/pull (2.21s)
=== RUN   TestGraphdriverPluginV2
--- SKIP: TestGraphdriverPluginV2 (0.06s)
    external_test.go:410: os.Getenv("DOCKER_ENGINE_GOARCH") != "amd64"
PASS
Running /go/src/github.com/docker/docker/integration/plugin/common
INFO: Testing against a local daemon
=== RUN   TestPluginInvalidJSON
=== RUN   TestPluginInvalidJSON//plugins/foobar/set
=== PAUSE TestPluginInvalidJSON//plugins/foobar/set
=== CONT  TestPluginInvalidJSON//plugins/foobar/set
--- PASS: TestPluginInvalidJSON (0.00s)
    --- PASS: TestPluginInvalidJSON//plugins/foobar/set (0.00s)
PASS
Running /go/src/github.com/docker/docker/integration/plugin/volumes
INFO: Testing against a local daemon
=== RUN   TestPluginWithDevMounts
=== PAUSE TestPluginWithDevMounts
=== CONT  TestPluginWithDevMounts
--- PASS: TestPluginWithDevMounts (1.92s)
    daemon.go:296: [d0b43c07720b9] waiting for daemon to start
    daemon.go:328: [d0b43c07720b9] daemon started
    daemon.go:283: [d0b43c07720b9] exiting daemon
PASS
Running /go/src/github.com/docker/docker/integration/plugin/volumes/cmd
testing: warning: no tests to run
PASS
Running /go/src/github.com/docker/docker/integration/plugin/volumes/cmd/dummy
testing: warning: no tests to run
PASS
Running /go/src/github.com/docker/docker/integration/container
INFO: Testing against a local daemon
=== RUN   TestContainerInvalidJSON
=== RUN   TestContainerInvalidJSON//containers/foobar/copy
=== PAUSE TestContainerInvalidJSON//containers/foobar/copy
=== RUN   TestContainerInvalidJSON//containers/foobar/exec
=== PAUSE TestContainerInvalidJSON//containers/foobar/exec
=== RUN   TestContainerInvalidJSON//exec/foobar/start
=== PAUSE TestContainerInvalidJSON//exec/foobar/start
=== CONT  TestContainerInvalidJSON//containers/foobar/copy
=== CONT  TestContainerInvalidJSON//exec/foobar/start
=== CONT  TestContainerInvalidJSON//containers/foobar/exec
--- PASS: TestContainerInvalidJSON (0.00s)
    --- PASS: TestContainerInvalidJSON//containers/foobar/copy (0.00s)
    --- PASS: TestContainerInvalidJSON//exec/foobar/start (0.00s)
    --- PASS: TestContainerInvalidJSON//containers/foobar/exec (0.00s)
=== RUN   TestCopyFromContainerPathDoesNotExist
--- PASS: TestCopyFromContainerPathDoesNotExist (0.08s)
=== RUN   TestCopyFromContainerPathIsNotDir
--- PASS: TestCopyFromContainerPathIsNotDir (0.09s)
=== RUN   TestCopyToContainerPathDoesNotExist
--- PASS: TestCopyToContainerPathDoesNotExist (0.06s)
=== RUN   TestCopyToContainerPathIsNotDir
--- PASS: TestCopyToContainerPathIsNotDir (0.06s)
=== RUN   TestCreateFailsWhenIdentifierDoesNotExist
=== RUN   TestCreateFailsWhenIdentifierDoesNotExist/image_and_tag
=== PAUSE TestCreateFailsWhenIdentifierDoesNotExist/image_and_tag
=== RUN   TestCreateFailsWhenIdentifierDoesNotExist/image_no_tag
=== PAUSE TestCreateFailsWhenIdentifierDoesNotExist/image_no_tag
=== RUN   TestCreateFailsWhenIdentifierDoesNotExist/digest
=== PAUSE TestCreateFailsWhenIdentifierDoesNotExist/digest
=== CONT  TestCreateFailsWhenIdentifierDoesNotExist/image_and_tag
=== CONT  TestCreateFailsWhenIdentifierDoesNotExist/digest
=== CONT  TestCreateFailsWhenIdentifierDoesNotExist/image_no_tag
--- PASS: TestCreateFailsWhenIdentifierDoesNotExist (0.01s)
    --- PASS: TestCreateFailsWhenIdentifierDoesNotExist/digest (0.01s)
    --- PASS: TestCreateFailsWhenIdentifierDoesNotExist/image_and_tag (0.01s)
    --- PASS: TestCreateFailsWhenIdentifierDoesNotExist/image_no_tag (0.00s)
=== RUN   TestCreateWithInvalidEnv
=== RUN   TestCreateWithInvalidEnv/0
=== PAUSE TestCreateWithInvalidEnv/0
=== RUN   TestCreateWithInvalidEnv/1
=== PAUSE TestCreateWithInvalidEnv/1
=== RUN   TestCreateWithInvalidEnv/2
=== PAUSE TestCreateWithInvalidEnv/2
=== CONT  TestCreateWithInvalidEnv/0
=== CONT  TestCreateWithInvalidEnv/2
=== CONT  TestCreateWithInvalidEnv/1
--- PASS: TestCreateWithInvalidEnv (0.01s)
    --- PASS: TestCreateWithInvalidEnv/0 (0.00s)
    --- PASS: TestCreateWithInvalidEnv/1 (0.00s)
    --- PASS: TestCreateWithInvalidEnv/2 (0.00s)
=== RUN   TestCreateTmpfsMountsTarget
--- PASS: TestCreateTmpfsMountsTarget (0.01s)
=== RUN   TestCreateWithCustomMaskedPaths
--- PASS: TestCreateWithCustomMaskedPaths (2.50s)
=== RUN   TestCreateWithCustomReadonlyPaths
--- PASS: TestCreateWithCustomReadonlyPaths (2.78s)
=== RUN   TestCreateWithInvalidHealthcheckParams
=== RUN   TestCreateWithInvalidHealthcheckParams/test_invalid_Interval_in_Healthcheck:_less_than_0s
=== PAUSE TestCreateWithInvalidHealthcheckParams/test_invalid_Interval_in_Healthcheck:_less_than_0s
=== RUN   TestCreateWithInvalidHealthcheckParams/test_invalid_Interval_in_Healthcheck:_larger_than_0s_but_less_than_1ms
=== PAUSE TestCreateWithInvalidHealthcheckParams/test_invalid_Interval_in_Healthcheck:_larger_than_0s_but_less_than_1ms
=== RUN   TestCreateWithInvalidHealthcheckParams/test_invalid_Timeout_in_Healthcheck:_less_than_1ms
=== PAUSE TestCreateWithInvalidHealthcheckParams/test_invalid_Timeout_in_Healthcheck:_less_than_1ms
=== RUN   TestCreateWithInvalidHealthcheckParams/test_invalid_Retries_in_Healthcheck:_less_than_0
=== PAUSE TestCreateWithInvalidHealthcheckParams/test_invalid_Retries_in_Healthcheck:_less_than_0
=== RUN   TestCreateWithInvalidHealthcheckParams/test_invalid_StartPeriod_in_Healthcheck:_not_0_and_less_than_1ms
=== PAUSE TestCreateWithInvalidHealthcheckParams/test_invalid_StartPeriod_in_Healthcheck:_not_0_and_less_than_1ms
=== CONT  TestCreateWithInvalidHealthcheckParams/test_invalid_Interval_in_Healthcheck:_less_than_0s
=== CONT  TestCreateWithInvalidHealthcheckParams/test_invalid_StartPeriod_in_Healthcheck:_not_0_and_less_than_1ms
=== CONT  TestCreateWithInvalidHealthcheckParams/test_invalid_Retries_in_Healthcheck:_less_than_0
=== CONT  TestCreateWithInvalidHealthcheckParams/test_invalid_Timeout_in_Healthcheck:_less_than_1ms
=== CONT  TestCreateWithInvalidHealthcheckParams/test_invalid_Interval_in_Healthcheck:_larger_than_0s_but_less_than_1ms
--- PASS: TestCreateWithInvalidHealthcheckParams (0.02s)
    --- PASS: TestCreateWithInvalidHealthcheckParams/test_invalid_StartPeriod_in_Healthcheck:_not_0_and_less_than_1ms (0.00s)
    --- PASS: TestCreateWithInvalidHealthcheckParams/test_invalid_Interval_in_Healthcheck:_less_than_0s (0.00s)
    --- PASS: TestCreateWithInvalidHealthcheckParams/test_invalid_Retries_in_Healthcheck:_less_than_0 (0.00s)
    --- PASS: TestCreateWithInvalidHealthcheckParams/test_invalid_Timeout_in_Healthcheck:_less_than_1ms (0.02s)
    --- PASS: TestCreateWithInvalidHealthcheckParams/test_invalid_Interval_in_Healthcheck:_larger_than_0s_but_less_than_1ms (0.02s)
=== RUN   TestContainerStartOnDaemonRestart
=== PAUSE TestContainerStartOnDaemonRestart
=== RUN   TestDiff
--- PASS: TestDiff (0.85s)
=== RUN   TestExecWithCloseStdin
--- PASS: TestExecWithCloseStdin (1.08s)
=== RUN   TestExec
--- PASS: TestExec (1.10s)
=== RUN   TestExportContainerAndImportImage
--- PASS: TestExportContainerAndImportImage (1.07s)
=== RUN   TestExportContainerAfterDaemonRestart
--- PASS: TestExportContainerAfterDaemonRestart (1.44s)
    daemon.go:296: [daf9c34a64248] waiting for daemon to start
    daemon.go:328: [daf9c34a64248] daemon started
    daemon.go:283: [daf9c34a64248] exiting daemon
    daemon.go:296: [daf9c34a64248] waiting for daemon to start
    daemon.go:328: [daf9c34a64248] daemon started
    daemon.go:283: [daf9c34a64248] exiting daemon
=== RUN   TestHealthCheckWorkdir
--- PASS: TestHealthCheckWorkdir (1.15s)
=== RUN   TestInspectCpusetInConfigPre120
--- PASS: TestInspectCpusetInConfigPre120 (0.91s)
=== RUN   TestIpcModeNone
--- PASS: TestIpcModeNone (0.98s)
=== RUN   TestIpcModePrivate
--- PASS: TestIpcModePrivate (0.99s)
    ipcmode_test.go:88: [testIpcPrivateShareable] ipcmode: private, ipcdev: 0:282, shared: false, mustBeShared: false
=== RUN   TestIpcModeShareable
--- PASS: TestIpcModeShareable (1.07s)
    ipcmode_test.go:88: [testIpcPrivateShareable] ipcmode: shareable, ipcdev: 0:276, shared: true, mustBeShared: true
=== RUN   TestAPIIpcModeShareableAndContainer
--- PASS: TestAPIIpcModeShareableAndContainer (3.21s)
=== RUN   TestAPIIpcModeHost
--- PASS: TestAPIIpcModeHost (0.74s)
=== RUN   TestDaemonIpcModeShareable
--- PASS: TestDaemonIpcModeShareable (1.92s)
    daemon.go:296: [dad0a4404e646] waiting for daemon to start
    daemon.go:328: [dad0a4404e646] daemon started
    ipcmode_test.go:256: [testDaemonIpcPrivateShareable] ipcdev: 0:283, shared: true, mustBeShared: true
    daemon.go:283: [dad0a4404e646] exiting daemon
=== RUN   TestDaemonIpcModePrivate
--- PASS: TestDaemonIpcModePrivate (1.83s)
    daemon.go:296: [db3262f21d9e0] waiting for daemon to start
    daemon.go:328: [db3262f21d9e0] daemon started
    ipcmode_test.go:256: [testDaemonIpcPrivateShareable] ipcdev: 0:289, shared: false, mustBeShared: false
    daemon.go:283: [db3262f21d9e0] exiting daemon
=== RUN   TestDaemonIpcModePrivateFromConfig
--- PASS: TestDaemonIpcModePrivateFromConfig (1.74s)
    daemon.go:296: [dd14f69af8b73] waiting for daemon to start
    daemon.go:328: [dd14f69af8b73] daemon started
    ipcmode_test.go:256: [testDaemonIpcPrivateShareable] ipcdev: 0:289, shared: false, mustBeShared: false
    daemon.go:283: [dd14f69af8b73] exiting daemon
=== RUN   TestDaemonIpcModeShareableFromConfig
--- PASS: TestDaemonIpcModeShareableFromConfig (1.82s)
    daemon.go:296: [d153fdc5d4545] waiting for daemon to start
    daemon.go:328: [d153fdc5d4545] daemon started
    ipcmode_test.go:256: [testDaemonIpcPrivateShareable] ipcdev: 0:283, shared: true, mustBeShared: true
    daemon.go:283: [d153fdc5d4545] exiting daemon
=== RUN   TestKillContainerInvalidSignal
--- PASS: TestKillContainerInvalidSignal (0.97s)
=== RUN   TestKillContainer
=== RUN   TestKillContainer/no_signal
=== RUN   TestKillContainer/non_killing_signal
=== RUN   TestKillContainer/killing_signal
--- PASS: TestKillContainer (2.85s)
    --- PASS: TestKillContainer/no_signal (0.96s)
    --- PASS: TestKillContainer/non_killing_signal (0.65s)
    --- PASS: TestKillContainer/killing_signal (0.81s)
=== RUN   TestKillWithStopSignalAndRestartPolicies
=== RUN   TestKillWithStopSignalAndRestartPolicies/same-signal-disables-restart-policy
=== RUN   TestKillWithStopSignalAndRestartPolicies/different-signal-keep-restart-policy
--- PASS: TestKillWithStopSignalAndRestartPolicies (1.77s)
    --- PASS: TestKillWithStopSignalAndRestartPolicies/same-signal-disables-restart-policy (0.87s)
    --- PASS: TestKillWithStopSignalAndRestartPolicies/different-signal-keep-restart-policy (0.56s)
=== RUN   TestKillStoppedContainer
--- PASS: TestKillStoppedContainer (0.08s)
=== RUN   TestKillStoppedContainerAPIPre120
--- PASS: TestKillStoppedContainerAPIPre120 (0.06s)
=== RUN   TestKillDifferentUserContainer
--- PASS: TestKillDifferentUserContainer (0.80s)
=== RUN   TestInspectOomKilledTrue
--- SKIP: TestInspectOomKilledTrue (0.00s)
    kill_test.go:153: testEnv.DaemonInfo.OSType == "windows" || !testEnv.DaemonInfo.MemoryLimit || !testEnv.DaemonInfo.SwapLimit
=== RUN   TestInspectOomKilledFalse
--- SKIP: TestInspectOomKilledFalse (0.00s)
    kill_test.go:171: testEnv.DaemonInfo.OSType == "windows" || !testEnv.DaemonInfo.MemoryLimit || !testEnv.DaemonInfo.SwapLimit
=== RUN   TestLinksEtcHostsContentMatch
--- PASS: TestLinksEtcHostsContentMatch (0.60s)
=== RUN   TestLinksContainerNames
--- PASS: TestLinksContainerNames (1.59s)
=== RUN   TestLogsFollowTailEmpty
--- PASS: TestLogsFollowTailEmpty (0.96s)
=== RUN   TestContainerNetworkMountsNoChown
--- PASS: TestContainerNetworkMountsNoChown (0.93s)
=== RUN   TestMountDaemonRoot
=== PAUSE TestMountDaemonRoot
=== RUN   TestContainerBindMountNonRecursive
--- PASS: TestContainerBindMountNonRecursive (2.12s)
=== RUN   TestNetworkNat
--- PASS: TestNetworkNat (0.91s)
=== RUN   TestNetworkLocalhostTCPNat
--- PASS: TestNetworkLocalhostTCPNat (0.87s)
=== RUN   TestNetworkLoopbackNat
--- PASS: TestNetworkLoopbackNat (1.24s)
=== RUN   TestPause
--- PASS: TestPause (1.00s)
=== RUN   TestPauseFailsOnWindowsServerContainers
--- SKIP: TestPauseFailsOnWindowsServerContainers (0.00s)
    pause_test.go:54: testEnv.DaemonInfo.OSType != "windows" || testEnv.DaemonInfo.Isolation != "process"
=== RUN   TestPauseStopPausedContainer
--- PASS: TestPauseStopPausedContainer (0.99s)
=== RUN   TestPsFilter
--- PASS: TestPsFilter (0.21s)
=== RUN   TestRemoveContainerWithRemovedVolume
--- PASS: TestRemoveContainerWithRemovedVolume (0.78s)
=== RUN   TestRemoveContainerWithVolume
--- PASS: TestRemoveContainerWithVolume (0.90s)
=== RUN   TestRemoveContainerRunning
--- PASS: TestRemoveContainerRunning (0.97s)
=== RUN   TestRemoveContainerForceRemoveRunning
--- PASS: TestRemoveContainerForceRemoveRunning (0.95s)
=== RUN   TestRemoveInvalidContainer
--- PASS: TestRemoveInvalidContainer (0.01s)
=== RUN   TestRenameLinkedContainer
--- PASS: TestRenameLinkedContainer (3.70s)
=== RUN   TestRenameStoppedContainer
--- PASS: TestRenameStoppedContainer (0.99s)
=== RUN   TestRenameRunningContainerAndReuse
--- PASS: TestRenameRunningContainerAndReuse (1.91s)
=== RUN   TestRenameInvalidName
--- PASS: TestRenameInvalidName (0.96s)
=== RUN   TestRenameAnonymousContainer
--- PASS: TestRenameAnonymousContainer (2.94s)
=== RUN   TestRenameContainerWithSameName
--- PASS: TestRenameContainerWithSameName (0.80s)
=== RUN   TestRenameContainerWithLinkedContainer
--- PASS: TestRenameContainerWithLinkedContainer (1.77s)
=== RUN   TestResize
--- PASS: TestResize (0.95s)
=== RUN   TestResizeWithInvalidSize
--- PASS: TestResizeWithInvalidSize (0.98s)
=== RUN   TestResizeWhenContainerNotStarted
--- PASS: TestResizeWhenContainerNotStarted (0.87s)
=== RUN   TestDaemonRestartKillContainers
=== RUN   TestDaemonRestartKillContainers/live-restore=false/container_without_restart_policy/kill-daemon
=== PAUSE TestDaemonRestartKillContainers/live-restore=false/container_without_restart_policy/kill-daemon
=== RUN   TestDaemonRestartKillContainers/live-restore=false/container_without_restart_policy/stop-daemon
=== PAUSE TestDaemonRestartKillContainers/live-restore=false/container_without_restart_policy/stop-daemon
=== RUN   TestDaemonRestartKillContainers/live-restore=true/container_without_restart_policy/kill-daemon
=== PAUSE TestDaemonRestartKillContainers/live-restore=true/container_without_restart_policy/kill-daemon
=== RUN   TestDaemonRestartKillContainers/live-restore=true/container_without_restart_policy/stop-daemon
=== PAUSE TestDaemonRestartKillContainers/live-restore=true/container_without_restart_policy/stop-daemon
=== RUN   TestDaemonRestartKillContainers/live-restore=false/container_with_restart=always/kill-daemon
=== PAUSE TestDaemonRestartKillContainers/live-restore=false/container_with_restart=always/kill-daemon
=== RUN   TestDaemonRestartKillContainers/live-restore=false/container_with_restart=always/stop-daemon
=== PAUSE TestDaemonRestartKillContainers/live-restore=false/container_with_restart=always/stop-daemon
=== RUN   TestDaemonRestartKillContainers/live-restore=true/container_with_restart=always/kill-daemon
=== PAUSE TestDaemonRestartKillContainers/live-restore=true/container_with_restart=always/kill-daemon
=== RUN   TestDaemonRestartKillContainers/live-restore=true/container_with_restart=always/stop-daemon
=== PAUSE TestDaemonRestartKillContainers/live-restore=true/container_with_restart=always/stop-daemon
=== RUN   TestDaemonRestartKillContainers/live-restore=false/container_created_should_not_be_restarted/kill-daemon
=== PAUSE TestDaemonRestartKillContainers/live-restore=false/container_created_should_not_be_restarted/kill-daemon
=== RUN   TestDaemonRestartKillContainers/live-restore=false/container_created_should_not_be_restarted/stop-daemon
=== PAUSE TestDaemonRestartKillContainers/live-restore=false/container_created_should_not_be_restarted/stop-daemon
=== RUN   TestDaemonRestartKillContainers/live-restore=true/container_created_should_not_be_restarted/kill-daemon
=== PAUSE TestDaemonRestartKillContainers/live-restore=true/container_created_should_not_be_restarted/kill-daemon
=== RUN   TestDaemonRestartKillContainers/live-restore=true/container_created_should_not_be_restarted/stop-daemon
=== PAUSE TestDaemonRestartKillContainers/live-restore=true/container_created_should_not_be_restarted/stop-daemon
=== CONT  TestDaemonRestartKillContainers/live-restore=false/container_without_restart_policy/kill-daemon
=== CONT  TestDaemonRestartKillContainers/live-restore=true/container_with_restart=always/kill-daemon
=== CONT  TestDaemonRestartKillContainers/live-restore=true/container_created_should_not_be_restarted/stop-daemon
=== CONT  TestDaemonRestartKillContainers/live-restore=true/container_created_should_not_be_restarted/kill-daemon
=== CONT  TestDaemonRestartKillContainers/live-restore=false/container_created_should_not_be_restarted/stop-daemon
=== CONT  TestDaemonRestartKillContainers/live-restore=false/container_created_should_not_be_restarted/kill-daemon
=== CONT  TestDaemonRestartKillContainers/live-restore=true/container_with_restart=always/stop-daemon
=== CONT  TestDaemonRestartKillContainers/live-restore=true/container_without_restart_policy/stop-daemon
=== CONT  TestDaemonRestartKillContainers/live-restore=false/container_with_restart=always/stop-daemon
=== CONT  TestDaemonRestartKillContainers/live-restore=false/container_with_restart=always/kill-daemon
=== CONT  TestDaemonRestartKillContainers/live-restore=true/container_without_restart_policy/kill-daemon
=== CONT  TestDaemonRestartKillContainers/live-restore=false/container_without_restart_policy/stop-daemon
--- PASS: TestDaemonRestartKillContainers (0.00s)
    --- PASS: TestDaemonRestartKillContainers/live-restore=false/container_without_restart_policy/kill-daemon (2.11s)
        daemon.go:296: [d6980deaa8189] waiting for daemon to start
        daemon.go:328: [d6980deaa8189] daemon started
        daemon.go:296: [d6980deaa8189] waiting for daemon to start
        daemon.go:328: [d6980deaa8189] daemon started
        daemon.go:283: [d6980deaa8189] exiting daemon
    --- PASS: TestDaemonRestartKillContainers/live-restore=true/container_with_restart=always/kill-daemon (2.36s)
        daemon.go:296: [d0272daf8c63f] waiting for daemon to start
        daemon.go:328: [d0272daf8c63f] daemon started
        daemon.go:296: [d0272daf8c63f] waiting for daemon to start
        daemon.go:328: [d0272daf8c63f] daemon started
        daemon.go:283: [d0272daf8c63f] exiting daemon
    --- PASS: TestDaemonRestartKillContainers/live-restore=true/container_created_should_not_be_restarted/stop-daemon (1.50s)
        daemon.go:296: [d446de00c3103] waiting for daemon to start
        daemon.go:328: [d446de00c3103] daemon started
        daemon.go:283: [d446de00c3103] exiting daemon
        daemon.go:296: [d446de00c3103] waiting for daemon to start
        daemon.go:328: [d446de00c3103] daemon started
        daemon.go:283: [d446de00c3103] exiting daemon
    --- PASS: TestDaemonRestartKillContainers/live-restore=true/container_created_should_not_be_restarted/kill-daemon (1.52s)
        daemon.go:296: [d2098bc0705f6] waiting for daemon to start
        daemon.go:328: [d2098bc0705f6] daemon started
        daemon.go:296: [d2098bc0705f6] waiting for daemon to start
        daemon.go:328: [d2098bc0705f6] daemon started
        daemon.go:283: [d2098bc0705f6] exiting daemon
    --- PASS: TestDaemonRestartKillContainers/live-restore=false/container_created_should_not_be_restarted/stop-daemon (1.48s)
        daemon.go:296: [d6dc32265d331] waiting for daemon to start
        daemon.go:328: [d6dc32265d331] daemon started
        daemon.go:283: [d6dc32265d331] exiting daemon
        daemon.go:296: [d6dc32265d331] waiting for daemon to start
        daemon.go:328: [d6dc32265d331] daemon started
        daemon.go:283: [d6dc32265d331] exiting daemon
    --- PASS: TestDaemonRestartKillContainers/live-restore=false/container_created_should_not_be_restarted/kill-daemon (1.45s)
        daemon.go:296: [d35fdfe50d524] waiting for daemon to start
        daemon.go:328: [d35fdfe50d524] daemon started
        daemon.go:296: [d35fdfe50d524] waiting for daemon to start
        daemon.go:328: [d35fdfe50d524] daemon started
        daemon.go:283: [d35fdfe50d524] exiting daemon
    --- PASS: TestDaemonRestartKillContainers/live-restore=true/container_with_restart=always/stop-daemon (2.23s)
        daemon.go:296: [de24a06bec2ef] waiting for daemon to start
        daemon.go:328: [de24a06bec2ef] daemon started
        daemon.go:283: [de24a06bec2ef] exiting daemon
        daemon.go:296: [de24a06bec2ef] waiting for daemon to start
        daemon.go:328: [de24a06bec2ef] daemon started
        daemon.go:283: [de24a06bec2ef] exiting daemon
    --- PASS: TestDaemonRestartKillContainers/live-restore=true/container_without_restart_policy/stop-daemon (2.40s)
        daemon.go:296: [d3f73fc8f87fa] waiting for daemon to start
        daemon.go:328: [d3f73fc8f87fa] daemon started
        daemon.go:283: [d3f73fc8f87fa] exiting daemon
        daemon.go:296: [d3f73fc8f87fa] waiting for daemon to start
        daemon.go:328: [d3f73fc8f87fa] daemon started
        daemon.go:283: [d3f73fc8f87fa] exiting daemon
    --- PASS: TestDaemonRestartKillContainers/live-restore=false/container_with_restart=always/kill-daemon (1.96s)
        daemon.go:296: [d7a3d7f3a071b] waiting for daemon to start
        daemon.go:328: [d7a3d7f3a071b] daemon started
        daemon.go:296: [d7a3d7f3a071b] waiting for daemon to start
        daemon.go:328: [d7a3d7f3a071b] daemon started
        daemon.go:283: [d7a3d7f3a071b] exiting daemon
    --- PASS: TestDaemonRestartKillContainers/live-restore=false/container_with_restart=always/stop-daemon (2.78s)
        daemon.go:296: [dbe880bda04a2] waiting for daemon to start
        daemon.go:328: [dbe880bda04a2] daemon started
        daemon.go:283: [dbe880bda04a2] exiting daemon
        daemon.go:296: [dbe880bda04a2] waiting for daemon to start
        daemon.go:328: [dbe880bda04a2] daemon started
        daemon.go:283: [dbe880bda04a2] exiting daemon
    --- PASS: TestDaemonRestartKillContainers/live-restore=true/container_without_restart_policy/kill-daemon (2.24s)
        daemon.go:296: [de154218541c2] waiting for daemon to start
        daemon.go:328: [de154218541c2] daemon started
        daemon.go:296: [de154218541c2] waiting for daemon to start
        daemon.go:328: [de154218541c2] daemon started
        daemon.go:283: [de154218541c2] exiting daemon
    --- PASS: TestDaemonRestartKillContainers/live-restore=false/container_without_restart_policy/stop-daemon (2.31s)
        daemon.go:296: [d302e9b5d41a3] waiting for daemon to start
        daemon.go:328: [d302e9b5d41a3] daemon started
        daemon.go:283: [d302e9b5d41a3] exiting daemon
        daemon.go:296: [d302e9b5d41a3] waiting for daemon to start
        daemon.go:328: [d302e9b5d41a3] daemon started
        daemon.go:283: [d302e9b5d41a3] exiting daemon
=== RUN   TestKernelTCPMemory
--- PASS: TestKernelTCPMemory (0.87s)
=== RUN   TestNISDomainname
--- PASS: TestNISDomainname (0.99s)
=== RUN   TestStats
--- PASS: TestStats (2.03s)
=== RUN   TestStopContainerWithTimeout
=== RUN   TestStopContainerWithTimeout/0
=== PAUSE TestStopContainerWithTimeout/0
=== RUN   TestStopContainerWithTimeout/1
=== PAUSE TestStopContainerWithTimeout/1
=== RUN   TestStopContainerWithTimeout/3
=== PAUSE TestStopContainerWithTimeout/3
=== RUN   TestStopContainerWithTimeout/-1
=== PAUSE TestStopContainerWithTimeout/-1
=== CONT  TestStopContainerWithTimeout/0
=== CONT  TestStopContainerWithTimeout/-1
=== CONT  TestStopContainerWithTimeout/3
=== CONT  TestStopContainerWithTimeout/1
--- PASS: TestStopContainerWithTimeout (0.00s)
    --- PASS: TestStopContainerWithTimeout/0 (1.13s)
    --- PASS: TestStopContainerWithTimeout/-1 (3.06s)
    --- PASS: TestStopContainerWithTimeout/3 (2.98s)
    --- PASS: TestStopContainerWithTimeout/1 (1.91s)
=== RUN   TestDeleteDevicemapper
--- SKIP: TestDeleteDevicemapper (0.00s)
    stop_linux_test.go:75: testEnv.DaemonInfo.Driver != "devicemapper"
=== RUN   TestStopContainerWithRestartPolicyAlways
--- PASS: TestStopContainerWithRestartPolicyAlways (2.16s)
=== RUN   TestUpdateMemory
--- SKIP: TestUpdateMemory (0.00s)
    update_linux_test.go:22: !testEnv.DaemonInfo.SwapLimit
=== RUN   TestUpdateCPUQuota
=== PAUSE TestUpdateCPUQuota
=== RUN   TestUpdateRestartPolicy
--- PASS: TestUpdateRestartPolicy (12.88s)
=== RUN   TestUpdateRestartWithAutoRemove
--- PASS: TestUpdateRestartWithAutoRemove (0.94s)
=== RUN   TestWaitNonBlocked
=== RUN   TestWaitNonBlocked/wait-nonblocking-exit-0
=== PAUSE TestWaitNonBlocked/wait-nonblocking-exit-0
=== RUN   TestWaitNonBlocked/wait-nonblocking-exit-random
=== PAUSE TestWaitNonBlocked/wait-nonblocking-exit-random
=== CONT  TestWaitNonBlocked/wait-nonblocking-exit-0
=== CONT  TestWaitNonBlocked/wait-nonblocking-exit-random
--- PASS: TestWaitNonBlocked (0.02s)
    --- PASS: TestWaitNonBlocked/wait-nonblocking-exit-random (1.02s)
    --- PASS: TestWaitNonBlocked/wait-nonblocking-exit-0 (1.10s)
=== RUN   TestWaitBlocked
=== RUN   TestWaitBlocked/test-wait-blocked-exit-zero
=== PAUSE TestWaitBlocked/test-wait-blocked-exit-zero
=== RUN   TestWaitBlocked/test-wait-blocked-exit-random
=== PAUSE TestWaitBlocked/test-wait-blocked-exit-random
=== CONT  TestWaitBlocked/test-wait-blocked-exit-zero
=== CONT  TestWaitBlocked/test-wait-blocked-exit-random
--- PASS: TestWaitBlocked (0.03s)
    --- PASS: TestWaitBlocked/test-wait-blocked-exit-random (0.99s)
    --- PASS: TestWaitBlocked/test-wait-blocked-exit-zero (1.07s)
=== CONT  TestContainerStartOnDaemonRestart
=== CONT  TestUpdateCPUQuota
--- PASS: TestUpdateCPUQuota (1.51s)
=== CONT  TestMountDaemonRoot
=== RUN   TestMountDaemonRoot/default
=== PAUSE TestMountDaemonRoot/default
=== RUN   TestMountDaemonRoot/private
=== PAUSE TestMountDaemonRoot/private
=== RUN   TestMountDaemonRoot/rprivate
=== PAUSE TestMountDaemonRoot/rprivate
=== RUN   TestMountDaemonRoot/slave
=== PAUSE TestMountDaemonRoot/slave
=== RUN   TestMountDaemonRoot/rslave
=== PAUSE TestMountDaemonRoot/rslave
=== RUN   TestMountDaemonRoot/shared
=== PAUSE TestMountDaemonRoot/shared
=== RUN   TestMountDaemonRoot/rshared
=== PAUSE TestMountDaemonRoot/rshared
=== CONT  TestMountDaemonRoot/default
=== RUN   TestMountDaemonRoot/default/mount_subpath
=== PAUSE TestMountDaemonRoot/default/mount_subpath
=== RUN   TestMountDaemonRoot/default/bind_root
=== PAUSE TestMountDaemonRoot/default/bind_root
=== RUN   TestMountDaemonRoot/default/bind_subpath
=== PAUSE TestMountDaemonRoot/default/bind_subpath
=== RUN   TestMountDaemonRoot/default/mount_root
=== PAUSE TestMountDaemonRoot/default/mount_root
=== CONT  TestMountDaemonRoot/default/mount_subpath
=== CONT  TestMountDaemonRoot/rshared
=== RUN   TestMountDaemonRoot/rshared/bind_subpath
=== PAUSE TestMountDaemonRoot/rshared/bind_subpath
=== RUN   TestMountDaemonRoot/rshared/mount_root
=== PAUSE TestMountDaemonRoot/rshared/mount_root
=== RUN   TestMountDaemonRoot/rshared/mount_subpath
=== PAUSE TestMountDaemonRoot/rshared/mount_subpath
=== RUN   TestMountDaemonRoot/rshared/bind_root
=== PAUSE TestMountDaemonRoot/rshared/bind_root
=== CONT  TestMountDaemonRoot/shared
=== RUN   TestMountDaemonRoot/shared/mount_subpath
=== PAUSE TestMountDaemonRoot/shared/mount_subpath
=== RUN   TestMountDaemonRoot/shared/bind_root
=== PAUSE TestMountDaemonRoot/shared/bind_root
=== RUN   TestMountDaemonRoot/shared/bind_subpath
=== PAUSE TestMountDaemonRoot/shared/bind_subpath
=== RUN   TestMountDaemonRoot/shared/mount_root
=== PAUSE TestMountDaemonRoot/shared/mount_root
=== CONT  TestMountDaemonRoot/rslave
=== RUN   TestMountDaemonRoot/rslave/bind_root
=== PAUSE TestMountDaemonRoot/rslave/bind_root
=== RUN   TestMountDaemonRoot/rslave/bind_subpath
=== PAUSE TestMountDaemonRoot/rslave/bind_subpath
=== RUN   TestMountDaemonRoot/rslave/mount_root
=== PAUSE TestMountDaemonRoot/rslave/mount_root
=== RUN   TestMountDaemonRoot/rslave/mount_subpath
=== PAUSE TestMountDaemonRoot/rslave/mount_subpath
=== CONT  TestMountDaemonRoot/slave
=== RUN   TestMountDaemonRoot/slave/bind_root
=== PAUSE TestMountDaemonRoot/slave/bind_root
=== RUN   TestMountDaemonRoot/slave/bind_subpath
=== PAUSE TestMountDaemonRoot/slave/bind_subpath
=== RUN   TestMountDaemonRoot/slave/mount_root
=== PAUSE TestMountDaemonRoot/slave/mount_root
=== RUN   TestMountDaemonRoot/slave/mount_subpath
=== PAUSE TestMountDaemonRoot/slave/mount_subpath
=== CONT  TestMountDaemonRoot/rprivate
=== RUN   TestMountDaemonRoot/rprivate/bind_root
=== PAUSE TestMountDaemonRoot/rprivate/bind_root
=== RUN   TestMountDaemonRoot/rprivate/bind_subpath
=== PAUSE TestMountDaemonRoot/rprivate/bind_subpath
=== RUN   TestMountDaemonRoot/rprivate/mount_root
=== PAUSE TestMountDaemonRoot/rprivate/mount_root
=== RUN   TestMountDaemonRoot/rprivate/mount_subpath
=== PAUSE TestMountDaemonRoot/rprivate/mount_subpath
=== CONT  TestMountDaemonRoot/private
=== RUN   TestMountDaemonRoot/private/bind_subpath
=== PAUSE TestMountDaemonRoot/private/bind_subpath
=== RUN   TestMountDaemonRoot/private/mount_root
=== PAUSE TestMountDaemonRoot/private/mount_root
=== RUN   TestMountDaemonRoot/private/mount_subpath
=== PAUSE TestMountDaemonRoot/private/mount_subpath
=== RUN   TestMountDaemonRoot/private/bind_root
=== PAUSE TestMountDaemonRoot/private/bind_root
=== CONT  TestMountDaemonRoot/default/mount_root
=== CONT  TestMountDaemonRoot/default/bind_subpath
=== CONT  TestMountDaemonRoot/default/bind_root
=== CONT  TestMountDaemonRoot/rshared/bind_subpath
=== CONT  TestMountDaemonRoot/shared/mount_subpath
=== CONT  TestMountDaemonRoot/rshared/bind_root
=== CONT  TestMountDaemonRoot/rshared/mount_subpath
=== CONT  TestMountDaemonRoot/rshared/mount_root
=== CONT  TestMountDaemonRoot/rslave/bind_root
=== CONT  TestMountDaemonRoot/shared/mount_root
=== CONT  TestMountDaemonRoot/shared/bind_subpath
=== CONT  TestMountDaemonRoot/shared/bind_root
=== CONT  TestMountDaemonRoot/slave/bind_root
=== CONT  TestMountDaemonRoot/rslave/mount_subpath
=== CONT  TestMountDaemonRoot/rslave/mount_root
=== CONT  TestMountDaemonRoot/rslave/bind_subpath
=== CONT  TestMountDaemonRoot/rprivate/bind_root
=== CONT  TestMountDaemonRoot/slave/mount_subpath
=== CONT  TestMountDaemonRoot/slave/mount_root
=== CONT  TestMountDaemonRoot/slave/bind_subpath
=== CONT  TestMountDaemonRoot/private/bind_subpath
=== CONT  TestMountDaemonRoot/rprivate/mount_subpath
=== CONT  TestMountDaemonRoot/rprivate/mount_root
--- PASS: TestContainerStartOnDaemonRestart (3.02s)
    daemon.go:296: [de1c8224f09ac] waiting for daemon to start
    daemon.go:328: [de1c8224f09ac] daemon started
    daemon.go:296: [de1c8224f09ac] waiting for daemon to start
    daemon.go:328: [de1c8224f09ac] daemon started
    daemon.go:283: [de1c8224f09ac] exiting daemon
=== CONT  TestMountDaemonRoot/rprivate/bind_subpath
=== CONT  TestMountDaemonRoot/private/bind_root
=== CONT  TestMountDaemonRoot/private/mount_subpath
=== CONT  TestMountDaemonRoot/private/mount_root
--- PASS: TestMountDaemonRoot (0.02s)
    --- PASS: TestMountDaemonRoot/default (0.00s)
        --- PASS: TestMountDaemonRoot/default/mount_subpath (0.07s)
        --- PASS: TestMountDaemonRoot/default/mount_root (0.06s)
        --- PASS: TestMountDaemonRoot/default/bind_subpath (0.06s)
        --- PASS: TestMountDaemonRoot/default/bind_root (0.08s)
    --- PASS: TestMountDaemonRoot/rshared (0.00s)
        --- PASS: TestMountDaemonRoot/rshared/bind_subpath (0.07s)
        --- PASS: TestMountDaemonRoot/rshared/bind_root (0.07s)
        --- PASS: TestMountDaemonRoot/rshared/mount_subpath (0.06s)
        --- PASS: TestMountDaemonRoot/rshared/mount_root (0.09s)
    --- PASS: TestMountDaemonRoot/shared (0.00s)
        --- PASS: TestMountDaemonRoot/shared/mount_subpath (0.06s)
        --- PASS: TestMountDaemonRoot/shared/mount_root (0.05s)
        --- PASS: TestMountDaemonRoot/shared/bind_subpath (0.07s)
        --- PASS: TestMountDaemonRoot/shared/bind_root (0.06s)
    --- PASS: TestMountDaemonRoot/rslave (0.00s)
        --- PASS: TestMountDaemonRoot/rslave/bind_root (0.08s)
        --- PASS: TestMountDaemonRoot/rslave/mount_subpath (0.06s)
        --- PASS: TestMountDaemonRoot/rslave/mount_root (0.05s)
        --- PASS: TestMountDaemonRoot/rslave/bind_subpath (0.07s)
    --- PASS: TestMountDaemonRoot/slave (0.00s)
        --- PASS: TestMountDaemonRoot/slave/bind_root (0.06s)
        --- PASS: TestMountDaemonRoot/slave/mount_subpath (0.05s)
        --- PASS: TestMountDaemonRoot/slave/mount_root (0.06s)
        --- PASS: TestMountDaemonRoot/slave/bind_subpath (0.05s)
    --- PASS: TestMountDaemonRoot/rprivate (0.00s)
        --- PASS: TestMountDaemonRoot/rprivate/bind_root (0.06s)
        --- PASS: TestMountDaemonRoot/rprivate/mount_subpath (0.04s)
        --- PASS: TestMountDaemonRoot/rprivate/mount_root (0.08s)
        --- PASS: TestMountDaemonRoot/rprivate/bind_subpath (0.08s)
    --- PASS: TestMountDaemonRoot/private (0.00s)
        --- PASS: TestMountDaemonRoot/private/bind_subpath (0.04s)
        --- PASS: TestMountDaemonRoot/private/bind_root (0.10s)
        --- PASS: TestMountDaemonRoot/private/mount_subpath (0.09s)
        --- PASS: TestMountDaemonRoot/private/mount_root (0.08s)
PASS
Running /go/src/github.com/docker/docker/integration/system
INFO: Testing against a local daemon
=== RUN   TestCgroupDriverSystemdMemoryLimit
=== PAUSE TestCgroupDriverSystemdMemoryLimit
=== RUN   TestEventsExecDie
--- PASS: TestEventsExecDie (0.85s)
=== RUN   TestEventsBackwardsCompatible
--- PASS: TestEventsBackwardsCompatible (0.06s)
=== RUN   TestInfoBinaryCommits
--- PASS: TestInfoBinaryCommits (0.01s)
=== RUN   TestInfoAPIVersioned
--- PASS: TestInfoAPIVersioned (0.02s)
=== RUN   TestInfoAPI
--- PASS: TestInfoAPI (0.02s)
=== RUN   TestInfoAPIWarnings
--- PASS: TestInfoAPIWarnings (0.84s)
    daemon.go:296: [de590b70347c0] waiting for daemon to start
    daemon.go:328: [de590b70347c0] daemon started
    daemon.go:283: [de590b70347c0] exiting daemon
=== RUN   TestLoginFailsWithBadCredentials
--- PASS: TestLoginFailsWithBadCredentials (0.45s)
=== RUN   TestVersion
--- PASS: TestVersion (0.00s)
=== CONT  TestCgroupDriverSystemdMemoryLimit
--- SKIP: TestCgroupDriverSystemdMemoryLimit (0.00s)
    cgroupdriver_systemd_test.go:35: systemd not available
PASS
Running /go/src/github.com/docker/docker/integration/volume
INFO: Testing against a local daemon
=== RUN   TestVolumesCreateAndList
--- PASS: TestVolumesCreateAndList (0.02s)
=== RUN   TestVolumesRemove
--- PASS: TestVolumesRemove (0.07s)
=== RUN   TestVolumesInspect
--- PASS: TestVolumesInspect (0.01s)
=== RUN   TestVolumesInvalidJSON
=== RUN   TestVolumesInvalidJSON//volumes/create
=== PAUSE TestVolumesInvalidJSON//volumes/create
=== CONT  TestVolumesInvalidJSON//volumes/create
--- PASS: TestVolumesInvalidJSON (0.01s)
    --- PASS: TestVolumesInvalidJSON//volumes/create (0.00s)
PASS
Running /go/src/github.com/docker/docker/integration/build
INFO: Testing against a local daemon
=== RUN   TestBuildWithSession
--- PASS: TestBuildWithSession (4.75s)
    daemon.go:296: [de43c41eaa08e] waiting for daemon to start
    daemon.go:328: [de43c41eaa08e] daemon started
    daemon.go:283: [de43c41eaa08e] exiting daemon
=== RUN   TestBuildSquashParent
--- SKIP: TestBuildSquashParent (0.00s)
    build_squash_test.go:23: !testEnv.DaemonInfo.ExperimentalBuild
=== RUN   TestBuildWithRemoveAndForceRemove
=== PAUSE TestBuildWithRemoveAndForceRemove
=== RUN   TestBuildMultiStageParentConfig
--- PASS: TestBuildMultiStageParentConfig (34.61s)
    build_test.go:176: [{-1 1546439249 sha256:4f0c893283b6240fa1eb7bcdb2ca54cca81af59f1569ba32221a938d9a66aed7 map[] sha256:9626d4f5b3379a5ba9538cef07b69b71a9ca9b03a282b987cd15216a53df42b7 [] [build1:latest] -1 4459754 4459754} {-1 1546439248 sha256:732a48aa72a28852190cf36b10e0edc48fb7385865d248a322d1debb476aa63f map[] sha256:529a49d34732e6e337f3cdf848dd1d07fcafb080a9254a23cd58a7e9d5cd7ac3 [<none>@<none>] [<none>:<none>] -1 4459754 4459754} {-1 1546439244 sha256:87c0c67b4e92d432238c64de6bd57c7dd70f046fe2a0aaebacd5c40e999db5ea map[] sha256:2ae3cd8a1e58ea19286312afb874238500cb40d83b5f38e3c94e6b2ef91dd0f3 [<none>@<none>] [<none>:<none>] -1 4459780 4459780} {-1 1516785504 sha256:1e1e09d79a9fd4fa5faae6a9f150ecfe3e403a3efdfb78666c67227e656988b2 map[]  [] [busybox:glibc] -1 4476202 4476202} {-1 1511271291 sha256:3ab301db05ea4e52e26aadb6daabc1222e58c0be7cfa2b8945443d801b6b9585 map[]  [] [hello-world:frozen] -1 1976 1976} {-1 1509640958 sha256:9b0236353396efce03211408c208e6f90f31e7636682fa01f5eb4e38bbf571d6 map[]  [] [buildpack-deps:jessie] -1 595217275 595217275} {-1 1509610708 sha256:36e9590454976dc0eb44c15bc80fe4fbd52aaa91df37ec76cd3ed245e1a12829 map[]  [] [busybox:latest] -1 4459754 4459754} {-1 1507585344 sha256:de6513af1fcb9db380e4954f276ea347858dcb7bff0299953aa25c4abd54bc0b map[]  [] [debian:jessie] -1 129082379 129082379} {-1 1371157430 sha256:11f64303f0f7ffdc71f001788132bca5346831939a956e3e975c93267d89a16d map[]  [] [emptyfs:latest] -1 0 0}]
=== RUN   TestBuildLabelWithTargets
--- PASS: TestBuildLabelWithTargets (8.00s)
=== RUN   TestBuildWithEmptyLayers
--- PASS: TestBuildWithEmptyLayers (3.00s)
=== RUN   TestBuildMultiStageOnBuild
--- PASS: TestBuildMultiStageOnBuild (5.03s)
=== RUN   TestBuildUncleanTarFilenames
--- PASS: TestBuildUncleanTarFilenames (1.28s)
=== RUN   TestBuildMultiStageLayerLeak
--- PASS: TestBuildMultiStageLayerLeak (4.72s)
=== RUN   TestBuildWithHugeFile
--- PASS: TestBuildWithHugeFile (25.50s)
=== CONT  TestBuildWithRemoveAndForceRemove
=== RUN   TestBuildWithRemoveAndForceRemove/successful_build_with_no_removal
=== PAUSE TestBuildWithRemoveAndForceRemove/successful_build_with_no_removal
=== RUN   TestBuildWithRemoveAndForceRemove/successful_build_with_remove
=== PAUSE TestBuildWithRemoveAndForceRemove/successful_build_with_remove
=== RUN   TestBuildWithRemoveAndForceRemove/successful_build_with_remove_and_force_remove
=== PAUSE TestBuildWithRemoveAndForceRemove/successful_build_with_remove_and_force_remove
=== RUN   TestBuildWithRemoveAndForceRemove/failed_build_with_no_removal
=== PAUSE TestBuildWithRemoveAndForceRemove/failed_build_with_no_removal
=== RUN   TestBuildWithRemoveAndForceRemove/failed_build_with_remove
=== PAUSE TestBuildWithRemoveAndForceRemove/failed_build_with_remove
=== RUN   TestBuildWithRemoveAndForceRemove/failed_build_with_remove_and_force_remove
=== PAUSE TestBuildWithRemoveAndForceRemove/failed_build_with_remove_and_force_remove
=== CONT  TestBuildWithRemoveAndForceRemove/successful_build_with_no_removal
=== CONT  TestBuildWithRemoveAndForceRemove/failed_build_with_no_removal
=== CONT  TestBuildWithRemoveAndForceRemove/failed_build_with_remove_and_force_remove
=== CONT  TestBuildWithRemoveAndForceRemove/failed_build_with_remove
=== CONT  TestBuildWithRemoveAndForceRemove/successful_build_with_remove_and_force_remove
=== CONT  TestBuildWithRemoveAndForceRemove/successful_build_with_remove
--- PASS: TestBuildWithRemoveAndForceRemove (0.02s)
    --- PASS: TestBuildWithRemoveAndForceRemove/failed_build_with_no_removal (2.56s)
    --- PASS: TestBuildWithRemoveAndForceRemove/successful_build_with_no_removal (2.67s)
    --- PASS: TestBuildWithRemoveAndForceRemove/failed_build_with_remove_and_force_remove (2.82s)
    --- PASS: TestBuildWithRemoveAndForceRemove/failed_build_with_remove (2.77s)
    --- PASS: TestBuildWithRemoveAndForceRemove/successful_build_with_remove (2.89s)
    --- PASS: TestBuildWithRemoveAndForceRemove/successful_build_with_remove_and_force_remove (3.02s)
PASS
Running /go/src/github.com/docker/docker/integration/network
INFO: Testing against a local daemon
=== RUN   TestNetworkCreateDelete
--- PASS: TestNetworkCreateDelete (0.21s)
=== RUN   TestDockerNetworkDeletePreferID
--- PASS: TestDockerNetworkDeletePreferID (0.55s)
=== RUN   TestInspectNetwork
--- PASS: TestInspectNetwork (25.89s)
    daemon.go:296: [dfb28aee65e30] waiting for daemon to start
    daemon.go:328: [dfb28aee65e30] daemon started
    daemon.go:283: [dfb28aee65e30] exiting daemon
=== RUN   TestRunContainerWithBridgeNone
--- PASS: TestRunContainerWithBridgeNone (2.44s)
    daemon.go:296: [ddbc961c7173d] waiting for daemon to start
    daemon.go:328: [ddbc961c7173d] daemon started
    daemon.go:283: [ddbc961c7173d] exiting daemon
=== RUN   TestNetworkInvalidJSON
=== RUN   TestNetworkInvalidJSON//networks/create
=== PAUSE TestNetworkInvalidJSON//networks/create
=== RUN   TestNetworkInvalidJSON//networks/bridge/connect
=== PAUSE TestNetworkInvalidJSON//networks/bridge/connect
=== RUN   TestNetworkInvalidJSON//networks/bridge/disconnect
=== PAUSE TestNetworkInvalidJSON//networks/bridge/disconnect
=== CONT  TestNetworkInvalidJSON//networks/create
=== CONT  TestNetworkInvalidJSON//networks/bridge/disconnect
=== CONT  TestNetworkInvalidJSON//networks/bridge/connect
--- PASS: TestNetworkInvalidJSON (0.03s)
    --- PASS: TestNetworkInvalidJSON//networks/create (0.00s)
    --- PASS: TestNetworkInvalidJSON//networks/bridge/disconnect (0.00s)
    --- PASS: TestNetworkInvalidJSON//networks/bridge/connect (0.00s)
=== RUN   TestDaemonRestartWithLiveRestore
--- PASS: TestDaemonRestartWithLiveRestore (1.04s)
    daemon.go:296: [d72ecb3a69bb8] waiting for daemon to start
    daemon.go:328: [d72ecb3a69bb8] daemon started
    daemon.go:283: [d72ecb3a69bb8] exiting daemon
    daemon.go:296: [d72ecb3a69bb8] waiting for daemon to start
    daemon.go:328: [d72ecb3a69bb8] daemon started
    daemon.go:283: [d72ecb3a69bb8] exiting daemon
=== RUN   TestDaemonDefaultNetworkPools
--- PASS: TestDaemonDefaultNetworkPools (0.79s)
    daemon.go:296: [d4a65ced5b976] waiting for daemon to start
    daemon.go:328: [d4a65ced5b976] daemon started
    daemon.go:283: [d4a65ced5b976] exiting daemon
=== RUN   TestDaemonRestartWithExistingNetwork
--- PASS: TestDaemonRestartWithExistingNetwork (1.15s)
    daemon.go:296: [dcccb572dcc68] waiting for daemon to start
    daemon.go:328: [dcccb572dcc68] daemon started
    daemon.go:283: [dcccb572dcc68] exiting daemon
    daemon.go:296: [dcccb572dcc68] waiting for daemon to start
    daemon.go:328: [dcccb572dcc68] daemon started
    daemon.go:283: [dcccb572dcc68] exiting daemon
=== RUN   TestDaemonRestartWithExistingNetworkWithDefaultPoolRange
--- PASS: TestDaemonRestartWithExistingNetworkWithDefaultPoolRange (1.31s)
    daemon.go:296: [d0281276c6ec7] waiting for daemon to start
    daemon.go:328: [d0281276c6ec7] daemon started
    daemon.go:283: [d0281276c6ec7] exiting daemon
    daemon.go:296: [d0281276c6ec7] waiting for daemon to start
    daemon.go:328: [d0281276c6ec7] daemon started
    daemon.go:283: [d0281276c6ec7] exiting daemon
=== RUN   TestDaemonWithBipAndDefaultNetworkPool
--- PASS: TestDaemonWithBipAndDefaultNetworkPool (0.61s)
    daemon.go:296: [d7786510adbe0] waiting for daemon to start
    daemon.go:328: [d7786510adbe0] daemon started
    daemon.go:283: [d7786510adbe0] exiting daemon
=== RUN   TestServiceWithPredefinedNetwork
--- PASS: TestServiceWithPredefinedNetwork (2.84s)
    daemon.go:296: [d61fa1c2506f8] waiting for daemon to start
    daemon.go:328: [d61fa1c2506f8] daemon started
    daemon.go:283: [d61fa1c2506f8] exiting daemon
=== RUN   TestServiceRemoveKeepsIngressNetwork
--- PASS: TestServiceRemoveKeepsIngressNetwork (12.85s)
    daemon.go:296: [d916e3a0fb9f6] waiting for daemon to start
    daemon.go:328: [d916e3a0fb9f6] daemon started
    daemon.go:283: [d916e3a0fb9f6] exiting daemon
=== RUN   TestServiceWithDataPathPortInit
--- PASS: TestServiceWithDataPathPortInit (5.66s)
    daemon.go:296: [da207148f423b] waiting for daemon to start
    daemon.go:328: [da207148f423b] daemon started
    daemon.go:283: [da207148f423b] exiting daemon
    daemon.go:296: [d22b184561dd0] waiting for daemon to start
    daemon.go:328: [d22b184561dd0] daemon started
    daemon.go:283: [d22b184561dd0] exiting daemon
=== RUN   TestServiceWithDefaultAddressPoolInit
--- PASS: TestServiceWithDefaultAddressPoolInit (5.64s)
    daemon.go:296: [d43193c90af98] waiting for daemon to start
    daemon.go:328: [d43193c90af98] daemon started
    service_test.go:415: TestServiceWithDefaultAddressPoolInit: NetworkInspect: {Name:saanvisthiraTestServiceWithDefaultAddressPoolInit ID:f6geaqnjjedhudk40bgkiht1k Created:2019-01-02 14:29:52.960317224 +0000 UTC Scope:swarm Driver:overlay EnableIPv6:false IPAM:{Driver:default Options:map[] Config:[{Subnet:20.20.0.0/24 IPRange: Gateway:20.20.0.1 AuxAddress:map[]}]} Internal:false Attachable:false Ingress:false ConfigFrom:{Network:} ConfigOnly:false Containers:map[] Options:map[com.docker.network.driver.overlay.vxlanid_list:4097] Labels:map[] Peers:[] Services:map[]}
    daemon.go:283: [d43193c90af98] exiting daemon
    daemon.go:296: [d479e240c62f5] waiting for daemon to start
    daemon.go:328: [d479e240c62f5] daemon started
    daemon.go:283: [d479e240c62f5] exiting daemon
PASS
Running /go/src/github.com/docker/docker/integration/network/ipvlan
INFO: Testing against a local daemon
=== RUN   TestDockerNetworkIpvlanPersistance
--- PASS: TestDockerNetworkIpvlanPersistance (1.39s)
    daemon.go:296: [d5fcc23e42211] waiting for daemon to start
    daemon.go:328: [d5fcc23e42211] daemon started
    daemon.go:283: [d5fcc23e42211] exiting daemon
    daemon.go:296: [d5fcc23e42211] waiting for daemon to start
    daemon.go:328: [d5fcc23e42211] daemon started
    daemon.go:283: [d5fcc23e42211] exiting daemon
=== RUN   TestDockerNetworkIpvlan
=== RUN   TestDockerNetworkIpvlan/Subinterface
=== RUN   TestDockerNetworkIpvlan/OverlapParent
=== RUN   TestDockerNetworkIpvlan/L2NilParent
=== RUN   TestDockerNetworkIpvlan/L2InternalMode
=== RUN   TestDockerNetworkIpvlan/L3NilParent
=== RUN   TestDockerNetworkIpvlan/L3InternalMode
=== RUN   TestDockerNetworkIpvlan/L2MultiSubnet
=== RUN   TestDockerNetworkIpvlan/L3MultiSubnet
=== RUN   TestDockerNetworkIpvlan/Addressing
--- PASS: TestDockerNetworkIpvlan (115.46s)
    daemon.go:296: [d0df836bec56c] waiting for daemon to start
    daemon.go:328: [d0df836bec56c] daemon started
    --- PASS: TestDockerNetworkIpvlan/Subinterface (0.12s)
    daemon.go:283: [d0df836bec56c] exiting daemon
    daemon.go:296: [d570317e2590d] waiting for daemon to start
    daemon.go:328: [d570317e2590d] daemon started
    --- PASS: TestDockerNetworkIpvlan/OverlapParent (0.08s)
    daemon.go:283: [d570317e2590d] exiting daemon
    daemon.go:296: [d6848bdc4f8c6] waiting for daemon to start
    daemon.go:328: [d6848bdc4f8c6] daemon started
    --- PASS: TestDockerNetworkIpvlan/L2NilParent (1.13s)
    daemon.go:283: [d6848bdc4f8c6] exiting daemon
    daemon.go:296: [dde6469e03fc6] waiting for daemon to start
    daemon.go:328: [dde6469e03fc6] daemon started
    --- PASS: TestDockerNetworkIpvlan/L2InternalMode (2.14s)
    daemon.go:283: [dde6469e03fc6] exiting daemon
    daemon.go:296: [d229c895a2bdc] waiting for daemon to start
    daemon.go:328: [d229c895a2bdc] daemon started
    --- PASS: TestDockerNetworkIpvlan/L3NilParent (16.67s)
    daemon.go:283: [d229c895a2bdc] exiting daemon
    daemon.go:296: [de8fe599839ed] waiting for daemon to start
    daemon.go:328: [de8fe599839ed] daemon started
    --- PASS: TestDockerNetworkIpvlan/L3InternalMode (17.33s)
    daemon.go:283: [de8fe599839ed] exiting daemon
    daemon.go:296: [dcac8eb875b4f] waiting for daemon to start
    daemon.go:328: [dcac8eb875b4f] daemon started
    --- PASS: TestDockerNetworkIpvlan/L2MultiSubnet (17.61s)
    daemon.go:283: [dcac8eb875b4f] exiting daemon
    daemon.go:296: [d62e617c74206] waiting for daemon to start
    daemon.go:328: [d62e617c74206] daemon started
    --- PASS: TestDockerNetworkIpvlan/L3MultiSubnet (17.80s)
    daemon.go:283: [d62e617c74206] exiting daemon
    daemon.go:296: [dee84592b2cdd] waiting for daemon to start
    daemon.go:328: [dee84592b2cdd] daemon started
    --- PASS: TestDockerNetworkIpvlan/Addressing (31.57s)
    daemon.go:283: [dee84592b2cdd] exiting daemon
PASS
Running /go/src/github.com/docker/docker/integration/network/macvlan
INFO: Testing against a local daemon
=== RUN   TestDockerNetworkMacvlanPersistance
--- PASS: TestDockerNetworkMacvlanPersistance (1.45s)
    daemon.go:296: [d4a4c36ad7bf4] waiting for daemon to start
    daemon.go:328: [d4a4c36ad7bf4] daemon started
    daemon.go:283: [d4a4c36ad7bf4] exiting daemon
    daemon.go:296: [d4a4c36ad7bf4] waiting for daemon to start
    daemon.go:328: [d4a4c36ad7bf4] daemon started
    daemon.go:283: [d4a4c36ad7bf4] exiting daemon
=== RUN   TestDockerNetworkMacvlan
=== RUN   TestDockerNetworkMacvlan/Subinterface
=== RUN   TestDockerNetworkMacvlan/OverlapParent
=== RUN   TestDockerNetworkMacvlan/NilParent
=== RUN   TestDockerNetworkMacvlan/InternalMode
=== RUN   TestDockerNetworkMacvlan/Addressing
--- PASS: TestDockerNetworkMacvlan (24.67s)
    daemon.go:296: [d69a862497f9f] waiting for daemon to start
    daemon.go:328: [d69a862497f9f] daemon started
    --- PASS: TestDockerNetworkMacvlan/Subinterface (0.08s)
    daemon.go:283: [d69a862497f9f] exiting daemon
    daemon.go:296: [deab5f2b45f42] waiting for daemon to start
    daemon.go:328: [deab5f2b45f42] daemon started
    --- PASS: TestDockerNetworkMacvlan/OverlapParent (0.11s)
    daemon.go:283: [deab5f2b45f42] exiting daemon
    daemon.go:296: [da01a36606791] waiting for daemon to start
    daemon.go:328: [da01a36606791] daemon started
    --- PASS: TestDockerNetworkMacvlan/NilParent (1.17s)
    daemon.go:283: [da01a36606791] exiting daemon
    daemon.go:296: [de89e66c7c5fa] waiting for daemon to start
    daemon.go:328: [de89e66c7c5fa] daemon started
    --- PASS: TestDockerNetworkMacvlan/InternalMode (2.09s)
    daemon.go:283: [de89e66c7c5fa] exiting daemon
    daemon.go:296: [d771f3806a6b8] waiting for daemon to start
    daemon.go:328: [d771f3806a6b8] daemon started
    --- PASS: TestDockerNetworkMacvlan/Addressing (15.84s)
    daemon.go:283: [d771f3806a6b8] exiting daemon
PASS
Running /go/src/github.com/docker/docker/integration/service
INFO: Testing against a local daemon
=== RUN   TestServiceCreateInit
=== RUN   TestServiceCreateInit/daemonInitDisabled
=== RUN   TestServiceCreateInit/daemonInitEnabled
--- PASS: TestServiceCreateInit (10.08s)
    --- PASS: TestServiceCreateInit/daemonInitDisabled (5.00s)
        daemon.go:296: [dac22ec5ff70c] waiting for daemon to start
        daemon.go:328: [dac22ec5ff70c] daemon started
        daemon.go:283: [dac22ec5ff70c] exiting daemon
    --- PASS: TestServiceCreateInit/daemonInitEnabled (5.06s)
        daemon.go:296: [da8d71def80e5] waiting for daemon to start
        daemon.go:328: [da8d71def80e5] daemon started
        daemon.go:283: [da8d71def80e5] exiting daemon
=== RUN   TestCreateServiceMultipleTimes
--- PASS: TestCreateServiceMultipleTimes (27.14s)
    daemon.go:296: [d3b791f077842] waiting for daemon to start
    daemon.go:328: [d3b791f077842] daemon started
    daemon.go:283: [d3b791f077842] exiting daemon
=== RUN   TestCreateServiceConflict
--- PASS: TestCreateServiceConflict (2.88s)
    daemon.go:296: [db33983ebc3b8] waiting for daemon to start
    daemon.go:328: [db33983ebc3b8] daemon started
    daemon.go:283: [db33983ebc3b8] exiting daemon
=== RUN   TestCreateServiceMaxReplicas
--- PASS: TestCreateServiceMaxReplicas (3.75s)
    daemon.go:296: [dd4fc81238c3d] waiting for daemon to start
    daemon.go:328: [dd4fc81238c3d] daemon started
    daemon.go:283: [dd4fc81238c3d] exiting daemon
=== RUN   TestCreateWithDuplicateNetworkNames
--- PASS: TestCreateWithDuplicateNetworkNames (13.98s)
    daemon.go:296: [de47a07c9574b] waiting for daemon to start
    daemon.go:328: [de47a07c9574b] daemon started
    daemon.go:283: [de47a07c9574b] exiting daemon
=== RUN   TestCreateServiceSecretFileMode
--- PASS: TestCreateServiceSecretFileMode (3.53s)
    daemon.go:296: [d99099dcb7eff] waiting for daemon to start
    daemon.go:328: [d99099dcb7eff] daemon started
    daemon.go:283: [d99099dcb7eff] exiting daemon
=== RUN   TestCreateServiceConfigFileMode
--- PASS: TestCreateServiceConfigFileMode (3.57s)
    daemon.go:296: [d49c1cd898264] waiting for daemon to start
    daemon.go:328: [d49c1cd898264] daemon started
    daemon.go:283: [d49c1cd898264] exiting daemon
=== RUN   TestCreateServiceSysctls
--- PASS: TestCreateServiceSysctls (4.12s)
    daemon.go:296: [dd7494c958cc1] waiting for daemon to start
    daemon.go:328: [dd7494c958cc1] daemon started
    daemon.go:283: [dd7494c958cc1] exiting daemon
=== RUN   TestInspect
--- PASS: TestInspect (2.34s)
    daemon.go:296: [d3791d6500b6d] waiting for daemon to start
    daemon.go:328: [d3791d6500b6d] daemon started
    daemon.go:283: [d3791d6500b6d] exiting daemon
=== RUN   TestDockerNetworkConnectAlias
--- PASS: TestDockerNetworkConnectAlias (5.93s)
    daemon.go:296: [da6ea33a1c334] waiting for daemon to start
    daemon.go:328: [da6ea33a1c334] daemon started
    daemon.go:283: [da6ea33a1c334] exiting daemon
=== RUN   TestServicePlugin
--- SKIP: TestServicePlugin (0.02s)
    plugin_test.go:26: os.Getenv("DOCKER_ENGINE_GOARCH") != "amd64"
=== RUN   TestServiceUpdateLabel
--- FAIL: TestServiceUpdateLabel (32.46s)
    daemon.go:296: [d03f71699ebed] waiting for daemon to start
    daemon.go:328: [d03f71699ebed] daemon started
    update_test.go:35: timeout hit after 30s: waiting for service j1j8edd1g6ftm7j3ditxclkcg to be updated
    daemon.go:283: [d03f71699ebed] exiting daemon
=== RUN   TestServiceUpdateSecrets
--- PASS: TestServiceUpdateSecrets (15.58s)
    daemon.go:296: [d8218b2fd37ea] waiting for daemon to start
    daemon.go:328: [d8218b2fd37ea] daemon started
    daemon.go:283: [d8218b2fd37ea] exiting daemon
=== RUN   TestServiceUpdateConfigs
--- PASS: TestServiceUpdateConfigs (15.61s)
    daemon.go:296: [d3502e19e4352] waiting for daemon to start
    daemon.go:328: [d3502e19e4352] daemon started
    daemon.go:283: [d3502e19e4352] exiting daemon
FAIL
---> Making bundle: .integration-daemon-stop (in bundles/test-integration)
Clearing AppArmor profiles cache:.
All profile caches have been cleared, but no profiles have been unloaded.
Unloading profiles will leave already running processes permanently
unconfined, which can lead to unexpected situations.

To set a process to complain mode, use the command line tool
'aa-complain'. To really tear down all profiles, run the init script
with the 'teardown' option."
Removing test suite binaries
Build step 'Execute shell' marked build as failure
Set build name.
New build name is '#38474'
[PostBuildScript] - Executing post build scripts.
[Docker-PRs-s390x] $ /bin/sh -xe /tmp/jenkins766134760398171176.sh
+ echo Chowning /workspace to jenkins user
Chowning /workspace to jenkins user
+ id -u
+ id -g
+ docker run --rm -v /home/jenkins/workspace/Docker-PRs-s390x:/workspace s390x/busybox chown -R 1001:1001 /workspace
[Docker-PRs-s390x] $ /bin/sh -xe /tmp/jenkins6069785322410260134.sh
+ echo Creating bundles.tar.gz
Creating bundles.tar.gz
+ xargs tar -czf bundles.tar.gz
+ find bundles -name *.log
Archiving artifacts
Notifying endpoint with url 'https://leeroy.dockerproject.org/notification/jenkins'
Finished: FAILURE
