Started by user Gordon
Notifying endpoint with url 'https://leeroy.dockerproject.org/notification/jenkins'
[EnvInject] - Loading node environment variables.
Building remotely on ubuntu-1604-aufs-stable (i-04786e2dd44eda4f5) (docker-edge ubuntu aufs docker-stable docker ubuntu-1604-aufs-edge x86_64 ec2 linux ubuntu-1604-aufs ubuntu-1604 amd64 ubuntu-1604-aufs-stable us-west-2) in workspace /home/ubuntu/workspace/Docker-PRs-experimental
Wiping out workspace first.
Cloning the remote Git repository
Cloning repository https://github.com/moby/moby.git
 > git init /home/ubuntu/workspace/Docker-PRs-experimental # timeout=10
Fetching upstream changes from https://github.com/moby/moby.git
 > git --version # timeout=10
 > git fetch --tags --progress https://github.com/moby/moby.git +refs/heads/*:refs/remotes/origin/*
 > git config remote.origin.url https://github.com/moby/moby.git # timeout=10
 > git config --add remote.origin.fetch +refs/heads/*:refs/remotes/origin/* # timeout=10
 > git config remote.origin.url https://github.com/moby/moby.git # timeout=10
Fetching upstream changes from https://github.com/moby/moby.git
 > git fetch --tags --progress https://github.com/moby/moby.git +refs/heads/*:refs/remotes/origin/*
 > git rev-parse origin/master^{commit} # timeout=10
Checking out Revision 2ee53a42db814c513770421f1b0d48f27faeadea (origin/master)
 > git config core.sparsecheckout # timeout=10
 > git checkout -f 2ee53a42db814c513770421f1b0d48f27faeadea
Commit message: "Merge pull request #38490 from kolyshkin/test-rename-anon-ct"
 > git rev-list --no-walk 2ee53a42db814c513770421f1b0d48f27faeadea # timeout=10
Set build name.
New build name is '#38380'
[Docker-PRs-experimental] $ /bin/bash /tmp/jenkins1271115806448199631.sh
From https://github.com/moby/moby
 * [new ref]         refs/pull/38380/head -> origin/pr/38380
Merge made by the 'recursive' strategy.
 api/server/router/container/container_routes.go |  5 ++
 api/swagger.yaml                                | 12 +++-
 api/types/container/host_config.go              |  7 ++-
 daemon/oci_linux.go                             |  7 ++-
 daemon/oci_windows.go                           |  9 ++-
 docs/api/version-history.md                     |  3 +
 integration/container/create_test.go            | 73 +++++++++++++++++++++++++
 oci/caps/utils.go                               | 26 +++++++--
 oci/defaults.go                                 | 11 ++--
 oci/oci.go                                      | 15 +----
 10 files changed, 136 insertions(+), 32 deletions(-)
Sending build context to Docker daemon  45.11MB
Step 1/94 : FROM golang:1.11.4 AS base
 ---> 343df9d12b7b
Step 2/94 : ARG APT_MIRROR=deb.debian.org
 ---> Using cache
 ---> c1f97b3958f6
Step 3/94 : RUN sed -ri "s/(httpredir|deb).debian.org/$APT_MIRROR/g" /etc/apt/sources.list
 ---> Using cache
 ---> b59f473eb6cf
Step 4/94 : FROM base AS criu
 ---> b59f473eb6cf
Step 5/94 : ENV CRIU_VERSION 3.6
 ---> Using cache
 ---> d881e956dbf6
Step 6/94 : RUN apt-get update && apt-get install -y 	libnet-dev 	libprotobuf-c0-dev 	libprotobuf-dev 	libnl-3-dev 	libcap-dev 	protobuf-compiler 	protobuf-c-compiler 	python-protobuf 	&& mkdir -p /usr/src/criu 	&& curl -sSL https://github.com/checkpoint-restore/criu/archive/v${CRIU_VERSION}.tar.gz | tar -C /usr/src/criu/ -xz --strip-components=1 	&& cd /usr/src/criu 	&& make 	&& make PREFIX=/build/ install-criu
 ---> Using cache
 ---> 04fb9e759cff
Step 7/94 : FROM base AS registry
 ---> b59f473eb6cf
Step 8/94 : ENV REGISTRY_COMMIT_SCHEMA1 ec87e9b6971d831f0eff752ddb54fb64693e51cd
 ---> Using cache
 ---> c85da8820641
Step 9/94 : ENV REGISTRY_COMMIT 47a064d4195a9b56133891bbb13620c3ac83a827
 ---> Using cache
 ---> 7b89376ed7e7
Step 10/94 : RUN set -x 	&& export GOPATH="$(mktemp -d)" 	&& git clone https://github.com/docker/distribution.git "$GOPATH/src/github.com/docker/distribution" 	&& (cd "$GOPATH/src/github.com/docker/distribution" && git checkout -q "$REGISTRY_COMMIT") 	&& GOPATH="$GOPATH/src/github.com/docker/distribution/Godeps/_workspace:$GOPATH" 		go build -buildmode=pie -o /build/registry-v2 github.com/docker/distribution/cmd/registry 	&& case $(dpkg --print-architecture) in 		amd64|ppc64*|s390x) 		(cd "$GOPATH/src/github.com/docker/distribution" && git checkout -q "$REGISTRY_COMMIT_SCHEMA1"); 		GOPATH="$GOPATH/src/github.com/docker/distribution/Godeps/_workspace:$GOPATH"; 			go build -buildmode=pie -o /build/registry-v2-schema1 github.com/docker/distribution/cmd/registry; 		;; 	   esac 	&& rm -rf "$GOPATH"
 ---> Using cache
 ---> 663a8171cc8d
Step 11/94 : FROM base AS docker-py
 ---> b59f473eb6cf
Step 12/94 : ENV DOCKER_PY_COMMIT 8b246db271a85d6541dc458838627e89c683e42f
 ---> Using cache
 ---> 8e43c8fe3fc8
Step 13/94 : RUN git clone https://github.com/docker/docker-py.git /build 	&& cd /build 	&& git checkout -q $DOCKER_PY_COMMIT
 ---> Using cache
 ---> 22a40b7b70bb
Step 14/94 : FROM base AS swagger
 ---> b59f473eb6cf
Step 15/94 : ENV GO_SWAGGER_COMMIT c28258affb0b6251755d92489ef685af8d4ff3eb
 ---> Using cache
 ---> 0d71f9aa1072
Step 16/94 : RUN set -x 	&& export GOPATH="$(mktemp -d)" 	&& git clone https://github.com/go-swagger/go-swagger.git "$GOPATH/src/github.com/go-swagger/go-swagger" 	&& (cd "$GOPATH/src/github.com/go-swagger/go-swagger" && git checkout -q "$GO_SWAGGER_COMMIT") 	&& go build -o /build/swagger github.com/go-swagger/go-swagger/cmd/swagger 	&& rm -rf "$GOPATH"
 ---> Using cache
 ---> dda7e88b4d91
Step 17/94 : FROM base AS frozen-images
 ---> b59f473eb6cf
Step 18/94 : RUN apt-get update && apt-get install -y jq ca-certificates --no-install-recommends
 ---> Using cache
 ---> 976c68719f8b
Step 19/94 : COPY contrib/download-frozen-image-v2.sh /
 ---> Using cache
 ---> ba4b0e9d987c
Step 20/94 : RUN /download-frozen-image-v2.sh /build 	buildpack-deps:jessie@sha256:dd86dced7c9cd2a724e779730f0a53f93b7ef42228d4344b25ce9a42a1486251 	busybox:latest@sha256:bbc3a03235220b170ba48a157dd097dd1379299370e1ed99ce976df0355d24f0 	busybox:glibc@sha256:0b55a30394294ab23b9afd58fab94e61a923f5834fba7ddbae7f8e0c11ba85e6 	debian:jessie@sha256:287a20c5f73087ab406e6b364833e3fb7b3ae63ca0eb3486555dc27ed32c6e60 	hello-world:latest@sha256:be0cd392e45be79ffeffa6b05338b98ebb16c87b255f48e297ec7f98e123905c
 ---> Using cache
 ---> 4702b1b58a9b
Step 21/94 : FROM base AS runtime-dev
 ---> b59f473eb6cf
Step 22/94 : RUN apt-get update && apt-get install -y 	libapparmor-dev 	libseccomp-dev
 ---> Using cache
 ---> 7dcb6ef1be2e
Step 23/94 : FROM base AS tomlv
 ---> b59f473eb6cf
Step 24/94 : ENV INSTALL_BINARY_NAME=tomlv
 ---> Using cache
 ---> a367aa3f0ecb
Step 25/94 : COPY hack/dockerfile/install/install.sh ./install.sh
 ---> Using cache
 ---> 8440b986c679
Step 26/94 : COPY hack/dockerfile/install/$INSTALL_BINARY_NAME.installer ./
 ---> Using cache
 ---> 3eecf1a490bc
Step 27/94 : RUN PREFIX=/build ./install.sh $INSTALL_BINARY_NAME
 ---> Using cache
 ---> 696117c47e63
Step 28/94 : FROM base AS vndr
 ---> b59f473eb6cf
Step 29/94 : ENV INSTALL_BINARY_NAME=vndr
 ---> Using cache
 ---> 61710be42352
Step 30/94 : COPY hack/dockerfile/install/install.sh ./install.sh
 ---> Using cache
 ---> e420f0f6b113
Step 31/94 : COPY hack/dockerfile/install/$INSTALL_BINARY_NAME.installer ./
 ---> Using cache
 ---> 5a0cb0e23e0a
Step 32/94 : RUN PREFIX=/build ./install.sh $INSTALL_BINARY_NAME
 ---> Using cache
 ---> 5c36d67501dc
Step 33/94 : FROM base AS containerd
 ---> b59f473eb6cf
Step 34/94 : RUN apt-get update && apt-get install -y btrfs-tools
 ---> Using cache
 ---> 00a4b9e5edef
Step 35/94 : ENV INSTALL_BINARY_NAME=containerd
 ---> Using cache
 ---> 5ec66a18b7e7
Step 36/94 : COPY hack/dockerfile/install/install.sh ./install.sh
 ---> Using cache
 ---> adb30cb627db
Step 37/94 : COPY hack/dockerfile/install/$INSTALL_BINARY_NAME.installer ./
 ---> Using cache
 ---> 8770220c64e6
Step 38/94 : RUN PREFIX=/build ./install.sh $INSTALL_BINARY_NAME
 ---> Using cache
 ---> c7f987d7b18b
Step 39/94 : FROM base AS proxy
 ---> b59f473eb6cf
Step 40/94 : ENV INSTALL_BINARY_NAME=proxy
 ---> Using cache
 ---> f30c2f3f2f04
Step 41/94 : COPY hack/dockerfile/install/install.sh ./install.sh
 ---> Using cache
 ---> 611127022b3b
Step 42/94 : COPY hack/dockerfile/install/$INSTALL_BINARY_NAME.installer ./
 ---> Using cache
 ---> a48a96ab1c27
Step 43/94 : RUN PREFIX=/build ./install.sh $INSTALL_BINARY_NAME
 ---> Using cache
 ---> ea69d1f68627
Step 44/94 : FROM base AS gometalinter
 ---> b59f473eb6cf
Step 45/94 : ENV INSTALL_BINARY_NAME=gometalinter
 ---> Using cache
 ---> a992cc4c752d
Step 46/94 : COPY hack/dockerfile/install/install.sh ./install.sh
 ---> Using cache
 ---> 95c4334220df
Step 47/94 : COPY hack/dockerfile/install/$INSTALL_BINARY_NAME.installer ./
 ---> Using cache
 ---> 6052fd968d64
Step 48/94 : RUN PREFIX=/build ./install.sh $INSTALL_BINARY_NAME
 ---> Using cache
 ---> 3426b1a12939
Step 49/94 : FROM base AS dockercli
 ---> b59f473eb6cf
Step 50/94 : ENV INSTALL_BINARY_NAME=dockercli
 ---> Using cache
 ---> c23e4bf057d8
Step 51/94 : COPY hack/dockerfile/install/install.sh ./install.sh
 ---> Using cache
 ---> fe65212d5058
Step 52/94 : COPY hack/dockerfile/install/$INSTALL_BINARY_NAME.installer ./
 ---> Using cache
 ---> 908e98adc4bd
Step 53/94 : RUN PREFIX=/build ./install.sh $INSTALL_BINARY_NAME
 ---> Using cache
 ---> a15529987505
Step 54/94 : FROM runtime-dev AS runc
 ---> 7dcb6ef1be2e
Step 55/94 : ENV INSTALL_BINARY_NAME=runc
 ---> Using cache
 ---> fe138622de45
Step 56/94 : COPY hack/dockerfile/install/install.sh ./install.sh
 ---> Using cache
 ---> 6cff6c288c7a
Step 57/94 : COPY hack/dockerfile/install/$INSTALL_BINARY_NAME.installer ./
 ---> Using cache
 ---> 1f27af18c418
Step 58/94 : RUN PREFIX=/build ./install.sh $INSTALL_BINARY_NAME
 ---> Using cache
 ---> a8e1280242a1
Step 59/94 : FROM base AS tini
 ---> b59f473eb6cf
Step 60/94 : RUN apt-get update && apt-get install -y cmake vim-common
 ---> Using cache
 ---> c10988453323
Step 61/94 : COPY hack/dockerfile/install/install.sh ./install.sh
 ---> Using cache
 ---> 2c6608f2701d
Step 62/94 : ENV INSTALL_BINARY_NAME=tini
 ---> Using cache
 ---> cc3424e363b3
Step 63/94 : COPY hack/dockerfile/install/$INSTALL_BINARY_NAME.installer ./
 ---> Using cache
 ---> a1fb99a5ed47
Step 64/94 : RUN PREFIX=/build ./install.sh $INSTALL_BINARY_NAME
 ---> Using cache
 ---> 51613d04d8bb
Step 65/94 : FROM runtime-dev AS dev
 ---> 7dcb6ef1be2e
Step 66/94 : RUN groupadd -r docker
 ---> Using cache
 ---> 8eb4b8ada624
Step 67/94 : RUN useradd --create-home --gid docker unprivilegeduser
 ---> Using cache
 ---> 6753cc830c93
Step 68/94 : RUN ln -sfv /go/src/github.com/docker/docker/.bashrc ~/.bashrc
 ---> Using cache
 ---> 78ec1e6df1e1
Step 69/94 : RUN echo "source /usr/share/bash-completion/bash_completion" >> /etc/bash.bashrc
 ---> Using cache
 ---> 619c69fdc6ad
Step 70/94 : RUN ln -s /usr/local/completion/bash/docker /etc/bash_completion.d/docker
 ---> Using cache
 ---> 4e46ac4d4d50
Step 71/94 : RUN ldconfig
 ---> Using cache
 ---> 8e8d2af0a96d
Step 72/94 : RUN apt-get update && apt-get install -y 	apparmor 	aufs-tools 	bash-completion 	btrfs-tools 	iptables 	jq 	libcap2-bin 	libdevmapper-dev 	libudev-dev 	libsystemd-dev 	binutils-mingw-w64 	g++-mingw-w64-x86-64 	net-tools 	pigz 	python-backports.ssl-match-hostname 	python-dev 	python-mock 	python-pip 	python-requests 	python-setuptools 	python-websocket 	python-wheel 	thin-provisioning-tools 	vim 	vim-common 	xfsprogs 	zip 	bzip2 	xz-utils 	--no-install-recommends
 ---> Using cache
 ---> a062bb44f32d
Step 73/94 : COPY --from=swagger /build/swagger* /usr/local/bin/
 ---> Using cache
 ---> fd76e25f77d9
Step 74/94 : COPY --from=frozen-images /build/ /docker-frozen-images
 ---> Using cache
 ---> 334084503911
Step 75/94 : COPY --from=gometalinter /build/ /usr/local/bin/
 ---> Using cache
 ---> c5c50efba6cd
Step 76/94 : COPY --from=tomlv /build/ /usr/local/bin/
 ---> Using cache
 ---> 06405bb3540e
Step 77/94 : COPY --from=vndr /build/ /usr/local/bin/
 ---> Using cache
 ---> 254ddaaa13d4
Step 78/94 : COPY --from=tini /build/ /usr/local/bin/
 ---> Using cache
 ---> c1ac51b75ce6
Step 79/94 : COPY --from=runc /build/ /usr/local/bin/
 ---> Using cache
 ---> 372ea0cd8978
Step 80/94 : COPY --from=containerd /build/ /usr/local/bin/
 ---> Using cache
 ---> 5c0fe9077a99
Step 81/94 : COPY --from=proxy /build/ /usr/local/bin/
 ---> Using cache
 ---> ecda0b6a2a1e
Step 82/94 : COPY --from=dockercli /build/ /usr/local/cli
 ---> Using cache
 ---> 602d365c32bd
Step 83/94 : COPY --from=registry /build/registry* /usr/local/bin/
 ---> Using cache
 ---> 6b434d5a0abd
Step 84/94 : COPY --from=criu /build/ /usr/local/
 ---> Using cache
 ---> 583dc64bf55c
Step 85/94 : COPY --from=docker-py /build/ /docker-py
 ---> Using cache
 ---> 3d00c0397b9f
Step 86/94 : RUN cd /docker-py 	&& pip install docker-pycreds==0.2.1 	&& pip install yamllint==1.5.0 	&& pip install -r test-requirements.txt
 ---> Running in 855349cc3627
Collecting docker-pycreds==0.2.1
  Downloading https://files.pythonhosted.org/packages/ff/ec/14e976222468249cc50df4a031e5922581747b52dc96a0b1d5d73fee8f0e/docker_pycreds-0.2.1-py2.py3-none-any.whl
Requirement already satisfied: six>=1.4.0 in /usr/lib/python2.7/dist-packages (from docker-pycreds==0.2.1)
Installing collected packages: docker-pycreds
Successfully installed docker-pycreds-0.2.1
Collecting yamllint==1.5.0
  Downloading https://files.pythonhosted.org/packages/64/93/2a2e99b04f4a2f2adb26f4f543770310bf6303b3af492345c4a700d14f4e/yamllint-1.5.0-py2.py3-none-any.whl
Collecting pyyaml (from yamllint==1.5.0)
  Downloading https://files.pythonhosted.org/packages/9e/a3/1d13970c3f36777c583f136c136f804d70f500168edc1edea6daa7200769/PyYAML-3.13.tar.gz (270kB)
Building wheels for collected packages: pyyaml
  Running setup.py bdist_wheel for pyyaml: started
  Running setup.py bdist_wheel for pyyaml: finished with status 'done'
  Stored in directory: /root/.cache/pip/wheels/ad/da/0c/74eb680767247273e2cf2723482cb9c924fe70af57c334513f
Successfully built pyyaml
Installing collected packages: pyyaml, yamllint
Successfully installed pyyaml-3.13 yamllint-1.5.0
Collecting mock==1.0.1 (from -r test-requirements.txt (line 1))
  Downloading https://files.pythonhosted.org/packages/a2/52/7edcd94f0afb721a2d559a5b9aae8af4f8f2c79bc63fdbe8a8a6c9b23bbe/mock-1.0.1.tar.gz (818kB)
Collecting pytest==2.9.1 (from -r test-requirements.txt (line 2))
  Downloading https://files.pythonhosted.org/packages/61/49/c299eeaea69ed31338a58762b5185c56044fc2e09434694742ca2306a514/pytest-2.9.1-py2.py3-none-any.whl (161kB)
Collecting coverage==3.7.1 (from -r test-requirements.txt (line 3))
  Downloading https://files.pythonhosted.org/packages/09/4f/89b06c7fdc09687bca507dc411c342556ef9c5a3b26756137a4878ff19bf/coverage-3.7.1.tar.gz (284kB)
Collecting pytest-cov==2.1.0 (from -r test-requirements.txt (line 4))
  Downloading https://files.pythonhosted.org/packages/f2/9b/03b7d51c74d8f7088e37043dcf4f59faed359c56e7d016e2627108072679/pytest_cov-2.1.0-py2.py3-none-any.whl
Collecting flake8==3.4.1 (from -r test-requirements.txt (line 5))
  Downloading https://files.pythonhosted.org/packages/b2/d3/e80ea2616e3871ae22459c415c63d64b9bd744c92267482670fcdbcea72d/flake8-3.4.1-py2.py3-none-any.whl (68kB)
Collecting py>=1.4.29 (from pytest==2.9.1->-r test-requirements.txt (line 2))
  Downloading https://files.pythonhosted.org/packages/3e/c7/3da685ef117d42ac8d71af525208759742dd235f8094221fdaafcd3dba8f/py-1.7.0-py2.py3-none-any.whl (83kB)
Collecting pyflakes<1.6.0,>=1.5.0 (from flake8==3.4.1->-r test-requirements.txt (line 5))
  Downloading https://files.pythonhosted.org/packages/27/49/924098b3b85c286696f37e014475d79471ffc44509613af420645a3c12cb/pyflakes-1.5.0-py2.py3-none-any.whl (225kB)
Collecting enum34; python_version < "3.4" (from flake8==3.4.1->-r test-requirements.txt (line 5))
  Downloading https://files.pythonhosted.org/packages/c5/db/e56e6b4bbac7c4a06de1c50de6fe1ef3810018ae11732a50f15f62c7d050/enum34-1.1.6-py2-none-any.whl
Collecting configparser; python_version < "3.2" (from flake8==3.4.1->-r test-requirements.txt (line 5))
  Downloading https://files.pythonhosted.org/packages/7c/69/c2ce7e91c89dc073eb1aa74c0621c3eefbffe8216b3f9af9d3885265c01c/configparser-3.5.0.tar.gz
Collecting mccabe<0.7.0,>=0.6.0 (from flake8==3.4.1->-r test-requirements.txt (line 5))
  Downloading https://files.pythonhosted.org/packages/87/89/479dc97e18549e21354893e4ee4ef36db1d237534982482c3681ee6e7b57/mccabe-0.6.1-py2.py3-none-any.whl
Collecting pycodestyle<2.4.0,>=2.0.0 (from flake8==3.4.1->-r test-requirements.txt (line 5))
  Downloading https://files.pythonhosted.org/packages/e4/81/78fe51eb4038d1388b7217dd63770b0f428370207125047312886c923b26/pycodestyle-2.3.1-py2.py3-none-any.whl (45kB)
Building wheels for collected packages: mock, coverage, configparser
  Running setup.py bdist_wheel for mock: started
  Running setup.py bdist_wheel for mock: finished with status 'done'
  Stored in directory: /root/.cache/pip/wheels/7e/72/92/744b532c779242b57aab4bcba80c312b30c069bbd60025e7e6
  Running setup.py bdist_wheel for coverage: started
  Running setup.py bdist_wheel for coverage: finished with status 'done'
  Stored in directory: /root/.cache/pip/wheels/68/58/66/f1fc9afad272df0df0fa38cdef34ee2d5d8d6a85f4eb5acab5
  Running setup.py bdist_wheel for configparser: started
  Running setup.py bdist_wheel for configparser: finished with status 'done'
  Stored in directory: /root/.cache/pip/wheels/a3/61/79/424ef897a2f3b14684a7de5d89e8600b460b89663e6ce9d17c
Successfully built mock coverage configparser
Installing collected packages: mock, py, pytest, coverage, pytest-cov, pyflakes, enum34, configparser, mccabe, pycodestyle, flake8
  Found existing installation: mock 2.0.0
    Not uninstalling mock at /usr/lib/python2.7/dist-packages, outside environment /usr
Successfully installed configparser-3.5.0 coverage-3.7.1 enum34-1.1.6 flake8-3.4.1 mccabe-0.6.1 mock-1.0.1 py-1.7.0 pycodestyle-2.3.1 pyflakes-1.5.0 pytest-2.9.1 pytest-cov-2.1.0
Removing intermediate container 855349cc3627
 ---> f91fffe5e860
Step 87/94 : ENV PATH=/usr/local/cli:$PATH
 ---> Running in 9d9dc62bc8b9
Removing intermediate container 9d9dc62bc8b9
 ---> 517fc021c33a
Step 88/94 : ENV DOCKER_BUILDTAGS apparmor seccomp selinux
 ---> Running in bcf1ef938a85
Removing intermediate container bcf1ef938a85
 ---> 772875304edc
Step 89/94 : ENV GOMETALINTER_OPTS="--deadline=2m"
 ---> Running in 993dab3c0574
Removing intermediate container 993dab3c0574
 ---> 07c77968772d
Step 90/94 : WORKDIR /go/src/github.com/docker/docker
 ---> Running in 5ccc7cebfd91
Removing intermediate container 5ccc7cebfd91
 ---> f978f4a7304b
Step 91/94 : VOLUME /var/lib/docker
 ---> Running in fac0f463ebd4
Removing intermediate container fac0f463ebd4
 ---> 8aed78d39804
Step 92/94 : ENTRYPOINT ["hack/dind"]
 ---> Running in 74941c3823f3
Removing intermediate container 74941c3823f3
 ---> 0e98b5e0ffe7
Step 93/94 : FROM dev AS final
 ---> 0e98b5e0ffe7
Step 94/94 : COPY . /go/src/github.com/docker/docker
 ---> 9b59dec469e3
Successfully built 9b59dec469e3
Successfully tagged docker:d37f161-exp

Removing bundles/

---> Making bundle: binary-daemon (in bundles/binary-daemon)
Building: bundles/binary-daemon/dockerd-dev
Created binary: bundles/binary-daemon/dockerd-dev
Copying nested executables into bundles/binary-daemon

---> Making bundle: test-integration (in bundles/test-integration)
Building test suite binary ./integration-cli/test.main
Building test suite binary ./integration/plugin/test.main
Building test suite binary ./integration/plugin/authz/test.main
Building test suite binary ./integration/plugin/logging/test.main
Building test suite binary ./integration/plugin/logging/cmd/test.main
Building test suite binary ./integration/plugin/logging/cmd/close_on_start/test.main
Building test suite binary ./integration/plugin/logging/cmd/dummy/test.main
Building test suite binary ./integration/plugin/common/test.main
Building test suite binary ./integration/plugin/volumes/test.main
Building test suite binary ./integration/plugin/volumes/cmd/test.main
Building test suite binary ./integration/plugin/volumes/cmd/dummy/test.main
Building test suite binary ./integration/plugin/graphdriver/test.main
Building test suite binary ./integration/config/test.main
Building test suite binary ./integration/service/test.main
Building test suite binary ./integration/network/test.main
Building test suite binary ./integration/network/ipvlan/test.main
Building test suite binary ./integration/network/macvlan/test.main
Building test suite binary ./integration/secret/test.main
Building test suite binary ./integration/session/test.main
Building test suite binary ./integration/container/test.main
Building test suite binary ./integration/build/test.main
Building test suite binary ./integration/volume/test.main
Building test suite binary ./integration/system/test.main
Building test suite binary ./integration/image/test.main
---> Making bundle: .integration-daemon-start (in bundles/test-integration)
Using test binary docker
# DOCKER_EXPERIMENTAL is set: starting daemon with experimental features enabled! 
/etc/init.d/apparmor: 130: /etc/init.d/apparmor: systemd-detect-virt: not found
Starting AppArmor profiles:Warning from stdin (line 1): /sbin/apparmor_parser: cannot use or update cache, disable, or force-complain via stdin
Warning failed to create cache: (null)
.
INFO: Waiting for daemon to start...
Starting dockerd
.
---> Making bundle: .integration-daemon-setup (in bundles/test-integration)
---> Making bundle: .ensure-emptyfs (in bundles/test-integration)
Error: No such image: emptyfs
Running integration-test (iteration 1)
Running /go/src/github.com/docker/docker/integration/plugin
testing: warning: no tests to run
PASS
Running /go/src/github.com/docker/docker/integration/plugin/authz
Loaded image: buildpack-deps:jessie
Loaded image: busybox:latest
Loaded image: busybox:glibc
Loaded image: debian:jessie
Loaded image: hello-world:latest
INFO: Testing against a local daemon
=== RUN   TestAuthZPluginAllowRequest
--- PASS: TestAuthZPluginAllowRequest (1.48s)
    daemon.go:296: [d793d632e1bb1] waiting for daemon to start
    daemon.go:328: [d793d632e1bb1] daemon started
    daemon.go:283: [d793d632e1bb1] exiting daemon
=== RUN   TestAuthZPluginTLS
--- PASS: TestAuthZPluginTLS (0.53s)
    daemon.go:296: [dd23b4c22847c] waiting for daemon to start
    daemon.go:328: [dd23b4c22847c] daemon started
    daemon.go:283: [dd23b4c22847c] exiting daemon
=== RUN   TestAuthZPluginDenyRequest
--- PASS: TestAuthZPluginDenyRequest (0.52s)
    daemon.go:296: [dbd575ac1b2ff] waiting for daemon to start
    daemon.go:328: [dbd575ac1b2ff] daemon started
    daemon.go:283: [dbd575ac1b2ff] exiting daemon
=== RUN   TestAuthZPluginAPIDenyResponse
--- PASS: TestAuthZPluginAPIDenyResponse (0.53s)
    daemon.go:296: [d8a96bb89a3b7] waiting for daemon to start
    daemon.go:328: [d8a96bb89a3b7] daemon started
    daemon.go:283: [d8a96bb89a3b7] exiting daemon
=== RUN   TestAuthZPluginDenyResponse
--- PASS: TestAuthZPluginDenyResponse (0.52s)
    daemon.go:296: [d7b16a4b88741] waiting for daemon to start
    daemon.go:328: [d7b16a4b88741] daemon started
    daemon.go:283: [d7b16a4b88741] exiting daemon
=== RUN   TestAuthZPluginAllowEventStream
--- PASS: TestAuthZPluginAllowEventStream (1.21s)
    daemon.go:296: [d0730d6c0d7b9] waiting for daemon to start
    daemon.go:328: [d0730d6c0d7b9] daemon started
    daemon.go:283: [d0730d6c0d7b9] exiting daemon
=== RUN   TestAuthZPluginErrorResponse
--- PASS: TestAuthZPluginErrorResponse (0.52s)
    daemon.go:296: [df2d71c37e83d] waiting for daemon to start
    daemon.go:328: [df2d71c37e83d] daemon started
    daemon.go:283: [df2d71c37e83d] exiting daemon
=== RUN   TestAuthZPluginErrorRequest
--- PASS: TestAuthZPluginErrorRequest (0.52s)
    daemon.go:296: [dadf124d8545c] waiting for daemon to start
    daemon.go:328: [dadf124d8545c] daemon started
    daemon.go:283: [dadf124d8545c] exiting daemon
=== RUN   TestAuthZPluginEnsureNoDuplicatePluginRegistration
--- PASS: TestAuthZPluginEnsureNoDuplicatePluginRegistration (2.73s)
    daemon.go:296: [dcc07020132c4] waiting for daemon to start
    daemon.go:328: [dcc07020132c4] daemon started
    daemon.go:283: [dcc07020132c4] exiting daemon
=== RUN   TestAuthZPluginEnsureLoadImportWorking
--- PASS: TestAuthZPluginEnsureLoadImportWorking (4.63s)
    daemon.go:296: [d7989fa008964] waiting for daemon to start
    daemon.go:328: [d7989fa008964] daemon started
    daemon.go:283: [d7989fa008964] exiting daemon
=== RUN   TestAuthzPluginEnsureContainerCopyToFrom
--- PASS: TestAuthzPluginEnsureContainerCopyToFrom (1.48s)
    daemon.go:296: [d5be415a202d7] waiting for daemon to start
    daemon.go:328: [d5be415a202d7] daemon started
    daemon.go:283: [d5be415a202d7] exiting daemon
=== RUN   TestAuthZPluginHeader
--- PASS: TestAuthZPluginHeader (0.72s)
    daemon.go:296: [d68d152740468] waiting for daemon to start
    daemon.go:328: [d68d152740468] daemon started
    daemon.go:283: [d68d152740468] exiting daemon
=== RUN   TestAuthZPluginV2AllowNonVolumeRequest
--- PASS: TestAuthZPluginV2AllowNonVolumeRequest (6.50s)
    daemon.go:296: [d528f1f440d47] waiting for daemon to start
    daemon.go:328: [d528f1f440d47] daemon started
    daemon.go:283: [d528f1f440d47] exiting daemon
    daemon.go:296: [d528f1f440d47] waiting for daemon to start
    daemon.go:328: [d528f1f440d47] daemon started
    daemon.go:283: [d528f1f440d47] exiting daemon
=== RUN   TestAuthZPluginV2Disable
--- PASS: TestAuthZPluginV2Disable (6.63s)
    daemon.go:296: [d0d428df65150] waiting for daemon to start
    daemon.go:328: [d0d428df65150] daemon started
    daemon.go:283: [d0d428df65150] exiting daemon
    daemon.go:296: [d0d428df65150] waiting for daemon to start
    daemon.go:328: [d0d428df65150] daemon started
    daemon.go:283: [d0d428df65150] exiting daemon
=== RUN   TestAuthZPluginV2RejectVolumeRequests
--- PASS: TestAuthZPluginV2RejectVolumeRequests (6.10s)
    daemon.go:296: [d74614f6992a4] waiting for daemon to start
    daemon.go:328: [d74614f6992a4] daemon started
    daemon.go:283: [d74614f6992a4] exiting daemon
    daemon.go:296: [d74614f6992a4] waiting for daemon to start
    daemon.go:328: [d74614f6992a4] daemon started
    daemon.go:283: [d74614f6992a4] exiting daemon
=== RUN   TestAuthZPluginV2BadManifestFailsDaemonStart
--- PASS: TestAuthZPluginV2BadManifestFailsDaemonStart (13.97s)
    daemon.go:296: [d7daaf40cf0a9] waiting for daemon to start
    daemon.go:328: [d7daaf40cf0a9] daemon started
    daemon.go:283: [d7daaf40cf0a9] exiting daemon
    daemon.go:296: [d7daaf40cf0a9] waiting for daemon to start
    daemon.go:296: [d7daaf40cf0a9] waiting for daemon to start
    daemon.go:283: [d7daaf40cf0a9] exiting daemon
    daemon.go:296: [d7daaf40cf0a9] waiting for daemon to start
    daemon.go:328: [d7daaf40cf0a9] daemon started
    daemon.go:283: [d7daaf40cf0a9] exiting daemon
=== RUN   TestAuthZPluginV2NonexistentFailsDaemonStart
--- PASS: TestAuthZPluginV2NonexistentFailsDaemonStart (16.53s)
    daemon.go:296: [df05a8b5bc4fc] waiting for daemon to start
    daemon.go:328: [df05a8b5bc4fc] daemon started
    daemon.go:283: [df05a8b5bc4fc] exiting daemon
    daemon.go:296: [df05a8b5bc4fc] waiting for daemon to start
    daemon.go:296: [df05a8b5bc4fc] waiting for daemon to start
    daemon.go:296: [df05a8b5bc4fc] waiting for daemon to start
    daemon.go:328: [df05a8b5bc4fc] daemon started
    daemon.go:283: [df05a8b5bc4fc] exiting daemon
PASS
Running /go/src/github.com/docker/docker/integration/plugin/logging
INFO: Testing against a local daemon
=== RUN   TestContinueAfterPluginCrash
=== PAUSE TestContinueAfterPluginCrash
=== RUN   TestDaemonStartWithLogOpt
=== PAUSE TestDaemonStartWithLogOpt
=== CONT  TestContinueAfterPluginCrash
=== CONT  TestDaemonStartWithLogOpt
--- PASS: TestDaemonStartWithLogOpt (15.22s)
    daemon.go:296: [d3b636876f80d] waiting for daemon to start
    daemon.go:328: [d3b636876f80d] daemon started
    daemon.go:283: [d3b636876f80d] exiting daemon
    daemon.go:296: [d3b636876f80d] waiting for daemon to start
    daemon.go:328: [d3b636876f80d] daemon started
    daemon.go:283: [d3b636876f80d] exiting daemon
--- PASS: TestContinueAfterPluginCrash (19.62s)
    daemon.go:296: [dfc170f6d4168] waiting for daemon to start
    daemon.go:328: [dfc170f6d4168] daemon started
    daemon.go:283: [dfc170f6d4168] exiting daemon
PASS
Running /go/src/github.com/docker/docker/integration/plugin/logging/cmd
testing: warning: no tests to run
PASS
Running /go/src/github.com/docker/docker/integration/plugin/logging/cmd/close_on_start
testing: warning: no tests to run
PASS
Running /go/src/github.com/docker/docker/integration/plugin/logging/cmd/dummy
testing: warning: no tests to run
PASS
Running /go/src/github.com/docker/docker/integration/plugin/common
INFO: Testing against a local daemon
=== RUN   TestPluginInvalidJSON
=== RUN   TestPluginInvalidJSON//plugins/foobar/set
=== PAUSE TestPluginInvalidJSON//plugins/foobar/set
=== CONT  TestPluginInvalidJSON//plugins/foobar/set
--- PASS: TestPluginInvalidJSON (0.01s)
    --- PASS: TestPluginInvalidJSON//plugins/foobar/set (0.00s)
PASS
Running /go/src/github.com/docker/docker/integration/plugin/volumes
INFO: Testing against a local daemon
=== RUN   TestPluginWithDevMounts
=== PAUSE TestPluginWithDevMounts
=== CONT  TestPluginWithDevMounts
--- PASS: TestPluginWithDevMounts (1.76s)
    daemon.go:296: [d477288b0fcfb] waiting for daemon to start
    daemon.go:328: [d477288b0fcfb] daemon started
    daemon.go:283: [d477288b0fcfb] exiting daemon
PASS
Running /go/src/github.com/docker/docker/integration/plugin/volumes/cmd
testing: warning: no tests to run
PASS
Running /go/src/github.com/docker/docker/integration/plugin/volumes/cmd/dummy
testing: warning: no tests to run
PASS
Running /go/src/github.com/docker/docker/integration/plugin/graphdriver
INFO: Testing against a local daemon
=== RUN   TestExternalGraphDriver
=== RUN   TestExternalGraphDriver/json
=== RUN   TestExternalGraphDriver/spec
=== RUN   TestExternalGraphDriver/pull
--- PASS: TestExternalGraphDriver (6.86s)
    daemon.go:296: [d8fb45f0ba477] waiting for daemon to start
    daemon.go:328: [d8fb45f0ba477] daemon started
    daemon.go:283: [d8fb45f0ba477] exiting daemon
    daemon.go:296: [d8fb45f0ba477] waiting for daemon to start
    daemon.go:328: [d8fb45f0ba477] daemon started
    daemon.go:283: [d8fb45f0ba477] exiting daemon
    --- PASS: TestExternalGraphDriver/json (1.68s)
    daemon.go:296: [d8fb45f0ba477] waiting for daemon to start
    daemon.go:328: [d8fb45f0ba477] daemon started
    daemon.go:283: [d8fb45f0ba477] exiting daemon
    daemon.go:296: [d8fb45f0ba477] waiting for daemon to start
    daemon.go:328: [d8fb45f0ba477] daemon started
    daemon.go:283: [d8fb45f0ba477] exiting daemon
    --- PASS: TestExternalGraphDriver/spec (1.72s)
    daemon.go:296: [d8fb45f0ba477] waiting for daemon to start
    daemon.go:328: [d8fb45f0ba477] daemon started
    daemon.go:283: [d8fb45f0ba477] exiting daemon
    --- PASS: TestExternalGraphDriver/pull (3.05s)
=== RUN   TestGraphdriverPluginV2
--- SKIP: TestGraphdriverPluginV2 (0.38s)
    external_test.go:411: !requirement.Overlay2Supported(testEnv.DaemonInfo.KernelVersion)
PASS
Running /go/src/github.com/docker/docker/integration/config
INFO: Testing against a local daemon
=== RUN   TestConfigList
--- PASS: TestConfigList (2.25s)
    daemon.go:296: [dd9a85d9b91eb] waiting for daemon to start
    daemon.go:328: [dd9a85d9b91eb] daemon started
    daemon.go:283: [dd9a85d9b91eb] exiting daemon
=== RUN   TestConfigsCreateAndDelete
--- PASS: TestConfigsCreateAndDelete (2.14s)
    daemon.go:296: [d97a252219a3b] waiting for daemon to start
    daemon.go:328: [d97a252219a3b] daemon started
    daemon.go:283: [d97a252219a3b] exiting daemon
=== RUN   TestConfigsUpdate
--- PASS: TestConfigsUpdate (2.11s)
    daemon.go:296: [d61391ec57f44] waiting for daemon to start
    daemon.go:328: [d61391ec57f44] daemon started
    daemon.go:283: [d61391ec57f44] exiting daemon
=== RUN   TestTemplatedConfig
--- PASS: TestTemplatedConfig (2.68s)
    daemon.go:296: [d20ad5dcc946e] waiting for daemon to start
    daemon.go:328: [d20ad5dcc946e] daemon started
    daemon.go:283: [d20ad5dcc946e] exiting daemon
=== RUN   TestConfigInspect
--- PASS: TestConfigInspect (2.14s)
    daemon.go:296: [dd3f196e5db3f] waiting for daemon to start
    daemon.go:328: [dd3f196e5db3f] daemon started
    daemon.go:283: [dd3f196e5db3f] exiting daemon
=== RUN   TestConfigCreateWithLabels
--- PASS: TestConfigCreateWithLabels (2.13s)
    daemon.go:296: [df31aee6b0887] waiting for daemon to start
    daemon.go:328: [df31aee6b0887] daemon started
    daemon.go:283: [df31aee6b0887] exiting daemon
=== RUN   TestConfigCreateResolve
--- PASS: TestConfigCreateResolve (2.03s)
    daemon.go:296: [deafbf0457043] waiting for daemon to start
    daemon.go:328: [deafbf0457043] daemon started
    daemon.go:283: [deafbf0457043] exiting daemon
PASS
Running /go/src/github.com/docker/docker/integration/service
INFO: Testing against a local daemon
=== RUN   TestServiceCreateInit
=== RUN   TestServiceCreateInit/daemonInitDisabled
=== RUN   TestServiceCreateInit/daemonInitEnabled
--- PASS: TestServiceCreateInit (8.04s)
    --- PASS: TestServiceCreateInit/daemonInitDisabled (4.05s)
        daemon.go:296: [dd553934b713b] waiting for daemon to start
        daemon.go:328: [dd553934b713b] daemon started
        daemon.go:283: [dd553934b713b] exiting daemon
    --- PASS: TestServiceCreateInit/daemonInitEnabled (3.98s)
        daemon.go:296: [dd9ad07d0144f] waiting for daemon to start
        daemon.go:328: [dd9ad07d0144f] daemon started
        daemon.go:283: [dd9ad07d0144f] exiting daemon
=== RUN   TestCreateServiceMultipleTimes
--- PASS: TestCreateServiceMultipleTimes (23.68s)
    daemon.go:296: [d942c5225b966] waiting for daemon to start
    daemon.go:328: [d942c5225b966] daemon started
    daemon.go:283: [d942c5225b966] exiting daemon
=== RUN   TestCreateServiceConflict
--- PASS: TestCreateServiceConflict (2.17s)
    daemon.go:296: [dd340e7c7a31b] waiting for daemon to start
    daemon.go:328: [dd340e7c7a31b] daemon started
    daemon.go:283: [dd340e7c7a31b] exiting daemon
=== RUN   TestCreateServiceMaxReplicas
--- PASS: TestCreateServiceMaxReplicas (2.86s)
    daemon.go:296: [d58f0418b8831] waiting for daemon to start
    daemon.go:328: [d58f0418b8831] daemon started
    daemon.go:283: [d58f0418b8831] exiting daemon
=== RUN   TestCreateWithDuplicateNetworkNames
--- PASS: TestCreateWithDuplicateNetworkNames (12.93s)
    daemon.go:296: [da2f93736150d] waiting for daemon to start
    daemon.go:328: [da2f93736150d] daemon started
    daemon.go:283: [da2f93736150d] exiting daemon
=== RUN   TestCreateServiceSecretFileMode
--- PASS: TestCreateServiceSecretFileMode (2.71s)
    daemon.go:296: [d6b939f1fa192] waiting for daemon to start
    daemon.go:328: [d6b939f1fa192] daemon started
    daemon.go:283: [d6b939f1fa192] exiting daemon
=== RUN   TestCreateServiceConfigFileMode
--- PASS: TestCreateServiceConfigFileMode (2.70s)
    daemon.go:296: [dd914d62e9ddd] waiting for daemon to start
    daemon.go:328: [dd914d62e9ddd] daemon started
    daemon.go:283: [dd914d62e9ddd] exiting daemon
=== RUN   TestCreateServiceSysctls
--- PASS: TestCreateServiceSysctls (3.22s)
    daemon.go:296: [df1cb6052a1e0] waiting for daemon to start
    daemon.go:328: [df1cb6052a1e0] daemon started
    daemon.go:283: [df1cb6052a1e0] exiting daemon
=== RUN   TestInspect
--- PASS: TestInspect (2.13s)
    daemon.go:296: [d0f1e65bae3aa] waiting for daemon to start
    daemon.go:328: [d0f1e65bae3aa] daemon started
    daemon.go:283: [d0f1e65bae3aa] exiting daemon
=== RUN   TestDockerNetworkConnectAlias
--- PASS: TestDockerNetworkConnectAlias (4.04s)
    daemon.go:296: [d985b2f975682] waiting for daemon to start
    daemon.go:328: [d985b2f975682] daemon started
    daemon.go:283: [d985b2f975682] exiting daemon
=== RUN   TestServicePlugin
--- PASS: TestServicePlugin (35.14s)
    daemon.go:296: [df8e8feaf854d] waiting for daemon to start
    daemon.go:328: [df8e8feaf854d] daemon started
    daemon.go:283: [df8e8feaf854d] exiting daemon
    daemon.go:296: [d1609bc9fca6b] waiting for daemon to start
    daemon.go:328: [d1609bc9fca6b] daemon started
    daemon.go:296: [d7855f270ee61] waiting for daemon to start
    daemon.go:328: [d7855f270ee61] daemon started
    daemon.go:296: [de1c7407a59aa] waiting for daemon to start
    daemon.go:328: [de1c7407a59aa] daemon started
    daemon.go:283: [de1c7407a59aa] exiting daemon
    daemon.go:283: [d7855f270ee61] exiting daemon
    daemon.go:283: [d1609bc9fca6b] exiting daemon
=== RUN   TestServiceUpdateLabel
--- PASS: TestServiceUpdateLabel (2.17s)
    daemon.go:296: [da264e8040f54] waiting for daemon to start
    daemon.go:328: [da264e8040f54] daemon started
    daemon.go:283: [da264e8040f54] exiting daemon
=== RUN   TestServiceUpdateSecrets
--- PASS: TestServiceUpdateSecrets (7.68s)
    daemon.go:296: [dc9b3af79ac75] waiting for daemon to start
    daemon.go:328: [dc9b3af79ac75] daemon started
    daemon.go:283: [dc9b3af79ac75] exiting daemon
=== RUN   TestServiceUpdateConfigs
--- PASS: TestServiceUpdateConfigs (7.53s)
    daemon.go:296: [dd954f69848f5] waiting for daemon to start
    daemon.go:328: [dd954f69848f5] daemon started
    daemon.go:283: [dd954f69848f5] exiting daemon
PASS
Running /go/src/github.com/docker/docker/integration/network
INFO: Testing against a local daemon
=== RUN   TestNetworkCreateDelete
--- PASS: TestNetworkCreateDelete (0.10s)
=== RUN   TestDockerNetworkDeletePreferID
--- PASS: TestDockerNetworkDeletePreferID (0.27s)
=== RUN   TestInspectNetwork
--- PASS: TestInspectNetwork (23.86s)
    daemon.go:296: [d99c37482b44b] waiting for daemon to start
    daemon.go:328: [d99c37482b44b] daemon started
    daemon.go:283: [d99c37482b44b] exiting daemon
=== RUN   TestRunContainerWithBridgeNone
--- PASS: TestRunContainerWithBridgeNone (2.04s)
    daemon.go:296: [d60ebc11e6ffb] waiting for daemon to start
    daemon.go:328: [d60ebc11e6ffb] daemon started
    daemon.go:283: [d60ebc11e6ffb] exiting daemon
=== RUN   TestNetworkInvalidJSON
=== RUN   TestNetworkInvalidJSON//networks/create
=== PAUSE TestNetworkInvalidJSON//networks/create
=== RUN   TestNetworkInvalidJSON//networks/bridge/connect
=== PAUSE TestNetworkInvalidJSON//networks/bridge/connect
=== RUN   TestNetworkInvalidJSON//networks/bridge/disconnect
=== PAUSE TestNetworkInvalidJSON//networks/bridge/disconnect
=== CONT  TestNetworkInvalidJSON//networks/create
=== CONT  TestNetworkInvalidJSON//networks/bridge/disconnect
=== CONT  TestNetworkInvalidJSON//networks/bridge/connect
--- PASS: TestNetworkInvalidJSON (0.02s)
    --- PASS: TestNetworkInvalidJSON//networks/bridge/disconnect (0.00s)
    --- PASS: TestNetworkInvalidJSON//networks/create (0.00s)
    --- PASS: TestNetworkInvalidJSON//networks/bridge/connect (0.00s)
=== RUN   TestDaemonRestartWithLiveRestore
--- PASS: TestDaemonRestartWithLiveRestore (1.03s)
    daemon.go:296: [d7dac7c7ffd5a] waiting for daemon to start
    daemon.go:328: [d7dac7c7ffd5a] daemon started
    daemon.go:283: [d7dac7c7ffd5a] exiting daemon
    daemon.go:296: [d7dac7c7ffd5a] waiting for daemon to start
    daemon.go:328: [d7dac7c7ffd5a] daemon started
    daemon.go:283: [d7dac7c7ffd5a] exiting daemon
=== RUN   TestDaemonDefaultNetworkPools
--- PASS: TestDaemonDefaultNetworkPools (0.65s)
    daemon.go:296: [dced4b1583197] waiting for daemon to start
    daemon.go:328: [dced4b1583197] daemon started
    daemon.go:283: [dced4b1583197] exiting daemon
=== RUN   TestDaemonRestartWithExistingNetwork
--- PASS: TestDaemonRestartWithExistingNetwork (1.10s)
    daemon.go:296: [d134bdd1686a3] waiting for daemon to start
    daemon.go:328: [d134bdd1686a3] daemon started
    daemon.go:283: [d134bdd1686a3] exiting daemon
    daemon.go:296: [d134bdd1686a3] waiting for daemon to start
    daemon.go:328: [d134bdd1686a3] daemon started
    daemon.go:283: [d134bdd1686a3] exiting daemon
=== RUN   TestDaemonRestartWithExistingNetworkWithDefaultPoolRange
--- PASS: TestDaemonRestartWithExistingNetworkWithDefaultPoolRange (1.18s)
    daemon.go:296: [d6c1a92d2c69e] waiting for daemon to start
    daemon.go:328: [d6c1a92d2c69e] daemon started
    daemon.go:283: [d6c1a92d2c69e] exiting daemon
    daemon.go:296: [d6c1a92d2c69e] waiting for daemon to start
    daemon.go:328: [d6c1a92d2c69e] daemon started
    daemon.go:283: [d6c1a92d2c69e] exiting daemon
=== RUN   TestDaemonWithBipAndDefaultNetworkPool
--- PASS: TestDaemonWithBipAndDefaultNetworkPool (0.54s)
    daemon.go:296: [d481d99260947] waiting for daemon to start
    daemon.go:328: [d481d99260947] daemon started
    daemon.go:283: [d481d99260947] exiting daemon
=== RUN   TestServiceWithPredefinedNetwork
--- PASS: TestServiceWithPredefinedNetwork (2.13s)
    daemon.go:296: [d3431640c8041] waiting for daemon to start
    daemon.go:328: [d3431640c8041] daemon started
    daemon.go:283: [d3431640c8041] exiting daemon
=== RUN   TestServiceRemoveKeepsIngressNetwork
--- PASS: TestServiceRemoveKeepsIngressNetwork (12.22s)
    daemon.go:296: [d23db9f666aec] waiting for daemon to start
    daemon.go:328: [d23db9f666aec] daemon started
    daemon.go:283: [d23db9f666aec] exiting daemon
=== RUN   TestServiceWithDataPathPortInit
--- PASS: TestServiceWithDataPathPortInit (4.28s)
    daemon.go:296: [d2b8eedd93175] waiting for daemon to start
    daemon.go:328: [d2b8eedd93175] daemon started
    daemon.go:283: [d2b8eedd93175] exiting daemon
    daemon.go:296: [d342b5138e511] waiting for daemon to start
    daemon.go:328: [d342b5138e511] daemon started
    daemon.go:283: [d342b5138e511] exiting daemon
=== RUN   TestServiceWithDefaultAddressPoolInit
--- PASS: TestServiceWithDefaultAddressPoolInit (4.22s)
    daemon.go:296: [d5e2702f8f876] waiting for daemon to start
    daemon.go:328: [d5e2702f8f876] daemon started
    service_test.go:420: TestServiceWithDefaultAddressPoolInit: NetworkInspect: {Name:saanvisthiraTestServiceWithDefaultAddressPoolInit ID:1mfprexuoq5h0jl90jubifkf8 Created:2019-01-05 12:45:17.098123599 +0000 UTC Scope:swarm Driver:overlay EnableIPv6:false IPAM:{Driver:default Options:map[] Config:[{Subnet:20.20.0.0/24 IPRange: Gateway:20.20.0.1 AuxAddress:map[]}]} Internal:false Attachable:false Ingress:false ConfigFrom:{Network:} ConfigOnly:false Containers:map[] Options:map[com.docker.network.driver.overlay.vxlanid_list:4097] Labels:map[] Peers:[] Services:map[]}
    daemon.go:283: [d5e2702f8f876] exiting daemon
    daemon.go:296: [d4d7644064cee] waiting for daemon to start
    daemon.go:328: [d4d7644064cee] daemon started
    daemon.go:283: [d4d7644064cee] exiting daemon
PASS
Running /go/src/github.com/docker/docker/integration/network/ipvlan
INFO: Testing against a local daemon
=== RUN   TestDockerNetworkIpvlanPersistance
--- PASS: TestDockerNetworkIpvlanPersistance (1.36s)
    daemon.go:296: [d7598fa14bd07] waiting for daemon to start
    daemon.go:328: [d7598fa14bd07] daemon started
    daemon.go:283: [d7598fa14bd07] exiting daemon
    daemon.go:296: [d7598fa14bd07] waiting for daemon to start
    daemon.go:328: [d7598fa14bd07] daemon started
    daemon.go:283: [d7598fa14bd07] exiting daemon
=== RUN   TestDockerNetworkIpvlan
=== RUN   TestDockerNetworkIpvlan/Subinterface
=== RUN   TestDockerNetworkIpvlan/OverlapParent
=== RUN   TestDockerNetworkIpvlan/L2NilParent
=== RUN   TestDockerNetworkIpvlan/L2InternalMode
=== RUN   TestDockerNetworkIpvlan/L3NilParent
=== RUN   TestDockerNetworkIpvlan/L3InternalMode
=== RUN   TestDockerNetworkIpvlan/L2MultiSubnet
=== RUN   TestDockerNetworkIpvlan/L3MultiSubnet
=== RUN   TestDockerNetworkIpvlan/Addressing
--- PASS: TestDockerNetworkIpvlan (110.05s)
    daemon.go:296: [d00f380a659f8] waiting for daemon to start
    daemon.go:328: [d00f380a659f8] daemon started
    --- PASS: TestDockerNetworkIpvlan/Subinterface (0.07s)
    daemon.go:283: [d00f380a659f8] exiting daemon
    daemon.go:296: [dcf98fa159686] waiting for daemon to start
    daemon.go:328: [dcf98fa159686] daemon started
    --- PASS: TestDockerNetworkIpvlan/OverlapParent (0.04s)
    daemon.go:283: [dcf98fa159686] exiting daemon
    daemon.go:296: [d87e445cbee5a] waiting for daemon to start
    daemon.go:328: [d87e445cbee5a] daemon started
    --- PASS: TestDockerNetworkIpvlan/L2NilParent (0.87s)
    daemon.go:283: [d87e445cbee5a] exiting daemon
    daemon.go:296: [d19b47feeba22] waiting for daemon to start
    daemon.go:328: [d19b47feeba22] daemon started
    --- PASS: TestDockerNetworkIpvlan/L2InternalMode (1.88s)
    daemon.go:283: [d19b47feeba22] exiting daemon
    daemon.go:296: [d5633eab9fa9f] waiting for daemon to start
    daemon.go:328: [d5633eab9fa9f] daemon started
    --- PASS: TestDockerNetworkIpvlan/L3NilParent (15.85s)
    daemon.go:283: [d5633eab9fa9f] exiting daemon
    daemon.go:296: [dd8263cf1c8e7] waiting for daemon to start
    daemon.go:328: [dd8263cf1c8e7] daemon started
    --- PASS: TestDockerNetworkIpvlan/L3InternalMode (16.87s)
    daemon.go:283: [dd8263cf1c8e7] exiting daemon
    daemon.go:296: [da6f8a9ef12a4] waiting for daemon to start
    daemon.go:328: [da6f8a9ef12a4] daemon started
    --- PASS: TestDockerNetworkIpvlan/L2MultiSubnet (17.20s)
    daemon.go:283: [da6f8a9ef12a4] exiting daemon
    daemon.go:296: [d2dd20f76b14b] waiting for daemon to start
    daemon.go:328: [d2dd20f76b14b] daemon started
    --- PASS: TestDockerNetworkIpvlan/L3MultiSubnet (17.19s)
    daemon.go:283: [d2dd20f76b14b] exiting daemon
    daemon.go:296: [d86ff0a81c483] waiting for daemon to start
    daemon.go:328: [d86ff0a81c483] daemon started
    --- PASS: TestDockerNetworkIpvlan/Addressing (31.28s)
    daemon.go:283: [d86ff0a81c483] exiting daemon
PASS
Running /go/src/github.com/docker/docker/integration/network/macvlan
INFO: Testing against a local daemon
=== RUN   TestDockerNetworkMacvlanPersistance
--- PASS: TestDockerNetworkMacvlanPersistance (1.27s)
    daemon.go:296: [dc8c0a57e4309] waiting for daemon to start
    daemon.go:328: [dc8c0a57e4309] daemon started
    daemon.go:283: [dc8c0a57e4309] exiting daemon
    daemon.go:296: [dc8c0a57e4309] waiting for daemon to start
    daemon.go:328: [dc8c0a57e4309] daemon started
    daemon.go:283: [dc8c0a57e4309] exiting daemon
=== RUN   TestDockerNetworkMacvlan
=== RUN   TestDockerNetworkMacvlan/Subinterface
=== RUN   TestDockerNetworkMacvlan/OverlapParent
=== RUN   TestDockerNetworkMacvlan/NilParent
=== RUN   TestDockerNetworkMacvlan/InternalMode
=== RUN   TestDockerNetworkMacvlan/Addressing
--- PASS: TestDockerNetworkMacvlan (22.83s)
    daemon.go:296: [d8cd16a572aa6] waiting for daemon to start
    daemon.go:328: [d8cd16a572aa6] daemon started
    --- PASS: TestDockerNetworkMacvlan/Subinterface (0.05s)
    daemon.go:283: [d8cd16a572aa6] exiting daemon
    daemon.go:296: [d02ab0fbd6854] waiting for daemon to start
    daemon.go:328: [d02ab0fbd6854] daemon started
    --- PASS: TestDockerNetworkMacvlan/OverlapParent (0.07s)
    daemon.go:283: [d02ab0fbd6854] exiting daemon
    daemon.go:296: [d51e45a49f928] waiting for daemon to start
    daemon.go:328: [d51e45a49f928] daemon started
    --- PASS: TestDockerNetworkMacvlan/NilParent (0.86s)
    daemon.go:283: [d51e45a49f928] exiting daemon
    daemon.go:296: [d71d700cfb3a9] waiting for daemon to start
    daemon.go:328: [d71d700cfb3a9] daemon started
    --- PASS: TestDockerNetworkMacvlan/InternalMode (1.86s)
    daemon.go:283: [d71d700cfb3a9] exiting daemon
    daemon.go:296: [dab46dd5fae55] waiting for daemon to start
    daemon.go:328: [dab46dd5fae55] daemon started
    --- PASS: TestDockerNetworkMacvlan/Addressing (15.65s)
    daemon.go:283: [dab46dd5fae55] exiting daemon
PASS
Running /go/src/github.com/docker/docker/integration/secret
INFO: Testing against a local daemon
=== RUN   TestSecretInspect
--- PASS: TestSecretInspect (2.22s)
    daemon.go:296: [d5275c08b4aca] waiting for daemon to start
    daemon.go:328: [d5275c08b4aca] daemon started
    daemon.go:283: [d5275c08b4aca] exiting daemon
=== RUN   TestSecretList
--- PASS: TestSecretList (2.12s)
    daemon.go:296: [d0ca4648cb629] waiting for daemon to start
    daemon.go:328: [d0ca4648cb629] daemon started
    daemon.go:283: [d0ca4648cb629] exiting daemon
=== RUN   TestSecretsCreateAndDelete
--- PASS: TestSecretsCreateAndDelete (2.14s)
    daemon.go:296: [dd0bce934f847] waiting for daemon to start
    daemon.go:328: [dd0bce934f847] daemon started
    daemon.go:283: [dd0bce934f847] exiting daemon
=== RUN   TestSecretsUpdate
--- PASS: TestSecretsUpdate (2.15s)
    daemon.go:296: [d5def7fb02916] waiting for daemon to start
    daemon.go:328: [d5def7fb02916] daemon started
    daemon.go:283: [d5def7fb02916] exiting daemon
=== RUN   TestTemplatedSecret
--- PASS: TestTemplatedSecret (2.68s)
    daemon.go:296: [ddf8be5fbfdc3] waiting for daemon to start
    daemon.go:328: [ddf8be5fbfdc3] daemon started
    daemon.go:283: [ddf8be5fbfdc3] exiting daemon
=== RUN   TestSecretCreateResolve
--- PASS: TestSecretCreateResolve (2.14s)
    daemon.go:296: [d91dcc9bdb9a7] waiting for daemon to start
    daemon.go:328: [d91dcc9bdb9a7] daemon started
    daemon.go:283: [d91dcc9bdb9a7] exiting daemon
PASS
Running /go/src/github.com/docker/docker/integration/session
INFO: Testing against a local daemon
=== RUN   TestSessionCreate
--- PASS: TestSessionCreate (0.01s)
=== RUN   TestSessionCreateWithBadUpgrade
--- PASS: TestSessionCreateWithBadUpgrade (0.00s)
PASS
Running /go/src/github.com/docker/docker/integration/container
INFO: Testing against a local daemon
=== RUN   TestContainerInvalidJSON
=== RUN   TestContainerInvalidJSON//containers/foobar/copy
=== PAUSE TestContainerInvalidJSON//containers/foobar/copy
=== RUN   TestContainerInvalidJSON//containers/foobar/exec
=== PAUSE TestContainerInvalidJSON//containers/foobar/exec
=== RUN   TestContainerInvalidJSON//exec/foobar/start
=== PAUSE TestContainerInvalidJSON//exec/foobar/start
=== CONT  TestContainerInvalidJSON//containers/foobar/copy
=== CONT  TestContainerInvalidJSON//exec/foobar/start
=== CONT  TestContainerInvalidJSON//containers/foobar/exec
--- PASS: TestContainerInvalidJSON (0.01s)
    --- PASS: TestContainerInvalidJSON//containers/foobar/copy (0.00s)
    --- PASS: TestContainerInvalidJSON//exec/foobar/start (0.00s)
    --- PASS: TestContainerInvalidJSON//containers/foobar/exec (0.00s)
=== RUN   TestCopyFromContainerPathDoesNotExist
--- PASS: TestCopyFromContainerPathDoesNotExist (0.06s)
=== RUN   TestCopyFromContainerPathIsNotDir
--- PASS: TestCopyFromContainerPathIsNotDir (0.06s)
=== RUN   TestCopyToContainerPathDoesNotExist
--- PASS: TestCopyToContainerPathDoesNotExist (0.07s)
=== RUN   TestCopyToContainerPathIsNotDir
--- PASS: TestCopyToContainerPathIsNotDir (0.06s)
=== RUN   TestCreateFailsWhenIdentifierDoesNotExist
=== RUN   TestCreateFailsWhenIdentifierDoesNotExist/image_and_tag
=== PAUSE TestCreateFailsWhenIdentifierDoesNotExist/image_and_tag
=== RUN   TestCreateFailsWhenIdentifierDoesNotExist/image_no_tag
=== PAUSE TestCreateFailsWhenIdentifierDoesNotExist/image_no_tag
=== RUN   TestCreateFailsWhenIdentifierDoesNotExist/digest
=== PAUSE TestCreateFailsWhenIdentifierDoesNotExist/digest
=== CONT  TestCreateFailsWhenIdentifierDoesNotExist/image_and_tag
=== CONT  TestCreateFailsWhenIdentifierDoesNotExist/digest
=== CONT  TestCreateFailsWhenIdentifierDoesNotExist/image_no_tag
--- PASS: TestCreateFailsWhenIdentifierDoesNotExist (0.01s)
    --- PASS: TestCreateFailsWhenIdentifierDoesNotExist/image_and_tag (0.00s)
    --- PASS: TestCreateFailsWhenIdentifierDoesNotExist/digest (0.00s)
    --- PASS: TestCreateFailsWhenIdentifierDoesNotExist/image_no_tag (0.00s)
=== RUN   TestCreateWithInvalidEnv
=== RUN   TestCreateWithInvalidEnv/0
=== PAUSE TestCreateWithInvalidEnv/0
=== RUN   TestCreateWithInvalidEnv/1
=== PAUSE TestCreateWithInvalidEnv/1
=== RUN   TestCreateWithInvalidEnv/2
=== PAUSE TestCreateWithInvalidEnv/2
=== CONT  TestCreateWithInvalidEnv/0
=== CONT  TestCreateWithInvalidEnv/2
=== CONT  TestCreateWithInvalidEnv/1
--- PASS: TestCreateWithInvalidEnv (0.01s)
    --- PASS: TestCreateWithInvalidEnv/0 (0.00s)
    --- PASS: TestCreateWithInvalidEnv/2 (0.00s)
    --- PASS: TestCreateWithInvalidEnv/1 (0.00s)
=== RUN   TestCreateTmpfsMountsTarget
--- PASS: TestCreateTmpfsMountsTarget (0.01s)
=== RUN   TestCreateWithCustomMaskedPaths
--- PASS: TestCreateWithCustomMaskedPaths (1.43s)
=== RUN   TestCreateWithCapabilities
--- PASS: TestCreateWithCapabilities (1.07s)
=== RUN   TestCreateWithCustomReadonlyPaths
--- PASS: TestCreateWithCustomReadonlyPaths (1.56s)
=== RUN   TestCreateWithInvalidHealthcheckParams
=== RUN   TestCreateWithInvalidHealthcheckParams/test_invalid_Interval_in_Healthcheck:_less_than_0s
=== PAUSE TestCreateWithInvalidHealthcheckParams/test_invalid_Interval_in_Healthcheck:_less_than_0s
=== RUN   TestCreateWithInvalidHealthcheckParams/test_invalid_Interval_in_Healthcheck:_larger_than_0s_but_less_than_1ms
=== PAUSE TestCreateWithInvalidHealthcheckParams/test_invalid_Interval_in_Healthcheck:_larger_than_0s_but_less_than_1ms
=== RUN   TestCreateWithInvalidHealthcheckParams/test_invalid_Timeout_in_Healthcheck:_less_than_1ms
=== PAUSE TestCreateWithInvalidHealthcheckParams/test_invalid_Timeout_in_Healthcheck:_less_than_1ms
=== RUN   TestCreateWithInvalidHealthcheckParams/test_invalid_Retries_in_Healthcheck:_less_than_0
=== PAUSE TestCreateWithInvalidHealthcheckParams/test_invalid_Retries_in_Healthcheck:_less_than_0
=== RUN   TestCreateWithInvalidHealthcheckParams/test_invalid_StartPeriod_in_Healthcheck:_not_0_and_less_than_1ms
=== PAUSE TestCreateWithInvalidHealthcheckParams/test_invalid_StartPeriod_in_Healthcheck:_not_0_and_less_than_1ms
=== CONT  TestCreateWithInvalidHealthcheckParams/test_invalid_Interval_in_Healthcheck:_less_than_0s
=== CONT  TestCreateWithInvalidHealthcheckParams/test_invalid_Retries_in_Healthcheck:_less_than_0
=== CONT  TestCreateWithInvalidHealthcheckParams/test_invalid_StartPeriod_in_Healthcheck:_not_0_and_less_than_1ms
=== CONT  TestCreateWithInvalidHealthcheckParams/test_invalid_Timeout_in_Healthcheck:_less_than_1ms
=== CONT  TestCreateWithInvalidHealthcheckParams/test_invalid_Interval_in_Healthcheck:_larger_than_0s_but_less_than_1ms
--- PASS: TestCreateWithInvalidHealthcheckParams (0.02s)
    --- PASS: TestCreateWithInvalidHealthcheckParams/test_invalid_Interval_in_Healthcheck:_less_than_0s (0.00s)
    --- PASS: TestCreateWithInvalidHealthcheckParams/test_invalid_Retries_in_Healthcheck:_less_than_0 (0.00s)
    --- PASS: TestCreateWithInvalidHealthcheckParams/test_invalid_StartPeriod_in_Healthcheck:_not_0_and_less_than_1ms (0.00s)
    --- PASS: TestCreateWithInvalidHealthcheckParams/test_invalid_Timeout_in_Healthcheck:_less_than_1ms (0.00s)
    --- PASS: TestCreateWithInvalidHealthcheckParams/test_invalid_Interval_in_Healthcheck:_larger_than_0s_but_less_than_1ms (0.00s)
=== RUN   TestContainerStartOnDaemonRestart
=== PAUSE TestContainerStartOnDaemonRestart
=== RUN   TestDiff
--- PASS: TestDiff (0.54s)
=== RUN   TestExecWithCloseStdin
--- PASS: TestExecWithCloseStdin (0.63s)
=== RUN   TestExec
--- PASS: TestExec (0.62s)
=== RUN   TestExportContainerAndImportImage
--- PASS: TestExportContainerAndImportImage (0.67s)
=== RUN   TestExportContainerAfterDaemonRestart
--- PASS: TestExportContainerAfterDaemonRestart (1.26s)
    daemon.go:296: [d05ad04251d29] waiting for daemon to start
    daemon.go:328: [d05ad04251d29] daemon started
    daemon.go:283: [d05ad04251d29] exiting daemon
    daemon.go:296: [d05ad04251d29] waiting for daemon to start
    daemon.go:328: [d05ad04251d29] daemon started
    daemon.go:283: [d05ad04251d29] exiting daemon
=== RUN   TestHealthCheckWorkdir
--- PASS: TestHealthCheckWorkdir (0.78s)
=== RUN   TestInspectCpusetInConfigPre120
--- PASS: TestInspectCpusetInConfigPre120 (0.51s)
=== RUN   TestIpcModeNone
--- PASS: TestIpcModeNone (0.59s)
=== RUN   TestIpcModePrivate
--- PASS: TestIpcModePrivate (0.63s)
    ipcmode_test.go:87: [testIpcPrivateShareable] ipcmode: private, ipcdev: 0:56, shared: false, mustBeShared: false
=== RUN   TestIpcModeShareable
--- PASS: TestIpcModeShareable (0.63s)
    ipcmode_test.go:87: [testIpcPrivateShareable] ipcmode: shareable, ipcdev: 0:50, shared: true, mustBeShared: true
=== RUN   TestAPIIpcModeShareableAndContainer
--- PASS: TestAPIIpcModeShareableAndContainer (1.85s)
=== RUN   TestAPIIpcModeHost
--- PASS: TestAPIIpcModeHost (0.53s)
=== RUN   TestDaemonIpcModeShareable
--- PASS: TestDaemonIpcModeShareable (1.36s)
    daemon.go:296: [d3729ef90d498] waiting for daemon to start
    daemon.go:328: [d3729ef90d498] daemon started
    ipcmode_test.go:254: [testDaemonIpcPrivateShareable] ipcdev: 0:58, shared: true, mustBeShared: true
    daemon.go:283: [d3729ef90d498] exiting daemon
=== RUN   TestDaemonIpcModePrivate
--- PASS: TestDaemonIpcModePrivate (1.31s)
    daemon.go:296: [d2364ebe17ea4] waiting for daemon to start
    daemon.go:328: [d2364ebe17ea4] daemon started
    ipcmode_test.go:254: [testDaemonIpcPrivateShareable] ipcdev: 0:64, shared: false, mustBeShared: false
    daemon.go:283: [d2364ebe17ea4] exiting daemon
=== RUN   TestDaemonIpcModePrivateFromConfig
--- PASS: TestDaemonIpcModePrivateFromConfig (1.31s)
    daemon.go:296: [d2a90cb09fc35] waiting for daemon to start
    daemon.go:328: [d2a90cb09fc35] daemon started
    ipcmode_test.go:254: [testDaemonIpcPrivateShareable] ipcdev: 0:64, shared: false, mustBeShared: false
    daemon.go:283: [d2a90cb09fc35] exiting daemon
=== RUN   TestDaemonIpcModeShareableFromConfig
--- PASS: TestDaemonIpcModeShareableFromConfig (1.31s)
    daemon.go:296: [d5c8fdd8178fa] waiting for daemon to start
    daemon.go:328: [d5c8fdd8178fa] daemon started
    ipcmode_test.go:254: [testDaemonIpcPrivateShareable] ipcdev: 0:58, shared: true, mustBeShared: true
    daemon.go:283: [d5c8fdd8178fa] exiting daemon
=== RUN   TestKillContainerInvalidSignal
--- PASS: TestKillContainerInvalidSignal (0.52s)
=== RUN   TestKillContainer
=== RUN   TestKillContainer/no_signal
=== RUN   TestKillContainer/non_killing_signal
=== RUN   TestKillContainer/killing_signal
--- PASS: TestKillContainer (1.60s)
    --- PASS: TestKillContainer/no_signal (0.49s)
    --- PASS: TestKillContainer/non_killing_signal (0.34s)
    --- PASS: TestKillContainer/killing_signal (0.52s)
=== RUN   TestKillWithStopSignalAndRestartPolicies
=== RUN   TestKillWithStopSignalAndRestartPolicies/same-signal-disables-restart-policy
=== RUN   TestKillWithStopSignalAndRestartPolicies/different-signal-keep-restart-policy
--- PASS: TestKillWithStopSignalAndRestartPolicies (1.08s)
    --- PASS: TestKillWithStopSignalAndRestartPolicies/same-signal-disables-restart-policy (0.50s)
    --- PASS: TestKillWithStopSignalAndRestartPolicies/different-signal-keep-restart-policy (0.38s)
=== RUN   TestKillStoppedContainer
--- PASS: TestKillStoppedContainer (0.08s)
=== RUN   TestKillStoppedContainerAPIPre120
--- PASS: TestKillStoppedContainerAPIPre120 (0.06s)
=== RUN   TestKillDifferentUserContainer
--- PASS: TestKillDifferentUserContainer (0.53s)
=== RUN   TestInspectOomKilledTrue
--- SKIP: TestInspectOomKilledTrue (0.00s)
    kill_test.go:153: testEnv.DaemonInfo.OSType == "windows" || !testEnv.DaemonInfo.MemoryLimit || !testEnv.DaemonInfo.SwapLimit
=== RUN   TestInspectOomKilledFalse
--- SKIP: TestInspectOomKilledFalse (0.00s)
    kill_test.go:171: testEnv.DaemonInfo.OSType == "windows" || !testEnv.DaemonInfo.MemoryLimit || !testEnv.DaemonInfo.SwapLimit
=== RUN   TestLinksEtcHostsContentMatch
--- PASS: TestLinksEtcHostsContentMatch (0.48s)
=== RUN   TestLinksContainerNames
--- PASS: TestLinksContainerNames (1.06s)
=== RUN   TestLogsFollowTailEmpty
--- PASS: TestLogsFollowTailEmpty (0.53s)
=== RUN   TestContainerNetworkMountsNoChown
--- PASS: TestContainerNetworkMountsNoChown (0.51s)
=== RUN   TestMountDaemonRoot
=== RUN   TestMountDaemonRoot/default
=== PAUSE TestMountDaemonRoot/default
=== RUN   TestMountDaemonRoot/private
=== PAUSE TestMountDaemonRoot/private
=== RUN   TestMountDaemonRoot/rprivate
=== PAUSE TestMountDaemonRoot/rprivate
=== RUN   TestMountDaemonRoot/slave
=== PAUSE TestMountDaemonRoot/slave
=== RUN   TestMountDaemonRoot/rslave
=== PAUSE TestMountDaemonRoot/rslave
=== RUN   TestMountDaemonRoot/shared
=== PAUSE TestMountDaemonRoot/shared
=== RUN   TestMountDaemonRoot/rshared
=== PAUSE TestMountDaemonRoot/rshared
=== CONT  TestMountDaemonRoot/default
=== RUN   TestMountDaemonRoot/default/bind_root
=== PAUSE TestMountDaemonRoot/default/bind_root
=== RUN   TestMountDaemonRoot/default/bind_subpath
=== PAUSE TestMountDaemonRoot/default/bind_subpath
=== RUN   TestMountDaemonRoot/default/mount_root
=== PAUSE TestMountDaemonRoot/default/mount_root
=== RUN   TestMountDaemonRoot/default/mount_subpath
=== PAUSE TestMountDaemonRoot/default/mount_subpath
=== CONT  TestMountDaemonRoot/default/bind_root
=== CONT  TestMountDaemonRoot/rshared
=== RUN   TestMountDaemonRoot/rshared/bind_root
=== PAUSE TestMountDaemonRoot/rshared/bind_root
=== RUN   TestMountDaemonRoot/rshared/bind_subpath
=== PAUSE TestMountDaemonRoot/rshared/bind_subpath
=== RUN   TestMountDaemonRoot/rshared/mount_root
=== PAUSE TestMountDaemonRoot/rshared/mount_root
=== RUN   TestMountDaemonRoot/rshared/mount_subpath
=== PAUSE TestMountDaemonRoot/rshared/mount_subpath
=== CONT  TestMountDaemonRoot/rshared/bind_root
=== CONT  TestMountDaemonRoot/shared
=== RUN   TestMountDaemonRoot/shared/mount_subpath
=== PAUSE TestMountDaemonRoot/shared/mount_subpath
=== RUN   TestMountDaemonRoot/shared/bind_root
=== PAUSE TestMountDaemonRoot/shared/bind_root
=== RUN   TestMountDaemonRoot/shared/bind_subpath
=== PAUSE TestMountDaemonRoot/shared/bind_subpath
=== RUN   TestMountDaemonRoot/shared/mount_root
=== PAUSE TestMountDaemonRoot/shared/mount_root
=== CONT  TestMountDaemonRoot/rslave
=== RUN   TestMountDaemonRoot/rslave/bind_subpath
=== PAUSE TestMountDaemonRoot/rslave/bind_subpath
=== RUN   TestMountDaemonRoot/rslave/mount_root
=== PAUSE TestMountDaemonRoot/rslave/mount_root
=== RUN   TestMountDaemonRoot/rslave/mount_subpath
=== PAUSE TestMountDaemonRoot/rslave/mount_subpath
=== RUN   TestMountDaemonRoot/rslave/bind_root
=== PAUSE TestMountDaemonRoot/rslave/bind_root
=== CONT  TestMountDaemonRoot/slave
=== RUN   TestMountDaemonRoot/slave/mount_subpath
=== PAUSE TestMountDaemonRoot/slave/mount_subpath
=== RUN   TestMountDaemonRoot/slave/bind_root
=== PAUSE TestMountDaemonRoot/slave/bind_root
=== RUN   TestMountDaemonRoot/slave/bind_subpath
=== PAUSE TestMountDaemonRoot/slave/bind_subpath
=== RUN   TestMountDaemonRoot/slave/mount_root
=== PAUSE TestMountDaemonRoot/slave/mount_root
=== CONT  TestMountDaemonRoot/rprivate
=== RUN   TestMountDaemonRoot/rprivate/bind_root
=== PAUSE TestMountDaemonRoot/rprivate/bind_root
=== RUN   TestMountDaemonRoot/rprivate/bind_subpath
=== PAUSE TestMountDaemonRoot/rprivate/bind_subpath
=== RUN   TestMountDaemonRoot/rprivate/mount_root
=== PAUSE TestMountDaemonRoot/rprivate/mount_root
=== RUN   TestMountDaemonRoot/rprivate/mount_subpath
=== PAUSE TestMountDaemonRoot/rprivate/mount_subpath
=== CONT  TestMountDaemonRoot/private
=== RUN   TestMountDaemonRoot/private/bind_root
=== PAUSE TestMountDaemonRoot/private/bind_root
=== RUN   TestMountDaemonRoot/private/bind_subpath
=== PAUSE TestMountDaemonRoot/private/bind_subpath
=== RUN   TestMountDaemonRoot/private/mount_root
=== PAUSE TestMountDaemonRoot/private/mount_root
=== RUN   TestMountDaemonRoot/private/mount_subpath
=== PAUSE TestMountDaemonRoot/private/mount_subpath
=== CONT  TestMountDaemonRoot/default/mount_subpath
=== CONT  TestMountDaemonRoot/default/mount_root
=== CONT  TestMountDaemonRoot/default/bind_subpath
=== CONT  TestMountDaemonRoot/rshared/mount_subpath
=== CONT  TestMountDaemonRoot/rshared/mount_root
=== CONT  TestMountDaemonRoot/rshared/bind_subpath
=== CONT  TestMountDaemonRoot/shared/mount_subpath
=== CONT  TestMountDaemonRoot/shared/bind_subpath
=== CONT  TestMountDaemonRoot/shared/mount_root
=== CONT  TestMountDaemonRoot/shared/bind_root
=== CONT  TestMountDaemonRoot/rslave/bind_subpath
=== CONT  TestMountDaemonRoot/rslave/mount_subpath
=== CONT  TestMountDaemonRoot/rslave/bind_root
=== CONT  TestMountDaemonRoot/rslave/mount_root
=== CONT  TestMountDaemonRoot/slave/mount_subpath
=== CONT  TestMountDaemonRoot/slave/bind_subpath
=== CONT  TestMountDaemonRoot/slave/mount_root
=== CONT  TestMountDaemonRoot/slave/bind_root
=== CONT  TestMountDaemonRoot/rprivate/bind_root
=== CONT  TestMountDaemonRoot/rprivate/mount_root
=== CONT  TestMountDaemonRoot/rprivate/mount_subpath
=== CONT  TestMountDaemonRoot/rprivate/bind_subpath
=== CONT  TestMountDaemonRoot/private/bind_root
=== CONT  TestMountDaemonRoot/private/mount_root
=== CONT  TestMountDaemonRoot/private/mount_subpath
=== CONT  TestMountDaemonRoot/private/bind_subpath
--- PASS: TestMountDaemonRoot (0.02s)
    --- PASS: TestMountDaemonRoot/default (0.00s)
        --- PASS: TestMountDaemonRoot/default/bind_root (0.12s)
        --- PASS: TestMountDaemonRoot/default/mount_subpath (0.10s)
        --- PASS: TestMountDaemonRoot/default/mount_root (0.09s)
        --- PASS: TestMountDaemonRoot/default/bind_subpath (0.10s)
    --- PASS: TestMountDaemonRoot/rshared (0.00s)
        --- PASS: TestMountDaemonRoot/rshared/bind_root (0.09s)
        --- PASS: TestMountDaemonRoot/rshared/mount_subpath (0.13s)
        --- PASS: TestMountDaemonRoot/rshared/mount_root (0.09s)
        --- PASS: TestMountDaemonRoot/rshared/bind_subpath (0.09s)
    --- PASS: TestMountDaemonRoot/shared (0.00s)
        --- PASS: TestMountDaemonRoot/shared/mount_subpath (0.05s)
        --- PASS: TestMountDaemonRoot/shared/bind_subpath (0.09s)
        --- PASS: TestMountDaemonRoot/shared/mount_root (0.09s)
        --- PASS: TestMountDaemonRoot/shared/bind_root (0.08s)
    --- PASS: TestMountDaemonRoot/rslave (0.00s)
        --- PASS: TestMountDaemonRoot/rslave/bind_subpath (0.12s)
        --- PASS: TestMountDaemonRoot/rslave/mount_subpath (0.10s)
        --- PASS: TestMountDaemonRoot/rslave/bind_root (0.07s)
        --- PASS: TestMountDaemonRoot/rslave/mount_root (0.09s)
    --- PASS: TestMountDaemonRoot/slave (0.00s)
        --- PASS: TestMountDaemonRoot/slave/mount_subpath (0.08s)
        --- PASS: TestMountDaemonRoot/slave/bind_subpath (0.08s)
        --- PASS: TestMountDaemonRoot/slave/mount_root (0.08s)
        --- PASS: TestMountDaemonRoot/slave/bind_root (0.09s)
    --- PASS: TestMountDaemonRoot/rprivate (0.00s)
        --- PASS: TestMountDaemonRoot/rprivate/bind_root (0.08s)
        --- PASS: TestMountDaemonRoot/rprivate/mount_root (0.08s)
        --- PASS: TestMountDaemonRoot/rprivate/mount_subpath (0.08s)
        --- PASS: TestMountDaemonRoot/rprivate/bind_subpath (0.10s)
    --- PASS: TestMountDaemonRoot/private (0.00s)
        --- PASS: TestMountDaemonRoot/private/bind_root (0.07s)
        --- PASS: TestMountDaemonRoot/private/mount_root (0.08s)
        --- PASS: TestMountDaemonRoot/private/mount_subpath (0.08s)
        --- PASS: TestMountDaemonRoot/private/bind_subpath (0.05s)
=== RUN   TestContainerBindMountNonRecursive
--- PASS: TestContainerBindMountNonRecursive (1.27s)
=== RUN   TestNetworkNat
--- PASS: TestNetworkNat (0.56s)
=== RUN   TestNetworkLocalhostTCPNat
--- PASS: TestNetworkLocalhostTCPNat (0.56s)
=== RUN   TestNetworkLoopbackNat
--- PASS: TestNetworkLoopbackNat (0.76s)
=== RUN   TestPause
--- PASS: TestPause (0.58s)
=== RUN   TestPauseFailsOnWindowsServerContainers
--- SKIP: TestPauseFailsOnWindowsServerContainers (0.00s)
    pause_test.go:54: testEnv.DaemonInfo.OSType != "windows" || testEnv.DaemonInfo.Isolation != "process"
=== RUN   TestPauseStopPausedContainer
--- PASS: TestPauseStopPausedContainer (0.54s)
=== RUN   TestPsFilter
--- PASS: TestPsFilter (0.20s)
=== RUN   TestRemoveContainerWithRemovedVolume
--- PASS: TestRemoveContainerWithRemovedVolume (0.53s)
=== RUN   TestRemoveContainerWithVolume
--- PASS: TestRemoveContainerWithVolume (0.54s)
=== RUN   TestRemoveContainerRunning
--- PASS: TestRemoveContainerRunning (0.52s)
=== RUN   TestRemoveContainerForceRemoveRunning
--- PASS: TestRemoveContainerForceRemoveRunning (0.54s)
=== RUN   TestRemoveInvalidContainer
--- PASS: TestRemoveInvalidContainer (0.01s)
=== RUN   TestRenameLinkedContainer
--- PASS: TestRenameLinkedContainer (2.11s)
=== RUN   TestRenameStoppedContainer
--- PASS: TestRenameStoppedContainer (0.52s)
=== RUN   TestRenameRunningContainerAndReuse
--- PASS: TestRenameRunningContainerAndReuse (1.08s)
=== RUN   TestRenameInvalidName
--- PASS: TestRenameInvalidName (0.53s)
=== RUN   TestRenameAnonymousContainer
--- PASS: TestRenameAnonymousContainer (1.76s)
=== RUN   TestRenameContainerWithSameName
--- PASS: TestRenameContainerWithSameName (0.49s)
=== RUN   TestRenameContainerWithLinkedContainer
--- PASS: TestRenameContainerWithLinkedContainer (1.08s)
=== RUN   TestResize
--- PASS: TestResize (0.53s)
=== RUN   TestResizeWithInvalidSize
--- PASS: TestResizeWithInvalidSize (0.55s)
=== RUN   TestResizeWhenContainerNotStarted
--- PASS: TestResizeWhenContainerNotStarted (0.51s)
=== RUN   TestDaemonRestartKillContainers
=== RUN   TestDaemonRestartKillContainers/live-restore=false/container_without_restart_policy/kill-daemon
=== PAUSE TestDaemonRestartKillContainers/live-restore=false/container_without_restart_policy/kill-daemon
=== RUN   TestDaemonRestartKillContainers/live-restore=false/container_without_restart_policy/stop-daemon
=== PAUSE TestDaemonRestartKillContainers/live-restore=false/container_without_restart_policy/stop-daemon
=== RUN   TestDaemonRestartKillContainers/live-restore=true/container_without_restart_policy/stop-daemon
=== PAUSE TestDaemonRestartKillContainers/live-restore=true/container_without_restart_policy/stop-daemon
=== RUN   TestDaemonRestartKillContainers/live-restore=true/container_without_restart_policy/kill-daemon
=== PAUSE TestDaemonRestartKillContainers/live-restore=true/container_without_restart_policy/kill-daemon
=== RUN   TestDaemonRestartKillContainers/live-restore=false/container_with_restart=always/kill-daemon
=== PAUSE TestDaemonRestartKillContainers/live-restore=false/container_with_restart=always/kill-daemon
=== RUN   TestDaemonRestartKillContainers/live-restore=false/container_with_restart=always/stop-daemon
=== PAUSE TestDaemonRestartKillContainers/live-restore=false/container_with_restart=always/stop-daemon
=== RUN   TestDaemonRestartKillContainers/live-restore=true/container_with_restart=always/kill-daemon
=== PAUSE TestDaemonRestartKillContainers/live-restore=true/container_with_restart=always/kill-daemon
=== RUN   TestDaemonRestartKillContainers/live-restore=true/container_with_restart=always/stop-daemon
=== PAUSE TestDaemonRestartKillContainers/live-restore=true/container_with_restart=always/stop-daemon
=== RUN   TestDaemonRestartKillContainers/live-restore=false/container_created_should_not_be_restarted/stop-daemon
=== PAUSE TestDaemonRestartKillContainers/live-restore=false/container_created_should_not_be_restarted/stop-daemon
=== RUN   TestDaemonRestartKillContainers/live-restore=false/container_created_should_not_be_restarted/kill-daemon
=== PAUSE TestDaemonRestartKillContainers/live-restore=false/container_created_should_not_be_restarted/kill-daemon
=== RUN   TestDaemonRestartKillContainers/live-restore=true/container_created_should_not_be_restarted/kill-daemon
=== PAUSE TestDaemonRestartKillContainers/live-restore=true/container_created_should_not_be_restarted/kill-daemon
=== RUN   TestDaemonRestartKillContainers/live-restore=true/container_created_should_not_be_restarted/stop-daemon
=== PAUSE TestDaemonRestartKillContainers/live-restore=true/container_created_should_not_be_restarted/stop-daemon
=== CONT  TestDaemonRestartKillContainers/live-restore=false/container_without_restart_policy/kill-daemon
=== CONT  TestDaemonRestartKillContainers/live-restore=true/container_with_restart=always/kill-daemon
=== CONT  TestDaemonRestartKillContainers/live-restore=false/container_with_restart=always/stop-daemon
=== CONT  TestDaemonRestartKillContainers/live-restore=false/container_with_restart=always/kill-daemon
=== CONT  TestDaemonRestartKillContainers/live-restore=true/container_without_restart_policy/kill-daemon
=== CONT  TestDaemonRestartKillContainers/live-restore=true/container_without_restart_policy/stop-daemon
=== CONT  TestDaemonRestartKillContainers/live-restore=false/container_without_restart_policy/stop-daemon
=== CONT  TestDaemonRestartKillContainers/live-restore=false/container_created_should_not_be_restarted/kill-daemon
=== CONT  TestDaemonRestartKillContainers/live-restore=true/container_created_should_not_be_restarted/stop-daemon
=== CONT  TestDaemonRestartKillContainers/live-restore=true/container_created_should_not_be_restarted/kill-daemon
=== CONT  TestDaemonRestartKillContainers/live-restore=false/container_created_should_not_be_restarted/stop-daemon
=== CONT  TestDaemonRestartKillContainers/live-restore=true/container_with_restart=always/stop-daemon
--- PASS: TestDaemonRestartKillContainers (0.00s)
    --- PASS: TestDaemonRestartKillContainers/live-restore=true/container_with_restart=always/kill-daemon (1.81s)
        daemon.go:296: [db37f2dc29282] waiting for daemon to start
        daemon.go:328: [db37f2dc29282] daemon started
        daemon.go:296: [db37f2dc29282] waiting for daemon to start
        daemon.go:328: [db37f2dc29282] daemon started
        daemon.go:283: [db37f2dc29282] exiting daemon
    --- PASS: TestDaemonRestartKillContainers/live-restore=false/container_without_restart_policy/kill-daemon (2.27s)
        daemon.go:296: [d51af0d5e9a8e] waiting for daemon to start
        daemon.go:328: [d51af0d5e9a8e] daemon started
        daemon.go:296: [d51af0d5e9a8e] waiting for daemon to start
        daemon.go:328: [d51af0d5e9a8e] daemon started
        daemon.go:283: [d51af0d5e9a8e] exiting daemon
    --- PASS: TestDaemonRestartKillContainers/live-restore=false/container_with_restart=always/stop-daemon (2.19s)
        daemon.go:296: [df5a1e82c947c] waiting for daemon to start
        daemon.go:328: [df5a1e82c947c] daemon started
        daemon.go:283: [df5a1e82c947c] exiting daemon
        daemon.go:296: [df5a1e82c947c] waiting for daemon to start
        daemon.go:328: [df5a1e82c947c] daemon started
        daemon.go:283: [df5a1e82c947c] exiting daemon
    --- PASS: TestDaemonRestartKillContainers/live-restore=false/container_with_restart=always/kill-daemon (2.37s)
        daemon.go:296: [d7b9cbe0b14a3] waiting for daemon to start
        daemon.go:328: [d7b9cbe0b14a3] daemon started
        daemon.go:296: [d7b9cbe0b14a3] waiting for daemon to start
        daemon.go:328: [d7b9cbe0b14a3] daemon started
        daemon.go:283: [d7b9cbe0b14a3] exiting daemon
    --- PASS: TestDaemonRestartKillContainers/live-restore=true/container_without_restart_policy/kill-daemon (1.90s)
        daemon.go:296: [d077e224a8c4c] waiting for daemon to start
        daemon.go:328: [d077e224a8c4c] daemon started
        daemon.go:296: [d077e224a8c4c] waiting for daemon to start
        daemon.go:328: [d077e224a8c4c] daemon started
        daemon.go:283: [d077e224a8c4c] exiting daemon
    --- PASS: TestDaemonRestartKillContainers/live-restore=true/container_without_restart_policy/stop-daemon (1.87s)
        daemon.go:296: [dac51dfd2c84c] waiting for daemon to start
        daemon.go:328: [dac51dfd2c84c] daemon started
        daemon.go:283: [dac51dfd2c84c] exiting daemon
        daemon.go:296: [dac51dfd2c84c] waiting for daemon to start
        daemon.go:328: [dac51dfd2c84c] daemon started
        daemon.go:283: [dac51dfd2c84c] exiting daemon
    --- PASS: TestDaemonRestartKillContainers/live-restore=false/container_without_restart_policy/stop-daemon (1.88s)
        daemon.go:296: [d895842e5ae23] waiting for daemon to start
        daemon.go:328: [d895842e5ae23] daemon started
        daemon.go:283: [d895842e5ae23] exiting daemon
        daemon.go:296: [d895842e5ae23] waiting for daemon to start
        daemon.go:328: [d895842e5ae23] daemon started
        daemon.go:283: [d895842e5ae23] exiting daemon
    --- PASS: TestDaemonRestartKillContainers/live-restore=false/container_created_should_not_be_restarted/kill-daemon (1.36s)
        daemon.go:296: [d86ae2fe64eab] waiting for daemon to start
        daemon.go:328: [d86ae2fe64eab] daemon started
        daemon.go:296: [d86ae2fe64eab] waiting for daemon to start
        daemon.go:328: [d86ae2fe64eab] daemon started
        daemon.go:283: [d86ae2fe64eab] exiting daemon
    --- PASS: TestDaemonRestartKillContainers/live-restore=true/container_created_should_not_be_restarted/stop-daemon (1.38s)
        daemon.go:296: [db21b971a787a] waiting for daemon to start
        daemon.go:328: [db21b971a787a] daemon started
        daemon.go:283: [db21b971a787a] exiting daemon
        daemon.go:296: [db21b971a787a] waiting for daemon to start
        daemon.go:328: [db21b971a787a] daemon started
        daemon.go:283: [db21b971a787a] exiting daemon
    --- PASS: TestDaemonRestartKillContainers/live-restore=true/container_created_should_not_be_restarted/kill-daemon (1.38s)
        daemon.go:296: [d31071e7e85ea] waiting for daemon to start
        daemon.go:328: [d31071e7e85ea] daemon started
        daemon.go:296: [d31071e7e85ea] waiting for daemon to start
        daemon.go:328: [d31071e7e85ea] daemon started
        daemon.go:283: [d31071e7e85ea] exiting daemon
    --- PASS: TestDaemonRestartKillContainers/live-restore=false/container_created_should_not_be_restarted/stop-daemon (1.38s)
        daemon.go:296: [d66b8feebb5ef] waiting for daemon to start
        daemon.go:328: [d66b8feebb5ef] daemon started
        daemon.go:283: [d66b8feebb5ef] exiting daemon
        daemon.go:296: [d66b8feebb5ef] waiting for daemon to start
        daemon.go:328: [d66b8feebb5ef] daemon started
        daemon.go:283: [d66b8feebb5ef] exiting daemon
    --- PASS: TestDaemonRestartKillContainers/live-restore=true/container_with_restart=always/stop-daemon (1.84s)
        daemon.go:296: [ddb32a1496a42] waiting for daemon to start
        daemon.go:328: [ddb32a1496a42] daemon started
        daemon.go:283: [ddb32a1496a42] exiting daemon
        daemon.go:296: [ddb32a1496a42] waiting for daemon to start
        daemon.go:328: [ddb32a1496a42] daemon started
        daemon.go:283: [ddb32a1496a42] exiting daemon
=== RUN   TestKernelTCPMemory
--- PASS: TestKernelTCPMemory (0.65s)
=== RUN   TestNISDomainname
--- PASS: TestNISDomainname (0.74s)
=== RUN   TestStats
--- PASS: TestStats (2.05s)
=== RUN   TestStopContainerWithTimeout
=== RUN   TestStopContainerWithTimeout/0
=== PAUSE TestStopContainerWithTimeout/0
=== RUN   TestStopContainerWithTimeout/1
=== PAUSE TestStopContainerWithTimeout/1
=== RUN   TestStopContainerWithTimeout/3
=== PAUSE TestStopContainerWithTimeout/3
=== RUN   TestStopContainerWithTimeout/-1
=== PAUSE TestStopContainerWithTimeout/-1
=== CONT  TestStopContainerWithTimeout/0
=== CONT  TestStopContainerWithTimeout/3
=== CONT  TestStopContainerWithTimeout/1
=== CONT  TestStopContainerWithTimeout/-1
--- PASS: TestStopContainerWithTimeout (0.01s)
    --- PASS: TestStopContainerWithTimeout/0 (0.68s)
    --- PASS: TestStopContainerWithTimeout/1 (1.53s)
    --- PASS: TestStopContainerWithTimeout/3 (2.61s)
    --- PASS: TestStopContainerWithTimeout/-1 (2.51s)
=== RUN   TestDeleteDevicemapper
--- SKIP: TestDeleteDevicemapper (0.00s)
    stop_linux_test.go:74: testEnv.DaemonInfo.Driver != "devicemapper"
=== RUN   TestStopContainerWithRestartPolicyAlways
--- PASS: TestStopContainerWithRestartPolicyAlways (1.67s)
=== RUN   TestUpdateMemory
--- SKIP: TestUpdateMemory (0.00s)
    update_linux_test.go:21: !testEnv.DaemonInfo.SwapLimit
=== RUN   TestUpdateCPUQuota
--- PASS: TestUpdateCPUQuota (1.09s)
=== RUN   TestUpdateRestartPolicy
--- PASS: TestUpdateRestartPolicy (11.35s)
=== RUN   TestUpdateRestartWithAutoRemove
--- PASS: TestUpdateRestartWithAutoRemove (0.56s)
=== RUN   TestWaitNonBlocked
=== RUN   TestWaitNonBlocked/wait-nonblocking-exit-0
=== PAUSE TestWaitNonBlocked/wait-nonblocking-exit-0
=== RUN   TestWaitNonBlocked/wait-nonblocking-exit-random
=== PAUSE TestWaitNonBlocked/wait-nonblocking-exit-random
=== CONT  TestWaitNonBlocked/wait-nonblocking-exit-0
=== CONT  TestWaitNonBlocked/wait-nonblocking-exit-random
--- PASS: TestWaitNonBlocked (0.01s)
    --- PASS: TestWaitNonBlocked/wait-nonblocking-exit-random (0.69s)
    --- PASS: TestWaitNonBlocked/wait-nonblocking-exit-0 (0.72s)
=== RUN   TestWaitBlocked
=== RUN   TestWaitBlocked/test-wait-blocked-exit-zero
=== PAUSE TestWaitBlocked/test-wait-blocked-exit-zero
=== RUN   TestWaitBlocked/test-wait-blocked-exit-random
=== PAUSE TestWaitBlocked/test-wait-blocked-exit-random
=== CONT  TestWaitBlocked/test-wait-blocked-exit-zero
=== CONT  TestWaitBlocked/test-wait-blocked-exit-random
--- PASS: TestWaitBlocked (0.01s)
    --- PASS: TestWaitBlocked/test-wait-blocked-exit-zero (0.84s)
    --- PASS: TestWaitBlocked/test-wait-blocked-exit-random (0.87s)
=== CONT  TestContainerStartOnDaemonRestart
--- PASS: TestContainerStartOnDaemonRestart (2.04s)
    daemon.go:296: [d88e3a26955f8] waiting for daemon to start
    daemon.go:328: [d88e3a26955f8] daemon started
    daemon.go:296: [d88e3a26955f8] waiting for daemon to start
    daemon.go:328: [d88e3a26955f8] daemon started
    daemon.go:283: [d88e3a26955f8] exiting daemon
PASS
Running /go/src/github.com/docker/docker/integration/build
INFO: Testing against a local daemon
=== RUN   TestBuildWithSession
--- PASS: TestBuildWithSession (4.84s)
    daemon.go:296: [dd6d964c4d47a] waiting for daemon to start
    daemon.go:328: [dd6d964c4d47a] daemon started
    daemon.go:283: [dd6d964c4d47a] exiting daemon
=== RUN   TestBuildSquashParent
--- PASS: TestBuildSquashParent (7.77s)
    daemon.go:296: [d86af3a6bf0da] waiting for daemon to start
    daemon.go:328: [d86af3a6bf0da] daemon started
    daemon.go:283: [d86af3a6bf0da] exiting daemon
=== RUN   TestBuildWithRemoveAndForceRemove
=== RUN   TestBuildWithRemoveAndForceRemove/successful_build_with_no_removal
=== PAUSE TestBuildWithRemoveAndForceRemove/successful_build_with_no_removal
=== RUN   TestBuildWithRemoveAndForceRemove/successful_build_with_remove
=== PAUSE TestBuildWithRemoveAndForceRemove/successful_build_with_remove
=== RUN   TestBuildWithRemoveAndForceRemove/successful_build_with_remove_and_force_remove
=== PAUSE TestBuildWithRemoveAndForceRemove/successful_build_with_remove_and_force_remove
=== RUN   TestBuildWithRemoveAndForceRemove/failed_build_with_no_removal
=== PAUSE TestBuildWithRemoveAndForceRemove/failed_build_with_no_removal
=== RUN   TestBuildWithRemoveAndForceRemove/failed_build_with_remove
=== PAUSE TestBuildWithRemoveAndForceRemove/failed_build_with_remove
=== RUN   TestBuildWithRemoveAndForceRemove/failed_build_with_remove_and_force_remove
=== PAUSE TestBuildWithRemoveAndForceRemove/failed_build_with_remove_and_force_remove
=== CONT  TestBuildWithRemoveAndForceRemove/successful_build_with_no_removal
=== CONT  TestBuildWithRemoveAndForceRemove/failed_build_with_remove_and_force_remove
=== CONT  TestBuildWithRemoveAndForceRemove/failed_build_with_remove
=== CONT  TestBuildWithRemoveAndForceRemove/failed_build_with_no_removal
=== CONT  TestBuildWithRemoveAndForceRemove/successful_build_with_remove_and_force_remove
=== CONT  TestBuildWithRemoveAndForceRemove/successful_build_with_remove
--- PASS: TestBuildWithRemoveAndForceRemove (0.04s)
    --- PASS: TestBuildWithRemoveAndForceRemove/successful_build_with_no_removal (1.48s)
    --- PASS: TestBuildWithRemoveAndForceRemove/failed_build_with_remove_and_force_remove (2.39s)
    --- PASS: TestBuildWithRemoveAndForceRemove/failed_build_with_remove (2.09s)
    --- PASS: TestBuildWithRemoveAndForceRemove/failed_build_with_no_removal (2.11s)
    --- PASS: TestBuildWithRemoveAndForceRemove/successful_build_with_remove_and_force_remove (1.86s)
    --- PASS: TestBuildWithRemoveAndForceRemove/successful_build_with_remove (1.83s)
=== RUN   TestBuildMultiStageParentConfig
--- PASS: TestBuildMultiStageParentConfig (34.52s)
    build_test.go:175: [{-1 1546692572 sha256:07df59b2a8da1f47cc9d668572d294251a1950bf66dae195af0c85ec1f6a9805 map[] sha256:c803fde0330e0c5168d4c720e13f9ae196a22f18b468ad7b3ec059c97da3c37a [] [build1:latest] -1 1129289 1129289} {-1 1546692571 sha256:e392a1ad358eba1ee4fe05fdfcde8a4a70394a9dcdf966f5529a94bae0b124fb map[] sha256:c7264fde845b53cd53702f8782951001699022d33b60b47109a584521cb9fe11 [<none>@<none>] [<none>:<none>] -1 1129289 1129289} {-1 1546692567 sha256:06cfba8019e67754c9d36f2adb3fae5488ec499e280b5c7a3889907ee6f9854d map[] sha256:6ad733544a6317992a6fac4eb19fe1df577d4dec7529efec28a5bd0edad0fd30 [<none>@<none>] [<none>:<none>] -1 1129289 1129289} {-1 1546692566 sha256:06562281ac9e673ef0b45cac1e2415c4ec0823138652f03cc7a3507ae58df2e2 map[] sha256:6ad733544a6317992a6fac4eb19fe1df577d4dec7529efec28a5bd0edad0fd30 [<none>@<none>] [<none>:<none>] -1 1129289 1129289} {-1 1546692565 sha256:c83e4140d51acbe2af6c584d1ff90ff21c3d548eb00f6bf0379d30bc39c92517 map[] sha256:6ad733544a6317992a6fac4eb19fe1df577d4dec7529efec28a5bd0edad0fd30 [<none>@<none>] [<none>:<none>] -1 1129289 1129289} {-1 1546692564 sha256:18f8f91427c278578e3895663790a4654c230ecde4d799cbe0aea275610c29e0 map[] sha256:6ad733544a6317992a6fac4eb19fe1df577d4dec7529efec28a5bd0edad0fd30 [<none>@<none>] [<none>:<none>] -1 1129289 1129289} {-1 1546692563 sha256:d826891536e5d4f6c8467858eb663c72014ef13d4d90f876d5cee4c6dc6d795c map[] sha256:6ad733544a6317992a6fac4eb19fe1df577d4dec7529efec28a5bd0edad0fd30 [<none>@<none>] [<none>:<none>] -1 1129289 1129289} {-1 1546692563 sha256:7b243c4c825e91e4df18f8ad2c4626a66573c011700b199e61195cb590dcf828 map[] sha256:6ad733544a6317992a6fac4eb19fe1df577d4dec7529efec28a5bd0edad0fd30 [<none>@<none>] [<none>:<none>] -1 1129289 1129289} {-1 1546692560 sha256:53d5a41d55e4155a6d2ab1016bbcce0616b4b528668be64303c6589a58eeda2d map[]  [] [test:latest] -1 1129301 1129301} {-1 1546692558 sha256:9aa89ae3ea99b9f7dc033776f743ba3fd52678bf942ac83860d1507959f208e2 map[] sha256:af3e367372ce58a32733ff605c3d4ee96419c2ccbde6360504bf0d5cdc2157e9 [<none>@<none>] [<none>:<none>] -1 1129313 1129313} {-1 1546692553 sha256:947f4fc2768b2009809c5568c723e13806be3de64da429a9287bb8725f59910e map[] sha256:853c592f596c84ede0c4c53a6b155f8950465045ce4c50069303a2479401cdd8 [<none>@<none>] [<none>:<none>] -1 1129315 1129315} {-1 1516768215 sha256:2bbf44aed9f866d88c0e7d006d4ffe8d53186a12ffd6dca5e1baa59ba3024b85 map[]  [] [busybox:glibc] -1 4403842 4403842} {-1 1511223798 sha256:f2a91732366c0332ccd7afd2a5c4ff2b9af81f549370f7a19acd460f87686bc7 map[]  [] [hello-world:frozen] -1 1848 1848} {-1 1509809246 sha256:cb92533ca5cc26b3e36c11b6007fb838a8d2ea73a24faf738084c57ce193b944 map[]  [] [buildpack-deps:jessie] -1 614674590 614674590} {-1 1509772896 sha256:25fc9eb3417fa06d0d7fc83706b1ef5855dd1a8767fc29476b49e4edf8230867 map[]  [] [debian:jessie] -1 123385136 123385136} {-1 1509748757 sha256:6ad733544a6317992a6fac4eb19fe1df577d4dec7529efec28a5bd0edad0fd30 map[]  [] [busybox:latest] -1 1129289 1129289} {-1 1371157430 sha256:11f64303f0f7ffdc71f001788132bca5346831939a956e3e975c93267d89a16d map[]  [] [emptyfs:latest] -1 0 0}]
=== RUN   TestBuildLabelWithTargets
--- PASS: TestBuildLabelWithTargets (7.99s)
=== RUN   TestBuildWithEmptyLayers
--- PASS: TestBuildWithEmptyLayers (3.00s)
=== RUN   TestBuildMultiStageOnBuild
--- PASS: TestBuildMultiStageOnBuild (5.04s)
=== RUN   TestBuildUncleanTarFilenames
--- PASS: TestBuildUncleanTarFilenames (0.72s)
=== RUN   TestBuildMultiStageLayerLeak
--- PASS: TestBuildMultiStageLayerLeak (4.28s)
=== RUN   TestBuildWithHugeFile
--- PASS: TestBuildWithHugeFile (145.03s)
PASS
Running /go/src/github.com/docker/docker/integration/volume
INFO: Testing against a local daemon
=== RUN   TestVolumesCreateAndList
--- PASS: TestVolumesCreateAndList (0.03s)
=== RUN   TestVolumesRemove
--- PASS: TestVolumesRemove (0.08s)
=== RUN   TestVolumesInspect
--- PASS: TestVolumesInspect (0.03s)
=== RUN   TestVolumesInvalidJSON
=== RUN   TestVolumesInvalidJSON//volumes/create
=== PAUSE TestVolumesInvalidJSON//volumes/create
=== CONT  TestVolumesInvalidJSON//volumes/create
--- PASS: TestVolumesInvalidJSON (0.02s)
    --- PASS: TestVolumesInvalidJSON//volumes/create (0.00s)
PASS
Running /go/src/github.com/docker/docker/integration/system
INFO: Testing against a local daemon
=== RUN   TestCgroupDriverSystemdMemoryLimit
=== PAUSE TestCgroupDriverSystemdMemoryLimit
=== RUN   TestEventsExecDie
--- PASS: TestEventsExecDie (0.64s)
=== RUN   TestEventsBackwardsCompatible
--- PASS: TestEventsBackwardsCompatible (0.08s)
=== RUN   TestInfoBinaryCommits
--- PASS: TestInfoBinaryCommits (0.02s)
=== RUN   TestInfoAPIVersioned
--- PASS: TestInfoAPIVersioned (0.01s)
=== RUN   TestInfoAPI
--- PASS: TestInfoAPI (0.02s)
=== RUN   TestInfoAPIWarnings
--- PASS: TestInfoAPIWarnings (0.71s)
    daemon.go:296: [d178aa0e32e11] waiting for daemon to start
    daemon.go:328: [d178aa0e32e11] daemon started
    daemon.go:283: [d178aa0e32e11] exiting daemon
=== RUN   TestLoginFailsWithBadCredentials
--- PASS: TestLoginFailsWithBadCredentials (1.31s)
=== RUN   TestVersion
--- PASS: TestVersion (0.02s)
=== CONT  TestCgroupDriverSystemdMemoryLimit
--- SKIP: TestCgroupDriverSystemdMemoryLimit (0.00s)
    cgroupdriver_systemd_test.go:35: systemd not available
PASS
Running /go/src/github.com/docker/docker/integration/image
INFO: Testing against a local daemon
=== RUN   TestCommitInheritsEnv
--- PASS: TestCommitInheritsEnv (1.52s)
=== RUN   TestImportExtremelyLargeImageWorks
--- PASS: TestImportExtremelyLargeImageWorks (124.27s)
=== RUN   TestImagesFilterMultiReference
--- PASS: TestImagesFilterMultiReference (0.05s)
=== RUN   TestRemoveImageOrphaning
--- PASS: TestRemoveImageOrphaning (1.67s)
=== RUN   TestTagUnprefixedRepoByNameOrName
--- PASS: TestTagUnprefixedRepoByNameOrName (0.03s)
=== RUN   TestTagInvalidReference
--- PASS: TestTagInvalidReference (0.02s)
=== RUN   TestTagValidPrefixedRepo
--- PASS: TestTagValidPrefixedRepo (0.05s)
=== RUN   TestTagExistedNameWithoutForce
--- PASS: TestTagExistedNameWithoutForce (0.03s)
=== RUN   TestTagOfficialNames
--- PASS: TestTagOfficialNames (0.06s)
=== RUN   TestTagMatchesDigest
--- PASS: TestTagMatchesDigest (0.02s)
PASS
Running /go/src/github.com/docker/docker/integration-cli
INFO: Testing against a local daemon
PASS: docker_api_test.go:36: DockerSuite.TestAPIClientVersionOldNotSupported	0.004s
PASS: docker_api_network_test.go:239: DockerSuite.TestAPICreateDeletePredefinedNetworks	0.010s
PASS: docker_api_test.go:60: DockerSuite.TestAPIErrorJSON	0.002s
PASS: docker_api_test.go:91: DockerSuite.TestAPIErrorNotFoundJSON	0.001s
PASS: docker_api_test.go:102: DockerSuite.TestAPIErrorNotFoundPlainText	0.001s
PASS: docker_api_test.go:74: DockerSuite.TestAPIErrorPlainText	0.002s
PASS: docker_api_test.go:24: DockerSuite.TestAPIGetEnabledCORS	0.001s
PASS: docker_api_images_test.go:90: DockerSuite.TestAPIImagesDelete	1.356s
PASS: docker_api_images_test.go:22: DockerSuite.TestAPIImagesFilter	0.066s
PASS: docker_api_images_test.go:114: DockerSuite.TestAPIImagesHistory	0.887s
PASS: docker_api_images_test.go:140: DockerSuite.TestAPIImagesImportBadSrc	0.322s
PASS: docker_api_images_test.go:60: DockerSuite.TestAPIImagesSaveAndLoad	0.777s
PASS: docker_api_images_test.go:175: DockerSuite.TestAPIImagesSearchJSONContentType	0.753s
PASS: docker_api_images_test.go:187: DockerSuite.TestAPIImagesSizeCompatibility	0.008s
PASS: docker_api_network_test.go:129: DockerSuite.TestAPINetworkConnectDisconnect	0.605s
PASS: docker_api_network_test.go:29: DockerSuite.TestAPINetworkCreateCheckDuplicate	0.079s
PASS: docker_api_network_test.go:67: DockerSuite.TestAPINetworkFilter	0.002s
PASS: docker_api_network_test.go:20: DockerSuite.TestAPINetworkGetDefaults	0.003s
PASS: docker_api_network_test.go:170: DockerSuite.TestAPINetworkIPAMMultipleBridgeNetworks	0.546s
PASS: docker_api_network_test.go:73: DockerSuite.TestAPINetworkInspectBridge	0.344s
PASS: docker_api_network_test.go:98: DockerSuite.TestAPINetworkInspectUserDefinedNetwork	0.112s
PASS: docker_api_test.go:18: DockerSuite.TestAPIOptionsRoute	0.001s
PASS: docker_api_stats_test.go:263: DockerSuite.TestAPIStatsContainerNotFound	0.001s
PASS: docker_api_stats_test.go:99: DockerSuite.TestAPIStatsNetworkStats	4.039s
PASS: docker_api_stats_test.go:166: DockerSuite.TestAPIStatsNetworkStatsVersioning	1.796s
PASS: docker_api_stats_test.go:277: DockerSuite.TestAPIStatsNoStreamConnectedContainers	1.792s
PASS: docker_api_stats_test.go:25: DockerSuite.TestAPIStatsNoStreamGetCpu	1.684s
PASS: docker_api_stats_test.go:64: DockerSuite.TestAPIStatsStoppedContainerInGoroutines	0.357s
PASS: docker_cli_run_test.go:3181: DockerSuite.TestAppArmorDeniesChmodProc	0.508s
PASS: docker_cli_run_test.go:3159: DockerSuite.TestAppArmorDeniesPtrace	0.533s
PASS: docker_cli_run_test.go:3171: DockerSuite.TestAppArmorTraceSelf	0.502s
PASS: docker_cli_attach_unix_test.go:61: DockerSuite.TestAttachAfterDetach	1.491s
PASS: docker_cli_attach_unix_test.go:18: DockerSuite.TestAttachClosedOnContainerStop	1.498s
PASS: docker_cli_attach_unix_test.go:126: DockerSuite.TestAttachDetach	0.490s
PASS: docker_cli_attach_test.go:135: DockerSuite.TestAttachDisconnect	0.370s
PASS: docker_cli_attach_test.go:20: DockerSuite.TestAttachMultipleAndRestart	1.554s
PASS: docker_cli_attach_test.go:168: DockerSuite.TestAttachPausedContainer	0.388s
PASS: docker_cli_attach_test.go:90: DockerSuite.TestAttachTTYWithoutStdin	0.358s
PASS: docker_api_build_test.go:160: DockerSuite.TestBuildAPIBuildGitWithF	1.102s
PASS: docker_api_build_test.go:26: DockerSuite.TestBuildAPIDockerFileRemote	1.980s
PASS: docker_api_build_test.go:181: DockerSuite.TestBuildAPIDoubleDockerfile	0.992s
PASS: docker_api_build_test.go:142: DockerSuite.TestBuildAPILowerDockerfile	0.990s
PASS: docker_api_build_test.go:57: DockerSuite.TestBuildAPIRemoteTarballContext	0.003s
PASS: docker_api_build_test.go:88: DockerSuite.TestBuildAPIRemoteTarballContextWithCustomDockerfile	0.977s
PASS: docker_api_build_test.go:203: DockerSuite.TestBuildAPIUnnormalizedTarPaths	1.985s
PASS: docker_cli_build_test.go:573: DockerSuite.TestBuildAddAndCopyFileWithWhitespace	28.056s
PASS: docker_cli_build_test.go:926: DockerSuite.TestBuildAddBadLinks	0.919s
PASS: docker_cli_build_test.go:1006: DockerSuite.TestBuildAddBadLinksVolume	2.990s
PASS: docker_cli_build_test.go:2885: DockerSuite.TestBuildAddBrokenTar	0.165s
PASS: docker_api_build_test.go:479: DockerSuite.TestBuildAddCacheOnFileChange	1.802s
PASS: docker_cli_build_unix_test.go:87: DockerSuite.TestBuildAddChangeOwnership	2.980s
PASS: docker_cli_build_test.go:1863: DockerSuite.TestBuildAddCurrentDirWithCache	2.689s
PASS: docker_cli_build_test.go:1910: DockerSuite.TestBuildAddCurrentDirWithoutCache	1.430s
PASS: docker_cli_build_test.go:751: DockerSuite.TestBuildAddDirContentToExistingDir	8.822s
PASS: docker_cli_build_test.go:737: DockerSuite.TestBuildAddDirContentToRoot	4.987s
PASS: docker_cli_build_test.go:2189: DockerSuite.TestBuildAddFileNotFound	0.076s
PASS: docker_cli_build_test.go:1997: DockerSuite.TestBuildAddLocalAndRemoteFilesWithAndWithoutCache	3.901s
PASS: docker_cli_build_test.go:1807: DockerSuite.TestBuildAddMultipleLocalFileWithAndWithoutCache	6.981s
PASS: docker_cli_build_test.go:2936: DockerSuite.TestBuildAddNonTar	1.954s
PASS: docker_cli_build_test.go:785: DockerSuite.TestBuildAddOrCopyEtcToRootShouldNotConflict	0.441s
PASS: docker_cli_build_test.go:797: DockerSuite.TestBuildAddPreservesFilesSpecialBits	4.500s
PASS: docker_cli_build_test.go:1954: DockerSuite.TestBuildAddRemoteFileMTime	3.332s
PASS: docker_cli_build_test.go:1929: DockerSuite.TestBuildAddRemoteFileWithAndWithoutCache	0.768s
PASS: docker_api_build_test.go:364: DockerSuite.TestBuildAddRemoteNoDecompress	1.826s
PASS: docker_cli_build_test.go:2815: DockerSuite.TestBuildAddScript	3.988s
PASS: docker_cli_build_test.go:505: DockerSuite.TestBuildAddSingleFileToExistDir	8.968s
PASS: docker_cli_build_test.go:722: DockerSuite.TestBuildAddSingleFileToNonExistingDir	5.981s
PASS: docker_cli_build_test.go:466: DockerSuite.TestBuildAddSingleFileToRoot	3.978s
PASS: docker_cli_build_test.go:482: DockerSuite.TestBuildAddSingleFileToWorkdir	0.973s
PASS: docker_cli_build_test.go:2831: DockerSuite.TestBuildAddTar	12.972s
PASS: docker_cli_build_test.go:2949: DockerSuite.TestBuildAddTarXz	1.972s
PASS: docker_cli_build_test.go:2998: DockerSuite.TestBuildAddTarXzGz	1.968s
PASS: docker_cli_build_test.go:2245: DockerSuite.TestBuildAddToSymlinkDest	4.968s
PASS: docker_cli_build_test.go:767: DockerSuite.TestBuildAddWholeDirToRoot	7.978s
PASS: docker_cli_build_test.go:1440: DockerSuite.TestBuildBlankName	0.218s
PASS: docker_cli_build_test.go:4089: DockerSuite.TestBuildBuildTimeArg	3.242s
PASS: docker_cli_build_test.go:4461: DockerSuite.TestBuildBuildTimeArgBuiltinArg	2.963s
PASS: docker_cli_build_test.go:4183: DockerSuite.TestBuildBuildTimeArgCacheHit	1.559s
PASS: docker_cli_build_test.go:4207: DockerSuite.TestBuildBuildTimeArgCacheMissExtraArg	2.881s
PASS: docker_cli_build_test.go:4238: DockerSuite.TestBuildBuildTimeArgCacheMissSameArgDiffVal	1.979s
PASS: docker_cli_build_test.go:4484: DockerSuite.TestBuildBuildTimeArgDefaultOverride	4.463s
PASS: docker_cli_build_test.go:4623: DockerSuite.TestBuildBuildTimeArgDefinitionWithNoEnvInjection	1.456s
PASS: docker_cli_build_test.go:4607: DockerSuite.TestBuildBuildTimeArgEmptyValVariants	5.966s
PASS: docker_cli_build_test.go:4526: DockerSuite.TestBuildBuildTimeArgEnv	17.981s
PASS: docker_cli_build_test.go:4319: DockerSuite.TestBuildBuildTimeArgExpansion	14.049s
PASS: docker_cli_build_test.go:4409: DockerSuite.TestBuildBuildTimeArgExpansionOverride	5.401s
PASS: docker_cli_build_test.go:4122: DockerSuite.TestBuildBuildTimeArgHistory	0.490s
PASS: docker_cli_build_test.go:4263: DockerSuite.TestBuildBuildTimeArgOverrideArgDefinedBeforeEnv	2.481s
PASS: docker_cli_build_test.go:4292: DockerSuite.TestBuildBuildTimeArgOverrideEnvDefinedBeforeArg	3.949s
PASS: docker_cli_build_test.go:4586: DockerSuite.TestBuildBuildTimeArgQuotedValVariants	8.449s
PASS: docker_cli_build_test.go:4510: DockerSuite.TestBuildBuildTimeArgUnconsumedArg	1.979s
PASS: docker_cli_build_test.go:4437: DockerSuite.TestBuildBuildTimeArgUntrustedDefinedAfterUse	2.466s
PASS: docker_cli_build_test.go:371: DockerSuite.TestBuildCacheAdd	0.449s
PASS: docker_cli_build_test.go:4760: DockerSuite.TestBuildCacheBrokenSymlink	1.998s
PASS: docker_cli_build_test.go:5411: DockerSuite.TestBuildCacheFrom	8.009s
PASS: docker_cli_build_test.go:5389: DockerSuite.TestBuildCacheFromEqualDiffIDsLength	2.032s
PASS: docker_cli_build_test.go:4872: DockerSuite.TestBuildCacheRootSource	1.853s
PASS: docker_cli_build_unix_test.go:133: DockerSuite.TestBuildCancellationKillsSleep	0.482s
PASS: docker_api_build_test.go:408: DockerSuite.TestBuildChownOnCopy	7.373s
PASS: docker_cli_build_test.go:3574: DockerSuite.TestBuildChownSingleFile	2.998s
PASS: docker_cli_build_test.go:3137: DockerSuite.TestBuildCleanupCmdOnEntrypoint	2.996s
PASS: docker_cli_build_test.go:3156: DockerSuite.TestBuildClearCmd	1.965s
PASS: docker_cli_build_test.go:1577: DockerSuite.TestBuildCmd	0.983s
PASS: docker_cli_build_test.go:3240: DockerSuite.TestBuildCmdJSONNoShDashC	0.980s
PASS: docker_cli_build_test.go:3199: DockerSuite.TestBuildCmdShDashC	0.983s
SKIP: docker_cli_build_test.go:5339: DockerSuite.TestBuildCmdShellArgsEscaped (unmatched requirement DaemonIsWindows)
PASS: docker_cli_build_test.go:3214: DockerSuite.TestBuildCmdSpaces	3.974s
PASS: docker_cli_build_test.go:2645: DockerSuite.TestBuildCommentsShebangs	5.972s
PASS: docker_cli_build_test.go:1773: DockerSuite.TestBuildConditionalCache	2.076s
PASS: docker_cli_build_test.go:5600: DockerSuite.TestBuildContChar	2.866s
PASS: docker_cli_build_test.go:3973: DockerSuite.TestBuildContainerWithCgroupParent	0.988s
PASS: docker_cli_build_test.go:1512: DockerSuite.TestBuildContextCleanup	0.957s
PASS: docker_cli_build_test.go:1534: DockerSuite.TestBuildContextCleanupFailedBuild	0.480s
PASS: docker_cli_build_test.go:2045: DockerSuite.TestBuildContextTarGzip	1.491s
PASS: docker_cli_build_test.go:2049: DockerSuite.TestBuildContextTarNoCompression	0.990s
PASS: docker_cli_build_test.go:521: DockerSuite.TestBuildCopyAddMultipleFiles	13.989s
PASS: docker_api_build_test.go:438: DockerSuite.TestBuildCopyCacheOnFileChange	1.968s
PASS: docker_cli_build_test.go:1839: DockerSuite.TestBuildCopyDirButNotFile	0.342s
PASS: docker_cli_build_test.go:893: DockerSuite.TestBuildCopyDirContentToExistDir	3.631s
PASS: docker_cli_build_test.go:879: DockerSuite.TestBuildCopyDirContentToRoot	4.984s
PASS: docker_cli_build_test.go:6024: DockerSuite.TestBuildCopyFileDotWithWorkdir	2.985s
SKIP: docker_cli_build_test.go:606: DockerSuite.TestBuildCopyFileWithWhitespaceOnWindows (unmatched requirement DaemonIsWindows)
SKIP: docker_cli_build_test.go:5897: DockerSuite.TestBuildCopyFromForbidWindowsRelativePaths (unmatched requirement DaemonIsWindows)
SKIP: docker_cli_build_test.go:5880: DockerSuite.TestBuildCopyFromForbidWindowsSystemPaths (unmatched requirement DaemonIsWindows)
SKIP: docker_cli_build_test.go:5915: DockerSuite.TestBuildCopyFromWindowsIsCaseInsensitive (unmatched requirement DaemonIsWindows)
PASS: docker_cli_build_test.go:848: DockerSuite.TestBuildCopySingleFileToExistDir	4.891s
PASS: docker_cli_build_test.go:864: DockerSuite.TestBuildCopySingleFileToNonExistDir	5.978s
PASS: docker_cli_build_test.go:810: DockerSuite.TestBuildCopySingleFileToRoot	3.975s
PASS: docker_cli_build_test.go:826: DockerSuite.TestBuildCopySingleFileToWorkdir	0.978s
PASS: docker_cli_build_test.go:909: DockerSuite.TestBuildCopyWholeDirToRoot	6.981s
PASS: docker_cli_build_test.go:636: DockerSuite.TestBuildCopyWildcard	8.081s
PASS: docker_cli_build_test.go:696: DockerSuite.TestBuildCopyWildcardCache	0.966s
PASS: docker_cli_build_test.go:676: DockerSuite.TestBuildCopyWildcardInName	1.867s
PASS: docker_cli_build_test.go:5140: DockerSuite.TestBuildDeleteCommittedFile	3.969s
PASS: docker_cli_build_test.go:2068: DockerSuite.TestBuildDockerfileStdin	1.993s
PASS: docker_cli_build_test.go:2088: DockerSuite.TestBuildDockerfileStdinConflict	0.013s
PASS: docker_cli_build_test.go:2102: DockerSuite.TestBuildDockerfileStdinDockerignore	1.404s
PASS: docker_cli_build_test.go:2106: DockerSuite.TestBuildDockerfileStdinDockerignoreIgnored	0.999s
PASS: docker_cli_build_test.go:2098: DockerSuite.TestBuildDockerfileStdinNoExtraFiles	1.014s
PASS: docker_cli_build_test.go:2296: DockerSuite.TestBuildDockerignore	11.418s
PASS: docker_cli_build_test.go:2334: DockerSuite.TestBuildDockerignoreCleanPaths	1.985s
PASS: docker_cli_build_test.go:5150: DockerSuite.TestBuildDockerignoreComment	3.986s
PASS: docker_cli_build_test.go:2348: DockerSuite.TestBuildDockerignoreExceptions	12.971s
PASS: docker_cli_build_test.go:2445: DockerSuite.TestBuildDockerignoreTouchDockerfile	1.264s
PASS: docker_cli_build_test.go:2521: DockerSuite.TestBuildDockerignoringBadExclusion	0.012s
PASS: docker_cli_build_test.go:2393: DockerSuite.TestBuildDockerignoringDockerfile	5.658s
PASS: docker_cli_build_test.go:2432: DockerSuite.TestBuildDockerignoringDockerignore	2.983s
PASS: docker_cli_build_test.go:2504: DockerSuite.TestBuildDockerignoringOnlyDotfiles	2.980s
PASS: docker_cli_build_test.go:2411: DockerSuite.TestBuildDockerignoringRenamedDockerfile	7.973s
PASS: docker_cli_build_test.go:2487: DockerSuite.TestBuildDockerignoringWholeDir	2.980s
PASS: docker_cli_build_test.go:2560: DockerSuite.TestBuildDockerignoringWildDirs	2.974s
PASS: docker_cli_build_test.go:2538: DockerSuite.TestBuildDockerignoringWildTopDir	18.989s
PASS: docker_cli_build_test.go:3944: DockerSuite.TestBuildDotDotFile	0.090s
PASS: docker_cli_build_test.go:2634: DockerSuite.TestBuildEOLInLine	4.839s
PASS: docker_cli_build_test.go:3168: DockerSuite.TestBuildEmptyCmd	0.983s
PASS: docker_cli_build_test.go:1704: DockerSuite.TestBuildEmptyEntrypoint	0.996s
PASS: docker_cli_build_test.go:1681: DockerSuite.TestBuildEmptyEntrypointInheritance	1.975s
PASS: docker_cli_build_test.go:3936: DockerSuite.TestBuildEmptyScratch	0.074s
PASS: docker_cli_build_test.go:3961: DockerSuite.TestBuildEmptyStringVolume	0.878s
PASS: docker_cli_build_test.go:1718: DockerSuite.TestBuildEntrypoint	1.002s
PASS: docker_cli_build_test.go:3251: DockerSuite.TestBuildEntrypointCanBeOverriddenByChild	2.507s
PASS: docker_cli_build_test.go:3271: DockerSuite.TestBuildEntrypointCanBeOverriddenByChildInspect	1.930s
PASS: docker_cli_build_test.go:2170: DockerSuite.TestBuildEntrypointRunCleanup	3.472s
PASS: docker_cli_build_test.go:1469: DockerSuite.TestBuildEnv	2.988s
PASS: docker_cli_build_test.go:302: DockerSuite.TestBuildEnvEscapes	2.467s
PASS: docker_cli_build_test.go:319: DockerSuite.TestBuildEnvOverwrite	0.972s
PASS: docker_cli_build_test.go:2715: DockerSuite.TestBuildEnvUsage	16.472s
PASS: docker_cli_build_test.go:2746: DockerSuite.TestBuildEnvUsage2	46.987s
PASS: docker_cli_build_test.go:147: DockerSuite.TestBuildEnvironmentReplacementAddCopy	7.960s
PASS: docker_cli_build_test.go:171: DockerSuite.TestBuildEnvironmentReplacementEnv	18.994s
PASS: docker_cli_build_test.go:102: DockerSuite.TestBuildEnvironmentReplacementExpose	3.958s
PASS: docker_cli_build_test.go:60: DockerSuite.TestBuildEnvironmentReplacementUser	1.948s
PASS: docker_cli_build_test.go:77: DockerSuite.TestBuildEnvironmentReplacementVolume	1.958s
PASS: docker_cli_build_test.go:127: DockerSuite.TestBuildEnvironmentReplacementWorkdir	2.972s
SKIP: docker_cli_build_test.go:5317: DockerSuite.TestBuildEscapeNotBackslashWordTest (unmatched requirement DaemonIsWindows)
PASS: docker_cli_build_test.go:2263: DockerSuite.TestBuildEscapeWhitespace	0.931s
PASS: docker_cli_build_test.go:3302: DockerSuite.TestBuildExoticShellInterpolation	12.946s
PASS: docker_cli_build_test.go:1590: DockerSuite.TestBuildExpose	0.978s
PASS: docker_cli_build_test.go:1604: DockerSuite.TestBuildExposeMorePorts	1.043s
PASS: docker_cli_build_test.go:1653: DockerSuite.TestBuildExposeOrder	0.956s
PASS: docker_cli_build_test.go:1669: DockerSuite.TestBuildExposeUpperCaseProto	0.866s
PASS: docker_cli_build_test.go:2227: DockerSuite.TestBuildFails	0.581s
PASS: docker_cli_build_test.go:4897: DockerSuite.TestBuildFailsGitNotCallable	0.027s
PASS: docker_cli_build_test.go:4817: DockerSuite.TestBuildFollowSymlinkToDir	1.822s
PASS: docker_cli_build_test.go:4787: DockerSuite.TestBuildFollowSymlinkToFile	1.970s
PASS: docker_cli_build_test.go:1170: DockerSuite.TestBuildForceRm	1.959s
PASS: docker_cli_build_test.go:3051: DockerSuite.TestBuildFromGit	2.465s
PASS: docker_cli_build_test.go:3070: DockerSuite.TestBuildFromGitWithContext	0.977s
PASS: docker_cli_build_test.go:3089: DockerSuite.TestBuildFromGitWithF	0.970s
PASS: docker_cli_build_test.go:3701: DockerSuite.TestBuildFromMixedcaseDockerfile	1.977s
PASS: docker_cli_build_test.go:3777: DockerSuite.TestBuildFromOfficialNames	0.575s
PASS: docker_cli_build_test.go:3102: DockerSuite.TestBuildFromRemoteTarball	0.400s
PASS: docker_cli_build_test.go:3752: DockerSuite.TestBuildFromStdinWithF	2.969s
PASS: docker_cli_build_test.go:3725: DockerSuite.TestBuildFromURLWithF	2.982s
PASS: docker_cli_build_test.go:234: DockerSuite.TestBuildHandleEscapesInVolume	5.990s
PASS: docker_cli_history_test.go:16: DockerSuite.TestBuildHistory	25.979s
PASS: docker_cli_build_test.go:6157: DockerSuite.TestBuildIidFile	1.964s
PASS: docker_cli_build_test.go:6182: DockerSuite.TestBuildIidFileCleanupOnFail	0.479s
PASS: docker_cli_build_test.go:2206: DockerSuite.TestBuildInheritance	1.466s
PASS: docker_cli_build_test.go:5954: DockerSuite.TestBuildIntermediateTarget	0.259s
PASS: docker_cli_build_test.go:3191: DockerSuite.TestBuildInvalidTag	0.013s
PASS: docker_cli_build_test.go:34: DockerSuite.TestBuildJSONEmptyRun	0.711s
PASS: docker_cli_build_test.go:4923: DockerSuite.TestBuildLabel	1.926s
PASS: docker_cli_build_test.go:4954: DockerSuite.TestBuildLabelCacheCommit	0.980s
PASS: docker_cli_build_test.go:4975: DockerSuite.TestBuildLabelMultiple	1.982s
PASS: docker_cli_build_test.go:4940: DockerSuite.TestBuildLabelOneNode	0.995s
PASS: docker_cli_build_test.go:3373: DockerSuite.TestBuildLabels	1.975s
PASS: docker_cli_build_test.go:3385: DockerSuite.TestBuildLabelsCache	2.061s
PASS: docker_cli_build_test.go:5061: DockerSuite.TestBuildLabelsOverride	11.893s
PASS: docker_cli_build_test.go:391: DockerSuite.TestBuildLastModified	5.422s
PASS: docker_cli_build_test.go:2623: DockerSuite.TestBuildLineBreak	4.440s
PASS: docker_cli_build_test.go:6086: DockerSuite.TestBuildLineErrorOnBuild	0.079s
PASS: docker_cli_build_test.go:6097: DockerSuite.TestBuildLineErrorUnknownInstruction	0.074s
PASS: docker_cli_build_test.go:6128: DockerSuite.TestBuildLineErrorWithComments	0.079s
PASS: docker_cli_build_test.go:6111: DockerSuite.TestBuildLineErrorWithEmptyLines	0.075s
PASS: docker_cli_build_test.go:1267: DockerSuite.TestBuildMaintainer	0.608s
PASS: docker_cli_build_test.go:3891: DockerSuite.TestBuildMissingArgs	1.114s
PASS: docker_cli_build_test.go:444: DockerSuite.TestBuildModifyFileInFolder	2.855s
PASS: docker_cli_build_test.go:5934: DockerSuite.TestBuildMulitStageResetScratch	1.968s
PASS: docker_cli_build_test.go:4637: DockerSuite.TestBuildMultiStageArg	6.040s
PASS: docker_cli_build_test.go:5505: DockerSuite.TestBuildMultiStageCache	0.998s
PASS: docker_cli_build_test.go:5684: DockerSuite.TestBuildMultiStageCopyFromErrors	2.277s
PASS: docker_cli_build_test.go:5626: DockerSuite.TestBuildMultiStageCopyFromSyntax	15.628s
PASS: docker_cli_build_test.go:4661: DockerSuite.TestBuildMultiStageGlobalArg	4.843s
PASS: docker_cli_build_test.go:5764: DockerSuite.TestBuildMultiStageImplicitFrom	1.918s
PASS: docker_cli_build_test.go:5731: DockerSuite.TestBuildMultiStageMultipleBuilds	4.014s
SKIP: docker_cli_build_test.go:5846: DockerSuite.TestBuildMultiStageMultipleBuildsWindows (unmatched requirement DaemonIsWindows)
PASS: docker_cli_build_test.go:5821: DockerSuite.TestBuildMultiStageNameVariants	6.389s
PASS: docker_cli_build_test.go:4686: DockerSuite.TestBuildMultiStageUnusedArg	2.926s
PASS: docker_cli_build_test.go:4747: DockerSuite.TestBuildMultipleTags	0.485s
PASS: docker_cli_build_test.go:5541: DockerSuite.TestBuildNetContainer	1.427s
PASS: docker_cli_build_test.go:5529: DockerSuite.TestBuildNetNone	0.511s
PASS: docker_cli_build_test.go:2053: DockerSuite.TestBuildNoContext	1.272s
PASS: docker_cli_build_test.go:4001: DockerSuite.TestBuildNoDupOutput	1.461s
PASS: docker_cli_build_test.go:4706: DockerSuite.TestBuildNoNamedVolume	1.476s
PASS: docker_cli_build_test.go:3498: DockerSuite.TestBuildNotVerboseFailure	0.310s
PASS: docker_cli_build_test.go:3526: DockerSuite.TestBuildNotVerboseFailureRemote	0.109s
PASS: docker_cli_build_test.go:3477: DockerSuite.TestBuildNotVerboseFailureWithNonExistImage	2.490s
PASS: docker_cli_build_test.go:3426: DockerSuite.TestBuildNotVerboseSuccess	0.279s
PASS: docker_cli_build_test.go:4051: DockerSuite.TestBuildNullStringInAddCopyVolume	2.231s
PASS: docker_cli_build_test.go:2236: DockerSuite.TestBuildOnBuild	2.986s
PASS: docker_api_build_test.go:285: DockerSuite.TestBuildOnBuildCache	2.971s
PASS: docker_cli_build_test.go:337: DockerSuite.TestBuildOnBuildCmdEntrypointJSON	6.504s
PASS: docker_cli_build_test.go:354: DockerSuite.TestBuildOnBuildEntrypointJSON	2.933s
PASS: docker_cli_build_test.go:1733: DockerSuite.TestBuildOnBuildLimitedInheritance	3.556s
PASS: docker_cli_build_test.go:278: DockerSuite.TestBuildOnBuildLowercase	1.902s
PASS: docker_cli_build_test.go:3181: DockerSuite.TestBuildOnBuildOutput	2.990s
PASS: docker_api_build_test.go:260: DockerSuite.TestBuildOnBuildWithCopy	1.108s
PASS: docker_cli_build_test.go:5992: DockerSuite.TestBuildOpaqueDirectory	3.859s
PASS: docker_cli_build_test.go:1483: DockerSuite.TestBuildPATH	8.000s
PASS: docker_cli_build_test.go:4029: DockerSuite.TestBuildRUNErrMsg	0.570s
PASS: docker_cli_build_test.go:3951: DockerSuite.TestBuildRUNoneJSON	1.356s
PASS: docker_cli_build_test.go:1401: DockerSuite.TestBuildRelativeCopy	19.992s
PASS: docker_cli_build_test.go:1294: DockerSuite.TestBuildRelativeWorkdir	7.003s
PASS: docker_cli_build_unix_test.go:27: DockerSuite.TestBuildResourceConstraintsAreUsed	2.469s
PASS: docker_cli_build_test.go:1189: DockerSuite.TestBuildRm	3.454s
PASS: docker_cli_build_test.go:3295: DockerSuite.TestBuildRunShEntrypoint	1.438s
PASS: docker_cli_build_test.go:1751: DockerSuite.TestBuildSameDockerfileWithAndWithoutCache	5.481s
PASS: docker_api_build_test.go:520: DockerSuite.TestBuildScratchCopy	0.957s
PASS: docker_cli_build_test.go:6142: DockerSuite.TestBuildSetCommandWithDefinedShell	1.995s
PASS: docker_cli_build_test.go:41: DockerSuite.TestBuildShCmdJSONEntrypoint	2.485s
PASS: docker_cli_build_test.go:5264: DockerSuite.TestBuildShellEntrypoint	1.955s
PASS: docker_cli_build_test.go:5279: DockerSuite.TestBuildShellInherited	1.463s
PASS: docker_cli_build_test.go:5228: DockerSuite.TestBuildShellMultiple	6.510s
PASS: docker_cli_build_test.go:5292: DockerSuite.TestBuildShellNotJSON	0.082s
PASS: docker_cli_build_test.go:5211: DockerSuite.TestBuildShellUpdatesConfig	0.357s
SKIP: docker_cli_build_test.go:5305: DockerSuite.TestBuildShellWindowsPowershell (unmatched requirement DaemonIsWindows)
PASS: docker_cli_build_test.go:3795: DockerSuite.TestBuildSpaces	0.319s
PASS: docker_cli_build_test.go:3858: DockerSuite.TestBuildSpacesWithQuotes	0.710s
PASS: docker_cli_build_test.go:4018: DockerSuite.TestBuildStartsFromOne	0.078s
PASS: docker_cli_build_test.go:3556: DockerSuite.TestBuildStderr	0.802s
PASS: docker_cli_build_test.go:5360: DockerSuite.TestBuildStepsWithProgress	4.983s
PASS: docker_cli_build_test.go:4071: DockerSuite.TestBuildStopSignal	1.355s
PASS: docker_cli_build_test.go:4851: DockerSuite.TestBuildSymlinkBasename	0.957s
PASS: docker_cli_build_test.go:3598: DockerSuite.TestBuildSymlinkBreakout	1.442s
PASS: docker_cli_build_test.go:4723: DockerSuite.TestBuildTagEvent	1.001s
PASS: docker_cli_build_test.go:4143: DockerSuite.TestBuildTimeArgHistoryExclusions	3.091s
PASS: docker_cli_build_test.go:1280: DockerSuite.TestBuildUser	2.879s
PASS: docker_cli_build_test.go:554: DockerSuite.TestBuildUsernamespaceValidateRemappedRoot	5.996s
PASS: docker_cli_build_test.go:2659: DockerSuite.TestBuildUsersAndGroups	29.970s
PASS: docker_cli_build_test.go:3344: DockerSuite.TestBuildVerboseOut	0.973s
PASS: docker_cli_build_test.go:2281: DockerSuite.TestBuildVerifyIntString	0.995s
PASS: docker_cli_build_test.go:3327: DockerSuite.TestBuildVerifySingleQuoteFails	1.481s
PASS: docker_cli_build_test.go:3878: DockerSuite.TestBuildVolumeFileExistsinContainer	1.482s
PASS: docker_cli_build_test.go:3671: DockerSuite.TestBuildVolumesRetainContents	3.445s
SKIP: docker_cli_build_test.go:1347: DockerSuite.TestBuildWindowsAddCopyPathProcessing (unmatched requirement DaemonIsWindows)
SKIP: docker_cli_build_test.go:6037: DockerSuite.TestBuildWindowsEnvCaseInsensitive (unmatched requirement DaemonIsWindows)
SKIP: docker_cli_build_test.go:6007: DockerSuite.TestBuildWindowsUser (unmatched requirement DaemonIsWindows)
SKIP: docker_cli_build_test.go:1336: DockerSuite.TestBuildWindowsWorkdirProcessing (unmatched requirement DaemonIsWindows)
PASS: docker_cli_build_test.go:5557: DockerSuite.TestBuildWithExtraHost	2.376s
PASS: docker_cli_build_test.go:5573: DockerSuite.TestBuildWithExtraHostInvalidFormat	0.059s
PASS: docker_cli_build_test.go:5371: DockerSuite.TestBuildWithFailure	0.669s
PASS: docker_cli_build_test.go:1049: DockerSuite.TestBuildWithInaccessibleFilesInContext	0.526s
PASS: docker_cli_build_test.go:3358: DockerSuite.TestBuildWithTabs	0.718s
PASS: docker_cli_build_test.go:5184: DockerSuite.TestBuildWithUTF8BOM	0.079s
PASS: docker_cli_build_test.go:5194: DockerSuite.TestBuildWithUTF8BOMDockerignore	3.839s
PASS: docker_cli_build_test.go:2150: DockerSuite.TestBuildWithVolumeOwnership	2.545s
PASS: docker_cli_build_test.go:1232: DockerSuite.TestBuildWithVolumes	4.439s
PASS: docker_cli_build_test.go:6072: DockerSuite.TestBuildWorkdirCmd	1.047s
PASS: docker_cli_build_test.go:6051: DockerSuite.TestBuildWorkdirImageCmd	1.907s
SKIP: docker_cli_build_test.go:4912: DockerSuite.TestBuildWorkdirWindowsPath (unmatched requirement DaemonIsWindows)
PASS: docker_cli_build_test.go:1380: DockerSuite.TestBuildWorkdirWithEnvVariables	3.969s
PASS: docker_cli_build_test.go:3653: DockerSuite.TestBuildXZHost	3.958s
PASS: docker_cli_proxy_test.go:12: DockerSuite.TestCLIProxyDisableProxyUnixSock	0.023s
SKIP: docker_cli_sni_test.go:16: DockerSuite.TestClientSetsTLSServerName (Flakey test)
PASS: docker_cli_run_test.go:3683: DockerSuite.TestCmdCannotBeInvoked	0.462s
PASS: docker_cli_commit_test.go:12: DockerSuite.TestCommitAfterContainerIsDone	1.423s
PASS: docker_cli_commit_test.go:106: DockerSuite.TestCommitChange	1.062s
PASS: docker_cli_commit_test.go:156: DockerSuite.TestCommitChangeLabels	0.883s
PASS: docker_cli_commit_test.go:67: DockerSuite.TestCommitHardlink	1.469s
PASS: docker_cli_commit_test.go:56: DockerSuite.TestCommitNewFile	1.911s
PASS: docker_cli_commit_test.go:42: DockerSuite.TestCommitPausedContainer	0.493s
PASS: docker_cli_commit_test.go:87: DockerSuite.TestCommitTTY	1.252s
PASS: docker_cli_images_test.go:103: DockerSuite.TestCommitWithFilterLabel	1.458s
PASS: docker_cli_commit_test.go:96: DockerSuite.TestCommitWithHostBindMount	1.453s
PASS: docker_cli_commit_test.go:26: DockerSuite.TestCommitWithoutPause	1.452s
PASS: docker_cli_netmode_test.go:55: DockerSuite.TestConflictContainerNetworkAndLinks	0.014s
PASS: docker_cli_netmode_test.go:62: DockerSuite.TestConflictContainerNetworkHostAndLinks	0.013s
PASS: docker_cli_netmode_test.go:76: DockerSuite.TestConflictNetworkModeAndOptions	0.082s
PASS: docker_cli_netmode_test.go:69: DockerSuite.TestConflictNetworkModeNetHostAndOptions	0.014s
PASS: docker_api_containers_test.go:543: DockerSuite.TestContainerAPIBadPort	0.004s
PASS: docker_api_containers_test.go:1289: DockerSuite.TestContainerAPIChunkedEncoding	0.051s
PASS: docker_api_containers_test.go:489: DockerSuite.TestContainerAPICommit	1.220s
PASS: docker_api_containers_test.go:511: DockerSuite.TestContainerAPICommitWithLabelInConfig	1.955s
PASS: docker_api_containers_test.go:1155: DockerSuite.TestContainerAPICopyContainerNotFoundPr124	0.001s
PASS: docker_api_containers_test.go:1070: DockerSuite.TestContainerAPICopyNotExistsAnyMore	0.503s
PASS: docker_api_containers_test.go:1083: DockerSuite.TestContainerAPICopyPre124	0.571s
PASS: docker_api_containers_test.go:1113: DockerSuite.TestContainerAPICopyResourcePathEmptyPre124	0.531s
PASS: docker_api_containers_test.go:1134: DockerSuite.TestContainerAPICopyResourcePathNotFoundPre124	0.551s
PASS: docker_api_containers_test.go:570: DockerSuite.TestContainerAPICreate	0.523s
PASS: docker_api_containers_test.go:649: DockerSuite.TestContainerAPICreateBridgeNetworkMode	0.046s
PASS: docker_api_containers_test.go:587: DockerSuite.TestContainerAPICreateEmptyConfig	0.003s
PASS: docker_api_containers_test.go:1997: DockerSuite.TestContainerAPICreateMountsBindRead	0.516s
PASS: docker_api_containers_test.go:599: DockerSuite.TestContainerAPICreateMultipleNetworksConfig	0.003s
PASS: docker_api_containers_test.go:1409: DockerSuite.TestContainerAPICreateNoHostConfig118	0.044s
PASS: docker_api_containers_test.go:655: DockerSuite.TestContainerAPICreateOtherNetworkModes	0.082s
PASS: docker_api_containers_test.go:684: DockerSuite.TestContainerAPICreateWithCpuSharesCpuset	0.077s
PASS: docker_api_containers_test.go:626: DockerSuite.TestContainerAPICreateWithHostName	0.042s
PASS: docker_api_containers_test.go:1166: DockerSuite.TestContainerAPIDelete	0.551s
PASS: docker_api_containers_test.go:1239: DockerSuite.TestContainerAPIDeleteConflict	0.365s
PASS: docker_api_containers_test.go:1191: DockerSuite.TestContainerAPIDeleteForce	0.544s
PASS: docker_api_containers_test.go:1182: DockerSuite.TestContainerAPIDeleteNotExist	0.001s
PASS: docker_api_containers_test.go:1208: DockerSuite.TestContainerAPIDeleteRemoveLinks	0.773s
PASS: docker_api_containers_test.go:1254: DockerSuite.TestContainerAPIDeleteRemoveVolume	0.569s
PASS: docker_api_containers_test.go:1648: DockerSuite.TestContainerAPIDeleteWithEmptyName	0.001s
PASS: docker_api_containers_test.go:41: DockerSuite.TestContainerAPIGetAll	0.536s
PASS: docker_api_containers_test.go:167: DockerSuite.TestContainerAPIGetChanges	0.525s
PASS: docker_api_containers_test.go:140: DockerSuite.TestContainerAPIGetExport	0.526s
PASS: docker_api_containers_test.go:61: DockerSuite.TestContainerAPIGetJSONNoFieldsOmitted	0.530s
PASS: docker_api_containers_test.go:756: DockerSuite.TestContainerAPIInvalidPortSyntax	0.002s
PASS: docker_api_containers_test.go:957: DockerSuite.TestContainerAPIKill	0.564s
PASS: docker_api_containers_test.go:404: DockerSuite.TestContainerAPIPause	0.393s
PASS: docker_api_containers_test.go:1309: DockerSuite.TestContainerAPIPostContainerStop	0.605s
PASS: docker_api_containers_test.go:872: DockerSuite.TestContainerAPIPostCreateNull	0.088s
PASS: docker_api_containers_test.go:107: DockerSuite.TestContainerAPIPsOmitFields	0.338s
PASS: docker_api_containers_test.go:940: DockerSuite.TestContainerAPIRename	0.529s
PASS: docker_api_containers_test.go:972: DockerSuite.TestContainerAPIRestart	0.877s
PASS: docker_api_containers_test.go:986: DockerSuite.TestContainerAPIRestartNotimeoutParam	0.905s
PASS: docker_api_containers_test.go:854: DockerSuite.TestContainerAPIRestartPolicyDefaultRetryCount	0.045s
PASS: docker_api_containers_test.go:782: DockerSuite.TestContainerAPIRestartPolicyInvalidPolicyName	0.002s
PASS: docker_api_containers_test.go:830: DockerSuite.TestContainerAPIRestartPolicyNegativeRetryCount	0.002s
PASS: docker_api_containers_test.go:806: DockerSuite.TestContainerAPIRestartPolicyRetryMismatch	0.003s
PASS: docker_api_containers_test.go:1002: DockerSuite.TestContainerAPIStart	0.352s
PASS: docker_api_containers_test.go:1657: DockerSuite.TestContainerAPIStatsWithNetworkDisabled	4.394s
PASS: docker_api_containers_test.go:1028: DockerSuite.TestContainerAPIStop	0.542s
PASS: docker_api_containers_test.go:435: DockerSuite.TestContainerAPITop	0.371s
SKIP: docker_api_containers_test.go:458: DockerSuite.TestContainerAPITopWindows (unmatched requirement DaemonIsWindows)
PASS: docker_api_containers_test.go:715: DockerSuite.TestContainerAPIVerifyHeader	0.038s
PASS: docker_api_containers_test.go:1047: DockerSuite.TestContainerAPIWait	2.520s
PASS: docker_api_containers_test.go:2293: DockerSuite.TestContainerKillCustomStopSignal	0.553s
PASS: docker_cli_run_test.go:2410: DockerSuite.TestContainerNetworkMode	0.683s
PASS: docker_cli_run_test.go:3531: DockerSuite.TestContainerRestartInMultipleNetworks	2.387s
PASS: docker_cli_run_test.go:3563: DockerSuite.TestContainerWithConflictingHostNetworks	0.320s
PASS: docker_cli_run_test.go:3594: DockerSuite.TestContainerWithConflictingNoneNetwork	0.773s
PASS: docker_cli_run_test.go:3577: DockerSuite.TestContainerWithConflictingSharedNetwork	0.650s
PASS: docker_api_containers_test.go:2028: DockerSuite.TestContainersAPICreateMountsCreate	20.426s
PASS: docker_api_containers_test.go:2243: DockerSuite.TestContainersAPICreateMountsTmpfs	1.032s
PASS: docker_api_containers_test.go:1706: DockerSuite.TestContainersAPICreateMountsValidation	0.394s
PASS: docker_cli_run_test.go:3467: DockerSuite.TestContainersInMultipleNetworks	1.201s
PASS: docker_cli_run_test.go:3459: DockerSuite.TestContainersInUserDefinedNetwork	0.979s
PASS: docker_cli_run_test.go:3486: DockerSuite.TestContainersNetworkIsolation	1.424s
PASS: docker_cli_cp_test.go:582: DockerSuite.TestCopyAndRestart	0.999s
PASS: docker_cli_cp_test.go:603: DockerSuite.TestCopyCreatedContainer	0.091s
PASS: docker_cli_cp_test.go:128: DockerSuite.TestCpAbsolutePath	0.564s
PASS: docker_cli_cp_test.go:171: DockerSuite.TestCpAbsoluteSymlink	0.532s
PASS: docker_cli_cp_to_container_unix_test.go:41: DockerSuite.TestCpCheckDestOwnership	0.715s
PASS: docker_cli_cp_from_container_test.go:119: DockerSuite.TestCpFromCaseA	0.570s
PASS: docker_cli_cp_from_container_test.go:139: DockerSuite.TestCpFromCaseB	0.587s
PASS: docker_cli_cp_from_container_test.go:157: DockerSuite.TestCpFromCaseC	0.556s
PASS: docker_cli_cp_from_container_test.go:182: DockerSuite.TestCpFromCaseD	0.614s
PASS: docker_cli_cp_from_container_test.go:222: DockerSuite.TestCpFromCaseE	0.657s
PASS: docker_cli_cp_from_container_test.go:251: DockerSuite.TestCpFromCaseF	0.581s
PASS: docker_cli_cp_from_container_test.go:274: DockerSuite.TestCpFromCaseG	0.639s
PASS: docker_cli_cp_from_container_test.go:313: DockerSuite.TestCpFromCaseH	0.621s
PASS: docker_cli_cp_from_container_test.go:343: DockerSuite.TestCpFromCaseI	0.573s
PASS: docker_cli_cp_from_container_test.go:367: DockerSuite.TestCpFromCaseJ	0.617s
PASS: docker_cli_cp_from_container_test.go:24: DockerSuite.TestCpFromSymlinkDestination	0.821s
PASS: docker_cli_cp_test.go:209: DockerSuite.TestCpFromSymlinkToDirectory	0.620s
PASS: docker_cli_cp_test.go:38: DockerSuite.TestCpGarbagePath	0.557s
PASS: docker_cli_cp_test.go:29: DockerSuite.TestCpLocalOnly	0.013s
PASS: docker_cli_cp_test.go:562: DockerSuite.TestCpNameHasColon	0.568s
PASS: docker_cli_cp_test.go:80: DockerSuite.TestCpRelativePath	0.544s
PASS: docker_cli_cp_test.go:405: DockerSuite.TestCpSpecialFiles	0.683s
PASS: docker_cli_cp_test.go:337: DockerSuite.TestCpSymlinkComponent	0.585s
PASS: docker_cli_cp_test.go:616: DockerSuite.TestCpSymlinkFromConToHostFollowSymlink	0.721s
PASS: docker_cli_cp_to_container_test.go:123: DockerSuite.TestCpToCaseA	1.143s
PASS: docker_cli_cp_to_container_test.go:144: DockerSuite.TestCpToCaseB	0.588s
PASS: docker_cli_cp_to_container_test.go:165: DockerSuite.TestCpToCaseC	1.655s
PASS: docker_cli_cp_to_container_test.go:192: DockerSuite.TestCpToCaseD	3.289s
PASS: docker_cli_cp_to_container_test.go:238: DockerSuite.TestCpToCaseE	2.287s
PASS: docker_cli_cp_to_container_test.go:273: DockerSuite.TestCpToCaseF	0.547s
PASS: docker_cli_cp_to_container_test.go:296: DockerSuite.TestCpToCaseG	3.388s
PASS: docker_cli_cp_to_container_test.go:342: DockerSuite.TestCpToCaseH	2.232s
PASS: docker_cli_cp_to_container_test.go:378: DockerSuite.TestCpToCaseI	0.558s
PASS: docker_cli_cp_to_container_test.go:402: DockerSuite.TestCpToCaseJ	3.336s
PASS: docker_cli_cp_to_container_unix_test.go:17: DockerSuite.TestCpToContainerWithPermissions	6.280s
PASS: docker_cli_cp_test.go:521: DockerSuite.TestCpToDot	0.577s
PASS: docker_cli_cp_to_container_test.go:445: DockerSuite.TestCpToErrReadOnlyRootfs	1.073s
PASS: docker_cli_cp_to_container_test.go:472: DockerSuite.TestCpToErrReadOnlyVolume	1.219s
PASS: docker_cli_cp_test.go:543: DockerSuite.TestCpToStdout	0.619s
PASS: docker_cli_cp_to_container_test.go:22: DockerSuite.TestCpToSymlinkDestination	2.638s
PASS: docker_cli_cp_test.go:257: DockerSuite.TestCpToSymlinkToDirectory	0.252s
PASS: docker_cli_cp_test.go:381: DockerSuite.TestCpUnprivilegedUser	0.580s
PASS: docker_cli_cp_test.go:452: DockerSuite.TestCpVolumePath	1.070s
PASS: docker_cli_create_test.go:327: DockerSuite.TestCreate64ByteHexID	0.069s
PASS: docker_cli_create_test.go:21: DockerSuite.TestCreateArgs	0.067s
PASS: docker_cli_create_test.go:260: DockerSuite.TestCreateByImageID	1.868s
PASS: docker_cli_create_test.go:163: DockerSuite.TestCreateEchoStdout	0.488s
SKIP: docker_cli_create_test.go:59: DockerSuite.TestCreateGrowRootfs (unmatched requirement Devicemapper)
PASS: docker_cli_create_test.go:83: DockerSuite.TestCreateHostConfig	0.070s
PASS: docker_cli_create_test.go:222: DockerSuite.TestCreateHostnameWithNumber	0.538s
PASS: docker_cli_create_test.go:205: DockerSuite.TestCreateLabelFromImage	0.720s
PASS: docker_cli_create_test.go:192: DockerSuite.TestCreateLabels	0.066s
PASS: docker_cli_create_test.go:250: DockerSuite.TestCreateModeIpcContainer	0.110s
PASS: docker_cli_create_test.go:233: DockerSuite.TestCreateRM	0.167s
SKIP: docker_cli_create_test.go:73: DockerSuite.TestCreateShrinkRootfs (unmatched requirement Devicemapper)
PASS: docker_cli_create_test.go:293: DockerSuite.TestCreateStopSignal	0.067s
PASS: docker_cli_create_test.go:362: DockerSuite.TestCreateStopTimeout	0.133s
PASS: docker_cli_create_test.go:335: DockerSuite.TestCreateUnsetEntrypoint	3.734s
PASS: docker_cli_create_test.go:173: DockerSuite.TestCreateVolumesCreated	0.073s
PASS: docker_cli_create_test.go:316: DockerSuite.TestCreateWithInvalidLogOpts	0.035s
PASS: docker_cli_create_test.go:134: DockerSuite.TestCreateWithLargePortRange	2.674s
PASS: docker_cli_create_test.go:105: DockerSuite.TestCreateWithPortRange	0.069s
PASS: docker_api_containers_test.go:916: DockerSuite.TestCreateWithTooLowMemoryLimit	0.003s
PASS: docker_cli_create_test.go:302: DockerSuite.TestCreateWithWorkdir	0.067s
PASS: docker_deprecated_api_v124_test.go:70: DockerSuite.TestDeprecatedContainerAPIStartDupVolumeBinds	0.040s
PASS: docker_deprecated_api_v124_test.go:20: DockerSuite.TestDeprecatedContainerAPIStartHostConfig	0.054s
PASS: docker_deprecated_api_v124_test.go:39: DockerSuite.TestDeprecatedContainerAPIStartVolumeBinds	0.336s
PASS: docker_deprecated_api_v124_test.go:103: DockerSuite.TestDeprecatedContainerAPIStartVolumesFrom	0.876s
PASS: docker_deprecated_api_v124_test.go:136: DockerSuite.TestDeprecatedPostContainerBindNormalVolume	0.435s
PASS: docker_deprecated_api_v124_test.go:198: DockerSuite.TestDeprecatedPostContainersStartWithLinksInHostConfig	0.682s
PASS: docker_deprecated_api_v124_test.go:216: DockerSuite.TestDeprecatedPostContainersStartWithLinksInHostConfigIdLinked	1.068s
PASS: docker_deprecated_api_v124_test.go:181: DockerSuite.TestDeprecatedPostContainersStartWithoutLinksInHostConfig	0.344s
PASS: docker_deprecated_api_v124_test.go:235: DockerSuite.TestDeprecatedStartWithNilDNS	0.361s
PASS: docker_deprecated_api_v124_test.go:156: DockerSuite.TestDeprecatedStartWithTooLowMemoryLimit	0.064s
PASS: docker_cli_run_test.go:2995: DockerSuite.TestDevicePermissions	0.513s
PASS: docker_cli_run_test.go:3706: DockerSuite.TestDockerFails	0.021s
PASS: docker_cli_network_unix_test.go:449: DockerSuite.TestDockerInspectMultipleNetwork	0.014s
PASS: docker_cli_network_unix_test.go:459: DockerSuite.TestDockerInspectMultipleNetworksIncludingNonexistent	0.039s
PASS: docker_cli_network_unix_test.go:498: DockerSuite.TestDockerInspectNetworkWithContainerName	0.750s
PASS: docker_cli_network_unix_test.go:1622: DockerSuite.TestDockerNetworkConnectFailsNoInspectChange	0.586s
PASS: docker_cli_network_unix_test.go:403: DockerSuite.TestDockerNetworkDeleteMultiple	0.741s
PASS: docker_cli_network_unix_test.go:398: DockerSuite.TestDockerNetworkDeleteNotExists	0.018s
PASS: docker_cli_network_unix_test.go:427: DockerSuite.TestDockerNetworkInspect	0.027s
PASS: docker_cli_network_unix_test.go:438: DockerSuite.TestDockerNetworkInspectWithID	0.095s
PASS: docker_cli_network_unix_test.go:1637: DockerSuite.TestDockerNetworkInternalMode	5.125s
PASS: docker_cli_volume_test.go:490: DockerSuite.TestDuplicateMountpointsForVolumesFrom	1.960s
PASS: docker_cli_volume_test.go:532: DockerSuite.TestDuplicateMountpointsForVolumesFromAndBind	2.009s
PASS: docker_cli_volume_test.go:576: DockerSuite.TestDuplicateMountpointsForVolumesFromAndMounts	1.443s
PASS: docker_cli_network_unix_test.go:1614: DockerSuite.TestEmbeddedDNSInvalidInput	1.632s
PASS: docker_cli_events_test.go:479: DockerSuite.TestEventsAttach	0.605s
PASS: docker_cli_events_test.go:410: DockerSuite.TestEventsCommit	1.324s
PASS: docker_cli_events_test.go:84: DockerSuite.TestEventsContainerEvents	0.549s
PASS: docker_cli_events_test.go:103: DockerSuite.TestEventsContainerEventsAttrSort	0.566s
PASS: docker_cli_events_test.go:126: DockerSuite.TestEventsContainerEventsSinceUnixEpoch	0.578s
PASS: docker_cli_events_unix_test.go:143: DockerSuite.TestEventsContainerFilterBeforeCreate	1.332s
PASS: docker_cli_events_unix_test.go:129: DockerSuite.TestEventsContainerFilterByName	0.740s
PASS: docker_cli_events_test.go:659: DockerSuite.TestEventsContainerRestart	2.347s
PASS: docker_cli_events_unix_test.go:223: DockerSuite.TestEventsContainerWithMultiNetwork	1.819s
PASS: docker_cli_events_test.go:427: DockerSuite.TestEventsCopy	1.181s
PASS: docker_cli_events_test.go:372: DockerSuite.TestEventsFilterContainer	1.121s
PASS: docker_cli_events_test.go:649: DockerSuite.TestEventsFilterImageInContainerAction	0.361s
PASS: docker_cli_events_test.go:342: DockerSuite.TestEventsFilterImageLabels	1.170s
PASS: docker_cli_events_test.go:287: DockerSuite.TestEventsFilterImageName	0.740s
PASS: docker_cli_events_test.go:316: DockerSuite.TestEventsFilterLabels	1.019s
PASS: docker_cli_events_unix_test.go:377: DockerSuite.TestEventsFilterNetworkID	0.081s
PASS: docker_cli_events_test.go:565: DockerSuite.TestEventsFilterType	0.746s
PASS: docker_cli_events_unix_test.go:344: DockerSuite.TestEventsFilterVolumeAndNetworkType	0.075s
PASS: docker_cli_events_unix_test.go:363: DockerSuite.TestEventsFilterVolumeID	0.027s
PASS: docker_cli_events_test.go:271: DockerSuite.TestEventsFilters	1.071s
PASS: docker_cli_events_test.go:728: DockerSuite.TestEventsFormat	1.032s
PASS: docker_cli_events_test.go:761: DockerSuite.TestEventsFormatBadField	0.012s
PASS: docker_cli_events_test.go:751: DockerSuite.TestEventsFormatBadFunc	0.012s
PASS: docker_cli_events_test.go:183: DockerSuite.TestEventsImageImport	0.519s
PASS: docker_cli_events_test.go:207: DockerSuite.TestEventsImageLoad	0.240s
PASS: docker_cli_events_test.go:164: DockerSuite.TestEventsImagePull	2.327s
PASS: docker_cli_events_test.go:146: DockerSuite.TestEventsImageTag	1.031s
PASS: docker_cli_events_unix_test.go:305: DockerSuite.TestEventsImageUntagDelete	0.368s
SKIP: docker_cli_events_unix_test.go:51: DockerSuite.TestEventsOOMDisableFalse (unmatched requirement swapMemorySupport)
SKIP: docker_cli_events_unix_test.go:81: DockerSuite.TestEventsOOMDisableTrue (unmatched requirement swapMemorySupport)
PASS: docker_cli_events_test.go:246: DockerSuite.TestEventsPluginOps	4.370s
PASS: docker_cli_events_unix_test.go:24: DockerSuite.TestEventsRedirectStdout	0.526s
PASS: docker_cli_events_test.go:517: DockerSuite.TestEventsRename	0.567s
PASS: docker_cli_events_test.go:456: DockerSuite.TestEventsResize	0.572s
PASS: docker_cli_events_test.go:699: DockerSuite.TestEventsSinceInTheFuture	0.375s
PASS: docker_cli_events_test.go:619: DockerSuite.TestEventsSpecialFiltersWithExecCreate	0.499s
PASS: docker_cli_events_unix_test.go:251: DockerSuite.TestEventsStreaming	0.538s
PASS: docker_cli_events_test.go:26: DockerSuite.TestEventsTimestampFormats	2.789s
PASS: docker_cli_events_test.go:528: DockerSuite.TestEventsTop	0.581s
PASS: docker_cli_events_test.go:61: DockerSuite.TestEventsUntag	2.576s
PASS: docker_cli_events_test.go:711: DockerSuite.TestEventsUntilInThePast	0.942s
PASS: docker_cli_exec_test.go:28: DockerSuite.TestExec	0.452s
PASS: docker_api_exec_test.go:66: DockerSuite.TestExecAPICreateContainerPaused	0.383s
PASS: docker_api_exec_test.go:25: DockerSuite.TestExecAPICreateNoCmd	0.353s
PASS: docker_api_exec_test.go:43: DockerSuite.TestExecAPICreateNoValidContentType	0.337s
PASS: docker_api_exec_test.go:87: DockerSuite.TestExecAPIStart	1.081s
PASS: docker_api_exec_test.go:124: DockerSuite.TestExecAPIStartBackwardsCompatible	0.436s
PASS: docker_api_exec_test.go:114: DockerSuite.TestExecAPIStartEnsureHeaders	0.430s
PASS: docker_api_exec_test.go:196: DockerSuite.TestExecAPIStartInvalidCommand	0.431s
PASS: docker_api_exec_test.go:139: DockerSuite.TestExecAPIStartMultipleTimesError	0.417s
PASS: docker_api_exec_test.go:180: DockerSuite.TestExecAPIStartValidCommand	0.434s
PASS: docker_api_exec_test.go:149: DockerSuite.TestExecAPIStartWithDetach	0.405s
PASS: docker_cli_exec_test.go:75: DockerSuite.TestExecAfterContainerRestart	1.020s
PASS: docker_cli_exec_test.go:256: DockerSuite.TestExecCgroup	1.005s
PASS: docker_cli_exec_test.go:108: DockerSuite.TestExecEnv	0.436s
PASS: docker_cli_exec_test.go:537: DockerSuite.TestExecEnvLinksHost	0.780s
PASS: docker_cli_exec_test.go:134: DockerSuite.TestExecExitStatus	0.462s
PASS: docker_cli_exec_test.go:309: DockerSuite.TestExecInspectID	1.705s
PASS: docker_cli_exec_test.go:39: DockerSuite.TestExecInteractive	0.461s
PASS: docker_cli_exec_unix_test.go:18: DockerSuite.TestExecInteractiveStdinClose	0.430s
PASS: docker_cli_exec_test.go:493: DockerSuite.TestExecOnReadonlyContainer	0.442s
PASS: docker_cli_exec_test.go:214: DockerSuite.TestExecParseError	0.377s
PASS: docker_cli_exec_test.go:141: DockerSuite.TestExecPausedContainer	0.380s
PASS: docker_api_exec_resize_test.go:18: DockerSuite.TestExecResizeAPIHeightWidthNoInt	0.348s
PASS: docker_api_exec_resize_test.go:34: DockerSuite.TestExecResizeImmediatelyAfterExecStart	1.226s
PASS: docker_cli_exec_test.go:123: DockerSuite.TestExecSetEnv	0.445s
PASS: docker_cli_exec_test.go:513: DockerSuite.TestExecStartFails	0.453s
PASS: docker_api_exec_test.go:214: DockerSuite.TestExecStateCleanup	10.845s
PASS: docker_cli_exec_test.go:228: DockerSuite.TestExecStopNotHanging	0.573s
PASS: docker_cli_exec_unix_test.go:47: DockerSuite.TestExecTTY	0.453s
PASS: docker_cli_exec_test.go:156: DockerSuite.TestExecTTYCloseStdin	0.495s
PASS: docker_cli_exec_test.go:177: DockerSuite.TestExecTTYWithoutStdin	0.366s
PASS: docker_cli_exec_test.go:501: DockerSuite.TestExecUlimits	0.464s
SKIP: docker_cli_exec_test.go:546: DockerSuite.TestExecWindowsOpenHandles (unmatched requirement DaemonIsWindows)
SKIP: docker_cli_exec_test.go:527: DockerSuite.TestExecWindowsPathNotWiped (unmatched requirement DaemonIsWindows)
PASS: docker_cli_exec_test.go:480: DockerSuite.TestExecWithImageUser	2.358s
PASS: docker_cli_exec_unix_test.go:89: DockerSuite.TestExecWithNoTERM	0.446s
PASS: docker_cli_exec_test.go:449: DockerSuite.TestExecWithPrivileged	0.735s
PASS: docker_cli_exec_unix_test.go:77: DockerSuite.TestExecWithTERM	0.446s
PASS: docker_cli_exec_test.go:436: DockerSuite.TestExecWithUser	0.542s
PASS: docker_api_containers_test.go:190: DockerSuite.TestGetContainerStats	4.551s
PASS: docker_api_containers_test.go:338: DockerSuite.TestGetContainerStatsNoStream	4.528s
PASS: docker_api_containers_test.go:230: DockerSuite.TestGetContainerStatsRmRunning	1.991s
PASS: docker_api_containers_test.go:297: DockerSuite.TestGetContainerStatsStream	4.573s
PASS: docker_api_attach_test.go:25: DockerSuite.TestGetContainersAttachWebsocket	0.349s
PASS: docker_api_attach_test.go:89: DockerSuite.TestGetContainersWsAttachContainerNotFound	0.001s
PASS: docker_api_containers_test.go:378: DockerSuite.TestGetStoppedContainerStats	0.059s
PASS: docker_cli_health_test.go:39: DockerSuite.TestHealth	23.106s
PASS: docker_cli_history_test.go:58: DockerSuite.TestHistoryExistentImage	0.013s
PASS: docker_cli_history_test.go:86: DockerSuite.TestHistoryHumanOptionFalse	0.013s
PASS: docker_cli_history_test.go:104: DockerSuite.TestHistoryHumanOptionTrue	0.013s
PASS: docker_cli_history_test.go:67: DockerSuite.TestHistoryImageWithComment	0.794s
PASS: docker_cli_history_test.go:62: DockerSuite.TestHistoryNonExistentImage	0.013s
PASS: docker_cli_images_test.go:225: DockerSuite.TestImagesEnsureDanglingImageOnlyListedOnce	0.991s
PASS: docker_cli_images_test.go:20: DockerSuite.TestImagesEnsureImageIsListed	0.016s
PASS: docker_cli_images_test.go:44: DockerSuite.TestImagesEnsureImageWithBadTagIsNotListed	0.015s
PASS: docker_cli_images_test.go:25: DockerSuite.TestImagesEnsureImageWithTagIsListed	0.076s
PASS: docker_cli_images_test.go:299: DockerSuite.TestImagesEnsureImagesFromBusyboxShown	0.817s
PASS: docker_cli_images_test.go:282: DockerSuite.TestImagesEnsureImagesFromScratchShown	0.987s
PASS: docker_cli_images_test.go:259: DockerSuite.TestImagesEnsureOnlyHeadsImagesShown	1.991s
PASS: docker_cli_images_test.go:69: DockerSuite.TestImagesErrorWithInvalidFilterNameTest	0.013s
PASS: docker_cli_images_test.go:75: DockerSuite.TestImagesFilterLabelMatch	2.982s
PASS: docker_cli_images_test.go:314: DockerSuite.TestImagesFilterNameWithPort	0.059s
PASS: docker_cli_images_test.go:115: DockerSuite.TestImagesFilterSinceAndBefore	2.991s
PASS: docker_cli_images_test.go:185: DockerSuite.TestImagesFilterSpaceTrimCase	0.634s
PASS: docker_cli_images_test.go:327: DockerSuite.TestImagesFormat	0.052s
PASS: docker_cli_images_test.go:343: DockerSuite.TestImagesFormatDefaultFormat	1.128s
PASS: docker_cli_images_test.go:49: DockerSuite.TestImagesOrderedByCreationDate	5.001s
PASS: docker_cli_images_test.go:253: DockerSuite.TestImagesWithIncorrectFilter	0.012s
PASS: docker_cli_import_test.go:36: DockerSuite.TestImportBadURL	0.052s
PASS: docker_cli_import_test.go:18: DockerSuite.TestImportDisplay	1.046s
PASS: docker_cli_import_test.go:47: DockerSuite.TestImportFile	1.170s
PASS: docker_cli_import_test.go:122: DockerSuite.TestImportFileNonExistentFile	0.014s
PASS: docker_cli_import_test.go:91: DockerSuite.TestImportFileWithMessage	1.175s
PASS: docker_cli_import_test.go:68: DockerSuite.TestImportGzipped	1.223s
PASS: docker_cli_import_test.go:127: DockerSuite.TestImportWithQuotedChanges	1.166s
PASS: docker_cli_info_test.go:177: DockerSuite.TestInfoDebug	0.532s
PASS: docker_cli_info_test.go:106: DockerSuite.TestInfoDiscoveryAdvertiseInterfaceName	0.908s
PASS: docker_cli_info_test.go:72: DockerSuite.TestInfoDiscoveryBackend	0.533s
PASS: docker_cli_info_test.go:89: DockerSuite.TestInfoDiscoveryInvalidAdvertise	0.096s
PASS: docker_cli_info_test.go:143: DockerSuite.TestInfoDisplaysPausedContainers	0.396s
PASS: docker_cli_info_test.go:130: DockerSuite.TestInfoDisplaysRunningContainers	0.395s
PASS: docker_cli_info_test.go:160: DockerSuite.TestInfoDisplaysStoppedContainers	0.574s
PASS: docker_cli_info_test.go:16: DockerSuite.TestInfoEnsureSucceeds	0.023s
PASS: docker_cli_info_test.go:60: DockerSuite.TestInfoFormat	0.041s
PASS: docker_cli_info_unix_test.go:10: DockerSuite.TestInfoSecurityOptions	0.019s
PASS: docker_cli_info_test.go:195: DockerSuite.TestInsecureRegistries	0.541s
PASS: docker_api_inspect_test.go:147: DockerSuite.TestInspectAPIBridgeNetworkSettings120	0.366s
PASS: docker_api_inspect_test.go:164: DockerSuite.TestInspectAPIBridgeNetworkSettings121	0.355s
PASS: docker_api_inspect_test.go:17: DockerSuite.TestInspectAPIContainerResponse	0.343s
PASS: docker_api_inspect_test.go:84: DockerSuite.TestInspectAPIContainerVolumeDriver	0.342s
PASS: docker_api_inspect_test.go:61: DockerSuite.TestInspectAPIContainerVolumeDriverLegacy	0.355s
PASS: docker_api_inspect_test.go:123: DockerSuite.TestInspectAPIEmptyFieldsInConfigPre121	0.347s
PASS: docker_api_inspect_test.go:108: DockerSuite.TestInspectAPIImageResponse	0.024s
PASS: docker_cli_network_unix_test.go:1035: DockerSuite.TestInspectAPIMultipleNetworks	0.630s
PASS: docker_cli_inspect_test.go:413: DockerSuite.TestInspectAmpersand	0.539s
PASS: docker_cli_inspect_test.go:206: DockerSuite.TestInspectBindMountPoint	0.361s
PASS: docker_cli_inspect_test.go:341: DockerSuite.TestInspectByPrefix	0.048s
PASS: docker_cli_inspect_test.go:141: DockerSuite.TestInspectContainerFilterInt	0.369s
SKIP: docker_cli_inspect_test.go:181: DockerSuite.TestInspectContainerGraphDriver (unmatched requirement Devicemapper)
PASS: docker_cli_inspect_test.go:391: DockerSuite.TestInspectContainerNetworkCustom	0.470s
PASS: docker_cli_inspect_test.go:379: DockerSuite.TestInspectContainerNetworkDefault	0.374s
PASS: docker_cli_inspect_test.go:44: DockerSuite.TestInspectDefault	0.363s
PASS: docker_cli_inspect_test.go:371: DockerSuite.TestInspectHistory	1.361s
PASS: docker_cli_inspect_test.go:24: DockerSuite.TestInspectImage	0.014s
PASS: docker_cli_inspect_test.go:125: DockerSuite.TestInspectImageFilterInt	0.025s
SKIP: docker_cli_inspect_test.go:163: DockerSuite.TestInspectImageGraphDriver (unmatched requirement Devicemapper)
PASS: docker_cli_inspect_test.go:38: DockerSuite.TestInspectInt64	0.394s
PASS: docker_cli_inspect_test.go:333: DockerSuite.TestInspectJSONFields	0.357s
PASS: docker_cli_inspect_test.go:283: DockerSuite.TestInspectLogConfigNoType	0.074s
PASS: docker_cli_inspect_test.go:238: DockerSuite.TestInspectNamedMountPoint	0.342s
PASS: docker_cli_inspect_test.go:296: DockerSuite.TestInspectNoSizeFlagContainer	0.348s
PASS: docker_cli_inspect_test.go:423: DockerSuite.TestInspectPlugin	4.404s
PASS: docker_cli_inspect_test.go:402: DockerSuite.TestInspectRootFS	0.013s
PASS: docker_cli_inspect_test.go:308: DockerSuite.TestInspectSizeFlagContainer	0.371s
PASS: docker_cli_inspect_test.go:55: DockerSuite.TestInspectStatus	0.634s
PASS: docker_cli_inspect_test.go:352: DockerSuite.TestInspectStopWhenNotFound	0.708s
PASS: docker_cli_inspect_test.go:319: DockerSuite.TestInspectTemplateError	0.390s
PASS: docker_cli_inspect_test.go:262: DockerSuite.TestInspectTimesAsRFC3339Nano	0.563s
PASS: docker_cli_inspect_test.go:80: DockerSuite.TestInspectTypeFlagContainer	0.341s
PASS: docker_cli_inspect_test.go:102: DockerSuite.TestInspectTypeFlagWithImage	0.350s
PASS: docker_cli_inspect_test.go:113: DockerSuite.TestInspectTypeFlagWithInvalidValue	0.363s
PASS: docker_cli_inspect_test.go:90: DockerSuite.TestInspectTypeFlagWithNoContainer	0.360s
PASS: docker_cli_inspect_test.go:454: DockerSuite.TestInspectUnknownObject	0.022s
PASS: docker_cli_run_unix_test.go:1157: DockerSuite.TestLegacyRunNoNewPrivSetuid	6.476s
PASS: docker_cli_links_test.go:200: DockerSuite.TestLinkShortDefinition	0.755s
PASS: docker_cli_links_test.go:191: DockerSuite.TestLinksEnvs	0.850s
PASS: docker_cli_links_test.go:227: DockerSuite.TestLinksEtcHostsRegularFile	0.322s
PASS: docker_cli_links_test.go:140: DockerSuite.TestLinksHostsFilesInject	0.918s
PASS: docker_cli_links_test.go:93: DockerSuite.TestLinksInspectLinksStarted	1.029s
PASS: docker_cli_links_test.go:112: DockerSuite.TestLinksInspectLinksStopped	1.031s
PASS: docker_cli_links_test.go:24: DockerSuite.TestLinksInvalidContainerTarget	0.077s
PASS: docker_cli_links_test.go:234: DockerSuite.TestLinksMultipleWithSameName	1.182s
PASS: docker_cli_links_test.go:216: DockerSuite.TestLinksNetworkHostContainer	0.291s
PASS: docker_cli_links_test.go:132: DockerSuite.TestLinksNotStartedParentNotFail	0.403s
PASS: docker_cli_links_test.go:36: DockerSuite.TestLinksPingLinkedContainers	8.276s
PASS: docker_cli_links_test.go:80: DockerSuite.TestLinksPingLinkedContainersAfterRename	1.638s
PASS: docker_cli_exec_test.go:379: DockerSuite.TestLinksPingLinkedContainersOnRename	0.867s
PASS: docker_cli_links_test.go:15: DockerSuite.TestLinksPingUnlinkedContainers	0.570s
PASS: docker_cli_links_test.go:158: DockerSuite.TestLinksUpdateOnRestart	1.426s
PASS: docker_cli_save_load_unix_test.go:91: DockerSuite.TestLoadNoStdinFail	0.014s
PASS: docker_cli_save_load_test.go:332: DockerSuite.TestLoadZeroSizeLayer	0.316s
PASS: docker_cli_login_test.go:11: DockerSuite.TestLoginWithoutTTY	0.020s
PASS: docker_api_logs_test.go:87: DockerSuite.TestLogsAPIContainerNotFound	0.001s
PASS: docker_api_logs_test.go:72: DockerSuite.TestLogsAPIFollowEmptyOutput	0.542s
PASS: docker_api_logs_test.go:59: DockerSuite.TestLogsAPINoStdoutNorStderr	0.357s
PASS: docker_api_logs_test.go:151: DockerSuite.TestLogsAPIUntil	3.505s
PASS: docker_api_logs_test.go:189: DockerSuite.TestLogsAPIUntilDefaultValue	1.830s
PASS: docker_api_logs_test.go:94: DockerSuite.TestLogsAPIUntilFutureFollow	6.171s
PASS: docker_api_logs_test.go:23: DockerSuite.TestLogsAPIWithStdout	0.365s
PASS: docker_cli_logs_test.go:318: DockerSuite.TestLogsCLIContainerNotFound	0.013s
PASS: docker_cli_logs_test.go:24: DockerSuite.TestLogsContainerBiggerThanPage	0.799s
PASS: docker_cli_logs_test.go:29: DockerSuite.TestLogsContainerMuchBiggerThanPage	0.799s
PASS: docker_cli_logs_test.go:19: DockerSuite.TestLogsContainerSmallerThanPage	0.795s
PASS: docker_cli_logs_test.go:300: DockerSuite.TestLogsFollowGoroutinesNoOutput	0.567s
PASS: docker_cli_logs_test.go:272: DockerSuite.TestLogsFollowGoroutinesWithStdout	0.620s
PASS: docker_cli_logs_test.go:214: DockerSuite.TestLogsFollowSlowStdoutConsumer	2.152s
PASS: docker_cli_logs_test.go:124: DockerSuite.TestLogsFollowStopped	0.536s
PASS: docker_cli_logs_test.go:66: DockerSuite.TestLogsSeparateStderr	0.502s
PASS: docker_cli_logs_test.go:145: DockerSuite.TestLogsSince	6.579s
PASS: docker_cli_logs_test.go:180: DockerSuite.TestLogsSinceFutureFollow	5.406s
PASS: docker_cli_logs_test.go:77: DockerSuite.TestLogsStderrInStdout	0.544s
PASS: docker_cli_logs_test.go:92: DockerSuite.TestLogsTail	0.591s
PASS: docker_cli_logs_test.go:41: DockerSuite.TestLogsTimestamps	0.498s
PASS: docker_cli_logs_test.go:325: DockerSuite.TestLogsWithDetails	0.510s
PASS: docker_cli_run_test.go:2909: DockerSuite.TestMountIntoProc	0.228s
PASS: docker_cli_run_test.go:2918: DockerSuite.TestMountIntoSys	0.491s
PASS: docker_cli_netmode_test.go:33: DockerSuite.TestNetHostname	1.520s
PASS: docker_cli_netmode_test.go:26: DockerSuite.TestNetHostnameWithNetHost	0.334s
PASS: docker_cli_events_unix_test.go:196: DockerSuite.TestNetworkEvents	0.698s
PASS: docker_cli_run_test.go:3513: DockerSuite.TestNetworkRmWithActiveContainers	1.033s
PASS: docker_cli_run_test.go:2695: DockerSuite.TestPermissionsPtsReadonlyRootfs	0.541s
PASS: docker_cli_plugins_test.go:76: DockerSuite.TestPluginActive	4.375s
PASS: docker_cli_plugins_test.go:99: DockerSuite.TestPluginActiveNetwork	9.731s
SKIP: docker_cli_plugins_test.go:344: DockerSuite.TestPluginInspectOnWindows (unmatched requirement DaemonIsWindows)
PASS: docker_cli_plugins_test.go:150: DockerSuite.TestPluginInstallDisableVolumeLs	3.610s
PASS: docker_cli_plugins_logdriver_test.go:12: DockerSuite.TestPluginLogDriver	5.047s
PASS: docker_cli_plugins_logdriver_test.go:32: DockerSuite.TestPluginLogDriverInfoList	3.810s
PASS: docker_cli_plugins_test.go:474: DockerSuite.TestPluginMetricsCollector	4.777s
PASS: docker_cli_plugins_test.go:442: DockerSuite.TestPluginUpgrade	9.285s
PASS: docker_cli_port_test.go:329: DockerSuite.TestPortBindingOnSandbox	1.250s
PASS: docker_cli_port_test.go:307: DockerSuite.TestPortExposeHostBinding	1.089s
PASS: docker_cli_port_test.go:285: DockerSuite.TestPortHostBinding	1.129s
PASS: docker_cli_port_test.go:15: DockerSuite.TestPortList	6.976s
PASS: docker_api_containers_test.go:1325: DockerSuite.TestPostContainerAPICreateWithStringOrSliceEntrypoint	1.000s
PASS: docker_api_attach_test.go:99: DockerSuite.TestPostContainersAttach	5.406s
PASS: docker_api_attach_test.go:78: DockerSuite.TestPostContainersAttachContainerNotFound	0.001s
PASS: docker_api_containers_test.go:1589: DockerSuite.TestPostContainersCreateMemorySwappinessHostConfigOmitted	0.044s
PASS: docker_api_containers_test.go:1503: DockerSuite.TestPostContainersCreateShmSizeHostConfigOmitted	0.483s
PASS: docker_api_containers_test.go:1485: DockerSuite.TestPostContainersCreateShmSizeNegative	0.004s
PASS: docker_api_containers_test.go:1531: DockerSuite.TestPostContainersCreateShmSizeOmitted	0.495s
PASS: docker_api_containers_test.go:1614: DockerSuite.TestPostContainersCreateWithOomScoreAdjInvalidRange	0.005s
PASS: docker_api_containers_test.go:1558: DockerSuite.TestPostContainersCreateWithShmSize	0.509s
PASS: docker_api_containers_test.go:1380: DockerSuite.TestPostContainersCreateWithStringOrSliceCapAddDrop	0.092s
PASS: docker_api_containers_test.go:1353: DockerSuite.TestPostContainersCreateWithStringOrSliceCmd	1.019s
PASS: docker_api_containers_test.go:1452: DockerSuite.TestPostContainersCreateWithWrongCpusetValues	0.004s
PASS: docker_cli_prune_unix_test.go:133: DockerSuite.TestPruneContainerLabel	2.582s
PASS: docker_cli_prune_unix_test.go:113: DockerSuite.TestPruneContainerUntil	1.093s
PASS: docker_cli_prune_unix_test.go:249: DockerSuite.TestPruneNetworkLabel	0.350s
PASS: docker_cli_prune_unix_test.go:191: DockerSuite.TestPruneVolumeLabel	0.149s
PASS: docker_cli_ps_test.go:794: DockerSuite.TestPsByOrder	1.422s
PASS: docker_cli_ps_test.go:547: DockerSuite.TestPsImageIDAfterUpdate	1.131s
PASS: docker_cli_ps_test.go:19: DockerSuite.TestPsListContainersBase	1.672s
PASS: docker_cli_ps_test.go:306: DockerSuite.TestPsListContainersFilterAncestorImage	5.262s
PASS: docker_cli_ps_test.go:516: DockerSuite.TestPsListContainersFilterCreated	0.093s
PASS: docker_cli_ps_test.go:437: DockerSuite.TestPsListContainersFilterExited	2.449s
PASS: docker_cli_ps_test.go:227: DockerSuite.TestPsListContainersFilterHealth	6.034s
PASS: docker_cli_ps_test.go:270: DockerSuite.TestPsListContainersFilterID	0.936s
PASS: docker_cli_ps_test.go:401: DockerSuite.TestPsListContainersFilterLabel	1.613s
PASS: docker_cli_ps_test.go:284: DockerSuite.TestPsListContainersFilterName	0.875s
PASS: docker_cli_ps_test.go:714: DockerSuite.TestPsListContainersFilterNetwork	0.747s
PASS: docker_cli_ps_test.go:813: DockerSuite.TestPsListContainersFilterPorts	0.777s
PASS: docker_cli_ps_test.go:180: DockerSuite.TestPsListContainersFilterStatus	1.333s
PASS: docker_cli_ps_test.go:140: DockerSuite.TestPsListContainersSize	1.191s
PASS: docker_cli_ps_test.go:849: DockerSuite.TestPsNotShowLinknamesOfDeletedContainer	0.185s
PASS: docker_cli_ps_test.go:596: DockerSuite.TestPsNotShowPortsOfStoppedContainer	0.630s
PASS: docker_cli_ps_test.go:470: DockerSuite.TestPsRightTagName	1.072s
PASS: docker_cli_ps_test.go:614: DockerSuite.TestPsShowMounts	1.195s
PASS: docker_cli_run_test.go:3144: DockerSuite.TestPtraceContainerProcsFromHost	0.386s
SKIP: docker_cli_pull_test.go:263: DockerSuite.TestPullLinuxImageFailsOnWindows (unmatched requirement DaemonIsWindows)
PASS: docker_cli_pull_test.go:270: DockerSuite.TestPullWindowsImageFailsOnLinux	1.956s
PASS: docker_cli_push_test.go:291: DockerSuite.TestPushToCentralRegistryUnauthorized	1.317s
PASS: docker_cli_push_test.go:38: DockerSuite.TestPushUnprefixedRepo	0.997s
PASS: docker_api_containers_test.go:1425: DockerSuite.TestPutContainerArchiveErrSymlinkInVolumeToReadOnlyRootfs	0.617s
PASS: docker_cli_restart_test.go:297: DockerSuite.TestRestartAutoRemoveContainer	1.113s
PASS: docker_cli_restart_test.go:166: DockerSuite.TestRestartContainerSuccess	0.901s
PASS: docker_cli_restart_test.go:151: DockerSuite.TestRestartContainerwithGoodContainer	0.563s
PASS: docker_cli_restart_test.go:266: DockerSuite.TestRestartContainerwithRestartPolicy	6.088s
PASS: docker_cli_restart_test.go:78: DockerSuite.TestRestartDisconnectedContainer	0.884s
PASS: docker_cli_restart_test.go:236: DockerSuite.TestRestartPolicyAfterRestart	1.469s
PASS: docker_cli_restart_test.go:103: DockerSuite.TestRestartPolicyAlways	0.090s
PASS: docker_cli_restart_test.go:95: DockerSuite.TestRestartPolicyNO	0.068s
PASS: docker_cli_restart_test.go:116: DockerSuite.TestRestartPolicyOnFailure	0.254s
PASS: docker_cli_restart_test.go:30: DockerSuite.TestRestartRunningContainer	1.951s
PASS: docker_cli_restart_test.go:13: DockerSuite.TestRestartStoppedContainer	1.068s
PASS: docker_cli_restart_test.go:192: DockerSuite.TestRestartWithPolicyUserDefinedNetwork	1.856s
PASS: docker_cli_restart_test.go:53: DockerSuite.TestRestartWithVolumes	0.956s
PASS: docker_cli_rmi_test.go:217: DockerSuite.TestRmiBlank	0.014s
PASS: docker_cli_rmi_test.go:327: DockerSuite.TestRmiByIDHardConflict	0.106s
PASS: docker_cli_rmi_test.go:227: DockerSuite.TestRmiContainerImageNotFound	4.025s
PASS: docker_cli_rmi_test.go:171: DockerSuite.TestRmiForceWithExistingContainers	1.395s
PASS: docker_cli_rmi_test.go:199: DockerSuite.TestRmiForceWithMultipleRepositories	0.495s
PASS: docker_cli_rmi_test.go:144: DockerSuite.TestRmiImageIDForceWithRunningContainersAndMultipleTags	1.333s
PASS: docker_cli_rmi_test.go:106: DockerSuite.TestRmiImgIDForce	1.557s
PASS: docker_cli_rmi_test.go:65: DockerSuite.TestRmiImgIDMultipleTag	1.473s
PASS: docker_cli_rmi_test.go:297: DockerSuite.TestRmiParentImageFail	1.329s
PASS: docker_cli_rmi_test.go:37: DockerSuite.TestRmiTag	0.164s
PASS: docker_cli_rmi_test.go:159: DockerSuite.TestRmiTagWithExistingContainers	0.517s
PASS: docker_cli_rmi_test.go:253: DockerSuite.TestRmiUntagHistoryLayer	4.275s
PASS: docker_cli_rmi_test.go:16: DockerSuite.TestRmiWithContainerFails	0.405s
PASS: docker_cli_rmi_test.go:185: DockerSuite.TestRmiWithMultipleRepositories	1.242s
PASS: docker_cli_rmi_test.go:310: DockerSuite.TestRmiWithParentInUse	1.962s
PASS: docker_cli_run_test.go:4522: DockerSuite.TestRunAddDeviceCgroupRule	1.064s
PASS: docker_cli_run_test.go:1580: DockerSuite.TestRunAddHost	0.510s
PASS: docker_cli_run_test.go:4039: DockerSuite.TestRunAddHostInHostMode	0.318s
PASS: docker_cli_run_test.go:1172: DockerSuite.TestRunAddingOptionalDevices	0.497s
PASS: docker_cli_run_test.go:1190: DockerSuite.TestRunAddingOptionalDevicesInvalidMode	0.019s
PASS: docker_cli_run_test.go:1181: DockerSuite.TestRunAddingOptionalDevicesNoSrc	0.534s
PASS: docker_cli_run_test.go:2061: DockerSuite.TestRunAllocatePortInReservedRange	0.726s
PASS: docker_cli_run_test.go:1231: DockerSuite.TestRunAllowBindMountingRoot	0.511s
PASS: docker_cli_run_test.go:2266: DockerSuite.TestRunAllowPortRangeThroughExpose	0.387s
PASS: docker_cli_run_test.go:2624: DockerSuite.TestRunAllowPortRangeThroughPublish	0.398s
PASS: docker_cli_run_unix_test.go:1329: DockerSuite.TestRunApparmorProcDirectory	0.942s
PASS: docker_cli_run_test.go:573: DockerSuite.TestRunApplyVolumesFromBeforeVolumes	1.028s
PASS: docker_cli_run_unix_test.go:97: DockerSuite.TestRunAttachDetach	0.479s
PASS: docker_cli_run_unix_test.go:242: DockerSuite.TestRunAttachDetachFromConfig	0.479s
PASS: docker_cli_run_unix_test.go:148: DockerSuite.TestRunAttachDetachFromFlag	0.488s
PASS: docker_cli_run_unix_test.go:209: DockerSuite.TestRunAttachDetachFromInvalidFlag	0.364s
PASS: docker_cli_run_unix_test.go:325: DockerSuite.TestRunAttachDetachKeysOverrideConfig	0.477s
PASS: docker_cli_run_test.go:3920: DockerSuite.TestRunAttachFailedNoLeak	0.743s
PASS: docker_cli_run_unix_test.go:407: DockerSuite.TestRunAttachInvalidDetachKeySequencePreserved	0.660s
PASS: docker_cli_run_test.go:1592: DockerSuite.TestRunAttachStdErrOnlyTTYMode	0.510s
PASS: docker_cli_run_test.go:1608: DockerSuite.TestRunAttachStdOutAndErrTTYMode	0.526s
PASS: docker_cli_run_test.go:1600: DockerSuite.TestRunAttachStdOutOnlyTTYMode	0.515s
PASS: docker_cli_run_test.go:1617: DockerSuite.TestRunAttachWithDetach	0.021s
PASS: docker_cli_run_test.go:1882: DockerSuite.TestRunBindMounts	1.618s
PASS: docker_cli_run_test.go:1053: DockerSuite.TestRunCapAddALLCanDownInterface	0.508s
PASS: docker_cli_run_test.go:1063: DockerSuite.TestRunCapAddALLDropNetAdminCanDownInterface	0.522s
PASS: docker_cli_run_test.go:3008: DockerSuite.TestRunCapAddCHOWN	0.526s
PASS: docker_cli_run_test.go:1043: DockerSuite.TestRunCapAddCanDownInterface	0.501s
PASS: docker_cli_run_test.go:1034: DockerSuite.TestRunCapAddInvalid	0.136s
PASS: docker_cli_run_test.go:3194: DockerSuite.TestRunCapAddSYSTIME	0.491s
PASS: docker_cli_run_test.go:1024: DockerSuite.TestRunCapDropALLAddMknodCanMknod	0.522s
PASS: docker_cli_run_test.go:1012: DockerSuite.TestRunCapDropALLCannotMknod	0.539s
PASS: docker_cli_run_test.go:986: DockerSuite.TestRunCapDropCannotMknod	0.507s
PASS: docker_cli_run_test.go:999: DockerSuite.TestRunCapDropCannotMknodLowerCase	0.530s
PASS: docker_cli_run_test.go:977: DockerSuite.TestRunCapDropInvalid	0.130s
PASS: docker_cli_run_test.go:1964: DockerSuite.TestRunCidFileCheckIDLength	0.357s
PASS: docker_cli_run_test.go:1933: DockerSuite.TestRunCidFileCleanupIfEmpty	0.018s
PASS: docker_cli_run_test.go:1695: DockerSuite.TestRunCleanupCmdOnEntrypoint	2.427s
PASS: docker_cli_run_test.go:3336: DockerSuite.TestRunContainerNetModeWithDNSMacHosts	0.392s
PASS: docker_cli_run_test.go:3360: DockerSuite.TestRunContainerNetModeWithExposePort	0.397s
PASS: docker_cli_run_test.go:922: DockerSuite.TestRunContainerNetwork	0.499s
PASS: docker_cli_run_test.go:3327: DockerSuite.TestRunContainerNetworkModeToSelf	0.072s
PASS: docker_cli_run_test.go:3311: DockerSuite.TestRunContainerWithCgroupMountRO	0.497s
PASS: docker_cli_run_test.go:3237: DockerSuite.TestRunContainerWithCgroupParent	1.077s
PASS: docker_cli_run_test.go:2734: DockerSuite.TestRunContainerWithReadonlyEtcHostsAndLinkedContainer	0.861s
PASS: docker_cli_run_test.go:2683: DockerSuite.TestRunContainerWithReadonlyRootfs	1.050s
PASS: docker_cli_run_test.go:2756: DockerSuite.TestRunContainerWithReadonlyRootfsWithAddHostFlag	0.503s
PASS: docker_cli_run_test.go:2746: DockerSuite.TestRunContainerWithReadonlyRootfsWithDNSFlag	0.510s
PASS: docker_cli_run_test.go:2793: DockerSuite.TestRunContainerWithRmFlagCannotStartContainer	0.489s
PASS: docker_cli_run_test.go:2779: DockerSuite.TestRunContainerWithRmFlagExitCodeNotEqualToZero	0.551s
PASS: docker_cli_run_test.go:2679: DockerSuite.TestRunContainerWithWritableRootfs	0.518s
PASS: docker_cli_run_test.go:1680: DockerSuite.TestRunCopyVolumeContent	1.751s
PASS: docker_cli_run_test.go:1662: DockerSuite.TestRunCopyVolumeUIDGID	3.980s
PASS: docker_cli_run_test.go:3202: DockerSuite.TestRunCreateContainerFailedCleanUp	0.087s
PASS: docker_cli_run_test.go:612: DockerSuite.TestRunCreateVolume	0.517s
PASS: docker_cli_run_test.go:2153: DockerSuite.TestRunCreateVolumeEtc	1.565s
PASS: docker_cli_run_test.go:622: DockerSuite.TestRunCreateVolumeWithSymlink	1.735s
PASS: docker_cli_run_test.go:378: DockerSuite.TestRunCreateVolumesInSymlinkDir	2.964s
PASS: docker_cli_run_test.go:422: DockerSuite.TestRunCreateVolumesInSymlinkDir2	2.942s
SKIP: docker_cli_run_test.go:4146: DockerSuite.TestRunCredentialSpecFailures (unmatched requirement DaemonIsWindows)
SKIP: docker_cli_run_test.go:4166: DockerSuite.TestRunCredentialSpecWellFormed (unmatched requirement DaemonIsWindows)
PASS: docker_cli_run_test.go:1254: DockerSuite.TestRunDNSDefaultOptions	0.512s
PASS: docker_cli_run_test.go:4004: DockerSuite.TestRunDNSInHostMode	1.611s
PASS: docker_cli_run_test.go:1288: DockerSuite.TestRunDNSOptions	1.007s
PASS: docker_cli_run_test.go:1322: DockerSuite.TestRunDNSOptionsBasedOnHostResolvConf	1.573s
PASS: docker_cli_run_test.go:1312: DockerSuite.TestRunDNSRepeatOptions	0.505s
PASS: docker_cli_run_test.go:2026: DockerSuite.TestRunDeallocatePortOnMissingIptablesRule	0.964s
PASS: docker_cli_run_test.go:121: DockerSuite.TestRunDetachedContainerIDPrinting	0.520s
SKIP: docker_cli_run_unix_test.go:83: DockerSuite.TestRunDeviceDirectory (Host does not have /dev/snd)
PASS: docker_cli_run_test.go:1141: DockerSuite.TestRunDeviceNumbers	0.509s
PASS: docker_cli_run_unix_test.go:1357: DockerSuite.TestRunDeviceSymlink	1.176s
PASS: docker_cli_run_test.go:1240: DockerSuite.TestRunDisallowBindMountingRootToRoot	0.064s
PASS: docker_cli_run_test.go:4173: DockerSuite.TestRunDuplicateMount	0.499s
PASS: docker_cli_run_test.go:51: DockerSuite.TestRunEchoNamedContainer	0.518s
PASS: docker_cli_run_test.go:43: DockerSuite.TestRunEchoStdout	0.507s
PASS: docker_cli_run_unix_test.go:538: DockerSuite.TestRunEchoStdoutWithCPUSharesAndMemoryLimit	0.511s
PASS: docker_cli_run_test.go:4259: DockerSuite.TestRunEmptyEnv	0.040s
PASS: docker_cli_run_test.go:1871: DockerSuite.TestRunEntrypoint	0.492s
PASS: docker_cli_run_test.go:817: DockerSuite.TestRunEnvironment	0.534s
PASS: docker_cli_run_test.go:856: DockerSuite.TestRunEnvironmentErase	0.505s
PASS: docker_cli_run_test.go:889: DockerSuite.TestRunEnvironmentOverride	0.542s
PASS: docker_cli_run_test.go:699: DockerSuite.TestRunExitCode	0.532s
PASS: docker_cli_run_test.go:90: DockerSuite.TestRunExitCodeOne	0.536s
PASS: docker_cli_run_test.go:85: DockerSuite.TestRunExitCodeZero	0.534s
PASS: docker_cli_run_test.go:1734: DockerSuite.TestRunExitOnStdinClose	0.516s
PASS: docker_cli_run_test.go:2289: DockerSuite.TestRunExposePort	0.014s
PASS: docker_cli_run_test.go:948: DockerSuite.TestRunFullHostnameSet	0.512s
PASS: docker_cli_run_test.go:1075: DockerSuite.TestRunGroupAdd	0.522s
PASS: docker_cli_run_test.go:4501: DockerSuite.TestRunHostnameFQDN	1.047s
PASS: docker_cli_run_test.go:4514: DockerSuite.TestRunHostnameInHostMode	0.326s
SKIP: docker_cli_run_test.go:4242: DockerSuite.TestRunHypervIsolationWithCPUCountCPUSharesAndCPUPercent (unmatched requirement DaemonIsWindows)
PASS: docker_cli_run_test.go:3726: DockerSuite.TestRunInitLayerPathOwnership	3.907s
PASS: docker_cli_run_test.go:2004: DockerSuite.TestRunInspectMacAddress	0.348s
PASS: docker_cli_run_test.go:1791: DockerSuite.TestRunInteractiveWithRestartPolicy	11.034s
PASS: docker_cli_run_unix_test.go:767: DockerSuite.TestRunInvalidCPUShares	0.611s
PASS: docker_cli_run_test.go:3272: DockerSuite.TestRunInvalidCgroupParent	1.027s
PASS: docker_cli_run_unix_test.go:729: DockerSuite.TestRunInvalidCpusetCpusFlagValue	0.022s
PASS: docker_cli_run_unix_test.go:748: DockerSuite.TestRunInvalidCpusetMemsFlagValue	0.015s
PASS: docker_cli_run_test.go:3714: DockerSuite.TestRunInvalidReference	0.012s
PASS: docker_cli_run_test.go:60: DockerSuite.TestRunLeakyFileDescriptors	0.516s
PASS: docker_cli_run_test.go:3381: DockerSuite.TestRunLinkToContainerNetMode	1.449s
PASS: docker_cli_run_test.go:193: DockerSuite.TestRunLinksContainerWithContainerID	0.843s
PASS: docker_cli_run_test.go:178: DockerSuite.TestRunLinksContainerWithContainerName	0.865s
PASS: docker_cli_run_test.go:72: DockerSuite.TestRunLookupGoogleDNS	0.932s
PASS: docker_cli_run_test.go:3391: DockerSuite.TestRunLoopbackOnlyExistsWhenNetworkingDisabled	0.422s
PASS: docker_cli_run_test.go:3417: DockerSuite.TestRunLoopbackWhenNetworkDisabled	0.398s
PASS: docker_cli_run_test.go:1199: DockerSuite.TestRunModeHostname	0.839s
PASS: docker_cli_run_test.go:2317: DockerSuite.TestRunModeIpcContainerNotExists	0.015s
PASS: docker_cli_run_test.go:2326: DockerSuite.TestRunModeIpcContainerNotRunning	0.164s
PASS: docker_cli_run_test.go:2295: DockerSuite.TestRunModeIpcHost	0.997s
PASS: docker_cli_run_test.go:3425: DockerSuite.TestRunModeNetContainerHostname	0.798s
PASS: docker_cli_run_test.go:2339: DockerSuite.TestRunModePIDContainer	0.871s
PASS: docker_cli_run_test.go:2364: DockerSuite.TestRunModePIDContainerNotExists	0.016s
PASS: docker_cli_run_test.go:2373: DockerSuite.TestRunModePIDContainerNotRunning	0.174s
PASS: docker_cli_run_test.go:2431: DockerSuite.TestRunModePIDHost	1.014s
PASS: docker_cli_run_test.go:2453: DockerSuite.TestRunModeUTSHost	1.126s
PASS: docker_cli_run_test.go:4321: DockerSuite.TestRunMount	5.047s
PASS: docker_cli_run_test.go:2082: DockerSuite.TestRunMountOrdering	0.480s
PASS: docker_cli_run_test.go:4309: DockerSuite.TestRunMountReadOnlyDevShm	0.523s
PASS: docker_cli_run_test.go:2386: DockerSuite.TestRunMountShmMqueueFromHost	0.837s
PASS: docker_cli_run_test.go:582: DockerSuite.TestRunMultipleVolumesFrom	1.569s
PASS: docker_cli_exec_test.go:395: DockerSuite.TestRunMutableNetworkFiles	2.229s
PASS: docker_cli_run_test.go:3214: DockerSuite.TestRunNamedVolume	1.568s
PASS: docker_cli_run_test.go:3858: DockerSuite.TestRunNamedVolumeCopyImageData	2.428s
PASS: docker_cli_run_test.go:3872: DockerSuite.TestRunNamedVolumeNotRemoved	1.155s
PASS: docker_cli_run_test.go:3889: DockerSuite.TestRunNamedVolumesFromNotRemoved	1.058s
PASS: docker_cli_run_test.go:3851: DockerSuite.TestRunNamedVolumesMountedAsShared	0.058s
PASS: docker_cli_run_test.go:2606: DockerSuite.TestRunNetContainerWhichHost	0.561s
PASS: docker_cli_run_test.go:2575: DockerSuite.TestRunNetHost	0.809s
PASS: docker_cli_run_test.go:931: DockerSuite.TestRunNetHostNotAllowedWithLinks	0.530s
PASS: docker_cli_run_test.go:2597: DockerSuite.TestRunNetHostTwiceSameName	0.711s
PASS: docker_cli_run_test.go:3069: DockerSuite.TestRunNetworkFilesBindMount	1.581s
PASS: docker_cli_run_test.go:3093: DockerSuite.TestRunNetworkFilesBindMountRO	1.580s
PASS: docker_cli_run_test.go:3115: DockerSuite.TestRunNetworkFilesBindMountROFilesystem	3.049s
PASS: docker_cli_run_test.go:3438: DockerSuite.TestRunNetworkNotInitializedNoneMode	0.327s
PASS: docker_cli_run_test.go:521: DockerSuite.TestRunNoDupVolumes	0.165s
PASS: docker_cli_run_unix_test.go:1144: DockerSuite.TestRunNoNewPrivSetuid	1.697s
PASS: docker_cli_run_test.go:2194: DockerSuite.TestRunNoOutputFromPullInStdout	0.987s
PASS: docker_cli_run_test.go:3663: DockerSuite.TestRunNonExecutableCmd	0.482s
PASS: docker_cli_run_test.go:3672: DockerSuite.TestRunNonExistingCmd	0.459s
PASS: docker_cli_run_test.go:3697: DockerSuite.TestRunNonExistingImage	0.985s
PASS: docker_cli_run_test.go:2558: DockerSuite.TestRunNonLocalMacAddress	0.531s
PASS: docker_cli_run_test.go:1404: DockerSuite.TestRunNonRootUserResolvName	0.917s
SKIP: docker_cli_run_unix_test.go:617: DockerSuite.TestRunOOMExitCode (unmatched requirement swapMemorySupport)
PASS: docker_cli_run_test.go:2806: DockerSuite.TestRunPIDHostWithChildIsKillable	0.549s
PASS: docker_cli_run_unix_test.go:1406: DockerSuite.TestRunPIDsLimit	0.532s
PASS: docker_cli_run_test.go:2494: DockerSuite.TestRunPortFromDockerRangeInUse	0.767s
PASS: docker_cli_run_test.go:2042: DockerSuite.TestRunPortInUse	0.470s
PASS: docker_cli_run_unix_test.go:1417: DockerSuite.TestRunPrivilegedAllowedDevices	0.472s
PASS: docker_cli_run_test.go:957: DockerSuite.TestRunPrivilegedCanMknod	0.453s
PASS: docker_cli_run_test.go:1086: DockerSuite.TestRunPrivilegedCanMount	0.456s
PASS: docker_cli_run_test.go:1125: DockerSuite.TestRunProcNotWritableInNonPrivilegedContainers	0.517s
PASS: docker_cli_run_test.go:1133: DockerSuite.TestRunProcWritableInPrivilegedContainers	0.470s
SKIP: docker_cli_run_test.go:4224: DockerSuite.TestRunProcessIsolationWithCPUCountCPUSharesAndCPUPercent (unmatched requirement DaemonIsWindows)
PASS: docker_cli_run_test.go:2983: DockerSuite.TestRunPublishPort	0.365s
PASS: docker_cli_run_test.go:2886: DockerSuite.TestRunReadFilteredProc	0.484s
SKIP: docker_cli_run_test.go:2865: DockerSuite.TestRunReadProcLatency (kernel doesn't have latency_stats configured)
PASS: docker_cli_run_test.go:2850: DockerSuite.TestRunReadProcTimer	0.510s
PASS: docker_cli_run_unix_test.go:34: DockerSuite.TestRunRedirectStdout	1.011s
SKIP: docker_cli_run_test.go:1426: DockerSuite.TestRunResolvconfUpdate (Unstable test, to be re-activated once #19937 is resolved)
PASS: docker_cli_run_test.go:2656: DockerSuite.TestRunRestartMaxRetries	2.368s
PASS: docker_cli_run_test.go:2127: DockerSuite.TestRunReuseBindVolumeThatIsSymlink	1.030s
PASS: docker_cli_run_test.go:4057: DockerSuite.TestRunRm	0.549s
PASS: docker_cli_run_test.go:4047: DockerSuite.TestRunRmAndWait	3.504s
PASS: docker_cli_run_test.go:4068: DockerSuite.TestRunRmPre125Api	0.561s
PASS: docker_cli_run_test.go:1220: DockerSuite.TestRunRootWorkdir	0.526s
PASS: docker_cli_run_unix_test.go:1050: DockerSuite.TestRunSeccompAllowPrivCloneUserns	3.883s
PASS: docker_cli_run_unix_test.go:1070: DockerSuite.TestRunSeccompAllowSetrlimit	1.548s
PASS: docker_cli_run_unix_test.go:1077: DockerSuite.TestRunSeccompDefaultProfileAcct	17.634s
PASS: docker_cli_run_unix_test.go:1107: DockerSuite.TestRunSeccompDefaultProfileNS	20.884s
PASS: docker_cli_run_unix_test.go:1062: DockerSuite.TestRunSeccompProfileAllow32Bit	1.550s
PASS: docker_cli_run_unix_test.go:952: DockerSuite.TestRunSeccompProfileDenyChmod	0.502s
PASS: docker_cli_run_unix_test.go:1025: DockerSuite.TestRunSeccompProfileDenyCloneUserns	1.584s
PASS: docker_cli_run_unix_test.go:923: DockerSuite.TestRunSeccompProfileDenyUnshare	1.499s
PASS: docker_cli_run_unix_test.go:987: DockerSuite.TestRunSeccompProfileDenyUnshareUserns	1.541s
PASS: docker_cli_run_unix_test.go:1037: DockerSuite.TestRunSeccompUnconfinedCloneUserns	1.525s
PASS: docker_cli_run_unix_test.go:1348: DockerSuite.TestRunSeccompWithDefaultProfile	1.555s
PASS: docker_cli_run_test.go:2648: DockerSuite.TestRunSetDefaultRestartPolicy	0.368s
PASS: docker_cli_run_test.go:1988: DockerSuite.TestRunSetMacAddress	0.525s
PASS: docker_cli_run_test.go:2238: DockerSuite.TestRunSlowStdoutConsumer	2.456s
PASS: docker_cli_run_test.go:1625: DockerSuite.TestRunState	0.944s
PASS: docker_cli_run_test.go:3617: DockerSuite.TestRunStdinBlockedAfterContainerExit	0.516s
PASS: docker_cli_run_test.go:97: DockerSuite.TestRunStdinPipe	0.551s
PASS: docker_cli_run_test.go:4132: DockerSuite.TestRunStoppedLoggingDriverNoLeak	0.155s
SKIP: docker_cli_run_unix_test.go:719: DockerSuite.TestRunSwapLessThanMemoryLimit (unmatched requirement swapMemorySupport)
PASS: docker_cli_run_test.go:1109: DockerSuite.TestRunSysNotWritableInNonPrivilegedContainers	0.503s
PASS: docker_cli_run_test.go:1117: DockerSuite.TestRunSysWritableInPrivilegedContainers	0.516s
PASS: docker_cli_run_unix_test.go:892: DockerSuite.TestRunSysctls	1.066s
PASS: docker_cli_run_test.go:2478: DockerSuite.TestRunTLSVerify	0.040s
PASS: docker_cli_run_test.go:2526: DockerSuite.TestRunTTYWithPipe	0.012s
PASS: docker_cli_run_test.go:1157: DockerSuite.TestRunThatCharacterDevicesActLikeCharacterDevices	0.515s
PASS: docker_cli_run_unix_test.go:819: DockerSuite.TestRunTmpfsMounts	1.732s
PASS: docker_cli_run_unix_test.go:811: DockerSuite.TestRunTmpfsMountsEnsureOrdered	0.526s
PASS: docker_cli_run_unix_test.go:840: DockerSuite.TestRunTmpfsMountsOverrideImageVolumes	2.503s
PASS: docker_cli_run_unix_test.go:852: DockerSuite.TestRunTmpfsMountsWithOptions	3.621s
PASS: docker_cli_run_test.go:795: DockerSuite.TestRunTwoConcurrentContainers	2.679s
PASS: docker_cli_run_test.go:967: DockerSuite.TestRunUnprivilegedCanMknod	0.594s
PASS: docker_cli_run_test.go:1096: DockerSuite.TestRunUnprivilegedCannotMount	0.504s
PASS: docker_cli_run_test.go:1166: DockerSuite.TestRunUnprivilegedWithChroot	0.540s
PASS: docker_cli_run_test.go:4080: DockerSuite.TestRunUnsetEntrypoint	4.477s
PASS: docker_cli_run_test.go:2925: DockerSuite.TestRunUnshareProc	5.340s
PASS: docker_cli_run_test.go:736: DockerSuite.TestRunUserByID	0.506s
PASS: docker_cli_run_test.go:746: DockerSuite.TestRunUserByIDBig	0.114s
PASS: docker_cli_run_test.go:759: DockerSuite.TestRunUserByIDNegative	0.123s
PASS: docker_cli_run_test.go:772: DockerSuite.TestRunUserByIDZero	0.500s
PASS: docker_cli_run_test.go:726: DockerSuite.TestRunUserByName	0.520s
PASS: docker_cli_run_test.go:715: DockerSuite.TestRunUserDefaults	0.532s
SKIP: docker_cli_run_unix_test.go:1426: DockerSuite.TestRunUserDeviceAllowed (Host does not have /dev/snd/timer)
PASS: docker_cli_run_test.go:785: DockerSuite.TestRunUserNotFound	0.117s
PASS: docker_cli_run_test.go:593: DockerSuite.TestRunVerifyContainerID	0.343s
PASS: docker_cli_run_test.go:3969: DockerSuite.TestRunVolumeCopyFlag	4.250s
PASS: docker_cli_run_test.go:3962: DockerSuite.TestRunVolumeWithOneCharacter	0.526s
PASS: docker_cli_run_test.go:2207: DockerSuite.TestRunVolumesCleanPaths	1.611s
PASS: docker_cli_run_test.go:473: DockerSuite.TestRunVolumesFromInReadWriteMode	1.622s
PASS: docker_cli_run_test.go:452: DockerSuite.TestRunVolumesFromInReadonlyModeFails	1.023s
PASS: docker_cli_run_test.go:2766: DockerSuite.TestRunVolumesFromRestartAfterRemoved	1.401s
PASS: docker_cli_run_test.go:658: DockerSuite.TestRunVolumesFromSymlinkPath	3.064s
PASS: docker_cli_run_test.go:446: DockerSuite.TestRunVolumesMountedAsReadonly	0.499s
PASS: docker_cli_run_test.go:3771: DockerSuite.TestRunVolumesMountedAsShared	0.483s
PASS: docker_cli_run_test.go:3802: DockerSuite.TestRunVolumesMountedAsSlave	0.491s
SKIP: docker_cli_run_test.go:4194: DockerSuite.TestRunWindowsWithCPUCount (unmatched requirement DaemonIsWindows)
SKIP: docker_cli_run_test.go:4214: DockerSuite.TestRunWindowsWithCPUPercent (unmatched requirement DaemonIsWindows)
SKIP: docker_cli_run_test.go:4204: DockerSuite.TestRunWindowsWithCPUShares (unmatched requirement DaemonIsWindows)
PASS: docker_cli_run_test.go:1856: DockerSuite.TestRunWithBadDevice	0.171s
PASS: docker_cli_run_unix_test.go:568: DockerSuite.TestRunWithBlkioWeight	0.609s
PASS: docker_cli_run_unix_test.go:458: DockerSuite.TestRunWithCPUQuota	0.690s
PASS: docker_cli_run_unix_test.go:526: DockerSuite.TestRunWithCPUShares	0.530s
PASS: docker_cli_run_unix_test.go:469: DockerSuite.TestRunWithCpuPeriod	1.093s
PASS: docker_cli_run_unix_test.go:546: DockerSuite.TestRunWithCpusetCpus	0.528s
PASS: docker_cli_run_unix_test.go:557: DockerSuite.TestRunWithCpusetMems	0.527s
PASS: docker_cli_run_test.go:341: DockerSuite.TestRunWithDaemonFlags	0.022s
PASS: docker_cli_run_unix_test.go:785: DockerSuite.TestRunWithDefaultShmSize	0.537s
PASS: docker_cli_run_unix_test.go:579: DockerSuite.TestRunWithInvalidBlkioWeight	0.017s
PASS: docker_cli_run_unix_test.go:483: DockerSuite.TestRunWithInvalidCpuPeriod	0.068s
PASS: docker_cli_run_unix_test.go:512: DockerSuite.TestRunWithInvalidKernelMemory	0.026s
PASS: docker_cli_run_test.go:2018: DockerSuite.TestRunWithInvalidMacAddress	0.012s
PASS: docker_cli_run_unix_test.go:593: DockerSuite.TestRunWithInvalidPathforBlkioDeviceReadBps	0.118s
PASS: docker_cli_run_unix_test.go:605: DockerSuite.TestRunWithInvalidPathforBlkioDeviceReadIOps	0.179s
PASS: docker_cli_run_unix_test.go:599: DockerSuite.TestRunWithInvalidPathforBlkioDeviceWriteBps	0.120s
PASS: docker_cli_run_unix_test.go:611: DockerSuite.TestRunWithInvalidPathforBlkioDeviceWriteIOps	0.131s
PASS: docker_cli_run_unix_test.go:587: DockerSuite.TestRunWithInvalidPathforBlkioWeightDevice	0.112s
PASS: docker_cli_run_unix_test.go:499: DockerSuite.TestRunWithKernelMemory	0.530s
PASS: docker_cli_run_unix_test.go:637: DockerSuite.TestRunWithMemoryLimit	0.545s
PASS: docker_cli_run_unix_test.go:682: DockerSuite.TestRunWithMemoryReservation	0.569s
PASS: docker_cli_run_unix_test.go:693: DockerSuite.TestRunWithMemoryReservationInvalid	0.031s
PASS: docker_cli_run_unix_test.go:1563: DockerSuite.TestRunWithNanoCPUs	0.559s
PASS: docker_cli_run_test.go:282: DockerSuite.TestRunWithNetAliasOnDefaultNetworks	0.196s
PASS: docker_cli_run_test.go:3743: DockerSuite.TestRunWithOomScoreAdj	0.530s
PASS: docker_cli_run_test.go:3754: DockerSuite.TestRunWithOomScoreAdjInvalidRange	0.035s
PASS: docker_cli_run_unix_test.go:798: DockerSuite.TestRunWithShmSize	0.504s
PASS: docker_cli_run_unix_test.go:660: DockerSuite.TestRunWithSwappiness	0.547s
PASS: docker_cli_run_unix_test.go:670: DockerSuite.TestRunWithSwappinessInvalid	0.028s
PASS: docker_cli_run_test.go:2829: DockerSuite.TestRunWithTooSmallMemoryLimit	0.025s
PASS: docker_cli_run_test.go:3226: DockerSuite.TestRunWithUlimits	0.505s
PASS: docker_cli_run_test.go:348: DockerSuite.TestRunWithVolumesFromExited	1.020s
PASS: docker_cli_run_unix_test.go:62: DockerSuite.TestRunWithVolumesIsRecursive	0.507s
SKIP: docker_cli_run_unix_test.go:653: DockerSuite.TestRunWithoutMemoryswapLimit (unmatched requirement swapMemorySupport)
PASS: docker_cli_run_test.go:159: DockerSuite.TestRunWithoutNetworking	0.403s
PASS: docker_cli_run_test.go:1720: DockerSuite.TestRunWorkdirExistsAndIsFile	0.069s
PASS: docker_cli_run_test.go:136: DockerSuite.TestRunWorkingDirectory	1.025s
PASS: docker_cli_run_test.go:3042: DockerSuite.TestRunWriteFilteredProc	0.447s
PASS: docker_cli_run_test.go:1808: DockerSuite.TestRunWriteSpecialFilesAndNotCommit	1.630s
PASS: docker_cli_run_test.go:2841: DockerSuite.TestRunWriteToProcAsound	0.521s
PASS: docker_cli_run_test.go:3640: DockerSuite.TestRunWrongCpusetCpusFlagValue	0.030s
PASS: docker_cli_run_test.go:3651: DockerSuite.TestRunWrongCpusetMemsFlagValue	0.014s
PASS: docker_cli_save_load_test.go:157: DockerSuite.TestSaveAndLoadRepoFlags	1.677s
PASS: docker_cli_save_load_unix_test.go:22: DockerSuite.TestSaveAndLoadRepoStdout	1.027s
PASS: docker_cli_save_load_unix_test.go:73: DockerSuite.TestSaveAndLoadWithProgressBar	1.045s
PASS: docker_cli_save_load_test.go:99: DockerSuite.TestSaveCheckTimes	0.050s
PASS: docker_cli_save_load_test.go:258: DockerSuite.TestSaveDirectoryPermissions	1.732s
PASS: docker_cli_save_load_test.go:118: DockerSuite.TestSaveImageId	0.080s
PASS: docker_cli_save_load_test.go:379: DockerSuite.TestSaveLoadNoTag	1.102s
PASS: docker_cli_save_load_test.go:340: DockerSuite.TestSaveLoadParents	2.110s
PASS: docker_cli_save_load_test.go:188: DockerSuite.TestSaveMultipleNames	0.047s
PASS: docker_cli_save_load_test.go:206: DockerSuite.TestSaveRepoWithMultipleImages	1.602s
PASS: docker_cli_save_load_test.go:84: DockerSuite.TestSaveSingleTag	0.066s
PASS: docker_cli_save_load_test.go:178: DockerSuite.TestSaveWithNoExistImage	0.013s
PASS: docker_cli_save_load_test.go:26: DockerSuite.TestSaveXzAndLoadRepoStdout	1.425s
PASS: docker_cli_save_load_test.go:55: DockerSuite.TestSaveXzGzAndLoadRepoStdout	1.993s
PASS: docker_cli_search_test.go:47: DockerSuite.TestSearchCmdOptions	4.276s
PASS: docker_cli_search_test.go:12: DockerSuite.TestSearchOnCentralRegistry	0.691s
PASS: docker_cli_search_test.go:96: DockerSuite.TestSearchOnCentralRegistryWithDash	0.744s
PASS: docker_cli_search_test.go:19: DockerSuite.TestSearchStarsOptionWithWrongParameter	0.100s
PASS: docker_cli_search_test.go:103: DockerSuite.TestSearchWithLimit	1.736s
PASS: docker_cli_run_test.go:4278: DockerSuite.TestSlowStdinClosing	2.083s
PASS: docker_cli_start_test.go:44: DockerSuite.TestStartAttachCorrectExitCode	5.029s
PASS: docker_cli_start_test.go:145: DockerSuite.TestStartAttachMultipleContainers	1.689s
PASS: docker_cli_start_test.go:15: DockerSuite.TestStartAttachReturnsOnError	0.721s
PASS: docker_cli_start_test.go:57: DockerSuite.TestStartAttachSilent	1.027s
PASS: docker_cli_start_test.go:174: DockerSuite.TestStartAttachWithRename	2.598s
PASS: docker_cli_start_test.go:109: DockerSuite.TestStartMultipleContainers	1.322s
PASS: docker_cli_start_test.go:94: DockerSuite.TestStartPausedContainer	0.402s
PASS: docker_cli_start_test.go:69: DockerSuite.TestStartRecordError	1.026s
PASS: docker_cli_start_test.go:189: DockerSuite.TestStartReturnCorrectExitCode	1.247s
PASS: docker_cli_stats_test.go:122: DockerSuite.TestStatsAllNewContainersAdded	1.776s
PASS: docker_cli_stats_test.go:93: DockerSuite.TestStatsAllNoStream	2.568s
PASS: docker_cli_stats_test.go:57: DockerSuite.TestStatsAllRunningNoStream	3.788s
PASS: docker_cli_stats_test.go:44: DockerSuite.TestStatsContainerNotFound	3.028s
PASS: docker_cli_stats_test.go:163: DockerSuite.TestStatsFormatAll	4.553s
PASS: docker_cli_stats_test.go:15: DockerSuite.TestStatsNoStream	2.795s
PASS: docker_cli_run_unix_test.go:707: DockerSuite.TestStopContainerSignal	1.555s
PASS: docker_cli_top_test.go:11: DockerSuite.TestTopMultipleArgs	0.359s
PASS: docker_cli_top_test.go:26: DockerSuite.TestTopNonPrivileged	0.583s
PASS: docker_cli_top_test.go:61: DockerSuite.TestTopPrivileged	0.517s
SKIP: docker_cli_top_test.go:50: DockerSuite.TestTopWindowsCoreProcesses (unmatched requirement DaemonIsWindows)
PASS: docker_cli_run_test.go:3450: DockerSuite.TestTwoContainersInNetHost	0.728s
PASS: docker_cli_port_test.go:212: DockerSuite.TestUnpublishedPortsInPsOutput	2.274s
PASS: docker_cli_health_test.go:147: DockerSuite.TestUnsetEnvVarHealthCheck	4.173s
PASS: docker_cli_update_unix_test.go:103: DockerSuite.TestUpdateContainerInvalidValue	0.374s
PASS: docker_cli_update_unix_test.go:115: DockerSuite.TestUpdateContainerWithoutFlags	0.387s
SKIP: docker_cli_update_unix_test.go:202: DockerSuite.TestUpdateInvalidSwapMemory (unmatched requirement swapMemorySupport)
PASS: docker_cli_update_unix_test.go:125: DockerSuite.TestUpdateKernelMemory	0.507s
PASS: docker_cli_update_unix_test.go:139: DockerSuite.TestUpdateKernelMemoryUninitialized	1.138s
SKIP: docker_cli_update_unix_test.go:258: DockerSuite.TestUpdateMemoryWithSwapMemory (unmatched requirement swapMemorySupport)
PASS: docker_cli_update_unix_test.go:272: DockerSuite.TestUpdateNotAffectMonitorRestartPolicy	0.910s
PASS: docker_cli_update_unix_test.go:68: DockerSuite.TestUpdatePausedContainer	0.502s
PASS: docker_cli_update_unix_test.go:22: DockerSuite.TestUpdateRunningContainer	0.531s
PASS: docker_cli_update_unix_test.go:37: DockerSuite.TestUpdateRunningContainerWithRestart	1.042s
PASS: docker_cli_update_unix_test.go:227: DockerSuite.TestUpdateStats	4.122s
PASS: docker_cli_update_unix_test.go:53: DockerSuite.TestUpdateStoppedContainer	1.057s
SKIP: docker_cli_update_unix_test.go:186: DockerSuite.TestUpdateSwapMemoryOnly (unmatched requirement swapMemorySupport)
PASS: docker_cli_update_unix_test.go:300: DockerSuite.TestUpdateWithNanoCPUs	0.638s
PASS: docker_cli_update_unix_test.go:85: DockerSuite.TestUpdateWithUntouchedFields	0.515s
PASS: docker_cli_run_test.go:293: DockerSuite.TestUserDefinedNetworkAlias	2.366s
PASS: docker_cli_network_unix_test.go:1536: DockerSuite.TestUserDefinedNetworkConnectDisconnectAlias	2.243s
PASS: docker_cli_network_unix_test.go:1462: DockerSuite.TestUserDefinedNetworkConnectDisconnectLink	1.667s
PASS: docker_cli_network_unix_test.go:1591: DockerSuite.TestUserDefinedNetworkConnectivity	1.181s
PASS: docker_cli_run_test.go:208: DockerSuite.TestUserDefinedNetworkLinks	2.013s
PASS: docker_cli_run_test.go:244: DockerSuite.TestUserDefinedNetworkLinksWithRestart	2.675s
PASS: docker_cli_run_unix_test.go:1168: DockerSuite.TestUserNoEffectiveCapabilitiesChown	1.548s
PASS: docker_cli_run_unix_test.go:1289: DockerSuite.TestUserNoEffectiveCapabilitiesChroot	1.550s
PASS: docker_cli_run_unix_test.go:1186: DockerSuite.TestUserNoEffectiveCapabilitiesDacOverride	1.029s
PASS: docker_cli_run_unix_test.go:1199: DockerSuite.TestUserNoEffectiveCapabilitiesFowner	1.054s
PASS: docker_cli_run_unix_test.go:1307: DockerSuite.TestUserNoEffectiveCapabilitiesMknod	1.498s
PASS: docker_cli_run_unix_test.go:1253: DockerSuite.TestUserNoEffectiveCapabilitiesNetBindService	6.452s
PASS: docker_cli_run_unix_test.go:1271: DockerSuite.TestUserNoEffectiveCapabilitiesNetRaw	6.728s
PASS: docker_cli_run_unix_test.go:1233: DockerSuite.TestUserNoEffectiveCapabilitiesSetgid	6.625s
PASS: docker_cli_run_unix_test.go:1215: DockerSuite.TestUserNoEffectiveCapabilitiesSetuid	6.560s
PASS: docker_cli_volume_test.go:22: DockerSuite.TestVolumeCLICreate	15.067s
PASS: docker_cli_volume_test.go:298: DockerSuite.TestVolumeCLICreateLabel	0.026s
PASS: docker_cli_volume_test.go:310: DockerSuite.TestVolumeCLICreateLabelMultiple	0.037s
PASS: docker_cli_volume_test.go:274: DockerSuite.TestVolumeCLICreateWithOpts	0.548s
PASS: docker_cli_volume_test.go:38: DockerSuite.TestVolumeCLIInspect	0.069s
PASS: docker_cli_volume_test.go:55: DockerSuite.TestVolumeCLIInspectMulti	0.053s
PASS: docker_cli_volume_test.go:264: DockerSuite.TestVolumeCLIInspectTmplError	0.026s
PASS: docker_cli_volume_test.go:72: DockerSuite.TestVolumeCLILs	0.554s
PASS: docker_cli_volume_test.go:193: DockerSuite.TestVolumeCLILsErrorWithInvalidFilterName	0.015s
PASS: docker_cli_volume_test.go:143: DockerSuite.TestVolumeCLILsFilterDangling	0.700s
PASS: docker_cli_volume_test.go:367: DockerSuite.TestVolumeCLILsFilterDrivers	0.077s
PASS: docker_cli_volume_test.go:337: DockerSuite.TestVolumeCLILsFilterLabels	0.076s
PASS: docker_cli_volume_test.go:199: DockerSuite.TestVolumeCLILsWithIncorrectFilterValue	0.013s
PASS: docker_cli_volume_test.go:241: DockerSuite.TestVolumeCLINoArgs	0.034s
PASS: docker_cli_volume_test.go:205: DockerSuite.TestVolumeCLIRm	1.726s
PASS: docker_cli_volume_test.go:406: DockerSuite.TestVolumeCLIRmForce	0.082s
PASS: docker_cli_volume_test.go:430: DockerSuite.TestVolumeCLIRmForceInUse	0.166s
PASS: docker_cli_volume_test.go:398: DockerSuite.TestVolumeCLIRmForceUsage	0.045s
PASS: docker_cli_volume_test.go:468: DockerSuite.TestVolumeCliInspectWithVolumeOpts	0.062s
PASS: docker_cli_events_unix_test.go:168: DockerSuite.TestVolumeEvents	0.582s
PASS: docker_cli_run_test.go:3019: DockerSuite.TestVolumeFromMixedRWOptions	1.614s
PASS: docker_cli_volume_test.go:85: DockerSuite.TestVolumeLsFormat	0.059s
PASS: docker_cli_volume_test.go:94: DockerSuite.TestVolumeLsFormatDefaultFormat	0.052s
PASS: docker_cli_run_test.go:496: DockerSuite.TestVolumesFromGetsProperMode	2.042s
PASS: docker_cli_run_test.go:2174: DockerSuite.TestVolumesNoCopyData	3.633s
SKIP: docker_cli_run_test.go:4537: DockerSuite.TestWindowsRunAsSystem (unmatched requirement DaemonIsWindowsAtLeastBuild.func1)
PASS: docker_cli_by_digest_test.go:184: DockerRegistrySuite.TestBuildByDigest	2.272s
PASS: docker_api_build_test.go:327: DockerRegistrySuite.TestBuildCopyFromForcePull	1.855s
PASS: docker_cli_build_test.go:5791: DockerRegistrySuite.TestBuildMultiStageImplicitPull	2.391s
PASS: docker_cli_pull_local_test.go:197: DockerRegistrySuite.TestConcurrentPullMultipleTags	7.115s
PASS: docker_cli_push_test.go:199: DockerRegistrySuite.TestConcurrentPush	8.067s
PASS: docker_cli_by_digest_test.go:130: DockerRegistrySuite.TestCreateByDigest	1.281s
PASS: docker_cli_push_test.go:207: DockerRegistrySuite.TestCrossRepositoryLayerPush	0.834s
PASS: docker_cli_by_digest_test.go:447: DockerRegistrySuite.TestDeleteImageByIDOnlyPulledByDigest	1.911s
PASS: docker_cli_by_digest_test.go:493: DockerRegistrySuite.TestDeleteImageWithDigestAndMultiRepoTag	1.958s
PASS: docker_cli_by_digest_test.go:466: DockerRegistrySuite.TestDeleteImageWithDigestAndTag	1.842s
PASS: docker_cli_events_test.go:545: DockerRegistrySuite.TestEventsImageFilterPush	1.841s
PASS: docker_cli_by_digest_test.go:391: DockerRegistrySuite.TestInspectImageWithDigests	1.818s
PASS: docker_cli_by_digest_test.go:318: DockerRegistrySuite.TestListDanglingImagesWithDigests	2.915s
PASS: docker_cli_by_digest_test.go:241: DockerRegistrySuite.TestListImagesWithDigests	2.846s
PASS: docker_cli_by_digest_test.go:228: DockerRegistrySuite.TestListImagesWithoutDigests	1.867s
PASS: docker_cli_by_digest_test.go:410: DockerRegistrySuite.TestPsListContainersFilterAncestorImageByDigest	3.561s
PASS: docker_cli_by_digest_test.go:105: DockerRegistrySuite.TestPullByDigest	1.125s
PASS: docker_cli_by_digest_test.go:122: DockerRegistrySuite.TestPullByDigestNoFallback	0.019s
PASS: docker_cli_by_digest_test.go:79: DockerRegistrySuite.TestPullByTagDisplaysDigest	1.740s
PASS: docker_cli_by_digest_test.go:612: DockerRegistrySuite.TestPullFailsWithAlteredLayer	1.782s
PASS: docker_cli_by_digest_test.go:530: DockerRegistrySuite.TestPullFailsWithAlteredManifest	0.878s
PASS: docker_cli_pull_local_test.go:258: DockerRegistrySuite.TestPullIDStability	5.131s
PASS: docker_cli_pull_local_test.go:54: DockerRegistrySuite.TestPullImageWithAliases	0.301s
PASS: docker_cli_pull_local_test.go:286: DockerRegistrySuite.TestPullManifestList	1.368s
PASS: docker_cli_pull_local_test.go:278: DockerRegistrySuite.TestPullNoLayers	0.582s
PASS: docker_cli_push_test.go:69: DockerRegistrySuite.TestPushBadTag	0.013s
PASS: docker_cli_push_test.go:29: DockerRegistrySuite.TestPushBusyboxImage	0.187s
PASS: docker_cli_push_test.go:145: DockerRegistrySuite.TestPushEmptyLayer	0.148s
PASS: docker_cli_push_test.go:114: DockerRegistrySuite.TestPushMultipleTags	0.229s
PASS: docker_cli_push_test.go:52: DockerRegistrySuite.TestPushUntagged	0.013s
PASS: docker_cli_by_digest_test.go:161: DockerRegistrySuite.TestRemoveImageByDigest	1.070s
PASS: docker_cli_by_digest_test.go:143: DockerRegistrySuite.TestRunByDigest	2.334s
PASS: docker_cli_pull_local_test.go:451: DockerRegistrySuite.TestRunImplicitPullWithNoTag	0.765s
PASS: docker_cli_by_digest_test.go:209: DockerRegistrySuite.TestTagByDigest	1.454s
PASS: docker_cli_registry_user_agent_test.go:73: DockerRegistrySuite.TestUserAgentPassThrough	0.852s
PASS: docker_cli_v2_only_test.go:27: DockerRegistrySuite.TestV2Only	0.671s
PASS: docker_cli_pull_local_test.go:201: DockerSchema1RegistrySuite.TestConcurrentPullMultipleTags	7.465s
PASS: docker_cli_push_test.go:203: DockerSchema1RegistrySuite.TestConcurrentPush	8.052s
PASS: docker_cli_push_test.go:248: DockerSchema1RegistrySuite.TestCrossRepositoryLayerPushNotSupported	0.951s
PASS: docker_cli_by_digest_test.go:109: DockerSchema1RegistrySuite.TestPullByDigest	1.125s
PASS: docker_cli_by_digest_test.go:126: DockerSchema1RegistrySuite.TestPullByDigestNoFallback	0.018s
PASS: docker_cli_by_digest_test.go:83: DockerSchema1RegistrySuite.TestPullByTagDisplaysDigest	1.737s
PASS: docker_cli_by_digest_test.go:655: DockerSchema1RegistrySuite.TestPullFailsWithAlteredLayer	1.788s
PASS: docker_cli_by_digest_test.go:570: DockerSchema1RegistrySuite.TestPullFailsWithAlteredManifest	0.907s
PASS: docker_cli_pull_local_test.go:262: DockerSchema1RegistrySuite.TestPullIDStability	5.181s
PASS: docker_cli_pull_local_test.go:58: DockerSchema1RegistrySuite.TestPullImageWithAliases	0.331s
PASS: docker_cli_pull_local_test.go:282: DockerSchema1RegistrySuite.TestPullNoLayers	0.932s
PASS: docker_cli_push_test.go:73: DockerSchema1RegistrySuite.TestPushBadTag	0.014s
PASS: docker_cli_push_test.go:33: DockerSchema1RegistrySuite.TestPushBusyboxImage	0.207s
PASS: docker_cli_push_test.go:149: DockerSchema1RegistrySuite.TestPushEmptyLayer	0.151s
PASS: docker_cli_push_test.go:118: DockerSchema1RegistrySuite.TestPushMultipleTags	0.276s
PASS: docker_cli_push_test.go:56: DockerSchema1RegistrySuite.TestPushUntagged	0.013s
PASS: docker_cli_build_test.go:5001: DockerRegistryAuthHtpasswdSuite.TestBuildFromAuthenticatedRegistry	1.541s
PASS: docker_cli_build_test.go:5019: DockerRegistryAuthHtpasswdSuite.TestBuildWithExternalAuth	0.413s
PASS: docker_cli_login_test.go:22: DockerRegistryAuthHtpasswdSuite.TestLoginToPrivateRegistry	0.053s
PASS: docker_cli_logout_test.go:15: DockerRegistryAuthHtpasswdSuite.TestLogoutWithExternalAuth	1.028s
PASS: docker_cli_logout_test.go:67: DockerRegistryAuthHtpasswdSuite.TestLogoutWithWrongHostnamesStored	0.127s
PASS: docker_cli_pull_local_test.go:415: DockerRegistryAuthHtpasswdSuite.TestPullWithExternalAuth	0.286s
PASS: docker_cli_pull_local_test.go:370: DockerRegistryAuthHtpasswdSuite.TestPullWithExternalAuthLoginWithScheme	0.452s
PASS: docker_cli_push_test.go:281: DockerRegistryAuthHtpasswdSuite.TestPushNoCredentialsNoRetry	0.037s
PASS: docker_cli_push_test.go:343: DockerRegistryAuthTokenSuite.TestPushMisconfiguredTokenServiceResponseError	5.142s
PASS: docker_cli_push_test.go:371: DockerRegistryAuthTokenSuite.TestPushMisconfiguredTokenServiceResponseNoToken	0.140s
PASS: docker_cli_push_test.go:330: DockerRegistryAuthTokenSuite.TestPushMisconfiguredTokenServiceResponseUnauthorized	0.140s
PASS: docker_cli_push_test.go:358: DockerRegistryAuthTokenSuite.TestPushMisconfiguredTokenServiceResponseUnparsable	0.139s
PASS: docker_cli_push_test.go:318: DockerRegistryAuthTokenSuite.TestPushTokenServiceUnauthResponse	0.139s
PASS: docker_cli_daemon_test.go:1745: DockerDaemonSuite.TestBridgeIPIsExcludedFromAllocatorPool	3.773s
PASS: docker_cli_daemon_test.go:2374: DockerDaemonSuite.TestBuildOnDisabledBridgeNetworkDaemon	2.092s
PASS: docker_cli_proxy_test.go:23: DockerDaemonSuite.TestCLIProxyProxyTCPSock	0.541s
PASS: docker_cli_daemon_test.go:1432: DockerDaemonSuite.TestCleanupMountsAfterDaemonAndContainerKill	1.810s
PASS: docker_cli_daemon_test.go:2005: DockerDaemonSuite.TestCleanupMountsAfterDaemonCrash	1.814s
PASS: docker_cli_daemon_test.go:1470: DockerDaemonSuite.TestCleanupMountsAfterGracefulShutdown	1.284s
PASS: docker_cli_daemon_test.go:523: DockerDaemonSuite.TestDaemonAllocatesListeningPort	1.095s
PASS: docker_cli_daemon_test.go:582: DockerDaemonSuite.TestDaemonBridgeExternal	1.936s
PASS: docker_cli_daemon_test.go:752: DockerDaemonSuite.TestDaemonBridgeFixedCIDREqualBridgeNetwork	1.791s
PASS: docker_cli_daemon_test.go:704: DockerDaemonSuite.TestDaemonBridgeFixedCidr	2.422s
PASS: docker_cli_daemon_test.go:727: DockerDaemonSuite.TestDaemonBridgeFixedCidr2	2.454s
PASS: docker_cli_daemon_test.go:642: DockerDaemonSuite.TestDaemonBridgeIP	1.852s
PASS: docker_cli_daemon_test.go:612: DockerDaemonSuite.TestDaemonBridgeNone	1.268s
PASS: docker_cli_daemon_test.go:1857: DockerDaemonSuite.TestDaemonCgroupParent	1.751s
PASS: docker_cli_daemon_test.go:1669: DockerDaemonSuite.TestDaemonCorruptedFluentdAddress	0.046s
PASS: docker_cli_daemon_test.go:1661: DockerDaemonSuite.TestDaemonCorruptedLogDriverAddress	0.042s
PASS: docker_cli_daemon_test.go:2389: DockerDaemonSuite.TestDaemonDNSFlagsInHostMode	1.090s
PASS: docker_cli_daemon_test.go:2185: DockerDaemonSuite.TestDaemonDebugLog	0.515s
PASS: docker_cli_daemon_test.go:791: DockerDaemonSuite.TestDaemonDefaultGatewayIPv4Explicit	1.809s
PASS: docker_cli_daemon_test.go:813: DockerDaemonSuite.TestDaemonDefaultGatewayIPv4ExplicitOutsideContainerSubnet	1.285s
PASS: docker_cli_daemon_test.go:770: DockerDaemonSuite.TestDaemonDefaultGatewayIPv4Implicit	1.841s
PASS: docker_cli_daemon_test.go:824: DockerDaemonSuite.TestDaemonDefaultNetworkInvalidClusterConfig	1.065s
PASS: docker_cli_daemon_test.go:2205: DockerDaemonSuite.TestDaemonDiscoveryBackendConfigReload	0.538s
PASS: docker_cli_events_unix_test.go:391: DockerDaemonSuite.TestDaemonEvents	3.553s
PASS: docker_cli_events_unix_test.go:460: DockerDaemonSuite.TestDaemonEventsWithFilters	3.592s
PASS: docker_cli_daemon_test.go:567: DockerDaemonSuite.TestDaemonExitOnFailure	0.041s
PASS: docker_cli_daemon_test.go:496: DockerDaemonSuite.TestDaemonFlagD	0.510s
PASS: docker_cli_daemon_test.go:505: DockerDaemonSuite.TestDaemonFlagDebug	0.510s
PASS: docker_cli_daemon_test.go:514: DockerDaemonSuite.TestDaemonFlagDebugLogLevelFatal	0.510s
PASS: docker_cli_daemon_test.go:906: DockerDaemonSuite.TestDaemonICCLinkExpose	2.319s
SKIP: docker_cli_daemon_test.go:870: DockerDaemonSuite.TestDaemonICCPing (unmatched requirement bridgeNfIptables)
PASS: docker_cli_daemon_test.go:841: DockerDaemonSuite.TestDaemonIP	1.934s
SKIP: docker_cli_daemon_test.go:355: DockerDaemonSuite.TestDaemonIPv6Enabled (unmatched requirement IPv6)
PASS: docker_cli_daemon_test.go:414: DockerDaemonSuite.TestDaemonIPv6FixedCIDR	1.174s
PASS: docker_cli_daemon_test.go:441: DockerDaemonSuite.TestDaemonIPv6FixedCIDRAndMac	1.205s
PASS: docker_cli_daemon_test.go:460: DockerDaemonSuite.TestDaemonIPv6HostMode	1.118s
PASS: docker_cli_daemon_test.go:293: DockerDaemonSuite.TestDaemonIptablesClean	1.304s
PASS: docker_cli_daemon_test.go:311: DockerDaemonSuite.TestDaemonIptablesCreate	1.828s
PASS: docker_cli_daemon_test.go:547: DockerDaemonSuite.TestDaemonKeyGeneration	0.515s
PASS: docker_cli_daemon_plugins_test.go:72: DockerDaemonSuite.TestDaemonKillLiveRestoreWithPlugins	5.736s
PASS: docker_cli_daemon_plugins_test.go:161: DockerDaemonSuite.TestDaemonKillWithPlugins	5.940s
time="2019-01-05T13:30:37Z" level=warning msg="Running modprobe nf_nat failed with message: ``, error: exec: \"modprobe\": executable file not found in $PATH"
time="2019-01-05T13:30:37Z" level=warning msg="Running modprobe xt_conntrack failed with message: ``, error: exec: \"modprobe\": executable file not found in $PATH"
PASS: docker_cli_daemon_test.go:932: DockerDaemonSuite.TestDaemonLinksIpTablesRulesWhenLinkAndUnlink	2.538s
PASS: docker_cli_daemon_test.go:477: DockerDaemonSuite.TestDaemonLogLevelDebug	0.519s
PASS: docker_cli_daemon_test.go:486: DockerDaemonSuite.TestDaemonLogLevelFatal	0.510s
PASS: docker_cli_daemon_test.go:473: DockerDaemonSuite.TestDaemonLogLevelWrong	0.035s
PASS: docker_cli_daemon_test.go:2251: DockerDaemonSuite.TestDaemonLogOptions	1.088s
PASS: docker_cli_daemon_test.go:1031: DockerDaemonSuite.TestDaemonLoggingDriverDefault	1.246s
PASS: docker_cli_daemon_test.go:1069: DockerDaemonSuite.TestDaemonLoggingDriverDefaultOverride	1.261s
PASS: docker_cli_daemon_test.go:1086: DockerDaemonSuite.TestDaemonLoggingDriverNone	1.250s
PASS: docker_cli_daemon_test.go:1143: DockerDaemonSuite.TestDaemonLoggingDriverNoneLogsError	1.238s
PASS: docker_cli_daemon_test.go:1103: DockerDaemonSuite.TestDaemonLoggingDriverNoneOverride	1.228s
PASS: docker_cli_daemon_test.go:1155: DockerDaemonSuite.TestDaemonLoggingDriverShouldBeIgnoredForBuild	1.527s
PASS: docker_cli_daemon_test.go:2264: DockerDaemonSuite.TestDaemonMaxConcurrency	0.511s
PASS: docker_cli_daemon_test.go:2276: DockerDaemonSuite.TestDaemonMaxConcurrencyWithConfigFile	3.511s
PASS: docker_cli_daemon_test.go:2317: DockerDaemonSuite.TestDaemonMaxConcurrencyWithConfigFileReload	6.511s
PASS: docker_cli_daemon_test.go:1772: DockerDaemonSuite.TestDaemonNoSpaceLeftOnDeviceError	6.014s
PASS: docker_cli_daemon_test.go:1503: DockerDaemonSuite.TestDaemonRestartCleanupNetns	1.868s
PASS: docker_cli_daemon_test.go:1799: DockerDaemonSuite.TestDaemonRestartContainerLinksRestart	7.259s
PASS: docker_cli_daemon_test.go:2966: DockerDaemonSuite.TestDaemonRestartIpcMode	2.151s
PASS: docker_cli_daemon_test.go:1244: DockerDaemonSuite.TestDaemonRestartKillWait	1.799s
PASS: docker_cli_daemon_test.go:1649: DockerDaemonSuite.TestDaemonRestartLocalVolumes	1.053s
PASS: docker_cli_daemon_test.go:170: DockerDaemonSuite.TestDaemonRestartOnFailure	3.622s
PASS: docker_cli_daemon_test.go:1013: DockerDaemonSuite.TestDaemonRestartRenameContainer	2.091s
PASS: docker_cli_network_unix_test.go:1667: DockerDaemonSuite.TestDaemonRestartRestoreBridgeNetwork	3.598s
PASS: docker_cli_daemon_test.go:1636: DockerDaemonSuite.TestDaemonRestartRmVolumeInUse	1.316s
PASS: docker_cli_daemon_test.go:2604: DockerDaemonSuite.TestDaemonRestartSaveContainerExitCode	1.779s
PASS: docker_cli_daemon_test.go:120: DockerDaemonSuite.TestDaemonRestartUnlessStopped	3.735s
PASS: docker_cli_daemon_test.go:2580: DockerDaemonSuite.TestDaemonRestartWithAutoRemoveContainer	2.255s
PASS: docker_cli_daemon_test.go:684: DockerDaemonSuite.TestDaemonRestartWithBridgeIPChange	1.560s
PASS: docker_cli_daemon_test.go:1490: DockerDaemonSuite.TestDaemonRestartWithContainerRunning	1.792s
PASS: docker_cli_daemon_test.go:1564: DockerDaemonSuite.TestDaemonRestartWithContainerWithRestartPolicyAlways	1.819s
SKIP: docker_cli_daemon_test.go:224: DockerDaemonSuite.TestDaemonRestartWithIncreasedBasesize (unmatched requirement Devicemapper)
SKIP: docker_cli_daemon_test.go:204: DockerDaemonSuite.TestDaemonRestartWithInvalidBasesize (unmatched requirement Devicemapper)
PASS: docker_cli_daemon_test.go:1955: DockerDaemonSuite.TestDaemonRestartWithKilledRunningContainer	2.658s
PASS: docker_cli_daemon_test.go:1884: DockerDaemonSuite.TestDaemonRestartWithLinks	3.137s
PASS: docker_cli_daemon_test.go:1907: DockerDaemonSuite.TestDaemonRestartWithNames	2.315s
PASS: docker_cli_daemon_test.go:1603: DockerDaemonSuite.TestDaemonRestartWithPausedContainer	2.126s
PASS: docker_cli_daemon_plugins_test.go:45: DockerDaemonSuite.TestDaemonRestartWithPluginDisabled	4.755s
PASS: docker_cli_daemon_plugins_test.go:16: DockerDaemonSuite.TestDaemonRestartWithPluginEnabled	5.924s
PASS: docker_cli_daemon_test.go:60: DockerDaemonSuite.TestDaemonRestartWithRunningContainersPorts	2.306s
PASS: docker_cli_daemon_test.go:1420: DockerDaemonSuite.TestDaemonRestartWithSocketAsVolume	2.342s
PASS: docker_cli_daemon_test.go:2052: DockerDaemonSuite.TestDaemonRestartWithUnpausedRunningContainer	1.866s
PASS: docker_cli_daemon_test.go:94: DockerDaemonSuite.TestDaemonRestartWithVolumesRefs	2.351s
PASS: docker_cli_daemon_plugins_test.go:98: DockerDaemonSuite.TestDaemonShutdownLiveRestoreWithPlugins	5.620s
PASS: docker_cli_daemon_test.go:2676: DockerDaemonSuite.TestDaemonShutdownTimeout	1.274s
PASS: docker_cli_daemon_test.go:2697: DockerDaemonSuite.TestDaemonShutdownTimeoutWithConfigFile	3.511s
PASS: docker_cli_daemon_plugins_test.go:123: DockerDaemonSuite.TestDaemonShutdownWithPlugins	6.991s
PASS: docker_cli_daemon_test.go:277: DockerDaemonSuite.TestDaemonStartBridgeWithoutIPAssociation	1.029s
PASS: docker_cli_daemon_test.go:199: DockerDaemonSuite.TestDaemonStartIptablesFalse	0.510s
PASS: docker_cli_daemon_test.go:1686: DockerDaemonSuite.TestDaemonStartWithDefaultTLSHost	0.538s
PASS: docker_cli_daemon_test.go:2941: DockerDaemonSuite.TestDaemonStartWithIpcModes	2.294s
PASS: docker_cli_daemon_test.go:2135: DockerDaemonSuite.TestDaemonStartWithoutColors	1.038s
PASS: docker_cli_daemon_test.go:1677: DockerDaemonSuite.TestDaemonStartWithoutHost	0.511s
PASS: docker_cli_daemon_test.go:1541: DockerDaemonSuite.TestDaemonTLSVerifyIssue13964	0.524s
PASS: docker_cli_daemon_test.go:965: DockerDaemonSuite.TestDaemonUlimitDefaults	2.235s
PASS: docker_cli_daemon_test.go:1170: DockerDaemonSuite.TestDaemonUnixSockCleanedUp	0.524s
PASS: docker_cli_userns_test.go:24: DockerDaemonSuite.TestDaemonUserNamespaceRootSetting	1.519s
PASS: docker_cli_daemon_test.go:1587: DockerDaemonSuite.TestDaemonWideLogConfig	1.092s
PASS: docker_cli_daemon_test.go:2645: DockerDaemonSuite.TestDaemonWithUserlandProxyPath	3.055s
PASS: docker_cli_daemon_test.go:1191: DockerDaemonSuite.TestDaemonWithWrongkey	0.562s
PASS: docker_cli_network_unix_test.go:807: DockerDaemonSuite.TestDockerNetworkNoDiscoveryDefaultBridgeNetwork	3.210s
PASS: docker_cli_exec_test.go:87: DockerDaemonSuite.TestExecAfterDaemonRestart	2.254s
PASS: docker_cli_daemon_test.go:2731: DockerDaemonSuite.TestExecWithUserAfterLiveRestore	12.142s
PASS: docker_cli_daemon_test.go:3006: DockerDaemonSuite.TestFailedPluginRemove	4.356s
PASS: docker_cli_daemon_test.go:1278: DockerDaemonSuite.TestHTTPSInfo	0.534s
PASS: docker_cli_daemon_test.go:1341: DockerDaemonSuite.TestHTTPSInfoRogueCert	0.528s
PASS: docker_cli_daemon_test.go:1370: DockerDaemonSuite.TestHTTPSInfoRogueServerCert	0.525s
PASS: docker_cli_daemon_test.go:1306: DockerDaemonSuite.TestHTTPSRun	1.278s
PASS: docker_cli_daemon_test.go:51: DockerDaemonSuite.TestLegacyDaemonCommand	0.000s
PASS: docker_cli_daemon_plugins_test.go:303: DockerDaemonSuite.TestPluginListFilterCapability	4.183s
PASS: docker_cli_daemon_plugins_test.go:275: DockerDaemonSuite.TestPluginListFilterEnabled	4.222s
PASS: docker_cli_daemon_plugins_test.go:234: DockerDaemonSuite.TestPluginVolumeRemoveOnRestart	5.690s
PASS: docker_cli_prune_unix_test.go:81: DockerDaemonSuite.TestPruneImageDangling	1.493s
PASS: docker_cli_prune_unix_test.go:270: DockerDaemonSuite.TestPruneImageLabel	1.985s
PASS: docker_cli_info_test.go:212: DockerDaemonSuite.TestRegistryMirrors	0.530s
SKIP: docker_cli_daemon_test.go:2759: DockerDaemonSuite.TestRemoveContainerAfterLiveRestore (unmatched requirement overlayFSSupported)
PASS: docker_cli_daemon_test.go:2792: DockerDaemonSuite.TestRestartPolicyWithLiveRestore	2.416s
PASS: docker_cli_daemon_test.go:2109: DockerDaemonSuite.TestRunLinksChanged	3.081s
PASS: docker_cli_run_unix_test.go:1443: DockerDaemonSuite.TestRunSeccompJSONNewFormat	1.228s
PASS: docker_cli_run_unix_test.go:1494: DockerDaemonSuite.TestRunSeccompJSONNoArchAndArchMap	0.849s
PASS: docker_cli_run_unix_test.go:1468: DockerDaemonSuite.TestRunSeccompJSONNoNameAndNames	0.829s
PASS: docker_cli_run_unix_test.go:1531: DockerDaemonSuite.TestRunWithDaemonDefaultSeccompProfile	2.265s
PASS: docker_cli_daemon_test.go:2521: DockerDaemonSuite.TestRunWithRuntimeFromCommandLine	5.164s
PASS: docker_cli_daemon_test.go:2403: DockerDaemonSuite.TestRunWithRuntimeFromConfigFile	6.782s
PASS: docker_cli_run_test.go:4110: DockerDaemonSuite.TestRunWithUlimitAndDaemonDefault	1.459s
PASS: docker_cli_daemon_test.go:2849: DockerDaemonSuite.TestShmSize	1.228s
PASS: docker_cli_daemon_test.go:2866: DockerDaemonSuite.TestShmSizeReload	1.865s
PASS: docker_cli_daemon_test.go:1332: DockerDaemonSuite.TestTLSVerify	0.047s
PASS: docker_cli_daemon_plugins_test.go:188: DockerDaemonSuite.TestVolumePlugin	8.099s
PASS: docker_api_swarm_test.go:898: DockerSwarmSuite.TestAPIDuplicateNetworks	1.404s
PASS: docker_api_swarm_test.go:1024: DockerSwarmSuite.TestAPINetworkInspectWithScope	1.376s
PASS: docker_api_swarm_service_test.go:33: DockerSwarmSuite.TestAPIServiceUpdatePort	2.361s
PASS: docker_api_swarm_test.go:186: DockerSwarmSuite.TestAPISwarmCAHash	12.122s
PASS: docker_api_swarm_test.go:882: DockerSwarmSuite.TestAPISwarmErrorHandling	0.736s
PASS: docker_api_swarm_test.go:554: DockerSwarmSuite.TestAPISwarmForceNewCluster	14.271s
SKIP: docker_api_swarm_test.go:928: DockerSwarmSuite.TestAPISwarmHealthcheckNone (Root cause of Issue #36386 is needed)
PASS: docker_api_swarm_test.go:36: DockerSwarmSuite.TestAPISwarmInit	14.603s
PASS: docker_api_swarm_test.go:536: DockerSwarmSuite.TestAPISwarmInvalidAddress	0.723s
PASS: docker_api_swarm_test.go:82: DockerSwarmSuite.TestAPISwarmJoinToken	47.559s
PASS: docker_api_swarm_test.go:297: DockerSwarmSuite.TestAPISwarmLeaderElection	21.366s
PASS: docker_api_swarm_test.go:272: DockerSwarmSuite.TestAPISwarmLeaderProxy	3.933s
PASS: docker_api_swarm_test.go:437: DockerSwarmSuite.TestAPISwarmLeaveOnPendingJoin	22.864s
PASS: docker_api_swarm_test.go:414: DockerSwarmSuite.TestAPISwarmLeaveRemovesContainer	3.166s
PASS: docker_api_swarm_node_test.go:14: DockerSwarmSuite.TestAPISwarmListNodes	2.984s
PASS: docker_api_swarm_test.go:486: DockerSwarmSuite.TestAPISwarmManagerRestore	20.672s
PASS: docker_api_swarm_node_test.go:75: DockerSwarmSuite.TestAPISwarmNodeDrainPause	13.492s
PASS: docker_api_swarm_node_test.go:46: DockerSwarmSuite.TestAPISwarmNodeRemove	29.598s
PASS: docker_api_swarm_node_test.go:33: DockerSwarmSuite.TestAPISwarmNodeUpdate	1.386s
PASS: docker_api_swarm_test.go:202: DockerSwarmSuite.TestAPISwarmPromoteDemote	11.274s
PASS: docker_api_swarm_test.go:367: DockerSwarmSuite.TestAPISwarmRaftQuorum	57.097s
PASS: docker_api_swarm_test.go:790: DockerSwarmSuite.TestAPISwarmRestartCluster	26.422s
PASS: docker_api_swarm_test.go:467: DockerSwarmSuite.TestAPISwarmRestoreOnPendingJoin	21.759s
PASS: docker_api_swarm_test.go:512: DockerSwarmSuite.TestAPISwarmScaleNoRollingUpdate	3.065s
PASS: docker_api_swarm_service_test.go:402: DockerSwarmSuite.TestAPISwarmServiceConstraintLabel	6.614s
PASS: docker_api_swarm_service_test.go:350: DockerSwarmSuite.TestAPISwarmServiceConstraintRole	5.239s
PASS: docker_api_swarm_service_test.go:497: DockerSwarmSuite.TestAPISwarmServicePlacementPrefs	4.127s
PASS: docker_api_swarm_service_test.go:62: DockerSwarmSuite.TestAPISwarmServicesCreate	4.912s
PASS: docker_api_swarm_service_test.go:123: DockerSwarmSuite.TestAPISwarmServicesCreateGlobal	6.217s
PASS: docker_api_swarm_service_test.go:54: DockerSwarmSuite.TestAPISwarmServicesEmptyList	1.385s
PASS: docker_api_swarm_service_test.go:310: DockerSwarmSuite.TestAPISwarmServicesFailedUpdate	10.853s
PASS: docker_api_swarm_service_test.go:95: DockerSwarmSuite.TestAPISwarmServicesMultipleAgents	18.892s
PASS: docker_api_swarm_service_test.go:539: DockerSwarmSuite.TestAPISwarmServicesStateReporting	8.886s
PASS: docker_api_swarm_service_test.go:141: DockerSwarmSuite.TestAPISwarmServicesUpdate	26.840s
PASS: docker_api_swarm_service_test.go:201: DockerSwarmSuite.TestAPISwarmServicesUpdateStartFirst	23.065s
PASS: docker_api_swarm_test.go:855: DockerSwarmSuite.TestAPISwarmServicesUpdateWithName	3.165s
PASS: docker_api_swarm_test.go:874: DockerSwarmSuite.TestAPISwarmUnlockNotLocked	1.306s
PASS: docker_cli_swarm_test.go:945: DockerSwarmSuite.TestDNSConfig	2.273s
PASS: docker_cli_swarm_test.go:972: DockerSwarmSuite.TestDNSConfigUpdate	2.191s
PASS: docker_cli_swarm_test.go:1419: DockerSwarmSuite.TestExtraHosts	2.180s
PASS: docker_cli_swarm_test.go:1613: DockerSwarmSuite.TestNetworkInspectWithDuplicateNames	1.650s
PASS: docker_cli_swarm_test.go:394: DockerSwarmSuite.TestOverlayAttachable	2.571s
PASS: docker_cli_swarm_test.go:416: DockerSwarmSuite.TestOverlayAttachableOnSwarmLeave	3.221s
PASS: docker_cli_swarm_test.go:442: DockerSwarmSuite.TestOverlayAttachableReleaseResourcesOnFailure	22.990s
PASS: docker_cli_prune_unix_test.go:42: DockerSwarmSuite.TestPruneNetwork	9.599s
PASS: docker_cli_swarm_test.go:597: DockerSwarmSuite.TestPsListContainersFilterIsTask	2.589s
PASS: docker_cli_service_create_test.go:361: DockerSwarmSuite.TestServiceCreateMountTmpfs	2.031s
PASS: docker_cli_service_create_test.go:18: DockerSwarmSuite.TestServiceCreateMountVolume	2.045s
PASS: docker_cli_service_create_test.go:313: DockerSwarmSuite.TestServiceCreateWithConfigReferencedTwice	2.261s
PASS: docker_cli_service_create_test.go:214: DockerSwarmSuite.TestServiceCreateWithConfigSimple	1.461s
PASS: docker_cli_service_create_test.go:248: DockerSwarmSuite.TestServiceCreateWithConfigSourceTargetPaths	2.325s
PASS: docker_cli_service_create_test.go:414: DockerSwarmSuite.TestServiceCreateWithNetworkAlias	17.074s
PASS: docker_cli_service_create_test.go:166: DockerSwarmSuite.TestServiceCreateWithSecretReferencedTwice	2.327s
PASS: docker_cli_service_create_test.go:66: DockerSwarmSuite.TestServiceCreateWithSecretSimple	1.455s
PASS: docker_cli_service_create_test.go:100: DockerSwarmSuite.TestServiceCreateWithSecretSourceTargetPaths	2.564s
PASS: docker_cli_service_health_test.go:20: DockerSwarmSuite.TestServiceHealthRun	7.135s
PASS: docker_cli_service_health_test.go:82: DockerSwarmSuite.TestServiceHealthStart	4.551s
PASS: docker_cli_service_logs_test.go:24: DockerSwarmSuite.TestServiceLogs	2.317s
PASS: docker_cli_service_logs_test.go:71: DockerSwarmSuite.TestServiceLogsCompleteness	2.193s
PASS: docker_cli_service_logs_test.go:343: DockerSwarmSuite.TestServiceLogsDetails	2.210s
PASS: docker_cli_service_logs_test.go:157: DockerSwarmSuite.TestServiceLogsFollow	2.255s
PASS: docker_cli_service_logs_test.go:294: DockerSwarmSuite.TestServiceLogsNoHangDeletedContainer	14.316s
PASS: docker_cli_service_logs_test.go:122: DockerSwarmSuite.TestServiceLogsSince	2.467s
PASS: docker_cli_service_logs_test.go:256: DockerSwarmSuite.TestServiceLogsTTY	2.222s
PASS: docker_cli_service_logs_test.go:98: DockerSwarmSuite.TestServiceLogsTail	2.181s
PASS: docker_cli_service_logs_test.go:203: DockerSwarmSuite.TestServiceLogsTaskLogs	2.211s
PASS: docker_cli_service_scale_test.go:13: DockerSwarmSuite.TestServiceScale	1.506s
PASS: docker_cli_swarm_test.go:1394: DockerSwarmSuite.TestSwarmAlternateLockUnlock	19.001s
PASS: docker_cli_swarm_test.go:1972: DockerSwarmSuite.TestSwarmClusterEventsConfig	1.438s
PASS: docker_cli_swarm_test.go:1933: DockerSwarmSuite.TestSwarmClusterEventsNetwork	1.468s
PASS: docker_cli_swarm_test.go:1903: DockerSwarmSuite.TestSwarmClusterEventsNode	4.049s
PASS: docker_cli_swarm_test.go:1819: DockerSwarmSuite.TestSwarmClusterEventsScope	7.370s
PASS: docker_cli_swarm_test.go:1952: DockerSwarmSuite.TestSwarmClusterEventsSecret	1.439s
PASS: docker_cli_swarm_test.go:1863: DockerSwarmSuite.TestSwarmClusterEventsService	14.771s
PASS: docker_cli_swarm_test.go:1799: DockerSwarmSuite.TestSwarmClusterEventsSource	3.562s
PASS: docker_cli_swarm_test.go:1840: DockerSwarmSuite.TestSwarmClusterEventsType	7.379s

----------------------------------------------------------------------
FAIL: docker_cli_swarm_test.go:1316: DockerSwarmSuite.TestSwarmClusterRotateUnlockKey

[da991e7bcf8b5] waiting for daemon to start
[da991e7bcf8b5] daemon started

[ddd844888e4d4] waiting for daemon to start
[ddd844888e4d4] daemon started

[d1c326a68b5ed] waiting for daemon to start
[d1c326a68b5ed] daemon started

[ddd844888e4d4] exiting daemon
[ddd844888e4d4] waiting for daemon to start
[ddd844888e4d4] daemon started

[d1c326a68b5ed] exiting daemon
[d1c326a68b5ed] waiting for daemon to start
[d1c326a68b5ed] daemon started

[ddd844888e4d4] exiting daemon
[ddd844888e4d4] waiting for daemon to start
[ddd844888e4d4] daemon started

[ddd844888e4d4] exiting daemon
[ddd844888e4d4] waiting for daemon to start
[ddd844888e4d4] daemon started

[d1c326a68b5ed] exiting daemon
[d1c326a68b5ed] waiting for daemon to start
[d1c326a68b5ed] daemon started

docker_cli_swarm_test.go:1386:
    c.Assert(err, checker.IsNil, check.Commentf("%s", outs))
... value *exec.ExitError = &exec.ExitError{ProcessState:(*os.ProcessState)(0xc0009fb880), Stderr:[]uint8(nil)} ("exit status 1")
... Error response from daemon: rpc error: code = Unknown desc = The swarm does not have a leader. It's possible that too few managers are online. Make sure more than half of the managers are online.


[da991e7bcf8b5] exiting daemon
[ddd844888e4d4] exiting daemon
[d1c326a68b5ed] exiting daemon

----------------------------------------------------------------------
PASS: docker_cli_swarm_test.go:366: DockerSwarmSuite.TestSwarmContainerAttachByNetworkId	4.090s
PASS: docker_cli_swarm_test.go:319: DockerSwarmSuite.TestSwarmContainerAutoStart	4.691s
PASS: docker_cli_swarm_test.go:341: DockerSwarmSuite.TestSwarmContainerEndpointOptions	6.292s
PASS: docker_cli_swarm_test.go:520: DockerSwarmSuite.TestSwarmCreateServiceWithNoIngressNetwork	1.464s
PASS: docker_cli_swarm_test.go:146: DockerSwarmSuite.TestSwarmIncompatibleDaemon	3.756s
PASS: docker_cli_swarm_test.go:466: DockerSwarmSuite.TestSwarmIngressNetwork	1.603s
PASS: docker_cli_swarm_test.go:84: DockerSwarmSuite.TestSwarmInit	2.750s
SKIP: docker_cli_swarm_test.go:127: DockerSwarmSuite.TestSwarmInitIPv6 (unmatched requirement IPv6)
PASS: docker_cli_swarm_test.go:1053: DockerSwarmSuite.TestSwarmInitLocked	4.494s
PASS: docker_cli_swarm_test.go:139: DockerSwarmSuite.TestSwarmInitUnspecifiedAdvertiseAddr	0.745s
PASS: docker_cli_swarm_test.go:1737: DockerSwarmSuite.TestSwarmInitUnspecifiedDataPathAddr	0.741s
PASS: docker_cli_swarm_test.go:1581: DockerSwarmSuite.TestSwarmInitWithDrain	1.425s
PASS: docker_cli_swarm_test.go:1749: DockerSwarmSuite.TestSwarmJoinLeave	53.297s
PASS: docker_cli_swarm_test.go:1189: DockerSwarmSuite.TestSwarmJoinPromoteLocked	44.022s
PASS: docker_cli_swarm_test.go:1553: DockerSwarmSuite.TestSwarmJoinWithDrain	2.784s
PASS: docker_cli_swarm_test.go:1095: DockerSwarmSuite.TestSwarmLeaveLocked	3.516s
PASS: docker_cli_swarm_test.go:1128: DockerSwarmSuite.TestSwarmLockUnlockCluster	101.991s
PASS: docker_cli_swarm_test.go:1442: DockerSwarmSuite.TestSwarmManagerAddress	3.050s
PASS: docker_cli_swarm_test.go:1512: DockerSwarmSuite.TestSwarmNetworkCreateDup	1.736s
PASS: docker_cli_swarm_test.go:1489: DockerSwarmSuite.TestSwarmNetworkCreateIssue27866	1.437s
PASS: docker_cli_swarm_test.go:1463: DockerSwarmSuite.TestSwarmNetworkIPAMOptions	2.722s
PASS: docker_cli_swarm_test.go:798: DockerSwarmSuite.TestSwarmNetworkPlugin	1.447s
PASS: docker_cli_swarm_unix_test.go:57: DockerSwarmSuite.TestSwarmNetworkPluginV2	47.232s
PASS: docker_cli_swarm_test.go:229: DockerSwarmSuite.TestSwarmNodeListFilter	1.481s
PASS: docker_cli_swarm_test.go:248: DockerSwarmSuite.TestSwarmNodeTaskListFilter	2.669s
PASS: docker_cli_swarm_test.go:275: DockerSwarmSuite.TestSwarmPublishAdd	1.484s
PASS: docker_cli_swarm_test.go:1534: DockerSwarmSuite.TestSwarmPublishDuplicatePorts	2.530s
PASS: docker_cli_swarm_test.go:1592: DockerSwarmSuite.TestSwarmReadonlyRootfs	2.217s
PASS: docker_api_swarm_test.go:955: DockerSwarmSuite.TestSwarmRepeatedRootRotation	14.965s
PASS: docker_cli_swarm_test.go:1248: DockerSwarmSuite.TestSwarmRotateUnlockKey	12.718s
PASS: docker_cli_swarm_test.go:817: DockerSwarmSuite.TestSwarmServiceEnvFile	1.454s
PASS: docker_cli_swarm_test.go:188: DockerSwarmSuite.TestSwarmServiceListFilter	1.523s
PASS: docker_cli_swarm_test.go:1706: DockerSwarmSuite.TestSwarmServiceLsFilterMode	2.426s
PASS: docker_cli_swarm_test.go:906: DockerSwarmSuite.TestSwarmServiceNetworkUpdate	5.916s
PASS: docker_cli_swarm_test.go:835: DockerSwarmSuite.TestSwarmServiceTTY	14.427s
PASS: docker_cli_swarm_test.go:883: DockerSwarmSuite.TestSwarmServiceTTYUpdate	2.242s
PASS: docker_cli_swarm_test.go:170: DockerSwarmSuite.TestSwarmServiceTemplatingHostname	2.219s
PASS: docker_cli_swarm_test.go:297: DockerSwarmSuite.TestSwarmServiceWithGroup	2.275s
PASS: docker_cli_swarm_test.go:1678: DockerSwarmSuite.TestSwarmStopSignal	2.254s
PASS: docker_cli_swarm_test.go:539: DockerSwarmSuite.TestSwarmTaskListFilter	1.888s
PASS: docker_cli_swarm_test.go:36: DockerSwarmSuite.TestSwarmUpdate	1.474s
PASS: docker_cli_swarm_unix_test.go:15: DockerSwarmSuite.TestSwarmVolumePlugin	21.974s
PASS: docker_cli_swarm_test.go:1028: DockerSwarmSuite.TestUnlockEngineAndUnlockedSwarm	1.354s
PASS: docker_api_swarm_test.go:164: DockerSwarmSuite.TestUpdateSwarmAddExternalCA	1.412s
time="2019-01-05T14:02:51Z" level=info msg="Attempting next endpoint for push after error: Get https://127.0.0.1:5000/v2/: http: server gave HTTP response to HTTPS client"
PASS: docker_cli_plugins_test.go:31: DockerPluginSuite.TestPluginBasicOps	1.049s
PASS: docker_cli_plugins_test.go:262: DockerPluginSuite.TestPluginCreate	0.133s
PASS: docker_cli_plugins_test.go:240: DockerPluginSuite.TestPluginEnableDisableNegative	1.047s
PASS: docker_cli_plugins_test.go:62: DockerPluginSuite.TestPluginForceRemove	0.993s
PASS: docker_cli_plugins_test.go:354: DockerPluginSuite.TestPluginIDPrefix	1.461s
PASS: docker_cli_plugins_test.go:294: DockerPluginSuite.TestPluginInspect	1.100s
time="2019-01-05T14:04:27Z" level=info msg="Attempting next endpoint for push after error: Get https://127.0.0.1:5000/v2/: http: server gave HTTP response to HTTPS client"
PASS: docker_cli_plugins_test.go:210: DockerPluginSuite.TestPluginInstallArgs	0.833s
PASS: docker_cli_plugins_test.go:126: DockerPluginSuite.TestPluginInstallDisable	1.036s
PASS: docker_cli_plugins_test.go:226: DockerPluginSuite.TestPluginInstallImage	0.203s
PASS: docker_cli_plugins_test.go:411: DockerPluginSuite.TestPluginListDefaultFormat	0.573s
PASS: docker_cli_plugins_test.go:159: DockerPluginSuite.TestPluginSet	0.646s
PASS: docker_cli_external_volume_driver_unix_test.go:446: DockerExternalVolumeSuite.TestExternalVolumeDriverBindExternalVolume	0.416s
PASS: docker_cli_external_volume_driver_unix_test.go:545: DockerExternalVolumeSuite.TestExternalVolumeDriverCapabilities	0.602s
PASS: docker_cli_external_volume_driver_unix_test.go:352: DockerExternalVolumeSuite.TestExternalVolumeDriverDeleteContainer	1.303s
PASS: docker_cli_external_volume_driver_unix_test.go:475: DockerExternalVolumeSuite.TestExternalVolumeDriverGet	15.044s
PASS: docker_cli_external_volume_driver_unix_test.go:508: DockerExternalVolumeSuite.TestExternalVolumeDriverGetEmptyResponse	0.546s
PASS: docker_cli_external_volume_driver_unix_test.go:461: DockerExternalVolumeSuite.TestExternalVolumeDriverList	15.031s
PASS: docker_cli_external_volume_driver_unix_test.go:373: DockerExternalVolumeSuite.TestExternalVolumeDriverLookupNotBlocked	0.116s
PASS: docker_cli_external_volume_driver_unix_test.go:536: DockerExternalVolumeSuite.TestExternalVolumeDriverMountID	1.314s
PASS: docker_cli_external_volume_driver_unix_test.go:297: DockerExternalVolumeSuite.TestExternalVolumeDriverNamed	1.349s
PASS: docker_cli_external_volume_driver_unix_test.go:559: DockerExternalVolumeSuite.TestExternalVolumeDriverOutOfBandDelete	0.795s
PASS: docker_cli_external_volume_driver_unix_test.go:523: DockerExternalVolumeSuite.TestExternalVolumeDriverPathCalls	15.553s
PASS: docker_cli_external_volume_driver_unix_test.go:409: DockerExternalVolumeSuite.TestExternalVolumeDriverRetryNotImmediatelyExists	4.341s
PASS: docker_cli_external_volume_driver_unix_test.go:618: DockerExternalVolumeSuite.TestExternalVolumeDriverUnmountOnCp	1.421s
PASS: docker_cli_external_volume_driver_unix_test.go:608: DockerExternalVolumeSuite.TestExternalVolumeDriverUnmountOnMountFail	0.973s
PASS: docker_cli_external_volume_driver_unix_test.go:319: DockerExternalVolumeSuite.TestExternalVolumeDriverUnnamed	1.314s
PASS: docker_cli_external_volume_driver_unix_test.go:333: DockerExternalVolumeSuite.TestExternalVolumeDriverVolumesFrom	1.889s
PASS: docker_cli_external_volume_driver_unix_test.go:495: DockerExternalVolumeSuite.TestExternalVolumeDriverWithDaemonRestart	1.089s
PASS: docker_cli_external_volume_driver_unix_test.go:285: DockerExternalVolumeSuite.TestVolumeCLICreateOptionConflict	0.053s
PASS: docker_cli_network_unix_test.go:1787: DockerNetworkSuite.TestConntrackFlowsLeak	3.699s
PASS: docker_deprecated_api_v124_unix_test.go:14: DockerNetworkSuite.TestDeprecatedDockerNetworkStartAPIWithHostconfig	0.492s
PASS: docker_cli_network_unix_test.go:865: DockerNetworkSuite.TestDockerNetworkAnonymousEndpoint	2.971s
PASS: docker_cli_network_unix_test.go:539: DockerNetworkSuite.TestDockerNetworkConnectDisconnect	1.273s
PASS: docker_cli_network_unix_test.go:1258: DockerNetworkSuite.TestDockerNetworkConnectDisconnectToStoppedContainer	2.522s
PASS: docker_cli_network_unix_test.go:1192: DockerNetworkSuite.TestDockerNetworkConnectDisconnectWithPortMapping	0.926s
PASS: docker_cli_network_unix_test.go:1415: DockerNetworkSuite.TestDockerNetworkConnectLinkLocalIP	4.665s
PASS: docker_cli_network_unix_test.go:1308: DockerNetworkSuite.TestDockerNetworkConnectPreferredIP	1.791s
PASS: docker_cli_network_unix_test.go:1344: DockerNetworkSuite.TestDockerNetworkConnectPreferredIPStoppedContainer	1.040s
PASS: docker_cli_network_unix_test.go:1158: DockerNetworkSuite.TestDockerNetworkConnectToHostFromOtherNetwork	0.486s
PASS: docker_cli_network_unix_test.go:1523: DockerNetworkSuite.TestDockerNetworkConnectWithAliasOnDefaultNetworks	0.366s
PASS: docker_cli_network_unix_test.go:1229: DockerNetworkSuite.TestDockerNetworkConnectWithMac	0.550s
PASS: docker_cli_network_unix_test.go:1175: DockerNetworkSuite.TestDockerNetworkConnectWithPortMapping	0.667s
PASS: docker_cli_network_unix_test.go:374: DockerNetworkSuite.TestDockerNetworkCreateDelete	0.140s
PASS: docker_cli_network_unix_test.go:1655: DockerNetworkSuite.TestDockerNetworkCreateDeleteSpecialCharacters	0.279s
PASS: docker_cli_network_unix_test.go:298: DockerNetworkSuite.TestDockerNetworkCreateHostBind	0.512s
PASS: docker_cli_network_unix_test.go:382: DockerNetworkSuite.TestDockerNetworkCreateLabel	0.153s
PASS: docker_cli_network_unix_test.go:289: DockerNetworkSuite.TestDockerNetworkCreatePredefined	0.049s
PASS: docker_cli_network_unix_test.go:633: DockerNetworkSuite.TestDockerNetworkCustomIPAM	0.147s
PASS: docker_cli_network_unix_test.go:1292: DockerNetworkSuite.TestDockerNetworkDisconnectContainerNonexistingNetwork	0.769s
PASS: docker_cli_network_unix_test.go:1503: DockerNetworkSuite.TestDockerNetworkDisconnectDefault	0.632s
PASS: docker_cli_network_unix_test.go:1773: DockerNetworkSuite.TestDockerNetworkDisconnectFromBridge	0.086s
PASS: docker_cli_network_unix_test.go:1167: DockerNetworkSuite.TestDockerNetworkDisconnectFromHost	0.284s
PASS: docker_cli_network_unix_test.go:768: DockerNetworkSuite.TestDockerNetworkDriverOptions	0.069s
PASS: docker_cli_network_unix_test.go:979: DockerNetworkSuite.TestDockerNetworkDriverUngracefulRestart	2.201s
PASS: docker_cli_network_unix_test.go:1737: DockerNetworkSuite.TestDockerNetworkFlagAlias	1.857s
PASS: docker_cli_network_unix_test.go:1132: DockerNetworkSuite.TestDockerNetworkHostModeUngracefulDaemonRestart	7.428s
PASS: docker_cli_network_unix_test.go:744: DockerNetworkSuite.TestDockerNetworkIPAMInvalidCombinations	0.179s
PASS: docker_cli_network_unix_test.go:592: DockerNetworkSuite.TestDockerNetworkIPAMMultipleNetworks	0.745s
PASS: docker_cli_network_unix_test.go:649: DockerNetworkSuite.TestDockerNetworkIPAMOptions	0.064s
PASS: docker_cli_network_unix_test.go:1241: DockerNetworkSuite.TestDockerNetworkInspectCreatedContainer	0.076s
PASS: docker_cli_network_unix_test.go:725: DockerNetworkSuite.TestDockerNetworkInspectCustomSpecified	0.139s
PASS: docker_cli_network_unix_test.go:706: DockerNetworkSuite.TestDockerNetworkInspectCustomUnspecified	0.141s
PASS: docker_cli_network_unix_test.go:678: DockerNetworkSuite.TestDockerNetworkInspectDefault	0.002s
PASS: docker_cli_network_unix_test.go:926: DockerNetworkSuite.TestDockerNetworkLinkOnDefaultNetworkOnly	1.719s
PASS: docker_cli_network_unix_test.go:282: DockerNetworkSuite.TestDockerNetworkLsDefault	0.039s
SKIP: docker_cli_network_unix_test.go:318: DockerNetworkSuite.TestDockerNetworkLsFilter (unmatched requirement OnlyDefaultNetworks)
PASS: docker_cli_network_unix_test.go:1020: DockerNetworkSuite.TestDockerNetworkMacInspect	0.545s
PASS: docker_cli_network_unix_test.go:1086: DockerNetworkSuite.TestDockerNetworkMultipleNetworksGracefulDaemonRestart	2.950s
PASS: docker_cli_network_unix_test.go:1105: DockerNetworkSuite.TestDockerNetworkMultipleNetworksUngracefulDaemonRestart	2.648s
PASS: docker_cli_network_unix_test.go:662: DockerNetworkSuite.TestDockerNetworkNullIPAMDriver	0.037s
PASS: docker_cli_network_unix_test.go:952: DockerNetworkSuite.TestDockerNetworkOverlayPortMapping	0.534s
PASS: docker_cli_network_unix_test.go:1247: DockerNetworkSuite.TestDockerNetworkRestartWithMultipleNetworks	1.247s
PASS: docker_cli_network_unix_test.go:309: DockerNetworkSuite.TestDockerNetworkRmPredefined	0.054s
PASS: docker_cli_network_unix_test.go:1126: DockerNetworkSuite.TestDockerNetworkRunNetByID	0.462s
PASS: docker_cli_network_unix_test.go:1367: DockerNetworkSuite.TestDockerNetworkUnsupportedRequiredIP	0.540s
PASS: docker_cli_network_unix_test.go:1749: DockerNetworkSuite.TestDockerNetworkValidateIP	0.659s
PASS: docker_cli_network_unix_test.go:783: DockerNetworkSuite.TestDockerPluginV2NetworkDriver	9.684s
PASS: docker_cli_pull_test.go:194: DockerHubPullSuite.TestPullAllTagsFromCentralRegistry	5.157s
PASS: docker_cli_pull_test.go:238: DockerHubPullSuite.TestPullClientDisconnect	3.039s
PASS: docker_cli_pull_test.go:17: DockerHubPullSuite.TestPullFromCentralRegistry	1.920s
PASS: docker_cli_pull_test.go:116: DockerHubPullSuite.TestPullFromCentralRegistryImplicitRefParts	10.229s
PASS: docker_cli_pull_test.go:41: DockerHubPullSuite.TestPullNonExistingImage	1.091s
PASS: docker_cli_pull_test.go:184: DockerHubPullSuite.TestPullScratchNotAllowed	0.023s
OOPS: 1471 passed, 52 skipped, 1 FAILED
--- FAIL: Test (5596.75s)
FAIL
---> Making bundle: .integration-daemon-stop (in bundles/test-integration)
/go/src/github.com/docker/docker/hack/make/.integration-daemon-stop: line 10: wait: pid 1972 is not a child of this shell
warning: PID 1972 from bundles/test-integration/d3b043290c3e2/docker.pid had a nonzero exit code
Clearing AppArmor profiles cache:.
All profile caches have been cleared, but no profiles have been unloaded.
Unloading profiles will leave already running processes permanently
unconfined, which can lead to unexpected situations.

To set a process to complain mode, use the command line tool
'aa-complain'. To really tear down all profiles, run the init script
with the 'teardown' option."
Removing test suite binaries
Build step 'Execute shell' marked build as failure
Set build name.
New build name is '#38380'
[PostBuildScript] - Executing post build scripts.
[Docker-PRs-experimental] $ /bin/sh -xe /tmp/jenkins7077689571744889101.sh
+ echo Ensuring container killed.
Ensuring container killed.
+ docker rm -vf docker-pr-exp43587
Error: No such container: docker-pr-exp43587
+ true
+ echo Chowning /workspace to jenkins user
Chowning /workspace to jenkins user
+ id -u
+ id -g
+ docker run --rm -v /home/ubuntu/workspace/Docker-PRs-experimental:/workspace busybox chown -R 1000:1000 /workspace
[Docker-PRs-experimental] $ /bin/sh -xe /tmp/jenkins1648949221630070462.sh
+ echo Creating bundles.tar.gz
Creating bundles.tar.gz
+ xargs tar -czf bundles.tar.gz
+ find bundles -name *.log
Archiving artifacts
Notifying endpoint with url 'https://leeroy.dockerproject.org/notification/jenkins'
[WS-CLEANUP] Deleting project workspace...[WS-CLEANUP] done
Finished: FAILURE
