Started by user Gordon
Notifying endpoint with url 'https://leeroy.dockerproject.org/notification/jenkins'
[EnvInject] - Loading node environment variables.
Building remotely on ubuntu-1604-aufs-stable (i-0c357e48756d6a4d5) (docker-edge ubuntu aufs docker-stable docker ubuntu-1604-aufs-edge x86_64 ec2 linux ubuntu-1604-aufs ubuntu-1604 amd64 ubuntu-1604-aufs-stable us-west-2) in workspace /home/ubuntu/workspace/Docker-PRs-experimental
Wiping out workspace first.
Cloning the remote Git repository
Cloning repository https://github.com/moby/moby.git
 > git init /home/ubuntu/workspace/Docker-PRs-experimental # timeout=10
Fetching upstream changes from https://github.com/moby/moby.git
 > git --version # timeout=10
 > git fetch --tags --progress https://github.com/moby/moby.git +refs/heads/*:refs/remotes/origin/*
 > git config remote.origin.url https://github.com/moby/moby.git # timeout=10
 > git config --add remote.origin.fetch +refs/heads/*:refs/remotes/origin/* # timeout=10
 > git config remote.origin.url https://github.com/moby/moby.git # timeout=10
Fetching upstream changes from https://github.com/moby/moby.git
 > git fetch --tags --progress https://github.com/moby/moby.git +refs/heads/*:refs/remotes/origin/*
 > git rev-parse origin/master^{commit} # timeout=10
Checking out Revision 5a718ef0f94f605fe4e4885937133c2f76ad2a41 (origin/master)
 > git config core.sparsecheckout # timeout=10
 > git checkout -f 5a718ef0f94f605fe4e4885937133c2f76ad2a41
Commit message: "Merge pull request #38496 from Microsoft/jjh/dockerfile.windows"
 > git rev-list --no-walk 5a718ef0f94f605fe4e4885937133c2f76ad2a41 # timeout=10
Set build name.
New build name is '#38487'
[Docker-PRs-experimental] $ /bin/bash /tmp/jenkins2858433058104453950.sh
From https://github.com/moby/moby
 * [new ref]         refs/pull/38487/head -> origin/pr/38487
Auto-merging integration/build/build_test.go
Merge made by the 'recursive' strategy.
 builder/remotecontext/detect.go                    |  9 +++-
 integration/build/build_test.go                    | 46 ++++++++++++++++++
 vendor.conf                                        |  2 +-
 vendor/github.com/moby/buildkit/README.md          | 56 +++++-----------------
 .../dockerfile/dockerfile2llb/convert_secrets.go   | 16 +++++++
 .../dockerfile/dockerfile2llb/convert_ssh.go       | 17 ++++++-
 .../dockerfile/instructions/commands_runmount.go   | 35 ++++++++++++++
 .../buildkit/frontend/dockerfile/parser/parser.go  |  5 ++
 .../moby/buildkit/snapshot/snapshotter.go          |  2 +-
 .../moby/buildkit/solver/llbsolver/ops/exec.go     |  4 +-
 vendor/github.com/moby/buildkit/vendor.conf        |  8 ++--
 11 files changed, 145 insertions(+), 55 deletions(-)
Sending build context to Docker daemon  45.11MB
Step 1/94 : FROM golang:1.11.4 AS base
 ---> 343df9d12b7b
Step 2/94 : ARG APT_MIRROR=deb.debian.org
 ---> Using cache
 ---> 472fae595880
Step 3/94 : RUN sed -ri "s/(httpredir|deb).debian.org/$APT_MIRROR/g" /etc/apt/sources.list
 ---> Using cache
 ---> 0de6749ab065
Step 4/94 : FROM base AS criu
 ---> 0de6749ab065
Step 5/94 : ENV CRIU_VERSION 3.6
 ---> Using cache
 ---> 760c6589cad7
Step 6/94 : RUN apt-get update && apt-get install -y 	libnet-dev 	libprotobuf-c0-dev 	libprotobuf-dev 	libnl-3-dev 	libcap-dev 	protobuf-compiler 	protobuf-c-compiler 	python-protobuf 	&& mkdir -p /usr/src/criu 	&& curl -sSL https://github.com/checkpoint-restore/criu/archive/v${CRIU_VERSION}.tar.gz | tar -C /usr/src/criu/ -xz --strip-components=1 	&& cd /usr/src/criu 	&& make 	&& make PREFIX=/build/ install-criu
 ---> Using cache
 ---> c228f7cc4e57
Step 7/94 : FROM base AS registry
 ---> 0de6749ab065
Step 8/94 : ENV REGISTRY_COMMIT_SCHEMA1 ec87e9b6971d831f0eff752ddb54fb64693e51cd
 ---> Using cache
 ---> 28342a37c685
Step 9/94 : ENV REGISTRY_COMMIT 47a064d4195a9b56133891bbb13620c3ac83a827
 ---> Using cache
 ---> 80fa28deb64a
Step 10/94 : RUN set -x 	&& export GOPATH="$(mktemp -d)" 	&& git clone https://github.com/docker/distribution.git "$GOPATH/src/github.com/docker/distribution" 	&& (cd "$GOPATH/src/github.com/docker/distribution" && git checkout -q "$REGISTRY_COMMIT") 	&& GOPATH="$GOPATH/src/github.com/docker/distribution/Godeps/_workspace:$GOPATH" 		go build -buildmode=pie -o /build/registry-v2 github.com/docker/distribution/cmd/registry 	&& case $(dpkg --print-architecture) in 		amd64|ppc64*|s390x) 		(cd "$GOPATH/src/github.com/docker/distribution" && git checkout -q "$REGISTRY_COMMIT_SCHEMA1"); 		GOPATH="$GOPATH/src/github.com/docker/distribution/Godeps/_workspace:$GOPATH"; 			go build -buildmode=pie -o /build/registry-v2-schema1 github.com/docker/distribution/cmd/registry; 		;; 	   esac 	&& rm -rf "$GOPATH"
 ---> Using cache
 ---> 290e3bff993f
Step 11/94 : FROM base AS docker-py
 ---> 0de6749ab065
Step 12/94 : ENV DOCKER_PY_COMMIT 8b246db271a85d6541dc458838627e89c683e42f
 ---> Using cache
 ---> 0e671ce940cf
Step 13/94 : RUN git clone https://github.com/docker/docker-py.git /build 	&& cd /build 	&& git checkout -q $DOCKER_PY_COMMIT
 ---> Using cache
 ---> d65ee26a4354
Step 14/94 : FROM base AS swagger
 ---> 0de6749ab065
Step 15/94 : ENV GO_SWAGGER_COMMIT c28258affb0b6251755d92489ef685af8d4ff3eb
 ---> Using cache
 ---> 803caa7999ae
Step 16/94 : RUN set -x 	&& export GOPATH="$(mktemp -d)" 	&& git clone https://github.com/go-swagger/go-swagger.git "$GOPATH/src/github.com/go-swagger/go-swagger" 	&& (cd "$GOPATH/src/github.com/go-swagger/go-swagger" && git checkout -q "$GO_SWAGGER_COMMIT") 	&& go build -o /build/swagger github.com/go-swagger/go-swagger/cmd/swagger 	&& rm -rf "$GOPATH"
 ---> Using cache
 ---> 1e27f9ab0056
Step 17/94 : FROM base AS frozen-images
 ---> 0de6749ab065
Step 18/94 : RUN apt-get update && apt-get install -y jq ca-certificates --no-install-recommends
 ---> Using cache
 ---> e652202688f7
Step 19/94 : COPY contrib/download-frozen-image-v2.sh /
 ---> Using cache
 ---> df479fb63f67
Step 20/94 : RUN /download-frozen-image-v2.sh /build 	buildpack-deps:jessie@sha256:dd86dced7c9cd2a724e779730f0a53f93b7ef42228d4344b25ce9a42a1486251 	busybox:latest@sha256:bbc3a03235220b170ba48a157dd097dd1379299370e1ed99ce976df0355d24f0 	busybox:glibc@sha256:0b55a30394294ab23b9afd58fab94e61a923f5834fba7ddbae7f8e0c11ba85e6 	debian:jessie@sha256:287a20c5f73087ab406e6b364833e3fb7b3ae63ca0eb3486555dc27ed32c6e60 	hello-world:latest@sha256:be0cd392e45be79ffeffa6b05338b98ebb16c87b255f48e297ec7f98e123905c
 ---> Using cache
 ---> 0d79bf50f026
Step 21/94 : FROM base AS runtime-dev
 ---> 0de6749ab065
Step 22/94 : RUN apt-get update && apt-get install -y 	libapparmor-dev 	libseccomp-dev
 ---> Using cache
 ---> 1d65cde1a603
Step 23/94 : FROM base AS tomlv
 ---> 0de6749ab065
Step 24/94 : ENV INSTALL_BINARY_NAME=tomlv
 ---> Using cache
 ---> 562d873ba564
Step 25/94 : COPY hack/dockerfile/install/install.sh ./install.sh
 ---> Using cache
 ---> eddc01529826
Step 26/94 : COPY hack/dockerfile/install/$INSTALL_BINARY_NAME.installer ./
 ---> Using cache
 ---> 71edaf08f48a
Step 27/94 : RUN PREFIX=/build ./install.sh $INSTALL_BINARY_NAME
 ---> Using cache
 ---> 86af440c25fb
Step 28/94 : FROM base AS vndr
 ---> 0de6749ab065
Step 29/94 : ENV INSTALL_BINARY_NAME=vndr
 ---> Using cache
 ---> af5af5ce574c
Step 30/94 : COPY hack/dockerfile/install/install.sh ./install.sh
 ---> Using cache
 ---> e078ff1c035e
Step 31/94 : COPY hack/dockerfile/install/$INSTALL_BINARY_NAME.installer ./
 ---> Using cache
 ---> c76a57ecd391
Step 32/94 : RUN PREFIX=/build ./install.sh $INSTALL_BINARY_NAME
 ---> Using cache
 ---> 22debe5ec334
Step 33/94 : FROM base AS containerd
 ---> 0de6749ab065
Step 34/94 : RUN apt-get update && apt-get install -y btrfs-tools
 ---> Using cache
 ---> a4253a4f8563
Step 35/94 : ENV INSTALL_BINARY_NAME=containerd
 ---> Using cache
 ---> e0045d39a782
Step 36/94 : COPY hack/dockerfile/install/install.sh ./install.sh
 ---> Using cache
 ---> 8f2a382c6d9b
Step 37/94 : COPY hack/dockerfile/install/$INSTALL_BINARY_NAME.installer ./
 ---> Using cache
 ---> de011f3b2f10
Step 38/94 : RUN PREFIX=/build ./install.sh $INSTALL_BINARY_NAME
 ---> Using cache
 ---> 5c8254958717
Step 39/94 : FROM base AS proxy
 ---> 0de6749ab065
Step 40/94 : ENV INSTALL_BINARY_NAME=proxy
 ---> Using cache
 ---> 5410aa7e60a8
Step 41/94 : COPY hack/dockerfile/install/install.sh ./install.sh
 ---> Using cache
 ---> 78dd5ef991f5
Step 42/94 : COPY hack/dockerfile/install/$INSTALL_BINARY_NAME.installer ./
 ---> Using cache
 ---> 9be3a364636e
Step 43/94 : RUN PREFIX=/build ./install.sh $INSTALL_BINARY_NAME
 ---> Using cache
 ---> c140c7c731c1
Step 44/94 : FROM base AS gometalinter
 ---> 0de6749ab065
Step 45/94 : ENV INSTALL_BINARY_NAME=gometalinter
 ---> Using cache
 ---> fb4d6f421b58
Step 46/94 : COPY hack/dockerfile/install/install.sh ./install.sh
 ---> Using cache
 ---> 9d796f6ad28d
Step 47/94 : COPY hack/dockerfile/install/$INSTALL_BINARY_NAME.installer ./
 ---> Using cache
 ---> e6b3ef6279ec
Step 48/94 : RUN PREFIX=/build ./install.sh $INSTALL_BINARY_NAME
 ---> Using cache
 ---> 55b17d90c903
Step 49/94 : FROM base AS dockercli
 ---> 0de6749ab065
Step 50/94 : ENV INSTALL_BINARY_NAME=dockercli
 ---> Using cache
 ---> 9af54fd3f349
Step 51/94 : COPY hack/dockerfile/install/install.sh ./install.sh
 ---> Using cache
 ---> 8fff872a8ce5
Step 52/94 : COPY hack/dockerfile/install/$INSTALL_BINARY_NAME.installer ./
 ---> Using cache
 ---> 80388149ff95
Step 53/94 : RUN PREFIX=/build ./install.sh $INSTALL_BINARY_NAME
 ---> Using cache
 ---> 3f84fb92e3f8
Step 54/94 : FROM runtime-dev AS runc
 ---> 1d65cde1a603
Step 55/94 : ENV INSTALL_BINARY_NAME=runc
 ---> Using cache
 ---> 71d02a0e1e19
Step 56/94 : COPY hack/dockerfile/install/install.sh ./install.sh
 ---> Using cache
 ---> 56cf79dde6a5
Step 57/94 : COPY hack/dockerfile/install/$INSTALL_BINARY_NAME.installer ./
 ---> Using cache
 ---> b03407a4834d
Step 58/94 : RUN PREFIX=/build ./install.sh $INSTALL_BINARY_NAME
 ---> Using cache
 ---> 453f032ae7fa
Step 59/94 : FROM base AS tini
 ---> 0de6749ab065
Step 60/94 : RUN apt-get update && apt-get install -y cmake vim-common
 ---> Using cache
 ---> 1c7c36c3d673
Step 61/94 : COPY hack/dockerfile/install/install.sh ./install.sh
 ---> Using cache
 ---> 8c52897bdff6
Step 62/94 : ENV INSTALL_BINARY_NAME=tini
 ---> Using cache
 ---> 1705879b7b71
Step 63/94 : COPY hack/dockerfile/install/$INSTALL_BINARY_NAME.installer ./
 ---> Using cache
 ---> 91e1d8ed87dd
Step 64/94 : RUN PREFIX=/build ./install.sh $INSTALL_BINARY_NAME
 ---> Using cache
 ---> 2a2101e7ab46
Step 65/94 : FROM runtime-dev AS dev
 ---> 1d65cde1a603
Step 66/94 : RUN groupadd -r docker
 ---> Using cache
 ---> 1a46730d4bc8
Step 67/94 : RUN useradd --create-home --gid docker unprivilegeduser
 ---> Using cache
 ---> f0b510ba3d40
Step 68/94 : RUN ln -sfv /go/src/github.com/docker/docker/.bashrc ~/.bashrc
 ---> Using cache
 ---> 9c22d79cfff7
Step 69/94 : RUN echo "source /usr/share/bash-completion/bash_completion" >> /etc/bash.bashrc
 ---> Using cache
 ---> d1255af88ddf
Step 70/94 : RUN ln -s /usr/local/completion/bash/docker /etc/bash_completion.d/docker
 ---> Using cache
 ---> 6b07660fe047
Step 71/94 : RUN ldconfig
 ---> Using cache
 ---> 80232db086e9
Step 72/94 : RUN apt-get update && apt-get install -y 	apparmor 	aufs-tools 	bash-completion 	btrfs-tools 	iptables 	jq 	libcap2-bin 	libdevmapper-dev 	libudev-dev 	libsystemd-dev 	binutils-mingw-w64 	g++-mingw-w64-x86-64 	net-tools 	pigz 	python-backports.ssl-match-hostname 	python-dev 	python-mock 	python-pip 	python-requests 	python-setuptools 	python-websocket 	python-wheel 	thin-provisioning-tools 	vim 	vim-common 	xfsprogs 	zip 	bzip2 	xz-utils 	--no-install-recommends
 ---> Using cache
 ---> 894573506342
Step 73/94 : COPY --from=swagger /build/swagger* /usr/local/bin/
 ---> Using cache
 ---> b602092a1991
Step 74/94 : COPY --from=frozen-images /build/ /docker-frozen-images
 ---> Using cache
 ---> 42bc6a5843fd
Step 75/94 : COPY --from=gometalinter /build/ /usr/local/bin/
 ---> Using cache
 ---> 9ae98a613ad2
Step 76/94 : COPY --from=tomlv /build/ /usr/local/bin/
 ---> Using cache
 ---> 0223890a4b3a
Step 77/94 : COPY --from=vndr /build/ /usr/local/bin/
 ---> Using cache
 ---> 691f81c96e7a
Step 78/94 : COPY --from=tini /build/ /usr/local/bin/
 ---> Using cache
 ---> c950b0f24f6c
Step 79/94 : COPY --from=runc /build/ /usr/local/bin/
 ---> Using cache
 ---> 37073c65f242
Step 80/94 : COPY --from=containerd /build/ /usr/local/bin/
 ---> Using cache
 ---> 7a0a30137612
Step 81/94 : COPY --from=proxy /build/ /usr/local/bin/
 ---> Using cache
 ---> d7aac7a06abd
Step 82/94 : COPY --from=dockercli /build/ /usr/local/cli
 ---> Using cache
 ---> ecf2f35a8361
Step 83/94 : COPY --from=registry /build/registry* /usr/local/bin/
 ---> Using cache
 ---> 1fcfcff1d14a
Step 84/94 : COPY --from=criu /build/ /usr/local/
 ---> Using cache
 ---> b5568c60efd9
Step 85/94 : COPY --from=docker-py /build/ /docker-py
 ---> Using cache
 ---> 97842172cca1
Step 86/94 : RUN cd /docker-py 	&& pip install docker-pycreds==0.2.1 	&& pip install yamllint==1.5.0 	&& pip install -r test-requirements.txt
 ---> Using cache
 ---> 3edc60e1306f
Step 87/94 : ENV PATH=/usr/local/cli:$PATH
 ---> Using cache
 ---> 5c4b7c5a7df0
Step 88/94 : ENV DOCKER_BUILDTAGS apparmor seccomp selinux
 ---> Using cache
 ---> a77971325b3d
Step 89/94 : ENV GOMETALINTER_OPTS="--deadline=2m"
 ---> Using cache
 ---> 50ffb45c122b
Step 90/94 : WORKDIR /go/src/github.com/docker/docker
 ---> Using cache
 ---> 0e8b6d06bf54
Step 91/94 : VOLUME /var/lib/docker
 ---> Using cache
 ---> 37f76ca36422
Step 92/94 : ENTRYPOINT ["hack/dind"]
 ---> Using cache
 ---> 7a1428d66239
Step 93/94 : FROM dev AS final
 ---> 7a1428d66239
Step 94/94 : COPY . /go/src/github.com/docker/docker
 ---> e093684adcec
Successfully built e093684adcec
Successfully tagged docker:97a4f6a-exp

Removing bundles/

---> Making bundle: binary-daemon (in bundles/binary-daemon)
Building: bundles/binary-daemon/dockerd-dev
Created binary: bundles/binary-daemon/dockerd-dev
Copying nested executables into bundles/binary-daemon

---> Making bundle: test-integration (in bundles/test-integration)
Building test suite binary ./integration-cli/test.main
Building test suite binary ./integration/plugin/test.main
Building test suite binary ./integration/plugin/authz/test.main
Building test suite binary ./integration/plugin/logging/test.main
Building test suite binary ./integration/plugin/logging/cmd/test.main
Building test suite binary ./integration/plugin/logging/cmd/close_on_start/test.main
Building test suite binary ./integration/plugin/logging/cmd/dummy/test.main
Building test suite binary ./integration/plugin/common/test.main
Building test suite binary ./integration/plugin/volumes/test.main
Building test suite binary ./integration/plugin/volumes/cmd/test.main
Building test suite binary ./integration/plugin/volumes/cmd/dummy/test.main
Building test suite binary ./integration/plugin/graphdriver/test.main
Building test suite binary ./integration/config/test.main
Building test suite binary ./integration/service/test.main
Building test suite binary ./integration/network/test.main
Building test suite binary ./integration/network/ipvlan/test.main
Building test suite binary ./integration/network/macvlan/test.main
Building test suite binary ./integration/secret/test.main
Building test suite binary ./integration/session/test.main
Building test suite binary ./integration/container/test.main
Building test suite binary ./integration/build/test.main
Building test suite binary ./integration/volume/test.main
Building test suite binary ./integration/system/test.main
Building test suite binary ./integration/image/test.main
---> Making bundle: .integration-daemon-start (in bundles/test-integration)
Using test binary docker
# DOCKER_EXPERIMENTAL is set: starting daemon with experimental features enabled! 
/etc/init.d/apparmor: 130: /etc/init.d/apparmor: systemd-detect-virt: not found
Starting AppArmor profiles:Warning from stdin (line 1): /sbin/apparmor_parser: cannot use or update cache, disable, or force-complain via stdin
Warning failed to create cache: (null)
.
INFO: Waiting for daemon to start...
Starting dockerd
.
---> Making bundle: .integration-daemon-setup (in bundles/test-integration)
---> Making bundle: .ensure-emptyfs (in bundles/test-integration)
Error: No such image: emptyfs
Running integration-test (iteration 1)
Running /go/src/github.com/docker/docker/integration/plugin
testing: warning: no tests to run
PASS
Running /go/src/github.com/docker/docker/integration/plugin/authz
Loaded image: buildpack-deps:jessie
Loaded image: busybox:latest
Loaded image: busybox:glibc
Loaded image: debian:jessie
Loaded image: hello-world:latest
INFO: Testing against a local daemon
=== RUN   TestAuthZPluginAllowRequest
--- PASS: TestAuthZPluginAllowRequest (3.49s)
    daemon.go:296: [d60ea4ff85606] waiting for daemon to start
    daemon.go:328: [d60ea4ff85606] daemon started
    daemon.go:283: [d60ea4ff85606] exiting daemon
=== RUN   TestAuthZPluginTLS
--- PASS: TestAuthZPluginTLS (0.53s)
    daemon.go:296: [d60e4f7225a12] waiting for daemon to start
    daemon.go:328: [d60e4f7225a12] daemon started
    daemon.go:283: [d60e4f7225a12] exiting daemon
=== RUN   TestAuthZPluginDenyRequest
--- PASS: TestAuthZPluginDenyRequest (0.52s)
    daemon.go:296: [d089174a53b19] waiting for daemon to start
    daemon.go:328: [d089174a53b19] daemon started
    daemon.go:283: [d089174a53b19] exiting daemon
=== RUN   TestAuthZPluginAPIDenyResponse
--- PASS: TestAuthZPluginAPIDenyResponse (0.53s)
    daemon.go:296: [d93169263fe32] waiting for daemon to start
    daemon.go:328: [d93169263fe32] daemon started
    daemon.go:283: [d93169263fe32] exiting daemon
=== RUN   TestAuthZPluginDenyResponse
--- PASS: TestAuthZPluginDenyResponse (0.52s)
    daemon.go:296: [d826198635e77] waiting for daemon to start
    daemon.go:328: [d826198635e77] daemon started
    daemon.go:283: [d826198635e77] exiting daemon
=== RUN   TestAuthZPluginAllowEventStream
--- PASS: TestAuthZPluginAllowEventStream (4.01s)
    daemon.go:296: [d260c0cda6dd9] waiting for daemon to start
    daemon.go:328: [d260c0cda6dd9] daemon started
    daemon.go:283: [d260c0cda6dd9] exiting daemon
=== RUN   TestAuthZPluginErrorResponse
--- PASS: TestAuthZPluginErrorResponse (2.42s)
    daemon.go:296: [d1e56e4dff819] waiting for daemon to start
    daemon.go:328: [d1e56e4dff819] daemon started
    daemon.go:283: [d1e56e4dff819] exiting daemon
=== RUN   TestAuthZPluginErrorRequest
--- PASS: TestAuthZPluginErrorRequest (3.50s)
    daemon.go:296: [df574d5b15b71] waiting for daemon to start
    daemon.go:328: [df574d5b15b71] daemon started
    daemon.go:283: [df574d5b15b71] exiting daemon
=== RUN   TestAuthZPluginEnsureNoDuplicatePluginRegistration
--- PASS: TestAuthZPluginEnsureNoDuplicatePluginRegistration (2.37s)
    daemon.go:296: [d1ab5901596ff] waiting for daemon to start
    daemon.go:328: [d1ab5901596ff] daemon started
    daemon.go:283: [d1ab5901596ff] exiting daemon
=== RUN   TestAuthZPluginEnsureLoadImportWorking
--- PASS: TestAuthZPluginEnsureLoadImportWorking (1.49s)
    daemon.go:296: [d0d5b9cebe002] waiting for daemon to start
    daemon.go:328: [d0d5b9cebe002] daemon started
    daemon.go:283: [d0d5b9cebe002] exiting daemon
=== RUN   TestAuthzPluginEnsureContainerCopyToFrom
--- PASS: TestAuthzPluginEnsureContainerCopyToFrom (1.50s)
    daemon.go:296: [d43b40abf84d2] waiting for daemon to start
    daemon.go:328: [d43b40abf84d2] daemon started
    daemon.go:283: [d43b40abf84d2] exiting daemon
=== RUN   TestAuthZPluginHeader
--- PASS: TestAuthZPluginHeader (0.73s)
    daemon.go:296: [da82033081bc3] waiting for daemon to start
    daemon.go:328: [da82033081bc3] daemon started
    daemon.go:283: [da82033081bc3] exiting daemon
=== RUN   TestAuthZPluginV2AllowNonVolumeRequest
--- PASS: TestAuthZPluginV2AllowNonVolumeRequest (6.73s)
    daemon.go:296: [d55a7b82fb059] waiting for daemon to start
    daemon.go:328: [d55a7b82fb059] daemon started
    daemon.go:283: [d55a7b82fb059] exiting daemon
    daemon.go:296: [d55a7b82fb059] waiting for daemon to start
    daemon.go:328: [d55a7b82fb059] daemon started
    daemon.go:283: [d55a7b82fb059] exiting daemon
=== RUN   TestAuthZPluginV2Disable
--- PASS: TestAuthZPluginV2Disable (6.54s)
    daemon.go:296: [d5516d3fd28fc] waiting for daemon to start
    daemon.go:328: [d5516d3fd28fc] daemon started
    daemon.go:283: [d5516d3fd28fc] exiting daemon
    daemon.go:296: [d5516d3fd28fc] waiting for daemon to start
    daemon.go:328: [d5516d3fd28fc] daemon started
    daemon.go:283: [d5516d3fd28fc] exiting daemon
=== RUN   TestAuthZPluginV2RejectVolumeRequests
--- PASS: TestAuthZPluginV2RejectVolumeRequests (5.89s)
    daemon.go:296: [df6406a3ac7f2] waiting for daemon to start
    daemon.go:328: [df6406a3ac7f2] daemon started
    daemon.go:283: [df6406a3ac7f2] exiting daemon
    daemon.go:296: [df6406a3ac7f2] waiting for daemon to start
    daemon.go:328: [df6406a3ac7f2] daemon started
    daemon.go:283: [df6406a3ac7f2] exiting daemon
=== RUN   TestAuthZPluginV2BadManifestFailsDaemonStart
--- PASS: TestAuthZPluginV2BadManifestFailsDaemonStart (13.74s)
    daemon.go:296: [df986aa932f95] waiting for daemon to start
    daemon.go:328: [df986aa932f95] daemon started
    daemon.go:283: [df986aa932f95] exiting daemon
    daemon.go:296: [df986aa932f95] waiting for daemon to start
    daemon.go:296: [df986aa932f95] waiting for daemon to start
    daemon.go:283: [df986aa932f95] exiting daemon
    daemon.go:296: [df986aa932f95] waiting for daemon to start
    daemon.go:328: [df986aa932f95] daemon started
    daemon.go:283: [df986aa932f95] exiting daemon
=== RUN   TestAuthZPluginV2NonexistentFailsDaemonStart
--- PASS: TestAuthZPluginV2NonexistentFailsDaemonStart (16.54s)
    daemon.go:296: [d628b1409162b] waiting for daemon to start
    daemon.go:328: [d628b1409162b] daemon started
    daemon.go:283: [d628b1409162b] exiting daemon
    daemon.go:296: [d628b1409162b] waiting for daemon to start
    daemon.go:296: [d628b1409162b] waiting for daemon to start
    daemon.go:296: [d628b1409162b] waiting for daemon to start
    daemon.go:328: [d628b1409162b] daemon started
    daemon.go:283: [d628b1409162b] exiting daemon
PASS
Running /go/src/github.com/docker/docker/integration/plugin/logging
INFO: Testing against a local daemon
=== RUN   TestContinueAfterPluginCrash
=== PAUSE TestContinueAfterPluginCrash
=== RUN   TestDaemonStartWithLogOpt
=== PAUSE TestDaemonStartWithLogOpt
=== CONT  TestContinueAfterPluginCrash
=== CONT  TestDaemonStartWithLogOpt
--- PASS: TestDaemonStartWithLogOpt (13.54s)
    daemon.go:296: [dab771bd775d3] waiting for daemon to start
    daemon.go:328: [dab771bd775d3] daemon started
    daemon.go:283: [dab771bd775d3] exiting daemon
    daemon.go:296: [dab771bd775d3] waiting for daemon to start
    daemon.go:328: [dab771bd775d3] daemon started
    daemon.go:283: [dab771bd775d3] exiting daemon
--- PASS: TestContinueAfterPluginCrash (18.42s)
    daemon.go:296: [d2e6fe153de22] waiting for daemon to start
    daemon.go:328: [d2e6fe153de22] daemon started
    daemon.go:283: [d2e6fe153de22] exiting daemon
PASS
Running /go/src/github.com/docker/docker/integration/plugin/logging/cmd
testing: warning: no tests to run
PASS
Running /go/src/github.com/docker/docker/integration/plugin/logging/cmd/close_on_start
testing: warning: no tests to run
PASS
Running /go/src/github.com/docker/docker/integration/plugin/logging/cmd/dummy
testing: warning: no tests to run
PASS
Running /go/src/github.com/docker/docker/integration/plugin/common
INFO: Testing against a local daemon
=== RUN   TestPluginInvalidJSON
=== RUN   TestPluginInvalidJSON//plugins/foobar/set
=== PAUSE TestPluginInvalidJSON//plugins/foobar/set
=== CONT  TestPluginInvalidJSON//plugins/foobar/set
--- PASS: TestPluginInvalidJSON (0.01s)
    --- PASS: TestPluginInvalidJSON//plugins/foobar/set (0.00s)
PASS
Running /go/src/github.com/docker/docker/integration/plugin/volumes
INFO: Testing against a local daemon
=== RUN   TestPluginWithDevMounts
=== PAUSE TestPluginWithDevMounts
=== CONT  TestPluginWithDevMounts
--- PASS: TestPluginWithDevMounts (1.76s)
    daemon.go:296: [d62a4fa7c4779] waiting for daemon to start
    daemon.go:328: [d62a4fa7c4779] daemon started
    daemon.go:283: [d62a4fa7c4779] exiting daemon
PASS
Running /go/src/github.com/docker/docker/integration/plugin/volumes/cmd
testing: warning: no tests to run
PASS
Running /go/src/github.com/docker/docker/integration/plugin/volumes/cmd/dummy
testing: warning: no tests to run
PASS
Running /go/src/github.com/docker/docker/integration/plugin/graphdriver
INFO: Testing against a local daemon
=== RUN   TestExternalGraphDriver
=== RUN   TestExternalGraphDriver/json
=== RUN   TestExternalGraphDriver/spec
=== RUN   TestExternalGraphDriver/pull
--- PASS: TestExternalGraphDriver (6.98s)
    daemon.go:296: [dfb1b30ed8065] waiting for daemon to start
    daemon.go:328: [dfb1b30ed8065] daemon started
    daemon.go:283: [dfb1b30ed8065] exiting daemon
    daemon.go:296: [dfb1b30ed8065] waiting for daemon to start
    daemon.go:328: [dfb1b30ed8065] daemon started
    daemon.go:283: [dfb1b30ed8065] exiting daemon
    --- PASS: TestExternalGraphDriver/json (1.72s)
    daemon.go:296: [dfb1b30ed8065] waiting for daemon to start
    daemon.go:328: [dfb1b30ed8065] daemon started
    daemon.go:283: [dfb1b30ed8065] exiting daemon
    daemon.go:296: [dfb1b30ed8065] waiting for daemon to start
    daemon.go:328: [dfb1b30ed8065] daemon started
    daemon.go:283: [dfb1b30ed8065] exiting daemon
    --- PASS: TestExternalGraphDriver/spec (1.77s)
    daemon.go:296: [dfb1b30ed8065] waiting for daemon to start
    daemon.go:328: [dfb1b30ed8065] daemon started
    daemon.go:283: [dfb1b30ed8065] exiting daemon
    --- PASS: TestExternalGraphDriver/pull (3.03s)
=== RUN   TestGraphdriverPluginV2
--- SKIP: TestGraphdriverPluginV2 (0.31s)
    external_test.go:411: !requirement.Overlay2Supported(testEnv.DaemonInfo.KernelVersion)
PASS
Running /go/src/github.com/docker/docker/integration/config
INFO: Testing against a local daemon
=== RUN   TestConfigList
--- PASS: TestConfigList (2.05s)
    daemon.go:296: [d6f26704b0d4f] waiting for daemon to start
    daemon.go:328: [d6f26704b0d4f] daemon started
    daemon.go:283: [d6f26704b0d4f] exiting daemon
=== RUN   TestConfigsCreateAndDelete
--- PASS: TestConfigsCreateAndDelete (2.05s)
    daemon.go:296: [d7b6c4da135ec] waiting for daemon to start
    daemon.go:328: [d7b6c4da135ec] daemon started
    daemon.go:283: [d7b6c4da135ec] exiting daemon
=== RUN   TestConfigsUpdate
--- PASS: TestConfigsUpdate (2.17s)
    daemon.go:296: [d77cc80472dd1] waiting for daemon to start
    daemon.go:328: [d77cc80472dd1] daemon started
    daemon.go:283: [d77cc80472dd1] exiting daemon
=== RUN   TestTemplatedConfig
--- PASS: TestTemplatedConfig (2.59s)
    daemon.go:296: [d62377ae6ad73] waiting for daemon to start
    daemon.go:328: [d62377ae6ad73] daemon started
    daemon.go:283: [d62377ae6ad73] exiting daemon
=== RUN   TestConfigInspect
--- PASS: TestConfigInspect (2.17s)
    daemon.go:296: [db2c93121f706] waiting for daemon to start
    daemon.go:328: [db2c93121f706] daemon started
    daemon.go:283: [db2c93121f706] exiting daemon
=== RUN   TestConfigCreateWithLabels
--- PASS: TestConfigCreateWithLabels (2.07s)
    daemon.go:296: [d5a9eef10fb45] waiting for daemon to start
    daemon.go:328: [d5a9eef10fb45] daemon started
    daemon.go:283: [d5a9eef10fb45] exiting daemon
=== RUN   TestConfigCreateResolve
--- PASS: TestConfigCreateResolve (2.07s)
    daemon.go:296: [da221c905b720] waiting for daemon to start
    daemon.go:328: [da221c905b720] daemon started
    daemon.go:283: [da221c905b720] exiting daemon
PASS
Running /go/src/github.com/docker/docker/integration/service
INFO: Testing against a local daemon
=== RUN   TestServiceCreateInit
=== RUN   TestServiceCreateInit/daemonInitDisabled
=== RUN   TestServiceCreateInit/daemonInitEnabled
--- PASS: TestServiceCreateInit (8.01s)
    --- PASS: TestServiceCreateInit/daemonInitDisabled (3.98s)
        daemon.go:296: [d1fb4f49bd0b8] waiting for daemon to start
        daemon.go:328: [d1fb4f49bd0b8] daemon started
        daemon.go:283: [d1fb4f49bd0b8] exiting daemon
    --- PASS: TestServiceCreateInit/daemonInitEnabled (4.02s)
        daemon.go:296: [d0fa2b9428890] waiting for daemon to start
        daemon.go:328: [d0fa2b9428890] daemon started
        daemon.go:283: [d0fa2b9428890] exiting daemon
=== RUN   TestCreateServiceMultipleTimes
--- PASS: TestCreateServiceMultipleTimes (24.13s)
    daemon.go:296: [de541f7e768c7] waiting for daemon to start
    daemon.go:328: [de541f7e768c7] daemon started
    daemon.go:283: [de541f7e768c7] exiting daemon
=== RUN   TestCreateServiceConflict
--- PASS: TestCreateServiceConflict (2.11s)
    daemon.go:296: [d4ee3c768cf9f] waiting for daemon to start
    daemon.go:328: [d4ee3c768cf9f] daemon started
    daemon.go:283: [d4ee3c768cf9f] exiting daemon
=== RUN   TestCreateServiceMaxReplicas
--- PASS: TestCreateServiceMaxReplicas (2.91s)
    daemon.go:296: [d6c05d5e1b6f9] waiting for daemon to start
    daemon.go:328: [d6c05d5e1b6f9] daemon started
    daemon.go:283: [d6c05d5e1b6f9] exiting daemon
=== RUN   TestCreateWithDuplicateNetworkNames
--- PASS: TestCreateWithDuplicateNetworkNames (14.00s)
    daemon.go:296: [d4646539e1582] waiting for daemon to start
    daemon.go:328: [d4646539e1582] daemon started
    daemon.go:283: [d4646539e1582] exiting daemon
=== RUN   TestCreateServiceSecretFileMode
--- PASS: TestCreateServiceSecretFileMode (2.54s)
    daemon.go:296: [d83ee0028e616] waiting for daemon to start
    daemon.go:328: [d83ee0028e616] daemon started
    daemon.go:283: [d83ee0028e616] exiting daemon
=== RUN   TestCreateServiceConfigFileMode
--- PASS: TestCreateServiceConfigFileMode (2.60s)
    daemon.go:296: [d82329bf323ef] waiting for daemon to start
    daemon.go:328: [d82329bf323ef] daemon started
    daemon.go:283: [d82329bf323ef] exiting daemon
=== RUN   TestCreateServiceSysctls
--- PASS: TestCreateServiceSysctls (3.31s)
    daemon.go:296: [d238d19bc8a35] waiting for daemon to start
    daemon.go:328: [d238d19bc8a35] daemon started
    daemon.go:283: [d238d19bc8a35] exiting daemon
=== RUN   TestInspect
--- PASS: TestInspect (2.07s)
    daemon.go:296: [d3b2f1c1e866b] waiting for daemon to start
    daemon.go:328: [d3b2f1c1e866b] daemon started
    daemon.go:283: [d3b2f1c1e866b] exiting daemon
=== RUN   TestDockerNetworkConnectAlias
--- PASS: TestDockerNetworkConnectAlias (4.10s)
    daemon.go:296: [dbc62df2ce47f] waiting for daemon to start
    daemon.go:328: [dbc62df2ce47f] daemon started
    daemon.go:283: [dbc62df2ce47f] exiting daemon
=== RUN   TestServicePlugin
--- PASS: TestServicePlugin (35.25s)
    daemon.go:296: [d92ddd69adbd9] waiting for daemon to start
    daemon.go:328: [d92ddd69adbd9] daemon started
    daemon.go:283: [d92ddd69adbd9] exiting daemon
    daemon.go:296: [db99756d77368] waiting for daemon to start
    daemon.go:328: [db99756d77368] daemon started
    daemon.go:296: [d60bffdfcfd7b] waiting for daemon to start
    daemon.go:328: [d60bffdfcfd7b] daemon started
    daemon.go:296: [dc212005ed9fe] waiting for daemon to start
    daemon.go:328: [dc212005ed9fe] daemon started
    daemon.go:283: [dc212005ed9fe] exiting daemon
    daemon.go:283: [d60bffdfcfd7b] exiting daemon
    daemon.go:283: [db99756d77368] exiting daemon
=== RUN   TestServiceUpdateLabel
--- PASS: TestServiceUpdateLabel (2.17s)
    daemon.go:296: [de07fac100937] waiting for daemon to start
    daemon.go:328: [de07fac100937] daemon started
    daemon.go:283: [de07fac100937] exiting daemon
=== RUN   TestServiceUpdateSecrets
--- FAIL: TestServiceUpdateSecrets (2.08s)
    daemon.go:296: [ddb597c0aa329] waiting for daemon to start
    daemon.go:328: [ddb597c0aa329] daemon started
    update_test.go:126: assertion failed: error is not nil: Error response from daemon: rpc error: code = Unknown desc = update out of sequence
    daemon.go:283: [ddb597c0aa329] exiting daemon
=== RUN   TestServiceUpdateConfigs
--- PASS: TestServiceUpdateConfigs (7.64s)
    daemon.go:296: [dca7a5c0d1c6a] waiting for daemon to start
    daemon.go:328: [dca7a5c0d1c6a] daemon started
    daemon.go:283: [dca7a5c0d1c6a] exiting daemon
FAIL
---> Making bundle: .integration-daemon-stop (in bundles/test-integration)
Clearing AppArmor profiles cache:.
All profile caches have been cleared, but no profiles have been unloaded.
Unloading profiles will leave already running processes permanently
unconfined, which can lead to unexpected situations.

To set a process to complain mode, use the command line tool
'aa-complain'. To really tear down all profiles, run the init script
with the 'teardown' option."
Removing test suite binaries
Build step 'Execute shell' marked build as failure
Set build name.
New build name is '#38487'
[PostBuildScript] - Executing post build scripts.
[Docker-PRs-experimental] $ /bin/sh -xe /tmp/jenkins3966993707811859949.sh
+ echo Ensuring container killed.
Ensuring container killed.
+ docker rm -vf docker-pr-exp43580
Error: No such container: docker-pr-exp43580
+ true
+ echo Chowning /workspace to jenkins user
Chowning /workspace to jenkins user
+ id -u
+ id -g
+ docker run --rm -v /home/ubuntu/workspace/Docker-PRs-experimental:/workspace busybox chown -R 1000:1000 /workspace
[Docker-PRs-experimental] $ /bin/sh -xe /tmp/jenkins2730613469188840614.sh
+ echo Creating bundles.tar.gz
Creating bundles.tar.gz
+ xargs tar -czf bundles.tar.gz
+ find bundles -name *.log
Archiving artifacts
Notifying endpoint with url 'https://leeroy.dockerproject.org/notification/jenkins'
[WS-CLEANUP] Deleting project workspace...[WS-CLEANUP] done
Finished: FAILURE
