Started by user Gordon
Notifying endpoint with url 'https://leeroy.dockerproject.org/notification/jenkins'
[EnvInject] - Loading node environment variables.
Building remotely on ubuntu-1604-aufs-stable (i-0bf74f210917f4a56) (docker-edge ubuntu aufs docker-stable docker ubuntu-1604-aufs-edge x86_64 ec2 linux ubuntu-1604-aufs ubuntu-1604 amd64 ubuntu-1604-aufs-stable us-west-2) in workspace /home/ubuntu/workspace/Docker-PRs-experimental
Wiping out workspace first.
Cloning the remote Git repository
Cloning repository https://github.com/moby/moby.git
 > git init /home/ubuntu/workspace/Docker-PRs-experimental # timeout=10
Fetching upstream changes from https://github.com/moby/moby.git
 > git --version # timeout=10
 > git fetch --tags --progress https://github.com/moby/moby.git +refs/heads/*:refs/remotes/origin/*
 > git config remote.origin.url https://github.com/moby/moby.git # timeout=10
 > git config --add remote.origin.fetch +refs/heads/*:refs/remotes/origin/* # timeout=10
 > git config remote.origin.url https://github.com/moby/moby.git # timeout=10
Fetching upstream changes from https://github.com/moby/moby.git
 > git fetch --tags --progress https://github.com/moby/moby.git +refs/heads/*:refs/remotes/origin/*
 > git rev-parse origin/master^{commit} # timeout=10
Checking out Revision de640c9f4932d851316a0a72470c4d3446f6f5ac (origin/master)
 > git config core.sparsecheckout # timeout=10
 > git checkout -f de640c9f4932d851316a0a72470c4d3446f6f5ac
Commit message: "Merge pull request #38038 from AkihiroSuda/ubuntu-overlayfs"
 > git rev-list --no-walk de640c9f4932d851316a0a72470c4d3446f6f5ac # timeout=10
Set build name.
New build name is '#38496'
[Docker-PRs-experimental] $ /bin/bash /tmp/jenkins2981871237985330793.sh
From https://github.com/moby/moby
 * [new ref]         refs/pull/38496/head -> origin/pr/38496
Merge made by the 'recursive' strategy.
 Dockerfile.windows | 7 +++++++
 1 file changed, 7 insertions(+)
Sending build context to Docker daemon  45.11MB
Step 1/94 : FROM golang:1.11.4 AS base
 ---> 343df9d12b7b
Step 2/94 : ARG APT_MIRROR=deb.debian.org
 ---> Using cache
 ---> 0733180469ab
Step 3/94 : RUN sed -ri "s/(httpredir|deb).debian.org/$APT_MIRROR/g" /etc/apt/sources.list
 ---> Using cache
 ---> c3c78d0bd4c3
Step 4/94 : FROM base AS criu
 ---> c3c78d0bd4c3
Step 5/94 : ENV CRIU_VERSION 3.6
 ---> Using cache
 ---> b76e2fc41a3d
Step 6/94 : RUN apt-get update && apt-get install -y 	libnet-dev 	libprotobuf-c0-dev 	libprotobuf-dev 	libnl-3-dev 	libcap-dev 	protobuf-compiler 	protobuf-c-compiler 	python-protobuf 	&& mkdir -p /usr/src/criu 	&& curl -sSL https://github.com/checkpoint-restore/criu/archive/v${CRIU_VERSION}.tar.gz | tar -C /usr/src/criu/ -xz --strip-components=1 	&& cd /usr/src/criu 	&& make 	&& make PREFIX=/build/ install-criu
 ---> Using cache
 ---> 17e39927e3a2
Step 7/94 : FROM base AS registry
 ---> c3c78d0bd4c3
Step 8/94 : ENV REGISTRY_COMMIT_SCHEMA1 ec87e9b6971d831f0eff752ddb54fb64693e51cd
 ---> Using cache
 ---> 410e38e1ec4e
Step 9/94 : ENV REGISTRY_COMMIT 47a064d4195a9b56133891bbb13620c3ac83a827
 ---> Using cache
 ---> 16bedc064b1d
Step 10/94 : RUN set -x 	&& export GOPATH="$(mktemp -d)" 	&& git clone https://github.com/docker/distribution.git "$GOPATH/src/github.com/docker/distribution" 	&& (cd "$GOPATH/src/github.com/docker/distribution" && git checkout -q "$REGISTRY_COMMIT") 	&& GOPATH="$GOPATH/src/github.com/docker/distribution/Godeps/_workspace:$GOPATH" 		go build -buildmode=pie -o /build/registry-v2 github.com/docker/distribution/cmd/registry 	&& case $(dpkg --print-architecture) in 		amd64|ppc64*|s390x) 		(cd "$GOPATH/src/github.com/docker/distribution" && git checkout -q "$REGISTRY_COMMIT_SCHEMA1"); 		GOPATH="$GOPATH/src/github.com/docker/distribution/Godeps/_workspace:$GOPATH"; 			go build -buildmode=pie -o /build/registry-v2-schema1 github.com/docker/distribution/cmd/registry; 		;; 	   esac 	&& rm -rf "$GOPATH"
 ---> Using cache
 ---> 500fdcb84357
Step 11/94 : FROM base AS docker-py
 ---> c3c78d0bd4c3
Step 12/94 : ENV DOCKER_PY_COMMIT 8b246db271a85d6541dc458838627e89c683e42f
 ---> Using cache
 ---> 939fef6b92ef
Step 13/94 : RUN git clone https://github.com/docker/docker-py.git /build 	&& cd /build 	&& git checkout -q $DOCKER_PY_COMMIT
 ---> Using cache
 ---> ebcd13078455
Step 14/94 : FROM base AS swagger
 ---> c3c78d0bd4c3
Step 15/94 : ENV GO_SWAGGER_COMMIT c28258affb0b6251755d92489ef685af8d4ff3eb
 ---> Using cache
 ---> 8355bcde1e06
Step 16/94 : RUN set -x 	&& export GOPATH="$(mktemp -d)" 	&& git clone https://github.com/go-swagger/go-swagger.git "$GOPATH/src/github.com/go-swagger/go-swagger" 	&& (cd "$GOPATH/src/github.com/go-swagger/go-swagger" && git checkout -q "$GO_SWAGGER_COMMIT") 	&& go build -o /build/swagger github.com/go-swagger/go-swagger/cmd/swagger 	&& rm -rf "$GOPATH"
 ---> Using cache
 ---> f8540c783b3a
Step 17/94 : FROM base AS frozen-images
 ---> c3c78d0bd4c3
Step 18/94 : RUN apt-get update && apt-get install -y jq ca-certificates --no-install-recommends
 ---> Using cache
 ---> 66e36eb491f0
Step 19/94 : COPY contrib/download-frozen-image-v2.sh /
 ---> Using cache
 ---> 1507898250d7
Step 20/94 : RUN /download-frozen-image-v2.sh /build 	buildpack-deps:jessie@sha256:dd86dced7c9cd2a724e779730f0a53f93b7ef42228d4344b25ce9a42a1486251 	busybox:latest@sha256:bbc3a03235220b170ba48a157dd097dd1379299370e1ed99ce976df0355d24f0 	busybox:glibc@sha256:0b55a30394294ab23b9afd58fab94e61a923f5834fba7ddbae7f8e0c11ba85e6 	debian:jessie@sha256:287a20c5f73087ab406e6b364833e3fb7b3ae63ca0eb3486555dc27ed32c6e60 	hello-world:latest@sha256:be0cd392e45be79ffeffa6b05338b98ebb16c87b255f48e297ec7f98e123905c
 ---> Using cache
 ---> cfe783b144bf
Step 21/94 : FROM base AS runtime-dev
 ---> c3c78d0bd4c3
Step 22/94 : RUN apt-get update && apt-get install -y 	libapparmor-dev 	libseccomp-dev
 ---> Using cache
 ---> 10e448541e89
Step 23/94 : FROM base AS tomlv
 ---> c3c78d0bd4c3
Step 24/94 : ENV INSTALL_BINARY_NAME=tomlv
 ---> Using cache
 ---> 00427761202a
Step 25/94 : COPY hack/dockerfile/install/install.sh ./install.sh
 ---> Using cache
 ---> aef7b2913ee6
Step 26/94 : COPY hack/dockerfile/install/$INSTALL_BINARY_NAME.installer ./
 ---> Using cache
 ---> 13f68fabe594
Step 27/94 : RUN PREFIX=/build ./install.sh $INSTALL_BINARY_NAME
 ---> Using cache
 ---> eabf6f314c5f
Step 28/94 : FROM base AS vndr
 ---> c3c78d0bd4c3
Step 29/94 : ENV INSTALL_BINARY_NAME=vndr
 ---> Using cache
 ---> 95c7a93f91f4
Step 30/94 : COPY hack/dockerfile/install/install.sh ./install.sh
 ---> Using cache
 ---> e4223dac8bfe
Step 31/94 : COPY hack/dockerfile/install/$INSTALL_BINARY_NAME.installer ./
 ---> Using cache
 ---> 564792322250
Step 32/94 : RUN PREFIX=/build ./install.sh $INSTALL_BINARY_NAME
 ---> Using cache
 ---> b7aef21f76a2
Step 33/94 : FROM base AS containerd
 ---> c3c78d0bd4c3
Step 34/94 : RUN apt-get update && apt-get install -y btrfs-tools
 ---> Using cache
 ---> a5c070c29ab1
Step 35/94 : ENV INSTALL_BINARY_NAME=containerd
 ---> Using cache
 ---> be2f0a7e225a
Step 36/94 : COPY hack/dockerfile/install/install.sh ./install.sh
 ---> Using cache
 ---> a77a7b8788b7
Step 37/94 : COPY hack/dockerfile/install/$INSTALL_BINARY_NAME.installer ./
 ---> Using cache
 ---> 50cffe1332ba
Step 38/94 : RUN PREFIX=/build ./install.sh $INSTALL_BINARY_NAME
 ---> Using cache
 ---> f869d79948db
Step 39/94 : FROM base AS proxy
 ---> c3c78d0bd4c3
Step 40/94 : ENV INSTALL_BINARY_NAME=proxy
 ---> Using cache
 ---> c9dd7ce32d9f
Step 41/94 : COPY hack/dockerfile/install/install.sh ./install.sh
 ---> Using cache
 ---> db48fa829eb0
Step 42/94 : COPY hack/dockerfile/install/$INSTALL_BINARY_NAME.installer ./
 ---> Using cache
 ---> 8d6d20d6f377
Step 43/94 : RUN PREFIX=/build ./install.sh $INSTALL_BINARY_NAME
 ---> Using cache
 ---> dab0baffdcd7
Step 44/94 : FROM base AS gometalinter
 ---> c3c78d0bd4c3
Step 45/94 : ENV INSTALL_BINARY_NAME=gometalinter
 ---> Using cache
 ---> 11a68fb1f85c
Step 46/94 : COPY hack/dockerfile/install/install.sh ./install.sh
 ---> Using cache
 ---> b5e5547a5a4d
Step 47/94 : COPY hack/dockerfile/install/$INSTALL_BINARY_NAME.installer ./
 ---> Using cache
 ---> bde8c0645ac0
Step 48/94 : RUN PREFIX=/build ./install.sh $INSTALL_BINARY_NAME
 ---> Using cache
 ---> 1f4661707931
Step 49/94 : FROM base AS dockercli
 ---> c3c78d0bd4c3
Step 50/94 : ENV INSTALL_BINARY_NAME=dockercli
 ---> Using cache
 ---> 920f72dba289
Step 51/94 : COPY hack/dockerfile/install/install.sh ./install.sh
 ---> Using cache
 ---> 85ea19947457
Step 52/94 : COPY hack/dockerfile/install/$INSTALL_BINARY_NAME.installer ./
 ---> Using cache
 ---> e52954cd9117
Step 53/94 : RUN PREFIX=/build ./install.sh $INSTALL_BINARY_NAME
 ---> Using cache
 ---> 07bf52cb202d
Step 54/94 : FROM runtime-dev AS runc
 ---> 10e448541e89
Step 55/94 : ENV INSTALL_BINARY_NAME=runc
 ---> Using cache
 ---> a2156060bf82
Step 56/94 : COPY hack/dockerfile/install/install.sh ./install.sh
 ---> Using cache
 ---> 9a9613d49b52
Step 57/94 : COPY hack/dockerfile/install/$INSTALL_BINARY_NAME.installer ./
 ---> Using cache
 ---> 62f6e93417de
Step 58/94 : RUN PREFIX=/build ./install.sh $INSTALL_BINARY_NAME
 ---> Using cache
 ---> 60479d442d9e
Step 59/94 : FROM base AS tini
 ---> c3c78d0bd4c3
Step 60/94 : RUN apt-get update && apt-get install -y cmake vim-common
 ---> Using cache
 ---> 1abc301c7a92
Step 61/94 : COPY hack/dockerfile/install/install.sh ./install.sh
 ---> Using cache
 ---> a6f37eb424a1
Step 62/94 : ENV INSTALL_BINARY_NAME=tini
 ---> Using cache
 ---> aa7026e9b729
Step 63/94 : COPY hack/dockerfile/install/$INSTALL_BINARY_NAME.installer ./
 ---> Using cache
 ---> ba0df3866af5
Step 64/94 : RUN PREFIX=/build ./install.sh $INSTALL_BINARY_NAME
 ---> Using cache
 ---> 9bf92f3701e5
Step 65/94 : FROM runtime-dev AS dev
 ---> 10e448541e89
Step 66/94 : RUN groupadd -r docker
 ---> Using cache
 ---> 917bfcce23fb
Step 67/94 : RUN useradd --create-home --gid docker unprivilegeduser
 ---> Using cache
 ---> 5f3a00b7606b
Step 68/94 : RUN ln -sfv /go/src/github.com/docker/docker/.bashrc ~/.bashrc
 ---> Using cache
 ---> eb6894817865
Step 69/94 : RUN echo "source /usr/share/bash-completion/bash_completion" >> /etc/bash.bashrc
 ---> Using cache
 ---> 852d8b67805b
Step 70/94 : RUN ln -s /usr/local/completion/bash/docker /etc/bash_completion.d/docker
 ---> Using cache
 ---> a67a0395f8bd
Step 71/94 : RUN ldconfig
 ---> Using cache
 ---> 18cd11a2d325
Step 72/94 : RUN apt-get update && apt-get install -y 	apparmor 	aufs-tools 	bash-completion 	btrfs-tools 	iptables 	jq 	libcap2-bin 	libdevmapper-dev 	libudev-dev 	libsystemd-dev 	binutils-mingw-w64 	g++-mingw-w64-x86-64 	net-tools 	pigz 	python-backports.ssl-match-hostname 	python-dev 	python-mock 	python-pip 	python-requests 	python-setuptools 	python-websocket 	python-wheel 	thin-provisioning-tools 	vim 	vim-common 	xfsprogs 	zip 	bzip2 	xz-utils 	--no-install-recommends
 ---> Using cache
 ---> 9467d53095e9
Step 73/94 : COPY --from=swagger /build/swagger* /usr/local/bin/
 ---> Using cache
 ---> 91bf8f2aeb73
Step 74/94 : COPY --from=frozen-images /build/ /docker-frozen-images
 ---> Using cache
 ---> a48644ea00fc
Step 75/94 : COPY --from=gometalinter /build/ /usr/local/bin/
 ---> Using cache
 ---> 2bf640ecb01f
Step 76/94 : COPY --from=tomlv /build/ /usr/local/bin/
 ---> Using cache
 ---> cfa01bdc1417
Step 77/94 : COPY --from=vndr /build/ /usr/local/bin/
 ---> Using cache
 ---> 02150d0bdb89
Step 78/94 : COPY --from=tini /build/ /usr/local/bin/
 ---> Using cache
 ---> 3c98b370b4ad
Step 79/94 : COPY --from=runc /build/ /usr/local/bin/
 ---> Using cache
 ---> 9e0c83938ee9
Step 80/94 : COPY --from=containerd /build/ /usr/local/bin/
 ---> Using cache
 ---> 1d675c898f2d
Step 81/94 : COPY --from=proxy /build/ /usr/local/bin/
 ---> Using cache
 ---> 5073ae95c9d3
Step 82/94 : COPY --from=dockercli /build/ /usr/local/cli
 ---> Using cache
 ---> c90f519cc165
Step 83/94 : COPY --from=registry /build/registry* /usr/local/bin/
 ---> Using cache
 ---> e0b8ed76c1d8
Step 84/94 : COPY --from=criu /build/ /usr/local/
 ---> Using cache
 ---> 601444643007
Step 85/94 : COPY --from=docker-py /build/ /docker-py
 ---> Using cache
 ---> e1af6982412f
Step 86/94 : RUN cd /docker-py 	&& pip install docker-pycreds==0.2.1 	&& pip install yamllint==1.5.0 	&& pip install -r test-requirements.txt
 ---> Using cache
 ---> 4fdbc65798ac
Step 87/94 : ENV PATH=/usr/local/cli:$PATH
 ---> Using cache
 ---> 207921df34e4
Step 88/94 : ENV DOCKER_BUILDTAGS apparmor seccomp selinux
 ---> Using cache
 ---> ca89eb3087dd
Step 89/94 : ENV GOMETALINTER_OPTS="--deadline=2m"
 ---> Using cache
 ---> bcb2932e010d
Step 90/94 : WORKDIR /go/src/github.com/docker/docker
 ---> Using cache
 ---> 0c4ce1885714
Step 91/94 : VOLUME /var/lib/docker
 ---> Using cache
 ---> f28e3936b1e7
Step 92/94 : ENTRYPOINT ["hack/dind"]
 ---> Using cache
 ---> 80a192e23d68
Step 93/94 : FROM dev AS final
 ---> 80a192e23d68
Step 94/94 : COPY . /go/src/github.com/docker/docker
 ---> f214a3333d76
Successfully built f214a3333d76
Successfully tagged docker:3db0ac5-exp

Removing bundles/

---> Making bundle: binary-daemon (in bundles/binary-daemon)
Building: bundles/binary-daemon/dockerd-dev
Created binary: bundles/binary-daemon/dockerd-dev
Copying nested executables into bundles/binary-daemon

---> Making bundle: test-integration (in bundles/test-integration)
Building test suite binary ./integration-cli/test.main
Building test suite binary ./integration/plugin/test.main
Building test suite binary ./integration/plugin/authz/test.main
Building test suite binary ./integration/plugin/logging/test.main
Building test suite binary ./integration/plugin/logging/cmd/test.main
Building test suite binary ./integration/plugin/logging/cmd/close_on_start/test.main
Building test suite binary ./integration/plugin/logging/cmd/dummy/test.main
Building test suite binary ./integration/plugin/common/test.main
Building test suite binary ./integration/plugin/volumes/test.main
Building test suite binary ./integration/plugin/volumes/cmd/test.main
Building test suite binary ./integration/plugin/volumes/cmd/dummy/test.main
Building test suite binary ./integration/plugin/graphdriver/test.main
Building test suite binary ./integration/config/test.main
Building test suite binary ./integration/service/test.main
Building test suite binary ./integration/network/test.main
Building test suite binary ./integration/network/ipvlan/test.main
Building test suite binary ./integration/network/macvlan/test.main
Building test suite binary ./integration/secret/test.main
Building test suite binary ./integration/session/test.main
Building test suite binary ./integration/container/test.main
Building test suite binary ./integration/build/test.main
Building test suite binary ./integration/volume/test.main
Building test suite binary ./integration/system/test.main
Building test suite binary ./integration/image/test.main
---> Making bundle: .integration-daemon-start (in bundles/test-integration)
Using test binary docker
# DOCKER_EXPERIMENTAL is set: starting daemon with experimental features enabled! 
/etc/init.d/apparmor: 130: /etc/init.d/apparmor: systemd-detect-virt: not found
Starting AppArmor profiles:Warning from stdin (line 1): /sbin/apparmor_parser: cannot use or update cache, disable, or force-complain via stdin
Warning failed to create cache: (null)
.
INFO: Waiting for daemon to start...
Starting dockerd
.
---> Making bundle: .integration-daemon-setup (in bundles/test-integration)
---> Making bundle: .ensure-emptyfs (in bundles/test-integration)
Error: No such image: emptyfs
Running integration-test (iteration 1)
Running /go/src/github.com/docker/docker/integration/plugin
testing: warning: no tests to run
PASS
Running /go/src/github.com/docker/docker/integration/plugin/authz
Loaded image: buildpack-deps:jessie
Loaded image: busybox:latest
Loaded image: busybox:glibc
Loaded image: debian:jessie
Loaded image: hello-world:latest
INFO: Testing against a local daemon
=== RUN   TestAuthZPluginAllowRequest
--- PASS: TestAuthZPluginAllowRequest (7.32s)
    daemon.go:296: [ddaffa629d4c1] waiting for daemon to start
    daemon.go:328: [ddaffa629d4c1] daemon started
    daemon.go:283: [ddaffa629d4c1] exiting daemon
=== RUN   TestAuthZPluginTLS
--- PASS: TestAuthZPluginTLS (2.83s)
    daemon.go:296: [da8c3abfa7453] waiting for daemon to start
    daemon.go:328: [da8c3abfa7453] daemon started
    daemon.go:283: [da8c3abfa7453] exiting daemon
=== RUN   TestAuthZPluginDenyRequest
--- PASS: TestAuthZPluginDenyRequest (0.52s)
    daemon.go:296: [d36c94959c2a0] waiting for daemon to start
    daemon.go:328: [d36c94959c2a0] daemon started
    daemon.go:283: [d36c94959c2a0] exiting daemon
=== RUN   TestAuthZPluginAPIDenyResponse
--- PASS: TestAuthZPluginAPIDenyResponse (0.53s)
    daemon.go:296: [d5d4760f0891a] waiting for daemon to start
    daemon.go:328: [d5d4760f0891a] daemon started
    daemon.go:283: [d5d4760f0891a] exiting daemon
=== RUN   TestAuthZPluginDenyResponse
--- PASS: TestAuthZPluginDenyResponse (0.52s)
    daemon.go:296: [d7aea529ddeb7] waiting for daemon to start
    daemon.go:328: [d7aea529ddeb7] daemon started
    daemon.go:283: [d7aea529ddeb7] exiting daemon
=== RUN   TestAuthZPluginAllowEventStream
--- PASS: TestAuthZPluginAllowEventStream (1.25s)
    daemon.go:296: [db53cf744d4ef] waiting for daemon to start
    daemon.go:328: [db53cf744d4ef] daemon started
    daemon.go:283: [db53cf744d4ef] exiting daemon
=== RUN   TestAuthZPluginErrorResponse
--- PASS: TestAuthZPluginErrorResponse (0.52s)
    daemon.go:296: [dd62b0db21c27] waiting for daemon to start
    daemon.go:328: [dd62b0db21c27] daemon started
    daemon.go:283: [dd62b0db21c27] exiting daemon
=== RUN   TestAuthZPluginErrorRequest
--- PASS: TestAuthZPluginErrorRequest (0.52s)
    daemon.go:296: [df596df8a6668] waiting for daemon to start
    daemon.go:328: [df596df8a6668] daemon started
    daemon.go:283: [df596df8a6668] exiting daemon
=== RUN   TestAuthZPluginEnsureNoDuplicatePluginRegistration
--- PASS: TestAuthZPluginEnsureNoDuplicatePluginRegistration (0.54s)
    daemon.go:296: [d3af3aea817ba] waiting for daemon to start
    daemon.go:328: [d3af3aea817ba] daemon started
    daemon.go:283: [d3af3aea817ba] exiting daemon
=== RUN   TestAuthZPluginEnsureLoadImportWorking
--- PASS: TestAuthZPluginEnsureLoadImportWorking (1.45s)
    daemon.go:296: [d27958cd8b5ec] waiting for daemon to start
    daemon.go:328: [d27958cd8b5ec] daemon started
    daemon.go:283: [d27958cd8b5ec] exiting daemon
=== RUN   TestAuthzPluginEnsureContainerCopyToFrom
--- PASS: TestAuthzPluginEnsureContainerCopyToFrom (1.50s)
    daemon.go:296: [d45087a99547f] waiting for daemon to start
    daemon.go:328: [d45087a99547f] daemon started
    daemon.go:283: [d45087a99547f] exiting daemon
=== RUN   TestAuthZPluginHeader
--- PASS: TestAuthZPluginHeader (0.72s)
    daemon.go:296: [d54f5de1ccfa1] waiting for daemon to start
    daemon.go:328: [d54f5de1ccfa1] daemon started
    daemon.go:283: [d54f5de1ccfa1] exiting daemon
=== RUN   TestAuthZPluginV2AllowNonVolumeRequest
--- PASS: TestAuthZPluginV2AllowNonVolumeRequest (6.65s)
    daemon.go:296: [dd243c747c265] waiting for daemon to start
    daemon.go:328: [dd243c747c265] daemon started
    daemon.go:283: [dd243c747c265] exiting daemon
    daemon.go:296: [dd243c747c265] waiting for daemon to start
    daemon.go:328: [dd243c747c265] daemon started
    daemon.go:283: [dd243c747c265] exiting daemon
=== RUN   TestAuthZPluginV2Disable
--- PASS: TestAuthZPluginV2Disable (7.90s)
    daemon.go:296: [d504fdea60665] waiting for daemon to start
    daemon.go:328: [d504fdea60665] daemon started
    daemon.go:283: [d504fdea60665] exiting daemon
    daemon.go:296: [d504fdea60665] waiting for daemon to start
    daemon.go:328: [d504fdea60665] daemon started
    daemon.go:283: [d504fdea60665] exiting daemon
=== RUN   TestAuthZPluginV2RejectVolumeRequests
--- PASS: TestAuthZPluginV2RejectVolumeRequests (5.75s)
    daemon.go:296: [df130e5929509] waiting for daemon to start
    daemon.go:328: [df130e5929509] daemon started
    daemon.go:283: [df130e5929509] exiting daemon
    daemon.go:296: [df130e5929509] waiting for daemon to start
    daemon.go:328: [df130e5929509] daemon started
    daemon.go:283: [df130e5929509] exiting daemon
=== RUN   TestAuthZPluginV2BadManifestFailsDaemonStart
--- PASS: TestAuthZPluginV2BadManifestFailsDaemonStart (13.85s)
    daemon.go:296: [d93a5e430aae6] waiting for daemon to start
    daemon.go:328: [d93a5e430aae6] daemon started
    daemon.go:283: [d93a5e430aae6] exiting daemon
    daemon.go:296: [d93a5e430aae6] waiting for daemon to start
    daemon.go:296: [d93a5e430aae6] waiting for daemon to start
    daemon.go:283: [d93a5e430aae6] exiting daemon
    daemon.go:296: [d93a5e430aae6] waiting for daemon to start
    daemon.go:328: [d93a5e430aae6] daemon started
    daemon.go:283: [d93a5e430aae6] exiting daemon
=== RUN   TestAuthZPluginV2NonexistentFailsDaemonStart
--- PASS: TestAuthZPluginV2NonexistentFailsDaemonStart (16.54s)
    daemon.go:296: [dfb75a606f33b] waiting for daemon to start
    daemon.go:328: [dfb75a606f33b] daemon started
    daemon.go:283: [dfb75a606f33b] exiting daemon
    daemon.go:296: [dfb75a606f33b] waiting for daemon to start
    daemon.go:296: [dfb75a606f33b] waiting for daemon to start
    daemon.go:296: [dfb75a606f33b] waiting for daemon to start
    daemon.go:328: [dfb75a606f33b] daemon started
    daemon.go:283: [dfb75a606f33b] exiting daemon
PASS
Running /go/src/github.com/docker/docker/integration/plugin/logging
INFO: Testing against a local daemon
=== RUN   TestContinueAfterPluginCrash
=== PAUSE TestContinueAfterPluginCrash
=== RUN   TestDaemonStartWithLogOpt
=== PAUSE TestDaemonStartWithLogOpt
=== CONT  TestContinueAfterPluginCrash
=== CONT  TestDaemonStartWithLogOpt
--- PASS: TestDaemonStartWithLogOpt (14.18s)
    daemon.go:296: [d44a33ff62d07] waiting for daemon to start
    daemon.go:328: [d44a33ff62d07] daemon started
    daemon.go:283: [d44a33ff62d07] exiting daemon
    daemon.go:296: [d44a33ff62d07] waiting for daemon to start
    daemon.go:328: [d44a33ff62d07] daemon started
    daemon.go:283: [d44a33ff62d07] exiting daemon
--- PASS: TestContinueAfterPluginCrash (20.09s)
    daemon.go:296: [dcf7b25c16c4d] waiting for daemon to start
    daemon.go:328: [dcf7b25c16c4d] daemon started
    daemon.go:283: [dcf7b25c16c4d] exiting daemon
PASS
Running /go/src/github.com/docker/docker/integration/plugin/logging/cmd
testing: warning: no tests to run
PASS
Running /go/src/github.com/docker/docker/integration/plugin/logging/cmd/close_on_start
testing: warning: no tests to run
PASS
Running /go/src/github.com/docker/docker/integration/plugin/logging/cmd/dummy
testing: warning: no tests to run
PASS
Running /go/src/github.com/docker/docker/integration/plugin/common
INFO: Testing against a local daemon
=== RUN   TestPluginInvalidJSON
=== RUN   TestPluginInvalidJSON//plugins/foobar/set
=== PAUSE TestPluginInvalidJSON//plugins/foobar/set
=== CONT  TestPluginInvalidJSON//plugins/foobar/set
--- PASS: TestPluginInvalidJSON (0.01s)
    --- PASS: TestPluginInvalidJSON//plugins/foobar/set (0.00s)
PASS
Running /go/src/github.com/docker/docker/integration/plugin/volumes
INFO: Testing against a local daemon
=== RUN   TestPluginWithDevMounts
=== PAUSE TestPluginWithDevMounts
=== CONT  TestPluginWithDevMounts
--- PASS: TestPluginWithDevMounts (1.75s)
    daemon.go:296: [d02032a1bcf5f] waiting for daemon to start
    daemon.go:328: [d02032a1bcf5f] daemon started
    daemon.go:283: [d02032a1bcf5f] exiting daemon
PASS
Running /go/src/github.com/docker/docker/integration/plugin/volumes/cmd
testing: warning: no tests to run
PASS
Running /go/src/github.com/docker/docker/integration/plugin/volumes/cmd/dummy
testing: warning: no tests to run
PASS
Running /go/src/github.com/docker/docker/integration/plugin/graphdriver
INFO: Testing against a local daemon
=== RUN   TestExternalGraphDriver
=== RUN   TestExternalGraphDriver/json
=== RUN   TestExternalGraphDriver/spec
=== RUN   TestExternalGraphDriver/pull
--- PASS: TestExternalGraphDriver (7.16s)
    daemon.go:296: [d408caeb7d0ba] waiting for daemon to start
    daemon.go:328: [d408caeb7d0ba] daemon started
    daemon.go:283: [d408caeb7d0ba] exiting daemon
    daemon.go:296: [d408caeb7d0ba] waiting for daemon to start
    daemon.go:328: [d408caeb7d0ba] daemon started
    daemon.go:283: [d408caeb7d0ba] exiting daemon
    --- PASS: TestExternalGraphDriver/json (1.86s)
    daemon.go:296: [d408caeb7d0ba] waiting for daemon to start
    daemon.go:328: [d408caeb7d0ba] daemon started
    daemon.go:283: [d408caeb7d0ba] exiting daemon
    daemon.go:296: [d408caeb7d0ba] waiting for daemon to start
    daemon.go:328: [d408caeb7d0ba] daemon started
    daemon.go:283: [d408caeb7d0ba] exiting daemon
    --- PASS: TestExternalGraphDriver/spec (1.69s)
    daemon.go:296: [d408caeb7d0ba] waiting for daemon to start
    daemon.go:328: [d408caeb7d0ba] daemon started
    daemon.go:283: [d408caeb7d0ba] exiting daemon
    --- PASS: TestExternalGraphDriver/pull (3.15s)
=== RUN   TestGraphdriverPluginV2
--- SKIP: TestGraphdriverPluginV2 (0.33s)
    external_test.go:411: !requirement.Overlay2Supported(testEnv.DaemonInfo.KernelVersion)
PASS
Running /go/src/github.com/docker/docker/integration/config
INFO: Testing against a local daemon
=== RUN   TestConfigList
--- PASS: TestConfigList (2.05s)
    daemon.go:296: [d417e12dd2b05] waiting for daemon to start
    daemon.go:328: [d417e12dd2b05] daemon started
    daemon.go:283: [d417e12dd2b05] exiting daemon
=== RUN   TestConfigsCreateAndDelete
--- PASS: TestConfigsCreateAndDelete (2.14s)
    daemon.go:296: [d4fa458d6c15c] waiting for daemon to start
    daemon.go:328: [d4fa458d6c15c] daemon started
    daemon.go:283: [d4fa458d6c15c] exiting daemon
=== RUN   TestConfigsUpdate
--- PASS: TestConfigsUpdate (2.16s)
    daemon.go:296: [d586216c9eb8a] waiting for daemon to start
    daemon.go:328: [d586216c9eb8a] daemon started
    daemon.go:283: [d586216c9eb8a] exiting daemon
=== RUN   TestTemplatedConfig
--- PASS: TestTemplatedConfig (2.69s)
    daemon.go:296: [dbb243247109d] waiting for daemon to start
    daemon.go:328: [dbb243247109d] daemon started
    daemon.go:283: [dbb243247109d] exiting daemon
=== RUN   TestConfigInspect
--- PASS: TestConfigInspect (2.13s)
    daemon.go:296: [d26dd5d50f7fa] waiting for daemon to start
    daemon.go:328: [d26dd5d50f7fa] daemon started
    daemon.go:283: [d26dd5d50f7fa] exiting daemon
=== RUN   TestConfigCreateWithLabels
--- PASS: TestConfigCreateWithLabels (2.07s)
    daemon.go:296: [dac3273fdd188] waiting for daemon to start
    daemon.go:328: [dac3273fdd188] daemon started
    daemon.go:283: [dac3273fdd188] exiting daemon
=== RUN   TestConfigCreateResolve
--- PASS: TestConfigCreateResolve (2.17s)
    daemon.go:296: [dc09bbd739258] waiting for daemon to start
    daemon.go:328: [dc09bbd739258] daemon started
    daemon.go:283: [dc09bbd739258] exiting daemon
PASS
Running /go/src/github.com/docker/docker/integration/service
INFO: Testing against a local daemon
=== RUN   TestServiceCreateInit
=== RUN   TestServiceCreateInit/daemonInitDisabled
=== RUN   TestServiceCreateInit/daemonInitEnabled
--- PASS: TestServiceCreateInit (8.05s)
    --- PASS: TestServiceCreateInit/daemonInitDisabled (4.07s)
        daemon.go:296: [d29eef951107b] waiting for daemon to start
        daemon.go:328: [d29eef951107b] daemon started
        daemon.go:283: [d29eef951107b] exiting daemon
    --- PASS: TestServiceCreateInit/daemonInitEnabled (3.98s)
        daemon.go:296: [d42c9d43fe5b0] waiting for daemon to start
        daemon.go:328: [d42c9d43fe5b0] daemon started
        daemon.go:283: [d42c9d43fe5b0] exiting daemon
=== RUN   TestCreateServiceMultipleTimes
--- PASS: TestCreateServiceMultipleTimes (25.24s)
    daemon.go:296: [db9f9556ce435] waiting for daemon to start
    daemon.go:328: [db9f9556ce435] daemon started
    daemon.go:283: [db9f9556ce435] exiting daemon
=== RUN   TestCreateServiceConflict
--- PASS: TestCreateServiceConflict (2.09s)
    daemon.go:296: [dfb1bda04d0a8] waiting for daemon to start
    daemon.go:328: [dfb1bda04d0a8] daemon started
    daemon.go:283: [dfb1bda04d0a8] exiting daemon
=== RUN   TestCreateServiceMaxReplicas
--- PASS: TestCreateServiceMaxReplicas (2.76s)
    daemon.go:296: [d71d2777e8898] waiting for daemon to start
    daemon.go:328: [d71d2777e8898] daemon started
    daemon.go:283: [d71d2777e8898] exiting daemon
=== RUN   TestCreateWithDuplicateNetworkNames
--- PASS: TestCreateWithDuplicateNetworkNames (12.98s)
    daemon.go:296: [dd0c45b40bb62] waiting for daemon to start
    daemon.go:328: [dd0c45b40bb62] daemon started
    daemon.go:283: [dd0c45b40bb62] exiting daemon
=== RUN   TestCreateServiceSecretFileMode
--- PASS: TestCreateServiceSecretFileMode (2.69s)
    daemon.go:296: [ddff4256a676b] waiting for daemon to start
    daemon.go:328: [ddff4256a676b] daemon started
    daemon.go:283: [ddff4256a676b] exiting daemon
=== RUN   TestCreateServiceConfigFileMode
--- PASS: TestCreateServiceConfigFileMode (2.61s)
    daemon.go:296: [d6fd6db64e381] waiting for daemon to start
    daemon.go:328: [d6fd6db64e381] daemon started
    daemon.go:283: [d6fd6db64e381] exiting daemon
=== RUN   TestCreateServiceSysctls
--- PASS: TestCreateServiceSysctls (3.33s)
    daemon.go:296: [df09db2910d6f] waiting for daemon to start
    daemon.go:328: [df09db2910d6f] daemon started
    daemon.go:283: [df09db2910d6f] exiting daemon
=== RUN   TestInspect
--- PASS: TestInspect (2.19s)
    daemon.go:296: [d1265c83aa304] waiting for daemon to start
    daemon.go:328: [d1265c83aa304] daemon started
    daemon.go:283: [d1265c83aa304] exiting daemon
=== RUN   TestDockerNetworkConnectAlias
--- PASS: TestDockerNetworkConnectAlias (3.94s)
    daemon.go:296: [d9951ee3643f4] waiting for daemon to start
    daemon.go:328: [d9951ee3643f4] daemon started
    daemon.go:283: [d9951ee3643f4] exiting daemon
=== RUN   TestServicePlugin
--- PASS: TestServicePlugin (35.32s)
    daemon.go:296: [d69dbfbb08f03] waiting for daemon to start
    daemon.go:328: [d69dbfbb08f03] daemon started
    daemon.go:283: [d69dbfbb08f03] exiting daemon
    daemon.go:296: [d5ca8cd8c617a] waiting for daemon to start
    daemon.go:328: [d5ca8cd8c617a] daemon started
    daemon.go:296: [d4ea657fc1351] waiting for daemon to start
    daemon.go:328: [d4ea657fc1351] daemon started
    daemon.go:296: [dc18b9ee4eec5] waiting for daemon to start
    daemon.go:328: [dc18b9ee4eec5] daemon started
    daemon.go:283: [dc18b9ee4eec5] exiting daemon
    daemon.go:283: [d4ea657fc1351] exiting daemon
    daemon.go:283: [d5ca8cd8c617a] exiting daemon
=== RUN   TestServiceUpdateLabel
--- PASS: TestServiceUpdateLabel (2.10s)
    daemon.go:296: [dada0c6c09e78] waiting for daemon to start
    daemon.go:328: [dada0c6c09e78] daemon started
    daemon.go:283: [dada0c6c09e78] exiting daemon
=== RUN   TestServiceUpdateSecrets
--- PASS: TestServiceUpdateSecrets (7.64s)
    daemon.go:296: [d3608298ce404] waiting for daemon to start
    daemon.go:328: [d3608298ce404] daemon started
    daemon.go:283: [d3608298ce404] exiting daemon
=== RUN   TestServiceUpdateConfigs
--- PASS: TestServiceUpdateConfigs (2.18s)
    daemon.go:296: [d2abe4c978b9f] waiting for daemon to start
    daemon.go:328: [d2abe4c978b9f] daemon started
    daemon.go:283: [d2abe4c978b9f] exiting daemon
PASS
Running /go/src/github.com/docker/docker/integration/network
INFO: Testing against a local daemon
=== RUN   TestNetworkCreateDelete
--- PASS: TestNetworkCreateDelete (0.12s)
=== RUN   TestDockerNetworkDeletePreferID
--- PASS: TestDockerNetworkDeletePreferID (0.28s)
=== RUN   TestInspectNetwork
--- PASS: TestInspectNetwork (24.85s)
    daemon.go:296: [dfc6dd5155614] waiting for daemon to start
    daemon.go:328: [dfc6dd5155614] daemon started
    daemon.go:283: [dfc6dd5155614] exiting daemon
=== RUN   TestRunContainerWithBridgeNone
--- PASS: TestRunContainerWithBridgeNone (2.08s)
    daemon.go:296: [d4a1a55fe612b] waiting for daemon to start
    daemon.go:328: [d4a1a55fe612b] daemon started
    daemon.go:283: [d4a1a55fe612b] exiting daemon
=== RUN   TestNetworkInvalidJSON
=== RUN   TestNetworkInvalidJSON//networks/create
=== PAUSE TestNetworkInvalidJSON//networks/create
=== RUN   TestNetworkInvalidJSON//networks/bridge/connect
=== PAUSE TestNetworkInvalidJSON//networks/bridge/connect
=== RUN   TestNetworkInvalidJSON//networks/bridge/disconnect
=== PAUSE TestNetworkInvalidJSON//networks/bridge/disconnect
=== CONT  TestNetworkInvalidJSON//networks/create
=== CONT  TestNetworkInvalidJSON//networks/bridge/disconnect
=== CONT  TestNetworkInvalidJSON//networks/bridge/connect
--- PASS: TestNetworkInvalidJSON (0.01s)
    --- PASS: TestNetworkInvalidJSON//networks/create (0.00s)
    --- PASS: TestNetworkInvalidJSON//networks/bridge/disconnect (0.00s)
    --- PASS: TestNetworkInvalidJSON//networks/bridge/connect (0.00s)
=== RUN   TestDaemonRestartWithLiveRestore
--- PASS: TestDaemonRestartWithLiveRestore (1.04s)
    daemon.go:296: [d97569d077c3f] waiting for daemon to start
    daemon.go:328: [d97569d077c3f] daemon started
    daemon.go:283: [d97569d077c3f] exiting daemon
    daemon.go:296: [d97569d077c3f] waiting for daemon to start
    daemon.go:328: [d97569d077c3f] daemon started
    daemon.go:283: [d97569d077c3f] exiting daemon
=== RUN   TestDaemonDefaultNetworkPools
--- PASS: TestDaemonDefaultNetworkPools (0.67s)
    daemon.go:296: [d463b48161c9d] waiting for daemon to start
    daemon.go:328: [d463b48161c9d] daemon started
    daemon.go:283: [d463b48161c9d] exiting daemon
=== RUN   TestDaemonRestartWithExistingNetwork
--- PASS: TestDaemonRestartWithExistingNetwork (1.10s)
    daemon.go:296: [d79e0e004e8ae] waiting for daemon to start
    daemon.go:328: [d79e0e004e8ae] daemon started
    daemon.go:283: [d79e0e004e8ae] exiting daemon
    daemon.go:296: [d79e0e004e8ae] waiting for daemon to start
    daemon.go:328: [d79e0e004e8ae] daemon started
    daemon.go:283: [d79e0e004e8ae] exiting daemon
=== RUN   TestDaemonRestartWithExistingNetworkWithDefaultPoolRange
--- PASS: TestDaemonRestartWithExistingNetworkWithDefaultPoolRange (1.19s)
    daemon.go:296: [d9fbf9406d723] waiting for daemon to start
    daemon.go:328: [d9fbf9406d723] daemon started
    daemon.go:283: [d9fbf9406d723] exiting daemon
    daemon.go:296: [d9fbf9406d723] waiting for daemon to start
    daemon.go:328: [d9fbf9406d723] daemon started
    daemon.go:283: [d9fbf9406d723] exiting daemon
=== RUN   TestDaemonWithBipAndDefaultNetworkPool
--- PASS: TestDaemonWithBipAndDefaultNetworkPool (0.54s)
    daemon.go:296: [d03b4adbb973b] waiting for daemon to start
    daemon.go:328: [d03b4adbb973b] daemon started
    daemon.go:283: [d03b4adbb973b] exiting daemon
=== RUN   TestServiceWithPredefinedNetwork
--- PASS: TestServiceWithPredefinedNetwork (2.16s)
    daemon.go:296: [d98db5353c239] waiting for daemon to start
    daemon.go:328: [d98db5353c239] daemon started
    daemon.go:283: [d98db5353c239] exiting daemon
=== RUN   TestServiceRemoveKeepsIngressNetwork
--- PASS: TestServiceRemoveKeepsIngressNetwork (12.22s)
    daemon.go:296: [dede1a75a7132] waiting for daemon to start
    daemon.go:328: [dede1a75a7132] daemon started
    daemon.go:283: [dede1a75a7132] exiting daemon
=== RUN   TestServiceWithDataPathPortInit
--- PASS: TestServiceWithDataPathPortInit (4.15s)
    daemon.go:296: [d049515930a88] waiting for daemon to start
    daemon.go:328: [d049515930a88] daemon started
    daemon.go:283: [d049515930a88] exiting daemon
    daemon.go:296: [dc01fe7e8be97] waiting for daemon to start
    daemon.go:328: [dc01fe7e8be97] daemon started
    daemon.go:283: [dc01fe7e8be97] exiting daemon
=== RUN   TestServiceWithDefaultAddressPoolInit
--- PASS: TestServiceWithDefaultAddressPoolInit (4.27s)
    daemon.go:296: [d1b8756341228] waiting for daemon to start
    daemon.go:328: [d1b8756341228] daemon started
    service_test.go:415: TestServiceWithDefaultAddressPoolInit: NetworkInspect: {Name:saanvisthiraTestServiceWithDefaultAddressPoolInit ID:ouephuyydhny1yu65kk118qd8 Created:2019-01-04 22:55:17.444376046 +0000 UTC Scope:swarm Driver:overlay EnableIPv6:false IPAM:{Driver:default Options:map[] Config:[{Subnet:20.20.0.0/24 IPRange: Gateway:20.20.0.1 AuxAddress:map[]}]} Internal:false Attachable:false Ingress:false ConfigFrom:{Network:} ConfigOnly:false Containers:map[] Options:map[com.docker.network.driver.overlay.vxlanid_list:4097] Labels:map[] Peers:[] Services:map[]}
    daemon.go:283: [d1b8756341228] exiting daemon
    daemon.go:296: [d53273b9bf77f] waiting for daemon to start
    daemon.go:328: [d53273b9bf77f] daemon started
    daemon.go:283: [d53273b9bf77f] exiting daemon
PASS
Running /go/src/github.com/docker/docker/integration/network/ipvlan
INFO: Testing against a local daemon
=== RUN   TestDockerNetworkIpvlanPersistance
--- PASS: TestDockerNetworkIpvlanPersistance (1.29s)
    daemon.go:296: [d6c1b062563c9] waiting for daemon to start
    daemon.go:328: [d6c1b062563c9] daemon started
    daemon.go:283: [d6c1b062563c9] exiting daemon
    daemon.go:296: [d6c1b062563c9] waiting for daemon to start
    daemon.go:328: [d6c1b062563c9] daemon started
    daemon.go:283: [d6c1b062563c9] exiting daemon
=== RUN   TestDockerNetworkIpvlan
=== RUN   TestDockerNetworkIpvlan/Subinterface
=== RUN   TestDockerNetworkIpvlan/OverlapParent
=== RUN   TestDockerNetworkIpvlan/L2NilParent
=== RUN   TestDockerNetworkIpvlan/L2InternalMode
=== RUN   TestDockerNetworkIpvlan/L3NilParent
=== RUN   TestDockerNetworkIpvlan/L3InternalMode
=== RUN   TestDockerNetworkIpvlan/L2MultiSubnet
=== RUN   TestDockerNetworkIpvlan/L3MultiSubnet
=== RUN   TestDockerNetworkIpvlan/Addressing
--- PASS: TestDockerNetworkIpvlan (110.19s)
    daemon.go:296: [d6972dcc1c9e9] waiting for daemon to start
    daemon.go:328: [d6972dcc1c9e9] daemon started
    --- PASS: TestDockerNetworkIpvlan/Subinterface (0.08s)
    daemon.go:283: [d6972dcc1c9e9] exiting daemon
    daemon.go:296: [d4e22eedf3b17] waiting for daemon to start
    daemon.go:328: [d4e22eedf3b17] daemon started
    --- PASS: TestDockerNetworkIpvlan/OverlapParent (0.05s)
    daemon.go:283: [d4e22eedf3b17] exiting daemon
    daemon.go:296: [d9d1f2dafaa45] waiting for daemon to start
    daemon.go:328: [d9d1f2dafaa45] daemon started
    --- PASS: TestDockerNetworkIpvlan/L2NilParent (1.03s)
    daemon.go:283: [d9d1f2dafaa45] exiting daemon
    daemon.go:296: [def740a0b191f] waiting for daemon to start
    daemon.go:328: [def740a0b191f] daemon started
    --- PASS: TestDockerNetworkIpvlan/L2InternalMode (1.86s)
    daemon.go:283: [def740a0b191f] exiting daemon
    daemon.go:296: [d488a61530566] waiting for daemon to start
    daemon.go:328: [d488a61530566] daemon started
    --- PASS: TestDockerNetworkIpvlan/L3NilParent (15.87s)
    daemon.go:283: [d488a61530566] exiting daemon
    daemon.go:296: [d1cf11a2405ab] waiting for daemon to start
    daemon.go:328: [d1cf11a2405ab] daemon started
    --- PASS: TestDockerNetworkIpvlan/L3InternalMode (16.89s)
    daemon.go:283: [d1cf11a2405ab] exiting daemon
    daemon.go:296: [deaac10c748df] waiting for daemon to start
    daemon.go:328: [deaac10c748df] daemon started
    --- PASS: TestDockerNetworkIpvlan/L2MultiSubnet (17.20s)
    daemon.go:283: [deaac10c748df] exiting daemon
    daemon.go:296: [d385bda690c34] waiting for daemon to start
    daemon.go:328: [d385bda690c34] daemon started
    --- PASS: TestDockerNetworkIpvlan/L3MultiSubnet (17.22s)
    daemon.go:283: [d385bda690c34] exiting daemon
    daemon.go:296: [d0331a5dddb80] waiting for daemon to start
    daemon.go:328: [d0331a5dddb80] daemon started
    --- PASS: TestDockerNetworkIpvlan/Addressing (31.34s)
    daemon.go:283: [d0331a5dddb80] exiting daemon
PASS
Running /go/src/github.com/docker/docker/integration/network/macvlan
INFO: Testing against a local daemon
=== RUN   TestDockerNetworkMacvlanPersistance
--- PASS: TestDockerNetworkMacvlanPersistance (1.28s)
    daemon.go:296: [d74891f1dd208] waiting for daemon to start
    daemon.go:328: [d74891f1dd208] daemon started
    daemon.go:283: [d74891f1dd208] exiting daemon
    daemon.go:296: [d74891f1dd208] waiting for daemon to start
    daemon.go:328: [d74891f1dd208] daemon started
    daemon.go:283: [d74891f1dd208] exiting daemon
=== RUN   TestDockerNetworkMacvlan
=== RUN   TestDockerNetworkMacvlan/Subinterface
=== RUN   TestDockerNetworkMacvlan/OverlapParent
=== RUN   TestDockerNetworkMacvlan/NilParent
=== RUN   TestDockerNetworkMacvlan/InternalMode
=== RUN   TestDockerNetworkMacvlan/Addressing
--- PASS: TestDockerNetworkMacvlan (22.99s)
    daemon.go:296: [d8f086cb119b0] waiting for daemon to start
    daemon.go:328: [d8f086cb119b0] daemon started
    --- PASS: TestDockerNetworkMacvlan/Subinterface (0.06s)
    daemon.go:283: [d8f086cb119b0] exiting daemon
    daemon.go:296: [d1e8589b4c967] waiting for daemon to start
    daemon.go:328: [d1e8589b4c967] daemon started
    --- PASS: TestDockerNetworkMacvlan/OverlapParent (0.07s)
    daemon.go:283: [d1e8589b4c967] exiting daemon
    daemon.go:296: [db6ae84d1c295] waiting for daemon to start
    daemon.go:328: [db6ae84d1c295] daemon started
    --- PASS: TestDockerNetworkMacvlan/NilParent (0.86s)
    daemon.go:283: [db6ae84d1c295] exiting daemon
    daemon.go:296: [dd3205a787af4] waiting for daemon to start
    daemon.go:328: [dd3205a787af4] daemon started
    --- PASS: TestDockerNetworkMacvlan/InternalMode (1.88s)
    daemon.go:283: [dd3205a787af4] exiting daemon
    daemon.go:296: [df2adeb873f38] waiting for daemon to start
    daemon.go:328: [df2adeb873f38] daemon started
    --- PASS: TestDockerNetworkMacvlan/Addressing (15.68s)
    daemon.go:283: [df2adeb873f38] exiting daemon
PASS
Running /go/src/github.com/docker/docker/integration/secret
INFO: Testing against a local daemon
=== RUN   TestSecretInspect
--- PASS: TestSecretInspect (2.16s)
    daemon.go:296: [d9877c3132858] waiting for daemon to start
    daemon.go:328: [d9877c3132858] daemon started
    daemon.go:283: [d9877c3132858] exiting daemon
=== RUN   TestSecretList
--- PASS: TestSecretList (2.06s)
    daemon.go:296: [d8e56a1f09742] waiting for daemon to start
    daemon.go:328: [d8e56a1f09742] daemon started
    daemon.go:283: [d8e56a1f09742] exiting daemon
=== RUN   TestSecretsCreateAndDelete
--- PASS: TestSecretsCreateAndDelete (2.16s)
    daemon.go:296: [d38df79533721] waiting for daemon to start
    daemon.go:328: [d38df79533721] daemon started
    daemon.go:283: [d38df79533721] exiting daemon
=== RUN   TestSecretsUpdate
--- PASS: TestSecretsUpdate (2.07s)
    daemon.go:296: [d7ac3c78535b0] waiting for daemon to start
    daemon.go:328: [d7ac3c78535b0] daemon started
    daemon.go:283: [d7ac3c78535b0] exiting daemon
=== RUN   TestTemplatedSecret
--- PASS: TestTemplatedSecret (2.69s)
    daemon.go:296: [d5a1440fdd9fa] waiting for daemon to start
    daemon.go:328: [d5a1440fdd9fa] daemon started
    daemon.go:283: [d5a1440fdd9fa] exiting daemon
=== RUN   TestSecretCreateResolve
--- PASS: TestSecretCreateResolve (2.09s)
    daemon.go:296: [d616694423d89] waiting for daemon to start
    daemon.go:328: [d616694423d89] daemon started
    daemon.go:283: [d616694423d89] exiting daemon
PASS
Running /go/src/github.com/docker/docker/integration/session
INFO: Testing against a local daemon
=== RUN   TestSessionCreate
--- PASS: TestSessionCreate (0.01s)
=== RUN   TestSessionCreateWithBadUpgrade
--- PASS: TestSessionCreateWithBadUpgrade (0.00s)
PASS
Running /go/src/github.com/docker/docker/integration/container
INFO: Testing against a local daemon
=== RUN   TestContainerInvalidJSON
=== RUN   TestContainerInvalidJSON//containers/foobar/copy
=== PAUSE TestContainerInvalidJSON//containers/foobar/copy
=== RUN   TestContainerInvalidJSON//containers/foobar/exec
=== PAUSE TestContainerInvalidJSON//containers/foobar/exec
=== RUN   TestContainerInvalidJSON//exec/foobar/start
=== PAUSE TestContainerInvalidJSON//exec/foobar/start
=== CONT  TestContainerInvalidJSON//containers/foobar/copy
=== CONT  TestContainerInvalidJSON//exec/foobar/start
=== CONT  TestContainerInvalidJSON//containers/foobar/exec
--- PASS: TestContainerInvalidJSON (0.01s)
    --- PASS: TestContainerInvalidJSON//exec/foobar/start (0.00s)
    --- PASS: TestContainerInvalidJSON//containers/foobar/copy (0.01s)
    --- PASS: TestContainerInvalidJSON//containers/foobar/exec (0.00s)
=== RUN   TestCopyFromContainerPathDoesNotExist
--- PASS: TestCopyFromContainerPathDoesNotExist (0.07s)
=== RUN   TestCopyFromContainerPathIsNotDir
--- PASS: TestCopyFromContainerPathIsNotDir (0.06s)
=== RUN   TestCopyToContainerPathDoesNotExist
--- PASS: TestCopyToContainerPathDoesNotExist (0.07s)
=== RUN   TestCopyToContainerPathIsNotDir
--- PASS: TestCopyToContainerPathIsNotDir (0.07s)
=== RUN   TestCreateFailsWhenIdentifierDoesNotExist
=== RUN   TestCreateFailsWhenIdentifierDoesNotExist/image_and_tag
=== PAUSE TestCreateFailsWhenIdentifierDoesNotExist/image_and_tag
=== RUN   TestCreateFailsWhenIdentifierDoesNotExist/image_no_tag
=== PAUSE TestCreateFailsWhenIdentifierDoesNotExist/image_no_tag
=== RUN   TestCreateFailsWhenIdentifierDoesNotExist/digest
=== PAUSE TestCreateFailsWhenIdentifierDoesNotExist/digest
=== CONT  TestCreateFailsWhenIdentifierDoesNotExist/image_and_tag
=== CONT  TestCreateFailsWhenIdentifierDoesNotExist/digest
=== CONT  TestCreateFailsWhenIdentifierDoesNotExist/image_no_tag
--- PASS: TestCreateFailsWhenIdentifierDoesNotExist (0.01s)
    --- PASS: TestCreateFailsWhenIdentifierDoesNotExist/digest (0.00s)
    --- PASS: TestCreateFailsWhenIdentifierDoesNotExist/image_and_tag (0.00s)
    --- PASS: TestCreateFailsWhenIdentifierDoesNotExist/image_no_tag (0.00s)
=== RUN   TestCreateWithInvalidEnv
=== RUN   TestCreateWithInvalidEnv/0
=== PAUSE TestCreateWithInvalidEnv/0
=== RUN   TestCreateWithInvalidEnv/1
=== PAUSE TestCreateWithInvalidEnv/1
=== RUN   TestCreateWithInvalidEnv/2
=== PAUSE TestCreateWithInvalidEnv/2
=== CONT  TestCreateWithInvalidEnv/0
=== CONT  TestCreateWithInvalidEnv/2
=== CONT  TestCreateWithInvalidEnv/1
--- PASS: TestCreateWithInvalidEnv (0.01s)
    --- PASS: TestCreateWithInvalidEnv/2 (0.00s)
    --- PASS: TestCreateWithInvalidEnv/0 (0.00s)
    --- PASS: TestCreateWithInvalidEnv/1 (0.00s)
=== RUN   TestCreateTmpfsMountsTarget
--- PASS: TestCreateTmpfsMountsTarget (0.01s)
=== RUN   TestCreateWithCustomMaskedPaths
--- PASS: TestCreateWithCustomMaskedPaths (1.48s)
=== RUN   TestCreateWithCustomReadonlyPaths
--- PASS: TestCreateWithCustomReadonlyPaths (1.60s)
=== RUN   TestCreateWithInvalidHealthcheckParams
=== RUN   TestCreateWithInvalidHealthcheckParams/test_invalid_Interval_in_Healthcheck:_less_than_0s
=== PAUSE TestCreateWithInvalidHealthcheckParams/test_invalid_Interval_in_Healthcheck:_less_than_0s
=== RUN   TestCreateWithInvalidHealthcheckParams/test_invalid_Interval_in_Healthcheck:_larger_than_0s_but_less_than_1ms
=== PAUSE TestCreateWithInvalidHealthcheckParams/test_invalid_Interval_in_Healthcheck:_larger_than_0s_but_less_than_1ms
=== RUN   TestCreateWithInvalidHealthcheckParams/test_invalid_Timeout_in_Healthcheck:_less_than_1ms
=== PAUSE TestCreateWithInvalidHealthcheckParams/test_invalid_Timeout_in_Healthcheck:_less_than_1ms
=== RUN   TestCreateWithInvalidHealthcheckParams/test_invalid_Retries_in_Healthcheck:_less_than_0
=== PAUSE TestCreateWithInvalidHealthcheckParams/test_invalid_Retries_in_Healthcheck:_less_than_0
=== RUN   TestCreateWithInvalidHealthcheckParams/test_invalid_StartPeriod_in_Healthcheck:_not_0_and_less_than_1ms
=== PAUSE TestCreateWithInvalidHealthcheckParams/test_invalid_StartPeriod_in_Healthcheck:_not_0_and_less_than_1ms
=== CONT  TestCreateWithInvalidHealthcheckParams/test_invalid_Interval_in_Healthcheck:_less_than_0s
=== CONT  TestCreateWithInvalidHealthcheckParams/test_invalid_Retries_in_Healthcheck:_less_than_0
=== CONT  TestCreateWithInvalidHealthcheckParams/test_invalid_StartPeriod_in_Healthcheck:_not_0_and_less_than_1ms
=== CONT  TestCreateWithInvalidHealthcheckParams/test_invalid_Timeout_in_Healthcheck:_less_than_1ms
=== CONT  TestCreateWithInvalidHealthcheckParams/test_invalid_Interval_in_Healthcheck:_larger_than_0s_but_less_than_1ms
--- PASS: TestCreateWithInvalidHealthcheckParams (0.01s)
    --- PASS: TestCreateWithInvalidHealthcheckParams/test_invalid_Retries_in_Healthcheck:_less_than_0 (0.00s)
    --- PASS: TestCreateWithInvalidHealthcheckParams/test_invalid_Interval_in_Healthcheck:_less_than_0s (0.00s)
    --- PASS: TestCreateWithInvalidHealthcheckParams/test_invalid_Timeout_in_Healthcheck:_less_than_1ms (0.00s)
    --- PASS: TestCreateWithInvalidHealthcheckParams/test_invalid_StartPeriod_in_Healthcheck:_not_0_and_less_than_1ms (0.00s)
    --- PASS: TestCreateWithInvalidHealthcheckParams/test_invalid_Interval_in_Healthcheck:_larger_than_0s_but_less_than_1ms (0.00s)
=== RUN   TestContainerStartOnDaemonRestart
=== PAUSE TestContainerStartOnDaemonRestart
=== RUN   TestDiff
--- PASS: TestDiff (0.54s)
=== RUN   TestExecWithCloseStdin
--- PASS: TestExecWithCloseStdin (0.63s)
=== RUN   TestExec
--- PASS: TestExec (0.64s)
=== RUN   TestExportContainerAndImportImage
--- PASS: TestExportContainerAndImportImage (0.69s)
=== RUN   TestExportContainerAfterDaemonRestart
--- PASS: TestExportContainerAfterDaemonRestart (1.28s)
    daemon.go:296: [dc19af6a43899] waiting for daemon to start
    daemon.go:328: [dc19af6a43899] daemon started
    daemon.go:283: [dc19af6a43899] exiting daemon
    daemon.go:296: [dc19af6a43899] waiting for daemon to start
    daemon.go:328: [dc19af6a43899] daemon started
    daemon.go:283: [dc19af6a43899] exiting daemon
=== RUN   TestHealthCheckWorkdir
--- PASS: TestHealthCheckWorkdir (0.80s)
=== RUN   TestInspectCpusetInConfigPre120
--- PASS: TestInspectCpusetInConfigPre120 (0.54s)
=== RUN   TestIpcModeNone
--- PASS: TestIpcModeNone (0.62s)
=== RUN   TestIpcModePrivate
--- PASS: TestIpcModePrivate (0.62s)
    ipcmode_test.go:87: [testIpcPrivateShareable] ipcmode: private, ipcdev: 0:56, shared: false, mustBeShared: false
=== RUN   TestIpcModeShareable
--- PASS: TestIpcModeShareable (0.64s)
    ipcmode_test.go:87: [testIpcPrivateShareable] ipcmode: shareable, ipcdev: 0:50, shared: true, mustBeShared: true
=== RUN   TestAPIIpcModeShareableAndContainer
--- PASS: TestAPIIpcModeShareableAndContainer (1.85s)
=== RUN   TestAPIIpcModeHost
--- PASS: TestAPIIpcModeHost (0.54s)
=== RUN   TestDaemonIpcModeShareable
--- PASS: TestDaemonIpcModeShareable (1.38s)
    daemon.go:296: [d24525cd4e1ab] waiting for daemon to start
    daemon.go:328: [d24525cd4e1ab] daemon started
    ipcmode_test.go:255: [testDaemonIpcPrivateShareable] ipcdev: 0:58, shared: true, mustBeShared: true
    daemon.go:283: [d24525cd4e1ab] exiting daemon
=== RUN   TestDaemonIpcModePrivate
--- PASS: TestDaemonIpcModePrivate (1.34s)
    daemon.go:296: [d2752ef695190] waiting for daemon to start
    daemon.go:328: [d2752ef695190] daemon started
    ipcmode_test.go:255: [testDaemonIpcPrivateShareable] ipcdev: 0:64, shared: false, mustBeShared: false
    daemon.go:283: [d2752ef695190] exiting daemon
=== RUN   TestDaemonIpcModePrivateFromConfig
--- PASS: TestDaemonIpcModePrivateFromConfig (1.36s)
    daemon.go:296: [d22fc0086d1ea] waiting for daemon to start
    daemon.go:328: [d22fc0086d1ea] daemon started
    ipcmode_test.go:255: [testDaemonIpcPrivateShareable] ipcdev: 0:64, shared: false, mustBeShared: false
    daemon.go:283: [d22fc0086d1ea] exiting daemon
=== RUN   TestDaemonIpcModeShareableFromConfig
--- PASS: TestDaemonIpcModeShareableFromConfig (1.36s)
    daemon.go:296: [d8ed621d46c20] waiting for daemon to start
    daemon.go:328: [d8ed621d46c20] daemon started
    ipcmode_test.go:255: [testDaemonIpcPrivateShareable] ipcdev: 0:58, shared: true, mustBeShared: true
    daemon.go:283: [d8ed621d46c20] exiting daemon
=== RUN   TestKillContainerInvalidSignal
--- PASS: TestKillContainerInvalidSignal (0.53s)
=== RUN   TestKillContainer
=== RUN   TestKillContainer/no_signal
=== RUN   TestKillContainer/non_killing_signal
=== RUN   TestKillContainer/killing_signal
--- PASS: TestKillContainer (1.66s)
    --- PASS: TestKillContainer/no_signal (0.54s)
    --- PASS: TestKillContainer/non_killing_signal (0.36s)
    --- PASS: TestKillContainer/killing_signal (0.50s)
=== RUN   TestKillWithStopSignalAndRestartPolicies
=== RUN   TestKillWithStopSignalAndRestartPolicies/same-signal-disables-restart-policy
=== RUN   TestKillWithStopSignalAndRestartPolicies/different-signal-keep-restart-policy
--- PASS: TestKillWithStopSignalAndRestartPolicies (1.07s)
    --- PASS: TestKillWithStopSignalAndRestartPolicies/same-signal-disables-restart-policy (0.51s)
    --- PASS: TestKillWithStopSignalAndRestartPolicies/different-signal-keep-restart-policy (0.35s)
=== RUN   TestKillStoppedContainer
--- PASS: TestKillStoppedContainer (0.08s)
=== RUN   TestKillStoppedContainerAPIPre120
--- PASS: TestKillStoppedContainerAPIPre120 (0.07s)
=== RUN   TestKillDifferentUserContainer
--- PASS: TestKillDifferentUserContainer (0.53s)
=== RUN   TestInspectOomKilledTrue
--- SKIP: TestInspectOomKilledTrue (0.00s)
    kill_test.go:153: testEnv.DaemonInfo.OSType == "windows" || !testEnv.DaemonInfo.MemoryLimit || !testEnv.DaemonInfo.SwapLimit
=== RUN   TestInspectOomKilledFalse
--- SKIP: TestInspectOomKilledFalse (0.00s)
    kill_test.go:171: testEnv.DaemonInfo.OSType == "windows" || !testEnv.DaemonInfo.MemoryLimit || !testEnv.DaemonInfo.SwapLimit
=== RUN   TestLinksEtcHostsContentMatch
--- PASS: TestLinksEtcHostsContentMatch (0.50s)
=== RUN   TestLinksContainerNames
--- PASS: TestLinksContainerNames (1.08s)
=== RUN   TestLogsFollowTailEmpty
--- PASS: TestLogsFollowTailEmpty (0.54s)
=== RUN   TestContainerNetworkMountsNoChown
--- PASS: TestContainerNetworkMountsNoChown (0.52s)
=== RUN   TestMountDaemonRoot
=== RUN   TestMountDaemonRoot/default
=== PAUSE TestMountDaemonRoot/default
=== RUN   TestMountDaemonRoot/private
=== PAUSE TestMountDaemonRoot/private
=== RUN   TestMountDaemonRoot/rprivate
=== PAUSE TestMountDaemonRoot/rprivate
=== RUN   TestMountDaemonRoot/slave
=== PAUSE TestMountDaemonRoot/slave
=== RUN   TestMountDaemonRoot/rslave
=== PAUSE TestMountDaemonRoot/rslave
=== RUN   TestMountDaemonRoot/shared
=== PAUSE TestMountDaemonRoot/shared
=== RUN   TestMountDaemonRoot/rshared
=== PAUSE TestMountDaemonRoot/rshared
=== CONT  TestMountDaemonRoot/default
=== RUN   TestMountDaemonRoot/default/bind_root
=== PAUSE TestMountDaemonRoot/default/bind_root
=== RUN   TestMountDaemonRoot/default/bind_subpath
=== PAUSE TestMountDaemonRoot/default/bind_subpath
=== RUN   TestMountDaemonRoot/default/mount_root
=== PAUSE TestMountDaemonRoot/default/mount_root
=== RUN   TestMountDaemonRoot/default/mount_subpath
=== PAUSE TestMountDaemonRoot/default/mount_subpath
=== CONT  TestMountDaemonRoot/default/bind_root
=== CONT  TestMountDaemonRoot/rprivate
=== RUN   TestMountDaemonRoot/rprivate/bind_subpath
=== PAUSE TestMountDaemonRoot/rprivate/bind_subpath
=== RUN   TestMountDaemonRoot/rprivate/mount_root
=== PAUSE TestMountDaemonRoot/rprivate/mount_root
=== RUN   TestMountDaemonRoot/rprivate/mount_subpath
=== PAUSE TestMountDaemonRoot/rprivate/mount_subpath
=== RUN   TestMountDaemonRoot/rprivate/bind_root
=== PAUSE TestMountDaemonRoot/rprivate/bind_root
=== CONT  TestMountDaemonRoot/rprivate/bind_subpath
=== CONT  TestMountDaemonRoot/rshared
=== RUN   TestMountDaemonRoot/rshared/bind_root
=== PAUSE TestMountDaemonRoot/rshared/bind_root
=== RUN   TestMountDaemonRoot/rshared/bind_subpath
=== PAUSE TestMountDaemonRoot/rshared/bind_subpath
=== RUN   TestMountDaemonRoot/rshared/mount_root
=== PAUSE TestMountDaemonRoot/rshared/mount_root
=== RUN   TestMountDaemonRoot/rshared/mount_subpath
=== PAUSE TestMountDaemonRoot/rshared/mount_subpath
=== CONT  TestMountDaemonRoot/shared
=== RUN   TestMountDaemonRoot/shared/mount_subpath
=== PAUSE TestMountDaemonRoot/shared/mount_subpath
=== RUN   TestMountDaemonRoot/shared/bind_root
=== PAUSE TestMountDaemonRoot/shared/bind_root
=== RUN   TestMountDaemonRoot/shared/bind_subpath
=== PAUSE TestMountDaemonRoot/shared/bind_subpath
=== RUN   TestMountDaemonRoot/shared/mount_root
=== PAUSE TestMountDaemonRoot/shared/mount_root
=== CONT  TestMountDaemonRoot/rslave
=== RUN   TestMountDaemonRoot/rslave/mount_subpath
=== PAUSE TestMountDaemonRoot/rslave/mount_subpath
=== RUN   TestMountDaemonRoot/rslave/bind_root
=== PAUSE TestMountDaemonRoot/rslave/bind_root
=== RUN   TestMountDaemonRoot/rslave/bind_subpath
=== PAUSE TestMountDaemonRoot/rslave/bind_subpath
=== RUN   TestMountDaemonRoot/rslave/mount_root
=== PAUSE TestMountDaemonRoot/rslave/mount_root
=== CONT  TestMountDaemonRoot/slave
=== RUN   TestMountDaemonRoot/slave/bind_root
=== PAUSE TestMountDaemonRoot/slave/bind_root
=== RUN   TestMountDaemonRoot/slave/bind_subpath
=== PAUSE TestMountDaemonRoot/slave/bind_subpath
=== RUN   TestMountDaemonRoot/slave/mount_root
=== PAUSE TestMountDaemonRoot/slave/mount_root
=== RUN   TestMountDaemonRoot/slave/mount_subpath
=== PAUSE TestMountDaemonRoot/slave/mount_subpath
=== CONT  TestMountDaemonRoot/rprivate/bind_root
=== CONT  TestMountDaemonRoot/rprivate/mount_subpath
=== CONT  TestMountDaemonRoot/rprivate/mount_root
=== CONT  TestMountDaemonRoot/default/mount_subpath
=== CONT  TestMountDaemonRoot/private
=== RUN   TestMountDaemonRoot/private/bind_root
=== PAUSE TestMountDaemonRoot/private/bind_root
=== RUN   TestMountDaemonRoot/private/bind_subpath
=== PAUSE TestMountDaemonRoot/private/bind_subpath
=== RUN   TestMountDaemonRoot/private/mount_root
=== PAUSE TestMountDaemonRoot/private/mount_root
=== RUN   TestMountDaemonRoot/private/mount_subpath
=== PAUSE TestMountDaemonRoot/private/mount_subpath
=== CONT  TestMountDaemonRoot/default/mount_root
=== CONT  TestMountDaemonRoot/default/bind_subpath
=== CONT  TestMountDaemonRoot/rshared/bind_root
=== CONT  TestMountDaemonRoot/shared/mount_subpath
=== CONT  TestMountDaemonRoot/rshared/mount_subpath
=== CONT  TestMountDaemonRoot/rshared/mount_root
=== CONT  TestMountDaemonRoot/rshared/bind_subpath
=== CONT  TestMountDaemonRoot/rslave/mount_subpath
=== CONT  TestMountDaemonRoot/shared/mount_root
=== CONT  TestMountDaemonRoot/shared/bind_subpath
=== CONT  TestMountDaemonRoot/shared/bind_root
=== CONT  TestMountDaemonRoot/slave/bind_root
=== CONT  TestMountDaemonRoot/rslave/mount_root
=== CONT  TestMountDaemonRoot/rslave/bind_subpath
=== CONT  TestMountDaemonRoot/rslave/bind_root
=== CONT  TestMountDaemonRoot/slave/mount_subpath
=== CONT  TestMountDaemonRoot/slave/mount_root
=== CONT  TestMountDaemonRoot/slave/bind_subpath
=== CONT  TestMountDaemonRoot/private/bind_root
=== CONT  TestMountDaemonRoot/private/mount_subpath
=== CONT  TestMountDaemonRoot/private/mount_root
=== CONT  TestMountDaemonRoot/private/bind_subpath
--- PASS: TestMountDaemonRoot (0.03s)
    --- PASS: TestMountDaemonRoot/rprivate (0.00s)
        --- PASS: TestMountDaemonRoot/rprivate/bind_subpath (0.08s)
        --- PASS: TestMountDaemonRoot/rprivate/bind_root (0.09s)
        --- PASS: TestMountDaemonRoot/rprivate/mount_subpath (0.09s)
        --- PASS: TestMountDaemonRoot/rprivate/mount_root (0.10s)
    --- PASS: TestMountDaemonRoot/default (0.00s)
        --- PASS: TestMountDaemonRoot/default/bind_root (0.10s)
        --- PASS: TestMountDaemonRoot/default/mount_subpath (0.10s)
        --- PASS: TestMountDaemonRoot/default/mount_root (0.10s)
        --- PASS: TestMountDaemonRoot/default/bind_subpath (0.14s)
    --- PASS: TestMountDaemonRoot/rshared (0.00s)
        --- PASS: TestMountDaemonRoot/rshared/bind_root (0.10s)
        --- PASS: TestMountDaemonRoot/rshared/mount_subpath (0.09s)
        --- PASS: TestMountDaemonRoot/rshared/mount_root (0.13s)
        --- PASS: TestMountDaemonRoot/rshared/bind_subpath (0.09s)
    --- PASS: TestMountDaemonRoot/shared (0.00s)
        --- PASS: TestMountDaemonRoot/shared/mount_subpath (0.06s)
        --- PASS: TestMountDaemonRoot/shared/mount_root (0.05s)
        --- PASS: TestMountDaemonRoot/shared/bind_subpath (0.08s)
        --- PASS: TestMountDaemonRoot/shared/bind_root (0.08s)
    --- PASS: TestMountDaemonRoot/rslave (0.00s)
        --- PASS: TestMountDaemonRoot/rslave/mount_subpath (0.11s)
        --- PASS: TestMountDaemonRoot/rslave/mount_root (0.13s)
        --- PASS: TestMountDaemonRoot/rslave/bind_subpath (0.10s)
        --- PASS: TestMountDaemonRoot/rslave/bind_root (0.09s)
    --- PASS: TestMountDaemonRoot/slave (0.00s)
        --- PASS: TestMountDaemonRoot/slave/bind_root (0.08s)
        --- PASS: TestMountDaemonRoot/slave/mount_subpath (0.06s)
        --- PASS: TestMountDaemonRoot/slave/mount_root (0.08s)
        --- PASS: TestMountDaemonRoot/slave/bind_subpath (0.09s)
    --- PASS: TestMountDaemonRoot/private (0.00s)
        --- PASS: TestMountDaemonRoot/private/mount_subpath (0.08s)
        --- PASS: TestMountDaemonRoot/private/bind_root (0.10s)
        --- PASS: TestMountDaemonRoot/private/mount_root (0.08s)
        --- PASS: TestMountDaemonRoot/private/bind_subpath (0.08s)
=== RUN   TestContainerBindMountNonRecursive
--- PASS: TestContainerBindMountNonRecursive (1.31s)
=== RUN   TestNetworkNat
--- PASS: TestNetworkNat (0.58s)
=== RUN   TestNetworkLocalhostTCPNat
--- PASS: TestNetworkLocalhostTCPNat (0.57s)
=== RUN   TestNetworkLoopbackNat
--- PASS: TestNetworkLoopbackNat (0.81s)
=== RUN   TestPause
--- PASS: TestPause (0.56s)
=== RUN   TestPauseFailsOnWindowsServerContainers
--- SKIP: TestPauseFailsOnWindowsServerContainers (0.00s)
    pause_test.go:54: testEnv.DaemonInfo.OSType != "windows" || testEnv.DaemonInfo.Isolation != "process"
=== RUN   TestPauseStopPausedContainer
--- PASS: TestPauseStopPausedContainer (0.59s)
=== RUN   TestPsFilter
--- PASS: TestPsFilter (0.19s)
=== RUN   TestRemoveContainerWithRemovedVolume
--- PASS: TestRemoveContainerWithRemovedVolume (0.52s)
=== RUN   TestRemoveContainerWithVolume
--- PASS: TestRemoveContainerWithVolume (0.55s)
=== RUN   TestRemoveContainerRunning
--- PASS: TestRemoveContainerRunning (0.54s)
=== RUN   TestRemoveContainerForceRemoveRunning
--- PASS: TestRemoveContainerForceRemoveRunning (0.54s)
=== RUN   TestRemoveInvalidContainer
--- PASS: TestRemoveInvalidContainer (0.01s)
=== RUN   TestRenameLinkedContainer
--- PASS: TestRenameLinkedContainer (2.21s)
=== RUN   TestRenameStoppedContainer
--- PASS: TestRenameStoppedContainer (0.53s)
=== RUN   TestRenameRunningContainerAndReuse
--- PASS: TestRenameRunningContainerAndReuse (1.12s)
=== RUN   TestRenameInvalidName
--- PASS: TestRenameInvalidName (0.55s)
=== RUN   TestRenameAnonymousContainer
--- PASS: TestRenameAnonymousContainer (1.85s)
=== RUN   TestRenameContainerWithSameName
--- PASS: TestRenameContainerWithSameName (0.58s)
=== RUN   TestRenameContainerWithLinkedContainer
--- PASS: TestRenameContainerWithLinkedContainer (1.11s)
=== RUN   TestResize
--- PASS: TestResize (0.65s)
=== RUN   TestResizeWithInvalidSize
--- PASS: TestResizeWithInvalidSize (0.56s)
=== RUN   TestResizeWhenContainerNotStarted
--- PASS: TestResizeWhenContainerNotStarted (0.52s)
=== RUN   TestDaemonRestartKillContainers
=== RUN   TestDaemonRestartKillContainers/live-restore=false/container_without_restart_policy/stop-daemon
=== PAUSE TestDaemonRestartKillContainers/live-restore=false/container_without_restart_policy/stop-daemon
=== RUN   TestDaemonRestartKillContainers/live-restore=false/container_without_restart_policy/kill-daemon
=== PAUSE TestDaemonRestartKillContainers/live-restore=false/container_without_restart_policy/kill-daemon
=== RUN   TestDaemonRestartKillContainers/live-restore=true/container_without_restart_policy/kill-daemon
=== PAUSE TestDaemonRestartKillContainers/live-restore=true/container_without_restart_policy/kill-daemon
=== RUN   TestDaemonRestartKillContainers/live-restore=true/container_without_restart_policy/stop-daemon
=== PAUSE TestDaemonRestartKillContainers/live-restore=true/container_without_restart_policy/stop-daemon
=== RUN   TestDaemonRestartKillContainers/live-restore=false/container_with_restart=always/kill-daemon
=== PAUSE TestDaemonRestartKillContainers/live-restore=false/container_with_restart=always/kill-daemon
=== RUN   TestDaemonRestartKillContainers/live-restore=false/container_with_restart=always/stop-daemon
=== PAUSE TestDaemonRestartKillContainers/live-restore=false/container_with_restart=always/stop-daemon
=== RUN   TestDaemonRestartKillContainers/live-restore=true/container_with_restart=always/stop-daemon
=== PAUSE TestDaemonRestartKillContainers/live-restore=true/container_with_restart=always/stop-daemon
=== RUN   TestDaemonRestartKillContainers/live-restore=true/container_with_restart=always/kill-daemon
=== PAUSE TestDaemonRestartKillContainers/live-restore=true/container_with_restart=always/kill-daemon
=== RUN   TestDaemonRestartKillContainers/live-restore=false/container_created_should_not_be_restarted/stop-daemon
=== PAUSE TestDaemonRestartKillContainers/live-restore=false/container_created_should_not_be_restarted/stop-daemon
=== RUN   TestDaemonRestartKillContainers/live-restore=false/container_created_should_not_be_restarted/kill-daemon
=== PAUSE TestDaemonRestartKillContainers/live-restore=false/container_created_should_not_be_restarted/kill-daemon
=== RUN   TestDaemonRestartKillContainers/live-restore=true/container_created_should_not_be_restarted/kill-daemon
=== PAUSE TestDaemonRestartKillContainers/live-restore=true/container_created_should_not_be_restarted/kill-daemon
=== RUN   TestDaemonRestartKillContainers/live-restore=true/container_created_should_not_be_restarted/stop-daemon
=== PAUSE TestDaemonRestartKillContainers/live-restore=true/container_created_should_not_be_restarted/stop-daemon
=== CONT  TestDaemonRestartKillContainers/live-restore=false/container_without_restart_policy/stop-daemon
=== CONT  TestDaemonRestartKillContainers/live-restore=true/container_with_restart=always/stop-daemon
=== CONT  TestDaemonRestartKillContainers/live-restore=false/container_with_restart=always/stop-daemon
=== CONT  TestDaemonRestartKillContainers/live-restore=false/container_with_restart=always/kill-daemon
=== CONT  TestDaemonRestartKillContainers/live-restore=true/container_without_restart_policy/stop-daemon
=== CONT  TestDaemonRestartKillContainers/live-restore=true/container_without_restart_policy/kill-daemon
=== CONT  TestDaemonRestartKillContainers/live-restore=false/container_without_restart_policy/kill-daemon
=== CONT  TestDaemonRestartKillContainers/live-restore=false/container_created_should_not_be_restarted/kill-daemon
=== CONT  TestDaemonRestartKillContainers/live-restore=true/container_created_should_not_be_restarted/stop-daemon
=== CONT  TestDaemonRestartKillContainers/live-restore=true/container_created_should_not_be_restarted/kill-daemon
=== CONT  TestDaemonRestartKillContainers/live-restore=false/container_created_should_not_be_restarted/stop-daemon
=== CONT  TestDaemonRestartKillContainers/live-restore=true/container_with_restart=always/kill-daemon
--- PASS: TestDaemonRestartKillContainers (0.00s)
    --- PASS: TestDaemonRestartKillContainers/live-restore=true/container_with_restart=always/stop-daemon (2.10s)
        daemon.go:296: [d7b382b3cee84] waiting for daemon to start
        daemon.go:328: [d7b382b3cee84] daemon started
        daemon.go:283: [d7b382b3cee84] exiting daemon
        daemon.go:296: [d7b382b3cee84] waiting for daemon to start
        daemon.go:328: [d7b382b3cee84] daemon started
        daemon.go:283: [d7b382b3cee84] exiting daemon
    --- PASS: TestDaemonRestartKillContainers/live-restore=false/container_without_restart_policy/stop-daemon (2.12s)
        daemon.go:296: [d54907eb26317] waiting for daemon to start
        daemon.go:328: [d54907eb26317] daemon started
        daemon.go:283: [d54907eb26317] exiting daemon
        daemon.go:296: [d54907eb26317] waiting for daemon to start
        daemon.go:328: [d54907eb26317] daemon started
        daemon.go:283: [d54907eb26317] exiting daemon
    --- PASS: TestDaemonRestartKillContainers/live-restore=false/container_with_restart=always/stop-daemon (2.51s)
        daemon.go:296: [dad4ddc162a66] waiting for daemon to start
        daemon.go:328: [dad4ddc162a66] daemon started
        daemon.go:283: [dad4ddc162a66] exiting daemon
        daemon.go:296: [dad4ddc162a66] waiting for daemon to start
        daemon.go:328: [dad4ddc162a66] daemon started
        daemon.go:283: [dad4ddc162a66] exiting daemon
    --- PASS: TestDaemonRestartKillContainers/live-restore=false/container_with_restart=always/kill-daemon (2.50s)
        daemon.go:296: [d6fd2dd381eb6] waiting for daemon to start
        daemon.go:328: [d6fd2dd381eb6] daemon started
        daemon.go:296: [d6fd2dd381eb6] waiting for daemon to start
        daemon.go:328: [d6fd2dd381eb6] daemon started
        daemon.go:283: [d6fd2dd381eb6] exiting daemon
    --- PASS: TestDaemonRestartKillContainers/live-restore=true/container_without_restart_policy/stop-daemon (1.84s)
        daemon.go:296: [da7fe9a821bf7] waiting for daemon to start
        daemon.go:328: [da7fe9a821bf7] daemon started
        daemon.go:283: [da7fe9a821bf7] exiting daemon
        daemon.go:296: [da7fe9a821bf7] waiting for daemon to start
        daemon.go:328: [da7fe9a821bf7] daemon started
        daemon.go:283: [da7fe9a821bf7] exiting daemon
    --- PASS: TestDaemonRestartKillContainers/live-restore=true/container_without_restart_policy/kill-daemon (2.50s)
        daemon.go:296: [dc804cc95cff3] waiting for daemon to start
        daemon.go:328: [dc804cc95cff3] daemon started
        daemon.go:296: [dc804cc95cff3] waiting for daemon to start
        daemon.go:328: [dc804cc95cff3] daemon started
        daemon.go:283: [dc804cc95cff3] exiting daemon
    --- PASS: TestDaemonRestartKillContainers/live-restore=false/container_without_restart_policy/kill-daemon (1.68s)
        daemon.go:296: [dae2452a59d32] waiting for daemon to start
        daemon.go:328: [dae2452a59d32] daemon started
        daemon.go:296: [dae2452a59d32] waiting for daemon to start
        daemon.go:328: [dae2452a59d32] daemon started
        daemon.go:283: [dae2452a59d32] exiting daemon
    --- PASS: TestDaemonRestartKillContainers/live-restore=false/container_created_should_not_be_restarted/kill-daemon (1.46s)
        daemon.go:296: [df488dded31d2] waiting for daemon to start
        daemon.go:328: [df488dded31d2] daemon started
        daemon.go:296: [df488dded31d2] waiting for daemon to start
        daemon.go:328: [df488dded31d2] daemon started
        daemon.go:283: [df488dded31d2] exiting daemon
    --- PASS: TestDaemonRestartKillContainers/live-restore=true/container_created_should_not_be_restarted/stop-daemon (1.34s)
        daemon.go:296: [d8149b5a813b3] waiting for daemon to start
        daemon.go:328: [d8149b5a813b3] daemon started
        daemon.go:283: [d8149b5a813b3] exiting daemon
        daemon.go:296: [d8149b5a813b3] waiting for daemon to start
        daemon.go:328: [d8149b5a813b3] daemon started
        daemon.go:283: [d8149b5a813b3] exiting daemon
    --- PASS: TestDaemonRestartKillContainers/live-restore=true/container_created_should_not_be_restarted/kill-daemon (1.30s)
        daemon.go:296: [db0416c899dd0] waiting for daemon to start
        daemon.go:328: [db0416c899dd0] daemon started
        daemon.go:296: [db0416c899dd0] waiting for daemon to start
        daemon.go:328: [db0416c899dd0] daemon started
        daemon.go:283: [db0416c899dd0] exiting daemon
    --- PASS: TestDaemonRestartKillContainers/live-restore=false/container_created_should_not_be_restarted/stop-daemon (1.34s)
        daemon.go:296: [d2043bf54c4c8] waiting for daemon to start
        daemon.go:328: [d2043bf54c4c8] daemon started
        daemon.go:283: [d2043bf54c4c8] exiting daemon
        daemon.go:296: [d2043bf54c4c8] waiting for daemon to start
        daemon.go:328: [d2043bf54c4c8] daemon started
        daemon.go:283: [d2043bf54c4c8] exiting daemon
    --- PASS: TestDaemonRestartKillContainers/live-restore=true/container_with_restart=always/kill-daemon (1.79s)
        daemon.go:296: [d4fd485227454] waiting for daemon to start
        daemon.go:328: [d4fd485227454] daemon started
        daemon.go:296: [d4fd485227454] waiting for daemon to start
        daemon.go:328: [d4fd485227454] daemon started
        daemon.go:283: [d4fd485227454] exiting daemon
=== RUN   TestKernelTCPMemory
--- PASS: TestKernelTCPMemory (0.68s)
=== RUN   TestNISDomainname
--- PASS: TestNISDomainname (0.73s)
=== RUN   TestStats
--- PASS: TestStats (2.29s)
=== RUN   TestStopContainerWithTimeout
=== RUN   TestStopContainerWithTimeout/0
=== PAUSE TestStopContainerWithTimeout/0
=== RUN   TestStopContainerWithTimeout/1
=== PAUSE TestStopContainerWithTimeout/1
=== RUN   TestStopContainerWithTimeout/3
=== PAUSE TestStopContainerWithTimeout/3
=== RUN   TestStopContainerWithTimeout/-1
=== PAUSE TestStopContainerWithTimeout/-1
=== CONT  TestStopContainerWithTimeout/0
=== CONT  TestStopContainerWithTimeout/3
=== CONT  TestStopContainerWithTimeout/1
=== CONT  TestStopContainerWithTimeout/-1
--- PASS: TestStopContainerWithTimeout (0.01s)
    --- PASS: TestStopContainerWithTimeout/0 (0.67s)
    --- PASS: TestStopContainerWithTimeout/1 (1.52s)
    --- PASS: TestStopContainerWithTimeout/3 (2.68s)
    --- PASS: TestStopContainerWithTimeout/-1 (2.51s)
=== RUN   TestDeleteDevicemapper
--- SKIP: TestDeleteDevicemapper (0.00s)
    stop_linux_test.go:74: testEnv.DaemonInfo.Driver != "devicemapper"
=== RUN   TestStopContainerWithRestartPolicyAlways
--- PASS: TestStopContainerWithRestartPolicyAlways (1.48s)
=== RUN   TestUpdateMemory
--- SKIP: TestUpdateMemory (0.00s)
    update_linux_test.go:21: !testEnv.DaemonInfo.SwapLimit
=== RUN   TestUpdateCPUQuota
--- PASS: TestUpdateCPUQuota (1.12s)
=== RUN   TestUpdateRestartPolicy
--- PASS: TestUpdateRestartPolicy (11.42s)
=== RUN   TestUpdateRestartWithAutoRemove
--- PASS: TestUpdateRestartWithAutoRemove (0.54s)
=== RUN   TestWaitNonBlocked
=== RUN   TestWaitNonBlocked/wait-nonblocking-exit-0
=== PAUSE TestWaitNonBlocked/wait-nonblocking-exit-0
=== RUN   TestWaitNonBlocked/wait-nonblocking-exit-random
=== PAUSE TestWaitNonBlocked/wait-nonblocking-exit-random
=== CONT  TestWaitNonBlocked/wait-nonblocking-exit-0
=== CONT  TestWaitNonBlocked/wait-nonblocking-exit-random
--- PASS: TestWaitNonBlocked (0.03s)
    --- PASS: TestWaitNonBlocked/wait-nonblocking-exit-random (0.69s)
    --- PASS: TestWaitNonBlocked/wait-nonblocking-exit-0 (0.70s)
=== RUN   TestWaitBlocked
=== RUN   TestWaitBlocked/test-wait-blocked-exit-zero
=== PAUSE TestWaitBlocked/test-wait-blocked-exit-zero
=== RUN   TestWaitBlocked/test-wait-blocked-exit-random
=== PAUSE TestWaitBlocked/test-wait-blocked-exit-random
=== CONT  TestWaitBlocked/test-wait-blocked-exit-zero
=== CONT  TestWaitBlocked/test-wait-blocked-exit-random
--- PASS: TestWaitBlocked (0.01s)
    --- PASS: TestWaitBlocked/test-wait-blocked-exit-zero (0.80s)
    --- PASS: TestWaitBlocked/test-wait-blocked-exit-random (0.87s)
=== CONT  TestContainerStartOnDaemonRestart
--- PASS: TestContainerStartOnDaemonRestart (2.10s)
    daemon.go:296: [dc8d3289b887e] waiting for daemon to start
    daemon.go:328: [dc8d3289b887e] daemon started
    daemon.go:296: [dc8d3289b887e] waiting for daemon to start
    daemon.go:328: [dc8d3289b887e] daemon started
    daemon.go:283: [dc8d3289b887e] exiting daemon
PASS
Running /go/src/github.com/docker/docker/integration/build
INFO: Testing against a local daemon
=== RUN   TestBuildWithSession
--- PASS: TestBuildWithSession (4.86s)
    daemon.go:296: [db7db33a3ccd2] waiting for daemon to start
    daemon.go:328: [db7db33a3ccd2] daemon started
    daemon.go:283: [db7db33a3ccd2] exiting daemon
=== RUN   TestBuildSquashParent
--- PASS: TestBuildSquashParent (7.74s)
    daemon.go:296: [d2489806cc922] waiting for daemon to start
    daemon.go:328: [d2489806cc922] daemon started
    daemon.go:283: [d2489806cc922] exiting daemon
=== RUN   TestBuildWithRemoveAndForceRemove
=== RUN   TestBuildWithRemoveAndForceRemove/successful_build_with_no_removal
=== PAUSE TestBuildWithRemoveAndForceRemove/successful_build_with_no_removal
=== RUN   TestBuildWithRemoveAndForceRemove/successful_build_with_remove
=== PAUSE TestBuildWithRemoveAndForceRemove/successful_build_with_remove
=== RUN   TestBuildWithRemoveAndForceRemove/successful_build_with_remove_and_force_remove
=== PAUSE TestBuildWithRemoveAndForceRemove/successful_build_with_remove_and_force_remove
=== RUN   TestBuildWithRemoveAndForceRemove/failed_build_with_no_removal
=== PAUSE TestBuildWithRemoveAndForceRemove/failed_build_with_no_removal
=== RUN   TestBuildWithRemoveAndForceRemove/failed_build_with_remove
=== PAUSE TestBuildWithRemoveAndForceRemove/failed_build_with_remove
=== RUN   TestBuildWithRemoveAndForceRemove/failed_build_with_remove_and_force_remove
=== PAUSE TestBuildWithRemoveAndForceRemove/failed_build_with_remove_and_force_remove
=== CONT  TestBuildWithRemoveAndForceRemove/successful_build_with_no_removal
=== CONT  TestBuildWithRemoveAndForceRemove/failed_build_with_no_removal
=== CONT  TestBuildWithRemoveAndForceRemove/failed_build_with_remove_and_force_remove
=== CONT  TestBuildWithRemoveAndForceRemove/failed_build_with_remove
=== CONT  TestBuildWithRemoveAndForceRemove/successful_build_with_remove_and_force_remove
=== CONT  TestBuildWithRemoveAndForceRemove/successful_build_with_remove
--- PASS: TestBuildWithRemoveAndForceRemove (0.04s)
    --- PASS: TestBuildWithRemoveAndForceRemove/successful_build_with_no_removal (1.50s)
    --- PASS: TestBuildWithRemoveAndForceRemove/failed_build_with_no_removal (2.51s)
    --- PASS: TestBuildWithRemoveAndForceRemove/failed_build_with_remove_and_force_remove (1.96s)
    --- PASS: TestBuildWithRemoveAndForceRemove/failed_build_with_remove (1.98s)
    --- PASS: TestBuildWithRemoveAndForceRemove/successful_build_with_remove_and_force_remove (2.01s)
    --- PASS: TestBuildWithRemoveAndForceRemove/successful_build_with_remove (1.88s)
=== RUN   TestBuildMultiStageParentConfig
--- PASS: TestBuildMultiStageParentConfig (34.51s)
    build_test.go:175: [{-1 1546642773 sha256:544be74c8c45b3833c89f5f6fb98bebf3fc98622953fde2758c65332349bf0fd map[] sha256:184902087247b1b66904442d24dd7ed298ba651c7a22c5a8cbbbad9af5e96eb8 [] [build1:latest] -1 1129289 1129289} {-1 1546642772 sha256:bd9619161f3f922fc1ec7b84cd4d79137765527ae41b0c2bcd899164dae246c0 map[] sha256:0a3ecd847df2cbf626ff900a06bcdd42fad0a0aeee8e59738e06fc4c61eb5310 [<none>@<none>] [<none>:<none>] -1 1129289 1129289} {-1 1546642768 sha256:6e5f4991c90c26995449d6b6378b381dc0b3c639365cbce5c7bd2fe5a0c1f703 map[] sha256:6ad733544a6317992a6fac4eb19fe1df577d4dec7529efec28a5bd0edad0fd30 [<none>@<none>] [<none>:<none>] -1 1129289 1129289} {-1 1546642767 sha256:4d653dde044ad46016e3cdaaa1ae36d1acbef794bd0f081805e7851374bb9194 map[] sha256:6ad733544a6317992a6fac4eb19fe1df577d4dec7529efec28a5bd0edad0fd30 [<none>@<none>] [<none>:<none>] -1 1129289 1129289} {-1 1546642766 sha256:8e750fa1ccbfc69f69521705f431ad1522789d22fce92c4b9e128e3591b2b1e0 map[] sha256:6ad733544a6317992a6fac4eb19fe1df577d4dec7529efec28a5bd0edad0fd30 [<none>@<none>] [<none>:<none>] -1 1129289 1129289} {-1 1546642765 sha256:8f06d16ec980021d678b0c1c21f78d126266420a566bdfeb591bbd63d3518ce2 map[] sha256:6ad733544a6317992a6fac4eb19fe1df577d4dec7529efec28a5bd0edad0fd30 [<none>@<none>] [<none>:<none>] -1 1129289 1129289} {-1 1546642764 sha256:76c9dd8adde2b3ce9513a9cffafc099646b3be1bbe5263fc082020bf9c70be16 map[] sha256:6ad733544a6317992a6fac4eb19fe1df577d4dec7529efec28a5bd0edad0fd30 [<none>@<none>] [<none>:<none>] -1 1129289 1129289} {-1 1546642764 sha256:0904606e4bb3c7d78056bb4c799f6e3b6caadf33394bb985ba3faf84b7756252 map[] sha256:6ad733544a6317992a6fac4eb19fe1df577d4dec7529efec28a5bd0edad0fd30 [<none>@<none>] [<none>:<none>] -1 1129289 1129289} {-1 1546642761 sha256:156ea87285170cd66a5b3882d11cf4b22d37ca91c64918e0e558eebcf20ab7db map[]  [] [test:latest] -1 1129301 1129301} {-1 1546642759 sha256:02013a036422499ae5c2a38838cac79d281571f4702d9cf41a8a034e5f8ccc4e map[] sha256:073eb25cdb99315a390df94301d9590d3bcfffdd3e3d958e6bcd3376314501a8 [<none>@<none>] [<none>:<none>] -1 1129313 1129313} {-1 1546642754 sha256:af8eae9411b7c8fe4d845ee48b309a5556c936f07c7d5e72ed68d24e58ff75e0 map[] sha256:58cd3f9fa7e3b5d6eaa3c0ed7a7049f3741bb16964cdcbf67b548baad54ea7d2 [<none>@<none>] [<none>:<none>] -1 1129315 1129315} {-1 1516768215 sha256:2bbf44aed9f866d88c0e7d006d4ffe8d53186a12ffd6dca5e1baa59ba3024b85 map[]  [] [busybox:glibc] -1 4403842 4403842} {-1 1511223798 sha256:f2a91732366c0332ccd7afd2a5c4ff2b9af81f549370f7a19acd460f87686bc7 map[]  [] [hello-world:frozen] -1 1848 1848} {-1 1509809246 sha256:cb92533ca5cc26b3e36c11b6007fb838a8d2ea73a24faf738084c57ce193b944 map[]  [] [buildpack-deps:jessie] -1 614674590 614674590} {-1 1509772896 sha256:25fc9eb3417fa06d0d7fc83706b1ef5855dd1a8767fc29476b49e4edf8230867 map[]  [] [debian:jessie] -1 123385136 123385136} {-1 1509748757 sha256:6ad733544a6317992a6fac4eb19fe1df577d4dec7529efec28a5bd0edad0fd30 map[]  [] [busybox:latest] -1 1129289 1129289} {-1 1371157430 sha256:11f64303f0f7ffdc71f001788132bca5346831939a956e3e975c93267d89a16d map[]  [] [emptyfs:latest] -1 0 0}]
=== RUN   TestBuildLabelWithTargets
--- PASS: TestBuildLabelWithTargets (7.99s)
=== RUN   TestBuildWithEmptyLayers
--- PASS: TestBuildWithEmptyLayers (3.00s)
=== RUN   TestBuildMultiStageOnBuild
--- PASS: TestBuildMultiStageOnBuild (5.03s)
=== RUN   TestBuildUncleanTarFilenames
--- PASS: TestBuildUncleanTarFilenames (0.73s)
=== RUN   TestBuildMultiStageLayerLeak
--- PASS: TestBuildMultiStageLayerLeak (4.27s)
=== RUN   TestBuildWithHugeFile
--- PASS: TestBuildWithHugeFile (145.67s)
PASS
Running /go/src/github.com/docker/docker/integration/volume
INFO: Testing against a local daemon
=== RUN   TestVolumesCreateAndList
--- PASS: TestVolumesCreateAndList (0.03s)
=== RUN   TestVolumesRemove
--- PASS: TestVolumesRemove (0.11s)
=== RUN   TestVolumesInspect
--- PASS: TestVolumesInspect (0.03s)
=== RUN   TestVolumesInvalidJSON
=== RUN   TestVolumesInvalidJSON//volumes/create
=== PAUSE TestVolumesInvalidJSON//volumes/create
=== CONT  TestVolumesInvalidJSON//volumes/create
--- PASS: TestVolumesInvalidJSON (0.02s)
    --- PASS: TestVolumesInvalidJSON//volumes/create (0.00s)
PASS
Running /go/src/github.com/docker/docker/integration/system
INFO: Testing against a local daemon
=== RUN   TestCgroupDriverSystemdMemoryLimit
=== PAUSE TestCgroupDriverSystemdMemoryLimit
=== RUN   TestEventsExecDie
--- PASS: TestEventsExecDie (0.66s)
=== RUN   TestEventsBackwardsCompatible
--- PASS: TestEventsBackwardsCompatible (0.09s)
=== RUN   TestInfoBinaryCommits
--- PASS: TestInfoBinaryCommits (0.02s)
=== RUN   TestInfoAPIVersioned
--- PASS: TestInfoAPIVersioned (0.01s)
=== RUN   TestInfoAPI
--- PASS: TestInfoAPI (0.02s)
=== RUN   TestInfoAPIWarnings
--- PASS: TestInfoAPIWarnings (0.72s)
    daemon.go:296: [d8a2e53f1fe70] waiting for daemon to start
    daemon.go:328: [d8a2e53f1fe70] daemon started
    daemon.go:283: [d8a2e53f1fe70] exiting daemon
=== RUN   TestLoginFailsWithBadCredentials
--- PASS: TestLoginFailsWithBadCredentials (1.36s)
=== RUN   TestVersion
--- PASS: TestVersion (0.02s)
=== CONT  TestCgroupDriverSystemdMemoryLimit
--- SKIP: TestCgroupDriverSystemdMemoryLimit (0.00s)
    cgroupdriver_systemd_test.go:35: systemd not available
PASS
Running /go/src/github.com/docker/docker/integration/image
INFO: Testing against a local daemon
=== RUN   TestCommitInheritsEnv
--- PASS: TestCommitInheritsEnv (1.65s)
=== RUN   TestImportExtremelyLargeImageWorks
--- PASS: TestImportExtremelyLargeImageWorks (124.86s)
=== RUN   TestImagesFilterMultiReference
--- PASS: TestImagesFilterMultiReference (0.06s)
=== RUN   TestRemoveImageOrphaning
--- PASS: TestRemoveImageOrphaning (2.09s)
=== RUN   TestTagUnprefixedRepoByNameOrName
--- PASS: TestTagUnprefixedRepoByNameOrName (0.03s)
=== RUN   TestTagInvalidReference
--- PASS: TestTagInvalidReference (0.02s)
=== RUN   TestTagValidPrefixedRepo
--- PASS: TestTagValidPrefixedRepo (0.05s)
=== RUN   TestTagExistedNameWithoutForce
--- PASS: TestTagExistedNameWithoutForce (0.03s)
=== RUN   TestTagOfficialNames
--- PASS: TestTagOfficialNames (0.06s)
=== RUN   TestTagMatchesDigest
--- PASS: TestTagMatchesDigest (0.02s)
PASS
Running /go/src/github.com/docker/docker/integration-cli
INFO: Testing against a local daemon
PASS: docker_api_test.go:36: DockerSuite.TestAPIClientVersionOldNotSupported	0.006s
PASS: docker_api_network_test.go:239: DockerSuite.TestAPICreateDeletePredefinedNetworks	0.012s
PASS: docker_api_test.go:60: DockerSuite.TestAPIErrorJSON	0.002s
PASS: docker_api_test.go:91: DockerSuite.TestAPIErrorNotFoundJSON	0.001s
PASS: docker_api_test.go:102: DockerSuite.TestAPIErrorNotFoundPlainText	0.001s
PASS: docker_api_test.go:74: DockerSuite.TestAPIErrorPlainText	0.003s
PASS: docker_api_test.go:24: DockerSuite.TestAPIGetEnabledCORS	0.001s
PASS: docker_api_images_test.go:90: DockerSuite.TestAPIImagesDelete	1.269s
PASS: docker_api_images_test.go:22: DockerSuite.TestAPIImagesFilter	0.076s
PASS: docker_api_images_test.go:114: DockerSuite.TestAPIImagesHistory	0.873s
PASS: docker_api_images_test.go:140: DockerSuite.TestAPIImagesImportBadSrc	0.335s
PASS: docker_api_images_test.go:60: DockerSuite.TestAPIImagesSaveAndLoad	0.766s
PASS: docker_api_images_test.go:175: DockerSuite.TestAPIImagesSearchJSONContentType	0.715s
PASS: docker_api_images_test.go:187: DockerSuite.TestAPIImagesSizeCompatibility	0.007s
PASS: docker_api_network_test.go:129: DockerSuite.TestAPINetworkConnectDisconnect	0.644s
PASS: docker_api_network_test.go:29: DockerSuite.TestAPINetworkCreateCheckDuplicate	0.087s
PASS: docker_api_network_test.go:67: DockerSuite.TestAPINetworkFilter	0.002s
PASS: docker_api_network_test.go:20: DockerSuite.TestAPINetworkGetDefaults	0.003s
PASS: docker_api_network_test.go:170: DockerSuite.TestAPINetworkIPAMMultipleBridgeNetworks	0.569s
PASS: docker_api_network_test.go:73: DockerSuite.TestAPINetworkInspectBridge	0.374s
PASS: docker_api_network_test.go:98: DockerSuite.TestAPINetworkInspectUserDefinedNetwork	0.104s
PASS: docker_api_test.go:18: DockerSuite.TestAPIOptionsRoute	0.001s
PASS: docker_api_stats_test.go:263: DockerSuite.TestAPIStatsContainerNotFound	0.001s
PASS: docker_api_stats_test.go:99: DockerSuite.TestAPIStatsNetworkStats	4.107s
PASS: docker_api_stats_test.go:166: DockerSuite.TestAPIStatsNetworkStatsVersioning	1.794s
PASS: docker_api_stats_test.go:277: DockerSuite.TestAPIStatsNoStreamConnectedContainers	1.788s
PASS: docker_api_stats_test.go:25: DockerSuite.TestAPIStatsNoStreamGetCpu	1.652s
PASS: docker_api_stats_test.go:64: DockerSuite.TestAPIStatsStoppedContainerInGoroutines	0.385s
PASS: docker_cli_run_test.go:3181: DockerSuite.TestAppArmorDeniesChmodProc	0.519s
PASS: docker_cli_run_test.go:3159: DockerSuite.TestAppArmorDeniesPtrace	0.528s
PASS: docker_cli_run_test.go:3171: DockerSuite.TestAppArmorTraceSelf	0.512s
PASS: docker_cli_attach_unix_test.go:61: DockerSuite.TestAttachAfterDetach	1.497s
PASS: docker_cli_attach_unix_test.go:18: DockerSuite.TestAttachClosedOnContainerStop	1.523s
PASS: docker_cli_attach_unix_test.go:126: DockerSuite.TestAttachDetach	0.463s
PASS: docker_cli_attach_test.go:135: DockerSuite.TestAttachDisconnect	0.388s
PASS: docker_cli_attach_test.go:20: DockerSuite.TestAttachMultipleAndRestart	1.553s
PASS: docker_cli_attach_test.go:168: DockerSuite.TestAttachPausedContainer	0.373s
PASS: docker_cli_attach_test.go:90: DockerSuite.TestAttachTTYWithoutStdin	0.370s
PASS: docker_api_build_test.go:160: DockerSuite.TestBuildAPIBuildGitWithF	0.964s
PASS: docker_api_build_test.go:26: DockerSuite.TestBuildAPIDockerFileRemote	1.908s
PASS: docker_api_build_test.go:181: DockerSuite.TestBuildAPIDoubleDockerfile	0.983s
PASS: docker_api_build_test.go:142: DockerSuite.TestBuildAPILowerDockerfile	0.990s
PASS: docker_api_build_test.go:57: DockerSuite.TestBuildAPIRemoteTarballContext	0.003s
PASS: docker_api_build_test.go:88: DockerSuite.TestBuildAPIRemoteTarballContextWithCustomDockerfile	0.974s
PASS: docker_api_build_test.go:203: DockerSuite.TestBuildAPIUnnormalizedTarPaths	1.985s
PASS: docker_cli_build_test.go:573: DockerSuite.TestBuildAddAndCopyFileWithWhitespace	28.056s
PASS: docker_cli_build_test.go:926: DockerSuite.TestBuildAddBadLinks	0.915s
PASS: docker_cli_build_test.go:1006: DockerSuite.TestBuildAddBadLinksVolume	2.993s
PASS: docker_cli_build_test.go:2885: DockerSuite.TestBuildAddBrokenTar	0.158s
PASS: docker_api_build_test.go:479: DockerSuite.TestBuildAddCacheOnFileChange	1.806s
PASS: docker_cli_build_unix_test.go:87: DockerSuite.TestBuildAddChangeOwnership	2.987s
PASS: docker_cli_build_test.go:1863: DockerSuite.TestBuildAddCurrentDirWithCache	2.725s
PASS: docker_cli_build_test.go:1910: DockerSuite.TestBuildAddCurrentDirWithoutCache	1.368s
PASS: docker_cli_build_test.go:751: DockerSuite.TestBuildAddDirContentToExistingDir	8.829s
PASS: docker_cli_build_test.go:737: DockerSuite.TestBuildAddDirContentToRoot	4.975s
PASS: docker_cli_build_test.go:2189: DockerSuite.TestBuildAddFileNotFound	0.072s
PASS: docker_cli_build_test.go:1997: DockerSuite.TestBuildAddLocalAndRemoteFilesWithAndWithoutCache	3.904s
PASS: docker_cli_build_test.go:1807: DockerSuite.TestBuildAddMultipleLocalFileWithAndWithoutCache	6.982s
PASS: docker_cli_build_test.go:2936: DockerSuite.TestBuildAddNonTar	1.953s
PASS: docker_cli_build_test.go:785: DockerSuite.TestBuildAddOrCopyEtcToRootShouldNotConflict	0.452s
PASS: docker_cli_build_test.go:797: DockerSuite.TestBuildAddPreservesFilesSpecialBits	4.484s
PASS: docker_cli_build_test.go:1954: DockerSuite.TestBuildAddRemoteFileMTime	3.342s
PASS: docker_cli_build_test.go:1929: DockerSuite.TestBuildAddRemoteFileWithAndWithoutCache	0.752s
PASS: docker_api_build_test.go:364: DockerSuite.TestBuildAddRemoteNoDecompress	1.822s
PASS: docker_cli_build_test.go:2815: DockerSuite.TestBuildAddScript	3.992s
PASS: docker_cli_build_test.go:505: DockerSuite.TestBuildAddSingleFileToExistDir	8.977s
PASS: docker_cli_build_test.go:722: DockerSuite.TestBuildAddSingleFileToNonExistingDir	5.979s
PASS: docker_cli_build_test.go:466: DockerSuite.TestBuildAddSingleFileToRoot	3.971s
PASS: docker_cli_build_test.go:482: DockerSuite.TestBuildAddSingleFileToWorkdir	0.972s
PASS: docker_cli_build_test.go:2831: DockerSuite.TestBuildAddTar	12.982s
PASS: docker_cli_build_test.go:2949: DockerSuite.TestBuildAddTarXz	1.972s
PASS: docker_cli_build_test.go:2998: DockerSuite.TestBuildAddTarXzGz	1.962s
PASS: docker_cli_build_test.go:2245: DockerSuite.TestBuildAddToSymlinkDest	4.957s
PASS: docker_cli_build_test.go:767: DockerSuite.TestBuildAddWholeDirToRoot	7.975s
PASS: docker_cli_build_test.go:1440: DockerSuite.TestBuildBlankName	0.228s
PASS: docker_cli_build_test.go:4089: DockerSuite.TestBuildBuildTimeArg	3.250s
PASS: docker_cli_build_test.go:4461: DockerSuite.TestBuildBuildTimeArgBuiltinArg	2.915s
PASS: docker_cli_build_test.go:4183: DockerSuite.TestBuildBuildTimeArgCacheHit	1.569s
PASS: docker_cli_build_test.go:4207: DockerSuite.TestBuildBuildTimeArgCacheMissExtraArg	2.883s
PASS: docker_cli_build_test.go:4238: DockerSuite.TestBuildBuildTimeArgCacheMissSameArgDiffVal	1.972s
PASS: docker_cli_build_test.go:4484: DockerSuite.TestBuildBuildTimeArgDefaultOverride	4.452s
PASS: docker_cli_build_test.go:4623: DockerSuite.TestBuildBuildTimeArgDefinitionWithNoEnvInjection	1.458s
PASS: docker_cli_build_test.go:4607: DockerSuite.TestBuildBuildTimeArgEmptyValVariants	5.968s
PASS: docker_cli_build_test.go:4526: DockerSuite.TestBuildBuildTimeArgEnv	17.980s
PASS: docker_cli_build_test.go:4319: DockerSuite.TestBuildBuildTimeArgExpansion	14.047s
PASS: docker_cli_build_test.go:4409: DockerSuite.TestBuildBuildTimeArgExpansionOverride	5.425s
PASS: docker_cli_build_test.go:4122: DockerSuite.TestBuildBuildTimeArgHistory	0.458s
PASS: docker_cli_build_test.go:4263: DockerSuite.TestBuildBuildTimeArgOverrideArgDefinedBeforeEnv	2.491s
PASS: docker_cli_build_test.go:4292: DockerSuite.TestBuildBuildTimeArgOverrideEnvDefinedBeforeArg	3.965s
PASS: docker_cli_build_test.go:4586: DockerSuite.TestBuildBuildTimeArgQuotedValVariants	8.436s
PASS: docker_cli_build_test.go:4510: DockerSuite.TestBuildBuildTimeArgUnconsumedArg	1.980s
PASS: docker_cli_build_test.go:4437: DockerSuite.TestBuildBuildTimeArgUntrustedDefinedAfterUse	2.497s
PASS: docker_cli_build_test.go:371: DockerSuite.TestBuildCacheAdd	0.464s
PASS: docker_cli_build_test.go:4760: DockerSuite.TestBuildCacheBrokenSymlink	1.960s
PASS: docker_cli_build_test.go:5411: DockerSuite.TestBuildCacheFrom	8.007s
PASS: docker_cli_build_test.go:5389: DockerSuite.TestBuildCacheFromEqualDiffIDsLength	2.036s
PASS: docker_cli_build_test.go:4872: DockerSuite.TestBuildCacheRootSource	1.852s
PASS: docker_cli_build_unix_test.go:133: DockerSuite.TestBuildCancellationKillsSleep	0.484s
PASS: docker_api_build_test.go:408: DockerSuite.TestBuildChownOnCopy	7.355s
PASS: docker_cli_build_test.go:3574: DockerSuite.TestBuildChownSingleFile	2.996s
PASS: docker_cli_build_test.go:3137: DockerSuite.TestBuildCleanupCmdOnEntrypoint	3.002s
PASS: docker_cli_build_test.go:3156: DockerSuite.TestBuildClearCmd	1.974s
PASS: docker_cli_build_test.go:1577: DockerSuite.TestBuildCmd	0.974s
PASS: docker_cli_build_test.go:3240: DockerSuite.TestBuildCmdJSONNoShDashC	0.994s
PASS: docker_cli_build_test.go:3199: DockerSuite.TestBuildCmdShDashC	0.977s
SKIP: docker_cli_build_test.go:5339: DockerSuite.TestBuildCmdShellArgsEscaped (unmatched requirement DaemonIsWindows)
PASS: docker_cli_build_test.go:3214: DockerSuite.TestBuildCmdSpaces	3.975s
PASS: docker_cli_build_test.go:2645: DockerSuite.TestBuildCommentsShebangs	5.965s
PASS: docker_cli_build_test.go:1773: DockerSuite.TestBuildConditionalCache	2.074s
PASS: docker_cli_build_test.go:5600: DockerSuite.TestBuildContChar	2.873s
PASS: docker_cli_build_test.go:3973: DockerSuite.TestBuildContainerWithCgroupParent	0.984s
PASS: docker_cli_build_test.go:1512: DockerSuite.TestBuildContextCleanup	0.975s
PASS: docker_cli_build_test.go:1534: DockerSuite.TestBuildContextCleanupFailedBuild	0.497s
PASS: docker_cli_build_test.go:2045: DockerSuite.TestBuildContextTarGzip	1.473s
PASS: docker_cli_build_test.go:2049: DockerSuite.TestBuildContextTarNoCompression	0.987s
PASS: docker_cli_build_test.go:521: DockerSuite.TestBuildCopyAddMultipleFiles	13.990s
PASS: docker_api_build_test.go:438: DockerSuite.TestBuildCopyCacheOnFileChange	1.968s
PASS: docker_cli_build_test.go:1839: DockerSuite.TestBuildCopyDirButNotFile	0.343s
PASS: docker_cli_build_test.go:893: DockerSuite.TestBuildCopyDirContentToExistDir	3.620s
PASS: docker_cli_build_test.go:879: DockerSuite.TestBuildCopyDirContentToRoot	4.985s
PASS: docker_cli_build_test.go:6024: DockerSuite.TestBuildCopyFileDotWithWorkdir	2.984s
SKIP: docker_cli_build_test.go:606: DockerSuite.TestBuildCopyFileWithWhitespaceOnWindows (unmatched requirement DaemonIsWindows)
SKIP: docker_cli_build_test.go:5897: DockerSuite.TestBuildCopyFromForbidWindowsRelativePaths (unmatched requirement DaemonIsWindows)
SKIP: docker_cli_build_test.go:5880: DockerSuite.TestBuildCopyFromForbidWindowsSystemPaths (unmatched requirement DaemonIsWindows)
SKIP: docker_cli_build_test.go:5915: DockerSuite.TestBuildCopyFromWindowsIsCaseInsensitive (unmatched requirement DaemonIsWindows)
PASS: docker_cli_build_test.go:848: DockerSuite.TestBuildCopySingleFileToExistDir	4.888s
PASS: docker_cli_build_test.go:864: DockerSuite.TestBuildCopySingleFileToNonExistDir	5.982s
PASS: docker_cli_build_test.go:810: DockerSuite.TestBuildCopySingleFileToRoot	3.975s
PASS: docker_cli_build_test.go:826: DockerSuite.TestBuildCopySingleFileToWorkdir	0.978s
PASS: docker_cli_build_test.go:909: DockerSuite.TestBuildCopyWholeDirToRoot	6.962s
PASS: docker_cli_build_test.go:636: DockerSuite.TestBuildCopyWildcard	8.086s
PASS: docker_cli_build_test.go:696: DockerSuite.TestBuildCopyWildcardCache	0.957s
PASS: docker_cli_build_test.go:676: DockerSuite.TestBuildCopyWildcardInName	1.872s
PASS: docker_cli_build_test.go:5140: DockerSuite.TestBuildDeleteCommittedFile	3.980s
PASS: docker_cli_build_test.go:2068: DockerSuite.TestBuildDockerfileStdin	1.992s
PASS: docker_cli_build_test.go:2088: DockerSuite.TestBuildDockerfileStdinConflict	0.013s
PASS: docker_cli_build_test.go:2102: DockerSuite.TestBuildDockerfileStdinDockerignore	1.450s
PASS: docker_cli_build_test.go:2106: DockerSuite.TestBuildDockerfileStdinDockerignoreIgnored	0.946s
PASS: docker_cli_build_test.go:2098: DockerSuite.TestBuildDockerfileStdinNoExtraFiles	1.010s
PASS: docker_cli_build_test.go:2296: DockerSuite.TestBuildDockerignore	11.430s
PASS: docker_cli_build_test.go:2334: DockerSuite.TestBuildDockerignoreCleanPaths	1.987s
PASS: docker_cli_build_test.go:5150: DockerSuite.TestBuildDockerignoreComment	3.986s
PASS: docker_cli_build_test.go:2348: DockerSuite.TestBuildDockerignoreExceptions	12.979s
PASS: docker_cli_build_test.go:2445: DockerSuite.TestBuildDockerignoreTouchDockerfile	1.251s
PASS: docker_cli_build_test.go:2521: DockerSuite.TestBuildDockerignoringBadExclusion	0.013s
PASS: docker_cli_build_test.go:2393: DockerSuite.TestBuildDockerignoringDockerfile	5.657s
PASS: docker_cli_build_test.go:2432: DockerSuite.TestBuildDockerignoringDockerignore	2.984s
PASS: docker_cli_build_test.go:2504: DockerSuite.TestBuildDockerignoringOnlyDotfiles	2.982s
PASS: docker_cli_build_test.go:2411: DockerSuite.TestBuildDockerignoringRenamedDockerfile	7.974s
PASS: docker_cli_build_test.go:2487: DockerSuite.TestBuildDockerignoringWholeDir	2.961s
PASS: docker_cli_build_test.go:2560: DockerSuite.TestBuildDockerignoringWildDirs	2.969s
PASS: docker_cli_build_test.go:2538: DockerSuite.TestBuildDockerignoringWildTopDir	18.995s
PASS: docker_cli_build_test.go:3944: DockerSuite.TestBuildDotDotFile	0.081s
PASS: docker_cli_build_test.go:2634: DockerSuite.TestBuildEOLInLine	4.855s
PASS: docker_cli_build_test.go:3168: DockerSuite.TestBuildEmptyCmd	0.992s
PASS: docker_cli_build_test.go:1704: DockerSuite.TestBuildEmptyEntrypoint	0.978s
PASS: docker_cli_build_test.go:1681: DockerSuite.TestBuildEmptyEntrypointInheritance	1.982s
PASS: docker_cli_build_test.go:3936: DockerSuite.TestBuildEmptyScratch	0.080s
PASS: docker_cli_build_test.go:3961: DockerSuite.TestBuildEmptyStringVolume	0.860s
PASS: docker_cli_build_test.go:1718: DockerSuite.TestBuildEntrypoint	1.002s
PASS: docker_cli_build_test.go:3251: DockerSuite.TestBuildEntrypointCanBeOverriddenByChild	2.474s
PASS: docker_cli_build_test.go:3271: DockerSuite.TestBuildEntrypointCanBeOverriddenByChildInspect	1.954s
PASS: docker_cli_build_test.go:2170: DockerSuite.TestBuildEntrypointRunCleanup	3.486s
PASS: docker_cli_build_test.go:1469: DockerSuite.TestBuildEnv	2.978s
PASS: docker_cli_build_test.go:302: DockerSuite.TestBuildEnvEscapes	2.509s
PASS: docker_cli_build_test.go:319: DockerSuite.TestBuildEnvOverwrite	0.942s
PASS: docker_cli_build_test.go:2715: DockerSuite.TestBuildEnvUsage	16.459s
PASS: docker_cli_build_test.go:2746: DockerSuite.TestBuildEnvUsage2	46.976s
PASS: docker_cli_build_test.go:147: DockerSuite.TestBuildEnvironmentReplacementAddCopy	7.963s
PASS: docker_cli_build_test.go:171: DockerSuite.TestBuildEnvironmentReplacementEnv	19.001s
PASS: docker_cli_build_test.go:102: DockerSuite.TestBuildEnvironmentReplacementExpose	4.003s
PASS: docker_cli_build_test.go:60: DockerSuite.TestBuildEnvironmentReplacementUser	1.874s
PASS: docker_cli_build_test.go:77: DockerSuite.TestBuildEnvironmentReplacementVolume	1.968s
PASS: docker_cli_build_test.go:127: DockerSuite.TestBuildEnvironmentReplacementWorkdir	2.973s
SKIP: docker_cli_build_test.go:5317: DockerSuite.TestBuildEscapeNotBackslashWordTest (unmatched requirement DaemonIsWindows)
PASS: docker_cli_build_test.go:2263: DockerSuite.TestBuildEscapeWhitespace	0.932s
PASS: docker_cli_build_test.go:3302: DockerSuite.TestBuildExoticShellInterpolation	12.955s
PASS: docker_cli_build_test.go:1590: DockerSuite.TestBuildExpose	0.978s
PASS: docker_cli_build_test.go:1604: DockerSuite.TestBuildExposeMorePorts	1.026s
PASS: docker_cli_build_test.go:1653: DockerSuite.TestBuildExposeOrder	0.965s
PASS: docker_cli_build_test.go:1669: DockerSuite.TestBuildExposeUpperCaseProto	0.847s
PASS: docker_cli_build_test.go:2227: DockerSuite.TestBuildFails	0.584s
PASS: docker_cli_build_test.go:4897: DockerSuite.TestBuildFailsGitNotCallable	0.026s
PASS: docker_cli_build_test.go:4817: DockerSuite.TestBuildFollowSymlinkToDir	1.844s
PASS: docker_cli_build_test.go:4787: DockerSuite.TestBuildFollowSymlinkToFile	1.895s
PASS: docker_cli_build_test.go:1170: DockerSuite.TestBuildForceRm	1.997s
PASS: docker_cli_build_test.go:3051: DockerSuite.TestBuildFromGit	2.441s
PASS: docker_cli_build_test.go:3070: DockerSuite.TestBuildFromGitWithContext	0.968s
PASS: docker_cli_build_test.go:3089: DockerSuite.TestBuildFromGitWithF	0.967s
PASS: docker_cli_build_test.go:3701: DockerSuite.TestBuildFromMixedcaseDockerfile	1.977s
PASS: docker_cli_build_test.go:3777: DockerSuite.TestBuildFromOfficialNames	0.580s
PASS: docker_cli_build_test.go:3102: DockerSuite.TestBuildFromRemoteTarball	0.395s
PASS: docker_cli_build_test.go:3752: DockerSuite.TestBuildFromStdinWithF	2.968s
PASS: docker_cli_build_test.go:3725: DockerSuite.TestBuildFromURLWithF	2.983s
PASS: docker_cli_build_test.go:234: DockerSuite.TestBuildHandleEscapesInVolume	6.001s
PASS: docker_cli_history_test.go:16: DockerSuite.TestBuildHistory	25.960s
PASS: docker_cli_build_test.go:6157: DockerSuite.TestBuildIidFile	1.970s
PASS: docker_cli_build_test.go:6182: DockerSuite.TestBuildIidFileCleanupOnFail	0.489s
PASS: docker_cli_build_test.go:2206: DockerSuite.TestBuildInheritance	1.463s
PASS: docker_cli_build_test.go:5954: DockerSuite.TestBuildIntermediateTarget	0.276s
PASS: docker_cli_build_test.go:3191: DockerSuite.TestBuildInvalidTag	0.013s
PASS: docker_cli_build_test.go:34: DockerSuite.TestBuildJSONEmptyRun	0.703s
PASS: docker_cli_build_test.go:4923: DockerSuite.TestBuildLabel	1.923s
PASS: docker_cli_build_test.go:4954: DockerSuite.TestBuildLabelCacheCommit	0.976s
PASS: docker_cli_build_test.go:4975: DockerSuite.TestBuildLabelMultiple	1.980s
PASS: docker_cli_build_test.go:4940: DockerSuite.TestBuildLabelOneNode	0.989s
PASS: docker_cli_build_test.go:3373: DockerSuite.TestBuildLabels	1.974s
PASS: docker_cli_build_test.go:3385: DockerSuite.TestBuildLabelsCache	2.065s
PASS: docker_cli_build_test.go:5061: DockerSuite.TestBuildLabelsOverride	11.881s
PASS: docker_cli_build_test.go:391: DockerSuite.TestBuildLastModified	5.421s
PASS: docker_cli_build_test.go:2623: DockerSuite.TestBuildLineBreak	4.444s
PASS: docker_cli_build_test.go:6086: DockerSuite.TestBuildLineErrorOnBuild	0.075s
PASS: docker_cli_build_test.go:6097: DockerSuite.TestBuildLineErrorUnknownInstruction	0.081s
PASS: docker_cli_build_test.go:6128: DockerSuite.TestBuildLineErrorWithComments	0.071s
PASS: docker_cli_build_test.go:6111: DockerSuite.TestBuildLineErrorWithEmptyLines	0.072s
PASS: docker_cli_build_test.go:1267: DockerSuite.TestBuildMaintainer	0.621s
PASS: docker_cli_build_test.go:3891: DockerSuite.TestBuildMissingArgs	1.129s
PASS: docker_cli_build_test.go:444: DockerSuite.TestBuildModifyFileInFolder	2.965s
PASS: docker_cli_build_test.go:5934: DockerSuite.TestBuildMulitStageResetScratch	1.842s
PASS: docker_cli_build_test.go:4637: DockerSuite.TestBuildMultiStageArg	6.018s
PASS: docker_cli_build_test.go:5505: DockerSuite.TestBuildMultiStageCache	1.003s
PASS: docker_cli_build_test.go:5684: DockerSuite.TestBuildMultiStageCopyFromErrors	2.241s
PASS: docker_cli_build_test.go:5626: DockerSuite.TestBuildMultiStageCopyFromSyntax	15.695s
PASS: docker_cli_build_test.go:4661: DockerSuite.TestBuildMultiStageGlobalArg	4.834s
PASS: docker_cli_build_test.go:5764: DockerSuite.TestBuildMultiStageImplicitFrom	1.880s
PASS: docker_cli_build_test.go:5731: DockerSuite.TestBuildMultiStageMultipleBuilds	4.005s
SKIP: docker_cli_build_test.go:5846: DockerSuite.TestBuildMultiStageMultipleBuildsWindows (unmatched requirement DaemonIsWindows)
PASS: docker_cli_build_test.go:5821: DockerSuite.TestBuildMultiStageNameVariants	6.495s
PASS: docker_cli_build_test.go:4686: DockerSuite.TestBuildMultiStageUnusedArg	2.826s
PASS: docker_cli_build_test.go:4747: DockerSuite.TestBuildMultipleTags	0.505s
PASS: docker_cli_build_test.go:5541: DockerSuite.TestBuildNetContainer	1.463s
PASS: docker_cli_build_test.go:5529: DockerSuite.TestBuildNetNone	0.476s
PASS: docker_cli_build_test.go:2053: DockerSuite.TestBuildNoContext	1.263s
PASS: docker_cli_build_test.go:4001: DockerSuite.TestBuildNoDupOutput	1.459s
PASS: docker_cli_build_test.go:4706: DockerSuite.TestBuildNoNamedVolume	1.502s
PASS: docker_cli_build_test.go:3498: DockerSuite.TestBuildNotVerboseFailure	0.299s
PASS: docker_cli_build_test.go:3526: DockerSuite.TestBuildNotVerboseFailureRemote	0.103s
PASS: docker_cli_build_test.go:3477: DockerSuite.TestBuildNotVerboseFailureWithNonExistImage	2.425s
PASS: docker_cli_build_test.go:3426: DockerSuite.TestBuildNotVerboseSuccess	0.294s
PASS: docker_cli_build_test.go:4051: DockerSuite.TestBuildNullStringInAddCopyVolume	2.280s
PASS: docker_cli_build_test.go:2236: DockerSuite.TestBuildOnBuild	2.985s
PASS: docker_api_build_test.go:285: DockerSuite.TestBuildOnBuildCache	2.971s
PASS: docker_cli_build_test.go:337: DockerSuite.TestBuildOnBuildCmdEntrypointJSON	6.494s
PASS: docker_cli_build_test.go:354: DockerSuite.TestBuildOnBuildEntrypointJSON	2.978s
PASS: docker_cli_build_test.go:1733: DockerSuite.TestBuildOnBuildLimitedInheritance	3.518s
PASS: docker_cli_build_test.go:278: DockerSuite.TestBuildOnBuildLowercase	1.900s
PASS: docker_cli_build_test.go:3181: DockerSuite.TestBuildOnBuildOutput	2.981s
PASS: docker_api_build_test.go:260: DockerSuite.TestBuildOnBuildWithCopy	1.117s
PASS: docker_cli_build_test.go:5992: DockerSuite.TestBuildOpaqueDirectory	3.858s
PASS: docker_cli_build_test.go:1483: DockerSuite.TestBuildPATH	8.000s
PASS: docker_cli_build_test.go:4029: DockerSuite.TestBuildRUNErrMsg	0.562s
PASS: docker_cli_build_test.go:3951: DockerSuite.TestBuildRUNoneJSON	1.364s
PASS: docker_cli_build_test.go:1401: DockerSuite.TestBuildRelativeCopy	19.990s
PASS: docker_cli_build_test.go:1294: DockerSuite.TestBuildRelativeWorkdir	6.996s
PASS: docker_cli_build_unix_test.go:27: DockerSuite.TestBuildResourceConstraintsAreUsed	2.471s
PASS: docker_cli_build_test.go:1189: DockerSuite.TestBuildRm	3.442s
PASS: docker_cli_build_test.go:3295: DockerSuite.TestBuildRunShEntrypoint	1.483s
PASS: docker_cli_build_test.go:1751: DockerSuite.TestBuildSameDockerfileWithAndWithoutCache	5.445s
PASS: docker_api_build_test.go:520: DockerSuite.TestBuildScratchCopy	0.945s
PASS: docker_cli_build_test.go:6142: DockerSuite.TestBuildSetCommandWithDefinedShell	1.999s
PASS: docker_cli_build_test.go:41: DockerSuite.TestBuildShCmdJSONEntrypoint	2.476s
PASS: docker_cli_build_test.go:5264: DockerSuite.TestBuildShellEntrypoint	1.956s
PASS: docker_cli_build_test.go:5279: DockerSuite.TestBuildShellInherited	1.556s
PASS: docker_cli_build_test.go:5228: DockerSuite.TestBuildShellMultiple	6.387s
PASS: docker_cli_build_test.go:5292: DockerSuite.TestBuildShellNotJSON	0.078s
PASS: docker_cli_build_test.go:5211: DockerSuite.TestBuildShellUpdatesConfig	0.400s
SKIP: docker_cli_build_test.go:5305: DockerSuite.TestBuildShellWindowsPowershell (unmatched requirement DaemonIsWindows)
PASS: docker_cli_build_test.go:3795: DockerSuite.TestBuildSpaces	0.299s
PASS: docker_cli_build_test.go:3858: DockerSuite.TestBuildSpacesWithQuotes	0.712s
PASS: docker_cli_build_test.go:4018: DockerSuite.TestBuildStartsFromOne	0.084s
PASS: docker_cli_build_test.go:3556: DockerSuite.TestBuildStderr	0.802s
PASS: docker_cli_build_test.go:5360: DockerSuite.TestBuildStepsWithProgress	4.982s
PASS: docker_cli_build_test.go:4071: DockerSuite.TestBuildStopSignal	1.348s
PASS: docker_cli_build_test.go:4851: DockerSuite.TestBuildSymlinkBasename	0.934s
PASS: docker_cli_build_test.go:3598: DockerSuite.TestBuildSymlinkBreakout	1.455s
PASS: docker_cli_build_test.go:4723: DockerSuite.TestBuildTagEvent	1.001s
PASS: docker_cli_build_test.go:4143: DockerSuite.TestBuildTimeArgHistoryExclusions	3.084s
PASS: docker_cli_build_test.go:1280: DockerSuite.TestBuildUser	2.877s
PASS: docker_cli_build_test.go:554: DockerSuite.TestBuildUsernamespaceValidateRemappedRoot	5.999s
PASS: docker_cli_build_test.go:2659: DockerSuite.TestBuildUsersAndGroups	29.962s
PASS: docker_cli_build_test.go:3344: DockerSuite.TestBuildVerboseOut	0.964s
PASS: docker_cli_build_test.go:2281: DockerSuite.TestBuildVerifyIntString	0.996s
PASS: docker_cli_build_test.go:3327: DockerSuite.TestBuildVerifySingleQuoteFails	1.503s
PASS: docker_cli_build_test.go:3878: DockerSuite.TestBuildVolumeFileExistsinContainer	1.487s
PASS: docker_cli_build_test.go:3671: DockerSuite.TestBuildVolumesRetainContents	3.464s
SKIP: docker_cli_build_test.go:1347: DockerSuite.TestBuildWindowsAddCopyPathProcessing (unmatched requirement DaemonIsWindows)
SKIP: docker_cli_build_test.go:6037: DockerSuite.TestBuildWindowsEnvCaseInsensitive (unmatched requirement DaemonIsWindows)
SKIP: docker_cli_build_test.go:6007: DockerSuite.TestBuildWindowsUser (unmatched requirement DaemonIsWindows)
SKIP: docker_cli_build_test.go:1336: DockerSuite.TestBuildWindowsWorkdirProcessing (unmatched requirement DaemonIsWindows)
PASS: docker_cli_build_test.go:5557: DockerSuite.TestBuildWithExtraHost	2.373s
PASS: docker_cli_build_test.go:5573: DockerSuite.TestBuildWithExtraHostInvalidFormat	0.057s
PASS: docker_cli_build_test.go:5371: DockerSuite.TestBuildWithFailure	0.666s
PASS: docker_cli_build_test.go:1049: DockerSuite.TestBuildWithInaccessibleFilesInContext	0.510s
PASS: docker_cli_build_test.go:3358: DockerSuite.TestBuildWithTabs	0.719s
PASS: docker_cli_build_test.go:5184: DockerSuite.TestBuildWithUTF8BOM	0.078s
PASS: docker_cli_build_test.go:5194: DockerSuite.TestBuildWithUTF8BOMDockerignore	3.860s
PASS: docker_cli_build_test.go:2150: DockerSuite.TestBuildWithVolumeOwnership	2.544s
PASS: docker_cli_build_test.go:1232: DockerSuite.TestBuildWithVolumes	4.441s
PASS: docker_cli_build_test.go:6072: DockerSuite.TestBuildWorkdirCmd	1.042s
PASS: docker_cli_build_test.go:6051: DockerSuite.TestBuildWorkdirImageCmd	1.907s
SKIP: docker_cli_build_test.go:4912: DockerSuite.TestBuildWorkdirWindowsPath (unmatched requirement DaemonIsWindows)
PASS: docker_cli_build_test.go:1380: DockerSuite.TestBuildWorkdirWithEnvVariables	3.964s
PASS: docker_cli_build_test.go:3653: DockerSuite.TestBuildXZHost	3.949s
PASS: docker_cli_proxy_test.go:12: DockerSuite.TestCLIProxyDisableProxyUnixSock	0.024s
SKIP: docker_cli_sni_test.go:16: DockerSuite.TestClientSetsTLSServerName (Flakey test)
PASS: docker_cli_run_test.go:3683: DockerSuite.TestCmdCannotBeInvoked	0.585s
PASS: docker_cli_commit_test.go:12: DockerSuite.TestCommitAfterContainerIsDone	1.285s
PASS: docker_cli_commit_test.go:106: DockerSuite.TestCommitChange	1.067s
PASS: docker_cli_commit_test.go:156: DockerSuite.TestCommitChangeLabels	0.883s
PASS: docker_cli_commit_test.go:67: DockerSuite.TestCommitHardlink	1.431s
PASS: docker_cli_commit_test.go:56: DockerSuite.TestCommitNewFile	1.949s
PASS: docker_cli_commit_test.go:42: DockerSuite.TestCommitPausedContainer	0.497s
PASS: docker_cli_commit_test.go:87: DockerSuite.TestCommitTTY	1.242s
PASS: docker_cli_images_test.go:103: DockerSuite.TestCommitWithFilterLabel	1.456s
PASS: docker_cli_commit_test.go:96: DockerSuite.TestCommitWithHostBindMount	1.463s
PASS: docker_cli_commit_test.go:26: DockerSuite.TestCommitWithoutPause	1.437s
PASS: docker_cli_netmode_test.go:55: DockerSuite.TestConflictContainerNetworkAndLinks	0.014s
PASS: docker_cli_netmode_test.go:62: DockerSuite.TestConflictContainerNetworkHostAndLinks	0.013s
PASS: docker_cli_netmode_test.go:76: DockerSuite.TestConflictNetworkModeAndOptions	0.085s
PASS: docker_cli_netmode_test.go:69: DockerSuite.TestConflictNetworkModeNetHostAndOptions	0.014s
PASS: docker_api_containers_test.go:543: DockerSuite.TestContainerAPIBadPort	0.004s
PASS: docker_api_containers_test.go:1289: DockerSuite.TestContainerAPIChunkedEncoding	0.040s
PASS: docker_api_containers_test.go:489: DockerSuite.TestContainerAPICommit	1.249s
PASS: docker_api_containers_test.go:511: DockerSuite.TestContainerAPICommitWithLabelInConfig	1.986s
PASS: docker_api_containers_test.go:1155: DockerSuite.TestContainerAPICopyContainerNotFoundPr124	0.002s
PASS: docker_api_containers_test.go:1070: DockerSuite.TestContainerAPICopyNotExistsAnyMore	0.512s
PASS: docker_api_containers_test.go:1083: DockerSuite.TestContainerAPICopyPre124	0.560s
PASS: docker_api_containers_test.go:1113: DockerSuite.TestContainerAPICopyResourcePathEmptyPre124	0.550s
PASS: docker_api_containers_test.go:1134: DockerSuite.TestContainerAPICopyResourcePathNotFoundPre124	0.566s
PASS: docker_api_containers_test.go:570: DockerSuite.TestContainerAPICreate	0.532s
PASS: docker_api_containers_test.go:649: DockerSuite.TestContainerAPICreateBridgeNetworkMode	0.046s
PASS: docker_api_containers_test.go:587: DockerSuite.TestContainerAPICreateEmptyConfig	0.004s
PASS: docker_api_containers_test.go:1997: DockerSuite.TestContainerAPICreateMountsBindRead	0.507s
PASS: docker_api_containers_test.go:599: DockerSuite.TestContainerAPICreateMultipleNetworksConfig	0.003s
PASS: docker_api_containers_test.go:1409: DockerSuite.TestContainerAPICreateNoHostConfig118	0.044s
PASS: docker_api_containers_test.go:655: DockerSuite.TestContainerAPICreateOtherNetworkModes	0.089s
PASS: docker_api_containers_test.go:684: DockerSuite.TestContainerAPICreateWithCpuSharesCpuset	0.069s
PASS: docker_api_containers_test.go:626: DockerSuite.TestContainerAPICreateWithHostName	0.044s
PASS: docker_api_containers_test.go:1166: DockerSuite.TestContainerAPIDelete	0.583s
PASS: docker_api_containers_test.go:1239: DockerSuite.TestContainerAPIDeleteConflict	0.370s
PASS: docker_api_containers_test.go:1191: DockerSuite.TestContainerAPIDeleteForce	0.542s
PASS: docker_api_containers_test.go:1182: DockerSuite.TestContainerAPIDeleteNotExist	0.001s
PASS: docker_api_containers_test.go:1208: DockerSuite.TestContainerAPIDeleteRemoveLinks	0.856s
PASS: docker_api_containers_test.go:1254: DockerSuite.TestContainerAPIDeleteRemoveVolume	0.574s
PASS: docker_api_containers_test.go:1648: DockerSuite.TestContainerAPIDeleteWithEmptyName	0.001s
PASS: docker_api_containers_test.go:41: DockerSuite.TestContainerAPIGetAll	0.558s
PASS: docker_api_containers_test.go:167: DockerSuite.TestContainerAPIGetChanges	0.519s
PASS: docker_api_containers_test.go:140: DockerSuite.TestContainerAPIGetExport	0.519s
PASS: docker_api_containers_test.go:61: DockerSuite.TestContainerAPIGetJSONNoFieldsOmitted	0.558s
PASS: docker_api_containers_test.go:756: DockerSuite.TestContainerAPIInvalidPortSyntax	0.003s
PASS: docker_api_containers_test.go:957: DockerSuite.TestContainerAPIKill	0.550s
PASS: docker_api_containers_test.go:404: DockerSuite.TestContainerAPIPause	0.432s
PASS: docker_api_containers_test.go:1309: DockerSuite.TestContainerAPIPostContainerStop	0.588s
PASS: docker_api_containers_test.go:872: DockerSuite.TestContainerAPIPostCreateNull	0.095s
PASS: docker_api_containers_test.go:107: DockerSuite.TestContainerAPIPsOmitFields	0.340s
PASS: docker_api_containers_test.go:940: DockerSuite.TestContainerAPIRename	0.383s
PASS: docker_api_containers_test.go:972: DockerSuite.TestContainerAPIRestart	0.877s
PASS: docker_api_containers_test.go:986: DockerSuite.TestContainerAPIRestartNotimeoutParam	0.902s
PASS: docker_api_containers_test.go:854: DockerSuite.TestContainerAPIRestartPolicyDefaultRetryCount	0.057s
PASS: docker_api_containers_test.go:782: DockerSuite.TestContainerAPIRestartPolicyInvalidPolicyName	0.003s
PASS: docker_api_containers_test.go:830: DockerSuite.TestContainerAPIRestartPolicyNegativeRetryCount	0.002s
PASS: docker_api_containers_test.go:806: DockerSuite.TestContainerAPIRestartPolicyRetryMismatch	0.002s
PASS: docker_api_containers_test.go:1002: DockerSuite.TestContainerAPIStart	0.333s
PASS: docker_api_containers_test.go:1657: DockerSuite.TestContainerAPIStatsWithNetworkDisabled	4.349s
PASS: docker_api_containers_test.go:1028: DockerSuite.TestContainerAPIStop	0.572s
PASS: docker_api_containers_test.go:435: DockerSuite.TestContainerAPITop	0.403s
SKIP: docker_api_containers_test.go:458: DockerSuite.TestContainerAPITopWindows (unmatched requirement DaemonIsWindows)
PASS: docker_api_containers_test.go:715: DockerSuite.TestContainerAPIVerifyHeader	0.056s
PASS: docker_api_containers_test.go:1047: DockerSuite.TestContainerAPIWait	2.523s
PASS: docker_api_containers_test.go:2293: DockerSuite.TestContainerKillCustomStopSignal	0.564s
PASS: docker_cli_run_test.go:2410: DockerSuite.TestContainerNetworkMode	0.687s
PASS: docker_cli_run_test.go:3531: DockerSuite.TestContainerRestartInMultipleNetworks	2.475s
PASS: docker_cli_run_test.go:3563: DockerSuite.TestContainerWithConflictingHostNetworks	0.312s
PASS: docker_cli_run_test.go:3594: DockerSuite.TestContainerWithConflictingNoneNetwork	0.791s
PASS: docker_cli_run_test.go:3577: DockerSuite.TestContainerWithConflictingSharedNetwork	0.792s
PASS: docker_api_containers_test.go:2028: DockerSuite.TestContainersAPICreateMountsCreate	20.936s
PASS: docker_api_containers_test.go:2243: DockerSuite.TestContainersAPICreateMountsTmpfs	1.032s
PASS: docker_api_containers_test.go:1706: DockerSuite.TestContainersAPICreateMountsValidation	0.413s
PASS: docker_cli_run_test.go:3467: DockerSuite.TestContainersInMultipleNetworks	1.201s
PASS: docker_cli_run_test.go:3459: DockerSuite.TestContainersInUserDefinedNetwork	1.013s
PASS: docker_cli_run_test.go:3486: DockerSuite.TestContainersNetworkIsolation	1.388s
PASS: docker_cli_cp_test.go:582: DockerSuite.TestCopyAndRestart	1.063s
PASS: docker_cli_cp_test.go:603: DockerSuite.TestCopyCreatedContainer	0.092s
PASS: docker_cli_cp_test.go:128: DockerSuite.TestCpAbsolutePath	0.590s
PASS: docker_cli_cp_test.go:171: DockerSuite.TestCpAbsoluteSymlink	0.573s
PASS: docker_cli_cp_to_container_unix_test.go:41: DockerSuite.TestCpCheckDestOwnership	0.712s
PASS: docker_cli_cp_from_container_test.go:119: DockerSuite.TestCpFromCaseA	0.579s
PASS: docker_cli_cp_from_container_test.go:139: DockerSuite.TestCpFromCaseB	0.591s
PASS: docker_cli_cp_from_container_test.go:157: DockerSuite.TestCpFromCaseC	0.588s
PASS: docker_cli_cp_from_container_test.go:182: DockerSuite.TestCpFromCaseD	0.662s
PASS: docker_cli_cp_from_container_test.go:222: DockerSuite.TestCpFromCaseE	0.659s
PASS: docker_cli_cp_from_container_test.go:251: DockerSuite.TestCpFromCaseF	0.589s
PASS: docker_cli_cp_from_container_test.go:274: DockerSuite.TestCpFromCaseG	0.628s
PASS: docker_cli_cp_from_container_test.go:313: DockerSuite.TestCpFromCaseH	0.655s
PASS: docker_cli_cp_from_container_test.go:343: DockerSuite.TestCpFromCaseI	0.611s
PASS: docker_cli_cp_from_container_test.go:367: DockerSuite.TestCpFromCaseJ	0.626s
PASS: docker_cli_cp_from_container_test.go:24: DockerSuite.TestCpFromSymlinkDestination	0.824s
PASS: docker_cli_cp_test.go:209: DockerSuite.TestCpFromSymlinkToDirectory	0.643s
PASS: docker_cli_cp_test.go:38: DockerSuite.TestCpGarbagePath	0.543s
PASS: docker_cli_cp_test.go:29: DockerSuite.TestCpLocalOnly	0.014s
PASS: docker_cli_cp_test.go:562: DockerSuite.TestCpNameHasColon	0.611s
PASS: docker_cli_cp_test.go:80: DockerSuite.TestCpRelativePath	0.582s
PASS: docker_cli_cp_test.go:405: DockerSuite.TestCpSpecialFiles	0.718s
PASS: docker_cli_cp_test.go:337: DockerSuite.TestCpSymlinkComponent	0.565s
PASS: docker_cli_cp_test.go:616: DockerSuite.TestCpSymlinkFromConToHostFollowSymlink	0.751s
PASS: docker_cli_cp_to_container_test.go:123: DockerSuite.TestCpToCaseA	1.155s
PASS: docker_cli_cp_to_container_test.go:144: DockerSuite.TestCpToCaseB	0.613s
PASS: docker_cli_cp_to_container_test.go:165: DockerSuite.TestCpToCaseC	1.683s
PASS: docker_cli_cp_to_container_test.go:192: DockerSuite.TestCpToCaseD	3.352s
PASS: docker_cli_cp_to_container_test.go:238: DockerSuite.TestCpToCaseE	2.390s
PASS: docker_cli_cp_to_container_test.go:273: DockerSuite.TestCpToCaseF	0.583s
PASS: docker_cli_cp_to_container_test.go:296: DockerSuite.TestCpToCaseG	3.388s
PASS: docker_cli_cp_to_container_test.go:342: DockerSuite.TestCpToCaseH	2.354s
PASS: docker_cli_cp_to_container_test.go:378: DockerSuite.TestCpToCaseI	0.589s
PASS: docker_cli_cp_to_container_test.go:402: DockerSuite.TestCpToCaseJ	3.404s
PASS: docker_cli_cp_to_container_unix_test.go:17: DockerSuite.TestCpToContainerWithPermissions	6.217s
PASS: docker_cli_cp_test.go:521: DockerSuite.TestCpToDot	0.619s
PASS: docker_cli_cp_to_container_test.go:445: DockerSuite.TestCpToErrReadOnlyRootfs	1.116s
PASS: docker_cli_cp_to_container_test.go:472: DockerSuite.TestCpToErrReadOnlyVolume	1.211s
PASS: docker_cli_cp_test.go:543: DockerSuite.TestCpToStdout	0.588s
PASS: docker_cli_cp_to_container_test.go:22: DockerSuite.TestCpToSymlinkDestination	2.658s
PASS: docker_cli_cp_test.go:257: DockerSuite.TestCpToSymlinkToDirectory	0.261s
PASS: docker_cli_cp_test.go:381: DockerSuite.TestCpUnprivilegedUser	0.581s
PASS: docker_cli_cp_test.go:452: DockerSuite.TestCpVolumePath	1.053s
PASS: docker_cli_create_test.go:327: DockerSuite.TestCreate64ByteHexID	0.078s
PASS: docker_cli_create_test.go:21: DockerSuite.TestCreateArgs	0.073s
PASS: docker_cli_create_test.go:260: DockerSuite.TestCreateByImageID	1.617s
PASS: docker_cli_create_test.go:163: DockerSuite.TestCreateEchoStdout	0.525s
SKIP: docker_cli_create_test.go:59: DockerSuite.TestCreateGrowRootfs (unmatched requirement Devicemapper)
PASS: docker_cli_create_test.go:83: DockerSuite.TestCreateHostConfig	0.075s
PASS: docker_cli_create_test.go:222: DockerSuite.TestCreateHostnameWithNumber	0.507s
PASS: docker_cli_create_test.go:205: DockerSuite.TestCreateLabelFromImage	0.661s
PASS: docker_cli_create_test.go:192: DockerSuite.TestCreateLabels	0.070s
PASS: docker_cli_create_test.go:250: DockerSuite.TestCreateModeIpcContainer	0.118s
PASS: docker_cli_create_test.go:233: DockerSuite.TestCreateRM	0.176s
SKIP: docker_cli_create_test.go:73: DockerSuite.TestCreateShrinkRootfs (unmatched requirement Devicemapper)
PASS: docker_cli_create_test.go:293: DockerSuite.TestCreateStopSignal	0.068s
PASS: docker_cli_create_test.go:362: DockerSuite.TestCreateStopTimeout	0.139s
PASS: docker_cli_create_test.go:335: DockerSuite.TestCreateUnsetEntrypoint	3.724s
PASS: docker_cli_create_test.go:173: DockerSuite.TestCreateVolumesCreated	0.076s
PASS: docker_cli_create_test.go:316: DockerSuite.TestCreateWithInvalidLogOpts	0.036s
PASS: docker_cli_create_test.go:134: DockerSuite.TestCreateWithLargePortRange	2.750s
PASS: docker_cli_create_test.go:105: DockerSuite.TestCreateWithPortRange	0.074s
PASS: docker_api_containers_test.go:916: DockerSuite.TestCreateWithTooLowMemoryLimit	0.003s
PASS: docker_cli_create_test.go:302: DockerSuite.TestCreateWithWorkdir	0.073s
PASS: docker_deprecated_api_v124_test.go:70: DockerSuite.TestDeprecatedContainerAPIStartDupVolumeBinds	0.044s
PASS: docker_deprecated_api_v124_test.go:20: DockerSuite.TestDeprecatedContainerAPIStartHostConfig	0.059s
PASS: docker_deprecated_api_v124_test.go:39: DockerSuite.TestDeprecatedContainerAPIStartVolumeBinds	0.334s
PASS: docker_deprecated_api_v124_test.go:103: DockerSuite.TestDeprecatedContainerAPIStartVolumesFrom	0.928s
PASS: docker_deprecated_api_v124_test.go:136: DockerSuite.TestDeprecatedPostContainerBindNormalVolume	0.454s
PASS: docker_deprecated_api_v124_test.go:198: DockerSuite.TestDeprecatedPostContainersStartWithLinksInHostConfig	0.728s
PASS: docker_deprecated_api_v124_test.go:216: DockerSuite.TestDeprecatedPostContainersStartWithLinksInHostConfigIdLinked	1.146s
PASS: docker_deprecated_api_v124_test.go:181: DockerSuite.TestDeprecatedPostContainersStartWithoutLinksInHostConfig	0.396s
PASS: docker_deprecated_api_v124_test.go:235: DockerSuite.TestDeprecatedStartWithNilDNS	0.380s
PASS: docker_deprecated_api_v124_test.go:156: DockerSuite.TestDeprecatedStartWithTooLowMemoryLimit	0.071s
PASS: docker_cli_run_test.go:2995: DockerSuite.TestDevicePermissions	0.529s
PASS: docker_cli_run_test.go:3706: DockerSuite.TestDockerFails	0.017s
PASS: docker_cli_network_unix_test.go:449: DockerSuite.TestDockerInspectMultipleNetwork	0.014s
PASS: docker_cli_network_unix_test.go:459: DockerSuite.TestDockerInspectMultipleNetworksIncludingNonexistent	0.042s
PASS: docker_cli_network_unix_test.go:498: DockerSuite.TestDockerInspectNetworkWithContainerName	0.801s
PASS: docker_cli_network_unix_test.go:1622: DockerSuite.TestDockerNetworkConnectFailsNoInspectChange	0.593s
PASS: docker_cli_network_unix_test.go:403: DockerSuite.TestDockerNetworkDeleteMultiple	0.737s
PASS: docker_cli_network_unix_test.go:398: DockerSuite.TestDockerNetworkDeleteNotExists	0.015s
PASS: docker_cli_network_unix_test.go:427: DockerSuite.TestDockerNetworkInspect	0.024s
PASS: docker_cli_network_unix_test.go:438: DockerSuite.TestDockerNetworkInspectWithID	0.085s
PASS: docker_cli_network_unix_test.go:1637: DockerSuite.TestDockerNetworkInternalMode	5.133s
PASS: docker_cli_volume_test.go:490: DockerSuite.TestDuplicateMountpointsForVolumesFrom	2.621s
PASS: docker_cli_volume_test.go:532: DockerSuite.TestDuplicateMountpointsForVolumesFromAndBind	2.045s
PASS: docker_cli_volume_test.go:576: DockerSuite.TestDuplicateMountpointsForVolumesFromAndMounts	1.496s
PASS: docker_cli_network_unix_test.go:1614: DockerSuite.TestEmbeddedDNSInvalidInput	1.638s
PASS: docker_cli_events_test.go:479: DockerSuite.TestEventsAttach	0.617s
PASS: docker_cli_events_test.go:410: DockerSuite.TestEventsCommit	1.172s
PASS: docker_cli_events_test.go:84: DockerSuite.TestEventsContainerEvents	0.572s
PASS: docker_cli_events_test.go:103: DockerSuite.TestEventsContainerEventsAttrSort	0.571s
PASS: docker_cli_events_test.go:126: DockerSuite.TestEventsContainerEventsSinceUnixEpoch	0.570s
PASS: docker_cli_events_unix_test.go:143: DockerSuite.TestEventsContainerFilterBeforeCreate	1.372s
PASS: docker_cli_events_unix_test.go:129: DockerSuite.TestEventsContainerFilterByName	0.740s
PASS: docker_cli_events_test.go:659: DockerSuite.TestEventsContainerRestart	2.332s
PASS: docker_cli_events_unix_test.go:223: DockerSuite.TestEventsContainerWithMultiNetwork	1.859s
PASS: docker_cli_events_test.go:427: DockerSuite.TestEventsCopy	1.089s
PASS: docker_cli_events_test.go:372: DockerSuite.TestEventsFilterContainer	1.099s
PASS: docker_cli_events_test.go:649: DockerSuite.TestEventsFilterImageInContainerAction	0.402s
PASS: docker_cli_events_test.go:342: DockerSuite.TestEventsFilterImageLabels	1.116s
PASS: docker_cli_events_test.go:287: DockerSuite.TestEventsFilterImageName	0.869s
PASS: docker_cli_events_test.go:316: DockerSuite.TestEventsFilterLabels	0.849s
PASS: docker_cli_events_unix_test.go:377: DockerSuite.TestEventsFilterNetworkID	0.067s
PASS: docker_cli_events_test.go:565: DockerSuite.TestEventsFilterType	0.745s
PASS: docker_cli_events_unix_test.go:344: DockerSuite.TestEventsFilterVolumeAndNetworkType	0.077s
PASS: docker_cli_events_unix_test.go:363: DockerSuite.TestEventsFilterVolumeID	0.027s
PASS: docker_cli_events_test.go:271: DockerSuite.TestEventsFilters	1.105s
PASS: docker_cli_events_test.go:728: DockerSuite.TestEventsFormat	1.070s
PASS: docker_cli_events_test.go:761: DockerSuite.TestEventsFormatBadField	0.018s
PASS: docker_cli_events_test.go:751: DockerSuite.TestEventsFormatBadFunc	0.013s
PASS: docker_cli_events_test.go:183: DockerSuite.TestEventsImageImport	0.535s
PASS: docker_cli_events_test.go:207: DockerSuite.TestEventsImageLoad	0.222s
PASS: docker_cli_events_test.go:164: DockerSuite.TestEventsImagePull	2.388s
PASS: docker_cli_events_test.go:146: DockerSuite.TestEventsImageTag	1.030s
PASS: docker_cli_events_unix_test.go:305: DockerSuite.TestEventsImageUntagDelete	0.218s
SKIP: docker_cli_events_unix_test.go:51: DockerSuite.TestEventsOOMDisableFalse (unmatched requirement swapMemorySupport)
SKIP: docker_cli_events_unix_test.go:81: DockerSuite.TestEventsOOMDisableTrue (unmatched requirement swapMemorySupport)
PASS: docker_cli_events_test.go:246: DockerSuite.TestEventsPluginOps	4.358s
PASS: docker_cli_events_unix_test.go:24: DockerSuite.TestEventsRedirectStdout	0.518s
PASS: docker_cli_events_test.go:517: DockerSuite.TestEventsRename	0.575s
PASS: docker_cli_events_test.go:456: DockerSuite.TestEventsResize	0.570s
PASS: docker_cli_events_test.go:699: DockerSuite.TestEventsSinceInTheFuture	0.363s
PASS: docker_cli_events_test.go:619: DockerSuite.TestEventsSpecialFiltersWithExecCreate	0.500s
PASS: docker_cli_events_unix_test.go:251: DockerSuite.TestEventsStreaming	0.550s
PASS: docker_cli_events_test.go:26: DockerSuite.TestEventsTimestampFormats	2.773s
PASS: docker_cli_events_test.go:528: DockerSuite.TestEventsTop	0.581s
PASS: docker_cli_events_test.go:61: DockerSuite.TestEventsUntag	2.568s
PASS: docker_cli_events_test.go:711: DockerSuite.TestEventsUntilInThePast	1.047s
PASS: docker_cli_exec_test.go:28: DockerSuite.TestExec	0.484s
PASS: docker_api_exec_test.go:66: DockerSuite.TestExecAPICreateContainerPaused	0.377s
PASS: docker_api_exec_test.go:25: DockerSuite.TestExecAPICreateNoCmd	0.359s
PASS: docker_api_exec_test.go:43: DockerSuite.TestExecAPICreateNoValidContentType	0.365s
PASS: docker_api_exec_test.go:87: DockerSuite.TestExecAPIStart	1.106s
PASS: docker_api_exec_test.go:124: DockerSuite.TestExecAPIStartBackwardsCompatible	0.442s
PASS: docker_api_exec_test.go:114: DockerSuite.TestExecAPIStartEnsureHeaders	0.445s
PASS: docker_api_exec_test.go:196: DockerSuite.TestExecAPIStartInvalidCommand	0.446s
PASS: docker_api_exec_test.go:139: DockerSuite.TestExecAPIStartMultipleTimesError	0.461s
PASS: docker_api_exec_test.go:180: DockerSuite.TestExecAPIStartValidCommand	0.414s
PASS: docker_api_exec_test.go:149: DockerSuite.TestExecAPIStartWithDetach	0.415s
PASS: docker_cli_exec_test.go:75: DockerSuite.TestExecAfterContainerRestart	1.007s
PASS: docker_cli_exec_test.go:256: DockerSuite.TestExecCgroup	1.006s
PASS: docker_cli_exec_test.go:108: DockerSuite.TestExecEnv	0.457s
PASS: docker_cli_exec_test.go:537: DockerSuite.TestExecEnvLinksHost	0.785s
PASS: docker_cli_exec_test.go:134: DockerSuite.TestExecExitStatus	0.452s
PASS: docker_cli_exec_test.go:309: DockerSuite.TestExecInspectID	1.709s
PASS: docker_cli_exec_test.go:39: DockerSuite.TestExecInteractive	0.441s
PASS: docker_cli_exec_unix_test.go:18: DockerSuite.TestExecInteractiveStdinClose	0.450s
PASS: docker_cli_exec_test.go:493: DockerSuite.TestExecOnReadonlyContainer	0.454s
PASS: docker_cli_exec_test.go:214: DockerSuite.TestExecParseError	0.372s
PASS: docker_cli_exec_test.go:141: DockerSuite.TestExecPausedContainer	0.393s
PASS: docker_api_exec_resize_test.go:18: DockerSuite.TestExecResizeAPIHeightWidthNoInt	0.344s
PASS: docker_api_exec_resize_test.go:34: DockerSuite.TestExecResizeImmediatelyAfterExecStart	1.245s
PASS: docker_cli_exec_test.go:123: DockerSuite.TestExecSetEnv	0.565s
PASS: docker_cli_exec_test.go:513: DockerSuite.TestExecStartFails	0.453s
PASS: docker_api_exec_test.go:214: DockerSuite.TestExecStateCleanup	10.858s
PASS: docker_cli_exec_test.go:228: DockerSuite.TestExecStopNotHanging	0.627s
PASS: docker_cli_exec_unix_test.go:47: DockerSuite.TestExecTTY	0.455s
PASS: docker_cli_exec_test.go:156: DockerSuite.TestExecTTYCloseStdin	0.502s
PASS: docker_cli_exec_test.go:177: DockerSuite.TestExecTTYWithoutStdin	0.360s
PASS: docker_cli_exec_test.go:501: DockerSuite.TestExecUlimits	0.479s
SKIP: docker_cli_exec_test.go:546: DockerSuite.TestExecWindowsOpenHandles (unmatched requirement DaemonIsWindows)
SKIP: docker_cli_exec_test.go:527: DockerSuite.TestExecWindowsPathNotWiped (unmatched requirement DaemonIsWindows)
PASS: docker_cli_exec_test.go:480: DockerSuite.TestExecWithImageUser	2.561s
PASS: docker_cli_exec_unix_test.go:89: DockerSuite.TestExecWithNoTERM	0.457s
PASS: docker_cli_exec_test.go:449: DockerSuite.TestExecWithPrivileged	0.764s
PASS: docker_cli_exec_unix_test.go:77: DockerSuite.TestExecWithTERM	0.465s
PASS: docker_cli_exec_test.go:436: DockerSuite.TestExecWithUser	0.554s
PASS: docker_api_containers_test.go:190: DockerSuite.TestGetContainerStats	4.582s
PASS: docker_api_containers_test.go:338: DockerSuite.TestGetContainerStatsNoStream	4.560s
PASS: docker_api_containers_test.go:230: DockerSuite.TestGetContainerStatsRmRunning	2.020s
PASS: docker_api_containers_test.go:297: DockerSuite.TestGetContainerStatsStream	4.575s
PASS: docker_api_attach_test.go:25: DockerSuite.TestGetContainersAttachWebsocket	0.329s
PASS: docker_api_attach_test.go:89: DockerSuite.TestGetContainersWsAttachContainerNotFound	0.001s
PASS: docker_api_containers_test.go:378: DockerSuite.TestGetStoppedContainerStats	0.077s
PASS: docker_cli_health_test.go:39: DockerSuite.TestHealth	22.871s
PASS: docker_cli_history_test.go:58: DockerSuite.TestHistoryExistentImage	0.013s
PASS: docker_cli_history_test.go:86: DockerSuite.TestHistoryHumanOptionFalse	0.013s
PASS: docker_cli_history_test.go:104: DockerSuite.TestHistoryHumanOptionTrue	0.012s
PASS: docker_cli_history_test.go:67: DockerSuite.TestHistoryImageWithComment	0.814s
PASS: docker_cli_history_test.go:62: DockerSuite.TestHistoryNonExistentImage	0.013s
PASS: docker_cli_images_test.go:225: DockerSuite.TestImagesEnsureDanglingImageOnlyListedOnce	0.991s
PASS: docker_cli_images_test.go:20: DockerSuite.TestImagesEnsureImageIsListed	0.017s
PASS: docker_cli_images_test.go:44: DockerSuite.TestImagesEnsureImageWithBadTagIsNotListed	0.015s
PASS: docker_cli_images_test.go:25: DockerSuite.TestImagesEnsureImageWithTagIsListed	0.078s
PASS: docker_cli_images_test.go:299: DockerSuite.TestImagesEnsureImagesFromBusyboxShown	0.804s
PASS: docker_cli_images_test.go:282: DockerSuite.TestImagesEnsureImagesFromScratchShown	0.973s
PASS: docker_cli_images_test.go:259: DockerSuite.TestImagesEnsureOnlyHeadsImagesShown	1.999s
PASS: docker_cli_images_test.go:69: DockerSuite.TestImagesErrorWithInvalidFilterNameTest	0.014s
PASS: docker_cli_images_test.go:75: DockerSuite.TestImagesFilterLabelMatch	2.976s
PASS: docker_cli_images_test.go:314: DockerSuite.TestImagesFilterNameWithPort	0.067s
PASS: docker_cli_images_test.go:115: DockerSuite.TestImagesFilterSinceAndBefore	2.982s
PASS: docker_cli_images_test.go:185: DockerSuite.TestImagesFilterSpaceTrimCase	0.626s
PASS: docker_cli_images_test.go:327: DockerSuite.TestImagesFormat	0.054s
PASS: docker_cli_images_test.go:343: DockerSuite.TestImagesFormatDefaultFormat	1.131s
PASS: docker_cli_images_test.go:49: DockerSuite.TestImagesOrderedByCreationDate	4.997s
PASS: docker_cli_images_test.go:253: DockerSuite.TestImagesWithIncorrectFilter	0.013s
PASS: docker_cli_import_test.go:36: DockerSuite.TestImportBadURL	0.059s
PASS: docker_cli_import_test.go:18: DockerSuite.TestImportDisplay	1.100s
PASS: docker_cli_import_test.go:47: DockerSuite.TestImportFile	1.247s
PASS: docker_cli_import_test.go:122: DockerSuite.TestImportFileNonExistentFile	0.014s
PASS: docker_cli_import_test.go:91: DockerSuite.TestImportFileWithMessage	1.211s
PASS: docker_cli_import_test.go:68: DockerSuite.TestImportGzipped	1.289s
PASS: docker_cli_import_test.go:127: DockerSuite.TestImportWithQuotedChanges	1.272s
PASS: docker_cli_info_test.go:177: DockerSuite.TestInfoDebug	0.534s
PASS: docker_cli_info_test.go:106: DockerSuite.TestInfoDiscoveryAdvertiseInterfaceName	0.898s
PASS: docker_cli_info_test.go:72: DockerSuite.TestInfoDiscoveryBackend	0.533s
PASS: docker_cli_info_test.go:89: DockerSuite.TestInfoDiscoveryInvalidAdvertise	0.100s
PASS: docker_cli_info_test.go:143: DockerSuite.TestInfoDisplaysPausedContainers	0.449s
PASS: docker_cli_info_test.go:130: DockerSuite.TestInfoDisplaysRunningContainers	0.390s
PASS: docker_cli_info_test.go:160: DockerSuite.TestInfoDisplaysStoppedContainers	0.615s
PASS: docker_cli_info_test.go:16: DockerSuite.TestInfoEnsureSucceeds	0.023s
PASS: docker_cli_info_test.go:60: DockerSuite.TestInfoFormat	0.043s
PASS: docker_cli_info_unix_test.go:10: DockerSuite.TestInfoSecurityOptions	0.020s
PASS: docker_cli_info_test.go:195: DockerSuite.TestInsecureRegistries	0.533s
PASS: docker_api_inspect_test.go:147: DockerSuite.TestInspectAPIBridgeNetworkSettings120	0.359s
PASS: docker_api_inspect_test.go:164: DockerSuite.TestInspectAPIBridgeNetworkSettings121	0.378s
PASS: docker_api_inspect_test.go:17: DockerSuite.TestInspectAPIContainerResponse	0.348s
PASS: docker_api_inspect_test.go:84: DockerSuite.TestInspectAPIContainerVolumeDriver	0.360s
PASS: docker_api_inspect_test.go:61: DockerSuite.TestInspectAPIContainerVolumeDriverLegacy	0.358s
PASS: docker_api_inspect_test.go:123: DockerSuite.TestInspectAPIEmptyFieldsInConfigPre121	0.387s
PASS: docker_api_inspect_test.go:108: DockerSuite.TestInspectAPIImageResponse	0.024s
PASS: docker_cli_network_unix_test.go:1035: DockerSuite.TestInspectAPIMultipleNetworks	0.640s
PASS: docker_cli_inspect_test.go:413: DockerSuite.TestInspectAmpersand	0.533s
PASS: docker_cli_inspect_test.go:206: DockerSuite.TestInspectBindMountPoint	0.387s
PASS: docker_cli_inspect_test.go:341: DockerSuite.TestInspectByPrefix	0.046s
PASS: docker_cli_inspect_test.go:141: DockerSuite.TestInspectContainerFilterInt	0.388s
SKIP: docker_cli_inspect_test.go:181: DockerSuite.TestInspectContainerGraphDriver (unmatched requirement Devicemapper)
PASS: docker_cli_inspect_test.go:391: DockerSuite.TestInspectContainerNetworkCustom	0.480s
PASS: docker_cli_inspect_test.go:379: DockerSuite.TestInspectContainerNetworkDefault	0.409s
PASS: docker_cli_inspect_test.go:44: DockerSuite.TestInspectDefault	0.359s
PASS: docker_cli_inspect_test.go:371: DockerSuite.TestInspectHistory	0.718s
PASS: docker_cli_inspect_test.go:24: DockerSuite.TestInspectImage	0.015s
PASS: docker_cli_inspect_test.go:125: DockerSuite.TestInspectImageFilterInt	0.026s
SKIP: docker_cli_inspect_test.go:163: DockerSuite.TestInspectImageGraphDriver (unmatched requirement Devicemapper)
PASS: docker_cli_inspect_test.go:38: DockerSuite.TestInspectInt64	0.380s
PASS: docker_cli_inspect_test.go:333: DockerSuite.TestInspectJSONFields	0.365s
PASS: docker_cli_inspect_test.go:283: DockerSuite.TestInspectLogConfigNoType	0.077s
PASS: docker_cli_inspect_test.go:238: DockerSuite.TestInspectNamedMountPoint	0.384s
PASS: docker_cli_inspect_test.go:296: DockerSuite.TestInspectNoSizeFlagContainer	0.370s
PASS: docker_cli_inspect_test.go:423: DockerSuite.TestInspectPlugin	4.669s
PASS: docker_cli_inspect_test.go:402: DockerSuite.TestInspectRootFS	0.017s
PASS: docker_cli_inspect_test.go:308: DockerSuite.TestInspectSizeFlagContainer	0.382s
PASS: docker_cli_inspect_test.go:55: DockerSuite.TestInspectStatus	0.664s
PASS: docker_cli_inspect_test.go:352: DockerSuite.TestInspectStopWhenNotFound	0.735s
PASS: docker_cli_inspect_test.go:319: DockerSuite.TestInspectTemplateError	0.385s
PASS: docker_cli_inspect_test.go:262: DockerSuite.TestInspectTimesAsRFC3339Nano	0.532s
PASS: docker_cli_inspect_test.go:80: DockerSuite.TestInspectTypeFlagContainer	0.345s
PASS: docker_cli_inspect_test.go:102: DockerSuite.TestInspectTypeFlagWithImage	0.380s
PASS: docker_cli_inspect_test.go:113: DockerSuite.TestInspectTypeFlagWithInvalidValue	0.382s
PASS: docker_cli_inspect_test.go:90: DockerSuite.TestInspectTypeFlagWithNoContainer	0.384s
PASS: docker_cli_inspect_test.go:454: DockerSuite.TestInspectUnknownObject	0.024s
PASS: docker_cli_run_unix_test.go:1157: DockerSuite.TestLegacyRunNoNewPrivSetuid	6.518s
PASS: docker_cli_links_test.go:200: DockerSuite.TestLinkShortDefinition	0.730s
PASS: docker_cli_links_test.go:191: DockerSuite.TestLinksEnvs	0.860s
PASS: docker_cli_links_test.go:227: DockerSuite.TestLinksEtcHostsRegularFile	0.356s
PASS: docker_cli_links_test.go:140: DockerSuite.TestLinksHostsFilesInject	0.904s
PASS: docker_cli_links_test.go:93: DockerSuite.TestLinksInspectLinksStarted	1.074s
PASS: docker_cli_links_test.go:112: DockerSuite.TestLinksInspectLinksStopped	1.065s
PASS: docker_cli_links_test.go:24: DockerSuite.TestLinksInvalidContainerTarget	0.065s
PASS: docker_cli_links_test.go:234: DockerSuite.TestLinksMultipleWithSameName	1.212s
PASS: docker_cli_links_test.go:216: DockerSuite.TestLinksNetworkHostContainer	0.328s
PASS: docker_cli_links_test.go:132: DockerSuite.TestLinksNotStartedParentNotFail	0.429s
PASS: docker_cli_links_test.go:36: DockerSuite.TestLinksPingLinkedContainers	8.355s
PASS: docker_cli_links_test.go:80: DockerSuite.TestLinksPingLinkedContainersAfterRename	1.768s
PASS: docker_cli_exec_test.go:379: DockerSuite.TestLinksPingLinkedContainersOnRename	0.960s
PASS: docker_cli_links_test.go:15: DockerSuite.TestLinksPingUnlinkedContainers	0.545s
PASS: docker_cli_links_test.go:158: DockerSuite.TestLinksUpdateOnRestart	1.554s
PASS: docker_cli_save_load_unix_test.go:91: DockerSuite.TestLoadNoStdinFail	0.012s
PASS: docker_cli_save_load_test.go:332: DockerSuite.TestLoadZeroSizeLayer	0.319s
PASS: docker_cli_login_test.go:11: DockerSuite.TestLoginWithoutTTY	0.020s
PASS: docker_api_logs_test.go:87: DockerSuite.TestLogsAPIContainerNotFound	0.006s
PASS: docker_api_logs_test.go:72: DockerSuite.TestLogsAPIFollowEmptyOutput	0.343s
PASS: docker_api_logs_test.go:59: DockerSuite.TestLogsAPINoStdoutNorStderr	0.361s
PASS: docker_api_logs_test.go:151: DockerSuite.TestLogsAPIUntil	4.588s
PASS: docker_api_logs_test.go:189: DockerSuite.TestLogsAPIUntilDefaultValue	1.814s
PASS: docker_api_logs_test.go:94: DockerSuite.TestLogsAPIUntilFutureFollow	4.326s
PASS: docker_api_logs_test.go:23: DockerSuite.TestLogsAPIWithStdout	0.353s
PASS: docker_cli_logs_test.go:318: DockerSuite.TestLogsCLIContainerNotFound	0.014s
PASS: docker_cli_logs_test.go:24: DockerSuite.TestLogsContainerBiggerThanPage	0.774s
PASS: docker_cli_logs_test.go:29: DockerSuite.TestLogsContainerMuchBiggerThanPage	0.779s
PASS: docker_cli_logs_test.go:19: DockerSuite.TestLogsContainerSmallerThanPage	0.806s
PASS: docker_cli_logs_test.go:300: DockerSuite.TestLogsFollowGoroutinesNoOutput	0.597s
PASS: docker_cli_logs_test.go:272: DockerSuite.TestLogsFollowGoroutinesWithStdout	0.602s
PASS: docker_cli_logs_test.go:214: DockerSuite.TestLogsFollowSlowStdoutConsumer	2.409s
PASS: docker_cli_logs_test.go:124: DockerSuite.TestLogsFollowStopped	0.562s
PASS: docker_cli_logs_test.go:66: DockerSuite.TestLogsSeparateStderr	0.535s
PASS: docker_cli_logs_test.go:145: DockerSuite.TestLogsSince	6.572s
PASS: docker_cli_logs_test.go:180: DockerSuite.TestLogsSinceFutureFollow	5.394s
PASS: docker_cli_logs_test.go:77: DockerSuite.TestLogsStderrInStdout	0.539s
PASS: docker_cli_logs_test.go:92: DockerSuite.TestLogsTail	0.637s
PASS: docker_cli_logs_test.go:41: DockerSuite.TestLogsTimestamps	0.534s
PASS: docker_cli_logs_test.go:325: DockerSuite.TestLogsWithDetails	0.521s
PASS: docker_cli_run_test.go:2909: DockerSuite.TestMountIntoProc	0.262s
PASS: docker_cli_run_test.go:2918: DockerSuite.TestMountIntoSys	0.535s
PASS: docker_cli_netmode_test.go:33: DockerSuite.TestNetHostname	1.584s
PASS: docker_cli_netmode_test.go:26: DockerSuite.TestNetHostnameWithNetHost	0.315s
PASS: docker_cli_events_unix_test.go:196: DockerSuite.TestNetworkEvents	0.726s
PASS: docker_cli_run_test.go:3513: DockerSuite.TestNetworkRmWithActiveContainers	1.107s
PASS: docker_cli_run_test.go:2695: DockerSuite.TestPermissionsPtsReadonlyRootfs	0.535s
PASS: docker_cli_plugins_test.go:76: DockerSuite.TestPluginActive	4.432s
PASS: docker_cli_plugins_test.go:99: DockerSuite.TestPluginActiveNetwork	9.715s
SKIP: docker_cli_plugins_test.go:344: DockerSuite.TestPluginInspectOnWindows (unmatched requirement DaemonIsWindows)
PASS: docker_cli_plugins_test.go:150: DockerSuite.TestPluginInstallDisableVolumeLs	3.621s
PASS: docker_cli_plugins_logdriver_test.go:12: DockerSuite.TestPluginLogDriver	5.057s
PASS: docker_cli_plugins_logdriver_test.go:32: DockerSuite.TestPluginLogDriverInfoList	3.809s
PASS: docker_cli_plugins_test.go:474: DockerSuite.TestPluginMetricsCollector	4.842s
PASS: docker_cli_plugins_test.go:442: DockerSuite.TestPluginUpgrade	9.409s
PASS: docker_cli_port_test.go:329: DockerSuite.TestPortBindingOnSandbox	1.307s
PASS: docker_cli_port_test.go:307: DockerSuite.TestPortExposeHostBinding	1.181s
PASS: docker_cli_port_test.go:285: DockerSuite.TestPortHostBinding	1.191s
PASS: docker_cli_port_test.go:15: DockerSuite.TestPortList	7.047s
PASS: docker_api_containers_test.go:1325: DockerSuite.TestPostContainerAPICreateWithStringOrSliceEntrypoint	1.037s
PASS: docker_api_attach_test.go:99: DockerSuite.TestPostContainersAttach	5.395s
PASS: docker_api_attach_test.go:78: DockerSuite.TestPostContainersAttachContainerNotFound	0.001s
PASS: docker_api_containers_test.go:1589: DockerSuite.TestPostContainersCreateMemorySwappinessHostConfigOmitted	0.047s
PASS: docker_api_containers_test.go:1503: DockerSuite.TestPostContainersCreateShmSizeHostConfigOmitted	0.505s
PASS: docker_api_containers_test.go:1485: DockerSuite.TestPostContainersCreateShmSizeNegative	0.003s
PASS: docker_api_containers_test.go:1531: DockerSuite.TestPostContainersCreateShmSizeOmitted	0.530s
PASS: docker_api_containers_test.go:1614: DockerSuite.TestPostContainersCreateWithOomScoreAdjInvalidRange	0.006s
PASS: docker_api_containers_test.go:1558: DockerSuite.TestPostContainersCreateWithShmSize	0.513s
PASS: docker_api_containers_test.go:1380: DockerSuite.TestPostContainersCreateWithStringOrSliceCapAddDrop	0.089s
PASS: docker_api_containers_test.go:1353: DockerSuite.TestPostContainersCreateWithStringOrSliceCmd	1.045s
PASS: docker_api_containers_test.go:1452: DockerSuite.TestPostContainersCreateWithWrongCpusetValues	0.005s
PASS: docker_cli_prune_unix_test.go:133: DockerSuite.TestPruneContainerLabel	2.670s
PASS: docker_cli_prune_unix_test.go:113: DockerSuite.TestPruneContainerUntil	1.089s
PASS: docker_cli_prune_unix_test.go:249: DockerSuite.TestPruneNetworkLabel	0.359s
PASS: docker_cli_prune_unix_test.go:191: DockerSuite.TestPruneVolumeLabel	0.144s
PASS: docker_cli_ps_test.go:794: DockerSuite.TestPsByOrder	1.413s
PASS: docker_cli_ps_test.go:547: DockerSuite.TestPsImageIDAfterUpdate	1.458s
PASS: docker_cli_ps_test.go:19: DockerSuite.TestPsListContainersBase	1.896s
PASS: docker_cli_ps_test.go:306: DockerSuite.TestPsListContainersFilterAncestorImage	5.134s
PASS: docker_cli_ps_test.go:516: DockerSuite.TestPsListContainersFilterCreated	0.113s
PASS: docker_cli_ps_test.go:437: DockerSuite.TestPsListContainersFilterExited	2.506s
PASS: docker_cli_ps_test.go:227: DockerSuite.TestPsListContainersFilterHealth	6.014s
PASS: docker_cli_ps_test.go:270: DockerSuite.TestPsListContainersFilterID	0.798s
PASS: docker_cli_ps_test.go:401: DockerSuite.TestPsListContainersFilterLabel	1.691s
PASS: docker_cli_ps_test.go:284: DockerSuite.TestPsListContainersFilterName	0.901s
PASS: docker_cli_ps_test.go:714: DockerSuite.TestPsListContainersFilterNetwork	0.758s
PASS: docker_cli_ps_test.go:813: DockerSuite.TestPsListContainersFilterPorts	0.824s
PASS: docker_cli_ps_test.go:180: DockerSuite.TestPsListContainersFilterStatus	1.341s
PASS: docker_cli_ps_test.go:140: DockerSuite.TestPsListContainersSize	1.192s
PASS: docker_cli_ps_test.go:849: DockerSuite.TestPsNotShowLinknamesOfDeletedContainer	0.200s
PASS: docker_cli_ps_test.go:596: DockerSuite.TestPsNotShowPortsOfStoppedContainer	0.615s
PASS: docker_cli_ps_test.go:470: DockerSuite.TestPsRightTagName	1.103s
PASS: docker_cli_ps_test.go:614: DockerSuite.TestPsShowMounts	1.190s
PASS: docker_cli_run_test.go:3144: DockerSuite.TestPtraceContainerProcsFromHost	0.384s
SKIP: docker_cli_pull_test.go:263: DockerSuite.TestPullLinuxImageFailsOnWindows (unmatched requirement DaemonIsWindows)
PASS: docker_cli_pull_test.go:270: DockerSuite.TestPullWindowsImageFailsOnLinux	1.906s
PASS: docker_cli_push_test.go:291: DockerSuite.TestPushToCentralRegistryUnauthorized	1.314s
PASS: docker_cli_push_test.go:38: DockerSuite.TestPushUnprefixedRepo	0.980s
PASS: docker_api_containers_test.go:1425: DockerSuite.TestPutContainerArchiveErrSymlinkInVolumeToReadOnlyRootfs	0.643s
PASS: docker_cli_restart_test.go:297: DockerSuite.TestRestartAutoRemoveContainer	1.108s
PASS: docker_cli_restart_test.go:166: DockerSuite.TestRestartContainerSuccess	0.903s
PASS: docker_cli_restart_test.go:151: DockerSuite.TestRestartContainerwithGoodContainer	0.566s
PASS: docker_cli_restart_test.go:266: DockerSuite.TestRestartContainerwithRestartPolicy	6.369s
PASS: docker_cli_restart_test.go:78: DockerSuite.TestRestartDisconnectedContainer	0.881s
PASS: docker_cli_restart_test.go:236: DockerSuite.TestRestartPolicyAfterRestart	1.466s
PASS: docker_cli_restart_test.go:103: DockerSuite.TestRestartPolicyAlways	0.094s
PASS: docker_cli_restart_test.go:95: DockerSuite.TestRestartPolicyNO	0.070s
PASS: docker_cli_restart_test.go:116: DockerSuite.TestRestartPolicyOnFailure	0.264s
PASS: docker_cli_restart_test.go:30: DockerSuite.TestRestartRunningContainer	1.957s
PASS: docker_cli_restart_test.go:13: DockerSuite.TestRestartStoppedContainer	1.001s
PASS: docker_cli_restart_test.go:192: DockerSuite.TestRestartWithPolicyUserDefinedNetwork	1.895s
PASS: docker_cli_restart_test.go:53: DockerSuite.TestRestartWithVolumes	0.948s
PASS: docker_cli_rmi_test.go:217: DockerSuite.TestRmiBlank	0.013s
PASS: docker_cli_rmi_test.go:327: DockerSuite.TestRmiByIDHardConflict	0.098s
PASS: docker_cli_rmi_test.go:227: DockerSuite.TestRmiContainerImageNotFound	4.724s
PASS: docker_cli_rmi_test.go:171: DockerSuite.TestRmiForceWithExistingContainers	1.353s
PASS: docker_cli_rmi_test.go:199: DockerSuite.TestRmiForceWithMultipleRepositories	0.512s
PASS: docker_cli_rmi_test.go:144: DockerSuite.TestRmiImageIDForceWithRunningContainersAndMultipleTags	1.338s
PASS: docker_cli_rmi_test.go:106: DockerSuite.TestRmiImgIDForce	0.718s
PASS: docker_cli_rmi_test.go:65: DockerSuite.TestRmiImgIDMultipleTag	1.317s
PASS: docker_cli_rmi_test.go:297: DockerSuite.TestRmiParentImageFail	1.324s
PASS: docker_cli_rmi_test.go:37: DockerSuite.TestRmiTag	0.166s
PASS: docker_cli_rmi_test.go:159: DockerSuite.TestRmiTagWithExistingContainers	0.527s
PASS: docker_cli_rmi_test.go:253: DockerSuite.TestRmiUntagHistoryLayer	4.249s
PASS: docker_cli_rmi_test.go:16: DockerSuite.TestRmiWithContainerFails	0.385s
PASS: docker_cli_rmi_test.go:185: DockerSuite.TestRmiWithMultipleRepositories	1.251s
PASS: docker_cli_rmi_test.go:310: DockerSuite.TestRmiWithParentInUse	1.949s
PASS: docker_cli_run_test.go:4522: DockerSuite.TestRunAddDeviceCgroupRule	1.071s
PASS: docker_cli_run_test.go:1580: DockerSuite.TestRunAddHost	0.516s
PASS: docker_cli_run_test.go:4039: DockerSuite.TestRunAddHostInHostMode	0.318s
PASS: docker_cli_run_test.go:1172: DockerSuite.TestRunAddingOptionalDevices	0.499s
PASS: docker_cli_run_test.go:1190: DockerSuite.TestRunAddingOptionalDevicesInvalidMode	0.026s
PASS: docker_cli_run_test.go:1181: DockerSuite.TestRunAddingOptionalDevicesNoSrc	0.491s
PASS: docker_cli_run_test.go:2061: DockerSuite.TestRunAllocatePortInReservedRange	0.724s
PASS: docker_cli_run_test.go:1231: DockerSuite.TestRunAllowBindMountingRoot	0.527s
PASS: docker_cli_run_test.go:2266: DockerSuite.TestRunAllowPortRangeThroughExpose	0.416s
PASS: docker_cli_run_test.go:2624: DockerSuite.TestRunAllowPortRangeThroughPublish	0.391s
PASS: docker_cli_run_unix_test.go:1329: DockerSuite.TestRunApparmorProcDirectory	1.006s
PASS: docker_cli_run_test.go:573: DockerSuite.TestRunApplyVolumesFromBeforeVolumes	1.057s
PASS: docker_cli_run_unix_test.go:97: DockerSuite.TestRunAttachDetach	0.516s
PASS: docker_cli_run_unix_test.go:242: DockerSuite.TestRunAttachDetachFromConfig	0.487s
PASS: docker_cli_run_unix_test.go:148: DockerSuite.TestRunAttachDetachFromFlag	0.517s
PASS: docker_cli_run_unix_test.go:209: DockerSuite.TestRunAttachDetachFromInvalidFlag	0.381s
PASS: docker_cli_run_unix_test.go:325: DockerSuite.TestRunAttachDetachKeysOverrideConfig	0.481s
PASS: docker_cli_run_test.go:3920: DockerSuite.TestRunAttachFailedNoLeak	0.787s
PASS: docker_cli_run_unix_test.go:407: DockerSuite.TestRunAttachInvalidDetachKeySequencePreserved	0.647s
PASS: docker_cli_run_test.go:1592: DockerSuite.TestRunAttachStdErrOnlyTTYMode	0.534s
PASS: docker_cli_run_test.go:1608: DockerSuite.TestRunAttachStdOutAndErrTTYMode	0.543s
PASS: docker_cli_run_test.go:1600: DockerSuite.TestRunAttachStdOutOnlyTTYMode	0.496s
PASS: docker_cli_run_test.go:1617: DockerSuite.TestRunAttachWithDetach	0.021s
PASS: docker_cli_run_test.go:1882: DockerSuite.TestRunBindMounts	1.635s
PASS: docker_cli_run_test.go:1053: DockerSuite.TestRunCapAddALLCanDownInterface	0.524s
PASS: docker_cli_run_test.go:1063: DockerSuite.TestRunCapAddALLDropNetAdminCanDownInterface	0.509s
PASS: docker_cli_run_test.go:3008: DockerSuite.TestRunCapAddCHOWN	0.524s
PASS: docker_cli_run_test.go:1043: DockerSuite.TestRunCapAddCanDownInterface	0.534s
PASS: docker_cli_run_test.go:1034: DockerSuite.TestRunCapAddInvalid	0.128s
PASS: docker_cli_run_test.go:3194: DockerSuite.TestRunCapAddSYSTIME	0.549s
PASS: docker_cli_run_test.go:1024: DockerSuite.TestRunCapDropALLAddMknodCanMknod	0.523s
PASS: docker_cli_run_test.go:1012: DockerSuite.TestRunCapDropALLCannotMknod	0.537s
PASS: docker_cli_run_test.go:986: DockerSuite.TestRunCapDropCannotMknod	0.533s
PASS: docker_cli_run_test.go:999: DockerSuite.TestRunCapDropCannotMknodLowerCase	0.499s
PASS: docker_cli_run_test.go:977: DockerSuite.TestRunCapDropInvalid	0.132s
PASS: docker_cli_run_test.go:1964: DockerSuite.TestRunCidFileCheckIDLength	0.360s
PASS: docker_cli_run_test.go:1933: DockerSuite.TestRunCidFileCleanupIfEmpty	0.016s
PASS: docker_cli_run_test.go:1695: DockerSuite.TestRunCleanupCmdOnEntrypoint	1.964s
PASS: docker_cli_run_test.go:3336: DockerSuite.TestRunContainerNetModeWithDNSMacHosts	0.386s
PASS: docker_cli_run_test.go:3360: DockerSuite.TestRunContainerNetModeWithExposePort	0.391s
PASS: docker_cli_run_test.go:922: DockerSuite.TestRunContainerNetwork	0.537s
PASS: docker_cli_run_test.go:3327: DockerSuite.TestRunContainerNetworkModeToSelf	0.079s
PASS: docker_cli_run_test.go:3311: DockerSuite.TestRunContainerWithCgroupMountRO	0.539s
PASS: docker_cli_run_test.go:3237: DockerSuite.TestRunContainerWithCgroupParent	1.096s
PASS: docker_cli_run_test.go:2734: DockerSuite.TestRunContainerWithReadonlyEtcHostsAndLinkedContainer	0.836s
PASS: docker_cli_run_test.go:2683: DockerSuite.TestRunContainerWithReadonlyRootfs	1.073s
PASS: docker_cli_run_test.go:2756: DockerSuite.TestRunContainerWithReadonlyRootfsWithAddHostFlag	0.521s
PASS: docker_cli_run_test.go:2746: DockerSuite.TestRunContainerWithReadonlyRootfsWithDNSFlag	0.525s
PASS: docker_cli_run_test.go:2793: DockerSuite.TestRunContainerWithRmFlagCannotStartContainer	0.539s
PASS: docker_cli_run_test.go:2779: DockerSuite.TestRunContainerWithRmFlagExitCodeNotEqualToZero	0.556s
PASS: docker_cli_run_test.go:2679: DockerSuite.TestRunContainerWithWritableRootfs	0.535s
PASS: docker_cli_run_test.go:1680: DockerSuite.TestRunCopyVolumeContent	1.523s
PASS: docker_cli_run_test.go:1662: DockerSuite.TestRunCopyVolumeUIDGID	3.958s
PASS: docker_cli_run_test.go:3202: DockerSuite.TestRunCreateContainerFailedCleanUp	0.091s
PASS: docker_cli_run_test.go:612: DockerSuite.TestRunCreateVolume	0.521s
PASS: docker_cli_run_test.go:2153: DockerSuite.TestRunCreateVolumeEtc	1.593s
PASS: docker_cli_run_test.go:622: DockerSuite.TestRunCreateVolumeWithSymlink	1.693s
PASS: docker_cli_run_test.go:378: DockerSuite.TestRunCreateVolumesInSymlinkDir	2.960s
PASS: docker_cli_run_test.go:422: DockerSuite.TestRunCreateVolumesInSymlinkDir2	2.914s
SKIP: docker_cli_run_test.go:4146: DockerSuite.TestRunCredentialSpecFailures (unmatched requirement DaemonIsWindows)
SKIP: docker_cli_run_test.go:4166: DockerSuite.TestRunCredentialSpecWellFormed (unmatched requirement DaemonIsWindows)
PASS: docker_cli_run_test.go:1254: DockerSuite.TestRunDNSDefaultOptions	0.528s
PASS: docker_cli_run_test.go:4004: DockerSuite.TestRunDNSInHostMode	1.634s
PASS: docker_cli_run_test.go:1288: DockerSuite.TestRunDNSOptions	1.035s
PASS: docker_cli_run_test.go:1322: DockerSuite.TestRunDNSOptionsBasedOnHostResolvConf	1.596s
PASS: docker_cli_run_test.go:1312: DockerSuite.TestRunDNSRepeatOptions	0.518s
PASS: docker_cli_run_test.go:2026: DockerSuite.TestRunDeallocatePortOnMissingIptablesRule	0.943s
PASS: docker_cli_run_test.go:121: DockerSuite.TestRunDetachedContainerIDPrinting	0.576s
SKIP: docker_cli_run_unix_test.go:83: DockerSuite.TestRunDeviceDirectory (Host does not have /dev/snd)
PASS: docker_cli_run_test.go:1141: DockerSuite.TestRunDeviceNumbers	0.535s
PASS: docker_cli_run_unix_test.go:1357: DockerSuite.TestRunDeviceSymlink	1.185s
PASS: docker_cli_run_test.go:1240: DockerSuite.TestRunDisallowBindMountingRootToRoot	0.060s
PASS: docker_cli_run_test.go:4173: DockerSuite.TestRunDuplicateMount	0.528s
PASS: docker_cli_run_test.go:51: DockerSuite.TestRunEchoNamedContainer	0.539s
PASS: docker_cli_run_test.go:43: DockerSuite.TestRunEchoStdout	0.537s
PASS: docker_cli_run_unix_test.go:538: DockerSuite.TestRunEchoStdoutWithCPUSharesAndMemoryLimit	0.559s
PASS: docker_cli_run_test.go:4259: DockerSuite.TestRunEmptyEnv	0.042s
PASS: docker_cli_run_test.go:1871: DockerSuite.TestRunEntrypoint	0.519s
PASS: docker_cli_run_test.go:817: DockerSuite.TestRunEnvironment	0.529s
PASS: docker_cli_run_test.go:856: DockerSuite.TestRunEnvironmentErase	0.505s
PASS: docker_cli_run_test.go:889: DockerSuite.TestRunEnvironmentOverride	0.513s
PASS: docker_cli_run_test.go:699: DockerSuite.TestRunExitCode	0.527s
PASS: docker_cli_run_test.go:90: DockerSuite.TestRunExitCodeOne	0.524s
PASS: docker_cli_run_test.go:85: DockerSuite.TestRunExitCodeZero	0.519s
PASS: docker_cli_run_test.go:1734: DockerSuite.TestRunExitOnStdinClose	0.556s
PASS: docker_cli_run_test.go:2289: DockerSuite.TestRunExposePort	0.020s
PASS: docker_cli_run_test.go:948: DockerSuite.TestRunFullHostnameSet	0.536s
PASS: docker_cli_run_test.go:1075: DockerSuite.TestRunGroupAdd	0.540s
PASS: docker_cli_run_test.go:4501: DockerSuite.TestRunHostnameFQDN	1.024s
PASS: docker_cli_run_test.go:4514: DockerSuite.TestRunHostnameInHostMode	0.331s
SKIP: docker_cli_run_test.go:4242: DockerSuite.TestRunHypervIsolationWithCPUCountCPUSharesAndCPUPercent (unmatched requirement DaemonIsWindows)
PASS: docker_cli_run_test.go:3726: DockerSuite.TestRunInitLayerPathOwnership	3.561s
PASS: docker_cli_run_test.go:2004: DockerSuite.TestRunInspectMacAddress	0.363s
PASS: docker_cli_run_test.go:1791: DockerSuite.TestRunInteractiveWithRestartPolicy	11.083s
PASS: docker_cli_run_unix_test.go:767: DockerSuite.TestRunInvalidCPUShares	0.658s
PASS: docker_cli_run_test.go:3272: DockerSuite.TestRunInvalidCgroupParent	1.067s
PASS: docker_cli_run_unix_test.go:729: DockerSuite.TestRunInvalidCpusetCpusFlagValue	0.016s
PASS: docker_cli_run_unix_test.go:748: DockerSuite.TestRunInvalidCpusetMemsFlagValue	0.017s
PASS: docker_cli_run_test.go:3714: DockerSuite.TestRunInvalidReference	0.012s
PASS: docker_cli_run_test.go:60: DockerSuite.TestRunLeakyFileDescriptors	0.518s
PASS: docker_cli_run_test.go:3381: DockerSuite.TestRunLinkToContainerNetMode	1.483s
PASS: docker_cli_run_test.go:193: DockerSuite.TestRunLinksContainerWithContainerID	0.903s
PASS: docker_cli_run_test.go:178: DockerSuite.TestRunLinksContainerWithContainerName	0.907s
PASS: docker_cli_run_test.go:72: DockerSuite.TestRunLookupGoogleDNS	0.927s
PASS: docker_cli_run_test.go:3391: DockerSuite.TestRunLoopbackOnlyExistsWhenNetworkingDisabled	0.431s
PASS: docker_cli_run_test.go:3417: DockerSuite.TestRunLoopbackWhenNetworkDisabled	0.414s
PASS: docker_cli_run_test.go:1199: DockerSuite.TestRunModeHostname	0.857s
PASS: docker_cli_run_test.go:2317: DockerSuite.TestRunModeIpcContainerNotExists	0.018s
PASS: docker_cli_run_test.go:2326: DockerSuite.TestRunModeIpcContainerNotRunning	0.180s
PASS: docker_cli_run_test.go:2295: DockerSuite.TestRunModeIpcHost	1.032s
PASS: docker_cli_run_test.go:3425: DockerSuite.TestRunModeNetContainerHostname	0.810s
PASS: docker_cli_run_test.go:2339: DockerSuite.TestRunModePIDContainer	0.892s
PASS: docker_cli_run_test.go:2364: DockerSuite.TestRunModePIDContainerNotExists	0.037s
PASS: docker_cli_run_test.go:2373: DockerSuite.TestRunModePIDContainerNotRunning	0.179s
PASS: docker_cli_run_test.go:2431: DockerSuite.TestRunModePIDHost	1.047s
PASS: docker_cli_run_test.go:2453: DockerSuite.TestRunModeUTSHost	1.053s
PASS: docker_cli_run_test.go:4321: DockerSuite.TestRunMount	5.243s
PASS: docker_cli_run_test.go:2082: DockerSuite.TestRunMountOrdering	0.529s
PASS: docker_cli_run_test.go:4309: DockerSuite.TestRunMountReadOnlyDevShm	0.527s
PASS: docker_cli_run_test.go:2386: DockerSuite.TestRunMountShmMqueueFromHost	0.896s
PASS: docker_cli_run_test.go:582: DockerSuite.TestRunMultipleVolumesFrom	1.593s
PASS: docker_cli_exec_test.go:395: DockerSuite.TestRunMutableNetworkFiles	2.243s
PASS: docker_cli_run_test.go:3214: DockerSuite.TestRunNamedVolume	1.556s
PASS: docker_cli_run_test.go:3858: DockerSuite.TestRunNamedVolumeCopyImageData	1.758s
PASS: docker_cli_run_test.go:3872: DockerSuite.TestRunNamedVolumeNotRemoved	1.195s
PASS: docker_cli_run_test.go:3889: DockerSuite.TestRunNamedVolumesFromNotRemoved	1.063s
PASS: docker_cli_run_test.go:3851: DockerSuite.TestRunNamedVolumesMountedAsShared	0.060s
PASS: docker_cli_run_test.go:2606: DockerSuite.TestRunNetContainerWhichHost	0.572s
PASS: docker_cli_run_test.go:2575: DockerSuite.TestRunNetHost	0.842s
PASS: docker_cli_run_test.go:931: DockerSuite.TestRunNetHostNotAllowedWithLinks	0.545s
PASS: docker_cli_run_test.go:2597: DockerSuite.TestRunNetHostTwiceSameName	0.690s
PASS: docker_cli_run_test.go:3069: DockerSuite.TestRunNetworkFilesBindMount	1.704s
PASS: docker_cli_run_test.go:3093: DockerSuite.TestRunNetworkFilesBindMountRO	1.562s
PASS: docker_cli_run_test.go:3115: DockerSuite.TestRunNetworkFilesBindMountROFilesystem	3.175s
PASS: docker_cli_run_test.go:3438: DockerSuite.TestRunNetworkNotInitializedNoneMode	0.326s
PASS: docker_cli_run_test.go:521: DockerSuite.TestRunNoDupVolumes	0.151s
PASS: docker_cli_run_unix_test.go:1144: DockerSuite.TestRunNoNewPrivSetuid	1.694s
PASS: docker_cli_run_test.go:2194: DockerSuite.TestRunNoOutputFromPullInStdout	0.994s
PASS: docker_cli_run_test.go:3663: DockerSuite.TestRunNonExecutableCmd	0.486s
PASS: docker_cli_run_test.go:3672: DockerSuite.TestRunNonExistingCmd	0.503s
PASS: docker_cli_run_test.go:3697: DockerSuite.TestRunNonExistingImage	1.025s
PASS: docker_cli_run_test.go:2558: DockerSuite.TestRunNonLocalMacAddress	0.492s
PASS: docker_cli_run_test.go:1404: DockerSuite.TestRunNonRootUserResolvName	0.917s
SKIP: docker_cli_run_unix_test.go:617: DockerSuite.TestRunOOMExitCode (unmatched requirement swapMemorySupport)
PASS: docker_cli_run_test.go:2806: DockerSuite.TestRunPIDHostWithChildIsKillable	0.568s
PASS: docker_cli_run_unix_test.go:1406: DockerSuite.TestRunPIDsLimit	0.527s
PASS: docker_cli_run_test.go:2494: DockerSuite.TestRunPortFromDockerRangeInUse	0.763s
PASS: docker_cli_run_test.go:2042: DockerSuite.TestRunPortInUse	0.492s
PASS: docker_cli_run_unix_test.go:1417: DockerSuite.TestRunPrivilegedAllowedDevices	0.453s
PASS: docker_cli_run_test.go:957: DockerSuite.TestRunPrivilegedCanMknod	0.470s
PASS: docker_cli_run_test.go:1086: DockerSuite.TestRunPrivilegedCanMount	0.460s
PASS: docker_cli_run_test.go:1125: DockerSuite.TestRunProcNotWritableInNonPrivilegedContainers	0.541s
PASS: docker_cli_run_test.go:1133: DockerSuite.TestRunProcWritableInPrivilegedContainers	0.517s
SKIP: docker_cli_run_test.go:4224: DockerSuite.TestRunProcessIsolationWithCPUCountCPUSharesAndCPUPercent (unmatched requirement DaemonIsWindows)
PASS: docker_cli_run_test.go:2983: DockerSuite.TestRunPublishPort	0.347s
PASS: docker_cli_run_test.go:2886: DockerSuite.TestRunReadFilteredProc	0.472s
SKIP: docker_cli_run_test.go:2865: DockerSuite.TestRunReadProcLatency (kernel doesn't have latency_stats configured)
PASS: docker_cli_run_test.go:2850: DockerSuite.TestRunReadProcTimer	0.554s
PASS: docker_cli_run_unix_test.go:34: DockerSuite.TestRunRedirectStdout	1.039s
SKIP: docker_cli_run_test.go:1426: DockerSuite.TestRunResolvconfUpdate (Unstable test, to be re-activated once #19937 is resolved)
PASS: docker_cli_run_test.go:2656: DockerSuite.TestRunRestartMaxRetries	2.409s
PASS: docker_cli_run_test.go:2127: DockerSuite.TestRunReuseBindVolumeThatIsSymlink	1.058s
PASS: docker_cli_run_test.go:4057: DockerSuite.TestRunRm	0.567s
PASS: docker_cli_run_test.go:4047: DockerSuite.TestRunRmAndWait	3.528s
PASS: docker_cli_run_test.go:4068: DockerSuite.TestRunRmPre125Api	0.574s
PASS: docker_cli_run_test.go:1220: DockerSuite.TestRunRootWorkdir	0.511s
PASS: docker_cli_run_unix_test.go:1050: DockerSuite.TestRunSeccompAllowPrivCloneUserns	3.910s
PASS: docker_cli_run_unix_test.go:1070: DockerSuite.TestRunSeccompAllowSetrlimit	1.538s
PASS: docker_cli_run_unix_test.go:1077: DockerSuite.TestRunSeccompDefaultProfileAcct	18.979s
PASS: docker_cli_run_unix_test.go:1107: DockerSuite.TestRunSeccompDefaultProfileNS	22.120s
PASS: docker_cli_run_unix_test.go:1062: DockerSuite.TestRunSeccompProfileAllow32Bit	1.605s
PASS: docker_cli_run_unix_test.go:952: DockerSuite.TestRunSeccompProfileDenyChmod	0.484s
PASS: docker_cli_run_unix_test.go:1025: DockerSuite.TestRunSeccompProfileDenyCloneUserns	1.579s
PASS: docker_cli_run_unix_test.go:923: DockerSuite.TestRunSeccompProfileDenyUnshare	1.510s
PASS: docker_cli_run_unix_test.go:987: DockerSuite.TestRunSeccompProfileDenyUnshareUserns	1.504s
PASS: docker_cli_run_unix_test.go:1037: DockerSuite.TestRunSeccompUnconfinedCloneUserns	1.739s
PASS: docker_cli_run_unix_test.go:1348: DockerSuite.TestRunSeccompWithDefaultProfile	1.545s
PASS: docker_cli_run_test.go:2648: DockerSuite.TestRunSetDefaultRestartPolicy	0.364s
PASS: docker_cli_run_test.go:1988: DockerSuite.TestRunSetMacAddress	0.550s
PASS: docker_cli_run_test.go:2238: DockerSuite.TestRunSlowStdoutConsumer	2.446s
PASS: docker_cli_run_test.go:1625: DockerSuite.TestRunState	0.978s
PASS: docker_cli_run_test.go:3617: DockerSuite.TestRunStdinBlockedAfterContainerExit	0.510s
PASS: docker_cli_run_test.go:97: DockerSuite.TestRunStdinPipe	0.571s
PASS: docker_cli_run_test.go:4132: DockerSuite.TestRunStoppedLoggingDriverNoLeak	0.369s
SKIP: docker_cli_run_unix_test.go:719: DockerSuite.TestRunSwapLessThanMemoryLimit (unmatched requirement swapMemorySupport)
PASS: docker_cli_run_test.go:1109: DockerSuite.TestRunSysNotWritableInNonPrivilegedContainers	0.508s
PASS: docker_cli_run_test.go:1117: DockerSuite.TestRunSysWritableInPrivilegedContainers	0.482s
PASS: docker_cli_run_unix_test.go:892: DockerSuite.TestRunSysctls	1.119s
PASS: docker_cli_run_test.go:2478: DockerSuite.TestRunTLSVerify	0.038s
PASS: docker_cli_run_test.go:2526: DockerSuite.TestRunTTYWithPipe	0.013s
PASS: docker_cli_run_test.go:1157: DockerSuite.TestRunThatCharacterDevicesActLikeCharacterDevices	0.502s
PASS: docker_cli_run_unix_test.go:819: DockerSuite.TestRunTmpfsMounts	1.798s
PASS: docker_cli_run_unix_test.go:811: DockerSuite.TestRunTmpfsMountsEnsureOrdered	0.503s
PASS: docker_cli_run_unix_test.go:840: DockerSuite.TestRunTmpfsMountsOverrideImageVolumes	2.344s
PASS: docker_cli_run_unix_test.go:852: DockerSuite.TestRunTmpfsMountsWithOptions	3.620s
PASS: docker_cli_run_test.go:795: DockerSuite.TestRunTwoConcurrentContainers	2.666s
PASS: docker_cli_run_test.go:967: DockerSuite.TestRunUnprivilegedCanMknod	0.594s
PASS: docker_cli_run_test.go:1096: DockerSuite.TestRunUnprivilegedCannotMount	0.525s
PASS: docker_cli_run_test.go:1166: DockerSuite.TestRunUnprivilegedWithChroot	0.524s
PASS: docker_cli_run_test.go:4080: DockerSuite.TestRunUnsetEntrypoint	4.482s
PASS: docker_cli_run_test.go:2925: DockerSuite.TestRunUnshareProc	6.048s
PASS: docker_cli_run_test.go:736: DockerSuite.TestRunUserByID	0.513s
PASS: docker_cli_run_test.go:746: DockerSuite.TestRunUserByIDBig	0.133s
PASS: docker_cli_run_test.go:759: DockerSuite.TestRunUserByIDNegative	0.121s
PASS: docker_cli_run_test.go:772: DockerSuite.TestRunUserByIDZero	0.553s
PASS: docker_cli_run_test.go:726: DockerSuite.TestRunUserByName	0.628s
PASS: docker_cli_run_test.go:715: DockerSuite.TestRunUserDefaults	0.520s
SKIP: docker_cli_run_unix_test.go:1426: DockerSuite.TestRunUserDeviceAllowed (Host does not have /dev/snd/timer)
PASS: docker_cli_run_test.go:785: DockerSuite.TestRunUserNotFound	0.139s
PASS: docker_cli_run_test.go:593: DockerSuite.TestRunVerifyContainerID	0.341s
PASS: docker_cli_run_test.go:3969: DockerSuite.TestRunVolumeCopyFlag	4.361s
PASS: docker_cli_run_test.go:3962: DockerSuite.TestRunVolumeWithOneCharacter	0.514s
PASS: docker_cli_run_test.go:2207: DockerSuite.TestRunVolumesCleanPaths	1.591s
PASS: docker_cli_run_test.go:473: DockerSuite.TestRunVolumesFromInReadWriteMode	1.650s
PASS: docker_cli_run_test.go:452: DockerSuite.TestRunVolumesFromInReadonlyModeFails	1.045s
PASS: docker_cli_run_test.go:2766: DockerSuite.TestRunVolumesFromRestartAfterRemoved	1.474s
PASS: docker_cli_run_test.go:658: DockerSuite.TestRunVolumesFromSymlinkPath	3.027s
PASS: docker_cli_run_test.go:446: DockerSuite.TestRunVolumesMountedAsReadonly	0.531s
PASS: docker_cli_run_test.go:3771: DockerSuite.TestRunVolumesMountedAsShared	0.505s
PASS: docker_cli_run_test.go:3802: DockerSuite.TestRunVolumesMountedAsSlave	0.467s
SKIP: docker_cli_run_test.go:4194: DockerSuite.TestRunWindowsWithCPUCount (unmatched requirement DaemonIsWindows)
SKIP: docker_cli_run_test.go:4214: DockerSuite.TestRunWindowsWithCPUPercent (unmatched requirement DaemonIsWindows)
SKIP: docker_cli_run_test.go:4204: DockerSuite.TestRunWindowsWithCPUShares (unmatched requirement DaemonIsWindows)
PASS: docker_cli_run_test.go:1856: DockerSuite.TestRunWithBadDevice	0.153s
PASS: docker_cli_run_unix_test.go:568: DockerSuite.TestRunWithBlkioWeight	0.566s
PASS: docker_cli_run_unix_test.go:458: DockerSuite.TestRunWithCPUQuota	0.655s
PASS: docker_cli_run_unix_test.go:526: DockerSuite.TestRunWithCPUShares	0.535s
PASS: docker_cli_run_unix_test.go:469: DockerSuite.TestRunWithCpuPeriod	1.039s
PASS: docker_cli_run_unix_test.go:546: DockerSuite.TestRunWithCpusetCpus	0.626s
PASS: docker_cli_run_unix_test.go:557: DockerSuite.TestRunWithCpusetMems	0.545s
PASS: docker_cli_run_test.go:341: DockerSuite.TestRunWithDaemonFlags	0.017s
PASS: docker_cli_run_unix_test.go:785: DockerSuite.TestRunWithDefaultShmSize	0.536s
PASS: docker_cli_run_unix_test.go:579: DockerSuite.TestRunWithInvalidBlkioWeight	0.019s
PASS: docker_cli_run_unix_test.go:483: DockerSuite.TestRunWithInvalidCpuPeriod	0.055s
PASS: docker_cli_run_unix_test.go:512: DockerSuite.TestRunWithInvalidKernelMemory	0.027s
PASS: docker_cli_run_test.go:2018: DockerSuite.TestRunWithInvalidMacAddress	0.012s
PASS: docker_cli_run_unix_test.go:593: DockerSuite.TestRunWithInvalidPathforBlkioDeviceReadBps	0.122s
PASS: docker_cli_run_unix_test.go:605: DockerSuite.TestRunWithInvalidPathforBlkioDeviceReadIOps	0.134s
PASS: docker_cli_run_unix_test.go:599: DockerSuite.TestRunWithInvalidPathforBlkioDeviceWriteBps	0.129s
PASS: docker_cli_run_unix_test.go:611: DockerSuite.TestRunWithInvalidPathforBlkioDeviceWriteIOps	0.194s
PASS: docker_cli_run_unix_test.go:587: DockerSuite.TestRunWithInvalidPathforBlkioWeightDevice	0.118s
PASS: docker_cli_run_unix_test.go:499: DockerSuite.TestRunWithKernelMemory	0.534s
PASS: docker_cli_run_unix_test.go:637: DockerSuite.TestRunWithMemoryLimit	0.553s
PASS: docker_cli_run_unix_test.go:682: DockerSuite.TestRunWithMemoryReservation	0.556s
PASS: docker_cli_run_unix_test.go:693: DockerSuite.TestRunWithMemoryReservationInvalid	0.037s
PASS: docker_cli_run_unix_test.go:1563: DockerSuite.TestRunWithNanoCPUs	0.591s
PASS: docker_cli_run_test.go:282: DockerSuite.TestRunWithNetAliasOnDefaultNetworks	0.206s
PASS: docker_cli_run_test.go:3743: DockerSuite.TestRunWithOomScoreAdj	0.513s
PASS: docker_cli_run_test.go:3754: DockerSuite.TestRunWithOomScoreAdjInvalidRange	0.035s
PASS: docker_cli_run_unix_test.go:798: DockerSuite.TestRunWithShmSize	0.536s
PASS: docker_cli_run_unix_test.go:660: DockerSuite.TestRunWithSwappiness	0.587s
PASS: docker_cli_run_unix_test.go:670: DockerSuite.TestRunWithSwappinessInvalid	0.024s
PASS: docker_cli_run_test.go:2829: DockerSuite.TestRunWithTooSmallMemoryLimit	0.015s
PASS: docker_cli_run_test.go:3226: DockerSuite.TestRunWithUlimits	0.520s
PASS: docker_cli_run_test.go:348: DockerSuite.TestRunWithVolumesFromExited	1.080s
PASS: docker_cli_run_unix_test.go:62: DockerSuite.TestRunWithVolumesIsRecursive	0.531s
SKIP: docker_cli_run_unix_test.go:653: DockerSuite.TestRunWithoutMemoryswapLimit (unmatched requirement swapMemorySupport)
PASS: docker_cli_run_test.go:159: DockerSuite.TestRunWithoutNetworking	0.449s
PASS: docker_cli_run_test.go:1720: DockerSuite.TestRunWorkdirExistsAndIsFile	0.074s
PASS: docker_cli_run_test.go:136: DockerSuite.TestRunWorkingDirectory	1.053s
PASS: docker_cli_run_test.go:3042: DockerSuite.TestRunWriteFilteredProc	0.447s
PASS: docker_cli_run_test.go:1808: DockerSuite.TestRunWriteSpecialFilesAndNotCommit	1.681s
PASS: docker_cli_run_test.go:2841: DockerSuite.TestRunWriteToProcAsound	0.507s
PASS: docker_cli_run_test.go:3640: DockerSuite.TestRunWrongCpusetCpusFlagValue	0.022s
PASS: docker_cli_run_test.go:3651: DockerSuite.TestRunWrongCpusetMemsFlagValue	0.015s
PASS: docker_cli_save_load_test.go:157: DockerSuite.TestSaveAndLoadRepoFlags	1.104s
PASS: docker_cli_save_load_unix_test.go:22: DockerSuite.TestSaveAndLoadRepoStdout	1.007s
PASS: docker_cli_save_load_unix_test.go:73: DockerSuite.TestSaveAndLoadWithProgressBar	1.059s
PASS: docker_cli_save_load_test.go:99: DockerSuite.TestSaveCheckTimes	0.051s
PASS: docker_cli_save_load_test.go:258: DockerSuite.TestSaveDirectoryPermissions	1.719s
PASS: docker_cli_save_load_test.go:118: DockerSuite.TestSaveImageId	0.076s
PASS: docker_cli_save_load_test.go:379: DockerSuite.TestSaveLoadNoTag	1.095s
PASS: docker_cli_save_load_test.go:340: DockerSuite.TestSaveLoadParents	2.108s
PASS: docker_cli_save_load_test.go:188: DockerSuite.TestSaveMultipleNames	0.050s
PASS: docker_cli_save_load_test.go:206: DockerSuite.TestSaveRepoWithMultipleImages	1.611s
PASS: docker_cli_save_load_test.go:84: DockerSuite.TestSaveSingleTag	0.082s
PASS: docker_cli_save_load_test.go:178: DockerSuite.TestSaveWithNoExistImage	0.013s
PASS: docker_cli_save_load_test.go:26: DockerSuite.TestSaveXzAndLoadRepoStdout	1.420s
PASS: docker_cli_save_load_test.go:55: DockerSuite.TestSaveXzGzAndLoadRepoStdout	1.981s
PASS: docker_cli_search_test.go:47: DockerSuite.TestSearchCmdOptions	4.285s
PASS: docker_cli_search_test.go:12: DockerSuite.TestSearchOnCentralRegistry	0.696s
PASS: docker_cli_search_test.go:96: DockerSuite.TestSearchOnCentralRegistryWithDash	0.737s
PASS: docker_cli_search_test.go:19: DockerSuite.TestSearchStarsOptionWithWrongParameter	0.100s
PASS: docker_cli_search_test.go:103: DockerSuite.TestSearchWithLimit	1.730s
PASS: docker_cli_run_test.go:4278: DockerSuite.TestSlowStdinClosing	2.094s
PASS: docker_cli_start_test.go:44: DockerSuite.TestStartAttachCorrectExitCode	5.047s
PASS: docker_cli_start_test.go:145: DockerSuite.TestStartAttachMultipleContainers	1.816s
PASS: docker_cli_start_test.go:15: DockerSuite.TestStartAttachReturnsOnError	0.706s
PASS: docker_cli_start_test.go:57: DockerSuite.TestStartAttachSilent	1.070s
PASS: docker_cli_start_test.go:174: DockerSuite.TestStartAttachWithRename	2.614s
PASS: docker_cli_start_test.go:109: DockerSuite.TestStartMultipleContainers	1.545s
PASS: docker_cli_start_test.go:94: DockerSuite.TestStartPausedContainer	0.521s
PASS: docker_cli_start_test.go:69: DockerSuite.TestStartRecordError	1.073s
PASS: docker_cli_start_test.go:189: DockerSuite.TestStartReturnCorrectExitCode	1.275s
PASS: docker_cli_stats_test.go:122: DockerSuite.TestStatsAllNewContainersAdded	1.368s
PASS: docker_cli_stats_test.go:93: DockerSuite.TestStatsAllNoStream	2.561s
PASS: docker_cli_stats_test.go:57: DockerSuite.TestStatsAllRunningNoStream	3.793s
PASS: docker_cli_stats_test.go:44: DockerSuite.TestStatsContainerNotFound	3.027s
PASS: docker_cli_stats_test.go:163: DockerSuite.TestStatsFormatAll	4.540s
PASS: docker_cli_stats_test.go:15: DockerSuite.TestStatsNoStream	2.770s
PASS: docker_cli_run_unix_test.go:707: DockerSuite.TestStopContainerSignal	1.524s
PASS: docker_cli_top_test.go:11: DockerSuite.TestTopMultipleArgs	0.380s
PASS: docker_cli_top_test.go:26: DockerSuite.TestTopNonPrivileged	0.622s
PASS: docker_cli_top_test.go:61: DockerSuite.TestTopPrivileged	0.577s
SKIP: docker_cli_top_test.go:50: DockerSuite.TestTopWindowsCoreProcesses (unmatched requirement DaemonIsWindows)
PASS: docker_cli_run_test.go:3450: DockerSuite.TestTwoContainersInNetHost	0.769s
PASS: docker_cli_port_test.go:212: DockerSuite.TestUnpublishedPortsInPsOutput	2.389s
PASS: docker_cli_health_test.go:147: DockerSuite.TestUnsetEnvVarHealthCheck	4.685s
PASS: docker_cli_update_unix_test.go:103: DockerSuite.TestUpdateContainerInvalidValue	0.401s
PASS: docker_cli_update_unix_test.go:115: DockerSuite.TestUpdateContainerWithoutFlags	0.384s
SKIP: docker_cli_update_unix_test.go:202: DockerSuite.TestUpdateInvalidSwapMemory (unmatched requirement swapMemorySupport)
PASS: docker_cli_update_unix_test.go:125: DockerSuite.TestUpdateKernelMemory	0.506s
PASS: docker_cli_update_unix_test.go:139: DockerSuite.TestUpdateKernelMemoryUninitialized	1.169s
SKIP: docker_cli_update_unix_test.go:258: DockerSuite.TestUpdateMemoryWithSwapMemory (unmatched requirement swapMemorySupport)
PASS: docker_cli_update_unix_test.go:272: DockerSuite.TestUpdateNotAffectMonitorRestartPolicy	0.955s
PASS: docker_cli_update_unix_test.go:68: DockerSuite.TestUpdatePausedContainer	0.550s
PASS: docker_cli_update_unix_test.go:22: DockerSuite.TestUpdateRunningContainer	0.503s
PASS: docker_cli_update_unix_test.go:37: DockerSuite.TestUpdateRunningContainerWithRestart	1.093s
PASS: docker_cli_update_unix_test.go:227: DockerSuite.TestUpdateStats	4.144s
PASS: docker_cli_update_unix_test.go:53: DockerSuite.TestUpdateStoppedContainer	1.072s
SKIP: docker_cli_update_unix_test.go:186: DockerSuite.TestUpdateSwapMemoryOnly (unmatched requirement swapMemorySupport)
PASS: docker_cli_update_unix_test.go:300: DockerSuite.TestUpdateWithNanoCPUs	0.673s
PASS: docker_cli_update_unix_test.go:85: DockerSuite.TestUpdateWithUntouchedFields	0.537s
PASS: docker_cli_run_test.go:293: DockerSuite.TestUserDefinedNetworkAlias	2.443s
PASS: docker_cli_network_unix_test.go:1536: DockerSuite.TestUserDefinedNetworkConnectDisconnectAlias	2.116s
PASS: docker_cli_network_unix_test.go:1462: DockerSuite.TestUserDefinedNetworkConnectDisconnectLink	1.666s
PASS: docker_cli_network_unix_test.go:1591: DockerSuite.TestUserDefinedNetworkConnectivity	1.276s
PASS: docker_cli_run_test.go:208: DockerSuite.TestUserDefinedNetworkLinks	2.095s
PASS: docker_cli_run_test.go:244: DockerSuite.TestUserDefinedNetworkLinksWithRestart	2.859s
PASS: docker_cli_run_unix_test.go:1168: DockerSuite.TestUserNoEffectiveCapabilitiesChown	1.566s
PASS: docker_cli_run_unix_test.go:1289: DockerSuite.TestUserNoEffectiveCapabilitiesChroot	1.639s
PASS: docker_cli_run_unix_test.go:1186: DockerSuite.TestUserNoEffectiveCapabilitiesDacOverride	1.060s
PASS: docker_cli_run_unix_test.go:1199: DockerSuite.TestUserNoEffectiveCapabilitiesFowner	1.066s
PASS: docker_cli_run_unix_test.go:1307: DockerSuite.TestUserNoEffectiveCapabilitiesMknod	1.628s
PASS: docker_cli_run_unix_test.go:1253: DockerSuite.TestUserNoEffectiveCapabilitiesNetBindService	8.189s
PASS: docker_cli_run_unix_test.go:1271: DockerSuite.TestUserNoEffectiveCapabilitiesNetRaw	7.271s
PASS: docker_cli_run_unix_test.go:1233: DockerSuite.TestUserNoEffectiveCapabilitiesSetgid	7.494s
PASS: docker_cli_run_unix_test.go:1215: DockerSuite.TestUserNoEffectiveCapabilitiesSetuid	7.309s
PASS: docker_cli_volume_test.go:22: DockerSuite.TestVolumeCLICreate	15.058s
PASS: docker_cli_volume_test.go:298: DockerSuite.TestVolumeCLICreateLabel	0.027s
PASS: docker_cli_volume_test.go:310: DockerSuite.TestVolumeCLICreateLabelMultiple	0.038s
PASS: docker_cli_volume_test.go:274: DockerSuite.TestVolumeCLICreateWithOpts	0.546s
PASS: docker_cli_volume_test.go:38: DockerSuite.TestVolumeCLIInspect	0.072s
PASS: docker_cli_volume_test.go:55: DockerSuite.TestVolumeCLIInspectMulti	0.056s
PASS: docker_cli_volume_test.go:264: DockerSuite.TestVolumeCLIInspectTmplError	0.026s
PASS: docker_cli_volume_test.go:72: DockerSuite.TestVolumeCLILs	0.579s
PASS: docker_cli_volume_test.go:193: DockerSuite.TestVolumeCLILsErrorWithInvalidFilterName	0.014s
PASS: docker_cli_volume_test.go:143: DockerSuite.TestVolumeCLILsFilterDangling	0.705s
PASS: docker_cli_volume_test.go:367: DockerSuite.TestVolumeCLILsFilterDrivers	0.077s
PASS: docker_cli_volume_test.go:337: DockerSuite.TestVolumeCLILsFilterLabels	0.083s
PASS: docker_cli_volume_test.go:199: DockerSuite.TestVolumeCLILsWithIncorrectFilterValue	0.014s
PASS: docker_cli_volume_test.go:241: DockerSuite.TestVolumeCLINoArgs	0.035s
PASS: docker_cli_volume_test.go:205: DockerSuite.TestVolumeCLIRm	1.771s
PASS: docker_cli_volume_test.go:406: DockerSuite.TestVolumeCLIRmForce	0.080s
PASS: docker_cli_volume_test.go:430: DockerSuite.TestVolumeCLIRmForceInUse	0.169s
PASS: docker_cli_volume_test.go:398: DockerSuite.TestVolumeCLIRmForceUsage	0.042s
PASS: docker_cli_volume_test.go:468: DockerSuite.TestVolumeCliInspectWithVolumeOpts	0.052s
PASS: docker_cli_events_unix_test.go:168: DockerSuite.TestVolumeEvents	0.586s
PASS: docker_cli_run_test.go:3019: DockerSuite.TestVolumeFromMixedRWOptions	1.583s
PASS: docker_cli_volume_test.go:85: DockerSuite.TestVolumeLsFormat	0.065s
PASS: docker_cli_volume_test.go:94: DockerSuite.TestVolumeLsFormatDefaultFormat	0.054s
PASS: docker_cli_run_test.go:496: DockerSuite.TestVolumesFromGetsProperMode	2.093s
PASS: docker_cli_run_test.go:2174: DockerSuite.TestVolumesNoCopyData	3.453s
SKIP: docker_cli_run_test.go:4537: DockerSuite.TestWindowsRunAsSystem (unmatched requirement DaemonIsWindowsAtLeastBuild.func1)
PASS: docker_cli_by_digest_test.go:184: DockerRegistrySuite.TestBuildByDigest	2.144s
PASS: docker_api_build_test.go:327: DockerRegistrySuite.TestBuildCopyFromForcePull	1.847s
PASS: docker_cli_build_test.go:5791: DockerRegistrySuite.TestBuildMultiStageImplicitPull	2.395s
PASS: docker_cli_pull_local_test.go:197: DockerRegistrySuite.TestConcurrentPullMultipleTags	7.119s
PASS: docker_cli_push_test.go:199: DockerRegistrySuite.TestConcurrentPush	8.138s
PASS: docker_cli_by_digest_test.go:130: DockerRegistrySuite.TestCreateByDigest	1.227s
PASS: docker_cli_push_test.go:207: DockerRegistrySuite.TestCrossRepositoryLayerPush	0.868s
PASS: docker_cli_by_digest_test.go:447: DockerRegistrySuite.TestDeleteImageByIDOnlyPulledByDigest	1.849s
PASS: docker_cli_by_digest_test.go:493: DockerRegistrySuite.TestDeleteImageWithDigestAndMultiRepoTag	1.972s
PASS: docker_cli_by_digest_test.go:466: DockerRegistrySuite.TestDeleteImageWithDigestAndTag	1.845s
PASS: docker_cli_events_test.go:545: DockerRegistrySuite.TestEventsImageFilterPush	1.825s
PASS: docker_cli_by_digest_test.go:391: DockerRegistrySuite.TestInspectImageWithDigests	1.814s
PASS: docker_cli_by_digest_test.go:318: DockerRegistrySuite.TestListDanglingImagesWithDigests	2.936s
PASS: docker_cli_by_digest_test.go:241: DockerRegistrySuite.TestListImagesWithDigests	2.828s
PASS: docker_cli_by_digest_test.go:228: DockerRegistrySuite.TestListImagesWithoutDigests	1.847s
PASS: docker_cli_by_digest_test.go:410: DockerRegistrySuite.TestPsListContainersFilterAncestorImageByDigest	3.637s
PASS: docker_cli_by_digest_test.go:105: DockerRegistrySuite.TestPullByDigest	1.070s
PASS: docker_cli_by_digest_test.go:122: DockerRegistrySuite.TestPullByDigestNoFallback	0.020s
PASS: docker_cli_by_digest_test.go:79: DockerRegistrySuite.TestPullByTagDisplaysDigest	1.725s
PASS: docker_cli_by_digest_test.go:612: DockerRegistrySuite.TestPullFailsWithAlteredLayer	1.784s
PASS: docker_cli_by_digest_test.go:530: DockerRegistrySuite.TestPullFailsWithAlteredManifest	0.914s
PASS: docker_cli_pull_local_test.go:258: DockerRegistrySuite.TestPullIDStability	5.124s
PASS: docker_cli_pull_local_test.go:54: DockerRegistrySuite.TestPullImageWithAliases	0.308s
PASS: docker_cli_pull_local_test.go:286: DockerRegistrySuite.TestPullManifestList	1.306s
PASS: docker_cli_pull_local_test.go:278: DockerRegistrySuite.TestPullNoLayers	0.587s
PASS: docker_cli_push_test.go:69: DockerRegistrySuite.TestPushBadTag	0.013s
PASS: docker_cli_push_test.go:29: DockerRegistrySuite.TestPushBusyboxImage	0.183s
PASS: docker_cli_push_test.go:145: DockerRegistrySuite.TestPushEmptyLayer	0.170s
PASS: docker_cli_push_test.go:114: DockerRegistrySuite.TestPushMultipleTags	0.237s
PASS: docker_cli_push_test.go:52: DockerRegistrySuite.TestPushUntagged	0.013s
PASS: docker_cli_by_digest_test.go:161: DockerRegistrySuite.TestRemoveImageByDigest	1.092s
PASS: docker_cli_by_digest_test.go:143: DockerRegistrySuite.TestRunByDigest	2.303s
PASS: docker_cli_pull_local_test.go:451: DockerRegistrySuite.TestRunImplicitPullWithNoTag	0.945s
PASS: docker_cli_by_digest_test.go:209: DockerRegistrySuite.TestTagByDigest	1.244s
PASS: docker_cli_registry_user_agent_test.go:73: DockerRegistrySuite.TestUserAgentPassThrough	0.860s
PASS: docker_cli_v2_only_test.go:27: DockerRegistrySuite.TestV2Only	0.689s
PASS: docker_cli_pull_local_test.go:201: DockerSchema1RegistrySuite.TestConcurrentPullMultipleTags	7.413s
PASS: docker_cli_push_test.go:203: DockerSchema1RegistrySuite.TestConcurrentPush	8.222s
PASS: docker_cli_push_test.go:248: DockerSchema1RegistrySuite.TestCrossRepositoryLayerPushNotSupported	1.015s
PASS: docker_cli_by_digest_test.go:109: DockerSchema1RegistrySuite.TestPullByDigest	1.900s
PASS: docker_cli_by_digest_test.go:126: DockerSchema1RegistrySuite.TestPullByDigestNoFallback	0.018s
PASS: docker_cli_by_digest_test.go:83: DockerSchema1RegistrySuite.TestPullByTagDisplaysDigest	1.746s
PASS: docker_cli_by_digest_test.go:655: DockerSchema1RegistrySuite.TestPullFailsWithAlteredLayer	1.788s
PASS: docker_cli_by_digest_test.go:570: DockerSchema1RegistrySuite.TestPullFailsWithAlteredManifest	0.926s
PASS: docker_cli_pull_local_test.go:262: DockerSchema1RegistrySuite.TestPullIDStability	5.117s
PASS: docker_cli_pull_local_test.go:58: DockerSchema1RegistrySuite.TestPullImageWithAliases	0.351s
PASS: docker_cli_pull_local_test.go:282: DockerSchema1RegistrySuite.TestPullNoLayers	0.950s
PASS: docker_cli_push_test.go:73: DockerSchema1RegistrySuite.TestPushBadTag	0.014s
PASS: docker_cli_push_test.go:33: DockerSchema1RegistrySuite.TestPushBusyboxImage	0.204s
PASS: docker_cli_push_test.go:149: DockerSchema1RegistrySuite.TestPushEmptyLayer	0.158s
PASS: docker_cli_push_test.go:118: DockerSchema1RegistrySuite.TestPushMultipleTags	0.287s
PASS: docker_cli_push_test.go:56: DockerSchema1RegistrySuite.TestPushUntagged	0.013s
PASS: docker_cli_build_test.go:5001: DockerRegistryAuthHtpasswdSuite.TestBuildFromAuthenticatedRegistry	1.509s
PASS: docker_cli_build_test.go:5019: DockerRegistryAuthHtpasswdSuite.TestBuildWithExternalAuth	0.416s
PASS: docker_cli_login_test.go:22: DockerRegistryAuthHtpasswdSuite.TestLoginToPrivateRegistry	0.056s
PASS: docker_cli_logout_test.go:15: DockerRegistryAuthHtpasswdSuite.TestLogoutWithExternalAuth	1.014s
PASS: docker_cli_logout_test.go:67: DockerRegistryAuthHtpasswdSuite.TestLogoutWithWrongHostnamesStored	0.116s
PASS: docker_cli_pull_local_test.go:415: DockerRegistryAuthHtpasswdSuite.TestPullWithExternalAuth	0.297s
PASS: docker_cli_pull_local_test.go:370: DockerRegistryAuthHtpasswdSuite.TestPullWithExternalAuthLoginWithScheme	0.463s
PASS: docker_cli_push_test.go:281: DockerRegistryAuthHtpasswdSuite.TestPushNoCredentialsNoRetry	0.050s
PASS: docker_cli_push_test.go:343: DockerRegistryAuthTokenSuite.TestPushMisconfiguredTokenServiceResponseError	5.145s
PASS: docker_cli_push_test.go:371: DockerRegistryAuthTokenSuite.TestPushMisconfiguredTokenServiceResponseNoToken	0.140s
PASS: docker_cli_push_test.go:330: DockerRegistryAuthTokenSuite.TestPushMisconfiguredTokenServiceResponseUnauthorized	0.141s
PASS: docker_cli_push_test.go:358: DockerRegistryAuthTokenSuite.TestPushMisconfiguredTokenServiceResponseUnparsable	0.142s
PASS: docker_cli_push_test.go:318: DockerRegistryAuthTokenSuite.TestPushTokenServiceUnauthResponse	0.143s
PASS: docker_cli_daemon_test.go:1745: DockerDaemonSuite.TestBridgeIPIsExcludedFromAllocatorPool	3.787s
PASS: docker_cli_daemon_test.go:2374: DockerDaemonSuite.TestBuildOnDisabledBridgeNetworkDaemon	2.038s
PASS: docker_cli_proxy_test.go:23: DockerDaemonSuite.TestCLIProxyProxyTCPSock	0.542s
PASS: docker_cli_daemon_test.go:1432: DockerDaemonSuite.TestCleanupMountsAfterDaemonAndContainerKill	1.873s
PASS: docker_cli_daemon_test.go:2005: DockerDaemonSuite.TestCleanupMountsAfterDaemonCrash	1.797s
PASS: docker_cli_daemon_test.go:1470: DockerDaemonSuite.TestCleanupMountsAfterGracefulShutdown	1.316s
PASS: docker_cli_daemon_test.go:523: DockerDaemonSuite.TestDaemonAllocatesListeningPort	1.097s
PASS: docker_cli_daemon_test.go:582: DockerDaemonSuite.TestDaemonBridgeExternal	1.948s
PASS: docker_cli_daemon_test.go:752: DockerDaemonSuite.TestDaemonBridgeFixedCIDREqualBridgeNetwork	1.837s
PASS: docker_cli_daemon_test.go:704: DockerDaemonSuite.TestDaemonBridgeFixedCidr	2.369s
PASS: docker_cli_daemon_test.go:727: DockerDaemonSuite.TestDaemonBridgeFixedCidr2	2.510s
PASS: docker_cli_daemon_test.go:642: DockerDaemonSuite.TestDaemonBridgeIP	1.843s
PASS: docker_cli_daemon_test.go:612: DockerDaemonSuite.TestDaemonBridgeNone	1.261s
PASS: docker_cli_daemon_test.go:1857: DockerDaemonSuite.TestDaemonCgroupParent	1.808s
PASS: docker_cli_daemon_test.go:1669: DockerDaemonSuite.TestDaemonCorruptedFluentdAddress	0.044s
PASS: docker_cli_daemon_test.go:1661: DockerDaemonSuite.TestDaemonCorruptedLogDriverAddress	0.042s
PASS: docker_cli_daemon_test.go:2389: DockerDaemonSuite.TestDaemonDNSFlagsInHostMode	1.068s
PASS: docker_cli_daemon_test.go:2185: DockerDaemonSuite.TestDaemonDebugLog	0.523s
PASS: docker_cli_daemon_test.go:791: DockerDaemonSuite.TestDaemonDefaultGatewayIPv4Explicit	1.828s
PASS: docker_cli_daemon_test.go:813: DockerDaemonSuite.TestDaemonDefaultGatewayIPv4ExplicitOutsideContainerSubnet	1.280s
PASS: docker_cli_daemon_test.go:770: DockerDaemonSuite.TestDaemonDefaultGatewayIPv4Implicit	1.823s
PASS: docker_cli_daemon_test.go:824: DockerDaemonSuite.TestDaemonDefaultNetworkInvalidClusterConfig	1.050s
PASS: docker_cli_daemon_test.go:2205: DockerDaemonSuite.TestDaemonDiscoveryBackendConfigReload	0.537s
PASS: docker_cli_events_unix_test.go:391: DockerDaemonSuite.TestDaemonEvents	3.550s
PASS: docker_cli_events_unix_test.go:460: DockerDaemonSuite.TestDaemonEventsWithFilters	3.594s
PASS: docker_cli_daemon_test.go:567: DockerDaemonSuite.TestDaemonExitOnFailure	0.039s
PASS: docker_cli_daemon_test.go:496: DockerDaemonSuite.TestDaemonFlagD	0.511s
PASS: docker_cli_daemon_test.go:505: DockerDaemonSuite.TestDaemonFlagDebug	0.511s
PASS: docker_cli_daemon_test.go:514: DockerDaemonSuite.TestDaemonFlagDebugLogLevelFatal	0.510s
PASS: docker_cli_daemon_test.go:906: DockerDaemonSuite.TestDaemonICCLinkExpose	2.288s
SKIP: docker_cli_daemon_test.go:870: DockerDaemonSuite.TestDaemonICCPing (unmatched requirement bridgeNfIptables)
PASS: docker_cli_daemon_test.go:841: DockerDaemonSuite.TestDaemonIP	1.974s
SKIP: docker_cli_daemon_test.go:355: DockerDaemonSuite.TestDaemonIPv6Enabled (unmatched requirement IPv6)
PASS: docker_cli_daemon_test.go:414: DockerDaemonSuite.TestDaemonIPv6FixedCIDR	1.232s
PASS: docker_cli_daemon_test.go:441: DockerDaemonSuite.TestDaemonIPv6FixedCIDRAndMac	1.197s
PASS: docker_cli_daemon_test.go:460: DockerDaemonSuite.TestDaemonIPv6HostMode	1.116s
PASS: docker_cli_daemon_test.go:293: DockerDaemonSuite.TestDaemonIptablesClean	1.305s
PASS: docker_cli_daemon_test.go:311: DockerDaemonSuite.TestDaemonIptablesCreate	1.836s
PASS: docker_cli_daemon_test.go:547: DockerDaemonSuite.TestDaemonKeyGeneration	0.521s
PASS: docker_cli_daemon_plugins_test.go:72: DockerDaemonSuite.TestDaemonKillLiveRestoreWithPlugins	5.875s
PASS: docker_cli_daemon_plugins_test.go:161: DockerDaemonSuite.TestDaemonKillWithPlugins	5.873s
time="2019-01-04T23:41:00Z" level=warning msg="Running modprobe nf_nat failed with message: ``, error: exec: \"modprobe\": executable file not found in $PATH"
time="2019-01-04T23:41:00Z" level=warning msg="Running modprobe xt_conntrack failed with message: ``, error: exec: \"modprobe\": executable file not found in $PATH"
PASS: docker_cli_daemon_test.go:932: DockerDaemonSuite.TestDaemonLinksIpTablesRulesWhenLinkAndUnlink	2.550s
PASS: docker_cli_daemon_test.go:477: DockerDaemonSuite.TestDaemonLogLevelDebug	0.514s
PASS: docker_cli_daemon_test.go:486: DockerDaemonSuite.TestDaemonLogLevelFatal	0.510s
PASS: docker_cli_daemon_test.go:473: DockerDaemonSuite.TestDaemonLogLevelWrong	0.035s
PASS: docker_cli_daemon_test.go:2251: DockerDaemonSuite.TestDaemonLogOptions	1.102s
PASS: docker_cli_daemon_test.go:1031: DockerDaemonSuite.TestDaemonLoggingDriverDefault	1.306s
PASS: docker_cli_daemon_test.go:1069: DockerDaemonSuite.TestDaemonLoggingDriverDefaultOverride	1.278s
PASS: docker_cli_daemon_test.go:1086: DockerDaemonSuite.TestDaemonLoggingDriverNone	1.248s
PASS: docker_cli_daemon_test.go:1143: DockerDaemonSuite.TestDaemonLoggingDriverNoneLogsError	1.281s
PASS: docker_cli_daemon_test.go:1103: DockerDaemonSuite.TestDaemonLoggingDriverNoneOverride	1.268s
PASS: docker_cli_daemon_test.go:1155: DockerDaemonSuite.TestDaemonLoggingDriverShouldBeIgnoredForBuild	2.075s
PASS: docker_cli_daemon_test.go:2264: DockerDaemonSuite.TestDaemonMaxConcurrency	0.510s
PASS: docker_cli_daemon_test.go:2276: DockerDaemonSuite.TestDaemonMaxConcurrencyWithConfigFile	3.517s
PASS: docker_cli_daemon_test.go:2317: DockerDaemonSuite.TestDaemonMaxConcurrencyWithConfigFileReload	6.511s
PASS: docker_cli_daemon_test.go:1772: DockerDaemonSuite.TestDaemonNoSpaceLeftOnDeviceError	6.084s
PASS: docker_cli_daemon_test.go:1503: DockerDaemonSuite.TestDaemonRestartCleanupNetns	1.875s
PASS: docker_cli_daemon_test.go:1799: DockerDaemonSuite.TestDaemonRestartContainerLinksRestart	7.415s
PASS: docker_cli_daemon_test.go:2966: DockerDaemonSuite.TestDaemonRestartIpcMode	2.198s
PASS: docker_cli_daemon_test.go:1244: DockerDaemonSuite.TestDaemonRestartKillWait	1.818s
PASS: docker_cli_daemon_test.go:1649: DockerDaemonSuite.TestDaemonRestartLocalVolumes	1.060s
PASS: docker_cli_daemon_test.go:170: DockerDaemonSuite.TestDaemonRestartOnFailure	3.640s
PASS: docker_cli_daemon_test.go:1013: DockerDaemonSuite.TestDaemonRestartRenameContainer	2.077s
PASS: docker_cli_network_unix_test.go:1667: DockerDaemonSuite.TestDaemonRestartRestoreBridgeNetwork	3.694s
PASS: docker_cli_daemon_test.go:1636: DockerDaemonSuite.TestDaemonRestartRmVolumeInUse	1.311s
PASS: docker_cli_daemon_test.go:2604: DockerDaemonSuite.TestDaemonRestartSaveContainerExitCode	1.770s
PASS: docker_cli_daemon_test.go:120: DockerDaemonSuite.TestDaemonRestartUnlessStopped	3.836s
PASS: docker_cli_daemon_test.go:2580: DockerDaemonSuite.TestDaemonRestartWithAutoRemoveContainer	2.336s
PASS: docker_cli_daemon_test.go:684: DockerDaemonSuite.TestDaemonRestartWithBridgeIPChange	1.544s
PASS: docker_cli_daemon_test.go:1490: DockerDaemonSuite.TestDaemonRestartWithContainerRunning	1.814s
PASS: docker_cli_daemon_test.go:1564: DockerDaemonSuite.TestDaemonRestartWithContainerWithRestartPolicyAlways	1.827s
SKIP: docker_cli_daemon_test.go:224: DockerDaemonSuite.TestDaemonRestartWithIncreasedBasesize (unmatched requirement Devicemapper)
SKIP: docker_cli_daemon_test.go:204: DockerDaemonSuite.TestDaemonRestartWithInvalidBasesize (unmatched requirement Devicemapper)
PASS: docker_cli_daemon_test.go:1955: DockerDaemonSuite.TestDaemonRestartWithKilledRunningContainer	2.680s
PASS: docker_cli_daemon_test.go:1884: DockerDaemonSuite.TestDaemonRestartWithLinks	3.232s
PASS: docker_cli_daemon_test.go:1907: DockerDaemonSuite.TestDaemonRestartWithNames	2.408s
PASS: docker_cli_daemon_test.go:1603: DockerDaemonSuite.TestDaemonRestartWithPausedContainer	2.109s
PASS: docker_cli_daemon_plugins_test.go:45: DockerDaemonSuite.TestDaemonRestartWithPluginDisabled	4.811s
PASS: docker_cli_daemon_plugins_test.go:16: DockerDaemonSuite.TestDaemonRestartWithPluginEnabled	5.918s
PASS: docker_cli_daemon_test.go:60: DockerDaemonSuite.TestDaemonRestartWithRunningContainersPorts	2.368s
PASS: docker_cli_daemon_test.go:1420: DockerDaemonSuite.TestDaemonRestartWithSocketAsVolume	2.308s
PASS: docker_cli_daemon_test.go:2052: DockerDaemonSuite.TestDaemonRestartWithUnpausedRunningContainer	1.885s
PASS: docker_cli_daemon_test.go:94: DockerDaemonSuite.TestDaemonRestartWithVolumesRefs	2.384s
PASS: docker_cli_daemon_plugins_test.go:98: DockerDaemonSuite.TestDaemonShutdownLiveRestoreWithPlugins	5.895s
PASS: docker_cli_daemon_test.go:2676: DockerDaemonSuite.TestDaemonShutdownTimeout	1.279s
PASS: docker_cli_daemon_test.go:2697: DockerDaemonSuite.TestDaemonShutdownTimeoutWithConfigFile	3.512s
PASS: docker_cli_daemon_plugins_test.go:123: DockerDaemonSuite.TestDaemonShutdownWithPlugins	6.990s
PASS: docker_cli_daemon_test.go:277: DockerDaemonSuite.TestDaemonStartBridgeWithoutIPAssociation	1.038s
PASS: docker_cli_daemon_test.go:199: DockerDaemonSuite.TestDaemonStartIptablesFalse	0.511s
PASS: docker_cli_daemon_test.go:1686: DockerDaemonSuite.TestDaemonStartWithDefaultTLSHost	0.538s
PASS: docker_cli_daemon_test.go:2941: DockerDaemonSuite.TestDaemonStartWithIpcModes	2.301s
PASS: docker_cli_daemon_test.go:2135: DockerDaemonSuite.TestDaemonStartWithoutColors	1.039s
PASS: docker_cli_daemon_test.go:1677: DockerDaemonSuite.TestDaemonStartWithoutHost	0.510s
PASS: docker_cli_daemon_test.go:1541: DockerDaemonSuite.TestDaemonTLSVerifyIssue13964	0.524s
PASS: docker_cli_daemon_test.go:965: DockerDaemonSuite.TestDaemonUlimitDefaults	2.300s
PASS: docker_cli_daemon_test.go:1170: DockerDaemonSuite.TestDaemonUnixSockCleanedUp	0.516s
PASS: docker_cli_userns_test.go:24: DockerDaemonSuite.TestDaemonUserNamespaceRootSetting	1.507s
PASS: docker_cli_daemon_test.go:1587: DockerDaemonSuite.TestDaemonWideLogConfig	1.102s
PASS: docker_cli_daemon_test.go:2645: DockerDaemonSuite.TestDaemonWithUserlandProxyPath	3.032s
PASS: docker_cli_daemon_test.go:1191: DockerDaemonSuite.TestDaemonWithWrongkey	0.564s
PASS: docker_cli_network_unix_test.go:807: DockerDaemonSuite.TestDockerNetworkNoDiscoveryDefaultBridgeNetwork	3.243s
PASS: docker_cli_exec_test.go:87: DockerDaemonSuite.TestExecAfterDaemonRestart	2.233s
PASS: docker_cli_daemon_test.go:2731: DockerDaemonSuite.TestExecWithUserAfterLiveRestore	12.166s
PASS: docker_cli_daemon_test.go:3006: DockerDaemonSuite.TestFailedPluginRemove	4.291s
PASS: docker_cli_daemon_test.go:1278: DockerDaemonSuite.TestHTTPSInfo	0.535s
PASS: docker_cli_daemon_test.go:1341: DockerDaemonSuite.TestHTTPSInfoRogueCert	0.534s
PASS: docker_cli_daemon_test.go:1370: DockerDaemonSuite.TestHTTPSInfoRogueServerCert	0.535s
PASS: docker_cli_daemon_test.go:1306: DockerDaemonSuite.TestHTTPSRun	1.272s
PASS: docker_cli_daemon_test.go:51: DockerDaemonSuite.TestLegacyDaemonCommand	0.000s
PASS: docker_cli_daemon_plugins_test.go:303: DockerDaemonSuite.TestPluginListFilterCapability	4.310s
PASS: docker_cli_daemon_plugins_test.go:275: DockerDaemonSuite.TestPluginListFilterEnabled	4.223s
PASS: docker_cli_daemon_plugins_test.go:234: DockerDaemonSuite.TestPluginVolumeRemoveOnRestart	5.746s
PASS: docker_cli_prune_unix_test.go:81: DockerDaemonSuite.TestPruneImageDangling	1.544s
PASS: docker_cli_prune_unix_test.go:270: DockerDaemonSuite.TestPruneImageLabel	1.979s
PASS: docker_cli_info_test.go:212: DockerDaemonSuite.TestRegistryMirrors	0.534s
SKIP: docker_cli_daemon_test.go:2759: DockerDaemonSuite.TestRemoveContainerAfterLiveRestore (unmatched requirement overlayFSSupported)
PASS: docker_cli_daemon_test.go:2792: DockerDaemonSuite.TestRestartPolicyWithLiveRestore	2.446s
PASS: docker_cli_daemon_test.go:2109: DockerDaemonSuite.TestRunLinksChanged	3.119s
PASS: docker_cli_run_unix_test.go:1443: DockerDaemonSuite.TestRunSeccompJSONNewFormat	1.230s
PASS: docker_cli_run_unix_test.go:1494: DockerDaemonSuite.TestRunSeccompJSONNoArchAndArchMap	0.867s
PASS: docker_cli_run_unix_test.go:1468: DockerDaemonSuite.TestRunSeccompJSONNoNameAndNames	0.853s
PASS: docker_cli_run_unix_test.go:1531: DockerDaemonSuite.TestRunWithDaemonDefaultSeccompProfile	2.273s
PASS: docker_cli_daemon_test.go:2521: DockerDaemonSuite.TestRunWithRuntimeFromCommandLine	5.225s
PASS: docker_cli_daemon_test.go:2403: DockerDaemonSuite.TestRunWithRuntimeFromConfigFile	6.953s
PASS: docker_cli_run_test.go:4110: DockerDaemonSuite.TestRunWithUlimitAndDaemonDefault	1.529s
PASS: docker_cli_daemon_test.go:2849: DockerDaemonSuite.TestShmSize	1.265s
PASS: docker_cli_daemon_test.go:2866: DockerDaemonSuite.TestShmSizeReload	1.831s
PASS: docker_cli_daemon_test.go:1332: DockerDaemonSuite.TestTLSVerify	0.043s
PASS: docker_cli_daemon_plugins_test.go:188: DockerDaemonSuite.TestVolumePlugin	8.460s
PASS: docker_api_swarm_test.go:900: DockerSwarmSuite.TestAPIDuplicateNetworks	1.435s
PASS: docker_api_swarm_test.go:1027: DockerSwarmSuite.TestAPINetworkInspectWithScope	1.394s
PASS: docker_api_swarm_service_test.go:33: DockerSwarmSuite.TestAPIServiceUpdatePort	2.489s
PASS: docker_api_swarm_test.go:186: DockerSwarmSuite.TestAPISwarmCAHash	12.146s
PASS: docker_api_swarm_test.go:884: DockerSwarmSuite.TestAPISwarmErrorHandling	0.745s
PASS: docker_api_swarm_test.go:555: DockerSwarmSuite.TestAPISwarmForceNewCluster	14.068s
SKIP: docker_api_swarm_test.go:931: DockerSwarmSuite.TestAPISwarmHealthcheckNone (Root cause of Issue #36386 is needed)
PASS: docker_api_swarm_test.go:36: DockerSwarmSuite.TestAPISwarmInit	13.483s
PASS: docker_api_swarm_test.go:537: DockerSwarmSuite.TestAPISwarmInvalidAddress	0.719s
PASS: docker_api_swarm_test.go:82: DockerSwarmSuite.TestAPISwarmJoinToken	47.563s
PASS: docker_api_swarm_test.go:297: DockerSwarmSuite.TestAPISwarmLeaderElection	20.862s
PASS: docker_api_swarm_test.go:272: DockerSwarmSuite.TestAPISwarmLeaderProxy	3.924s
PASS: docker_api_swarm_test.go:438: DockerSwarmSuite.TestAPISwarmLeaveOnPendingJoin	22.865s
PASS: docker_api_swarm_test.go:415: DockerSwarmSuite.TestAPISwarmLeaveRemovesContainer	3.121s
PASS: docker_api_swarm_node_test.go:14: DockerSwarmSuite.TestAPISwarmListNodes	3.094s
PASS: docker_api_swarm_test.go:487: DockerSwarmSuite.TestAPISwarmManagerRestore	27.565s
PASS: docker_api_swarm_node_test.go:75: DockerSwarmSuite.TestAPISwarmNodeDrainPause	13.551s
PASS: docker_api_swarm_node_test.go:46: DockerSwarmSuite.TestAPISwarmNodeRemove	29.492s
PASS: docker_api_swarm_node_test.go:33: DockerSwarmSuite.TestAPISwarmNodeUpdate	1.309s
PASS: docker_api_swarm_test.go:202: DockerSwarmSuite.TestAPISwarmPromoteDemote	7.636s
PASS: docker_api_swarm_test.go:367: DockerSwarmSuite.TestAPISwarmRaftQuorum	64.813s
PASS: docker_api_swarm_test.go:791: DockerSwarmSuite.TestAPISwarmRestartCluster	27.912s
PASS: docker_api_swarm_test.go:468: DockerSwarmSuite.TestAPISwarmRestoreOnPendingJoin	21.724s
PASS: docker_api_swarm_test.go:513: DockerSwarmSuite.TestAPISwarmScaleNoRollingUpdate	3.106s
PASS: docker_api_swarm_service_test.go:403: DockerSwarmSuite.TestAPISwarmServiceConstraintLabel	7.126s
PASS: docker_api_swarm_service_test.go:351: DockerSwarmSuite.TestAPISwarmServiceConstraintRole	5.207s
PASS: docker_api_swarm_service_test.go:498: DockerSwarmSuite.TestAPISwarmServicePlacementPrefs	4.154s
PASS: docker_api_swarm_service_test.go:62: DockerSwarmSuite.TestAPISwarmServicesCreate	4.980s
PASS: docker_api_swarm_service_test.go:124: DockerSwarmSuite.TestAPISwarmServicesCreateGlobal	6.208s
PASS: docker_api_swarm_service_test.go:54: DockerSwarmSuite.TestAPISwarmServicesEmptyList	1.383s
PASS: docker_api_swarm_service_test.go:311: DockerSwarmSuite.TestAPISwarmServicesFailedUpdate	10.881s
PASS: docker_api_swarm_service_test.go:96: DockerSwarmSuite.TestAPISwarmServicesMultipleAgents	20.250s
PASS: docker_api_swarm_service_test.go:540: DockerSwarmSuite.TestAPISwarmServicesStateReporting	8.808s
PASS: docker_api_swarm_service_test.go:142: DockerSwarmSuite.TestAPISwarmServicesUpdate	26.465s
PASS: docker_api_swarm_service_test.go:202: DockerSwarmSuite.TestAPISwarmServicesUpdateStartFirst	22.887s
PASS: docker_api_swarm_test.go:856: DockerSwarmSuite.TestAPISwarmServicesUpdateWithName	3.259s
PASS: docker_api_swarm_test.go:876: DockerSwarmSuite.TestAPISwarmUnlockNotLocked	1.296s
PASS: docker_cli_swarm_test.go:946: DockerSwarmSuite.TestDNSConfig	2.306s
PASS: docker_cli_swarm_test.go:973: DockerSwarmSuite.TestDNSConfigUpdate	2.233s
PASS: docker_cli_swarm_test.go:1420: DockerSwarmSuite.TestExtraHosts	2.109s
PASS: docker_cli_swarm_test.go:1614: DockerSwarmSuite.TestNetworkInspectWithDuplicateNames	1.667s
PASS: docker_cli_swarm_test.go:394: DockerSwarmSuite.TestOverlayAttachable	2.548s
PASS: docker_cli_swarm_test.go:416: DockerSwarmSuite.TestOverlayAttachableOnSwarmLeave	3.319s
PASS: docker_cli_swarm_test.go:443: DockerSwarmSuite.TestOverlayAttachableReleaseResourcesOnFailure	23.050s
PASS: docker_cli_prune_unix_test.go:42: DockerSwarmSuite.TestPruneNetwork	9.790s
PASS: docker_cli_swarm_test.go:598: DockerSwarmSuite.TestPsListContainersFilterIsTask	2.601s
PASS: docker_cli_service_create_test.go:361: DockerSwarmSuite.TestServiceCreateMountTmpfs	2.034s
PASS: docker_cli_service_create_test.go:18: DockerSwarmSuite.TestServiceCreateMountVolume	2.075s
PASS: docker_cli_service_create_test.go:313: DockerSwarmSuite.TestServiceCreateWithConfigReferencedTwice	2.310s
PASS: docker_cli_service_create_test.go:214: DockerSwarmSuite.TestServiceCreateWithConfigSimple	1.459s
PASS: docker_cli_service_create_test.go:248: DockerSwarmSuite.TestServiceCreateWithConfigSourceTargetPaths	2.431s
PASS: docker_cli_service_create_test.go:414: DockerSwarmSuite.TestServiceCreateWithNetworkAlias	17.077s
PASS: docker_cli_service_create_test.go:166: DockerSwarmSuite.TestServiceCreateWithSecretReferencedTwice	2.385s
PASS: docker_cli_service_create_test.go:66: DockerSwarmSuite.TestServiceCreateWithSecretSimple	1.468s
PASS: docker_cli_service_create_test.go:100: DockerSwarmSuite.TestServiceCreateWithSecretSourceTargetPaths	2.571s
PASS: docker_cli_service_health_test.go:20: DockerSwarmSuite.TestServiceHealthRun	6.994s
PASS: docker_cli_service_health_test.go:82: DockerSwarmSuite.TestServiceHealthStart	5.204s
PASS: docker_cli_service_logs_test.go:24: DockerSwarmSuite.TestServiceLogs	2.402s
PASS: docker_cli_service_logs_test.go:71: DockerSwarmSuite.TestServiceLogsCompleteness	2.331s
PASS: docker_cli_service_logs_test.go:343: DockerSwarmSuite.TestServiceLogsDetails	2.147s
PASS: docker_cli_service_logs_test.go:157: DockerSwarmSuite.TestServiceLogsFollow	2.245s
PASS: docker_cli_service_logs_test.go:294: DockerSwarmSuite.TestServiceLogsNoHangDeletedContainer	14.487s
PASS: docker_cli_service_logs_test.go:122: DockerSwarmSuite.TestServiceLogsSince	2.477s
PASS: docker_cli_service_logs_test.go:256: DockerSwarmSuite.TestServiceLogsTTY	2.234s
PASS: docker_cli_service_logs_test.go:98: DockerSwarmSuite.TestServiceLogsTail	2.208s
PASS: docker_cli_service_logs_test.go:203: DockerSwarmSuite.TestServiceLogsTaskLogs	2.356s
PASS: docker_cli_service_scale_test.go:13: DockerSwarmSuite.TestServiceScale	1.532s
PASS: docker_cli_swarm_test.go:1395: DockerSwarmSuite.TestSwarmAlternateLockUnlock	17.733s
PASS: docker_cli_swarm_test.go:1974: DockerSwarmSuite.TestSwarmClusterEventsConfig	1.431s
PASS: docker_cli_swarm_test.go:1935: DockerSwarmSuite.TestSwarmClusterEventsNetwork	1.433s
PASS: docker_cli_swarm_test.go:1905: DockerSwarmSuite.TestSwarmClusterEventsNode	4.017s
PASS: docker_cli_swarm_test.go:1821: DockerSwarmSuite.TestSwarmClusterEventsScope	7.380s
PASS: docker_cli_swarm_test.go:1954: DockerSwarmSuite.TestSwarmClusterEventsSecret	1.454s
PASS: docker_cli_swarm_test.go:1865: DockerSwarmSuite.TestSwarmClusterEventsService	14.829s
PASS: docker_cli_swarm_test.go:1801: DockerSwarmSuite.TestSwarmClusterEventsSource	3.559s
PASS: docker_cli_swarm_test.go:1842: DockerSwarmSuite.TestSwarmClusterEventsType	7.277s
PASS: docker_cli_swarm_test.go:1317: DockerSwarmSuite.TestSwarmClusterRotateUnlockKey	96.511s
PASS: docker_cli_swarm_test.go:366: DockerSwarmSuite.TestSwarmContainerAttachByNetworkId	3.275s
PASS: docker_cli_swarm_test.go:319: DockerSwarmSuite.TestSwarmContainerAutoStart	4.806s
PASS: docker_cli_swarm_test.go:341: DockerSwarmSuite.TestSwarmContainerEndpointOptions	6.414s
PASS: docker_cli_swarm_test.go:521: DockerSwarmSuite.TestSwarmCreateServiceWithNoIngressNetwork	1.484s
PASS: docker_cli_swarm_test.go:146: DockerSwarmSuite.TestSwarmIncompatibleDaemon	3.141s
PASS: docker_cli_swarm_test.go:467: DockerSwarmSuite.TestSwarmIngressNetwork	1.645s
PASS: docker_cli_swarm_test.go:84: DockerSwarmSuite.TestSwarmInit	2.733s
SKIP: docker_cli_swarm_test.go:127: DockerSwarmSuite.TestSwarmInitIPv6 (unmatched requirement IPv6)
PASS: docker_cli_swarm_test.go:1054: DockerSwarmSuite.TestSwarmInitLocked	5.384s
PASS: docker_cli_swarm_test.go:139: DockerSwarmSuite.TestSwarmInitUnspecifiedAdvertiseAddr	0.728s
PASS: docker_cli_swarm_test.go:1739: DockerSwarmSuite.TestSwarmInitUnspecifiedDataPathAddr	0.758s
PASS: docker_cli_swarm_test.go:1582: DockerSwarmSuite.TestSwarmInitWithDrain	1.425s
PASS: docker_cli_swarm_test.go:1751: DockerSwarmSuite.TestSwarmJoinLeave	53.639s
PASS: docker_cli_swarm_test.go:1190: DockerSwarmSuite.TestSwarmJoinPromoteLocked	40.646s
PASS: docker_cli_swarm_test.go:1554: DockerSwarmSuite.TestSwarmJoinWithDrain	2.815s
PASS: docker_cli_swarm_test.go:1096: DockerSwarmSuite.TestSwarmLeaveLocked	3.559s
PASS: docker_cli_swarm_test.go:1129: DockerSwarmSuite.TestSwarmLockUnlockCluster	97.164s
PASS: docker_cli_swarm_test.go:1443: DockerSwarmSuite.TestSwarmManagerAddress	3.154s
PASS: docker_cli_swarm_test.go:1513: DockerSwarmSuite.TestSwarmNetworkCreateDup	1.772s
PASS: docker_cli_swarm_test.go:1490: DockerSwarmSuite.TestSwarmNetworkCreateIssue27866	1.453s
PASS: docker_cli_swarm_test.go:1464: DockerSwarmSuite.TestSwarmNetworkIPAMOptions	2.821s
PASS: docker_cli_swarm_test.go:799: DockerSwarmSuite.TestSwarmNetworkPlugin	1.339s
PASS: docker_cli_swarm_unix_test.go:57: DockerSwarmSuite.TestSwarmNetworkPluginV2	47.209s
PASS: docker_cli_swarm_test.go:229: DockerSwarmSuite.TestSwarmNodeListFilter	1.408s
PASS: docker_cli_swarm_test.go:248: DockerSwarmSuite.TestSwarmNodeTaskListFilter	2.627s
PASS: docker_cli_swarm_test.go:275: DockerSwarmSuite.TestSwarmPublishAdd	1.521s
PASS: docker_cli_swarm_test.go:1535: DockerSwarmSuite.TestSwarmPublishDuplicatePorts	2.515s
PASS: docker_cli_swarm_test.go:1593: DockerSwarmSuite.TestSwarmReadonlyRootfs	2.106s
PASS: docker_api_swarm_test.go:958: DockerSwarmSuite.TestSwarmRepeatedRootRotation	14.850s
PASS: docker_cli_swarm_test.go:1249: DockerSwarmSuite.TestSwarmRotateUnlockKey	13.595s
PASS: docker_cli_swarm_test.go:818: DockerSwarmSuite.TestSwarmServiceEnvFile	1.469s
PASS: docker_cli_swarm_test.go:188: DockerSwarmSuite.TestSwarmServiceListFilter	1.570s
PASS: docker_cli_swarm_test.go:1708: DockerSwarmSuite.TestSwarmServiceLsFilterMode	2.433s
PASS: docker_cli_swarm_test.go:907: DockerSwarmSuite.TestSwarmServiceNetworkUpdate	5.968s
PASS: docker_cli_swarm_test.go:836: DockerSwarmSuite.TestSwarmServiceTTY	14.497s
PASS: docker_cli_swarm_test.go:884: DockerSwarmSuite.TestSwarmServiceTTYUpdate	2.125s
PASS: docker_cli_swarm_test.go:170: DockerSwarmSuite.TestSwarmServiceTemplatingHostname	2.221s
PASS: docker_cli_swarm_test.go:297: DockerSwarmSuite.TestSwarmServiceWithGroup	2.186s
PASS: docker_cli_swarm_test.go:1680: DockerSwarmSuite.TestSwarmStopSignal	2.215s
PASS: docker_cli_swarm_test.go:540: DockerSwarmSuite.TestSwarmTaskListFilter	1.817s
PASS: docker_cli_swarm_test.go:36: DockerSwarmSuite.TestSwarmUpdate	1.388s
PASS: docker_cli_swarm_unix_test.go:15: DockerSwarmSuite.TestSwarmVolumePlugin	21.920s
PASS: docker_cli_swarm_test.go:1029: DockerSwarmSuite.TestUnlockEngineAndUnlockedSwarm	1.453s
PASS: docker_api_swarm_test.go:164: DockerSwarmSuite.TestUpdateSwarmAddExternalCA	1.428s
time="2019-01-05T00:13:30Z" level=info msg="Attempting next endpoint for push after error: Get https://127.0.0.1:5000/v2/: http: server gave HTTP response to HTTPS client"
PASS: docker_cli_plugins_test.go:31: DockerPluginSuite.TestPluginBasicOps	1.073s
PASS: docker_cli_plugins_test.go:262: DockerPluginSuite.TestPluginCreate	0.137s
PASS: docker_cli_plugins_test.go:240: DockerPluginSuite.TestPluginEnableDisableNegative	1.055s
PASS: docker_cli_plugins_test.go:62: DockerPluginSuite.TestPluginForceRemove	1.022s
PASS: docker_cli_plugins_test.go:354: DockerPluginSuite.TestPluginIDPrefix	1.449s
PASS: docker_cli_plugins_test.go:294: DockerPluginSuite.TestPluginInspect	1.100s
time="2019-01-05T00:15:06Z" level=info msg="Attempting next endpoint for push after error: Get https://127.0.0.1:5000/v2/: http: server gave HTTP response to HTTPS client"
PASS: docker_cli_plugins_test.go:210: DockerPluginSuite.TestPluginInstallArgs	0.839s
PASS: docker_cli_plugins_test.go:126: DockerPluginSuite.TestPluginInstallDisable	1.055s
PASS: docker_cli_plugins_test.go:226: DockerPluginSuite.TestPluginInstallImage	0.203s
PASS: docker_cli_plugins_test.go:411: DockerPluginSuite.TestPluginListDefaultFormat	0.580s
PASS: docker_cli_plugins_test.go:159: DockerPluginSuite.TestPluginSet	0.661s
PASS: docker_cli_external_volume_driver_unix_test.go:446: DockerExternalVolumeSuite.TestExternalVolumeDriverBindExternalVolume	0.397s
PASS: docker_cli_external_volume_driver_unix_test.go:545: DockerExternalVolumeSuite.TestExternalVolumeDriverCapabilities	0.591s
PASS: docker_cli_external_volume_driver_unix_test.go:352: DockerExternalVolumeSuite.TestExternalVolumeDriverDeleteContainer	1.310s
PASS: docker_cli_external_volume_driver_unix_test.go:475: DockerExternalVolumeSuite.TestExternalVolumeDriverGet	15.047s
PASS: docker_cli_external_volume_driver_unix_test.go:508: DockerExternalVolumeSuite.TestExternalVolumeDriverGetEmptyResponse	0.541s
PASS: docker_cli_external_volume_driver_unix_test.go:461: DockerExternalVolumeSuite.TestExternalVolumeDriverList	15.032s
PASS: docker_cli_external_volume_driver_unix_test.go:373: DockerExternalVolumeSuite.TestExternalVolumeDriverLookupNotBlocked	0.117s
PASS: docker_cli_external_volume_driver_unix_test.go:536: DockerExternalVolumeSuite.TestExternalVolumeDriverMountID	1.305s
PASS: docker_cli_external_volume_driver_unix_test.go:297: DockerExternalVolumeSuite.TestExternalVolumeDriverNamed	1.331s
PASS: docker_cli_external_volume_driver_unix_test.go:559: DockerExternalVolumeSuite.TestExternalVolumeDriverOutOfBandDelete	0.798s
PASS: docker_cli_external_volume_driver_unix_test.go:523: DockerExternalVolumeSuite.TestExternalVolumeDriverPathCalls	15.551s
PASS: docker_cli_external_volume_driver_unix_test.go:409: DockerExternalVolumeSuite.TestExternalVolumeDriverRetryNotImmediatelyExists	4.336s
PASS: docker_cli_external_volume_driver_unix_test.go:618: DockerExternalVolumeSuite.TestExternalVolumeDriverUnmountOnCp	1.409s
PASS: docker_cli_external_volume_driver_unix_test.go:608: DockerExternalVolumeSuite.TestExternalVolumeDriverUnmountOnMountFail	0.980s
PASS: docker_cli_external_volume_driver_unix_test.go:319: DockerExternalVolumeSuite.TestExternalVolumeDriverUnnamed	1.319s
PASS: docker_cli_external_volume_driver_unix_test.go:333: DockerExternalVolumeSuite.TestExternalVolumeDriverVolumesFrom	1.872s
PASS: docker_cli_external_volume_driver_unix_test.go:495: DockerExternalVolumeSuite.TestExternalVolumeDriverWithDaemonRestart	1.097s
PASS: docker_cli_external_volume_driver_unix_test.go:285: DockerExternalVolumeSuite.TestVolumeCLICreateOptionConflict	0.052s
PASS: docker_cli_network_unix_test.go:1787: DockerNetworkSuite.TestConntrackFlowsLeak	3.776s
PASS: docker_deprecated_api_v124_unix_test.go:14: DockerNetworkSuite.TestDeprecatedDockerNetworkStartAPIWithHostconfig	0.505s
PASS: docker_cli_network_unix_test.go:865: DockerNetworkSuite.TestDockerNetworkAnonymousEndpoint	2.846s
PASS: docker_cli_network_unix_test.go:539: DockerNetworkSuite.TestDockerNetworkConnectDisconnect	1.253s
PASS: docker_cli_network_unix_test.go:1258: DockerNetworkSuite.TestDockerNetworkConnectDisconnectToStoppedContainer	2.489s
PASS: docker_cli_network_unix_test.go:1192: DockerNetworkSuite.TestDockerNetworkConnectDisconnectWithPortMapping	0.972s
PASS: docker_cli_network_unix_test.go:1415: DockerNetworkSuite.TestDockerNetworkConnectLinkLocalIP	4.710s
PASS: docker_cli_network_unix_test.go:1308: DockerNetworkSuite.TestDockerNetworkConnectPreferredIP	1.842s
PASS: docker_cli_network_unix_test.go:1344: DockerNetworkSuite.TestDockerNetworkConnectPreferredIPStoppedContainer	1.052s
PASS: docker_cli_network_unix_test.go:1158: DockerNetworkSuite.TestDockerNetworkConnectToHostFromOtherNetwork	0.489s
PASS: docker_cli_network_unix_test.go:1523: DockerNetworkSuite.TestDockerNetworkConnectWithAliasOnDefaultNetworks	0.368s
PASS: docker_cli_network_unix_test.go:1229: DockerNetworkSuite.TestDockerNetworkConnectWithMac	0.556s
PASS: docker_cli_network_unix_test.go:1175: DockerNetworkSuite.TestDockerNetworkConnectWithPortMapping	0.559s
PASS: docker_cli_network_unix_test.go:374: DockerNetworkSuite.TestDockerNetworkCreateDelete	0.146s
PASS: docker_cli_network_unix_test.go:1655: DockerNetworkSuite.TestDockerNetworkCreateDeleteSpecialCharacters	0.285s
PASS: docker_cli_network_unix_test.go:298: DockerNetworkSuite.TestDockerNetworkCreateHostBind	0.506s
PASS: docker_cli_network_unix_test.go:382: DockerNetworkSuite.TestDockerNetworkCreateLabel	0.153s
PASS: docker_cli_network_unix_test.go:289: DockerNetworkSuite.TestDockerNetworkCreatePredefined	0.050s
PASS: docker_cli_network_unix_test.go:633: DockerNetworkSuite.TestDockerNetworkCustomIPAM	0.148s
PASS: docker_cli_network_unix_test.go:1292: DockerNetworkSuite.TestDockerNetworkDisconnectContainerNonexistingNetwork	0.785s
PASS: docker_cli_network_unix_test.go:1503: DockerNetworkSuite.TestDockerNetworkDisconnectDefault	0.642s
PASS: docker_cli_network_unix_test.go:1773: DockerNetworkSuite.TestDockerNetworkDisconnectFromBridge	0.088s
PASS: docker_cli_network_unix_test.go:1167: DockerNetworkSuite.TestDockerNetworkDisconnectFromHost	0.275s
PASS: docker_cli_network_unix_test.go:768: DockerNetworkSuite.TestDockerNetworkDriverOptions	0.069s
PASS: docker_cli_network_unix_test.go:979: DockerNetworkSuite.TestDockerNetworkDriverUngracefulRestart	2.197s
PASS: docker_cli_network_unix_test.go:1737: DockerNetworkSuite.TestDockerNetworkFlagAlias	1.849s
PASS: docker_cli_network_unix_test.go:1132: DockerNetworkSuite.TestDockerNetworkHostModeUngracefulDaemonRestart	7.563s
PASS: docker_cli_network_unix_test.go:744: DockerNetworkSuite.TestDockerNetworkIPAMInvalidCombinations	0.189s
PASS: docker_cli_network_unix_test.go:592: DockerNetworkSuite.TestDockerNetworkIPAMMultipleNetworks	0.740s
PASS: docker_cli_network_unix_test.go:649: DockerNetworkSuite.TestDockerNetworkIPAMOptions	0.065s
PASS: docker_cli_network_unix_test.go:1241: DockerNetworkSuite.TestDockerNetworkInspectCreatedContainer	0.074s
PASS: docker_cli_network_unix_test.go:725: DockerNetworkSuite.TestDockerNetworkInspectCustomSpecified	0.159s
PASS: docker_cli_network_unix_test.go:706: DockerNetworkSuite.TestDockerNetworkInspectCustomUnspecified	0.138s
PASS: docker_cli_network_unix_test.go:678: DockerNetworkSuite.TestDockerNetworkInspectDefault	0.002s
PASS: docker_cli_network_unix_test.go:926: DockerNetworkSuite.TestDockerNetworkLinkOnDefaultNetworkOnly	1.741s
PASS: docker_cli_network_unix_test.go:282: DockerNetworkSuite.TestDockerNetworkLsDefault	0.038s
SKIP: docker_cli_network_unix_test.go:318: DockerNetworkSuite.TestDockerNetworkLsFilter (unmatched requirement OnlyDefaultNetworks)
PASS: docker_cli_network_unix_test.go:1020: DockerNetworkSuite.TestDockerNetworkMacInspect	0.528s
PASS: docker_cli_network_unix_test.go:1086: DockerNetworkSuite.TestDockerNetworkMultipleNetworksGracefulDaemonRestart	2.985s
PASS: docker_cli_network_unix_test.go:1105: DockerNetworkSuite.TestDockerNetworkMultipleNetworksUngracefulDaemonRestart	2.737s
PASS: docker_cli_network_unix_test.go:662: DockerNetworkSuite.TestDockerNetworkNullIPAMDriver	0.037s
PASS: docker_cli_network_unix_test.go:952: DockerNetworkSuite.TestDockerNetworkOverlayPortMapping	0.554s
PASS: docker_cli_network_unix_test.go:1247: DockerNetworkSuite.TestDockerNetworkRestartWithMultipleNetworks	1.290s
PASS: docker_cli_network_unix_test.go:309: DockerNetworkSuite.TestDockerNetworkRmPredefined	0.050s
PASS: docker_cli_network_unix_test.go:1126: DockerNetworkSuite.TestDockerNetworkRunNetByID	0.479s
PASS: docker_cli_network_unix_test.go:1367: DockerNetworkSuite.TestDockerNetworkUnsupportedRequiredIP	0.576s
PASS: docker_cli_network_unix_test.go:1749: DockerNetworkSuite.TestDockerNetworkValidateIP	0.663s
PASS: docker_cli_network_unix_test.go:783: DockerNetworkSuite.TestDockerPluginV2NetworkDriver	9.614s

----------------------------------------------------------------------
FAIL: docker_cli_pull_test.go:194: DockerHubPullSuite.TestPullAllTagsFromCentralRegistry

docker_cli_pull_test.go:201:
    s.Cmd(c, "pull", "--all-tags=true", "dockercore/engine-pull-all-test-fixture")
docker_hub_pull_suite_test.go:73:
    c.Assert(err, checker.IsNil, check.Commentf("%q failed with errors: %s, %v", strings.Join(arg, " "), out, err))
... value *exec.ExitError = &exec.ExitError{ProcessState:(*os.ProcessState)(0xc007422000), Stderr:[]uint8(nil)} ("exit status 1")
... "--all-tags=true dockercore/engine-pull-all-test-fixture" failed with errors: latest: Pulling from dockercore/engine-pull-all-test-fixture
error parsing HTTP 404 response body: invalid character '<' looking for beginning of value: "<html>\r\n<head><title>404 Not Found</title></head>\r\n<body>\r\n<center><h1>404 Not Found</h1></center>\r\n<hr><center>nginx/1.15.8</center>\r\n</body>\r\n</html>\r\n"
, exit status 1


----------------------------------------------------------------------
PASS: docker_cli_pull_test.go:238: DockerHubPullSuite.TestPullClientDisconnect	3.103s
PASS: docker_cli_pull_test.go:17: DockerHubPullSuite.TestPullFromCentralRegistry	1.947s
PASS: docker_cli_pull_test.go:116: DockerHubPullSuite.TestPullFromCentralRegistryImplicitRefParts	10.758s
PASS: docker_cli_pull_test.go:41: DockerHubPullSuite.TestPullNonExistingImage	1.084s
PASS: docker_cli_pull_test.go:184: DockerHubPullSuite.TestPullScratchNotAllowed	0.022s
OOPS: 1471 passed, 52 skipped, 1 FAILED
--- FAIL: Test (5632.94s)
FAIL
---> Making bundle: .integration-daemon-stop (in bundles/test-integration)
/go/src/github.com/docker/docker/hack/make/.integration-daemon-stop: line 10: wait: pid 1746 is not a child of this shell
warning: PID 1746 from bundles/test-integration/df179bb6389ec/docker.pid had a nonzero exit code
Clearing AppArmor profiles cache:.
All profile caches have been cleared, but no profiles have been unloaded.
Unloading profiles will leave already running processes permanently
unconfined, which can lead to unexpected situations.

To set a process to complain mode, use the command line tool
'aa-complain'. To really tear down all profiles, run the init script
with the 'teardown' option."
Removing test suite binaries
Build step 'Execute shell' marked build as failure
Set build name.
New build name is '#38496'
[PostBuildScript] - Executing post build scripts.
[Docker-PRs-experimental] $ /bin/sh -xe /tmp/jenkins8044325215999155364.sh
+ echo Ensuring container killed.
Ensuring container killed.
+ docker rm -vf docker-pr-exp43576
Error: No such container: docker-pr-exp43576
+ true
+ echo Chowning /workspace to jenkins user
Chowning /workspace to jenkins user
+ id -u
+ id -g
+ docker run --rm -v /home/ubuntu/workspace/Docker-PRs-experimental:/workspace busybox chown -R 1000:1000 /workspace
[Docker-PRs-experimental] $ /bin/sh -xe /tmp/jenkins6418306915492691849.sh
+ echo Creating bundles.tar.gz
Creating bundles.tar.gz
+ xargs tar -czf bundles.tar.gz
+ find bundles -name *.log
Archiving artifacts
Notifying endpoint with url 'https://leeroy.dockerproject.org/notification/jenkins'
[WS-CLEANUP] Deleting project workspace...[WS-CLEANUP] done
Finished: FAILURE
