Started by user Gordon
Notifying endpoint with url 'https://leeroy.dockerproject.org/notification/jenkins'
[EnvInject] - Loading node environment variables.
Building remotely on ubuntu-1604-overlay2-stable (i-00ab5195496429898) (x86_64 ec2 ubuntu overlay2 linux ubuntu-1604 ubuntu-1604-overlay2-stable amd64 docker us-west-2) in workspace /home/ubuntu/workspace/Docker-PRs
Wiping out workspace first.
Cloning the remote Git repository
Cloning repository https://github.com/moby/moby.git
 > git init /home/ubuntu/workspace/Docker-PRs # timeout=10
Fetching upstream changes from https://github.com/moby/moby.git
 > git --version # timeout=10
 > git fetch --tags --progress https://github.com/moby/moby.git +refs/heads/*:refs/remotes/origin/*
 > git config remote.origin.url https://github.com/moby/moby.git # timeout=10
 > git config --add remote.origin.fetch +refs/heads/*:refs/remotes/origin/* # timeout=10
 > git config remote.origin.url https://github.com/moby/moby.git # timeout=10
Fetching upstream changes from https://github.com/moby/moby.git
 > git fetch --tags --progress https://github.com/moby/moby.git +refs/heads/*:refs/remotes/origin/*
 > git rev-parse origin/master^{commit} # timeout=10
Checking out Revision 2cb26cfe9cbf8a64c5046c74d65f4528b22e67f4 (origin/master)
 > git config core.sparsecheckout # timeout=10
 > git checkout -f 2cb26cfe9cbf8a64c5046c74d65f4528b22e67f4
Commit message: "Merge pull request #38301 from cyphar/waitgroup-limits"
 > git rev-list --no-walk 2cb26cfe9cbf8a64c5046c74d65f4528b22e67f4 # timeout=10
Set build name.
New build name is '#38415'
[Docker-PRs] $ /bin/bash /tmp/jenkins1929759244881923442.sh
From https://github.com/moby/moby
 * [new ref]         refs/pull/38415/head -> origin/pr/38415
Updating 2cb26cf..4f5c4e1
Fast-forward
 builder/buildutil/session.go            |  58 +++++++
 builder/buildutil/util.go               | 258 ++++++++++++++++++++++++++++++++
 integration/build/build_session_test.go |  89 +++--------
 integration/build/build_squash_test.go  |  17 +--
 integration/build/build_test.go         | 141 ++++-------------
 5 files changed, 372 insertions(+), 191 deletions(-)
 create mode 100644 builder/buildutil/session.go
 create mode 100644 builder/buildutil/util.go
Sending build context to Docker daemon  45.09MB
Step 1/93 : FROM golang:1.11.4 AS base
 ---> 2422e4d43e15
Step 2/93 : ARG APT_MIRROR=deb.debian.org
 ---> Using cache
 ---> ed7d811a3737
Step 3/93 : RUN sed -ri "s/(httpredir|deb).debian.org/$APT_MIRROR/g" /etc/apt/sources.list
 ---> Using cache
 ---> 8a3dfa886b60
Step 4/93 : FROM base AS criu
 ---> 8a3dfa886b60
Step 5/93 : ENV CRIU_VERSION 3.6
 ---> Using cache
 ---> 590e533f5802
Step 6/93 : RUN apt-get update && apt-get install -y 	libnet-dev 	libprotobuf-c0-dev 	libprotobuf-dev 	libnl-3-dev 	libcap-dev 	protobuf-compiler 	protobuf-c-compiler 	python-protobuf 	&& mkdir -p /usr/src/criu 	&& curl -sSL https://github.com/checkpoint-restore/criu/archive/v${CRIU_VERSION}.tar.gz | tar -C /usr/src/criu/ -xz --strip-components=1 	&& cd /usr/src/criu 	&& make 	&& make PREFIX=/build/ install-criu
 ---> Using cache
 ---> 8deb8f68c11f
Step 7/93 : FROM base AS registry
 ---> 8a3dfa886b60
Step 8/93 : ENV REGISTRY_COMMIT_SCHEMA1 ec87e9b6971d831f0eff752ddb54fb64693e51cd
 ---> Using cache
 ---> 58b6e9b911a4
Step 9/93 : ENV REGISTRY_COMMIT 47a064d4195a9b56133891bbb13620c3ac83a827
 ---> Using cache
 ---> 8942ec361ef9
Step 10/93 : RUN set -x 	&& export GOPATH="$(mktemp -d)" 	&& git clone https://github.com/docker/distribution.git "$GOPATH/src/github.com/docker/distribution" 	&& (cd "$GOPATH/src/github.com/docker/distribution" && git checkout -q "$REGISTRY_COMMIT") 	&& GOPATH="$GOPATH/src/github.com/docker/distribution/Godeps/_workspace:$GOPATH" 		go build -buildmode=pie -o /build/registry-v2 github.com/docker/distribution/cmd/registry 	&& case $(dpkg --print-architecture) in 		amd64|ppc64*|s390x) 		(cd "$GOPATH/src/github.com/docker/distribution" && git checkout -q "$REGISTRY_COMMIT_SCHEMA1"); 		GOPATH="$GOPATH/src/github.com/docker/distribution/Godeps/_workspace:$GOPATH"; 			go build -buildmode=pie -o /build/registry-v2-schema1 github.com/docker/distribution/cmd/registry; 		;; 	   esac 	&& rm -rf "$GOPATH"
 ---> Using cache
 ---> e63d6234bdbb
Step 11/93 : FROM base AS docker-py
 ---> 8a3dfa886b60
Step 12/93 : ENV DOCKER_PY_COMMIT 8b246db271a85d6541dc458838627e89c683e42f
 ---> Using cache
 ---> e2d60bfc376d
Step 13/93 : RUN git clone https://github.com/docker/docker-py.git /build 	&& cd /build 	&& git checkout -q $DOCKER_PY_COMMIT
 ---> Using cache
 ---> ed46cfaf9e40
Step 14/93 : FROM base AS swagger
 ---> 8a3dfa886b60
Step 15/93 : ENV GO_SWAGGER_COMMIT c28258affb0b6251755d92489ef685af8d4ff3eb
 ---> Using cache
 ---> d52d38f94cdb
Step 16/93 : RUN set -x 	&& export GOPATH="$(mktemp -d)" 	&& git clone https://github.com/go-swagger/go-swagger.git "$GOPATH/src/github.com/go-swagger/go-swagger" 	&& (cd "$GOPATH/src/github.com/go-swagger/go-swagger" && git checkout -q "$GO_SWAGGER_COMMIT") 	&& go build -o /build/swagger github.com/go-swagger/go-swagger/cmd/swagger 	&& rm -rf "$GOPATH"
 ---> Using cache
 ---> e27094b97451
Step 17/93 : FROM base AS frozen-images
 ---> 8a3dfa886b60
Step 18/93 : RUN apt-get update && apt-get install -y jq ca-certificates --no-install-recommends
 ---> Using cache
 ---> 15cd986d8884
Step 19/93 : COPY contrib/download-frozen-image-v2.sh /
 ---> Using cache
 ---> f430eb66768f
Step 20/93 : RUN /download-frozen-image-v2.sh /build 	buildpack-deps:jessie@sha256:dd86dced7c9cd2a724e779730f0a53f93b7ef42228d4344b25ce9a42a1486251 	busybox:latest@sha256:bbc3a03235220b170ba48a157dd097dd1379299370e1ed99ce976df0355d24f0 	busybox:glibc@sha256:0b55a30394294ab23b9afd58fab94e61a923f5834fba7ddbae7f8e0c11ba85e6 	debian:jessie@sha256:287a20c5f73087ab406e6b364833e3fb7b3ae63ca0eb3486555dc27ed32c6e60 	hello-world:latest@sha256:be0cd392e45be79ffeffa6b05338b98ebb16c87b255f48e297ec7f98e123905c
 ---> Using cache
 ---> 8fce422a298d
Step 21/93 : FROM base AS runtime-dev
 ---> 8a3dfa886b60
Step 22/93 : RUN apt-get update && apt-get install -y 	libapparmor-dev 	libseccomp-dev
 ---> Using cache
 ---> 781cff916625
Step 23/93 : FROM base AS tomlv
 ---> 8a3dfa886b60
Step 24/93 : ENV INSTALL_BINARY_NAME=tomlv
 ---> Using cache
 ---> f4d8ea45f9b3
Step 25/93 : COPY hack/dockerfile/install/install.sh ./install.sh
 ---> Using cache
 ---> 502a893e1f81
Step 26/93 : COPY hack/dockerfile/install/$INSTALL_BINARY_NAME.installer ./
 ---> Using cache
 ---> ed3f942d48cf
Step 27/93 : RUN PREFIX=/build/ ./install.sh $INSTALL_BINARY_NAME
 ---> Using cache
 ---> 020b34ebed3b
Step 28/93 : FROM base AS vndr
 ---> 8a3dfa886b60
Step 29/93 : ENV INSTALL_BINARY_NAME=vndr
 ---> Using cache
 ---> 999ebdc5ddde
Step 30/93 : COPY hack/dockerfile/install/install.sh ./install.sh
 ---> Using cache
 ---> b9d701c96a54
Step 31/93 : COPY hack/dockerfile/install/$INSTALL_BINARY_NAME.installer ./
 ---> Using cache
 ---> afbbc9eae7f1
Step 32/93 : RUN PREFIX=/build/ ./install.sh $INSTALL_BINARY_NAME
 ---> Using cache
 ---> 183cc621bd03
Step 33/93 : FROM base AS containerd
 ---> 8a3dfa886b60
Step 34/93 : RUN apt-get update && apt-get install -y btrfs-tools
 ---> Using cache
 ---> ef58a8c4a7c8
Step 35/93 : ENV INSTALL_BINARY_NAME=containerd
 ---> Using cache
 ---> 5cff0c07fbde
Step 36/93 : COPY hack/dockerfile/install/install.sh ./install.sh
 ---> Using cache
 ---> f6ac85cef03e
Step 37/93 : COPY hack/dockerfile/install/$INSTALL_BINARY_NAME.installer ./
 ---> Using cache
 ---> 9fa5cd16fab6
Step 38/93 : RUN PREFIX=/build/ ./install.sh $INSTALL_BINARY_NAME
 ---> Using cache
 ---> 7079d659ecfc
Step 39/93 : FROM base AS proxy
 ---> 8a3dfa886b60
Step 40/93 : ENV INSTALL_BINARY_NAME=proxy
 ---> Using cache
 ---> ad21ee248d06
Step 41/93 : COPY hack/dockerfile/install/install.sh ./install.sh
 ---> Using cache
 ---> 593a6bee8d99
Step 42/93 : COPY hack/dockerfile/install/$INSTALL_BINARY_NAME.installer ./
 ---> Using cache
 ---> 6fe77e8f2fec
Step 43/93 : RUN PREFIX=/build/ ./install.sh $INSTALL_BINARY_NAME
 ---> Using cache
 ---> 6d6f10ea005c
Step 44/93 : FROM base AS gometalinter
 ---> 8a3dfa886b60
Step 45/93 : ENV INSTALL_BINARY_NAME=gometalinter
 ---> Using cache
 ---> bff47e3543d0
Step 46/93 : COPY hack/dockerfile/install/install.sh ./install.sh
 ---> Using cache
 ---> 2fa4410dcee1
Step 47/93 : COPY hack/dockerfile/install/$INSTALL_BINARY_NAME.installer ./
 ---> Using cache
 ---> 8665bd9a253e
Step 48/93 : RUN PREFIX=/build/ ./install.sh $INSTALL_BINARY_NAME
 ---> Using cache
 ---> c50d0f7f9f22
Step 49/93 : FROM base AS dockercli
 ---> 8a3dfa886b60
Step 50/93 : ENV INSTALL_BINARY_NAME=dockercli
 ---> Using cache
 ---> 2cd51e4763e9
Step 51/93 : COPY hack/dockerfile/install/install.sh ./install.sh
 ---> Using cache
 ---> fc2c0b63775d
Step 52/93 : COPY hack/dockerfile/install/$INSTALL_BINARY_NAME.installer ./
 ---> Using cache
 ---> f1de78df97e2
Step 53/93 : RUN PREFIX=/build/ ./install.sh $INSTALL_BINARY_NAME
 ---> Using cache
 ---> ae80ebf2babb
Step 54/93 : FROM runtime-dev AS runc
 ---> 781cff916625
Step 55/93 : ENV INSTALL_BINARY_NAME=runc
 ---> Using cache
 ---> fab1cfcad28e
Step 56/93 : COPY hack/dockerfile/install/install.sh ./install.sh
 ---> Using cache
 ---> 320316c76b92
Step 57/93 : COPY hack/dockerfile/install/$INSTALL_BINARY_NAME.installer ./
 ---> Using cache
 ---> a99784a99e85
Step 58/93 : RUN PREFIX=/build/ ./install.sh $INSTALL_BINARY_NAME
 ---> Using cache
 ---> c21078c36593
Step 59/93 : FROM base AS tini
 ---> 8a3dfa886b60
Step 60/93 : RUN apt-get update && apt-get install -y cmake vim-common
 ---> Using cache
 ---> 69432b567faf
Step 61/93 : COPY hack/dockerfile/install/install.sh ./install.sh
 ---> Using cache
 ---> 0c8643c1e9e0
Step 62/93 : ENV INSTALL_BINARY_NAME=tini
 ---> Using cache
 ---> 88ac8f35aa72
Step 63/93 : COPY hack/dockerfile/install/$INSTALL_BINARY_NAME.installer ./
 ---> Using cache
 ---> 4e27dd1ef94b
Step 64/93 : RUN PREFIX=/build/ ./install.sh $INSTALL_BINARY_NAME
 ---> Using cache
 ---> bb383c29db73
Step 65/93 : FROM runtime-dev AS dev
 ---> 781cff916625
Step 66/93 : RUN groupadd -r docker
 ---> Using cache
 ---> 9ea10f3e203b
Step 67/93 : RUN useradd --create-home --gid docker unprivilegeduser
 ---> Using cache
 ---> 8fa6a96998d4
Step 68/93 : RUN ln -sfv /go/src/github.com/docker/docker/.bashrc ~/.bashrc
 ---> Using cache
 ---> e18309a3ed28
Step 69/93 : RUN echo "source /usr/share/bash-completion/bash_completion" >> /etc/bash.bashrc
 ---> Using cache
 ---> 3c488f8c720a
Step 70/93 : RUN ln -s /usr/local/completion/bash/docker /etc/bash_completion.d/docker
 ---> Using cache
 ---> a156ec0123f5
Step 71/93 : RUN ldconfig
 ---> Using cache
 ---> 01b8c49d752f
Step 72/93 : RUN apt-get update && apt-get install -y 	apparmor 	aufs-tools 	bash-completion 	btrfs-tools 	iptables 	jq 	libcap2-bin 	libdevmapper-dev 	libudev-dev 	libsystemd-dev 	binutils-mingw-w64 	g++-mingw-w64-x86-64 	net-tools 	pigz 	python-backports.ssl-match-hostname 	python-dev 	python-mock 	python-pip 	python-requests 	python-setuptools 	python-websocket 	python-wheel 	thin-provisioning-tools 	vim 	vim-common 	xfsprogs 	zip 	bzip2 	xz-utils 	--no-install-recommends
 ---> Using cache
 ---> 1fca33da3a7b
Step 73/93 : COPY --from=swagger /build/swagger* /usr/local/bin/
 ---> Using cache
 ---> 6c058a9bd9f2
Step 74/93 : COPY --from=frozen-images /build/ /docker-frozen-images
 ---> Using cache
 ---> 03b143018351
Step 75/93 : COPY --from=gometalinter /build/ /usr/local/bin/
 ---> Using cache
 ---> eed62a46b960
Step 76/93 : COPY --from=tomlv /build/ /usr/local/bin/
 ---> Using cache
 ---> 718dbfa64419
Step 77/93 : COPY --from=vndr /build/ /usr/local/bin/
 ---> Using cache
 ---> 6fed31a6999d
Step 78/93 : COPY --from=tini /build/ /usr/local/bin/
 ---> Using cache
 ---> 57ad29d08b45
Step 79/93 : COPY --from=runc /build/ /usr/local/bin/
 ---> Using cache
 ---> f57c3cbffdd3
Step 80/93 : COPY --from=containerd /build/ /usr/local/bin/
 ---> Using cache
 ---> 4ca65e1b6d4d
Step 81/93 : COPY --from=proxy /build/ /usr/local/bin/
 ---> Using cache
 ---> d12d440082cb
Step 82/93 : COPY --from=dockercli /build/ /usr/local/cli
 ---> Using cache
 ---> 74ff233d9df5
Step 83/93 : COPY --from=registry /build/registry* /usr/local/bin/
 ---> Using cache
 ---> 385d5f7d5a4f
Step 84/93 : COPY --from=criu /build/ /usr/local/
 ---> Using cache
 ---> 94dc715f0c1f
Step 85/93 : COPY --from=docker-py /build/ /docker-py
 ---> Using cache
 ---> e2f835a18851
Step 86/93 : RUN cd /docker-py 	&& pip install docker-pycreds==0.2.1 	&& pip install yamllint==1.5.0 	&& pip install -r test-requirements.txt
 ---> Using cache
 ---> 0e679a85b043
Step 87/93 : ENV PATH=/usr/local/cli:$PATH
 ---> Using cache
 ---> a3bb84d7764d
Step 88/93 : ENV DOCKER_BUILDTAGS apparmor seccomp selinux
 ---> Using cache
 ---> 34187a387eaf
Step 89/93 : ENV GOMETALINTER_OPTS="--deadline=2m"
 ---> Using cache
 ---> a69fb30b1c70
Step 90/93 : WORKDIR /go/src/github.com/docker/docker
 ---> Using cache
 ---> d08f683c5669
Step 91/93 : VOLUME /var/lib/docker
 ---> Using cache
 ---> 7aa44112f97b
Step 92/93 : ENTRYPOINT ["hack/dind"]
 ---> Using cache
 ---> 78a295926124
Step 93/93 : COPY . /go/src/github.com/docker/docker
 ---> Using cache
 ---> 222836648271
Successfully built 222836648271
Successfully tagged docker:4f5c4e1
Congratulations!  All commits are properly signed with the DCO!
Congratulations!  "./pkg/..." is safely isolated from internal code.
No api/types/ or api/swagger.yaml changes in diff.
Congratulations!  No testing.T found.
Congratulations!  All toml source files changed here have valid syntax.
Congratulations!  Changelog CHANGELOG.md is well-formed.
Congratulations!  Changelog CHANGELOG.md dates are in descending order.
Congratulations!  No new tests added to integration-cli.
?   	github.com/docker/docker/api	[no test files]
ok  	github.com/docker/docker/api/server	0.004s	coverage: 7.9% of statements
?   	github.com/docker/docker/api/server/backend/build	[no test files]
ok  	github.com/docker/docker/api/server/httputils	0.004s	coverage: 11.1% of statements
ok  	github.com/docker/docker/api/server/middleware	0.004s	coverage: 43.4% of statements
?   	github.com/docker/docker/api/server/router	[no test files]
?   	github.com/docker/docker/api/server/router/build	[no test files]
?   	github.com/docker/docker/api/server/router/checkpoint	[no test files]
?   	github.com/docker/docker/api/server/router/container	[no test files]
?   	github.com/docker/docker/api/server/router/debug	[no test files]
?   	github.com/docker/docker/api/server/router/distribution	[no test files]
?   	github.com/docker/docker/api/server/router/image	[no test files]
?   	github.com/docker/docker/api/server/router/network	[no test files]
?   	github.com/docker/docker/api/server/router/plugin	[no test files]
?   	github.com/docker/docker/api/server/router/session	[no test files]
?   	github.com/docker/docker/api/server/router/swarm	[no test files]
?   	github.com/docker/docker/api/server/router/system	[no test files]
?   	github.com/docker/docker/api/server/router/volume	[no test files]
?   	github.com/docker/docker/api/types	[no test files]
?   	github.com/docker/docker/api/types/backend	[no test files]
?   	github.com/docker/docker/api/types/blkiodev	[no test files]
?   	github.com/docker/docker/api/types/container	[no test files]
?   	github.com/docker/docker/api/types/events	[no test files]
ok  	github.com/docker/docker/api/types/filters	0.003s	coverage: 94.2% of statements
?   	github.com/docker/docker/api/types/image	[no test files]
?   	github.com/docker/docker/api/types/mount	[no test files]
?   	github.com/docker/docker/api/types/network	[no test files]
?   	github.com/docker/docker/api/types/plugins/logdriver	[no test files]
?   	github.com/docker/docker/api/types/registry	[no test files]
ok  	github.com/docker/docker/api/types/strslice	0.002s	coverage: 90.0% of statements
?   	github.com/docker/docker/api/types/swarm	[no test files]
?   	github.com/docker/docker/api/types/swarm/runtime	[no test files]
ok  	github.com/docker/docker/api/types/time	0.002s	coverage: 100.0% of statements
ok  	github.com/docker/docker/api/types/versions	0.002s	coverage: 75.0% of statements
?   	github.com/docker/docker/api/types/versions/v1p19	[no test files]
?   	github.com/docker/docker/api/types/versions/v1p20	[no test files]
?   	github.com/docker/docker/api/types/volume	[no test files]
?   	github.com/docker/docker/builder	[no test files]
?   	github.com/docker/docker/builder/builder-next	[no test files]
?   	github.com/docker/docker/builder/builder-next/adapters/containerimage	[no test files]
?   	github.com/docker/docker/builder/builder-next/adapters/snapshot	[no test files]
?   	github.com/docker/docker/builder/builder-next/exporter	[no test files]
?   	github.com/docker/docker/builder/builder-next/imagerefchecker	[no test files]
?   	github.com/docker/docker/builder/builder-next/worker	[no test files]
?   	github.com/docker/docker/builder/buildutil	[no test files]
ok  	github.com/docker/docker/builder/dockerfile	0.403s	coverage: 45.4% of statements
ok  	github.com/docker/docker/builder/dockerignore	0.002s	coverage: 96.8% of statements
ok  	github.com/docker/docker/builder/fscache	0.111s	coverage: 69.5% of statements
ok  	github.com/docker/docker/builder/remotecontext	0.146s	coverage: 13.7% of statements
ok  	github.com/docker/docker/builder/remotecontext/git	0.568s	coverage: 78.8% of statements
?   	github.com/docker/docker/cli	[no test files]
?   	github.com/docker/docker/cli/config	[no test files]
ok  	github.com/docker/docker/cli/debug	0.002s	coverage: 100.0% of statements
ok  	github.com/docker/docker/client	0.098s	coverage: 75.6% of statements
ok  	github.com/docker/docker/cmd/dockerd	0.039s	coverage: 31.4% of statements
ok  	github.com/docker/docker/cmd/dockerd/hack	0.002s	coverage: 72.9% of statements
ok  	github.com/docker/docker/container	0.113s	coverage: 35.6% of statements
?   	github.com/docker/docker/container/stream	[no test files]
?   	github.com/docker/docker/contrib/apparmor	[no test files]
?   	github.com/docker/docker/contrib/docker-device-tool	[no test files]
?   	github.com/docker/docker/contrib/httpserver	[no test files]
ok  	github.com/docker/docker/daemon	12.137s	coverage: 17.1% of statements
ok  	github.com/docker/docker/daemon/cluster	0.035s	coverage: 0.5% of statements
ok  	github.com/docker/docker/daemon/cluster/controllers/plugin	0.008s	coverage: 65.3% of statements
ok  	github.com/docker/docker/daemon/cluster/convert	0.006s	coverage: 28.0% of statements
?   	github.com/docker/docker/daemon/cluster/executor	[no test files]
ok  	github.com/docker/docker/daemon/cluster/executor/container	3.433s	coverage: 12.6% of statements
?   	github.com/docker/docker/daemon/cluster/provider	[no test files]
ok  	github.com/docker/docker/daemon/config	0.031s	coverage: 84.8% of statements
ok  	github.com/docker/docker/daemon/discovery	0.004s	coverage: 30.4% of statements
ok  	github.com/docker/docker/daemon/events	0.057s	coverage: 50.0% of statements
?   	github.com/docker/docker/daemon/events/testutils	[no test files]
?   	github.com/docker/docker/daemon/exec	[no test files]
ok  	github.com/docker/docker/daemon/graphdriver	0.004s	coverage: 2.2% of statements
ok  	github.com/docker/docker/daemon/graphdriver/aufs	5.172s	coverage: 73.6% of statements
ok  	github.com/docker/docker/daemon/graphdriver/btrfs	0.005s	coverage: 2.9% of statements
ok  	github.com/docker/docker/daemon/graphdriver/copy	0.176s	coverage: 57.0% of statements
ok  	github.com/docker/docker/daemon/graphdriver/devmapper	2.071s	coverage: 45.9% of statements
?   	github.com/docker/docker/daemon/graphdriver/graphtest	[no test files]
ok  	github.com/docker/docker/daemon/graphdriver/overlay	0.720s	coverage: 50.8% of statements
ok  	github.com/docker/docker/daemon/graphdriver/overlay2	2.097s	coverage: 56.8% of statements
?   	github.com/docker/docker/daemon/graphdriver/overlayutils	[no test files]
ok  	github.com/docker/docker/daemon/graphdriver/quota	0.279s	coverage: 75.2% of statements
?   	github.com/docker/docker/daemon/graphdriver/register	[no test files]
ok  	github.com/docker/docker/daemon/graphdriver/vfs	0.005s	coverage: 70.5% of statements
ok  	github.com/docker/docker/daemon/graphdriver/zfs	0.004s	coverage: 3.0% of statements
ok  	github.com/docker/docker/daemon/images	0.009s	coverage: 4.9% of statements
?   	github.com/docker/docker/daemon/initlayer	[no test files]
ok  	github.com/docker/docker/daemon/links	0.002s	coverage: 93.0% of statements
?   	github.com/docker/docker/daemon/listeners	[no test files]
ok  	github.com/docker/docker/daemon/logger	0.214s	coverage: 43.7% of statements
ok  	github.com/docker/docker/daemon/logger/awslogs	0.116s	coverage: 71.7% of statements
?   	github.com/docker/docker/daemon/logger/fluentd	[no test files]
?   	github.com/docker/docker/daemon/logger/gcplogs	[no test files]
ok  	github.com/docker/docker/daemon/logger/gelf	0.005s	coverage: 68.2% of statements
ok  	github.com/docker/docker/daemon/logger/journald	0.004s	coverage: 26.2% of statements
ok  	github.com/docker/docker/daemon/logger/jsonfilelog	0.006s	coverage: 62.1% of statements
ok  	github.com/docker/docker/daemon/logger/jsonfilelog/jsonlog	0.004s	coverage: 88.3% of statements
ok  	github.com/docker/docker/daemon/logger/local	0.011s	coverage: 74.7% of statements
?   	github.com/docker/docker/daemon/logger/logentries	[no test files]
ok  	github.com/docker/docker/daemon/logger/loggerutils	0.007s	coverage: 18.6% of statements
ok  	github.com/docker/docker/daemon/logger/splunk	1.484s	coverage: 84.5% of statements
ok  	github.com/docker/docker/daemon/logger/syslog	0.004s	coverage: 22.8% of statements
ok  	github.com/docker/docker/daemon/logger/templates	0.002s	coverage: 8.3% of statements
?   	github.com/docker/docker/daemon/names	[no test files]
ok  	github.com/docker/docker/daemon/network	0.002s	coverage: 57.1% of statements
?   	github.com/docker/docker/daemon/stats	[no test files]
ok  	github.com/docker/docker/distribution	1.102s	coverage: 16.8% of statements
ok  	github.com/docker/docker/distribution/metadata	0.027s	coverage: 48.2% of statements
?   	github.com/docker/docker/distribution/utils	[no test files]
ok  	github.com/docker/docker/distribution/xfer	1.430s	coverage: 83.9% of statements
?   	github.com/docker/docker/dockerversion	[no test files]
ok  	github.com/docker/docker/errdefs	0.002s	coverage: 76.6% of statements
ok  	github.com/docker/docker/image	0.016s	coverage: 86.3% of statements
ok  	github.com/docker/docker/image/cache	0.006s	coverage: 19.2% of statements
?   	github.com/docker/docker/image/tarexport	[no test files]
ok  	github.com/docker/docker/image/v1	0.006s	coverage: 25.0% of statements
ok  	github.com/docker/docker/internal/procfs	0.003s	coverage: 78.4% of statements
?   	github.com/docker/docker/internal/test	[no test files]
?   	github.com/docker/docker/internal/test/daemon	[no test files]
?   	github.com/docker/docker/internal/test/environment	[no test files]
?   	github.com/docker/docker/internal/test/fakecontext	[no test files]
?   	github.com/docker/docker/internal/test/fakegit	[no test files]
?   	github.com/docker/docker/internal/test/fakestorage	[no test files]
?   	github.com/docker/docker/internal/test/fixtures/load	[no test files]
?   	github.com/docker/docker/internal/test/fixtures/plugin	[no test files]
?   	github.com/docker/docker/internal/test/fixtures/plugin/basic	[no test files]
?   	github.com/docker/docker/internal/test/registry	[no test files]
?   	github.com/docker/docker/internal/test/request	[no test files]
ok  	github.com/docker/docker/internal/testutil	0.002s	coverage: 62.5% of statements
ok  	github.com/docker/docker/layer	7.131s	coverage: 71.4% of statements
ok  	github.com/docker/docker/libcontainerd	0.027s	coverage: 3.4% of statements
?   	github.com/docker/docker/libcontainerd/supervisor	[no test files]
?   	github.com/docker/docker/oci	[no test files]
?   	github.com/docker/docker/oci/caps	[no test files]
ok  	github.com/docker/docker/opts	0.016s	coverage: 68.4% of statements
ok  	github.com/docker/docker/pkg/aaparser	0.002s	coverage: 50.0% of statements
ok  	github.com/docker/docker/pkg/archive	0.276s	coverage: 82.2% of statements
ok  	github.com/docker/docker/pkg/authorization	0.132s	coverage: 66.7% of statements
ok  	github.com/docker/docker/pkg/broadcaster	0.002s	coverage: 100.0% of statements
ok  	github.com/docker/docker/pkg/chrootarchive	2.807s	coverage: 37.0% of statements
?   	github.com/docker/docker/pkg/containerfs	[no test files]
?   	github.com/docker/docker/pkg/devicemapper	[no test files]
ok  	github.com/docker/docker/pkg/directory	0.002s	coverage: 80.0% of statements
ok  	github.com/docker/docker/pkg/discovery	0.003s	coverage: 58.3% of statements
ok  	github.com/docker/docker/pkg/discovery/file	0.003s	coverage: 92.9% of statements
ok  	github.com/docker/docker/pkg/discovery/kv	3.061s	coverage: 84.1% of statements
ok  	github.com/docker/docker/pkg/discovery/memory	0.002s	coverage: 92.3% of statements
ok  	github.com/docker/docker/pkg/discovery/nodes	0.003s	coverage: 93.8% of statements
ok  	github.com/docker/docker/pkg/dmesg	0.003s	coverage: 83.3% of statements
ok  	github.com/docker/docker/pkg/filenotify	0.603s	coverage: 66.3% of statements
ok  	github.com/docker/docker/pkg/fileutils	0.006s	coverage: 89.5% of statements
ok  	github.com/docker/docker/pkg/fsutils	0.159s	coverage: 85.1% of statements
ok  	github.com/docker/docker/pkg/homedir	0.003s	coverage: 41.7% of statements
ok  	github.com/docker/docker/pkg/idtools	0.294s	coverage: 70.2% of statements
ok  	github.com/docker/docker/pkg/ioutils	0.382s	coverage: 69.1% of statements
ok  	github.com/docker/docker/pkg/jsonmessage	0.003s	coverage: 88.3% of statements
ok  	github.com/docker/docker/pkg/locker	0.011s	coverage: 88.9% of statements
ok  	github.com/docker/docker/pkg/longpath	0.002s	coverage: 100.0% of statements
?   	github.com/docker/docker/pkg/loopback	[no test files]
ok  	github.com/docker/docker/pkg/mount	0.506s	coverage: 68.6% of statements
ok  	github.com/docker/docker/pkg/namesgenerator	0.002s	coverage: 85.7% of statements
?   	github.com/docker/docker/pkg/namesgenerator/cmd/names-generator	[no test files]
ok  	github.com/docker/docker/pkg/parsers	0.002s	coverage: 97.0% of statements
ok  	github.com/docker/docker/pkg/parsers/kernel	0.002s	coverage: 60.0% of statements
ok  	github.com/docker/docker/pkg/parsers/operatingsystem	0.002s	coverage: 90.0% of statements
ok  	github.com/docker/docker/pkg/pidfile	0.002s	coverage: 82.4% of statements
?   	github.com/docker/docker/pkg/platform	[no test files]
?   	github.com/docker/docker/pkg/plugingetter	[no test files]
ok  	github.com/docker/docker/pkg/plugins	33.617s	coverage: 76.8% of statements
ok  	github.com/docker/docker/pkg/plugins/pluginrpc-gen	0.009s	coverage: 56.8% of statements
?   	github.com/docker/docker/pkg/plugins/pluginrpc-gen/fixtures	[no test files]
?   	github.com/docker/docker/pkg/plugins/pluginrpc-gen/fixtures/otherfixture	[no test files]
ok  	github.com/docker/docker/pkg/plugins/transport	0.002s	coverage: 85.7% of statements
ok  	github.com/docker/docker/pkg/pools	0.002s	coverage: 87.9% of statements
ok  	github.com/docker/docker/pkg/progress	0.002s	coverage: 75.9% of statements
ok  	github.com/docker/docker/pkg/pubsub	1.035s	coverage: 72.7% of statements
ok  	github.com/docker/docker/pkg/reexec	0.009s	coverage: 82.4% of statements
ok  	github.com/docker/docker/pkg/signal	2.360s	coverage: 61.0% of statements
?   	github.com/docker/docker/pkg/signal/testfiles	[no test files]
ok  	github.com/docker/docker/pkg/stdcopy	0.003s	coverage: 100.0% of statements
ok  	github.com/docker/docker/pkg/streamformatter	0.003s	coverage: 66.2% of statements
ok  	github.com/docker/docker/pkg/stringid	0.002s	coverage: 76.0% of statements
ok  	github.com/docker/docker/pkg/symlink	0.006s	coverage: 87.7% of statements
ok  	github.com/docker/docker/pkg/sysinfo	0.004s	coverage: 75.8% of statements
ok  	github.com/docker/docker/pkg/system	0.018s	coverage: 36.1% of statements
ok  	github.com/docker/docker/pkg/tailfile	0.017s	coverage: 88.6% of statements
ok  	github.com/docker/docker/pkg/tarsum	0.050s	coverage: 89.3% of statements
ok  	github.com/docker/docker/pkg/term	0.003s	coverage: 84.8% of statements
ok  	github.com/docker/docker/pkg/term/windows	0.002s	coverage: 0.0% of statements [no tests to run]
ok  	github.com/docker/docker/pkg/truncindex	0.102s	coverage: 91.5% of statements
ok  	github.com/docker/docker/pkg/urlutil	0.002s	coverage: 100.0% of statements
ok  	github.com/docker/docker/pkg/useragent	0.002s	coverage: 88.9% of statements
ok  	github.com/docker/docker/plugin	0.531s	coverage: 27.3% of statements
ok  	github.com/docker/docker/plugin/executor/containerd	0.007s	coverage: 33.3% of statements
ok  	github.com/docker/docker/plugin/v2	0.003s	coverage: 14.5% of statements
?   	github.com/docker/docker/profiles/apparmor	[no test files]
ok  	github.com/docker/docker/profiles/seccomp	0.005s	coverage: 79.4% of statements
ok  	github.com/docker/docker/reference	0.006s	coverage: 84.4% of statements
ok  	github.com/docker/docker/registry	0.101s	coverage: 57.0% of statements
ok  	github.com/docker/docker/registry/resumable	0.016s	coverage: 100.0% of statements
ok  	github.com/docker/docker/restartmanager	0.002s	coverage: 49.0% of statements
ok  	github.com/docker/docker/runconfig	0.009s	coverage: 68.2% of statements
?   	github.com/docker/docker/runconfig/opts	[no test files]
?   	github.com/docker/docker/volume	[no test files]
ok  	github.com/docker/docker/volume/drivers	0.005s	coverage: 36.1% of statements
ok  	github.com/docker/docker/volume/local	0.014s	coverage: 73.0% of statements
ok  	github.com/docker/docker/volume/mounts	0.025s	coverage: 66.8% of statements
ok  	github.com/docker/docker/volume/service	0.014s	coverage: 73.0% of statements
?   	github.com/docker/docker/volume/service/opts	[no test files]
?   	github.com/docker/docker/volume/testutils	[no test files]

  _____          _
 / ____|        | |
| |     ___   __| | ___  ___ _____   __
| |    / _ \ / _` |/ _ \/ __/ _ \ \ / /
| |___| (_) | (_| |  __/ (_| (_) \ V /
 \_____\___/ \__,_|\___|\___\___/ \_/
                              Bash-0b37652


x> No CI provider detected.
    Testing inside Docker? http://docs.codecov.io/docs/testing-with-docker
    Testing with Tox? https://docs.codecov.io/docs/python#section-testing-with-tox
    project root: .
--> token set from env
    Yaml found at: codecov.yml
    -> Found 1 reports
==> Detecting git/mercurial file structure
==> Reading reports
    + coverage.txt bytes=1662587
==> Appending adjustments
    http://docs.codecov.io/docs/fixing-reports
    + Found adjustments
==> Gzipping contents
==> Uploading reports
    url: https://codecov.io
    query: branch=&commit=4f5c4e1991ec24c4d70ff230dfdd660a0224f34e&build=&build_url=&name=&tag=&slug=moby%2Fmoby&service=&flags=&pr=&job=
    -> Pinging Codecov
    -> Uploading
    -> View reports at https://codecov.io/github/moby/moby/commit/4f5c4e1991ec24c4d70ff230dfdd660a0224f34e

Removing bundles/

---> Making bundle: binary-daemon (in bundles/binary-daemon)
Building: bundles/binary-daemon/dockerd-dev
Created binary: bundles/binary-daemon/dockerd-dev
Copying nested executables into bundles/binary-daemon

---> Making bundle: dynbinary (in bundles/dynbinary)
Building: bundles/dynbinary-daemon/dockerd-dev
Created binary: bundles/dynbinary-daemon/dockerd-dev

---> Making bundle: test-docker-py (in bundles/test-docker-py)
---> Making bundle: .integration-daemon-start (in bundles/test-docker-py)
Using test binary docker
/etc/init.d/apparmor: 130: /etc/init.d/apparmor: systemd-detect-virt: not found
Starting AppArmor profiles:Warning from stdin (line 1): /sbin/apparmor_parser: cannot use or update cache, disable, or force-complain via stdin
Warning failed to create cache: (null)
.
INFO: Waiting for daemon to start...
Starting dockerd
.
============================= test session starts ==============================
platform linux2 -- Python 2.7.13, pytest-2.9.1, py-1.7.0, pluggy-0.3.1
rootdir: /docker-py, inifile: pytest.ini
plugins: cov-2.1.0
collected 338 items

../../../../../docker-py/tests/integration/api_build_test.py ....s..s........
../../../../../docker-py/tests/integration/api_client_test.py .......
../../../../../docker-py/tests/integration/api_config_test.py .....
../../../../../docker-py/tests/integration/api_container_test.py ....x....x.......x............................................................
../../../../../docker-py/tests/integration/api_exec_test.py .............
../../../../../docker-py/tests/integration/api_healthcheck_test.py ....
../../../../../docker-py/tests/integration/api_image_test.py ...s........s....
../../../../../docker-py/tests/integration/api_network_test.py ...........................
../../../../../docker-py/tests/integration/api_plugin_test.py ...........
../../../../../docker-py/tests/integration/api_secret_test.py .....
../../../../../docker-py/tests/integration/api_service_test.py ......................................................
../../../../../docker-py/tests/integration/api_swarm_test.py ..s...x......
../../../../../docker-py/tests/integration/api_volume_test.py .........
../../../../../docker-py/tests/integration/client_test.py ....
../../../../../docker-py/tests/integration/errors_test.py .
../../../../../docker-py/tests/integration/models_containers_test.py ..............................
../../../../../docker-py/tests/integration/models_images_test.py .............
../../../../../docker-py/tests/integration/models_networks_test.py ....
../../../../../docker-py/tests/integration/models_nodes_test.py .
../../../../../docker-py/tests/integration/models_resources_test.py .
../../../../../docker-py/tests/integration/models_services_test.py ..............X.
../../../../../docker-py/tests/integration/models_swarm_test.py .
../../../../../docker-py/tests/integration/models_volumes_test.py ..
../../../../../docker-py/tests/integration/regression_test.py ......

 generated xml file: /go/src/github.com/docker/docker/bundles/test-docker-py/results.xml 
=========================== short test summary info ============================
XFAIL ../../../../../docker-py/tests/integration/api_container_test.py::CreateContainerTest::test_create_with_cpu_rt_options
  CONFIG_RT_GROUP_SCHED isn't enabled
XFAIL ../../../../../docker-py/tests/integration/api_container_test.py::CreateContainerTest::test_create_with_init_path
  init-path removed in 17.05.0
XFAIL ../../../../../docker-py/tests/integration/api_container_test.py::CreateContainerTest::test_create_with_storage_opt
  Not supported on most drivers
XFAIL ../../../../../docker-py/tests/integration/api_swarm_test.py::SwarmTest::test_init_swarm_with_log_driver
  This doesn't seem to be taken into account by the engine
SKIP [1] tests/integration/api_image_test.py:289: Doesn't work inside a container - FIXME
SKIP [1] /docker-py/tests/integration/api_swarm_test.py:31: Test stalls the engine on 1.12.0
SKIP [3] /docker-py/tests/helpers.py:69: Feature requires Docker Engine experimental mode
======== 328 passed, 5 skipped, 4 xfailed, 1 xpassed in 353.17 seconds =========
---> Making bundle: .integration-daemon-stop (in bundles/test-docker-py)
Clearing AppArmor profiles cache:.
All profile caches have been cleared, but no profiles have been unloaded.
Unloading profiles will leave already running processes permanently
unconfined, which can lead to unexpected situations.

To set a process to complain mode, use the command line tool
'aa-complain'. To really tear down all profiles, run the init script
with the 'teardown' option."

---> Making bundle: test-integration (in bundles/test-integration)
Building test suite binary ./integration-cli/test.main
Building test suite binary ./integration/plugin/test.main
Building test suite binary ./integration/plugin/authz/test.main
Building test suite binary ./integration/plugin/logging/test.main
Building test suite binary ./integration/plugin/logging/cmd/test.main
Building test suite binary ./integration/plugin/logging/cmd/close_on_start/test.main
Building test suite binary ./integration/plugin/logging/cmd/dummy/test.main
Building test suite binary ./integration/plugin/common/test.main
Building test suite binary ./integration/plugin/volumes/test.main
Building test suite binary ./integration/plugin/volumes/cmd/test.main
Building test suite binary ./integration/plugin/volumes/cmd/dummy/test.main
Building test suite binary ./integration/plugin/graphdriver/test.main
Building test suite binary ./integration/config/test.main
Building test suite binary ./integration/service/test.main
Building test suite binary ./integration/network/test.main
Building test suite binary ./integration/network/ipvlan/test.main
Building test suite binary ./integration/network/macvlan/test.main
Building test suite binary ./integration/secret/test.main
Building test suite binary ./integration/session/test.main
Building test suite binary ./integration/container/test.main
Building test suite binary ./integration/build/test.main
Building test suite binary ./integration/volume/test.main
Building test suite binary ./integration/system/test.main
Building test suite binary ./integration/image/test.main
---> Making bundle: .integration-daemon-start (in bundles/test-integration)
Using test binary docker
/etc/init.d/apparmor: 130: /etc/init.d/apparmor: systemd-detect-virt: not found
Starting AppArmor profiles:Warning from stdin (line 1): /sbin/apparmor_parser: cannot use or update cache, disable, or force-complain via stdin
Warning failed to create cache: (null)
.
INFO: Waiting for daemon to start...
Starting dockerd
.
---> Making bundle: .integration-daemon-setup (in bundles/test-integration)
---> Making bundle: .ensure-emptyfs (in bundles/test-integration)
Error: No such image: emptyfs
Running integration-test (iteration 1)
Running /go/src/github.com/docker/docker/integration/plugin
testing: warning: no tests to run
PASS
Running /go/src/github.com/docker/docker/integration/plugin/authz
Loaded image: buildpack-deps:jessie
The image busybox:latest already exists, renaming the old one with ID sha256:59788edf1f3e78cd0ebe6ce1446e9d10788225db3dedcfd1a59f764bad2b2690 to empty string
Loaded image: busybox:latest
Loaded image: busybox:glibc
Loaded image: debian:jessie
The image hello-world:latest already exists, renaming the old one with ID sha256:4ab4c602aa5eed5528a6620ff18a1dc4faef0e1ab3a5eddeddb410714478c67f to empty string
Loaded image: hello-world:latest
INFO: Testing against a local daemon
=== RUN   TestAuthZPluginAllowRequest
--- PASS: TestAuthZPluginAllowRequest (7.63s)
    daemon.go:296: [d47c1e31ddecb] waiting for daemon to start
    daemon.go:328: [d47c1e31ddecb] daemon started
    daemon.go:283: [d47c1e31ddecb] exiting daemon
=== RUN   TestAuthZPluginTLS
--- PASS: TestAuthZPluginTLS (3.53s)
    daemon.go:296: [da9fb47387125] waiting for daemon to start
    daemon.go:328: [da9fb47387125] daemon started
    daemon.go:283: [da9fb47387125] exiting daemon
=== RUN   TestAuthZPluginDenyRequest
--- PASS: TestAuthZPluginDenyRequest (1.41s)
    daemon.go:296: [d20643109b918] waiting for daemon to start
    daemon.go:328: [d20643109b918] daemon started
    daemon.go:283: [d20643109b918] exiting daemon
=== RUN   TestAuthZPluginAPIDenyResponse
--- PASS: TestAuthZPluginAPIDenyResponse (0.53s)
    daemon.go:296: [dc398be9f74b5] waiting for daemon to start
    daemon.go:328: [dc398be9f74b5] daemon started
    daemon.go:283: [dc398be9f74b5] exiting daemon
=== RUN   TestAuthZPluginDenyResponse
--- PASS: TestAuthZPluginDenyResponse (0.53s)
    daemon.go:296: [de0462c5ac7ff] waiting for daemon to start
    daemon.go:328: [de0462c5ac7ff] daemon started
    daemon.go:283: [de0462c5ac7ff] exiting daemon
=== RUN   TestAuthZPluginAllowEventStream
--- PASS: TestAuthZPluginAllowEventStream (1.25s)
    daemon.go:296: [d27cbf0207c80] waiting for daemon to start
    daemon.go:328: [d27cbf0207c80] daemon started
    daemon.go:283: [d27cbf0207c80] exiting daemon
=== RUN   TestAuthZPluginErrorResponse
--- PASS: TestAuthZPluginErrorResponse (0.55s)
    daemon.go:296: [d60cdeb73dbdc] waiting for daemon to start
    daemon.go:328: [d60cdeb73dbdc] daemon started
    daemon.go:283: [d60cdeb73dbdc] exiting daemon
=== RUN   TestAuthZPluginErrorRequest
--- PASS: TestAuthZPluginErrorRequest (0.53s)
    daemon.go:296: [dda313c5cbff5] waiting for daemon to start
    daemon.go:328: [dda313c5cbff5] daemon started
    daemon.go:283: [dda313c5cbff5] exiting daemon
=== RUN   TestAuthZPluginEnsureNoDuplicatePluginRegistration
--- PASS: TestAuthZPluginEnsureNoDuplicatePluginRegistration (0.53s)
    daemon.go:296: [dfbda9505fbcc] waiting for daemon to start
    daemon.go:328: [dfbda9505fbcc] daemon started
    daemon.go:283: [dfbda9505fbcc] exiting daemon
=== RUN   TestAuthZPluginEnsureLoadImportWorking
--- PASS: TestAuthZPluginEnsureLoadImportWorking (1.44s)
    daemon.go:296: [d4cc77b2fc6e7] waiting for daemon to start
    daemon.go:328: [d4cc77b2fc6e7] daemon started
    daemon.go:283: [d4cc77b2fc6e7] exiting daemon
=== RUN   TestAuthzPluginEnsureContainerCopyToFrom
--- PASS: TestAuthzPluginEnsureContainerCopyToFrom (1.47s)
    daemon.go:296: [d301f66a32246] waiting for daemon to start
    daemon.go:328: [d301f66a32246] daemon started
    daemon.go:283: [d301f66a32246] exiting daemon
=== RUN   TestAuthZPluginHeader
--- PASS: TestAuthZPluginHeader (0.74s)
    daemon.go:296: [d7b69f455190b] waiting for daemon to start
    daemon.go:328: [d7b69f455190b] daemon started
    daemon.go:283: [d7b69f455190b] exiting daemon
=== RUN   TestAuthZPluginV2AllowNonVolumeRequest
--- PASS: TestAuthZPluginV2AllowNonVolumeRequest (6.62s)
    daemon.go:296: [d138ab264d7e9] waiting for daemon to start
    daemon.go:328: [d138ab264d7e9] daemon started
    daemon.go:283: [d138ab264d7e9] exiting daemon
    daemon.go:296: [d138ab264d7e9] waiting for daemon to start
    daemon.go:328: [d138ab264d7e9] daemon started
    daemon.go:283: [d138ab264d7e9] exiting daemon
=== RUN   TestAuthZPluginV2Disable
--- PASS: TestAuthZPluginV2Disable (6.03s)
    daemon.go:296: [dd79852dfdb9c] waiting for daemon to start
    daemon.go:328: [dd79852dfdb9c] daemon started
    daemon.go:283: [dd79852dfdb9c] exiting daemon
    daemon.go:296: [dd79852dfdb9c] waiting for daemon to start
    daemon.go:328: [dd79852dfdb9c] daemon started
    daemon.go:283: [dd79852dfdb9c] exiting daemon
=== RUN   TestAuthZPluginV2RejectVolumeRequests
--- PASS: TestAuthZPluginV2RejectVolumeRequests (5.58s)
    daemon.go:296: [d1189bf8267b4] waiting for daemon to start
    daemon.go:328: [d1189bf8267b4] daemon started
    daemon.go:283: [d1189bf8267b4] exiting daemon
    daemon.go:296: [d1189bf8267b4] waiting for daemon to start
    daemon.go:328: [d1189bf8267b4] daemon started
    daemon.go:283: [d1189bf8267b4] exiting daemon
=== RUN   TestAuthZPluginV2BadManifestFailsDaemonStart
--- PASS: TestAuthZPluginV2BadManifestFailsDaemonStart (13.97s)
    daemon.go:296: [da19b24a7f5e1] waiting for daemon to start
    daemon.go:328: [da19b24a7f5e1] daemon started
    daemon.go:283: [da19b24a7f5e1] exiting daemon
    daemon.go:296: [da19b24a7f5e1] waiting for daemon to start
    daemon.go:296: [da19b24a7f5e1] waiting for daemon to start
    daemon.go:283: [da19b24a7f5e1] exiting daemon
    daemon.go:296: [da19b24a7f5e1] waiting for daemon to start
    daemon.go:328: [da19b24a7f5e1] daemon started
    daemon.go:283: [da19b24a7f5e1] exiting daemon
=== RUN   TestAuthZPluginV2NonexistentFailsDaemonStart
--- PASS: TestAuthZPluginV2NonexistentFailsDaemonStart (16.51s)
    daemon.go:296: [d2c711abd11f2] waiting for daemon to start
    daemon.go:328: [d2c711abd11f2] daemon started
    daemon.go:283: [d2c711abd11f2] exiting daemon
    daemon.go:296: [d2c711abd11f2] waiting for daemon to start
    daemon.go:296: [d2c711abd11f2] waiting for daemon to start
    daemon.go:296: [d2c711abd11f2] waiting for daemon to start
    daemon.go:328: [d2c711abd11f2] daemon started
    daemon.go:283: [d2c711abd11f2] exiting daemon
PASS
Running /go/src/github.com/docker/docker/integration/plugin/logging
INFO: Testing against a local daemon
=== RUN   TestContinueAfterPluginCrash
=== PAUSE TestContinueAfterPluginCrash
=== RUN   TestDaemonStartWithLogOpt
=== PAUSE TestDaemonStartWithLogOpt
=== CONT  TestContinueAfterPluginCrash
=== CONT  TestDaemonStartWithLogOpt
--- PASS: TestDaemonStartWithLogOpt (11.44s)
    daemon.go:296: [d2850f8f5e8da] waiting for daemon to start
    daemon.go:328: [d2850f8f5e8da] daemon started
    daemon.go:283: [d2850f8f5e8da] exiting daemon
    daemon.go:296: [d2850f8f5e8da] waiting for daemon to start
    daemon.go:328: [d2850f8f5e8da] daemon started
    daemon.go:283: [d2850f8f5e8da] exiting daemon
--- PASS: TestContinueAfterPluginCrash (15.87s)
    daemon.go:296: [de92d43b22783] waiting for daemon to start
    daemon.go:328: [de92d43b22783] daemon started
    daemon.go:283: [de92d43b22783] exiting daemon
PASS
Running /go/src/github.com/docker/docker/integration/plugin/logging/cmd
testing: warning: no tests to run
PASS
Running /go/src/github.com/docker/docker/integration/plugin/logging/cmd/close_on_start
testing: warning: no tests to run
PASS
Running /go/src/github.com/docker/docker/integration/plugin/logging/cmd/dummy
testing: warning: no tests to run
PASS
Running /go/src/github.com/docker/docker/integration/plugin/common
INFO: Testing against a local daemon
=== RUN   TestPluginInvalidJSON
=== RUN   TestPluginInvalidJSON//plugins/foobar/set
=== PAUSE TestPluginInvalidJSON//plugins/foobar/set
=== CONT  TestPluginInvalidJSON//plugins/foobar/set
--- PASS: TestPluginInvalidJSON (0.02s)
    --- PASS: TestPluginInvalidJSON//plugins/foobar/set (0.00s)
PASS
Running /go/src/github.com/docker/docker/integration/plugin/volumes
INFO: Testing against a local daemon
=== RUN   TestPluginWithDevMounts
=== PAUSE TestPluginWithDevMounts
=== CONT  TestPluginWithDevMounts
--- PASS: TestPluginWithDevMounts (1.74s)
    daemon.go:296: [d14e91c57edec] waiting for daemon to start
    daemon.go:328: [d14e91c57edec] daemon started
    daemon.go:283: [d14e91c57edec] exiting daemon
PASS
Running /go/src/github.com/docker/docker/integration/plugin/volumes/cmd
testing: warning: no tests to run
PASS
Running /go/src/github.com/docker/docker/integration/plugin/volumes/cmd/dummy
testing: warning: no tests to run
PASS
Running /go/src/github.com/docker/docker/integration/plugin/graphdriver
INFO: Testing against a local daemon
=== RUN   TestExternalGraphDriver
=== RUN   TestExternalGraphDriver/json
=== RUN   TestExternalGraphDriver/spec
=== RUN   TestExternalGraphDriver/pull
--- PASS: TestExternalGraphDriver (6.81s)
    daemon.go:296: [d586018e09b81] waiting for daemon to start
    daemon.go:328: [d586018e09b81] daemon started
    daemon.go:283: [d586018e09b81] exiting daemon
    daemon.go:296: [d586018e09b81] waiting for daemon to start
    daemon.go:328: [d586018e09b81] daemon started
    daemon.go:283: [d586018e09b81] exiting daemon
    --- PASS: TestExternalGraphDriver/json (1.72s)
    daemon.go:296: [d586018e09b81] waiting for daemon to start
    daemon.go:328: [d586018e09b81] daemon started
    daemon.go:283: [d586018e09b81] exiting daemon
    daemon.go:296: [d586018e09b81] waiting for daemon to start
    daemon.go:328: [d586018e09b81] daemon started
    daemon.go:283: [d586018e09b81] exiting daemon
    --- PASS: TestExternalGraphDriver/spec (1.71s)
    daemon.go:296: [d586018e09b81] waiting for daemon to start
    daemon.go:328: [d586018e09b81] daemon started
    daemon.go:283: [d586018e09b81] exiting daemon
    --- PASS: TestExternalGraphDriver/pull (2.95s)
=== RUN   TestGraphdriverPluginV2
--- PASS: TestGraphdriverPluginV2 (6.54s)
    daemon.go:296: [d89d133dd09ea] waiting for daemon to start
    daemon.go:328: [d89d133dd09ea] daemon started
    daemon.go:283: [d89d133dd09ea] exiting daemon
    daemon.go:296: [d89d133dd09ea] waiting for daemon to start
    daemon.go:328: [d89d133dd09ea] daemon started
    daemon.go:283: [d89d133dd09ea] exiting daemon
PASS
Running /go/src/github.com/docker/docker/integration/config
INFO: Testing against a local daemon
=== RUN   TestConfigList
--- PASS: TestConfigList (2.01s)
    daemon.go:296: [d8738a61d970d] waiting for daemon to start
    daemon.go:328: [d8738a61d970d] daemon started
    daemon.go:283: [d8738a61d970d] exiting daemon
=== RUN   TestConfigsCreateAndDelete
--- PASS: TestConfigsCreateAndDelete (2.06s)
    daemon.go:296: [d2c090de8d333] waiting for daemon to start
    daemon.go:328: [d2c090de8d333] daemon started
    daemon.go:283: [d2c090de8d333] exiting daemon
=== RUN   TestConfigsUpdate
--- PASS: TestConfigsUpdate (2.15s)
    daemon.go:296: [d111e8d47c7ab] waiting for daemon to start
    daemon.go:328: [d111e8d47c7ab] daemon started
    daemon.go:283: [d111e8d47c7ab] exiting daemon
=== RUN   TestTemplatedConfig
--- PASS: TestTemplatedConfig (2.66s)
    daemon.go:296: [d47a2b19ca6ba] waiting for daemon to start
    daemon.go:328: [d47a2b19ca6ba] daemon started
    daemon.go:283: [d47a2b19ca6ba] exiting daemon
=== RUN   TestConfigInspect
--- PASS: TestConfigInspect (2.15s)
    daemon.go:296: [df181647143d1] waiting for daemon to start
    daemon.go:328: [df181647143d1] daemon started
    daemon.go:283: [df181647143d1] exiting daemon
=== RUN   TestConfigCreateWithLabels
--- PASS: TestConfigCreateWithLabels (2.06s)
    daemon.go:296: [d8c10d8441d93] waiting for daemon to start
    daemon.go:328: [d8c10d8441d93] daemon started
    daemon.go:283: [d8c10d8441d93] exiting daemon
=== RUN   TestConfigCreateResolve
--- PASS: TestConfigCreateResolve (2.16s)
    daemon.go:296: [da8f8b88b9550] waiting for daemon to start
    daemon.go:328: [da8f8b88b9550] daemon started
    daemon.go:283: [da8f8b88b9550] exiting daemon
PASS
Running /go/src/github.com/docker/docker/integration/service
INFO: Testing against a local daemon
=== RUN   TestServiceCreateInit
=== RUN   TestServiceCreateInit/daemonInitDisabled
=== RUN   TestServiceCreateInit/daemonInitEnabled
--- PASS: TestServiceCreateInit (7.89s)
    --- PASS: TestServiceCreateInit/daemonInitDisabled (3.95s)
        daemon.go:296: [d9c25d32b4a46] waiting for daemon to start
        daemon.go:328: [d9c25d32b4a46] daemon started
        daemon.go:283: [d9c25d32b4a46] exiting daemon
    --- PASS: TestServiceCreateInit/daemonInitEnabled (3.92s)
        daemon.go:296: [d9838cd7986df] waiting for daemon to start
        daemon.go:328: [d9838cd7986df] daemon started
        daemon.go:283: [d9838cd7986df] exiting daemon
=== RUN   TestCreateServiceMultipleTimes
--- PASS: TestCreateServiceMultipleTimes (24.87s)
    daemon.go:296: [db2d63043a0a3] waiting for daemon to start
    daemon.go:328: [db2d63043a0a3] daemon started
    daemon.go:283: [db2d63043a0a3] exiting daemon
=== RUN   TestCreateServiceConflict
--- PASS: TestCreateServiceConflict (2.14s)
    daemon.go:296: [dd557e671adb6] waiting for daemon to start
    daemon.go:328: [dd557e671adb6] daemon started
    daemon.go:283: [dd557e671adb6] exiting daemon
=== RUN   TestCreateWithDuplicateNetworkNames
--- PASS: TestCreateWithDuplicateNetworkNames (12.93s)
    daemon.go:296: [d9325dbab08e4] waiting for daemon to start
    daemon.go:328: [d9325dbab08e4] daemon started
    daemon.go:283: [d9325dbab08e4] exiting daemon
=== RUN   TestCreateServiceSecretFileMode
--- PASS: TestCreateServiceSecretFileMode (2.63s)
    daemon.go:296: [d712d949404e4] waiting for daemon to start
    daemon.go:328: [d712d949404e4] daemon started
    daemon.go:283: [d712d949404e4] exiting daemon
=== RUN   TestCreateServiceConfigFileMode
--- PASS: TestCreateServiceConfigFileMode (2.67s)
    daemon.go:296: [d30cc45b47edc] waiting for daemon to start
    daemon.go:328: [d30cc45b47edc] daemon started
    daemon.go:283: [d30cc45b47edc] exiting daemon
=== RUN   TestCreateServiceSysctls
--- PASS: TestCreateServiceSysctls (3.42s)
    daemon.go:296: [d5f138fb38abf] waiting for daemon to start
    daemon.go:328: [d5f138fb38abf] daemon started
    daemon.go:283: [d5f138fb38abf] exiting daemon
=== RUN   TestInspect
--- PASS: TestInspect (2.05s)
    daemon.go:296: [d368248aa288d] waiting for daemon to start
    daemon.go:328: [d368248aa288d] daemon started
    daemon.go:283: [d368248aa288d] exiting daemon
=== RUN   TestDockerNetworkConnectAlias
--- PASS: TestDockerNetworkConnectAlias (4.01s)
    daemon.go:296: [d812b3b60e601] waiting for daemon to start
    daemon.go:328: [d812b3b60e601] daemon started
    daemon.go:283: [d812b3b60e601] exiting daemon
=== RUN   TestServicePlugin
--- PASS: TestServicePlugin (34.75s)
    daemon.go:296: [d379c6472df4b] waiting for daemon to start
    daemon.go:328: [d379c6472df4b] daemon started
    daemon.go:283: [d379c6472df4b] exiting daemon
    daemon.go:296: [d5ecd5715e63a] waiting for daemon to start
    daemon.go:328: [d5ecd5715e63a] daemon started
    daemon.go:296: [dd8288cb39da1] waiting for daemon to start
    daemon.go:328: [dd8288cb39da1] daemon started
    daemon.go:296: [d955c66a650dd] waiting for daemon to start
    daemon.go:328: [d955c66a650dd] daemon started
    daemon.go:283: [d955c66a650dd] exiting daemon
    daemon.go:283: [dd8288cb39da1] exiting daemon
    daemon.go:283: [d5ecd5715e63a] exiting daemon
PASS
Running /go/src/github.com/docker/docker/integration/network
INFO: Testing against a local daemon
=== RUN   TestNetworkCreateDelete
--- PASS: TestNetworkCreateDelete (0.11s)
=== RUN   TestDockerNetworkDeletePreferID
--- PASS: TestDockerNetworkDeletePreferID (0.26s)
=== RUN   TestInspectNetwork
--- PASS: TestInspectNetwork (24.14s)
    daemon.go:296: [d95f247f74af2] waiting for daemon to start
    daemon.go:328: [d95f247f74af2] daemon started
    daemon.go:283: [d95f247f74af2] exiting daemon
=== RUN   TestRunContainerWithBridgeNone
--- PASS: TestRunContainerWithBridgeNone (1.99s)
    daemon.go:296: [dcfaf19d1cdb6] waiting for daemon to start
    daemon.go:328: [dcfaf19d1cdb6] daemon started
    daemon.go:283: [dcfaf19d1cdb6] exiting daemon
=== RUN   TestNetworkInvalidJSON
=== RUN   TestNetworkInvalidJSON//networks/create
=== PAUSE TestNetworkInvalidJSON//networks/create
=== RUN   TestNetworkInvalidJSON//networks/bridge/connect
=== PAUSE TestNetworkInvalidJSON//networks/bridge/connect
=== RUN   TestNetworkInvalidJSON//networks/bridge/disconnect
=== PAUSE TestNetworkInvalidJSON//networks/bridge/disconnect
=== CONT  TestNetworkInvalidJSON//networks/create
=== CONT  TestNetworkInvalidJSON//networks/bridge/disconnect
=== CONT  TestNetworkInvalidJSON//networks/bridge/connect
--- PASS: TestNetworkInvalidJSON (0.03s)
    --- PASS: TestNetworkInvalidJSON//networks/create (0.00s)
    --- PASS: TestNetworkInvalidJSON//networks/bridge/disconnect (0.00s)
    --- PASS: TestNetworkInvalidJSON//networks/bridge/connect (0.00s)
=== RUN   TestDaemonRestartWithLiveRestore
--- PASS: TestDaemonRestartWithLiveRestore (1.02s)
    daemon.go:296: [d9a359f4f7780] waiting for daemon to start
    daemon.go:328: [d9a359f4f7780] daemon started
    daemon.go:283: [d9a359f4f7780] exiting daemon
    daemon.go:296: [d9a359f4f7780] waiting for daemon to start
    daemon.go:328: [d9a359f4f7780] daemon started
    daemon.go:283: [d9a359f4f7780] exiting daemon
=== RUN   TestDaemonDefaultNetworkPools
--- PASS: TestDaemonDefaultNetworkPools (0.65s)
    daemon.go:296: [d6796fc9ca922] waiting for daemon to start
    daemon.go:328: [d6796fc9ca922] daemon started
    daemon.go:283: [d6796fc9ca922] exiting daemon
=== RUN   TestDaemonRestartWithExistingNetwork
--- PASS: TestDaemonRestartWithExistingNetwork (1.10s)
    daemon.go:296: [db50fa573cbd1] waiting for daemon to start
    daemon.go:328: [db50fa573cbd1] daemon started
    daemon.go:283: [db50fa573cbd1] exiting daemon
    daemon.go:296: [db50fa573cbd1] waiting for daemon to start
    daemon.go:328: [db50fa573cbd1] daemon started
    daemon.go:283: [db50fa573cbd1] exiting daemon
=== RUN   TestDaemonRestartWithExistingNetworkWithDefaultPoolRange
--- PASS: TestDaemonRestartWithExistingNetworkWithDefaultPoolRange (1.16s)
    daemon.go:296: [da021beb4ce79] waiting for daemon to start
    daemon.go:328: [da021beb4ce79] daemon started
    daemon.go:283: [da021beb4ce79] exiting daemon
    daemon.go:296: [da021beb4ce79] waiting for daemon to start
    daemon.go:328: [da021beb4ce79] daemon started
    daemon.go:283: [da021beb4ce79] exiting daemon
=== RUN   TestDaemonWithBipAndDefaultNetworkPool
--- PASS: TestDaemonWithBipAndDefaultNetworkPool (0.55s)
    daemon.go:296: [d3305a7811387] waiting for daemon to start
    daemon.go:328: [d3305a7811387] daemon started
    daemon.go:283: [d3305a7811387] exiting daemon
=== RUN   TestServiceWithPredefinedNetwork
--- PASS: TestServiceWithPredefinedNetwork (2.07s)
    daemon.go:296: [db618a771fa3b] waiting for daemon to start
    daemon.go:328: [db618a771fa3b] daemon started
    daemon.go:283: [db618a771fa3b] exiting daemon
=== RUN   TestServiceRemoveKeepsIngressNetwork
--- PASS: TestServiceRemoveKeepsIngressNetwork (12.13s)
    daemon.go:296: [de435e482b650] waiting for daemon to start
    daemon.go:328: [de435e482b650] daemon started
    daemon.go:283: [de435e482b650] exiting daemon
=== RUN   TestServiceWithDataPathPortInit
--- PASS: TestServiceWithDataPathPortInit (4.27s)
    daemon.go:296: [db7c4076848da] waiting for daemon to start
    daemon.go:328: [db7c4076848da] daemon started
    daemon.go:283: [db7c4076848da] exiting daemon
    daemon.go:296: [db3d2370f92f5] waiting for daemon to start
    daemon.go:328: [db3d2370f92f5] daemon started
    daemon.go:283: [db3d2370f92f5] exiting daemon
=== RUN   TestServiceWithDefaultAddressPoolInit
--- PASS: TestServiceWithDefaultAddressPoolInit (4.42s)
    daemon.go:296: [d551f9a22dc16] waiting for daemon to start
    daemon.go:328: [d551f9a22dc16] daemon started
    service_test.go:415: TestServiceWithDefaultAddressPoolInit: NetworkInspect: {Name:saanvisthiraTestServiceWithDefaultAddressPoolInit ID:psivt2ng4tyy89wbakw63iki7 Created:2018-12-22 03:26:38.97455071 +0000 UTC Scope:swarm Driver:overlay EnableIPv6:false IPAM:{Driver:default Options:map[] Config:[{Subnet:20.20.0.0/24 IPRange: Gateway:20.20.0.1 AuxAddress:map[]}]} Internal:false Attachable:false Ingress:false ConfigFrom:{Network:} ConfigOnly:false Containers:map[] Options:map[com.docker.network.driver.overlay.vxlanid_list:4097] Labels:map[] Peers:[] Services:map[]}
    daemon.go:283: [d551f9a22dc16] exiting daemon
    daemon.go:296: [d39d18c1a94d5] waiting for daemon to start
    daemon.go:328: [d39d18c1a94d5] daemon started
    daemon.go:283: [d39d18c1a94d5] exiting daemon
PASS
Running /go/src/github.com/docker/docker/integration/network/ipvlan
INFO: Testing against a local daemon
=== RUN   TestDockerNetworkIpvlanPersistance
--- PASS: TestDockerNetworkIpvlanPersistance (1.28s)
    daemon.go:296: [daeb53fefec54] waiting for daemon to start
    daemon.go:328: [daeb53fefec54] daemon started
    daemon.go:283: [daeb53fefec54] exiting daemon
    daemon.go:296: [daeb53fefec54] waiting for daemon to start
    daemon.go:328: [daeb53fefec54] daemon started
    daemon.go:283: [daeb53fefec54] exiting daemon
=== RUN   TestDockerNetworkIpvlan
=== RUN   TestDockerNetworkIpvlan/Subinterface
=== RUN   TestDockerNetworkIpvlan/OverlapParent
=== RUN   TestDockerNetworkIpvlan/L2NilParent
=== RUN   TestDockerNetworkIpvlan/L2InternalMode
=== RUN   TestDockerNetworkIpvlan/L3NilParent
=== RUN   TestDockerNetworkIpvlan/L3InternalMode
=== RUN   TestDockerNetworkIpvlan/L2MultiSubnet
=== RUN   TestDockerNetworkIpvlan/L3MultiSubnet
=== RUN   TestDockerNetworkIpvlan/Addressing
--- PASS: TestDockerNetworkIpvlan (109.51s)
    daemon.go:296: [da896391519e9] waiting for daemon to start
    daemon.go:328: [da896391519e9] daemon started
    --- PASS: TestDockerNetworkIpvlan/Subinterface (0.07s)
    daemon.go:283: [da896391519e9] exiting daemon
    daemon.go:296: [dce64cce1eeda] waiting for daemon to start
    daemon.go:328: [dce64cce1eeda] daemon started
    --- PASS: TestDockerNetworkIpvlan/OverlapParent (0.05s)
    daemon.go:283: [dce64cce1eeda] exiting daemon
    daemon.go:296: [d3fda676fd007] waiting for daemon to start
    daemon.go:328: [d3fda676fd007] daemon started
    --- PASS: TestDockerNetworkIpvlan/L2NilParent (0.83s)
    daemon.go:283: [d3fda676fd007] exiting daemon
    daemon.go:296: [d2f4518ac7fac] waiting for daemon to start
    daemon.go:328: [d2f4518ac7fac] daemon started
    --- PASS: TestDockerNetworkIpvlan/L2InternalMode (1.81s)
    daemon.go:283: [d2f4518ac7fac] exiting daemon
    daemon.go:296: [dae1cf8bbc818] waiting for daemon to start
    daemon.go:328: [dae1cf8bbc818] daemon started
    --- PASS: TestDockerNetworkIpvlan/L3NilParent (15.84s)
    daemon.go:283: [dae1cf8bbc818] exiting daemon
    daemon.go:296: [d0f0eea18bc60] waiting for daemon to start
    daemon.go:328: [d0f0eea18bc60] daemon started
    --- PASS: TestDockerNetworkIpvlan/L3InternalMode (16.84s)
    daemon.go:283: [d0f0eea18bc60] exiting daemon
    daemon.go:296: [d625e087bcd7f] waiting for daemon to start
    daemon.go:328: [d625e087bcd7f] daemon started
    --- PASS: TestDockerNetworkIpvlan/L2MultiSubnet (17.10s)
    daemon.go:283: [d625e087bcd7f] exiting daemon
    daemon.go:296: [d2c2b8aeb2d9b] waiting for daemon to start
    daemon.go:328: [d2c2b8aeb2d9b] daemon started
    --- PASS: TestDockerNetworkIpvlan/L3MultiSubnet (17.10s)
    daemon.go:283: [d2c2b8aeb2d9b] exiting daemon
    daemon.go:296: [df5beb2d2147a] waiting for daemon to start
    daemon.go:328: [df5beb2d2147a] daemon started
    --- PASS: TestDockerNetworkIpvlan/Addressing (31.25s)
    daemon.go:283: [df5beb2d2147a] exiting daemon
PASS
Running /go/src/github.com/docker/docker/integration/network/macvlan
INFO: Testing against a local daemon
=== RUN   TestDockerNetworkMacvlanPersistance
--- PASS: TestDockerNetworkMacvlanPersistance (1.26s)
    daemon.go:296: [da91db6c18bc5] waiting for daemon to start
    daemon.go:328: [da91db6c18bc5] daemon started
    daemon.go:283: [da91db6c18bc5] exiting daemon
    daemon.go:296: [da91db6c18bc5] waiting for daemon to start
    daemon.go:328: [da91db6c18bc5] daemon started
    daemon.go:283: [da91db6c18bc5] exiting daemon
=== RUN   TestDockerNetworkMacvlan
=== RUN   TestDockerNetworkMacvlan/Subinterface
=== RUN   TestDockerNetworkMacvlan/OverlapParent
=== RUN   TestDockerNetworkMacvlan/NilParent
=== RUN   TestDockerNetworkMacvlan/InternalMode
=== RUN   TestDockerNetworkMacvlan/Addressing
--- PASS: TestDockerNetworkMacvlan (22.92s)
    daemon.go:296: [d5c0950b70f3d] waiting for daemon to start
    daemon.go:328: [d5c0950b70f3d] daemon started
    --- PASS: TestDockerNetworkMacvlan/Subinterface (0.05s)
    daemon.go:283: [d5c0950b70f3d] exiting daemon
    daemon.go:296: [d226d4a12a155] waiting for daemon to start
    daemon.go:328: [d226d4a12a155] daemon started
    --- PASS: TestDockerNetworkMacvlan/OverlapParent (0.08s)
    daemon.go:283: [d226d4a12a155] exiting daemon
    daemon.go:296: [da80788bb33d1] waiting for daemon to start
    daemon.go:328: [da80788bb33d1] daemon started
    --- PASS: TestDockerNetworkMacvlan/NilParent (0.89s)
    daemon.go:283: [da80788bb33d1] exiting daemon
    daemon.go:296: [db2494ab52367] waiting for daemon to start
    daemon.go:328: [db2494ab52367] daemon started
    --- PASS: TestDockerNetworkMacvlan/InternalMode (1.83s)
    daemon.go:283: [db2494ab52367] exiting daemon
    daemon.go:296: [d9877233d3836] waiting for daemon to start
    daemon.go:328: [d9877233d3836] daemon started
    --- PASS: TestDockerNetworkMacvlan/Addressing (15.66s)
    daemon.go:283: [d9877233d3836] exiting daemon
PASS
Running /go/src/github.com/docker/docker/integration/secret
INFO: Testing against a local daemon
=== RUN   TestSecretInspect
--- PASS: TestSecretInspect (2.06s)
    daemon.go:296: [d47fab9ba54f3] waiting for daemon to start
    daemon.go:328: [d47fab9ba54f3] daemon started
    daemon.go:283: [d47fab9ba54f3] exiting daemon
=== RUN   TestSecretList
--- PASS: TestSecretList (2.11s)
    daemon.go:296: [d81abedd27f88] waiting for daemon to start
    daemon.go:328: [d81abedd27f88] daemon started
    daemon.go:283: [d81abedd27f88] exiting daemon
=== RUN   TestSecretsCreateAndDelete
--- PASS: TestSecretsCreateAndDelete (2.06s)
    daemon.go:296: [dd477e13a2e8f] waiting for daemon to start
    daemon.go:328: [dd477e13a2e8f] daemon started
    daemon.go:283: [dd477e13a2e8f] exiting daemon
=== RUN   TestSecretsUpdate
--- PASS: TestSecretsUpdate (2.03s)
    daemon.go:296: [d687bd773062c] waiting for daemon to start
    daemon.go:328: [d687bd773062c] daemon started
    daemon.go:283: [d687bd773062c] exiting daemon
=== RUN   TestTemplatedSecret
--- PASS: TestTemplatedSecret (2.62s)
    daemon.go:296: [d2a2943491e59] waiting for daemon to start
    daemon.go:328: [d2a2943491e59] daemon started
    daemon.go:283: [d2a2943491e59] exiting daemon
=== RUN   TestSecretCreateResolve
--- PASS: TestSecretCreateResolve (2.05s)
    daemon.go:296: [da48c62e528ce] waiting for daemon to start
    daemon.go:328: [da48c62e528ce] daemon started
    daemon.go:283: [da48c62e528ce] exiting daemon
PASS
Running /go/src/github.com/docker/docker/integration/session
INFO: Testing against a local daemon
=== RUN   TestSessionCreate
--- SKIP: TestSessionCreate (0.00s)
    session_test.go:14: !testEnv.DaemonInfo.ExperimentalBuild
=== RUN   TestSessionCreateWithBadUpgrade
--- SKIP: TestSessionCreateWithBadUpgrade (0.00s)
    session_test.go:31: !testEnv.DaemonInfo.ExperimentalBuild
PASS
Running /go/src/github.com/docker/docker/integration/container
INFO: Testing against a local daemon
=== RUN   TestContainerInvalidJSON
=== RUN   TestContainerInvalidJSON//containers/foobar/copy
=== PAUSE TestContainerInvalidJSON//containers/foobar/copy
=== RUN   TestContainerInvalidJSON//containers/foobar/exec
=== PAUSE TestContainerInvalidJSON//containers/foobar/exec
=== RUN   TestContainerInvalidJSON//exec/foobar/start
=== PAUSE TestContainerInvalidJSON//exec/foobar/start
=== CONT  TestContainerInvalidJSON//containers/foobar/copy
=== CONT  TestContainerInvalidJSON//exec/foobar/start
=== CONT  TestContainerInvalidJSON//containers/foobar/exec
--- PASS: TestContainerInvalidJSON (0.02s)
    --- PASS: TestContainerInvalidJSON//exec/foobar/start (0.00s)
    --- PASS: TestContainerInvalidJSON//containers/foobar/exec (0.00s)
    --- PASS: TestContainerInvalidJSON//containers/foobar/copy (0.00s)
=== RUN   TestCopyFromContainerPathDoesNotExist
--- PASS: TestCopyFromContainerPathDoesNotExist (0.06s)
=== RUN   TestCopyFromContainerPathIsNotDir
--- PASS: TestCopyFromContainerPathIsNotDir (0.07s)
=== RUN   TestCopyToContainerPathDoesNotExist
--- PASS: TestCopyToContainerPathDoesNotExist (0.06s)
=== RUN   TestCopyToContainerPathIsNotDir
--- PASS: TestCopyToContainerPathIsNotDir (0.07s)
=== RUN   TestCreateFailsWhenIdentifierDoesNotExist
=== RUN   TestCreateFailsWhenIdentifierDoesNotExist/image_and_tag
=== PAUSE TestCreateFailsWhenIdentifierDoesNotExist/image_and_tag
=== RUN   TestCreateFailsWhenIdentifierDoesNotExist/image_no_tag
=== PAUSE TestCreateFailsWhenIdentifierDoesNotExist/image_no_tag
=== RUN   TestCreateFailsWhenIdentifierDoesNotExist/digest
=== PAUSE TestCreateFailsWhenIdentifierDoesNotExist/digest
=== CONT  TestCreateFailsWhenIdentifierDoesNotExist/image_and_tag
=== CONT  TestCreateFailsWhenIdentifierDoesNotExist/digest
=== CONT  TestCreateFailsWhenIdentifierDoesNotExist/image_no_tag
--- PASS: TestCreateFailsWhenIdentifierDoesNotExist (0.02s)
    --- PASS: TestCreateFailsWhenIdentifierDoesNotExist/image_and_tag (0.00s)
    --- PASS: TestCreateFailsWhenIdentifierDoesNotExist/digest (0.00s)
    --- PASS: TestCreateFailsWhenIdentifierDoesNotExist/image_no_tag (0.00s)
=== RUN   TestCreateWithInvalidEnv
=== RUN   TestCreateWithInvalidEnv/0
=== PAUSE TestCreateWithInvalidEnv/0
=== RUN   TestCreateWithInvalidEnv/1
=== PAUSE TestCreateWithInvalidEnv/1
=== RUN   TestCreateWithInvalidEnv/2
=== PAUSE TestCreateWithInvalidEnv/2
=== CONT  TestCreateWithInvalidEnv/0
=== CONT  TestCreateWithInvalidEnv/2
=== CONT  TestCreateWithInvalidEnv/1
--- PASS: TestCreateWithInvalidEnv (0.01s)
    --- PASS: TestCreateWithInvalidEnv/2 (0.00s)
    --- PASS: TestCreateWithInvalidEnv/0 (0.00s)
    --- PASS: TestCreateWithInvalidEnv/1 (0.00s)
=== RUN   TestCreateTmpfsMountsTarget
--- PASS: TestCreateTmpfsMountsTarget (0.02s)
=== RUN   TestCreateWithCustomMaskedPaths
--- PASS: TestCreateWithCustomMaskedPaths (1.48s)
=== RUN   TestCreateWithCustomReadonlyPaths
--- PASS: TestCreateWithCustomReadonlyPaths (1.64s)
=== RUN   TestCreateWithInvalidHealthcheckParams
=== RUN   TestCreateWithInvalidHealthcheckParams/test_invalid_Interval_in_Healthcheck:_less_than_0s
=== PAUSE TestCreateWithInvalidHealthcheckParams/test_invalid_Interval_in_Healthcheck:_less_than_0s
=== RUN   TestCreateWithInvalidHealthcheckParams/test_invalid_Interval_in_Healthcheck:_larger_than_0s_but_less_than_1ms
=== PAUSE TestCreateWithInvalidHealthcheckParams/test_invalid_Interval_in_Healthcheck:_larger_than_0s_but_less_than_1ms
=== RUN   TestCreateWithInvalidHealthcheckParams/test_invalid_Timeout_in_Healthcheck:_less_than_1ms
=== PAUSE TestCreateWithInvalidHealthcheckParams/test_invalid_Timeout_in_Healthcheck:_less_than_1ms
=== RUN   TestCreateWithInvalidHealthcheckParams/test_invalid_Retries_in_Healthcheck:_less_than_0
=== PAUSE TestCreateWithInvalidHealthcheckParams/test_invalid_Retries_in_Healthcheck:_less_than_0
=== RUN   TestCreateWithInvalidHealthcheckParams/test_invalid_StartPeriod_in_Healthcheck:_not_0_and_less_than_1ms
=== PAUSE TestCreateWithInvalidHealthcheckParams/test_invalid_StartPeriod_in_Healthcheck:_not_0_and_less_than_1ms
=== CONT  TestCreateWithInvalidHealthcheckParams/test_invalid_Interval_in_Healthcheck:_less_than_0s
=== CONT  TestCreateWithInvalidHealthcheckParams/test_invalid_Retries_in_Healthcheck:_less_than_0
=== CONT  TestCreateWithInvalidHealthcheckParams/test_invalid_Timeout_in_Healthcheck:_less_than_1ms
=== CONT  TestCreateWithInvalidHealthcheckParams/test_invalid_Interval_in_Healthcheck:_larger_than_0s_but_less_than_1ms
=== CONT  TestCreateWithInvalidHealthcheckParams/test_invalid_StartPeriod_in_Healthcheck:_not_0_and_less_than_1ms
--- PASS: TestCreateWithInvalidHealthcheckParams (0.02s)
    --- PASS: TestCreateWithInvalidHealthcheckParams/test_invalid_Retries_in_Healthcheck:_less_than_0 (0.00s)
    --- PASS: TestCreateWithInvalidHealthcheckParams/test_invalid_Interval_in_Healthcheck:_less_than_0s (0.00s)
    --- PASS: TestCreateWithInvalidHealthcheckParams/test_invalid_Timeout_in_Healthcheck:_less_than_1ms (0.00s)
    --- PASS: TestCreateWithInvalidHealthcheckParams/test_invalid_StartPeriod_in_Healthcheck:_not_0_and_less_than_1ms (0.00s)
    --- PASS: TestCreateWithInvalidHealthcheckParams/test_invalid_Interval_in_Healthcheck:_larger_than_0s_but_less_than_1ms (0.00s)
=== RUN   TestContainerStartOnDaemonRestart
=== PAUSE TestContainerStartOnDaemonRestart
=== RUN   TestDiff
--- PASS: TestDiff (0.50s)
=== RUN   TestExecWithCloseStdin
--- PASS: TestExecWithCloseStdin (0.63s)
=== RUN   TestExec
--- PASS: TestExec (0.60s)
=== RUN   TestExportContainerAndImportImage
--- PASS: TestExportContainerAndImportImage (0.64s)
=== RUN   TestExportContainerAfterDaemonRestart
--- PASS: TestExportContainerAfterDaemonRestart (1.26s)
    daemon.go:296: [d2535e45ffcc6] waiting for daemon to start
    daemon.go:328: [d2535e45ffcc6] daemon started
    daemon.go:283: [d2535e45ffcc6] exiting daemon
    daemon.go:296: [d2535e45ffcc6] waiting for daemon to start
    daemon.go:328: [d2535e45ffcc6] daemon started
    daemon.go:283: [d2535e45ffcc6] exiting daemon
=== RUN   TestHealthCheckWorkdir
--- PASS: TestHealthCheckWorkdir (0.78s)
=== RUN   TestInspectCpusetInConfigPre120
--- PASS: TestInspectCpusetInConfigPre120 (0.50s)
=== RUN   TestIpcModeNone
--- PASS: TestIpcModeNone (0.59s)
=== RUN   TestIpcModePrivate
--- PASS: TestIpcModePrivate (0.60s)
    ipcmode_test.go:88: [testIpcPrivateShareable] ipcmode: private, ipcdev: 0:58, shared: false, mustBeShared: false
=== RUN   TestIpcModeShareable
--- PASS: TestIpcModeShareable (0.62s)
    ipcmode_test.go:88: [testIpcPrivateShareable] ipcmode: shareable, ipcdev: 0:52, shared: true, mustBeShared: true
=== RUN   TestAPIIpcModeShareableAndContainer
--- PASS: TestAPIIpcModeShareableAndContainer (1.83s)
=== RUN   TestAPIIpcModeHost
--- PASS: TestAPIIpcModeHost (0.47s)
=== RUN   TestDaemonIpcModeShareable
--- PASS: TestDaemonIpcModeShareable (1.33s)
    daemon.go:296: [dce53fc1da3d2] waiting for daemon to start
    daemon.go:328: [dce53fc1da3d2] daemon started
    ipcmode_test.go:256: [testDaemonIpcPrivateShareable] ipcdev: 0:60, shared: true, mustBeShared: true
    daemon.go:283: [dce53fc1da3d2] exiting daemon
=== RUN   TestDaemonIpcModePrivate
--- PASS: TestDaemonIpcModePrivate (1.32s)
    daemon.go:296: [d517f5cf0734b] waiting for daemon to start
    daemon.go:328: [d517f5cf0734b] daemon started
    ipcmode_test.go:256: [testDaemonIpcPrivateShareable] ipcdev: 0:66, shared: false, mustBeShared: false
    daemon.go:283: [d517f5cf0734b] exiting daemon
=== RUN   TestDaemonIpcModePrivateFromConfig
--- PASS: TestDaemonIpcModePrivateFromConfig (1.30s)
    daemon.go:296: [d556cba4b8c76] waiting for daemon to start
    daemon.go:328: [d556cba4b8c76] daemon started
    ipcmode_test.go:256: [testDaemonIpcPrivateShareable] ipcdev: 0:66, shared: false, mustBeShared: false
    daemon.go:283: [d556cba4b8c76] exiting daemon
=== RUN   TestDaemonIpcModeShareableFromConfig
--- PASS: TestDaemonIpcModeShareableFromConfig (1.30s)
    daemon.go:296: [d32a6194c55b4] waiting for daemon to start
    daemon.go:328: [d32a6194c55b4] daemon started
    ipcmode_test.go:256: [testDaemonIpcPrivateShareable] ipcdev: 0:60, shared: true, mustBeShared: true
    daemon.go:283: [d32a6194c55b4] exiting daemon
=== RUN   TestKillContainerInvalidSignal
--- PASS: TestKillContainerInvalidSignal (0.53s)
=== RUN   TestKillContainer
=== RUN   TestKillContainer/no_signal
=== RUN   TestKillContainer/non_killing_signal
=== RUN   TestKillContainer/killing_signal
--- PASS: TestKillContainer (1.64s)
    --- PASS: TestKillContainer/no_signal (0.49s)
    --- PASS: TestKillContainer/non_killing_signal (0.37s)
    --- PASS: TestKillContainer/killing_signal (0.54s)
=== RUN   TestKillWithStopSignalAndRestartPolicies
=== RUN   TestKillWithStopSignalAndRestartPolicies/same-signal-disables-restart-policy
=== RUN   TestKillWithStopSignalAndRestartPolicies/different-signal-keep-restart-policy
--- PASS: TestKillWithStopSignalAndRestartPolicies (1.08s)
    --- PASS: TestKillWithStopSignalAndRestartPolicies/same-signal-disables-restart-policy (0.50s)
    --- PASS: TestKillWithStopSignalAndRestartPolicies/different-signal-keep-restart-policy (0.37s)
=== RUN   TestKillStoppedContainer
--- PASS: TestKillStoppedContainer (0.07s)
=== RUN   TestKillStoppedContainerAPIPre120
--- PASS: TestKillStoppedContainerAPIPre120 (0.07s)
=== RUN   TestKillDifferentUserContainer
--- PASS: TestKillDifferentUserContainer (0.51s)
=== RUN   TestInspectOomKilledTrue
--- SKIP: TestInspectOomKilledTrue (0.00s)
    kill_test.go:153: testEnv.DaemonInfo.OSType == "windows" || !testEnv.DaemonInfo.MemoryLimit || !testEnv.DaemonInfo.SwapLimit
=== RUN   TestInspectOomKilledFalse
--- SKIP: TestInspectOomKilledFalse (0.00s)
    kill_test.go:171: testEnv.DaemonInfo.OSType == "windows" || !testEnv.DaemonInfo.MemoryLimit || !testEnv.DaemonInfo.SwapLimit
=== RUN   TestLinksEtcHostsContentMatch
--- PASS: TestLinksEtcHostsContentMatch (0.47s)
=== RUN   TestLinksContainerNames
--- PASS: TestLinksContainerNames (1.08s)
=== RUN   TestLogsFollowTailEmpty
--- PASS: TestLogsFollowTailEmpty (0.56s)
=== RUN   TestContainerNetworkMountsNoChown
--- PASS: TestContainerNetworkMountsNoChown (0.50s)
=== RUN   TestMountDaemonRoot
=== PAUSE TestMountDaemonRoot
=== RUN   TestContainerBindMountNonRecursive
--- PASS: TestContainerBindMountNonRecursive (1.26s)
=== RUN   TestNetworkNat
--- PASS: TestNetworkNat (0.52s)
=== RUN   TestNetworkLocalhostTCPNat
--- PASS: TestNetworkLocalhostTCPNat (0.53s)
=== RUN   TestNetworkLoopbackNat
--- PASS: TestNetworkLoopbackNat (0.74s)
=== RUN   TestPause
--- PASS: TestPause (0.56s)
=== RUN   TestPauseFailsOnWindowsServerContainers
--- SKIP: TestPauseFailsOnWindowsServerContainers (0.00s)
    pause_test.go:54: testEnv.DaemonInfo.OSType != "windows" || testEnv.DaemonInfo.Isolation != "process"
=== RUN   TestPauseStopPausedContainer
--- PASS: TestPauseStopPausedContainer (0.54s)
=== RUN   TestPsFilter
--- PASS: TestPsFilter (0.19s)
=== RUN   TestRemoveContainerWithRemovedVolume
--- PASS: TestRemoveContainerWithRemovedVolume (0.49s)
=== RUN   TestRemoveContainerWithVolume
--- PASS: TestRemoveContainerWithVolume (0.53s)
=== RUN   TestRemoveContainerRunning
--- PASS: TestRemoveContainerRunning (0.51s)
=== RUN   TestRemoveContainerForceRemoveRunning
--- PASS: TestRemoveContainerForceRemoveRunning (0.53s)
=== RUN   TestRemoveInvalidContainer
--- PASS: TestRemoveInvalidContainer (0.03s)
=== RUN   TestRenameLinkedContainer
--- PASS: TestRenameLinkedContainer (2.08s)
=== RUN   TestRenameStoppedContainer
--- PASS: TestRenameStoppedContainer (0.53s)
=== RUN   TestRenameRunningContainerAndReuse
--- PASS: TestRenameRunningContainerAndReuse (1.08s)
=== RUN   TestRenameInvalidName
--- PASS: TestRenameInvalidName (0.54s)
=== RUN   TestRenameAnonymousContainer
--- PASS: TestRenameAnonymousContainer (1.76s)
=== RUN   TestRenameContainerWithSameName
--- PASS: TestRenameContainerWithSameName (0.53s)
=== RUN   TestRenameContainerWithLinkedContainer
--- PASS: TestRenameContainerWithLinkedContainer (1.13s)
=== RUN   TestResize
--- PASS: TestResize (0.51s)
=== RUN   TestResizeWithInvalidSize
--- PASS: TestResizeWithInvalidSize (0.53s)
=== RUN   TestResizeWhenContainerNotStarted
--- PASS: TestResizeWhenContainerNotStarted (0.53s)
=== RUN   TestDaemonRestartKillContainers
=== RUN   TestDaemonRestartKillContainers/live-restore=false/container_without_restart_policy/stop-daemon
=== PAUSE TestDaemonRestartKillContainers/live-restore=false/container_without_restart_policy/stop-daemon
=== RUN   TestDaemonRestartKillContainers/live-restore=false/container_without_restart_policy/kill-daemon
=== PAUSE TestDaemonRestartKillContainers/live-restore=false/container_without_restart_policy/kill-daemon
=== RUN   TestDaemonRestartKillContainers/live-restore=true/container_without_restart_policy/kill-daemon
=== PAUSE TestDaemonRestartKillContainers/live-restore=true/container_without_restart_policy/kill-daemon
=== RUN   TestDaemonRestartKillContainers/live-restore=true/container_without_restart_policy/stop-daemon
=== PAUSE TestDaemonRestartKillContainers/live-restore=true/container_without_restart_policy/stop-daemon
=== RUN   TestDaemonRestartKillContainers/live-restore=false/container_with_restart=always/kill-daemon
=== PAUSE TestDaemonRestartKillContainers/live-restore=false/container_with_restart=always/kill-daemon
=== RUN   TestDaemonRestartKillContainers/live-restore=false/container_with_restart=always/stop-daemon
=== PAUSE TestDaemonRestartKillContainers/live-restore=false/container_with_restart=always/stop-daemon
=== RUN   TestDaemonRestartKillContainers/live-restore=true/container_with_restart=always/kill-daemon
=== PAUSE TestDaemonRestartKillContainers/live-restore=true/container_with_restart=always/kill-daemon
=== RUN   TestDaemonRestartKillContainers/live-restore=true/container_with_restart=always/stop-daemon
=== PAUSE TestDaemonRestartKillContainers/live-restore=true/container_with_restart=always/stop-daemon
=== RUN   TestDaemonRestartKillContainers/live-restore=false/container_created_should_not_be_restarted/kill-daemon
=== PAUSE TestDaemonRestartKillContainers/live-restore=false/container_created_should_not_be_restarted/kill-daemon
=== RUN   TestDaemonRestartKillContainers/live-restore=false/container_created_should_not_be_restarted/stop-daemon
=== PAUSE TestDaemonRestartKillContainers/live-restore=false/container_created_should_not_be_restarted/stop-daemon
=== RUN   TestDaemonRestartKillContainers/live-restore=true/container_created_should_not_be_restarted/kill-daemon
=== PAUSE TestDaemonRestartKillContainers/live-restore=true/container_created_should_not_be_restarted/kill-daemon
=== RUN   TestDaemonRestartKillContainers/live-restore=true/container_created_should_not_be_restarted/stop-daemon
=== PAUSE TestDaemonRestartKillContainers/live-restore=true/container_created_should_not_be_restarted/stop-daemon
=== CONT  TestDaemonRestartKillContainers/live-restore=false/container_without_restart_policy/stop-daemon
=== CONT  TestDaemonRestartKillContainers/live-restore=true/container_with_restart=always/kill-daemon
=== CONT  TestDaemonRestartKillContainers/live-restore=true/container_created_should_not_be_restarted/stop-daemon
=== CONT  TestDaemonRestartKillContainers/live-restore=true/container_created_should_not_be_restarted/kill-daemon
=== CONT  TestDaemonRestartKillContainers/live-restore=false/container_created_should_not_be_restarted/stop-daemon
=== CONT  TestDaemonRestartKillContainers/live-restore=false/container_created_should_not_be_restarted/kill-daemon
=== CONT  TestDaemonRestartKillContainers/live-restore=true/container_with_restart=always/stop-daemon
=== CONT  TestDaemonRestartKillContainers/live-restore=true/container_without_restart_policy/stop-daemon
=== CONT  TestDaemonRestartKillContainers/live-restore=false/container_with_restart=always/stop-daemon
=== CONT  TestDaemonRestartKillContainers/live-restore=false/container_with_restart=always/kill-daemon
=== CONT  TestDaemonRestartKillContainers/live-restore=true/container_without_restart_policy/kill-daemon
=== CONT  TestDaemonRestartKillContainers/live-restore=false/container_without_restart_policy/kill-daemon
--- PASS: TestDaemonRestartKillContainers (0.00s)
    --- PASS: TestDaemonRestartKillContainers/live-restore=false/container_without_restart_policy/stop-daemon (1.73s)
        daemon.go:296: [d839cec6b82f4] waiting for daemon to start
        daemon.go:328: [d839cec6b82f4] daemon started
        daemon.go:283: [d839cec6b82f4] exiting daemon
        daemon.go:296: [d839cec6b82f4] waiting for daemon to start
        daemon.go:328: [d839cec6b82f4] daemon started
        daemon.go:283: [d839cec6b82f4] exiting daemon
    --- PASS: TestDaemonRestartKillContainers/live-restore=true/container_with_restart=always/kill-daemon (2.60s)
        daemon.go:296: [d5ccb8c9d77ba] waiting for daemon to start
        daemon.go:328: [d5ccb8c9d77ba] daemon started
        daemon.go:296: [d5ccb8c9d77ba] waiting for daemon to start
        daemon.go:328: [d5ccb8c9d77ba] daemon started
        daemon.go:283: [d5ccb8c9d77ba] exiting daemon
    --- PASS: TestDaemonRestartKillContainers/live-restore=true/container_created_should_not_be_restarted/stop-daemon (1.32s)
        daemon.go:296: [d656298046b31] waiting for daemon to start
        daemon.go:328: [d656298046b31] daemon started
        daemon.go:283: [d656298046b31] exiting daemon
        daemon.go:296: [d656298046b31] waiting for daemon to start
        daemon.go:328: [d656298046b31] daemon started
        daemon.go:283: [d656298046b31] exiting daemon
    --- PASS: TestDaemonRestartKillContainers/live-restore=true/container_created_should_not_be_restarted/kill-daemon (1.31s)
        daemon.go:296: [d9d2ce6acae77] waiting for daemon to start
        daemon.go:328: [d9d2ce6acae77] daemon started
        daemon.go:296: [d9d2ce6acae77] waiting for daemon to start
        daemon.go:328: [d9d2ce6acae77] daemon started
        daemon.go:283: [d9d2ce6acae77] exiting daemon
    --- PASS: TestDaemonRestartKillContainers/live-restore=false/container_created_should_not_be_restarted/stop-daemon (1.27s)
        daemon.go:296: [d06bcf0179b80] waiting for daemon to start
        daemon.go:328: [d06bcf0179b80] daemon started
        daemon.go:283: [d06bcf0179b80] exiting daemon
        daemon.go:296: [d06bcf0179b80] waiting for daemon to start
        daemon.go:328: [d06bcf0179b80] daemon started
        daemon.go:283: [d06bcf0179b80] exiting daemon
    --- PASS: TestDaemonRestartKillContainers/live-restore=false/container_created_should_not_be_restarted/kill-daemon (1.30s)
        daemon.go:296: [d64aa84aafc97] waiting for daemon to start
        daemon.go:328: [d64aa84aafc97] daemon started
        daemon.go:296: [d64aa84aafc97] waiting for daemon to start
        daemon.go:328: [d64aa84aafc97] daemon started
        daemon.go:283: [d64aa84aafc97] exiting daemon
    --- PASS: TestDaemonRestartKillContainers/live-restore=true/container_with_restart=always/stop-daemon (1.77s)
        daemon.go:296: [da3fe93d7daee] waiting for daemon to start
        daemon.go:328: [da3fe93d7daee] daemon started
        daemon.go:283: [da3fe93d7daee] exiting daemon
        daemon.go:296: [da3fe93d7daee] waiting for daemon to start
        daemon.go:328: [da3fe93d7daee] daemon started
        daemon.go:283: [da3fe93d7daee] exiting daemon
    --- PASS: TestDaemonRestartKillContainers/live-restore=true/container_without_restart_policy/stop-daemon (1.95s)
        daemon.go:296: [df2a348a0bb97] waiting for daemon to start
        daemon.go:328: [df2a348a0bb97] daemon started
        daemon.go:283: [df2a348a0bb97] exiting daemon
        daemon.go:296: [df2a348a0bb97] waiting for daemon to start
        daemon.go:328: [df2a348a0bb97] daemon started
        daemon.go:283: [df2a348a0bb97] exiting daemon
    --- PASS: TestDaemonRestartKillContainers/live-restore=false/container_with_restart=always/stop-daemon (2.11s)
        daemon.go:296: [d9b5a394447a6] waiting for daemon to start
        daemon.go:328: [d9b5a394447a6] daemon started
        daemon.go:283: [d9b5a394447a6] exiting daemon
        daemon.go:296: [d9b5a394447a6] waiting for daemon to start
        daemon.go:328: [d9b5a394447a6] daemon started
        daemon.go:283: [d9b5a394447a6] exiting daemon
    --- PASS: TestDaemonRestartKillContainers/live-restore=false/container_with_restart=always/kill-daemon (2.14s)
        daemon.go:296: [dae27fdeba6f5] waiting for daemon to start
        daemon.go:328: [dae27fdeba6f5] daemon started
        daemon.go:296: [dae27fdeba6f5] waiting for daemon to start
        daemon.go:328: [dae27fdeba6f5] daemon started
        daemon.go:283: [dae27fdeba6f5] exiting daemon
    --- PASS: TestDaemonRestartKillContainers/live-restore=true/container_without_restart_policy/kill-daemon (2.02s)
        daemon.go:296: [dc525483cbee6] waiting for daemon to start
        daemon.go:328: [dc525483cbee6] daemon started
        daemon.go:296: [dc525483cbee6] waiting for daemon to start
        daemon.go:328: [dc525483cbee6] daemon started
        daemon.go:283: [dc525483cbee6] exiting daemon
    --- PASS: TestDaemonRestartKillContainers/live-restore=false/container_without_restart_policy/kill-daemon (1.75s)
        daemon.go:296: [d7ae84afe4d92] waiting for daemon to start
        daemon.go:328: [d7ae84afe4d92] daemon started
        daemon.go:296: [d7ae84afe4d92] waiting for daemon to start
        daemon.go:328: [d7ae84afe4d92] daemon started
        daemon.go:283: [d7ae84afe4d92] exiting daemon
=== RUN   TestKernelTCPMemory
--- PASS: TestKernelTCPMemory (0.68s)
=== RUN   TestNISDomainname
--- PASS: TestNISDomainname (0.76s)
=== RUN   TestStats
--- PASS: TestStats (2.24s)
=== RUN   TestStopContainerWithTimeout
=== RUN   TestStopContainerWithTimeout/0
=== PAUSE TestStopContainerWithTimeout/0
=== RUN   TestStopContainerWithTimeout/1
=== PAUSE TestStopContainerWithTimeout/1
=== RUN   TestStopContainerWithTimeout/3
=== PAUSE TestStopContainerWithTimeout/3
=== RUN   TestStopContainerWithTimeout/-1
=== PAUSE TestStopContainerWithTimeout/-1
=== CONT  TestStopContainerWithTimeout/0
=== CONT  TestStopContainerWithTimeout/3
=== CONT  TestStopContainerWithTimeout/-1
=== CONT  TestStopContainerWithTimeout/1
--- PASS: TestStopContainerWithTimeout (0.02s)
    --- PASS: TestStopContainerWithTimeout/0 (0.72s)
    --- PASS: TestStopContainerWithTimeout/3 (2.67s)
    --- PASS: TestStopContainerWithTimeout/-1 (2.54s)
    --- PASS: TestStopContainerWithTimeout/1 (1.50s)
=== RUN   TestDeleteDevicemapper
--- SKIP: TestDeleteDevicemapper (0.00s)
    stop_linux_test.go:75: testEnv.DaemonInfo.Driver != "devicemapper"
=== RUN   TestStopContainerWithRestartPolicyAlways
--- PASS: TestStopContainerWithRestartPolicyAlways (2.10s)
=== RUN   TestUpdateMemory
--- SKIP: TestUpdateMemory (0.00s)
    update_linux_test.go:22: !testEnv.DaemonInfo.SwapLimit
=== RUN   TestUpdateCPUQuota
=== PAUSE TestUpdateCPUQuota
=== RUN   TestUpdateRestartPolicy
--- PASS: TestUpdateRestartPolicy (11.43s)
=== RUN   TestUpdateRestartWithAutoRemove
--- PASS: TestUpdateRestartWithAutoRemove (0.54s)
=== RUN   TestWaitNonBlocked
=== RUN   TestWaitNonBlocked/wait-nonblocking-exit-0
=== PAUSE TestWaitNonBlocked/wait-nonblocking-exit-0
=== RUN   TestWaitNonBlocked/wait-nonblocking-exit-random
=== PAUSE TestWaitNonBlocked/wait-nonblocking-exit-random
=== CONT  TestWaitNonBlocked/wait-nonblocking-exit-0
=== CONT  TestWaitNonBlocked/wait-nonblocking-exit-random
--- PASS: TestWaitNonBlocked (0.03s)
    --- PASS: TestWaitNonBlocked/wait-nonblocking-exit-random (0.70s)
    --- PASS: TestWaitNonBlocked/wait-nonblocking-exit-0 (0.74s)
=== RUN   TestWaitBlocked
=== RUN   TestWaitBlocked/test-wait-blocked-exit-zero
=== PAUSE TestWaitBlocked/test-wait-blocked-exit-zero
=== RUN   TestWaitBlocked/test-wait-blocked-exit-random
=== PAUSE TestWaitBlocked/test-wait-blocked-exit-random
=== CONT  TestWaitBlocked/test-wait-blocked-exit-zero
=== CONT  TestWaitBlocked/test-wait-blocked-exit-random
--- PASS: TestWaitBlocked (0.03s)
    --- PASS: TestWaitBlocked/test-wait-blocked-exit-random (0.79s)
    --- PASS: TestWaitBlocked/test-wait-blocked-exit-zero (0.82s)
=== CONT  TestContainerStartOnDaemonRestart
=== CONT  TestUpdateCPUQuota
--- PASS: TestUpdateCPUQuota (1.46s)
=== CONT  TestMountDaemonRoot
=== RUN   TestMountDaemonRoot/default
=== PAUSE TestMountDaemonRoot/default
=== RUN   TestMountDaemonRoot/private
=== PAUSE TestMountDaemonRoot/private
=== RUN   TestMountDaemonRoot/rprivate
=== PAUSE TestMountDaemonRoot/rprivate
=== RUN   TestMountDaemonRoot/slave
=== PAUSE TestMountDaemonRoot/slave
=== RUN   TestMountDaemonRoot/rslave
=== PAUSE TestMountDaemonRoot/rslave
=== RUN   TestMountDaemonRoot/shared
=== PAUSE TestMountDaemonRoot/shared
=== RUN   TestMountDaemonRoot/rshared
=== PAUSE TestMountDaemonRoot/rshared
=== CONT  TestMountDaemonRoot/default
=== RUN   TestMountDaemonRoot/default/bind_root
=== PAUSE TestMountDaemonRoot/default/bind_root
=== RUN   TestMountDaemonRoot/default/bind_subpath
=== PAUSE TestMountDaemonRoot/default/bind_subpath
=== RUN   TestMountDaemonRoot/default/mount_root
=== PAUSE TestMountDaemonRoot/default/mount_root
=== RUN   TestMountDaemonRoot/default/mount_subpath
=== PAUSE TestMountDaemonRoot/default/mount_subpath
=== CONT  TestMountDaemonRoot/default/bind_root
=== CONT  TestMountDaemonRoot/rshared
=== RUN   TestMountDaemonRoot/rshared/mount_root
=== PAUSE TestMountDaemonRoot/rshared/mount_root
=== RUN   TestMountDaemonRoot/rshared/mount_subpath
=== PAUSE TestMountDaemonRoot/rshared/mount_subpath
=== RUN   TestMountDaemonRoot/rshared/bind_root
=== PAUSE TestMountDaemonRoot/rshared/bind_root
=== RUN   TestMountDaemonRoot/rshared/bind_subpath
=== PAUSE TestMountDaemonRoot/rshared/bind_subpath
=== CONT  TestMountDaemonRoot/shared
=== RUN   TestMountDaemonRoot/shared/bind_subpath
=== PAUSE TestMountDaemonRoot/shared/bind_subpath
=== RUN   TestMountDaemonRoot/shared/mount_root
=== PAUSE TestMountDaemonRoot/shared/mount_root
=== RUN   TestMountDaemonRoot/shared/mount_subpath
=== PAUSE TestMountDaemonRoot/shared/mount_subpath
=== RUN   TestMountDaemonRoot/shared/bind_root
=== PAUSE TestMountDaemonRoot/shared/bind_root
=== CONT  TestMountDaemonRoot/rslave
=== RUN   TestMountDaemonRoot/rslave/mount_subpath
=== PAUSE TestMountDaemonRoot/rslave/mount_subpath
=== RUN   TestMountDaemonRoot/rslave/bind_root
=== PAUSE TestMountDaemonRoot/rslave/bind_root
=== RUN   TestMountDaemonRoot/rslave/bind_subpath
=== PAUSE TestMountDaemonRoot/rslave/bind_subpath
=== RUN   TestMountDaemonRoot/rslave/mount_root
=== PAUSE TestMountDaemonRoot/rslave/mount_root
=== CONT  TestMountDaemonRoot/slave
=== RUN   TestMountDaemonRoot/slave/bind_subpath
=== PAUSE TestMountDaemonRoot/slave/bind_subpath
=== RUN   TestMountDaemonRoot/slave/mount_root
=== PAUSE TestMountDaemonRoot/slave/mount_root
=== RUN   TestMountDaemonRoot/slave/mount_subpath
=== PAUSE TestMountDaemonRoot/slave/mount_subpath
=== RUN   TestMountDaemonRoot/slave/bind_root
=== PAUSE TestMountDaemonRoot/slave/bind_root
=== CONT  TestMountDaemonRoot/rprivate
=== RUN   TestMountDaemonRoot/rprivate/mount_root
=== PAUSE TestMountDaemonRoot/rprivate/mount_root
=== RUN   TestMountDaemonRoot/rprivate/mount_subpath
=== PAUSE TestMountDaemonRoot/rprivate/mount_subpath
=== RUN   TestMountDaemonRoot/rprivate/bind_root
=== PAUSE TestMountDaemonRoot/rprivate/bind_root
=== RUN   TestMountDaemonRoot/rprivate/bind_subpath
=== PAUSE TestMountDaemonRoot/rprivate/bind_subpath
=== CONT  TestMountDaemonRoot/private
=== RUN   TestMountDaemonRoot/private/bind_root
=== PAUSE TestMountDaemonRoot/private/bind_root
=== RUN   TestMountDaemonRoot/private/bind_subpath
=== PAUSE TestMountDaemonRoot/private/bind_subpath
=== RUN   TestMountDaemonRoot/private/mount_root
=== PAUSE TestMountDaemonRoot/private/mount_root
=== RUN   TestMountDaemonRoot/private/mount_subpath
=== PAUSE TestMountDaemonRoot/private/mount_subpath
=== CONT  TestMountDaemonRoot/default/mount_subpath
=== CONT  TestMountDaemonRoot/default/mount_root
=== CONT  TestMountDaemonRoot/default/bind_subpath
=== CONT  TestMountDaemonRoot/rshared/mount_root
=== CONT  TestMountDaemonRoot/shared/bind_subpath
=== CONT  TestMountDaemonRoot/rshared/bind_subpath
=== CONT  TestMountDaemonRoot/rshared/bind_root
=== CONT  TestMountDaemonRoot/rshared/mount_subpath
=== CONT  TestMountDaemonRoot/shared/mount_subpath
=== CONT  TestMountDaemonRoot/shared/bind_root
=== CONT  TestMountDaemonRoot/shared/mount_root
=== CONT  TestMountDaemonRoot/rslave/mount_subpath
=== CONT  TestMountDaemonRoot/slave/bind_subpath
=== CONT  TestMountDaemonRoot/rslave/mount_root
--- PASS: TestContainerStartOnDaemonRestart (2.36s)
    daemon.go:296: [d571c44da886b] waiting for daemon to start
    daemon.go:328: [d571c44da886b] daemon started
    daemon.go:296: [d571c44da886b] waiting for daemon to start
    daemon.go:328: [d571c44da886b] daemon started
    daemon.go:283: [d571c44da886b] exiting daemon
=== CONT  TestMountDaemonRoot/rslave/bind_subpath
=== CONT  TestMountDaemonRoot/rslave/bind_root
=== CONT  TestMountDaemonRoot/slave/mount_subpath
=== CONT  TestMountDaemonRoot/slave/bind_root
=== CONT  TestMountDaemonRoot/slave/mount_root
=== CONT  TestMountDaemonRoot/rprivate/mount_root
=== CONT  TestMountDaemonRoot/rprivate/bind_root
=== CONT  TestMountDaemonRoot/rprivate/bind_subpath
=== CONT  TestMountDaemonRoot/rprivate/mount_subpath
=== CONT  TestMountDaemonRoot/private/bind_root
=== CONT  TestMountDaemonRoot/private/mount_root
=== CONT  TestMountDaemonRoot/private/mount_subpath
=== CONT  TestMountDaemonRoot/private/bind_subpath
--- PASS: TestMountDaemonRoot (0.01s)
    --- PASS: TestMountDaemonRoot/default (0.00s)
        --- PASS: TestMountDaemonRoot/default/bind_root (0.10s)
        --- PASS: TestMountDaemonRoot/default/mount_subpath (0.08s)
        --- PASS: TestMountDaemonRoot/default/mount_root (0.06s)
        --- PASS: TestMountDaemonRoot/default/bind_subpath (0.05s)
    --- PASS: TestMountDaemonRoot/rshared (0.00s)
        --- PASS: TestMountDaemonRoot/rshared/mount_root (0.07s)
        --- PASS: TestMountDaemonRoot/rshared/bind_subpath (0.05s)
        --- PASS: TestMountDaemonRoot/rshared/bind_root (0.05s)
        --- PASS: TestMountDaemonRoot/rshared/mount_subpath (0.08s)
    --- PASS: TestMountDaemonRoot/shared (0.00s)
        --- PASS: TestMountDaemonRoot/shared/bind_subpath (0.06s)
        --- PASS: TestMountDaemonRoot/shared/mount_subpath (0.04s)
        --- PASS: TestMountDaemonRoot/shared/bind_root (0.05s)
        --- PASS: TestMountDaemonRoot/shared/mount_root (0.04s)
    --- PASS: TestMountDaemonRoot/rslave (0.00s)
        --- PASS: TestMountDaemonRoot/rslave/mount_subpath (0.05s)
        --- PASS: TestMountDaemonRoot/rslave/mount_root (0.07s)
        --- PASS: TestMountDaemonRoot/rslave/bind_subpath (0.07s)
        --- PASS: TestMountDaemonRoot/rslave/bind_root (0.10s)
    --- PASS: TestMountDaemonRoot/slave (0.00s)
        --- PASS: TestMountDaemonRoot/slave/bind_subpath (0.03s)
        --- PASS: TestMountDaemonRoot/slave/mount_subpath (0.04s)
        --- PASS: TestMountDaemonRoot/slave/bind_root (0.06s)
        --- PASS: TestMountDaemonRoot/slave/mount_root (0.06s)
    --- PASS: TestMountDaemonRoot/rprivate (0.01s)
        --- PASS: TestMountDaemonRoot/rprivate/mount_root (0.06s)
        --- PASS: TestMountDaemonRoot/rprivate/bind_root (0.06s)
        --- PASS: TestMountDaemonRoot/rprivate/bind_subpath (0.06s)
        --- PASS: TestMountDaemonRoot/rprivate/mount_subpath (0.06s)
    --- PASS: TestMountDaemonRoot/private (0.00s)
        --- PASS: TestMountDaemonRoot/private/bind_root (0.06s)
        --- PASS: TestMountDaemonRoot/private/mount_root (0.08s)
        --- PASS: TestMountDaemonRoot/private/mount_subpath (0.04s)
        --- PASS: TestMountDaemonRoot/private/bind_subpath (0.05s)
PASS
Running /go/src/github.com/docker/docker/integration/build
INFO: Testing against a local daemon
=== RUN   TestBuildWithSession
--- FAIL: TestBuildWithSession (0.71s)
    daemon.go:296: [da17d904b7573] waiting for daemon to start
    daemon.go:328: [da17d904b7573] daemon started
    build_session_test.go:37: assertion failed: error is not nil: ContextDir not implemented without session
    daemon.go:283: [da17d904b7573] exiting daemon
=== RUN   TestBuildSquashParent
--- SKIP: TestBuildSquashParent (0.00s)
    build_squash_test.go:23: !testEnv.DaemonInfo.ExperimentalBuild
=== RUN   TestBuildWithRemoveAndForceRemove
=== PAUSE TestBuildWithRemoveAndForceRemove
=== RUN   TestBuildMultiStageParentConfig
--- PASS: TestBuildMultiStageParentConfig (34.85s)
    build_test.go:163: [{-1 1545449432 sha256:3883801bdcb4bad467c1b972a5aab65b524573056ed4eb9d9f06da45836de107 map[] sha256:88d3885f370cfdaff847c827aa3ecd2c95b85f49d39b7ec91616c308f696b9ea [] [build1:latest] -1 1129289 1129289} {-1 1545449431 sha256:b184817f5b206db69b1ac160a0bbdfa432593cd2e1a24e48a6557ce8d591e294 map[] sha256:dd4b741c2562d8a628628c512516d4d09d383f8d0cc0abec92d22a4643ef723d [<none>@<none>] [<none>:<none>] -1 1129289 1129289} {-1 1545448805 sha256:18a970aff07961217f39f0de1e33d8b01458a86c1fd320dea0ba7ac5f4d2eb7c map[] sha256:3f53bb00af943dfdf815650be70c0fa7b426e56a66f5e3362b47a129d57d5991 [] [dup-txt-tag:latest] -1 4409032 4409032} {-1 1545448803 sha256:a12c4688413692303d2a570d6b8fb9897a1e8c0fa43fdda3ed63b9ab93545ddb map[] sha256:3f53bb00af943dfdf815650be70c0fa7b426e56a66f5e3362b47a129d57d5991 [] [some-tag:latest] -1 4409032 4409032} {-1 1545351807 sha256:eec2d71b4945e8e974f8ecc4334673fc0c9b6666b1936966df1828e6e8a71400 map[]  [alpine@sha256:b894cf1fe97eec6905af1761bff0a7c3e03a214d0271a76eaf42985ece38845c] [alpine:3.5] -1 3991674 3991674} {-1 1545351787 sha256:b955fa398a69d4ba8a8ee9ccad0d09789fc4bf22237bb062113890001a7144d5 map[]  [alpine@sha256:e957c05b82f0de9f553045850110ec523b6799fb5259f8f3c5c57a655ecf57c9] [alpine:3.4] -1 4811422 4811422} {-1 1545351768 sha256:4253f833edc5020a6c9ab9659f4a2093f73053ccd6bca97738b8a56b6365db24 map[]  [alpine@sha256:69dbff8d2a3e94f14daea4b968137fb5ccd5b83b5f248e5606a7781a8efd19bf] [alpine:3.3] -1 4817652 4817652} {-1 1545351748 sha256:7aa5410358f6024756ed218e690063ed94aa34275c4b23da173c739bc845c0e3 map[]  [alpine@sha256:787437a49c1a08c9158286e18749d107ea8a1ed9c88d10aa5ec94c5f089ccd4b] [alpine:3.2] -1 5264504 5264504} {-1 1545351728 sha256:9f5479c8fc7de1adab7ade224d6960c4a24a981343df8636095c752470da3fe4 map[]  [alpine@sha256:9669765749d18ce4e1f744eae748cd35d7157306abe36cb46d93631f493b3ef8] [alpine:3.1] -1 5042632 5042632} {-1 1545351710 sha256:dacde26455ab47a96ed5b69e8a64a43f07b27956a95065f78d601c33b4a59ab4 map[]  [alpine@sha256:72fac243935dc4398718b67c2469eafa6ccdca0c6af3ae365d5bba92400c69cd] [alpine:edge] -1 5270854 5270854} {-1 1545351690 sha256:3f53bb00af943dfdf815650be70c0fa7b426e56a66f5e3362b47a129d57d5991 map[]  [alpine@sha256:46e71df1e5191ab8b8034c5189e325258ec44ea739bba1e5645cff83c9048ff1] [alpine:3.8 alpine:latest] -1 4409032 4409032} {-1 1545351671 sha256:9bea9e12e381b8cc4d57145d4e98dc2a53b544e121efbc316a9d4e08e24af97c map[]  [alpine@sha256:0c842418b34ffd6a134dad2e19d6b1f63b98881c2ec67ffd1e6be6b69e97998a] [alpine:3.7] -1 4202236 4202236} {-1 1545351645 sha256:dc58420c6c139fc7244477b484dbe0734cd54dd988edd13d54ccee48482303d3 map[]  [alpine@sha256:9c47dad65db1f3894530d2e3fa6b335c8178b32fd57cd27d6a4bf5d6771d3964] [alpine:3.6] -1 4023450 4023450} {-1 1538500774 sha256:59788edf1f3e78cd0ebe6ce1446e9d10788225db3dedcfd1a59f764bad2b2690 map[]  [busybox@sha256:2a03a6059f21e150ae84b0973863609494aad70f0a80eaeb64bddd8d92465812] [] -1 1154353 1154353} {-1 1536348339 sha256:4ab4c602aa5eed5528a6620ff18a1dc4faef0e1ab3a5eddeddb410714478c67f map[]  [hello-world@sha256:0add3ace90ecb4adbf7777e9aacf18357296e799f81cabc9fde470971e499788 hello-world@sha256:d5c7d767f5ba807f9b363aa4db87d75ab030404a670880e16aedff16f605484b] [hello-world:linux] -1 1840 1840} {-1 1516768215 sha256:2bbf44aed9f866d88c0e7d006d4ffe8d53186a12ffd6dca5e1baa59ba3024b85 map[]  [] [busybox:glibc] -1 4403842 4403842} {-1 1511223798 sha256:f2a91732366c0332ccd7afd2a5c4ff2b9af81f549370f7a19acd460f87686bc7 map[]  [hello-world@sha256:083de497cff944f969d8499ab94f07134c50bcf5e6b9559b27182d3fa80ce3f7] [hello-world:frozen] -1 1848 1848} {-1 1509809246 sha256:cb92533ca5cc26b3e36c11b6007fb838a8d2ea73a24faf738084c57ce193b944 map[]  [] [buildpack-deps:jessie] -1 614674590 614674590} {-1 1509772896 sha256:25fc9eb3417fa06d0d7fc83706b1ef5855dd1a8767fc29476b49e4edf8230867 map[]  [] [debian:jessie] -1 123385136 123385136} {-1 1509748757 sha256:6ad733544a6317992a6fac4eb19fe1df577d4dec7529efec28a5bd0edad0fd30 map[]  [] [busybox:latest] -1 1129289 1129289} {-1 1453141967 sha256:93f518ec2c41722d6c21e55f96cef4dc4c9ba521cab51a757b1d7272b393902f map[]  [alpine@sha256:9f08005dff552038f0ad2f46b8e65ff3d25641747d3912e3ea8da6785046561a] [alpine:2.7] -1 4707853 4707853} {-1 1453141959 sha256:e738dfbe7a10356ea998e8acc7493c0bfae5ed919ad7eb99550ab60d7f47e214 map[]  [alpine@sha256:e9cec9aec697d8b9d450edd32860ecd363f2f3174c8338beb5f809422d182c63] [alpine:2.6] -1 4497178 4497178} {-1 1442598274 sha256:9875fb006e07a63f7e2a1713a8a73c71663be95bce7c122a36205cd1cd9c93eb map[]  [busybox@sha256:f8cdcf3eb8fac77a9b24f37bc440feea024a5d3ec9a33f1d0a4c42c5df6a49c3] [busybox:buildroot-2014.02] -1 2429728 2429728} {-1 1371157430 sha256:11f64303f0f7ffdc71f001788132bca5346831939a956e3e975c93267d89a16d map[]  [] [emptyfs:latest] -1 0 0}]
=== RUN   TestBuildLabelWithTargets
--- PASS: TestBuildLabelWithTargets (8.00s)
=== RUN   TestBuildWithEmptyLayers
--- PASS: TestBuildWithEmptyLayers (3.00s)
=== RUN   TestBuildMultiStageOnBuild
--- PASS: TestBuildMultiStageOnBuild (5.02s)
=== RUN   TestBuildUncleanTarFilenames
--- PASS: TestBuildUncleanTarFilenames (0.73s)
=== RUN   TestBuildMultiStageLayerLeak
--- PASS: TestBuildMultiStageLayerLeak (4.29s)
=== RUN   TestBuildWithHugeFile
--- PASS: TestBuildWithHugeFile (145.16s)
=== CONT  TestBuildWithRemoveAndForceRemove
=== RUN   TestBuildWithRemoveAndForceRemove/successful_build_with_no_removal
=== PAUSE TestBuildWithRemoveAndForceRemove/successful_build_with_no_removal
=== RUN   TestBuildWithRemoveAndForceRemove/successful_build_with_remove
=== PAUSE TestBuildWithRemoveAndForceRemove/successful_build_with_remove
=== RUN   TestBuildWithRemoveAndForceRemove/successful_build_with_remove_and_force_remove
=== PAUSE TestBuildWithRemoveAndForceRemove/successful_build_with_remove_and_force_remove
=== RUN   TestBuildWithRemoveAndForceRemove/failed_build_with_no_removal
=== PAUSE TestBuildWithRemoveAndForceRemove/failed_build_with_no_removal
=== RUN   TestBuildWithRemoveAndForceRemove/failed_build_with_remove
=== PAUSE TestBuildWithRemoveAndForceRemove/failed_build_with_remove
=== RUN   TestBuildWithRemoveAndForceRemove/failed_build_with_remove_and_force_remove
=== PAUSE TestBuildWithRemoveAndForceRemove/failed_build_with_remove_and_force_remove
=== CONT  TestBuildWithRemoveAndForceRemove/successful_build_with_no_removal
=== CONT  TestBuildWithRemoveAndForceRemove/failed_build_with_no_removal
=== CONT  TestBuildWithRemoveAndForceRemove/failed_build_with_remove_and_force_remove
=== CONT  TestBuildWithRemoveAndForceRemove/failed_build_with_remove
=== CONT  TestBuildWithRemoveAndForceRemove/successful_build_with_remove_and_force_remove
=== CONT  TestBuildWithRemoveAndForceRemove/successful_build_with_remove
--- PASS: TestBuildWithRemoveAndForceRemove (0.03s)
    --- PASS: TestBuildWithRemoveAndForceRemove/failed_build_with_no_removal (2.45s)
    --- PASS: TestBuildWithRemoveAndForceRemove/successful_build_with_no_removal (2.50s)
    --- PASS: TestBuildWithRemoveAndForceRemove/failed_build_with_remove (1.92s)
    --- PASS: TestBuildWithRemoveAndForceRemove/failed_build_with_remove_and_force_remove (2.03s)
    --- PASS: TestBuildWithRemoveAndForceRemove/successful_build_with_remove_and_force_remove (2.00s)
    --- PASS: TestBuildWithRemoveAndForceRemove/successful_build_with_remove (1.95s)
FAIL
---> Making bundle: .integration-daemon-stop (in bundles/test-integration)
Clearing AppArmor profiles cache:.
All profile caches have been cleared, but no profiles have been unloaded.
Unloading profiles will leave already running processes permanently
unconfined, which can lead to unexpected situations.

To set a process to complain mode, use the command line tool
'aa-complain'. To really tear down all profiles, run the init script
with the 'teardown' option."
Removing test suite binaries
Build step 'Execute shell' marked build as failure
Set build name.
New build name is '#38415'
[PostBuildScript] - Executing post build scripts.
[Docker-PRs] $ /bin/sh -xe /tmp/jenkins5855996175709690296.sh
+ echo Ensuring container killed.
Ensuring container killed.
+ docker rm -vf docker-pr52180
Error: No such container: docker-pr52180
+ true
+ echo Chowning /workspace to jenkins user
Chowning /workspace to jenkins user
+ id -u
+ id -g
+ docker run --rm -v /home/ubuntu/workspace/Docker-PRs:/workspace busybox chown -R 1000:1000 /workspace
[Docker-PRs] $ /bin/sh -xe /tmp/jenkins6783221269593359756.sh
+ echo Creating bundles.tar.gz
Creating bundles.tar.gz
+ find bundles -name *.log -o -name *.prof -o -name integration.test
+ xargs tar -czf bundles.tar.gz
Archiving artifacts
Notifying endpoint with url 'https://leeroy.dockerproject.org/notification/jenkins'
[WS-CLEANUP] Deleting project workspace...[WS-CLEANUP] done
Finished: FAILURE
