Started by user Gordon
Notifying endpoint with url 'https://leeroy.dockerproject.org/notification/jenkins'
[EnvInject] - Loading node environment variables.
Building remotely on azure-windows-rs1-9 (windows-rs1) in workspace /gopath/src/github.com/docker/docker
No credentials specified
Wiping out workspace first.
Cloning the remote Git repository
Cloning repository https://github.com/moby/moby.git
 > git init C:\gopath\src\github.com\docker\docker # timeout=10
Fetching upstream changes from https://github.com/moby/moby.git
 > git --version # timeout=10
 > git fetch --tags --progress https://github.com/moby/moby.git +refs/heads/*:refs/remotes/origin/*
 > git config remote.origin.url https://github.com/moby/moby.git # timeout=10
 > git config --add remote.origin.fetch +refs/heads/*:refs/remotes/origin/* # timeout=10
 > git config remote.origin.url https://github.com/moby/moby.git # timeout=10
Fetching upstream changes from https://github.com/moby/moby.git
 > git fetch --tags --progress https://github.com/moby/moby.git +refs/heads/*:refs/remotes/origin/*
 > git rev-parse "origin/master^{commit}" # timeout=10
Checking out Revision 8d760280a232f98d92440539e1e8a8f66c213bdb (origin/master)
 > git config core.sparsecheckout # timeout=10
 > git checkout -f 8d760280a232f98d92440539e1e8a8f66c213bdb
Commit message: "Merge pull request #39275 from wiktor-k/move-var-run-to-run"
 > git rev-list --no-walk 8d760280a232f98d92440539e1e8a8f66c213bdb # timeout=10
Set build name.
New build name is '#39297'
[docker] $ sh -xe C:\Users\jenkins\jenkins6948861903652072179.sh
+ git fetch origin +refs/pull/39297/head:refs/remotes/origin/pr/39297
From https://github.com/moby/moby
 * [new ref]               refs/pull/39297/head -> origin/pr/39297
+ git merge origin/pr/39297
Updating 8d760280a2..8f66fa4c81
Fast-forward
 cmd/dockerd/config.go   | 1 +
 daemon/config/config.go | 1 +
 daemon/create.go        | 6 ++++--
 daemon/daemon_test.go   | 5 ++++-
 4 files changed, 10 insertions(+), 3 deletions(-)
[docker] $ powershell.exe -NonInteractive -ExecutionPolicy ByPass "& 'C:\Users\jenkins\jenkins2799109071432174328.ps1'"

INFO: executeCI.ps1 starting at Sat Jun  1 01:19:43 CUT 2019

INFO: Script version 05-Feb-2019 09:03 PDT
INFO: Running git version 2.18.0.windows.1
INFO: Branch:rs1_release_inmarket Build:14393.2906.190401-1809
INFO: Environment variables:

Name                           Value                                                                                   
----                           -----                                                                                   
_                              /cygdrive/c/ProgramData/Oracle/Java/javapath/java                                       
ALLUSERSPROFILE                C:\ProgramData                                                                          
APPDATA                        C:\Users\jenkins\AppData\Roaming                                                        
BASE_BRANCH                    master                                                                                  
BUILD_CAUSE                    MANUALTRIGGER                                                                           
BUILD_CAUSE_MANUALTRIGGER      true                                                                                    
BUILD_DISPLAY_NAME             #39297                                                                                  
BUILD_ID                       25423                                                                                   
BUILD_NUMBER                   25423                                                                                   
BUILD_TAG                      jenkins-Docker-PRs-WoW-RS1-25423                                                        
BUILD_URL                      https://jenkins.dockerproject.org/job/Docker-PRs-WoW-RS1/25423/                         
CommonProgramFiles             C:\Program Files\Common Files                                                           
CommonProgramFiles(x86)        C:\Program Files (x86)\Common Files                                                     
CommonProgramW6432             C:\Program Files\Common Files                                                           
COMPUTERNAME                   jenkins-rs1-9                                                                           
COMSPEC                        C:\Windows\system32\cmd.exe                                                             
ConfigSet                      rs                                                                                      
CYGWIN                         binmode ntsec                                                                           
EXECUTOR_NUMBER                0                                                                                       
GIT_AUTHOR_EMAIL               janky@dockerproject.org                                                                 
GIT_AUTHOR_NAME                Docker Jenkins                                                                          
GIT_BASE_REPO                  moby/moby                                                                               
GIT_BRANCH                     origin/master                                                                           
GIT_COMMIT                     8d760280a232f98d92440539e1e8a8f66c213bdb                                                
GIT_COMMITTER_EMAIL            janky@dockerproject.org                                                                 
GIT_COMMITTER_NAME             Docker Jenkins                                                                          
GIT_HEAD_REPO                  burnMyDread/moby                                                                        
GIT_PREVIOUS_COMMIT            8d760280a232f98d92440539e1e8a8f66c213bdb                                                
GIT_PREVIOUS_SUCCESSFUL_COMMIT 8d760280a232f98d92440539e1e8a8f66c213bdb                                                
GIT_SHA1                       8f66fa4c818052e2dc7729110d85a159bc98dead                                                
GIT_URL                        https://github.com/moby/moby.git                                                        
GITHUB_URL                     https://github.com/moby/moby/pull/39297                                                 
HOME                           C:\cygwin\home\jenkins                                                                  
HOMEDRIVE                      C:                                                                                      
HOMEPATH                       \cygwin\home\jenkins                                                                    
HUDSON_COOKIE                  70dfc65e-3780-49f1-a59f-cefbf4fcbfd8                                                    
HUDSON_HOME                    /var/jenkins_home                                                                       
HUDSON_SERVER_COOKIE           5654907fc74b1465                                                                        
HUDSON_URL                     https://jenkins.dockerproject.org/                                                      
JENKINS_HOME                   /var/jenkins_home                                                                       
JENKINS_SERVER_COOKIE          5654907fc74b1465                                                                        
JENKINS_URL                    https://jenkins.dockerproject.org/                                                      
JOB_BASE_NAME                  Docker-PRs-WoW-RS1                                                                      
JOB_DISPLAY_URL                https://jenkins.dockerproject.org/job/Docker-PRs-WoW-RS1/display/redirect               
JOB_NAME                       Docker-PRs-WoW-RS1                                                                      
JOB_URL                        https://jenkins.dockerproject.org/job/Docker-PRs-WoW-RS1/                               
LOCALAPPDATA                   C:\Users\jenkins\AppData\Local                                                          
LOGNAME                        jenkins                                                                                 
LOGONSERVER                    \\jenkins-rs1-9                                                                         
MAIL                           /var/spool/mail//jenkins                                                                
NODE_LABELS                    azure-windows-rs1-9 windows-rs1                                                         
NODE_NAME                      azure-windows-rs1-9                                                                     
NUMBER_OF_PROCESSORS           4                                                                                       
OLDPWD                         /home/jenkins                                                                           
OS                             Windows_NT                                                                              
PATH                           C:\cygwin\bin;C:\ProgramData\Oracle\Java\javapath;C:\pstools;C:\Program Files\Notepad...
PATHEXT                        .COM;.EXE;.BAT;.CMD;.VBS;.VBE;.JS;.JSE;.WSF;.WSH;.MSC;.CPL                              
PR                             39297                                                                                   
PROCESSOR_ARCHITECTURE         AMD64                                                                                   
PROCESSOR_IDENTIFIER           Intel64 Family 6 Model 63 Stepping 2, GenuineIntel                                      
PROCESSOR_LEVEL                6                                                                                       
PROCESSOR_REVISION             3f02                                                                                    
ProgramData                    C:\ProgramData                                                                          
PROGRAMFILES                   C:\Program Files                                                                        
ProgramFiles(x86)              C:\Program Files (x86)                                                                  
ProgramW6432                   C:\Program Files                                                                        
PSExecutionPolicyPreference    Bypass                                                                                  
PSModulePath                   C:\Users\jenkins\Documents\WindowsPowerShell\Modules;C:\Program Files\WindowsPowerShe...
PUBLIC                         C:\Users\Public                                                                         
PWD                            /cygdrive/c/workspace                                                                   
ROOT_BUILD_CAUSE               MANUALTRIGGER                                                                           
ROOT_BUILD_CAUSE_MANUALTRIGGER true                                                                                    
RUN_CHANGES_DISPLAY_URL        https://jenkins.dockerproject.org/job/Docker-PRs-WoW-RS1/25423/display/redirect?page=...
RUN_DISPLAY_URL                https://jenkins.dockerproject.org/job/Docker-PRs-WoW-RS1/25423/display/redirect         
SHELL                          /bin/bash                                                                               
SHLVL                          1                                                                                       
SOURCES_DRIVE                  c                                                                                       
SOURCES_SUBDIR                 gopath                                                                                  
SSH_CLIENT                     52.88.204.51 49934 22                                                                   
SSH_CONNECTION                 52.88.204.51 49934 10.0.0.15 22                                                         
SYSTEMDRIVE                    C:                                                                                      
SYSTEMROOT                     C:\Windows                                                                              
TEMP                           d:\temp                                                                                 
TESTRUN_DRIVE                  d                                                                                       
TESTRUN_SUBDIR                 CI                                                                                      
USER                           jenkins                                                                                 
USERDOMAIN                     jenkins-rs1-9                                                                           
USERNAME                       jenkins                                                                                 
USERPROFILE                    C:\Users\jenkins                                                                        
WINDIR                         C:\Windows                                                                              
WORKSPACE                      /gopath/src/github.com/docker/docker                                                    



INFO: PR#39297 (https://github.com/docker/docker/pull/39297)
INFO: Sources under c:\gopath\...
INFO: Test run under d:\CI\...
INFO: Running in C:\gopath\src\github.com\docker\docker
INFO: docker/docker repository was found
INFO: Image microsoft/windowsservercore:latest is already loaded in the control daemon
INFO: Version of microsoft/windowsservercore:latest is '10.0.14393.2906'
INFO: Docker version of control daemon

Client:
 Version:           master-dockerproject-2019-04-10
 API version:       1.40
 Go version:        go1.12.2
 Git commit:        ac758d9f
 Built:             Wed Apr 10 23:48:58 2019
 OS/Arch:           windows/amd64
 Experimental:      false

Server:
 Engine:
  Version:          master-dockerproject-2019-04-10
  API version:      1.40 (minimum version 1.24)
  Go version:       go1.12.3
  Git commit:       6d18c6a
  Built:            Wed Apr 10 23:59:12 2019
  OS/Arch:          windows/amd64
  Experimental:     false

INFO: Docker info of control daemon

Client:
 Debug Mode: false

Server:
 Containers: 0
  Running: 0
  Paused: 0
  Stopped: 0
 Images: 7
 Server Version: master-dockerproject-2019-04-10
 Storage Driver: windowsfilter
  Windows: 
 Logging Driver: json-file
 Plugins:
  Volume: local
  Network: ics l2bridge l2tunnel nat null overlay transparent
  Log: awslogs etwlogs fluentd gcplogs gelf json-file local logentries splunk syslog
 Swarm: inactive
 Default Isolation: process
 Kernel Version: 10.0 14393 (14393.2906.amd64fre.rs1_release_inmarket.190401-1809)
 Operating System: Windows Server 2016 Datacenter Version 1607 (OS Build 14393.2906)
 OSType: windows
 Architecture: x86_64
 CPUs: 4
 Total Memory: 14GiB
 Name: jenkins-rs1-9
 ID: a6198c19-da1b-4440-8431-96f75e91720b
 Docker Root Dir: D:\control
 Debug Mode: false
 Registry: https://index.docker.io/v1/
 Labels:
 Experimental: false
 Insecure Registries:
  127.0.0.0/8
 Live Restore Enabled: false


INFO: Commit hash is 8f66fa4c81
INFO: Nuke-Everything...
INFO: Container count on control daemon to delete is 0
INFO: Nuking d:\CI
INFO: Zapped successfully
INFO: Location for testing is d:\CI\CI-8f66fa4c81
INFO: Validating GOLang consistency in Dockerfile.windows...


INFO: Building the image from Dockerfile.windows at 06/01/2019 01:19:44...

Sending build context to Docker daemon  49.39MB

Step 1/7 : FROM microsoft/windowsservercore
 ---> 6e4b73c2bd6e
Step 2/7 : SHELL ["powershell", "-Command", "$ErrorActionPreference = 'Stop'; $ProgressPreference = 'SilentlyContinue';"]
 ---> Using cache
 ---> 6b7ca5ecfd5b
Step 3/7 : ENV GO_VERSION=1.12.5     GIT_VERSION=2.11.1     GOPATH=C:\go     FROM_DOCKERFILE=1
 ---> Using cache
 ---> 9a5361c2fccb
Step 4/7 : RUN   Function Test-Nano() {     $EditionId = (Get-ItemProperty -Path 'HKLM:\SOFTWARE\Microsoft\Windows NT\CurrentVersion' -Name 'EditionID').EditionId;     return (($EditionId -eq 'ServerStandardNano') -or ($EditionId -eq 'ServerDataCenterNano') -or ($EditionId -eq 'NanoServer'));   }    Function Download-File([string] $source, [string] $target) {     if (Test-Nano) {       $handler = New-Object System.Net.Http.HttpClientHandler;       $client = New-Object System.Net.Http.HttpClient($handler);       $client.Timeout = New-Object System.TimeSpan(0, 30, 0);       $cancelTokenSource = [System.Threading.CancellationTokenSource]::new();       $responseMsg = $client.GetAsync([System.Uri]::new($source), $cancelTokenSource.Token);       $responseMsg.Wait();       if (!$responseMsg.IsCanceled) {         $response = $responseMsg.Result;         if ($response.IsSuccessStatusCode) {           $downloadedFileStream = [System.IO.FileStream]::new($target, [System.IO.FileMode]::Create, [System.IO.FileAccess]::Write);           $copyStreamOp = $response.Content.CopyToAsync($downloadedFileStream);           $copyStreamOp.Wait();           $downloadedFileStream.Close();           if ($copyStreamOp.Exception -ne $null) { throw $copyStreamOp.Exception }         }       } else {       Throw ("Failed to download " + $source)       }    } else {       $webClient = New-Object System.Net.WebClient;       $webClient.DownloadFile($source, $target);     }   }     setx /M PATH $('C:\git\cmd;C:\git\usr\bin;'+$Env:PATH+';C:\gcc\bin;C:\go\bin');     Write-Host INFO: Downloading git...;   $location='https://www.nuget.org/api/v2/package/GitForWindows/'+$Env:GIT_VERSION;   Download-File $location C:\gitsetup.zip;     Write-Host INFO: Downloading go...;   Download-File $('https://golang.org/dl/go'+$Env:GO_VERSION+'.windows-amd64.zip') C:\go.zip;     Write-Host INFO: Downloading compiler 1 of 3...;   Download-File https://raw.githubusercontent.com/jhowardmsft/docker-tdmgcc/master/gcc.zip C:\gcc.zip;     Write-Host INFO: Downloading compiler 2 of 3...;   Download-File https://raw.githubusercontent.com/jhowardmsft/docker-tdmgcc/master/runtime.zip C:\runtime.zip;     Write-Host INFO: Downloading compiler 3 of 3...;   Download-File https://raw.githubusercontent.com/jhowardmsft/docker-tdmgcc/master/binutils.zip C:\binutils.zip;     Write-Host INFO: Extracting git...;   Expand-Archive C:\gitsetup.zip C:\git-tmp;   New-Item -Type Directory C:\git | Out-Null;   Move-Item C:\git-tmp\tools\* C:\git\.;   Remove-Item -Recurse -Force C:\git-tmp;     Write-Host INFO: Expanding go...;   Expand-Archive C:\go.zip -DestinationPath C:\;     Write-Host INFO: Expanding compiler 1 of 3...;   Expand-Archive C:\gcc.zip -DestinationPath C:\gcc -Force;   Write-Host INFO: Expanding compiler 2 of 3...;   Expand-Archive C:\runtime.zip -DestinationPath C:\gcc -Force;   Write-Host INFO: Expanding compiler 3 of 3...;   Expand-Archive C:\binutils.zip -DestinationPath C:\gcc -Force;     Write-Host INFO: Removing downloaded files...;   Remove-Item C:\gcc.zip;   Remove-Item C:\runtime.zip;   Remove-Item C:\binutils.zip;   Remove-Item C:\gitsetup.zip;     Write-Host INFO: Creating source directory...;   New-Item -ItemType Directory -Path C:\go\src\github.com\docker\docker | Out-Null;     Write-Host INFO: Configuring git core.autocrlf...;   C:\git\cmd\git config --global core.autocrlf true;     Write-Host INFO: Completed
 ---> Using cache
 ---> 937bcf66ea6a
Step 5/7 : ENTRYPOINT ["powershell.exe"]
 ---> Using cache
 ---> f785c24dde78
Step 6/7 : WORKDIR C:\go\src\github.com\docker\docker
 ---> Using cache
 ---> 0b324774be56
Step 7/7 : COPY . .
 ---> d01e2cfbdf89
Successfully built d01e2cfbdf89
Successfully tagged docker:latest
INFO: Image build ended at 06/01/2019 01:20:07. Duration:00:00:22.4646493


INFO: Building the test binaries at 06/01/2019 01:20:07...
INFO: make.ps1 starting at 06/01/2019 01:20:10
INFO: Git commit (8f66fa4c81) assumed from DOCKER_GITCOMMIT environment variable
INFO: Invoking autogen...
INFO: Building daemon...
INFO: Downloading docker/cli version 17.06.2-ce from stable...

 ________   ____  __.
 \_____  \ |    |/ _|
 /   |   \|      <
 /    |    \    |  \
 \_______  /____|__ \
         \/        \/

INFO: make.ps1 ended at 06/01/2019 01:21:03
INFO: Binaries build ended at 06/01/2019 01:21:04. Duration:00:00:57.6780411
INFO: Copying the built daemon binary to d:\CI\CI-8f66fa4c81\binary\dockerd-8f66fa4c81.exe...
INFO: Copying the built client binary to d:\CI\CI-8f66fa4c81\binary\docker-8f66fa4c81.exe...
INFO: Copying dockerversion from the container...
INFO: Copying the golang package from the container to d:\CI\CI-8f66fa4c81\installer\go.zip...
INFO: Extracting go.zip to d:\CI\CI-8f66fa4c81\go
INFO: Extraction ended at 06/01/2019 01:21:32. Duration:00:00:25.3488685
INFO: Updating the golang and path environment variables
INFO: GOPATH=c:\gopath
INFO: go version go1.12.5 windows/amd64
INFO: Starting a daemon under test...
INFO: Args: -H tcp://0.0.0.0:2357 --data-root d:\CI\CI-8f66fa4c81\daemon --pidfile d:\CI\CI-8f66fa4c81\docker.pid
INFO: Process started successfully.
INFO: Waiting for the daemon under test to start...
INFO: Daemon under test started and replied!
INFO: Docker version of the daemon under test

Client:
 Version:      17.06.2-ce
 API version:  1.30
 Go version:   go1.8.3
 Git commit:   cec0b72
 Built:        Tue Sep  5 19:57:19 2017
 OS/Arch:      windows/amd64

Server:
 Version:      0.0.0-dev
 API version:  1.41 (minimum version 1.24)
 Go version:   go1.12.5
 Git commit:   8f66fa4c81
 Built:        06/01/2019 01:20:10
 OS/Arch:      windows/amd64
 Experimental: false

INFO: Docker info of the daemon under test

Containers: 0
 Running: 0
 Paused: 0
 Stopped: 0
Images: 0
Server Version: 0.0.0-dev
Storage Driver: windowsfilter
 Windows: 
Logging Driver: json-file
Plugins: 
 Volume: local
 Network: ics l2bridge l2tunnel nat null overlay transparent
 Log: awslogs etwlogs fluentd gcplogs gelf json-file local logentries splunk syslog
Swarm: inactive
Default Isolation: process
Kernel Version: 10.0 14393 (14393.2906.amd64fre.rs1_release_inmarket.190401-1809)
Operating System: Windows Server 2016 Datacenter Version 1607 (OS Build 14393.2906)
OSType: windows
Architecture: x86_64
CPUs: 4
Total Memory: 14GiB
Name: jenkins-rs1-9
ID: c8a0463f-26b5-411a-9bcc-5a0ee220b046
Docker Root Dir: D:\CI\CI-8f66fa4c81\daemon
Debug Mode (client): false
Debug Mode (server): false
Registry: https://index.docker.io/v1/
Labels:
Experimental: false
Insecure Registries:
 127.0.0.0/8
Live Restore Enabled: false


INFO: Docker images of the daemon under test

REPOSITORY          TAG                 IMAGE ID            CREATED             SIZE

INFO: Base image for tests is microsoft/windowsservercore
INFO: Loading windowsservercore .tar from disk into the daemon under test. This may take some time...
Loaded image: microsoft/windowsservercore:10.0.14393.2906
Loaded image: microsoft/windowsservercore:latest
INFO: docker load of windowsservercore  into daemon under test completed successfully
INFO: Version of microsoft/windowsservercore:latest is '10.0.14393.2906'
INFO: Running validation tests at 06/01/2019 01:25:00...
INFO: make.ps1 starting at 06/01/2019 01:25:00
INFO: Validating Developer Certificate of Origin...
Congratulations!  All commits are properly signed with the DCO!
INFO: Validating go formatting on changed files...
Checking cmd\dockerd\config.go
Checking daemon\config\config.go
Checking daemon\create.go
Checking daemon\daemon_test.go
Congratulations!  All Go source files are properly formatted.
INFO: Validating pkg import isolation...
Congratulations!  ".\pkg\*.go" is safely isolated from internal code.
INFO: make.ps1 ended at 06/01/2019 01:25:02
INFO: Validation tests ended at 06/01/2019 01:25:02. Duration:00:00:01.7419118
INFO: Running unit tests at 06/01/2019 01:25:02...
INFO: make.ps1 starting at 06/01/2019 01:25:06
INFO: Git commit (8f66fa4c81) assumed from DOCKER_GITCOMMIT environment variable
INFO: Invoking autogen...
INFO: Running unit tests...
?   	github.com/docker/docker/api	[no test files]
ok  	github.com/docker/docker/api/server	0.056s	coverage: 7.9% of statements
?   	github.com/docker/docker/api/server/backend/build	[no test files]
ok  	github.com/docker/docker/api/server/httputils	0.056s	coverage: 14.7% of statements
ok  	github.com/docker/docker/api/server/middleware	0.097s	coverage: 43.4% of statements
?   	github.com/docker/docker/api/server/router	[no test files]
?   	github.com/docker/docker/api/server/router/build	[no test files]
?   	github.com/docker/docker/api/server/router/checkpoint	[no test files]
?   	github.com/docker/docker/api/server/router/container	[no test files]
?   	github.com/docker/docker/api/server/router/debug	[no test files]
?   	github.com/docker/docker/api/server/router/distribution	[no test files]
?   	github.com/docker/docker/api/server/router/grpc	[no test files]
?   	github.com/docker/docker/api/server/router/image	[no test files]
?   	github.com/docker/docker/api/server/router/network	[no test files]
?   	github.com/docker/docker/api/server/router/plugin	[no test files]
?   	github.com/docker/docker/api/server/router/session	[no test files]
ok  	github.com/docker/docker/api/server/router/swarm	0.049s	coverage: 3.1% of statements
?   	github.com/docker/docker/api/server/router/system	[no test files]
?   	github.com/docker/docker/api/server/router/volume	[no test files]
?   	github.com/docker/docker/api/types	[no test files]
?   	github.com/docker/docker/api/types/backend	[no test files]
?   	github.com/docker/docker/api/types/blkiodev	[no test files]
?   	github.com/docker/docker/api/types/container	[no test files]
?   	github.com/docker/docker/api/types/events	[no test files]
ok  	github.com/docker/docker/api/types/filters	0.055s	coverage: 95.2% of statements
?   	github.com/docker/docker/api/types/image	[no test files]
?   	github.com/docker/docker/api/types/mount	[no test files]
?   	github.com/docker/docker/api/types/network	[no test files]
?   	github.com/docker/docker/api/types/plugins/logdriver	[no test files]
?   	github.com/docker/docker/api/types/registry	[no test files]
ok  	github.com/docker/docker/api/types/strslice	0.075s	coverage: 90.0% of statements
?   	github.com/docker/docker/api/types/swarm	[no test files]
?   	github.com/docker/docker/api/types/swarm/runtime	[no test files]
ok  	github.com/docker/docker/api/types/time	0.224s	coverage: 100.0% of statements
ok  	github.com/docker/docker/api/types/versions	0.030s	coverage: 75.0% of statements
?   	github.com/docker/docker/api/types/versions/v1p19	[no test files]
?   	github.com/docker/docker/api/types/versions/v1p20	[no test files]
?   	github.com/docker/docker/api/types/volume	[no test files]
?   	github.com/docker/docker/autogen/winresources/docker	[no test files]
?   	github.com/docker/docker/autogen/winresources/dockerd	[no test files]
?   	github.com/docker/docker/builder	[no test files]
?   	github.com/docker/docker/builder/builder-next	[no test files]
?   	github.com/docker/docker/builder/builder-next/adapters/containerimage	[no test files]
?   	github.com/docker/docker/builder/builder-next/adapters/localinlinecache	[no test files]
?   	github.com/docker/docker/builder/builder-next/adapters/snapshot	[no test files]
?   	github.com/docker/docker/builder/builder-next/exporter	[no test files]
?   	github.com/docker/docker/builder/builder-next/imagerefchecker	[no test files]
?   	github.com/docker/docker/builder/builder-next/worker	[no test files]
ok  	github.com/docker/docker/builder/dockerfile	0.152s	coverage: 43.2% of statements
ok  	github.com/docker/docker/builder/dockerignore	0.032s	coverage: 96.8% of statements
ok  	github.com/docker/docker/builder/fscache	0.356s	coverage: 69.2% of statements
ok  	github.com/docker/docker/builder/remotecontext	0.351s	coverage: 9.2% of statements
ok  	github.com/docker/docker/builder/remotecontext/git	27.348s	coverage: 85.1% of statements
?   	github.com/docker/docker/cli	[no test files]
?   	github.com/docker/docker/cli/config	[no test files]
ok  	github.com/docker/docker/cli/debug	0.038s	coverage: 100.0% of statements
ok  	github.com/docker/docker/client	0.221s	coverage: 75.3% of statements
ok  	github.com/docker/docker/cmd/dockerd	0.376s	coverage: 18.0% of statements
ok  	github.com/docker/docker/container	0.299s	coverage: 42.8% of statements
?   	github.com/docker/docker/container/stream	[no test files]
?   	github.com/docker/docker/contrib/apparmor	[no test files]
?   	github.com/docker/docker/contrib/docker-device-tool	[no test files]
?   	github.com/docker/docker/contrib/httpserver	[no test files]
ok  	github.com/docker/docker/daemon	2.547s	coverage: 8.9% of statements
ok  	github.com/docker/docker/daemon/cluster	1.759s	coverage: 0.5% of statements
ok  	github.com/docker/docker/daemon/cluster/controllers/plugin	0.337s	coverage: 65.3% of statements
ok  	github.com/docker/docker/daemon/cluster/convert	0.165s	coverage: 35.8% of statements
?   	github.com/docker/docker/daemon/cluster/executor	[no test files]
ok  	github.com/docker/docker/daemon/cluster/executor/container	0.965s	coverage: 10.9% of statements
?   	github.com/docker/docker/daemon/cluster/provider	[no test files]
ok  	github.com/docker/docker/daemon/config	0.311s	coverage: 82.3% of statements
ok  	github.com/docker/docker/daemon/discovery	0.063s	coverage: 30.4% of statements
ok  	github.com/docker/docker/daemon/events	0.193s	coverage: 50.0% of statements
?   	github.com/docker/docker/daemon/events/testutils	[no test files]
?   	github.com/docker/docker/daemon/exec	[no test files]
ok  	github.com/docker/docker/daemon/graphdriver	0.063s	coverage: 2.3% of statements
?   	github.com/docker/docker/daemon/graphdriver/btrfs	[no test files]
?   	github.com/docker/docker/daemon/graphdriver/devmapper	[no test files]
?   	github.com/docker/docker/daemon/graphdriver/graphtest	[no test files]
?   	github.com/docker/docker/daemon/graphdriver/lcow	[no test files]
?   	github.com/docker/docker/daemon/graphdriver/overlay	[no test files]
?   	github.com/docker/docker/daemon/graphdriver/overlay2	[no test files]
?   	github.com/docker/docker/daemon/graphdriver/quota	[no test files]
?   	github.com/docker/docker/daemon/graphdriver/register	[no test files]
?   	github.com/docker/docker/daemon/graphdriver/vfs	[no test files]
?   	github.com/docker/docker/daemon/graphdriver/windows	[no test files]
?   	github.com/docker/docker/daemon/graphdriver/zfs	[no test files]
ok  	github.com/docker/docker/daemon/images	0.108s	coverage: 4.9% of statements
?   	github.com/docker/docker/daemon/initlayer	[no test files]
ok  	github.com/docker/docker/daemon/links	0.047s	coverage: 93.0% of statements
?   	github.com/docker/docker/daemon/listeners	[no test files]
ok  	github.com/docker/docker/daemon/logger	0.990s	coverage: 43.0% of statements
ok  	github.com/docker/docker/daemon/logger/awslogs	0.435s	coverage: 78.6% of statements
?   	github.com/docker/docker/daemon/logger/etwlogs	[no test files]
?   	github.com/docker/docker/daemon/logger/fluentd	[no test files]
?   	github.com/docker/docker/daemon/logger/gcplogs	[no test files]
?   	github.com/docker/docker/daemon/logger/gelf	[no test files]
?   	github.com/docker/docker/daemon/logger/journald	[no test files]
ok  	github.com/docker/docker/daemon/logger/jsonfilelog	0.202s	coverage: 62.1% of statements
ok  	github.com/docker/docker/daemon/logger/jsonfilelog/jsonlog	0.169s	coverage: 88.3% of statements
ok  	github.com/docker/docker/daemon/logger/local	0.258s	coverage: 74.7% of statements
?   	github.com/docker/docker/daemon/logger/logentries	[no test files]
ok  	github.com/docker/docker/daemon/logger/loggerutils	0.166s	coverage: 18.1% of statements
ok  	github.com/docker/docker/daemon/logger/splunk	2.159s	coverage: 84.5% of statements
ok  	github.com/docker/docker/daemon/logger/syslog	0.046s	coverage: 47.8% of statements
ok  	github.com/docker/docker/daemon/logger/templates	0.061s	coverage: 8.3% of statements
?   	github.com/docker/docker/daemon/names	[no test files]
?   	github.com/docker/docker/daemon/network	[no test files]
?   	github.com/docker/docker/daemon/stats	[no test files]
ok  	github.com/docker/docker/distribution	1.208s	coverage: 15.8% of statements
ok  	github.com/docker/docker/distribution/metadata	0.871s	coverage: 48.2% of statements
?   	github.com/docker/docker/distribution/utils	[no test files]
ok  	github.com/docker/docker/distribution/xfer	1.866s	coverage: 62.2% of statements
?   	github.com/docker/docker/dockerversion	[no test files]
ok  	github.com/docker/docker/errdefs	0.034s	coverage: 51.6% of statements
ok  	github.com/docker/docker/hack/integration-cli-on-swarm/agent/master	0.027s	coverage: 11.3% of statements
?   	github.com/docker/docker/hack/integration-cli-on-swarm/agent/types	[no test files]
?   	github.com/docker/docker/hack/integration-cli-on-swarm/agent/worker	[no test files]
ok  	github.com/docker/docker/hack/integration-cli-on-swarm/host	0.043s	coverage: 3.6% of statements
ok  	github.com/docker/docker/image	0.829s	coverage: 86.4% of statements
ok  	github.com/docker/docker/image/cache	0.113s	coverage: 19.2% of statements
?   	github.com/docker/docker/image/tarexport	[no test files]
ok  	github.com/docker/docker/image/v1	0.112s	coverage: 25.0% of statements
?   	github.com/docker/docker/internal/test	[no test files]
?   	github.com/docker/docker/internal/test/daemon	[no test files]
?   	github.com/docker/docker/internal/test/environment	[no test files]
?   	github.com/docker/docker/internal/test/fakecontext	[no test files]
?   	github.com/docker/docker/internal/test/fakegit	[no test files]
?   	github.com/docker/docker/internal/test/fakestorage	[no test files]
?   	github.com/docker/docker/internal/test/fixtures/load	[no test files]
?   	github.com/docker/docker/internal/test/fixtures/plugin	[no test files]
?   	github.com/docker/docker/internal/test/fixtures/plugin/basic	[no test files]
?   	github.com/docker/docker/internal/test/registry	[no test files]
?   	github.com/docker/docker/internal/test/request	[no test files]
ok  	github.com/docker/docker/internal/testutil	0.053s	coverage: 62.5% of statements
ok  	github.com/docker/docker/layer	0.471s	coverage: 30.3% of statements
?   	github.com/docker/docker/libcontainerd	[no test files]
ok  	github.com/docker/docker/libcontainerd/local	0.074s	coverage: 1.0% of statements
ok  	github.com/docker/docker/libcontainerd/queue	0.051s	coverage: 100.0% of statements
?   	github.com/docker/docker/libcontainerd/remote	[no test files]
?   	github.com/docker/docker/libcontainerd/supervisor	[no test files]
?   	github.com/docker/docker/libcontainerd/types	[no test files]
?   	github.com/docker/docker/oci	[no test files]
?   	github.com/docker/docker/oci/caps	[no test files]
ok  	github.com/docker/docker/opts	0.063s	coverage: 67.6% of statements
ok  	github.com/docker/docker/pkg/aaparser	0.077s	coverage: 50.0% of statements
ok  	github.com/docker/docker/pkg/archive	6.454s	coverage: 62.2% of statements
ok  	github.com/docker/docker/pkg/authorization	0.619s	coverage: 26.2% of statements
ok  	github.com/docker/docker/pkg/broadcaster	0.040s	coverage: 100.0% of statements
ok  	github.com/docker/docker/pkg/capabilities	0.029s	coverage: 87.5% of statements
ok  	github.com/docker/docker/pkg/chrootarchive	0.069s	coverage: 13.3% of statements
?   	github.com/docker/docker/pkg/containerfs	[no test files]
?   	github.com/docker/docker/pkg/devicemapper	[no test files]
ok  	github.com/docker/docker/pkg/directory	0.134s	coverage: 80.0% of statements
ok  	github.com/docker/docker/pkg/discovery	0.113s	coverage: 58.3% of statements
ok  	github.com/docker/docker/pkg/discovery/file	0.107s	coverage: 92.9% of statements
ok  	github.com/docker/docker/pkg/discovery/kv	3.203s	coverage: 84.1% of statements
ok  	github.com/docker/docker/pkg/discovery/memory	0.093s	coverage: 92.3% of statements
ok  	github.com/docker/docker/pkg/discovery/nodes	0.033s	coverage: 93.8% of statements
ok  	github.com/docker/docker/pkg/filenotify	0.105s	coverage: 38.2% of statements
ok  	github.com/docker/docker/pkg/fileutils	0.077s	coverage: 87.7% of statements
ok  	github.com/docker/docker/pkg/homedir	0.036s	coverage: 37.5% of statements
?   	github.com/docker/docker/pkg/idtools	[no test files]
ok  	github.com/docker/docker/pkg/ioutils	0.490s	coverage: 68.2% of statements
ok  	github.com/docker/docker/pkg/jsonmessage	0.124s	coverage: 91.7% of statements
ok  	github.com/docker/docker/pkg/locker	0.041s	coverage: 88.9% of statements
ok  	github.com/docker/docker/pkg/longpath	0.032s	coverage: 100.0% of statements
?   	github.com/docker/docker/pkg/mount	[no test files]
ok  	github.com/docker/docker/pkg/namesgenerator	0.037s	coverage: 85.7% of statements
?   	github.com/docker/docker/pkg/namesgenerator/cmd/names-generator	[no test files]
ok  	github.com/docker/docker/pkg/parsers	0.107s	coverage: 97.0% of statements
?   	github.com/docker/docker/pkg/parsers/kernel	[no test files]
?   	github.com/docker/docker/pkg/parsers/operatingsystem	[no test files]
ok  	github.com/docker/docker/pkg/pidfile	0.055s	coverage: 82.6% of statements
?   	github.com/docker/docker/pkg/platform	[no test files]
?   	github.com/docker/docker/pkg/plugingetter	[no test files]
ok  	github.com/docker/docker/pkg/plugins	34.975s	coverage: 73.6% of statements
ok  	github.com/docker/docker/pkg/plugins/pluginrpc-gen	0.052s	coverage: 56.8% of statements
?   	github.com/docker/docker/pkg/plugins/pluginrpc-gen/fixtures	[no test files]
?   	github.com/docker/docker/pkg/plugins/pluginrpc-gen/fixtures/otherfixture	[no test files]
ok  	github.com/docker/docker/pkg/plugins/transport	0.035s	coverage: 85.7% of statements
ok  	github.com/docker/docker/pkg/pools	0.031s	coverage: 87.9% of statements
ok  	github.com/docker/docker/pkg/progress	0.036s	coverage: 75.9% of statements
ok  	github.com/docker/docker/pkg/pubsub	1.072s	coverage: 72.7% of statements
ok  	github.com/docker/docker/pkg/reexec	0.072s	coverage: 82.4% of statements
ok  	github.com/docker/docker/pkg/signal	0.026s	coverage: 20.3% of statements
?   	github.com/docker/docker/pkg/signal/testfiles	[no test files]
ok  	github.com/docker/docker/pkg/stdcopy	0.024s	coverage: 100.0% of statements
ok  	github.com/docker/docker/pkg/streamformatter	0.047s	coverage: 66.2% of statements
ok  	github.com/docker/docker/pkg/stringid	0.027s	coverage: 76.0% of statements
?   	github.com/docker/docker/pkg/symlink	[no test files]
ok  	github.com/docker/docker/pkg/sysinfo	0.023s	coverage: 38.2% of statements
ok  	github.com/docker/docker/pkg/system	0.036s	coverage: 12.3% of statements
ok  	github.com/docker/docker/pkg/tailfile	0.046s	coverage: 88.6% of statements
ok  	github.com/docker/docker/pkg/tarsum	0.085s	coverage: 89.3% of statements
ok  	github.com/docker/docker/pkg/term	0.024s	coverage: 30.8% of statements
ok  	github.com/docker/docker/pkg/term/windows	0.026s	coverage: 0.0% of statements [no tests to run]
ok  	github.com/docker/docker/pkg/truncindex	0.133s	coverage: 91.5% of statements
ok  	github.com/docker/docker/pkg/urlutil	0.048s	coverage: 100.0% of statements
ok  	github.com/docker/docker/pkg/useragent	0.028s	coverage: 88.9% of statements
ok  	github.com/docker/docker/plugin	0.068s	coverage: 12.0% of statements
?   	github.com/docker/docker/plugin/executor/containerd	[no test files]
ok  	github.com/docker/docker/plugin/v2	0.049s	coverage: 20.1% of statements
ok  	github.com/docker/docker/reference	0.240s	coverage: 84.4% of statements
ok  	github.com/docker/docker/registry	0.240s	coverage: 51.8% of statements
ok  	github.com/docker/docker/registry/resumable	0.165s	coverage: 100.0% of statements
ok  	github.com/docker/docker/restartmanager	0.038s	coverage: 47.1% of statements
?   	github.com/docker/docker/rootless	[no test files]
ok  	github.com/docker/docker/runconfig	0.043s	coverage: 54.5% of statements
?   	github.com/docker/docker/runconfig/opts	[no test files]
?   	github.com/docker/docker/volume	[no test files]
ok  	github.com/docker/docker/volume/drivers	0.184s	coverage: 36.1% of statements
ok  	github.com/docker/docker/volume/local	0.058s	coverage: 37.7% of statements
ok  	github.com/docker/docker/volume/mounts	0.091s	coverage: 66.2% of statements
ok  	github.com/docker/docker/volume/service	0.291s	coverage: 70.3% of statements
?   	github.com/docker/docker/volume/service/opts	[no test files]
?   	github.com/docker/docker/volume/testutils	[no test files]
INFO: make.ps1 ended at 06/01/2019 01:28:06
INFO: Unit tests ended at 06/01/2019 01:28:07. Duration:00:03:05.7666224
INFO: Building busybox
Downloading build context from remote url: https://raw.githubusercontent.com/jhowardmsft/busybox/v1.1/Dockerfile     701B
Downloading build context from remote url: https://raw.githubusercontent.com/jhowardmsft/busybox/v1.1/Dockerfile     701B

Sending build context to Docker daemon   2.56kB

Step 1/6 : FROM microsoft/windowsservercore
 ---> 6e4b73c2bd6e
Step 2/6 : RUN mkdir C:\tmp && mkdir C:\bin
 ---> Running in 6878c82bbaa6
Removing intermediate container 6878c82bbaa6
 ---> d3eeedff91b3
Step 3/6 : ADD http://frippery.org/files/busybox/busybox.exe /bin/

 ---> 1b0bd0bbc25b
Step 4/6 : RUN setx /M PATH "C:\bin;%PATH%"
 ---> Running in 690bbcf5e220

SUCCESS: Specified value was saved.
Removing intermediate container 690bbcf5e220
 ---> 5427401a81b5
Step 5/6 : RUN powershell busybox.exe --list ^|%{$nul = cmd /c mklink C:\bin\$_.exe busybox.exe}
 ---> Running in 0856845b68f1
[91mCannot create a file when that file already exists.
[0mRemoving intermediate container 0856845b68f1
 ---> 9d8c6e10bb44
Step 6/6 : CMD ["sh"]
 ---> Running in f55ada758872
Removing intermediate container f55ada758872
 ---> 84f987c8a9a1
Successfully built 84f987c8a9a1
Successfully tagged busybox:latest
INFO: Docker images of the daemon under test

REPOSITORY                    TAG                 IMAGE ID            CREATED             SIZE
busybox                       latest              84f987c8a9a1        1 second ago        7.17GB
microsoft/windowsservercore   10.0.14393.2906     6e4b73c2bd6e        7 weeks ago         7.12GB
microsoft/windowsservercore   latest              6e4b73c2bd6e        7 weeks ago         7.12GB

INFO: Running integration tests at 06/01/2019 01:28:25...
INFO: Integration tests being run from the host:
INFO: go test "-check.v" "-tags" "autogen" "-check.timeout" "10m" "-test.timeout" "200m" 
INFO: DOCKER_HOST at tcp://127.0.0.1:2357
INFO: Windows Base image is  microsoft/windowsservercore
INFO: Testing against a local daemon
PASS: docker_api_test.go:36: DockerSuite.TestAPIClientVersionOldNotSupported	0.001s
SKIP: docker_api_network_test.go:241: DockerSuite.TestAPICreateDeletePredefinedNetworks (unmatched requirement DaemonIsLinux)
PASS: docker_api_test.go:60: DockerSuite.TestAPIErrorJSON	0.001s
PASS: docker_api_test.go:91: DockerSuite.TestAPIErrorNotFoundJSON	0.001s
PASS: docker_api_test.go:102: DockerSuite.TestAPIErrorNotFoundPlainText	0.001s
SKIP: docker_api_test.go:74: DockerSuite.TestAPIErrorPlainText (unmatched requirement DaemonIsLinux)
PASS: docker_api_test.go:24: DockerSuite.TestAPIGetEnabledCORS	0.001s
PASS: docker_api_images_test.go:90: DockerSuite.TestAPIImagesDelete	1.309s
PASS: docker_api_images_test.go:22: DockerSuite.TestAPIImagesFilter	0.164s
PASS: docker_api_images_test.go:114: DockerSuite.TestAPIImagesHistory	0.840s
PASS: docker_api_images_test.go:140: DockerSuite.TestAPIImagesImportBadSrc	0.369s
PASS: docker_api_images_test.go:60: DockerSuite.TestAPIImagesSaveAndLoad	191.796s
PASS: docker_api_images_test.go:175: DockerSuite.TestAPIImagesSearchJSONContentType	0.710s
PASS: docker_api_images_test.go:187: DockerSuite.TestAPIImagesSizeCompatibility	0.008s
SKIP: docker_api_network_test.go:130: DockerSuite.TestAPINetworkConnectDisconnect (unmatched requirement DaemonIsLinux)
SKIP: docker_api_network_test.go:29: DockerSuite.TestAPINetworkCreateCheckDuplicate (unmatched requirement DaemonIsLinux)
SKIP: docker_api_network_test.go:67: DockerSuite.TestAPINetworkFilter (unmatched requirement DaemonIsLinux)
SKIP: docker_api_network_test.go:20: DockerSuite.TestAPINetworkGetDefaults (unmatched requirement DaemonIsLinux)
SKIP: docker_api_network_test.go:172: DockerSuite.TestAPINetworkIPAMMultipleBridgeNetworks (unmatched requirement DaemonIsLinux)
SKIP: docker_api_network_test.go:73: DockerSuite.TestAPINetworkInspectBridge (unmatched requirement DaemonIsLinux)
SKIP: docker_api_network_test.go:99: DockerSuite.TestAPINetworkInspectUserDefinedNetwork (unmatched requirement DaemonIsLinux)
PASS: docker_api_test.go:18: DockerSuite.TestAPIOptionsRoute	0.000s
SKIP: docker_api_stats_test.go:260: DockerSuite.TestAPIStatsContainerNotFound (unmatched requirement DaemonIsLinux)
PASS: docker_api_stats_test.go:100: DockerSuite.TestAPIStatsNetworkStats	6.445s
SKIP: docker_api_stats_test.go:165: DockerSuite.TestAPIStatsNetworkStatsVersioning (unmatched requirement DaemonIsLinux)
SKIP: docker_api_stats_test.go:274: DockerSuite.TestAPIStatsNoStreamConnectedContainers (unmatched requirement DaemonIsLinux)
PASS: docker_api_stats_test.go:25: DockerSuite.TestAPIStatsNoStreamGetCpu	2.627s
PASS: docker_api_stats_test.go:65: DockerSuite.TestAPIStatsStoppedContainerInGoroutines	1.518s
SKIP: docker_cli_run_test.go:3187: DockerSuite.TestAppArmorDeniesChmodProc (unmatched requirement Apparmor)
SKIP: docker_cli_run_test.go:3165: DockerSuite.TestAppArmorDeniesPtrace (unmatched requirement Apparmor)
SKIP: docker_cli_run_test.go:3177: DockerSuite.TestAppArmorTraceSelf (unmatched requirement DaemonIsLinux)
SKIP: docker_cli_attach_test.go:136: DockerSuite.TestAttachDisconnect (unmatched requirement DaemonIsLinux)
PASS: docker_cli_attach_test.go:21: DockerSuite.TestAttachMultipleAndRestart	2.974s
SKIP: docker_cli_attach_test.go:169: DockerSuite.TestAttachPausedContainer (unmatched requirement IsPausable)
SKIP: docker_cli_attach_test.go:91: DockerSuite.TestAttachTTYWithoutStdin (unmatched requirement DaemonIsLinux)
PASS: docker_api_build_test.go:155: DockerSuite.TestBuildAPIBuildGitWithF	5.719s

----------------------------------------------------------------------
FAIL: check_test.go:107: DockerSuite.TearDownTest

assertion failed: error is not nil: Error response from daemon: failed to detach VHD: invalid argument: rename D:\CI\CI-8f66fa4c81\daemon\windowsfilter\fef73fe4b945b3d62555b400cf5d7648c84962fe20497c5069b25de326815061 D:\CI\CI-8f66fa4c81\daemon\windowsfilter\fef73fe4b945b3d62555b400cf5d7648c84962fe20497c5069b25de326815061-removing: Access is denied.: failed to remove image sha256:297dc700ed8188d2f47ecde08802c521a60ac0180bd8bbd2f01dd1ee2e966e18

----------------------------------------------------------------------
PANIC: docker_api_build_test.go:25: DockerSuite.TestBuildAPIDockerFileRemote

... Panic: Fixture has panicked (see related PANIC)

----------------------------------------------------------------------
MISS: docker_api_build_test.go:176: DockerSuite.TestBuildAPIDoubleDockerfile
MISS: docker_api_build_test.go:137: DockerSuite.TestBuildAPILowerDockerfile
MISS: docker_api_build_test.go:56: DockerSuite.TestBuildAPIRemoteTarballContext
MISS: docker_api_build_test.go:83: DockerSuite.TestBuildAPIRemoteTarballContextWithCustomDockerfile
MISS: docker_api_build_test.go:198: DockerSuite.TestBuildAPIUnnormalizedTarPaths
MISS: docker_cli_build_test.go:574: DockerSuite.TestBuildAddAndCopyFileWithWhitespace
MISS: docker_cli_build_test.go:927: DockerSuite.TestBuildAddBadLinks
MISS: docker_cli_build_test.go:1007: DockerSuite.TestBuildAddBadLinksVolume
MISS: docker_cli_build_test.go:2886: DockerSuite.TestBuildAddBrokenTar
MISS: docker_api_build_test.go:476: DockerSuite.TestBuildAddCacheOnFileChange
MISS: docker_cli_build_test.go:1864: DockerSuite.TestBuildAddCurrentDirWithCache
MISS: docker_cli_build_test.go:1911: DockerSuite.TestBuildAddCurrentDirWithoutCache
MISS: docker_cli_build_test.go:752: DockerSuite.TestBuildAddDirContentToExistingDir
MISS: docker_cli_build_test.go:738: DockerSuite.TestBuildAddDirContentToRoot
MISS: docker_cli_build_test.go:2190: DockerSuite.TestBuildAddFileNotFound
MISS: docker_cli_build_test.go:1998: DockerSuite.TestBuildAddLocalAndRemoteFilesWithAndWithoutCache
MISS: docker_cli_build_test.go:1808: DockerSuite.TestBuildAddMultipleLocalFileWithAndWithoutCache
MISS: docker_cli_build_test.go:2937: DockerSuite.TestBuildAddNonTar
MISS: docker_cli_build_test.go:786: DockerSuite.TestBuildAddOrCopyEtcToRootShouldNotConflict
MISS: docker_cli_build_test.go:798: DockerSuite.TestBuildAddPreservesFilesSpecialBits
MISS: docker_cli_build_test.go:1955: DockerSuite.TestBuildAddRemoteFileMTime
MISS: docker_cli_build_test.go:1930: DockerSuite.TestBuildAddRemoteFileWithAndWithoutCache
MISS: docker_api_build_test.go:361: DockerSuite.TestBuildAddRemoteNoDecompress
MISS: docker_cli_build_test.go:2816: DockerSuite.TestBuildAddScript
MISS: docker_cli_build_test.go:506: DockerSuite.TestBuildAddSingleFileToExistDir
MISS: docker_cli_build_test.go:723: DockerSuite.TestBuildAddSingleFileToNonExistingDir
MISS: docker_cli_build_test.go:467: DockerSuite.TestBuildAddSingleFileToRoot
MISS: docker_cli_build_test.go:483: DockerSuite.TestBuildAddSingleFileToWorkdir
MISS: docker_cli_build_test.go:2832: DockerSuite.TestBuildAddTar
MISS: docker_cli_build_test.go:2950: DockerSuite.TestBuildAddTarXz
MISS: docker_cli_build_test.go:2999: DockerSuite.TestBuildAddTarXzGz
MISS: docker_cli_build_test.go:2246: DockerSuite.TestBuildAddToSymlinkDest
MISS: docker_cli_build_test.go:768: DockerSuite.TestBuildAddWholeDirToRoot
MISS: docker_cli_build_test.go:1441: DockerSuite.TestBuildBlankName
MISS: docker_cli_build_test.go:4090: DockerSuite.TestBuildBuildTimeArg
MISS: docker_cli_build_test.go:4462: DockerSuite.TestBuildBuildTimeArgBuiltinArg
MISS: docker_cli_build_test.go:4184: DockerSuite.TestBuildBuildTimeArgCacheHit
MISS: docker_cli_build_test.go:4208: DockerSuite.TestBuildBuildTimeArgCacheMissExtraArg
MISS: docker_cli_build_test.go:4239: DockerSuite.TestBuildBuildTimeArgCacheMissSameArgDiffVal
MISS: docker_cli_build_test.go:4485: DockerSuite.TestBuildBuildTimeArgDefaultOverride
MISS: docker_cli_build_test.go:4624: DockerSuite.TestBuildBuildTimeArgDefinitionWithNoEnvInjection
MISS: docker_cli_build_test.go:4608: DockerSuite.TestBuildBuildTimeArgEmptyValVariants
MISS: docker_cli_build_test.go:4527: DockerSuite.TestBuildBuildTimeArgEnv
MISS: docker_cli_build_test.go:4320: DockerSuite.TestBuildBuildTimeArgExpansion
MISS: docker_cli_build_test.go:4410: DockerSuite.TestBuildBuildTimeArgExpansionOverride
MISS: docker_cli_build_test.go:4123: DockerSuite.TestBuildBuildTimeArgHistory
MISS: docker_cli_build_test.go:4264: DockerSuite.TestBuildBuildTimeArgOverrideArgDefinedBeforeEnv
MISS: docker_cli_build_test.go:4293: DockerSuite.TestBuildBuildTimeArgOverrideEnvDefinedBeforeArg
MISS: docker_cli_build_test.go:4587: DockerSuite.TestBuildBuildTimeArgQuotedValVariants
MISS: docker_cli_build_test.go:4511: DockerSuite.TestBuildBuildTimeArgUnconsumedArg
MISS: docker_cli_build_test.go:4438: DockerSuite.TestBuildBuildTimeArgUntrustedDefinedAfterUse
MISS: docker_cli_build_test.go:372: DockerSuite.TestBuildCacheAdd
MISS: docker_cli_build_test.go:4761: DockerSuite.TestBuildCacheBrokenSymlink
MISS: docker_cli_build_test.go:5432: DockerSuite.TestBuildCacheFrom
MISS: docker_cli_build_test.go:5410: DockerSuite.TestBuildCacheFromEqualDiffIDsLength
MISS: docker_cli_build_test.go:4873: DockerSuite.TestBuildCacheRootSource
MISS: docker_api_build_test.go:405: DockerSuite.TestBuildChownOnCopy
MISS: docker_cli_build_test.go:3575: DockerSuite.TestBuildChownSingleFile
MISS: docker_cli_build_test.go:3138: DockerSuite.TestBuildCleanupCmdOnEntrypoint
MISS: docker_cli_build_test.go:3157: DockerSuite.TestBuildClearCmd
MISS: docker_cli_build_test.go:1578: DockerSuite.TestBuildCmd
MISS: docker_cli_build_test.go:3241: DockerSuite.TestBuildCmdJSONNoShDashC
MISS: docker_cli_build_test.go:3200: DockerSuite.TestBuildCmdShDashC
MISS: docker_cli_build_test.go:5341: DockerSuite.TestBuildCmdShellArgsEscaped
MISS: docker_cli_build_test.go:3215: DockerSuite.TestBuildCmdSpaces
MISS: docker_cli_build_test.go:2646: DockerSuite.TestBuildCommentsShebangs
MISS: docker_cli_build_test.go:1774: DockerSuite.TestBuildConditionalCache
MISS: docker_cli_build_test.go:5621: DockerSuite.TestBuildContChar
MISS: docker_cli_build_test.go:3974: DockerSuite.TestBuildContainerWithCgroupParent
MISS: docker_cli_build_test.go:1513: DockerSuite.TestBuildContextCleanup
MISS: docker_cli_build_test.go:1535: DockerSuite.TestBuildContextCleanupFailedBuild
MISS: docker_cli_build_test.go:2046: DockerSuite.TestBuildContextTarGzip
MISS: docker_cli_build_test.go:2050: DockerSuite.TestBuildContextTarNoCompression
MISS: docker_cli_build_test.go:522: DockerSuite.TestBuildCopyAddMultipleFiles
MISS: docker_api_build_test.go:435: DockerSuite.TestBuildCopyCacheOnFileChange
MISS: docker_cli_build_test.go:1840: DockerSuite.TestBuildCopyDirButNotFile
MISS: docker_cli_build_test.go:894: DockerSuite.TestBuildCopyDirContentToExistDir
MISS: docker_cli_build_test.go:880: DockerSuite.TestBuildCopyDirContentToRoot
MISS: docker_cli_build_test.go:6045: DockerSuite.TestBuildCopyFileDotWithWorkdir
MISS: docker_cli_build_test.go:607: DockerSuite.TestBuildCopyFileWithWhitespaceOnWindows
MISS: docker_cli_build_test.go:5918: DockerSuite.TestBuildCopyFromForbidWindowsRelativePaths
MISS: docker_cli_build_test.go:5901: DockerSuite.TestBuildCopyFromForbidWindowsSystemPaths
MISS: docker_cli_build_test.go:5936: DockerSuite.TestBuildCopyFromWindowsIsCaseInsensitive
MISS: docker_cli_build_test.go:849: DockerSuite.TestBuildCopySingleFileToExistDir
MISS: docker_cli_build_test.go:865: DockerSuite.TestBuildCopySingleFileToNonExistDir
MISS: docker_cli_build_test.go:811: DockerSuite.TestBuildCopySingleFileToRoot
MISS: docker_cli_build_test.go:827: DockerSuite.TestBuildCopySingleFileToWorkdir
MISS: docker_cli_build_test.go:910: DockerSuite.TestBuildCopyWholeDirToRoot
MISS: docker_cli_build_test.go:637: DockerSuite.TestBuildCopyWildcard
MISS: docker_cli_build_test.go:697: DockerSuite.TestBuildCopyWildcardCache
MISS: docker_cli_build_test.go:677: DockerSuite.TestBuildCopyWildcardInName
MISS: docker_cli_build_test.go:5141: DockerSuite.TestBuildDeleteCommittedFile
MISS: docker_cli_build_test.go:2069: DockerSuite.TestBuildDockerfileStdin
MISS: docker_cli_build_test.go:2089: DockerSuite.TestBuildDockerfileStdinConflict
MISS: docker_cli_build_test.go:2103: DockerSuite.TestBuildDockerfileStdinDockerignore
MISS: docker_cli_build_test.go:2107: DockerSuite.TestBuildDockerfileStdinDockerignoreIgnored
MISS: docker_cli_build_test.go:2099: DockerSuite.TestBuildDockerfileStdinNoExtraFiles
MISS: docker_cli_build_test.go:2297: DockerSuite.TestBuildDockerignore
MISS: docker_cli_build_test.go:2335: DockerSuite.TestBuildDockerignoreCleanPaths
MISS: docker_cli_build_test.go:5151: DockerSuite.TestBuildDockerignoreComment
MISS: docker_cli_build_test.go:2349: DockerSuite.TestBuildDockerignoreExceptions
MISS: docker_cli_build_test.go:2446: DockerSuite.TestBuildDockerignoreTouchDockerfile
MISS: docker_cli_build_test.go:2522: DockerSuite.TestBuildDockerignoringBadExclusion
MISS: docker_cli_build_test.go:2394: DockerSuite.TestBuildDockerignoringDockerfile
MISS: docker_cli_build_test.go:2433: DockerSuite.TestBuildDockerignoringDockerignore
MISS: docker_cli_build_test.go:2505: DockerSuite.TestBuildDockerignoringOnlyDotfiles
MISS: docker_cli_build_test.go:2412: DockerSuite.TestBuildDockerignoringRenamedDockerfile
MISS: docker_cli_build_test.go:2488: DockerSuite.TestBuildDockerignoringWholeDir
MISS: docker_cli_build_test.go:2561: DockerSuite.TestBuildDockerignoringWildDirs
MISS: docker_cli_build_test.go:2539: DockerSuite.TestBuildDockerignoringWildTopDir
MISS: docker_cli_build_test.go:3945: DockerSuite.TestBuildDotDotFile
MISS: docker_cli_build_test.go:2635: DockerSuite.TestBuildEOLInLine
MISS: docker_cli_build_test.go:3169: DockerSuite.TestBuildEmptyCmd
MISS: docker_cli_build_test.go:1705: DockerSuite.TestBuildEmptyEntrypoint
MISS: docker_cli_build_test.go:1682: DockerSuite.TestBuildEmptyEntrypointInheritance
MISS: docker_cli_build_test.go:3937: DockerSuite.TestBuildEmptyScratch
MISS: docker_cli_build_test.go:3962: DockerSuite.TestBuildEmptyStringVolume
MISS: docker_cli_build_test.go:1719: DockerSuite.TestBuildEntrypoint
MISS: docker_cli_build_test.go:3252: DockerSuite.TestBuildEntrypointCanBeOverriddenByChild
MISS: docker_cli_build_test.go:3272: DockerSuite.TestBuildEntrypointCanBeOverriddenByChildInspect
MISS: docker_cli_build_test.go:2171: DockerSuite.TestBuildEntrypointRunCleanup
MISS: docker_cli_build_test.go:1470: DockerSuite.TestBuildEnv
MISS: docker_cli_build_test.go:303: DockerSuite.TestBuildEnvEscapes
MISS: docker_cli_build_test.go:320: DockerSuite.TestBuildEnvOverwrite
MISS: docker_cli_build_test.go:2716: DockerSuite.TestBuildEnvUsage
MISS: docker_cli_build_test.go:2747: DockerSuite.TestBuildEnvUsage2
MISS: docker_cli_build_test.go:148: DockerSuite.TestBuildEnvironmentReplacementAddCopy
MISS: docker_cli_build_test.go:172: DockerSuite.TestBuildEnvironmentReplacementEnv
MISS: docker_cli_build_test.go:103: DockerSuite.TestBuildEnvironmentReplacementExpose
MISS: docker_cli_build_test.go:61: DockerSuite.TestBuildEnvironmentReplacementUser
MISS: docker_cli_build_test.go:78: DockerSuite.TestBuildEnvironmentReplacementVolume
MISS: docker_cli_build_test.go:128: DockerSuite.TestBuildEnvironmentReplacementWorkdir
MISS: docker_cli_build_test.go:5318: DockerSuite.TestBuildEscapeNotBackslashWordTest
MISS: docker_cli_build_test.go:2264: DockerSuite.TestBuildEscapeWhitespace
MISS: docker_cli_build_test.go:3303: DockerSuite.TestBuildExoticShellInterpolation
MISS: docker_cli_build_test.go:1591: DockerSuite.TestBuildExpose
MISS: docker_cli_build_test.go:1605: DockerSuite.TestBuildExposeMorePorts
MISS: docker_cli_build_test.go:1654: DockerSuite.TestBuildExposeOrder
MISS: docker_cli_build_test.go:1670: DockerSuite.TestBuildExposeUpperCaseProto
MISS: docker_cli_build_test.go:2228: DockerSuite.TestBuildFails
MISS: docker_cli_build_test.go:4898: DockerSuite.TestBuildFailsGitNotCallable
MISS: docker_cli_build_test.go:4818: DockerSuite.TestBuildFollowSymlinkToDir
MISS: docker_cli_build_test.go:4788: DockerSuite.TestBuildFollowSymlinkToFile
MISS: docker_cli_build_test.go:1171: DockerSuite.TestBuildForceRm
MISS: docker_cli_build_test.go:3052: DockerSuite.TestBuildFromGit
MISS: docker_cli_build_test.go:3071: DockerSuite.TestBuildFromGitWithContext
MISS: docker_cli_build_test.go:3090: DockerSuite.TestBuildFromGitWithF
MISS: docker_cli_build_test.go:3702: DockerSuite.TestBuildFromMixedcaseDockerfile
MISS: docker_cli_build_test.go:3778: DockerSuite.TestBuildFromOfficialNames
MISS: docker_cli_build_test.go:3103: DockerSuite.TestBuildFromRemoteTarball
MISS: docker_cli_build_test.go:3753: DockerSuite.TestBuildFromStdinWithF
MISS: docker_cli_build_test.go:3726: DockerSuite.TestBuildFromURLWithF
MISS: docker_cli_build_test.go:235: DockerSuite.TestBuildHandleEscapesInVolume
MISS: docker_cli_history_test.go:16: DockerSuite.TestBuildHistory
MISS: docker_cli_build_test.go:6182: DockerSuite.TestBuildIidFile
MISS: docker_cli_build_test.go:6207: DockerSuite.TestBuildIidFileCleanupOnFail
MISS: docker_cli_build_test.go:2207: DockerSuite.TestBuildInheritance
MISS: docker_cli_build_test.go:5975: DockerSuite.TestBuildIntermediateTarget
MISS: docker_cli_build_test.go:3192: DockerSuite.TestBuildInvalidTag
MISS: docker_cli_build_test.go:35: DockerSuite.TestBuildJSONEmptyRun
MISS: docker_cli_build_test.go:4924: DockerSuite.TestBuildLabel
MISS: docker_cli_build_test.go:4955: DockerSuite.TestBuildLabelCacheCommit
MISS: docker_cli_build_test.go:4976: DockerSuite.TestBuildLabelMultiple
MISS: docker_cli_build_test.go:4941: DockerSuite.TestBuildLabelOneNode
MISS: docker_cli_build_test.go:3374: DockerSuite.TestBuildLabels
MISS: docker_cli_build_test.go:3386: DockerSuite.TestBuildLabelsCache
MISS: docker_cli_build_test.go:5062: DockerSuite.TestBuildLabelsOverride
MISS: docker_cli_build_test.go:392: DockerSuite.TestBuildLastModified
MISS: docker_cli_build_test.go:2624: DockerSuite.TestBuildLineBreak
MISS: docker_cli_build_test.go:6107: DockerSuite.TestBuildLineErrorOnBuild
MISS: docker_cli_build_test.go:6118: DockerSuite.TestBuildLineErrorUnknownInstruction
MISS: docker_cli_build_test.go:6149: DockerSuite.TestBuildLineErrorWithComments
MISS: docker_cli_build_test.go:6132: DockerSuite.TestBuildLineErrorWithEmptyLines
MISS: docker_cli_build_test.go:1268: DockerSuite.TestBuildMaintainer
MISS: docker_cli_build_test.go:3892: DockerSuite.TestBuildMissingArgs
MISS: docker_cli_build_test.go:445: DockerSuite.TestBuildModifyFileInFolder
MISS: docker_cli_build_test.go:5955: DockerSuite.TestBuildMulitStageResetScratch
MISS: docker_cli_build_test.go:4638: DockerSuite.TestBuildMultiStageArg
MISS: docker_cli_build_test.go:5526: DockerSuite.TestBuildMultiStageCache
MISS: docker_cli_build_test.go:5705: DockerSuite.TestBuildMultiStageCopyFromErrors
MISS: docker_cli_build_test.go:5647: DockerSuite.TestBuildMultiStageCopyFromSyntax
MISS: docker_cli_build_test.go:4662: DockerSuite.TestBuildMultiStageGlobalArg
MISS: docker_cli_build_test.go:5785: DockerSuite.TestBuildMultiStageImplicitFrom
MISS: docker_cli_build_test.go:5752: DockerSuite.TestBuildMultiStageMultipleBuilds
MISS: docker_cli_build_test.go:5867: DockerSuite.TestBuildMultiStageMultipleBuildsWindows
MISS: docker_cli_build_test.go:5842: DockerSuite.TestBuildMultiStageNameVariants
MISS: docker_cli_build_test.go:4687: DockerSuite.TestBuildMultiStageUnusedArg
MISS: docker_cli_build_test.go:4748: DockerSuite.TestBuildMultipleTags
MISS: docker_cli_build_test.go:5562: DockerSuite.TestBuildNetContainer
MISS: docker_cli_build_test.go:5550: DockerSuite.TestBuildNetNone
MISS: docker_cli_build_test.go:2054: DockerSuite.TestBuildNoContext
MISS: docker_cli_build_test.go:4002: DockerSuite.TestBuildNoDupOutput
MISS: docker_cli_build_test.go:4707: DockerSuite.TestBuildNoNamedVolume
MISS: docker_cli_build_test.go:3499: DockerSuite.TestBuildNotVerboseFailure
MISS: docker_cli_build_test.go:3527: DockerSuite.TestBuildNotVerboseFailureRemote
MISS: docker_cli_build_test.go:3478: DockerSuite.TestBuildNotVerboseFailureWithNonExistImage
MISS: docker_cli_build_test.go:3427: DockerSuite.TestBuildNotVerboseSuccess
MISS: docker_cli_build_test.go:4052: DockerSuite.TestBuildNullStringInAddCopyVolume
MISS: docker_cli_build_test.go:2237: DockerSuite.TestBuildOnBuild
MISS: docker_api_build_test.go:282: DockerSuite.TestBuildOnBuildCache
MISS: docker_cli_build_test.go:338: DockerSuite.TestBuildOnBuildCmdEntrypointJSON
MISS: docker_cli_build_test.go:355: DockerSuite.TestBuildOnBuildEntrypointJSON
MISS: docker_cli_build_test.go:1734: DockerSuite.TestBuildOnBuildLimitedInheritance
MISS: docker_cli_build_test.go:279: DockerSuite.TestBuildOnBuildLowercase
MISS: docker_cli_build_test.go:3182: DockerSuite.TestBuildOnBuildOutput
MISS: docker_api_build_test.go:257: DockerSuite.TestBuildOnBuildWithCopy
MISS: docker_cli_build_test.go:6013: DockerSuite.TestBuildOpaqueDirectory
MISS: docker_cli_build_test.go:1484: DockerSuite.TestBuildPATH
MISS: docker_cli_build_test.go:4030: DockerSuite.TestBuildRUNErrMsg
MISS: docker_cli_build_test.go:3952: DockerSuite.TestBuildRUNoneJSON
MISS: docker_cli_build_test.go:1402: DockerSuite.TestBuildRelativeCopy
MISS: docker_cli_build_test.go:1295: DockerSuite.TestBuildRelativeWorkdir
MISS: docker_cli_build_test.go:1190: DockerSuite.TestBuildRm
MISS: docker_cli_build_test.go:3296: DockerSuite.TestBuildRunShEntrypoint
MISS: docker_cli_build_test.go:1752: DockerSuite.TestBuildSameDockerfileWithAndWithoutCache
MISS: docker_api_build_test.go:517: DockerSuite.TestBuildScratchCopy
MISS: docker_cli_build_test.go:6163: DockerSuite.TestBuildSetCommandWithDefinedShell
MISS: docker_cli_build_test.go:42: DockerSuite.TestBuildShCmdJSONEntrypoint
MISS: docker_cli_build_test.go:5265: DockerSuite.TestBuildShellEntrypoint
MISS: docker_cli_build_test.go:5280: DockerSuite.TestBuildShellInherited
MISS: docker_cli_build_test.go:5229: DockerSuite.TestBuildShellMultiple
MISS: docker_cli_build_test.go:5293: DockerSuite.TestBuildShellNotJSON
MISS: docker_cli_build_test.go:5212: DockerSuite.TestBuildShellUpdatesConfig
MISS: docker_cli_build_test.go:5306: DockerSuite.TestBuildShellWindowsPowershell
MISS: docker_cli_build_test.go:3796: DockerSuite.TestBuildSpaces
MISS: docker_cli_build_test.go:3859: DockerSuite.TestBuildSpacesWithQuotes
MISS: docker_cli_build_test.go:4019: DockerSuite.TestBuildStartsFromOne
MISS: docker_cli_build_test.go:3557: DockerSuite.TestBuildStderr
MISS: docker_cli_build_test.go:5381: DockerSuite.TestBuildStepsWithProgress
MISS: docker_cli_build_test.go:4072: DockerSuite.TestBuildStopSignal
MISS: docker_cli_build_test.go:4852: DockerSuite.TestBuildSymlinkBasename
MISS: docker_cli_build_test.go:3599: DockerSuite.TestBuildSymlinkBreakout
MISS: docker_cli_build_test.go:4724: DockerSuite.TestBuildTagEvent
MISS: docker_cli_build_test.go:4144: DockerSuite.TestBuildTimeArgHistoryExclusions
MISS: docker_cli_build_test.go:1281: DockerSuite.TestBuildUser
MISS: docker_cli_build_test.go:555: DockerSuite.TestBuildUsernamespaceValidateRemappedRoot
MISS: docker_cli_build_test.go:2660: DockerSuite.TestBuildUsersAndGroups
MISS: docker_cli_build_test.go:3345: DockerSuite.TestBuildVerboseOut
MISS: docker_cli_build_test.go:2282: DockerSuite.TestBuildVerifyIntString
MISS: docker_cli_build_test.go:3328: DockerSuite.TestBuildVerifySingleQuoteFails
MISS: docker_cli_build_test.go:3879: DockerSuite.TestBuildVolumeFileExistsinContainer
MISS: docker_cli_build_test.go:3672: DockerSuite.TestBuildVolumesRetainContents
MISS: docker_cli_build_test.go:1348: DockerSuite.TestBuildWindowsAddCopyPathProcessing
MISS: docker_cli_build_test.go:6058: DockerSuite.TestBuildWindowsEnvCaseInsensitive
MISS: docker_cli_build_test.go:6028: DockerSuite.TestBuildWindowsUser
MISS: docker_cli_build_test.go:1337: DockerSuite.TestBuildWindowsWorkdirProcessing
MISS: docker_cli_build_test.go:5578: DockerSuite.TestBuildWithExtraHost
MISS: docker_cli_build_test.go:5594: DockerSuite.TestBuildWithExtraHostInvalidFormat
MISS: docker_cli_build_test.go:5392: DockerSuite.TestBuildWithFailure
MISS: docker_cli_build_test.go:1050: DockerSuite.TestBuildWithInaccessibleFilesInContext
MISS: docker_api_build_windows_test.go:15: DockerSuite.TestBuildWithRecycleBin
MISS: docker_cli_build_test.go:3359: DockerSuite.TestBuildWithTabs
MISS: docker_cli_build_test.go:5185: DockerSuite.TestBuildWithUTF8BOM
MISS: docker_cli_build_test.go:5195: DockerSuite.TestBuildWithUTF8BOMDockerignore
MISS: docker_cli_build_test.go:2151: DockerSuite.TestBuildWithVolumeOwnership
MISS: docker_cli_build_test.go:1233: DockerSuite.TestBuildWithVolumes
MISS: docker_cli_build_test.go:6093: DockerSuite.TestBuildWorkdirCmd
MISS: docker_cli_build_test.go:6072: DockerSuite.TestBuildWorkdirImageCmd
MISS: docker_cli_build_test.go:4913: DockerSuite.TestBuildWorkdirWindowsPath
MISS: docker_cli_build_test.go:1381: DockerSuite.TestBuildWorkdirWithEnvVariables
MISS: docker_cli_build_test.go:3654: DockerSuite.TestBuildXZHost
MISS: docker_cli_proxy_test.go:12: DockerSuite.TestCLIProxyDisableProxyUnixSock
MISS: docker_cli_sni_test.go:17: DockerSuite.TestClientSetsTLSServerName
MISS: docker_cli_run_test.go:3689: DockerSuite.TestCmdCannotBeInvoked
MISS: docker_cli_commit_test.go:12: DockerSuite.TestCommitAfterContainerIsDone
MISS: docker_cli_commit_test.go:106: DockerSuite.TestCommitChange
MISS: docker_cli_commit_test.go:156: DockerSuite.TestCommitChangeLabels
MISS: docker_cli_commit_test.go:67: DockerSuite.TestCommitHardlink
MISS: docker_cli_commit_test.go:56: DockerSuite.TestCommitNewFile
MISS: docker_cli_commit_test.go:42: DockerSuite.TestCommitPausedContainer
MISS: docker_cli_commit_test.go:87: DockerSuite.TestCommitTTY
MISS: docker_cli_images_test.go:105: DockerSuite.TestCommitWithFilterLabel
MISS: docker_cli_commit_test.go:96: DockerSuite.TestCommitWithHostBindMount
MISS: docker_cli_commit_test.go:26: DockerSuite.TestCommitWithoutPause
MISS: docker_cli_netmode_test.go:55: DockerSuite.TestConflictContainerNetworkAndLinks
MISS: docker_cli_netmode_test.go:62: DockerSuite.TestConflictContainerNetworkHostAndLinks
MISS: docker_cli_netmode_test.go:76: DockerSuite.TestConflictNetworkModeAndOptions
MISS: docker_cli_netmode_test.go:69: DockerSuite.TestConflictNetworkModeNetHostAndOptions
MISS: docker_api_containers_test.go:543: DockerSuite.TestContainerAPIBadPort
MISS: docker_api_containers_test.go:1266: DockerSuite.TestContainerAPIChunkedEncoding
MISS: docker_api_containers_test.go:489: DockerSuite.TestContainerAPICommit
MISS: docker_api_containers_test.go:511: DockerSuite.TestContainerAPICommitWithLabelInConfig
MISS: docker_api_containers_test.go:1132: DockerSuite.TestContainerAPICopyContainerNotFoundPr124
MISS: docker_api_containers_test.go:1047: DockerSuite.TestContainerAPICopyNotExistsAnyMore
MISS: docker_api_containers_test.go:1060: DockerSuite.TestContainerAPICopyPre124
MISS: docker_api_containers_test.go:1090: DockerSuite.TestContainerAPICopyResourcePathEmptyPre124
MISS: docker_api_containers_test.go:1111: DockerSuite.TestContainerAPICopyResourcePathNotFoundPre124
MISS: docker_api_containers_test.go:570: DockerSuite.TestContainerAPICreate
MISS: docker_api_containers_test.go:626: DockerSuite.TestContainerAPICreateBridgeNetworkMode
MISS: docker_api_containers_test.go:587: DockerSuite.TestContainerAPICreateEmptyConfig
MISS: docker_api_containers_test.go:1975: DockerSuite.TestContainerAPICreateMountsBindRead
MISS: docker_api_containers_test.go:599: DockerSuite.TestContainerAPICreateMultipleNetworksConfig
MISS: docker_api_containers_test.go:1388: DockerSuite.TestContainerAPICreateNoHostConfig118
MISS: docker_api_containers_test.go:632: DockerSuite.TestContainerAPICreateOtherNetworkModes
MISS: docker_api_containers_test.go:661: DockerSuite.TestContainerAPICreateWithCpuSharesCpuset
MISS: docker_api_containers_test.go:1143: DockerSuite.TestContainerAPIDelete
MISS: docker_api_containers_test.go:1216: DockerSuite.TestContainerAPIDeleteConflict
MISS: docker_api_containers_test.go:1168: DockerSuite.TestContainerAPIDeleteForce
MISS: docker_api_containers_test.go:1159: DockerSuite.TestContainerAPIDeleteNotExist
MISS: docker_api_containers_test.go:1185: DockerSuite.TestContainerAPIDeleteRemoveLinks
MISS: docker_api_containers_test.go:1231: DockerSuite.TestContainerAPIDeleteRemoveVolume
MISS: docker_api_containers_test.go:1626: DockerSuite.TestContainerAPIDeleteWithEmptyName
MISS: docker_api_containers_test.go:41: DockerSuite.TestContainerAPIGetAll
MISS: docker_api_containers_test.go:167: DockerSuite.TestContainerAPIGetChanges
MISS: docker_api_containers_test.go:140: DockerSuite.TestContainerAPIGetExport
MISS: docker_api_containers_test.go:61: DockerSuite.TestContainerAPIGetJSONNoFieldsOmitted
MISS: docker_api_containers_test.go:733: DockerSuite.TestContainerAPIInvalidPortSyntax
MISS: docker_api_containers_test.go:934: DockerSuite.TestContainerAPIKill
MISS: docker_api_containers_test.go:404: DockerSuite.TestContainerAPIPause
MISS: docker_api_containers_test.go:1286: DockerSuite.TestContainerAPIPostContainerStop
MISS: docker_api_containers_test.go:849: DockerSuite.TestContainerAPIPostCreateNull
MISS: docker_api_containers_test.go:107: DockerSuite.TestContainerAPIPsOmitFields
MISS: docker_api_containers_test.go:917: DockerSuite.TestContainerAPIRename
MISS: docker_api_containers_test.go:949: DockerSuite.TestContainerAPIRestart
MISS: docker_api_containers_test.go:963: DockerSuite.TestContainerAPIRestartNotimeoutParam
MISS: docker_api_containers_test.go:831: DockerSuite.TestContainerAPIRestartPolicyDefaultRetryCount
MISS: docker_api_containers_test.go:759: DockerSuite.TestContainerAPIRestartPolicyInvalidPolicyName
MISS: docker_api_containers_test.go:807: DockerSuite.TestContainerAPIRestartPolicyNegativeRetryCount
MISS: docker_api_containers_test.go:783: DockerSuite.TestContainerAPIRestartPolicyRetryMismatch
MISS: docker_api_containers_test.go:979: DockerSuite.TestContainerAPIStart
MISS: docker_api_containers_test.go:1635: DockerSuite.TestContainerAPIStatsWithNetworkDisabled
MISS: docker_api_containers_test.go:1005: DockerSuite.TestContainerAPIStop
MISS: docker_api_containers_test.go:435: DockerSuite.TestContainerAPITop
MISS: docker_api_containers_test.go:458: DockerSuite.TestContainerAPITopWindows
MISS: docker_api_containers_test.go:692: DockerSuite.TestContainerAPIVerifyHeader
MISS: docker_api_containers_test.go:1024: DockerSuite.TestContainerAPIWait
MISS: docker_api_containers_test.go:2270: DockerSuite.TestContainerKillCustomStopSignal
MISS: docker_cli_run_test.go:2416: DockerSuite.TestContainerNetworkMode
MISS: docker_cli_run_test.go:3537: DockerSuite.TestContainerRestartInMultipleNetworks
MISS: docker_cli_run_test.go:3569: DockerSuite.TestContainerWithConflictingHostNetworks
MISS: docker_cli_run_test.go:3600: DockerSuite.TestContainerWithConflictingNoneNetwork
MISS: docker_cli_run_test.go:3583: DockerSuite.TestContainerWithConflictingSharedNetwork
MISS: docker_api_containers_windows_test.go:21: DockerSuite.TestContainersAPICreateMountsBindNamedPipe
MISS: docker_api_containers_test.go:2006: DockerSuite.TestContainersAPICreateMountsCreate
MISS: docker_api_containers_test.go:2220: DockerSuite.TestContainersAPICreateMountsTmpfs
MISS: docker_api_containers_test.go:1684: DockerSuite.TestContainersAPICreateMountsValidation
MISS: docker_cli_run_test.go:3473: DockerSuite.TestContainersInMultipleNetworks
MISS: docker_cli_run_test.go:3465: DockerSuite.TestContainersInUserDefinedNetwork
MISS: docker_cli_run_test.go:3492: DockerSuite.TestContainersNetworkIsolation
MISS: docker_cli_cp_test.go:536: DockerSuite.TestCopyAndRestart
MISS: docker_cli_cp_test.go:555: DockerSuite.TestCopyCreatedContainer
MISS: docker_cli_cp_test.go:115: DockerSuite.TestCpAbsolutePath
MISS: docker_cli_cp_test.go:152: DockerSuite.TestCpAbsoluteSymlink
MISS: docker_cli_cp_from_container_test.go:120: DockerSuite.TestCpFromCaseA
MISS: docker_cli_cp_from_container_test.go:140: DockerSuite.TestCpFromCaseB
MISS: docker_cli_cp_from_container_test.go:158: DockerSuite.TestCpFromCaseC
MISS: docker_cli_cp_from_container_test.go:183: DockerSuite.TestCpFromCaseD
MISS: docker_cli_cp_from_container_test.go:223: DockerSuite.TestCpFromCaseE
MISS: docker_cli_cp_from_container_test.go:252: DockerSuite.TestCpFromCaseF
MISS: docker_cli_cp_from_container_test.go:275: DockerSuite.TestCpFromCaseG
MISS: docker_cli_cp_from_container_test.go:314: DockerSuite.TestCpFromCaseH
MISS: docker_cli_cp_from_container_test.go:344: DockerSuite.TestCpFromCaseI
MISS: docker_cli_cp_from_container_test.go:368: DockerSuite.TestCpFromCaseJ
MISS: docker_cli_cp_from_container_test.go:25: DockerSuite.TestCpFromSymlinkDestination
MISS: docker_cli_cp_test.go:188: DockerSuite.TestCpFromSymlinkToDirectory
MISS: docker_cli_cp_test.go:37: DockerSuite.TestCpGarbagePath
MISS: docker_cli_cp_test.go:30: DockerSuite.TestCpLocalOnly
MISS: docker_cli_cp_test.go:517: DockerSuite.TestCpNameHasColon
MISS: docker_cli_cp_test.go:73: DockerSuite.TestCpRelativePath
MISS: docker_cli_cp_test.go:374: DockerSuite.TestCpSpecialFiles
MISS: docker_cli_cp_test.go:311: DockerSuite.TestCpSymlinkComponent
MISS: docker_cli_cp_test.go:568: DockerSuite.TestCpSymlinkFromConToHostFollowSymlink
MISS: docker_cli_cp_to_container_test.go:124: DockerSuite.TestCpToCaseA
MISS: docker_cli_cp_to_container_test.go:145: DockerSuite.TestCpToCaseB
MISS: docker_cli_cp_to_container_test.go:166: DockerSuite.TestCpToCaseC
MISS: docker_cli_cp_to_container_test.go:193: DockerSuite.TestCpToCaseD
MISS: docker_cli_cp_to_container_test.go:239: DockerSuite.TestCpToCaseE
MISS: docker_cli_cp_to_container_test.go:274: DockerSuite.TestCpToCaseF
MISS: docker_cli_cp_to_container_test.go:297: DockerSuite.TestCpToCaseG
MISS: docker_cli_cp_to_container_test.go:343: DockerSuite.TestCpToCaseH
MISS: docker_cli_cp_to_container_test.go:379: DockerSuite.TestCpToCaseI
MISS: docker_cli_cp_to_container_test.go:403: DockerSuite.TestCpToCaseJ
MISS: docker_cli_cp_test.go:477: DockerSuite.TestCpToDot
MISS: docker_cli_cp_to_container_test.go:446: DockerSuite.TestCpToErrReadOnlyRootfs
MISS: docker_cli_cp_to_container_test.go:473: DockerSuite.TestCpToErrReadOnlyVolume
MISS: docker_cli_cp_test.go:500: DockerSuite.TestCpToStdout
MISS: docker_cli_cp_to_container_test.go:23: DockerSuite.TestCpToSymlinkDestination
MISS: docker_cli_cp_test.go:234: DockerSuite.TestCpToSymlinkToDirectory
MISS: docker_cli_cp_test.go:350: DockerSuite.TestCpUnprivilegedUser
MISS: docker_cli_cp_test.go:414: DockerSuite.TestCpVolumePath
MISS: docker_cli_create_test.go:328: DockerSuite.TestCreate64ByteHexID
MISS: docker_cli_create_test.go:23: DockerSuite.TestCreateArgs
MISS: docker_cli_create_test.go:260: DockerSuite.TestCreateByImageID
MISS: docker_cli_create_test.go:165: DockerSuite.TestCreateEchoStdout
MISS: docker_cli_create_test.go:61: DockerSuite.TestCreateGrowRootfs
MISS: docker_cli_create_test.go:85: DockerSuite.TestCreateHostConfig
MISS: docker_cli_create_test.go:223: DockerSuite.TestCreateHostnameWithNumber
MISS: docker_cli_create_test.go:206: DockerSuite.TestCreateLabelFromImage
MISS: docker_cli_create_test.go:193: DockerSuite.TestCreateLabels
MISS: docker_cli_create_test.go:250: DockerSuite.TestCreateModeIpcContainer
MISS: docker_cli_create_test.go:233: DockerSuite.TestCreateRM
MISS: docker_cli_create_test.go:75: DockerSuite.TestCreateShrinkRootfs
MISS: docker_cli_create_test.go:293: DockerSuite.TestCreateStopSignal
MISS: docker_cli_create_test.go:363: DockerSuite.TestCreateStopTimeout
MISS: docker_cli_create_test.go:336: DockerSuite.TestCreateUnsetEntrypoint
MISS: docker_cli_create_test.go:174: DockerSuite.TestCreateVolumesCreated
MISS: docker_cli_create_test.go:316: DockerSuite.TestCreateWithInvalidLogOpts
MISS: docker_cli_create_test.go:136: DockerSuite.TestCreateWithLargePortRange
MISS: docker_cli_create_test.go:107: DockerSuite.TestCreateWithPortRange
MISS: docker_api_containers_test.go:893: DockerSuite.TestCreateWithTooLowMemoryLimit
MISS: docker_cli_create_test.go:302: DockerSuite.TestCreateWithWorkdir
MISS: docker_deprecated_api_v124_test.go:71: DockerSuite.TestDeprecatedContainerAPIStartDupVolumeBinds
MISS: docker_deprecated_api_v124_test.go:21: DockerSuite.TestDeprecatedContainerAPIStartHostConfig
MISS: docker_deprecated_api_v124_test.go:40: DockerSuite.TestDeprecatedContainerAPIStartVolumeBinds
MISS: docker_deprecated_api_v124_test.go:104: DockerSuite.TestDeprecatedContainerAPIStartVolumesFrom
MISS: docker_deprecated_api_v124_test.go:137: DockerSuite.TestDeprecatedPostContainerBindNormalVolume
MISS: docker_deprecated_api_v124_test.go:199: DockerSuite.TestDeprecatedPostContainersStartWithLinksInHostConfig
MISS: docker_deprecated_api_v124_test.go:217: DockerSuite.TestDeprecatedPostContainersStartWithLinksInHostConfigIdLinked
MISS: docker_deprecated_api_v124_test.go:182: DockerSuite.TestDeprecatedPostContainersStartWithoutLinksInHostConfig
MISS: docker_deprecated_api_v124_test.go:236: DockerSuite.TestDeprecatedStartWithNilDNS
MISS: docker_deprecated_api_v124_test.go:157: DockerSuite.TestDeprecatedStartWithTooLowMemoryLimit
MISS: docker_cli_run_test.go:3001: DockerSuite.TestDevicePermissions
MISS: docker_cli_run_test.go:3712: DockerSuite.TestDockerFails
MISS: docker_cli_volume_test.go:475: DockerSuite.TestDuplicateMountpointsForVolumesFrom
MISS: docker_cli_volume_test.go:517: DockerSuite.TestDuplicateMountpointsForVolumesFromAndBind
MISS: docker_cli_volume_test.go:561: DockerSuite.TestDuplicateMountpointsForVolumesFromAndMounts
MISS: docker_cli_events_test.go:463: DockerSuite.TestEventsAttach
MISS: docker_cli_events_test.go:394: DockerSuite.TestEventsCommit
MISS: docker_cli_events_test.go:80: DockerSuite.TestEventsContainerEvents
MISS: docker_cli_events_test.go:92: DockerSuite.TestEventsContainerEventsAttrSort
MISS: docker_cli_events_test.go:116: DockerSuite.TestEventsContainerEventsSinceUnixEpoch
MISS: docker_cli_events_test.go:643: DockerSuite.TestEventsContainerRestart
MISS: docker_cli_events_test.go:411: DockerSuite.TestEventsCopy
MISS: docker_cli_events_test.go:356: DockerSuite.TestEventsFilterContainer
MISS: docker_cli_events_test.go:633: DockerSuite.TestEventsFilterImageInContainerAction
MISS: docker_cli_events_test.go:326: DockerSuite.TestEventsFilterImageLabels
MISS: docker_cli_events_test.go:263: DockerSuite.TestEventsFilterImageName
MISS: docker_cli_events_test.go:291: DockerSuite.TestEventsFilterLabels
MISS: docker_cli_events_test.go:549: DockerSuite.TestEventsFilterType
MISS: docker_cli_events_test.go:248: DockerSuite.TestEventsFilters
MISS: docker_cli_events_test.go:712: DockerSuite.TestEventsFormat
MISS: docker_cli_events_test.go:745: DockerSuite.TestEventsFormatBadField
MISS: docker_cli_events_test.go:735: DockerSuite.TestEventsFormatBadFunc
MISS: docker_cli_events_test.go:166: DockerSuite.TestEventsImageImport
MISS: docker_cli_events_test.go:190: DockerSuite.TestEventsImageLoad
MISS: docker_cli_events_test.go:148: DockerSuite.TestEventsImagePull
MISS: docker_cli_events_test.go:130: DockerSuite.TestEventsImageTag
MISS: docker_cli_events_test.go:229: DockerSuite.TestEventsPluginOps
MISS: docker_cli_events_test.go:501: DockerSuite.TestEventsRename
MISS: docker_cli_events_test.go:440: DockerSuite.TestEventsResize
MISS: docker_cli_events_test.go:683: DockerSuite.TestEventsSinceInTheFuture
MISS: docker_cli_events_test.go:603: DockerSuite.TestEventsSpecialFiltersWithExecCreate
MISS: docker_cli_events_test.go:28: DockerSuite.TestEventsTimestampFormats
MISS: docker_cli_events_test.go:512: DockerSuite.TestEventsTop
MISS: docker_cli_events_test.go:57: DockerSuite.TestEventsUntag
MISS: docker_cli_events_test.go:695: DockerSuite.TestEventsUntilInThePast
MISS: docker_cli_exec_test.go:29: DockerSuite.TestExec
MISS: docker_api_exec_test.go:63: DockerSuite.TestExecAPICreateContainerPaused
MISS: docker_api_exec_test.go:26: DockerSuite.TestExecAPICreateNoCmd
MISS: docker_api_exec_test.go:42: DockerSuite.TestExecAPICreateNoValidContentType
MISS: docker_api_exec_test.go:82: DockerSuite.TestExecAPIStart
MISS: docker_api_exec_test.go:119: DockerSuite.TestExecAPIStartBackwardsCompatible
MISS: docker_api_exec_test.go:109: DockerSuite.TestExecAPIStartEnsureHeaders
MISS: docker_api_exec_test.go:191: DockerSuite.TestExecAPIStartInvalidCommand
MISS: docker_api_exec_test.go:134: DockerSuite.TestExecAPIStartMultipleTimesError
MISS: docker_api_exec_test.go:175: DockerSuite.TestExecAPIStartValidCommand
MISS: docker_api_exec_test.go:144: DockerSuite.TestExecAPIStartWithDetach
MISS: docker_cli_exec_test.go:74: DockerSuite.TestExecAfterContainerRestart
MISS: docker_cli_exec_test.go:252: DockerSuite.TestExecCgroup
MISS: docker_cli_exec_test.go:104: DockerSuite.TestExecEnv
MISS: docker_cli_exec_test.go:529: DockerSuite.TestExecEnvLinksHost
MISS: docker_cli_exec_test.go:130: DockerSuite.TestExecExitStatus
MISS: docker_cli_exec_test.go:305: DockerSuite.TestExecInspectID
MISS: docker_cli_exec_test.go:38: DockerSuite.TestExecInteractive
MISS: docker_cli_exec_test.go:485: DockerSuite.TestExecOnReadonlyContainer
MISS: docker_cli_exec_test.go:210: DockerSuite.TestExecParseError
MISS: docker_cli_exec_test.go:137: DockerSuite.TestExecPausedContainer
MISS: docker_api_exec_resize_test.go:18: DockerSuite.TestExecResizeAPIHeightWidthNoInt
MISS: docker_api_exec_resize_test.go:34: DockerSuite.TestExecResizeImmediatelyAfterExecStart
MISS: docker_cli_exec_test.go:119: DockerSuite.TestExecSetEnv
MISS: docker_cli_exec_test.go:505: DockerSuite.TestExecStartFails
MISS: docker_api_exec_test.go:209: DockerSuite.TestExecStateCleanup
MISS: docker_cli_exec_test.go:224: DockerSuite.TestExecStopNotHanging
MISS: docker_cli_exec_test.go:152: DockerSuite.TestExecTTYCloseStdin
MISS: docker_cli_exec_test.go:173: DockerSuite.TestExecTTYWithoutStdin
MISS: docker_cli_exec_test.go:493: DockerSuite.TestExecUlimits
MISS: docker_cli_exec_test.go:538: DockerSuite.TestExecWindowsOpenHandles
MISS: docker_cli_exec_test.go:519: DockerSuite.TestExecWindowsPathNotWiped
MISS: docker_cli_exec_test.go:472: DockerSuite.TestExecWithImageUser
MISS: docker_cli_exec_test.go:442: DockerSuite.TestExecWithPrivileged
MISS: docker_cli_exec_test.go:429: DockerSuite.TestExecWithUser
MISS: docker_api_containers_test.go:190: DockerSuite.TestGetContainerStats
MISS: docker_api_containers_test.go:338: DockerSuite.TestGetContainerStatsNoStream
MISS: docker_api_containers_test.go:230: DockerSuite.TestGetContainerStatsRmRunning
MISS: docker_api_containers_test.go:297: DockerSuite.TestGetContainerStatsStream
MISS: docker_api_attach_test.go:26: DockerSuite.TestGetContainersAttachWebsocket
MISS: docker_api_attach_test.go:90: DockerSuite.TestGetContainersWsAttachContainerNotFound
MISS: docker_api_containers_test.go:378: DockerSuite.TestGetStoppedContainerStats
MISS: docker_cli_health_test.go:39: DockerSuite.TestHealth
MISS: docker_cli_history_test.go:58: DockerSuite.TestHistoryExistentImage
MISS: docker_cli_history_test.go:86: DockerSuite.TestHistoryHumanOptionFalse
MISS: docker_cli_history_test.go:104: DockerSuite.TestHistoryHumanOptionTrue
MISS: docker_cli_history_test.go:67: DockerSuite.TestHistoryImageWithComment
MISS: docker_cli_history_test.go:62: DockerSuite.TestHistoryNonExistentImage
MISS: docker_cli_images_test.go:227: DockerSuite.TestImagesEnsureDanglingImageOnlyListedOnce
MISS: docker_cli_images_test.go:22: DockerSuite.TestImagesEnsureImageIsListed
MISS: docker_cli_images_test.go:46: DockerSuite.TestImagesEnsureImageWithBadTagIsNotListed
MISS: docker_cli_images_test.go:27: DockerSuite.TestImagesEnsureImageWithTagIsListed
MISS: docker_cli_images_test.go:301: DockerSuite.TestImagesEnsureImagesFromBusyboxShown
MISS: docker_cli_images_test.go:284: DockerSuite.TestImagesEnsureImagesFromScratchShown
MISS: docker_cli_images_test.go:261: DockerSuite.TestImagesEnsureOnlyHeadsImagesShown
MISS: docker_cli_images_test.go:71: DockerSuite.TestImagesErrorWithInvalidFilterNameTest
MISS: docker_cli_images_test.go:77: DockerSuite.TestImagesFilterLabelMatch
MISS: docker_cli_images_test.go:316: DockerSuite.TestImagesFilterNameWithPort
MISS: docker_cli_images_test.go:117: DockerSuite.TestImagesFilterSinceAndBefore
MISS: docker_cli_images_test.go:187: DockerSuite.TestImagesFilterSpaceTrimCase
MISS: docker_cli_images_test.go:329: DockerSuite.TestImagesFormat
MISS: docker_cli_images_test.go:345: DockerSuite.TestImagesFormatDefaultFormat
MISS: docker_cli_images_test.go:51: DockerSuite.TestImagesOrderedByCreationDate
MISS: docker_cli_images_test.go:255: DockerSuite.TestImagesWithIncorrectFilter
MISS: docker_cli_import_test.go:37: DockerSuite.TestImportBadURL
MISS: docker_cli_import_test.go:19: DockerSuite.TestImportDisplay
MISS: docker_cli_import_test.go:48: DockerSuite.TestImportFile
MISS: docker_cli_import_test.go:123: DockerSuite.TestImportFileNonExistentFile
MISS: docker_cli_import_test.go:92: DockerSuite.TestImportFileWithMessage
MISS: docker_cli_import_test.go:69: DockerSuite.TestImportGzipped
MISS: docker_cli_import_test.go:128: DockerSuite.TestImportWithQuotedChanges
MISS: docker_cli_info_test.go:178: DockerSuite.TestInfoDebug
MISS: docker_cli_info_test.go:107: DockerSuite.TestInfoDiscoveryAdvertiseInterfaceName
MISS: docker_cli_info_test.go:73: DockerSuite.TestInfoDiscoveryBackend
MISS: docker_cli_info_test.go:90: DockerSuite.TestInfoDiscoveryInvalidAdvertise
MISS: docker_cli_info_test.go:144: DockerSuite.TestInfoDisplaysPausedContainers
MISS: docker_cli_info_test.go:131: DockerSuite.TestInfoDisplaysRunningContainers
MISS: docker_cli_info_test.go:161: DockerSuite.TestInfoDisplaysStoppedContainers
MISS: docker_cli_info_test.go:17: DockerSuite.TestInfoEnsureSucceeds
MISS: docker_cli_info_test.go:61: DockerSuite.TestInfoFormat
MISS: docker_cli_info_test.go:196: DockerSuite.TestInsecureRegistries
MISS: docker_api_inspect_test.go:146: DockerSuite.TestInspectAPIBridgeNetworkSettings120
MISS: docker_api_inspect_test.go:163: DockerSuite.TestInspectAPIBridgeNetworkSettings121
MISS: docker_api_inspect_test.go:16: DockerSuite.TestInspectAPIContainerResponse
MISS: docker_api_inspect_test.go:83: DockerSuite.TestInspectAPIContainerVolumeDriver
MISS: docker_api_inspect_test.go:60: DockerSuite.TestInspectAPIContainerVolumeDriverLegacy
MISS: docker_api_inspect_test.go:122: DockerSuite.TestInspectAPIEmptyFieldsInConfigPre121
MISS: docker_api_inspect_test.go:107: DockerSuite.TestInspectAPIImageResponse
MISS: docker_cli_inspect_test.go:413: DockerSuite.TestInspectAmpersand
MISS: docker_cli_inspect_test.go:207: DockerSuite.TestInspectBindMountPoint
MISS: docker_cli_inspect_test.go:342: DockerSuite.TestInspectByPrefix
MISS: docker_cli_inspect_test.go:142: DockerSuite.TestInspectContainerFilterInt
MISS: docker_cli_inspect_test.go:182: DockerSuite.TestInspectContainerGraphDriver
MISS: docker_cli_inspect_test.go:392: DockerSuite.TestInspectContainerNetworkCustom
MISS: docker_cli_inspect_test.go:380: DockerSuite.TestInspectContainerNetworkDefault
MISS: docker_cli_inspect_test.go:45: DockerSuite.TestInspectDefault
MISS: docker_cli_inspect_test.go:372: DockerSuite.TestInspectHistory
MISS: docker_cli_inspect_test.go:25: DockerSuite.TestInspectImage
MISS: docker_cli_inspect_test.go:126: DockerSuite.TestInspectImageFilterInt
MISS: docker_cli_inspect_test.go:164: DockerSuite.TestInspectImageGraphDriver
MISS: docker_cli_inspect_test.go:39: DockerSuite.TestInspectInt64
MISS: docker_cli_inspect_test.go:334: DockerSuite.TestInspectJSONFields
MISS: docker_cli_inspect_test.go:284: DockerSuite.TestInspectLogConfigNoType
MISS: docker_cli_inspect_test.go:239: DockerSuite.TestInspectNamedMountPoint
MISS: docker_cli_inspect_test.go:297: DockerSuite.TestInspectNoSizeFlagContainer
MISS: docker_cli_inspect_test.go:423: DockerSuite.TestInspectPlugin
MISS: docker_cli_inspect_test.go:403: DockerSuite.TestInspectRootFS
MISS: docker_cli_inspect_test.go:309: DockerSuite.TestInspectSizeFlagContainer
MISS: docker_cli_inspect_test.go:56: DockerSuite.TestInspectStatus
MISS: docker_cli_inspect_test.go:353: DockerSuite.TestInspectStopWhenNotFound
MISS: docker_cli_inspect_test.go:320: DockerSuite.TestInspectTemplateError
MISS: docker_cli_inspect_test.go:263: DockerSuite.TestInspectTimesAsRFC3339Nano
MISS: docker_cli_inspect_test.go:81: DockerSuite.TestInspectTypeFlagContainer
MISS: docker_cli_inspect_test.go:103: DockerSuite.TestInspectTypeFlagWithImage
MISS: docker_cli_inspect_test.go:114: DockerSuite.TestInspectTypeFlagWithInvalidValue
MISS: docker_cli_inspect_test.go:91: DockerSuite.TestInspectTypeFlagWithNoContainer
MISS: docker_cli_inspect_test.go:454: DockerSuite.TestInspectUnknownObject
MISS: docker_cli_links_test.go:201: DockerSuite.TestLinkShortDefinition
MISS: docker_cli_links_test.go:192: DockerSuite.TestLinksEnvs
MISS: docker_cli_links_test.go:228: DockerSuite.TestLinksEtcHostsRegularFile
MISS: docker_cli_links_test.go:141: DockerSuite.TestLinksHostsFilesInject
MISS: docker_cli_links_test.go:94: DockerSuite.TestLinksInspectLinksStarted
MISS: docker_cli_links_test.go:113: DockerSuite.TestLinksInspectLinksStopped
MISS: docker_cli_links_test.go:25: DockerSuite.TestLinksInvalidContainerTarget
MISS: docker_cli_links_test.go:235: DockerSuite.TestLinksMultipleWithSameName
MISS: docker_cli_links_test.go:217: DockerSuite.TestLinksNetworkHostContainer
MISS: docker_cli_links_test.go:133: DockerSuite.TestLinksNotStartedParentNotFail
MISS: docker_cli_links_test.go:37: DockerSuite.TestLinksPingLinkedContainers
MISS: docker_cli_links_test.go:81: DockerSuite.TestLinksPingLinkedContainersAfterRename
MISS: docker_cli_exec_test.go:372: DockerSuite.TestLinksPingLinkedContainersOnRename
MISS: docker_cli_links_test.go:16: DockerSuite.TestLinksPingUnlinkedContainers
MISS: docker_cli_links_test.go:159: DockerSuite.TestLinksUpdateOnRestart
MISS: docker_cli_save_load_test.go:334: DockerSuite.TestLoadZeroSizeLayer
MISS: docker_cli_login_test.go:12: DockerSuite.TestLoginWithoutTTY
MISS: docker_api_logs_test.go:86: DockerSuite.TestLogsAPIContainerNotFound
MISS: docker_api_logs_test.go:71: DockerSuite.TestLogsAPIFollowEmptyOutput
MISS: docker_api_logs_test.go:59: DockerSuite.TestLogsAPINoStdoutNorStderr
MISS: docker_api_logs_test.go:150: DockerSuite.TestLogsAPIUntil
MISS: docker_api_logs_test.go:188: DockerSuite.TestLogsAPIUntilDefaultValue
MISS: docker_api_logs_test.go:93: DockerSuite.TestLogsAPIUntilFutureFollow
MISS: docker_api_logs_test.go:23: DockerSuite.TestLogsAPIWithStdout
MISS: docker_cli_logs_test.go:318: DockerSuite.TestLogsCLIContainerNotFound
MISS: docker_cli_logs_test.go:24: DockerSuite.TestLogsContainerBiggerThanPage
MISS: docker_cli_logs_test.go:29: DockerSuite.TestLogsContainerMuchBiggerThanPage
MISS: docker_cli_logs_test.go:19: DockerSuite.TestLogsContainerSmallerThanPage
MISS: docker_cli_logs_test.go:300: DockerSuite.TestLogsFollowGoroutinesNoOutput
MISS: docker_cli_logs_test.go:272: DockerSuite.TestLogsFollowGoroutinesWithStdout
MISS: docker_cli_logs_test.go:214: DockerSuite.TestLogsFollowSlowStdoutConsumer
MISS: docker_cli_logs_test.go:124: DockerSuite.TestLogsFollowStopped
MISS: docker_cli_logs_test.go:66: DockerSuite.TestLogsSeparateStderr
MISS: docker_cli_logs_test.go:145: DockerSuite.TestLogsSince
MISS: docker_cli_logs_test.go:180: DockerSuite.TestLogsSinceFutureFollow
MISS: docker_cli_logs_test.go:77: DockerSuite.TestLogsStderrInStdout
MISS: docker_cli_logs_test.go:92: DockerSuite.TestLogsTail
MISS: docker_cli_logs_test.go:41: DockerSuite.TestLogsTimestamps
MISS: docker_cli_logs_test.go:325: DockerSuite.TestLogsWithDetails
MISS: docker_cli_run_test.go:2915: DockerSuite.TestMountIntoProc
MISS: docker_cli_run_test.go:2924: DockerSuite.TestMountIntoSys
MISS: docker_cli_netmode_test.go:33: DockerSuite.TestNetHostname
MISS: docker_cli_netmode_test.go:26: DockerSuite.TestNetHostnameWithNetHost
MISS: docker_cli_run_test.go:3519: DockerSuite.TestNetworkRmWithActiveContainers
MISS: docker_cli_run_test.go:2701: DockerSuite.TestPermissionsPtsReadonlyRootfs
MISS: docker_cli_plugins_test.go:77: DockerSuite.TestPluginActive
MISS: docker_cli_plugins_test.go:100: DockerSuite.TestPluginActiveNetwork
MISS: docker_cli_plugins_test.go:345: DockerSuite.TestPluginInspectOnWindows
MISS: docker_cli_plugins_test.go:151: DockerSuite.TestPluginInstallDisableVolumeLs
MISS: docker_cli_plugins_logdriver_test.go:12: DockerSuite.TestPluginLogDriver
MISS: docker_cli_plugins_logdriver_test.go:32: DockerSuite.TestPluginLogDriverInfoList
MISS: docker_cli_plugins_test.go:475: DockerSuite.TestPluginMetricsCollector
MISS: docker_cli_plugins_test.go:443: DockerSuite.TestPluginUpgrade
MISS: docker_cli_port_test.go:330: DockerSuite.TestPortBindingOnSandbox
MISS: docker_cli_port_test.go:308: DockerSuite.TestPortExposeHostBinding
MISS: docker_cli_port_test.go:286: DockerSuite.TestPortHostBinding
MISS: docker_cli_port_test.go:16: DockerSuite.TestPortList
MISS: docker_api_containers_test.go:1302: DockerSuite.TestPostContainerAPICreateWithStringOrSliceEntrypoint
MISS: docker_api_attach_test.go:100: DockerSuite.TestPostContainersAttach
MISS: docker_api_attach_test.go:79: DockerSuite.TestPostContainersAttachContainerNotFound
MISS: docker_api_containers_test.go:1567: DockerSuite.TestPostContainersCreateMemorySwappinessHostConfigOmitted
MISS: docker_api_containers_test.go:1481: DockerSuite.TestPostContainersCreateShmSizeHostConfigOmitted
MISS: docker_api_containers_test.go:1463: DockerSuite.TestPostContainersCreateShmSizeNegative
MISS: docker_api_containers_test.go:1509: DockerSuite.TestPostContainersCreateShmSizeOmitted
MISS: docker_api_containers_test.go:1592: DockerSuite.TestPostContainersCreateWithOomScoreAdjInvalidRange
MISS: docker_api_containers_test.go:1536: DockerSuite.TestPostContainersCreateWithShmSize
MISS: docker_api_containers_test.go:1359: DockerSuite.TestPostContainersCreateWithStringOrSliceCapAddDrop
MISS: docker_api_containers_test.go:1330: DockerSuite.TestPostContainersCreateWithStringOrSliceCmd
MISS: docker_api_containers_test.go:1430: DockerSuite.TestPostContainersCreateWithWrongCpusetValues
MISS: docker_cli_ps_test.go:796: DockerSuite.TestPsByOrder
MISS: docker_cli_ps_test.go:549: DockerSuite.TestPsImageIDAfterUpdate
MISS: docker_cli_ps_test.go:21: DockerSuite.TestPsListContainersBase
MISS: docker_cli_ps_test.go:308: DockerSuite.TestPsListContainersFilterAncestorImage
MISS: docker_cli_ps_test.go:518: DockerSuite.TestPsListContainersFilterCreated
MISS: docker_cli_ps_test.go:439: DockerSuite.TestPsListContainersFilterExited
MISS: docker_cli_ps_test.go:229: DockerSuite.TestPsListContainersFilterHealth
MISS: docker_cli_ps_test.go:272: DockerSuite.TestPsListContainersFilterID
MISS: docker_cli_ps_test.go:403: DockerSuite.TestPsListContainersFilterLabel
MISS: docker_cli_ps_test.go:286: DockerSuite.TestPsListContainersFilterName
MISS: docker_cli_ps_test.go:716: DockerSuite.TestPsListContainersFilterNetwork
MISS: docker_cli_ps_test.go:815: DockerSuite.TestPsListContainersFilterPorts
MISS: docker_cli_ps_test.go:182: DockerSuite.TestPsListContainersFilterStatus
MISS: docker_cli_ps_test.go:142: DockerSuite.TestPsListContainersSize
MISS: docker_cli_ps_test.go:851: DockerSuite.TestPsNotShowLinknamesOfDeletedContainer
MISS: docker_cli_ps_test.go:598: DockerSuite.TestPsNotShowPortsOfStoppedContainer
MISS: docker_cli_ps_test.go:472: DockerSuite.TestPsRightTagName
MISS: docker_cli_ps_test.go:616: DockerSuite.TestPsShowMounts
MISS: docker_cli_run_test.go:3150: DockerSuite.TestPtraceContainerProcsFromHost
MISS: docker_cli_pull_test.go:266: DockerSuite.TestPullLinuxImageFailsOnWindows
MISS: docker_cli_pull_test.go:273: DockerSuite.TestPullWindowsImageFailsOnLinux
MISS: docker_cli_push_test.go:235: DockerSuite.TestPushToCentralRegistryUnauthorized
MISS: docker_cli_push_test.go:34: DockerSuite.TestPushUnprefixedRepo
MISS: docker_api_containers_test.go:1404: DockerSuite.TestPutContainerArchiveErrSymlinkInVolumeToReadOnlyRootfs
MISS: docker_cli_restart_test.go:304: DockerSuite.TestRestartAutoRemoveContainer
MISS: docker_cli_restart_test.go:167: DockerSuite.TestRestartContainerSuccess
MISS: docker_cli_restart_test.go:153: DockerSuite.TestRestartContainerwithGoodContainer
MISS: docker_cli_restart_test.go:273: DockerSuite.TestRestartContainerwithRestartPolicy
MISS: docker_cli_restart_test.go:80: DockerSuite.TestRestartDisconnectedContainer
MISS: docker_cli_restart_test.go:240: DockerSuite.TestRestartPolicyAfterRestart
MISS: docker_cli_restart_test.go:105: DockerSuite.TestRestartPolicyAlways
MISS: docker_cli_restart_test.go:97: DockerSuite.TestRestartPolicyNO
MISS: docker_cli_restart_test.go:118: DockerSuite.TestRestartPolicyOnFailure
MISS: docker_cli_restart_test.go:32: DockerSuite.TestRestartRunningContainer
MISS: docker_cli_restart_test.go:15: DockerSuite.TestRestartStoppedContainer
MISS: docker_cli_restart_test.go:196: DockerSuite.TestRestartWithPolicyUserDefinedNetwork
MISS: docker_cli_restart_test.go:55: DockerSuite.TestRestartWithVolumes
MISS: docker_cli_rmi_test.go:218: DockerSuite.TestRmiBlank
MISS: docker_cli_rmi_test.go:328: DockerSuite.TestRmiByIDHardConflict
MISS: docker_cli_rmi_test.go:228: DockerSuite.TestRmiContainerImageNotFound
MISS: docker_cli_rmi_test.go:172: DockerSuite.TestRmiForceWithExistingContainers
MISS: docker_cli_rmi_test.go:200: DockerSuite.TestRmiForceWithMultipleRepositories
MISS: docker_cli_rmi_test.go:145: DockerSuite.TestRmiImageIDForceWithRunningContainersAndMultipleTags
MISS: docker_cli_rmi_test.go:107: DockerSuite.TestRmiImgIDForce
MISS: docker_cli_rmi_test.go:66: DockerSuite.TestRmiImgIDMultipleTag
MISS: docker_cli_rmi_test.go:298: DockerSuite.TestRmiParentImageFail
MISS: docker_cli_rmi_test.go:38: DockerSuite.TestRmiTag
MISS: docker_cli_rmi_test.go:160: DockerSuite.TestRmiTagWithExistingContainers
MISS: docker_cli_rmi_test.go:254: DockerSuite.TestRmiUntagHistoryLayer
MISS: docker_cli_rmi_test.go:17: DockerSuite.TestRmiWithContainerFails
MISS: docker_cli_rmi_test.go:186: DockerSuite.TestRmiWithMultipleRepositories
MISS: docker_cli_rmi_test.go:311: DockerSuite.TestRmiWithParentInUse
MISS: docker_cli_run_test.go:4536: DockerSuite.TestRunAddDeviceCgroupRule
MISS: docker_cli_run_test.go:1581: DockerSuite.TestRunAddHost
MISS: docker_cli_run_test.go:4045: DockerSuite.TestRunAddHostInHostMode
MISS: docker_cli_run_test.go:1173: DockerSuite.TestRunAddingOptionalDevices
MISS: docker_cli_run_test.go:1191: DockerSuite.TestRunAddingOptionalDevicesInvalidMode
MISS: docker_cli_run_test.go:1182: DockerSuite.TestRunAddingOptionalDevicesNoSrc
MISS: docker_cli_run_test.go:2067: DockerSuite.TestRunAllocatePortInReservedRange
MISS: docker_cli_run_test.go:1232: DockerSuite.TestRunAllowBindMountingRoot
MISS: docker_cli_run_test.go:2272: DockerSuite.TestRunAllowPortRangeThroughExpose
MISS: docker_cli_run_test.go:2630: DockerSuite.TestRunAllowPortRangeThroughPublish
MISS: docker_cli_run_test.go:574: DockerSuite.TestRunApplyVolumesFromBeforeVolumes
MISS: docker_cli_run_test.go:3926: DockerSuite.TestRunAttachFailedNoLeak
MISS: docker_cli_run_test.go:1593: DockerSuite.TestRunAttachStdErrOnlyTTYMode
MISS: docker_cli_run_test.go:1609: DockerSuite.TestRunAttachStdOutAndErrTTYMode
MISS: docker_cli_run_test.go:1601: DockerSuite.TestRunAttachStdOutOnlyTTYMode
MISS: docker_cli_run_test.go:1618: DockerSuite.TestRunAttachWithDetach
MISS: docker_cli_run_test.go:1883: DockerSuite.TestRunBindMounts
MISS: docker_cli_run_test.go:1054: DockerSuite.TestRunCapAddALLCanDownInterface
MISS: docker_cli_run_test.go:1064: DockerSuite.TestRunCapAddALLDropNetAdminCanDownInterface
MISS: docker_cli_run_test.go:3014: DockerSuite.TestRunCapAddCHOWN
MISS: docker_cli_run_test.go:1044: DockerSuite.TestRunCapAddCanDownInterface
MISS: docker_cli_run_test.go:1035: DockerSuite.TestRunCapAddInvalid
MISS: docker_cli_run_test.go:3200: DockerSuite.TestRunCapAddSYSTIME
MISS: docker_cli_run_test.go:1025: DockerSuite.TestRunCapDropALLAddMknodCanMknod
MISS: docker_cli_run_test.go:1013: DockerSuite.TestRunCapDropALLCannotMknod
MISS: docker_cli_run_test.go:987: DockerSuite.TestRunCapDropCannotMknod
MISS: docker_cli_run_test.go:1000: DockerSuite.TestRunCapDropCannotMknodLowerCase
MISS: docker_cli_run_test.go:978: DockerSuite.TestRunCapDropInvalid
MISS: docker_cli_run_test.go:1970: DockerSuite.TestRunCidFileCheckIDLength
MISS: docker_cli_run_test.go:1939: DockerSuite.TestRunCidFileCleanupIfEmpty
MISS: docker_cli_run_test.go:1696: DockerSuite.TestRunCleanupCmdOnEntrypoint
MISS: docker_cli_run_test.go:3342: DockerSuite.TestRunContainerNetModeWithDNSMacHosts
MISS: docker_cli_run_test.go:3366: DockerSuite.TestRunContainerNetModeWithExposePort
MISS: docker_cli_run_test.go:923: DockerSuite.TestRunContainerNetwork
MISS: docker_cli_run_test.go:3333: DockerSuite.TestRunContainerNetworkModeToSelf
MISS: docker_cli_run_test.go:3317: DockerSuite.TestRunContainerWithCgroupMountRO
MISS: docker_cli_run_test.go:3243: DockerSuite.TestRunContainerWithCgroupParent
MISS: docker_cli_run_test.go:2740: DockerSuite.TestRunContainerWithReadonlyEtcHostsAndLinkedContainer
MISS: docker_cli_run_test.go:2689: DockerSuite.TestRunContainerWithReadonlyRootfs
MISS: docker_cli_run_test.go:2762: DockerSuite.TestRunContainerWithReadonlyRootfsWithAddHostFlag
MISS: docker_cli_run_test.go:2752: DockerSuite.TestRunContainerWithReadonlyRootfsWithDNSFlag
MISS: docker_cli_run_test.go:2799: DockerSuite.TestRunContainerWithRmFlagCannotStartContainer
MISS: docker_cli_run_test.go:2785: DockerSuite.TestRunContainerWithRmFlagExitCodeNotEqualToZero
MISS: docker_cli_run_test.go:2685: DockerSuite.TestRunContainerWithWritableRootfs
MISS: docker_cli_run_test.go:1681: DockerSuite.TestRunCopyVolumeContent
MISS: docker_cli_run_test.go:1663: DockerSuite.TestRunCopyVolumeUIDGID
MISS: docker_cli_run_test.go:3208: DockerSuite.TestRunCreateContainerFailedCleanUp
MISS: docker_cli_run_test.go:613: DockerSuite.TestRunCreateVolume
MISS: docker_cli_run_test.go:2159: DockerSuite.TestRunCreateVolumeEtc
MISS: docker_cli_run_test.go:623: DockerSuite.TestRunCreateVolumeWithSymlink
MISS: docker_cli_run_test.go:379: DockerSuite.TestRunCreateVolumesInSymlinkDir
MISS: docker_cli_run_test.go:423: DockerSuite.TestRunCreateVolumesInSymlinkDir2
MISS: docker_cli_run_test.go:4152: DockerSuite.TestRunCredentialSpecFailures
MISS: docker_cli_run_test.go:4171: DockerSuite.TestRunCredentialSpecWellFormed
MISS: docker_cli_run_test.go:1255: DockerSuite.TestRunDNSDefaultOptions
MISS: docker_cli_run_test.go:4010: DockerSuite.TestRunDNSInHostMode
MISS: docker_cli_run_test.go:1289: DockerSuite.TestRunDNSOptions
MISS: docker_cli_run_test.go:1323: DockerSuite.TestRunDNSOptionsBasedOnHostResolvConf
MISS: docker_cli_run_test.go:1313: DockerSuite.TestRunDNSRepeatOptions
MISS: docker_cli_run_test.go:2032: DockerSuite.TestRunDeallocatePortOnMissingIptablesRule
MISS: docker_cli_run_test.go:122: DockerSuite.TestRunDetachedContainerIDPrinting
MISS: docker_cli_run_test.go:1142: DockerSuite.TestRunDeviceNumbers
MISS: docker_cli_run_test.go:1241: DockerSuite.TestRunDisallowBindMountingRootToRoot
MISS: docker_cli_run_test.go:4187: DockerSuite.TestRunDuplicateMount
MISS: docker_cli_run_test.go:52: DockerSuite.TestRunEchoNamedContainer
MISS: docker_cli_run_test.go:44: DockerSuite.TestRunEchoStdout
MISS: docker_cli_run_test.go:4273: DockerSuite.TestRunEmptyEnv
MISS: docker_cli_run_test.go:1872: DockerSuite.TestRunEntrypoint
MISS: docker_cli_run_test.go:818: DockerSuite.TestRunEnvironment
MISS: docker_cli_run_test.go:857: DockerSuite.TestRunEnvironmentErase
MISS: docker_cli_run_test.go:890: DockerSuite.TestRunEnvironmentOverride
MISS: docker_cli_run_test.go:700: DockerSuite.TestRunExitCode
MISS: docker_cli_run_test.go:91: DockerSuite.TestRunExitCodeOne
MISS: docker_cli_run_test.go:86: DockerSuite.TestRunExitCodeZero
MISS: docker_cli_run_test.go:1735: DockerSuite.TestRunExitOnStdinClose
MISS: docker_cli_run_test.go:2295: DockerSuite.TestRunExposePort
MISS: docker_cli_run_test.go:949: DockerSuite.TestRunFullHostnameSet
MISS: docker_cli_run_test.go:1076: DockerSuite.TestRunGroupAdd
MISS: docker_cli_run_test.go:4515: DockerSuite.TestRunHostnameFQDN
MISS: docker_cli_run_test.go:4528: DockerSuite.TestRunHostnameInHostMode
MISS: docker_cli_run_test.go:4256: DockerSuite.TestRunHypervIsolationWithCPUCountCPUSharesAndCPUPercent
MISS: docker_cli_run_test.go:3732: DockerSuite.TestRunInitLayerPathOwnership
MISS: docker_cli_run_test.go:2010: DockerSuite.TestRunInspectMacAddress
MISS: docker_cli_run_test.go:1792: DockerSuite.TestRunInteractiveWithRestartPolicy
MISS: docker_cli_run_test.go:3278: DockerSuite.TestRunInvalidCgroupParent
MISS: docker_cli_run_test.go:3720: DockerSuite.TestRunInvalidReference
MISS: docker_cli_run_test.go:61: DockerSuite.TestRunLeakyFileDescriptors
MISS: docker_cli_run_test.go:3387: DockerSuite.TestRunLinkToContainerNetMode
MISS: docker_cli_run_test.go:194: DockerSuite.TestRunLinksContainerWithContainerID
MISS: docker_cli_run_test.go:179: DockerSuite.TestRunLinksContainerWithContainerName
MISS: docker_cli_run_test.go:73: DockerSuite.TestRunLookupGoogleDNS
MISS: docker_cli_run_test.go:3397: DockerSuite.TestRunLoopbackOnlyExistsWhenNetworkingDisabled
MISS: docker_cli_run_test.go:3423: DockerSuite.TestRunLoopbackWhenNetworkDisabled
MISS: docker_cli_run_test.go:1200: DockerSuite.TestRunModeHostname
MISS: docker_cli_run_test.go:2323: DockerSuite.TestRunModeIpcContainerNotExists
MISS: docker_cli_run_test.go:2332: DockerSuite.TestRunModeIpcContainerNotRunning
MISS: docker_cli_run_test.go:2301: DockerSuite.TestRunModeIpcHost
MISS: docker_cli_run_test.go:3431: DockerSuite.TestRunModeNetContainerHostname
MISS: docker_cli_run_test.go:2345: DockerSuite.TestRunModePIDContainer
MISS: docker_cli_run_test.go:2370: DockerSuite.TestRunModePIDContainerNotExists
MISS: docker_cli_run_test.go:2379: DockerSuite.TestRunModePIDContainerNotRunning
MISS: docker_cli_run_test.go:2437: DockerSuite.TestRunModePIDHost
MISS: docker_cli_run_test.go:2459: DockerSuite.TestRunModeUTSHost
MISS: docker_cli_run_test.go:4335: DockerSuite.TestRunMount
MISS: docker_cli_run_test.go:2088: DockerSuite.TestRunMountOrdering
MISS: docker_cli_run_test.go:4323: DockerSuite.TestRunMountReadOnlyDevShm
MISS: docker_cli_run_test.go:2392: DockerSuite.TestRunMountShmMqueueFromHost
MISS: docker_cli_run_test.go:583: DockerSuite.TestRunMultipleVolumesFrom
MISS: docker_cli_exec_test.go:388: DockerSuite.TestRunMutableNetworkFiles
MISS: docker_cli_run_test.go:3220: DockerSuite.TestRunNamedVolume
MISS: docker_cli_run_test.go:3864: DockerSuite.TestRunNamedVolumeCopyImageData
MISS: docker_cli_run_test.go:3878: DockerSuite.TestRunNamedVolumeNotRemoved
MISS: docker_cli_run_test.go:3895: DockerSuite.TestRunNamedVolumesFromNotRemoved
MISS: docker_cli_run_test.go:3857: DockerSuite.TestRunNamedVolumesMountedAsShared
MISS: docker_cli_run_test.go:2612: DockerSuite.TestRunNetContainerWhichHost
MISS: docker_cli_run_test.go:2581: DockerSuite.TestRunNetHost
MISS: docker_cli_run_test.go:932: DockerSuite.TestRunNetHostNotAllowedWithLinks
MISS: docker_cli_run_test.go:2603: DockerSuite.TestRunNetHostTwiceSameName
MISS: docker_cli_run_test.go:3075: DockerSuite.TestRunNetworkFilesBindMount
MISS: docker_cli_run_test.go:3099: DockerSuite.TestRunNetworkFilesBindMountRO
MISS: docker_cli_run_test.go:3121: DockerSuite.TestRunNetworkFilesBindMountROFilesystem
MISS: docker_cli_run_test.go:3444: DockerSuite.TestRunNetworkNotInitializedNoneMode
MISS: docker_cli_run_test.go:522: DockerSuite.TestRunNoDupVolumes
MISS: docker_cli_run_test.go:2200: DockerSuite.TestRunNoOutputFromPullInStdout
MISS: docker_cli_run_test.go:3669: DockerSuite.TestRunNonExecutableCmd
MISS: docker_cli_run_test.go:3678: DockerSuite.TestRunNonExistingCmd
MISS: docker_cli_run_test.go:3703: DockerSuite.TestRunNonExistingImage
MISS: docker_cli_run_test.go:2564: DockerSuite.TestRunNonLocalMacAddress
MISS: docker_cli_run_test.go:1405: DockerSuite.TestRunNonRootUserResolvName
MISS: docker_cli_run_test.go:2812: DockerSuite.TestRunPIDHostWithChildIsKillable
MISS: docker_cli_run_test.go:2500: DockerSuite.TestRunPortFromDockerRangeInUse
MISS: docker_cli_run_test.go:2048: DockerSuite.TestRunPortInUse
MISS: docker_cli_run_test.go:958: DockerSuite.TestRunPrivilegedCanMknod
MISS: docker_cli_run_test.go:1087: DockerSuite.TestRunPrivilegedCanMount
MISS: docker_cli_run_test.go:1126: DockerSuite.TestRunProcNotWritableInNonPrivilegedContainers
MISS: docker_cli_run_test.go:1134: DockerSuite.TestRunProcWritableInPrivilegedContainers
MISS: docker_cli_run_test.go:4238: DockerSuite.TestRunProcessIsolationWithCPUCountCPUSharesAndCPUPercent
MISS: docker_cli_run_test.go:2989: DockerSuite.TestRunPublishPort
MISS: docker_cli_run_test.go:2892: DockerSuite.TestRunReadFilteredProc
MISS: docker_cli_run_test.go:2871: DockerSuite.TestRunReadProcLatency
MISS: docker_cli_run_test.go:2856: DockerSuite.TestRunReadProcTimer
MISS: docker_cli_run_test.go:1427: DockerSuite.TestRunResolvconfUpdate
MISS: docker_cli_run_test.go:2662: DockerSuite.TestRunRestartMaxRetries
MISS: docker_cli_run_test.go:2133: DockerSuite.TestRunReuseBindVolumeThatIsSymlink
MISS: docker_cli_run_test.go:4063: DockerSuite.TestRunRm
MISS: docker_cli_run_test.go:4053: DockerSuite.TestRunRmAndWait
MISS: docker_cli_run_test.go:4074: DockerSuite.TestRunRmPre125Api
MISS: docker_cli_run_test.go:1221: DockerSuite.TestRunRootWorkdir
MISS: docker_cli_run_test.go:2654: DockerSuite.TestRunSetDefaultRestartPolicy
MISS: docker_cli_run_test.go:1994: DockerSuite.TestRunSetMacAddress
MISS: docker_cli_run_test.go:2244: DockerSuite.TestRunSlowStdoutConsumer
MISS: docker_cli_run_test.go:1626: DockerSuite.TestRunState
MISS: docker_cli_run_test.go:3623: DockerSuite.TestRunStdinBlockedAfterContainerExit
MISS: docker_cli_run_test.go:98: DockerSuite.TestRunStdinPipe
MISS: docker_cli_run_test.go:4138: DockerSuite.TestRunStoppedLoggingDriverNoLeak
MISS: docker_cli_run_test.go:1110: DockerSuite.TestRunSysNotWritableInNonPrivilegedContainers
MISS: docker_cli_run_test.go:1118: DockerSuite.TestRunSysWritableInPrivilegedContainers
MISS: docker_cli_run_test.go:2484: DockerSuite.TestRunTLSVerify
MISS: docker_cli_run_test.go:2532: DockerSuite.TestRunTTYWithPipe
MISS: docker_cli_run_test.go:1158: DockerSuite.TestRunThatCharacterDevicesActLikeCharacterDevices
MISS: docker_cli_run_test.go:796: DockerSuite.TestRunTwoConcurrentContainers
MISS: docker_cli_run_test.go:968: DockerSuite.TestRunUnprivilegedCanMknod
MISS: docker_cli_run_test.go:1097: DockerSuite.TestRunUnprivilegedCannotMount
MISS: docker_cli_run_test.go:1167: DockerSuite.TestRunUnprivilegedWithChroot
MISS: docker_cli_run_test.go:4086: DockerSuite.TestRunUnsetEntrypoint
MISS: docker_cli_run_test.go:2931: DockerSuite.TestRunUnshareProc
MISS: docker_cli_run_test.go:737: DockerSuite.TestRunUserByID
MISS: docker_cli_run_test.go:747: DockerSuite.TestRunUserByIDBig
MISS: docker_cli_run_test.go:760: DockerSuite.TestRunUserByIDNegative
MISS: docker_cli_run_test.go:773: DockerSuite.TestRunUserByIDZero
MISS: docker_cli_run_test.go:727: DockerSuite.TestRunUserByName
MISS: docker_cli_run_test.go:716: DockerSuite.TestRunUserDefaults
MISS: docker_cli_run_test.go:786: DockerSuite.TestRunUserNotFound
MISS: docker_cli_run_test.go:594: DockerSuite.TestRunVerifyContainerID
MISS: docker_cli_run_test.go:3975: DockerSuite.TestRunVolumeCopyFlag
MISS: docker_cli_run_test.go:3968: DockerSuite.TestRunVolumeWithOneCharacter
MISS: docker_cli_run_test.go:2213: DockerSuite.TestRunVolumesCleanPaths
MISS: docker_cli_run_test.go:474: DockerSuite.TestRunVolumesFromInReadWriteMode
MISS: docker_cli_run_test.go:453: DockerSuite.TestRunVolumesFromInReadonlyModeFails
MISS: docker_cli_run_test.go:2772: DockerSuite.TestRunVolumesFromRestartAfterRemoved
MISS: docker_cli_run_test.go:659: DockerSuite.TestRunVolumesFromSymlinkPath
MISS: docker_cli_run_test.go:447: DockerSuite.TestRunVolumesMountedAsReadonly
MISS: docker_cli_run_test.go:3777: DockerSuite.TestRunVolumesMountedAsShared
MISS: docker_cli_run_test.go:3808: DockerSuite.TestRunVolumesMountedAsSlave
MISS: docker_cli_run_test.go:4208: DockerSuite.TestRunWindowsWithCPUCount
MISS: docker_cli_run_test.go:4228: DockerSuite.TestRunWindowsWithCPUPercent
MISS: docker_cli_run_test.go:4218: DockerSuite.TestRunWindowsWithCPUShares
MISS: docker_cli_run_test.go:1857: DockerSuite.TestRunWithBadDevice
MISS: docker_cli_run_test.go:342: DockerSuite.TestRunWithDaemonFlags
MISS: docker_cli_run_test.go:2024: DockerSuite.TestRunWithInvalidMacAddress
MISS: docker_cli_run_test.go:283: DockerSuite.TestRunWithNetAliasOnDefaultNetworks
MISS: docker_cli_run_test.go:3749: DockerSuite.TestRunWithOomScoreAdj
MISS: docker_cli_run_test.go:3760: DockerSuite.TestRunWithOomScoreAdjInvalidRange
MISS: docker_cli_run_test.go:2835: DockerSuite.TestRunWithTooSmallMemoryLimit
MISS: docker_cli_run_test.go:3232: DockerSuite.TestRunWithUlimits
MISS: docker_cli_run_test.go:349: DockerSuite.TestRunWithVolumesFromExited
MISS: docker_cli_run_test.go:160: DockerSuite.TestRunWithoutNetworking
MISS: docker_cli_run_test.go:1721: DockerSuite.TestRunWorkdirExistsAndIsFile
MISS: docker_cli_run_test.go:137: DockerSuite.TestRunWorkingDirectory
MISS: docker_cli_run_test.go:3048: DockerSuite.TestRunWriteFilteredProc
MISS: docker_cli_run_test.go:1809: DockerSuite.TestRunWriteSpecialFilesAndNotCommit
MISS: docker_cli_run_test.go:2847: DockerSuite.TestRunWriteToProcAsound
MISS: docker_cli_run_test.go:3646: DockerSuite.TestRunWrongCpusetCpusFlagValue
MISS: docker_cli_run_test.go:3657: DockerSuite.TestRunWrongCpusetMemsFlagValue
MISS: docker_cli_save_load_test.go:159: DockerSuite.TestSaveAndLoadRepoFlags
MISS: docker_cli_save_load_test.go:101: DockerSuite.TestSaveCheckTimes
MISS: docker_cli_save_load_test.go:260: DockerSuite.TestSaveDirectoryPermissions
MISS: docker_cli_save_load_test.go:120: DockerSuite.TestSaveImageId
MISS: docker_cli_save_load_test.go:381: DockerSuite.TestSaveLoadNoTag
MISS: docker_cli_save_load_test.go:342: DockerSuite.TestSaveLoadParents
MISS: docker_cli_save_load_test.go:190: DockerSuite.TestSaveMultipleNames
MISS: docker_cli_save_load_test.go:208: DockerSuite.TestSaveRepoWithMultipleImages
MISS: docker_cli_save_load_test.go:86: DockerSuite.TestSaveSingleTag
MISS: docker_cli_save_load_test.go:180: DockerSuite.TestSaveWithNoExistImage
MISS: docker_cli_save_load_test.go:28: DockerSuite.TestSaveXzAndLoadRepoStdout
MISS: docker_cli_save_load_test.go:57: DockerSuite.TestSaveXzGzAndLoadRepoStdout
MISS: docker_cli_search_test.go:12: DockerSuite.TestSearchOnCentralRegistry
MISS: docker_cli_search_test.go:48: DockerSuite.TestSearchOnCentralRegistryWithDash
MISS: docker_cli_search_test.go:19: DockerSuite.TestSearchStarsOptionWithWrongParameter
MISS: docker_cli_search_test.go:55: DockerSuite.TestSearchWithLimit
MISS: docker_cli_run_test.go:4292: DockerSuite.TestSlowStdinClosing
MISS: docker_cli_start_test.go:45: DockerSuite.TestStartAttachCorrectExitCode
MISS: docker_cli_start_test.go:146: DockerSuite.TestStartAttachMultipleContainers
MISS: docker_cli_start_test.go:16: DockerSuite.TestStartAttachReturnsOnError
MISS: docker_cli_start_test.go:58: DockerSuite.TestStartAttachSilent
MISS: docker_cli_start_test.go:175: DockerSuite.TestStartAttachWithRename
MISS: docker_cli_start_test.go:110: DockerSuite.TestStartMultipleContainers
MISS: docker_cli_start_test.go:95: DockerSuite.TestStartPausedContainer
MISS: docker_cli_start_test.go:70: DockerSuite.TestStartRecordError
MISS: docker_cli_start_test.go:190: DockerSuite.TestStartReturnCorrectExitCode
MISS: docker_cli_stats_test.go:124: DockerSuite.TestStatsAllNewContainersAdded
MISS: docker_cli_stats_test.go:94: DockerSuite.TestStatsAllNoStream
MISS: docker_cli_stats_test.go:58: DockerSuite.TestStatsAllRunningNoStream
MISS: docker_cli_stats_test.go:45: DockerSuite.TestStatsContainerNotFound
MISS: docker_cli_stats_test.go:165: DockerSuite.TestStatsFormatAll
MISS: docker_cli_stats_test.go:16: DockerSuite.TestStatsNoStream
MISS: docker_cli_top_test.go:11: DockerSuite.TestTopMultipleArgs
MISS: docker_cli_top_test.go:26: DockerSuite.TestTopNonPrivileged
MISS: docker_cli_top_test.go:61: DockerSuite.TestTopPrivileged
MISS: docker_cli_top_test.go:50: DockerSuite.TestTopWindowsCoreProcesses
MISS: docker_cli_run_test.go:3456: DockerSuite.TestTwoContainersInNetHost
MISS: docker_cli_port_test.go:213: DockerSuite.TestUnpublishedPortsInPsOutput
MISS: docker_cli_health_test.go:147: DockerSuite.TestUnsetEnvVarHealthCheck
MISS: docker_cli_run_test.go:294: DockerSuite.TestUserDefinedNetworkAlias
MISS: docker_cli_run_test.go:209: DockerSuite.TestUserDefinedNetworkLinks
MISS: docker_cli_run_test.go:245: DockerSuite.TestUserDefinedNetworkLinksWithRestart
MISS: docker_cli_volume_test.go:23: DockerSuite.TestVolumeCLICreate
MISS: docker_cli_volume_test.go:283: DockerSuite.TestVolumeCLICreateLabel
MISS: docker_cli_volume_test.go:295: DockerSuite.TestVolumeCLICreateLabelMultiple
MISS: docker_cli_volume_test.go:259: DockerSuite.TestVolumeCLICreateWithOpts
MISS: docker_cli_volume_test.go:39: DockerSuite.TestVolumeCLIInspect
MISS: docker_cli_volume_test.go:56: DockerSuite.TestVolumeCLIInspectMulti
MISS: docker_cli_volume_test.go:249: DockerSuite.TestVolumeCLIInspectTmplError
MISS: docker_cli_volume_test.go:73: DockerSuite.TestVolumeCLILs
MISS: docker_cli_volume_test.go:178: DockerSuite.TestVolumeCLILsErrorWithInvalidFilterName
MISS: docker_cli_volume_test.go:128: DockerSuite.TestVolumeCLILsFilterDangling
MISS: docker_cli_volume_test.go:352: DockerSuite.TestVolumeCLILsFilterDrivers
MISS: docker_cli_volume_test.go:322: DockerSuite.TestVolumeCLILsFilterLabels
MISS: docker_cli_volume_test.go:184: DockerSuite.TestVolumeCLILsWithIncorrectFilterValue
MISS: docker_cli_volume_test.go:226: DockerSuite.TestVolumeCLINoArgs
MISS: docker_cli_volume_test.go:190: DockerSuite.TestVolumeCLIRm
MISS: docker_cli_volume_test.go:391: DockerSuite.TestVolumeCLIRmForce
MISS: docker_cli_volume_test.go:415: DockerSuite.TestVolumeCLIRmForceInUse
MISS: docker_cli_volume_test.go:383: DockerSuite.TestVolumeCLIRmForceUsage
MISS: docker_cli_volume_test.go:453: DockerSuite.TestVolumeCliInspectWithVolumeOpts
MISS: docker_cli_run_test.go:3025: DockerSuite.TestVolumeFromMixedRWOptions
MISS: docker_cli_volume_test.go:86: DockerSuite.TestVolumeLsFormat
MISS: docker_cli_volume_test.go:95: DockerSuite.TestVolumeLsFormatDefaultFormat
MISS: docker_cli_run_test.go:497: DockerSuite.TestVolumesFromGetsProperMode
MISS: docker_cli_run_test.go:2180: DockerSuite.TestVolumesNoCopyData
MISS: docker_cli_run_test.go:4551: DockerSuite.TestWindowsRunAsSystem
SKIP: docker_cli_by_digest_test.go:168: DockerRegistrySuite.TestBuildByDigest
SKIP: docker_api_build_test.go:324: DockerRegistrySuite.TestBuildCopyFromForcePull
SKIP: docker_cli_build_test.go:5812: DockerRegistrySuite.TestBuildMultiStageImplicitPull
SKIP: docker_cli_pull_local_test.go:186: DockerRegistrySuite.TestConcurrentPullMultipleTags
SKIP: docker_cli_push_test.go:179: DockerRegistrySuite.TestConcurrentPush
SKIP: docker_cli_by_digest_test.go:115: DockerRegistrySuite.TestCreateByDigest
SKIP: docker_cli_push_test.go:183: DockerRegistrySuite.TestCrossRepositoryLayerPush
SKIP: docker_cli_by_digest_test.go:430: DockerRegistrySuite.TestDeleteImageByIDOnlyPulledByDigest
SKIP: docker_cli_by_digest_test.go:476: DockerRegistrySuite.TestDeleteImageWithDigestAndMultiRepoTag
SKIP: docker_cli_by_digest_test.go:449: DockerRegistrySuite.TestDeleteImageWithDigestAndTag
SKIP: docker_cli_events_test.go:529: DockerRegistrySuite.TestEventsImageFilterPush
SKIP: docker_cli_by_digest_test.go:375: DockerRegistrySuite.TestInspectImageWithDigests
SKIP: docker_cli_by_digest_test.go:302: DockerRegistrySuite.TestListDanglingImagesWithDigests
SKIP: docker_cli_by_digest_test.go:225: DockerRegistrySuite.TestListImagesWithDigests
SKIP: docker_cli_by_digest_test.go:212: DockerRegistrySuite.TestListImagesWithoutDigests
SKIP: docker_cli_by_digest_test.go:394: DockerRegistrySuite.TestPsListContainersFilterAncestorImageByDigest
SKIP: docker_cli_by_digest_test.go:98: DockerRegistrySuite.TestPullByDigest
SKIP: docker_cli_by_digest_test.go:111: DockerRegistrySuite.TestPullByDigestNoFallback
SKIP: docker_cli_by_digest_test.go:76: DockerRegistrySuite.TestPullByTagDisplaysDigest
SKIP: docker_cli_by_digest_test.go:513: DockerRegistrySuite.TestPullFailsWithAlteredManifest
SKIP: docker_cli_pull_local_test.go:243: DockerRegistrySuite.TestPullIDStability
SKIP: docker_cli_pull_local_test.go:55: DockerRegistrySuite.TestPullImageWithAliases
SKIP: docker_cli_pull_local_test.go:263: DockerRegistrySuite.TestPullManifestList
SKIP: docker_cli_pull_local_test.go:259: DockerRegistrySuite.TestPullNoLayers
SKIP: docker_cli_push_test.go:61: DockerRegistrySuite.TestPushBadTag
SKIP: docker_cli_push_test.go:29: DockerRegistrySuite.TestPushBusyboxImage
SKIP: docker_cli_push_test.go:129: DockerRegistrySuite.TestPushEmptyLayer
SKIP: docker_cli_push_test.go:102: DockerRegistrySuite.TestPushMultipleTags
SKIP: docker_cli_push_test.go:48: DockerRegistrySuite.TestPushUntagged
SKIP: docker_cli_by_digest_test.go:146: DockerRegistrySuite.TestRemoveImageByDigest
SKIP: docker_cli_by_digest_test.go:128: DockerRegistrySuite.TestRunByDigest
SKIP: docker_cli_pull_local_test.go:428: DockerRegistrySuite.TestRunImplicitPullWithNoTag
SKIP: docker_cli_by_digest_test.go:193: DockerRegistrySuite.TestTagByDigest
SKIP: docker_cli_registry_user_agent_test.go:74: DockerRegistrySuite.TestUserAgentPassThrough
SKIP: docker_cli_v2_only_test.go:28: DockerRegistrySuite.TestV2Only
SKIP: docker_cli_build_test.go:5002: DockerRegistryAuthHtpasswdSuite.TestBuildFromAuthenticatedRegistry
SKIP: docker_cli_build_test.go:5020: DockerRegistryAuthHtpasswdSuite.TestBuildWithExternalAuth
SKIP: docker_cli_login_test.go:23: DockerRegistryAuthHtpasswdSuite.TestLoginToPrivateRegistry
SKIP: docker_cli_logout_test.go:16: DockerRegistryAuthHtpasswdSuite.TestLogoutWithExternalAuth
SKIP: docker_cli_logout_test.go:68: DockerRegistryAuthHtpasswdSuite.TestLogoutWithWrongHostnamesStored
SKIP: docker_cli_pull_local_test.go:392: DockerRegistryAuthHtpasswdSuite.TestPullWithExternalAuth
SKIP: docker_cli_pull_local_test.go:347: DockerRegistryAuthHtpasswdSuite.TestPullWithExternalAuthLoginWithScheme
SKIP: docker_cli_push_test.go:225: DockerRegistryAuthHtpasswdSuite.TestPushNoCredentialsNoRetry
SKIP: docker_cli_push_test.go:287: DockerRegistryAuthTokenSuite.TestPushMisconfiguredTokenServiceResponseError
SKIP: docker_cli_push_test.go:315: DockerRegistryAuthTokenSuite.TestPushMisconfiguredTokenServiceResponseNoToken
SKIP: docker_cli_push_test.go:274: DockerRegistryAuthTokenSuite.TestPushMisconfiguredTokenServiceResponseUnauthorized
SKIP: docker_cli_push_test.go:302: DockerRegistryAuthTokenSuite.TestPushMisconfiguredTokenServiceResponseUnparsable
SKIP: docker_cli_push_test.go:262: DockerRegistryAuthTokenSuite.TestPushTokenServiceUnauthResponse
SKIP: docker_cli_proxy_test.go:23: DockerDaemonSuite.TestCLIProxyProxyTCPSock
SKIP: docker_cli_exec_test.go:85: DockerDaemonSuite.TestExecAfterDaemonRestart
SKIP: docker_cli_info_test.go:213: DockerDaemonSuite.TestRegistryMirrors
SKIP: docker_cli_run_test.go:4116: DockerDaemonSuite.TestRunWithUlimitAndDaemonDefault
SKIP: docker_cli_plugins_test.go:32: DockerPluginSuite.TestPluginBasicOps
SKIP: docker_cli_plugins_test.go:263: DockerPluginSuite.TestPluginCreate
SKIP: docker_cli_plugins_test.go:241: DockerPluginSuite.TestPluginEnableDisableNegative
SKIP: docker_cli_plugins_test.go:63: DockerPluginSuite.TestPluginForceRemove
SKIP: docker_cli_plugins_test.go:355: DockerPluginSuite.TestPluginIDPrefix
SKIP: docker_cli_plugins_test.go:295: DockerPluginSuite.TestPluginInspect
SKIP: docker_cli_plugins_test.go:211: DockerPluginSuite.TestPluginInstallArgs
SKIP: docker_cli_plugins_test.go:127: DockerPluginSuite.TestPluginInstallDisable
SKIP: docker_cli_plugins_test.go:227: DockerPluginSuite.TestPluginInstallImage
SKIP: docker_cli_plugins_test.go:412: DockerPluginSuite.TestPluginListDefaultFormat
SKIP: docker_cli_plugins_test.go:160: DockerPluginSuite.TestPluginSet
OOPS: 18 passed, 81 skipped, 1 FAILED, 956 MISSED
--- FAIL: Test (311.55s)
FAIL
exit status 1
FAIL	github.com/docker/docker/integration-cli	312.003s


ERROR: Failed 'ERROR: Integration tests failed at 06/01/2019 01:33:42. Duration:00:05:17.4674621' at 06/01/2019 01:33:42
At C:\gopath\src\github.com\docker\docker\hack\ci\windows.ps1:839 char:17
+ ...             Throw "ERROR: Integration tests failed at $(Get-Date). Du ...
+                 ~~~~~~~~~~~~~~~~~~~~~~~~~~~~~~~~~~~~~~~~~~~~~~~~~~~~~~~~~



INFO: Tidying up at end of run
INFO: Saving daemon under test log (d:\CI\CI-8f66fa4c81\dut.out) to d:\temp\CIDUT.out
INFO: Saving daemon under test log (d:\CI\CI-8f66fa4c81\dut.err) to d:\temp\CIDUT.err
INFO: Nuke-Everything...
INFO: Container count on control daemon to delete is 2
2e26ea73168f
73c7079e57f1
INFO: Non-base image count on control daemon to delete is 1
Deleted: sha256:2b726f6dd1958c39011d10e07e16c5e6b8628e9a29c559c063b3cc56c7011f23
Deleted: sha256:13ac640ee811c257a6e81094783c2f73e9146e5d142b4076f73285b038e3709d
INFO: Killing daemon with PID 4292
INFO: Tidying pidfile d:\CI\CI-8f66fa4c81\docker.pid
INFO: Stopping possible daemon pid 4292
ERROR: The process "4292" not found.
INFO: Nuking d:\CI
INFO: Zapped successfully

INFO: executeCI.ps1 exiting at Sat Jun  1 01:34:04 CUT 2019. Duration 00:14:20.4919883

Build step 'Windows PowerShell' marked build as failure
Set build name.
New build name is '#39297'
[PostBuildScript] - Executing post build scripts.
Notifying endpoint with url 'https://leeroy.dockerproject.org/notification/jenkins'
Finished: FAILURE
