Started by user Gordon
Notifying endpoint with url 'https://leeroy.dockerproject.org/notification/jenkins'
[EnvInject] - Loading node environment variables.
Building remotely on s390x-ubuntu-32 (linux s390x-ubuntu-1604 s390x) in workspace /home/jenkins/workspace/Docker-PRs-s390x
Running Prebuild steps
[Docker-PRs-s390x] $ /bin/sh -xe /tmp/jenkins567781302868905482.sh
+ pwd
+ id -u
+ id -g
+ docker run --rm -v /home/jenkins/workspace/Docker-PRs-s390x:/workspace s390x/busybox chown -R 1001:1001 /workspace
Success build forhudson.tasks.Shell@54493290
Wiping out workspace first.
Cloning the remote Git repository
Cloning repository https://github.com/moby/moby.git
 > git init /home/jenkins/workspace/Docker-PRs-s390x # timeout=10
Fetching upstream changes from https://github.com/moby/moby.git
 > git --version # timeout=10
 > git fetch --tags --progress https://github.com/moby/moby.git +refs/heads/*:refs/remotes/origin/*
 > git config remote.origin.url https://github.com/moby/moby.git # timeout=10
 > git config --add remote.origin.fetch +refs/heads/*:refs/remotes/origin/* # timeout=10
 > git config remote.origin.url https://github.com/moby/moby.git # timeout=10
Fetching upstream changes from https://github.com/moby/moby.git
 > git fetch --tags --progress https://github.com/moby/moby.git +refs/heads/*:refs/remotes/origin/*
 > git rev-parse origin/master^{commit} # timeout=10
Checking out Revision 545d00e7521414f648140b5834d41a072592a484 (origin/master)
 > git config core.sparsecheckout # timeout=10
 > git checkout -f 545d00e7521414f648140b5834d41a072592a484
Commit message: "Merge pull request #38416 from thaJeztah/fix_build_session_test"
 > git rev-list --no-walk 545d00e7521414f648140b5834d41a072592a484 # timeout=10
Set build name.
New build name is '#38415'
[Docker-PRs-s390x] $ /bin/bash /tmp/jenkins5108400481282311745.sh
From https://github.com/moby/moby
 * [new ref]         refs/pull/38415/head -> origin/pr/38415
Updating 545d00e..2bc75c7
Fast-forward
 builder/buildutil/session.go            |  58 +++++++
 builder/buildutil/util.go               | 258 ++++++++++++++++++++++++++++++++
 integration/build/build_session_test.go |  89 +++--------
 integration/build/build_squash_test.go  |  17 +--
 integration/build/build_test.go         | 141 ++++-------------
 5 files changed, 372 insertions(+), 191 deletions(-)
 create mode 100644 builder/buildutil/session.go
 create mode 100644 builder/buildutil/util.go
Sending build context to Docker daemon  45.12MB
Step 1/94 : FROM golang:1.11.4 AS base
 ---> ee5c1a481166
Step 2/94 : ARG APT_MIRROR=deb.debian.org
 ---> Using cache
 ---> 100b71bb994b
Step 3/94 : RUN sed -ri "s/(httpredir|deb).debian.org/$APT_MIRROR/g" /etc/apt/sources.list
 ---> Using cache
 ---> a5a2984b8623
Step 4/94 : FROM base AS criu
 ---> a5a2984b8623
Step 5/94 : ENV CRIU_VERSION 3.6
 ---> Using cache
 ---> 25fc572b3875
Step 6/94 : RUN apt-get update && apt-get install -y 	libnet-dev 	libprotobuf-c0-dev 	libprotobuf-dev 	libnl-3-dev 	libcap-dev 	protobuf-compiler 	protobuf-c-compiler 	python-protobuf 	&& mkdir -p /usr/src/criu 	&& curl -sSL https://github.com/checkpoint-restore/criu/archive/v${CRIU_VERSION}.tar.gz | tar -C /usr/src/criu/ -xz --strip-components=1 	&& cd /usr/src/criu 	&& make 	&& make PREFIX=/build/ install-criu
 ---> Using cache
 ---> 1b5f2e6b11aa
Step 7/94 : FROM base AS registry
 ---> a5a2984b8623
Step 8/94 : ENV REGISTRY_COMMIT_SCHEMA1 ec87e9b6971d831f0eff752ddb54fb64693e51cd
 ---> Using cache
 ---> 7f0084a61dcc
Step 9/94 : ENV REGISTRY_COMMIT 47a064d4195a9b56133891bbb13620c3ac83a827
 ---> Using cache
 ---> 86166a2c1b1a
Step 10/94 : RUN set -x 	&& export GOPATH="$(mktemp -d)" 	&& git clone https://github.com/docker/distribution.git "$GOPATH/src/github.com/docker/distribution" 	&& (cd "$GOPATH/src/github.com/docker/distribution" && git checkout -q "$REGISTRY_COMMIT") 	&& GOPATH="$GOPATH/src/github.com/docker/distribution/Godeps/_workspace:$GOPATH" 		go build -buildmode=pie -o /build/registry-v2 github.com/docker/distribution/cmd/registry 	&& case $(dpkg --print-architecture) in 		amd64|ppc64*|s390x) 		(cd "$GOPATH/src/github.com/docker/distribution" && git checkout -q "$REGISTRY_COMMIT_SCHEMA1"); 		GOPATH="$GOPATH/src/github.com/docker/distribution/Godeps/_workspace:$GOPATH"; 			go build -buildmode=pie -o /build/registry-v2-schema1 github.com/docker/distribution/cmd/registry; 		;; 	   esac 	&& rm -rf "$GOPATH"
 ---> Using cache
 ---> 6b9457c79cdd
Step 11/94 : FROM base AS docker-py
 ---> a5a2984b8623
Step 12/94 : ENV DOCKER_PY_COMMIT 8b246db271a85d6541dc458838627e89c683e42f
 ---> Using cache
 ---> c328d1db3dea
Step 13/94 : RUN git clone https://github.com/docker/docker-py.git /build 	&& cd /build 	&& git checkout -q $DOCKER_PY_COMMIT
 ---> Using cache
 ---> 5fc6723c54a3
Step 14/94 : FROM base AS swagger
 ---> a5a2984b8623
Step 15/94 : ENV GO_SWAGGER_COMMIT c28258affb0b6251755d92489ef685af8d4ff3eb
 ---> Using cache
 ---> 08ae205c05f6
Step 16/94 : RUN set -x 	&& export GOPATH="$(mktemp -d)" 	&& git clone https://github.com/go-swagger/go-swagger.git "$GOPATH/src/github.com/go-swagger/go-swagger" 	&& (cd "$GOPATH/src/github.com/go-swagger/go-swagger" && git checkout -q "$GO_SWAGGER_COMMIT") 	&& go build -o /build/swagger github.com/go-swagger/go-swagger/cmd/swagger 	&& rm -rf "$GOPATH"
 ---> Using cache
 ---> c7447dc2697d
Step 17/94 : FROM base AS frozen-images
 ---> a5a2984b8623
Step 18/94 : RUN apt-get update && apt-get install -y jq ca-certificates --no-install-recommends
 ---> Using cache
 ---> 817382054b52
Step 19/94 : COPY contrib/download-frozen-image-v2.sh /
 ---> Using cache
 ---> 26e47c3c2562
Step 20/94 : RUN /download-frozen-image-v2.sh /build 	buildpack-deps:jessie@sha256:dd86dced7c9cd2a724e779730f0a53f93b7ef42228d4344b25ce9a42a1486251 	busybox:latest@sha256:bbc3a03235220b170ba48a157dd097dd1379299370e1ed99ce976df0355d24f0 	busybox:glibc@sha256:0b55a30394294ab23b9afd58fab94e61a923f5834fba7ddbae7f8e0c11ba85e6 	debian:jessie@sha256:287a20c5f73087ab406e6b364833e3fb7b3ae63ca0eb3486555dc27ed32c6e60 	hello-world:latest@sha256:be0cd392e45be79ffeffa6b05338b98ebb16c87b255f48e297ec7f98e123905c
 ---> Using cache
 ---> c238492b46bc
Step 21/94 : FROM base AS runtime-dev
 ---> a5a2984b8623
Step 22/94 : RUN apt-get update && apt-get install -y 	libapparmor-dev 	libseccomp-dev
 ---> Using cache
 ---> 9b64e0b22d4e
Step 23/94 : FROM base AS tomlv
 ---> a5a2984b8623
Step 24/94 : ENV INSTALL_BINARY_NAME=tomlv
 ---> Using cache
 ---> 743643816f38
Step 25/94 : COPY hack/dockerfile/install/install.sh ./install.sh
 ---> Using cache
 ---> 92dba8877410
Step 26/94 : COPY hack/dockerfile/install/$INSTALL_BINARY_NAME.installer ./
 ---> Using cache
 ---> dcd3607e6e11
Step 27/94 : RUN PREFIX=/build ./install.sh $INSTALL_BINARY_NAME
 ---> Using cache
 ---> 0c227aeab904
Step 28/94 : FROM base AS vndr
 ---> a5a2984b8623
Step 29/94 : ENV INSTALL_BINARY_NAME=vndr
 ---> Using cache
 ---> 969870ea20de
Step 30/94 : COPY hack/dockerfile/install/install.sh ./install.sh
 ---> Using cache
 ---> b8765875cc8a
Step 31/94 : COPY hack/dockerfile/install/$INSTALL_BINARY_NAME.installer ./
 ---> Using cache
 ---> 29d081db990c
Step 32/94 : RUN PREFIX=/build ./install.sh $INSTALL_BINARY_NAME
 ---> Using cache
 ---> f1d126a55971
Step 33/94 : FROM base AS containerd
 ---> a5a2984b8623
Step 34/94 : RUN apt-get update && apt-get install -y btrfs-tools
 ---> Using cache
 ---> e828a2913fa5
Step 35/94 : ENV INSTALL_BINARY_NAME=containerd
 ---> Using cache
 ---> f9d9a57d5dbd
Step 36/94 : COPY hack/dockerfile/install/install.sh ./install.sh
 ---> Using cache
 ---> b7d451b0f394
Step 37/94 : COPY hack/dockerfile/install/$INSTALL_BINARY_NAME.installer ./
 ---> Using cache
 ---> 40487c7c7605
Step 38/94 : RUN PREFIX=/build ./install.sh $INSTALL_BINARY_NAME
 ---> Using cache
 ---> f2ffc389ddbf
Step 39/94 : FROM base AS proxy
 ---> a5a2984b8623
Step 40/94 : ENV INSTALL_BINARY_NAME=proxy
 ---> Using cache
 ---> b42f2e24a6aa
Step 41/94 : COPY hack/dockerfile/install/install.sh ./install.sh
 ---> Using cache
 ---> 7b1f38187251
Step 42/94 : COPY hack/dockerfile/install/$INSTALL_BINARY_NAME.installer ./
 ---> Using cache
 ---> 38bc242a4c94
Step 43/94 : RUN PREFIX=/build ./install.sh $INSTALL_BINARY_NAME
 ---> Using cache
 ---> a7f5c9377aef
Step 44/94 : FROM base AS gometalinter
 ---> a5a2984b8623
Step 45/94 : ENV INSTALL_BINARY_NAME=gometalinter
 ---> Using cache
 ---> 1786e738583f
Step 46/94 : COPY hack/dockerfile/install/install.sh ./install.sh
 ---> Using cache
 ---> 5e2b654b172c
Step 47/94 : COPY hack/dockerfile/install/$INSTALL_BINARY_NAME.installer ./
 ---> Using cache
 ---> dc89291078ff
Step 48/94 : RUN PREFIX=/build ./install.sh $INSTALL_BINARY_NAME
 ---> Using cache
 ---> 4a59273d57bf
Step 49/94 : FROM base AS dockercli
 ---> a5a2984b8623
Step 50/94 : ENV INSTALL_BINARY_NAME=dockercli
 ---> Using cache
 ---> 6a10bd46673f
Step 51/94 : COPY hack/dockerfile/install/install.sh ./install.sh
 ---> Using cache
 ---> 3576cca80e5c
Step 52/94 : COPY hack/dockerfile/install/$INSTALL_BINARY_NAME.installer ./
 ---> Using cache
 ---> 63c80794e8a1
Step 53/94 : RUN PREFIX=/build ./install.sh $INSTALL_BINARY_NAME
 ---> Using cache
 ---> 018d34644e91
Step 54/94 : FROM runtime-dev AS runc
 ---> 9b64e0b22d4e
Step 55/94 : ENV INSTALL_BINARY_NAME=runc
 ---> Using cache
 ---> 75d1edf7556b
Step 56/94 : COPY hack/dockerfile/install/install.sh ./install.sh
 ---> Using cache
 ---> bd9195f1859d
Step 57/94 : COPY hack/dockerfile/install/$INSTALL_BINARY_NAME.installer ./
 ---> Using cache
 ---> 4eeb941654b0
Step 58/94 : RUN PREFIX=/build ./install.sh $INSTALL_BINARY_NAME
 ---> Using cache
 ---> b41de8d5c153
Step 59/94 : FROM base AS tini
 ---> a5a2984b8623
Step 60/94 : RUN apt-get update && apt-get install -y cmake vim-common
 ---> Using cache
 ---> e008b8c7c41e
Step 61/94 : COPY hack/dockerfile/install/install.sh ./install.sh
 ---> Using cache
 ---> bc35b51f1ca8
Step 62/94 : ENV INSTALL_BINARY_NAME=tini
 ---> Using cache
 ---> 84c4a0a56905
Step 63/94 : COPY hack/dockerfile/install/$INSTALL_BINARY_NAME.installer ./
 ---> Using cache
 ---> 388df13704db
Step 64/94 : RUN PREFIX=/build ./install.sh $INSTALL_BINARY_NAME
 ---> Using cache
 ---> a5ddb2e0dbe8
Step 65/94 : FROM runtime-dev AS dev
 ---> 9b64e0b22d4e
Step 66/94 : RUN groupadd -r docker
 ---> Using cache
 ---> 859a987bcf8c
Step 67/94 : RUN useradd --create-home --gid docker unprivilegeduser
 ---> Using cache
 ---> 36d7711cf35d
Step 68/94 : RUN ln -sfv /go/src/github.com/docker/docker/.bashrc ~/.bashrc
 ---> Using cache
 ---> f953423e3812
Step 69/94 : RUN echo "source /usr/share/bash-completion/bash_completion" >> /etc/bash.bashrc
 ---> Using cache
 ---> 4d74bd67871e
Step 70/94 : RUN ln -s /usr/local/completion/bash/docker /etc/bash_completion.d/docker
 ---> Using cache
 ---> 1660852e240b
Step 71/94 : RUN ldconfig
 ---> Using cache
 ---> f6a5c761c66b
Step 72/94 : RUN apt-get update && apt-get install -y 	apparmor 	aufs-tools 	bash-completion 	btrfs-tools 	iptables 	jq 	libcap2-bin 	libdevmapper-dev 	libudev-dev 	libsystemd-dev 	binutils-mingw-w64 	g++-mingw-w64-x86-64 	net-tools 	pigz 	python-backports.ssl-match-hostname 	python-dev 	python-mock 	python-pip 	python-requests 	python-setuptools 	python-websocket 	python-wheel 	thin-provisioning-tools 	vim 	vim-common 	xfsprogs 	zip 	bzip2 	xz-utils 	--no-install-recommends
 ---> Using cache
 ---> b620c63c6839
Step 73/94 : COPY --from=swagger /build/swagger* /usr/local/bin/
 ---> Using cache
 ---> a3a2ffc50cff
Step 74/94 : COPY --from=frozen-images /build/ /docker-frozen-images
 ---> Using cache
 ---> 75f7c1796751
Step 75/94 : COPY --from=gometalinter /build/ /usr/local/bin/
 ---> Using cache
 ---> 4abc78a0bad4
Step 76/94 : COPY --from=tomlv /build/ /usr/local/bin/
 ---> Using cache
 ---> ad2f624b42b4
Step 77/94 : COPY --from=vndr /build/ /usr/local/bin/
 ---> Using cache
 ---> fa357dd0bcde
Step 78/94 : COPY --from=tini /build/ /usr/local/bin/
 ---> Using cache
 ---> 6ddc9919f607
Step 79/94 : COPY --from=runc /build/ /usr/local/bin/
 ---> Using cache
 ---> f40cd5cf098c
Step 80/94 : COPY --from=containerd /build/ /usr/local/bin/
 ---> Using cache
 ---> 9da17a8d31d0
Step 81/94 : COPY --from=proxy /build/ /usr/local/bin/
 ---> Using cache
 ---> 3fb9cea70621
Step 82/94 : COPY --from=dockercli /build/ /usr/local/cli
 ---> Using cache
 ---> dea69ff737d7
Step 83/94 : COPY --from=registry /build/registry* /usr/local/bin/
 ---> Using cache
 ---> 2d5edc211ee8
Step 84/94 : COPY --from=criu /build/ /usr/local/
 ---> Using cache
 ---> a1b14defa7c2
Step 85/94 : COPY --from=docker-py /build/ /docker-py
 ---> Using cache
 ---> 4139c9e5eb88
Step 86/94 : RUN cd /docker-py 	&& pip install docker-pycreds==0.2.1 	&& pip install yamllint==1.5.0 	&& pip install -r test-requirements.txt
 ---> Using cache
 ---> 692b886f2780
Step 87/94 : ENV PATH=/usr/local/cli:$PATH
 ---> Using cache
 ---> 3f42b9763517
Step 88/94 : ENV DOCKER_BUILDTAGS apparmor seccomp selinux
 ---> Using cache
 ---> 27a64f5d67cf
Step 89/94 : ENV GOMETALINTER_OPTS="--deadline=2m"
 ---> Using cache
 ---> e0eb1efbfe37
Step 90/94 : WORKDIR /go/src/github.com/docker/docker
 ---> Using cache
 ---> cbb83b487409
Step 91/94 : VOLUME /var/lib/docker
 ---> Using cache
 ---> 192b704bb122
Step 92/94 : ENTRYPOINT ["hack/dind"]
 ---> Using cache
 ---> 74b0276211e4
Step 93/94 : FROM dev AS final
 ---> 74b0276211e4
Step 94/94 : COPY . /go/src/github.com/docker/docker
 ---> Using cache
 ---> 2655f155bcbf
Successfully built 2655f155bcbf
Successfully tagged docker-s390x:2bc75c7
?   	github.com/docker/docker/api	[no test files]
ok  	github.com/docker/docker/api/server	0.004s	coverage: 7.9% of statements
?   	github.com/docker/docker/api/server/backend/build	[no test files]
ok  	github.com/docker/docker/api/server/httputils	0.003s	coverage: 11.1% of statements
ok  	github.com/docker/docker/api/server/middleware	0.003s	coverage: 43.4% of statements
?   	github.com/docker/docker/api/server/router	[no test files]
?   	github.com/docker/docker/api/server/router/build	[no test files]
?   	github.com/docker/docker/api/server/router/checkpoint	[no test files]
?   	github.com/docker/docker/api/server/router/container	[no test files]
?   	github.com/docker/docker/api/server/router/debug	[no test files]
?   	github.com/docker/docker/api/server/router/distribution	[no test files]
?   	github.com/docker/docker/api/server/router/image	[no test files]
?   	github.com/docker/docker/api/server/router/network	[no test files]
?   	github.com/docker/docker/api/server/router/plugin	[no test files]
?   	github.com/docker/docker/api/server/router/session	[no test files]
?   	github.com/docker/docker/api/server/router/swarm	[no test files]
?   	github.com/docker/docker/api/server/router/system	[no test files]
?   	github.com/docker/docker/api/server/router/volume	[no test files]
?   	github.com/docker/docker/api/types	[no test files]
?   	github.com/docker/docker/api/types/backend	[no test files]
?   	github.com/docker/docker/api/types/blkiodev	[no test files]
?   	github.com/docker/docker/api/types/container	[no test files]
?   	github.com/docker/docker/api/types/events	[no test files]
ok  	github.com/docker/docker/api/types/filters	0.003s	coverage: 94.2% of statements
?   	github.com/docker/docker/api/types/image	[no test files]
?   	github.com/docker/docker/api/types/mount	[no test files]
?   	github.com/docker/docker/api/types/network	[no test files]
?   	github.com/docker/docker/api/types/plugins/logdriver	[no test files]
?   	github.com/docker/docker/api/types/registry	[no test files]
ok  	github.com/docker/docker/api/types/strslice	0.002s	coverage: 90.0% of statements
?   	github.com/docker/docker/api/types/swarm	[no test files]
?   	github.com/docker/docker/api/types/swarm/runtime	[no test files]
ok  	github.com/docker/docker/api/types/time	0.003s	coverage: 100.0% of statements
ok  	github.com/docker/docker/api/types/versions	0.002s	coverage: 75.0% of statements
?   	github.com/docker/docker/api/types/versions/v1p19	[no test files]
?   	github.com/docker/docker/api/types/versions/v1p20	[no test files]
?   	github.com/docker/docker/api/types/volume	[no test files]
?   	github.com/docker/docker/builder	[no test files]
?   	github.com/docker/docker/builder/builder-next	[no test files]
?   	github.com/docker/docker/builder/builder-next/adapters/containerimage	[no test files]
?   	github.com/docker/docker/builder/builder-next/adapters/snapshot	[no test files]
?   	github.com/docker/docker/builder/builder-next/exporter	[no test files]
?   	github.com/docker/docker/builder/builder-next/imagerefchecker	[no test files]
?   	github.com/docker/docker/builder/builder-next/worker	[no test files]
?   	github.com/docker/docker/builder/buildutil	[no test files]
ok  	github.com/docker/docker/builder/dockerfile	0.743s	coverage: 45.4% of statements
ok  	github.com/docker/docker/builder/dockerignore	0.002s	coverage: 96.8% of statements
ok  	github.com/docker/docker/builder/fscache	0.110s	coverage: 69.2% of statements
ok  	github.com/docker/docker/builder/remotecontext	0.299s	coverage: 13.7% of statements
ok  	github.com/docker/docker/builder/remotecontext/git	0.647s	coverage: 78.8% of statements
?   	github.com/docker/docker/cli	[no test files]
?   	github.com/docker/docker/cli/config	[no test files]
ok  	github.com/docker/docker/cli/debug	0.002s	coverage: 100.0% of statements
ok  	github.com/docker/docker/client	0.249s	coverage: 75.6% of statements
ok  	github.com/docker/docker/cmd/dockerd	0.033s	coverage: 31.4% of statements
ok  	github.com/docker/docker/cmd/dockerd/hack	0.002s	coverage: 72.9% of statements
ok  	github.com/docker/docker/container	0.111s	coverage: 35.4% of statements
?   	github.com/docker/docker/container/stream	[no test files]
?   	github.com/docker/docker/contrib/apparmor	[no test files]
?   	github.com/docker/docker/contrib/docker-device-tool	[no test files]
?   	github.com/docker/docker/contrib/httpserver	[no test files]
ok  	github.com/docker/docker/daemon	12.260s	coverage: 17.1% of statements
ok  	github.com/docker/docker/daemon/cluster	0.032s	coverage: 0.5% of statements
ok  	github.com/docker/docker/daemon/cluster/controllers/plugin	0.007s	coverage: 65.3% of statements
ok  	github.com/docker/docker/daemon/cluster/convert	0.005s	coverage: 28.0% of statements
?   	github.com/docker/docker/daemon/cluster/executor	[no test files]
ok  	github.com/docker/docker/daemon/cluster/executor/container	3.425s	coverage: 12.7% of statements
?   	github.com/docker/docker/daemon/cluster/provider	[no test files]
ok  	github.com/docker/docker/daemon/config	0.023s	coverage: 84.8% of statements
ok  	github.com/docker/docker/daemon/discovery	0.004s	coverage: 30.4% of statements
ok  	github.com/docker/docker/daemon/events	0.057s	coverage: 50.0% of statements
?   	github.com/docker/docker/daemon/events/testutils	[no test files]
?   	github.com/docker/docker/daemon/exec	[no test files]
ok  	github.com/docker/docker/daemon/graphdriver	0.003s	coverage: 2.2% of statements
ok  	github.com/docker/docker/daemon/graphdriver/aufs	11.094s	coverage: 73.6% of statements
ok  	github.com/docker/docker/daemon/graphdriver/btrfs	0.003s	coverage: 2.9% of statements
ok  	github.com/docker/docker/daemon/graphdriver/copy	0.184s	coverage: 57.0% of statements
ok  	github.com/docker/docker/daemon/graphdriver/devmapper	4.610s	coverage: 46.1% of statements
?   	github.com/docker/docker/daemon/graphdriver/graphtest	[no test files]
ok  	github.com/docker/docker/daemon/graphdriver/overlay	1.740s	coverage: 50.8% of statements
ok  	github.com/docker/docker/daemon/graphdriver/overlay2	4.922s	coverage: 56.8% of statements
?   	github.com/docker/docker/daemon/graphdriver/overlayutils	[no test files]
ok  	github.com/docker/docker/daemon/graphdriver/quota	0.701s	coverage: 75.2% of statements
?   	github.com/docker/docker/daemon/graphdriver/register	[no test files]
ok  	github.com/docker/docker/daemon/graphdriver/vfs	0.005s	coverage: 70.5% of statements
ok  	github.com/docker/docker/daemon/graphdriver/zfs	0.004s	coverage: 3.0% of statements
ok  	github.com/docker/docker/daemon/images	0.009s	coverage: 4.9% of statements
?   	github.com/docker/docker/daemon/initlayer	[no test files]
ok  	github.com/docker/docker/daemon/links	0.002s	coverage: 93.0% of statements
?   	github.com/docker/docker/daemon/listeners	[no test files]
ok  	github.com/docker/docker/daemon/logger	0.214s	coverage: 43.7% of statements
ok  	github.com/docker/docker/daemon/logger/awslogs	0.076s	coverage: 78.2% of statements
?   	github.com/docker/docker/daemon/logger/fluentd	[no test files]
?   	github.com/docker/docker/daemon/logger/gcplogs	[no test files]
ok  	github.com/docker/docker/daemon/logger/gelf	0.004s	coverage: 68.2% of statements
ok  	github.com/docker/docker/daemon/logger/journald	0.003s	coverage: 26.2% of statements
ok  	github.com/docker/docker/daemon/logger/jsonfilelog	0.005s	coverage: 62.1% of statements
ok  	github.com/docker/docker/daemon/logger/jsonfilelog/jsonlog	0.003s	coverage: 88.3% of statements
ok  	github.com/docker/docker/daemon/logger/local	0.010s	coverage: 74.7% of statements
?   	github.com/docker/docker/daemon/logger/logentries	[no test files]
ok  	github.com/docker/docker/daemon/logger/loggerutils	0.007s	coverage: 18.6% of statements
ok  	github.com/docker/docker/daemon/logger/splunk	1.485s	coverage: 84.5% of statements
ok  	github.com/docker/docker/daemon/logger/syslog	0.004s	coverage: 47.8% of statements
ok  	github.com/docker/docker/daemon/logger/templates	0.002s	coverage: 8.3% of statements
?   	github.com/docker/docker/daemon/names	[no test files]
ok  	github.com/docker/docker/daemon/network	0.003s	coverage: 57.1% of statements
?   	github.com/docker/docker/daemon/stats	[no test files]
ok  	github.com/docker/docker/distribution	0.280s	coverage: 16.8% of statements
ok  	github.com/docker/docker/distribution/metadata	0.025s	coverage: 48.2% of statements
?   	github.com/docker/docker/distribution/utils	[no test files]
ok  	github.com/docker/docker/distribution/xfer	1.429s	coverage: 83.9% of statements
?   	github.com/docker/docker/dockerversion	[no test files]
ok  	github.com/docker/docker/errdefs	0.002s	coverage: 76.0% of statements
ok  	github.com/docker/docker/image	0.014s	coverage: 86.3% of statements
ok  	github.com/docker/docker/image/cache	0.005s	coverage: 19.2% of statements
?   	github.com/docker/docker/image/tarexport	[no test files]
ok  	github.com/docker/docker/image/v1	0.005s	coverage: 25.0% of statements
ok  	github.com/docker/docker/internal/procfs	0.002s	coverage: 78.4% of statements
?   	github.com/docker/docker/internal/test	[no test files]
?   	github.com/docker/docker/internal/test/daemon	[no test files]
?   	github.com/docker/docker/internal/test/environment	[no test files]
?   	github.com/docker/docker/internal/test/fakecontext	[no test files]
?   	github.com/docker/docker/internal/test/fakegit	[no test files]
?   	github.com/docker/docker/internal/test/fakestorage	[no test files]
?   	github.com/docker/docker/internal/test/fixtures/load	[no test files]
?   	github.com/docker/docker/internal/test/fixtures/plugin	[no test files]
?   	github.com/docker/docker/internal/test/fixtures/plugin/basic	[no test files]
?   	github.com/docker/docker/internal/test/registry	[no test files]
?   	github.com/docker/docker/internal/test/request	[no test files]
ok  	github.com/docker/docker/internal/testutil	0.002s	coverage: 62.5% of statements
ok  	github.com/docker/docker/layer	7.586s	coverage: 71.4% of statements
ok  	github.com/docker/docker/libcontainerd	0.027s	coverage: 3.4% of statements
?   	github.com/docker/docker/libcontainerd/supervisor	[no test files]
?   	github.com/docker/docker/oci	[no test files]
?   	github.com/docker/docker/oci/caps	[no test files]
ok  	github.com/docker/docker/opts	0.020s	coverage: 68.4% of statements
ok  	github.com/docker/docker/pkg/aaparser	0.002s	coverage: 50.0% of statements
ok  	github.com/docker/docker/pkg/archive	0.510s	coverage: 77.0% of statements
ok  	github.com/docker/docker/pkg/authorization	1.405s	coverage: 66.7% of statements
ok  	github.com/docker/docker/pkg/broadcaster	0.002s	coverage: 100.0% of statements
ok  	github.com/docker/docker/pkg/chrootarchive	3.222s	coverage: 37.0% of statements
?   	github.com/docker/docker/pkg/containerfs	[no test files]
?   	github.com/docker/docker/pkg/devicemapper	[no test files]
ok  	github.com/docker/docker/pkg/directory	0.002s	coverage: 80.0% of statements
ok  	github.com/docker/docker/pkg/discovery	0.002s	coverage: 58.3% of statements
ok  	github.com/docker/docker/pkg/discovery/file	0.003s	coverage: 97.6% of statements
ok  	github.com/docker/docker/pkg/discovery/kv	3.099s	coverage: 84.1% of statements
ok  	github.com/docker/docker/pkg/discovery/memory	0.002s	coverage: 92.3% of statements
ok  	github.com/docker/docker/pkg/discovery/nodes	0.002s	coverage: 93.8% of statements
ok  	github.com/docker/docker/pkg/dmesg	0.002s	coverage: 83.3% of statements
ok  	github.com/docker/docker/pkg/filenotify	0.603s	coverage: 66.3% of statements
ok  	github.com/docker/docker/pkg/fileutils	0.006s	coverage: 89.5% of statements
ok  	github.com/docker/docker/pkg/fsutils	0.373s	coverage: 85.1% of statements
ok  	github.com/docker/docker/pkg/homedir	0.003s	coverage: 41.7% of statements
ok  	github.com/docker/docker/pkg/idtools	0.309s	coverage: 70.2% of statements
ok  	github.com/docker/docker/pkg/ioutils	0.347s	coverage: 70.0% of statements
ok  	github.com/docker/docker/pkg/jsonmessage	0.003s	coverage: 88.3% of statements
ok  	github.com/docker/docker/pkg/locker	0.007s	coverage: 88.9% of statements
ok  	github.com/docker/docker/pkg/longpath	0.002s	coverage: 100.0% of statements
?   	github.com/docker/docker/pkg/loopback	[no test files]
ok  	github.com/docker/docker/pkg/mount	0.975s	coverage: 68.6% of statements
ok  	github.com/docker/docker/pkg/namesgenerator	0.002s	coverage: 85.7% of statements
?   	github.com/docker/docker/pkg/namesgenerator/cmd/names-generator	[no test files]
ok  	github.com/docker/docker/pkg/parsers	0.002s	coverage: 97.0% of statements
ok  	github.com/docker/docker/pkg/parsers/kernel	0.002s	coverage: 60.0% of statements
ok  	github.com/docker/docker/pkg/parsers/operatingsystem	0.002s	coverage: 90.0% of statements
ok  	github.com/docker/docker/pkg/pidfile	0.002s	coverage: 82.4% of statements
?   	github.com/docker/docker/pkg/platform	[no test files]
?   	github.com/docker/docker/pkg/plugingetter	[no test files]
ok  	github.com/docker/docker/pkg/plugins	33.616s	coverage: 76.8% of statements
ok  	github.com/docker/docker/pkg/plugins/pluginrpc-gen	0.005s	coverage: 56.8% of statements
?   	github.com/docker/docker/pkg/plugins/pluginrpc-gen/fixtures	[no test files]
?   	github.com/docker/docker/pkg/plugins/pluginrpc-gen/fixtures/otherfixture	[no test files]
ok  	github.com/docker/docker/pkg/plugins/transport	0.002s	coverage: 85.7% of statements
ok  	github.com/docker/docker/pkg/pools	0.002s	coverage: 87.9% of statements
ok  	github.com/docker/docker/pkg/progress	0.002s	coverage: 75.9% of statements
ok  	github.com/docker/docker/pkg/pubsub	1.037s	coverage: 72.7% of statements
ok  	github.com/docker/docker/pkg/reexec	0.005s	coverage: 82.4% of statements
ok  	github.com/docker/docker/pkg/signal	2.389s	coverage: 61.0% of statements
?   	github.com/docker/docker/pkg/signal/testfiles	[no test files]
ok  	github.com/docker/docker/pkg/stdcopy	0.003s	coverage: 100.0% of statements
ok  	github.com/docker/docker/pkg/streamformatter	0.002s	coverage: 66.2% of statements
ok  	github.com/docker/docker/pkg/stringid	0.002s	coverage: 76.0% of statements
ok  	github.com/docker/docker/pkg/symlink	0.006s	coverage: 87.7% of statements
ok  	github.com/docker/docker/pkg/sysinfo	0.003s	coverage: 75.8% of statements
ok  	github.com/docker/docker/pkg/system	0.019s	coverage: 36.1% of statements
ok  	github.com/docker/docker/pkg/tailfile	0.012s	coverage: 88.6% of statements
ok  	github.com/docker/docker/pkg/tarsum	0.034s	coverage: 89.3% of statements
ok  	github.com/docker/docker/pkg/term	0.003s	coverage: 84.8% of statements
ok  	github.com/docker/docker/pkg/term/windows	0.002s	coverage: 0.0% of statements [no tests to run]
ok  	github.com/docker/docker/pkg/truncindex	0.102s	coverage: 91.5% of statements
ok  	github.com/docker/docker/pkg/urlutil	0.002s	coverage: 100.0% of statements
ok  	github.com/docker/docker/pkg/useragent	0.002s	coverage: 88.9% of statements
ok  	github.com/docker/docker/plugin	0.552s	coverage: 27.3% of statements
ok  	github.com/docker/docker/plugin/executor/containerd	0.006s	coverage: 33.3% of statements
ok  	github.com/docker/docker/plugin/v2	0.003s	coverage: 14.5% of statements
?   	github.com/docker/docker/profiles/apparmor	[no test files]
ok  	github.com/docker/docker/profiles/seccomp	0.004s	coverage: 81.0% of statements
ok  	github.com/docker/docker/reference	0.006s	coverage: 84.4% of statements
ok  	github.com/docker/docker/registry	0.173s	coverage: 57.0% of statements
ok  	github.com/docker/docker/registry/resumable	0.015s	coverage: 100.0% of statements
ok  	github.com/docker/docker/restartmanager	0.002s	coverage: 49.0% of statements
ok  	github.com/docker/docker/runconfig	0.008s	coverage: 68.2% of statements
?   	github.com/docker/docker/runconfig/opts	[no test files]
?   	github.com/docker/docker/volume	[no test files]
ok  	github.com/docker/docker/volume/drivers	0.004s	coverage: 36.1% of statements
ok  	github.com/docker/docker/volume/local	0.042s	coverage: 73.0% of statements
ok  	github.com/docker/docker/volume/mounts	0.024s	coverage: 66.8% of statements
ok  	github.com/docker/docker/volume/service	0.011s	coverage: 73.0% of statements
?   	github.com/docker/docker/volume/service/opts	[no test files]
?   	github.com/docker/docker/volume/testutils	[no test files]

Removing bundles/

---> Making bundle: dynbinary (in bundles/dynbinary)
Building: bundles/dynbinary-daemon/dockerd-dev
Created binary: bundles/dynbinary-daemon/dockerd-dev

---> Making bundle: test-integration (in bundles/test-integration)
Building test suite binary ./integration-cli/test.main
Building test suite binary ./integration/config/test.main
Building test suite binary ./integration/secret/test.main
Building test suite binary ./integration/session/test.main
Building test suite binary ./integration/plugin/test.main
Building test suite binary ./integration/plugin/logging/test.main
Building test suite binary ./integration/plugin/logging/cmd/test.main
Building test suite binary ./integration/plugin/logging/cmd/dummy/test.main
Building test suite binary ./integration/plugin/logging/cmd/close_on_start/test.main
Building test suite binary ./integration/plugin/authz/test.main
Building test suite binary ./integration/plugin/graphdriver/test.main
Building test suite binary ./integration/plugin/common/test.main
Building test suite binary ./integration/plugin/volumes/test.main
Building test suite binary ./integration/plugin/volumes/cmd/test.main
Building test suite binary ./integration/plugin/volumes/cmd/dummy/test.main
Building test suite binary ./integration/container/test.main
Building test suite binary ./integration/system/test.main
Building test suite binary ./integration/volume/test.main
Building test suite binary ./integration/build/test.main
Building test suite binary ./integration/network/test.main
Building test suite binary ./integration/network/ipvlan/test.main
Building test suite binary ./integration/network/macvlan/test.main
Building test suite binary ./integration/service/test.main
Building test suite binary ./integration/image/test.main
---> Making bundle: .integration-daemon-start (in bundles/test-integration)
Using test binary docker
/etc/init.d/apparmor: 130: /etc/init.d/apparmor: systemd-detect-virt: not found
Starting AppArmor profiles:Warning from stdin (line 1): /sbin/apparmor_parser: cannot use or update cache, disable, or force-complain via stdin
Warning failed to create cache: (null)
.
Starting dockerd
INFO: Waiting for daemon to start...
.
---> Making bundle: .integration-daemon-setup (in bundles/test-integration)
---> Making bundle: .ensure-emptyfs (in bundles/test-integration)
Error: No such image: emptyfs
Running integration-test (iteration 1)
Running /go/src/github.com/docker/docker/integration/config
Loaded image: buildpack-deps:jessie
Loaded image: busybox:latest
Loaded image: busybox:glibc
Loaded image: debian:jessie
Loaded image: hello-world:latest
INFO: Testing against a local daemon
=== RUN   TestConfigList
--- PASS: TestConfigList (2.74s)
    daemon.go:296: [d605e6728092f] waiting for daemon to start
    daemon.go:328: [d605e6728092f] daemon started
    daemon.go:283: [d605e6728092f] exiting daemon
=== RUN   TestConfigsCreateAndDelete
--- PASS: TestConfigsCreateAndDelete (2.95s)
    daemon.go:296: [dbe8a69578624] waiting for daemon to start
    daemon.go:328: [dbe8a69578624] daemon started
    daemon.go:283: [dbe8a69578624] exiting daemon
=== RUN   TestConfigsUpdate
--- PASS: TestConfigsUpdate (2.84s)
    daemon.go:296: [d7f1aeb0f69fe] waiting for daemon to start
    daemon.go:328: [d7f1aeb0f69fe] daemon started
    daemon.go:283: [d7f1aeb0f69fe] exiting daemon
=== RUN   TestTemplatedConfig
--- PASS: TestTemplatedConfig (3.45s)
    daemon.go:296: [d18a83b985387] waiting for daemon to start
    daemon.go:328: [d18a83b985387] daemon started
    daemon.go:283: [d18a83b985387] exiting daemon
=== RUN   TestConfigInspect
--- PASS: TestConfigInspect (2.98s)
    daemon.go:296: [d6f26f6d68f14] waiting for daemon to start
    daemon.go:328: [d6f26f6d68f14] daemon started
    daemon.go:283: [d6f26f6d68f14] exiting daemon
=== RUN   TestConfigCreateWithLabels
--- PASS: TestConfigCreateWithLabels (2.85s)
    daemon.go:296: [d8dac733bb061] waiting for daemon to start
    daemon.go:328: [d8dac733bb061] daemon started
    daemon.go:283: [d8dac733bb061] exiting daemon
=== RUN   TestConfigCreateResolve
--- PASS: TestConfigCreateResolve (2.83s)
    daemon.go:296: [d524cd3eb98b8] waiting for daemon to start
    daemon.go:328: [d524cd3eb98b8] daemon started
    daemon.go:283: [d524cd3eb98b8] exiting daemon
PASS
Running /go/src/github.com/docker/docker/integration/secret
INFO: Testing against a local daemon
=== RUN   TestSecretInspect
--- PASS: TestSecretInspect (2.90s)
    daemon.go:296: [dad0df550490b] waiting for daemon to start
    daemon.go:328: [dad0df550490b] daemon started
    daemon.go:283: [dad0df550490b] exiting daemon
=== RUN   TestSecretList
--- PASS: TestSecretList (2.90s)
    daemon.go:296: [d2758522fecc9] waiting for daemon to start
    daemon.go:328: [d2758522fecc9] daemon started
    daemon.go:283: [d2758522fecc9] exiting daemon
=== RUN   TestSecretsCreateAndDelete
--- PASS: TestSecretsCreateAndDelete (2.86s)
    daemon.go:296: [d1d9b8181427f] waiting for daemon to start
    daemon.go:328: [d1d9b8181427f] daemon started
    daemon.go:283: [d1d9b8181427f] exiting daemon
=== RUN   TestSecretsUpdate
--- PASS: TestSecretsUpdate (2.95s)
    daemon.go:296: [d7d69cb63f96b] waiting for daemon to start
    daemon.go:328: [d7d69cb63f96b] daemon started
    daemon.go:283: [d7d69cb63f96b] exiting daemon
=== RUN   TestTemplatedSecret
--- PASS: TestTemplatedSecret (3.37s)
    daemon.go:296: [d7c8263a363a9] waiting for daemon to start
    daemon.go:328: [d7c8263a363a9] daemon started
    daemon.go:283: [d7c8263a363a9] exiting daemon
=== RUN   TestSecretCreateResolve
--- PASS: TestSecretCreateResolve (2.85s)
    daemon.go:296: [de44461091f94] waiting for daemon to start
    daemon.go:328: [de44461091f94] daemon started
    daemon.go:283: [de44461091f94] exiting daemon
PASS
Running /go/src/github.com/docker/docker/integration/session
INFO: Testing against a local daemon
=== RUN   TestSessionCreate
--- SKIP: TestSessionCreate (0.00s)
    session_test.go:14: !testEnv.DaemonInfo.ExperimentalBuild
=== RUN   TestSessionCreateWithBadUpgrade
--- SKIP: TestSessionCreateWithBadUpgrade (0.00s)
    session_test.go:31: !testEnv.DaemonInfo.ExperimentalBuild
PASS
Running /go/src/github.com/docker/docker/integration/plugin
testing: warning: no tests to run
PASS
Running /go/src/github.com/docker/docker/integration/plugin/logging
INFO: Testing against a local daemon
=== RUN   TestContinueAfterPluginCrash
=== PAUSE TestContinueAfterPluginCrash
=== RUN   TestDaemonStartWithLogOpt
=== PAUSE TestDaemonStartWithLogOpt
=== CONT  TestContinueAfterPluginCrash
=== CONT  TestDaemonStartWithLogOpt
--- PASS: TestDaemonStartWithLogOpt (8.38s)
    daemon.go:296: [de05825526819] waiting for daemon to start
    daemon.go:328: [de05825526819] daemon started
    daemon.go:283: [de05825526819] exiting daemon
    daemon.go:296: [de05825526819] waiting for daemon to start
    daemon.go:328: [de05825526819] daemon started
    daemon.go:283: [de05825526819] exiting daemon
--- PASS: TestContinueAfterPluginCrash (13.42s)
    daemon.go:296: [de73be6537941] waiting for daemon to start
    daemon.go:328: [de73be6537941] daemon started
    daemon.go:283: [de73be6537941] exiting daemon
PASS
Running /go/src/github.com/docker/docker/integration/plugin/logging/cmd
testing: warning: no tests to run
PASS
Running /go/src/github.com/docker/docker/integration/plugin/logging/cmd/dummy
testing: warning: no tests to run
PASS
Running /go/src/github.com/docker/docker/integration/plugin/logging/cmd/close_on_start
testing: warning: no tests to run
PASS
Running /go/src/github.com/docker/docker/integration/plugin/authz
INFO: Testing against a local daemon
=== RUN   TestAuthZPluginAllowRequest
--- PASS: TestAuthZPluginAllowRequest (1.67s)
    daemon.go:296: [d9e4abc49bca5] waiting for daemon to start
    daemon.go:328: [d9e4abc49bca5] daemon started
    daemon.go:283: [d9e4abc49bca5] exiting daemon
=== RUN   TestAuthZPluginTLS
--- PASS: TestAuthZPluginTLS (0.54s)
    daemon.go:296: [dd4fa2cbd5a59] waiting for daemon to start
    daemon.go:328: [dd4fa2cbd5a59] daemon started
    daemon.go:283: [dd4fa2cbd5a59] exiting daemon
=== RUN   TestAuthZPluginDenyRequest
--- PASS: TestAuthZPluginDenyRequest (0.52s)
    daemon.go:296: [dc8e8b4495913] waiting for daemon to start
    daemon.go:328: [dc8e8b4495913] daemon started
    daemon.go:283: [dc8e8b4495913] exiting daemon
=== RUN   TestAuthZPluginAPIDenyResponse
--- PASS: TestAuthZPluginAPIDenyResponse (0.53s)
    daemon.go:296: [d33564cb87727] waiting for daemon to start
    daemon.go:328: [d33564cb87727] daemon started
    daemon.go:283: [d33564cb87727] exiting daemon
=== RUN   TestAuthZPluginDenyResponse
--- PASS: TestAuthZPluginDenyResponse (0.53s)
    daemon.go:296: [d74d388eda8c8] waiting for daemon to start
    daemon.go:328: [d74d388eda8c8] daemon started
    daemon.go:283: [d74d388eda8c8] exiting daemon
=== RUN   TestAuthZPluginAllowEventStream
--- PASS: TestAuthZPluginAllowEventStream (1.55s)
    daemon.go:296: [d07bd8c018e9e] waiting for daemon to start
    daemon.go:328: [d07bd8c018e9e] daemon started
    daemon.go:283: [d07bd8c018e9e] exiting daemon
=== RUN   TestAuthZPluginErrorResponse
--- PASS: TestAuthZPluginErrorResponse (0.52s)
    daemon.go:296: [dc6d1804497cc] waiting for daemon to start
    daemon.go:328: [dc6d1804497cc] daemon started
    daemon.go:283: [dc6d1804497cc] exiting daemon
=== RUN   TestAuthZPluginErrorRequest
--- PASS: TestAuthZPluginErrorRequest (0.52s)
    daemon.go:296: [d9f275bdd8c8e] waiting for daemon to start
    daemon.go:328: [d9f275bdd8c8e] daemon started
    daemon.go:283: [d9f275bdd8c8e] exiting daemon
=== RUN   TestAuthZPluginEnsureNoDuplicatePluginRegistration
--- PASS: TestAuthZPluginEnsureNoDuplicatePluginRegistration (0.53s)
    daemon.go:296: [d0662cf0f6df7] waiting for daemon to start
    daemon.go:328: [d0662cf0f6df7] daemon started
    daemon.go:283: [d0662cf0f6df7] exiting daemon
=== RUN   TestAuthZPluginEnsureLoadImportWorking
--- PASS: TestAuthZPluginEnsureLoadImportWorking (1.90s)
    daemon.go:296: [dd5c7d426ac0f] waiting for daemon to start
    daemon.go:328: [dd5c7d426ac0f] daemon started
    daemon.go:283: [dd5c7d426ac0f] exiting daemon
=== RUN   TestAuthzPluginEnsureContainerCopyToFrom
--- PASS: TestAuthzPluginEnsureContainerCopyToFrom (2.00s)
    daemon.go:296: [db49917ecd306] waiting for daemon to start
    daemon.go:328: [db49917ecd306] daemon started
    daemon.go:283: [db49917ecd306] exiting daemon
=== RUN   TestAuthZPluginHeader
--- PASS: TestAuthZPluginHeader (0.81s)
    daemon.go:296: [d7811158fa8de] waiting for daemon to start
    daemon.go:328: [d7811158fa8de] daemon started
    daemon.go:283: [d7811158fa8de] exiting daemon
=== RUN   TestAuthZPluginV2AllowNonVolumeRequest
--- SKIP: TestAuthZPluginV2AllowNonVolumeRequest (0.00s)
    authz_plugin_v2_test.go:43: os.Getenv("DOCKER_ENGINE_GOARCH") != "amd64"
=== RUN   TestAuthZPluginV2Disable
--- SKIP: TestAuthZPluginV2Disable (0.00s)
    authz_plugin_v2_test.go:65: os.Getenv("DOCKER_ENGINE_GOARCH") != "amd64"
=== RUN   TestAuthZPluginV2RejectVolumeRequests
--- SKIP: TestAuthZPluginV2RejectVolumeRequests (0.00s)
    authz_plugin_v2_test.go:91: os.Getenv("DOCKER_ENGINE_GOARCH") != "amd64"
=== RUN   TestAuthZPluginV2BadManifestFailsDaemonStart
--- SKIP: TestAuthZPluginV2BadManifestFailsDaemonStart (0.00s)
    authz_plugin_v2_test.go:126: os.Getenv("DOCKER_ENGINE_GOARCH") != "amd64"
=== RUN   TestAuthZPluginV2NonexistentFailsDaemonStart
--- PASS: TestAuthZPluginV2NonexistentFailsDaemonStart (16.54s)
    daemon.go:296: [debe225440edf] waiting for daemon to start
    daemon.go:328: [debe225440edf] daemon started
    daemon.go:283: [debe225440edf] exiting daemon
    daemon.go:296: [debe225440edf] waiting for daemon to start
    daemon.go:296: [debe225440edf] waiting for daemon to start
    daemon.go:296: [debe225440edf] waiting for daemon to start
    daemon.go:328: [debe225440edf] daemon started
    daemon.go:283: [debe225440edf] exiting daemon
PASS
Running /go/src/github.com/docker/docker/integration/plugin/graphdriver
INFO: Testing against a local daemon
=== RUN   TestExternalGraphDriver
=== RUN   TestExternalGraphDriver/json
=== RUN   TestExternalGraphDriver/spec
=== RUN   TestExternalGraphDriver/pull
--- PASS: TestExternalGraphDriver (6.30s)
    daemon.go:296: [d2709dd50ef31] waiting for daemon to start
    daemon.go:328: [d2709dd50ef31] daemon started
    daemon.go:283: [d2709dd50ef31] exiting daemon
    daemon.go:296: [d2709dd50ef31] waiting for daemon to start
    daemon.go:328: [d2709dd50ef31] daemon started
    daemon.go:283: [d2709dd50ef31] exiting daemon
    --- PASS: TestExternalGraphDriver/json (2.03s)
    daemon.go:296: [d2709dd50ef31] waiting for daemon to start
    daemon.go:328: [d2709dd50ef31] daemon started
    daemon.go:283: [d2709dd50ef31] exiting daemon
    daemon.go:296: [d2709dd50ef31] waiting for daemon to start
    daemon.go:328: [d2709dd50ef31] daemon started
    daemon.go:283: [d2709dd50ef31] exiting daemon
    --- PASS: TestExternalGraphDriver/spec (2.11s)
    daemon.go:296: [d2709dd50ef31] waiting for daemon to start
    daemon.go:328: [d2709dd50ef31] daemon started
    daemon.go:283: [d2709dd50ef31] exiting daemon
    --- PASS: TestExternalGraphDriver/pull (1.99s)
=== RUN   TestGraphdriverPluginV2
--- SKIP: TestGraphdriverPluginV2 (0.06s)
    external_test.go:410: os.Getenv("DOCKER_ENGINE_GOARCH") != "amd64"
PASS
Running /go/src/github.com/docker/docker/integration/plugin/common
INFO: Testing against a local daemon
=== RUN   TestPluginInvalidJSON
=== RUN   TestPluginInvalidJSON//plugins/foobar/set
=== PAUSE TestPluginInvalidJSON//plugins/foobar/set
=== CONT  TestPluginInvalidJSON//plugins/foobar/set
--- PASS: TestPluginInvalidJSON (0.01s)
    --- PASS: TestPluginInvalidJSON//plugins/foobar/set (0.00s)
PASS
Running /go/src/github.com/docker/docker/integration/plugin/volumes
INFO: Testing against a local daemon
=== RUN   TestPluginWithDevMounts
=== PAUSE TestPluginWithDevMounts
=== CONT  TestPluginWithDevMounts
--- PASS: TestPluginWithDevMounts (1.87s)
    daemon.go:296: [dfc0c498facb0] waiting for daemon to start
    daemon.go:328: [dfc0c498facb0] daemon started
    daemon.go:283: [dfc0c498facb0] exiting daemon
PASS
Running /go/src/github.com/docker/docker/integration/plugin/volumes/cmd
testing: warning: no tests to run
PASS
Running /go/src/github.com/docker/docker/integration/plugin/volumes/cmd/dummy
testing: warning: no tests to run
PASS
Running /go/src/github.com/docker/docker/integration/container
INFO: Testing against a local daemon
=== RUN   TestContainerInvalidJSON
=== RUN   TestContainerInvalidJSON//containers/foobar/copy
=== PAUSE TestContainerInvalidJSON//containers/foobar/copy
=== RUN   TestContainerInvalidJSON//containers/foobar/exec
=== PAUSE TestContainerInvalidJSON//containers/foobar/exec
=== RUN   TestContainerInvalidJSON//exec/foobar/start
=== PAUSE TestContainerInvalidJSON//exec/foobar/start
=== CONT  TestContainerInvalidJSON//containers/foobar/copy
=== CONT  TestContainerInvalidJSON//exec/foobar/start
=== CONT  TestContainerInvalidJSON//containers/foobar/exec
--- PASS: TestContainerInvalidJSON (0.00s)
    --- PASS: TestContainerInvalidJSON//containers/foobar/copy (0.00s)
    --- PASS: TestContainerInvalidJSON//containers/foobar/exec (0.00s)
    --- PASS: TestContainerInvalidJSON//exec/foobar/start (0.00s)
=== RUN   TestCopyFromContainerPathDoesNotExist
--- PASS: TestCopyFromContainerPathDoesNotExist (0.06s)
=== RUN   TestCopyFromContainerPathIsNotDir
--- PASS: TestCopyFromContainerPathIsNotDir (0.07s)
=== RUN   TestCopyToContainerPathDoesNotExist
--- PASS: TestCopyToContainerPathDoesNotExist (0.05s)
=== RUN   TestCopyToContainerPathIsNotDir
--- PASS: TestCopyToContainerPathIsNotDir (0.06s)
=== RUN   TestCreateFailsWhenIdentifierDoesNotExist
=== RUN   TestCreateFailsWhenIdentifierDoesNotExist/image_and_tag
=== PAUSE TestCreateFailsWhenIdentifierDoesNotExist/image_and_tag
=== RUN   TestCreateFailsWhenIdentifierDoesNotExist/image_no_tag
=== PAUSE TestCreateFailsWhenIdentifierDoesNotExist/image_no_tag
=== RUN   TestCreateFailsWhenIdentifierDoesNotExist/digest
=== PAUSE TestCreateFailsWhenIdentifierDoesNotExist/digest
=== CONT  TestCreateFailsWhenIdentifierDoesNotExist/image_and_tag
=== CONT  TestCreateFailsWhenIdentifierDoesNotExist/digest
=== CONT  TestCreateFailsWhenIdentifierDoesNotExist/image_no_tag
--- PASS: TestCreateFailsWhenIdentifierDoesNotExist (0.00s)
    --- PASS: TestCreateFailsWhenIdentifierDoesNotExist/image_and_tag (0.00s)
    --- PASS: TestCreateFailsWhenIdentifierDoesNotExist/digest (0.00s)
    --- PASS: TestCreateFailsWhenIdentifierDoesNotExist/image_no_tag (0.00s)
=== RUN   TestCreateWithInvalidEnv
=== RUN   TestCreateWithInvalidEnv/0
=== PAUSE TestCreateWithInvalidEnv/0
=== RUN   TestCreateWithInvalidEnv/1
=== PAUSE TestCreateWithInvalidEnv/1
=== RUN   TestCreateWithInvalidEnv/2
=== PAUSE TestCreateWithInvalidEnv/2
=== CONT  TestCreateWithInvalidEnv/0
=== CONT  TestCreateWithInvalidEnv/2
=== CONT  TestCreateWithInvalidEnv/1
--- PASS: TestCreateWithInvalidEnv (0.00s)
    --- PASS: TestCreateWithInvalidEnv/0 (0.00s)
    --- PASS: TestCreateWithInvalidEnv/2 (0.00s)
    --- PASS: TestCreateWithInvalidEnv/1 (0.00s)
=== RUN   TestCreateTmpfsMountsTarget
--- PASS: TestCreateTmpfsMountsTarget (0.01s)
=== RUN   TestCreateWithCustomMaskedPaths
--- PASS: TestCreateWithCustomMaskedPaths (2.38s)
=== RUN   TestCreateWithCustomReadonlyPaths
--- PASS: TestCreateWithCustomReadonlyPaths (2.46s)
=== RUN   TestCreateWithInvalidHealthcheckParams
=== RUN   TestCreateWithInvalidHealthcheckParams/test_invalid_Interval_in_Healthcheck:_less_than_0s
=== PAUSE TestCreateWithInvalidHealthcheckParams/test_invalid_Interval_in_Healthcheck:_less_than_0s
=== RUN   TestCreateWithInvalidHealthcheckParams/test_invalid_Interval_in_Healthcheck:_larger_than_0s_but_less_than_1ms
=== PAUSE TestCreateWithInvalidHealthcheckParams/test_invalid_Interval_in_Healthcheck:_larger_than_0s_but_less_than_1ms
=== RUN   TestCreateWithInvalidHealthcheckParams/test_invalid_Timeout_in_Healthcheck:_less_than_1ms
=== PAUSE TestCreateWithInvalidHealthcheckParams/test_invalid_Timeout_in_Healthcheck:_less_than_1ms
=== RUN   TestCreateWithInvalidHealthcheckParams/test_invalid_Retries_in_Healthcheck:_less_than_0
=== PAUSE TestCreateWithInvalidHealthcheckParams/test_invalid_Retries_in_Healthcheck:_less_than_0
=== RUN   TestCreateWithInvalidHealthcheckParams/test_invalid_StartPeriod_in_Healthcheck:_not_0_and_less_than_1ms
=== PAUSE TestCreateWithInvalidHealthcheckParams/test_invalid_StartPeriod_in_Healthcheck:_not_0_and_less_than_1ms
=== CONT  TestCreateWithInvalidHealthcheckParams/test_invalid_Interval_in_Healthcheck:_less_than_0s
=== CONT  TestCreateWithInvalidHealthcheckParams/test_invalid_StartPeriod_in_Healthcheck:_not_0_and_less_than_1ms
=== CONT  TestCreateWithInvalidHealthcheckParams/test_invalid_Retries_in_Healthcheck:_less_than_0
=== CONT  TestCreateWithInvalidHealthcheckParams/test_invalid_Timeout_in_Healthcheck:_less_than_1ms
=== CONT  TestCreateWithInvalidHealthcheckParams/test_invalid_Interval_in_Healthcheck:_larger_than_0s_but_less_than_1ms
--- PASS: TestCreateWithInvalidHealthcheckParams (0.01s)
    --- PASS: TestCreateWithInvalidHealthcheckParams/test_invalid_StartPeriod_in_Healthcheck:_not_0_and_less_than_1ms (0.00s)
    --- PASS: TestCreateWithInvalidHealthcheckParams/test_invalid_Retries_in_Healthcheck:_less_than_0 (0.00s)
    --- PASS: TestCreateWithInvalidHealthcheckParams/test_invalid_Timeout_in_Healthcheck:_less_than_1ms (0.00s)
    --- PASS: TestCreateWithInvalidHealthcheckParams/test_invalid_Interval_in_Healthcheck:_larger_than_0s_but_less_than_1ms (0.00s)
    --- PASS: TestCreateWithInvalidHealthcheckParams/test_invalid_Interval_in_Healthcheck:_less_than_0s (0.01s)
=== RUN   TestContainerStartOnDaemonRestart
=== PAUSE TestContainerStartOnDaemonRestart
=== RUN   TestDiff
--- PASS: TestDiff (0.83s)
=== RUN   TestExecWithCloseStdin
--- PASS: TestExecWithCloseStdin (1.00s)
=== RUN   TestExec
--- PASS: TestExec (0.95s)
=== RUN   TestExportContainerAndImportImage
--- PASS: TestExportContainerAndImportImage (1.07s)
=== RUN   TestExportContainerAfterDaemonRestart
--- PASS: TestExportContainerAfterDaemonRestart (1.40s)
    daemon.go:296: [d219bc16b3658] waiting for daemon to start
    daemon.go:328: [d219bc16b3658] daemon started
    daemon.go:283: [d219bc16b3658] exiting daemon
    daemon.go:296: [d219bc16b3658] waiting for daemon to start
    daemon.go:328: [d219bc16b3658] daemon started
    daemon.go:283: [d219bc16b3658] exiting daemon
=== RUN   TestHealthCheckWorkdir
--- PASS: TestHealthCheckWorkdir (1.01s)
=== RUN   TestInspectCpusetInConfigPre120
--- PASS: TestInspectCpusetInConfigPre120 (0.91s)
=== RUN   TestIpcModeNone
--- PASS: TestIpcModeNone (0.90s)
=== RUN   TestIpcModePrivate
--- PASS: TestIpcModePrivate (0.98s)
    ipcmode_test.go:87: [testIpcPrivateShareable] ipcmode: private, ipcdev: 0:293, shared: false, mustBeShared: false
=== RUN   TestIpcModeShareable
--- PASS: TestIpcModeShareable (0.93s)
    ipcmode_test.go:87: [testIpcPrivateShareable] ipcmode: shareable, ipcdev: 0:287, shared: true, mustBeShared: true
=== RUN   TestAPIIpcModeShareableAndContainer
--- PASS: TestAPIIpcModeShareableAndContainer (2.79s)
=== RUN   TestAPIIpcModeHost
--- PASS: TestAPIIpcModeHost (0.70s)
=== RUN   TestDaemonIpcModeShareable
--- PASS: TestDaemonIpcModeShareable (1.59s)
    daemon.go:296: [de29ed6c5dd6a] waiting for daemon to start
    daemon.go:328: [de29ed6c5dd6a] daemon started
    ipcmode_test.go:254: [testDaemonIpcPrivateShareable] ipcdev: 0:294, shared: true, mustBeShared: true
    daemon.go:283: [de29ed6c5dd6a] exiting daemon
=== RUN   TestDaemonIpcModePrivate
--- PASS: TestDaemonIpcModePrivate (1.57s)
    daemon.go:296: [d89fb41b5bd37] waiting for daemon to start
    daemon.go:328: [d89fb41b5bd37] daemon started
    ipcmode_test.go:254: [testDaemonIpcPrivateShareable] ipcdev: 0:300, shared: false, mustBeShared: false
    daemon.go:283: [d89fb41b5bd37] exiting daemon
=== RUN   TestDaemonIpcModePrivateFromConfig
--- PASS: TestDaemonIpcModePrivateFromConfig (1.66s)
    daemon.go:296: [d97138cbb869a] waiting for daemon to start
    daemon.go:328: [d97138cbb869a] daemon started
    ipcmode_test.go:254: [testDaemonIpcPrivateShareable] ipcdev: 0:300, shared: false, mustBeShared: false
    daemon.go:283: [d97138cbb869a] exiting daemon
=== RUN   TestDaemonIpcModeShareableFromConfig
--- PASS: TestDaemonIpcModeShareableFromConfig (1.70s)
    daemon.go:296: [ddc265da7eb64] waiting for daemon to start
    daemon.go:328: [ddc265da7eb64] daemon started
    ipcmode_test.go:254: [testDaemonIpcPrivateShareable] ipcdev: 0:294, shared: true, mustBeShared: true
    daemon.go:283: [ddc265da7eb64] exiting daemon
=== RUN   TestKillContainerInvalidSignal
--- PASS: TestKillContainerInvalidSignal (0.90s)
=== RUN   TestKillContainer
=== RUN   TestKillContainer/no_signal
=== RUN   TestKillContainer/non_killing_signal
=== RUN   TestKillContainer/killing_signal
--- PASS: TestKillContainer (2.57s)
    --- PASS: TestKillContainer/no_signal (0.86s)
    --- PASS: TestKillContainer/non_killing_signal (0.58s)
    --- PASS: TestKillContainer/killing_signal (0.75s)
=== RUN   TestKillWithStopSignalAndRestartPolicies
=== RUN   TestKillWithStopSignalAndRestartPolicies/same-signal-disables-restart-policy
=== RUN   TestKillWithStopSignalAndRestartPolicies/different-signal-keep-restart-policy
--- PASS: TestKillWithStopSignalAndRestartPolicies (1.85s)
    --- PASS: TestKillWithStopSignalAndRestartPolicies/same-signal-disables-restart-policy (0.90s)
    --- PASS: TestKillWithStopSignalAndRestartPolicies/different-signal-keep-restart-policy (0.59s)
=== RUN   TestKillStoppedContainer
--- PASS: TestKillStoppedContainer (0.06s)
=== RUN   TestKillStoppedContainerAPIPre120
--- PASS: TestKillStoppedContainerAPIPre120 (0.06s)
=== RUN   TestKillDifferentUserContainer
--- PASS: TestKillDifferentUserContainer (0.77s)
=== RUN   TestInspectOomKilledTrue
--- SKIP: TestInspectOomKilledTrue (0.00s)
    kill_test.go:153: testEnv.DaemonInfo.OSType == "windows" || !testEnv.DaemonInfo.MemoryLimit || !testEnv.DaemonInfo.SwapLimit
=== RUN   TestInspectOomKilledFalse
--- SKIP: TestInspectOomKilledFalse (0.00s)
    kill_test.go:171: testEnv.DaemonInfo.OSType == "windows" || !testEnv.DaemonInfo.MemoryLimit || !testEnv.DaemonInfo.SwapLimit
=== RUN   TestLinksEtcHostsContentMatch
--- PASS: TestLinksEtcHostsContentMatch (0.62s)
=== RUN   TestLinksContainerNames
--- PASS: TestLinksContainerNames (1.49s)
=== RUN   TestLogsFollowTailEmpty
--- PASS: TestLogsFollowTailEmpty (0.87s)
=== RUN   TestContainerNetworkMountsNoChown
--- PASS: TestContainerNetworkMountsNoChown (0.91s)
=== RUN   TestMountDaemonRoot
=== RUN   TestMountDaemonRoot/default
=== PAUSE TestMountDaemonRoot/default
=== RUN   TestMountDaemonRoot/private
=== PAUSE TestMountDaemonRoot/private
=== RUN   TestMountDaemonRoot/rprivate
=== PAUSE TestMountDaemonRoot/rprivate
=== RUN   TestMountDaemonRoot/slave
=== PAUSE TestMountDaemonRoot/slave
=== RUN   TestMountDaemonRoot/rslave
=== PAUSE TestMountDaemonRoot/rslave
=== RUN   TestMountDaemonRoot/shared
=== PAUSE TestMountDaemonRoot/shared
=== RUN   TestMountDaemonRoot/rshared
=== PAUSE TestMountDaemonRoot/rshared
=== CONT  TestMountDaemonRoot/default
=== RUN   TestMountDaemonRoot/default/bind_subpath
=== PAUSE TestMountDaemonRoot/default/bind_subpath
=== RUN   TestMountDaemonRoot/default/mount_root
=== PAUSE TestMountDaemonRoot/default/mount_root
=== RUN   TestMountDaemonRoot/default/mount_subpath
=== PAUSE TestMountDaemonRoot/default/mount_subpath
=== RUN   TestMountDaemonRoot/default/bind_root
=== PAUSE TestMountDaemonRoot/default/bind_root
=== CONT  TestMountDaemonRoot/default/bind_subpath
=== CONT  TestMountDaemonRoot/rshared
=== RUN   TestMountDaemonRoot/rshared/mount_root
=== PAUSE TestMountDaemonRoot/rshared/mount_root
=== RUN   TestMountDaemonRoot/rshared/mount_subpath
=== PAUSE TestMountDaemonRoot/rshared/mount_subpath
=== RUN   TestMountDaemonRoot/rshared/bind_root
=== PAUSE TestMountDaemonRoot/rshared/bind_root
=== RUN   TestMountDaemonRoot/rshared/bind_subpath
=== PAUSE TestMountDaemonRoot/rshared/bind_subpath
=== CONT  TestMountDaemonRoot/rshared/mount_root
=== CONT  TestMountDaemonRoot/shared
=== RUN   TestMountDaemonRoot/shared/mount_root
=== PAUSE TestMountDaemonRoot/shared/mount_root
=== RUN   TestMountDaemonRoot/shared/mount_subpath
=== PAUSE TestMountDaemonRoot/shared/mount_subpath
=== RUN   TestMountDaemonRoot/shared/bind_root
=== PAUSE TestMountDaemonRoot/shared/bind_root
=== RUN   TestMountDaemonRoot/shared/bind_subpath
=== PAUSE TestMountDaemonRoot/shared/bind_subpath
=== CONT  TestMountDaemonRoot/rslave
=== RUN   TestMountDaemonRoot/rslave/mount_subpath
=== PAUSE TestMountDaemonRoot/rslave/mount_subpath
=== RUN   TestMountDaemonRoot/rslave/bind_root
=== PAUSE TestMountDaemonRoot/rslave/bind_root
=== RUN   TestMountDaemonRoot/rslave/bind_subpath
=== PAUSE TestMountDaemonRoot/rslave/bind_subpath
=== RUN   TestMountDaemonRoot/rslave/mount_root
=== PAUSE TestMountDaemonRoot/rslave/mount_root
=== CONT  TestMountDaemonRoot/slave
=== RUN   TestMountDaemonRoot/slave/bind_subpath
=== PAUSE TestMountDaemonRoot/slave/bind_subpath
=== RUN   TestMountDaemonRoot/slave/mount_root
=== PAUSE TestMountDaemonRoot/slave/mount_root
=== RUN   TestMountDaemonRoot/slave/mount_subpath
=== PAUSE TestMountDaemonRoot/slave/mount_subpath
=== RUN   TestMountDaemonRoot/slave/bind_root
=== PAUSE TestMountDaemonRoot/slave/bind_root
=== CONT  TestMountDaemonRoot/rprivate
=== RUN   TestMountDaemonRoot/rprivate/bind_subpath
=== PAUSE TestMountDaemonRoot/rprivate/bind_subpath
=== RUN   TestMountDaemonRoot/rprivate/mount_root
=== PAUSE TestMountDaemonRoot/rprivate/mount_root
=== RUN   TestMountDaemonRoot/rprivate/mount_subpath
=== PAUSE TestMountDaemonRoot/rprivate/mount_subpath
=== RUN   TestMountDaemonRoot/rprivate/bind_root
=== PAUSE TestMountDaemonRoot/rprivate/bind_root
=== CONT  TestMountDaemonRoot/private
=== RUN   TestMountDaemonRoot/private/bind_subpath
=== PAUSE TestMountDaemonRoot/private/bind_subpath
=== RUN   TestMountDaemonRoot/private/mount_root
=== PAUSE TestMountDaemonRoot/private/mount_root
=== RUN   TestMountDaemonRoot/private/mount_subpath
=== PAUSE TestMountDaemonRoot/private/mount_subpath
=== RUN   TestMountDaemonRoot/private/bind_root
=== PAUSE TestMountDaemonRoot/private/bind_root
=== CONT  TestMountDaemonRoot/default/bind_root
=== CONT  TestMountDaemonRoot/default/mount_subpath
=== CONT  TestMountDaemonRoot/default/mount_root
=== CONT  TestMountDaemonRoot/rshared/bind_subpath
=== CONT  TestMountDaemonRoot/rshared/bind_root
=== CONT  TestMountDaemonRoot/rshared/mount_subpath
=== CONT  TestMountDaemonRoot/shared/mount_root
=== CONT  TestMountDaemonRoot/shared/bind_root
=== CONT  TestMountDaemonRoot/shared/bind_subpath
=== CONT  TestMountDaemonRoot/shared/mount_subpath
=== CONT  TestMountDaemonRoot/rslave/mount_subpath
=== CONT  TestMountDaemonRoot/rslave/bind_subpath
=== CONT  TestMountDaemonRoot/rslave/mount_root
=== CONT  TestMountDaemonRoot/rslave/bind_root
=== CONT  TestMountDaemonRoot/slave/bind_subpath
=== CONT  TestMountDaemonRoot/slave/mount_subpath
=== CONT  TestMountDaemonRoot/slave/bind_root
=== CONT  TestMountDaemonRoot/slave/mount_root
=== CONT  TestMountDaemonRoot/rprivate/bind_subpath
=== CONT  TestMountDaemonRoot/rprivate/mount_subpath
=== CONT  TestMountDaemonRoot/rprivate/bind_root
=== CONT  TestMountDaemonRoot/rprivate/mount_root
=== CONT  TestMountDaemonRoot/private/bind_subpath
=== CONT  TestMountDaemonRoot/private/bind_root
=== CONT  TestMountDaemonRoot/private/mount_subpath
=== CONT  TestMountDaemonRoot/private/mount_root
--- PASS: TestMountDaemonRoot (0.02s)
    --- PASS: TestMountDaemonRoot/default (0.00s)
        --- PASS: TestMountDaemonRoot/default/bind_subpath (0.09s)
        --- PASS: TestMountDaemonRoot/default/mount_subpath (0.08s)
        --- PASS: TestMountDaemonRoot/default/bind_root (0.13s)
        --- PASS: TestMountDaemonRoot/default/mount_root (0.08s)
    --- PASS: TestMountDaemonRoot/rshared (0.00s)
        --- PASS: TestMountDaemonRoot/rshared/mount_root (0.10s)
        --- PASS: TestMountDaemonRoot/rshared/bind_subpath (0.08s)
        --- PASS: TestMountDaemonRoot/rshared/bind_root (0.10s)
        --- PASS: TestMountDaemonRoot/rshared/mount_subpath (0.10s)
    --- PASS: TestMountDaemonRoot/shared (0.00s)
        --- PASS: TestMountDaemonRoot/shared/mount_root (0.08s)
        --- PASS: TestMountDaemonRoot/shared/bind_root (0.09s)
        --- PASS: TestMountDaemonRoot/shared/bind_subpath (0.06s)
        --- PASS: TestMountDaemonRoot/shared/mount_subpath (0.09s)
    --- PASS: TestMountDaemonRoot/rslave (0.00s)
        --- PASS: TestMountDaemonRoot/rslave/mount_subpath (0.10s)
        --- PASS: TestMountDaemonRoot/rslave/bind_subpath (0.08s)
        --- PASS: TestMountDaemonRoot/rslave/mount_root (0.11s)
        --- PASS: TestMountDaemonRoot/rslave/bind_root (0.10s)
    --- PASS: TestMountDaemonRoot/slave (0.00s)
        --- PASS: TestMountDaemonRoot/slave/bind_subpath (0.09s)
        --- PASS: TestMountDaemonRoot/slave/mount_subpath (0.08s)
        --- PASS: TestMountDaemonRoot/slave/bind_root (0.09s)
        --- PASS: TestMountDaemonRoot/slave/mount_root (0.06s)
    --- PASS: TestMountDaemonRoot/rprivate (0.00s)
        --- PASS: TestMountDaemonRoot/rprivate/bind_subpath (0.10s)
        --- PASS: TestMountDaemonRoot/rprivate/mount_subpath (0.09s)
        --- PASS: TestMountDaemonRoot/rprivate/mount_root (0.06s)
        --- PASS: TestMountDaemonRoot/rprivate/bind_root (0.11s)
    --- PASS: TestMountDaemonRoot/private (0.00s)
        --- PASS: TestMountDaemonRoot/private/bind_subpath (0.06s)
        --- PASS: TestMountDaemonRoot/private/bind_root (0.09s)
        --- PASS: TestMountDaemonRoot/private/mount_subpath (0.09s)
        --- PASS: TestMountDaemonRoot/private/mount_root (0.06s)
=== RUN   TestContainerBindMountNonRecursive
--- PASS: TestContainerBindMountNonRecursive (1.82s)
=== RUN   TestNetworkNat
--- PASS: TestNetworkNat (0.77s)
=== RUN   TestNetworkLocalhostTCPNat
--- PASS: TestNetworkLocalhostTCPNat (0.96s)
=== RUN   TestNetworkLoopbackNat
--- PASS: TestNetworkLoopbackNat (1.10s)
=== RUN   TestPause
--- PASS: TestPause (0.99s)
=== RUN   TestPauseFailsOnWindowsServerContainers
--- SKIP: TestPauseFailsOnWindowsServerContainers (0.00s)
    pause_test.go:54: testEnv.DaemonInfo.OSType != "windows" || testEnv.DaemonInfo.Isolation != "process"
=== RUN   TestPauseStopPausedContainer
--- PASS: TestPauseStopPausedContainer (0.91s)
=== RUN   TestPsFilter
--- PASS: TestPsFilter (0.16s)
=== RUN   TestRemoveContainerWithRemovedVolume
--- PASS: TestRemoveContainerWithRemovedVolume (0.78s)
=== RUN   TestRemoveContainerWithVolume
--- PASS: TestRemoveContainerWithVolume (0.89s)
=== RUN   TestRemoveContainerRunning
--- PASS: TestRemoveContainerRunning (0.92s)
=== RUN   TestRemoveContainerForceRemoveRunning
--- PASS: TestRemoveContainerForceRemoveRunning (0.95s)
=== RUN   TestRemoveInvalidContainer
--- PASS: TestRemoveInvalidContainer (0.01s)
=== RUN   TestRenameLinkedContainer
--- PASS: TestRenameLinkedContainer (3.27s)
=== RUN   TestRenameStoppedContainer
--- PASS: TestRenameStoppedContainer (0.94s)
=== RUN   TestRenameRunningContainerAndReuse
--- PASS: TestRenameRunningContainerAndReuse (1.67s)
=== RUN   TestRenameInvalidName
--- PASS: TestRenameInvalidName (0.89s)
=== RUN   TestRenameAnonymousContainer
--- PASS: TestRenameAnonymousContainer (2.90s)
=== RUN   TestRenameContainerWithSameName
--- PASS: TestRenameContainerWithSameName (0.87s)
=== RUN   TestRenameContainerWithLinkedContainer
--- PASS: TestRenameContainerWithLinkedContainer (1.64s)
=== RUN   TestResize
--- PASS: TestResize (0.85s)
=== RUN   TestResizeWithInvalidSize
--- PASS: TestResizeWithInvalidSize (0.80s)
=== RUN   TestResizeWhenContainerNotStarted
--- PASS: TestResizeWhenContainerNotStarted (0.90s)
=== RUN   TestDaemonRestartKillContainers
=== RUN   TestDaemonRestartKillContainers/live-restore=false/container_without_restart_policy/kill-daemon
=== PAUSE TestDaemonRestartKillContainers/live-restore=false/container_without_restart_policy/kill-daemon
=== RUN   TestDaemonRestartKillContainers/live-restore=false/container_without_restart_policy/stop-daemon
=== PAUSE TestDaemonRestartKillContainers/live-restore=false/container_without_restart_policy/stop-daemon
=== RUN   TestDaemonRestartKillContainers/live-restore=true/container_without_restart_policy/stop-daemon
=== PAUSE TestDaemonRestartKillContainers/live-restore=true/container_without_restart_policy/stop-daemon
=== RUN   TestDaemonRestartKillContainers/live-restore=true/container_without_restart_policy/kill-daemon
=== PAUSE TestDaemonRestartKillContainers/live-restore=true/container_without_restart_policy/kill-daemon
=== RUN   TestDaemonRestartKillContainers/live-restore=false/container_with_restart=always/kill-daemon
=== PAUSE TestDaemonRestartKillContainers/live-restore=false/container_with_restart=always/kill-daemon
=== RUN   TestDaemonRestartKillContainers/live-restore=false/container_with_restart=always/stop-daemon
=== PAUSE TestDaemonRestartKillContainers/live-restore=false/container_with_restart=always/stop-daemon
=== RUN   TestDaemonRestartKillContainers/live-restore=true/container_with_restart=always/kill-daemon
=== PAUSE TestDaemonRestartKillContainers/live-restore=true/container_with_restart=always/kill-daemon
=== RUN   TestDaemonRestartKillContainers/live-restore=true/container_with_restart=always/stop-daemon
=== PAUSE TestDaemonRestartKillContainers/live-restore=true/container_with_restart=always/stop-daemon
=== RUN   TestDaemonRestartKillContainers/live-restore=false/container_created_should_not_be_restarted/stop-daemon
=== PAUSE TestDaemonRestartKillContainers/live-restore=false/container_created_should_not_be_restarted/stop-daemon
=== RUN   TestDaemonRestartKillContainers/live-restore=false/container_created_should_not_be_restarted/kill-daemon
=== PAUSE TestDaemonRestartKillContainers/live-restore=false/container_created_should_not_be_restarted/kill-daemon
=== RUN   TestDaemonRestartKillContainers/live-restore=true/container_created_should_not_be_restarted/kill-daemon
=== PAUSE TestDaemonRestartKillContainers/live-restore=true/container_created_should_not_be_restarted/kill-daemon
=== RUN   TestDaemonRestartKillContainers/live-restore=true/container_created_should_not_be_restarted/stop-daemon
=== PAUSE TestDaemonRestartKillContainers/live-restore=true/container_created_should_not_be_restarted/stop-daemon
=== CONT  TestDaemonRestartKillContainers/live-restore=false/container_without_restart_policy/kill-daemon
=== CONT  TestDaemonRestartKillContainers/live-restore=true/container_with_restart=always/kill-daemon
=== CONT  TestDaemonRestartKillContainers/live-restore=false/container_with_restart=always/stop-daemon
=== CONT  TestDaemonRestartKillContainers/live-restore=false/container_with_restart=always/kill-daemon
=== CONT  TestDaemonRestartKillContainers/live-restore=true/container_without_restart_policy/kill-daemon
=== CONT  TestDaemonRestartKillContainers/live-restore=true/container_without_restart_policy/stop-daemon
=== CONT  TestDaemonRestartKillContainers/live-restore=false/container_without_restart_policy/stop-daemon
=== CONT  TestDaemonRestartKillContainers/live-restore=false/container_created_should_not_be_restarted/kill-daemon
=== CONT  TestDaemonRestartKillContainers/live-restore=true/container_created_should_not_be_restarted/stop-daemon
=== CONT  TestDaemonRestartKillContainers/live-restore=true/container_created_should_not_be_restarted/kill-daemon
=== CONT  TestDaemonRestartKillContainers/live-restore=false/container_created_should_not_be_restarted/stop-daemon
=== CONT  TestDaemonRestartKillContainers/live-restore=true/container_with_restart=always/stop-daemon
--- PASS: TestDaemonRestartKillContainers (0.01s)
    --- PASS: TestDaemonRestartKillContainers/live-restore=true/container_with_restart=always/kill-daemon (2.18s)
        daemon.go:296: [d701a60c86673] waiting for daemon to start
        daemon.go:328: [d701a60c86673] daemon started
        daemon.go:296: [d701a60c86673] waiting for daemon to start
        daemon.go:328: [d701a60c86673] daemon started
        daemon.go:283: [d701a60c86673] exiting daemon
    --- PASS: TestDaemonRestartKillContainers/live-restore=false/container_without_restart_policy/kill-daemon (2.61s)
        daemon.go:296: [d23f7ff06a32e] waiting for daemon to start
        daemon.go:328: [d23f7ff06a32e] daemon started
        daemon.go:296: [d23f7ff06a32e] waiting for daemon to start
        daemon.go:328: [d23f7ff06a32e] daemon started
        daemon.go:283: [d23f7ff06a32e] exiting daemon
    --- PASS: TestDaemonRestartKillContainers/live-restore=false/container_with_restart=always/stop-daemon (2.91s)
        daemon.go:296: [de8a0ee94c9b9] waiting for daemon to start
        daemon.go:328: [de8a0ee94c9b9] daemon started
        daemon.go:283: [de8a0ee94c9b9] exiting daemon
        daemon.go:296: [de8a0ee94c9b9] waiting for daemon to start
        daemon.go:328: [de8a0ee94c9b9] daemon started
        daemon.go:283: [de8a0ee94c9b9] exiting daemon
    --- PASS: TestDaemonRestartKillContainers/live-restore=false/container_with_restart=always/kill-daemon (3.03s)
        daemon.go:296: [d2aeb799ec071] waiting for daemon to start
        daemon.go:328: [d2aeb799ec071] daemon started
        daemon.go:296: [d2aeb799ec071] waiting for daemon to start
        daemon.go:328: [d2aeb799ec071] daemon started
        daemon.go:283: [d2aeb799ec071] exiting daemon
    --- PASS: TestDaemonRestartKillContainers/live-restore=true/container_without_restart_policy/kill-daemon (2.22s)
        daemon.go:296: [da478465c887c] waiting for daemon to start
        daemon.go:328: [da478465c887c] daemon started
        daemon.go:296: [da478465c887c] waiting for daemon to start
        daemon.go:328: [da478465c887c] daemon started
        daemon.go:283: [da478465c887c] exiting daemon
    --- PASS: TestDaemonRestartKillContainers/live-restore=true/container_without_restart_policy/stop-daemon (2.16s)
        daemon.go:296: [dca617bdca72b] waiting for daemon to start
        daemon.go:328: [dca617bdca72b] daemon started
        daemon.go:283: [dca617bdca72b] exiting daemon
        daemon.go:296: [dca617bdca72b] waiting for daemon to start
        daemon.go:328: [dca617bdca72b] daemon started
        daemon.go:283: [dca617bdca72b] exiting daemon
    --- PASS: TestDaemonRestartKillContainers/live-restore=false/container_created_should_not_be_restarted/kill-daemon (1.42s)
        daemon.go:296: [d917037430aef] waiting for daemon to start
        daemon.go:328: [d917037430aef] daemon started
        daemon.go:296: [d917037430aef] waiting for daemon to start
        daemon.go:328: [d917037430aef] daemon started
        daemon.go:283: [d917037430aef] exiting daemon
    --- PASS: TestDaemonRestartKillContainers/live-restore=false/container_without_restart_policy/stop-daemon (2.22s)
        daemon.go:296: [d05612349b6da] waiting for daemon to start
        daemon.go:328: [d05612349b6da] daemon started
        daemon.go:283: [d05612349b6da] exiting daemon
        daemon.go:296: [d05612349b6da] waiting for daemon to start
        daemon.go:328: [d05612349b6da] daemon started
        daemon.go:283: [d05612349b6da] exiting daemon
    --- PASS: TestDaemonRestartKillContainers/live-restore=true/container_created_should_not_be_restarted/stop-daemon (1.44s)
        daemon.go:296: [d46dbe25dde99] waiting for daemon to start
        daemon.go:328: [d46dbe25dde99] daemon started
        daemon.go:283: [d46dbe25dde99] exiting daemon
        daemon.go:296: [d46dbe25dde99] waiting for daemon to start
        daemon.go:328: [d46dbe25dde99] daemon started
        daemon.go:283: [d46dbe25dde99] exiting daemon
    --- PASS: TestDaemonRestartKillContainers/live-restore=true/container_created_should_not_be_restarted/kill-daemon (1.43s)
        daemon.go:296: [d79a95bfcf3ce] waiting for daemon to start
        daemon.go:328: [d79a95bfcf3ce] daemon started
        daemon.go:296: [d79a95bfcf3ce] waiting for daemon to start
        daemon.go:328: [d79a95bfcf3ce] daemon started
        daemon.go:283: [d79a95bfcf3ce] exiting daemon
    --- PASS: TestDaemonRestartKillContainers/live-restore=false/container_created_should_not_be_restarted/stop-daemon (1.38s)
        daemon.go:296: [dffa8013f034e] waiting for daemon to start
        daemon.go:328: [dffa8013f034e] daemon started
        daemon.go:283: [dffa8013f034e] exiting daemon
        daemon.go:296: [dffa8013f034e] waiting for daemon to start
        daemon.go:328: [dffa8013f034e] daemon started
        daemon.go:283: [dffa8013f034e] exiting daemon
    --- PASS: TestDaemonRestartKillContainers/live-restore=true/container_with_restart=always/stop-daemon (2.18s)
        daemon.go:296: [d3e74c9654866] waiting for daemon to start
        daemon.go:328: [d3e74c9654866] daemon started
        daemon.go:283: [d3e74c9654866] exiting daemon
        daemon.go:296: [d3e74c9654866] waiting for daemon to start
        daemon.go:328: [d3e74c9654866] daemon started
        daemon.go:283: [d3e74c9654866] exiting daemon
=== RUN   TestKernelTCPMemory
--- PASS: TestKernelTCPMemory (1.03s)
=== RUN   TestNISDomainname
--- PASS: TestNISDomainname (1.09s)
=== RUN   TestStats
--- PASS: TestStats (2.34s)
=== RUN   TestStopContainerWithTimeout
=== RUN   TestStopContainerWithTimeout/0
=== PAUSE TestStopContainerWithTimeout/0
=== RUN   TestStopContainerWithTimeout/1
=== PAUSE TestStopContainerWithTimeout/1
=== RUN   TestStopContainerWithTimeout/3
=== PAUSE TestStopContainerWithTimeout/3
=== RUN   TestStopContainerWithTimeout/-1
=== PAUSE TestStopContainerWithTimeout/-1
=== CONT  TestStopContainerWithTimeout/0
=== CONT  TestStopContainerWithTimeout/-1
=== CONT  TestStopContainerWithTimeout/3
=== CONT  TestStopContainerWithTimeout/1
--- PASS: TestStopContainerWithTimeout (0.00s)
    --- PASS: TestStopContainerWithTimeout/0 (0.92s)
    --- PASS: TestStopContainerWithTimeout/-1 (2.99s)
    --- PASS: TestStopContainerWithTimeout/3 (2.92s)
    --- PASS: TestStopContainerWithTimeout/1 (1.86s)
=== RUN   TestDeleteDevicemapper
--- SKIP: TestDeleteDevicemapper (0.01s)
    stop_linux_test.go:74: testEnv.DaemonInfo.Driver != "devicemapper"
=== RUN   TestStopContainerWithRestartPolicyAlways
--- PASS: TestStopContainerWithRestartPolicyAlways (3.36s)
=== RUN   TestUpdateMemory
--- SKIP: TestUpdateMemory (0.00s)
    update_linux_test.go:21: !testEnv.DaemonInfo.SwapLimit
=== RUN   TestUpdateCPUQuota
--- PASS: TestUpdateCPUQuota (1.33s)
=== RUN   TestUpdateRestartPolicy
--- PASS: TestUpdateRestartPolicy (12.78s)
=== RUN   TestUpdateRestartWithAutoRemove
--- PASS: TestUpdateRestartWithAutoRemove (0.89s)
=== RUN   TestWaitNonBlocked
=== RUN   TestWaitNonBlocked/wait-nonblocking-exit-0
=== PAUSE TestWaitNonBlocked/wait-nonblocking-exit-0
=== RUN   TestWaitNonBlocked/wait-nonblocking-exit-random
=== PAUSE TestWaitNonBlocked/wait-nonblocking-exit-random
=== CONT  TestWaitNonBlocked/wait-nonblocking-exit-0
=== CONT  TestWaitNonBlocked/wait-nonblocking-exit-random
--- PASS: TestWaitNonBlocked (0.02s)
    --- PASS: TestWaitNonBlocked/wait-nonblocking-exit-0 (0.93s)
    --- PASS: TestWaitNonBlocked/wait-nonblocking-exit-random (1.01s)
=== RUN   TestWaitBlocked
=== RUN   TestWaitBlocked/test-wait-blocked-exit-zero
=== PAUSE TestWaitBlocked/test-wait-blocked-exit-zero
=== RUN   TestWaitBlocked/test-wait-blocked-exit-random
=== PAUSE TestWaitBlocked/test-wait-blocked-exit-random
=== CONT  TestWaitBlocked/test-wait-blocked-exit-zero
=== CONT  TestWaitBlocked/test-wait-blocked-exit-random
--- PASS: TestWaitBlocked (0.01s)
    --- PASS: TestWaitBlocked/test-wait-blocked-exit-zero (0.91s)
    --- PASS: TestWaitBlocked/test-wait-blocked-exit-random (0.98s)
=== CONT  TestContainerStartOnDaemonRestart
--- PASS: TestContainerStartOnDaemonRestart (2.77s)
    daemon.go:296: [d9b84becca0e1] waiting for daemon to start
    daemon.go:328: [d9b84becca0e1] daemon started
    daemon.go:296: [d9b84becca0e1] waiting for daemon to start
    daemon.go:328: [d9b84becca0e1] daemon started
    daemon.go:283: [d9b84becca0e1] exiting daemon
PASS
Running /go/src/github.com/docker/docker/integration/system
INFO: Testing against a local daemon
=== RUN   TestCgroupDriverSystemdMemoryLimit
=== PAUSE TestCgroupDriverSystemdMemoryLimit
=== RUN   TestEventsExecDie
--- PASS: TestEventsExecDie (0.95s)
=== RUN   TestEventsBackwardsCompatible
--- PASS: TestEventsBackwardsCompatible (0.07s)
=== RUN   TestInfoBinaryCommits
--- PASS: TestInfoBinaryCommits (0.02s)
=== RUN   TestInfoAPIVersioned
--- PASS: TestInfoAPIVersioned (0.02s)
=== RUN   TestInfoAPI
--- PASS: TestInfoAPI (0.01s)
=== RUN   TestInfoAPIWarnings
--- PASS: TestInfoAPIWarnings (0.83s)
    daemon.go:296: [d9c5972ff8520] waiting for daemon to start
    daemon.go:328: [d9c5972ff8520] daemon started
    daemon.go:283: [d9c5972ff8520] exiting daemon
=== RUN   TestLoginFailsWithBadCredentials
--- PASS: TestLoginFailsWithBadCredentials (0.47s)
=== RUN   TestVersion
--- PASS: TestVersion (0.01s)
=== CONT  TestCgroupDriverSystemdMemoryLimit
--- SKIP: TestCgroupDriverSystemdMemoryLimit (0.00s)
    cgroupdriver_systemd_test.go:35: systemd not available
PASS
Running /go/src/github.com/docker/docker/integration/volume
INFO: Testing against a local daemon
=== RUN   TestVolumesCreateAndList
--- PASS: TestVolumesCreateAndList (0.01s)
=== RUN   TestVolumesRemove
--- PASS: TestVolumesRemove (0.08s)
=== RUN   TestVolumesInspect
--- PASS: TestVolumesInspect (0.01s)
=== RUN   TestVolumesInvalidJSON
=== RUN   TestVolumesInvalidJSON//volumes/create
=== PAUSE TestVolumesInvalidJSON//volumes/create
=== CONT  TestVolumesInvalidJSON//volumes/create
--- PASS: TestVolumesInvalidJSON (0.01s)
    --- PASS: TestVolumesInvalidJSON//volumes/create (0.00s)
PASS
Running /go/src/github.com/docker/docker/integration/build
INFO: Testing against a local daemon
=== RUN   TestBuildWithSession
--- PASS: TestBuildWithSession (4.15s)
    daemon.go:296: [dfdceceea69ed] waiting for daemon to start
    daemon.go:328: [dfdceceea69ed] daemon started
    daemon.go:283: [dfdceceea69ed] exiting daemon
=== RUN   TestBuildSquashParent
--- SKIP: TestBuildSquashParent (0.00s)
    build_squash_test.go:23: !testEnv.DaemonInfo.ExperimentalBuild
=== RUN   TestBuildWithRemoveAndForceRemove
=== RUN   TestBuildWithRemoveAndForceRemove/successful_build_with_no_removal
=== PAUSE TestBuildWithRemoveAndForceRemove/successful_build_with_no_removal
=== RUN   TestBuildWithRemoveAndForceRemove/successful_build_with_remove
=== PAUSE TestBuildWithRemoveAndForceRemove/successful_build_with_remove
=== RUN   TestBuildWithRemoveAndForceRemove/successful_build_with_remove_and_force_remove
=== PAUSE TestBuildWithRemoveAndForceRemove/successful_build_with_remove_and_force_remove
=== RUN   TestBuildWithRemoveAndForceRemove/failed_build_with_no_removal
=== PAUSE TestBuildWithRemoveAndForceRemove/failed_build_with_no_removal
=== RUN   TestBuildWithRemoveAndForceRemove/failed_build_with_remove
=== PAUSE TestBuildWithRemoveAndForceRemove/failed_build_with_remove
=== RUN   TestBuildWithRemoveAndForceRemove/failed_build_with_remove_and_force_remove
=== PAUSE TestBuildWithRemoveAndForceRemove/failed_build_with_remove_and_force_remove
=== CONT  TestBuildWithRemoveAndForceRemove/successful_build_with_no_removal
=== CONT  TestBuildWithRemoveAndForceRemove/failed_build_with_remove_and_force_remove
=== CONT  TestBuildWithRemoveAndForceRemove/failed_build_with_remove
=== CONT  TestBuildWithRemoveAndForceRemove/failed_build_with_no_removal
=== CONT  TestBuildWithRemoveAndForceRemove/successful_build_with_remove_and_force_remove
=== CONT  TestBuildWithRemoveAndForceRemove/successful_build_with_remove
--- PASS: TestBuildWithRemoveAndForceRemove (0.01s)
    --- PASS: TestBuildWithRemoveAndForceRemove/failed_build_with_remove_and_force_remove (2.75s)
    --- PASS: TestBuildWithRemoveAndForceRemove/successful_build_with_no_removal (2.81s)
    --- PASS: TestBuildWithRemoveAndForceRemove/failed_build_with_no_removal (2.82s)
    --- PASS: TestBuildWithRemoveAndForceRemove/failed_build_with_remove (2.97s)
    --- PASS: TestBuildWithRemoveAndForceRemove/successful_build_with_remove_and_force_remove (2.15s)
    --- PASS: TestBuildWithRemoveAndForceRemove/successful_build_with_remove (2.95s)
=== RUN   TestBuildMultiStageParentConfig
--- PASS: TestBuildMultiStageParentConfig (35.15s)
    build_test.go:162: [{-1 1546870012 sha256:49fe8bdd575c9980a9aa02d09765c3ee5b91184fbc320bb3d49b47c92573217a map[] sha256:4e159255cebcfae58750e7220325e9e7a6d9b9c57f6d0bd8ee375d7879d6992f [] [build1:latest] -1 4459754 4459754} {-1 1546870011 sha256:a57a9e8b0b51bbd18fc74295ed0fb29efe352df0ef9b79fdde1bc194410a43c7 map[] sha256:b8545bd5299c8b259437da1d469e9faa2ecb548fa4e48bd95cf65ebddd174edf [<none>@<none>] [<none>:<none>] -1 4459754 4459754} {-1 1546870006 sha256:d5a1974842ba4c6dab8d59f21c2e2f91e58eda95d050d2b0e43edb3f184ff0b2 map[] sha256:36e9590454976dc0eb44c15bc80fe4fbd52aaa91df37ec76cd3ed245e1a12829 [<none>@<none>] [<none>:<none>] -1 4459754 4459754} {-1 1546870005 sha256:8ca4def4dc32845b7f35c38d0f633a16a13ba216a2e9386c4525313f7b2d94e5 map[] sha256:36e9590454976dc0eb44c15bc80fe4fbd52aaa91df37ec76cd3ed245e1a12829 [<none>@<none>] [<none>:<none>] -1 4459754 4459754} {-1 1546870003 sha256:310f0935a73f88bf93badd78bfa1d8934343d26ac10d79bcf3c35943b77fc8b9 map[] sha256:36e9590454976dc0eb44c15bc80fe4fbd52aaa91df37ec76cd3ed245e1a12829 [<none>@<none>] [<none>:<none>] -1 4459754 4459754} {-1 1546870003 sha256:473f9dffd3b67da8873c5487119b1ed7921d86e877573bb76f447f03893f79ba map[] sha256:36e9590454976dc0eb44c15bc80fe4fbd52aaa91df37ec76cd3ed245e1a12829 [<none>@<none>] [<none>:<none>] -1 4459754 4459754} {-1 1546870000 sha256:424c94324ebc2e53fb873a53d5e22cf2a612482682a8ab75bf18136bfd74f855 map[] sha256:36e9590454976dc0eb44c15bc80fe4fbd52aaa91df37ec76cd3ed245e1a12829 [<none>@<none>] [<none>:<none>] -1 4459754 4459754} {-1 1546870000 sha256:7d75d385f8940dc230ee00840e70b368a405ef105d5a393602d769536038b111 map[] sha256:36e9590454976dc0eb44c15bc80fe4fbd52aaa91df37ec76cd3ed245e1a12829 [<none>@<none>] [<none>:<none>] -1 4459754 4459754} {-1 1516785504 sha256:1e1e09d79a9fd4fa5faae6a9f150ecfe3e403a3efdfb78666c67227e656988b2 map[]  [] [busybox:glibc] -1 4476202 4476202} {-1 1511271291 sha256:3ab301db05ea4e52e26aadb6daabc1222e58c0be7cfa2b8945443d801b6b9585 map[]  [] [hello-world:frozen] -1 1976 1976} {-1 1509640958 sha256:9b0236353396efce03211408c208e6f90f31e7636682fa01f5eb4e38bbf571d6 map[]  [] [buildpack-deps:jessie] -1 595217275 595217275} {-1 1509610708 sha256:36e9590454976dc0eb44c15bc80fe4fbd52aaa91df37ec76cd3ed245e1a12829 map[]  [] [busybox:latest] -1 4459754 4459754} {-1 1507585344 sha256:de6513af1fcb9db380e4954f276ea347858dcb7bff0299953aa25c4abd54bc0b map[]  [] [debian:jessie] -1 129082379 129082379} {-1 1371157430 sha256:11f64303f0f7ffdc71f001788132bca5346831939a956e3e975c93267d89a16d map[]  [] [emptyfs:latest] -1 0 0}]
=== RUN   TestBuildLabelWithTargets
--- PASS: TestBuildLabelWithTargets (8.00s)
=== RUN   TestBuildWithEmptyLayers
--- PASS: TestBuildWithEmptyLayers (3.00s)
=== RUN   TestBuildMultiStageOnBuild
--- PASS: TestBuildMultiStageOnBuild (5.01s)
=== RUN   TestBuildUncleanTarFilenames
--- PASS: TestBuildUncleanTarFilenames (1.11s)
=== RUN   TestBuildMultiStageLayerLeak
--- PASS: TestBuildMultiStageLayerLeak (4.89s)
=== RUN   TestBuildWithHugeFile
--- PASS: TestBuildWithHugeFile (25.44s)
PASS
Running /go/src/github.com/docker/docker/integration/network
INFO: Testing against a local daemon
=== RUN   TestNetworkCreateDelete
--- PASS: TestNetworkCreateDelete (0.22s)
=== RUN   TestDockerNetworkDeletePreferID
--- PASS: TestDockerNetworkDeletePreferID (0.53s)
=== RUN   TestInspectNetwork
--- PASS: TestInspectNetwork (26.06s)
    daemon.go:296: [d2e26f4b0599c] waiting for daemon to start
    daemon.go:328: [d2e26f4b0599c] daemon started
    daemon.go:283: [d2e26f4b0599c] exiting daemon
=== RUN   TestRunContainerWithBridgeNone
--- PASS: TestRunContainerWithBridgeNone (2.34s)
    daemon.go:296: [d6dffed96b652] waiting for daemon to start
    daemon.go:328: [d6dffed96b652] daemon started
    daemon.go:283: [d6dffed96b652] exiting daemon
=== RUN   TestNetworkInvalidJSON
=== RUN   TestNetworkInvalidJSON//networks/create
=== PAUSE TestNetworkInvalidJSON//networks/create
=== RUN   TestNetworkInvalidJSON//networks/bridge/connect
=== PAUSE TestNetworkInvalidJSON//networks/bridge/connect
=== RUN   TestNetworkInvalidJSON//networks/bridge/disconnect
=== PAUSE TestNetworkInvalidJSON//networks/bridge/disconnect
=== CONT  TestNetworkInvalidJSON//networks/create
=== CONT  TestNetworkInvalidJSON//networks/bridge/disconnect
=== CONT  TestNetworkInvalidJSON//networks/bridge/connect
--- PASS: TestNetworkInvalidJSON (0.02s)
    --- PASS: TestNetworkInvalidJSON//networks/bridge/disconnect (0.00s)
    --- PASS: TestNetworkInvalidJSON//networks/create (0.00s)
    --- PASS: TestNetworkInvalidJSON//networks/bridge/connect (0.00s)
=== RUN   TestDaemonRestartWithLiveRestore
--- PASS: TestDaemonRestartWithLiveRestore (1.03s)
    daemon.go:296: [dda86d278cf87] waiting for daemon to start
    daemon.go:328: [dda86d278cf87] daemon started
    daemon.go:283: [dda86d278cf87] exiting daemon
    daemon.go:296: [dda86d278cf87] waiting for daemon to start
    daemon.go:328: [dda86d278cf87] daemon started
    daemon.go:283: [dda86d278cf87] exiting daemon
=== RUN   TestDaemonDefaultNetworkPools
--- PASS: TestDaemonDefaultNetworkPools (0.81s)
    daemon.go:296: [d9067e4bc3c4b] waiting for daemon to start
    daemon.go:328: [d9067e4bc3c4b] daemon started
    daemon.go:283: [d9067e4bc3c4b] exiting daemon
=== RUN   TestDaemonRestartWithExistingNetwork
--- PASS: TestDaemonRestartWithExistingNetwork (1.19s)
    daemon.go:296: [d05925a3abe9b] waiting for daemon to start
    daemon.go:328: [d05925a3abe9b] daemon started
    daemon.go:283: [d05925a3abe9b] exiting daemon
    daemon.go:296: [d05925a3abe9b] waiting for daemon to start
    daemon.go:328: [d05925a3abe9b] daemon started
    daemon.go:283: [d05925a3abe9b] exiting daemon
=== RUN   TestDaemonRestartWithExistingNetworkWithDefaultPoolRange
--- PASS: TestDaemonRestartWithExistingNetworkWithDefaultPoolRange (1.29s)
    daemon.go:296: [d79414e3a5814] waiting for daemon to start
    daemon.go:328: [d79414e3a5814] daemon started
    daemon.go:283: [d79414e3a5814] exiting daemon
    daemon.go:296: [d79414e3a5814] waiting for daemon to start
    daemon.go:328: [d79414e3a5814] daemon started
    daemon.go:283: [d79414e3a5814] exiting daemon
=== RUN   TestDaemonWithBipAndDefaultNetworkPool
--- PASS: TestDaemonWithBipAndDefaultNetworkPool (0.60s)
    daemon.go:296: [d9871a5f0e330] waiting for daemon to start
    daemon.go:328: [d9871a5f0e330] daemon started
    daemon.go:283: [d9871a5f0e330] exiting daemon
=== RUN   TestServiceWithPredefinedNetwork
--- PASS: TestServiceWithPredefinedNetwork (2.88s)
    daemon.go:296: [d789d4b55805b] waiting for daemon to start
    daemon.go:328: [d789d4b55805b] daemon started
    daemon.go:283: [d789d4b55805b] exiting daemon
=== RUN   TestServiceRemoveKeepsIngressNetwork
--- PASS: TestServiceRemoveKeepsIngressNetwork (12.84s)
    daemon.go:296: [dc8dbddd6d54f] waiting for daemon to start
    daemon.go:328: [dc8dbddd6d54f] daemon started
    daemon.go:283: [dc8dbddd6d54f] exiting daemon
=== RUN   TestServiceWithDataPathPortInit
--- PASS: TestServiceWithDataPathPortInit (5.69s)
    daemon.go:296: [d09eed795dc8e] waiting for daemon to start
    daemon.go:328: [d09eed795dc8e] daemon started
    daemon.go:283: [d09eed795dc8e] exiting daemon
    daemon.go:296: [d443b8ca768c9] waiting for daemon to start
    daemon.go:328: [d443b8ca768c9] daemon started
    daemon.go:283: [d443b8ca768c9] exiting daemon
=== RUN   TestServiceWithDefaultAddressPoolInit
--- PASS: TestServiceWithDefaultAddressPoolInit (5.58s)
    daemon.go:296: [ddbe57d3a6735] waiting for daemon to start
    daemon.go:328: [ddbe57d3a6735] daemon started
    service_test.go:420: TestServiceWithDefaultAddressPoolInit: NetworkInspect: {Name:saanvisthiraTestServiceWithDefaultAddressPoolInit ID:8kr3xsn8b5ht1lyf5soy4mhnz Created:2019-01-07 14:09:07.723633662 +0000 UTC Scope:swarm Driver:overlay EnableIPv6:false IPAM:{Driver:default Options:map[] Config:[{Subnet:20.20.0.0/24 IPRange: Gateway:20.20.0.1 AuxAddress:map[]}]} Internal:false Attachable:false Ingress:false ConfigFrom:{Network:} ConfigOnly:false Containers:map[] Options:map[com.docker.network.driver.overlay.vxlanid_list:4097] Labels:map[] Peers:[] Services:map[]}
    daemon.go:283: [ddbe57d3a6735] exiting daemon
    daemon.go:296: [d3ff335a498c2] waiting for daemon to start
    daemon.go:328: [d3ff335a498c2] daemon started
    daemon.go:283: [d3ff335a498c2] exiting daemon
PASS
Running /go/src/github.com/docker/docker/integration/network/ipvlan
INFO: Testing against a local daemon
=== RUN   TestDockerNetworkIpvlanPersistance
--- PASS: TestDockerNetworkIpvlanPersistance (1.41s)
    daemon.go:296: [da4e6369d84e1] waiting for daemon to start
    daemon.go:328: [da4e6369d84e1] daemon started
    daemon.go:283: [da4e6369d84e1] exiting daemon
    daemon.go:296: [da4e6369d84e1] waiting for daemon to start
    daemon.go:328: [da4e6369d84e1] daemon started
    daemon.go:283: [da4e6369d84e1] exiting daemon
=== RUN   TestDockerNetworkIpvlan
=== RUN   TestDockerNetworkIpvlan/Subinterface
=== RUN   TestDockerNetworkIpvlan/OverlapParent
=== RUN   TestDockerNetworkIpvlan/L2NilParent
=== RUN   TestDockerNetworkIpvlan/L2InternalMode
=== RUN   TestDockerNetworkIpvlan/L3NilParent
=== RUN   TestDockerNetworkIpvlan/L3InternalMode
=== RUN   TestDockerNetworkIpvlan/L2MultiSubnet
=== RUN   TestDockerNetworkIpvlan/L3MultiSubnet
=== RUN   TestDockerNetworkIpvlan/Addressing
--- PASS: TestDockerNetworkIpvlan (114.38s)
    daemon.go:296: [d44b5e2ca42c9] waiting for daemon to start
    daemon.go:328: [d44b5e2ca42c9] daemon started
    --- PASS: TestDockerNetworkIpvlan/Subinterface (0.13s)
    daemon.go:283: [d44b5e2ca42c9] exiting daemon
    daemon.go:296: [d602a12d42174] waiting for daemon to start
    daemon.go:328: [d602a12d42174] daemon started
    --- PASS: TestDockerNetworkIpvlan/OverlapParent (0.06s)
    daemon.go:283: [d602a12d42174] exiting daemon
    daemon.go:296: [d85206be8f48e] waiting for daemon to start
    daemon.go:328: [d85206be8f48e] daemon started
    --- PASS: TestDockerNetworkIpvlan/L2NilParent (1.13s)
    daemon.go:283: [d85206be8f48e] exiting daemon
    daemon.go:296: [d497f63f9084c] waiting for daemon to start
    daemon.go:328: [d497f63f9084c] daemon started
    --- PASS: TestDockerNetworkIpvlan/L2InternalMode (2.10s)
    daemon.go:283: [d497f63f9084c] exiting daemon
    daemon.go:296: [de9edcba40798] waiting for daemon to start
    daemon.go:328: [de9edcba40798] daemon started
    --- PASS: TestDockerNetworkIpvlan/L3NilParent (16.10s)
    daemon.go:283: [de9edcba40798] exiting daemon
    daemon.go:296: [d252adf4dad60] waiting for daemon to start
    daemon.go:328: [d252adf4dad60] daemon started
    --- PASS: TestDockerNetworkIpvlan/L3InternalMode (17.13s)
    daemon.go:283: [d252adf4dad60] exiting daemon
    daemon.go:296: [de147d4d0aef3] waiting for daemon to start
    daemon.go:328: [de147d4d0aef3] daemon started
    --- PASS: TestDockerNetworkIpvlan/L2MultiSubnet (17.73s)
    daemon.go:283: [de147d4d0aef3] exiting daemon
    daemon.go:296: [d51e740aad84c] waiting for daemon to start
    daemon.go:328: [d51e740aad84c] daemon started
    --- PASS: TestDockerNetworkIpvlan/L3MultiSubnet (17.55s)
    daemon.go:283: [d51e740aad84c] exiting daemon
    daemon.go:296: [dd7c6fc212c99] waiting for daemon to start
    daemon.go:328: [dd7c6fc212c99] daemon started
    --- PASS: TestDockerNetworkIpvlan/Addressing (31.59s)
    daemon.go:283: [dd7c6fc212c99] exiting daemon
PASS
Running /go/src/github.com/docker/docker/integration/network/macvlan
INFO: Testing against a local daemon
=== RUN   TestDockerNetworkMacvlanPersistance
--- PASS: TestDockerNetworkMacvlanPersistance (1.43s)
    daemon.go:296: [d6a14ea6460cd] waiting for daemon to start
    daemon.go:328: [d6a14ea6460cd] daemon started
    daemon.go:283: [d6a14ea6460cd] exiting daemon
    daemon.go:296: [d6a14ea6460cd] waiting for daemon to start
    daemon.go:328: [d6a14ea6460cd] daemon started
    daemon.go:283: [d6a14ea6460cd] exiting daemon
=== RUN   TestDockerNetworkMacvlan
=== RUN   TestDockerNetworkMacvlan/Subinterface
=== RUN   TestDockerNetworkMacvlan/OverlapParent
=== RUN   TestDockerNetworkMacvlan/NilParent
=== RUN   TestDockerNetworkMacvlan/InternalMode
=== RUN   TestDockerNetworkMacvlan/Addressing
--- PASS: TestDockerNetworkMacvlan (24.47s)
    daemon.go:296: [d2d8d3431240a] waiting for daemon to start
    daemon.go:328: [d2d8d3431240a] daemon started
    --- PASS: TestDockerNetworkMacvlan/Subinterface (0.07s)
    daemon.go:283: [d2d8d3431240a] exiting daemon
    daemon.go:296: [d98d8ca5d0546] waiting for daemon to start
    daemon.go:328: [d98d8ca5d0546] daemon started
    --- PASS: TestDockerNetworkMacvlan/OverlapParent (0.11s)
    daemon.go:283: [d98d8ca5d0546] exiting daemon
    daemon.go:296: [dec338801edd6] waiting for daemon to start
    daemon.go:328: [dec338801edd6] daemon started
    --- PASS: TestDockerNetworkMacvlan/NilParent (1.14s)
    daemon.go:283: [dec338801edd6] exiting daemon
    daemon.go:296: [da979029d5ad2] waiting for daemon to start
    daemon.go:328: [da979029d5ad2] daemon started
    --- PASS: TestDockerNetworkMacvlan/InternalMode (2.19s)
    daemon.go:283: [da979029d5ad2] exiting daemon
    daemon.go:296: [deeb2dbdac680] waiting for daemon to start
    daemon.go:328: [deeb2dbdac680] daemon started
    --- PASS: TestDockerNetworkMacvlan/Addressing (15.77s)
    daemon.go:283: [deeb2dbdac680] exiting daemon
PASS
Running /go/src/github.com/docker/docker/integration/service
INFO: Testing against a local daemon
=== RUN   TestServiceCreateInit
=== RUN   TestServiceCreateInit/daemonInitDisabled
=== RUN   TestServiceCreateInit/daemonInitEnabled
--- PASS: TestServiceCreateInit (9.69s)
    --- PASS: TestServiceCreateInit/daemonInitDisabled (4.76s)
        daemon.go:296: [ddc314717701b] waiting for daemon to start
        daemon.go:328: [ddc314717701b] daemon started
        daemon.go:283: [ddc314717701b] exiting daemon
    --- PASS: TestServiceCreateInit/daemonInitEnabled (4.91s)
        daemon.go:296: [d5faad73691eb] waiting for daemon to start
        daemon.go:328: [d5faad73691eb] daemon started
        daemon.go:283: [d5faad73691eb] exiting daemon
=== RUN   TestCreateServiceMultipleTimes
--- PASS: TestCreateServiceMultipleTimes (27.34s)
    daemon.go:296: [d8c08dea472c7] waiting for daemon to start
    daemon.go:328: [d8c08dea472c7] daemon started
    daemon.go:283: [d8c08dea472c7] exiting daemon
=== RUN   TestCreateServiceConflict
--- PASS: TestCreateServiceConflict (2.91s)
    daemon.go:296: [de0ce1a7f9809] waiting for daemon to start
    daemon.go:328: [de0ce1a7f9809] daemon started
    daemon.go:283: [de0ce1a7f9809] exiting daemon
=== RUN   TestCreateServiceMaxReplicas
--- PASS: TestCreateServiceMaxReplicas (3.73s)
    daemon.go:296: [dc26347e9d7d1] waiting for daemon to start
    daemon.go:328: [dc26347e9d7d1] daemon started
    daemon.go:283: [dc26347e9d7d1] exiting daemon
=== RUN   TestCreateWithDuplicateNetworkNames
--- PASS: TestCreateWithDuplicateNetworkNames (14.03s)
    daemon.go:296: [db348d1030d06] waiting for daemon to start
    daemon.go:328: [db348d1030d06] daemon started
    daemon.go:283: [db348d1030d06] exiting daemon
=== RUN   TestCreateServiceSecretFileMode
--- PASS: TestCreateServiceSecretFileMode (3.58s)
    daemon.go:296: [dafb796fdd693] waiting for daemon to start
    daemon.go:328: [dafb796fdd693] daemon started
    daemon.go:283: [dafb796fdd693] exiting daemon
=== RUN   TestCreateServiceConfigFileMode
--- PASS: TestCreateServiceConfigFileMode (3.59s)
    daemon.go:296: [db7f894a5bd56] waiting for daemon to start
    daemon.go:328: [db7f894a5bd56] daemon started
    daemon.go:283: [db7f894a5bd56] exiting daemon
=== RUN   TestCreateServiceSysctls
--- PASS: TestCreateServiceSysctls (4.30s)
    daemon.go:296: [d601aa19efb71] waiting for daemon to start
    daemon.go:328: [d601aa19efb71] daemon started
    daemon.go:283: [d601aa19efb71] exiting daemon
=== RUN   TestInspect
--- PASS: TestInspect (2.91s)
    daemon.go:296: [ddb23410baaa4] waiting for daemon to start
    daemon.go:328: [ddb23410baaa4] daemon started
    daemon.go:283: [ddb23410baaa4] exiting daemon
=== RUN   TestDockerNetworkConnectAlias
--- PASS: TestDockerNetworkConnectAlias (6.14s)
    daemon.go:296: [d09ac6023b317] waiting for daemon to start
    daemon.go:328: [d09ac6023b317] daemon started
    daemon.go:283: [d09ac6023b317] exiting daemon
=== RUN   TestServicePlugin
--- SKIP: TestServicePlugin (0.01s)
    plugin_test.go:26: os.Getenv("DOCKER_ENGINE_GOARCH") != "amd64"
=== RUN   TestServiceUpdateLabel
--- PASS: TestServiceUpdateLabel (2.85s)
    daemon.go:296: [ddca1d21b00d7] waiting for daemon to start
    daemon.go:328: [ddca1d21b00d7] daemon started
    daemon.go:283: [ddca1d21b00d7] exiting daemon
=== RUN   TestServiceUpdateSecrets
--- PASS: TestServiceUpdateSecrets (2.95s)
    daemon.go:296: [d5082bd225d4a] waiting for daemon to start
    daemon.go:328: [d5082bd225d4a] daemon started
    daemon.go:283: [d5082bd225d4a] exiting daemon
=== RUN   TestServiceUpdateConfigs
--- FAIL: TestServiceUpdateConfigs (2.98s)
    daemon.go:296: [df0df57d3d487] waiting for daemon to start
    daemon.go:328: [df0df57d3d487] daemon started
    update_test.go:188: assertion failed: error is not nil: Error response from daemon: rpc error: code = Unknown desc = update out of sequence
    daemon.go:283: [df0df57d3d487] exiting daemon
FAIL
---> Making bundle: .integration-daemon-stop (in bundles/test-integration)
Clearing AppArmor profiles cache:.
All profile caches have been cleared, but no profiles have been unloaded.
Unloading profiles will leave already running processes permanently
unconfined, which can lead to unexpected situations.

To set a process to complain mode, use the command line tool
'aa-complain'. To really tear down all profiles, run the init script
with the 'teardown' option."
Removing test suite binaries
Build step 'Execute shell' marked build as failure
Set build name.
New build name is '#38415'
[PostBuildScript] - Executing post build scripts.
[Docker-PRs-s390x] $ /bin/sh -xe /tmp/jenkins3791392517481602419.sh
+ echo Chowning /workspace to jenkins user
Chowning /workspace to jenkins user
+ id -u
+ id -g
+ docker run --rm -v /home/jenkins/workspace/Docker-PRs-s390x:/workspace s390x/busybox chown -R 1001:1001 /workspace
[Docker-PRs-s390x] $ /bin/sh -xe /tmp/jenkins5995801176127300258.sh
+ echo Creating bundles.tar.gz
Creating bundles.tar.gz
+ xargs tar -czf bundles.tar.gz
+ find bundles -name *.log
Archiving artifacts
Notifying endpoint with url 'https://leeroy.dockerproject.org/notification/jenkins'
Finished: FAILURE
